core   0: 0x00001000 (0x00000297) auipc   t0, 0x0
core   0: 3 0x00001000 (0x00000297) x 5 0x00001000
core   0: 0x00001004 (0x02028593) addi    a1, t0, 32
core   0: 3 0x00001004 (0x02028593) x11 0x00001020
core   0: 0x00001008 (0xf1402573) csrr    a0, mhartid
core   0: 3 0x00001008 (0xf1402573) x10 0x00000000
core   0: 0x0000100c (0x0182a283) lw      t0, 24(t0)
core   0: 3 0x0000100c (0x0182a283) x 5 0x80000000 mem 0x00001018
core   0: 0x00001010 (0x00028067) jr      t0
core   0: 3 0x00001010 (0x00028067)
core   0: 0x80000000 (0xf14022f3) csrr    t0, mhartid
core   0: 3 0x80000000 (0xf14022f3) x 5 0x00000000
core   0: 0x80000004 (0x00004301) c.li    t1, 0
core   0: 3 0x80000004 (0x4301) x 6 0x00000000
core   0: 0x80000006 (0x00628263) beq     t0, t1, pc + 4
core   0: 3 0x80000006 (0x00628263)
core   0: 0x8000000a (0x00000a17) auipc   s4, 0x0
core   0: 3 0x8000000a (0x00000a17) x20 0x8000000a
core   0: 0x8000000e (0x00ca0a13) addi    s4, s4, 12
core   0: 3 0x8000000e (0x00ca0a13) x20 0x80000016
core   0: 0x80000012 (0x000a0067) jr      s4
core   0: 3 0x80000012 (0x000a0067)
core   0: 0x80000016 (0x400015b7) lui     a1, 0x40001
core   0: 3 0x80000016 (0x400015b7) x11 0x40001000
core   0: 0x8000001a (0x10458593) addi    a1, a1, 260
core   0: 3 0x8000001a (0x10458593) x11 0x40001104
core   0: 0x8000001e (0x30159073) csrw    misa, a1
core   0: 3 0x8000001e (0x30159073) c769_misa 0x40141104
core   0: 0x80000022 (0x00027817) auipc   a6, 0x27
core   0: 3 0x80000022 (0x00027817) x16 0x80027022
core   0: 0x80000026 (0xcc280813) addi    a6, a6, -830
core   0: 3 0x80000026 (0xcc280813) x16 0x80026ce4
core   0: 0x8000002a (0x0000c597) auipc   a1, 0xc
core   0: 3 0x8000002a (0x0000c597) x11 0x8000c02a
core   0: 0x8000002e (0x24658593) addi    a1, a1, 582
core   0: 3 0x8000002e (0x24658593) x11 0x8000c270
core   0: 0x80000032 (0x0015e593) ori     a1, a1, 1
core   0: 3 0x80000032 (0x0015e593) x11 0x8000c271
core   0: 0x80000036 (0x30559073) csrw    mtvec, a1
core   0: 3 0x80000036 (0x30559073) c773_mtvec 0x8000c271
core   0: 0x8000003a (0x00000597) auipc   a1, 0x0
core   0: 3 0x8000003a (0x00000597) x11 0x8000003a
core   0: 0x8000003e (0x02458593) addi    a1, a1, 36
core   0: 3 0x8000003e (0x02458593) x11 0x8000005e
core   0: 0x80000042 (0x34159073) csrw    mepc, a1
core   0: 3 0x80000042 (0x34159073) c833_mepc 0x8000005e
core   0: 0x80000046 (0x00000001) c.nop
core   0: 3 0x80000046 (0x0001)
core   0: 0x80000048 (0x000025b7) lui     a1, 0x2
core   0: 3 0x80000048 (0x000025b7) x11 0x00002000
core   0: 0x8000004c (0x80058593) addi    a1, a1, -2048
core   0: 3 0x8000004c (0x80058593) x11 0x00001800
core   0: 0x80000050 (0x30059073) csrw    mstatus, a1
core   0: 3 0x80000050 (0x30059073) c768_mstatus 0x00001800
core   0: 0x80000054 (0x00004581) c.li    a1, 0
core   0: 3 0x80000054 (0x4581) x11 0x00000000
core   0: 0x80000056 (0x30459073) csrw    mie, a1
core   0: 3 0x80000056 (0x30459073) c772_mie 0x00000000
core   0: 0x8000005a (0x30200073) mret
core   0: 3 0x8000005a (0x30200073) c768_mstatus 0x00000080
core   0: >>>>  init
core   0: 0x8000005e (0x00a00013) li      zero, 10
core   0: 3 0x8000005e (0x00a00013)
core   0: 0x80000062 (0x800000b7) lui     ra, 0x80000
core   0: 3 0x80000062 (0x800000b7) x 1 0x80000000
core   0: 0x80000066 (0x0000410d) c.li    sp, 3
core   0: 3 0x80000066 (0x410d) x 2 0x00000003
core   0: 0x80000068 (0xfbc081b7) lui     gp, 0xfbc08
core   0: 3 0x80000068 (0xfbc081b7) x 3 0xfbc08000
core   0: 0x8000006c (0xc5718193) addi    gp, gp, -937
core   0: 3 0x8000006c (0xc5718193) x 3 0xfbc07c57
core   0: 0x80000070 (0x80000237) lui     tp, 0x80000
core   0: 3 0x80000070 (0x80000237) x 4 0x80000000
core   0: 0x80000074 (0xfc7202b7) lui     t0, 0xfc720
core   0: 3 0x80000074 (0xfc7202b7) x 5 0xfc720000
core   0: 0x80000078 (0xc7828293) addi    t0, t0, -904
core   0: 3 0x80000078 (0xc7828293) x 5 0xfc71fc78
core   0: 0x8000007c (0x800003b7) lui     t2, 0x80000
core   0: 3 0x8000007c (0x800003b7) x 7 0x80000000
core   0: 0x80000080 (0x00004411) c.li    s0, 4
core   0: 3 0x80000080 (0x4411) x 8 0x00000004
core   0: 0x80000082 (0x000044b9) c.li    s1, 14
core   0: 3 0x80000082 (0x44b9) x 9 0x0000000e
core   0: 0x80000084 (0x00004535) c.li    a0, 13
core   0: 3 0x80000084 (0x4535) x10 0x0000000d
core   0: 0x80000086 (0xf843e5b7) lui     a1, 0xf843e
core   0: 3 0x80000086 (0xf843e5b7) x11 0xf843e000
core   0: 0x8000008a (0x6b058593) addi    a1, a1, 1712
core   0: 3 0x8000008a (0x6b058593) x11 0xf843e6b0
core   0: 0x8000008e (0xa117b637) lui     a2, 0xa117b
core   0: 3 0x8000008e (0xa117b637) x12 0xa117b000
core   0: 0x80000092 (0x85260613) addi    a2, a2, -1966
core   0: 3 0x80000092 (0x85260613) x12 0xa117a852
core   0: 0x80000096 (0x00004681) c.li    a3, 0
core   0: 3 0x80000096 (0x4681) x13 0x00000000
core   0: 0x80000098 (0x00004701) c.li    a4, 0
core   0: 3 0x80000098 (0x4701) x14 0x00000000
core   0: 0x8000009a (0x00004781) c.li    a5, 0
core   0: 3 0x8000009a (0x4781) x15 0x00000000
core   0: 0x8000009c (0x00004881) c.li    a7, 0
core   0: 3 0x8000009c (0x4881) x17 0x00000000
core   0: 0x8000009e (0xf7852937) lui     s2, 0xf7852
core   0: 3 0x8000009e (0xf7852937) x18 0xf7852000
core   0: 0x800000a2 (0xc6f90913) addi    s2, s2, -913
core   0: 3 0x800000a2 (0xc6f90913) x18 0xf7851c6f
core   0: 0x800000a6 (0x00004981) c.li    s3, 0
core   0: 3 0x800000a6 (0x4981) x19 0x00000000
core   0: 0x800000a8 (0xa72efa37) lui     s4, 0xa72ef
core   0: 3 0x800000a8 (0xa72efa37) x20 0xa72ef000
core   0: 0x800000ac (0x25ea0a13) addi    s4, s4, 606
core   0: 3 0x800000ac (0x25ea0a13) x20 0xa72ef25e
core   0: 0x800000b0 (0x80000ab7) lui     s5, 0x80000
core   0: 3 0x800000b0 (0x80000ab7) x21 0x80000000
core   0: 0x800000b4 (0x00004b1d) c.li    s6, 7
core   0: 3 0x800000b4 (0x4b1d) x22 0x00000007
core   0: 0x800000b6 (0xf6800bb7) lui     s7, 0xf6800
core   0: 3 0x800000b6 (0xf6800bb7) x23 0xf6800000
core   0: 0x800000ba (0x4edb8b93) addi    s7, s7, 1261
core   0: 3 0x800000ba (0x4edb8b93) x23 0xf68004ed
core   0: 0x800000be (0x00004c01) c.li    s8, 0
core   0: 3 0x800000be (0x4c01) x24 0x00000000
core   0: 0x800000c0 (0x80000cb7) lui     s9, 0x80000
core   0: 3 0x800000c0 (0x80000cb7) x25 0x80000000
core   0: 0x800000c4 (0x00004d01) c.li    s10, 0
core   0: 3 0x800000c4 (0x4d01) x26 0x00000000
core   0: 0x800000c6 (0x00004d81) c.li    s11, 0
core   0: 3 0x800000c6 (0x4d81) x27 0x00000000
core   0: 0x800000c8 (0xf8509e37) lui     t3, 0xf8509
core   0: 3 0x800000c8 (0xf8509e37) x28 0xf8509000
core   0: 0x800000cc (0xb90e0e13) addi    t3, t3, -1136
core   0: 3 0x800000cc (0xb90e0e13) x28 0xf8508b90
core   0: 0x800000d0 (0xf42d0eb7) lui     t4, 0xf42d0
core   0: 3 0x800000d0 (0xf42d0eb7) x29 0xf42d0000
core   0: 0x800000d4 (0xe88e8e93) addi    t4, t4, -376
core   0: 3 0x800000d4 (0xe88e8e93) x29 0xf42cfe88
core   0: 0x800000d8 (0x135dcf37) lui     t5, 0x135dc
core   0: 3 0x800000d8 (0x135dcf37) x30 0x135dc000
core   0: 0x800000dc (0xd36f0f13) addi    t5, t5, -714
core   0: 3 0x800000dc (0xd36f0f13) x30 0x135dbd36
core   0: 0x800000e0 (0x24d43fb7) lui     t6, 0x24d43
core   0: 3 0x800000e0 (0x24d43fb7) x31 0x24d43000
core   0: 0x800000e4 (0xb59f8f93) addi    t6, t6, -1191
core   0: 3 0x800000e4 (0xb59f8f93) x31 0x24d42b59
core   0: 0x800000e8 (0x00023317) auipc   t1, 0x23
core   0: 3 0x800000e8 (0x00023317) x 6 0x800230e8
core   0: 0x800000ec (0xd7c30313) addi    t1, t1, -644
core   0: 3 0x800000ec (0xd7c30313) x 6 0x80022e64
core   0: 0x800000f0 (0x00500513) li      a0, 5
core   0: 3 0x800000f0 (0x00500513) x10 0x00000005
core   0: 0x800000f4 (0x00008ead) c.xor   a3, a1
core   0: 3 0x800000f4 (0x8ead) x13 0xf843e6b0
core   0: 0x800000f6 (0x0ff0000f) fence   iorw,iorw
core   0: 3 0x800000f6 (0x0ff0000f)
core   0: 0x800000fa (0x00008e29) c.xor   a2, a0
core   0: 3 0x800000fa (0x8e29) x12 0xa117a857
core   0: 0x800000fc (0x00000241) c.addi  tp, 16
core   0: 3 0x800000fc (0x0241) x 4 0x80000010
core   0: 0x800000fe (0x000eabb3) slt     s7, t4, zero
core   0: 3 0x800000fe (0x000eabb3) x23 0x00000001
core   0: 0x80000102 (0x0000100f) fence.i
core   0: 3 0x80000102 (0x0000100f)
core   0: 0x80000106 (0x00008f15) c.sub   a4, a3
core   0: 3 0x80000106 (0x8f15) x14 0x07bc1950
core   0: 0x80000108 (0x98df2013) slti    zero, t5, -1651
core   0: 3 0x80000108 (0x98df2013)
core   0: 0x8000010c (0xff800e13) li      t3, -8
core   0: 3 0x8000010c (0xff800e13) x28 0xfffffff8
core   0: 0x80000110 (0x00008f31) c.xor   a4, a2
core   0: 3 0x80000110 (0x8f31) x14 0xa6abb107
core   0: 0x80000112 (0x000081d5) c.srli  a1, 21
core   0: 3 0x80000112 (0x81d5) x11 0x000007c2
core   0: 0x80000114 (0x000089ee) c.mv    s3, s11
core   0: 3 0x80000114 (0x89ee) x19 0x00000000
core   0: 0x80000116 (0x0111fcb3) and     s9, gp, a7
core   0: 3 0x80000116 (0x0111fcb3) x25 0x00000000
core   0: 0x8000011a (0x00008c5d) c.or    s0, a5
core   0: 3 0x8000011a (0x8c5d) x 8 0x00000004
core   0: 0x8000011c (0x51f93017) auipc   zero, 0x51f93
core   0: 3 0x8000011c (0x51f93017)
core   0: 0x80000120 (0x00001575) c.addi  a0, -3
core   0: 3 0x80000120 (0x1575) x10 0x00000002
core   0: 0x80000122 (0x00a79413) slli    s0, a5, 10
core   0: 3 0x80000122 (0x00a79413) x 8 0x00000000
core   0: 0x80000126 (0x75b22113) slti    sp, tp, 1883
core   0: 3 0x80000126 (0x75b22113) x 2 0x00000001
core   0: 0x8000012a (0xffc559e3) bge     a0, t3, pc - 14
core   0: 3 0x8000012a (0xffc559e3)
core   0: 0x8000011c (0x51f93017) auipc   zero, 0x51f93
core   0: 3 0x8000011c (0x51f93017)
core   0: 0x80000120 (0x00001575) c.addi  a0, -3
core   0: 3 0x80000120 (0x1575) x10 0xffffffff
core   0: 0x80000122 (0x00a79413) slli    s0, a5, 10
core   0: 3 0x80000122 (0x00a79413) x 8 0x00000000
core   0: 0x80000126 (0x75b22113) slti    sp, tp, 1883
core   0: 3 0x80000126 (0x75b22113) x 2 0x00000001
core   0: 0x8000012a (0xffc559e3) bge     a0, t3, pc - 14
core   0: 3 0x8000012a (0xffc559e3)
core   0: 0x8000011c (0x51f93017) auipc   zero, 0x51f93
core   0: 3 0x8000011c (0x51f93017)
core   0: 0x80000120 (0x00001575) c.addi  a0, -3
core   0: 3 0x80000120 (0x1575) x10 0xfffffffc
core   0: 0x80000122 (0x00a79413) slli    s0, a5, 10
core   0: 3 0x80000122 (0x00a79413) x 8 0x00000000
core   0: 0x80000126 (0x75b22113) slti    sp, tp, 1883
core   0: 3 0x80000126 (0x75b22113) x 2 0x00000001
core   0: 0x8000012a (0xffc559e3) bge     a0, t3, pc - 14
core   0: 3 0x8000012a (0xffc559e3)
core   0: 0x8000011c (0x51f93017) auipc   zero, 0x51f93
core   0: 3 0x8000011c (0x51f93017)
core   0: 0x80000120 (0x00001575) c.addi  a0, -3
core   0: 3 0x80000120 (0x1575) x10 0xfffffff9
core   0: 0x80000122 (0x00a79413) slli    s0, a5, 10
core   0: 3 0x80000122 (0x00a79413) x 8 0x00000000
core   0: 0x80000126 (0x75b22113) slti    sp, tp, 1883
core   0: 3 0x80000126 (0x75b22113) x 2 0x00000001
core   0: 0x8000012a (0xffc559e3) bge     a0, t3, pc - 14
core   0: 3 0x8000012a (0xffc559e3)
core   0: 0x8000011c (0x51f93017) auipc   zero, 0x51f93
core   0: 3 0x8000011c (0x51f93017)
core   0: 0x80000120 (0x00001575) c.addi  a0, -3
core   0: 3 0x80000120 (0x1575) x10 0xfffffff6
core   0: 0x80000122 (0x00a79413) slli    s0, a5, 10
core   0: 3 0x80000122 (0x00a79413) x 8 0x00000000
core   0: 0x80000126 (0x75b22113) slti    sp, tp, 1883
core   0: 3 0x80000126 (0x75b22113) x 2 0x00000001
core   0: 0x8000012a (0xffc559e3) bge     a0, t3, pc - 14
core   0: 3 0x8000012a (0xffc559e3)
core   0: 0x8000012e (0x039ffd33) remu    s10, t6, s9
core   0: 3 0x8000012e (0x039ffd33) x26 0x24d42b59
core   0: 0x80000132 (0xff900693) li      a3, -7
core   0: 3 0x80000132 (0xff900693) x13 0xfffffff9
core   0: 0x80000136 (0x00000001) c.nop
core   0: 3 0x80000136 (0x0001)
core   0: 0x80000138 (0x402983b3) sub     t2, s3, sp
core   0: 3 0x80000138 (0x402983b3) x 7 0xffffffff
core   0: 0x8000013c (0x6b2c7297) auipc   t0, 0x6b2c7
core   0: 3 0x8000013c (0x6b2c7297) x 5 0xeb2c713c
core   0: 0x80000140 (0x00000685) c.addi  a3, 1
core   0: 3 0x80000140 (0x0685) x13 0xfffffffa
core   0: 0x80000142 (0x0000dafd) c.beqz  a3, pc - 10
core   0: 3 0x80000142 (0xdafd)
core   0: 0x80000144 (0x00287b33) and     s6, a6, sp
core   0: 3 0x80000144 (0x00287b33) x22 0x00000000
core   0: 0x80000148 (0x00900513) li      a0, 9
core   0: 3 0x80000148 (0x00900513) x10 0x00000009
core   0: 0x8000014c (0x00900213) li      tp, 9
core   0: 3 0x8000014c (0x00900213) x 4 0x00000009
core   0: 0x80000150 (0x000084d9) c.srai  s1, 22
core   0: 3 0x80000150 (0x84d9) x 9 0x00000000
core   0: 0x80000152 (0x4024d693) srai    a3, s1, 2
core   0: 3 0x80000152 (0x4024d693) x13 0x00000000
core   0: 0x80000156 (0x000089ce) c.mv    s3, s3
core   0: 3 0x80000156 (0x89ce) x19 0x00000000
core   0: 0x80000158 (0xd2b8ec13) ori     s8, a7, -725
core   0: 3 0x80000158 (0xd2b8ec13) x24 0xfffffd2b
core   0: 0x8000015c (0x003053b3) srl     t2, zero, gp
core   0: 3 0x8000015c (0x003053b3) x 7 0x00000000
core   0: 0x80000160 (0x00001569) c.addi  a0, -6
core   0: 3 0x80000160 (0x1569) x10 0x00000003
core   0: 0x80000162 (0x00f67e33) and     t3, a2, a5
core   0: 3 0x80000162 (0x00f67e33) x28 0x00000000
core   0: 0x80000166 (0xff600413) li      s0, -10
core   0: 3 0x80000166 (0xff600413) x 8 0xfffffff6
core   0: 0x8000016a (0x0199e8b3) or      a7, s3, s9
core   0: 3 0x8000016a (0x0199e8b3) x17 0x00000000
core   0: 0x8000016e (0x0367ebb3) rem     s7, a5, s6
core   0: 3 0x8000016e (0x0367ebb3) x23 0x00000000
core   0: 0x80000172 (0x1ca60c93) addi    s9, a2, 458
core   0: 3 0x80000172 (0x1ca60c93) x25 0xa117aa21
core   0: 0x80000176 (0x40a15d33) sra     s10, sp, a0
core   0: 3 0x80000176 (0x40a15d33) x26 0x00000000
core   0: 0x8000017a (0x026c7693) andi    a3, s8, 38
core   0: 3 0x8000017a (0x026c7693) x13 0x00000022
core   0: 0x8000017e (0xa8aeba93) sltiu   s5, t4, -1398
core   0: 3 0x8000017e (0xa8aeba93) x21 0x00000001
core   0: 0x80000182 (0x00f00593) li      a1, 15
core   0: 3 0x80000182 (0x00f00593) x11 0x0000000f
core   0: 0x80000186 (0x00000001) c.nop
core   0: 3 0x80000186 (0x0001)
core   0: 0x80000188 (0x0037b733) sltu    a4, a5, gp
core   0: 3 0x80000188 (0x0037b733) x14 0x00000001
core   0: 0x8000018c (0x00000415) c.addi  s0, 5
core   0: 3 0x8000018c (0x0415) x 8 0xfffffffb
core   0: 0x8000018e (0x00000001) c.nop
core   0: 3 0x8000018e (0x0001)
core   0: 0x80000190 (0x02802b33) mulhsu  s6, zero, s0
core   0: 3 0x80000190 (0x02802b33) x22 0x00000000
core   0: 0x80000194 (0xfeb41ae3) bne     s0, a1, pc - 12
core   0: 3 0x80000194 (0xfeb41ae3)
core   0: 0x80000188 (0x0037b733) sltu    a4, a5, gp
core   0: 3 0x80000188 (0x0037b733) x14 0x00000001
core   0: 0x8000018c (0x00000415) c.addi  s0, 5
core   0: 3 0x8000018c (0x0415) x 8 0x00000000
core   0: 0x8000018e (0x00000001) c.nop
core   0: 3 0x8000018e (0x0001)
core   0: 0x80000190 (0x02802b33) mulhsu  s6, zero, s0
core   0: 3 0x80000190 (0x02802b33) x22 0x00000000
core   0: 0x80000194 (0xfeb41ae3) bne     s0, a1, pc - 12
core   0: 3 0x80000194 (0xfeb41ae3)
core   0: 0x80000188 (0x0037b733) sltu    a4, a5, gp
core   0: 3 0x80000188 (0x0037b733) x14 0x00000001
core   0: 0x8000018c (0x00000415) c.addi  s0, 5
core   0: 3 0x8000018c (0x0415) x 8 0x00000005
core   0: 0x8000018e (0x00000001) c.nop
core   0: 3 0x8000018e (0x0001)
core   0: 0x80000190 (0x02802b33) mulhsu  s6, zero, s0
core   0: 3 0x80000190 (0x02802b33) x22 0x00000000
core   0: 0x80000194 (0xfeb41ae3) bne     s0, a1, pc - 12
core   0: 3 0x80000194 (0xfeb41ae3)
core   0: 0x80000188 (0x0037b733) sltu    a4, a5, gp
core   0: 3 0x80000188 (0x0037b733) x14 0x00000001
core   0: 0x8000018c (0x00000415) c.addi  s0, 5
core   0: 3 0x8000018c (0x0415) x 8 0x0000000a
core   0: 0x8000018e (0x00000001) c.nop
core   0: 3 0x8000018e (0x0001)
core   0: 0x80000190 (0x02802b33) mulhsu  s6, zero, s0
core   0: 3 0x80000190 (0x02802b33) x22 0x00000000
core   0: 0x80000194 (0xfeb41ae3) bne     s0, a1, pc - 12
core   0: 3 0x80000194 (0xfeb41ae3)
core   0: 0x80000188 (0x0037b733) sltu    a4, a5, gp
core   0: 3 0x80000188 (0x0037b733) x14 0x00000001
core   0: 0x8000018c (0x00000415) c.addi  s0, 5
core   0: 3 0x8000018c (0x0415) x 8 0x0000000f
core   0: 0x8000018e (0x00000001) c.nop
core   0: 3 0x8000018e (0x0001)
core   0: 0x80000190 (0x02802b33) mulhsu  s6, zero, s0
core   0: 3 0x80000190 (0x02802b33) x22 0x00000000
core   0: 0x80000194 (0xfeb41ae3) bne     s0, a1, pc - 12
core   0: 3 0x80000194 (0xfeb41ae3)
core   0: 0x80000198 (0x02e6b133) mulhu   sp, a3, a4
core   0: 3 0x80000198 (0x02e6b133) x 2 0x00000000
core   0: 0x8000019c (0x09303713) sltiu   a4, zero, 147
core   0: 3 0x8000019c (0x09303713) x14 0x00000001
core   0: 0x800001a0 (0x000ecab3) xor     s5, t4, zero
core   0: 3 0x800001a0 (0x000ecab3) x21 0xf42cfe88
core   0: 0x800001a4 (0xfa4579e3) bgeu    a0, tp, pc - 78
core   0: 3 0x800001a4 (0xfa4579e3)
core   0: 0x800001a8 (0x0329a4b3) mulhsu  s1, s3, s2
core   0: 3 0x800001a8 (0x0329a4b3) x 9 0x00000000
core   0: 0x800001ac (0x00100f13) li      t5, 1
core   0: 3 0x800001ac (0x00100f13) x30 0x00000001
core   0: 0x800001b0 (0x017b0033) add     zero, s6, s7
core   0: 3 0x800001b0 (0x017b0033)
core   0: 0x800001b4 (0x00006e3d) c.lui   t3, 0xf
core   0: 3 0x800001b4 (0x6e3d) x28 0x0000f000
core   0: 0x800001b6 (0x00a8e433) or      s0, a7, a0
core   0: 3 0x800001b6 (0x00a8e433) x 8 0x00000003
core   0: 0x800001ba (0x019a67b3) or      a5, s4, s9
core   0: 3 0x800001ba (0x019a67b3) x15 0xa73ffa7f
core   0: 0x800001be (0x00a00b93) li      s7, 10
core   0: 3 0x800001be (0x00a00b93) x23 0x0000000a
core   0: 0x800001c2 (0x02d2fcb3) remu    s9, t0, a3
core   0: 3 0x800001c2 (0x02d2fcb3) x25 0x0000000a
core   0: 0x800001c6 (0x003b3b33) sltu    s6, s6, gp
core   0: 3 0x800001c6 (0x003b3b33) x22 0x00000001
core   0: 0x800001ca (0x009d5c33) srl     s8, s10, s1
core   0: 3 0x800001ca (0x009d5c33) x24 0x00000000
core   0: 0x800001ce (0x00008e11) c.sub   a2, a2
core   0: 3 0x800001ce (0x8e11) x12 0x00000000
core   0: 0x800001d0 (0x00000f25) c.addi  t5, 9
core   0: 3 0x800001d0 (0x0f25) x30 0x0000000a
core   0: 0x800001d2 (0x00000a96) c.slli  s5, 5
core   0: 3 0x800001d2 (0x0a96) x21 0x859fd100
core   0: 0x800001d4 (0xff7f67e3) bltu    t5, s7, pc - 18
core   0: 3 0x800001d4 (0xff7f67e3)
core   0: 0x800001d8 (0x00006179) c.addi16sp sp, 464
core   0: 3 0x800001d8 (0x6179) x 2 0x000001d0
core   0: 0x800001da (0xff600913) li      s2, -10
core   0: 3 0x800001da (0xff600913) x18 0xfffffff6
core   0: 0x800001de (0x00008ba9) c.andi  a5, 10
core   0: 3 0x800001de (0x8ba9) x15 0x0000000a
core   0: 0x800001e0 (0x40135133) sra     sp, t1, ra
core   0: 3 0x800001e0 (0x40135133) x 2 0x80022e64
core   0: 0x800001e4 (0x00a35e93) srli    t4, t1, 10
core   0: 3 0x800001e4 (0x00a35e93) x29 0x0020008b
core   0: 0x800001e8 (0x40095d33) sra     s10, s2, zero
core   0: 3 0x800001e8 (0x40095d33) x26 0xfffffff6
core   0: 0x800001ec (0x03c06233) rem     tp, zero, t3
core   0: 3 0x800001ec (0x03c06233) x 4 0x00000000
core   0: 0x800001f0 (0x40f3d193) srai    gp, t2, 15
core   0: 3 0x800001f0 (0x40f3d193) x 3 0x00000000
core   0: 0x800001f4 (0x00008f71) c.and   a4, a2
core   0: 3 0x800001f4 (0x8f71) x14 0x00000000
core   0: 0x800001f6 (0x020916b3) mulh    a3, s2, zero
core   0: 3 0x800001f6 (0x020916b3) x13 0x00000000
core   0: 0x800001fa (0x03182eb3) mulhsu  t4, a6, a7
core   0: 3 0x800001fa (0x03182eb3) x29 0x00000000
core   0: 0x800001fe (0x02b6c5b3) div     a1, a3, a1
core   0: 3 0x800001fe (0x02b6c5b3) x11 0x00000000
core   0: 0x80000202 (0x00008e91) c.sub   a3, a2
core   0: 3 0x80000202 (0x8e91) x13 0x00000000
core   0: 0x80000204 (0x01f25f33) srl     t5, tp, t6
core   0: 3 0x80000204 (0x01f25f33) x30 0x00000000
core   0: 0x80000208 (0x85d86213) ori     tp, a6, -1955
core   0: 3 0x80000208 (0x85d86213) x 4 0xfffffcfd
core   0: 0x8000020c (0x0000717d) c.addi16sp sp, -16
core   0: 3 0x8000020c (0x717d) x 2 0x80022e54
core   0: 0x8000020e (0x00a00f93) li      t6, 10
core   0: 3 0x8000020e (0x00a00f93) x31 0x0000000a
core   0: 0x80000212 (0x4b18b113) sltiu   sp, a7, 1201
core   0: 3 0x80000212 (0x4b18b113) x 2 0x00000001
core   0: 0x80000216 (0x018a6733) or      a4, s4, s8
core   0: 3 0x80000216 (0x018a6733) x14 0xa72ef25e
core   0: 0x8000021a (0xedc80093) addi    ra, a6, -292
core   0: 3 0x8000021a (0xedc80093) x 1 0x80026bc0
core   0: 0x8000021e (0x03ca5b33) divu    s6, s4, t3
core   0: 3 0x8000021e (0x03ca5b33) x22 0x0000b254
core   0: 0x80000222 (0x00000929) c.addi  s2, 10
core   0: 3 0x80000222 (0x0929) x18 0x00000000
core   0: 0x80000224 (0x410b5e33) sra     t3, s6, a6
core   0: 3 0x80000224 (0x410b5e33) x28 0x00000b25
core   0: 0x80000228 (0x011e3c33) sltu    s8, t3, a7
core   0: 3 0x80000228 (0x011e3c33) x24 0x00000000
core   0: 0x8000022c (0x0ff0000f) fence   iorw,iorw
core   0: 3 0x8000022c (0x0ff0000f)
core   0: 0x80000230 (0xfff961e3) bltu    s2, t6, pc - 30
core   0: 3 0x80000230 (0xfff961e3)
core   0: 0x80000212 (0x4b18b113) sltiu   sp, a7, 1201
core   0: 3 0x80000212 (0x4b18b113) x 2 0x00000001
core   0: 0x80000216 (0x018a6733) or      a4, s4, s8
core   0: 3 0x80000216 (0x018a6733) x14 0xa72ef25e
core   0: 0x8000021a (0xedc80093) addi    ra, a6, -292
core   0: 3 0x8000021a (0xedc80093) x 1 0x80026bc0
core   0: 0x8000021e (0x03ca5b33) divu    s6, s4, t3
core   0: 3 0x8000021e (0x03ca5b33) x22 0x000f005a
core   0: 0x80000222 (0x00000929) c.addi  s2, 10
core   0: 3 0x80000222 (0x0929) x18 0x0000000a
core   0: 0x80000224 (0x410b5e33) sra     t3, s6, a6
core   0: 3 0x80000224 (0x410b5e33) x28 0x0000f005
core   0: 0x80000228 (0x011e3c33) sltu    s8, t3, a7
core   0: 3 0x80000228 (0x011e3c33) x24 0x00000000
core   0: 0x8000022c (0x0ff0000f) fence   iorw,iorw
core   0: 3 0x8000022c (0x0ff0000f)
core   0: 0x80000230 (0xfff961e3) bltu    s2, t6, pc - 30
core   0: 3 0x80000230 (0xfff961e3)
core   0: 0x80000234 (0x4008d633) sra     a2, a7, zero
core   0: 3 0x80000234 (0x4008d633) x12 0x00000000
core   0: 0x80000238 (0xff900793) li      a5, -7
core   0: 3 0x80000238 (0xff900793) x15 0xfffffff9
core   0: 0x8000023c (0x00000001) c.nop
core   0: 3 0x8000023c (0x0001)
core   0: 0x8000023e (0x0000652d) c.lui   a0, 0xb
core   0: 3 0x8000023e (0x652d) x10 0x0000b000
core   0: 0x80000240 (0x0000079d) c.addi  a5, 7
core   0: 3 0x80000240 (0x079d) x15 0x00000000
core   0: 0x80000242 (0xff900c13) li      s8, -7
core   0: 3 0x80000242 (0xff900c13) x24 0xfffffff9
core   0: 0x80000246 (0x00500413) li      s0, 5
core   0: 3 0x80000246 (0x00500413) x 8 0x00000005
core   0: 0x8000024a (0x03066933) rem     s2, a2, a6
core   0: 3 0x8000024a (0x03066933) x18 0x00000000
core   0: 0x8000024e (0x00000c19) c.addi  s8, 6
core   0: 3 0x8000024e (0x0c19) x24 0xffffffff
core   0: 0x80000250 (0xfe8c0de3) beq     s8, s0, pc - 6
core   0: 3 0x80000250 (0xfe8c0de3)
core   0: 0x80000254 (0x0000f7ed) c.bnez  a5, pc - 22
core   0: 3 0x80000254 (0xf7ed)
core   0: 0x80000256 (0x006deab3) or      s5, s11, t1
core   0: 3 0x80000256 (0x006deab3) x21 0x80022e64
core   0: 0x8000025a (0xffe00093) li      ra, -2
core   0: 3 0x8000025a (0xffe00093) x 1 0xfffffffe
core   0: 0x8000025e (0x00b00113) li      sp, 11
core   0: 3 0x8000025e (0x00b00113) x 2 0x0000000b
core   0: 0x80000262 (0x00006dcd) c.lui   s11, 0x13
core   0: 3 0x80000262 (0x6dcd) x27 0x00013000
core   0: 0x80000264 (0x0000008d) c.addi  ra, 3
core   0: 3 0x80000264 (0x008d) x 1 0x00000001
core   0: 0x80000266 (0x00800293) li      t0, 8
core   0: 3 0x80000266 (0x00800293) x 5 0x00000008
core   0: 0x8000026a (0x002f9893) slli    a7, t6, 2
core   0: 3 0x8000026a (0x002f9893) x17 0x00000028
core   0: 0x8000026e (0x03c676b3) remu    a3, a2, t3
core   0: 3 0x8000026e (0x03c676b3) x13 0x00000000
core   0: 0x80000272 (0xff200793) li      a5, -14
core   0: 3 0x80000272 (0xff200793) x15 0xfffffff2
core   0: 0x80000276 (0x01a96db3) or      s11, s2, s10
core   0: 3 0x80000276 (0x01a96db3) x27 0xfffffff6
core   0: 0x8000027a (0x000012dd) c.addi  t0, -9
core   0: 3 0x8000027a (0x12dd) x 5 0xffffffff
core   0: 0x8000027c (0xfef2dde3) bge     t0, a5, pc - 6
core   0: 3 0x8000027c (0xfef2dde3)
core   0: 0x80000276 (0x01a96db3) or      s11, s2, s10
core   0: 3 0x80000276 (0x01a96db3) x27 0xfffffff6
core   0: 0x8000027a (0x000012dd) c.addi  t0, -9
core   0: 3 0x8000027a (0x12dd) x 5 0xfffffff6
core   0: 0x8000027c (0xfef2dde3) bge     t0, a5, pc - 6
core   0: 3 0x8000027c (0xfef2dde3)
core   0: 0x80000276 (0x01a96db3) or      s11, s2, s10
core   0: 3 0x80000276 (0x01a96db3) x27 0xfffffff6
core   0: 0x8000027a (0x000012dd) c.addi  t0, -9
core   0: 3 0x8000027a (0x12dd) x 5 0xffffffed
core   0: 0x8000027c (0xfef2dde3) bge     t0, a5, pc - 6
core   0: 3 0x8000027c (0xfef2dde3)
core   0: 0x80000280 (0xfe20e1e3) bltu    ra, sp, pc - 30
core   0: 3 0x80000280 (0xfe20e1e3)
core   0: 0x80000262 (0x00006dcd) c.lui   s11, 0x13
core   0: 3 0x80000262 (0x6dcd) x27 0x00013000
core   0: 0x80000264 (0x0000008d) c.addi  ra, 3
core   0: 3 0x80000264 (0x008d) x 1 0x00000004
core   0: 0x80000266 (0x00800293) li      t0, 8
core   0: 3 0x80000266 (0x00800293) x 5 0x00000008
core   0: 0x8000026a (0x002f9893) slli    a7, t6, 2
core   0: 3 0x8000026a (0x002f9893) x17 0x00000028
core   0: 0x8000026e (0x03c676b3) remu    a3, a2, t3
core   0: 3 0x8000026e (0x03c676b3) x13 0x00000000
core   0: 0x80000272 (0xff200793) li      a5, -14
core   0: 3 0x80000272 (0xff200793) x15 0xfffffff2
core   0: 0x80000276 (0x01a96db3) or      s11, s2, s10
core   0: 3 0x80000276 (0x01a96db3) x27 0xfffffff6
core   0: 0x8000027a (0x000012dd) c.addi  t0, -9
core   0: 3 0x8000027a (0x12dd) x 5 0xffffffff
core   0: 0x8000027c (0xfef2dde3) bge     t0, a5, pc - 6
core   0: 3 0x8000027c (0xfef2dde3)
core   0: 0x80000276 (0x01a96db3) or      s11, s2, s10
core   0: 3 0x80000276 (0x01a96db3) x27 0xfffffff6
core   0: 0x8000027a (0x000012dd) c.addi  t0, -9
core   0: 3 0x8000027a (0x12dd) x 5 0xfffffff6
core   0: 0x8000027c (0xfef2dde3) bge     t0, a5, pc - 6
core   0: 3 0x8000027c (0xfef2dde3)
core   0: 0x80000276 (0x01a96db3) or      s11, s2, s10
core   0: 3 0x80000276 (0x01a96db3) x27 0xfffffff6
core   0: 0x8000027a (0x000012dd) c.addi  t0, -9
core   0: 3 0x8000027a (0x12dd) x 5 0xffffffed
core   0: 0x8000027c (0xfef2dde3) bge     t0, a5, pc - 6
core   0: 3 0x8000027c (0xfef2dde3)
core   0: 0x80000280 (0xfe20e1e3) bltu    ra, sp, pc - 30
core   0: 3 0x80000280 (0xfe20e1e3)
core   0: 0x80000262 (0x00006dcd) c.lui   s11, 0x13
core   0: 3 0x80000262 (0x6dcd) x27 0x00013000
core   0: 0x80000264 (0x0000008d) c.addi  ra, 3
core   0: 3 0x80000264 (0x008d) x 1 0x00000007
core   0: 0x80000266 (0x00800293) li      t0, 8
core   0: 3 0x80000266 (0x00800293) x 5 0x00000008
core   0: 0x8000026a (0x002f9893) slli    a7, t6, 2
core   0: 3 0x8000026a (0x002f9893) x17 0x00000028
core   0: 0x8000026e (0x03c676b3) remu    a3, a2, t3
core   0: 3 0x8000026e (0x03c676b3) x13 0x00000000
core   0: 0x80000272 (0xff200793) li      a5, -14
core   0: 3 0x80000272 (0xff200793) x15 0xfffffff2
core   0: 0x80000276 (0x01a96db3) or      s11, s2, s10
core   0: 3 0x80000276 (0x01a96db3) x27 0xfffffff6
core   0: 0x8000027a (0x000012dd) c.addi  t0, -9
core   0: 3 0x8000027a (0x12dd) x 5 0xffffffff
core   0: 0x8000027c (0xfef2dde3) bge     t0, a5, pc - 6
core   0: 3 0x8000027c (0xfef2dde3)
core   0: 0x80000276 (0x01a96db3) or      s11, s2, s10
core   0: 3 0x80000276 (0x01a96db3) x27 0xfffffff6
core   0: 0x8000027a (0x000012dd) c.addi  t0, -9
core   0: 3 0x8000027a (0x12dd) x 5 0xfffffff6
core   0: 0x8000027c (0xfef2dde3) bge     t0, a5, pc - 6
core   0: 3 0x8000027c (0xfef2dde3)
core   0: 0x80000276 (0x01a96db3) or      s11, s2, s10
core   0: 3 0x80000276 (0x01a96db3) x27 0xfffffff6
core   0: 0x8000027a (0x000012dd) c.addi  t0, -9
core   0: 3 0x8000027a (0x12dd) x 5 0xffffffed
core   0: 0x8000027c (0xfef2dde3) bge     t0, a5, pc - 6
core   0: 3 0x8000027c (0xfef2dde3)
core   0: 0x80000280 (0xfe20e1e3) bltu    ra, sp, pc - 30
core   0: 3 0x80000280 (0xfe20e1e3)
core   0: 0x80000262 (0x00006dcd) c.lui   s11, 0x13
core   0: 3 0x80000262 (0x6dcd) x27 0x00013000
core   0: 0x80000264 (0x0000008d) c.addi  ra, 3
core   0: 3 0x80000264 (0x008d) x 1 0x0000000a
core   0: 0x80000266 (0x00800293) li      t0, 8
core   0: 3 0x80000266 (0x00800293) x 5 0x00000008
core   0: 0x8000026a (0x002f9893) slli    a7, t6, 2
core   0: 3 0x8000026a (0x002f9893) x17 0x00000028
core   0: 0x8000026e (0x03c676b3) remu    a3, a2, t3
core   0: 3 0x8000026e (0x03c676b3) x13 0x00000000
core   0: 0x80000272 (0xff200793) li      a5, -14
core   0: 3 0x80000272 (0xff200793) x15 0xfffffff2
core   0: 0x80000276 (0x01a96db3) or      s11, s2, s10
core   0: 3 0x80000276 (0x01a96db3) x27 0xfffffff6
core   0: 0x8000027a (0x000012dd) c.addi  t0, -9
core   0: 3 0x8000027a (0x12dd) x 5 0xffffffff
core   0: 0x8000027c (0xfef2dde3) bge     t0, a5, pc - 6
core   0: 3 0x8000027c (0xfef2dde3)
core   0: 0x80000276 (0x01a96db3) or      s11, s2, s10
core   0: 3 0x80000276 (0x01a96db3) x27 0xfffffff6
core   0: 0x8000027a (0x000012dd) c.addi  t0, -9
core   0: 3 0x8000027a (0x12dd) x 5 0xfffffff6
core   0: 0x8000027c (0xfef2dde3) bge     t0, a5, pc - 6
core   0: 3 0x8000027c (0xfef2dde3)
core   0: 0x80000276 (0x01a96db3) or      s11, s2, s10
core   0: 3 0x80000276 (0x01a96db3) x27 0xfffffff6
core   0: 0x8000027a (0x000012dd) c.addi  t0, -9
core   0: 3 0x8000027a (0x12dd) x 5 0xffffffed
core   0: 0x8000027c (0xfef2dde3) bge     t0, a5, pc - 6
core   0: 3 0x8000027c (0xfef2dde3)
core   0: 0x80000280 (0xfe20e1e3) bltu    ra, sp, pc - 30
core   0: 3 0x80000280 (0xfe20e1e3)
core   0: 0x80000262 (0x00006dcd) c.lui   s11, 0x13
core   0: 3 0x80000262 (0x6dcd) x27 0x00013000
core   0: 0x80000264 (0x0000008d) c.addi  ra, 3
core   0: 3 0x80000264 (0x008d) x 1 0x0000000d
core   0: 0x80000266 (0x00800293) li      t0, 8
core   0: 3 0x80000266 (0x00800293) x 5 0x00000008
core   0: 0x8000026a (0x002f9893) slli    a7, t6, 2
core   0: 3 0x8000026a (0x002f9893) x17 0x00000028
core   0: 0x8000026e (0x03c676b3) remu    a3, a2, t3
core   0: 3 0x8000026e (0x03c676b3) x13 0x00000000
core   0: 0x80000272 (0xff200793) li      a5, -14
core   0: 3 0x80000272 (0xff200793) x15 0xfffffff2
core   0: 0x80000276 (0x01a96db3) or      s11, s2, s10
core   0: 3 0x80000276 (0x01a96db3) x27 0xfffffff6
core   0: 0x8000027a (0x000012dd) c.addi  t0, -9
core   0: 3 0x8000027a (0x12dd) x 5 0xffffffff
core   0: 0x8000027c (0xfef2dde3) bge     t0, a5, pc - 6
core   0: 3 0x8000027c (0xfef2dde3)
core   0: 0x80000276 (0x01a96db3) or      s11, s2, s10
core   0: 3 0x80000276 (0x01a96db3) x27 0xfffffff6
core   0: 0x8000027a (0x000012dd) c.addi  t0, -9
core   0: 3 0x8000027a (0x12dd) x 5 0xfffffff6
core   0: 0x8000027c (0xfef2dde3) bge     t0, a5, pc - 6
core   0: 3 0x8000027c (0xfef2dde3)
core   0: 0x80000276 (0x01a96db3) or      s11, s2, s10
core   0: 3 0x80000276 (0x01a96db3) x27 0xfffffff6
core   0: 0x8000027a (0x000012dd) c.addi  t0, -9
core   0: 3 0x8000027a (0x12dd) x 5 0xffffffed
core   0: 0x8000027c (0xfef2dde3) bge     t0, a5, pc - 6
core   0: 3 0x8000027c (0xfef2dde3)
core   0: 0x80000280 (0xfe20e1e3) bltu    ra, sp, pc - 30
core   0: 3 0x80000280 (0xfe20e1e3)
core   0: 0x80000284 (0x019073b3) and     t2, zero, s9
core   0: 3 0x80000284 (0x019073b3) x 7 0x00000000
core   0: 0x80000288 (0xff900493) li      s1, -7
core   0: 3 0x80000288 (0xff900493) x 9 0xfffffff9
core   0: 0x8000028c (0x00000001) c.nop
core   0: 3 0x8000028c (0x0001)
core   0: 0x8000028e (0x00008e65) c.and   a2, s1
core   0: 3 0x8000028e (0x8e65) x12 0x00000000
core   0: 0x80000290 (0x00005efd) c.li    t4, -1
core   0: 3 0x80000290 (0x5efd) x29 0xffffffff
core   0: 0x80000292 (0x00c052b3) srl     t0, zero, a2
core   0: 3 0x80000292 (0x00c052b3) x 5 0x00000000
core   0: 0x80000296 (0x03c5bcb3) mulhu   s9, a1, t3
core   0: 3 0x80000296 (0x03c5bcb3) x25 0x00000000
core   0: 0x8000029a (0x0000049d) c.addi  s1, 7
core   0: 3 0x8000029a (0x049d) x 9 0x00000000
core   0: 0x8000029c (0x02889133) mulh    sp, a7, s0
core   0: 3 0x8000029c (0x02889133) x 2 0x00000000
core   0: 0x800002a0 (0x000016fd) c.addi  a3, -1
core   0: 3 0x800002a0 (0x16fd) x13 0xffffffff
core   0: 0x800002a2 (0xc31d0893) addi    a7, s10, -975
core   0: 3 0x800002a2 (0xc31d0893) x17 0xfffffc27
core   0: 0x800002a6 (0x03ea61b3) rem     gp, s4, t5
core   0: 3 0x800002a6 (0x03ea61b3) x 3 0xa72ef25e
core   0: 0x800002aa (0x00a00513) li      a0, 10
core   0: 3 0x800002aa (0x00a00513) x10 0x0000000a
core   0: 0x800002ae (0xfef00993) li      s3, -17
core   0: 3 0x800002ae (0xfef00993) x19 0xffffffef
core   0: 0x800002b2 (0x00000001) c.nop
core   0: 3 0x800002b2 (0x0001)
core   0: 0x800002b4 (0x00000001) c.nop
core   0: 3 0x800002b4 (0x0001)
core   0: 0x800002b6 (0x0000155d) c.addi  a0, -9
core   0: 3 0x800002b6 (0x155d) x10 0x00000001
core   0: 0x800002b8 (0xff351de3) bne     a0, s3, pc - 6
core   0: 3 0x800002b8 (0xff351de3)
core   0: 0x800002b2 (0x00000001) c.nop
core   0: 3 0x800002b2 (0x0001)
core   0: 0x800002b4 (0x00000001) c.nop
core   0: 3 0x800002b4 (0x0001)
core   0: 0x800002b6 (0x0000155d) c.addi  a0, -9
core   0: 3 0x800002b6 (0x155d) x10 0xfffffff8
core   0: 0x800002b8 (0xff351de3) bne     a0, s3, pc - 6
core   0: 3 0x800002b8 (0xff351de3)
core   0: 0x800002b2 (0x00000001) c.nop
core   0: 3 0x800002b2 (0x0001)
core   0: 0x800002b4 (0x00000001) c.nop
core   0: 3 0x800002b4 (0x0001)
core   0: 0x800002b6 (0x0000155d) c.addi  a0, -9
core   0: 3 0x800002b6 (0x155d) x10 0xffffffef
core   0: 0x800002b8 (0xff351de3) bne     a0, s3, pc - 6
core   0: 3 0x800002b8 (0xff351de3)
core   0: 0x800002bc (0x01a41d33) sll     s10, s0, s10
core   0: 3 0x800002bc (0x01a41d33) x26 0x01400000
core   0: 0x800002c0 (0x40aa0233) sub     tp, s4, a0
core   0: 3 0x800002c0 (0x40aa0233) x 4 0xa72ef26f
core   0: 0x800002c4 (0x0000f4f1) c.bnez  s1, pc - 52
core   0: 3 0x800002c4 (0xf4f1)
core   0: 0x800002c6 (0x01d655b3) srl     a1, a2, t4
core   0: 3 0x800002c6 (0x01d655b3) x11 0x00000000
core   0: 0x800002ca (0xffe00613) li      a2, -2
core   0: 3 0x800002ca (0xffe00613) x12 0xfffffffe
core   0: 0x800002ce (0x00008752) c.mv    a4, s4
core   0: 3 0x800002ce (0x8752) x14 0xa72ef25e
core   0: 0x800002d0 (0x40a080b3) sub     ra, ra, a0
core   0: 3 0x800002d0 (0x40a080b3) x 1 0x0000001e
core   0: 0x800002d4 (0x00800d13) li      s10, 8
core   0: 3 0x800002d4 (0x00800d13) x26 0x00000008
core   0: 0x800002d8 (0x0219ddb3) divu    s11, s3, ra
core   0: 3 0x800002d8 (0x0219ddb3) x27 0x08888887
core   0: 0x800002dc (0x02d68c33) mul     s8, a3, a3
core   0: 3 0x800002dc (0x02d68c33) x24 0x00000001
core   0: 0x800002e0 (0x00ba5293) srli    t0, s4, 11
core   0: 3 0x800002e0 (0x00ba5293) x 5 0x0014e5de
core   0: 0x800002e4 (0x41b95cb3) sra     s9, s2, s11
core   0: 3 0x800002e4 (0x41b95cb3) x25 0x00000000
core   0: 0x800002e8 (0x00008fc5) c.or    a5, s1
core   0: 3 0x800002e8 (0x8fc5) x15 0xfffffff2
core   0: 0x800002ea (0x0291c433) div     s0, gp, s1
core   0: 3 0x800002ea (0x0291c433) x 8 0xffffffff
core   0: 0x800002ee (0x00008c09) c.sub   s0, a0
core   0: 3 0x800002ee (0x8c09) x 8 0x00000010
core   0: 0x800002f0 (0x0a23f093) andi    ra, t2, 162
core   0: 3 0x800002f0 (0x0a23f093) x 1 0x00000000
core   0: 0x800002f4 (0x00008ec5) c.or    a3, s1
core   0: 3 0x800002f4 (0x8ec5) x13 0xffffffff
core   0: 0x800002f6 (0x668cc513) xori    a0, s9, 1640
core   0: 3 0x800002f6 (0x668cc513) x10 0x00000668
core   0: 0x800002fa (0xe3e51717) auipc   a4, 0xe3e51
core   0: 3 0x800002fa (0xe3e51717) x14 0x63e512fa
core   0: 0x800002fe (0x033825b3) mulhsu  a1, a6, s3
core   0: 3 0x800002fe (0x033825b3) x11 0x80026cec
core   0: 0x80000302 (0x41210e33) sub     t3, sp, s2
core   0: 3 0x80000302 (0x41210e33) x28 0x00000000
core   0: 0x80000306 (0x00000629) c.addi  a2, 10
core   0: 3 0x80000306 (0x0629) x12 0x00000008
core   0: 0x80000308 (0x000066e9) c.lui   a3, 0x1a
core   0: 3 0x80000308 (0x66e9) x13 0x0001a000
core   0: 0x8000030a (0x00006f61) c.lui   t5, 0x18
core   0: 3 0x8000030a (0x6f61) x30 0x00018000
core   0: 0x8000030c (0x40fe08b3) sub     a7, t3, a5
core   0: 3 0x8000030c (0x40fe08b3) x17 0x0000000e
core   0: 0x80000310 (0xfda64fe3) blt     a2, s10, pc - 34
core   0: 3 0x80000310 (0xfda64fe3)
core   0: 0x80000314 (0x00008fc1) c.or    a5, s0
core   0: 3 0x80000314 (0x8fc1) x15 0xfffffff2
core   0: 0x80000316 (0xff600413) li      s0, -10
core   0: 3 0x80000316 (0xff600413) x 8 0xfffffff6
core   0: 0x8000031a (0x0358f733) remu    a4, a7, s5
core   0: 3 0x8000031a (0x0358f733) x14 0x0000000e
core   0: 0x8000031e (0x41ee5b33) sra     s6, t3, t5
core   0: 3 0x8000031e (0x41ee5b33) x22 0x00000000
core   0: 0x80000322 (0x406c8133) sub     sp, s9, t1
core   0: 3 0x80000322 (0x406c8133) x 2 0x7ffdd19c
core   0: 0x80000326 (0x00008db5) c.xor   a1, a3
core   0: 3 0x80000326 (0x8db5) x11 0x8003ccec
core   0: 0x80000328 (0x0000029c) c.addi4spn a5, sp, 320
core   0: 3 0x80000328 (0x029c) x15 0x7ffdd2dc
core   0: 0x8000032a (0x00008245) c.srli  a2, 17
core   0: 3 0x8000032a (0x8245) x12 0x00000000
core   0: 0x8000032c (0x00000001) c.nop
core   0: 3 0x8000032c (0x0001)
core   0: 0x8000032e (0x1e7808b7) lui     a7, 0x1e780
core   0: 3 0x8000032e (0x1e7808b7) x17 0x1e780000
core   0: 0x80000332 (0x01797ab3) and     s5, s2, s7
core   0: 3 0x80000332 (0x01797ab3) x21 0x00000000
core   0: 0x80000336 (0x00000001) c.nop
core   0: 3 0x80000336 (0x0001)
core   0: 0x80000338 (0x0087da93) srli    s5, a5, 8
core   0: 3 0x80000338 (0x0087da93) x21 0x007ffdd2
core   0: 0x8000033c (0x00000415) c.addi  s0, 5
core   0: 3 0x8000033c (0x0415) x 8 0xfffffffb
core   0: 0x8000033e (0x330aed13) ori     s10, s5, 816
core   0: 3 0x8000033e (0x330aed13) x26 0x007ffff2
core   0: 0x80000342 (0x0000717d) c.addi16sp sp, -16
core   0: 3 0x80000342 (0x717d) x 2 0x7ffdd18c
core   0: 0x80000344 (0x0ff0000f) fence   iorw,iorw
core   0: 3 0x80000344 (0x0ff0000f)
core   0: 0x80000348 (0x00008d11) c.sub   a0, a2
core   0: 3 0x80000348 (0x8d11) x10 0x00000668
core   0: 0x8000034a (0x037fd633) divu    a2, t6, s7
core   0: 3 0x8000034a (0x037fd633) x12 0x00000001
core   0: 0x8000034e (0x1c9a6393) ori     t2, s4, 457
core   0: 3 0x8000034e (0x1c9a6393) x 7 0xa72ef3df
core   0: 0x80000352 (0x03818bb3) mul     s7, gp, s8
core   0: 3 0x80000352 (0x03818bb3) x23 0xa72ef25e
core   0: 0x80000356 (0x00008ed1) c.or    a3, a2
core   0: 3 0x80000356 (0x8ed1) x13 0x0001a001
core   0: 0x80000358 (0x00008da9) c.xor   a1, a0
core   0: 3 0x80000358 (0x8da9) x11 0x8003ca84
core   0: 0x8000035a (0x00000252) c.slli  tp, 20
core   0: 3 0x8000035a (0x0252) x 4 0x26f00000
core   0: 0x8000035c (0x003dc9b3) xor     s3, s11, gp
core   0: 3 0x8000035c (0x003dc9b3) x19 0xafa67ad9
core   0: 0x80000360 (0x0000d879) c.beqz  s0, pc - 42
core   0: 3 0x80000360 (0xd879)
core   0: 0x80000362 (0x00000001) c.nop
core   0: 3 0x80000362 (0x0001)
core   0: 0x80000364 (0x00000c13) li      s8, 0
core   0: 3 0x80000364 (0x00000c13) x24 0x00000000
core   0: 0x80000368 (0xff400393) li      t2, -12
core   0: 3 0x80000368 (0xff400393) x 7 0xfffffff4
core   0: 0x8000036c (0x00008b25) c.andi  a4, 9
core   0: 3 0x8000036c (0x8b25) x14 0x00000008
core   0: 0x8000036e (0x4da30593) addi    a1, t1, 1242
core   0: 3 0x8000036e (0x4da30593) x11 0x8002333e
core   0: 0x80000372 (0xd1aacb13) xori    s6, s5, -742
core   0: 3 0x80000372 (0xd1aacb13) x22 0xff8000c8
core   0: 0x80000376 (0x00001c75) c.addi  s8, -3
core   0: 3 0x80000376 (0x1c75) x24 0xfffffffd
core   0: 0x80000378 (0xffe00493) li      s1, -2
core   0: 3 0x80000378 (0xffe00493) x 9 0xfffffffe
core   0: 0x8000037c (0x01bc9113) slli    sp, s9, 27
core   0: 3 0x8000037c (0x01bc9113) x 2 0x00000000
core   0: 0x80000380 (0x00000001) c.nop
core   0: 3 0x80000380 (0x0001)
core   0: 0x80000382 (0x00008dad) c.xor   a1, a1
core   0: 3 0x80000382 (0x8dad) x11 0x00000000
core   0: 0x80000384 (0x00cdb433) sltu    s0, s11, a2
core   0: 3 0x80000384 (0x00cdb433) x 8 0x00000000
core   0: 0x80000388 (0x00b43b33) sltu    s6, s0, a1
core   0: 3 0x80000388 (0x00b43b33) x22 0x00000000
core   0: 0x8000038c (0x001d27b3) slt     a5, s10, ra
core   0: 3 0x8000038c (0x001d27b3) x15 0x00000000
core   0: 0x80000390 (0x00008ebd) c.xor   a3, a5
core   0: 3 0x80000390 (0x8ebd) x13 0x0001a001
core   0: 0x80000392 (0x00000485) c.addi  s1, 1
core   0: 3 0x80000392 (0x0485) x 9 0xffffffff
core   0: 0x80000394 (0x41690cb3) sub     s9, s2, s6
core   0: 3 0x80000394 (0x41690cb3) x25 0x00000000
core   0: 0x80000398 (0x5f0ee637) lui     a2, 0x5f0ee
core   0: 3 0x80000398 (0x5f0ee637) x12 0x5f0ee000
core   0: 0x8000039c (0x029f67b3) rem     a5, t5, s1
core   0: 3 0x8000039c (0x029f67b3) x15 0x00000000
core   0: 0x800003a0 (0x0000f4f5) c.bnez  s1, pc - 20
core   0: 3 0x800003a0 (0xf4f5)
core   0: 0x8000038c (0x001d27b3) slt     a5, s10, ra
core   0: 3 0x8000038c (0x001d27b3) x15 0x00000000
core   0: 0x80000390 (0x00008ebd) c.xor   a3, a5
core   0: 3 0x80000390 (0x8ebd) x13 0x0001a001
core   0: 0x80000392 (0x00000485) c.addi  s1, 1
core   0: 3 0x80000392 (0x0485) x 9 0x00000000
core   0: 0x80000394 (0x41690cb3) sub     s9, s2, s6
core   0: 3 0x80000394 (0x41690cb3) x25 0x00000000
core   0: 0x80000398 (0x5f0ee637) lui     a2, 0x5f0ee
core   0: 3 0x80000398 (0x5f0ee637) x12 0x5f0ee000
core   0: 0x8000039c (0x029f67b3) rem     a5, t5, s1
core   0: 3 0x8000039c (0x029f67b3) x15 0x00018000
core   0: 0x800003a0 (0x0000f4f5) c.bnez  s1, pc - 20
core   0: 3 0x800003a0 (0xf4f5)
core   0: 0x800003a2 (0x00008fc1) c.or    a5, s0
core   0: 3 0x800003a2 (0x8fc1) x15 0x00018000
core   0: 0x800003a4 (0xfc7c54e3) bge     s8, t2, pc - 56
core   0: 3 0x800003a4 (0xfc7c54e3)
core   0: 0x8000036c (0x00008b25) c.andi  a4, 9
core   0: 3 0x8000036c (0x8b25) x14 0x00000008
core   0: 0x8000036e (0x4da30593) addi    a1, t1, 1242
core   0: 3 0x8000036e (0x4da30593) x11 0x8002333e
core   0: 0x80000372 (0xd1aacb13) xori    s6, s5, -742
core   0: 3 0x80000372 (0xd1aacb13) x22 0xff8000c8
core   0: 0x80000376 (0x00001c75) c.addi  s8, -3
core   0: 3 0x80000376 (0x1c75) x24 0xfffffffa
core   0: 0x80000378 (0xffe00493) li      s1, -2
core   0: 3 0x80000378 (0xffe00493) x 9 0xfffffffe
core   0: 0x8000037c (0x01bc9113) slli    sp, s9, 27
core   0: 3 0x8000037c (0x01bc9113) x 2 0x00000000
core   0: 0x80000380 (0x00000001) c.nop
core   0: 3 0x80000380 (0x0001)
core   0: 0x80000382 (0x00008dad) c.xor   a1, a1
core   0: 3 0x80000382 (0x8dad) x11 0x00000000
core   0: 0x80000384 (0x00cdb433) sltu    s0, s11, a2
core   0: 3 0x80000384 (0x00cdb433) x 8 0x00000001
core   0: 0x80000388 (0x00b43b33) sltu    s6, s0, a1
core   0: 3 0x80000388 (0x00b43b33) x22 0x00000000
core   0: 0x8000038c (0x001d27b3) slt     a5, s10, ra
core   0: 3 0x8000038c (0x001d27b3) x15 0x00000000
core   0: 0x80000390 (0x00008ebd) c.xor   a3, a5
core   0: 3 0x80000390 (0x8ebd) x13 0x0001a001
core   0: 0x80000392 (0x00000485) c.addi  s1, 1
core   0: 3 0x80000392 (0x0485) x 9 0xffffffff
core   0: 0x80000394 (0x41690cb3) sub     s9, s2, s6
core   0: 3 0x80000394 (0x41690cb3) x25 0x00000000
core   0: 0x80000398 (0x5f0ee637) lui     a2, 0x5f0ee
core   0: 3 0x80000398 (0x5f0ee637) x12 0x5f0ee000
core   0: 0x8000039c (0x029f67b3) rem     a5, t5, s1
core   0: 3 0x8000039c (0x029f67b3) x15 0x00000000
core   0: 0x800003a0 (0x0000f4f5) c.bnez  s1, pc - 20
core   0: 3 0x800003a0 (0xf4f5)
core   0: 0x8000038c (0x001d27b3) slt     a5, s10, ra
core   0: 3 0x8000038c (0x001d27b3) x15 0x00000000
core   0: 0x80000390 (0x00008ebd) c.xor   a3, a5
core   0: 3 0x80000390 (0x8ebd) x13 0x0001a001
core   0: 0x80000392 (0x00000485) c.addi  s1, 1
core   0: 3 0x80000392 (0x0485) x 9 0x00000000
core   0: 0x80000394 (0x41690cb3) sub     s9, s2, s6
core   0: 3 0x80000394 (0x41690cb3) x25 0x00000000
core   0: 0x80000398 (0x5f0ee637) lui     a2, 0x5f0ee
core   0: 3 0x80000398 (0x5f0ee637) x12 0x5f0ee000
core   0: 0x8000039c (0x029f67b3) rem     a5, t5, s1
core   0: 3 0x8000039c (0x029f67b3) x15 0x00018000
core   0: 0x800003a0 (0x0000f4f5) c.bnez  s1, pc - 20
core   0: 3 0x800003a0 (0xf4f5)
core   0: 0x800003a2 (0x00008fc1) c.or    a5, s0
core   0: 3 0x800003a2 (0x8fc1) x15 0x00018001
core   0: 0x800003a4 (0xfc7c54e3) bge     s8, t2, pc - 56
core   0: 3 0x800003a4 (0xfc7c54e3)
core   0: 0x8000036c (0x00008b25) c.andi  a4, 9
core   0: 3 0x8000036c (0x8b25) x14 0x00000008
core   0: 0x8000036e (0x4da30593) addi    a1, t1, 1242
core   0: 3 0x8000036e (0x4da30593) x11 0x8002333e
core   0: 0x80000372 (0xd1aacb13) xori    s6, s5, -742
core   0: 3 0x80000372 (0xd1aacb13) x22 0xff8000c8
core   0: 0x80000376 (0x00001c75) c.addi  s8, -3
core   0: 3 0x80000376 (0x1c75) x24 0xfffffff7
core   0: 0x80000378 (0xffe00493) li      s1, -2
core   0: 3 0x80000378 (0xffe00493) x 9 0xfffffffe
core   0: 0x8000037c (0x01bc9113) slli    sp, s9, 27
core   0: 3 0x8000037c (0x01bc9113) x 2 0x00000000
core   0: 0x80000380 (0x00000001) c.nop
core   0: 3 0x80000380 (0x0001)
core   0: 0x80000382 (0x00008dad) c.xor   a1, a1
core   0: 3 0x80000382 (0x8dad) x11 0x00000000
core   0: 0x80000384 (0x00cdb433) sltu    s0, s11, a2
core   0: 3 0x80000384 (0x00cdb433) x 8 0x00000001
core   0: 0x80000388 (0x00b43b33) sltu    s6, s0, a1
core   0: 3 0x80000388 (0x00b43b33) x22 0x00000000
core   0: 0x8000038c (0x001d27b3) slt     a5, s10, ra
core   0: 3 0x8000038c (0x001d27b3) x15 0x00000000
core   0: 0x80000390 (0x00008ebd) c.xor   a3, a5
core   0: 3 0x80000390 (0x8ebd) x13 0x0001a001
core   0: 0x80000392 (0x00000485) c.addi  s1, 1
core   0: 3 0x80000392 (0x0485) x 9 0xffffffff
core   0: 0x80000394 (0x41690cb3) sub     s9, s2, s6
core   0: 3 0x80000394 (0x41690cb3) x25 0x00000000
core   0: 0x80000398 (0x5f0ee637) lui     a2, 0x5f0ee
core   0: 3 0x80000398 (0x5f0ee637) x12 0x5f0ee000
core   0: 0x8000039c (0x029f67b3) rem     a5, t5, s1
core   0: 3 0x8000039c (0x029f67b3) x15 0x00000000
core   0: 0x800003a0 (0x0000f4f5) c.bnez  s1, pc - 20
core   0: 3 0x800003a0 (0xf4f5)
core   0: 0x8000038c (0x001d27b3) slt     a5, s10, ra
core   0: 3 0x8000038c (0x001d27b3) x15 0x00000000
core   0: 0x80000390 (0x00008ebd) c.xor   a3, a5
core   0: 3 0x80000390 (0x8ebd) x13 0x0001a001
core   0: 0x80000392 (0x00000485) c.addi  s1, 1
core   0: 3 0x80000392 (0x0485) x 9 0x00000000
core   0: 0x80000394 (0x41690cb3) sub     s9, s2, s6
core   0: 3 0x80000394 (0x41690cb3) x25 0x00000000
core   0: 0x80000398 (0x5f0ee637) lui     a2, 0x5f0ee
core   0: 3 0x80000398 (0x5f0ee637) x12 0x5f0ee000
core   0: 0x8000039c (0x029f67b3) rem     a5, t5, s1
core   0: 3 0x8000039c (0x029f67b3) x15 0x00018000
core   0: 0x800003a0 (0x0000f4f5) c.bnez  s1, pc - 20
core   0: 3 0x800003a0 (0xf4f5)
core   0: 0x800003a2 (0x00008fc1) c.or    a5, s0
core   0: 3 0x800003a2 (0x8fc1) x15 0x00018001
core   0: 0x800003a4 (0xfc7c54e3) bge     s8, t2, pc - 56
core   0: 3 0x800003a4 (0xfc7c54e3)
core   0: 0x8000036c (0x00008b25) c.andi  a4, 9
core   0: 3 0x8000036c (0x8b25) x14 0x00000008
core   0: 0x8000036e (0x4da30593) addi    a1, t1, 1242
core   0: 3 0x8000036e (0x4da30593) x11 0x8002333e
core   0: 0x80000372 (0xd1aacb13) xori    s6, s5, -742
core   0: 3 0x80000372 (0xd1aacb13) x22 0xff8000c8
core   0: 0x80000376 (0x00001c75) c.addi  s8, -3
core   0: 3 0x80000376 (0x1c75) x24 0xfffffff4
core   0: 0x80000378 (0xffe00493) li      s1, -2
core   0: 3 0x80000378 (0xffe00493) x 9 0xfffffffe
core   0: 0x8000037c (0x01bc9113) slli    sp, s9, 27
core   0: 3 0x8000037c (0x01bc9113) x 2 0x00000000
core   0: 0x80000380 (0x00000001) c.nop
core   0: 3 0x80000380 (0x0001)
core   0: 0x80000382 (0x00008dad) c.xor   a1, a1
core   0: 3 0x80000382 (0x8dad) x11 0x00000000
core   0: 0x80000384 (0x00cdb433) sltu    s0, s11, a2
core   0: 3 0x80000384 (0x00cdb433) x 8 0x00000001
core   0: 0x80000388 (0x00b43b33) sltu    s6, s0, a1
core   0: 3 0x80000388 (0x00b43b33) x22 0x00000000
core   0: 0x8000038c (0x001d27b3) slt     a5, s10, ra
core   0: 3 0x8000038c (0x001d27b3) x15 0x00000000
core   0: 0x80000390 (0x00008ebd) c.xor   a3, a5
core   0: 3 0x80000390 (0x8ebd) x13 0x0001a001
core   0: 0x80000392 (0x00000485) c.addi  s1, 1
core   0: 3 0x80000392 (0x0485) x 9 0xffffffff
core   0: 0x80000394 (0x41690cb3) sub     s9, s2, s6
core   0: 3 0x80000394 (0x41690cb3) x25 0x00000000
core   0: 0x80000398 (0x5f0ee637) lui     a2, 0x5f0ee
core   0: 3 0x80000398 (0x5f0ee637) x12 0x5f0ee000
core   0: 0x8000039c (0x029f67b3) rem     a5, t5, s1
core   0: 3 0x8000039c (0x029f67b3) x15 0x00000000
core   0: 0x800003a0 (0x0000f4f5) c.bnez  s1, pc - 20
core   0: 3 0x800003a0 (0xf4f5)
core   0: 0x8000038c (0x001d27b3) slt     a5, s10, ra
core   0: 3 0x8000038c (0x001d27b3) x15 0x00000000
core   0: 0x80000390 (0x00008ebd) c.xor   a3, a5
core   0: 3 0x80000390 (0x8ebd) x13 0x0001a001
core   0: 0x80000392 (0x00000485) c.addi  s1, 1
core   0: 3 0x80000392 (0x0485) x 9 0x00000000
core   0: 0x80000394 (0x41690cb3) sub     s9, s2, s6
core   0: 3 0x80000394 (0x41690cb3) x25 0x00000000
core   0: 0x80000398 (0x5f0ee637) lui     a2, 0x5f0ee
core   0: 3 0x80000398 (0x5f0ee637) x12 0x5f0ee000
core   0: 0x8000039c (0x029f67b3) rem     a5, t5, s1
core   0: 3 0x8000039c (0x029f67b3) x15 0x00018000
core   0: 0x800003a0 (0x0000f4f5) c.bnez  s1, pc - 20
core   0: 3 0x800003a0 (0xf4f5)
core   0: 0x800003a2 (0x00008fc1) c.or    a5, s0
core   0: 3 0x800003a2 (0x8fc1) x15 0x00018001
core   0: 0x800003a4 (0xfc7c54e3) bge     s8, t2, pc - 56
core   0: 3 0x800003a4 (0xfc7c54e3)
core   0: 0x8000036c (0x00008b25) c.andi  a4, 9
core   0: 3 0x8000036c (0x8b25) x14 0x00000008
core   0: 0x8000036e (0x4da30593) addi    a1, t1, 1242
core   0: 3 0x8000036e (0x4da30593) x11 0x8002333e
core   0: 0x80000372 (0xd1aacb13) xori    s6, s5, -742
core   0: 3 0x80000372 (0xd1aacb13) x22 0xff8000c8
core   0: 0x80000376 (0x00001c75) c.addi  s8, -3
core   0: 3 0x80000376 (0x1c75) x24 0xfffffff1
core   0: 0x80000378 (0xffe00493) li      s1, -2
core   0: 3 0x80000378 (0xffe00493) x 9 0xfffffffe
core   0: 0x8000037c (0x01bc9113) slli    sp, s9, 27
core   0: 3 0x8000037c (0x01bc9113) x 2 0x00000000
core   0: 0x80000380 (0x00000001) c.nop
core   0: 3 0x80000380 (0x0001)
core   0: 0x80000382 (0x00008dad) c.xor   a1, a1
core   0: 3 0x80000382 (0x8dad) x11 0x00000000
core   0: 0x80000384 (0x00cdb433) sltu    s0, s11, a2
core   0: 3 0x80000384 (0x00cdb433) x 8 0x00000001
core   0: 0x80000388 (0x00b43b33) sltu    s6, s0, a1
core   0: 3 0x80000388 (0x00b43b33) x22 0x00000000
core   0: 0x8000038c (0x001d27b3) slt     a5, s10, ra
core   0: 3 0x8000038c (0x001d27b3) x15 0x00000000
core   0: 0x80000390 (0x00008ebd) c.xor   a3, a5
core   0: 3 0x80000390 (0x8ebd) x13 0x0001a001
core   0: 0x80000392 (0x00000485) c.addi  s1, 1
core   0: 3 0x80000392 (0x0485) x 9 0xffffffff
core   0: 0x80000394 (0x41690cb3) sub     s9, s2, s6
core   0: 3 0x80000394 (0x41690cb3) x25 0x00000000
core   0: 0x80000398 (0x5f0ee637) lui     a2, 0x5f0ee
core   0: 3 0x80000398 (0x5f0ee637) x12 0x5f0ee000
core   0: 0x8000039c (0x029f67b3) rem     a5, t5, s1
core   0: 3 0x8000039c (0x029f67b3) x15 0x00000000
core   0: 0x800003a0 (0x0000f4f5) c.bnez  s1, pc - 20
core   0: 3 0x800003a0 (0xf4f5)
core   0: 0x8000038c (0x001d27b3) slt     a5, s10, ra
core   0: 3 0x8000038c (0x001d27b3) x15 0x00000000
core   0: 0x80000390 (0x00008ebd) c.xor   a3, a5
core   0: 3 0x80000390 (0x8ebd) x13 0x0001a001
core   0: 0x80000392 (0x00000485) c.addi  s1, 1
core   0: 3 0x80000392 (0x0485) x 9 0x00000000
core   0: 0x80000394 (0x41690cb3) sub     s9, s2, s6
core   0: 3 0x80000394 (0x41690cb3) x25 0x00000000
core   0: 0x80000398 (0x5f0ee637) lui     a2, 0x5f0ee
core   0: 3 0x80000398 (0x5f0ee637) x12 0x5f0ee000
core   0: 0x8000039c (0x029f67b3) rem     a5, t5, s1
core   0: 3 0x8000039c (0x029f67b3) x15 0x00018000
core   0: 0x800003a0 (0x0000f4f5) c.bnez  s1, pc - 20
core   0: 3 0x800003a0 (0xf4f5)
core   0: 0x800003a2 (0x00008fc1) c.or    a5, s0
core   0: 3 0x800003a2 (0x8fc1) x15 0x00018001
core   0: 0x800003a4 (0xfc7c54e3) bge     s8, t2, pc - 56
core   0: 3 0x800003a4 (0xfc7c54e3)
core   0: 0x800003a8 (0x037cf233) remu    tp, s9, s7
core   0: 3 0x800003a8 (0x037cf233) x 4 0x00000000
core   0: 0x800003ac (0x00400593) li      a1, 4
core   0: 3 0x800003ac (0x00400593) x11 0x00000004
core   0: 0x800003b0 (0x37192693) slti    a3, s2, 881
core   0: 3 0x800003b0 (0x37192693) x13 0x00000001
core   0: 0x800003b4 (0x00008d5d) c.or    a0, a5
core   0: 3 0x800003b4 (0x8d5d) x10 0x00018669
core   0: 0x800003b6 (0xa223c013) xori    zero, t2, -1502
core   0: 3 0x800003b6 (0xa223c013)
core   0: 0x800003ba (0xf8941137) lui     sp, 0xf8941
core   0: 3 0x800003ba (0xf8941137) x 2 0xf8941000
core   0: 0x800003be (0x00008cd1) c.or    s1, a2
core   0: 3 0x800003be (0x8cd1) x 9 0x5f0ee000
core   0: 0x800003c0 (0x00f6a433) slt     s0, a3, a5
core   0: 3 0x800003c0 (0x00f6a433) x 8 0x00000001
core   0: 0x800003c4 (0x034d4033) div     zero, s10, s4
core   0: 3 0x800003c4 (0x034d4033)
core   0: 0x800003c8 (0x0024ec33) or      s8, s1, sp
core   0: 3 0x800003c8 (0x0024ec33) x24 0xff9ef000
core   0: 0x800003cc (0xff200b93) li      s7, -14
core   0: 3 0x800003cc (0xff200b93) x23 0xfffffff2
core   0: 0x800003d0 (0x01f9a233) slt     tp, s3, t6
core   0: 3 0x800003d0 (0x01f9a233) x 4 0x00000001
core   0: 0x800003d4 (0x000088b9) c.andi  s1, 14
core   0: 3 0x800003d4 (0x88b9) x 9 0x00000000
core   0: 0x800003d6 (0x02ed4d33) div     s10, s10, a4
core   0: 3 0x800003d6 (0x02ed4d33) x26 0x000ffffe
core   0: 0x800003da (0x00008c01) c.sub   s0, s0
core   0: 3 0x800003da (0x8c01) x 8 0x00000000
core   0: 0x800003dc (0x02c249b3) div     s3, tp, a2
core   0: 3 0x800003dc (0x02c249b3) x19 0x00000000
core   0: 0x800003e0 (0x1c21be93) sltiu   t4, gp, 450
core   0: 3 0x800003e0 (0x1c21be93) x29 0x00000000
core   0: 0x800003e4 (0x8c94f993) andi    s3, s1, -1847
core   0: 3 0x800003e4 (0x8c94f993) x19 0x00000000
core   0: 0x800003e8 (0x00008cc9) c.or    s1, a0
core   0: 3 0x800003e8 (0x8cc9) x 9 0x00018669
core   0: 0x800003ea (0x000015e9) c.addi  a1, -6
core   0: 3 0x800003ea (0x15e9) x11 0xfffffffe
core   0: 0x800003ec (0x00009c3a) c.add   s8, a4
core   0: 3 0x800003ec (0x9c3a) x24 0xff9ef008
core   0: 0x800003ee (0x000082d1) c.srli  a3, 20
core   0: 3 0x800003ee (0x82d1) x13 0x00000000
core   0: 0x800003f0 (0x0ff0000f) fence   iorw,iorw
core   0: 3 0x800003f0 (0x0ff0000f)
core   0: 0x800003f4 (0x531cb493) sltiu   s1, s9, 1329
core   0: 3 0x800003f4 (0x531cb493) x 9 0x00000001
core   0: 0x800003f8 (0x0000100f) fence.i
core   0: 3 0x800003f8 (0x0000100f)
core   0: 0x800003fc (0x00008b32) c.mv    s6, a2
core   0: 3 0x800003fc (0x8b32) x22 0x5f0ee000
core   0: 0x800003fe (0x190ef913) andi    s2, t4, 400
core   0: 3 0x800003fe (0x190ef913) x18 0x00000000
core   0: 0x80000402 (0x013a46b3) xor     a3, s4, s3
core   0: 3 0x80000402 (0x013a46b3) x13 0xa72ef25e
core   0: 0x80000406 (0xfd7588e3) beq     a1, s7, pc - 48
core   0: 3 0x80000406 (0xfd7588e3)
core   0: 0x8000040a (0x0000100f) fence.i
core   0: 3 0x8000040a (0x0000100f)
core   0: 0x8000040e (0xffb00e93) li      t4, -5
core   0: 3 0x8000040e (0xffb00e93) x29 0xfffffffb
core   0: 0x80000412 (0x00900213) li      tp, 9
core   0: 3 0x80000412 (0x00900213) x 4 0x00000009
core   0: 0x80000416 (0x01356b33) or      s6, a0, s3
core   0: 3 0x80000416 (0x01356b33) x22 0x00018669
core   0: 0x8000041a (0x02e826b3) mulhsu  a3, a6, a4
core   0: 3 0x8000041a (0x02e826b3) x13 0xfffffffc
core   0: 0x8000041e (0x00000e91) c.addi  t4, 4
core   0: 3 0x8000041e (0x0e91) x29 0xffffffff
core   0: 0x80000420 (0xfe4ecbe3) blt     t4, tp, pc - 10
core   0: 3 0x80000420 (0xfe4ecbe3)
core   0: 0x80000416 (0x01356b33) or      s6, a0, s3
core   0: 3 0x80000416 (0x01356b33) x22 0x00018669
core   0: 0x8000041a (0x02e826b3) mulhsu  a3, a6, a4
core   0: 3 0x8000041a (0x02e826b3) x13 0xfffffffc
core   0: 0x8000041e (0x00000e91) c.addi  t4, 4
core   0: 3 0x8000041e (0x0e91) x29 0x00000003
core   0: 0x80000420 (0xfe4ecbe3) blt     t4, tp, pc - 10
core   0: 3 0x80000420 (0xfe4ecbe3)
core   0: 0x80000416 (0x01356b33) or      s6, a0, s3
core   0: 3 0x80000416 (0x01356b33) x22 0x00018669
core   0: 0x8000041a (0x02e826b3) mulhsu  a3, a6, a4
core   0: 3 0x8000041a (0x02e826b3) x13 0xfffffffc
core   0: 0x8000041e (0x00000e91) c.addi  t4, 4
core   0: 3 0x8000041e (0x0e91) x29 0x00000007
core   0: 0x80000420 (0xfe4ecbe3) blt     t4, tp, pc - 10
core   0: 3 0x80000420 (0xfe4ecbe3)
core   0: 0x80000416 (0x01356b33) or      s6, a0, s3
core   0: 3 0x80000416 (0x01356b33) x22 0x00018669
core   0: 0x8000041a (0x02e826b3) mulhsu  a3, a6, a4
core   0: 3 0x8000041a (0x02e826b3) x13 0xfffffffc
core   0: 0x8000041e (0x00000e91) c.addi  t4, 4
core   0: 3 0x8000041e (0x0e91) x29 0x0000000b
core   0: 0x80000420 (0xfe4ecbe3) blt     t4, tp, pc - 10
core   0: 3 0x80000420 (0xfe4ecbe3)
core   0: 0x80000424 (0x017921b3) slt     gp, s2, s7
core   0: 3 0x80000424 (0x017921b3) x 3 0x00000000
core   0: 0x80000428 (0x00000b93) li      s7, 0
core   0: 3 0x80000428 (0x00000b93) x23 0x00000000
core   0: 0x8000042c (0x00147533) and     a0, s0, ra
core   0: 3 0x8000042c (0x00147533) x10 0x00000000
core   0: 0x80000430 (0x02ba7b33) remu    s6, s4, a1
core   0: 3 0x80000430 (0x02ba7b33) x22 0xa72ef25e
core   0: 0x80000434 (0x01efab33) slt     s6, t6, t5
core   0: 3 0x80000434 (0x01efab33) x22 0x00000001
core   0: 0x80000438 (0x0000717d) c.addi16sp sp, -16
core   0: 3 0x80000438 (0x717d) x 2 0xf8940ff0
core   0: 0x8000043a (0x40610fb3) sub     t6, sp, t1
core   0: 3 0x8000043a (0x40610fb3) x31 0x7891e18c
core   0: 0x8000043e (0x00001d7d) c.addi  s10, -1
core   0: 3 0x8000043e (0x1d7d) x26 0x000ffffd
core   0: 0x80000440 (0xff400e93) li      t4, -12
core   0: 3 0x80000440 (0xff400e93) x29 0xfffffff4
core   0: 0x80000444 (0x00008b22) c.mv    s6, s0
core   0: 3 0x80000444 (0x8b22) x22 0x00000000
core   0: 0x80000446 (0x0ff0000f) fence   iorw,iorw
core   0: 3 0x80000446 (0x0ff0000f)
core   0: 0x8000044a (0x0000868d) c.srai  a3, 3
core   0: 3 0x8000044a (0x868d) x13 0xffffffff
core   0: 0x8000044c (0x00000aca) c.slli  s5, 18
core   0: 3 0x8000044c (0x0aca) x21 0xf7480000
core   0: 0x8000044e (0x21b56d13) ori     s10, a0, 539
core   0: 3 0x8000044e (0x21b56d13) x26 0x0000021b
core   0: 0x80000452 (0x40b2db13) srai    s6, t0, 11
core   0: 3 0x80000452 (0x40b2db13) x22 0x0000029c
core   0: 0x80000456 (0x00008d7e) c.mv    s10, t6
core   0: 3 0x80000456 (0x8d7e) x26 0x7891e18c
core   0: 0x80000458 (0x00000001) c.nop
core   0: 3 0x80000458 (0x0001)
core   0: 0x8000045a (0x000006d5) c.addi  a3, 21
core   0: 3 0x8000045a (0x06d5) x13 0x00000014
core   0: 0x8000045c (0x00001bf1) c.addi  s7, -4
core   0: 3 0x8000045c (0x1bf1) x23 0xfffffffc
core   0: 0x8000045e (0x00000001) c.nop
core   0: 3 0x8000045e (0x0001)
core   0: 0x80000460 (0xfff00793) li      a5, -1
core   0: 3 0x80000460 (0xfff00793) x15 0xffffffff
core   0: 0x80000464 (0x00911d33) sll     s10, sp, s1
core   0: 3 0x80000464 (0x00911d33) x26 0xf1281fe0
core   0: 0x80000468 (0x036a61b3) rem     gp, s4, s6
core   0: 3 0x80000468 (0x036a61b3) x 3 0xfffffd9a
core   0: 0x8000046c (0xff700413) li      s0, -9
core   0: 3 0x8000046c (0xff700413) x 8 0xfffffff7
core   0: 0x80000470 (0x000000ad) c.addi  ra, 11
core   0: 3 0x80000470 (0x00ad) x 1 0x0000000b
core   0: 0x80000472 (0x00001cfd) c.addi  s9, -1
core   0: 3 0x80000472 (0x1cfd) x25 0xffffffff
core   0: 0x80000474 (0x000017f1) c.addi  a5, -4
core   0: 3 0x80000474 (0x17f1) x15 0xfffffffb
core   0: 0x80000476 (0x0000100f) fence.i
core   0: 3 0x80000476 (0x0000100f)
core   0: 0x8000047a (0xfe879ce3) bne     a5, s0, pc - 8
core   0: 3 0x8000047a (0xfe879ce3)
core   0: 0x80000472 (0x00001cfd) c.addi  s9, -1
core   0: 3 0x80000472 (0x1cfd) x25 0xfffffffe
core   0: 0x80000474 (0x000017f1) c.addi  a5, -4
core   0: 3 0x80000474 (0x17f1) x15 0xfffffff7
core   0: 0x80000476 (0x0000100f) fence.i
core   0: 3 0x80000476 (0x0000100f)
core   0: 0x8000047a (0xfe879ce3) bne     a5, s0, pc - 8
core   0: 3 0x8000047a (0xfe879ce3)
core   0: 0x8000047e (0x00006c35) c.lui   s8, 0xd
core   0: 3 0x8000047e (0x6c35) x24 0x0000d000
core   0: 0x80000480 (0xfddb97e3) bne     s7, t4, pc - 50
core   0: 3 0x80000480 (0xfddb97e3)
core   0: 0x8000044e (0x21b56d13) ori     s10, a0, 539
core   0: 3 0x8000044e (0x21b56d13) x26 0x0000021b
core   0: 0x80000452 (0x40b2db13) srai    s6, t0, 11
core   0: 3 0x80000452 (0x40b2db13) x22 0x0000029c
core   0: 0x80000456 (0x00008d7e) c.mv    s10, t6
core   0: 3 0x80000456 (0x8d7e) x26 0x7891e18c
core   0: 0x80000458 (0x00000001) c.nop
core   0: 3 0x80000458 (0x0001)
core   0: 0x8000045a (0x000006d5) c.addi  a3, 21
core   0: 3 0x8000045a (0x06d5) x13 0x00000029
core   0: 0x8000045c (0x00001bf1) c.addi  s7, -4
core   0: 3 0x8000045c (0x1bf1) x23 0xfffffff8
core   0: 0x8000045e (0x00000001) c.nop
core   0: 3 0x8000045e (0x0001)
core   0: 0x80000460 (0xfff00793) li      a5, -1
core   0: 3 0x80000460 (0xfff00793) x15 0xffffffff
core   0: 0x80000464 (0x00911d33) sll     s10, sp, s1
core   0: 3 0x80000464 (0x00911d33) x26 0xf1281fe0
core   0: 0x80000468 (0x036a61b3) rem     gp, s4, s6
core   0: 3 0x80000468 (0x036a61b3) x 3 0xfffffd9a
core   0: 0x8000046c (0xff700413) li      s0, -9
core   0: 3 0x8000046c (0xff700413) x 8 0xfffffff7
core   0: 0x80000470 (0x000000ad) c.addi  ra, 11
core   0: 3 0x80000470 (0x00ad) x 1 0x00000016
core   0: 0x80000472 (0x00001cfd) c.addi  s9, -1
core   0: 3 0x80000472 (0x1cfd) x25 0xfffffffd
core   0: 0x80000474 (0x000017f1) c.addi  a5, -4
core   0: 3 0x80000474 (0x17f1) x15 0xfffffffb
core   0: 0x80000476 (0x0000100f) fence.i
core   0: 3 0x80000476 (0x0000100f)
core   0: 0x8000047a (0xfe879ce3) bne     a5, s0, pc - 8
core   0: 3 0x8000047a (0xfe879ce3)
core   0: 0x80000472 (0x00001cfd) c.addi  s9, -1
core   0: 3 0x80000472 (0x1cfd) x25 0xfffffffc
core   0: 0x80000474 (0x000017f1) c.addi  a5, -4
core   0: 3 0x80000474 (0x17f1) x15 0xfffffff7
core   0: 0x80000476 (0x0000100f) fence.i
core   0: 3 0x80000476 (0x0000100f)
core   0: 0x8000047a (0xfe879ce3) bne     a5, s0, pc - 8
core   0: 3 0x8000047a (0xfe879ce3)
core   0: 0x8000047e (0x00006c35) c.lui   s8, 0xd
core   0: 3 0x8000047e (0x6c35) x24 0x0000d000
core   0: 0x80000480 (0xfddb97e3) bne     s7, t4, pc - 50
core   0: 3 0x80000480 (0xfddb97e3)
core   0: 0x8000044e (0x21b56d13) ori     s10, a0, 539
core   0: 3 0x8000044e (0x21b56d13) x26 0x0000021b
core   0: 0x80000452 (0x40b2db13) srai    s6, t0, 11
core   0: 3 0x80000452 (0x40b2db13) x22 0x0000029c
core   0: 0x80000456 (0x00008d7e) c.mv    s10, t6
core   0: 3 0x80000456 (0x8d7e) x26 0x7891e18c
core   0: 0x80000458 (0x00000001) c.nop
core   0: 3 0x80000458 (0x0001)
core   0: 0x8000045a (0x000006d5) c.addi  a3, 21
core   0: 3 0x8000045a (0x06d5) x13 0x0000003e
core   0: 0x8000045c (0x00001bf1) c.addi  s7, -4
core   0: 3 0x8000045c (0x1bf1) x23 0xfffffff4
core   0: 0x8000045e (0x00000001) c.nop
core   0: 3 0x8000045e (0x0001)
core   0: 0x80000460 (0xfff00793) li      a5, -1
core   0: 3 0x80000460 (0xfff00793) x15 0xffffffff
core   0: 0x80000464 (0x00911d33) sll     s10, sp, s1
core   0: 3 0x80000464 (0x00911d33) x26 0xf1281fe0
core   0: 0x80000468 (0x036a61b3) rem     gp, s4, s6
core   0: 3 0x80000468 (0x036a61b3) x 3 0xfffffd9a
core   0: 0x8000046c (0xff700413) li      s0, -9
core   0: 3 0x8000046c (0xff700413) x 8 0xfffffff7
core   0: 0x80000470 (0x000000ad) c.addi  ra, 11
core   0: 3 0x80000470 (0x00ad) x 1 0x00000021
core   0: 0x80000472 (0x00001cfd) c.addi  s9, -1
core   0: 3 0x80000472 (0x1cfd) x25 0xfffffffb
core   0: 0x80000474 (0x000017f1) c.addi  a5, -4
core   0: 3 0x80000474 (0x17f1) x15 0xfffffffb
core   0: 0x80000476 (0x0000100f) fence.i
core   0: 3 0x80000476 (0x0000100f)
core   0: 0x8000047a (0xfe879ce3) bne     a5, s0, pc - 8
core   0: 3 0x8000047a (0xfe879ce3)
core   0: 0x80000472 (0x00001cfd) c.addi  s9, -1
core   0: 3 0x80000472 (0x1cfd) x25 0xfffffffa
core   0: 0x80000474 (0x000017f1) c.addi  a5, -4
core   0: 3 0x80000474 (0x17f1) x15 0xfffffff7
core   0: 0x80000476 (0x0000100f) fence.i
core   0: 3 0x80000476 (0x0000100f)
core   0: 0x8000047a (0xfe879ce3) bne     a5, s0, pc - 8
core   0: 3 0x8000047a (0xfe879ce3)
core   0: 0x8000047e (0x00006c35) c.lui   s8, 0xd
core   0: 3 0x8000047e (0x6c35) x24 0x0000d000
core   0: 0x80000480 (0xfddb97e3) bne     s7, t4, pc - 50
core   0: 3 0x80000480 (0xfddb97e3)
core   0: 0x80000484 (0xa9400013) li      zero, -1388
core   0: 3 0x80000484 (0xa9400013)
core   0: 0x80000488 (0xff800613) li      a2, -8
core   0: 3 0x80000488 (0xff800613) x12 0xfffffff8
core   0: 0x8000048c (0x00d29db3) sll     s11, t0, a3
core   0: 3 0x8000048c (0x00d29db3) x27 0x80000000
core   0: 0x80000490 (0x00cbcb33) xor     s6, s7, a2
core   0: 3 0x80000490 (0x00cbcb33) x22 0x0000000c
core   0: 0x80000494 (0xcd930a93) addi    s5, t1, -807
core   0: 3 0x80000494 (0xcd930a93) x21 0x80022b3d
core   0: 0x80000498 (0x00a00693) li      a3, 10
core   0: 3 0x80000498 (0x00a00693) x13 0x0000000a
core   0: 0x8000049c (0x02b543b3) div     t2, a0, a1
core   0: 3 0x8000049c (0x02b543b3) x 7 0x00000000
core   0: 0x800004a0 (0x41cbd013) srai    zero, s7, 28
core   0: 3 0x800004a0 (0x41cbd013)
core   0: 0x800004a4 (0x0000100c) c.addi4spn a1, sp, 32
core   0: 3 0x800004a4 (0x100c) x11 0xf8941010
core   0: 0x800004a6 (0x00008c3d) c.xor   s0, a5
core   0: 3 0x800004a6 (0x8c3d) x 8 0x00000000
core   0: 0x800004a8 (0x000019fd) c.addi  s3, -1
core   0: 3 0x800004a8 (0x19fd) x19 0xffffffff
core   0: 0x800004aa (0x00000625) c.addi  a2, 9
core   0: 3 0x800004aa (0x0625) x12 0x00000001
core   0: 0x800004ac (0xffc00793) li      a5, -4
core   0: 3 0x800004ac (0xffc00793) x15 0xfffffffc
core   0: 0x800004b0 (0x02baa0b3) mulhsu  ra, s5, a1
core   0: 3 0x800004b0 (0x02baa0b3) x 1 0x83b8131c
core   0: 0x800004b4 (0x00200c13) li      s8, 2
core   0: 3 0x800004b4 (0x00200c13) x24 0x00000002
core   0: 0x800004b8 (0x000061f5) c.lui   gp, 0x1d
core   0: 3 0x800004b8 (0x61f5) x 3 0x0001d000
core   0: 0x800004ba (0x0000100f) fence.i
core   0: 3 0x800004ba (0x0000100f)
core   0: 0x800004be (0x0000100f) fence.i
core   0: 3 0x800004be (0x0000100f)
core   0: 0x800004c2 (0x13e04d13) xori    s10, zero, 318
core   0: 3 0x800004c2 (0x13e04d13) x26 0x0000013e
core   0: 0x800004c6 (0x00006c91) c.lui   s9, 0x4
core   0: 3 0x800004c6 (0x6c91) x25 0x00004000
core   0: 0x800004c8 (0x026032b3) mulhu   t0, zero, t1
core   0: 3 0x800004c8 (0x026032b3) x 5 0x00000000
core   0: 0x800004cc (0xb46b7413) andi    s0, s6, -1210
core   0: 3 0x800004cc (0xb46b7413) x 8 0x00000004
core   0: 0x800004d0 (0x009f6b33) or      s6, t5, s1
core   0: 3 0x800004d0 (0x009f6b33) x22 0x00018001
core   0: 0x800004d4 (0x021202b3) mul     t0, tp, ra
core   0: 3 0x800004d4 (0x021202b3) x 5 0xa178abfc
core   0: 0x800004d8 (0x00000785) c.addi  a5, 1
core   0: 3 0x800004d8 (0x0785) x15 0xfffffffd
core   0: 0x800004da (0x0064f5b3) and     a1, s1, t1
core   0: 3 0x800004da (0x0064f5b3) x11 0x00000000
core   0: 0x800004de (0x0ff0000f) fence   iorw,iorw
core   0: 3 0x800004de (0x0ff0000f)
core   0: 0x800004e2 (0x00000a9a) c.slli  s5, 6
core   0: 3 0x800004e2 (0x0a9a) x21 0x008acf40
core   0: 0x800004e4 (0xfd878fe3) beq     a5, s8, pc - 34
core   0: 3 0x800004e4 (0xfd878fe3)
core   0: 0x800004e8 (0x00001484) c.addi4spn s1, sp, 608
core   0: 3 0x800004e8 (0x1484) x 9 0xf8941250
core   0: 0x800004ea (0x000048e9) c.li    a7, 26
core   0: 3 0x800004ea (0x48e9) x17 0x0000001a
core   0: 0x800004ec (0x008c28b3) slt     a7, s8, s0
core   0: 3 0x800004ec (0x008c28b3) x17 0x00000001
core   0: 0x800004f0 (0x022ef9b3) remu    s3, t4, sp
core   0: 3 0x800004f0 (0x022ef9b3) x19 0x076bf004
core   0: 0x800004f4 (0x01b7b2b3) sltu    t0, a5, s11
core   0: 3 0x800004f4 (0x01b7b2b3) x 5 0x00000000
core   0: 0x800004f8 (0xfad642e3) blt     a2, a3, pc - 92
core   0: 3 0x800004f8 (0xfad642e3)
core   0: 0x8000049c (0x02b543b3) div     t2, a0, a1
core   0: 3 0x8000049c (0x02b543b3) x 7 0xffffffff
core   0: 0x800004a0 (0x41cbd013) srai    zero, s7, 28
core   0: 3 0x800004a0 (0x41cbd013)
core   0: 0x800004a4 (0x0000100c) c.addi4spn a1, sp, 32
core   0: 3 0x800004a4 (0x100c) x11 0xf8941010
core   0: 0x800004a6 (0x00008c3d) c.xor   s0, a5
core   0: 3 0x800004a6 (0x8c3d) x 8 0xfffffff9
core   0: 0x800004a8 (0x000019fd) c.addi  s3, -1
core   0: 3 0x800004a8 (0x19fd) x19 0x076bf003
core   0: 0x800004aa (0x00000625) c.addi  a2, 9
core   0: 3 0x800004aa (0x0625) x12 0x0000000a
core   0: 0x800004ac (0xffc00793) li      a5, -4
core   0: 3 0x800004ac (0xffc00793) x15 0xfffffffc
core   0: 0x800004b0 (0x02baa0b3) mulhsu  ra, s5, a1
core   0: 3 0x800004b0 (0x02baa0b3) x 1 0x0086c90e
core   0: 0x800004b4 (0x00200c13) li      s8, 2
core   0: 3 0x800004b4 (0x00200c13) x24 0x00000002
core   0: 0x800004b8 (0x000061f5) c.lui   gp, 0x1d
core   0: 3 0x800004b8 (0x61f5) x 3 0x0001d000
core   0: 0x800004ba (0x0000100f) fence.i
core   0: 3 0x800004ba (0x0000100f)
core   0: 0x800004be (0x0000100f) fence.i
core   0: 3 0x800004be (0x0000100f)
core   0: 0x800004c2 (0x13e04d13) xori    s10, zero, 318
core   0: 3 0x800004c2 (0x13e04d13) x26 0x0000013e
core   0: 0x800004c6 (0x00006c91) c.lui   s9, 0x4
core   0: 3 0x800004c6 (0x6c91) x25 0x00004000
core   0: 0x800004c8 (0x026032b3) mulhu   t0, zero, t1
core   0: 3 0x800004c8 (0x026032b3) x 5 0x00000000
core   0: 0x800004cc (0xb46b7413) andi    s0, s6, -1210
core   0: 3 0x800004cc (0xb46b7413) x 8 0x00018000
core   0: 0x800004d0 (0x009f6b33) or      s6, t5, s1
core   0: 3 0x800004d0 (0x009f6b33) x22 0xf8959250
core   0: 0x800004d4 (0x021202b3) mul     t0, tp, ra
core   0: 3 0x800004d4 (0x021202b3) x 5 0x04bd117e
core   0: 0x800004d8 (0x00000785) c.addi  a5, 1
core   0: 3 0x800004d8 (0x0785) x15 0xfffffffd
core   0: 0x800004da (0x0064f5b3) and     a1, s1, t1
core   0: 3 0x800004da (0x0064f5b3) x11 0x80000240
core   0: 0x800004de (0x0ff0000f) fence   iorw,iorw
core   0: 3 0x800004de (0x0ff0000f)
core   0: 0x800004e2 (0x00000a9a) c.slli  s5, 6
core   0: 3 0x800004e2 (0x0a9a) x21 0x22b3d000
core   0: 0x800004e4 (0xfd878fe3) beq     a5, s8, pc - 34
core   0: 3 0x800004e4 (0xfd878fe3)
core   0: 0x800004e8 (0x00001484) c.addi4spn s1, sp, 608
core   0: 3 0x800004e8 (0x1484) x 9 0xf8941250
core   0: 0x800004ea (0x000048e9) c.li    a7, 26
core   0: 3 0x800004ea (0x48e9) x17 0x0000001a
core   0: 0x800004ec (0x008c28b3) slt     a7, s8, s0
core   0: 3 0x800004ec (0x008c28b3) x17 0x00000001
core   0: 0x800004f0 (0x022ef9b3) remu    s3, t4, sp
core   0: 3 0x800004f0 (0x022ef9b3) x19 0x076bf004
core   0: 0x800004f4 (0x01b7b2b3) sltu    t0, a5, s11
core   0: 3 0x800004f4 (0x01b7b2b3) x 5 0x00000000
core   0: 0x800004f8 (0xfad642e3) blt     a2, a3, pc - 92
core   0: 3 0x800004f8 (0xfad642e3)
core   0: 0x800004fc (0x0298e5b3) rem     a1, a7, s1
core   0: 3 0x800004fc (0x0298e5b3) x11 0x00000001
core   0: 0x80000500 (0x00800993) li      s3, 8
core   0: 3 0x80000500 (0x00800993) x19 0x00000008
core   0: 0x80000504 (0x01200d13) li      s10, 18
core   0: 3 0x80000504 (0x01200d13) x26 0x00000012
core   0: 0x80000508 (0x033a1433) mulh    s0, s4, s3
core   0: 3 0x80000508 (0x033a1433) x 8 0xfffffffd
core   0: 0x8000050c (0x01290c33) add     s8, s2, s2
core   0: 3 0x8000050c (0x01290c33) x24 0x00000000
core   0: 0x80000510 (0x00000991) c.addi  s3, 4
core   0: 3 0x80000510 (0x0991) x19 0x0000000c
core   0: 0x80000512 (0x00006cb5) c.lui   s9, 0xd
core   0: 3 0x80000512 (0x6cb5) x25 0x0000d000
core   0: 0x80000514 (0x00008d59) c.or    a0, a4
core   0: 3 0x80000514 (0x8d59) x10 0x00000008
core   0: 0x80000516 (0xffa9ebe3) bltu    s3, s10, pc - 10
core   0: 3 0x80000516 (0xffa9ebe3)
core   0: 0x8000050c (0x01290c33) add     s8, s2, s2
core   0: 3 0x8000050c (0x01290c33) x24 0x00000000
core   0: 0x80000510 (0x00000991) c.addi  s3, 4
core   0: 3 0x80000510 (0x0991) x19 0x00000010
core   0: 0x80000512 (0x00006cb5) c.lui   s9, 0xd
core   0: 3 0x80000512 (0x6cb5) x25 0x0000d000
core   0: 0x80000514 (0x00008d59) c.or    a0, a4
core   0: 3 0x80000514 (0x8d59) x10 0x00000008
core   0: 0x80000516 (0xffa9ebe3) bltu    s3, s10, pc - 10
core   0: 3 0x80000516 (0xffa9ebe3)
core   0: 0x8000050c (0x01290c33) add     s8, s2, s2
core   0: 3 0x8000050c (0x01290c33) x24 0x00000000
core   0: 0x80000510 (0x00000991) c.addi  s3, 4
core   0: 3 0x80000510 (0x0991) x19 0x00000014
core   0: 0x80000512 (0x00006cb5) c.lui   s9, 0xd
core   0: 3 0x80000512 (0x6cb5) x25 0x0000d000
core   0: 0x80000514 (0x00008d59) c.or    a0, a4
core   0: 3 0x80000514 (0x8d59) x10 0x00000008
core   0: 0x80000516 (0xffa9ebe3) bltu    s3, s10, pc - 10
core   0: 3 0x80000516 (0xffa9ebe3)
core   0: 0x8000051a (0x00008cad) c.xor   s1, a1
core   0: 3 0x8000051a (0x8cad) x 9 0xf8941251
core   0: 0x8000051c (0x00500413) li      s0, 5
core   0: 3 0x8000051c (0x00500413) x 8 0x00000005
core   0: 0x80000520 (0x0000717d) c.addi16sp sp, -16
core   0: 3 0x80000520 (0x717d) x 2 0xf8940fe0
core   0: 0x80000522 (0x02c58133) mul     sp, a1, a2
core   0: 3 0x80000522 (0x02c58133) x 2 0x0000000a
core   0: 0x80000526 (0x00005c7d) c.li    s8, -1
core   0: 3 0x80000526 (0x5c7d) x24 0xffffffff
core   0: 0x80000528 (0x00000001) c.nop
core   0: 3 0x80000528 (0x0001)
core   0: 0x8000052a (0x000095ce) c.add   a1, s3
core   0: 3 0x8000052a (0x95ce) x11 0x00000015
core   0: 0x8000052c (0x4090de33) sra     t3, ra, s1
core   0: 3 0x8000052c (0x4090de33) x28 0x00000043
core   0: 0x80000530 (0x00006155) c.addi16sp sp, 304
core   0: 3 0x80000530 (0x6155) x 2 0x0000013a
core   0: 0x80000532 (0x0000146d) c.addi  s0, -5
core   0: 3 0x80000532 (0x146d) x 8 0x00000000
core   0: 0x80000534 (0x0000d87d) c.beqz  s0, pc - 10
core   0: 3 0x80000534 (0xd87d)
core   0: 0x8000052a (0x000095ce) c.add   a1, s3
core   0: 3 0x8000052a (0x95ce) x11 0x00000029
core   0: 0x8000052c (0x4090de33) sra     t3, ra, s1
core   0: 3 0x8000052c (0x4090de33) x28 0x00000043
core   0: 0x80000530 (0x00006155) c.addi16sp sp, 304
core   0: 3 0x80000530 (0x6155) x 2 0x0000026a
core   0: 0x80000532 (0x0000146d) c.addi  s0, -5
core   0: 3 0x80000532 (0x146d) x 8 0xfffffffb
core   0: 0x80000534 (0x0000d87d) c.beqz  s0, pc - 10
core   0: 3 0x80000534 (0xd87d)
core   0: 0x80000536 (0x00005b7d) c.li    s6, -1
core   0: 3 0x80000536 (0x5b7d) x22 0xffffffff
core   0: 0x80000538 (0x00500593) li      a1, 5
core   0: 3 0x80000538 (0x00500593) x11 0x00000005
core   0: 0x8000053c (0x03d361b3) rem     gp, t1, t4
core   0: 3 0x8000053c (0x03d361b3) x 3 0xfffffffc
core   0: 0x80000540 (0x01a79c13) slli    s8, a5, 26
core   0: 3 0x80000540 (0x01a79c13) x24 0xf4000000
core   0: 0x80000544 (0x402203b3) sub     t2, tp, sp
core   0: 3 0x80000544 (0x402203b3) x 7 0xfffffd9f
core   0: 0x80000548 (0x00df2fb3) slt     t6, t5, a3
core   0: 3 0x80000548 (0x00df2fb3) x31 0x00000000
core   0: 0x8000054c (0x3b983093) sltiu   ra, a6, 953
core   0: 3 0x8000054c (0x3b983093) x 1 0x00000000
core   0: 0x80000550 (0x00000001) c.nop
core   0: 3 0x80000550 (0x0001)
core   0: 0x80000552 (0x00ebce33) xor     t3, s7, a4
core   0: 3 0x80000552 (0x00ebce33) x28 0xfffffffc
core   0: 0x80000556 (0x02a02db3) mulhsu  s11, zero, a0
core   0: 3 0x80000556 (0x02a02db3) x27 0x00000000
core   0: 0x8000055a (0x01c7b1b3) sltu    gp, a5, t3
core   0: 3 0x8000055a (0x01c7b1b3) x 3 0x00000000
core   0: 0x8000055e (0x41a5d7b3) sra     a5, a1, s10
core   0: 3 0x8000055e (0x41a5d7b3) x15 0x00000000
core   0: 0x80000562 (0x00005f7d) c.li    t5, -1
core   0: 3 0x80000562 (0x5f7d) x30 0xffffffff
core   0: 0x80000564 (0x000015ed) c.addi  a1, -5
core   0: 3 0x80000564 (0x15ed) x11 0x00000000
core   0: 0x80000566 (0x03f2f933) remu    s2, t0, t6
core   0: 3 0x80000566 (0x03f2f933) x18 0x00000000
core   0: 0x8000056a (0x00c6fc93) andi    s9, a3, 12
core   0: 3 0x8000056a (0x00c6fc93) x25 0x00000008
core   0: 0x8000056e (0x02471fb3) mulh    t6, a4, tp
core   0: 3 0x8000056e (0x02471fb3) x31 0x00000000
core   0: 0x80000572 (0x0239bf33) mulhu   t5, s3, gp
core   0: 3 0x80000572 (0x0239bf33) x30 0x00000000
core   0: 0x80000576 (0x0000d1f5) c.beqz  a1, pc - 28
core   0: 3 0x80000576 (0xd1f5)
core   0: 0x8000055a (0x01c7b1b3) sltu    gp, a5, t3
core   0: 3 0x8000055a (0x01c7b1b3) x 3 0x00000001
core   0: 0x8000055e (0x41a5d7b3) sra     a5, a1, s10
core   0: 3 0x8000055e (0x41a5d7b3) x15 0x00000000
core   0: 0x80000562 (0x00005f7d) c.li    t5, -1
core   0: 3 0x80000562 (0x5f7d) x30 0xffffffff
core   0: 0x80000564 (0x000015ed) c.addi  a1, -5
core   0: 3 0x80000564 (0x15ed) x11 0xfffffffb
core   0: 0x80000566 (0x03f2f933) remu    s2, t0, t6
core   0: 3 0x80000566 (0x03f2f933) x18 0x00000000
core   0: 0x8000056a (0x00c6fc93) andi    s9, a3, 12
core   0: 3 0x8000056a (0x00c6fc93) x25 0x00000008
core   0: 0x8000056e (0x02471fb3) mulh    t6, a4, tp
core   0: 3 0x8000056e (0x02471fb3) x31 0x00000000
core   0: 0x80000572 (0x0239bf33) mulhu   t5, s3, gp
core   0: 3 0x80000572 (0x0239bf33) x30 0x00000000
core   0: 0x80000576 (0x0000d1f5) c.beqz  a1, pc - 28
core   0: 3 0x80000576 (0xd1f5)
core   0: 0x80000578 (0x0000988e) c.add   a7, gp
core   0: 3 0x80000578 (0x988e) x17 0x00000002
core   0: 0x8000057a (0x00a00293) li      t0, 10
core   0: 3 0x8000057a (0x00a00293) x 5 0x0000000a
core   0: 0x8000057e (0x00e00713) li      a4, 14
core   0: 3 0x8000057e (0x00e00713) x14 0x0000000e
core   0: 0x80000582 (0x00008cae) c.mv    s9, a1
core   0: 3 0x80000582 (0x8cae) x25 0xfffffffb
core   0: 0x80000584 (0x01021c33) sll     s8, tp, a6
core   0: 3 0x80000584 (0x01021c33) x24 0x00000090
core   0: 0x80000588 (0x00000291) c.addi  t0, 4
core   0: 3 0x80000588 (0x0291) x 5 0x0000000e
core   0: 0x8000058a (0xff800793) li      a5, -8
core   0: 3 0x8000058a (0xff800793) x15 0xfffffff8
core   0: 0x8000058e (0x00000001) c.nop
core   0: 3 0x8000058e (0x0001)
core   0: 0x80000590 (0x03139233) mulh    tp, t2, a7
core   0: 3 0x80000590 (0x03139233) x 4 0xffffffff
core   0: 0x80000594 (0xe60a0db7) lui     s11, 0xe60a0
core   0: 3 0x80000594 (0xe60a0db7) x27 0xe60a0000
core   0: 0x80000598 (0x9fe32093) slti    ra, t1, -1538
core   0: 3 0x80000598 (0x9fe32093) x 1 0x00000001
core   0: 0x8000059c (0x00000785) c.addi  a5, 1
core   0: 3 0x8000059c (0x0785) x15 0xfffffff9
core   0: 0x8000059e (0x0000dbfd) c.beqz  a5, pc - 10
core   0: 3 0x8000059e (0xdbfd)
core   0: 0x800005a0 (0x0000411d) c.li    sp, 7
core   0: 3 0x800005a0 (0x411d) x 2 0x00000007
core   0: 0x800005a2 (0xfee2c0e3) blt     t0, a4, pc - 32
core   0: 3 0x800005a2 (0xfee2c0e3)
core   0: 0x800005a6 (0x00006651) c.lui   a2, 0x14
core   0: 3 0x800005a6 (0x6651) x12 0x00014000
core   0: 0x800005a8 (0x00600b13) li      s6, 6
core   0: 3 0x800005a8 (0x00600b13) x22 0x00000006
core   0: 0x800005ac (0xa195b113) sltiu   sp, a1, -1511
core   0: 3 0x800005ac (0xa195b113) x 2 0x00000000
core   0: 0x800005b0 (0xc329cab7) lui     s5, 0xc329c
core   0: 3 0x800005b0 (0xc329cab7) x21 0xc329c000
core   0: 0x800005b4 (0x00008f1d) c.sub   a4, a5
core   0: 3 0x800005b4 (0x8f1d) x14 0x00000015
core   0: 0x800005b6 (0x01000293) li      t0, 16
core   0: 3 0x800005b6 (0x01000293) x 5 0x00000010
core   0: 0x800005ba (0x00008e99) c.sub   a3, a4
core   0: 3 0x800005ba (0x8e99) x13 0xfffffff5
core   0: 0x800005bc (0x0000100f) fence.i
core   0: 3 0x800005bc (0x0000100f)
core   0: 0x800005c0 (0x01a6d733) srl     a4, a3, s10
core   0: 3 0x800005c0 (0x01a6d733) x14 0x00003fff
core   0: 0x800005c4 (0x02420133) mul     sp, tp, tp
core   0: 3 0x800005c4 (0x02420133) x 2 0x00000001
core   0: 0x800005c8 (0x00000001) c.nop
core   0: 3 0x800005c8 (0x0001)
core   0: 0x800005ca (0x00000b19) c.addi  s6, 6
core   0: 3 0x800005ca (0x0b19) x22 0x0000000c
core   0: 0x800005cc (0x87d24397) auipc   t2, 0x87d24
core   0: 3 0x800005cc (0x87d24397) x 7 0x07d245cc
core   0: 0x800005d0 (0xfff00413) li      s0, -1
core   0: 3 0x800005d0 (0xfff00413) x 8 0xffffffff
core   0: 0x800005d4 (0x00000001) c.nop
core   0: 3 0x800005d4 (0x0001)
core   0: 0x800005d6 (0x031c40b3) div     ra, s8, a7
core   0: 3 0x800005d6 (0x031c40b3) x 1 0x00000048
core   0: 0x800005da (0x00c00793) li      a5, 12
core   0: 3 0x800005da (0x00c00793) x15 0x0000000c
core   0: 0x800005de (0x033e3fb3) mulhu   t6, t3, s3
core   0: 3 0x800005de (0x033e3fb3) x31 0x00000013
core   0: 0x800005e2 (0x007e3733) sltu    a4, t3, t2
core   0: 3 0x800005e2 (0x007e3733) x14 0x00000000
core   0: 0x800005e6 (0x8751f497) auipc   s1, 0x8751f
core   0: 3 0x800005e6 (0x8751f497) x 9 0x0751f5e6
core   0: 0x800005ea (0x00008d15) c.sub   a0, a3
core   0: 3 0x800005ea (0x8d15) x10 0x00000013
core   0: 0x800005ec (0x000008ae) c.slli  a7, 11
core   0: 3 0x800005ec (0x08ae) x17 0x00001000
core   0: 0x800005ee (0x0000100f) fence.i
core   0: 3 0x800005ee (0x0000100f)
core   0: 0x800005f2 (0x036c1c33) mulh    s8, s8, s6
core   0: 3 0x800005f2 (0x036c1c33) x24 0x00000000
core   0: 0x800005f6 (0x00008d65) c.and   a0, s1
core   0: 3 0x800005f6 (0x8d65) x10 0x00000002
core   0: 0x800005f8 (0x00000405) c.addi  s0, 1
core   0: 3 0x800005f8 (0x0405) x 8 0x00000000
core   0: 0x800005fa (0xe8696393) ori     t2, s2, -378
core   0: 3 0x800005fa (0xe8696393) x 7 0xfffffe86
core   0: 0x800005fe (0x009beeb3) or      t4, s7, s1
core   0: 3 0x800005fe (0x009beeb3) x29 0xfffffff6
core   0: 0x80000602 (0x031561b3) rem     gp, a0, a7
core   0: 3 0x80000602 (0x031561b3) x 3 0x00000002
core   0: 0x80000606 (0xfef466e3) bltu    s0, a5, pc - 20
core   0: 3 0x80000606 (0xfef466e3)
core   0: 0x800005f2 (0x036c1c33) mulh    s8, s8, s6
core   0: 3 0x800005f2 (0x036c1c33) x24 0x00000000
core   0: 0x800005f6 (0x00008d65) c.and   a0, s1
core   0: 3 0x800005f6 (0x8d65) x10 0x00000002
core   0: 0x800005f8 (0x00000405) c.addi  s0, 1
core   0: 3 0x800005f8 (0x0405) x 8 0x00000001
core   0: 0x800005fa (0xe8696393) ori     t2, s2, -378
core   0: 3 0x800005fa (0xe8696393) x 7 0xfffffe86
core   0: 0x800005fe (0x009beeb3) or      t4, s7, s1
core   0: 3 0x800005fe (0x009beeb3) x29 0xfffffff6
core   0: 0x80000602 (0x031561b3) rem     gp, a0, a7
core   0: 3 0x80000602 (0x031561b3) x 3 0x00000002
core   0: 0x80000606 (0xfef466e3) bltu    s0, a5, pc - 20
core   0: 3 0x80000606 (0xfef466e3)
core   0: 0x800005f2 (0x036c1c33) mulh    s8, s8, s6
core   0: 3 0x800005f2 (0x036c1c33) x24 0x00000000
core   0: 0x800005f6 (0x00008d65) c.and   a0, s1
core   0: 3 0x800005f6 (0x8d65) x10 0x00000002
core   0: 0x800005f8 (0x00000405) c.addi  s0, 1
core   0: 3 0x800005f8 (0x0405) x 8 0x00000002
core   0: 0x800005fa (0xe8696393) ori     t2, s2, -378
core   0: 3 0x800005fa (0xe8696393) x 7 0xfffffe86
core   0: 0x800005fe (0x009beeb3) or      t4, s7, s1
core   0: 3 0x800005fe (0x009beeb3) x29 0xfffffff6
core   0: 0x80000602 (0x031561b3) rem     gp, a0, a7
core   0: 3 0x80000602 (0x031561b3) x 3 0x00000002
core   0: 0x80000606 (0xfef466e3) bltu    s0, a5, pc - 20
core   0: 3 0x80000606 (0xfef466e3)
core   0: 0x800005f2 (0x036c1c33) mulh    s8, s8, s6
core   0: 3 0x800005f2 (0x036c1c33) x24 0x00000000
core   0: 0x800005f6 (0x00008d65) c.and   a0, s1
core   0: 3 0x800005f6 (0x8d65) x10 0x00000002
core   0: 0x800005f8 (0x00000405) c.addi  s0, 1
core   0: 3 0x800005f8 (0x0405) x 8 0x00000003
core   0: 0x800005fa (0xe8696393) ori     t2, s2, -378
core   0: 3 0x800005fa (0xe8696393) x 7 0xfffffe86
core   0: 0x800005fe (0x009beeb3) or      t4, s7, s1
core   0: 3 0x800005fe (0x009beeb3) x29 0xfffffff6
core   0: 0x80000602 (0x031561b3) rem     gp, a0, a7
core   0: 3 0x80000602 (0x031561b3) x 3 0x00000002
core   0: 0x80000606 (0xfef466e3) bltu    s0, a5, pc - 20
core   0: 3 0x80000606 (0xfef466e3)
core   0: 0x800005f2 (0x036c1c33) mulh    s8, s8, s6
core   0: 3 0x800005f2 (0x036c1c33) x24 0x00000000
core   0: 0x800005f6 (0x00008d65) c.and   a0, s1
core   0: 3 0x800005f6 (0x8d65) x10 0x00000002
core   0: 0x800005f8 (0x00000405) c.addi  s0, 1
core   0: 3 0x800005f8 (0x0405) x 8 0x00000004
core   0: 0x800005fa (0xe8696393) ori     t2, s2, -378
core   0: 3 0x800005fa (0xe8696393) x 7 0xfffffe86
core   0: 0x800005fe (0x009beeb3) or      t4, s7, s1
core   0: 3 0x800005fe (0x009beeb3) x29 0xfffffff6
core   0: 0x80000602 (0x031561b3) rem     gp, a0, a7
core   0: 3 0x80000602 (0x031561b3) x 3 0x00000002
core   0: 0x80000606 (0xfef466e3) bltu    s0, a5, pc - 20
core   0: 3 0x80000606 (0xfef466e3)
core   0: 0x800005f2 (0x036c1c33) mulh    s8, s8, s6
core   0: 3 0x800005f2 (0x036c1c33) x24 0x00000000
core   0: 0x800005f6 (0x00008d65) c.and   a0, s1
core   0: 3 0x800005f6 (0x8d65) x10 0x00000002
core   0: 0x800005f8 (0x00000405) c.addi  s0, 1
core   0: 3 0x800005f8 (0x0405) x 8 0x00000005
core   0: 0x800005fa (0xe8696393) ori     t2, s2, -378
core   0: 3 0x800005fa (0xe8696393) x 7 0xfffffe86
core   0: 0x800005fe (0x009beeb3) or      t4, s7, s1
core   0: 3 0x800005fe (0x009beeb3) x29 0xfffffff6
core   0: 0x80000602 (0x031561b3) rem     gp, a0, a7
core   0: 3 0x80000602 (0x031561b3) x 3 0x00000002
core   0: 0x80000606 (0xfef466e3) bltu    s0, a5, pc - 20
core   0: 3 0x80000606 (0xfef466e3)
core   0: 0x800005f2 (0x036c1c33) mulh    s8, s8, s6
core   0: 3 0x800005f2 (0x036c1c33) x24 0x00000000
core   0: 0x800005f6 (0x00008d65) c.and   a0, s1
core   0: 3 0x800005f6 (0x8d65) x10 0x00000002
core   0: 0x800005f8 (0x00000405) c.addi  s0, 1
core   0: 3 0x800005f8 (0x0405) x 8 0x00000006
core   0: 0x800005fa (0xe8696393) ori     t2, s2, -378
core   0: 3 0x800005fa (0xe8696393) x 7 0xfffffe86
core   0: 0x800005fe (0x009beeb3) or      t4, s7, s1
core   0: 3 0x800005fe (0x009beeb3) x29 0xfffffff6
core   0: 0x80000602 (0x031561b3) rem     gp, a0, a7
core   0: 3 0x80000602 (0x031561b3) x 3 0x00000002
core   0: 0x80000606 (0xfef466e3) bltu    s0, a5, pc - 20
core   0: 3 0x80000606 (0xfef466e3)
core   0: 0x800005f2 (0x036c1c33) mulh    s8, s8, s6
core   0: 3 0x800005f2 (0x036c1c33) x24 0x00000000
core   0: 0x800005f6 (0x00008d65) c.and   a0, s1
core   0: 3 0x800005f6 (0x8d65) x10 0x00000002
core   0: 0x800005f8 (0x00000405) c.addi  s0, 1
core   0: 3 0x800005f8 (0x0405) x 8 0x00000007
core   0: 0x800005fa (0xe8696393) ori     t2, s2, -378
core   0: 3 0x800005fa (0xe8696393) x 7 0xfffffe86
core   0: 0x800005fe (0x009beeb3) or      t4, s7, s1
core   0: 3 0x800005fe (0x009beeb3) x29 0xfffffff6
core   0: 0x80000602 (0x031561b3) rem     gp, a0, a7
core   0: 3 0x80000602 (0x031561b3) x 3 0x00000002
core   0: 0x80000606 (0xfef466e3) bltu    s0, a5, pc - 20
core   0: 3 0x80000606 (0xfef466e3)
core   0: 0x800005f2 (0x036c1c33) mulh    s8, s8, s6
core   0: 3 0x800005f2 (0x036c1c33) x24 0x00000000
core   0: 0x800005f6 (0x00008d65) c.and   a0, s1
core   0: 3 0x800005f6 (0x8d65) x10 0x00000002
core   0: 0x800005f8 (0x00000405) c.addi  s0, 1
core   0: 3 0x800005f8 (0x0405) x 8 0x00000008
core   0: 0x800005fa (0xe8696393) ori     t2, s2, -378
core   0: 3 0x800005fa (0xe8696393) x 7 0xfffffe86
core   0: 0x800005fe (0x009beeb3) or      t4, s7, s1
core   0: 3 0x800005fe (0x009beeb3) x29 0xfffffff6
core   0: 0x80000602 (0x031561b3) rem     gp, a0, a7
core   0: 3 0x80000602 (0x031561b3) x 3 0x00000002
core   0: 0x80000606 (0xfef466e3) bltu    s0, a5, pc - 20
core   0: 3 0x80000606 (0xfef466e3)
core   0: 0x800005f2 (0x036c1c33) mulh    s8, s8, s6
core   0: 3 0x800005f2 (0x036c1c33) x24 0x00000000
core   0: 0x800005f6 (0x00008d65) c.and   a0, s1
core   0: 3 0x800005f6 (0x8d65) x10 0x00000002
core   0: 0x800005f8 (0x00000405) c.addi  s0, 1
core   0: 3 0x800005f8 (0x0405) x 8 0x00000009
core   0: 0x800005fa (0xe8696393) ori     t2, s2, -378
core   0: 3 0x800005fa (0xe8696393) x 7 0xfffffe86
core   0: 0x800005fe (0x009beeb3) or      t4, s7, s1
core   0: 3 0x800005fe (0x009beeb3) x29 0xfffffff6
core   0: 0x80000602 (0x031561b3) rem     gp, a0, a7
core   0: 3 0x80000602 (0x031561b3) x 3 0x00000002
core   0: 0x80000606 (0xfef466e3) bltu    s0, a5, pc - 20
core   0: 3 0x80000606 (0xfef466e3)
core   0: 0x800005f2 (0x036c1c33) mulh    s8, s8, s6
core   0: 3 0x800005f2 (0x036c1c33) x24 0x00000000
core   0: 0x800005f6 (0x00008d65) c.and   a0, s1
core   0: 3 0x800005f6 (0x8d65) x10 0x00000002
core   0: 0x800005f8 (0x00000405) c.addi  s0, 1
core   0: 3 0x800005f8 (0x0405) x 8 0x0000000a
core   0: 0x800005fa (0xe8696393) ori     t2, s2, -378
core   0: 3 0x800005fa (0xe8696393) x 7 0xfffffe86
core   0: 0x800005fe (0x009beeb3) or      t4, s7, s1
core   0: 3 0x800005fe (0x009beeb3) x29 0xfffffff6
core   0: 0x80000602 (0x031561b3) rem     gp, a0, a7
core   0: 3 0x80000602 (0x031561b3) x 3 0x00000002
core   0: 0x80000606 (0xfef466e3) bltu    s0, a5, pc - 20
core   0: 3 0x80000606 (0xfef466e3)
core   0: 0x800005f2 (0x036c1c33) mulh    s8, s8, s6
core   0: 3 0x800005f2 (0x036c1c33) x24 0x00000000
core   0: 0x800005f6 (0x00008d65) c.and   a0, s1
core   0: 3 0x800005f6 (0x8d65) x10 0x00000002
core   0: 0x800005f8 (0x00000405) c.addi  s0, 1
core   0: 3 0x800005f8 (0x0405) x 8 0x0000000b
core   0: 0x800005fa (0xe8696393) ori     t2, s2, -378
core   0: 3 0x800005fa (0xe8696393) x 7 0xfffffe86
core   0: 0x800005fe (0x009beeb3) or      t4, s7, s1
core   0: 3 0x800005fe (0x009beeb3) x29 0xfffffff6
core   0: 0x80000602 (0x031561b3) rem     gp, a0, a7
core   0: 3 0x80000602 (0x031561b3) x 3 0x00000002
core   0: 0x80000606 (0xfef466e3) bltu    s0, a5, pc - 20
core   0: 3 0x80000606 (0xfef466e3)
core   0: 0x800005f2 (0x036c1c33) mulh    s8, s8, s6
core   0: 3 0x800005f2 (0x036c1c33) x24 0x00000000
core   0: 0x800005f6 (0x00008d65) c.and   a0, s1
core   0: 3 0x800005f6 (0x8d65) x10 0x00000002
core   0: 0x800005f8 (0x00000405) c.addi  s0, 1
core   0: 3 0x800005f8 (0x0405) x 8 0x0000000c
core   0: 0x800005fa (0xe8696393) ori     t2, s2, -378
core   0: 3 0x800005fa (0xe8696393) x 7 0xfffffe86
core   0: 0x800005fe (0x009beeb3) or      t4, s7, s1
core   0: 3 0x800005fe (0x009beeb3) x29 0xfffffff6
core   0: 0x80000602 (0x031561b3) rem     gp, a0, a7
core   0: 3 0x80000602 (0x031561b3) x 3 0x00000002
core   0: 0x80000606 (0xfef466e3) bltu    s0, a5, pc - 20
core   0: 3 0x80000606 (0xfef466e3)
core   0: 0x8000060a (0x014f9713) slli    a4, t6, 20
core   0: 3 0x8000060a (0x014f9713) x14 0x01300000
core   0: 0x8000060e (0x89687393) andi    t2, a6, -1898
core   0: 3 0x8000060e (0x89687393) x 7 0x80026884
core   0: 0x80000612 (0xfa5b64e3) bltu    s6, t0, pc - 88
core   0: 3 0x80000612 (0xfa5b64e3)
core   0: 0x800005ba (0x00008e99) c.sub   a3, a4
core   0: 3 0x800005ba (0x8e99) x13 0xfecffff5
core   0: 0x800005bc (0x0000100f) fence.i
core   0: 3 0x800005bc (0x0000100f)
core   0: 0x800005c0 (0x01a6d733) srl     a4, a3, s10
core   0: 3 0x800005c0 (0x01a6d733) x14 0x00003fb3
core   0: 0x800005c4 (0x02420133) mul     sp, tp, tp
core   0: 3 0x800005c4 (0x02420133) x 2 0x00000001
core   0: 0x800005c8 (0x00000001) c.nop
core   0: 3 0x800005c8 (0x0001)
core   0: 0x800005ca (0x00000b19) c.addi  s6, 6
core   0: 3 0x800005ca (0x0b19) x22 0x00000012
core   0: 0x800005cc (0x87d24397) auipc   t2, 0x87d24
core   0: 3 0x800005cc (0x87d24397) x 7 0x07d245cc
core   0: 0x800005d0 (0xfff00413) li      s0, -1
core   0: 3 0x800005d0 (0xfff00413) x 8 0xffffffff
core   0: 0x800005d4 (0x00000001) c.nop
core   0: 3 0x800005d4 (0x0001)
core   0: 0x800005d6 (0x031c40b3) div     ra, s8, a7
core   0: 3 0x800005d6 (0x031c40b3) x 1 0x00000000
core   0: 0x800005da (0x00c00793) li      a5, 12
core   0: 3 0x800005da (0x00c00793) x15 0x0000000c
core   0: 0x800005de (0x033e3fb3) mulhu   t6, t3, s3
core   0: 3 0x800005de (0x033e3fb3) x31 0x00000013
core   0: 0x800005e2 (0x007e3733) sltu    a4, t3, t2
core   0: 3 0x800005e2 (0x007e3733) x14 0x00000000
core   0: 0x800005e6 (0x8751f497) auipc   s1, 0x8751f
core   0: 3 0x800005e6 (0x8751f497) x 9 0x0751f5e6
core   0: 0x800005ea (0x00008d15) c.sub   a0, a3
core   0: 3 0x800005ea (0x8d15) x10 0x0130000d
core   0: 0x800005ec (0x000008ae) c.slli  a7, 11
core   0: 3 0x800005ec (0x08ae) x17 0x00800000
core   0: 0x800005ee (0x0000100f) fence.i
core   0: 3 0x800005ee (0x0000100f)
core   0: 0x800005f2 (0x036c1c33) mulh    s8, s8, s6
core   0: 3 0x800005f2 (0x036c1c33) x24 0x00000000
core   0: 0x800005f6 (0x00008d65) c.and   a0, s1
core   0: 3 0x800005f6 (0x8d65) x10 0x01100004
core   0: 0x800005f8 (0x00000405) c.addi  s0, 1
core   0: 3 0x800005f8 (0x0405) x 8 0x00000000
core   0: 0x800005fa (0xe8696393) ori     t2, s2, -378
core   0: 3 0x800005fa (0xe8696393) x 7 0xfffffe86
core   0: 0x800005fe (0x009beeb3) or      t4, s7, s1
core   0: 3 0x800005fe (0x009beeb3) x29 0xfffffff6
core   0: 0x80000602 (0x031561b3) rem     gp, a0, a7
core   0: 3 0x80000602 (0x031561b3) x 3 0x00100004
core   0: 0x80000606 (0xfef466e3) bltu    s0, a5, pc - 20
core   0: 3 0x80000606 (0xfef466e3)
core   0: 0x800005f2 (0x036c1c33) mulh    s8, s8, s6
core   0: 3 0x800005f2 (0x036c1c33) x24 0x00000000
core   0: 0x800005f6 (0x00008d65) c.and   a0, s1
core   0: 3 0x800005f6 (0x8d65) x10 0x01100004
core   0: 0x800005f8 (0x00000405) c.addi  s0, 1
core   0: 3 0x800005f8 (0x0405) x 8 0x00000001
core   0: 0x800005fa (0xe8696393) ori     t2, s2, -378
core   0: 3 0x800005fa (0xe8696393) x 7 0xfffffe86
core   0: 0x800005fe (0x009beeb3) or      t4, s7, s1
core   0: 3 0x800005fe (0x009beeb3) x29 0xfffffff6
core   0: 0x80000602 (0x031561b3) rem     gp, a0, a7
core   0: 3 0x80000602 (0x031561b3) x 3 0x00100004
core   0: 0x80000606 (0xfef466e3) bltu    s0, a5, pc - 20
core   0: 3 0x80000606 (0xfef466e3)
core   0: 0x800005f2 (0x036c1c33) mulh    s8, s8, s6
core   0: 3 0x800005f2 (0x036c1c33) x24 0x00000000
core   0: 0x800005f6 (0x00008d65) c.and   a0, s1
core   0: 3 0x800005f6 (0x8d65) x10 0x01100004
core   0: 0x800005f8 (0x00000405) c.addi  s0, 1
core   0: 3 0x800005f8 (0x0405) x 8 0x00000002
core   0: 0x800005fa (0xe8696393) ori     t2, s2, -378
core   0: 3 0x800005fa (0xe8696393) x 7 0xfffffe86
core   0: 0x800005fe (0x009beeb3) or      t4, s7, s1
core   0: 3 0x800005fe (0x009beeb3) x29 0xfffffff6
core   0: 0x80000602 (0x031561b3) rem     gp, a0, a7
core   0: 3 0x80000602 (0x031561b3) x 3 0x00100004
core   0: 0x80000606 (0xfef466e3) bltu    s0, a5, pc - 20
core   0: 3 0x80000606 (0xfef466e3)
core   0: 0x800005f2 (0x036c1c33) mulh    s8, s8, s6
core   0: 3 0x800005f2 (0x036c1c33) x24 0x00000000
core   0: 0x800005f6 (0x00008d65) c.and   a0, s1
core   0: 3 0x800005f6 (0x8d65) x10 0x01100004
core   0: 0x800005f8 (0x00000405) c.addi  s0, 1
core   0: 3 0x800005f8 (0x0405) x 8 0x00000003
core   0: 0x800005fa (0xe8696393) ori     t2, s2, -378
core   0: 3 0x800005fa (0xe8696393) x 7 0xfffffe86
core   0: 0x800005fe (0x009beeb3) or      t4, s7, s1
core   0: 3 0x800005fe (0x009beeb3) x29 0xfffffff6
core   0: 0x80000602 (0x031561b3) rem     gp, a0, a7
core   0: 3 0x80000602 (0x031561b3) x 3 0x00100004
core   0: 0x80000606 (0xfef466e3) bltu    s0, a5, pc - 20
core   0: 3 0x80000606 (0xfef466e3)
core   0: 0x800005f2 (0x036c1c33) mulh    s8, s8, s6
core   0: 3 0x800005f2 (0x036c1c33) x24 0x00000000
core   0: 0x800005f6 (0x00008d65) c.and   a0, s1
core   0: 3 0x800005f6 (0x8d65) x10 0x01100004
core   0: 0x800005f8 (0x00000405) c.addi  s0, 1
core   0: 3 0x800005f8 (0x0405) x 8 0x00000004
core   0: 0x800005fa (0xe8696393) ori     t2, s2, -378
core   0: 3 0x800005fa (0xe8696393) x 7 0xfffffe86
core   0: 0x800005fe (0x009beeb3) or      t4, s7, s1
core   0: 3 0x800005fe (0x009beeb3) x29 0xfffffff6
core   0: 0x80000602 (0x031561b3) rem     gp, a0, a7
core   0: 3 0x80000602 (0x031561b3) x 3 0x00100004
core   0: 0x80000606 (0xfef466e3) bltu    s0, a5, pc - 20
core   0: 3 0x80000606 (0xfef466e3)
core   0: 0x800005f2 (0x036c1c33) mulh    s8, s8, s6
core   0: 3 0x800005f2 (0x036c1c33) x24 0x00000000
core   0: 0x800005f6 (0x00008d65) c.and   a0, s1
core   0: 3 0x800005f6 (0x8d65) x10 0x01100004
core   0: 0x800005f8 (0x00000405) c.addi  s0, 1
core   0: 3 0x800005f8 (0x0405) x 8 0x00000005
core   0: 0x800005fa (0xe8696393) ori     t2, s2, -378
core   0: 3 0x800005fa (0xe8696393) x 7 0xfffffe86
core   0: 0x800005fe (0x009beeb3) or      t4, s7, s1
core   0: 3 0x800005fe (0x009beeb3) x29 0xfffffff6
core   0: 0x80000602 (0x031561b3) rem     gp, a0, a7
core   0: 3 0x80000602 (0x031561b3) x 3 0x00100004
core   0: 0x80000606 (0xfef466e3) bltu    s0, a5, pc - 20
core   0: 3 0x80000606 (0xfef466e3)
core   0: 0x800005f2 (0x036c1c33) mulh    s8, s8, s6
core   0: 3 0x800005f2 (0x036c1c33) x24 0x00000000
core   0: 0x800005f6 (0x00008d65) c.and   a0, s1
core   0: 3 0x800005f6 (0x8d65) x10 0x01100004
core   0: 0x800005f8 (0x00000405) c.addi  s0, 1
core   0: 3 0x800005f8 (0x0405) x 8 0x00000006
core   0: 0x800005fa (0xe8696393) ori     t2, s2, -378
core   0: 3 0x800005fa (0xe8696393) x 7 0xfffffe86
core   0: 0x800005fe (0x009beeb3) or      t4, s7, s1
core   0: 3 0x800005fe (0x009beeb3) x29 0xfffffff6
core   0: 0x80000602 (0x031561b3) rem     gp, a0, a7
core   0: 3 0x80000602 (0x031561b3) x 3 0x00100004
core   0: 0x80000606 (0xfef466e3) bltu    s0, a5, pc - 20
core   0: 3 0x80000606 (0xfef466e3)
core   0: 0x800005f2 (0x036c1c33) mulh    s8, s8, s6
core   0: 3 0x800005f2 (0x036c1c33) x24 0x00000000
core   0: 0x800005f6 (0x00008d65) c.and   a0, s1
core   0: 3 0x800005f6 (0x8d65) x10 0x01100004
core   0: 0x800005f8 (0x00000405) c.addi  s0, 1
core   0: 3 0x800005f8 (0x0405) x 8 0x00000007
core   0: 0x800005fa (0xe8696393) ori     t2, s2, -378
core   0: 3 0x800005fa (0xe8696393) x 7 0xfffffe86
core   0: 0x800005fe (0x009beeb3) or      t4, s7, s1
core   0: 3 0x800005fe (0x009beeb3) x29 0xfffffff6
core   0: 0x80000602 (0x031561b3) rem     gp, a0, a7
core   0: 3 0x80000602 (0x031561b3) x 3 0x00100004
core   0: 0x80000606 (0xfef466e3) bltu    s0, a5, pc - 20
core   0: 3 0x80000606 (0xfef466e3)
core   0: 0x800005f2 (0x036c1c33) mulh    s8, s8, s6
core   0: 3 0x800005f2 (0x036c1c33) x24 0x00000000
core   0: 0x800005f6 (0x00008d65) c.and   a0, s1
core   0: 3 0x800005f6 (0x8d65) x10 0x01100004
core   0: 0x800005f8 (0x00000405) c.addi  s0, 1
core   0: 3 0x800005f8 (0x0405) x 8 0x00000008
core   0: 0x800005fa (0xe8696393) ori     t2, s2, -378
core   0: 3 0x800005fa (0xe8696393) x 7 0xfffffe86
core   0: 0x800005fe (0x009beeb3) or      t4, s7, s1
core   0: 3 0x800005fe (0x009beeb3) x29 0xfffffff6
core   0: 0x80000602 (0x031561b3) rem     gp, a0, a7
core   0: 3 0x80000602 (0x031561b3) x 3 0x00100004
core   0: 0x80000606 (0xfef466e3) bltu    s0, a5, pc - 20
core   0: 3 0x80000606 (0xfef466e3)
core   0: 0x800005f2 (0x036c1c33) mulh    s8, s8, s6
core   0: 3 0x800005f2 (0x036c1c33) x24 0x00000000
core   0: 0x800005f6 (0x00008d65) c.and   a0, s1
core   0: 3 0x800005f6 (0x8d65) x10 0x01100004
core   0: 0x800005f8 (0x00000405) c.addi  s0, 1
core   0: 3 0x800005f8 (0x0405) x 8 0x00000009
core   0: 0x800005fa (0xe8696393) ori     t2, s2, -378
core   0: 3 0x800005fa (0xe8696393) x 7 0xfffffe86
core   0: 0x800005fe (0x009beeb3) or      t4, s7, s1
core   0: 3 0x800005fe (0x009beeb3) x29 0xfffffff6
core   0: 0x80000602 (0x031561b3) rem     gp, a0, a7
core   0: 3 0x80000602 (0x031561b3) x 3 0x00100004
core   0: 0x80000606 (0xfef466e3) bltu    s0, a5, pc - 20
core   0: 3 0x80000606 (0xfef466e3)
core   0: 0x800005f2 (0x036c1c33) mulh    s8, s8, s6
core   0: 3 0x800005f2 (0x036c1c33) x24 0x00000000
core   0: 0x800005f6 (0x00008d65) c.and   a0, s1
core   0: 3 0x800005f6 (0x8d65) x10 0x01100004
core   0: 0x800005f8 (0x00000405) c.addi  s0, 1
core   0: 3 0x800005f8 (0x0405) x 8 0x0000000a
core   0: 0x800005fa (0xe8696393) ori     t2, s2, -378
core   0: 3 0x800005fa (0xe8696393) x 7 0xfffffe86
core   0: 0x800005fe (0x009beeb3) or      t4, s7, s1
core   0: 3 0x800005fe (0x009beeb3) x29 0xfffffff6
core   0: 0x80000602 (0x031561b3) rem     gp, a0, a7
core   0: 3 0x80000602 (0x031561b3) x 3 0x00100004
core   0: 0x80000606 (0xfef466e3) bltu    s0, a5, pc - 20
core   0: 3 0x80000606 (0xfef466e3)
core   0: 0x800005f2 (0x036c1c33) mulh    s8, s8, s6
core   0: 3 0x800005f2 (0x036c1c33) x24 0x00000000
core   0: 0x800005f6 (0x00008d65) c.and   a0, s1
core   0: 3 0x800005f6 (0x8d65) x10 0x01100004
core   0: 0x800005f8 (0x00000405) c.addi  s0, 1
core   0: 3 0x800005f8 (0x0405) x 8 0x0000000b
core   0: 0x800005fa (0xe8696393) ori     t2, s2, -378
core   0: 3 0x800005fa (0xe8696393) x 7 0xfffffe86
core   0: 0x800005fe (0x009beeb3) or      t4, s7, s1
core   0: 3 0x800005fe (0x009beeb3) x29 0xfffffff6
core   0: 0x80000602 (0x031561b3) rem     gp, a0, a7
core   0: 3 0x80000602 (0x031561b3) x 3 0x00100004
core   0: 0x80000606 (0xfef466e3) bltu    s0, a5, pc - 20
core   0: 3 0x80000606 (0xfef466e3)
core   0: 0x800005f2 (0x036c1c33) mulh    s8, s8, s6
core   0: 3 0x800005f2 (0x036c1c33) x24 0x00000000
core   0: 0x800005f6 (0x00008d65) c.and   a0, s1
core   0: 3 0x800005f6 (0x8d65) x10 0x01100004
core   0: 0x800005f8 (0x00000405) c.addi  s0, 1
core   0: 3 0x800005f8 (0x0405) x 8 0x0000000c
core   0: 0x800005fa (0xe8696393) ori     t2, s2, -378
core   0: 3 0x800005fa (0xe8696393) x 7 0xfffffe86
core   0: 0x800005fe (0x009beeb3) or      t4, s7, s1
core   0: 3 0x800005fe (0x009beeb3) x29 0xfffffff6
core   0: 0x80000602 (0x031561b3) rem     gp, a0, a7
core   0: 3 0x80000602 (0x031561b3) x 3 0x00100004
core   0: 0x80000606 (0xfef466e3) bltu    s0, a5, pc - 20
core   0: 3 0x80000606 (0xfef466e3)
core   0: 0x8000060a (0x014f9713) slli    a4, t6, 20
core   0: 3 0x8000060a (0x014f9713) x14 0x01300000
core   0: 0x8000060e (0x89687393) andi    t2, a6, -1898
core   0: 3 0x8000060e (0x89687393) x 7 0x80026884
core   0: 0x80000612 (0xfa5b64e3) bltu    s6, t0, pc - 88
core   0: 3 0x80000612 (0xfa5b64e3)
core   0: 0x80000616 (0x00008d71) c.and   a0, a2
core   0: 3 0x80000616 (0x8d71) x10 0x00000000
core   0: 0x80000618 (0xff900b93) li      s7, -7
core   0: 3 0x80000618 (0xff900b93) x23 0xfffffff9
core   0: 0x8000061c (0xff900713) li      a4, -7
core   0: 3 0x8000061c (0xff900713) x14 0xfffffff9
core   0: 0x80000620 (0x0000849a) c.mv    s1, t1
core   0: 3 0x80000620 (0x849a) x 9 0x80022e64
core   0: 0x80000622 (0x02811233) mulh    tp, sp, s0
core   0: 3 0x80000622 (0x02811233) x 4 0x00000000
core   0: 0x80000626 (0x00001bf5) c.addi  s7, -3
core   0: 3 0x80000626 (0x1bf5) x23 0xfffffff6
core   0: 0x80000628 (0x00a00e13) li      t3, 10
core   0: 3 0x80000628 (0x00a00e13) x28 0x0000000a
core   0: 0x8000062c (0x00a00993) li      s3, 10
core   0: 3 0x8000062c (0x00a00993) x19 0x0000000a
core   0: 0x80000630 (0x01bd0633) add     a2, s10, s11
core   0: 3 0x80000630 (0x01bd0633) x12 0xe60a0012
core   0: 0x80000634 (0x00001e5d) c.addi  t3, -9
core   0: 3 0x80000634 (0x1e5d) x28 0x00000001
core   0: 0x80000636 (0xff3e7de3) bgeu    t3, s3, pc - 6
core   0: 3 0x80000636 (0xff3e7de3)
core   0: 0x8000063a (0xfeebd4e3) bge     s7, a4, pc - 24
core   0: 3 0x8000063a (0xfeebd4e3)
core   0: 0x8000063e (0x000084cd) c.srai  s1, 19
core   0: 3 0x8000063e (0x84cd) x 9 0xfffff000
core   0: 0x80000640 (0xffe00793) li      a5, -2
core   0: 3 0x80000640 (0xffe00793) x15 0xfffffffe
core   0: 0x80000644 (0xd7946e13) ori     t3, s0, -647
core   0: 3 0x80000644 (0xd7946e13) x28 0xfffffd7d
core   0: 0x80000648 (0x00008e65) c.and   a2, s1
core   0: 3 0x80000648 (0x8e65) x12 0xe60a0000
core   0: 0x8000064a (0x0000717d) c.addi16sp sp, -16
core   0: 3 0x8000064a (0x717d) x 2 0xfffffff1
core   0: 0x8000064c (0x01100193) li      gp, 17
core   0: 3 0x8000064c (0x01100193) x 3 0x00000011
core   0: 0x80000650 (0xffd59e17) auipc   t3, 0xffd59
core   0: 3 0x80000650 (0xffd59e17) x28 0x7fd59650
core   0: 0x80000654 (0xf95bbb13) sltiu   s6, s7, -107
core   0: 3 0x80000654 (0xf95bbb13) x22 0x00000000
core   0: 0x80000658 (0x0ff0000f) fence   iorw,iorw
core   0: 3 0x80000658 (0x0ff0000f)
core   0: 0x8000065c (0x00000795) c.addi  a5, 5
core   0: 3 0x8000065c (0x0795) x15 0x00000003
core   0: 0x8000065e (0xff600713) li      a4, -10
core   0: 3 0x8000065e (0xff600713) x14 0xfffffff6
core   0: 0x80000662 (0x40d654b3) sra     s1, a2, a3
core   0: 3 0x80000662 (0x40d654b3) x 9 0xffffff30
core   0: 0x80000666 (0x0119fe33) and     t3, s3, a7
core   0: 3 0x80000666 (0x0119fe33) x28 0x00000000
core   0: 0x8000066a (0xffb00693) li      a3, -5
core   0: 3 0x8000066a (0xffb00693) x13 0xfffffffb
core   0: 0x8000066e (0x029b5133) divu    sp, s6, s1
core   0: 3 0x8000066e (0x029b5133) x 2 0x00000000
core   0: 0x80000672 (0x015fccb3) xor     s9, t6, s5
core   0: 3 0x80000672 (0x015fccb3) x25 0xc329c013
core   0: 0x80000676 (0x0000850d) c.srai  a0, 3
core   0: 3 0x80000676 (0x850d) x10 0x00000000
core   0: 0x80000678 (0x00000705) c.addi  a4, 1
core   0: 3 0x80000678 (0x0705) x14 0xfffffff7
core   0: 0x8000067a (0x00000f8c) c.addi4spn a1, sp, 976
core   0: 3 0x8000067a (0x0f8c) x11 0x000003d0
core   0: 0x8000067c (0x00000001) c.nop
core   0: 3 0x8000067c (0x0001)
core   0: 0x8000067e (0x029a8e33) mul     t3, s5, s1
core   0: 3 0x8000067e (0x029a8e33) x28 0x6e140000
core   0: 0x80000682 (0x40626913) ori     s2, tp, 1030
core   0: 3 0x80000682 (0x40626913) x18 0x00000406
core   0: 0x80000686 (0x000081f1) c.srli  a1, 28
core   0: 3 0x80000686 (0x81f1) x11 0x00000000
core   0: 0x80000688 (0x000081f9) c.srli  a1, 30
core   0: 3 0x80000688 (0x81f9) x11 0x00000000
core   0: 0x8000068a (0x00005c7d) c.li    s8, -1
core   0: 3 0x8000068a (0x5c7d) x24 0xffffffff
core   0: 0x8000068c (0x02497ab3) remu    s5, s2, tp
core   0: 3 0x8000068c (0x02497ab3) x21 0x00000406
core   0: 0x80000690 (0x01eb5c13) srli    s8, s6, 30
core   0: 3 0x80000690 (0x01eb5c13) x24 0x00000000
core   0: 0x80000694 (0xfcd71de3) bne     a4, a3, pc - 38
core   0: 3 0x80000694 (0xfcd71de3)
core   0: 0x8000066e (0x029b5133) divu    sp, s6, s1
core   0: 3 0x8000066e (0x029b5133) x 2 0x00000000
core   0: 0x80000672 (0x015fccb3) xor     s9, t6, s5
core   0: 3 0x80000672 (0x015fccb3) x25 0x00000415
core   0: 0x80000676 (0x0000850d) c.srai  a0, 3
core   0: 3 0x80000676 (0x850d) x10 0x00000000
core   0: 0x80000678 (0x00000705) c.addi  a4, 1
core   0: 3 0x80000678 (0x0705) x14 0xfffffff8
core   0: 0x8000067a (0x00000f8c) c.addi4spn a1, sp, 976
core   0: 3 0x8000067a (0x0f8c) x11 0x000003d0
core   0: 0x8000067c (0x00000001) c.nop
core   0: 3 0x8000067c (0x0001)
core   0: 0x8000067e (0x029a8e33) mul     t3, s5, s1
core   0: 3 0x8000067e (0x029a8e33) x28 0xfffcbb20
core   0: 0x80000682 (0x40626913) ori     s2, tp, 1030
core   0: 3 0x80000682 (0x40626913) x18 0x00000406
core   0: 0x80000686 (0x000081f1) c.srli  a1, 28
core   0: 3 0x80000686 (0x81f1) x11 0x00000000
core   0: 0x80000688 (0x000081f9) c.srli  a1, 30
core   0: 3 0x80000688 (0x81f9) x11 0x00000000
core   0: 0x8000068a (0x00005c7d) c.li    s8, -1
core   0: 3 0x8000068a (0x5c7d) x24 0xffffffff
core   0: 0x8000068c (0x02497ab3) remu    s5, s2, tp
core   0: 3 0x8000068c (0x02497ab3) x21 0x00000406
core   0: 0x80000690 (0x01eb5c13) srli    s8, s6, 30
core   0: 3 0x80000690 (0x01eb5c13) x24 0x00000000
core   0: 0x80000694 (0xfcd71de3) bne     a4, a3, pc - 38
core   0: 3 0x80000694 (0xfcd71de3)
core   0: 0x8000066e (0x029b5133) divu    sp, s6, s1
core   0: 3 0x8000066e (0x029b5133) x 2 0x00000000
core   0: 0x80000672 (0x015fccb3) xor     s9, t6, s5
core   0: 3 0x80000672 (0x015fccb3) x25 0x00000415
core   0: 0x80000676 (0x0000850d) c.srai  a0, 3
core   0: 3 0x80000676 (0x850d) x10 0x00000000
core   0: 0x80000678 (0x00000705) c.addi  a4, 1
core   0: 3 0x80000678 (0x0705) x14 0xfffffff9
core   0: 0x8000067a (0x00000f8c) c.addi4spn a1, sp, 976
core   0: 3 0x8000067a (0x0f8c) x11 0x000003d0
core   0: 0x8000067c (0x00000001) c.nop
core   0: 3 0x8000067c (0x0001)
core   0: 0x8000067e (0x029a8e33) mul     t3, s5, s1
core   0: 3 0x8000067e (0x029a8e33) x28 0xfffcbb20
core   0: 0x80000682 (0x40626913) ori     s2, tp, 1030
core   0: 3 0x80000682 (0x40626913) x18 0x00000406
core   0: 0x80000686 (0x000081f1) c.srli  a1, 28
core   0: 3 0x80000686 (0x81f1) x11 0x00000000
core   0: 0x80000688 (0x000081f9) c.srli  a1, 30
core   0: 3 0x80000688 (0x81f9) x11 0x00000000
core   0: 0x8000068a (0x00005c7d) c.li    s8, -1
core   0: 3 0x8000068a (0x5c7d) x24 0xffffffff
core   0: 0x8000068c (0x02497ab3) remu    s5, s2, tp
core   0: 3 0x8000068c (0x02497ab3) x21 0x00000406
core   0: 0x80000690 (0x01eb5c13) srli    s8, s6, 30
core   0: 3 0x80000690 (0x01eb5c13) x24 0x00000000
core   0: 0x80000694 (0xfcd71de3) bne     a4, a3, pc - 38
core   0: 3 0x80000694 (0xfcd71de3)
core   0: 0x8000066e (0x029b5133) divu    sp, s6, s1
core   0: 3 0x8000066e (0x029b5133) x 2 0x00000000
core   0: 0x80000672 (0x015fccb3) xor     s9, t6, s5
core   0: 3 0x80000672 (0x015fccb3) x25 0x00000415
core   0: 0x80000676 (0x0000850d) c.srai  a0, 3
core   0: 3 0x80000676 (0x850d) x10 0x00000000
core   0: 0x80000678 (0x00000705) c.addi  a4, 1
core   0: 3 0x80000678 (0x0705) x14 0xfffffffa
core   0: 0x8000067a (0x00000f8c) c.addi4spn a1, sp, 976
core   0: 3 0x8000067a (0x0f8c) x11 0x000003d0
core   0: 0x8000067c (0x00000001) c.nop
core   0: 3 0x8000067c (0x0001)
core   0: 0x8000067e (0x029a8e33) mul     t3, s5, s1
core   0: 3 0x8000067e (0x029a8e33) x28 0xfffcbb20
core   0: 0x80000682 (0x40626913) ori     s2, tp, 1030
core   0: 3 0x80000682 (0x40626913) x18 0x00000406
core   0: 0x80000686 (0x000081f1) c.srli  a1, 28
core   0: 3 0x80000686 (0x81f1) x11 0x00000000
core   0: 0x80000688 (0x000081f9) c.srli  a1, 30
core   0: 3 0x80000688 (0x81f9) x11 0x00000000
core   0: 0x8000068a (0x00005c7d) c.li    s8, -1
core   0: 3 0x8000068a (0x5c7d) x24 0xffffffff
core   0: 0x8000068c (0x02497ab3) remu    s5, s2, tp
core   0: 3 0x8000068c (0x02497ab3) x21 0x00000406
core   0: 0x80000690 (0x01eb5c13) srli    s8, s6, 30
core   0: 3 0x80000690 (0x01eb5c13) x24 0x00000000
core   0: 0x80000694 (0xfcd71de3) bne     a4, a3, pc - 38
core   0: 3 0x80000694 (0xfcd71de3)
core   0: 0x8000066e (0x029b5133) divu    sp, s6, s1
core   0: 3 0x8000066e (0x029b5133) x 2 0x00000000
core   0: 0x80000672 (0x015fccb3) xor     s9, t6, s5
core   0: 3 0x80000672 (0x015fccb3) x25 0x00000415
core   0: 0x80000676 (0x0000850d) c.srai  a0, 3
core   0: 3 0x80000676 (0x850d) x10 0x00000000
core   0: 0x80000678 (0x00000705) c.addi  a4, 1
core   0: 3 0x80000678 (0x0705) x14 0xfffffffb
core   0: 0x8000067a (0x00000f8c) c.addi4spn a1, sp, 976
core   0: 3 0x8000067a (0x0f8c) x11 0x000003d0
core   0: 0x8000067c (0x00000001) c.nop
core   0: 3 0x8000067c (0x0001)
core   0: 0x8000067e (0x029a8e33) mul     t3, s5, s1
core   0: 3 0x8000067e (0x029a8e33) x28 0xfffcbb20
core   0: 0x80000682 (0x40626913) ori     s2, tp, 1030
core   0: 3 0x80000682 (0x40626913) x18 0x00000406
core   0: 0x80000686 (0x000081f1) c.srli  a1, 28
core   0: 3 0x80000686 (0x81f1) x11 0x00000000
core   0: 0x80000688 (0x000081f9) c.srli  a1, 30
core   0: 3 0x80000688 (0x81f9) x11 0x00000000
core   0: 0x8000068a (0x00005c7d) c.li    s8, -1
core   0: 3 0x8000068a (0x5c7d) x24 0xffffffff
core   0: 0x8000068c (0x02497ab3) remu    s5, s2, tp
core   0: 3 0x8000068c (0x02497ab3) x21 0x00000406
core   0: 0x80000690 (0x01eb5c13) srli    s8, s6, 30
core   0: 3 0x80000690 (0x01eb5c13) x24 0x00000000
core   0: 0x80000694 (0xfcd71de3) bne     a4, a3, pc - 38
core   0: 3 0x80000694 (0xfcd71de3)
core   0: 0x80000698 (0xfa37ece3) bltu    a5, gp, pc - 72
core   0: 3 0x80000698 (0xfa37ece3)
core   0: 0x80000650 (0xffd59e17) auipc   t3, 0xffd59
core   0: 3 0x80000650 (0xffd59e17) x28 0x7fd59650
core   0: 0x80000654 (0xf95bbb13) sltiu   s6, s7, -107
core   0: 3 0x80000654 (0xf95bbb13) x22 0x00000000
core   0: 0x80000658 (0x0ff0000f) fence   iorw,iorw
core   0: 3 0x80000658 (0x0ff0000f)
core   0: 0x8000065c (0x00000795) c.addi  a5, 5
core   0: 3 0x8000065c (0x0795) x15 0x00000008
core   0: 0x8000065e (0xff600713) li      a4, -10
core   0: 3 0x8000065e (0xff600713) x14 0xfffffff6
core   0: 0x80000662 (0x40d654b3) sra     s1, a2, a3
core   0: 3 0x80000662 (0x40d654b3) x 9 0xfffffffc
core   0: 0x80000666 (0x0119fe33) and     t3, s3, a7
core   0: 3 0x80000666 (0x0119fe33) x28 0x00000000
core   0: 0x8000066a (0xffb00693) li      a3, -5
core   0: 3 0x8000066a (0xffb00693) x13 0xfffffffb
core   0: 0x8000066e (0x029b5133) divu    sp, s6, s1
core   0: 3 0x8000066e (0x029b5133) x 2 0x00000000
core   0: 0x80000672 (0x015fccb3) xor     s9, t6, s5
core   0: 3 0x80000672 (0x015fccb3) x25 0x00000415
core   0: 0x80000676 (0x0000850d) c.srai  a0, 3
core   0: 3 0x80000676 (0x850d) x10 0x00000000
core   0: 0x80000678 (0x00000705) c.addi  a4, 1
core   0: 3 0x80000678 (0x0705) x14 0xfffffff7
core   0: 0x8000067a (0x00000f8c) c.addi4spn a1, sp, 976
core   0: 3 0x8000067a (0x0f8c) x11 0x000003d0
core   0: 0x8000067c (0x00000001) c.nop
core   0: 3 0x8000067c (0x0001)
core   0: 0x8000067e (0x029a8e33) mul     t3, s5, s1
core   0: 3 0x8000067e (0x029a8e33) x28 0xffffefe8
core   0: 0x80000682 (0x40626913) ori     s2, tp, 1030
core   0: 3 0x80000682 (0x40626913) x18 0x00000406
core   0: 0x80000686 (0x000081f1) c.srli  a1, 28
core   0: 3 0x80000686 (0x81f1) x11 0x00000000
core   0: 0x80000688 (0x000081f9) c.srli  a1, 30
core   0: 3 0x80000688 (0x81f9) x11 0x00000000
core   0: 0x8000068a (0x00005c7d) c.li    s8, -1
core   0: 3 0x8000068a (0x5c7d) x24 0xffffffff
core   0: 0x8000068c (0x02497ab3) remu    s5, s2, tp
core   0: 3 0x8000068c (0x02497ab3) x21 0x00000406
core   0: 0x80000690 (0x01eb5c13) srli    s8, s6, 30
core   0: 3 0x80000690 (0x01eb5c13) x24 0x00000000
core   0: 0x80000694 (0xfcd71de3) bne     a4, a3, pc - 38
core   0: 3 0x80000694 (0xfcd71de3)
core   0: 0x8000066e (0x029b5133) divu    sp, s6, s1
core   0: 3 0x8000066e (0x029b5133) x 2 0x00000000
core   0: 0x80000672 (0x015fccb3) xor     s9, t6, s5
core   0: 3 0x80000672 (0x015fccb3) x25 0x00000415
core   0: 0x80000676 (0x0000850d) c.srai  a0, 3
core   0: 3 0x80000676 (0x850d) x10 0x00000000
core   0: 0x80000678 (0x00000705) c.addi  a4, 1
core   0: 3 0x80000678 (0x0705) x14 0xfffffff8
core   0: 0x8000067a (0x00000f8c) c.addi4spn a1, sp, 976
core   0: 3 0x8000067a (0x0f8c) x11 0x000003d0
core   0: 0x8000067c (0x00000001) c.nop
core   0: 3 0x8000067c (0x0001)
core   0: 0x8000067e (0x029a8e33) mul     t3, s5, s1
core   0: 3 0x8000067e (0x029a8e33) x28 0xffffefe8
core   0: 0x80000682 (0x40626913) ori     s2, tp, 1030
core   0: 3 0x80000682 (0x40626913) x18 0x00000406
core   0: 0x80000686 (0x000081f1) c.srli  a1, 28
core   0: 3 0x80000686 (0x81f1) x11 0x00000000
core   0: 0x80000688 (0x000081f9) c.srli  a1, 30
core   0: 3 0x80000688 (0x81f9) x11 0x00000000
core   0: 0x8000068a (0x00005c7d) c.li    s8, -1
core   0: 3 0x8000068a (0x5c7d) x24 0xffffffff
core   0: 0x8000068c (0x02497ab3) remu    s5, s2, tp
core   0: 3 0x8000068c (0x02497ab3) x21 0x00000406
core   0: 0x80000690 (0x01eb5c13) srli    s8, s6, 30
core   0: 3 0x80000690 (0x01eb5c13) x24 0x00000000
core   0: 0x80000694 (0xfcd71de3) bne     a4, a3, pc - 38
core   0: 3 0x80000694 (0xfcd71de3)
core   0: 0x8000066e (0x029b5133) divu    sp, s6, s1
core   0: 3 0x8000066e (0x029b5133) x 2 0x00000000
core   0: 0x80000672 (0x015fccb3) xor     s9, t6, s5
core   0: 3 0x80000672 (0x015fccb3) x25 0x00000415
core   0: 0x80000676 (0x0000850d) c.srai  a0, 3
core   0: 3 0x80000676 (0x850d) x10 0x00000000
core   0: 0x80000678 (0x00000705) c.addi  a4, 1
core   0: 3 0x80000678 (0x0705) x14 0xfffffff9
core   0: 0x8000067a (0x00000f8c) c.addi4spn a1, sp, 976
core   0: 3 0x8000067a (0x0f8c) x11 0x000003d0
core   0: 0x8000067c (0x00000001) c.nop
core   0: 3 0x8000067c (0x0001)
core   0: 0x8000067e (0x029a8e33) mul     t3, s5, s1
core   0: 3 0x8000067e (0x029a8e33) x28 0xffffefe8
core   0: 0x80000682 (0x40626913) ori     s2, tp, 1030
core   0: 3 0x80000682 (0x40626913) x18 0x00000406
core   0: 0x80000686 (0x000081f1) c.srli  a1, 28
core   0: 3 0x80000686 (0x81f1) x11 0x00000000
core   0: 0x80000688 (0x000081f9) c.srli  a1, 30
core   0: 3 0x80000688 (0x81f9) x11 0x00000000
core   0: 0x8000068a (0x00005c7d) c.li    s8, -1
core   0: 3 0x8000068a (0x5c7d) x24 0xffffffff
core   0: 0x8000068c (0x02497ab3) remu    s5, s2, tp
core   0: 3 0x8000068c (0x02497ab3) x21 0x00000406
core   0: 0x80000690 (0x01eb5c13) srli    s8, s6, 30
core   0: 3 0x80000690 (0x01eb5c13) x24 0x00000000
core   0: 0x80000694 (0xfcd71de3) bne     a4, a3, pc - 38
core   0: 3 0x80000694 (0xfcd71de3)
core   0: 0x8000066e (0x029b5133) divu    sp, s6, s1
core   0: 3 0x8000066e (0x029b5133) x 2 0x00000000
core   0: 0x80000672 (0x015fccb3) xor     s9, t6, s5
core   0: 3 0x80000672 (0x015fccb3) x25 0x00000415
core   0: 0x80000676 (0x0000850d) c.srai  a0, 3
core   0: 3 0x80000676 (0x850d) x10 0x00000000
core   0: 0x80000678 (0x00000705) c.addi  a4, 1
core   0: 3 0x80000678 (0x0705) x14 0xfffffffa
core   0: 0x8000067a (0x00000f8c) c.addi4spn a1, sp, 976
core   0: 3 0x8000067a (0x0f8c) x11 0x000003d0
core   0: 0x8000067c (0x00000001) c.nop
core   0: 3 0x8000067c (0x0001)
core   0: 0x8000067e (0x029a8e33) mul     t3, s5, s1
core   0: 3 0x8000067e (0x029a8e33) x28 0xffffefe8
core   0: 0x80000682 (0x40626913) ori     s2, tp, 1030
core   0: 3 0x80000682 (0x40626913) x18 0x00000406
core   0: 0x80000686 (0x000081f1) c.srli  a1, 28
core   0: 3 0x80000686 (0x81f1) x11 0x00000000
core   0: 0x80000688 (0x000081f9) c.srli  a1, 30
core   0: 3 0x80000688 (0x81f9) x11 0x00000000
core   0: 0x8000068a (0x00005c7d) c.li    s8, -1
core   0: 3 0x8000068a (0x5c7d) x24 0xffffffff
core   0: 0x8000068c (0x02497ab3) remu    s5, s2, tp
core   0: 3 0x8000068c (0x02497ab3) x21 0x00000406
core   0: 0x80000690 (0x01eb5c13) srli    s8, s6, 30
core   0: 3 0x80000690 (0x01eb5c13) x24 0x00000000
core   0: 0x80000694 (0xfcd71de3) bne     a4, a3, pc - 38
core   0: 3 0x80000694 (0xfcd71de3)
core   0: 0x8000066e (0x029b5133) divu    sp, s6, s1
core   0: 3 0x8000066e (0x029b5133) x 2 0x00000000
core   0: 0x80000672 (0x015fccb3) xor     s9, t6, s5
core   0: 3 0x80000672 (0x015fccb3) x25 0x00000415
core   0: 0x80000676 (0x0000850d) c.srai  a0, 3
core   0: 3 0x80000676 (0x850d) x10 0x00000000
core   0: 0x80000678 (0x00000705) c.addi  a4, 1
core   0: 3 0x80000678 (0x0705) x14 0xfffffffb
core   0: 0x8000067a (0x00000f8c) c.addi4spn a1, sp, 976
core   0: 3 0x8000067a (0x0f8c) x11 0x000003d0
core   0: 0x8000067c (0x00000001) c.nop
core   0: 3 0x8000067c (0x0001)
core   0: 0x8000067e (0x029a8e33) mul     t3, s5, s1
core   0: 3 0x8000067e (0x029a8e33) x28 0xffffefe8
core   0: 0x80000682 (0x40626913) ori     s2, tp, 1030
core   0: 3 0x80000682 (0x40626913) x18 0x00000406
core   0: 0x80000686 (0x000081f1) c.srli  a1, 28
core   0: 3 0x80000686 (0x81f1) x11 0x00000000
core   0: 0x80000688 (0x000081f9) c.srli  a1, 30
core   0: 3 0x80000688 (0x81f9) x11 0x00000000
core   0: 0x8000068a (0x00005c7d) c.li    s8, -1
core   0: 3 0x8000068a (0x5c7d) x24 0xffffffff
core   0: 0x8000068c (0x02497ab3) remu    s5, s2, tp
core   0: 3 0x8000068c (0x02497ab3) x21 0x00000406
core   0: 0x80000690 (0x01eb5c13) srli    s8, s6, 30
core   0: 3 0x80000690 (0x01eb5c13) x24 0x00000000
core   0: 0x80000694 (0xfcd71de3) bne     a4, a3, pc - 38
core   0: 3 0x80000694 (0xfcd71de3)
core   0: 0x80000698 (0xfa37ece3) bltu    a5, gp, pc - 72
core   0: 3 0x80000698 (0xfa37ece3)
core   0: 0x80000650 (0xffd59e17) auipc   t3, 0xffd59
core   0: 3 0x80000650 (0xffd59e17) x28 0x7fd59650
core   0: 0x80000654 (0xf95bbb13) sltiu   s6, s7, -107
core   0: 3 0x80000654 (0xf95bbb13) x22 0x00000000
core   0: 0x80000658 (0x0ff0000f) fence   iorw,iorw
core   0: 3 0x80000658 (0x0ff0000f)
core   0: 0x8000065c (0x00000795) c.addi  a5, 5
core   0: 3 0x8000065c (0x0795) x15 0x0000000d
core   0: 0x8000065e (0xff600713) li      a4, -10
core   0: 3 0x8000065e (0xff600713) x14 0xfffffff6
core   0: 0x80000662 (0x40d654b3) sra     s1, a2, a3
core   0: 3 0x80000662 (0x40d654b3) x 9 0xfffffffc
core   0: 0x80000666 (0x0119fe33) and     t3, s3, a7
core   0: 3 0x80000666 (0x0119fe33) x28 0x00000000
core   0: 0x8000066a (0xffb00693) li      a3, -5
core   0: 3 0x8000066a (0xffb00693) x13 0xfffffffb
core   0: 0x8000066e (0x029b5133) divu    sp, s6, s1
core   0: 3 0x8000066e (0x029b5133) x 2 0x00000000
core   0: 0x80000672 (0x015fccb3) xor     s9, t6, s5
core   0: 3 0x80000672 (0x015fccb3) x25 0x00000415
core   0: 0x80000676 (0x0000850d) c.srai  a0, 3
core   0: 3 0x80000676 (0x850d) x10 0x00000000
core   0: 0x80000678 (0x00000705) c.addi  a4, 1
core   0: 3 0x80000678 (0x0705) x14 0xfffffff7
core   0: 0x8000067a (0x00000f8c) c.addi4spn a1, sp, 976
core   0: 3 0x8000067a (0x0f8c) x11 0x000003d0
core   0: 0x8000067c (0x00000001) c.nop
core   0: 3 0x8000067c (0x0001)
core   0: 0x8000067e (0x029a8e33) mul     t3, s5, s1
core   0: 3 0x8000067e (0x029a8e33) x28 0xffffefe8
core   0: 0x80000682 (0x40626913) ori     s2, tp, 1030
core   0: 3 0x80000682 (0x40626913) x18 0x00000406
core   0: 0x80000686 (0x000081f1) c.srli  a1, 28
core   0: 3 0x80000686 (0x81f1) x11 0x00000000
core   0: 0x80000688 (0x000081f9) c.srli  a1, 30
core   0: 3 0x80000688 (0x81f9) x11 0x00000000
core   0: 0x8000068a (0x00005c7d) c.li    s8, -1
core   0: 3 0x8000068a (0x5c7d) x24 0xffffffff
core   0: 0x8000068c (0x02497ab3) remu    s5, s2, tp
core   0: 3 0x8000068c (0x02497ab3) x21 0x00000406
core   0: 0x80000690 (0x01eb5c13) srli    s8, s6, 30
core   0: 3 0x80000690 (0x01eb5c13) x24 0x00000000
core   0: 0x80000694 (0xfcd71de3) bne     a4, a3, pc - 38
core   0: 3 0x80000694 (0xfcd71de3)
core   0: 0x8000066e (0x029b5133) divu    sp, s6, s1
core   0: 3 0x8000066e (0x029b5133) x 2 0x00000000
core   0: 0x80000672 (0x015fccb3) xor     s9, t6, s5
core   0: 3 0x80000672 (0x015fccb3) x25 0x00000415
core   0: 0x80000676 (0x0000850d) c.srai  a0, 3
core   0: 3 0x80000676 (0x850d) x10 0x00000000
core   0: 0x80000678 (0x00000705) c.addi  a4, 1
core   0: 3 0x80000678 (0x0705) x14 0xfffffff8
core   0: 0x8000067a (0x00000f8c) c.addi4spn a1, sp, 976
core   0: 3 0x8000067a (0x0f8c) x11 0x000003d0
core   0: 0x8000067c (0x00000001) c.nop
core   0: 3 0x8000067c (0x0001)
core   0: 0x8000067e (0x029a8e33) mul     t3, s5, s1
core   0: 3 0x8000067e (0x029a8e33) x28 0xffffefe8
core   0: 0x80000682 (0x40626913) ori     s2, tp, 1030
core   0: 3 0x80000682 (0x40626913) x18 0x00000406
core   0: 0x80000686 (0x000081f1) c.srli  a1, 28
core   0: 3 0x80000686 (0x81f1) x11 0x00000000
core   0: 0x80000688 (0x000081f9) c.srli  a1, 30
core   0: 3 0x80000688 (0x81f9) x11 0x00000000
core   0: 0x8000068a (0x00005c7d) c.li    s8, -1
core   0: 3 0x8000068a (0x5c7d) x24 0xffffffff
core   0: 0x8000068c (0x02497ab3) remu    s5, s2, tp
core   0: 3 0x8000068c (0x02497ab3) x21 0x00000406
core   0: 0x80000690 (0x01eb5c13) srli    s8, s6, 30
core   0: 3 0x80000690 (0x01eb5c13) x24 0x00000000
core   0: 0x80000694 (0xfcd71de3) bne     a4, a3, pc - 38
core   0: 3 0x80000694 (0xfcd71de3)
core   0: 0x8000066e (0x029b5133) divu    sp, s6, s1
core   0: 3 0x8000066e (0x029b5133) x 2 0x00000000
core   0: 0x80000672 (0x015fccb3) xor     s9, t6, s5
core   0: 3 0x80000672 (0x015fccb3) x25 0x00000415
core   0: 0x80000676 (0x0000850d) c.srai  a0, 3
core   0: 3 0x80000676 (0x850d) x10 0x00000000
core   0: 0x80000678 (0x00000705) c.addi  a4, 1
core   0: 3 0x80000678 (0x0705) x14 0xfffffff9
core   0: 0x8000067a (0x00000f8c) c.addi4spn a1, sp, 976
core   0: 3 0x8000067a (0x0f8c) x11 0x000003d0
core   0: 0x8000067c (0x00000001) c.nop
core   0: 3 0x8000067c (0x0001)
core   0: 0x8000067e (0x029a8e33) mul     t3, s5, s1
core   0: 3 0x8000067e (0x029a8e33) x28 0xffffefe8
core   0: 0x80000682 (0x40626913) ori     s2, tp, 1030
core   0: 3 0x80000682 (0x40626913) x18 0x00000406
core   0: 0x80000686 (0x000081f1) c.srli  a1, 28
core   0: 3 0x80000686 (0x81f1) x11 0x00000000
core   0: 0x80000688 (0x000081f9) c.srli  a1, 30
core   0: 3 0x80000688 (0x81f9) x11 0x00000000
core   0: 0x8000068a (0x00005c7d) c.li    s8, -1
core   0: 3 0x8000068a (0x5c7d) x24 0xffffffff
core   0: 0x8000068c (0x02497ab3) remu    s5, s2, tp
core   0: 3 0x8000068c (0x02497ab3) x21 0x00000406
core   0: 0x80000690 (0x01eb5c13) srli    s8, s6, 30
core   0: 3 0x80000690 (0x01eb5c13) x24 0x00000000
core   0: 0x80000694 (0xfcd71de3) bne     a4, a3, pc - 38
core   0: 3 0x80000694 (0xfcd71de3)
core   0: 0x8000066e (0x029b5133) divu    sp, s6, s1
core   0: 3 0x8000066e (0x029b5133) x 2 0x00000000
core   0: 0x80000672 (0x015fccb3) xor     s9, t6, s5
core   0: 3 0x80000672 (0x015fccb3) x25 0x00000415
core   0: 0x80000676 (0x0000850d) c.srai  a0, 3
core   0: 3 0x80000676 (0x850d) x10 0x00000000
core   0: 0x80000678 (0x00000705) c.addi  a4, 1
core   0: 3 0x80000678 (0x0705) x14 0xfffffffa
core   0: 0x8000067a (0x00000f8c) c.addi4spn a1, sp, 976
core   0: 3 0x8000067a (0x0f8c) x11 0x000003d0
core   0: 0x8000067c (0x00000001) c.nop
core   0: 3 0x8000067c (0x0001)
core   0: 0x8000067e (0x029a8e33) mul     t3, s5, s1
core   0: 3 0x8000067e (0x029a8e33) x28 0xffffefe8
core   0: 0x80000682 (0x40626913) ori     s2, tp, 1030
core   0: 3 0x80000682 (0x40626913) x18 0x00000406
core   0: 0x80000686 (0x000081f1) c.srli  a1, 28
core   0: 3 0x80000686 (0x81f1) x11 0x00000000
core   0: 0x80000688 (0x000081f9) c.srli  a1, 30
core   0: 3 0x80000688 (0x81f9) x11 0x00000000
core   0: 0x8000068a (0x00005c7d) c.li    s8, -1
core   0: 3 0x8000068a (0x5c7d) x24 0xffffffff
core   0: 0x8000068c (0x02497ab3) remu    s5, s2, tp
core   0: 3 0x8000068c (0x02497ab3) x21 0x00000406
core   0: 0x80000690 (0x01eb5c13) srli    s8, s6, 30
core   0: 3 0x80000690 (0x01eb5c13) x24 0x00000000
core   0: 0x80000694 (0xfcd71de3) bne     a4, a3, pc - 38
core   0: 3 0x80000694 (0xfcd71de3)
core   0: 0x8000066e (0x029b5133) divu    sp, s6, s1
core   0: 3 0x8000066e (0x029b5133) x 2 0x00000000
core   0: 0x80000672 (0x015fccb3) xor     s9, t6, s5
core   0: 3 0x80000672 (0x015fccb3) x25 0x00000415
core   0: 0x80000676 (0x0000850d) c.srai  a0, 3
core   0: 3 0x80000676 (0x850d) x10 0x00000000
core   0: 0x80000678 (0x00000705) c.addi  a4, 1
core   0: 3 0x80000678 (0x0705) x14 0xfffffffb
core   0: 0x8000067a (0x00000f8c) c.addi4spn a1, sp, 976
core   0: 3 0x8000067a (0x0f8c) x11 0x000003d0
core   0: 0x8000067c (0x00000001) c.nop
core   0: 3 0x8000067c (0x0001)
core   0: 0x8000067e (0x029a8e33) mul     t3, s5, s1
core   0: 3 0x8000067e (0x029a8e33) x28 0xffffefe8
core   0: 0x80000682 (0x40626913) ori     s2, tp, 1030
core   0: 3 0x80000682 (0x40626913) x18 0x00000406
core   0: 0x80000686 (0x000081f1) c.srli  a1, 28
core   0: 3 0x80000686 (0x81f1) x11 0x00000000
core   0: 0x80000688 (0x000081f9) c.srli  a1, 30
core   0: 3 0x80000688 (0x81f9) x11 0x00000000
core   0: 0x8000068a (0x00005c7d) c.li    s8, -1
core   0: 3 0x8000068a (0x5c7d) x24 0xffffffff
core   0: 0x8000068c (0x02497ab3) remu    s5, s2, tp
core   0: 3 0x8000068c (0x02497ab3) x21 0x00000406
core   0: 0x80000690 (0x01eb5c13) srli    s8, s6, 30
core   0: 3 0x80000690 (0x01eb5c13) x24 0x00000000
core   0: 0x80000694 (0xfcd71de3) bne     a4, a3, pc - 38
core   0: 3 0x80000694 (0xfcd71de3)
core   0: 0x80000698 (0xfa37ece3) bltu    a5, gp, pc - 72
core   0: 3 0x80000698 (0xfa37ece3)
core   0: 0x80000650 (0xffd59e17) auipc   t3, 0xffd59
core   0: 3 0x80000650 (0xffd59e17) x28 0x7fd59650
core   0: 0x80000654 (0xf95bbb13) sltiu   s6, s7, -107
core   0: 3 0x80000654 (0xf95bbb13) x22 0x00000000
core   0: 0x80000658 (0x0ff0000f) fence   iorw,iorw
core   0: 3 0x80000658 (0x0ff0000f)
core   0: 0x8000065c (0x00000795) c.addi  a5, 5
core   0: 3 0x8000065c (0x0795) x15 0x00000012
core   0: 0x8000065e (0xff600713) li      a4, -10
core   0: 3 0x8000065e (0xff600713) x14 0xfffffff6
core   0: 0x80000662 (0x40d654b3) sra     s1, a2, a3
core   0: 3 0x80000662 (0x40d654b3) x 9 0xfffffffc
core   0: 0x80000666 (0x0119fe33) and     t3, s3, a7
core   0: 3 0x80000666 (0x0119fe33) x28 0x00000000
core   0: 0x8000066a (0xffb00693) li      a3, -5
core   0: 3 0x8000066a (0xffb00693) x13 0xfffffffb
core   0: 0x8000066e (0x029b5133) divu    sp, s6, s1
core   0: 3 0x8000066e (0x029b5133) x 2 0x00000000
core   0: 0x80000672 (0x015fccb3) xor     s9, t6, s5
core   0: 3 0x80000672 (0x015fccb3) x25 0x00000415
core   0: 0x80000676 (0x0000850d) c.srai  a0, 3
core   0: 3 0x80000676 (0x850d) x10 0x00000000
core   0: 0x80000678 (0x00000705) c.addi  a4, 1
core   0: 3 0x80000678 (0x0705) x14 0xfffffff7
core   0: 0x8000067a (0x00000f8c) c.addi4spn a1, sp, 976
core   0: 3 0x8000067a (0x0f8c) x11 0x000003d0
core   0: 0x8000067c (0x00000001) c.nop
core   0: 3 0x8000067c (0x0001)
core   0: 0x8000067e (0x029a8e33) mul     t3, s5, s1
core   0: 3 0x8000067e (0x029a8e33) x28 0xffffefe8
core   0: 0x80000682 (0x40626913) ori     s2, tp, 1030
core   0: 3 0x80000682 (0x40626913) x18 0x00000406
core   0: 0x80000686 (0x000081f1) c.srli  a1, 28
core   0: 3 0x80000686 (0x81f1) x11 0x00000000
core   0: 0x80000688 (0x000081f9) c.srli  a1, 30
core   0: 3 0x80000688 (0x81f9) x11 0x00000000
core   0: 0x8000068a (0x00005c7d) c.li    s8, -1
core   0: 3 0x8000068a (0x5c7d) x24 0xffffffff
core   0: 0x8000068c (0x02497ab3) remu    s5, s2, tp
core   0: 3 0x8000068c (0x02497ab3) x21 0x00000406
core   0: 0x80000690 (0x01eb5c13) srli    s8, s6, 30
core   0: 3 0x80000690 (0x01eb5c13) x24 0x00000000
core   0: 0x80000694 (0xfcd71de3) bne     a4, a3, pc - 38
core   0: 3 0x80000694 (0xfcd71de3)
core   0: 0x8000066e (0x029b5133) divu    sp, s6, s1
core   0: 3 0x8000066e (0x029b5133) x 2 0x00000000
core   0: 0x80000672 (0x015fccb3) xor     s9, t6, s5
core   0: 3 0x80000672 (0x015fccb3) x25 0x00000415
core   0: 0x80000676 (0x0000850d) c.srai  a0, 3
core   0: 3 0x80000676 (0x850d) x10 0x00000000
core   0: 0x80000678 (0x00000705) c.addi  a4, 1
core   0: 3 0x80000678 (0x0705) x14 0xfffffff8
core   0: 0x8000067a (0x00000f8c) c.addi4spn a1, sp, 976
core   0: 3 0x8000067a (0x0f8c) x11 0x000003d0
core   0: 0x8000067c (0x00000001) c.nop
core   0: 3 0x8000067c (0x0001)
core   0: 0x8000067e (0x029a8e33) mul     t3, s5, s1
core   0: 3 0x8000067e (0x029a8e33) x28 0xffffefe8
core   0: 0x80000682 (0x40626913) ori     s2, tp, 1030
core   0: 3 0x80000682 (0x40626913) x18 0x00000406
core   0: 0x80000686 (0x000081f1) c.srli  a1, 28
core   0: 3 0x80000686 (0x81f1) x11 0x00000000
core   0: 0x80000688 (0x000081f9) c.srli  a1, 30
core   0: 3 0x80000688 (0x81f9) x11 0x00000000
core   0: 0x8000068a (0x00005c7d) c.li    s8, -1
core   0: 3 0x8000068a (0x5c7d) x24 0xffffffff
core   0: 0x8000068c (0x02497ab3) remu    s5, s2, tp
core   0: 3 0x8000068c (0x02497ab3) x21 0x00000406
core   0: 0x80000690 (0x01eb5c13) srli    s8, s6, 30
core   0: 3 0x80000690 (0x01eb5c13) x24 0x00000000
core   0: 0x80000694 (0xfcd71de3) bne     a4, a3, pc - 38
core   0: 3 0x80000694 (0xfcd71de3)
core   0: 0x8000066e (0x029b5133) divu    sp, s6, s1
core   0: 3 0x8000066e (0x029b5133) x 2 0x00000000
core   0: 0x80000672 (0x015fccb3) xor     s9, t6, s5
core   0: 3 0x80000672 (0x015fccb3) x25 0x00000415
core   0: 0x80000676 (0x0000850d) c.srai  a0, 3
core   0: 3 0x80000676 (0x850d) x10 0x00000000
core   0: 0x80000678 (0x00000705) c.addi  a4, 1
core   0: 3 0x80000678 (0x0705) x14 0xfffffff9
core   0: 0x8000067a (0x00000f8c) c.addi4spn a1, sp, 976
core   0: 3 0x8000067a (0x0f8c) x11 0x000003d0
core   0: 0x8000067c (0x00000001) c.nop
core   0: 3 0x8000067c (0x0001)
core   0: 0x8000067e (0x029a8e33) mul     t3, s5, s1
core   0: 3 0x8000067e (0x029a8e33) x28 0xffffefe8
core   0: 0x80000682 (0x40626913) ori     s2, tp, 1030
core   0: 3 0x80000682 (0x40626913) x18 0x00000406
core   0: 0x80000686 (0x000081f1) c.srli  a1, 28
core   0: 3 0x80000686 (0x81f1) x11 0x00000000
core   0: 0x80000688 (0x000081f9) c.srli  a1, 30
core   0: 3 0x80000688 (0x81f9) x11 0x00000000
core   0: 0x8000068a (0x00005c7d) c.li    s8, -1
core   0: 3 0x8000068a (0x5c7d) x24 0xffffffff
core   0: 0x8000068c (0x02497ab3) remu    s5, s2, tp
core   0: 3 0x8000068c (0x02497ab3) x21 0x00000406
core   0: 0x80000690 (0x01eb5c13) srli    s8, s6, 30
core   0: 3 0x80000690 (0x01eb5c13) x24 0x00000000
core   0: 0x80000694 (0xfcd71de3) bne     a4, a3, pc - 38
core   0: 3 0x80000694 (0xfcd71de3)
core   0: 0x8000066e (0x029b5133) divu    sp, s6, s1
core   0: 3 0x8000066e (0x029b5133) x 2 0x00000000
core   0: 0x80000672 (0x015fccb3) xor     s9, t6, s5
core   0: 3 0x80000672 (0x015fccb3) x25 0x00000415
core   0: 0x80000676 (0x0000850d) c.srai  a0, 3
core   0: 3 0x80000676 (0x850d) x10 0x00000000
core   0: 0x80000678 (0x00000705) c.addi  a4, 1
core   0: 3 0x80000678 (0x0705) x14 0xfffffffa
core   0: 0x8000067a (0x00000f8c) c.addi4spn a1, sp, 976
core   0: 3 0x8000067a (0x0f8c) x11 0x000003d0
core   0: 0x8000067c (0x00000001) c.nop
core   0: 3 0x8000067c (0x0001)
core   0: 0x8000067e (0x029a8e33) mul     t3, s5, s1
core   0: 3 0x8000067e (0x029a8e33) x28 0xffffefe8
core   0: 0x80000682 (0x40626913) ori     s2, tp, 1030
core   0: 3 0x80000682 (0x40626913) x18 0x00000406
core   0: 0x80000686 (0x000081f1) c.srli  a1, 28
core   0: 3 0x80000686 (0x81f1) x11 0x00000000
core   0: 0x80000688 (0x000081f9) c.srli  a1, 30
core   0: 3 0x80000688 (0x81f9) x11 0x00000000
core   0: 0x8000068a (0x00005c7d) c.li    s8, -1
core   0: 3 0x8000068a (0x5c7d) x24 0xffffffff
core   0: 0x8000068c (0x02497ab3) remu    s5, s2, tp
core   0: 3 0x8000068c (0x02497ab3) x21 0x00000406
core   0: 0x80000690 (0x01eb5c13) srli    s8, s6, 30
core   0: 3 0x80000690 (0x01eb5c13) x24 0x00000000
core   0: 0x80000694 (0xfcd71de3) bne     a4, a3, pc - 38
core   0: 3 0x80000694 (0xfcd71de3)
core   0: 0x8000066e (0x029b5133) divu    sp, s6, s1
core   0: 3 0x8000066e (0x029b5133) x 2 0x00000000
core   0: 0x80000672 (0x015fccb3) xor     s9, t6, s5
core   0: 3 0x80000672 (0x015fccb3) x25 0x00000415
core   0: 0x80000676 (0x0000850d) c.srai  a0, 3
core   0: 3 0x80000676 (0x850d) x10 0x00000000
core   0: 0x80000678 (0x00000705) c.addi  a4, 1
core   0: 3 0x80000678 (0x0705) x14 0xfffffffb
core   0: 0x8000067a (0x00000f8c) c.addi4spn a1, sp, 976
core   0: 3 0x8000067a (0x0f8c) x11 0x000003d0
core   0: 0x8000067c (0x00000001) c.nop
core   0: 3 0x8000067c (0x0001)
core   0: 0x8000067e (0x029a8e33) mul     t3, s5, s1
core   0: 3 0x8000067e (0x029a8e33) x28 0xffffefe8
core   0: 0x80000682 (0x40626913) ori     s2, tp, 1030
core   0: 3 0x80000682 (0x40626913) x18 0x00000406
core   0: 0x80000686 (0x000081f1) c.srli  a1, 28
core   0: 3 0x80000686 (0x81f1) x11 0x00000000
core   0: 0x80000688 (0x000081f9) c.srli  a1, 30
core   0: 3 0x80000688 (0x81f9) x11 0x00000000
core   0: 0x8000068a (0x00005c7d) c.li    s8, -1
core   0: 3 0x8000068a (0x5c7d) x24 0xffffffff
core   0: 0x8000068c (0x02497ab3) remu    s5, s2, tp
core   0: 3 0x8000068c (0x02497ab3) x21 0x00000406
core   0: 0x80000690 (0x01eb5c13) srli    s8, s6, 30
core   0: 3 0x80000690 (0x01eb5c13) x24 0x00000000
core   0: 0x80000694 (0xfcd71de3) bne     a4, a3, pc - 38
core   0: 3 0x80000694 (0xfcd71de3)
core   0: 0x80000698 (0xfa37ece3) bltu    a5, gp, pc - 72
core   0: 3 0x80000698 (0xfa37ece3)
core   0: 0x8000069c (0x49266c13) ori     s8, a2, 1170
core   0: 3 0x8000069c (0x49266c13) x24 0xe60a0492
core   0: 0x800006a0 (0x00500593) li      a1, 5
core   0: 3 0x800006a0 (0x00500593) x11 0x00000005
core   0: 0x800006a4 (0x5354ee13) ori     t3, s1, 1333
core   0: 3 0x800006a4 (0x5354ee13) x28 0xfffffffd
core   0: 0x800006a8 (0x00700b13) li      s6, 7
core   0: 3 0x800006a8 (0x00700b13) x22 0x00000007
core   0: 0x800006ac (0x00008296) c.mv    t0, t0
core   0: 3 0x800006ac (0x8296) x 5 0x00000010
core   0: 0x800006ae (0x00008f01) c.sub   a4, s0
core   0: 3 0x800006ae (0x8f01) x14 0xffffffef
core   0: 0x800006b0 (0x00000589) c.addi  a1, 2
core   0: 3 0x800006b0 (0x0589) x11 0x00000007
core   0: 0x800006b2 (0xff65cde3) blt     a1, s6, pc - 6
core   0: 3 0x800006b2 (0xff65cde3)
core   0: 0x800006b6 (0x00009ce2) c.add   s9, s8
core   0: 3 0x800006b6 (0x9ce2) x25 0xe60a08a7
core   0: 0x800006b8 (0xffe00493) li      s1, -2
core   0: 3 0x800006b8 (0xffe00493) x 9 0xfffffffe
core   0: 0x800006bc (0x0395fb33) remu    s6, a1, s9
core   0: 3 0x800006bc (0x0395fb33) x22 0x00000007
core   0: 0x800006c0 (0x000008c9) c.addi  a7, 18
core   0: 3 0x800006c0 (0x08c9) x17 0x00800012
core   0: 0x800006c2 (0x02b6d7b3) divu    a5, a3, a1
core   0: 3 0x800006c2 (0x02b6d7b3) x15 0x24924923
core   0: 0x800006c6 (0x0000100f) fence.i
core   0: 3 0x800006c6 (0x0000100f)
core   0: 0x800006ca (0x0067f8b3) and     a7, a5, t1
core   0: 3 0x800006ca (0x0067f8b3) x17 0x00020820
core   0: 0x800006ce (0xfee00d13) li      s10, -18
core   0: 3 0x800006ce (0xfee00d13) x26 0xffffffee
core   0: 0x800006d2 (0x000087f9) c.srai  a5, 30
core   0: 3 0x800006d2 (0x87f9) x15 0x00000000
core   0: 0x800006d4 (0x00000001) c.nop
core   0: 3 0x800006d4 (0x0001)
core   0: 0x800006d6 (0x40fa80b3) sub     ra, s5, a5
core   0: 3 0x800006d6 (0x40fa80b3) x 1 0x00000406
core   0: 0x800006da (0xeceddf97) auipc   t6, 0xecedd
core   0: 3 0x800006da (0xeceddf97) x31 0x6cedd6da
core   0: 0x800006de (0x000014e1) c.addi  s1, -8
core   0: 3 0x800006de (0x14e1) x 9 0xfffffff6
core   0: 0x800006e0 (0x000087e5) c.srai  a5, 25
core   0: 3 0x800006e0 (0x87e5) x15 0x00000000
core   0: 0x800006e2 (0xffa49ce3) bne     s1, s10, pc - 8
core   0: 3 0x800006e2 (0xffa49ce3)
core   0: 0x800006da (0xeceddf97) auipc   t6, 0xecedd
core   0: 3 0x800006da (0xeceddf97) x31 0x6cedd6da
core   0: 0x800006de (0x000014e1) c.addi  s1, -8
core   0: 3 0x800006de (0x14e1) x 9 0xffffffee
core   0: 0x800006e0 (0x000087e5) c.srai  a5, 25
core   0: 3 0x800006e0 (0x87e5) x15 0x00000000
core   0: 0x800006e2 (0xffa49ce3) bne     s1, s10, pc - 8
core   0: 3 0x800006e2 (0xffa49ce3)
core   0: 0x800006e6 (0x00000cf2) c.slli  s9, 28
core   0: 3 0x800006e6 (0x0cf2) x25 0x70000000
core   0: 0x800006e8 (0xffb00293) li      t0, -5
core   0: 3 0x800006e8 (0xffb00293) x 5 0xfffffffb
core   0: 0x800006ec (0xff100193) li      gp, -15
core   0: 3 0x800006ec (0xff100193) x 3 0xfffffff1
core   0: 0x800006f0 (0x00008549) c.srai  a0, 18
core   0: 3 0x800006f0 (0x8549) x10 0x00000000
core   0: 0x800006f2 (0x037ca8b3) mulhsu  a7, s9, s7
core   0: 3 0x800006f2 (0x037ca8b3) x17 0x6ffffffb
core   0: 0x800006f6 (0x000012fd) c.addi  t0, -1
core   0: 3 0x800006f6 (0x12fd) x 5 0xfffffffa
core   0: 0x800006f8 (0x00006ccd) c.lui   s9, 0x13
core   0: 3 0x800006f8 (0x6ccd) x25 0x00013000
core   0: 0x800006fa (0x40240eb3) sub     t4, s0, sp
core   0: 3 0x800006fa (0x40240eb3) x29 0x0000000c
core   0: 0x800006fe (0x40be0db3) sub     s11, t3, a1
core   0: 3 0x800006fe (0x40be0db3) x27 0xfffffff6
core   0: 0x80000702 (0x033ea0b3) mulhsu  ra, t4, s3
core   0: 3 0x80000702 (0x033ea0b3) x 1 0x00000000
core   0: 0x80000706 (0xfff00593) li      a1, -1
core   0: 3 0x80000706 (0xfff00593) x11 0xffffffff
core   0: 0x8000070a (0x00000001) c.nop
core   0: 3 0x8000070a (0x0001)
core   0: 0x8000070c (0x00008c95) c.sub   s1, a3
core   0: 3 0x8000070c (0x8c95) x 9 0xfffffff3
core   0: 0x8000070e (0x00000001) c.nop
core   0: 3 0x8000070e (0x0001)
core   0: 0x80000710 (0x00008cd9) c.or    s1, a4
core   0: 3 0x80000710 (0x8cd9) x 9 0xffffffff
core   0: 0x80000712 (0x00000585) c.addi  a1, 1
core   0: 3 0x80000712 (0x0585) x11 0x00000000
core   0: 0x80000714 (0x0000dded) c.beqz  a1, pc - 6
core   0: 3 0x80000714 (0xdded)
core   0: 0x8000070e (0x00000001) c.nop
core   0: 3 0x8000070e (0x0001)
core   0: 0x80000710 (0x00008cd9) c.or    s1, a4
core   0: 3 0x80000710 (0x8cd9) x 9 0xffffffff
core   0: 0x80000712 (0x00000585) c.addi  a1, 1
core   0: 3 0x80000712 (0x0585) x11 0x00000001
core   0: 0x80000714 (0x0000dded) c.beqz  a1, pc - 6
core   0: 3 0x80000714 (0xdded)
core   0: 0x80000716 (0xfc329ee3) bne     t0, gp, pc - 36
core   0: 3 0x80000716 (0xfc329ee3)
core   0: 0x800006f2 (0x037ca8b3) mulhsu  a7, s9, s7
core   0: 3 0x800006f2 (0x037ca8b3) x17 0x00012fff
core   0: 0x800006f6 (0x000012fd) c.addi  t0, -1
core   0: 3 0x800006f6 (0x12fd) x 5 0xfffffff9
core   0: 0x800006f8 (0x00006ccd) c.lui   s9, 0x13
core   0: 3 0x800006f8 (0x6ccd) x25 0x00013000
core   0: 0x800006fa (0x40240eb3) sub     t4, s0, sp
core   0: 3 0x800006fa (0x40240eb3) x29 0x0000000c
core   0: 0x800006fe (0x40be0db3) sub     s11, t3, a1
core   0: 3 0x800006fe (0x40be0db3) x27 0xfffffffc
core   0: 0x80000702 (0x033ea0b3) mulhsu  ra, t4, s3
core   0: 3 0x80000702 (0x033ea0b3) x 1 0x00000000
core   0: 0x80000706 (0xfff00593) li      a1, -1
core   0: 3 0x80000706 (0xfff00593) x11 0xffffffff
core   0: 0x8000070a (0x00000001) c.nop
core   0: 3 0x8000070a (0x0001)
core   0: 0x8000070c (0x00008c95) c.sub   s1, a3
core   0: 3 0x8000070c (0x8c95) x 9 0x00000004
core   0: 0x8000070e (0x00000001) c.nop
core   0: 3 0x8000070e (0x0001)
core   0: 0x80000710 (0x00008cd9) c.or    s1, a4
core   0: 3 0x80000710 (0x8cd9) x 9 0xffffffef
core   0: 0x80000712 (0x00000585) c.addi  a1, 1
core   0: 3 0x80000712 (0x0585) x11 0x00000000
core   0: 0x80000714 (0x0000dded) c.beqz  a1, pc - 6
core   0: 3 0x80000714 (0xdded)
core   0: 0x8000070e (0x00000001) c.nop
core   0: 3 0x8000070e (0x0001)
core   0: 0x80000710 (0x00008cd9) c.or    s1, a4
core   0: 3 0x80000710 (0x8cd9) x 9 0xffffffef
core   0: 0x80000712 (0x00000585) c.addi  a1, 1
core   0: 3 0x80000712 (0x0585) x11 0x00000001
core   0: 0x80000714 (0x0000dded) c.beqz  a1, pc - 6
core   0: 3 0x80000714 (0xdded)
core   0: 0x80000716 (0xfc329ee3) bne     t0, gp, pc - 36
core   0: 3 0x80000716 (0xfc329ee3)
core   0: 0x800006f2 (0x037ca8b3) mulhsu  a7, s9, s7
core   0: 3 0x800006f2 (0x037ca8b3) x17 0x00012fff
core   0: 0x800006f6 (0x000012fd) c.addi  t0, -1
core   0: 3 0x800006f6 (0x12fd) x 5 0xfffffff8
core   0: 0x800006f8 (0x00006ccd) c.lui   s9, 0x13
core   0: 3 0x800006f8 (0x6ccd) x25 0x00013000
core   0: 0x800006fa (0x40240eb3) sub     t4, s0, sp
core   0: 3 0x800006fa (0x40240eb3) x29 0x0000000c
core   0: 0x800006fe (0x40be0db3) sub     s11, t3, a1
core   0: 3 0x800006fe (0x40be0db3) x27 0xfffffffc
core   0: 0x80000702 (0x033ea0b3) mulhsu  ra, t4, s3
core   0: 3 0x80000702 (0x033ea0b3) x 1 0x00000000
core   0: 0x80000706 (0xfff00593) li      a1, -1
core   0: 3 0x80000706 (0xfff00593) x11 0xffffffff
core   0: 0x8000070a (0x00000001) c.nop
core   0: 3 0x8000070a (0x0001)
core   0: 0x8000070c (0x00008c95) c.sub   s1, a3
core   0: 3 0x8000070c (0x8c95) x 9 0xfffffff4
core   0: 0x8000070e (0x00000001) c.nop
core   0: 3 0x8000070e (0x0001)
core   0: 0x80000710 (0x00008cd9) c.or    s1, a4
core   0: 3 0x80000710 (0x8cd9) x 9 0xffffffff
core   0: 0x80000712 (0x00000585) c.addi  a1, 1
core   0: 3 0x80000712 (0x0585) x11 0x00000000
core   0: 0x80000714 (0x0000dded) c.beqz  a1, pc - 6
core   0: 3 0x80000714 (0xdded)
core   0: 0x8000070e (0x00000001) c.nop
core   0: 3 0x8000070e (0x0001)
core   0: 0x80000710 (0x00008cd9) c.or    s1, a4
core   0: 3 0x80000710 (0x8cd9) x 9 0xffffffff
core   0: 0x80000712 (0x00000585) c.addi  a1, 1
core   0: 3 0x80000712 (0x0585) x11 0x00000001
core   0: 0x80000714 (0x0000dded) c.beqz  a1, pc - 6
core   0: 3 0x80000714 (0xdded)
core   0: 0x80000716 (0xfc329ee3) bne     t0, gp, pc - 36
core   0: 3 0x80000716 (0xfc329ee3)
core   0: 0x800006f2 (0x037ca8b3) mulhsu  a7, s9, s7
core   0: 3 0x800006f2 (0x037ca8b3) x17 0x00012fff
core   0: 0x800006f6 (0x000012fd) c.addi  t0, -1
core   0: 3 0x800006f6 (0x12fd) x 5 0xfffffff7
core   0: 0x800006f8 (0x00006ccd) c.lui   s9, 0x13
core   0: 3 0x800006f8 (0x6ccd) x25 0x00013000
core   0: 0x800006fa (0x40240eb3) sub     t4, s0, sp
core   0: 3 0x800006fa (0x40240eb3) x29 0x0000000c
core   0: 0x800006fe (0x40be0db3) sub     s11, t3, a1
core   0: 3 0x800006fe (0x40be0db3) x27 0xfffffffc
core   0: 0x80000702 (0x033ea0b3) mulhsu  ra, t4, s3
core   0: 3 0x80000702 (0x033ea0b3) x 1 0x00000000
core   0: 0x80000706 (0xfff00593) li      a1, -1
core   0: 3 0x80000706 (0xfff00593) x11 0xffffffff
core   0: 0x8000070a (0x00000001) c.nop
core   0: 3 0x8000070a (0x0001)
core   0: 0x8000070c (0x00008c95) c.sub   s1, a3
core   0: 3 0x8000070c (0x8c95) x 9 0x00000004
core   0: 0x8000070e (0x00000001) c.nop
core   0: 3 0x8000070e (0x0001)
core   0: 0x80000710 (0x00008cd9) c.or    s1, a4
core   0: 3 0x80000710 (0x8cd9) x 9 0xffffffef
core   0: 0x80000712 (0x00000585) c.addi  a1, 1
core   0: 3 0x80000712 (0x0585) x11 0x00000000
core   0: 0x80000714 (0x0000dded) c.beqz  a1, pc - 6
core   0: 3 0x80000714 (0xdded)
core   0: 0x8000070e (0x00000001) c.nop
core   0: 3 0x8000070e (0x0001)
core   0: 0x80000710 (0x00008cd9) c.or    s1, a4
core   0: 3 0x80000710 (0x8cd9) x 9 0xffffffef
core   0: 0x80000712 (0x00000585) c.addi  a1, 1
core   0: 3 0x80000712 (0x0585) x11 0x00000001
core   0: 0x80000714 (0x0000dded) c.beqz  a1, pc - 6
core   0: 3 0x80000714 (0xdded)
core   0: 0x80000716 (0xfc329ee3) bne     t0, gp, pc - 36
core   0: 3 0x80000716 (0xfc329ee3)
core   0: 0x800006f2 (0x037ca8b3) mulhsu  a7, s9, s7
core   0: 3 0x800006f2 (0x037ca8b3) x17 0x00012fff
core   0: 0x800006f6 (0x000012fd) c.addi  t0, -1
core   0: 3 0x800006f6 (0x12fd) x 5 0xfffffff6
core   0: 0x800006f8 (0x00006ccd) c.lui   s9, 0x13
core   0: 3 0x800006f8 (0x6ccd) x25 0x00013000
core   0: 0x800006fa (0x40240eb3) sub     t4, s0, sp
core   0: 3 0x800006fa (0x40240eb3) x29 0x0000000c
core   0: 0x800006fe (0x40be0db3) sub     s11, t3, a1
core   0: 3 0x800006fe (0x40be0db3) x27 0xfffffffc
core   0: 0x80000702 (0x033ea0b3) mulhsu  ra, t4, s3
core   0: 3 0x80000702 (0x033ea0b3) x 1 0x00000000
core   0: 0x80000706 (0xfff00593) li      a1, -1
core   0: 3 0x80000706 (0xfff00593) x11 0xffffffff
core   0: 0x8000070a (0x00000001) c.nop
core   0: 3 0x8000070a (0x0001)
core   0: 0x8000070c (0x00008c95) c.sub   s1, a3
core   0: 3 0x8000070c (0x8c95) x 9 0xfffffff4
core   0: 0x8000070e (0x00000001) c.nop
core   0: 3 0x8000070e (0x0001)
core   0: 0x80000710 (0x00008cd9) c.or    s1, a4
core   0: 3 0x80000710 (0x8cd9) x 9 0xffffffff
core   0: 0x80000712 (0x00000585) c.addi  a1, 1
core   0: 3 0x80000712 (0x0585) x11 0x00000000
core   0: 0x80000714 (0x0000dded) c.beqz  a1, pc - 6
core   0: 3 0x80000714 (0xdded)
core   0: 0x8000070e (0x00000001) c.nop
core   0: 3 0x8000070e (0x0001)
core   0: 0x80000710 (0x00008cd9) c.or    s1, a4
core   0: 3 0x80000710 (0x8cd9) x 9 0xffffffff
core   0: 0x80000712 (0x00000585) c.addi  a1, 1
core   0: 3 0x80000712 (0x0585) x11 0x00000001
core   0: 0x80000714 (0x0000dded) c.beqz  a1, pc - 6
core   0: 3 0x80000714 (0xdded)
core   0: 0x80000716 (0xfc329ee3) bne     t0, gp, pc - 36
core   0: 3 0x80000716 (0xfc329ee3)
core   0: 0x800006f2 (0x037ca8b3) mulhsu  a7, s9, s7
core   0: 3 0x800006f2 (0x037ca8b3) x17 0x00012fff
core   0: 0x800006f6 (0x000012fd) c.addi  t0, -1
core   0: 3 0x800006f6 (0x12fd) x 5 0xfffffff5
core   0: 0x800006f8 (0x00006ccd) c.lui   s9, 0x13
core   0: 3 0x800006f8 (0x6ccd) x25 0x00013000
core   0: 0x800006fa (0x40240eb3) sub     t4, s0, sp
core   0: 3 0x800006fa (0x40240eb3) x29 0x0000000c
core   0: 0x800006fe (0x40be0db3) sub     s11, t3, a1
core   0: 3 0x800006fe (0x40be0db3) x27 0xfffffffc
core   0: 0x80000702 (0x033ea0b3) mulhsu  ra, t4, s3
core   0: 3 0x80000702 (0x033ea0b3) x 1 0x00000000
core   0: 0x80000706 (0xfff00593) li      a1, -1
core   0: 3 0x80000706 (0xfff00593) x11 0xffffffff
core   0: 0x8000070a (0x00000001) c.nop
core   0: 3 0x8000070a (0x0001)
core   0: 0x8000070c (0x00008c95) c.sub   s1, a3
core   0: 3 0x8000070c (0x8c95) x 9 0x00000004
core   0: 0x8000070e (0x00000001) c.nop
core   0: 3 0x8000070e (0x0001)
core   0: 0x80000710 (0x00008cd9) c.or    s1, a4
core   0: 3 0x80000710 (0x8cd9) x 9 0xffffffef
core   0: 0x80000712 (0x00000585) c.addi  a1, 1
core   0: 3 0x80000712 (0x0585) x11 0x00000000
core   0: 0x80000714 (0x0000dded) c.beqz  a1, pc - 6
core   0: 3 0x80000714 (0xdded)
core   0: 0x8000070e (0x00000001) c.nop
core   0: 3 0x8000070e (0x0001)
core   0: 0x80000710 (0x00008cd9) c.or    s1, a4
core   0: 3 0x80000710 (0x8cd9) x 9 0xffffffef
core   0: 0x80000712 (0x00000585) c.addi  a1, 1
core   0: 3 0x80000712 (0x0585) x11 0x00000001
core   0: 0x80000714 (0x0000dded) c.beqz  a1, pc - 6
core   0: 3 0x80000714 (0xdded)
core   0: 0x80000716 (0xfc329ee3) bne     t0, gp, pc - 36
core   0: 3 0x80000716 (0xfc329ee3)
core   0: 0x800006f2 (0x037ca8b3) mulhsu  a7, s9, s7
core   0: 3 0x800006f2 (0x037ca8b3) x17 0x00012fff
core   0: 0x800006f6 (0x000012fd) c.addi  t0, -1
core   0: 3 0x800006f6 (0x12fd) x 5 0xfffffff4
core   0: 0x800006f8 (0x00006ccd) c.lui   s9, 0x13
core   0: 3 0x800006f8 (0x6ccd) x25 0x00013000
core   0: 0x800006fa (0x40240eb3) sub     t4, s0, sp
core   0: 3 0x800006fa (0x40240eb3) x29 0x0000000c
core   0: 0x800006fe (0x40be0db3) sub     s11, t3, a1
core   0: 3 0x800006fe (0x40be0db3) x27 0xfffffffc
core   0: 0x80000702 (0x033ea0b3) mulhsu  ra, t4, s3
core   0: 3 0x80000702 (0x033ea0b3) x 1 0x00000000
core   0: 0x80000706 (0xfff00593) li      a1, -1
core   0: 3 0x80000706 (0xfff00593) x11 0xffffffff
core   0: 0x8000070a (0x00000001) c.nop
core   0: 3 0x8000070a (0x0001)
core   0: 0x8000070c (0x00008c95) c.sub   s1, a3
core   0: 3 0x8000070c (0x8c95) x 9 0xfffffff4
core   0: 0x8000070e (0x00000001) c.nop
core   0: 3 0x8000070e (0x0001)
core   0: 0x80000710 (0x00008cd9) c.or    s1, a4
core   0: 3 0x80000710 (0x8cd9) x 9 0xffffffff
core   0: 0x80000712 (0x00000585) c.addi  a1, 1
core   0: 3 0x80000712 (0x0585) x11 0x00000000
core   0: 0x80000714 (0x0000dded) c.beqz  a1, pc - 6
core   0: 3 0x80000714 (0xdded)
core   0: 0x8000070e (0x00000001) c.nop
core   0: 3 0x8000070e (0x0001)
core   0: 0x80000710 (0x00008cd9) c.or    s1, a4
core   0: 3 0x80000710 (0x8cd9) x 9 0xffffffff
core   0: 0x80000712 (0x00000585) c.addi  a1, 1
core   0: 3 0x80000712 (0x0585) x11 0x00000001
core   0: 0x80000714 (0x0000dded) c.beqz  a1, pc - 6
core   0: 3 0x80000714 (0xdded)
core   0: 0x80000716 (0xfc329ee3) bne     t0, gp, pc - 36
core   0: 3 0x80000716 (0xfc329ee3)
core   0: 0x800006f2 (0x037ca8b3) mulhsu  a7, s9, s7
core   0: 3 0x800006f2 (0x037ca8b3) x17 0x00012fff
core   0: 0x800006f6 (0x000012fd) c.addi  t0, -1
core   0: 3 0x800006f6 (0x12fd) x 5 0xfffffff3
core   0: 0x800006f8 (0x00006ccd) c.lui   s9, 0x13
core   0: 3 0x800006f8 (0x6ccd) x25 0x00013000
core   0: 0x800006fa (0x40240eb3) sub     t4, s0, sp
core   0: 3 0x800006fa (0x40240eb3) x29 0x0000000c
core   0: 0x800006fe (0x40be0db3) sub     s11, t3, a1
core   0: 3 0x800006fe (0x40be0db3) x27 0xfffffffc
core   0: 0x80000702 (0x033ea0b3) mulhsu  ra, t4, s3
core   0: 3 0x80000702 (0x033ea0b3) x 1 0x00000000
core   0: 0x80000706 (0xfff00593) li      a1, -1
core   0: 3 0x80000706 (0xfff00593) x11 0xffffffff
core   0: 0x8000070a (0x00000001) c.nop
core   0: 3 0x8000070a (0x0001)
core   0: 0x8000070c (0x00008c95) c.sub   s1, a3
core   0: 3 0x8000070c (0x8c95) x 9 0x00000004
core   0: 0x8000070e (0x00000001) c.nop
core   0: 3 0x8000070e (0x0001)
core   0: 0x80000710 (0x00008cd9) c.or    s1, a4
core   0: 3 0x80000710 (0x8cd9) x 9 0xffffffef
core   0: 0x80000712 (0x00000585) c.addi  a1, 1
core   0: 3 0x80000712 (0x0585) x11 0x00000000
core   0: 0x80000714 (0x0000dded) c.beqz  a1, pc - 6
core   0: 3 0x80000714 (0xdded)
core   0: 0x8000070e (0x00000001) c.nop
core   0: 3 0x8000070e (0x0001)
core   0: 0x80000710 (0x00008cd9) c.or    s1, a4
core   0: 3 0x80000710 (0x8cd9) x 9 0xffffffef
core   0: 0x80000712 (0x00000585) c.addi  a1, 1
core   0: 3 0x80000712 (0x0585) x11 0x00000001
core   0: 0x80000714 (0x0000dded) c.beqz  a1, pc - 6
core   0: 3 0x80000714 (0xdded)
core   0: 0x80000716 (0xfc329ee3) bne     t0, gp, pc - 36
core   0: 3 0x80000716 (0xfc329ee3)
core   0: 0x800006f2 (0x037ca8b3) mulhsu  a7, s9, s7
core   0: 3 0x800006f2 (0x037ca8b3) x17 0x00012fff
core   0: 0x800006f6 (0x000012fd) c.addi  t0, -1
core   0: 3 0x800006f6 (0x12fd) x 5 0xfffffff2
core   0: 0x800006f8 (0x00006ccd) c.lui   s9, 0x13
core   0: 3 0x800006f8 (0x6ccd) x25 0x00013000
core   0: 0x800006fa (0x40240eb3) sub     t4, s0, sp
core   0: 3 0x800006fa (0x40240eb3) x29 0x0000000c
core   0: 0x800006fe (0x40be0db3) sub     s11, t3, a1
core   0: 3 0x800006fe (0x40be0db3) x27 0xfffffffc
core   0: 0x80000702 (0x033ea0b3) mulhsu  ra, t4, s3
core   0: 3 0x80000702 (0x033ea0b3) x 1 0x00000000
core   0: 0x80000706 (0xfff00593) li      a1, -1
core   0: 3 0x80000706 (0xfff00593) x11 0xffffffff
core   0: 0x8000070a (0x00000001) c.nop
core   0: 3 0x8000070a (0x0001)
core   0: 0x8000070c (0x00008c95) c.sub   s1, a3
core   0: 3 0x8000070c (0x8c95) x 9 0xfffffff4
core   0: 0x8000070e (0x00000001) c.nop
core   0: 3 0x8000070e (0x0001)
core   0: 0x80000710 (0x00008cd9) c.or    s1, a4
core   0: 3 0x80000710 (0x8cd9) x 9 0xffffffff
core   0: 0x80000712 (0x00000585) c.addi  a1, 1
core   0: 3 0x80000712 (0x0585) x11 0x00000000
core   0: 0x80000714 (0x0000dded) c.beqz  a1, pc - 6
core   0: 3 0x80000714 (0xdded)
core   0: 0x8000070e (0x00000001) c.nop
core   0: 3 0x8000070e (0x0001)
core   0: 0x80000710 (0x00008cd9) c.or    s1, a4
core   0: 3 0x80000710 (0x8cd9) x 9 0xffffffff
core   0: 0x80000712 (0x00000585) c.addi  a1, 1
core   0: 3 0x80000712 (0x0585) x11 0x00000001
core   0: 0x80000714 (0x0000dded) c.beqz  a1, pc - 6
core   0: 3 0x80000714 (0xdded)
core   0: 0x80000716 (0xfc329ee3) bne     t0, gp, pc - 36
core   0: 3 0x80000716 (0xfc329ee3)
core   0: 0x800006f2 (0x037ca8b3) mulhsu  a7, s9, s7
core   0: 3 0x800006f2 (0x037ca8b3) x17 0x00012fff
core   0: 0x800006f6 (0x000012fd) c.addi  t0, -1
core   0: 3 0x800006f6 (0x12fd) x 5 0xfffffff1
core   0: 0x800006f8 (0x00006ccd) c.lui   s9, 0x13
core   0: 3 0x800006f8 (0x6ccd) x25 0x00013000
core   0: 0x800006fa (0x40240eb3) sub     t4, s0, sp
core   0: 3 0x800006fa (0x40240eb3) x29 0x0000000c
core   0: 0x800006fe (0x40be0db3) sub     s11, t3, a1
core   0: 3 0x800006fe (0x40be0db3) x27 0xfffffffc
core   0: 0x80000702 (0x033ea0b3) mulhsu  ra, t4, s3
core   0: 3 0x80000702 (0x033ea0b3) x 1 0x00000000
core   0: 0x80000706 (0xfff00593) li      a1, -1
core   0: 3 0x80000706 (0xfff00593) x11 0xffffffff
core   0: 0x8000070a (0x00000001) c.nop
core   0: 3 0x8000070a (0x0001)
core   0: 0x8000070c (0x00008c95) c.sub   s1, a3
core   0: 3 0x8000070c (0x8c95) x 9 0x00000004
core   0: 0x8000070e (0x00000001) c.nop
core   0: 3 0x8000070e (0x0001)
core   0: 0x80000710 (0x00008cd9) c.or    s1, a4
core   0: 3 0x80000710 (0x8cd9) x 9 0xffffffef
core   0: 0x80000712 (0x00000585) c.addi  a1, 1
core   0: 3 0x80000712 (0x0585) x11 0x00000000
core   0: 0x80000714 (0x0000dded) c.beqz  a1, pc - 6
core   0: 3 0x80000714 (0xdded)
core   0: 0x8000070e (0x00000001) c.nop
core   0: 3 0x8000070e (0x0001)
core   0: 0x80000710 (0x00008cd9) c.or    s1, a4
core   0: 3 0x80000710 (0x8cd9) x 9 0xffffffef
core   0: 0x80000712 (0x00000585) c.addi  a1, 1
core   0: 3 0x80000712 (0x0585) x11 0x00000001
core   0: 0x80000714 (0x0000dded) c.beqz  a1, pc - 6
core   0: 3 0x80000714 (0xdded)
core   0: 0x80000716 (0xfc329ee3) bne     t0, gp, pc - 36
core   0: 3 0x80000716 (0xfc329ee3)
core   0: 0x8000071a (0x02ee5633) divu    a2, t3, a4
core   0: 3 0x8000071a (0x02ee5633) x12 0x00000001
core   0: 0x8000071e (0x00600613) li      a2, 6
core   0: 3 0x8000071e (0x00600613) x12 0x00000006
core   0: 0x80000722 (0x00000001) c.nop
core   0: 3 0x80000722 (0x0001)
core   0: 0x80000724 (0x031a11b3) mulh    gp, s4, a7
core   0: 3 0x80000724 (0x031a11b3) x 3 0xffff9688
core   0: 0x80000728 (0x00001675) c.addi  a2, -3
core   0: 3 0x80000728 (0x1675) x12 0x00000003
core   0: 0x8000072a (0x03c7b533) mulhu   a0, a5, t3
core   0: 3 0x8000072a (0x03c7b533) x10 0x00000000
core   0: 0x8000072e (0x00900113) li      sp, 9
core   0: 3 0x8000072e (0x00900113) x 2 0x00000009
core   0: 0x80000732 (0xffe00e13) li      t3, -2
core   0: 3 0x80000732 (0xffe00e13) x28 0xfffffffe
core   0: 0x80000736 (0x000091ba) c.add   gp, a4
core   0: 3 0x80000736 (0x91ba) x 3 0xffff9677
core   0: 0x80000738 (0xabbd2d13) slti    s10, s10, -1349
core   0: 3 0x80000738 (0xabbd2d13) x26 0x00000000
core   0: 0x8000073c (0x00001165) c.addi  sp, -7
core   0: 3 0x8000073c (0x1165) x 2 0x00000002
core   0: 0x8000073e (0xffc15de3) bge     sp, t3, pc - 6
core   0: 3 0x8000073e (0xffc15de3)
core   0: 0x80000738 (0xabbd2d13) slti    s10, s10, -1349
core   0: 3 0x80000738 (0xabbd2d13) x26 0x00000000
core   0: 0x8000073c (0x00001165) c.addi  sp, -7
core   0: 3 0x8000073c (0x1165) x 2 0xfffffffb
core   0: 0x8000073e (0xffc15de3) bge     sp, t3, pc - 6
core   0: 3 0x8000073e (0xffc15de3)
core   0: 0x80000742 (0x0000f26d) c.bnez  a2, pc - 30
core   0: 3 0x80000742 (0xf26d)
core   0: 0x80000724 (0x031a11b3) mulh    gp, s4, a7
core   0: 3 0x80000724 (0x031a11b3) x 3 0xffff9688
core   0: 0x80000728 (0x00001675) c.addi  a2, -3
core   0: 3 0x80000728 (0x1675) x12 0x00000000
core   0: 0x8000072a (0x03c7b533) mulhu   a0, a5, t3
core   0: 3 0x8000072a (0x03c7b533) x10 0x00000000
core   0: 0x8000072e (0x00900113) li      sp, 9
core   0: 3 0x8000072e (0x00900113) x 2 0x00000009
core   0: 0x80000732 (0xffe00e13) li      t3, -2
core   0: 3 0x80000732 (0xffe00e13) x28 0xfffffffe
core   0: 0x80000736 (0x000091ba) c.add   gp, a4
core   0: 3 0x80000736 (0x91ba) x 3 0xffff9677
core   0: 0x80000738 (0xabbd2d13) slti    s10, s10, -1349
core   0: 3 0x80000738 (0xabbd2d13) x26 0x00000000
core   0: 0x8000073c (0x00001165) c.addi  sp, -7
core   0: 3 0x8000073c (0x1165) x 2 0x00000002
core   0: 0x8000073e (0xffc15de3) bge     sp, t3, pc - 6
core   0: 3 0x8000073e (0xffc15de3)
core   0: 0x80000738 (0xabbd2d13) slti    s10, s10, -1349
core   0: 3 0x80000738 (0xabbd2d13) x26 0x00000000
core   0: 0x8000073c (0x00001165) c.addi  sp, -7
core   0: 3 0x8000073c (0x1165) x 2 0xfffffffb
core   0: 0x8000073e (0xffc15de3) bge     sp, t3, pc - 6
core   0: 3 0x8000073e (0xffc15de3)
core   0: 0x80000742 (0x0000f26d) c.bnez  a2, pc - 30
core   0: 3 0x80000742 (0xf26d)
core   0: 0x80000744 (0xca264413) xori    s0, a2, -862
core   0: 3 0x80000744 (0xca264413) x 8 0xfffffca2
core   0: 0x80000748 (0x00a00713) li      a4, 10
core   0: 3 0x80000748 (0x00a00713) x14 0x0000000a
core   0: 0x8000074c (0x1d0def13) ori     t5, s11, 464
core   0: 3 0x8000074c (0x1d0def13) x30 0xfffffffc
core   0: 0x80000750 (0x00e00593) li      a1, 14
core   0: 3 0x80000750 (0x00e00593) x11 0x0000000e
core   0: 0x80000754 (0x00000d10) c.addi4spn a2, sp, 656
core   0: 3 0x80000754 (0x0d10) x12 0x0000028b
core   0: 0x80000756 (0x00c1c433) xor     s0, gp, a2
core   0: 3 0x80000756 (0x00c1c433) x 8 0xffff94fc
core   0: 0x8000075a (0x2fed3613) sltiu   a2, s10, 766
core   0: 3 0x8000075a (0x2fed3613) x12 0x00000001
core   0: 0x8000075e (0xce805e37) lui     t3, 0xce805
core   0: 3 0x8000075e (0xce805e37) x28 0xce805000
core   0: 0x80000762 (0x00008549) c.srai  a0, 18
core   0: 3 0x80000762 (0x8549) x10 0x00000000
core   0: 0x80000764 (0x0000070d) c.addi  a4, 3
core   0: 3 0x80000764 (0x070d) x14 0x0000000d
core   0: 0x80000766 (0x00000001) c.nop
core   0: 3 0x80000766 (0x0001)
core   0: 0x80000768 (0x00900693) li      a3, 9
core   0: 3 0x80000768 (0x00900693) x13 0x00000009
core   0: 0x8000076c (0x038d4433) div     s0, s10, s8
core   0: 3 0x8000076c (0x038d4433) x 8 0x00000000
core   0: 0x80000770 (0x031b7033) remu    zero, s6, a7
core   0: 3 0x80000770 (0x031b7033)
core   0: 0x80000774 (0x00500893) li      a7, 5
core   0: 3 0x80000774 (0x00500893) x17 0x00000005
core   0: 0x80000778 (0x00008cb5) c.xor   s1, a3
core   0: 3 0x80000778 (0x8cb5) x 9 0xffffffe6
core   0: 0x8000077a (0x000016fd) c.addi  a3, -1
core   0: 3 0x8000077a (0x16fd) x13 0x00000008
core   0: 0x8000077c (0x0ff0000f) fence   iorw,iorw
core   0: 3 0x8000077c (0x0ff0000f)
core   0: 0x80000780 (0xff16fce3) bgeu    a3, a7, pc - 8
core   0: 3 0x80000780 (0xff16fce3)
core   0: 0x80000778 (0x00008cb5) c.xor   s1, a3
core   0: 3 0x80000778 (0x8cb5) x 9 0xffffffee
core   0: 0x8000077a (0x000016fd) c.addi  a3, -1
core   0: 3 0x8000077a (0x16fd) x13 0x00000007
core   0: 0x8000077c (0x0ff0000f) fence   iorw,iorw
core   0: 3 0x8000077c (0x0ff0000f)
core   0: 0x80000780 (0xff16fce3) bgeu    a3, a7, pc - 8
core   0: 3 0x80000780 (0xff16fce3)
core   0: 0x80000778 (0x00008cb5) c.xor   s1, a3
core   0: 3 0x80000778 (0x8cb5) x 9 0xffffffe9
core   0: 0x8000077a (0x000016fd) c.addi  a3, -1
core   0: 3 0x8000077a (0x16fd) x13 0x00000006
core   0: 0x8000077c (0x0ff0000f) fence   iorw,iorw
core   0: 3 0x8000077c (0x0ff0000f)
core   0: 0x80000780 (0xff16fce3) bgeu    a3, a7, pc - 8
core   0: 3 0x80000780 (0xff16fce3)
core   0: 0x80000778 (0x00008cb5) c.xor   s1, a3
core   0: 3 0x80000778 (0x8cb5) x 9 0xffffffef
core   0: 0x8000077a (0x000016fd) c.addi  a3, -1
core   0: 3 0x8000077a (0x16fd) x13 0x00000005
core   0: 0x8000077c (0x0ff0000f) fence   iorw,iorw
core   0: 3 0x8000077c (0x0ff0000f)
core   0: 0x80000780 (0xff16fce3) bgeu    a3, a7, pc - 8
core   0: 3 0x80000780 (0xff16fce3)
core   0: 0x80000778 (0x00008cb5) c.xor   s1, a3
core   0: 3 0x80000778 (0x8cb5) x 9 0xffffffea
core   0: 0x8000077a (0x000016fd) c.addi  a3, -1
core   0: 3 0x8000077a (0x16fd) x13 0x00000004
core   0: 0x8000077c (0x0ff0000f) fence   iorw,iorw
core   0: 3 0x8000077c (0x0ff0000f)
core   0: 0x80000780 (0xff16fce3) bgeu    a3, a7, pc - 8
core   0: 3 0x80000780 (0xff16fce3)
core   0: 0x80000784 (0x01cfc933) xor     s2, t6, t3
core   0: 3 0x80000784 (0x01cfc933) x18 0xa26d86da
core   0: 0x80000788 (0x0000127d) c.addi  tp, -1
core   0: 3 0x80000788 (0x127d) x 4 0xffffffff
core   0: 0x8000078a (0x000083f5) c.srli  a5, 29
core   0: 3 0x8000078a (0x83f5) x15 0x00000000
core   0: 0x8000078c (0x79404997) auipc   s3, 0x79404
core   0: 3 0x8000078c (0x79404997) x19 0xf940478c
core   0: 0x80000790 (0x0260c4b3) div     s1, ra, t1
core   0: 3 0x80000790 (0x0260c4b3) x 9 0x00000000
core   0: 0x80000794 (0xfcb760e3) bltu    a4, a1, pc - 64
core   0: 3 0x80000794 (0xfcb760e3)
core   0: 0x80000754 (0x00000d10) c.addi4spn a2, sp, 656
core   0: 3 0x80000754 (0x0d10) x12 0x0000028b
core   0: 0x80000756 (0x00c1c433) xor     s0, gp, a2
core   0: 3 0x80000756 (0x00c1c433) x 8 0xffff94fc
core   0: 0x8000075a (0x2fed3613) sltiu   a2, s10, 766
core   0: 3 0x8000075a (0x2fed3613) x12 0x00000001
core   0: 0x8000075e (0xce805e37) lui     t3, 0xce805
core   0: 3 0x8000075e (0xce805e37) x28 0xce805000
core   0: 0x80000762 (0x00008549) c.srai  a0, 18
core   0: 3 0x80000762 (0x8549) x10 0x00000000
core   0: 0x80000764 (0x0000070d) c.addi  a4, 3
core   0: 3 0x80000764 (0x070d) x14 0x00000010
core   0: 0x80000766 (0x00000001) c.nop
core   0: 3 0x80000766 (0x0001)
core   0: 0x80000768 (0x00900693) li      a3, 9
core   0: 3 0x80000768 (0x00900693) x13 0x00000009
core   0: 0x8000076c (0x038d4433) div     s0, s10, s8
core   0: 3 0x8000076c (0x038d4433) x 8 0x00000000
core   0: 0x80000770 (0x031b7033) remu    zero, s6, a7
core   0: 3 0x80000770 (0x031b7033)
core   0: 0x80000774 (0x00500893) li      a7, 5
core   0: 3 0x80000774 (0x00500893) x17 0x00000005
core   0: 0x80000778 (0x00008cb5) c.xor   s1, a3
core   0: 3 0x80000778 (0x8cb5) x 9 0x00000009
core   0: 0x8000077a (0x000016fd) c.addi  a3, -1
core   0: 3 0x8000077a (0x16fd) x13 0x00000008
core   0: 0x8000077c (0x0ff0000f) fence   iorw,iorw
core   0: 3 0x8000077c (0x0ff0000f)
core   0: 0x80000780 (0xff16fce3) bgeu    a3, a7, pc - 8
core   0: 3 0x80000780 (0xff16fce3)
core   0: 0x80000778 (0x00008cb5) c.xor   s1, a3
core   0: 3 0x80000778 (0x8cb5) x 9 0x00000001
core   0: 0x8000077a (0x000016fd) c.addi  a3, -1
core   0: 3 0x8000077a (0x16fd) x13 0x00000007
core   0: 0x8000077c (0x0ff0000f) fence   iorw,iorw
core   0: 3 0x8000077c (0x0ff0000f)
core   0: 0x80000780 (0xff16fce3) bgeu    a3, a7, pc - 8
core   0: 3 0x80000780 (0xff16fce3)
core   0: 0x80000778 (0x00008cb5) c.xor   s1, a3
core   0: 3 0x80000778 (0x8cb5) x 9 0x00000006
core   0: 0x8000077a (0x000016fd) c.addi  a3, -1
core   0: 3 0x8000077a (0x16fd) x13 0x00000006
core   0: 0x8000077c (0x0ff0000f) fence   iorw,iorw
core   0: 3 0x8000077c (0x0ff0000f)
core   0: 0x80000780 (0xff16fce3) bgeu    a3, a7, pc - 8
core   0: 3 0x80000780 (0xff16fce3)
core   0: 0x80000778 (0x00008cb5) c.xor   s1, a3
core   0: 3 0x80000778 (0x8cb5) x 9 0x00000000
core   0: 0x8000077a (0x000016fd) c.addi  a3, -1
core   0: 3 0x8000077a (0x16fd) x13 0x00000005
core   0: 0x8000077c (0x0ff0000f) fence   iorw,iorw
core   0: 3 0x8000077c (0x0ff0000f)
core   0: 0x80000780 (0xff16fce3) bgeu    a3, a7, pc - 8
core   0: 3 0x80000780 (0xff16fce3)
core   0: 0x80000778 (0x00008cb5) c.xor   s1, a3
core   0: 3 0x80000778 (0x8cb5) x 9 0x00000005
core   0: 0x8000077a (0x000016fd) c.addi  a3, -1
core   0: 3 0x8000077a (0x16fd) x13 0x00000004
core   0: 0x8000077c (0x0ff0000f) fence   iorw,iorw
core   0: 3 0x8000077c (0x0ff0000f)
core   0: 0x80000780 (0xff16fce3) bgeu    a3, a7, pc - 8
core   0: 3 0x80000780 (0xff16fce3)
core   0: 0x80000784 (0x01cfc933) xor     s2, t6, t3
core   0: 3 0x80000784 (0x01cfc933) x18 0xa26d86da
core   0: 0x80000788 (0x0000127d) c.addi  tp, -1
core   0: 3 0x80000788 (0x127d) x 4 0xfffffffe
core   0: 0x8000078a (0x000083f5) c.srli  a5, 29
core   0: 3 0x8000078a (0x83f5) x15 0x00000000
core   0: 0x8000078c (0x79404997) auipc   s3, 0x79404
core   0: 3 0x8000078c (0x79404997) x19 0xf940478c
core   0: 0x80000790 (0x0260c4b3) div     s1, ra, t1
core   0: 3 0x80000790 (0x0260c4b3) x 9 0x00000000
core   0: 0x80000794 (0xfcb760e3) bltu    a4, a1, pc - 64
core   0: 3 0x80000794 (0xfcb760e3)
core   0: 0x80000798 (0x89194513) xori    a0, s2, -1903
core   0: 3 0x80000798 (0x89194513) x10 0x5d927e4b
core   0: 0x8000079c (0xff900113) li      sp, -7
core   0: 3 0x8000079c (0xff900113) x 2 0xfffffff9
core   0: 0x800007a0 (0x0051ce33) xor     t3, gp, t0
core   0: 3 0x800007a0 (0x0051ce33) x28 0x00006986
core   0: 0x800007a4 (0x03477bb3) remu    s7, a4, s4
core   0: 3 0x800007a4 (0x03477bb3) x23 0x00000010
core   0: 0x800007a8 (0x00005bfd) c.li    s7, -1
core   0: 3 0x800007a8 (0x5bfd) x23 0xffffffff
core   0: 0x800007aa (0x00779193) slli    gp, a5, 7
core   0: 3 0x800007aa (0x00779193) x 3 0x00000000
core   0: 0x800007ae (0xff000093) li      ra, -16
core   0: 3 0x800007ae (0xff000093) x 1 0xfffffff0
core   0: 0x800007b2 (0x011c7533) and     a0, s8, a7
core   0: 3 0x800007b2 (0x011c7533) x10 0x00000000
core   0: 0x800007b6 (0x41c60c33) sub     s8, a2, t3
core   0: 3 0x800007b6 (0x41c60c33) x24 0xffff967b
core   0: 0x800007ba (0x0000040e) c.slli  s0, 3
core   0: 3 0x800007ba (0x040e) x 8 0x00000000
core   0: 0x800007bc (0x00a0aab3) slt     s5, ra, a0
core   0: 3 0x800007bc (0x00a0aab3) x21 0x00000001
core   0: 0x800007c0 (0x00006ae9) c.lui   s5, 0x1a
core   0: 3 0x800007c0 (0x6ae9) x21 0x0001a000
core   0: 0x800007c2 (0x01cae233) or      tp, s5, t3
core   0: 3 0x800007c2 (0x01cae233) x 4 0x0001e986
core   0: 0x800007c6 (0x00001161) c.addi  sp, -8
core   0: 3 0x800007c6 (0x1161) x 2 0xfffffff1
core   0: 0x800007c8 (0x015bb5b3) sltu    a1, s7, s5
core   0: 3 0x800007c8 (0x015bb5b3) x11 0x00000000
core   0: 0x800007cc (0x3a823b93) sltiu   s7, tp, 936
core   0: 3 0x800007cc (0x3a823b93) x23 0x00000000
core   0: 0x800007d0 (0xfe1156e3) bge     sp, ra, pc - 20
core   0: 3 0x800007d0 (0xfe1156e3)
core   0: 0x800007bc (0x00a0aab3) slt     s5, ra, a0
core   0: 3 0x800007bc (0x00a0aab3) x21 0x00000001
core   0: 0x800007c0 (0x00006ae9) c.lui   s5, 0x1a
core   0: 3 0x800007c0 (0x6ae9) x21 0x0001a000
core   0: 0x800007c2 (0x01cae233) or      tp, s5, t3
core   0: 3 0x800007c2 (0x01cae233) x 4 0x0001e986
core   0: 0x800007c6 (0x00001161) c.addi  sp, -8
core   0: 3 0x800007c6 (0x1161) x 2 0xffffffe9
core   0: 0x800007c8 (0x015bb5b3) sltu    a1, s7, s5
core   0: 3 0x800007c8 (0x015bb5b3) x11 0x00000001
core   0: 0x800007cc (0x3a823b93) sltiu   s7, tp, 936
core   0: 3 0x800007cc (0x3a823b93) x23 0x00000000
core   0: 0x800007d0 (0xfe1156e3) bge     sp, ra, pc - 20
core   0: 3 0x800007d0 (0xfe1156e3)
core   0: 0x800007d4 (0x000088a6) c.mv    a7, s1
core   0: 3 0x800007d4 (0x88a6) x17 0x00000000
core   0: 0x800007d6 (0xffb00413) li      s0, -5
core   0: 3 0x800007d6 (0xffb00413) x 8 0xfffffffb
core   0: 0x800007da (0x00000001) c.nop
core   0: 3 0x800007da (0x0001)
core   0: 0x800007dc (0x00008c89) c.sub   s1, a0
core   0: 3 0x800007dc (0x8c89) x 9 0x00000000
core   0: 0x800007de (0xebb57c93) andi    s9, a0, -325
core   0: 3 0x800007de (0xebb57c93) x25 0x00000000
core   0: 0x800007e2 (0x00000405) c.addi  s0, 1
core   0: 3 0x800007e2 (0x0405) x 8 0xfffffffc
core   0: 0x800007e4 (0x00008f81) c.sub   a5, s0
core   0: 3 0x800007e4 (0x8f81) x15 0x00000004
core   0: 0x800007e6 (0x00acd133) srl     sp, s9, a0
core   0: 3 0x800007e6 (0x00acd133) x 2 0x00000000
core   0: 0x800007ea (0x7eb111b7) lui     gp, 0x7eb11
core   0: 3 0x800007ea (0x7eb111b7) x 3 0x7eb11000
core   0: 0x800007ee (0x00008edd) c.or    a3, a5
core   0: 3 0x800007ee (0x8edd) x13 0x00000004
core   0: 0x800007f0 (0x00008ede) c.mv    t4, s7
core   0: 3 0x800007f0 (0x8ede) x29 0x00000000
core   0: 0x800007f2 (0x0000f46d) c.bnez  s0, pc - 22
core   0: 3 0x800007f2 (0xf46d)
core   0: 0x800007dc (0x00008c89) c.sub   s1, a0
core   0: 3 0x800007dc (0x8c89) x 9 0x00000000
core   0: 0x800007de (0xebb57c93) andi    s9, a0, -325
core   0: 3 0x800007de (0xebb57c93) x25 0x00000000
core   0: 0x800007e2 (0x00000405) c.addi  s0, 1
core   0: 3 0x800007e2 (0x0405) x 8 0xfffffffd
core   0: 0x800007e4 (0x00008f81) c.sub   a5, s0
core   0: 3 0x800007e4 (0x8f81) x15 0x00000007
core   0: 0x800007e6 (0x00acd133) srl     sp, s9, a0
core   0: 3 0x800007e6 (0x00acd133) x 2 0x00000000
core   0: 0x800007ea (0x7eb111b7) lui     gp, 0x7eb11
core   0: 3 0x800007ea (0x7eb111b7) x 3 0x7eb11000
core   0: 0x800007ee (0x00008edd) c.or    a3, a5
core   0: 3 0x800007ee (0x8edd) x13 0x00000007
core   0: 0x800007f0 (0x00008ede) c.mv    t4, s7
core   0: 3 0x800007f0 (0x8ede) x29 0x00000000
core   0: 0x800007f2 (0x0000f46d) c.bnez  s0, pc - 22
core   0: 3 0x800007f2 (0xf46d)
core   0: 0x800007dc (0x00008c89) c.sub   s1, a0
core   0: 3 0x800007dc (0x8c89) x 9 0x00000000
core   0: 0x800007de (0xebb57c93) andi    s9, a0, -325
core   0: 3 0x800007de (0xebb57c93) x25 0x00000000
core   0: 0x800007e2 (0x00000405) c.addi  s0, 1
core   0: 3 0x800007e2 (0x0405) x 8 0xfffffffe
core   0: 0x800007e4 (0x00008f81) c.sub   a5, s0
core   0: 3 0x800007e4 (0x8f81) x15 0x00000009
core   0: 0x800007e6 (0x00acd133) srl     sp, s9, a0
core   0: 3 0x800007e6 (0x00acd133) x 2 0x00000000
core   0: 0x800007ea (0x7eb111b7) lui     gp, 0x7eb11
core   0: 3 0x800007ea (0x7eb111b7) x 3 0x7eb11000
core   0: 0x800007ee (0x00008edd) c.or    a3, a5
core   0: 3 0x800007ee (0x8edd) x13 0x0000000f
core   0: 0x800007f0 (0x00008ede) c.mv    t4, s7
core   0: 3 0x800007f0 (0x8ede) x29 0x00000000
core   0: 0x800007f2 (0x0000f46d) c.bnez  s0, pc - 22
core   0: 3 0x800007f2 (0xf46d)
core   0: 0x800007dc (0x00008c89) c.sub   s1, a0
core   0: 3 0x800007dc (0x8c89) x 9 0x00000000
core   0: 0x800007de (0xebb57c93) andi    s9, a0, -325
core   0: 3 0x800007de (0xebb57c93) x25 0x00000000
core   0: 0x800007e2 (0x00000405) c.addi  s0, 1
core   0: 3 0x800007e2 (0x0405) x 8 0xffffffff
core   0: 0x800007e4 (0x00008f81) c.sub   a5, s0
core   0: 3 0x800007e4 (0x8f81) x15 0x0000000a
core   0: 0x800007e6 (0x00acd133) srl     sp, s9, a0
core   0: 3 0x800007e6 (0x00acd133) x 2 0x00000000
core   0: 0x800007ea (0x7eb111b7) lui     gp, 0x7eb11
core   0: 3 0x800007ea (0x7eb111b7) x 3 0x7eb11000
core   0: 0x800007ee (0x00008edd) c.or    a3, a5
core   0: 3 0x800007ee (0x8edd) x13 0x0000000f
core   0: 0x800007f0 (0x00008ede) c.mv    t4, s7
core   0: 3 0x800007f0 (0x8ede) x29 0x00000000
core   0: 0x800007f2 (0x0000f46d) c.bnez  s0, pc - 22
core   0: 3 0x800007f2 (0xf46d)
core   0: 0x800007dc (0x00008c89) c.sub   s1, a0
core   0: 3 0x800007dc (0x8c89) x 9 0x00000000
core   0: 0x800007de (0xebb57c93) andi    s9, a0, -325
core   0: 3 0x800007de (0xebb57c93) x25 0x00000000
core   0: 0x800007e2 (0x00000405) c.addi  s0, 1
core   0: 3 0x800007e2 (0x0405) x 8 0x00000000
core   0: 0x800007e4 (0x00008f81) c.sub   a5, s0
core   0: 3 0x800007e4 (0x8f81) x15 0x0000000a
core   0: 0x800007e6 (0x00acd133) srl     sp, s9, a0
core   0: 3 0x800007e6 (0x00acd133) x 2 0x00000000
core   0: 0x800007ea (0x7eb111b7) lui     gp, 0x7eb11
core   0: 3 0x800007ea (0x7eb111b7) x 3 0x7eb11000
core   0: 0x800007ee (0x00008edd) c.or    a3, a5
core   0: 3 0x800007ee (0x8edd) x13 0x0000000f
core   0: 0x800007f0 (0x00008ede) c.mv    t4, s7
core   0: 3 0x800007f0 (0x8ede) x29 0x00000000
core   0: 0x800007f2 (0x0000f46d) c.bnez  s0, pc - 22
core   0: 3 0x800007f2 (0xf46d)
core   0: 0x800007f4 (0xfac0ed13) ori     s10, ra, -84
core   0: 3 0x800007f4 (0xfac0ed13) x26 0xfffffffc
core   0: 0x800007f8 (0xff800093) li      ra, -8
core   0: 3 0x800007f8 (0xff800093) x 1 0xfffffff8
core   0: 0x800007fc (0x00b03633) snez    a2, a1
core   0: 3 0x800007fc (0x00b03633) x12 0x00000001
core   0: 0x80000800 (0x00c08e33) add     t3, ra, a2
core   0: 3 0x80000800 (0x00c08e33) x28 0xfffffff9
core   0: 0x80000804 (0x00000a93) li      s5, 0
core   0: 3 0x80000804 (0x00000a93) x21 0x00000000
core   0: 0x80000808 (0x00000001) c.nop
core   0: 3 0x80000808 (0x0001)
core   0: 0x8000080a (0x03dd69b3) rem     s3, s10, t4
core   0: 3 0x8000080a (0x03dd69b3) x19 0xfffffffc
core   0: 0x8000080e (0x0000008d) c.addi  ra, 3
core   0: 3 0x8000080e (0x008d) x 1 0xfffffffb
core   0: 0x80000810 (0x013869b3) or      s3, a6, s3
core   0: 3 0x80000810 (0x013869b3) x19 0xfffffffc
core   0: 0x80000814 (0xffc00b93) li      s7, -4
core   0: 3 0x80000814 (0xffc00b93) x23 0xfffffffc
core   0: 0x80000818 (0x00006d5d) c.lui   s10, 0x17
core   0: 3 0x80000818 (0x6d5d) x26 0x00017000
core   0: 0x8000081a (0xd3eb4713) xori    a4, s6, -706
core   0: 3 0x8000081a (0xd3eb4713) x14 0xfffffd39
core   0: 0x8000081e (0x00500413) li      s0, 5
core   0: 3 0x8000081e (0x00500413) x 8 0x00000005
core   0: 0x80000822 (0x000083f9) c.srli  a5, 30
core   0: 3 0x80000822 (0x83f9) x15 0x00000000
core   0: 0x80000824 (0x00008c81) c.sub   s1, s0
core   0: 3 0x80000824 (0x8c81) x 9 0xfffffffb
core   0: 0x80000826 (0x01baa9b3) slt     s3, s5, s11
core   0: 3 0x80000826 (0x01baa9b3) x19 0x00000000
core   0: 0x8000082a (0x009194b3) sll     s1, gp, s1
core   0: 3 0x8000082a (0x009194b3) x 9 0x00000000
core   0: 0x8000082e (0x00000b8d) c.addi  s7, 3
core   0: 3 0x8000082e (0x0b8d) x23 0xffffffff
core   0: 0x80000830 (0x03a318b3) mulh    a7, t1, s10
core   0: 3 0x80000830 (0x03a318b3) x17 0xffff4803
core   0: 0x80000834 (0xfe8bc9e3) blt     s7, s0, pc - 14
core   0: 3 0x80000834 (0xfe8bc9e3)
core   0: 0x80000826 (0x01baa9b3) slt     s3, s5, s11
core   0: 3 0x80000826 (0x01baa9b3) x19 0x00000000
core   0: 0x8000082a (0x009194b3) sll     s1, gp, s1
core   0: 3 0x8000082a (0x009194b3) x 9 0x7eb11000
core   0: 0x8000082e (0x00000b8d) c.addi  s7, 3
core   0: 3 0x8000082e (0x0b8d) x23 0x00000002
core   0: 0x80000830 (0x03a318b3) mulh    a7, t1, s10
core   0: 3 0x80000830 (0x03a318b3) x17 0xffff4803
core   0: 0x80000834 (0xfe8bc9e3) blt     s7, s0, pc - 14
core   0: 3 0x80000834 (0xfe8bc9e3)
core   0: 0x80000826 (0x01baa9b3) slt     s3, s5, s11
core   0: 3 0x80000826 (0x01baa9b3) x19 0x00000000
core   0: 0x8000082a (0x009194b3) sll     s1, gp, s1
core   0: 3 0x8000082a (0x009194b3) x 9 0x7eb11000
core   0: 0x8000082e (0x00000b8d) c.addi  s7, 3
core   0: 3 0x8000082e (0x0b8d) x23 0x00000005
core   0: 0x80000830 (0x03a318b3) mulh    a7, t1, s10
core   0: 3 0x80000830 (0x03a318b3) x17 0xffff4803
core   0: 0x80000834 (0xfe8bc9e3) blt     s7, s0, pc - 14
core   0: 3 0x80000834 (0xfe8bc9e3)
core   0: 0x80000838 (0x010a5d33) srl     s10, s4, a6
core   0: 3 0x80000838 (0x010a5d33) x26 0x0a72ef25
core   0: 0x8000083c (0x00008ead) c.xor   a3, a1
core   0: 3 0x8000083c (0x8ead) x13 0x0000000e
core   0: 0x8000083e (0x0050c933) xor     s2, ra, t0
core   0: 3 0x8000083e (0x0050c933) x18 0x0000000a
core   0: 0x80000842 (0xfd50c3e3) blt     ra, s5, pc - 58
core   0: 3 0x80000842 (0xfd50c3e3)
core   0: 0x80000808 (0x00000001) c.nop
core   0: 3 0x80000808 (0x0001)
core   0: 0x8000080a (0x03dd69b3) rem     s3, s10, t4
core   0: 3 0x8000080a (0x03dd69b3) x19 0x0a72ef25
core   0: 0x8000080e (0x0000008d) c.addi  ra, 3
core   0: 3 0x8000080e (0x008d) x 1 0xfffffffe
core   0: 0x80000810 (0x013869b3) or      s3, a6, s3
core   0: 3 0x80000810 (0x013869b3) x19 0x8a72efe5
core   0: 0x80000814 (0xffc00b93) li      s7, -4
core   0: 3 0x80000814 (0xffc00b93) x23 0xfffffffc
core   0: 0x80000818 (0x00006d5d) c.lui   s10, 0x17
core   0: 3 0x80000818 (0x6d5d) x26 0x00017000
core   0: 0x8000081a (0xd3eb4713) xori    a4, s6, -706
core   0: 3 0x8000081a (0xd3eb4713) x14 0xfffffd39
core   0: 0x8000081e (0x00500413) li      s0, 5
core   0: 3 0x8000081e (0x00500413) x 8 0x00000005
core   0: 0x80000822 (0x000083f9) c.srli  a5, 30
core   0: 3 0x80000822 (0x83f9) x15 0x00000000
core   0: 0x80000824 (0x00008c81) c.sub   s1, s0
core   0: 3 0x80000824 (0x8c81) x 9 0x7eb10ffb
core   0: 0x80000826 (0x01baa9b3) slt     s3, s5, s11
core   0: 3 0x80000826 (0x01baa9b3) x19 0x00000000
core   0: 0x8000082a (0x009194b3) sll     s1, gp, s1
core   0: 3 0x8000082a (0x009194b3) x 9 0x00000000
core   0: 0x8000082e (0x00000b8d) c.addi  s7, 3
core   0: 3 0x8000082e (0x0b8d) x23 0xffffffff
core   0: 0x80000830 (0x03a318b3) mulh    a7, t1, s10
core   0: 3 0x80000830 (0x03a318b3) x17 0xffff4803
core   0: 0x80000834 (0xfe8bc9e3) blt     s7, s0, pc - 14
core   0: 3 0x80000834 (0xfe8bc9e3)
core   0: 0x80000826 (0x01baa9b3) slt     s3, s5, s11
core   0: 3 0x80000826 (0x01baa9b3) x19 0x00000000
core   0: 0x8000082a (0x009194b3) sll     s1, gp, s1
core   0: 3 0x8000082a (0x009194b3) x 9 0x7eb11000
core   0: 0x8000082e (0x00000b8d) c.addi  s7, 3
core   0: 3 0x8000082e (0x0b8d) x23 0x00000002
core   0: 0x80000830 (0x03a318b3) mulh    a7, t1, s10
core   0: 3 0x80000830 (0x03a318b3) x17 0xffff4803
core   0: 0x80000834 (0xfe8bc9e3) blt     s7, s0, pc - 14
core   0: 3 0x80000834 (0xfe8bc9e3)
core   0: 0x80000826 (0x01baa9b3) slt     s3, s5, s11
core   0: 3 0x80000826 (0x01baa9b3) x19 0x00000000
core   0: 0x8000082a (0x009194b3) sll     s1, gp, s1
core   0: 3 0x8000082a (0x009194b3) x 9 0x7eb11000
core   0: 0x8000082e (0x00000b8d) c.addi  s7, 3
core   0: 3 0x8000082e (0x0b8d) x23 0x00000005
core   0: 0x80000830 (0x03a318b3) mulh    a7, t1, s10
core   0: 3 0x80000830 (0x03a318b3) x17 0xffff4803
core   0: 0x80000834 (0xfe8bc9e3) blt     s7, s0, pc - 14
core   0: 3 0x80000834 (0xfe8bc9e3)
core   0: 0x80000838 (0x010a5d33) srl     s10, s4, a6
core   0: 3 0x80000838 (0x010a5d33) x26 0x0a72ef25
core   0: 0x8000083c (0x00008ead) c.xor   a3, a1
core   0: 3 0x8000083c (0x8ead) x13 0x0000000f
core   0: 0x8000083e (0x0050c933) xor     s2, ra, t0
core   0: 3 0x8000083e (0x0050c933) x18 0x0000000f
core   0: 0x80000842 (0xfd50c3e3) blt     ra, s5, pc - 58
core   0: 3 0x80000842 (0xfd50c3e3)
core   0: 0x80000808 (0x00000001) c.nop
core   0: 3 0x80000808 (0x0001)
core   0: 0x8000080a (0x03dd69b3) rem     s3, s10, t4
core   0: 3 0x8000080a (0x03dd69b3) x19 0x0a72ef25
core   0: 0x8000080e (0x0000008d) c.addi  ra, 3
core   0: 3 0x8000080e (0x008d) x 1 0x00000001
core   0: 0x80000810 (0x013869b3) or      s3, a6, s3
core   0: 3 0x80000810 (0x013869b3) x19 0x8a72efe5
core   0: 0x80000814 (0xffc00b93) li      s7, -4
core   0: 3 0x80000814 (0xffc00b93) x23 0xfffffffc
core   0: 0x80000818 (0x00006d5d) c.lui   s10, 0x17
core   0: 3 0x80000818 (0x6d5d) x26 0x00017000
core   0: 0x8000081a (0xd3eb4713) xori    a4, s6, -706
core   0: 3 0x8000081a (0xd3eb4713) x14 0xfffffd39
core   0: 0x8000081e (0x00500413) li      s0, 5
core   0: 3 0x8000081e (0x00500413) x 8 0x00000005
core   0: 0x80000822 (0x000083f9) c.srli  a5, 30
core   0: 3 0x80000822 (0x83f9) x15 0x00000000
core   0: 0x80000824 (0x00008c81) c.sub   s1, s0
core   0: 3 0x80000824 (0x8c81) x 9 0x7eb10ffb
core   0: 0x80000826 (0x01baa9b3) slt     s3, s5, s11
core   0: 3 0x80000826 (0x01baa9b3) x19 0x00000000
core   0: 0x8000082a (0x009194b3) sll     s1, gp, s1
core   0: 3 0x8000082a (0x009194b3) x 9 0x00000000
core   0: 0x8000082e (0x00000b8d) c.addi  s7, 3
core   0: 3 0x8000082e (0x0b8d) x23 0xffffffff
core   0: 0x80000830 (0x03a318b3) mulh    a7, t1, s10
core   0: 3 0x80000830 (0x03a318b3) x17 0xffff4803
core   0: 0x80000834 (0xfe8bc9e3) blt     s7, s0, pc - 14
core   0: 3 0x80000834 (0xfe8bc9e3)
core   0: 0x80000826 (0x01baa9b3) slt     s3, s5, s11
core   0: 3 0x80000826 (0x01baa9b3) x19 0x00000000
core   0: 0x8000082a (0x009194b3) sll     s1, gp, s1
core   0: 3 0x8000082a (0x009194b3) x 9 0x7eb11000
core   0: 0x8000082e (0x00000b8d) c.addi  s7, 3
core   0: 3 0x8000082e (0x0b8d) x23 0x00000002
core   0: 0x80000830 (0x03a318b3) mulh    a7, t1, s10
core   0: 3 0x80000830 (0x03a318b3) x17 0xffff4803
core   0: 0x80000834 (0xfe8bc9e3) blt     s7, s0, pc - 14
core   0: 3 0x80000834 (0xfe8bc9e3)
core   0: 0x80000826 (0x01baa9b3) slt     s3, s5, s11
core   0: 3 0x80000826 (0x01baa9b3) x19 0x00000000
core   0: 0x8000082a (0x009194b3) sll     s1, gp, s1
core   0: 3 0x8000082a (0x009194b3) x 9 0x7eb11000
core   0: 0x8000082e (0x00000b8d) c.addi  s7, 3
core   0: 3 0x8000082e (0x0b8d) x23 0x00000005
core   0: 0x80000830 (0x03a318b3) mulh    a7, t1, s10
core   0: 3 0x80000830 (0x03a318b3) x17 0xffff4803
core   0: 0x80000834 (0xfe8bc9e3) blt     s7, s0, pc - 14
core   0: 3 0x80000834 (0xfe8bc9e3)
core   0: 0x80000838 (0x010a5d33) srl     s10, s4, a6
core   0: 3 0x80000838 (0x010a5d33) x26 0x0a72ef25
core   0: 0x8000083c (0x00008ead) c.xor   a3, a1
core   0: 3 0x8000083c (0x8ead) x13 0x0000000e
core   0: 0x8000083e (0x0050c933) xor     s2, ra, t0
core   0: 3 0x8000083e (0x0050c933) x18 0xfffffff0
core   0: 0x80000842 (0xfd50c3e3) blt     ra, s5, pc - 58
core   0: 3 0x80000842 (0xfd50c3e3)
core   0: 0x80000846 (0x038051b3) divu    gp, zero, s8
core   0: 3 0x80000846 (0x038051b3) x 3 0x00000000
core   0: 0x8000084a (0x00a00413) li      s0, 10
core   0: 3 0x8000084a (0x00a00413) x 8 0x0000000a
core   0: 0x8000084e (0x00a00f93) li      t6, 10
core   0: 3 0x8000084e (0x00a00f93) x31 0x0000000a
core   0: 0x80000852 (0x03525cb3) divu    s9, tp, s5
core   0: 3 0x80000852 (0x03525cb3) x25 0xffffffff
core   0: 0x80000856 (0x00001479) c.addi  s0, -2
core   0: 3 0x80000856 (0x1479) x 8 0x00000008
core   0: 0x80000858 (0xfff47de3) bgeu    s0, t6, pc - 6
core   0: 3 0x80000858 (0xfff47de3)
core   0: 0x8000085c (0x4008d633) sra     a2, a7, zero
core   0: 3 0x8000085c (0x4008d633) x12 0xffff4803
core   0: 0x80000860 (0xff700693) li      a3, -9
core   0: 3 0x80000860 (0xff700693) x13 0xfffffff7
core   0: 0x80000864 (0x03633733) mulhu   a4, t1, s6
core   0: 3 0x80000864 (0x03633733) x14 0x00000003
core   0: 0x80000868 (0x0314cb33) div     s6, s1, a7
core   0: 3 0x80000868 (0x0314cb33) x22 0xffff4fb9
core   0: 0x8000086c (0x000080bd) c.srli  s1, 15
core   0: 3 0x8000086c (0x80bd) x 9 0x0000fd62
core   0: 0x8000086e (0x01e27c33) and     s8, tp, t5
core   0: 3 0x8000086e (0x01e27c33) x24 0x0001e984
core   0: 0x80000872 (0x00006191) c.lui   gp, 0x4
core   0: 3 0x80000872 (0x6191) x 3 0x00004000
core   0: 0x80000874 (0x00000001) c.nop
core   0: 3 0x80000874 (0x0001)
core   0: 0x80000876 (0x03d8e0b3) rem     ra, a7, t4
core   0: 3 0x80000876 (0x03d8e0b3) x 1 0xffff4803
core   0: 0x8000087a (0x02dcb633) mulhu   a2, s9, a3
core   0: 3 0x8000087a (0x02dcb633) x12 0xfffffff6
core   0: 0x8000087e (0x0000717d) c.addi16sp sp, -16
core   0: 3 0x8000087e (0x717d) x 2 0xfffffff0
core   0: 0x80000880 (0x00000685) c.addi  a3, 1
core   0: 3 0x80000880 (0x0685) x13 0xfffffff8
core   0: 0x80000882 (0x00008e71) c.and   a2, a2
core   0: 3 0x80000882 (0x8e71) x12 0xfffffff6
core   0: 0x80000884 (0xffd00e13) li      t3, -3
core   0: 3 0x80000884 (0xffd00e13) x28 0xfffffffd
core   0: 0x80000888 (0x00001004) c.addi4spn s1, sp, 32
core   0: 3 0x80000888 (0x1004) x 9 0x00000010
core   0: 0x8000088a (0x00c00213) li      tp, 12
core   0: 3 0x8000088a (0x00c00213) x 4 0x0000000c
core   0: 0x8000088e (0x02c1e4b3) rem     s1, gp, a2
core   0: 3 0x8000088e (0x02c1e4b3) x 9 0x00000004
core   0: 0x80000892 (0x0136f1b3) and     gp, a3, s3
core   0: 3 0x80000892 (0x0136f1b3) x 3 0x00000000
core   0: 0x80000896 (0x3b0ef393) andi    t2, t4, 944
core   0: 3 0x80000896 (0x3b0ef393) x 7 0x00000000
core   0: 0x8000089a (0x00000e0d) c.addi  t3, 3
core   0: 3 0x8000089a (0x0e0d) x28 0x00000000
core   0: 0x8000089c (0x00000a0c) c.addi4spn a1, sp, 272
core   0: 3 0x8000089c (0x0a0c) x11 0x00000100
core   0: 0x8000089e (0x03a42c13) slti    s8, s0, 58
core   0: 3 0x8000089e (0x03a42c13) x24 0x00000001
core   0: 0x800008a2 (0xfe4e08e3) beq     t3, tp, pc - 16
core   0: 3 0x800008a2 (0xfe4e08e3)
core   0: 0x800008a6 (0x0ff0000f) fence   iorw,iorw
core   0: 3 0x800008a6 (0x0ff0000f)
core   0: 0x800008aa (0x8558a3b7) lui     t2, 0x8558a
core   0: 3 0x800008aa (0x8558a3b7) x 7 0x8558a000
core   0: 0x800008ae (0x0000f6f1) c.bnez  a3, pc - 52
core   0: 3 0x800008ae (0xf6f1)
core   0: 0x8000087a (0x02dcb633) mulhu   a2, s9, a3
core   0: 3 0x8000087a (0x02dcb633) x12 0xfffffff7
core   0: 0x8000087e (0x0000717d) c.addi16sp sp, -16
core   0: 3 0x8000087e (0x717d) x 2 0xffffffe0
core   0: 0x80000880 (0x00000685) c.addi  a3, 1
core   0: 3 0x80000880 (0x0685) x13 0xfffffff9
core   0: 0x80000882 (0x00008e71) c.and   a2, a2
core   0: 3 0x80000882 (0x8e71) x12 0xfffffff7
core   0: 0x80000884 (0xffd00e13) li      t3, -3
core   0: 3 0x80000884 (0xffd00e13) x28 0xfffffffd
core   0: 0x80000888 (0x00001004) c.addi4spn s1, sp, 32
core   0: 3 0x80000888 (0x1004) x 9 0x00000000
core   0: 0x8000088a (0x00c00213) li      tp, 12
core   0: 3 0x8000088a (0x00c00213) x 4 0x0000000c
core   0: 0x8000088e (0x02c1e4b3) rem     s1, gp, a2
core   0: 3 0x8000088e (0x02c1e4b3) x 9 0x00000000
core   0: 0x80000892 (0x0136f1b3) and     gp, a3, s3
core   0: 3 0x80000892 (0x0136f1b3) x 3 0x00000000
core   0: 0x80000896 (0x3b0ef393) andi    t2, t4, 944
core   0: 3 0x80000896 (0x3b0ef393) x 7 0x00000000
core   0: 0x8000089a (0x00000e0d) c.addi  t3, 3
core   0: 3 0x8000089a (0x0e0d) x28 0x00000000
core   0: 0x8000089c (0x00000a0c) c.addi4spn a1, sp, 272
core   0: 3 0x8000089c (0x0a0c) x11 0x000000f0
core   0: 0x8000089e (0x03a42c13) slti    s8, s0, 58
core   0: 3 0x8000089e (0x03a42c13) x24 0x00000001
core   0: 0x800008a2 (0xfe4e08e3) beq     t3, tp, pc - 16
core   0: 3 0x800008a2 (0xfe4e08e3)
core   0: 0x800008a6 (0x0ff0000f) fence   iorw,iorw
core   0: 3 0x800008a6 (0x0ff0000f)
core   0: 0x800008aa (0x8558a3b7) lui     t2, 0x8558a
core   0: 3 0x800008aa (0x8558a3b7) x 7 0x8558a000
core   0: 0x800008ae (0x0000f6f1) c.bnez  a3, pc - 52
core   0: 3 0x800008ae (0xf6f1)
core   0: 0x8000087a (0x02dcb633) mulhu   a2, s9, a3
core   0: 3 0x8000087a (0x02dcb633) x12 0xfffffff8
core   0: 0x8000087e (0x0000717d) c.addi16sp sp, -16
core   0: 3 0x8000087e (0x717d) x 2 0xffffffd0
core   0: 0x80000880 (0x00000685) c.addi  a3, 1
core   0: 3 0x80000880 (0x0685) x13 0xfffffffa
core   0: 0x80000882 (0x00008e71) c.and   a2, a2
core   0: 3 0x80000882 (0x8e71) x12 0xfffffff8
core   0: 0x80000884 (0xffd00e13) li      t3, -3
core   0: 3 0x80000884 (0xffd00e13) x28 0xfffffffd
core   0: 0x80000888 (0x00001004) c.addi4spn s1, sp, 32
core   0: 3 0x80000888 (0x1004) x 9 0xfffffff0
core   0: 0x8000088a (0x00c00213) li      tp, 12
core   0: 3 0x8000088a (0x00c00213) x 4 0x0000000c
core   0: 0x8000088e (0x02c1e4b3) rem     s1, gp, a2
core   0: 3 0x8000088e (0x02c1e4b3) x 9 0x00000000
core   0: 0x80000892 (0x0136f1b3) and     gp, a3, s3
core   0: 3 0x80000892 (0x0136f1b3) x 3 0x00000000
core   0: 0x80000896 (0x3b0ef393) andi    t2, t4, 944
core   0: 3 0x80000896 (0x3b0ef393) x 7 0x00000000
core   0: 0x8000089a (0x00000e0d) c.addi  t3, 3
core   0: 3 0x8000089a (0x0e0d) x28 0x00000000
core   0: 0x8000089c (0x00000a0c) c.addi4spn a1, sp, 272
core   0: 3 0x8000089c (0x0a0c) x11 0x000000e0
core   0: 0x8000089e (0x03a42c13) slti    s8, s0, 58
core   0: 3 0x8000089e (0x03a42c13) x24 0x00000001
core   0: 0x800008a2 (0xfe4e08e3) beq     t3, tp, pc - 16
core   0: 3 0x800008a2 (0xfe4e08e3)
core   0: 0x800008a6 (0x0ff0000f) fence   iorw,iorw
core   0: 3 0x800008a6 (0x0ff0000f)
core   0: 0x800008aa (0x8558a3b7) lui     t2, 0x8558a
core   0: 3 0x800008aa (0x8558a3b7) x 7 0x8558a000
core   0: 0x800008ae (0x0000f6f1) c.bnez  a3, pc - 52
core   0: 3 0x800008ae (0xf6f1)
core   0: 0x8000087a (0x02dcb633) mulhu   a2, s9, a3
core   0: 3 0x8000087a (0x02dcb633) x12 0xfffffff9
core   0: 0x8000087e (0x0000717d) c.addi16sp sp, -16
core   0: 3 0x8000087e (0x717d) x 2 0xffffffc0
core   0: 0x80000880 (0x00000685) c.addi  a3, 1
core   0: 3 0x80000880 (0x0685) x13 0xfffffffb
core   0: 0x80000882 (0x00008e71) c.and   a2, a2
core   0: 3 0x80000882 (0x8e71) x12 0xfffffff9
core   0: 0x80000884 (0xffd00e13) li      t3, -3
core   0: 3 0x80000884 (0xffd00e13) x28 0xfffffffd
core   0: 0x80000888 (0x00001004) c.addi4spn s1, sp, 32
core   0: 3 0x80000888 (0x1004) x 9 0xffffffe0
core   0: 0x8000088a (0x00c00213) li      tp, 12
core   0: 3 0x8000088a (0x00c00213) x 4 0x0000000c
core   0: 0x8000088e (0x02c1e4b3) rem     s1, gp, a2
core   0: 3 0x8000088e (0x02c1e4b3) x 9 0x00000000
core   0: 0x80000892 (0x0136f1b3) and     gp, a3, s3
core   0: 3 0x80000892 (0x0136f1b3) x 3 0x00000000
core   0: 0x80000896 (0x3b0ef393) andi    t2, t4, 944
core   0: 3 0x80000896 (0x3b0ef393) x 7 0x00000000
core   0: 0x8000089a (0x00000e0d) c.addi  t3, 3
core   0: 3 0x8000089a (0x0e0d) x28 0x00000000
core   0: 0x8000089c (0x00000a0c) c.addi4spn a1, sp, 272
core   0: 3 0x8000089c (0x0a0c) x11 0x000000d0
core   0: 0x8000089e (0x03a42c13) slti    s8, s0, 58
core   0: 3 0x8000089e (0x03a42c13) x24 0x00000001
core   0: 0x800008a2 (0xfe4e08e3) beq     t3, tp, pc - 16
core   0: 3 0x800008a2 (0xfe4e08e3)
core   0: 0x800008a6 (0x0ff0000f) fence   iorw,iorw
core   0: 3 0x800008a6 (0x0ff0000f)
core   0: 0x800008aa (0x8558a3b7) lui     t2, 0x8558a
core   0: 3 0x800008aa (0x8558a3b7) x 7 0x8558a000
core   0: 0x800008ae (0x0000f6f1) c.bnez  a3, pc - 52
core   0: 3 0x800008ae (0xf6f1)
core   0: 0x8000087a (0x02dcb633) mulhu   a2, s9, a3
core   0: 3 0x8000087a (0x02dcb633) x12 0xfffffffa
core   0: 0x8000087e (0x0000717d) c.addi16sp sp, -16
core   0: 3 0x8000087e (0x717d) x 2 0xffffffb0
core   0: 0x80000880 (0x00000685) c.addi  a3, 1
core   0: 3 0x80000880 (0x0685) x13 0xfffffffc
core   0: 0x80000882 (0x00008e71) c.and   a2, a2
core   0: 3 0x80000882 (0x8e71) x12 0xfffffffa
core   0: 0x80000884 (0xffd00e13) li      t3, -3
core   0: 3 0x80000884 (0xffd00e13) x28 0xfffffffd
core   0: 0x80000888 (0x00001004) c.addi4spn s1, sp, 32
core   0: 3 0x80000888 (0x1004) x 9 0xffffffd0
core   0: 0x8000088a (0x00c00213) li      tp, 12
core   0: 3 0x8000088a (0x00c00213) x 4 0x0000000c
core   0: 0x8000088e (0x02c1e4b3) rem     s1, gp, a2
core   0: 3 0x8000088e (0x02c1e4b3) x 9 0x00000000
core   0: 0x80000892 (0x0136f1b3) and     gp, a3, s3
core   0: 3 0x80000892 (0x0136f1b3) x 3 0x00000000
core   0: 0x80000896 (0x3b0ef393) andi    t2, t4, 944
core   0: 3 0x80000896 (0x3b0ef393) x 7 0x00000000
core   0: 0x8000089a (0x00000e0d) c.addi  t3, 3
core   0: 3 0x8000089a (0x0e0d) x28 0x00000000
core   0: 0x8000089c (0x00000a0c) c.addi4spn a1, sp, 272
core   0: 3 0x8000089c (0x0a0c) x11 0x000000c0
core   0: 0x8000089e (0x03a42c13) slti    s8, s0, 58
core   0: 3 0x8000089e (0x03a42c13) x24 0x00000001
core   0: 0x800008a2 (0xfe4e08e3) beq     t3, tp, pc - 16
core   0: 3 0x800008a2 (0xfe4e08e3)
core   0: 0x800008a6 (0x0ff0000f) fence   iorw,iorw
core   0: 3 0x800008a6 (0x0ff0000f)
core   0: 0x800008aa (0x8558a3b7) lui     t2, 0x8558a
core   0: 3 0x800008aa (0x8558a3b7) x 7 0x8558a000
core   0: 0x800008ae (0x0000f6f1) c.bnez  a3, pc - 52
core   0: 3 0x800008ae (0xf6f1)
core   0: 0x8000087a (0x02dcb633) mulhu   a2, s9, a3
core   0: 3 0x8000087a (0x02dcb633) x12 0xfffffffb
core   0: 0x8000087e (0x0000717d) c.addi16sp sp, -16
core   0: 3 0x8000087e (0x717d) x 2 0xffffffa0
core   0: 0x80000880 (0x00000685) c.addi  a3, 1
core   0: 3 0x80000880 (0x0685) x13 0xfffffffd
core   0: 0x80000882 (0x00008e71) c.and   a2, a2
core   0: 3 0x80000882 (0x8e71) x12 0xfffffffb
core   0: 0x80000884 (0xffd00e13) li      t3, -3
core   0: 3 0x80000884 (0xffd00e13) x28 0xfffffffd
core   0: 0x80000888 (0x00001004) c.addi4spn s1, sp, 32
core   0: 3 0x80000888 (0x1004) x 9 0xffffffc0
core   0: 0x8000088a (0x00c00213) li      tp, 12
core   0: 3 0x8000088a (0x00c00213) x 4 0x0000000c
core   0: 0x8000088e (0x02c1e4b3) rem     s1, gp, a2
core   0: 3 0x8000088e (0x02c1e4b3) x 9 0x00000000
core   0: 0x80000892 (0x0136f1b3) and     gp, a3, s3
core   0: 3 0x80000892 (0x0136f1b3) x 3 0x00000000
core   0: 0x80000896 (0x3b0ef393) andi    t2, t4, 944
core   0: 3 0x80000896 (0x3b0ef393) x 7 0x00000000
core   0: 0x8000089a (0x00000e0d) c.addi  t3, 3
core   0: 3 0x8000089a (0x0e0d) x28 0x00000000
core   0: 0x8000089c (0x00000a0c) c.addi4spn a1, sp, 272
core   0: 3 0x8000089c (0x0a0c) x11 0x000000b0
core   0: 0x8000089e (0x03a42c13) slti    s8, s0, 58
core   0: 3 0x8000089e (0x03a42c13) x24 0x00000001
core   0: 0x800008a2 (0xfe4e08e3) beq     t3, tp, pc - 16
core   0: 3 0x800008a2 (0xfe4e08e3)
core   0: 0x800008a6 (0x0ff0000f) fence   iorw,iorw
core   0: 3 0x800008a6 (0x0ff0000f)
core   0: 0x800008aa (0x8558a3b7) lui     t2, 0x8558a
core   0: 3 0x800008aa (0x8558a3b7) x 7 0x8558a000
core   0: 0x800008ae (0x0000f6f1) c.bnez  a3, pc - 52
core   0: 3 0x800008ae (0xf6f1)
core   0: 0x8000087a (0x02dcb633) mulhu   a2, s9, a3
core   0: 3 0x8000087a (0x02dcb633) x12 0xfffffffc
core   0: 0x8000087e (0x0000717d) c.addi16sp sp, -16
core   0: 3 0x8000087e (0x717d) x 2 0xffffff90
core   0: 0x80000880 (0x00000685) c.addi  a3, 1
core   0: 3 0x80000880 (0x0685) x13 0xfffffffe
core   0: 0x80000882 (0x00008e71) c.and   a2, a2
core   0: 3 0x80000882 (0x8e71) x12 0xfffffffc
core   0: 0x80000884 (0xffd00e13) li      t3, -3
core   0: 3 0x80000884 (0xffd00e13) x28 0xfffffffd
core   0: 0x80000888 (0x00001004) c.addi4spn s1, sp, 32
core   0: 3 0x80000888 (0x1004) x 9 0xffffffb0
core   0: 0x8000088a (0x00c00213) li      tp, 12
core   0: 3 0x8000088a (0x00c00213) x 4 0x0000000c
core   0: 0x8000088e (0x02c1e4b3) rem     s1, gp, a2
core   0: 3 0x8000088e (0x02c1e4b3) x 9 0x00000000
core   0: 0x80000892 (0x0136f1b3) and     gp, a3, s3
core   0: 3 0x80000892 (0x0136f1b3) x 3 0x00000000
core   0: 0x80000896 (0x3b0ef393) andi    t2, t4, 944
core   0: 3 0x80000896 (0x3b0ef393) x 7 0x00000000
core   0: 0x8000089a (0x00000e0d) c.addi  t3, 3
core   0: 3 0x8000089a (0x0e0d) x28 0x00000000
core   0: 0x8000089c (0x00000a0c) c.addi4spn a1, sp, 272
core   0: 3 0x8000089c (0x0a0c) x11 0x000000a0
core   0: 0x8000089e (0x03a42c13) slti    s8, s0, 58
core   0: 3 0x8000089e (0x03a42c13) x24 0x00000001
core   0: 0x800008a2 (0xfe4e08e3) beq     t3, tp, pc - 16
core   0: 3 0x800008a2 (0xfe4e08e3)
core   0: 0x800008a6 (0x0ff0000f) fence   iorw,iorw
core   0: 3 0x800008a6 (0x0ff0000f)
core   0: 0x800008aa (0x8558a3b7) lui     t2, 0x8558a
core   0: 3 0x800008aa (0x8558a3b7) x 7 0x8558a000
core   0: 0x800008ae (0x0000f6f1) c.bnez  a3, pc - 52
core   0: 3 0x800008ae (0xf6f1)
core   0: 0x8000087a (0x02dcb633) mulhu   a2, s9, a3
core   0: 3 0x8000087a (0x02dcb633) x12 0xfffffffd
core   0: 0x8000087e (0x0000717d) c.addi16sp sp, -16
core   0: 3 0x8000087e (0x717d) x 2 0xffffff80
core   0: 0x80000880 (0x00000685) c.addi  a3, 1
core   0: 3 0x80000880 (0x0685) x13 0xffffffff
core   0: 0x80000882 (0x00008e71) c.and   a2, a2
core   0: 3 0x80000882 (0x8e71) x12 0xfffffffd
core   0: 0x80000884 (0xffd00e13) li      t3, -3
core   0: 3 0x80000884 (0xffd00e13) x28 0xfffffffd
core   0: 0x80000888 (0x00001004) c.addi4spn s1, sp, 32
core   0: 3 0x80000888 (0x1004) x 9 0xffffffa0
core   0: 0x8000088a (0x00c00213) li      tp, 12
core   0: 3 0x8000088a (0x00c00213) x 4 0x0000000c
core   0: 0x8000088e (0x02c1e4b3) rem     s1, gp, a2
core   0: 3 0x8000088e (0x02c1e4b3) x 9 0x00000000
core   0: 0x80000892 (0x0136f1b3) and     gp, a3, s3
core   0: 3 0x80000892 (0x0136f1b3) x 3 0x00000000
core   0: 0x80000896 (0x3b0ef393) andi    t2, t4, 944
core   0: 3 0x80000896 (0x3b0ef393) x 7 0x00000000
core   0: 0x8000089a (0x00000e0d) c.addi  t3, 3
core   0: 3 0x8000089a (0x0e0d) x28 0x00000000
core   0: 0x8000089c (0x00000a0c) c.addi4spn a1, sp, 272
core   0: 3 0x8000089c (0x0a0c) x11 0x00000090
core   0: 0x8000089e (0x03a42c13) slti    s8, s0, 58
core   0: 3 0x8000089e (0x03a42c13) x24 0x00000001
core   0: 0x800008a2 (0xfe4e08e3) beq     t3, tp, pc - 16
core   0: 3 0x800008a2 (0xfe4e08e3)
core   0: 0x800008a6 (0x0ff0000f) fence   iorw,iorw
core   0: 3 0x800008a6 (0x0ff0000f)
core   0: 0x800008aa (0x8558a3b7) lui     t2, 0x8558a
core   0: 3 0x800008aa (0x8558a3b7) x 7 0x8558a000
core   0: 0x800008ae (0x0000f6f1) c.bnez  a3, pc - 52
core   0: 3 0x800008ae (0xf6f1)
core   0: 0x8000087a (0x02dcb633) mulhu   a2, s9, a3
core   0: 3 0x8000087a (0x02dcb633) x12 0xfffffffe
core   0: 0x8000087e (0x0000717d) c.addi16sp sp, -16
core   0: 3 0x8000087e (0x717d) x 2 0xffffff70
core   0: 0x80000880 (0x00000685) c.addi  a3, 1
core   0: 3 0x80000880 (0x0685) x13 0x00000000
core   0: 0x80000882 (0x00008e71) c.and   a2, a2
core   0: 3 0x80000882 (0x8e71) x12 0xfffffffe
core   0: 0x80000884 (0xffd00e13) li      t3, -3
core   0: 3 0x80000884 (0xffd00e13) x28 0xfffffffd
core   0: 0x80000888 (0x00001004) c.addi4spn s1, sp, 32
core   0: 3 0x80000888 (0x1004) x 9 0xffffff90
core   0: 0x8000088a (0x00c00213) li      tp, 12
core   0: 3 0x8000088a (0x00c00213) x 4 0x0000000c
core   0: 0x8000088e (0x02c1e4b3) rem     s1, gp, a2
core   0: 3 0x8000088e (0x02c1e4b3) x 9 0x00000000
core   0: 0x80000892 (0x0136f1b3) and     gp, a3, s3
core   0: 3 0x80000892 (0x0136f1b3) x 3 0x00000000
core   0: 0x80000896 (0x3b0ef393) andi    t2, t4, 944
core   0: 3 0x80000896 (0x3b0ef393) x 7 0x00000000
core   0: 0x8000089a (0x00000e0d) c.addi  t3, 3
core   0: 3 0x8000089a (0x0e0d) x28 0x00000000
core   0: 0x8000089c (0x00000a0c) c.addi4spn a1, sp, 272
core   0: 3 0x8000089c (0x0a0c) x11 0x00000080
core   0: 0x8000089e (0x03a42c13) slti    s8, s0, 58
core   0: 3 0x8000089e (0x03a42c13) x24 0x00000001
core   0: 0x800008a2 (0xfe4e08e3) beq     t3, tp, pc - 16
core   0: 3 0x800008a2 (0xfe4e08e3)
core   0: 0x800008a6 (0x0ff0000f) fence   iorw,iorw
core   0: 3 0x800008a6 (0x0ff0000f)
core   0: 0x800008aa (0x8558a3b7) lui     t2, 0x8558a
core   0: 3 0x800008aa (0x8558a3b7) x 7 0x8558a000
core   0: 0x800008ae (0x0000f6f1) c.bnez  a3, pc - 52
core   0: 3 0x800008ae (0xf6f1)
core   0: 0x800008b0 (0x2daf2a93) slti    s5, t5, 730
core   0: 3 0x800008b0 (0x2daf2a93) x21 0x00000001
core   0: 0x800008b4 (0x00300e13) li      t3, 3
core   0: 3 0x800008b4 (0x00300e13) x28 0x00000003
core   0: 0x800008b8 (0x40cb5913) srai    s2, s6, 12
core   0: 3 0x800008b8 (0x40cb5913) x18 0xfffffff4
core   0: 0x800008bc (0x00200c93) li      s9, 2
core   0: 3 0x800008bc (0x00200c93) x25 0x00000002
core   0: 0x800008c0 (0x020d9933) mulh    s2, s11, zero
core   0: 3 0x800008c0 (0x020d9933) x18 0x00000000
core   0: 0x800008c4 (0x00008ef1) c.and   a3, a2
core   0: 3 0x800008c4 (0x8ef1) x13 0x00000000
core   0: 0x800008c6 (0x00001e7d) c.addi  t3, -1
core   0: 3 0x800008c6 (0x1e7d) x28 0x00000002
core   0: 0x800008c8 (0xff800293) li      t0, -8
core   0: 3 0x800008c8 (0xff800293) x 5 0xfffffff8
core   0: 0x800008cc (0x00200793) li      a5, 2
core   0: 3 0x800008cc (0x00200793) x15 0x00000002
core   0: 0x800008d0 (0x0000717d) c.addi16sp sp, -16
core   0: 3 0x800008d0 (0x717d) x 2 0xffffff60
core   0: 0x800008d2 (0x00001300) c.addi4spn s0, sp, 416
core   0: 3 0x800008d2 (0x1300) x 8 0x00000100
core   0: 0x800008d4 (0x00000299) c.addi  t0, 6
core   0: 3 0x800008d4 (0x0299) x 5 0xfffffffe
core   0: 0x800008d6 (0xfef2eee3) bltu    t0, a5, pc - 4
core   0: 3 0x800008d6 (0xfef2eee3)
core   0: 0x800008da (0xff9e73e3) bgeu    t3, s9, pc - 26
core   0: 3 0x800008da (0xff9e73e3)
core   0: 0x800008c0 (0x020d9933) mulh    s2, s11, zero
core   0: 3 0x800008c0 (0x020d9933) x18 0x00000000
core   0: 0x800008c4 (0x00008ef1) c.and   a3, a2
core   0: 3 0x800008c4 (0x8ef1) x13 0x00000000
core   0: 0x800008c6 (0x00001e7d) c.addi  t3, -1
core   0: 3 0x800008c6 (0x1e7d) x28 0x00000001
core   0: 0x800008c8 (0xff800293) li      t0, -8
core   0: 3 0x800008c8 (0xff800293) x 5 0xfffffff8
core   0: 0x800008cc (0x00200793) li      a5, 2
core   0: 3 0x800008cc (0x00200793) x15 0x00000002
core   0: 0x800008d0 (0x0000717d) c.addi16sp sp, -16
core   0: 3 0x800008d0 (0x717d) x 2 0xffffff50
core   0: 0x800008d2 (0x00001300) c.addi4spn s0, sp, 416
core   0: 3 0x800008d2 (0x1300) x 8 0x000000f0
core   0: 0x800008d4 (0x00000299) c.addi  t0, 6
core   0: 3 0x800008d4 (0x0299) x 5 0xfffffffe
core   0: 0x800008d6 (0xfef2eee3) bltu    t0, a5, pc - 4
core   0: 3 0x800008d6 (0xfef2eee3)
core   0: 0x800008da (0xff9e73e3) bgeu    t3, s9, pc - 26
core   0: 3 0x800008da (0xff9e73e3)
core   0: 0x800008de (0x00008f35) c.xor   a4, a3
core   0: 3 0x800008de (0x8f35) x14 0x00000003
core   0: 0x800008e0 (0xff600e93) li      t4, -10
core   0: 3 0x800008e0 (0xff600e93) x29 0xfffffff6
core   0: 0x800008e4 (0xffa00f93) li      t6, -6
core   0: 3 0x800008e4 (0xffa00f93) x31 0xfffffffa
core   0: 0x800008e8 (0x00000001) c.nop
core   0: 3 0x800008e8 (0x0001)
core   0: 0x800008ea (0x00000e91) c.addi  t4, 4
core   0: 3 0x800008ea (0x0e91) x29 0xfffffffa
core   0: 0x800008ec (0xffc00613) li      a2, -4
core   0: 3 0x800008ec (0xffc00613) x12 0xfffffffc
core   0: 0x800008f0 (0x48728f13) addi    t5, t0, 1159
core   0: 3 0x800008f0 (0x48728f13) x30 0x00000485
core   0: 0x800008f4 (0xff400193) li      gp, -12
core   0: 3 0x800008f4 (0xff400193) x 3 0xfffffff4
core   0: 0x800008f8 (0x00009726) c.add   a4, s1
core   0: 3 0x800008f8 (0x9726) x14 0x00000003
core   0: 0x800008fa (0x00001661) c.addi  a2, -8
core   0: 3 0x800008fa (0x1661) x12 0xfffffff4
core   0: 0x800008fc (0xfe361ee3) bne     a2, gp, pc - 4
core   0: 3 0x800008fc (0xfe361ee3)
core   0: 0x80000900 (0xfffe84e3) beq     t4, t6, pc - 24
core   0: 3 0x80000900 (0xfffe84e3)
core   0: 0x800008e8 (0x00000001) c.nop
core   0: 3 0x800008e8 (0x0001)
core   0: 0x800008ea (0x00000e91) c.addi  t4, 4
core   0: 3 0x800008ea (0x0e91) x29 0xfffffffe
core   0: 0x800008ec (0xffc00613) li      a2, -4
core   0: 3 0x800008ec (0xffc00613) x12 0xfffffffc
core   0: 0x800008f0 (0x48728f13) addi    t5, t0, 1159
core   0: 3 0x800008f0 (0x48728f13) x30 0x00000485
core   0: 0x800008f4 (0xff400193) li      gp, -12
core   0: 3 0x800008f4 (0xff400193) x 3 0xfffffff4
core   0: 0x800008f8 (0x00009726) c.add   a4, s1
core   0: 3 0x800008f8 (0x9726) x14 0x00000003
core   0: 0x800008fa (0x00001661) c.addi  a2, -8
core   0: 3 0x800008fa (0x1661) x12 0xfffffff4
core   0: 0x800008fc (0xfe361ee3) bne     a2, gp, pc - 4
core   0: 3 0x800008fc (0xfe361ee3)
core   0: 0x80000900 (0xfffe84e3) beq     t4, t6, pc - 24
core   0: 3 0x80000900 (0xfffe84e3)
core   0: 0x80000904 (0x001b7433) and     s0, s6, ra
core   0: 3 0x80000904 (0x001b7433) x 8 0xffff4801
core   0: 0x80000908 (0x00800593) li      a1, 8
core   0: 3 0x80000908 (0x00800593) x11 0x00000008
core   0: 0x8000090c (0x017834b3) sltu    s1, a6, s7
core   0: 3 0x8000090c (0x017834b3) x 9 0x00000000
core   0: 0x80000910 (0x400f06b3) sub     a3, t5, zero
core   0: 3 0x80000910 (0x400f06b3) x13 0x00000485
core   0: 0x80000914 (0x029890b3) mulh    ra, a7, s1
core   0: 3 0x80000914 (0x029890b3) x 1 0x00000000
core   0: 0x80000918 (0x64e6a993) slti    s3, a3, 1614
core   0: 3 0x80000918 (0x64e6a993) x19 0x00000001
core   0: 0x8000091c (0x00008c5d) c.or    s0, a5
core   0: 3 0x8000091c (0x8c5d) x 8 0xffff4803
core   0: 0x8000091e (0x00000001) c.nop
core   0: 3 0x8000091e (0x0001)
core   0: 0x80000920 (0x00000001) c.nop
core   0: 3 0x80000920 (0x0001)
core   0: 0x80000922 (0x000086aa) c.mv    a3, a0
core   0: 3 0x80000922 (0x86aa) x13 0x00000000
core   0: 0x80000924 (0x03842ab3) mulhsu  s5, s0, s8
core   0: 3 0x80000924 (0x03842ab3) x21 0xffffffff
core   0: 0x80000928 (0x03a216b3) mulh    a3, tp, s10
core   0: 3 0x80000928 (0x03a216b3) x13 0x00000000
core   0: 0x8000092c (0x00000001) c.nop
core   0: 3 0x8000092c (0x0001)
core   0: 0x8000092e (0x50dc7b97) auipc   s7, 0x50dc7
core   0: 3 0x8000092e (0x50dc7b97) x23 0xd0dc792e
core   0: 0x80000932 (0x033207b3) mul     a5, tp, s3
core   0: 3 0x80000932 (0x033207b3) x15 0x0000000c
core   0: 0x80000936 (0x0000922a) c.add   tp, a0
core   0: 3 0x80000936 (0x922a) x 4 0x0000000c
core   0: 0x80000938 (0x000015f1) c.addi  a1, -4
core   0: 3 0x80000938 (0x15f1) x11 0x00000004
core   0: 0x8000093a (0x0000957a) c.add   a0, t5
core   0: 3 0x8000093a (0x957a) x10 0x00000485
core   0: 0x8000093c (0xae01e093) ori     ra, gp, -1312
core   0: 3 0x8000093c (0xae01e093) x 1 0xfffffff4
core   0: 0x80000940 (0x00008e6d) c.and   a2, a1
core   0: 3 0x80000940 (0x8e6d) x12 0x00000004
core   0: 0x80000942 (0x00212133) slt     sp, sp, sp
core   0: 3 0x80000942 (0x00212133) x 2 0x00000000
core   0: 0x80000946 (0xbdf88493) addi    s1, a7, -1057
core   0: 3 0x80000946 (0xbdf88493) x 9 0xffff43e2
core   0: 0x8000094a (0x0000fde9) c.bnez  a1, pc - 38
core   0: 3 0x8000094a (0xfde9)
core   0: 0x80000924 (0x03842ab3) mulhsu  s5, s0, s8
core   0: 3 0x80000924 (0x03842ab3) x21 0xffffffff
core   0: 0x80000928 (0x03a216b3) mulh    a3, tp, s10
core   0: 3 0x80000928 (0x03a216b3) x13 0x00000000
core   0: 0x8000092c (0x00000001) c.nop
core   0: 3 0x8000092c (0x0001)
core   0: 0x8000092e (0x50dc7b97) auipc   s7, 0x50dc7
core   0: 3 0x8000092e (0x50dc7b97) x23 0xd0dc792e
core   0: 0x80000932 (0x033207b3) mul     a5, tp, s3
core   0: 3 0x80000932 (0x033207b3) x15 0x0000000c
core   0: 0x80000936 (0x0000922a) c.add   tp, a0
core   0: 3 0x80000936 (0x922a) x 4 0x00000491
core   0: 0x80000938 (0x000015f1) c.addi  a1, -4
core   0: 3 0x80000938 (0x15f1) x11 0x00000000
core   0: 0x8000093a (0x0000957a) c.add   a0, t5
core   0: 3 0x8000093a (0x957a) x10 0x0000090a
core   0: 0x8000093c (0xae01e093) ori     ra, gp, -1312
core   0: 3 0x8000093c (0xae01e093) x 1 0xfffffff4
core   0: 0x80000940 (0x00008e6d) c.and   a2, a1
core   0: 3 0x80000940 (0x8e6d) x12 0x00000000
core   0: 0x80000942 (0x00212133) slt     sp, sp, sp
core   0: 3 0x80000942 (0x00212133) x 2 0x00000000
core   0: 0x80000946 (0xbdf88493) addi    s1, a7, -1057
core   0: 3 0x80000946 (0xbdf88493) x 9 0xffff43e2
core   0: 0x8000094a (0x0000fde9) c.bnez  a1, pc - 38
core   0: 3 0x8000094a (0xfde9)
core   0: 0x8000094c (0x000080d1) c.srli  s1, 20
core   0: 3 0x8000094c (0x80d1) x 9 0x00000fff
core   0: 0x8000094e (0x00600f93) li      t6, 6
core   0: 3 0x8000094e (0x00600f93) x31 0x00000006
core   0: 0x80000952 (0x031ac433) div     s0, s5, a7
core   0: 3 0x80000952 (0x031ac433) x 8 0x00000000
core   0: 0x80000956 (0x000062a5) c.lui   t0, 0x9
core   0: 3 0x80000956 (0x62a5) x 5 0x00009000
core   0: 0x80000958 (0xff700393) li      t2, -9
core   0: 3 0x80000958 (0xff700393) x 7 0xfffffff7
core   0: 0x8000095c (0x409a5e33) sra     t3, s4, s1
core   0: 3 0x8000095c (0x409a5e33) x28 0xffffffff
core   0: 0x80000960 (0x00008f75) c.and   a4, a3
core   0: 3 0x80000960 (0x8f75) x14 0x00000000
core   0: 0x80000962 (0x00008252) c.mv    tp, s4
core   0: 3 0x80000962 (0x8252) x 4 0xa72ef25e
core   0: 0x80000964 (0x00008ded) c.and   a1, a1
core   0: 3 0x80000964 (0x8ded) x11 0x00000000
core   0: 0x80000966 (0x855b8013) addi    zero, s7, -1963
core   0: 3 0x80000966 (0x855b8013)
core   0: 0x8000096a (0x00001ffd) c.addi  t6, -1
core   0: 3 0x8000096a (0x1ffd) x31 0x00000005
core   0: 0x8000096c (0x40aa0e33) sub     t3, s4, a0
core   0: 3 0x8000096c (0x40aa0e33) x28 0xa72ee954
core   0: 0x80000970 (0x00001f88) c.addi4spn a0, sp, 1008
core   0: 3 0x80000970 (0x1f88) x10 0x000003f0
core   0: 0x80000972 (0x00a00613) li      a2, 10
core   0: 3 0x80000972 (0x00a00613) x12 0x0000000a
core   0: 0x80000976 (0x4e22a597) auipc   a1, 0x4e22a
core   0: 3 0x80000976 (0x4e22a597) x11 0xce22a976
core   0: 0x8000097a (0x00900893) li      a7, 9
core   0: 3 0x8000097a (0x00900893) x17 0x00000009
core   0: 0x8000097e (0xcd45e513) ori     a0, a1, -812
core   0: 3 0x8000097e (0xcd45e513) x10 0xfffffdf6
core   0: 0x80000982 (0x0390a4b3) mulhsu  s1, ra, s9
core   0: 3 0x80000982 (0x0390a4b3) x 9 0xffffffff
core   0: 0x80000986 (0x03c9ae33) mulhsu  t3, s3, t3
core   0: 3 0x80000986 (0x03c9ae33) x28 0x00000000
core   0: 0x8000098a (0x00001679) c.addi  a2, -2
core   0: 3 0x8000098a (0x1679) x12 0x00000008
core   0: 0x8000098c (0x2d24f093) andi    ra, s1, 722
core   0: 3 0x8000098c (0x2d24f093) x 1 0x000002d2
core   0: 0x80000990 (0xff1679e3) bgeu    a2, a7, pc - 14
core   0: 3 0x80000990 (0xff1679e3)
core   0: 0x80000994 (0x0155a5b3) slt     a1, a1, s5
core   0: 3 0x80000994 (0x0155a5b3) x11 0x00000001
core   0: 0x80000998 (0x0050dab3) srl     s5, ra, t0
core   0: 3 0x80000998 (0x0050dab3) x21 0x000002d2
core   0: 0x8000099c (0xfc7f84e3) beq     t6, t2, pc - 56
core   0: 3 0x8000099c (0xfc7f84e3)
core   0: 0x800009a0 (0x004f4eb3) xor     t4, t5, tp
core   0: 3 0x800009a0 (0x004f4eb3) x29 0xa72ef6db
core   0: 0x800009a4 (0xffc00593) li      a1, -4
core   0: 3 0x800009a4 (0xffc00593) x11 0xfffffffc
core   0: 0x800009a8 (0x00009c7a) c.add   s8, t5
core   0: 3 0x800009a8 (0x9c7a) x24 0x00000486
core   0: 0x800009aa (0x6e946e93) ori     t4, s0, 1769
core   0: 3 0x800009aa (0x6e946e93) x29 0x000006e9
core   0: 0x800009ae (0x8b47bb93) sltiu   s7, a5, -1868
core   0: 3 0x800009ae (0x8b47bb93) x23 0x00000001
core   0: 0x800009b2 (0x00200413) li      s0, 2
core   0: 3 0x800009b2 (0x00200413) x 8 0x00000002
core   0: 0x800009b6 (0x00008ff9) c.and   a5, a4
core   0: 3 0x800009b6 (0x8ff9) x15 0x00000000
core   0: 0x800009b8 (0x02d57ab3) remu    s5, a0, a3
core   0: 3 0x800009b8 (0x02d57ab3) x21 0xfffffdf6
core   0: 0x800009bc (0x00000001) c.nop
core   0: 3 0x800009bc (0x0001)
core   0: 0x800009be (0x013f9693) slli    a3, t6, 19
core   0: 3 0x800009be (0x013f9693) x13 0x00280000
core   0: 0x800009c2 (0x00005afd) c.li    s5, -1
core   0: 3 0x800009c2 (0x5afd) x21 0xffffffff
core   0: 0x800009c4 (0x0306f133) remu    sp, a3, a6
core   0: 3 0x800009c4 (0x0306f133) x 2 0x00280000
core   0: 0x800009c8 (0x02112f33) mulhsu  t5, sp, ra
core   0: 3 0x800009c8 (0x02112f33) x30 0x00000000
core   0: 0x800009cc (0x0000850d) c.srai  a0, 3
core   0: 3 0x800009cc (0x850d) x10 0xffffffbe
core   0: 0x800009ce (0x000005a5) c.addi  a1, 9
core   0: 3 0x800009ce (0x05a5) x11 0x00000005
core   0: 0x800009d0 (0x01fddc33) srl     s8, s11, t6
core   0: 3 0x800009d0 (0x01fddc33) x24 0x07ffffff
core   0: 0x800009d4 (0x00300193) li      gp, 3
core   0: 3 0x800009d4 (0x00300193) x 3 0x00000003
core   0: 0x800009d8 (0xee208e13) addi    t3, ra, -286
core   0: 3 0x800009d8 (0xee208e13) x28 0x000001b4
core   0: 0x800009dc (0x00b00093) li      ra, 11
core   0: 3 0x800009dc (0x00b00093) x 1 0x0000000b
core   0: 0x800009e0 (0x02abee33) rem     t3, s7, a0
core   0: 3 0x800009e0 (0x02abee33) x28 0x00000001
core   0: 0x800009e4 (0x00006179) c.addi16sp sp, 464
core   0: 3 0x800009e4 (0x6179) x 2 0x002801d0
core   0: 0x800009e6 (0x03fe84b3) mul     s1, t4, t6
core   0: 3 0x800009e6 (0x03fe84b3) x 9 0x0000228d
core   0: 0x800009ea (0x000001a1) c.addi  gp, 8
core   0: 3 0x800009ea (0x01a1) x 3 0x0000000b
core   0: 0x800009ec (0x00008ad1) c.andi  a3, 20
core   0: 3 0x800009ec (0x8ad1) x13 0x00000000
core   0: 0x800009ee (0xfe11e9e3) bltu    gp, ra, pc - 14
core   0: 3 0x800009ee (0xfe11e9e3)
core   0: 0x800009f2 (0x00000001) c.nop
core   0: 3 0x800009f2 (0x0001)
core   0: 0x800009f4 (0x00008fcd) c.or    a5, a1
core   0: 3 0x800009f4 (0x8fcd) x15 0x00000005
core   0: 0x800009f6 (0x00008cc5) c.or    s1, s1
core   0: 3 0x800009f6 (0x8cc5) x 9 0x0000228d
core   0: 0x800009f8 (0xc7757b13) andi    s6, a0, -905
core   0: 3 0x800009f8 (0xc7757b13) x22 0xfffffc36
core   0: 0x800009fc (0x00008ff1) c.and   a5, a2
core   0: 3 0x800009fc (0x8ff1) x15 0x00000000
core   0: 0x800009fe (0x874e9497) auipc   s1, 0x874e9
core   0: 3 0x800009fe (0x874e9497) x 9 0x074e99fe
core   0: 0x80000a02 (0xfa85eae3) bltu    a1, s0, pc - 76
core   0: 3 0x80000a02 (0xfa85eae3)
core   0: 0x80000a06 (0x467c2293) slti    t0, s8, 1127
core   0: 3 0x80000a06 (0x467c2293) x 5 0x00000000
core   0: 0x80000a0a (0xff800613) li      a2, -8
core   0: 3 0x80000a0a (0xff800613) x12 0xfffffff8
core   0: 0x80000a0e (0x489c3d97) auipc   s11, 0x489c3
core   0: 3 0x80000a0e (0x489c3d97) x27 0xc89c3a0e
core   0: 0x80000a12 (0x00008de9) c.and   a1, a0
core   0: 3 0x80000a12 (0x8de9) x11 0x00000004
core   0: 0x80000a14 (0x00300293) li      t0, 3
core   0: 3 0x80000a14 (0x00300293) x 5 0x00000003
core   0: 0x80000a18 (0x00008979) c.andi  a0, 30
core   0: 3 0x80000a18 (0x8979) x10 0x0000001e
core   0: 0x80000a1a (0x000004e6) c.slli  s1, 25
core   0: 3 0x80000a1a (0x04e6) x 9 0xfc000000
core   0: 0x80000a1c (0x003e6cb3) or      s9, t3, gp
core   0: 3 0x80000a1c (0x003e6cb3) x25 0x0000000b
core   0: 0x80000a20 (0x0000100f) fence.i
core   0: 3 0x80000a20 (0x0000100f)
core   0: 0x80000a24 (0x40a95113) srai    sp, s2, 10
core   0: 3 0x80000a24 (0x40a95113) x 2 0x00000000
core   0: 0x80000a28 (0x018fd6b3) srl     a3, t6, s8
core   0: 3 0x80000a28 (0x018fd6b3) x13 0x00000000
core   0: 0x80000a2c (0x00008db5) c.xor   a1, a3
core   0: 3 0x80000a2c (0x8db5) x11 0x00000004
core   0: 0x80000a2e (0x018fd1b3) srl     gp, t6, s8
core   0: 3 0x80000a2e (0x018fd1b3) x 3 0x00000000
core   0: 0x80000a32 (0x000017fd) c.addi  a5, -1
core   0: 3 0x80000a32 (0x17fd) x15 0xffffffff
core   0: 0x80000a34 (0x01c968b3) or      a7, s2, t3
core   0: 3 0x80000a34 (0x01c968b3) x17 0x00000001
core   0: 0x80000a38 (0x0ff0000f) fence   iorw,iorw
core   0: 3 0x80000a38 (0x0ff0000f)
core   0: 0x80000a3c (0x00006141) c.addi16sp sp, 16
core   0: 3 0x80000a3c (0x6141) x 2 0x00000010
core   0: 0x80000a3e (0x2bbd8793) addi    a5, s11, 699
core   0: 3 0x80000a3e (0x2bbd8793) x15 0xc89c3cc9
core   0: 0x80000a42 (0xdb9af413) andi    s0, s5, -583
core   0: 3 0x80000a42 (0xdb9af413) x 8 0xfffffdb9
core   0: 0x80000a46 (0xfeb43393) sltiu   t2, s0, -21
core   0: 3 0x80000a46 (0xfeb43393) x 7 0x00000001
core   0: 0x80000a4a (0x00000605) c.addi  a2, 1
core   0: 3 0x80000a4a (0x0605) x12 0xfffffff9
core   0: 0x80000a4c (0x0000717d) c.addi16sp sp, -16
core   0: 3 0x80000a4c (0x717d) x 2 0x00000000
core   0: 0x80000a4e (0x006d6f33) or      t5, s10, t1
core   0: 3 0x80000a4e (0x006d6f33) x30 0x8a72ef65
core   0: 0x80000a52 (0xfc5605e3) beq     a2, t0, pc - 54
core   0: 3 0x80000a52 (0xfc5605e3)
core   0: 0x80000a56 (0x01df0733) add     a4, t5, t4
core   0: 3 0x80000a56 (0x01df0733) x14 0x8a72f64e
core   0: 0x80000a5a (0xff700193) li      gp, -9
core   0: 3 0x80000a5a (0xff700193) x 3 0xfffffff7
core   0: 0x80000a5e (0x41c9d113) srai    sp, s3, 28
core   0: 3 0x80000a5e (0x41c9d113) x 2 0x00000000
core   0: 0x80000a62 (0x002306b3) add     a3, t1, sp
core   0: 3 0x80000a62 (0x002306b3) x13 0x80022e64
core   0: 0x80000a66 (0x02ccb7b3) mulhu   a5, s9, a2
core   0: 3 0x80000a66 (0x02ccb7b3) x15 0x0000000a
core   0: 0x80000a6a (0xff900413) li      s0, -7
core   0: 3 0x80000a6a (0xff900413) x 8 0xfffffff9
core   0: 0x80000a6e (0x0000868d) c.srai  a3, 3
core   0: 3 0x80000a6e (0x868d) x13 0xf00045cc
core   0: 0x80000a70 (0x10f1fe93) andi    t4, gp, 271
core   0: 3 0x80000a70 (0x10f1fe93) x29 0x00000107
core   0: 0x80000a74 (0xdfefa217) auipc   tp, 0xdfefa
core   0: 3 0x80000a74 (0xdfefa217) x 4 0x5fefaa74
core   0: 0x80000a78 (0x00000185) c.addi  gp, 1
core   0: 3 0x80000a78 (0x0185) x 3 0xfffffff8
core   0: 0x80000a7a (0x0000117d) c.addi  sp, -1
core   0: 3 0x80000a7a (0x117d) x 2 0xffffffff
core   0: 0x80000a7c (0x032f66b3) rem     a3, t5, s2
core   0: 3 0x80000a7c (0x032f66b3) x13 0x8a72ef65
core   0: 0x80000a80 (0x0021a033) slt     zero, gp, sp
core   0: 3 0x80000a80 (0x0021a033)
core   0: 0x80000a84 (0x037cfcb3) remu    s9, s9, s7
core   0: 3 0x80000a84 (0x037cfcb3) x25 0x00000000
core   0: 0x80000a88 (0x40bb8933) sub     s2, s7, a1
core   0: 3 0x80000a88 (0x40bb8933) x18 0xfffffffd
core   0: 0x80000a8c (0x00000ee5) c.addi  t4, 25
core   0: 3 0x80000a8c (0x0ee5) x29 0x00000120
core   0: 0x80000a8e (0x00008eb1) c.xor   a3, a2
core   0: 3 0x80000a8e (0x8eb1) x13 0x758d109c
core   0: 0x80000a90 (0x00300613) li      a2, 3
core   0: 3 0x80000a90 (0x00300613) x12 0x00000003
core   0: 0x80000a94 (0x01300f13) li      t5, 19
core   0: 3 0x80000a94 (0x01300f13) x30 0x00000013
core   0: 0x80000a98 (0xc6270b93) addi    s7, a4, -926
core   0: 3 0x80000a98 (0xc6270b93) x23 0x8a72f2b0
core   0: 0x80000a9c (0x00008fed) c.and   a5, a1
core   0: 3 0x80000a9c (0x8fed) x15 0x00000000
core   0: 0x80000a9e (0x80fd6d93) ori     s11, s10, -2033
core   0: 3 0x80000a9e (0x80fd6d93) x27 0xffffff2f
core   0: 0x80000aa2 (0x00000621) c.addi  a2, 8
core   0: 3 0x80000aa2 (0x0621) x12 0x0000000b
core   0: 0x80000aa4 (0x41115b93) srai    s7, sp, 17
core   0: 3 0x80000aa4 (0x41115b93) x23 0xffffffff
core   0: 0x80000aa8 (0x00000001) c.nop
core   0: 3 0x80000aa8 (0x0001)
core   0: 0x80000aaa (0xffe60ae3) beq     a2, t5, pc - 12
core   0: 3 0x80000aaa (0xffe60ae3)
core   0: 0x80000aae (0x02a25533) divu    a0, tp, a0
core   0: 3 0x80000aae (0x02a25533) x10 0x0332a7d0
core   0: 0x80000ab2 (0x0ff0000f) fence   iorw,iorw
core   0: 3 0x80000ab2 (0x0ff0000f)
core   0: 0x80000ab6 (0x02b542b3) div     t0, a0, a1
core   0: 3 0x80000ab6 (0x02b542b3) x 5 0x00cca9f4
core   0: 0x80000aba (0xfa818be3) beq     gp, s0, pc - 74
core   0: 3 0x80000aba (0xfa818be3)
core   0: 0x80000abe (0x01414fb3) xor     t6, sp, s4
core   0: 3 0x80000abe (0x01414fb3) x31 0x58d10da1
core   0: 0x80000ac2 (0xffe00493) li      s1, -2
core   0: 3 0x80000ac2 (0xffe00493) x 9 0xfffffffe
core   0: 0x80000ac6 (0x00d00613) li      a2, 13
core   0: 3 0x80000ac6 (0x00d00613) x12 0x0000000d
core   0: 0x80000aca (0x00008bbd) c.andi  a5, 15
core   0: 3 0x80000aca (0x8bbd) x15 0x00000000
core   0: 0x80000acc (0x024457b3) divu    a5, s0, tp
core   0: 3 0x80000acc (0x024457b3) x15 0x00000002
core   0: 0x80000ad0 (0x4396a393) slti    t2, a3, 1081
core   0: 3 0x80000ad0 (0x4396a393) x 7 0x00000000
core   0: 0x80000ad4 (0x00008c6e) c.mv    s8, s11
core   0: 3 0x80000ad4 (0x8c6e) x24 0xffffff2f
core   0: 0x80000ad6 (0x00008d2d) c.xor   a0, a1
core   0: 3 0x80000ad6 (0x8d2d) x10 0x0332a7d4
core   0: 0x80000ad8 (0x027c5033) divu    zero, s8, t2
core   0: 3 0x80000ad8 (0x027c5033)
core   0: 0x80000adc (0x00000485) c.addi  s1, 1
core   0: 3 0x80000adc (0x0485) x 9 0xffffffff
core   0: 0x80000ade (0x00ea18b3) sll     a7, s4, a4
core   0: 3 0x80000ade (0x00ea18b3) x17 0xbc978000
core   0: 0x80000ae2 (0x00008bf1) c.andi  a5, 28
core   0: 3 0x80000ae2 (0x8bf1) x15 0x00000000
core   0: 0x80000ae4 (0x004b5c33) srl     s8, s6, tp
core   0: 3 0x80000ae4 (0x004b5c33) x24 0x00000fff
core   0: 0x80000ae8 (0x00300593) li      a1, 3
core   0: 3 0x80000ae8 (0x00300593) x11 0x00000003
core   0: 0x80000aec (0xff300193) li      gp, -13
core   0: 3 0x80000aec (0xff300193) x 3 0xfffffff3
core   0: 0x80000af0 (0x03416ab3) rem     s5, sp, s4
core   0: 3 0x80000af0 (0x03416ab3) x21 0xffffffff
core   0: 0x80000af4 (0x00008d45) c.or    a0, s1
core   0: 3 0x80000af4 (0x8d45) x10 0xffffffff
core   0: 0x80000af6 (0x02dfd133) divu    sp, t6, a3
core   0: 3 0x80000af6 (0x02dfd133) x 2 0x00000000
core   0: 0x80000afa (0x03439cb3) mulh    s9, t2, s4
core   0: 3 0x80000afa (0x03439cb3) x25 0x00000000
core   0: 0x80000afe (0x41a83693) sltiu   a3, a6, 1050
core   0: 3 0x80000afe (0x41a83693) x13 0x00000000
core   0: 0x80000b02 (0x00008ee9) c.and   a3, a0
core   0: 3 0x80000b02 (0x8ee9) x13 0x00000000
core   0: 0x80000b04 (0x46a18e97) auipc   t4, 0x46a18
core   0: 3 0x80000b04 (0x46a18e97) x29 0xc6a18b04
core   0: 0x80000b08 (0x00e1eeb3) or      t4, gp, a4
core   0: 3 0x80000b08 (0x00e1eeb3) x29 0xffffffff
core   0: 0x80000b0c (0x004b9b13) slli    s6, s7, 4
core   0: 3 0x80000b0c (0x004b9b13) x22 0xfffffff0
core   0: 0x80000b10 (0x00008751) c.srai  a4, 20
core   0: 3 0x80000b10 (0x8751) x14 0xfffff8a7
core   0: 0x80000b12 (0x00895233) srl     tp, s2, s0
core   0: 3 0x80000b12 (0x00895233) x 4 0x0000007f
core   0: 0x80000b16 (0x000015e1) c.addi  a1, -8
core   0: 3 0x80000b16 (0x15e1) x11 0xfffffffb
core   0: 0x80000b18 (0xfc358fe3) beq     a1, gp, pc - 34
core   0: 3 0x80000b18 (0xfc358fe3)
core   0: 0x80000b1c (0x000049a1) c.li    s3, 8
core   0: 3 0x80000b1c (0x49a1) x19 0x00000008
core   0: 0x80000b1e (0x00008e9d) c.sub   a3, a5
core   0: 3 0x80000b1e (0x8e9d) x13 0x00000000
core   0: 0x80000b20 (0x0000845d) c.srai  s0, 23
core   0: 3 0x80000b20 (0x845d) x 8 0xffffffff
core   0: 0x80000b22 (0x00008f69) c.and   a4, a0
core   0: 3 0x80000b22 (0x8f69) x14 0xfffff8a7
core   0: 0x80000b24 (0x016a46b3) xor     a3, s4, s6
core   0: 3 0x80000b24 (0x016a46b3) x13 0x58d10dae
core   0: 0x80000b28 (0xfac484e3) beq     s1, a2, pc - 88
core   0: 3 0x80000b28 (0xfac484e3)
core   0: 0x80000b2c (0x0067b3b3) sltu    t2, a5, t1
core   0: 3 0x80000b2c (0x0067b3b3) x 7 0x00000001
core   0: 0x80000b30 (0x00500893) li      a7, 5
core   0: 3 0x80000b30 (0x00500893) x17 0x00000005
core   0: 0x80000b34 (0x023b3eb3) mulhu   t4, s6, gp
core   0: 3 0x80000b34 (0x023b3eb3) x29 0xffffffe3
core   0: 0x80000b38 (0x417c5733) sra     a4, s8, s7
core   0: 3 0x80000b38 (0x417c5733) x14 0x00000000
core   0: 0x80000b3c (0x01ff5933) srl     s2, t5, t6
core   0: 3 0x80000b3c (0x01ff5933) x18 0x00000009
core   0: 0x80000b40 (0x00000001) c.nop
core   0: 3 0x80000b40 (0x0001)
core   0: 0x80000b42 (0x8cf17c93) andi    s9, sp, -1841
core   0: 3 0x80000b42 (0x8cf17c93) x25 0x00000000
core   0: 0x80000b46 (0x0ff0000f) fence   iorw,iorw
core   0: 3 0x80000b46 (0x0ff0000f)
core   0: 0x80000b4a (0x024fe933) rem     s2, t6, tp
core   0: 3 0x80000b4a (0x024fe933) x18 0x0000004c
core   0: 0x80000b4e (0x00fe5f13) srli    t5, t3, 15
core   0: 3 0x80000b4e (0x00fe5f13) x30 0x00000000
core   0: 0x80000b52 (0x000087ca) c.mv    a5, s2
core   0: 3 0x80000b52 (0x87ca) x15 0x0000004c
core   0: 0x80000b54 (0x01af96b3) sll     a3, t6, s10
core   0: 3 0x80000b54 (0x01af96b3) x13 0x1a21b420
core   0: 0x80000b58 (0x407609b3) sub     s3, a2, t2
core   0: 3 0x80000b58 (0x407609b3) x19 0x0000000c
core   0: 0x80000b5c (0x0000100f) fence.i
core   0: 3 0x80000b5c (0x0000100f)
core   0: 0x80000b60 (0xffa00f93) li      t6, -6
core   0: 3 0x80000b60 (0xffa00f93) x31 0xfffffffa
core   0: 0x80000b64 (0x00009afd) c.andi  a3, -1
core   0: 3 0x80000b64 (0x9afd) x13 0x1a21b420
core   0: 0x80000b66 (0x016de133) or      sp, s11, s6
core   0: 3 0x80000b66 (0x016de133) x 2 0xffffffff
core   0: 0x80000b6a (0xfeec4793) xori    a5, s8, -18
core   0: 3 0x80000b6a (0xfeec4793) x15 0xfffff011
core   0: 0x80000b6e (0x00000001) c.nop
core   0: 3 0x80000b6e (0x0001)
core   0: 0x80000b70 (0x01d9c7b3) xor     a5, s3, t4
core   0: 3 0x80000b70 (0x01d9c7b3) x15 0xffffffef
core   0: 0x80000b74 (0x00004109) c.li    sp, 2
core   0: 3 0x80000b74 (0x4109) x 2 0x00000002
core   0: 0x80000b76 (0x40130eb3) sub     t4, t1, ra
core   0: 3 0x80000b76 (0x40130eb3) x29 0x80022e59
core   0: 0x80000b7a (0x000018e5) c.addi  a7, -7
core   0: 3 0x80000b7a (0x18e5) x17 0xfffffffe
core   0: 0x80000b7c (0xffd00213) li      tp, -3
core   0: 3 0x80000b7c (0xffd00213) x 4 0xfffffffd
core   0: 0x80000b80 (0x00008e19) c.sub   a2, a4
core   0: 3 0x80000b80 (0x8e19) x12 0x0000000d
core   0: 0x80000b82 (0x00006c65) c.lui   s8, 0x19
core   0: 3 0x80000b82 (0x6c65) x24 0x00019000
core   0: 0x80000b84 (0x00100b13) li      s6, 1
core   0: 3 0x80000b84 (0x00100b13) x22 0x00000001
core   0: 0x80000b88 (0x018fc9b3) xor     s3, t6, s8
core   0: 3 0x80000b88 (0x018fc9b3) x19 0xfffe6ffa
core   0: 0x80000b8c (0x0200a633) mulhsu  a2, ra, zero
core   0: 3 0x80000b8c (0x0200a633) x12 0x00000000
core   0: 0x80000b90 (0x00000314) c.addi4spn a3, sp, 384
core   0: 3 0x80000b90 (0x0314) x13 0x00000182
core   0: 0x80000b92 (0x00000205) c.addi  tp, 1
core   0: 3 0x80000b92 (0x0205) x 4 0xfffffffe
core   0: 0x80000b94 (0x01e81913) slli    s2, a6, 30
core   0: 3 0x80000b94 (0x01e81913) x18 0x00000000
core   0: 0x80000b98 (0xff624ae3) blt     tp, s6, pc - 12
core   0: 3 0x80000b98 (0xff624ae3)
core   0: 0x80000b8c (0x0200a633) mulhsu  a2, ra, zero
core   0: 3 0x80000b8c (0x0200a633) x12 0x00000000
core   0: 0x80000b90 (0x00000314) c.addi4spn a3, sp, 384
core   0: 3 0x80000b90 (0x0314) x13 0x00000182
core   0: 0x80000b92 (0x00000205) c.addi  tp, 1
core   0: 3 0x80000b92 (0x0205) x 4 0xffffffff
core   0: 0x80000b94 (0x01e81913) slli    s2, a6, 30
core   0: 3 0x80000b94 (0x01e81913) x18 0x00000000
core   0: 0x80000b98 (0xff624ae3) blt     tp, s6, pc - 12
core   0: 3 0x80000b98 (0xff624ae3)
core   0: 0x80000b8c (0x0200a633) mulhsu  a2, ra, zero
core   0: 3 0x80000b8c (0x0200a633) x12 0x00000000
core   0: 0x80000b90 (0x00000314) c.addi4spn a3, sp, 384
core   0: 3 0x80000b90 (0x0314) x13 0x00000182
core   0: 0x80000b92 (0x00000205) c.addi  tp, 1
core   0: 3 0x80000b92 (0x0205) x 4 0x00000000
core   0: 0x80000b94 (0x01e81913) slli    s2, a6, 30
core   0: 3 0x80000b94 (0x01e81913) x18 0x00000000
core   0: 0x80000b98 (0xff624ae3) blt     tp, s6, pc - 12
core   0: 3 0x80000b98 (0xff624ae3)
core   0: 0x80000b8c (0x0200a633) mulhsu  a2, ra, zero
core   0: 3 0x80000b8c (0x0200a633) x12 0x00000000
core   0: 0x80000b90 (0x00000314) c.addi4spn a3, sp, 384
core   0: 3 0x80000b90 (0x0314) x13 0x00000182
core   0: 0x80000b92 (0x00000205) c.addi  tp, 1
core   0: 3 0x80000b92 (0x0205) x 4 0x00000001
core   0: 0x80000b94 (0x01e81913) slli    s2, a6, 30
core   0: 3 0x80000b94 (0x01e81913) x18 0x00000000
core   0: 0x80000b98 (0xff624ae3) blt     tp, s6, pc - 12
core   0: 3 0x80000b98 (0xff624ae3)
core   0: 0x80000b9c (0x402b5033) sra     zero, s6, sp
core   0: 3 0x80000b9c (0x402b5033)
core   0: 0x80000ba0 (0xfdf8d5e3) bge     a7, t6, pc - 54
core   0: 3 0x80000ba0 (0xfdf8d5e3)
core   0: 0x80000b6a (0xfeec4793) xori    a5, s8, -18
core   0: 3 0x80000b6a (0xfeec4793) x15 0xfffe6fee
core   0: 0x80000b6e (0x00000001) c.nop
core   0: 3 0x80000b6e (0x0001)
core   0: 0x80000b70 (0x01d9c7b3) xor     a5, s3, t4
core   0: 3 0x80000b70 (0x01d9c7b3) x15 0x7ffc41a3
core   0: 0x80000b74 (0x00004109) c.li    sp, 2
core   0: 3 0x80000b74 (0x4109) x 2 0x00000002
core   0: 0x80000b76 (0x40130eb3) sub     t4, t1, ra
core   0: 3 0x80000b76 (0x40130eb3) x29 0x80022e59
core   0: 0x80000b7a (0x000018e5) c.addi  a7, -7
core   0: 3 0x80000b7a (0x18e5) x17 0xfffffff7
core   0: 0x80000b7c (0xffd00213) li      tp, -3
core   0: 3 0x80000b7c (0xffd00213) x 4 0xfffffffd
core   0: 0x80000b80 (0x00008e19) c.sub   a2, a4
core   0: 3 0x80000b80 (0x8e19) x12 0x00000000
core   0: 0x80000b82 (0x00006c65) c.lui   s8, 0x19
core   0: 3 0x80000b82 (0x6c65) x24 0x00019000
core   0: 0x80000b84 (0x00100b13) li      s6, 1
core   0: 3 0x80000b84 (0x00100b13) x22 0x00000001
core   0: 0x80000b88 (0x018fc9b3) xor     s3, t6, s8
core   0: 3 0x80000b88 (0x018fc9b3) x19 0xfffe6ffa
core   0: 0x80000b8c (0x0200a633) mulhsu  a2, ra, zero
core   0: 3 0x80000b8c (0x0200a633) x12 0x00000000
core   0: 0x80000b90 (0x00000314) c.addi4spn a3, sp, 384
core   0: 3 0x80000b90 (0x0314) x13 0x00000182
core   0: 0x80000b92 (0x00000205) c.addi  tp, 1
core   0: 3 0x80000b92 (0x0205) x 4 0xfffffffe
core   0: 0x80000b94 (0x01e81913) slli    s2, a6, 30
core   0: 3 0x80000b94 (0x01e81913) x18 0x00000000
core   0: 0x80000b98 (0xff624ae3) blt     tp, s6, pc - 12
core   0: 3 0x80000b98 (0xff624ae3)
core   0: 0x80000b8c (0x0200a633) mulhsu  a2, ra, zero
core   0: 3 0x80000b8c (0x0200a633) x12 0x00000000
core   0: 0x80000b90 (0x00000314) c.addi4spn a3, sp, 384
core   0: 3 0x80000b90 (0x0314) x13 0x00000182
core   0: 0x80000b92 (0x00000205) c.addi  tp, 1
core   0: 3 0x80000b92 (0x0205) x 4 0xffffffff
core   0: 0x80000b94 (0x01e81913) slli    s2, a6, 30
core   0: 3 0x80000b94 (0x01e81913) x18 0x00000000
core   0: 0x80000b98 (0xff624ae3) blt     tp, s6, pc - 12
core   0: 3 0x80000b98 (0xff624ae3)
core   0: 0x80000b8c (0x0200a633) mulhsu  a2, ra, zero
core   0: 3 0x80000b8c (0x0200a633) x12 0x00000000
core   0: 0x80000b90 (0x00000314) c.addi4spn a3, sp, 384
core   0: 3 0x80000b90 (0x0314) x13 0x00000182
core   0: 0x80000b92 (0x00000205) c.addi  tp, 1
core   0: 3 0x80000b92 (0x0205) x 4 0x00000000
core   0: 0x80000b94 (0x01e81913) slli    s2, a6, 30
core   0: 3 0x80000b94 (0x01e81913) x18 0x00000000
core   0: 0x80000b98 (0xff624ae3) blt     tp, s6, pc - 12
core   0: 3 0x80000b98 (0xff624ae3)
core   0: 0x80000b8c (0x0200a633) mulhsu  a2, ra, zero
core   0: 3 0x80000b8c (0x0200a633) x12 0x00000000
core   0: 0x80000b90 (0x00000314) c.addi4spn a3, sp, 384
core   0: 3 0x80000b90 (0x0314) x13 0x00000182
core   0: 0x80000b92 (0x00000205) c.addi  tp, 1
core   0: 3 0x80000b92 (0x0205) x 4 0x00000001
core   0: 0x80000b94 (0x01e81913) slli    s2, a6, 30
core   0: 3 0x80000b94 (0x01e81913) x18 0x00000000
core   0: 0x80000b98 (0xff624ae3) blt     tp, s6, pc - 12
core   0: 3 0x80000b98 (0xff624ae3)
core   0: 0x80000b9c (0x402b5033) sra     zero, s6, sp
core   0: 3 0x80000b9c (0x402b5033)
core   0: 0x80000ba0 (0xfdf8d5e3) bge     a7, t6, pc - 54
core   0: 3 0x80000ba0 (0xfdf8d5e3)
core   0: 0x80000ba4 (0x02ecf2b3) remu    t0, s9, a4
core   0: 3 0x80000ba4 (0x02ecf2b3) x 5 0x00000000
core   0: 0x80000ba8 (0xffd00593) li      a1, -3
core   0: 3 0x80000ba8 (0xffd00593) x11 0xfffffffd
core   0: 0x80000bac (0x00000001) c.nop
core   0: 3 0x80000bac (0x0001)
core   0: 0x80000bae (0x2ccf5197) auipc   gp, 0x2ccf5
core   0: 3 0x80000bae (0x2ccf5197) x 3 0xaccf5bae
core   0: 0x80000bb2 (0x000081de) c.mv    gp, s7
core   0: 3 0x80000bb2 (0x81de) x 3 0xffffffff
core   0: 0x80000bb4 (0x00008569) c.srai  a0, 26
core   0: 3 0x80000bb4 (0x8569) x10 0xffffffff
core   0: 0x80000bb6 (0x00200093) li      ra, 2
core   0: 3 0x80000bb6 (0x00200093) x 1 0x00000002
core   0: 0x80000bba (0x0160cc33) xor     s8, ra, s6
core   0: 3 0x80000bba (0x0160cc33) x24 0x00000003
core   0: 0x80000bbe (0x89620913) addi    s2, tp, -1898
core   0: 3 0x80000bbe (0x89620913) x18 0xfffff897
core   0: 0x80000bc2 (0x000044a1) c.li    s1, 8
core   0: 3 0x80000bc2 (0x44a1) x 9 0x00000008
core   0: 0x80000bc4 (0x14e494b7) lui     s1, 0x14e49
core   0: 3 0x80000bc4 (0x14e494b7) x 9 0x14e49000
core   0: 0x80000bc8 (0x01f75193) srli    gp, a4, 31
core   0: 3 0x80000bc8 (0x01f75193) x 3 0x00000000
core   0: 0x80000bcc (0x00000589) c.addi  a1, 2
core   0: 3 0x80000bcc (0x0589) x11 0xffffffff
core   0: 0x80000bce (0x01e214b3) sll     s1, tp, t5
core   0: 3 0x80000bce (0x01e214b3) x 9 0x00000001
core   0: 0x80000bd2 (0x000096fe) c.add   a3, t6
core   0: 3 0x80000bd2 (0x96fe) x13 0x0000017c
core   0: 0x80000bd4 (0x00008355) c.srli  a4, 21
core   0: 3 0x80000bd4 (0x8355) x14 0x00000000
core   0: 0x80000bd6 (0x036d5ab3) divu    s5, s10, s6
core   0: 3 0x80000bd6 (0x036d5ab3) x21 0x0a72ef25
core   0: 0x80000bda (0x01709013) slli    zero, ra, 23
core   0: 3 0x80000bda (0x01709013)
core   0: 0x80000bde (0x00008c85) c.sub   s1, s1
core   0: 3 0x80000bde (0x8c85) x 9 0x00000000
core   0: 0x80000be0 (0xfc15cfe3) blt     a1, ra, pc - 34
core   0: 3 0x80000be0 (0xfc15cfe3)
core   0: 0x80000bbe (0x89620913) addi    s2, tp, -1898
core   0: 3 0x80000bbe (0x89620913) x18 0xfffff897
core   0: 0x80000bc2 (0x000044a1) c.li    s1, 8
core   0: 3 0x80000bc2 (0x44a1) x 9 0x00000008
core   0: 0x80000bc4 (0x14e494b7) lui     s1, 0x14e49
core   0: 3 0x80000bc4 (0x14e494b7) x 9 0x14e49000
core   0: 0x80000bc8 (0x01f75193) srli    gp, a4, 31
core   0: 3 0x80000bc8 (0x01f75193) x 3 0x00000000
core   0: 0x80000bcc (0x00000589) c.addi  a1, 2
core   0: 3 0x80000bcc (0x0589) x11 0x00000001
core   0: 0x80000bce (0x01e214b3) sll     s1, tp, t5
core   0: 3 0x80000bce (0x01e214b3) x 9 0x00000001
core   0: 0x80000bd2 (0x000096fe) c.add   a3, t6
core   0: 3 0x80000bd2 (0x96fe) x13 0x00000176
core   0: 0x80000bd4 (0x00008355) c.srli  a4, 21
core   0: 3 0x80000bd4 (0x8355) x14 0x00000000
core   0: 0x80000bd6 (0x036d5ab3) divu    s5, s10, s6
core   0: 3 0x80000bd6 (0x036d5ab3) x21 0x0a72ef25
core   0: 0x80000bda (0x01709013) slli    zero, ra, 23
core   0: 3 0x80000bda (0x01709013)
core   0: 0x80000bde (0x00008c85) c.sub   s1, s1
core   0: 3 0x80000bde (0x8c85) x 9 0x00000000
core   0: 0x80000be0 (0xfc15cfe3) blt     a1, ra, pc - 34
core   0: 3 0x80000be0 (0xfc15cfe3)
core   0: 0x80000bbe (0x89620913) addi    s2, tp, -1898
core   0: 3 0x80000bbe (0x89620913) x18 0xfffff897
core   0: 0x80000bc2 (0x000044a1) c.li    s1, 8
core   0: 3 0x80000bc2 (0x44a1) x 9 0x00000008
core   0: 0x80000bc4 (0x14e494b7) lui     s1, 0x14e49
core   0: 3 0x80000bc4 (0x14e494b7) x 9 0x14e49000
core   0: 0x80000bc8 (0x01f75193) srli    gp, a4, 31
core   0: 3 0x80000bc8 (0x01f75193) x 3 0x00000000
core   0: 0x80000bcc (0x00000589) c.addi  a1, 2
core   0: 3 0x80000bcc (0x0589) x11 0x00000003
core   0: 0x80000bce (0x01e214b3) sll     s1, tp, t5
core   0: 3 0x80000bce (0x01e214b3) x 9 0x00000001
core   0: 0x80000bd2 (0x000096fe) c.add   a3, t6
core   0: 3 0x80000bd2 (0x96fe) x13 0x00000170
core   0: 0x80000bd4 (0x00008355) c.srli  a4, 21
core   0: 3 0x80000bd4 (0x8355) x14 0x00000000
core   0: 0x80000bd6 (0x036d5ab3) divu    s5, s10, s6
core   0: 3 0x80000bd6 (0x036d5ab3) x21 0x0a72ef25
core   0: 0x80000bda (0x01709013) slli    zero, ra, 23
core   0: 3 0x80000bda (0x01709013)
core   0: 0x80000bde (0x00008c85) c.sub   s1, s1
core   0: 3 0x80000bde (0x8c85) x 9 0x00000000
core   0: 0x80000be0 (0xfc15cfe3) blt     a1, ra, pc - 34
core   0: 3 0x80000be0 (0xfc15cfe3)
core   0: 0x80000be4 (0x01a612b3) sll     t0, a2, s10
core   0: 3 0x80000be4 (0x01a612b3) x 5 0x00000000
core   0: 0x80000be8 (0x00500693) li      a3, 5
core   0: 3 0x80000be8 (0x00500693) x13 0x00000005
core   0: 0x80000bec (0x00008636) c.mv    a2, a3
core   0: 3 0x80000bec (0x8636) x12 0x00000005
core   0: 0x80000bee (0x00008d51) c.or    a0, a2
core   0: 3 0x80000bee (0x8d51) x10 0xffffffff
core   0: 0x80000bf0 (0x0315d4b3) divu    s1, a1, a7
core   0: 3 0x80000bf0 (0x0315d4b3) x 9 0x00000000
core   0: 0x80000bf4 (0xfed00c93) li      s9, -19
core   0: 3 0x80000bf4 (0xfed00c93) x25 0xffffffed
core   0: 0x80000bf8 (0x00000001) c.nop
core   0: 3 0x80000bf8 (0x0001)
core   0: 0x80000bfa (0x011da7b3) slt     a5, s11, a7
core   0: 3 0x80000bfa (0x011da7b3) x15 0x00000001
core   0: 0x80000bfe (0x03496633) rem     a2, s2, s4
core   0: 3 0x80000bfe (0x03496633) x12 0xfffff897
core   0: 0x80000c02 (0x000016d9) c.addi  a3, -10
core   0: 3 0x80000c02 (0x16d9) x13 0xfffffffb
core   0: 0x80000c04 (0x03cdcab3) div     s5, s11, t3
core   0: 3 0x80000c04 (0x03cdcab3) x21 0xffffff2f
core   0: 0x80000c08 (0x029345b3) div     a1, t1, s1
core   0: 3 0x80000c08 (0x029345b3) x11 0xffffffff
core   0: 0x80000c0c (0xffd00113) li      sp, -3
core   0: 3 0x80000c0c (0xffd00113) x 2 0xfffffffd
core   0: 0x80000c10 (0x00300d93) li      s11, 3
core   0: 3 0x80000c10 (0x00300d93) x27 0x00000003
core   0: 0x80000c14 (0x030153b3) divu    t2, sp, a6
core   0: 3 0x80000c14 (0x030153b3) x 7 0x00000001
core   0: 0x80000c18 (0x0148e3b3) or      t2, a7, s4
core   0: 3 0x80000c18 (0x0148e3b3) x 7 0xffffffff
core   0: 0x80000c1c (0x01c97233) and     tp, s2, t3
core   0: 3 0x80000c1c (0x01c97233) x 4 0x00000001
core   0: 0x80000c20 (0x020573b3) remu    t2, a0, zero
core   0: 3 0x80000c20 (0x020573b3) x 7 0xffffffff
core   0: 0x80000c24 (0x00dc20b3) slt     ra, s8, a3
core   0: 3 0x80000c24 (0x00dc20b3) x 1 0x00000000
core   0: 0x80000c28 (0x40145f93) srai    t6, s0, 1
core   0: 3 0x80000c28 (0x40145f93) x31 0xffffffff
core   0: 0x80000c2c (0x00008e61) c.and   a2, s0
core   0: 3 0x80000c2c (0x8e61) x12 0xfffff897
core   0: 0x80000c2e (0x00000105) c.addi  sp, 1
core   0: 3 0x80000c2e (0x0105) x 2 0xfffffffe
core   0: 0x80000c30 (0x00008f01) c.sub   a4, s0
core   0: 3 0x80000c30 (0x8f01) x14 0x00000001
core   0: 0x80000c32 (0x0ff0000f) fence   iorw,iorw
core   0: 3 0x80000c32 (0x0ff0000f)
core   0: 0x80000c36 (0xffb147e3) blt     sp, s11, pc - 18
core   0: 3 0x80000c36 (0xffb147e3)
core   0: 0x80000c24 (0x00dc20b3) slt     ra, s8, a3
core   0: 3 0x80000c24 (0x00dc20b3) x 1 0x00000000
core   0: 0x80000c28 (0x40145f93) srai    t6, s0, 1
core   0: 3 0x80000c28 (0x40145f93) x31 0xffffffff
core   0: 0x80000c2c (0x00008e61) c.and   a2, s0
core   0: 3 0x80000c2c (0x8e61) x12 0xfffff897
core   0: 0x80000c2e (0x00000105) c.addi  sp, 1
core   0: 3 0x80000c2e (0x0105) x 2 0xffffffff
core   0: 0x80000c30 (0x00008f01) c.sub   a4, s0
core   0: 3 0x80000c30 (0x8f01) x14 0x00000002
core   0: 0x80000c32 (0x0ff0000f) fence   iorw,iorw
core   0: 3 0x80000c32 (0x0ff0000f)
core   0: 0x80000c36 (0xffb147e3) blt     sp, s11, pc - 18
core   0: 3 0x80000c36 (0xffb147e3)
core   0: 0x80000c24 (0x00dc20b3) slt     ra, s8, a3
core   0: 3 0x80000c24 (0x00dc20b3) x 1 0x00000000
core   0: 0x80000c28 (0x40145f93) srai    t6, s0, 1
core   0: 3 0x80000c28 (0x40145f93) x31 0xffffffff
core   0: 0x80000c2c (0x00008e61) c.and   a2, s0
core   0: 3 0x80000c2c (0x8e61) x12 0xfffff897
core   0: 0x80000c2e (0x00000105) c.addi  sp, 1
core   0: 3 0x80000c2e (0x0105) x 2 0x00000000
core   0: 0x80000c30 (0x00008f01) c.sub   a4, s0
core   0: 3 0x80000c30 (0x8f01) x14 0x00000003
core   0: 0x80000c32 (0x0ff0000f) fence   iorw,iorw
core   0: 3 0x80000c32 (0x0ff0000f)
core   0: 0x80000c36 (0xffb147e3) blt     sp, s11, pc - 18
core   0: 3 0x80000c36 (0xffb147e3)
core   0: 0x80000c24 (0x00dc20b3) slt     ra, s8, a3
core   0: 3 0x80000c24 (0x00dc20b3) x 1 0x00000000
core   0: 0x80000c28 (0x40145f93) srai    t6, s0, 1
core   0: 3 0x80000c28 (0x40145f93) x31 0xffffffff
core   0: 0x80000c2c (0x00008e61) c.and   a2, s0
core   0: 3 0x80000c2c (0x8e61) x12 0xfffff897
core   0: 0x80000c2e (0x00000105) c.addi  sp, 1
core   0: 3 0x80000c2e (0x0105) x 2 0x00000001
core   0: 0x80000c30 (0x00008f01) c.sub   a4, s0
core   0: 3 0x80000c30 (0x8f01) x14 0x00000004
core   0: 0x80000c32 (0x0ff0000f) fence   iorw,iorw
core   0: 3 0x80000c32 (0x0ff0000f)
core   0: 0x80000c36 (0xffb147e3) blt     sp, s11, pc - 18
core   0: 3 0x80000c36 (0xffb147e3)
core   0: 0x80000c24 (0x00dc20b3) slt     ra, s8, a3
core   0: 3 0x80000c24 (0x00dc20b3) x 1 0x00000000
core   0: 0x80000c28 (0x40145f93) srai    t6, s0, 1
core   0: 3 0x80000c28 (0x40145f93) x31 0xffffffff
core   0: 0x80000c2c (0x00008e61) c.and   a2, s0
core   0: 3 0x80000c2c (0x8e61) x12 0xfffff897
core   0: 0x80000c2e (0x00000105) c.addi  sp, 1
core   0: 3 0x80000c2e (0x0105) x 2 0x00000002
core   0: 0x80000c30 (0x00008f01) c.sub   a4, s0
core   0: 3 0x80000c30 (0x8f01) x14 0x00000005
core   0: 0x80000c32 (0x0ff0000f) fence   iorw,iorw
core   0: 3 0x80000c32 (0x0ff0000f)
core   0: 0x80000c36 (0xffb147e3) blt     sp, s11, pc - 18
core   0: 3 0x80000c36 (0xffb147e3)
core   0: 0x80000c24 (0x00dc20b3) slt     ra, s8, a3
core   0: 3 0x80000c24 (0x00dc20b3) x 1 0x00000000
core   0: 0x80000c28 (0x40145f93) srai    t6, s0, 1
core   0: 3 0x80000c28 (0x40145f93) x31 0xffffffff
core   0: 0x80000c2c (0x00008e61) c.and   a2, s0
core   0: 3 0x80000c2c (0x8e61) x12 0xfffff897
core   0: 0x80000c2e (0x00000105) c.addi  sp, 1
core   0: 3 0x80000c2e (0x0105) x 2 0x00000003
core   0: 0x80000c30 (0x00008f01) c.sub   a4, s0
core   0: 3 0x80000c30 (0x8f01) x14 0x00000006
core   0: 0x80000c32 (0x0ff0000f) fence   iorw,iorw
core   0: 3 0x80000c32 (0x0ff0000f)
core   0: 0x80000c36 (0xffb147e3) blt     sp, s11, pc - 18
core   0: 3 0x80000c36 (0xffb147e3)
core   0: 0x80000c3a (0x8271e293) ori     t0, gp, -2009
core   0: 3 0x80000c3a (0x8271e293) x 5 0xfffff827
core   0: 0x80000c3e (0x014f3eb3) sltu    t4, t5, s4
core   0: 3 0x80000c3e (0x014f3eb3) x29 0x00000001
core   0: 0x80000c42 (0x00008cd9) c.or    s1, a4
core   0: 3 0x80000c42 (0x8cd9) x 9 0x00000006
core   0: 0x80000c44 (0x035d73b3) remu    t2, s10, s5
core   0: 3 0x80000c44 (0x035d73b3) x 7 0x0a72ef25
core   0: 0x80000c48 (0xb9deb013) sltiu   zero, t4, -1123
core   0: 3 0x80000c48 (0xb9deb013)
core   0: 0x80000c4c (0x00008c51) c.or    s0, a2
core   0: 3 0x80000c4c (0x8c51) x 8 0xffffffff
core   0: 0x80000c4e (0x01e1e733) or      a4, gp, t5
core   0: 3 0x80000c4e (0x01e1e733) x14 0x00000000
core   0: 0x80000c52 (0x405cdc13) srai    s8, s9, 5
core   0: 3 0x80000c52 (0x405cdc13) x24 0xffffffff
core   0: 0x80000c56 (0xd9e33a93) sltiu   s5, t1, -610
core   0: 3 0x80000c56 (0xd9e33a93) x21 0x00000001
core   0: 0x80000c5a (0xf996dfe3) bge     a3, s9, pc - 98
core   0: 3 0x80000c5a (0xf996dfe3)
core   0: 0x80000bf8 (0x00000001) c.nop
core   0: 3 0x80000bf8 (0x0001)
core   0: 0x80000bfa (0x011da7b3) slt     a5, s11, a7
core   0: 3 0x80000bfa (0x011da7b3) x15 0x00000000
core   0: 0x80000bfe (0x03496633) rem     a2, s2, s4
core   0: 3 0x80000bfe (0x03496633) x12 0xfffff897
core   0: 0x80000c02 (0x000016d9) c.addi  a3, -10
core   0: 3 0x80000c02 (0x16d9) x13 0xfffffff1
core   0: 0x80000c04 (0x03cdcab3) div     s5, s11, t3
core   0: 3 0x80000c04 (0x03cdcab3) x21 0x00000003
core   0: 0x80000c08 (0x029345b3) div     a1, t1, s1
core   0: 3 0x80000c08 (0x029345b3) x11 0xeaab07bc
core   0: 0x80000c0c (0xffd00113) li      sp, -3
core   0: 3 0x80000c0c (0xffd00113) x 2 0xfffffffd
core   0: 0x80000c10 (0x00300d93) li      s11, 3
core   0: 3 0x80000c10 (0x00300d93) x27 0x00000003
core   0: 0x80000c14 (0x030153b3) divu    t2, sp, a6
core   0: 3 0x80000c14 (0x030153b3) x 7 0x00000001
core   0: 0x80000c18 (0x0148e3b3) or      t2, a7, s4
core   0: 3 0x80000c18 (0x0148e3b3) x 7 0xffffffff
core   0: 0x80000c1c (0x01c97233) and     tp, s2, t3
core   0: 3 0x80000c1c (0x01c97233) x 4 0x00000001
core   0: 0x80000c20 (0x020573b3) remu    t2, a0, zero
core   0: 3 0x80000c20 (0x020573b3) x 7 0xffffffff
core   0: 0x80000c24 (0x00dc20b3) slt     ra, s8, a3
core   0: 3 0x80000c24 (0x00dc20b3) x 1 0x00000000
core   0: 0x80000c28 (0x40145f93) srai    t6, s0, 1
core   0: 3 0x80000c28 (0x40145f93) x31 0xffffffff
core   0: 0x80000c2c (0x00008e61) c.and   a2, s0
core   0: 3 0x80000c2c (0x8e61) x12 0xfffff897
core   0: 0x80000c2e (0x00000105) c.addi  sp, 1
core   0: 3 0x80000c2e (0x0105) x 2 0xfffffffe
core   0: 0x80000c30 (0x00008f01) c.sub   a4, s0
core   0: 3 0x80000c30 (0x8f01) x14 0x00000001
core   0: 0x80000c32 (0x0ff0000f) fence   iorw,iorw
core   0: 3 0x80000c32 (0x0ff0000f)
core   0: 0x80000c36 (0xffb147e3) blt     sp, s11, pc - 18
core   0: 3 0x80000c36 (0xffb147e3)
core   0: 0x80000c24 (0x00dc20b3) slt     ra, s8, a3
core   0: 3 0x80000c24 (0x00dc20b3) x 1 0x00000000
core   0: 0x80000c28 (0x40145f93) srai    t6, s0, 1
core   0: 3 0x80000c28 (0x40145f93) x31 0xffffffff
core   0: 0x80000c2c (0x00008e61) c.and   a2, s0
core   0: 3 0x80000c2c (0x8e61) x12 0xfffff897
core   0: 0x80000c2e (0x00000105) c.addi  sp, 1
core   0: 3 0x80000c2e (0x0105) x 2 0xffffffff
core   0: 0x80000c30 (0x00008f01) c.sub   a4, s0
core   0: 3 0x80000c30 (0x8f01) x14 0x00000002
core   0: 0x80000c32 (0x0ff0000f) fence   iorw,iorw
core   0: 3 0x80000c32 (0x0ff0000f)
core   0: 0x80000c36 (0xffb147e3) blt     sp, s11, pc - 18
core   0: 3 0x80000c36 (0xffb147e3)
core   0: 0x80000c24 (0x00dc20b3) slt     ra, s8, a3
core   0: 3 0x80000c24 (0x00dc20b3) x 1 0x00000000
core   0: 0x80000c28 (0x40145f93) srai    t6, s0, 1
core   0: 3 0x80000c28 (0x40145f93) x31 0xffffffff
core   0: 0x80000c2c (0x00008e61) c.and   a2, s0
core   0: 3 0x80000c2c (0x8e61) x12 0xfffff897
core   0: 0x80000c2e (0x00000105) c.addi  sp, 1
core   0: 3 0x80000c2e (0x0105) x 2 0x00000000
core   0: 0x80000c30 (0x00008f01) c.sub   a4, s0
core   0: 3 0x80000c30 (0x8f01) x14 0x00000003
core   0: 0x80000c32 (0x0ff0000f) fence   iorw,iorw
core   0: 3 0x80000c32 (0x0ff0000f)
core   0: 0x80000c36 (0xffb147e3) blt     sp, s11, pc - 18
core   0: 3 0x80000c36 (0xffb147e3)
core   0: 0x80000c24 (0x00dc20b3) slt     ra, s8, a3
core   0: 3 0x80000c24 (0x00dc20b3) x 1 0x00000000
core   0: 0x80000c28 (0x40145f93) srai    t6, s0, 1
core   0: 3 0x80000c28 (0x40145f93) x31 0xffffffff
core   0: 0x80000c2c (0x00008e61) c.and   a2, s0
core   0: 3 0x80000c2c (0x8e61) x12 0xfffff897
core   0: 0x80000c2e (0x00000105) c.addi  sp, 1
core   0: 3 0x80000c2e (0x0105) x 2 0x00000001
core   0: 0x80000c30 (0x00008f01) c.sub   a4, s0
core   0: 3 0x80000c30 (0x8f01) x14 0x00000004
core   0: 0x80000c32 (0x0ff0000f) fence   iorw,iorw
core   0: 3 0x80000c32 (0x0ff0000f)
core   0: 0x80000c36 (0xffb147e3) blt     sp, s11, pc - 18
core   0: 3 0x80000c36 (0xffb147e3)
core   0: 0x80000c24 (0x00dc20b3) slt     ra, s8, a3
core   0: 3 0x80000c24 (0x00dc20b3) x 1 0x00000000
core   0: 0x80000c28 (0x40145f93) srai    t6, s0, 1
core   0: 3 0x80000c28 (0x40145f93) x31 0xffffffff
core   0: 0x80000c2c (0x00008e61) c.and   a2, s0
core   0: 3 0x80000c2c (0x8e61) x12 0xfffff897
core   0: 0x80000c2e (0x00000105) c.addi  sp, 1
core   0: 3 0x80000c2e (0x0105) x 2 0x00000002
core   0: 0x80000c30 (0x00008f01) c.sub   a4, s0
core   0: 3 0x80000c30 (0x8f01) x14 0x00000005
core   0: 0x80000c32 (0x0ff0000f) fence   iorw,iorw
core   0: 3 0x80000c32 (0x0ff0000f)
core   0: 0x80000c36 (0xffb147e3) blt     sp, s11, pc - 18
core   0: 3 0x80000c36 (0xffb147e3)
core   0: 0x80000c24 (0x00dc20b3) slt     ra, s8, a3
core   0: 3 0x80000c24 (0x00dc20b3) x 1 0x00000000
core   0: 0x80000c28 (0x40145f93) srai    t6, s0, 1
core   0: 3 0x80000c28 (0x40145f93) x31 0xffffffff
core   0: 0x80000c2c (0x00008e61) c.and   a2, s0
core   0: 3 0x80000c2c (0x8e61) x12 0xfffff897
core   0: 0x80000c2e (0x00000105) c.addi  sp, 1
core   0: 3 0x80000c2e (0x0105) x 2 0x00000003
core   0: 0x80000c30 (0x00008f01) c.sub   a4, s0
core   0: 3 0x80000c30 (0x8f01) x14 0x00000006
core   0: 0x80000c32 (0x0ff0000f) fence   iorw,iorw
core   0: 3 0x80000c32 (0x0ff0000f)
core   0: 0x80000c36 (0xffb147e3) blt     sp, s11, pc - 18
core   0: 3 0x80000c36 (0xffb147e3)
core   0: 0x80000c3a (0x8271e293) ori     t0, gp, -2009
core   0: 3 0x80000c3a (0x8271e293) x 5 0xfffff827
core   0: 0x80000c3e (0x014f3eb3) sltu    t4, t5, s4
core   0: 3 0x80000c3e (0x014f3eb3) x29 0x00000001
core   0: 0x80000c42 (0x00008cd9) c.or    s1, a4
core   0: 3 0x80000c42 (0x8cd9) x 9 0x00000006
core   0: 0x80000c44 (0x035d73b3) remu    t2, s10, s5
core   0: 3 0x80000c44 (0x035d73b3) x 7 0x00000001
core   0: 0x80000c48 (0xb9deb013) sltiu   zero, t4, -1123
core   0: 3 0x80000c48 (0xb9deb013)
core   0: 0x80000c4c (0x00008c51) c.or    s0, a2
core   0: 3 0x80000c4c (0x8c51) x 8 0xffffffff
core   0: 0x80000c4e (0x01e1e733) or      a4, gp, t5
core   0: 3 0x80000c4e (0x01e1e733) x14 0x00000000
core   0: 0x80000c52 (0x405cdc13) srai    s8, s9, 5
core   0: 3 0x80000c52 (0x405cdc13) x24 0xffffffff
core   0: 0x80000c56 (0xd9e33a93) sltiu   s5, t1, -610
core   0: 3 0x80000c56 (0xd9e33a93) x21 0x00000001
core   0: 0x80000c5a (0xf996dfe3) bge     a3, s9, pc - 98
core   0: 3 0x80000c5a (0xf996dfe3)
core   0: 0x80000bf8 (0x00000001) c.nop
core   0: 3 0x80000bf8 (0x0001)
core   0: 0x80000bfa (0x011da7b3) slt     a5, s11, a7
core   0: 3 0x80000bfa (0x011da7b3) x15 0x00000000
core   0: 0x80000bfe (0x03496633) rem     a2, s2, s4
core   0: 3 0x80000bfe (0x03496633) x12 0xfffff897
core   0: 0x80000c02 (0x000016d9) c.addi  a3, -10
core   0: 3 0x80000c02 (0x16d9) x13 0xffffffe7
core   0: 0x80000c04 (0x03cdcab3) div     s5, s11, t3
core   0: 3 0x80000c04 (0x03cdcab3) x21 0x00000003
core   0: 0x80000c08 (0x029345b3) div     a1, t1, s1
core   0: 3 0x80000c08 (0x029345b3) x11 0xeaab07bc
core   0: 0x80000c0c (0xffd00113) li      sp, -3
core   0: 3 0x80000c0c (0xffd00113) x 2 0xfffffffd
core   0: 0x80000c10 (0x00300d93) li      s11, 3
core   0: 3 0x80000c10 (0x00300d93) x27 0x00000003
core   0: 0x80000c14 (0x030153b3) divu    t2, sp, a6
core   0: 3 0x80000c14 (0x030153b3) x 7 0x00000001
core   0: 0x80000c18 (0x0148e3b3) or      t2, a7, s4
core   0: 3 0x80000c18 (0x0148e3b3) x 7 0xffffffff
core   0: 0x80000c1c (0x01c97233) and     tp, s2, t3
core   0: 3 0x80000c1c (0x01c97233) x 4 0x00000001
core   0: 0x80000c20 (0x020573b3) remu    t2, a0, zero
core   0: 3 0x80000c20 (0x020573b3) x 7 0xffffffff
core   0: 0x80000c24 (0x00dc20b3) slt     ra, s8, a3
core   0: 3 0x80000c24 (0x00dc20b3) x 1 0x00000000
core   0: 0x80000c28 (0x40145f93) srai    t6, s0, 1
core   0: 3 0x80000c28 (0x40145f93) x31 0xffffffff
core   0: 0x80000c2c (0x00008e61) c.and   a2, s0
core   0: 3 0x80000c2c (0x8e61) x12 0xfffff897
core   0: 0x80000c2e (0x00000105) c.addi  sp, 1
core   0: 3 0x80000c2e (0x0105) x 2 0xfffffffe
core   0: 0x80000c30 (0x00008f01) c.sub   a4, s0
core   0: 3 0x80000c30 (0x8f01) x14 0x00000001
core   0: 0x80000c32 (0x0ff0000f) fence   iorw,iorw
core   0: 3 0x80000c32 (0x0ff0000f)
core   0: 0x80000c36 (0xffb147e3) blt     sp, s11, pc - 18
core   0: 3 0x80000c36 (0xffb147e3)
core   0: 0x80000c24 (0x00dc20b3) slt     ra, s8, a3
core   0: 3 0x80000c24 (0x00dc20b3) x 1 0x00000000
core   0: 0x80000c28 (0x40145f93) srai    t6, s0, 1
core   0: 3 0x80000c28 (0x40145f93) x31 0xffffffff
core   0: 0x80000c2c (0x00008e61) c.and   a2, s0
core   0: 3 0x80000c2c (0x8e61) x12 0xfffff897
core   0: 0x80000c2e (0x00000105) c.addi  sp, 1
core   0: 3 0x80000c2e (0x0105) x 2 0xffffffff
core   0: 0x80000c30 (0x00008f01) c.sub   a4, s0
core   0: 3 0x80000c30 (0x8f01) x14 0x00000002
core   0: 0x80000c32 (0x0ff0000f) fence   iorw,iorw
core   0: 3 0x80000c32 (0x0ff0000f)
core   0: 0x80000c36 (0xffb147e3) blt     sp, s11, pc - 18
core   0: 3 0x80000c36 (0xffb147e3)
core   0: 0x80000c24 (0x00dc20b3) slt     ra, s8, a3
core   0: 3 0x80000c24 (0x00dc20b3) x 1 0x00000000
core   0: 0x80000c28 (0x40145f93) srai    t6, s0, 1
core   0: 3 0x80000c28 (0x40145f93) x31 0xffffffff
core   0: 0x80000c2c (0x00008e61) c.and   a2, s0
core   0: 3 0x80000c2c (0x8e61) x12 0xfffff897
core   0: 0x80000c2e (0x00000105) c.addi  sp, 1
core   0: 3 0x80000c2e (0x0105) x 2 0x00000000
core   0: 0x80000c30 (0x00008f01) c.sub   a4, s0
core   0: 3 0x80000c30 (0x8f01) x14 0x00000003
core   0: 0x80000c32 (0x0ff0000f) fence   iorw,iorw
core   0: 3 0x80000c32 (0x0ff0000f)
core   0: 0x80000c36 (0xffb147e3) blt     sp, s11, pc - 18
core   0: 3 0x80000c36 (0xffb147e3)
core   0: 0x80000c24 (0x00dc20b3) slt     ra, s8, a3
core   0: 3 0x80000c24 (0x00dc20b3) x 1 0x00000000
core   0: 0x80000c28 (0x40145f93) srai    t6, s0, 1
core   0: 3 0x80000c28 (0x40145f93) x31 0xffffffff
core   0: 0x80000c2c (0x00008e61) c.and   a2, s0
core   0: 3 0x80000c2c (0x8e61) x12 0xfffff897
core   0: 0x80000c2e (0x00000105) c.addi  sp, 1
core   0: 3 0x80000c2e (0x0105) x 2 0x00000001
core   0: 0x80000c30 (0x00008f01) c.sub   a4, s0
core   0: 3 0x80000c30 (0x8f01) x14 0x00000004
core   0: 0x80000c32 (0x0ff0000f) fence   iorw,iorw
core   0: 3 0x80000c32 (0x0ff0000f)
core   0: 0x80000c36 (0xffb147e3) blt     sp, s11, pc - 18
core   0: 3 0x80000c36 (0xffb147e3)
core   0: 0x80000c24 (0x00dc20b3) slt     ra, s8, a3
core   0: 3 0x80000c24 (0x00dc20b3) x 1 0x00000000
core   0: 0x80000c28 (0x40145f93) srai    t6, s0, 1
core   0: 3 0x80000c28 (0x40145f93) x31 0xffffffff
core   0: 0x80000c2c (0x00008e61) c.and   a2, s0
core   0: 3 0x80000c2c (0x8e61) x12 0xfffff897
core   0: 0x80000c2e (0x00000105) c.addi  sp, 1
core   0: 3 0x80000c2e (0x0105) x 2 0x00000002
core   0: 0x80000c30 (0x00008f01) c.sub   a4, s0
core   0: 3 0x80000c30 (0x8f01) x14 0x00000005
core   0: 0x80000c32 (0x0ff0000f) fence   iorw,iorw
core   0: 3 0x80000c32 (0x0ff0000f)
core   0: 0x80000c36 (0xffb147e3) blt     sp, s11, pc - 18
core   0: 3 0x80000c36 (0xffb147e3)
core   0: 0x80000c24 (0x00dc20b3) slt     ra, s8, a3
core   0: 3 0x80000c24 (0x00dc20b3) x 1 0x00000000
core   0: 0x80000c28 (0x40145f93) srai    t6, s0, 1
core   0: 3 0x80000c28 (0x40145f93) x31 0xffffffff
core   0: 0x80000c2c (0x00008e61) c.and   a2, s0
core   0: 3 0x80000c2c (0x8e61) x12 0xfffff897
core   0: 0x80000c2e (0x00000105) c.addi  sp, 1
core   0: 3 0x80000c2e (0x0105) x 2 0x00000003
core   0: 0x80000c30 (0x00008f01) c.sub   a4, s0
core   0: 3 0x80000c30 (0x8f01) x14 0x00000006
core   0: 0x80000c32 (0x0ff0000f) fence   iorw,iorw
core   0: 3 0x80000c32 (0x0ff0000f)
core   0: 0x80000c36 (0xffb147e3) blt     sp, s11, pc - 18
core   0: 3 0x80000c36 (0xffb147e3)
core   0: 0x80000c3a (0x8271e293) ori     t0, gp, -2009
core   0: 3 0x80000c3a (0x8271e293) x 5 0xfffff827
core   0: 0x80000c3e (0x014f3eb3) sltu    t4, t5, s4
core   0: 3 0x80000c3e (0x014f3eb3) x29 0x00000001
core   0: 0x80000c42 (0x00008cd9) c.or    s1, a4
core   0: 3 0x80000c42 (0x8cd9) x 9 0x00000006
core   0: 0x80000c44 (0x035d73b3) remu    t2, s10, s5
core   0: 3 0x80000c44 (0x035d73b3) x 7 0x00000001
core   0: 0x80000c48 (0xb9deb013) sltiu   zero, t4, -1123
core   0: 3 0x80000c48 (0xb9deb013)
core   0: 0x80000c4c (0x00008c51) c.or    s0, a2
core   0: 3 0x80000c4c (0x8c51) x 8 0xffffffff
core   0: 0x80000c4e (0x01e1e733) or      a4, gp, t5
core   0: 3 0x80000c4e (0x01e1e733) x14 0x00000000
core   0: 0x80000c52 (0x405cdc13) srai    s8, s9, 5
core   0: 3 0x80000c52 (0x405cdc13) x24 0xffffffff
core   0: 0x80000c56 (0xd9e33a93) sltiu   s5, t1, -610
core   0: 3 0x80000c56 (0xd9e33a93) x21 0x00000001
core   0: 0x80000c5a (0xf996dfe3) bge     a3, s9, pc - 98
core   0: 3 0x80000c5a (0xf996dfe3)
core   0: 0x80000c5e (0x00008c9d) c.sub   s1, a5
core   0: 3 0x80000c5e (0x8c9d) x 9 0x00000006
core   0: 0x80000c60 (0x00900e13) li      t3, 9
core   0: 3 0x80000c60 (0x00900e13) x28 0x00000009
core   0: 0x80000c64 (0x00700993) li      s3, 7
core   0: 3 0x80000c64 (0x00700993) x19 0x00000007
core   0: 0x80000c68 (0x0000100f) fence.i
core   0: 3 0x80000c68 (0x0000100f)
core   0: 0x80000c6c (0x00f09933) sll     s2, ra, a5
core   0: 3 0x80000c6c (0x00f09933) x18 0x00000000
core   0: 0x80000c70 (0x000089e5) c.andi  a1, 25
core   0: 3 0x80000c70 (0x89e5) x11 0x00000018
core   0: 0x80000c72 (0x00000001) c.nop
core   0: 3 0x80000c72 (0x0001)
core   0: 0x80000c74 (0x00001e71) c.addi  t3, -4
core   0: 3 0x80000c74 (0x1e71) x28 0x00000005
core   0: 0x80000c76 (0x418cdfb3) sra     t6, s9, s8
core   0: 3 0x80000c76 (0x418cdfb3) x31 0xffffffff
core   0: 0x80000c7a (0x00008cad) c.xor   s1, a1
core   0: 3 0x80000c7a (0x8cad) x 9 0x0000001e
core   0: 0x80000c7c (0x00000001) c.nop
core   0: 3 0x80000c7c (0x0001)
core   0: 0x80000c7e (0xff3e79e3) bgeu    t3, s3, pc - 14
core   0: 3 0x80000c7e (0xff3e79e3)
core   0: 0x80000c82 (0x0000717d) c.addi16sp sp, -16
core   0: 3 0x80000c82 (0x717d) x 2 0xfffffff3
core   0: 0x80000c84 (0x00600513) li      a0, 6
core   0: 3 0x80000c84 (0x00600513) x10 0x00000006
core   0: 0x80000c88 (0x03d3d4b3) divu    s1, t2, t4
core   0: 3 0x80000c88 (0x03d3d4b3) x 9 0x00000001
core   0: 0x80000c8c (0x00008185) c.srli  a1, 1
core   0: 3 0x80000c8c (0x8185) x11 0x0000000c
core   0: 0x80000c8e (0x40ba0ab3) sub     s5, s4, a1
core   0: 3 0x80000c8e (0x40ba0ab3) x21 0xa72ef252
core   0: 0x80000c92 (0x00300393) li      t2, 3
core   0: 3 0x80000c92 (0x00300393) x 7 0x00000003
core   0: 0x80000c96 (0x00bf8e33) add     t3, t6, a1
core   0: 3 0x80000c96 (0x00bf8e33) x28 0x0000000b
core   0: 0x80000c9a (0xf87a8c93) addi    s9, s5, -121
core   0: 3 0x80000c9a (0xf87a8c93) x25 0xa72ef1d9
core   0: 0x80000c9e (0x00001579) c.addi  a0, -2
core   0: 3 0x80000c9e (0x1579) x10 0x00000004
core   0: 0x80000ca0 (0x00008ec9) c.or    a3, a0
core   0: 3 0x80000ca0 (0x8ec9) x13 0xffffffe7
core   0: 0x80000ca2 (0x00008d95) c.sub   a1, a3
core   0: 3 0x80000ca2 (0x8d95) x11 0x00000025
core   0: 0x80000ca4 (0x000089f1) c.andi  a1, 28
core   0: 3 0x80000ca4 (0x89f1) x11 0x00000004
core   0: 0x80000ca6 (0x00a00613) li      a2, 10
core   0: 3 0x80000ca6 (0x00a00613) x12 0x0000000a
core   0: 0x80000caa (0xff600193) li      gp, -10
core   0: 3 0x80000caa (0xff600193) x 3 0xfffffff6
core   0: 0x80000cae (0x0213a0b3) mulhsu  ra, t2, ra
core   0: 3 0x80000cae (0x0213a0b3) x 1 0x00000000
core   0: 0x80000cb2 (0x45d0b093) sltiu   ra, ra, 1117
core   0: 3 0x80000cb2 (0x45d0b093) x 1 0x00000001
core   0: 0x80000cb6 (0x016bad33) slt     s10, s7, s6
core   0: 3 0x80000cb6 (0x016bad33) x26 0x00000001
core   0: 0x80000cba (0x7fed3713) sltiu   a4, s10, 2046
core   0: 3 0x80000cba (0x7fed3713) x14 0x00000001
core   0: 0x80000cbe (0x00001679) c.addi  a2, -2
core   0: 3 0x80000cbe (0x1679) x12 0x00000008
core   0: 0x80000cc0 (0x033d3b33) mulhu   s6, s10, s3
core   0: 3 0x80000cc0 (0x033d3b33) x22 0x00000000
core   0: 0x80000cc4 (0x4d356417) auipc   s0, 0x4d356
core   0: 3 0x80000cc4 (0x4d356417) x 8 0xcd356cc4
core   0: 0x80000cc8 (0x02388733) mul     a4, a7, gp
core   0: 3 0x80000cc8 (0x02388733) x14 0x0000005a
core   0: 0x80000ccc (0xfe3615e3) bne     a2, gp, pc - 22
core   0: 3 0x80000ccc (0xfe3615e3)
core   0: 0x80000cb6 (0x016bad33) slt     s10, s7, s6
core   0: 3 0x80000cb6 (0x016bad33) x26 0x00000001
core   0: 0x80000cba (0x7fed3713) sltiu   a4, s10, 2046
core   0: 3 0x80000cba (0x7fed3713) x14 0x00000001
core   0: 0x80000cbe (0x00001679) c.addi  a2, -2
core   0: 3 0x80000cbe (0x1679) x12 0x00000006
core   0: 0x80000cc0 (0x033d3b33) mulhu   s6, s10, s3
core   0: 3 0x80000cc0 (0x033d3b33) x22 0x00000000
core   0: 0x80000cc4 (0x4d356417) auipc   s0, 0x4d356
core   0: 3 0x80000cc4 (0x4d356417) x 8 0xcd356cc4
core   0: 0x80000cc8 (0x02388733) mul     a4, a7, gp
core   0: 3 0x80000cc8 (0x02388733) x14 0x0000005a
core   0: 0x80000ccc (0xfe3615e3) bne     a2, gp, pc - 22
core   0: 3 0x80000ccc (0xfe3615e3)
core   0: 0x80000cb6 (0x016bad33) slt     s10, s7, s6
core   0: 3 0x80000cb6 (0x016bad33) x26 0x00000001
core   0: 0x80000cba (0x7fed3713) sltiu   a4, s10, 2046
core   0: 3 0x80000cba (0x7fed3713) x14 0x00000001
core   0: 0x80000cbe (0x00001679) c.addi  a2, -2
core   0: 3 0x80000cbe (0x1679) x12 0x00000004
core   0: 0x80000cc0 (0x033d3b33) mulhu   s6, s10, s3
core   0: 3 0x80000cc0 (0x033d3b33) x22 0x00000000
core   0: 0x80000cc4 (0x4d356417) auipc   s0, 0x4d356
core   0: 3 0x80000cc4 (0x4d356417) x 8 0xcd356cc4
core   0: 0x80000cc8 (0x02388733) mul     a4, a7, gp
core   0: 3 0x80000cc8 (0x02388733) x14 0x0000005a
core   0: 0x80000ccc (0xfe3615e3) bne     a2, gp, pc - 22
core   0: 3 0x80000ccc (0xfe3615e3)
core   0: 0x80000cb6 (0x016bad33) slt     s10, s7, s6
core   0: 3 0x80000cb6 (0x016bad33) x26 0x00000001
core   0: 0x80000cba (0x7fed3713) sltiu   a4, s10, 2046
core   0: 3 0x80000cba (0x7fed3713) x14 0x00000001
core   0: 0x80000cbe (0x00001679) c.addi  a2, -2
core   0: 3 0x80000cbe (0x1679) x12 0x00000002
core   0: 0x80000cc0 (0x033d3b33) mulhu   s6, s10, s3
core   0: 3 0x80000cc0 (0x033d3b33) x22 0x00000000
core   0: 0x80000cc4 (0x4d356417) auipc   s0, 0x4d356
core   0: 3 0x80000cc4 (0x4d356417) x 8 0xcd356cc4
core   0: 0x80000cc8 (0x02388733) mul     a4, a7, gp
core   0: 3 0x80000cc8 (0x02388733) x14 0x0000005a
core   0: 0x80000ccc (0xfe3615e3) bne     a2, gp, pc - 22
core   0: 3 0x80000ccc (0xfe3615e3)
core   0: 0x80000cb6 (0x016bad33) slt     s10, s7, s6
core   0: 3 0x80000cb6 (0x016bad33) x26 0x00000001
core   0: 0x80000cba (0x7fed3713) sltiu   a4, s10, 2046
core   0: 3 0x80000cba (0x7fed3713) x14 0x00000001
core   0: 0x80000cbe (0x00001679) c.addi  a2, -2
core   0: 3 0x80000cbe (0x1679) x12 0x00000000
core   0: 0x80000cc0 (0x033d3b33) mulhu   s6, s10, s3
core   0: 3 0x80000cc0 (0x033d3b33) x22 0x00000000
core   0: 0x80000cc4 (0x4d356417) auipc   s0, 0x4d356
core   0: 3 0x80000cc4 (0x4d356417) x 8 0xcd356cc4
core   0: 0x80000cc8 (0x02388733) mul     a4, a7, gp
core   0: 3 0x80000cc8 (0x02388733) x14 0x0000005a
core   0: 0x80000ccc (0xfe3615e3) bne     a2, gp, pc - 22
core   0: 3 0x80000ccc (0xfe3615e3)
core   0: 0x80000cb6 (0x016bad33) slt     s10, s7, s6
core   0: 3 0x80000cb6 (0x016bad33) x26 0x00000001
core   0: 0x80000cba (0x7fed3713) sltiu   a4, s10, 2046
core   0: 3 0x80000cba (0x7fed3713) x14 0x00000001
core   0: 0x80000cbe (0x00001679) c.addi  a2, -2
core   0: 3 0x80000cbe (0x1679) x12 0xfffffffe
core   0: 0x80000cc0 (0x033d3b33) mulhu   s6, s10, s3
core   0: 3 0x80000cc0 (0x033d3b33) x22 0x00000000
core   0: 0x80000cc4 (0x4d356417) auipc   s0, 0x4d356
core   0: 3 0x80000cc4 (0x4d356417) x 8 0xcd356cc4
core   0: 0x80000cc8 (0x02388733) mul     a4, a7, gp
core   0: 3 0x80000cc8 (0x02388733) x14 0x0000005a
core   0: 0x80000ccc (0xfe3615e3) bne     a2, gp, pc - 22
core   0: 3 0x80000ccc (0xfe3615e3)
core   0: 0x80000cb6 (0x016bad33) slt     s10, s7, s6
core   0: 3 0x80000cb6 (0x016bad33) x26 0x00000001
core   0: 0x80000cba (0x7fed3713) sltiu   a4, s10, 2046
core   0: 3 0x80000cba (0x7fed3713) x14 0x00000001
core   0: 0x80000cbe (0x00001679) c.addi  a2, -2
core   0: 3 0x80000cbe (0x1679) x12 0xfffffffc
core   0: 0x80000cc0 (0x033d3b33) mulhu   s6, s10, s3
core   0: 3 0x80000cc0 (0x033d3b33) x22 0x00000000
core   0: 0x80000cc4 (0x4d356417) auipc   s0, 0x4d356
core   0: 3 0x80000cc4 (0x4d356417) x 8 0xcd356cc4
core   0: 0x80000cc8 (0x02388733) mul     a4, a7, gp
core   0: 3 0x80000cc8 (0x02388733) x14 0x0000005a
core   0: 0x80000ccc (0xfe3615e3) bne     a2, gp, pc - 22
core   0: 3 0x80000ccc (0xfe3615e3)
core   0: 0x80000cb6 (0x016bad33) slt     s10, s7, s6
core   0: 3 0x80000cb6 (0x016bad33) x26 0x00000001
core   0: 0x80000cba (0x7fed3713) sltiu   a4, s10, 2046
core   0: 3 0x80000cba (0x7fed3713) x14 0x00000001
core   0: 0x80000cbe (0x00001679) c.addi  a2, -2
core   0: 3 0x80000cbe (0x1679) x12 0xfffffffa
core   0: 0x80000cc0 (0x033d3b33) mulhu   s6, s10, s3
core   0: 3 0x80000cc0 (0x033d3b33) x22 0x00000000
core   0: 0x80000cc4 (0x4d356417) auipc   s0, 0x4d356
core   0: 3 0x80000cc4 (0x4d356417) x 8 0xcd356cc4
core   0: 0x80000cc8 (0x02388733) mul     a4, a7, gp
core   0: 3 0x80000cc8 (0x02388733) x14 0x0000005a
core   0: 0x80000ccc (0xfe3615e3) bne     a2, gp, pc - 22
core   0: 3 0x80000ccc (0xfe3615e3)
core   0: 0x80000cb6 (0x016bad33) slt     s10, s7, s6
core   0: 3 0x80000cb6 (0x016bad33) x26 0x00000001
core   0: 0x80000cba (0x7fed3713) sltiu   a4, s10, 2046
core   0: 3 0x80000cba (0x7fed3713) x14 0x00000001
core   0: 0x80000cbe (0x00001679) c.addi  a2, -2
core   0: 3 0x80000cbe (0x1679) x12 0xfffffff8
core   0: 0x80000cc0 (0x033d3b33) mulhu   s6, s10, s3
core   0: 3 0x80000cc0 (0x033d3b33) x22 0x00000000
core   0: 0x80000cc4 (0x4d356417) auipc   s0, 0x4d356
core   0: 3 0x80000cc4 (0x4d356417) x 8 0xcd356cc4
core   0: 0x80000cc8 (0x02388733) mul     a4, a7, gp
core   0: 3 0x80000cc8 (0x02388733) x14 0x0000005a
core   0: 0x80000ccc (0xfe3615e3) bne     a2, gp, pc - 22
core   0: 3 0x80000ccc (0xfe3615e3)
core   0: 0x80000cb6 (0x016bad33) slt     s10, s7, s6
core   0: 3 0x80000cb6 (0x016bad33) x26 0x00000001
core   0: 0x80000cba (0x7fed3713) sltiu   a4, s10, 2046
core   0: 3 0x80000cba (0x7fed3713) x14 0x00000001
core   0: 0x80000cbe (0x00001679) c.addi  a2, -2
core   0: 3 0x80000cbe (0x1679) x12 0xfffffff6
core   0: 0x80000cc0 (0x033d3b33) mulhu   s6, s10, s3
core   0: 3 0x80000cc0 (0x033d3b33) x22 0x00000000
core   0: 0x80000cc4 (0x4d356417) auipc   s0, 0x4d356
core   0: 3 0x80000cc4 (0x4d356417) x 8 0xcd356cc4
core   0: 0x80000cc8 (0x02388733) mul     a4, a7, gp
core   0: 3 0x80000cc8 (0x02388733) x14 0x0000005a
core   0: 0x80000ccc (0xfe3615e3) bne     a2, gp, pc - 22
core   0: 3 0x80000ccc (0xfe3615e3)
core   0: 0x80000cd0 (0x0000717d) c.addi16sp sp, -16
core   0: 3 0x80000cd0 (0x717d) x 2 0xffffffe3
core   0: 0x80000cd2 (0x000b69b3) or      s3, s6, zero
core   0: 3 0x80000cd2 (0x000b69b3) x19 0x00000000
core   0: 0x80000cd6 (0x0000613d) c.addi16sp sp, 480
core   0: 3 0x80000cd6 (0x613d) x 2 0x000001c3
core   0: 0x80000cd8 (0x9e9a3013) sltiu   zero, s4, -1559
core   0: 3 0x80000cd8 (0x9e9a3013)
core   0: 0x80000cdc (0xfa757de3) bgeu    a0, t2, pc - 70
core   0: 3 0x80000cdc (0xfa757de3)
core   0: 0x80000c96 (0x00bf8e33) add     t3, t6, a1
core   0: 3 0x80000c96 (0x00bf8e33) x28 0x00000003
core   0: 0x80000c9a (0xf87a8c93) addi    s9, s5, -121
core   0: 3 0x80000c9a (0xf87a8c93) x25 0xa72ef1d9
core   0: 0x80000c9e (0x00001579) c.addi  a0, -2
core   0: 3 0x80000c9e (0x1579) x10 0x00000002
core   0: 0x80000ca0 (0x00008ec9) c.or    a3, a0
core   0: 3 0x80000ca0 (0x8ec9) x13 0xffffffe7
core   0: 0x80000ca2 (0x00008d95) c.sub   a1, a3
core   0: 3 0x80000ca2 (0x8d95) x11 0x0000001d
core   0: 0x80000ca4 (0x000089f1) c.andi  a1, 28
core   0: 3 0x80000ca4 (0x89f1) x11 0x0000001c
core   0: 0x80000ca6 (0x00a00613) li      a2, 10
core   0: 3 0x80000ca6 (0x00a00613) x12 0x0000000a
core   0: 0x80000caa (0xff600193) li      gp, -10
core   0: 3 0x80000caa (0xff600193) x 3 0xfffffff6
core   0: 0x80000cae (0x0213a0b3) mulhsu  ra, t2, ra
core   0: 3 0x80000cae (0x0213a0b3) x 1 0x00000000
core   0: 0x80000cb2 (0x45d0b093) sltiu   ra, ra, 1117
core   0: 3 0x80000cb2 (0x45d0b093) x 1 0x00000001
core   0: 0x80000cb6 (0x016bad33) slt     s10, s7, s6
core   0: 3 0x80000cb6 (0x016bad33) x26 0x00000001
core   0: 0x80000cba (0x7fed3713) sltiu   a4, s10, 2046
core   0: 3 0x80000cba (0x7fed3713) x14 0x00000001
core   0: 0x80000cbe (0x00001679) c.addi  a2, -2
core   0: 3 0x80000cbe (0x1679) x12 0x00000008
core   0: 0x80000cc0 (0x033d3b33) mulhu   s6, s10, s3
core   0: 3 0x80000cc0 (0x033d3b33) x22 0x00000000
core   0: 0x80000cc4 (0x4d356417) auipc   s0, 0x4d356
core   0: 3 0x80000cc4 (0x4d356417) x 8 0xcd356cc4
core   0: 0x80000cc8 (0x02388733) mul     a4, a7, gp
core   0: 3 0x80000cc8 (0x02388733) x14 0x0000005a
core   0: 0x80000ccc (0xfe3615e3) bne     a2, gp, pc - 22
core   0: 3 0x80000ccc (0xfe3615e3)
core   0: 0x80000cb6 (0x016bad33) slt     s10, s7, s6
core   0: 3 0x80000cb6 (0x016bad33) x26 0x00000001
core   0: 0x80000cba (0x7fed3713) sltiu   a4, s10, 2046
core   0: 3 0x80000cba (0x7fed3713) x14 0x00000001
core   0: 0x80000cbe (0x00001679) c.addi  a2, -2
core   0: 3 0x80000cbe (0x1679) x12 0x00000006
core   0: 0x80000cc0 (0x033d3b33) mulhu   s6, s10, s3
core   0: 3 0x80000cc0 (0x033d3b33) x22 0x00000000
core   0: 0x80000cc4 (0x4d356417) auipc   s0, 0x4d356
core   0: 3 0x80000cc4 (0x4d356417) x 8 0xcd356cc4
core   0: 0x80000cc8 (0x02388733) mul     a4, a7, gp
core   0: 3 0x80000cc8 (0x02388733) x14 0x0000005a
core   0: 0x80000ccc (0xfe3615e3) bne     a2, gp, pc - 22
core   0: 3 0x80000ccc (0xfe3615e3)
core   0: 0x80000cb6 (0x016bad33) slt     s10, s7, s6
core   0: 3 0x80000cb6 (0x016bad33) x26 0x00000001
core   0: 0x80000cba (0x7fed3713) sltiu   a4, s10, 2046
core   0: 3 0x80000cba (0x7fed3713) x14 0x00000001
core   0: 0x80000cbe (0x00001679) c.addi  a2, -2
core   0: 3 0x80000cbe (0x1679) x12 0x00000004
core   0: 0x80000cc0 (0x033d3b33) mulhu   s6, s10, s3
core   0: 3 0x80000cc0 (0x033d3b33) x22 0x00000000
core   0: 0x80000cc4 (0x4d356417) auipc   s0, 0x4d356
core   0: 3 0x80000cc4 (0x4d356417) x 8 0xcd356cc4
core   0: 0x80000cc8 (0x02388733) mul     a4, a7, gp
core   0: 3 0x80000cc8 (0x02388733) x14 0x0000005a
core   0: 0x80000ccc (0xfe3615e3) bne     a2, gp, pc - 22
core   0: 3 0x80000ccc (0xfe3615e3)
core   0: 0x80000cb6 (0x016bad33) slt     s10, s7, s6
core   0: 3 0x80000cb6 (0x016bad33) x26 0x00000001
core   0: 0x80000cba (0x7fed3713) sltiu   a4, s10, 2046
core   0: 3 0x80000cba (0x7fed3713) x14 0x00000001
core   0: 0x80000cbe (0x00001679) c.addi  a2, -2
core   0: 3 0x80000cbe (0x1679) x12 0x00000002
core   0: 0x80000cc0 (0x033d3b33) mulhu   s6, s10, s3
core   0: 3 0x80000cc0 (0x033d3b33) x22 0x00000000
core   0: 0x80000cc4 (0x4d356417) auipc   s0, 0x4d356
core   0: 3 0x80000cc4 (0x4d356417) x 8 0xcd356cc4
core   0: 0x80000cc8 (0x02388733) mul     a4, a7, gp
core   0: 3 0x80000cc8 (0x02388733) x14 0x0000005a
core   0: 0x80000ccc (0xfe3615e3) bne     a2, gp, pc - 22
core   0: 3 0x80000ccc (0xfe3615e3)
core   0: 0x80000cb6 (0x016bad33) slt     s10, s7, s6
core   0: 3 0x80000cb6 (0x016bad33) x26 0x00000001
core   0: 0x80000cba (0x7fed3713) sltiu   a4, s10, 2046
core   0: 3 0x80000cba (0x7fed3713) x14 0x00000001
core   0: 0x80000cbe (0x00001679) c.addi  a2, -2
core   0: 3 0x80000cbe (0x1679) x12 0x00000000
core   0: 0x80000cc0 (0x033d3b33) mulhu   s6, s10, s3
core   0: 3 0x80000cc0 (0x033d3b33) x22 0x00000000
core   0: 0x80000cc4 (0x4d356417) auipc   s0, 0x4d356
core   0: 3 0x80000cc4 (0x4d356417) x 8 0xcd356cc4
core   0: 0x80000cc8 (0x02388733) mul     a4, a7, gp
core   0: 3 0x80000cc8 (0x02388733) x14 0x0000005a
core   0: 0x80000ccc (0xfe3615e3) bne     a2, gp, pc - 22
core   0: 3 0x80000ccc (0xfe3615e3)
core   0: 0x80000cb6 (0x016bad33) slt     s10, s7, s6
core   0: 3 0x80000cb6 (0x016bad33) x26 0x00000001
core   0: 0x80000cba (0x7fed3713) sltiu   a4, s10, 2046
core   0: 3 0x80000cba (0x7fed3713) x14 0x00000001
core   0: 0x80000cbe (0x00001679) c.addi  a2, -2
core   0: 3 0x80000cbe (0x1679) x12 0xfffffffe
core   0: 0x80000cc0 (0x033d3b33) mulhu   s6, s10, s3
core   0: 3 0x80000cc0 (0x033d3b33) x22 0x00000000
core   0: 0x80000cc4 (0x4d356417) auipc   s0, 0x4d356
core   0: 3 0x80000cc4 (0x4d356417) x 8 0xcd356cc4
core   0: 0x80000cc8 (0x02388733) mul     a4, a7, gp
core   0: 3 0x80000cc8 (0x02388733) x14 0x0000005a
core   0: 0x80000ccc (0xfe3615e3) bne     a2, gp, pc - 22
core   0: 3 0x80000ccc (0xfe3615e3)
core   0: 0x80000cb6 (0x016bad33) slt     s10, s7, s6
core   0: 3 0x80000cb6 (0x016bad33) x26 0x00000001
core   0: 0x80000cba (0x7fed3713) sltiu   a4, s10, 2046
core   0: 3 0x80000cba (0x7fed3713) x14 0x00000001
core   0: 0x80000cbe (0x00001679) c.addi  a2, -2
core   0: 3 0x80000cbe (0x1679) x12 0xfffffffc
core   0: 0x80000cc0 (0x033d3b33) mulhu   s6, s10, s3
core   0: 3 0x80000cc0 (0x033d3b33) x22 0x00000000
core   0: 0x80000cc4 (0x4d356417) auipc   s0, 0x4d356
core   0: 3 0x80000cc4 (0x4d356417) x 8 0xcd356cc4
core   0: 0x80000cc8 (0x02388733) mul     a4, a7, gp
core   0: 3 0x80000cc8 (0x02388733) x14 0x0000005a
core   0: 0x80000ccc (0xfe3615e3) bne     a2, gp, pc - 22
core   0: 3 0x80000ccc (0xfe3615e3)
core   0: 0x80000cb6 (0x016bad33) slt     s10, s7, s6
core   0: 3 0x80000cb6 (0x016bad33) x26 0x00000001
core   0: 0x80000cba (0x7fed3713) sltiu   a4, s10, 2046
core   0: 3 0x80000cba (0x7fed3713) x14 0x00000001
core   0: 0x80000cbe (0x00001679) c.addi  a2, -2
core   0: 3 0x80000cbe (0x1679) x12 0xfffffffa
core   0: 0x80000cc0 (0x033d3b33) mulhu   s6, s10, s3
core   0: 3 0x80000cc0 (0x033d3b33) x22 0x00000000
core   0: 0x80000cc4 (0x4d356417) auipc   s0, 0x4d356
core   0: 3 0x80000cc4 (0x4d356417) x 8 0xcd356cc4
core   0: 0x80000cc8 (0x02388733) mul     a4, a7, gp
core   0: 3 0x80000cc8 (0x02388733) x14 0x0000005a
core   0: 0x80000ccc (0xfe3615e3) bne     a2, gp, pc - 22
core   0: 3 0x80000ccc (0xfe3615e3)
core   0: 0x80000cb6 (0x016bad33) slt     s10, s7, s6
core   0: 3 0x80000cb6 (0x016bad33) x26 0x00000001
core   0: 0x80000cba (0x7fed3713) sltiu   a4, s10, 2046
core   0: 3 0x80000cba (0x7fed3713) x14 0x00000001
core   0: 0x80000cbe (0x00001679) c.addi  a2, -2
core   0: 3 0x80000cbe (0x1679) x12 0xfffffff8
core   0: 0x80000cc0 (0x033d3b33) mulhu   s6, s10, s3
core   0: 3 0x80000cc0 (0x033d3b33) x22 0x00000000
core   0: 0x80000cc4 (0x4d356417) auipc   s0, 0x4d356
core   0: 3 0x80000cc4 (0x4d356417) x 8 0xcd356cc4
core   0: 0x80000cc8 (0x02388733) mul     a4, a7, gp
core   0: 3 0x80000cc8 (0x02388733) x14 0x0000005a
core   0: 0x80000ccc (0xfe3615e3) bne     a2, gp, pc - 22
core   0: 3 0x80000ccc (0xfe3615e3)
core   0: 0x80000cb6 (0x016bad33) slt     s10, s7, s6
core   0: 3 0x80000cb6 (0x016bad33) x26 0x00000001
core   0: 0x80000cba (0x7fed3713) sltiu   a4, s10, 2046
core   0: 3 0x80000cba (0x7fed3713) x14 0x00000001
core   0: 0x80000cbe (0x00001679) c.addi  a2, -2
core   0: 3 0x80000cbe (0x1679) x12 0xfffffff6
core   0: 0x80000cc0 (0x033d3b33) mulhu   s6, s10, s3
core   0: 3 0x80000cc0 (0x033d3b33) x22 0x00000000
core   0: 0x80000cc4 (0x4d356417) auipc   s0, 0x4d356
core   0: 3 0x80000cc4 (0x4d356417) x 8 0xcd356cc4
core   0: 0x80000cc8 (0x02388733) mul     a4, a7, gp
core   0: 3 0x80000cc8 (0x02388733) x14 0x0000005a
core   0: 0x80000ccc (0xfe3615e3) bne     a2, gp, pc - 22
core   0: 3 0x80000ccc (0xfe3615e3)
core   0: 0x80000cd0 (0x0000717d) c.addi16sp sp, -16
core   0: 3 0x80000cd0 (0x717d) x 2 0x000001b3
core   0: 0x80000cd2 (0x000b69b3) or      s3, s6, zero
core   0: 3 0x80000cd2 (0x000b69b3) x19 0x00000000
core   0: 0x80000cd6 (0x0000613d) c.addi16sp sp, 480
core   0: 3 0x80000cd6 (0x613d) x 2 0x00000393
core   0: 0x80000cd8 (0x9e9a3013) sltiu   zero, s4, -1559
core   0: 3 0x80000cd8 (0x9e9a3013)
core   0: 0x80000cdc (0xfa757de3) bgeu    a0, t2, pc - 70
core   0: 3 0x80000cdc (0xfa757de3)
core   0: 0x80000ce0 (0x02bd1e33) mulh    t3, s10, a1
core   0: 3 0x80000ce0 (0x02bd1e33) x28 0x00000000
core   0: 0x80000ce4 (0x00100893) li      a7, 1
core   0: 3 0x80000ce4 (0x00100893) x17 0x00000001
core   0: 0x80000ce8 (0x00000001) c.nop
core   0: 3 0x80000ce8 (0x0001)
core   0: 0x80000cea (0x982d6213) ori     tp, s10, -1662
core   0: 3 0x80000cea (0x982d6213) x 4 0xfffff983
core   0: 0x80000cee (0x01db49b3) xor     s3, s6, t4
core   0: 3 0x80000cee (0x01db49b3) x19 0x00000001
core   0: 0x80000cf2 (0x00162cb3) slt     s9, a2, ra
core   0: 3 0x80000cf2 (0x00162cb3) x25 0x00000001
core   0: 0x80000cf6 (0x00400493) li      s1, 4
core   0: 3 0x80000cf6 (0x00400493) x 9 0x00000004
core   0: 0x80000cfa (0xa0d96d93) ori     s11, s2, -1523
core   0: 3 0x80000cfa (0xa0d96d93) x27 0xfffffa0d
core   0: 0x80000cfe (0x93e9fb13) andi    s6, s3, -1730
core   0: 3 0x80000cfe (0x93e9fb13) x22 0x00000000
core   0: 0x80000d02 (0x00006d89) c.lui   s11, 0x2
core   0: 3 0x80000d02 (0x6d89) x27 0x00002000
core   0: 0x80000d04 (0x04961597) auipc   a1, 0x4961
core   0: 3 0x80000d04 (0x04961597) x11 0x84961d04
core   0: 0x80000d08 (0x00009afd) c.andi  a3, -1
core   0: 3 0x80000d08 (0x9afd) x13 0xffffffe7
core   0: 0x80000d0a (0x00008f65) c.and   a4, s1
core   0: 3 0x80000d0a (0x8f65) x14 0x00000000
core   0: 0x80000d0c (0x02d5f6b3) remu    a3, a1, a3
core   0: 3 0x80000d0c (0x02d5f6b3) x13 0x84961d04
core   0: 0x80000d10 (0x000087ca) c.mv    a5, s2
core   0: 3 0x80000d10 (0x87ca) x15 0x00000000
core   0: 0x80000d12 (0x00000885) c.addi  a7, 1
core   0: 3 0x80000d12 (0x0885) x17 0x00000002
core   0: 0x80000d14 (0x021853b3) divu    t2, a6, ra
core   0: 3 0x80000d14 (0x021853b3) x 7 0x80026ce4
core   0: 0x80000d18 (0xb3e9f613) andi    a2, s3, -1218
core   0: 3 0x80000d18 (0xb3e9f613) x12 0x00000000
core   0: 0x80000d1c (0x0051e3b3) or      t2, gp, t0
core   0: 3 0x80000d1c (0x0051e3b3) x 7 0xfffffff7
core   0: 0x80000d20 (0xef28a093) slti    ra, a7, -270
core   0: 3 0x80000d20 (0xef28a093) x 1 0x00000000
core   0: 0x80000d24 (0x036f12b3) mulh    t0, t5, s6
core   0: 3 0x80000d24 (0x036f12b3) x 5 0x00000000
core   0: 0x80000d28 (0x00000001) c.nop
core   0: 3 0x80000d28 (0x0001)
core   0: 0x80000d2a (0xfe9890e3) bne     a7, s1, pc - 32
core   0: 3 0x80000d2a (0xfe9890e3)
core   0: 0x80000d0a (0x00008f65) c.and   a4, s1
core   0: 3 0x80000d0a (0x8f65) x14 0x00000000
core   0: 0x80000d0c (0x02d5f6b3) remu    a3, a1, a3
core   0: 3 0x80000d0c (0x02d5f6b3) x13 0x00000000
core   0: 0x80000d10 (0x000087ca) c.mv    a5, s2
core   0: 3 0x80000d10 (0x87ca) x15 0x00000000
core   0: 0x80000d12 (0x00000885) c.addi  a7, 1
core   0: 3 0x80000d12 (0x0885) x17 0x00000003
core   0: 0x80000d14 (0x021853b3) divu    t2, a6, ra
core   0: 3 0x80000d14 (0x021853b3) x 7 0xffffffff
core   0: 0x80000d18 (0xb3e9f613) andi    a2, s3, -1218
core   0: 3 0x80000d18 (0xb3e9f613) x12 0x00000000
core   0: 0x80000d1c (0x0051e3b3) or      t2, gp, t0
core   0: 3 0x80000d1c (0x0051e3b3) x 7 0xfffffff6
core   0: 0x80000d20 (0xef28a093) slti    ra, a7, -270
core   0: 3 0x80000d20 (0xef28a093) x 1 0x00000000
core   0: 0x80000d24 (0x036f12b3) mulh    t0, t5, s6
core   0: 3 0x80000d24 (0x036f12b3) x 5 0x00000000
core   0: 0x80000d28 (0x00000001) c.nop
core   0: 3 0x80000d28 (0x0001)
core   0: 0x80000d2a (0xfe9890e3) bne     a7, s1, pc - 32
core   0: 3 0x80000d2a (0xfe9890e3)
core   0: 0x80000d0a (0x00008f65) c.and   a4, s1
core   0: 3 0x80000d0a (0x8f65) x14 0x00000000
core   0: 0x80000d0c (0x02d5f6b3) remu    a3, a1, a3
core   0: 3 0x80000d0c (0x02d5f6b3) x13 0x84961d04
core   0: 0x80000d10 (0x000087ca) c.mv    a5, s2
core   0: 3 0x80000d10 (0x87ca) x15 0x00000000
core   0: 0x80000d12 (0x00000885) c.addi  a7, 1
core   0: 3 0x80000d12 (0x0885) x17 0x00000004
core   0: 0x80000d14 (0x021853b3) divu    t2, a6, ra
core   0: 3 0x80000d14 (0x021853b3) x 7 0xffffffff
core   0: 0x80000d18 (0xb3e9f613) andi    a2, s3, -1218
core   0: 3 0x80000d18 (0xb3e9f613) x12 0x00000000
core   0: 0x80000d1c (0x0051e3b3) or      t2, gp, t0
core   0: 3 0x80000d1c (0x0051e3b3) x 7 0xfffffff6
core   0: 0x80000d20 (0xef28a093) slti    ra, a7, -270
core   0: 3 0x80000d20 (0xef28a093) x 1 0x00000000
core   0: 0x80000d24 (0x036f12b3) mulh    t0, t5, s6
core   0: 3 0x80000d24 (0x036f12b3) x 5 0x00000000
core   0: 0x80000d28 (0x00000001) c.nop
core   0: 3 0x80000d28 (0x0001)
core   0: 0x80000d2a (0xfe9890e3) bne     a7, s1, pc - 32
core   0: 3 0x80000d2a (0xfe9890e3)
core   0: 0x80000d2e (0x078c4737) lui     a4, 0x78c4
core   0: 3 0x80000d2e (0x078c4737) x14 0x078c4000
core   0: 0x80000d32 (0x00000693) li      a3, 0
core   0: 3 0x80000d32 (0x00000693) x13 0x00000000
core   0: 0x80000d36 (0x011f1b33) sll     s6, t5, a7
core   0: 3 0x80000d36 (0x011f1b33) x22 0x00000000
core   0: 0x80000d3a (0x0000100f) fence.i
core   0: 3 0x80000d3a (0x0000100f)
core   0: 0x80000d3e (0x00ed1e13) slli    t3, s10, 14
core   0: 3 0x80000d3e (0x00ed1e13) x28 0x00004000
core   0: 0x80000d42 (0x00000001) c.nop
core   0: 3 0x80000d42 (0x0001)
core   0: 0x80000d44 (0x00008b09) c.andi  a4, 2
core   0: 3 0x80000d44 (0x8b09) x14 0x00000000
core   0: 0x80000d46 (0x00f00c93) li      s9, 15
core   0: 3 0x80000d46 (0x00f00c93) x25 0x0000000f
core   0: 0x80000d4a (0x00745e13) srli    t3, s0, 7
core   0: 3 0x80000d4a (0x00745e13) x28 0x019a6ad9
core   0: 0x80000d4e (0x02a52ab3) mulhsu  s5, a0, a0
core   0: 3 0x80000d4e (0x02a52ab3) x21 0x00000000
core   0: 0x80000d52 (0x0191c733) xor     a4, gp, s9
core   0: 3 0x80000d52 (0x0191c733) x14 0xfffffff9
core   0: 0x80000d56 (0x0ff0000f) fence   iorw,iorw
core   0: 3 0x80000d56 (0x0ff0000f)
core   0: 0x80000d5a (0x0000068d) c.addi  a3, 3
core   0: 3 0x80000d5a (0x068d) x13 0x00000003
core   0: 0x80000d5c (0x4056d933) sra     s2, a3, t0
core   0: 3 0x80000d5c (0x4056d933) x18 0x00000003
core   0: 0x80000d60 (0x027527b3) mulhsu  a5, a0, t2
core   0: 3 0x80000d60 (0x027527b3) x15 0x00000001
core   0: 0x80000d64 (0x407fde93) srai    t4, t6, 7
core   0: 3 0x80000d64 (0x407fde93) x29 0xffffffff
core   0: 0x80000d68 (0x00006109) c.addi16sp sp, 128
core   0: 3 0x80000d68 (0x6109) x 2 0x00000413
core   0: 0x80000d6a (0x4143d1b3) sra     gp, t2, s4
core   0: 3 0x80000d6a (0x4143d1b3) x 3 0xffffffff
core   0: 0x80000d6e (0x0000717d) c.addi16sp sp, -16
core   0: 3 0x80000d6e (0x717d) x 2 0x00000403
core   0: 0x80000d70 (0x01865c33) srl     s8, a2, s8
core   0: 3 0x80000d70 (0x01865c33) x24 0x00000000
core   0: 0x80000d74 (0x00000b18) c.addi4spn a4, sp, 400
core   0: 3 0x80000d74 (0x0b18) x14 0x00000593
core   0: 0x80000d76 (0x00a34633) xor     a2, t1, a0
core   0: 3 0x80000d76 (0x00a34633) x12 0x80022e66
core   0: 0x80000d7a (0x542ebd93) sltiu   s11, t4, 1346
core   0: 3 0x80000d7a (0x542ebd93) x27 0x00000000
core   0: 0x80000d7e (0x0066de33) srl     t3, a3, t1
core   0: 3 0x80000d7e (0x0066de33) x28 0x00000000
core   0: 0x80000d82 (0x0000826e) c.mv    tp, s11
core   0: 3 0x80000d82 (0x826e) x 4 0x00000000
core   0: 0x80000d84 (0x0000457d) c.li    a0, 31
core   0: 3 0x80000d84 (0x457d) x10 0x0000001f
core   0: 0x80000d86 (0x016922b3) slt     t0, s2, s6
core   0: 3 0x80000d86 (0x016922b3) x 5 0x00000000
core   0: 0x80000d8a (0x04900e13) li      t3, 73
core   0: 3 0x80000d8a (0x04900e13) x28 0x00000049
core   0: 0x80000d8e (0xfd96e2e3) bltu    a3, s9, pc - 60
core   0: 3 0x80000d8e (0xfd96e2e3)
core   0: 0x80000d52 (0x0191c733) xor     a4, gp, s9
core   0: 3 0x80000d52 (0x0191c733) x14 0xfffffff0
core   0: 0x80000d56 (0x0ff0000f) fence   iorw,iorw
core   0: 3 0x80000d56 (0x0ff0000f)
core   0: 0x80000d5a (0x0000068d) c.addi  a3, 3
core   0: 3 0x80000d5a (0x068d) x13 0x00000006
core   0: 0x80000d5c (0x4056d933) sra     s2, a3, t0
core   0: 3 0x80000d5c (0x4056d933) x18 0x00000006
core   0: 0x80000d60 (0x027527b3) mulhsu  a5, a0, t2
core   0: 3 0x80000d60 (0x027527b3) x15 0x0000001e
core   0: 0x80000d64 (0x407fde93) srai    t4, t6, 7
core   0: 3 0x80000d64 (0x407fde93) x29 0xffffffff
core   0: 0x80000d68 (0x00006109) c.addi16sp sp, 128
core   0: 3 0x80000d68 (0x6109) x 2 0x00000483
core   0: 0x80000d6a (0x4143d1b3) sra     gp, t2, s4
core   0: 3 0x80000d6a (0x4143d1b3) x 3 0xffffffff
core   0: 0x80000d6e (0x0000717d) c.addi16sp sp, -16
core   0: 3 0x80000d6e (0x717d) x 2 0x00000473
core   0: 0x80000d70 (0x01865c33) srl     s8, a2, s8
core   0: 3 0x80000d70 (0x01865c33) x24 0x80022e66
core   0: 0x80000d74 (0x00000b18) c.addi4spn a4, sp, 400
core   0: 3 0x80000d74 (0x0b18) x14 0x00000603
core   0: 0x80000d76 (0x00a34633) xor     a2, t1, a0
core   0: 3 0x80000d76 (0x00a34633) x12 0x80022e7b
core   0: 0x80000d7a (0x542ebd93) sltiu   s11, t4, 1346
core   0: 3 0x80000d7a (0x542ebd93) x27 0x00000000
core   0: 0x80000d7e (0x0066de33) srl     t3, a3, t1
core   0: 3 0x80000d7e (0x0066de33) x28 0x00000000
core   0: 0x80000d82 (0x0000826e) c.mv    tp, s11
core   0: 3 0x80000d82 (0x826e) x 4 0x00000000
core   0: 0x80000d84 (0x0000457d) c.li    a0, 31
core   0: 3 0x80000d84 (0x457d) x10 0x0000001f
core   0: 0x80000d86 (0x016922b3) slt     t0, s2, s6
core   0: 3 0x80000d86 (0x016922b3) x 5 0x00000000
core   0: 0x80000d8a (0x04900e13) li      t3, 73
core   0: 3 0x80000d8a (0x04900e13) x28 0x00000049
core   0: 0x80000d8e (0xfd96e2e3) bltu    a3, s9, pc - 60
core   0: 3 0x80000d8e (0xfd96e2e3)
core   0: 0x80000d52 (0x0191c733) xor     a4, gp, s9
core   0: 3 0x80000d52 (0x0191c733) x14 0xfffffff0
core   0: 0x80000d56 (0x0ff0000f) fence   iorw,iorw
core   0: 3 0x80000d56 (0x0ff0000f)
core   0: 0x80000d5a (0x0000068d) c.addi  a3, 3
core   0: 3 0x80000d5a (0x068d) x13 0x00000009
core   0: 0x80000d5c (0x4056d933) sra     s2, a3, t0
core   0: 3 0x80000d5c (0x4056d933) x18 0x00000009
core   0: 0x80000d60 (0x027527b3) mulhsu  a5, a0, t2
core   0: 3 0x80000d60 (0x027527b3) x15 0x0000001e
core   0: 0x80000d64 (0x407fde93) srai    t4, t6, 7
core   0: 3 0x80000d64 (0x407fde93) x29 0xffffffff
core   0: 0x80000d68 (0x00006109) c.addi16sp sp, 128
core   0: 3 0x80000d68 (0x6109) x 2 0x000004f3
core   0: 0x80000d6a (0x4143d1b3) sra     gp, t2, s4
core   0: 3 0x80000d6a (0x4143d1b3) x 3 0xffffffff
core   0: 0x80000d6e (0x0000717d) c.addi16sp sp, -16
core   0: 3 0x80000d6e (0x717d) x 2 0x000004e3
core   0: 0x80000d70 (0x01865c33) srl     s8, a2, s8
core   0: 3 0x80000d70 (0x01865c33) x24 0x020008b9
core   0: 0x80000d74 (0x00000b18) c.addi4spn a4, sp, 400
core   0: 3 0x80000d74 (0x0b18) x14 0x00000673
core   0: 0x80000d76 (0x00a34633) xor     a2, t1, a0
core   0: 3 0x80000d76 (0x00a34633) x12 0x80022e7b
core   0: 0x80000d7a (0x542ebd93) sltiu   s11, t4, 1346
core   0: 3 0x80000d7a (0x542ebd93) x27 0x00000000
core   0: 0x80000d7e (0x0066de33) srl     t3, a3, t1
core   0: 3 0x80000d7e (0x0066de33) x28 0x00000000
core   0: 0x80000d82 (0x0000826e) c.mv    tp, s11
core   0: 3 0x80000d82 (0x826e) x 4 0x00000000
core   0: 0x80000d84 (0x0000457d) c.li    a0, 31
core   0: 3 0x80000d84 (0x457d) x10 0x0000001f
core   0: 0x80000d86 (0x016922b3) slt     t0, s2, s6
core   0: 3 0x80000d86 (0x016922b3) x 5 0x00000000
core   0: 0x80000d8a (0x04900e13) li      t3, 73
core   0: 3 0x80000d8a (0x04900e13) x28 0x00000049
core   0: 0x80000d8e (0xfd96e2e3) bltu    a3, s9, pc - 60
core   0: 3 0x80000d8e (0xfd96e2e3)
core   0: 0x80000d52 (0x0191c733) xor     a4, gp, s9
core   0: 3 0x80000d52 (0x0191c733) x14 0xfffffff0
core   0: 0x80000d56 (0x0ff0000f) fence   iorw,iorw
core   0: 3 0x80000d56 (0x0ff0000f)
core   0: 0x80000d5a (0x0000068d) c.addi  a3, 3
core   0: 3 0x80000d5a (0x068d) x13 0x0000000c
core   0: 0x80000d5c (0x4056d933) sra     s2, a3, t0
core   0: 3 0x80000d5c (0x4056d933) x18 0x0000000c
core   0: 0x80000d60 (0x027527b3) mulhsu  a5, a0, t2
core   0: 3 0x80000d60 (0x027527b3) x15 0x0000001e
core   0: 0x80000d64 (0x407fde93) srai    t4, t6, 7
core   0: 3 0x80000d64 (0x407fde93) x29 0xffffffff
core   0: 0x80000d68 (0x00006109) c.addi16sp sp, 128
core   0: 3 0x80000d68 (0x6109) x 2 0x00000563
core   0: 0x80000d6a (0x4143d1b3) sra     gp, t2, s4
core   0: 3 0x80000d6a (0x4143d1b3) x 3 0xffffffff
core   0: 0x80000d6e (0x0000717d) c.addi16sp sp, -16
core   0: 3 0x80000d6e (0x717d) x 2 0x00000553
core   0: 0x80000d70 (0x01865c33) srl     s8, a2, s8
core   0: 3 0x80000d70 (0x01865c33) x24 0x00000040
core   0: 0x80000d74 (0x00000b18) c.addi4spn a4, sp, 400
core   0: 3 0x80000d74 (0x0b18) x14 0x000006e3
core   0: 0x80000d76 (0x00a34633) xor     a2, t1, a0
core   0: 3 0x80000d76 (0x00a34633) x12 0x80022e7b
core   0: 0x80000d7a (0x542ebd93) sltiu   s11, t4, 1346
core   0: 3 0x80000d7a (0x542ebd93) x27 0x00000000
core   0: 0x80000d7e (0x0066de33) srl     t3, a3, t1
core   0: 3 0x80000d7e (0x0066de33) x28 0x00000000
core   0: 0x80000d82 (0x0000826e) c.mv    tp, s11
core   0: 3 0x80000d82 (0x826e) x 4 0x00000000
core   0: 0x80000d84 (0x0000457d) c.li    a0, 31
core   0: 3 0x80000d84 (0x457d) x10 0x0000001f
core   0: 0x80000d86 (0x016922b3) slt     t0, s2, s6
core   0: 3 0x80000d86 (0x016922b3) x 5 0x00000000
core   0: 0x80000d8a (0x04900e13) li      t3, 73
core   0: 3 0x80000d8a (0x04900e13) x28 0x00000049
core   0: 0x80000d8e (0xfd96e2e3) bltu    a3, s9, pc - 60
core   0: 3 0x80000d8e (0xfd96e2e3)
core   0: 0x80000d52 (0x0191c733) xor     a4, gp, s9
core   0: 3 0x80000d52 (0x0191c733) x14 0xfffffff0
core   0: 0x80000d56 (0x0ff0000f) fence   iorw,iorw
core   0: 3 0x80000d56 (0x0ff0000f)
core   0: 0x80000d5a (0x0000068d) c.addi  a3, 3
core   0: 3 0x80000d5a (0x068d) x13 0x0000000f
core   0: 0x80000d5c (0x4056d933) sra     s2, a3, t0
core   0: 3 0x80000d5c (0x4056d933) x18 0x0000000f
core   0: 0x80000d60 (0x027527b3) mulhsu  a5, a0, t2
core   0: 3 0x80000d60 (0x027527b3) x15 0x0000001e
core   0: 0x80000d64 (0x407fde93) srai    t4, t6, 7
core   0: 3 0x80000d64 (0x407fde93) x29 0xffffffff
core   0: 0x80000d68 (0x00006109) c.addi16sp sp, 128
core   0: 3 0x80000d68 (0x6109) x 2 0x000005d3
core   0: 0x80000d6a (0x4143d1b3) sra     gp, t2, s4
core   0: 3 0x80000d6a (0x4143d1b3) x 3 0xffffffff
core   0: 0x80000d6e (0x0000717d) c.addi16sp sp, -16
core   0: 3 0x80000d6e (0x717d) x 2 0x000005c3
core   0: 0x80000d70 (0x01865c33) srl     s8, a2, s8
core   0: 3 0x80000d70 (0x01865c33) x24 0x80022e7b
core   0: 0x80000d74 (0x00000b18) c.addi4spn a4, sp, 400
core   0: 3 0x80000d74 (0x0b18) x14 0x00000753
core   0: 0x80000d76 (0x00a34633) xor     a2, t1, a0
core   0: 3 0x80000d76 (0x00a34633) x12 0x80022e7b
core   0: 0x80000d7a (0x542ebd93) sltiu   s11, t4, 1346
core   0: 3 0x80000d7a (0x542ebd93) x27 0x00000000
core   0: 0x80000d7e (0x0066de33) srl     t3, a3, t1
core   0: 3 0x80000d7e (0x0066de33) x28 0x00000000
core   0: 0x80000d82 (0x0000826e) c.mv    tp, s11
core   0: 3 0x80000d82 (0x826e) x 4 0x00000000
core   0: 0x80000d84 (0x0000457d) c.li    a0, 31
core   0: 3 0x80000d84 (0x457d) x10 0x0000001f
core   0: 0x80000d86 (0x016922b3) slt     t0, s2, s6
core   0: 3 0x80000d86 (0x016922b3) x 5 0x00000000
core   0: 0x80000d8a (0x04900e13) li      t3, 73
core   0: 3 0x80000d8a (0x04900e13) x28 0x00000049
core   0: 0x80000d8e (0xfd96e2e3) bltu    a3, s9, pc - 60
core   0: 3 0x80000d8e (0xfd96e2e3)
core   0: 0x80000d92 (0x2ca73293) sltiu   t0, a4, 714
core   0: 3 0x80000d92 (0x2ca73293) x 5 0x00000000
core   0: 0x80000d96 (0x00700493) li      s1, 7
core   0: 3 0x80000d96 (0x00700493) x 9 0x00000007
core   0: 0x80000d9a (0x013d1bb3) sll     s7, s10, s3
core   0: 3 0x80000d9a (0x013d1bb3) x23 0x00000002
core   0: 0x80000d9e (0x00f00613) li      a2, 15
core   0: 3 0x80000d9e (0x00f00613) x12 0x0000000f
core   0: 0x80000da2 (0x011a6e33) or      t3, s4, a7
core   0: 3 0x80000da2 (0x011a6e33) x28 0xa72ef25e
core   0: 0x80000da6 (0xf1e8cc93) xori    s9, a7, -226
core   0: 3 0x80000da6 (0xf1e8cc93) x25 0xffffff1a
core   0: 0x80000daa (0x00006199) c.lui   gp, 0x6
core   0: 3 0x80000daa (0x6199) x 3 0x00006000
core   0: 0x80000dac (0x000004a1) c.addi  s1, 8
core   0: 3 0x80000dac (0x04a1) x 9 0x0000000f
core   0: 0x80000dae (0x00200593) li      a1, 2
core   0: 3 0x80000dae (0x00200593) x11 0x00000002
core   0: 0x80000db2 (0x01200413) li      s0, 18
core   0: 3 0x80000db2 (0x01200413) x 8 0x00000012
core   0: 0x80000db6 (0x0000100f) fence.i
core   0: 3 0x80000db6 (0x0000100f)
core   0: 0x80000dba (0x00000001) c.nop
core   0: 3 0x80000dba (0x0001)
core   0: 0x80000dbc (0x000005a5) c.addi  a1, 9
core   0: 3 0x80000dbc (0x05a5) x11 0x0000000b
core   0: 0x80000dbe (0xfe85cee3) blt     a1, s0, pc - 4
core   0: 3 0x80000dbe (0xfe85cee3)
core   0: 0x80000dba (0x00000001) c.nop
core   0: 3 0x80000dba (0x0001)
core   0: 0x80000dbc (0x000005a5) c.addi  a1, 9
core   0: 3 0x80000dbc (0x05a5) x11 0x00000014
core   0: 0x80000dbe (0xfe85cee3) blt     a1, s0, pc - 4
core   0: 3 0x80000dbe (0xfe85cee3)
core   0: 0x80000dc2 (0x2e884b13) xori    s6, a6, 744
core   0: 3 0x80000dc2 (0x2e884b13) x22 0x80026e0c
core   0: 0x80000dc6 (0xfec480e3) beq     s1, a2, pc - 32
core   0: 3 0x80000dc6 (0xfec480e3)
core   0: 0x80000da6 (0xf1e8cc93) xori    s9, a7, -226
core   0: 3 0x80000da6 (0xf1e8cc93) x25 0xffffff1a
core   0: 0x80000daa (0x00006199) c.lui   gp, 0x6
core   0: 3 0x80000daa (0x6199) x 3 0x00006000
core   0: 0x80000dac (0x000004a1) c.addi  s1, 8
core   0: 3 0x80000dac (0x04a1) x 9 0x00000017
core   0: 0x80000dae (0x00200593) li      a1, 2
core   0: 3 0x80000dae (0x00200593) x11 0x00000002
core   0: 0x80000db2 (0x01200413) li      s0, 18
core   0: 3 0x80000db2 (0x01200413) x 8 0x00000012
core   0: 0x80000db6 (0x0000100f) fence.i
core   0: 3 0x80000db6 (0x0000100f)
core   0: 0x80000dba (0x00000001) c.nop
core   0: 3 0x80000dba (0x0001)
core   0: 0x80000dbc (0x000005a5) c.addi  a1, 9
core   0: 3 0x80000dbc (0x05a5) x11 0x0000000b
core   0: 0x80000dbe (0xfe85cee3) blt     a1, s0, pc - 4
core   0: 3 0x80000dbe (0xfe85cee3)
core   0: 0x80000dba (0x00000001) c.nop
core   0: 3 0x80000dba (0x0001)
core   0: 0x80000dbc (0x000005a5) c.addi  a1, 9
core   0: 3 0x80000dbc (0x05a5) x11 0x00000014
core   0: 0x80000dbe (0xfe85cee3) blt     a1, s0, pc - 4
core   0: 3 0x80000dbe (0xfe85cee3)
core   0: 0x80000dc2 (0x2e884b13) xori    s6, a6, 744
core   0: 3 0x80000dc2 (0x2e884b13) x22 0x80026e0c
core   0: 0x80000dc6 (0xfec480e3) beq     s1, a2, pc - 32
core   0: 3 0x80000dc6 (0xfec480e3)
core   0: 0x80000dca (0x00001f14) c.addi4spn a3, sp, 944
core   0: 3 0x80000dca (0x1f14) x13 0x00000973
core   0: 0x80000dcc (0x00a00513) li      a0, 10
core   0: 3 0x80000dcc (0x00a00513) x10 0x0000000a
core   0: 0x80000dd0 (0x00118ab3) add     s5, gp, ra
core   0: 3 0x80000dd0 (0x00118ab3) x21 0x00006000
core   0: 0x80000dd4 (0x000018fd) c.addi  a7, -1
core   0: 3 0x80000dd4 (0x18fd) x17 0x00000003
core   0: 0x80000dd6 (0x00a00b13) li      s6, 10
core   0: 3 0x80000dd6 (0x00a00b13) x22 0x0000000a
core   0: 0x80000dda (0x00008431) c.srai  s0, 12
core   0: 3 0x80000dda (0x8431) x 8 0x00000000
core   0: 0x80000ddc (0x00fbe7b3) or      a5, s7, a5
core   0: 3 0x80000ddc (0x00fbe7b3) x15 0x0000001e
core   0: 0x80000de0 (0x417f5ab3) sra     s5, t5, s7
core   0: 3 0x80000de0 (0x417f5ab3) x21 0x00000000
core   0: 0x80000de4 (0x00001571) c.addi  a0, -4
core   0: 3 0x80000de4 (0x1571) x10 0x00000006
core   0: 0x80000de6 (0x00800593) li      a1, 8
core   0: 3 0x80000de6 (0x00800593) x11 0x00000008
core   0: 0x80000dea (0x002aebb3) or      s7, s5, sp
core   0: 3 0x80000dea (0x002aebb3) x23 0x000005c3
core   0: 0x80000dee (0x022366b3) rem     a3, t1, sp
core   0: 3 0x80000dee (0x022366b3) x13 0xfffffed4
core   0: 0x80000df2 (0x01100213) li      tp, 17
core   0: 3 0x80000df2 (0x01100213) x 4 0x00000011
core   0: 0x80000df6 (0x40af89b3) sub     s3, t6, a0
core   0: 3 0x80000df6 (0x40af89b3) x19 0xfffffff9
core   0: 0x80000dfa (0x00004459) c.li    s0, 22
core   0: 3 0x80000dfa (0x4459) x 8 0x00000016
core   0: 0x80000dfc (0x0000837d) c.srli  a4, 31
core   0: 3 0x80000dfc (0x837d) x14 0x00000000
core   0: 0x80000dfe (0x7715e093) ori     ra, a1, 1905
core   0: 3 0x80000dfe (0x7715e093) x 1 0x00000779
core   0: 0x80000e02 (0x027c73b3) remu    t2, s8, t2
core   0: 3 0x80000e02 (0x027c73b3) x 7 0x80022e7b
core   0: 0x80000e06 (0x00414d33) xor     s10, sp, tp
core   0: 3 0x80000e06 (0x00414d33) x26 0x000005d2
core   0: 0x80000e0a (0x000005a5) c.addi  a1, 9
core   0: 3 0x80000e0a (0x05a5) x11 0x00000011
core   0: 0x80000e0c (0xfe4599e3) bne     a1, tp, pc - 14
core   0: 3 0x80000e0c (0xfe4599e3)
core   0: 0x80000e10 (0x03e24433) div     s0, tp, t5
core   0: 3 0x80000e10 (0x03e24433) x 8 0xffffffff
core   0: 0x80000e14 (0x01ed04b3) add     s1, s10, t5
core   0: 3 0x80000e14 (0x01ed04b3) x 9 0x000005d2
core   0: 0x80000e18 (0x0000100f) fence.i
core   0: 3 0x80000e18 (0x0000100f)
core   0: 0x80000e1c (0x2794fc93) andi    s9, s1, 633
core   0: 3 0x80000e1c (0x2794fc93) x25 0x00000050
core   0: 0x80000e20 (0x00000001) c.nop
core   0: 3 0x80000e20 (0x0001)
core   0: 0x80000e22 (0xfb657de3) bgeu    a0, s6, pc - 70
core   0: 3 0x80000e22 (0xfb657de3)
core   0: 0x80000e26 (0x0263ecb3) rem     s9, t2, t1
core   0: 3 0x80000e26 (0x0263ecb3) x25 0x80022e7b
core   0: 0x80000e2a (0xff700793) li      a5, -9
core   0: 3 0x80000e2a (0xff700793) x15 0xfffffff7
core   0: 0x80000e2e (0x00000001) c.nop
core   0: 3 0x80000e2e (0x0001)
core   0: 0x80000e30 (0x00008d4d) c.or    a0, a1
core   0: 3 0x80000e30 (0x8d4d) x10 0x00000017
core   0: 0x80000e32 (0x00000785) c.addi  a5, 1
core   0: 3 0x80000e32 (0x0785) x15 0xfffffff8
core   0: 0x80000e34 (0xffc00993) li      s3, -4
core   0: 3 0x80000e34 (0xffc00993) x19 0xfffffffc
core   0: 0x80000e38 (0x0000717d) c.addi16sp sp, -16
core   0: 3 0x80000e38 (0x717d) x 2 0x000005b3
core   0: 0x80000e3a (0x00300d13) li      s10, 3
core   0: 3 0x80000e3a (0x00300d13) x26 0x00000003
core   0: 0x80000e3e (0x0007cab3) xor     s5, a5, zero
core   0: 3 0x80000e3e (0x0007cab3) x21 0xfffffff8
core   0: 0x80000e42 (0x0000099d) c.addi  s3, 7
core   0: 3 0x80000e42 (0x099d) x19 0x00000003
core   0: 0x80000e44 (0xffa98de3) beq     s3, s10, pc - 6
core   0: 3 0x80000e44 (0xffa98de3)
core   0: 0x80000e3e (0x0007cab3) xor     s5, a5, zero
core   0: 3 0x80000e3e (0x0007cab3) x21 0xfffffff8
core   0: 0x80000e42 (0x0000099d) c.addi  s3, 7
core   0: 3 0x80000e42 (0x099d) x19 0x0000000a
core   0: 0x80000e44 (0xffa98de3) beq     s3, s10, pc - 6
core   0: 3 0x80000e44 (0xffa98de3)
core   0: 0x80000e48 (0x0000f7e5) c.bnez  a5, pc - 24
core   0: 3 0x80000e48 (0xf7e5)
core   0: 0x80000e30 (0x00008d4d) c.or    a0, a1
core   0: 3 0x80000e30 (0x8d4d) x10 0x00000017
core   0: 0x80000e32 (0x00000785) c.addi  a5, 1
core   0: 3 0x80000e32 (0x0785) x15 0xfffffff9
core   0: 0x80000e34 (0xffc00993) li      s3, -4
core   0: 3 0x80000e34 (0xffc00993) x19 0xfffffffc
core   0: 0x80000e38 (0x0000717d) c.addi16sp sp, -16
core   0: 3 0x80000e38 (0x717d) x 2 0x000005a3
core   0: 0x80000e3a (0x00300d13) li      s10, 3
core   0: 3 0x80000e3a (0x00300d13) x26 0x00000003
core   0: 0x80000e3e (0x0007cab3) xor     s5, a5, zero
core   0: 3 0x80000e3e (0x0007cab3) x21 0xfffffff9
core   0: 0x80000e42 (0x0000099d) c.addi  s3, 7
core   0: 3 0x80000e42 (0x099d) x19 0x00000003
core   0: 0x80000e44 (0xffa98de3) beq     s3, s10, pc - 6
core   0: 3 0x80000e44 (0xffa98de3)
core   0: 0x80000e3e (0x0007cab3) xor     s5, a5, zero
core   0: 3 0x80000e3e (0x0007cab3) x21 0xfffffff9
core   0: 0x80000e42 (0x0000099d) c.addi  s3, 7
core   0: 3 0x80000e42 (0x099d) x19 0x0000000a
core   0: 0x80000e44 (0xffa98de3) beq     s3, s10, pc - 6
core   0: 3 0x80000e44 (0xffa98de3)
core   0: 0x80000e48 (0x0000f7e5) c.bnez  a5, pc - 24
core   0: 3 0x80000e48 (0xf7e5)
core   0: 0x80000e30 (0x00008d4d) c.or    a0, a1
core   0: 3 0x80000e30 (0x8d4d) x10 0x00000017
core   0: 0x80000e32 (0x00000785) c.addi  a5, 1
core   0: 3 0x80000e32 (0x0785) x15 0xfffffffa
core   0: 0x80000e34 (0xffc00993) li      s3, -4
core   0: 3 0x80000e34 (0xffc00993) x19 0xfffffffc
core   0: 0x80000e38 (0x0000717d) c.addi16sp sp, -16
core   0: 3 0x80000e38 (0x717d) x 2 0x00000593
core   0: 0x80000e3a (0x00300d13) li      s10, 3
core   0: 3 0x80000e3a (0x00300d13) x26 0x00000003
core   0: 0x80000e3e (0x0007cab3) xor     s5, a5, zero
core   0: 3 0x80000e3e (0x0007cab3) x21 0xfffffffa
core   0: 0x80000e42 (0x0000099d) c.addi  s3, 7
core   0: 3 0x80000e42 (0x099d) x19 0x00000003
core   0: 0x80000e44 (0xffa98de3) beq     s3, s10, pc - 6
core   0: 3 0x80000e44 (0xffa98de3)
core   0: 0x80000e3e (0x0007cab3) xor     s5, a5, zero
core   0: 3 0x80000e3e (0x0007cab3) x21 0xfffffffa
core   0: 0x80000e42 (0x0000099d) c.addi  s3, 7
core   0: 3 0x80000e42 (0x099d) x19 0x0000000a
core   0: 0x80000e44 (0xffa98de3) beq     s3, s10, pc - 6
core   0: 3 0x80000e44 (0xffa98de3)
core   0: 0x80000e48 (0x0000f7e5) c.bnez  a5, pc - 24
core   0: 3 0x80000e48 (0xf7e5)
core   0: 0x80000e30 (0x00008d4d) c.or    a0, a1
core   0: 3 0x80000e30 (0x8d4d) x10 0x00000017
core   0: 0x80000e32 (0x00000785) c.addi  a5, 1
core   0: 3 0x80000e32 (0x0785) x15 0xfffffffb
core   0: 0x80000e34 (0xffc00993) li      s3, -4
core   0: 3 0x80000e34 (0xffc00993) x19 0xfffffffc
core   0: 0x80000e38 (0x0000717d) c.addi16sp sp, -16
core   0: 3 0x80000e38 (0x717d) x 2 0x00000583
core   0: 0x80000e3a (0x00300d13) li      s10, 3
core   0: 3 0x80000e3a (0x00300d13) x26 0x00000003
core   0: 0x80000e3e (0x0007cab3) xor     s5, a5, zero
core   0: 3 0x80000e3e (0x0007cab3) x21 0xfffffffb
core   0: 0x80000e42 (0x0000099d) c.addi  s3, 7
core   0: 3 0x80000e42 (0x099d) x19 0x00000003
core   0: 0x80000e44 (0xffa98de3) beq     s3, s10, pc - 6
core   0: 3 0x80000e44 (0xffa98de3)
core   0: 0x80000e3e (0x0007cab3) xor     s5, a5, zero
core   0: 3 0x80000e3e (0x0007cab3) x21 0xfffffffb
core   0: 0x80000e42 (0x0000099d) c.addi  s3, 7
core   0: 3 0x80000e42 (0x099d) x19 0x0000000a
core   0: 0x80000e44 (0xffa98de3) beq     s3, s10, pc - 6
core   0: 3 0x80000e44 (0xffa98de3)
core   0: 0x80000e48 (0x0000f7e5) c.bnez  a5, pc - 24
core   0: 3 0x80000e48 (0xf7e5)
core   0: 0x80000e30 (0x00008d4d) c.or    a0, a1
core   0: 3 0x80000e30 (0x8d4d) x10 0x00000017
core   0: 0x80000e32 (0x00000785) c.addi  a5, 1
core   0: 3 0x80000e32 (0x0785) x15 0xfffffffc
core   0: 0x80000e34 (0xffc00993) li      s3, -4
core   0: 3 0x80000e34 (0xffc00993) x19 0xfffffffc
core   0: 0x80000e38 (0x0000717d) c.addi16sp sp, -16
core   0: 3 0x80000e38 (0x717d) x 2 0x00000573
core   0: 0x80000e3a (0x00300d13) li      s10, 3
core   0: 3 0x80000e3a (0x00300d13) x26 0x00000003
core   0: 0x80000e3e (0x0007cab3) xor     s5, a5, zero
core   0: 3 0x80000e3e (0x0007cab3) x21 0xfffffffc
core   0: 0x80000e42 (0x0000099d) c.addi  s3, 7
core   0: 3 0x80000e42 (0x099d) x19 0x00000003
core   0: 0x80000e44 (0xffa98de3) beq     s3, s10, pc - 6
core   0: 3 0x80000e44 (0xffa98de3)
core   0: 0x80000e3e (0x0007cab3) xor     s5, a5, zero
core   0: 3 0x80000e3e (0x0007cab3) x21 0xfffffffc
core   0: 0x80000e42 (0x0000099d) c.addi  s3, 7
core   0: 3 0x80000e42 (0x099d) x19 0x0000000a
core   0: 0x80000e44 (0xffa98de3) beq     s3, s10, pc - 6
core   0: 3 0x80000e44 (0xffa98de3)
core   0: 0x80000e48 (0x0000f7e5) c.bnez  a5, pc - 24
core   0: 3 0x80000e48 (0xf7e5)
core   0: 0x80000e30 (0x00008d4d) c.or    a0, a1
core   0: 3 0x80000e30 (0x8d4d) x10 0x00000017
core   0: 0x80000e32 (0x00000785) c.addi  a5, 1
core   0: 3 0x80000e32 (0x0785) x15 0xfffffffd
core   0: 0x80000e34 (0xffc00993) li      s3, -4
core   0: 3 0x80000e34 (0xffc00993) x19 0xfffffffc
core   0: 0x80000e38 (0x0000717d) c.addi16sp sp, -16
core   0: 3 0x80000e38 (0x717d) x 2 0x00000563
core   0: 0x80000e3a (0x00300d13) li      s10, 3
core   0: 3 0x80000e3a (0x00300d13) x26 0x00000003
core   0: 0x80000e3e (0x0007cab3) xor     s5, a5, zero
core   0: 3 0x80000e3e (0x0007cab3) x21 0xfffffffd
core   0: 0x80000e42 (0x0000099d) c.addi  s3, 7
core   0: 3 0x80000e42 (0x099d) x19 0x00000003
core   0: 0x80000e44 (0xffa98de3) beq     s3, s10, pc - 6
core   0: 3 0x80000e44 (0xffa98de3)
core   0: 0x80000e3e (0x0007cab3) xor     s5, a5, zero
core   0: 3 0x80000e3e (0x0007cab3) x21 0xfffffffd
core   0: 0x80000e42 (0x0000099d) c.addi  s3, 7
core   0: 3 0x80000e42 (0x099d) x19 0x0000000a
core   0: 0x80000e44 (0xffa98de3) beq     s3, s10, pc - 6
core   0: 3 0x80000e44 (0xffa98de3)
core   0: 0x80000e48 (0x0000f7e5) c.bnez  a5, pc - 24
core   0: 3 0x80000e48 (0xf7e5)
core   0: 0x80000e30 (0x00008d4d) c.or    a0, a1
core   0: 3 0x80000e30 (0x8d4d) x10 0x00000017
core   0: 0x80000e32 (0x00000785) c.addi  a5, 1
core   0: 3 0x80000e32 (0x0785) x15 0xfffffffe
core   0: 0x80000e34 (0xffc00993) li      s3, -4
core   0: 3 0x80000e34 (0xffc00993) x19 0xfffffffc
core   0: 0x80000e38 (0x0000717d) c.addi16sp sp, -16
core   0: 3 0x80000e38 (0x717d) x 2 0x00000553
core   0: 0x80000e3a (0x00300d13) li      s10, 3
core   0: 3 0x80000e3a (0x00300d13) x26 0x00000003
core   0: 0x80000e3e (0x0007cab3) xor     s5, a5, zero
core   0: 3 0x80000e3e (0x0007cab3) x21 0xfffffffe
core   0: 0x80000e42 (0x0000099d) c.addi  s3, 7
core   0: 3 0x80000e42 (0x099d) x19 0x00000003
core   0: 0x80000e44 (0xffa98de3) beq     s3, s10, pc - 6
core   0: 3 0x80000e44 (0xffa98de3)
core   0: 0x80000e3e (0x0007cab3) xor     s5, a5, zero
core   0: 3 0x80000e3e (0x0007cab3) x21 0xfffffffe
core   0: 0x80000e42 (0x0000099d) c.addi  s3, 7
core   0: 3 0x80000e42 (0x099d) x19 0x0000000a
core   0: 0x80000e44 (0xffa98de3) beq     s3, s10, pc - 6
core   0: 3 0x80000e44 (0xffa98de3)
core   0: 0x80000e48 (0x0000f7e5) c.bnez  a5, pc - 24
core   0: 3 0x80000e48 (0xf7e5)
core   0: 0x80000e30 (0x00008d4d) c.or    a0, a1
core   0: 3 0x80000e30 (0x8d4d) x10 0x00000017
core   0: 0x80000e32 (0x00000785) c.addi  a5, 1
core   0: 3 0x80000e32 (0x0785) x15 0xffffffff
core   0: 0x80000e34 (0xffc00993) li      s3, -4
core   0: 3 0x80000e34 (0xffc00993) x19 0xfffffffc
core   0: 0x80000e38 (0x0000717d) c.addi16sp sp, -16
core   0: 3 0x80000e38 (0x717d) x 2 0x00000543
core   0: 0x80000e3a (0x00300d13) li      s10, 3
core   0: 3 0x80000e3a (0x00300d13) x26 0x00000003
core   0: 0x80000e3e (0x0007cab3) xor     s5, a5, zero
core   0: 3 0x80000e3e (0x0007cab3) x21 0xffffffff
core   0: 0x80000e42 (0x0000099d) c.addi  s3, 7
core   0: 3 0x80000e42 (0x099d) x19 0x00000003
core   0: 0x80000e44 (0xffa98de3) beq     s3, s10, pc - 6
core   0: 3 0x80000e44 (0xffa98de3)
core   0: 0x80000e3e (0x0007cab3) xor     s5, a5, zero
core   0: 3 0x80000e3e (0x0007cab3) x21 0xffffffff
core   0: 0x80000e42 (0x0000099d) c.addi  s3, 7
core   0: 3 0x80000e42 (0x099d) x19 0x0000000a
core   0: 0x80000e44 (0xffa98de3) beq     s3, s10, pc - 6
core   0: 3 0x80000e44 (0xffa98de3)
core   0: 0x80000e48 (0x0000f7e5) c.bnez  a5, pc - 24
core   0: 3 0x80000e48 (0xf7e5)
core   0: 0x80000e30 (0x00008d4d) c.or    a0, a1
core   0: 3 0x80000e30 (0x8d4d) x10 0x00000017
core   0: 0x80000e32 (0x00000785) c.addi  a5, 1
core   0: 3 0x80000e32 (0x0785) x15 0x00000000
core   0: 0x80000e34 (0xffc00993) li      s3, -4
core   0: 3 0x80000e34 (0xffc00993) x19 0xfffffffc
core   0: 0x80000e38 (0x0000717d) c.addi16sp sp, -16
core   0: 3 0x80000e38 (0x717d) x 2 0x00000533
core   0: 0x80000e3a (0x00300d13) li      s10, 3
core   0: 3 0x80000e3a (0x00300d13) x26 0x00000003
core   0: 0x80000e3e (0x0007cab3) xor     s5, a5, zero
core   0: 3 0x80000e3e (0x0007cab3) x21 0x00000000
core   0: 0x80000e42 (0x0000099d) c.addi  s3, 7
core   0: 3 0x80000e42 (0x099d) x19 0x00000003
core   0: 0x80000e44 (0xffa98de3) beq     s3, s10, pc - 6
core   0: 3 0x80000e44 (0xffa98de3)
core   0: 0x80000e3e (0x0007cab3) xor     s5, a5, zero
core   0: 3 0x80000e3e (0x0007cab3) x21 0x00000000
core   0: 0x80000e42 (0x0000099d) c.addi  s3, 7
core   0: 3 0x80000e42 (0x099d) x19 0x0000000a
core   0: 0x80000e44 (0xffa98de3) beq     s3, s10, pc - 6
core   0: 3 0x80000e44 (0xffa98de3)
core   0: 0x80000e48 (0x0000f7e5) c.bnez  a5, pc - 24
core   0: 3 0x80000e48 (0xf7e5)
core   0: 0x80000e4a (0x405c0bb3) sub     s7, s8, t0
core   0: 3 0x80000e4a (0x405c0bb3) x23 0x80022e7b
core   0: 0x80000e4e (0xff700413) li      s0, -9
core   0: 3 0x80000e4e (0xff700413) x 8 0xfffffff7
core   0: 0x80000e52 (0x03a3e6b3) rem     a3, t2, s10
core   0: 3 0x80000e52 (0x03a3e6b3) x13 0xfffffffe
core   0: 0x80000e56 (0xfee00f93) li      t6, -18
core   0: 3 0x80000e56 (0xfee00f93) x31 0xffffffee
core   0: 0x80000e5a (0x00008edd) c.or    a3, a5
core   0: 3 0x80000e5a (0x8edd) x13 0xfffffffe
core   0: 0x80000e5c (0x0166dc33) srl     s8, a3, s6
core   0: 3 0x80000e5c (0x0166dc33) x24 0x003fffff
core   0: 0x80000e60 (0x018dc0b3) xor     ra, s11, s8
core   0: 3 0x80000e60 (0x018dc0b3) x 1 0x003fffff
core   0: 0x80000e64 (0xa233bd93) sltiu   s11, t2, -1501
core   0: 3 0x80000e64 (0xa233bd93) x27 0x00000001
core   0: 0x80000e68 (0x022f1c33) mulh    s8, t5, sp
core   0: 3 0x80000e68 (0x022f1c33) x24 0x00000000
core   0: 0x80000e6c (0x03a76ab3) rem     s5, a4, s10
core   0: 3 0x80000e6c (0x03a76ab3) x21 0x00000000
core   0: 0x80000e70 (0x01e69913) slli    s2, a3, 30
core   0: 3 0x80000e70 (0x01e69913) x18 0x80000000
core   0: 0x80000e74 (0x02544633) div     a2, s0, t0
core   0: 3 0x80000e74 (0x02544633) x12 0xffffffff
core   0: 0x80000e78 (0x0000145d) c.addi  s0, -9
core   0: 3 0x80000e78 (0x145d) x 8 0xffffffee
core   0: 0x80000e7a (0x031fc033) div     zero, t6, a7
core   0: 3 0x80000e7a (0x031fc033)
core   0: 0x80000e7e (0xff800793) li      a5, -8
core   0: 3 0x80000e7e (0xff800793) x15 0xfffffff8
core   0: 0x80000e82 (0xffa00c93) li      s9, -6
core   0: 3 0x80000e82 (0xffa00c93) x25 0xfffffffa
core   0: 0x80000e86 (0xf0d94613) xori    a2, s2, -243
core   0: 3 0x80000e86 (0xf0d94613) x12 0x7fffff0d
core   0: 0x80000e8a (0x00008dfd) c.and   a1, a5
core   0: 3 0x80000e8a (0x8dfd) x11 0x00000010
core   0: 0x80000e8c (0x40885e93) srai    t4, a6, 8
core   0: 3 0x80000e8c (0x40885e93) x29 0xff80026c
core   0: 0x80000e90 (0x20b4ac17) auipc   s8, 0x20b4a
core   0: 3 0x80000e90 (0x20b4ac17) x24 0xa0b4ae90
core   0: 0x80000e94 (0x00008221) c.srli  a2, 8
core   0: 3 0x80000e94 (0x8221) x12 0x007fffff
core   0: 0x80000e96 (0x0ff0000f) fence   iorw,iorw
core   0: 3 0x80000e96 (0x0ff0000f)
core   0: 0x80000e9a (0x00b1d133) srl     sp, gp, a1
core   0: 3 0x80000e9a (0x00b1d133) x 2 0x00000000
core   0: 0x80000e9e (0x00008dc9) c.or    a1, a0
core   0: 3 0x80000e9e (0x8dc9) x11 0x00000017
core   0: 0x80000ea0 (0x411bdc13) srai    s8, s7, 17
core   0: 3 0x80000ea0 (0x411bdc13) x24 0xffffc001
core   0: 0x80000ea4 (0x00000791) c.addi  a5, 4
core   0: 3 0x80000ea4 (0x0791) x15 0xfffffffc
core   0: 0x80000ea6 (0xff97cce3) blt     a5, s9, pc - 8
core   0: 3 0x80000ea6 (0xff97cce3)
core   0: 0x80000eaa (0x00783233) sltu    tp, a6, t2
core   0: 3 0x80000eaa (0x00783233) x 4 0x00000000
core   0: 0x80000eae (0xfbf459e3) bge     s0, t6, pc - 78
core   0: 3 0x80000eae (0xfbf459e3)
core   0: 0x80000e60 (0x018dc0b3) xor     ra, s11, s8
core   0: 3 0x80000e60 (0x018dc0b3) x 1 0xffffc000
core   0: 0x80000e64 (0xa233bd93) sltiu   s11, t2, -1501
core   0: 3 0x80000e64 (0xa233bd93) x27 0x00000001
core   0: 0x80000e68 (0x022f1c33) mulh    s8, t5, sp
core   0: 3 0x80000e68 (0x022f1c33) x24 0x00000000
core   0: 0x80000e6c (0x03a76ab3) rem     s5, a4, s10
core   0: 3 0x80000e6c (0x03a76ab3) x21 0x00000000
core   0: 0x80000e70 (0x01e69913) slli    s2, a3, 30
core   0: 3 0x80000e70 (0x01e69913) x18 0x80000000
core   0: 0x80000e74 (0x02544633) div     a2, s0, t0
core   0: 3 0x80000e74 (0x02544633) x12 0xffffffff
core   0: 0x80000e78 (0x0000145d) c.addi  s0, -9
core   0: 3 0x80000e78 (0x145d) x 8 0xffffffe5
core   0: 0x80000e7a (0x031fc033) div     zero, t6, a7
core   0: 3 0x80000e7a (0x031fc033)
core   0: 0x80000e7e (0xff800793) li      a5, -8
core   0: 3 0x80000e7e (0xff800793) x15 0xfffffff8
core   0: 0x80000e82 (0xffa00c93) li      s9, -6
core   0: 3 0x80000e82 (0xffa00c93) x25 0xfffffffa
core   0: 0x80000e86 (0xf0d94613) xori    a2, s2, -243
core   0: 3 0x80000e86 (0xf0d94613) x12 0x7fffff0d
core   0: 0x80000e8a (0x00008dfd) c.and   a1, a5
core   0: 3 0x80000e8a (0x8dfd) x11 0x00000010
core   0: 0x80000e8c (0x40885e93) srai    t4, a6, 8
core   0: 3 0x80000e8c (0x40885e93) x29 0xff80026c
core   0: 0x80000e90 (0x20b4ac17) auipc   s8, 0x20b4a
core   0: 3 0x80000e90 (0x20b4ac17) x24 0xa0b4ae90
core   0: 0x80000e94 (0x00008221) c.srli  a2, 8
core   0: 3 0x80000e94 (0x8221) x12 0x007fffff
core   0: 0x80000e96 (0x0ff0000f) fence   iorw,iorw
core   0: 3 0x80000e96 (0x0ff0000f)
core   0: 0x80000e9a (0x00b1d133) srl     sp, gp, a1
core   0: 3 0x80000e9a (0x00b1d133) x 2 0x00000000
core   0: 0x80000e9e (0x00008dc9) c.or    a1, a0
core   0: 3 0x80000e9e (0x8dc9) x11 0x00000017
core   0: 0x80000ea0 (0x411bdc13) srai    s8, s7, 17
core   0: 3 0x80000ea0 (0x411bdc13) x24 0xffffc001
core   0: 0x80000ea4 (0x00000791) c.addi  a5, 4
core   0: 3 0x80000ea4 (0x0791) x15 0xfffffffc
core   0: 0x80000ea6 (0xff97cce3) blt     a5, s9, pc - 8
core   0: 3 0x80000ea6 (0xff97cce3)
core   0: 0x80000eaa (0x00783233) sltu    tp, a6, t2
core   0: 3 0x80000eaa (0x00783233) x 4 0x00000000
core   0: 0x80000eae (0xfbf459e3) bge     s0, t6, pc - 78
core   0: 3 0x80000eae (0xfbf459e3)
core   0: 0x80000eb2 (0x00008de1) c.and   a1, s0
core   0: 3 0x80000eb2 (0x8de1) x11 0x00000005
core   0: 0x80000eb4 (0xffe00193) li      gp, -2
core   0: 3 0x80000eb4 (0xffe00193) x 3 0xfffffffe
core   0: 0x80000eb8 (0x01d0c7b3) xor     a5, ra, t4
core   0: 3 0x80000eb8 (0x01d0c7b3) x15 0x007fc26c
core   0: 0x80000ebc (0x03777533) remu    a0, a4, s7
core   0: 3 0x80000ebc (0x03777533) x10 0x00000000
core   0: 0x80000ec0 (0x00e29b33) sll     s6, t0, a4
core   0: 3 0x80000ec0 (0x00e29b33) x22 0x00000000
core   0: 0x80000ec4 (0x0000567d) c.li    a2, -1
core   0: 3 0x80000ec4 (0x567d) x12 0xffffffff
core   0: 0x80000ec6 (0x0000100f) fence.i
core   0: 3 0x80000ec6 (0x0000100f)
core   0: 0x80000eca (0x00008da5) c.xor   a1, s1
core   0: 3 0x80000eca (0x8da5) x11 0x000005d7
core   0: 0x80000ecc (0xe1dbdcb7) lui     s9, 0xe1dbd
core   0: 3 0x80000ecc (0xe1dbdcb7) x25 0xe1dbd000
core   0: 0x80000ed0 (0x00006161) c.addi16sp sp, 80
core   0: 3 0x80000ed0 (0x6161) x 2 0x00000050
core   0: 0x80000ed2 (0x01327ab3) and     s5, tp, s3
core   0: 3 0x80000ed2 (0x01327ab3) x21 0x00000000
core   0: 0x80000ed6 (0x418a5133) sra     sp, s4, s8
core   0: 3 0x80000ed6 (0x418a5133) x 2 0xd397792f
core   0: 0x80000eda (0x00600413) li      s0, 6
core   0: 3 0x80000eda (0x00600413) x 8 0x00000006
core   0: 0x80000ede (0x000088e1) c.andi  s1, 24
core   0: 3 0x80000ede (0x88e1) x 9 0x00000010
core   0: 0x80000ee0 (0x3c370293) addi    t0, a4, 963
core   0: 3 0x80000ee0 (0x3c370293) x 5 0x000003c3
core   0: 0x80000ee4 (0x00000185) c.addi  gp, 1
core   0: 3 0x80000ee4 (0x0185) x 3 0xffffffff
core   0: 0x80000ee6 (0x024b59b3) divu    s3, s6, tp
core   0: 3 0x80000ee6 (0x024b59b3) x19 0xffffffff
core   0: 0x80000eea (0x01be07b3) add     a5, t3, s11
core   0: 3 0x80000eea (0x01be07b3) x15 0xa72ef25f
core   0: 0x80000eee (0x0089dd13) srli    s10, s3, 8
core   0: 3 0x80000eee (0x0089dd13) x26 0x00ffffff
core   0: 0x80000ef2 (0x00008dcd) c.or    a1, a1
core   0: 3 0x80000ef2 (0x8dcd) x11 0x000005d7
core   0: 0x80000ef4 (0x7e6df093) andi    ra, s11, 2022
core   0: 3 0x80000ef4 (0x7e6df093) x 1 0x00000000
core   0: 0x80000ef8 (0x0296cfb3) div     t6, a3, s1
core   0: 3 0x80000ef8 (0x0296cfb3) x31 0x00000000
core   0: 0x80000efc (0xfe8181e3) beq     gp, s0, pc - 30
core   0: 3 0x80000efc (0xfe8181e3)
core   0: 0x80000f00 (0x00009b76) c.add   s6, t4
core   0: 3 0x80000f00 (0x9b76) x22 0xff80026c
core   0: 0x80000f02 (0x00300513) li      a0, 3
core   0: 3 0x80000f02 (0x00300513) x10 0x00000003
core   0: 0x80000f06 (0x0000547d) c.li    s0, -1
core   0: 3 0x80000f06 (0x547d) x 8 0xffffffff
core   0: 0x80000f08 (0x0000842d) c.srai  s0, 11
core   0: 3 0x80000f08 (0x842d) x 8 0xffffffff
core   0: 0x80000f0a (0xf2650193) addi    gp, a0, -218
core   0: 3 0x80000f0a (0xf2650193) x 3 0xffffff29
core   0: 0x80000f0e (0x00008c65) c.and   s0, s1
core   0: 3 0x80000f0e (0x8c65) x 8 0x00000010
core   0: 0x80000f10 (0x00c00893) li      a7, 12
core   0: 3 0x80000f10 (0x00c00893) x17 0x0000000c
core   0: 0x80000f14 (0xb6000093) li      ra, -1184
core   0: 3 0x80000f14 (0xb6000093) x 1 0xfffffb60
core   0: 0x80000f18 (0x000092a2) c.add   t0, s0
core   0: 3 0x80000f18 (0x92a2) x 5 0x000003d3
core   0: 0x80000f1a (0x00000505) c.addi  a0, 1
core   0: 3 0x80000f1a (0x0505) x10 0x00000004
core   0: 0x80000f1c (0x000003b5) c.addi  t2, 13
core   0: 3 0x80000f1c (0x03b5) x 7 0x80022e88
core   0: 0x80000f1e (0xff151de3) bne     a0, a7, pc - 6
core   0: 3 0x80000f1e (0xff151de3)
core   0: 0x80000f18 (0x000092a2) c.add   t0, s0
core   0: 3 0x80000f18 (0x92a2) x 5 0x000003e3
core   0: 0x80000f1a (0x00000505) c.addi  a0, 1
core   0: 3 0x80000f1a (0x0505) x10 0x00000005
core   0: 0x80000f1c (0x000003b5) c.addi  t2, 13
core   0: 3 0x80000f1c (0x03b5) x 7 0x80022e95
core   0: 0x80000f1e (0xff151de3) bne     a0, a7, pc - 6
core   0: 3 0x80000f1e (0xff151de3)
core   0: 0x80000f18 (0x000092a2) c.add   t0, s0
core   0: 3 0x80000f18 (0x92a2) x 5 0x000003f3
core   0: 0x80000f1a (0x00000505) c.addi  a0, 1
core   0: 3 0x80000f1a (0x0505) x10 0x00000006
core   0: 0x80000f1c (0x000003b5) c.addi  t2, 13
core   0: 3 0x80000f1c (0x03b5) x 7 0x80022ea2
core   0: 0x80000f1e (0xff151de3) bne     a0, a7, pc - 6
core   0: 3 0x80000f1e (0xff151de3)
core   0: 0x80000f18 (0x000092a2) c.add   t0, s0
core   0: 3 0x80000f18 (0x92a2) x 5 0x00000403
core   0: 0x80000f1a (0x00000505) c.addi  a0, 1
core   0: 3 0x80000f1a (0x0505) x10 0x00000007
core   0: 0x80000f1c (0x000003b5) c.addi  t2, 13
core   0: 3 0x80000f1c (0x03b5) x 7 0x80022eaf
core   0: 0x80000f1e (0xff151de3) bne     a0, a7, pc - 6
core   0: 3 0x80000f1e (0xff151de3)
core   0: 0x80000f18 (0x000092a2) c.add   t0, s0
core   0: 3 0x80000f18 (0x92a2) x 5 0x00000413
core   0: 0x80000f1a (0x00000505) c.addi  a0, 1
core   0: 3 0x80000f1a (0x0505) x10 0x00000008
core   0: 0x80000f1c (0x000003b5) c.addi  t2, 13
core   0: 3 0x80000f1c (0x03b5) x 7 0x80022ebc
core   0: 0x80000f1e (0xff151de3) bne     a0, a7, pc - 6
core   0: 3 0x80000f1e (0xff151de3)
core   0: 0x80000f18 (0x000092a2) c.add   t0, s0
core   0: 3 0x80000f18 (0x92a2) x 5 0x00000423
core   0: 0x80000f1a (0x00000505) c.addi  a0, 1
core   0: 3 0x80000f1a (0x0505) x10 0x00000009
core   0: 0x80000f1c (0x000003b5) c.addi  t2, 13
core   0: 3 0x80000f1c (0x03b5) x 7 0x80022ec9
core   0: 0x80000f1e (0xff151de3) bne     a0, a7, pc - 6
core   0: 3 0x80000f1e (0xff151de3)
core   0: 0x80000f18 (0x000092a2) c.add   t0, s0
core   0: 3 0x80000f18 (0x92a2) x 5 0x00000433
core   0: 0x80000f1a (0x00000505) c.addi  a0, 1
core   0: 3 0x80000f1a (0x0505) x10 0x0000000a
core   0: 0x80000f1c (0x000003b5) c.addi  t2, 13
core   0: 3 0x80000f1c (0x03b5) x 7 0x80022ed6
core   0: 0x80000f1e (0xff151de3) bne     a0, a7, pc - 6
core   0: 3 0x80000f1e (0xff151de3)
core   0: 0x80000f18 (0x000092a2) c.add   t0, s0
core   0: 3 0x80000f18 (0x92a2) x 5 0x00000443
core   0: 0x80000f1a (0x00000505) c.addi  a0, 1
core   0: 3 0x80000f1a (0x0505) x10 0x0000000b
core   0: 0x80000f1c (0x000003b5) c.addi  t2, 13
core   0: 3 0x80000f1c (0x03b5) x 7 0x80022ee3
core   0: 0x80000f1e (0xff151de3) bne     a0, a7, pc - 6
core   0: 3 0x80000f1e (0xff151de3)
core   0: 0x80000f18 (0x000092a2) c.add   t0, s0
core   0: 3 0x80000f18 (0x92a2) x 5 0x00000453
core   0: 0x80000f1a (0x00000505) c.addi  a0, 1
core   0: 3 0x80000f1a (0x0505) x10 0x0000000c
core   0: 0x80000f1c (0x000003b5) c.addi  t2, 13
core   0: 3 0x80000f1c (0x03b5) x 7 0x80022ef0
core   0: 0x80000f1e (0xff151de3) bne     a0, a7, pc - 6
core   0: 3 0x80000f1e (0xff151de3)
core   0: 0x80000f22 (0x0115b413) sltiu   s0, a1, 17
core   0: 3 0x80000f22 (0x0115b413) x 8 0x00000000
core   0: 0x80000f26 (0x00300513) li      a0, 3
core   0: 3 0x80000f26 (0x00300513) x10 0x00000003
core   0: 0x80000f2a (0x86e7bd93) sltiu   s11, a5, -1938
core   0: 3 0x80000f2a (0x86e7bd93) x27 0x00000001
core   0: 0x80000f2e (0x01200f13) li      t5, 18
core   0: 3 0x80000f2e (0x01200f13) x30 0x00000012
core   0: 0x80000f32 (0x0ff0000f) fence   iorw,iorw
core   0: 3 0x80000f32 (0x0ff0000f)
core   0: 0x80000f36 (0x00008f41) c.or    a4, s0
core   0: 3 0x80000f36 (0x8f41) x14 0x00000000
core   0: 0x80000f38 (0x000084e1) c.srai  s1, 24
core   0: 3 0x80000f38 (0x84e1) x 9 0x00000000
core   0: 0x80000f3a (0x0000049a) c.slli  s1, 6
core   0: 3 0x80000f3a (0x049a) x 9 0x00000000
core   0: 0x80000f3c (0x0000050d) c.addi  a0, 3
core   0: 3 0x80000f3c (0x050d) x10 0x00000006
core   0: 0x80000f3e (0x00001500) c.addi4spn s0, sp, 672
core   0: 3 0x80000f3e (0x1500) x 8 0xd3977bcf
core   0: 0x80000f40 (0x00008425) c.srai  s0, 9
core   0: 3 0x80000f40 (0x8425) x 8 0xffe9cbbd
core   0: 0x80000f42 (0x00900593) li      a1, 9
core   0: 3 0x80000f42 (0x00900593) x11 0x00000009
core   0: 0x80000f46 (0x020f7033) remu    zero, t5, zero
core   0: 3 0x80000f46 (0x020f7033)
core   0: 0x80000f4a (0x00800c13) li      s8, 8
core   0: 3 0x80000f4a (0x00800c13) x24 0x00000008
core   0: 0x80000f4e (0x000098fd) c.andi  s1, -1
core   0: 3 0x80000f4e (0x98fd) x 9 0x00000000
core   0: 0x80000f50 (0x000015f5) c.addi  a1, -3
core   0: 3 0x80000f50 (0x15f5) x11 0x00000006
core   0: 0x80000f52 (0x00008e8d) c.sub   a3, a1
core   0: 3 0x80000f52 (0x8e8d) x13 0xfffffff8
core   0: 0x80000f54 (0x00f41933) sll     s2, s0, a5
core   0: 3 0x80000f54 (0x00f41933) x18 0x80000000
core   0: 0x80000f58 (0x00999733) sll     a4, s3, s1
core   0: 3 0x80000f58 (0x00999733) x14 0xffffffff
core   0: 0x80000f5c (0x00006161) c.addi16sp sp, 80
core   0: 3 0x80000f5c (0x6161) x 2 0xd397797f
core   0: 0x80000f5e (0xff85f8e3) bgeu    a1, s8, pc - 16
core   0: 3 0x80000f5e (0xff85f8e3)
core   0: 0x80000f62 (0x00008ea5) c.xor   a3, s1
core   0: 3 0x80000f62 (0x8ea5) x13 0xfffffff8
core   0: 0x80000f64 (0xfde509e3) beq     a0, t5, pc - 46
core   0: 3 0x80000f64 (0xfde509e3)
core   0: 0x80000f68 (0x000052fd) c.li    t0, -1
core   0: 3 0x80000f68 (0x52fd) x 5 0xffffffff
core   0: 0x80000f6a (0xffb00513) li      a0, -5
core   0: 3 0x80000f6a (0xffb00513) x10 0xfffffffb
core   0: 0x80000f6e (0x03cbc133) div     sp, s7, t3
core   0: 3 0x80000f6e (0x03cbc133) x 2 0x00000001
core   0: 0x80000f72 (0x01300c93) li      s9, 19
core   0: 3 0x80000f72 (0x01300c93) x25 0x00000013
core   0: 0x80000f76 (0x485b6393) ori     t2, s6, 1157
core   0: 3 0x80000f76 (0x485b6393) x 7 0xff8006ed
core   0: 0x80000f7a (0x00008ebd) c.xor   a3, a5
core   0: 3 0x80000f7a (0x8ebd) x13 0x58d10da7
core   0: 0x80000f7c (0x00000509) c.addi  a0, 2
core   0: 3 0x80000f7c (0x0509) x10 0xfffffffd
core   0: 0x80000f7e (0x00008c1a) c.mv    s8, t1
core   0: 3 0x80000f7e (0x8c1a) x24 0x80022e64
core   0: 0x80000f80 (0xffd00093) li      ra, -3
core   0: 3 0x80000f80 (0xffd00093) x 1 0xfffffffd
core   0: 0x80000f84 (0x41ee0ab3) sub     s5, t3, t5
core   0: 3 0x80000f84 (0x41ee0ab3) x21 0xa72ef24c
core   0: 0x80000f88 (0x01100f13) li      t5, 17
core   0: 3 0x80000f88 (0x01100f13) x30 0x00000011
core   0: 0x80000f8c (0x018804b3) add     s1, a6, s8
core   0: 3 0x80000f8c (0x018804b3) x 9 0x00049b48
core   0: 0x80000f90 (0x020ca033) mulhsu  zero, s9, zero
core   0: 3 0x80000f90 (0x020ca033)
core   0: 0x80000f94 (0x00000095) c.addi  ra, 5
core   0: 3 0x80000f94 (0x0095) x 1 0x00000002
core   0: 0x80000f96 (0xffe0cbe3) blt     ra, t5, pc - 10
core   0: 3 0x80000f96 (0xffe0cbe3)
core   0: 0x80000f8c (0x018804b3) add     s1, a6, s8
core   0: 3 0x80000f8c (0x018804b3) x 9 0x00049b48
core   0: 0x80000f90 (0x020ca033) mulhsu  zero, s9, zero
core   0: 3 0x80000f90 (0x020ca033)
core   0: 0x80000f94 (0x00000095) c.addi  ra, 5
core   0: 3 0x80000f94 (0x0095) x 1 0x00000007
core   0: 0x80000f96 (0xffe0cbe3) blt     ra, t5, pc - 10
core   0: 3 0x80000f96 (0xffe0cbe3)
core   0: 0x80000f8c (0x018804b3) add     s1, a6, s8
core   0: 3 0x80000f8c (0x018804b3) x 9 0x00049b48
core   0: 0x80000f90 (0x020ca033) mulhsu  zero, s9, zero
core   0: 3 0x80000f90 (0x020ca033)
core   0: 0x80000f94 (0x00000095) c.addi  ra, 5
core   0: 3 0x80000f94 (0x0095) x 1 0x0000000c
core   0: 0x80000f96 (0xffe0cbe3) blt     ra, t5, pc - 10
core   0: 3 0x80000f96 (0xffe0cbe3)
core   0: 0x80000f8c (0x018804b3) add     s1, a6, s8
core   0: 3 0x80000f8c (0x018804b3) x 9 0x00049b48
core   0: 0x80000f90 (0x020ca033) mulhsu  zero, s9, zero
core   0: 3 0x80000f90 (0x020ca033)
core   0: 0x80000f94 (0x00000095) c.addi  ra, 5
core   0: 3 0x80000f94 (0x0095) x 1 0x00000011
core   0: 0x80000f96 (0xffe0cbe3) blt     ra, t5, pc - 10
core   0: 3 0x80000f96 (0xffe0cbe3)
core   0: 0x80000f9a (0x03344733) div     a4, s0, s3
core   0: 3 0x80000f9a (0x03344733) x14 0x00163443
core   0: 0x80000f9e (0x0117d9b3) srl     s3, a5, a7
core   0: 3 0x80000f9e (0x0117d9b3) x19 0x000a72ef
core   0: 0x80000fa2 (0x00001504) c.addi4spn s1, sp, 672
core   0: 3 0x80000fa2 (0x1504) x 9 0x000002a1
core   0: 0x80000fa4 (0x02387db3) remu    s11, a6, gp
core   0: 3 0x80000fa4 (0x02387db3) x27 0x80026ce4
core   0: 0x80000fa8 (0x0000987d) c.andi  s0, -1
core   0: 3 0x80000fa8 (0x987d) x 8 0xffe9cbbd
core   0: 0x80000faa (0x5a803993) sltiu   s3, zero, 1448
core   0: 3 0x80000faa (0x5a803993) x19 0x00000001
core   0: 0x80000fae (0x02408133) mul     sp, ra, tp
core   0: 3 0x80000fae (0x02408133) x 2 0x00000000
core   0: 0x80000fb2 (0x0000177d) c.addi  a4, -1
core   0: 3 0x80000fb2 (0x177d) x14 0x00163442
core   0: 0x80000fb4 (0xfd9541e3) blt     a0, s9, pc - 62
core   0: 3 0x80000fb4 (0xfd9541e3)
core   0: 0x80000f76 (0x485b6393) ori     t2, s6, 1157
core   0: 3 0x80000f76 (0x485b6393) x 7 0xff8006ed
core   0: 0x80000f7a (0x00008ebd) c.xor   a3, a5
core   0: 3 0x80000f7a (0x8ebd) x13 0xfffffff8
core   0: 0x80000f7c (0x00000509) c.addi  a0, 2
core   0: 3 0x80000f7c (0x0509) x10 0xffffffff
core   0: 0x80000f7e (0x00008c1a) c.mv    s8, t1
core   0: 3 0x80000f7e (0x8c1a) x24 0x80022e64
core   0: 0x80000f80 (0xffd00093) li      ra, -3
core   0: 3 0x80000f80 (0xffd00093) x 1 0xfffffffd
core   0: 0x80000f84 (0x41ee0ab3) sub     s5, t3, t5
core   0: 3 0x80000f84 (0x41ee0ab3) x21 0xa72ef24d
core   0: 0x80000f88 (0x01100f13) li      t5, 17
core   0: 3 0x80000f88 (0x01100f13) x30 0x00000011
core   0: 0x80000f8c (0x018804b3) add     s1, a6, s8
core   0: 3 0x80000f8c (0x018804b3) x 9 0x00049b48
core   0: 0x80000f90 (0x020ca033) mulhsu  zero, s9, zero
core   0: 3 0x80000f90 (0x020ca033)
core   0: 0x80000f94 (0x00000095) c.addi  ra, 5
core   0: 3 0x80000f94 (0x0095) x 1 0x00000002
core   0: 0x80000f96 (0xffe0cbe3) blt     ra, t5, pc - 10
core   0: 3 0x80000f96 (0xffe0cbe3)
core   0: 0x80000f8c (0x018804b3) add     s1, a6, s8
core   0: 3 0x80000f8c (0x018804b3) x 9 0x00049b48
core   0: 0x80000f90 (0x020ca033) mulhsu  zero, s9, zero
core   0: 3 0x80000f90 (0x020ca033)
core   0: 0x80000f94 (0x00000095) c.addi  ra, 5
core   0: 3 0x80000f94 (0x0095) x 1 0x00000007
core   0: 0x80000f96 (0xffe0cbe3) blt     ra, t5, pc - 10
core   0: 3 0x80000f96 (0xffe0cbe3)
core   0: 0x80000f8c (0x018804b3) add     s1, a6, s8
core   0: 3 0x80000f8c (0x018804b3) x 9 0x00049b48
core   0: 0x80000f90 (0x020ca033) mulhsu  zero, s9, zero
core   0: 3 0x80000f90 (0x020ca033)
core   0: 0x80000f94 (0x00000095) c.addi  ra, 5
core   0: 3 0x80000f94 (0x0095) x 1 0x0000000c
core   0: 0x80000f96 (0xffe0cbe3) blt     ra, t5, pc - 10
core   0: 3 0x80000f96 (0xffe0cbe3)
core   0: 0x80000f8c (0x018804b3) add     s1, a6, s8
core   0: 3 0x80000f8c (0x018804b3) x 9 0x00049b48
core   0: 0x80000f90 (0x020ca033) mulhsu  zero, s9, zero
core   0: 3 0x80000f90 (0x020ca033)
core   0: 0x80000f94 (0x00000095) c.addi  ra, 5
core   0: 3 0x80000f94 (0x0095) x 1 0x00000011
core   0: 0x80000f96 (0xffe0cbe3) blt     ra, t5, pc - 10
core   0: 3 0x80000f96 (0xffe0cbe3)
core   0: 0x80000f9a (0x03344733) div     a4, s0, s3
core   0: 3 0x80000f9a (0x03344733) x14 0xffe9cbbd
core   0: 0x80000f9e (0x0117d9b3) srl     s3, a5, a7
core   0: 3 0x80000f9e (0x0117d9b3) x19 0x000a72ef
core   0: 0x80000fa2 (0x00001504) c.addi4spn s1, sp, 672
core   0: 3 0x80000fa2 (0x1504) x 9 0x000002a0
core   0: 0x80000fa4 (0x02387db3) remu    s11, a6, gp
core   0: 3 0x80000fa4 (0x02387db3) x27 0x80026ce4
core   0: 0x80000fa8 (0x0000987d) c.andi  s0, -1
core   0: 3 0x80000fa8 (0x987d) x 8 0xffe9cbbd
core   0: 0x80000faa (0x5a803993) sltiu   s3, zero, 1448
core   0: 3 0x80000faa (0x5a803993) x19 0x00000001
core   0: 0x80000fae (0x02408133) mul     sp, ra, tp
core   0: 3 0x80000fae (0x02408133) x 2 0x00000000
core   0: 0x80000fb2 (0x0000177d) c.addi  a4, -1
core   0: 3 0x80000fb2 (0x177d) x14 0xffe9cbbc
core   0: 0x80000fb4 (0xfd9541e3) blt     a0, s9, pc - 62
core   0: 3 0x80000fb4 (0xfd9541e3)
core   0: 0x80000f76 (0x485b6393) ori     t2, s6, 1157
core   0: 3 0x80000f76 (0x485b6393) x 7 0xff8006ed
core   0: 0x80000f7a (0x00008ebd) c.xor   a3, a5
core   0: 3 0x80000f7a (0x8ebd) x13 0x58d10da7
core   0: 0x80000f7c (0x00000509) c.addi  a0, 2
core   0: 3 0x80000f7c (0x0509) x10 0x00000001
core   0: 0x80000f7e (0x00008c1a) c.mv    s8, t1
core   0: 3 0x80000f7e (0x8c1a) x24 0x80022e64
core   0: 0x80000f80 (0xffd00093) li      ra, -3
core   0: 3 0x80000f80 (0xffd00093) x 1 0xfffffffd
core   0: 0x80000f84 (0x41ee0ab3) sub     s5, t3, t5
core   0: 3 0x80000f84 (0x41ee0ab3) x21 0xa72ef24d
core   0: 0x80000f88 (0x01100f13) li      t5, 17
core   0: 3 0x80000f88 (0x01100f13) x30 0x00000011
core   0: 0x80000f8c (0x018804b3) add     s1, a6, s8
core   0: 3 0x80000f8c (0x018804b3) x 9 0x00049b48
core   0: 0x80000f90 (0x020ca033) mulhsu  zero, s9, zero
core   0: 3 0x80000f90 (0x020ca033)
core   0: 0x80000f94 (0x00000095) c.addi  ra, 5
core   0: 3 0x80000f94 (0x0095) x 1 0x00000002
core   0: 0x80000f96 (0xffe0cbe3) blt     ra, t5, pc - 10
core   0: 3 0x80000f96 (0xffe0cbe3)
core   0: 0x80000f8c (0x018804b3) add     s1, a6, s8
core   0: 3 0x80000f8c (0x018804b3) x 9 0x00049b48
core   0: 0x80000f90 (0x020ca033) mulhsu  zero, s9, zero
core   0: 3 0x80000f90 (0x020ca033)
core   0: 0x80000f94 (0x00000095) c.addi  ra, 5
core   0: 3 0x80000f94 (0x0095) x 1 0x00000007
core   0: 0x80000f96 (0xffe0cbe3) blt     ra, t5, pc - 10
core   0: 3 0x80000f96 (0xffe0cbe3)
core   0: 0x80000f8c (0x018804b3) add     s1, a6, s8
core   0: 3 0x80000f8c (0x018804b3) x 9 0x00049b48
core   0: 0x80000f90 (0x020ca033) mulhsu  zero, s9, zero
core   0: 3 0x80000f90 (0x020ca033)
core   0: 0x80000f94 (0x00000095) c.addi  ra, 5
core   0: 3 0x80000f94 (0x0095) x 1 0x0000000c
core   0: 0x80000f96 (0xffe0cbe3) blt     ra, t5, pc - 10
core   0: 3 0x80000f96 (0xffe0cbe3)
core   0: 0x80000f8c (0x018804b3) add     s1, a6, s8
core   0: 3 0x80000f8c (0x018804b3) x 9 0x00049b48
core   0: 0x80000f90 (0x020ca033) mulhsu  zero, s9, zero
core   0: 3 0x80000f90 (0x020ca033)
core   0: 0x80000f94 (0x00000095) c.addi  ra, 5
core   0: 3 0x80000f94 (0x0095) x 1 0x00000011
core   0: 0x80000f96 (0xffe0cbe3) blt     ra, t5, pc - 10
core   0: 3 0x80000f96 (0xffe0cbe3)
core   0: 0x80000f9a (0x03344733) div     a4, s0, s3
core   0: 3 0x80000f9a (0x03344733) x14 0xffe9cbbd
core   0: 0x80000f9e (0x0117d9b3) srl     s3, a5, a7
core   0: 3 0x80000f9e (0x0117d9b3) x19 0x000a72ef
core   0: 0x80000fa2 (0x00001504) c.addi4spn s1, sp, 672
core   0: 3 0x80000fa2 (0x1504) x 9 0x000002a0
core   0: 0x80000fa4 (0x02387db3) remu    s11, a6, gp
core   0: 3 0x80000fa4 (0x02387db3) x27 0x80026ce4
core   0: 0x80000fa8 (0x0000987d) c.andi  s0, -1
core   0: 3 0x80000fa8 (0x987d) x 8 0xffe9cbbd
core   0: 0x80000faa (0x5a803993) sltiu   s3, zero, 1448
core   0: 3 0x80000faa (0x5a803993) x19 0x00000001
core   0: 0x80000fae (0x02408133) mul     sp, ra, tp
core   0: 3 0x80000fae (0x02408133) x 2 0x00000000
core   0: 0x80000fb2 (0x0000177d) c.addi  a4, -1
core   0: 3 0x80000fb2 (0x177d) x14 0xffe9cbbc
core   0: 0x80000fb4 (0xfd9541e3) blt     a0, s9, pc - 62
core   0: 3 0x80000fb4 (0xfd9541e3)
core   0: 0x80000f76 (0x485b6393) ori     t2, s6, 1157
core   0: 3 0x80000f76 (0x485b6393) x 7 0xff8006ed
core   0: 0x80000f7a (0x00008ebd) c.xor   a3, a5
core   0: 3 0x80000f7a (0x8ebd) x13 0xfffffff8
core   0: 0x80000f7c (0x00000509) c.addi  a0, 2
core   0: 3 0x80000f7c (0x0509) x10 0x00000003
core   0: 0x80000f7e (0x00008c1a) c.mv    s8, t1
core   0: 3 0x80000f7e (0x8c1a) x24 0x80022e64
core   0: 0x80000f80 (0xffd00093) li      ra, -3
core   0: 3 0x80000f80 (0xffd00093) x 1 0xfffffffd
core   0: 0x80000f84 (0x41ee0ab3) sub     s5, t3, t5
core   0: 3 0x80000f84 (0x41ee0ab3) x21 0xa72ef24d
core   0: 0x80000f88 (0x01100f13) li      t5, 17
core   0: 3 0x80000f88 (0x01100f13) x30 0x00000011
core   0: 0x80000f8c (0x018804b3) add     s1, a6, s8
core   0: 3 0x80000f8c (0x018804b3) x 9 0x00049b48
core   0: 0x80000f90 (0x020ca033) mulhsu  zero, s9, zero
core   0: 3 0x80000f90 (0x020ca033)
core   0: 0x80000f94 (0x00000095) c.addi  ra, 5
core   0: 3 0x80000f94 (0x0095) x 1 0x00000002
core   0: 0x80000f96 (0xffe0cbe3) blt     ra, t5, pc - 10
core   0: 3 0x80000f96 (0xffe0cbe3)
core   0: 0x80000f8c (0x018804b3) add     s1, a6, s8
core   0: 3 0x80000f8c (0x018804b3) x 9 0x00049b48
core   0: 0x80000f90 (0x020ca033) mulhsu  zero, s9, zero
core   0: 3 0x80000f90 (0x020ca033)
core   0: 0x80000f94 (0x00000095) c.addi  ra, 5
core   0: 3 0x80000f94 (0x0095) x 1 0x00000007
core   0: 0x80000f96 (0xffe0cbe3) blt     ra, t5, pc - 10
core   0: 3 0x80000f96 (0xffe0cbe3)
core   0: 0x80000f8c (0x018804b3) add     s1, a6, s8
core   0: 3 0x80000f8c (0x018804b3) x 9 0x00049b48
core   0: 0x80000f90 (0x020ca033) mulhsu  zero, s9, zero
core   0: 3 0x80000f90 (0x020ca033)
core   0: 0x80000f94 (0x00000095) c.addi  ra, 5
core   0: 3 0x80000f94 (0x0095) x 1 0x0000000c
core   0: 0x80000f96 (0xffe0cbe3) blt     ra, t5, pc - 10
core   0: 3 0x80000f96 (0xffe0cbe3)
core   0: 0x80000f8c (0x018804b3) add     s1, a6, s8
core   0: 3 0x80000f8c (0x018804b3) x 9 0x00049b48
core   0: 0x80000f90 (0x020ca033) mulhsu  zero, s9, zero
core   0: 3 0x80000f90 (0x020ca033)
core   0: 0x80000f94 (0x00000095) c.addi  ra, 5
core   0: 3 0x80000f94 (0x0095) x 1 0x00000011
core   0: 0x80000f96 (0xffe0cbe3) blt     ra, t5, pc - 10
core   0: 3 0x80000f96 (0xffe0cbe3)
core   0: 0x80000f9a (0x03344733) div     a4, s0, s3
core   0: 3 0x80000f9a (0x03344733) x14 0xffe9cbbd
core   0: 0x80000f9e (0x0117d9b3) srl     s3, a5, a7
core   0: 3 0x80000f9e (0x0117d9b3) x19 0x000a72ef
core   0: 0x80000fa2 (0x00001504) c.addi4spn s1, sp, 672
core   0: 3 0x80000fa2 (0x1504) x 9 0x000002a0
core   0: 0x80000fa4 (0x02387db3) remu    s11, a6, gp
core   0: 3 0x80000fa4 (0x02387db3) x27 0x80026ce4
core   0: 0x80000fa8 (0x0000987d) c.andi  s0, -1
core   0: 3 0x80000fa8 (0x987d) x 8 0xffe9cbbd
core   0: 0x80000faa (0x5a803993) sltiu   s3, zero, 1448
core   0: 3 0x80000faa (0x5a803993) x19 0x00000001
core   0: 0x80000fae (0x02408133) mul     sp, ra, tp
core   0: 3 0x80000fae (0x02408133) x 2 0x00000000
core   0: 0x80000fb2 (0x0000177d) c.addi  a4, -1
core   0: 3 0x80000fb2 (0x177d) x14 0xffe9cbbc
core   0: 0x80000fb4 (0xfd9541e3) blt     a0, s9, pc - 62
core   0: 3 0x80000fb4 (0xfd9541e3)
core   0: 0x80000f76 (0x485b6393) ori     t2, s6, 1157
core   0: 3 0x80000f76 (0x485b6393) x 7 0xff8006ed
core   0: 0x80000f7a (0x00008ebd) c.xor   a3, a5
core   0: 3 0x80000f7a (0x8ebd) x13 0x58d10da7
core   0: 0x80000f7c (0x00000509) c.addi  a0, 2
core   0: 3 0x80000f7c (0x0509) x10 0x00000005
core   0: 0x80000f7e (0x00008c1a) c.mv    s8, t1
core   0: 3 0x80000f7e (0x8c1a) x24 0x80022e64
core   0: 0x80000f80 (0xffd00093) li      ra, -3
core   0: 3 0x80000f80 (0xffd00093) x 1 0xfffffffd
core   0: 0x80000f84 (0x41ee0ab3) sub     s5, t3, t5
core   0: 3 0x80000f84 (0x41ee0ab3) x21 0xa72ef24d
core   0: 0x80000f88 (0x01100f13) li      t5, 17
core   0: 3 0x80000f88 (0x01100f13) x30 0x00000011
core   0: 0x80000f8c (0x018804b3) add     s1, a6, s8
core   0: 3 0x80000f8c (0x018804b3) x 9 0x00049b48
core   0: 0x80000f90 (0x020ca033) mulhsu  zero, s9, zero
core   0: 3 0x80000f90 (0x020ca033)
core   0: 0x80000f94 (0x00000095) c.addi  ra, 5
core   0: 3 0x80000f94 (0x0095) x 1 0x00000002
core   0: 0x80000f96 (0xffe0cbe3) blt     ra, t5, pc - 10
core   0: 3 0x80000f96 (0xffe0cbe3)
core   0: 0x80000f8c (0x018804b3) add     s1, a6, s8
core   0: 3 0x80000f8c (0x018804b3) x 9 0x00049b48
core   0: 0x80000f90 (0x020ca033) mulhsu  zero, s9, zero
core   0: 3 0x80000f90 (0x020ca033)
core   0: 0x80000f94 (0x00000095) c.addi  ra, 5
core   0: 3 0x80000f94 (0x0095) x 1 0x00000007
core   0: 0x80000f96 (0xffe0cbe3) blt     ra, t5, pc - 10
core   0: 3 0x80000f96 (0xffe0cbe3)
core   0: 0x80000f8c (0x018804b3) add     s1, a6, s8
core   0: 3 0x80000f8c (0x018804b3) x 9 0x00049b48
core   0: 0x80000f90 (0x020ca033) mulhsu  zero, s9, zero
core   0: 3 0x80000f90 (0x020ca033)
core   0: 0x80000f94 (0x00000095) c.addi  ra, 5
core   0: 3 0x80000f94 (0x0095) x 1 0x0000000c
core   0: 0x80000f96 (0xffe0cbe3) blt     ra, t5, pc - 10
core   0: 3 0x80000f96 (0xffe0cbe3)
core   0: 0x80000f8c (0x018804b3) add     s1, a6, s8
core   0: 3 0x80000f8c (0x018804b3) x 9 0x00049b48
core   0: 0x80000f90 (0x020ca033) mulhsu  zero, s9, zero
core   0: 3 0x80000f90 (0x020ca033)
core   0: 0x80000f94 (0x00000095) c.addi  ra, 5
core   0: 3 0x80000f94 (0x0095) x 1 0x00000011
core   0: 0x80000f96 (0xffe0cbe3) blt     ra, t5, pc - 10
core   0: 3 0x80000f96 (0xffe0cbe3)
core   0: 0x80000f9a (0x03344733) div     a4, s0, s3
core   0: 3 0x80000f9a (0x03344733) x14 0xffe9cbbd
core   0: 0x80000f9e (0x0117d9b3) srl     s3, a5, a7
core   0: 3 0x80000f9e (0x0117d9b3) x19 0x000a72ef
core   0: 0x80000fa2 (0x00001504) c.addi4spn s1, sp, 672
core   0: 3 0x80000fa2 (0x1504) x 9 0x000002a0
core   0: 0x80000fa4 (0x02387db3) remu    s11, a6, gp
core   0: 3 0x80000fa4 (0x02387db3) x27 0x80026ce4
core   0: 0x80000fa8 (0x0000987d) c.andi  s0, -1
core   0: 3 0x80000fa8 (0x987d) x 8 0xffe9cbbd
core   0: 0x80000faa (0x5a803993) sltiu   s3, zero, 1448
core   0: 3 0x80000faa (0x5a803993) x19 0x00000001
core   0: 0x80000fae (0x02408133) mul     sp, ra, tp
core   0: 3 0x80000fae (0x02408133) x 2 0x00000000
core   0: 0x80000fb2 (0x0000177d) c.addi  a4, -1
core   0: 3 0x80000fb2 (0x177d) x14 0xffe9cbbc
core   0: 0x80000fb4 (0xfd9541e3) blt     a0, s9, pc - 62
core   0: 3 0x80000fb4 (0xfd9541e3)
core   0: 0x80000f76 (0x485b6393) ori     t2, s6, 1157
core   0: 3 0x80000f76 (0x485b6393) x 7 0xff8006ed
core   0: 0x80000f7a (0x00008ebd) c.xor   a3, a5
core   0: 3 0x80000f7a (0x8ebd) x13 0xfffffff8
core   0: 0x80000f7c (0x00000509) c.addi  a0, 2
core   0: 3 0x80000f7c (0x0509) x10 0x00000007
core   0: 0x80000f7e (0x00008c1a) c.mv    s8, t1
core   0: 3 0x80000f7e (0x8c1a) x24 0x80022e64
core   0: 0x80000f80 (0xffd00093) li      ra, -3
core   0: 3 0x80000f80 (0xffd00093) x 1 0xfffffffd
core   0: 0x80000f84 (0x41ee0ab3) sub     s5, t3, t5
core   0: 3 0x80000f84 (0x41ee0ab3) x21 0xa72ef24d
core   0: 0x80000f88 (0x01100f13) li      t5, 17
core   0: 3 0x80000f88 (0x01100f13) x30 0x00000011
core   0: 0x80000f8c (0x018804b3) add     s1, a6, s8
core   0: 3 0x80000f8c (0x018804b3) x 9 0x00049b48
core   0: 0x80000f90 (0x020ca033) mulhsu  zero, s9, zero
core   0: 3 0x80000f90 (0x020ca033)
core   0: 0x80000f94 (0x00000095) c.addi  ra, 5
core   0: 3 0x80000f94 (0x0095) x 1 0x00000002
core   0: 0x80000f96 (0xffe0cbe3) blt     ra, t5, pc - 10
core   0: 3 0x80000f96 (0xffe0cbe3)
core   0: 0x80000f8c (0x018804b3) add     s1, a6, s8
core   0: 3 0x80000f8c (0x018804b3) x 9 0x00049b48
core   0: 0x80000f90 (0x020ca033) mulhsu  zero, s9, zero
core   0: 3 0x80000f90 (0x020ca033)
core   0: 0x80000f94 (0x00000095) c.addi  ra, 5
core   0: 3 0x80000f94 (0x0095) x 1 0x00000007
core   0: 0x80000f96 (0xffe0cbe3) blt     ra, t5, pc - 10
core   0: 3 0x80000f96 (0xffe0cbe3)
core   0: 0x80000f8c (0x018804b3) add     s1, a6, s8
core   0: 3 0x80000f8c (0x018804b3) x 9 0x00049b48
core   0: 0x80000f90 (0x020ca033) mulhsu  zero, s9, zero
core   0: 3 0x80000f90 (0x020ca033)
core   0: 0x80000f94 (0x00000095) c.addi  ra, 5
core   0: 3 0x80000f94 (0x0095) x 1 0x0000000c
core   0: 0x80000f96 (0xffe0cbe3) blt     ra, t5, pc - 10
core   0: 3 0x80000f96 (0xffe0cbe3)
core   0: 0x80000f8c (0x018804b3) add     s1, a6, s8
core   0: 3 0x80000f8c (0x018804b3) x 9 0x00049b48
core   0: 0x80000f90 (0x020ca033) mulhsu  zero, s9, zero
core   0: 3 0x80000f90 (0x020ca033)
core   0: 0x80000f94 (0x00000095) c.addi  ra, 5
core   0: 3 0x80000f94 (0x0095) x 1 0x00000011
core   0: 0x80000f96 (0xffe0cbe3) blt     ra, t5, pc - 10
core   0: 3 0x80000f96 (0xffe0cbe3)
core   0: 0x80000f9a (0x03344733) div     a4, s0, s3
core   0: 3 0x80000f9a (0x03344733) x14 0xffe9cbbd
core   0: 0x80000f9e (0x0117d9b3) srl     s3, a5, a7
core   0: 3 0x80000f9e (0x0117d9b3) x19 0x000a72ef
core   0: 0x80000fa2 (0x00001504) c.addi4spn s1, sp, 672
core   0: 3 0x80000fa2 (0x1504) x 9 0x000002a0
core   0: 0x80000fa4 (0x02387db3) remu    s11, a6, gp
core   0: 3 0x80000fa4 (0x02387db3) x27 0x80026ce4
core   0: 0x80000fa8 (0x0000987d) c.andi  s0, -1
core   0: 3 0x80000fa8 (0x987d) x 8 0xffe9cbbd
core   0: 0x80000faa (0x5a803993) sltiu   s3, zero, 1448
core   0: 3 0x80000faa (0x5a803993) x19 0x00000001
core   0: 0x80000fae (0x02408133) mul     sp, ra, tp
core   0: 3 0x80000fae (0x02408133) x 2 0x00000000
core   0: 0x80000fb2 (0x0000177d) c.addi  a4, -1
core   0: 3 0x80000fb2 (0x177d) x14 0xffe9cbbc
core   0: 0x80000fb4 (0xfd9541e3) blt     a0, s9, pc - 62
core   0: 3 0x80000fb4 (0xfd9541e3)
core   0: 0x80000f76 (0x485b6393) ori     t2, s6, 1157
core   0: 3 0x80000f76 (0x485b6393) x 7 0xff8006ed
core   0: 0x80000f7a (0x00008ebd) c.xor   a3, a5
core   0: 3 0x80000f7a (0x8ebd) x13 0x58d10da7
core   0: 0x80000f7c (0x00000509) c.addi  a0, 2
core   0: 3 0x80000f7c (0x0509) x10 0x00000009
core   0: 0x80000f7e (0x00008c1a) c.mv    s8, t1
core   0: 3 0x80000f7e (0x8c1a) x24 0x80022e64
core   0: 0x80000f80 (0xffd00093) li      ra, -3
core   0: 3 0x80000f80 (0xffd00093) x 1 0xfffffffd
core   0: 0x80000f84 (0x41ee0ab3) sub     s5, t3, t5
core   0: 3 0x80000f84 (0x41ee0ab3) x21 0xa72ef24d
core   0: 0x80000f88 (0x01100f13) li      t5, 17
core   0: 3 0x80000f88 (0x01100f13) x30 0x00000011
core   0: 0x80000f8c (0x018804b3) add     s1, a6, s8
core   0: 3 0x80000f8c (0x018804b3) x 9 0x00049b48
core   0: 0x80000f90 (0x020ca033) mulhsu  zero, s9, zero
core   0: 3 0x80000f90 (0x020ca033)
core   0: 0x80000f94 (0x00000095) c.addi  ra, 5
core   0: 3 0x80000f94 (0x0095) x 1 0x00000002
core   0: 0x80000f96 (0xffe0cbe3) blt     ra, t5, pc - 10
core   0: 3 0x80000f96 (0xffe0cbe3)
core   0: 0x80000f8c (0x018804b3) add     s1, a6, s8
core   0: 3 0x80000f8c (0x018804b3) x 9 0x00049b48
core   0: 0x80000f90 (0x020ca033) mulhsu  zero, s9, zero
core   0: 3 0x80000f90 (0x020ca033)
core   0: 0x80000f94 (0x00000095) c.addi  ra, 5
core   0: 3 0x80000f94 (0x0095) x 1 0x00000007
core   0: 0x80000f96 (0xffe0cbe3) blt     ra, t5, pc - 10
core   0: 3 0x80000f96 (0xffe0cbe3)
core   0: 0x80000f8c (0x018804b3) add     s1, a6, s8
core   0: 3 0x80000f8c (0x018804b3) x 9 0x00049b48
core   0: 0x80000f90 (0x020ca033) mulhsu  zero, s9, zero
core   0: 3 0x80000f90 (0x020ca033)
core   0: 0x80000f94 (0x00000095) c.addi  ra, 5
core   0: 3 0x80000f94 (0x0095) x 1 0x0000000c
core   0: 0x80000f96 (0xffe0cbe3) blt     ra, t5, pc - 10
core   0: 3 0x80000f96 (0xffe0cbe3)
core   0: 0x80000f8c (0x018804b3) add     s1, a6, s8
core   0: 3 0x80000f8c (0x018804b3) x 9 0x00049b48
core   0: 0x80000f90 (0x020ca033) mulhsu  zero, s9, zero
core   0: 3 0x80000f90 (0x020ca033)
core   0: 0x80000f94 (0x00000095) c.addi  ra, 5
core   0: 3 0x80000f94 (0x0095) x 1 0x00000011
core   0: 0x80000f96 (0xffe0cbe3) blt     ra, t5, pc - 10
core   0: 3 0x80000f96 (0xffe0cbe3)
core   0: 0x80000f9a (0x03344733) div     a4, s0, s3
core   0: 3 0x80000f9a (0x03344733) x14 0xffe9cbbd
core   0: 0x80000f9e (0x0117d9b3) srl     s3, a5, a7
core   0: 3 0x80000f9e (0x0117d9b3) x19 0x000a72ef
core   0: 0x80000fa2 (0x00001504) c.addi4spn s1, sp, 672
core   0: 3 0x80000fa2 (0x1504) x 9 0x000002a0
core   0: 0x80000fa4 (0x02387db3) remu    s11, a6, gp
core   0: 3 0x80000fa4 (0x02387db3) x27 0x80026ce4
core   0: 0x80000fa8 (0x0000987d) c.andi  s0, -1
core   0: 3 0x80000fa8 (0x987d) x 8 0xffe9cbbd
core   0: 0x80000faa (0x5a803993) sltiu   s3, zero, 1448
core   0: 3 0x80000faa (0x5a803993) x19 0x00000001
core   0: 0x80000fae (0x02408133) mul     sp, ra, tp
core   0: 3 0x80000fae (0x02408133) x 2 0x00000000
core   0: 0x80000fb2 (0x0000177d) c.addi  a4, -1
core   0: 3 0x80000fb2 (0x177d) x14 0xffe9cbbc
core   0: 0x80000fb4 (0xfd9541e3) blt     a0, s9, pc - 62
core   0: 3 0x80000fb4 (0xfd9541e3)
core   0: 0x80000f76 (0x485b6393) ori     t2, s6, 1157
core   0: 3 0x80000f76 (0x485b6393) x 7 0xff8006ed
core   0: 0x80000f7a (0x00008ebd) c.xor   a3, a5
core   0: 3 0x80000f7a (0x8ebd) x13 0xfffffff8
core   0: 0x80000f7c (0x00000509) c.addi  a0, 2
core   0: 3 0x80000f7c (0x0509) x10 0x0000000b
core   0: 0x80000f7e (0x00008c1a) c.mv    s8, t1
core   0: 3 0x80000f7e (0x8c1a) x24 0x80022e64
core   0: 0x80000f80 (0xffd00093) li      ra, -3
core   0: 3 0x80000f80 (0xffd00093) x 1 0xfffffffd
core   0: 0x80000f84 (0x41ee0ab3) sub     s5, t3, t5
core   0: 3 0x80000f84 (0x41ee0ab3) x21 0xa72ef24d
core   0: 0x80000f88 (0x01100f13) li      t5, 17
core   0: 3 0x80000f88 (0x01100f13) x30 0x00000011
core   0: 0x80000f8c (0x018804b3) add     s1, a6, s8
core   0: 3 0x80000f8c (0x018804b3) x 9 0x00049b48
core   0: 0x80000f90 (0x020ca033) mulhsu  zero, s9, zero
core   0: 3 0x80000f90 (0x020ca033)
core   0: 0x80000f94 (0x00000095) c.addi  ra, 5
core   0: 3 0x80000f94 (0x0095) x 1 0x00000002
core   0: 0x80000f96 (0xffe0cbe3) blt     ra, t5, pc - 10
core   0: 3 0x80000f96 (0xffe0cbe3)
core   0: 0x80000f8c (0x018804b3) add     s1, a6, s8
core   0: 3 0x80000f8c (0x018804b3) x 9 0x00049b48
core   0: 0x80000f90 (0x020ca033) mulhsu  zero, s9, zero
core   0: 3 0x80000f90 (0x020ca033)
core   0: 0x80000f94 (0x00000095) c.addi  ra, 5
core   0: 3 0x80000f94 (0x0095) x 1 0x00000007
core   0: 0x80000f96 (0xffe0cbe3) blt     ra, t5, pc - 10
core   0: 3 0x80000f96 (0xffe0cbe3)
core   0: 0x80000f8c (0x018804b3) add     s1, a6, s8
core   0: 3 0x80000f8c (0x018804b3) x 9 0x00049b48
core   0: 0x80000f90 (0x020ca033) mulhsu  zero, s9, zero
core   0: 3 0x80000f90 (0x020ca033)
core   0: 0x80000f94 (0x00000095) c.addi  ra, 5
core   0: 3 0x80000f94 (0x0095) x 1 0x0000000c
core   0: 0x80000f96 (0xffe0cbe3) blt     ra, t5, pc - 10
core   0: 3 0x80000f96 (0xffe0cbe3)
core   0: 0x80000f8c (0x018804b3) add     s1, a6, s8
core   0: 3 0x80000f8c (0x018804b3) x 9 0x00049b48
core   0: 0x80000f90 (0x020ca033) mulhsu  zero, s9, zero
core   0: 3 0x80000f90 (0x020ca033)
core   0: 0x80000f94 (0x00000095) c.addi  ra, 5
core   0: 3 0x80000f94 (0x0095) x 1 0x00000011
core   0: 0x80000f96 (0xffe0cbe3) blt     ra, t5, pc - 10
core   0: 3 0x80000f96 (0xffe0cbe3)
core   0: 0x80000f9a (0x03344733) div     a4, s0, s3
core   0: 3 0x80000f9a (0x03344733) x14 0xffe9cbbd
core   0: 0x80000f9e (0x0117d9b3) srl     s3, a5, a7
core   0: 3 0x80000f9e (0x0117d9b3) x19 0x000a72ef
core   0: 0x80000fa2 (0x00001504) c.addi4spn s1, sp, 672
core   0: 3 0x80000fa2 (0x1504) x 9 0x000002a0
core   0: 0x80000fa4 (0x02387db3) remu    s11, a6, gp
core   0: 3 0x80000fa4 (0x02387db3) x27 0x80026ce4
core   0: 0x80000fa8 (0x0000987d) c.andi  s0, -1
core   0: 3 0x80000fa8 (0x987d) x 8 0xffe9cbbd
core   0: 0x80000faa (0x5a803993) sltiu   s3, zero, 1448
core   0: 3 0x80000faa (0x5a803993) x19 0x00000001
core   0: 0x80000fae (0x02408133) mul     sp, ra, tp
core   0: 3 0x80000fae (0x02408133) x 2 0x00000000
core   0: 0x80000fb2 (0x0000177d) c.addi  a4, -1
core   0: 3 0x80000fb2 (0x177d) x14 0xffe9cbbc
core   0: 0x80000fb4 (0xfd9541e3) blt     a0, s9, pc - 62
core   0: 3 0x80000fb4 (0xfd9541e3)
core   0: 0x80000f76 (0x485b6393) ori     t2, s6, 1157
core   0: 3 0x80000f76 (0x485b6393) x 7 0xff8006ed
core   0: 0x80000f7a (0x00008ebd) c.xor   a3, a5
core   0: 3 0x80000f7a (0x8ebd) x13 0x58d10da7
core   0: 0x80000f7c (0x00000509) c.addi  a0, 2
core   0: 3 0x80000f7c (0x0509) x10 0x0000000d
core   0: 0x80000f7e (0x00008c1a) c.mv    s8, t1
core   0: 3 0x80000f7e (0x8c1a) x24 0x80022e64
core   0: 0x80000f80 (0xffd00093) li      ra, -3
core   0: 3 0x80000f80 (0xffd00093) x 1 0xfffffffd
core   0: 0x80000f84 (0x41ee0ab3) sub     s5, t3, t5
core   0: 3 0x80000f84 (0x41ee0ab3) x21 0xa72ef24d
core   0: 0x80000f88 (0x01100f13) li      t5, 17
core   0: 3 0x80000f88 (0x01100f13) x30 0x00000011
core   0: 0x80000f8c (0x018804b3) add     s1, a6, s8
core   0: 3 0x80000f8c (0x018804b3) x 9 0x00049b48
core   0: 0x80000f90 (0x020ca033) mulhsu  zero, s9, zero
core   0: 3 0x80000f90 (0x020ca033)
core   0: 0x80000f94 (0x00000095) c.addi  ra, 5
core   0: 3 0x80000f94 (0x0095) x 1 0x00000002
core   0: 0x80000f96 (0xffe0cbe3) blt     ra, t5, pc - 10
core   0: 3 0x80000f96 (0xffe0cbe3)
core   0: 0x80000f8c (0x018804b3) add     s1, a6, s8
core   0: 3 0x80000f8c (0x018804b3) x 9 0x00049b48
core   0: 0x80000f90 (0x020ca033) mulhsu  zero, s9, zero
core   0: 3 0x80000f90 (0x020ca033)
core   0: 0x80000f94 (0x00000095) c.addi  ra, 5
core   0: 3 0x80000f94 (0x0095) x 1 0x00000007
core   0: 0x80000f96 (0xffe0cbe3) blt     ra, t5, pc - 10
core   0: 3 0x80000f96 (0xffe0cbe3)
core   0: 0x80000f8c (0x018804b3) add     s1, a6, s8
core   0: 3 0x80000f8c (0x018804b3) x 9 0x00049b48
core   0: 0x80000f90 (0x020ca033) mulhsu  zero, s9, zero
core   0: 3 0x80000f90 (0x020ca033)
core   0: 0x80000f94 (0x00000095) c.addi  ra, 5
core   0: 3 0x80000f94 (0x0095) x 1 0x0000000c
core   0: 0x80000f96 (0xffe0cbe3) blt     ra, t5, pc - 10
core   0: 3 0x80000f96 (0xffe0cbe3)
core   0: 0x80000f8c (0x018804b3) add     s1, a6, s8
core   0: 3 0x80000f8c (0x018804b3) x 9 0x00049b48
core   0: 0x80000f90 (0x020ca033) mulhsu  zero, s9, zero
core   0: 3 0x80000f90 (0x020ca033)
core   0: 0x80000f94 (0x00000095) c.addi  ra, 5
core   0: 3 0x80000f94 (0x0095) x 1 0x00000011
core   0: 0x80000f96 (0xffe0cbe3) blt     ra, t5, pc - 10
core   0: 3 0x80000f96 (0xffe0cbe3)
core   0: 0x80000f9a (0x03344733) div     a4, s0, s3
core   0: 3 0x80000f9a (0x03344733) x14 0xffe9cbbd
core   0: 0x80000f9e (0x0117d9b3) srl     s3, a5, a7
core   0: 3 0x80000f9e (0x0117d9b3) x19 0x000a72ef
core   0: 0x80000fa2 (0x00001504) c.addi4spn s1, sp, 672
core   0: 3 0x80000fa2 (0x1504) x 9 0x000002a0
core   0: 0x80000fa4 (0x02387db3) remu    s11, a6, gp
core   0: 3 0x80000fa4 (0x02387db3) x27 0x80026ce4
core   0: 0x80000fa8 (0x0000987d) c.andi  s0, -1
core   0: 3 0x80000fa8 (0x987d) x 8 0xffe9cbbd
core   0: 0x80000faa (0x5a803993) sltiu   s3, zero, 1448
core   0: 3 0x80000faa (0x5a803993) x19 0x00000001
core   0: 0x80000fae (0x02408133) mul     sp, ra, tp
core   0: 3 0x80000fae (0x02408133) x 2 0x00000000
core   0: 0x80000fb2 (0x0000177d) c.addi  a4, -1
core   0: 3 0x80000fb2 (0x177d) x14 0xffe9cbbc
core   0: 0x80000fb4 (0xfd9541e3) blt     a0, s9, pc - 62
core   0: 3 0x80000fb4 (0xfd9541e3)
core   0: 0x80000f76 (0x485b6393) ori     t2, s6, 1157
core   0: 3 0x80000f76 (0x485b6393) x 7 0xff8006ed
core   0: 0x80000f7a (0x00008ebd) c.xor   a3, a5
core   0: 3 0x80000f7a (0x8ebd) x13 0xfffffff8
core   0: 0x80000f7c (0x00000509) c.addi  a0, 2
core   0: 3 0x80000f7c (0x0509) x10 0x0000000f
core   0: 0x80000f7e (0x00008c1a) c.mv    s8, t1
core   0: 3 0x80000f7e (0x8c1a) x24 0x80022e64
core   0: 0x80000f80 (0xffd00093) li      ra, -3
core   0: 3 0x80000f80 (0xffd00093) x 1 0xfffffffd
core   0: 0x80000f84 (0x41ee0ab3) sub     s5, t3, t5
core   0: 3 0x80000f84 (0x41ee0ab3) x21 0xa72ef24d
core   0: 0x80000f88 (0x01100f13) li      t5, 17
core   0: 3 0x80000f88 (0x01100f13) x30 0x00000011
core   0: 0x80000f8c (0x018804b3) add     s1, a6, s8
core   0: 3 0x80000f8c (0x018804b3) x 9 0x00049b48
core   0: 0x80000f90 (0x020ca033) mulhsu  zero, s9, zero
core   0: 3 0x80000f90 (0x020ca033)
core   0: 0x80000f94 (0x00000095) c.addi  ra, 5
core   0: 3 0x80000f94 (0x0095) x 1 0x00000002
core   0: 0x80000f96 (0xffe0cbe3) blt     ra, t5, pc - 10
core   0: 3 0x80000f96 (0xffe0cbe3)
core   0: 0x80000f8c (0x018804b3) add     s1, a6, s8
core   0: 3 0x80000f8c (0x018804b3) x 9 0x00049b48
core   0: 0x80000f90 (0x020ca033) mulhsu  zero, s9, zero
core   0: 3 0x80000f90 (0x020ca033)
core   0: 0x80000f94 (0x00000095) c.addi  ra, 5
core   0: 3 0x80000f94 (0x0095) x 1 0x00000007
core   0: 0x80000f96 (0xffe0cbe3) blt     ra, t5, pc - 10
core   0: 3 0x80000f96 (0xffe0cbe3)
core   0: 0x80000f8c (0x018804b3) add     s1, a6, s8
core   0: 3 0x80000f8c (0x018804b3) x 9 0x00049b48
core   0: 0x80000f90 (0x020ca033) mulhsu  zero, s9, zero
core   0: 3 0x80000f90 (0x020ca033)
core   0: 0x80000f94 (0x00000095) c.addi  ra, 5
core   0: 3 0x80000f94 (0x0095) x 1 0x0000000c
core   0: 0x80000f96 (0xffe0cbe3) blt     ra, t5, pc - 10
core   0: 3 0x80000f96 (0xffe0cbe3)
core   0: 0x80000f8c (0x018804b3) add     s1, a6, s8
core   0: 3 0x80000f8c (0x018804b3) x 9 0x00049b48
core   0: 0x80000f90 (0x020ca033) mulhsu  zero, s9, zero
core   0: 3 0x80000f90 (0x020ca033)
core   0: 0x80000f94 (0x00000095) c.addi  ra, 5
core   0: 3 0x80000f94 (0x0095) x 1 0x00000011
core   0: 0x80000f96 (0xffe0cbe3) blt     ra, t5, pc - 10
core   0: 3 0x80000f96 (0xffe0cbe3)
core   0: 0x80000f9a (0x03344733) div     a4, s0, s3
core   0: 3 0x80000f9a (0x03344733) x14 0xffe9cbbd
core   0: 0x80000f9e (0x0117d9b3) srl     s3, a5, a7
core   0: 3 0x80000f9e (0x0117d9b3) x19 0x000a72ef
core   0: 0x80000fa2 (0x00001504) c.addi4spn s1, sp, 672
core   0: 3 0x80000fa2 (0x1504) x 9 0x000002a0
core   0: 0x80000fa4 (0x02387db3) remu    s11, a6, gp
core   0: 3 0x80000fa4 (0x02387db3) x27 0x80026ce4
core   0: 0x80000fa8 (0x0000987d) c.andi  s0, -1
core   0: 3 0x80000fa8 (0x987d) x 8 0xffe9cbbd
core   0: 0x80000faa (0x5a803993) sltiu   s3, zero, 1448
core   0: 3 0x80000faa (0x5a803993) x19 0x00000001
core   0: 0x80000fae (0x02408133) mul     sp, ra, tp
core   0: 3 0x80000fae (0x02408133) x 2 0x00000000
core   0: 0x80000fb2 (0x0000177d) c.addi  a4, -1
core   0: 3 0x80000fb2 (0x177d) x14 0xffe9cbbc
core   0: 0x80000fb4 (0xfd9541e3) blt     a0, s9, pc - 62
core   0: 3 0x80000fb4 (0xfd9541e3)
core   0: 0x80000f76 (0x485b6393) ori     t2, s6, 1157
core   0: 3 0x80000f76 (0x485b6393) x 7 0xff8006ed
core   0: 0x80000f7a (0x00008ebd) c.xor   a3, a5
core   0: 3 0x80000f7a (0x8ebd) x13 0x58d10da7
core   0: 0x80000f7c (0x00000509) c.addi  a0, 2
core   0: 3 0x80000f7c (0x0509) x10 0x00000011
core   0: 0x80000f7e (0x00008c1a) c.mv    s8, t1
core   0: 3 0x80000f7e (0x8c1a) x24 0x80022e64
core   0: 0x80000f80 (0xffd00093) li      ra, -3
core   0: 3 0x80000f80 (0xffd00093) x 1 0xfffffffd
core   0: 0x80000f84 (0x41ee0ab3) sub     s5, t3, t5
core   0: 3 0x80000f84 (0x41ee0ab3) x21 0xa72ef24d
core   0: 0x80000f88 (0x01100f13) li      t5, 17
core   0: 3 0x80000f88 (0x01100f13) x30 0x00000011
core   0: 0x80000f8c (0x018804b3) add     s1, a6, s8
core   0: 3 0x80000f8c (0x018804b3) x 9 0x00049b48
core   0: 0x80000f90 (0x020ca033) mulhsu  zero, s9, zero
core   0: 3 0x80000f90 (0x020ca033)
core   0: 0x80000f94 (0x00000095) c.addi  ra, 5
core   0: 3 0x80000f94 (0x0095) x 1 0x00000002
core   0: 0x80000f96 (0xffe0cbe3) blt     ra, t5, pc - 10
core   0: 3 0x80000f96 (0xffe0cbe3)
core   0: 0x80000f8c (0x018804b3) add     s1, a6, s8
core   0: 3 0x80000f8c (0x018804b3) x 9 0x00049b48
core   0: 0x80000f90 (0x020ca033) mulhsu  zero, s9, zero
core   0: 3 0x80000f90 (0x020ca033)
core   0: 0x80000f94 (0x00000095) c.addi  ra, 5
core   0: 3 0x80000f94 (0x0095) x 1 0x00000007
core   0: 0x80000f96 (0xffe0cbe3) blt     ra, t5, pc - 10
core   0: 3 0x80000f96 (0xffe0cbe3)
core   0: 0x80000f8c (0x018804b3) add     s1, a6, s8
core   0: 3 0x80000f8c (0x018804b3) x 9 0x00049b48
core   0: 0x80000f90 (0x020ca033) mulhsu  zero, s9, zero
core   0: 3 0x80000f90 (0x020ca033)
core   0: 0x80000f94 (0x00000095) c.addi  ra, 5
core   0: 3 0x80000f94 (0x0095) x 1 0x0000000c
core   0: 0x80000f96 (0xffe0cbe3) blt     ra, t5, pc - 10
core   0: 3 0x80000f96 (0xffe0cbe3)
core   0: 0x80000f8c (0x018804b3) add     s1, a6, s8
core   0: 3 0x80000f8c (0x018804b3) x 9 0x00049b48
core   0: 0x80000f90 (0x020ca033) mulhsu  zero, s9, zero
core   0: 3 0x80000f90 (0x020ca033)
core   0: 0x80000f94 (0x00000095) c.addi  ra, 5
core   0: 3 0x80000f94 (0x0095) x 1 0x00000011
core   0: 0x80000f96 (0xffe0cbe3) blt     ra, t5, pc - 10
core   0: 3 0x80000f96 (0xffe0cbe3)
core   0: 0x80000f9a (0x03344733) div     a4, s0, s3
core   0: 3 0x80000f9a (0x03344733) x14 0xffe9cbbd
core   0: 0x80000f9e (0x0117d9b3) srl     s3, a5, a7
core   0: 3 0x80000f9e (0x0117d9b3) x19 0x000a72ef
core   0: 0x80000fa2 (0x00001504) c.addi4spn s1, sp, 672
core   0: 3 0x80000fa2 (0x1504) x 9 0x000002a0
core   0: 0x80000fa4 (0x02387db3) remu    s11, a6, gp
core   0: 3 0x80000fa4 (0x02387db3) x27 0x80026ce4
core   0: 0x80000fa8 (0x0000987d) c.andi  s0, -1
core   0: 3 0x80000fa8 (0x987d) x 8 0xffe9cbbd
core   0: 0x80000faa (0x5a803993) sltiu   s3, zero, 1448
core   0: 3 0x80000faa (0x5a803993) x19 0x00000001
core   0: 0x80000fae (0x02408133) mul     sp, ra, tp
core   0: 3 0x80000fae (0x02408133) x 2 0x00000000
core   0: 0x80000fb2 (0x0000177d) c.addi  a4, -1
core   0: 3 0x80000fb2 (0x177d) x14 0xffe9cbbc
core   0: 0x80000fb4 (0xfd9541e3) blt     a0, s9, pc - 62
core   0: 3 0x80000fb4 (0xfd9541e3)
core   0: 0x80000f76 (0x485b6393) ori     t2, s6, 1157
core   0: 3 0x80000f76 (0x485b6393) x 7 0xff8006ed
core   0: 0x80000f7a (0x00008ebd) c.xor   a3, a5
core   0: 3 0x80000f7a (0x8ebd) x13 0xfffffff8
core   0: 0x80000f7c (0x00000509) c.addi  a0, 2
core   0: 3 0x80000f7c (0x0509) x10 0x00000013
core   0: 0x80000f7e (0x00008c1a) c.mv    s8, t1
core   0: 3 0x80000f7e (0x8c1a) x24 0x80022e64
core   0: 0x80000f80 (0xffd00093) li      ra, -3
core   0: 3 0x80000f80 (0xffd00093) x 1 0xfffffffd
core   0: 0x80000f84 (0x41ee0ab3) sub     s5, t3, t5
core   0: 3 0x80000f84 (0x41ee0ab3) x21 0xa72ef24d
core   0: 0x80000f88 (0x01100f13) li      t5, 17
core   0: 3 0x80000f88 (0x01100f13) x30 0x00000011
core   0: 0x80000f8c (0x018804b3) add     s1, a6, s8
core   0: 3 0x80000f8c (0x018804b3) x 9 0x00049b48
core   0: 0x80000f90 (0x020ca033) mulhsu  zero, s9, zero
core   0: 3 0x80000f90 (0x020ca033)
core   0: 0x80000f94 (0x00000095) c.addi  ra, 5
core   0: 3 0x80000f94 (0x0095) x 1 0x00000002
core   0: 0x80000f96 (0xffe0cbe3) blt     ra, t5, pc - 10
core   0: 3 0x80000f96 (0xffe0cbe3)
core   0: 0x80000f8c (0x018804b3) add     s1, a6, s8
core   0: 3 0x80000f8c (0x018804b3) x 9 0x00049b48
core   0: 0x80000f90 (0x020ca033) mulhsu  zero, s9, zero
core   0: 3 0x80000f90 (0x020ca033)
core   0: 0x80000f94 (0x00000095) c.addi  ra, 5
core   0: 3 0x80000f94 (0x0095) x 1 0x00000007
core   0: 0x80000f96 (0xffe0cbe3) blt     ra, t5, pc - 10
core   0: 3 0x80000f96 (0xffe0cbe3)
core   0: 0x80000f8c (0x018804b3) add     s1, a6, s8
core   0: 3 0x80000f8c (0x018804b3) x 9 0x00049b48
core   0: 0x80000f90 (0x020ca033) mulhsu  zero, s9, zero
core   0: 3 0x80000f90 (0x020ca033)
core   0: 0x80000f94 (0x00000095) c.addi  ra, 5
core   0: 3 0x80000f94 (0x0095) x 1 0x0000000c
core   0: 0x80000f96 (0xffe0cbe3) blt     ra, t5, pc - 10
core   0: 3 0x80000f96 (0xffe0cbe3)
core   0: 0x80000f8c (0x018804b3) add     s1, a6, s8
core   0: 3 0x80000f8c (0x018804b3) x 9 0x00049b48
core   0: 0x80000f90 (0x020ca033) mulhsu  zero, s9, zero
core   0: 3 0x80000f90 (0x020ca033)
core   0: 0x80000f94 (0x00000095) c.addi  ra, 5
core   0: 3 0x80000f94 (0x0095) x 1 0x00000011
core   0: 0x80000f96 (0xffe0cbe3) blt     ra, t5, pc - 10
core   0: 3 0x80000f96 (0xffe0cbe3)
core   0: 0x80000f9a (0x03344733) div     a4, s0, s3
core   0: 3 0x80000f9a (0x03344733) x14 0xffe9cbbd
core   0: 0x80000f9e (0x0117d9b3) srl     s3, a5, a7
core   0: 3 0x80000f9e (0x0117d9b3) x19 0x000a72ef
core   0: 0x80000fa2 (0x00001504) c.addi4spn s1, sp, 672
core   0: 3 0x80000fa2 (0x1504) x 9 0x000002a0
core   0: 0x80000fa4 (0x02387db3) remu    s11, a6, gp
core   0: 3 0x80000fa4 (0x02387db3) x27 0x80026ce4
core   0: 0x80000fa8 (0x0000987d) c.andi  s0, -1
core   0: 3 0x80000fa8 (0x987d) x 8 0xffe9cbbd
core   0: 0x80000faa (0x5a803993) sltiu   s3, zero, 1448
core   0: 3 0x80000faa (0x5a803993) x19 0x00000001
core   0: 0x80000fae (0x02408133) mul     sp, ra, tp
core   0: 3 0x80000fae (0x02408133) x 2 0x00000000
core   0: 0x80000fb2 (0x0000177d) c.addi  a4, -1
core   0: 3 0x80000fb2 (0x177d) x14 0xffe9cbbc
core   0: 0x80000fb4 (0xfd9541e3) blt     a0, s9, pc - 62
core   0: 3 0x80000fb4 (0xfd9541e3)
core   0: 0x80000fb8 (0x00000290) c.addi4spn a2, sp, 320
core   0: 3 0x80000fb8 (0x0290) x12 0x00000140
core   0: 0x80000fba (0x00100d13) li      s10, 1
core   0: 3 0x80000fba (0x00100d13) x26 0x00000001
core   0: 0x80000fbe (0x40465113) srai    sp, a2, 4
core   0: 3 0x80000fbe (0x40465113) x 2 0x00000014
core   0: 0x80000fc2 (0x41aed5b3) sra     a1, t4, s10
core   0: 3 0x80000fc2 (0x41aed5b3) x11 0xffc00136
core   0: 0x80000fc6 (0x003c7d93) andi    s11, s8, 3
core   0: 3 0x80000fc6 (0x003c7d93) x27 0x00000000
core   0: 0x80000fca (0x00b00093) li      ra, 11
core   0: 3 0x80000fca (0x00b00093) x 1 0x0000000b
core   0: 0x80000fce (0x5611eb37) lui     s6, 0x5611e
core   0: 3 0x80000fce (0x5611eb37) x22 0x5611e000
core   0: 0x80000fd2 (0x00607133) and     sp, zero, t1
core   0: 3 0x80000fd2 (0x00607133) x 2 0x00000000
core   0: 0x80000fd6 (0x00000001) c.nop
core   0: 3 0x80000fd6 (0x0001)
core   0: 0x80000fd8 (0x00000001) c.nop
core   0: 3 0x80000fd8 (0x0001)
core   0: 0x80000fda (0x00000d05) c.addi  s10, 1
core   0: 3 0x80000fda (0x0d05) x26 0x00000002
core   0: 0x80000fdc (0x00900393) li      t2, 9
core   0: 3 0x80000fdc (0x00900393) x 7 0x00000009
core   0: 0x80000fe0 (0x0000717d) c.addi16sp sp, -16
core   0: 3 0x80000fe0 (0x717d) x 2 0xfffffff0
core   0: 0x80000fe2 (0x00900a93) li      s5, 9
core   0: 3 0x80000fe2 (0x00900a93) x21 0x00000009
core   0: 0x80000fe6 (0x00009112) c.add   sp, tp
core   0: 3 0x80000fe6 (0x9112) x 2 0xfffffff0
core   0: 0x80000fe8 (0x017584b3) add     s1, a1, s7
core   0: 3 0x80000fe8 (0x017584b3) x 9 0x7fc22fb1
core   0: 0x80000fec (0x00008f1a) c.mv    t5, t1
core   0: 3 0x80000fec (0x8f1a) x30 0x80022e64
core   0: 0x80000fee (0x0000615d) c.addi16sp sp, 432
core   0: 3 0x80000fee (0x615d) x 2 0x000001a0
core   0: 0x80000ff0 (0x000013f1) c.addi  t2, -4
core   0: 3 0x80000ff0 (0x13f1) x 7 0x00000005
core   0: 0x80000ff2 (0xff53dae3) bge     t2, s5, pc - 12
core   0: 3 0x80000ff2 (0xff53dae3)
core   0: 0x80000ff6 (0x02b16733) rem     a4, sp, a1
core   0: 3 0x80000ff6 (0x02b16733) x14 0x000001a0
core   0: 0x80000ffa (0x00006175) c.addi16sp sp, 368
core   0: 3 0x80000ffa (0x6175) x 2 0x00000310
core   0: 0x80000ffc (0xfc1d1de3) bne     s10, ra, pc - 38
core   0: 3 0x80000ffc (0xfc1d1de3)
core   0: 0x80000fd6 (0x00000001) c.nop
core   0: 3 0x80000fd6 (0x0001)
core   0: 0x80000fd8 (0x00000001) c.nop
core   0: 3 0x80000fd8 (0x0001)
core   0: 0x80000fda (0x00000d05) c.addi  s10, 1
core   0: 3 0x80000fda (0x0d05) x26 0x00000003
core   0: 0x80000fdc (0x00900393) li      t2, 9
core   0: 3 0x80000fdc (0x00900393) x 7 0x00000009
core   0: 0x80000fe0 (0x0000717d) c.addi16sp sp, -16
core   0: 3 0x80000fe0 (0x717d) x 2 0x00000300
core   0: 0x80000fe2 (0x00900a93) li      s5, 9
core   0: 3 0x80000fe2 (0x00900a93) x21 0x00000009
core   0: 0x80000fe6 (0x00009112) c.add   sp, tp
core   0: 3 0x80000fe6 (0x9112) x 2 0x00000300
core   0: 0x80000fe8 (0x017584b3) add     s1, a1, s7
core   0: 3 0x80000fe8 (0x017584b3) x 9 0x7fc22fb1
core   0: 0x80000fec (0x00008f1a) c.mv    t5, t1
core   0: 3 0x80000fec (0x8f1a) x30 0x80022e64
core   0: 0x80000fee (0x0000615d) c.addi16sp sp, 432
core   0: 3 0x80000fee (0x615d) x 2 0x000004b0
core   0: 0x80000ff0 (0x000013f1) c.addi  t2, -4
core   0: 3 0x80000ff0 (0x13f1) x 7 0x00000005
core   0: 0x80000ff2 (0xff53dae3) bge     t2, s5, pc - 12
core   0: 3 0x80000ff2 (0xff53dae3)
core   0: 0x80000ff6 (0x02b16733) rem     a4, sp, a1
core   0: 3 0x80000ff6 (0x02b16733) x14 0x000004b0
core   0: 0x80000ffa (0x00006175) c.addi16sp sp, 368
core   0: 3 0x80000ffa (0x6175) x 2 0x00000620
core   0: 0x80000ffc (0xfc1d1de3) bne     s10, ra, pc - 38
core   0: 3 0x80000ffc (0xfc1d1de3)
core   0: 0x80000fd6 (0x00000001) c.nop
core   0: 3 0x80000fd6 (0x0001)
core   0: 0x80000fd8 (0x00000001) c.nop
core   0: 3 0x80000fd8 (0x0001)
core   0: 0x80000fda (0x00000d05) c.addi  s10, 1
core   0: 3 0x80000fda (0x0d05) x26 0x00000004
core   0: 0x80000fdc (0x00900393) li      t2, 9
core   0: 3 0x80000fdc (0x00900393) x 7 0x00000009
core   0: 0x80000fe0 (0x0000717d) c.addi16sp sp, -16
core   0: 3 0x80000fe0 (0x717d) x 2 0x00000610
core   0: 0x80000fe2 (0x00900a93) li      s5, 9
core   0: 3 0x80000fe2 (0x00900a93) x21 0x00000009
core   0: 0x80000fe6 (0x00009112) c.add   sp, tp
core   0: 3 0x80000fe6 (0x9112) x 2 0x00000610
core   0: 0x80000fe8 (0x017584b3) add     s1, a1, s7
core   0: 3 0x80000fe8 (0x017584b3) x 9 0x7fc22fb1
core   0: 0x80000fec (0x00008f1a) c.mv    t5, t1
core   0: 3 0x80000fec (0x8f1a) x30 0x80022e64
core   0: 0x80000fee (0x0000615d) c.addi16sp sp, 432
core   0: 3 0x80000fee (0x615d) x 2 0x000007c0
core   0: 0x80000ff0 (0x000013f1) c.addi  t2, -4
core   0: 3 0x80000ff0 (0x13f1) x 7 0x00000005
core   0: 0x80000ff2 (0xff53dae3) bge     t2, s5, pc - 12
core   0: 3 0x80000ff2 (0xff53dae3)
core   0: 0x80000ff6 (0x02b16733) rem     a4, sp, a1
core   0: 3 0x80000ff6 (0x02b16733) x14 0x000007c0
core   0: 0x80000ffa (0x00006175) c.addi16sp sp, 368
core   0: 3 0x80000ffa (0x6175) x 2 0x00000930
core   0: 0x80000ffc (0xfc1d1de3) bne     s10, ra, pc - 38
core   0: 3 0x80000ffc (0xfc1d1de3)
core   0: 0x80000fd6 (0x00000001) c.nop
core   0: 3 0x80000fd6 (0x0001)
core   0: 0x80000fd8 (0x00000001) c.nop
core   0: 3 0x80000fd8 (0x0001)
core   0: 0x80000fda (0x00000d05) c.addi  s10, 1
core   0: 3 0x80000fda (0x0d05) x26 0x00000005
core   0: 0x80000fdc (0x00900393) li      t2, 9
core   0: 3 0x80000fdc (0x00900393) x 7 0x00000009
core   0: 0x80000fe0 (0x0000717d) c.addi16sp sp, -16
core   0: 3 0x80000fe0 (0x717d) x 2 0x00000920
core   0: 0x80000fe2 (0x00900a93) li      s5, 9
core   0: 3 0x80000fe2 (0x00900a93) x21 0x00000009
core   0: 0x80000fe6 (0x00009112) c.add   sp, tp
core   0: 3 0x80000fe6 (0x9112) x 2 0x00000920
core   0: 0x80000fe8 (0x017584b3) add     s1, a1, s7
core   0: 3 0x80000fe8 (0x017584b3) x 9 0x7fc22fb1
core   0: 0x80000fec (0x00008f1a) c.mv    t5, t1
core   0: 3 0x80000fec (0x8f1a) x30 0x80022e64
core   0: 0x80000fee (0x0000615d) c.addi16sp sp, 432
core   0: 3 0x80000fee (0x615d) x 2 0x00000ad0
core   0: 0x80000ff0 (0x000013f1) c.addi  t2, -4
core   0: 3 0x80000ff0 (0x13f1) x 7 0x00000005
core   0: 0x80000ff2 (0xff53dae3) bge     t2, s5, pc - 12
core   0: 3 0x80000ff2 (0xff53dae3)
core   0: 0x80000ff6 (0x02b16733) rem     a4, sp, a1
core   0: 3 0x80000ff6 (0x02b16733) x14 0x00000ad0
core   0: 0x80000ffa (0x00006175) c.addi16sp sp, 368
core   0: 3 0x80000ffa (0x6175) x 2 0x00000c40
core   0: 0x80000ffc (0xfc1d1de3) bne     s10, ra, pc - 38
core   0: 3 0x80000ffc (0xfc1d1de3)
core   0: 0x80000fd6 (0x00000001) c.nop
core   0: 3 0x80000fd6 (0x0001)
core   0: 0x80000fd8 (0x00000001) c.nop
core   0: 3 0x80000fd8 (0x0001)
core   0: 0x80000fda (0x00000d05) c.addi  s10, 1
core   0: 3 0x80000fda (0x0d05) x26 0x00000006
core   0: 0x80000fdc (0x00900393) li      t2, 9
core   0: 3 0x80000fdc (0x00900393) x 7 0x00000009
core   0: 0x80000fe0 (0x0000717d) c.addi16sp sp, -16
core   0: 3 0x80000fe0 (0x717d) x 2 0x00000c30
core   0: 0x80000fe2 (0x00900a93) li      s5, 9
core   0: 3 0x80000fe2 (0x00900a93) x21 0x00000009
core   0: 0x80000fe6 (0x00009112) c.add   sp, tp
core   0: 3 0x80000fe6 (0x9112) x 2 0x00000c30
core   0: 0x80000fe8 (0x017584b3) add     s1, a1, s7
core   0: 3 0x80000fe8 (0x017584b3) x 9 0x7fc22fb1
core   0: 0x80000fec (0x00008f1a) c.mv    t5, t1
core   0: 3 0x80000fec (0x8f1a) x30 0x80022e64
core   0: 0x80000fee (0x0000615d) c.addi16sp sp, 432
core   0: 3 0x80000fee (0x615d) x 2 0x00000de0
core   0: 0x80000ff0 (0x000013f1) c.addi  t2, -4
core   0: 3 0x80000ff0 (0x13f1) x 7 0x00000005
core   0: 0x80000ff2 (0xff53dae3) bge     t2, s5, pc - 12
core   0: 3 0x80000ff2 (0xff53dae3)
core   0: 0x80000ff6 (0x02b16733) rem     a4, sp, a1
core   0: 3 0x80000ff6 (0x02b16733) x14 0x00000de0
core   0: 0x80000ffa (0x00006175) c.addi16sp sp, 368
core   0: 3 0x80000ffa (0x6175) x 2 0x00000f50
core   0: 0x80000ffc (0xfc1d1de3) bne     s10, ra, pc - 38
core   0: 3 0x80000ffc (0xfc1d1de3)
core   0: 0x80000fd6 (0x00000001) c.nop
core   0: 3 0x80000fd6 (0x0001)
core   0: 0x80000fd8 (0x00000001) c.nop
core   0: 3 0x80000fd8 (0x0001)
core   0: 0x80000fda (0x00000d05) c.addi  s10, 1
core   0: 3 0x80000fda (0x0d05) x26 0x00000007
core   0: 0x80000fdc (0x00900393) li      t2, 9
core   0: 3 0x80000fdc (0x00900393) x 7 0x00000009
core   0: 0x80000fe0 (0x0000717d) c.addi16sp sp, -16
core   0: 3 0x80000fe0 (0x717d) x 2 0x00000f40
core   0: 0x80000fe2 (0x00900a93) li      s5, 9
core   0: 3 0x80000fe2 (0x00900a93) x21 0x00000009
core   0: 0x80000fe6 (0x00009112) c.add   sp, tp
core   0: 3 0x80000fe6 (0x9112) x 2 0x00000f40
core   0: 0x80000fe8 (0x017584b3) add     s1, a1, s7
core   0: 3 0x80000fe8 (0x017584b3) x 9 0x7fc22fb1
core   0: 0x80000fec (0x00008f1a) c.mv    t5, t1
core   0: 3 0x80000fec (0x8f1a) x30 0x80022e64
core   0: 0x80000fee (0x0000615d) c.addi16sp sp, 432
core   0: 3 0x80000fee (0x615d) x 2 0x000010f0
core   0: 0x80000ff0 (0x000013f1) c.addi  t2, -4
core   0: 3 0x80000ff0 (0x13f1) x 7 0x00000005
core   0: 0x80000ff2 (0xff53dae3) bge     t2, s5, pc - 12
core   0: 3 0x80000ff2 (0xff53dae3)
core   0: 0x80000ff6 (0x02b16733) rem     a4, sp, a1
core   0: 3 0x80000ff6 (0x02b16733) x14 0x000010f0
core   0: 0x80000ffa (0x00006175) c.addi16sp sp, 368
core   0: 3 0x80000ffa (0x6175) x 2 0x00001260
core   0: 0x80000ffc (0xfc1d1de3) bne     s10, ra, pc - 38
core   0: 3 0x80000ffc (0xfc1d1de3)
core   0: 0x80000fd6 (0x00000001) c.nop
core   0: 3 0x80000fd6 (0x0001)
core   0: 0x80000fd8 (0x00000001) c.nop
core   0: 3 0x80000fd8 (0x0001)
core   0: 0x80000fda (0x00000d05) c.addi  s10, 1
core   0: 3 0x80000fda (0x0d05) x26 0x00000008
core   0: 0x80000fdc (0x00900393) li      t2, 9
core   0: 3 0x80000fdc (0x00900393) x 7 0x00000009
core   0: 0x80000fe0 (0x0000717d) c.addi16sp sp, -16
core   0: 3 0x80000fe0 (0x717d) x 2 0x00001250
core   0: 0x80000fe2 (0x00900a93) li      s5, 9
core   0: 3 0x80000fe2 (0x00900a93) x21 0x00000009
core   0: 0x80000fe6 (0x00009112) c.add   sp, tp
core   0: 3 0x80000fe6 (0x9112) x 2 0x00001250
core   0: 0x80000fe8 (0x017584b3) add     s1, a1, s7
core   0: 3 0x80000fe8 (0x017584b3) x 9 0x7fc22fb1
core   0: 0x80000fec (0x00008f1a) c.mv    t5, t1
core   0: 3 0x80000fec (0x8f1a) x30 0x80022e64
core   0: 0x80000fee (0x0000615d) c.addi16sp sp, 432
core   0: 3 0x80000fee (0x615d) x 2 0x00001400
core   0: 0x80000ff0 (0x000013f1) c.addi  t2, -4
core   0: 3 0x80000ff0 (0x13f1) x 7 0x00000005
core   0: 0x80000ff2 (0xff53dae3) bge     t2, s5, pc - 12
core   0: 3 0x80000ff2 (0xff53dae3)
core   0: 0x80000ff6 (0x02b16733) rem     a4, sp, a1
core   0: 3 0x80000ff6 (0x02b16733) x14 0x00001400
core   0: 0x80000ffa (0x00006175) c.addi16sp sp, 368
core   0: 3 0x80000ffa (0x6175) x 2 0x00001570
core   0: 0x80000ffc (0xfc1d1de3) bne     s10, ra, pc - 38
core   0: 3 0x80000ffc (0xfc1d1de3)
core   0: 0x80000fd6 (0x00000001) c.nop
core   0: 3 0x80000fd6 (0x0001)
core   0: 0x80000fd8 (0x00000001) c.nop
core   0: 3 0x80000fd8 (0x0001)
core   0: 0x80000fda (0x00000d05) c.addi  s10, 1
core   0: 3 0x80000fda (0x0d05) x26 0x00000009
core   0: 0x80000fdc (0x00900393) li      t2, 9
core   0: 3 0x80000fdc (0x00900393) x 7 0x00000009
core   0: 0x80000fe0 (0x0000717d) c.addi16sp sp, -16
core   0: 3 0x80000fe0 (0x717d) x 2 0x00001560
core   0: 0x80000fe2 (0x00900a93) li      s5, 9
core   0: 3 0x80000fe2 (0x00900a93) x21 0x00000009
core   0: 0x80000fe6 (0x00009112) c.add   sp, tp
core   0: 3 0x80000fe6 (0x9112) x 2 0x00001560
core   0: 0x80000fe8 (0x017584b3) add     s1, a1, s7
core   0: 3 0x80000fe8 (0x017584b3) x 9 0x7fc22fb1
core   0: 0x80000fec (0x00008f1a) c.mv    t5, t1
core   0: 3 0x80000fec (0x8f1a) x30 0x80022e64
core   0: 0x80000fee (0x0000615d) c.addi16sp sp, 432
core   0: 3 0x80000fee (0x615d) x 2 0x00001710
core   0: 0x80000ff0 (0x000013f1) c.addi  t2, -4
core   0: 3 0x80000ff0 (0x13f1) x 7 0x00000005
core   0: 0x80000ff2 (0xff53dae3) bge     t2, s5, pc - 12
core   0: 3 0x80000ff2 (0xff53dae3)
core   0: 0x80000ff6 (0x02b16733) rem     a4, sp, a1
core   0: 3 0x80000ff6 (0x02b16733) x14 0x00001710
core   0: 0x80000ffa (0x00006175) c.addi16sp sp, 368
core   0: 3 0x80000ffa (0x6175) x 2 0x00001880
core   0: 0x80000ffc (0xfc1d1de3) bne     s10, ra, pc - 38
core   0: 3 0x80000ffc (0xfc1d1de3)
core   0: 0x80000fd6 (0x00000001) c.nop
core   0: 3 0x80000fd6 (0x0001)
core   0: 0x80000fd8 (0x00000001) c.nop
core   0: 3 0x80000fd8 (0x0001)
core   0: 0x80000fda (0x00000d05) c.addi  s10, 1
core   0: 3 0x80000fda (0x0d05) x26 0x0000000a
core   0: 0x80000fdc (0x00900393) li      t2, 9
core   0: 3 0x80000fdc (0x00900393) x 7 0x00000009
core   0: 0x80000fe0 (0x0000717d) c.addi16sp sp, -16
core   0: 3 0x80000fe0 (0x717d) x 2 0x00001870
core   0: 0x80000fe2 (0x00900a93) li      s5, 9
core   0: 3 0x80000fe2 (0x00900a93) x21 0x00000009
core   0: 0x80000fe6 (0x00009112) c.add   sp, tp
core   0: 3 0x80000fe6 (0x9112) x 2 0x00001870
core   0: 0x80000fe8 (0x017584b3) add     s1, a1, s7
core   0: 3 0x80000fe8 (0x017584b3) x 9 0x7fc22fb1
core   0: 0x80000fec (0x00008f1a) c.mv    t5, t1
core   0: 3 0x80000fec (0x8f1a) x30 0x80022e64
core   0: 0x80000fee (0x0000615d) c.addi16sp sp, 432
core   0: 3 0x80000fee (0x615d) x 2 0x00001a20
core   0: 0x80000ff0 (0x000013f1) c.addi  t2, -4
core   0: 3 0x80000ff0 (0x13f1) x 7 0x00000005
core   0: 0x80000ff2 (0xff53dae3) bge     t2, s5, pc - 12
core   0: 3 0x80000ff2 (0xff53dae3)
core   0: 0x80000ff6 (0x02b16733) rem     a4, sp, a1
core   0: 3 0x80000ff6 (0x02b16733) x14 0x00001a20
core   0: 0x80000ffa (0x00006175) c.addi16sp sp, 368
core   0: 3 0x80000ffa (0x6175) x 2 0x00001b90
core   0: 0x80000ffc (0xfc1d1de3) bne     s10, ra, pc - 38
core   0: 3 0x80000ffc (0xfc1d1de3)
core   0: 0x80000fd6 (0x00000001) c.nop
core   0: 3 0x80000fd6 (0x0001)
core   0: 0x80000fd8 (0x00000001) c.nop
core   0: 3 0x80000fd8 (0x0001)
core   0: 0x80000fda (0x00000d05) c.addi  s10, 1
core   0: 3 0x80000fda (0x0d05) x26 0x0000000b
core   0: 0x80000fdc (0x00900393) li      t2, 9
core   0: 3 0x80000fdc (0x00900393) x 7 0x00000009
core   0: 0x80000fe0 (0x0000717d) c.addi16sp sp, -16
core   0: 3 0x80000fe0 (0x717d) x 2 0x00001b80
core   0: 0x80000fe2 (0x00900a93) li      s5, 9
core   0: 3 0x80000fe2 (0x00900a93) x21 0x00000009
core   0: 0x80000fe6 (0x00009112) c.add   sp, tp
core   0: 3 0x80000fe6 (0x9112) x 2 0x00001b80
core   0: 0x80000fe8 (0x017584b3) add     s1, a1, s7
core   0: 3 0x80000fe8 (0x017584b3) x 9 0x7fc22fb1
core   0: 0x80000fec (0x00008f1a) c.mv    t5, t1
core   0: 3 0x80000fec (0x8f1a) x30 0x80022e64
core   0: 0x80000fee (0x0000615d) c.addi16sp sp, 432
core   0: 3 0x80000fee (0x615d) x 2 0x00001d30
core   0: 0x80000ff0 (0x000013f1) c.addi  t2, -4
core   0: 3 0x80000ff0 (0x13f1) x 7 0x00000005
core   0: 0x80000ff2 (0xff53dae3) bge     t2, s5, pc - 12
core   0: 3 0x80000ff2 (0xff53dae3)
core   0: 0x80000ff6 (0x02b16733) rem     a4, sp, a1
core   0: 3 0x80000ff6 (0x02b16733) x14 0x00001d30
core   0: 0x80000ffa (0x00006175) c.addi16sp sp, 368
core   0: 3 0x80000ffa (0x6175) x 2 0x00001ea0
core   0: 0x80000ffc (0xfc1d1de3) bne     s10, ra, pc - 38
core   0: 3 0x80000ffc (0xfc1d1de3)
core   0: 0x80001000 (0x40ddd913) srai    s2, s11, 13
core   0: 3 0x80001000 (0x40ddd913) x18 0x00000000
core   0: 0x80001004 (0xfff00193) li      gp, -1
core   0: 3 0x80001004 (0xfff00193) x 3 0xffffffff
core   0: 0x80001008 (0x00eb09b3) add     s3, s6, a4
core   0: 3 0x80001008 (0x00eb09b3) x19 0x5611fd30
core   0: 0x8000100c (0x8a0e4b13) xori    s6, t3, -1888
core   0: 3 0x8000100c (0x8a0e4b13) x22 0x58d10afe
core   0: 0x80001010 (0x00da9f13) slli    t5, s5, 13
core   0: 3 0x80001010 (0x00da9f13) x30 0x00012000
core   0: 0x80001014 (0x000008ce) c.slli  a7, 19
core   0: 3 0x80001014 (0x08ce) x17 0x00600000
core   0: 0x80001016 (0x00e00d93) li      s11, 14
core   0: 3 0x80001016 (0x00e00d93) x27 0x0000000e
core   0: 0x8000101a (0x02ba18b3) mulh    a7, s4, a1
core   0: 3 0x8000101a (0x02ba18b3) x17 0x001633d7
core   0: 0x8000101e (0x03837bb3) remu    s7, t1, s8
core   0: 3 0x8000101e (0x03837bb3) x23 0x00000000
core   0: 0x80001022 (0x000085ad) c.srai  a1, 11
core   0: 3 0x80001022 (0x85ad) x11 0xfffff800
core   0: 0x80001024 (0x1f16a013) slti    zero, a3, 497
core   0: 3 0x80001024 (0x1f16a013)
core   0: 0x80001028 (0x0000911a) c.add   sp, t1
core   0: 3 0x80001028 (0x911a) x 2 0x80024d04
core   0: 0x8000102a (0x0096dd33) srl     s10, a3, s1
core   0: 3 0x8000102a (0x0096dd33) x26 0x00007fff
core   0: 0x8000102e (0x000001a9) c.addi  gp, 10
core   0: 3 0x8000102e (0x01a9) x 3 0x00000009
core   0: 0x80001030 (0x4063d4b3) sra     s1, t2, t1
core   0: 3 0x80001030 (0x4063d4b3) x 9 0x00000000
core   0: 0x80001034 (0x000092be) c.add   t0, a5
core   0: 3 0x80001034 (0x92be) x 5 0xa72ef25e
core   0: 0x80001036 (0x0000899a) c.mv    s3, t1
core   0: 3 0x80001036 (0x899a) x19 0x80022e64
core   0: 0x80001038 (0x3c8f8d13) addi    s10, t6, 968
core   0: 3 0x80001038 (0x3c8f8d13) x26 0x000003c8
core   0: 0x8000103c (0x01e205b3) add     a1, tp, t5
core   0: 3 0x8000103c (0x01e205b3) x11 0x00012000
core   0: 0x80001040 (0x03a58933) mul     s2, a1, s10
core   0: 3 0x80001040 (0x03a58933) x18 0x04410000
core   0: 0x80001044 (0x0158abb3) slt     s7, a7, s5
core   0: 3 0x80001044 (0x0158abb3) x23 0x00000000
core   0: 0x80001048 (0x0000641d) c.lui   s0, 0x7
core   0: 3 0x80001048 (0x641d) x 8 0x00007000
core   0: 0x8000104a (0x228b1b97) auipc   s7, 0x228b1
core   0: 3 0x8000104a (0x228b1b97) x23 0xa28b204a
core   0: 0x8000104e (0x404d5993) srai    s3, s10, 4
core   0: 3 0x8000104e (0x404d5993) x19 0x0000003c
core   0: 0x80001052 (0x00006c75) c.lui   s8, 0x1d
core   0: 3 0x80001052 (0x6c75) x24 0x0001d000
core   0: 0x80001054 (0xfdb1eae3) bltu    gp, s11, pc - 44
core   0: 3 0x80001054 (0xfdb1eae3)
core   0: 0x80001028 (0x0000911a) c.add   sp, t1
core   0: 3 0x80001028 (0x911a) x 2 0x00047b68
core   0: 0x8000102a (0x0096dd33) srl     s10, a3, s1
core   0: 3 0x8000102a (0x0096dd33) x26 0xfffffff8
core   0: 0x8000102e (0x000001a9) c.addi  gp, 10
core   0: 3 0x8000102e (0x01a9) x 3 0x00000013
core   0: 0x80001030 (0x4063d4b3) sra     s1, t2, t1
core   0: 3 0x80001030 (0x4063d4b3) x 9 0x00000000
core   0: 0x80001034 (0x000092be) c.add   t0, a5
core   0: 3 0x80001034 (0x92be) x 5 0x4e5de4bd
core   0: 0x80001036 (0x0000899a) c.mv    s3, t1
core   0: 3 0x80001036 (0x899a) x19 0x80022e64
core   0: 0x80001038 (0x3c8f8d13) addi    s10, t6, 968
core   0: 3 0x80001038 (0x3c8f8d13) x26 0x000003c8
core   0: 0x8000103c (0x01e205b3) add     a1, tp, t5
core   0: 3 0x8000103c (0x01e205b3) x11 0x00012000
core   0: 0x80001040 (0x03a58933) mul     s2, a1, s10
core   0: 3 0x80001040 (0x03a58933) x18 0x04410000
core   0: 0x80001044 (0x0158abb3) slt     s7, a7, s5
core   0: 3 0x80001044 (0x0158abb3) x23 0x00000000
core   0: 0x80001048 (0x0000641d) c.lui   s0, 0x7
core   0: 3 0x80001048 (0x641d) x 8 0x00007000
core   0: 0x8000104a (0x228b1b97) auipc   s7, 0x228b1
core   0: 3 0x8000104a (0x228b1b97) x23 0xa28b204a
core   0: 0x8000104e (0x404d5993) srai    s3, s10, 4
core   0: 3 0x8000104e (0x404d5993) x19 0x0000003c
core   0: 0x80001052 (0x00006c75) c.lui   s8, 0x1d
core   0: 3 0x80001052 (0x6c75) x24 0x0001d000
core   0: 0x80001054 (0xfdb1eae3) bltu    gp, s11, pc - 44
core   0: 3 0x80001054 (0xfdb1eae3)
core   0: 0x80001058 (0x01f19c93) slli    s9, gp, 31
core   0: 3 0x80001058 (0x01f19c93) x25 0x80000000
core   0: 0x8000105c (0xff900793) li      a5, -7
core   0: 3 0x8000105c (0xff900793) x15 0xfffffff9
core   0: 0x80001060 (0x00008c15) c.sub   s0, a3
core   0: 3 0x80001060 (0x8c15) x 8 0x00007008
core   0: 0x80001062 (0x0000100f) fence.i
core   0: 3 0x80001062 (0x0000100f)
core   0: 0x80001066 (0x00000001) c.nop
core   0: 3 0x80001066 (0x0001)
core   0: 0x80001068 (0x6e59f913) andi    s2, s3, 1765
core   0: 3 0x80001068 (0x6e59f913) x18 0x00000024
core   0: 0x8000106c (0x026e98b3) mulh    a7, t4, t1
core   0: 3 0x8000106c (0x026e98b3) x17 0x003ffdb2
core   0: 0x80001070 (0x17c12513) slti    a0, sp, 380
core   0: 3 0x80001070 (0x17c12513) x10 0x00000000
core   0: 0x80001074 (0x0000611d) c.addi16sp sp, 416
core   0: 3 0x80001074 (0x611d) x 2 0x00047d08
core   0: 0x80001076 (0x00000785) c.addi  a5, 1
core   0: 3 0x80001076 (0x0785) x15 0xfffffffa
core   0: 0x80001078 (0x00006b0d) c.lui   s6, 0x3
core   0: 3 0x80001078 (0x6b0d) x22 0x00003000
core   0: 0x8000107a (0x000086f5) c.srai  a3, 29
core   0: 3 0x8000107a (0x86f5) x13 0xffffffff
core   0: 0x8000107c (0x0000d7f5) c.beqz  a5, pc - 20
core   0: 3 0x8000107c (0xd7f5)
core   0: 0x8000107e (0xb5f7ea97) auipc   s5, 0xb5f7e
core   0: 3 0x8000107e (0xb5f7ea97) x21 0x35f7f07e
core   0: 0x80001082 (0x00a00613) li      a2, 10
core   0: 3 0x80001082 (0x00a00613) x12 0x0000000a
core   0: 0x80001086 (0x00a00493) li      s1, 10
core   0: 3 0x80001086 (0x00a00493) x 9 0x0000000a
core   0: 0x8000108a (0x00008f0d) c.sub   a4, a1
core   0: 3 0x8000108a (0x8f0d) x14 0xfffefd30
core   0: 0x8000108c (0x00001661) c.addi  a2, -8
core   0: 3 0x8000108c (0x1661) x12 0x00000002
core   0: 0x8000108e (0xfe967ee3) bgeu    a2, s1, pc - 4
core   0: 3 0x8000108e (0xfe967ee3)
core   0: 0x80001092 (0x009ce793) ori     a5, s9, 9
core   0: 3 0x80001092 (0x009ce793) x15 0x80000009
core   0: 0x80001096 (0x00600413) li      s0, 6
core   0: 3 0x80001096 (0x00600413) x 8 0x00000006
core   0: 0x8000109a (0x00008e91) c.sub   a3, a2
core   0: 3 0x8000109a (0x8e91) x13 0xfffffffd
core   0: 0x8000109c (0x01ed3d33) sltu    s10, s10, t5
core   0: 3 0x8000109c (0x01ed3d33) x26 0x00000001
core   0: 0x800010a0 (0xfbd3e593) ori     a1, t2, -67
core   0: 3 0x800010a0 (0xfbd3e593) x11 0xffffffbd
core   0: 0x800010a4 (0x000005d6) c.slli  a1, 21
core   0: 3 0x800010a4 (0x05d6) x11 0xf7a00000
core   0: 0x800010a6 (0x00008ef9) c.and   a3, a4
core   0: 3 0x800010a6 (0x8ef9) x13 0xfffefd30
core   0: 0x800010a8 (0x40af5eb3) sra     t4, t5, a0
core   0: 3 0x800010a8 (0x40af5eb3) x29 0x00012000
core   0: 0x800010ac (0x00600b13) li      s6, 6
core   0: 3 0x800010ac (0x00600b13) x22 0x00000006
core   0: 0x800010b0 (0x00000e55) c.addi  t3, 21
core   0: 3 0x800010b0 (0x0e55) x28 0xa72ef273
core   0: 0x800010b2 (0x00008e2d) c.xor   a2, a1
core   0: 3 0x800010b2 (0x8e2d) x12 0xf7a00002
core   0: 0x800010b4 (0x0000147d) c.addi  s0, -1
core   0: 3 0x800010b4 (0x147d) x 8 0x00000005
core   0: 0x800010b6 (0xb317f693) andi    a3, a5, -1231
core   0: 3 0x800010b6 (0xb317f693) x13 0x80000001
core   0: 0x800010ba (0xfff00793) li      a5, -1
core   0: 3 0x800010ba (0xfff00793) x15 0xffffffff
core   0: 0x800010be (0x1b7d6c93) ori     s9, s10, 439
core   0: 3 0x800010be (0x1b7d6c93) x25 0x000001b7
core   0: 0x800010c2 (0x9c5e3613) sltiu   a2, t3, -1595
core   0: 3 0x800010c2 (0x9c5e3613) x12 0x00000001
core   0: 0x800010c6 (0xcfff4b93) xori    s7, t5, -769
core   0: 3 0x800010c6 (0xcfff4b93) x23 0xfffedcff
core   0: 0x800010ca (0xfef00513) li      a0, -17
core   0: 3 0x800010ca (0xfef00513) x10 0xffffffef
core   0: 0x800010ce (0x408605b3) sub     a1, a2, s0
core   0: 3 0x800010ce (0x408605b3) x11 0xfffffffc
core   0: 0x800010d2 (0x039c0f33) mul     t5, s8, s9
core   0: 3 0x800010d2 (0x039c0f33) x30 0x031bb000
core   0: 0x800010d6 (0x02b9d133) divu    sp, s3, a1
core   0: 3 0x800010d6 (0x02b9d133) x 2 0x00000000
core   0: 0x800010da (0x000017e1) c.addi  a5, -8
core   0: 3 0x800010da (0x17e1) x15 0xfffffff7
core   0: 0x800010dc (0x01d89db3) sll     s11, a7, t4
core   0: 3 0x800010dc (0x01d89db3) x27 0x003ffdb2
core   0: 0x800010e0 (0x01141db3) sll     s11, s0, a7
core   0: 3 0x800010e0 (0x01141db3) x27 0x00140000
core   0: 0x800010e4 (0xfea797e3) bne     a5, a0, pc - 18
core   0: 3 0x800010e4 (0xfea797e3)
core   0: 0x800010d2 (0x039c0f33) mul     t5, s8, s9
core   0: 3 0x800010d2 (0x039c0f33) x30 0x031bb000
core   0: 0x800010d6 (0x02b9d133) divu    sp, s3, a1
core   0: 3 0x800010d6 (0x02b9d133) x 2 0x00000000
core   0: 0x800010da (0x000017e1) c.addi  a5, -8
core   0: 3 0x800010da (0x17e1) x15 0xffffffef
core   0: 0x800010dc (0x01d89db3) sll     s11, a7, t4
core   0: 3 0x800010dc (0x01d89db3) x27 0x003ffdb2
core   0: 0x800010e0 (0x01141db3) sll     s11, s0, a7
core   0: 3 0x800010e0 (0x01141db3) x27 0x00140000
core   0: 0x800010e4 (0xfea797e3) bne     a5, a0, pc - 18
core   0: 3 0x800010e4 (0xfea797e3)
core   0: 0x800010e8 (0x01f25e93) srli    t4, tp, 31
core   0: 3 0x800010e8 (0x01f25e93) x29 0x00000000
core   0: 0x800010ec (0x00169933) sll     s2, a3, ra
core   0: 3 0x800010ec (0x00169933) x18 0x00000800
core   0: 0x800010f0 (0x18eceb93) ori     s7, s9, 398
core   0: 3 0x800010f0 (0x18eceb93) x23 0x000001bf
core   0: 0x800010f4 (0x00aa4bb3) xor     s7, s4, a0
core   0: 3 0x800010f4 (0x00aa4bb3) x23 0x58d10db1
core   0: 0x800010f8 (0x5d0a3893) sltiu   a7, s4, 1488
core   0: 3 0x800010f8 (0x5d0a3893) x17 0x00000000
core   0: 0x800010fc (0xfb647be3) bgeu    s0, s6, pc - 74
core   0: 3 0x800010fc (0xfb647be3)
core   0: 0x80001100 (0x03918733) mul     a4, gp, s9
core   0: 3 0x80001100 (0x03918733) x14 0x00002095
core   0: 0x80001104 (0x00000593) li      a1, 0
core   0: 3 0x80001104 (0x00000593) x11 0x00000000
core   0: 0x80001108 (0x563a6913) ori     s2, s4, 1379
core   0: 3 0x80001108 (0x563a6913) x18 0xa72ef77f
core   0: 0x8000110c (0x00000001) c.nop
core   0: 3 0x8000110c (0x0001)
core   0: 0x8000110e (0x000003c9) c.addi  t2, 18
core   0: 3 0x8000110e (0x03c9) x 7 0x00000017
core   0: 0x80001110 (0x0000597d) c.li    s2, -1
core   0: 3 0x80001110 (0x597d) x18 0xffffffff
core   0: 0x80001112 (0x00200493) li      s1, 2
core   0: 3 0x80001112 (0x00200493) x 9 0x00000002
core   0: 0x80001116 (0x000059fd) c.li    s3, -1
core   0: 3 0x80001116 (0x59fd) x19 0xffffffff
core   0: 0x80001118 (0x00000585) c.addi  a1, 1
core   0: 3 0x80001118 (0x0585) x11 0x00000001
core   0: 0x8000111a (0x00008942) c.mv    s2, a6
core   0: 3 0x8000111a (0x8942) x18 0x80026ce4
core   0: 0x8000111c (0x0000829a) c.mv    t0, t1
core   0: 3 0x8000111c (0x829a) x 5 0x80022e64
core   0: 0x8000111e (0xff900b13) li      s6, -7
core   0: 3 0x8000111e (0xff900b13) x22 0xfffffff9
core   0: 0x80001122 (0x00000093) li      ra, 0
core   0: 3 0x80001122 (0x00000093) x 1 0x00000000
core   0: 0x80001126 (0x0000117d) c.addi  sp, -1
core   0: 3 0x80001126 (0x117d) x 2 0xffffffff
core   0: 0x80001128 (0xf4618f13) addi    t5, gp, -186
core   0: 3 0x80001128 (0xf4618f13) x30 0xffffff59
core   0: 0x8000112c (0x00008fbd) c.xor   a5, a5
core   0: 3 0x8000112c (0x8fbd) x15 0x00000000
core   0: 0x8000112e (0x00000b05) c.addi  s6, 1
core   0: 3 0x8000112e (0x0b05) x22 0xfffffffa
core   0: 0x80001130 (0x4143d2b3) sra     t0, t2, s4
core   0: 3 0x80001130 (0x4143d2b3) x 5 0x00000000
core   0: 0x80001134 (0xfe1b0ae3) beq     s6, ra, pc - 12
core   0: 3 0x80001134 (0xfe1b0ae3)
core   0: 0x80001138 (0x000087ae) c.mv    a5, a1
core   0: 3 0x80001138 (0x87ae) x15 0x00000001
core   0: 0x8000113a (0x00000001) c.nop
core   0: 3 0x8000113a (0x0001)
core   0: 0x8000113c (0x000087a9) c.srai  a5, 10
core   0: 3 0x8000113c (0x87a9) x15 0x00000000
core   0: 0x8000113e (0x02190033) mul     zero, s2, ra
core   0: 3 0x8000113e (0x02190033)
core   0: 0x80001142 (0xfc959ae3) bne     a1, s1, pc - 44
core   0: 3 0x80001142 (0xfc959ae3)
core   0: 0x80001116 (0x000059fd) c.li    s3, -1
core   0: 3 0x80001116 (0x59fd) x19 0xffffffff
core   0: 0x80001118 (0x00000585) c.addi  a1, 1
core   0: 3 0x80001118 (0x0585) x11 0x00000002
core   0: 0x8000111a (0x00008942) c.mv    s2, a6
core   0: 3 0x8000111a (0x8942) x18 0x80026ce4
core   0: 0x8000111c (0x0000829a) c.mv    t0, t1
core   0: 3 0x8000111c (0x829a) x 5 0x80022e64
core   0: 0x8000111e (0xff900b13) li      s6, -7
core   0: 3 0x8000111e (0xff900b13) x22 0xfffffff9
core   0: 0x80001122 (0x00000093) li      ra, 0
core   0: 3 0x80001122 (0x00000093) x 1 0x00000000
core   0: 0x80001126 (0x0000117d) c.addi  sp, -1
core   0: 3 0x80001126 (0x117d) x 2 0xfffffffe
core   0: 0x80001128 (0xf4618f13) addi    t5, gp, -186
core   0: 3 0x80001128 (0xf4618f13) x30 0xffffff59
core   0: 0x8000112c (0x00008fbd) c.xor   a5, a5
core   0: 3 0x8000112c (0x8fbd) x15 0x00000000
core   0: 0x8000112e (0x00000b05) c.addi  s6, 1
core   0: 3 0x8000112e (0x0b05) x22 0xfffffffa
core   0: 0x80001130 (0x4143d2b3) sra     t0, t2, s4
core   0: 3 0x80001130 (0x4143d2b3) x 5 0x00000000
core   0: 0x80001134 (0xfe1b0ae3) beq     s6, ra, pc - 12
core   0: 3 0x80001134 (0xfe1b0ae3)
core   0: 0x80001138 (0x000087ae) c.mv    a5, a1
core   0: 3 0x80001138 (0x87ae) x15 0x00000002
core   0: 0x8000113a (0x00000001) c.nop
core   0: 3 0x8000113a (0x0001)
core   0: 0x8000113c (0x000087a9) c.srai  a5, 10
core   0: 3 0x8000113c (0x87a9) x15 0x00000000
core   0: 0x8000113e (0x02190033) mul     zero, s2, ra
core   0: 3 0x8000113e (0x02190033)
core   0: 0x80001142 (0xfc959ae3) bne     a1, s1, pc - 44
core   0: 3 0x80001142 (0xfc959ae3)
core   0: 0x80001146 (0x5bf00c97) auipc   s9, 0x5bf00
core   0: 3 0x80001146 (0x5bf00c97) x25 0xdbf01146
core   0: 0x8000114a (0x00400793) li      a5, 4
core   0: 3 0x8000114a (0x00400793) x15 0x00000004
core   0: 0x8000114e (0x012c1d13) slli    s10, s8, 18
core   0: 3 0x8000114e (0x012c1d13) x26 0x40000000
core   0: 0x80001152 (0x00900493) li      s1, 9
core   0: 3 0x80001152 (0x00900493) x 9 0x00000009
core   0: 0x80001156 (0x000086ad) c.srai  a3, 11
core   0: 3 0x80001156 (0x86ad) x13 0xfff00000
core   0: 0x80001158 (0x0367dc33) divu    s8, a5, s6
core   0: 3 0x80001158 (0x0367dc33) x24 0x00000000
core   0: 0x8000115c (0x00008019) c.srli  s0, 6
core   0: 3 0x8000115c (0x8019) x 8 0x00000000
core   0: 0x8000115e (0x000007a5) c.addi  a5, 9
core   0: 3 0x8000115e (0x07a5) x15 0x0000000d
core   0: 0x80001160 (0x00000001) c.nop
core   0: 3 0x80001160 (0x0001)
core   0: 0x80001162 (0x03f94b33) div     s6, s2, t6
core   0: 3 0x80001162 (0x03f94b33) x22 0xffffffff
core   0: 0x80001166 (0x41f0d713) srai    a4, ra, 31
core   0: 3 0x80001166 (0x41f0d713) x14 0x00000000
core   0: 0x8000116a (0x15d388b7) lui     a7, 0x15d38
core   0: 3 0x8000116a (0x15d388b7) x17 0x15d38000
core   0: 0x8000116e (0x000091c6) c.add   gp, a7
core   0: 3 0x8000116e (0x91c6) x 3 0x15d38013
core   0: 0x80001170 (0x00200513) li      a0, 2
core   0: 3 0x80001170 (0x00200513) x10 0x00000002
core   0: 0x80001174 (0xbb40f713) andi    a4, ra, -1100
core   0: 3 0x80001174 (0xbb40f713) x14 0x00000000
core   0: 0x80001178 (0x01400613) li      a2, 20
core   0: 3 0x80001178 (0x01400613) x12 0x00000014
core   0: 0x8000117c (0x039fcd33) div     s10, t6, s9
core   0: 3 0x8000117c (0x039fcd33) x26 0x00000000
core   0: 0x80001180 (0x0111d033) srl     zero, gp, a7
core   0: 3 0x80001180 (0x0111d033)
core   0: 0x80001184 (0x00008de5) c.and   a1, s1
core   0: 3 0x80001184 (0x8de5) x11 0x00000000
core   0: 0x80001186 (0x0091ceb3) xor     t4, gp, s1
core   0: 3 0x80001186 (0x0091ceb3) x29 0x15d3801a
core   0: 0x8000118a (0x00004105) c.li    sp, 1
core   0: 3 0x8000118a (0x4105) x 2 0x00000001
core   0: 0x8000118c (0x167da013) slti    zero, s11, 359
core   0: 3 0x8000118c (0x167da013)
core   0: 0x80001190 (0x00000519) c.addi  a0, 6
core   0: 3 0x80001190 (0x0519) x10 0x00000008
core   0: 0x80001192 (0x00009afd) c.andi  a3, -1
core   0: 3 0x80001192 (0x9afd) x13 0xfff00000
core   0: 0x80001194 (0x00000001) c.nop
core   0: 3 0x80001194 (0x0001)
core   0: 0x80001196 (0x03075ab3) divu    s5, a4, a6
core   0: 3 0x80001196 (0x03075ab3) x21 0x00000000
core   0: 0x8000119a (0x00006b0d) c.lui   s6, 0x3
core   0: 3 0x8000119a (0x6b0d) x22 0x00003000
core   0: 0x8000119c (0x037a38b3) mulhu   a7, s4, s7
core   0: 3 0x8000119c (0x037a38b3) x17 0x3a00a995
core   0: 0x800011a0 (0xfcc50ee3) beq     a0, a2, pc - 36
core   0: 3 0x800011a0 (0xfcc50ee3)
core   0: 0x800011a4 (0xfa97eae3) bltu    a5, s1, pc - 76
core   0: 3 0x800011a4 (0xfa97eae3)
core   0: 0x800011a8 (0x00008ebd) c.xor   a3, a5
core   0: 3 0x800011a8 (0x8ebd) x13 0xfff0000d
core   0: 0x800011aa (0x00a00793) li      a5, 10
core   0: 3 0x800011aa (0x00a00793) x15 0x0000000a
core   0: 0x800011ae (0x00008edd) c.or    a3, a5
core   0: 3 0x800011ae (0x8edd) x13 0xfff0000f
core   0: 0x800011b0 (0x004e1733) sll     a4, t3, tp
core   0: 3 0x800011b0 (0x004e1733) x14 0xa72ef273
core   0: 0x800011b4 (0x85e57a93) andi    s5, a0, -1954
core   0: 3 0x800011b4 (0x85e57a93) x21 0x00000008
core   0: 0x800011b8 (0x00700113) li      sp, 7
core   0: 3 0x800011b8 (0x00700113) x 2 0x00000007
core   0: 0x800011bc (0x039ad1b3) divu    gp, s5, s9
core   0: 3 0x800011bc (0x039ad1b3) x 3 0x00000000
core   0: 0x800011c0 (0x2e96ddb7) lui     s11, 0x2e96d
core   0: 3 0x800011c0 (0x2e96ddb7) x27 0x2e96d000
core   0: 0x800011c4 (0x40aa8e33) sub     t3, s5, a0
core   0: 3 0x800011c4 (0x40aa8e33) x28 0x00000000
core   0: 0x800011c8 (0x033f42b3) div     t0, t5, s3
core   0: 3 0x800011c8 (0x033f42b3) x 5 0x000000a7
core   0: 0x800011cc (0x017e66b3) or      a3, t3, s7
core   0: 3 0x800011cc (0x017e66b3) x13 0x58d10db1
core   0: 0x800011d0 (0x727d8213) addi    tp, s11, 1831
core   0: 3 0x800011d0 (0x727d8213) x 4 0x2e96d727
core   0: 0x800011d4 (0x01cb83b3) add     t2, s7, t3
core   0: 3 0x800011d4 (0x01cb83b3) x 7 0x58d10db1
core   0: 0x800011d8 (0x00008225) c.srli  a2, 9
core   0: 3 0x800011d8 (0x8225) x12 0x00000000
core   0: 0x800011da (0x00a7b533) sltu    a0, a5, a0
core   0: 3 0x800011da (0x00a7b533) x10 0x00000000
core   0: 0x800011de (0x00008da1) c.xor   a1, s0
core   0: 3 0x800011de (0x8da1) x11 0x00000000
core   0: 0x800011e0 (0x0147fe33) and     t3, a5, s4
core   0: 3 0x800011e0 (0x0147fe33) x28 0x0000000a
core   0: 0x800011e4 (0x00008325) c.srli  a4, 9
core   0: 3 0x800011e4 (0x8325) x14 0x00539779
core   0: 0x800011e6 (0x56baa637) lui     a2, 0x56baa
core   0: 3 0x800011e6 (0x56baa637) x12 0x56baa000
core   0: 0x800011ea (0x01b15913) srli    s2, sp, 27
core   0: 3 0x800011ea (0x01b15913) x18 0x00000000
core   0: 0x800011ee (0x03b6afb3) mulhsu  t6, a3, s11
core   0: 3 0x800011ee (0x03b6afb3) x31 0x1029e31d
core   0: 0x800011f2 (0x00008935) c.andi  a0, 13
core   0: 3 0x800011f2 (0x8935) x10 0x00000000
core   0: 0x800011f4 (0x00008ab9) c.andi  a3, 14
core   0: 3 0x800011f4 (0x8ab9) x13 0x00000000
core   0: 0x800011f6 (0x00089f13) slli    t5, a7, 0
core   0: 3 0x800011f6 (0x00089f13) x30 0x3a00a995
core   0: 0x800011fa (0x000017f1) c.addi  a5, -4
core   0: 3 0x800011fa (0x17f1) x15 0x00000006
core   0: 0x800011fc (0x00008f1d) c.sub   a4, a5
core   0: 3 0x800011fc (0x8f1d) x14 0x00539773
core   0: 0x800011fe (0x016a3eb3) sltu    t4, s4, s6
core   0: 3 0x800011fe (0x016a3eb3) x29 0x00000000
core   0: 0x80001202 (0x014e7033) and     zero, t3, s4
core   0: 3 0x80001202 (0x014e7033)
core   0: 0x80001206 (0xfc27fae3) bgeu    a5, sp, pc - 44
core   0: 3 0x80001206 (0xfc27fae3)
core   0: 0x8000120a (0x0ff0000f) fence   iorw,iorw
core   0: 3 0x8000120a (0x0ff0000f)
core   0: 0x8000120e (0x00a00213) li      tp, 10
core   0: 3 0x8000120e (0x00a00213) x 4 0x0000000a
core   0: 0x80001212 (0x03ee7c33) remu    s8, t3, t5
core   0: 3 0x80001212 (0x03ee7c33) x24 0x0000000a
core   0: 0x80001216 (0x002c2033) slt     zero, s8, sp
core   0: 3 0x80001216 (0x002c2033)
core   0: 0x8000121a (0x33c1a037) lui     zero, 0x33c1a
core   0: 3 0x8000121a (0x33c1a037)
core   0: 0x8000121e (0x00000001) c.nop
core   0: 3 0x8000121e (0x0001)
core   0: 0x80001220 (0x019fbe33) sltu    t3, t6, s9
core   0: 3 0x80001220 (0x019fbe33) x28 0x00000001
core   0: 0x80001224 (0x00ddf933) and     s2, s11, a3
core   0: 3 0x80001224 (0x00ddf933) x18 0x00000000
core   0: 0x80001228 (0xffa00993) li      s3, -6
core   0: 3 0x80001228 (0xffa00993) x19 0xfffffffa
core   0: 0x8000122c (0x00008c29) c.xor   s0, a0
core   0: 3 0x8000122c (0x8c29) x 8 0x00000000
core   0: 0x8000122e (0x00008c4d) c.or    s0, a1
core   0: 3 0x8000122e (0x8c4d) x 8 0x00000000
core   0: 0x80001230 (0x00008c51) c.or    s0, a2
core   0: 3 0x80001230 (0x8c51) x 8 0x56baa000
core   0: 0x80001232 (0x00008fa5) c.xor   a5, s1
core   0: 3 0x80001232 (0x8fa5) x15 0x0000000f
core   0: 0x80001234 (0x027bd933) divu    s2, s7, t2
core   0: 3 0x80001234 (0x027bd933) x18 0x00000001
core   0: 0x80001238 (0x00008e61) c.and   a2, s0
core   0: 3 0x80001238 (0x8e61) x12 0x56baa000
core   0: 0x8000123a (0x006dd593) srli    a1, s11, 6
core   0: 3 0x8000123a (0x006dd593) x11 0x00ba5b40
core   0: 0x8000123e (0x6f1f4b13) xori    s6, t5, 1777
core   0: 3 0x8000123e (0x6f1f4b13) x22 0x3a00af64
core   0: 0x80001242 (0x41515f33) sra     t5, sp, s5
core   0: 3 0x80001242 (0x41515f33) x30 0x00000000
core   0: 0x80001246 (0x00001261) c.addi  tp, -8
core   0: 3 0x80001246 (0x1261) x 4 0x00000002
core   0: 0x80001248 (0x0000613d) c.addi16sp sp, 480
core   0: 3 0x80001248 (0x613d) x 2 0x000001e7
core   0: 0x8000124a (0x0388a6b3) mulhsu  a3, a7, s8
core   0: 3 0x8000124a (0x0388a6b3) x13 0x00000002
core   0: 0x8000124e (0x036292b3) mulh    t0, t0, s6
core   0: 3 0x8000124e (0x036292b3) x 5 0x00000025
core   0: 0x80001252 (0x01caf2b3) and     t0, s5, t3
core   0: 3 0x80001252 (0x01caf2b3) x 5 0x00000000
core   0: 0x80001256 (0x00000001) c.nop
core   0: 3 0x80001256 (0x0001)
core   0: 0x80001258 (0xff3200e3) beq     tp, s3, pc - 32
core   0: 3 0x80001258 (0xff3200e3)
core   0: 0x8000125c (0x02abe3b3) rem     t2, s7, a0
core   0: 3 0x8000125c (0x02abe3b3) x 7 0x58d10db1
core   0: 0x80001260 (0x00900f93) li      t6, 9
core   0: 3 0x80001260 (0x00900f93) x31 0x00000009
core   0: 0x80001264 (0x02f435b3) mulhu   a1, s0, a5
core   0: 3 0x80001264 (0x02f435b3) x11 0x00000005
core   0: 0x80001268 (0x02cb3133) mulhu   sp, s6, a2
core   0: 3 0x80001268 (0x02cb3133) x 2 0x13a683ab
core   0: 0x8000126c (0x01783ab3) sltu    s5, a6, s7
core   0: 3 0x8000126c (0x01783ab3) x21 0x00000000
core   0: 0x80001270 (0x005b5b13) srli    s6, s6, 5
core   0: 3 0x80001270 (0x005b5b13) x22 0x01d0057b
core   0: 0x80001274 (0x7099cd13) xori    s10, s3, 1801
core   0: 3 0x80001274 (0x7099cd13) x26 0xfffff8f3
core   0: 0x80001278 (0x00008756) c.mv    a4, s5
core   0: 3 0x80001278 (0x8756) x14 0x00000000
core   0: 0x8000127a (0x00000d32) c.slli  s10, 12
core   0: 3 0x8000127a (0x0d32) x26 0xff8f3000
core   0: 0x8000127c (0x00000413) li      s0, 0
core   0: 3 0x8000127c (0x00000413) x 8 0x00000000
core   0: 0x80001280 (0x00008615) c.srai  a2, 5
core   0: 3 0x80001280 (0x8615) x12 0x02b5d500
core   0: 0x80001282 (0x0000168c) c.addi4spn a1, sp, 864
core   0: 3 0x80001282 (0x168c) x11 0x13a6870b
core   0: 0x80001284 (0x412f8cb3) sub     s9, t6, s2
core   0: 3 0x80001284 (0x412f8cb3) x25 0x00000008
core   0: 0x80001288 (0x03457533) remu    a0, a0, s4
core   0: 3 0x80001288 (0x03457533) x10 0x00000000
core   0: 0x8000128c (0x00001ff5) c.addi  t6, -3
core   0: 3 0x8000128c (0x1ff5) x31 0x00000006
core   0: 0x8000128e (0x00008da1) c.xor   a1, s0
core   0: 3 0x8000128e (0x8da1) x11 0x13a6870b
core   0: 0x80001290 (0x405edf33) sra     t5, t4, t0
core   0: 3 0x80001290 (0x405edf33) x30 0x00000000
core   0: 0x80001294 (0x00008c99) c.sub   s1, a4
core   0: 3 0x80001294 (0x8c99) x 9 0x00000009
core   0: 0x80001296 (0x412f8ab3) sub     s5, t6, s2
core   0: 3 0x80001296 (0x412f8ab3) x21 0x00000005
core   0: 0x8000129a (0x92468593) addi    a1, a3, -1756
core   0: 3 0x8000129a (0x92468593) x11 0xfffff926
core   0: 0x8000129e (0xfe8f83e3) beq     t6, s0, pc - 26
core   0: 3 0x8000129e (0xfe8f83e3)
core   0: 0x800012a2 (0x0134d2b3) srl     t0, s1, s3
core   0: 3 0x800012a2 (0x0134d2b3) x 5 0x00000000
core   0: 0x800012a6 (0x00700493) li      s1, 7
core   0: 3 0x800012a6 (0x00700493) x 9 0x00000007
core   0: 0x800012aa (0x00000001) c.nop
core   0: 3 0x800012aa (0x0001)
core   0: 0x800012ac (0x00008f01) c.sub   a4, s0
core   0: 3 0x800012ac (0x8f01) x14 0x00000000
core   0: 0x800012ae (0x000014e5) c.addi  s1, -7
core   0: 3 0x800012ae (0x14e5) x 9 0x00000000
core   0: 0x800012b0 (0xffd00f93) li      t6, -3
core   0: 3 0x800012b0 (0xffd00f93) x31 0xfffffffd
core   0: 0x800012b4 (0x01000213) li      tp, 16
core   0: 3 0x800012b4 (0x01000213) x 4 0x00000010
core   0: 0x800012b8 (0x00a4c933) xor     s2, s1, a0
core   0: 3 0x800012b8 (0x00a4c933) x18 0x00000000
core   0: 0x800012bc (0x038d77b3) remu    a5, s10, s8
core   0: 3 0x800012bc (0x038d77b3) x15 0x00000006
core   0: 0x800012c0 (0x00000f9d) c.addi  t6, 7
core   0: 3 0x800012c0 (0x0f9d) x31 0x00000004
core   0: 0x800012c2 (0xfe4fcde3) blt     t6, tp, pc - 6
core   0: 3 0x800012c2 (0xfe4fcde3)
core   0: 0x800012bc (0x038d77b3) remu    a5, s10, s8
core   0: 3 0x800012bc (0x038d77b3) x15 0x00000006
core   0: 0x800012c0 (0x00000f9d) c.addi  t6, 7
core   0: 3 0x800012c0 (0x0f9d) x31 0x0000000b
core   0: 0x800012c2 (0xfe4fcde3) blt     t6, tp, pc - 6
core   0: 3 0x800012c2 (0xfe4fcde3)
core   0: 0x800012bc (0x038d77b3) remu    a5, s10, s8
core   0: 3 0x800012bc (0x038d77b3) x15 0x00000006
core   0: 0x800012c0 (0x00000f9d) c.addi  t6, 7
core   0: 3 0x800012c0 (0x0f9d) x31 0x00000012
core   0: 0x800012c2 (0xfe4fcde3) blt     t6, tp, pc - 6
core   0: 3 0x800012c2 (0xfe4fcde3)
core   0: 0x800012c6 (0x0000d0fd) c.beqz  s1, pc - 26
core   0: 3 0x800012c6 (0xd0fd)
core   0: 0x800012ac (0x00008f01) c.sub   a4, s0
core   0: 3 0x800012ac (0x8f01) x14 0x00000000
core   0: 0x800012ae (0x000014e5) c.addi  s1, -7
core   0: 3 0x800012ae (0x14e5) x 9 0xfffffff9
core   0: 0x800012b0 (0xffd00f93) li      t6, -3
core   0: 3 0x800012b0 (0xffd00f93) x31 0xfffffffd
core   0: 0x800012b4 (0x01000213) li      tp, 16
core   0: 3 0x800012b4 (0x01000213) x 4 0x00000010
core   0: 0x800012b8 (0x00a4c933) xor     s2, s1, a0
core   0: 3 0x800012b8 (0x00a4c933) x18 0xfffffff9
core   0: 0x800012bc (0x038d77b3) remu    a5, s10, s8
core   0: 3 0x800012bc (0x038d77b3) x15 0x00000006
core   0: 0x800012c0 (0x00000f9d) c.addi  t6, 7
core   0: 3 0x800012c0 (0x0f9d) x31 0x00000004
core   0: 0x800012c2 (0xfe4fcde3) blt     t6, tp, pc - 6
core   0: 3 0x800012c2 (0xfe4fcde3)
core   0: 0x800012bc (0x038d77b3) remu    a5, s10, s8
core   0: 3 0x800012bc (0x038d77b3) x15 0x00000006
core   0: 0x800012c0 (0x00000f9d) c.addi  t6, 7
core   0: 3 0x800012c0 (0x0f9d) x31 0x0000000b
core   0: 0x800012c2 (0xfe4fcde3) blt     t6, tp, pc - 6
core   0: 3 0x800012c2 (0xfe4fcde3)
core   0: 0x800012bc (0x038d77b3) remu    a5, s10, s8
core   0: 3 0x800012bc (0x038d77b3) x15 0x00000006
core   0: 0x800012c0 (0x00000f9d) c.addi  t6, 7
core   0: 3 0x800012c0 (0x0f9d) x31 0x00000012
core   0: 0x800012c2 (0xfe4fcde3) blt     t6, tp, pc - 6
core   0: 3 0x800012c2 (0xfe4fcde3)
core   0: 0x800012c6 (0x0000d0fd) c.beqz  s1, pc - 26
core   0: 3 0x800012c6 (0xd0fd)
core   0: 0x800012c8 (0x02409533) mulh    a0, ra, tp
core   0: 3 0x800012c8 (0x02409533) x10 0x00000000
core   0: 0x800012cc (0xffa00593) li      a1, -6
core   0: 3 0x800012cc (0xffa00593) x11 0xfffffffa
core   0: 0x800012d0 (0x000054fd) c.li    s1, -1
core   0: 3 0x800012d0 (0x54fd) x 9 0xffffffff
core   0: 0x800012d2 (0x01200893) li      a7, 18
core   0: 3 0x800012d2 (0x01200893) x17 0x00000012
core   0: 0x800012d6 (0x90a83393) sltiu   t2, a6, -1782
core   0: 3 0x800012d6 (0x90a83393) x 7 0x00000001
core   0: 0x800012da (0x00000001) c.nop
core   0: 3 0x800012da (0x0001)
core   0: 0x800012dc (0x5508ba93) sltiu   s5, a7, 1360
core   0: 3 0x800012dc (0x5508ba93) x21 0x00000001
core   0: 0x800012e0 (0x0376d733) divu    a4, a3, s7
core   0: 3 0x800012e0 (0x0376d733) x14 0x00000000
core   0: 0x800012e4 (0x00000589) c.addi  a1, 2
core   0: 3 0x800012e4 (0x0589) x11 0xfffffffc
core   0: 0x800012e6 (0x00b650b3) srl     ra, a2, a1
core   0: 3 0x800012e6 (0x00b650b3) x 1 0x00000000
core   0: 0x800012ea (0x419082b3) sub     t0, ra, s9
core   0: 3 0x800012ea (0x419082b3) x 5 0xfffffff8
core   0: 0x800012ee (0x00008ff5) c.and   a5, a3
core   0: 3 0x800012ee (0x8ff5) x15 0x00000002
core   0: 0x800012f0 (0x00008d21) c.xor   a0, s0
core   0: 3 0x800012f0 (0x8d21) x10 0x00000000
core   0: 0x800012f2 (0xff1594e3) bne     a1, a7, pc - 24
core   0: 3 0x800012f2 (0xff1594e3)
core   0: 0x800012da (0x00000001) c.nop
core   0: 3 0x800012da (0x0001)
core   0: 0x800012dc (0x5508ba93) sltiu   s5, a7, 1360
core   0: 3 0x800012dc (0x5508ba93) x21 0x00000001
core   0: 0x800012e0 (0x0376d733) divu    a4, a3, s7
core   0: 3 0x800012e0 (0x0376d733) x14 0x00000000
core   0: 0x800012e4 (0x00000589) c.addi  a1, 2
core   0: 3 0x800012e4 (0x0589) x11 0xfffffffe
core   0: 0x800012e6 (0x00b650b3) srl     ra, a2, a1
core   0: 3 0x800012e6 (0x00b650b3) x 1 0x00000000
core   0: 0x800012ea (0x419082b3) sub     t0, ra, s9
core   0: 3 0x800012ea (0x419082b3) x 5 0xfffffff8
core   0: 0x800012ee (0x00008ff5) c.and   a5, a3
core   0: 3 0x800012ee (0x8ff5) x15 0x00000002
core   0: 0x800012f0 (0x00008d21) c.xor   a0, s0
core   0: 3 0x800012f0 (0x8d21) x10 0x00000000
core   0: 0x800012f2 (0xff1594e3) bne     a1, a7, pc - 24
core   0: 3 0x800012f2 (0xff1594e3)
core   0: 0x800012da (0x00000001) c.nop
core   0: 3 0x800012da (0x0001)
core   0: 0x800012dc (0x5508ba93) sltiu   s5, a7, 1360
core   0: 3 0x800012dc (0x5508ba93) x21 0x00000001
core   0: 0x800012e0 (0x0376d733) divu    a4, a3, s7
core   0: 3 0x800012e0 (0x0376d733) x14 0x00000000
core   0: 0x800012e4 (0x00000589) c.addi  a1, 2
core   0: 3 0x800012e4 (0x0589) x11 0x00000000
core   0: 0x800012e6 (0x00b650b3) srl     ra, a2, a1
core   0: 3 0x800012e6 (0x00b650b3) x 1 0x02b5d500
core   0: 0x800012ea (0x419082b3) sub     t0, ra, s9
core   0: 3 0x800012ea (0x419082b3) x 5 0x02b5d4f8
core   0: 0x800012ee (0x00008ff5) c.and   a5, a3
core   0: 3 0x800012ee (0x8ff5) x15 0x00000002
core   0: 0x800012f0 (0x00008d21) c.xor   a0, s0
core   0: 3 0x800012f0 (0x8d21) x10 0x00000000
core   0: 0x800012f2 (0xff1594e3) bne     a1, a7, pc - 24
core   0: 3 0x800012f2 (0xff1594e3)
core   0: 0x800012da (0x00000001) c.nop
core   0: 3 0x800012da (0x0001)
core   0: 0x800012dc (0x5508ba93) sltiu   s5, a7, 1360
core   0: 3 0x800012dc (0x5508ba93) x21 0x00000001
core   0: 0x800012e0 (0x0376d733) divu    a4, a3, s7
core   0: 3 0x800012e0 (0x0376d733) x14 0x00000000
core   0: 0x800012e4 (0x00000589) c.addi  a1, 2
core   0: 3 0x800012e4 (0x0589) x11 0x00000002
core   0: 0x800012e6 (0x00b650b3) srl     ra, a2, a1
core   0: 3 0x800012e6 (0x00b650b3) x 1 0x00ad7540
core   0: 0x800012ea (0x419082b3) sub     t0, ra, s9
core   0: 3 0x800012ea (0x419082b3) x 5 0x00ad7538
core   0: 0x800012ee (0x00008ff5) c.and   a5, a3
core   0: 3 0x800012ee (0x8ff5) x15 0x00000002
core   0: 0x800012f0 (0x00008d21) c.xor   a0, s0
core   0: 3 0x800012f0 (0x8d21) x10 0x00000000
core   0: 0x800012f2 (0xff1594e3) bne     a1, a7, pc - 24
core   0: 3 0x800012f2 (0xff1594e3)
core   0: 0x800012da (0x00000001) c.nop
core   0: 3 0x800012da (0x0001)
core   0: 0x800012dc (0x5508ba93) sltiu   s5, a7, 1360
core   0: 3 0x800012dc (0x5508ba93) x21 0x00000001
core   0: 0x800012e0 (0x0376d733) divu    a4, a3, s7
core   0: 3 0x800012e0 (0x0376d733) x14 0x00000000
core   0: 0x800012e4 (0x00000589) c.addi  a1, 2
core   0: 3 0x800012e4 (0x0589) x11 0x00000004
core   0: 0x800012e6 (0x00b650b3) srl     ra, a2, a1
core   0: 3 0x800012e6 (0x00b650b3) x 1 0x002b5d50
core   0: 0x800012ea (0x419082b3) sub     t0, ra, s9
core   0: 3 0x800012ea (0x419082b3) x 5 0x002b5d48
core   0: 0x800012ee (0x00008ff5) c.and   a5, a3
core   0: 3 0x800012ee (0x8ff5) x15 0x00000002
core   0: 0x800012f0 (0x00008d21) c.xor   a0, s0
core   0: 3 0x800012f0 (0x8d21) x10 0x00000000
core   0: 0x800012f2 (0xff1594e3) bne     a1, a7, pc - 24
core   0: 3 0x800012f2 (0xff1594e3)
core   0: 0x800012da (0x00000001) c.nop
core   0: 3 0x800012da (0x0001)
core   0: 0x800012dc (0x5508ba93) sltiu   s5, a7, 1360
core   0: 3 0x800012dc (0x5508ba93) x21 0x00000001
core   0: 0x800012e0 (0x0376d733) divu    a4, a3, s7
core   0: 3 0x800012e0 (0x0376d733) x14 0x00000000
core   0: 0x800012e4 (0x00000589) c.addi  a1, 2
core   0: 3 0x800012e4 (0x0589) x11 0x00000006
core   0: 0x800012e6 (0x00b650b3) srl     ra, a2, a1
core   0: 3 0x800012e6 (0x00b650b3) x 1 0x000ad754
core   0: 0x800012ea (0x419082b3) sub     t0, ra, s9
core   0: 3 0x800012ea (0x419082b3) x 5 0x000ad74c
core   0: 0x800012ee (0x00008ff5) c.and   a5, a3
core   0: 3 0x800012ee (0x8ff5) x15 0x00000002
core   0: 0x800012f0 (0x00008d21) c.xor   a0, s0
core   0: 3 0x800012f0 (0x8d21) x10 0x00000000
core   0: 0x800012f2 (0xff1594e3) bne     a1, a7, pc - 24
core   0: 3 0x800012f2 (0xff1594e3)
core   0: 0x800012da (0x00000001) c.nop
core   0: 3 0x800012da (0x0001)
core   0: 0x800012dc (0x5508ba93) sltiu   s5, a7, 1360
core   0: 3 0x800012dc (0x5508ba93) x21 0x00000001
core   0: 0x800012e0 (0x0376d733) divu    a4, a3, s7
core   0: 3 0x800012e0 (0x0376d733) x14 0x00000000
core   0: 0x800012e4 (0x00000589) c.addi  a1, 2
core   0: 3 0x800012e4 (0x0589) x11 0x00000008
core   0: 0x800012e6 (0x00b650b3) srl     ra, a2, a1
core   0: 3 0x800012e6 (0x00b650b3) x 1 0x0002b5d5
core   0: 0x800012ea (0x419082b3) sub     t0, ra, s9
core   0: 3 0x800012ea (0x419082b3) x 5 0x0002b5cd
core   0: 0x800012ee (0x00008ff5) c.and   a5, a3
core   0: 3 0x800012ee (0x8ff5) x15 0x00000002
core   0: 0x800012f0 (0x00008d21) c.xor   a0, s0
core   0: 3 0x800012f0 (0x8d21) x10 0x00000000
core   0: 0x800012f2 (0xff1594e3) bne     a1, a7, pc - 24
core   0: 3 0x800012f2 (0xff1594e3)
core   0: 0x800012da (0x00000001) c.nop
core   0: 3 0x800012da (0x0001)
core   0: 0x800012dc (0x5508ba93) sltiu   s5, a7, 1360
core   0: 3 0x800012dc (0x5508ba93) x21 0x00000001
core   0: 0x800012e0 (0x0376d733) divu    a4, a3, s7
core   0: 3 0x800012e0 (0x0376d733) x14 0x00000000
core   0: 0x800012e4 (0x00000589) c.addi  a1, 2
core   0: 3 0x800012e4 (0x0589) x11 0x0000000a
core   0: 0x800012e6 (0x00b650b3) srl     ra, a2, a1
core   0: 3 0x800012e6 (0x00b650b3) x 1 0x0000ad75
core   0: 0x800012ea (0x419082b3) sub     t0, ra, s9
core   0: 3 0x800012ea (0x419082b3) x 5 0x0000ad6d
core   0: 0x800012ee (0x00008ff5) c.and   a5, a3
core   0: 3 0x800012ee (0x8ff5) x15 0x00000002
core   0: 0x800012f0 (0x00008d21) c.xor   a0, s0
core   0: 3 0x800012f0 (0x8d21) x10 0x00000000
core   0: 0x800012f2 (0xff1594e3) bne     a1, a7, pc - 24
core   0: 3 0x800012f2 (0xff1594e3)
core   0: 0x800012da (0x00000001) c.nop
core   0: 3 0x800012da (0x0001)
core   0: 0x800012dc (0x5508ba93) sltiu   s5, a7, 1360
core   0: 3 0x800012dc (0x5508ba93) x21 0x00000001
core   0: 0x800012e0 (0x0376d733) divu    a4, a3, s7
core   0: 3 0x800012e0 (0x0376d733) x14 0x00000000
core   0: 0x800012e4 (0x00000589) c.addi  a1, 2
core   0: 3 0x800012e4 (0x0589) x11 0x0000000c
core   0: 0x800012e6 (0x00b650b3) srl     ra, a2, a1
core   0: 3 0x800012e6 (0x00b650b3) x 1 0x00002b5d
core   0: 0x800012ea (0x419082b3) sub     t0, ra, s9
core   0: 3 0x800012ea (0x419082b3) x 5 0x00002b55
core   0: 0x800012ee (0x00008ff5) c.and   a5, a3
core   0: 3 0x800012ee (0x8ff5) x15 0x00000002
core   0: 0x800012f0 (0x00008d21) c.xor   a0, s0
core   0: 3 0x800012f0 (0x8d21) x10 0x00000000
core   0: 0x800012f2 (0xff1594e3) bne     a1, a7, pc - 24
core   0: 3 0x800012f2 (0xff1594e3)
core   0: 0x800012da (0x00000001) c.nop
core   0: 3 0x800012da (0x0001)
core   0: 0x800012dc (0x5508ba93) sltiu   s5, a7, 1360
core   0: 3 0x800012dc (0x5508ba93) x21 0x00000001
core   0: 0x800012e0 (0x0376d733) divu    a4, a3, s7
core   0: 3 0x800012e0 (0x0376d733) x14 0x00000000
core   0: 0x800012e4 (0x00000589) c.addi  a1, 2
core   0: 3 0x800012e4 (0x0589) x11 0x0000000e
core   0: 0x800012e6 (0x00b650b3) srl     ra, a2, a1
core   0: 3 0x800012e6 (0x00b650b3) x 1 0x00000ad7
core   0: 0x800012ea (0x419082b3) sub     t0, ra, s9
core   0: 3 0x800012ea (0x419082b3) x 5 0x00000acf
core   0: 0x800012ee (0x00008ff5) c.and   a5, a3
core   0: 3 0x800012ee (0x8ff5) x15 0x00000002
core   0: 0x800012f0 (0x00008d21) c.xor   a0, s0
core   0: 3 0x800012f0 (0x8d21) x10 0x00000000
core   0: 0x800012f2 (0xff1594e3) bne     a1, a7, pc - 24
core   0: 3 0x800012f2 (0xff1594e3)
core   0: 0x800012da (0x00000001) c.nop
core   0: 3 0x800012da (0x0001)
core   0: 0x800012dc (0x5508ba93) sltiu   s5, a7, 1360
core   0: 3 0x800012dc (0x5508ba93) x21 0x00000001
core   0: 0x800012e0 (0x0376d733) divu    a4, a3, s7
core   0: 3 0x800012e0 (0x0376d733) x14 0x00000000
core   0: 0x800012e4 (0x00000589) c.addi  a1, 2
core   0: 3 0x800012e4 (0x0589) x11 0x00000010
core   0: 0x800012e6 (0x00b650b3) srl     ra, a2, a1
core   0: 3 0x800012e6 (0x00b650b3) x 1 0x000002b5
core   0: 0x800012ea (0x419082b3) sub     t0, ra, s9
core   0: 3 0x800012ea (0x419082b3) x 5 0x000002ad
core   0: 0x800012ee (0x00008ff5) c.and   a5, a3
core   0: 3 0x800012ee (0x8ff5) x15 0x00000002
core   0: 0x800012f0 (0x00008d21) c.xor   a0, s0
core   0: 3 0x800012f0 (0x8d21) x10 0x00000000
core   0: 0x800012f2 (0xff1594e3) bne     a1, a7, pc - 24
core   0: 3 0x800012f2 (0xff1594e3)
core   0: 0x800012da (0x00000001) c.nop
core   0: 3 0x800012da (0x0001)
core   0: 0x800012dc (0x5508ba93) sltiu   s5, a7, 1360
core   0: 3 0x800012dc (0x5508ba93) x21 0x00000001
core   0: 0x800012e0 (0x0376d733) divu    a4, a3, s7
core   0: 3 0x800012e0 (0x0376d733) x14 0x00000000
core   0: 0x800012e4 (0x00000589) c.addi  a1, 2
core   0: 3 0x800012e4 (0x0589) x11 0x00000012
core   0: 0x800012e6 (0x00b650b3) srl     ra, a2, a1
core   0: 3 0x800012e6 (0x00b650b3) x 1 0x000000ad
core   0: 0x800012ea (0x419082b3) sub     t0, ra, s9
core   0: 3 0x800012ea (0x419082b3) x 5 0x000000a5
core   0: 0x800012ee (0x00008ff5) c.and   a5, a3
core   0: 3 0x800012ee (0x8ff5) x15 0x00000002
core   0: 0x800012f0 (0x00008d21) c.xor   a0, s0
core   0: 3 0x800012f0 (0x8d21) x10 0x00000000
core   0: 0x800012f2 (0xff1594e3) bne     a1, a7, pc - 24
core   0: 3 0x800012f2 (0xff1594e3)
core   0: 0x800012f6 (0x00008f05) c.sub   a4, s1
core   0: 3 0x800012f6 (0x8f05) x14 0x00000001
core   0: 0x800012f8 (0xff800493) li      s1, -8
core   0: 3 0x800012f8 (0xff800493) x 9 0xfffffff8
core   0: 0x800012fc (0x01cda433) slt     s0, s11, t3
core   0: 3 0x800012fc (0x01cda433) x 8 0x00000000
core   0: 0x80001300 (0x010bf533) and     a0, s7, a6
core   0: 3 0x80001300 (0x010bf533) x10 0x00000ca0
core   0: 0x80001304 (0x00000001) c.nop
core   0: 3 0x80001304 (0x0001)
core   0: 0x80001306 (0x00000001) c.nop
core   0: 3 0x80001306 (0x0001)
core   0: 0x80001308 (0x3aed7c93) andi    s9, s10, 942
core   0: 3 0x80001308 (0x3aed7c93) x25 0x00000000
core   0: 0x8000130c (0x00008fa5) c.xor   a5, s1
core   0: 3 0x8000130c (0x8fa5) x15 0xfffffffa
core   0: 0x8000130e (0x00000485) c.addi  s1, 1
core   0: 3 0x8000130e (0x0485) x 9 0xfffffff9
core   0: 0x80001310 (0x015690b3) sll     ra, a3, s5
core   0: 3 0x80001310 (0x015690b3) x 1 0x00000004
core   0: 0x80001314 (0x0000610d) c.addi16sp sp, 160
core   0: 3 0x80001314 (0x610d) x 2 0x13a6844b
core   0: 0x80001316 (0x0000f8fd) c.bnez  s1, pc - 10
core   0: 3 0x80001316 (0xf8fd)
core   0: 0x8000130c (0x00008fa5) c.xor   a5, s1
core   0: 3 0x8000130c (0x8fa5) x15 0x00000003
core   0: 0x8000130e (0x00000485) c.addi  s1, 1
core   0: 3 0x8000130e (0x0485) x 9 0xfffffffa
core   0: 0x80001310 (0x015690b3) sll     ra, a3, s5
core   0: 3 0x80001310 (0x015690b3) x 1 0x00000004
core   0: 0x80001314 (0x0000610d) c.addi16sp sp, 160
core   0: 3 0x80001314 (0x610d) x 2 0x13a684eb
core   0: 0x80001316 (0x0000f8fd) c.bnez  s1, pc - 10
core   0: 3 0x80001316 (0xf8fd)
core   0: 0x8000130c (0x00008fa5) c.xor   a5, s1
core   0: 3 0x8000130c (0x8fa5) x15 0xfffffff9
core   0: 0x8000130e (0x00000485) c.addi  s1, 1
core   0: 3 0x8000130e (0x0485) x 9 0xfffffffb
core   0: 0x80001310 (0x015690b3) sll     ra, a3, s5
core   0: 3 0x80001310 (0x015690b3) x 1 0x00000004
core   0: 0x80001314 (0x0000610d) c.addi16sp sp, 160
core   0: 3 0x80001314 (0x610d) x 2 0x13a6858b
core   0: 0x80001316 (0x0000f8fd) c.bnez  s1, pc - 10
core   0: 3 0x80001316 (0xf8fd)
core   0: 0x8000130c (0x00008fa5) c.xor   a5, s1
core   0: 3 0x8000130c (0x8fa5) x15 0x00000002
core   0: 0x8000130e (0x00000485) c.addi  s1, 1
core   0: 3 0x8000130e (0x0485) x 9 0xfffffffc
core   0: 0x80001310 (0x015690b3) sll     ra, a3, s5
core   0: 3 0x80001310 (0x015690b3) x 1 0x00000004
core   0: 0x80001314 (0x0000610d) c.addi16sp sp, 160
core   0: 3 0x80001314 (0x610d) x 2 0x13a6862b
core   0: 0x80001316 (0x0000f8fd) c.bnez  s1, pc - 10
core   0: 3 0x80001316 (0xf8fd)
core   0: 0x8000130c (0x00008fa5) c.xor   a5, s1
core   0: 3 0x8000130c (0x8fa5) x15 0xfffffffe
core   0: 0x8000130e (0x00000485) c.addi  s1, 1
core   0: 3 0x8000130e (0x0485) x 9 0xfffffffd
core   0: 0x80001310 (0x015690b3) sll     ra, a3, s5
core   0: 3 0x80001310 (0x015690b3) x 1 0x00000004
core   0: 0x80001314 (0x0000610d) c.addi16sp sp, 160
core   0: 3 0x80001314 (0x610d) x 2 0x13a686cb
core   0: 0x80001316 (0x0000f8fd) c.bnez  s1, pc - 10
core   0: 3 0x80001316 (0xf8fd)
core   0: 0x8000130c (0x00008fa5) c.xor   a5, s1
core   0: 3 0x8000130c (0x8fa5) x15 0x00000003
core   0: 0x8000130e (0x00000485) c.addi  s1, 1
core   0: 3 0x8000130e (0x0485) x 9 0xfffffffe
core   0: 0x80001310 (0x015690b3) sll     ra, a3, s5
core   0: 3 0x80001310 (0x015690b3) x 1 0x00000004
core   0: 0x80001314 (0x0000610d) c.addi16sp sp, 160
core   0: 3 0x80001314 (0x610d) x 2 0x13a6876b
core   0: 0x80001316 (0x0000f8fd) c.bnez  s1, pc - 10
core   0: 3 0x80001316 (0xf8fd)
core   0: 0x8000130c (0x00008fa5) c.xor   a5, s1
core   0: 3 0x8000130c (0x8fa5) x15 0xfffffffd
core   0: 0x8000130e (0x00000485) c.addi  s1, 1
core   0: 3 0x8000130e (0x0485) x 9 0xffffffff
core   0: 0x80001310 (0x015690b3) sll     ra, a3, s5
core   0: 3 0x80001310 (0x015690b3) x 1 0x00000004
core   0: 0x80001314 (0x0000610d) c.addi16sp sp, 160
core   0: 3 0x80001314 (0x610d) x 2 0x13a6880b
core   0: 0x80001316 (0x0000f8fd) c.bnez  s1, pc - 10
core   0: 3 0x80001316 (0xf8fd)
core   0: 0x8000130c (0x00008fa5) c.xor   a5, s1
core   0: 3 0x8000130c (0x8fa5) x15 0x00000002
core   0: 0x8000130e (0x00000485) c.addi  s1, 1
core   0: 3 0x8000130e (0x0485) x 9 0x00000000
core   0: 0x80001310 (0x015690b3) sll     ra, a3, s5
core   0: 3 0x80001310 (0x015690b3) x 1 0x00000004
core   0: 0x80001314 (0x0000610d) c.addi16sp sp, 160
core   0: 3 0x80001314 (0x610d) x 2 0x13a688ab
core   0: 0x80001316 (0x0000f8fd) c.bnez  s1, pc - 10
core   0: 3 0x80001316 (0xf8fd)
core   0: 0x80001318 (0xb8c57413) andi    s0, a0, -1140
core   0: 3 0x80001318 (0xb8c57413) x 8 0x00000880
core   0: 0x8000131c (0x00400693) li      a3, 4
core   0: 3 0x8000131c (0x00400693) x13 0x00000004
core   0: 0x80001320 (0x00a00213) li      tp, 10
core   0: 3 0x80001320 (0x00a00213) x 4 0x0000000a
core   0: 0x80001324 (0x696feb93) ori     s7, t6, 1686
core   0: 3 0x80001324 (0x696feb93) x23 0x00000696
core   0: 0x80001328 (0x00738cb3) add     s9, t2, t2
core   0: 3 0x80001328 (0x00738cb3) x25 0x00000002
core   0: 0x8000132c (0x787acc93) xori    s9, s5, 1927
core   0: 3 0x8000132c (0x787acc93) x25 0x00000786
core   0: 0x80001330 (0x986c6f17) auipc   t5, 0x986c6
core   0: 3 0x80001330 (0x986c6f17) x30 0x186c7330
core   0: 0x80001334 (0x03e0a633) mulhsu  a2, ra, t5
core   0: 3 0x80001334 (0x03e0a633) x12 0x00000000
core   0: 0x80001338 (0xe3530293) addi    t0, t1, -459
core   0: 3 0x80001338 (0xe3530293) x 5 0x80022c99
core   0: 0x8000133c (0x00008ccd) c.or    s1, a1
core   0: 3 0x8000133c (0x8ccd) x 9 0x00000012
core   0: 0x8000133e (0x0000717d) c.addi16sp sp, -16
core   0: 3 0x8000133e (0x717d) x 2 0x13a6889b
core   0: 0x80001340 (0x00000689) c.addi  a3, 2
core   0: 3 0x80001340 (0x0689) x13 0x00000006
core   0: 0x80001342 (0x028b6033) rem     zero, s6, s0
core   0: 3 0x80001342 (0x028b6033)
core   0: 0x80001346 (0xa849f193) andi    gp, s3, -1404
core   0: 3 0x80001346 (0xa849f193) x 3 0xfffffa80
core   0: 0x8000134a (0x01258c33) add     s8, a1, s2
core   0: 3 0x8000134a (0x01258c33) x24 0x0000000b
core   0: 0x8000134e (0x00cea2b3) slt     t0, t4, a2
core   0: 3 0x8000134e (0x00cea2b3) x 5 0x00000000
core   0: 0x80001352 (0x00500893) li      a7, 5
core   0: 3 0x80001352 (0x00500893) x17 0x00000005
core   0: 0x80001356 (0x00008d11) c.sub   a0, a2
core   0: 3 0x80001356 (0x8d11) x10 0x00000ca0
core   0: 0x80001358 (0xfed00d93) li      s11, -19
core   0: 3 0x80001358 (0xfed00d93) x27 0xffffffed
core   0: 0x8000135c (0x01f3ffb3) and     t6, t2, t6
core   0: 3 0x8000135c (0x01f3ffb3) x31 0x00000000
core   0: 0x80001360 (0x03dc7c33) remu    s8, s8, t4
core   0: 3 0x80001360 (0x03dc7c33) x24 0x0000000b
core   0: 0x80001364 (0x00008c99) c.sub   s1, a4
core   0: 3 0x80001364 (0x8c99) x 9 0x00000011
core   0: 0x80001366 (0x000018e9) c.addi  a7, -6
core   0: 3 0x80001366 (0x18e9) x17 0xffffffff
core   0: 0x80001368 (0x00008f6d) c.and   a4, a1
core   0: 3 0x80001368 (0x8f6d) x14 0x00000000
core   0: 0x8000136a (0xffb89be3) bne     a7, s11, pc - 10
core   0: 3 0x8000136a (0xffb89be3)
core   0: 0x80001360 (0x03dc7c33) remu    s8, s8, t4
core   0: 3 0x80001360 (0x03dc7c33) x24 0x0000000b
core   0: 0x80001364 (0x00008c99) c.sub   s1, a4
core   0: 3 0x80001364 (0x8c99) x 9 0x00000011
core   0: 0x80001366 (0x000018e9) c.addi  a7, -6
core   0: 3 0x80001366 (0x18e9) x17 0xfffffff9
core   0: 0x80001368 (0x00008f6d) c.and   a4, a1
core   0: 3 0x80001368 (0x8f6d) x14 0x00000000
core   0: 0x8000136a (0xffb89be3) bne     a7, s11, pc - 10
core   0: 3 0x8000136a (0xffb89be3)
core   0: 0x80001360 (0x03dc7c33) remu    s8, s8, t4
core   0: 3 0x80001360 (0x03dc7c33) x24 0x0000000b
core   0: 0x80001364 (0x00008c99) c.sub   s1, a4
core   0: 3 0x80001364 (0x8c99) x 9 0x00000011
core   0: 0x80001366 (0x000018e9) c.addi  a7, -6
core   0: 3 0x80001366 (0x18e9) x17 0xfffffff3
core   0: 0x80001368 (0x00008f6d) c.and   a4, a1
core   0: 3 0x80001368 (0x8f6d) x14 0x00000000
core   0: 0x8000136a (0xffb89be3) bne     a7, s11, pc - 10
core   0: 3 0x8000136a (0xffb89be3)
core   0: 0x80001360 (0x03dc7c33) remu    s8, s8, t4
core   0: 3 0x80001360 (0x03dc7c33) x24 0x0000000b
core   0: 0x80001364 (0x00008c99) c.sub   s1, a4
core   0: 3 0x80001364 (0x8c99) x 9 0x00000011
core   0: 0x80001366 (0x000018e9) c.addi  a7, -6
core   0: 3 0x80001366 (0x18e9) x17 0xffffffed
core   0: 0x80001368 (0x00008f6d) c.and   a4, a1
core   0: 3 0x80001368 (0x8f6d) x14 0x00000000
core   0: 0x8000136a (0xffb89be3) bne     a7, s11, pc - 10
core   0: 3 0x8000136a (0xffb89be3)
core   0: 0x8000136e (0x01e6c033) xor     zero, a3, t5
core   0: 3 0x8000136e (0x01e6c033)
core   0: 0x80001372 (0x03314ab3) div     s5, sp, s3
core   0: 3 0x80001372 (0x03314ab3) x21 0xfcb993e7
core   0: 0x80001376 (0x02be3f33) mulhu   t5, t3, a1
core   0: 3 0x80001376 (0x02be3f33) x30 0x00000000
core   0: 0x8000137a (0x00de01b3) add     gp, t3, a3
core   0: 3 0x8000137a (0x00de01b3) x 3 0x00000007
core   0: 0x8000137e (0x0ff0000f) fence   iorw,iorw
core   0: 3 0x8000137e (0x0ff0000f)
core   0: 0x80001382 (0x000098fd) c.andi  s1, -1
core   0: 3 0x80001382 (0x98fd) x 9 0x00000011
core   0: 0x80001384 (0xfa4692e3) bne     a3, tp, pc - 92
core   0: 3 0x80001384 (0xfa4692e3)
core   0: 0x80001328 (0x00738cb3) add     s9, t2, t2
core   0: 3 0x80001328 (0x00738cb3) x25 0x00000002
core   0: 0x8000132c (0x787acc93) xori    s9, s5, 1927
core   0: 3 0x8000132c (0x787acc93) x25 0xfcb99460
core   0: 0x80001330 (0x986c6f17) auipc   t5, 0x986c6
core   0: 3 0x80001330 (0x986c6f17) x30 0x186c7330
core   0: 0x80001334 (0x03e0a633) mulhsu  a2, ra, t5
core   0: 3 0x80001334 (0x03e0a633) x12 0x00000000
core   0: 0x80001338 (0xe3530293) addi    t0, t1, -459
core   0: 3 0x80001338 (0xe3530293) x 5 0x80022c99
core   0: 0x8000133c (0x00008ccd) c.or    s1, a1
core   0: 3 0x8000133c (0x8ccd) x 9 0x00000013
core   0: 0x8000133e (0x0000717d) c.addi16sp sp, -16
core   0: 3 0x8000133e (0x717d) x 2 0x13a6888b
core   0: 0x80001340 (0x00000689) c.addi  a3, 2
core   0: 3 0x80001340 (0x0689) x13 0x00000008
core   0: 0x80001342 (0x028b6033) rem     zero, s6, s0
core   0: 3 0x80001342 (0x028b6033)
core   0: 0x80001346 (0xa849f193) andi    gp, s3, -1404
core   0: 3 0x80001346 (0xa849f193) x 3 0xfffffa80
core   0: 0x8000134a (0x01258c33) add     s8, a1, s2
core   0: 3 0x8000134a (0x01258c33) x24 0x0000000b
core   0: 0x8000134e (0x00cea2b3) slt     t0, t4, a2
core   0: 3 0x8000134e (0x00cea2b3) x 5 0x00000000
core   0: 0x80001352 (0x00500893) li      a7, 5
core   0: 3 0x80001352 (0x00500893) x17 0x00000005
core   0: 0x80001356 (0x00008d11) c.sub   a0, a2
core   0: 3 0x80001356 (0x8d11) x10 0x00000ca0
core   0: 0x80001358 (0xfed00d93) li      s11, -19
core   0: 3 0x80001358 (0xfed00d93) x27 0xffffffed
core   0: 0x8000135c (0x01f3ffb3) and     t6, t2, t6
core   0: 3 0x8000135c (0x01f3ffb3) x31 0x00000000
core   0: 0x80001360 (0x03dc7c33) remu    s8, s8, t4
core   0: 3 0x80001360 (0x03dc7c33) x24 0x0000000b
core   0: 0x80001364 (0x00008c99) c.sub   s1, a4
core   0: 3 0x80001364 (0x8c99) x 9 0x00000013
core   0: 0x80001366 (0x000018e9) c.addi  a7, -6
core   0: 3 0x80001366 (0x18e9) x17 0xffffffff
core   0: 0x80001368 (0x00008f6d) c.and   a4, a1
core   0: 3 0x80001368 (0x8f6d) x14 0x00000000
core   0: 0x8000136a (0xffb89be3) bne     a7, s11, pc - 10
core   0: 3 0x8000136a (0xffb89be3)
core   0: 0x80001360 (0x03dc7c33) remu    s8, s8, t4
core   0: 3 0x80001360 (0x03dc7c33) x24 0x0000000b
core   0: 0x80001364 (0x00008c99) c.sub   s1, a4
core   0: 3 0x80001364 (0x8c99) x 9 0x00000013
core   0: 0x80001366 (0x000018e9) c.addi  a7, -6
core   0: 3 0x80001366 (0x18e9) x17 0xfffffff9
core   0: 0x80001368 (0x00008f6d) c.and   a4, a1
core   0: 3 0x80001368 (0x8f6d) x14 0x00000000
core   0: 0x8000136a (0xffb89be3) bne     a7, s11, pc - 10
core   0: 3 0x8000136a (0xffb89be3)
core   0: 0x80001360 (0x03dc7c33) remu    s8, s8, t4
core   0: 3 0x80001360 (0x03dc7c33) x24 0x0000000b
core   0: 0x80001364 (0x00008c99) c.sub   s1, a4
core   0: 3 0x80001364 (0x8c99) x 9 0x00000013
core   0: 0x80001366 (0x000018e9) c.addi  a7, -6
core   0: 3 0x80001366 (0x18e9) x17 0xfffffff3
core   0: 0x80001368 (0x00008f6d) c.and   a4, a1
core   0: 3 0x80001368 (0x8f6d) x14 0x00000000
core   0: 0x8000136a (0xffb89be3) bne     a7, s11, pc - 10
core   0: 3 0x8000136a (0xffb89be3)
core   0: 0x80001360 (0x03dc7c33) remu    s8, s8, t4
core   0: 3 0x80001360 (0x03dc7c33) x24 0x0000000b
core   0: 0x80001364 (0x00008c99) c.sub   s1, a4
core   0: 3 0x80001364 (0x8c99) x 9 0x00000013
core   0: 0x80001366 (0x000018e9) c.addi  a7, -6
core   0: 3 0x80001366 (0x18e9) x17 0xffffffed
core   0: 0x80001368 (0x00008f6d) c.and   a4, a1
core   0: 3 0x80001368 (0x8f6d) x14 0x00000000
core   0: 0x8000136a (0xffb89be3) bne     a7, s11, pc - 10
core   0: 3 0x8000136a (0xffb89be3)
core   0: 0x8000136e (0x01e6c033) xor     zero, a3, t5
core   0: 3 0x8000136e (0x01e6c033)
core   0: 0x80001372 (0x03314ab3) div     s5, sp, s3
core   0: 3 0x80001372 (0x03314ab3) x21 0xfcb993e9
core   0: 0x80001376 (0x02be3f33) mulhu   t5, t3, a1
core   0: 3 0x80001376 (0x02be3f33) x30 0x00000000
core   0: 0x8000137a (0x00de01b3) add     gp, t3, a3
core   0: 3 0x8000137a (0x00de01b3) x 3 0x00000009
core   0: 0x8000137e (0x0ff0000f) fence   iorw,iorw
core   0: 3 0x8000137e (0x0ff0000f)
core   0: 0x80001382 (0x000098fd) c.andi  s1, -1
core   0: 3 0x80001382 (0x98fd) x 9 0x00000013
core   0: 0x80001384 (0xfa4692e3) bne     a3, tp, pc - 92
core   0: 3 0x80001384 (0xfa4692e3)
core   0: 0x80001328 (0x00738cb3) add     s9, t2, t2
core   0: 3 0x80001328 (0x00738cb3) x25 0x00000002
core   0: 0x8000132c (0x787acc93) xori    s9, s5, 1927
core   0: 3 0x8000132c (0x787acc93) x25 0xfcb9946e
core   0: 0x80001330 (0x986c6f17) auipc   t5, 0x986c6
core   0: 3 0x80001330 (0x986c6f17) x30 0x186c7330
core   0: 0x80001334 (0x03e0a633) mulhsu  a2, ra, t5
core   0: 3 0x80001334 (0x03e0a633) x12 0x00000000
core   0: 0x80001338 (0xe3530293) addi    t0, t1, -459
core   0: 3 0x80001338 (0xe3530293) x 5 0x80022c99
core   0: 0x8000133c (0x00008ccd) c.or    s1, a1
core   0: 3 0x8000133c (0x8ccd) x 9 0x00000013
core   0: 0x8000133e (0x0000717d) c.addi16sp sp, -16
core   0: 3 0x8000133e (0x717d) x 2 0x13a6887b
core   0: 0x80001340 (0x00000689) c.addi  a3, 2
core   0: 3 0x80001340 (0x0689) x13 0x0000000a
core   0: 0x80001342 (0x028b6033) rem     zero, s6, s0
core   0: 3 0x80001342 (0x028b6033)
core   0: 0x80001346 (0xa849f193) andi    gp, s3, -1404
core   0: 3 0x80001346 (0xa849f193) x 3 0xfffffa80
core   0: 0x8000134a (0x01258c33) add     s8, a1, s2
core   0: 3 0x8000134a (0x01258c33) x24 0x0000000b
core   0: 0x8000134e (0x00cea2b3) slt     t0, t4, a2
core   0: 3 0x8000134e (0x00cea2b3) x 5 0x00000000
core   0: 0x80001352 (0x00500893) li      a7, 5
core   0: 3 0x80001352 (0x00500893) x17 0x00000005
core   0: 0x80001356 (0x00008d11) c.sub   a0, a2
core   0: 3 0x80001356 (0x8d11) x10 0x00000ca0
core   0: 0x80001358 (0xfed00d93) li      s11, -19
core   0: 3 0x80001358 (0xfed00d93) x27 0xffffffed
core   0: 0x8000135c (0x01f3ffb3) and     t6, t2, t6
core   0: 3 0x8000135c (0x01f3ffb3) x31 0x00000000
core   0: 0x80001360 (0x03dc7c33) remu    s8, s8, t4
core   0: 3 0x80001360 (0x03dc7c33) x24 0x0000000b
core   0: 0x80001364 (0x00008c99) c.sub   s1, a4
core   0: 3 0x80001364 (0x8c99) x 9 0x00000013
core   0: 0x80001366 (0x000018e9) c.addi  a7, -6
core   0: 3 0x80001366 (0x18e9) x17 0xffffffff
core   0: 0x80001368 (0x00008f6d) c.and   a4, a1
core   0: 3 0x80001368 (0x8f6d) x14 0x00000000
core   0: 0x8000136a (0xffb89be3) bne     a7, s11, pc - 10
core   0: 3 0x8000136a (0xffb89be3)
core   0: 0x80001360 (0x03dc7c33) remu    s8, s8, t4
core   0: 3 0x80001360 (0x03dc7c33) x24 0x0000000b
core   0: 0x80001364 (0x00008c99) c.sub   s1, a4
core   0: 3 0x80001364 (0x8c99) x 9 0x00000013
core   0: 0x80001366 (0x000018e9) c.addi  a7, -6
core   0: 3 0x80001366 (0x18e9) x17 0xfffffff9
core   0: 0x80001368 (0x00008f6d) c.and   a4, a1
core   0: 3 0x80001368 (0x8f6d) x14 0x00000000
core   0: 0x8000136a (0xffb89be3) bne     a7, s11, pc - 10
core   0: 3 0x8000136a (0xffb89be3)
core   0: 0x80001360 (0x03dc7c33) remu    s8, s8, t4
core   0: 3 0x80001360 (0x03dc7c33) x24 0x0000000b
core   0: 0x80001364 (0x00008c99) c.sub   s1, a4
core   0: 3 0x80001364 (0x8c99) x 9 0x00000013
core   0: 0x80001366 (0x000018e9) c.addi  a7, -6
core   0: 3 0x80001366 (0x18e9) x17 0xfffffff3
core   0: 0x80001368 (0x00008f6d) c.and   a4, a1
core   0: 3 0x80001368 (0x8f6d) x14 0x00000000
core   0: 0x8000136a (0xffb89be3) bne     a7, s11, pc - 10
core   0: 3 0x8000136a (0xffb89be3)
core   0: 0x80001360 (0x03dc7c33) remu    s8, s8, t4
core   0: 3 0x80001360 (0x03dc7c33) x24 0x0000000b
core   0: 0x80001364 (0x00008c99) c.sub   s1, a4
core   0: 3 0x80001364 (0x8c99) x 9 0x00000013
core   0: 0x80001366 (0x000018e9) c.addi  a7, -6
core   0: 3 0x80001366 (0x18e9) x17 0xffffffed
core   0: 0x80001368 (0x00008f6d) c.and   a4, a1
core   0: 3 0x80001368 (0x8f6d) x14 0x00000000
core   0: 0x8000136a (0xffb89be3) bne     a7, s11, pc - 10
core   0: 3 0x8000136a (0xffb89be3)
core   0: 0x8000136e (0x01e6c033) xor     zero, a3, t5
core   0: 3 0x8000136e (0x01e6c033)
core   0: 0x80001372 (0x03314ab3) div     s5, sp, s3
core   0: 3 0x80001372 (0x03314ab3) x21 0xfcb993ec
core   0: 0x80001376 (0x02be3f33) mulhu   t5, t3, a1
core   0: 3 0x80001376 (0x02be3f33) x30 0x00000000
core   0: 0x8000137a (0x00de01b3) add     gp, t3, a3
core   0: 3 0x8000137a (0x00de01b3) x 3 0x0000000b
core   0: 0x8000137e (0x0ff0000f) fence   iorw,iorw
core   0: 3 0x8000137e (0x0ff0000f)
core   0: 0x80001382 (0x000098fd) c.andi  s1, -1
core   0: 3 0x80001382 (0x98fd) x 9 0x00000013
core   0: 0x80001384 (0xfa4692e3) bne     a3, tp, pc - 92
core   0: 3 0x80001384 (0xfa4692e3)
core   0: 0x80001388 (0x0000911a) c.add   sp, t1
core   0: 3 0x80001388 (0x911a) x 2 0x93a8b6df
core   0: 0x8000138a (0xfff00713) li      a4, -1
core   0: 3 0x8000138a (0xfff00713) x14 0xffffffff
core   0: 0x8000138e (0x2e417f13) andi    t5, sp, 740
core   0: 3 0x8000138e (0x2e417f13) x30 0x000002c4
core   0: 0x80001392 (0x00000001) c.nop
core   0: 3 0x80001392 (0x0001)
core   0: 0x80001394 (0x0000170c) c.addi4spn a1, sp, 928
core   0: 3 0x80001394 (0x170c) x11 0x93a8ba7f
core   0: 0x80001396 (0x0000826e) c.mv    tp, s11
core   0: 3 0x80001396 (0x826e) x 4 0xffffffed
core   0: 0x80001398 (0x00000705) c.addi  a4, 1
core   0: 3 0x80001398 (0x0705) x14 0x00000000
core   0: 0x8000139a (0x00800093) li      ra, 8
core   0: 3 0x8000139a (0x00800093) x 1 0x00000008
core   0: 0x8000139e (0x00b00693) li      a3, 11
core   0: 3 0x8000139e (0x00b00693) x13 0x0000000b
core   0: 0x800013a2 (0x0000851d) c.srai  a0, 7
core   0: 3 0x800013a2 (0x851d) x10 0x00000019
core   0: 0x800013a4 (0x166fcf93) xori    t6, t6, 358
core   0: 3 0x800013a4 (0x166fcf93) x31 0x00000166
core   0: 0x800013a8 (0x07de4393) xori    t2, t3, 125
core   0: 3 0x800013a8 (0x07de4393) x 7 0x0000007c
core   0: 0x800013ac (0x00e5c133) xor     sp, a1, a4
core   0: 3 0x800013ac (0x00e5c133) x 2 0x93a8ba7f
core   0: 0x800013b0 (0x000000a1) c.addi  ra, 8
core   0: 3 0x800013b0 (0x00a1) x 1 0x00000010
core   0: 0x800013b2 (0xfed0cde3) blt     ra, a3, pc - 6
core   0: 3 0x800013b2 (0xfed0cde3)
core   0: 0x800013b6 (0x00008e72) c.mv    t3, t3
core   0: 3 0x800013b6 (0x8e72) x28 0x00000001
core   0: 0x800013b8 (0x00dd9613) slli    a2, s11, 13
core   0: 3 0x800013b8 (0x00dd9613) x12 0xfffda000
core   0: 0x800013bc (0x039a0533) mul     a0, s4, s9
core   0: 3 0x800013bc (0x039a0533) x10 0xa8387c64
core   0: 0x800013c0 (0x00009d4e) c.add   s10, s3
core   0: 3 0x800013c0 (0x9d4e) x26 0xff8f2ffa
core   0: 0x800013c2 (0x0000fb69) c.bnez  a4, pc - 46
core   0: 3 0x800013c2 (0xfb69)
core   0: 0x800013c4 (0x409457b3) sra     a5, s0, s1
core   0: 3 0x800013c4 (0x409457b3) x15 0x00000000
core   0: 0x800013c8 (0x00800b13) li      s6, 8
core   0: 3 0x800013c8 (0x00800b13) x22 0x00000008
core   0: 0x800013cc (0x02987033) remu    zero, a6, s1
core   0: 3 0x800013cc (0x02987033)
core   0: 0x800013d0 (0x40eb0733) sub     a4, s6, a4
core   0: 3 0x800013d0 (0x40eb0733) x14 0x00000008
core   0: 0x800013d4 (0x01aa5433) srl     s0, s4, s10
core   0: 3 0x800013d4 (0x01aa5433) x 8 0x00000029
core   0: 0x800013d8 (0x00006c5d) c.lui   s8, 0x17
core   0: 3 0x800013d8 (0x6c5d) x24 0x00017000
core   0: 0x800013da (0x02059733) mulh    a4, a1, zero
core   0: 3 0x800013da (0x02059733) x14 0x00000000
core   0: 0x800013de (0x00000001) c.nop
core   0: 3 0x800013de (0x0001)
core   0: 0x800013e0 (0xeee26713) ori     a4, tp, -274
core   0: 3 0x800013e0 (0xeee26713) x14 0xffffffef
core   0: 0x800013e4 (0xfec00c93) li      s9, -20
core   0: 3 0x800013e4 (0xfec00c93) x25 0xffffffec
core   0: 0x800013e8 (0x00000001) c.nop
core   0: 3 0x800013e8 (0x0001)
core   0: 0x800013ea (0x0000100f) fence.i
core   0: 3 0x800013ea (0x0000100f)
core   0: 0x800013ee (0x46ceed13) ori     s10, t4, 1132
core   0: 3 0x800013ee (0x46ceed13) x26 0x0000046c
core   0: 0x800013f2 (0x00000001) c.nop
core   0: 3 0x800013f2 (0x0001)
core   0: 0x800013f4 (0x41495d13) srai    s10, s2, 20
core   0: 3 0x800013f4 (0x41495d13) x26 0xffffffff
core   0: 0x800013f8 (0x00001b65) c.addi  s6, -7
core   0: 3 0x800013f8 (0x1b65) x22 0x00000001
core   0: 0x800013fa (0x1ba0e713) ori     a4, ra, 442
core   0: 3 0x800013fa (0x1ba0e713) x14 0x000001ba
core   0: 0x800013fe (0x029f08b3) mul     a7, t5, s1
core   0: 3 0x800013fe (0x029f08b3) x17 0x0000348c
core   0: 0x80001402 (0xff9b16e3) bne     s6, s9, pc - 20
core   0: 3 0x80001402 (0xff9b16e3)
core   0: 0x800013ee (0x46ceed13) ori     s10, t4, 1132
core   0: 3 0x800013ee (0x46ceed13) x26 0x0000046c
core   0: 0x800013f2 (0x00000001) c.nop
core   0: 3 0x800013f2 (0x0001)
core   0: 0x800013f4 (0x41495d13) srai    s10, s2, 20
core   0: 3 0x800013f4 (0x41495d13) x26 0xffffffff
core   0: 0x800013f8 (0x00001b65) c.addi  s6, -7
core   0: 3 0x800013f8 (0x1b65) x22 0xfffffffa
core   0: 0x800013fa (0x1ba0e713) ori     a4, ra, 442
core   0: 3 0x800013fa (0x1ba0e713) x14 0x000001ba
core   0: 0x800013fe (0x029f08b3) mul     a7, t5, s1
core   0: 3 0x800013fe (0x029f08b3) x17 0x0000348c
core   0: 0x80001402 (0xff9b16e3) bne     s6, s9, pc - 20
core   0: 3 0x80001402 (0xff9b16e3)
core   0: 0x800013ee (0x46ceed13) ori     s10, t4, 1132
core   0: 3 0x800013ee (0x46ceed13) x26 0x0000046c
core   0: 0x800013f2 (0x00000001) c.nop
core   0: 3 0x800013f2 (0x0001)
core   0: 0x800013f4 (0x41495d13) srai    s10, s2, 20
core   0: 3 0x800013f4 (0x41495d13) x26 0xffffffff
core   0: 0x800013f8 (0x00001b65) c.addi  s6, -7
core   0: 3 0x800013f8 (0x1b65) x22 0xfffffff3
core   0: 0x800013fa (0x1ba0e713) ori     a4, ra, 442
core   0: 3 0x800013fa (0x1ba0e713) x14 0x000001ba
core   0: 0x800013fe (0x029f08b3) mul     a7, t5, s1
core   0: 3 0x800013fe (0x029f08b3) x17 0x0000348c
core   0: 0x80001402 (0xff9b16e3) bne     s6, s9, pc - 20
core   0: 3 0x80001402 (0xff9b16e3)
core   0: 0x800013ee (0x46ceed13) ori     s10, t4, 1132
core   0: 3 0x800013ee (0x46ceed13) x26 0x0000046c
core   0: 0x800013f2 (0x00000001) c.nop
core   0: 3 0x800013f2 (0x0001)
core   0: 0x800013f4 (0x41495d13) srai    s10, s2, 20
core   0: 3 0x800013f4 (0x41495d13) x26 0xffffffff
core   0: 0x800013f8 (0x00001b65) c.addi  s6, -7
core   0: 3 0x800013f8 (0x1b65) x22 0xffffffec
core   0: 0x800013fa (0x1ba0e713) ori     a4, ra, 442
core   0: 3 0x800013fa (0x1ba0e713) x14 0x000001ba
core   0: 0x800013fe (0x029f08b3) mul     a7, t5, s1
core   0: 3 0x800013fe (0x029f08b3) x17 0x0000348c
core   0: 0x80001402 (0xff9b16e3) bne     s6, s9, pc - 20
core   0: 3 0x80001402 (0xff9b16e3)
core   0: 0x80001406 (0x0082f9b3) and     s3, t0, s0
core   0: 3 0x80001406 (0x0082f9b3) x19 0x00000000
core   0: 0x8000140a (0x00400513) li      a0, 4
core   0: 3 0x8000140a (0x00400513) x10 0x00000004
core   0: 0x8000140e (0xffe00c13) li      s8, -2
core   0: 3 0x8000140e (0xffe00c13) x24 0xfffffffe
core   0: 0x80001412 (0x0000099c) c.addi4spn a5, sp, 208
core   0: 3 0x80001412 (0x099c) x15 0x93a8bb4f
core   0: 0x80001414 (0x00008de9) c.and   a1, a0
core   0: 3 0x80001414 (0x8de9) x11 0x00000004
core   0: 0x80001416 (0x01cede13) srli    t3, t4, 28
core   0: 3 0x80001416 (0x01cede13) x28 0x00000000
core   0: 0x8000141a (0x00000001) c.nop
core   0: 3 0x8000141a (0x0001)
core   0: 0x8000141c (0x000058fd) c.li    a7, -1
core   0: 3 0x8000141c (0x58fd) x17 0xffffffff
core   0: 0x8000141e (0x00008421) c.srai  s0, 8
core   0: 3 0x8000141e (0x8421) x 8 0x00000000
core   0: 0x80001420 (0x00001569) c.addi  a0, -6
core   0: 3 0x80001420 (0x1569) x10 0xfffffffe
core   0: 0x80001422 (0x01f1b3b3) sltu    t2, gp, t6
core   0: 3 0x80001422 (0x01f1b3b3) x 7 0x00000001
core   0: 0x80001426 (0x00a00913) li      s2, 10
core   0: 3 0x80001426 (0x00a00913) x18 0x0000000a
core   0: 0x8000142a (0x01ed95b3) sll     a1, s11, t5
core   0: 3 0x8000142a (0x01ed95b3) x11 0xfffffed0
core   0: 0x8000142e (0x011a1fb3) sll     t6, s4, a7
core   0: 3 0x8000142e (0x011a1fb3) x31 0x00000000
core   0: 0x80001432 (0x0ff0000f) fence   iorw,iorw
core   0: 3 0x80001432 (0x0ff0000f)
core   0: 0x80001436 (0x00800e93) li      t4, 8
core   0: 3 0x80001436 (0x00800e93) x29 0x00000008
core   0: 0x8000143a (0x40155033) sra     zero, a0, ra
core   0: 3 0x8000143a (0x40155033)
core   0: 0x8000143e (0x00008c6d) c.and   s0, a1
core   0: 3 0x8000143e (0x8c6d) x 8 0x00000000
core   0: 0x80001440 (0x00000001) c.nop
core   0: 3 0x80001440 (0x0001)
core   0: 0x80001442 (0x94a90013) addi    zero, s2, -1718
core   0: 3 0x80001442 (0x94a90013)
core   0: 0x80001446 (0x284f0013) addi    zero, t5, 644
core   0: 3 0x80001446 (0x284f0013)
core   0: 0x8000144a (0x00001971) c.addi  s2, -4
core   0: 3 0x8000144a (0x1971) x18 0x00000006
core   0: 0x8000144c (0x000094e2) c.add   s1, s8
core   0: 3 0x8000144c (0x94e2) x 9 0x00000011
core   0: 0x8000144e (0xffd978e3) bgeu    s2, t4, pc - 16
core   0: 3 0x8000144e (0xffd978e3)
core   0: 0x80001452 (0x03594433) div     s0, s2, s5
core   0: 3 0x80001452 (0x03594433) x 8 0x00000000
core   0: 0x80001456 (0x1d674b37) lui     s6, 0x1d674
core   0: 3 0x80001456 (0x1d674b37) x22 0x1d674000
core   0: 0x8000145a (0x000080b5) c.srli  s1, 13
core   0: 3 0x8000145a (0x80b5) x 9 0x00000000
core   0: 0x8000145c (0x408884b3) sub     s1, a7, s0
core   0: 3 0x8000145c (0x408884b3) x 9 0xffffffff
core   0: 0x80001460 (0xfb850ae3) beq     a0, s8, pc - 76
core   0: 3 0x80001460 (0xfb850ae3)
core   0: 0x80001414 (0x00008de9) c.and   a1, a0
core   0: 3 0x80001414 (0x8de9) x11 0xfffffed0
core   0: 0x80001416 (0x01cede13) srli    t3, t4, 28
core   0: 3 0x80001416 (0x01cede13) x28 0x00000000
core   0: 0x8000141a (0x00000001) c.nop
core   0: 3 0x8000141a (0x0001)
core   0: 0x8000141c (0x000058fd) c.li    a7, -1
core   0: 3 0x8000141c (0x58fd) x17 0xffffffff
core   0: 0x8000141e (0x00008421) c.srai  s0, 8
core   0: 3 0x8000141e (0x8421) x 8 0x00000000
core   0: 0x80001420 (0x00001569) c.addi  a0, -6
core   0: 3 0x80001420 (0x1569) x10 0xfffffff8
core   0: 0x80001422 (0x01f1b3b3) sltu    t2, gp, t6
core   0: 3 0x80001422 (0x01f1b3b3) x 7 0x00000000
core   0: 0x80001426 (0x00a00913) li      s2, 10
core   0: 3 0x80001426 (0x00a00913) x18 0x0000000a
core   0: 0x8000142a (0x01ed95b3) sll     a1, s11, t5
core   0: 3 0x8000142a (0x01ed95b3) x11 0xfffffed0
core   0: 0x8000142e (0x011a1fb3) sll     t6, s4, a7
core   0: 3 0x8000142e (0x011a1fb3) x31 0x00000000
core   0: 0x80001432 (0x0ff0000f) fence   iorw,iorw
core   0: 3 0x80001432 (0x0ff0000f)
core   0: 0x80001436 (0x00800e93) li      t4, 8
core   0: 3 0x80001436 (0x00800e93) x29 0x00000008
core   0: 0x8000143a (0x40155033) sra     zero, a0, ra
core   0: 3 0x8000143a (0x40155033)
core   0: 0x8000143e (0x00008c6d) c.and   s0, a1
core   0: 3 0x8000143e (0x8c6d) x 8 0x00000000
core   0: 0x80001440 (0x00000001) c.nop
core   0: 3 0x80001440 (0x0001)
core   0: 0x80001442 (0x94a90013) addi    zero, s2, -1718
core   0: 3 0x80001442 (0x94a90013)
core   0: 0x80001446 (0x284f0013) addi    zero, t5, 644
core   0: 3 0x80001446 (0x284f0013)
core   0: 0x8000144a (0x00001971) c.addi  s2, -4
core   0: 3 0x8000144a (0x1971) x18 0x00000006
core   0: 0x8000144c (0x000094e2) c.add   s1, s8
core   0: 3 0x8000144c (0x94e2) x 9 0xfffffffd
core   0: 0x8000144e (0xffd978e3) bgeu    s2, t4, pc - 16
core   0: 3 0x8000144e (0xffd978e3)
core   0: 0x80001452 (0x03594433) div     s0, s2, s5
core   0: 3 0x80001452 (0x03594433) x 8 0x00000000
core   0: 0x80001456 (0x1d674b37) lui     s6, 0x1d674
core   0: 3 0x80001456 (0x1d674b37) x22 0x1d674000
core   0: 0x8000145a (0x000080b5) c.srli  s1, 13
core   0: 3 0x8000145a (0x80b5) x 9 0x0007ffff
core   0: 0x8000145c (0x408884b3) sub     s1, a7, s0
core   0: 3 0x8000145c (0x408884b3) x 9 0xffffffff
core   0: 0x80001460 (0xfb850ae3) beq     a0, s8, pc - 76
core   0: 3 0x80001460 (0xfb850ae3)
core   0: 0x80001464 (0x024005b3) mul     a1, zero, tp
core   0: 3 0x80001464 (0x024005b3) x11 0x00000000
core   0: 0x80001468 (0xffe00413) li      s0, -2
core   0: 3 0x80001468 (0xffe00413) x 8 0xfffffffe
core   0: 0x8000146c (0x000090c6) c.add   ra, a7
core   0: 3 0x8000146c (0x90c6) x 1 0x0000000f
core   0: 0x8000146e (0x41a7c213) xori    tp, a5, 1050
core   0: 3 0x8000146e (0x41a7c213) x 4 0x93a8bf55
core   0: 0x80001472 (0x00000001) c.nop
core   0: 3 0x80001472 (0x0001)
core   0: 0x80001474 (0x2a4a6513) ori     a0, s4, 676
core   0: 3 0x80001474 (0x2a4a6513) x10 0xa72ef2fe
core   0: 0x80001478 (0x00000405) c.addi  s0, 1
core   0: 3 0x80001478 (0x0405) x 8 0xffffffff
core   0: 0x8000147a (0x000080e6) c.mv    ra, s9
core   0: 3 0x8000147a (0x80e6) x 1 0xffffffec
core   0: 0x8000147c (0x00300393) li      t2, 3
core   0: 3 0x8000147c (0x00300393) x 7 0x00000003
core   0: 0x80001480 (0x00000001) c.nop
core   0: 3 0x80001480 (0x0001)
core   0: 0x80001482 (0x01300993) li      s3, 19
core   0: 3 0x80001482 (0x01300993) x19 0x00000013
core   0: 0x80001486 (0x02036733) rem     a4, t1, zero
core   0: 3 0x80001486 (0x02036733) x14 0x80022e64
core   0: 0x8000148a (0x0ff0000f) fence   iorw,iorw
core   0: 3 0x8000148a (0x0ff0000f)
core   0: 0x8000148e (0x0000038d) c.addi  t2, 3
core   0: 3 0x8000148e (0x038d) x 7 0x00000006
core   0: 0x80001490 (0xff33cbe3) blt     t2, s3, pc - 10
core   0: 3 0x80001490 (0xff33cbe3)
core   0: 0x80001486 (0x02036733) rem     a4, t1, zero
core   0: 3 0x80001486 (0x02036733) x14 0x80022e64
core   0: 0x8000148a (0x0ff0000f) fence   iorw,iorw
core   0: 3 0x8000148a (0x0ff0000f)
core   0: 0x8000148e (0x0000038d) c.addi  t2, 3
core   0: 3 0x8000148e (0x038d) x 7 0x00000009
core   0: 0x80001490 (0xff33cbe3) blt     t2, s3, pc - 10
core   0: 3 0x80001490 (0xff33cbe3)
core   0: 0x80001486 (0x02036733) rem     a4, t1, zero
core   0: 3 0x80001486 (0x02036733) x14 0x80022e64
core   0: 0x8000148a (0x0ff0000f) fence   iorw,iorw
core   0: 3 0x8000148a (0x0ff0000f)
core   0: 0x8000148e (0x0000038d) c.addi  t2, 3
core   0: 3 0x8000148e (0x038d) x 7 0x0000000c
core   0: 0x80001490 (0xff33cbe3) blt     t2, s3, pc - 10
core   0: 3 0x80001490 (0xff33cbe3)
core   0: 0x80001486 (0x02036733) rem     a4, t1, zero
core   0: 3 0x80001486 (0x02036733) x14 0x80022e64
core   0: 0x8000148a (0x0ff0000f) fence   iorw,iorw
core   0: 3 0x8000148a (0x0ff0000f)
core   0: 0x8000148e (0x0000038d) c.addi  t2, 3
core   0: 3 0x8000148e (0x038d) x 7 0x0000000f
core   0: 0x80001490 (0xff33cbe3) blt     t2, s3, pc - 10
core   0: 3 0x80001490 (0xff33cbe3)
core   0: 0x80001486 (0x02036733) rem     a4, t1, zero
core   0: 3 0x80001486 (0x02036733) x14 0x80022e64
core   0: 0x8000148a (0x0ff0000f) fence   iorw,iorw
core   0: 3 0x8000148a (0x0ff0000f)
core   0: 0x8000148e (0x0000038d) c.addi  t2, 3
core   0: 3 0x8000148e (0x038d) x 7 0x00000012
core   0: 0x80001490 (0xff33cbe3) blt     t2, s3, pc - 10
core   0: 3 0x80001490 (0xff33cbe3)
core   0: 0x80001486 (0x02036733) rem     a4, t1, zero
core   0: 3 0x80001486 (0x02036733) x14 0x80022e64
core   0: 0x8000148a (0x0ff0000f) fence   iorw,iorw
core   0: 3 0x8000148a (0x0ff0000f)
core   0: 0x8000148e (0x0000038d) c.addi  t2, 3
core   0: 3 0x8000148e (0x038d) x 7 0x00000015
core   0: 0x80001490 (0xff33cbe3) blt     t2, s3, pc - 10
core   0: 3 0x80001490 (0xff33cbe3)
core   0: 0x80001494 (0x0000f065) c.bnez  s0, pc - 32
core   0: 3 0x80001494 (0xf065)
core   0: 0x80001474 (0x2a4a6513) ori     a0, s4, 676
core   0: 3 0x80001474 (0x2a4a6513) x10 0xa72ef2fe
core   0: 0x80001478 (0x00000405) c.addi  s0, 1
core   0: 3 0x80001478 (0x0405) x 8 0x00000000
core   0: 0x8000147a (0x000080e6) c.mv    ra, s9
core   0: 3 0x8000147a (0x80e6) x 1 0xffffffec
core   0: 0x8000147c (0x00300393) li      t2, 3
core   0: 3 0x8000147c (0x00300393) x 7 0x00000003
core   0: 0x80001480 (0x00000001) c.nop
core   0: 3 0x80001480 (0x0001)
core   0: 0x80001482 (0x01300993) li      s3, 19
core   0: 3 0x80001482 (0x01300993) x19 0x00000013
core   0: 0x80001486 (0x02036733) rem     a4, t1, zero
core   0: 3 0x80001486 (0x02036733) x14 0x80022e64
core   0: 0x8000148a (0x0ff0000f) fence   iorw,iorw
core   0: 3 0x8000148a (0x0ff0000f)
core   0: 0x8000148e (0x0000038d) c.addi  t2, 3
core   0: 3 0x8000148e (0x038d) x 7 0x00000006
core   0: 0x80001490 (0xff33cbe3) blt     t2, s3, pc - 10
core   0: 3 0x80001490 (0xff33cbe3)
core   0: 0x80001486 (0x02036733) rem     a4, t1, zero
core   0: 3 0x80001486 (0x02036733) x14 0x80022e64
core   0: 0x8000148a (0x0ff0000f) fence   iorw,iorw
core   0: 3 0x8000148a (0x0ff0000f)
core   0: 0x8000148e (0x0000038d) c.addi  t2, 3
core   0: 3 0x8000148e (0x038d) x 7 0x00000009
core   0: 0x80001490 (0xff33cbe3) blt     t2, s3, pc - 10
core   0: 3 0x80001490 (0xff33cbe3)
core   0: 0x80001486 (0x02036733) rem     a4, t1, zero
core   0: 3 0x80001486 (0x02036733) x14 0x80022e64
core   0: 0x8000148a (0x0ff0000f) fence   iorw,iorw
core   0: 3 0x8000148a (0x0ff0000f)
core   0: 0x8000148e (0x0000038d) c.addi  t2, 3
core   0: 3 0x8000148e (0x038d) x 7 0x0000000c
core   0: 0x80001490 (0xff33cbe3) blt     t2, s3, pc - 10
core   0: 3 0x80001490 (0xff33cbe3)
core   0: 0x80001486 (0x02036733) rem     a4, t1, zero
core   0: 3 0x80001486 (0x02036733) x14 0x80022e64
core   0: 0x8000148a (0x0ff0000f) fence   iorw,iorw
core   0: 3 0x8000148a (0x0ff0000f)
core   0: 0x8000148e (0x0000038d) c.addi  t2, 3
core   0: 3 0x8000148e (0x038d) x 7 0x0000000f
core   0: 0x80001490 (0xff33cbe3) blt     t2, s3, pc - 10
core   0: 3 0x80001490 (0xff33cbe3)
core   0: 0x80001486 (0x02036733) rem     a4, t1, zero
core   0: 3 0x80001486 (0x02036733) x14 0x80022e64
core   0: 0x8000148a (0x0ff0000f) fence   iorw,iorw
core   0: 3 0x8000148a (0x0ff0000f)
core   0: 0x8000148e (0x0000038d) c.addi  t2, 3
core   0: 3 0x8000148e (0x038d) x 7 0x00000012
core   0: 0x80001490 (0xff33cbe3) blt     t2, s3, pc - 10
core   0: 3 0x80001490 (0xff33cbe3)
core   0: 0x80001486 (0x02036733) rem     a4, t1, zero
core   0: 3 0x80001486 (0x02036733) x14 0x80022e64
core   0: 0x8000148a (0x0ff0000f) fence   iorw,iorw
core   0: 3 0x8000148a (0x0ff0000f)
core   0: 0x8000148e (0x0000038d) c.addi  t2, 3
core   0: 3 0x8000148e (0x038d) x 7 0x00000015
core   0: 0x80001490 (0xff33cbe3) blt     t2, s3, pc - 10
core   0: 3 0x80001490 (0xff33cbe3)
core   0: 0x80001494 (0x0000f065) c.bnez  s0, pc - 32
core   0: 3 0x80001494 (0xf065)
core   0: 0x80001496 (0x0000066d) c.addi  a2, 27
core   0: 3 0x80001496 (0x066d) x12 0xfffda01b
core   0: 0x80001498 (0x00800d93) li      s11, 8
core   0: 3 0x80001498 (0x00800d93) x27 0x00000008
core   0: 0x8000149c (0x00300c13) li      s8, 3
core   0: 3 0x8000149c (0x00300c13) x24 0x00000003
core   0: 0x800014a0 (0x00009b36) c.add   s6, a3
core   0: 3 0x800014a0 (0x9b36) x22 0x1d67400b
core   0: 0x800014a2 (0x007850b3) srl     ra, a6, t2
core   0: 3 0x800014a2 (0x007850b3) x 1 0x00000400
core   0: 0x800014a6 (0x000015fd) c.addi  a1, -1
core   0: 3 0x800014a6 (0x15fd) x11 0xffffffff
core   0: 0x800014a8 (0x00008321) c.srli  a4, 8
core   0: 3 0x800014a8 (0x8321) x14 0x0080022e
core   0: 0x800014aa (0x00001df9) c.addi  s11, -2
core   0: 3 0x800014aa (0x1df9) x27 0x00000006
core   0: 0x800014ac (0x0000567d) c.li    a2, -1
core   0: 3 0x800014ac (0x567d) x12 0xffffffff
core   0: 0x800014ae (0x009396b3) sll     a3, t2, s1
core   0: 3 0x800014ae (0x009396b3) x13 0x80000000
core   0: 0x800014b2 (0xff8dfae3) bgeu    s11, s8, pc - 12
core   0: 3 0x800014b2 (0xff8dfae3)
core   0: 0x800014a6 (0x000015fd) c.addi  a1, -1
core   0: 3 0x800014a6 (0x15fd) x11 0xfffffffe
core   0: 0x800014a8 (0x00008321) c.srli  a4, 8
core   0: 3 0x800014a8 (0x8321) x14 0x00008002
core   0: 0x800014aa (0x00001df9) c.addi  s11, -2
core   0: 3 0x800014aa (0x1df9) x27 0x00000004
core   0: 0x800014ac (0x0000567d) c.li    a2, -1
core   0: 3 0x800014ac (0x567d) x12 0xffffffff
core   0: 0x800014ae (0x009396b3) sll     a3, t2, s1
core   0: 3 0x800014ae (0x009396b3) x13 0x80000000
core   0: 0x800014b2 (0xff8dfae3) bgeu    s11, s8, pc - 12
core   0: 3 0x800014b2 (0xff8dfae3)
core   0: 0x800014a6 (0x000015fd) c.addi  a1, -1
core   0: 3 0x800014a6 (0x15fd) x11 0xfffffffd
core   0: 0x800014a8 (0x00008321) c.srli  a4, 8
core   0: 3 0x800014a8 (0x8321) x14 0x00000080
core   0: 0x800014aa (0x00001df9) c.addi  s11, -2
core   0: 3 0x800014aa (0x1df9) x27 0x00000002
core   0: 0x800014ac (0x0000567d) c.li    a2, -1
core   0: 3 0x800014ac (0x567d) x12 0xffffffff
core   0: 0x800014ae (0x009396b3) sll     a3, t2, s1
core   0: 3 0x800014ae (0x009396b3) x13 0x80000000
core   0: 0x800014b2 (0xff8dfae3) bgeu    s11, s8, pc - 12
core   0: 3 0x800014b2 (0xff8dfae3)
core   0: 0x800014b6 (0x00008e55) c.or    a2, a3
core   0: 3 0x800014b6 (0x8e55) x12 0xffffffff
core   0: 0x800014b8 (0x00a00293) li      t0, 10
core   0: 3 0x800014b8 (0x00a00293) x 5 0x0000000a
core   0: 0x800014bc (0x00800493) li      s1, 8
core   0: 3 0x800014bc (0x00800493) x 9 0x00000008
core   0: 0x800014c0 (0x02775fb3) divu    t6, a4, t2
core   0: 3 0x800014c0 (0x02775fb3) x31 0x00000006
core   0: 0x800014c4 (0x000012e5) c.addi  t0, -7
core   0: 3 0x800014c4 (0x12e5) x 5 0x00000003
core   0: 0x800014c6 (0x76ed03b7) lui     t2, 0x76ed0
core   0: 3 0x800014c6 (0x76ed03b7) x 7 0x76ed0000
core   0: 0x800014ca (0xffe00693) li      a3, -2
core   0: 3 0x800014ca (0xffe00693) x13 0xfffffffe
core   0: 0x800014ce (0xff100d93) li      s11, -15
core   0: 3 0x800014ce (0xff100d93) x27 0xfffffff1
core   0: 0x800014d2 (0x0262b8b3) mulhu   a7, t0, t1
core   0: 3 0x800014d2 (0x0262b8b3) x17 0x00000001
core   0: 0x800014d6 (0x00008b6d) c.andi  a4, 27
core   0: 3 0x800014d6 (0x8b6d) x14 0x00000000
core   0: 0x800014d8 (0x000016e9) c.addi  a3, -6
core   0: 3 0x800014d8 (0x16e9) x13 0xfffffff8
core   0: 0x800014da (0xffb6dce3) bge     a3, s11, pc - 8
core   0: 3 0x800014da (0xffb6dce3)
core   0: 0x800014d2 (0x0262b8b3) mulhu   a7, t0, t1
core   0: 3 0x800014d2 (0x0262b8b3) x17 0x00000001
core   0: 0x800014d6 (0x00008b6d) c.andi  a4, 27
core   0: 3 0x800014d6 (0x8b6d) x14 0x00000000
core   0: 0x800014d8 (0x000016e9) c.addi  a3, -6
core   0: 3 0x800014d8 (0x16e9) x13 0xfffffff2
core   0: 0x800014da (0xffb6dce3) bge     a3, s11, pc - 8
core   0: 3 0x800014da (0xffb6dce3)
core   0: 0x800014d2 (0x0262b8b3) mulhu   a7, t0, t1
core   0: 3 0x800014d2 (0x0262b8b3) x17 0x00000001
core   0: 0x800014d6 (0x00008b6d) c.andi  a4, 27
core   0: 3 0x800014d6 (0x8b6d) x14 0x00000000
core   0: 0x800014d8 (0x000016e9) c.addi  a3, -6
core   0: 3 0x800014d8 (0x16e9) x13 0xffffffec
core   0: 0x800014da (0xffb6dce3) bge     a3, s11, pc - 8
core   0: 3 0x800014da (0xffb6dce3)
core   0: 0x800014de (0xfe92f1e3) bgeu    t0, s1, pc - 30
core   0: 3 0x800014de (0xfe92f1e3)
core   0: 0x800014e2 (0x000007ee) c.slli  a5, 27
core   0: 3 0x800014e2 (0x07ee) x15 0x78000000
core   0: 0x800014e4 (0x00600693) li      a3, 6
core   0: 3 0x800014e4 (0x00600693) x13 0x00000006
core   0: 0x800014e8 (0x00000001) c.nop
core   0: 3 0x800014e8 (0x0001)
core   0: 0x800014ea (0x5b6cc097) auipc   ra, 0x5b6cc
core   0: 3 0x800014ea (0x5b6cc097) x 1 0xdb6cd4ea
core   0: 0x800014ee (0x01f462b3) or      t0, s0, t6
core   0: 3 0x800014ee (0x01f462b3) x 5 0x00000006
core   0: 0x800014f2 (0x02e6ce33) div     t3, a3, a4
core   0: 3 0x800014f2 (0x02e6ce33) x28 0xffffffff
core   0: 0x800014f6 (0x02cd2433) mulhsu  s0, s10, a2
core   0: 3 0x800014f6 (0x02cd2433) x 8 0xffffffff
core   0: 0x800014fa (0x000016fd) c.addi  a3, -1
core   0: 3 0x800014fa (0x16fd) x13 0x00000005
core   0: 0x800014fc (0x00004bfd) c.li    s7, 31
core   0: 3 0x800014fc (0x4bfd) x23 0x0000001f
core   0: 0x800014fe (0x00455793) srli    a5, a0, 4
core   0: 3 0x800014fe (0x00455793) x15 0x0a72ef2f
core   0: 0x80001502 (0x0000147d) c.addi  s0, -1
core   0: 3 0x80001502 (0x147d) x 8 0xfffffffe
core   0: 0x80001504 (0x27ea0d13) addi    s10, s4, 638
core   0: 3 0x80001504 (0x27ea0d13) x26 0xa72ef4dc
core   0: 0x80001508 (0x0b6d6217) auipc   tp, 0xb6d6
core   0: 3 0x80001508 (0x0b6d6217) x 4 0x8b6d7508
core   0: 0x8000150c (0x0000f2ed) c.bnez  a3, pc - 30
core   0: 3 0x8000150c (0xf2ed)
core   0: 0x800014ee (0x01f462b3) or      t0, s0, t6
core   0: 3 0x800014ee (0x01f462b3) x 5 0xfffffffe
core   0: 0x800014f2 (0x02e6ce33) div     t3, a3, a4
core   0: 3 0x800014f2 (0x02e6ce33) x28 0xffffffff
core   0: 0x800014f6 (0x02cd2433) mulhsu  s0, s10, a2
core   0: 3 0x800014f6 (0x02cd2433) x 8 0xa72ef4dc
core   0: 0x800014fa (0x000016fd) c.addi  a3, -1
core   0: 3 0x800014fa (0x16fd) x13 0x00000004
core   0: 0x800014fc (0x00004bfd) c.li    s7, 31
core   0: 3 0x800014fc (0x4bfd) x23 0x0000001f
core   0: 0x800014fe (0x00455793) srli    a5, a0, 4
core   0: 3 0x800014fe (0x00455793) x15 0x0a72ef2f
core   0: 0x80001502 (0x0000147d) c.addi  s0, -1
core   0: 3 0x80001502 (0x147d) x 8 0xa72ef4db
core   0: 0x80001504 (0x27ea0d13) addi    s10, s4, 638
core   0: 3 0x80001504 (0x27ea0d13) x26 0xa72ef4dc
core   0: 0x80001508 (0x0b6d6217) auipc   tp, 0xb6d6
core   0: 3 0x80001508 (0x0b6d6217) x 4 0x8b6d7508
core   0: 0x8000150c (0x0000f2ed) c.bnez  a3, pc - 30
core   0: 3 0x8000150c (0xf2ed)
core   0: 0x800014ee (0x01f462b3) or      t0, s0, t6
core   0: 3 0x800014ee (0x01f462b3) x 5 0xa72ef4df
core   0: 0x800014f2 (0x02e6ce33) div     t3, a3, a4
core   0: 3 0x800014f2 (0x02e6ce33) x28 0xffffffff
core   0: 0x800014f6 (0x02cd2433) mulhsu  s0, s10, a2
core   0: 3 0x800014f6 (0x02cd2433) x 8 0xa72ef4dc
core   0: 0x800014fa (0x000016fd) c.addi  a3, -1
core   0: 3 0x800014fa (0x16fd) x13 0x00000003
core   0: 0x800014fc (0x00004bfd) c.li    s7, 31
core   0: 3 0x800014fc (0x4bfd) x23 0x0000001f
core   0: 0x800014fe (0x00455793) srli    a5, a0, 4
core   0: 3 0x800014fe (0x00455793) x15 0x0a72ef2f
core   0: 0x80001502 (0x0000147d) c.addi  s0, -1
core   0: 3 0x80001502 (0x147d) x 8 0xa72ef4db
core   0: 0x80001504 (0x27ea0d13) addi    s10, s4, 638
core   0: 3 0x80001504 (0x27ea0d13) x26 0xa72ef4dc
core   0: 0x80001508 (0x0b6d6217) auipc   tp, 0xb6d6
core   0: 3 0x80001508 (0x0b6d6217) x 4 0x8b6d7508
core   0: 0x8000150c (0x0000f2ed) c.bnez  a3, pc - 30
core   0: 3 0x8000150c (0xf2ed)
core   0: 0x800014ee (0x01f462b3) or      t0, s0, t6
core   0: 3 0x800014ee (0x01f462b3) x 5 0xa72ef4df
core   0: 0x800014f2 (0x02e6ce33) div     t3, a3, a4
core   0: 3 0x800014f2 (0x02e6ce33) x28 0xffffffff
core   0: 0x800014f6 (0x02cd2433) mulhsu  s0, s10, a2
core   0: 3 0x800014f6 (0x02cd2433) x 8 0xa72ef4dc
core   0: 0x800014fa (0x000016fd) c.addi  a3, -1
core   0: 3 0x800014fa (0x16fd) x13 0x00000002
core   0: 0x800014fc (0x00004bfd) c.li    s7, 31
core   0: 3 0x800014fc (0x4bfd) x23 0x0000001f
core   0: 0x800014fe (0x00455793) srli    a5, a0, 4
core   0: 3 0x800014fe (0x00455793) x15 0x0a72ef2f
core   0: 0x80001502 (0x0000147d) c.addi  s0, -1
core   0: 3 0x80001502 (0x147d) x 8 0xa72ef4db
core   0: 0x80001504 (0x27ea0d13) addi    s10, s4, 638
core   0: 3 0x80001504 (0x27ea0d13) x26 0xa72ef4dc
core   0: 0x80001508 (0x0b6d6217) auipc   tp, 0xb6d6
core   0: 3 0x80001508 (0x0b6d6217) x 4 0x8b6d7508
core   0: 0x8000150c (0x0000f2ed) c.bnez  a3, pc - 30
core   0: 3 0x8000150c (0xf2ed)
core   0: 0x800014ee (0x01f462b3) or      t0, s0, t6
core   0: 3 0x800014ee (0x01f462b3) x 5 0xa72ef4df
core   0: 0x800014f2 (0x02e6ce33) div     t3, a3, a4
core   0: 3 0x800014f2 (0x02e6ce33) x28 0xffffffff
core   0: 0x800014f6 (0x02cd2433) mulhsu  s0, s10, a2
core   0: 3 0x800014f6 (0x02cd2433) x 8 0xa72ef4dc
core   0: 0x800014fa (0x000016fd) c.addi  a3, -1
core   0: 3 0x800014fa (0x16fd) x13 0x00000001
core   0: 0x800014fc (0x00004bfd) c.li    s7, 31
core   0: 3 0x800014fc (0x4bfd) x23 0x0000001f
core   0: 0x800014fe (0x00455793) srli    a5, a0, 4
core   0: 3 0x800014fe (0x00455793) x15 0x0a72ef2f
core   0: 0x80001502 (0x0000147d) c.addi  s0, -1
core   0: 3 0x80001502 (0x147d) x 8 0xa72ef4db
core   0: 0x80001504 (0x27ea0d13) addi    s10, s4, 638
core   0: 3 0x80001504 (0x27ea0d13) x26 0xa72ef4dc
core   0: 0x80001508 (0x0b6d6217) auipc   tp, 0xb6d6
core   0: 3 0x80001508 (0x0b6d6217) x 4 0x8b6d7508
core   0: 0x8000150c (0x0000f2ed) c.bnez  a3, pc - 30
core   0: 3 0x8000150c (0xf2ed)
core   0: 0x800014ee (0x01f462b3) or      t0, s0, t6
core   0: 3 0x800014ee (0x01f462b3) x 5 0xa72ef4df
core   0: 0x800014f2 (0x02e6ce33) div     t3, a3, a4
core   0: 3 0x800014f2 (0x02e6ce33) x28 0xffffffff
core   0: 0x800014f6 (0x02cd2433) mulhsu  s0, s10, a2
core   0: 3 0x800014f6 (0x02cd2433) x 8 0xa72ef4dc
core   0: 0x800014fa (0x000016fd) c.addi  a3, -1
core   0: 3 0x800014fa (0x16fd) x13 0x00000000
core   0: 0x800014fc (0x00004bfd) c.li    s7, 31
core   0: 3 0x800014fc (0x4bfd) x23 0x0000001f
core   0: 0x800014fe (0x00455793) srli    a5, a0, 4
core   0: 3 0x800014fe (0x00455793) x15 0x0a72ef2f
core   0: 0x80001502 (0x0000147d) c.addi  s0, -1
core   0: 3 0x80001502 (0x147d) x 8 0xa72ef4db
core   0: 0x80001504 (0x27ea0d13) addi    s10, s4, 638
core   0: 3 0x80001504 (0x27ea0d13) x26 0xa72ef4dc
core   0: 0x80001508 (0x0b6d6217) auipc   tp, 0xb6d6
core   0: 3 0x80001508 (0x0b6d6217) x 4 0x8b6d7508
core   0: 0x8000150c (0x0000f2ed) c.bnez  a3, pc - 30
core   0: 3 0x8000150c (0xf2ed)
core   0: 0x8000150e (0x00008fd5) c.or    a5, a3
core   0: 3 0x8000150e (0x8fd5) x15 0x0a72ef2f
core   0: 0x80001510 (0xffa00793) li      a5, -6
core   0: 3 0x80001510 (0xffa00793) x15 0xfffffffa
core   0: 0x80001514 (0x01400893) li      a7, 20
core   0: 3 0x80001514 (0x01400893) x17 0x00000014
core   0: 0x80001518 (0x019f9113) slli    sp, t6, 25
core   0: 3 0x80001518 (0x019f9113) x 2 0x0c000000
core   0: 0x8000151c (0x50ce8193) addi    gp, t4, 1292
core   0: 3 0x8000151c (0x50ce8193) x 3 0x00000514
core   0: 0x80001520 (0x02d4af33) mulhsu  t5, s1, a3
core   0: 3 0x80001520 (0x02d4af33) x30 0x00000000
core   0: 0x80001524 (0x00000785) c.addi  a5, 1
core   0: 3 0x80001524 (0x0785) x15 0xfffffffb
core   0: 0x80001526 (0xffe00593) li      a1, -2
core   0: 3 0x80001526 (0xffe00593) x11 0xfffffffe
core   0: 0x8000152a (0x01abde33) srl     t3, s7, s10
core   0: 3 0x8000152a (0x01abde33) x28 0x00000000
core   0: 0x8000152e (0x00000001) c.nop
core   0: 3 0x8000152e (0x0001)
core   0: 0x80001530 (0x00008eb9) c.xor   a3, a4
core   0: 3 0x80001530 (0x8eb9) x13 0x00000000
core   0: 0x80001532 (0x00000585) c.addi  a1, 1
core   0: 3 0x80001532 (0x0585) x11 0xffffffff
core   0: 0x80001534 (0x0000fdf5) c.bnez  a1, pc - 4
core   0: 3 0x80001534 (0xfdf5)
core   0: 0x80001530 (0x00008eb9) c.xor   a3, a4
core   0: 3 0x80001530 (0x8eb9) x13 0x00000000
core   0: 0x80001532 (0x00000585) c.addi  a1, 1
core   0: 3 0x80001532 (0x0585) x11 0x00000000
core   0: 0x80001534 (0x0000fdf5) c.bnez  a1, pc - 4
core   0: 3 0x80001534 (0xfdf5)
core   0: 0x80001536 (0xff17e3e3) bltu    a5, a7, pc - 26
core   0: 3 0x80001536 (0xff17e3e3)
core   0: 0x8000153a (0xd7dab393) sltiu   t2, s5, -643
core   0: 3 0x8000153a (0xd7dab393) x 7 0x00000001
core   0: 0x8000153e (0xff900693) li      a3, -7
core   0: 3 0x8000153e (0xff900693) x13 0xfffffff9
core   0: 0x80001542 (0x02dd8d33) mul     s10, s11, a3
core   0: 3 0x80001542 (0x02dd8d33) x26 0x00000069
core   0: 0x80001546 (0x16d98a93) addi    s5, s3, 365
core   0: 3 0x80001546 (0x16d98a93) x21 0x00000180
core   0: 0x8000154a (0x00001d80) c.addi4spn s0, sp, 752
core   0: 3 0x8000154a (0x1d80) x 8 0x0c0002f0
core   0: 0x8000154c (0x023de933) rem     s2, s11, gp
core   0: 3 0x8000154c (0x023de933) x18 0xfffffff1
core   0: 0x80001550 (0x0000827a) c.mv    tp, t5
core   0: 3 0x80001550 (0x827a) x 4 0x00000000
core   0: 0x80001552 (0x0ff0000f) fence   iorw,iorw
core   0: 3 0x80001552 (0x0ff0000f)
core   0: 0x80001556 (0xff300393) li      t2, -13
core   0: 3 0x80001556 (0xff300393) x 7 0xfffffff3
core   0: 0x8000155a (0xe6647ab7) lui     s5, 0xe6647
core   0: 3 0x8000155a (0xe6647ab7) x21 0xe6647000
core   0: 0x8000155e (0xfcf60f13) addi    t5, a2, -49
core   0: 3 0x8000155e (0xfcf60f13) x30 0xffffffce
core   0: 0x80001562 (0x03454433) div     s0, a0, s4
core   0: 3 0x80001562 (0x03454433) x 8 0x00000000
core   0: 0x80001566 (0x02a2f1b3) remu    gp, t0, a0
core   0: 3 0x80001566 (0x02a2f1b3) x 3 0x000001e1
core   0: 0x8000156a (0x03eaff33) remu    t5, s5, t5
core   0: 3 0x8000156a (0x03eaff33) x30 0xe6647000
core   0: 0x8000156e (0x00008d95) c.sub   a1, a3
core   0: 3 0x8000156e (0x8d95) x11 0x00000007
core   0: 0x80001570 (0x000016f9) c.addi  a3, -2
core   0: 3 0x80001570 (0x16f9) x13 0xfffffff7
core   0: 0x80001572 (0x02cafab3) remu    s5, s5, a2
core   0: 3 0x80001572 (0x02cafab3) x21 0xe6647000
core   0: 0x80001576 (0x00008ffd) c.and   a5, a5
core   0: 3 0x80001576 (0x8ffd) x15 0xfffffffb
core   0: 0x80001578 (0x00800893) li      a7, 8
core   0: 3 0x80001578 (0x00800893) x17 0x00000008
core   0: 0x8000157c (0x01eabeb3) sltu    t4, s5, t5
core   0: 3 0x8000157c (0x01eabeb3) x29 0x00000000
core   0: 0x80001580 (0x036cf1b3) remu    gp, s9, s6
core   0: 3 0x80001580 (0x036cf1b3) x 3 0x14c5ff94
core   0: 0x80001584 (0xff800b13) li      s6, -8
core   0: 3 0x80001584 (0xff800b13) x22 0xfffffff8
core   0: 0x80001588 (0x00006c2d) c.lui   s8, 0xb
core   0: 3 0x80001588 (0x6c2d) x24 0x0000b000
core   0: 0x8000158a (0x0068b133) sltu    sp, a7, t1
core   0: 3 0x8000158a (0x0068b133) x 2 0x00000001
core   0: 0x8000158e (0x00000001) c.nop
core   0: 3 0x8000158e (0x0001)
core   0: 0x80001590 (0x000018f9) c.addi  a7, -2
core   0: 3 0x80001590 (0x18f9) x17 0x00000006
core   0: 0x80001592 (0x01f851b3) srl     gp, a6, t6
core   0: 3 0x80001592 (0x01f851b3) x 3 0x020009b3
core   0: 0x80001596 (0xff68dae3) bge     a7, s6, pc - 12
core   0: 3 0x80001596 (0xff68dae3)
core   0: 0x8000158a (0x0068b133) sltu    sp, a7, t1
core   0: 3 0x8000158a (0x0068b133) x 2 0x00000001
core   0: 0x8000158e (0x00000001) c.nop
core   0: 3 0x8000158e (0x0001)
core   0: 0x80001590 (0x000018f9) c.addi  a7, -2
core   0: 3 0x80001590 (0x18f9) x17 0x00000004
core   0: 0x80001592 (0x01f851b3) srl     gp, a6, t6
core   0: 3 0x80001592 (0x01f851b3) x 3 0x020009b3
core   0: 0x80001596 (0xff68dae3) bge     a7, s6, pc - 12
core   0: 3 0x80001596 (0xff68dae3)
core   0: 0x8000158a (0x0068b133) sltu    sp, a7, t1
core   0: 3 0x8000158a (0x0068b133) x 2 0x00000001
core   0: 0x8000158e (0x00000001) c.nop
core   0: 3 0x8000158e (0x0001)
core   0: 0x80001590 (0x000018f9) c.addi  a7, -2
core   0: 3 0x80001590 (0x18f9) x17 0x00000002
core   0: 0x80001592 (0x01f851b3) srl     gp, a6, t6
core   0: 3 0x80001592 (0x01f851b3) x 3 0x020009b3
core   0: 0x80001596 (0xff68dae3) bge     a7, s6, pc - 12
core   0: 3 0x80001596 (0xff68dae3)
core   0: 0x8000158a (0x0068b133) sltu    sp, a7, t1
core   0: 3 0x8000158a (0x0068b133) x 2 0x00000001
core   0: 0x8000158e (0x00000001) c.nop
core   0: 3 0x8000158e (0x0001)
core   0: 0x80001590 (0x000018f9) c.addi  a7, -2
core   0: 3 0x80001590 (0x18f9) x17 0x00000000
core   0: 0x80001592 (0x01f851b3) srl     gp, a6, t6
core   0: 3 0x80001592 (0x01f851b3) x 3 0x020009b3
core   0: 0x80001596 (0xff68dae3) bge     a7, s6, pc - 12
core   0: 3 0x80001596 (0xff68dae3)
core   0: 0x8000158a (0x0068b133) sltu    sp, a7, t1
core   0: 3 0x8000158a (0x0068b133) x 2 0x00000001
core   0: 0x8000158e (0x00000001) c.nop
core   0: 3 0x8000158e (0x0001)
core   0: 0x80001590 (0x000018f9) c.addi  a7, -2
core   0: 3 0x80001590 (0x18f9) x17 0xfffffffe
core   0: 0x80001592 (0x01f851b3) srl     gp, a6, t6
core   0: 3 0x80001592 (0x01f851b3) x 3 0x020009b3
core   0: 0x80001596 (0xff68dae3) bge     a7, s6, pc - 12
core   0: 3 0x80001596 (0xff68dae3)
core   0: 0x8000158a (0x0068b133) sltu    sp, a7, t1
core   0: 3 0x8000158a (0x0068b133) x 2 0x00000000
core   0: 0x8000158e (0x00000001) c.nop
core   0: 3 0x8000158e (0x0001)
core   0: 0x80001590 (0x000018f9) c.addi  a7, -2
core   0: 3 0x80001590 (0x18f9) x17 0xfffffffc
core   0: 0x80001592 (0x01f851b3) srl     gp, a6, t6
core   0: 3 0x80001592 (0x01f851b3) x 3 0x020009b3
core   0: 0x80001596 (0xff68dae3) bge     a7, s6, pc - 12
core   0: 3 0x80001596 (0xff68dae3)
core   0: 0x8000158a (0x0068b133) sltu    sp, a7, t1
core   0: 3 0x8000158a (0x0068b133) x 2 0x00000000
core   0: 0x8000158e (0x00000001) c.nop
core   0: 3 0x8000158e (0x0001)
core   0: 0x80001590 (0x000018f9) c.addi  a7, -2
core   0: 3 0x80001590 (0x18f9) x17 0xfffffffa
core   0: 0x80001592 (0x01f851b3) srl     gp, a6, t6
core   0: 3 0x80001592 (0x01f851b3) x 3 0x020009b3
core   0: 0x80001596 (0xff68dae3) bge     a7, s6, pc - 12
core   0: 3 0x80001596 (0xff68dae3)
core   0: 0x8000158a (0x0068b133) sltu    sp, a7, t1
core   0: 3 0x8000158a (0x0068b133) x 2 0x00000000
core   0: 0x8000158e (0x00000001) c.nop
core   0: 3 0x8000158e (0x0001)
core   0: 0x80001590 (0x000018f9) c.addi  a7, -2
core   0: 3 0x80001590 (0x18f9) x17 0xfffffff8
core   0: 0x80001592 (0x01f851b3) srl     gp, a6, t6
core   0: 3 0x80001592 (0x01f851b3) x 3 0x020009b3
core   0: 0x80001596 (0xff68dae3) bge     a7, s6, pc - 12
core   0: 3 0x80001596 (0xff68dae3)
core   0: 0x8000158a (0x0068b133) sltu    sp, a7, t1
core   0: 3 0x8000158a (0x0068b133) x 2 0x00000000
core   0: 0x8000158e (0x00000001) c.nop
core   0: 3 0x8000158e (0x0001)
core   0: 0x80001590 (0x000018f9) c.addi  a7, -2
core   0: 3 0x80001590 (0x18f9) x17 0xfffffff6
core   0: 0x80001592 (0x01f851b3) srl     gp, a6, t6
core   0: 3 0x80001592 (0x01f851b3) x 3 0x020009b3
core   0: 0x80001596 (0xff68dae3) bge     a7, s6, pc - 12
core   0: 3 0x80001596 (0xff68dae3)
core   0: 0x8000159a (0x0000717d) c.addi16sp sp, -16
core   0: 3 0x8000159a (0x717d) x 2 0xfffffff0
core   0: 0x8000159c (0x00008d29) c.xor   a0, a0
core   0: 3 0x8000159c (0x8d29) x10 0x00000000
core   0: 0x8000159e (0xfc7692e3) bne     a3, t2, pc - 60
core   0: 3 0x8000159e (0xfc7692e3)
core   0: 0x80001562 (0x03454433) div     s0, a0, s4
core   0: 3 0x80001562 (0x03454433) x 8 0x00000000
core   0: 0x80001566 (0x02a2f1b3) remu    gp, t0, a0
core   0: 3 0x80001566 (0x02a2f1b3) x 3 0xa72ef4df
core   0: 0x8000156a (0x03eaff33) remu    t5, s5, t5
core   0: 3 0x8000156a (0x03eaff33) x30 0x00000000
core   0: 0x8000156e (0x00008d95) c.sub   a1, a3
core   0: 3 0x8000156e (0x8d95) x11 0x00000010
core   0: 0x80001570 (0x000016f9) c.addi  a3, -2
core   0: 3 0x80001570 (0x16f9) x13 0xfffffff5
core   0: 0x80001572 (0x02cafab3) remu    s5, s5, a2
core   0: 3 0x80001572 (0x02cafab3) x21 0xe6647000
core   0: 0x80001576 (0x00008ffd) c.and   a5, a5
core   0: 3 0x80001576 (0x8ffd) x15 0xfffffffb
core   0: 0x80001578 (0x00800893) li      a7, 8
core   0: 3 0x80001578 (0x00800893) x17 0x00000008
core   0: 0x8000157c (0x01eabeb3) sltu    t4, s5, t5
core   0: 3 0x8000157c (0x01eabeb3) x29 0x00000000
core   0: 0x80001580 (0x036cf1b3) remu    gp, s9, s6
core   0: 3 0x80001580 (0x036cf1b3) x 3 0xffffffec
core   0: 0x80001584 (0xff800b13) li      s6, -8
core   0: 3 0x80001584 (0xff800b13) x22 0xfffffff8
core   0: 0x80001588 (0x00006c2d) c.lui   s8, 0xb
core   0: 3 0x80001588 (0x6c2d) x24 0x0000b000
core   0: 0x8000158a (0x0068b133) sltu    sp, a7, t1
core   0: 3 0x8000158a (0x0068b133) x 2 0x00000001
core   0: 0x8000158e (0x00000001) c.nop
core   0: 3 0x8000158e (0x0001)
core   0: 0x80001590 (0x000018f9) c.addi  a7, -2
core   0: 3 0x80001590 (0x18f9) x17 0x00000006
core   0: 0x80001592 (0x01f851b3) srl     gp, a6, t6
core   0: 3 0x80001592 (0x01f851b3) x 3 0x020009b3
core   0: 0x80001596 (0xff68dae3) bge     a7, s6, pc - 12
core   0: 3 0x80001596 (0xff68dae3)
core   0: 0x8000158a (0x0068b133) sltu    sp, a7, t1
core   0: 3 0x8000158a (0x0068b133) x 2 0x00000001
core   0: 0x8000158e (0x00000001) c.nop
core   0: 3 0x8000158e (0x0001)
core   0: 0x80001590 (0x000018f9) c.addi  a7, -2
core   0: 3 0x80001590 (0x18f9) x17 0x00000004
core   0: 0x80001592 (0x01f851b3) srl     gp, a6, t6
core   0: 3 0x80001592 (0x01f851b3) x 3 0x020009b3
core   0: 0x80001596 (0xff68dae3) bge     a7, s6, pc - 12
core   0: 3 0x80001596 (0xff68dae3)
core   0: 0x8000158a (0x0068b133) sltu    sp, a7, t1
core   0: 3 0x8000158a (0x0068b133) x 2 0x00000001
core   0: 0x8000158e (0x00000001) c.nop
core   0: 3 0x8000158e (0x0001)
core   0: 0x80001590 (0x000018f9) c.addi  a7, -2
core   0: 3 0x80001590 (0x18f9) x17 0x00000002
core   0: 0x80001592 (0x01f851b3) srl     gp, a6, t6
core   0: 3 0x80001592 (0x01f851b3) x 3 0x020009b3
core   0: 0x80001596 (0xff68dae3) bge     a7, s6, pc - 12
core   0: 3 0x80001596 (0xff68dae3)
core   0: 0x8000158a (0x0068b133) sltu    sp, a7, t1
core   0: 3 0x8000158a (0x0068b133) x 2 0x00000001
core   0: 0x8000158e (0x00000001) c.nop
core   0: 3 0x8000158e (0x0001)
core   0: 0x80001590 (0x000018f9) c.addi  a7, -2
core   0: 3 0x80001590 (0x18f9) x17 0x00000000
core   0: 0x80001592 (0x01f851b3) srl     gp, a6, t6
core   0: 3 0x80001592 (0x01f851b3) x 3 0x020009b3
core   0: 0x80001596 (0xff68dae3) bge     a7, s6, pc - 12
core   0: 3 0x80001596 (0xff68dae3)
core   0: 0x8000158a (0x0068b133) sltu    sp, a7, t1
core   0: 3 0x8000158a (0x0068b133) x 2 0x00000001
core   0: 0x8000158e (0x00000001) c.nop
core   0: 3 0x8000158e (0x0001)
core   0: 0x80001590 (0x000018f9) c.addi  a7, -2
core   0: 3 0x80001590 (0x18f9) x17 0xfffffffe
core   0: 0x80001592 (0x01f851b3) srl     gp, a6, t6
core   0: 3 0x80001592 (0x01f851b3) x 3 0x020009b3
core   0: 0x80001596 (0xff68dae3) bge     a7, s6, pc - 12
core   0: 3 0x80001596 (0xff68dae3)
core   0: 0x8000158a (0x0068b133) sltu    sp, a7, t1
core   0: 3 0x8000158a (0x0068b133) x 2 0x00000000
core   0: 0x8000158e (0x00000001) c.nop
core   0: 3 0x8000158e (0x0001)
core   0: 0x80001590 (0x000018f9) c.addi  a7, -2
core   0: 3 0x80001590 (0x18f9) x17 0xfffffffc
core   0: 0x80001592 (0x01f851b3) srl     gp, a6, t6
core   0: 3 0x80001592 (0x01f851b3) x 3 0x020009b3
core   0: 0x80001596 (0xff68dae3) bge     a7, s6, pc - 12
core   0: 3 0x80001596 (0xff68dae3)
core   0: 0x8000158a (0x0068b133) sltu    sp, a7, t1
core   0: 3 0x8000158a (0x0068b133) x 2 0x00000000
core   0: 0x8000158e (0x00000001) c.nop
core   0: 3 0x8000158e (0x0001)
core   0: 0x80001590 (0x000018f9) c.addi  a7, -2
core   0: 3 0x80001590 (0x18f9) x17 0xfffffffa
core   0: 0x80001592 (0x01f851b3) srl     gp, a6, t6
core   0: 3 0x80001592 (0x01f851b3) x 3 0x020009b3
core   0: 0x80001596 (0xff68dae3) bge     a7, s6, pc - 12
core   0: 3 0x80001596 (0xff68dae3)
core   0: 0x8000158a (0x0068b133) sltu    sp, a7, t1
core   0: 3 0x8000158a (0x0068b133) x 2 0x00000000
core   0: 0x8000158e (0x00000001) c.nop
core   0: 3 0x8000158e (0x0001)
core   0: 0x80001590 (0x000018f9) c.addi  a7, -2
core   0: 3 0x80001590 (0x18f9) x17 0xfffffff8
core   0: 0x80001592 (0x01f851b3) srl     gp, a6, t6
core   0: 3 0x80001592 (0x01f851b3) x 3 0x020009b3
core   0: 0x80001596 (0xff68dae3) bge     a7, s6, pc - 12
core   0: 3 0x80001596 (0xff68dae3)
core   0: 0x8000158a (0x0068b133) sltu    sp, a7, t1
core   0: 3 0x8000158a (0x0068b133) x 2 0x00000000
core   0: 0x8000158e (0x00000001) c.nop
core   0: 3 0x8000158e (0x0001)
core   0: 0x80001590 (0x000018f9) c.addi  a7, -2
core   0: 3 0x80001590 (0x18f9) x17 0xfffffff6
core   0: 0x80001592 (0x01f851b3) srl     gp, a6, t6
core   0: 3 0x80001592 (0x01f851b3) x 3 0x020009b3
core   0: 0x80001596 (0xff68dae3) bge     a7, s6, pc - 12
core   0: 3 0x80001596 (0xff68dae3)
core   0: 0x8000159a (0x0000717d) c.addi16sp sp, -16
core   0: 3 0x8000159a (0x717d) x 2 0xfffffff0
core   0: 0x8000159c (0x00008d29) c.xor   a0, a0
core   0: 3 0x8000159c (0x8d29) x10 0x00000000
core   0: 0x8000159e (0xfc7692e3) bne     a3, t2, pc - 60
core   0: 3 0x8000159e (0xfc7692e3)
core   0: 0x80001562 (0x03454433) div     s0, a0, s4
core   0: 3 0x80001562 (0x03454433) x 8 0x00000000
core   0: 0x80001566 (0x02a2f1b3) remu    gp, t0, a0
core   0: 3 0x80001566 (0x02a2f1b3) x 3 0xa72ef4df
core   0: 0x8000156a (0x03eaff33) remu    t5, s5, t5
core   0: 3 0x8000156a (0x03eaff33) x30 0xe6647000
core   0: 0x8000156e (0x00008d95) c.sub   a1, a3
core   0: 3 0x8000156e (0x8d95) x11 0x0000001b
core   0: 0x80001570 (0x000016f9) c.addi  a3, -2
core   0: 3 0x80001570 (0x16f9) x13 0xfffffff3
core   0: 0x80001572 (0x02cafab3) remu    s5, s5, a2
core   0: 3 0x80001572 (0x02cafab3) x21 0xe6647000
core   0: 0x80001576 (0x00008ffd) c.and   a5, a5
core   0: 3 0x80001576 (0x8ffd) x15 0xfffffffb
core   0: 0x80001578 (0x00800893) li      a7, 8
core   0: 3 0x80001578 (0x00800893) x17 0x00000008
core   0: 0x8000157c (0x01eabeb3) sltu    t4, s5, t5
core   0: 3 0x8000157c (0x01eabeb3) x29 0x00000000
core   0: 0x80001580 (0x036cf1b3) remu    gp, s9, s6
core   0: 3 0x80001580 (0x036cf1b3) x 3 0xffffffec
core   0: 0x80001584 (0xff800b13) li      s6, -8
core   0: 3 0x80001584 (0xff800b13) x22 0xfffffff8
core   0: 0x80001588 (0x00006c2d) c.lui   s8, 0xb
core   0: 3 0x80001588 (0x6c2d) x24 0x0000b000
core   0: 0x8000158a (0x0068b133) sltu    sp, a7, t1
core   0: 3 0x8000158a (0x0068b133) x 2 0x00000001
core   0: 0x8000158e (0x00000001) c.nop
core   0: 3 0x8000158e (0x0001)
core   0: 0x80001590 (0x000018f9) c.addi  a7, -2
core   0: 3 0x80001590 (0x18f9) x17 0x00000006
core   0: 0x80001592 (0x01f851b3) srl     gp, a6, t6
core   0: 3 0x80001592 (0x01f851b3) x 3 0x020009b3
core   0: 0x80001596 (0xff68dae3) bge     a7, s6, pc - 12
core   0: 3 0x80001596 (0xff68dae3)
core   0: 0x8000158a (0x0068b133) sltu    sp, a7, t1
core   0: 3 0x8000158a (0x0068b133) x 2 0x00000001
core   0: 0x8000158e (0x00000001) c.nop
core   0: 3 0x8000158e (0x0001)
core   0: 0x80001590 (0x000018f9) c.addi  a7, -2
core   0: 3 0x80001590 (0x18f9) x17 0x00000004
core   0: 0x80001592 (0x01f851b3) srl     gp, a6, t6
core   0: 3 0x80001592 (0x01f851b3) x 3 0x020009b3
core   0: 0x80001596 (0xff68dae3) bge     a7, s6, pc - 12
core   0: 3 0x80001596 (0xff68dae3)
core   0: 0x8000158a (0x0068b133) sltu    sp, a7, t1
core   0: 3 0x8000158a (0x0068b133) x 2 0x00000001
core   0: 0x8000158e (0x00000001) c.nop
core   0: 3 0x8000158e (0x0001)
core   0: 0x80001590 (0x000018f9) c.addi  a7, -2
core   0: 3 0x80001590 (0x18f9) x17 0x00000002
core   0: 0x80001592 (0x01f851b3) srl     gp, a6, t6
core   0: 3 0x80001592 (0x01f851b3) x 3 0x020009b3
core   0: 0x80001596 (0xff68dae3) bge     a7, s6, pc - 12
core   0: 3 0x80001596 (0xff68dae3)
core   0: 0x8000158a (0x0068b133) sltu    sp, a7, t1
core   0: 3 0x8000158a (0x0068b133) x 2 0x00000001
core   0: 0x8000158e (0x00000001) c.nop
core   0: 3 0x8000158e (0x0001)
core   0: 0x80001590 (0x000018f9) c.addi  a7, -2
core   0: 3 0x80001590 (0x18f9) x17 0x00000000
core   0: 0x80001592 (0x01f851b3) srl     gp, a6, t6
core   0: 3 0x80001592 (0x01f851b3) x 3 0x020009b3
core   0: 0x80001596 (0xff68dae3) bge     a7, s6, pc - 12
core   0: 3 0x80001596 (0xff68dae3)
core   0: 0x8000158a (0x0068b133) sltu    sp, a7, t1
core   0: 3 0x8000158a (0x0068b133) x 2 0x00000001
core   0: 0x8000158e (0x00000001) c.nop
core   0: 3 0x8000158e (0x0001)
core   0: 0x80001590 (0x000018f9) c.addi  a7, -2
core   0: 3 0x80001590 (0x18f9) x17 0xfffffffe
core   0: 0x80001592 (0x01f851b3) srl     gp, a6, t6
core   0: 3 0x80001592 (0x01f851b3) x 3 0x020009b3
core   0: 0x80001596 (0xff68dae3) bge     a7, s6, pc - 12
core   0: 3 0x80001596 (0xff68dae3)
core   0: 0x8000158a (0x0068b133) sltu    sp, a7, t1
core   0: 3 0x8000158a (0x0068b133) x 2 0x00000000
core   0: 0x8000158e (0x00000001) c.nop
core   0: 3 0x8000158e (0x0001)
core   0: 0x80001590 (0x000018f9) c.addi  a7, -2
core   0: 3 0x80001590 (0x18f9) x17 0xfffffffc
core   0: 0x80001592 (0x01f851b3) srl     gp, a6, t6
core   0: 3 0x80001592 (0x01f851b3) x 3 0x020009b3
core   0: 0x80001596 (0xff68dae3) bge     a7, s6, pc - 12
core   0: 3 0x80001596 (0xff68dae3)
core   0: 0x8000158a (0x0068b133) sltu    sp, a7, t1
core   0: 3 0x8000158a (0x0068b133) x 2 0x00000000
core   0: 0x8000158e (0x00000001) c.nop
core   0: 3 0x8000158e (0x0001)
core   0: 0x80001590 (0x000018f9) c.addi  a7, -2
core   0: 3 0x80001590 (0x18f9) x17 0xfffffffa
core   0: 0x80001592 (0x01f851b3) srl     gp, a6, t6
core   0: 3 0x80001592 (0x01f851b3) x 3 0x020009b3
core   0: 0x80001596 (0xff68dae3) bge     a7, s6, pc - 12
core   0: 3 0x80001596 (0xff68dae3)
core   0: 0x8000158a (0x0068b133) sltu    sp, a7, t1
core   0: 3 0x8000158a (0x0068b133) x 2 0x00000000
core   0: 0x8000158e (0x00000001) c.nop
core   0: 3 0x8000158e (0x0001)
core   0: 0x80001590 (0x000018f9) c.addi  a7, -2
core   0: 3 0x80001590 (0x18f9) x17 0xfffffff8
core   0: 0x80001592 (0x01f851b3) srl     gp, a6, t6
core   0: 3 0x80001592 (0x01f851b3) x 3 0x020009b3
core   0: 0x80001596 (0xff68dae3) bge     a7, s6, pc - 12
core   0: 3 0x80001596 (0xff68dae3)
core   0: 0x8000158a (0x0068b133) sltu    sp, a7, t1
core   0: 3 0x8000158a (0x0068b133) x 2 0x00000000
core   0: 0x8000158e (0x00000001) c.nop
core   0: 3 0x8000158e (0x0001)
core   0: 0x80001590 (0x000018f9) c.addi  a7, -2
core   0: 3 0x80001590 (0x18f9) x17 0xfffffff6
core   0: 0x80001592 (0x01f851b3) srl     gp, a6, t6
core   0: 3 0x80001592 (0x01f851b3) x 3 0x020009b3
core   0: 0x80001596 (0xff68dae3) bge     a7, s6, pc - 12
core   0: 3 0x80001596 (0xff68dae3)
core   0: 0x8000159a (0x0000717d) c.addi16sp sp, -16
core   0: 3 0x8000159a (0x717d) x 2 0xfffffff0
core   0: 0x8000159c (0x00008d29) c.xor   a0, a0
core   0: 3 0x8000159c (0x8d29) x10 0x00000000
core   0: 0x8000159e (0xfc7692e3) bne     a3, t2, pc - 60
core   0: 3 0x8000159e (0xfc7692e3)
core   0: 0x800015a2 (0x000005dd) c.addi  a1, 23
core   0: 3 0x800015a2 (0x05dd) x11 0x00000032
core   0: 0x800015a4 (0x00200793) li      a5, 2
core   0: 3 0x800015a4 (0x00200793) x15 0x00000002
core   0: 0x800015a8 (0x00008e8d) c.sub   a3, a1
core   0: 3 0x800015a8 (0x8e8d) x13 0xffffffc1
core   0: 0x800015aa (0x027d1533) mulh    a0, s10, t2
core   0: 3 0x800015aa (0x027d1533) x10 0xffffffff
core   0: 0x800015ae (0x00008349) c.srli  a4, 18
core   0: 3 0x800015ae (0x8349) x14 0x00000000
core   0: 0x800015b0 (0x1307f293) andi    t0, a5, 304
core   0: 3 0x800015b0 (0x1307f293) x 5 0x00000000
core   0: 0x800015b4 (0x40725cb3) sra     s9, tp, t2
core   0: 3 0x800015b4 (0x40725cb3) x25 0x00000000
core   0: 0x800015b8 (0x00a00113) li      sp, 10
core   0: 3 0x800015b8 (0x00a00113) x 2 0x0000000a
core   0: 0x800015bc (0x00001d98) c.addi4spn a4, sp, 752
core   0: 3 0x800015bc (0x1d98) x14 0x000002fa
core   0: 0x800015be (0x000007a5) c.addi  a5, 9
core   0: 3 0x800015be (0x07a5) x15 0x0000000b
core   0: 0x800015c0 (0x00200593) li      a1, 2
core   0: 3 0x800015c0 (0x00200593) x11 0x00000002
core   0: 0x800015c4 (0x00ff38b3) sltu    a7, t5, a5
core   0: 3 0x800015c4 (0x00ff38b3) x17 0x00000000
core   0: 0x800015c8 (0x41975413) srai    s0, a4, 25
core   0: 3 0x800015c8 (0x41975413) x 8 0x00000000
core   0: 0x800015cc (0x00008c9d) c.sub   s1, a5
core   0: 3 0x800015cc (0x8c9d) x 9 0xfffffffd
core   0: 0x800015ce (0x034221b3) mulhsu  gp, tp, s4
core   0: 3 0x800015ce (0x034221b3) x 3 0x00000000
core   0: 0x800015d2 (0x0ff0000f) fence   iorw,iorw
core   0: 3 0x800015d2 (0x0ff0000f)
core   0: 0x800015d6 (0x00000001) c.nop
core   0: 3 0x800015d6 (0x0001)
core   0: 0x800015d8 (0x4108d213) srai    tp, a7, 16
core   0: 3 0x800015d8 (0x4108d213) x 4 0x00000000
core   0: 0x800015dc (0x03be2233) mulhsu  tp, t3, s11
core   0: 3 0x800015dc (0x03be2233) x 4 0x00000000
core   0: 0x800015e0 (0x021071b3) remu    gp, zero, ra
core   0: 3 0x800015e0 (0x021071b3) x 3 0x00000000
core   0: 0x800015e4 (0xe430b413) sltiu   s0, ra, -445
core   0: 3 0x800015e4 (0xe430b413) x 8 0x00000001
core   0: 0x800015e8 (0x03e61933) mulh    s2, a2, t5
core   0: 3 0x800015e8 (0x03e61933) x18 0x00000000
core   0: 0x800015ec (0x00000952) c.slli  s2, 20
core   0: 3 0x800015ec (0x0952) x18 0x00000000
core   0: 0x800015ee (0x00000001) c.nop
core   0: 3 0x800015ee (0x0001)
core   0: 0x800015f0 (0x000015f9) c.addi  a1, -2
core   0: 3 0x800015f0 (0x15f9) x11 0x00000000
core   0: 0x800015f2 (0x0000d9fd) c.beqz  a1, pc - 10
core   0: 3 0x800015f2 (0xd9fd)
core   0: 0x800015e8 (0x03e61933) mulh    s2, a2, t5
core   0: 3 0x800015e8 (0x03e61933) x18 0x00000000
core   0: 0x800015ec (0x00000952) c.slli  s2, 20
core   0: 3 0x800015ec (0x0952) x18 0x00000000
core   0: 0x800015ee (0x00000001) c.nop
core   0: 3 0x800015ee (0x0001)
core   0: 0x800015f0 (0x000015f9) c.addi  a1, -2
core   0: 3 0x800015f0 (0x15f9) x11 0xfffffffe
core   0: 0x800015f2 (0x0000d9fd) c.beqz  a1, pc - 10
core   0: 3 0x800015f2 (0xd9fd)
core   0: 0x800015f4 (0x028874b3) remu    s1, a6, s0
core   0: 3 0x800015f4 (0x028874b3) x 9 0x00000000
core   0: 0x800015f8 (0x000080e9) c.srli  s1, 26
core   0: 3 0x800015f8 (0x80e9) x 9 0x00000000
core   0: 0x800015fa (0xe8fd7d93) andi    s11, s10, -369
core   0: 3 0x800015fa (0xe8fd7d93) x27 0x00000009
core   0: 0x800015fe (0x40a9d233) sra     tp, s3, a0
core   0: 3 0x800015fe (0x40a9d233) x 4 0x00000000
core   0: 0x80001602 (0x01103533) snez    a0, a7
core   0: 3 0x80001602 (0x01103533) x10 0x00000000
core   0: 0x80001606 (0x00008f8a) c.mv    t6, sp
core   0: 3 0x80001606 (0x8f8a) x31 0x0000000a
core   0: 0x80001608 (0x00008ecd) c.or    a3, a1
core   0: 3 0x80001608 (0x8ecd) x13 0xffffffff
core   0: 0x8000160a (0xfa27e9e3) bltu    a5, sp, pc - 78
core   0: 3 0x8000160a (0xfa27e9e3)
core   0: 0x8000160e (0x41cdd093) srai    ra, s11, 28
core   0: 3 0x8000160e (0x41cdd093) x 1 0x00000000
core   0: 0x80001612 (0x00a00493) li      s1, 10
core   0: 3 0x80001612 (0x00a00493) x 9 0x0000000a
core   0: 0x80001616 (0x03ea7eb3) remu    t4, s4, t5
core   0: 3 0x80001616 (0x03ea7eb3) x29 0xa72ef25e
core   0: 0x8000161a (0x00d00413) li      s0, 13
core   0: 3 0x8000161a (0x00d00413) x 8 0x0000000d
core   0: 0x8000161e (0xfe00c1b7) lui     gp, 0xfe00c
core   0: 3 0x8000161e (0xfe00c1b7) x 3 0xfe00c000
core   0: 0x80001622 (0x0000049d) c.addi  s1, 7
core   0: 3 0x80001622 (0x049d) x 9 0x00000011
core   0: 0x80001624 (0xff900593) li      a1, -7
core   0: 3 0x80001624 (0xff900593) x11 0xfffffff9
core   0: 0x80001628 (0x00cd9f33) sll     t5, s11, a2
core   0: 3 0x80001628 (0x00cd9f33) x30 0x80000000
core   0: 0x8000162c (0x00000001) c.nop
core   0: 3 0x8000162c (0x0001)
core   0: 0x8000162e (0x00ea5733) srl     a4, s4, a4
core   0: 3 0x8000162e (0x00ea5733) x14 0x00000029
core   0: 0x80001632 (0x4165e713) ori     a4, a1, 1046
core   0: 3 0x80001632 (0x4165e713) x14 0xffffffff
core   0: 0x80001636 (0x75338713) addi    a4, t2, 1875
core   0: 3 0x80001636 (0x75338713) x14 0x00000746
core   0: 0x8000163a (0x4081d233) sra     tp, gp, s0
core   0: 3 0x8000163a (0x4081d233) x 4 0xfffff006
core   0: 0x8000163e (0x00000585) c.addi  a1, 1
core   0: 3 0x8000163e (0x0585) x11 0xfffffffa
core   0: 0x80001640 (0x0000f9fd) c.bnez  a1, pc - 10
core   0: 3 0x80001640 (0xf9fd)
core   0: 0x80001636 (0x75338713) addi    a4, t2, 1875
core   0: 3 0x80001636 (0x75338713) x14 0x00000746
core   0: 0x8000163a (0x4081d233) sra     tp, gp, s0
core   0: 3 0x8000163a (0x4081d233) x 4 0xfffff006
core   0: 0x8000163e (0x00000585) c.addi  a1, 1
core   0: 3 0x8000163e (0x0585) x11 0xfffffffb
core   0: 0x80001640 (0x0000f9fd) c.bnez  a1, pc - 10
core   0: 3 0x80001640 (0xf9fd)
core   0: 0x80001636 (0x75338713) addi    a4, t2, 1875
core   0: 3 0x80001636 (0x75338713) x14 0x00000746
core   0: 0x8000163a (0x4081d233) sra     tp, gp, s0
core   0: 3 0x8000163a (0x4081d233) x 4 0xfffff006
core   0: 0x8000163e (0x00000585) c.addi  a1, 1
core   0: 3 0x8000163e (0x0585) x11 0xfffffffc
core   0: 0x80001640 (0x0000f9fd) c.bnez  a1, pc - 10
core   0: 3 0x80001640 (0xf9fd)
core   0: 0x80001636 (0x75338713) addi    a4, t2, 1875
core   0: 3 0x80001636 (0x75338713) x14 0x00000746
core   0: 0x8000163a (0x4081d233) sra     tp, gp, s0
core   0: 3 0x8000163a (0x4081d233) x 4 0xfffff006
core   0: 0x8000163e (0x00000585) c.addi  a1, 1
core   0: 3 0x8000163e (0x0585) x11 0xfffffffd
core   0: 0x80001640 (0x0000f9fd) c.bnez  a1, pc - 10
core   0: 3 0x80001640 (0xf9fd)
core   0: 0x80001636 (0x75338713) addi    a4, t2, 1875
core   0: 3 0x80001636 (0x75338713) x14 0x00000746
core   0: 0x8000163a (0x4081d233) sra     tp, gp, s0
core   0: 3 0x8000163a (0x4081d233) x 4 0xfffff006
core   0: 0x8000163e (0x00000585) c.addi  a1, 1
core   0: 3 0x8000163e (0x0585) x11 0xfffffffe
core   0: 0x80001640 (0x0000f9fd) c.bnez  a1, pc - 10
core   0: 3 0x80001640 (0xf9fd)
core   0: 0x80001636 (0x75338713) addi    a4, t2, 1875
core   0: 3 0x80001636 (0x75338713) x14 0x00000746
core   0: 0x8000163a (0x4081d233) sra     tp, gp, s0
core   0: 3 0x8000163a (0x4081d233) x 4 0xfffff006
core   0: 0x8000163e (0x00000585) c.addi  a1, 1
core   0: 3 0x8000163e (0x0585) x11 0xffffffff
core   0: 0x80001640 (0x0000f9fd) c.bnez  a1, pc - 10
core   0: 3 0x80001640 (0xf9fd)
core   0: 0x80001636 (0x75338713) addi    a4, t2, 1875
core   0: 3 0x80001636 (0x75338713) x14 0x00000746
core   0: 0x8000163a (0x4081d233) sra     tp, gp, s0
core   0: 3 0x8000163a (0x4081d233) x 4 0xfffff006
core   0: 0x8000163e (0x00000585) c.addi  a1, 1
core   0: 3 0x8000163e (0x0585) x11 0x00000000
core   0: 0x80001640 (0x0000f9fd) c.bnez  a1, pc - 10
core   0: 3 0x80001640 (0xf9fd)
core   0: 0x80001642 (0xfc84eee3) bltu    s1, s0, pc - 36
core   0: 3 0x80001642 (0xfc84eee3)
core   0: 0x80001646 (0x2b24c697) auipc   a3, 0x2b24c
core   0: 3 0x80001646 (0x2b24c697) x13 0xab24d646
core   0: 0x8000164a (0xfff00513) li      a0, -1
core   0: 3 0x8000164a (0xfff00513) x10 0xffffffff
core   0: 0x8000164e (0x00cf2d33) slt     s10, t5, a2
core   0: 3 0x8000164e (0x00cf2d33) x26 0x00000001
core   0: 0x80001652 (0xfec00f13) li      t5, -20
core   0: 3 0x80001652 (0xfec00f13) x30 0xffffffec
core   0: 0x80001656 (0x000064ed) c.lui   s1, 0x1b
core   0: 3 0x80001656 (0x64ed) x 9 0x0001b000
core   0: 0x80001658 (0x027700b3) mul     ra, a4, t2
core   0: 3 0x80001658 (0x027700b3) x 1 0xffffa172
core   0: 0x8000165c (0x00001569) c.addi  a0, -6
core   0: 3 0x8000165c (0x1569) x10 0xfffffff9
core   0: 0x8000165e (0x000053fd) c.li    t2, -1
core   0: 3 0x8000165e (0x53fd) x 7 0xffffffff
core   0: 0x80001660 (0x00008296) c.mv    t0, t0
core   0: 3 0x80001660 (0x8296) x 5 0x00000000
core   0: 0x80001662 (0x00000001) c.nop
core   0: 3 0x80001662 (0x0001)
core   0: 0x80001664 (0x00200913) li      s2, 2
core   0: 3 0x80001664 (0x00200913) x18 0x00000002
core   0: 0x80001668 (0x03ce6733) rem     a4, t3, t3
core   0: 3 0x80001668 (0x03ce6733) x14 0x00000000
core   0: 0x8000166c (0x0286ee33) rem     t3, a3, s0
core   0: 3 0x8000166c (0x0286ee33) x28 0xfffffff7
core   0: 0x80001670 (0x00008fe9) c.and   a5, a0
core   0: 3 0x80001670 (0x8fe9) x15 0x00000009
core   0: 0x80001672 (0x00700c13) li      s8, 7
core   0: 3 0x80001672 (0x00700c13) x24 0x00000007
core   0: 0x80001676 (0x69f17113) andi    sp, sp, 1695
core   0: 3 0x80001676 (0x69f17113) x 2 0x0000000a
core   0: 0x8000167a (0xa4c70c93) addi    s9, a4, -1460
core   0: 3 0x8000167a (0xa4c70c93) x25 0xfffffa4c
core   0: 0x8000167e (0x008e95b3) sll     a1, t4, s0
core   0: 3 0x8000167e (0x008e95b3) x11 0xde4bc000
core   0: 0x80001682 (0x00000925) c.addi  s2, 9
core   0: 3 0x80001682 (0x0925) x18 0x0000000b
core   0: 0x80001684 (0x01ae3fb3) sltu    t6, t3, s10
core   0: 3 0x80001684 (0x01ae3fb3) x31 0x00000000
core   0: 0x80001688 (0xff8947e3) blt     s2, s8, pc - 18
core   0: 3 0x80001688 (0xff8947e3)
core   0: 0x8000168c (0x034258b3) divu    a7, tp, s4
core   0: 3 0x8000168c (0x034258b3) x17 0x00000001
core   0: 0x80001690 (0x00000d6e) c.slli  s10, 27
core   0: 3 0x80001690 (0x0d6e) x26 0x08000000
core   0: 0x80001692 (0xb9889d17) auipc   s10, 0xb9889
core   0: 3 0x80001692 (0xb9889d17) x26 0x3988a692
core   0: 0x80001696 (0x00009afd) c.andi  a3, -1
core   0: 3 0x80001696 (0x9afd) x13 0xab24d646
core   0: 0x80001698 (0x02020d33) mul     s10, tp, zero
core   0: 3 0x80001698 (0x02020d33) x26 0x00000000
core   0: 0x8000169c (0xfbe55de3) bge     a0, t5, pc - 70
core   0: 3 0x8000169c (0xfbe55de3)
core   0: 0x80001656 (0x000064ed) c.lui   s1, 0x1b
core   0: 3 0x80001656 (0x64ed) x 9 0x0001b000
core   0: 0x80001658 (0x027700b3) mul     ra, a4, t2
core   0: 3 0x80001658 (0x027700b3) x 1 0x00000000
core   0: 0x8000165c (0x00001569) c.addi  a0, -6
core   0: 3 0x8000165c (0x1569) x10 0xfffffff3
core   0: 0x8000165e (0x000053fd) c.li    t2, -1
core   0: 3 0x8000165e (0x53fd) x 7 0xffffffff
core   0: 0x80001660 (0x00008296) c.mv    t0, t0
core   0: 3 0x80001660 (0x8296) x 5 0x00000000
core   0: 0x80001662 (0x00000001) c.nop
core   0: 3 0x80001662 (0x0001)
core   0: 0x80001664 (0x00200913) li      s2, 2
core   0: 3 0x80001664 (0x00200913) x18 0x00000002
core   0: 0x80001668 (0x03ce6733) rem     a4, t3, t3
core   0: 3 0x80001668 (0x03ce6733) x14 0x00000000
core   0: 0x8000166c (0x0286ee33) rem     t3, a3, s0
core   0: 3 0x8000166c (0x0286ee33) x28 0xfffffff7
core   0: 0x80001670 (0x00008fe9) c.and   a5, a0
core   0: 3 0x80001670 (0x8fe9) x15 0x00000001
core   0: 0x80001672 (0x00700c13) li      s8, 7
core   0: 3 0x80001672 (0x00700c13) x24 0x00000007
core   0: 0x80001676 (0x69f17113) andi    sp, sp, 1695
core   0: 3 0x80001676 (0x69f17113) x 2 0x0000000a
core   0: 0x8000167a (0xa4c70c93) addi    s9, a4, -1460
core   0: 3 0x8000167a (0xa4c70c93) x25 0xfffffa4c
core   0: 0x8000167e (0x008e95b3) sll     a1, t4, s0
core   0: 3 0x8000167e (0x008e95b3) x11 0xde4bc000
core   0: 0x80001682 (0x00000925) c.addi  s2, 9
core   0: 3 0x80001682 (0x0925) x18 0x0000000b
core   0: 0x80001684 (0x01ae3fb3) sltu    t6, t3, s10
core   0: 3 0x80001684 (0x01ae3fb3) x31 0x00000000
core   0: 0x80001688 (0xff8947e3) blt     s2, s8, pc - 18
core   0: 3 0x80001688 (0xff8947e3)
core   0: 0x8000168c (0x034258b3) divu    a7, tp, s4
core   0: 3 0x8000168c (0x034258b3) x17 0x00000001
core   0: 0x80001690 (0x00000d6e) c.slli  s10, 27
core   0: 3 0x80001690 (0x0d6e) x26 0x00000000
core   0: 0x80001692 (0xb9889d17) auipc   s10, 0xb9889
core   0: 3 0x80001692 (0xb9889d17) x26 0x3988a692
core   0: 0x80001696 (0x00009afd) c.andi  a3, -1
core   0: 3 0x80001696 (0x9afd) x13 0xab24d646
core   0: 0x80001698 (0x02020d33) mul     s10, tp, zero
core   0: 3 0x80001698 (0x02020d33) x26 0x00000000
core   0: 0x8000169c (0xfbe55de3) bge     a0, t5, pc - 70
core   0: 3 0x8000169c (0xfbe55de3)
core   0: 0x80001656 (0x000064ed) c.lui   s1, 0x1b
core   0: 3 0x80001656 (0x64ed) x 9 0x0001b000
core   0: 0x80001658 (0x027700b3) mul     ra, a4, t2
core   0: 3 0x80001658 (0x027700b3) x 1 0x00000000
core   0: 0x8000165c (0x00001569) c.addi  a0, -6
core   0: 3 0x8000165c (0x1569) x10 0xffffffed
core   0: 0x8000165e (0x000053fd) c.li    t2, -1
core   0: 3 0x8000165e (0x53fd) x 7 0xffffffff
core   0: 0x80001660 (0x00008296) c.mv    t0, t0
core   0: 3 0x80001660 (0x8296) x 5 0x00000000
core   0: 0x80001662 (0x00000001) c.nop
core   0: 3 0x80001662 (0x0001)
core   0: 0x80001664 (0x00200913) li      s2, 2
core   0: 3 0x80001664 (0x00200913) x18 0x00000002
core   0: 0x80001668 (0x03ce6733) rem     a4, t3, t3
core   0: 3 0x80001668 (0x03ce6733) x14 0x00000000
core   0: 0x8000166c (0x0286ee33) rem     t3, a3, s0
core   0: 3 0x8000166c (0x0286ee33) x28 0xfffffff7
core   0: 0x80001670 (0x00008fe9) c.and   a5, a0
core   0: 3 0x80001670 (0x8fe9) x15 0x00000001
core   0: 0x80001672 (0x00700c13) li      s8, 7
core   0: 3 0x80001672 (0x00700c13) x24 0x00000007
core   0: 0x80001676 (0x69f17113) andi    sp, sp, 1695
core   0: 3 0x80001676 (0x69f17113) x 2 0x0000000a
core   0: 0x8000167a (0xa4c70c93) addi    s9, a4, -1460
core   0: 3 0x8000167a (0xa4c70c93) x25 0xfffffa4c
core   0: 0x8000167e (0x008e95b3) sll     a1, t4, s0
core   0: 3 0x8000167e (0x008e95b3) x11 0xde4bc000
core   0: 0x80001682 (0x00000925) c.addi  s2, 9
core   0: 3 0x80001682 (0x0925) x18 0x0000000b
core   0: 0x80001684 (0x01ae3fb3) sltu    t6, t3, s10
core   0: 3 0x80001684 (0x01ae3fb3) x31 0x00000000
core   0: 0x80001688 (0xff8947e3) blt     s2, s8, pc - 18
core   0: 3 0x80001688 (0xff8947e3)
core   0: 0x8000168c (0x034258b3) divu    a7, tp, s4
core   0: 3 0x8000168c (0x034258b3) x17 0x00000001
core   0: 0x80001690 (0x00000d6e) c.slli  s10, 27
core   0: 3 0x80001690 (0x0d6e) x26 0x00000000
core   0: 0x80001692 (0xb9889d17) auipc   s10, 0xb9889
core   0: 3 0x80001692 (0xb9889d17) x26 0x3988a692
core   0: 0x80001696 (0x00009afd) c.andi  a3, -1
core   0: 3 0x80001696 (0x9afd) x13 0xab24d646
core   0: 0x80001698 (0x02020d33) mul     s10, tp, zero
core   0: 3 0x80001698 (0x02020d33) x26 0x00000000
core   0: 0x8000169c (0xfbe55de3) bge     a0, t5, pc - 70
core   0: 3 0x8000169c (0xfbe55de3)
core   0: 0x80001656 (0x000064ed) c.lui   s1, 0x1b
core   0: 3 0x80001656 (0x64ed) x 9 0x0001b000
core   0: 0x80001658 (0x027700b3) mul     ra, a4, t2
core   0: 3 0x80001658 (0x027700b3) x 1 0x00000000
core   0: 0x8000165c (0x00001569) c.addi  a0, -6
core   0: 3 0x8000165c (0x1569) x10 0xffffffe7
core   0: 0x8000165e (0x000053fd) c.li    t2, -1
core   0: 3 0x8000165e (0x53fd) x 7 0xffffffff
core   0: 0x80001660 (0x00008296) c.mv    t0, t0
core   0: 3 0x80001660 (0x8296) x 5 0x00000000
core   0: 0x80001662 (0x00000001) c.nop
core   0: 3 0x80001662 (0x0001)
core   0: 0x80001664 (0x00200913) li      s2, 2
core   0: 3 0x80001664 (0x00200913) x18 0x00000002
core   0: 0x80001668 (0x03ce6733) rem     a4, t3, t3
core   0: 3 0x80001668 (0x03ce6733) x14 0x00000000
core   0: 0x8000166c (0x0286ee33) rem     t3, a3, s0
core   0: 3 0x8000166c (0x0286ee33) x28 0xfffffff7
core   0: 0x80001670 (0x00008fe9) c.and   a5, a0
core   0: 3 0x80001670 (0x8fe9) x15 0x00000001
core   0: 0x80001672 (0x00700c13) li      s8, 7
core   0: 3 0x80001672 (0x00700c13) x24 0x00000007
core   0: 0x80001676 (0x69f17113) andi    sp, sp, 1695
core   0: 3 0x80001676 (0x69f17113) x 2 0x0000000a
core   0: 0x8000167a (0xa4c70c93) addi    s9, a4, -1460
core   0: 3 0x8000167a (0xa4c70c93) x25 0xfffffa4c
core   0: 0x8000167e (0x008e95b3) sll     a1, t4, s0
core   0: 3 0x8000167e (0x008e95b3) x11 0xde4bc000
core   0: 0x80001682 (0x00000925) c.addi  s2, 9
core   0: 3 0x80001682 (0x0925) x18 0x0000000b
core   0: 0x80001684 (0x01ae3fb3) sltu    t6, t3, s10
core   0: 3 0x80001684 (0x01ae3fb3) x31 0x00000000
core   0: 0x80001688 (0xff8947e3) blt     s2, s8, pc - 18
core   0: 3 0x80001688 (0xff8947e3)
core   0: 0x8000168c (0x034258b3) divu    a7, tp, s4
core   0: 3 0x8000168c (0x034258b3) x17 0x00000001
core   0: 0x80001690 (0x00000d6e) c.slli  s10, 27
core   0: 3 0x80001690 (0x0d6e) x26 0x00000000
core   0: 0x80001692 (0xb9889d17) auipc   s10, 0xb9889
core   0: 3 0x80001692 (0xb9889d17) x26 0x3988a692
core   0: 0x80001696 (0x00009afd) c.andi  a3, -1
core   0: 3 0x80001696 (0x9afd) x13 0xab24d646
core   0: 0x80001698 (0x02020d33) mul     s10, tp, zero
core   0: 3 0x80001698 (0x02020d33) x26 0x00000000
core   0: 0x8000169c (0xfbe55de3) bge     a0, t5, pc - 70
core   0: 3 0x8000169c (0xfbe55de3)
core   0: 0x800016a0 (0x89a02493) slti    s1, zero, -1894
core   0: 3 0x800016a0 (0x89a02493) x 9 0x00000000
core   0: 0x800016a4 (0x00200513) li      a0, 2
core   0: 3 0x800016a4 (0x00200513) x10 0x00000002
core   0: 0x800016a8 (0x00000001) c.nop
core   0: 3 0x800016a8 (0x0001)
core   0: 0x800016aa (0x0215de33) divu    t3, a1, ra
core   0: 3 0x800016aa (0x0215de33) x28 0xffffffff
core   0: 0x800016ae (0x6eda0f13) addi    t5, s4, 1773
core   0: 3 0x800016ae (0x6eda0f13) x30 0xa72ef94b
core   0: 0x800016b2 (0x00000001) c.nop
core   0: 3 0x800016b2 (0x0001)
core   0: 0x800016b4 (0x00008c55) c.or    s0, a3
core   0: 3 0x800016b4 (0x8c55) x 8 0xab24d64f
core   0: 0x800016b6 (0x00001579) c.addi  a0, -2
core   0: 3 0x800016b6 (0x1579) x10 0x00000000
core   0: 0x800016b8 (0x00008419) c.srai  s0, 6
core   0: 3 0x800016b8 (0x8419) x 8 0xfeac9359
core   0: 0x800016ba (0x7ad81797) auipc   a5, 0x7ad81
core   0: 3 0x800016ba (0x7ad81797) x15 0xfad826ba
core   0: 0x800016be (0xff700493) li      s1, -9
core   0: 3 0x800016be (0xff700493) x 9 0xfffffff7
core   0: 0x800016c2 (0x00900893) li      a7, 9
core   0: 3 0x800016c2 (0x00900893) x17 0x00000009
core   0: 0x800016c6 (0x00008f91) c.sub   a5, a2
core   0: 3 0x800016c6 (0x8f91) x15 0xfad826bb
core   0: 0x800016c8 (0x00000485) c.addi  s1, 1
core   0: 3 0x800016c8 (0x0485) x 9 0xfffffff8
core   0: 0x800016ca (0xff14eee3) bltu    s1, a7, pc - 4
core   0: 3 0x800016ca (0xff14eee3)
core   0: 0x800016ce (0x00000dd1) c.addi  s11, 20
core   0: 3 0x800016ce (0x0dd1) x27 0x0000001d
core   0: 0x800016d0 (0x0000876d) c.srai  a4, 27
core   0: 3 0x800016d0 (0x876d) x14 0x00000000
core   0: 0x800016d2 (0x4150dc33) sra     s8, ra, s5
core   0: 3 0x800016d2 (0x4150dc33) x24 0x00000000
core   0: 0x800016d6 (0x5ab2b113) sltiu   sp, t0, 1451
core   0: 3 0x800016d6 (0x5ab2b113) x 2 0x00000001
core   0: 0x800016da (0x0000f961) c.bnez  a0, pc - 48
core   0: 3 0x800016da (0xf961)
core   0: 0x800016dc (0x0011a1b3) slt     gp, gp, ra
core   0: 3 0x800016dc (0x0011a1b3) x 3 0x00000001
core   0: 0x800016e0 (0xffd00713) li      a4, -3
core   0: 3 0x800016e0 (0xffd00713) x14 0xfffffffd
core   0: 0x800016e4 (0x00ebedb3) or      s11, s7, a4
core   0: 3 0x800016e4 (0x00ebedb3) x27 0xffffffff
core   0: 0x800016e8 (0x0000517d) c.li    sp, -1
core   0: 3 0x800016e8 (0x517d) x 2 0xffffffff
core   0: 0x800016ea (0x01400093) li      ra, 20
core   0: 3 0x800016ea (0x01400093) x 1 0x00000014
core   0: 0x800016ee (0xd206cd13) xori    s10, a3, -736
core   0: 3 0x800016ee (0xd206cd13) x26 0x54db2b66
core   0: 0x800016f2 (0x41e7dc13) srai    s8, a5, 30
core   0: 3 0x800016f2 (0x41e7dc13) x24 0xffffffff
core   0: 0x800016f6 (0x00001ffd) c.addi  t6, -1
core   0: 3 0x800016f6 (0x1ffd) x31 0xffffffff
core   0: 0x800016f8 (0x00000705) c.addi  a4, 1
core   0: 3 0x800016f8 (0x0705) x14 0xfffffffe
core   0: 0x800016fa (0x03537033) remu    zero, t1, s5
core   0: 3 0x800016fa (0x03537033)
core   0: 0x800016fe (0x9ecf7613) andi    a2, t5, -1556
core   0: 3 0x800016fe (0x9ecf7613) x12 0xa72ef948
core   0: 0x80001702 (0xfe171ae3) bne     a4, ra, pc - 12
core   0: 3 0x80001702 (0xfe171ae3)
core   0: 0x800016f6 (0x00001ffd) c.addi  t6, -1
core   0: 3 0x800016f6 (0x1ffd) x31 0xfffffffe
core   0: 0x800016f8 (0x00000705) c.addi  a4, 1
core   0: 3 0x800016f8 (0x0705) x14 0xffffffff
core   0: 0x800016fa (0x03537033) remu    zero, t1, s5
core   0: 3 0x800016fa (0x03537033)
core   0: 0x800016fe (0x9ecf7613) andi    a2, t5, -1556
core   0: 3 0x800016fe (0x9ecf7613) x12 0xa72ef948
core   0: 0x80001702 (0xfe171ae3) bne     a4, ra, pc - 12
core   0: 3 0x80001702 (0xfe171ae3)
core   0: 0x800016f6 (0x00001ffd) c.addi  t6, -1
core   0: 3 0x800016f6 (0x1ffd) x31 0xfffffffd
core   0: 0x800016f8 (0x00000705) c.addi  a4, 1
core   0: 3 0x800016f8 (0x0705) x14 0x00000000
core   0: 0x800016fa (0x03537033) remu    zero, t1, s5
core   0: 3 0x800016fa (0x03537033)
core   0: 0x800016fe (0x9ecf7613) andi    a2, t5, -1556
core   0: 3 0x800016fe (0x9ecf7613) x12 0xa72ef948
core   0: 0x80001702 (0xfe171ae3) bne     a4, ra, pc - 12
core   0: 3 0x80001702 (0xfe171ae3)
core   0: 0x800016f6 (0x00001ffd) c.addi  t6, -1
core   0: 3 0x800016f6 (0x1ffd) x31 0xfffffffc
core   0: 0x800016f8 (0x00000705) c.addi  a4, 1
core   0: 3 0x800016f8 (0x0705) x14 0x00000001
core   0: 0x800016fa (0x03537033) remu    zero, t1, s5
core   0: 3 0x800016fa (0x03537033)
core   0: 0x800016fe (0x9ecf7613) andi    a2, t5, -1556
core   0: 3 0x800016fe (0x9ecf7613) x12 0xa72ef948
core   0: 0x80001702 (0xfe171ae3) bne     a4, ra, pc - 12
core   0: 3 0x80001702 (0xfe171ae3)
core   0: 0x800016f6 (0x00001ffd) c.addi  t6, -1
core   0: 3 0x800016f6 (0x1ffd) x31 0xfffffffb
core   0: 0x800016f8 (0x00000705) c.addi  a4, 1
core   0: 3 0x800016f8 (0x0705) x14 0x00000002
core   0: 0x800016fa (0x03537033) remu    zero, t1, s5
core   0: 3 0x800016fa (0x03537033)
core   0: 0x800016fe (0x9ecf7613) andi    a2, t5, -1556
core   0: 3 0x800016fe (0x9ecf7613) x12 0xa72ef948
core   0: 0x80001702 (0xfe171ae3) bne     a4, ra, pc - 12
core   0: 3 0x80001702 (0xfe171ae3)
core   0: 0x800016f6 (0x00001ffd) c.addi  t6, -1
core   0: 3 0x800016f6 (0x1ffd) x31 0xfffffffa
core   0: 0x800016f8 (0x00000705) c.addi  a4, 1
core   0: 3 0x800016f8 (0x0705) x14 0x00000003
core   0: 0x800016fa (0x03537033) remu    zero, t1, s5
core   0: 3 0x800016fa (0x03537033)
core   0: 0x800016fe (0x9ecf7613) andi    a2, t5, -1556
core   0: 3 0x800016fe (0x9ecf7613) x12 0xa72ef948
core   0: 0x80001702 (0xfe171ae3) bne     a4, ra, pc - 12
core   0: 3 0x80001702 (0xfe171ae3)
core   0: 0x800016f6 (0x00001ffd) c.addi  t6, -1
core   0: 3 0x800016f6 (0x1ffd) x31 0xfffffff9
core   0: 0x800016f8 (0x00000705) c.addi  a4, 1
core   0: 3 0x800016f8 (0x0705) x14 0x00000004
core   0: 0x800016fa (0x03537033) remu    zero, t1, s5
core   0: 3 0x800016fa (0x03537033)
core   0: 0x800016fe (0x9ecf7613) andi    a2, t5, -1556
core   0: 3 0x800016fe (0x9ecf7613) x12 0xa72ef948
core   0: 0x80001702 (0xfe171ae3) bne     a4, ra, pc - 12
core   0: 3 0x80001702 (0xfe171ae3)
core   0: 0x800016f6 (0x00001ffd) c.addi  t6, -1
core   0: 3 0x800016f6 (0x1ffd) x31 0xfffffff8
core   0: 0x800016f8 (0x00000705) c.addi  a4, 1
core   0: 3 0x800016f8 (0x0705) x14 0x00000005
core   0: 0x800016fa (0x03537033) remu    zero, t1, s5
core   0: 3 0x800016fa (0x03537033)
core   0: 0x800016fe (0x9ecf7613) andi    a2, t5, -1556
core   0: 3 0x800016fe (0x9ecf7613) x12 0xa72ef948
core   0: 0x80001702 (0xfe171ae3) bne     a4, ra, pc - 12
core   0: 3 0x80001702 (0xfe171ae3)
core   0: 0x800016f6 (0x00001ffd) c.addi  t6, -1
core   0: 3 0x800016f6 (0x1ffd) x31 0xfffffff7
core   0: 0x800016f8 (0x00000705) c.addi  a4, 1
core   0: 3 0x800016f8 (0x0705) x14 0x00000006
core   0: 0x800016fa (0x03537033) remu    zero, t1, s5
core   0: 3 0x800016fa (0x03537033)
core   0: 0x800016fe (0x9ecf7613) andi    a2, t5, -1556
core   0: 3 0x800016fe (0x9ecf7613) x12 0xa72ef948
core   0: 0x80001702 (0xfe171ae3) bne     a4, ra, pc - 12
core   0: 3 0x80001702 (0xfe171ae3)
core   0: 0x800016f6 (0x00001ffd) c.addi  t6, -1
core   0: 3 0x800016f6 (0x1ffd) x31 0xfffffff6
core   0: 0x800016f8 (0x00000705) c.addi  a4, 1
core   0: 3 0x800016f8 (0x0705) x14 0x00000007
core   0: 0x800016fa (0x03537033) remu    zero, t1, s5
core   0: 3 0x800016fa (0x03537033)
core   0: 0x800016fe (0x9ecf7613) andi    a2, t5, -1556
core   0: 3 0x800016fe (0x9ecf7613) x12 0xa72ef948
core   0: 0x80001702 (0xfe171ae3) bne     a4, ra, pc - 12
core   0: 3 0x80001702 (0xfe171ae3)
core   0: 0x800016f6 (0x00001ffd) c.addi  t6, -1
core   0: 3 0x800016f6 (0x1ffd) x31 0xfffffff5
core   0: 0x800016f8 (0x00000705) c.addi  a4, 1
core   0: 3 0x800016f8 (0x0705) x14 0x00000008
core   0: 0x800016fa (0x03537033) remu    zero, t1, s5
core   0: 3 0x800016fa (0x03537033)
core   0: 0x800016fe (0x9ecf7613) andi    a2, t5, -1556
core   0: 3 0x800016fe (0x9ecf7613) x12 0xa72ef948
core   0: 0x80001702 (0xfe171ae3) bne     a4, ra, pc - 12
core   0: 3 0x80001702 (0xfe171ae3)
core   0: 0x800016f6 (0x00001ffd) c.addi  t6, -1
core   0: 3 0x800016f6 (0x1ffd) x31 0xfffffff4
core   0: 0x800016f8 (0x00000705) c.addi  a4, 1
core   0: 3 0x800016f8 (0x0705) x14 0x00000009
core   0: 0x800016fa (0x03537033) remu    zero, t1, s5
core   0: 3 0x800016fa (0x03537033)
core   0: 0x800016fe (0x9ecf7613) andi    a2, t5, -1556
core   0: 3 0x800016fe (0x9ecf7613) x12 0xa72ef948
core   0: 0x80001702 (0xfe171ae3) bne     a4, ra, pc - 12
core   0: 3 0x80001702 (0xfe171ae3)
core   0: 0x800016f6 (0x00001ffd) c.addi  t6, -1
core   0: 3 0x800016f6 (0x1ffd) x31 0xfffffff3
core   0: 0x800016f8 (0x00000705) c.addi  a4, 1
core   0: 3 0x800016f8 (0x0705) x14 0x0000000a
core   0: 0x800016fa (0x03537033) remu    zero, t1, s5
core   0: 3 0x800016fa (0x03537033)
core   0: 0x800016fe (0x9ecf7613) andi    a2, t5, -1556
core   0: 3 0x800016fe (0x9ecf7613) x12 0xa72ef948
core   0: 0x80001702 (0xfe171ae3) bne     a4, ra, pc - 12
core   0: 3 0x80001702 (0xfe171ae3)
core   0: 0x800016f6 (0x00001ffd) c.addi  t6, -1
core   0: 3 0x800016f6 (0x1ffd) x31 0xfffffff2
core   0: 0x800016f8 (0x00000705) c.addi  a4, 1
core   0: 3 0x800016f8 (0x0705) x14 0x0000000b
core   0: 0x800016fa (0x03537033) remu    zero, t1, s5
core   0: 3 0x800016fa (0x03537033)
core   0: 0x800016fe (0x9ecf7613) andi    a2, t5, -1556
core   0: 3 0x800016fe (0x9ecf7613) x12 0xa72ef948
core   0: 0x80001702 (0xfe171ae3) bne     a4, ra, pc - 12
core   0: 3 0x80001702 (0xfe171ae3)
core   0: 0x800016f6 (0x00001ffd) c.addi  t6, -1
core   0: 3 0x800016f6 (0x1ffd) x31 0xfffffff1
core   0: 0x800016f8 (0x00000705) c.addi  a4, 1
core   0: 3 0x800016f8 (0x0705) x14 0x0000000c
core   0: 0x800016fa (0x03537033) remu    zero, t1, s5
core   0: 3 0x800016fa (0x03537033)
core   0: 0x800016fe (0x9ecf7613) andi    a2, t5, -1556
core   0: 3 0x800016fe (0x9ecf7613) x12 0xa72ef948
core   0: 0x80001702 (0xfe171ae3) bne     a4, ra, pc - 12
core   0: 3 0x80001702 (0xfe171ae3)
core   0: 0x800016f6 (0x00001ffd) c.addi  t6, -1
core   0: 3 0x800016f6 (0x1ffd) x31 0xfffffff0
core   0: 0x800016f8 (0x00000705) c.addi  a4, 1
core   0: 3 0x800016f8 (0x0705) x14 0x0000000d
core   0: 0x800016fa (0x03537033) remu    zero, t1, s5
core   0: 3 0x800016fa (0x03537033)
core   0: 0x800016fe (0x9ecf7613) andi    a2, t5, -1556
core   0: 3 0x800016fe (0x9ecf7613) x12 0xa72ef948
core   0: 0x80001702 (0xfe171ae3) bne     a4, ra, pc - 12
core   0: 3 0x80001702 (0xfe171ae3)
core   0: 0x800016f6 (0x00001ffd) c.addi  t6, -1
core   0: 3 0x800016f6 (0x1ffd) x31 0xffffffef
core   0: 0x800016f8 (0x00000705) c.addi  a4, 1
core   0: 3 0x800016f8 (0x0705) x14 0x0000000e
core   0: 0x800016fa (0x03537033) remu    zero, t1, s5
core   0: 3 0x800016fa (0x03537033)
core   0: 0x800016fe (0x9ecf7613) andi    a2, t5, -1556
core   0: 3 0x800016fe (0x9ecf7613) x12 0xa72ef948
core   0: 0x80001702 (0xfe171ae3) bne     a4, ra, pc - 12
core   0: 3 0x80001702 (0xfe171ae3)
core   0: 0x800016f6 (0x00001ffd) c.addi  t6, -1
core   0: 3 0x800016f6 (0x1ffd) x31 0xffffffee
core   0: 0x800016f8 (0x00000705) c.addi  a4, 1
core   0: 3 0x800016f8 (0x0705) x14 0x0000000f
core   0: 0x800016fa (0x03537033) remu    zero, t1, s5
core   0: 3 0x800016fa (0x03537033)
core   0: 0x800016fe (0x9ecf7613) andi    a2, t5, -1556
core   0: 3 0x800016fe (0x9ecf7613) x12 0xa72ef948
core   0: 0x80001702 (0xfe171ae3) bne     a4, ra, pc - 12
core   0: 3 0x80001702 (0xfe171ae3)
core   0: 0x800016f6 (0x00001ffd) c.addi  t6, -1
core   0: 3 0x800016f6 (0x1ffd) x31 0xffffffed
core   0: 0x800016f8 (0x00000705) c.addi  a4, 1
core   0: 3 0x800016f8 (0x0705) x14 0x00000010
core   0: 0x800016fa (0x03537033) remu    zero, t1, s5
core   0: 3 0x800016fa (0x03537033)
core   0: 0x800016fe (0x9ecf7613) andi    a2, t5, -1556
core   0: 3 0x800016fe (0x9ecf7613) x12 0xa72ef948
core   0: 0x80001702 (0xfe171ae3) bne     a4, ra, pc - 12
core   0: 3 0x80001702 (0xfe171ae3)
core   0: 0x800016f6 (0x00001ffd) c.addi  t6, -1
core   0: 3 0x800016f6 (0x1ffd) x31 0xffffffec
core   0: 0x800016f8 (0x00000705) c.addi  a4, 1
core   0: 3 0x800016f8 (0x0705) x14 0x00000011
core   0: 0x800016fa (0x03537033) remu    zero, t1, s5
core   0: 3 0x800016fa (0x03537033)
core   0: 0x800016fe (0x9ecf7613) andi    a2, t5, -1556
core   0: 3 0x800016fe (0x9ecf7613) x12 0xa72ef948
core   0: 0x80001702 (0xfe171ae3) bne     a4, ra, pc - 12
core   0: 3 0x80001702 (0xfe171ae3)
core   0: 0x800016f6 (0x00001ffd) c.addi  t6, -1
core   0: 3 0x800016f6 (0x1ffd) x31 0xffffffeb
core   0: 0x800016f8 (0x00000705) c.addi  a4, 1
core   0: 3 0x800016f8 (0x0705) x14 0x00000012
core   0: 0x800016fa (0x03537033) remu    zero, t1, s5
core   0: 3 0x800016fa (0x03537033)
core   0: 0x800016fe (0x9ecf7613) andi    a2, t5, -1556
core   0: 3 0x800016fe (0x9ecf7613) x12 0xa72ef948
core   0: 0x80001702 (0xfe171ae3) bne     a4, ra, pc - 12
core   0: 3 0x80001702 (0xfe171ae3)
core   0: 0x800016f6 (0x00001ffd) c.addi  t6, -1
core   0: 3 0x800016f6 (0x1ffd) x31 0xffffffea
core   0: 0x800016f8 (0x00000705) c.addi  a4, 1
core   0: 3 0x800016f8 (0x0705) x14 0x00000013
core   0: 0x800016fa (0x03537033) remu    zero, t1, s5
core   0: 3 0x800016fa (0x03537033)
core   0: 0x800016fe (0x9ecf7613) andi    a2, t5, -1556
core   0: 3 0x800016fe (0x9ecf7613) x12 0xa72ef948
core   0: 0x80001702 (0xfe171ae3) bne     a4, ra, pc - 12
core   0: 3 0x80001702 (0xfe171ae3)
core   0: 0x800016f6 (0x00001ffd) c.addi  t6, -1
core   0: 3 0x800016f6 (0x1ffd) x31 0xffffffe9
core   0: 0x800016f8 (0x00000705) c.addi  a4, 1
core   0: 3 0x800016f8 (0x0705) x14 0x00000014
core   0: 0x800016fa (0x03537033) remu    zero, t1, s5
core   0: 3 0x800016fa (0x03537033)
core   0: 0x800016fe (0x9ecf7613) andi    a2, t5, -1556
core   0: 3 0x800016fe (0x9ecf7613) x12 0xa72ef948
core   0: 0x80001702 (0xfe171ae3) bne     a4, ra, pc - 12
core   0: 3 0x80001702 (0xfe171ae3)
core   0: 0x80001706 (0xe593c013) xori    zero, t2, -423
core   0: 3 0x80001706 (0xe593c013)
core   0: 0x8000170a (0x00700c93) li      s9, 7
core   0: 3 0x8000170a (0x00700c93) x25 0x00000007
core   0: 0x8000170e (0x4174da93) srai    s5, s1, 23
core   0: 3 0x8000170e (0x4174da93) x21 0xffffffff
core   0: 0x80001712 (0x0121ff33) and     t5, gp, s2
core   0: 3 0x80001712 (0x0121ff33) x30 0x00000001
core   0: 0x80001716 (0x40a200b3) sub     ra, tp, a0
core   0: 3 0x80001716 (0x40a200b3) x 1 0xfffff006
core   0: 0x8000171a (0xff700393) li      t2, -9
core   0: 3 0x8000171a (0xff700393) x 7 0xfffffff7
core   0: 0x8000171e (0x4531ee13) ori     t3, gp, 1107
core   0: 3 0x8000171e (0x4531ee13) x28 0x00000453
core   0: 0x80001722 (0xf11e3a93) sltiu   s5, t3, -239
core   0: 3 0x80001722 (0xf11e3a93) x21 0x00000001
core   0: 0x80001726 (0x00001cf9) c.addi  s9, -2
core   0: 3 0x80001726 (0x1cf9) x25 0x00000005
core   0: 0x80001728 (0xffa00413) li      s0, -6
core   0: 3 0x80001728 (0xffa00413) x 8 0xfffffffa
core   0: 0x8000172c (0x0357ab33) mulhsu  s6, a5, s5
core   0: 3 0x8000172c (0x0357ab33) x22 0xffffffff
core   0: 0x80001730 (0xff100893) li      a7, -15
core   0: 3 0x80001730 (0xff100893) x17 0xfffffff1
core   0: 0x80001734 (0x014126b3) slt     a3, sp, s4
core   0: 3 0x80001734 (0x014126b3) x13 0x00000000
core   0: 0x80001738 (0x00000001) c.nop
core   0: 3 0x80001738 (0x0001)
core   0: 0x8000173a (0x9d197493) andi    s1, s2, -1583
core   0: 3 0x8000173a (0x9d197493) x 9 0x00000001
core   0: 0x8000173e (0x00001475) c.addi  s0, -3
core   0: 3 0x8000173e (0x1475) x 8 0xfffffff7
core   0: 0x80001740 (0xff141ce3) bne     s0, a7, pc - 8
core   0: 3 0x80001740 (0xff141ce3)
core   0: 0x80001738 (0x00000001) c.nop
core   0: 3 0x80001738 (0x0001)
core   0: 0x8000173a (0x9d197493) andi    s1, s2, -1583
core   0: 3 0x8000173a (0x9d197493) x 9 0x00000001
core   0: 0x8000173e (0x00001475) c.addi  s0, -3
core   0: 3 0x8000173e (0x1475) x 8 0xfffffff4
core   0: 0x80001740 (0xff141ce3) bne     s0, a7, pc - 8
core   0: 3 0x80001740 (0xff141ce3)
core   0: 0x80001738 (0x00000001) c.nop
core   0: 3 0x80001738 (0x0001)
core   0: 0x8000173a (0x9d197493) andi    s1, s2, -1583
core   0: 3 0x8000173a (0x9d197493) x 9 0x00000001
core   0: 0x8000173e (0x00001475) c.addi  s0, -3
core   0: 3 0x8000173e (0x1475) x 8 0xfffffff1
core   0: 0x80001740 (0xff141ce3) bne     s0, a7, pc - 8
core   0: 3 0x80001740 (0xff141ce3)
core   0: 0x80001744 (0x0ff0000f) fence   iorw,iorw
core   0: 3 0x80001744 (0x0ff0000f)
core   0: 0x80001748 (0xfc7cdbe3) bge     s9, t2, pc - 42
core   0: 3 0x80001748 (0xfc7cdbe3)
core   0: 0x8000171e (0x4531ee13) ori     t3, gp, 1107
core   0: 3 0x8000171e (0x4531ee13) x28 0x00000453
core   0: 0x80001722 (0xf11e3a93) sltiu   s5, t3, -239
core   0: 3 0x80001722 (0xf11e3a93) x21 0x00000001
core   0: 0x80001726 (0x00001cf9) c.addi  s9, -2
core   0: 3 0x80001726 (0x1cf9) x25 0x00000003
core   0: 0x80001728 (0xffa00413) li      s0, -6
core   0: 3 0x80001728 (0xffa00413) x 8 0xfffffffa
core   0: 0x8000172c (0x0357ab33) mulhsu  s6, a5, s5
core   0: 3 0x8000172c (0x0357ab33) x22 0xffffffff
core   0: 0x80001730 (0xff100893) li      a7, -15
core   0: 3 0x80001730 (0xff100893) x17 0xfffffff1
core   0: 0x80001734 (0x014126b3) slt     a3, sp, s4
core   0: 3 0x80001734 (0x014126b3) x13 0x00000000
core   0: 0x80001738 (0x00000001) c.nop
core   0: 3 0x80001738 (0x0001)
core   0: 0x8000173a (0x9d197493) andi    s1, s2, -1583
core   0: 3 0x8000173a (0x9d197493) x 9 0x00000001
core   0: 0x8000173e (0x00001475) c.addi  s0, -3
core   0: 3 0x8000173e (0x1475) x 8 0xfffffff7
core   0: 0x80001740 (0xff141ce3) bne     s0, a7, pc - 8
core   0: 3 0x80001740 (0xff141ce3)
core   0: 0x80001738 (0x00000001) c.nop
core   0: 3 0x80001738 (0x0001)
core   0: 0x8000173a (0x9d197493) andi    s1, s2, -1583
core   0: 3 0x8000173a (0x9d197493) x 9 0x00000001
core   0: 0x8000173e (0x00001475) c.addi  s0, -3
core   0: 3 0x8000173e (0x1475) x 8 0xfffffff4
core   0: 0x80001740 (0xff141ce3) bne     s0, a7, pc - 8
core   0: 3 0x80001740 (0xff141ce3)
core   0: 0x80001738 (0x00000001) c.nop
core   0: 3 0x80001738 (0x0001)
core   0: 0x8000173a (0x9d197493) andi    s1, s2, -1583
core   0: 3 0x8000173a (0x9d197493) x 9 0x00000001
core   0: 0x8000173e (0x00001475) c.addi  s0, -3
core   0: 3 0x8000173e (0x1475) x 8 0xfffffff1
core   0: 0x80001740 (0xff141ce3) bne     s0, a7, pc - 8
core   0: 3 0x80001740 (0xff141ce3)
core   0: 0x80001744 (0x0ff0000f) fence   iorw,iorw
core   0: 3 0x80001744 (0x0ff0000f)
core   0: 0x80001748 (0xfc7cdbe3) bge     s9, t2, pc - 42
core   0: 3 0x80001748 (0xfc7cdbe3)
core   0: 0x8000171e (0x4531ee13) ori     t3, gp, 1107
core   0: 3 0x8000171e (0x4531ee13) x28 0x00000453
core   0: 0x80001722 (0xf11e3a93) sltiu   s5, t3, -239
core   0: 3 0x80001722 (0xf11e3a93) x21 0x00000001
core   0: 0x80001726 (0x00001cf9) c.addi  s9, -2
core   0: 3 0x80001726 (0x1cf9) x25 0x00000001
core   0: 0x80001728 (0xffa00413) li      s0, -6
core   0: 3 0x80001728 (0xffa00413) x 8 0xfffffffa
core   0: 0x8000172c (0x0357ab33) mulhsu  s6, a5, s5
core   0: 3 0x8000172c (0x0357ab33) x22 0xffffffff
core   0: 0x80001730 (0xff100893) li      a7, -15
core   0: 3 0x80001730 (0xff100893) x17 0xfffffff1
core   0: 0x80001734 (0x014126b3) slt     a3, sp, s4
core   0: 3 0x80001734 (0x014126b3) x13 0x00000000
core   0: 0x80001738 (0x00000001) c.nop
core   0: 3 0x80001738 (0x0001)
core   0: 0x8000173a (0x9d197493) andi    s1, s2, -1583
core   0: 3 0x8000173a (0x9d197493) x 9 0x00000001
core   0: 0x8000173e (0x00001475) c.addi  s0, -3
core   0: 3 0x8000173e (0x1475) x 8 0xfffffff7
core   0: 0x80001740 (0xff141ce3) bne     s0, a7, pc - 8
core   0: 3 0x80001740 (0xff141ce3)
core   0: 0x80001738 (0x00000001) c.nop
core   0: 3 0x80001738 (0x0001)
core   0: 0x8000173a (0x9d197493) andi    s1, s2, -1583
core   0: 3 0x8000173a (0x9d197493) x 9 0x00000001
core   0: 0x8000173e (0x00001475) c.addi  s0, -3
core   0: 3 0x8000173e (0x1475) x 8 0xfffffff4
core   0: 0x80001740 (0xff141ce3) bne     s0, a7, pc - 8
core   0: 3 0x80001740 (0xff141ce3)
core   0: 0x80001738 (0x00000001) c.nop
core   0: 3 0x80001738 (0x0001)
core   0: 0x8000173a (0x9d197493) andi    s1, s2, -1583
core   0: 3 0x8000173a (0x9d197493) x 9 0x00000001
core   0: 0x8000173e (0x00001475) c.addi  s0, -3
core   0: 3 0x8000173e (0x1475) x 8 0xfffffff1
core   0: 0x80001740 (0xff141ce3) bne     s0, a7, pc - 8
core   0: 3 0x80001740 (0xff141ce3)
core   0: 0x80001744 (0x0ff0000f) fence   iorw,iorw
core   0: 3 0x80001744 (0x0ff0000f)
core   0: 0x80001748 (0xfc7cdbe3) bge     s9, t2, pc - 42
core   0: 3 0x80001748 (0xfc7cdbe3)
core   0: 0x8000171e (0x4531ee13) ori     t3, gp, 1107
core   0: 3 0x8000171e (0x4531ee13) x28 0x00000453
core   0: 0x80001722 (0xf11e3a93) sltiu   s5, t3, -239
core   0: 3 0x80001722 (0xf11e3a93) x21 0x00000001
core   0: 0x80001726 (0x00001cf9) c.addi  s9, -2
core   0: 3 0x80001726 (0x1cf9) x25 0xffffffff
core   0: 0x80001728 (0xffa00413) li      s0, -6
core   0: 3 0x80001728 (0xffa00413) x 8 0xfffffffa
core   0: 0x8000172c (0x0357ab33) mulhsu  s6, a5, s5
core   0: 3 0x8000172c (0x0357ab33) x22 0xffffffff
core   0: 0x80001730 (0xff100893) li      a7, -15
core   0: 3 0x80001730 (0xff100893) x17 0xfffffff1
core   0: 0x80001734 (0x014126b3) slt     a3, sp, s4
core   0: 3 0x80001734 (0x014126b3) x13 0x00000000
core   0: 0x80001738 (0x00000001) c.nop
core   0: 3 0x80001738 (0x0001)
core   0: 0x8000173a (0x9d197493) andi    s1, s2, -1583
core   0: 3 0x8000173a (0x9d197493) x 9 0x00000001
core   0: 0x8000173e (0x00001475) c.addi  s0, -3
core   0: 3 0x8000173e (0x1475) x 8 0xfffffff7
core   0: 0x80001740 (0xff141ce3) bne     s0, a7, pc - 8
core   0: 3 0x80001740 (0xff141ce3)
core   0: 0x80001738 (0x00000001) c.nop
core   0: 3 0x80001738 (0x0001)
core   0: 0x8000173a (0x9d197493) andi    s1, s2, -1583
core   0: 3 0x8000173a (0x9d197493) x 9 0x00000001
core   0: 0x8000173e (0x00001475) c.addi  s0, -3
core   0: 3 0x8000173e (0x1475) x 8 0xfffffff4
core   0: 0x80001740 (0xff141ce3) bne     s0, a7, pc - 8
core   0: 3 0x80001740 (0xff141ce3)
core   0: 0x80001738 (0x00000001) c.nop
core   0: 3 0x80001738 (0x0001)
core   0: 0x8000173a (0x9d197493) andi    s1, s2, -1583
core   0: 3 0x8000173a (0x9d197493) x 9 0x00000001
core   0: 0x8000173e (0x00001475) c.addi  s0, -3
core   0: 3 0x8000173e (0x1475) x 8 0xfffffff1
core   0: 0x80001740 (0xff141ce3) bne     s0, a7, pc - 8
core   0: 3 0x80001740 (0xff141ce3)
core   0: 0x80001744 (0x0ff0000f) fence   iorw,iorw
core   0: 3 0x80001744 (0x0ff0000f)
core   0: 0x80001748 (0xfc7cdbe3) bge     s9, t2, pc - 42
core   0: 3 0x80001748 (0xfc7cdbe3)
core   0: 0x8000171e (0x4531ee13) ori     t3, gp, 1107
core   0: 3 0x8000171e (0x4531ee13) x28 0x00000453
core   0: 0x80001722 (0xf11e3a93) sltiu   s5, t3, -239
core   0: 3 0x80001722 (0xf11e3a93) x21 0x00000001
core   0: 0x80001726 (0x00001cf9) c.addi  s9, -2
core   0: 3 0x80001726 (0x1cf9) x25 0xfffffffd
core   0: 0x80001728 (0xffa00413) li      s0, -6
core   0: 3 0x80001728 (0xffa00413) x 8 0xfffffffa
core   0: 0x8000172c (0x0357ab33) mulhsu  s6, a5, s5
core   0: 3 0x8000172c (0x0357ab33) x22 0xffffffff
core   0: 0x80001730 (0xff100893) li      a7, -15
core   0: 3 0x80001730 (0xff100893) x17 0xfffffff1
core   0: 0x80001734 (0x014126b3) slt     a3, sp, s4
core   0: 3 0x80001734 (0x014126b3) x13 0x00000000
core   0: 0x80001738 (0x00000001) c.nop
core   0: 3 0x80001738 (0x0001)
core   0: 0x8000173a (0x9d197493) andi    s1, s2, -1583
core   0: 3 0x8000173a (0x9d197493) x 9 0x00000001
core   0: 0x8000173e (0x00001475) c.addi  s0, -3
core   0: 3 0x8000173e (0x1475) x 8 0xfffffff7
core   0: 0x80001740 (0xff141ce3) bne     s0, a7, pc - 8
core   0: 3 0x80001740 (0xff141ce3)
core   0: 0x80001738 (0x00000001) c.nop
core   0: 3 0x80001738 (0x0001)
core   0: 0x8000173a (0x9d197493) andi    s1, s2, -1583
core   0: 3 0x8000173a (0x9d197493) x 9 0x00000001
core   0: 0x8000173e (0x00001475) c.addi  s0, -3
core   0: 3 0x8000173e (0x1475) x 8 0xfffffff4
core   0: 0x80001740 (0xff141ce3) bne     s0, a7, pc - 8
core   0: 3 0x80001740 (0xff141ce3)
core   0: 0x80001738 (0x00000001) c.nop
core   0: 3 0x80001738 (0x0001)
core   0: 0x8000173a (0x9d197493) andi    s1, s2, -1583
core   0: 3 0x8000173a (0x9d197493) x 9 0x00000001
core   0: 0x8000173e (0x00001475) c.addi  s0, -3
core   0: 3 0x8000173e (0x1475) x 8 0xfffffff1
core   0: 0x80001740 (0xff141ce3) bne     s0, a7, pc - 8
core   0: 3 0x80001740 (0xff141ce3)
core   0: 0x80001744 (0x0ff0000f) fence   iorw,iorw
core   0: 3 0x80001744 (0x0ff0000f)
core   0: 0x80001748 (0xfc7cdbe3) bge     s9, t2, pc - 42
core   0: 3 0x80001748 (0xfc7cdbe3)
core   0: 0x8000171e (0x4531ee13) ori     t3, gp, 1107
core   0: 3 0x8000171e (0x4531ee13) x28 0x00000453
core   0: 0x80001722 (0xf11e3a93) sltiu   s5, t3, -239
core   0: 3 0x80001722 (0xf11e3a93) x21 0x00000001
core   0: 0x80001726 (0x00001cf9) c.addi  s9, -2
core   0: 3 0x80001726 (0x1cf9) x25 0xfffffffb
core   0: 0x80001728 (0xffa00413) li      s0, -6
core   0: 3 0x80001728 (0xffa00413) x 8 0xfffffffa
core   0: 0x8000172c (0x0357ab33) mulhsu  s6, a5, s5
core   0: 3 0x8000172c (0x0357ab33) x22 0xffffffff
core   0: 0x80001730 (0xff100893) li      a7, -15
core   0: 3 0x80001730 (0xff100893) x17 0xfffffff1
core   0: 0x80001734 (0x014126b3) slt     a3, sp, s4
core   0: 3 0x80001734 (0x014126b3) x13 0x00000000
core   0: 0x80001738 (0x00000001) c.nop
core   0: 3 0x80001738 (0x0001)
core   0: 0x8000173a (0x9d197493) andi    s1, s2, -1583
core   0: 3 0x8000173a (0x9d197493) x 9 0x00000001
core   0: 0x8000173e (0x00001475) c.addi  s0, -3
core   0: 3 0x8000173e (0x1475) x 8 0xfffffff7
core   0: 0x80001740 (0xff141ce3) bne     s0, a7, pc - 8
core   0: 3 0x80001740 (0xff141ce3)
core   0: 0x80001738 (0x00000001) c.nop
core   0: 3 0x80001738 (0x0001)
core   0: 0x8000173a (0x9d197493) andi    s1, s2, -1583
core   0: 3 0x8000173a (0x9d197493) x 9 0x00000001
core   0: 0x8000173e (0x00001475) c.addi  s0, -3
core   0: 3 0x8000173e (0x1475) x 8 0xfffffff4
core   0: 0x80001740 (0xff141ce3) bne     s0, a7, pc - 8
core   0: 3 0x80001740 (0xff141ce3)
core   0: 0x80001738 (0x00000001) c.nop
core   0: 3 0x80001738 (0x0001)
core   0: 0x8000173a (0x9d197493) andi    s1, s2, -1583
core   0: 3 0x8000173a (0x9d197493) x 9 0x00000001
core   0: 0x8000173e (0x00001475) c.addi  s0, -3
core   0: 3 0x8000173e (0x1475) x 8 0xfffffff1
core   0: 0x80001740 (0xff141ce3) bne     s0, a7, pc - 8
core   0: 3 0x80001740 (0xff141ce3)
core   0: 0x80001744 (0x0ff0000f) fence   iorw,iorw
core   0: 3 0x80001744 (0x0ff0000f)
core   0: 0x80001748 (0xfc7cdbe3) bge     s9, t2, pc - 42
core   0: 3 0x80001748 (0xfc7cdbe3)
core   0: 0x8000171e (0x4531ee13) ori     t3, gp, 1107
core   0: 3 0x8000171e (0x4531ee13) x28 0x00000453
core   0: 0x80001722 (0xf11e3a93) sltiu   s5, t3, -239
core   0: 3 0x80001722 (0xf11e3a93) x21 0x00000001
core   0: 0x80001726 (0x00001cf9) c.addi  s9, -2
core   0: 3 0x80001726 (0x1cf9) x25 0xfffffff9
core   0: 0x80001728 (0xffa00413) li      s0, -6
core   0: 3 0x80001728 (0xffa00413) x 8 0xfffffffa
core   0: 0x8000172c (0x0357ab33) mulhsu  s6, a5, s5
core   0: 3 0x8000172c (0x0357ab33) x22 0xffffffff
core   0: 0x80001730 (0xff100893) li      a7, -15
core   0: 3 0x80001730 (0xff100893) x17 0xfffffff1
core   0: 0x80001734 (0x014126b3) slt     a3, sp, s4
core   0: 3 0x80001734 (0x014126b3) x13 0x00000000
core   0: 0x80001738 (0x00000001) c.nop
core   0: 3 0x80001738 (0x0001)
core   0: 0x8000173a (0x9d197493) andi    s1, s2, -1583
core   0: 3 0x8000173a (0x9d197493) x 9 0x00000001
core   0: 0x8000173e (0x00001475) c.addi  s0, -3
core   0: 3 0x8000173e (0x1475) x 8 0xfffffff7
core   0: 0x80001740 (0xff141ce3) bne     s0, a7, pc - 8
core   0: 3 0x80001740 (0xff141ce3)
core   0: 0x80001738 (0x00000001) c.nop
core   0: 3 0x80001738 (0x0001)
core   0: 0x8000173a (0x9d197493) andi    s1, s2, -1583
core   0: 3 0x8000173a (0x9d197493) x 9 0x00000001
core   0: 0x8000173e (0x00001475) c.addi  s0, -3
core   0: 3 0x8000173e (0x1475) x 8 0xfffffff4
core   0: 0x80001740 (0xff141ce3) bne     s0, a7, pc - 8
core   0: 3 0x80001740 (0xff141ce3)
core   0: 0x80001738 (0x00000001) c.nop
core   0: 3 0x80001738 (0x0001)
core   0: 0x8000173a (0x9d197493) andi    s1, s2, -1583
core   0: 3 0x8000173a (0x9d197493) x 9 0x00000001
core   0: 0x8000173e (0x00001475) c.addi  s0, -3
core   0: 3 0x8000173e (0x1475) x 8 0xfffffff1
core   0: 0x80001740 (0xff141ce3) bne     s0, a7, pc - 8
core   0: 3 0x80001740 (0xff141ce3)
core   0: 0x80001744 (0x0ff0000f) fence   iorw,iorw
core   0: 3 0x80001744 (0x0ff0000f)
core   0: 0x80001748 (0xfc7cdbe3) bge     s9, t2, pc - 42
core   0: 3 0x80001748 (0xfc7cdbe3)
core   0: 0x8000171e (0x4531ee13) ori     t3, gp, 1107
core   0: 3 0x8000171e (0x4531ee13) x28 0x00000453
core   0: 0x80001722 (0xf11e3a93) sltiu   s5, t3, -239
core   0: 3 0x80001722 (0xf11e3a93) x21 0x00000001
core   0: 0x80001726 (0x00001cf9) c.addi  s9, -2
core   0: 3 0x80001726 (0x1cf9) x25 0xfffffff7
core   0: 0x80001728 (0xffa00413) li      s0, -6
core   0: 3 0x80001728 (0xffa00413) x 8 0xfffffffa
core   0: 0x8000172c (0x0357ab33) mulhsu  s6, a5, s5
core   0: 3 0x8000172c (0x0357ab33) x22 0xffffffff
core   0: 0x80001730 (0xff100893) li      a7, -15
core   0: 3 0x80001730 (0xff100893) x17 0xfffffff1
core   0: 0x80001734 (0x014126b3) slt     a3, sp, s4
core   0: 3 0x80001734 (0x014126b3) x13 0x00000000
core   0: 0x80001738 (0x00000001) c.nop
core   0: 3 0x80001738 (0x0001)
core   0: 0x8000173a (0x9d197493) andi    s1, s2, -1583
core   0: 3 0x8000173a (0x9d197493) x 9 0x00000001
core   0: 0x8000173e (0x00001475) c.addi  s0, -3
core   0: 3 0x8000173e (0x1475) x 8 0xfffffff7
core   0: 0x80001740 (0xff141ce3) bne     s0, a7, pc - 8
core   0: 3 0x80001740 (0xff141ce3)
core   0: 0x80001738 (0x00000001) c.nop
core   0: 3 0x80001738 (0x0001)
core   0: 0x8000173a (0x9d197493) andi    s1, s2, -1583
core   0: 3 0x8000173a (0x9d197493) x 9 0x00000001
core   0: 0x8000173e (0x00001475) c.addi  s0, -3
core   0: 3 0x8000173e (0x1475) x 8 0xfffffff4
core   0: 0x80001740 (0xff141ce3) bne     s0, a7, pc - 8
core   0: 3 0x80001740 (0xff141ce3)
core   0: 0x80001738 (0x00000001) c.nop
core   0: 3 0x80001738 (0x0001)
core   0: 0x8000173a (0x9d197493) andi    s1, s2, -1583
core   0: 3 0x8000173a (0x9d197493) x 9 0x00000001
core   0: 0x8000173e (0x00001475) c.addi  s0, -3
core   0: 3 0x8000173e (0x1475) x 8 0xfffffff1
core   0: 0x80001740 (0xff141ce3) bne     s0, a7, pc - 8
core   0: 3 0x80001740 (0xff141ce3)
core   0: 0x80001744 (0x0ff0000f) fence   iorw,iorw
core   0: 3 0x80001744 (0x0ff0000f)
core   0: 0x80001748 (0xfc7cdbe3) bge     s9, t2, pc - 42
core   0: 3 0x80001748 (0xfc7cdbe3)
core   0: 0x8000171e (0x4531ee13) ori     t3, gp, 1107
core   0: 3 0x8000171e (0x4531ee13) x28 0x00000453
core   0: 0x80001722 (0xf11e3a93) sltiu   s5, t3, -239
core   0: 3 0x80001722 (0xf11e3a93) x21 0x00000001
core   0: 0x80001726 (0x00001cf9) c.addi  s9, -2
core   0: 3 0x80001726 (0x1cf9) x25 0xfffffff5
core   0: 0x80001728 (0xffa00413) li      s0, -6
core   0: 3 0x80001728 (0xffa00413) x 8 0xfffffffa
core   0: 0x8000172c (0x0357ab33) mulhsu  s6, a5, s5
core   0: 3 0x8000172c (0x0357ab33) x22 0xffffffff
core   0: 0x80001730 (0xff100893) li      a7, -15
core   0: 3 0x80001730 (0xff100893) x17 0xfffffff1
core   0: 0x80001734 (0x014126b3) slt     a3, sp, s4
core   0: 3 0x80001734 (0x014126b3) x13 0x00000000
core   0: 0x80001738 (0x00000001) c.nop
core   0: 3 0x80001738 (0x0001)
core   0: 0x8000173a (0x9d197493) andi    s1, s2, -1583
core   0: 3 0x8000173a (0x9d197493) x 9 0x00000001
core   0: 0x8000173e (0x00001475) c.addi  s0, -3
core   0: 3 0x8000173e (0x1475) x 8 0xfffffff7
core   0: 0x80001740 (0xff141ce3) bne     s0, a7, pc - 8
core   0: 3 0x80001740 (0xff141ce3)
core   0: 0x80001738 (0x00000001) c.nop
core   0: 3 0x80001738 (0x0001)
core   0: 0x8000173a (0x9d197493) andi    s1, s2, -1583
core   0: 3 0x8000173a (0x9d197493) x 9 0x00000001
core   0: 0x8000173e (0x00001475) c.addi  s0, -3
core   0: 3 0x8000173e (0x1475) x 8 0xfffffff4
core   0: 0x80001740 (0xff141ce3) bne     s0, a7, pc - 8
core   0: 3 0x80001740 (0xff141ce3)
core   0: 0x80001738 (0x00000001) c.nop
core   0: 3 0x80001738 (0x0001)
core   0: 0x8000173a (0x9d197493) andi    s1, s2, -1583
core   0: 3 0x8000173a (0x9d197493) x 9 0x00000001
core   0: 0x8000173e (0x00001475) c.addi  s0, -3
core   0: 3 0x8000173e (0x1475) x 8 0xfffffff1
core   0: 0x80001740 (0xff141ce3) bne     s0, a7, pc - 8
core   0: 3 0x80001740 (0xff141ce3)
core   0: 0x80001744 (0x0ff0000f) fence   iorw,iorw
core   0: 3 0x80001744 (0x0ff0000f)
core   0: 0x80001748 (0xfc7cdbe3) bge     s9, t2, pc - 42
core   0: 3 0x80001748 (0xfc7cdbe3)
core   0: 0x8000174c (0x000001da) c.slli  gp, 22
core   0: 3 0x8000174c (0x01da) x 3 0x00400000
core   0: 0x8000174e (0x00400893) li      a7, 4
core   0: 3 0x8000174e (0x00400893) x17 0x00000004
core   0: 0x80001752 (0x033e5133) divu    sp, t3, s3
core   0: 3 0x80001752 (0x033e5133) x 2 0x0000003a
core   0: 0x80001756 (0x01300213) li      tp, 19
core   0: 3 0x80001756 (0x01300213) x 4 0x00000013
core   0: 0x8000175a (0x0000100f) fence.i
core   0: 3 0x8000175a (0x0000100f)
core   0: 0x8000175e (0xf175e417) auipc   s0, 0xf175e
core   0: 3 0x8000175e (0xf175e417) x 8 0x7175f75e
core   0: 0x80001762 (0x000065ed) c.lui   a1, 0x1b
core   0: 3 0x80001762 (0x65ed) x11 0x0001b000
core   0: 0x80001764 (0x019b1013) slli    zero, s6, 25
core   0: 3 0x80001764 (0x019b1013)
core   0: 0x80001768 (0x41d6d193) srai    gp, a3, 29
core   0: 3 0x80001768 (0x41d6d193) x 3 0x00000000
core   0: 0x8000176c (0xe5708c93) addi    s9, ra, -425
core   0: 3 0x8000176c (0xe5708c93) x25 0xffffee5d
core   0: 0x80001770 (0x5f7fa113) slti    sp, t6, 1527
core   0: 3 0x80001770 (0x5f7fa113) x 2 0x00000001
core   0: 0x80001774 (0x3c67c297) auipc   t0, 0x3c67c
core   0: 3 0x80001774 (0x3c67c297) x 5 0xbc67d774
core   0: 0x80001778 (0x52cb2a97) auipc   s5, 0x52cb2
core   0: 3 0x80001778 (0x52cb2a97) x21 0xd2cb3778
core   0: 0x8000177c (0x0000088d) c.addi  a7, 3
core   0: 3 0x8000177c (0x088d) x17 0x00000007
core   0: 0x8000177e (0xfe48c0e3) blt     a7, tp, pc - 32
core   0: 3 0x8000177e (0xfe48c0e3)
core   0: 0x8000175e (0xf175e417) auipc   s0, 0xf175e
core   0: 3 0x8000175e (0xf175e417) x 8 0x7175f75e
core   0: 0x80001762 (0x000065ed) c.lui   a1, 0x1b
core   0: 3 0x80001762 (0x65ed) x11 0x0001b000
core   0: 0x80001764 (0x019b1013) slli    zero, s6, 25
core   0: 3 0x80001764 (0x019b1013)
core   0: 0x80001768 (0x41d6d193) srai    gp, a3, 29
core   0: 3 0x80001768 (0x41d6d193) x 3 0x00000000
core   0: 0x8000176c (0xe5708c93) addi    s9, ra, -425
core   0: 3 0x8000176c (0xe5708c93) x25 0xffffee5d
core   0: 0x80001770 (0x5f7fa113) slti    sp, t6, 1527
core   0: 3 0x80001770 (0x5f7fa113) x 2 0x00000001
core   0: 0x80001774 (0x3c67c297) auipc   t0, 0x3c67c
core   0: 3 0x80001774 (0x3c67c297) x 5 0xbc67d774
core   0: 0x80001778 (0x52cb2a97) auipc   s5, 0x52cb2
core   0: 3 0x80001778 (0x52cb2a97) x21 0xd2cb3778
core   0: 0x8000177c (0x0000088d) c.addi  a7, 3
core   0: 3 0x8000177c (0x088d) x17 0x0000000a
core   0: 0x8000177e (0xfe48c0e3) blt     a7, tp, pc - 32
core   0: 3 0x8000177e (0xfe48c0e3)
core   0: 0x8000175e (0xf175e417) auipc   s0, 0xf175e
core   0: 3 0x8000175e (0xf175e417) x 8 0x7175f75e
core   0: 0x80001762 (0x000065ed) c.lui   a1, 0x1b
core   0: 3 0x80001762 (0x65ed) x11 0x0001b000
core   0: 0x80001764 (0x019b1013) slli    zero, s6, 25
core   0: 3 0x80001764 (0x019b1013)
core   0: 0x80001768 (0x41d6d193) srai    gp, a3, 29
core   0: 3 0x80001768 (0x41d6d193) x 3 0x00000000
core   0: 0x8000176c (0xe5708c93) addi    s9, ra, -425
core   0: 3 0x8000176c (0xe5708c93) x25 0xffffee5d
core   0: 0x80001770 (0x5f7fa113) slti    sp, t6, 1527
core   0: 3 0x80001770 (0x5f7fa113) x 2 0x00000001
core   0: 0x80001774 (0x3c67c297) auipc   t0, 0x3c67c
core   0: 3 0x80001774 (0x3c67c297) x 5 0xbc67d774
core   0: 0x80001778 (0x52cb2a97) auipc   s5, 0x52cb2
core   0: 3 0x80001778 (0x52cb2a97) x21 0xd2cb3778
core   0: 0x8000177c (0x0000088d) c.addi  a7, 3
core   0: 3 0x8000177c (0x088d) x17 0x0000000d
core   0: 0x8000177e (0xfe48c0e3) blt     a7, tp, pc - 32
core   0: 3 0x8000177e (0xfe48c0e3)
core   0: 0x8000175e (0xf175e417) auipc   s0, 0xf175e
core   0: 3 0x8000175e (0xf175e417) x 8 0x7175f75e
core   0: 0x80001762 (0x000065ed) c.lui   a1, 0x1b
core   0: 3 0x80001762 (0x65ed) x11 0x0001b000
core   0: 0x80001764 (0x019b1013) slli    zero, s6, 25
core   0: 3 0x80001764 (0x019b1013)
core   0: 0x80001768 (0x41d6d193) srai    gp, a3, 29
core   0: 3 0x80001768 (0x41d6d193) x 3 0x00000000
core   0: 0x8000176c (0xe5708c93) addi    s9, ra, -425
core   0: 3 0x8000176c (0xe5708c93) x25 0xffffee5d
core   0: 0x80001770 (0x5f7fa113) slti    sp, t6, 1527
core   0: 3 0x80001770 (0x5f7fa113) x 2 0x00000001
core   0: 0x80001774 (0x3c67c297) auipc   t0, 0x3c67c
core   0: 3 0x80001774 (0x3c67c297) x 5 0xbc67d774
core   0: 0x80001778 (0x52cb2a97) auipc   s5, 0x52cb2
core   0: 3 0x80001778 (0x52cb2a97) x21 0xd2cb3778
core   0: 0x8000177c (0x0000088d) c.addi  a7, 3
core   0: 3 0x8000177c (0x088d) x17 0x00000010
core   0: 0x8000177e (0xfe48c0e3) blt     a7, tp, pc - 32
core   0: 3 0x8000177e (0xfe48c0e3)
core   0: 0x8000175e (0xf175e417) auipc   s0, 0xf175e
core   0: 3 0x8000175e (0xf175e417) x 8 0x7175f75e
core   0: 0x80001762 (0x000065ed) c.lui   a1, 0x1b
core   0: 3 0x80001762 (0x65ed) x11 0x0001b000
core   0: 0x80001764 (0x019b1013) slli    zero, s6, 25
core   0: 3 0x80001764 (0x019b1013)
core   0: 0x80001768 (0x41d6d193) srai    gp, a3, 29
core   0: 3 0x80001768 (0x41d6d193) x 3 0x00000000
core   0: 0x8000176c (0xe5708c93) addi    s9, ra, -425
core   0: 3 0x8000176c (0xe5708c93) x25 0xffffee5d
core   0: 0x80001770 (0x5f7fa113) slti    sp, t6, 1527
core   0: 3 0x80001770 (0x5f7fa113) x 2 0x00000001
core   0: 0x80001774 (0x3c67c297) auipc   t0, 0x3c67c
core   0: 3 0x80001774 (0x3c67c297) x 5 0xbc67d774
core   0: 0x80001778 (0x52cb2a97) auipc   s5, 0x52cb2
core   0: 3 0x80001778 (0x52cb2a97) x21 0xd2cb3778
core   0: 0x8000177c (0x0000088d) c.addi  a7, 3
core   0: 3 0x8000177c (0x088d) x17 0x00000013
core   0: 0x8000177e (0xfe48c0e3) blt     a7, tp, pc - 32
core   0: 3 0x8000177e (0xfe48c0e3)
core   0: 0x80001782 (0x41d2d4b3) sra     s1, t0, t4
core   0: 3 0x80001782 (0x41d2d4b3) x 9 0xfffffffe
core   0: 0x80001786 (0x00800513) li      a0, 8
core   0: 3 0x80001786 (0x00800513) x10 0x00000008
core   0: 0x8000178a (0x00400293) li      t0, 4
core   0: 3 0x8000178a (0x00400293) x 5 0x00000004
core   0: 0x8000178e (0x00000001) c.nop
core   0: 3 0x8000178e (0x0001)
core   0: 0x80001790 (0x50756913) ori     s2, a0, 1287
core   0: 3 0x80001790 (0x50756913) x18 0x0000050f
core   0: 0x80001794 (0x00001575) c.addi  a0, -3
core   0: 3 0x80001794 (0x1575) x10 0x00000005
core   0: 0x80001796 (0x00000001) c.nop
core   0: 3 0x80001796 (0x0001)
core   0: 0x80001798 (0x00200a93) li      s5, 2
core   0: 3 0x80001798 (0x00200a93) x21 0x00000002
core   0: 0x8000179c (0xaa63fe13) andi    t3, t2, -1370
core   0: 3 0x8000179c (0xaa63fe13) x28 0xfffffaa6
core   0: 0x800017a0 (0x00300d93) li      s11, 3
core   0: 3 0x800017a0 (0x00300d93) x27 0x00000003
core   0: 0x800017a4 (0x00a37633) and     a2, t1, a0
core   0: 3 0x800017a4 (0x00a37633) x12 0x00000004
core   0: 0x800017a8 (0x00008fdd) c.or    a5, a5
core   0: 3 0x800017a8 (0x8fdd) x15 0xfad826bb
core   0: 0x800017aa (0x00000a85) c.addi  s5, 1
core   0: 3 0x800017aa (0x0a85) x21 0x00000003
core   0: 0x800017ac (0xffbaece3) bltu    s5, s11, pc - 8
core   0: 3 0x800017ac (0xffbaece3)
core   0: 0x800017b0 (0x00006939) c.lui   s2, 0xe
core   0: 3 0x800017b0 (0x6939) x18 0x0000e000
core   0: 0x800017b2 (0x403fd713) srai    a4, t6, 3
core   0: 3 0x800017b2 (0x403fd713) x14 0xfffffffd
core   0: 0x800017b6 (0xfc557ce3) bgeu    a0, t0, pc - 40
core   0: 3 0x800017b6 (0xfc557ce3)
core   0: 0x8000178e (0x00000001) c.nop
core   0: 3 0x8000178e (0x0001)
core   0: 0x80001790 (0x50756913) ori     s2, a0, 1287
core   0: 3 0x80001790 (0x50756913) x18 0x00000507
core   0: 0x80001794 (0x00001575) c.addi  a0, -3
core   0: 3 0x80001794 (0x1575) x10 0x00000002
core   0: 0x80001796 (0x00000001) c.nop
core   0: 3 0x80001796 (0x0001)
core   0: 0x80001798 (0x00200a93) li      s5, 2
core   0: 3 0x80001798 (0x00200a93) x21 0x00000002
core   0: 0x8000179c (0xaa63fe13) andi    t3, t2, -1370
core   0: 3 0x8000179c (0xaa63fe13) x28 0xfffffaa6
core   0: 0x800017a0 (0x00300d93) li      s11, 3
core   0: 3 0x800017a0 (0x00300d93) x27 0x00000003
core   0: 0x800017a4 (0x00a37633) and     a2, t1, a0
core   0: 3 0x800017a4 (0x00a37633) x12 0x00000000
core   0: 0x800017a8 (0x00008fdd) c.or    a5, a5
core   0: 3 0x800017a8 (0x8fdd) x15 0xfad826bb
core   0: 0x800017aa (0x00000a85) c.addi  s5, 1
core   0: 3 0x800017aa (0x0a85) x21 0x00000003
core   0: 0x800017ac (0xffbaece3) bltu    s5, s11, pc - 8
core   0: 3 0x800017ac (0xffbaece3)
core   0: 0x800017b0 (0x00006939) c.lui   s2, 0xe
core   0: 3 0x800017b0 (0x6939) x18 0x0000e000
core   0: 0x800017b2 (0x403fd713) srai    a4, t6, 3
core   0: 3 0x800017b2 (0x403fd713) x14 0xfffffffd
core   0: 0x800017b6 (0xfc557ce3) bgeu    a0, t0, pc - 40
core   0: 3 0x800017b6 (0xfc557ce3)
core   0: 0x800017ba (0xc6ccaf13) slti    t5, s9, -916
core   0: 3 0x800017ba (0xc6ccaf13) x30 0x00000001
core   0: 0x800017be (0x00800713) li      a4, 8
core   0: 3 0x800017be (0x00800713) x14 0x00000008
core   0: 0x800017c2 (0x00000001) c.nop
core   0: 3 0x800017c2 (0x0001)
core   0: 0x800017c4 (0x03b4eeb3) rem     t4, s1, s11
core   0: 3 0x800017c4 (0x03b4eeb3) x29 0xfffffffe
core   0: 0x800017c8 (0x00001761) c.addi  a4, -8
core   0: 3 0x800017c8 (0x1761) x14 0x00000000
core   0: 0x800017ca (0xffe00413) li      s0, -2
core   0: 3 0x800017ca (0xffe00413) x 8 0xfffffffe
core   0: 0x800017ce (0x00b00d13) li      s10, 11
core   0: 3 0x800017ce (0x00b00d13) x26 0x0000000b
core   0: 0x800017d2 (0xd5ba4993) xori    s3, s4, -677
core   0: 3 0x800017d2 (0xd5ba4993) x19 0x58d10f05
core   0: 0x800017d6 (0x0000041d) c.addi  s0, 7
core   0: 3 0x800017d6 (0x041d) x 8 0x00000005
core   0: 0x800017d8 (0xffa46de3) bltu    s0, s10, pc - 6
core   0: 3 0x800017d8 (0xffa46de3)
core   0: 0x800017d2 (0xd5ba4993) xori    s3, s4, -677
core   0: 3 0x800017d2 (0xd5ba4993) x19 0x58d10f05
core   0: 0x800017d6 (0x0000041d) c.addi  s0, 7
core   0: 3 0x800017d6 (0x041d) x 8 0x0000000c
core   0: 0x800017d8 (0xffa46de3) bltu    s0, s10, pc - 6
core   0: 3 0x800017d8 (0xffa46de3)
core   0: 0x800017dc (0x0000f765) c.bnez  a4, pc - 24
core   0: 3 0x800017dc (0xf765)
core   0: 0x800017de (0x0000100f) fence.i
core   0: 3 0x800017de (0x0000100f)
core   0: 0x800017e2 (0xffe00513) li      a0, -2
core   0: 3 0x800017e2 (0xffe00513) x10 0xfffffffe
core   0: 0x800017e6 (0x00000001) c.nop
core   0: 3 0x800017e6 (0x0001)
core   0: 0x800017e8 (0x00000001) c.nop
core   0: 3 0x800017e8 (0x0001)
core   0: 0x800017ea (0x00e6cd33) xor     s10, a3, a4
core   0: 3 0x800017ea (0x00e6cd33) x26 0x00000000
core   0: 0x800017ee (0x0ff0000f) fence   iorw,iorw
core   0: 3 0x800017ee (0x0ff0000f)
core   0: 0x800017f2 (0x00000001) c.nop
core   0: 3 0x800017f2 (0x0001)
core   0: 0x800017f4 (0x02a123b3) mulhsu  t2, sp, a0
core   0: 3 0x800017f4 (0x02a123b3) x 7 0x00000000
core   0: 0x800017f8 (0x034a69b3) rem     s3, s4, s4
core   0: 3 0x800017f8 (0x034a69b3) x19 0x00000000
core   0: 0x800017fc (0x00000001) c.nop
core   0: 3 0x800017fc (0x0001)
core   0: 0x800017fe (0x8a902e37) lui     t3, 0x8a902
core   0: 3 0x800017fe (0x8a902e37) x28 0x8a902000
core   0: 0x80001802 (0x0000011c) c.addi4spn a5, sp, 128
core   0: 3 0x80001802 (0x011c) x15 0x00000081
core   0: 0x80001804 (0x00008ced) c.and   s1, a1
core   0: 3 0x80001804 (0x8ced) x 9 0x0001b000
core   0: 0x80001806 (0x00000505) c.addi  a0, 1
core   0: 3 0x80001806 (0x0505) x10 0xffffffff
core   0: 0x80001808 (0x0000d575) c.beqz  a0, pc - 20
core   0: 3 0x80001808 (0xd575)
core   0: 0x8000180a (0xdbf18393) addi    t2, gp, -577
core   0: 3 0x8000180a (0xdbf18393) x 7 0xfffffdbf
core   0: 0x8000180e (0x00300f93) li      t6, 3
core   0: 3 0x8000180e (0x00300f93) x31 0x00000003
core   0: 0x80001812 (0x00000001) c.nop
core   0: 3 0x80001812 (0x0001)
core   0: 0x80001814 (0xff100393) li      t2, -15
core   0: 3 0x80001814 (0xff100393) x 7 0xfffffff1
core   0: 0x80001818 (0x00f54233) xor     tp, a0, a5
core   0: 3 0x80001818 (0x00f54233) x 4 0xffffff7e
core   0: 0x8000181c (0x0234e033) rem     zero, s1, gp
core   0: 3 0x8000181c (0x0234e033)
core   0: 0x80001820 (0x00001fdd) c.addi  t6, -9
core   0: 3 0x80001820 (0x1fdd) x31 0xfffffffa
core   0: 0x80001822 (0x00800e13) li      t3, 8
core   0: 3 0x80001822 (0x00800e13) x28 0x00000008
core   0: 0x80001826 (0x0000717d) c.addi16sp sp, -16
core   0: 3 0x80001826 (0x717d) x 2 0xfffffff1
core   0: 0x80001828 (0x00f00d13) li      s10, 15
core   0: 3 0x80001828 (0x00f00d13) x26 0x0000000f
core   0: 0x8000182c (0x00acc6b3) xor     a3, s9, a0
core   0: 3 0x8000182c (0x00acc6b3) x13 0x000011a2
core   0: 0x80001830 (0x03c105b3) mul     a1, sp, t3
core   0: 3 0x80001830 (0x03c105b3) x11 0xffffff88
core   0: 0x80001834 (0x01a7e033) or      zero, a5, s10
core   0: 3 0x80001834 (0x01a7e033)
core   0: 0x80001838 (0x16ee6413) ori     s0, t3, 366
core   0: 3 0x80001838 (0x16ee6413) x 8 0x0000016e
core   0: 0x8000183c (0x007815b3) sll     a1, a6, t2
core   0: 3 0x8000183c (0x007815b3) x11 0xd9c80000
core   0: 0x80001840 (0x00000e1d) c.addi  t3, 7
core   0: 3 0x80001840 (0x0e1d) x28 0x0000000f
core   0: 0x80001842 (0x01d79233) sll     tp, a5, t4
core   0: 3 0x80001842 (0x01d79233) x 4 0x40000000
core   0: 0x80001846 (0x018d19b3) sll     s3, s10, s8
core   0: 3 0x80001846 (0x018d19b3) x19 0x80000000
core   0: 0x8000184a (0x4056df33) sra     t5, a3, t0
core   0: 3 0x8000184a (0x4056df33) x30 0x0000011a
core   0: 0x8000184e (0xffae05e3) beq     t3, s10, pc - 22
core   0: 3 0x8000184e (0xffae05e3)
core   0: 0x80001838 (0x16ee6413) ori     s0, t3, 366
core   0: 3 0x80001838 (0x16ee6413) x 8 0x0000016f
core   0: 0x8000183c (0x007815b3) sll     a1, a6, t2
core   0: 3 0x8000183c (0x007815b3) x11 0xd9c80000
core   0: 0x80001840 (0x00000e1d) c.addi  t3, 7
core   0: 3 0x80001840 (0x0e1d) x28 0x00000016
core   0: 0x80001842 (0x01d79233) sll     tp, a5, t4
core   0: 3 0x80001842 (0x01d79233) x 4 0x40000000
core   0: 0x80001846 (0x018d19b3) sll     s3, s10, s8
core   0: 3 0x80001846 (0x018d19b3) x19 0x80000000
core   0: 0x8000184a (0x4056df33) sra     t5, a3, t0
core   0: 3 0x8000184a (0x4056df33) x30 0x0000011a
core   0: 0x8000184e (0xffae05e3) beq     t3, s10, pc - 22
core   0: 3 0x8000184e (0xffae05e3)
core   0: 0x80001852 (0x01ef8eb3) add     t4, t6, t5
core   0: 3 0x80001852 (0x01ef8eb3) x29 0x00000114
core   0: 0x80001856 (0xfc7f91e3) bne     t6, t2, pc - 62
core   0: 3 0x80001856 (0xfc7f91e3)
core   0: 0x80001818 (0x00f54233) xor     tp, a0, a5
core   0: 3 0x80001818 (0x00f54233) x 4 0xffffff7e
core   0: 0x8000181c (0x0234e033) rem     zero, s1, gp
core   0: 3 0x8000181c (0x0234e033)
core   0: 0x80001820 (0x00001fdd) c.addi  t6, -9
core   0: 3 0x80001820 (0x1fdd) x31 0xfffffff1
core   0: 0x80001822 (0x00800e13) li      t3, 8
core   0: 3 0x80001822 (0x00800e13) x28 0x00000008
core   0: 0x80001826 (0x0000717d) c.addi16sp sp, -16
core   0: 3 0x80001826 (0x717d) x 2 0xffffffe1
core   0: 0x80001828 (0x00f00d13) li      s10, 15
core   0: 3 0x80001828 (0x00f00d13) x26 0x0000000f
core   0: 0x8000182c (0x00acc6b3) xor     a3, s9, a0
core   0: 3 0x8000182c (0x00acc6b3) x13 0x000011a2
core   0: 0x80001830 (0x03c105b3) mul     a1, sp, t3
core   0: 3 0x80001830 (0x03c105b3) x11 0xffffff08
core   0: 0x80001834 (0x01a7e033) or      zero, a5, s10
core   0: 3 0x80001834 (0x01a7e033)
core   0: 0x80001838 (0x16ee6413) ori     s0, t3, 366
core   0: 3 0x80001838 (0x16ee6413) x 8 0x0000016e
core   0: 0x8000183c (0x007815b3) sll     a1, a6, t2
core   0: 3 0x8000183c (0x007815b3) x11 0xd9c80000
core   0: 0x80001840 (0x00000e1d) c.addi  t3, 7
core   0: 3 0x80001840 (0x0e1d) x28 0x0000000f
core   0: 0x80001842 (0x01d79233) sll     tp, a5, t4
core   0: 3 0x80001842 (0x01d79233) x 4 0x08100000
core   0: 0x80001846 (0x018d19b3) sll     s3, s10, s8
core   0: 3 0x80001846 (0x018d19b3) x19 0x80000000
core   0: 0x8000184a (0x4056df33) sra     t5, a3, t0
core   0: 3 0x8000184a (0x4056df33) x30 0x0000011a
core   0: 0x8000184e (0xffae05e3) beq     t3, s10, pc - 22
core   0: 3 0x8000184e (0xffae05e3)
core   0: 0x80001838 (0x16ee6413) ori     s0, t3, 366
core   0: 3 0x80001838 (0x16ee6413) x 8 0x0000016f
core   0: 0x8000183c (0x007815b3) sll     a1, a6, t2
core   0: 3 0x8000183c (0x007815b3) x11 0xd9c80000
core   0: 0x80001840 (0x00000e1d) c.addi  t3, 7
core   0: 3 0x80001840 (0x0e1d) x28 0x00000016
core   0: 0x80001842 (0x01d79233) sll     tp, a5, t4
core   0: 3 0x80001842 (0x01d79233) x 4 0x08100000
core   0: 0x80001846 (0x018d19b3) sll     s3, s10, s8
core   0: 3 0x80001846 (0x018d19b3) x19 0x80000000
core   0: 0x8000184a (0x4056df33) sra     t5, a3, t0
core   0: 3 0x8000184a (0x4056df33) x30 0x0000011a
core   0: 0x8000184e (0xffae05e3) beq     t3, s10, pc - 22
core   0: 3 0x8000184e (0xffae05e3)
core   0: 0x80001852 (0x01ef8eb3) add     t4, t6, t5
core   0: 3 0x80001852 (0x01ef8eb3) x29 0x0000010b
core   0: 0x80001856 (0xfc7f91e3) bne     t6, t2, pc - 62
core   0: 3 0x80001856 (0xfc7f91e3)
core   0: 0x8000185a (0xa7e23d97) auipc   s11, 0xa7e23
core   0: 3 0x8000185a (0xa7e23d97) x27 0x27e2485a
core   0: 0x8000185e (0xffa00593) li      a1, -6
core   0: 3 0x8000185e (0xffa00593) x11 0xfffffffa
core   0: 0x80001862 (0x0007bfb3) sltu    t6, a5, zero
core   0: 3 0x80001862 (0x0007bfb3) x31 0x00000000
core   0: 0x80001866 (0x0140c533) xor     a0, ra, s4
core   0: 3 0x80001866 (0x0140c533) x10 0x58d10258
core   0: 0x8000186a (0x02eb46b3) div     a3, s6, a4
core   0: 3 0x8000186a (0x02eb46b3) x13 0xffffffff
core   0: 0x8000186e (0x0000547d) c.li    s0, -1
core   0: 3 0x8000186e (0x547d) x 8 0xffffffff
core   0: 0x80001870 (0x00100213) li      tp, 1
core   0: 3 0x80001870 (0x00100213) x 4 0x00000001
core   0: 0x80001874 (0x029122b3) mulhsu  t0, sp, s1
core   0: 3 0x80001874 (0x029122b3) x 5 0xffffffff
core   0: 0x80001878 (0x3ede7793) andi    a5, t3, 1005
core   0: 3 0x80001878 (0x3ede7793) x15 0x00000004
core   0: 0x8000187c (0xcb730e17) auipc   t3, 0xcb730
core   0: 3 0x8000187c (0xcb730e17) x28 0x4b73187c
core   0: 0x80001880 (0x01636d33) or      s10, t1, s6
core   0: 3 0x80001880 (0x01636d33) x26 0xffffffff
core   0: 0x80001884 (0x000088ba) c.mv    a7, a4
core   0: 3 0x80001884 (0x88ba) x17 0x00000000
core   0: 0x80001886 (0x8551f093) andi    ra, gp, -1963
core   0: 3 0x80001886 (0x8551f093) x 1 0x00000000
core   0: 0x8000188a (0x00000585) c.addi  a1, 1
core   0: 3 0x8000188a (0x0585) x11 0xfffffffb
core   0: 0x8000188c (0x0ff0000f) fence   iorw,iorw
core   0: 3 0x8000188c (0x0ff0000f)
core   0: 0x80001890 (0xff800393) li      t2, -8
core   0: 3 0x80001890 (0xff800393) x 7 0xfffffff8
core   0: 0x80001894 (0x417f07b3) sub     a5, t5, s7
core   0: 3 0x80001894 (0x417f07b3) x15 0x000000fb
core   0: 0x80001898 (0x01400913) li      s2, 20
core   0: 3 0x80001898 (0x01400913) x18 0x00000014
core   0: 0x8000189c (0x0000875a) c.mv    a4, s6
core   0: 3 0x8000189c (0x875a) x14 0xffffffff
core   0: 0x8000189e (0x00339013) slli    zero, t2, 3
core   0: 3 0x8000189e (0x00339013)
core   0: 0x800018a2 (0x00009be2) c.add   s7, s8
core   0: 3 0x800018a2 (0x9be2) x23 0x0000001e
core   0: 0x800018a4 (0x00008e75) c.and   a2, a3
core   0: 3 0x800018a4 (0x8e75) x12 0x00000000
core   0: 0x800018a6 (0x00000001) c.nop
core   0: 3 0x800018a6 (0x0001)
core   0: 0x800018a8 (0x03c60e33) mul     t3, a2, t3
core   0: 3 0x800018a8 (0x03c60e33) x28 0x00000000
core   0: 0x800018ac (0x41b702b3) sub     t0, a4, s11
core   0: 3 0x800018ac (0x41b702b3) x 5 0xd81db7a5
core   0: 0x800018b0 (0x00000399) c.addi  t2, 6
core   0: 3 0x800018b0 (0x0399) x 7 0xfffffffe
core   0: 0x800018b2 (0x00006db1) c.lui   s11, 0xc
core   0: 3 0x800018b2 (0x6db1) x27 0x0000c000
core   0: 0x800018b4 (0xff23e4e3) bltu    t2, s2, pc - 24
core   0: 3 0x800018b4 (0xff23e4e3)
core   0: 0x800018b8 (0x00006e45) c.lui   t3, 0x11
core   0: 3 0x800018b8 (0x6e45) x28 0x00011000
core   0: 0x800018ba (0x00bc7733) and     a4, s8, a1
core   0: 3 0x800018ba (0x00bc7733) x14 0xfffffffb
core   0: 0x800018be (0x019df9b3) and     s3, s11, s9
core   0: 3 0x800018be (0x019df9b3) x19 0x0000c000
core   0: 0x800018c2 (0x582b8d13) addi    s10, s7, 1410
core   0: 3 0x800018c2 (0x582b8d13) x26 0x000005a0
core   0: 0x800018c6 (0xfa458be3) beq     a1, tp, pc - 74
core   0: 3 0x800018c6 (0xfa458be3)
core   0: 0x800018ca (0x000060b1) c.lui   ra, 0xc
core   0: 3 0x800018ca (0x60b1) x 1 0x0000c000
core   0: 0x800018cc (0xffc00413) li      s0, -4
core   0: 3 0x800018cc (0xffc00413) x 8 0xfffffffc
core   0: 0x800018d0 (0x02a7f9b3) remu    s3, a5, a0
core   0: 3 0x800018d0 (0x02a7f9b3) x19 0x000000fb
core   0: 0x800018d4 (0x000000be) c.slli  ra, 15
core   0: 3 0x800018d4 (0x00be) x 1 0x60000000
core   0: 0x800018d6 (0x0000076a) c.slli  a4, 26
core   0: 3 0x800018d6 (0x076a) x14 0xec000000
core   0: 0x800018d8 (0x02fcd4b3) divu    s1, s9, a5
core   0: 3 0x800018d8 (0x02fcd4b3) x 9 0x0105196d
core   0: 0x800018dc (0x0180d1b3) srl     gp, ra, s8
core   0: 3 0x800018dc (0x0180d1b3) x 3 0x00000000
core   0: 0x800018e0 (0xff000c13) li      s8, -16
core   0: 3 0x800018e0 (0xff000c13) x24 0xfffffff0
core   0: 0x800018e4 (0x00008e61) c.and   a2, s0
core   0: 3 0x800018e4 (0x8e61) x12 0x00000000
core   0: 0x800018e6 (0x03fc1d33) mulh    s10, s8, t6
core   0: 3 0x800018e6 (0x03fc1d33) x26 0x00000000
core   0: 0x800018ea (0x019e12b3) sll     t0, t3, s9
core   0: 3 0x800018ea (0x019e12b3) x 5 0x00000000
core   0: 0x800018ee (0x00008705) c.srai  a4, 1
core   0: 3 0x800018ee (0x8705) x14 0xf6000000
core   0: 0x800018f0 (0x00000001) c.nop
core   0: 3 0x800018f0 (0x0001)
core   0: 0x800018f2 (0x00001459) c.addi  s0, -10
core   0: 3 0x800018f2 (0x1459) x 8 0xfffffff2
core   0: 0x800018f4 (0x01cdf033) and     zero, s11, t3
core   0: 3 0x800018f4 (0x01cdf033)
core   0: 0x800018f8 (0x7d052f93) slti    t6, a0, 2000
core   0: 3 0x800018f8 (0x7d052f93) x31 0x00000000
core   0: 0x800018fc (0x03ca39b3) mulhu   s3, s4, t3
core   0: 3 0x800018fc (0x03ca39b3) x19 0x0000b1a1
core   0: 0x80001900 (0xff8452e3) bge     s0, s8, pc - 28
core   0: 3 0x80001900 (0xff8452e3)
core   0: 0x800018e4 (0x00008e61) c.and   a2, s0
core   0: 3 0x800018e4 (0x8e61) x12 0x00000000
core   0: 0x800018e6 (0x03fc1d33) mulh    s10, s8, t6
core   0: 3 0x800018e6 (0x03fc1d33) x26 0x00000000
core   0: 0x800018ea (0x019e12b3) sll     t0, t3, s9
core   0: 3 0x800018ea (0x019e12b3) x 5 0x00000000
core   0: 0x800018ee (0x00008705) c.srai  a4, 1
core   0: 3 0x800018ee (0x8705) x14 0xfb000000
core   0: 0x800018f0 (0x00000001) c.nop
core   0: 3 0x800018f0 (0x0001)
core   0: 0x800018f2 (0x00001459) c.addi  s0, -10
core   0: 3 0x800018f2 (0x1459) x 8 0xffffffe8
core   0: 0x800018f4 (0x01cdf033) and     zero, s11, t3
core   0: 3 0x800018f4 (0x01cdf033)
core   0: 0x800018f8 (0x7d052f93) slti    t6, a0, 2000
core   0: 3 0x800018f8 (0x7d052f93) x31 0x00000000
core   0: 0x800018fc (0x03ca39b3) mulhu   s3, s4, t3
core   0: 3 0x800018fc (0x03ca39b3) x19 0x0000b1a1
core   0: 0x80001900 (0xff8452e3) bge     s0, s8, pc - 28
core   0: 3 0x80001900 (0xff8452e3)
core   0: 0x80001904 (0x02d42233) mulhsu  tp, s0, a3
core   0: 3 0x80001904 (0x02d42233) x 4 0xffffffe8
core   0: 0x80001908 (0x00200b13) li      s6, 2
core   0: 3 0x80001908 (0x00200b13) x22 0x00000002
core   0: 0x8000190c (0x0ff0000f) fence   iorw,iorw
core   0: 3 0x8000190c (0x0ff0000f)
core   0: 0x80001910 (0x00400c93) li      s9, 4
core   0: 3 0x80001910 (0x00400c93) x25 0x00000004
core   0: 0x80001914 (0x41535c13) srai    s8, t1, 21
core   0: 3 0x80001914 (0x41535c13) x24 0xfffffc00
core   0: 0x80001918 (0x0000717d) c.addi16sp sp, -16
core   0: 3 0x80001918 (0x717d) x 2 0xffffffd1
core   0: 0x8000191a (0x01501b93) slli    s7, zero, 21
core   0: 3 0x8000191a (0x01501b93) x23 0x00000000
core   0: 0x8000191e (0x405f58b3) sra     a7, t5, t0
core   0: 3 0x8000191e (0x405f58b3) x17 0x0000011a
core   0: 0x80001922 (0x031532b3) mulhu   t0, a0, a7
core   0: 3 0x80001922 (0x031532b3) x 5 0x00000061
core   0: 0x80001926 (0x806aa613) slti    a2, s5, -2042
core   0: 3 0x80001926 (0x806aa613) x12 0x00000000
core   0: 0x8000192a (0x0ff0000f) fence   iorw,iorw
core   0: 3 0x8000192a (0x0ff0000f)
core   0: 0x8000192e (0x00235a93) srli    s5, t1, 2
core   0: 3 0x8000192e (0x00235a93) x21 0x20008b99
core   0: 0x80001932 (0x00000b19) c.addi  s6, 6
core   0: 3 0x80001932 (0x0b19) x22 0x00000008
core   0: 0x80001934 (0x00509d33) sll     s10, ra, t0
core   0: 3 0x80001934 (0x00509d33) x26 0xc0000000
core   0: 0x80001938 (0x01e31a93) slli    s5, t1, 30
core   0: 3 0x80001938 (0x01e31a93) x21 0x00000000
core   0: 0x8000193c (0x0008f133) and     sp, a7, zero
core   0: 3 0x8000193c (0x0008f133) x 2 0x00000000
core   0: 0x80001940 (0x026ce933) rem     s2, s9, t1
core   0: 3 0x80001940 (0x026ce933) x18 0x00000004
core   0: 0x80001944 (0x03944f33) div     t5, s0, s9
core   0: 3 0x80001944 (0x03944f33) x30 0xfffffffa
core   0: 0x80001948 (0xc47c3413) sltiu   s0, s8, -953
core   0: 3 0x80001948 (0xc47c3413) x 8 0x00000001
core   0: 0x8000194c (0x0ff0000f) fence   iorw,iorw
core   0: 3 0x8000194c (0x0ff0000f)
core   0: 0x80001950 (0x02e523b3) mulhsu  t2, a0, a4
core   0: 3 0x80001950 (0x02e523b3) x 7 0x5714ed4c
core   0: 0x80001954 (0x00008e2e) c.mv    t3, a1
core   0: 3 0x80001954 (0x8e2e) x28 0xfffffffb
core   0: 0x80001956 (0x00008f15) c.sub   a4, a3
core   0: 3 0x80001956 (0x8f15) x14 0xfb000001
core   0: 0x80001958 (0x0382abb3) mulhsu  s7, t0, s8
core   0: 3 0x80001958 (0x0382abb3) x23 0x00000060
core   0: 0x8000195c (0x00008c31) c.xor   s0, a2
core   0: 3 0x8000195c (0x8c31) x 8 0x00000001
core   0: 0x8000195e (0xfd9b62e3) bltu    s6, s9, pc - 60
core   0: 3 0x8000195e (0xfd9b62e3)
core   0: 0x80001962 (0x00006131) c.addi16sp sp, 320
core   0: 3 0x80001962 (0x6131) x 2 0x00000140
core   0: 0x80001964 (0xffb00593) li      a1, -5
core   0: 3 0x80001964 (0xffb00593) x11 0xfffffffb
core   0: 0x80001968 (0x000002f2) c.slli  t0, 28
core   0: 3 0x80001968 (0x02f2) x 5 0x10000000
core   0: 0x8000196a (0x0000890d) c.andi  a0, 3
core   0: 3 0x8000196a (0x890d) x10 0x00000000
core   0: 0x8000196c (0x00f00c93) li      s9, 15
core   0: 3 0x8000196c (0x00f00c93) x25 0x0000000f
core   0: 0x80001970 (0xba1ee737) lui     a4, 0xba1ee
core   0: 3 0x80001970 (0xba1ee737) x14 0xba1ee000
core   0: 0x80001974 (0x000082ee) c.mv    t0, s11
core   0: 3 0x80001974 (0x82ee) x 5 0x0000c000
core   0: 0x80001976 (0x00008785) c.srai  a5, 1
core   0: 3 0x80001976 (0x8785) x15 0x0000007d
core   0: 0x80001978 (0x00008fc9) c.or    a5, a0
core   0: 3 0x80001978 (0x8fc9) x15 0x0000007d
core   0: 0x8000197a (0x00008f9d) c.sub   a5, a5
core   0: 3 0x8000197a (0x8f9d) x15 0x00000000
core   0: 0x8000197c (0x00000001) c.nop
core   0: 3 0x8000197c (0x0001)
core   0: 0x8000197e (0x02f8b533) mulhu   a0, a7, a5
core   0: 3 0x8000197e (0x02f8b533) x10 0x00000000
core   0: 0x80001982 (0x00008d69) c.and   a0, a0
core   0: 3 0x80001982 (0x8d69) x10 0x00000000
core   0: 0x80001984 (0x020c3d33) mulhu   s10, s8, zero
core   0: 3 0x80001984 (0x020c3d33) x26 0x00000000
core   0: 0x80001988 (0x01741613) slli    a2, s0, 23
core   0: 3 0x80001988 (0x01741613) x12 0x00800000
core   0: 0x8000198c (0x00009da6) c.add   s11, s1
core   0: 3 0x8000198c (0x9da6) x27 0x0105d96d
core   0: 0x8000198e (0x000097ea) c.add   a5, s10
core   0: 3 0x8000198e (0x97ea) x15 0x00000000
core   0: 0x80001990 (0x032a46b3) div     a3, s4, s2
core   0: 3 0x80001990 (0x032a46b3) x13 0xe9cbbc98
core   0: 0x80001994 (0x3622f093) andi    ra, t0, 866
core   0: 3 0x80001994 (0x3622f093) x 1 0x00000000
core   0: 0x80001998 (0x00fa7233) and     tp, s4, a5
core   0: 3 0x80001998 (0x00fa7233) x 4 0x00000000
core   0: 0x8000199c (0x00008d61) c.and   a0, s0
core   0: 3 0x8000199c (0x8d61) x10 0x00000000
core   0: 0x8000199e (0x031d71b3) remu    gp, s10, a7
core   0: 3 0x8000199e (0x031d71b3) x 3 0x00000000
core   0: 0x800019a2 (0x00000599) c.addi  a1, 6
core   0: 3 0x800019a2 (0x0599) x11 0x00000001
core   0: 0x800019a4 (0x01c5ef33) or      t5, a1, t3
core   0: 3 0x800019a4 (0x01c5ef33) x30 0xfffffffb
core   0: 0x800019a8 (0x00000001) c.nop
core   0: 3 0x800019a8 (0x0001)
core   0: 0x800019aa (0x00ee3733) sltu    a4, t3, a4
core   0: 3 0x800019aa (0x00ee3733) x14 0x00000000
core   0: 0x800019ae (0x00008d3d) c.xor   a0, a5
core   0: 3 0x800019ae (0x8d3d) x10 0x00000000
core   0: 0x800019b0 (0xff95e2e3) bltu    a1, s9, pc - 28
core   0: 3 0x800019b0 (0xff95e2e3)
core   0: 0x80001994 (0x3622f093) andi    ra, t0, 866
core   0: 3 0x80001994 (0x3622f093) x 1 0x00000000
core   0: 0x80001998 (0x00fa7233) and     tp, s4, a5
core   0: 3 0x80001998 (0x00fa7233) x 4 0x00000000
core   0: 0x8000199c (0x00008d61) c.and   a0, s0
core   0: 3 0x8000199c (0x8d61) x10 0x00000000
core   0: 0x8000199e (0x031d71b3) remu    gp, s10, a7
core   0: 3 0x8000199e (0x031d71b3) x 3 0x00000000
core   0: 0x800019a2 (0x00000599) c.addi  a1, 6
core   0: 3 0x800019a2 (0x0599) x11 0x00000007
core   0: 0x800019a4 (0x01c5ef33) or      t5, a1, t3
core   0: 3 0x800019a4 (0x01c5ef33) x30 0xffffffff
core   0: 0x800019a8 (0x00000001) c.nop
core   0: 3 0x800019a8 (0x0001)
core   0: 0x800019aa (0x00ee3733) sltu    a4, t3, a4
core   0: 3 0x800019aa (0x00ee3733) x14 0x00000000
core   0: 0x800019ae (0x00008d3d) c.xor   a0, a5
core   0: 3 0x800019ae (0x8d3d) x10 0x00000000
core   0: 0x800019b0 (0xff95e2e3) bltu    a1, s9, pc - 28
core   0: 3 0x800019b0 (0xff95e2e3)
core   0: 0x80001994 (0x3622f093) andi    ra, t0, 866
core   0: 3 0x80001994 (0x3622f093) x 1 0x00000000
core   0: 0x80001998 (0x00fa7233) and     tp, s4, a5
core   0: 3 0x80001998 (0x00fa7233) x 4 0x00000000
core   0: 0x8000199c (0x00008d61) c.and   a0, s0
core   0: 3 0x8000199c (0x8d61) x10 0x00000000
core   0: 0x8000199e (0x031d71b3) remu    gp, s10, a7
core   0: 3 0x8000199e (0x031d71b3) x 3 0x00000000
core   0: 0x800019a2 (0x00000599) c.addi  a1, 6
core   0: 3 0x800019a2 (0x0599) x11 0x0000000d
core   0: 0x800019a4 (0x01c5ef33) or      t5, a1, t3
core   0: 3 0x800019a4 (0x01c5ef33) x30 0xffffffff
core   0: 0x800019a8 (0x00000001) c.nop
core   0: 3 0x800019a8 (0x0001)
core   0: 0x800019aa (0x00ee3733) sltu    a4, t3, a4
core   0: 3 0x800019aa (0x00ee3733) x14 0x00000000
core   0: 0x800019ae (0x00008d3d) c.xor   a0, a5
core   0: 3 0x800019ae (0x8d3d) x10 0x00000000
core   0: 0x800019b0 (0xff95e2e3) bltu    a1, s9, pc - 28
core   0: 3 0x800019b0 (0xff95e2e3)
core   0: 0x80001994 (0x3622f093) andi    ra, t0, 866
core   0: 3 0x80001994 (0x3622f093) x 1 0x00000000
core   0: 0x80001998 (0x00fa7233) and     tp, s4, a5
core   0: 3 0x80001998 (0x00fa7233) x 4 0x00000000
core   0: 0x8000199c (0x00008d61) c.and   a0, s0
core   0: 3 0x8000199c (0x8d61) x10 0x00000000
core   0: 0x8000199e (0x031d71b3) remu    gp, s10, a7
core   0: 3 0x8000199e (0x031d71b3) x 3 0x00000000
core   0: 0x800019a2 (0x00000599) c.addi  a1, 6
core   0: 3 0x800019a2 (0x0599) x11 0x00000013
core   0: 0x800019a4 (0x01c5ef33) or      t5, a1, t3
core   0: 3 0x800019a4 (0x01c5ef33) x30 0xfffffffb
core   0: 0x800019a8 (0x00000001) c.nop
core   0: 3 0x800019a8 (0x0001)
core   0: 0x800019aa (0x00ee3733) sltu    a4, t3, a4
core   0: 3 0x800019aa (0x00ee3733) x14 0x00000000
core   0: 0x800019ae (0x00008d3d) c.xor   a0, a5
core   0: 3 0x800019ae (0x8d3d) x10 0x00000000
core   0: 0x800019b0 (0xff95e2e3) bltu    a1, s9, pc - 28
core   0: 3 0x800019b0 (0xff95e2e3)
core   0: 0x800019b4 (0x00008bd1) c.andi  a5, 20
core   0: 3 0x800019b4 (0x8bd1) x15 0x00000000
core   0: 0x800019b6 (0xffe00213) li      tp, -2
core   0: 3 0x800019b6 (0xffe00213) x 4 0xfffffffe
core   0: 0x800019ba (0x00001e7d) c.addi  t3, -1
core   0: 3 0x800019ba (0x1e7d) x28 0xfffffffa
core   0: 0x800019bc (0x00800b13) li      s6, 8
core   0: 3 0x800019bc (0x00800b13) x22 0x00000008
core   0: 0x800019c0 (0x0278d933) divu    s2, a7, t2
core   0: 3 0x800019c0 (0x0278d933) x18 0x00000000
core   0: 0x800019c4 (0xd41ba493) slti    s1, s7, -703
core   0: 3 0x800019c4 (0xd41ba493) x 9 0x00000000
core   0: 0x800019c8 (0x0275e533) rem     a0, a1, t2
core   0: 3 0x800019c8 (0x0275e533) x10 0x00000013
core   0: 0x800019cc (0x00000205) c.addi  tp, 1
core   0: 3 0x800019cc (0x0205) x 4 0xffffffff
core   0: 0x800019ce (0x00008d35) c.xor   a0, a3
core   0: 3 0x800019ce (0x8d35) x10 0xe9cbbc8b
core   0: 0x800019d0 (0x2728fc13) andi    s8, a7, 626
core   0: 3 0x800019d0 (0x2728fc13) x24 0x00000012
core   0: 0x800019d4 (0x5c6323b7) lui     t2, 0x5c632
core   0: 3 0x800019d4 (0x5c6323b7) x 7 0x5c632000
core   0: 0x800019d8 (0x00008d8a) c.mv    s11, sp
core   0: 3 0x800019d8 (0x8d8a) x27 0x00000140
core   0: 0x800019da (0xff6213e3) bne     tp, s6, pc - 26
core   0: 3 0x800019da (0xff6213e3)
core   0: 0x800019c0 (0x0278d933) divu    s2, a7, t2
core   0: 3 0x800019c0 (0x0278d933) x18 0x00000000
core   0: 0x800019c4 (0xd41ba493) slti    s1, s7, -703
core   0: 3 0x800019c4 (0xd41ba493) x 9 0x00000000
core   0: 0x800019c8 (0x0275e533) rem     a0, a1, t2
core   0: 3 0x800019c8 (0x0275e533) x10 0x00000013
core   0: 0x800019cc (0x00000205) c.addi  tp, 1
core   0: 3 0x800019cc (0x0205) x 4 0x00000000
core   0: 0x800019ce (0x00008d35) c.xor   a0, a3
core   0: 3 0x800019ce (0x8d35) x10 0xe9cbbc8b
core   0: 0x800019d0 (0x2728fc13) andi    s8, a7, 626
core   0: 3 0x800019d0 (0x2728fc13) x24 0x00000012
core   0: 0x800019d4 (0x5c6323b7) lui     t2, 0x5c632
core   0: 3 0x800019d4 (0x5c6323b7) x 7 0x5c632000
core   0: 0x800019d8 (0x00008d8a) c.mv    s11, sp
core   0: 3 0x800019d8 (0x8d8a) x27 0x00000140
core   0: 0x800019da (0xff6213e3) bne     tp, s6, pc - 26
core   0: 3 0x800019da (0xff6213e3)
core   0: 0x800019c0 (0x0278d933) divu    s2, a7, t2
core   0: 3 0x800019c0 (0x0278d933) x18 0x00000000
core   0: 0x800019c4 (0xd41ba493) slti    s1, s7, -703
core   0: 3 0x800019c4 (0xd41ba493) x 9 0x00000000
core   0: 0x800019c8 (0x0275e533) rem     a0, a1, t2
core   0: 3 0x800019c8 (0x0275e533) x10 0x00000013
core   0: 0x800019cc (0x00000205) c.addi  tp, 1
core   0: 3 0x800019cc (0x0205) x 4 0x00000001
core   0: 0x800019ce (0x00008d35) c.xor   a0, a3
core   0: 3 0x800019ce (0x8d35) x10 0xe9cbbc8b
core   0: 0x800019d0 (0x2728fc13) andi    s8, a7, 626
core   0: 3 0x800019d0 (0x2728fc13) x24 0x00000012
core   0: 0x800019d4 (0x5c6323b7) lui     t2, 0x5c632
core   0: 3 0x800019d4 (0x5c6323b7) x 7 0x5c632000
core   0: 0x800019d8 (0x00008d8a) c.mv    s11, sp
core   0: 3 0x800019d8 (0x8d8a) x27 0x00000140
core   0: 0x800019da (0xff6213e3) bne     tp, s6, pc - 26
core   0: 3 0x800019da (0xff6213e3)
core   0: 0x800019c0 (0x0278d933) divu    s2, a7, t2
core   0: 3 0x800019c0 (0x0278d933) x18 0x00000000
core   0: 0x800019c4 (0xd41ba493) slti    s1, s7, -703
core   0: 3 0x800019c4 (0xd41ba493) x 9 0x00000000
core   0: 0x800019c8 (0x0275e533) rem     a0, a1, t2
core   0: 3 0x800019c8 (0x0275e533) x10 0x00000013
core   0: 0x800019cc (0x00000205) c.addi  tp, 1
core   0: 3 0x800019cc (0x0205) x 4 0x00000002
core   0: 0x800019ce (0x00008d35) c.xor   a0, a3
core   0: 3 0x800019ce (0x8d35) x10 0xe9cbbc8b
core   0: 0x800019d0 (0x2728fc13) andi    s8, a7, 626
core   0: 3 0x800019d0 (0x2728fc13) x24 0x00000012
core   0: 0x800019d4 (0x5c6323b7) lui     t2, 0x5c632
core   0: 3 0x800019d4 (0x5c6323b7) x 7 0x5c632000
core   0: 0x800019d8 (0x00008d8a) c.mv    s11, sp
core   0: 3 0x800019d8 (0x8d8a) x27 0x00000140
core   0: 0x800019da (0xff6213e3) bne     tp, s6, pc - 26
core   0: 3 0x800019da (0xff6213e3)
core   0: 0x800019c0 (0x0278d933) divu    s2, a7, t2
core   0: 3 0x800019c0 (0x0278d933) x18 0x00000000
core   0: 0x800019c4 (0xd41ba493) slti    s1, s7, -703
core   0: 3 0x800019c4 (0xd41ba493) x 9 0x00000000
core   0: 0x800019c8 (0x0275e533) rem     a0, a1, t2
core   0: 3 0x800019c8 (0x0275e533) x10 0x00000013
core   0: 0x800019cc (0x00000205) c.addi  tp, 1
core   0: 3 0x800019cc (0x0205) x 4 0x00000003
core   0: 0x800019ce (0x00008d35) c.xor   a0, a3
core   0: 3 0x800019ce (0x8d35) x10 0xe9cbbc8b
core   0: 0x800019d0 (0x2728fc13) andi    s8, a7, 626
core   0: 3 0x800019d0 (0x2728fc13) x24 0x00000012
core   0: 0x800019d4 (0x5c6323b7) lui     t2, 0x5c632
core   0: 3 0x800019d4 (0x5c6323b7) x 7 0x5c632000
core   0: 0x800019d8 (0x00008d8a) c.mv    s11, sp
core   0: 3 0x800019d8 (0x8d8a) x27 0x00000140
core   0: 0x800019da (0xff6213e3) bne     tp, s6, pc - 26
core   0: 3 0x800019da (0xff6213e3)
core   0: 0x800019c0 (0x0278d933) divu    s2, a7, t2
core   0: 3 0x800019c0 (0x0278d933) x18 0x00000000
core   0: 0x800019c4 (0xd41ba493) slti    s1, s7, -703
core   0: 3 0x800019c4 (0xd41ba493) x 9 0x00000000
core   0: 0x800019c8 (0x0275e533) rem     a0, a1, t2
core   0: 3 0x800019c8 (0x0275e533) x10 0x00000013
core   0: 0x800019cc (0x00000205) c.addi  tp, 1
core   0: 3 0x800019cc (0x0205) x 4 0x00000004
core   0: 0x800019ce (0x00008d35) c.xor   a0, a3
core   0: 3 0x800019ce (0x8d35) x10 0xe9cbbc8b
core   0: 0x800019d0 (0x2728fc13) andi    s8, a7, 626
core   0: 3 0x800019d0 (0x2728fc13) x24 0x00000012
core   0: 0x800019d4 (0x5c6323b7) lui     t2, 0x5c632
core   0: 3 0x800019d4 (0x5c6323b7) x 7 0x5c632000
core   0: 0x800019d8 (0x00008d8a) c.mv    s11, sp
core   0: 3 0x800019d8 (0x8d8a) x27 0x00000140
core   0: 0x800019da (0xff6213e3) bne     tp, s6, pc - 26
core   0: 3 0x800019da (0xff6213e3)
core   0: 0x800019c0 (0x0278d933) divu    s2, a7, t2
core   0: 3 0x800019c0 (0x0278d933) x18 0x00000000
core   0: 0x800019c4 (0xd41ba493) slti    s1, s7, -703
core   0: 3 0x800019c4 (0xd41ba493) x 9 0x00000000
core   0: 0x800019c8 (0x0275e533) rem     a0, a1, t2
core   0: 3 0x800019c8 (0x0275e533) x10 0x00000013
core   0: 0x800019cc (0x00000205) c.addi  tp, 1
core   0: 3 0x800019cc (0x0205) x 4 0x00000005
core   0: 0x800019ce (0x00008d35) c.xor   a0, a3
core   0: 3 0x800019ce (0x8d35) x10 0xe9cbbc8b
core   0: 0x800019d0 (0x2728fc13) andi    s8, a7, 626
core   0: 3 0x800019d0 (0x2728fc13) x24 0x00000012
core   0: 0x800019d4 (0x5c6323b7) lui     t2, 0x5c632
core   0: 3 0x800019d4 (0x5c6323b7) x 7 0x5c632000
core   0: 0x800019d8 (0x00008d8a) c.mv    s11, sp
core   0: 3 0x800019d8 (0x8d8a) x27 0x00000140
core   0: 0x800019da (0xff6213e3) bne     tp, s6, pc - 26
core   0: 3 0x800019da (0xff6213e3)
core   0: 0x800019c0 (0x0278d933) divu    s2, a7, t2
core   0: 3 0x800019c0 (0x0278d933) x18 0x00000000
core   0: 0x800019c4 (0xd41ba493) slti    s1, s7, -703
core   0: 3 0x800019c4 (0xd41ba493) x 9 0x00000000
core   0: 0x800019c8 (0x0275e533) rem     a0, a1, t2
core   0: 3 0x800019c8 (0x0275e533) x10 0x00000013
core   0: 0x800019cc (0x00000205) c.addi  tp, 1
core   0: 3 0x800019cc (0x0205) x 4 0x00000006
core   0: 0x800019ce (0x00008d35) c.xor   a0, a3
core   0: 3 0x800019ce (0x8d35) x10 0xe9cbbc8b
core   0: 0x800019d0 (0x2728fc13) andi    s8, a7, 626
core   0: 3 0x800019d0 (0x2728fc13) x24 0x00000012
core   0: 0x800019d4 (0x5c6323b7) lui     t2, 0x5c632
core   0: 3 0x800019d4 (0x5c6323b7) x 7 0x5c632000
core   0: 0x800019d8 (0x00008d8a) c.mv    s11, sp
core   0: 3 0x800019d8 (0x8d8a) x27 0x00000140
core   0: 0x800019da (0xff6213e3) bne     tp, s6, pc - 26
core   0: 3 0x800019da (0xff6213e3)
core   0: 0x800019c0 (0x0278d933) divu    s2, a7, t2
core   0: 3 0x800019c0 (0x0278d933) x18 0x00000000
core   0: 0x800019c4 (0xd41ba493) slti    s1, s7, -703
core   0: 3 0x800019c4 (0xd41ba493) x 9 0x00000000
core   0: 0x800019c8 (0x0275e533) rem     a0, a1, t2
core   0: 3 0x800019c8 (0x0275e533) x10 0x00000013
core   0: 0x800019cc (0x00000205) c.addi  tp, 1
core   0: 3 0x800019cc (0x0205) x 4 0x00000007
core   0: 0x800019ce (0x00008d35) c.xor   a0, a3
core   0: 3 0x800019ce (0x8d35) x10 0xe9cbbc8b
core   0: 0x800019d0 (0x2728fc13) andi    s8, a7, 626
core   0: 3 0x800019d0 (0x2728fc13) x24 0x00000012
core   0: 0x800019d4 (0x5c6323b7) lui     t2, 0x5c632
core   0: 3 0x800019d4 (0x5c6323b7) x 7 0x5c632000
core   0: 0x800019d8 (0x00008d8a) c.mv    s11, sp
core   0: 3 0x800019d8 (0x8d8a) x27 0x00000140
core   0: 0x800019da (0xff6213e3) bne     tp, s6, pc - 26
core   0: 3 0x800019da (0xff6213e3)
core   0: 0x800019c0 (0x0278d933) divu    s2, a7, t2
core   0: 3 0x800019c0 (0x0278d933) x18 0x00000000
core   0: 0x800019c4 (0xd41ba493) slti    s1, s7, -703
core   0: 3 0x800019c4 (0xd41ba493) x 9 0x00000000
core   0: 0x800019c8 (0x0275e533) rem     a0, a1, t2
core   0: 3 0x800019c8 (0x0275e533) x10 0x00000013
core   0: 0x800019cc (0x00000205) c.addi  tp, 1
core   0: 3 0x800019cc (0x0205) x 4 0x00000008
core   0: 0x800019ce (0x00008d35) c.xor   a0, a3
core   0: 3 0x800019ce (0x8d35) x10 0xe9cbbc8b
core   0: 0x800019d0 (0x2728fc13) andi    s8, a7, 626
core   0: 3 0x800019d0 (0x2728fc13) x24 0x00000012
core   0: 0x800019d4 (0x5c6323b7) lui     t2, 0x5c632
core   0: 3 0x800019d4 (0x5c6323b7) x 7 0x5c632000
core   0: 0x800019d8 (0x00008d8a) c.mv    s11, sp
core   0: 3 0x800019d8 (0x8d8a) x27 0x00000140
core   0: 0x800019da (0xff6213e3) bne     tp, s6, pc - 26
core   0: 3 0x800019da (0xff6213e3)
core   0: 0x800019de (0x0000615d) c.addi16sp sp, 432
core   0: 3 0x800019de (0x615d) x 2 0x000002f0
core   0: 0x800019e0 (0xff800513) li      a0, -8
core   0: 3 0x800019e0 (0xff800513) x10 0xfffffff8
core   0: 0x800019e4 (0x00000001) c.nop
core   0: 3 0x800019e4 (0x0001)
core   0: 0x800019e6 (0x00000395) c.addi  t2, 5
core   0: 3 0x800019e6 (0x0395) x 7 0x5c632005
core   0: 0x800019e8 (0x00000505) c.addi  a0, 1
core   0: 3 0x800019e8 (0x0505) x10 0xfffffff9
core   0: 0x800019ea (0x0000fd75) c.bnez  a0, pc - 4
core   0: 3 0x800019ea (0xfd75)
core   0: 0x800019e6 (0x00000395) c.addi  t2, 5
core   0: 3 0x800019e6 (0x0395) x 7 0x5c63200a
core   0: 0x800019e8 (0x00000505) c.addi  a0, 1
core   0: 3 0x800019e8 (0x0505) x10 0xfffffffa
core   0: 0x800019ea (0x0000fd75) c.bnez  a0, pc - 4
core   0: 3 0x800019ea (0xfd75)
core   0: 0x800019e6 (0x00000395) c.addi  t2, 5
core   0: 3 0x800019e6 (0x0395) x 7 0x5c63200f
core   0: 0x800019e8 (0x00000505) c.addi  a0, 1
core   0: 3 0x800019e8 (0x0505) x10 0xfffffffb
core   0: 0x800019ea (0x0000fd75) c.bnez  a0, pc - 4
core   0: 3 0x800019ea (0xfd75)
core   0: 0x800019e6 (0x00000395) c.addi  t2, 5
core   0: 3 0x800019e6 (0x0395) x 7 0x5c632014
core   0: 0x800019e8 (0x00000505) c.addi  a0, 1
core   0: 3 0x800019e8 (0x0505) x10 0xfffffffc
core   0: 0x800019ea (0x0000fd75) c.bnez  a0, pc - 4
core   0: 3 0x800019ea (0xfd75)
core   0: 0x800019e6 (0x00000395) c.addi  t2, 5
core   0: 3 0x800019e6 (0x0395) x 7 0x5c632019
core   0: 0x800019e8 (0x00000505) c.addi  a0, 1
core   0: 3 0x800019e8 (0x0505) x10 0xfffffffd
core   0: 0x800019ea (0x0000fd75) c.bnez  a0, pc - 4
core   0: 3 0x800019ea (0xfd75)
core   0: 0x800019e6 (0x00000395) c.addi  t2, 5
core   0: 3 0x800019e6 (0x0395) x 7 0x5c63201e
core   0: 0x800019e8 (0x00000505) c.addi  a0, 1
core   0: 3 0x800019e8 (0x0505) x10 0xfffffffe
core   0: 0x800019ea (0x0000fd75) c.bnez  a0, pc - 4
core   0: 3 0x800019ea (0xfd75)
core   0: 0x800019e6 (0x00000395) c.addi  t2, 5
core   0: 3 0x800019e6 (0x0395) x 7 0x5c632023
core   0: 0x800019e8 (0x00000505) c.addi  a0, 1
core   0: 3 0x800019e8 (0x0505) x10 0xffffffff
core   0: 0x800019ea (0x0000fd75) c.bnez  a0, pc - 4
core   0: 3 0x800019ea (0xfd75)
core   0: 0x800019e6 (0x00000395) c.addi  t2, 5
core   0: 3 0x800019e6 (0x0395) x 7 0x5c632028
core   0: 0x800019e8 (0x00000505) c.addi  a0, 1
core   0: 3 0x800019e8 (0x0505) x10 0x00000000
core   0: 0x800019ea (0x0000fd75) c.bnez  a0, pc - 4
core   0: 3 0x800019ea (0xfd75)
core   0: 0x800019ec (0x00009b7d) c.andi  a4, -1
core   0: 3 0x800019ec (0x9b7d) x14 0x00000000
core   0: 0x800019ee (0x00000293) li      t0, 0
core   0: 3 0x800019ee (0x00000293) x 5 0x00000000
core   0: 0x800019f2 (0x03685f33) divu    t5, a6, s6
core   0: 3 0x800019f2 (0x03685f33) x30 0x10004d9c
core   0: 0x800019f6 (0x00000993) li      s3, 0
core   0: 3 0x800019f6 (0x00000993) x19 0x00000000
core   0: 0x800019fa (0x991f4893) xori    a7, t5, -1647
core   0: 3 0x800019fa (0x991f4893) x17 0xefffb40d
core   0: 0x800019fe (0x00000001) c.nop
core   0: 3 0x800019fe (0x0001)
core   0: 0x80001a00 (0x000012d9) c.addi  t0, -10
core   0: 3 0x80001a00 (0x12d9) x 5 0xfffffff6
core   0: 0x80001a02 (0x00008085) c.srli  s1, 1
core   0: 3 0x80001a02 (0x8085) x 9 0x00000000
core   0: 0x80001a04 (0x00a00793) li      a5, 10
core   0: 3 0x80001a04 (0x00a00793) x15 0x0000000a
core   0: 0x80001a08 (0x00600e13) li      t3, 6
core   0: 3 0x80001a08 (0x00600e13) x28 0x00000006
core   0: 0x80001a0c (0x00000726) c.slli  a4, 9
core   0: 3 0x80001a0c (0x0726) x14 0x00000000
core   0: 0x80001a0e (0xf3620213) addi    tp, tp, -202
core   0: 3 0x80001a0e (0xf3620213) x 4 0xffffff3e
core   0: 0x80001a12 (0x0347ab33) mulhsu  s6, a5, s4
core   0: 3 0x80001a12 (0x0347ab33) x22 0x00000006
core   0: 0x80001a16 (0x03595733) divu    a4, s2, s5
core   0: 3 0x80001a16 (0x03595733) x14 0xffffffff
core   0: 0x80001a1a (0x000017f9) c.addi  a5, -2
core   0: 3 0x80001a1a (0x17f9) x15 0x00000008
core   0: 0x80001a1c (0xffc7f9e3) bgeu    a5, t3, pc - 14
core   0: 3 0x80001a1c (0xffc7f9e3)
core   0: 0x80001a0e (0xf3620213) addi    tp, tp, -202
core   0: 3 0x80001a0e (0xf3620213) x 4 0xfffffe74
core   0: 0x80001a12 (0x0347ab33) mulhsu  s6, a5, s4
core   0: 3 0x80001a12 (0x0347ab33) x22 0x00000005
core   0: 0x80001a16 (0x03595733) divu    a4, s2, s5
core   0: 3 0x80001a16 (0x03595733) x14 0xffffffff
core   0: 0x80001a1a (0x000017f9) c.addi  a5, -2
core   0: 3 0x80001a1a (0x17f9) x15 0x00000006
core   0: 0x80001a1c (0xffc7f9e3) bgeu    a5, t3, pc - 14
core   0: 3 0x80001a1c (0xffc7f9e3)
core   0: 0x80001a0e (0xf3620213) addi    tp, tp, -202
core   0: 3 0x80001a0e (0xf3620213) x 4 0xfffffdaa
core   0: 0x80001a12 (0x0347ab33) mulhsu  s6, a5, s4
core   0: 3 0x80001a12 (0x0347ab33) x22 0x00000003
core   0: 0x80001a16 (0x03595733) divu    a4, s2, s5
core   0: 3 0x80001a16 (0x03595733) x14 0xffffffff
core   0: 0x80001a1a (0x000017f9) c.addi  a5, -2
core   0: 3 0x80001a1a (0x17f9) x15 0x00000004
core   0: 0x80001a1c (0xffc7f9e3) bgeu    a5, t3, pc - 14
core   0: 3 0x80001a1c (0xffc7f9e3)
core   0: 0x80001a20 (0x00000001) c.nop
core   0: 3 0x80001a20 (0x0001)
core   0: 0x80001a22 (0xfd32dee3) bge     t0, s3, pc - 36
core   0: 3 0x80001a22 (0xfd32dee3)
core   0: 0x80001a26 (0x41cd5393) srai    t2, s10, 28
core   0: 3 0x80001a26 (0x41cd5393) x 7 0x00000000
core   0: 0x80001a2a (0x00a00793) li      a5, 10
core   0: 3 0x80001a2a (0x00a00793) x15 0x0000000a
core   0: 0x80001a2e (0x00000001) c.nop
core   0: 3 0x80001a2e (0x0001)
core   0: 0x80001a30 (0x00009afd) c.andi  a3, -1
core   0: 3 0x80001a30 (0x9afd) x13 0xe9cbbc98
core   0: 0x80001a32 (0x4f8a3e13) sltiu   t3, s4, 1272
core   0: 3 0x80001a32 (0x4f8a3e13) x28 0x00000000
core   0: 0x80001a36 (0x9463cc13) xori    s8, t2, -1722
core   0: 3 0x80001a36 (0x9463cc13) x24 0xfffff946
core   0: 0x80001a3a (0x0380e3b3) rem     t2, ra, s8
core   0: 3 0x80001a3a (0x0380e3b3) x 7 0x00000000
core   0: 0x80001a3e (0x00008345) c.srli  a4, 17
core   0: 3 0x80001a3e (0x8345) x14 0x00007fff
core   0: 0x80001a40 (0x40445233) sra     tp, s0, tp
core   0: 3 0x80001a40 (0x40445233) x 4 0x00000000
core   0: 0x80001a44 (0xfcaea617) auipc   a2, 0xfcaea
core   0: 3 0x80001a44 (0xfcaea617) x12 0x7caeba44
core   0: 0x80001a48 (0x00a00093) li      ra, 10
core   0: 3 0x80001a48 (0x00a00093) x 1 0x0000000a
core   0: 0x80001a4c (0x5b3d9037) lui     zero, 0x5b3d9
core   0: 3 0x80001a4c (0x5b3d9037)
core   0: 0x80001a50 (0x00006155) c.addi16sp sp, 304
core   0: 3 0x80001a50 (0x6155) x 2 0x00000420
core   0: 0x80001a52 (0x00006111) c.addi16sp sp, 256
core   0: 3 0x80001a52 (0x6111) x 2 0x00000520
core   0: 0x80001a54 (0x4125d693) srai    a3, a1, 18
core   0: 3 0x80001a54 (0x4125d693) x13 0x00000000
core   0: 0x80001a58 (0x77390393) addi    t2, s2, 1907
core   0: 3 0x80001a58 (0x77390393) x 7 0x00000773
core   0: 0x80001a5c (0x594b7a93) andi    s5, s6, 1428
core   0: 3 0x80001a5c (0x594b7a93) x21 0x00000000
core   0: 0x80001a60 (0x023e4633) div     a2, t3, gp
core   0: 3 0x80001a60 (0x023e4633) x12 0xffffffff
core   0: 0x80001a64 (0x03138533) mul     a0, t2, a7
core   0: 3 0x80001a64 (0x03138533) x10 0xcdca3cd7
core   0: 0x80001a68 (0x002b9393) slli    t2, s7, 2
core   0: 3 0x80001a68 (0x002b9393) x 7 0x00000180
core   0: 0x80001a6c (0xcf0ab613) sltiu   a2, s5, -784
core   0: 3 0x80001a6c (0xcf0ab613) x12 0x00000001
core   0: 0x80001a70 (0x000017dd) c.addi  a5, -9
core   0: 3 0x80001a70 (0x17dd) x15 0x00000001
core   0: 0x80001a72 (0x011a8bb3) add     s7, s5, a7
core   0: 3 0x80001a72 (0x011a8bb3) x23 0xefffb40d
core   0: 0x80001a76 (0x41768933) sub     s2, a3, s7
core   0: 3 0x80001a76 (0x41768933) x18 0x10004bf3
core   0: 0x80001a7a (0x00008c59) c.or    s0, a4
core   0: 3 0x80001a7a (0x8c59) x 8 0x00007fff
core   0: 0x80001a7c (0x02439ab3) mulh    s5, t2, tp
core   0: 3 0x80001a7c (0x02439ab3) x21 0x00000000
core   0: 0x80001a80 (0x00c8ad33) slt     s10, a7, a2
core   0: 3 0x80001a80 (0x00c8ad33) x26 0x00000001
core   0: 0x80001a84 (0x01e863b3) or      t2, a6, t5
core   0: 3 0x80001a84 (0x01e863b3) x 7 0x90026dfc
core   0: 0x80001a88 (0xfc17fce3) bgeu    a5, ra, pc - 40
core   0: 3 0x80001a88 (0xfc17fce3)
core   0: 0x80001a8c (0x00000001) c.nop
core   0: 3 0x80001a8c (0x0001)
core   0: 0x80001a8e (0x00200d93) li      s11, 2
core   0: 3 0x80001a8e (0x00200d93) x27 0x00000002
core   0: 0x80001a92 (0x00000f93) li      t6, 0
core   0: 3 0x80001a92 (0x00000f93) x31 0x00000000
core   0: 0x80001a96 (0x026fb5b3) mulhu   a1, t6, t1
core   0: 3 0x80001a96 (0x026fb5b3) x11 0x00000000
core   0: 0x80001a9a (0x00001df1) c.addi  s11, -4
core   0: 3 0x80001a9a (0x1df1) x27 0xfffffffe
core   0: 0x80001a9c (0x00009c1a) c.add   s8, t1
core   0: 3 0x80001a9c (0x9c1a) x24 0x800227aa
core   0: 0x80001a9e (0x00200b93) li      s7, 2
core   0: 3 0x80001a9e (0x00200b93) x23 0x00000002
core   0: 0x80001aa2 (0x00b00213) li      tp, 11
core   0: 3 0x80001aa2 (0x00b00213) x 4 0x0000000b
core   0: 0x80001aa6 (0x00008f91) c.sub   a5, a2
core   0: 3 0x80001aa6 (0x8f91) x15 0x00000000
core   0: 0x80001aa8 (0x00000ba5) c.addi  s7, 9
core   0: 3 0x80001aa8 (0x0ba5) x23 0x0000000b
core   0: 0x80001aaa (0xfe4beee3) bltu    s7, tp, pc - 4
core   0: 3 0x80001aaa (0xfe4beee3)
core   0: 0x80001aae (0x016eff33) and     t5, t4, s6
core   0: 3 0x80001aae (0x016eff33) x30 0x00000003
core   0: 0x80001ab2 (0x031dc8b3) div     a7, s11, a7
core   0: 3 0x80001ab2 (0x031dc8b3) x17 0x00000000
core   0: 0x80001ab6 (0xfffdd0e3) bge     s11, t6, pc - 32
core   0: 3 0x80001ab6 (0xfffdd0e3)
core   0: 0x80001aba (0x012cc933) xor     s2, s9, s2
core   0: 3 0x80001aba (0x012cc933) x18 0x10004bfc
core   0: 0x80001abe (0x00a00693) li      a3, 10
core   0: 3 0x80001abe (0x00a00693) x13 0x0000000a
core   0: 0x80001ac2 (0x5ae54713) xori    a4, a0, 1454
core   0: 3 0x80001ac2 (0x5ae54713) x14 0xcdca3979
core   0: 0x80001ac6 (0x00d39093) slli    ra, t2, 13
core   0: 3 0x80001ac6 (0x00d39093) x 1 0x4dbf8000
core   0: 0x80001aca (0x00008d7d) c.and   a0, a5
core   0: 3 0x80001aca (0x8d7d) x10 0x00000000
core   0: 0x80001acc (0x0000100f) fence.i
core   0: 3 0x80001acc (0x0000100f)
core   0: 0x80001ad0 (0x02db1b33) mulh    s6, s6, a3
core   0: 3 0x80001ad0 (0x02db1b33) x22 0x00000000
core   0: 0x80001ad4 (0x00008a11) c.andi  a2, 4
core   0: 3 0x80001ad4 (0x8a11) x12 0x00000000
core   0: 0x80001ad6 (0x0004aeb3) slt     t4, s1, zero
core   0: 3 0x80001ad6 (0x0004aeb3) x29 0x00000000
core   0: 0x80001ada (0x01a0a533) slt     a0, ra, s10
core   0: 3 0x80001ada (0x01a0a533) x10 0x00000000
core   0: 0x80001ade (0x4181d233) sra     tp, gp, s8
core   0: 3 0x80001ade (0x4181d233) x 4 0x00000000
core   0: 0x80001ae2 (0x00a00e13) li      t3, 10
core   0: 3 0x80001ae2 (0x00a00e13) x28 0x0000000a
core   0: 0x80001ae6 (0x00988cb3) add     s9, a7, s1
core   0: 3 0x80001ae6 (0x00988cb3) x25 0x00000000
core   0: 0x80001aea (0x00d97ab3) and     s5, s2, a3
core   0: 3 0x80001aea (0x00d97ab3) x21 0x00000008
core   0: 0x80001aee (0x00004979) c.li    s2, 30
core   0: 3 0x80001aee (0x4979) x18 0x0000001e
core   0: 0x80001af0 (0x00a7eab3) or      s5, a5, a0
core   0: 3 0x80001af0 (0x00a7eab3) x21 0x00000000
core   0: 0x80001af4 (0x000016e5) c.addi  a3, -7
core   0: 3 0x80001af4 (0x16e5) x13 0x00000003
core   0: 0x80001af6 (0x21cfc4b7) lui     s1, 0x21cfc
core   0: 3 0x80001af6 (0x21cfc4b7) x 9 0x21cfc000
core   0: 0x80001afa (0x5a2f0593) addi    a1, t5, 1442
core   0: 3 0x80001afa (0x5a2f0593) x11 0x000005a5
core   0: 0x80001afe (0xffc6f9e3) bgeu    a3, t3, pc - 14
core   0: 3 0x80001afe (0xffc6f9e3)
core   0: 0x80001b02 (0x02b09ab3) mulh    s5, ra, a1
core   0: 3 0x80001b02 (0x02b09ab3) x21 0x000001b6
core   0: 0x80001b06 (0x010e1b13) slli    s6, t3, 16
core   0: 3 0x80001b06 (0x010e1b13) x22 0x000a0000
core   0: 0x80001b0a (0x025c1b63) bne     s8, t0, pc + 54
core   0: 3 0x80001b0a (0x025c1b63)
core   0: 0x80001b40 (0x01c1ffb3) and     t6, gp, t3
core   0: 3 0x80001b40 (0x01c1ffb3) x31 0x00000000
core   0: 0x80001b44 (0x41115b13) srai    s6, sp, 17
core   0: 3 0x80001b44 (0x41115b13) x22 0x00000000
core   0: 0x80001b48 (0x01ce6033) or      zero, t3, t3
core   0: 3 0x80001b48 (0x01ce6033)
core   0: 0x80001b4c (0x0000527d) c.li    tp, -1
core   0: 3 0x80001b4c (0x527d) x 4 0xffffffff
core   0: 0x80001b4e (0x02ff57b3) divu    a5, t5, a5
core   0: 3 0x80001b4e (0x02ff57b3) x15 0xffffffff
core   0: 0x80001b52 (0x0000eb19) c.bnez  a4, pc + 22
core   0: 3 0x80001b52 (0xeb19)
core   0: 0x80001b68 (0x017b6463) bltu    s6, s7, pc + 8
core   0: 3 0x80001b68 (0x017b6463)
core   0: 0x80001b70 (0x00008cf9) c.and   s1, a4
core   0: 3 0x80001b70 (0x8cf9) x 9 0x01ca0000
core   0: 0x80001b72 (0x57cd7893) andi    a7, s10, 1404
core   0: 3 0x80001b72 (0x57cd7893) x17 0x00000000
core   0: 0x80001b76 (0x00008de5) c.and   a1, s1
core   0: 3 0x80001b76 (0x8de5) x11 0x00000000
core   0: 0x80001b78 (0x03091033) mulh    zero, s2, a6
core   0: 3 0x80001b78 (0x03091033)
core   0: 0x80001b7c (0x0280d763) bge     ra, s0, pc + 46
core   0: 3 0x80001b7c (0x0280d763)
core   0: 0x80001baa (0x00006445) c.lui   s0, 0x11
core   0: 3 0x80001baa (0x6445) x 8 0x00011000
core   0: 0x80001bac (0x0ff0000f) fence   iorw,iorw
core   0: 3 0x80001bac (0x0ff0000f)
core   0: 0x80001bb0 (0x1543a897) auipc   a7, 0x1543a
core   0: 3 0x80001bb0 (0x1543a897) x17 0x9543bbb0
core   0: 0x80001bb4 (0x0000717d) c.addi16sp sp, -16
core   0: 3 0x80001bb4 (0x717d) x 2 0x00000510
core   0: 0x80001bb6 (0x57527213) andi    tp, tp, 1397
core   0: 3 0x80001bb6 (0x57527213) x 4 0x00000575
core   0: 0x80001bba (0x00006131) c.addi16sp sp, 320
core   0: 3 0x80001bba (0x6131) x 2 0x00000650
core   0: 0x80001bbc (0x40fa5e33) sra     t3, s4, a5
core   0: 3 0x80001bbc (0x40fa5e33) x28 0xffffffff
core   0: 0x80001bc0 (0x0ff0000f) fence   iorw,iorw
core   0: 3 0x80001bc0 (0x0ff0000f)
core   0: 0x80001bc4 (0x067b4117) auipc   sp, 0x67b4
core   0: 3 0x80001bc4 (0x067b4117) x 2 0x867b5bc4
core   0: 0x80001bc8 (0x0000011d) c.addi  sp, 7
core   0: 3 0x80001bc8 (0x011d) x 2 0x867b5bcb
core   0: 0x80001bca (0x00008652) c.mv    a2, s4
core   0: 3 0x80001bca (0x8652) x12 0xa72ef25e
core   0: 0x80001bcc (0x410b5f93) srai    t6, s6, 16
core   0: 3 0x80001bcc (0x410b5f93) x31 0x00000000
core   0: 0x80001bd0 (0x9da57a93) andi    s5, a0, -1574
core   0: 3 0x80001bd0 (0x9da57a93) x21 0x00000000
core   0: 0x80001bd4 (0x00000e94) c.addi4spn a3, sp, 848
core   0: 3 0x80001bd4 (0x0e94) x13 0x867b5f1b
core   0: 0x80001bd6 (0x4141da93) srai    s5, gp, 20
core   0: 3 0x80001bd6 (0x4141da93) x21 0x00000000
core   0: 0x80001bda (0x41e4d8b3) sra     a7, s1, t5
core   0: 3 0x80001bda (0x41e4d8b3) x17 0x00394000
core   0: 0x80001bde (0x00001384) c.addi4spn s1, sp, 480
core   0: 3 0x80001bde (0x1384) x 9 0x867b5dab
core   0: 0x80001be0 (0x0000e701) c.bnez  a4, pc + 8
core   0: 3 0x80001be0 (0xe701)
core   0: 0x80001be8 (0x00006965) c.lui   s2, 0x19
core   0: 3 0x80001be8 (0x6965) x18 0x00019000
core   0: 0x80001bea (0x012cd913) srli    s2, s9, 18
core   0: 3 0x80001bea (0x012cd913) x18 0x00000000
core   0: 0x80001bee (0x02d16fb3) rem     t6, sp, a3
core   0: 3 0x80001bee (0x02d16fb3) x31 0xfffffcb0
core   0: 0x80001bf2 (0x0000c981) c.beqz  a1, pc + 16
core   0: 3 0x80001bf2 (0xc981)
core   0: 0x80001c02 (0x0039a3b3) slt     t2, s3, gp
core   0: 3 0x80001c02 (0x0039a3b3) x 7 0x00000000
core   0: 0x80001c06 (0x0049d933) srl     s2, s3, tp
core   0: 3 0x80001c06 (0x0049d933) x18 0x00000000
core   0: 0x80001c0a (0x00000da9) c.addi  s11, 10
core   0: 3 0x80001c0a (0x0da9) x27 0x00000008
core   0: 0x80001c0c (0x0000100f) fence.i
core   0: 3 0x80001c0c (0x0000100f)
core   0: 0x80001c10 (0x01a09a63) bne     ra, s10, pc + 20
core   0: 3 0x80001c10 (0x01a09a63)
core   0: 0x80001c24 (0x03b584b3) mul     s1, a1, s11
core   0: 3 0x80001c24 (0x03b584b3) x 9 0x00000000
core   0: 0x80001c28 (0x00008c5d) c.or    s0, a5
core   0: 3 0x80001c28 (0x8c5d) x 8 0xffffffff
core   0: 0x80001c2a (0x00000746) c.slli  a4, 17
core   0: 3 0x80001c2a (0x0746) x14 0x72f20000
core   0: 0x80001c2c (0x034f8ab3) mul     s5, t6, s4
core   0: 3 0x80001c2c (0x034f8ab3) x21 0x347d28a0
core   0: 0x80001c30 (0x4036d893) srai    a7, a3, 3
core   0: 3 0x80001c30 (0x4036d893) x17 0xf0cf6be3
core   0: 0x80001c34 (0x403286b3) sub     a3, t0, gp
core   0: 3 0x80001c34 (0x403286b3) x13 0xfffffff6
core   0: 0x80001c38 (0xa92b7c93) andi    s9, s6, -1390
core   0: 3 0x80001c38 (0xa92b7c93) x25 0x00000000
core   0: 0x80001c3c (0x01cf5e93) srli    t4, t5, 28
core   0: 3 0x80001c3c (0x01cf5e93) x29 0x00000000
core   0: 0x80001c40 (0x000098fd) c.andi  s1, -1
core   0: 3 0x80001c40 (0x98fd) x 9 0x00000000
core   0: 0x80001c42 (0x01a81b93) slli    s7, a6, 26
core   0: 3 0x80001c42 (0x01a81b93) x23 0x90000000
core   0: 0x80001c46 (0x07ab9863) bne     s7, s10, pc + 112
core   0: 3 0x80001c46 (0x07ab9863)
core   0: 0x80001cb6 (0x00cfef63) bltu    t6, a2, pc + 30
core   0: 3 0x80001cb6 (0x00cfef63)
core   0: 0x80001cba (0x01650733) add     a4, a0, s6
core   0: 3 0x80001cba (0x01650733) x14 0x00000000
core   0: 0x80001cbe (0x006ed513) srli    a0, t4, 6
core   0: 3 0x80001cbe (0x006ed513) x10 0x00000000
core   0: 0x80001cc2 (0x0035dc33) srl     s8, a1, gp
core   0: 3 0x80001cc2 (0x0035dc33) x24 0x00000000
core   0: 0x80001cc6 (0x00000001) c.nop
core   0: 3 0x80001cc6 (0x0001)
core   0: 0x80001cc8 (0x410a0033) sub     zero, s4, a6
core   0: 3 0x80001cc8 (0x410a0033)
core   0: 0x80001ccc (0xc41210b7) lui     ra, 0xc4121
core   0: 3 0x80001ccc (0xc41210b7) x 1 0xc4121000
core   0: 0x80001cd0 (0x00d2b2b3) sltu    t0, t0, a3
core   0: 3 0x80001cd0 (0x00d2b2b3) x 5 0x00000000
core   0: 0x80001cd4 (0x0335db63) bge     a1, s3, pc + 54
core   0: 3 0x80001cd4 (0x0335db63)
core   0: 0x80001d0a (0x8ac50413) addi    s0, a0, -1876
core   0: 3 0x80001d0a (0x8ac50413) x 8 0xfffff8ac
core   0: 0x80001d0e (0x039f1533) mulh    a0, t5, s9
core   0: 3 0x80001d0e (0x039f1533) x10 0x00000000
core   0: 0x80001d12 (0x00000001) c.nop
core   0: 3 0x80001d12 (0x0001)
core   0: 0x80001d14 (0x0215cd33) div     s10, a1, ra
core   0: 3 0x80001d14 (0x0215cd33) x26 0x00000000
core   0: 0x80001d18 (0x41e80c33) sub     s8, a6, t5
core   0: 3 0x80001d18 (0x41e80c33) x24 0x80026ce1
core   0: 0x80001d1c (0x03b3f563) bgeu    t2, s11, pc + 42
core   0: 3 0x80001d1c (0x03b3f563)
core   0: 0x80001d20 (0x0000c991) c.beqz  a1, pc + 20
core   0: 3 0x80001d20 (0xc991)
core   0: 0x80001d34 (0x00008ad1) c.andi  a3, 20
core   0: 3 0x80001d34 (0x8ad1) x13 0x00000014
core   0: 0x80001d36 (0x40b00233) sub     tp, zero, a1
core   0: 3 0x80001d36 (0x40b00233) x 4 0x00000000
core   0: 0x80001d3a (0x4090ddb3) sra     s11, ra, s1
core   0: 3 0x80001d3a (0x4090ddb3) x27 0xc4121000
core   0: 0x80001d3e (0x02ffa233) mulhsu  tp, t6, a5
core   0: 3 0x80001d3e (0x02ffa233) x 4 0xfffffcb0
core   0: 0x80001d42 (0x03ab7663) bgeu    s6, s10, pc + 44
core   0: 3 0x80001d42 (0x03ab7663)
core   0: 0x80001d6e (0x02b60ab3) mul     s5, a2, a1
core   0: 3 0x80001d6e (0x02b60ab3) x21 0x00000000
core   0: 0x80001d72 (0x00000001) c.nop
core   0: 3 0x80001d72 (0x0001)
core   0: 0x80001d74 (0x00008f46) c.mv    t5, a7
core   0: 3 0x80001d74 (0x8f46) x30 0xf0cf6be3
core   0: 0x80001d76 (0x00008da9) c.xor   a1, a0
core   0: 3 0x80001d76 (0x8da9) x11 0x00000000
core   0: 0x80001d78 (0x0314dab3) divu    s5, s1, a7
core   0: 3 0x80001d78 (0x0314dab3) x21 0x00000000
core   0: 0x80001d7c (0x000085c1) c.srai  a1, 16
core   0: 3 0x80001d7c (0x85c1) x11 0x00000000
core   0: 0x80001d7e (0x00008c41) c.or    s0, s0
core   0: 3 0x80001d7e (0x8c41) x 8 0xfffff8ac
core   0: 0x80001d80 (0x00001c7d) c.addi  s8, -1
core   0: 3 0x80001d80 (0x1c7d) x24 0x80026ce0
core   0: 0x80001d82 (0x00000fcd) c.addi  t6, 19
core   0: 3 0x80001d82 (0x0fcd) x31 0xfffffcc3
core   0: 0x80001d84 (0xdf982493) slti    s1, a6, -519
core   0: 3 0x80001d84 (0xdf982493) x 9 0x00000001
core   0: 0x80001d88 (0x01a00fb3) add     t6, zero, s10
core   0: 3 0x80001d88 (0x01a00fb3) x31 0x00000000
core   0: 0x80001d8c (0x0000618d) c.lui   gp, 0x3
core   0: 3 0x80001d8c (0x618d) x 3 0x00003000
core   0: 0x80001d8e (0x03b16263) bltu    sp, s11, pc + 36
core   0: 3 0x80001d8e (0x03b16263)
core   0: 0x80001db2 (0x0000c609) c.beqz  a2, pc + 10
core   0: 3 0x80001db2 (0xc609)
core   0: 0x80001db4 (0x00d917b3) sll     a5, s2, a3
core   0: 3 0x80001db4 (0x00d917b3) x15 0x00000000
core   0: 0x80001db8 (0x01649893) slli    a7, s1, 22
core   0: 3 0x80001db8 (0x01649893) x17 0x00400000
core   0: 0x80001dbc (0x02065a63) bgez    a2, pc + 52
core   0: 3 0x80001dbc (0x02065a63)
core   0: 0x80001dc0 (0x0000100f) fence.i
core   0: 3 0x80001dc0 (0x0000100f)
core   0: 0x80001dc4 (0x02037db3) remu    s11, t1, zero
core   0: 3 0x80001dc4 (0x02037db3) x27 0x80022e64
core   0: 0x80001dc8 (0x00008edd) c.or    a3, a5
core   0: 3 0x80001dc8 (0x8edd) x13 0x00000014
core   0: 0x80001dca (0x03c94c33) div     s8, s2, t3
core   0: 3 0x80001dca (0x03c94c33) x24 0x00000000
core   0: 0x80001dce (0x003a07b3) add     a5, s4, gp
core   0: 3 0x80001dce (0x003a07b3) x15 0xa72f225e
core   0: 0x80001dd2 (0x6757f013) andi    zero, a5, 1653
core   0: 3 0x80001dd2 (0x6757f013)
core   0: 0x80001dd6 (0x013a0433) add     s0, s4, s3
core   0: 3 0x80001dd6 (0x013a0433) x 8 0xa72ef25e
core   0: 0x80001dda (0xc34bac13) slti    s8, s7, -972
core   0: 3 0x80001dda (0xc34bac13) x24 0x00000001
core   0: 0x80001dde (0x01da9293) slli    t0, s5, 29
core   0: 3 0x80001dde (0x01da9293) x 5 0x00000000
core   0: 0x80001de2 (0x034cc6b3) div     a3, s9, s4
core   0: 3 0x80001de2 (0x034cc6b3) x13 0x00000000
core   0: 0x80001de6 (0x011d3133) sltu    sp, s10, a7
core   0: 3 0x80001de6 (0x011d3133) x 2 0x00000001
core   0: 0x80001dea (0x02192533) mulhsu  a0, s2, ra
core   0: 3 0x80001dea (0x02192533) x10 0x00000000
core   0: 0x80001dee (0x000085f5) c.srai  a1, 29
core   0: 3 0x80001dee (0x85f5) x11 0x00000000
core   0: 0x80001df0 (0x00008dad) c.xor   a1, a1
core   0: 3 0x80001df0 (0x8dad) x11 0x00000000
core   0: 0x80001df2 (0x00008dd1) c.or    a1, a2
core   0: 3 0x80001df2 (0x8dd1) x11 0xa72ef25e
core   0: 0x80001df4 (0x3eeb4713) xori    a4, s6, 1006
core   0: 3 0x80001df4 (0x3eeb4713) x14 0x000003ee
core   0: 0x80001df8 (0x00008f55) c.or    a4, a3
core   0: 3 0x80001df8 (0x8f55) x14 0x000003ee
core   0: 0x80001dfa (0x034e9133) mulh    sp, t4, s4
core   0: 3 0x80001dfa (0x034e9133) x 2 0x00000000
core   0: 0x80001dfe (0x00008c95) c.sub   s1, a3
core   0: 3 0x80001dfe (0x8c95) x 9 0x00000001
core   0: 0x80001e00 (0x11e4f793) andi    a5, s1, 286
core   0: 3 0x80001e00 (0x11e4f793) x15 0x00000000
core   0: 0x80001e04 (0x00001f08) c.addi4spn a0, sp, 944
core   0: 3 0x80001e04 (0x1f08) x10 0x000003b0
core   0: 0x80001e06 (0xdd5b6f13) ori     t5, s6, -555
core   0: 3 0x80001e06 (0xdd5b6f13) x30 0xfffffdd5
core   0: 0x80001e0a (0x0000b733) sltu    a4, ra, zero
core   0: 3 0x80001e0a (0x0000b733) x14 0x00000000
core   0: 0x80001e0e (0x00496b63) bltu    s2, tp, pc + 22
core   0: 3 0x80001e0e (0x00496b63)
core   0: 0x80001e24 (0x0158cbb3) xor     s7, a7, s5
core   0: 3 0x80001e24 (0x0158cbb3) x23 0x00400000
core   0: 0x80001e28 (0x0000974e) c.add   a4, s3
core   0: 3 0x80001e28 (0x974e) x14 0x00000000
core   0: 0x80001e2a (0x00009a8e) c.add   s5, gp
core   0: 3 0x80001e2a (0x9a8e) x21 0x00003000
core   0: 0x80001e2c (0x0000008a) c.slli  ra, 2
core   0: 3 0x80001e2c (0x008a) x 1 0x10484000
core   0: 0x80001e2e (0x022cb933) mulhu   s2, s9, sp
core   0: 3 0x80001e2e (0x022cb933) x18 0x00000000
core   0: 0x80001e32 (0x03bff1b3) remu    gp, t6, s11
core   0: 3 0x80001e32 (0x03bff1b3) x 3 0x00000000
core   0: 0x80001e36 (0x0000e68d) c.bnez  a3, pc + 42
core   0: 3 0x80001e36 (0xe68d)
core   0: 0x80001e38 (0x7ffae113) ori     sp, s5, 2047
core   0: 3 0x80001e38 (0x7ffae113) x 2 0x000037ff
core   0: 0x80001e3c (0x01930133) add     sp, t1, s9
core   0: 3 0x80001e3c (0x01930133) x 2 0x80022e64
core   0: 0x80001e40 (0x009fe3b3) or      t2, t6, s1
core   0: 3 0x80001e40 (0x009fe3b3) x 7 0x00000001
core   0: 0x80001e44 (0xe9816293) ori     t0, sp, -360
core   0: 3 0x80001e44 (0xe9816293) x 5 0xfffffefc
core   0: 0x80001e48 (0x0000812a) c.mv    sp, a0
core   0: 3 0x80001e48 (0x812a) x 2 0x000003b0
core   0: 0x80001e4a (0x021f0e33) mul     t3, t5, ra
core   0: 3 0x80001e4a (0x021f0e33) x28 0xb35d4000
core   0: 0x80001e4e (0x001ba133) slt     sp, s7, ra
core   0: 3 0x80001e4e (0x001ba133) x 2 0x00000001
core   0: 0x80001e52 (0x415f8933) sub     s2, t6, s5
core   0: 3 0x80001e52 (0x415f8933) x18 0xffffd000
core   0: 0x80001e56 (0x0000e999) c.bnez  a1, pc + 22
core   0: 3 0x80001e56 (0xe999)
core   0: 0x80001e6c (0x00008765) c.srai  a4, 25
core   0: 3 0x80001e6c (0x8765) x14 0x00000000
core   0: 0x80001e6e (0x412d5f33) sra     t5, s10, s2
core   0: 3 0x80001e6e (0x412d5f33) x30 0x00000000
core   0: 0x80001e72 (0x00008435) c.srai  s0, 13
core   0: 3 0x80001e72 (0x8435) x 8 0xfffd3977
core   0: 0x80001e74 (0x0000ee85) c.bnez  a3, pc + 56
core   0: 3 0x80001e74 (0xee85)
core   0: 0x80001e76 (0x01306db3) or      s11, zero, s3
core   0: 3 0x80001e76 (0x01306db3) x27 0x00000000
core   0: 0x80001e7a (0x000088e6) c.mv    a7, s9
core   0: 3 0x80001e7a (0x88e6) x17 0x00000000
core   0: 0x80001e7c (0x00b5d0b3) srl     ra, a1, a1
core   0: 3 0x80001e7c (0x00b5d0b3) x 1 0x00000002
core   0: 0x80001e80 (0x01aaa0b3) slt     ra, s5, s10
core   0: 3 0x80001e80 (0x01aaa0b3) x 1 0x00000000
core   0: 0x80001e84 (0x000d9b13) slli    s6, s11, 0
core   0: 3 0x80001e84 (0x000d9b13) x22 0x00000000
core   0: 0x80001e88 (0x00a01233) sll     tp, zero, a0
core   0: 3 0x80001e88 (0x00a01233) x 4 0x00000000
core   0: 0x80001e8c (0x02515433) divu    s0, sp, t0
core   0: 3 0x80001e8c (0x02515433) x 8 0x00000000
core   0: 0x80001e90 (0x404d5613) srai    a2, s10, 4
core   0: 3 0x80001e90 (0x404d5613) x12 0x00000000
core   0: 0x80001e94 (0x010ddeb3) srl     t4, s11, a6
core   0: 3 0x80001e94 (0x010ddeb3) x29 0x00000000
core   0: 0x80001e98 (0x000082a9) c.srli  a3, 10
core   0: 3 0x80001e98 (0x82a9) x13 0x00000000
core   0: 0x80001e9a (0x0277d8b3) divu    a7, a5, t2
core   0: 3 0x80001e9a (0x0277d8b3) x17 0x00000000
core   0: 0x80001e9e (0xa3b97f93) andi    t6, s2, -1477
core   0: 3 0x80001e9e (0xa3b97f93) x31 0xffffd000
core   0: 0x80001ea2 (0x029b0363) beq     s6, s1, pc + 38
core   0: 3 0x80001ea2 (0x029b0363)
core   0: 0x80001ea6 (0x03650fb3) mul     t6, a0, s6
core   0: 3 0x80001ea6 (0x03650fb3) x31 0x00000000
core   0: 0x80001eaa (0x00000001) c.nop
core   0: 3 0x80001eaa (0x0001)
core   0: 0x80001eac (0xbe04fb13) andi    s6, s1, -1056
core   0: 3 0x80001eac (0xbe04fb13) x22 0x00000000
core   0: 0x80001eb0 (0x00008c41) c.or    s0, s0
core   0: 3 0x80001eb0 (0x8c41) x 8 0x00000000
core   0: 0x80001eb2 (0x1c62f713) andi    a4, t0, 454
core   0: 3 0x80001eb2 (0x1c62f713) x14 0x000000c4
core   0: 0x80001eb6 (0x03f87c33) remu    s8, a6, t6
core   0: 3 0x80001eb6 (0x03f87c33) x24 0x80026ce4
core   0: 0x80001eba (0x0ff0000f) fence   iorw,iorw
core   0: 3 0x80001eba (0x0ff0000f)
core   0: 0x80001ebe (0x0110e0b3) or      ra, ra, a7
core   0: 3 0x80001ebe (0x0110e0b3) x 1 0x00000000
core   0: 0x80001ec2 (0x1c99f5b7) lui     a1, 0x1c99f
core   0: 3 0x80001ec2 (0x1c99f5b7) x11 0x1c99f000
core   0: 0x80001ec6 (0x0000eb89) c.bnez  a5, pc + 18
core   0: 3 0x80001ec6 (0xeb89)
core   0: 0x80001ec8 (0x0389c733) div     a4, s3, s8
core   0: 3 0x80001ec8 (0x0389c733) x14 0x00000000
core   0: 0x80001ecc (0xefb26793) ori     a5, tp, -261
core   0: 3 0x80001ecc (0xefb26793) x15 0xfffffefb
core   0: 0x80001ed0 (0x945c2e13) slti    t3, s8, -1723
core   0: 3 0x80001ed0 (0x945c2e13) x28 0x00000001
core   0: 0x80001ed4 (0x003fe1b3) or      gp, t6, gp
core   0: 3 0x80001ed4 (0x003fe1b3) x 3 0x00000000
core   0: 0x80001ed8 (0x01b5ca63) blt     a1, s11, pc + 20
core   0: 3 0x80001ed8 (0x01b5ca63)
core   0: 0x80001edc (0x02f98a63) beq     s3, a5, pc + 52
core   0: 3 0x80001edc (0x02f98a63)
core   0: 0x80001ee0 (0x008406b3) add     a3, s0, s0
core   0: 3 0x80001ee0 (0x008406b3) x13 0x00000000
core   0: 0x80001ee4 (0x00b9d6b3) srl     a3, s3, a1
core   0: 3 0x80001ee4 (0x00b9d6b3) x13 0x00000000
core   0: 0x80001ee8 (0x02b6fab3) remu    s5, a3, a1
core   0: 3 0x80001ee8 (0x02b6fab3) x21 0x00000000
core   0: 0x80001eec (0x014a9c33) sll     s8, s5, s4
core   0: 3 0x80001eec (0x014a9c33) x24 0x00000000
core   0: 0x80001ef0 (0xc26ffa93) andi    s5, t6, -986
core   0: 3 0x80001ef0 (0xc26ffa93) x21 0x00000000
core   0: 0x80001ef4 (0xe08ea013) slti    zero, t4, -504
core   0: 3 0x80001ef4 (0xe08ea013)
core   0: 0x80001ef8 (0x00008999) c.andi  a1, 6
core   0: 3 0x80001ef8 (0x8999) x11 0x00000000
core   0: 0x80001efa (0x00434533) xor     a0, t1, tp
core   0: 3 0x80001efa (0x00434533) x10 0x80022e64
core   0: 0x80001efe (0x031603b3) mul     t2, a2, a7
core   0: 3 0x80001efe (0x031603b3) x 7 0x00000000
core   0: 0x80001f02 (0x0071de93) srli    t4, gp, 7
core   0: 3 0x80001f02 (0x0071de93) x29 0x00000000
core   0: 0x80001f06 (0x00009e9a) c.add   t4, t1
core   0: 3 0x80001f06 (0x9e9a) x29 0x80022e64
core   0: 0x80001f08 (0x03fd1433) mulh    s0, s10, t6
core   0: 3 0x80001f08 (0x03fd1433) x 8 0x00000000
core   0: 0x80001f0c (0xa4ad4113) xori    sp, s10, -1462
core   0: 3 0x80001f0c (0xa4ad4113) x 2 0xfffffa4a
core   0: 0x80001f10 (0x0000882d) c.andi  s0, 11
core   0: 3 0x80001f10 (0x882d) x 8 0x00000000
core   0: 0x80001f12 (0x00008ce2) c.mv    s9, s8
core   0: 3 0x80001f12 (0x8ce2) x25 0x00000000
core   0: 0x80001f14 (0x03c38d33) mul     s10, t2, t3
core   0: 3 0x80001f14 (0x03c38d33) x26 0x00000000
core   0: 0x80001f18 (0x0000100f) fence.i
core   0: 3 0x80001f18 (0x0000100f)
core   0: 0x80001f1c (0x9c3f2f17) auipc   t5, 0x9c3f2
core   0: 3 0x80001f1c (0x9c3f2f17) x30 0x1c3f3f1c
core   0: 0x80001f20 (0x03d1d563) bge     gp, t4, pc + 42
core   0: 3 0x80001f20 (0x03d1d563)
core   0: 0x80001f4a (0x000084e2) c.mv    s1, s8
core   0: 3 0x80001f4a (0x84e2) x 9 0x00000000
core   0: 0x80001f4c (0x415fdd93) srai    s11, t6, 21
core   0: 3 0x80001f4c (0x415fdd93) x27 0x00000000
core   0: 0x80001f50 (0x9ff1f113) andi    sp, gp, -1537
core   0: 3 0x80001f50 (0x9ff1f113) x 2 0x00000000
core   0: 0x80001f54 (0x00fa91b3) sll     gp, s5, a5
core   0: 3 0x80001f54 (0x00fa91b3) x 3 0x00000000
core   0: 0x80001f58 (0x01c8dab3) srl     s5, a7, t3
core   0: 3 0x80001f58 (0x01c8dab3) x21 0x00000000
core   0: 0x80001f5c (0x02af1eb3) mulh    t4, t5, a0
core   0: 3 0x80001f5c (0x02af1eb3) x29 0xf1e09e0e
core   0: 0x80001f60 (0x00008c55) c.or    s0, a3
core   0: 3 0x80001f60 (0x8c55) x 8 0x00000000
core   0: 0x80001f62 (0x01ff44b3) xor     s1, t5, t6
core   0: 3 0x80001f62 (0x01ff44b3) x 9 0x1c3f3f1c
core   0: 0x80001f66 (0x00006211) c.lui   tp, 0x4
core   0: 3 0x80001f66 (0x6211) x 4 0x00004000
core   0: 0x80001f68 (0x3070e393) ori     t2, ra, 775
core   0: 3 0x80001f68 (0x3070e393) x 7 0x00000307
core   0: 0x80001f6c (0x94ee4e93) xori    t4, t3, -1714
core   0: 3 0x80001f6c (0x94ee4e93) x29 0xfffff94f
core   0: 0x80001f70 (0x0000157d) c.addi  a0, -1
core   0: 3 0x80001f70 (0x157d) x10 0x80022e63
core   0: 0x80001f72 (0x407f0033) sub     zero, t5, t2
core   0: 3 0x80001f72 (0x407f0033)
core   0: 0x80001f76 (0x01b43933) sltu    s2, s0, s11
core   0: 3 0x80001f76 (0x01b43933) x18 0x00000000
core   0: 0x80001f7a (0x0000121c) c.addi4spn a5, sp, 288
core   0: 3 0x80001f7a (0x121c) x15 0x00000120
core   0: 0x80001f7c (0xbba50013) addi    zero, a0, -1094
core   0: 3 0x80001f7c (0xbba50013)
core   0: 0x80001f80 (0x0000874d) c.srai  a4, 19
core   0: 3 0x80001f80 (0x874d) x14 0x00000000
core   0: 0x80001f82 (0x0000997d) c.andi  a0, -1
core   0: 3 0x80001f82 (0x997d) x10 0x80022e63
core   0: 0x80001f84 (0x9eb17113) andi    sp, sp, -1557
core   0: 3 0x80001f84 (0x9eb17113) x 2 0x00000000
core   0: 0x80001f88 (0x2c9ae393) ori     t2, s5, 713
core   0: 3 0x80001f88 (0x2c9ae393) x 7 0x000002c9
core   0: 0x80001f8c (0x00425413) srli    s0, tp, 4
core   0: 3 0x80001f8c (0x00425413) x 8 0x00000400
core   0: 0x80001f90 (0x02502ab3) mulhsu  s5, zero, t0
core   0: 3 0x80001f90 (0x02502ab3) x21 0x00000000
core   0: 0x80001f94 (0x000e0c33) add     s8, t3, zero
core   0: 3 0x80001f94 (0x000e0c33) x24 0x00000001
core   0: 0x80001f98 (0x46d3c693) xori    a3, t2, 1133
core   0: 3 0x80001f98 (0x46d3c693) x13 0x000006a4
core   0: 0x80001f9c (0x00790f63) beq     s2, t2, pc + 30
core   0: 3 0x80001f9c (0x00790f63)
core   0: 0x80001fa0 (0x41585933) sra     s2, a6, s5
core   0: 3 0x80001fa0 (0x41585933) x18 0x80026ce4
core   0: 0x80001fa4 (0x00004589) c.li    a1, 2
core   0: 3 0x80001fa4 (0x4589) x11 0x00000002
core   0: 0x80001fa6 (0x0079df13) srli    t5, s3, 7
core   0: 3 0x80001fa6 (0x0079df13) x30 0x00000000
core   0: 0x80001faa (0x02e86b63) bltu    a6, a4, pc + 54
core   0: 3 0x80001faa (0x02e86b63)
core   0: 0x80001fae (0x01ae0033) add     zero, t3, s10
core   0: 3 0x80001fae (0x01ae0033)
core   0: 0x80001fb2 (0x037bc0b3) div     ra, s7, s7
core   0: 3 0x80001fb2 (0x037bc0b3) x 1 0x00000001
core   0: 0x80001fb6 (0x03c4eb33) rem     s6, s1, t3
core   0: 3 0x80001fb6 (0x03c4eb33) x22 0x00000000
core   0: 0x80001fba (0x00009b46) c.add   s6, a7
core   0: 3 0x80001fba (0x9b46) x22 0x00000000
core   0: 0x80001fbc (0x00008c61) c.and   s0, s0
core   0: 3 0x80001fbc (0x8c61) x 8 0x00000400
core   0: 0x80001fbe (0x03b6b933) mulhu   s2, a3, s11
core   0: 3 0x80001fbe (0x03b6b933) x18 0x00000000
core   0: 0x80001fc2 (0x0000997d) c.andi  a0, -1
core   0: 3 0x80001fc2 (0x997d) x10 0x80022e63
core   0: 0x80001fc4 (0x00006dc5) c.lui   s11, 0x11
core   0: 3 0x80001fc4 (0x6dc5) x27 0x00011000
core   0: 0x80001fc6 (0x005d1733) sll     a4, s10, t0
core   0: 3 0x80001fc6 (0x005d1733) x14 0x00000000
core   0: 0x80001fca (0xe8190693) addi    a3, s2, -383
core   0: 3 0x80001fca (0xe8190693) x13 0xfffffe81
core   0: 0x80001fce (0xcb308593) addi    a1, ra, -845
core   0: 3 0x80001fce (0xcb308593) x11 0xfffffcb4
core   0: 0x80001fd2 (0x561c72b7) lui     t0, 0x561c7
core   0: 3 0x80001fd2 (0x561c72b7) x 5 0x561c7000
core   0: 0x80001fd6 (0x0299beb3) mulhu   t4, s3, s1
core   0: 3 0x80001fd6 (0x0299beb3) x29 0x00000000
core   0: 0x80001fda (0x00a2d533) srl     a0, t0, a0
core   0: 3 0x80001fda (0x00a2d533) x10 0x0ac38e00
core   0: 0x80001fde (0x00005d7d) c.li    s10, -1
core   0: 3 0x80001fde (0x5d7d) x26 0xffffffff
core   0: 0x80001fe0 (0x40478633) sub     a2, a5, tp
core   0: 3 0x80001fe0 (0x40478633) x12 0xffffc120
core   0: 0x80001fe4 (0x009d7363) bgeu    s10, s1, pc + 6
core   0: 3 0x80001fe4 (0x009d7363)
core   0: 0x80001fea (0x02801733) mulh    a4, zero, s0
core   0: 3 0x80001fea (0x02801733) x14 0x00000000
core   0: 0x80001fee (0x00481e63) bne     a6, tp, pc + 28
core   0: 3 0x80001fee (0x00481e63)
core   0: 0x8000200a (0x02fddb33) divu    s6, s11, a5
core   0: 3 0x8000200a (0x02fddb33) x22 0x000000f1
core   0: 0x8000200e (0x0000eb11) c.bnez  a4, pc + 20
core   0: 3 0x8000200e (0xeb11)
core   0: 0x80002010 (0x0ff0000f) fence   iorw,iorw
core   0: 3 0x80002010 (0x0ff0000f)
core   0: 0x80002014 (0x8bda3597) auipc   a1, 0x8bda3
core   0: 3 0x80002014 (0x8bda3597) x11 0x0bda5014
core   0: 0x80002018 (0x03c56b33) rem     s6, a0, t3
core   0: 3 0x80002018 (0x03c56b33) x22 0x00000000
core   0: 0x8000201c (0x037292b3) mulh    t0, t0, s7
core   0: 3 0x8000201c (0x037292b3) x 5 0x0015871c
core   0: 0x80002020 (0x00008ce9) c.and   s1, a0
core   0: 3 0x80002020 (0x8ce9) x 9 0x08030e00
core   0: 0x80002022 (0x00000f5d) c.addi  t5, 23
core   0: 3 0x80002022 (0x0f5d) x30 0x00000017
core   0: 0x80002024 (0x009abc33) sltu    s8, s5, s1
core   0: 3 0x80002024 (0x009abc33) x24 0x00000001
core   0: 0x80002028 (0x00008e49) c.or    a2, a0
core   0: 3 0x80002028 (0x8e49) x12 0xffffcf20
core   0: 0x8000202a (0x0000147d) c.addi  s0, -1
core   0: 3 0x8000202a (0x147d) x 8 0x000003ff
core   0: 0x8000202c (0x00008eed) c.and   a3, a1
core   0: 3 0x8000202c (0x8eed) x13 0x0bda5000
core   0: 0x8000202e (0x0ff0000f) fence   iorw,iorw
core   0: 3 0x8000202e (0x0ff0000f)
core   0: 0x80002032 (0x0000100f) fence.i
core   0: 3 0x80002032 (0x0000100f)
core   0: 0x80002036 (0x02d1a633) mulhsu  a2, gp, a3
core   0: 3 0x80002036 (0x02d1a633) x12 0x00000000
core   0: 0x8000203a (0x0000e781) c.bnez  a5, pc + 8
core   0: 3 0x8000203a (0xe781)
core   0: 0x80002042 (0x00008af9) c.andi  a3, 30
core   0: 3 0x80002042 (0x8af9) x13 0x00000000
core   0: 0x80002044 (0x00000001) c.nop
core   0: 3 0x80002044 (0x0001)
core   0: 0x80002046 (0x0ff0000f) fence   iorw,iorw
core   0: 3 0x80002046 (0x0ff0000f)
core   0: 0x8000204a (0x00008319) c.srli  a4, 6
core   0: 3 0x8000204a (0x8319) x14 0x00000000
core   0: 0x8000204c (0xfc6e7493) andi    s1, t3, -58
core   0: 3 0x8000204c (0xfc6e7493) x 9 0x00000000
core   0: 0x80002050 (0xff900513) li      a0, -7
core   0: 3 0x80002050 (0xff900513) x10 0xfffffff9
core   0: 0x80002054 (0x414b00b7) lui     ra, 0x414b0
core   0: 3 0x80002054 (0x414b00b7) x 1 0x414b0000
core   0: 0x80002058 (0x0000100f) fence.i
core   0: 3 0x80002058 (0x0000100f)
core   0: 0x8000205c (0x00000001) c.nop
core   0: 3 0x8000205c (0x0001)
core   0: 0x8000205e (0x3539a613) slti    a2, s3, 851
core   0: 3 0x8000205e (0x3539a613) x12 0x00000001
core   0: 0x80002062 (0x406803b3) sub     t2, a6, t1
core   0: 3 0x80002062 (0x406803b3) x 7 0x00003e80
core   0: 0x80002066 (0x021618b3) mulh    a7, a2, ra
core   0: 3 0x80002066 (0x021618b3) x17 0x00000000
core   0: 0x8000206a (0x000c4d33) xor     s10, s8, zero
core   0: 3 0x8000206a (0x000c4d33) x26 0x00000001
core   0: 0x8000206e (0x4194d0b3) sra     ra, s1, s9
core   0: 3 0x8000206e (0x4194d0b3) x 1 0x00000000
core   0: 0x80002072 (0x014e25b3) slt     a1, t3, s4
core   0: 3 0x80002072 (0x014e25b3) x11 0x00000000
core   0: 0x80002076 (0x0303b633) mulhu   a2, t2, a6
core   0: 3 0x80002076 (0x0303b633) x12 0x00001f40
core   0: 0x8000207a (0x00036233) or      tp, t1, zero
core   0: 3 0x8000207a (0x00036233) x 4 0x80022e64
core   0: 0x8000207e (0x0000051d) c.addi  a0, 7
core   0: 3 0x8000207e (0x051d) x10 0x00000000
core   0: 0x80002080 (0x00fd21b3) slt     gp, s10, a5
core   0: 3 0x80002080 (0x00fd21b3) x 3 0x00000001
core   0: 0x80002084 (0x00200e13) li      t3, 2
core   0: 3 0x80002084 (0x00200e13) x28 0x00000002
core   0: 0x80002088 (0xff300293) li      t0, -13
core   0: 3 0x80002088 (0xff300293) x 5 0xfffffff3
core   0: 0x8000208c (0x00000001) c.nop
core   0: 3 0x8000208c (0x0001)
core   0: 0x8000208e (0x000086f1) c.srai  a3, 28
core   0: 3 0x8000208e (0x86f1) x13 0x00000000
core   0: 0x80002090 (0x40978fb3) sub     t6, a5, s1
core   0: 3 0x80002090 (0x40978fb3) x31 0x00000120
core   0: 0x80002094 (0x01c891b3) sll     gp, a7, t3
core   0: 3 0x80002094 (0x01c891b3) x 3 0x00000000
core   0: 0x80002098 (0x000088b6) c.mv    a7, a3
core   0: 3 0x80002098 (0x88b6) x17 0x00000000
core   0: 0x8000209a (0x0000987d) c.andi  s0, -1
core   0: 3 0x8000209a (0x987d) x 8 0x000003ff
core   0: 0x8000209c (0x00001e6d) c.addi  t3, -5
core   0: 3 0x8000209c (0x1e6d) x28 0xfffffffd
core   0: 0x8000209e (0x00000001) c.nop
core   0: 3 0x8000209e (0x0001)
core   0: 0x800020a0 (0xfe5e1de3) bne     t3, t0, pc - 6
core   0: 3 0x800020a0 (0xfe5e1de3)
core   0: 0x8000209a (0x0000987d) c.andi  s0, -1
core   0: 3 0x8000209a (0x987d) x 8 0x000003ff
core   0: 0x8000209c (0x00001e6d) c.addi  t3, -5
core   0: 3 0x8000209c (0x1e6d) x28 0xfffffff8
core   0: 0x8000209e (0x00000001) c.nop
core   0: 3 0x8000209e (0x0001)
core   0: 0x800020a0 (0xfe5e1de3) bne     t3, t0, pc - 6
core   0: 3 0x800020a0 (0xfe5e1de3)
core   0: 0x8000209a (0x0000987d) c.andi  s0, -1
core   0: 3 0x8000209a (0x987d) x 8 0x000003ff
core   0: 0x8000209c (0x00001e6d) c.addi  t3, -5
core   0: 3 0x8000209c (0x1e6d) x28 0xfffffff3
core   0: 0x8000209e (0x00000001) c.nop
core   0: 3 0x8000209e (0x0001)
core   0: 0x800020a0 (0xfe5e1de3) bne     t3, t0, pc - 6
core   0: 3 0x800020a0 (0xfe5e1de3)
core   0: 0x800020a4 (0x02f98f33) mul     t5, s3, a5
core   0: 3 0x800020a4 (0x02f98f33) x30 0x00000000
core   0: 0x800020a8 (0x41100c33) sub     s8, zero, a7
core   0: 3 0x800020a8 (0x41100c33) x24 0x00000000
core   0: 0x800020ac (0x0000d569) c.beqz  a0, pc - 54
core   0: 3 0x800020ac (0xd569)
core   0: 0x80002076 (0x0303b633) mulhu   a2, t2, a6
core   0: 3 0x80002076 (0x0303b633) x12 0x00001f40
core   0: 0x8000207a (0x00036233) or      tp, t1, zero
core   0: 3 0x8000207a (0x00036233) x 4 0x80022e64
core   0: 0x8000207e (0x0000051d) c.addi  a0, 7
core   0: 3 0x8000207e (0x051d) x10 0x00000007
core   0: 0x80002080 (0x00fd21b3) slt     gp, s10, a5
core   0: 3 0x80002080 (0x00fd21b3) x 3 0x00000001
core   0: 0x80002084 (0x00200e13) li      t3, 2
core   0: 3 0x80002084 (0x00200e13) x28 0x00000002
core   0: 0x80002088 (0xff300293) li      t0, -13
core   0: 3 0x80002088 (0xff300293) x 5 0xfffffff3
core   0: 0x8000208c (0x00000001) c.nop
core   0: 3 0x8000208c (0x0001)
core   0: 0x8000208e (0x000086f1) c.srai  a3, 28
core   0: 3 0x8000208e (0x86f1) x13 0x00000000
core   0: 0x80002090 (0x40978fb3) sub     t6, a5, s1
core   0: 3 0x80002090 (0x40978fb3) x31 0x00000120
core   0: 0x80002094 (0x01c891b3) sll     gp, a7, t3
core   0: 3 0x80002094 (0x01c891b3) x 3 0x00000000
core   0: 0x80002098 (0x000088b6) c.mv    a7, a3
core   0: 3 0x80002098 (0x88b6) x17 0x00000000
core   0: 0x8000209a (0x0000987d) c.andi  s0, -1
core   0: 3 0x8000209a (0x987d) x 8 0x000003ff
core   0: 0x8000209c (0x00001e6d) c.addi  t3, -5
core   0: 3 0x8000209c (0x1e6d) x28 0xfffffffd
core   0: 0x8000209e (0x00000001) c.nop
core   0: 3 0x8000209e (0x0001)
core   0: 0x800020a0 (0xfe5e1de3) bne     t3, t0, pc - 6
core   0: 3 0x800020a0 (0xfe5e1de3)
core   0: 0x8000209a (0x0000987d) c.andi  s0, -1
core   0: 3 0x8000209a (0x987d) x 8 0x000003ff
core   0: 0x8000209c (0x00001e6d) c.addi  t3, -5
core   0: 3 0x8000209c (0x1e6d) x28 0xfffffff8
core   0: 0x8000209e (0x00000001) c.nop
core   0: 3 0x8000209e (0x0001)
core   0: 0x800020a0 (0xfe5e1de3) bne     t3, t0, pc - 6
core   0: 3 0x800020a0 (0xfe5e1de3)
core   0: 0x8000209a (0x0000987d) c.andi  s0, -1
core   0: 3 0x8000209a (0x987d) x 8 0x000003ff
core   0: 0x8000209c (0x00001e6d) c.addi  t3, -5
core   0: 3 0x8000209c (0x1e6d) x28 0xfffffff3
core   0: 0x8000209e (0x00000001) c.nop
core   0: 3 0x8000209e (0x0001)
core   0: 0x800020a0 (0xfe5e1de3) bne     t3, t0, pc - 6
core   0: 3 0x800020a0 (0xfe5e1de3)
core   0: 0x800020a4 (0x02f98f33) mul     t5, s3, a5
core   0: 3 0x800020a4 (0x02f98f33) x30 0x00000000
core   0: 0x800020a8 (0x41100c33) sub     s8, zero, a7
core   0: 3 0x800020a8 (0x41100c33) x24 0x00000000
core   0: 0x800020ac (0x0000d569) c.beqz  a0, pc - 54
core   0: 3 0x800020ac (0xd569)
core   0: 0x800020ae (0x6f2b6c13) ori     s8, s6, 1778
core   0: 3 0x800020ae (0x6f2b6c13) x24 0x000006f2
core   0: 0x800020b2 (0x061f7163) bgeu    t5, ra, pc + 98
core   0: 3 0x800020b2 (0x061f7163)
core   0: 0x80002114 (0x000086c1) c.srai  a3, 16
core   0: 3 0x80002114 (0x86c1) x13 0x00000000
core   0: 0x80002116 (0x01a31b13) slli    s6, t1, 26
core   0: 3 0x80002116 (0x01a31b13) x22 0x90000000
core   0: 0x8000211a (0x28adbf13) sltiu   t5, s11, 650
core   0: 3 0x8000211a (0x28adbf13) x30 0x00000000
core   0: 0x8000211e (0x0000869d) c.srai  a3, 7
core   0: 3 0x8000211e (0x869d) x13 0x00000000
core   0: 0x80002120 (0x00008f69) c.and   a4, a0
core   0: 3 0x80002120 (0x8f69) x14 0x00000000
core   0: 0x80002122 (0x0000871e) c.mv    a4, t2
core   0: 3 0x80002122 (0x871e) x14 0x00003e80
core   0: 0x80002124 (0x00008c59) c.or    s0, a4
core   0: 3 0x80002124 (0x8c59) x 8 0x00003fff
core   0: 0x80002126 (0x00008786) c.mv    a5, ra
core   0: 3 0x80002126 (0x8786) x15 0x00000000
core   0: 0x80002128 (0x029378b3) remu    a7, t1, s1
core   0: 3 0x80002128 (0x029378b3) x17 0x80022e64
core   0: 0x8000212c (0x0000c885) c.beqz  s1, pc + 48
core   0: 3 0x8000212c (0xc885)
core   0: 0x8000215c (0x02d8a4b3) mulhsu  s1, a7, a3
core   0: 3 0x8000215c (0x02d8a4b3) x 9 0x00000000
core   0: 0x80002160 (0x02461c33) mulh    s8, a2, tp
core   0: 3 0x80002160 (0x02461c33) x24 0xfffff060
core   0: 0x80002164 (0x010a16b3) sll     a3, s4, a6
core   0: 3 0x80002164 (0x010a16b3) x13 0x72ef25e0
core   0: 0x80002168 (0x4061dab3) sra     s5, gp, t1
core   0: 3 0x80002168 (0x4061dab3) x21 0x00000000
core   0: 0x8000216c (0x02fadb33) divu    s6, s5, a5
core   0: 3 0x8000216c (0x02fadb33) x22 0xffffffff
core   0: 0x80002170 (0x0223d263) bge     t2, sp, pc + 36
core   0: 3 0x80002170 (0x0223d263)
core   0: 0x80002194 (0x00154c33) xor     s8, a0, ra
core   0: 3 0x80002194 (0x00154c33) x24 0x00000007
core   0: 0x80002198 (0x00008331) c.srli  a4, 12
core   0: 3 0x80002198 (0x8331) x14 0x00000003
core   0: 0x8000219a (0x16cd6f37) lui     t5, 0x16cd6
core   0: 3 0x8000219a (0x16cd6f37) x30 0x16cd6000
core   0: 0x8000219e (0x00db0e33) add     t3, s6, a3
core   0: 3 0x8000219e (0x00db0e33) x28 0x72ef25df
core   0: 0x800021a2 (0x40855fb3) sra     t6, a0, s0
core   0: 3 0x800021a2 (0x40855fb3) x31 0x00000000
core   0: 0x800021a6 (0x03bc6363) bltu    s8, s11, pc + 38
core   0: 3 0x800021a6 (0x03bc6363)
core   0: 0x800021cc (0x00879363) bne     a5, s0, pc + 6
core   0: 3 0x800021cc (0x00879363)
core   0: 0x800021d2 (0x009e7bb3) and     s7, t3, s1
core   0: 3 0x800021d2 (0x009e7bb3) x23 0x00000000
core   0: 0x800021d6 (0x00cc88b3) add     a7, s9, a2
core   0: 3 0x800021d6 (0x00cc88b3) x17 0x00001f40
core   0: 0x800021da (0x0000717d) c.addi16sp sp, -16
core   0: 3 0x800021da (0x717d) x 2 0xfffffff0
core   0: 0x800021dc (0x035897b3) mulh    a5, a7, s5
core   0: 3 0x800021dc (0x035897b3) x15 0x00000000
core   0: 0x800021e0 (0x00000001) c.nop
core   0: 3 0x800021e0 (0x0001)
core   0: 0x800021e2 (0x00009c9e) c.add   s9, t2
core   0: 3 0x800021e2 (0x9c9e) x25 0x00003e80
core   0: 0x800021e4 (0x00009e9e) c.add   t4, t2
core   0: 3 0x800021e4 (0x9e9e) x29 0x00003e80
core   0: 0x800021e6 (0x03674eb3) div     t4, a4, s6
core   0: 3 0x800021e6 (0x03674eb3) x29 0xfffffffd
core   0: 0x800021ea (0x5e2ee917) auipc   s2, 0x5e2ee
core   0: 3 0x800021ea (0x5e2ee917) x18 0xde2f01ea
core   0: 0x800021ee (0x00ab1763) bne     s6, a0, pc + 14
core   0: 3 0x800021ee (0x00ab1763)
core   0: 0x800021fc (0x00001e14) c.addi4spn a3, sp, 816
core   0: 3 0x800021fc (0x1e14) x13 0x00000320
core   0: 0x800021fe (0x02235b63) bge     t1, sp, pc + 54
core   0: 3 0x800021fe (0x02235b63)
core   0: 0x80002202 (0xa7062f93) slti    t6, a2, -1424
core   0: 3 0x80002202 (0xa7062f93) x31 0x00000000
core   0: 0x80002206 (0x02e59933) mulh    s2, a1, a4
core   0: 3 0x80002206 (0x02e59933) x18 0x00000000
core   0: 0x8000220a (0x00008f85) c.sub   a5, s1
core   0: 3 0x8000220a (0x8f85) x15 0x00000000
core   0: 0x8000220c (0x00008f35) c.xor   a4, a3
core   0: 3 0x8000220c (0x8f35) x14 0x00000323
core   0: 0x8000220e (0x03aad6b3) divu    a3, s5, s10
core   0: 3 0x8000220e (0x03aad6b3) x13 0x00000000
core   0: 0x80002212 (0x000057fd) c.li    a5, -1
core   0: 3 0x80002212 (0x57fd) x15 0xffffffff
core   0: 0x80002214 (0x401cd493) srai    s1, s9, 1
core   0: 3 0x80002214 (0x401cd493) x 9 0x00001f40
core   0: 0x80002218 (0x01b05b63) bge     zero, s11, pc + 22
core   0: 3 0x80002218 (0x01b05b63)
core   0: 0x8000221c (0x02aa4fb3) div     t6, s4, a0
core   0: 3 0x8000221c (0x02aa4fb3) x31 0xf34fd97c
core   0: 0x80002220 (0x03c55c33) divu    s8, a0, t3
core   0: 3 0x80002220 (0x03c55c33) x24 0x00000000
core   0: 0x80002224 (0x00008b16) c.mv    s6, t0
core   0: 3 0x80002224 (0x8b16) x22 0xfffffff3
core   0: 0x80002226 (0x00977233) and     tp, a4, s1
core   0: 3 0x80002226 (0x00977233) x 4 0x00000300
core   0: 0x8000222a (0x01ebeb63) bltu    s7, t5, pc + 22
core   0: 3 0x8000222a (0x01ebeb63)
core   0: 0x80002240 (0x00001608) c.addi4spn a0, sp, 800
core   0: 3 0x80002240 (0x1608) x10 0x00000310
core   0: 0x80002242 (0x024fe563) bltu    t6, tp, pc + 42
core   0: 3 0x80002242 (0x024fe563)
core   0: 0x80002246 (0x02b703b3) mul     t2, a4, a1
core   0: 3 0x80002246 (0x02b703b3) x 7 0x00000000
core   0: 0x8000224a (0x02937663) bgeu    t1, s1, pc + 44
core   0: 3 0x8000224a (0x02937663)
core   0: 0x80002276 (0x00491f93) slli    t6, s2, 4
core   0: 3 0x80002276 (0x00491f93) x31 0x00000000
core   0: 0x8000227a (0x0000717d) c.addi16sp sp, -16
core   0: 3 0x8000227a (0x717d) x 2 0xffffffe0
core   0: 0x8000227c (0x02a7b0b3) mulhu   ra, a5, a0
core   0: 3 0x8000227c (0x02a7b0b3) x 1 0x0000030f
core   0: 0x80002280 (0x00009cda) c.add   s9, s6
core   0: 3 0x80002280 (0x9cda) x25 0x00003e73
core   0: 0x80002282 (0x01f90663) beq     s2, t6, pc + 12
core   0: 3 0x80002282 (0x01f90663)
core   0: 0x8000228e (0x03859eb3) mulh    t4, a1, s8
core   0: 3 0x8000228e (0x03859eb3) x29 0x00000000
core   0: 0x80002292 (0x0ff0000f) fence   iorw,iorw
core   0: 3 0x80002292 (0x0ff0000f)
core   0: 0x80002296 (0x0000100f) fence.i
core   0: 3 0x80002296 (0x0000100f)
core   0: 0x8000229a (0x000084bd) c.srai  s1, 15
core   0: 3 0x8000229a (0x84bd) x 9 0x00000000
core   0: 0x8000229c (0x0000938e) c.add   t2, gp
core   0: 3 0x8000229c (0x938e) x 7 0x00000000
core   0: 0x8000229e (0xa4ee2a93) slti    s5, t3, -1458
core   0: 3 0x8000229e (0xa4ee2a93) x21 0x00000000
core   0: 0x800022a2 (0x0000915e) c.add   sp, s7
core   0: 3 0x800022a2 (0x915e) x 2 0xffffffe0
core   0: 0x800022a4 (0x2700cb93) xori    s7, ra, 624
core   0: 3 0x800022a4 (0x2700cb93) x23 0x0000017f
core   0: 0x800022a8 (0x0032b133) sltu    sp, t0, gp
core   0: 3 0x800022a8 (0x0032b133) x 2 0x00000000
core   0: 0x800022ac (0x03ae6533) rem     a0, t3, s10
core   0: 3 0x800022ac (0x03ae6533) x10 0x00000000
core   0: 0x800022b0 (0x00da2b33) slt     s6, s4, a3
core   0: 3 0x800022b0 (0x00da2b33) x22 0x00000001
core   0: 0x800022b4 (0x02c34933) div     s2, t1, a2
core   0: 3 0x800022b4 (0x02c34933) x18 0xfffbe77f
core   0: 0x800022b8 (0x02d8d463) bge     a7, a3, pc + 40
core   0: 3 0x800022b8 (0x02d8d463)
core   0: 0x800022e0 (0x011d1e63) bne     s10, a7, pc + 28
core   0: 3 0x800022e0 (0x011d1e63)
core   0: 0x800022fc (0xc53e2f13) slti    t5, t3, -941
core   0: 3 0x800022fc (0xc53e2f13) x30 0x00000000
core   0: 0x80002300 (0x00008c0d) c.sub   s0, a1
core   0: 3 0x80002300 (0x8c0d) x 8 0x00003fff
core   0: 0x80002302 (0x00000485) c.addi  s1, 1
core   0: 3 0x80002302 (0x0485) x 9 0x00000001
core   0: 0x80002304 (0x0000717d) c.addi16sp sp, -16
core   0: 3 0x80002304 (0x717d) x 2 0xfffffff0
core   0: 0x80002306 (0x01eb90b3) sll     ra, s7, t5
core   0: 3 0x80002306 (0x01eb90b3) x 1 0x0000017f
core   0: 0x8000230a (0x0000852e) c.mv    a0, a1
core   0: 3 0x8000230a (0x852e) x10 0x00000000
core   0: 0x8000230c (0x021972b3) remu    t0, s2, ra
core   0: 3 0x8000230c (0x021972b3) x 5 0x00000000
core   0: 0x80002310 (0x03dbec33) rem     s8, s7, t4
core   0: 3 0x80002310 (0x03dbec33) x24 0x0000017f
core   0: 0x80002314 (0xb5f0a893) slti    a7, ra, -1185
core   0: 3 0x80002314 (0xb5f0a893) x17 0x00000000
core   0: 0x80002318 (0x022cf963) bgeu    s9, sp, pc + 50
core   0: 3 0x80002318 (0x022cf963)
core   0: 0x8000231c (0x00008ffd) c.and   a5, a5
core   0: 3 0x8000231c (0x8ffd) x15 0xffffffff
core   0: 0x8000231e (0x00000001) c.nop
core   0: 3 0x8000231e (0x0001)
core   0: 0x80002320 (0x031414b3) mulh    s1, s0, a7
core   0: 3 0x80002320 (0x031414b3) x 9 0x00000000
core   0: 0x80002324 (0x01379533) sll     a0, a5, s3
core   0: 3 0x80002324 (0x01379533) x10 0xffffffff
core   0: 0x80002328 (0x9973b793) sltiu   a5, t2, -1641
core   0: 3 0x80002328 (0x9973b793) x15 0x00000001
core   0: 0x8000232c (0x02d46463) bltu    s0, a3, pc + 40
core   0: 3 0x8000232c (0x02d46463)
core   0: 0x80002330 (0x01601593) slli    a1, zero, 22
core   0: 3 0x80002330 (0x01601593) x11 0x00000000
core   0: 0x80002334 (0x028f3db3) mulhu   s11, t5, s0
core   0: 3 0x80002334 (0x028f3db3) x27 0x00000000
core   0: 0x80002338 (0x0383e233) rem     tp, t2, s8
core   0: 3 0x80002338 (0x0383e233) x 4 0x00000000
core   0: 0x8000233c (0x000006c2) c.slli  a3, 16
core   0: 3 0x8000233c (0x06c2) x13 0x00000000
core   0: 0x8000233e (0x28100c93) li      s9, 641
core   0: 3 0x8000233e (0x28100c93) x25 0x00000281
core   0: 0x80002342 (0x02bbf633) remu    a2, s7, a1
core   0: 3 0x80002342 (0x02bbf633) x12 0x0000017f
core   0: 0x80002346 (0x02265633) divu    a2, a2, sp
core   0: 3 0x80002346 (0x02265633) x12 0x00000000
core   0: 0x8000234a (0xefb81cb7) lui     s9, 0xefb81
core   0: 3 0x8000234a (0xefb81cb7) x25 0xefb81000
core   0: 0x8000234e (0x025fe0b3) rem     ra, t6, t0
core   0: 3 0x8000234e (0x025fe0b3) x 1 0x00000000
core   0: 0x80002352 (0x0000199c) c.addi4spn a5, sp, 240
core   0: 3 0x80002352 (0x199c) x15 0x000000e0
core   0: 0x80002354 (0x0000e515) c.bnez  a0, pc + 44
core   0: 3 0x80002354 (0xe515)
core   0: 0x80002380 (0x00000001) c.nop
core   0: 3 0x80002380 (0x0001)
core   0: 0x80002382 (0xd7733f13) sltiu   t5, t1, -649
core   0: 3 0x80002382 (0xd7733f13) x30 0x00000001
core   0: 0x80002386 (0x0000100f) fence.i
core   0: 3 0x80002386 (0x0000100f)
core   0: 0x8000238a (0x022961b3) rem     gp, s2, sp
core   0: 3 0x8000238a (0x022961b3) x 3 0xffffffff
core   0: 0x8000238e (0x01fe4eb3) xor     t4, t3, t6
core   0: 3 0x8000238e (0x01fe4eb3) x29 0x72ef25df
core   0: 0x80002392 (0x03a98b33) mul     s6, s3, s10
core   0: 3 0x80002392 (0x03a98b33) x22 0x00000000
core   0: 0x80002396 (0x03030633) mul     a2, t1, a6
core   0: 3 0x80002396 (0x03030633) x12 0x4a4b8110
core   0: 0x8000239a (0xedbe3b93) sltiu   s7, t3, -293
core   0: 3 0x8000239a (0xedbe3b93) x23 0x00000001
core   0: 0x8000239e (0x83a9e293) ori     t0, s3, -1990
core   0: 3 0x8000239e (0x83a9e293) x 5 0xfffff83a
core   0: 0x800023a2 (0x0182df63) bge     t0, s8, pc + 30
core   0: 3 0x800023a2 (0x0182df63)
core   0: 0x800023a6 (0x03bca5b3) mulhsu  a1, s9, s11
core   0: 3 0x800023a6 (0x03bca5b3) x11 0x00000000
core   0: 0x800023aa (0x032176b3) remu    a3, sp, s2
core   0: 3 0x800023aa (0x032176b3) x13 0x00041871
core   0: 0x800023ae (0x253db493) sltiu   s1, s11, 595
core   0: 3 0x800023ae (0x253db493) x 9 0x00000001
core   0: 0x800023b2 (0x01699013) slli    zero, s3, 22
core   0: 3 0x800023b2 (0x01699013)
core   0: 0x800023b6 (0x000084ed) c.srai  s1, 27
core   0: 3 0x800023b6 (0x84ed) x 9 0x00000000
core   0: 0x800023b8 (0x024d63b3) rem     t2, s10, tp
core   0: 3 0x800023b8 (0x024d63b3) x 7 0x00000001
core   0: 0x800023bc (0x34133f93) sltiu   t6, t1, 833
core   0: 3 0x800023bc (0x34133f93) x31 0x00000000
core   0: 0x800023c0 (0x010376b3) and     a3, t1, a6
core   0: 3 0x800023c0 (0x010376b3) x13 0x80022c64
core   0: 0x800023c4 (0x00008f91) c.sub   a5, a2
core   0: 3 0x800023c4 (0x8f91) x15 0xb5b47fd0
core   0: 0x800023c6 (0x00008235) c.srli  a2, 13
core   0: 3 0x800023c6 (0x8235) x12 0x0002525c
core   0: 0x800023c8 (0x0000100f) fence.i
core   0: 3 0x800023c8 (0x0000100f)
core   0: 0x800023cc (0x010ced63) bltu    s9, a6, pc + 26
core   0: 3 0x800023cc (0x010ced63)
core   0: 0x800023d0 (0x02c5c2b3) div     t0, a1, a2
core   0: 3 0x800023d0 (0x02c5c2b3) x 5 0x00000000
core   0: 0x800023d4 (0x03c2e033) rem     zero, t0, t3
core   0: 3 0x800023d4 (0x03c2e033)
core   0: 0x800023d8 (0x00205f33) srl     t5, zero, sp
core   0: 3 0x800023d8 (0x00205f33) x30 0x00000000
core   0: 0x800023dc (0x0000012e) c.slli  sp, 11
core   0: 3 0x800023dc (0x012e) x 2 0xffff8000
core   0: 0x800023de (0x01891293) slli    t0, s2, 24
core   0: 3 0x800023de (0x01891293) x 5 0x7f000000
core   0: 0x800023e2 (0x0096c863) blt     a3, s1, pc + 16
core   0: 3 0x800023e2 (0x0096c863)
core   0: 0x800023f2 (0x00000c18) c.addi4spn a4, sp, 528
core   0: 3 0x800023f2 (0x0c18) x14 0xffff8210
core   0: 0x800023f4 (0x402e5713) srai    a4, t3, 2
core   0: 3 0x800023f4 (0x402e5713) x14 0x1cbbc977
core   0: 0x800023f8 (0x0082bdb3) sltu    s11, t0, s0
core   0: 3 0x800023f8 (0x0082bdb3) x27 0x00000000
core   0: 0x800023fc (0x013e5c93) srli    s9, t3, 19
core   0: 3 0x800023fc (0x013e5c93) x25 0x00000e5d
core   0: 0x80002400 (0x409e07b3) sub     a5, t3, s1
core   0: 3 0x80002400 (0x409e07b3) x15 0x72ef25df
core   0: 0x80002404 (0x03d541b3) div     gp, a0, t4
core   0: 3 0x80002404 (0x03d541b3) x 3 0x00000000
core   0: 0x80002408 (0xde590c37) lui     s8, 0xde590
core   0: 3 0x80002408 (0xde590c37) x24 0xde590000
core   0: 0x8000240c (0x01c33433) sltu    s0, t1, t3
core   0: 3 0x8000240c (0x01c33433) x 8 0x00000000
core   0: 0x80002410 (0xb7f5adb7) lui     s11, 0xb7f5a
core   0: 3 0x80002410 (0xb7f5adb7) x27 0xb7f5a000
core   0: 0x80002414 (0x0007fab3) and     s5, a5, zero
core   0: 3 0x80002414 (0x0007fab3) x21 0x00000000
core   0: 0x80002418 (0x7d240b13) addi    s6, s0, 2002
core   0: 3 0x80002418 (0x7d240b13) x22 0x000007d2
core   0: 0x8000241c (0x015be963) bltu    s7, s5, pc + 18
core   0: 3 0x8000241c (0x015be963)
core   0: 0x80002420 (0x023a2eb3) mulhsu  t4, s4, gp
core   0: 3 0x80002420 (0x023a2eb3) x29 0x00000000
core   0: 0x80002424 (0x02f20b63) beq     tp, a5, pc + 54
core   0: 3 0x80002424 (0x02f20b63)
core   0: 0x80002428 (0x00009256) c.add   tp, s5
core   0: 3 0x80002428 (0x9256) x 4 0x00000000
core   0: 0x8000242a (0x031f7163) bgeu    t5, a7, pc + 34
core   0: 3 0x8000242a (0x031f7163)
core   0: 0x8000244c (0x00989463) bne     a7, s1, pc + 8
core   0: 3 0x8000244c (0x00989463)
core   0: 0x80002450 (0x32b6a693) slti    a3, a3, 811
core   0: 3 0x80002450 (0x32b6a693) x13 0x00000001
core   0: 0x80002454 (0x0000117d) c.addi  sp, -1
core   0: 3 0x80002454 (0x117d) x 2 0xffff7fff
core   0: 0x80002456 (0x01e81a63) bne     a6, t5, pc + 20
core   0: 3 0x80002456 (0x01e81a63)
core   0: 0x8000246a (0x00008f0d) c.sub   a4, a1
core   0: 3 0x8000246a (0x8f0d) x14 0x1cbbc977
core   0: 0x8000246c (0xe050e413) ori     s0, ra, -507
core   0: 3 0x8000246c (0xe050e413) x 8 0xfffffe05
core   0: 0x80002470 (0x030dcc63) blt     s11, a6, pc + 56
core   0: 3 0x80002470 (0x030dcc63)
core   0: 0x80002474 (0x02881133) mulh    sp, a6, s0
core   0: 3 0x80002474 (0x02881133) x 2 0x000000fd
core   0: 0x80002478 (0x41125113) srai    sp, tp, 17
core   0: 3 0x80002478 (0x41125113) x 2 0x00000000
core   0: 0x8000247c (0x00901bb3) sll     s7, zero, s1
core   0: 3 0x8000247c (0x00901bb3) x23 0x00000000
core   0: 0x80002480 (0x0ff0000f) fence   iorw,iorw
core   0: 3 0x80002480 (0x0ff0000f)
core   0: 0x80002484 (0x03dfe233) rem     tp, t6, t4
core   0: 3 0x80002484 (0x03dfe233) x 4 0x00000000
core   0: 0x80002488 (0x41768233) sub     tp, a3, s7
core   0: 3 0x80002488 (0x41768233) x 4 0x00000001
core   0: 0x8000248c (0x0082dc63) bge     t0, s0, pc + 24
core   0: 3 0x8000248c (0x0082dc63)
core   0: 0x800024a4 (0x01d38363) beq     t2, t4, pc + 6
core   0: 3 0x800024a4 (0x01d38363)
core   0: 0x800024a8 (0x000069f5) c.lui   s3, 0x1d
core   0: 3 0x800024a8 (0x69f5) x19 0x0001d000
core   0: 0x800024aa (0x01df32b3) sltu    t0, t5, t4
core   0: 3 0x800024aa (0x01df32b3) x 5 0x00000000
core   0: 0x800024ae (0x00000001) c.nop
core   0: 3 0x800024ae (0x0001)
core   0: 0x800024b0 (0x002f4d33) xor     s10, t5, sp
core   0: 3 0x800024b0 (0x002f4d33) x26 0x00000000
core   0: 0x800024b4 (0x00008289) c.srli  a3, 2
core   0: 3 0x800024b4 (0x8289) x13 0x00000000
core   0: 0x800024b6 (0x0132f463) bgeu    t0, s3, pc + 8
core   0: 3 0x800024b6 (0x0132f463)
core   0: 0x800024ba (0x0341e2b3) rem     t0, gp, s4
core   0: 3 0x800024ba (0x0341e2b3) x 5 0x00000000
core   0: 0x800024be (0x03ebc933) div     s2, s7, t5
core   0: 3 0x800024be (0x03ebc933) x18 0xffffffff
core   0: 0x800024c2 (0x00008192) c.mv    gp, tp
core   0: 3 0x800024c2 (0x8192) x 3 0x00000001
core   0: 0x800024c4 (0x8a7e6093) ori     ra, t3, -1881
core   0: 3 0x800024c4 (0x8a7e6093) x 1 0xfffffdff
core   0: 0x800024c8 (0x03dc8633) mul     a2, s9, t4
core   0: 3 0x800024c8 (0x03dc8633) x12 0x00000000
core   0: 0x800024cc (0x00000688) c.addi4spn a0, sp, 832
core   0: 3 0x800024cc (0x0688) x10 0x00000340
core   0: 0x800024ce (0x01dce1b3) or      gp, s9, t4
core   0: 3 0x800024ce (0x01dce1b3) x 3 0x00000e5d
core   0: 0x800024d2 (0x000053fd) c.li    t2, -1
core   0: 3 0x800024d2 (0x53fd) x 7 0xffffffff
core   0: 0x800024d4 (0x01217433) and     s0, sp, s2
core   0: 3 0x800024d4 (0x01217433) x 8 0x00000000
core   0: 0x800024d8 (0x00008c2d) c.xor   s0, a1
core   0: 3 0x800024d8 (0x8c2d) x 8 0x00000000
core   0: 0x800024da (0x00000001) c.nop
core   0: 3 0x800024da (0x0001)
core   0: 0x800024dc (0x499c94b7) lui     s1, 0x499c9
core   0: 3 0x800024dc (0x499c94b7) x 9 0x499c9000
core   0: 0x800024e0 (0x03f37d33) remu    s10, t1, t6
core   0: 3 0x800024e0 (0x03f37d33) x26 0x80022e64
core   0: 0x800024e4 (0x007dc5b3) xor     a1, s11, t2
core   0: 3 0x800024e4 (0x007dc5b3) x11 0x480a5fff
core   0: 0x800024e8 (0x0000812d) c.srli  a0, 11
core   0: 3 0x800024e8 (0x812d) x10 0x00000000
core   0: 0x800024ea (0x00b9fab3) and     s5, s3, a1
core   0: 3 0x800024ea (0x00b9fab3) x21 0x00005000
core   0: 0x800024ee (0xd974e117) auipc   sp, 0xd974e
core   0: 3 0x800024ee (0xd974e117) x 2 0x597504ee
core   0: 0x800024f2 (0x00005afd) c.li    s5, -1
core   0: 3 0x800024f2 (0x5afd) x21 0xffffffff
core   0: 0x800024f4 (0x00008d6a) c.mv    s10, s10
core   0: 3 0x800024f4 (0x8d6a) x26 0x80022e64
core   0: 0x800024f6 (0x708f4697) auipc   a3, 0x708f4
core   0: 3 0x800024f6 (0x708f4697) x13 0xf08f64f6
core   0: 0x800024fa (0x006726b3) slt     a3, a4, t1
core   0: 3 0x800024fa (0x006726b3) x13 0x00000000
core   0: 0x800024fe (0x4181de13) srai    t3, gp, 24
core   0: 3 0x800024fe (0x4181de13) x28 0x00000000
core   0: 0x80002502 (0xca33dab7) lui     s5, 0xca33d
core   0: 3 0x80002502 (0xca33dab7) x21 0xca33d000
core   0: 0x80002506 (0x40c70cb3) sub     s9, a4, a2
core   0: 3 0x80002506 (0x40c70cb3) x25 0x1cbbc977
core   0: 0x8000250a (0x00f97e33) and     t3, s2, a5
core   0: 3 0x8000250a (0x00f97e33) x28 0x72ef25df
core   0: 0x8000250e (0x40d20433) sub     s0, tp, a3
core   0: 3 0x8000250e (0x40d20433) x 8 0x00000001
core   0: 0x80002512 (0x03465433) divu    s0, a2, s4
core   0: 3 0x80002512 (0x03465433) x 8 0x00000000
core   0: 0x80002516 (0x0000177d) c.addi  a4, -1
core   0: 3 0x80002516 (0x177d) x14 0x1cbbc976
core   0: 0x80002518 (0x0000cc8d) c.beqz  s1, pc + 58
core   0: 3 0x80002518 (0xcc8d)
core   0: 0x8000251a (0x0000614d) c.addi16sp sp, 176
core   0: 3 0x8000251a (0x614d) x 2 0x5975059e
core   0: 0x8000251c (0x000093d6) c.add   t2, s5
core   0: 3 0x8000251c (0x93d6) x 7 0xca33cfff
core   0: 0x8000251e (0x00008d55) c.or    a0, a3
core   0: 3 0x8000251e (0x8d55) x10 0x00000000
core   0: 0x80002520 (0x333bff17) auipc   t5, 0x333bf
core   0: 3 0x80002520 (0x333bff17) x30 0xb33c1520
core   0: 0x80002524 (0x41f0d9b3) sra     s3, ra, t6
core   0: 3 0x80002524 (0x41f0d9b3) x19 0xfffffdff
core   0: 0x80002528 (0x02336eb3) rem     t4, t1, gp
core   0: 3 0x80002528 (0x02336eb3) x29 0xfffff7bc
core   0: 0x8000252c (0x03bb7f33) remu    t5, s6, s11
core   0: 3 0x8000252c (0x03bb7f33) x30 0x000007d2
core   0: 0x80002530 (0x0000100f) fence.i
core   0: 3 0x80002530 (0x0000100f)
core   0: 0x80002534 (0x014bca63) blt     s7, s4, pc + 20
core   0: 3 0x80002534 (0x014bca63)
core   0: 0x80002538 (0x00196663) bltu    s2, ra, pc + 12
core   0: 3 0x80002538 (0x00196663)
core   0: 0x8000253c (0x018404b3) add     s1, s0, s8
core   0: 3 0x8000253c (0x018404b3) x 9 0xde590000
core   0: 0x80002540 (0x031ee863) bltu    t4, a7, pc + 48
core   0: 3 0x80002540 (0x031ee863)
core   0: 0x80002544 (0x01fcfeb3) and     t4, s9, t6
core   0: 3 0x80002544 (0x01fcfeb3) x29 0x00000000
core   0: 0x80002548 (0x03d1a6b3) mulhsu  a3, gp, t4
core   0: 3 0x80002548 (0x03d1a6b3) x13 0x00000000
core   0: 0x8000254c (0x029c4b33) div     s6, s8, s1
core   0: 3 0x8000254c (0x029c4b33) x22 0x00000001
core   0: 0x80002550 (0x0000e999) c.bnez  a1, pc + 22
core   0: 3 0x80002550 (0xe999)
core   0: 0x80002566 (0x02ac4fb3) div     t6, s8, a0
core   0: 3 0x80002566 (0x02ac4fb3) x31 0xffffffff
core   0: 0x8000256a (0x000084b5) c.srai  s1, 13
core   0: 3 0x8000256a (0x84b5) x 9 0xfffef2c8
core   0: 0x8000256c (0x419f81b3) sub     gp, t6, s9
core   0: 3 0x8000256c (0x419f81b3) x 3 0xe3443688
core   0: 0x80002570 (0x0000100f) fence.i
core   0: 3 0x80002570 (0x0000100f)
core   0: 0x80002574 (0x00b7db63) bge     a5, a1, pc + 22
core   0: 3 0x80002574 (0x00b7db63)
core   0: 0x8000258a (0x000086b5) c.srai  a3, 13
core   0: 3 0x8000258a (0x86b5) x13 0x00000000
core   0: 0x8000258c (0xe6d08693) addi    a3, ra, -403
core   0: 3 0x8000258c (0xe6d08693) x13 0xfffffc6c
core   0: 0x80002590 (0x00000fc2) c.slli  t6, 16
core   0: 3 0x80002590 (0x0fc2) x31 0xffff0000
core   0: 0x80002592 (0x3e69c493) xori    s1, s3, 998
core   0: 3 0x80002592 (0x3e69c493) x 9 0xfffffe19
core   0: 0x80002596 (0x89517a93) andi    s5, sp, -1899
core   0: 3 0x80002596 (0x89517a93) x21 0x59750094
core   0: 0x8000259a (0x000069f1) c.lui   s3, 0x1c
core   0: 3 0x8000259a (0x69f1) x19 0x0001c000
core   0: 0x8000259c (0x012cf5b3) and     a1, s9, s2
core   0: 3 0x8000259c (0x012cf5b3) x11 0x1cbbc977
core   0: 0x800025a0 (0x036859b3) divu    s3, a6, s6
core   0: 3 0x800025a0 (0x036859b3) x19 0x80026ce4
core   0: 0x800025a4 (0x02931e33) mulh    t3, t1, s1
core   0: 3 0x800025a4 (0x02931e33) x28 0x000000f3
core   0: 0x800025a8 (0x00008cb1) c.xor   s1, a2
core   0: 3 0x800025a8 (0x8cb1) x 9 0xfffffe19
core   0: 0x800025aa (0x00000001) c.nop
core   0: 3 0x800025aa (0x0001)
core   0: 0x800025ac (0x0199f563) bgeu    s3, s9, pc + 10
core   0: 3 0x800025ac (0x0199f563)
core   0: 0x800025b6 (0x00008d85) c.sub   a1, s1
core   0: 3 0x800025b6 (0x8d85) x11 0x1cbbcb5e
core   0: 0x800025b8 (0x4370be93) sltiu   t4, ra, 1079
core   0: 3 0x800025b8 (0x4370be93) x29 0x00000000
core   0: 0x800025bc (0x00008e39) c.xor   a2, a4
core   0: 3 0x800025bc (0x8e39) x12 0x1cbbc976
core   0: 0x800025be (0x6769f793) andi    a5, s3, 1654
core   0: 3 0x800025be (0x6769f793) x15 0x00000464
core   0: 0x800025c2 (0xa104c097) auipc   ra, 0xa104c
core   0: 3 0x800025c2 (0xa104c097) x 1 0x2104e5c2
core   0: 0x800025c6 (0x010c0733) add     a4, s8, a6
core   0: 3 0x800025c6 (0x010c0733) x14 0x5e5b6ce4
core   0: 0x800025ca (0x03faf933) remu    s2, s5, t6
core   0: 3 0x800025ca (0x03faf933) x18 0x59750094
core   0: 0x800025ce (0x1aff6113) ori     sp, t5, 431
core   0: 3 0x800025ce (0x1aff6113) x 2 0x000007ff
core   0: 0x800025d2 (0x00be9e13) slli    t3, t4, 11
core   0: 3 0x800025d2 (0x00be9e13) x28 0x00000000
core   0: 0x800025d6 (0xfdffeb37) lui     s6, 0xfdffe
core   0: 3 0x800025d6 (0xfdffeb37) x22 0xfdffe000
core   0: 0x800025da (0x02effe33) remu    t3, t6, a4
core   0: 3 0x800025da (0x02effe33) x28 0x43482638
core   0: 0x800025de (0x00000f7d) c.addi  t5, 31
core   0: 3 0x800025de (0x0f7d) x30 0x000007f1
core   0: 0x800025e0 (0x00008e79) c.and   a2, a4
core   0: 3 0x800025e0 (0x8e79) x12 0x1c1b4864
core   0: 0x800025e2 (0x000062f5) c.lui   t0, 0x1d
core   0: 3 0x800025e2 (0x62f5) x 5 0x0001d000
core   0: 0x800025e4 (0x017cd963) bge     s9, s7, pc + 18
core   0: 3 0x800025e4 (0x017cd963)
core   0: 0x800025f6 (0x021f3f33) mulhu   t5, t5, ra
core   0: 3 0x800025f6 (0x021f3f33) x30 0x00000106
core   0: 0x800025fa (0x0000ef8d) c.bnez  a5, pc + 58
core   0: 3 0x800025fa (0xef8d)
core   0: 0x80002634 (0x7ee28f93) addi    t6, t0, 2030
core   0: 3 0x80002634 (0x7ee28f93) x31 0x0001d7ee
core   0: 0x80002638 (0x02159263) bne     a1, ra, pc + 36
core   0: 3 0x80002638 (0x02159263)
core   0: 0x8000265c (0x0000717d) c.addi16sp sp, -16
core   0: 3 0x8000265c (0x717d) x 2 0x000007ef
core   0: 0x8000265e (0x026d7233) remu    tp, s10, t1
core   0: 3 0x8000265e (0x026d7233) x 4 0x00000000
core   0: 0x80002662 (0x00004aed) c.li    s5, 27
core   0: 3 0x80002662 (0x4aed) x21 0x0000001b
core   0: 0x80002664 (0x00008fc2) c.mv    t6, a6
core   0: 3 0x80002664 (0x8fc2) x31 0x80026ce4
core   0: 0x80002666 (0x034798b3) mulh    a7, a5, s4
core   0: 3 0x80002666 (0x034798b3) x17 0xfffffe7a
core   0: 0x8000266a (0x00000001) c.nop
core   0: 3 0x8000266a (0x0001)
core   0: 0x8000266c (0x02322033) mulhsu  zero, tp, gp
core   0: 3 0x8000266c (0x02322033)
core   0: 0x80002670 (0x02738b33) mul     s6, t2, t2
core   0: 3 0x80002670 (0x02738b33) x22 0xf4986001
core   0: 0x80002674 (0x00952433) slt     s0, a0, s1
core   0: 3 0x80002674 (0x00952433) x 8 0x00000000
core   0: 0x80002678 (0x0000c801) c.beqz  s0, pc + 16
core   0: 3 0x80002678 (0xc801)
core   0: 0x80002688 (0x02b39b33) mulh    s6, t2, a1
core   0: 3 0x80002688 (0x02b39b33) x22 0xf9f633dc
core   0: 0x8000268c (0x002d0f63) beq     s10, sp, pc + 30
core   0: 3 0x8000268c (0x002d0f63)
core   0: 0x80002690 (0x0000816d) c.srli  a0, 27
core   0: 3 0x80002690 (0x816d) x10 0x00000000
core   0: 0x80002692 (0x013e8733) add     a4, t4, s3
core   0: 3 0x80002692 (0x013e8733) x14 0x80026ce4
core   0: 0x80002696 (0x81ead097) auipc   ra, 0x81ead
core   0: 3 0x80002696 (0x81ead097) x 1 0x01eaf696
core   0: 0x8000269a (0xd1335b17) auipc   s6, 0xd1335
core   0: 3 0x8000269a (0xd1335b17) x22 0x5133769a
core   0: 0x8000269e (0x02e6db63) bge     a3, a4, pc + 54
core   0: 3 0x8000269e (0x02e6db63)
core   0: 0x800026d4 (0x00008f0d) c.sub   a4, a1
core   0: 3 0x800026d4 (0x8f0d) x14 0x6346a186
core   0: 0x800026d6 (0xe6134c13) xori    s8, t1, -415
core   0: 3 0x800026d6 (0xe6134c13) x24 0x7ffdd005
core   0: 0x800026da (0x00008ac6) c.mv    s5, a7
core   0: 3 0x800026da (0x8ac6) x21 0xfffffe7a
core   0: 0x800026dc (0x000055fd) c.li    a1, -1
core   0: 3 0x800026dc (0x55fd) x11 0xffffffff
core   0: 0x800026de (0x0000e119) c.bnez  a0, pc + 6
core   0: 3 0x800026de (0xe119)
core   0: 0x800026e0 (0x036a6e33) rem     t3, s4, s6
core   0: 3 0x800026e0 (0x036a6e33) x28 0xf86268f8
core   0: 0x800026e4 (0x0000100f) fence.i
core   0: 3 0x800026e4 (0x0000100f)
core   0: 0x800026e8 (0x00001308) c.addi4spn a0, sp, 416
core   0: 3 0x800026e8 (0x1308) x10 0x0000098f
core   0: 0x800026ea (0x402fd3b3) sra     t2, t6, sp
core   0: 3 0x800026ea (0x402fd3b3) x 7 0xffff0004
core   0: 0x800026ee (0x29e46793) ori     a5, s0, 670
core   0: 3 0x800026ee (0x29e46793) x15 0x0000029e
core   0: 0x800026f2 (0x03437563) bgeu    t1, s4, pc + 42
core   0: 3 0x800026f2 (0x03437563)
core   0: 0x800026f6 (0x037f9b33) mulh    s6, t6, s7
core   0: 3 0x800026f6 (0x037f9b33) x22 0x00000000
core   0: 0x800026fa (0xbb848db7) lui     s11, 0xbb848
core   0: 3 0x800026fa (0xbb848db7) x27 0xbb848000
core   0: 0x800026fe (0x03dac463) blt     s5, t4, pc + 40
core   0: 3 0x800026fe (0x03dac463)
core   0: 0x80002726 (0x00008c85) c.sub   s1, s1
core   0: 3 0x80002726 (0x8c85) x 9 0x00000000
core   0: 0x80002728 (0x0000869e) c.mv    a3, t2
core   0: 3 0x80002728 (0x869e) x13 0xffff0004
core   0: 0x8000272a (0x0000717d) c.addi16sp sp, -16
core   0: 3 0x8000272a (0x717d) x 2 0x000007df
core   0: 0x8000272c (0x00008425) c.srai  s0, 9
core   0: 3 0x8000272c (0x8425) x 8 0x00000000
core   0: 0x8000272e (0x41390bb3) sub     s7, s2, s3
core   0: 3 0x8000272e (0x41390bb3) x23 0xd97293b0
core   0: 0x80002732 (0x00dcc933) xor     s2, s9, a3
core   0: 3 0x80002732 (0x00dcc933) x18 0xe344c973
core   0: 0x80002736 (0x00008ca1) c.xor   s1, s0
core   0: 3 0x80002736 (0x8ca1) x 9 0x00000000
core   0: 0x80002738 (0x34fa2793) slti    a5, s4, 847
core   0: 3 0x80002738 (0x34fa2793) x15 0x00000001
core   0: 0x8000273c (0x00000001) c.nop
core   0: 3 0x8000273c (0x0001)
core   0: 0x8000273e (0x01b55e13) srli    t3, a0, 27
core   0: 3 0x8000273e (0x01b55e13) x28 0x00000000
core   0: 0x80002742 (0x4a6b4c13) xori    s8, s6, 1190
core   0: 3 0x80002742 (0x4a6b4c13) x24 0x000004a6
core   0: 0x80002746 (0x0000100f) fence.i
core   0: 3 0x80002746 (0x0000100f)
core   0: 0x8000274a (0x00000001) c.nop
core   0: 3 0x8000274a (0x0001)
core   0: 0x8000274c (0x000080e5) c.srli  s1, 25
core   0: 3 0x8000274c (0x80e5) x 9 0x00000000
core   0: 0x8000274e (0x01709c33) sll     s8, ra, s7
core   0: 3 0x8000274e (0x01709c33) x24 0xf6960000
core   0: 0x80002752 (0x027fa2b3) mulhsu  t0, t6, t2
core   0: 3 0x80002752 (0x027fa2b3) x 5 0x8002ecdf
core   0: 0x80002756 (0x00241e33) sll     t3, s0, sp
core   0: 3 0x80002756 (0x00241e33) x28 0x00000000
core   0: 0x8000275a (0x020c8033) mul     zero, s9, zero
core   0: 3 0x8000275a (0x020c8033)
core   0: 0x8000275e (0x03416633) rem     a2, sp, s4
core   0: 3 0x8000275e (0x03416633) x12 0x000007df
core   0: 0x80002762 (0x400cd2b3) sra     t0, s9, zero
core   0: 3 0x80002762 (0x400cd2b3) x 5 0x1cbbc977
core   0: 0x80002766 (0x00008b06) c.mv    s6, ra
core   0: 3 0x80002766 (0x8b06) x22 0x01eaf696
core   0: 0x80002768 (0x001ddf63) bge     s11, ra, pc + 30
core   0: 3 0x80002768 (0x001ddf63)
core   0: 0x8000276c (0x00008709) c.srai  a4, 2
core   0: 3 0x8000276c (0x8709) x14 0x18d1a861
core   0: 0x8000276e (0x52ec5037) lui     zero, 0x52ec5
core   0: 3 0x8000276e (0x52ec5037)
core   0: 0x80002772 (0x03abb1b3) mulhu   gp, s7, s10
core   0: 3 0x80002772 (0x03abb1b3) x 3 0x6cbb2424
core   0: 0x80002776 (0x00b17033) and     zero, sp, a1
core   0: 3 0x80002776 (0x00b17033)
core   0: 0x8000277a (0x0367d7b3) divu    a5, a5, s6
core   0: 3 0x8000277a (0x0367d7b3) x15 0x00000000
core   0: 0x8000277e (0x41440133) sub     sp, s0, s4
core   0: 3 0x8000277e (0x41440133) x 2 0x58d10da2
core   0: 0x80002782 (0x0276ebb3) rem     s7, a3, t2
core   0: 3 0x80002782 (0x0276ebb3) x23 0x00000000
core   0: 0x80002786 (0x00000e7a) c.slli  t3, 30
core   0: 3 0x80002786 (0x0e7a) x28 0x00000000
core   0: 0x80002788 (0x013d8863) beq     s11, s3, pc + 16
core   0: 3 0x80002788 (0x013d8863)
core   0: 0x8000278c (0x03e6e9b3) rem     s3, a3, t5
core   0: 3 0x8000278c (0x03e6e9b3) x19 0xffffffe0
core   0: 0x80002790 (0x00000001) c.nop
core   0: 3 0x80002790 (0x0001)
core   0: 0x80002792 (0x4073d913) srai    s2, t2, 7
core   0: 3 0x80002792 (0x4073d913) x18 0xfffffe00
core   0: 0x80002796 (0x00008ff9) c.and   a5, a4
core   0: 3 0x80002796 (0x8ff9) x15 0x00000000
core   0: 0x80002798 (0x00000001) c.nop
core   0: 3 0x80002798 (0x0001)
core   0: 0x8000279a (0x0034eab3) or      s5, s1, gp
core   0: 3 0x8000279a (0x0034eab3) x21 0x6cbb2424
core   0: 0x8000279e (0x2df4e693) ori     a3, s1, 735
core   0: 3 0x8000279e (0x2df4e693) x13 0x000002df
core   0: 0x800027a2 (0x409a51b3) sra     gp, s4, s1
core   0: 3 0x800027a2 (0x409a51b3) x 3 0xa72ef25e
core   0: 0x800027a6 (0x0083b033) sltu    zero, t2, s0
core   0: 3 0x800027a6 (0x0083b033)
core   0: 0x800027aa (0x023fd9b3) divu    s3, t6, gp
core   0: 3 0x800027aa (0x023fd9b3) x19 0x00000000
core   0: 0x800027ae (0x00005afd) c.li    s5, -1
core   0: 3 0x800027ae (0x5afd) x21 0xffffffff
core   0: 0x800027b0 (0x01e2dd33) srl     s10, t0, t5
core   0: 3 0x800027b0 (0x01e2dd33) x26 0x0072ef25
core   0: 0x800027b4 (0x029061b3) rem     gp, zero, s1
core   0: 3 0x800027b4 (0x029061b3) x 3 0x00000000
core   0: 0x800027b8 (0x15f96d97) auipc   s11, 0x15f96
core   0: 3 0x800027b8 (0x15f96d97) x27 0x95f987b8
core   0: 0x800027bc (0x00008c81) c.sub   s1, s0
core   0: 3 0x800027bc (0x8c81) x 9 0x00000000
core   0: 0x800027be (0x00a8db13) srli    s6, a7, 10
core   0: 3 0x800027be (0x00a8db13) x22 0x003fffff
core   0: 0x800027c2 (0x9e3cee93) ori     t4, s9, -1565
core   0: 3 0x800027c2 (0x9e3cee93) x29 0xfffff9f7
core   0: 0x800027c6 (0x1c93ae13) slti    t3, t2, 457
core   0: 3 0x800027c6 (0x1c93ae13) x28 0x00000001
core   0: 0x800027ca (0x0000118c) c.addi4spn a1, sp, 224
core   0: 3 0x800027ca (0x118c) x11 0x58d10e82
core   0: 0x800027cc (0x00000b0a) c.slli  s6, 2
core   0: 3 0x800027cc (0x0b0a) x22 0x00fffffc
core   0: 0x800027ce (0x2d77b513) sltiu   a0, a5, 727
core   0: 3 0x800027ce (0x2d77b513) x10 0x00000001
core   0: 0x800027d2 (0x0029d463) bge     s3, sp, pc + 8
core   0: 3 0x800027d2 (0x0029d463)
core   0: 0x800027d6 (0x00008cb9) c.xor   s1, a4
core   0: 3 0x800027d6 (0x8cb9) x 9 0x18d1a861
core   0: 0x800027d8 (0x0000e805) c.bnez  s0, pc + 48
core   0: 3 0x800027d8 (0xe805)
core   0: 0x800027da (0x0000109c) c.addi4spn a5, sp, 96
core   0: 3 0x800027da (0x109c) x15 0x58d10e02
core   0: 0x800027dc (0x016a1133) sll     sp, s4, s6
core   0: 3 0x800027dc (0x016a1133) x 2 0xe0000000
core   0: 0x800027e0 (0x00008c81) c.sub   s1, s0
core   0: 3 0x800027e0 (0x8c81) x 9 0x18d1a861
core   0: 0x800027e2 (0x0000c495) c.beqz  s1, pc + 44
core   0: 3 0x800027e2 (0xc495)
core   0: 0x800027e4 (0x4078d0b3) sra     ra, a7, t2
core   0: 3 0x800027e4 (0x4078d0b3) x 1 0xffffffe7
core   0: 0x800027e8 (0x00008051) c.srli  s0, 20
core   0: 3 0x800027e8 (0x8051) x 8 0x00000000
core   0: 0x800027ea (0x00008e91) c.sub   a3, a2
core   0: 3 0x800027ea (0x8e91) x13 0xfffffb00
core   0: 0x800027ec (0x40c60233) sub     tp, a2, a2
core   0: 3 0x800027ec (0x40c60233) x 4 0x00000000
core   0: 0x800027f0 (0x00c09e63) bne     ra, a2, pc + 28
core   0: 3 0x800027f0 (0x00c09e63)
core   0: 0x8000280c (0x00008d29) c.xor   a0, a0
core   0: 3 0x8000280c (0x8d29) x10 0x00000000
core   0: 0x8000280e (0x00006ca5) c.lui   s9, 0x9
core   0: 3 0x8000280e (0x6ca5) x25 0x00009000
core   0: 0x80002810 (0x023e7663) bgeu    t3, gp, pc + 44
core   0: 3 0x80002810 (0x023e7663)
core   0: 0x8000283c (0x0000814d) c.srli  a0, 19
core   0: 3 0x8000283c (0x814d) x10 0x00000000
core   0: 0x8000283e (0x630bf913) andi    s2, s7, 1584
core   0: 3 0x8000283e (0x630bf913) x18 0x00000000
core   0: 0x80002842 (0x003797b3) sll     a5, a5, gp
core   0: 3 0x80002842 (0x003797b3) x15 0x58d10e02
core   0: 0x80002846 (0x011d67b3) or      a5, s10, a7
core   0: 3 0x80002846 (0x011d67b3) x15 0xffffff7f
core   0: 0x8000284a (0x000082dd) c.srli  a3, 23
core   0: 3 0x8000284a (0x82dd) x13 0x000001ff
core   0: 0x8000284c (0x5e8f6d37) lui     s10, 0x5e8f6
core   0: 3 0x8000284c (0x5e8f6d37) x26 0x5e8f6000
core   0: 0x80002850 (0x02a768b3) rem     a7, a4, a0
core   0: 3 0x80002850 (0x02a768b3) x17 0x18d1a861
core   0: 0x80002854 (0x41948233) sub     tp, s1, s9
core   0: 3 0x80002854 (0x41948233) x 4 0x18d11861
core   0: 0x80002858 (0x039692b3) mulh    t0, a3, s9
core   0: 3 0x80002858 (0x039692b3) x 5 0x00000000
core   0: 0x8000285c (0x04c10063) beq     sp, a2, pc + 64
core   0: 3 0x8000285c (0x04c10063)
core   0: 0x80002860 (0x358b8193) addi    gp, s7, 856
core   0: 3 0x80002860 (0x358b8193) x 3 0x00000358
core   0: 0x80002864 (0x033205b3) mul     a1, tp, s3
core   0: 3 0x80002864 (0x033205b3) x11 0x00000000
core   0: 0x80002868 (0x00900e13) li      t3, 9
core   0: 3 0x80002868 (0x00900e13) x28 0x00000009
core   0: 0x8000286c (0xc44eb513) sltiu   a0, t4, -956
core   0: 3 0x8000286c (0xc44eb513) x10 0x00000001
core   0: 0x80002870 (0x011c99b3) sll     s3, s9, a7
core   0: 3 0x80002870 (0x011c99b3) x19 0x00012000
core   0: 0x80002874 (0xe70ba513) slti    a0, s7, -400
core   0: 3 0x80002874 (0xe70ba513) x10 0x00000000
core   0: 0x80002878 (0x00900213) li      tp, 9
core   0: 3 0x80002878 (0x00900213) x 4 0x00000009
core   0: 0x8000287c (0x0320ebb3) rem     s7, ra, s2
core   0: 3 0x8000287c (0x0320ebb3) x23 0xffffffe7
core   0: 0x80002880 (0x00001e61) c.addi  t3, -8
core   0: 3 0x80002880 (0x1e61) x28 0x00000001
core   0: 0x80002882 (0x00008f31) c.xor   a4, a2
core   0: 3 0x80002882 (0x8f31) x14 0x18d1afbe
core   0: 0x80002884 (0x02b633b3) mulhu   t2, a2, a1
core   0: 3 0x80002884 (0x02b633b3) x 7 0x00000000
core   0: 0x80002888 (0x0000867d) c.srai  a2, 31
core   0: 3 0x80002888 (0x867d) x12 0x00000000
core   0: 0x8000288a (0x10b54893) xori    a7, a0, 267
core   0: 3 0x8000288a (0x10b54893) x17 0x0000010b
core   0: 0x8000288e (0x03994d33) div     s10, s2, s9
core   0: 3 0x8000288e (0x03994d33) x26 0x00000000
core   0: 0x80002892 (0x00433733) sltu    a4, t1, tp
core   0: 3 0x80002892 (0x00433733) x14 0x00000000
core   0: 0x80002896 (0xfe4e53e3) bge     t3, tp, pc - 26
core   0: 3 0x80002896 (0xfe4e53e3)
core   0: 0x8000289a (0x000087c9) c.srai  a5, 18
core   0: 3 0x8000289a (0x87c9) x15 0xffffffff
core   0: 0x8000289c (0x0328cdb3) div     s11, a7, s2
core   0: 3 0x8000289c (0x0328cdb3) x27 0xffffffff
core   0: 0x800028a0 (0x8c3ef593) andi    a1, t4, -1853
core   0: 3 0x800028a0 (0x8c3ef593) x11 0xfffff8c3
core   0: 0x800028a4 (0x000061b9) c.lui   gp, 0xe
core   0: 3 0x800028a4 (0x61b9) x 3 0x0000e000
core   0: 0x800028a6 (0x00e5f463) bgeu    a1, a4, pc + 8
core   0: 3 0x800028a6 (0x00e5f463)
core   0: 0x800028ae (0x00008efd) c.and   a3, a5
core   0: 3 0x800028ae (0x8efd) x13 0x000001ff
core   0: 0x800028b0 (0x0000c211) c.beqz  a2, pc + 4
core   0: 3 0x800028b0 (0xc211)
core   0: 0x800028b4 (0x00c51a93) slli    s5, a0, 12
core   0: 3 0x800028b4 (0x00c51a93) x21 0x00000000
core   0: 0x800028b8 (0x00008d46) c.mv    s10, a7
core   0: 3 0x800028b8 (0x8d46) x26 0x0000010b
core   0: 0x800028ba (0x038bdb33) divu    s6, s7, s8
core   0: 3 0x800028ba (0x038bdb33) x22 0x00000001
core   0: 0x800028be (0x0be76063) bltu    a4, t5, pc + 160
core   0: 3 0x800028be (0x0be76063)
core   0: 0x8000295e (0x0000ef01) c.bnez  a4, pc + 24
core   0: 3 0x8000295e (0xef01)
core   0: 0x80002960 (0x00008e79) c.and   a2, a4
core   0: 3 0x80002960 (0x8e79) x12 0x00000000
core   0: 0x80002962 (0x00008d41) c.or    a0, s0
core   0: 3 0x80002962 (0x8d41) x10 0x00000000
core   0: 0x80002964 (0x768de613) ori     a2, s11, 1896
core   0: 3 0x80002964 (0x768de613) x12 0xffffffff
core   0: 0x80002968 (0x00008e0d) c.sub   a2, a1
core   0: 3 0x80002968 (0x8e0d) x12 0x0000073c
core   0: 0x8000296a (0x01848b33) add     s6, s1, s8
core   0: 3 0x8000296a (0x01848b33) x22 0x0f67a861
core   0: 0x8000296e (0x001ad963) bge     s5, ra, pc + 18
core   0: 3 0x8000296e (0x001ad963)
core   0: 0x80002980 (0x01f35413) srli    s0, t1, 31
core   0: 3 0x80002980 (0x01f35413) x 8 0x00000001
core   0: 0x80002984 (0xfb7e0b93) addi    s7, t3, -73
core   0: 3 0x80002984 (0xfb7e0b93) x23 0xffffffb8
core   0: 0x80002988 (0x00009dfe) c.add   s11, t6
core   0: 3 0x80002988 (0x9dfe) x27 0x80026ce3
core   0: 0x8000298a (0x00d374b3) and     s1, t1, a3
core   0: 3 0x8000298a (0x00d374b3) x 9 0x00000064
core   0: 0x8000298e (0x00006139) c.addi16sp sp, 448
core   0: 3 0x8000298e (0x6139) x 2 0xe00001c0
core   0: 0x80002990 (0xcd8b4b13) xori    s6, s6, -808
core   0: 3 0x80002990 (0xcd8b4b13) x22 0xf09854b9
core   0: 0x80002994 (0x0000ed9d) c.bnez  a1, pc + 62
core   0: 3 0x80002994 (0xed9d)
core   0: 0x800029d2 (0x00001bfd) c.addi  s7, -1
core   0: 3 0x800029d2 (0x1bfd) x23 0xffffffb7
core   0: 0x800029d4 (0x00008e45) c.or    a2, s1
core   0: 3 0x800029d4 (0x8e45) x12 0x0000077c
core   0: 0x800029d6 (0x010b5b63) bge     s6, a6, pc + 22
core   0: 3 0x800029d6 (0x010b5b63)
core   0: 0x800029ec (0x02d4a133) mulhsu  sp, s1, a3
core   0: 3 0x800029ec (0x02d4a133) x 2 0x00000000
core   0: 0x800029f0 (0x0344ed33) rem     s10, s1, s4
core   0: 3 0x800029f0 (0x0344ed33) x26 0x00000064
core   0: 0x800029f4 (0x00008fb1) c.xor   a5, a2
core   0: 3 0x800029f4 (0x8fb1) x15 0xfffff883
core   0: 0x800029f6 (0x006bf463) bgeu    s7, t1, pc + 8
core   0: 3 0x800029f6 (0x006bf463)
core   0: 0x800029fe (0x01ff4933) xor     s2, t5, t6
core   0: 3 0x800029fe (0x01ff4933) x18 0x80026de2
core   0: 0x80002a02 (0x01b9d713) srli    a4, s3, 27
core   0: 3 0x80002a02 (0x01b9d713) x14 0x00000000
core   0: 0x80002a06 (0xe8466eb7) lui     t4, 0xe8466
core   0: 3 0x80002a06 (0xe8466eb7) x29 0xe8466000
core   0: 0x80002a0a (0x00681a93) slli    s5, a6, 6
core   0: 3 0x80002a0a (0x00681a93) x21 0x009b3900
core   0: 0x80002a0e (0x03f8adb3) mulhsu  s11, a7, t6
core   0: 3 0x80002a0e (0x03f8adb3) x27 0x00000085
core   0: 0x80002a12 (0x02d513b3) mulh    t2, a0, a3
core   0: 3 0x80002a12 (0x02d513b3) x 7 0x00000000
core   0: 0x80002a16 (0x00000080) c.addi4spn s0, sp, 64
core   0: 3 0x80002a16 (0x0080) x 8 0x00000040
core   0: 0x80002a18 (0x022c7f33) remu    t5, s8, sp
core   0: 3 0x80002a18 (0x022c7f33) x30 0xf6960000
core   0: 0x80002a1c (0xdb5d6993) ori     s3, s10, -587
core   0: 3 0x80002a1c (0xdb5d6993) x19 0xfffffdf5
core   0: 0x80002a20 (0x00006a89) c.lui   s5, 0x2
core   0: 3 0x80002a20 (0x6a89) x21 0x00002000
core   0: 0x80002a22 (0x0ff0000f) fence   iorw,iorw
core   0: 3 0x80002a22 (0x0ff0000f)
core   0: 0x80002a26 (0x0311cbb3) div     s7, gp, a7
core   0: 3 0x80002a26 (0x0311cbb3) x23 0x000000d6
core   0: 0x80002a2a (0x40bfdab3) sra     s5, t6, a1
core   0: 3 0x80002a2a (0x40bfdab3) x21 0xf0004d9c
core   0: 0x80002a2e (0x03467bb3) remu    s7, a2, s4
core   0: 3 0x80002a2e (0x03467bb3) x23 0x0000077c
core   0: 0x80002a32 (0x00008fad) c.xor   a5, a1
core   0: 3 0x80002a32 (0x8fad) x15 0x00000040
core   0: 0x80002a34 (0x0000108c) c.addi4spn a1, sp, 96
core   0: 3 0x80002a34 (0x108c) x11 0x00000060
core   0: 0x80002a36 (0x000080b1) c.srli  s1, 12
core   0: 3 0x80002a36 (0x80b1) x 9 0x00000000
core   0: 0x80002a38 (0x40cc8e33) sub     t3, s9, a2
core   0: 3 0x80002a38 (0x40cc8e33) x28 0x00008884
core   0: 0x80002a3c (0x002a5d63) bge     s4, sp, pc + 26
core   0: 3 0x80002a3c (0x002a5d63)
core   0: 0x80002a40 (0x03b26363) bltu    tp, s11, pc + 38
core   0: 3 0x80002a40 (0x03b26363)
core   0: 0x80002a66 (0x0208eeb3) rem     t4, a7, zero
core   0: 3 0x80002a66 (0x0208eeb3) x29 0x0000010b
core   0: 0x80002a6a (0x0000eb05) c.bnez  a4, pc + 48
core   0: 3 0x80002a6a (0xeb05)
core   0: 0x80002a6c (0xcd967017) auipc   zero, 0xcd967
core   0: 3 0x80002a6c (0xcd967017)
core   0: 0x80002a70 (0x00008511) c.srai  a0, 4
core   0: 3 0x80002a70 (0x8511) x10 0x00000000
core   0: 0x80002a72 (0x02b68933) mul     s2, a3, a1
core   0: 3 0x80002a72 (0x02b68933) x18 0x0000bfa0
core   0: 0x80002a76 (0x0000c899) c.beqz  s1, pc + 22
core   0: 3 0x80002a76 (0xc899)
core   0: 0x80002a8c (0x01ab3633) sltu    a2, s6, s10
core   0: 3 0x80002a8c (0x01ab3633) x12 0x00000000
core   0: 0x80002a90 (0x15f8c213) xori    tp, a7, 351
core   0: 3 0x80002a90 (0x15f8c213) x 4 0x00000054
core   0: 0x80002a94 (0x5d766393) ori     t2, a2, 1495
core   0: 3 0x80002a94 (0x5d766393) x 7 0x000005d7
core   0: 0x80002a98 (0x000004c2) c.slli  s1, 16
core   0: 3 0x80002a98 (0x04c2) x 9 0x00000000
core   0: 0x80002a9a (0x02596c33) rem     s8, s2, t0
core   0: 3 0x80002a9a (0x02596c33) x24 0x0000bfa0
core   0: 0x80002a9e (0x031dd0b3) divu    ra, s11, a7
core   0: 3 0x80002a9e (0x031dd0b3) x 1 0x00000000
core   0: 0x80002aa2 (0x00008f85) c.sub   a5, s1
core   0: 3 0x80002aa2 (0x8f85) x15 0x00000040
core   0: 0x80002aa4 (0x00b69c13) slli    s8, a3, 11
core   0: 3 0x80002aa4 (0x00b69c13) x24 0x000ff800
core   0: 0x80002aa8 (0x00c73933) sltu    s2, a4, a2
core   0: 3 0x80002aa8 (0x00c73933) x18 0x00000000
core   0: 0x80002aac (0x0000717d) c.addi16sp sp, -16
core   0: 3 0x80002aac (0x717d) x 2 0xfffffff0
core   0: 0x80002aae (0xad9c4213) xori    tp, s8, -1319
core   0: 3 0x80002aae (0xad9c4213) x 4 0xfff002d9
core   0: 0x80002ab2 (0x02295033) divu    zero, s2, sp
core   0: 3 0x80002ab2 (0x02295033)
core   0: 0x80002ab6 (0x00000a1c) c.addi4spn a5, sp, 272
core   0: 3 0x80002ab6 (0x0a1c) x15 0x00000100
core   0: 0x80002ab8 (0x00009bae) c.add   s7, a1
core   0: 3 0x80002ab8 (0x9bae) x23 0x000007dc
core   0: 0x80002aba (0x19133293) sltiu   t0, t1, 401
core   0: 3 0x80002aba (0x19133293) x 5 0x00000000
core   0: 0x80002abe (0x009b0033) add     zero, s6, s1
core   0: 3 0x80002abe (0x009b0033)
core   0: 0x80002ac2 (0x00469663) bne     a3, tp, pc + 12
core   0: 3 0x80002ac2 (0x00469663)
core   0: 0x80002ace (0x03300663) beq     zero, s3, pc + 44
core   0: 3 0x80002ace (0x03300663)
core   0: 0x80002ad2 (0x00008d79) c.and   a0, a4
core   0: 3 0x80002ad2 (0x8d79) x10 0x00000000
core   0: 0x80002ad4 (0x010ff033) and     zero, t6, a6
core   0: 3 0x80002ad4 (0x010ff033)
core   0: 0x80002ad8 (0x03cd3433) mulhu   s0, s10, t3
core   0: 3 0x80002ad8 (0x03cd3433) x 8 0x00000000
core   0: 0x80002adc (0x016cc533) xor     a0, s9, s6
core   0: 3 0x80002adc (0x016cc533) x10 0xf098c4b9
core   0: 0x80002ae0 (0x4047deb3) sra     t4, a5, tp
core   0: 3 0x80002ae0 (0x4047deb3) x29 0x00000000
core   0: 0x80002ae4 (0x00006755) c.lui   a4, 0x15
core   0: 3 0x80002ae4 (0x6755) x14 0x00015000
core   0: 0x80002ae6 (0x02b27e33) remu    t3, tp, a1
core   0: 3 0x80002ae6 (0x02b27e33) x28 0x00000039
core   0: 0x80002aea (0x00018963) beqz    gp, pc + 18
core   0: 3 0x80002aea (0x00018963)
core   0: 0x80002aee (0x039ee663) bltu    t4, s9, pc + 44
core   0: 3 0x80002aee (0x039ee663)
core   0: 0x80002b1a (0x00215693) srli    a3, sp, 2
core   0: 3 0x80002b1a (0x00215693) x13 0x3ffffffc
core   0: 0x80002b1e (0x95f4af93) slti    t6, s1, -1697
core   0: 3 0x80002b1e (0x95f4af93) x31 0x00000000
core   0: 0x80002b22 (0x00001580) c.addi4spn s0, sp, 736
core   0: 3 0x80002b22 (0x1580) x 8 0x000002d0
core   0: 0x80002b24 (0x0201f4b3) remu    s1, gp, zero
core   0: 3 0x80002b24 (0x0201f4b3) x 9 0x0000e000
core   0: 0x80002b28 (0x00006c35) c.lui   s8, 0xd
core   0: 3 0x80002b28 (0x6c35) x24 0x0000d000
core   0: 0x80002b2a (0x00d2f463) bgeu    t0, a3, pc + 8
core   0: 3 0x80002b2a (0x00d2f463)
core   0: 0x80002b2e (0x00000001) c.nop
core   0: 3 0x80002b2e (0x0001)
core   0: 0x80002b30 (0x00000001) c.nop
core   0: 3 0x80002b30 (0x0001)
core   0: 0x80002b32 (0x03f6f263) bgeu    a3, t6, pc + 36
core   0: 3 0x80002b32 (0x03f6f263)
core   0: 0x80002b56 (0x02436563) bltu    t1, tp, pc + 42
core   0: 3 0x80002b56 (0x02436563)
core   0: 0x80002b80 (0x418dd413) srai    s0, s11, 24
core   0: 3 0x80002b80 (0x418dd413) x 8 0x00000000
core   0: 0x80002b84 (0x007dfc33) and     s8, s11, t2
core   0: 3 0x80002b84 (0x007dfc33) x24 0x00000085
core   0: 0x80002b88 (0x014d9393) slli    t2, s11, 20
core   0: 3 0x80002b88 (0x014d9393) x 7 0x08500000
core   0: 0x80002b8c (0x0000100f) fence.i
core   0: 3 0x80002b8c (0x0000100f)
core   0: 0x80002b90 (0x00008c99) c.sub   s1, a4
core   0: 3 0x80002b90 (0x8c99) x 9 0xffff9000
core   0: 0x80002b92 (0x8578d917) auipc   s2, 0x8578d
core   0: 3 0x80002b92 (0x8578d917) x18 0x0578fb92
core   0: 0x80002b96 (0x02327f33) remu    t5, tp, gp
core   0: 3 0x80002b96 (0x02327f33) x30 0x000002d9
core   0: 0x80002b9a (0x400d5b93) srai    s7, s10, 0
core   0: 3 0x80002b9a (0x400d5b93) x23 0x00000064
core   0: 0x80002b9e (0x00008f65) c.and   a4, s1
core   0: 3 0x80002b9e (0x8f65) x14 0x00011000
core   0: 0x80002ba0 (0x02448d33) mul     s10, s1, tp
core   0: 3 0x80002ba0 (0x02448d33) x26 0xfec11000
core   0: 0x80002ba4 (0x00a75533) srl     a0, a4, a0
core   0: 3 0x80002ba4 (0x00a75533) x10 0x00000000
core   0: 0x80002ba8 (0x0024e133) or      sp, s1, sp
core   0: 3 0x80002ba8 (0x0024e133) x 2 0xfffffff0
core   0: 0x80002bac (0x00000001) c.nop
core   0: 3 0x80002bac (0x0001)
core   0: 0x80002bae (0x00db9663) bne     s7, a3, pc + 12
core   0: 3 0x80002bae (0x00db9663)
core   0: 0x80002bba (0x01071793) slli    a5, a4, 16
core   0: 3 0x80002bba (0x01071793) x15 0x10000000
core   0: 0x80002bbe (0x401489b3) sub     s3, s1, ra
core   0: 3 0x80002bbe (0x401489b3) x19 0xffff9000
core   0: 0x80002bc2 (0x0311f733) remu    a4, gp, a7
core   0: 3 0x80002bc2 (0x0311f733) x14 0x000000ce
core   0: 0x80002bc6 (0x02676cb3) rem     s9, a4, t1
core   0: 3 0x80002bc6 (0x02676cb3) x25 0x000000ce
core   0: 0x80002bca (0x0315ee33) rem     t3, a1, a7
core   0: 3 0x80002bca (0x0315ee33) x28 0x00000060
core   0: 0x80002bce (0x00248633) add     a2, s1, sp
core   0: 3 0x80002bce (0x00248633) x12 0xffff8ff0
core   0: 0x80002bd2 (0x00608963) beq     ra, t1, pc + 18
core   0: 3 0x80002bd2 (0x00608963)
core   0: 0x80002bd6 (0x41d28bb3) sub     s7, t0, t4
core   0: 3 0x80002bd6 (0x41d28bb3) x23 0x00000000
core   0: 0x80002bda (0x00006169) c.addi16sp sp, 208
core   0: 3 0x80002bda (0x6169) x 2 0x000000c0
core   0: 0x80002bdc (0x7c61f493) andi    s1, gp, 1990
core   0: 3 0x80002bdc (0x7c61f493) x 9 0x00000000
core   0: 0x80002be0 (0x01cf26b3) slt     a3, t5, t3
core   0: 3 0x80002be0 (0x01cf26b3) x13 0x00000000
core   0: 0x80002be4 (0x0000100f) fence.i
core   0: 3 0x80002be4 (0x0000100f)
core   0: 0x80002be8 (0x0000649d) c.lui   s1, 0x7
core   0: 3 0x80002be8 (0x649d) x 9 0x00007000
core   0: 0x80002bea (0x01c15593) srli    a1, sp, 28
core   0: 3 0x80002bea (0x01c15593) x11 0x00000000
core   0: 0x80002bee (0x00c18e33) add     t3, gp, a2
core   0: 3 0x80002bee (0x00c18e33) x28 0x00006ff0
core   0: 0x80002bf2 (0x00008d29) c.xor   a0, a0
core   0: 3 0x80002bf2 (0x8d29) x10 0x00000000
core   0: 0x80002bf4 (0x00008269) c.srli  a2, 26
core   0: 3 0x80002bf4 (0x8269) x12 0x0000003f
core   0: 0x80002bf6 (0x00009e3a) c.add   t3, a4
core   0: 3 0x80002bf6 (0x9e3a) x28 0x000070be
core   0: 0x80002bf8 (0xe3c52293) slti    t0, a0, -452
core   0: 3 0x80002bf8 (0xe3c52293) x 5 0x00000000
core   0: 0x80002bfc (0x007f1493) slli    s1, t5, 7
core   0: 3 0x80002bfc (0x007f1493) x 9 0x00016c80
core   0: 0x80002c00 (0x24392a93) slti    s5, s2, 579
core   0: 3 0x80002c00 (0x24392a93) x21 0x00000000
core   0: 0x80002c04 (0x00e1e233) or      tp, gp, a4
core   0: 3 0x80002c04 (0x00e1e233) x 4 0x0000e0ce
core   0: 0x80002c08 (0x01f811b3) sll     gp, a6, t6
core   0: 3 0x80002c08 (0x01f811b3) x 3 0x80026ce4
core   0: 0x80002c0c (0x0000717d) c.addi16sp sp, -16
core   0: 3 0x80002c0c (0x717d) x 2 0x000000b0
core   0: 0x80002c0e (0x0047e733) or      a4, a5, tp
core   0: 3 0x80002c0e (0x0047e733) x14 0x1000e0ce
core   0: 0x80002c12 (0x0000c599) c.beqz  a1, pc + 14
core   0: 3 0x80002c12 (0xc599)
core   0: 0x80002c20 (0x03a3c233) div     tp, t2, s10
core   0: 3 0x80002c20 (0x03a3c233) x 4 0xfffffffa
core   0: 0x80002c24 (0x0000100f) fence.i
core   0: 3 0x80002c24 (0x0000100f)
core   0: 0x80002c28 (0x01207c63) bgeu    zero, s2, pc + 24
core   0: 3 0x80002c28 (0x01207c63)
core   0: 0x80002c2c (0x212f5db7) lui     s11, 0x212f5
core   0: 3 0x80002c2c (0x212f5db7) x27 0x212f5000
core   0: 0x80002c30 (0x000000e1) c.addi  ra, 24
core   0: 3 0x80002c30 (0x00e1) x 1 0x00000018
core   0: 0x80002c32 (0x00008619) c.srai  a2, 6
core   0: 3 0x80002c32 (0x8619) x12 0x00000000
core   0: 0x80002c34 (0x0000557d) c.li    a0, -1
core   0: 3 0x80002c34 (0x557d) x10 0xffffffff
core   0: 0x80002c36 (0x02906263) bltu    zero, s1, pc + 36
core   0: 3 0x80002c36 (0x02906263)
core   0: 0x80002c5a (0x003a9013) slli    zero, s5, 3
core   0: 3 0x80002c5a (0x003a9013)
core   0: 0x80002c5e (0x007f2f33) slt     t5, t5, t2
core   0: 3 0x80002c5e (0x007f2f33) x30 0x00000001
core   0: 0x80002c62 (0x024694b3) mulh    s1, a3, tp
core   0: 3 0x80002c62 (0x024694b3) x 9 0x00000000
core   0: 0x80002c66 (0x010f1f93) slli    t6, t5, 16
core   0: 3 0x80002c66 (0x010f1f93) x31 0x00010000
core   0: 0x80002c6a (0x011cdb63) bge     s9, a7, pc + 22
core   0: 3 0x80002c6a (0x011cdb63)
core   0: 0x80002c6e (0x02d5b233) mulhu   tp, a1, a3
core   0: 3 0x80002c6e (0x02d5b233) x 4 0x00000000
core   0: 0x80002c72 (0x00008fd9) c.or    a5, a4
core   0: 3 0x80002c72 (0x8fd9) x15 0x1000e0ce
core   0: 0x80002c74 (0x00000598) c.addi4spn a4, sp, 704
core   0: 3 0x80002c74 (0x0598) x14 0x00000370
core   0: 0x80002c76 (0x009631b3) sltu    gp, a2, s1
core   0: 3 0x80002c76 (0x009631b3) x 3 0x00000000
core   0: 0x80002c7a (0x03ab0463) beq     s6, s10, pc + 40
core   0: 3 0x80002c7a (0x03ab0463)
core   0: 0x80002c7e (0x00000001) c.nop
core   0: 3 0x80002c7e (0x0001)
core   0: 0x80002c80 (0x03385e33) divu    t3, a6, s3
core   0: 3 0x80002c80 (0x03385e33) x28 0x00000000
core   0: 0x80002c84 (0x00006719) c.lui   a4, 0x6
core   0: 3 0x80002c84 (0x6719) x14 0x00006000
core   0: 0x80002c86 (0x85d32213) slti    tp, t1, -1955
core   0: 3 0x80002c86 (0x85d32213) x 4 0x00000001
core   0: 0x80002c8a (0x0ff0000f) fence   iorw,iorw
core   0: 3 0x80002c8a (0x0ff0000f)
core   0: 0x80002c8e (0x02470133) mul     sp, a4, tp
core   0: 3 0x80002c8e (0x02470133) x 2 0x00006000
core   0: 0x80002c92 (0x009f4363) blt     t5, s1, pc + 6
core   0: 3 0x80002c92 (0x009f4363)
core   0: 0x80002c96 (0x00008d29) c.xor   a0, a0
core   0: 3 0x80002c96 (0x8d29) x10 0x00000000
core   0: 0x80002c98 (0x00008c15) c.sub   s0, a3
core   0: 3 0x80002c98 (0x8c15) x 8 0x00000000
core   0: 0x80002c9a (0x0000100f) fence.i
core   0: 3 0x80002c9a (0x0000100f)
core   0: 0x80002c9e (0x000002a9) c.addi  t0, 10
core   0: 3 0x80002c9e (0x02a9) x 5 0x0000000a
core   0: 0x80002ca0 (0x0000878e) c.mv    a5, gp
core   0: 3 0x80002ca0 (0x878e) x15 0x00000000
core   0: 0x80002ca2 (0x00008e22) c.mv    t3, s0
core   0: 3 0x80002ca2 (0x8e22) x28 0x00000000
core   0: 0x80002ca4 (0xa05c8213) addi    tp, s9, -1531
core   0: 3 0x80002ca4 (0xa05c8213) x 4 0xfffffad3
core   0: 0x80002ca8 (0x00004541) c.li    a0, 16
core   0: 3 0x80002ca8 (0x4541) x10 0x00000010
core   0: 0x80002caa (0x02379663) bne     a5, gp, pc + 44
core   0: 3 0x80002caa (0x02379663)
core   0: 0x80002cae (0x03ef6863) bltu    t5, t5, pc + 48
core   0: 3 0x80002cae (0x03ef6863)
core   0: 0x80002cb2 (0x00000001) c.nop
core   0: 3 0x80002cb2 (0x0001)
core   0: 0x80002cb4 (0x005ea3b3) slt     t2, t4, t0
core   0: 3 0x80002cb4 (0x005ea3b3) x 7 0x00000001
core   0: 0x80002cb8 (0x00671613) slli    a2, a4, 6
core   0: 3 0x80002cb8 (0x00671613) x12 0x00180000
core   0: 0x80002cbc (0x0392e5b3) rem     a1, t0, s9
core   0: 3 0x80002cbc (0x0392e5b3) x11 0x0000000a
core   0: 0x80002cc0 (0x00008eb1) c.xor   a3, a2
core   0: 3 0x80002cc0 (0x8eb1) x13 0x00180000
core   0: 0x80002cc2 (0x017d3cb3) sltu    s9, s10, s7
core   0: 3 0x80002cc2 (0x017d3cb3) x25 0x00000000
core   0: 0x80002cc6 (0x00001a18) c.addi4spn a4, sp, 304
core   0: 3 0x80002cc6 (0x1a18) x14 0x00006130
core   0: 0x80002cc8 (0x00004d4d) c.li    s10, 19
core   0: 3 0x80002cc8 (0x4d4d) x26 0x00000013
core   0: 0x80002cca (0x0000100f) fence.i
core   0: 3 0x80002cca (0x0000100f)
core   0: 0x80002cce (0xaae8cb13) xori    s6, a7, -1362
core   0: 3 0x80002cce (0xaae8cb13) x22 0xfffffba5
core   0: 0x80002cd2 (0x656ac737) lui     a4, 0x656ac
core   0: 3 0x80002cd2 (0x656ac737) x14 0x656ac000
core   0: 0x80002cd6 (0x03c95133) divu    sp, s2, t3
core   0: 3 0x80002cd6 (0x03c95133) x 2 0xffffffff
core   0: 0x80002cda (0x40ca05b3) sub     a1, s4, a2
core   0: 3 0x80002cda (0x40ca05b3) x11 0xa716f25e
core   0: 0x80002cde (0x00001b7d) c.addi  s6, -1
core   0: 3 0x80002cde (0x1b7d) x22 0xfffffba4
core   0: 0x80002ce0 (0x01c89c33) sll     s8, a7, t3
core   0: 3 0x80002ce0 (0x01c89c33) x24 0x0000010b
core   0: 0x80002ce4 (0x000009ae) c.slli  s3, 11
core   0: 3 0x80002ce4 (0x09ae) x19 0xfc800000
core   0: 0x80002ce6 (0x40990233) sub     tp, s2, s1
core   0: 3 0x80002ce6 (0x40990233) x 4 0x0578fb92
core   0: 0x80002cea (0x000006a9) c.addi  a3, 10
core   0: 3 0x80002cea (0x06a9) x13 0x0018000a
core   0: 0x80002cec (0x0000e809) c.bnez  s0, pc + 18
core   0: 3 0x80002cec (0xe809)
core   0: 0x80002cee (0x00000580) c.addi4spn s0, sp, 704
core   0: 3 0x80002cee (0x0580) x 8 0x000002bf
core   0: 0x80002cf0 (0x022da633) mulhsu  a2, s11, sp
core   0: 3 0x80002cf0 (0x022da633) x12 0x212f4fff
core   0: 0x80002cf4 (0x00008c79) c.and   s0, a4
core   0: 3 0x80002cf4 (0x8c79) x 8 0x00000000
core   0: 0x80002cf6 (0x41d40933) sub     s2, s0, t4
core   0: 3 0x80002cf6 (0x41d40933) x18 0x00000000
core   0: 0x80002cfa (0x0396eeb3) rem     t4, a3, s9
core   0: 3 0x80002cfa (0x0396eeb3) x29 0x0018000a
core   0: 0x80002cfe (0x40a10933) sub     s2, sp, a0
core   0: 3 0x80002cfe (0x40a10933) x18 0xffffffef
core   0: 0x80002d02 (0x03c842b3) div     t0, a6, t3
core   0: 3 0x80002d02 (0x03c842b3) x 5 0xffffffff
core   0: 0x80002d06 (0x000045b9) c.li    a1, 14
core   0: 3 0x80002d06 (0x45b9) x11 0x0000000e
core   0: 0x80002d08 (0x038946b3) div     a3, s2, s8
core   0: 3 0x80002d08 (0x038946b3) x13 0x00000000
core   0: 0x80002d0c (0x00008ead) c.xor   a3, a1
core   0: 3 0x80002d0c (0x8ead) x13 0x0000000e
core   0: 0x80002d0e (0x00d8d963) bge     a7, a3, pc + 18
core   0: 3 0x80002d0e (0x00d8d963)
core   0: 0x80002d20 (0x034dd6b3) divu    a3, s11, s4
core   0: 3 0x80002d20 (0x034dd6b3) x13 0x00000000
core   0: 0x80002d24 (0x40edd693) srai    a3, s11, 14
core   0: 3 0x80002d24 (0x40edd693) x13 0x000084bd
core   0: 0x80002d28 (0x0051d4b3) srl     s1, gp, t0
core   0: 3 0x80002d28 (0x0051d4b3) x 9 0x00000000
core   0: 0x80002d2c (0x434aba93) sltiu   s5, s5, 1076
core   0: 3 0x80002d2c (0x434aba93) x21 0x00000001
core   0: 0x80002d30 (0x0a99a513) slti    a0, s3, 169
core   0: 3 0x80002d30 (0x0a99a513) x10 0x00000001
core   0: 0x80002d34 (0x039e4cb3) div     s9, t3, s9
core   0: 3 0x80002d34 (0x039e4cb3) x25 0xffffffff
core   0: 0x80002d38 (0x00001814) c.addi4spn a3, sp, 48
core   0: 3 0x80002d38 (0x1814) x13 0x0000002f
core   0: 0x80002d3a (0x01f3fdb3) and     s11, t2, t6
core   0: 3 0x80002d3a (0x01f3fdb3) x27 0x00000000
core   0: 0x80002d3e (0x00c77933) and     s2, a4, a2
core   0: 3 0x80002d3e (0x00c77933) x18 0x212a4000
core   0: 0x80002d42 (0x00000308) c.addi4spn a0, sp, 384
core   0: 3 0x80002d42 (0x0308) x10 0x0000017f
core   0: 0x80002d44 (0x00006e15) c.lui   t3, 0x5
core   0: 3 0x80002d44 (0x6e15) x28 0x00005000
core   0: 0x80002d46 (0x03f2bab3) mulhu   s5, t0, t6
core   0: 3 0x80002d46 (0x03f2bab3) x21 0x0000ffff
core   0: 0x80002d4a (0x00009f6e) c.add   t5, s11
core   0: 3 0x80002d4a (0x9f6e) x30 0x00000001
core   0: 0x80002d4c (0x00881593) slli    a1, a6, 8
core   0: 3 0x80002d4c (0x00881593) x11 0x026ce400
core   0: 0x80002d50 (0x03155c63) bge     a0, a7, pc + 56
core   0: 3 0x80002d50 (0x03155c63)
core   0: 0x80002d88 (0x00f40e63) beq     s0, a5, pc + 28
core   0: 3 0x80002d88 (0x00f40e63)
core   0: 0x80002da4 (0x00008b4a) c.mv    s6, s2
core   0: 3 0x80002da4 (0x8b4a) x22 0x212a4000
core   0: 0x80002da6 (0x0000875e) c.mv    a4, s7
core   0: 3 0x80002da6 (0x875e) x14 0x00000000
core   0: 0x80002da8 (0x0000c49d) c.beqz  s1, pc + 46
core   0: 3 0x80002da8 (0xc49d)
core   0: 0x80002dd6 (0x03626033) rem     zero, tp, s6
core   0: 3 0x80002dd6 (0x03626033)
core   0: 0x80002dda (0x0ff0000f) fence   iorw,iorw
core   0: 3 0x80002dda (0x0ff0000f)
core   0: 0x80002dde (0x0208f763) bgeu    a7, zero, pc + 46
core   0: 3 0x80002dde (0x0208f763)
core   0: 0x80002e0c (0x007c6c63) bltu    s8, t2, pc + 24
core   0: 3 0x80002e0c (0x007c6c63)
core   0: 0x80002e10 (0x019dec63) bltu    s11, s9, pc + 24
core   0: 3 0x80002e10 (0x019dec63)
core   0: 0x80002e28 (0x0000068a) c.slli  a3, 2
core   0: 3 0x80002e28 (0x068a) x13 0x000000bc
core   0: 0x80002e2a (0x0000991a) c.add   s2, t1
core   0: 3 0x80002e2a (0x991a) x18 0xa12c6e64
core   0: 0x80002e2c (0x00da9793) slli    a5, s5, 13
core   0: 3 0x80002e2c (0x00da9793) x15 0x1fffe000
core   0: 0x80002e30 (0x03974933) div     s2, a4, s9
core   0: 3 0x80002e30 (0x03974933) x18 0x00000000
core   0: 0x80002e34 (0xf884af13) slti    t5, s1, -120
core   0: 3 0x80002e34 (0xf884af13) x30 0x00000000
core   0: 0x80002e38 (0x03150eb3) mul     t4, a0, a7
core   0: 3 0x80002e38 (0x03150eb3) x29 0x00018f75
core   0: 0x80002e3c (0x000080be) c.mv    ra, a5
core   0: 3 0x80002e3c (0x80be) x 1 0x1fffe000
core   0: 0x80002e3e (0x0000717d) c.addi16sp sp, -16
core   0: 3 0x80002e3e (0x717d) x 2 0xffffffef
core   0: 0x80002e40 (0x00008c9d) c.sub   s1, a5
core   0: 3 0x80002e40 (0x8c9d) x 9 0xe0002000
core   0: 0x80002e42 (0x40d35db3) sra     s11, t1, a3
core   0: 3 0x80002e42 (0x40d35db3) x27 0xfffffff8
core   0: 0x80002e46 (0x39b68593) addi    a1, a3, 923
core   0: 3 0x80002e46 (0x39b68593) x11 0x00000457
core   0: 0x80002e4a (0x0981c097) auipc   ra, 0x981c
core   0: 3 0x80002e4a (0x0981c097) x 1 0x8981ee4a
core   0: 0x80002e4e (0x00008f91) c.sub   a5, a2
core   0: 3 0x80002e4e (0x8f91) x15 0xfed09001
core   0: 0x80002e50 (0x40928633) sub     a2, t0, s1
core   0: 3 0x80002e50 (0x40928633) x12 0x1fffdfff
core   0: 0x80002e54 (0xc8e2f913) andi    s2, t0, -882
core   0: 3 0x80002e54 (0xc8e2f913) x18 0xfffffc8e
core   0: 0x80002e58 (0x15db8213) addi    tp, s7, 349
core   0: 3 0x80002e58 (0x15db8213) x 4 0x0000015d
core   0: 0x80002e5c (0x00008dea) c.mv    s11, s10
core   0: 3 0x80002e5c (0x8dea) x27 0x00000013
core   0: 0x80002e5e (0x00001c7d) c.addi  s8, -1
core   0: 3 0x80002e5e (0x1c7d) x24 0x0000010a
core   0: 0x80002e60 (0x029cbcb3) mulhu   s9, s9, s1
core   0: 3 0x80002e60 (0x029cbcb3) x25 0xe0001fff
core   0: 0x80002e64 (0x92dae993) ori     s3, s5, -1747
core   0: 3 0x80002e64 (0x92dae993) x19 0xffffffff
core   0: 0x80002e68 (0x00286c63) bltu    a6, sp, pc + 24
core   0: 3 0x80002e68 (0x00286c63)
core   0: 0x80002e80 (0x007d9c13) slli    s8, s11, 7
core   0: 3 0x80002e80 (0x007d9c13) x24 0x00000980
core   0: 0x80002e84 (0x00000001) c.nop
core   0: 3 0x80002e84 (0x0001)
core   0: 0x80002e86 (0x0000ea19) c.bnez  a2, pc + 22
core   0: 3 0x80002e86 (0xea19)
core   0: 0x80002e9c (0x03d3e733) rem     a4, t2, t4
core   0: 3 0x80002e9c (0x03d3e733) x14 0x00000001
core   0: 0x80002ea0 (0x000080cd) c.srli  s1, 19
core   0: 3 0x80002ea0 (0x80cd) x 9 0x00001c00
core   0: 0x80002ea2 (0x00008f56) c.mv    t5, s5
core   0: 3 0x80002ea2 (0x8f56) x30 0x0000ffff
core   0: 0x80002ea4 (0x0000614d) c.addi16sp sp, 176
core   0: 3 0x80002ea4 (0x614d) x 2 0x0000009f
core   0: 0x80002ea6 (0x3b8af737) lui     a4, 0x3b8af
core   0: 3 0x80002ea6 (0x3b8af737) x14 0x3b8af000
core   0: 0x80002eaa (0x000083f5) c.srli  a5, 29
core   0: 3 0x80002eaa (0x83f5) x15 0x00000007
core   0: 0x80002eac (0xb2050013) addi    zero, a0, -1248
core   0: 3 0x80002eac (0xb2050013)
core   0: 0x80002eb0 (0x0000855d) c.srai  a0, 23
core   0: 3 0x80002eb0 (0x855d) x10 0x00000000
core   0: 0x80002eb2 (0x00000001) c.nop
core   0: 3 0x80002eb2 (0x0001)
core   0: 0x80002eb4 (0xdf91b593) sltiu   a1, gp, -519
core   0: 3 0x80002eb4 (0xdf91b593) x11 0x00000001
core   0: 0x80002eb8 (0x0353e433) rem     s0, t2, s5
core   0: 3 0x80002eb8 (0x0353e433) x 8 0x00000001
core   0: 0x80002ebc (0x02fbb5b3) mulhu   a1, s7, a5
core   0: 3 0x80002ebc (0x02fbb5b3) x11 0x00000000
core   0: 0x80002ec0 (0x00009522) c.add   a0, s0
core   0: 3 0x80002ec0 (0x9522) x10 0x00000001
core   0: 0x80002ec2 (0x03d1e133) rem     sp, gp, t4
core   0: 3 0x80002ec2 (0x03d1e133) x 2 0x00000000
core   0: 0x80002ec6 (0x00000bba) c.slli  s7, 14
core   0: 3 0x80002ec6 (0x0bba) x23 0x00000000
core   0: 0x80002ec8 (0x00008797) auipc   a5, 0x8
core   0: 3 0x80002ec8 (0x00008797) x15 0x8000aec8
core   0: 0x80002ecc (0x86078793) addi    a5, a5, -1952
core   0: 3 0x80002ecc (0x86078793) x15 0x8000a728
core   0: 0x80002ed0 (0x030759b3) divu    s3, a4, a6
core   0: 3 0x80002ed0 (0x030759b3) x19 0x00000000
core   0: 0x80002ed4 (0x00f4b5b3) sltu    a1, s1, a5
core   0: 3 0x80002ed4 (0x00f4b5b3) x11 0x00000001
core   0: 0x80002ed8 (0x00955433) srl     s0, a0, s1
core   0: 3 0x80002ed8 (0x00955433) x 8 0x00000001
core   0: 0x80002edc (0x11778793) addi    a5, a5, 279
core   0: 3 0x80002edc (0x11778793) x15 0x8000a83f
core   0: 0x80002ee0 (0x03365933) divu    s2, a2, s3
core   0: 3 0x80002ee0 (0x03365933) x18 0xffffffff
core   0: 0x80002ee4 (0xeea780e7) jalr    ra, a5, -278
core   0: 3 0x80002ee4 (0xeea780e7) x 1 0x80002ee8
core   0: 0x8000a728 (0x0168d463) bge     a7, s6, pc + 8
core   0: 3 0x8000a728 (0x0168d463)
core   0: 0x8000a72c (0x02d54db3) div     s11, a0, a3
core   0: 3 0x8000a72c (0x02d54db3) x27 0x00000000
core   0: 0x8000a730 (0x00001301) c.addi  t1, -32
core   0: 3 0x8000a730 (0x1301) x 6 0x80022e44
core   0: 0x8000a732 (0x00132223) sw      ra, 4(t1)
core   0: 3 0x8000a732 (0x00132223) mem 0x80022e48 0x80002ee8
core   0: 0x8000a736 (0x2448b293) sltiu   t0, a7, 580
core   0: 3 0x8000a736 (0x2448b293) x 5 0x00000001
core   0: 0x8000a73a (0xa6750213) addi    tp, a0, -1433
core   0: 3 0x8000a73a (0xa6750213) x 4 0xfffffa68
core   0: 0x8000a73e (0x000059fd) c.li    s3, -1
core   0: 3 0x8000a73e (0x59fd) x19 0xffffffff
core   0: 0x8000a740 (0x0192c7b3) xor     a5, t0, s9
core   0: 3 0x8000a740 (0x0192c7b3) x15 0xe0001ffe
core   0: 0x8000a744 (0x00900e93) li      t4, 9
core   0: 3 0x8000a744 (0x00900e93) x29 0x00000009
core   0: 0x8000a748 (0x00006be1) c.lui   s7, 0x18
core   0: 3 0x8000a748 (0x6be1) x23 0x00018000
core   0: 0x8000a74a (0x01300893) li      a7, 19
core   0: 3 0x8000a74a (0x01300893) x17 0x00000013
core   0: 0x8000a74e (0x00009dba) c.add   s11, a4
core   0: 3 0x8000a74e (0x9dba) x27 0x3b8af000
core   0: 0x8000a750 (0x00f51633) sll     a2, a0, a5
core   0: 3 0x8000a750 (0x00f51633) x12 0x40000000
core   0: 0x8000a754 (0xd5114713) xori    a4, sp, -687
core   0: 3 0x8000a754 (0xd5114713) x14 0xfffffd51
core   0: 0x8000a758 (0x0000100f) fence.i
core   0: 3 0x8000a758 (0x0000100f)
core   0: 0x8000a75c (0x0267d0b3) divu    ra, a5, t1
core   0: 3 0x8000a75c (0x0267d0b3) x 1 0x00000001
core   0: 0x8000a760 (0x00000001) c.nop
core   0: 3 0x8000a760 (0x0001)
core   0: 0x8000a762 (0x00000971) c.addi  s2, 28
core   0: 3 0x8000a762 (0x0971) x18 0x0000001b
core   0: 0x8000a764 (0x00008f95) c.sub   a5, a3
core   0: 3 0x8000a764 (0x8f95) x15 0xe0001f42
core   0: 0x8000a766 (0x0006cdb3) xor     s11, a3, zero
core   0: 3 0x8000a766 (0x0006cdb3) x27 0x000000bc
core   0: 0x8000a76a (0x00001f08) c.addi4spn a0, sp, 944
core   0: 3 0x8000a76a (0x1f08) x10 0x000003b0
core   0: 0x8000a76c (0xe65d0f13) addi    t5, s10, -411
core   0: 3 0x8000a76c (0xe65d0f13) x30 0xfffffe78
core   0: 0x8000a770 (0x00d49c33) sll     s8, s1, a3
core   0: 3 0x8000a770 (0x00d49c33) x24 0x00000000
core   0: 0x8000a774 (0x00000ea9) c.addi  t4, 10
core   0: 3 0x8000a774 (0x0ea9) x29 0x00000013
core   0: 0x8000a776 (0x0000838d) c.srli  a5, 3
core   0: 3 0x8000a776 (0x838d) x15 0x1c0003e8
core   0: 0x8000a778 (0x00004505) c.li    a0, 1
core   0: 3 0x8000a778 (0x4505) x10 0x00000001
core   0: 0x8000a77a (0xcb982d13) slti    s10, a6, -839
core   0: 3 0x8000a77a (0xcb982d13) x26 0x00000001
core   0: 0x8000a77e (0x00008d51) c.or    a0, a2
core   0: 3 0x8000a77e (0x8d51) x10 0x40000001
core   0: 0x8000a780 (0x0000813a) c.mv    sp, a4
core   0: 3 0x8000a780 (0x813a) x 2 0xfffffd51
core   0: 0x8000a782 (0x033ecf33) div     t5, t4, s3
core   0: 3 0x8000a782 (0x033ecf33) x30 0xffffffed
core   0: 0x8000a786 (0xff1ec0e3) blt     t4, a7, pc - 32
core   0: 3 0x8000a786 (0xff1ec0e3)
core   0: 0x8000a78a (0x01cf45b3) xor     a1, t5, t3
core   0: 3 0x8000a78a (0x01cf45b3) x11 0xffffafed
core   0: 0x8000a78e (0xffe00613) li      a2, -2
core   0: 3 0x8000a78e (0xffe00613) x12 0xfffffffe
core   0: 0x8000a792 (0x00000001) c.nop
core   0: 3 0x8000a792 (0x0001)
core   0: 0x8000a794 (0x00008ec9) c.or    a3, a0
core   0: 3 0x8000a794 (0x8ec9) x13 0x400000bd
core   0: 0x8000a796 (0x00000605) c.addi  a2, 1
core   0: 3 0x8000a796 (0x0605) x12 0xffffffff
core   0: 0x8000a798 (0x00200113) li      sp, 2
core   0: 3 0x8000a798 (0x00200113) x 2 0x00000002
core   0: 0x8000a79c (0x00a00493) li      s1, 10
core   0: 3 0x8000a79c (0x00a00493) x 9 0x0000000a
core   0: 0x8000a7a0 (0x00004f1d) c.li    t5, 7
core   0: 3 0x8000a7a0 (0x4f1d) x30 0x00000007
core   0: 0x8000a7a2 (0x0000011d) c.addi  sp, 7
core   0: 3 0x8000a7a2 (0x011d) x 2 0x00000009
core   0: 0x8000a7a4 (0x0000093e) c.slli  s2, 15
core   0: 3 0x8000a7a4 (0x093e) x18 0x000d8000
core   0: 0x8000a7a6 (0xfe916de3) bltu    sp, s1, pc - 6
core   0: 3 0x8000a7a6 (0xfe916de3)
core   0: 0x8000a7a0 (0x00004f1d) c.li    t5, 7
core   0: 3 0x8000a7a0 (0x4f1d) x30 0x00000007
core   0: 0x8000a7a2 (0x0000011d) c.addi  sp, 7
core   0: 3 0x8000a7a2 (0x011d) x 2 0x00000010
core   0: 0x8000a7a4 (0x0000093e) c.slli  s2, 15
core   0: 3 0x8000a7a4 (0x093e) x18 0xc0000000
core   0: 0x8000a7a6 (0xfe916de3) bltu    sp, s1, pc - 6
core   0: 3 0x8000a7a6 (0xfe916de3)
core   0: 0x8000a7aa (0x0000d66d) c.beqz  a2, pc - 22
core   0: 3 0x8000a7aa (0xd66d)
core   0: 0x8000a7ac (0x00008f45) c.or    a4, s1
core   0: 3 0x8000a7ac (0x8f45) x14 0xfffffd5b
core   0: 0x8000a7ae (0x00000413) li      s0, 0
core   0: 3 0x8000a7ae (0x00000413) x 8 0x00000000
core   0: 0x8000a7b2 (0x036d74b3) remu    s1, s10, s6
core   0: 3 0x8000a7b2 (0x036d74b3) x 9 0x00000001
core   0: 0x8000a7b6 (0x00600293) li      t0, 6
core   0: 3 0x8000a7b6 (0x00600293) x 5 0x00000006
core   0: 0x8000a7ba (0x02ba58b3) divu    a7, s4, a1
core   0: 3 0x8000a7ba (0x02ba58b3) x17 0x00000000
core   0: 0x8000a7be (0x0000041d) c.addi  s0, 7
core   0: 3 0x8000a7be (0x041d) x 8 0x00000007
core   0: 0x8000a7c0 (0xa9d17d37) lui     s10, 0xa9d17
core   0: 3 0x8000a7c0 (0xa9d17d37) x26 0xa9d17000
core   0: 0x8000a7c4 (0x42752213) slti    tp, a0, 1063
core   0: 3 0x8000a7c4 (0x42752213) x 4 0x00000000
core   0: 0x8000a7c8 (0x00005afd) c.li    s5, -1
core   0: 3 0x8000a7c8 (0x5afd) x21 0xffffffff
core   0: 0x8000a7ca (0x00008339) c.srli  a4, 14
core   0: 3 0x8000a7ca (0x8339) x14 0x0003ffff
core   0: 0x8000a7cc (0x0219cb33) div     s6, s3, ra
core   0: 3 0x8000a7cc (0x0219cb33) x22 0xffffffff
core   0: 0x8000a7d0 (0xff800593) li      a1, -8
core   0: 3 0x8000a7d0 (0xff800593) x11 0xfffffff8
core   0: 0x8000a7d4 (0xff100c13) li      s8, -15
core   0: 3 0x8000a7d4 (0xff100c13) x24 0xfffffff1
core   0: 0x8000a7d8 (0x00008d25) c.xor   a0, s1
core   0: 3 0x8000a7d8 (0x8d25) x10 0x40000000
core   0: 0x8000a7da (0x0000100f) fence.i
core   0: 3 0x8000a7da (0x0000100f)
core   0: 0x8000a7de (0x000067d1) c.lui   a5, 0x14
core   0: 3 0x8000a7de (0x67d1) x15 0x00014000
core   0: 0x8000a7e0 (0x00008f71) c.and   a4, a2
core   0: 3 0x8000a7e0 (0x8f71) x14 0x0003ffff
core   0: 0x8000a7e2 (0x000015e5) c.addi  a1, -7
core   0: 3 0x8000a7e2 (0x15e5) x11 0xfffffff1
core   0: 0x8000a7e4 (0x00008afe) c.mv    s5, t6
core   0: 3 0x8000a7e4 (0x8afe) x21 0x00010000
core   0: 0x8000a7e6 (0xff858ce3) beq     a1, s8, pc - 8
core   0: 3 0x8000a7e6 (0xff858ce3)
core   0: 0x8000a7de (0x000067d1) c.lui   a5, 0x14
core   0: 3 0x8000a7de (0x67d1) x15 0x00014000
core   0: 0x8000a7e0 (0x00008f71) c.and   a4, a2
core   0: 3 0x8000a7e0 (0x8f71) x14 0x0003ffff
core   0: 0x8000a7e2 (0x000015e5) c.addi  a1, -7
core   0: 3 0x8000a7e2 (0x15e5) x11 0xffffffea
core   0: 0x8000a7e4 (0x00008afe) c.mv    s5, t6
core   0: 3 0x8000a7e4 (0x8afe) x21 0x00010000
core   0: 0x8000a7e6 (0xff858ce3) beq     a1, s8, pc - 8
core   0: 3 0x8000a7e6 (0xff858ce3)
core   0: 0x8000a7ea (0xfc5468e3) bltu    s0, t0, pc - 48
core   0: 3 0x8000a7ea (0xfc5468e3)
core   0: 0x8000a7ee (0x00008f69) c.and   a4, a0
core   0: 3 0x8000a7ee (0x8f69) x14 0x00000000
core   0: 0x8000a7f0 (0x00900493) li      s1, 9
core   0: 3 0x8000a7f0 (0x00900493) x 9 0x00000009
core   0: 0x8000a7f4 (0x00900913) li      s2, 9
core   0: 3 0x8000a7f4 (0x00900913) x18 0x00000009
core   0: 0x8000a7f8 (0xb6db8b17) auipc   s6, 0xb6db8
core   0: 3 0x8000a7f8 (0xb6db8b17) x22 0x36dc27f8
core   0: 0x8000a7fc (0x0e718093) addi    ra, gp, 231
core   0: 3 0x8000a7fc (0x0e718093) x 1 0x000000e7
core   0: 0x8000a800 (0x000099da) c.add   s3, s6
core   0: 3 0x8000a800 (0x99da) x19 0x36dc27f7
core   0: 0x8000a802 (0x03311b33) mulh    s6, sp, s3
core   0: 3 0x8000a802 (0x03311b33) x22 0x00000003
core   0: 0x8000a806 (0x000083aa) c.mv    t2, a0
core   0: 3 0x8000a806 (0x83aa) x 7 0x40000000
core   0: 0x8000a808 (0x00008259) c.srli  a2, 22
core   0: 3 0x8000a808 (0x8259) x12 0x000003ff
core   0: 0x8000a80a (0xbe54b093) sltiu   ra, s1, -1051
core   0: 3 0x8000a80a (0xbe54b093) x 1 0x00000001
core   0: 0x8000a80e (0x413089b3) sub     s3, ra, s3
core   0: 3 0x8000a80e (0x413089b3) x19 0xc923d80a
core   0: 0x8000a812 (0x000014e1) c.addi  s1, -8
core   0: 3 0x8000a812 (0x14e1) x 9 0x00000001
core   0: 0x8000a814 (0xe8c44a93) xori    s5, s0, -372
core   0: 3 0x8000a814 (0xe8c44a93) x21 0xfffffe8b
core   0: 0x8000a818 (0x00008f12) c.mv    t5, tp
core   0: 3 0x8000a818 (0x8f12) x30 0x00000000
core   0: 0x8000a81a (0xd3893293) sltiu   t0, s2, -712
core   0: 3 0x8000a81a (0xd3893293) x 5 0x00000001
core   0: 0x8000a81e (0x00008199) c.srli  a1, 6
core   0: 3 0x8000a81e (0x8199) x11 0x03ffffff
core   0: 0x8000a820 (0x01e12cb3) slt     s9, sp, t5
core   0: 3 0x8000a820 (0x01e12cb3) x25 0x00000000
core   0: 0x8000a824 (0x03abce33) div     t3, s7, s10
core   0: 3 0x8000a824 (0x03abce33) x28 0x00000000
core   0: 0x8000a828 (0x00008ed5) c.or    a3, a3
core   0: 3 0x8000a828 (0x8ed5) x13 0x400000bd
core   0: 0x8000a82a (0x00008f69) c.and   a4, a0
core   0: 3 0x8000a82a (0x8f69) x14 0x00000000
core   0: 0x8000a82c (0x00008e25) c.xor   a2, s1
core   0: 3 0x8000a82c (0x8e25) x12 0x000003fe
core   0: 0x8000a82e (0x03d3f633) remu    a2, t2, t4
core   0: 3 0x8000a82e (0x03d3f633) x12 0x0000000b
core   0: 0x8000a832 (0xfd24fae3) bgeu    s1, s2, pc - 44
core   0: 3 0x8000a832 (0xfd24fae3)
core   0: 0x8000a836 (0x00345c93) srli    s9, s0, 3
core   0: 3 0x8000a836 (0x00345c93) x25 0x00000000
core   0: 0x8000a83a (0x00600713) li      a4, 6
core   0: 3 0x8000a83a (0x00600713) x14 0x00000006
core   0: 0x8000a83e (0x014edfb3) srl     t6, t4, s4
core   0: 3 0x8000a83e (0x014edfb3) x31 0x00000000
core   0: 0x8000a842 (0x403cde33) sra     t3, s9, gp
core   0: 3 0x8000a842 (0x403cde33) x28 0x00000000
core   0: 0x8000a846 (0x0292d6b3) divu    a3, t0, s1
core   0: 3 0x8000a846 (0x0292d6b3) x13 0x00000001
core   0: 0x8000a84a (0x00c00f13) li      t5, 12
core   0: 3 0x8000a84a (0x00c00f13) x30 0x0000000c
core   0: 0x8000a84e (0x00008e4d) c.or    a2, a1
core   0: 3 0x8000a84e (0x8e4d) x12 0x03ffffff
core   0: 0x8000a850 (0x00001b7d) c.addi  s6, -1
core   0: 3 0x8000a850 (0x1b7d) x22 0x00000002
core   0: 0x8000a852 (0x013bd3b3) srl     t2, s7, s3
core   0: 3 0x8000a852 (0x013bd3b3) x 7 0x00000060
core   0: 0x8000a856 (0x00000719) c.addi  a4, 6
core   0: 3 0x8000a856 (0x0719) x14 0x0000000c
core   0: 0x8000a858 (0xf2dcf213) andi    tp, s9, -211
core   0: 3 0x8000a858 (0xf2dcf213) x 4 0x00000000
core   0: 0x8000a85c (0x54a0c093) xori    ra, ra, 1354
core   0: 3 0x8000a85c (0x54a0c093) x 1 0x0000054b
core   0: 0x8000a860 (0x2e773b97) auipc   s7, 0x2e773
core   0: 3 0x8000a860 (0x2e773b97) x23 0xae77d860
core   0: 0x8000a864 (0xeed4a497) auipc   s1, 0xeed4a
core   0: 3 0x8000a864 (0xeed4a497) x 9 0x6ed54864
core   0: 0x8000a868 (0x983a0213) addi    tp, s4, -1661
core   0: 3 0x8000a868 (0x983a0213) x 4 0xa72eebe1
core   0: 0x8000a86c (0x03e70233) mul     tp, a4, t5
core   0: 3 0x8000a86c (0x03e70233) x 4 0x00000090
core   0: 0x8000a870 (0x01aa3133) sltu    sp, s4, s10
core   0: 3 0x8000a870 (0x01aa3133) x 2 0x00000001
core   0: 0x8000a874 (0xff700d93) li      s11, -9
core   0: 3 0x8000a874 (0xff700d93) x27 0xfffffff7
core   0: 0x8000a878 (0x0000987d) c.andi  s0, -1
core   0: 3 0x8000a878 (0x987d) x 8 0x00000007
core   0: 0x8000a87a (0x00008ff1) c.and   a5, a2
core   0: 3 0x8000a87a (0x8ff1) x15 0x00014000
core   0: 0x8000a87c (0x12764d13) xori    s10, a2, 295
core   0: 3 0x8000a87c (0x12764d13) x26 0x03fffed8
core   0: 0x8000a880 (0xffc00293) li      t0, -4
core   0: 3 0x8000a880 (0xffc00293) x 5 0xfffffffc
core   0: 0x8000a884 (0x00000001) c.nop
core   0: 3 0x8000a884 (0x0001)
core   0: 0x8000a886 (0x00000d85) c.addi  s11, 1
core   0: 3 0x8000a886 (0x0d85) x27 0xfffffff8
core   0: 0x8000a888 (0x01d1d493) srli    s1, gp, 29
core   0: 3 0x8000a888 (0x01d1d493) x 9 0x00000000
core   0: 0x8000a88c (0xfe5dcce3) blt     s11, t0, pc - 8
core   0: 3 0x8000a88c (0xfe5dcce3)
core   0: 0x8000a884 (0x00000001) c.nop
core   0: 3 0x8000a884 (0x0001)
core   0: 0x8000a886 (0x00000d85) c.addi  s11, 1
core   0: 3 0x8000a886 (0x0d85) x27 0xfffffff9
core   0: 0x8000a888 (0x01d1d493) srli    s1, gp, 29
core   0: 3 0x8000a888 (0x01d1d493) x 9 0x00000000
core   0: 0x8000a88c (0xfe5dcce3) blt     s11, t0, pc - 8
core   0: 3 0x8000a88c (0xfe5dcce3)
core   0: 0x8000a884 (0x00000001) c.nop
core   0: 3 0x8000a884 (0x0001)
core   0: 0x8000a886 (0x00000d85) c.addi  s11, 1
core   0: 3 0x8000a886 (0x0d85) x27 0xfffffffa
core   0: 0x8000a888 (0x01d1d493) srli    s1, gp, 29
core   0: 3 0x8000a888 (0x01d1d493) x 9 0x00000000
core   0: 0x8000a88c (0xfe5dcce3) blt     s11, t0, pc - 8
core   0: 3 0x8000a88c (0xfe5dcce3)
core   0: 0x8000a884 (0x00000001) c.nop
core   0: 3 0x8000a884 (0x0001)
core   0: 0x8000a886 (0x00000d85) c.addi  s11, 1
core   0: 3 0x8000a886 (0x0d85) x27 0xfffffffb
core   0: 0x8000a888 (0x01d1d493) srli    s1, gp, 29
core   0: 3 0x8000a888 (0x01d1d493) x 9 0x00000000
core   0: 0x8000a88c (0xfe5dcce3) blt     s11, t0, pc - 8
core   0: 3 0x8000a88c (0xfe5dcce3)
core   0: 0x8000a884 (0x00000001) c.nop
core   0: 3 0x8000a884 (0x0001)
core   0: 0x8000a886 (0x00000d85) c.addi  s11, 1
core   0: 3 0x8000a886 (0x0d85) x27 0xfffffffc
core   0: 0x8000a888 (0x01d1d493) srli    s1, gp, 29
core   0: 3 0x8000a888 (0x01d1d493) x 9 0x00000000
core   0: 0x8000a88c (0xfe5dcce3) blt     s11, t0, pc - 8
core   0: 3 0x8000a88c (0xfe5dcce3)
core   0: 0x8000a890 (0x00000ed6) c.slli  t4, 21
core   0: 3 0x8000a890 (0x0ed6) x29 0x02600000
core   0: 0x8000a892 (0x013c7fb3) and     t6, s8, s3
core   0: 3 0x8000a892 (0x013c7fb3) x31 0xc923d800
core   0: 0x8000a896 (0x402a85b3) sub     a1, s5, sp
core   0: 3 0x8000a896 (0x402a85b3) x11 0xfffffe8a
core   0: 0x8000a89a (0x00000001) c.nop
core   0: 3 0x8000a89a (0x0001)
core   0: 0x8000a89c (0x03ddfcb3) remu    s9, s11, t4
core   0: 3 0x8000a89c (0x03ddfcb3) x25 0x01dffffc
core   0: 0x8000a8a0 (0xfbe718e3) bne     a4, t5, pc - 80
core   0: 3 0x8000a8a0 (0xfbe718e3)
core   0: 0x8000a8a4 (0x400c5ab3) sra     s5, s8, zero
core   0: 3 0x8000a8a4 (0x400c5ab3) x21 0xfffffff1
core   0: 0x8000a8a8 (0x00800593) li      a1, 8
core   0: 3 0x8000a8a8 (0x00800593) x11 0x00000008
core   0: 0x8000a8ac (0x00d00f13) li      t5, 13
core   0: 3 0x8000a8ac (0x00d00f13) x30 0x0000000d
core   0: 0x8000a8b0 (0xfb954a93) xori    s5, a0, -71
core   0: 3 0x8000a8b0 (0xfb954a93) x21 0xbfffffb9
core   0: 0x8000a8b4 (0x7f1a6237) lui     tp, 0x7f1a6
core   0: 3 0x8000a8b4 (0x7f1a6237) x 4 0x7f1a6000
core   0: 0x8000a8b8 (0x00008e69) c.and   a2, a0
core   0: 3 0x8000a8b8 (0x8e69) x12 0x00000000
core   0: 0x8000a8ba (0x00000a9a) c.slli  s5, 6
core   0: 3 0x8000a8ba (0x0a9a) x21 0xffffee40
core   0: 0x8000a8bc (0x00000585) c.addi  a1, 1
core   0: 3 0x8000a8bc (0x0585) x11 0x00000009
core   0: 0x8000a8be (0x1459f297) auipc   t0, 0x1459f
core   0: 3 0x8000a8be (0x1459f297) x 5 0x945a98be
core   0: 0x8000a8c2 (0x9edf3b93) sltiu   s7, t5, -1555
core   0: 3 0x8000a8c2 (0x9edf3b93) x23 0x00000001
core   0: 0x8000a8c6 (0xffe587e3) beq     a1, t5, pc - 18
core   0: 3 0x8000a8c6 (0xffe587e3)
core   0: 0x8000a8ca (0xce11efb7) lui     t6, 0xce11e
core   0: 3 0x8000a8ca (0xce11efb7) x31 0xce11e000
core   0: 0x8000a8ce (0x00900b93) li      s7, 9
core   0: 3 0x8000a8ce (0x00900b93) x23 0x00000009
core   0: 0x8000a8d2 (0x0000031c) c.addi4spn a5, sp, 384
core   0: 3 0x8000a8d2 (0x031c) x15 0x00000181
core   0: 0x8000a8d4 (0x02ab48b3) div     a7, s6, a0
core   0: 3 0x8000a8d4 (0x02ab48b3) x17 0x00000000
core   0: 0x8000a8d8 (0x02b03133) mulhu   sp, zero, a1
core   0: 3 0x8000a8d8 (0x02b03133) x 2 0x00000000
core   0: 0x8000a8dc (0x03ed99b3) mulh    s3, s11, t5
core   0: 3 0x8000a8dc (0x03ed99b3) x19 0xffffffff
core   0: 0x8000a8e0 (0x00500613) li      a2, 5
core   0: 3 0x8000a8e0 (0x00500613) x12 0x00000005
core   0: 0x8000a8e4 (0x03fa2033) mulhsu  zero, s4, t6
core   0: 3 0x8000a8e4 (0x03fa2033)
core   0: 0x8000a8e8 (0x00008cc9) c.or    s1, a0
core   0: 3 0x8000a8e8 (0x8cc9) x 9 0x40000000
core   0: 0x8000a8ea (0x00bbdd33) srl     s10, s7, a1
core   0: 3 0x8000a8ea (0x00bbdd33) x26 0x00000000
core   0: 0x8000a8ee (0x000010fd) c.addi  ra, -1
core   0: 3 0x8000a8ee (0x10fd) x 1 0x0000054a
core   0: 0x8000a8f0 (0x412e0d33) sub     s10, t3, s2
core   0: 3 0x8000a8f0 (0x412e0d33) x26 0xfffffff7
core   0: 0x8000a8f4 (0x00001bf5) c.addi  s7, -3
core   0: 3 0x8000a8f4 (0x1bf5) x23 0x00000006
core   0: 0x8000a8f6 (0x031356b3) divu    a3, t1, a7
core   0: 3 0x8000a8f6 (0x031356b3) x13 0xffffffff
core   0: 0x8000a8fa (0xffe00593) li      a1, -2
core   0: 3 0x8000a8fa (0xffe00593) x11 0xfffffffe
core   0: 0x8000a8fe (0x8139f293) andi    t0, s3, -2029
core   0: 3 0x8000a8fe (0x8139f293) x 5 0xfffff813
core   0: 0x8000a902 (0x035c5533) divu    a0, s8, s5
core   0: 3 0x8000a902 (0x035c5533) x10 0x00000001
core   0: 0x8000a906 (0x00c00f13) li      t5, 12
core   0: 3 0x8000a906 (0x00c00f13) x30 0x0000000c
core   0: 0x8000a90a (0x00ba5493) srli    s1, s4, 11
core   0: 3 0x8000a90a (0x00ba5493) x 9 0x0014e5de
core   0: 0x8000a90e (0x00000001) c.nop
core   0: 3 0x8000a90e (0x0001)
core   0: 0x8000a910 (0xa0814d17) auipc   s10, 0xa0814
core   0: 3 0x8000a910 (0xa0814d17) x26 0x2081e910
core   0: 0x8000a914 (0x00000599) c.addi  a1, 6
core   0: 3 0x8000a914 (0x0599) x11 0x00000004
core   0: 0x8000a916 (0x0781f793) andi    a5, gp, 120
core   0: 3 0x8000a916 (0x0781f793) x15 0x00000000
core   0: 0x8000a91a (0x00981213) slli    tp, a6, 9
core   0: 3 0x8000a91a (0x00981213) x 4 0x04d9c800
core   0: 0x8000a91e (0x00001efd) c.addi  t4, -1
core   0: 3 0x8000a91e (0x1efd) x29 0x025fffff
core   0: 0x8000a920 (0xffe5c8e3) blt     a1, t5, pc - 16
core   0: 3 0x8000a920 (0xffe5c8e3)
core   0: 0x8000a910 (0xa0814d17) auipc   s10, 0xa0814
core   0: 3 0x8000a910 (0xa0814d17) x26 0x2081e910
core   0: 0x8000a914 (0x00000599) c.addi  a1, 6
core   0: 3 0x8000a914 (0x0599) x11 0x0000000a
core   0: 0x8000a916 (0x0781f793) andi    a5, gp, 120
core   0: 3 0x8000a916 (0x0781f793) x15 0x00000000
core   0: 0x8000a91a (0x00981213) slli    tp, a6, 9
core   0: 3 0x8000a91a (0x00981213) x 4 0x04d9c800
core   0: 0x8000a91e (0x00001efd) c.addi  t4, -1
core   0: 3 0x8000a91e (0x1efd) x29 0x025ffffe
core   0: 0x8000a920 (0xffe5c8e3) blt     a1, t5, pc - 16
core   0: 3 0x8000a920 (0xffe5c8e3)
core   0: 0x8000a910 (0xa0814d17) auipc   s10, 0xa0814
core   0: 3 0x8000a910 (0xa0814d17) x26 0x2081e910
core   0: 0x8000a914 (0x00000599) c.addi  a1, 6
core   0: 3 0x8000a914 (0x0599) x11 0x00000010
core   0: 0x8000a916 (0x0781f793) andi    a5, gp, 120
core   0: 3 0x8000a916 (0x0781f793) x15 0x00000000
core   0: 0x8000a91a (0x00981213) slli    tp, a6, 9
core   0: 3 0x8000a91a (0x00981213) x 4 0x04d9c800
core   0: 0x8000a91e (0x00001efd) c.addi  t4, -1
core   0: 3 0x8000a91e (0x1efd) x29 0x025ffffd
core   0: 0x8000a920 (0xffe5c8e3) blt     a1, t5, pc - 16
core   0: 3 0x8000a920 (0xffe5c8e3)
core   0: 0x8000a924 (0x00000001) c.nop
core   0: 3 0x8000a924 (0x0001)
core   0: 0x8000a926 (0x00009c6e) c.add   s8, s11
core   0: 3 0x8000a926 (0x9c6e) x24 0xffffffed
core   0: 0x8000a928 (0xfccbf0e3) bgeu    s7, a2, pc - 64
core   0: 3 0x8000a928 (0xfccbf0e3)
core   0: 0x8000a8e8 (0x00008cc9) c.or    s1, a0
core   0: 3 0x8000a8e8 (0x8cc9) x 9 0x0014e5df
core   0: 0x8000a8ea (0x00bbdd33) srl     s10, s7, a1
core   0: 3 0x8000a8ea (0x00bbdd33) x26 0x00000000
core   0: 0x8000a8ee (0x000010fd) c.addi  ra, -1
core   0: 3 0x8000a8ee (0x10fd) x 1 0x00000549
core   0: 0x8000a8f0 (0x412e0d33) sub     s10, t3, s2
core   0: 3 0x8000a8f0 (0x412e0d33) x26 0xfffffff7
core   0: 0x8000a8f4 (0x00001bf5) c.addi  s7, -3
core   0: 3 0x8000a8f4 (0x1bf5) x23 0x00000003
core   0: 0x8000a8f6 (0x031356b3) divu    a3, t1, a7
core   0: 3 0x8000a8f6 (0x031356b3) x13 0xffffffff
core   0: 0x8000a8fa (0xffe00593) li      a1, -2
core   0: 3 0x8000a8fa (0xffe00593) x11 0xfffffffe
core   0: 0x8000a8fe (0x8139f293) andi    t0, s3, -2029
core   0: 3 0x8000a8fe (0x8139f293) x 5 0xfffff813
core   0: 0x8000a902 (0x035c5533) divu    a0, s8, s5
core   0: 3 0x8000a902 (0x035c5533) x10 0x00000001
core   0: 0x8000a906 (0x00c00f13) li      t5, 12
core   0: 3 0x8000a906 (0x00c00f13) x30 0x0000000c
core   0: 0x8000a90a (0x00ba5493) srli    s1, s4, 11
core   0: 3 0x8000a90a (0x00ba5493) x 9 0x0014e5de
core   0: 0x8000a90e (0x00000001) c.nop
core   0: 3 0x8000a90e (0x0001)
core   0: 0x8000a910 (0xa0814d17) auipc   s10, 0xa0814
core   0: 3 0x8000a910 (0xa0814d17) x26 0x2081e910
core   0: 0x8000a914 (0x00000599) c.addi  a1, 6
core   0: 3 0x8000a914 (0x0599) x11 0x00000004
core   0: 0x8000a916 (0x0781f793) andi    a5, gp, 120
core   0: 3 0x8000a916 (0x0781f793) x15 0x00000000
core   0: 0x8000a91a (0x00981213) slli    tp, a6, 9
core   0: 3 0x8000a91a (0x00981213) x 4 0x04d9c800
core   0: 0x8000a91e (0x00001efd) c.addi  t4, -1
core   0: 3 0x8000a91e (0x1efd) x29 0x025ffffc
core   0: 0x8000a920 (0xffe5c8e3) blt     a1, t5, pc - 16
core   0: 3 0x8000a920 (0xffe5c8e3)
core   0: 0x8000a910 (0xa0814d17) auipc   s10, 0xa0814
core   0: 3 0x8000a910 (0xa0814d17) x26 0x2081e910
core   0: 0x8000a914 (0x00000599) c.addi  a1, 6
core   0: 3 0x8000a914 (0x0599) x11 0x0000000a
core   0: 0x8000a916 (0x0781f793) andi    a5, gp, 120
core   0: 3 0x8000a916 (0x0781f793) x15 0x00000000
core   0: 0x8000a91a (0x00981213) slli    tp, a6, 9
core   0: 3 0x8000a91a (0x00981213) x 4 0x04d9c800
core   0: 0x8000a91e (0x00001efd) c.addi  t4, -1
core   0: 3 0x8000a91e (0x1efd) x29 0x025ffffb
core   0: 0x8000a920 (0xffe5c8e3) blt     a1, t5, pc - 16
core   0: 3 0x8000a920 (0xffe5c8e3)
core   0: 0x8000a910 (0xa0814d17) auipc   s10, 0xa0814
core   0: 3 0x8000a910 (0xa0814d17) x26 0x2081e910
core   0: 0x8000a914 (0x00000599) c.addi  a1, 6
core   0: 3 0x8000a914 (0x0599) x11 0x00000010
core   0: 0x8000a916 (0x0781f793) andi    a5, gp, 120
core   0: 3 0x8000a916 (0x0781f793) x15 0x00000000
core   0: 0x8000a91a (0x00981213) slli    tp, a6, 9
core   0: 3 0x8000a91a (0x00981213) x 4 0x04d9c800
core   0: 0x8000a91e (0x00001efd) c.addi  t4, -1
core   0: 3 0x8000a91e (0x1efd) x29 0x025ffffa
core   0: 0x8000a920 (0xffe5c8e3) blt     a1, t5, pc - 16
core   0: 3 0x8000a920 (0xffe5c8e3)
core   0: 0x8000a924 (0x00000001) c.nop
core   0: 3 0x8000a924 (0x0001)
core   0: 0x8000a926 (0x00009c6e) c.add   s8, s11
core   0: 3 0x8000a926 (0x9c6e) x24 0xffffffe9
core   0: 0x8000a928 (0xfccbf0e3) bgeu    s7, a2, pc - 64
core   0: 3 0x8000a928 (0xfccbf0e3)
core   0: 0x8000a92c (0x01026db3) or      s11, tp, a6
core   0: 3 0x8000a92c (0x01026db3) x27 0x84dbece4
core   0: 0x8000a930 (0xff600413) li      s0, -10
core   0: 3 0x8000a930 (0xff600413) x 8 0xfffffff6
core   0: 0x8000a934 (0x0346b733) mulhu   a4, a3, s4
core   0: 3 0x8000a934 (0x0346b733) x14 0xa72ef25d
core   0: 0x8000a938 (0x00000001) c.nop
core   0: 3 0x8000a938 (0x0001)
core   0: 0x8000a93a (0x00000001) c.nop
core   0: 3 0x8000a93a (0x0001)
core   0: 0x8000a93c (0x0086ce93) xori    t4, a3, 8
core   0: 3 0x8000a93c (0x0086ce93) x29 0xfffffff7
core   0: 0x8000a940 (0x00000429) c.addi  s0, 10
core   0: 3 0x8000a940 (0x0429) x 8 0x00000000
core   0: 0x8000a942 (0x0000dc65) c.beqz  s0, pc - 8
core   0: 3 0x8000a942 (0xdc65)
core   0: 0x8000a93a (0x00000001) c.nop
core   0: 3 0x8000a93a (0x0001)
core   0: 0x8000a93c (0x0086ce93) xori    t4, a3, 8
core   0: 3 0x8000a93c (0x0086ce93) x29 0xfffffff7
core   0: 0x8000a940 (0x00000429) c.addi  s0, 10
core   0: 3 0x8000a940 (0x0429) x 8 0x0000000a
core   0: 0x8000a942 (0x0000dc65) c.beqz  s0, pc - 8
core   0: 3 0x8000a942 (0xdc65)
core   0: 0x8000a944 (0x03568933) mul     s2, a3, s5
core   0: 3 0x8000a944 (0x03568933) x18 0x000011c0
core   0: 0x8000a948 (0x00900893) li      a7, 9
core   0: 3 0x8000a948 (0x00900893) x17 0x00000009
core   0: 0x8000a94c (0xff000b13) li      s6, -16
core   0: 3 0x8000a94c (0xff000b13) x22 0xfffffff0
core   0: 0x8000a950 (0x00d18733) add     a4, gp, a3
core   0: 3 0x8000a950 (0x00d18733) x14 0xffffffff
core   0: 0x8000a954 (0x0000717d) c.addi16sp sp, -16
core   0: 3 0x8000a954 (0x717d) x 2 0xfffffff0
core   0: 0x8000a956 (0x000018d9) c.addi  a7, -10
core   0: 3 0x8000a956 (0x18d9) x17 0xffffffff
core   0: 0x8000a958 (0xff68dce3) bge     a7, s6, pc - 8
core   0: 3 0x8000a958 (0xff68dce3)
core   0: 0x8000a950 (0x00d18733) add     a4, gp, a3
core   0: 3 0x8000a950 (0x00d18733) x14 0xffffffff
core   0: 0x8000a954 (0x0000717d) c.addi16sp sp, -16
core   0: 3 0x8000a954 (0x717d) x 2 0xffffffe0
core   0: 0x8000a956 (0x000018d9) c.addi  a7, -10
core   0: 3 0x8000a956 (0x18d9) x17 0xfffffff5
core   0: 0x8000a958 (0xff68dce3) bge     a7, s6, pc - 8
core   0: 3 0x8000a958 (0xff68dce3)
core   0: 0x8000a950 (0x00d18733) add     a4, gp, a3
core   0: 3 0x8000a950 (0x00d18733) x14 0xffffffff
core   0: 0x8000a954 (0x0000717d) c.addi16sp sp, -16
core   0: 3 0x8000a954 (0x717d) x 2 0xffffffd0
core   0: 0x8000a956 (0x000018d9) c.addi  a7, -10
core   0: 3 0x8000a956 (0x18d9) x17 0xffffffeb
core   0: 0x8000a958 (0xff68dce3) bge     a7, s6, pc - 8
core   0: 3 0x8000a958 (0xff68dce3)
core   0: 0x8000a95c (0x0161be33) sltu    t3, gp, s6
core   0: 3 0x8000a95c (0x0161be33) x28 0x00000001
core   0: 0x8000a960 (0x00600713) li      a4, 6
core   0: 3 0x8000a960 (0x00600713) x14 0x00000006
core   0: 0x8000a964 (0x00000001) c.nop
core   0: 3 0x8000a964 (0x0001)
core   0: 0x8000a966 (0x033562b3) rem     t0, a0, s3
core   0: 3 0x8000a966 (0x033562b3) x 5 0x00000000
core   0: 0x8000a96a (0xa181f917) auipc   s2, 0xa181f
core   0: 3 0x8000a96a (0xa181f917) x18 0x2182996a
core   0: 0x8000a96e (0x00001769) c.addi  a4, -6
core   0: 3 0x8000a96e (0x1769) x14 0x00000000
core   0: 0x8000a970 (0x0000822a) c.mv    tp, a0
core   0: 3 0x8000a970 (0x822a) x 4 0x00000001
core   0: 0x8000a972 (0xfff00b13) li      s6, -1
core   0: 3 0x8000a972 (0xfff00b13) x22 0xffffffff
core   0: 0x8000a976 (0xff700f93) li      t6, -9
core   0: 3 0x8000a976 (0xff700f93) x31 0xfffffff7
core   0: 0x8000a97a (0xbe024637) lui     a2, 0xbe024
core   0: 3 0x8000a97a (0xbe024637) x12 0xbe024000
core   0: 0x8000a97e (0x000065e1) c.lui   a1, 0x18
core   0: 3 0x8000a97e (0x65e1) x11 0x00018000
core   0: 0x8000a980 (0x00001b79) c.addi  s6, -2
core   0: 3 0x8000a980 (0x1b79) x22 0xfffffffd
core   0: 0x8000a982 (0xfffb0ee3) beq     s6, t6, pc - 4
core   0: 3 0x8000a982 (0xfffb0ee3)
core   0: 0x8000a986 (0x0000d365) c.beqz  a4, pc - 32
core   0: 3 0x8000a986 (0xd365)
core   0: 0x8000a966 (0x033562b3) rem     t0, a0, s3
core   0: 3 0x8000a966 (0x033562b3) x 5 0x00000000
core   0: 0x8000a96a (0xa181f917) auipc   s2, 0xa181f
core   0: 3 0x8000a96a (0xa181f917) x18 0x2182996a
core   0: 0x8000a96e (0x00001769) c.addi  a4, -6
core   0: 3 0x8000a96e (0x1769) x14 0xfffffffa
core   0: 0x8000a970 (0x0000822a) c.mv    tp, a0
core   0: 3 0x8000a970 (0x822a) x 4 0x00000001
core   0: 0x8000a972 (0xfff00b13) li      s6, -1
core   0: 3 0x8000a972 (0xfff00b13) x22 0xffffffff
core   0: 0x8000a976 (0xff700f93) li      t6, -9
core   0: 3 0x8000a976 (0xff700f93) x31 0xfffffff7
core   0: 0x8000a97a (0xbe024637) lui     a2, 0xbe024
core   0: 3 0x8000a97a (0xbe024637) x12 0xbe024000
core   0: 0x8000a97e (0x000065e1) c.lui   a1, 0x18
core   0: 3 0x8000a97e (0x65e1) x11 0x00018000
core   0: 0x8000a980 (0x00001b79) c.addi  s6, -2
core   0: 3 0x8000a980 (0x1b79) x22 0xfffffffd
core   0: 0x8000a982 (0xfffb0ee3) beq     s6, t6, pc - 4
core   0: 3 0x8000a982 (0xfffb0ee3)
core   0: 0x8000a986 (0x0000d365) c.beqz  a4, pc - 32
core   0: 3 0x8000a986 (0xd365)
core   0: 0x8000a988 (0x0000100f) fence.i
core   0: 3 0x8000a988 (0x0000100f)
core   0: 0x8000a98c (0xfff00993) li      s3, -1
core   0: 3 0x8000a98c (0xfff00993) x19 0xffffffff
core   0: 0x8000a990 (0x01ae6533) or      a0, t3, s10
core   0: 3 0x8000a990 (0x01ae6533) x10 0x2081e911
core   0: 0x8000a994 (0x00006925) c.lui   s2, 0x9
core   0: 3 0x8000a994 (0x6925) x18 0x00009000
core   0: 0x8000a996 (0x00400e13) li      t3, 4
core   0: 3 0x8000a996 (0x00400e13) x28 0x00000004
core   0: 0x8000a99a (0x01bcb033) sltu    zero, s9, s11
core   0: 3 0x8000a99a (0x01bcb033)
core   0: 0x8000a99e (0x000009a9) c.addi  s3, 10
core   0: 3 0x8000a99e (0x09a9) x19 0x00000009
core   0: 0x8000a9a0 (0xffe00493) li      s1, -2
core   0: 3 0x8000a9a0 (0xffe00493) x 9 0xfffffffe
core   0: 0x8000a9a4 (0x00000001) c.nop
core   0: 3 0x8000a9a4 (0x0001)
core   0: 0x8000a9a6 (0xfed00393) li      t2, -19
core   0: 3 0x8000a9a6 (0xfed00393) x 7 0xffffffed
core   0: 0x8000a9aa (0x0100dbb3) srl     s7, ra, a6
core   0: 3 0x8000a9aa (0x0100dbb3) x23 0x00000054
core   0: 0x8000a9ae (0x02e571b3) remu    gp, a0, a4
core   0: 3 0x8000a9ae (0x02e571b3) x 3 0x2081e911
core   0: 0x8000a9b2 (0x000014f1) c.addi  s1, -4
core   0: 3 0x8000a9b2 (0x14f1) x 9 0xfffffffa
core   0: 0x8000a9b4 (0x0ff0000f) fence   iorw,iorw
core   0: 3 0x8000a9b4 (0x0ff0000f)
core   0: 0x8000a9b8 (0xfe74dbe3) bge     s1, t2, pc - 10
core   0: 3 0x8000a9b8 (0xfe74dbe3)
core   0: 0x8000a9ae (0x02e571b3) remu    gp, a0, a4
core   0: 3 0x8000a9ae (0x02e571b3) x 3 0x2081e911
core   0: 0x8000a9b2 (0x000014f1) c.addi  s1, -4
core   0: 3 0x8000a9b2 (0x14f1) x 9 0xfffffff6
core   0: 0x8000a9b4 (0x0ff0000f) fence   iorw,iorw
core   0: 3 0x8000a9b4 (0x0ff0000f)
core   0: 0x8000a9b8 (0xfe74dbe3) bge     s1, t2, pc - 10
core   0: 3 0x8000a9b8 (0xfe74dbe3)
core   0: 0x8000a9ae (0x02e571b3) remu    gp, a0, a4
core   0: 3 0x8000a9ae (0x02e571b3) x 3 0x2081e911
core   0: 0x8000a9b2 (0x000014f1) c.addi  s1, -4
core   0: 3 0x8000a9b2 (0x14f1) x 9 0xfffffff2
core   0: 0x8000a9b4 (0x0ff0000f) fence   iorw,iorw
core   0: 3 0x8000a9b4 (0x0ff0000f)
core   0: 0x8000a9b8 (0xfe74dbe3) bge     s1, t2, pc - 10
core   0: 3 0x8000a9b8 (0xfe74dbe3)
core   0: 0x8000a9ae (0x02e571b3) remu    gp, a0, a4
core   0: 3 0x8000a9ae (0x02e571b3) x 3 0x2081e911
core   0: 0x8000a9b2 (0x000014f1) c.addi  s1, -4
core   0: 3 0x8000a9b2 (0x14f1) x 9 0xffffffee
core   0: 0x8000a9b4 (0x0ff0000f) fence   iorw,iorw
core   0: 3 0x8000a9b4 (0x0ff0000f)
core   0: 0x8000a9b8 (0xfe74dbe3) bge     s1, t2, pc - 10
core   0: 3 0x8000a9b8 (0xfe74dbe3)
core   0: 0x8000a9ae (0x02e571b3) remu    gp, a0, a4
core   0: 3 0x8000a9ae (0x02e571b3) x 3 0x2081e911
core   0: 0x8000a9b2 (0x000014f1) c.addi  s1, -4
core   0: 3 0x8000a9b2 (0x14f1) x 9 0xffffffea
core   0: 0x8000a9b4 (0x0ff0000f) fence   iorw,iorw
core   0: 3 0x8000a9b4 (0x0ff0000f)
core   0: 0x8000a9b8 (0xfe74dbe3) bge     s1, t2, pc - 10
core   0: 3 0x8000a9b8 (0xfe74dbe3)
core   0: 0x8000a9bc (0xfdc9efe3) bltu    s3, t3, pc - 34
core   0: 3 0x8000a9bc (0xfdc9efe3)
core   0: 0x8000a9c0 (0x00008efd) c.and   a3, a5
core   0: 3 0x8000a9c0 (0x8efd) x13 0x00000000
core   0: 0x8000a9c2 (0x00000113) li      sp, 0
core   0: 3 0x8000a9c2 (0x00000113) x 2 0x00000000
core   0: 0x8000a9c6 (0xa05a6293) ori     t0, s4, -1531
core   0: 3 0x8000a9c6 (0xa05a6293) x 5 0xfffffa5f
core   0: 0x8000a9ca (0x41485cb3) sra     s9, a6, s4
core   0: 3 0x8000a9ca (0x41485cb3) x25 0xfffffffe
core   0: 0x8000a9ce (0x00900713) li      a4, 9
core   0: 3 0x8000a9ce (0x00900713) x14 0x00000009
core   0: 0x8000a9d2 (0xafe78b13) addi    s6, a5, -1282
core   0: 3 0x8000a9d2 (0xafe78b13) x22 0xfffffafe
core   0: 0x8000a9d6 (0x0000147d) c.addi  s0, -1
core   0: 3 0x8000a9d6 (0x147d) x 8 0x00000009
core   0: 0x8000a9d8 (0x0091d2b3) srl     t0, gp, s1
core   0: 3 0x8000a9d8 (0x0091d2b3) x 5 0x0008207a
core   0: 0x8000a9dc (0x50d17413) andi    s0, sp, 1293
core   0: 3 0x8000a9dc (0x50d17413) x 8 0x00000000
core   0: 0x8000a9e0 (0x03f0d9b3) divu    s3, ra, t6
core   0: 3 0x8000a9e0 (0x03f0d9b3) x19 0x00000000
core   0: 0x8000a9e4 (0x00000129) c.addi  sp, 10
core   0: 3 0x8000a9e4 (0x0129) x 2 0x0000000a
core   0: 0x8000a9e6 (0x00008e75) c.and   a2, a3
core   0: 3 0x8000a9e6 (0x8e75) x12 0x00000000
core   0: 0x8000a9e8 (0x0000100f) fence.i
core   0: 3 0x8000a9e8 (0x0000100f)
core   0: 0x8000a9ec (0x010563b3) or      t2, a0, a6
core   0: 3 0x8000a9ec (0x010563b3) x 7 0xa083edf5
core   0: 0x8000a9f0 (0x00000001) c.nop
core   0: 3 0x8000a9f0 (0x0001)
core   0: 0x8000a9f2 (0x00cfbcb3) sltu    s9, t6, a2
core   0: 3 0x8000a9f2 (0x00cfbcb3) x25 0x00000000
core   0: 0x8000a9f6 (0x000006ca) c.slli  a3, 18
core   0: 3 0x8000a9f6 (0x06ca) x13 0x00000000
core   0: 0x8000a9f8 (0x03081533) mulh    a0, a6, a6
core   0: 3 0x8000a9f8 (0x03081533) x10 0x3ffd9321
core   0: 0x8000a9fc (0x0295ae33) mulhsu  t3, a1, s1
core   0: 3 0x8000a9fc (0x0295ae33) x28 0x00017fff
core   0: 0x8000aa00 (0x41a2de33) sra     t3, t0, s10
core   0: 3 0x8000aa00 (0x41a2de33) x28 0x00000008
core   0: 0x8000aa04 (0x00008e25) c.xor   a2, s1
core   0: 3 0x8000aa04 (0x8e25) x12 0xffffffea
core   0: 0x8000aa06 (0xfce16be3) bltu    sp, a4, pc - 42
core   0: 3 0x8000aa06 (0xfce16be3)
core   0: 0x8000aa0a (0x00008d25) c.xor   a0, s1
core   0: 3 0x8000aa0a (0x8d25) x10 0xc0026ccb
core   0: 0x8000aa0c (0x00900413) li      s0, 9
core   0: 3 0x8000aa0c (0x00900413) x 8 0x00000009
core   0: 0x8000aa10 (0x03b033b3) mulhu   t2, zero, s11
core   0: 3 0x8000aa10 (0x03b033b3) x 7 0x00000000
core   0: 0x8000aa14 (0x02545bb3) divu    s7, s0, t0
core   0: 3 0x8000aa14 (0x02545bb3) x23 0x00000000
core   0: 0x8000aa18 (0x000084a5) c.srai  s1, 9
core   0: 3 0x8000aa18 (0x84a5) x 9 0xffffffff
core   0: 0x8000aa1a (0x40e85893) srai    a7, a6, 14
core   0: 3 0x8000aa1a (0x40e85893) x17 0xfffe0009
core   0: 0x8000aa1e (0x03de74b3) remu    s1, t3, t4
core   0: 3 0x8000aa1e (0x03de74b3) x 9 0x00000008
core   0: 0x8000aa22 (0x00f00b13) li      s6, 15
core   0: 3 0x8000aa22 (0x00f00b13) x22 0x0000000f
core   0: 0x8000aa26 (0x0343ff33) remu    t5, t2, s4
core   0: 3 0x8000aa26 (0x0343ff33) x30 0x00000000
core   0: 0x8000aa2a (0x02821c33) mulh    s8, tp, s0
core   0: 3 0x8000aa2a (0x02821c33) x24 0x00000000
core   0: 0x8000aa2e (0x000069d9) c.lui   s3, 0x16
core   0: 3 0x8000aa2e (0x69d9) x19 0x00016000
core   0: 0x8000aa30 (0x0130b133) sltu    sp, ra, s3
core   0: 3 0x8000aa30 (0x0130b133) x 2 0x00000001
core   0: 0x8000aa34 (0x00000419) c.addi  s0, 6
core   0: 3 0x8000aa34 (0x0419) x 8 0x0000000f
core   0: 0x8000aa36 (0x012125b3) slt     a1, sp, s2
core   0: 3 0x8000aa36 (0x012125b3) x11 0x00000001
core   0: 0x8000aa3a (0x00a00e93) li      t4, 10
core   0: 3 0x8000aa3a (0x00a00e93) x29 0x0000000a
core   0: 0x8000aa3e (0xfef00193) li      gp, -17
core   0: 3 0x8000aa3e (0xfef00193) x 3 0xffffffef
core   0: 0x8000aa42 (0xc6c0b9b7) lui     s3, 0xc6c0b
core   0: 3 0x8000aa42 (0xc6c0b9b7) x19 0xc6c0b000
core   0: 0x8000aa46 (0x00008f35) c.xor   a4, a3
core   0: 3 0x8000aa46 (0x8f35) x14 0x00000009
core   0: 0x8000aa48 (0x03ccd4b3) divu    s1, s9, t3
core   0: 3 0x8000aa48 (0x03ccd4b3) x 9 0x00000000
core   0: 0x8000aa4c (0x01dda9b3) slt     s3, s11, t4
core   0: 3 0x8000aa4c (0x01dda9b3) x19 0x00000001
core   0: 0x8000aa50 (0x00001ee1) c.addi  t4, -8
core   0: 3 0x8000aa50 (0x1ee1) x29 0x00000002
core   0: 0x8000aa52 (0x4939bc17) auipc   s8, 0x4939b
core   0: 3 0x8000aa52 (0x4939bc17) x24 0xc93a5a52
core   0: 0x8000aa56 (0x0ff0000f) fence   iorw,iorw
core   0: 3 0x8000aa56 (0x0ff0000f)
core   0: 0x8000aa5a (0xfe3ed7e3) bge     t4, gp, pc - 18
core   0: 3 0x8000aa5a (0xfe3ed7e3)
core   0: 0x8000aa48 (0x03ccd4b3) divu    s1, s9, t3
core   0: 3 0x8000aa48 (0x03ccd4b3) x 9 0x00000000
core   0: 0x8000aa4c (0x01dda9b3) slt     s3, s11, t4
core   0: 3 0x8000aa4c (0x01dda9b3) x19 0x00000001
core   0: 0x8000aa50 (0x00001ee1) c.addi  t4, -8
core   0: 3 0x8000aa50 (0x1ee1) x29 0xfffffffa
core   0: 0x8000aa52 (0x4939bc17) auipc   s8, 0x4939b
core   0: 3 0x8000aa52 (0x4939bc17) x24 0xc93a5a52
core   0: 0x8000aa56 (0x0ff0000f) fence   iorw,iorw
core   0: 3 0x8000aa56 (0x0ff0000f)
core   0: 0x8000aa5a (0xfe3ed7e3) bge     t4, gp, pc - 18
core   0: 3 0x8000aa5a (0xfe3ed7e3)
core   0: 0x8000aa48 (0x03ccd4b3) divu    s1, s9, t3
core   0: 3 0x8000aa48 (0x03ccd4b3) x 9 0x00000000
core   0: 0x8000aa4c (0x01dda9b3) slt     s3, s11, t4
core   0: 3 0x8000aa4c (0x01dda9b3) x19 0x00000001
core   0: 0x8000aa50 (0x00001ee1) c.addi  t4, -8
core   0: 3 0x8000aa50 (0x1ee1) x29 0xfffffff2
core   0: 0x8000aa52 (0x4939bc17) auipc   s8, 0x4939b
core   0: 3 0x8000aa52 (0x4939bc17) x24 0xc93a5a52
core   0: 0x8000aa56 (0x0ff0000f) fence   iorw,iorw
core   0: 3 0x8000aa56 (0x0ff0000f)
core   0: 0x8000aa5a (0xfe3ed7e3) bge     t4, gp, pc - 18
core   0: 3 0x8000aa5a (0xfe3ed7e3)
core   0: 0x8000aa48 (0x03ccd4b3) divu    s1, s9, t3
core   0: 3 0x8000aa48 (0x03ccd4b3) x 9 0x00000000
core   0: 0x8000aa4c (0x01dda9b3) slt     s3, s11, t4
core   0: 3 0x8000aa4c (0x01dda9b3) x19 0x00000001
core   0: 0x8000aa50 (0x00001ee1) c.addi  t4, -8
core   0: 3 0x8000aa50 (0x1ee1) x29 0xffffffea
core   0: 0x8000aa52 (0x4939bc17) auipc   s8, 0x4939b
core   0: 3 0x8000aa52 (0x4939bc17) x24 0xc93a5a52
core   0: 0x8000aa56 (0x0ff0000f) fence   iorw,iorw
core   0: 3 0x8000aa56 (0x0ff0000f)
core   0: 0x8000aa5a (0xfe3ed7e3) bge     t4, gp, pc - 18
core   0: 3 0x8000aa5a (0xfe3ed7e3)
core   0: 0x8000aa5e (0xfd6464e3) bltu    s0, s6, pc - 56
core   0: 3 0x8000aa5e (0xfd6464e3)
core   0: 0x8000aa62 (0x00388233) add     tp, a7, gp
core   0: 3 0x8000aa62 (0x00388233) x 4 0xfffdfff8
core   0: 0x8000aa66 (0x00d4d963) bge     s1, a3, pc + 18
core   0: 3 0x8000aa66 (0x00d4d963)
core   0: 0x8000aa78 (0x444c5e97) auipc   t4, 0x444c5
core   0: 3 0x8000aa78 (0x444c5e97) x29 0xc44cfa78
core   0: 0x8000aa7c (0x00001c7d) c.addi  s8, -1
core   0: 3 0x8000aa7c (0x1c7d) x24 0xc93a5a51
core   0: 0x8000aa7e (0x013bbfb3) sltu    t6, s7, s3
core   0: 3 0x8000aa7e (0x013bbfb3) x31 0x00000001
core   0: 0x8000aa82 (0x0000867a) c.mv    a2, t5
core   0: 3 0x8000aa82 (0x867a) x12 0x00000000
core   0: 0x8000aa84 (0x000085ad) c.srai  a1, 11
core   0: 3 0x8000aa84 (0x85ad) x11 0x00000000
core   0: 0x8000aa86 (0x00e01213) slli    tp, zero, 14
core   0: 3 0x8000aa86 (0x00e01213) x 4 0x00000000
core   0: 0x8000aa8a (0x00001c7d) c.addi  s8, -1
core   0: 3 0x8000aa8a (0x1c7d) x24 0xc93a5a50
core   0: 0x8000aa8c (0x017d8e33) add     t3, s11, s7
core   0: 3 0x8000aa8c (0x017d8e33) x28 0x84dbece4
core   0: 0x8000aa90 (0x0022d563) bge     t0, sp, pc + 10
core   0: 3 0x8000aa90 (0x0022d563)
core   0: 0x8000aa9a (0x025ccfb3) div     t6, s9, t0
core   0: 3 0x8000aa9a (0x025ccfb3) x31 0x00000000
core   0: 0x8000aa9e (0x0000147d) c.addi  s0, -1
core   0: 3 0x8000aa9e (0x147d) x 8 0x0000000e
core   0: 0x8000aaa0 (0x00008679) c.srai  a2, 30
core   0: 3 0x8000aaa0 (0x8679) x12 0x00000000
core   0: 0x8000aaa2 (0xe1a68b17) auipc   s6, 0xe1a68
core   0: 3 0x8000aaa2 (0xe1a68b17) x22 0x61a72aa2
core   0: 0x8000aaa6 (0x00008cb1) c.xor   s1, a2
core   0: 3 0x8000aaa6 (0x8cb1) x 9 0x00000000
core   0: 0x8000aaa8 (0x00004789) c.li    a5, 2
core   0: 3 0x8000aaa8 (0x4789) x15 0x00000002
core   0: 0x8000aaaa (0x0000100f) fence.i
core   0: 3 0x8000aaaa (0x0000100f)
core   0: 0x8000aaae (0x00000001) c.nop
core   0: 3 0x8000aaae (0x0001)
core   0: 0x8000aab0 (0x0524e663) bltu    s1, s2, pc + 76
core   0: 3 0x8000aab0 (0x0524e663)
core   0: 0x8000aafc (0x001d0663) beq     s10, ra, pc + 12
core   0: 3 0x8000aafc (0x001d0663)
core   0: 0x8000ab00 (0x00001cfd) c.addi  s9, -1
core   0: 3 0x8000ab00 (0x1cfd) x25 0xffffffff
core   0: 0x8000ab02 (0x03935763) bge     t1, s9, pc + 46
core   0: 3 0x8000ab02 (0x03935763)
core   0: 0x8000ab06 (0x000005b2) c.slli  a1, 12
core   0: 3 0x8000ab06 (0x05b2) x11 0x00000000
core   0: 0x8000ab08 (0x0066dd33) srl     s10, a3, t1
core   0: 3 0x8000ab08 (0x0066dd33) x26 0x00000000
core   0: 0x8000ab0c (0x03b517b3) mulh    a5, a0, s11
core   0: 3 0x8000ab0c (0x03b517b3) x15 0x1ec7da29
core   0: 0x8000ab10 (0x00008f89) c.sub   a5, a0
core   0: 3 0x8000ab10 (0x8f89) x15 0x5ec56d5e
core   0: 0x8000ab12 (0x01098733) add     a4, s3, a6
core   0: 3 0x8000ab12 (0x01098733) x14 0x80026ce5
core   0: 0x8000ab16 (0x00008ead) c.xor   a3, a1
core   0: 3 0x8000ab16 (0x8ead) x13 0x00000000
core   0: 0x8000ab18 (0x0000827e) c.mv    tp, t6
core   0: 3 0x8000ab18 (0x827e) x 4 0x00000000
core   0: 0x8000ab1a (0x0357bc33) mulhu   s8, a5, s5
core   0: 3 0x8000ab1a (0x0357bc33) x24 0x5ec566cb
core   0: 0x8000ab1e (0xcaf6e993) ori     s3, a3, -849
core   0: 3 0x8000ab1e (0xcaf6e993) x19 0xfffffcaf
core   0: 0x8000ab22 (0xac29b413) sltiu   s0, s3, -1342
core   0: 3 0x8000ab22 (0xac29b413) x 8 0x00000000
core   0: 0x8000ab26 (0x03fb3033) mulhu   zero, s6, t6
core   0: 3 0x8000ab26 (0x03fb3033)
core   0: 0x8000ab2a (0x68fcecb7) lui     s9, 0x68fce
core   0: 3 0x8000ab2a (0x68fcecb7) x25 0x68fce000
core   0: 0x8000ab2e (0x000081f1) c.srli  a1, 28
core   0: 3 0x8000ab2e (0x81f1) x11 0x00000000
core   0: 0x8000ab30 (0x30c84493) xori    s1, a6, 780
core   0: 3 0x8000ab30 (0x30c84493) x 9 0x80026fe8
core   0: 0x8000ab34 (0x0000100f) fence.i
core   0: 3 0x8000ab34 (0x0000100f)
core   0: 0x8000ab38 (0x00008e21) c.xor   a2, s0
core   0: 3 0x8000ab38 (0x8e21) x12 0x00000000
core   0: 0x8000ab3a (0x00698f63) beq     s3, t1, pc + 30
core   0: 3 0x8000ab3a (0x00698f63)
core   0: 0x8000ab3e (0x00000001) c.nop
core   0: 3 0x8000ab3e (0x0001)
core   0: 0x8000ab40 (0x026e21b3) mulhsu  gp, t3, t1
core   0: 3 0x8000ab40 (0x026e21b3) x 3 0xc26ce9e8
core   0: 0x8000ab44 (0x00008c79) c.and   s0, a4
core   0: 3 0x8000ab44 (0x8c79) x 8 0x00000000
core   0: 0x8000ab46 (0x00006115) c.addi16sp sp, 288
core   0: 3 0x8000ab46 (0x6115) x 2 0x00000121
core   0: 0x8000ab48 (0x0000ef95) c.bnez  a5, pc + 60
core   0: 3 0x8000ab48 (0xef95)
core   0: 0x8000ab84 (0x01149263) bne     s1, a7, pc + 4
core   0: 3 0x8000ab84 (0x01149263)
core   0: 0x8000ab88 (0x0000100f) fence.i
core   0: 3 0x8000ab88 (0x0000100f)
core   0: 0x8000ab8c (0x00000d91) c.addi  s11, 4
core   0: 3 0x8000ab8c (0x0d91) x27 0x84dbece8
core   0: 0x8000ab8e (0x00000626) c.slli  a2, 9
core   0: 3 0x8000ab8e (0x0626) x12 0x00000000
core   0: 0x8000ab90 (0x41a3dd33) sra     s10, t2, s10
core   0: 3 0x8000ab90 (0x41a3dd33) x26 0x00000000
core   0: 0x8000ab94 (0x000008da) c.slli  a7, 22
core   0: 3 0x8000ab94 (0x08da) x17 0x02400000
core   0: 0x8000ab96 (0x000040e5) c.li    ra, 25
core   0: 3 0x8000ab96 (0x40e5) x 1 0x00000019
core   0: 0x8000ab98 (0x01b05133) srl     sp, zero, s11
core   0: 3 0x8000ab98 (0x01b05133) x 2 0x00000000
core   0: 0x8000ab9c (0x8cb43793) sltiu   a5, s0, -1845
core   0: 3 0x8000ab9c (0x8cb43793) x15 0x00000001
core   0: 0x8000aba0 (0xce800993) li      s3, -792
core   0: 3 0x8000aba0 (0xce800993) x19 0xfffffce8
core   0: 0x8000aba4 (0x01039963) bne     t2, a6, pc + 18
core   0: 3 0x8000aba4 (0x01039963)
core   0: 0x8000abb6 (0x00a7cf63) blt     a5, a0, pc + 30
core   0: 3 0x8000abb6 (0x00a7cf63)
core   0: 0x8000abba (0x00000001) c.nop
core   0: 3 0x8000abba (0x0001)
core   0: 0x8000abbc (0x00ec8b33) add     s6, s9, a4
core   0: 3 0x8000abbc (0x00ec8b33) x22 0xe8ff4ce5
core   0: 0x8000abc0 (0x00000001) c.nop
core   0: 3 0x8000abc0 (0x0001)
core   0: 0x8000abc2 (0x006c5713) srli    a4, s8, 6
core   0: 3 0x8000abc2 (0x006c5713) x14 0x017b159b
core   0: 0x8000abc6 (0x00008e09) c.sub   a2, a0
core   0: 3 0x8000abc6 (0x8e09) x12 0x3ffd9335
core   0: 0x8000abc8 (0x00000001) c.nop
core   0: 3 0x8000abc8 (0x0001)
core   0: 0x8000abca (0x00008ead) c.xor   a3, a1
core   0: 3 0x8000abca (0x8ead) x13 0x00000000
core   0: 0x8000abcc (0x01b1f5b3) and     a1, gp, s11
core   0: 3 0x8000abcc (0x01b1f5b3) x11 0x8048e8e8
core   0: 0x8000abd0 (0xae02f613) andi    a2, t0, -1312
core   0: 3 0x8000abd0 (0xae02f613) x12 0x00082060
core   0: 0x8000abd4 (0x0000009d) c.addi  ra, 7
core   0: 3 0x8000abd4 (0x009d) x 1 0x00000020
core   0: 0x8000abd6 (0x00006135) c.addi16sp sp, 352
core   0: 3 0x8000abd6 (0x6135) x 2 0x00000160
core   0: 0x8000abd8 (0x5258a997) auipc   s3, 0x5258a
core   0: 3 0x8000abd8 (0x5258a997) x19 0xd2594bd8
core   0: 0x8000abdc (0x03a4a8b3) mulhsu  a7, s1, s10
core   0: 3 0x8000abdc (0x03a4a8b3) x17 0x00000000
core   0: 0x8000abe0 (0x03c9a933) mulhsu  s2, s3, t3
core   0: 3 0x8000abe0 (0x03c9a933) x18 0xe84ed340
core   0: 0x8000abe4 (0x00da2c33) slt     s8, s4, a3
core   0: 3 0x8000abe4 (0x00da2c33) x24 0x00000001
core   0: 0x8000abe8 (0x003607b3) add     a5, a2, gp
core   0: 3 0x8000abe8 (0x003607b3) x15 0xc2750a48
core   0: 0x8000abec (0x0152ae33) slt     t3, t0, s5
core   0: 3 0x8000abec (0x0152ae33) x28 0x00000000
core   0: 0x8000abf0 (0x00004571) c.li    a0, 28
core   0: 3 0x8000abf0 (0x4571) x10 0x0000001c
core   0: 0x8000abf2 (0x02333d33) mulhu   s10, t1, gp
core   0: 3 0x8000abf2 (0x02333d33) x26 0x61381cf1
core   0: 0x8000abf6 (0xeb5c6293) ori     t0, s8, -331
core   0: 3 0x8000abf6 (0xeb5c6293) x 5 0xfffffeb5
core   0: 0x8000abfa (0x00009afd) c.andi  a3, -1
core   0: 3 0x8000abfa (0x9afd) x13 0x00000000
core   0: 0x8000abfc (0x0000895a) c.mv    s2, s6
core   0: 3 0x8000abfc (0x895a) x18 0xe8ff4ce5
core   0: 0x8000abfe (0x02c8be33) mulhu   t3, a7, a2
core   0: 3 0x8000abfe (0x02c8be33) x28 0x00000000
core   0: 0x8000ac02 (0x00e35093) srli    ra, t1, 14
core   0: 3 0x8000ac02 (0x00e35093) x 1 0x00020008
core   0: 0x8000ac06 (0x0000e6cd) c.bnez  a3, pc + 170
core   0: 3 0x8000ac06 (0xe6cd)
core   0: 0x8000ac08 (0x009f5963) bge     t5, s1, pc + 18
core   0: 3 0x8000ac08 (0x009f5963)
core   0: 0x8000ac1a (0x00008ee9) c.and   a3, a0
core   0: 3 0x8000ac1a (0x8ee9) x13 0x00000000
core   0: 0x8000ac1c (0x000086f9) c.srai  a3, 30
core   0: 3 0x8000ac1c (0x86f9) x13 0x00000000
core   0: 0x8000ac1e (0x00008d21) c.xor   a0, s0
core   0: 3 0x8000ac1e (0x8d21) x10 0x0000001c
core   0: 0x8000ac20 (0x0000717d) c.addi16sp sp, -16
core   0: 3 0x8000ac20 (0x717d) x 2 0x00000150
core   0: 0x8000ac22 (0x081de463) bltu    s11, ra, pc + 136
core   0: 3 0x8000ac22 (0x081de463)
core   0: 0x8000ac26 (0x02c0e7b3) rem     a5, ra, a2
core   0: 3 0x8000ac26 (0x02c0e7b3) x15 0x00020008
core   0: 0x8000ac2a (0x2fbc7b13) andi    s6, s8, 763
core   0: 3 0x8000ac2a (0x2fbc7b13) x22 0x00000001
core   0: 0x8000ac2e (0x0b74e263) bltu    s1, s7, pc + 164
core   0: 3 0x8000ac2e (0x0b74e263)
core   0: 0x8000ac32 (0x09e1e163) bltu    gp, t5, pc + 130
core   0: 3 0x8000ac32 (0x09e1e163)
core   0: 0x8000ac36 (0x00008cc1) c.or    s1, s0
core   0: 3 0x8000ac36 (0x8cc1) x 9 0x80026fe8
core   0: 0x8000ac38 (0x00800213) li      tp, 8
core   0: 3 0x8000ac38 (0x00800213) x 4 0x00000008
core   0: 0x8000ac3c (0x8161e693) ori     a3, gp, -2026
core   0: 3 0x8000ac3c (0x8161e693) x13 0xfffff9fe
core   0: 0x8000ac40 (0x00008d69) c.and   a0, a0
core   0: 3 0x8000ac40 (0x8d69) x10 0x0000001c
core   0: 0x8000ac42 (0x0ff0000f) fence   iorw,iorw
core   0: 3 0x8000ac42 (0x0ff0000f)
core   0: 0x8000ac46 (0x00e00d13) li      s10, 14
core   0: 3 0x8000ac46 (0x00e00d13) x26 0x0000000e
core   0: 0x8000ac4a (0x00008f6a) c.mv    t5, s10
core   0: 3 0x8000ac4a (0x8f6a) x30 0x0000000e
core   0: 0x8000ac4c (0x000080bd) c.srli  s1, 15
core   0: 3 0x8000ac4c (0x80bd) x 9 0x00010004
core   0: 0x8000ac4e (0x00000219) c.addi  tp, 6
core   0: 3 0x8000ac4e (0x0219) x 4 0x0000000e
core   0: 0x8000ac50 (0x63564613) xori    a2, a2, 1589
core   0: 3 0x8000ac50 (0x63564613) x12 0x00082655
core   0: 0x8000ac54 (0x00800c93) li      s9, 8
core   0: 3 0x8000ac54 (0x00800c93) x25 0x00000008
core   0: 0x8000ac58 (0x00008d11) c.sub   a0, a2
core   0: 3 0x8000ac58 (0x8d11) x10 0xfff7d9c7
core   0: 0x8000ac5a (0x01a6f533) and     a0, a3, s10
core   0: 3 0x8000ac5a (0x01a6f533) x10 0x0000000e
core   0: 0x8000ac5e (0x00900593) li      a1, 9
core   0: 3 0x8000ac5e (0x00900593) x11 0x00000009
core   0: 0x8000ac62 (0x00000001) c.nop
core   0: 3 0x8000ac62 (0x0001)
core   0: 0x8000ac64 (0x14f84297) auipc   t0, 0x14f84
core   0: 3 0x8000ac64 (0x14f84297) x 5 0x94f8ec64
core   0: 0x8000ac68 (0x00000ca1) c.addi  s9, 8
core   0: 3 0x8000ac68 (0x0ca1) x25 0x00000010
core   0: 0x8000ac6a (0x01a193b3) sll     t2, gp, s10
core   0: 3 0x8000ac6a (0x01a193b3) x 7 0x3a7a0000
core   0: 0x8000ac6e (0x0000879d) c.srai  a5, 7
core   0: 3 0x8000ac6e (0x879d) x15 0x00000400
core   0: 0x8000ac70 (0xfebce9e3) bltu    s9, a1, pc - 14
core   0: 3 0x8000ac70 (0xfebce9e3)
core   0: 0x8000ac74 (0x40ac5793) srai    a5, s8, 10
core   0: 3 0x8000ac74 (0x40ac5793) x15 0x00000000
core   0: 0x8000ac78 (0x0000717d) c.addi16sp sp, -16
core   0: 3 0x8000ac78 (0x717d) x 2 0x00000140
core   0: 0x8000ac7a (0xf6791937) lui     s2, 0xf6791
core   0: 3 0x8000ac7a (0xf6791937) x18 0xf6791000
core   0: 0x8000ac7e (0x00008499) c.srai  s1, 6
core   0: 3 0x8000ac7e (0x8499) x 9 0x00000400
core   0: 0x8000ac80 (0x03a91e33) mulh    t3, s2, s10
core   0: 3 0x8000ac80 (0x03a91e33) x28 0xffffffff
core   0: 0x8000ac84 (0x0000944a) c.add   s0, s2
core   0: 3 0x8000ac84 (0x944a) x 8 0xf6791000
core   0: 0x8000ac86 (0x004dc133) xor     sp, s11, tp
core   0: 3 0x8000ac86 (0x004dc133) x 2 0x84dbece6
core   0: 0x8000ac8a (0x015267b3) or      a5, tp, s5
core   0: 3 0x8000ac8a (0x015267b3) x15 0xffffee4e
core   0: 0x8000ac8e (0x31990f13) addi    t5, s2, 793
core   0: 3 0x8000ac8e (0x31990f13) x30 0xf6791319
core   0: 0x8000ac92 (0x00001d84) c.addi4spn s1, sp, 752
core   0: 3 0x8000ac92 (0x1d84) x 9 0x84dbefd6
core   0: 0x8000ac94 (0x009211b3) sll     gp, tp, s1
core   0: 3 0x8000ac94 (0x009211b3) x 3 0x03800000
core   0: 0x8000ac98 (0x0000855a) c.mv    a0, s6
core   0: 3 0x8000ac98 (0x855a) x10 0x00000001
core   0: 0x8000ac9a (0x00008e6d) c.and   a2, a1
core   0: 3 0x8000ac9a (0x8e6d) x12 0x00000001
core   0: 0x8000ac9c (0xfba207e3) beq     tp, s10, pc - 82
core   0: 3 0x8000ac9c (0xfba207e3)
core   0: 0x8000ac4a (0x00008f6a) c.mv    t5, s10
core   0: 3 0x8000ac4a (0x8f6a) x30 0x0000000e
core   0: 0x8000ac4c (0x000080bd) c.srli  s1, 15
core   0: 3 0x8000ac4c (0x80bd) x 9 0x000109b7
core   0: 0x8000ac4e (0x00000219) c.addi  tp, 6
core   0: 3 0x8000ac4e (0x0219) x 4 0x00000014
core   0: 0x8000ac50 (0x63564613) xori    a2, a2, 1589
core   0: 3 0x8000ac50 (0x63564613) x12 0x00000634
core   0: 0x8000ac54 (0x00800c93) li      s9, 8
core   0: 3 0x8000ac54 (0x00800c93) x25 0x00000008
core   0: 0x8000ac58 (0x00008d11) c.sub   a0, a2
core   0: 3 0x8000ac58 (0x8d11) x10 0xfffff9cd
core   0: 0x8000ac5a (0x01a6f533) and     a0, a3, s10
core   0: 3 0x8000ac5a (0x01a6f533) x10 0x0000000e
core   0: 0x8000ac5e (0x00900593) li      a1, 9
core   0: 3 0x8000ac5e (0x00900593) x11 0x00000009
core   0: 0x8000ac62 (0x00000001) c.nop
core   0: 3 0x8000ac62 (0x0001)
core   0: 0x8000ac64 (0x14f84297) auipc   t0, 0x14f84
core   0: 3 0x8000ac64 (0x14f84297) x 5 0x94f8ec64
core   0: 0x8000ac68 (0x00000ca1) c.addi  s9, 8
core   0: 3 0x8000ac68 (0x0ca1) x25 0x00000010
core   0: 0x8000ac6a (0x01a193b3) sll     t2, gp, s10
core   0: 3 0x8000ac6a (0x01a193b3) x 7 0x00000000
core   0: 0x8000ac6e (0x0000879d) c.srai  a5, 7
core   0: 3 0x8000ac6e (0x879d) x15 0xffffffdc
core   0: 0x8000ac70 (0xfebce9e3) bltu    s9, a1, pc - 14
core   0: 3 0x8000ac70 (0xfebce9e3)
core   0: 0x8000ac74 (0x40ac5793) srai    a5, s8, 10
core   0: 3 0x8000ac74 (0x40ac5793) x15 0x00000000
core   0: 0x8000ac78 (0x0000717d) c.addi16sp sp, -16
core   0: 3 0x8000ac78 (0x717d) x 2 0x84dbecd6
core   0: 0x8000ac7a (0xf6791937) lui     s2, 0xf6791
core   0: 3 0x8000ac7a (0xf6791937) x18 0xf6791000
core   0: 0x8000ac7e (0x00008499) c.srai  s1, 6
core   0: 3 0x8000ac7e (0x8499) x 9 0x00000426
core   0: 0x8000ac80 (0x03a91e33) mulh    t3, s2, s10
core   0: 3 0x8000ac80 (0x03a91e33) x28 0xffffffff
core   0: 0x8000ac84 (0x0000944a) c.add   s0, s2
core   0: 3 0x8000ac84 (0x944a) x 8 0xecf22000
core   0: 0x8000ac86 (0x004dc133) xor     sp, s11, tp
core   0: 3 0x8000ac86 (0x004dc133) x 2 0x84dbecfc
core   0: 0x8000ac8a (0x015267b3) or      a5, tp, s5
core   0: 3 0x8000ac8a (0x015267b3) x15 0xffffee54
core   0: 0x8000ac8e (0x31990f13) addi    t5, s2, 793
core   0: 3 0x8000ac8e (0x31990f13) x30 0xf6791319
core   0: 0x8000ac92 (0x00001d84) c.addi4spn s1, sp, 752
core   0: 3 0x8000ac92 (0x1d84) x 9 0x84dbefec
core   0: 0x8000ac94 (0x009211b3) sll     gp, tp, s1
core   0: 3 0x8000ac94 (0x009211b3) x 3 0x00014000
core   0: 0x8000ac98 (0x0000855a) c.mv    a0, s6
core   0: 3 0x8000ac98 (0x855a) x10 0x00000001
core   0: 0x8000ac9a (0x00008e6d) c.and   a2, a1
core   0: 3 0x8000ac9a (0x8e6d) x12 0x00000000
core   0: 0x8000ac9c (0xfba207e3) beq     tp, s10, pc - 82
core   0: 3 0x8000ac9c (0xfba207e3)
core   0: 0x8000aca0 (0x03c769b3) rem     s3, a4, t3
core   0: 3 0x8000aca0 (0x03c769b3) x19 0x00000000
core   0: 0x8000aca4 (0x00008d2d) c.xor   a0, a1
core   0: 3 0x8000aca4 (0x8d2d) x10 0x00000008
core   0: 0x8000aca6 (0x001dc033) xor     zero, s11, ra
core   0: 3 0x8000aca6 (0x001dc033)
core   0: 0x8000acaa (0x00008f8d) c.sub   a5, a1
core   0: 3 0x8000acaa (0x8f8d) x15 0xffffee4b
core   0: 0x8000acac (0x02def4b3) remu    s1, t4, a3
core   0: 3 0x8000acac (0x02def4b3) x 9 0xc44cfa78
core   0: 0x8000acb0 (0x0000928a) c.add   t0, sp
core   0: 3 0x8000acb0 (0x928a) x 5 0x19d4d960
core   0: 0x8000acb2 (0x00008dd1) c.or    a1, a2
core   0: 3 0x8000acb2 (0x8dd1) x11 0x00000009
core   0: 0x8000acb4 (0x020453b3) divu    t2, s0, zero
core   0: 3 0x8000acb4 (0x020453b3) x 7 0xffffffff
core   0: 0x8000acb8 (0x01afd263) bge     t6, s10, pc + 4
core   0: 3 0x8000acb8 (0x01afd263)
core   0: 0x8000acbc (0x00001b90) c.addi4spn a2, sp, 496
core   0: 3 0x8000acbc (0x1b90) x12 0x84dbeeec
core   0: 0x8000acbe (0x01e8cbb3) xor     s7, a7, t5
core   0: 3 0x8000acbe (0x01e8cbb3) x23 0xf6791319
core   0: 0x8000acc2 (0x0102e863) bltu    t0, a6, pc + 16
core   0: 3 0x8000acc2 (0x0102e863)
core   0: 0x8000acd2 (0x0000100f) fence.i
core   0: 3 0x8000acd2 (0x0000100f)
core   0: 0x8000acd6 (0x41da8e33) sub     t3, s5, t4
core   0: 3 0x8000acd6 (0x41da8e33) x28 0x3bb2f3c8
core   0: 0x8000acda (0x03ebbc33) mulhu   s8, s7, t5
core   0: 3 0x8000acda (0x03ebbc33) x24 0xed4ce9f7
core   0: 0x8000acde (0xbc116e37) lui     t3, 0xbc116
core   0: 3 0x8000acde (0xbc116e37) x28 0xbc116000
core   0: 0x8000ace2 (0x0163de93) srli    t4, t2, 22
core   0: 3 0x8000ace2 (0x0163de93) x29 0x000003ff
core   0: 0x8000ace6 (0x020c0033) mul     zero, s8, zero
core   0: 3 0x8000ace6 (0x020c0033)
core   0: 0x8000acea (0x0562c063) blt     t0, s6, pc + 64
core   0: 3 0x8000acea (0x0562c063)
core   0: 0x8000acee (0x00000001) c.nop
core   0: 3 0x8000acee (0x0001)
core   0: 0x8000acf0 (0x00e14463) blt     sp, a4, pc + 8
core   0: 3 0x8000acf0 (0x00e14463)
core   0: 0x8000acf8 (0x013a42b3) xor     t0, s4, s3
core   0: 3 0x8000acf8 (0x013a42b3) x 5 0xa72ef25e
core   0: 0x8000acfc (0x000082f1) c.srli  a3, 28
core   0: 3 0x8000acfc (0x82f1) x13 0x0000000f
core   0: 0x8000acfe (0x00000001) c.nop
core   0: 3 0x8000acfe (0x0001)
core   0: 0x8000ad00 (0x00a48d33) add     s10, s1, a0
core   0: 3 0x8000ad00 (0x00a48d33) x26 0xc44cfa80
core   0: 0x8000ad04 (0x000089c1) c.andi  a1, 16
core   0: 3 0x8000ad04 (0x89c1) x11 0x00000000
core   0: 0x8000ad06 (0x40d006b3) sub     a3, zero, a3
core   0: 3 0x8000ad06 (0x40d006b3) x13 0xfffffff1
core   0: 0x8000ad0a (0x0000100f) fence.i
core   0: 3 0x8000ad0a (0x0000100f)
core   0: 0x8000ad0e (0x0ff0000f) fence   iorw,iorw
core   0: 3 0x8000ad0e (0x0ff0000f)
core   0: 0x8000ad12 (0x185005b7) lui     a1, 0x18500
core   0: 3 0x8000ad12 (0x185005b7) x11 0x18500000
core   0: 0x8000ad16 (0x40005cb3) sra     s9, zero, zero
core   0: 3 0x8000ad16 (0x40005cb3) x25 0x00000000
core   0: 0x8000ad1a (0x000096ca) c.add   a3, s2
core   0: 3 0x8000ad1a (0x96ca) x13 0xf6790ff1
core   0: 0x8000ad1c (0x056ac163) blt     s5, s6, pc + 66
core   0: 3 0x8000ad1c (0x056ac163)
core   0: 0x8000ad5e (0x017c1593) slli    a1, s8, 23
core   0: 3 0x8000ad5e (0x017c1593) x11 0xfb800000
core   0: 0x8000ad62 (0xdfaff093) andi    ra, t6, -518
core   0: 3 0x8000ad62 (0xdfaff093) x 1 0x00000000
core   0: 0x8000ad66 (0x02cdfb63) bgeu    s11, a2, pc + 54
core   0: 3 0x8000ad66 (0x02cdfb63)
core   0: 0x8000ad6a (0x00008c9d) c.sub   s1, a5
core   0: 3 0x8000ad6a (0x8c9d) x 9 0xc44d0c2d
core   0: 0x8000ad6c (0x01a4e633) or      a2, s1, s10
core   0: 3 0x8000ad6c (0x01a4e633) x12 0xc44dfead
core   0: 0x8000ad70 (0x00001afd) c.addi  s5, -1
core   0: 3 0x8000ad70 (0x1afd) x21 0xffffee3f
core   0: 0x8000ad72 (0x00008b1a) c.mv    s6, t1
core   0: 3 0x8000ad72 (0x8b1a) x22 0x80022e44
core   0: 0x8000ad74 (0x26b3eb93) ori     s7, t2, 619
core   0: 3 0x8000ad74 (0x26b3eb93) x23 0xffffffff
core   0: 0x8000ad78 (0x0227f733) remu    a4, a5, sp
core   0: 3 0x8000ad78 (0x0227f733) x14 0x7b24014f
core   0: 0x8000ad7c (0x0000100f) fence.i
core   0: 3 0x8000ad7c (0x0000100f)
core   0: 0x8000ad80 (0x401a8bb3) sub     s7, s5, ra
core   0: 3 0x8000ad80 (0x401a8bb3) x23 0xffffee3f
core   0: 0x8000ad84 (0x03daec63) bltu    s5, t4, pc + 56
core   0: 3 0x8000ad84 (0x03daec63)
core   0: 0x8000ad88 (0x00000001) c.nop
core   0: 3 0x8000ad88 (0x0001)
core   0: 0x8000ad8a (0x02ef4b33) div     s6, t5, a4
core   0: 3 0x8000ad8a (0x02ef4b33) x22 0x00000000
core   0: 0x8000ad8e (0x00009a7d) c.andi  a2, -1
core   0: 3 0x8000ad8e (0x9a7d) x12 0xc44dfead
core   0: 0x8000ad90 (0x0000100f) fence.i
core   0: 3 0x8000ad90 (0x0000100f)
core   0: 0x8000ad94 (0x0000852d) c.srai  a0, 11
core   0: 3 0x8000ad94 (0x852d) x10 0x00000000
core   0: 0x8000ad96 (0x0000cd91) c.beqz  a1, pc + 28
core   0: 3 0x8000ad96 (0xcd91)
core   0: 0x8000ad98 (0x02da9133) mulh    sp, s5, a3
core   0: 3 0x8000ad98 (0x02da9133) x 2 0x000000a9
core   0: 0x8000ad9c (0x00008f01) c.sub   a4, s0
core   0: 3 0x8000ad9c (0x8f01) x14 0x8e31e14f
core   0: 0x8000ad9e (0x40fb8733) sub     a4, s7, a5
core   0: 3 0x8000ad9e (0x40fb8733) x14 0xfffffff4
core   0: 0x8000ada2 (0x01374663) blt     a4, s3, pc + 12
core   0: 3 0x8000ada2 (0x01374663)
core   0: 0x8000adae (0x03f8f533) remu    a0, a7, t6
core   0: 3 0x8000adae (0x03f8f533) x10 0x00000000
core   0: 0x8000adb2 (0x01cf28b3) slt     a7, t5, t3
core   0: 3 0x8000adb2 (0x01cf28b3) x17 0x00000000
core   0: 0x8000adb6 (0x0130fe33) and     t3, ra, s3
core   0: 3 0x8000adb6 (0x0130fe33) x28 0x00000000
core   0: 0x8000adba (0x00006ac1) c.lui   s5, 0x10
core   0: 3 0x8000adba (0x6ac1) x21 0x00010000
core   0: 0x8000adbc (0x68077997) auipc   s3, 0x68077
core   0: 3 0x8000adbc (0x68077997) x19 0xe8081dbc
core   0: 0x8000adc0 (0x419189b3) sub     s3, gp, s9
core   0: 3 0x8000adc0 (0x419189b3) x19 0x00014000
core   0: 0x8000adc4 (0x000086b1) c.srai  a3, 12
core   0: 3 0x8000adc4 (0x86b1) x13 0xffff6790
core   0: 0x8000adc6 (0x01bb40b3) xor     ra, s6, s11
core   0: 3 0x8000adc6 (0x01bb40b3) x 1 0x84dbece8
core   0: 0x8000adca (0x029ccd33) div     s10, s9, s1
core   0: 3 0x8000adca (0x029ccd33) x26 0x00000000
core   0: 0x8000adce (0x41e1d1b3) sra     gp, gp, t5
core   0: 3 0x8000adce (0x41e1d1b3) x 3 0x00000000
core   0: 0x8000add2 (0x00008da1) c.xor   a1, s0
core   0: 3 0x8000add2 (0x8da1) x11 0x17722000
core   0: 0x8000add4 (0x019eefb3) or      t6, t4, s9
core   0: 3 0x8000add4 (0x019eefb3) x31 0x000003ff
core   0: 0x8000add8 (0x030dbc33) mulhu   s8, s11, a6
core   0: 3 0x8000add8 (0x030dbc33) x24 0x426f38ae
core   0: 0x8000addc (0x016348b3) xor     a7, t1, s6
core   0: 3 0x8000addc (0x016348b3) x17 0x80022e44
core   0: 0x8000ade0 (0x028048b3) div     a7, zero, s0
core   0: 3 0x8000ade0 (0x028048b3) x17 0x00000000
core   0: 0x8000ade4 (0x019d1733) sll     a4, s10, s9
core   0: 3 0x8000ade4 (0x019d1733) x14 0x00000000
core   0: 0x8000ade8 (0x00009d12) c.add   s10, tp
core   0: 3 0x8000ade8 (0x9d12) x26 0x00000014
core   0: 0x8000adea (0x000084aa) c.mv    s1, a0
core   0: 3 0x8000adea (0x84aa) x 9 0x00000000
core   0: 0x8000adec (0x0000100f) fence.i
core   0: 3 0x8000adec (0x0000100f)
core   0: 0x8000adf0 (0x033fce33) div     t3, t6, s3
core   0: 3 0x8000adf0 (0x033fce33) x28 0x00000000
core   0: 0x8000adf4 (0x007f72b3) and     t0, t5, t2
core   0: 3 0x8000adf4 (0x007f72b3) x 5 0xf6791319
core   0: 0x8000adf8 (0x98047713) andi    a4, s0, -1664
core   0: 3 0x8000adf8 (0x98047713) x14 0xecf22000
core   0: 0x8000adfc (0x0000ce85) c.beqz  a3, pc + 56
core   0: 3 0x8000adfc (0xce85)
core   0: 0x8000adfe (0x039b8e33) mul     t3, s7, s9
core   0: 3 0x8000adfe (0x039b8e33) x28 0x00000000
core   0: 0x8000ae02 (0x03f2cc33) div     s8, t0, t6
core   0: 3 0x8000ae02 (0x03f2cc33) x24 0xfffd9dad
core   0: 0x8000ae06 (0x00009eca) c.add   t4, s2
core   0: 3 0x8000ae06 (0x9eca) x29 0xf67913ff
core   0: 0x8000ae08 (0x000084d5) c.srai  s1, 21
core   0: 3 0x8000ae08 (0x84d5) x 9 0x00000000
core   0: 0x8000ae0a (0x000098fd) c.andi  s1, -1
core   0: 3 0x8000ae0a (0x98fd) x 9 0x00000000
core   0: 0x8000ae0c (0x029e1263) bne     t3, s1, pc + 36
core   0: 3 0x8000ae0c (0x029e1263)
core   0: 0x8000ae10 (0x01b17233) and     tp, sp, s11
core   0: 3 0x8000ae10 (0x01b17233) x 4 0x000000a8
core   0: 0x8000ae14 (0x00008232) c.mv    tp, a2
core   0: 3 0x8000ae14 (0x8232) x 4 0xc44dfead
core   0: 0x8000ae16 (0x001a0233) add     tp, s4, ra
core   0: 3 0x8000ae16 (0x001a0233) x 4 0x2c0adf46
core   0: 0x8000ae1a (0x01044763) blt     s0, a6, pc + 14
core   0: 3 0x8000ae1a (0x01044763)
core   0: 0x8000ae1e (0xde428093) addi    ra, t0, -540
core   0: 3 0x8000ae1e (0xde428093) x 1 0xf67910fd
core   0: 0x8000ae22 (0x00af9e93) slli    t4, t6, 10
core   0: 3 0x8000ae22 (0x00af9e93) x29 0x000ffc00
core   0: 0x8000ae26 (0x00004451) c.li    s0, 20
core   0: 3 0x8000ae26 (0x4451) x 8 0x00000014
core   0: 0x8000ae28 (0x041bf263) bgeu    s7, ra, pc + 68
core   0: 3 0x8000ae28 (0x041bf263)
core   0: 0x8000ae6c (0x00fb9413) slli    s0, s7, 15
core   0: 3 0x8000ae6c (0x00fb9413) x 8 0xf71f8000
core   0: 0x8000ae70 (0xe86eab13) slti    s6, t4, -378
core   0: 3 0x8000ae70 (0xe86eab13) x22 0x00000000
core   0: 0x8000ae74 (0x000014fd) c.addi  s1, -1
core   0: 3 0x8000ae74 (0x14fd) x 9 0xffffffff
core   0: 0x8000ae76 (0x01a7f663) bgeu    a5, s10, pc + 12
core   0: 3 0x8000ae76 (0x01a7f663)
core   0: 0x8000ae82 (0x000086ad) c.srai  a3, 11
core   0: 3 0x8000ae82 (0x86ad) x13 0xffffffec
core   0: 0x8000ae84 (0x00008e75) c.and   a2, a3
core   0: 3 0x8000ae84 (0x8e75) x12 0xc44dfeac
core   0: 0x8000ae86 (0x05447163) bgeu    s0, s4, pc + 66
core   0: 3 0x8000ae86 (0x05447163)
core   0: 0x8000aec8 (0x000080dd) c.srli  s1, 23
core   0: 3 0x8000aec8 (0x80dd) x 9 0x000001ff
core   0: 0x8000aeca (0x00e49693) slli    a3, s1, 14
core   0: 3 0x8000aeca (0x00e49693) x13 0x007fc000
core   0: 0x8000aece (0xff800613) li      a2, -8
core   0: 3 0x8000aece (0xff800613) x12 0xfffffff8
core   0: 0x8000aed2 (0x00af6d33) or      s10, t5, a0
core   0: 3 0x8000aed2 (0x00af6d33) x26 0xf6791319
core   0: 0x8000aed6 (0x01645e93) srli    t4, s0, 22
core   0: 3 0x8000aed6 (0x01645e93) x29 0x000003dc
core   0: 0x8000aeda (0x00008d9d) c.sub   a1, a5
core   0: 3 0x8000aeda (0x8d9d) x11 0x177231b5
core   0: 0x8000aedc (0x03c8cc33) div     s8, a7, t3
core   0: 3 0x8000aedc (0x03c8cc33) x24 0xffffffff
core   0: 0x8000aee0 (0x03723933) mulhu   s2, tp, s7
core   0: 3 0x8000aee0 (0x03723933) x18 0x2c0adc38
core   0: 0x8000aee4 (0x3f964193) xori    gp, a2, 1017
core   0: 3 0x8000aee4 (0x3f964193) x 3 0xfffffc01
core   0: 0x8000aee8 (0x000081cd) c.srli  a1, 19
core   0: 3 0x8000aee8 (0x81cd) x11 0x000002ee
core   0: 0x8000aeea (0x00400d93) li      s11, 4
core   0: 3 0x8000aeea (0x00400d93) x27 0x00000004
core   0: 0x8000aeee (0x00008f65) c.and   a4, s1
core   0: 3 0x8000aeee (0x8f65) x14 0x00000000
core   0: 0x8000aef0 (0x034fe3b3) rem     t2, t6, s4
core   0: 3 0x8000aef0 (0x034fe3b3) x 7 0x000003ff
core   0: 0x8000aef4 (0x00000001) c.nop
core   0: 3 0x8000aef4 (0x0001)
core   0: 0x8000aef6 (0x00000b79) c.addi  s6, 30
core   0: 3 0x8000aef6 (0x0b79) x22 0x0000001e
core   0: 0x8000aef8 (0x01a849b3) xor     s3, a6, s10
core   0: 3 0x8000aef8 (0x01a849b3) x19 0x767b7ffd
core   0: 0x8000aefc (0x027bdf33) divu    t5, s7, t2
core   0: 3 0x8000aefc (0x027bdf33) x30 0x00400fff
core   0: 0x8000af00 (0x01f848b3) xor     a7, a6, t6
core   0: 3 0x8000af00 (0x01f848b3) x17 0x80026f1b
core   0: 0x8000af04 (0x00187cb3) and     s9, a6, ra
core   0: 3 0x8000af04 (0x00187cb3) x25 0x800000e4
core   0: 0x8000af08 (0x00000605) c.addi  a2, 1
core   0: 3 0x8000af08 (0x0605) x12 0xfffffff9
core   0: 0x8000af0a (0xea0582b7) lui     t0, 0xea058
core   0: 3 0x8000af0a (0xea0582b7) x 5 0xea058000
core   0: 0x8000af0e (0x8174f413) andi    s0, s1, -2025
core   0: 3 0x8000af0e (0x8174f413) x 8 0x00000017
core   0: 0x8000af12 (0xfdb61fe3) bne     a2, s11, pc - 34
core   0: 3 0x8000af12 (0xfdb61fe3)
core   0: 0x8000aef0 (0x034fe3b3) rem     t2, t6, s4
core   0: 3 0x8000aef0 (0x034fe3b3) x 7 0x000003ff
core   0: 0x8000aef4 (0x00000001) c.nop
core   0: 3 0x8000aef4 (0x0001)
core   0: 0x8000aef6 (0x00000b79) c.addi  s6, 30
core   0: 3 0x8000aef6 (0x0b79) x22 0x0000003c
core   0: 0x8000aef8 (0x01a849b3) xor     s3, a6, s10
core   0: 3 0x8000aef8 (0x01a849b3) x19 0x767b7ffd
core   0: 0x8000aefc (0x027bdf33) divu    t5, s7, t2
core   0: 3 0x8000aefc (0x027bdf33) x30 0x00400fff
core   0: 0x8000af00 (0x01f848b3) xor     a7, a6, t6
core   0: 3 0x8000af00 (0x01f848b3) x17 0x80026f1b
core   0: 0x8000af04 (0x00187cb3) and     s9, a6, ra
core   0: 3 0x8000af04 (0x00187cb3) x25 0x800000e4
core   0: 0x8000af08 (0x00000605) c.addi  a2, 1
core   0: 3 0x8000af08 (0x0605) x12 0xfffffffa
core   0: 0x8000af0a (0xea0582b7) lui     t0, 0xea058
core   0: 3 0x8000af0a (0xea0582b7) x 5 0xea058000
core   0: 0x8000af0e (0x8174f413) andi    s0, s1, -2025
core   0: 3 0x8000af0e (0x8174f413) x 8 0x00000017
core   0: 0x8000af12 (0xfdb61fe3) bne     a2, s11, pc - 34
core   0: 3 0x8000af12 (0xfdb61fe3)
core   0: 0x8000aef0 (0x034fe3b3) rem     t2, t6, s4
core   0: 3 0x8000aef0 (0x034fe3b3) x 7 0x000003ff
core   0: 0x8000aef4 (0x00000001) c.nop
core   0: 3 0x8000aef4 (0x0001)
core   0: 0x8000aef6 (0x00000b79) c.addi  s6, 30
core   0: 3 0x8000aef6 (0x0b79) x22 0x0000005a
core   0: 0x8000aef8 (0x01a849b3) xor     s3, a6, s10
core   0: 3 0x8000aef8 (0x01a849b3) x19 0x767b7ffd
core   0: 0x8000aefc (0x027bdf33) divu    t5, s7, t2
core   0: 3 0x8000aefc (0x027bdf33) x30 0x00400fff
core   0: 0x8000af00 (0x01f848b3) xor     a7, a6, t6
core   0: 3 0x8000af00 (0x01f848b3) x17 0x80026f1b
core   0: 0x8000af04 (0x00187cb3) and     s9, a6, ra
core   0: 3 0x8000af04 (0x00187cb3) x25 0x800000e4
core   0: 0x8000af08 (0x00000605) c.addi  a2, 1
core   0: 3 0x8000af08 (0x0605) x12 0xfffffffb
core   0: 0x8000af0a (0xea0582b7) lui     t0, 0xea058
core   0: 3 0x8000af0a (0xea0582b7) x 5 0xea058000
core   0: 0x8000af0e (0x8174f413) andi    s0, s1, -2025
core   0: 3 0x8000af0e (0x8174f413) x 8 0x00000017
core   0: 0x8000af12 (0xfdb61fe3) bne     a2, s11, pc - 34
core   0: 3 0x8000af12 (0xfdb61fe3)
core   0: 0x8000aef0 (0x034fe3b3) rem     t2, t6, s4
core   0: 3 0x8000aef0 (0x034fe3b3) x 7 0x000003ff
core   0: 0x8000aef4 (0x00000001) c.nop
core   0: 3 0x8000aef4 (0x0001)
core   0: 0x8000aef6 (0x00000b79) c.addi  s6, 30
core   0: 3 0x8000aef6 (0x0b79) x22 0x00000078
core   0: 0x8000aef8 (0x01a849b3) xor     s3, a6, s10
core   0: 3 0x8000aef8 (0x01a849b3) x19 0x767b7ffd
core   0: 0x8000aefc (0x027bdf33) divu    t5, s7, t2
core   0: 3 0x8000aefc (0x027bdf33) x30 0x00400fff
core   0: 0x8000af00 (0x01f848b3) xor     a7, a6, t6
core   0: 3 0x8000af00 (0x01f848b3) x17 0x80026f1b
core   0: 0x8000af04 (0x00187cb3) and     s9, a6, ra
core   0: 3 0x8000af04 (0x00187cb3) x25 0x800000e4
core   0: 0x8000af08 (0x00000605) c.addi  a2, 1
core   0: 3 0x8000af08 (0x0605) x12 0xfffffffc
core   0: 0x8000af0a (0xea0582b7) lui     t0, 0xea058
core   0: 3 0x8000af0a (0xea0582b7) x 5 0xea058000
core   0: 0x8000af0e (0x8174f413) andi    s0, s1, -2025
core   0: 3 0x8000af0e (0x8174f413) x 8 0x00000017
core   0: 0x8000af12 (0xfdb61fe3) bne     a2, s11, pc - 34
core   0: 3 0x8000af12 (0xfdb61fe3)
core   0: 0x8000aef0 (0x034fe3b3) rem     t2, t6, s4
core   0: 3 0x8000aef0 (0x034fe3b3) x 7 0x000003ff
core   0: 0x8000aef4 (0x00000001) c.nop
core   0: 3 0x8000aef4 (0x0001)
core   0: 0x8000aef6 (0x00000b79) c.addi  s6, 30
core   0: 3 0x8000aef6 (0x0b79) x22 0x00000096
core   0: 0x8000aef8 (0x01a849b3) xor     s3, a6, s10
core   0: 3 0x8000aef8 (0x01a849b3) x19 0x767b7ffd
core   0: 0x8000aefc (0x027bdf33) divu    t5, s7, t2
core   0: 3 0x8000aefc (0x027bdf33) x30 0x00400fff
core   0: 0x8000af00 (0x01f848b3) xor     a7, a6, t6
core   0: 3 0x8000af00 (0x01f848b3) x17 0x80026f1b
core   0: 0x8000af04 (0x00187cb3) and     s9, a6, ra
core   0: 3 0x8000af04 (0x00187cb3) x25 0x800000e4
core   0: 0x8000af08 (0x00000605) c.addi  a2, 1
core   0: 3 0x8000af08 (0x0605) x12 0xfffffffd
core   0: 0x8000af0a (0xea0582b7) lui     t0, 0xea058
core   0: 3 0x8000af0a (0xea0582b7) x 5 0xea058000
core   0: 0x8000af0e (0x8174f413) andi    s0, s1, -2025
core   0: 3 0x8000af0e (0x8174f413) x 8 0x00000017
core   0: 0x8000af12 (0xfdb61fe3) bne     a2, s11, pc - 34
core   0: 3 0x8000af12 (0xfdb61fe3)
core   0: 0x8000aef0 (0x034fe3b3) rem     t2, t6, s4
core   0: 3 0x8000aef0 (0x034fe3b3) x 7 0x000003ff
core   0: 0x8000aef4 (0x00000001) c.nop
core   0: 3 0x8000aef4 (0x0001)
core   0: 0x8000aef6 (0x00000b79) c.addi  s6, 30
core   0: 3 0x8000aef6 (0x0b79) x22 0x000000b4
core   0: 0x8000aef8 (0x01a849b3) xor     s3, a6, s10
core   0: 3 0x8000aef8 (0x01a849b3) x19 0x767b7ffd
core   0: 0x8000aefc (0x027bdf33) divu    t5, s7, t2
core   0: 3 0x8000aefc (0x027bdf33) x30 0x00400fff
core   0: 0x8000af00 (0x01f848b3) xor     a7, a6, t6
core   0: 3 0x8000af00 (0x01f848b3) x17 0x80026f1b
core   0: 0x8000af04 (0x00187cb3) and     s9, a6, ra
core   0: 3 0x8000af04 (0x00187cb3) x25 0x800000e4
core   0: 0x8000af08 (0x00000605) c.addi  a2, 1
core   0: 3 0x8000af08 (0x0605) x12 0xfffffffe
core   0: 0x8000af0a (0xea0582b7) lui     t0, 0xea058
core   0: 3 0x8000af0a (0xea0582b7) x 5 0xea058000
core   0: 0x8000af0e (0x8174f413) andi    s0, s1, -2025
core   0: 3 0x8000af0e (0x8174f413) x 8 0x00000017
core   0: 0x8000af12 (0xfdb61fe3) bne     a2, s11, pc - 34
core   0: 3 0x8000af12 (0xfdb61fe3)
core   0: 0x8000aef0 (0x034fe3b3) rem     t2, t6, s4
core   0: 3 0x8000aef0 (0x034fe3b3) x 7 0x000003ff
core   0: 0x8000aef4 (0x00000001) c.nop
core   0: 3 0x8000aef4 (0x0001)
core   0: 0x8000aef6 (0x00000b79) c.addi  s6, 30
core   0: 3 0x8000aef6 (0x0b79) x22 0x000000d2
core   0: 0x8000aef8 (0x01a849b3) xor     s3, a6, s10
core   0: 3 0x8000aef8 (0x01a849b3) x19 0x767b7ffd
core   0: 0x8000aefc (0x027bdf33) divu    t5, s7, t2
core   0: 3 0x8000aefc (0x027bdf33) x30 0x00400fff
core   0: 0x8000af00 (0x01f848b3) xor     a7, a6, t6
core   0: 3 0x8000af00 (0x01f848b3) x17 0x80026f1b
core   0: 0x8000af04 (0x00187cb3) and     s9, a6, ra
core   0: 3 0x8000af04 (0x00187cb3) x25 0x800000e4
core   0: 0x8000af08 (0x00000605) c.addi  a2, 1
core   0: 3 0x8000af08 (0x0605) x12 0xffffffff
core   0: 0x8000af0a (0xea0582b7) lui     t0, 0xea058
core   0: 3 0x8000af0a (0xea0582b7) x 5 0xea058000
core   0: 0x8000af0e (0x8174f413) andi    s0, s1, -2025
core   0: 3 0x8000af0e (0x8174f413) x 8 0x00000017
core   0: 0x8000af12 (0xfdb61fe3) bne     a2, s11, pc - 34
core   0: 3 0x8000af12 (0xfdb61fe3)
core   0: 0x8000aef0 (0x034fe3b3) rem     t2, t6, s4
core   0: 3 0x8000aef0 (0x034fe3b3) x 7 0x000003ff
core   0: 0x8000aef4 (0x00000001) c.nop
core   0: 3 0x8000aef4 (0x0001)
core   0: 0x8000aef6 (0x00000b79) c.addi  s6, 30
core   0: 3 0x8000aef6 (0x0b79) x22 0x000000f0
core   0: 0x8000aef8 (0x01a849b3) xor     s3, a6, s10
core   0: 3 0x8000aef8 (0x01a849b3) x19 0x767b7ffd
core   0: 0x8000aefc (0x027bdf33) divu    t5, s7, t2
core   0: 3 0x8000aefc (0x027bdf33) x30 0x00400fff
core   0: 0x8000af00 (0x01f848b3) xor     a7, a6, t6
core   0: 3 0x8000af00 (0x01f848b3) x17 0x80026f1b
core   0: 0x8000af04 (0x00187cb3) and     s9, a6, ra
core   0: 3 0x8000af04 (0x00187cb3) x25 0x800000e4
core   0: 0x8000af08 (0x00000605) c.addi  a2, 1
core   0: 3 0x8000af08 (0x0605) x12 0x00000000
core   0: 0x8000af0a (0xea0582b7) lui     t0, 0xea058
core   0: 3 0x8000af0a (0xea0582b7) x 5 0xea058000
core   0: 0x8000af0e (0x8174f413) andi    s0, s1, -2025
core   0: 3 0x8000af0e (0x8174f413) x 8 0x00000017
core   0: 0x8000af12 (0xfdb61fe3) bne     a2, s11, pc - 34
core   0: 3 0x8000af12 (0xfdb61fe3)
core   0: 0x8000aef0 (0x034fe3b3) rem     t2, t6, s4
core   0: 3 0x8000aef0 (0x034fe3b3) x 7 0x000003ff
core   0: 0x8000aef4 (0x00000001) c.nop
core   0: 3 0x8000aef4 (0x0001)
core   0: 0x8000aef6 (0x00000b79) c.addi  s6, 30
core   0: 3 0x8000aef6 (0x0b79) x22 0x0000010e
core   0: 0x8000aef8 (0x01a849b3) xor     s3, a6, s10
core   0: 3 0x8000aef8 (0x01a849b3) x19 0x767b7ffd
core   0: 0x8000aefc (0x027bdf33) divu    t5, s7, t2
core   0: 3 0x8000aefc (0x027bdf33) x30 0x00400fff
core   0: 0x8000af00 (0x01f848b3) xor     a7, a6, t6
core   0: 3 0x8000af00 (0x01f848b3) x17 0x80026f1b
core   0: 0x8000af04 (0x00187cb3) and     s9, a6, ra
core   0: 3 0x8000af04 (0x00187cb3) x25 0x800000e4
core   0: 0x8000af08 (0x00000605) c.addi  a2, 1
core   0: 3 0x8000af08 (0x0605) x12 0x00000001
core   0: 0x8000af0a (0xea0582b7) lui     t0, 0xea058
core   0: 3 0x8000af0a (0xea0582b7) x 5 0xea058000
core   0: 0x8000af0e (0x8174f413) andi    s0, s1, -2025
core   0: 3 0x8000af0e (0x8174f413) x 8 0x00000017
core   0: 0x8000af12 (0xfdb61fe3) bne     a2, s11, pc - 34
core   0: 3 0x8000af12 (0xfdb61fe3)
core   0: 0x8000aef0 (0x034fe3b3) rem     t2, t6, s4
core   0: 3 0x8000aef0 (0x034fe3b3) x 7 0x000003ff
core   0: 0x8000aef4 (0x00000001) c.nop
core   0: 3 0x8000aef4 (0x0001)
core   0: 0x8000aef6 (0x00000b79) c.addi  s6, 30
core   0: 3 0x8000aef6 (0x0b79) x22 0x0000012c
core   0: 0x8000aef8 (0x01a849b3) xor     s3, a6, s10
core   0: 3 0x8000aef8 (0x01a849b3) x19 0x767b7ffd
core   0: 0x8000aefc (0x027bdf33) divu    t5, s7, t2
core   0: 3 0x8000aefc (0x027bdf33) x30 0x00400fff
core   0: 0x8000af00 (0x01f848b3) xor     a7, a6, t6
core   0: 3 0x8000af00 (0x01f848b3) x17 0x80026f1b
core   0: 0x8000af04 (0x00187cb3) and     s9, a6, ra
core   0: 3 0x8000af04 (0x00187cb3) x25 0x800000e4
core   0: 0x8000af08 (0x00000605) c.addi  a2, 1
core   0: 3 0x8000af08 (0x0605) x12 0x00000002
core   0: 0x8000af0a (0xea0582b7) lui     t0, 0xea058
core   0: 3 0x8000af0a (0xea0582b7) x 5 0xea058000
core   0: 0x8000af0e (0x8174f413) andi    s0, s1, -2025
core   0: 3 0x8000af0e (0x8174f413) x 8 0x00000017
core   0: 0x8000af12 (0xfdb61fe3) bne     a2, s11, pc - 34
core   0: 3 0x8000af12 (0xfdb61fe3)
core   0: 0x8000aef0 (0x034fe3b3) rem     t2, t6, s4
core   0: 3 0x8000aef0 (0x034fe3b3) x 7 0x000003ff
core   0: 0x8000aef4 (0x00000001) c.nop
core   0: 3 0x8000aef4 (0x0001)
core   0: 0x8000aef6 (0x00000b79) c.addi  s6, 30
core   0: 3 0x8000aef6 (0x0b79) x22 0x0000014a
core   0: 0x8000aef8 (0x01a849b3) xor     s3, a6, s10
core   0: 3 0x8000aef8 (0x01a849b3) x19 0x767b7ffd
core   0: 0x8000aefc (0x027bdf33) divu    t5, s7, t2
core   0: 3 0x8000aefc (0x027bdf33) x30 0x00400fff
core   0: 0x8000af00 (0x01f848b3) xor     a7, a6, t6
core   0: 3 0x8000af00 (0x01f848b3) x17 0x80026f1b
core   0: 0x8000af04 (0x00187cb3) and     s9, a6, ra
core   0: 3 0x8000af04 (0x00187cb3) x25 0x800000e4
core   0: 0x8000af08 (0x00000605) c.addi  a2, 1
core   0: 3 0x8000af08 (0x0605) x12 0x00000003
core   0: 0x8000af0a (0xea0582b7) lui     t0, 0xea058
core   0: 3 0x8000af0a (0xea0582b7) x 5 0xea058000
core   0: 0x8000af0e (0x8174f413) andi    s0, s1, -2025
core   0: 3 0x8000af0e (0x8174f413) x 8 0x00000017
core   0: 0x8000af12 (0xfdb61fe3) bne     a2, s11, pc - 34
core   0: 3 0x8000af12 (0xfdb61fe3)
core   0: 0x8000aef0 (0x034fe3b3) rem     t2, t6, s4
core   0: 3 0x8000aef0 (0x034fe3b3) x 7 0x000003ff
core   0: 0x8000aef4 (0x00000001) c.nop
core   0: 3 0x8000aef4 (0x0001)
core   0: 0x8000aef6 (0x00000b79) c.addi  s6, 30
core   0: 3 0x8000aef6 (0x0b79) x22 0x00000168
core   0: 0x8000aef8 (0x01a849b3) xor     s3, a6, s10
core   0: 3 0x8000aef8 (0x01a849b3) x19 0x767b7ffd
core   0: 0x8000aefc (0x027bdf33) divu    t5, s7, t2
core   0: 3 0x8000aefc (0x027bdf33) x30 0x00400fff
core   0: 0x8000af00 (0x01f848b3) xor     a7, a6, t6
core   0: 3 0x8000af00 (0x01f848b3) x17 0x80026f1b
core   0: 0x8000af04 (0x00187cb3) and     s9, a6, ra
core   0: 3 0x8000af04 (0x00187cb3) x25 0x800000e4
core   0: 0x8000af08 (0x00000605) c.addi  a2, 1
core   0: 3 0x8000af08 (0x0605) x12 0x00000004
core   0: 0x8000af0a (0xea0582b7) lui     t0, 0xea058
core   0: 3 0x8000af0a (0xea0582b7) x 5 0xea058000
core   0: 0x8000af0e (0x8174f413) andi    s0, s1, -2025
core   0: 3 0x8000af0e (0x8174f413) x 8 0x00000017
core   0: 0x8000af12 (0xfdb61fe3) bne     a2, s11, pc - 34
core   0: 3 0x8000af12 (0xfdb61fe3)
core   0: 0x8000af16 (0x000098ce) c.add   a7, s3
core   0: 3 0x8000af16 (0x98ce) x17 0xf67def18
core   0: 0x8000af18 (0x416d84b3) sub     s1, s11, s6
core   0: 3 0x8000af18 (0x416d84b3) x 9 0xfffffe9c
core   0: 0x8000af1c (0x00008d49) c.or    a0, a0
core   0: 3 0x8000af1c (0x8d49) x10 0x00000000
core   0: 0x8000af1e (0xa3a9b713) sltiu   a4, s3, -1478
core   0: 3 0x8000af1e (0xa3a9b713) x14 0x00000001
core   0: 0x8000af22 (0x00428b33) add     s6, t0, tp
core   0: 3 0x8000af22 (0x00428b33) x22 0x16105f46
core   0: 0x8000af26 (0x0000c019) c.beqz  s0, pc + 6
core   0: 3 0x8000af26 (0xc019)
core   0: 0x8000af28 (0x01e41613) slli    a2, s0, 30
core   0: 3 0x8000af28 (0x01e41613) x12 0xc0000000
core   0: 0x8000af2c (0x01c966b3) or      a3, s2, t3
core   0: 3 0x8000af2c (0x01c966b3) x13 0x2c0adc38
core   0: 0x8000af30 (0xf9e77713) andi    a4, a4, -98
core   0: 3 0x8000af30 (0xf9e77713) x14 0x00000000
core   0: 0x8000af34 (0x0000717d) c.addi16sp sp, -16
core   0: 3 0x8000af34 (0x717d) x 2 0x00000099
core   0: 0x8000af36 (0x00004265) c.li    tp, 25
core   0: 3 0x8000af36 (0x4265) x 4 0x00000019
core   0: 0x8000af38 (0x00009db6) c.add   s11, a3
core   0: 3 0x8000af38 (0x9db6) x27 0x2c0adc3c
core   0: 0x8000af3a (0x02b30b33) mul     s6, t1, a1
core   0: 3 0x8000af3a (0x02b30b33) x22 0x06638b38
core   0: 0x8000af3e (0x0269f263) bgeu    s3, t1, pc + 36
core   0: 3 0x8000af3e (0x0269f263)
core   0: 0x8000af42 (0x02f372b3) remu    t0, t1, a5
core   0: 3 0x8000af42 (0x02f372b3) x 5 0x80022e44
core   0: 0x8000af46 (0x03e07663) bgeu    zero, t5, pc + 44
core   0: 3 0x8000af46 (0x03e07663)
core   0: 0x8000af4a (0x0108abb3) slt     s7, a7, a6
core   0: 3 0x8000af4a (0x0108abb3) x23 0x00000000
core   0: 0x8000af4e (0x0b516693) ori     a3, sp, 181
core   0: 3 0x8000af4e (0x0b516693) x13 0x000000bd
core   0: 0x8000af52 (0x00006d25) c.lui   s10, 0x9
core   0: 3 0x8000af52 (0x6d25) x26 0x00009000
core   0: 0x8000af54 (0x0000915a) c.add   sp, s6
core   0: 3 0x8000af54 (0x915a) x 2 0x06638bd1
core   0: 0x8000af56 (0x038c3593) sltiu   a1, s8, 56
core   0: 3 0x8000af56 (0x038c3593) x11 0x00000000
core   0: 0x8000af5a (0x55b69917) auipc   s2, 0x55b69
core   0: 3 0x8000af5a (0x55b69917) x18 0xd5b73f5a
core   0: 0x8000af5e (0x01e53db3) sltu    s11, a0, t5
core   0: 3 0x8000af5e (0x01e53db3) x27 0x00000001
core   0: 0x8000af62 (0x03a2b533) mulhu   a0, t0, s10
core   0: 3 0x8000af62 (0x03a2b533) x10 0x00004801
core   0: 0x8000af66 (0x0000717d) c.addi16sp sp, -16
core   0: 3 0x8000af66 (0x717d) x 2 0x06638bc1
core   0: 0x8000af68 (0x00004259) c.li    tp, 22
core   0: 3 0x8000af68 (0x4259) x 4 0x00000016
core   0: 0x8000af6a (0x02d6c233) div     tp, a3, a3
core   0: 3 0x8000af6a (0x02d6c233) x 4 0x00000001
core   0: 0x8000af6e (0x9b253b13) sltiu   s6, a0, -1614
core   0: 3 0x8000af6e (0x9b253b13) x22 0x00000001
core   0: 0x8000af72 (0x0000ce0d) c.beqz  a2, pc + 58
core   0: 3 0x8000af72 (0xce0d)
core   0: 0x8000af74 (0x02294c33) div     s8, s2, sp
core   0: 3 0x8000af74 (0x02294c33) x24 0xfffffffa
core   0: 0x8000af78 (0x002696b3) sll     a3, a3, sp
core   0: 3 0x8000af78 (0x002696b3) x13 0x0000017a
core   0: 0x8000af7c (0x0223ffb3) remu    t6, t2, sp
core   0: 3 0x8000af7c (0x0223ffb3) x31 0x000003ff
core   0: 0x8000af80 (0x00001e04) c.addi4spn s1, sp, 816
core   0: 3 0x8000af80 (0x1e04) x 9 0x06638ef1
core   0: 0x8000af82 (0x00008e15) c.sub   a2, a3
core   0: 3 0x8000af82 (0x8e15) x12 0xbffffe86
core   0: 0x8000af84 (0x41dbdbb3) sra     s7, s7, t4
core   0: 3 0x8000af84 (0x41dbdbb3) x23 0x00000000
core   0: 0x8000af88 (0x00008fc1) c.or    a5, s0
core   0: 3 0x8000af88 (0x8fc1) x15 0xffffee5f
core   0: 0x8000af8a (0x4a961297) auipc   t0, 0x4a961
core   0: 3 0x8000af8a (0x4a961297) x 5 0xca96bf8a
core   0: 0x8000af8e (0x0000c819) c.beqz  s0, pc + 22
core   0: 3 0x8000af8e (0xc819)
core   0: 0x8000af90 (0x00008d21) c.xor   a0, s0
core   0: 3 0x8000af90 (0x8d21) x10 0x00004816
core   0: 0x8000af92 (0x000092c2) c.add   t0, a6
core   0: 3 0x8000af92 (0x92c2) x 5 0x4a992c6e
core   0: 0x8000af94 (0x00001880) c.addi4spn s0, sp, 112
core   0: 3 0x8000af94 (0x1880) x 8 0x06638c31
core   0: 0x8000af96 (0x00417e33) and     t3, sp, tp
core   0: 3 0x8000af96 (0x00417e33) x28 0x00000001
core   0: 0x8000af9a (0x0000026e) c.slli  tp, 27
core   0: 3 0x8000af9a (0x026e) x 4 0x08000000
core   0: 0x8000af9c (0x40080b33) sub     s6, a6, zero
core   0: 3 0x8000af9c (0x40080b33) x22 0x80026ce4
core   0: 0x8000afa0 (0x05ba1263) bne     s4, s11, pc + 68
core   0: 3 0x8000afa0 (0x05ba1263)
core   0: 0x8000afe4 (0x000080d1) c.srli  s1, 20
core   0: 3 0x8000afe4 (0x80d1) x 9 0x00000066
core   0: 0x8000afe6 (0x00004d01) c.li    s10, 0
core   0: 3 0x8000afe6 (0x4d01) x26 0x00000000
core   0: 0x8000afe8 (0x00001490) c.addi4spn a2, sp, 608
core   0: 3 0x8000afe8 (0x1490) x12 0x06638e21
core   0: 0x8000afea (0xaf76f613) andi    a2, a3, -1289
core   0: 3 0x8000afea (0xaf76f613) x12 0x00000072
core   0: 0x8000afee (0x033c1d33) mulh    s10, s8, s3
core   0: 3 0x8000afee (0x033c1d33) x26 0xfffffffd
core   0: 0x8000aff2 (0x01914eb3) xor     t4, sp, s9
core   0: 3 0x8000aff2 (0x01914eb3) x29 0x86638b25
core   0: 0x8000aff6 (0x00008a8d) c.andi  a3, 3
core   0: 3 0x8000aff6 (0x8a8d) x13 0x00000002
core   0: 0x8000aff8 (0x12066c93) ori     s9, a2, 288
core   0: 3 0x8000aff8 (0x12066c93) x25 0x00000172
core   0: 0x8000affc (0x0000657d) c.lui   a0, 0x1f
core   0: 3 0x8000affc (0x657d) x10 0x0001f000
core   0: 0x8000affe (0x00008811) c.andi  s0, 4
core   0: 3 0x8000affe (0x8811) x 8 0x00000000
core   0: 0x8000b000 (0x03cb62b3) rem     t0, s6, t3
core   0: 3 0x8000b000 (0x03cb62b3) x 5 0x00000000
core   0: 0x8000b004 (0x000098fd) c.andi  s1, -1
core   0: 3 0x8000b004 (0x98fd) x 9 0x00000066
core   0: 0x8000b006 (0x24edb3b7) lui     t2, 0x24edb
core   0: 3 0x8000b006 (0x24edb3b7) x 7 0x24edb000
core   0: 0x8000b00a (0x00daf1b3) and     gp, s5, a3
core   0: 3 0x8000b00a (0x00daf1b3) x 3 0x00000000
core   0: 0x8000b00e (0x0000921e) c.add   tp, t2
core   0: 3 0x8000b00e (0x921e) x 4 0x2cedb000
core   0: 0x8000b010 (0x41b25433) sra     s0, tp, s11
core   0: 3 0x8000b010 (0x41b25433) x 8 0x1676d800
core   0: 0x8000b014 (0x005b9f63) bne     s7, t0, pc + 30
core   0: 3 0x8000b014 (0x005b9f63)
core   0: 0x8000b018 (0x00004add) c.li    s5, 23
core   0: 3 0x8000b018 (0x4add) x21 0x00000017
core   0: 0x8000b01a (0x01425113) srli    sp, tp, 20
core   0: 3 0x8000b01a (0x01425113) x 2 0x000002ce
core   0: 0x8000b01e (0x00009b92) c.add   s7, tp
core   0: 3 0x8000b01e (0x9b92) x23 0x2cedb000
core   0: 0x8000b020 (0x0000ee95) c.bnez  a3, pc + 60
core   0: 3 0x8000b020 (0xee95)
core   0: 0x8000b05c (0x000060b5) c.lui   ra, 0xd
core   0: 3 0x8000b05c (0x60b5) x 1 0x0000d000
core   0: 0x8000b05e (0x00008cfa) c.mv    s9, t5
core   0: 3 0x8000b05e (0x8cfa) x25 0x00400fff
core   0: 0x8000b060 (0x02b29533) mulh    a0, t0, a1
core   0: 3 0x8000b060 (0x02b29533) x10 0x00000000
core   0: 0x8000b064 (0x0013d693) srli    a3, t2, 1
core   0: 3 0x8000b064 (0x0013d693) x13 0x1276d800
core   0: 0x8000b068 (0x02b2c7b3) div     a5, t0, a1
core   0: 3 0x8000b068 (0x02b2c7b3) x15 0xffffffff
core   0: 0x8000b06c (0x020a1433) mulh    s0, s4, zero
core   0: 3 0x8000b06c (0x020a1433) x 8 0x00000000
core   0: 0x8000b070 (0x9d06f493) andi    s1, a3, -1584
core   0: 3 0x8000b070 (0x9d06f493) x 9 0x1276d800
core   0: 0x8000b074 (0x48434a97) auipc   s5, 0x48434
core   0: 3 0x8000b074 (0x48434a97) x21 0xc843f074
core   0: 0x8000b078 (0x01a2fd33) and     s10, t0, s10
core   0: 3 0x8000b078 (0x01a2fd33) x26 0x00000000
core   0: 0x8000b07c (0x00000496) c.slli  s1, 5
core   0: 3 0x8000b07c (0x0496) x 9 0x4edb0000
core   0: 0x8000b07e (0x0ff0000f) fence   iorw,iorw
core   0: 3 0x8000b07e (0x0ff0000f)
core   0: 0x8000b082 (0x0000100f) fence.i
core   0: 3 0x8000b082 (0x0000100f)
core   0: 0x8000b086 (0x036cd133) divu    sp, s9, s6
core   0: 3 0x8000b086 (0x036cd133) x 2 0x00000000
core   0: 0x8000b08a (0x88298013) addi    zero, s3, -1918
core   0: 3 0x8000b08a (0x88298013)
core   0: 0x8000b08e (0x0061a3b3) slt     t2, gp, t1
core   0: 3 0x8000b08e (0x0061a3b3) x 7 0x00000000
core   0: 0x8000b092 (0x0000100f) fence.i
core   0: 3 0x8000b092 (0x0000100f)
core   0: 0x8000b096 (0xb39fe0ef) jal     pc - 0x14c8
core   0: 3 0x8000b096 (0xb39fe0ef) x 1 0x8000b09a
core   0: 0x80009bce (0x02f021b3) mulhsu  gp, zero, a5
core   0: 3 0x80009bce (0x02f021b3) x 3 0x00000000
core   0: 0x80009bd2 (0x00794bb3) xor     s7, s2, t2
core   0: 3 0x80009bd2 (0x00794bb3) x23 0xd5b73f5a
core   0: 0x80009bd6 (0x00737b33) and     s6, t1, t2
core   0: 3 0x80009bd6 (0x00737b33) x22 0x00000000
core   0: 0x80009bda (0x0000c199) c.beqz  a1, pc + 6
core   0: 3 0x80009bda (0xc199)
core   0: 0x80009be0 (0xfd830313) addi    t1, t1, -40
core   0: 3 0x80009be0 (0xfd830313) x 6 0x80022e1c
core   0: 0x80009be4 (0x02b3c8b3) div     a7, t2, a1
core   0: 3 0x80009be4 (0x02b3c8b3) x17 0xffffffff
core   0: 0x80009be8 (0x03722e33) mulhsu  t3, tp, s7
core   0: 3 0x80009be8 (0x03722e33) x28 0x2581ec77
core   0: 0x80009bec (0x00132223) sw      ra, 4(t1)
core   0: 3 0x80009bec (0x00132223) mem 0x80022e20 0x8000b09a
core   0: 0x80009bf0 (0x0097aeb3) slt     t4, a5, s1
core   0: 3 0x80009bf0 (0x0097aeb3) x29 0x00000001
core   0: 0x80009bf4 (0x00000c92) c.slli  s9, 4
core   0: 3 0x80009bf4 (0x0c92) x25 0x0400fff0
core   0: 0x80009bf6 (0x000064ed) c.lui   s1, 0x1b
core   0: 3 0x80009bf6 (0x64ed) x 9 0x0001b000
core   0: 0x80009bf8 (0x01069b93) slli    s7, a3, 16
core   0: 3 0x80009bf8 (0x01069b93) x23 0xd8000000
core   0: 0x80009bfc (0x3ba49c17) auipc   s8, 0x3ba49
core   0: 3 0x80009bfc (0x3ba49c17) x24 0xbba52bfc
core   0: 0x80009c00 (0x00a31f93) slli    t6, t1, 10
core   0: 3 0x80009c00 (0x00a31f93) x31 0x08b87000
core   0: 0x80009c04 (0x00008d85) c.sub   a1, s1
core   0: 3 0x80009c04 (0x8d85) x11 0xfffe5000
core   0: 0x80009c06 (0x01bdf8b3) and     a7, s11, s11
core   0: 3 0x80009c06 (0x01bdf8b3) x17 0x00000001
core   0: 0x80009c0a (0x325efa93) andi    s5, t4, 805
core   0: 3 0x80009c0a (0x325efa93) x21 0x00000001
core   0: 0x80009c0e (0x03bc13b3) mulh    t2, s8, s11
core   0: 3 0x80009c0e (0x03bc13b3) x 7 0xffffffff
core   0: 0x80009c12 (0x00006389) c.lui   t2, 0x2
core   0: 3 0x80009c12 (0x6389) x 7 0x00002000
core   0: 0x80009c14 (0xd78fd0ef) jal     pc - 0x2a88
core   0: 3 0x80009c14 (0xd78fd0ef) x 1 0x80009c18
core   0: 0x8000718c (0x0000c489) c.beqz  s1, pc + 10
core   0: 3 0x8000718c (0xc489)
core   0: 0x8000718e (0x006dc033) xor     zero, s11, t1
core   0: 3 0x8000718e (0x006dc033)
core   0: 0x80007192 (0x035345b3) div     a1, t1, s5
core   0: 3 0x80007192 (0x035345b3) x11 0x80022e1c
core   0: 0x80007196 (0xfd030313) addi    t1, t1, -48
core   0: 3 0x80007196 (0xfd030313) x 6 0x80022dec
core   0: 0x8000719a (0x00000d3a) c.slli  s10, 14
core   0: 3 0x8000719a (0x0d3a) x26 0x00000000
core   0: 0x8000719c (0x00132223) sw      ra, 4(t1)
core   0: 3 0x8000719c (0x00132223) mem 0x80022df0 0x80009c18
core   0: 0x800071a0 (0x03440433) mul     s0, s0, s4
core   0: 3 0x800071a0 (0x03440433) x 8 0x00000000
core   0: 0x800071a4 (0x01ecebb3) or      s7, s9, t5
core   0: 3 0x800071a4 (0x01ecebb3) x23 0x0440ffff
core   0: 0x800071a8 (0x009a40b3) xor     ra, s4, s1
core   0: 3 0x800071a8 (0x009a40b3) x 1 0xa72f425e
core   0: 0x800071ac (0x01e03cb3) snez    s9, t5
core   0: 3 0x800071ac (0x01e03cb3) x25 0x00000001
core   0: 0x800071b0 (0x0aa42293) slti    t0, s0, 170
core   0: 3 0x800071b0 (0x0aa42293) x 5 0x00000001
core   0: 0x800071b4 (0x03fc8233) mul     tp, s9, t6
core   0: 3 0x800071b4 (0x03fc8233) x 4 0x08b87000
core   0: 0x800071b8 (0x00054fb3) xor     t6, a0, zero
core   0: 3 0x800071b8 (0x00054fb3) x31 0x00000000
core   0: 0x800071bc (0x00008d61) c.and   a0, s0
core   0: 3 0x800071bc (0x8d61) x10 0x00000000
core   0: 0x800071be (0x00000001) c.nop
core   0: 3 0x800071be (0x0001)
core   0: 0x800071c0 (0x00521293) slli    t0, tp, 5
core   0: 3 0x800071c0 (0x00521293) x 5 0x170e0000
core   0: 0x800071c4 (0x0ff0000f) fence   iorw,iorw
core   0: 3 0x800071c4 (0x0ff0000f)
core   0: 0x800071c8 (0x000044dd) c.li    s1, 23
core   0: 3 0x800071c8 (0x44dd) x 9 0x00000017
core   0: 0x800071ca (0x01a00e63) beq     zero, s10, pc + 28
core   0: 3 0x800071ca (0x01a00e63)
core   0: 0x800071e6 (0x00008e39) c.xor   a2, a4
core   0: 3 0x800071e6 (0x8e39) x12 0x00000072
core   0: 0x800071e8 (0x00432083) lw      ra, 4(t1)
core   0: 3 0x800071e8 (0x00432083) x 1 0x80009c18 mem 0x80022df0
core   0: 0x800071ec (0x00000c25) c.addi  s8, 9
core   0: 3 0x800071ec (0x0c25) x24 0xbba52c05
core   0: 0x800071ee (0x00008c05) c.sub   s0, s1
core   0: 3 0x800071ee (0x8c05) x 8 0xffffffe9
core   0: 0x800071f0 (0x03030313) addi    t1, t1, 48
core   0: 3 0x800071f0 (0x03030313) x 6 0x80022e1c
core   0: 0x800071f4 (0x02a79ab3) mulh    s5, a5, a0
core   0: 3 0x800071f4 (0x02a79ab3) x21 0x00000000
core   0: 0x800071f8 (0x01e1e633) or      a2, gp, t5
core   0: 3 0x800071f8 (0x01e1e633) x12 0x00400fff
core   0: 0x800071fc (0x02760733) mul     a4, a2, t2
core   0: 3 0x800071fc (0x02760733) x14 0x01ffe000
core   0: 0x80007200 (0x00008513) mv      a0, ra
core   0: 3 0x80007200 (0x00008513) x10 0x80009c18
core   0: 0x80007204 (0x00008502) c.jr    a0
core   0: 3 0x80007204 (0x8502)
core   0: 0x80009c18 (0x00500413) li      s0, 5
core   0: 3 0x80009c18 (0x00500413) x 8 0x00000005
core   0: 0x80009c1c (0x032e27b3) mulhsu  a5, t3, s2
core   0: 3 0x80009c1c (0x032e27b3) x15 0x1f4ff2e7
core   0: 0x80009c20 (0x00008d55) c.or    a0, a3
core   0: 3 0x80009c20 (0x8d55) x10 0x9276dc18
core   0: 0x80009c22 (0x00000001) c.nop
core   0: 3 0x80009c22 (0x0001)
core   0: 0x80009c24 (0x024193b3) mulh    t2, gp, tp
core   0: 3 0x80009c24 (0x024193b3) x 7 0x00000000
core   0: 0x80009c28 (0x40c5db13) srai    s6, a1, 12
core   0: 3 0x80009c28 (0x40c5db13) x22 0xfff80022
core   0: 0x80009c2c (0x01f8c9b3) xor     s3, a7, t6
core   0: 3 0x80009c2c (0x01f8c9b3) x19 0x00000001
core   0: 0x80009c30 (0x0000147d) c.addi  s0, -1
core   0: 3 0x80009c30 (0x147d) x 8 0x00000004
core   0: 0x80009c32 (0x000097d2) c.add   a5, s4
core   0: 3 0x80009c32 (0x97d2) x15 0xc67ee545
core   0: 0x80009c34 (0x0255a2b3) mulhsu  t0, a1, t0
core   0: 3 0x80009c34 (0x0255a2b3) x 5 0xf4793243
core   0: 0x80009c38 (0x0000f875) c.bnez  s0, pc - 12
core   0: 3 0x80009c38 (0xf875)
core   0: 0x80009c2c (0x01f8c9b3) xor     s3, a7, t6
core   0: 3 0x80009c2c (0x01f8c9b3) x19 0x00000001
core   0: 0x80009c30 (0x0000147d) c.addi  s0, -1
core   0: 3 0x80009c30 (0x147d) x 8 0x00000003
core   0: 0x80009c32 (0x000097d2) c.add   a5, s4
core   0: 3 0x80009c32 (0x97d2) x15 0x6dadd7a3
core   0: 0x80009c34 (0x0255a2b3) mulhsu  t0, a1, t0
core   0: 3 0x80009c34 (0x0255a2b3) x 5 0x85c57bd9
core   0: 0x80009c38 (0x0000f875) c.bnez  s0, pc - 12
core   0: 3 0x80009c38 (0xf875)
core   0: 0x80009c2c (0x01f8c9b3) xor     s3, a7, t6
core   0: 3 0x80009c2c (0x01f8c9b3) x19 0x00000001
core   0: 0x80009c30 (0x0000147d) c.addi  s0, -1
core   0: 3 0x80009c30 (0x147d) x 8 0x00000002
core   0: 0x80009c32 (0x000097d2) c.add   a5, s4
core   0: 3 0x80009c32 (0x97d2) x15 0x14dcca01
core   0: 0x80009c34 (0x0255a2b3) mulhsu  t0, a1, t0
core   0: 3 0x80009c34 (0x0255a2b3) x 5 0xbd1e65b6
core   0: 0x80009c38 (0x0000f875) c.bnez  s0, pc - 12
core   0: 3 0x80009c38 (0xf875)
core   0: 0x80009c2c (0x01f8c9b3) xor     s3, a7, t6
core   0: 3 0x80009c2c (0x01f8c9b3) x19 0x00000001
core   0: 0x80009c30 (0x0000147d) c.addi  s0, -1
core   0: 3 0x80009c30 (0x147d) x 8 0x00000001
core   0: 0x80009c32 (0x000097d2) c.add   a5, s4
core   0: 3 0x80009c32 (0x97d2) x15 0xbc0bbc5f
core   0: 0x80009c34 (0x0255a2b3) mulhsu  t0, a1, t0
core   0: 3 0x80009c34 (0x0255a2b3) x 5 0xa1726971
core   0: 0x80009c38 (0x0000f875) c.bnez  s0, pc - 12
core   0: 3 0x80009c38 (0xf875)
core   0: 0x80009c2c (0x01f8c9b3) xor     s3, a7, t6
core   0: 3 0x80009c2c (0x01f8c9b3) x19 0x00000001
core   0: 0x80009c30 (0x0000147d) c.addi  s0, -1
core   0: 3 0x80009c30 (0x147d) x 8 0x00000000
core   0: 0x80009c32 (0x000097d2) c.add   a5, s4
core   0: 3 0x80009c32 (0x97d2) x15 0x633aaebd
core   0: 0x80009c34 (0x0255a2b3) mulhsu  t0, a1, t0
core   0: 3 0x80009c34 (0x0255a2b3) x 5 0xaf482b40
core   0: 0x80009c38 (0x0000f875) c.bnez  s0, pc - 12
core   0: 3 0x80009c38 (0xf875)
core   0: 0x80009c3a (0x00008eed) c.and   a3, a1
core   0: 3 0x80009c3a (0x8eed) x13 0x00020800
core   0: 0x80009c3c (0xffa00693) li      a3, -6
core   0: 3 0x80009c3c (0xffa00693) x13 0xfffffffa
core   0: 0x80009c40 (0x00008c61) c.and   s0, s0
core   0: 3 0x80009c40 (0x8c61) x 8 0x00000000
core   0: 0x80009c42 (0x00800d13) li      s10, 8
core   0: 3 0x80009c42 (0x00800d13) x26 0x00000008
core   0: 0x80009c46 (0x0270b133) mulhu   sp, ra, t2
core   0: 3 0x80009c46 (0x0270b133) x 2 0x00000000
core   0: 0x80009c4a (0x0000808e) c.mv    ra, gp
core   0: 3 0x80009c4a (0x808e) x 1 0x00000000
core   0: 0x80009c4c (0x0112cab3) xor     s5, t0, a7
core   0: 3 0x80009c4c (0x0112cab3) x21 0xaf482b41
core   0: 0x80009c50 (0x0000069d) c.addi  a3, 7
core   0: 3 0x80009c50 (0x069d) x13 0x00000001
core   0: 0x80009c52 (0xffa68ce3) beq     a3, s10, pc - 8
core   0: 3 0x80009c52 (0xffa68ce3)
core   0: 0x80009c56 (0x0000048e) c.slli  s1, 3
core   0: 3 0x80009c56 (0x048e) x 9 0x000000b8
core   0: 0x80009c58 (0x00a00693) li      a3, 10
core   0: 3 0x80009c58 (0x00a00693) x13 0x0000000a
core   0: 0x80009c5c (0x03614ab3) div     s5, sp, s6
core   0: 3 0x80009c5c (0x03614ab3) x21 0x00000000
core   0: 0x80009c60 (0x00900e13) li      t3, 9
core   0: 3 0x80009c60 (0x00900e13) x28 0x00000009
core   0: 0x80009c64 (0x501f2093) slti    ra, t5, 1281
core   0: 3 0x80009c64 (0x501f2093) x 1 0x00000000
core   0: 0x80009c68 (0x000016e9) c.addi  a3, -6
core   0: 3 0x80009c68 (0x16e9) x13 0x00000004
core   0: 0x80009c6a (0x134cb437) lui     s0, 0x134cb
core   0: 3 0x80009c6a (0x134cb437) x 8 0x134cb000
core   0: 0x80009c6e (0xffc6fbe3) bgeu    a3, t3, pc - 10
core   0: 3 0x80009c6e (0xffc6fbe3)
core   0: 0x80009c72 (0x00e79bb3) sll     s7, a5, a4
core   0: 3 0x80009c72 (0x00e79bb3) x23 0x633aaebd
core   0: 0x80009c76 (0x00100113) li      sp, 1
core   0: 3 0x80009c76 (0x00100113) x 2 0x00000001
core   0: 0x80009c7a (0x00000001) c.nop
core   0: 3 0x80009c7a (0x0001)
core   0: 0x80009c7c (0x00008cfd) c.and   s1, a5
core   0: 3 0x80009c7c (0x8cfd) x 9 0x000000b8
core   0: 0x80009c7e (0xff300413) li      s0, -13
core   0: 3 0x80009c7e (0xff300413) x 8 0xfffffff3
core   0: 0x80009c82 (0xaca1a213) slti    tp, gp, -1334
core   0: 3 0x80009c82 (0xaca1a213) x 4 0x00000000
core   0: 0x80009c86 (0x090fb917) auipc   s2, 0x90fb
core   0: 3 0x80009c86 (0x090fb917) x18 0x89104c86
core   0: 0x80009c8a (0x9c226013) ori     zero, tp, -1598
core   0: 3 0x80009c8a (0x9c226013)
core   0: 0x80009c8e (0x0000892a) c.mv    s2, a0
core   0: 3 0x80009c8e (0x892a) x18 0x9276dc18
core   0: 0x80009c90 (0x00c05bb3) srl     s7, zero, a2
core   0: 3 0x80009c90 (0x00c05bb3) x23 0x00000000
core   0: 0x80009c94 (0x00006641) c.lui   a2, 0x10
core   0: 3 0x80009c94 (0x6641) x12 0x00010000
core   0: 0x80009c96 (0x02d91bb3) mulh    s7, s2, a3
core   0: 3 0x80009c96 (0x02d91bb3) x23 0xfffffffe
core   0: 0x80009c9a (0x0321eab3) rem     s5, gp, s2
core   0: 3 0x80009c9a (0x0321eab3) x21 0x00000000
core   0: 0x80009c9e (0x00008f31) c.xor   a4, a2
core   0: 3 0x80009c9e (0x8f31) x14 0x01fee000
core   0: 0x80009ca0 (0x40025013) srai    zero, tp, 0
core   0: 3 0x80009ca0 (0x40025013)
core   0: 0x80009ca4 (0x00001171) c.addi  sp, -4
core   0: 3 0x80009ca4 (0x1171) x 2 0xfffffffd
core   0: 0x80009ca6 (0x03167233) remu    tp, a2, a7
core   0: 3 0x80009ca6 (0x03167233) x 4 0x00000000
core   0: 0x80009caa (0x012768b3) or      a7, a4, s2
core   0: 3 0x80009caa (0x012768b3) x17 0x93fefc18
core   0: 0x80009cae (0xfc815ce3) bge     sp, s0, pc - 40
core   0: 3 0x80009cae (0xfc815ce3)
core   0: 0x80009c86 (0x090fb917) auipc   s2, 0x90fb
core   0: 3 0x80009c86 (0x090fb917) x18 0x89104c86
core   0: 0x80009c8a (0x9c226013) ori     zero, tp, -1598
core   0: 3 0x80009c8a (0x9c226013)
core   0: 0x80009c8e (0x0000892a) c.mv    s2, a0
core   0: 3 0x80009c8e (0x892a) x18 0x9276dc18
core   0: 0x80009c90 (0x00c05bb3) srl     s7, zero, a2
core   0: 3 0x80009c90 (0x00c05bb3) x23 0x00000000
core   0: 0x80009c94 (0x00006641) c.lui   a2, 0x10
core   0: 3 0x80009c94 (0x6641) x12 0x00010000
core   0: 0x80009c96 (0x02d91bb3) mulh    s7, s2, a3
core   0: 3 0x80009c96 (0x02d91bb3) x23 0xfffffffe
core   0: 0x80009c9a (0x0321eab3) rem     s5, gp, s2
core   0: 3 0x80009c9a (0x0321eab3) x21 0x00000000
core   0: 0x80009c9e (0x00008f31) c.xor   a4, a2
core   0: 3 0x80009c9e (0x8f31) x14 0x01ffe000
core   0: 0x80009ca0 (0x40025013) srai    zero, tp, 0
core   0: 3 0x80009ca0 (0x40025013)
core   0: 0x80009ca4 (0x00001171) c.addi  sp, -4
core   0: 3 0x80009ca4 (0x1171) x 2 0xfffffff9
core   0: 0x80009ca6 (0x03167233) remu    tp, a2, a7
core   0: 3 0x80009ca6 (0x03167233) x 4 0x00010000
core   0: 0x80009caa (0x012768b3) or      a7, a4, s2
core   0: 3 0x80009caa (0x012768b3) x17 0x93fffc18
core   0: 0x80009cae (0xfc815ce3) bge     sp, s0, pc - 40
core   0: 3 0x80009cae (0xfc815ce3)
core   0: 0x80009c86 (0x090fb917) auipc   s2, 0x90fb
core   0: 3 0x80009c86 (0x090fb917) x18 0x89104c86
core   0: 0x80009c8a (0x9c226013) ori     zero, tp, -1598
core   0: 3 0x80009c8a (0x9c226013)
core   0: 0x80009c8e (0x0000892a) c.mv    s2, a0
core   0: 3 0x80009c8e (0x892a) x18 0x9276dc18
core   0: 0x80009c90 (0x00c05bb3) srl     s7, zero, a2
core   0: 3 0x80009c90 (0x00c05bb3) x23 0x00000000
core   0: 0x80009c94 (0x00006641) c.lui   a2, 0x10
core   0: 3 0x80009c94 (0x6641) x12 0x00010000
core   0: 0x80009c96 (0x02d91bb3) mulh    s7, s2, a3
core   0: 3 0x80009c96 (0x02d91bb3) x23 0xfffffffe
core   0: 0x80009c9a (0x0321eab3) rem     s5, gp, s2
core   0: 3 0x80009c9a (0x0321eab3) x21 0x00000000
core   0: 0x80009c9e (0x00008f31) c.xor   a4, a2
core   0: 3 0x80009c9e (0x8f31) x14 0x01fee000
core   0: 0x80009ca0 (0x40025013) srai    zero, tp, 0
core   0: 3 0x80009ca0 (0x40025013)
core   0: 0x80009ca4 (0x00001171) c.addi  sp, -4
core   0: 3 0x80009ca4 (0x1171) x 2 0xfffffff5
core   0: 0x80009ca6 (0x03167233) remu    tp, a2, a7
core   0: 3 0x80009ca6 (0x03167233) x 4 0x00010000
core   0: 0x80009caa (0x012768b3) or      a7, a4, s2
core   0: 3 0x80009caa (0x012768b3) x17 0x93fefc18
core   0: 0x80009cae (0xfc815ce3) bge     sp, s0, pc - 40
core   0: 3 0x80009cae (0xfc815ce3)
core   0: 0x80009c86 (0x090fb917) auipc   s2, 0x90fb
core   0: 3 0x80009c86 (0x090fb917) x18 0x89104c86
core   0: 0x80009c8a (0x9c226013) ori     zero, tp, -1598
core   0: 3 0x80009c8a (0x9c226013)
core   0: 0x80009c8e (0x0000892a) c.mv    s2, a0
core   0: 3 0x80009c8e (0x892a) x18 0x9276dc18
core   0: 0x80009c90 (0x00c05bb3) srl     s7, zero, a2
core   0: 3 0x80009c90 (0x00c05bb3) x23 0x00000000
core   0: 0x80009c94 (0x00006641) c.lui   a2, 0x10
core   0: 3 0x80009c94 (0x6641) x12 0x00010000
core   0: 0x80009c96 (0x02d91bb3) mulh    s7, s2, a3
core   0: 3 0x80009c96 (0x02d91bb3) x23 0xfffffffe
core   0: 0x80009c9a (0x0321eab3) rem     s5, gp, s2
core   0: 3 0x80009c9a (0x0321eab3) x21 0x00000000
core   0: 0x80009c9e (0x00008f31) c.xor   a4, a2
core   0: 3 0x80009c9e (0x8f31) x14 0x01ffe000
core   0: 0x80009ca0 (0x40025013) srai    zero, tp, 0
core   0: 3 0x80009ca0 (0x40025013)
core   0: 0x80009ca4 (0x00001171) c.addi  sp, -4
core   0: 3 0x80009ca4 (0x1171) x 2 0xfffffff1
core   0: 0x80009ca6 (0x03167233) remu    tp, a2, a7
core   0: 3 0x80009ca6 (0x03167233) x 4 0x00010000
core   0: 0x80009caa (0x012768b3) or      a7, a4, s2
core   0: 3 0x80009caa (0x012768b3) x17 0x93fffc18
core   0: 0x80009cae (0xfc815ce3) bge     sp, s0, pc - 40
core   0: 3 0x80009cae (0xfc815ce3)
core   0: 0x80009cb2 (0x405854b3) sra     s1, a6, t0
core   0: 3 0x80009cb2 (0x405854b3) x 9 0x80026ce4
core   0: 0x80009cb6 (0x00600093) li      ra, 6
core   0: 3 0x80009cb6 (0x00600093) x 1 0x00000006
core   0: 0x80009cba (0x3a158b93) addi    s7, a1, 929
core   0: 3 0x80009cba (0x3a158b93) x23 0x800231bd
core   0: 0x80009cbe (0x03299cb3) mulh    s9, s3, s2
core   0: 3 0x80009cbe (0x03299cb3) x25 0xffffffff
core   0: 0x80009cc2 (0x42ac0013) addi    zero, s8, 1066
core   0: 3 0x80009cc2 (0x42ac0013)
core   0: 0x80009cc6 (0x00700f93) li      t6, 7
core   0: 3 0x80009cc6 (0x00700f93) x31 0x00000007
core   0: 0x80009cca (0xdef20e13) addi    t3, tp, -529
core   0: 3 0x80009cca (0xdef20e13) x28 0x0000fdef
core   0: 0x80009cce (0x025d5bb3) divu    s7, s10, t0
core   0: 3 0x80009cce (0x025d5bb3) x23 0x00000000
core   0: 0x80009cd2 (0x00008f6d) c.and   a4, a1
core   0: 3 0x80009cd2 (0x8f6d) x14 0x00022000
core   0: 0x80009cd4 (0x02dee2b3) rem     t0, t4, a3
core   0: 3 0x80009cd4 (0x02dee2b3) x 5 0x00000001
core   0: 0x80009cd8 (0x000000a9) c.addi  ra, 10
core   0: 3 0x80009cd8 (0x00a9) x 1 0x00000010
core   0: 0x80009cda (0x411803b3) sub     t2, a6, a7
core   0: 3 0x80009cda (0x411803b3) x 7 0xec0270cc
core   0: 0x80009cde (0x021b39b3) mulhu   s3, s6, ra
core   0: 3 0x80009cde (0x021b39b3) x19 0x0000000f
core   0: 0x80009ce2 (0x02feb2b3) mulhu   t0, t4, a5
core   0: 3 0x80009ce2 (0x02feb2b3) x 5 0x00000000
core   0: 0x80009ce6 (0x020dfe33) remu    t3, s11, zero
core   0: 3 0x80009ce6 (0x020dfe33) x28 0x00000001
core   0: 0x80009cea (0x004f7933) and     s2, t5, tp
core   0: 3 0x80009cea (0x004f7933) x18 0x00000000
core   0: 0x80009cee (0xfff00213) li      tp, -1
core   0: 3 0x80009cee (0xfff00213) x 4 0xffffffff
core   0: 0x80009cf2 (0x00008f81) c.sub   a5, s0
core   0: 3 0x80009cf2 (0x8f81) x15 0x633aaeca
core   0: 0x80009cf4 (0x00300413) li      s0, 3
core   0: 3 0x80009cf4 (0x00300413) x 8 0x00000003
core   0: 0x80009cf8 (0x00008e9d) c.sub   a3, a5
core   0: 3 0x80009cf8 (0x8e9d) x13 0x9cc5513a
core   0: 0x80009cfa (0x00000b2e) c.slli  s6, 11
core   0: 3 0x80009cfa (0x0b2e) x22 0xc0011000
core   0: 0x80009cfc (0x00000221) c.addi  tp, 8
core   0: 3 0x80009cfc (0x0221) x 4 0x00000007
core   0: 0x80009cfe (0x0000859d) c.srai  a1, 7
core   0: 3 0x80009cfe (0x859d) x11 0xff00045c
core   0: 0x80009d00 (0xfe826ce3) bltu    tp, s0, pc - 8
core   0: 3 0x80009d00 (0xfe826ce3)
core   0: 0x80009d04 (0x00001d94) c.addi4spn a3, sp, 752
core   0: 3 0x80009d04 (0x1d94) x13 0x000002e1
core   0: 0x80009d06 (0x00001408) c.addi4spn a0, sp, 544
core   0: 3 0x80009d06 (0x1408) x10 0x00000211
core   0: 0x80009d08 (0x00e3d113) srli    sp, t2, 14
core   0: 3 0x80009d08 (0x00e3d113) x 2 0x0003b009
core   0: 0x80009d0c (0x01f655b3) srl     a1, a2, t6
core   0: 3 0x80009d0c (0x01f655b3) x11 0x00000200
core   0: 0x80009d10 (0xfdf0e1e3) bltu    ra, t6, pc - 62
core   0: 3 0x80009d10 (0xfdf0e1e3)
core   0: 0x80009d14 (0x00008199) c.srli  a1, 6
core   0: 3 0x80009d14 (0x8199) x11 0x00000008
core   0: 0x80009d16 (0xff600413) li      s0, -10
core   0: 3 0x80009d16 (0xff600413) x 8 0xfffffff6
core   0: 0x80009d1a (0x034758b3) divu    a7, a4, s4
core   0: 3 0x80009d1a (0x034758b3) x17 0x00000000
core   0: 0x80009d1e (0x00000001) c.nop
core   0: 3 0x80009d1e (0x0001)
core   0: 0x80009d20 (0x032843b3) div     t2, a6, s2
core   0: 3 0x80009d20 (0x032843b3) x 7 0xffffffff
core   0: 0x80009d24 (0x00000405) c.addi  s0, 1
core   0: 3 0x80009d24 (0x0405) x 8 0xfffffff7
core   0: 0x80009d26 (0x03112fb3) mulhsu  t6, sp, a7
core   0: 3 0x80009d26 (0x03112fb3) x31 0x00000000
core   0: 0x80009d2a (0x00400713) li      a4, 4
core   0: 3 0x80009d2a (0x00400713) x14 0x00000004
core   0: 0x80009d2e (0xfef00793) li      a5, -17
core   0: 3 0x80009d2e (0xfef00793) x15 0xffffffef
core   0: 0x80009d32 (0x00008e39) c.xor   a2, a4
core   0: 3 0x80009d32 (0x8e39) x12 0x00010004
core   0: 0x80009d34 (0x419808b3) sub     a7, a6, s9
core   0: 3 0x80009d34 (0x419808b3) x17 0x80026ce5
core   0: 0x80009d38 (0x00001765) c.addi  a4, -7
core   0: 3 0x80009d38 (0x1765) x14 0xfffffffd
core   0: 0x80009d3a (0xfef70ce3) beq     a4, a5, pc - 8
core   0: 3 0x80009d3a (0xfef70ce3)
core   0: 0x80009d3e (0x40cfde93) srai    t4, t6, 12
core   0: 3 0x80009d3e (0x40cfde93) x29 0x00000000
core   0: 0x80009d42 (0x0000fc79) c.bnez  s0, pc - 34
core   0: 3 0x80009d42 (0xfc79)
core   0: 0x80009d20 (0x032843b3) div     t2, a6, s2
core   0: 3 0x80009d20 (0x032843b3) x 7 0xffffffff
core   0: 0x80009d24 (0x00000405) c.addi  s0, 1
core   0: 3 0x80009d24 (0x0405) x 8 0xfffffff8
core   0: 0x80009d26 (0x03112fb3) mulhsu  t6, sp, a7
core   0: 3 0x80009d26 (0x03112fb3) x31 0x0001d80d
core   0: 0x80009d2a (0x00400713) li      a4, 4
core   0: 3 0x80009d2a (0x00400713) x14 0x00000004
core   0: 0x80009d2e (0xfef00793) li      a5, -17
core   0: 3 0x80009d2e (0xfef00793) x15 0xffffffef
core   0: 0x80009d32 (0x00008e39) c.xor   a2, a4
core   0: 3 0x80009d32 (0x8e39) x12 0x00010000
core   0: 0x80009d34 (0x419808b3) sub     a7, a6, s9
core   0: 3 0x80009d34 (0x419808b3) x17 0x80026ce5
core   0: 0x80009d38 (0x00001765) c.addi  a4, -7
core   0: 3 0x80009d38 (0x1765) x14 0xfffffffd
core   0: 0x80009d3a (0xfef70ce3) beq     a4, a5, pc - 8
core   0: 3 0x80009d3a (0xfef70ce3)
core   0: 0x80009d3e (0x40cfde93) srai    t4, t6, 12
core   0: 3 0x80009d3e (0x40cfde93) x29 0x0000001d
core   0: 0x80009d42 (0x0000fc79) c.bnez  s0, pc - 34
core   0: 3 0x80009d42 (0xfc79)
core   0: 0x80009d20 (0x032843b3) div     t2, a6, s2
core   0: 3 0x80009d20 (0x032843b3) x 7 0xffffffff
core   0: 0x80009d24 (0x00000405) c.addi  s0, 1
core   0: 3 0x80009d24 (0x0405) x 8 0xfffffff9
core   0: 0x80009d26 (0x03112fb3) mulhsu  t6, sp, a7
core   0: 3 0x80009d26 (0x03112fb3) x31 0x0001d80d
core   0: 0x80009d2a (0x00400713) li      a4, 4
core   0: 3 0x80009d2a (0x00400713) x14 0x00000004
core   0: 0x80009d2e (0xfef00793) li      a5, -17
core   0: 3 0x80009d2e (0xfef00793) x15 0xffffffef
core   0: 0x80009d32 (0x00008e39) c.xor   a2, a4
core   0: 3 0x80009d32 (0x8e39) x12 0x00010004
core   0: 0x80009d34 (0x419808b3) sub     a7, a6, s9
core   0: 3 0x80009d34 (0x419808b3) x17 0x80026ce5
core   0: 0x80009d38 (0x00001765) c.addi  a4, -7
core   0: 3 0x80009d38 (0x1765) x14 0xfffffffd
core   0: 0x80009d3a (0xfef70ce3) beq     a4, a5, pc - 8
core   0: 3 0x80009d3a (0xfef70ce3)
core   0: 0x80009d3e (0x40cfde93) srai    t4, t6, 12
core   0: 3 0x80009d3e (0x40cfde93) x29 0x0000001d
core   0: 0x80009d42 (0x0000fc79) c.bnez  s0, pc - 34
core   0: 3 0x80009d42 (0xfc79)
core   0: 0x80009d20 (0x032843b3) div     t2, a6, s2
core   0: 3 0x80009d20 (0x032843b3) x 7 0xffffffff
core   0: 0x80009d24 (0x00000405) c.addi  s0, 1
core   0: 3 0x80009d24 (0x0405) x 8 0xfffffffa
core   0: 0x80009d26 (0x03112fb3) mulhsu  t6, sp, a7
core   0: 3 0x80009d26 (0x03112fb3) x31 0x0001d80d
core   0: 0x80009d2a (0x00400713) li      a4, 4
core   0: 3 0x80009d2a (0x00400713) x14 0x00000004
core   0: 0x80009d2e (0xfef00793) li      a5, -17
core   0: 3 0x80009d2e (0xfef00793) x15 0xffffffef
core   0: 0x80009d32 (0x00008e39) c.xor   a2, a4
core   0: 3 0x80009d32 (0x8e39) x12 0x00010000
core   0: 0x80009d34 (0x419808b3) sub     a7, a6, s9
core   0: 3 0x80009d34 (0x419808b3) x17 0x80026ce5
core   0: 0x80009d38 (0x00001765) c.addi  a4, -7
core   0: 3 0x80009d38 (0x1765) x14 0xfffffffd
core   0: 0x80009d3a (0xfef70ce3) beq     a4, a5, pc - 8
core   0: 3 0x80009d3a (0xfef70ce3)
core   0: 0x80009d3e (0x40cfde93) srai    t4, t6, 12
core   0: 3 0x80009d3e (0x40cfde93) x29 0x0000001d
core   0: 0x80009d42 (0x0000fc79) c.bnez  s0, pc - 34
core   0: 3 0x80009d42 (0xfc79)
core   0: 0x80009d20 (0x032843b3) div     t2, a6, s2
core   0: 3 0x80009d20 (0x032843b3) x 7 0xffffffff
core   0: 0x80009d24 (0x00000405) c.addi  s0, 1
core   0: 3 0x80009d24 (0x0405) x 8 0xfffffffb
core   0: 0x80009d26 (0x03112fb3) mulhsu  t6, sp, a7
core   0: 3 0x80009d26 (0x03112fb3) x31 0x0001d80d
core   0: 0x80009d2a (0x00400713) li      a4, 4
core   0: 3 0x80009d2a (0x00400713) x14 0x00000004
core   0: 0x80009d2e (0xfef00793) li      a5, -17
core   0: 3 0x80009d2e (0xfef00793) x15 0xffffffef
core   0: 0x80009d32 (0x00008e39) c.xor   a2, a4
core   0: 3 0x80009d32 (0x8e39) x12 0x00010004
core   0: 0x80009d34 (0x419808b3) sub     a7, a6, s9
core   0: 3 0x80009d34 (0x419808b3) x17 0x80026ce5
core   0: 0x80009d38 (0x00001765) c.addi  a4, -7
core   0: 3 0x80009d38 (0x1765) x14 0xfffffffd
core   0: 0x80009d3a (0xfef70ce3) beq     a4, a5, pc - 8
core   0: 3 0x80009d3a (0xfef70ce3)
core   0: 0x80009d3e (0x40cfde93) srai    t4, t6, 12
core   0: 3 0x80009d3e (0x40cfde93) x29 0x0000001d
core   0: 0x80009d42 (0x0000fc79) c.bnez  s0, pc - 34
core   0: 3 0x80009d42 (0xfc79)
core   0: 0x80009d20 (0x032843b3) div     t2, a6, s2
core   0: 3 0x80009d20 (0x032843b3) x 7 0xffffffff
core   0: 0x80009d24 (0x00000405) c.addi  s0, 1
core   0: 3 0x80009d24 (0x0405) x 8 0xfffffffc
core   0: 0x80009d26 (0x03112fb3) mulhsu  t6, sp, a7
core   0: 3 0x80009d26 (0x03112fb3) x31 0x0001d80d
core   0: 0x80009d2a (0x00400713) li      a4, 4
core   0: 3 0x80009d2a (0x00400713) x14 0x00000004
core   0: 0x80009d2e (0xfef00793) li      a5, -17
core   0: 3 0x80009d2e (0xfef00793) x15 0xffffffef
core   0: 0x80009d32 (0x00008e39) c.xor   a2, a4
core   0: 3 0x80009d32 (0x8e39) x12 0x00010000
core   0: 0x80009d34 (0x419808b3) sub     a7, a6, s9
core   0: 3 0x80009d34 (0x419808b3) x17 0x80026ce5
core   0: 0x80009d38 (0x00001765) c.addi  a4, -7
core   0: 3 0x80009d38 (0x1765) x14 0xfffffffd
core   0: 0x80009d3a (0xfef70ce3) beq     a4, a5, pc - 8
core   0: 3 0x80009d3a (0xfef70ce3)
core   0: 0x80009d3e (0x40cfde93) srai    t4, t6, 12
core   0: 3 0x80009d3e (0x40cfde93) x29 0x0000001d
core   0: 0x80009d42 (0x0000fc79) c.bnez  s0, pc - 34
core   0: 3 0x80009d42 (0xfc79)
core   0: 0x80009d20 (0x032843b3) div     t2, a6, s2
core   0: 3 0x80009d20 (0x032843b3) x 7 0xffffffff
core   0: 0x80009d24 (0x00000405) c.addi  s0, 1
core   0: 3 0x80009d24 (0x0405) x 8 0xfffffffd
core   0: 0x80009d26 (0x03112fb3) mulhsu  t6, sp, a7
core   0: 3 0x80009d26 (0x03112fb3) x31 0x0001d80d
core   0: 0x80009d2a (0x00400713) li      a4, 4
core   0: 3 0x80009d2a (0x00400713) x14 0x00000004
core   0: 0x80009d2e (0xfef00793) li      a5, -17
core   0: 3 0x80009d2e (0xfef00793) x15 0xffffffef
core   0: 0x80009d32 (0x00008e39) c.xor   a2, a4
core   0: 3 0x80009d32 (0x8e39) x12 0x00010004
core   0: 0x80009d34 (0x419808b3) sub     a7, a6, s9
core   0: 3 0x80009d34 (0x419808b3) x17 0x80026ce5
core   0: 0x80009d38 (0x00001765) c.addi  a4, -7
core   0: 3 0x80009d38 (0x1765) x14 0xfffffffd
core   0: 0x80009d3a (0xfef70ce3) beq     a4, a5, pc - 8
core   0: 3 0x80009d3a (0xfef70ce3)
core   0: 0x80009d3e (0x40cfde93) srai    t4, t6, 12
core   0: 3 0x80009d3e (0x40cfde93) x29 0x0000001d
core   0: 0x80009d42 (0x0000fc79) c.bnez  s0, pc - 34
core   0: 3 0x80009d42 (0xfc79)
core   0: 0x80009d20 (0x032843b3) div     t2, a6, s2
core   0: 3 0x80009d20 (0x032843b3) x 7 0xffffffff
core   0: 0x80009d24 (0x00000405) c.addi  s0, 1
core   0: 3 0x80009d24 (0x0405) x 8 0xfffffffe
core   0: 0x80009d26 (0x03112fb3) mulhsu  t6, sp, a7
core   0: 3 0x80009d26 (0x03112fb3) x31 0x0001d80d
core   0: 0x80009d2a (0x00400713) li      a4, 4
core   0: 3 0x80009d2a (0x00400713) x14 0x00000004
core   0: 0x80009d2e (0xfef00793) li      a5, -17
core   0: 3 0x80009d2e (0xfef00793) x15 0xffffffef
core   0: 0x80009d32 (0x00008e39) c.xor   a2, a4
core   0: 3 0x80009d32 (0x8e39) x12 0x00010000
core   0: 0x80009d34 (0x419808b3) sub     a7, a6, s9
core   0: 3 0x80009d34 (0x419808b3) x17 0x80026ce5
core   0: 0x80009d38 (0x00001765) c.addi  a4, -7
core   0: 3 0x80009d38 (0x1765) x14 0xfffffffd
core   0: 0x80009d3a (0xfef70ce3) beq     a4, a5, pc - 8
core   0: 3 0x80009d3a (0xfef70ce3)
core   0: 0x80009d3e (0x40cfde93) srai    t4, t6, 12
core   0: 3 0x80009d3e (0x40cfde93) x29 0x0000001d
core   0: 0x80009d42 (0x0000fc79) c.bnez  s0, pc - 34
core   0: 3 0x80009d42 (0xfc79)
core   0: 0x80009d20 (0x032843b3) div     t2, a6, s2
core   0: 3 0x80009d20 (0x032843b3) x 7 0xffffffff
core   0: 0x80009d24 (0x00000405) c.addi  s0, 1
core   0: 3 0x80009d24 (0x0405) x 8 0xffffffff
core   0: 0x80009d26 (0x03112fb3) mulhsu  t6, sp, a7
core   0: 3 0x80009d26 (0x03112fb3) x31 0x0001d80d
core   0: 0x80009d2a (0x00400713) li      a4, 4
core   0: 3 0x80009d2a (0x00400713) x14 0x00000004
core   0: 0x80009d2e (0xfef00793) li      a5, -17
core   0: 3 0x80009d2e (0xfef00793) x15 0xffffffef
core   0: 0x80009d32 (0x00008e39) c.xor   a2, a4
core   0: 3 0x80009d32 (0x8e39) x12 0x00010004
core   0: 0x80009d34 (0x419808b3) sub     a7, a6, s9
core   0: 3 0x80009d34 (0x419808b3) x17 0x80026ce5
core   0: 0x80009d38 (0x00001765) c.addi  a4, -7
core   0: 3 0x80009d38 (0x1765) x14 0xfffffffd
core   0: 0x80009d3a (0xfef70ce3) beq     a4, a5, pc - 8
core   0: 3 0x80009d3a (0xfef70ce3)
core   0: 0x80009d3e (0x40cfde93) srai    t4, t6, 12
core   0: 3 0x80009d3e (0x40cfde93) x29 0x0000001d
core   0: 0x80009d42 (0x0000fc79) c.bnez  s0, pc - 34
core   0: 3 0x80009d42 (0xfc79)
core   0: 0x80009d20 (0x032843b3) div     t2, a6, s2
core   0: 3 0x80009d20 (0x032843b3) x 7 0xffffffff
core   0: 0x80009d24 (0x00000405) c.addi  s0, 1
core   0: 3 0x80009d24 (0x0405) x 8 0x00000000
core   0: 0x80009d26 (0x03112fb3) mulhsu  t6, sp, a7
core   0: 3 0x80009d26 (0x03112fb3) x31 0x0001d80d
core   0: 0x80009d2a (0x00400713) li      a4, 4
core   0: 3 0x80009d2a (0x00400713) x14 0x00000004
core   0: 0x80009d2e (0xfef00793) li      a5, -17
core   0: 3 0x80009d2e (0xfef00793) x15 0xffffffef
core   0: 0x80009d32 (0x00008e39) c.xor   a2, a4
core   0: 3 0x80009d32 (0x8e39) x12 0x00010000
core   0: 0x80009d34 (0x419808b3) sub     a7, a6, s9
core   0: 3 0x80009d34 (0x419808b3) x17 0x80026ce5
core   0: 0x80009d38 (0x00001765) c.addi  a4, -7
core   0: 3 0x80009d38 (0x1765) x14 0xfffffffd
core   0: 0x80009d3a (0xfef70ce3) beq     a4, a5, pc - 8
core   0: 3 0x80009d3a (0xfef70ce3)
core   0: 0x80009d3e (0x40cfde93) srai    t4, t6, 12
core   0: 3 0x80009d3e (0x40cfde93) x29 0x0000001d
core   0: 0x80009d42 (0x0000fc79) c.bnez  s0, pc - 34
core   0: 3 0x80009d42 (0xfc79)
core   0: 0x80009d44 (0x03b4bdb3) mulhu   s11, s1, s11
core   0: 3 0x80009d44 (0x03b4bdb3) x27 0x00000000
core   0: 0x80009d48 (0xffd00693) li      a3, -3
core   0: 3 0x80009d48 (0xffd00693) x13 0xfffffffd
core   0: 0x80009d4c (0x00b00113) li      sp, 11
core   0: 3 0x80009d4c (0x00b00113) x 2 0x0000000b
core   0: 0x80009d50 (0x00cf8b33) add     s6, t6, a2
core   0: 3 0x80009d50 (0x00cf8b33) x22 0x0002d80d
core   0: 0x80009d54 (0x0000100f) fence.i
core   0: 3 0x80009d54 (0x0000100f)
core   0: 0x80009d58 (0x0000825d) c.srli  a2, 23
core   0: 3 0x80009d58 (0x825d) x12 0x00000000
core   0: 0x80009d5a (0x00391513) slli    a0, s2, 3
core   0: 3 0x80009d5a (0x00391513) x10 0x00000000
core   0: 0x80009d5e (0x81a03c13) sltiu   s8, zero, -2022
core   0: 3 0x80009d5e (0x81a03c13) x24 0x00000001
core   0: 0x80009d62 (0xd8a44b13) xori    s6, s0, -630
core   0: 3 0x80009d62 (0xd8a44b13) x22 0xfffffd8a
core   0: 0x80009d66 (0x01f08f33) add     t5, ra, t6
core   0: 3 0x80009d66 (0x01f08f33) x30 0x0001d81d
core   0: 0x80009d6a (0x0000839a) c.mv    t2, t1
core   0: 3 0x80009d6a (0x839a) x 7 0x80022e1c
core   0: 0x80009d6c (0x00000685) c.addi  a3, 1
core   0: 3 0x80009d6c (0x0685) x13 0xfffffffe
core   0: 0x80009d6e (0x013be433) or      s0, s7, s3
core   0: 3 0x80009d6e (0x013be433) x 8 0x0000000f
core   0: 0x80009d72 (0xff800593) li      a1, -8
core   0: 3 0x80009d72 (0xff800593) x11 0xfffffff8
core   0: 0x80009d76 (0x41f5d513) srai    a0, a1, 31
core   0: 3 0x80009d76 (0x41f5d513) x10 0xffffffff
core   0: 0x80009d7a (0x00000001) c.nop
core   0: 3 0x80009d7a (0x0001)
core   0: 0x80009d7c (0x00008c15) c.sub   s0, a3
core   0: 3 0x80009d7c (0x8c15) x 8 0x00000011
core   0: 0x80009d7e (0x000005a1) c.addi  a1, 8
core   0: 3 0x80009d7e (0x05a1) x11 0x00000000
core   0: 0x80009d80 (0x00006605) c.lui   a2, 0x1
core   0: 3 0x80009d80 (0x6605) x12 0x00001000
core   0: 0x80009d82 (0x0000fded) c.bnez  a1, pc - 6
core   0: 3 0x80009d82 (0xfded)
core   0: 0x80009d84 (0xfc269de3) bne     a3, sp, pc - 38
core   0: 3 0x80009d84 (0xfc269de3)
core   0: 0x80009d5e (0x81a03c13) sltiu   s8, zero, -2022
core   0: 3 0x80009d5e (0x81a03c13) x24 0x00000001
core   0: 0x80009d62 (0xd8a44b13) xori    s6, s0, -630
core   0: 3 0x80009d62 (0xd8a44b13) x22 0xfffffd9b
core   0: 0x80009d66 (0x01f08f33) add     t5, ra, t6
core   0: 3 0x80009d66 (0x01f08f33) x30 0x0001d81d
core   0: 0x80009d6a (0x0000839a) c.mv    t2, t1
core   0: 3 0x80009d6a (0x839a) x 7 0x80022e1c
core   0: 0x80009d6c (0x00000685) c.addi  a3, 1
core   0: 3 0x80009d6c (0x0685) x13 0xffffffff
core   0: 0x80009d6e (0x013be433) or      s0, s7, s3
core   0: 3 0x80009d6e (0x013be433) x 8 0x0000000f
core   0: 0x80009d72 (0xff800593) li      a1, -8
core   0: 3 0x80009d72 (0xff800593) x11 0xfffffff8
core   0: 0x80009d76 (0x41f5d513) srai    a0, a1, 31
core   0: 3 0x80009d76 (0x41f5d513) x10 0xffffffff
core   0: 0x80009d7a (0x00000001) c.nop
core   0: 3 0x80009d7a (0x0001)
core   0: 0x80009d7c (0x00008c15) c.sub   s0, a3
core   0: 3 0x80009d7c (0x8c15) x 8 0x00000010
core   0: 0x80009d7e (0x000005a1) c.addi  a1, 8
core   0: 3 0x80009d7e (0x05a1) x11 0x00000000
core   0: 0x80009d80 (0x00006605) c.lui   a2, 0x1
core   0: 3 0x80009d80 (0x6605) x12 0x00001000
core   0: 0x80009d82 (0x0000fded) c.bnez  a1, pc - 6
core   0: 3 0x80009d82 (0xfded)
core   0: 0x80009d84 (0xfc269de3) bne     a3, sp, pc - 38
core   0: 3 0x80009d84 (0xfc269de3)
core   0: 0x80009d5e (0x81a03c13) sltiu   s8, zero, -2022
core   0: 3 0x80009d5e (0x81a03c13) x24 0x00000001
core   0: 0x80009d62 (0xd8a44b13) xori    s6, s0, -630
core   0: 3 0x80009d62 (0xd8a44b13) x22 0xfffffd9a
core   0: 0x80009d66 (0x01f08f33) add     t5, ra, t6
core   0: 3 0x80009d66 (0x01f08f33) x30 0x0001d81d
core   0: 0x80009d6a (0x0000839a) c.mv    t2, t1
core   0: 3 0x80009d6a (0x839a) x 7 0x80022e1c
core   0: 0x80009d6c (0x00000685) c.addi  a3, 1
core   0: 3 0x80009d6c (0x0685) x13 0x00000000
core   0: 0x80009d6e (0x013be433) or      s0, s7, s3
core   0: 3 0x80009d6e (0x013be433) x 8 0x0000000f
core   0: 0x80009d72 (0xff800593) li      a1, -8
core   0: 3 0x80009d72 (0xff800593) x11 0xfffffff8
core   0: 0x80009d76 (0x41f5d513) srai    a0, a1, 31
core   0: 3 0x80009d76 (0x41f5d513) x10 0xffffffff
core   0: 0x80009d7a (0x00000001) c.nop
core   0: 3 0x80009d7a (0x0001)
core   0: 0x80009d7c (0x00008c15) c.sub   s0, a3
core   0: 3 0x80009d7c (0x8c15) x 8 0x0000000f
core   0: 0x80009d7e (0x000005a1) c.addi  a1, 8
core   0: 3 0x80009d7e (0x05a1) x11 0x00000000
core   0: 0x80009d80 (0x00006605) c.lui   a2, 0x1
core   0: 3 0x80009d80 (0x6605) x12 0x00001000
core   0: 0x80009d82 (0x0000fded) c.bnez  a1, pc - 6
core   0: 3 0x80009d82 (0xfded)
core   0: 0x80009d84 (0xfc269de3) bne     a3, sp, pc - 38
core   0: 3 0x80009d84 (0xfc269de3)
core   0: 0x80009d5e (0x81a03c13) sltiu   s8, zero, -2022
core   0: 3 0x80009d5e (0x81a03c13) x24 0x00000001
core   0: 0x80009d62 (0xd8a44b13) xori    s6, s0, -630
core   0: 3 0x80009d62 (0xd8a44b13) x22 0xfffffd85
core   0: 0x80009d66 (0x01f08f33) add     t5, ra, t6
core   0: 3 0x80009d66 (0x01f08f33) x30 0x0001d81d
core   0: 0x80009d6a (0x0000839a) c.mv    t2, t1
core   0: 3 0x80009d6a (0x839a) x 7 0x80022e1c
core   0: 0x80009d6c (0x00000685) c.addi  a3, 1
core   0: 3 0x80009d6c (0x0685) x13 0x00000001
core   0: 0x80009d6e (0x013be433) or      s0, s7, s3
core   0: 3 0x80009d6e (0x013be433) x 8 0x0000000f
core   0: 0x80009d72 (0xff800593) li      a1, -8
core   0: 3 0x80009d72 (0xff800593) x11 0xfffffff8
core   0: 0x80009d76 (0x41f5d513) srai    a0, a1, 31
core   0: 3 0x80009d76 (0x41f5d513) x10 0xffffffff
core   0: 0x80009d7a (0x00000001) c.nop
core   0: 3 0x80009d7a (0x0001)
core   0: 0x80009d7c (0x00008c15) c.sub   s0, a3
core   0: 3 0x80009d7c (0x8c15) x 8 0x0000000e
core   0: 0x80009d7e (0x000005a1) c.addi  a1, 8
core   0: 3 0x80009d7e (0x05a1) x11 0x00000000
core   0: 0x80009d80 (0x00006605) c.lui   a2, 0x1
core   0: 3 0x80009d80 (0x6605) x12 0x00001000
core   0: 0x80009d82 (0x0000fded) c.bnez  a1, pc - 6
core   0: 3 0x80009d82 (0xfded)
core   0: 0x80009d84 (0xfc269de3) bne     a3, sp, pc - 38
core   0: 3 0x80009d84 (0xfc269de3)
core   0: 0x80009d5e (0x81a03c13) sltiu   s8, zero, -2022
core   0: 3 0x80009d5e (0x81a03c13) x24 0x00000001
core   0: 0x80009d62 (0xd8a44b13) xori    s6, s0, -630
core   0: 3 0x80009d62 (0xd8a44b13) x22 0xfffffd84
core   0: 0x80009d66 (0x01f08f33) add     t5, ra, t6
core   0: 3 0x80009d66 (0x01f08f33) x30 0x0001d81d
core   0: 0x80009d6a (0x0000839a) c.mv    t2, t1
core   0: 3 0x80009d6a (0x839a) x 7 0x80022e1c
core   0: 0x80009d6c (0x00000685) c.addi  a3, 1
core   0: 3 0x80009d6c (0x0685) x13 0x00000002
core   0: 0x80009d6e (0x013be433) or      s0, s7, s3
core   0: 3 0x80009d6e (0x013be433) x 8 0x0000000f
core   0: 0x80009d72 (0xff800593) li      a1, -8
core   0: 3 0x80009d72 (0xff800593) x11 0xfffffff8
core   0: 0x80009d76 (0x41f5d513) srai    a0, a1, 31
core   0: 3 0x80009d76 (0x41f5d513) x10 0xffffffff
core   0: 0x80009d7a (0x00000001) c.nop
core   0: 3 0x80009d7a (0x0001)
core   0: 0x80009d7c (0x00008c15) c.sub   s0, a3
core   0: 3 0x80009d7c (0x8c15) x 8 0x0000000d
core   0: 0x80009d7e (0x000005a1) c.addi  a1, 8
core   0: 3 0x80009d7e (0x05a1) x11 0x00000000
core   0: 0x80009d80 (0x00006605) c.lui   a2, 0x1
core   0: 3 0x80009d80 (0x6605) x12 0x00001000
core   0: 0x80009d82 (0x0000fded) c.bnez  a1, pc - 6
core   0: 3 0x80009d82 (0xfded)
core   0: 0x80009d84 (0xfc269de3) bne     a3, sp, pc - 38
core   0: 3 0x80009d84 (0xfc269de3)
core   0: 0x80009d5e (0x81a03c13) sltiu   s8, zero, -2022
core   0: 3 0x80009d5e (0x81a03c13) x24 0x00000001
core   0: 0x80009d62 (0xd8a44b13) xori    s6, s0, -630
core   0: 3 0x80009d62 (0xd8a44b13) x22 0xfffffd87
core   0: 0x80009d66 (0x01f08f33) add     t5, ra, t6
core   0: 3 0x80009d66 (0x01f08f33) x30 0x0001d81d
core   0: 0x80009d6a (0x0000839a) c.mv    t2, t1
core   0: 3 0x80009d6a (0x839a) x 7 0x80022e1c
core   0: 0x80009d6c (0x00000685) c.addi  a3, 1
core   0: 3 0x80009d6c (0x0685) x13 0x00000003
core   0: 0x80009d6e (0x013be433) or      s0, s7, s3
core   0: 3 0x80009d6e (0x013be433) x 8 0x0000000f
core   0: 0x80009d72 (0xff800593) li      a1, -8
core   0: 3 0x80009d72 (0xff800593) x11 0xfffffff8
core   0: 0x80009d76 (0x41f5d513) srai    a0, a1, 31
core   0: 3 0x80009d76 (0x41f5d513) x10 0xffffffff
core   0: 0x80009d7a (0x00000001) c.nop
core   0: 3 0x80009d7a (0x0001)
core   0: 0x80009d7c (0x00008c15) c.sub   s0, a3
core   0: 3 0x80009d7c (0x8c15) x 8 0x0000000c
core   0: 0x80009d7e (0x000005a1) c.addi  a1, 8
core   0: 3 0x80009d7e (0x05a1) x11 0x00000000
core   0: 0x80009d80 (0x00006605) c.lui   a2, 0x1
core   0: 3 0x80009d80 (0x6605) x12 0x00001000
core   0: 0x80009d82 (0x0000fded) c.bnez  a1, pc - 6
core   0: 3 0x80009d82 (0xfded)
core   0: 0x80009d84 (0xfc269de3) bne     a3, sp, pc - 38
core   0: 3 0x80009d84 (0xfc269de3)
core   0: 0x80009d5e (0x81a03c13) sltiu   s8, zero, -2022
core   0: 3 0x80009d5e (0x81a03c13) x24 0x00000001
core   0: 0x80009d62 (0xd8a44b13) xori    s6, s0, -630
core   0: 3 0x80009d62 (0xd8a44b13) x22 0xfffffd86
core   0: 0x80009d66 (0x01f08f33) add     t5, ra, t6
core   0: 3 0x80009d66 (0x01f08f33) x30 0x0001d81d
core   0: 0x80009d6a (0x0000839a) c.mv    t2, t1
core   0: 3 0x80009d6a (0x839a) x 7 0x80022e1c
core   0: 0x80009d6c (0x00000685) c.addi  a3, 1
core   0: 3 0x80009d6c (0x0685) x13 0x00000004
core   0: 0x80009d6e (0x013be433) or      s0, s7, s3
core   0: 3 0x80009d6e (0x013be433) x 8 0x0000000f
core   0: 0x80009d72 (0xff800593) li      a1, -8
core   0: 3 0x80009d72 (0xff800593) x11 0xfffffff8
core   0: 0x80009d76 (0x41f5d513) srai    a0, a1, 31
core   0: 3 0x80009d76 (0x41f5d513) x10 0xffffffff
core   0: 0x80009d7a (0x00000001) c.nop
core   0: 3 0x80009d7a (0x0001)
core   0: 0x80009d7c (0x00008c15) c.sub   s0, a3
core   0: 3 0x80009d7c (0x8c15) x 8 0x0000000b
core   0: 0x80009d7e (0x000005a1) c.addi  a1, 8
core   0: 3 0x80009d7e (0x05a1) x11 0x00000000
core   0: 0x80009d80 (0x00006605) c.lui   a2, 0x1
core   0: 3 0x80009d80 (0x6605) x12 0x00001000
core   0: 0x80009d82 (0x0000fded) c.bnez  a1, pc - 6
core   0: 3 0x80009d82 (0xfded)
core   0: 0x80009d84 (0xfc269de3) bne     a3, sp, pc - 38
core   0: 3 0x80009d84 (0xfc269de3)
core   0: 0x80009d5e (0x81a03c13) sltiu   s8, zero, -2022
core   0: 3 0x80009d5e (0x81a03c13) x24 0x00000001
core   0: 0x80009d62 (0xd8a44b13) xori    s6, s0, -630
core   0: 3 0x80009d62 (0xd8a44b13) x22 0xfffffd81
core   0: 0x80009d66 (0x01f08f33) add     t5, ra, t6
core   0: 3 0x80009d66 (0x01f08f33) x30 0x0001d81d
core   0: 0x80009d6a (0x0000839a) c.mv    t2, t1
core   0: 3 0x80009d6a (0x839a) x 7 0x80022e1c
core   0: 0x80009d6c (0x00000685) c.addi  a3, 1
core   0: 3 0x80009d6c (0x0685) x13 0x00000005
core   0: 0x80009d6e (0x013be433) or      s0, s7, s3
core   0: 3 0x80009d6e (0x013be433) x 8 0x0000000f
core   0: 0x80009d72 (0xff800593) li      a1, -8
core   0: 3 0x80009d72 (0xff800593) x11 0xfffffff8
core   0: 0x80009d76 (0x41f5d513) srai    a0, a1, 31
core   0: 3 0x80009d76 (0x41f5d513) x10 0xffffffff
core   0: 0x80009d7a (0x00000001) c.nop
core   0: 3 0x80009d7a (0x0001)
core   0: 0x80009d7c (0x00008c15) c.sub   s0, a3
core   0: 3 0x80009d7c (0x8c15) x 8 0x0000000a
core   0: 0x80009d7e (0x000005a1) c.addi  a1, 8
core   0: 3 0x80009d7e (0x05a1) x11 0x00000000
core   0: 0x80009d80 (0x00006605) c.lui   a2, 0x1
core   0: 3 0x80009d80 (0x6605) x12 0x00001000
core   0: 0x80009d82 (0x0000fded) c.bnez  a1, pc - 6
core   0: 3 0x80009d82 (0xfded)
core   0: 0x80009d84 (0xfc269de3) bne     a3, sp, pc - 38
core   0: 3 0x80009d84 (0xfc269de3)
core   0: 0x80009d5e (0x81a03c13) sltiu   s8, zero, -2022
core   0: 3 0x80009d5e (0x81a03c13) x24 0x00000001
core   0: 0x80009d62 (0xd8a44b13) xori    s6, s0, -630
core   0: 3 0x80009d62 (0xd8a44b13) x22 0xfffffd80
core   0: 0x80009d66 (0x01f08f33) add     t5, ra, t6
core   0: 3 0x80009d66 (0x01f08f33) x30 0x0001d81d
core   0: 0x80009d6a (0x0000839a) c.mv    t2, t1
core   0: 3 0x80009d6a (0x839a) x 7 0x80022e1c
core   0: 0x80009d6c (0x00000685) c.addi  a3, 1
core   0: 3 0x80009d6c (0x0685) x13 0x00000006
core   0: 0x80009d6e (0x013be433) or      s0, s7, s3
core   0: 3 0x80009d6e (0x013be433) x 8 0x0000000f
core   0: 0x80009d72 (0xff800593) li      a1, -8
core   0: 3 0x80009d72 (0xff800593) x11 0xfffffff8
core   0: 0x80009d76 (0x41f5d513) srai    a0, a1, 31
core   0: 3 0x80009d76 (0x41f5d513) x10 0xffffffff
core   0: 0x80009d7a (0x00000001) c.nop
core   0: 3 0x80009d7a (0x0001)
core   0: 0x80009d7c (0x00008c15) c.sub   s0, a3
core   0: 3 0x80009d7c (0x8c15) x 8 0x00000009
core   0: 0x80009d7e (0x000005a1) c.addi  a1, 8
core   0: 3 0x80009d7e (0x05a1) x11 0x00000000
core   0: 0x80009d80 (0x00006605) c.lui   a2, 0x1
core   0: 3 0x80009d80 (0x6605) x12 0x00001000
core   0: 0x80009d82 (0x0000fded) c.bnez  a1, pc - 6
core   0: 3 0x80009d82 (0xfded)
core   0: 0x80009d84 (0xfc269de3) bne     a3, sp, pc - 38
core   0: 3 0x80009d84 (0xfc269de3)
core   0: 0x80009d5e (0x81a03c13) sltiu   s8, zero, -2022
core   0: 3 0x80009d5e (0x81a03c13) x24 0x00000001
core   0: 0x80009d62 (0xd8a44b13) xori    s6, s0, -630
core   0: 3 0x80009d62 (0xd8a44b13) x22 0xfffffd83
core   0: 0x80009d66 (0x01f08f33) add     t5, ra, t6
core   0: 3 0x80009d66 (0x01f08f33) x30 0x0001d81d
core   0: 0x80009d6a (0x0000839a) c.mv    t2, t1
core   0: 3 0x80009d6a (0x839a) x 7 0x80022e1c
core   0: 0x80009d6c (0x00000685) c.addi  a3, 1
core   0: 3 0x80009d6c (0x0685) x13 0x00000007
core   0: 0x80009d6e (0x013be433) or      s0, s7, s3
core   0: 3 0x80009d6e (0x013be433) x 8 0x0000000f
core   0: 0x80009d72 (0xff800593) li      a1, -8
core   0: 3 0x80009d72 (0xff800593) x11 0xfffffff8
core   0: 0x80009d76 (0x41f5d513) srai    a0, a1, 31
core   0: 3 0x80009d76 (0x41f5d513) x10 0xffffffff
core   0: 0x80009d7a (0x00000001) c.nop
core   0: 3 0x80009d7a (0x0001)
core   0: 0x80009d7c (0x00008c15) c.sub   s0, a3
core   0: 3 0x80009d7c (0x8c15) x 8 0x00000008
core   0: 0x80009d7e (0x000005a1) c.addi  a1, 8
core   0: 3 0x80009d7e (0x05a1) x11 0x00000000
core   0: 0x80009d80 (0x00006605) c.lui   a2, 0x1
core   0: 3 0x80009d80 (0x6605) x12 0x00001000
core   0: 0x80009d82 (0x0000fded) c.bnez  a1, pc - 6
core   0: 3 0x80009d82 (0xfded)
core   0: 0x80009d84 (0xfc269de3) bne     a3, sp, pc - 38
core   0: 3 0x80009d84 (0xfc269de3)
core   0: 0x80009d5e (0x81a03c13) sltiu   s8, zero, -2022
core   0: 3 0x80009d5e (0x81a03c13) x24 0x00000001
core   0: 0x80009d62 (0xd8a44b13) xori    s6, s0, -630
core   0: 3 0x80009d62 (0xd8a44b13) x22 0xfffffd82
core   0: 0x80009d66 (0x01f08f33) add     t5, ra, t6
core   0: 3 0x80009d66 (0x01f08f33) x30 0x0001d81d
core   0: 0x80009d6a (0x0000839a) c.mv    t2, t1
core   0: 3 0x80009d6a (0x839a) x 7 0x80022e1c
core   0: 0x80009d6c (0x00000685) c.addi  a3, 1
core   0: 3 0x80009d6c (0x0685) x13 0x00000008
core   0: 0x80009d6e (0x013be433) or      s0, s7, s3
core   0: 3 0x80009d6e (0x013be433) x 8 0x0000000f
core   0: 0x80009d72 (0xff800593) li      a1, -8
core   0: 3 0x80009d72 (0xff800593) x11 0xfffffff8
core   0: 0x80009d76 (0x41f5d513) srai    a0, a1, 31
core   0: 3 0x80009d76 (0x41f5d513) x10 0xffffffff
core   0: 0x80009d7a (0x00000001) c.nop
core   0: 3 0x80009d7a (0x0001)
core   0: 0x80009d7c (0x00008c15) c.sub   s0, a3
core   0: 3 0x80009d7c (0x8c15) x 8 0x00000007
core   0: 0x80009d7e (0x000005a1) c.addi  a1, 8
core   0: 3 0x80009d7e (0x05a1) x11 0x00000000
core   0: 0x80009d80 (0x00006605) c.lui   a2, 0x1
core   0: 3 0x80009d80 (0x6605) x12 0x00001000
core   0: 0x80009d82 (0x0000fded) c.bnez  a1, pc - 6
core   0: 3 0x80009d82 (0xfded)
core   0: 0x80009d84 (0xfc269de3) bne     a3, sp, pc - 38
core   0: 3 0x80009d84 (0xfc269de3)
core   0: 0x80009d5e (0x81a03c13) sltiu   s8, zero, -2022
core   0: 3 0x80009d5e (0x81a03c13) x24 0x00000001
core   0: 0x80009d62 (0xd8a44b13) xori    s6, s0, -630
core   0: 3 0x80009d62 (0xd8a44b13) x22 0xfffffd8d
core   0: 0x80009d66 (0x01f08f33) add     t5, ra, t6
core   0: 3 0x80009d66 (0x01f08f33) x30 0x0001d81d
core   0: 0x80009d6a (0x0000839a) c.mv    t2, t1
core   0: 3 0x80009d6a (0x839a) x 7 0x80022e1c
core   0: 0x80009d6c (0x00000685) c.addi  a3, 1
core   0: 3 0x80009d6c (0x0685) x13 0x00000009
core   0: 0x80009d6e (0x013be433) or      s0, s7, s3
core   0: 3 0x80009d6e (0x013be433) x 8 0x0000000f
core   0: 0x80009d72 (0xff800593) li      a1, -8
core   0: 3 0x80009d72 (0xff800593) x11 0xfffffff8
core   0: 0x80009d76 (0x41f5d513) srai    a0, a1, 31
core   0: 3 0x80009d76 (0x41f5d513) x10 0xffffffff
core   0: 0x80009d7a (0x00000001) c.nop
core   0: 3 0x80009d7a (0x0001)
core   0: 0x80009d7c (0x00008c15) c.sub   s0, a3
core   0: 3 0x80009d7c (0x8c15) x 8 0x00000006
core   0: 0x80009d7e (0x000005a1) c.addi  a1, 8
core   0: 3 0x80009d7e (0x05a1) x11 0x00000000
core   0: 0x80009d80 (0x00006605) c.lui   a2, 0x1
core   0: 3 0x80009d80 (0x6605) x12 0x00001000
core   0: 0x80009d82 (0x0000fded) c.bnez  a1, pc - 6
core   0: 3 0x80009d82 (0xfded)
core   0: 0x80009d84 (0xfc269de3) bne     a3, sp, pc - 38
core   0: 3 0x80009d84 (0xfc269de3)
core   0: 0x80009d5e (0x81a03c13) sltiu   s8, zero, -2022
core   0: 3 0x80009d5e (0x81a03c13) x24 0x00000001
core   0: 0x80009d62 (0xd8a44b13) xori    s6, s0, -630
core   0: 3 0x80009d62 (0xd8a44b13) x22 0xfffffd8c
core   0: 0x80009d66 (0x01f08f33) add     t5, ra, t6
core   0: 3 0x80009d66 (0x01f08f33) x30 0x0001d81d
core   0: 0x80009d6a (0x0000839a) c.mv    t2, t1
core   0: 3 0x80009d6a (0x839a) x 7 0x80022e1c
core   0: 0x80009d6c (0x00000685) c.addi  a3, 1
core   0: 3 0x80009d6c (0x0685) x13 0x0000000a
core   0: 0x80009d6e (0x013be433) or      s0, s7, s3
core   0: 3 0x80009d6e (0x013be433) x 8 0x0000000f
core   0: 0x80009d72 (0xff800593) li      a1, -8
core   0: 3 0x80009d72 (0xff800593) x11 0xfffffff8
core   0: 0x80009d76 (0x41f5d513) srai    a0, a1, 31
core   0: 3 0x80009d76 (0x41f5d513) x10 0xffffffff
core   0: 0x80009d7a (0x00000001) c.nop
core   0: 3 0x80009d7a (0x0001)
core   0: 0x80009d7c (0x00008c15) c.sub   s0, a3
core   0: 3 0x80009d7c (0x8c15) x 8 0x00000005
core   0: 0x80009d7e (0x000005a1) c.addi  a1, 8
core   0: 3 0x80009d7e (0x05a1) x11 0x00000000
core   0: 0x80009d80 (0x00006605) c.lui   a2, 0x1
core   0: 3 0x80009d80 (0x6605) x12 0x00001000
core   0: 0x80009d82 (0x0000fded) c.bnez  a1, pc - 6
core   0: 3 0x80009d82 (0xfded)
core   0: 0x80009d84 (0xfc269de3) bne     a3, sp, pc - 38
core   0: 3 0x80009d84 (0xfc269de3)
core   0: 0x80009d5e (0x81a03c13) sltiu   s8, zero, -2022
core   0: 3 0x80009d5e (0x81a03c13) x24 0x00000001
core   0: 0x80009d62 (0xd8a44b13) xori    s6, s0, -630
core   0: 3 0x80009d62 (0xd8a44b13) x22 0xfffffd8f
core   0: 0x80009d66 (0x01f08f33) add     t5, ra, t6
core   0: 3 0x80009d66 (0x01f08f33) x30 0x0001d81d
core   0: 0x80009d6a (0x0000839a) c.mv    t2, t1
core   0: 3 0x80009d6a (0x839a) x 7 0x80022e1c
core   0: 0x80009d6c (0x00000685) c.addi  a3, 1
core   0: 3 0x80009d6c (0x0685) x13 0x0000000b
core   0: 0x80009d6e (0x013be433) or      s0, s7, s3
core   0: 3 0x80009d6e (0x013be433) x 8 0x0000000f
core   0: 0x80009d72 (0xff800593) li      a1, -8
core   0: 3 0x80009d72 (0xff800593) x11 0xfffffff8
core   0: 0x80009d76 (0x41f5d513) srai    a0, a1, 31
core   0: 3 0x80009d76 (0x41f5d513) x10 0xffffffff
core   0: 0x80009d7a (0x00000001) c.nop
core   0: 3 0x80009d7a (0x0001)
core   0: 0x80009d7c (0x00008c15) c.sub   s0, a3
core   0: 3 0x80009d7c (0x8c15) x 8 0x00000004
core   0: 0x80009d7e (0x000005a1) c.addi  a1, 8
core   0: 3 0x80009d7e (0x05a1) x11 0x00000000
core   0: 0x80009d80 (0x00006605) c.lui   a2, 0x1
core   0: 3 0x80009d80 (0x6605) x12 0x00001000
core   0: 0x80009d82 (0x0000fded) c.bnez  a1, pc - 6
core   0: 3 0x80009d82 (0xfded)
core   0: 0x80009d84 (0xfc269de3) bne     a3, sp, pc - 38
core   0: 3 0x80009d84 (0xfc269de3)
core   0: 0x80009d88 (0x02e08933) mul     s2, ra, a4
core   0: 3 0x80009d88 (0x02e08933) x18 0xffffffd0
core   0: 0x80009d8c (0x00300c13) li      s8, 3
core   0: 3 0x80009d8c (0x00300c13) x24 0x00000003
core   0: 0x80009d90 (0x07588f13) addi    t5, a7, 117
core   0: 3 0x80009d90 (0x07588f13) x30 0x80026d5a
core   0: 0x80009d94 (0x00008779) c.srai  a4, 30
core   0: 3 0x80009d94 (0x8779) x14 0xffffffff
core   0: 0x80009d96 (0x00008c41) c.or    s0, s0
core   0: 3 0x80009d96 (0x8c41) x 8 0x00000004
core   0: 0x80009d98 (0x2f76e637) lui     a2, 0x2f76e
core   0: 3 0x80009d98 (0x2f76e637) x12 0x2f76e000
core   0: 0x80009d9c (0xffd00793) li      a5, -3
core   0: 3 0x80009d9c (0xffd00793) x15 0xfffffffd
core   0: 0x80009da0 (0x81bcc893) xori    a7, s9, -2021
core   0: 3 0x80009da0 (0x81bcc893) x17 0x000007e4
core   0: 0x80009da4 (0x0075e3b3) or      t2, a1, t2
core   0: 3 0x80009da4 (0x0075e3b3) x 7 0x80022e1c
core   0: 0x80009da8 (0x000081e9) c.srli  a1, 26
core   0: 3 0x80009da8 (0x81e9) x11 0x00000000
core   0: 0x80009daa (0x0280cab3) div     s5, ra, s0
core   0: 3 0x80009daa (0x0280cab3) x21 0x00000004
core   0: 0x80009dae (0x41258233) sub     tp, a1, s2
core   0: 3 0x80009dae (0x41258233) x 4 0x00000030
core   0: 0x80009db2 (0x8ae6a693) slti    a3, a3, -1874
core   0: 3 0x80009db2 (0x8ae6a693) x13 0x00000000
core   0: 0x80009db6 (0x000080c9) c.srli  s1, 18
core   0: 3 0x80009db6 (0x80c9) x 9 0x00002000
core   0: 0x80009db8 (0x030f0ab3) mul     s5, t5, a6
core   0: 3 0x80009db8 (0x030f0ab3) x21 0xe2ff5c28
core   0: 0x80009dbc (0x00001c75) c.addi  s8, -3
core   0: 3 0x80009dbc (0x1c75) x24 0x00000000
core   0: 0x80009dbe (0x00e65733) srl     a4, a2, a4
core   0: 3 0x80009dbe (0x00e65733) x14 0x00000000
core   0: 0x80009dc2 (0x00001c98) c.addi4spn a4, sp, 624
core   0: 3 0x80009dc2 (0x1c98) x14 0x0000027b
core   0: 0x80009dc4 (0x0000177d) c.addi  a4, -1
core   0: 3 0x80009dc4 (0x177d) x14 0x0000027a
core   0: 0x80009dc6 (0xfcfc1de3) bne     s8, a5, pc - 38
core   0: 3 0x80009dc6 (0xfcfc1de3)
core   0: 0x80009da0 (0x81bcc893) xori    a7, s9, -2021
core   0: 3 0x80009da0 (0x81bcc893) x17 0x000007e4
core   0: 0x80009da4 (0x0075e3b3) or      t2, a1, t2
core   0: 3 0x80009da4 (0x0075e3b3) x 7 0x80022e1c
core   0: 0x80009da8 (0x000081e9) c.srli  a1, 26
core   0: 3 0x80009da8 (0x81e9) x11 0x00000000
core   0: 0x80009daa (0x0280cab3) div     s5, ra, s0
core   0: 3 0x80009daa (0x0280cab3) x21 0x00000004
core   0: 0x80009dae (0x41258233) sub     tp, a1, s2
core   0: 3 0x80009dae (0x41258233) x 4 0x00000030
core   0: 0x80009db2 (0x8ae6a693) slti    a3, a3, -1874
core   0: 3 0x80009db2 (0x8ae6a693) x13 0x00000000
core   0: 0x80009db6 (0x000080c9) c.srli  s1, 18
core   0: 3 0x80009db6 (0x80c9) x 9 0x00000000
core   0: 0x80009db8 (0x030f0ab3) mul     s5, t5, a6
core   0: 3 0x80009db8 (0x030f0ab3) x21 0xe2ff5c28
core   0: 0x80009dbc (0x00001c75) c.addi  s8, -3
core   0: 3 0x80009dbc (0x1c75) x24 0xfffffffd
core   0: 0x80009dbe (0x00e65733) srl     a4, a2, a4
core   0: 3 0x80009dbe (0x00e65733) x14 0x0000000b
core   0: 0x80009dc2 (0x00001c98) c.addi4spn a4, sp, 624
core   0: 3 0x80009dc2 (0x1c98) x14 0x0000027b
core   0: 0x80009dc4 (0x0000177d) c.addi  a4, -1
core   0: 3 0x80009dc4 (0x177d) x14 0x0000027a
core   0: 0x80009dc6 (0xfcfc1de3) bne     s8, a5, pc - 38
core   0: 3 0x80009dc6 (0xfcfc1de3)
core   0: 0x80009dca (0x307c3213) sltiu   tp, s8, 775
core   0: 3 0x80009dca (0x307c3213) x 4 0x00000000
core   0: 0x80009dce (0x00600713) li      a4, 6
core   0: 3 0x80009dce (0x00600713) x14 0x00000006
core   0: 0x80009dd2 (0x00008da5) c.xor   a1, s1
core   0: 3 0x80009dd2 (0x8da5) x11 0x00000000
core   0: 0x80009dd4 (0x02d89ab3) mulh    s5, a7, a3
core   0: 3 0x80009dd4 (0x02d89ab3) x21 0x00000000
core   0: 0x80009dd8 (0x0223c2b3) div     t0, t2, sp
core   0: 3 0x80009dd8 (0x0223c2b3) x 5 0xf45d4a03
core   0: 0x80009ddc (0x00000001) c.nop
core   0: 3 0x80009ddc (0x0001)
core   0: 0x80009dde (0x0000157d) c.addi  a0, -1
core   0: 3 0x80009dde (0x157d) x10 0xfffffffe
core   0: 0x80009de0 (0x03fe29b3) mulhsu  s3, t3, t6
core   0: 3 0x80009de0 (0x03fe29b3) x19 0x00000000
core   0: 0x80009de4 (0xf06d7597) auipc   a1, 0xf06d7
core   0: 3 0x80009de4 (0xf06d7597) x11 0x706e0de4
core   0: 0x80009de8 (0x03d427b3) mulhsu  a5, s0, t4
core   0: 3 0x80009de8 (0x03d427b3) x15 0x00000000
core   0: 0x80009dec (0x0000177d) c.addi  a4, -1
core   0: 3 0x80009dec (0x177d) x14 0x00000005
core   0: 0x80009dee (0x41d28ab3) sub     s5, t0, t4
core   0: 3 0x80009dee (0x41d28ab3) x21 0xf45d49e6
core   0: 0x80009df2 (0xfff00493) li      s1, -1
core   0: 3 0x80009df2 (0xfff00493) x 9 0xffffffff
core   0: 0x80009df6 (0x00001a94) c.addi4spn a3, sp, 368
core   0: 3 0x80009df6 (0x1a94) x13 0x0000017b
core   0: 0x80009df8 (0xff400b93) li      s7, -12
core   0: 3 0x80009df8 (0xff400b93) x23 0xfffffff4
core   0: 0x80009dfc (0x00000e42) c.slli  t3, 16
core   0: 3 0x80009dfc (0x0e42) x28 0x00010000
core   0: 0x80009dfe (0x022a60b3) rem     ra, s4, sp
core   0: 3 0x80009dfe (0x022a60b3) x 1 0xfffffffd
core   0: 0x80009e02 (0xcad06793) ori     a5, zero, -851
core   0: 3 0x80009e02 (0xcad06793) x15 0xfffffcad
core   0: 0x80009e06 (0x000014f5) c.addi  s1, -3
core   0: 3 0x80009e06 (0x14f5) x 9 0xfffffffc
core   0: 0x80009e08 (0xff74dbe3) bge     s1, s7, pc - 10
core   0: 3 0x80009e08 (0xff74dbe3)
core   0: 0x80009dfe (0x022a60b3) rem     ra, s4, sp
core   0: 3 0x80009dfe (0x022a60b3) x 1 0xfffffffd
core   0: 0x80009e02 (0xcad06793) ori     a5, zero, -851
core   0: 3 0x80009e02 (0xcad06793) x15 0xfffffcad
core   0: 0x80009e06 (0x000014f5) c.addi  s1, -3
core   0: 3 0x80009e06 (0x14f5) x 9 0xfffffff9
core   0: 0x80009e08 (0xff74dbe3) bge     s1, s7, pc - 10
core   0: 3 0x80009e08 (0xff74dbe3)
core   0: 0x80009dfe (0x022a60b3) rem     ra, s4, sp
core   0: 3 0x80009dfe (0x022a60b3) x 1 0xfffffffd
core   0: 0x80009e02 (0xcad06793) ori     a5, zero, -851
core   0: 3 0x80009e02 (0xcad06793) x15 0xfffffcad
core   0: 0x80009e06 (0x000014f5) c.addi  s1, -3
core   0: 3 0x80009e06 (0x14f5) x 9 0xfffffff6
core   0: 0x80009e08 (0xff74dbe3) bge     s1, s7, pc - 10
core   0: 3 0x80009e08 (0xff74dbe3)
core   0: 0x80009dfe (0x022a60b3) rem     ra, s4, sp
core   0: 3 0x80009dfe (0x022a60b3) x 1 0xfffffffd
core   0: 0x80009e02 (0xcad06793) ori     a5, zero, -851
core   0: 3 0x80009e02 (0xcad06793) x15 0xfffffcad
core   0: 0x80009e06 (0x000014f5) c.addi  s1, -3
core   0: 3 0x80009e06 (0x14f5) x 9 0xfffffff3
core   0: 0x80009e08 (0xff74dbe3) bge     s1, s7, pc - 10
core   0: 3 0x80009e08 (0xff74dbe3)
core   0: 0x80009e0c (0x00006899) c.lui   a7, 0x6
core   0: 3 0x80009e0c (0x6899) x17 0x00006000
core   0: 0x80009e0e (0x0000db61) c.beqz  a4, pc - 48
core   0: 3 0x80009e0e (0xdb61)
core   0: 0x80009e10 (0x00358233) add     tp, a1, gp
core   0: 3 0x80009e10 (0x00358233) x 4 0x706e0de4
core   0: 0x80009e14 (0xffe00693) li      a3, -2
core   0: 3 0x80009e14 (0xffe00693) x13 0xfffffffe
core   0: 0x80009e18 (0x03f5aab3) mulhsu  s5, a1, t6
core   0: 3 0x80009e18 (0x03f5aab3) x21 0x0000cf50
core   0: 0x80009e1c (0x01100113) li      sp, 17
core   0: 3 0x80009e1c (0x01100113) x 2 0x00000011
core   0: 0x80009e20 (0x03cafb33) remu    s6, s5, t3
core   0: 3 0x80009e20 (0x03cafb33) x22 0x0000cf50
core   0: 0x80009e24 (0x00008fed) c.and   a5, a1
core   0: 3 0x80009e24 (0x8fed) x15 0x706e0ca4
core   0: 0x80009e26 (0x73fb2c93) slti    s9, s6, 1855
core   0: 3 0x80009e26 (0x73fb2c93) x25 0x00000000
core   0: 0x80009e2a (0xb42c63b7) lui     t2, 0xb42c6
core   0: 3 0x80009e2a (0xb42c63b7) x 7 0xb42c6000
core   0: 0x80009e2e (0x00000001) c.nop
core   0: 3 0x80009e2e (0x0001)
core   0: 0x80009e30 (0x00544e33) xor     t3, s0, t0
core   0: 3 0x80009e30 (0x00544e33) x28 0xf45d4a07
core   0: 0x80009e34 (0x402f5933) sra     s2, t5, sp
core   0: 3 0x80009e34 (0x402f5933) x18 0xffffc001
core   0: 0x80009e38 (0x00000685) c.addi  a3, 1
core   0: 3 0x80009e38 (0x0685) x13 0xffffffff
core   0: 0x80009e3a (0x00d6c4b3) xor     s1, a3, a3
core   0: 3 0x80009e3a (0x00d6c4b3) x 9 0x00000000
core   0: 0x80009e3e (0xfe2681e3) beq     a3, sp, pc - 30
core   0: 3 0x80009e3e (0xfe2681e3)
core   0: 0x80009e42 (0x01458db3) add     s11, a1, s4
core   0: 3 0x80009e42 (0x01458db3) x27 0x179d0042
core   0: 0x80009e46 (0xffa00413) li      s0, -6
core   0: 3 0x80009e46 (0xffa00413) x 8 0xfffffffa
core   0: 0x80009e4a (0x00000001) c.nop
core   0: 3 0x80009e4a (0x0001)
core   0: 0x80009e4c (0x037c63b3) rem     t2, s8, s7
core   0: 3 0x80009e4c (0x037c63b3) x 7 0xfffffffd
core   0: 0x80009e50 (0x00000405) c.addi  s0, 1
core   0: 3 0x80009e50 (0x0405) x 8 0xfffffffb
core   0: 0x80009e52 (0x00700513) li      a0, 7
core   0: 3 0x80009e52 (0x00700513) x10 0x00000007
core   0: 0x80009e56 (0x00700193) li      gp, 7
core   0: 3 0x80009e56 (0x00700193) x 3 0x00000007
core   0: 0x80009e5a (0x8d7fc993) xori    s3, t6, -1833
core   0: 3 0x80009e5a (0x8d7fc993) x19 0xfffe20da
core   0: 0x80009e5e (0x00001569) c.addi  a0, -6
core   0: 3 0x80009e5e (0x1569) x10 0x00000001
core   0: 0x80009e60 (0xfe357de3) bgeu    a0, gp, pc - 6
core   0: 3 0x80009e60 (0xfe357de3)
core   0: 0x80009e64 (0x0000d465) c.beqz  s0, pc - 24
core   0: 3 0x80009e64 (0xd465)
core   0: 0x80009e66 (0x00008ca5) c.xor   s1, s1
core   0: 3 0x80009e66 (0x8ca5) x 9 0x00000000
core   0: 0x80009e68 (0x03d5c433) div     s0, a1, t4
core   0: 3 0x80009e68 (0x03d5c433) x 8 0x03e07c10
core   0: 0x80009e6c (0x01a75db3) srl     s11, a4, s10
core   0: 3 0x80009e6c (0x01a75db3) x27 0x00000000
core   0: 0x80009e70 (0x02bbbab3) mulhu   s5, s7, a1
core   0: 3 0x80009e70 (0x02bbbab3) x21 0x706e0dde
core   0: 0x80009e74 (0x00001d18) c.addi4spn a4, sp, 688
core   0: 3 0x80009e74 (0x1d18) x14 0x000002c1
core   0: 0x80009e76 (0x00000231) c.addi  tp, 12
core   0: 3 0x80009e76 (0x0231) x 4 0x706e0df0
core   0: 0x80009e78 (0x027bd6b3) divu    a3, s7, t2
core   0: 3 0x80009e78 (0x027bd6b3) x13 0x00000000
core   0: 0x80009e7c (0x00008d45) c.or    a0, s1
core   0: 3 0x80009e7c (0x8d45) x10 0x00000001
core   0: 0x80009e7e (0x0187f433) and     s0, a5, s8
core   0: 3 0x80009e7e (0x0187f433) x 8 0x706e0ca4
core   0: 0x80009e82 (0x0000c71d) c.beqz  a4, pc + 46
core   0: 3 0x80009e82 (0xc71d)
core   0: 0x80009e84 (0x3a048697) auipc   a3, 0x3a048
core   0: 3 0x80009e84 (0x3a048697) x13 0xba051e84
core   0: 0x80009e88 (0x03e1d8b3) divu    a7, gp, t5
core   0: 3 0x80009e88 (0x03e1d8b3) x17 0x00000000
core   0: 0x80009e8c (0x0000ca19) c.beqz  a2, pc + 22
core   0: 3 0x80009e8c (0xca19)
core   0: 0x80009e8e (0x0330c0b3) div     ra, ra, s3
core   0: 3 0x80009e8e (0x0330c0b3) x 1 0x00000000
core   0: 0x80009e92 (0x00299eb3) sll     t4, s3, sp
core   0: 3 0x80009e92 (0x00299eb3) x29 0x41b40000
core   0: 0x80009e96 (0x00006c09) c.lui   s8, 0x2
core   0: 3 0x80009e96 (0x6c09) x24 0x00002000
core   0: 0x80009e98 (0x028d2933) mulhsu  s2, s10, s0
core   0: 3 0x80009e98 (0x028d2933) x18 0x00000003
core   0: 0x80009e9c (0x01dd5fb3) srl     t6, s10, t4
core   0: 3 0x80009e9c (0x01dd5fb3) x31 0x00000008
core   0: 0x80009ea0 (0x00000001) c.nop
core   0: 3 0x80009ea0 (0x0001)
core   0: 0x80009ea2 (0x00008d35) c.xor   a0, a3
core   0: 3 0x80009ea2 (0x8d35) x10 0xba051e85
core   0: 0x80009ea4 (0x017e4b33) xor     s6, t3, s7
core   0: 3 0x80009ea4 (0x017e4b33) x22 0x0ba2b5f3
core   0: 0x80009ea8 (0x0000c311) c.beqz  a4, pc + 4
core   0: 3 0x80009ea8 (0xc311)
core   0: 0x80009eaa (0x0000717d) c.addi16sp sp, -16
core   0: 3 0x80009eaa (0x717d) x 2 0x00000001
core   0: 0x80009eac (0x03426063) bltu    tp, s4, pc + 32
core   0: 3 0x80009eac (0x03426063)
core   0: 0x80009ecc (0x00008db5) c.xor   a1, a3
core   0: 3 0x80009ecc (0x8db5) x11 0xca6b1360
core   0: 0x80009ece (0x00e538b3) sltu    a7, a0, a4
core   0: 3 0x80009ece (0x00e538b3) x17 0x00000000
core   0: 0x80009ed2 (0x0ff0000f) fence   iorw,iorw
core   0: 3 0x80009ed2 (0x0ff0000f)
core   0: 0x80009ed6 (0x000009ba) c.slli  s3, 14
core   0: 3 0x80009ed6 (0x09ba) x19 0x88368000
core   0: 0x80009ed8 (0x0000996a) c.add   s2, s10
core   0: 3 0x80009ed8 (0x996a) x18 0x0000000b
core   0: 0x80009eda (0x00006fb9) c.lui   t6, 0xe
core   0: 3 0x80009eda (0x6fb9) x31 0x0000e000
core   0: 0x80009edc (0xe5afe393) ori     t2, t6, -422
core   0: 3 0x80009edc (0xe5afe393) x 7 0xfffffe5a
core   0: 0x80009ee0 (0x01551c93) slli    s9, a0, 21
core   0: 3 0x80009ee0 (0x01551c93) x25 0xd0a00000
core   0: 0x80009ee4 (0x00008d89) c.sub   a1, a0
core   0: 3 0x80009ee4 (0x8d89) x11 0x1065f4db
core   0: 0x80009ee6 (0x03137e63) bgeu    t1, a7, pc + 60
core   0: 3 0x80009ee6 (0x03137e63)
core   0: 0x80009f22 (0xa838ce93) xori    t4, a7, -1405
core   0: 3 0x80009f22 (0xa838ce93) x29 0xfffffa83
core   0: 0x80009f26 (0x41318433) sub     s0, gp, s3
core   0: 3 0x80009f26 (0x41318433) x 8 0x77c98007
core   0: 0x80009f2a (0x0000ec8d) c.bnez  s1, pc + 58
core   0: 3 0x80009f2a (0xec8d)
core   0: 0x80009f2c (0x00a75193) srli    gp, a4, 10
core   0: 3 0x80009f2c (0x00a75193) x 3 0x00000000
core   0: 0x80009f30 (0x0246f793) andi    a5, a3, 36
core   0: 3 0x80009f30 (0x0246f793) x15 0x00000004
core   0: 0x80009f34 (0x00008fe1) c.and   a5, s0
core   0: 3 0x80009f34 (0x8fe1) x15 0x00000004
core   0: 0x80009f36 (0x00008fcd) c.or    a5, a1
core   0: 3 0x80009f36 (0x8fcd) x15 0x1065f4df
core   0: 0x80009f38 (0x0068c633) xor     a2, a7, t1
core   0: 3 0x80009f38 (0x0068c633) x12 0x80022e1c
core   0: 0x80009f3c (0x0000877d) c.srai  a4, 31
core   0: 3 0x80009f3c (0x877d) x14 0x00000000
core   0: 0x80009f3e (0x02a83ab3) mulhu   s5, a6, a0
core   0: 3 0x80009f3e (0x02a83ab3) x21 0x5d04526c
core   0: 0x80009f42 (0x00008ef5) c.and   a3, a3
core   0: 3 0x80009f42 (0x8ef5) x13 0xba051e84
core   0: 0x80009f44 (0x41fa0233) sub     tp, s4, t6
core   0: 3 0x80009f44 (0x41fa0233) x 4 0xa72e125e
core   0: 0x80009f48 (0x00113c33) sltu    s8, sp, ra
core   0: 3 0x80009f48 (0x00113c33) x24 0x00000000
core   0: 0x80009f4c (0x010ab133) sltu    sp, s5, a6
core   0: 3 0x80009f4c (0x010ab133) x 2 0x00000001
core   0: 0x80009f50 (0x00008771) c.srai  a4, 28
core   0: 3 0x80009f50 (0x8771) x14 0x00000000
core   0: 0x80009f52 (0x00efd033) srl     zero, t6, a4
core   0: 3 0x80009f52 (0x00efd033)
core   0: 0x80009f56 (0x000018fd) c.addi  a7, -1
core   0: 3 0x80009f56 (0x18fd) x17 0xffffffff
core   0: 0x80009f58 (0x0144c963) blt     s1, s4, pc + 18
core   0: 3 0x80009f58 (0x0144c963)
core   0: 0x80009f5c (0xf358b713) sltiu   a4, a7, -203
core   0: 3 0x80009f5c (0xf358b713) x14 0x00000000
core   0: 0x80009f60 (0x86662993) slti    s3, a2, -1946
core   0: 3 0x80009f60 (0x86662993) x19 0x00000001
core   0: 0x80009f64 (0x00001884) c.addi4spn s1, sp, 112
core   0: 3 0x80009f64 (0x1884) x 9 0x00000071
core   0: 0x80009f66 (0x00006e3d) c.lui   t3, 0xf
core   0: 3 0x80009f66 (0x6e3d) x28 0x0000f000
core   0: 0x80009f68 (0x00008d59) c.or    a0, a4
core   0: 3 0x80009f68 (0x8d59) x10 0xba051e85
core   0: 0x80009f6a (0x012e27b3) slt     a5, t3, s2
core   0: 3 0x80009f6a (0x012e27b3) x15 0x00000000
core   0: 0x80009f6e (0xb2fac017) auipc   zero, 0xb2fac
core   0: 3 0x80009f6e (0xb2fac017)
core   0: 0x80009f72 (0x00000191) c.addi  gp, 4
core   0: 3 0x80009f72 (0x0191) x 3 0x00000004
core   0: 0x80009f74 (0x00ce1a93) slli    s5, t3, 12
core   0: 3 0x80009f74 (0x00ce1a93) x21 0x0f000000
core   0: 0x80009f78 (0x00b8d9b3) srl     s3, a7, a1
core   0: 3 0x80009f78 (0x00b8d9b3) x19 0x0000001f
core   0: 0x80009f7c (0x00009a7d) c.andi  a2, -1
core   0: 3 0x80009f7c (0x9a7d) x12 0x80022e1c
core   0: 0x80009f7e (0x02b87733) remu    a4, a6, a1
core   0: 3 0x80009f7e (0x02b87733) x14 0x0d38bae7
core   0: 0x80009f82 (0x038ded33) rem     s10, s11, s8
core   0: 3 0x80009f82 (0x038ded33) x26 0x00000000
core   0: 0x80009f86 (0x64772193) slti    gp, a4, 1607
core   0: 3 0x80009f86 (0x64772193) x 3 0x00000000
core   0: 0x80009f8a (0x01ac4933) xor     s2, s8, s10
core   0: 3 0x80009f8a (0x01ac4933) x18 0x00000000
core   0: 0x80009f8e (0x43046e93) ori     t4, s0, 1072
core   0: 3 0x80009f8e (0x43046e93) x29 0x77c98437
core   0: 0x80009f92 (0x403c0533) sub     a0, s8, gp
core   0: 3 0x80009f92 (0x403c0533) x10 0x00000000
core   0: 0x80009f96 (0x00006465) c.lui   s0, 0x19
core   0: 3 0x80009f96 (0x6465) x 8 0x00019000
core   0: 0x80009f98 (0xbb8dc013) xori    zero, s11, -1096
core   0: 3 0x80009f98 (0xbb8dc013)
core   0: 0x80009f9c (0x0000c511) c.beqz  a0, pc + 12
core   0: 3 0x80009f9c (0xc511)
core   0: 0x80009fa8 (0x707cbe13) sltiu   t3, s9, 1799
core   0: 3 0x80009fa8 (0x707cbe13) x28 0x00000000
core   0: 0x80009fac (0x03f45763) bge     s0, t6, pc + 46
core   0: 3 0x80009fac (0x03f45763)
core   0: 0x80009fda (0x409008b3) sub     a7, zero, s1
core   0: 3 0x80009fda (0x409008b3) x17 0xffffff8f
core   0: 0x80009fde (0x00008f3d) c.xor   a4, a5
core   0: 3 0x80009fde (0x8f3d) x14 0x0d38bae7
core   0: 0x80009fe0 (0x0165f263) bgeu    a1, s6, pc + 4
core   0: 3 0x80009fe0 (0x0165f263)
core   0: 0x80009fe4 (0x0000622d) c.lui   tp, 0xb
core   0: 3 0x80009fe4 (0x622d) x 4 0x0000b000
core   0: 0x80009fe6 (0x03bfcab3) div     s5, t6, s11
core   0: 3 0x80009fe6 (0x03bfcab3) x21 0xffffffff
core   0: 0x80009fea (0x01e6f3b3) and     t2, a3, t5
core   0: 3 0x80009fea (0x01e6f3b3) x 7 0x80000c00
core   0: 0x80009fee (0x00000580) c.addi4spn s0, sp, 704
core   0: 3 0x80009fee (0x0580) x 8 0x000002c1
core   0: 0x80009ff0 (0x0000813d) c.srli  a0, 15
core   0: 3 0x80009ff0 (0x813d) x10 0x00000000
core   0: 0x80009ff2 (0x00000d98) c.addi4spn a4, sp, 720
core   0: 3 0x80009ff2 (0x0d98) x14 0x000002d1
core   0: 0x80009ff4 (0x00000f91) c.addi  t6, 4
core   0: 3 0x80009ff4 (0x0f91) x31 0x0000e004
core   0: 0x80009ff6 (0x00000498) c.addi4spn a4, sp, 576
core   0: 3 0x80009ff6 (0x0498) x14 0x00000241
core   0: 0x80009ff8 (0x00008eee) c.mv    t4, s11
core   0: 3 0x80009ff8 (0x8eee) x29 0x00000000
core   0: 0x80009ffa (0x40d406b3) sub     a3, s0, a3
core   0: 3 0x80009ffa (0x40d406b3) x13 0x45fae43d
core   0: 0x80009ffe (0x400d8c33) sub     s8, s11, zero
core   0: 3 0x80009ffe (0x400d8c33) x24 0x00000000
core   0: 0x8000a002 (0x03d6ab33) mulhsu  s6, a3, t4
core   0: 3 0x8000a002 (0x03d6ab33) x22 0x00000000
core   0: 0x8000a006 (0x446a0193) addi    gp, s4, 1094
core   0: 3 0x8000a006 (0x446a0193) x 3 0xa72ef6a4
core   0: 0x8000a00a (0x00000001) c.nop
core   0: 3 0x8000a00a (0x0001)
core   0: 0x8000a00c (0x41e85bb3) sra     s7, a6, t5
core   0: 3 0x8000a00c (0x41e85bb3) x23 0xffffffe0
core   0: 0x8000a010 (0x031010ef) jal     pc + 0x1830
core   0: 3 0x8000a010 (0x031010ef) x 1 0x8000a014
core   0: 0x8000b840 (0x01551613) slli    a2, a0, 21
core   0: 3 0x8000b840 (0x01551613) x12 0x00000000
core   0: 0x8000b844 (0xfcc30313) addi    t1, t1, -52
core   0: 3 0x8000b844 (0xfcc30313) x 6 0x80022de8
core   0: 0x8000b848 (0xa4f7b493) sltiu   s1, a5, -1457
core   0: 3 0x8000b848 (0xa4f7b493) x 9 0x00000001
core   0: 0x8000b84c (0x00001c7d) c.addi  s8, -1
core   0: 3 0x8000b84c (0x1c7d) x24 0xffffffff
core   0: 0x8000b84e (0x00132223) sw      ra, 4(t1)
core   0: 3 0x8000b84e (0x00132223) mem 0x80022dec 0x8000a014
core   0: 0x8000b852 (0x0000100f) fence.i
core   0: 3 0x8000b852 (0x0000100f)
core   0: 0x8000b856 (0x03158933) mul     s2, a1, a7
core   0: 3 0x8000b856 (0x03158933) x18 0xc2feeb55
core   0: 0x8000b85a (0x00001ffd) c.addi  t6, -1
core   0: 3 0x8000b85a (0x1ffd) x31 0x0000e003
core   0: 0x8000b85c (0x00008fc5) c.or    a5, s1
core   0: 3 0x8000b85c (0x8fc5) x15 0x00000001
core   0: 0x8000b85e (0x00006241) c.lui   tp, 0x10
core   0: 3 0x8000b85e (0x6241) x 4 0x00010000
core   0: 0x8000b860 (0x03d42bb3) mulhsu  s7, s0, t4
core   0: 3 0x8000b860 (0x03d42bb3) x23 0x00000000
core   0: 0x8000b864 (0x56c7ee97) auipc   t4, 0x56c7e
core   0: 3 0x8000b864 (0x56c7ee97) x29 0xd6c89864
core   0: 0x8000b868 (0x00008e9e) c.mv    t4, t2
core   0: 3 0x8000b868 (0x8e9e) x29 0x80000c00
core   0: 0x8000b86a (0x01ae1c93) slli    s9, t3, 26
core   0: 3 0x8000b86a (0x01ae1c93) x25 0x00000000
core   0: 0x8000b86e (0x1b327b13) andi    s6, tp, 435
core   0: 3 0x8000b86e (0x1b327b13) x22 0x00000000
core   0: 0x8000b872 (0x0104f4b3) and     s1, s1, a6
core   0: 3 0x8000b872 (0x0104f4b3) x 9 0x00000000
core   0: 0x8000b876 (0x0000100f) fence.i
core   0: 3 0x8000b876 (0x0000100f)
core   0: 0x8000b87a (0x000086c9) c.srai  a3, 18
core   0: 3 0x8000b87a (0x86c9) x13 0x0000117e
core   0: 0x8000b87c (0x000069e5) c.lui   s3, 0x19
core   0: 3 0x8000b87c (0x69e5) x19 0x00019000
core   0: 0x8000b87e (0x00008489) c.srai  s1, 2
core   0: 3 0x8000b87e (0x8489) x 9 0x00000000
core   0: 0x8000b880 (0x00006439) c.lui   s0, 0xe
core   0: 3 0x8000b880 (0x6439) x 8 0x0000e000
core   0: 0x8000b882 (0x022a66b3) rem     a3, s4, sp
core   0: 3 0x8000b882 (0x022a66b3) x13 0x00000000
core   0: 0x8000b886 (0x00008215) c.srli  a2, 5
core   0: 3 0x8000b886 (0x8215) x12 0x00000000
core   0: 0x8000b888 (0x00008722) c.mv    a4, s0
core   0: 3 0x8000b888 (0x8722) x14 0x0000e000
core   0: 0x8000b88a (0x00000001) c.nop
core   0: 3 0x8000b88a (0x0001)
core   0: 0x8000b88c (0x00008ec1) c.or    a3, s0
core   0: 3 0x8000b88c (0x8ec1) x13 0x0000e000
core   0: 0x8000b88e (0x68578eb7) lui     t4, 0x68578
core   0: 3 0x8000b88e (0x68578eb7) x29 0x68578000
core   0: 0x8000b892 (0x00432083) lw      ra, 4(t1)
core   0: 3 0x8000b892 (0x00432083) x 1 0x8000a014 mem 0x80022dec
core   0: 0x8000b896 (0x03430313) addi    t1, t1, 52
core   0: 3 0x8000b896 (0x03430313) x 6 0x80022e1c
core   0: 0x8000b89a (0x0000100f) fence.i
core   0: 3 0x8000b89a (0x0000100f)
core   0: 0x8000b89e (0xff9ec013) xori    zero, t4, -7
core   0: 3 0x8000b89e (0xff9ec013)
core   0: 0x8000b8a2 (0x82bd1497) auipc   s1, 0x82bd1
core   0: 3 0x8000b8a2 (0x82bd1497) x 9 0x02bdc8a2
core   0: 0x8000b8a6 (0x00008de5) c.and   a1, s1
core   0: 3 0x8000b8a6 (0x8de5) x11 0x0025c082
core   0: 0x8000b8a8 (0x00008b13) mv      s6, ra
core   0: 3 0x8000b8a8 (0x00008b13) x22 0x8000a014
core   0: 0x8000b8ac (0x00008b02) c.jr    s6
core   0: 3 0x8000b8ac (0x8b02)
core   0: 0x8000a014 (0x01e3fc63) bgeu    t2, t5, pc + 24
core   0: 3 0x8000a014 (0x01e3fc63)
core   0: 0x8000a018 (0x00006155) c.addi16sp sp, 304
core   0: 3 0x8000a018 (0x6155) x 2 0x00000131
core   0: 0x8000a01a (0x00d9bb33) sltu    s6, s3, a3
core   0: 3 0x8000a01a (0x00d9bb33) x22 0x00000000
core   0: 0x8000a01e (0x000085cd) c.srai  a1, 19
core   0: 3 0x8000a01e (0x85cd) x11 0x00000004
core   0: 0x8000a020 (0x00008ed2) c.mv    t4, s4
core   0: 3 0x8000a020 (0x8ed2) x29 0xa72ef25e
core   0: 0x8000a022 (0x00008ce5) c.and   s1, s1
core   0: 3 0x8000a022 (0x8ce5) x 9 0x02bdc8a2
core   0: 0x8000a024 (0x000009bd) c.addi  s3, 15
core   0: 3 0x8000a024 (0x09bd) x19 0x0001900f
core   0: 0x8000a026 (0x00008f55) c.or    a4, a3
core   0: 3 0x8000a026 (0x8f55) x14 0x0000e000
core   0: 0x8000a028 (0x0117b633) sltu    a2, a5, a7
core   0: 3 0x8000a028 (0x0117b633) x12 0x00000001
core   0: 0x8000a02c (0x0000e88d) c.bnez  s1, pc + 50
core   0: 3 0x8000a02c (0xe88d)
core   0: 0x8000a05e (0x02681fb3) mulh    t6, a6, t1
core   0: 3 0x8000a05e (0x02681fb3) x31 0x3ffdb285
core   0: 0x8000a062 (0x027b1cb3) mulh    s9, s6, t2
core   0: 3 0x8000a062 (0x027b1cb3) x25 0x00000000
core   0: 0x8000a066 (0x00d08933) add     s2, ra, a3
core   0: 3 0x8000a066 (0x00d08933) x18 0x80018014
core   0: 0x8000a06a (0x00cbed63) bltu    s7, a2, pc + 26
core   0: 3 0x8000a06a (0x00cbed63)
core   0: 0x8000a084 (0x000083e9) c.srli  a5, 26
core   0: 3 0x8000a084 (0x83e9) x15 0x00000000
core   0: 0x8000a086 (0x984ff713) andi    a4, t6, -1660
core   0: 3 0x8000a086 (0x984ff713) x14 0x3ffdb084
core   0: 0x8000a08a (0x02f7e363) bltu    a5, a5, pc + 38
core   0: 3 0x8000a08a (0x02f7e363)
core   0: 0x8000a08e (0xc2cc2cb7) lui     s9, 0xc2cc2
core   0: 3 0x8000a08e (0xc2cc2cb7) x25 0xc2cc2000
core   0: 0x8000a092 (0x00a3e433) or      s0, t2, a0
core   0: 3 0x8000a092 (0x00a3e433) x 8 0x80000c00
core   0: 0x8000a096 (0x00008609) c.srai  a2, 2
core   0: 3 0x8000a096 (0x8609) x12 0x00000000
core   0: 0x8000a098 (0x00006151) c.addi16sp sp, 272
core   0: 3 0x8000a098 (0x6151) x 2 0x00000241
core   0: 0x8000a09a (0x01d8d713) srli    a4, a7, 29
core   0: 3 0x8000a09a (0x01d8d713) x14 0x00000007
core   0: 0x8000a09e (0x00005c7d) c.li    s8, -1
core   0: 3 0x8000a09e (0x5c7d) x24 0xffffffff
core   0: 0x8000a0a0 (0x01a69913) slli    s2, a3, 26
core   0: 3 0x8000a0a0 (0x01a69913) x18 0x00000000
core   0: 0x8000a0a4 (0x020dce33) div     t3, s11, zero
core   0: 3 0x8000a0a4 (0x020dce33) x28 0xffffffff
core   0: 0x8000a0a8 (0x02505663) bge     zero, t0, pc + 44
core   0: 3 0x8000a0a8 (0x02505663)
core   0: 0x8000a0d4 (0x00004f9d) c.li    t6, 7
core   0: 3 0x8000a0d4 (0x4f9d) x31 0x00000007
core   0: 0x8000a0d6 (0x01115413) srli    s0, sp, 17
core   0: 3 0x8000a0d6 (0x01115413) x 8 0x00000000
core   0: 0x8000a0da (0x00008d39) c.xor   a0, a4
core   0: 3 0x8000a0da (0x8d39) x10 0x00000007
core   0: 0x8000a0dc (0x000098fd) c.andi  s1, -1
core   0: 3 0x8000a0dc (0x98fd) x 9 0x02bdc8a2
core   0: 0x8000a0de (0x474fe993) ori     s3, t6, 1140
core   0: 3 0x8000a0de (0x474fe993) x19 0x00000477
core   0: 0x8000a0e2 (0x00006639) c.lui   a2, 0xe
core   0: 3 0x8000a0e2 (0x6639) x12 0x0000e000
core   0: 0x8000a0e4 (0x0348ed33) rem     s10, a7, s4
core   0: 3 0x8000a0e4 (0x0348ed33) x26 0xffffff8f
core   0: 0x8000a0e8 (0x00715a63) bge     sp, t2, pc + 20
core   0: 3 0x8000a0e8 (0x00715a63)
core   0: 0x8000a0fc (0x00006149) c.addi16sp sp, 144
core   0: 3 0x8000a0fc (0x6149) x 2 0x000002d1
core   0: 0x8000a0fe (0x000093ee) c.add   t2, s11
core   0: 3 0x8000a0fe (0x93ee) x 7 0x80000c00
core   0: 0x8000a100 (0x00009b7d) c.andi  a4, -1
core   0: 3 0x8000a100 (0x9b7d) x14 0x00000007
core   0: 0x8000a102 (0x03a7ce63) blt     a5, s10, pc + 60
core   0: 3 0x8000a102 (0x03a7ce63)
core   0: 0x8000a106 (0x00006dd5) c.lui   s11, 0x15
core   0: 3 0x8000a106 (0x6dd5) x27 0x00015000
core   0: 0x8000a108 (0x00001f14) c.addi4spn a3, sp, 944
core   0: 3 0x8000a108 (0x1f14) x13 0x00000681
core   0: 0x8000a10a (0x02726c33) rem     s8, tp, t2
core   0: 3 0x8000a10a (0x02726c33) x24 0x00010000
core   0: 0x8000a10e (0x01f1f4b3) and     s1, gp, t6
core   0: 3 0x8000a10e (0x01f1f4b3) x 9 0x00000004
core   0: 0x8000a112 (0x000086a9) c.srai  a3, 10
core   0: 3 0x8000a112 (0x86a9) x13 0x00000001
core   0: 0x8000a114 (0x01c59b63) bne     a1, t3, pc + 22
core   0: 3 0x8000a114 (0x01c59b63)
core   0: 0x8000a12a (0x0115e1b3) or      gp, a1, a7
core   0: 3 0x8000a12a (0x0115e1b3) x 3 0xffffff8f
core   0: 0x8000a12e (0x0181d4b3) srl     s1, gp, s8
core   0: 3 0x8000a12e (0x0181d4b3) x 9 0xffffff8f
core   0: 0x8000a132 (0x00000001) c.nop
core   0: 3 0x8000a132 (0x0001)
core   0: 0x8000a134 (0x00000489) c.addi  s1, 2
core   0: 3 0x8000a134 (0x0489) x 9 0xffffff91
core   0: 0x8000a136 (0x00008c59) c.or    s0, a4
core   0: 3 0x8000a136 (0x8c59) x 8 0x00000007
core   0: 0x8000a138 (0x000009f2) c.slli  s3, 28
core   0: 3 0x8000a138 (0x09f2) x19 0x70000000
core   0: 0x8000a13a (0x0015de33) srl     t3, a1, ra
core   0: 3 0x8000a13a (0x0015de33) x28 0x00000000
core   0: 0x8000a13e (0x0000717d) c.addi16sp sp, -16
core   0: 3 0x8000a13e (0x717d) x 2 0x000002c1
core   0: 0x8000a140 (0x02170c63) beq     a4, ra, pc + 56
core   0: 3 0x8000a140 (0x02170c63)
core   0: 0x8000a144 (0x027b94b3) mulh    s1, s7, t2
core   0: 3 0x8000a144 (0x027b94b3) x 9 0x00000000
core   0: 0x8000a148 (0x02b79263) bne     a5, a1, pc + 36
core   0: 3 0x8000a148 (0x02b79263)
core   0: 0x8000a16c (0x0144f1b3) and     gp, s1, s4
core   0: 3 0x8000a16c (0x0144f1b3) x 3 0x00000000
core   0: 0x8000a170 (0xf237f393) andi    t2, a5, -221
core   0: 3 0x8000a170 (0xf237f393) x 7 0x00000000
core   0: 0x8000a174 (0x0000100f) fence.i
core   0: 3 0x8000a174 (0x0000100f)
core   0: 0x8000a178 (0x6a08ed13) ori     s10, a7, 1696
core   0: 3 0x8000a178 (0x6a08ed13) x26 0xffffffaf
core   0: 0x8000a17c (0x1f6e8613) addi    a2, t4, 502
core   0: 3 0x8000a17c (0x1f6e8613) x12 0xa72ef454
core   0: 0x8000a180 (0x40625eb3) sra     t4, tp, t1
core   0: 3 0x8000a180 (0x40625eb3) x29 0x00000000
core   0: 0x8000a184 (0x18444a93) xori    s5, s0, 388
core   0: 3 0x8000a184 (0x18444a93) x21 0x00000183
core   0: 0x8000a188 (0x0000100f) fence.i
core   0: 3 0x8000a188 (0x0000100f)
core   0: 0x8000a18c (0x8a40f117) auipc   sp, 0x8a40f
core   0: 3 0x8000a18c (0x8a40f117) x 2 0x0a41918c
core   0: 0x8000a190 (0x00008baa) c.mv    s7, a0
core   0: 3 0x8000a190 (0x8baa) x23 0x00000007
core   0: 0x8000a192 (0x016c5463) bge     s8, s6, pc + 8
core   0: 3 0x8000a192 (0x016c5463)
core   0: 0x8000a19a (0x00008d41) c.or    a0, s0
core   0: 3 0x8000a19a (0x8d41) x10 0x00000007
core   0: 0x8000a19c (0x017f1a63) bne     t5, s7, pc + 20
core   0: 3 0x8000a19c (0x017f1a63)
core   0: 0x8000a1b0 (0x000069c5) c.lui   s3, 0x11
core   0: 3 0x8000a1b0 (0x69c5) x19 0x00011000
core   0: 0x8000a1b2 (0x00b6d663) bge     a3, a1, pc + 12
core   0: 3 0x8000a1b2 (0x00b6d663)
core   0: 0x8000a1b6 (0x000050fd) c.li    ra, -1
core   0: 3 0x8000a1b6 (0x50fd) x 1 0xffffffff
core   0: 0x8000a1b8 (0x00008db1) c.xor   a1, a2
core   0: 3 0x8000a1b8 (0x8db1) x11 0xa72ef450
core   0: 0x8000a1ba (0x02828663) beq     t0, s0, pc + 44
core   0: 3 0x8000a1ba (0x02828663)
core   0: 0x8000a1be (0x01465133) srl     sp, a2, s4
core   0: 3 0x8000a1be (0x01465133) x 2 0x00000002
core   0: 0x8000a1c2 (0x01cbfab3) and     s5, s7, t3
core   0: 3 0x8000a1c2 (0x01cbfab3) x21 0x00000000
core   0: 0x8000a1c6 (0x00008c51) c.or    s0, a2
core   0: 3 0x8000a1c6 (0x8c51) x 8 0xa72ef457
core   0: 0x8000a1c8 (0x00008d09) c.sub   a0, a0
core   0: 3 0x8000a1c8 (0x8d09) x10 0x00000000
core   0: 0x8000a1ca (0x03789063) bne     a7, s7, pc + 32
core   0: 3 0x8000a1ca (0x03789063)
core   0: 0x8000a1ea (0xebe1bf37) lui     t5, 0xebe1b
core   0: 3 0x8000a1ea (0xebe1bf37) x30 0xebe1b000
core   0: 0x8000a1ee (0x00009b3a) c.add   s6, a4
core   0: 3 0x8000a1ee (0x9b3a) x22 0x00000007
core   0: 0x8000a1f0 (0x0264a433) mulhsu  s0, s1, t1
core   0: 3 0x8000a1f0 (0x0264a433) x 8 0x00000000
core   0: 0x8000a1f4 (0x000083d5) c.srli  a5, 21
core   0: 3 0x8000a1f4 (0x83d5) x15 0x00000000
core   0: 0x8000a1f6 (0x01d40f33) add     t5, s0, t4
core   0: 3 0x8000a1f6 (0x01d40f33) x30 0x00000000
core   0: 0x8000a1fa (0x000003b1) c.addi  t2, 12
core   0: 3 0x8000a1fa (0x03b1) x 7 0x0000000c
core   0: 0x8000a1fc (0x02275063) bge     a4, sp, pc + 32
core   0: 3 0x8000a1fc (0x02275063)
core   0: 0x8000a21c (0x624010ef) jal     pc + 0x1624
core   0: 3 0x8000a21c (0x624010ef) x 1 0x8000a220
core   0: 0x8000b840 (0x01551613) slli    a2, a0, 21
core   0: 3 0x8000b840 (0x01551613) x12 0x00000000
core   0: 0x8000b844 (0xfcc30313) addi    t1, t1, -52
core   0: 3 0x8000b844 (0xfcc30313) x 6 0x80022de8
core   0: 0x8000b848 (0xa4f7b493) sltiu   s1, a5, -1457
core   0: 3 0x8000b848 (0xa4f7b493) x 9 0x00000001
core   0: 0x8000b84c (0x00001c7d) c.addi  s8, -1
core   0: 3 0x8000b84c (0x1c7d) x24 0x0000ffff
core   0: 0x8000b84e (0x00132223) sw      ra, 4(t1)
core   0: 3 0x8000b84e (0x00132223) mem 0x80022dec 0x8000a220
core   0: 0x8000b852 (0x0000100f) fence.i
core   0: 3 0x8000b852 (0x0000100f)
core   0: 0x8000b856 (0x03158933) mul     s2, a1, a7
core   0: 3 0x8000b856 (0x03158933) x18 0x344628b0
core   0: 0x8000b85a (0x00001ffd) c.addi  t6, -1
core   0: 3 0x8000b85a (0x1ffd) x31 0x00000006
core   0: 0x8000b85c (0x00008fc5) c.or    a5, s1
core   0: 3 0x8000b85c (0x8fc5) x15 0x00000001
core   0: 0x8000b85e (0x00006241) c.lui   tp, 0x10
core   0: 3 0x8000b85e (0x6241) x 4 0x00010000
core   0: 0x8000b860 (0x03d42bb3) mulhsu  s7, s0, t4
core   0: 3 0x8000b860 (0x03d42bb3) x23 0x00000000
core   0: 0x8000b864 (0x56c7ee97) auipc   t4, 0x56c7e
core   0: 3 0x8000b864 (0x56c7ee97) x29 0xd6c89864
core   0: 0x8000b868 (0x00008e9e) c.mv    t4, t2
core   0: 3 0x8000b868 (0x8e9e) x29 0x0000000c
core   0: 0x8000b86a (0x01ae1c93) slli    s9, t3, 26
core   0: 3 0x8000b86a (0x01ae1c93) x25 0x00000000
core   0: 0x8000b86e (0x1b327b13) andi    s6, tp, 435
core   0: 3 0x8000b86e (0x1b327b13) x22 0x00000000
core   0: 0x8000b872 (0x0104f4b3) and     s1, s1, a6
core   0: 3 0x8000b872 (0x0104f4b3) x 9 0x00000000
core   0: 0x8000b876 (0x0000100f) fence.i
core   0: 3 0x8000b876 (0x0000100f)
core   0: 0x8000b87a (0x000086c9) c.srai  a3, 18
core   0: 3 0x8000b87a (0x86c9) x13 0x00000000
core   0: 0x8000b87c (0x000069e5) c.lui   s3, 0x19
core   0: 3 0x8000b87c (0x69e5) x19 0x00019000
core   0: 0x8000b87e (0x00008489) c.srai  s1, 2
core   0: 3 0x8000b87e (0x8489) x 9 0x00000000
core   0: 0x8000b880 (0x00006439) c.lui   s0, 0xe
core   0: 3 0x8000b880 (0x6439) x 8 0x0000e000
core   0: 0x8000b882 (0x022a66b3) rem     a3, s4, sp
core   0: 3 0x8000b882 (0x022a66b3) x13 0x00000000
core   0: 0x8000b886 (0x00008215) c.srli  a2, 5
core   0: 3 0x8000b886 (0x8215) x12 0x00000000
core   0: 0x8000b888 (0x00008722) c.mv    a4, s0
core   0: 3 0x8000b888 (0x8722) x14 0x0000e000
core   0: 0x8000b88a (0x00000001) c.nop
core   0: 3 0x8000b88a (0x0001)
core   0: 0x8000b88c (0x00008ec1) c.or    a3, s0
core   0: 3 0x8000b88c (0x8ec1) x13 0x0000e000
core   0: 0x8000b88e (0x68578eb7) lui     t4, 0x68578
core   0: 3 0x8000b88e (0x68578eb7) x29 0x68578000
core   0: 0x8000b892 (0x00432083) lw      ra, 4(t1)
core   0: 3 0x8000b892 (0x00432083) x 1 0x8000a220 mem 0x80022dec
core   0: 0x8000b896 (0x03430313) addi    t1, t1, 52
core   0: 3 0x8000b896 (0x03430313) x 6 0x80022e1c
core   0: 0x8000b89a (0x0000100f) fence.i
core   0: 3 0x8000b89a (0x0000100f)
core   0: 0x8000b89e (0xff9ec013) xori    zero, t4, -7
core   0: 3 0x8000b89e (0xff9ec013)
core   0: 0x8000b8a2 (0x82bd1497) auipc   s1, 0x82bd1
core   0: 3 0x8000b8a2 (0x82bd1497) x 9 0x02bdc8a2
core   0: 0x8000b8a6 (0x00008de5) c.and   a1, s1
core   0: 3 0x8000b8a6 (0x8de5) x11 0x022cc000
core   0: 0x8000b8a8 (0x00008b13) mv      s6, ra
core   0: 3 0x8000b8a8 (0x00008b13) x22 0x8000a220
core   0: 0x8000b8ac (0x00008b02) c.jr    s6
core   0: 3 0x8000b8ac (0x8b02)
core   0: 0x8000a220 (0x02516d33) rem     s10, sp, t0
core   0: 3 0x8000a220 (0x02516d33) x26 0x00000002
core   0: 0x8000a224 (0x033a7d33) remu    s10, s4, s3
core   0: 3 0x8000a224 (0x033a7d33) x26 0x0000825e
core   0: 0x8000a228 (0x17fd8393) addi    t2, s11, 383
core   0: 3 0x8000a228 (0x17fd8393) x 7 0x0001517f
core   0: 0x8000a22c (0x03ca4f33) div     t5, s4, t3
core   0: 3 0x8000a22c (0x03ca4f33) x30 0xffffffff
core   0: 0x8000a230 (0x88e13293) sltiu   t0, sp, -1906
core   0: 3 0x8000a230 (0x88e13293) x 5 0x00000001
core   0: 0x8000a234 (0x4b997193) andi    gp, s2, 1209
core   0: 3 0x8000a234 (0x4b997193) x 3 0x000000b0
core   0: 0x8000a238 (0x02b58d33) mul     s10, a1, a1
core   0: 3 0x8000a238 (0x02b58d33) x26 0x90000000
core   0: 0x8000a23c (0x004d5db3) srl     s11, s10, tp
core   0: 3 0x8000a23c (0x004d5db3) x27 0x90000000
core   0: 0x8000a240 (0x0000100f) fence.i
core   0: 3 0x8000a240 (0x0000100f)
core   0: 0x8000a244 (0x012cb533) sltu    a0, s9, s2
core   0: 3 0x8000a244 (0x012cb533) x10 0x00000001
core   0: 0x8000a248 (0xeb063f13) sltiu   t5, a2, -336
core   0: 3 0x8000a248 (0xeb063f13) x30 0x00000001
core   0: 0x8000a24c (0x00b95213) srli    tp, s2, 11
core   0: 3 0x8000a24c (0x00b95213) x 4 0x000688c5
core   0: 0x8000a250 (0x00000001) c.nop
core   0: 3 0x8000a250 (0x0001)
core   0: 0x8000a252 (0x0000e695) c.bnez  a3, pc + 44
core   0: 3 0x8000a252 (0xe695)
core   0: 0x8000a27e (0xc8364037) lui     zero, 0xc8364
core   0: 3 0x8000a27e (0xc8364037)
core   0: 0x8000a282 (0x002762b3) or      t0, a4, sp
core   0: 3 0x8000a282 (0x002762b3) x 5 0x0000e002
core   0: 0x8000a286 (0x02069eb3) mulh    t4, a3, zero
core   0: 3 0x8000a286 (0x02069eb3) x29 0x00000000
core   0: 0x8000a28a (0x00000001) c.nop
core   0: 3 0x8000a28a (0x0001)
core   0: 0x8000a28c (0x00000f22) c.slli  t5, 8
core   0: 3 0x8000a28c (0x0f22) x30 0x00000100
core   0: 0x8000a28e (0x01db9d63) bne     s7, t4, pc + 26
core   0: 3 0x8000a28e (0x01db9d63)
core   0: 0x8000a292 (0x01b00eb3) add     t4, zero, s11
core   0: 3 0x8000a292 (0x01b00eb3) x29 0x90000000
core   0: 0x8000a296 (0x00000001) c.nop
core   0: 3 0x8000a296 (0x0001)
core   0: 0x8000a298 (0x01a518b3) sll     a7, a0, s10
core   0: 3 0x8000a298 (0x01a518b3) x17 0x00000001
core   0: 0x8000a29c (0x003d72b3) and     t0, s10, gp
core   0: 3 0x8000a29c (0x003d72b3) x 5 0x00000000
core   0: 0x8000a2a0 (0x89af4c93) xori    s9, t5, -1894
core   0: 3 0x8000a2a0 (0x89af4c93) x25 0xfffff99a
core   0: 0x8000a2a4 (0x40d201b3) sub     gp, tp, a3
core   0: 3 0x8000a2a4 (0x40d201b3) x 3 0x0005a8c5
core   0: 0x8000a2a8 (0x00008b35) c.andi  a4, 13
core   0: 3 0x8000a2a8 (0x8b35) x14 0x00000000
core   0: 0x8000a2aa (0x000088e1) c.andi  s1, 24
core   0: 3 0x8000a2aa (0x88e1) x 9 0x00000000
core   0: 0x8000a2ac (0x00e651b3) srl     gp, a2, a4
core   0: 3 0x8000a2ac (0x00e651b3) x 3 0x00000000
core   0: 0x8000a2b0 (0x0000ee8d) c.bnez  a3, pc + 58
core   0: 3 0x8000a2b0 (0xee8d)
core   0: 0x8000a2ea (0x00008861) c.andi  s0, 24
core   0: 3 0x8000a2ea (0x8861) x 8 0x00000000
core   0: 0x8000a2ec (0x03ccb7b3) mulhu   a5, s9, t3
core   0: 3 0x8000a2ec (0x03ccb7b3) x15 0x00000000
core   0: 0x8000a2f0 (0x40cb5eb3) sra     t4, s6, a2
core   0: 3 0x8000a2f0 (0x40cb5eb3) x29 0x8000a220
core   0: 0x8000a2f4 (0x405c0893) addi    a7, s8, 1029
core   0: 3 0x8000a2f4 (0x405c0893) x17 0x00010404
core   0: 0x8000a2f8 (0x0359c8b3) div     a7, s3, s5
core   0: 3 0x8000a2f8 (0x0359c8b3) x17 0xffffffff
core   0: 0x8000a2fc (0x0037df93) srli    t6, a5, 3
core   0: 3 0x8000a2fc (0x0037df93) x31 0x00000000
core   0: 0x8000a300 (0x025022b3) mulhsu  t0, zero, t0
core   0: 3 0x8000a300 (0x025022b3) x 5 0x00000000
core   0: 0x8000a304 (0x00008a71) c.andi  a2, 28
core   0: 3 0x8000a304 (0x8a71) x12 0x00000000
core   0: 0x8000a306 (0x03e9f4b3) remu    s1, s3, t5
core   0: 3 0x8000a306 (0x03e9f4b3) x 9 0x00000000
core   0: 0x8000a30a (0x0000100f) fence.i
core   0: 3 0x8000a30a (0x0000100f)
core   0: 0x8000a30e (0x02fbccb3) div     s9, s7, a5
core   0: 3 0x8000a30e (0x02fbccb3) x25 0xffffffff
core   0: 0x8000a312 (0x00008c49) c.or    s0, a0
core   0: 3 0x8000a312 (0x8c49) x 8 0x00000001
core   0: 0x8000a314 (0x00008fbd) c.xor   a5, a5
core   0: 3 0x8000a314 (0x8fbd) x15 0x00000000
core   0: 0x8000a316 (0x036a7033) remu    zero, s4, s6
core   0: 3 0x8000a316 (0x036a7033)
core   0: 0x8000a31a (0x00000001) c.nop
core   0: 3 0x8000a31a (0x0001)
core   0: 0x8000a31c (0x00009c6a) c.add   s8, s10
core   0: 3 0x8000a31c (0x9c6a) x24 0x9000ffff
core   0: 0x8000a31e (0x00008f25) c.xor   a4, s1
core   0: 3 0x8000a31e (0x8f25) x14 0x00000000
core   0: 0x8000a320 (0x0000100f) fence.i
core   0: 3 0x8000a320 (0x0000100f)
core   0: 0x8000a324 (0x0000ea95) c.bnez  a3, pc + 52
core   0: 3 0x8000a324 (0xea95)
core   0: 0x8000a358 (0x004dee63) bltu    s11, tp, pc + 28
core   0: 3 0x8000a358 (0x004dee63)
core   0: 0x8000a35c (0x00008f49) c.or    a4, a0
core   0: 3 0x8000a35c (0x8f49) x14 0x00000001
core   0: 0x8000a35e (0x015d2933) slt     s2, s10, s5
core   0: 3 0x8000a35e (0x015d2933) x18 0x00000001
core   0: 0x8000a362 (0x02e6f663) bgeu    a3, a4, pc + 44
core   0: 3 0x8000a362 (0x02e6f663)
core   0: 0x8000a38e (0x00008c35) c.xor   s0, a3
core   0: 3 0x8000a38e (0x8c35) x 8 0x0000e001
core   0: 0x8000a390 (0x0190ae33) slt     t3, ra, s9
core   0: 3 0x8000a390 (0x0190ae33) x28 0x00000001
core   0: 0x8000a394 (0xe6c1fd97) auipc   s11, 0xe6c1f
core   0: 3 0x8000a394 (0xe6c1fd97) x27 0x66c29394
core   0: 0x8000a398 (0xeacd3913) sltiu   s2, s10, -340
core   0: 3 0x8000a398 (0xeacd3913) x18 0x00000001
core   0: 0x8000a39c (0x0000013e) c.slli  sp, 15
core   0: 3 0x8000a39c (0x013e) x 2 0x00010000
core   0: 0x8000a39e (0x03cd9f33) mulh    t5, s11, t3
core   0: 3 0x8000a39e (0x03cd9f33) x30 0x00000000
core   0: 0x8000a3a2 (0x00008c81) c.sub   s1, s0
core   0: 3 0x8000a3a2 (0x8c81) x 9 0xffff1fff
core   0: 0x8000a3a4 (0x0253d2b3) divu    t0, t2, t0
core   0: 3 0x8000a3a4 (0x0253d2b3) x 5 0xffffffff
core   0: 0x8000a3a8 (0x0000943e) c.add   s0, a5
core   0: 3 0x8000a3a8 (0x943e) x 8 0x0000e001
core   0: 0x8000a3aa (0x02d07a63) bgeu    zero, a3, pc + 52
core   0: 3 0x8000a3aa (0x02d07a63)
core   0: 0x8000a3ae (0x00acfb33) and     s6, s9, a0
core   0: 3 0x8000a3ae (0x00acfb33) x22 0x00000001
core   0: 0x8000a3b2 (0x0134bc33) sltu    s8, s1, s3
core   0: 3 0x8000a3b2 (0x0134bc33) x24 0x00000000
core   0: 0x8000a3b6 (0x039f6263) bltu    t5, s9, pc + 36
core   0: 3 0x8000a3b6 (0x039f6263)
core   0: 0x8000a3da (0x038e10b3) mulh    ra, t3, s8
core   0: 3 0x8000a3da (0x038e10b3) x 1 0x00000000
core   0: 0x8000a3de (0x00001e80) c.addi4spn s0, sp, 880
core   0: 3 0x8000a3de (0x1e80) x 8 0x00010370
core   0: 0x8000a3e0 (0x02df2cb3) mulhsu  s9, t5, a3
core   0: 3 0x8000a3e0 (0x02df2cb3) x25 0x00000000
core   0: 0x8000a3e4 (0x00ce3e33) sltu    t3, t3, a2
core   0: 3 0x8000a3e4 (0x00ce3e33) x28 0x00000000
core   0: 0x8000a3e8 (0x0179dc63) bge     s3, s7, pc + 24
core   0: 3 0x8000a3e8 (0x0179dc63)
core   0: 0x8000a400 (0x409bd033) sra     zero, s7, s1
core   0: 3 0x8000a400 (0x409bd033)
core   0: 0x8000a404 (0x017ed7b3) srl     a5, t4, s7
core   0: 3 0x8000a404 (0x017ed7b3) x15 0x8000a220
core   0: 0x8000a408 (0x00001c7d) c.addi  s8, -1
core   0: 3 0x8000a408 (0x1c7d) x24 0xffffffff
core   0: 0x8000a40a (0x0000100f) fence.i
core   0: 3 0x8000a40a (0x0000100f)
core   0: 0x8000a40e (0x0000cf81) c.beqz  a5, pc + 24
core   0: 3 0x8000a40e (0xcf81)
core   0: 0x8000a410 (0x01c8dd63) bge     a7, t3, pc + 26
core   0: 3 0x8000a410 (0x01c8dd63)
core   0: 0x8000a414 (0x000098fd) c.andi  s1, -1
core   0: 3 0x8000a414 (0x98fd) x 9 0xffff1fff
core   0: 0x8000a416 (0xcc38c513) xori    a0, a7, -829
core   0: 3 0x8000a416 (0xcc38c513) x10 0x0000033c
core   0: 0x8000a41a (0x0000921e) c.add   tp, t2
core   0: 3 0x8000a41a (0x921e) x 4 0x0007da44
core   0: 0x8000a41c (0x00ced713) srli    a4, t4, 12
core   0: 3 0x8000a41c (0x00ced713) x14 0x0008000a
core   0: 0x8000a420 (0x00008299) c.srli  a3, 6
core   0: 3 0x8000a420 (0x8299) x13 0x00000380
core   0: 0x8000a422 (0x01ca1413) slli    s0, s4, 28
core   0: 3 0x8000a422 (0x01ca1413) x 8 0xe0000000
core   0: 0x8000a426 (0x0000091e) c.slli  s2, 7
core   0: 3 0x8000a426 (0x091e) x18 0x00000080
core   0: 0x8000a428 (0x00001810) c.addi4spn a2, sp, 48
core   0: 3 0x8000a428 (0x1810) x12 0x00010030
core   0: 0x8000a42a (0x00001c00) c.addi4spn s0, sp, 560
core   0: 3 0x8000a42a (0x1c00) x 8 0x00010230
core   0: 0x8000a42c (0x01cf0c33) add     s8, t5, t3
core   0: 3 0x8000a42c (0x01cf0c33) x24 0x00000000
core   0: 0x8000a430 (0x0275f4b3) remu    s1, a1, t2
core   0: 3 0x8000a430 (0x0275f4b3) x 9 0x000068a6
core   0: 0x8000a434 (0x409a0c33) sub     s8, s4, s1
core   0: 3 0x8000a434 (0x409a0c33) x24 0xa72e89b8
core   0: 0x8000a438 (0x00000001) c.nop
core   0: 3 0x8000a438 (0x0001)
core   0: 0x8000a43a (0x0000e089) c.bnez  s1, pc + 2
core   0: 3 0x8000a43a (0xe089)
core   0: 0x8000a43c (0x00009762) c.add   a4, s8
core   0: 3 0x8000a43c (0x9762) x14 0xa73689c2
core   0: 0x8000a43e (0x00008535) c.srai  a0, 13
core   0: 3 0x8000a43e (0x8535) x10 0x00000000
core   0: 0x8000a440 (0x0000810d) c.srli  a0, 3
core   0: 3 0x8000a440 (0x810d) x10 0x00000000
core   0: 0x8000a442 (0x03bf88b3) mul     a7, t6, s11
core   0: 3 0x8000a442 (0x03bf88b3) x17 0x00000000
core   0: 0x8000a446 (0x0467cb63) blt     a5, t1, pc + 86
core   0: 3 0x8000a446 (0x0467cb63)
core   0: 0x8000a49c (0x000086f5) c.srai  a3, 29
core   0: 3 0x8000a49c (0x86f5) x13 0x00000000
core   0: 0x8000a49e (0x0044f763) bgeu    s1, tp, pc + 14
core   0: 3 0x8000a49e (0x0044f763)
core   0: 0x8000a4a2 (0x0365d363) bge     a1, s6, pc + 38
core   0: 3 0x8000a4a2 (0x0365d363)
core   0: 0x8000a4c8 (0x00d31c13) slli    s8, t1, 13
core   0: 3 0x8000a4c8 (0x00d31c13) x24 0x45c38000
core   0: 0x8000a4cc (0x08a6e793) ori     a5, a3, 138
core   0: 3 0x8000a4cc (0x08a6e793) x15 0x0000008a
core   0: 0x8000a4d0 (0x0000074e) c.slli  a4, 19
core   0: 3 0x8000a4d0 (0x074e) x14 0x4e100000
core   0: 0x8000a4d2 (0x00e39bb3) sll     s7, t2, a4
core   0: 3 0x8000a4d2 (0x00e39bb3) x23 0x0001517f
core   0: 0x8000a4d6 (0x417ddb33) sra     s6, s11, s7
core   0: 3 0x8000a4d6 (0x417ddb33) x22 0x00000000
core   0: 0x8000a4da (0x00008e31) c.xor   a2, a2
core   0: 3 0x8000a4da (0x8e31) x12 0x00000000
core   0: 0x8000a4dc (0xb1343b13) sltiu   s6, s0, -1261
core   0: 3 0x8000a4dc (0xb1343b13) x22 0x00000001
core   0: 0x8000a4e0 (0x02f45133) divu    sp, s0, a5
core   0: 3 0x8000a4e0 (0x02f45133) x 2 0x000001de
core   0: 0x8000a4e4 (0x02effbb3) remu    s7, t6, a4
core   0: 3 0x8000a4e4 (0x02effbb3) x23 0x00000000
core   0: 0x8000a4e8 (0x02af0eb3) mul     t4, t5, a0
core   0: 3 0x8000a4e8 (0x02af0eb3) x29 0x00000000
core   0: 0x8000a4ec (0x0000c60d) c.beqz  a2, pc + 42
core   0: 3 0x8000a4ec (0xc60d)
core   0: 0x8000a516 (0x00000001) c.nop
core   0: 3 0x8000a516 (0x0001)
core   0: 0x8000a518 (0x41ea5613) srai    a2, s4, 30
core   0: 3 0x8000a518 (0x41ea5613) x12 0xfffffffe
core   0: 0x8000a51c (0x0ff0000f) fence   iorw,iorw
core   0: 3 0x8000a51c (0x0ff0000f)
core   0: 0x8000a520 (0xb33b0c93) addi    s9, s6, -1229
core   0: 3 0x8000a520 (0xb33b0c93) x25 0xfffffb34
core   0: 0x8000a524 (0x414d8433) sub     s0, s11, s4
core   0: 3 0x8000a524 (0x414d8433) x 8 0xbf93a136
core   0: 0x8000a528 (0x00257ab3) and     s5, a0, sp
core   0: 3 0x8000a528 (0x00257ab3) x21 0x00000000
core   0: 0x8000a52c (0x010a2c33) slt     s8, s4, a6
core   0: 3 0x8000a52c (0x010a2c33) x24 0x00000000
core   0: 0x8000a530 (0x023c4233) div     tp, s8, gp
core   0: 3 0x8000a530 (0x023c4233) x 4 0xffffffff
core   0: 0x8000a534 (0x01afafb3) slt     t6, t6, s10
core   0: 3 0x8000a534 (0x01afafb3) x31 0x00000000
core   0: 0x8000a538 (0x6b31b413) sltiu   s0, gp, 1715
core   0: 3 0x8000a538 (0x6b31b413) x 8 0x00000001
core   0: 0x8000a53c (0x00000b5d) c.addi  s6, 23
core   0: 3 0x8000a53c (0x0b5d) x22 0x00000018
core   0: 0x8000a53e (0x0000100f) fence.i
core   0: 3 0x8000a53e (0x0000100f)
core   0: 0x8000a542 (0x00006c5d) c.lui   s8, 0x17
core   0: 3 0x8000a542 (0x6c5d) x24 0x00017000
core   0: 0x8000a544 (0x037a6b33) rem     s6, s4, s7
core   0: 3 0x8000a544 (0x037a6b33) x22 0xa72ef25e
core   0: 0x8000a548 (0x030a0b33) mul     s6, s4, a6
core   0: 3 0x8000a548 (0x030a0b33) x22 0x98cb83b8
core   0: 0x8000a54c (0x00001d94) c.addi4spn a3, sp, 752
core   0: 3 0x8000a54c (0x1d94) x13 0x000004ce
core   0: 0x8000a54e (0x00009e0e) c.add   t3, gp
core   0: 3 0x8000a54e (0x9e0e) x28 0x00000000
core   0: 0x8000a550 (0x03b5e863) bltu    a1, s11, pc + 48
core   0: 3 0x8000a550 (0x03b5e863)
core   0: 0x8000a580 (0x0000987d) c.andi  s0, -1
core   0: 3 0x8000a580 (0x987d) x 8 0x00000001
core   0: 0x8000a582 (0x0f7a8fb7) lui     t6, 0xf7a8
core   0: 3 0x8000a582 (0x0f7a8fb7) x31 0x0f7a8000
core   0: 0x8000a586 (0x02c3d133) divu    sp, t2, a2
core   0: 3 0x8000a586 (0x02c3d133) x 2 0x00000000
core   0: 0x8000a58a (0x025b1a63) bne     s6, t0, pc + 52
core   0: 3 0x8000a58a (0x025b1a63)
core   0: 0x8000a5be (0x03fa89b3) mul     s3, s5, t6
core   0: 3 0x8000a5be (0x03fa89b3) x19 0x00000000
core   0: 0x8000a5c2 (0x6777bb13) sltiu   s6, a5, 1655
core   0: 3 0x8000a5c2 (0x6777bb13) x22 0x00000001
core   0: 0x8000a5c6 (0x0166e363) bltu    a3, s6, pc + 6
core   0: 3 0x8000a5c6 (0x0166e363)
core   0: 0x8000a5ca (0x00008ead) c.xor   a3, a1
core   0: 3 0x8000a5ca (0x8ead) x13 0x022cc4ce
core   0: 0x8000a5cc (0x00008d55) c.or    a0, a3
core   0: 3 0x8000a5cc (0x8d55) x10 0x022cc4ce
core   0: 0x8000a5ce (0x0000849d) c.srai  s1, 7
core   0: 3 0x8000a5ce (0x849d) x 9 0x000000d1
core   0: 0x8000a5d0 (0x00008d29) c.xor   a0, a0
core   0: 3 0x8000a5d0 (0x8d29) x10 0x00000000
core   0: 0x8000a5d2 (0x00000abe) c.slli  s5, 15
core   0: 3 0x8000a5d2 (0x0abe) x21 0x00000000
core   0: 0x8000a5d4 (0x01a03fb3) snez    t6, s10
core   0: 3 0x8000a5d4 (0x01a03fb3) x31 0x00000001
core   0: 0x8000a5d8 (0x0395f963) bgeu    a1, s9, pc + 50
core   0: 3 0x8000a5d8 (0x0395f963)
core   0: 0x8000a5dc (0x0197eb63) bltu    a5, s9, pc + 22
core   0: 3 0x8000a5dc (0x0197eb63)
core   0: 0x8000a5f2 (0x901c0693) addi    a3, s8, -1791
core   0: 3 0x8000a5f2 (0x901c0693) x13 0x00016901
core   0: 0x8000a5f6 (0x00008e4d) c.or    a2, a1
core   0: 3 0x8000a5f6 (0x8e4d) x12 0xfffffffe
core   0: 0x8000a5f8 (0x01094963) blt     s2, a6, pc + 18
core   0: 3 0x8000a5f8 (0x01094963)
core   0: 0x8000a5fc (0x4c05c613) xori    a2, a1, 1216
core   0: 3 0x8000a5fc (0x4c05c613) x12 0x022cc4c0
core   0: 0x8000a600 (0x036c5733) divu    a4, s8, s6
core   0: 3 0x8000a600 (0x036c5733) x14 0x00017000
core   0: 0x8000a604 (0x0000694d) c.lui   s2, 0x13
core   0: 3 0x8000a604 (0x694d) x18 0x00013000
core   0: 0x8000a606 (0x0294b933) mulhu   s2, s1, s1
core   0: 3 0x8000a606 (0x0294b933) x18 0x00000000
core   0: 0x8000a60a (0x0000717d) c.addi16sp sp, -16
core   0: 3 0x8000a60a (0x717d) x 2 0xfffffff0
core   0: 0x8000a60c (0x017398b3) sll     a7, t2, s7
core   0: 3 0x8000a60c (0x017398b3) x17 0x0001517f
core   0: 0x8000a610 (0x0275d5b3) divu    a1, a1, t2
core   0: 3 0x8000a610 (0x0275d5b3) x11 0x000001a6
core   0: 0x8000a614 (0x0000914a) c.add   sp, s2
core   0: 3 0x8000a614 (0x914a) x 2 0xfffffff0
core   0: 0x8000a616 (0x843ba913) slti    s2, s7, -1981
core   0: 3 0x8000a616 (0x843ba913) x18 0x00000000
core   0: 0x8000a61a (0x02eecbb3) div     s7, t4, a4
core   0: 3 0x8000a61a (0x02eecbb3) x23 0x00000000
core   0: 0x8000a61e (0x000089e1) c.andi  a1, 24
core   0: 3 0x8000a61e (0x89e1) x11 0x00000000
core   0: 0x8000a620 (0x4059d993) srai    s3, s3, 5
core   0: 3 0x8000a620 (0x4059d993) x19 0x00000000
core   0: 0x8000a624 (0xae763393) sltiu   t2, a2, -1305
core   0: 3 0x8000a624 (0xae763393) x 7 0x00000001
core   0: 0x8000a628 (0x02016433) rem     s0, sp, zero
core   0: 3 0x8000a628 (0x02016433) x 8 0xfffffff0
core   0: 0x8000a62c (0x02edf533) remu    a0, s11, a4
core   0: 3 0x8000a62c (0x02edf533) x10 0x00005394
core   0: 0x8000a630 (0x000045c1) c.li    a1, 16
core   0: 3 0x8000a630 (0x45c1) x11 0x00000010
core   0: 0x8000a632 (0x00006125) c.addi16sp sp, 96
core   0: 3 0x8000a632 (0x6125) x 2 0x00000050
core   0: 0x8000a634 (0x0000c919) c.beqz  a0, pc + 22
core   0: 3 0x8000a634 (0xc919)
core   0: 0x8000a636 (0x16943493) sltiu   s1, s0, 361
core   0: 3 0x8000a636 (0x16943493) x 9 0x00000000
core   0: 0x8000a63a (0x0000100f) fence.i
core   0: 3 0x8000a63a (0x0000100f)
core   0: 0x8000a63e (0x045bd063) bge     s7, t0, pc + 64
core   0: 3 0x8000a63e (0x045bd063)
core   0: 0x8000a67e (0x035fc7b3) div     a5, t6, s5
core   0: 3 0x8000a67e (0x035fc7b3) x15 0xffffffff
core   0: 0x8000a682 (0x0146fbb3) and     s7, a3, s4
core   0: 3 0x8000a682 (0x0146fbb3) x23 0x00006000
core   0: 0x8000a686 (0x000043f9) c.li    t2, 30
core   0: 3 0x8000a686 (0x43f9) x 7 0x0000001e
core   0: 0x8000a688 (0x03eacc63) blt     s5, t5, pc + 56
core   0: 3 0x8000a688 (0x03eacc63)
core   0: 0x8000a68c (0x00008c1d) c.sub   s0, a5
core   0: 3 0x8000a68c (0x8c1d) x 8 0xfffffff1
core   0: 0x8000a68e (0x00000001) c.nop
core   0: 3 0x8000a68e (0x0001)
core   0: 0x8000a690 (0x023c5ab3) divu    s5, s8, gp
core   0: 3 0x8000a690 (0x023c5ab3) x21 0xffffffff
core   0: 0x8000a694 (0x02429063) bne     t0, tp, pc + 32
core   0: 3 0x8000a694 (0x02429063)
core   0: 0x8000a698 (0xf9188397) auipc   t2, 0xf9188
core   0: 3 0x8000a698 (0xf9188397) x 7 0x79192698
core   0: 0x8000a69c (0x000099fd) c.andi  a1, -1
core   0: 3 0x8000a69c (0x99fd) x11 0x00000010
core   0: 0x8000a69e (0x0175ef33) or      t5, a1, s7
core   0: 3 0x8000a69e (0x0175ef33) x30 0x00006010
core   0: 0x8000a6a2 (0xd1ac2093) slti    ra, s8, -742
core   0: 3 0x8000a6a2 (0xd1ac2093) x 1 0x00000000
core   0: 0x8000a6a6 (0x00008389) c.srli  a5, 2
core   0: 3 0x8000a6a6 (0x8389) x15 0x3fffffff
core   0: 0x8000a6a8 (0x01169713) slli    a4, a3, 17
core   0: 3 0x8000a6a8 (0x01169713) x14 0xd2020000
core   0: 0x8000a6ac (0x00d4e3b3) or      t2, s1, a3
core   0: 3 0x8000a6ac (0x00d4e3b3) x 7 0x00016901
core   0: 0x8000a6b0 (0x03fe6b33) rem     s6, t3, t6
core   0: 3 0x8000a6b0 (0x03fe6b33) x22 0x00000000
core   0: 0x8000a6b4 (0x0000c611) c.beqz  a2, pc + 12
core   0: 3 0x8000a6b4 (0xc611)
core   0: 0x8000a6b6 (0x0000828d) c.srli  a3, 3
core   0: 3 0x8000a6b6 (0x828d) x13 0x00002d20
core   0: 0x8000a6b8 (0x02e497b3) mulh    a5, s1, a4
core   0: 3 0x8000a6b8 (0x02e497b3) x15 0x00000000
core   0: 0x8000a6bc (0x02779563) bne     a5, t2, pc + 42
core   0: 3 0x8000a6bc (0x02779563)
core   0: 0x8000a6e6 (0x00009d26) c.add   s10, s1
core   0: 3 0x8000a6e6 (0x9d26) x26 0x90000000
core   0: 0x8000a6e8 (0x00000001) c.nop
core   0: 3 0x8000a6e8 (0x0001)
core   0: 0x8000a6ea (0x00000c6e) c.slli  s8, 27
core   0: 3 0x8000a6ea (0x0c6e) x24 0x00000000
core   0: 0x8000a6ec (0x0000717d) c.addi16sp sp, -16
core   0: 3 0x8000a6ec (0x717d) x 2 0x00000040
core   0: 0x8000a6ee (0x016426b3) slt     a3, s0, s6
core   0: 3 0x8000a6ee (0x016426b3) x13 0x00000001
core   0: 0x8000a6f2 (0x005fbf33) sltu    t5, t6, t0
core   0: 3 0x8000a6f2 (0x005fbf33) x30 0x00000001
core   0: 0x8000a6f6 (0x01070533) add     a0, a4, a6
core   0: 3 0x8000a6f6 (0x01070533) x10 0x52046ce4
core   0: 0x8000a6fa (0x01be9963) bne     t4, s11, pc + 18
core   0: 3 0x8000a6fa (0x01be9963)
core   0: 0x8000a70c (0x0ff0000f) fence   iorw,iorw
core   0: 3 0x8000a70c (0x0ff0000f)
core   0: 0x8000a710 (0x00000ffe) c.slli  t6, 31
core   0: 3 0x8000a710 (0x0ffe) x31 0x80000000
core   0: 0x8000a712 (0x0387d933) divu    s2, a5, s8
core   0: 3 0x8000a712 (0x0387d933) x18 0xffffffff
core   0: 0x8000a716 (0x00432083) lw      ra, 4(t1)
core   0: 3 0x8000a716 (0x00432083) x 1 0x8000b09a mem 0x80022e20
core   0: 0x8000a71a (0x02830313) addi    t1, t1, 40
core   0: 3 0x8000a71a (0x02830313) x 6 0x80022e44
core   0: 0x8000a71e (0x00edf6b3) and     a3, s11, a4
core   0: 3 0x8000a71e (0x00edf6b3) x13 0x42020000
core   0: 0x8000a722 (0x00108193) addi    gp, ra, 1
core   0: 3 0x8000a722 (0x00108193) x 3 0x8000b09b
core   0: 0x8000a726 (0x00009182) c.jalr  gp
core   0: 3 0x8000a726 (0x9182) x 1 0x8000a728
core   0: 0x8000b09a (0x60a14e93) xori    t4, sp, 1546
core   0: 3 0x8000b09a (0x60a14e93) x29 0x0000064a
core   0: 0x8000b09e (0x000082fe) c.mv    t0, t6
core   0: 3 0x8000b09e (0x82fe) x 5 0x80000000
core   0: 0x8000b0a0 (0x00008151) c.srli  a0, 20
core   0: 3 0x8000b0a0 (0x8151) x10 0x00000520
core   0: 0x8000b0a2 (0x40358233) sub     tp, a1, gp
core   0: 3 0x8000b0a2 (0x40358233) x 4 0x7fff4f75
core   0: 0x8000b0a6 (0x005fe963) bltu    t6, t0, pc + 18
core   0: 3 0x8000b0a6 (0x005fe963)
core   0: 0x8000b0aa (0x000001a2) c.slli  gp, 8
core   0: 3 0x8000b0aa (0x01a2) x 3 0x00b09b00
core   0: 0x8000b0ac (0x01857133) and     sp, a0, s8
core   0: 3 0x8000b0ac (0x01857133) x 2 0x00000000
core   0: 0x8000b0b0 (0x009f0963) beq     t5, s1, pc + 18
core   0: 3 0x8000b0b0 (0x009f0963)
core   0: 0x8000b0b4 (0x6a696613) ori     a2, s2, 1702
core   0: 3 0x8000b0b4 (0x6a696613) x12 0xffffffff
core   0: 0x8000b0b8 (0x6bcfcd37) lui     s10, 0x6bcfc
core   0: 3 0x8000b0b8 (0x6bcfcd37) x26 0x6bcfc000
core   0: 0x8000b0bc (0x47920b13) addi    s6, tp, 1145
core   0: 3 0x8000b0bc (0x47920b13) x22 0x7fff53ee
core   0: 0x8000b0c0 (0x00000001) c.nop
core   0: 3 0x8000b0c0 (0x0001)
core   0: 0x8000b0c2 (0x00aba233) slt     tp, s7, a0
core   0: 3 0x8000b0c2 (0x00aba233) x 4 0x00000000
core   0: 0x8000b0c6 (0x0094b9b3) sltu    s3, s1, s1
core   0: 3 0x8000b0c6 (0x0094b9b3) x19 0x00000000
core   0: 0x8000b0ca (0x029a1ab3) mulh    s5, s4, s1
core   0: 3 0x8000b0ca (0x029a1ab3) x21 0x00000000
core   0: 0x8000b0ce (0x02acec33) rem     s8, s9, a0
core   0: 3 0x8000b0ce (0x02acec33) x24 0xfffffb34
core   0: 0x8000b0d2 (0x466c4693) xori    a3, s8, 1126
core   0: 3 0x8000b0d2 (0x466c4693) x13 0xffffff52
core   0: 0x8000b0d6 (0x28913b13) sltiu   s6, sp, 649
core   0: 3 0x8000b0d6 (0x28913b13) x22 0x00000001
core   0: 0x8000b0da (0x01b641b3) xor     gp, a2, s11
core   0: 3 0x8000b0da (0x01b641b3) x 3 0x993d6c6b
core   0: 0x8000b0de (0x998b6e93) ori     t4, s6, -1640
core   0: 3 0x8000b0de (0x998b6e93) x29 0xfffff999
core   0: 0x8000b0e2 (0x02bb7963) bgeu    s6, a1, pc + 50
core   0: 3 0x8000b0e2 (0x02bb7963)
core   0: 0x8000b0e6 (0x0000ee95) c.bnez  a3, pc + 60
core   0: 3 0x8000b0e6 (0xee95)
core   0: 0x8000b122 (0x019a9393) slli    t2, s5, 25
core   0: 3 0x8000b122 (0x019a9393) x 7 0x00000000
core   0: 0x8000b126 (0x7dc26213) ori     tp, tp, 2012
core   0: 3 0x8000b126 (0x7dc26213) x 4 0x000007dc
core   0: 0x8000b12a (0x009bc263) blt     s7, s1, pc + 4
core   0: 3 0x8000b12a (0x009bc263)
core   0: 0x8000b12e (0x00000749) c.addi  a4, 18
core   0: 3 0x8000b12e (0x0749) x14 0xd2020012
core   0: 0x8000b130 (0x97cb7193) andi    gp, s6, -1668
core   0: 3 0x8000b130 (0x97cb7193) x 3 0x00000000
core   0: 0x8000b134 (0x00000001) c.nop
core   0: 3 0x8000b134 (0x0001)
core   0: 0x8000b136 (0x01c6dab3) srl     s5, a3, t3
core   0: 3 0x8000b136 (0x01c6dab3) x21 0xffffff52
core   0: 0x8000b13a (0x6f063513) sltiu   a0, a2, 1776
core   0: 3 0x8000b13a (0x6f063513) x10 0x00000000
core   0: 0x8000b13e (0x25c42413) slti    s0, s0, 604
core   0: 3 0x8000b13e (0x25c42413) x 8 0x00000001
core   0: 0x8000b142 (0x01bd9913) slli    s2, s11, 27
core   0: 3 0x8000b142 (0x01bd9913) x18 0xa0000000
core   0: 0x8000b146 (0x00000001) c.nop
core   0: 3 0x8000b146 (0x0001)
core   0: 0x8000b148 (0x009f47b3) xor     a5, t5, s1
core   0: 3 0x8000b148 (0x009f47b3) x15 0x00000001
core   0: 0x8000b14c (0x01534233) xor     tp, t1, s5
core   0: 3 0x8000b14c (0x01534233) x 4 0x7ffdd116
core   0: 0x8000b150 (0x008b1bb3) sll     s7, s6, s0
core   0: 3 0x8000b150 (0x008b1bb3) x23 0x00000002
core   0: 0x8000b154 (0x02830063) beq     t1, s0, pc + 32
core   0: 3 0x8000b154 (0x02830063)
core   0: 0x8000b158 (0x0000cc99) c.beqz  s1, pc + 30
core   0: 3 0x8000b158 (0xcc99)
core   0: 0x8000b176 (0x0000c3a1) c.beqz  a5, pc + 64
core   0: 3 0x8000b176 (0xc3a1)
core   0: 0x8000b178 (0x0203e163) bltu    t2, zero, pc + 34
core   0: 3 0x8000b178 (0x0203e163)
core   0: 0x8000b17c (0x00001790) c.addi4spn a2, sp, 992
core   0: 3 0x8000b17c (0x1790) x12 0x000003e0
core   0: 0x8000b17e (0x0000100f) fence.i
core   0: 3 0x8000b17e (0x0000100f)
core   0: 0x8000b182 (0x020cd7b3) divu    a5, s9, zero
core   0: 3 0x8000b182 (0x020cd7b3) x15 0xffffffff
core   0: 0x8000b186 (0x0066f763) bgeu    a3, t1, pc + 14
core   0: 3 0x8000b186 (0x0066f763)
core   0: 0x8000b194 (0x4088dcb3) sra     s9, a7, s0
core   0: 3 0x8000b194 (0x4088dcb3) x25 0x0000a8bf
core   0: 0x8000b198 (0x000088da) c.mv    a7, s6
core   0: 3 0x8000b198 (0x88da) x17 0x00000001
core   0: 0x8000b19a (0x00000880) c.addi4spn s0, sp, 80
core   0: 3 0x8000b19a (0x0880) x 8 0x00000050
core   0: 0x8000b19c (0x00537933) and     s2, t1, t0
core   0: 3 0x8000b19c (0x00537933) x18 0x80000000
core   0: 0x8000b1a0 (0x037ce233) rem     tp, s9, s7
core   0: 3 0x8000b1a0 (0x037ce233) x 4 0x00000001
core   0: 0x8000b1a4 (0x03c0a933) mulhsu  s2, ra, t3
core   0: 3 0x8000b1a4 (0x03c0a933) x18 0x00000000
core   0: 0x8000b1a8 (0x88c37f13) andi    t5, t1, -1908
core   0: 3 0x8000b1a8 (0x88c37f13) x30 0x80022804
core   0: 0x8000b1ac (0x00006459) c.lui   s0, 0x16
core   0: 3 0x8000b1ac (0x6459) x 8 0x00016000
core   0: 0x8000b1ae (0x02093f33) mulhu   t5, s2, zero
core   0: 3 0x8000b1ae (0x02093f33) x30 0x00000000
core   0: 0x8000b1b2 (0x0368fb63) bgeu    a7, s6, pc + 54
core   0: 3 0x8000b1b2 (0x0368fb63)
core   0: 0x8000b1e8 (0x02f2b3b3) mulhu   t2, t0, a5
core   0: 3 0x8000b1e8 (0x02f2b3b3) x 7 0x7fffffff
core   0: 0x8000b1ec (0x028c9133) mulh    sp, s9, s0
core   0: 3 0x8000b1ec (0x028c9133) x 2 0x00000000
core   0: 0x8000b1f0 (0x00000001) c.nop
core   0: 3 0x8000b1f0 (0x0001)
core   0: 0x8000b1f2 (0x00406f63) bltu    zero, tp, pc + 30
core   0: 3 0x8000b1f2 (0x00406f63)
core   0: 0x8000b210 (0x4133d8b3) sra     a7, t2, s3
core   0: 3 0x8000b210 (0x4133d8b3) x17 0x7fffffff
core   0: 0x8000b214 (0x00006169) c.addi16sp sp, 208
core   0: 3 0x8000b214 (0x6169) x 2 0x000000d0
core   0: 0x8000b216 (0x024830b3) mulhu   ra, a6, tp
core   0: 3 0x8000b216 (0x024830b3) x 1 0x00000000
core   0: 0x8000b21a (0x0d887913) andi    s2, a6, 216
core   0: 3 0x8000b21a (0x0d887913) x18 0x000000c0
core   0: 0x8000b21e (0x0000cf8d) c.beqz  a5, pc + 58
core   0: 3 0x8000b21e (0xcf8d)
core   0: 0x8000b220 (0x03979cb3) mulh    s9, a5, s9
core   0: 3 0x8000b220 (0x03979cb3) x25 0xffffffff
core   0: 0x8000b224 (0x023b8e33) mul     t3, s7, gp
core   0: 3 0x8000b224 (0x023b8e33) x28 0x00000000
core   0: 0x8000b228 (0x02c2d133) divu    sp, t0, a2
core   0: 3 0x8000b228 (0x02c2d133) x 2 0x00210842
core   0: 0x8000b22c (0x0cc80593) addi    a1, a6, 204
core   0: 3 0x8000b22c (0x0cc80593) x11 0x80026db0
core   0: 0x8000b230 (0x000002a6) c.slli  t0, 9
core   0: 3 0x8000b230 (0x02a6) x 5 0x00000000
core   0: 0x8000b232 (0x04e3e063) bltu    t2, a4, pc + 64
core   0: 3 0x8000b232 (0x04e3e063)
core   0: 0x8000b272 (0x02e1b133) mulhu   sp, gp, a4
core   0: 3 0x8000b272 (0x02e1b133) x 2 0x00000000
core   0: 0x8000b276 (0x009cf933) and     s2, s9, s1
core   0: 3 0x8000b276 (0x009cf933) x18 0x00000000
core   0: 0x8000b27a (0x0000e099) c.bnez  s1, pc + 6
core   0: 3 0x8000b27a (0xe099)
core   0: 0x8000b27c (0x0390ef63) bltu    ra, s9, pc + 62
core   0: 3 0x8000b27c (0x0390ef63)
core   0: 0x8000b2ba (0x0031bbb3) sltu    s7, gp, gp
core   0: 3 0x8000b2ba (0x0031bbb3) x23 0x00000000
core   0: 0x8000b2be (0x01bd8863) beq     s11, s11, pc + 16
core   0: 3 0x8000b2be (0x01bd8863)
core   0: 0x8000b2ce (0xbe73cd93) xori    s11, t2, -1049
core   0: 3 0x8000b2ce (0xbe73cd93) x27 0x80000418
core   0: 0x8000b2d2 (0x0982b113) sltiu   sp, t0, 152
core   0: 3 0x8000b2d2 (0x0982b113) x 2 0x00000001
core   0: 0x8000b2d6 (0x80ad2013) slti    zero, s10, -2038
core   0: 3 0x8000b2d6 (0x80ad2013)
core   0: 0x8000b2da (0x41655ab3) sra     s5, a0, s6
core   0: 3 0x8000b2da (0x41655ab3) x21 0x00000000
core   0: 0x8000b2de (0x008cd563) bge     s9, s0, pc + 10
core   0: 3 0x8000b2de (0x008cd563)
core   0: 0x8000b2e2 (0x000057fd) c.li    a5, -1
core   0: 3 0x8000b2e2 (0x57fd) x15 0xffffffff
core   0: 0x8000b2e4 (0x0026d133) srl     sp, a3, sp
core   0: 3 0x8000b2e4 (0x0026d133) x 2 0x7fffffa9
core   0: 0x8000b2e8 (0x008d08b3) add     a7, s10, s0
core   0: 3 0x8000b2e8 (0x008d08b3) x17 0x6bd12000
core   0: 0x8000b2ec (0x00009122) c.add   sp, s0
core   0: 3 0x8000b2ec (0x9122) x 2 0x80015fa9
core   0: 0x8000b2ee (0x00008612) c.mv    a2, tp
core   0: 3 0x8000b2ee (0x8612) x12 0x00000001
core   0: 0x8000b2f0 (0x40fd0f33) sub     t5, s10, a5
core   0: 3 0x8000b2f0 (0x40fd0f33) x30 0x6bcfc001
core   0: 0x8000b2f4 (0x0000e119) c.bnez  a0, pc + 6
core   0: 3 0x8000b2f4 (0xe119)
core   0: 0x8000b2f6 (0x41d6db13) srai    s6, a3, 29
core   0: 3 0x8000b2f6 (0x41d6db13) x22 0xffffffff
core   0: 0x8000b2fa (0x00689793) slli    a5, a7, 6
core   0: 3 0x8000b2fa (0x00689793) x15 0xf4480000
core   0: 0x8000b2fe (0x000087ed) c.srai  a5, 27
core   0: 3 0x8000b2fe (0x87ed) x15 0xfffffffe
core   0: 0x8000b300 (0xefffac13) slti    s8, t6, -257
core   0: 3 0x8000b300 (0xefffac13) x24 0x00000001
core   0: 0x8000b304 (0x0000e711) c.bnez  a4, pc + 12
core   0: 3 0x8000b304 (0xe711)
core   0: 0x8000b310 (0x000089fa) c.mv    s3, t5
core   0: 3 0x8000b310 (0x89fa) x19 0x6bcfc001
core   0: 0x8000b312 (0x036857b3) divu    a5, a6, s6
core   0: 3 0x8000b312 (0x036857b3) x15 0x00000000
core   0: 0x8000b316 (0x02028063) beqz    t0, pc + 32
core   0: 3 0x8000b316 (0x02028063)
core   0: 0x8000b336 (0x0a625437) lui     s0, 0xa625
core   0: 3 0x8000b336 (0x0a625437) x 8 0x0a625000
core   0: 0x8000b33a (0x00000001) c.nop
core   0: 3 0x8000b33a (0x0001)
core   0: 0x8000b33c (0xd3b458b7) lui     a7, 0xd3b45
core   0: 3 0x8000b33c (0xd3b458b7) x17 0xd3b45000
core   0: 0x8000b340 (0x0ff0000f) fence   iorw,iorw
core   0: 3 0x8000b340 (0x0ff0000f)
core   0: 0x8000b344 (0x00001d8c) c.addi4spn a1, sp, 752
core   0: 3 0x8000b344 (0x1d8c) x11 0x80016299
core   0: 0x8000b346 (0x00008a55) c.andi  a2, 21
core   0: 3 0x8000b346 (0x8a55) x12 0x00000001
core   0: 0x8000b348 (0x00fd2933) slt     s2, s10, a5
core   0: 3 0x8000b348 (0x00fd2933) x18 0x00000000
core   0: 0x8000b34c (0x0120e733) or      a4, ra, s2
core   0: 3 0x8000b34c (0x0120e733) x14 0x00000000
core   0: 0x8000b350 (0x98562213) slti    tp, a2, -1659
core   0: 3 0x8000b350 (0x98562213) x 4 0x00000000
core   0: 0x8000b354 (0x00008a4d) c.andi  a2, 19
core   0: 3 0x8000b354 (0x8a4d) x12 0x00000001
core   0: 0x8000b356 (0x03449cb3) mulh    s9, s1, s4
core   0: 3 0x8000b356 (0x03449cb3) x25 0x00000000
core   0: 0x8000b35a (0x01b14e33) xor     t3, sp, s11
core   0: 3 0x8000b35a (0x01b14e33) x28 0x00015bb1
core   0: 0x8000b35e (0x02fc1733) mulh    a4, s8, a5
core   0: 3 0x8000b35e (0x02fc1733) x14 0x00000000
core   0: 0x8000b362 (0x0202b133) mulhu   sp, t0, zero
core   0: 3 0x8000b362 (0x0202b133) x 2 0x00000000
core   0: 0x8000b366 (0x0f37f7b7) lui     a5, 0xf37f
core   0: 3 0x8000b366 (0x0f37f7b7) x15 0x0f37f000
core   0: 0x8000b36a (0x032f5db3) divu    s11, t5, s2
core   0: 3 0x8000b36a (0x032f5db3) x27 0xffffffff
core   0: 0x8000b36e (0x02147db3) remu    s11, s0, ra
core   0: 3 0x8000b36e (0x02147db3) x27 0x0a625000
core   0: 0x8000b372 (0x0000817d) c.srli  a0, 31
core   0: 3 0x8000b372 (0x817d) x10 0x00000000
core   0: 0x8000b374 (0x0000987d) c.andi  s0, -1
core   0: 3 0x8000b374 (0x987d) x 8 0x0a625000
core   0: 0x8000b376 (0x01c081b3) add     gp, ra, t3
core   0: 3 0x8000b376 (0x01c081b3) x 3 0x00015bb1
core   0: 0x8000b37a (0x00009ae2) c.add   s5, s8
core   0: 3 0x8000b37a (0x9ae2) x21 0x00000001
core   0: 0x8000b37c (0x036d0b63) beq     s10, s6, pc + 54
core   0: 3 0x8000b37c (0x036d0b63)
core   0: 0x8000b380 (0x973d6e37) lui     t3, 0x973d6
core   0: 3 0x8000b380 (0x973d6e37) x28 0x973d6000
core   0: 0x8000b384 (0x10bca393) slti    t2, s9, 267
core   0: 3 0x8000b384 (0x10bca393) x 7 0x00000001
core   0: 0x8000b388 (0x02f11763) bne     sp, a5, pc + 46
core   0: 3 0x8000b388 (0x02f11763)
core   0: 0x8000b3b6 (0x00001714) c.addi4spn a3, sp, 928
core   0: 3 0x8000b3b6 (0x1714) x13 0x000003a0
core   0: 0x8000b3b8 (0x00006959) c.lui   s2, 0x16
core   0: 3 0x8000b3b8 (0x6959) x18 0x00016000
core   0: 0x8000b3ba (0x000050fd) c.li    ra, -1
core   0: 3 0x8000b3ba (0x50fd) x 1 0xffffffff
core   0: 0x8000b3bc (0x0250e063) bltu    ra, t0, pc + 32
core   0: 3 0x8000b3bc (0x0250e063)
core   0: 0x8000b3c0 (0x01fa05b3) add     a1, s4, t6
core   0: 3 0x8000b3c0 (0x01fa05b3) x11 0x272ef25e
core   0: 0x8000b3c4 (0x9a5f8613) addi    a2, t6, -1627
core   0: 3 0x8000b3c4 (0x9a5f8613) x12 0x7ffff9a5
core   0: 0x8000b3c8 (0x00008351) c.srli  a4, 20
core   0: 3 0x8000b3c8 (0x8351) x14 0x00000000
core   0: 0x8000b3ca (0x01b126b3) slt     a3, sp, s11
core   0: 3 0x8000b3ca (0x01b126b3) x13 0x00000001
core   0: 0x8000b3ce (0x0000e401) c.bnez  s0, pc + 8
core   0: 3 0x8000b3ce (0xe401)
core   0: 0x8000b3d6 (0x00000001) c.nop
core   0: 3 0x8000b3d6 (0x0001)
core   0: 0x8000b3d8 (0x000d9b13) slli    s6, s11, 0
core   0: 3 0x8000b3d8 (0x000d9b13) x22 0x0a625000
core   0: 0x8000b3dc (0x00008d99) c.sub   a1, a4
core   0: 3 0x8000b3dc (0x8d99) x11 0x272ef25e
core   0: 0x8000b3de (0x001490b3) sll     ra, s1, ra
core   0: 3 0x8000b3de (0x001490b3) x 1 0x00000000
core   0: 0x8000b3e2 (0x000086d9) c.srai  a3, 22
core   0: 3 0x8000b3e2 (0x86d9) x13 0x00000000
core   0: 0x8000b3e4 (0x00f0e763) bltu    ra, a5, pc + 14
core   0: 3 0x8000b3e4 (0x00f0e763)
core   0: 0x8000b3f2 (0x00008afa) c.mv    s5, t5
core   0: 3 0x8000b3f2 (0x8afa) x21 0x6bcfc001
core   0: 0x8000b3f4 (0x00b5cb33) xor     s6, a1, a1
core   0: 3 0x8000b3f4 (0x00b5cb33) x22 0x00000000
core   0: 0x8000b3f8 (0x39acafb7) lui     t6, 0x39aca
core   0: 3 0x8000b3f8 (0x39acafb7) x31 0x39aca000
core   0: 0x8000b3fc (0x00737f63) bgeu    t1, t2, pc + 30
core   0: 3 0x8000b3fc (0x00737f63)
core   0: 0x8000b41a (0x40258433) sub     s0, a1, sp
core   0: 3 0x8000b41a (0x40258433) x 8 0x272ef25e
core   0: 0x8000b41e (0x000096ba) c.add   a3, a4
core   0: 3 0x8000b41e (0x96ba) x13 0x00000000
core   0: 0x8000b420 (0x03215bb3) divu    s7, sp, s2
core   0: 3 0x8000b420 (0x03215bb3) x23 0x00000000
core   0: 0x8000b424 (0x03156ab3) rem     s5, a0, a7
core   0: 3 0x8000b424 (0x03156ab3) x21 0x00000000
core   0: 0x8000b428 (0x00008c99) c.sub   s1, a4
core   0: 3 0x8000b428 (0x8c99) x 9 0x00000000
core   0: 0x8000b42a (0x00008e99) c.sub   a3, a4
core   0: 3 0x8000b42a (0x8e99) x13 0x00000000
core   0: 0x8000b42c (0x025e8263) beq     t4, t0, pc + 36
core   0: 3 0x8000b42c (0x025e8263)
core   0: 0x8000b430 (0x000083da) c.mv    t2, s6
core   0: 3 0x8000b430 (0x83da) x 7 0x00000000
core   0: 0x8000b432 (0x000084f2) c.mv    s1, t3
core   0: 3 0x8000b432 (0x84f2) x 9 0x973d6000
core   0: 0x8000b434 (0x00008ae1) c.andi  a3, 24
core   0: 3 0x8000b434 (0x8ae1) x13 0x00000000
core   0: 0x8000b436 (0x000092c2) c.add   t0, a6
core   0: 3 0x8000b436 (0x92c2) x 5 0x80026ce4
core   0: 0x8000b438 (0x02083cb3) mulhu   s9, a6, zero
core   0: 3 0x8000b438 (0x02083cb3) x25 0x00000000
core   0: 0x8000b43c (0x03b4ccb3) div     s9, s1, s11
core   0: 3 0x8000b43c (0x03b4ccb3) x25 0xfffffff6
core   0: 0x8000b440 (0x0000e009) c.bnez  s0, pc + 2
core   0: 3 0x8000b440 (0xe009)
core   0: 0x8000b442 (0x0000527d) c.li    tp, -1
core   0: 3 0x8000b442 (0x527d) x 4 0xffffffff
core   0: 0x8000b444 (0x0000cd9d) c.beqz  a1, pc + 62
core   0: 3 0x8000b444 (0xcd9d)
core   0: 0x8000b446 (0x02931163) bne     t1, s1, pc + 34
core   0: 3 0x8000b446 (0x02931163)
core   0: 0x8000b468 (0x9d447613) andi    a2, s0, -1580
core   0: 3 0x8000b468 (0x9d447613) x12 0x272ef054
core   0: 0x8000b46c (0x000084ad) c.srai  s1, 11
core   0: 3 0x8000b46c (0x84ad) x 9 0xfff2e7ac
core   0: 0x8000b46e (0x00008e79) c.and   a2, a4
core   0: 3 0x8000b46e (0x8e79) x12 0x00000000
core   0: 0x8000b470 (0x1e5a3113) sltiu   sp, s4, 485
core   0: 3 0x8000b470 (0x1e5a3113) x 2 0x00000000
core   0: 0x8000b474 (0x02e5ae33) mulhsu  t3, a1, a4
core   0: 3 0x8000b474 (0x02e5ae33) x28 0x00000000
core   0: 0x8000b478 (0x00006c15) c.lui   s8, 0x5
core   0: 3 0x8000b478 (0x6c15) x24 0x00005000
core   0: 0x8000b47a (0x013f49b3) xor     s3, t5, s3
core   0: 3 0x8000b47a (0x013f49b3) x19 0x00000000
core   0: 0x8000b47e (0x0418d463) bge     a7, ra, pc + 72
core   0: 3 0x8000b47e (0x0418d463)
core   0: 0x8000b482 (0x414bdf13) srai    t5, s7, 20
core   0: 3 0x8000b482 (0x414bdf13) x30 0x00000000
core   0: 0x8000b486 (0x40245893) srai    a7, s0, 2
core   0: 3 0x8000b486 (0x40245893) x17 0x09cbbc97
core   0: 0x8000b48a (0x0000e809) c.bnez  s0, pc + 18
core   0: 3 0x8000b48a (0xe809)
core   0: 0x8000b49c (0x031d4e63) blt     s10, a7, pc + 60
core   0: 3 0x8000b49c (0x031d4e63)
core   0: 0x8000b4a0 (0x00008e75) c.and   a2, a3
core   0: 3 0x8000b4a0 (0x8e75) x12 0x00000000
core   0: 0x8000b4a2 (0x01751113) slli    sp, a0, 23
core   0: 3 0x8000b4a2 (0x01751113) x 2 0x00000000
core   0: 0x8000b4a6 (0x00004e91) c.li    t4, 4
core   0: 3 0x8000b4a6 (0x4e91) x29 0x00000004
core   0: 0x8000b4a8 (0x03b0c1b3) div     gp, ra, s11
core   0: 3 0x8000b4a8 (0x03b0c1b3) x 3 0x00000000
core   0: 0x8000b4ac (0x41bdc397) auipc   t2, 0x41bdc
core   0: 3 0x8000b4ac (0x41bdc397) x 7 0xc1be74ac
core   0: 0x8000b4b0 (0x033e5d33) divu    s10, t3, s3
core   0: 3 0x8000b4b0 (0x033e5d33) x26 0xffffffff
core   0: 0x8000b4b4 (0x0041cd63) blt     gp, tp, pc + 26
core   0: 3 0x8000b4b4 (0x0041cd63)
core   0: 0x8000b4b8 (0x0000ce91) c.beqz  a3, pc + 28
core   0: 3 0x8000b4b8 (0xce91)
core   0: 0x8000b4d4 (0x00ec5a63) bge     s8, a4, pc + 20
core   0: 3 0x8000b4d4 (0x00ec5a63)
core   0: 0x8000b4e8 (0x00009bfd) c.andi  a5, -1
core   0: 3 0x8000b4e8 (0x9bfd) x15 0x0f37f000
core   0: 0x8000b4ea (0x0250de63) bge     ra, t0, pc + 60
core   0: 3 0x8000b4ea (0x0250de63)
core   0: 0x8000b526 (0x0000843d) c.srai  s0, 15
core   0: 3 0x8000b526 (0x843d) x 8 0x00004e5d
core   0: 0x8000b528 (0x0ff0000f) fence   iorw,iorw
core   0: 3 0x8000b528 (0x0ff0000f)
core   0: 0x8000b52c (0x0000100f) fence.i
core   0: 3 0x8000b52c (0x0000100f)
core   0: 0x8000b530 (0x00006171) c.addi16sp sp, 336
core   0: 3 0x8000b530 (0x6171) x 2 0x00000150
core   0: 0x8000b532 (0x014d30b3) sltu    ra, s10, s4
core   0: 3 0x8000b532 (0x014d30b3) x 1 0x00000000
core   0: 0x8000b536 (0x01b6cd33) xor     s10, a3, s11
core   0: 3 0x8000b536 (0x01b6cd33) x26 0x0a625000
core   0: 0x8000b53a (0x00006645) c.lui   a2, 0x11
core   0: 3 0x8000b53a (0x6645) x12 0x00011000
core   0: 0x8000b53c (0x000083d1) c.srli  a5, 20
core   0: 3 0x8000b53c (0x83d1) x15 0x000000f3
core   0: 0x8000b53e (0x00000001) c.nop
core   0: 3 0x8000b53e (0x0001)
core   0: 0x8000b540 (0x00000001) c.nop
core   0: 3 0x8000b540 (0x0001)
core   0: 0x8000b542 (0x00000e98) c.addi4spn a4, sp, 848
core   0: 3 0x8000b542 (0x0e98) x14 0x000004a0
core   0: 0x8000b544 (0x3dd53713) sltiu   a4, a0, 989
core   0: 3 0x8000b544 (0x3dd53713) x14 0x00000001
core   0: 0x8000b548 (0x0329f1b3) remu    gp, s3, s2
core   0: 3 0x8000b548 (0x0329f1b3) x 3 0x00000000
core   0: 0x8000b54c (0x00008f8d) c.sub   a5, a1
core   0: 3 0x8000b54c (0x8f8d) x15 0xd8d10e95
core   0: 0x8000b54e (0x403f83b3) sub     t2, t6, gp
core   0: 3 0x8000b54e (0x403f83b3) x 7 0x39aca000
core   0: 0x8000b552 (0x039f4cb3) div     s9, t5, s9
core   0: 3 0x8000b552 (0x039f4cb3) x25 0x00000000
core   0: 0x8000b556 (0x007bfb33) and     s6, s7, t2
core   0: 3 0x8000b556 (0x007bfb33) x22 0x00000000
core   0: 0x8000b55a (0x0377ae33) mulhsu  t3, a5, s7
core   0: 3 0x8000b55a (0x0377ae33) x28 0x00000000
core   0: 0x8000b55e (0xfa4aa713) slti    a4, s5, -92
core   0: 3 0x8000b55e (0xfa4aa713) x14 0x00000000
core   0: 0x8000b562 (0x27142713) slti    a4, s0, 625
core   0: 3 0x8000b562 (0x27142713) x14 0x00000000
core   0: 0x8000b566 (0x00541e13) slli    t3, s0, 5
core   0: 3 0x8000b566 (0x00541e13) x28 0x0009cba0
core   0: 0x8000b56a (0x03974db3) div     s11, a4, s9
core   0: 3 0x8000b56a (0x03974db3) x27 0xffffffff
core   0: 0x8000b56e (0x00008e19) c.sub   a2, a4
core   0: 3 0x8000b56e (0x8e19) x12 0x00011000
core   0: 0x8000b570 (0x0000947a) c.add   s0, t5
core   0: 3 0x8000b570 (0x947a) x 8 0x00004e5d
core   0: 0x8000b572 (0x0000100f) fence.i
core   0: 3 0x8000b572 (0x0000100f)
core   0: 0x8000b576 (0x03ff9eb3) mulh    t4, t6, t6
core   0: 3 0x8000b576 (0x03ff9eb3) x29 0x0cfe53a7
core   0: 0x8000b57a (0x0070d533) srl     a0, ra, t2
core   0: 3 0x8000b57a (0x0070d533) x10 0x00000000
core   0: 0x8000b57e (0x013d9c13) slli    s8, s11, 19
core   0: 3 0x8000b57e (0x013d9c13) x24 0xfff80000
core   0: 0x8000b582 (0x03f4f633) remu    a2, s1, t6
core   0: 3 0x8000b582 (0x03f4f633) x12 0x194067ac
core   0: 0x8000b586 (0x0427f063) bgeu    a5, sp, pc + 64
core   0: 3 0x8000b586 (0x0427f063)
core   0: 0x8000b5c6 (0x00001098) c.addi4spn a4, sp, 96
core   0: 3 0x8000b5c6 (0x1098) x14 0x000001b0
core   0: 0x8000b5c8 (0x025bf733) remu    a4, s7, t0
core   0: 3 0x8000b5c8 (0x025bf733) x14 0x00000000
core   0: 0x8000b5cc (0x0ff0000f) fence   iorw,iorw
core   0: 3 0x8000b5cc (0x0ff0000f)
core   0: 0x8000b5d0 (0x01b84d63) blt     a6, s11, pc + 26
core   0: 3 0x8000b5d0 (0x01b84d63)
core   0: 0x8000b5ea (0x01745533) srl     a0, s0, s7
core   0: 3 0x8000b5ea (0x01745533) x10 0x00004e5d
core   0: 0x8000b5ee (0x72b8c113) xori    sp, a7, 1835
core   0: 3 0x8000b5ee (0x72b8c113) x 2 0x09cbbbbc
core   0: 0x8000b5f2 (0x000093ae) c.add   t2, a1
core   0: 3 0x8000b5f2 (0x93ae) x 7 0x60db925e
core   0: 0x8000b5f4 (0x0000cd9d) c.beqz  a1, pc + 62
core   0: 3 0x8000b5f4 (0xcd9d)
core   0: 0x8000b5f6 (0x4122d9b3) sra     s3, t0, s2
core   0: 3 0x8000b5f6 (0x4122d9b3) x19 0x80026ce4
core   0: 0x8000b5fa (0x00008cbd) c.xor   s1, a5
core   0: 3 0x8000b5fa (0x8cbd) x 9 0x2723e939
core   0: 0x8000b5fc (0x0022b1b3) sltu    gp, t0, sp
core   0: 3 0x8000b5fc (0x0022b1b3) x 3 0x00000000
core   0: 0x8000b600 (0x25976293) ori     t0, a4, 601
core   0: 3 0x8000b600 (0x25976293) x 5 0x00000259
core   0: 0x8000b604 (0x00006dad) c.lui   s11, 0xb
core   0: 3 0x8000b604 (0x6dad) x27 0x0000b000
core   0: 0x8000b606 (0x02e4fe33) remu    t3, s1, a4
core   0: 3 0x8000b606 (0x02e4fe33) x28 0x2723e939
core   0: 0x8000b60a (0x0114dab3) srl     s5, s1, a7
core   0: 3 0x8000b60a (0x0114dab3) x21 0x0000004e
core   0: 0x8000b60e (0x017e2933) slt     s2, t3, s7
core   0: 3 0x8000b60e (0x017e2933) x18 0x00000000
core   0: 0x8000b612 (0x02f05b33) divu    s6, zero, a5
core   0: 3 0x8000b612 (0x02f05b33) x22 0x00000000
core   0: 0x8000b616 (0x02bf19b3) mulh    s3, t5, a1
core   0: 3 0x8000b616 (0x02bf19b3) x19 0x00000000
core   0: 0x8000b61a (0x000045ad) c.li    a1, 11
core   0: 3 0x8000b61a (0x45ad) x11 0x0000000b
core   0: 0x8000b61c (0x8d91a893) slti    a7, gp, -1831
core   0: 3 0x8000b61c (0x8d91a893) x17 0x00000000
core   0: 0x8000b620 (0x0000ee91) c.bnez  a3, pc + 28
core   0: 3 0x8000b620 (0xee91)
core   0: 0x8000b622 (0xa5cf2693) slti    a3, t5, -1444
core   0: 3 0x8000b622 (0xa5cf2693) x13 0x00000000
core   0: 0x8000b626 (0x0000e215) c.bnez  a2, pc + 36
core   0: 3 0x8000b626 (0xe215)
core   0: 0x8000b64a (0x00000001) c.nop
core   0: 3 0x8000b64a (0x0001)
core   0: 0x8000b64c (0x035dd9b3) divu    s3, s11, s5
core   0: 3 0x8000b64c (0x035dd9b3) x19 0x00000241
core   0: 0x8000b650 (0x03d74433) div     s0, a4, t4
core   0: 3 0x8000b650 (0x03d74433) x 8 0x00000000
core   0: 0x8000b654 (0x016c29b3) slt     s3, s8, s6
core   0: 3 0x8000b654 (0x016c29b3) x19 0x00000001
core   0: 0x8000b658 (0x0000820e) c.mv    tp, gp
core   0: 3 0x8000b658 (0x820e) x 4 0x00000000
core   0: 0x8000b65a (0x008ea7b3) slt     a5, t4, s0
core   0: 3 0x8000b65a (0x008ea7b3) x15 0x00000000
core   0: 0x8000b65e (0x013f9263) bne     t6, s3, pc + 4
core   0: 3 0x8000b65e (0x013f9263)
core   0: 0x8000b662 (0xe5203897) auipc   a7, 0xe5203
core   0: 3 0x8000b662 (0xe5203897) x17 0x6520e662
core   0: 0x8000b666 (0x02dd38b3) mulhu   a7, s10, a3
core   0: 3 0x8000b666 (0x02dd38b3) x17 0x00000000
core   0: 0x8000b66a (0x7c438113) addi    sp, t2, 1988
core   0: 3 0x8000b66a (0x7c438113) x 2 0x60db9a22
core   0: 0x8000b66e (0x94563913) sltiu   s2, a2, -1723
core   0: 3 0x8000b66e (0x94563913) x18 0x00000001
core   0: 0x8000b672 (0x02fb82b3) mul     t0, s7, a5
core   0: 3 0x8000b672 (0x02fb82b3) x 5 0x00000000
core   0: 0x8000b676 (0x00008d0e) c.mv    s10, gp
core   0: 3 0x8000b676 (0x8d0e) x26 0x00000000
core   0: 0x8000b678 (0x00008d4d) c.or    a0, a1
core   0: 3 0x8000b678 (0x8d4d) x10 0x00004e5f
core   0: 0x8000b67a (0xba3f6413) ori     s0, t5, -1117
core   0: 3 0x8000b67a (0xba3f6413) x 8 0xfffffba3
core   0: 0x8000b67e (0xa7df8413) addi    s0, t6, -1411
core   0: 3 0x8000b67e (0xa7df8413) x 8 0x39ac9a7d
core   0: 0x8000b682 (0xd1f06f93) ori     t6, zero, -737
core   0: 3 0x8000b682 (0xd1f06f93) x31 0xfffffd1f
core   0: 0x8000b686 (0xffab0893) addi    a7, s6, -6
core   0: 3 0x8000b686 (0xffab0893) x17 0xfffffffa
core   0: 0x8000b68a (0x6345c613) xori    a2, a1, 1588
core   0: 3 0x8000b68a (0x6345c613) x12 0x0000063f
core   0: 0x8000b68e (0x00008e41) c.or    a2, s0
core   0: 3 0x8000b68e (0x8e41) x12 0x39ac9e7f
core   0: 0x8000b690 (0x001f7233) and     tp, t5, ra
core   0: 3 0x8000b690 (0x001f7233) x 4 0x00000000
core   0: 0x8000b694 (0x40385613) srai    a2, a6, 3
core   0: 3 0x8000b694 (0x40385613) x12 0xf0004d9c
core   0: 0x8000b698 (0x003b1133) sll     sp, s6, gp
core   0: 3 0x8000b698 (0x003b1133) x 2 0x00000000
core   0: 0x8000b69c (0x00009c66) c.add   s8, s9
core   0: 3 0x8000b69c (0x9c66) x24 0xfff80000
core   0: 0x8000b69e (0x0106fd63) bgeu    a3, a6, pc + 26
core   0: 3 0x8000b69e (0x0106fd63)
core   0: 0x8000b6a2 (0x0311cd63) blt     gp, a7, pc + 58
core   0: 3 0x8000b6a2 (0x0311cd63)
core   0: 0x8000b6a6 (0x014fb7b3) sltu    a5, t6, s4
core   0: 3 0x8000b6a6 (0x014fb7b3) x15 0x00000000
core   0: 0x8000b6aa (0x01a453b3) srl     t2, s0, s10
core   0: 3 0x8000b6aa (0x01a453b3) x 7 0x39ac9a7d
core   0: 0x8000b6ae (0xece20e93) addi    t4, tp, -306
core   0: 3 0x8000b6ae (0xece20e93) x29 0xfffffece
core   0: 0x8000b6b2 (0x0000896e) c.mv    s2, s11
core   0: 3 0x8000b6b2 (0x896e) x18 0x0000b000
core   0: 0x8000b6b4 (0x03744eb3) div     t4, s0, s7
core   0: 3 0x8000b6b4 (0x03744eb3) x29 0xffffffff
core   0: 0x8000b6b8 (0x00008375) c.srli  a4, 29
core   0: 3 0x8000b6b8 (0x8375) x14 0x00000000
core   0: 0x8000b6ba (0xfc85bb13) sltiu   s6, a1, -56
core   0: 3 0x8000b6ba (0xfc85bb13) x22 0x00000001
core   0: 0x8000b6be (0x521d7f93) andi    t6, s10, 1313
core   0: 3 0x8000b6be (0x521d7f93) x31 0x00000000
core   0: 0x8000b6c2 (0x00008e91) c.sub   a3, a2
core   0: 3 0x8000b6c2 (0x8e91) x13 0x0fffb264
core   0: 0x8000b6c4 (0x00c0f563) bgeu    ra, a2, pc + 10
core   0: 3 0x8000b6c4 (0x00c0f563)
core   0: 0x8000b6c8 (0x02c95933) divu    s2, s2, a2
core   0: 3 0x8000b6c8 (0x02c95933) x18 0x00000000
core   0: 0x8000b6cc (0x00009b7d) c.andi  a4, -1
core   0: 3 0x8000b6cc (0x9b7d) x14 0x00000000
core   0: 0x8000b6ce (0x01aedcb3) srl     s9, t4, s10
core   0: 3 0x8000b6ce (0x01aedcb3) x25 0xffffffff
core   0: 0x8000b6d2 (0x40d8d693) srai    a3, a7, 13
core   0: 3 0x8000b6d2 (0x40d8d693) x13 0xffffffff
core   0: 0x8000b6d6 (0x0000717d) c.addi16sp sp, -16
core   0: 3 0x8000b6d6 (0x717d) x 2 0xfffffff0
core   0: 0x8000b6d8 (0xeb685b37) lui     s6, 0xeb685
core   0: 3 0x8000b6d8 (0xeb685b37) x22 0xeb685000
core   0: 0x8000b6dc (0x0000997d) c.andi  a0, -1
core   0: 3 0x8000b6dc (0x997d) x10 0x00004e5f
core   0: 0x8000b6de (0x40f2d7b3) sra     a5, t0, a5
core   0: 3 0x8000b6de (0x40f2d7b3) x15 0x00000000
core   0: 0x8000b6e2 (0x03bcbcb3) mulhu   s9, s9, s11
core   0: 3 0x8000b6e2 (0x03bcbcb3) x25 0x0000afff
core   0: 0x8000b6e6 (0x03d1d4b3) divu    s1, gp, t4
core   0: 3 0x8000b6e6 (0x03d1d4b3) x 9 0x00000000
core   0: 0x8000b6ea (0x00000001) c.nop
core   0: 3 0x8000b6ea (0x0001)
core   0: 0x8000b6ec (0x00000001) c.nop
core   0: 3 0x8000b6ec (0x0001)
core   0: 0x8000b6ee (0x00008f72) c.mv    t5, t3
core   0: 3 0x8000b6ee (0x8f72) x30 0x2723e939
core   0: 0x8000b6f0 (0x0ff0000f) fence   iorw,iorw
core   0: 3 0x8000b6f0 (0x0ff0000f)
core   0: 0x8000b6f4 (0x024f4633) div     a2, t5, tp
core   0: 3 0x8000b6f4 (0x024f4633) x12 0xffffffff
core   0: 0x8000b6f8 (0x00008db5) c.xor   a1, a3
core   0: 3 0x8000b6f8 (0x8db5) x11 0xfffffff4
core   0: 0x8000b6fa (0x0ff0000f) fence   iorw,iorw
core   0: 3 0x8000b6fa (0x0ff0000f)
core   0: 0x8000b6fe (0x00006111) c.addi16sp sp, 256
core   0: 3 0x8000b6fe (0x6111) x 2 0x000000f0
core   0: 0x8000b700 (0x00668263) beq     a3, t1, pc + 4
core   0: 3 0x8000b700 (0x00668263)
core   0: 0x8000b704 (0x029acb63) blt     s5, s1, pc + 54
core   0: 3 0x8000b704 (0x029acb63)
core   0: 0x8000b708 (0x0a816563) bltu    sp, s0, pc + 170
core   0: 3 0x8000b708 (0x0a816563)
core   0: 0x8000b7b2 (0x03d06163) bltu    zero, t4, pc + 34
core   0: 3 0x8000b7b2 (0x03d06163)
core   0: 0x8000b7d4 (0x000095ba) c.add   a1, a4
core   0: 3 0x8000b7d4 (0x95ba) x11 0xfffffff4
core   0: 0x8000b7d6 (0x00000001) c.nop
core   0: 3 0x8000b7d6 (0x0001)
core   0: 0x8000b7d8 (0x41040bb3) sub     s7, s0, a6
core   0: 3 0x8000b7d8 (0x41040bb3) x23 0xb9aa2d99
core   0: 0x8000b7dc (0x00008741) c.srai  a4, 16
core   0: 3 0x8000b7dc (0x8741) x14 0x00000000
core   0: 0x8000b7de (0x0000855d) c.srai  a0, 23
core   0: 3 0x8000b7de (0x855d) x10 0x00000000
core   0: 0x8000b7e0 (0x00008232) c.mv    tp, a2
core   0: 3 0x8000b7e0 (0x8232) x 4 0xffffffff
core   0: 0x8000b7e2 (0x00008215) c.srli  a2, 5
core   0: 3 0x8000b7e2 (0x8215) x12 0x07ffffff
core   0: 0x8000b7e4 (0x025d1733) mulh    a4, s10, t0
core   0: 3 0x8000b7e4 (0x025d1733) x14 0x00000000
core   0: 0x8000b7e8 (0x010b1393) slli    t2, s6, 16
core   0: 3 0x8000b7e8 (0x010b1393) x 7 0x50000000
core   0: 0x8000b7ec (0x412ddd93) srai    s11, s11, 18
core   0: 3 0x8000b7ec (0x412ddd93) x27 0x00000000
core   0: 0x8000b7f0 (0x00a00513) li      a0, 10
core   0: 3 0x8000b7f0 (0x00a00513) x10 0x0000000a
core   0: 0x8000b7f4 (0x00a00d13) li      s10, 10
core   0: 3 0x8000b7f4 (0x00a00d13) x26 0x0000000a
core   0: 0x8000b7f8 (0x00cca633) slt     a2, s9, a2
core   0: 3 0x8000b7f8 (0x00cca633) x12 0x00000001
core   0: 0x8000b7fc (0x00001575) c.addi  a0, -3
core   0: 3 0x8000b7fc (0x1575) x10 0x00000007
core   0: 0x8000b7fe (0x00700413) li      s0, 7
core   0: 3 0x8000b7fe (0x00700413) x 8 0x00000007
core   0: 0x8000b802 (0x00700793) li      a5, 7
core   0: 3 0x8000b802 (0x00700793) x15 0x00000007
core   0: 0x8000b806 (0x6454fc93) andi    s9, s1, 1605
core   0: 3 0x8000b806 (0x6454fc93) x25 0x00000000
core   0: 0x8000b80a (0x000003b1) c.addi  t2, 12
core   0: 3 0x8000b80a (0x03b1) x 7 0x5000000c
core   0: 0x8000b80c (0x02ba7233) remu    tp, s4, a1
core   0: 3 0x8000b80c (0x02ba7233) x 4 0xa72ef25e
core   0: 0x8000b810 (0x00001475) c.addi  s0, -3
core   0: 3 0x8000b810 (0x1475) x 8 0x00000004
core   0: 0x8000b812 (0xfef47ae3) bgeu    s0, a5, pc - 12
core   0: 3 0x8000b812 (0xfef47ae3)
core   0: 0x8000b816 (0x400d5cb3) sra     s9, s10, zero
core   0: 3 0x8000b816 (0x400d5cb3) x25 0x0000000a
core   0: 0x8000b81a (0xfda57fe3) bgeu    a0, s10, pc - 34
core   0: 3 0x8000b81a (0xfda57fe3)
core   0: 0x8000b81e (0x0361f8b3) remu    a7, gp, s6
core   0: 3 0x8000b81e (0x0361f8b3) x17 0x00000000
core   0: 0x8000b822 (0x00000001) c.nop
core   0: 3 0x8000b822 (0x0001)
core   0: 0x8000b824 (0x00432083) lw      ra, 4(t1)
core   0: 3 0x8000b824 (0x00432083) x 1 0x80002ee8 mem 0x80022e48
core   0: 0x8000b828 (0x02ed4133) div     sp, s10, a4
core   0: 3 0x8000b828 (0x02ed4133) x 2 0xffffffff
core   0: 0x8000b82c (0x02030313) addi    t1, t1, 32
core   0: 3 0x8000b82c (0x02030313) x 6 0x80022e64
core   0: 0x8000b830 (0x03af4933) div     s2, t5, s10
core   0: 3 0x8000b830 (0x03af4933) x18 0x03e9fdb8
core   0: 0x8000b834 (0x009019b3) sll     s3, zero, s1
core   0: 3 0x8000b834 (0x009019b3) x19 0x00000000
core   0: 0x8000b838 (0x00008f13) mv      t5, ra
core   0: 3 0x8000b838 (0x00008f13) x30 0x80002ee8
core   0: 0x8000b83c (0x000f0f67) jalr    t5, t5, 0
core   0: 3 0x8000b83c (0x000f0f67) x30 0x8000b840
core   0: 0x80002ee8 (0x02775ab3) divu    s5, a4, t2
core   0: 3 0x80002ee8 (0x02775ab3) x21 0x00000000
core   0: 0x80002eec (0x02b9e663) bltu    s3, a1, pc + 44
core   0: 3 0x80002eec (0x02b9e663)
core   0: 0x80002f18 (0x004406b3) add     a3, s0, tp
core   0: 3 0x80002f18 (0x004406b3) x13 0xa72ef262
core   0: 0x80002f1c (0x018bad33) slt     s10, s7, s8
core   0: 3 0x80002f1c (0x018bad33) x26 0x00000001
core   0: 0x80002f20 (0x024c0233) mul     tp, s8, tp
core   0: 3 0x80002f20 (0x024c0233) x 4 0x6d100000
core   0: 0x80002f24 (0x0281ad33) mulhsu  s10, gp, s0
core   0: 3 0x80002f24 (0x0281ad33) x26 0x00000000
core   0: 0x80002f28 (0x8829e393) ori     t2, s3, -1918
core   0: 3 0x80002f28 (0x8829e393) x 7 0xfffff882
core   0: 0x80002f2c (0x029b76b3) remu    a3, s6, s1
core   0: 3 0x80002f2c (0x029b76b3) x13 0xeb685000
core   0: 0x80002f30 (0x0348a433) mulhsu  s0, a7, s4
core   0: 3 0x80002f30 (0x0348a433) x 8 0x00000000
core   0: 0x80002f34 (0x0000717d) c.addi16sp sp, -16
core   0: 3 0x80002f34 (0x717d) x 2 0xffffffef
core   0: 0x80002f36 (0x0f71af93) slti    t6, gp, 247
core   0: 3 0x80002f36 (0x0f71af93) x31 0x00000001
core   0: 0x80002f3a (0x00008c4a) c.mv    s8, s2
core   0: 3 0x80002f3a (0x8c4a) x24 0x03e9fdb8
core   0: 0x80002f3c (0x01c3de63) bge     t2, t3, pc + 28
core   0: 3 0x80002f3c (0x01c3de63)
core   0: 0x80002f40 (0xfd877b93) andi    s7, a4, -40
core   0: 3 0x80002f40 (0xfd877b93) x23 0x00000000
core   0: 0x80002f44 (0x02d02933) mulhsu  s2, zero, a3
core   0: 3 0x80002f44 (0x02d02933) x18 0x00000000
core   0: 0x80002f48 (0x03f86433) rem     s0, a6, t6
core   0: 3 0x80002f48 (0x03f86433) x 8 0x00000000
core   0: 0x80002f4c (0x0000e391) c.bnez  a5, pc + 4
core   0: 3 0x80002f4c (0xe391)
core   0: 0x80002f50 (0x015106b3) add     a3, sp, s5
core   0: 3 0x80002f50 (0x015106b3) x13 0xffffffef
core   0: 0x80002f54 (0x2ce76613) ori     a2, a4, 718
core   0: 3 0x80002f54 (0x2ce76613) x12 0x000002ce
core   0: 0x80002f58 (0xc5cabe13) sltiu   t3, s5, -932
core   0: 3 0x80002f58 (0xc5cabe13) x28 0x00000001
core   0: 0x80002f5c (0x4041d293) srai    t0, gp, 4
core   0: 3 0x80002f5c (0x4041d293) x 5 0x00000000
core   0: 0x80002f60 (0x0000890e) c.mv    s2, gp
core   0: 3 0x80002f60 (0x890e) x18 0x00000000
core   0: 0x80002f62 (0x00009206) c.add   tp, ra
core   0: 3 0x80002f62 (0x9206) x 4 0xed102ee8
core   0: 0x80002f64 (0x00ff7fb3) and     t6, t5, a5
core   0: 3 0x80002f64 (0x00ff7fb3) x31 0x00000000
core   0: 0x80002f68 (0xc5193c93) sltiu   s9, s2, -943
core   0: 3 0x80002f68 (0xc5193c93) x25 0x00000001
core   0: 0x80002f6c (0x00000796) c.slli  a5, 5
core   0: 3 0x80002f6c (0x0796) x15 0x000000e0
core   0: 0x80002f6e (0x41935433) sra     s0, t1, s9
core   0: 3 0x80002f6e (0x41935433) x 8 0xc0011732
core   0: 0x80002f72 (0x000061a1) c.lui   gp, 0x8
core   0: 3 0x80002f72 (0x61a1) x 3 0x00008000
core   0: 0x80002f74 (0x0036d913) srli    s2, a3, 3
core   0: 3 0x80002f74 (0x0036d913) x18 0x1ffffffd
core   0: 0x80002f78 (0x00005f7d) c.li    t5, -1
core   0: 3 0x80002f78 (0x5f7d) x30 0xffffffff
core   0: 0x80002f7a (0xdd198893) addi    a7, s3, -559
core   0: 3 0x80002f7a (0xdd198893) x17 0xfffffdd1
core   0: 0x80002f7e (0x80546117) auipc   sp, 0x80546
core   0: 3 0x80002f7e (0x80546117) x 2 0x00548f7e
core   0: 0x80002f82 (0xbc7c8413) addi    s0, s9, -1081
core   0: 3 0x80002f82 (0xbc7c8413) x 8 0xfffffbc8
core   0: 0x80002f86 (0x00000001) c.nop
core   0: 3 0x80002f86 (0x0001)
core   0: 0x80002f88 (0x41205c93) srai    s9, zero, 18
core   0: 3 0x80002f88 (0x41205c93) x25 0x00000000
core   0: 0x80002f8c (0x005a74b3) and     s1, s4, t0
core   0: 3 0x80002f8c (0x005a74b3) x 9 0x00000000
core   0: 0x80002f90 (0x00000001) c.nop
core   0: 3 0x80002f90 (0x0001)
core   0: 0x80002f92 (0x03991263) bne     s2, s9, pc + 36
core   0: 3 0x80002f92 (0x03991263)
core   0: 0x80002fb6 (0x0ff0000f) fence   iorw,iorw
core   0: 3 0x80002fb6 (0x0ff0000f)
core   0: 0x80002fba (0x025f6cb3) rem     s9, t5, t0
core   0: 3 0x80002fba (0x025f6cb3) x25 0xffffffff
core   0: 0x80002fbe (0x0242c933) div     s2, t0, tp
core   0: 3 0x80002fbe (0x0242c933) x18 0x00000000
core   0: 0x80002fc2 (0x02d1a8b3) mulhsu  a7, gp, a3
core   0: 3 0x80002fc2 (0x02d1a8b3) x17 0x00007fff
core   0: 0x80002fc6 (0x01824793) xori    a5, tp, 24
core   0: 3 0x80002fc6 (0x01824793) x15 0xed102ef0
core   0: 0x80002fca (0x03044c33) div     s8, s0, a6
core   0: 3 0x80002fca (0x03044c33) x24 0x00000000
core   0: 0x80002fce (0x03c84433) div     s0, a6, t3
core   0: 3 0x80002fce (0x03c84433) x 8 0x80026ce4
core   0: 0x80002fd2 (0x000011fd) c.addi  gp, -1
core   0: 3 0x80002fd2 (0x11fd) x 3 0x00007fff
core   0: 0x80002fd4 (0x02be93b3) mulh    t2, t4, a1
core   0: 3 0x80002fd4 (0x02be93b3) x 7 0x00000000
core   0: 0x80002fd8 (0x3c46e513) ori     a0, a3, 964
core   0: 3 0x80002fd8 (0x3c46e513) x10 0xffffffef
core   0: 0x80002fdc (0x0000100f) fence.i
core   0: 3 0x80002fdc (0x0000100f)
core   0: 0x80002fe0 (0x039d1863) bne     s10, s9, pc + 48
core   0: 3 0x80002fe0 (0x039d1863)
core   0: 0x80003010 (0x40535893) srai    a7, t1, 5
core   0: 3 0x80003010 (0x40535893) x17 0xfc001173
core   0: 0x80003014 (0x019ef563) bgeu    t4, s9, pc + 10
core   0: 3 0x80003014 (0x019ef563)
core   0: 0x8000301e (0xeabb4e13) xori    t3, s6, -341
core   0: 3 0x8000301e (0xeabb4e13) x28 0x1497aeab
core   0: 0x80003022 (0x00a00c93) li      s9, 10
core   0: 3 0x80003022 (0x00a00c93) x25 0x0000000a
core   0: 0x80003026 (0x01f48eb3) add     t4, s1, t6
core   0: 3 0x80003026 (0x01f48eb3) x29 0x00000000
core   0: 0x8000302a (0x00008da1) c.xor   a1, s0
core   0: 3 0x8000302a (0x8da1) x11 0x7ffd9310
core   0: 0x8000302c (0x00001d10) c.addi4spn a2, sp, 688
core   0: 3 0x8000302c (0x1d10) x12 0x0054922e
core   0: 0x8000302e (0x022574b3) remu    s1, a0, sp
core   0: 3 0x8000302e (0x022574b3) x 9 0x0001997d
core   0: 0x80003032 (0x00009e5a) c.add   t3, s6
core   0: 3 0x80003032 (0x9e5a) x28 0xfffffeab
core   0: 0x80003034 (0x03b00633) mul     a2, zero, s11
core   0: 3 0x80003034 (0x03b00633) x12 0x00000000
core   0: 0x80003038 (0x0000072a) c.slli  a4, 10
core   0: 3 0x80003038 (0x072a) x14 0x00000000
core   0: 0x8000303a (0x7d5b2f13) slti    t5, s6, 2005
core   0: 3 0x8000303a (0x7d5b2f13) x30 0x00000001
core   0: 0x8000303e (0x405e54b3) sra     s1, t3, t0
core   0: 3 0x8000303e (0x405e54b3) x 9 0xfffffeab
core   0: 0x80003042 (0x49bc3d13) sltiu   s10, s8, 1179
core   0: 3 0x80003042 (0x49bc3d13) x26 0x00000001
core   0: 0x80003046 (0x00900393) li      t2, 9
core   0: 3 0x80003046 (0x00900393) x 7 0x00000009
core   0: 0x8000304a (0xfa323893) sltiu   a7, tp, -93
core   0: 3 0x8000304a (0xfa323893) x17 0x00000001
core   0: 0x8000304e (0x00001ce5) c.addi  s9, -7
core   0: 3 0x8000304e (0x1ce5) x25 0x00000003
core   0: 0x80003050 (0x00000001) c.nop
core   0: 3 0x80003050 (0x0001)
core   0: 0x80003052 (0x00008e55) c.or    a2, a3
core   0: 3 0x80003052 (0x8e55) x12 0xffffffef
core   0: 0x80003054 (0x0336d033) divu    zero, a3, s3
core   0: 3 0x80003054 (0x0336d033)
core   0: 0x80003058 (0xff600513) li      a0, -10
core   0: 3 0x80003058 (0xff600513) x10 0xfffffff6
core   0: 0x8000305c (0x409a5033) sra     zero, s4, s1
core   0: 3 0x8000305c (0x409a5033)
core   0: 0x80003060 (0x01cd1f13) slli    t5, s10, 28
core   0: 3 0x80003060 (0x01cd1f13) x30 0x10000000
core   0: 0x80003064 (0x0316fb33) remu    s6, a3, a7
core   0: 3 0x80003064 (0x0316fb33) x22 0x00000000
core   0: 0x80003068 (0x41510db3) sub     s11, sp, s5
core   0: 3 0x80003068 (0x41510db3) x27 0x00548f7e
core   0: 0x8000306c (0x01100c13) li      s8, 17
core   0: 3 0x8000306c (0x01100c13) x24 0x00000011
core   0: 0x80003070 (0xa675fd37) lui     s10, 0xa675f
core   0: 3 0x80003070 (0xa675fd37) x26 0xa675f000
core   0: 0x80003074 (0x00e81bb3) sll     s7, a6, a4
core   0: 3 0x80003074 (0x00e81bb3) x23 0x80026ce4
core   0: 0x80003078 (0xbee10117) auipc   sp, 0xbee10
core   0: 3 0x80003078 (0xbee10117) x 2 0x3ee13078
core   0: 0x8000307c (0x0000050d) c.addi  a0, 3
core   0: 3 0x8000307c (0x050d) x10 0xfffffff9
core   0: 0x8000307e (0xa6f14737) lui     a4, 0xa6f14
core   0: 3 0x8000307e (0xa6f14737) x14 0xa6f14000
core   0: 0x80003082 (0x01e4b033) sltu    zero, s1, t5
core   0: 3 0x80003082 (0x01e4b033)
core   0: 0x80003086 (0xff8519e3) bne     a0, s8, pc - 14
core   0: 3 0x80003086 (0xff8519e3)
core   0: 0x80003078 (0xbee10117) auipc   sp, 0xbee10
core   0: 3 0x80003078 (0xbee10117) x 2 0x3ee13078
core   0: 0x8000307c (0x0000050d) c.addi  a0, 3
core   0: 3 0x8000307c (0x050d) x10 0xfffffffc
core   0: 0x8000307e (0xa6f14737) lui     a4, 0xa6f14
core   0: 3 0x8000307e (0xa6f14737) x14 0xa6f14000
core   0: 0x80003082 (0x01e4b033) sltu    zero, s1, t5
core   0: 3 0x80003082 (0x01e4b033)
core   0: 0x80003086 (0xff8519e3) bne     a0, s8, pc - 14
core   0: 3 0x80003086 (0xff8519e3)
core   0: 0x80003078 (0xbee10117) auipc   sp, 0xbee10
core   0: 3 0x80003078 (0xbee10117) x 2 0x3ee13078
core   0: 0x8000307c (0x0000050d) c.addi  a0, 3
core   0: 3 0x8000307c (0x050d) x10 0xffffffff
core   0: 0x8000307e (0xa6f14737) lui     a4, 0xa6f14
core   0: 3 0x8000307e (0xa6f14737) x14 0xa6f14000
core   0: 0x80003082 (0x01e4b033) sltu    zero, s1, t5
core   0: 3 0x80003082 (0x01e4b033)
core   0: 0x80003086 (0xff8519e3) bne     a0, s8, pc - 14
core   0: 3 0x80003086 (0xff8519e3)
core   0: 0x80003078 (0xbee10117) auipc   sp, 0xbee10
core   0: 3 0x80003078 (0xbee10117) x 2 0x3ee13078
core   0: 0x8000307c (0x0000050d) c.addi  a0, 3
core   0: 3 0x8000307c (0x050d) x10 0x00000002
core   0: 0x8000307e (0xa6f14737) lui     a4, 0xa6f14
core   0: 3 0x8000307e (0xa6f14737) x14 0xa6f14000
core   0: 0x80003082 (0x01e4b033) sltu    zero, s1, t5
core   0: 3 0x80003082 (0x01e4b033)
core   0: 0x80003086 (0xff8519e3) bne     a0, s8, pc - 14
core   0: 3 0x80003086 (0xff8519e3)
core   0: 0x80003078 (0xbee10117) auipc   sp, 0xbee10
core   0: 3 0x80003078 (0xbee10117) x 2 0x3ee13078
core   0: 0x8000307c (0x0000050d) c.addi  a0, 3
core   0: 3 0x8000307c (0x050d) x10 0x00000005
core   0: 0x8000307e (0xa6f14737) lui     a4, 0xa6f14
core   0: 3 0x8000307e (0xa6f14737) x14 0xa6f14000
core   0: 0x80003082 (0x01e4b033) sltu    zero, s1, t5
core   0: 3 0x80003082 (0x01e4b033)
core   0: 0x80003086 (0xff8519e3) bne     a0, s8, pc - 14
core   0: 3 0x80003086 (0xff8519e3)
core   0: 0x80003078 (0xbee10117) auipc   sp, 0xbee10
core   0: 3 0x80003078 (0xbee10117) x 2 0x3ee13078
core   0: 0x8000307c (0x0000050d) c.addi  a0, 3
core   0: 3 0x8000307c (0x050d) x10 0x00000008
core   0: 0x8000307e (0xa6f14737) lui     a4, 0xa6f14
core   0: 3 0x8000307e (0xa6f14737) x14 0xa6f14000
core   0: 0x80003082 (0x01e4b033) sltu    zero, s1, t5
core   0: 3 0x80003082 (0x01e4b033)
core   0: 0x80003086 (0xff8519e3) bne     a0, s8, pc - 14
core   0: 3 0x80003086 (0xff8519e3)
core   0: 0x80003078 (0xbee10117) auipc   sp, 0xbee10
core   0: 3 0x80003078 (0xbee10117) x 2 0x3ee13078
core   0: 0x8000307c (0x0000050d) c.addi  a0, 3
core   0: 3 0x8000307c (0x050d) x10 0x0000000b
core   0: 0x8000307e (0xa6f14737) lui     a4, 0xa6f14
core   0: 3 0x8000307e (0xa6f14737) x14 0xa6f14000
core   0: 0x80003082 (0x01e4b033) sltu    zero, s1, t5
core   0: 3 0x80003082 (0x01e4b033)
core   0: 0x80003086 (0xff8519e3) bne     a0, s8, pc - 14
core   0: 3 0x80003086 (0xff8519e3)
core   0: 0x80003078 (0xbee10117) auipc   sp, 0xbee10
core   0: 3 0x80003078 (0xbee10117) x 2 0x3ee13078
core   0: 0x8000307c (0x0000050d) c.addi  a0, 3
core   0: 3 0x8000307c (0x050d) x10 0x0000000e
core   0: 0x8000307e (0xa6f14737) lui     a4, 0xa6f14
core   0: 3 0x8000307e (0xa6f14737) x14 0xa6f14000
core   0: 0x80003082 (0x01e4b033) sltu    zero, s1, t5
core   0: 3 0x80003082 (0x01e4b033)
core   0: 0x80003086 (0xff8519e3) bne     a0, s8, pc - 14
core   0: 3 0x80003086 (0xff8519e3)
core   0: 0x80003078 (0xbee10117) auipc   sp, 0xbee10
core   0: 3 0x80003078 (0xbee10117) x 2 0x3ee13078
core   0: 0x8000307c (0x0000050d) c.addi  a0, 3
core   0: 3 0x8000307c (0x050d) x10 0x00000011
core   0: 0x8000307e (0xa6f14737) lui     a4, 0xa6f14
core   0: 3 0x8000307e (0xa6f14737) x14 0xa6f14000
core   0: 0x80003082 (0x01e4b033) sltu    zero, s1, t5
core   0: 3 0x80003082 (0x01e4b033)
core   0: 0x80003086 (0xff8519e3) bne     a0, s8, pc - 14
core   0: 3 0x80003086 (0xff8519e3)
core   0: 0x8000308a (0x00711933) sll     s2, sp, t2
core   0: 3 0x8000308a (0x00711933) x18 0xc260f000
core   0: 0x8000308e (0xfa7cfee3) bgeu    s9, t2, pc - 68
core   0: 3 0x8000308e (0xfa7cfee3)
core   0: 0x80003092 (0x018b71b3) and     gp, s6, s8
core   0: 3 0x80003092 (0x018b71b3) x 3 0x00000000
core   0: 0x80003096 (0x0091ecb3) or      s9, gp, s1
core   0: 3 0x80003096 (0x0091ecb3) x25 0xfffffeab
core   0: 0x8000309a (0x0291e563) bltu    gp, s1, pc + 42
core   0: 3 0x8000309a (0x0291e563)
core   0: 0x800030c4 (0x000088c1) c.andi  s1, 16
core   0: 3 0x800030c4 (0x88c1) x 9 0x00000000
core   0: 0x800030c6 (0x01db8463) beq     s7, t4, pc + 8
core   0: 3 0x800030c6 (0x01db8463)
core   0: 0x800030ca (0x02d438b3) mulhu   a7, s0, a3
core   0: 3 0x800030ca (0x02d438b3) x17 0x80026cdb
core   0: 0x800030ce (0x034ff763) bgeu    t6, s4, pc + 46
core   0: 3 0x800030ce (0x034ff763)
core   0: 0x800030d2 (0x00286363) bltu    a6, sp, pc + 6
core   0: 3 0x800030d2 (0x00286363)
core   0: 0x800030d6 (0x00009a7d) c.andi  a2, -1
core   0: 3 0x800030d6 (0x9a7d) x12 0xffffffef
core   0: 0x800030d8 (0x01a12233) slt     tp, sp, s10
core   0: 3 0x800030d8 (0x01a12233) x 4 0x00000000
core   0: 0x800030dc (0x0000100f) fence.i
core   0: 3 0x800030dc (0x0000100f)
core   0: 0x800030e0 (0x00008c51) c.or    s0, a2
core   0: 3 0x800030e0 (0x8c51) x 8 0xffffffef
core   0: 0x800030e2 (0x0000c819) c.beqz  s0, pc + 22
core   0: 3 0x800030e2 (0xc819)
core   0: 0x800030e4 (0x001b3bb3) sltu    s7, s6, ra
core   0: 3 0x800030e4 (0x001b3bb3) x23 0x00000001
core   0: 0x800030e8 (0x31fda393) slti    t2, s11, 799
core   0: 3 0x800030e8 (0x31fda393) x 7 0x00000000
core   0: 0x800030ec (0x00000001) c.nop
core   0: 3 0x800030ec (0x0001)
core   0: 0x800030ee (0xbe817393) andi    t2, sp, -1048
core   0: 3 0x800030ee (0xbe817393) x 7 0x3ee13068
core   0: 0x800030f2 (0x017d9c33) sll     s8, s11, s7
core   0: 3 0x800030f2 (0x017d9c33) x24 0x00a91efc
core   0: 0x800030f6 (0x00006725) c.lui   a4, 0x9
core   0: 3 0x800030f6 (0x6725) x14 0x00009000
core   0: 0x800030f8 (0x00ef5663) bge     t5, a4, pc + 12
core   0: 3 0x800030f8 (0x00ef5663)
core   0: 0x80003104 (0x028e3233) mulhu   tp, t3, s0
core   0: 3 0x80003104 (0x028e3233) x 4 0xfffffe9a
core   0: 0x80003108 (0x00008f11) c.sub   a4, a2
core   0: 3 0x80003108 (0x8f11) x14 0x00009011
core   0: 0x8000310a (0x02a16463) bltu    sp, a0, pc + 40
core   0: 3 0x8000310a (0x02a16463)
core   0: 0x8000310e (0x000089ed) c.andi  a1, 27
core   0: 3 0x8000310e (0x89ed) x11 0x00000010
core   0: 0x80003110 (0x40f15c93) srai    s9, sp, 15
core   0: 3 0x80003110 (0x40f15c93) x25 0x00007dc2
core   0: 0x80003114 (0x8a1e4f93) xori    t6, t3, -1887
core   0: 3 0x80003114 (0x8a1e4f93) x31 0x0000060a
core   0: 0x80003118 (0x2e10ab13) slti    s6, ra, 737
core   0: 3 0x80003118 (0x2e10ab13) x22 0x00000001
core   0: 0x8000311c (0x00976863) bltu    a4, s1, pc + 16
core   0: 3 0x8000311c (0x00976863)
core   0: 0x80003120 (0x00006c49) c.lui   s8, 0x12
core   0: 3 0x80003120 (0x6c49) x24 0x00012000
core   0: 0x80003122 (0x00000001) c.nop
core   0: 3 0x80003122 (0x0001)
core   0: 0x80003124 (0x03450533) mul     a0, a0, s4
core   0: 3 0x80003124 (0x03450533) x10 0x1a1e183e
core   0: 0x80003128 (0x03e00033) mul     zero, zero, t5
core   0: 3 0x80003128 (0x03e00033)
core   0: 0x8000312c (0x000086d2) c.mv    a3, s4
core   0: 3 0x8000312c (0x86d2) x13 0xa72ef25e
core   0: 0x8000312e (0x547e3013) sltiu   zero, t3, 1351
core   0: 3 0x8000312e (0x547e3013)
core   0: 0x80003132 (0x02831663) bne     t1, s0, pc + 44
core   0: 3 0x80003132 (0x02831663)
core   0: 0x8000315e (0x00008cdd) c.or    s1, a5
core   0: 3 0x8000315e (0x8cdd) x 9 0xed102ef0
core   0: 0x80003160 (0x00000001) c.nop
core   0: 3 0x80003160 (0x0001)
core   0: 0x80003162 (0xb27d59b7) lui     s3, 0xb27d5
core   0: 3 0x80003162 (0xb27d59b7) x19 0xb27d5000
core   0: 0x80003166 (0x0000801d) c.srli  s0, 7
core   0: 3 0x80003166 (0x801d) x 8 0x01ffffff
core   0: 0x80003168 (0x03416563) bltu    sp, s4, pc + 42
core   0: 3 0x80003168 (0x03416563)
core   0: 0x80003192 (0x40fa8db3) sub     s11, s5, a5
core   0: 3 0x80003192 (0x40fa8db3) x27 0x12efd110
core   0: 0x80003196 (0x00008dc5) c.or    a1, s1
core   0: 3 0x80003196 (0x8dc5) x11 0xed102ef0
core   0: 0x80003198 (0x03e63533) mulhu   a0, a2, t5
core   0: 3 0x80003198 (0x03e63533) x10 0x0ffffffe
core   0: 0x8000319c (0xec4eb213) sltiu   tp, t4, -316
core   0: 3 0x8000319c (0xec4eb213) x 4 0x00000001
core   0: 0x800031a0 (0x00d73ab3) sltu    s5, a4, a3
core   0: 3 0x800031a0 (0x00d73ab3) x21 0x00000001
core   0: 0x800031a4 (0x0a72c493) xori    s1, t0, 167
core   0: 3 0x800031a4 (0x0a72c493) x 9 0x000000a7
core   0: 0x800031a8 (0x021cd733) divu    a4, s9, ra
core   0: 3 0x800031a8 (0x021cd733) x14 0x00000000
core   0: 0x800031ac (0x0000717d) c.addi16sp sp, -16
core   0: 3 0x800031ac (0x717d) x 2 0x3ee13068
core   0: 0x800031ae (0x00705d63) bge     zero, t2, pc + 26
core   0: 3 0x800031ae (0x00705d63)
core   0: 0x800031b2 (0x0000615d) c.addi16sp sp, 432
core   0: 3 0x800031b2 (0x615d) x 2 0x3ee13218
core   0: 0x800031b4 (0x009b1e13) slli    t3, s6, 9
core   0: 3 0x800031b4 (0x009b1e13) x28 0x00000200
core   0: 0x800031b8 (0x77837113) andi    sp, t1, 1912
core   0: 3 0x800031b8 (0x77837113) x 2 0x00000660
core   0: 0x800031bc (0xec5c6513) ori     a0, s8, -315
core   0: 3 0x800031bc (0xec5c6513) x10 0xfffffec5
core   0: 0x800031c0 (0xe2438b13) addi    s6, t2, -476
core   0: 3 0x800031c0 (0xe2438b13) x22 0x3ee12e8c
core   0: 0x800031c4 (0x0ff0000f) fence   iorw,iorw
core   0: 3 0x800031c4 (0x0ff0000f)
core   0: 0x800031c8 (0x00009b7d) c.andi  a4, -1
core   0: 3 0x800031c8 (0x9b7d) x14 0x00000000
core   0: 0x800031ca (0x00001cfd) c.addi  s9, -1
core   0: 3 0x800031ca (0x1cfd) x25 0x00007dc1
core   0: 0x800031cc (0x001848b3) xor     a7, a6, ra
core   0: 3 0x800031cc (0x001848b3) x17 0x0002420c
core   0: 0x800031d0 (0x41ed5fb3) sra     t6, s10, t5
core   0: 3 0x800031d0 (0x41ed5fb3) x31 0xa675f000
core   0: 0x800031d4 (0x000063d1) c.lui   t2, 0x14
core   0: 3 0x800031d4 (0x63d1) x 7 0x00014000
core   0: 0x800031d6 (0x0000717d) c.addi16sp sp, -16
core   0: 3 0x800031d6 (0x717d) x 2 0x00000650
core   0: 0x800031d8 (0x00ad2933) slt     s2, s10, a0
core   0: 3 0x800031d8 (0x00ad2933) x18 0x00000001
core   0: 0x800031dc (0xc69af897) auipc   a7, 0xc69af
core   0: 3 0x800031dc (0xc69af897) x17 0x469b21dc
core   0: 0x800031e0 (0x00420cb3) add     s9, tp, tp
core   0: 3 0x800031e0 (0x00420cb3) x25 0x00000002
core   0: 0x800031e4 (0xa90c09b7) lui     s3, 0xa90c0
core   0: 3 0x800031e4 (0xa90c09b7) x19 0xa90c0000
core   0: 0x800031e8 (0x02e483b3) mul     t2, s1, a4
core   0: 3 0x800031e8 (0x02e483b3) x 7 0x00000000
core   0: 0x800031ec (0x00000001) c.nop
core   0: 3 0x800031ec (0x0001)
core   0: 0x800031ee (0x034c7c63) bgeu    s8, s4, pc + 56
core   0: 3 0x800031ee (0x034c7c63)
core   0: 0x800031f2 (0x00000756) c.slli  a4, 21
core   0: 3 0x800031f2 (0x0756) x14 0x00000000
core   0: 0x800031f4 (0x4127d8b3) sra     a7, a5, s2
core   0: 3 0x800031f4 (0x4127d8b3) x17 0xf6881778
core   0: 0x800031f8 (0x40895d93) srai    s11, s2, 8
core   0: 3 0x800031f8 (0x40895d93) x27 0x00000000
core   0: 0x800031fc (0x0000e809) c.bnez  s0, pc + 18
core   0: 3 0x800031fc (0xe809)
core   0: 0x8000320e (0x016869b3) or      s3, a6, s6
core   0: 3 0x8000320e (0x016869b3) x19 0xbee36eec
core   0: 0x80003212 (0x002def33) or      t5, s11, sp
core   0: 3 0x80003212 (0x002def33) x30 0x00000650
core   0: 0x80003216 (0x01365993) srli    s3, a2, 19
core   0: 3 0x80003216 (0x01365993) x19 0x00001fff
core   0: 0x8000321a (0x0000069c) c.addi4spn a5, sp, 832
core   0: 3 0x8000321a (0x069c) x15 0x00000990
core   0: 0x8000321c (0x41ce52b3) sra     t0, t3, t3
core   0: 3 0x8000321c (0x41ce52b3) x 5 0x00000200
core   0: 0x80003220 (0x00005dfd) c.li    s11, -1
core   0: 3 0x80003220 (0x5dfd) x27 0xffffffff
core   0: 0x80003222 (0x0000cb15) c.beqz  a4, pc + 52
core   0: 3 0x80003222 (0xcb15)
core   0: 0x80003256 (0x40f80d33) sub     s10, a6, a5
core   0: 3 0x80003256 (0x40f80d33) x26 0x80026354
core   0: 0x8000325a (0x01fc4433) xor     s0, s8, t6
core   0: 3 0x8000325a (0x01fc4433) x 8 0xa674d000
core   0: 0x8000325e (0x00008ba9) c.andi  a5, 10
core   0: 3 0x8000325e (0x8ba9) x15 0x00000000
core   0: 0x80003260 (0x00009bfd) c.andi  a5, -1
core   0: 3 0x80003260 (0x9bfd) x15 0x00000000
core   0: 0x80003262 (0x2e4a1717) auipc   a4, 0x2e4a1
core   0: 3 0x80003262 (0x2e4a1717) x14 0xae4a4262
core   0: 0x80003266 (0x61ad6b13) ori     s6, s10, 1562
core   0: 3 0x80003266 (0x61ad6b13) x22 0x8002675e
core   0: 0x8000326a (0x3df46093) ori     ra, s0, 991
core   0: 3 0x8000326a (0x3df46093) x 1 0xa674d3df
core   0: 0x8000326e (0x0000c215) c.beqz  a2, pc + 36
core   0: 3 0x8000326e (0xc215)
core   0: 0x80003270 (0x3e910b93) addi    s7, sp, 1001
core   0: 3 0x80003270 (0x3e910b93) x23 0x00000a39
core   0: 0x80003274 (0x03670763) beq     a4, s6, pc + 46
core   0: 3 0x80003274 (0x03670763)
core   0: 0x80003278 (0x00000426) c.slli  s0, 9
core   0: 3 0x80003278 (0x0426) x 8 0xe9a00000
core   0: 0x8000327a (0x0000717d) c.addi16sp sp, -16
core   0: 3 0x8000327a (0x717d) x 2 0x00000640
core   0: 0x8000327c (0x00008ccd) c.or    s1, a1
core   0: 3 0x8000327c (0x8ccd) x 9 0xed102ef7
core   0: 0x8000327e (0x00321d13) slli    s10, tp, 3
core   0: 3 0x8000327e (0x00321d13) x26 0x00000008
core   0: 0x80003282 (0x004fd893) srli    a7, t6, 4
core   0: 3 0x80003282 (0x004fd893) x17 0x0a675f00
core   0: 0x80003286 (0x016b9093) slli    ra, s7, 22
core   0: 3 0x80003286 (0x016b9093) x 1 0x8e400000
core   0: 0x8000328a (0x00005b7d) c.li    s6, -1
core   0: 3 0x8000328a (0x5b7d) x22 0xffffffff
core   0: 0x8000328c (0x005efb33) and     s6, t4, t0
core   0: 3 0x8000328c (0x005efb33) x22 0x00000000
core   0: 0x80003290 (0x0000e885) c.bnez  s1, pc + 48
core   0: 3 0x80003290 (0xe885)
core   0: 0x800032c0 (0x41520433) sub     s0, tp, s5
core   0: 3 0x800032c0 (0x41520433) x 8 0x00000000
core   0: 0x800032c4 (0x0185e033) or      zero, a1, s8
core   0: 3 0x800032c4 (0x0185e033)
core   0: 0x800032c8 (0x00547363) bgeu    s0, t0, pc + 6
core   0: 3 0x800032c8 (0x00547363)
core   0: 0x800032cc (0x00000d98) c.addi4spn a4, sp, 720
core   0: 3 0x800032cc (0x0d98) x14 0x00000910
core   0: 0x800032ce (0x00008f3d) c.xor   a4, a5
core   0: 3 0x800032ce (0x8f3d) x14 0x00000910
core   0: 0x800032d0 (0x000001be) c.slli  gp, 15
core   0: 3 0x800032d0 (0x01be) x 3 0x00000000
core   0: 0x800032d2 (0x00001900) c.addi4spn s0, sp, 176
core   0: 3 0x800032d2 (0x1900) x 8 0x000006f0
core   0: 0x800032d4 (0x01f963b3) or      t2, s2, t6
core   0: 3 0x800032d4 (0x01f963b3) x 7 0xa675f001
core   0: 0x800032d8 (0x00b15733) srl     a4, sp, a1
core   0: 3 0x800032d8 (0x00b15733) x14 0x00000000
core   0: 0x800032dc (0x00f99213) slli    tp, s3, 15
core   0: 3 0x800032dc (0x00f99213) x 4 0x0fff8000
core   0: 0x800032e0 (0x01aa6463) bltu    s4, s10, pc + 8
core   0: 3 0x800032e0 (0x01aa6463)
core   0: 0x800032e4 (0x0ff0000f) fence   iorw,iorw
core   0: 3 0x800032e4 (0x0ff0000f)
core   0: 0x800032e8 (0x03113ab3) mulhu   s5, sp, a7
core   0: 3 0x800032e8 (0x03113ab3) x21 0x00000041
core   0: 0x800032ec (0x00008339) c.srli  a4, 14
core   0: 3 0x800032ec (0x8339) x14 0x00000000
core   0: 0x800032ee (0x0000e989) c.bnez  a1, pc + 18
core   0: 3 0x800032ee (0xe989)
core   0: 0x80003300 (0x003102b3) add     t0, sp, gp
core   0: 3 0x80003300 (0x003102b3) x 5 0x00000640
core   0: 0x80003304 (0x00008dd9) c.or    a1, a4
core   0: 3 0x80003304 (0x8dd9) x11 0xed102ef0
core   0: 0x80003306 (0x002dedb3) or      s11, s11, sp
core   0: 3 0x80003306 (0x002dedb3) x27 0xffffffff
core   0: 0x8000330a (0x417b81b3) sub     gp, s7, s7
core   0: 3 0x8000330a (0x417b81b3) x 3 0x00000000
core   0: 0x8000330e (0x001f98b3) sll     a7, t6, ra
core   0: 3 0x8000330e (0x001f98b3) x17 0xa675f000
core   0: 0x80003312 (0x00008dd1) c.or    a1, a2
core   0: 3 0x80003312 (0x8dd1) x11 0xffffffff
core   0: 0x80003314 (0x01c274b3) and     s1, tp, t3
core   0: 3 0x80003314 (0x01c274b3) x 9 0x00000000
core   0: 0x80003318 (0x0392bcb3) mulhu   s9, t0, s9
core   0: 3 0x80003318 (0x0392bcb3) x25 0x00000000
core   0: 0x8000331c (0x026e7b33) remu    s6, t3, t1
core   0: 3 0x8000331c (0x026e7b33) x22 0x00000200
core   0: 0x80003320 (0x02e91763) bne     s2, a4, pc + 46
core   0: 3 0x80003320 (0x02e91763)
core   0: 0x8000334e (0xcaab5237) lui     tp, 0xcaab5
core   0: 3 0x8000334e (0xcaab5237) x 4 0xcaab5000
core   0: 0x80003352 (0x0000e295) c.bnez  a3, pc + 36
core   0: 3 0x80003352 (0xe295)
core   0: 0x80003376 (0x00000c84) c.addi4spn s1, sp, 592
core   0: 3 0x80003376 (0x0c84) x 9 0x00000890
core   0: 0x80003378 (0xe983a413) slti    s0, t2, -360
core   0: 3 0x80003378 (0xe983a413) x 8 0x00000001
core   0: 0x8000337c (0x030b6933) rem     s2, s6, a6
core   0: 3 0x8000337c (0x030b6933) x18 0x00000200
core   0: 0x80003380 (0x0ff0000f) fence   iorw,iorw
core   0: 3 0x80003380 (0x0ff0000f)
core   0: 0x80003384 (0x000067a5) c.lui   a5, 0x9
core   0: 3 0x80003384 (0x67a5) x15 0x00009000
core   0: 0x80003386 (0xa689ec93) ori     s9, s3, -1432
core   0: 3 0x80003386 (0xa689ec93) x25 0xffffffff
core   0: 0x8000338a (0x03bebb33) mulhu   s6, t4, s11
core   0: 3 0x8000338a (0x03bebb33) x22 0x00000000
core   0: 0x8000338e (0x671b3493) sltiu   s1, s6, 1649
core   0: 3 0x8000338e (0x671b3493) x 9 0x00000001
core   0: 0x80003392 (0x0abaf693) andi    a3, s5, 171
core   0: 3 0x80003392 (0x0abaf693) x13 0x00000001
core   0: 0x80003396 (0x016d9563) bne     s11, s6, pc + 10
core   0: 3 0x80003396 (0x016d9563)
core   0: 0x800033a0 (0x00006119) c.addi16sp sp, 384
core   0: 3 0x800033a0 (0x6119) x 2 0x000007c0
core   0: 0x800033a2 (0x03a31133) mulh    sp, t1, s10
core   0: 3 0x800033a2 (0x03a31133) x 2 0xfffffffc
core   0: 0x800033a6 (0x000060cd) c.lui   ra, 0x13
core   0: 3 0x800033a6 (0x60cd) x 1 0x00013000
core   0: 0x800033a8 (0x03cc57b3) divu    a5, s8, t3
core   0: 3 0x800033a8 (0x03cc57b3) x15 0x00000090
core   0: 0x800033ac (0x00009b7d) c.andi  a4, -1
core   0: 3 0x800033ac (0x9b7d) x14 0x00000000
core   0: 0x800033ae (0x021122b3) mulhsu  t0, sp, ra
core   0: 3 0x800033ae (0x021122b3) x 5 0xffffffff
core   0: 0x800033b2 (0x00ff9033) sll     zero, t6, a5
core   0: 3 0x800033b2 (0x00ff9033)
core   0: 0x800033b6 (0x40485d93) srai    s11, a6, 4
core   0: 3 0x800033b6 (0x40485d93) x27 0xf80026ce
core   0: 0x800033ba (0x008971b3) and     gp, s2, s0
core   0: 3 0x800033ba (0x008971b3) x 3 0x00000000
core   0: 0x800033be (0x13b97013) andi    zero, s2, 315
core   0: 3 0x800033be (0x13b97013)
core   0: 0x800033c2 (0xd6780793) addi    a5, a6, -665
core   0: 3 0x800033c2 (0xd6780793) x15 0x80026a4b
core   0: 0x800033c6 (0x0276f863) bgeu    a3, t2, pc + 48
core   0: 3 0x800033c6 (0x0276f863)
core   0: 0x800033ca (0x02f1f933) remu    s2, gp, a5
core   0: 3 0x800033ca (0x02f1f933) x18 0x00000000
core   0: 0x800033ce (0x0236abb3) mulhsu  s7, a3, gp
core   0: 3 0x800033ce (0x0236abb3) x23 0x00000000
core   0: 0x800033d2 (0x01075c93) srli    s9, a4, 16
core   0: 3 0x800033d2 (0x01075c93) x25 0x00000000
core   0: 0x800033d6 (0x0000e111) c.bnez  a0, pc + 4
core   0: 3 0x800033d6 (0xe111)
core   0: 0x800033da (0x00503db3) snez    s11, t0
core   0: 3 0x800033da (0x00503db3) x27 0x00000001
core   0: 0x800033de (0x9740a013) slti    zero, ra, -1676
core   0: 3 0x800033de (0x9740a013)
core   0: 0x800033e2 (0x00005f7d) c.li    t5, -1
core   0: 3 0x800033e2 (0x5f7d) x30 0xffffffff
core   0: 0x800033e4 (0x29dbff93) andi    t6, s7, 669
core   0: 3 0x800033e4 (0x29dbff93) x31 0x00000000
core   0: 0x800033e8 (0x009ef433) and     s0, t4, s1
core   0: 3 0x800033e8 (0x009ef433) x 8 0x00000000
core   0: 0x800033ec (0x03823b33) mulhu   s6, tp, s8
core   0: 3 0x800033ec (0x03823b33) x22 0x0000e400
core   0: 0x800033f0 (0x00006f61) c.lui   t5, 0x18
core   0: 3 0x800033f0 (0x6f61) x30 0x00018000
core   0: 0x800033f2 (0x01fa9f13) slli    t5, s5, 31
core   0: 3 0x800033f2 (0x01fa9f13) x30 0x80000000
core   0: 0x800033f6 (0x013af7b3) and     a5, s5, s3
core   0: 3 0x800033f6 (0x013af7b3) x15 0x00000041
core   0: 0x800033fa (0x022f7633) remu    a2, t5, sp
core   0: 3 0x800033fa (0x022f7633) x12 0x80000000
core   0: 0x800033fe (0x018b4033) xor     zero, s6, s8
core   0: 3 0x800033fe (0x018b4033)
core   0: 0x80003402 (0x416602b3) sub     t0, a2, s6
core   0: 3 0x80003402 (0x416602b3) x 5 0x7fff1c00
core   0: 0x80003406 (0xf4038093) addi    ra, t2, -192
core   0: 3 0x80003406 (0xf4038093) x 1 0xa675ef41
core   0: 0x8000340a (0x01f18f33) add     t5, gp, t6
core   0: 3 0x8000340a (0x01f18f33) x30 0x00000000
core   0: 0x8000340e (0x0000717d) c.addi16sp sp, -16
core   0: 3 0x8000340e (0x717d) x 2 0xffffffec
core   0: 0x80003410 (0x01884963) blt     a6, s8, pc + 18
core   0: 3 0x80003410 (0x01884963)
core   0: 0x80003422 (0x02d60663) beq     a2, a3, pc + 44
core   0: 3 0x80003422 (0x02d60663)
core   0: 0x80003426 (0x0000e61d) c.bnez  a2, pc + 46
core   0: 3 0x80003426 (0xe61d)
core   0: 0x80003454 (0x00849d93) slli    s11, s1, 8
core   0: 3 0x80003454 (0x00849d93) x27 0x00000100
core   0: 0x80003458 (0x01819513) slli    a0, gp, 24
core   0: 3 0x80003458 (0x01819513) x10 0x00000000
core   0: 0x8000345c (0x00008d8d) c.sub   a1, a1
core   0: 3 0x8000345c (0x8d8d) x11 0x00000000
core   0: 0x8000345e (0x01c66533) or      a0, a2, t3
core   0: 3 0x8000345e (0x01c66533) x10 0x80000200
core   0: 0x80003462 (0x000057fd) c.li    a5, -1
core   0: 3 0x80003462 (0x57fd) x15 0xffffffff
core   0: 0x80003464 (0x0000421d) c.li    tp, 7
core   0: 3 0x80003464 (0x421d) x 4 0x00000007
core   0: 0x80003466 (0xfdabcb13) xori    s6, s7, -38
core   0: 3 0x80003466 (0xfdabcb13) x22 0xffffffda
core   0: 0x8000346a (0x00008f85) c.sub   a5, s1
core   0: 3 0x8000346a (0x8f85) x15 0xfffffffe
core   0: 0x8000346c (0x000004d2) c.slli  s1, 20
core   0: 3 0x8000346c (0x04d2) x 9 0x00100000
core   0: 0x8000346e (0xd4d53297) auipc   t0, 0xd4d53
core   0: 3 0x8000346e (0xd4d53297) x 5 0x54d5646e
core   0: 0x80003472 (0x00f810b3) sll     ra, a6, a5
core   0: 3 0x80003472 (0x00f810b3) x 1 0x00000000
core   0: 0x80003476 (0xe45f81b7) lui     gp, 0xe45f8
core   0: 3 0x80003476 (0xe45f81b7) x 3 0xe45f8000
core   0: 0x8000347a (0x00000741) c.addi  a4, 16
core   0: 3 0x8000347a (0x0741) x14 0x00000010
core   0: 0x8000347c (0xa4fcac93) slti    s9, s9, -1457
core   0: 3 0x8000347c (0xa4fcac93) x25 0x00000000
core   0: 0x80003480 (0x05364b93) xori    s7, a2, 83
core   0: 3 0x80003480 (0x05364b93) x23 0x80000053
core   0: 0x80003484 (0x02ee4d63) blt     t3, a4, pc + 58
core   0: 3 0x80003484 (0x02ee4d63)
core   0: 0x80003488 (0x0000073e) c.slli  a4, 15
core   0: 3 0x80003488 (0x073e) x14 0x00080000
core   0: 0x8000348a (0x01b81f93) slli    t6, a6, 27
core   0: 3 0x8000348a (0x01b81f93) x31 0x20000000
core   0: 0x8000348e (0x565bfdb7) lui     s11, 0x565bf
core   0: 3 0x8000348e (0x565bfdb7) x27 0x565bf000
core   0: 0x80003492 (0x02dc4b33) div     s6, s8, a3
core   0: 3 0x80003492 (0x02dc4b33) x22 0x00012000
core   0: 0x80003496 (0x011e8563) beq     t4, a7, pc + 10
core   0: 3 0x80003496 (0x011e8563)
core   0: 0x8000349a (0x038fd263) bge     t6, s8, pc + 36
core   0: 3 0x8000349a (0x038fd263)
core   0: 0x800034be (0x02b3fab3) remu    s5, t2, a1
core   0: 3 0x800034be (0x02b3fab3) x21 0xa675f001
core   0: 0x800034c2 (0x0000717d) c.addi16sp sp, -16
core   0: 3 0x800034c2 (0x717d) x 2 0xffffffdc
core   0: 0x800034c4 (0x41f6da93) srai    s5, a3, 31
core   0: 3 0x800034c4 (0x41f6da93) x21 0x00000000
core   0: 0x800034c8 (0x04ed6763) bltu    s10, a4, pc + 78
core   0: 3 0x800034c8 (0x04ed6763)
core   0: 0x80003516 (0x000084c5) c.srai  s1, 17
core   0: 3 0x80003516 (0x84c5) x 9 0x00000008
core   0: 0x80003518 (0xf471fc93) andi    s9, gp, -185
core   0: 3 0x80003518 (0xf471fc93) x25 0xe45f8000
core   0: 0x8000351c (0x0000429d) c.li    t0, 7
core   0: 3 0x8000351c (0x429d) x 5 0x00000007
core   0: 0x8000351e (0x020f46b3) div     a3, t5, zero
core   0: 3 0x8000351e (0x020f46b3) x13 0xffffffff
core   0: 0x80003522 (0x000017fd) c.addi  a5, -1
core   0: 3 0x80003522 (0x17fd) x15 0xfffffffd
core   0: 0x80003524 (0x0291e5b3) rem     a1, gp, s1
core   0: 3 0x80003524 (0x0291e5b3) x11 0x00000000
core   0: 0x80003528 (0x0044d293) srli    t0, s1, 4
core   0: 3 0x80003528 (0x0044d293) x 5 0x00000000
core   0: 0x8000352c (0x00001afd) c.addi  s5, -1
core   0: 3 0x8000352c (0x1afd) x21 0xffffffff
core   0: 0x8000352e (0x41c551b3) sra     gp, a0, t3
core   0: 3 0x8000352e (0x41c551b3) x 3 0x80000200
core   0: 0x80003532 (0x00009092) c.add   ra, tp
core   0: 3 0x80003532 (0x9092) x 1 0x00000007
core   0: 0x80003534 (0xe54db193) sltiu   gp, s11, -428
core   0: 3 0x80003534 (0xe54db193) x 3 0x00000001
core   0: 0x80003538 (0x036f80b3) mul     ra, t6, s6
core   0: 3 0x80003538 (0x036f80b3) x 1 0x00000000
core   0: 0x8000353c (0x00000001) c.nop
core   0: 3 0x8000353c (0x0001)
core   0: 0x8000353e (0x010f9763) bne     t6, a6, pc + 14
core   0: 3 0x8000353e (0x010f9763)
core   0: 0x8000354c (0x00008d79) c.and   a0, a4
core   0: 3 0x8000354c (0x8d79) x10 0x00000000
core   0: 0x8000354e (0x00000001) c.nop
core   0: 3 0x8000354e (0x0001)
core   0: 0x80003550 (0x029cf863) bgeu    s9, s1, pc + 48
core   0: 3 0x80003550 (0x029cf863)
core   0: 0x80003580 (0x40ba5b13) srai    s6, s4, 11
core   0: 3 0x80003580 (0x40ba5b13) x22 0xfff4e5de
core   0: 0x80003584 (0x267c4b93) xori    s7, s8, 615
core   0: 3 0x80003584 (0x267c4b93) x23 0x00012267
core   0: 0x80003588 (0x00008f85) c.sub   a5, s1
core   0: 3 0x80003588 (0x8f85) x15 0xfffffff5
core   0: 0x8000358a (0x0000100f) fence.i
core   0: 3 0x8000358a (0x0000100f)
core   0: 0x8000358e (0xd7253213) sltiu   tp, a0, -654
core   0: 3 0x8000358e (0xd7253213) x 4 0x00000001
core   0: 0x80003592 (0x03d76763) bltu    a4, t4, pc + 46
core   0: 3 0x80003592 (0x03d76763)
core   0: 0x80003596 (0x02b8bb33) mulhu   s6, a7, a1
core   0: 3 0x80003596 (0x02b8bb33) x22 0x00000000
core   0: 0x8000359a (0x0252d633) divu    a2, t0, t0
core   0: 3 0x8000359a (0x0252d633) x12 0xffffffff
core   0: 0x8000359e (0x036ae363) bltu    s5, s6, pc + 38
core   0: 3 0x8000359e (0x036ae363)
core   0: 0x800035a2 (0x03084633) div     a2, a6, a6
core   0: 3 0x800035a2 (0x03084633) x12 0x00000001
core   0: 0x800035a6 (0x00000221) c.addi  tp, 8
core   0: 3 0x800035a6 (0x0221) x 4 0x00000009
core   0: 0x800035a8 (0x4047e017) auipc   zero, 0x4047e
core   0: 3 0x800035a8 (0x4047e017)
core   0: 0x800035ac (0x0000717d) c.addi16sp sp, -16
core   0: 3 0x800035ac (0x717d) x 2 0xffffffcc
core   0: 0x800035ae (0x028ac4b3) div     s1, s5, s0
core   0: 3 0x800035ae (0x028ac4b3) x 9 0xffffffff
core   0: 0x800035b2 (0x00742b33) slt     s6, s0, t2
core   0: 3 0x800035b2 (0x00742b33) x22 0x00000000
core   0: 0x800035b6 (0x00008e89) c.sub   a3, a0
core   0: 3 0x800035b6 (0x8e89) x13 0xffffffff
core   0: 0x800035b8 (0x00dd9e13) slli    t3, s11, 13
core   0: 3 0x800035b8 (0x00dd9e13) x28 0x7e000000
core   0: 0x800035bc (0x03a482b3) mul     t0, s1, s10
core   0: 3 0x800035bc (0x03a482b3) x 5 0xfffffff8
core   0: 0x800035c0 (0x00f1eeb3) or      t4, gp, a5
core   0: 3 0x800035c0 (0x00f1eeb3) x29 0xfffffff5
core   0: 0x800035c4 (0x029a0663) beq     s4, s1, pc + 44
core   0: 3 0x800035c4 (0x029a0663)
core   0: 0x800035c8 (0x40c45033) sra     zero, s0, a2
core   0: 3 0x800035c8 (0x40c45033)
core   0: 0x800035cc (0x07a7da63) bge     a5, s10, pc + 116
core   0: 3 0x800035cc (0x07a7da63)
core   0: 0x800035d0 (0x00b91d13) slli    s10, s2, 11
core   0: 3 0x800035d0 (0x00b91d13) x26 0x00000000
core   0: 0x800035d4 (0x00006fd9) c.lui   t6, 0x16
core   0: 3 0x800035d4 (0x6fd9) x31 0x00016000
core   0: 0x800035d6 (0x00001c04) c.addi4spn s1, sp, 560
core   0: 3 0x800035d6 (0x1c04) x 9 0x000001fc
core   0: 0x800035d8 (0x011b3233) sltu    tp, s6, a7
core   0: 3 0x800035d8 (0x011b3233) x 4 0x00000001
core   0: 0x800035dc (0x003e4c33) xor     s8, t3, gp
core   0: 3 0x800035dc (0x003e4c33) x24 0x7e000001
core   0: 0x800035e0 (0x07ff0c63) beq     t5, t6, pc + 120
core   0: 3 0x800035e0 (0x07ff0c63)
core   0: 0x800035e4 (0x03f66633) rem     a2, a2, t6
core   0: 3 0x800035e4 (0x03f66633) x12 0x00000001
core   0: 0x800035e8 (0x066fe063) bltu    t6, t1, pc + 96
core   0: 3 0x800035e8 (0x066fe063)
core   0: 0x80003648 (0x106f3413) sltiu   s0, t5, 262
core   0: 3 0x80003648 (0x106f3413) x 8 0x00000001
core   0: 0x8000364c (0x03803433) mulhu   s0, zero, s8
core   0: 3 0x8000364c (0x03803433) x 8 0x00000000
core   0: 0x80003650 (0x8dd1b093) sltiu   ra, gp, -1827
core   0: 3 0x80003650 (0x8dd1b093) x 1 0x00000001
core   0: 0x80003654 (0x00fa6763) bltu    s4, a5, pc + 14
core   0: 3 0x80003654 (0x00fa6763)
core   0: 0x80003662 (0xce726037) lui     zero, 0xce726
core   0: 3 0x80003662 (0xce726037)
core   0: 0x80003666 (0x358c2393) slti    t2, s8, 856
core   0: 3 0x80003666 (0x358c2393) x 7 0x00000000
core   0: 0x8000366a (0x020f9733) mulh    a4, t6, zero
core   0: 3 0x8000366a (0x020f9733) x14 0x00000000
core   0: 0x8000366e (0x01f00fb3) add     t6, zero, t6
core   0: 3 0x8000366e (0x01f00fb3) x31 0x00016000
core   0: 0x80003672 (0x0000612d) c.addi16sp sp, 224
core   0: 3 0x80003672 (0x612d) x 2 0x000000ac
core   0: 0x80003674 (0x00ccf1b3) and     gp, s9, a2
core   0: 3 0x80003674 (0x00ccf1b3) x 3 0x00000000
core   0: 0x80003678 (0x003024b3) slt     s1, zero, gp
core   0: 3 0x80003678 (0x003024b3) x 9 0x00000000
core   0: 0x8000367c (0x38918993) addi    s3, gp, 905
core   0: 3 0x8000367c (0x38918993) x19 0x00000389
core   0: 0x80003680 (0x03592d33) mulhsu  s10, s2, s5
core   0: 3 0x80003680 (0x03592d33) x26 0x00000000
core   0: 0x80003684 (0x01711863) bne     sp, s7, pc + 16
core   0: 3 0x80003684 (0x01711863)
core   0: 0x80003694 (0x00008fe1) c.and   a5, s0
core   0: 3 0x80003694 (0x8fe1) x15 0x00000000
core   0: 0x80003696 (0x2aa2c913) xori    s2, t0, 682
core   0: 3 0x80003696 (0x2aa2c913) x18 0xfffffd52
core   0: 0x8000369a (0x1a40d917) auipc   s2, 0x1a40d
core   0: 3 0x8000369a (0x1a40d917) x18 0x9a41069a
core   0: 0x8000369e (0x012bddb3) srl     s11, s7, s2
core   0: 3 0x8000369e (0x012bddb3) x27 0x00000000
core   0: 0x800036a2 (0x000080c1) c.srli  s1, 16
core   0: 3 0x800036a2 (0x80c1) x 9 0x00000000
core   0: 0x800036a4 (0x023f5733) divu    a4, t5, gp
core   0: 3 0x800036a4 (0x023f5733) x14 0xffffffff
core   0: 0x800036a8 (0x00f09c33) sll     s8, ra, a5
core   0: 3 0x800036a8 (0x00f09c33) x24 0x00000001
core   0: 0x800036ac (0x033be763) bltu    s7, s3, pc + 46
core   0: 3 0x800036ac (0x033be763)
core   0: 0x800036b0 (0x00008cf1) c.and   s1, a2
core   0: 3 0x800036b0 (0x8cf1) x 9 0x00000000
core   0: 0x800036b2 (0x06767b63) bgeu    a2, t2, pc + 118
core   0: 3 0x800036b2 (0x06767b63)
core   0: 0x80003728 (0x01070b33) add     s6, a4, a6
core   0: 3 0x80003728 (0x01070b33) x22 0x80026ce3
core   0: 0x8000372c (0x00009e7e) c.add   t3, t6
core   0: 3 0x8000372c (0x9e7e) x28 0x7e016000
core   0: 0x8000372e (0x41cad193) srai    gp, s5, 28
core   0: 3 0x8000372e (0x41cad193) x 3 0xffffffff
core   0: 0x80003732 (0x41c750b3) sra     ra, a4, t3
core   0: 3 0x80003732 (0x41c750b3) x 1 0xffffffff
core   0: 0x80003736 (0x01e0fb33) and     s6, ra, t5
core   0: 3 0x80003736 (0x01e0fb33) x22 0x00000000
core   0: 0x8000373a (0x02a448b3) div     a7, s0, a0
core   0: 3 0x8000373a (0x02a448b3) x17 0xffffffff
core   0: 0x8000373e (0x00000b14) c.addi4spn a3, sp, 400
core   0: 3 0x8000373e (0x0b14) x13 0x0000023c
core   0: 0x80003740 (0x4660fa93) andi    s5, ra, 1126
core   0: 3 0x80003740 (0x4660fa93) x21 0x00000466
core   0: 0x80003744 (0x00009c76) c.add   s8, t4
core   0: 3 0x80003744 (0x9c76) x24 0xfffffff6
core   0: 0x80003746 (0x000005f9) c.addi  a1, 30
core   0: 3 0x80003746 (0x05f9) x11 0x0000001e
core   0: 0x80003748 (0x3aeca993) slti    s3, s9, 942
core   0: 3 0x80003748 (0x3aeca993) x19 0x00000001
core   0: 0x8000374c (0x00008f29) c.xor   a4, a0
core   0: 3 0x8000374c (0x8f29) x14 0xffffffff
core   0: 0x8000374e (0x001a28b3) slt     a7, s4, ra
core   0: 3 0x8000374e (0x001a28b3) x17 0x00000001
core   0: 0x80003752 (0x015e0b33) add     s6, t3, s5
core   0: 3 0x80003752 (0x015e0b33) x22 0x7e016466
core   0: 0x80003756 (0x01588e33) add     t3, a7, s5
core   0: 3 0x80003756 (0x01588e33) x28 0x00000467
core   0: 0x8000375a (0x032bdd63) bge     s7, s2, pc + 58
core   0: 3 0x8000375a (0x032bdd63)
core   0: 0x80003794 (0x00000b26) c.slli  s6, 9
core   0: 3 0x80003794 (0x0b26) x22 0x02c8cc00
core   0: 0x80003796 (0x01305eb3) srl     t4, zero, s3
core   0: 3 0x80003796 (0x01305eb3) x29 0x00000000
core   0: 0x8000379a (0x4030d733) sra     a4, ra, gp
core   0: 3 0x8000379a (0x4030d733) x14 0xffffffff
core   0: 0x8000379e (0x016efeb3) and     t4, t4, s6
core   0: 3 0x8000379e (0x016efeb3) x29 0x00000000
core   0: 0x800037a2 (0x01869563) bne     a3, s8, pc + 10
core   0: 3 0x800037a2 (0x01869563)
core   0: 0x800037ac (0x01cc9e33) sll     t3, s9, t3
core   0: 3 0x800037ac (0x01cc9e33) x28 0x2fc00000
core   0: 0x800037b0 (0x01c026b3) slt     a3, zero, t3
core   0: 3 0x800037b0 (0x01c026b3) x13 0x00000001
core   0: 0x800037b4 (0x03d77533) remu    a0, a4, t4
core   0: 3 0x800037b4 (0x03d77533) x10 0xffffffff
core   0: 0x800037b8 (0x02bc8863) beq     s9, a1, pc + 48
core   0: 3 0x800037b8 (0x02bc8863)
core   0: 0x800037bc (0x00008579) c.srai  a0, 30
core   0: 3 0x800037bc (0x8579) x10 0xffffffff
core   0: 0x800037be (0x03047d63) bgeu    s0, a6, pc + 58
core   0: 3 0x800037be (0x03047d63)
core   0: 0x800037c2 (0xb0e0e413) ori     s0, ra, -1266
core   0: 3 0x800037c2 (0xb0e0e413) x 8 0xffffffff
core   0: 0x800037c6 (0x40318b33) sub     s6, gp, gp
core   0: 3 0x800037c6 (0x40318b33) x22 0x00000000
core   0: 0x800037ca (0x00000001) c.nop
core   0: 3 0x800037ca (0x0001)
core   0: 0x800037cc (0x0028ae33) slt     t3, a7, sp
core   0: 3 0x800037cc (0x0028ae33) x28 0x00000001
core   0: 0x800037d0 (0x0317dd63) bge     a5, a7, pc + 58
core   0: 3 0x800037d0 (0x0317dd63)
core   0: 0x800037d4 (0x036c7d33) remu    s10, s8, s6
core   0: 3 0x800037d4 (0x036c7d33) x26 0xfffffff6
core   0: 0x800037d8 (0xac6e6913) ori     s2, t3, -1338
core   0: 3 0x800037d8 (0xac6e6913) x18 0xfffffac7
core   0: 0x800037dc (0x410dde33) sra     t3, s11, a6
core   0: 3 0x800037dc (0x410dde33) x28 0x00000000
core   0: 0x800037e0 (0x00009afd) c.andi  a3, -1
core   0: 3 0x800037e0 (0x9afd) x13 0x00000001
core   0: 0x800037e2 (0x00001598) c.addi4spn a4, sp, 736
core   0: 3 0x800037e2 (0x1598) x14 0x0000038c
core   0: 0x800037e4 (0x03c3a7b3) mulhsu  a5, t2, t3
core   0: 3 0x800037e4 (0x03c3a7b3) x15 0x00000000
core   0: 0x800037e8 (0x418f5e13) srai    t3, t5, 24
core   0: 3 0x800037e8 (0x418f5e13) x28 0x00000000
core   0: 0x800037ec (0x01ae6a63) bltu    t3, s10, pc + 20
core   0: 3 0x800037ec (0x01ae6a63)
core   0: 0x80003800 (0x0000100f) fence.i
core   0: 3 0x80003800 (0x0000100f)
core   0: 0x80003804 (0xc87e2bb7) lui     s7, 0xc87e2
core   0: 3 0x80003804 (0xc87e2bb7) x23 0xc87e2000
core   0: 0x80003808 (0x00000d1e) c.slli  s10, 7
core   0: 3 0x80003808 (0x0d1e) x26 0xfffffb00
core   0: 0x8000380a (0x4099dfb3) sra     t6, s3, s1
core   0: 3 0x8000380a (0x4099dfb3) x31 0x00000001
core   0: 0x8000380e (0x0046b633) sltu    a2, a3, tp
core   0: 3 0x8000380e (0x0046b633) x12 0x00000000
core   0: 0x80003812 (0x01554e63) blt     a0, s5, pc + 28
core   0: 3 0x80003812 (0x01554e63)
core   0: 0x8000382e (0x01b2cc33) xor     s8, t0, s11
core   0: 3 0x8000382e (0x01b2cc33) x24 0xfffffff8
core   0: 0x80003832 (0x0000098a) c.slli  s3, 2
core   0: 3 0x80003832 (0x098a) x19 0x00000004
core   0: 0x80003834 (0x0000e581) c.bnez  a1, pc + 8
core   0: 3 0x80003834 (0xe581)
core   0: 0x8000383c (0x0000ca01) c.beqz  a2, pc + 16
core   0: 3 0x8000383c (0xca01)
core   0: 0x8000384c (0x03ad24b3) mulhsu  s1, s10, s10
core   0: 3 0x8000384c (0x03ad24b3) x 9 0xfffffb00
core   0: 0x80003850 (0x0172f633) and     a2, t0, s7
core   0: 3 0x80003850 (0x0172f633) x12 0xc87e2000
core   0: 0x80003854 (0x033de363) bltu    s11, s3, pc + 38
core   0: 3 0x80003854 (0x033de363)
core   0: 0x8000387a (0x000099fd) c.andi  a1, -1
core   0: 3 0x8000387a (0x99fd) x11 0x0000001e
core   0: 0x8000387c (0x00000001) c.nop
core   0: 3 0x8000387c (0x0001)
core   0: 0x8000387e (0x000082c9) c.srli  a3, 18
core   0: 3 0x8000387e (0x82c9) x13 0x00000000
core   0: 0x80003880 (0x0b65b013) sltiu   zero, a1, 182
core   0: 3 0x80003880 (0x0b65b013)
core   0: 0x80003884 (0x024010b3) mulh    ra, zero, tp
core   0: 3 0x80003884 (0x024010b3) x 1 0x00000000
core   0: 0x80003888 (0x000087f9) c.srai  a5, 30
core   0: 3 0x80003888 (0x87f9) x15 0x00000000
core   0: 0x8000388a (0x012ecc33) xor     s8, t4, s2
core   0: 3 0x8000388a (0x012ecc33) x24 0xfffffac7
core   0: 0x8000388e (0x00411c93) slli    s9, sp, 4
core   0: 3 0x8000388e (0x00411c93) x25 0x00000ac0
core   0: 0x80003892 (0x13f2f113) andi    sp, t0, 319
core   0: 3 0x80003892 (0x13f2f113) x 2 0x00000138
core   0: 0x80003896 (0x02b03933) mulhu   s2, zero, a1
core   0: 3 0x80003896 (0x02b03933) x18 0x00000000
core   0: 0x8000389a (0x00008279) c.srli  a2, 30
core   0: 3 0x8000389a (0x8279) x12 0x00000003
core   0: 0x8000389c (0x03919663) bne     gp, s9, pc + 44
core   0: 3 0x8000389c (0x03919663)
core   0: 0x800038c8 (0x00599c63) bne     s3, t0, pc + 24
core   0: 3 0x800038c8 (0x00599c63)
core   0: 0x800038e0 (0x01557ab3) and     s5, a0, s5
core   0: 3 0x800038e0 (0x01557ab3) x21 0x00000466
core   0: 0x800038e4 (0x00008c01) c.sub   s0, s0
core   0: 3 0x800038e4 (0x8c01) x 8 0x00000000
core   0: 0x800038e6 (0x0153f233) and     tp, t2, s5
core   0: 3 0x800038e6 (0x0153f233) x 4 0x00000000
core   0: 0x800038ea (0x02600263) beq     zero, t1, pc + 36
core   0: 3 0x800038ea (0x02600263)
core   0: 0x800038ee (0x5198f997) auipc   s3, 0x5198f
core   0: 3 0x800038ee (0x5198f997) x19 0xd19928ee
core   0: 0x800038f2 (0x00008442) c.mv    s0, a6
core   0: 3 0x800038f2 (0x8442) x 8 0x80026ce4
core   0: 0x800038f4 (0x031ad8b3) divu    a7, s5, a7
core   0: 3 0x800038f4 (0x031ad8b3) x17 0x00000466
core   0: 0x800038f8 (0x0000110c) c.addi4spn a1, sp, 160
core   0: 3 0x800038f8 (0x110c) x11 0x000001d8
core   0: 0x800038fa (0x525d4b93) xori    s7, s10, 1317
core   0: 3 0x800038fa (0x525d4b93) x23 0xfffffe25
core   0: 0x800038fe (0x0000717d) c.addi16sp sp, -16
core   0: 3 0x800038fe (0x717d) x 2 0x00000128
core   0: 0x80003900 (0x00008ddd) c.or    a1, a5
core   0: 3 0x80003900 (0x8ddd) x11 0x000001d8
core   0: 0x80003902 (0x005a6c63) bltu    s4, t0, pc + 24
core   0: 3 0x80003902 (0x005a6c63)
core   0: 0x8000391a (0x0315a4b3) mulhsu  s1, a1, a7
core   0: 3 0x8000391a (0x0315a4b3) x 9 0x00000000
core   0: 0x8000391e (0x0046cfb3) xor     t6, a3, tp
core   0: 3 0x8000391e (0x0046cfb3) x31 0x00000000
core   0: 0x80003922 (0x00000e71) c.addi  t3, 28
core   0: 3 0x80003922 (0x0e71) x28 0x0000001c
core   0: 0x80003924 (0x03148eb3) mul     t4, s1, a7
core   0: 3 0x80003924 (0x03148eb3) x29 0x00000000
core   0: 0x80003928 (0x02c96433) rem     s0, s2, a2
core   0: 3 0x80003928 (0x02c96433) x 8 0x00000000
core   0: 0x8000392c (0x000098fd) c.andi  s1, -1
core   0: 3 0x8000392c (0x98fd) x 9 0x00000000
core   0: 0x8000392e (0x4fa8cd93) xori    s11, a7, 1274
core   0: 3 0x8000392e (0x4fa8cd93) x27 0x0000009c
core   0: 0x80003932 (0x031fe363) bltu    t6, a7, pc + 38
core   0: 3 0x80003932 (0x031fe363)
core   0: 0x80003958 (0x015d8233) add     tp, s11, s5
core   0: 3 0x80003958 (0x015d8233) x 4 0x00000502
core   0: 0x8000395c (0x000083c1) c.srli  a5, 16
core   0: 3 0x8000395c (0x83c1) x15 0x00000000
core   0: 0x8000395e (0x006e9b93) slli    s7, t4, 6
core   0: 3 0x8000395e (0x006e9b93) x23 0x00000000
core   0: 0x80003962 (0x001243b3) xor     t2, tp, ra
core   0: 3 0x80003962 (0x001243b3) x 7 0x00000502
core   0: 0x80003966 (0x00703133) snez    sp, t2
core   0: 3 0x80003966 (0x00703133) x 2 0x00000001
core   0: 0x8000396a (0x22c50e13) addi    t3, a0, 556
core   0: 3 0x8000396a (0x22c50e13) x28 0x0000022b
core   0: 0x8000396e (0x02e431b3) mulhu   gp, s0, a4
core   0: 3 0x8000396e (0x02e431b3) x 3 0x00000000
core   0: 0x80003972 (0x00008d6d) c.and   a0, a1
core   0: 3 0x80003972 (0x8d6d) x10 0x000001d8
core   0: 0x80003974 (0x012d3db3) sltu    s11, s10, s2
core   0: 3 0x80003974 (0x012d3db3) x27 0x00000000
core   0: 0x80003978 (0x00009892) c.add   a7, tp
core   0: 3 0x80003978 (0x9892) x17 0x00000968
core   0: 0x8000397a (0x00008d79) c.and   a0, a4
core   0: 3 0x8000397a (0x8d79) x10 0x00000188
core   0: 0x8000397c (0x00b0ed33) or      s10, ra, a1
core   0: 3 0x8000397c (0x00b0ed33) x26 0x000001d8
core   0: 0x80003980 (0x0ff0000f) fence   iorw,iorw
core   0: 3 0x80003980 (0x0ff0000f)
core   0: 0x80003984 (0x032887b3) mul     a5, a7, s2
core   0: 3 0x80003984 (0x032887b3) x15 0x00000000
core   0: 0x80003988 (0x000c8e63) beqz    s9, pc + 28
core   0: 3 0x80003988 (0x000c8e63)
core   0: 0x8000398c (0x00008c65) c.and   s0, s1
core   0: 3 0x8000398c (0x8c65) x 8 0x00000000
core   0: 0x8000398e (0x848d8213) addi    tp, s11, -1976
core   0: 3 0x8000398e (0x848d8213) x 4 0xfffff848
core   0: 0x80003992 (0x006584b3) add     s1, a1, t1
core   0: 3 0x80003992 (0x006584b3) x 9 0x8002303c
core   0: 0x80003996 (0x9b061637) lui     a2, 0x9b061
core   0: 3 0x80003996 (0x9b061637) x12 0x9b061000
core   0: 0x8000399a (0x00111c13) slli    s8, sp, 1
core   0: 3 0x8000399a (0x00111c13) x24 0x00000002
core   0: 0x8000399e (0x00005afd) c.li    s5, -1
core   0: 3 0x8000399e (0x5afd) x21 0xffffffff
core   0: 0x800039a0 (0x009bef33) or      t5, s7, s1
core   0: 3 0x800039a0 (0x009bef33) x30 0x8002303c
core   0: 0x800039a4 (0x01fceb33) or      s6, s9, t6
core   0: 3 0x800039a4 (0x01fceb33) x22 0x00000ac0
core   0: 0x800039a8 (0x032197b3) mulh    a5, gp, s2
core   0: 3 0x800039a8 (0x032197b3) x15 0x00000000
core   0: 0x800039ac (0x00008405) c.srai  s0, 1
core   0: 3 0x800039ac (0x8405) x 8 0x00000000
core   0: 0x800039ae (0x0ff0000f) fence   iorw,iorw
core   0: 3 0x800039ae (0x0ff0000f)
core   0: 0x800039b2 (0x4056dcb3) sra     s9, a3, t0
core   0: 3 0x800039b2 (0x4056dcb3) x25 0x00000000
core   0: 0x800039b6 (0x00009b3a) c.add   s6, a4
core   0: 3 0x800039b6 (0x9b3a) x22 0x00000e4c
core   0: 0x800039b8 (0x02fa38b3) mulhu   a7, s4, a5
core   0: 3 0x800039b8 (0x02fa38b3) x17 0x00000000
core   0: 0x800039bc (0x401dd013) srai    zero, s11, 1
core   0: 3 0x800039bc (0x401dd013)
core   0: 0x800039c0 (0x81bef8b7) lui     a7, 0x81bef
core   0: 3 0x800039c0 (0x81bef8b7) x17 0x81bef000
core   0: 0x800039c4 (0x0000656d) c.lui   a0, 0x1b
core   0: 3 0x800039c4 (0x656d) x10 0x0001b000
core   0: 0x800039c6 (0xbb032c93) slti    s9, t1, -1104
core   0: 3 0x800039c6 (0xbb032c93) x25 0x00000001
core   0: 0x800039ca (0x7ccef213) andi    tp, t4, 1996
core   0: 3 0x800039ca (0x7ccef213) x 4 0x00000000
core   0: 0x800039ce (0x00b955b3) srl     a1, s2, a1
core   0: 3 0x800039ce (0x00b955b3) x11 0x00000000
core   0: 0x800039d2 (0x002e51b3) srl     gp, t3, sp
core   0: 3 0x800039d2 (0x002e51b3) x 3 0x00000115
core   0: 0x800039d6 (0x006bb7b3) sltu    a5, s7, t1
core   0: 3 0x800039d6 (0x006bb7b3) x15 0x00000001
core   0: 0x800039da (0x407c5033) sra     zero, s8, t2
core   0: 3 0x800039da (0x407c5033)
core   0: 0x800039de (0x00008cb5) c.xor   s1, a3
core   0: 3 0x800039de (0x8cb5) x 9 0x8002303c
core   0: 0x800039e0 (0x00008d81) c.sub   a1, s0
core   0: 3 0x800039e0 (0x8d81) x11 0x00000000
core   0: 0x800039e2 (0x03ee85b3) mul     a1, t4, t5
core   0: 3 0x800039e2 (0x03ee85b3) x11 0x00000000
core   0: 0x800039e6 (0x00132b33) slt     s6, t1, ra
core   0: 3 0x800039e6 (0x00132b33) x22 0x00000001
core   0: 0x800039ea (0x00008cfe) c.mv    s9, t6
core   0: 3 0x800039ea (0x8cfe) x25 0x00000000
core   0: 0x800039ec (0x00006739) c.lui   a4, 0xe
core   0: 3 0x800039ec (0x6739) x14 0x0000e000
core   0: 0x800039ee (0x0000e28d) c.bnez  a3, pc + 34
core   0: 3 0x800039ee (0xe28d)
core   0: 0x800039f0 (0x2b8d7113) andi    sp, s10, 696
core   0: 3 0x800039f0 (0x2b8d7113) x 2 0x00000098
core   0: 0x800039f4 (0x00008db5) c.xor   a1, a3
core   0: 3 0x800039f4 (0x8db5) x11 0x00000000
core   0: 0x800039f6 (0x02f39233) mulh    tp, t2, a5
core   0: 3 0x800039f6 (0x02f39233) x 4 0x00000000
core   0: 0x800039fa (0x00d179b3) and     s3, sp, a3
core   0: 3 0x800039fa (0x00d179b3) x19 0x00000000
core   0: 0x800039fe (0x00008b2e) c.mv    s6, a1
core   0: 3 0x800039fe (0x8b2e) x22 0x00000000
core   0: 0x80003a00 (0x014bdab3) srl     s5, s7, s4
core   0: 3 0x80003a00 (0x014bdab3) x21 0x00000000
core   0: 0x80003a04 (0x00008dad) c.xor   a1, a1
core   0: 3 0x80003a04 (0x8dad) x11 0x00000000
core   0: 0x80003a06 (0x00006b0d) c.lui   s6, 0x3
core   0: 3 0x80003a06 (0x6b0d) x22 0x00003000
core   0: 0x80003a08 (0x06a14693) xori    a3, sp, 106
core   0: 3 0x80003a08 (0x06a14693) x13 0x000000f2
core   0: 0x80003a0c (0x0000100f) fence.i
core   0: 3 0x80003a0c (0x0000100f)
core   0: 0x80003a10 (0xaaa47093) andi    ra, s0, -1366
core   0: 3 0x80003a10 (0xaaa47093) x 1 0x00000000
core   0: 0x80003a14 (0x026f1233) mulh    tp, t5, t1
core   0: 3 0x80003a14 (0x026f1233) x 4 0x3ffdd0b4
core   0: 0x80003a18 (0x0000cb01) c.beqz  a4, pc + 16
core   0: 3 0x80003a18 (0xcb01)
core   0: 0x80003a1a (0x337e4513) xori    a0, t3, 823
core   0: 3 0x80003a1a (0x337e4513) x10 0x0000011c
core   0: 0x80003a1e (0x00005f7d) c.li    t5, -1
core   0: 3 0x80003a1e (0x5f7d) x30 0xffffffff
core   0: 0x80003a20 (0x029741b3) div     gp, a4, s1
core   0: 3 0x80003a20 (0x029741b3) x 3 0x00000000
core   0: 0x80003a24 (0x1f312e93) slti    t4, sp, 499
core   0: 3 0x80003a24 (0x1f312e93) x29 0x00000001
core   0: 0x80003a28 (0x0229ce33) div     t3, s3, sp
core   0: 3 0x80003a28 (0x0229ce33) x28 0x00000000
core   0: 0x80003a2c (0x015f17b3) sll     a5, t5, s5
core   0: 3 0x80003a2c (0x015f17b3) x15 0xffffffff
core   0: 0x80003a30 (0x034ad633) divu    a2, s5, s4
core   0: 3 0x80003a30 (0x034ad633) x12 0x00000000
core   0: 0x80003a34 (0x4046d593) srai    a1, a3, 4
core   0: 3 0x80003a34 (0x4046d593) x11 0x0000000f
core   0: 0x80003a38 (0x0262e733) rem     a4, t0, t1
core   0: 3 0x80003a38 (0x0262e733) x14 0xfffffff8
core   0: 0x80003a3c (0x000090da) c.add   ra, s6
core   0: 3 0x80003a3c (0x90da) x 1 0x00003000
core   0: 0x80003a3e (0x33b92513) slti    a0, s2, 827
core   0: 3 0x80003a3e (0x33b92513) x10 0x00000001
core   0: 0x80003a42 (0x00369793) slli    a5, a3, 3
core   0: 3 0x80003a42 (0x00369793) x15 0x00000790
core   0: 0x80003a46 (0x00008cc5) c.or    s1, s1
core   0: 3 0x80003a46 (0x8cc5) x 9 0x8002303c
core   0: 0x80003a48 (0x000058fd) c.li    a7, -1
core   0: 3 0x80003a48 (0x58fd) x17 0xffffffff
core   0: 0x80003a4a (0x00000001) c.nop
core   0: 3 0x80003a4a (0x0001)
core   0: 0x80003a4c (0x0ff0000f) fence   iorw,iorw
core   0: 3 0x80003a4c (0x0ff0000f)
core   0: 0x80003a50 (0x5353b3b7) lui     t2, 0x5353b
core   0: 3 0x80003a50 (0x5353b3b7) x 7 0x5353b000
core   0: 0x80003a54 (0x03c363b3) rem     t2, t1, t3
core   0: 3 0x80003a54 (0x03c363b3) x 7 0x80022e64
core   0: 0x80003a58 (0x00008ed5) c.or    a3, a3
core   0: 3 0x80003a58 (0x8ed5) x13 0x000000f2
core   0: 0x80003a5a (0x02646e33) rem     t3, s0, t1
core   0: 3 0x80003a5a (0x02646e33) x28 0x00000000
core   0: 0x80003a5e (0x00008641) c.srai  a2, 16
core   0: 3 0x80003a5e (0x8641) x12 0x00000000
core   0: 0x80003a60 (0x03d6beb3) mulhu   t4, a3, t4
core   0: 3 0x80003a60 (0x03d6beb3) x29 0x00000000
core   0: 0x80003a64 (0x03019fb3) mulh    t6, gp, a6
core   0: 3 0x80003a64 (0x03019fb3) x31 0x00000000
core   0: 0x80003a68 (0x015ee933) or      s2, t4, s5
core   0: 3 0x80003a68 (0x015ee933) x18 0x00000000
core   0: 0x80003a6c (0x40da5913) srai    s2, s4, 13
core   0: 3 0x80003a6c (0x40da5913) x18 0xfffd3977
core   0: 0x80003a70 (0x0000c881) c.beqz  s1, pc + 16
core   0: 3 0x80003a70 (0xc881)
core   0: 0x80003a72 (0x0034adb3) slt     s11, s1, gp
core   0: 3 0x80003a72 (0x0034adb3) x27 0x00000001
core   0: 0x80003a76 (0x00008cad) c.xor   s1, a1
core   0: 3 0x80003a76 (0x8cad) x 9 0x80023033
core   0: 0x80003a78 (0x0000ed89) c.bnez  a1, pc + 26
core   0: 3 0x80003a78 (0xed89)
core   0: 0x80003a92 (0x00008419) c.srai  s0, 6
core   0: 3 0x80003a92 (0x8419) x 8 0x00000000
core   0: 0x80003a94 (0x03056cb3) rem     s9, a0, a6
core   0: 3 0x80003a94 (0x03056cb3) x25 0x00000001
core   0: 0x80003a98 (0x000002a6) c.slli  t0, 9
core   0: 3 0x80003a98 (0x02a6) x 5 0xfffff000
core   0: 0x80003a9a (0x00008c4d) c.or    s0, a1
core   0: 3 0x80003a9a (0x8c4d) x 8 0x0000000f
core   0: 0x80003a9c (0x0a92ee93) ori     t4, t0, 169
core   0: 3 0x80003a9c (0x0a92ee93) x29 0xfffff0a9
core   0: 0x80003aa0 (0x032925b3) mulhsu  a1, s2, s2
core   0: 3 0x80003aa0 (0x032925b3) x11 0xfffd397e
core   0: 0x80003aa4 (0x41785e93) srai    t4, a6, 23
core   0: 3 0x80003aa4 (0x41785e93) x29 0xffffff00
core   0: 0x80003aa8 (0x00b2c963) blt     t0, a1, pc + 18
core   0: 3 0x80003aa8 (0x00b2c963)
core   0: 0x80003aac (0x03bb80b3) mul     ra, s7, s11
core   0: 3 0x80003aac (0x03bb80b3) x 1 0x00000000
core   0: 0x80003ab0 (0x41498433) sub     s0, s3, s4
core   0: 3 0x80003ab0 (0x41498433) x 8 0x58d10da2
core   0: 0x80003ab4 (0x00455713) srli    a4, a0, 4
core   0: 3 0x80003ab4 (0x00455713) x14 0x00000000
core   0: 0x80003ab8 (0x000099fd) c.andi  a1, -1
core   0: 3 0x80003ab8 (0x99fd) x11 0xfffd397e
core   0: 0x80003aba (0x0000042e) c.slli  s0, 11
core   0: 3 0x80003aba (0x042e) x 8 0x886d1000
core   0: 0x80003abc (0x0ff0000f) fence   iorw,iorw
core   0: 3 0x80003abc (0x0ff0000f)
core   0: 0x80003ac0 (0x00009c8a) c.add   s9, sp
core   0: 3 0x80003ac0 (0x9c8a) x25 0x00000099
core   0: 0x80003ac2 (0x002ae233) or      tp, s5, sp
core   0: 3 0x80003ac2 (0x002ae233) x 4 0x00000098
core   0: 0x80003ac6 (0x00000fd6) c.slli  t6, 21
core   0: 3 0x80003ac6 (0x0fd6) x31 0x00000000
core   0: 0x80003ac8 (0x00000001) c.nop
core   0: 3 0x80003ac8 (0x0001)
core   0: 0x80003aca (0x03d818b3) mulh    a7, a6, t4
core   0: 3 0x80003aca (0x03d818b3) x17 0x0000007f
core   0: 0x80003ace (0x2a78ecb7) lui     s9, 0x2a78e
core   0: 3 0x80003ace (0x2a78ecb7) x25 0x2a78e000
core   0: 0x80003ad2 (0x00ca1793) slli    a5, s4, 12
core   0: 3 0x80003ad2 (0x00ca1793) x15 0xef25e000
core   0: 0x80003ad6 (0x00008fa1) c.xor   a5, s0
core   0: 3 0x80003ad6 (0x8fa1) x15 0x6748f000
core   0: 0x80003ad8 (0x0000917e) c.add   sp, t6
core   0: 3 0x80003ad8 (0x917e) x 2 0x00000098
core   0: 0x80003ada (0x024cdf33) divu    t5, s9, tp
core   0: 3 0x80003ada (0x024cdf33) x30 0x00478835
core   0: 0x80003ade (0x0000100f) fence.i
core   0: 3 0x80003ade (0x0000100f)
core   0: 0x80003ae2 (0x000093ca) c.add   t2, s2
core   0: 3 0x80003ae2 (0x93ca) x 7 0x7fff67db
core   0: 0x80003ae4 (0x0000617d) c.addi16sp sp, 496
core   0: 3 0x80003ae4 (0x617d) x 2 0x00000288
core   0: 0x80003ae6 (0x017041b3) xor     gp, zero, s7
core   0: 3 0x80003ae6 (0x017041b3) x 3 0x00000000
core   0: 0x80003aea (0x0388ecb3) rem     s9, a7, s8
core   0: 3 0x80003aea (0x0388ecb3) x25 0x00000001
core   0: 0x80003aee (0x00008eed) c.and   a3, a1
core   0: 3 0x80003aee (0x8eed) x13 0x00000072
core   0: 0x80003af0 (0x0256cfb3) div     t6, a3, t0
core   0: 3 0x80003af0 (0x0256cfb3) x31 0x00000000
core   0: 0x80003af4 (0x00008ef9) c.and   a3, a4
core   0: 3 0x80003af4 (0x8ef9) x13 0x00000000
core   0: 0x80003af6 (0x01aaf9b3) and     s3, s5, s10
core   0: 3 0x80003af6 (0x01aaf9b3) x19 0x00000000
core   0: 0x80003afa (0x0000100f) fence.i
core   0: 3 0x80003afa (0x0000100f)
core   0: 0x80003afe (0x01025d13) srli    s10, tp, 16
core   0: 3 0x80003afe (0x01025d13) x26 0x00000000
core   0: 0x80003b02 (0x02357a63) bgeu    a0, gp, pc + 52
core   0: 3 0x80003b02 (0x02357a63)
core   0: 0x80003b36 (0x00c9c963) blt     s3, a2, pc + 18
core   0: 3 0x80003b36 (0x00c9c963)
core   0: 0x80003b3a (0x00000914) c.addi4spn a3, sp, 144
core   0: 3 0x80003b3a (0x0914) x13 0x00000318
core   0: 0x80003b3c (0x010f5d33) srl     s10, t5, a6
core   0: 3 0x80003b3c (0x010f5d33) x26 0x00047883
core   0: 0x80003b40 (0xe1f2a697) auipc   a3, 0xe1f2a
core   0: 3 0x80003b40 (0xe1f2a697) x13 0x61f2db40
core   0: 0x80003b44 (0x037767b3) rem     a5, a4, s7
core   0: 3 0x80003b44 (0x037767b3) x15 0x00000000
core   0: 0x80003b48 (0x74252993) slti    s3, a0, 1858
core   0: 3 0x80003b48 (0x74252993) x19 0x00000001
core   0: 0x80003b4c (0x0000717d) c.addi16sp sp, -16
core   0: 3 0x80003b4c (0x717d) x 2 0x00000278
core   0: 0x80003b4e (0x00000105) c.addi  sp, 1
core   0: 3 0x80003b4e (0x0105) x 2 0x00000279
core   0: 0x80003b50 (0xfc2d0297) auipc   t0, 0xfc2d0
core   0: 3 0x80003b50 (0xfc2d0297) x 5 0x7c2d3b50
core   0: 0x80003b54 (0x01d07433) and     s0, zero, t4
core   0: 3 0x80003b54 (0x01d07433) x 8 0x00000000
core   0: 0x80003b58 (0x00e29b13) slli    s6, t0, 14
core   0: 3 0x80003b58 (0x00e29b13) x22 0x4ed40000
core   0: 0x80003b5c (0x408e0733) sub     a4, t3, s0
core   0: 3 0x80003b5c (0x408e0733) x14 0x00000000
core   0: 0x80003b60 (0x0ff0000f) fence   iorw,iorw
core   0: 3 0x80003b60 (0x0ff0000f)
core   0: 0x80003b64 (0x03fa8cb3) mul     s9, s5, t6
core   0: 3 0x80003b64 (0x03fa8cb3) x25 0x00000000
core   0: 0x80003b68 (0x0ff0000f) fence   iorw,iorw
core   0: 3 0x80003b68 (0x0ff0000f)
core   0: 0x80003b6c (0x41855ab3) sra     s5, a0, s8
core   0: 3 0x80003b6c (0x41855ab3) x21 0x00000000
core   0: 0x80003b70 (0x00004221) c.li    tp, 8
core   0: 3 0x80003b70 (0x4221) x 4 0x00000008
core   0: 0x80003b72 (0x00000001) c.nop
core   0: 3 0x80003b72 (0x0001)
core   0: 0x80003b74 (0x0ff0000f) fence   iorw,iorw
core   0: 3 0x80003b74 (0x0ff0000f)
core   0: 0x80003b78 (0x00008e79) c.and   a2, a4
core   0: 3 0x80003b78 (0x8e79) x12 0x00000000
core   0: 0x80003b7a (0x9ebe3713) sltiu   a4, t3, -1557
core   0: 3 0x80003b7a (0x9ebe3713) x14 0x00000001
core   0: 0x80003b7e (0x00004791) c.li    a5, 4
core   0: 3 0x80003b7e (0x4791) x15 0x00000004
core   0: 0x80003b80 (0x00008c51) c.or    s0, a2
core   0: 3 0x80003b80 (0x8c51) x 8 0x00000000
core   0: 0x80003b82 (0x00e19b13) slli    s6, gp, 14
core   0: 3 0x80003b82 (0x00e19b13) x22 0x00000000
core   0: 0x80003b86 (0xd1fbc913) xori    s2, s7, -737
core   0: 3 0x80003b86 (0xd1fbc913) x18 0xfffffd1f
core   0: 0x80003b8a (0x03922db3) mulhsu  s11, tp, s9
core   0: 3 0x80003b8a (0x03922db3) x27 0x00000000
core   0: 0x80003b8e (0x03997733) remu    a4, s2, s9
core   0: 3 0x80003b8e (0x03997733) x14 0xfffffd1f
core   0: 0x80003b92 (0x008bfb63) bgeu    s7, s0, pc + 22
core   0: 3 0x80003b92 (0x008bfb63)
core   0: 0x80003ba8 (0x02e33933) mulhu   s2, t1, a4
core   0: 3 0x80003ba8 (0x02e33933) x18 0x80022cf3
core   0: 0x80003bac (0x0ff0000f) fence   iorw,iorw
core   0: 3 0x80003bac (0x0ff0000f)
core   0: 0x80003bb0 (0x00535b33) srl     s6, t1, t0
core   0: 3 0x80003bb0 (0x00535b33) x22 0x00008002
core   0: 0x80003bb4 (0x01488d63) beq     a7, s4, pc + 26
core   0: 3 0x80003bb4 (0x01488d63)
core   0: 0x80003bb8 (0x00000900) c.addi4spn s0, sp, 144
core   0: 3 0x80003bb8 (0x0900) x 8 0x00000309
core   0: 0x80003bba (0x018fcb33) xor     s6, t6, s8
core   0: 3 0x80003bba (0x018fcb33) x22 0x00000002
core   0: 0x80003bbe (0x03cac4b3) div     s1, s5, t3
core   0: 3 0x80003bbe (0x03cac4b3) x 9 0xffffffff
core   0: 0x80003bc2 (0x00008eb9) c.xor   a3, a4
core   0: 3 0x80003bc2 (0x8eb9) x13 0x9e0d265f
core   0: 0x80003bc4 (0x0371a633) mulhsu  a2, gp, s7
core   0: 3 0x80003bc4 (0x0371a633) x12 0x00000000
core   0: 0x80003bc8 (0x00000001) c.nop
core   0: 3 0x80003bc8 (0x0001)
core   0: 0x80003bca (0x03bf1c63) bne     t5, s11, pc + 56
core   0: 3 0x80003bca (0x03bf1c63)
core   0: 0x80003c02 (0x008e5033) srl     zero, t3, s0
core   0: 3 0x80003c02 (0x008e5033)
core   0: 0x80003c06 (0x0000ed11) c.bnez  a0, pc + 28
core   0: 3 0x80003c06 (0xed11)
core   0: 0x80003c22 (0x00008f5d) c.or    a4, a5
core   0: 3 0x80003c22 (0x8f5d) x14 0xfffffd1f
core   0: 0x80003c24 (0x007ae8b3) or      a7, s5, t2
core   0: 3 0x80003c24 (0x007ae8b3) x17 0x7fff67db
core   0: 0x80003c28 (0x0ff0000f) fence   iorw,iorw
core   0: 3 0x80003c28 (0x0ff0000f)
core   0: 0x80003c2c (0x07ba8963) beq     s5, s11, pc + 114
core   0: 3 0x80003c2c (0x07ba8963)
core   0: 0x80003c9e (0x00009b4e) c.add   s6, s3
core   0: 3 0x80003c9e (0x9b4e) x22 0x00000003
core   0: 0x80003ca0 (0x00008f15) c.sub   a4, a3
core   0: 3 0x80003ca0 (0x8f15) x14 0x61f2d6c0
core   0: 0x80003ca2 (0x018e63b3) or      t2, t3, s8
core   0: 3 0x80003ca2 (0x018e63b3) x 7 0x00000002
core   0: 0x80003ca6 (0x02ecd463) bge     s9, a4, pc + 40
core   0: 3 0x80003ca6 (0x02ecd463)
core   0: 0x80003caa (0x00000001) c.nop
core   0: 3 0x80003caa (0x0001)
core   0: 0x80003cac (0x00000001) c.nop
core   0: 3 0x80003cac (0x0001)
core   0: 0x80003cae (0x0000100f) fence.i
core   0: 3 0x80003cae (0x0000100f)
core   0: 0x80003cb2 (0x21e72413) slti    s0, a4, 542
core   0: 3 0x80003cb2 (0x21e72413) x 8 0x00000000
core   0: 0x80003cb6 (0x00ddde33) srl     t3, s11, a3
core   0: 3 0x80003cb6 (0x00ddde33) x28 0x00000000
core   0: 0x80003cba (0x0000e511) c.bnez  a0, pc + 12
core   0: 3 0x80003cba (0xe511)
core   0: 0x80003cc6 (0x02422d33) mulhsu  s10, tp, tp
core   0: 3 0x80003cc6 (0x02422d33) x26 0x00000000
core   0: 0x80003cca (0x4014d713) srai    a4, s1, 1
core   0: 3 0x80003cca (0x4014d713) x14 0xffffffff
core   0: 0x80003cce (0xd0bfa497) auipc   s1, 0xd0bfa
core   0: 3 0x80003cce (0xd0bfa497) x 9 0x50bfdcce
core   0: 0x80003cd2 (0x03f57533) remu    a0, a0, t6
core   0: 3 0x80003cd2 (0x03f57533) x10 0x00000001
core   0: 0x80003cd6 (0x00edc0b3) xor     ra, s11, a4
core   0: 3 0x80003cd6 (0x00edc0b3) x 1 0xffffffff
core   0: 0x80003cda (0x01552db3) slt     s11, a0, s5
core   0: 3 0x80003cda (0x01552db3) x27 0x00000000
core   0: 0x80003cde (0x11db3413) sltiu   s0, s6, 285
core   0: 3 0x80003cde (0x11db3413) x 8 0x00000001
core   0: 0x80003ce2 (0x00009afd) c.andi  a3, -1
core   0: 3 0x80003ce2 (0x9afd) x13 0x9e0d265f
core   0: 0x80003ce4 (0x00008ca1) c.xor   s1, s0
core   0: 3 0x80003ce4 (0x8ca1) x 9 0x50bfdccf
core   0: 0x80003ce6 (0x00008bfe) c.mv    s7, t6
core   0: 3 0x80003ce6 (0x8bfe) x23 0x00000000
core   0: 0x80003ce8 (0x00008e95) c.sub   a3, a3
core   0: 3 0x80003ce8 (0x8e95) x13 0x00000000
core   0: 0x80003cea (0x00009b7d) c.andi  a4, -1
core   0: 3 0x80003cea (0x9b7d) x14 0xffffffff
core   0: 0x80003cec (0x022e60b3) rem     ra, t3, sp
core   0: 3 0x80003cec (0x022e60b3) x 1 0x00000000
core   0: 0x80003cf0 (0x00448a63) beq     s1, tp, pc + 20
core   0: 3 0x80003cf0 (0x00448a63)
core   0: 0x80003cf4 (0x020c5663) bgez    s8, pc + 44
core   0: 3 0x80003cf4 (0x020c5663)
core   0: 0x80003d20 (0x000082b1) c.srli  a3, 12
core   0: 3 0x80003d20 (0x82b1) x13 0x00000000
core   0: 0x80003d22 (0x0189a0b3) slt     ra, s3, s8
core   0: 3 0x80003d22 (0x0189a0b3) x 1 0x00000001
core   0: 0x80003d26 (0x00008ba1) c.andi  a5, 8
core   0: 3 0x80003d26 (0x8ba1) x15 0x00000000
core   0: 0x80003d28 (0x0ff0000f) fence   iorw,iorw
core   0: 3 0x80003d28 (0x0ff0000f)
core   0: 0x80003d2c (0x01f96933) or      s2, s2, t6
core   0: 3 0x80003d2c (0x01f96933) x18 0x80022cf3
core   0: 0x80003d30 (0x00008e1d) c.sub   a2, a5
core   0: 3 0x80003d30 (0x8e1d) x12 0x00000000
core   0: 0x80003d32 (0x00008c11) c.sub   s0, a2
core   0: 3 0x80003d32 (0x8c11) x 8 0x00000001
core   0: 0x80003d34 (0x403b5133) sra     sp, s6, gp
core   0: 3 0x80003d34 (0x403b5133) x 2 0x00000003
core   0: 0x80003d38 (0x0283a233) mulhsu  tp, t2, s0
core   0: 3 0x80003d38 (0x0283a233) x 4 0x00000000
core   0: 0x80003d3c (0x00e7edb3) or      s11, a5, a4
core   0: 3 0x80003d3c (0x00e7edb3) x27 0xffffffff
core   0: 0x80003d40 (0x01deadb3) slt     s11, t4, t4
core   0: 3 0x80003d40 (0x01deadb3) x27 0x00000000
core   0: 0x80003d44 (0x000040ad) c.li    ra, 11
core   0: 3 0x80003d44 (0x40ad) x 1 0x0000000b
core   0: 0x80003d46 (0x000044d9) c.li    s1, 22
core   0: 3 0x80003d46 (0x44d9) x 9 0x00000016
core   0: 0x80003d48 (0x40255393) srai    t2, a0, 2
core   0: 3 0x80003d48 (0x40255393) x 7 0x00000000
core   0: 0x80003d4c (0x022d8763) beq     s11, sp, pc + 46
core   0: 3 0x80003d4c (0x022d8763)
core   0: 0x80003d50 (0x00438463) beq     t2, tp, pc + 8
core   0: 3 0x80003d50 (0x00438463)
core   0: 0x80003d58 (0x00000001) c.nop
core   0: 3 0x80003d58 (0x0001)
core   0: 0x80003d5a (0x016449b3) xor     s3, s0, s6
core   0: 3 0x80003d5a (0x016449b3) x19 0x00000002
core   0: 0x80003d5e (0x419b5613) srai    a2, s6, 25
core   0: 3 0x80003d5e (0x419b5613) x12 0x00000000
core   0: 0x80003d62 (0x03fd9733) mulh    a4, s11, t6
core   0: 3 0x80003d62 (0x03fd9733) x14 0x00000000
core   0: 0x80003d66 (0x00008fd5) c.or    a5, a3
core   0: 3 0x80003d66 (0x8fd5) x15 0x00000000
core   0: 0x80003d68 (0x00006ba1) c.lui   s7, 0x8
core   0: 3 0x80003d68 (0x6ba1) x23 0x00008000
core   0: 0x80003d6a (0x00008c45) c.or    s0, s1
core   0: 3 0x80003d6a (0x8c45) x 8 0x00000017
core   0: 0x80003d6c (0x332ef797) auipc   a5, 0x332ef
core   0: 3 0x80003d6c (0x332ef797) x15 0xb32f2d6c
core   0: 0x80003d70 (0x00008ccd) c.or    s1, a1
core   0: 3 0x80003d70 (0x8ccd) x 9 0xfffd397e
core   0: 0x80003d72 (0x02d71033) mulh    zero, a4, a3
core   0: 3 0x80003d72 (0x02d71033)
core   0: 0x80003d76 (0xef22a593) slti    a1, t0, -270
core   0: 3 0x80003d76 (0xef22a593) x11 0x00000000
core   0: 0x80003d7a (0x98540113) addi    sp, s0, -1659
core   0: 3 0x80003d7a (0x98540113) x 2 0xfffff99c
core   0: 0x80003d7e (0x00008789) c.srai  a5, 2
core   0: 3 0x80003d7e (0x8789) x15 0xeccbcb5b
core   0: 0x80003d80 (0x031f9233) mulh    tp, t6, a7
core   0: 3 0x80003d80 (0x031f9233) x 4 0x00000000
core   0: 0x80003d84 (0x0ff0000f) fence   iorw,iorw
core   0: 3 0x80003d84 (0x0ff0000f)
core   0: 0x80003d88 (0x01f155b3) srl     a1, sp, t6
core   0: 3 0x80003d88 (0x01f155b3) x11 0xfffff99c
core   0: 0x80003d8c (0x00fa9c33) sll     s8, s5, a5
core   0: 3 0x80003d8c (0x00fa9c33) x24 0x00000000
core   0: 0x80003d90 (0x03ba0963) beq     s4, s11, pc + 50
core   0: 3 0x80003d90 (0x03ba0963)
core   0: 0x80003d94 (0x7c627993) andi    s3, tp, 1990
core   0: 3 0x80003d94 (0x7c627993) x19 0x00000000
core   0: 0x80003d98 (0x0119b133) sltu    sp, s3, a7
core   0: 3 0x80003d98 (0x0119b133) x 2 0x00000001
core   0: 0x80003d9c (0x00001088) c.addi4spn a0, sp, 96
core   0: 3 0x80003d9c (0x1088) x10 0x00000061
core   0: 0x80003d9e (0x408205b3) sub     a1, tp, s0
core   0: 3 0x80003d9e (0x408205b3) x11 0xffffffe9
core   0: 0x80003da2 (0x00ef1d13) slli    s10, t5, 14
core   0: 3 0x80003da2 (0x00ef1d13) x26 0xe20d4000
core   0: 0x80003da6 (0x00008c7d) c.and   s0, a5
core   0: 3 0x80003da6 (0x8c7d) x 8 0x00000013
core   0: 0x80003da8 (0x0ff0000f) fence   iorw,iorw
core   0: 3 0x80003da8 (0x0ff0000f)
core   0: 0x80003dac (0x0004b5b3) sltu    a1, s1, zero
core   0: 3 0x80003dac (0x0004b5b3) x11 0x00000000
core   0: 0x80003db0 (0x00000001) c.nop
core   0: 3 0x80003db0 (0x0001)
core   0: 0x80003db2 (0x41475b93) srai    s7, a4, 20
core   0: 3 0x80003db2 (0x41475b93) x23 0x00000000
core   0: 0x80003db6 (0x01825393) srli    t2, tp, 24
core   0: 3 0x80003db6 (0x01825393) x 7 0x00000000
core   0: 0x80003dba (0x71da4493) xori    s1, s4, 1821
core   0: 3 0x80003dba (0x71da4493) x 9 0xa72ef543
core   0: 0x80003dbe (0x3ac0e937) lui     s2, 0x3ac0e
core   0: 3 0x80003dbe (0x3ac0e937) x18 0x3ac0e000
core   0: 0x80003dc2 (0x02727233) remu    tp, tp, t2
core   0: 3 0x80003dc2 (0x02727233) x 4 0x00000000
core   0: 0x80003dc6 (0x0000e80d) c.bnez  s0, pc + 50
core   0: 3 0x80003dc6 (0xe80d)
core   0: 0x80003df8 (0x00001d7d) c.addi  s10, -1
core   0: 3 0x80003df8 (0x1d7d) x26 0xe20d3fff
core   0: 0x80003dfa (0x00fcec33) or      s8, s9, a5
core   0: 3 0x80003dfa (0x00fcec33) x24 0xeccbcb5b
core   0: 0x80003dfe (0xd8b7fc93) andi    s9, a5, -629
core   0: 3 0x80003dfe (0xd8b7fc93) x25 0xeccbc90b
core   0: 0x80003e02 (0x000081a9) c.srli  a1, 10
core   0: 3 0x80003e02 (0x81a9) x11 0x00000000
core   0: 0x80003e04 (0x0000717d) c.addi16sp sp, -16
core   0: 3 0x80003e04 (0x717d) x 2 0xfffffff1
core   0: 0x80003e06 (0x52bfb593) sltiu   a1, t6, 1323
core   0: 3 0x80003e06 (0x52bfb593) x11 0x00000001
core   0: 0x80003e0a (0x00009b7d) c.andi  a4, -1
core   0: 3 0x80003e0a (0x9b7d) x14 0x00000000
core   0: 0x80003e0c (0x00008f45) c.or    a4, s1
core   0: 3 0x80003e0c (0x8f45) x14 0xa72ef543
core   0: 0x80003e0e (0x48837c93) andi    s9, t1, 1160
core   0: 3 0x80003e0e (0x48837c93) x25 0x00000400
core   0: 0x80003e12 (0x00d398b3) sll     a7, t2, a3
core   0: 3 0x80003e12 (0x00d398b3) x17 0x00000000
core   0: 0x80003e16 (0x03cb3933) mulhu   s2, s6, t3
core   0: 3 0x80003e16 (0x03cb3933) x18 0x00000000
core   0: 0x80003e1a (0x00000539) c.addi  a0, 14
core   0: 3 0x80003e1a (0x0539) x10 0x0000006f
core   0: 0x80003e1c (0x00000d32) c.slli  s10, 12
core   0: 3 0x80003e1c (0x0d32) x26 0xd3fff000
core   0: 0x80003e1e (0x409baeb7) lui     t4, 0x409ba
core   0: 3 0x80003e1e (0x409baeb7) x29 0x409ba000
core   0: 0x80003e22 (0x00eb0db3) add     s11, s6, a4
core   0: 3 0x80003e22 (0x00eb0db3) x27 0xa72ef546
core   0: 0x80003e26 (0x0000e785) c.bnez  a5, pc + 40
core   0: 3 0x80003e26 (0xe785)
core   0: 0x80003e4e (0x0166adb3) slt     s11, a3, s6
core   0: 3 0x80003e4e (0x0166adb3) x27 0x00000001
core   0: 0x80003e52 (0x0000e70d) c.bnez  a4, pc + 42
core   0: 3 0x80003e52 (0xe70d)
core   0: 0x80003e7c (0x00006e79) c.lui   t3, 0x1e
core   0: 3 0x80003e7c (0x6e79) x28 0x0001e000
core   0: 0x80003e7e (0x00008565) c.srai  a0, 25
core   0: 3 0x80003e7e (0x8565) x10 0x00000000
core   0: 0x80003e80 (0x00009ee2) c.add   t4, s8
core   0: 3 0x80003e80 (0x9ee2) x29 0x2d676b5b
core   0: 0x80003e82 (0x03e8e7b3) rem     a5, a7, t5
core   0: 3 0x80003e82 (0x03e8e7b3) x15 0x00000000
core   0: 0x80003e86 (0x0000717d) c.addi16sp sp, -16
core   0: 3 0x80003e86 (0x717d) x 2 0xffffffe1
core   0: 0x80003e88 (0x00000001) c.nop
core   0: 3 0x80003e88 (0x0001)
core   0: 0x80003e8a (0x03563b33) mulhu   s6, a2, s5
core   0: 3 0x80003e8a (0x03563b33) x22 0x00000000
core   0: 0x80003e8e (0x519f4493) xori    s1, t5, 1305
core   0: 3 0x80003e8e (0x519f4493) x 9 0x00478d2c
core   0: 0x80003e92 (0x00008f19) c.sub   a4, a4
core   0: 3 0x80003e92 (0x8f19) x14 0x00000000
core   0: 0x80003e94 (0xa5d7f037) lui     zero, 0xa5d7f
core   0: 3 0x80003e94 (0xa5d7f037)
core   0: 0x80003e98 (0x02f58d33) mul     s10, a1, a5
core   0: 3 0x80003e98 (0x02f58d33) x26 0x00000000
core   0: 0x80003e9c (0x0000c79d) c.beqz  a5, pc + 46
core   0: 3 0x80003e9c (0xc79d)
core   0: 0x80003eca (0x00009c8a) c.add   s9, sp
core   0: 3 0x80003eca (0x9c8a) x25 0x000003e1
core   0: 0x80003ecc (0x40a807b3) sub     a5, a6, a0
core   0: 3 0x80003ecc (0x40a807b3) x15 0x80026ce4
core   0: 0x80003ed0 (0x0000547d) c.li    s0, -1
core   0: 3 0x80003ed0 (0x547d) x 8 0xffffffff
core   0: 0x80003ed2 (0x1adfed93) ori     s11, t6, 429
core   0: 3 0x80003ed2 (0x1adfed93) x27 0x000001ad
core   0: 0x80003ed6 (0x20246037) lui     zero, 0x20246
core   0: 3 0x80003ed6 (0x20246037)
core   0: 0x80003eda (0x000081f1) c.srli  a1, 28
core   0: 3 0x80003eda (0x81f1) x11 0x00000000
core   0: 0x80003edc (0x03306233) rem     tp, zero, s3
core   0: 3 0x80003edc (0x03306233) x 4 0x00000000
core   0: 0x80003ee0 (0x0000100f) fence.i
core   0: 3 0x80003ee0 (0x0000100f)
core   0: 0x80003ee4 (0x012ef633) and     a2, t4, s2
core   0: 3 0x80003ee4 (0x012ef633) x12 0x00000000
core   0: 0x80003ee8 (0x02b50233) mul     tp, a0, a1
core   0: 3 0x80003ee8 (0x02b50233) x 4 0x00000000
core   0: 0x80003eec (0x00db4fb3) xor     t6, s6, a3
core   0: 3 0x80003eec (0x00db4fb3) x31 0x00000000
core   0: 0x80003ef0 (0x032c1e33) mulh    t3, s8, s2
core   0: 3 0x80003ef0 (0x032c1e33) x28 0x00000000
core   0: 0x80003ef4 (0xe42a8e17) auipc   t3, 0xe42a8
core   0: 3 0x80003ef4 (0xe42a8e17) x28 0x642abef4
core   0: 0x80003ef8 (0x41405633) sra     a2, zero, s4
core   0: 3 0x80003ef8 (0x41405633) x12 0x00000000
core   0: 0x80003efc (0x028b3ab3) mulhu   s5, s6, s0
core   0: 3 0x80003efc (0x028b3ab3) x21 0x00000000
core   0: 0x80003f00 (0x0000cc81) c.beqz  s1, pc + 24
core   0: 3 0x80003f00 (0xcc81)
core   0: 0x80003f02 (0x00df5b63) bge     t5, a3, pc + 22
core   0: 3 0x80003f02 (0x00df5b63)
core   0: 0x80003f18 (0x0000658d) c.lui   a1, 0x3
core   0: 3 0x80003f18 (0x658d) x11 0x00003000
core   0: 0x80003f1a (0x00000001) c.nop
core   0: 3 0x80003f1a (0x0001)
core   0: 0x80003f1c (0x03ac2233) mulhsu  tp, s8, s10
core   0: 3 0x80003f1c (0x03ac2233) x 4 0x00000000
core   0: 0x80003f20 (0x000095e6) c.add   a1, s9
core   0: 3 0x80003f20 (0x95e6) x11 0x000033e1
core   0: 0x80003f22 (0x034369b3) rem     s3, t1, s4
core   0: 3 0x80003f22 (0x034369b3) x19 0xd8d33c06
core   0: 0x80003f26 (0x02aa1b63) bne     s4, a0, pc + 54
core   0: 3 0x80003f26 (0x02aa1b63)
core   0: 0x80003f5c (0x00009e32) c.add   t3, a2
core   0: 3 0x80003f5c (0x9e32) x28 0x642abef4
core   0: 0x80003f5e (0x00008fa9) c.xor   a5, a0
core   0: 3 0x80003f5e (0x8fa9) x15 0x80026ce4
core   0: 0x80003f60 (0x00008ff5) c.and   a5, a3
core   0: 3 0x80003f60 (0x8ff5) x15 0x00000000
core   0: 0x80003f62 (0x031bd8b3) divu    a7, s7, a7
core   0: 3 0x80003f62 (0x031bd8b3) x17 0xffffffff
core   0: 0x80003f66 (0x0000517d) c.li    sp, -1
core   0: 3 0x80003f66 (0x517d) x 2 0xffffffff
core   0: 0x80003f68 (0x00001f14) c.addi4spn a3, sp, 944
core   0: 3 0x80003f68 (0x1f14) x13 0x000003af
core   0: 0x80003f6a (0x0ff0000f) fence   iorw,iorw
core   0: 3 0x80003f6a (0x0ff0000f)
core   0: 0x80003f6e (0x00005d7d) c.li    s10, -1
core   0: 3 0x80003f6e (0x5d7d) x26 0xffffffff
core   0: 0x80003f70 (0x41915493) srai    s1, sp, 25
core   0: 3 0x80003f70 (0x41915493) x 9 0xffffffff
core   0: 0x80003f74 (0xe2877513) andi    a0, a4, -472
core   0: 3 0x80003f74 (0xe2877513) x10 0x00000000
core   0: 0x80003f78 (0x0000861d) c.srai  a2, 7
core   0: 3 0x80003f78 (0x861d) x12 0x00000000
core   0: 0x80003f7a (0x00000001) c.nop
core   0: 3 0x80003f7a (0x0001)
core   0: 0x80003f7c (0x0000100f) fence.i
core   0: 3 0x80003f7c (0x0000100f)
core   0: 0x80003f80 (0x0000100f) fence.i
core   0: 3 0x80003f80 (0x0000100f)
core   0: 0x80003f84 (0x7aa0f593) andi    a1, ra, 1962
core   0: 3 0x80003f84 (0x7aa0f593) x11 0x0000000a
core   0: 0x80003f88 (0x000098e6) c.add   a7, s9
core   0: 3 0x80003f88 (0x98e6) x17 0x000003e0
core   0: 0x80003f8a (0x02c36e33) rem     t3, t1, a2
core   0: 3 0x80003f8a (0x02c36e33) x28 0x80022e64
core   0: 0x80003f8e (0x009d9733) sll     a4, s11, s1
core   0: 3 0x80003f8e (0x009d9733) x14 0x80000000
core   0: 0x80003f92 (0x00795713) srli    a4, s2, 7
core   0: 3 0x80003f92 (0x00795713) x14 0x00000000
core   0: 0x80003f96 (0x00005d7d) c.li    s10, -1
core   0: 3 0x80003f96 (0x5d7d) x26 0xffffffff
core   0: 0x80003f98 (0x0200aeb3) mulhsu  t4, ra, zero
core   0: 3 0x80003f98 (0x0200aeb3) x29 0x00000000
core   0: 0x80003f9c (0x008b6bb3) or      s7, s6, s0
core   0: 3 0x80003f9c (0x008b6bb3) x23 0xffffffff
core   0: 0x80003fa0 (0x41830bb3) sub     s7, t1, s8
core   0: 3 0x80003fa0 (0x41830bb3) x23 0x93366309
core   0: 0x80003fa4 (0x0150c3b3) xor     t2, ra, s5
core   0: 3 0x80003fa4 (0x0150c3b3) x 7 0x0000000b
core   0: 0x80003fa8 (0x0000868e) c.mv    a3, gp
core   0: 3 0x80003fa8 (0x868e) x13 0x00000000
core   0: 0x80003faa (0x0191b133) sltu    sp, gp, s9
core   0: 3 0x80003faa (0x0191b133) x 2 0x00000001
core   0: 0x80003fae (0x00008f61) c.and   a4, s0
core   0: 3 0x80003fae (0x8f61) x14 0x00000000
core   0: 0x80003fb0 (0x00000001) c.nop
core   0: 3 0x80003fb0 (0x0001)
core   0: 0x80003fb2 (0x00008dfd) c.and   a1, a5
core   0: 3 0x80003fb2 (0x8dfd) x11 0x00000000
core   0: 0x80003fb4 (0x039af433) remu    s0, s5, s9
core   0: 3 0x80003fb4 (0x039af433) x 8 0x00000000
core   0: 0x80003fb8 (0x009f3fb3) sltu    t6, t5, s1
core   0: 3 0x80003fb8 (0x009f3fb3) x31 0x00000001
core   0: 0x80003fbc (0x9457c593) xori    a1, a5, -1723
core   0: 3 0x80003fbc (0x9457c593) x11 0xfffff945
core   0: 0x80003fc0 (0x41c1dd33) sra     s10, gp, t3
core   0: 3 0x80003fc0 (0x41c1dd33) x26 0x00000000
core   0: 0x80003fc4 (0x01809963) bne     ra, s8, pc + 18
core   0: 3 0x80003fc4 (0x01809963)
core   0: 0x80003fd6 (0x0000887d) c.andi  s0, 31
core   0: 3 0x80003fd6 (0x887d) x 8 0x00000000
core   0: 0x80003fd8 (0xcc802c17) auipc   s8, 0xcc802
core   0: 3 0x80003fd8 (0xcc802c17) x24 0x4c805fd8
core   0: 0x80003fdc (0xc2b79c17) auipc   s8, 0xc2b79
core   0: 3 0x80003fdc (0xc2b79c17) x24 0x42b7cfdc
core   0: 0x80003fe0 (0x03bef0b3) remu    ra, t4, s11
core   0: 3 0x80003fe0 (0x03bef0b3) x 1 0x00000000
core   0: 0x80003fe4 (0x00008a61) c.andi  a2, 24
core   0: 3 0x80003fe4 (0x8a61) x12 0x00000000
core   0: 0x80003fe6 (0x01664863) blt     a2, s6, pc + 16
core   0: 3 0x80003fe6 (0x01664863)
core   0: 0x80003fea (0x0001d113) srli    sp, gp, 0
core   0: 3 0x80003fea (0x0001d113) x 2 0x00000000
core   0: 0x80003fee (0x00000b7a) c.slli  s6, 30
core   0: 3 0x80003fee (0x0b7a) x22 0x00000000
core   0: 0x80003ff0 (0x0000018a) c.slli  gp, 2
core   0: 3 0x80003ff0 (0x018a) x 3 0x00000000
core   0: 0x80003ff2 (0x003a4233) xor     tp, s4, gp
core   0: 3 0x80003ff2 (0x003a4233) x 4 0xa72ef25e
core   0: 0x80003ff6 (0x000088ad) c.andi  s1, 11
core   0: 3 0x80003ff6 (0x88ad) x 9 0x0000000b
core   0: 0x80003ff8 (0x40145fb3) sra     t6, s0, ra
core   0: 3 0x80003ff8 (0x40145fb3) x31 0x00000000
core   0: 0x80003ffc (0x03c0cfb3) div     t6, ra, t3
core   0: 3 0x80003ffc (0x03c0cfb3) x31 0x00000000
core   0: 0x80004000 (0x00a3fe33) and     t3, t2, a0
core   0: 3 0x80004000 (0x00a3fe33) x28 0x00000000
core   0: 0x80004004 (0x440fa193) slti    gp, t6, 1088
core   0: 3 0x80004004 (0x440fa193) x 3 0x00000001
core   0: 0x80004008 (0x02a57663) bgeu    a0, a0, pc + 44
core   0: 3 0x80004008 (0x02a57663)
core   0: 0x80004034 (0x01295193) srli    gp, s2, 18
core   0: 3 0x80004034 (0x01295193) x 3 0x00000000
core   0: 0x80004038 (0x002715b3) sll     a1, a4, sp
core   0: 3 0x80004038 (0x002715b3) x11 0x00000000
core   0: 0x8000403c (0x00008ab9) c.andi  a3, 14
core   0: 3 0x8000403c (0x8ab9) x13 0x00000000
core   0: 0x8000403e (0x00000455) c.addi  s0, 21
core   0: 3 0x8000403e (0x0455) x 8 0x00000015
core   0: 0x80004040 (0x005429b3) slt     s3, s0, t0
core   0: 3 0x80004040 (0x005429b3) x19 0x00000001
core   0: 0x80004044 (0x000081c1) c.srli  a1, 16
core   0: 3 0x80004044 (0x81c1) x11 0x00000000
core   0: 0x80004046 (0x00a53cb3) sltu    s9, a0, a0
core   0: 3 0x80004046 (0x00a53cb3) x25 0x00000000
core   0: 0x8000404a (0x40e95c33) sra     s8, s2, a4
core   0: 3 0x8000404a (0x40e95c33) x24 0x00000000
core   0: 0x8000404e (0x006a7c33) and     s8, s4, t1
core   0: 3 0x8000404e (0x006a7c33) x24 0x80022244
core   0: 0x80004052 (0x40825c13) srai    s8, tp, 8
core   0: 3 0x80004052 (0x40825c13) x24 0xffa72ef2
core   0: 0x80004056 (0x005c0733) add     a4, s8, t0
core   0: 3 0x80004056 (0x005c0733) x14 0x7bd46a42
core   0: 0x8000405a (0x8447ea93) ori     s5, a5, -1980
core   0: 3 0x8000405a (0x8447ea93) x21 0xfffff844
core   0: 0x8000405e (0x0ff0000f) fence   iorw,iorw
core   0: 3 0x8000405e (0x0ff0000f)
core   0: 0x80004062 (0x00008e55) c.or    a2, a3
core   0: 3 0x80004062 (0x8e55) x12 0x00000000
core   0: 0x80004064 (0x01c01c33) sll     s8, zero, t3
core   0: 3 0x80004064 (0x01c01c33) x24 0x00000000
core   0: 0x80004068 (0x406a5993) srai    s3, s4, 6
core   0: 3 0x80004068 (0x406a5993) x19 0xfe9cbbc9
core   0: 0x8000406c (0x00004bb9) c.li    s7, 14
core   0: 3 0x8000406c (0x4bb9) x23 0x0000000e
core   0: 0x8000406e (0x4027d193) srai    gp, a5, 2
core   0: 3 0x8000406e (0x4027d193) x 3 0x00000000
core   0: 0x80004072 (0x00009b76) c.add   s6, t4
core   0: 3 0x80004072 (0x9b76) x22 0x00000000
core   0: 0x80004074 (0x00009afd) c.andi  a3, -1
core   0: 3 0x80004074 (0x9afd) x13 0x00000000
core   0: 0x80004076 (0x01d10033) add     zero, sp, t4
core   0: 3 0x80004076 (0x01d10033)
core   0: 0x8000407a (0x00008b11) c.andi  a4, 4
core   0: 3 0x8000407a (0x8b11) x14 0x00000000
core   0: 0x8000407c (0x01973733) sltu    a4, a4, s9
core   0: 3 0x8000407c (0x01973733) x14 0x00000000
core   0: 0x80004080 (0x03c74bb3) div     s7, a4, t3
core   0: 3 0x80004080 (0x03c74bb3) x23 0xffffffff
core   0: 0x80004084 (0x00000001) c.nop
core   0: 3 0x80004084 (0x0001)
core   0: 0x80004086 (0x027101b3) mul     gp, sp, t2
core   0: 3 0x80004086 (0x027101b3) x 3 0x00000000
core   0: 0x8000408a (0x000098d2) c.add   a7, s4
core   0: 3 0x8000408a (0x98d2) x17 0xa72ef63e
core   0: 0x8000408c (0x01828933) add     s2, t0, s8
core   0: 3 0x8000408c (0x01828933) x18 0x7c2d3b50
core   0: 0x80004090 (0x02237463) bgeu    t1, sp, pc + 40
core   0: 3 0x80004090 (0x02237463)
core   0: 0x800040b8 (0x0ff0000f) fence   iorw,iorw
core   0: 3 0x800040b8 (0x0ff0000f)
core   0: 0x800040bc (0x009096b3) sll     a3, ra, s1
core   0: 3 0x800040bc (0x009096b3) x13 0x00000000
core   0: 0x800040c0 (0x20c0af13) slti    t5, ra, 524
core   0: 3 0x800040c0 (0x20c0af13) x30 0x00000001
core   0: 0x800040c4 (0x7aa30613) addi    a2, t1, 1962
core   0: 3 0x800040c4 (0x7aa30613) x12 0x8002360e
core   0: 0x800040c8 (0x00f9b233) sltu    tp, s3, a5
core   0: 3 0x800040c8 (0x00f9b233) x 4 0x00000000
core   0: 0x800040cc (0x0000c40d) c.beqz  s0, pc + 42
core   0: 3 0x800040cc (0xc40d)
core   0: 0x800040ce (0x00bad893) srli    a7, s5, 11
core   0: 3 0x800040ce (0x00bad893) x17 0x001fffff
core   0: 0x800040d2 (0x0296d5b3) divu    a1, a3, s1
core   0: 3 0x800040d2 (0x0296d5b3) x11 0x00000000
core   0: 0x800040d6 (0x8127e013) ori     zero, a5, -2030
core   0: 3 0x800040d6 (0x8127e013)
core   0: 0x800040da (0x00008ec5) c.or    a3, s1
core   0: 3 0x800040da (0x8ec5) x13 0x0000000b
core   0: 0x800040dc (0x99688413) addi    s0, a7, -1642
core   0: 3 0x800040dc (0x99688413) x 8 0x001ff995
core   0: 0x800040e0 (0x00008c31) c.xor   s0, a2
core   0: 3 0x800040e0 (0x8c31) x 8 0x801dcf9b
core   0: 0x800040e2 (0x0281c963) blt     gp, s0, pc + 50
core   0: 3 0x800040e2 (0x0281c963)
core   0: 0x800040e6 (0x00008f45) c.or    a4, s1
core   0: 3 0x800040e6 (0x8f45) x14 0x0000000b
core   0: 0x800040e8 (0x8ef48993) addi    s3, s1, -1809
core   0: 3 0x800040e8 (0x8ef48993) x19 0xfffff8fa
core   0: 0x800040ec (0x003f20b3) slt     ra, t5, gp
core   0: 3 0x800040ec (0x003f20b3) x 1 0x00000000
core   0: 0x800040f0 (0x00000001) c.nop
core   0: 3 0x800040f0 (0x0001)
core   0: 0x800040f2 (0x3093c993) xori    s3, t2, 777
core   0: 3 0x800040f2 (0x3093c993) x19 0x00000302
core   0: 0x800040f6 (0x01ff9cb3) sll     s9, t6, t6
core   0: 3 0x800040f6 (0x01ff9cb3) x25 0x00000000
core   0: 0x800040fa (0x000083da) c.mv    t2, s6
core   0: 3 0x800040fa (0x83da) x 7 0x00000000
core   0: 0x800040fc (0x0000100f) fence.i
core   0: 3 0x800040fc (0x0000100f)
core   0: 0x80004100 (0x03b7bdb3) mulhu   s11, a5, s11
core   0: 3 0x80004100 (0x03b7bdb3) x27 0x00000000
core   0: 0x80004104 (0x032d7bb3) remu    s7, s10, s2
core   0: 3 0x80004104 (0x032d7bb3) x23 0x00000000
core   0: 0x80004108 (0xea80c113) xori    sp, ra, -344
core   0: 3 0x80004108 (0xea80c113) x 2 0xfffffea8
core   0: 0x8000410c (0x00a688b3) add     a7, a3, a0
core   0: 3 0x8000410c (0x00a688b3) x17 0x0000000b
core   0: 0x80004110 (0x00244463) blt     s0, sp, pc + 8
core   0: 3 0x80004110 (0x00244463)
core   0: 0x80004118 (0x000040c5) c.li    ra, 17
core   0: 3 0x80004118 (0x40c5) x 1 0x00000011
core   0: 0x8000411a (0x00001380) c.addi4spn s0, sp, 480
core   0: 3 0x8000411a (0x1380) x 8 0x00000088
core   0: 0x8000411c (0x40285133) sra     sp, a6, sp
core   0: 3 0x8000411c (0x40285133) x 2 0xff80026c
core   0: 0x80004120 (0x0000717d) c.addi16sp sp, -16
core   0: 3 0x80004120 (0x717d) x 2 0xff80025c
core   0: 0x80004122 (0x000009ae) c.slli  s3, 11
core   0: 3 0x80004122 (0x09ae) x19 0x00181000
core   0: 0x80004124 (0x00000001) c.nop
core   0: 3 0x80004124 (0x0001)
core   0: 0x80004126 (0x02aa5f33) divu    t5, s4, a0
core   0: 3 0x80004126 (0x02aa5f33) x30 0xffffffff
core   0: 0x8000412a (0x0000597d) c.li    s2, -1
core   0: 3 0x8000412a (0x597d) x18 0xffffffff
core   0: 0x8000412c (0x00866e63) bltu    a2, s0, pc + 28
core   0: 3 0x8000412c (0x00866e63)
core   0: 0x80004130 (0x00006119) c.addi16sp sp, 384
core   0: 3 0x80004130 (0x6119) x 2 0xff8003dc
core   0: 0x80004132 (0x415e8b33) sub     s6, t4, s5
core   0: 3 0x80004132 (0x415e8b33) x22 0x000007bc
core   0: 0x80004136 (0x41f98db3) sub     s11, s3, t6
core   0: 3 0x80004136 (0x41f98db3) x27 0x00181000
core   0: 0x8000413a (0x0000717d) c.addi16sp sp, -16
core   0: 3 0x8000413a (0x717d) x 2 0xff8003cc
core   0: 0x8000413c (0x024d3033) mulhu   zero, s10, tp
core   0: 3 0x8000413c (0x024d3033)
core   0: 0x80004140 (0x0000100f) fence.i
core   0: 3 0x80004140 (0x0000100f)
core   0: 0x80004144 (0x1ee88197) auipc   gp, 0x1ee88
core   0: 3 0x80004144 (0x1ee88197) x 3 0x9ee8c144
core   0: 0x80004148 (0x000086b9) c.srai  a3, 14
core   0: 3 0x80004148 (0x86b9) x13 0x00000000
core   0: 0x8000414a (0x00009d42) c.add   s10, a6
core   0: 3 0x8000414a (0x9d42) x26 0x80026ce4
core   0: 0x8000414c (0x0389de33) divu    t3, s3, s8
core   0: 3 0x8000414c (0x0389de33) x28 0xffffffff
core   0: 0x80004150 (0x0000717d) c.addi16sp sp, -16
core   0: 3 0x80004150 (0x717d) x 2 0xff8003bc
core   0: 0x80004152 (0x0000100f) fence.i
core   0: 3 0x80004152 (0x0000100f)
core   0: 0x80004156 (0x039badb3) mulhsu  s11, s7, s9
core   0: 3 0x80004156 (0x039badb3) x27 0x00000000
core   0: 0x8000415a (0x02bed463) bge     t4, a1, pc + 40
core   0: 3 0x8000415a (0x02bed463)
core   0: 0x80004182 (0x03a77163) bgeu    a4, s10, pc + 34
core   0: 3 0x80004182 (0x03a77163)
core   0: 0x80004186 (0x000084ae) c.mv    s1, a1
core   0: 3 0x80004186 (0x84ae) x 9 0x00000000
core   0: 0x80004188 (0xd8752213) slti    tp, a0, -633
core   0: 3 0x80004188 (0xd8752213) x 4 0x00000000
core   0: 0x8000418c (0x016c1663) bne     s8, s6, pc + 12
core   0: 3 0x8000418c (0x016c1663)
core   0: 0x80004198 (0x00000af5) c.addi  s5, 29
core   0: 3 0x80004198 (0x0af5) x21 0xfffff861
core   0: 0x8000419a (0x00008ce9) c.and   s1, a0
core   0: 3 0x8000419a (0x8ce9) x 9 0x00000000
core   0: 0x8000419c (0x00000001) c.nop
core   0: 3 0x8000419c (0x0001)
core   0: 0x8000419e (0x003003b3) add     t2, zero, gp
core   0: 3 0x8000419e (0x003003b3) x 7 0x9ee8c144
core   0: 0x800041a2 (0x0000547d) c.li    s0, -1
core   0: 3 0x800041a2 (0x547d) x 8 0xffffffff
core   0: 0x800041a4 (0x662f9fb7) lui     t6, 0x662f9
core   0: 3 0x800041a4 (0x662f9fb7) x31 0x662f9000
core   0: 0x800041a8 (0x01f29ab3) sll     s5, t0, t6
core   0: 3 0x800041a8 (0x01f29ab3) x21 0x7c2d3b50
core   0: 0x800041ac (0x41b00533) sub     a0, zero, s11
core   0: 3 0x800041ac (0x41b00533) x10 0x00000000
core   0: 0x800041b0 (0x406a5a93) srai    s5, s4, 6
core   0: 3 0x800041b0 (0x406a5a93) x21 0xfe9cbbc9
core   0: 0x800041b4 (0x0000157d) c.addi  a0, -1
core   0: 3 0x800041b4 (0x157d) x10 0xffffffff
core   0: 0x800041b6 (0x00a41bb3) sll     s7, s0, a0
core   0: 3 0x800041b6 (0x00a41bb3) x23 0x80000000
core   0: 0x800041ba (0x0000828e) c.mv    t0, gp
core   0: 3 0x800041ba (0x828e) x 5 0x9ee8c144
core   0: 0x800041bc (0x2d177f13) andi    t5, a4, 721
core   0: 3 0x800041bc (0x2d177f13) x30 0x00000001
core   0: 0x800041c0 (0x40b10733) sub     a4, sp, a1
core   0: 3 0x800041c0 (0x40b10733) x14 0xff8003bc
core   0: 0x800041c4 (0x035f77b3) remu    a5, t5, s5
core   0: 3 0x800041c4 (0x035f77b3) x15 0x00000001
core   0: 0x800041c8 (0x71aeb917) auipc   s2, 0x71aeb
core   0: 3 0x800041c8 (0x71aeb917) x18 0xf1aef1c8
core   0: 0x800041cc (0x00009c96) c.add   s9, t0
core   0: 3 0x800041cc (0x9c96) x25 0x9ee8c144
core   0: 0x800041ce (0x00008c79) c.and   s0, a4
core   0: 3 0x800041ce (0x8c79) x 8 0xff8003bc
core   0: 0x800041d0 (0x01962733) slt     a4, a2, s9
core   0: 3 0x800041d0 (0x01962733) x14 0x00000001
core   0: 0x800041d4 (0x0263f233) remu    tp, t2, t1
core   0: 3 0x800041d4 (0x0263f233) x 4 0x1ee692e0
core   0: 0x800041d8 (0x02890eb3) mul     t4, s2, s0
core   0: 3 0x800041d8 (0x02890eb3) x29 0xa54ee6e0
core   0: 0x800041dc (0x00006145) c.addi16sp sp, 48
core   0: 3 0x800041dc (0x6145) x 2 0xff8003ec
core   0: 0x800041de (0x5a2c4713) xori    a4, s8, 1442
core   0: 3 0x800041de (0x5a2c4713) x14 0x000005a2
core   0: 0x800041e2 (0x0081eab3) or      s5, gp, s0
core   0: 3 0x800041e2 (0x0081eab3) x21 0xffe8c3fc
core   0: 0x800041e6 (0x0238a0b3) mulhsu  ra, a7, gp
core   0: 3 0x800041e6 (0x0238a0b3) x 1 0x00000006
core   0: 0x800041ea (0x00362533) slt     a0, a2, gp
core   0: 3 0x800041ea (0x00362533) x10 0x00000001
core   0: 0x800041ee (0x00000001) c.nop
core   0: 3 0x800041ee (0x0001)
core   0: 0x800041f0 (0x00292233) slt     tp, s2, sp
core   0: 3 0x800041f0 (0x00292233) x 4 0x00000001
core   0: 0x800041f4 (0x01e69733) sll     a4, a3, t5
core   0: 3 0x800041f4 (0x01e69733) x14 0x00000000
core   0: 0x800041f8 (0x00ba6433) or      s0, s4, a1
core   0: 3 0x800041f8 (0x00ba6433) x 8 0xa72ef25e
core   0: 0x800041fc (0x40435f93) srai    t6, t1, 4
core   0: 3 0x800041fc (0x40435f93) x31 0xf80022e6
core   0: 0x80004200 (0x014856b3) srl     a3, a6, s4
core   0: 3 0x80004200 (0x014856b3) x13 0x00000002
core   0: 0x80004204 (0x01837363) bgeu    t1, s8, pc + 6
core   0: 3 0x80004204 (0x01837363)
core   0: 0x8000420a (0x022b29b3) mulhsu  s3, s6, sp
core   0: 3 0x8000420a (0x022b29b3) x19 0x000007b8
core   0: 0x8000420e (0x00008c65) c.and   s0, s1
core   0: 3 0x8000420e (0x8c65) x 8 0x00000000
core   0: 0x80004210 (0x03decfb3) div     t6, t4, t4
core   0: 3 0x80004210 (0x03decfb3) x31 0x00000001
core   0: 0x80004214 (0x01aa5993) srli    s3, s4, 26
core   0: 3 0x80004214 (0x01aa5993) x19 0x00000029
core   0: 0x80004218 (0x000089d2) c.mv    s3, s4
core   0: 3 0x80004218 (0x89d2) x19 0xa72ef25e
core   0: 0x8000421a (0x1145ce13) xori    t3, a1, 276
core   0: 3 0x8000421a (0x1145ce13) x28 0x00000114
core   0: 0x8000421e (0x00008c55) c.or    s0, a3
core   0: 3 0x8000421e (0x8c55) x 8 0x00000002
core   0: 0x80004220 (0x00008f19) c.sub   a4, a4
core   0: 3 0x80004220 (0x8f19) x14 0x00000000
core   0: 0x80004222 (0x01d71fb3) sll     t6, a4, t4
core   0: 3 0x80004222 (0x01d71fb3) x31 0x00000000
core   0: 0x80004226 (0x0152ef63) bltu    t0, s5, pc + 30
core   0: 3 0x80004226 (0x0152ef63)
core   0: 0x80004244 (0x02cd7863) bgeu    s10, a2, pc + 48
core   0: 3 0x80004244 (0x02cd7863)
core   0: 0x80004274 (0x00006ac9) c.lui   s5, 0x12
core   0: 3 0x80004274 (0x6ac9) x21 0x00012000
core   0: 0x80004276 (0x5a072197) auipc   gp, 0x5a072
core   0: 3 0x80004276 (0x5a072197) x 3 0xda076276
core   0: 0x8000427a (0x00008ef5) c.and   a3, a3
core   0: 3 0x8000427a (0x8ef5) x13 0x00000002
core   0: 0x8000427c (0x013c1133) sll     sp, s8, s3
core   0: 3 0x8000427c (0x013c1133) x 2 0x00000000
core   0: 0x80004280 (0xbbeb2b37) lui     s6, 0xbbeb2
core   0: 3 0x80004280 (0xbbeb2b37) x22 0xbbeb2000
core   0: 0x80004284 (0x0000cb0d) c.beqz  a4, pc + 50
core   0: 3 0x80004284 (0xcb0d)
core   0: 0x800042b6 (0x02bf88b3) mul     a7, t6, a1
core   0: 3 0x800042b6 (0x02bf88b3) x17 0x00000000
core   0: 0x800042ba (0x70d58193) addi    gp, a1, 1805
core   0: 3 0x800042ba (0x70d58193) x 3 0x0000070d
core   0: 0x800042be (0xee2923b7) lui     t2, 0xee292
core   0: 3 0x800042be (0xee2923b7) x 7 0xee292000
core   0: 0x800042c2 (0x00009afd) c.andi  a3, -1
core   0: 3 0x800042c2 (0x9afd) x13 0x00000002
core   0: 0x800042c4 (0x00008c7d) c.and   s0, a5
core   0: 3 0x800042c4 (0x8c7d) x 8 0x00000000
core   0: 0x800042c6 (0x033108b3) mul     a7, sp, s3
core   0: 3 0x800042c6 (0x033108b3) x17 0x00000000
core   0: 0x800042ca (0x00000e0c) c.addi4spn a1, sp, 784
core   0: 3 0x800042ca (0x0e0c) x11 0x00000310
core   0: 0x800042cc (0x01b19f33) sll     t5, gp, s11
core   0: 3 0x800042cc (0x01b19f33) x30 0x0000070d
core   0: 0x800042d0 (0x00000114) c.addi4spn a3, sp, 128
core   0: 3 0x800042d0 (0x0114) x13 0x00000080
core   0: 0x800042d2 (0x01e4e9b3) or      s3, s1, t5
core   0: 3 0x800042d2 (0x01e4e9b3) x19 0x0000070d
core   0: 0x800042d6 (0x00000798) c.addi4spn a4, sp, 960
core   0: 3 0x800042d6 (0x0798) x14 0x000003c0
core   0: 0x800042d8 (0x000081c9) c.srli  a1, 18
core   0: 3 0x800042d8 (0x81c9) x11 0x00000000
core   0: 0x800042da (0x0000717d) c.addi16sp sp, -16
core   0: 3 0x800042da (0x717d) x 2 0xfffffff0
core   0: 0x800042dc (0x0000621d) c.lui   tp, 0x7
core   0: 3 0x800042dc (0x621d) x 4 0x00007000
core   0: 0x800042de (0x01328db3) add     s11, t0, s3
core   0: 3 0x800042de (0x01328db3) x27 0x9ee8c851
core   0: 0x800042e2 (0x0171c033) xor     zero, gp, s7
core   0: 3 0x800042e2 (0x0171c033)
core   0: 0x800042e6 (0x00008992) c.mv    s3, tp
core   0: 3 0x800042e6 (0x8992) x19 0x00007000
core   0: 0x800042e8 (0x02242d33) mulhsu  s10, s0, sp
core   0: 3 0x800042e8 (0x02242d33) x26 0x00000000
core   0: 0x800042ec (0x0016a3b3) slt     t2, a3, ra
core   0: 3 0x800042ec (0x0016a3b3) x 7 0x00000000
core   0: 0x800042f0 (0x01da1993) slli    s3, s4, 29
core   0: 3 0x800042f0 (0x01da1993) x19 0xc0000000
core   0: 0x800042f4 (0x01b45d33) srl     s10, s0, s11
core   0: 3 0x800042f4 (0x01b45d33) x26 0x00000000
core   0: 0x800042f8 (0x0000e615) c.bnez  a2, pc + 44
core   0: 3 0x800042f8 (0xe615)
core   0: 0x80004324 (0x75dd2993) slti    s3, s10, 1885
core   0: 3 0x80004324 (0x75dd2993) x19 0x00000001
core   0: 0x80004328 (0x0000e419) c.bnez  s0, pc + 14
core   0: 3 0x80004328 (0xe419)
core   0: 0x8000432a (0x01cd91b3) sll     gp, s11, t3
core   0: 3 0x8000432a (0x01cd91b3) x 3 0x85100000
core   0: 0x8000432e (0x0000608d) c.lui   ra, 0x3
core   0: 3 0x8000432e (0x608d) x 1 0x00003000
core   0: 0x80004330 (0x0000147d) c.addi  s0, -1
core   0: 3 0x80004330 (0x147d) x 8 0xffffffff
core   0: 0x80004332 (0xc34a3017) auipc   zero, 0xc34a3
core   0: 3 0x80004332 (0xc34a3017)
core   0: 0x80004336 (0x0222e663) bltu    t0, sp, pc + 44
core   0: 3 0x80004336 (0x0222e663)
core   0: 0x80004362 (0x00006149) c.addi16sp sp, 144
core   0: 3 0x80004362 (0x6149) x 2 0x00000080
core   0: 0x80004364 (0x00009bfd) c.andi  a5, -1
core   0: 3 0x80004364 (0x9bfd) x15 0x00000001
core   0: 0x80004366 (0x7d6a4413) xori    s0, s4, 2006
core   0: 3 0x80004366 (0x7d6a4413) x 8 0xa72ef588
core   0: 0x8000436a (0x41cc8933) sub     s2, s9, t3
core   0: 3 0x8000436a (0x41cc8933) x18 0x9ee8c030
core   0: 0x8000436e (0x037c7eb3) remu    t4, s8, s7
core   0: 3 0x8000436e (0x037c7eb3) x29 0x00000000
core   0: 0x80004372 (0x00000d76) c.slli  s10, 29
core   0: 3 0x80004372 (0x0d76) x26 0x00000000
core   0: 0x80004374 (0x9f80f393) andi    t2, ra, -1544
core   0: 3 0x80004374 (0x9f80f393) x 7 0x00003000
core   0: 0x80004378 (0xcd79f093) andi    ra, s3, -809
core   0: 3 0x80004378 (0xcd79f093) x 1 0x00000001
core   0: 0x8000437c (0x032f4963) blt     t5, s2, pc + 50
core   0: 3 0x8000437c (0x032f4963)
core   0: 0x80004380 (0x0ff0000f) fence   iorw,iorw
core   0: 3 0x80004380 (0x0ff0000f)
core   0: 0x80004384 (0x00008fe1) c.and   a5, s0
core   0: 3 0x80004384 (0x8fe1) x15 0x00000000
core   0: 0x80004386 (0x0000100f) fence.i
core   0: 3 0x80004386 (0x0000100f)
core   0: 0x8000438a (0x00c790b3) sll     ra, a5, a2
core   0: 3 0x8000438a (0x00c790b3) x 1 0x00000000
core   0: 0x8000438e (0x00006be1) c.lui   s7, 0x18
core   0: 3 0x8000438e (0x6be1) x23 0x00018000
core   0: 0x80004390 (0x00000412) c.slli  s0, 4
core   0: 3 0x80004390 (0x0412) x 8 0x72ef5880
core   0: 0x80004392 (0x0000cc81) c.beqz  s1, pc + 24
core   0: 3 0x80004392 (0xcc81)
core   0: 0x800043aa (0x000085d2) c.mv    a1, s4
core   0: 3 0x800043aa (0x85d2) x11 0xa72ef25e
core   0: 0x800043ac (0x000083f1) c.srli  a5, 28
core   0: 3 0x800043ac (0x83f1) x15 0x00000000
core   0: 0x800043ae (0x00008d1d) c.sub   a0, a5
core   0: 3 0x800043ae (0x8d1d) x10 0x00000001
core   0: 0x800043b0 (0x034ccbb3) div     s7, s9, s4
core   0: 3 0x800043b0 (0x034ccbb3) x23 0x00000001
core   0: 0x800043b4 (0x00006225) c.lui   tp, 0x9
core   0: 3 0x800043b4 (0x6225) x 4 0x00009000
core   0: 0x800043b6 (0x00008fc6) c.mv    t6, a7
core   0: 3 0x800043b6 (0x8fc6) x31 0x00000000
core   0: 0x800043b8 (0x00009272) c.add   tp, t3
core   0: 3 0x800043b8 (0x9272) x 4 0x00009114
core   0: 0x800043ba (0x0ff0000f) fence   iorw,iorw
core   0: 3 0x800043ba (0x0ff0000f)
core   0: 0x800043be (0x8ec28d13) addi    s10, t0, -1812
core   0: 3 0x800043be (0x8ec28d13) x26 0x9ee8ba30
core   0: 0x800043c2 (0x000087fe) c.mv    a5, t6
core   0: 3 0x800043c2 (0x87fe) x15 0x00000000
core   0: 0x800043c4 (0x00008cb1) c.xor   s1, a2
core   0: 3 0x800043c4 (0x8cb1) x 9 0x8002360e
core   0: 0x800043c6 (0x00351913) slli    s2, a0, 3
core   0: 3 0x800043c6 (0x00351913) x18 0x00000008
core   0: 0x800043ca (0x02bff233) remu    tp, t6, a1
core   0: 3 0x800043ca (0x02bff233) x 4 0x00000000
core   0: 0x800043ce (0x00000d1c) c.addi4spn a5, sp, 656
core   0: 3 0x800043ce (0x0d1c) x15 0x00000310
core   0: 0x800043d0 (0x00c8e1b3) or      gp, a7, a2
core   0: 3 0x800043d0 (0x00c8e1b3) x 3 0x8002360e
core   0: 0x800043d4 (0x009b76b3) and     a3, s6, s1
core   0: 3 0x800043d4 (0x009b76b3) x13 0x80022000
core   0: 0x800043d8 (0x03d797b3) mulh    a5, a5, t4
core   0: 3 0x800043d8 (0x03d797b3) x15 0x00000000
core   0: 0x800043dc (0x006f5b63) bge     t5, t1, pc + 22
core   0: 3 0x800043dc (0x006f5b63)
core   0: 0x800043f2 (0xcd9b2c13) slti    s8, s6, -807
core   0: 3 0x800043f2 (0xcd9b2c13) x24 0x00000001
core   0: 0x800043f6 (0x007ecd33) xor     s10, t4, t2
core   0: 3 0x800043f6 (0x007ecd33) x26 0x00003000
core   0: 0x800043fa (0xb52d4c13) xori    s8, s10, -1198
core   0: 3 0x800043fa (0xb52d4c13) x24 0xffffcb52
core   0: 0x800043fe (0x0267f433) remu    s0, a5, t1
core   0: 3 0x800043fe (0x0267f433) x 8 0x00000000
core   0: 0x80004402 (0x03d9e6b3) rem     a3, s3, t4
core   0: 3 0x80004402 (0x03d9e6b3) x13 0x00000001
core   0: 0x80004406 (0x00008d55) c.or    a0, a3
core   0: 3 0x80004406 (0x8d55) x10 0x00000001
core   0: 0x80004408 (0x03baf033) remu    zero, s5, s11
core   0: 3 0x80004408 (0x03baf033)
core   0: 0x8000440c (0x00006221) c.lui   tp, 0x8
core   0: 3 0x8000440c (0x6221) x 4 0x00008000
core   0: 0x8000440e (0x02cb7233) remu    tp, s6, a2
core   0: 3 0x8000440e (0x02cb7233) x 4 0x3be8e9f2
core   0: 0x80004412 (0x95627113) andi    sp, tp, -1706
core   0: 3 0x80004412 (0x95627113) x 2 0x3be8e952
core   0: 0x80004416 (0x00000890) c.addi4spn a2, sp, 80
core   0: 3 0x80004416 (0x0890) x12 0x3be8e9a2
core   0: 0x80004418 (0x00006109) c.addi16sp sp, 128
core   0: 3 0x80004418 (0x6109) x 2 0x3be8e9d2
core   0: 0x8000441a (0x021f6263) bltu    t5, ra, pc + 36
core   0: 3 0x8000441a (0x021f6263)
core   0: 0x8000441e (0x304f2793) slti    a5, t5, 772
core   0: 3 0x8000441e (0x304f2793) x15 0x00000000
core   0: 0x80004422 (0x00008479) c.srai  s0, 30
core   0: 3 0x80004422 (0x8479) x 8 0x00000000
core   0: 0x80004424 (0x67567e13) andi    t3, a2, 1653
core   0: 3 0x80004424 (0x67567e13) x28 0x00000020
core   0: 0x80004428 (0x000069a1) c.lui   s3, 0x8
core   0: 3 0x80004428 (0x69a1) x19 0x00008000
core   0: 0x8000442a (0x0000100f) fence.i
core   0: 3 0x8000442a (0x0000100f)
core   0: 0x8000442e (0x034ab7b3) mulhu   a5, s5, s4
core   0: 3 0x8000442e (0x034ab7b3) x15 0x0000bc14
core   0: 0x80004432 (0x00008ffd) c.and   a5, a5
core   0: 3 0x80004432 (0x8ffd) x15 0x0000bc14
core   0: 0x80004434 (0xb67c2093) slti    ra, s8, -1177
core   0: 3 0x80004434 (0xb67c2093) x 1 0x00000001
core   0: 0x80004438 (0x0000095e) c.slli  s2, 23
core   0: 3 0x80004438 (0x095e) x18 0x04000000
core   0: 0x8000443a (0x11616897) auipc   a7, 0x11616
core   0: 3 0x8000443a (0x11616897) x17 0x9161a43a
core   0: 0x8000443e (0x03b45b63) bge     s0, s11, pc + 54
core   0: 3 0x8000443e (0x03b45b63)
core   0: 0x80004474 (0x161f1fb7) lui     t6, 0x161f1
core   0: 3 0x80004474 (0x161f1fb7) x31 0x161f1000
core   0: 0x80004478 (0x00729fb3) sll     t6, t0, t2
core   0: 3 0x80004478 (0x00729fb3) x31 0x9ee8c144
core   0: 0x8000447c (0x00008fb5) c.xor   a5, a3
core   0: 3 0x8000447c (0x8fb5) x15 0x0000bc15
core   0: 0x8000447e (0xad18e793) ori     a5, a7, -1327
core   0: 3 0x8000447e (0xad18e793) x15 0xfffffefb
core   0: 0x80004482 (0x00000492) c.slli  s1, 4
core   0: 3 0x80004482 (0x0492) x 9 0x002360e0
core   0: 0x80004484 (0x0000100f) fence.i
core   0: 3 0x80004484 (0x0000100f)
core   0: 0x80004488 (0x00008fe9) c.and   a5, a0
core   0: 3 0x80004488 (0x8fe9) x15 0x00000001
core   0: 0x8000448a (0x43413113) sltiu   sp, sp, 1076
core   0: 3 0x8000448a (0x43413113) x 2 0x00000000
core   0: 0x8000448e (0x030858b3) divu    a7, a6, a6
core   0: 3 0x8000448e (0x030858b3) x17 0x00000001
core   0: 0x80004492 (0x01437fb3) and     t6, t1, s4
core   0: 3 0x80004492 (0x01437fb3) x31 0x80022244
core   0: 0x80004496 (0x0000717d) c.addi16sp sp, -16
core   0: 3 0x80004496 (0x717d) x 2 0xfffffff0
core   0: 0x80004498 (0x47534993) xori    s3, t1, 1141
core   0: 3 0x80004498 (0x47534993) x19 0x80022a11
core   0: 0x8000449c (0x0084db33) srl     s6, s1, s0
core   0: 3 0x8000449c (0x0084db33) x22 0x002360e0
core   0: 0x800044a0 (0x2e653893) sltiu   a7, a0, 742
core   0: 3 0x800044a0 (0x2e653893) x17 0x00000001
core   0: 0x800044a4 (0x03287b33) remu    s6, a6, s2
core   0: 3 0x800044a4 (0x03287b33) x22 0x00026ce4
core   0: 0x800044a8 (0x00306463) bltu    zero, gp, pc + 8
core   0: 3 0x800044a8 (0x00306463)
core   0: 0x800044b0 (0x01cfd533) srl     a0, t6, t3
core   0: 3 0x800044b0 (0x01cfd533) x10 0x80022244
core   0: 0x800044b4 (0x01fa29b3) slt     s3, s4, t6
core   0: 3 0x800044b4 (0x01fa29b3) x19 0x00000000
core   0: 0x800044b8 (0x001a8db3) add     s11, s5, ra
core   0: 3 0x800044b8 (0x001a8db3) x27 0x00012001
core   0: 0x800044bc (0x0000021a) c.slli  tp, 6
core   0: 3 0x800044bc (0x021a) x 4 0xfa3a7c80
core   0: 0x800044be (0x000099fd) c.andi  a1, -1
core   0: 3 0x800044be (0x99fd) x11 0xa72ef25e
core   0: 0x800044c0 (0x00004ad5) c.li    s5, 21
core   0: 3 0x800044c0 (0x4ad5) x21 0x00000015
core   0: 0x800044c2 (0x01787e33) and     t3, a6, s7
core   0: 3 0x800044c2 (0x01787e33) x28 0x00000000
core   0: 0x800044c6 (0x00000001) c.nop
core   0: 3 0x800044c6 (0x0001)
core   0: 0x800044c8 (0x00008eb9) c.xor   a3, a4
core   0: 3 0x800044c8 (0x8eb9) x13 0x000003c1
core   0: 0x800044ca (0x02abb133) mulhu   sp, s7, a0
core   0: 3 0x800044ca (0x02abb133) x 2 0x00000000
core   0: 0x800044ce (0x06f26f93) ori     t6, tp, 111
core   0: 3 0x800044ce (0x06f26f93) x31 0xfa3a7cef
core   0: 0x800044d2 (0x036a6633) rem     a2, s4, s6
core   0: 3 0x800044d2 (0x036a6633) x12 0xfffe3716
core   0: 0x800044d6 (0x03af35b3) mulhu   a1, t5, s10
core   0: 3 0x800044d6 (0x03af35b3) x11 0x00000000
core   0: 0x800044da (0x001d6cb3) or      s9, s10, ra
core   0: 3 0x800044da (0x001d6cb3) x25 0x00003001
core   0: 0x800044de (0x02f289b3) mul     s3, t0, a5
core   0: 3 0x800044de (0x02f289b3) x19 0x9ee8c144
core   0: 0x800044e2 (0x007badb3) slt     s11, s7, t2
core   0: 3 0x800044e2 (0x007badb3) x27 0x00000001
core   0: 0x800044e6 (0x012bbeb3) sltu    t4, s7, s2
core   0: 3 0x800044e6 (0x012bbeb3) x29 0x00000001
core   0: 0x800044ea (0x00000972) c.slli  s2, 28
core   0: 3 0x800044ea (0x0972) x18 0x00000000
core   0: 0x800044ec (0x000006d2) c.slli  a3, 20
core   0: 3 0x800044ec (0x06d2) x13 0x3c100000
core   0: 0x800044ee (0x025c7db3) remu    s11, s8, t0
core   0: 3 0x800044ee (0x025c7db3) x27 0x61170a0e
core   0: 0x800044f2 (0x0ff0000f) fence   iorw,iorw
core   0: 3 0x800044f2 (0x0ff0000f)
core   0: 0x800044f6 (0x00006e09) c.lui   t3, 0x2
core   0: 3 0x800044f6 (0x6e09) x28 0x00002000
core   0: 0x800044f8 (0x01296c33) or      s8, s2, s2
core   0: 3 0x800044f8 (0x01296c33) x24 0x00000000
core   0: 0x800044fc (0xb4502013) slti    zero, zero, -1211
core   0: 3 0x800044fc (0xb4502013)
core   0: 0x80004500 (0x0016c9b3) xor     s3, a3, ra
core   0: 3 0x80004500 (0x0016c9b3) x19 0x3c100001
core   0: 0x80004504 (0x000085e9) c.srai  a1, 26
core   0: 3 0x80004504 (0x85e9) x11 0x00000000
core   0: 0x80004506 (0x00c03ab3) snez    s5, a2
core   0: 3 0x80004506 (0x00c03ab3) x21 0x00000001
core   0: 0x8000450a (0x590a4213) xori    tp, s4, 1424
core   0: 3 0x8000450a (0x590a4213) x 4 0xa72ef7ce
core   0: 0x8000450e (0x0263f233) remu    tp, t2, t1
core   0: 3 0x8000450e (0x0263f233) x 4 0x00003000
core   0: 0x80004512 (0x0000100f) fence.i
core   0: 3 0x80004512 (0x0000100f)
core   0: 0x80004516 (0x00008d71) c.and   a0, a2
core   0: 3 0x80004516 (0x8d71) x10 0x80022204
core   0: 0x80004518 (0x00755393) srli    t2, a0, 7
core   0: 3 0x80004518 (0x00755393) x 7 0x01000444
core   0: 0x8000451c (0x415adcb3) sra     s9, s5, s5
core   0: 3 0x8000451c (0x415adcb3) x25 0x00000000
core   0: 0x80004520 (0x007c9933) sll     s2, s9, t2
core   0: 3 0x80004520 (0x007c9933) x18 0x00000000
core   0: 0x80004524 (0x00000001) c.nop
core   0: 3 0x80004524 (0x0001)
core   0: 0x80004526 (0x02fde863) bltu    s11, a5, pc + 48
core   0: 3 0x80004526 (0x02fde863)
core   0: 0x8000452a (0x0000837d) c.srli  a4, 31
core   0: 3 0x8000452a (0x837d) x14 0x00000000
core   0: 0x8000452c (0x56b22f93) slti    t6, tp, 1387
core   0: 3 0x8000452c (0x56b22f93) x31 0x00000000
core   0: 0x80004530 (0x00000b36) c.slli  s6, 13
core   0: 3 0x80004530 (0x0b36) x22 0x4d9c8000
core   0: 0x80004532 (0x0000100f) fence.i
core   0: 3 0x80004532 (0x0000100f)
core   0: 0x80004536 (0x004ea533) slt     a0, t4, tp
core   0: 3 0x80004536 (0x004ea533) x10 0x00000001
core   0: 0x8000453a (0x00000001) c.nop
core   0: 3 0x8000453a (0x0001)
core   0: 0x8000453c (0x00a96463) bltu    s2, a0, pc + 8
core   0: 3 0x8000453c (0x00a96463)
core   0: 0x80004544 (0x033322b3) mulhsu  t0, t1, s3
core   0: 3 0x80004544 (0x033322b3) x 5 0xe1f88301
core   0: 0x80004548 (0x00005d7d) c.li    s10, -1
core   0: 3 0x80004548 (0x5d7d) x26 0xffffffff
core   0: 0x8000454a (0x00004ad1) c.li    s5, 20
core   0: 3 0x8000454a (0x4ad1) x21 0x00000014
core   0: 0x8000454c (0x0000615d) c.addi16sp sp, 432
core   0: 3 0x8000454c (0x615d) x 2 0x000001b0
core   0: 0x8000454e (0x000087c5) c.srai  a5, 17
core   0: 3 0x8000454e (0x87c5) x15 0x00000000
core   0: 0x80004550 (0x00c7c463) blt     a5, a2, pc + 8
core   0: 3 0x80004550 (0x00c7c463)
core   0: 0x80004554 (0x00005ffd) c.li    t6, -1
core   0: 3 0x80004554 (0x5ffd) x31 0xffffffff
core   0: 0x80004556 (0x00008206) c.mv    tp, ra
core   0: 3 0x80004556 (0x8206) x 4 0x00000001
core   0: 0x80004558 (0x007c9e33) sll     t3, s9, t2
core   0: 3 0x80004558 (0x007c9e33) x28 0x00000000
core   0: 0x8000455c (0x00008efa) c.mv    t4, t5
core   0: 3 0x8000455c (0x8efa) x29 0x0000070d
core   0: 0x8000455e (0x0000e215) c.bnez  a2, pc + 36
core   0: 3 0x8000455e (0xe215)
core   0: 0x80004582 (0x11409e97) auipc   t4, 0x11409
core   0: 3 0x80004582 (0x11409e97) x29 0x9140d582
core   0: 0x80004586 (0x00fbb733) sltu    a4, s7, a5
core   0: 3 0x80004586 (0x00fbb733) x14 0x00000000
core   0: 0x8000458a (0x00000136) c.slli  sp, 13
core   0: 3 0x8000458a (0x0136) x 2 0x00360000
core   0: 0x8000458c (0x0062bcb3) sltu    s9, t0, t1
core   0: 3 0x8000458c (0x0062bcb3) x25 0x00000000
core   0: 0x80004590 (0x00008f61) c.and   a4, s0
core   0: 3 0x80004590 (0x8f61) x14 0x00000000
core   0: 0x80004592 (0x00000900) c.addi4spn s0, sp, 144
core   0: 3 0x80004592 (0x0900) x 8 0x00360090
core   0: 0x80004594 (0x0154ed63) bltu    s1, s5, pc + 26
core   0: 3 0x80004594 (0x0154ed63)
core   0: 0x80004598 (0x0000c889) c.beqz  s1, pc + 18
core   0: 3 0x80004598 (0xc889)
core   0: 0x8000459a (0x0000100f) fence.i
core   0: 3 0x8000459a (0x0000100f)
core   0: 0x8000459e (0x00004ebd) c.li    t4, 15
core   0: 3 0x8000459e (0x4ebd) x29 0x0000000f
core   0: 0x800045a0 (0x02243bb3) mulhu   s7, s0, sp
core   0: 3 0x800045a0 (0x02243bb3) x23 0x00000b64
core   0: 0x800045a4 (0x13b79017) auipc   zero, 0x13b79
core   0: 3 0x800045a4 (0x13b79017)
core   0: 0x800045a8 (0x00000ddd) c.addi  s11, 23
core   0: 3 0x800045a8 (0x0ddd) x27 0x61170a25
core   0: 0x800045aa (0x360a2113) slti    sp, s4, 864
core   0: 3 0x800045aa (0x360a2113) x 2 0x00000001
core   0: 0x800045ae (0x00e36463) bltu    t1, a4, pc + 8
core   0: 3 0x800045ae (0x00e36463)
core   0: 0x800045b2 (0x0000ee89) c.bnez  a3, pc + 26
core   0: 3 0x800045b2 (0xee89)
core   0: 0x800045cc (0x00000d3a) c.slli  s10, 14
core   0: 3 0x800045cc (0x0d3a) x26 0xffffc000
core   0: 0x800045ce (0x03d81863) bne     a6, t4, pc + 48
core   0: 3 0x800045ce (0x03d81863)
core   0: 0x800045fe (0x01004033) xor     zero, zero, a6
core   0: 3 0x800045fe (0x01004033)
core   0: 0x80004602 (0x01905393) srli    t2, zero, 25
core   0: 3 0x80004602 (0x01905393) x 7 0x00000000
core   0: 0x80004606 (0x01c04633) xor     a2, zero, t3
core   0: 3 0x80004606 (0x01c04633) x12 0x00000000
core   0: 0x8000460a (0x00a46863) bltu    s0, a0, pc + 16
core   0: 3 0x8000460a (0x00a46863)
core   0: 0x8000460e (0x41d85ab3) sra     s5, a6, t4
core   0: 3 0x8000460e (0x41d85ab3) x21 0xffff0004
core   0: 0x80004612 (0x0000c415) c.beqz  s0, pc + 44
core   0: 3 0x80004612 (0xc415)
core   0: 0x80004614 (0xc4e9a213) slti    tp, s3, -946
core   0: 3 0x80004614 (0xc4e9a213) x 4 0x00000000
core   0: 0x80004618 (0x00008e0d) c.sub   a2, a1
core   0: 3 0x80004618 (0x8e0d) x12 0x00000000
core   0: 0x8000461a (0x03398fb3) mul     t6, s3, s3
core   0: 3 0x8000461a (0x03398fb3) x31 0x78200001
core   0: 0x8000461e (0x01f945b3) xor     a1, s2, t6
core   0: 3 0x8000461e (0x01f945b3) x11 0x78200001
core   0: 0x80004622 (0x017e6c63) bltu    t3, s7, pc + 24
core   0: 3 0x80004622 (0x017e6c63)
core   0: 0x8000463a (0x034c85b3) mul     a1, s9, s4
core   0: 3 0x8000463a (0x034c85b3) x11 0x00000000
core   0: 0x8000463e (0x006dc033) xor     zero, s11, t1
core   0: 3 0x8000463e (0x006dc033)
core   0: 0x80004642 (0x00000001) c.nop
core   0: 3 0x80004642 (0x0001)
core   0: 0x80004644 (0xf8f44d93) xori    s11, s0, -113
core   0: 3 0x80004644 (0xf8f44d93) x27 0xffc9ff1f
core   0: 0x80004648 (0x0000100f) fence.i
core   0: 3 0x80004648 (0x0000100f)
core   0: 0x8000464c (0x004a8e63) beq     s5, tp, pc + 28
core   0: 3 0x8000464c (0x004a8e63)
core   0: 0x80004650 (0x02206a63) bltu    zero, sp, pc + 52
core   0: 3 0x80004650 (0x02206a63)
core   0: 0x80004684 (0x013779b3) and     s3, a4, s3
core   0: 3 0x80004684 (0x013779b3) x19 0x00000000
core   0: 0x80004688 (0x032c5533) divu    a0, s8, s2
core   0: 3 0x80004688 (0x032c5533) x10 0xffffffff
core   0: 0x8000468c (0x0ff0000f) fence   iorw,iorw
core   0: 3 0x8000468c (0x0ff0000f)
core   0: 0x80004690 (0x24328a93) addi    s5, t0, 579
core   0: 3 0x80004690 (0x24328a93) x21 0xe1f88544
core   0: 0x80004694 (0x0ee0c713) xori    a4, ra, 238
core   0: 3 0x80004694 (0x0ee0c713) x14 0x000000ef
core   0: 0x80004698 (0x0309e263) bltu    s3, a6, pc + 36
core   0: 3 0x80004698 (0x0309e263)
core   0: 0x800046bc (0x0000cb81) c.beqz  a5, pc + 16
core   0: 3 0x800046bc (0xcb81)
core   0: 0x800046cc (0x00355393) srli    t2, a0, 3
core   0: 3 0x800046cc (0x00355393) x 7 0x1fffffff
core   0: 0x800046d0 (0x00000001) c.nop
core   0: 3 0x800046d0 (0x0001)
core   0: 0x800046d2 (0x0291d963) bge     gp, s1, pc + 50
core   0: 3 0x800046d2 (0x0291d963)
core   0: 0x800046d6 (0x0000101c) c.addi4spn a5, sp, 32
core   0: 3 0x800046d6 (0x101c) x15 0x00000021
core   0: 0x800046d8 (0x0136f6b3) and     a3, a3, s3
core   0: 3 0x800046d8 (0x0136f6b3) x13 0x00000000
core   0: 0x800046dc (0x0000ee81) c.bnez  a3, pc + 24
core   0: 3 0x800046dc (0xee81)
core   0: 0x800046de (0x5c528b93) addi    s7, t0, 1477
core   0: 3 0x800046de (0x5c528b93) x23 0xe1f888c6
core   0: 0x800046e2 (0x0124e763) bltu    s1, s2, pc + 14
core   0: 3 0x800046e2 (0x0124e763)
core   0: 0x800046e6 (0x0239cdb3) div     s11, s3, gp
core   0: 3 0x800046e6 (0x0239cdb3) x27 0x00000000
core   0: 0x800046ea (0x00008d6d) c.and   a0, a1
core   0: 3 0x800046ea (0x8d6d) x10 0x00000000
core   0: 0x800046ec (0x00008be9) c.andi  a5, 26
core   0: 3 0x800046ec (0x8be9) x15 0x00000000
core   0: 0x800046ee (0x00000001) c.nop
core   0: 3 0x800046ee (0x0001)
core   0: 0x800046f0 (0x41248133) sub     sp, s1, s2
core   0: 3 0x800046f0 (0x41248133) x 2 0x002360e0
core   0: 0x800046f4 (0x00008605) c.srai  a2, 1
core   0: 3 0x800046f4 (0x8605) x12 0x00000000
core   0: 0x800046f6 (0x9df23413) sltiu   s0, tp, -1569
core   0: 3 0x800046f6 (0x9df23413) x 8 0x00000001
core   0: 0x800046fa (0x000003aa) c.slli  t2, 10
core   0: 3 0x800046fa (0x03aa) x 7 0xfffffc00
core   0: 0x800046fc (0x004c4463) blt     s8, tp, pc + 8
core   0: 3 0x800046fc (0x004c4463)
core   0: 0x80004700 (0x4758aa93) slti    s5, a7, 1141
core   0: 3 0x80004700 (0x4758aa93) x21 0x00000001
core   0: 0x80004704 (0x01d80233) add     tp, a6, t4
core   0: 3 0x80004704 (0x01d80233) x 4 0x80026cf3
core   0: 0x80004708 (0x0000c48d) c.beqz  s1, pc + 42
core   0: 3 0x80004708 (0xc48d)
core   0: 0x8000470a (0x03f30cb3) mul     s9, t1, t6
core   0: 3 0x8000470a (0x03f30cb3) x25 0x2c822e64
core   0: 0x8000470e (0x00000001) c.nop
core   0: 3 0x8000470e (0x0001)
core   0: 0x80004710 (0x40d654b3) sra     s1, a2, a3
core   0: 3 0x80004710 (0x40d654b3) x 9 0x00000000
core   0: 0x80004714 (0x00008c0d) c.sub   s0, a1
core   0: 3 0x80004714 (0x8c0d) x 8 0x00000001
core   0: 0x80004716 (0x000040a5) c.li    ra, 9
core   0: 3 0x80004716 (0x40a5) x 1 0x00000009
core   0: 0x80004718 (0x01cb3c33) sltu    s8, s6, t3
core   0: 3 0x80004718 (0x01cb3c33) x24 0x00000000
core   0: 0x8000471c (0x0f59b993) sltiu   s3, s3, 245
core   0: 3 0x8000471c (0x0f59b993) x19 0x00000001
core   0: 0x80004720 (0xa1ae0113) addi    sp, t3, -1510
core   0: 3 0x80004720 (0xa1ae0113) x 2 0xfffffa1a
core   0: 0x80004724 (0x00008b55) c.andi  a4, 21
core   0: 3 0x80004724 (0x8b55) x14 0x00000005
core   0: 0x80004726 (0x047bcf63) blt     s7, t2, pc + 94
core   0: 3 0x80004726 (0x047bcf63)
core   0: 0x80004784 (0x03ca5663) bge     s4, t3, pc + 44
core   0: 3 0x80004784 (0x03ca5663)
core   0: 0x80004788 (0x029563b3) rem     t2, a0, s1
core   0: 3 0x80004788 (0x029563b3) x 7 0x00000000
core   0: 0x8000478c (0x0000ea99) c.bnez  a3, pc + 22
core   0: 3 0x8000478c (0xea99)
core   0: 0x8000478e (0x03b95db3) divu    s11, s2, s11
core   0: 3 0x8000478e (0x03b95db3) x27 0xffffffff
core   0: 0x80004792 (0x00c28233) add     tp, t0, a2
core   0: 3 0x80004792 (0x00c28233) x 4 0xe1f88301
core   0: 0x80004796 (0x00008679) c.srai  a2, 30
core   0: 3 0x80004796 (0x8679) x12 0x00000000
core   0: 0x80004798 (0x415e0533) sub     a0, t3, s5
core   0: 3 0x80004798 (0x415e0533) x10 0xffffffff
core   0: 0x8000479c (0x0ff0000f) fence   iorw,iorw
core   0: 3 0x8000479c (0x0ff0000f)
core   0: 0x800047a0 (0x00008cad) c.xor   s1, a1
core   0: 3 0x800047a0 (0x8cad) x 9 0x00000000
core   0: 0x800047a2 (0x49cd8f13) addi    t5, s11, 1180
core   0: 3 0x800047a2 (0x49cd8f13) x30 0x0000049b
core   0: 0x800047a6 (0x41285893) srai    a7, a6, 18
core   0: 3 0x800047a6 (0x41285893) x17 0xffffe000
core   0: 0x800047aa (0x00008ee9) c.and   a3, a0
core   0: 3 0x800047aa (0x8ee9) x13 0x00000000
core   0: 0x800047ac (0x038f6db3) rem     s11, t5, s8
core   0: 3 0x800047ac (0x038f6db3) x27 0x0000049b
core   0: 0x800047b0 (0x016e60b3) or      ra, t3, s6
core   0: 3 0x800047b0 (0x016e60b3) x 1 0x4d9c8000
core   0: 0x800047b4 (0x67c8d917) auipc   s2, 0x67c8d
core   0: 3 0x800047b4 (0x67c8d917) x18 0xe7c917b4
core   0: 0x800047b8 (0x00008d21) c.xor   a0, s0
core   0: 3 0x800047b8 (0x8d21) x10 0xfffffffe
core   0: 0x800047ba (0x00001198) c.addi4spn a4, sp, 224
core   0: 3 0x800047ba (0x1198) x14 0xfffffafa
core   0: 0x800047bc (0x00001f14) c.addi4spn a3, sp, 944
core   0: 3 0x800047bc (0x1f14) x13 0xfffffdca
core   0: 0x800047be (0x02a17963) bgeu    sp, a0, pc + 50
core   0: 3 0x800047be (0x02a17963)
core   0: 0x800047c2 (0x0dd0ec13) ori     s8, ra, 221
core   0: 3 0x800047c2 (0x0dd0ec13) x24 0x4d9c80dd
core   0: 0x800047c6 (0x003cc633) xor     a2, s9, gp
core   0: 3 0x800047c6 (0x003cc633) x12 0xac80186a
core   0: 0x800047ca (0x00000d6e) c.slli  s10, 27
core   0: 3 0x800047ca (0x0d6e) x26 0x00000000
core   0: 0x800047cc (0x00d3c663) blt     t2, a3, pc + 12
core   0: 3 0x800047cc (0x00d3c663)
core   0: 0x800047d0 (0x1ab5b193) sltiu   gp, a1, 427
core   0: 3 0x800047d0 (0x1ab5b193) x 3 0x00000001
core   0: 0x800047d4 (0xd4ac4093) xori    ra, s8, -694
core   0: 3 0x800047d4 (0xd4ac4093) x 1 0xb2637d97
core   0: 0x800047d8 (0xa37b4893) xori    a7, s6, -1481
core   0: 3 0x800047d8 (0xa37b4893) x17 0xb2637a37
core   0: 0x800047dc (0x025f53b3) divu    t2, t5, t0
core   0: 3 0x800047dc (0x025f53b3) x 7 0x00000000
core   0: 0x800047e0 (0x02912933) mulhsu  s2, sp, s1
core   0: 3 0x800047e0 (0x02912933) x18 0x00000000
core   0: 0x800047e4 (0x00005f7d) c.li    t5, -1
core   0: 3 0x800047e4 (0x5f7d) x30 0xffffffff
core   0: 0x800047e6 (0x00e9e3b3) or      t2, s3, a4
core   0: 3 0x800047e6 (0x00e9e3b3) x 7 0xfffffafb
core   0: 0x800047ea (0x0020cab3) xor     s5, ra, sp
core   0: 3 0x800047ea (0x0020cab3) x21 0x4d9c878d
core   0: 0x800047ee (0x0000e91d) c.bnez  a0, pc + 54
core   0: 3 0x800047ee (0xe91d)
core   0: 0x80004824 (0x00000001) c.nop
core   0: 3 0x80004824 (0x0001)
core   0: 0x80004826 (0x00000fc1) c.addi  t6, 16
core   0: 3 0x80004826 (0x0fc1) x31 0x78200011
core   0: 0x80004828 (0x02da6763) bltu    s4, a3, pc + 46
core   0: 3 0x80004828 (0x02da6763)
core   0: 0x80004856 (0x0000827e) c.mv    tp, t6
core   0: 3 0x80004856 (0x827e) x 4 0x78200011
core   0: 0x80004858 (0x0076bc33) sltu    s8, a3, t2
core   0: 3 0x80004858 (0x0076bc33) x24 0x00000000
core   0: 0x8000485c (0x00008ddd) c.or    a1, a5
core   0: 3 0x8000485c (0x8ddd) x11 0x00000000
core   0: 0x8000485e (0xefa4fdb7) lui     s11, 0xefa4f
core   0: 3 0x8000485e (0xefa4fdb7) x27 0xefa4f000
core   0: 0x80004862 (0x0000c095) c.beqz  s1, pc + 36
core   0: 3 0x80004862 (0xc095)
core   0: 0x80004886 (0x00008e89) c.sub   a3, a0
core   0: 3 0x80004886 (0x8e89) x13 0xfffffdcc
core   0: 0x80004888 (0xeceb6213) ori     tp, s6, -306
core   0: 3 0x80004888 (0xeceb6213) x 4 0xfffffece
core   0: 0x8000488c (0x00004ac5) c.li    s5, 17
core   0: 3 0x8000488c (0x4ac5) x21 0x00000011
core   0: 0x8000488e (0x000062ad) c.lui   t0, 0xb
core   0: 3 0x8000488e (0x62ad) x 5 0x0000b000
core   0: 0x80004890 (0x9b676c13) ori     s8, a4, -1610
core   0: 3 0x80004890 (0x9b676c13) x24 0xfffffbfe
core   0: 0x80004894 (0x00008331) c.srli  a4, 12
core   0: 3 0x80004894 (0x8331) x14 0x000fffff
core   0: 0x80004896 (0x000006de) c.slli  a3, 23
core   0: 3 0x80004896 (0x06de) x13 0xe6000000
core   0: 0x80004898 (0x00001000) c.addi4spn s0, sp, 32
core   0: 3 0x80004898 (0x1000) x 8 0xfffffa3a
core   0: 0x8000489a (0x030beb63) bltu    s7, a6, pc + 54
core   0: 3 0x8000489a (0x030beb63)
core   0: 0x8000489e (0x021f4533) div     a0, t5, ra
core   0: 3 0x8000489e (0x021f4533) x10 0x00000000
core   0: 0x800048a2 (0x01469db3) sll     s11, a3, s4
core   0: 3 0x800048a2 (0x01469db3) x27 0x00000000
core   0: 0x800048a6 (0x0361ec63) bltu    gp, s6, pc + 56
core   0: 3 0x800048a6 (0x0361ec63)
core   0: 0x800048de (0x00006b21) c.lui   s6, 0x8
core   0: 3 0x800048de (0x6b21) x22 0x00008000
core   0: 0x800048e0 (0x00008141) c.srli  a0, 16
core   0: 3 0x800048e0 (0x8141) x10 0x00000000
core   0: 0x800048e2 (0x03ee44b3) div     s1, t3, t5
core   0: 3 0x800048e2 (0x03ee44b3) x 9 0x00000000
core   0: 0x800048e6 (0x00008ee1) c.and   a3, s0
core   0: 3 0x800048e6 (0x8ee1) x13 0xe6000000
core   0: 0x800048e8 (0x011100b3) add     ra, sp, a7
core   0: 3 0x800048e8 (0x011100b3) x 1 0xb2637451
core   0: 0x800048ec (0x03e2ee63) bltu    t0, t5, pc + 60
core   0: 3 0x800048ec (0x03e2ee63)
core   0: 0x80004928 (0x000099b6) c.add   s3, a3
core   0: 3 0x80004928 (0x99b6) x19 0xe6000001
core   0: 0x8000492a (0x00001094) c.addi4spn a3, sp, 96
core   0: 3 0x8000492a (0x1094) x13 0xfffffa7a
core   0: 0x8000492c (0x413a5d13) srai    s10, s4, 19
core   0: 3 0x8000492c (0x413a5d13) x26 0xfffff4e5
core   0: 0x80004930 (0x00495133) srl     sp, s2, tp
core   0: 3 0x80004930 (0x00495133) x 2 0x00000000
core   0: 0x80004934 (0x00734133) xor     sp, t1, t2
core   0: 3 0x80004934 (0x00734133) x 2 0x7ffdd49f
core   0: 0x80004938 (0x03ae5533) divu    a0, t3, s10
core   0: 3 0x80004938 (0x03ae5533) x10 0x00000000
core   0: 0x8000493c (0x40f60b33) sub     s6, a2, a5
core   0: 3 0x8000493c (0x40f60b33) x22 0xac80186a
core   0: 0x80004940 (0x02d04163) blt     zero, a3, pc + 34
core   0: 3 0x80004940 (0x02d04163)
core   0: 0x80004944 (0x0000871d) c.srai  a4, 7
core   0: 3 0x80004944 (0x871d) x14 0x00001fff
core   0: 0x80004946 (0x807c7413) andi    s0, s8, -2041
core   0: 3 0x80004946 (0x807c7413) x 8 0xfffff806
core   0: 0x8000494a (0x00000001) c.nop
core   0: 3 0x8000494a (0x0001)
core   0: 0x8000494c (0x0000127d) c.addi  tp, -1
core   0: 3 0x8000494c (0x127d) x 4 0xfffffecd
core   0: 0x8000494e (0x0000717d) c.addi16sp sp, -16
core   0: 3 0x8000494e (0x717d) x 2 0x7ffdd48f
core   0: 0x80004950 (0x0000650d) c.lui   a0, 0x3
core   0: 3 0x80004950 (0x650d) x10 0x00003000
core   0: 0x80004952 (0x00e2dcb3) srl     s9, t0, a4
core   0: 3 0x80004952 (0x00e2dcb3) x25 0x00000000
core   0: 0x80004956 (0x008bcb63) blt     s7, s0, pc + 22
core   0: 3 0x80004956 (0x008bcb63)
core   0: 0x8000496c (0x0000c391) c.beqz  a5, pc + 4
core   0: 3 0x8000496c (0xc391)
core   0: 0x80004970 (0x029a7763) bgeu    s4, s1, pc + 46
core   0: 3 0x80004970 (0x029a7763)
core   0: 0x8000499e (0x02174cb3) div     s9, a4, ra
core   0: 3 0x8000499e (0x02174cb3) x25 0x00000000
core   0: 0x800049a2 (0x028e0563) beq     t3, s0, pc + 42
core   0: 3 0x800049a2 (0x028e0563)
core   0: 0x800049a6 (0x00000910) c.addi4spn a2, sp, 144
core   0: 3 0x800049a6 (0x0910) x12 0x7ffdd51f
core   0: 0x800049a8 (0x0000180c) c.addi4spn a1, sp, 48
core   0: 3 0x800049a8 (0x180c) x11 0x7ffdd4bf
core   0: 0x800049aa (0x00008fd1) c.or    a5, a2
core   0: 3 0x800049aa (0x8fd1) x15 0x7ffdd51f
core   0: 0x800049ac (0x401401b3) sub     gp, s0, ra
core   0: 3 0x800049ac (0x401401b3) x 3 0x4d9c83b5
core   0: 0x800049b0 (0x036b28b3) mulhsu  a7, s6, s6
core   0: 3 0x800049b0 (0x036b28b3) x17 0xc7bc487c
core   0: 0x800049b4 (0x00008e25) c.xor   a2, s1
core   0: 3 0x800049b4 (0x8e25) x12 0x7ffdd51f
core   0: 0x800049b6 (0x0000131c) c.addi4spn a5, sp, 416
core   0: 3 0x800049b6 (0x131c) x15 0x7ffdd62f
core   0: 0x800049b8 (0x01a29463) bne     t0, s10, pc + 8
core   0: 3 0x800049b8 (0x01a29463)
core   0: 0x800049c0 (0x00000c42) c.slli  s8, 16
core   0: 3 0x800049c0 (0x0c42) x24 0xfbfe0000
core   0: 0x800049c2 (0x035a5933) divu    s2, s4, s5
core   0: 3 0x800049c2 (0x035a5933) x18 0x09d595c9
core   0: 0x800049c6 (0x01fa1d63) bne     s4, t6, pc + 26
core   0: 3 0x800049c6 (0x01fa1d63)
core   0: 0x800049e0 (0x00005ffd) c.li    t6, -1
core   0: 3 0x800049e0 (0x5ffd) x31 0xffffffff
core   0: 0x800049e2 (0xb3459617) auipc   a2, 0xb3459
core   0: 3 0x800049e2 (0xb3459617) x12 0x3345d9e2
core   0: 0x800049e6 (0x03e1beb3) mulhu   t4, gp, t5
core   0: 3 0x800049e6 (0x03e1beb3) x29 0x4d9c83b4
core   0: 0x800049ea (0x005e0563) beq     t3, t0, pc + 10
core   0: 3 0x800049ea (0x005e0563)
core   0: 0x800049ee (0x00008d89) c.sub   a1, a0
core   0: 3 0x800049ee (0x8d89) x11 0x7ffda4bf
core   0: 0x800049f0 (0x0ff0000f) fence   iorw,iorw
core   0: 3 0x800049f0 (0x0ff0000f)
core   0: 0x800049f4 (0x00008e5d) c.or    a2, a5
core   0: 3 0x800049f4 (0x8e5d) x12 0x7ffddfef
core   0: 0x800049f6 (0xfce2b013) sltiu   zero, t0, -50
core   0: 3 0x800049f6 (0xfce2b013)
core   0: 0x800049fa (0x026c81b3) mul     gp, s9, t1
core   0: 3 0x800049fa (0x026c81b3) x 3 0x00000000
core   0: 0x800049fe (0xeb27a913) slti    s2, a5, -334
core   0: 3 0x800049fe (0xeb27a913) x18 0x00000000
core   0: 0x80004a02 (0x00008c9a) c.mv    s9, t1
core   0: 3 0x80004a02 (0x8c9a) x25 0x80022e64
core   0: 0x80004a04 (0x00000c6e) c.slli  s8, 27
core   0: 3 0x80004a04 (0x0c6e) x24 0x00000000
core   0: 0x80004a06 (0x000008d1) c.addi  a7, 20
core   0: 3 0x80004a06 (0x08d1) x17 0xc7bc4890
core   0: 0x80004a08 (0x0ff0000f) fence   iorw,iorw
core   0: 3 0x80004a08 (0x0ff0000f)
core   0: 0x80004a0c (0x00593733) sltu    a4, s2, t0
core   0: 3 0x80004a0c (0x00593733) x14 0x00000001
core   0: 0x80004a10 (0x000091c2) c.add   gp, a6
core   0: 3 0x80004a10 (0x91c2) x 3 0x80026ce4
core   0: 0x80004a12 (0x000087ed) c.srai  a5, 27
core   0: 3 0x80004a12 (0x87ed) x15 0x0000000f
core   0: 0x80004a14 (0x89f42013) slti    zero, s0, -1889
core   0: 3 0x80004a14 (0x89f42013)
core   0: 0x80004a18 (0x036e46b3) div     a3, t3, s6
core   0: 3 0x80004a18 (0x036e46b3) x13 0x00000000
core   0: 0x80004a1c (0x03c9df33) divu    t5, s3, t3
core   0: 3 0x80004a1c (0x03c9df33) x30 0xffffffff
core   0: 0x80004a20 (0x016b1a93) slli    s5, s6, 22
core   0: 3 0x80004a20 (0x016b1a93) x21 0x1a800000
core   0: 0x80004a24 (0x0ff0000f) fence   iorw,iorw
core   0: 3 0x80004a24 (0x0ff0000f)
core   0: 0x80004a28 (0x029d9e33) mulh    t3, s11, s1
core   0: 3 0x80004a28 (0x029d9e33) x28 0x00000000
core   0: 0x80004a2c (0x00000cbe) c.slli  s9, 15
core   0: 3 0x80004a2c (0x0cbe) x25 0x17320000
core   0: 0x80004a2e (0x003e5393) srli    t2, t3, 3
core   0: 3 0x80004a2e (0x003e5393) x 7 0x00000000
core   0: 0x80004a32 (0x00911963) bne     sp, s1, pc + 18
core   0: 3 0x80004a32 (0x00911963)
core   0: 0x80004a44 (0x00008eed) c.and   a3, a1
core   0: 3 0x80004a44 (0x8eed) x13 0x00000000
core   0: 0x80004a46 (0x659c0a93) addi    s5, s8, 1625
core   0: 3 0x80004a46 (0x659c0a93) x21 0x00000659
core   0: 0x80004a4a (0x002f82b3) add     t0, t6, sp
core   0: 3 0x80004a4a (0x002f82b3) x 5 0x7ffdd48e
core   0: 0x80004a4e (0x00000526) c.slli  a0, 9
core   0: 3 0x80004a4e (0x0526) x10 0x00600000
core   0: 0x80004a50 (0x0ff0000f) fence   iorw,iorw
core   0: 3 0x80004a50 (0x0ff0000f)
core   0: 0x80004a54 (0xacf90393) addi    t2, s2, -1329
core   0: 3 0x80004a54 (0xacf90393) x 7 0xfffffacf
core   0: 0x80004a58 (0x0000100f) fence.i
core   0: 3 0x80004a58 (0x0000100f)
core   0: 0x80004a5c (0x410d8133) sub     sp, s11, a6
core   0: 3 0x80004a5c (0x410d8133) x 2 0x7ffd931c
core   0: 0x80004a60 (0x0000c619) c.beqz  a2, pc + 14
core   0: 3 0x80004a60 (0xc619)
core   0: 0x80004a62 (0x00000ac5) c.addi  s5, 17
core   0: 3 0x80004a62 (0x0ac5) x21 0x0000066a
core   0: 0x80004a64 (0x0288f733) remu    a4, a7, s0
core   0: 3 0x80004a64 (0x0288f733) x14 0xc7bc4890
core   0: 0x80004a68 (0x00009b7d) c.andi  a4, -1
core   0: 3 0x80004a68 (0x9b7d) x14 0xc7bc4890
core   0: 0x80004a6a (0x03224e33) div     t3, tp, s2
core   0: 3 0x80004a6a (0x03224e33) x28 0xffffffff
core   0: 0x80004a6e (0x0000966e) c.add   a2, s11
core   0: 3 0x80004a6e (0x966e) x12 0x7ffddfef
core   0: 0x80004a70 (0x031d2cb3) mulhsu  s9, s10, a7
core   0: 3 0x80004a70 (0x031d2cb3) x25 0xfffff755
core   0: 0x80004a74 (0x0000597d) c.li    s2, -1
core   0: 3 0x80004a74 (0x597d) x18 0xffffffff
core   0: 0x80004a76 (0x0000eb09) c.bnez  a4, pc + 18
core   0: 3 0x80004a76 (0xeb09)
core   0: 0x80004a88 (0x401250b3) sra     ra, tp, ra
core   0: 3 0x80004a88 (0x401250b3) x 1 0xffffffff
core   0: 0x80004a8c (0x0316e033) rem     zero, a3, a7
core   0: 3 0x80004a8c (0x0316e033)
core   0: 0x80004a90 (0x00008d05) c.sub   a0, s1
core   0: 3 0x80004a90 (0x8d05) x10 0x00600000
core   0: 0x80004a92 (0x5a94e217) auipc   tp, 0x5a94e
core   0: 3 0x80004a92 (0x5a94e217) x 4 0xda952a92
core   0: 0x80004a96 (0x16f43617) auipc   a2, 0x16f43
core   0: 3 0x80004a96 (0x16f43617) x12 0x96f47a96
core   0: 0x80004a9a (0x00008d15) c.sub   a0, a3
core   0: 3 0x80004a9a (0x8d15) x10 0x00600000
core   0: 0x80004a9c (0x00c5a2b3) slt     t0, a1, a2
core   0: 3 0x80004a9c (0x00c5a2b3) x 5 0x00000000
core   0: 0x80004aa0 (0x034bbfb3) mulhu   t6, s7, s4
core   0: 3 0x80004aa0 (0x034bbfb3) x31 0x939291d1
core   0: 0x80004aa4 (0x002020b3) slt     ra, zero, sp
core   0: 3 0x80004aa4 (0x002020b3) x 1 0x00000001
core   0: 0x80004aa8 (0xdcb9fa93) andi    s5, s3, -565
core   0: 3 0x80004aa8 (0xdcb9fa93) x21 0xe6000001
core   0: 0x80004aac (0x03fa0d33) mul     s10, s4, t6
core   0: 3 0x80004aac (0x03fa0d33) x26 0x48371cbe
core   0: 0x80004ab0 (0x8cfbe113) ori     sp, s7, -1841
core   0: 3 0x80004ab0 (0x8cfbe113) x 2 0xfffff8cf
core   0: 0x80004ab4 (0x00008d35) c.xor   a0, a3
core   0: 3 0x80004ab4 (0x8d35) x10 0x00600000
core   0: 0x80004ab6 (0x00009b7e) c.add   s6, t6
core   0: 3 0x80004ab6 (0x9b7e) x22 0x4012aa3b
core   0: 0x80004ab8 (0x02a672b3) remu    t0, a2, a0
core   0: 3 0x80004ab8 (0x02a672b3) x 5 0x00347a96
core   0: 0x80004abc (0x00008526) c.mv    a0, s1
core   0: 3 0x80004abc (0x8526) x10 0x00000000
core   0: 0x80004abe (0x000093f6) c.add   t2, t4
core   0: 3 0x80004abe (0x93f6) x 7 0x4d9c7e83
core   0: 0x80004ac0 (0x03c4d963) bge     s1, t3, pc + 50
core   0: 3 0x80004ac0 (0x03c4d963)
core   0: 0x80004af2 (0x2e534d97) auipc   s11, 0x2e534
core   0: 3 0x80004af2 (0x2e534d97) x27 0xae538af2
core   0: 0x80004af6 (0x02370b33) mul     s6, a4, gp
core   0: 3 0x80004af6 (0x02370b33) x22 0xe36d6040
core   0: 0x80004afa (0x00006151) c.addi16sp sp, 272
core   0: 3 0x80004afa (0x6151) x 2 0xfffff9df
core   0: 0x80004afc (0x0000c695) c.beqz  a3, pc + 44
core   0: 3 0x80004afc (0xc695)
core   0: 0x80004b28 (0x0000997d) c.andi  a0, -1
core   0: 3 0x80004b28 (0x997d) x10 0x00000000
core   0: 0x80004b2a (0x006271b3) and     gp, tp, t1
core   0: 3 0x80004b2a (0x006271b3) x 3 0x80002a00
core   0: 0x80004b2e (0x00000001) c.nop
core   0: 3 0x80004b2e (0x0001)
core   0: 0x80004b30 (0x0000929a) c.add   t0, t1
core   0: 3 0x80004b30 (0x929a) x 5 0x8036a8fa
core   0: 0x80004b32 (0xdd4cb293) sltiu   t0, s9, -556
core   0: 3 0x80004b32 (0xdd4cb293) x 5 0x00000001
core   0: 0x80004b36 (0x40f68c33) sub     s8, a3, a5
core   0: 3 0x80004b36 (0x40f68c33) x24 0xfffffff1
core   0: 0x80004b3a (0x0000997d) c.andi  a0, -1
core   0: 3 0x80004b3a (0x997d) x10 0x00000000
core   0: 0x80004b3c (0x00008c45) c.or    s0, s1
core   0: 3 0x80004b3c (0x8c45) x 8 0xfffff806
core   0: 0x80004b3e (0x0382fc33) remu    s8, t0, s8
core   0: 3 0x80004b3e (0x0382fc33) x24 0x00000001
core   0: 0x80004b42 (0x01c06ab3) or      s5, zero, t3
core   0: 3 0x80004b42 (0x01c06ab3) x21 0xffffffff
core   0: 0x80004b46 (0x032532b3) mulhu   t0, a0, s2
core   0: 3 0x80004b46 (0x032532b3) x 5 0x00000000
core   0: 0x80004b4a (0x0000969a) c.add   a3, t1
core   0: 3 0x80004b4a (0x969a) x13 0x80022e64
core   0: 0x80004b4c (0x0000100f) fence.i
core   0: 3 0x80004b4c (0x0000100f)
core   0: 0x80004b50 (0x00008df9) c.and   a1, a4
core   0: 3 0x80004b50 (0x8df9) x11 0x47bc0090
core   0: 0x80004b52 (0x00613cb3) sltu    s9, sp, t1
core   0: 3 0x80004b52 (0x00613cb3) x25 0x00000000
core   0: 0x80004b56 (0x00be5213) srli    tp, t3, 11
core   0: 3 0x80004b56 (0x00be5213) x 4 0x001fffff
core   0: 0x80004b5a (0x00000718) c.addi4spn a4, sp, 896
core   0: 3 0x80004b5a (0x0718) x14 0xfffffd5f
core   0: 0x80004b5c (0x036111b3) mulh    gp, sp, s6
core   0: 3 0x80004b5c (0x036111b3) x 3 0x000000af
core   0: 0x80004b60 (0x02d38663) beq     t2, a3, pc + 44
core   0: 3 0x80004b60 (0x02d38663)
core   0: 0x80004b64 (0x012c0863) beq     s8, s2, pc + 16
core   0: 3 0x80004b64 (0x012c0863)
core   0: 0x80004b68 (0x000ed993) srli    s3, t4, 0
core   0: 3 0x80004b68 (0x000ed993) x19 0x4d9c83b4
core   0: 0x80004b6c (0x0ff0000f) fence   iorw,iorw
core   0: 3 0x80004b6c (0x0ff0000f)
core   0: 0x80004b70 (0x00008a05) c.andi  a2, 1
core   0: 3 0x80004b70 (0x8a05) x12 0x00000000
core   0: 0x80004b72 (0x00005ffd) c.li    t6, -1
core   0: 3 0x80004b72 (0x5ffd) x31 0xffffffff
core   0: 0x80004b74 (0x7a10fd13) andi    s10, ra, 1953
core   0: 3 0x80004b74 (0x7a10fd13) x26 0x00000001
core   0: 0x80004b78 (0x01855863) bge     a0, s8, pc + 16
core   0: 3 0x80004b78 (0x01855863)
core   0: 0x80004b7c (0x0067b233) sltu    tp, a5, t1
core   0: 3 0x80004b7c (0x0067b233) x 4 0x00000001
core   0: 0x80004b80 (0x8f85f513) andi    a0, a1, -1800
core   0: 3 0x80004b80 (0x8f85f513) x10 0x47bc0090
core   0: 0x80004b84 (0x00000001) c.nop
core   0: 3 0x80004b84 (0x0001)
core   0: 0x80004b86 (0x0000717d) c.addi16sp sp, -16
core   0: 3 0x80004b86 (0x717d) x 2 0xfffff9cf
core   0: 0x80004b88 (0x400d5593) srai    a1, s10, 0
core   0: 3 0x80004b88 (0x400d5593) x11 0x00000001
core   0: 0x80004b8c (0x258a1037) lui     zero, 0x258a1
core   0: 3 0x80004b8c (0x258a1037)
core   0: 0x80004b90 (0x40c606b3) sub     a3, a2, a2
core   0: 3 0x80004b90 (0x40c606b3) x13 0x00000000
core   0: 0x80004b94 (0x03c290b3) mulh    ra, t0, t3
core   0: 3 0x80004b94 (0x03c290b3) x 1 0x00000000
core   0: 0x80004b98 (0x0000838d) c.srli  a5, 3
core   0: 3 0x80004b98 (0x838d) x15 0x00000001
core   0: 0x80004b9a (0x00000bc5) c.addi  s7, 17
core   0: 3 0x80004b9a (0x0bc5) x23 0xe1f888d7
core   0: 0x80004b9c (0x03bdccb3) div     s9, s11, s11
core   0: 3 0x80004b9c (0x03bdccb3) x25 0x00000001
core   0: 0x80004ba0 (0xa811bc13) sltiu   s8, gp, -1407
core   0: 3 0x80004ba0 (0xa811bc13) x24 0x00000001
core   0: 0x80004ba4 (0x0000717d) c.addi16sp sp, -16
core   0: 3 0x80004ba4 (0x717d) x 2 0xfffff9bf
core   0: 0x80004ba6 (0x00008cb5) c.xor   s1, a3
core   0: 3 0x80004ba6 (0x8cb5) x 9 0x00000000
core   0: 0x80004ba8 (0x01a99193) slli    gp, s3, 26
core   0: 3 0x80004ba8 (0x01a99193) x 3 0xd0000000
core   0: 0x80004bac (0x00006151) c.addi16sp sp, 272
core   0: 3 0x80004bac (0x6151) x 2 0xfffffacf
core   0: 0x80004bae (0x00008ec1) c.or    a3, s0
core   0: 3 0x80004bae (0x8ec1) x13 0xfffff806
core   0: 0x80004bb0 (0x000066f1) c.lui   a3, 0x1c
core   0: 3 0x80004bb0 (0x66f1) x13 0x0001c000
core   0: 0x80004bb2 (0x02e0c133) div     sp, ra, a4
core   0: 3 0x80004bb2 (0x02e0c133) x 2 0x00000000
core   0: 0x80004bb6 (0x001be363) bltu    s7, ra, pc + 6
core   0: 3 0x80004bb6 (0x001be363)
core   0: 0x80004bba (0x0000058c) c.addi4spn a1, sp, 704
core   0: 3 0x80004bba (0x058c) x11 0x000002c0
core   0: 0x80004bbc (0xded6b013) sltiu   zero, a3, -531
core   0: 3 0x80004bbc (0xded6b013)
core   0: 0x80004bc0 (0x0000e30d) c.bnez  a4, pc + 34
core   0: 3 0x80004bc0 (0xe30d)
core   0: 0x80004be2 (0x000055fd) c.li    a1, -1
core   0: 3 0x80004be2 (0x55fd) x11 0xffffffff
core   0: 0x80004be4 (0x00008869) c.andi  s0, 26
core   0: 3 0x80004be4 (0x8869) x 8 0x00000002
core   0: 0x80004be6 (0x01529393) slli    t2, t0, 21
core   0: 3 0x80004be6 (0x01529393) x 7 0x00000000
core   0: 0x80004bea (0x0000e911) c.bnez  a0, pc + 20
core   0: 3 0x80004bea (0xe911)
core   0: 0x80004bfe (0x00008385) c.srli  a5, 1
core   0: 3 0x80004bfe (0x8385) x15 0x00000000
core   0: 0x80004c00 (0x58890597) auipc   a1, 0x58890
core   0: 3 0x80004c00 (0x58890597) x11 0xd8894c00
core   0: 0x80004c04 (0x000004c2) c.slli  s1, 16
core   0: 3 0x80004c04 (0x04c2) x 9 0x00000000
core   0: 0x80004c06 (0x0ff0000f) fence   iorw,iorw
core   0: 3 0x80004c06 (0x0ff0000f)
core   0: 0x80004c0a (0x0361d033) divu    zero, gp, s6
core   0: 3 0x80004c0a (0x0361d033)
core   0: 0x80004c0e (0x02335b33) divu    s6, t1, gp
core   0: 3 0x80004c0e (0x02335b33) x22 0x00000000
core   0: 0x80004c12 (0x01631233) sll     tp, t1, s6
core   0: 3 0x80004c12 (0x01631233) x 4 0x80022e64
core   0: 0x80004c16 (0x00abd033) srl     zero, s7, a0
core   0: 3 0x80004c16 (0x00abd033)
core   0: 0x80004c1a (0x0000c105) c.beqz  a0, pc + 32
core   0: 3 0x80004c1a (0xc105)
core   0: 0x80004c1c (0x00005f7d) c.li    t5, -1
core   0: 3 0x80004c1c (0x5f7d) x30 0xffffffff
core   0: 0x80004c1e (0x00001f84) c.addi4spn s1, sp, 1008
core   0: 3 0x80004c1e (0x1f84) x 9 0x000003f0
core   0: 0x80004c20 (0x53b43513) sltiu   a0, s0, 1339
core   0: 3 0x80004c20 (0x53b43513) x10 0x00000001
core   0: 0x80004c24 (0x00008f2d) c.xor   a4, a1
core   0: 3 0x80004c24 (0x8f2d) x14 0x2776b15f
core   0: 0x80004c26 (0x00008465) c.srai  s0, 25
core   0: 3 0x80004c26 (0x8465) x 8 0x00000000
core   0: 0x80004c28 (0x00f185b3) add     a1, gp, a5
core   0: 3 0x80004c28 (0x00f185b3) x11 0xd0000000
core   0: 0x80004c2c (0x0ff0000f) fence   iorw,iorw
core   0: 3 0x80004c2c (0x0ff0000f)
core   0: 0x80004c30 (0x02fb4133) div     sp, s6, a5
core   0: 3 0x80004c30 (0x02fb4133) x 2 0xffffffff
core   0: 0x80004c34 (0x015e00b3) add     ra, t3, s5
core   0: 3 0x80004c34 (0x015e00b3) x 1 0xfffffffe
core   0: 0x80004c38 (0x00000146) c.slli  sp, 17
core   0: 3 0x80004c38 (0x0146) x 2 0xfffe0000
core   0: 0x80004c3a (0x1f970293) addi    t0, a4, 505
core   0: 3 0x80004c3a (0x1f970293) x 5 0x2776b358
core   0: 0x80004c3e (0x00568363) beq     a3, t0, pc + 6
core   0: 3 0x80004c3e (0x00568363)
core   0: 0x80004c42 (0x0000e68d) c.bnez  a3, pc + 42
core   0: 3 0x80004c42 (0xe68d)
core   0: 0x80004c6c (0x0000c69d) c.beqz  a3, pc + 46
core   0: 3 0x80004c6c (0xc69d)
core   0: 0x80004c6e (0x009e7cb3) and     s9, t3, s1
core   0: 3 0x80004c6e (0x009e7cb3) x25 0x000003f0
core   0: 0x80004c72 (0x00001698) c.addi4spn a4, sp, 864
core   0: 3 0x80004c72 (0x1698) x14 0xfffe0360
core   0: 0x80004c74 (0x412d81b3) sub     gp, s11, s2
core   0: 3 0x80004c74 (0x412d81b3) x 3 0xae538af3
core   0: 0x80004c78 (0x021a94b3) mulh    s1, s5, ra
core   0: 3 0x80004c78 (0x021a94b3) x 9 0x00000000
core   0: 0x80004c7c (0x5b390193) addi    gp, s2, 1459
core   0: 3 0x80004c7c (0x5b390193) x 3 0x000005b2
core   0: 0x80004c80 (0x00f46fb3) or      t6, s0, a5
core   0: 3 0x80004c80 (0x00f46fb3) x31 0x00000000
core   0: 0x80004c84 (0x00000556) c.slli  a0, 21
core   0: 3 0x80004c84 (0x0556) x10 0x00200000
core   0: 0x80004c86 (0x03346033) rem     zero, s0, s3
core   0: 3 0x80004c86 (0x03346033)
core   0: 0x80004c8a (0xeba085b7) lui     a1, 0xeba08
core   0: 3 0x80004c8a (0xeba085b7) x11 0xeba08000
core   0: 0x80004c8e (0x41580933) sub     s2, a6, s5
core   0: 3 0x80004c8e (0x41580933) x18 0x80026ce5
core   0: 0x80004c92 (0x00008ce9) c.and   s1, a0
core   0: 3 0x80004c92 (0x8ce9) x 9 0x00000000
core   0: 0x80004c94 (0x02172bb3) mulhsu  s7, a4, ra
core   0: 3 0x80004c94 (0x02172bb3) x23 0xfffe0360
core   0: 0x80004c98 (0x00000094) c.addi4spn a3, sp, 64
core   0: 3 0x80004c98 (0x0094) x13 0xfffe0040
core   0: 0x80004c9a (0x016ceb33) or      s6, s9, s6
core   0: 3 0x80004c9a (0x016ceb33) x22 0x000003f0
core   0: 0x80004c9e (0x0131eeb3) or      t4, gp, s3
core   0: 3 0x80004c9e (0x0131eeb3) x29 0x4d9c87b6
core   0: 0x80004ca2 (0x8f102217) auipc   tp, 0x8f102
core   0: 3 0x80004ca2 (0x8f102217) x 4 0x0f106ca2
core   0: 0x80004ca6 (0x00e45633) srl     a2, s0, a4
core   0: 3 0x80004ca6 (0x00e45633) x12 0x00000000
core   0: 0x80004caa (0x0083c4b3) xor     s1, t2, s0
core   0: 3 0x80004caa (0x0083c4b3) x 9 0x00000000
core   0: 0x80004cae (0x00006795) c.lui   a5, 0x5
core   0: 3 0x80004cae (0x6795) x15 0x00005000
core   0: 0x80004cb0 (0x01767d63) bgeu    a2, s7, pc + 26
core   0: 3 0x80004cb0 (0x01767d63)
core   0: 0x80004cb4 (0x00715593) srli    a1, sp, 7
core   0: 3 0x80004cb4 (0x00715593) x11 0x01fffc00
core   0: 0x80004cb8 (0x0821bd93) sltiu   s11, gp, 130
core   0: 3 0x80004cb8 (0x0821bd93) x27 0x00000000
core   0: 0x80004cbc (0x017c5193) srli    gp, s8, 23
core   0: 3 0x80004cbc (0x017c5193) x 3 0x00000000
core   0: 0x80004cc0 (0x00009eda) c.add   t4, s6
core   0: 3 0x80004cc0 (0x9eda) x29 0x4d9c8ba6
core   0: 0x80004cc2 (0x037136b3) mulhu   a3, sp, s7
core   0: 3 0x80004cc2 (0x037136b3) x13 0xfffc0363
core   0: 0x80004cc6 (0x0000869d) c.srai  a3, 7
core   0: 3 0x80004cc6 (0x869d) x13 0xfffff806
core   0: 0x80004cc8 (0x00008f99) c.sub   a5, a4
core   0: 3 0x80004cc8 (0x8f99) x15 0x00024ca0
core   0: 0x80004cca (0x850d7c13) andi    s8, s10, -1968
core   0: 3 0x80004cca (0x850d7c13) x24 0x00000000
core   0: 0x80004cce (0x02196a63) bltu    s2, ra, pc + 52
core   0: 3 0x80004cce (0x02196a63)
core   0: 0x80004d02 (0x02253733) mulhu   a4, a0, sp
core   0: 3 0x80004d02 (0x02253733) x14 0x001fffc0
core   0: 0x80004d06 (0x006a9693) slli    a3, s5, 6
core   0: 3 0x80004d06 (0x006a9693) x13 0xffffffc0
core   0: 0x80004d0a (0x02fe2633) mulhsu  a2, t3, a5
core   0: 3 0x80004d0a (0x02fe2633) x12 0xffffffff
core   0: 0x80004d0e (0x02dd9733) mulh    a4, s11, a3
core   0: 3 0x80004d0e (0x02dd9733) x14 0x00000000
core   0: 0x80004d12 (0x00008cf1) c.and   s1, a2
core   0: 3 0x80004d12 (0x8cf1) x 9 0x00000000
core   0: 0x80004d14 (0x00f29093) slli    ra, t0, 15
core   0: 3 0x80004d14 (0x00f29093) x 1 0x59ac0000
core   0: 0x80004d18 (0x00005efd) c.li    t4, -1
core   0: 3 0x80004d18 (0x5efd) x29 0xffffffff
core   0: 0x80004d1a (0x01006633) or      a2, zero, a6
core   0: 3 0x80004d1a (0x01006633) x12 0x80026ce4
core   0: 0x80004d1e (0x01c8a233) slt     tp, a7, t3
core   0: 3 0x80004d1e (0x01c8a233) x 4 0x00000001
core   0: 0x80004d22 (0x92b4f6b7) lui     a3, 0x92b4f
core   0: 3 0x80004d22 (0x92b4f6b7) x13 0x92b4f000
core   0: 0x80004d26 (0x00006f0d) c.lui   t5, 0x3
core   0: 3 0x80004d26 (0x6f0d) x30 0x00003000
core   0: 0x80004d28 (0x00009462) c.add   s0, s8
core   0: 3 0x80004d28 (0x9462) x 8 0x00000000
core   0: 0x80004d2a (0x00009116) c.add   sp, t0
core   0: 3 0x80004d2a (0x9116) x 2 0x2774b358
core   0: 0x80004d2c (0x0000620d) c.lui   tp, 0x3
core   0: 3 0x80004d2c (0x620d) x 4 0x00003000
core   0: 0x80004d2e (0xca4c8b13) addi    s6, s9, -860
core   0: 3 0x80004d2e (0xca4c8b13) x22 0x00000094
core   0: 0x80004d32 (0x00e61663) bne     a2, a4, pc + 12
core   0: 3 0x80004d32 (0x00e61663)
core   0: 0x80004d3e (0x00001688) c.addi4spn a0, sp, 864
core   0: 3 0x80004d3e (0x1688) x10 0x2774b6b8
core   0: 0x80004d40 (0x000050fd) c.li    ra, -1
core   0: 3 0x80004d40 (0x50fd) x 1 0xffffffff
core   0: 0x80004d42 (0x493b8013) addi    zero, s7, 1171
core   0: 3 0x80004d42 (0x493b8013)
core   0: 0x80004d46 (0x02225f33) divu    t5, tp, sp
core   0: 3 0x80004d46 (0x02225f33) x30 0x00000000
core   0: 0x80004d4a (0x001b7ab3) and     s5, s6, ra
core   0: 3 0x80004d4a (0x001b7ab3) x21 0x00000094
core   0: 0x80004d4e (0x020ed133) divu    sp, t4, zero
core   0: 3 0x80004d4e (0x020ed133) x 2 0xffffffff
core   0: 0x80004d52 (0x00001180) c.addi4spn s0, sp, 224
core   0: 3 0x80004d52 (0x1180) x 8 0x000000df
core   0: 0x80004d54 (0x00000001) c.nop
core   0: 3 0x80004d54 (0x0001)
core   0: 0x80004d56 (0x0000017e) c.slli  sp, 31
core   0: 3 0x80004d56 (0x017e) x 2 0x80000000
core   0: 0x80004d58 (0x00000001) c.nop
core   0: 3 0x80004d58 (0x0001)
core   0: 0x80004d5a (0x8c4d4b93) xori    s7, s10, -1852
core   0: 3 0x80004d5a (0x8c4d4b93) x23 0xfffff8c5
core   0: 0x80004d5e (0x34f03293) sltiu   t0, zero, 847
core   0: 3 0x80004d5e (0x34f03293) x 5 0x00000001
core   0: 0x80004d62 (0x9c2c4e13) xori    t3, s8, -1598
core   0: 3 0x80004d62 (0x9c2c4e13) x28 0xfffff9c2
core   0: 0x80004d66 (0x029e1963) bne     t3, s1, pc + 50
core   0: 3 0x80004d66 (0x029e1963)
core   0: 0x80004d98 (0xeda1a893) slti    a7, gp, -294
core   0: 3 0x80004d98 (0xeda1a893) x17 0x00000000
core   0: 0x80004d9c (0x01539a63) bne     t2, s5, pc + 20
core   0: 3 0x80004d9c (0x01539a63)
core   0: 0x80004db0 (0x010cde13) srli    t3, s9, 16
core   0: 3 0x80004db0 (0x010cde13) x28 0x00000000
core   0: 0x80004db4 (0x00000001) c.nop
core   0: 3 0x80004db4 (0x0001)
core   0: 0x80004db6 (0x010a9393) slli    t2, s5, 16
core   0: 3 0x80004db6 (0x010a9393) x 7 0x00940000
core   0: 0x80004dba (0x00e16db3) or      s11, sp, a4
core   0: 3 0x80004dba (0x00e16db3) x27 0x80000000
core   0: 0x80004dbe (0x0391de33) divu    t3, gp, s9
core   0: 3 0x80004dbe (0x0391de33) x28 0x00000000
core   0: 0x80004dc2 (0x407b8fb3) sub     t6, s7, t2
core   0: 3 0x80004dc2 (0x407b8fb3) x31 0xff6bf8c5
core   0: 0x80004dc6 (0x00a00c13) li      s8, 10
core   0: 3 0x80004dc6 (0x00a00c13) x24 0x0000000a
core   0: 0x80004dca (0xab49c2b7) lui     t0, 0xab49c
core   0: 3 0x80004dca (0xab49c2b7) x 5 0xab49c000
core   0: 0x80004dce (0x01300693) li      a3, 19
core   0: 3 0x80004dce (0x01300693) x13 0x00000013
core   0: 0x80004dd2 (0x0000717d) c.addi16sp sp, -16
core   0: 3 0x80004dd2 (0x717d) x 2 0x7ffffff0
core   0: 0x80004dd4 (0x3360bb93) sltiu   s7, ra, 822
core   0: 3 0x80004dd4 (0x3360bb93) x23 0x00000000
core   0: 0x80004dd8 (0x00004dc9) c.li    s11, 18
core   0: 3 0x80004dd8 (0x4dc9) x27 0x00000012
core   0: 0x80004dda (0x00000c0d) c.addi  s8, 3
core   0: 3 0x80004dda (0x0c0d) x24 0x0000000d
core   0: 0x80004ddc (0x02c80e33) mul     t3, a6, a2
core   0: 3 0x80004ddc (0x02c80e33) x28 0xe1e12b10
core   0: 0x80004de0 (0xfedc6ae3) bltu    s8, a3, pc - 12
core   0: 3 0x80004de0 (0xfedc6ae3)
core   0: 0x80004dd4 (0x3360bb93) sltiu   s7, ra, 822
core   0: 3 0x80004dd4 (0x3360bb93) x23 0x00000000
core   0: 0x80004dd8 (0x00004dc9) c.li    s11, 18
core   0: 3 0x80004dd8 (0x4dc9) x27 0x00000012
core   0: 0x80004dda (0x00000c0d) c.addi  s8, 3
core   0: 3 0x80004dda (0x0c0d) x24 0x00000010
core   0: 0x80004ddc (0x02c80e33) mul     t3, a6, a2
core   0: 3 0x80004ddc (0x02c80e33) x28 0xe1e12b10
core   0: 0x80004de0 (0xfedc6ae3) bltu    s8, a3, pc - 12
core   0: 3 0x80004de0 (0xfedc6ae3)
core   0: 0x80004dd4 (0x3360bb93) sltiu   s7, ra, 822
core   0: 3 0x80004dd4 (0x3360bb93) x23 0x00000000
core   0: 0x80004dd8 (0x00004dc9) c.li    s11, 18
core   0: 3 0x80004dd8 (0x4dc9) x27 0x00000012
core   0: 0x80004dda (0x00000c0d) c.addi  s8, 3
core   0: 3 0x80004dda (0x0c0d) x24 0x00000013
core   0: 0x80004ddc (0x02c80e33) mul     t3, a6, a2
core   0: 3 0x80004ddc (0x02c80e33) x28 0xe1e12b10
core   0: 0x80004de0 (0xfedc6ae3) bltu    s8, a3, pc - 12
core   0: 3 0x80004de0 (0xfedc6ae3)
core   0: 0x80004de4 (0x00d80033) add     zero, a6, a3
core   0: 3 0x80004de4 (0x00d80033)
core   0: 0x80004de8 (0x01899413) slli    s0, s3, 24
core   0: 3 0x80004de8 (0x01899413) x 8 0xb4000000
core   0: 0x80004dec (0x0ff0000f) fence   iorw,iorw
core   0: 3 0x80004dec (0x0ff0000f)
core   0: 0x80004df0 (0x01f7d733) srl     a4, a5, t6
core   0: 3 0x80004df0 (0x01f7d733) x14 0x00001265
core   0: 0x80004df4 (0x0000927a) c.add   tp, t5
core   0: 3 0x80004df4 (0x927a) x 4 0x00003000
core   0: 0x80004df6 (0x00996ab3) or      s5, s2, s1
core   0: 3 0x80004df6 (0x00996ab3) x21 0x80026ce5
core   0: 0x80004dfa (0x00d509b3) add     s3, a0, a3
core   0: 3 0x80004dfa (0x00d509b3) x19 0x2774b6cb
core   0: 0x80004dfe (0x0ff0000f) fence   iorw,iorw
core   0: 3 0x80004dfe (0x0ff0000f)
core   0: 0x80004e02 (0x01e45363) bge     s0, t5, pc + 6
core   0: 3 0x80004e02 (0x01e45363)
core   0: 0x80004e06 (0x00008d3d) c.xor   a0, a5
core   0: 3 0x80004e06 (0x8d3d) x10 0x2776fa18
core   0: 0x80004e08 (0x00000001) c.nop
core   0: 3 0x80004e08 (0x0001)
core   0: 0x80004e0a (0x00008ee1) c.and   a3, s0
core   0: 3 0x80004e0a (0x8ee1) x13 0x00000000
core   0: 0x80004e0c (0x01585093) srli    ra, a6, 21
core   0: 3 0x80004e0c (0x01585093) x 1 0x00000400
core   0: 0x80004e10 (0xec962793) slti    a5, a2, -311
core   0: 3 0x80004e10 (0xec962793) x15 0x00000001
core   0: 0x80004e14 (0x41dc0fb3) sub     t6, s8, t4
core   0: 3 0x80004e14 (0x41dc0fb3) x31 0x00000014
core   0: 0x80004e18 (0x0000e11d) c.bnez  a0, pc + 38
core   0: 3 0x80004e18 (0xe11d)
core   0: 0x80004e3e (0x02adb4b3) mulhu   s1, s11, a0
core   0: 3 0x80004e3e (0x02adb4b3) x 9 0x00000002
core   0: 0x80004e42 (0x03d94033) div     zero, s2, t4
core   0: 3 0x80004e42 (0x03d94033)
core   0: 0x80004e46 (0x03fc6f33) rem     t5, s8, t6
core   0: 3 0x80004e46 (0x03fc6f33) x30 0x00000013
core   0: 0x80004e4a (0x9cffab13) slti    s6, t6, -1585
core   0: 3 0x80004e4a (0x9cffab13) x22 0x00000000
core   0: 0x80004e4e (0x00000001) c.nop
core   0: 3 0x80004e4e (0x0001)
core   0: 0x80004e50 (0x08014893) xori    a7, sp, 128
core   0: 3 0x80004e50 (0x08014893) x17 0x7fffff70
core   0: 0x80004e54 (0x0000e881) c.bnez  s1, pc + 16
core   0: 3 0x80004e54 (0xe881)
core   0: 0x80004e64 (0x00275933) srl     s2, a4, sp
core   0: 3 0x80004e64 (0x00275933) x18 0x00000000
core   0: 0x80004e68 (0x000087f5) c.srai  a5, 29
core   0: 3 0x80004e68 (0x87f5) x15 0x00000000
core   0: 0x80004e6a (0x00d58363) beq     a1, a3, pc + 6
core   0: 3 0x80004e6a (0x00d58363)
core   0: 0x80004e6e (0x00008e31) c.xor   a2, a2
core   0: 3 0x80004e6e (0x8e31) x12 0x00000000
core   0: 0x80004e70 (0x0300bdb3) mulhu   s11, ra, a6
core   0: 3 0x80004e70 (0x0300bdb3) x27 0x00000200
core   0: 0x80004e74 (0x03f51233) mulh    tp, a0, t6
core   0: 3 0x80004e74 (0x03f51233) x 4 0x00000003
core   0: 0x80004e78 (0x02c625b3) mulhsu  a1, a2, a2
core   0: 3 0x80004e78 (0x02c625b3) x11 0x00000000
core   0: 0x80004e7c (0x00005efd) c.li    t4, -1
core   0: 3 0x80004e7c (0x5efd) x29 0xffffffff
core   0: 0x80004e7e (0x0000c581) c.beqz  a1, pc + 8
core   0: 3 0x80004e7e (0xc581)
core   0: 0x80004e86 (0x017ec463) blt     t4, s7, pc + 8
core   0: 3 0x80004e86 (0x017ec463)
core   0: 0x80004e8e (0x00515d33) srl     s10, sp, t0
core   0: 3 0x80004e8e (0x00515d33) x26 0x7ffffff0
core   0: 0x80004e92 (0x028aa6b3) mulhsu  a3, s5, s0
core   0: 3 0x80004e92 (0x028aa6b3) x13 0xa601b491
core   0: 0x80004e96 (0x0000100f) fence.i
core   0: 3 0x80004e96 (0x0000100f)
core   0: 0x80004e9a (0x0000938a) c.add   t2, sp
core   0: 3 0x80004e9a (0x938a) x 7 0x8093fff0
core   0: 0x80004e9c (0xbf95cf93) xori    t6, a1, -1031
core   0: 3 0x80004e9c (0xbf95cf93) x31 0xfffffbf9
core   0: 0x80004ea0 (0xe4245737) lui     a4, 0xe4245
core   0: 3 0x80004ea0 (0xe4245737) x14 0xe4245000
core   0: 0x80004ea4 (0x00fcd433) srl     s0, s9, a5
core   0: 3 0x80004ea4 (0x00fcd433) x 8 0x000003f0
core   0: 0x80004ea8 (0x00009dae) c.add   s11, a1
core   0: 3 0x80004ea8 (0x9dae) x27 0x00000200
core   0: 0x80004eaa (0x41e6d393) srai    t2, a3, 30
core   0: 3 0x80004eaa (0x41e6d393) x 7 0xfffffffe
core   0: 0x80004eae (0x00009a7d) c.andi  a2, -1
core   0: 3 0x80004eae (0x9a7d) x12 0x00000000
core   0: 0x80004eb0 (0x0000100f) fence.i
core   0: 3 0x80004eb0 (0x0000100f)
core   0: 0x80004eb4 (0x00000001) c.nop
core   0: 3 0x80004eb4 (0x0001)
core   0: 0x80004eb6 (0x00b71f13) slli    t5, a4, 11
core   0: 3 0x80004eb6 (0x00b71f13) x30 0x22800000
core   0: 0x80004eba (0x005b1893) slli    a7, s6, 5
core   0: 3 0x80004eba (0x005b1893) x17 0x00000000
core   0: 0x80004ebe (0x000007fa) c.slli  a5, 30
core   0: 3 0x80004ebe (0x07fa) x15 0x00000000
core   0: 0x80004ec0 (0x000002e6) c.slli  t0, 25
core   0: 3 0x80004ec0 (0x02e6) x 5 0x00000000
core   0: 0x80004ec2 (0x0ff0000f) fence   iorw,iorw
core   0: 3 0x80004ec2 (0x0ff0000f)
core   0: 0x80004ec6 (0x0ff0000f) fence   iorw,iorw
core   0: 3 0x80004ec6 (0x0ff0000f)
core   0: 0x80004eca (0x02b46d33) rem     s10, s0, a1
core   0: 3 0x80004eca (0x02b46d33) x26 0x000003f0
core   0: 0x80004ece (0x6109b393) sltiu   t2, s3, 1552
core   0: 3 0x80004ece (0x6109b393) x 7 0x00000000
core   0: 0x80004ed2 (0x00008c09) c.sub   s0, a0
core   0: 3 0x80004ed2 (0x8c09) x 8 0xd88909d8
core   0: 0x80004ed4 (0x716e0d93) addi    s11, t3, 1814
core   0: 3 0x80004ed4 (0x716e0d93) x27 0xe1e13226
core   0: 0x80004ed8 (0x02fcc963) blt     s9, a5, pc + 50
core   0: 3 0x80004ed8 (0x02fcc963)
core   0: 0x80004edc (0x03706763) bltu    zero, s7, pc + 46
core   0: 3 0x80004edc (0x03706763)
core   0: 0x80004ee0 (0x0000100f) fence.i
core   0: 3 0x80004ee0 (0x0000100f)
core   0: 0x80004ee4 (0x4155d7b3) sra     a5, a1, s5
core   0: 3 0x80004ee4 (0x4155d7b3) x15 0x00000000
core   0: 0x80004ee8 (0x0026d4b3) srl     s1, a3, sp
core   0: 3 0x80004ee8 (0x0026d4b3) x 9 0x0000a601
core   0: 0x80004eec (0x00e5f9b3) and     s3, a1, a4
core   0: 3 0x80004eec (0x00e5f9b3) x19 0x00000000
core   0: 0x80004ef0 (0x000ab1b3) sltu    gp, s5, zero
core   0: 3 0x80004ef0 (0x000ab1b3) x 3 0x00000000
core   0: 0x80004ef4 (0x0000cf89) c.beqz  a5, pc + 26
core   0: 3 0x80004ef4 (0xcf89)
core   0: 0x80004f0e (0x01be4e33) xor     t3, t3, s11
core   0: 3 0x80004f0e (0x01be4e33) x28 0x00001936
core   0: 0x80004f12 (0x00004e49) c.li    t3, 18
core   0: 3 0x80004f12 (0x4e49) x28 0x00000012
core   0: 0x80004f14 (0x039cc9b3) div     s3, s9, s9
core   0: 3 0x80004f14 (0x039cc9b3) x19 0x00000001
core   0: 0x80004f18 (0x014eca63) blt     t4, s4, pc + 20
core   0: 3 0x80004f18 (0x014eca63)
core   0: 0x80004f1c (0x00000001) c.nop
core   0: 3 0x80004f1c (0x0001)
core   0: 0x80004f1e (0x034edc63) bge     t4, s4, pc + 56
core   0: 3 0x80004f1e (0x034edc63)
core   0: 0x80004f56 (0x40fe5213) srai    tp, t3, 15
core   0: 3 0x80004f56 (0x40fe5213) x 4 0x00000000
core   0: 0x80004f5a (0x51f5af17) auipc   t5, 0x51f5a
core   0: 3 0x80004f5a (0x51f5af17) x30 0xd1f5ef5a
core   0: 0x80004f5e (0x41fe06b3) sub     a3, t3, t6
core   0: 3 0x80004f5e (0x41fe06b3) x13 0x00000419
core   0: 0x80004f62 (0x0000717d) c.addi16sp sp, -16
core   0: 3 0x80004f62 (0x717d) x 2 0x7fffffe0
core   0: 0x80004f64 (0x02b2f033) remu    zero, t0, a1
core   0: 3 0x80004f64 (0x02b2f033)
core   0: 0x80004f68 (0x01a10f63) beq     sp, s10, pc + 30
core   0: 3 0x80004f68 (0x01a10f63)
core   0: 0x80004f6c (0x00008ff1) c.and   a5, a2
core   0: 3 0x80004f6c (0x8ff1) x15 0x00000000
core   0: 0x80004f6e (0x00000001) c.nop
core   0: 3 0x80004f6e (0x0001)
core   0: 0x80004f70 (0x000099fd) c.andi  a1, -1
core   0: 3 0x80004f70 (0x99fd) x11 0x00000000
core   0: 0x80004f72 (0x00004e55) c.li    t3, 21
core   0: 3 0x80004f72 (0x4e55) x28 0x00000015
core   0: 0x80004f74 (0x409f5b13) srai    s6, t5, 9
core   0: 3 0x80004f74 (0x409f5b13) x22 0xffe8faf7
core   0: 0x80004f78 (0x0000e515) c.bnez  a0, pc + 44
core   0: 3 0x80004f78 (0xe515)
core   0: 0x80004fa4 (0x1c63b593) sltiu   a1, t2, 454
core   0: 3 0x80004fa4 (0x1c63b593) x11 0x00000001
core   0: 0x80004fa8 (0x018e1293) slli    t0, t3, 24
core   0: 3 0x80004fa8 (0x018e1293) x 5 0x15000000
core   0: 0x80004fac (0x0000cc89) c.beqz  s1, pc + 26
core   0: 3 0x80004fac (0xcc89)
core   0: 0x80004fae (0x006af963) bgeu    s5, t1, pc + 18
core   0: 3 0x80004fae (0x006af963)
core   0: 0x80004fc0 (0x03386cb3) rem     s9, a6, s3
core   0: 3 0x80004fc0 (0x03386cb3) x25 0x00000000
core   0: 0x80004fc4 (0x00009546) c.add   a0, a7
core   0: 3 0x80004fc4 (0x9546) x10 0x2776fa18
core   0: 0x80004fc6 (0x00000001) c.nop
core   0: 3 0x80004fc6 (0x0001)
core   0: 0x80004fc8 (0x00008146) c.mv    sp, a7
core   0: 3 0x80004fc8 (0x8146) x 2 0x00000000
core   0: 0x80004fca (0x021d0bb3) mul     s7, s10, ra
core   0: 3 0x80004fca (0x021d0bb3) x23 0x000fc000
core   0: 0x80004fce (0x00900393) li      t2, 9
core   0: 3 0x80004fce (0x00900393) x 7 0x00000009
core   0: 0x80004fd2 (0x00349d33) sll     s10, s1, gp
core   0: 3 0x80004fd2 (0x00349d33) x26 0x0000a601
core   0: 0x80004fd6 (0x40598033) sub     zero, s3, t0
core   0: 3 0x80004fd6 (0x40598033)
core   0: 0x80004fda (0x00500593) li      a1, 5
core   0: 3 0x80004fda (0x00500593) x11 0x00000005
core   0: 0x80004fde (0x01270eb3) add     t4, a4, s2
core   0: 3 0x80004fde (0x01270eb3) x29 0xe4245000
core   0: 0x80004fe2 (0x02303e33) mulhu   t3, zero, gp
core   0: 3 0x80004fe2 (0x02303e33) x28 0x00000000
core   0: 0x80004fe6 (0x02a30033) mul     zero, t1, a0
core   0: 3 0x80004fe6 (0x02a30033)
core   0: 0x80004fea (0x008d92b3) sll     t0, s11, s0
core   0: 3 0x80004fea (0x008d92b3) x 5 0x26000000
core   0: 0x80004fee (0x00f5b233) sltu    tp, a1, a5
core   0: 3 0x80004fee (0x00f5b233) x 4 0x00000000
core   0: 0x80004ff2 (0xdcdffb37) lui     s6, 0xdcdff
core   0: 3 0x80004ff2 (0xdcdffb37) x22 0xdcdff000
core   0: 0x80004ff6 (0x000013f1) c.addi  t2, -4
core   0: 3 0x80004ff6 (0x13f1) x 7 0x00000005
core   0: 0x80004ff8 (0x022e4933) div     s2, t3, sp
core   0: 3 0x80004ff8 (0x022e4933) x18 0xffffffff
core   0: 0x80004ffc (0x00f23c33) sltu    s8, tp, a5
core   0: 3 0x80004ffc (0x00f23c33) x24 0x00000000
core   0: 0x80005000 (0x013eab33) slt     s6, t4, s3
core   0: 3 0x80005000 (0x013eab33) x22 0x00000001
core   0: 0x80005004 (0x00900693) li      a3, 9
core   0: 3 0x80005004 (0x00900693) x13 0x00000009
core   0: 0x80005008 (0x004ebc33) sltu    s8, t4, tp
core   0: 3 0x80005008 (0x004ebc33) x24 0x00000000
core   0: 0x8000500c (0xff3daf93) slti    t6, s11, -13
core   0: 3 0x8000500c (0xff3daf93) x31 0x00000001
core   0: 0x80005010 (0x01100113) li      sp, 17
core   0: 3 0x80005010 (0x01100113) x 2 0x00000011
core   0: 0x80005014 (0x00008e69) c.and   a2, a0
core   0: 3 0x80005014 (0x8e69) x12 0x00000000
core   0: 0x80005016 (0x00000699) c.addi  a3, 6
core   0: 3 0x80005016 (0x0699) x13 0x0000000f
core   0: 0x80005018 (0xaa9f4b13) xori    s6, t5, -1367
core   0: 3 0x80005018 (0xaa9f4b13) x22 0x2e0a15f3
core   0: 0x8000501c (0x00008ce9) c.and   s1, a0
core   0: 3 0x8000501c (0x8ce9) x 9 0x0000a200
core   0: 0x8000501e (0x00008c15) c.sub   s0, a3
core   0: 3 0x8000501e (0x8c15) x 8 0xd88909c9
core   0: 0x80005020 (0x00000001) c.nop
core   0: 3 0x80005020 (0x0001)
core   0: 0x80005022 (0x02cbbdb3) mulhu   s11, s7, a2
core   0: 3 0x80005022 (0x02cbbdb3) x27 0x00000000
core   0: 0x80005026 (0xfe26e7e3) bltu    a3, sp, pc - 18
core   0: 3 0x80005026 (0xfe26e7e3)
core   0: 0x80005014 (0x00008e69) c.and   a2, a0
core   0: 3 0x80005014 (0x8e69) x12 0x00000000
core   0: 0x80005016 (0x00000699) c.addi  a3, 6
core   0: 3 0x80005016 (0x0699) x13 0x00000015
core   0: 0x80005018 (0xaa9f4b13) xori    s6, t5, -1367
core   0: 3 0x80005018 (0xaa9f4b13) x22 0x2e0a15f3
core   0: 0x8000501c (0x00008ce9) c.and   s1, a0
core   0: 3 0x8000501c (0x8ce9) x 9 0x0000a200
core   0: 0x8000501e (0x00008c15) c.sub   s0, a3
core   0: 3 0x8000501e (0x8c15) x 8 0xd88909b4
core   0: 0x80005020 (0x00000001) c.nop
core   0: 3 0x80005020 (0x0001)
core   0: 0x80005022 (0x02cbbdb3) mulhu   s11, s7, a2
core   0: 3 0x80005022 (0x02cbbdb3) x27 0x00000000
core   0: 0x80005026 (0xfe26e7e3) bltu    a3, sp, pc - 18
core   0: 3 0x80005026 (0xfe26e7e3)
core   0: 0x8000502a (0x00008339) c.srli  a4, 14
core   0: 3 0x8000502a (0x8339) x14 0x00039091
core   0: 0x8000502c (0x00985033) srl     zero, a6, s1
core   0: 3 0x8000502c (0x00985033)
core   0: 0x80005030 (0x4b8d6613) ori     a2, s10, 1208
core   0: 3 0x80005030 (0x4b8d6613) x12 0x0000a6b9
core   0: 0x80005034 (0xcc45c293) xori    t0, a1, -828
core   0: 3 0x80005034 (0xcc45c293) x 5 0xfffffcc1
core   0: 0x80005038 (0xfab395e3) bne     t2, a1, pc - 86
core   0: 3 0x80005038 (0xfab395e3)
core   0: 0x8000503c (0x41e60db3) sub     s11, a2, t5
core   0: 3 0x8000503c (0x41e60db3) x27 0x2e0ab75f
core   0: 0x80005040 (0x03689c33) mulh    s8, a7, s6
core   0: 3 0x80005040 (0x03689c33) x24 0x00000000
core   0: 0x80005044 (0x0081fc63) bgeu    gp, s0, pc + 24
core   0: 3 0x80005044 (0x0081fc63)
core   0: 0x80005048 (0x00008f99) c.sub   a5, a4
core   0: 3 0x80005048 (0x8f99) x15 0xfffc6f6f
core   0: 0x8000504a (0x00cc1f33) sll     t5, s8, a2
core   0: 3 0x8000504a (0x00cc1f33) x30 0x00000000
core   0: 0x8000504e (0x00d31433) sll     s0, t1, a3
core   0: 3 0x8000504e (0x00d31433) x 8 0xcc800000
core   0: 0x80005052 (0x00008fbd) c.xor   a5, a5
core   0: 3 0x80005052 (0x8fbd) x15 0x00000000
core   0: 0x80005054 (0x034cfbb3) remu    s7, s9, s4
core   0: 3 0x80005054 (0x034cfbb3) x23 0x00000000
core   0: 0x80005058 (0x02306663) bltu    zero, gp, pc + 44
core   0: 3 0x80005058 (0x02306663)
core   0: 0x8000505c (0x00008155) c.srli  a0, 21
core   0: 3 0x8000505c (0x8155) x10 0x0000013b
core   0: 0x8000505e (0x011270b3) and     ra, tp, a7
core   0: 3 0x8000505e (0x011270b3) x 1 0x00000000
core   0: 0x80005062 (0x01971e93) slli    t4, a4, 25
core   0: 3 0x80005062 (0x01971e93) x29 0x22000000
core   0: 0x80005066 (0x0260f963) bgeu    ra, t1, pc + 50
core   0: 3 0x80005066 (0x0260f963)
core   0: 0x8000506a (0x00009b3a) c.add   s6, a4
core   0: 3 0x8000506a (0x9b3a) x22 0x2e0da684
core   0: 0x8000506c (0x000001fa) c.slli  gp, 30
core   0: 3 0x8000506c (0x01fa) x 3 0x00000000
core   0: 0x8000506e (0x000d2fb3) slt     t6, s10, zero
core   0: 3 0x8000506e (0x000d2fb3) x31 0x00000000
core   0: 0x80005072 (0x0106d5b3) srl     a1, a3, a6
core   0: 3 0x80005072 (0x0106d5b3) x11 0x00000001
core   0: 0x80005076 (0x00000d0c) c.addi4spn a1, sp, 656
core   0: 3 0x80005076 (0x0d0c) x11 0x000002a1
core   0: 0x80005078 (0x03ae20b3) mulhsu  ra, t3, s10
core   0: 3 0x80005078 (0x03ae20b3) x 1 0x00000000
core   0: 0x8000507c (0x01c4c5b3) xor     a1, s1, t3
core   0: 3 0x8000507c (0x01c4c5b3) x11 0x0000a200
core   0: 0x80005080 (0x41725e13) srai    t3, tp, 23
core   0: 3 0x80005080 (0x41725e13) x28 0x00000000
core   0: 0x80005084 (0x00d85793) srli    a5, a6, 13
core   0: 3 0x80005084 (0x00d85793) x15 0x00040013
core   0: 0x80005088 (0x018fa233) slt     tp, t6, s8
core   0: 3 0x80005088 (0x018fa233) x 4 0x00000000
core   0: 0x8000508c (0x02b8bc33) mulhu   s8, a7, a1
core   0: 3 0x8000508c (0x02b8bc33) x24 0x00000000
core   0: 0x80005090 (0x40cf5fb3) sra     t6, t5, a2
core   0: 3 0x80005090 (0x40cf5fb3) x31 0x00000000
core   0: 0x80005094 (0x41568533) sub     a0, a3, s5
core   0: 3 0x80005094 (0x41568533) x10 0x7ffd9330
core   0: 0x80005098 (0x75ce7d93) andi    s11, t3, 1884
core   0: 3 0x80005098 (0x75ce7d93) x27 0x00000000
core   0: 0x8000509c (0x07b42013) slti    zero, s0, 123
core   0: 3 0x8000509c (0x07b42013)
core   0: 0x800050a0 (0x01c20733) add     a4, tp, t3
core   0: 3 0x800050a0 (0x01c20733) x14 0x00000000
core   0: 0x800050a4 (0x006e9a63) bne     t4, t1, pc + 20
core   0: 3 0x800050a4 (0x006e9a63)
core   0: 0x800050b8 (0x013e4bb3) xor     s7, t3, s3
core   0: 3 0x800050b8 (0x013e4bb3) x23 0x00000001
core   0: 0x800050bc (0x0000e805) c.bnez  s0, pc + 48
core   0: 3 0x800050bc (0xe805)
core   0: 0x800050ec (0x008e5c93) srli    s9, t3, 8
core   0: 3 0x800050ec (0x008e5c93) x25 0x00000000
core   0: 0x800050f0 (0x01827c63) bgeu    tp, s8, pc + 24
core   0: 3 0x800050f0 (0x01827c63)
core   0: 0x80005108 (0x0172e1b3) or      gp, t0, s7
core   0: 3 0x80005108 (0x0172e1b3) x 3 0xfffffcc1
core   0: 0x8000510c (0x00000001) c.nop
core   0: 3 0x8000510c (0x0001)
core   0: 0x8000510e (0x00009afd) c.andi  a3, -1
core   0: 3 0x8000510e (0x9afd) x13 0x00000015
core   0: 0x80005110 (0x0348d733) divu    a4, a7, s4
core   0: 3 0x80005110 (0x0348d733) x14 0x00000000
core   0: 0x80005114 (0xeb18a113) slti    sp, a7, -335
core   0: 3 0x80005114 (0xeb18a113) x 2 0x00000000
core   0: 0x80005118 (0x00008e91) c.sub   a3, a2
core   0: 3 0x80005118 (0x8e91) x13 0xffff595c
core   0: 0x8000511a (0xbb8ea793) slti    a5, t4, -1096
core   0: 3 0x8000511a (0xbb8ea793) x15 0x00000000
core   0: 0x8000511e (0x000006d1) c.addi  a3, 20
core   0: 3 0x8000511e (0x06d1) x13 0xffff5970
core   0: 0x80005120 (0xed13c913) xori    s2, t2, -303
core   0: 3 0x80005120 (0xed13c913) x18 0xfffffed4
core   0: 0x80005124 (0x78d46d13) ori     s10, s0, 1933
core   0: 3 0x80005124 (0x78d46d13) x26 0xcc80078d
core   0: 0x80005128 (0x004c5493) srli    s1, s8, 4
core   0: 3 0x80005128 (0x004c5493) x 9 0x00000000
core   0: 0x8000512c (0x000009fa) c.slli  s3, 30
core   0: 3 0x8000512c (0x09fa) x19 0x40000000
core   0: 0x8000512e (0x02ac90b3) mulh    ra, s9, a0
core   0: 3 0x8000512e (0x02ac90b3) x 1 0x00000000
core   0: 0x80005132 (0x0000c515) c.beqz  a0, pc + 44
core   0: 3 0x80005132 (0xc515)
core   0: 0x80005134 (0x02886ab3) rem     s5, a6, s0
core   0: 3 0x80005134 (0x02886ab3) x21 0xe7026ce4
core   0: 0x80005138 (0x007ba7b3) slt     a5, s7, t2
core   0: 3 0x80005138 (0x007ba7b3) x15 0x00000001
core   0: 0x8000513c (0x8dc76db7) lui     s11, 0x8dc76
core   0: 3 0x8000513c (0x8dc76db7) x27 0x8dc76000
core   0: 0x80005140 (0x00000f08) c.addi4spn a0, sp, 912
core   0: 3 0x80005140 (0x0f08) x10 0x00000390
core   0: 0x80005142 (0x02a4d633) divu    a2, s1, a0
core   0: 3 0x80005142 (0x02a4d633) x12 0x00000000
core   0: 0x80005146 (0x0263e0b3) rem     ra, t2, t1
core   0: 3 0x80005146 (0x0263e0b3) x 1 0x00000005
core   0: 0x8000514a (0x0000ea81) c.bnez  a3, pc + 16
core   0: 3 0x8000514a (0xea81)
core   0: 0x8000515a (0x00af63b3) or      t2, t5, a0
core   0: 3 0x8000515a (0x00af63b3) x 7 0x00000390
core   0: 0x8000515e (0x00000f96) c.slli  t6, 5
core   0: 3 0x8000515e (0x0f96) x31 0x00000000
core   0: 0x80005160 (0x00008345) c.srli  a4, 17
core   0: 3 0x80005160 (0x8345) x14 0x00000000
core   0: 0x80005162 (0x00000001) c.nop
core   0: 3 0x80005162 (0x0001)
core   0: 0x80005164 (0x01967cb3) and     s9, a2, s9
core   0: 3 0x80005164 (0x01967cb3) x25 0x00000000
core   0: 0x80005168 (0x005f2b33) slt     s6, t5, t0
core   0: 3 0x80005168 (0x005f2b33) x22 0x00000000
core   0: 0x8000516c (0x00000f1c) c.addi4spn a5, sp, 912
core   0: 3 0x8000516c (0x0f1c) x15 0x00000390
core   0: 0x8000516e (0x0309d663) bge     s3, a6, pc + 44
core   0: 3 0x8000516e (0x0309d663)
core   0: 0x8000519a (0x011ae863) bltu    s5, a7, pc + 16
core   0: 3 0x8000519a (0x011ae863)
core   0: 0x8000519e (0x00b77d33) and     s10, a4, a1
core   0: 3 0x8000519e (0x00b77d33) x26 0x00000000
core   0: 0x800051a2 (0x000065c5) c.lui   a1, 0x11
core   0: 3 0x800051a2 (0x65c5) x11 0x00011000
core   0: 0x800051a4 (0x00e1f933) and     s2, gp, a4
core   0: 3 0x800051a4 (0x00e1f933) x18 0x00000000
core   0: 0x800051a8 (0x00000126) c.slli  sp, 9
core   0: 3 0x800051a8 (0x0126) x 2 0x00000000
core   0: 0x800051aa (0x42b3fb93) andi    s7, t2, 1067
core   0: 3 0x800051aa (0x42b3fb93) x23 0x00000000
core   0: 0x800051ae (0x027b4963) blt     s6, t2, pc + 50
core   0: 3 0x800051ae (0x027b4963)
core   0: 0x800051e0 (0x00ff0ab3) add     s5, t5, a5
core   0: 3 0x800051e0 (0x00ff0ab3) x21 0x00000390
core   0: 0x800051e4 (0x00008e61) c.and   a2, s0
core   0: 3 0x800051e4 (0x8e61) x12 0x00000000
core   0: 0x800051e6 (0x03d6c863) blt     a3, t4, pc + 48
core   0: 3 0x800051e6 (0x03d6c863)
core   0: 0x80005216 (0x000080b9) c.srli  s1, 14
core   0: 3 0x80005216 (0x80b9) x 9 0x00000000
core   0: 0x80005218 (0x02bd6463) bltu    s10, a1, pc + 40
core   0: 3 0x80005218 (0x02bd6463)
core   0: 0x80005240 (0x0000100f) fence.i
core   0: 3 0x80005240 (0x0000100f)
core   0: 0x80005244 (0x00001bfd) c.addi  s7, -1
core   0: 3 0x80005244 (0x1bfd) x23 0xffffffff
core   0: 0x80005246 (0x033463b3) rem     t2, s0, s3
core   0: 3 0x80005246 (0x033463b3) x 7 0xcc800000
core   0: 0x8000524a (0x000007ce) c.slli  a5, 19
core   0: 3 0x8000524a (0x07ce) x15 0x1c800000
core   0: 0x8000524c (0x00004241) c.li    tp, 16
core   0: 3 0x8000524c (0x4241) x 4 0x00000010
core   0: 0x8000524e (0x00008e7d) c.and   a2, a5
core   0: 3 0x8000524e (0x8e7d) x12 0x00000000
core   0: 0x80005250 (0x03792e33) mulhsu  t3, s2, s7
core   0: 3 0x80005250 (0x03792e33) x28 0x00000000
core   0: 0x80005254 (0x00008d51) c.or    a0, a2
core   0: 3 0x80005254 (0x8d51) x10 0x00000390
core   0: 0x80005256 (0x00006145) c.addi16sp sp, 48
core   0: 3 0x80005256 (0x6145) x 2 0x00000030
core   0: 0x80005258 (0x0000e21d) c.bnez  a2, pc + 38
core   0: 3 0x80005258 (0xe21d)
core   0: 0x8000525a (0x00009afd) c.andi  a3, -1
core   0: 3 0x8000525a (0x9afd) x13 0xffff5970
core   0: 0x8000525c (0x000002c5) c.addi  t0, 17
core   0: 3 0x8000525c (0x02c5) x 5 0xfffffcd2
core   0: 0x8000525e (0x0000100f) fence.i
core   0: 3 0x8000525e (0x0000100f)
core   0: 0x80005262 (0x00004d65) c.li    s10, 25
core   0: 3 0x80005262 (0x4d65) x26 0x00000019
core   0: 0x80005264 (0x00008741) c.srai  a4, 16
core   0: 3 0x80005264 (0x8741) x14 0x00000000
core   0: 0x80005266 (0x000081fd) c.srli  a1, 31
core   0: 3 0x80005266 (0x81fd) x11 0x00000000
core   0: 0x80005268 (0x018481b3) add     gp, s1, s8
core   0: 3 0x80005268 (0x018481b3) x 3 0x00000000
core   0: 0x8000526c (0x000069dd) c.lui   s3, 0x17
core   0: 3 0x8000526c (0x69dd) x19 0x00017000
core   0: 0x8000526e (0x00001d9c) c.addi4spn a5, sp, 752
core   0: 3 0x8000526e (0x1d9c) x15 0x00000320
core   0: 0x80005270 (0x009daab3) slt     s5, s11, s1
core   0: 3 0x80005270 (0x009daab3) x21 0x00000001
core   0: 0x80005274 (0x03fedc63) bge     t4, t6, pc + 56
core   0: 3 0x80005274 (0x03fedc63)
core   0: 0x800052ac (0x40dd0733) sub     a4, s10, a3
core   0: 3 0x800052ac (0x40dd0733) x14 0x0000a6a9
core   0: 0x800052b0 (0xc6b42b93) slti    s7, s0, -917
core   0: 3 0x800052b0 (0xc6b42b93) x23 0x00000001
core   0: 0x800052b4 (0x021fd733) divu    a4, t6, ra
core   0: 3 0x800052b4 (0x021fd733) x14 0x00000000
core   0: 0x800052b8 (0x416a5613) srai    a2, s4, 22
core   0: 3 0x800052b8 (0x416a5613) x12 0xfffffe9c
core   0: 0x800052bc (0x00031293) slli    t0, t1, 0
core   0: 3 0x800052bc (0x00031293) x 5 0x80022e64
core   0: 0x800052c0 (0x00c54bb3) xor     s7, a0, a2
core   0: 3 0x800052c0 (0x00c54bb3) x23 0xfffffd0c
core   0: 0x800052c4 (0x0000c689) c.beqz  a3, pc + 10
core   0: 3 0x800052c4 (0xc689)
core   0: 0x800052c6 (0x20687393) andi    t2, a6, 518
core   0: 3 0x800052c6 (0x20687393) x 7 0x00000004
core   0: 0x800052ca (0x00ccdc13) srli    s8, s9, 12
core   0: 3 0x800052ca (0x00ccdc13) x24 0x00000000
core   0: 0x800052ce (0x0165efb3) or      t6, a1, s6
core   0: 3 0x800052ce (0x0165efb3) x31 0x00000000
core   0: 0x800052d2 (0x021b10b3) mulh    ra, s6, ra
core   0: 3 0x800052d2 (0x021b10b3) x 1 0x00000000
core   0: 0x800052d6 (0x1ddde893) ori     a7, s11, 477
core   0: 3 0x800052d6 (0x1ddde893) x17 0x8dc761dd
core   0: 0x800052da (0x00008fb5) c.xor   a5, a3
core   0: 3 0x800052da (0x8fb5) x15 0xffff5a50
core   0: 0x800052dc (0x39a80393) addi    t2, a6, 922
core   0: 3 0x800052dc (0x39a80393) x 7 0x8002707e
core   0: 0x800052e0 (0x026c9433) mulh    s0, s9, t1
core   0: 3 0x800052e0 (0x026c9433) x 8 0x00000000
core   0: 0x800052e4 (0x01df9c33) sll     s8, t6, t4
core   0: 3 0x800052e4 (0x01df9c33) x24 0x00000000
core   0: 0x800052e8 (0x41dc0533) sub     a0, s8, t4
core   0: 3 0x800052e8 (0x41dc0533) x10 0xde000000
core   0: 0x800052ec (0x0ff0000f) fence   iorw,iorw
core   0: 3 0x800052ec (0x0ff0000f)
core   0: 0x800052f0 (0x02137363) bgeu    t1, ra, pc + 38
core   0: 3 0x800052f0 (0x02137363)
core   0: 0x80005316 (0x000055fd) c.li    a1, -1
core   0: 3 0x80005316 (0x55fd) x11 0xffffffff
core   0: 0x80005318 (0x00008e69) c.and   a2, a0
core   0: 3 0x80005318 (0x8e69) x12 0xde000000
core   0: 0x8000531a (0x00008d89) c.sub   a1, a0
core   0: 3 0x8000531a (0x8d89) x11 0x21ffffff
core   0: 0x8000531c (0x0291a6b3) mulhsu  a3, gp, s1
core   0: 3 0x8000531c (0x0291a6b3) x13 0x00000000
core   0: 0x80005320 (0x037898b3) mulh    a7, a7, s7
core   0: 3 0x80005320 (0x037898b3) x17 0x00000151
core   0: 0x80005324 (0x41aa5533) sra     a0, s4, s10
core   0: 3 0x80005324 (0x41aa5533) x10 0xffffffd3
core   0: 0x80005328 (0x033c9133) mulh    sp, s9, s3
core   0: 3 0x80005328 (0x033c9133) x 2 0x00000000
core   0: 0x8000532c (0xd2b90d93) addi    s11, s2, -725
core   0: 3 0x8000532c (0xd2b90d93) x27 0xfffffd2b
core   0: 0x80005330 (0x00808d63) beq     ra, s0, pc + 26
core   0: 3 0x80005330 (0x00808d63)
core   0: 0x8000534a (0x9a300d93) li      s11, -1629
core   0: 3 0x8000534a (0x9a300d93) x27 0xfffff9a3
core   0: 0x8000534e (0x014aa7b3) slt     a5, s5, s4
core   0: 3 0x8000534e (0x014aa7b3) x15 0x00000000
core   0: 0x80005352 (0x0012d033) srl     zero, t0, ra
core   0: 3 0x80005352 (0x0012d033)
core   0: 0x80005356 (0x40825233) sra     tp, tp, s0
core   0: 3 0x80005356 (0x40825233) x 4 0x00000010
core   0: 0x8000535a (0x00008e91) c.sub   a3, a2
core   0: 3 0x8000535a (0x8e91) x13 0x22000000
core   0: 0x8000535c (0x030cb4b3) mulhu   s1, s9, a6
core   0: 3 0x8000535c (0x030cb4b3) x 9 0x00000000
core   0: 0x80005360 (0x0000717d) c.addi16sp sp, -16
core   0: 3 0x80005360 (0x717d) x 2 0xfffffff0
core   0: 0x80005362 (0x00004391) c.li    t2, 4
core   0: 3 0x80005362 (0x4391) x 7 0x00000004
core   0: 0x80005364 (0x01c5d413) srli    s0, a1, 28
core   0: 3 0x80005364 (0x01c5d413) x 8 0x00000002
core   0: 0x80005368 (0x0000100f) fence.i
core   0: 3 0x80005368 (0x0000100f)
core   0: 0x8000536c (0x03011133) mulh    sp, sp, a6
core   0: 3 0x8000536c (0x03011133) x 2 0x00000007
core   0: 0x80005370 (0x00efef33) or      t5, t6, a4
core   0: 3 0x80005370 (0x00efef33) x30 0x00000000
core   0: 0x80005374 (0x0000717d) c.addi16sp sp, -16
core   0: 3 0x80005374 (0x717d) x 2 0xfffffff7
core   0: 0x80005376 (0x405e00b3) sub     ra, t3, t0
core   0: 3 0x80005376 (0x405e00b3) x 1 0x7ffdd19c
core   0: 0x8000537a (0x000082b9) c.srli  a3, 14
core   0: 3 0x8000537a (0x82b9) x13 0x00008800
core   0: 0x8000537c (0x0000ee0d) c.bnez  a2, pc + 58
core   0: 3 0x8000537c (0xee0d)
core   0: 0x800053b6 (0x000091fe) c.add   gp, t6
core   0: 3 0x800053b6 (0x91fe) x 3 0x00000000
core   0: 0x800053b8 (0x74348893) addi    a7, s1, 1859
core   0: 3 0x800053b8 (0x74348893) x17 0x00000743
core   0: 0x800053bc (0xe0cfab13) slti    s6, t6, -500
core   0: 3 0x800053bc (0xe0cfab13) x22 0x00000000
core   0: 0x800053c0 (0xdb3ef993) andi    s3, t4, -589
core   0: 3 0x800053c0 (0xdb3ef993) x19 0x22000000
core   0: 0x800053c4 (0x000088be) c.mv    a7, a5
core   0: 3 0x800053c4 (0x88be) x17 0x00000000
core   0: 0x800053c6 (0x03f3edb3) rem     s11, t2, t6
core   0: 3 0x800053c6 (0x03f3edb3) x27 0x00000004
core   0: 0x800053ca (0x0000ec11) c.bnez  s0, pc + 28
core   0: 3 0x800053ca (0xec11)
core   0: 0x800053e6 (0x00008722) c.mv    a4, s0
core   0: 3 0x800053e6 (0x8722) x14 0x00000002
core   0: 0x800053e8 (0x3a7e3893) sltiu   a7, t3, 935
core   0: 3 0x800053e8 (0x3a7e3893) x17 0x00000001
core   0: 0x800053ec (0x0000c199) c.beqz  a1, pc + 6
core   0: 3 0x800053ec (0xc199)
core   0: 0x800053ee (0x00001f7d) c.addi  t5, -1
core   0: 3 0x800053ee (0x1f7d) x30 0xffffffff
core   0: 0x800053f0 (0x00004175) c.li    sp, 29
core   0: 3 0x800053f0 (0x4175) x 2 0x0000001d
core   0: 0x800053f2 (0x02c9b2b3) mulhu   t0, s3, a2
core   0: 3 0x800053f2 (0x02c9b2b3) x 5 0x1d7c0000
core   0: 0x800053f6 (0x036cfbb3) remu    s7, s9, s6
core   0: 3 0x800053f6 (0x036cfbb3) x23 0x00000000
core   0: 0x800053fa (0x40b857b3) sra     a5, a6, a1
core   0: 3 0x800053fa (0x40b857b3) x15 0xffffffff
core   0: 0x800053fe (0x0000979e) c.add   a5, t2
core   0: 3 0x800053fe (0x979e) x15 0x00000003
core   0: 0x80005400 (0x02d19463) bne     gp, a3, pc + 40
core   0: 3 0x80005400 (0x02d19463)
core   0: 0x80005428 (0xc3c6e993) ori     s3, a3, -964
core   0: 3 0x80005428 (0xc3c6e993) x19 0xfffffc3c
core   0: 0x8000542c (0x01c90533) add     a0, s2, t3
core   0: 3 0x8000542c (0x01c90533) x10 0x00000000
core   0: 0x80005430 (0x00000001) c.nop
core   0: 3 0x80005430 (0x0001)
core   0: 0x80005432 (0x00006ea9) c.lui   t4, 0xa
core   0: 3 0x80005432 (0x6ea9) x29 0x0000a000
core   0: 0x80005434 (0x00000001) c.nop
core   0: 3 0x80005434 (0x0001)
core   0: 0x80005436 (0x423b9e17) auipc   t3, 0x423b9
core   0: 3 0x80005436 (0x423b9e17) x28 0xc23be436
core   0: 0x8000543a (0x01323fb3) sltu    t6, tp, s3
core   0: 3 0x8000543a (0x01323fb3) x31 0x00000001
core   0: 0x8000543e (0x03cb0033) mul     zero, s6, t3
core   0: 3 0x8000543e (0x03cb0033)
core   0: 0x80005442 (0xc4718a93) addi    s5, gp, -953
core   0: 3 0x80005442 (0xc4718a93) x21 0xfffffc47
core   0: 0x80005446 (0x0098c233) xor     tp, a7, s1
core   0: 3 0x80005446 (0x0098c233) x 4 0x00000001
core   0: 0x8000544a (0x4049ba93) sltiu   s5, s3, 1028
core   0: 3 0x8000544a (0x4049ba93) x21 0x00000000
core   0: 0x8000544e (0x41d25b13) srai    s6, tp, 29
core   0: 3 0x8000544e (0x41d25b13) x22 0x00000000
core   0: 0x80005452 (0x0315eeb3) rem     t4, a1, a7
core   0: 3 0x80005452 (0x0315eeb3) x29 0x00000000
core   0: 0x80005456 (0x40dfdfb3) sra     t6, t6, a3
core   0: 3 0x80005456 (0x40dfdfb3) x31 0x00000001
core   0: 0x8000545a (0x49ffa093) slti    ra, t6, 1183
core   0: 3 0x8000545a (0x49ffa093) x 1 0x00000001
core   0: 0x8000545e (0x0012eab3) or      s5, t0, ra
core   0: 3 0x8000545e (0x0012eab3) x21 0x1d7c0001
core   0: 0x80005462 (0x416add33) sra     s10, s5, s6
core   0: 3 0x80005462 (0x416add33) x26 0x1d7c0001
core   0: 0x80005466 (0x0392d933) divu    s2, t0, s9
core   0: 3 0x80005466 (0x0392d933) x18 0xffffffff
core   0: 0x8000546a (0x0000cc09) c.beqz  s0, pc + 26
core   0: 3 0x8000546a (0xcc09)
core   0: 0x8000546c (0x0155c3b3) xor     t2, a1, s5
core   0: 3 0x8000546c (0x0155c3b3) x 7 0x3c83fffe
core   0: 0x80005470 (0x00000001) c.nop
core   0: 3 0x80005470 (0x0001)
core   0: 0x80005472 (0xa44fa493) slti    s1, t6, -1468
core   0: 3 0x80005472 (0xa44fa493) x 9 0x00000000
core   0: 0x80005476 (0x03336963) bltu    t1, s3, pc + 50
core   0: 3 0x80005476 (0x03336963)
core   0: 0x800054a8 (0x01fc89b3) add     s3, s9, t6
core   0: 3 0x800054a8 (0x01fc89b3) x19 0x00000001
core   0: 0x800054ac (0x00008da9) c.xor   a1, a0
core   0: 3 0x800054ac (0x8da9) x11 0x21ffffff
core   0: 0x800054ae (0x00008e99) c.sub   a3, a4
core   0: 3 0x800054ae (0x8e99) x13 0x000087fe
core   0: 0x800054b0 (0x02dbaab3) mulhsu  s5, s7, a3
core   0: 3 0x800054b0 (0x02dbaab3) x21 0x00000000
core   0: 0x800054b4 (0x00000001) c.nop
core   0: 3 0x800054b4 (0x0001)
core   0: 0x800054b6 (0x0000851d) c.srai  a0, 7
core   0: 3 0x800054b6 (0x851d) x10 0x00000000
core   0: 0x800054b8 (0x0000ea89) c.bnez  a3, pc + 18
core   0: 3 0x800054b8 (0xea89)
core   0: 0x800054ca (0x02328963) beq     t0, gp, pc + 50
core   0: 3 0x800054ca (0x02328963)
core   0: 0x800054ce (0x00000b89) c.addi  s7, 2
core   0: 3 0x800054ce (0x0b89) x23 0x00000002
core   0: 0x800054d0 (0xc456d397) auipc   t2, 0xc456d
core   0: 3 0x800054d0 (0xc456d397) x 7 0x445724d0
core   0: 0x800054d4 (0x00004559) c.li    a0, 22
core   0: 3 0x800054d4 (0x4559) x10 0x00000016
core   0: 0x800054d6 (0x213fa297) auipc   t0, 0x213fa
core   0: 3 0x800054d6 (0x213fa297) x 5 0xa13ff4d6
core   0: 0x800054da (0x00008fb5) c.xor   a5, a3
core   0: 3 0x800054da (0x8fb5) x15 0x000087fd
core   0: 0x800054dc (0xa4381297) auipc   t0, 0xa4381
core   0: 3 0x800054dc (0xa4381297) x 5 0x243864dc
core   0: 0x800054e0 (0x00008231) c.srli  a2, 12
core   0: 3 0x800054e0 (0x8231) x12 0x000de000
core   0: 0x800054e2 (0xe1d9a693) slti    a3, s3, -483
core   0: 3 0x800054e2 (0xe1d9a693) x13 0x00000000
core   0: 0x800054e6 (0x00006dbd) c.lui   s11, 0xf
core   0: 3 0x800054e6 (0x6dbd) x27 0x0000f000
core   0: 0x800054e8 (0x000057fd) c.li    a5, -1
core   0: 3 0x800054e8 (0x57fd) x15 0xffffffff
core   0: 0x800054ea (0x4f0f6213) ori     tp, t5, 1264
core   0: 3 0x800054ea (0x4f0f6213) x 4 0xffffffff
core   0: 0x800054ee (0x407ed713) srai    a4, t4, 7
core   0: 3 0x800054ee (0x407ed713) x14 0x00000000
core   0: 0x800054f2 (0x0000069c) c.addi4spn a5, sp, 832
core   0: 3 0x800054f2 (0x069c) x15 0x0000035d
core   0: 0x800054f4 (0xd1746793) ori     a5, s0, -745
core   0: 3 0x800054f4 (0xd1746793) x15 0xfffffd17
core   0: 0x800054f8 (0x02b23133) mulhu   sp, tp, a1
core   0: 3 0x800054f8 (0x02b23133) x 2 0x21fffffe
core   0: 0x800054fc (0x413304b3) sub     s1, t1, s3
core   0: 3 0x800054fc (0x413304b3) x 9 0x80022e63
core   0: 0x80005500 (0x0294c433) div     s0, s1, s1
core   0: 3 0x80005500 (0x0294c433) x 8 0x00000001
core   0: 0x80005504 (0x00008e51) c.or    a2, a2
core   0: 3 0x80005504 (0x8e51) x12 0x000de000
core   0: 0x80005506 (0x00008055) c.srli  s0, 21
core   0: 3 0x80005506 (0x8055) x 8 0x00000000
core   0: 0x80005508 (0x057bcc63) blt     s7, s7, pc + 88
core   0: 3 0x80005508 (0x057bcc63)
core   0: 0x8000550c (0x013f8f33) add     t5, t6, s3
core   0: 3 0x8000550c (0x013f8f33) x30 0x00000002
core   0: 0x80005510 (0x0000e8b1) c.bnez  s1, pc + 84
core   0: 3 0x80005510 (0xe8b1)
core   0: 0x80005564 (0x00008f41) c.or    a4, s0
core   0: 3 0x80005564 (0x8f41) x14 0x00000000
core   0: 0x80005566 (0x032af663) bgeu    s5, s2, pc + 44
core   0: 3 0x80005566 (0x032af663)
core   0: 0x8000556a (0x0000100f) fence.i
core   0: 3 0x8000556a (0x0000100f)
core   0: 0x8000556e (0x40915a93) srai    s5, sp, 9
core   0: 3 0x8000556e (0x40915a93) x21 0x0010ffff
core   0: 0x80005572 (0x0000824a) c.mv    tp, s2
core   0: 3 0x80005572 (0x824a) x 4 0xffffffff
core   0: 0x80005574 (0x0000100f) fence.i
core   0: 3 0x80005574 (0x0000100f)
core   0: 0x80005578 (0x000096c2) c.add   a3, a6
core   0: 3 0x80005578 (0x96c2) x13 0x80026ce4
core   0: 0x8000557a (0x00008d95) c.sub   a1, a3
core   0: 3 0x8000557a (0x8d95) x11 0xa1fd931b
core   0: 0x8000557c (0x00006235) c.lui   tp, 0xd
core   0: 3 0x8000557c (0x6235) x 4 0x0000d000
core   0: 0x8000557e (0x94fd4797) auipc   a5, 0x94fd4
core   0: 3 0x8000557e (0x94fd4797) x15 0x14fd957e
core   0: 0x80005582 (0x038bbf33) mulhu   t5, s7, s8
core   0: 3 0x80005582 (0x038bbf33) x30 0x00000000
core   0: 0x80005586 (0x00a25b33) srl     s6, tp, a0
core   0: 3 0x80005586 (0x00a25b33) x22 0x00000000
core   0: 0x8000558a (0x034ce033) rem     zero, s9, s4
core   0: 3 0x8000558a (0x034ce033)
core   0: 0x8000558e (0x02aee863) bltu    t4, a0, pc + 48
core   0: 3 0x8000558e (0x02aee863)
core   0: 0x800055be (0x021008b3) mul     a7, zero, ra
core   0: 3 0x800055be (0x021008b3) x17 0x00000000
core   0: 0x800055c2 (0x00008df5) c.and   a1, a3
core   0: 3 0x800055c2 (0x8df5) x11 0x80000000
core   0: 0x800055c4 (0x3d839c17) auipc   s8, 0x3d839
core   0: 3 0x800055c4 (0x3d839c17) x24 0xbd83e5c4
core   0: 0x800055c8 (0x6fd8eb93) ori     s7, a7, 1789
core   0: 3 0x800055c8 (0x6fd8eb93) x23 0x000006fd
core   0: 0x800055cc (0x00a30cb3) add     s9, t1, a0
core   0: 3 0x800055cc (0x00a30cb3) x25 0x80022e7a
core   0: 0x800055d0 (0x03320233) mul     tp, tp, s3
core   0: 3 0x800055d0 (0x03320233) x 4 0x0000d000
core   0: 0x800055d4 (0x02818663) beq     gp, s0, pc + 44
core   0: 3 0x800055d4 (0x02818663)
core   0: 0x80005600 (0x00008db9) c.xor   a1, a4
core   0: 3 0x80005600 (0x8db9) x11 0x80000000
core   0: 0x80005602 (0x00000bca) c.slli  s7, 18
core   0: 3 0x80005602 (0x0bca) x23 0x1bf40000
core   0: 0x80005604 (0x032fcc63) blt     t6, s2, pc + 56
core   0: 3 0x80005604 (0x032fcc63)
core   0: 0x80005608 (0xaaf77893) andi    a7, a4, -1361
core   0: 3 0x80005608 (0xaaf77893) x17 0x00000000
core   0: 0x8000560c (0x00004e19) c.li    t3, 6
core   0: 3 0x8000560c (0x4e19) x28 0x00000006
core   0: 0x8000560e (0x032d8eb3) mul     t4, s11, s2
core   0: 3 0x8000560e (0x032d8eb3) x29 0xffff1000
core   0: 0x80005612 (0x01fa93b3) sll     t2, s5, t6
core   0: 3 0x80005612 (0x01fa93b3) x 7 0x0021fffe
core   0: 0x80005616 (0x04978d13) addi    s10, a5, 73
core   0: 3 0x80005616 (0x04978d13) x26 0x14fd95c7
core   0: 0x8000561a (0x0000c69d) c.beqz  a3, pc + 46
core   0: 3 0x8000561a (0xc69d)
core   0: 0x8000561c (0x00008ea9) c.xor   a3, a0
core   0: 3 0x8000561c (0x8ea9) x13 0x80026cf2
core   0: 0x8000561e (0x1c532097) auipc   ra, 0x1c532
core   0: 3 0x8000561e (0x1c532097) x 1 0x9c53761e
core   0: 0x80005622 (0x00d14533) xor     a0, sp, a3
core   0: 3 0x80005622 (0x00d14533) x10 0xa1fd930c
core   0: 0x80005626 (0x00000576) c.slli  a0, 29
core   0: 3 0x80005626 (0x0576) x10 0x80000000
core   0: 0x80005628 (0x3d152893) slti    a7, a0, 977
core   0: 3 0x80005628 (0x3d152893) x17 0x00000001
core   0: 0x8000562c (0x00008f35) c.xor   a4, a3
core   0: 3 0x8000562c (0x8f35) x14 0x80026cf2
core   0: 0x8000562e (0x00008e09) c.sub   a2, a0
core   0: 3 0x8000562e (0x8e09) x12 0x800de000
core   0: 0x80005630 (0x19888893) addi    a7, a7, 408
core   0: 3 0x80005630 (0x19888893) x17 0x00000199
core   0: 0x80005634 (0x402f5ab3) sra     s5, t5, sp
core   0: 3 0x80005634 (0x402f5ab3) x21 0x00000000
core   0: 0x80005638 (0x012157b3) srl     a5, sp, s2
core   0: 3 0x80005638 (0x012157b3) x15 0x00000000
core   0: 0x8000563c (0x971d2713) slti    a4, s10, -1679
core   0: 3 0x8000563c (0x971d2713) x14 0x00000000
core   0: 0x80005640 (0x012ee0b3) or      ra, t4, s2
core   0: 3 0x80005640 (0x012ee0b3) x 1 0xffffffff
core   0: 0x80005644 (0x0ff0000f) fence   iorw,iorw
core   0: 3 0x80005644 (0x0ff0000f)
core   0: 0x80005648 (0x05c4d963) bge     s1, t3, pc + 82
core   0: 3 0x80005648 (0x05c4d963)
core   0: 0x8000564c (0x00008d29) c.xor   a0, a0
core   0: 3 0x8000564c (0x8d29) x10 0x00000000
core   0: 0x8000564e (0x00a75293) srli    t0, a4, 10
core   0: 3 0x8000564e (0x00a75293) x 5 0x00000000
core   0: 0x80005652 (0x00600593) li      a1, 6
core   0: 3 0x80005652 (0x00600593) x11 0x00000006
core   0: 0x80005656 (0x00000001) c.nop
core   0: 3 0x80005656 (0x0001)
core   0: 0x80005658 (0x00000001) c.nop
core   0: 3 0x80005658 (0x0001)
core   0: 0x8000565a (0x5ddea993) slti    s3, t4, 1501
core   0: 3 0x8000565a (0x5ddea993) x19 0x00000001
core   0: 0x8000565e (0x01a51db3) sll     s11, a0, s10
core   0: 3 0x8000565e (0x01a51db3) x27 0x00000000
core   0: 0x80005662 (0x000015e9) c.addi  a1, -6
core   0: 3 0x80005662 (0x15e9) x11 0x00000000
core   0: 0x80005664 (0xffa00713) li      a4, -6
core   0: 3 0x80005664 (0xffa00713) x14 0xfffffffa
core   0: 0x80005668 (0x0000100f) fence.i
core   0: 3 0x80005668 (0x0000100f)
core   0: 0x8000566c (0x00247c33) and     s8, s0, sp
core   0: 3 0x8000566c (0x00247c33) x24 0x00000000
core   0: 0x80005670 (0xffa00213) li      tp, -6
core   0: 3 0x80005670 (0xffa00213) x 4 0xfffffffa
core   0: 0x80005674 (0x00008e5d) c.or    a2, a5
core   0: 3 0x80005674 (0x8e5d) x12 0x800de000
core   0: 0x80005676 (0x400f87b3) sub     a5, t6, zero
core   0: 3 0x80005676 (0x400f87b3) x15 0x00000001
core   0: 0x8000567a (0x00001779) c.addi  a4, -2
core   0: 3 0x8000567a (0x1779) x14 0xfffffff8
core   0: 0x8000567c (0x00000001) c.nop
core   0: 3 0x8000567c (0x0001)
core   0: 0x8000567e (0xfe475be3) bge     a4, tp, pc - 10
core   0: 3 0x8000567e (0xfe475be3)
core   0: 0x80005682 (0x0000fde1) c.bnez  a1, pc - 40
core   0: 3 0x80005682 (0xfde1)
core   0: 0x80005684 (0x40eb59b3) sra     s3, s6, a4
core   0: 3 0x80005684 (0x40eb59b3) x19 0x00000000
core   0: 0x80005688 (0x82f87c13) andi    s8, a6, -2001
core   0: 3 0x80005688 (0x82f87c13) x24 0x80026824
core   0: 0x8000568c (0x0141a433) slt     s0, gp, s4
core   0: 3 0x8000568c (0x0141a433) x 8 0x00000000
core   0: 0x80005690 (0x00e61363) bne     a2, a4, pc + 6
core   0: 3 0x80005690 (0x00e61363)
core   0: 0x80005696 (0x40515613) srai    a2, sp, 5
core   0: 3 0x80005696 (0x40515613) x12 0x010fffff
core   0: 0x8000569a (0x00f15113) srli    sp, sp, 15
core   0: 3 0x8000569a (0x00f15113) x 2 0x000043ff
core   0: 0x8000569e (0x01ec5863) bge     s8, t5, pc + 16
core   0: 3 0x8000569e (0x01ec5863)
core   0: 0x800056a2 (0x000089b1) c.andi  a1, 12
core   0: 3 0x800056a2 (0x89b1) x11 0x00000000
core   0: 0x800056a4 (0x8a2b1037) lui     zero, 0x8a2b1
core   0: 3 0x800056a4 (0x8a2b1037)
core   0: 0x800056a8 (0x00000001) c.nop
core   0: 3 0x800056a8 (0x0001)
core   0: 0x800056aa (0x6f292637) lui     a2, 0x6f292
core   0: 3 0x800056aa (0x6f292637) x12 0x6f292000
core   0: 0x800056ae (0x000009d9) c.addi  s3, 22
core   0: 3 0x800056ae (0x09d9) x19 0x00000016
core   0: 0x800056b0 (0x00008d6d) c.and   a0, a1
core   0: 3 0x800056b0 (0x8d6d) x10 0x00000000
core   0: 0x800056b2 (0x000004d5) c.addi  s1, 21
core   0: 3 0x800056b2 (0x04d5) x 9 0x80022e78
core   0: 0x800056b4 (0x00008c51) c.or    s0, a2
core   0: 3 0x800056b4 (0x8c51) x 8 0x6f292000
core   0: 0x800056b6 (0x03aa48b3) div     a7, s4, s10
core   0: 3 0x800056b6 (0x03aa48b3) x17 0xfffffffc
core   0: 0x800056ba (0x000082a1) c.srli  a3, 8
core   0: 3 0x800056ba (0x82a1) x13 0x0080026c
core   0: 0x800056bc (0x000098fd) c.andi  s1, -1
core   0: 3 0x800056bc (0x98fd) x 9 0x80022e78
core   0: 0x800056be (0xfde2cc97) auipc   s9, 0xfde2c
core   0: 3 0x800056be (0xfde2cc97) x25 0x7de316be
core   0: 0x800056c2 (0x40f28133) sub     sp, t0, a5
core   0: 3 0x800056c2 (0x40f28133) x 2 0xffffffff
core   0: 0x800056c6 (0x00000001) c.nop
core   0: 3 0x800056c6 (0x0001)
core   0: 0x800056c8 (0x00000001) c.nop
core   0: 3 0x800056c8 (0x0001)
core   0: 0x800056ca (0x0000063a) c.slli  a2, 14
core   0: 3 0x800056ca (0x063a) x12 0x48000000
core   0: 0x800056cc (0x0000c40d) c.beqz  s0, pc + 42
core   0: 3 0x800056cc (0xc40d)
core   0: 0x800056ce (0x8fd66b93) ori     s7, a2, -1795
core   0: 3 0x800056ce (0x8fd66b93) x23 0xfffff8fd
core   0: 0x800056d2 (0x011a4e33) xor     t3, s4, a7
core   0: 3 0x800056d2 (0x011a4e33) x28 0x58d10da2
core   0: 0x800056d6 (0x022d0b33) mul     s6, s10, sp
core   0: 3 0x800056d6 (0x022d0b33) x22 0xeb026a39
core   0: 0x800056da (0x07007297) auipc   t0, 0x7007
core   0: 3 0x800056da (0x07007297) x 5 0x8700c6da
core   0: 0x800056de (0xfa1aa293) slti    t0, s5, -95
core   0: 3 0x800056de (0xfa1aa293) x 5 0x00000000
core   0: 0x800056e2 (0x8ac7b593) sltiu   a1, a5, -1876
core   0: 3 0x800056e2 (0x8ac7b593) x11 0x00000001
core   0: 0x800056e6 (0x01adc6b3) xor     a3, s11, s10
core   0: 3 0x800056e6 (0x01adc6b3) x13 0x14fd95c7
core   0: 0x800056ea (0x007d5463) bge     s10, t2, pc + 8
core   0: 3 0x800056ea (0x007d5463)
core   0: 0x800056f2 (0x00000f99) c.addi  t6, 6
core   0: 3 0x800056f2 (0x0f99) x31 0x00000007
core   0: 0x800056f4 (0x00008f91) c.sub   a5, a2
core   0: 3 0x800056f4 (0x8f91) x15 0xb8000001
core   0: 0x800056f6 (0x02f28933) mul     s2, t0, a5
core   0: 3 0x800056f6 (0x02f28933) x18 0x00000000
core   0: 0x800056fa (0x03b56d33) rem     s10, a0, s11
core   0: 3 0x800056fa (0x03b56d33) x26 0x00000000
core   0: 0x800056fe (0x210d6293) ori     t0, s10, 528
core   0: 3 0x800056fe (0x210d6293) x 5 0x00000210
core   0: 0x80005702 (0x01bdbcb3) sltu    s9, s11, s11
core   0: 3 0x80005702 (0x01bdbcb3) x25 0x00000000
core   0: 0x80005706 (0x02c52533) mulhsu  a0, a0, a2
core   0: 3 0x80005706 (0x02c52533) x10 0x00000000
core   0: 0x8000570a (0x41e0d1b3) sra     gp, ra, t5
core   0: 3 0x8000570a (0x41e0d1b3) x 3 0xffffffff
core   0: 0x8000570e (0xce965417) auipc   s0, 0xce965
core   0: 3 0x8000570e (0xce965417) x 8 0x4e96a70e
core   0: 0x80005712 (0x00721c63) bne     tp, t2, pc + 24
core   0: 3 0x80005712 (0x00721c63)
core   0: 0x8000572a (0x82f9ae13) slti    t3, s3, -2001
core   0: 3 0x8000572a (0x82f9ae13) x28 0x00000000
core   0: 0x8000572e (0x03652133) mulhsu  sp, a0, s6
core   0: 3 0x8000572e (0x03652133) x 2 0x00000000
core   0: 0x80005732 (0x011267b3) or      a5, tp, a7
core   0: 3 0x80005732 (0x011267b3) x15 0xfffffffe
core   0: 0x80005736 (0x1fde6593) ori     a1, t3, 509
core   0: 3 0x80005736 (0x1fde6593) x11 0x000001fd
core   0: 0x8000573a (0x026fe433) rem     s0, t6, t1
core   0: 3 0x8000573a (0x026fe433) x 8 0x00000007
core   0: 0x8000573e (0x7a37a413) slti    s0, a5, 1955
core   0: 3 0x8000573e (0x7a37a413) x 8 0x00000001
core   0: 0x80005742 (0x030c4063) blt     s8, a6, pc + 32
core   0: 3 0x80005742 (0x030c4063)
core   0: 0x80005762 (0x061e5163) bge     t3, ra, pc + 98
core   0: 3 0x80005762 (0x061e5163)
core   0: 0x800057c4 (0x01960fb3) add     t6, a2, s9
core   0: 3 0x800057c4 (0x01960fb3) x31 0x48000000
core   0: 0x800057c8 (0x039fc0b3) div     ra, t6, s9
core   0: 3 0x800057c8 (0x039fc0b3) x 1 0xffffffff
core   0: 0x800057cc (0x00008f81) c.sub   a5, s0
core   0: 3 0x800057cc (0x8f81) x15 0xfffffffd
core   0: 0x800057ce (0x419e2013) slti    zero, t3, 1049
core   0: 3 0x800057ce (0x419e2013)
core   0: 0x800057d2 (0x01a59093) slli    ra, a1, 26
core   0: 3 0x800057d2 (0x01a59093) x 1 0xf4000000
core   0: 0x800057d6 (0x02c97663) bgeu    s2, a2, pc + 44
core   0: 3 0x800057d6 (0x02c97663)
core   0: 0x800057da (0x00000488) c.addi4spn a0, sp, 576
core   0: 3 0x800057da (0x0488) x10 0x00000240
core   0: 0x800057dc (0x01312f33) slt     t5, sp, s3
core   0: 3 0x800057dc (0x01312f33) x30 0x00000001
core   0: 0x800057e0 (0x01ad9863) bne     s11, s10, pc + 16
core   0: 3 0x800057e0 (0x01ad9863)
core   0: 0x800057e4 (0x0000ee09) c.bnez  a2, pc + 26
core   0: 3 0x800057e4 (0xee09)
core   0: 0x800057fe (0xa8f73497) auipc   s1, 0xa8f73
core   0: 3 0x800057fe (0xa8f73497) x 9 0x28f787fe
core   0: 0x80005802 (0x004b6a63) bltu    s6, tp, pc + 20
core   0: 3 0x80005802 (0x004b6a63)
core   0: 0x80005816 (0x000092b6) c.add   t0, a3
core   0: 3 0x80005816 (0x92b6) x 5 0x14fd97d7
core   0: 0x80005818 (0x00008e69) c.and   a2, a0
core   0: 3 0x80005818 (0x8e69) x12 0x00000000
core   0: 0x8000581a (0x00000001) c.nop
core   0: 3 0x8000581a (0x0001)
core   0: 0x8000581c (0x000098aa) c.add   a7, a0
core   0: 3 0x8000581c (0x98aa) x17 0x0000023c
core   0: 0x8000581e (0x01f06c33) or      s8, zero, t6
core   0: 3 0x8000581e (0x01f06c33) x24 0x48000000
core   0: 0x80005822 (0x03c597b3) mulh    a5, a1, t3
core   0: 3 0x80005822 (0x03c597b3) x15 0x00000000
core   0: 0x80005826 (0x03b2c963) blt     t0, s11, pc + 50
core   0: 3 0x80005826 (0x03b2c963)
core   0: 0x8000582a (0x00009d56) c.add   s10, s5
core   0: 3 0x8000582a (0x9d56) x26 0x00000000
core   0: 0x8000582c (0x03d724b3) mulhsu  s1, a4, t4
core   0: 3 0x8000582c (0x03d724b3) x 9 0xfffffff8
core   0: 0x80005830 (0x413b5e93) srai    t4, s6, 19
core   0: 3 0x80005830 (0x413b5e93) x29 0xfffffd60
core   0: 0x80005834 (0x03e14933) div     s2, sp, t5
core   0: 3 0x80005834 (0x03e14933) x18 0x00000000
core   0: 0x80005838 (0x028bad33) mulhsu  s10, s7, s0
core   0: 3 0x80005838 (0x028bad33) x26 0xffffffff
core   0: 0x8000583c (0x0000e885) c.bnez  s1, pc + 48
core   0: 3 0x8000583c (0xe885)
core   0: 0x8000586c (0x0000ca91) c.beqz  a3, pc + 20
core   0: 3 0x8000586c (0xca91)
core   0: 0x8000586e (0x0ff0000f) fence   iorw,iorw
core   0: 3 0x8000586e (0x0ff0000f)
core   0: 0x80005872 (0x00b1b9b3) sltu    s3, gp, a1
core   0: 3 0x80005872 (0x00b1b9b3) x19 0x00000000
core   0: 0x80005876 (0x31246397) auipc   t2, 0x31246
core   0: 3 0x80005876 (0x31246397) x 7 0xb124b876
core   0: 0x8000587a (0x0275e2b3) rem     t0, a1, t2
core   0: 3 0x8000587a (0x0275e2b3) x 5 0x000001fd
core   0: 0x8000587e (0x00008e85) c.sub   a3, s1
core   0: 3 0x8000587e (0x8e85) x13 0x14fd95cf
core   0: 0x80005880 (0x00008d59) c.or    a0, a4
core   0: 3 0x80005880 (0x8d59) x10 0xfffffff8
core   0: 0x80005882 (0x0ff0000f) fence   iorw,iorw
core   0: 3 0x80005882 (0x0ff0000f)
core   0: 0x80005886 (0xcabafc93) andi    s9, s5, -853
core   0: 3 0x80005886 (0xcabafc93) x25 0x00000000
core   0: 0x8000588a (0x03bfe463) bltu    t6, s11, pc + 40
core   0: 3 0x8000588a (0x03bfe463)
core   0: 0x8000588e (0x40a95db3) sra     s11, s2, a0
core   0: 3 0x8000588e (0x40a95db3) x27 0x00000000
core   0: 0x80005892 (0xa0f4c517) auipc   a0, 0xa0f4c
core   0: 3 0x80005892 (0xa0f4c517) x10 0x20f51892
core   0: 0x80005896 (0x41745bb3) sra     s7, s0, s7
core   0: 3 0x80005896 (0x41745bb3) x23 0x00000000
core   0: 0x8000589a (0x008f2eb3) slt     t4, t5, s0
core   0: 3 0x8000589a (0x008f2eb3) x29 0x00000000
core   0: 0x8000589e (0x0000100f) fence.i
core   0: 3 0x8000589e (0x0000100f)
core   0: 0x800058a2 (0x0000e31d) c.bnez  a4, pc + 38
core   0: 3 0x800058a2 (0xe31d)
core   0: 0x800058c8 (0x00009396) c.add   t2, t0
core   0: 3 0x800058c8 (0x9396) x 7 0xb124ba73
core   0: 0x800058ca (0xca172793) slti    a5, a4, -863
core   0: 3 0x800058ca (0xca172793) x15 0x00000000
core   0: 0x800058ce (0x00000001) c.nop
core   0: 3 0x800058ce (0x0001)
core   0: 0x800058d0 (0x0000100f) fence.i
core   0: 3 0x800058d0 (0x0000100f)
core   0: 0x800058d4 (0x00495393) srli    t2, s2, 4
core   0: 3 0x800058d4 (0x00495393) x 7 0x00000000
core   0: 0x800058d8 (0x3523a193) slti    gp, t2, 850
core   0: 3 0x800058d8 (0x3523a193) x 3 0x00000001
core   0: 0x800058dc (0x0ff0000f) fence   iorw,iorw
core   0: 3 0x800058dc (0x0ff0000f)
core   0: 0x800058e0 (0x0255b633) mulhu   a2, a1, t0
core   0: 3 0x800058e0 (0x0255b633) x12 0x00000000
core   0: 0x800058e4 (0x00008be5) c.andi  a5, 25
core   0: 3 0x800058e4 (0x8be5) x15 0x00000000
core   0: 0x800058e6 (0x0019c633) xor     a2, s3, ra
core   0: 3 0x800058e6 (0x0019c633) x12 0xf4000000
core   0: 0x800058ea (0x0287c863) blt     a5, s0, pc + 48
core   0: 3 0x800058ea (0x0287c863)
core   0: 0x8000591a (0x00004599) c.li    a1, 6
core   0: 3 0x8000591a (0x4599) x11 0x00000006
core   0: 0x8000591c (0x00008e8d) c.sub   a3, a1
core   0: 3 0x8000591c (0x8e8d) x13 0x14fd95c9
core   0: 0x8000591e (0x014f2033) slt     zero, t5, s4
core   0: 3 0x8000591e (0x014f2033)
core   0: 0x80005922 (0x02b59933) mulh    s2, a1, a1
core   0: 3 0x80005922 (0x02b59933) x18 0x00000000
core   0: 0x80005926 (0x009a3433) sltu    s0, s4, s1
core   0: 3 0x80005926 (0x009a3433) x 8 0x00000001
core   0: 0x8000592a (0x000050fd) c.li    ra, -1
core   0: 3 0x8000592a (0x50fd) x 1 0xffffffff
core   0: 0x8000592c (0x0000100f) fence.i
core   0: 3 0x8000592c (0x0000100f)
core   0: 0x80005930 (0x00008da5) c.xor   a1, s1
core   0: 3 0x80005930 (0x8da5) x11 0xfffffffe
core   0: 0x80005932 (0x5ebf3e13) sltiu   t3, t5, 1515
core   0: 3 0x80005932 (0x5ebf3e13) x28 0x00000001
core   0: 0x80005936 (0x03dd08b3) mul     a7, s10, t4
core   0: 3 0x80005936 (0x03dd08b3) x17 0x00000000
core   0: 0x8000593a (0x00006111) c.addi16sp sp, 256
core   0: 3 0x8000593a (0x6111) x 2 0x00000100
core   0: 0x8000593c (0x03884663) blt     a6, s8, pc + 44
core   0: 3 0x8000593c (0x03884663)
core   0: 0x80005968 (0x00000001) c.nop
core   0: 3 0x80005968 (0x0001)
core   0: 0x8000596a (0x00008d49) c.or    a0, a0
core   0: 3 0x8000596a (0x8d49) x10 0x20f51892
core   0: 0x8000596c (0x00008635) c.srai  a2, 13
core   0: 3 0x8000596c (0x8635) x12 0xffffa000
core   0: 0x8000596e (0x0134c663) blt     s1, s3, pc + 12
core   0: 3 0x8000596e (0x0134c663)
core   0: 0x8000597a (0x00008d41) c.or    a0, s0
core   0: 3 0x8000597a (0x8d41) x10 0x20f51893
core   0: 0x8000597c (0x00cbe3b3) or      t2, s7, a2
core   0: 3 0x8000597c (0x00cbe3b3) x 7 0xffffa000
core   0: 0x80005980 (0x02a37db3) remu    s11, t1, a0
core   0: 3 0x80005980 (0x02a37db3) x27 0x1d22e4ab
core   0: 0x80005984 (0x018c5b33) srl     s6, s8, s8
core   0: 3 0x80005984 (0x018c5b33) x22 0x48000000
core   0: 0x80005988 (0x0ff0000f) fence   iorw,iorw
core   0: 3 0x80005988 (0x0ff0000f)
core   0: 0x8000598c (0x00008096) c.mv    ra, t0
core   0: 3 0x8000598c (0x8096) x 1 0x000001fd
core   0: 0x8000598e (0x0000021a) c.slli  tp, 6
core   0: 3 0x8000598e (0x021a) x 4 0xfffffe80
core   0: 0x80005990 (0x00004711) c.li    a4, 4
core   0: 3 0x80005990 (0x4711) x14 0x00000004
core   0: 0x80005992 (0xcc157f93) andi    t6, a0, -831
core   0: 3 0x80005992 (0xcc157f93) x31 0x20f51881
core   0: 0x80005996 (0x00000001) c.nop
core   0: 3 0x80005996 (0x0001)
core   0: 0x80005998 (0x0000e91d) c.bnez  a0, pc + 54
core   0: 3 0x80005998 (0xe91d)
core   0: 0x800059ce (0x01061963) bne     a2, a6, pc + 18
core   0: 3 0x800059ce (0x01061963)
core   0: 0x800059e0 (0x000099aa) c.add   s3, a0
core   0: 3 0x800059e0 (0x99aa) x19 0x20f51893
core   0: 0x800059e2 (0x4bbbad13) slti    s10, s7, 1211
core   0: 3 0x800059e2 (0x4bbbad13) x26 0x00000001
core   0: 0x800059e6 (0x00008c45) c.or    s0, s1
core   0: 3 0x800059e6 (0x8c45) x 8 0xfffffff9
core   0: 0x800059e8 (0x00008e59) c.or    a2, a4
core   0: 3 0x800059e8 (0x8e59) x12 0xffffa004
core   0: 0x800059ea (0x40475293) srai    t0, a4, 4
core   0: 3 0x800059ea (0x40475293) x 5 0x00000000
core   0: 0x800059ee (0x0184c633) xor     a2, s1, s8
core   0: 3 0x800059ee (0x0184c633) x12 0xb7fffff8
core   0: 0x800059f2 (0x3e69c913) xori    s2, s3, 998
core   0: 3 0x800059f2 (0x3e69c913) x18 0x20f51b75
core   0: 0x800059f6 (0x00c3a3b3) slt     t2, t2, a2
core   0: 3 0x800059f6 (0x00c3a3b3) x 7 0x00000000
core   0: 0x800059fa (0x000007fa) c.slli  a5, 30
core   0: 3 0x800059fa (0x07fa) x15 0x00000000
core   0: 0x800059fc (0x0000612d) c.addi16sp sp, 224
core   0: 3 0x800059fc (0x612d) x 2 0x000001e0
core   0: 0x800059fe (0x5d356d93) ori     s11, a0, 1491
core   0: 3 0x800059fe (0x5d356d93) x27 0x20f51dd3
core   0: 0x80005a02 (0x00008c9d) c.sub   s1, a5
core   0: 3 0x80005a02 (0x8c9d) x 9 0xfffffff8
core   0: 0x80005a04 (0x01bdd5b3) srl     a1, s11, s11
core   0: 3 0x80005a04 (0x01bdd5b3) x11 0x0000041e
core   0: 0x80005a08 (0x00008dc1) c.or    a1, s0
core   0: 3 0x80005a08 (0x8dc1) x11 0xffffffff
core   0: 0x80005a0a (0x0011bab3) sltu    s5, gp, ra
core   0: 3 0x80005a0a (0x0011bab3) x21 0x00000001
core   0: 0x80005a0e (0x4cc2ac93) slti    s9, t0, 1228
core   0: 3 0x80005a0e (0x4cc2ac93) x25 0x00000001
core   0: 0x80005a12 (0x000082d5) c.srli  a3, 21
core   0: 3 0x80005a12 (0x82d5) x13 0x000000a7
core   0: 0x80005a14 (0x031154b3) divu    s1, sp, a7
core   0: 3 0x80005a14 (0x031154b3) x 9 0xffffffff
core   0: 0x80005a18 (0x03bcca63) blt     s9, s11, pc + 52
core   0: 3 0x80005a18 (0x03bcca63)
core   0: 0x80005a4c (0x00a17933) and     s2, sp, a0
core   0: 3 0x80005a4c (0x00a17933) x18 0x00000080
core   0: 0x80005a50 (0x7ff77793) andi    a5, a4, 2047
core   0: 3 0x80005a50 (0x7ff77793) x15 0x00000004
core   0: 0x80005a54 (0x341bbd93) sltiu   s11, s7, 833
core   0: 3 0x80005a54 (0x341bbd93) x27 0x00000001
core   0: 0x80005a58 (0x0000ea0d) c.bnez  a2, pc + 50
core   0: 3 0x80005a58 (0xea0d)
core   0: 0x80005a8a (0x1eee67b7) lui     a5, 0x1eee6
core   0: 3 0x80005a8a (0x1eee67b7) x15 0x1eee6000
core   0: 0x80005a8e (0x2297cd17) auipc   s10, 0x2297c
core   0: 3 0x80005a8e (0x2297cd17) x26 0xa2981a8e
core   0: 0x80005a92 (0x00666133) or      sp, a2, t1
core   0: 3 0x80005a92 (0x00666133) x 2 0xb7fffffc
core   0: 0x80005a96 (0x00008d2d) c.xor   a0, a1
core   0: 3 0x80005a96 (0x8d2d) x10 0xdf0ae76c
core   0: 0x80005a98 (0x00008172) c.mv    sp, t3
core   0: 3 0x80005a98 (0x8172) x 2 0x00000001
core   0: 0x80005a9a (0x02ed8633) mul     a2, s11, a4
core   0: 3 0x80005a9a (0x02ed8633) x12 0x00000004
core   0: 0x80005a9e (0x00008c01) c.sub   s0, s0
core   0: 3 0x80005a9e (0x8c01) x 8 0x00000000
core   0: 0x80005aa0 (0x0226fab3) remu    s5, a3, sp
core   0: 3 0x80005aa0 (0x0226fab3) x21 0x00000000
core   0: 0x80005aa4 (0x01fe1a93) slli    s5, t3, 31
core   0: 3 0x80005aa4 (0x01fe1a93) x21 0x80000000
core   0: 0x80005aa8 (0xee126e13) ori     t3, tp, -287
core   0: 3 0x80005aa8 (0xee126e13) x28 0xfffffee1
core   0: 0x80005aac (0x00005d7d) c.li    s10, -1
core   0: 3 0x80005aac (0x5d7d) x26 0xffffffff
core   0: 0x80005aae (0x000044a5) c.li    s1, 9
core   0: 3 0x80005aae (0x44a5) x 9 0x00000009
core   0: 0x80005ab0 (0x006557b3) srl     a5, a0, t1
core   0: 3 0x80005ab0 (0x006557b3) x15 0x0df0ae76
core   0: 0x80005ab4 (0x00e68563) beq     a3, a4, pc + 10
core   0: 3 0x80005ab4 (0x00e68563)
core   0: 0x80005ab8 (0x0000c515) c.beqz  a0, pc + 44
core   0: 3 0x80005ab8 (0xc515)
core   0: 0x80005aba (0x67eb0493) addi    s1, s6, 1662
core   0: 3 0x80005aba (0x67eb0493) x 9 0x4800067e
core   0: 0x80005abe (0xecf4ef13) ori     t5, s1, -305
core   0: 3 0x80005abe (0xecf4ef13) x30 0xfffffeff
core   0: 0x80005ac2 (0xe1044213) xori    tp, s0, -496
core   0: 3 0x80005ac2 (0xe1044213) x 4 0xfffffe10
core   0: 0x80005ac6 (0x01fa9213) slli    tp, s5, 31
core   0: 3 0x80005ac6 (0x01fa9213) x 4 0x00000000
core   0: 0x80005aca (0x00ceed63) bltu    t4, a2, pc + 26
core   0: 3 0x80005aca (0x00ceed63)
core   0: 0x80005ae4 (0x41845113) srai    sp, s0, 24
core   0: 3 0x80005ae4 (0x41845113) x 2 0x00000000
core   0: 0x80005ae8 (0x021b2133) mulhsu  sp, s6, ra
core   0: 3 0x80005ae8 (0x021b2133) x 2 0x0000008f
core   0: 0x80005aec (0x034dc3b3) div     t2, s11, s4
core   0: 3 0x80005aec (0x034dc3b3) x 7 0x00000000
core   0: 0x80005af0 (0x00006e11) c.lui   t3, 0x4
core   0: 3 0x80005af0 (0x6e11) x28 0x00004000
core   0: 0x80005af2 (0x00900493) li      s1, 9
core   0: 3 0x80005af2 (0x00900493) x 9 0x00000009
core   0: 0x80005af6 (0x000083a1) c.srli  a5, 8
core   0: 3 0x80005af6 (0x83a1) x15 0x000df0ae
core   0: 0x80005af8 (0x418309b3) sub     s3, t1, s8
core   0: 3 0x80005af8 (0x418309b3) x19 0x38022e64
core   0: 0x80005afc (0x0000100f) fence.i
core   0: 3 0x80005afc (0x0000100f)
core   0: 0x80005b00 (0xf940e013) ori     zero, ra, -108
core   0: 3 0x80005b00 (0xf940e013)
core   0: 0x80005b04 (0x02a96933) rem     s2, s2, a0
core   0: 3 0x80005b04 (0x02a96933) x18 0x00000080
core   0: 0x80005b08 (0x0086acb3) slt     s9, a3, s0
core   0: 3 0x80005b08 (0x0086acb3) x25 0x00000000
core   0: 0x80005b0c (0x00000612) c.slli  a2, 4
core   0: 3 0x80005b0c (0x0612) x12 0x00000040
core   0: 0x80005b0e (0x0000100f) fence.i
core   0: 3 0x80005b0e (0x0000100f)
core   0: 0x80005b12 (0x4014d433) sra     s0, s1, ra
core   0: 3 0x80005b12 (0x4014d433) x 8 0x00000000
core   0: 0x80005b16 (0x00000b3e) c.slli  s6, 15
core   0: 3 0x80005b16 (0x0b3e) x22 0x00000000
core   0: 0x80005b18 (0x02c1cd33) div     s10, gp, a2
core   0: 3 0x80005b18 (0x02c1cd33) x26 0x00000000
core   0: 0x80005b1c (0x000083a5) c.srli  a5, 9
core   0: 3 0x80005b1c (0x83a5) x15 0x000006f8
core   0: 0x80005b1e (0xfec00893) li      a7, -20
core   0: 3 0x80005b1e (0xfec00893) x17 0xffffffec
core   0: 0x80005b22 (0x0297b733) mulhu   a4, a5, s1
core   0: 3 0x80005b22 (0x0297b733) x14 0x00000000
core   0: 0x80005b26 (0x007679b3) and     s3, a2, t2
core   0: 3 0x80005b26 (0x007679b3) x19 0x00000000
core   0: 0x80005b2a (0x0043a133) slt     sp, t2, tp
core   0: 3 0x80005b2a (0x0043a133) x 2 0x00000000
core   0: 0x80005b2e (0x01633fb3) sltu    t6, t1, s6
core   0: 3 0x80005b2e (0x01633fb3) x31 0x00000000
core   0: 0x80005b32 (0x7f66ab17) auipc   s6, 0x7f66a
core   0: 3 0x80005b32 (0x7f66ab17) x22 0xff66fb32
core   0: 0x80005b36 (0x000014dd) c.addi  s1, -9
core   0: 3 0x80005b36 (0x14dd) x 9 0x00000000
core   0: 0x80005b38 (0x03091133) mulh    sp, s2, a6
core   0: 3 0x80005b38 (0x03091133) x 2 0xffffffc0
core   0: 0x80005b3c (0x000010fd) c.addi  ra, -1
core   0: 3 0x80005b3c (0x10fd) x 1 0x000001fc
core   0: 0x80005b3e (0x404055b3) sra     a1, zero, tp
core   0: 3 0x80005b3e (0x404055b3) x11 0x00000000
core   0: 0x80005b42 (0xff14d2e3) bge     s1, a7, pc - 28
core   0: 3 0x80005b42 (0xff14d2e3)
core   0: 0x80005b26 (0x007679b3) and     s3, a2, t2
core   0: 3 0x80005b26 (0x007679b3) x19 0x00000000
core   0: 0x80005b2a (0x0043a133) slt     sp, t2, tp
core   0: 3 0x80005b2a (0x0043a133) x 2 0x00000000
core   0: 0x80005b2e (0x01633fb3) sltu    t6, t1, s6
core   0: 3 0x80005b2e (0x01633fb3) x31 0x00000001
core   0: 0x80005b32 (0x7f66ab17) auipc   s6, 0x7f66a
core   0: 3 0x80005b32 (0x7f66ab17) x22 0xff66fb32
core   0: 0x80005b36 (0x000014dd) c.addi  s1, -9
core   0: 3 0x80005b36 (0x14dd) x 9 0xfffffff7
core   0: 0x80005b38 (0x03091133) mulh    sp, s2, a6
core   0: 3 0x80005b38 (0x03091133) x 2 0xffffffc0
core   0: 0x80005b3c (0x000010fd) c.addi  ra, -1
core   0: 3 0x80005b3c (0x10fd) x 1 0x000001fb
core   0: 0x80005b3e (0x404055b3) sra     a1, zero, tp
core   0: 3 0x80005b3e (0x404055b3) x11 0x00000000
core   0: 0x80005b42 (0xff14d2e3) bge     s1, a7, pc - 28
core   0: 3 0x80005b42 (0xff14d2e3)
core   0: 0x80005b26 (0x007679b3) and     s3, a2, t2
core   0: 3 0x80005b26 (0x007679b3) x19 0x00000000
core   0: 0x80005b2a (0x0043a133) slt     sp, t2, tp
core   0: 3 0x80005b2a (0x0043a133) x 2 0x00000000
core   0: 0x80005b2e (0x01633fb3) sltu    t6, t1, s6
core   0: 3 0x80005b2e (0x01633fb3) x31 0x00000001
core   0: 0x80005b32 (0x7f66ab17) auipc   s6, 0x7f66a
core   0: 3 0x80005b32 (0x7f66ab17) x22 0xff66fb32
core   0: 0x80005b36 (0x000014dd) c.addi  s1, -9
core   0: 3 0x80005b36 (0x14dd) x 9 0xffffffee
core   0: 0x80005b38 (0x03091133) mulh    sp, s2, a6
core   0: 3 0x80005b38 (0x03091133) x 2 0xffffffc0
core   0: 0x80005b3c (0x000010fd) c.addi  ra, -1
core   0: 3 0x80005b3c (0x10fd) x 1 0x000001fa
core   0: 0x80005b3e (0x404055b3) sra     a1, zero, tp
core   0: 3 0x80005b3e (0x404055b3) x11 0x00000000
core   0: 0x80005b42 (0xff14d2e3) bge     s1, a7, pc - 28
core   0: 3 0x80005b42 (0xff14d2e3)
core   0: 0x80005b26 (0x007679b3) and     s3, a2, t2
core   0: 3 0x80005b26 (0x007679b3) x19 0x00000000
core   0: 0x80005b2a (0x0043a133) slt     sp, t2, tp
core   0: 3 0x80005b2a (0x0043a133) x 2 0x00000000
core   0: 0x80005b2e (0x01633fb3) sltu    t6, t1, s6
core   0: 3 0x80005b2e (0x01633fb3) x31 0x00000001
core   0: 0x80005b32 (0x7f66ab17) auipc   s6, 0x7f66a
core   0: 3 0x80005b32 (0x7f66ab17) x22 0xff66fb32
core   0: 0x80005b36 (0x000014dd) c.addi  s1, -9
core   0: 3 0x80005b36 (0x14dd) x 9 0xffffffe5
core   0: 0x80005b38 (0x03091133) mulh    sp, s2, a6
core   0: 3 0x80005b38 (0x03091133) x 2 0xffffffc0
core   0: 0x80005b3c (0x000010fd) c.addi  ra, -1
core   0: 3 0x80005b3c (0x10fd) x 1 0x000001f9
core   0: 0x80005b3e (0x404055b3) sra     a1, zero, tp
core   0: 3 0x80005b3e (0x404055b3) x11 0x00000000
core   0: 0x80005b42 (0xff14d2e3) bge     s1, a7, pc - 28
core   0: 3 0x80005b42 (0xff14d2e3)
core   0: 0x80005b46 (0x000007cd) c.addi  a5, 19
core   0: 3 0x80005b46 (0x07cd) x15 0x0000070b
core   0: 0x80005b48 (0x000086a1) c.srai  a3, 8
core   0: 3 0x80005b48 (0x86a1) x13 0x00000000
core   0: 0x80005b4a (0x00008e3d) c.xor   a2, a5
core   0: 3 0x80005b4a (0x8e3d) x12 0x0000074b
core   0: 0x80005b4c (0x01cec463) blt     t4, t3, pc + 8
core   0: 3 0x80005b4c (0x01cec463)
core   0: 0x80005b54 (0x00008f95) c.sub   a5, a3
core   0: 3 0x80005b54 (0x8f95) x15 0x0000070b
core   0: 0x80005b56 (0x0000e495) c.bnez  s1, pc + 44
core   0: 3 0x80005b56 (0xe495)
core   0: 0x80005b82 (0x025f6e33) rem     t3, t5, t0
core   0: 3 0x80005b82 (0x025f6e33) x28 0xfffffeff
core   0: 0x80005b86 (0x02b84763) blt     a6, a1, pc + 46
core   0: 3 0x80005b86 (0x02b84763)
core   0: 0x80005bb4 (0x021eee63) bltu    t4, ra, pc + 60
core   0: 3 0x80005bb4 (0x021eee63)
core   0: 0x80005bf0 (0x00049f13) slli    t5, s1, 0
core   0: 3 0x80005bf0 (0x00049f13) x30 0xffffffe5
core   0: 0x80005bf4 (0x0160e433) or      s0, ra, s6
core   0: 3 0x80005bf4 (0x0160e433) x 8 0xff66fbfb
core   0: 0x80005bf8 (0x0000e299) c.bnez  a3, pc + 6
core   0: 3 0x80005bf8 (0xe299)
core   0: 0x80005bfa (0x41b05093) srai    ra, zero, 27
core   0: 3 0x80005bfa (0x41b05093) x 1 0x00000000
core   0: 0x80005bfe (0x0062cb33) xor     s6, t0, t1
core   0: 3 0x80005bfe (0x0062cb33) x22 0x80022e64
core   0: 0x80005c02 (0x0ff0000f) fence   iorw,iorw
core   0: 3 0x80005c02 (0x0ff0000f)
core   0: 0x80005c06 (0x000000e2) c.slli  ra, 24
core   0: 3 0x80005c06 (0x00e2) x 1 0x00000000
core   0: 0x80005c08 (0x00006149) c.addi16sp sp, 144
core   0: 3 0x80005c08 (0x6149) x 2 0x00000050
core   0: 0x80005c0a (0x00008c6d) c.and   s0, a1
core   0: 3 0x80005c0a (0x8c6d) x 8 0x00000000
core   0: 0x80005c0c (0x00008b99) c.andi  a5, 6
core   0: 3 0x80005c0c (0x8b99) x15 0x00000002
core   0: 0x80005c0e (0x00008f49) c.or    a4, a0
core   0: 3 0x80005c0e (0x8f49) x14 0xdf0ae76c
core   0: 0x80005c10 (0x03c67233) remu    tp, a2, t3
core   0: 3 0x80005c10 (0x03c67233) x 4 0x0000074b
core   0: 0x80005c14 (0x0339f0b3) remu    ra, s3, s3
core   0: 3 0x80005c14 (0x0339f0b3) x 1 0x00000000
core   0: 0x80005c18 (0xc6084c93) xori    s9, a6, -928
core   0: 3 0x80005c18 (0xc6084c93) x25 0x7ffd9084
core   0: 0x80005c1c (0x418a5993) srai    s3, s4, 24
core   0: 3 0x80005c1c (0x418a5993) x19 0xffffffa7
core   0: 0x80005c20 (0x03307c63) bgeu    zero, s3, pc + 56
core   0: 3 0x80005c20 (0x03307c63)
core   0: 0x80005c24 (0x019db0b3) sltu    ra, s11, s9
core   0: 3 0x80005c24 (0x019db0b3) x 1 0x00000001
core   0: 0x80005c28 (0x02d30cb3) mul     s9, t1, a3
core   0: 3 0x80005c28 (0x02d30cb3) x25 0x00000000
core   0: 0x80005c2c (0x00205d13) srli    s10, zero, 2
core   0: 3 0x80005c2c (0x00205d13) x26 0x00000000
core   0: 0x80005c30 (0x41830ab3) sub     s5, t1, s8
core   0: 3 0x80005c30 (0x41830ab3) x21 0x38022e64
core   0: 0x80005c34 (0x00bf2cb3) slt     s9, t5, a1
core   0: 3 0x80005c34 (0x00bf2cb3) x25 0x00000001
core   0: 0x80005c38 (0x007f71b3) and     gp, t5, t2
core   0: 3 0x80005c38 (0x007f71b3) x 3 0x00000000
core   0: 0x80005c3c (0x40e15393) srai    t2, sp, 14
core   0: 3 0x80005c3c (0x40e15393) x 7 0x00000000
core   0: 0x80005c40 (0x03c7e033) rem     zero, a5, t3
core   0: 3 0x80005c40 (0x03c7e033)
core   0: 0x80005c44 (0x000002aa) c.slli  t0, 10
core   0: 3 0x80005c44 (0x02aa) x 5 0x00000000
core   0: 0x80005c46 (0x00008f1d) c.sub   a4, a5
core   0: 3 0x80005c46 (0x8f1d) x14 0xdf0ae76a
core   0: 0x80005c48 (0x03b18433) mul     s0, gp, s11
core   0: 3 0x80005c48 (0x03b18433) x 8 0x00000000
core   0: 0x80005c4c (0x01623c33) sltu    s8, tp, s6
core   0: 3 0x80005c4c (0x01623c33) x24 0x00000001
core   0: 0x80005c50 (0x023c8e33) mul     t3, s9, gp
core   0: 3 0x80005c50 (0x023c8e33) x28 0x00000000
core   0: 0x80005c54 (0x00000001) c.nop
core   0: 3 0x80005c54 (0x0001)
core   0: 0x80005c56 (0x0000717d) c.addi16sp sp, -16
core   0: 3 0x80005c56 (0x717d) x 2 0x00000040
core   0: 0x80005c58 (0x01f78b33) add     s6, a5, t6
core   0: 3 0x80005c58 (0x01f78b33) x22 0x00000003
core   0: 0x80005c5c (0x00000001) c.nop
core   0: 3 0x80005c5c (0x0001)
core   0: 0x80005c5e (0x0278a4b3) mulhsu  s1, a7, t2
core   0: 3 0x80005c5e (0x0278a4b3) x 9 0x00000000
core   0: 0x80005c62 (0x000092f2) c.add   t0, t3
core   0: 3 0x80005c62 (0x92f2) x 5 0x00000000
core   0: 0x80005c64 (0x01f13733) sltu    a4, sp, t6
core   0: 3 0x80005c64 (0x01f13733) x14 0x00000000
core   0: 0x80005c68 (0x2583cc93) xori    s9, t2, 600
core   0: 3 0x80005c68 (0x2583cc93) x25 0x00000258
core   0: 0x80005c6c (0xc5e17997) auipc   s3, 0xc5e17
core   0: 3 0x80005c6c (0xc5e17997) x19 0x45e1cc6c
core   0: 0x80005c70 (0x00000001) c.nop
core   0: 3 0x80005c70 (0x0001)
core   0: 0x80005c72 (0x01166b63) bltu    a2, a7, pc + 22
core   0: 3 0x80005c72 (0x01166b63)
core   0: 0x80005c88 (0x00f8c433) xor     s0, a7, a5
core   0: 3 0x80005c88 (0x00f8c433) x 8 0xffffffee
core   0: 0x80005c8c (0xabc4dd97) auipc   s11, 0xabc4d
core   0: 3 0x80005c8c (0xabc4dd97) x27 0x2bc52c8c
core   0: 0x80005c90 (0x00008cd1) c.or    s1, a2
core   0: 3 0x80005c90 (0x8cd1) x 9 0x0000074b
core   0: 0x80005c92 (0x001a7db3) and     s11, s4, ra
core   0: 3 0x80005c92 (0x001a7db3) x27 0x00000000
core   0: 0x80005c96 (0x407b8533) sub     a0, s7, t2
core   0: 3 0x80005c96 (0x407b8533) x10 0x00000000
core   0: 0x80005c9a (0x011be863) bltu    s7, a7, pc + 16
core   0: 3 0x80005c9a (0x011be863)
core   0: 0x80005caa (0x00fd3033) sltu    zero, s10, a5
core   0: 3 0x80005caa (0x00fd3033)
core   0: 0x80005cae (0x00008eed) c.and   a3, a1
core   0: 3 0x80005cae (0x8eed) x13 0x00000000
core   0: 0x80005cb0 (0xffc00713) li      a4, -4
core   0: 3 0x80005cb0 (0xffc00713) x14 0xfffffffc
core   0: 0x80005cb4 (0x02e8a9b3) mulhsu  s3, a7, a4
core   0: 3 0x80005cb4 (0x02e8a9b3) x19 0xffffffec
core   0: 0x80005cb8 (0x00000001) c.nop
core   0: 3 0x80005cb8 (0x0001)
core   0: 0x80005cba (0x41a85cb3) sra     s9, a6, s10
core   0: 3 0x80005cba (0x41a85cb3) x25 0x80026ce4
core   0: 0x80005cbe (0x01c9eeb3) or      t4, s3, t3
core   0: 3 0x80005cbe (0x01c9eeb3) x29 0xffffffec
core   0: 0x80005cc2 (0x00000705) c.addi  a4, 1
core   0: 3 0x80005cc2 (0x0705) x14 0xfffffffd
core   0: 0x80005cc4 (0x000002da) c.slli  t0, 22
core   0: 3 0x80005cc4 (0x02da) x 5 0x00000000
core   0: 0x80005cc6 (0x00400f93) li      t6, 4
core   0: 3 0x80005cc6 (0x00400f93) x31 0x00000004
core   0: 0x80005cca (0x00000aa1) c.addi  s5, 8
core   0: 3 0x80005cca (0x0aa1) x21 0x38022e6c
core   0: 0x80005ccc (0x01fcd3b3) srl     t2, s9, t6
core   0: 3 0x80005ccc (0x01fcd3b3) x 7 0x080026ce
core   0: 0x80005cd0 (0x0000127d) c.addi  tp, -1
core   0: 3 0x80005cd0 (0x127d) x 4 0x0000074a
core   0: 0x80005cd2 (0x000084f5) c.srai  s1, 29
core   0: 3 0x80005cd2 (0x84f5) x 9 0x00000000
core   0: 0x80005cd4 (0x028be133) rem     sp, s7, s0
core   0: 3 0x80005cd4 (0x028be133) x 2 0x00000000
core   0: 0x80005cd8 (0x2be61cb7) lui     s9, 0x2be61
core   0: 3 0x80005cd8 (0x2be61cb7) x25 0x2be61000
core   0: 0x80005cdc (0xff600093) li      ra, -10
core   0: 3 0x80005cdc (0xff600093) x 1 0xfffffff6
core   0: 0x80005ce0 (0x020c0db3) mul     s11, s8, zero
core   0: 3 0x80005ce0 (0x020c0db3) x27 0x00000000
core   0: 0x80005ce4 (0x01abff33) and     t5, s7, s10
core   0: 3 0x80005ce4 (0x01abff33) x30 0x00000000
core   0: 0x80005ce8 (0x021808b3) mul     a7, a6, ra
core   0: 3 0x80005ce8 (0x021808b3) x17 0xffe7bf18
core   0: 0x80005cec (0x925efe93) andi    t4, t4, -1755
core   0: 3 0x80005cec (0x925efe93) x29 0xfffff924
core   0: 0x80005cf0 (0x00001fe5) c.addi  t6, -7
core   0: 3 0x80005cf0 (0x1fe5) x31 0xfffffffd
core   0: 0x80005cf2 (0x00204433) xor     s0, zero, sp
core   0: 3 0x80005cf2 (0x00204433) x 8 0x00000000
core   0: 0x80005cf6 (0x722f3c93) sltiu   s9, t5, 1826
core   0: 3 0x80005cf6 (0x722f3c93) x25 0x00000001
core   0: 0x80005cfa (0xfe1f89e3) beq     t6, ra, pc - 14
core   0: 3 0x80005cfa (0xfe1f89e3)
core   0: 0x80005cfe (0x00008ea9) c.xor   a3, a0
core   0: 3 0x80005cfe (0x8ea9) x13 0x00000000
core   0: 0x80005d00 (0x00110c33) add     s8, sp, ra
core   0: 3 0x80005d00 (0x00110c33) x24 0xfffffff6
core   0: 0x80005d04 (0x00008fc5) c.or    a5, s1
core   0: 3 0x80005d04 (0x8fc5) x15 0x00000002
core   0: 0x80005d06 (0x0ff0000f) fence   iorw,iorw
core   0: 3 0x80005d06 (0x0ff0000f)
core   0: 0x80005d0a (0x03067e33) remu    t3, a2, a6
core   0: 3 0x80005d0a (0x03067e33) x28 0x0000074b
core   0: 0x80005d0e (0x02a3a3b3) mulhsu  t2, t2, a0
core   0: 3 0x80005d0e (0x02a3a3b3) x 7 0x00000000
core   0: 0x80005d12 (0x02fd2e33) mulhsu  t3, s10, a5
core   0: 3 0x80005d12 (0x02fd2e33) x28 0x00000000
core   0: 0x80005d16 (0x0000d745) c.beqz  a4, pc - 88
core   0: 3 0x80005d16 (0xd745)
core   0: 0x80005d18 (0x00009cea) c.add   s9, s10
core   0: 3 0x80005d18 (0x9cea) x25 0x00000001
core   0: 0x80005d1a (0x01e590b3) sll     ra, a1, t5
core   0: 3 0x80005d1a (0x01e590b3) x 1 0x00000000
core   0: 0x80005d1e (0x037358b3) divu    a7, t1, s7
core   0: 3 0x80005d1e (0x037358b3) x17 0xffffffff
core   0: 0x80005d22 (0x0006cd63) bltz    a3, pc + 26
core   0: 3 0x80005d22 (0x0006cd63)
core   0: 0x80005d26 (0x03e2e0b3) rem     ra, t0, t5
core   0: 3 0x80005d26 (0x03e2e0b3) x 1 0x00000000
core   0: 0x80005d2a (0x0228b033) mulhu   zero, a7, sp
core   0: 3 0x80005d2a (0x0228b033)
core   0: 0x80005d2e (0x00008225) c.srli  a2, 9
core   0: 3 0x80005d2e (0x8225) x12 0x00000003
core   0: 0x80005d30 (0x000cddb3) srl     s11, s9, zero
core   0: 3 0x80005d30 (0x000cddb3) x27 0x00000001
core   0: 0x80005d34 (0x0000e68d) c.bnez  a3, pc + 42
core   0: 3 0x80005d34 (0xe68d)
core   0: 0x80005d36 (0x03ad67b3) rem     a5, s10, s10
core   0: 3 0x80005d36 (0x03ad67b3) x15 0x00000000
core   0: 0x80005d3a (0x0000717d) c.addi16sp sp, -16
core   0: 3 0x80005d3a (0x717d) x 2 0xfffffff0
core   0: 0x80005d3c (0x004eaab3) slt     s5, t4, tp
core   0: 3 0x80005d3c (0x004eaab3) x21 0x00000001
core   0: 0x80005d40 (0x025428b3) mulhsu  a7, s0, t0
core   0: 3 0x80005d40 (0x025428b3) x17 0x00000000
core   0: 0x80005d44 (0x039afe33) remu    t3, s5, s9
core   0: 3 0x80005d44 (0x039afe33) x28 0x00000000
core   0: 0x80005d48 (0x020d8663) beqz    s11, pc + 44
core   0: 3 0x80005d48 (0x020d8663)
core   0: 0x80005d4c (0xe5a16993) ori     s3, sp, -422
core   0: 3 0x80005d4c (0xe5a16993) x19 0xfffffffa
core   0: 0x80005d50 (0x00008c11) c.sub   s0, a2
core   0: 3 0x80005d50 (0x8c11) x 8 0xfffffffd
core   0: 0x80005d52 (0x00008e11) c.sub   a2, a2
core   0: 3 0x80005d52 (0x8e11) x12 0x00000000
core   0: 0x80005d54 (0x00008fd5) c.or    a5, a3
core   0: 3 0x80005d54 (0x8fd5) x15 0x00000000
core   0: 0x80005d56 (0xdf298b13) addi    s6, s3, -526
core   0: 3 0x80005d56 (0xdf298b13) x22 0xfffffdec
core   0: 0x80005d5a (0x01c77563) bgeu    a4, t3, pc + 10
core   0: 3 0x80005d5a (0x01c77563)
core   0: 0x80005d64 (0x00383ab3) sltu    s5, a6, gp
core   0: 3 0x80005d64 (0x00383ab3) x21 0x00000000
core   0: 0x80005d68 (0x0377d363) bge     a5, s7, pc + 38
core   0: 3 0x80005d68 (0x0377d363)
core   0: 0x80005d8e (0x03e474b3) remu    s1, s0, t5
core   0: 3 0x80005d8e (0x03e474b3) x 9 0xfffffffd
core   0: 0x80005d92 (0x41a25cb3) sra     s9, tp, s10
core   0: 3 0x80005d92 (0x41a25cb3) x25 0x0000074a
core   0: 0x80005d96 (0x027e0c33) mul     s8, t3, t2
core   0: 3 0x80005d96 (0x027e0c33) x24 0x00000000
core   0: 0x80005d9a (0x03abc763) blt     s7, s10, pc + 46
core   0: 3 0x80005d9a (0x03abc763)
core   0: 0x80005d9e (0x00c76f63) bltu    a4, a2, pc + 30
core   0: 3 0x80005d9e (0x00c76f63)
core   0: 0x80005da2 (0x00000175) c.addi  sp, 29
core   0: 3 0x80005da2 (0x0175) x 2 0x0000000d
core   0: 0x80005da4 (0x02367863) bgeu    a2, gp, pc + 48
core   0: 3 0x80005da4 (0x02367863)
core   0: 0x80005dd4 (0x001aeab3) or      s5, s5, ra
core   0: 3 0x80005dd4 (0x001aeab3) x21 0x00000000
core   0: 0x80005dd8 (0x3f712893) slti    a7, sp, 1015
core   0: 3 0x80005dd8 (0x3f712893) x17 0x00000001
core   0: 0x80005ddc (0x00000001) c.nop
core   0: 3 0x80005ddc (0x0001)
core   0: 0x80005dde (0x0f4f0e93) addi    t4, t5, 244
core   0: 3 0x80005dde (0x0f4f0e93) x29 0x000000f4
core   0: 0x80005de2 (0x02addb33) divu    s6, s11, a0
core   0: 3 0x80005de2 (0x02addb33) x22 0xffffffff
core   0: 0x80005de6 (0x039581b3) mul     gp, a1, s9
core   0: 3 0x80005de6 (0x039581b3) x 3 0x00000000
core   0: 0x80005dea (0x01ec2133) slt     sp, s8, t5
core   0: 3 0x80005dea (0x01ec2133) x 2 0x00000000
core   0: 0x80005dee (0x0302acb3) mulhsu  s9, t0, a6
core   0: 3 0x80005dee (0x0302acb3) x25 0x00000000
core   0: 0x80005df2 (0x01a11763) bne     sp, s10, pc + 14
core   0: 3 0x80005df2 (0x01a11763)
core   0: 0x80005df6 (0x00008391) c.srli  a5, 4
core   0: 3 0x80005df6 (0x8391) x15 0x00000000
core   0: 0x80005df8 (0x00000284) c.addi4spn s1, sp, 320
core   0: 3 0x80005df8 (0x0284) x 9 0x00000140
core   0: 0x80005dfa (0x00164433) xor     s0, a2, ra
core   0: 3 0x80005dfa (0x00164433) x 8 0x00000000
core   0: 0x80005dfe (0x0000613d) c.addi16sp sp, 480
core   0: 3 0x80005dfe (0x613d) x 2 0x000001e0
core   0: 0x80005e00 (0x007b1113) slli    sp, s6, 7
core   0: 3 0x80005e00 (0x007b1113) x 2 0xffffff80
core   0: 0x80005e04 (0x0000100f) fence.i
core   0: 3 0x80005e04 (0x0000100f)
core   0: 0x80005e08 (0x0000819a) c.mv    gp, t1
core   0: 3 0x80005e08 (0x819a) x 3 0x80022e64
core   0: 0x80005e0a (0x03547a63) bgeu    s0, s5, pc + 52
core   0: 3 0x80005e0a (0x03547a63)
core   0: 0x80005e3e (0x002a1363) bne     s4, sp, pc + 6
core   0: 3 0x80005e3e (0x002a1363)
core   0: 0x80005e44 (0x01e45fb3) srl     t6, s0, t5
core   0: 3 0x80005e44 (0x01e45fb3) x31 0x00000000
core   0: 0x80005e48 (0x00aa9893) slli    a7, s5, 10
core   0: 3 0x80005e48 (0x00aa9893) x17 0x00000000
core   0: 0x80005e4c (0x01205c63) bge     zero, s2, pc + 24
core   0: 3 0x80005e4c (0x01205c63)
core   0: 0x80005e50 (0xffaf6793) ori     a5, t5, -6
core   0: 3 0x80005e50 (0xffaf6793) x15 0xfffffffa
core   0: 0x80005e54 (0x00009732) c.add   a4, a2
core   0: 3 0x80005e54 (0x9732) x14 0xfffffffd
core   0: 0x80005e56 (0x4076d513) srai    a0, a3, 7
core   0: 3 0x80005e56 (0x4076d513) x10 0x00000000
core   0: 0x80005e5a (0x00008c29) c.xor   s0, a0
core   0: 3 0x80005e5a (0x8c29) x 8 0x00000000
core   0: 0x80005e5c (0x91c98e13) addi    t3, s3, -1764
core   0: 3 0x80005e5c (0x91c98e13) x28 0xfffff916
core   0: 0x80005e60 (0x008e3633) sltu    a2, t3, s0
core   0: 3 0x80005e60 (0x008e3633) x12 0x00000000
core   0: 0x80005e64 (0xb8bc0413) addi    s0, s8, -1141
core   0: 3 0x80005e64 (0xb8bc0413) x 8 0xfffffb8b
core   0: 0x80005e68 (0x021e7963) bgeu    t3, ra, pc + 50
core   0: 3 0x80005e68 (0x021e7963)
core   0: 0x80005e9a (0xf9c2a293) slti    t0, t0, -100
core   0: 3 0x80005e9a (0xf9c2a293) x 5 0x00000000
core   0: 0x80005e9e (0x00000001) c.nop
core   0: 3 0x80005e9e (0x0001)
core   0: 0x80005ea0 (0x00008221) c.srli  a2, 8
core   0: 3 0x80005ea0 (0x8221) x12 0x00000000
core   0: 0x80005ea2 (0x3ef1bd93) sltiu   s11, gp, 1007
core   0: 3 0x80005ea2 (0x3ef1bd93) x27 0x00000000
core   0: 0x80005ea6 (0x005bb433) sltu    s0, s7, t0
core   0: 3 0x80005ea6 (0x005bb433) x 8 0x00000000
core   0: 0x80005eaa (0x00008c3e) c.mv    s8, a5
core   0: 3 0x80005eaa (0x8c3e) x24 0xfffffffa
core   0: 0x80005eac (0x000042ed) c.li    t0, 27
core   0: 3 0x80005eac (0x42ed) x 5 0x0000001b
core   0: 0x80005eae (0x0298f133) remu    sp, a7, s1
core   0: 3 0x80005eae (0x0298f133) x 2 0x00000000
core   0: 0x80005eb2 (0x40c85e93) srai    t4, a6, 12
core   0: 3 0x80005eb2 (0x40c85e93) x29 0xfff80026
core   0: 0x80005eb6 (0x0000837d) c.srli  a4, 31
core   0: 3 0x80005eb6 (0x837d) x14 0x00000001
core   0: 0x80005eb8 (0x02ea28b3) mulhsu  a7, s4, a4
core   0: 3 0x80005eb8 (0x02ea28b3) x17 0xffffffff
core   0: 0x80005ebc (0x024566b3) rem     a3, a0, tp
core   0: 3 0x80005ebc (0x024566b3) x13 0x00000000
core   0: 0x80005ec0 (0x00008ccd) c.or    s1, a1
core   0: 3 0x80005ec0 (0x8ccd) x 9 0x00000140
core   0: 0x80005ec2 (0xf1657913) andi    s2, a0, -234
core   0: 3 0x80005ec2 (0xf1657913) x18 0x00000000
core   0: 0x80005ec6 (0x03a2f563) bgeu    t0, s10, pc + 42
core   0: 3 0x80005ec6 (0x03a2f563)
core   0: 0x80005ef0 (0x018710b3) sll     ra, a4, s8
core   0: 3 0x80005ef0 (0x018710b3) x 1 0x04000000
core   0: 0x80005ef4 (0x03647f63) bgeu    s0, s6, pc + 62
core   0: 3 0x80005ef4 (0x03647f63)
core   0: 0x80005ef8 (0x010440b3) xor     ra, s0, a6
core   0: 3 0x80005ef8 (0x010440b3) x 1 0x80026ce4
core   0: 0x80005efc (0x0ff0000f) fence   iorw,iorw
core   0: 3 0x80005efc (0x0ff0000f)
core   0: 0x80005f00 (0xe1a88493) addi    s1, a7, -486
core   0: 3 0x80005f00 (0xe1a88493) x 9 0xfffffe19
core   0: 0x80005f04 (0xb8ca2793) slti    a5, s4, -1140
core   0: 3 0x80005f04 (0xb8ca2793) x15 0x00000001
core   0: 0x80005f08 (0x03e1c5b3) div     a1, gp, t5
core   0: 3 0x80005f08 (0x03e1c5b3) x11 0xffffffff
core   0: 0x80005f0c (0x01ce0233) add     tp, t3, t3
core   0: 3 0x80005f0c (0x01ce0233) x 4 0xfffff22c
core   0: 0x80005f10 (0x0000100f) fence.i
core   0: 3 0x80005f10 (0x0000100f)
core   0: 0x80005f14 (0x00009162) c.add   sp, s8
core   0: 3 0x80005f14 (0x9162) x 2 0xfffffffa
core   0: 0x80005f16 (0x033729b3) mulhsu  s3, a4, s3
core   0: 3 0x80005f16 (0x033729b3) x19 0x00000000
core   0: 0x80005f1a (0x2e034c93) xori    s9, t1, 736
core   0: 3 0x80005f1a (0x2e034c93) x25 0x80022c84
core   0: 0x80005f1e (0x037e84b3) mul     s1, t4, s7
core   0: 3 0x80005f1e (0x037e84b3) x 9 0x00000000
core   0: 0x80005f22 (0x02ca38b3) mulhu   a7, s4, a2
core   0: 3 0x80005f22 (0x02ca38b3) x17 0x00000000
core   0: 0x80005f26 (0x384f3c13) sltiu   s8, t5, 900
core   0: 3 0x80005f26 (0x384f3c13) x24 0x00000001
core   0: 0x80005f2a (0x40735e33) sra     t3, t1, t2
core   0: 3 0x80005f2a (0x40735e33) x28 0x80022e64
core   0: 0x80005f2e (0x00307b63) bgeu    zero, gp, pc + 22
core   0: 3 0x80005f2e (0x00307b63)
core   0: 0x80005f32 (0x00008e09) c.sub   a2, a0
core   0: 3 0x80005f32 (0x8e09) x12 0x00000000
core   0: 0x80005f34 (0xc6a1ed13) ori     s10, gp, -918
core   0: 3 0x80005f34 (0xc6a1ed13) x26 0xfffffe6e
core   0: 0x80005f38 (0x0000527d) c.li    tp, -1
core   0: 3 0x80005f38 (0x527d) x 4 0xffffffff
core   0: 0x80005f3a (0x03d846b3) div     a3, a6, t4
core   0: 3 0x80005f3a (0x03d846b3) x13 0x00000fff
core   0: 0x80005f3e (0xa1a8bb97) auipc   s7, 0xa1a8b
core   0: 3 0x80005f3e (0xa1a8bb97) x23 0x21a90f3e
core   0: 0x80005f42 (0x00008191) c.srli  a1, 4
core   0: 3 0x80005f42 (0x8191) x11 0x0fffffff
core   0: 0x80005f44 (0x036a9d33) mulh    s10, s5, s6
core   0: 3 0x80005f44 (0x036a9d33) x26 0x00000000
core   0: 0x80005f48 (0x00008df5) c.and   a1, a3
core   0: 3 0x80005f48 (0x8df5) x11 0x00000fff
core   0: 0x80005f4a (0x02b70cb3) mul     s9, a4, a1
core   0: 3 0x80005f4a (0x02b70cb3) x25 0x00000fff
core   0: 0x80005f4e (0x004001b3) add     gp, zero, tp
core   0: 3 0x80005f4e (0x004001b3) x 3 0xffffffff
core   0: 0x80005f52 (0x01c824b3) slt     s1, a6, t3
core   0: 3 0x80005f52 (0x01c824b3) x 9 0x00000000
core   0: 0x80005f56 (0xf634be13) sltiu   t3, s1, -157
core   0: 3 0x80005f56 (0xf634be13) x28 0x00000001
core   0: 0x80005f5a (0x00000001) c.nop
core   0: 3 0x80005f5a (0x0001)
core   0: 0x80005f5c (0x02b6d763) bge     a3, a1, pc + 46
core   0: 3 0x80005f5c (0x02b6d763)
core   0: 0x80005f8a (0x013f4463) blt     t5, s3, pc + 8
core   0: 3 0x80005f8a (0x013f4463)
core   0: 0x80005f8e (0x004c9413) slli    s0, s9, 4
core   0: 3 0x80005f8e (0x004c9413) x 8 0x0000fff0
core   0: 0x80005f92 (0xc5f40893) addi    a7, s0, -929
core   0: 3 0x80005f92 (0xc5f40893) x17 0x0000fc4f
core   0: 0x80005f96 (0x40c0d113) srai    sp, ra, 12
core   0: 3 0x80005f96 (0x40c0d113) x 2 0xfff80026
core   0: 0x80005f9a (0x015863b3) or      t2, a6, s5
core   0: 3 0x80005f9a (0x015863b3) x 7 0x80026ce4
core   0: 0x80005f9e (0x000005de) c.slli  a1, 23
core   0: 3 0x80005f9e (0x05de) x11 0xff800000
core   0: 0x80005fa0 (0xdd92c793) xori    a5, t0, -551
core   0: 3 0x80005fa0 (0xdd92c793) x15 0xfffffdc2
core   0: 0x80005fa4 (0x93026393) ori     t2, tp, -1744
core   0: 3 0x80005fa4 (0x93026393) x 7 0xffffffff
core   0: 0x80005fa8 (0x00008741) c.srai  a4, 16
core   0: 3 0x80005fa8 (0x8741) x14 0x00000000
core   0: 0x80005faa (0x00000001) c.nop
core   0: 3 0x80005faa (0x0001)
core   0: 0x80005fac (0x00f51d93) slli    s11, a0, 15
core   0: 3 0x80005fac (0x00f51d93) x27 0x00000000
core   0: 0x80005fb0 (0x027da4b3) mulhsu  s1, s11, t2
core   0: 3 0x80005fb0 (0x027da4b3) x 9 0x00000000
core   0: 0x80005fb4 (0x00008621) c.srai  a2, 8
core   0: 3 0x80005fb4 (0x8621) x12 0x00000000
core   0: 0x80005fb6 (0x0ff0000f) fence   iorw,iorw
core   0: 3 0x80005fb6 (0x0ff0000f)
core   0: 0x80005fba (0x00004e15) c.li    t3, 5
core   0: 3 0x80005fba (0x4e15) x28 0x00000005
core   0: 0x80005fbc (0x01945f33) srl     t5, s0, s9
core   0: 3 0x80005fbc (0x01945f33) x30 0x00000000
core   0: 0x80005fc0 (0x0000717d) c.addi16sp sp, -16
core   0: 3 0x80005fc0 (0x717d) x 2 0xfff80016
core   0: 0x80005fc2 (0x000045f9) c.li    a1, 30
core   0: 3 0x80005fc2 (0x45f9) x11 0x0000001e
core   0: 0x80005fc4 (0x00da4cb3) xor     s9, s4, a3
core   0: 3 0x80005fc4 (0x00da4cb3) x25 0xa72efda1
core   0: 0x80005fc8 (0x000006a6) c.slli  a3, 9
core   0: 3 0x80005fc8 (0x06a6) x13 0x001ffe00
core   0: 0x80005fca (0x00000001) c.nop
core   0: 3 0x80005fca (0x0001)
core   0: 0x80005fcc (0x0000952a) c.add   a0, a0
core   0: 3 0x80005fcc (0x952a) x10 0x00000000
core   0: 0x80005fce (0xe2952913) slti    s2, a0, -471
core   0: 3 0x80005fce (0xe2952913) x18 0x00000000
core   0: 0x80005fd2 (0x40be86b3) sub     a3, t4, a1
core   0: 3 0x80005fd2 (0x40be86b3) x13 0xfff80008
core   0: 0x80005fd6 (0x41e05713) srai    a4, zero, 30
core   0: 3 0x80005fd6 (0x41e05713) x14 0x00000000
core   0: 0x80005fda (0x00669033) sll     zero, a3, t1
core   0: 3 0x80005fda (0x00669033)
core   0: 0x80005fde (0x00008f41) c.or    a4, s0
core   0: 3 0x80005fde (0x8f41) x14 0x0000fff0
core   0: 0x80005fe0 (0x01021c13) slli    s8, tp, 16
core   0: 3 0x80005fe0 (0x01021c13) x24 0xffff0000
core   0: 0x80005fe4 (0x00180963) beq     a6, ra, pc + 18
core   0: 3 0x80005fe4 (0x00180963)
core   0: 0x80005ff6 (0x7e296517) auipc   a0, 0x7e296
core   0: 3 0x80005ff6 (0x7e296517) x10 0xfe29bff6
core   0: 0x80005ffa (0x01928863) beq     t0, s9, pc + 16
core   0: 3 0x80005ffa (0x01928863)
core   0: 0x80005ffe (0x007817b3) sll     a5, a6, t2
core   0: 3 0x80005ffe (0x007817b3) x15 0x00000000
core   0: 0x80006002 (0x00006b65) c.lui   s6, 0x19
core   0: 3 0x80006002 (0x6b65) x22 0x00019000
core   0: 0x80006004 (0x022e67b3) rem     a5, t3, sp
core   0: 3 0x80006004 (0x022e67b3) x15 0x00000005
core   0: 0x80006008 (0x00008ae2) c.mv    s5, s8
core   0: 3 0x80006008 (0x8ae2) x21 0xffff0000
core   0: 0x8000600a (0x010c98b3) sll     a7, s9, a6
core   0: 3 0x8000600a (0x010c98b3) x17 0x72efda10
core   0: 0x8000600e (0x4196d9b3) sra     s3, a3, s9
core   0: 3 0x8000600e (0x4196d9b3) x19 0xfffc0004
core   0: 0x80006012 (0x40f8dcb3) sra     s9, a7, a5
core   0: 3 0x80006012 (0x40f8dcb3) x25 0x03977ed0
core   0: 0x80006016 (0x000056fd) c.li    a3, -1
core   0: 3 0x80006016 (0x56fd) x13 0xffffffff
core   0: 0x80006018 (0x00eb5ab3) srl     s5, s6, a4
core   0: 3 0x80006018 (0x00eb5ab3) x21 0x00000001
core   0: 0x8000601c (0x01666ab3) or      s5, a2, s6
core   0: 3 0x8000601c (0x01666ab3) x21 0x00019000
core   0: 0x80006020 (0x0000100f) fence.i
core   0: 3 0x80006020 (0x0000100f)
core   0: 0x80006024 (0x00000001) c.nop
core   0: 3 0x80006024 (0x0001)
core   0: 0x80006026 (0x00008c2d) c.xor   s0, a1
core   0: 3 0x80006026 (0x8c2d) x 8 0x0000ffee
core   0: 0x80006028 (0x40dedd33) sra     s10, t4, a3
core   0: 3 0x80006028 (0x40dedd33) x26 0xffffffff
core   0: 0x8000602c (0x02000963) beqz    zero, pc + 50
core   0: 3 0x8000602c (0x02000963)
core   0: 0x8000605e (0x60012617) auipc   a2, 0x60012
core   0: 3 0x8000605e (0x60012617) x12 0xe001805e
core   0: 0x80006062 (0x00008bc5) c.andi  a5, 17
core   0: 3 0x80006062 (0x8bc5) x15 0x00000001
core   0: 0x80006064 (0x00008db1) c.xor   a1, a2
core   0: 3 0x80006064 (0x8db1) x11 0xe0018040
core   0: 0x80006066 (0x0103d963) bge     t2, a6, pc + 18
core   0: 3 0x80006066 (0x0103d963)
core   0: 0x80006078 (0x00005dfd) c.li    s11, -1
core   0: 3 0x80006078 (0x5dfd) x27 0xffffffff
core   0: 0x8000607a (0x01545433) srl     s0, s0, s5
core   0: 3 0x8000607a (0x01545433) x 8 0x0000ffee
core   0: 0x8000607e (0x026d7533) remu    a0, s10, t1
core   0: 3 0x8000607e (0x026d7533) x10 0x7ffdd19b
core   0: 0x80006082 (0x00008e8d) c.sub   a3, a1
core   0: 3 0x80006082 (0x8e8d) x13 0x1ffe7fbf
core   0: 0x80006084 (0x00001633) sll     a2, zero, zero
core   0: 3 0x80006084 (0x00001633) x12 0x00000000
core   0: 0x80006088 (0x01e324b3) slt     s1, t1, t5
core   0: 3 0x80006088 (0x01e324b3) x 9 0x00000001
core   0: 0x8000608c (0x03f9a733) mulhsu  a4, s3, t6
core   0: 3 0x8000608c (0x03f9a733) x14 0x00000000
core   0: 0x80006090 (0x00000001) c.nop
core   0: 3 0x80006090 (0x0001)
core   0: 0x80006092 (0x03c40563) beq     s0, t3, pc + 42
core   0: 3 0x80006092 (0x03c40563)
core   0: 0x80006096 (0x0274cc33) div     s8, s1, t2
core   0: 3 0x80006096 (0x0274cc33) x24 0xffffffff
core   0: 0x8000609a (0x013b4c63) blt     s6, s3, pc + 24
core   0: 3 0x8000609a (0x013b4c63)
core   0: 0x8000609e (0x7e6ee393) ori     t2, t4, 2022
core   0: 3 0x8000609e (0x7e6ee393) x 7 0xfff807e6
core   0: 0x800060a2 (0x01e73633) sltu    a2, a4, t5
core   0: 3 0x800060a2 (0x01e73633) x12 0x00000000
core   0: 0x800060a6 (0x03534233) div     tp, t1, s5
core   0: 3 0x800060a6 (0x03534233) x 4 0xffffae16
core   0: 0x800060aa (0x00c38363) beq     t2, a2, pc + 6
core   0: 3 0x800060aa (0x00c38363)
core   0: 0x800060ae (0x00008d45) c.or    a0, s1
core   0: 3 0x800060ae (0x8d45) x10 0x7ffdd19b
core   0: 0x800060b0 (0x0000817d) c.srli  a0, 31
core   0: 3 0x800060b0 (0x817d) x10 0x00000000
core   0: 0x800060b2 (0x7e318013) addi    zero, gp, 2019
core   0: 3 0x800060b2 (0x7e318013)
core   0: 0x800060b6 (0x02820d33) mul     s10, tp, s0
core   0: 3 0x800060b6 (0x02820d33) x26 0xae1bc274
core   0: 0x800060ba (0x00001b7d) c.addi  s6, -1
core   0: 3 0x800060ba (0x1b7d) x22 0x00018fff
core   0: 0x800060bc (0x00000001) c.nop
core   0: 3 0x800060bc (0x0001)
core   0: 0x800060be (0x00000eb2) c.slli  t4, 12
core   0: 3 0x800060be (0x0eb2) x29 0x80026000
core   0: 0x800060c0 (0x8dcced13) ori     s10, s9, -1828
core   0: 3 0x800060c0 (0x8dcced13) x26 0xfffffedc
core   0: 0x800060c4 (0x004443b3) xor     t2, s0, tp
core   0: 3 0x800060c4 (0x004443b3) x 7 0xffff51f8
core   0: 0x800060c8 (0x41275bb3) sra     s7, a4, s2
core   0: 3 0x800060c8 (0x41275bb3) x23 0x00000000
core   0: 0x800060cc (0x00008e91) c.sub   a3, a2
core   0: 3 0x800060cc (0x8e91) x13 0x1ffe7fbf
core   0: 0x800060ce (0x0000100f) fence.i
core   0: 3 0x800060ce (0x0000100f)
core   0: 0x800060d2 (0x00000e36) c.slli  t3, 13
core   0: 3 0x800060d2 (0x0e36) x28 0x0000a000
core   0: 0x800060d4 (0x00008c55) c.or    s0, a3
core   0: 3 0x800060d4 (0x8c55) x 8 0x1ffeffff
core   0: 0x800060d6 (0x0000077a) c.slli  a4, 30
core   0: 3 0x800060d6 (0x077a) x14 0x00000000
core   0: 0x800060d8 (0x0ff0000f) fence   iorw,iorw
core   0: 3 0x800060d8 (0x0ff0000f)
core   0: 0x800060dc (0x5cf24413) xori    s0, tp, 1487
core   0: 3 0x800060dc (0x5cf24413) x 8 0xffffabd9
core   0: 0x800060e0 (0x007f4bb3) xor     s7, t5, t2
core   0: 3 0x800060e0 (0x007f4bb3) x23 0xffff51f8
core   0: 0x800060e4 (0x00009bd6) c.add   s7, s5
core   0: 3 0x800060e4 (0x9bd6) x23 0x0000e1f8
core   0: 0x800060e6 (0x00008db5) c.xor   a1, a3
core   0: 3 0x800060e6 (0x8db5) x11 0xffffffff
core   0: 0x800060e8 (0x025875b3) remu    a1, a6, t0
core   0: 3 0x800060e8 (0x025875b3) x11 0x0000000a
core   0: 0x800060ec (0x0000100f) fence.i
core   0: 3 0x800060ec (0x0000100f)
core   0: 0x800060f0 (0x0000945a) c.add   s0, s6
core   0: 3 0x800060f0 (0x945a) x 8 0x00013bd8
core   0: 0x800060f2 (0x00008ea1) c.xor   a3, s0
core   0: 3 0x800060f2 (0x8ea1) x13 0x1fff4467
core   0: 0x800060f4 (0x016c7bb3) and     s7, s8, s6
core   0: 3 0x800060f4 (0x016c7bb3) x23 0x00018fff
core   0: 0x800060f8 (0x039b1e63) bne     s6, s9, pc + 60
core   0: 3 0x800060f8 (0x039b1e63)
core   0: 0x80006134 (0x03e438b3) mulhu   a7, s0, t5
core   0: 3 0x80006134 (0x03e438b3) x17 0x00000000
core   0: 0x80006138 (0x0000c401) c.beqz  s0, pc + 8
core   0: 3 0x80006138 (0xc401)
core   0: 0x8000613a (0x00008269) c.srli  a2, 26
core   0: 3 0x8000613a (0x8269) x12 0x00000000
core   0: 0x8000613c (0x015607b3) add     a5, a2, s5
core   0: 3 0x8000613c (0x015607b3) x15 0x00019000
core   0: 0x80006140 (0x01e5a0b3) slt     ra, a1, t5
core   0: 3 0x80006140 (0x01e5a0b3) x 1 0x00000000
core   0: 0x80006144 (0x00008c33) add     s8, ra, zero
core   0: 3 0x80006144 (0x00008c33) x24 0x00000000
core   0: 0x80006148 (0x02e58b33) mul     s6, a1, a4
core   0: 3 0x80006148 (0x02e58b33) x22 0x00000000
core   0: 0x8000614c (0x00b7da93) srli    s5, a5, 11
core   0: 3 0x8000614c (0x00b7da93) x21 0x00000032
core   0: 0x80006150 (0x0090a9b3) slt     s3, ra, s1
core   0: 3 0x80006150 (0x0090a9b3) x19 0x00000001
core   0: 0x80006154 (0x02d16733) rem     a4, sp, a3
core   0: 3 0x80006154 (0x02d16733) x14 0xfff80016
core   0: 0x80006158 (0x00000a92) c.slli  s5, 4
core   0: 3 0x80006158 (0x0a92) x21 0x00000320
core   0: 0x8000615a (0x000003a5) c.addi  t2, 9
core   0: 3 0x8000615a (0x03a5) x 7 0xffff5201
core   0: 0x8000615c (0x00001314) c.addi4spn a3, sp, 416
core   0: 3 0x8000615c (0x1314) x13 0xfff801b6
core   0: 0x8000615e (0x4a04a913) slti    s2, s1, 1184
core   0: 3 0x8000615e (0x4a04a913) x18 0x00000001
core   0: 0x80006162 (0x00008c0a) c.mv    s8, sp
core   0: 3 0x80006162 (0x8c0a) x24 0xfff80016
core   0: 0x80006164 (0x00a285b3) add     a1, t0, a0
core   0: 3 0x80006164 (0x00a285b3) x11 0x0000001b
core   0: 0x80006168 (0x35693893) sltiu   a7, s2, 854
core   0: 3 0x80006168 (0x35693893) x17 0x00000001
core   0: 0x8000616c (0x0000557d) c.li    a0, -1
core   0: 3 0x8000616c (0x557d) x10 0xffffffff
core   0: 0x8000616e (0x00000162) c.slli  sp, 24
core   0: 3 0x8000616e (0x0162) x 2 0x16000000
core   0: 0x80006170 (0x00008ef5) c.and   a3, a3
core   0: 3 0x80006170 (0x8ef5) x13 0xfff801b6
core   0: 0x80006172 (0x00009b7d) c.andi  a4, -1
core   0: 3 0x80006172 (0x9b7d) x14 0xfff80016
core   0: 0x80006174 (0x021f81b3) mul     gp, t6, ra
core   0: 3 0x80006174 (0x021f81b3) x 3 0x00000000
core   0: 0x80006178 (0x00655633) srl     a2, a0, t1
core   0: 3 0x80006178 (0x00655633) x12 0x0fffffff
core   0: 0x8000617c (0x41d10d33) sub     s10, sp, t4
core   0: 3 0x8000617c (0x41d10d33) x26 0x95fda000
core   0: 0x80006180 (0x01739f63) bne     t2, s7, pc + 30
core   0: 3 0x80006180 (0x01739f63)
core   0: 0x8000619e (0x01542733) slt     a4, s0, s5
core   0: 3 0x8000619e (0x01542733) x14 0x00000000
core   0: 0x800061a2 (0x00008f9d) c.sub   a5, a5
core   0: 3 0x800061a2 (0x8f9d) x15 0x00000000
core   0: 0x800061a4 (0x0000e915) c.bnez  a0, pc + 52
core   0: 3 0x800061a4 (0xe915)
core   0: 0x800061d8 (0x0209f633) remu    a2, s3, zero
core   0: 3 0x800061d8 (0x0209f633) x12 0x00000001
core   0: 0x800061dc (0x03a89b33) mulh    s6, a7, s10
core   0: 3 0x800061dc (0x03a89b33) x22 0xffffffff
core   0: 0x800061e0 (0x00006c7d) c.lui   s8, 0x1f
core   0: 3 0x800061e0 (0x6c7d) x24 0x0001f000
core   0: 0x800061e2 (0x41dd8cb3) sub     s9, s11, t4
core   0: 3 0x800061e2 (0x41dd8cb3) x25 0x7ffd9fff
core   0: 0x800061e6 (0x0000870d) c.srai  a4, 3
core   0: 3 0x800061e6 (0x870d) x14 0x00000000
core   0: 0x800061e8 (0x2abc34b7) lui     s1, 0x2abc3
core   0: 3 0x800061e8 (0x2abc34b7) x 9 0x2abc3000
core   0: 0x800061ec (0x4124d093) srai    ra, s1, 18
core   0: 3 0x800061ec (0x4124d093) x 1 0x00000aaf
core   0: 0x800061f0 (0x000051fd) c.li    gp, -1
core   0: 3 0x800061f0 (0x51fd) x 3 0xffffffff
core   0: 0x800061f2 (0x000008da) c.slli  a7, 22
core   0: 3 0x800061f2 (0x08da) x17 0x00400000
core   0: 0x800061f4 (0x0276bc33) mulhu   s8, a3, t2
core   0: 3 0x800061f4 (0x0276bc33) x24 0xfff753bc
core   0: 0x800061f8 (0x021dcb33) div     s6, s11, ra
core   0: 3 0x800061f8 (0x021dcb33) x22 0x00000000
core   0: 0x800061fc (0x00008ced) c.and   s1, a1
core   0: 3 0x800061fc (0x8ced) x 9 0x00000000
core   0: 0x800061fe (0x007146b3) xor     a3, sp, t2
core   0: 3 0x800061fe (0x007146b3) x13 0xe9ff5201
core   0: 0x80006202 (0x019cdf33) srl     t5, s9, s9
core   0: 3 0x80006202 (0x019cdf33) x30 0x00000000
core   0: 0x80006206 (0x00739713) slli    a4, t2, 7
core   0: 3 0x80006206 (0x00739713) x14 0xffa90080
core   0: 0x8000620a (0x00008169) c.srli  a0, 26
core   0: 3 0x8000620a (0x8169) x10 0x0000003f
core   0: 0x8000620c (0x00009996) c.add   s3, t0
core   0: 3 0x8000620c (0x9996) x19 0x0000001c
core   0: 0x8000620e (0x00008ee9) c.and   a3, a0
core   0: 3 0x8000620e (0x8ee9) x13 0x00000001
core   0: 0x80006210 (0x00008712) c.mv    a4, tp
core   0: 3 0x80006210 (0x8712) x14 0xffffae16
core   0: 0x80006212 (0x0000ee99) c.bnez  a3, pc + 30
core   0: 3 0x80006212 (0xee99)
core   0: 0x80006230 (0x00000001) c.nop
core   0: 3 0x80006230 (0x0001)
core   0: 0x80006232 (0x02a226b3) mulhsu  a3, tp, a0
core   0: 3 0x80006232 (0x02a226b3) x13 0xffffffff
core   0: 0x80006236 (0x00000001) c.nop
core   0: 3 0x80006236 (0x0001)
core   0: 0x80006238 (0x00966b33) or      s6, a2, s1
core   0: 3 0x80006238 (0x00966b33) x22 0x00000001
core   0: 0x8000623c (0x00008169) c.srli  a0, 26
core   0: 3 0x8000623c (0x8169) x10 0x00000000
core   0: 0x8000623e (0x16490713) addi    a4, s2, 356
core   0: 3 0x8000623e (0x16490713) x14 0x00000165
core   0: 0x80006242 (0x00785093) srli    ra, a6, 7
core   0: 3 0x80006242 (0x00785093) x 1 0x010004d9
core   0: 0x80006246 (0x1681f513) andi    a0, gp, 360
core   0: 3 0x80006246 (0x1681f513) x10 0x00000168
core   0: 0x8000624a (0x0000832d) c.srli  a4, 11
core   0: 3 0x8000624a (0x832d) x14 0x00000000
core   0: 0x8000624c (0x03b16863) bltu    sp, s11, pc + 48
core   0: 3 0x8000624c (0x03b16863)
core   0: 0x8000627c (0x03a2a233) mulhsu  tp, t0, s10
core   0: 3 0x8000627c (0x03a2a233) x 4 0x0000000f
core   0: 0x80006280 (0x01454db3) xor     s11, a0, s4
core   0: 3 0x80006280 (0x01454db3) x27 0xa72ef336
core   0: 0x80006284 (0x00004421) c.li    s0, 8
core   0: 3 0x80006284 (0x4421) x 8 0x00000008
core   0: 0x80006286 (0x01e08933) add     s2, ra, t5
core   0: 3 0x80006286 (0x01e08933) x18 0x010004d9
core   0: 0x8000628a (0x00000001) c.nop
core   0: 3 0x8000628a (0x0001)
core   0: 0x8000628c (0x00f19b63) bne     gp, a5, pc + 22
core   0: 3 0x8000628c (0x00f19b63)
core   0: 0x800062a2 (0x020132b3) mulhu   t0, sp, zero
core   0: 3 0x800062a2 (0x020132b3) x 5 0x00000000
core   0: 0x800062a6 (0x002af633) and     a2, s5, sp
core   0: 3 0x800062a6 (0x002af633) x12 0x00000000
core   0: 0x800062aa (0x00008c95) c.sub   s1, a3
core   0: 3 0x800062aa (0x8c95) x 9 0x00000001
core   0: 0x800062ac (0x00006ebd) c.lui   t4, 0xf
core   0: 3 0x800062ac (0x6ebd) x29 0x0000f000
core   0: 0x800062ae (0x00034463) bltz    t1, pc + 8
core   0: 3 0x800062ae (0x00034463)
core   0: 0x800062b6 (0xa0a47a93) andi    s5, s0, -1526
core   0: 3 0x800062b6 (0xa0a47a93) x21 0x00000008
core   0: 0x800062ba (0x00008d55) c.or    a0, a3
core   0: 3 0x800062ba (0x8d55) x10 0xffffffff
core   0: 0x800062bc (0x028af763) bgeu    s5, s0, pc + 46
core   0: 3 0x800062bc (0x028af763)
core   0: 0x800062ea (0x011a8d63) beq     s5, a7, pc + 26
core   0: 3 0x800062ea (0x011a8d63)
core   0: 0x800062ee (0x00000d04) c.addi4spn s1, sp, 656
core   0: 3 0x800062ee (0x0d04) x 9 0x16000290
core   0: 0x800062f0 (0x00009262) c.add   tp, s8
core   0: 3 0x800062f0 (0x9262) x 4 0xfff753cb
core   0: 0x800062f2 (0x0099cfb3) xor     t6, s3, s1
core   0: 3 0x800062f2 (0x0099cfb3) x31 0x1600028c
core   0: 0x800062f6 (0x40735433) sra     s0, t1, t2
core   0: 3 0x800062f6 (0x40735433) x 8 0xc0011732
core   0: 0x800062fa (0x00009b5e) c.add   s6, s7
core   0: 3 0x800062fa (0x9b5e) x22 0x00019000
core   0: 0x800062fc (0x0131a2b3) slt     t0, gp, s3
core   0: 3 0x800062fc (0x0131a2b3) x 5 0x00000001
core   0: 0x80006300 (0x00598cb3) add     s9, s3, t0
core   0: 3 0x80006300 (0x00598cb3) x25 0x0000001d
core   0: 0x80006304 (0x001edcb3) srl     s9, t4, ra
core   0: 3 0x80006304 (0x001edcb3) x25 0x00000000
core   0: 0x80006308 (0x0107cdb3) xor     s11, a5, a6
core   0: 3 0x80006308 (0x0107cdb3) x27 0x80026ce4
core   0: 0x8000630c (0x00008d49) c.or    a0, a0
core   0: 3 0x8000630c (0x8d49) x10 0xffffffff
core   0: 0x8000630e (0x00001900) c.addi4spn s0, sp, 176
core   0: 3 0x8000630e (0x1900) x 8 0x160000b0
core   0: 0x80006310 (0x0000100f) fence.i
core   0: 3 0x80006310 (0x0000100f)
core   0: 0x80006314 (0x0135d433) srl     s0, a1, s3
core   0: 3 0x80006314 (0x0135d433) x 8 0x00000000
core   0: 0x80006318 (0x0390e863) bltu    ra, s9, pc + 48
core   0: 3 0x80006318 (0x0390e863)
core   0: 0x8000631c (0x00cf8533) add     a0, t6, a2
core   0: 3 0x8000631c (0x00cf8533) x10 0x1600028c
core   0: 0x80006320 (0x2d62e393) ori     t2, t0, 726
core   0: 3 0x80006320 (0x2d62e393) x 7 0x000002d7
core   0: 0x80006324 (0x01a236b3) sltu    a3, tp, s10
core   0: 3 0x80006324 (0x01a236b3) x13 0x00000000
core   0: 0x80006328 (0x402a8733) sub     a4, s5, sp
core   0: 3 0x80006328 (0x402a8733) x14 0xea000008
core   0: 0x8000632c (0x00000001) c.nop
core   0: 3 0x8000632c (0x0001)
core   0: 0x8000632e (0x00008d0d) c.sub   a0, a1
core   0: 3 0x8000632e (0x8d0d) x10 0x16000271
core   0: 0x80006330 (0x00006dc9) c.lui   s11, 0x12
core   0: 3 0x80006330 (0x6dc9) x27 0x00012000
core   0: 0x80006332 (0x0067c2b3) xor     t0, a5, t1
core   0: 3 0x80006332 (0x0067c2b3) x 5 0x80022e64
core   0: 0x80006336 (0x03cfe733) rem     a4, t6, t3
core   0: 3 0x80006336 (0x03cfe733) x14 0x0000228c
core   0: 0x8000633a (0x098d39b7) lui     s3, 0x98d3
core   0: 3 0x8000633a (0x098d39b7) x19 0x098d3000
core   0: 0x8000633e (0xd1b16693) ori     a3, sp, -741
core   0: 3 0x8000633e (0xd1b16693) x13 0xfffffd1b
core   0: 0x80006342 (0x039aa2b3) mulhsu  t0, s5, s9
core   0: 3 0x80006342 (0x039aa2b3) x 5 0x00000000
core   0: 0x80006346 (0x00006e65) c.lui   t3, 0x19
core   0: 3 0x80006346 (0x6e65) x28 0x00019000
core   0: 0x80006348 (0x00000001) c.nop
core   0: 3 0x80006348 (0x0001)
core   0: 0x8000634a (0x1c8a3c13) sltiu   s8, s4, 456
core   0: 3 0x8000634a (0x1c8a3c13) x24 0x00000000
core   0: 0x8000634e (0x00000001) c.nop
core   0: 3 0x8000634e (0x0001)
core   0: 0x80006350 (0x0390b033) mulhu   zero, ra, s9
core   0: 3 0x80006350 (0x0390b033)
core   0: 0x80006354 (0x00c850b3) srl     ra, a6, a2
core   0: 3 0x80006354 (0x00c850b3) x 1 0x80026ce4
core   0: 0x80006358 (0x000098d6) c.add   a7, s5
core   0: 3 0x80006358 (0x98d6) x17 0x00400008
core   0: 0x8000635a (0x0000eb1d) c.bnez  a4, pc + 54
core   0: 3 0x8000635a (0xeb1d)
core   0: 0x80006390 (0x03801f33) mulh    t5, zero, s8
core   0: 3 0x80006390 (0x03801f33) x30 0x00000000
core   0: 0x80006394 (0x03fb25b3) mulhsu  a1, s6, t6
core   0: 3 0x80006394 (0x03fb25b3) x11 0x00002260
core   0: 0x80006398 (0x00008551) c.srai  a0, 20
core   0: 3 0x80006398 (0x8551) x10 0x00000160
core   0: 0x8000639a (0x0ff0000f) fence   iorw,iorw
core   0: 3 0x8000639a (0x0ff0000f)
core   0: 0x8000639e (0x021a1db3) mulh    s11, s4, ra
core   0: 3 0x8000639e (0x021a1db3) x27 0x2c67af67
core   0: 0x800063a2 (0x0000c20d) c.beqz  a2, pc + 34
core   0: 3 0x800063a2 (0xc20d)
core   0: 0x800063c4 (0x40325c33) sra     s8, tp, gp
core   0: 3 0x800063c4 (0x40325c33) x24 0xffffffff
core   0: 0x800063c8 (0xffd00413) li      s0, -3
core   0: 3 0x800063c8 (0xffd00413) x 8 0xfffffffd
core   0: 0x800063cc (0xd1042e17) auipc   t3, 0xd1042
core   0: 3 0x800063cc (0xd1042e17) x28 0x510483cc
core   0: 0x800063d0 (0x6114a513) slti    a0, s1, 1553
core   0: 3 0x800063d0 (0x6114a513) x10 0x00000000
core   0: 0x800063d4 (0x019cdbb3) srl     s7, s9, s9
core   0: 3 0x800063d4 (0x019cdbb3) x23 0x00000000
core   0: 0x800063d8 (0x029ba0b3) mulhsu  ra, s7, s1
core   0: 3 0x800063d8 (0x029ba0b3) x 1 0x00000000
core   0: 0x800063dc (0x00000001) c.nop
core   0: 3 0x800063dc (0x0001)
core   0: 0x800063de (0x00000d98) c.addi4spn a4, sp, 720
core   0: 3 0x800063de (0x0d98) x14 0x160002d0
core   0: 0x800063e0 (0x000081ad) c.srli  a1, 11
core   0: 3 0x800063e0 (0x81ad) x11 0x00000004
core   0: 0x800063e2 (0x01c21d13) slli    s10, tp, 28
core   0: 3 0x800063e2 (0x01c21d13) x26 0xb0000000
core   0: 0x800063e6 (0x00000001) c.nop
core   0: 3 0x800063e6 (0x0001)
core   0: 0x800063e8 (0x00009dce) c.add   s11, s3
core   0: 3 0x800063e8 (0x9dce) x27 0x35f4df67
core   0: 0x800063ea (0x000098fd) c.andi  s1, -1
core   0: 3 0x800063ea (0x98fd) x 9 0x16000290
core   0: 0x800063ec (0x00e68db3) add     s11, a3, a4
core   0: 3 0x800063ec (0x00e68db3) x27 0x15ffffeb
core   0: 0x800063f0 (0x00009fb2) c.add   t6, a2
core   0: 3 0x800063f0 (0x9fb2) x31 0x1600028c
core   0: 0x800063f2 (0x0ff0000f) fence   iorw,iorw
core   0: 3 0x800063f2 (0x0ff0000f)
core   0: 0x800063f6 (0x00000405) c.addi  s0, 1
core   0: 3 0x800063f6 (0x0405) x 8 0xfffffffe
core   0: 0x800063f8 (0xd5dfff17) auipc   t5, 0xd5dff
core   0: 3 0x800063f8 (0xd5dfff17) x30 0x55e053f8
core   0: 0x800063fc (0x35ba8113) addi    sp, s5, 859
core   0: 3 0x800063fc (0x35ba8113) x 2 0x00000363
core   0: 0x80006400 (0x0000f865) c.bnez  s0, pc - 16
core   0: 3 0x80006400 (0xf865)
core   0: 0x800063f0 (0x00009fb2) c.add   t6, a2
core   0: 3 0x800063f0 (0x9fb2) x31 0x1600028c
core   0: 0x800063f2 (0x0ff0000f) fence   iorw,iorw
core   0: 3 0x800063f2 (0x0ff0000f)
core   0: 0x800063f6 (0x00000405) c.addi  s0, 1
core   0: 3 0x800063f6 (0x0405) x 8 0xffffffff
core   0: 0x800063f8 (0xd5dfff17) auipc   t5, 0xd5dff
core   0: 3 0x800063f8 (0xd5dfff17) x30 0x55e053f8
core   0: 0x800063fc (0x35ba8113) addi    sp, s5, 859
core   0: 3 0x800063fc (0x35ba8113) x 2 0x00000363
core   0: 0x80006400 (0x0000f865) c.bnez  s0, pc - 16
core   0: 3 0x80006400 (0xf865)
core   0: 0x800063f0 (0x00009fb2) c.add   t6, a2
core   0: 3 0x800063f0 (0x9fb2) x31 0x1600028c
core   0: 0x800063f2 (0x0ff0000f) fence   iorw,iorw
core   0: 3 0x800063f2 (0x0ff0000f)
core   0: 0x800063f6 (0x00000405) c.addi  s0, 1
core   0: 3 0x800063f6 (0x0405) x 8 0x00000000
core   0: 0x800063f8 (0xd5dfff17) auipc   t5, 0xd5dff
core   0: 3 0x800063f8 (0xd5dfff17) x30 0x55e053f8
core   0: 0x800063fc (0x35ba8113) addi    sp, s5, 859
core   0: 3 0x800063fc (0x35ba8113) x 2 0x00000363
core   0: 0x80006400 (0x0000f865) c.bnez  s0, pc - 16
core   0: 3 0x80006400 (0xf865)
core   0: 0x80006402 (0x00005f7d) c.li    t5, -1
core   0: 3 0x80006402 (0x5f7d) x30 0xffffffff
core   0: 0x80006404 (0x02fe7663) bgeu    t3, a5, pc + 44
core   0: 3 0x80006404 (0x02fe7663)
core   0: 0x80006430 (0x01ba7e33) and     t3, s4, s11
core   0: 3 0x80006430 (0x01ba7e33) x28 0x052ef24a
core   0: 0x80006434 (0x0013d693) srli    a3, t2, 1
core   0: 3 0x80006434 (0x0013d693) x13 0x0000016b
core   0: 0x80006438 (0x000f86b3) add     a3, t6, zero
core   0: 3 0x80006438 (0x000f86b3) x13 0x1600028c
core   0: 0x8000643c (0xce748893) addi    a7, s1, -793
core   0: 3 0x8000643c (0xce748893) x17 0x15ffff77
core   0: 0x80006440 (0x0000c605) c.beqz  a2, pc + 40
core   0: 3 0x80006440 (0xc605)
core   0: 0x80006468 (0x03924133) div     sp, tp, s9
core   0: 3 0x80006468 (0x03924133) x 2 0xffffffff
core   0: 0x8000646c (0x006e0733) add     a4, t3, t1
core   0: 3 0x8000646c (0x006e0733) x14 0x853120ae
core   0: 0x80006470 (0x03e1d633) divu    a2, gp, t5
core   0: 3 0x80006470 (0x03e1d633) x12 0x00000001
core   0: 0x80006474 (0x0125c733) xor     a4, a1, s2
core   0: 3 0x80006474 (0x0125c733) x14 0x010004dd
core   0: 0x80006478 (0x00001f80) c.addi4spn s0, sp, 1008
core   0: 3 0x80006478 (0x1f80) x 8 0x000003ef
core   0: 0x8000647a (0x0000c19d) c.beqz  a1, pc + 38
core   0: 3 0x8000647a (0xc19d)
core   0: 0x8000647c (0x00006fe9) c.lui   t6, 0x1a
core   0: 3 0x8000647c (0x6fe9) x31 0x0001a000
core   0: 0x8000647e (0x02df1d63) bne     t5, a3, pc + 58
core   0: 3 0x8000647e (0x02df1d63)
core   0: 0x800064b8 (0x000013fd) c.addi  t2, -1
core   0: 3 0x800064b8 (0x13fd) x 7 0x000002d6
core   0: 0x800064ba (0x00008c49) c.or    s0, a0
core   0: 3 0x800064ba (0x8c49) x 8 0x000003ef
core   0: 0x800064bc (0x0000610d) c.addi16sp sp, 160
core   0: 3 0x800064bc (0x610d) x 2 0x0000009f
core   0: 0x800064be (0x03f0ce33) div     t3, ra, t6
core   0: 3 0x800064be (0x03f0ce33) x28 0x00000000
core   0: 0x800064c2 (0x013efdb3) and     s11, t4, s3
core   0: 3 0x800064c2 (0x013efdb3) x27 0x00003000
core   0: 0x800064c6 (0x02ee52b3) divu    t0, t3, a4
core   0: 3 0x800064c6 (0x02ee52b3) x 5 0x00000000
core   0: 0x800064ca (0x00bad7b3) srl     a5, s5, a1
core   0: 3 0x800064ca (0x00bad7b3) x15 0x00000000
core   0: 0x800064ce (0x00b783b3) add     t2, a5, a1
core   0: 3 0x800064ce (0x00b783b3) x 7 0x00000004
core   0: 0x800064d2 (0x08827c13) andi    s8, tp, 136
core   0: 3 0x800064d2 (0x08827c13) x24 0x00000088
core   0: 0x800064d6 (0x0000993e) c.add   s2, a5
core   0: 3 0x800064d6 (0x993e) x18 0x010004d9
core   0: 0x800064d8 (0x00000994) c.addi4spn a3, sp, 208
core   0: 3 0x800064d8 (0x0994) x13 0x0000016f
core   0: 0x800064da (0x00006119) c.addi16sp sp, 384
core   0: 3 0x800064da (0x6119) x 2 0x0000021f
core   0: 0x800064dc (0x02051e33) mulh    t3, a0, zero
core   0: 3 0x800064dc (0x02051e33) x28 0x00000000
core   0: 0x800064e0 (0x003597b3) sll     a5, a1, gp
core   0: 3 0x800064e0 (0x003597b3) x15 0x00000000
core   0: 0x800064e4 (0x00008ead) c.xor   a3, a1
core   0: 3 0x800064e4 (0x8ead) x13 0x0000016b
core   0: 0x800064e6 (0x00e9d663) bge     s3, a4, pc + 12
core   0: 3 0x800064e6 (0x00e9d663)
core   0: 0x800064f2 (0x41d2d933) sra     s2, t0, t4
core   0: 3 0x800064f2 (0x41d2d933) x18 0x00000000
core   0: 0x800064f6 (0x0000c0bd) c.beqz  s1, pc + 102
core   0: 3 0x800064f6 (0xc0bd)
core   0: 0x800064f8 (0x017b0363) beq     s6, s7, pc + 6
core   0: 3 0x800064f8 (0x017b0363)
core   0: 0x800064fc (0x00001118) c.addi4spn a4, sp, 160
core   0: 3 0x800064fc (0x1118) x14 0x000002bf
core   0: 0x800064fe (0x00008d15) c.sub   a0, a3
core   0: 3 0x800064fe (0x8d15) x10 0xfffffe95
core   0: 0x80006500 (0x000061a9) c.lui   gp, 0xa
core   0: 3 0x80006500 (0x61a9) x 3 0x0000a000
core   0: 0x80006502 (0x00000001) c.nop
core   0: 3 0x80006502 (0x0001)
core   0: 0x80006504 (0x00b25913) srli    s2, tp, 11
core   0: 3 0x80006504 (0x00b25913) x18 0x001ffeea
core   0: 0x80006508 (0x007869b3) or      s3, a6, t2
core   0: 3 0x80006508 (0x007869b3) x19 0x80026ce4
core   0: 0x8000650c (0xfff00693) li      a3, -1
core   0: 3 0x8000650c (0xfff00693) x13 0xffffffff
core   0: 0x80006510 (0x01300913) li      s2, 19
core   0: 3 0x80006510 (0x01300913) x18 0x00000013
core   0: 0x80006514 (0x03eda9b3) mulhsu  s3, s11, t5
core   0: 3 0x80006514 (0x03eda9b3) x19 0x00002fff
core   0: 0x80006518 (0x02deafb3) mulhsu  t6, t4, a3
core   0: 3 0x80006518 (0x02deafb3) x31 0x0000efff
core   0: 0x8000651c (0x000006a9) c.addi  a3, 10
core   0: 3 0x8000651c (0x06a9) x13 0x00000009
core   0: 0x8000651e (0x00004f7d) c.li    t5, 31
core   0: 3 0x8000651e (0x4f7d) x30 0x0000001f
core   0: 0x80006520 (0x00900213) li      tp, 9
core   0: 3 0x80006520 (0x00900213) x 4 0x00000009
core   0: 0x80006524 (0xfed00513) li      a0, -19
core   0: 3 0x80006524 (0xfed00513) x10 0xffffffed
core   0: 0x80006528 (0x00008c4d) c.or    s0, a1
core   0: 3 0x80006528 (0x8c4d) x 8 0x000003ef
core   0: 0x8000652a (0x03553633) mulhu   a2, a0, s5
core   0: 3 0x8000652a (0x03553633) x12 0x00000007
core   0: 0x8000652e (0x00001279) c.addi  tp, -2
core   0: 3 0x8000652e (0x1279) x 4 0x00000007
core   0: 0x80006530 (0xfea20ce3) beq     tp, a0, pc - 8
core   0: 3 0x80006530 (0xfea20ce3)
core   0: 0x80006534 (0xff26e2e3) bltu    a3, s2, pc - 28
core   0: 3 0x80006534 (0xff26e2e3)
core   0: 0x80006518 (0x02deafb3) mulhsu  t6, t4, a3
core   0: 3 0x80006518 (0x02deafb3) x31 0x00000000
core   0: 0x8000651c (0x000006a9) c.addi  a3, 10
core   0: 3 0x8000651c (0x06a9) x13 0x00000013
core   0: 0x8000651e (0x00004f7d) c.li    t5, 31
core   0: 3 0x8000651e (0x4f7d) x30 0x0000001f
core   0: 0x80006520 (0x00900213) li      tp, 9
core   0: 3 0x80006520 (0x00900213) x 4 0x00000009
core   0: 0x80006524 (0xfed00513) li      a0, -19
core   0: 3 0x80006524 (0xfed00513) x10 0xffffffed
core   0: 0x80006528 (0x00008c4d) c.or    s0, a1
core   0: 3 0x80006528 (0x8c4d) x 8 0x000003ef
core   0: 0x8000652a (0x03553633) mulhu   a2, a0, s5
core   0: 3 0x8000652a (0x03553633) x12 0x00000007
core   0: 0x8000652e (0x00001279) c.addi  tp, -2
core   0: 3 0x8000652e (0x1279) x 4 0x00000007
core   0: 0x80006530 (0xfea20ce3) beq     tp, a0, pc - 8
core   0: 3 0x80006530 (0xfea20ce3)
core   0: 0x80006534 (0xff26e2e3) bltu    a3, s2, pc - 28
core   0: 3 0x80006534 (0xff26e2e3)
core   0: 0x80006538 (0x418a02b3) sub     t0, s4, s8
core   0: 3 0x80006538 (0x418a02b3) x 5 0xa72ef1d6
core   0: 0x8000653c (0x00000284) c.addi4spn s1, sp, 320
core   0: 3 0x8000653c (0x0284) x 9 0x0000035f
core   0: 0x8000653e (0x0000100f) fence.i
core   0: 3 0x8000653e (0x0000100f)
core   0: 0x80006542 (0x4129df33) sra     t5, s3, s2
core   0: 3 0x80006542 (0x4129df33) x30 0x00000000
core   0: 0x80006546 (0x03a046b3) div     a3, zero, s10
core   0: 3 0x80006546 (0x03a046b3) x13 0x00000000
core   0: 0x8000654a (0x40ded993) srai    s3, t4, 13
core   0: 3 0x8000654a (0x40ded993) x19 0x00000007
core   0: 0x8000654e (0x00000118) c.addi4spn a4, sp, 128
core   0: 3 0x8000654e (0x0118) x14 0x0000029f
core   0: 0x80006550 (0x00815933) srl     s2, sp, s0
core   0: 3 0x80006550 (0x00815933) x18 0x00000000
core   0: 0x80006554 (0x012b9893) slli    a7, s7, 18
core   0: 3 0x80006554 (0x012b9893) x17 0x00000000
core   0: 0x80006558 (0x5b3e8193) addi    gp, t4, 1459
core   0: 3 0x80006558 (0x5b3e8193) x 3 0x0000f5b3
core   0: 0x8000655c (0x03527763) bgeu    tp, s5, pc + 46
core   0: 3 0x8000655c (0x03527763)
core   0: 0x80006560 (0x00008df1) c.and   a1, a2
core   0: 3 0x80006560 (0x8df1) x11 0x00000004
core   0: 0x80006562 (0x027cec33) rem     s8, s9, t2
core   0: 3 0x80006562 (0x027cec33) x24 0x00000000
core   0: 0x80006566 (0x0000997d) c.andi  a0, -1
core   0: 3 0x80006566 (0x997d) x10 0xffffffed
core   0: 0x80006568 (0x9c0bcf13) xori    t5, s7, -1600
core   0: 3 0x80006568 (0x9c0bcf13) x30 0xfffff9c0
core   0: 0x8000656c (0x03389563) bne     a7, s3, pc + 42
core   0: 3 0x8000656c (0x03389563)
core   0: 0x80006596 (0x005d1933) sll     s2, s10, t0
core   0: 3 0x80006596 (0x005d1933) x18 0x00000000
core   0: 0x8000659a (0x406b5713) srai    a4, s6, 6
core   0: 3 0x8000659a (0x406b5713) x14 0x00000640
core   0: 0x8000659e (0x02598733) mul     a4, s3, t0
core   0: 3 0x8000659e (0x02598733) x14 0x92489cda
core   0: 0x800065a2 (0x0000130c) c.addi4spn a1, sp, 416
core   0: 3 0x800065a2 (0x130c) x11 0x000003bf
core   0: 0x800065a4 (0x035cbf33) mulhu   t5, s9, s5
core   0: 3 0x800065a4 (0x035cbf33) x30 0x00000000
core   0: 0x800065a8 (0x00008cf1) c.and   s1, a2
core   0: 3 0x800065a8 (0x8cf1) x 9 0x00000007
core   0: 0x800065aa (0x01370a63) beq     a4, s3, pc + 20
core   0: 3 0x800065aa (0x01370a63)
core   0: 0x800065ae (0x0000851a) c.mv    a0, t1
core   0: 3 0x800065ae (0x851a) x10 0x80022e64
core   0: 0x800065b0 (0x00009ce2) c.add   s9, s8
core   0: 3 0x800065b0 (0x9ce2) x25 0x00000000
core   0: 0x800065b2 (0x00008189) c.srli  a1, 2
core   0: 3 0x800065b2 (0x8189) x11 0x000000ef
core   0: 0x800065b4 (0x00000001) c.nop
core   0: 3 0x800065b4 (0x0001)
core   0: 0x800065b6 (0x03445133) divu    sp, s0, s4
core   0: 3 0x800065b6 (0x03445133) x 2 0x00000000
core   0: 0x800065ba (0x415a8033) sub     zero, s5, s5
core   0: 3 0x800065ba (0x415a8033)
core   0: 0x800065be (0x14c18193) addi    gp, gp, 332
core   0: 3 0x800065be (0x14c18193) x 3 0x0000f6ff
core   0: 0x800065c2 (0x00008cbd) c.xor   s1, a5
core   0: 3 0x800065c2 (0x8cbd) x 9 0x00000007
core   0: 0x800065c4 (0x00000c2e) c.slli  s8, 11
core   0: 3 0x800065c4 (0x0c2e) x24 0x00000000
core   0: 0x800065c6 (0x1c200917) auipc   s2, 0x1c200
core   0: 3 0x800065c6 (0x1c200917) x18 0x9c2065c6
core   0: 0x800065ca (0x01094963) blt     s2, a6, pc + 18
core   0: 3 0x800065ca (0x01094963)
core   0: 0x800065ce (0x00bac1b3) xor     gp, s5, a1
core   0: 3 0x800065ce (0x00bac1b3) x 3 0x000000e7
core   0: 0x800065d2 (0x0000100f) fence.i
core   0: 3 0x800065d2 (0x0000100f)
core   0: 0x800065d6 (0x00008de9) c.and   a1, a0
core   0: 3 0x800065d6 (0x8de9) x11 0x00000064
core   0: 0x800065d8 (0x0074a233) slt     tp, s1, t2
core   0: 3 0x800065d8 (0x0074a233) x 4 0x00000000
core   0: 0x800065dc (0x00000001) c.nop
core   0: 3 0x800065dc (0x0001)
core   0: 0x800065de (0x410e59b3) sra     s3, t3, a6
core   0: 3 0x800065de (0x410e59b3) x19 0x00000000
core   0: 0x800065e2 (0x00008ea1) c.xor   a3, s0
core   0: 3 0x800065e2 (0x8ea1) x13 0x000003ef
core   0: 0x800065e4 (0x1b357193) andi    gp, a0, 435
core   0: 3 0x800065e4 (0x1b357193) x 3 0x00000020
core   0: 0x800065e8 (0x0000cd15) c.beqz  a0, pc + 60
core   0: 3 0x800065e8 (0xcd15)
core   0: 0x800065ea (0x038934b3) mulhu   s1, s2, s8
core   0: 3 0x800065ea (0x038934b3) x 9 0x00000000
core   0: 0x800065ee (0x004559b3) srl     s3, a0, tp
core   0: 3 0x800065ee (0x004559b3) x19 0x80022e64
core   0: 0x800065f2 (0x008b7e33) and     t3, s6, s0
core   0: 3 0x800065f2 (0x008b7e33) x28 0x00000000
core   0: 0x800065f6 (0x03d9edb3) rem     s11, s3, t4
core   0: 3 0x800065f6 (0x03d9edb3) x27 0xffffce64
core   0: 0x800065fa (0x0ff0000f) fence   iorw,iorw
core   0: 3 0x800065fa (0x0ff0000f)
core   0: 0x800065fe (0x01edff63) bgeu    s11, t5, pc + 30
core   0: 3 0x800065fe (0x01edff63)
core   0: 0x8000661c (0x01b923b3) slt     t2, s2, s11
core   0: 3 0x8000661c (0x01b923b3) x 7 0x00000001
core   0: 0x80006620 (0xc7432493) slti    s1, t1, -908
core   0: 3 0x80006620 (0xc7432493) x 9 0x00000001
core   0: 0x80006624 (0x00f3b7b3) sltu    a5, t2, a5
core   0: 3 0x80006624 (0x00f3b7b3) x15 0x00000000
core   0: 0x80006628 (0x4dddb513) sltiu   a0, s11, 1245
core   0: 3 0x80006628 (0x4dddb513) x10 0x00000000
core   0: 0x8000662c (0x00f31e33) sll     t3, t1, a5
core   0: 3 0x8000662c (0x00f31e33) x28 0x80022e64
core   0: 0x80006630 (0x00008be2) c.mv    s7, s8
core   0: 3 0x80006630 (0x8be2) x23 0x00000000
core   0: 0x80006632 (0x00b370b3) and     ra, t1, a1
core   0: 3 0x80006632 (0x00b370b3) x 1 0x00000064
core   0: 0x80006636 (0x02c5b2b3) mulhu   t0, a1, a2
core   0: 3 0x80006636 (0x02c5b2b3) x 5 0x00000000
core   0: 0x8000663a (0x034b9233) mulh    tp, s7, s4
core   0: 3 0x8000663a (0x034b9233) x 4 0x00000000
core   0: 0x8000663e (0x033fc7b3) div     a5, t6, s3
core   0: 3 0x8000663e (0x033fc7b3) x15 0x00000000
core   0: 0x80006642 (0x027ba6b3) mulhsu  a3, s7, t2
core   0: 3 0x80006642 (0x027ba6b3) x13 0x00000000
core   0: 0x80006646 (0x029df2b3) remu    t0, s11, s1
core   0: 3 0x80006646 (0x029df2b3) x 5 0x00000000
core   0: 0x8000664a (0x00c5b4b3) sltu    s1, a1, a2
core   0: 3 0x8000664a (0x00c5b4b3) x 9 0x00000000
core   0: 0x8000664e (0x0000c211) c.beqz  a2, pc + 4
core   0: 3 0x8000664e (0xc211)
core   0: 0x80006650 (0x0000016a) c.slli  sp, 26
core   0: 3 0x80006650 (0x016a) x 2 0x00000000
core   0: 0x80006652 (0x00008fa9) c.xor   a5, a0
core   0: 3 0x80006652 (0x8fa9) x15 0x00000000
core   0: 0x80006654 (0x011bfa63) bgeu    s7, a7, pc + 20
core   0: 3 0x80006654 (0x011bfa63)
core   0: 0x80006668 (0xfe8d3417) auipc   s0, 0xfe8d3
core   0: 3 0x80006668 (0xfe8d3417) x 8 0x7e8d9668
core   0: 0x8000666c (0x0000ef15) c.bnez  a4, pc + 60
core   0: 3 0x8000666c (0xef15)
core   0: 0x800066a8 (0x009285b3) add     a1, t0, s1
core   0: 3 0x800066a8 (0x009285b3) x11 0x00000000
core   0: 0x800066ac (0x00008fe1) c.and   a5, s0
core   0: 3 0x800066ac (0x8fe1) x15 0x00000000
core   0: 0x800066ae (0x0000987d) c.andi  s0, -1
core   0: 3 0x800066ae (0x987d) x 8 0x7e8d9668
core   0: 0x800066b0 (0x0395b8b3) mulhu   a7, a1, s9
core   0: 3 0x800066b0 (0x0395b8b3) x17 0x00000000
core   0: 0x800066b4 (0xdd224d93) xori    s11, tp, -558
core   0: 3 0x800066b4 (0xdd224d93) x27 0xfffffdd2
core   0: 0x800066b8 (0x0ff0000f) fence   iorw,iorw
core   0: 3 0x800066b8 (0x0ff0000f)
core   0: 0x800066bc (0x0156ccb3) xor     s9, a3, s5
core   0: 3 0x800066bc (0x0156ccb3) x25 0x00000008
core   0: 0x800066c0 (0x0000cd19) c.beqz  a0, pc + 30
core   0: 3 0x800066c0 (0xcd19)
core   0: 0x800066de (0x4151d393) srai    t2, gp, 21
core   0: 3 0x800066de (0x4151d393) x 7 0x00000000
core   0: 0x800066e2 (0x402c8533) sub     a0, s9, sp
core   0: 3 0x800066e2 (0x402c8533) x10 0x00000008
core   0: 0x800066e6 (0x0000517d) c.li    sp, -1
core   0: 3 0x800066e6 (0x517d) x 2 0xffffffff
core   0: 0x800066e8 (0x02150663) beq     a0, ra, pc + 44
core   0: 3 0x800066e8 (0x02150663)
core   0: 0x800066ec (0x022b7763) bgeu    s6, sp, pc + 46
core   0: 3 0x800066ec (0x022b7763)
core   0: 0x800066f0 (0x0ff0000f) fence   iorw,iorw
core   0: 3 0x800066f0 (0x0ff0000f)
core   0: 0x800066f4 (0x016dd2b3) srl     t0, s11, s6
core   0: 3 0x800066f4 (0x016dd2b3) x 5 0xfffffdd2
core   0: 0x800066f8 (0x00000001) c.nop
core   0: 3 0x800066f8 (0x0001)
core   0: 0x800066fa (0x00be4eb3) xor     t4, t3, a1
core   0: 3 0x800066fa (0x00be4eb3) x29 0x80022e64
core   0: 0x800066fe (0x03409233) mulh    tp, ra, s4
core   0: 3 0x800066fe (0x03409233) x 4 0xffffffdd
core   0: 0x80006702 (0x01ba0cb3) add     s9, s4, s11
core   0: 3 0x80006702 (0x01ba0cb3) x25 0xa72ef030
core   0: 0x80006706 (0xcfa5f993) andi    s3, a1, -774
core   0: 3 0x80006706 (0xcfa5f993) x19 0x00000000
core   0: 0x8000670a (0x12b68713) addi    a4, a3, 299
core   0: 3 0x8000670a (0x12b68713) x14 0x0000012b
core   0: 0x8000670e (0x01786e63) bltu    a6, s7, pc + 28
core   0: 3 0x8000670e (0x01786e63)
core   0: 0x80006712 (0x00009b52) c.add   s6, s4
core   0: 3 0x80006712 (0x9b52) x22 0xa730825e
core   0: 0x80006714 (0x0000c58d) c.beqz  a1, pc + 42
core   0: 3 0x80006714 (0xc58d)
core   0: 0x8000673e (0x00095463) bgez    s2, pc + 8
core   0: 3 0x8000673e (0x00095463)
core   0: 0x80006742 (0x00008fb9) c.xor   a5, a4
core   0: 3 0x80006742 (0x8fb9) x15 0x0000012b
core   0: 0x80006744 (0x0000c705) c.beqz  a4, pc + 40
core   0: 3 0x80006744 (0xc705)
core   0: 0x80006746 (0x000003ee) c.slli  t2, 27
core   0: 3 0x80006746 (0x03ee) x 7 0x00000000
core   0: 0x80006748 (0x41855d93) srai    s11, a0, 24
core   0: 3 0x80006748 (0x41855d93) x27 0x00000000
core   0: 0x8000674c (0x41d280b3) sub     ra, t0, t4
core   0: 3 0x8000674c (0x41d280b3) x 1 0x7ffdcf6e
core   0: 0x80006750 (0x802557b7) lui     a5, 0x80255
core   0: 3 0x80006750 (0x802557b7) x15 0x80255000
core   0: 0x80006754 (0x00008de1) c.and   a1, s0
core   0: 3 0x80006754 (0x8de1) x11 0x00000000
core   0: 0x80006756 (0x0000e08d) c.bnez  s1, pc + 34
core   0: 3 0x80006756 (0xe08d)
core   0: 0x80006758 (0x02a26563) bltu    tp, a0, pc + 42
core   0: 3 0x80006758 (0x02a26563)
core   0: 0x8000675c (0x00008b51) c.andi  a4, 20
core   0: 3 0x8000675c (0x8b51) x14 0x00000000
core   0: 0x8000675e (0x40fb53b3) sra     t2, s6, a5
core   0: 3 0x8000675e (0x40fb53b3) x 7 0xa730825e
core   0: 0x80006762 (0x00009e6e) c.add   t3, s11
core   0: 3 0x80006762 (0x9e6e) x28 0x80022e64
core   0: 0x80006764 (0x00009cee) c.add   s9, s11
core   0: 3 0x80006764 (0x9cee) x25 0xa72ef030
core   0: 0x80006766 (0x00008ff1) c.and   a5, a2
core   0: 3 0x80006766 (0x8ff1) x15 0x00000000
core   0: 0x80006768 (0x0000100f) fence.i
core   0: 3 0x80006768 (0x0000100f)
core   0: 0x8000676c (0x030bfa63) bgeu    s7, a6, pc + 52
core   0: 3 0x8000676c (0x030bfa63)
core   0: 0x80006770 (0x02145ab3) divu    s5, s0, ra
core   0: 3 0x80006770 (0x02145ab3) x21 0x00000000
core   0: 0x80006774 (0x006ad7b3) srl     a5, s5, t1
core   0: 3 0x80006774 (0x006ad7b3) x15 0x00000000
core   0: 0x80006778 (0x00000001) c.nop
core   0: 3 0x80006778 (0x0001)
core   0: 0x8000677a (0x0156aab3) slt     s5, a3, s5
core   0: 3 0x8000677a (0x0156aab3) x21 0x00000000
core   0: 0x8000677e (0xa2d57f93) andi    t6, a0, -1491
core   0: 3 0x8000677e (0xa2d57f93) x31 0x00000008
core   0: 0x80006782 (0x01999863) bne     s3, s9, pc + 16
core   0: 3 0x80006782 (0x01999863)
core   0: 0x80006792 (0x00008c55) c.or    s0, a3
core   0: 3 0x80006792 (0x8c55) x 8 0x7e8d9668
core   0: 0x80006794 (0x00008431) c.srai  s0, 12
core   0: 3 0x80006794 (0x8431) x 8 0x0007e8d9
core   0: 0x80006796 (0x017e7bb3) and     s7, t3, s7
core   0: 3 0x80006796 (0x017e7bb3) x23 0x00000000
core   0: 0x8000679a (0x41d45e13) srai    t3, s0, 29
core   0: 3 0x8000679a (0x41d45e13) x28 0x00000000
core   0: 0x8000679e (0x00008fd9) c.or    a5, a4
core   0: 3 0x8000679e (0x8fd9) x15 0x00000000
core   0: 0x800067a0 (0xf2d28693) addi    a3, t0, -211
core   0: 3 0x800067a0 (0xf2d28693) x13 0xfffffcff
core   0: 0x800067a4 (0x02819c33) mulh    s8, gp, s0
core   0: 3 0x800067a4 (0x02819c33) x24 0x00000000
core   0: 0x800067a8 (0x03ac9a63) bne     s9, s10, pc + 52
core   0: 3 0x800067a8 (0x03ac9a63)
core   0: 0x800067dc (0x00000001) c.nop
core   0: 3 0x800067dc (0x0001)
core   0: 0x800067de (0xd5ccc1b7) lui     gp, 0xd5ccc
core   0: 3 0x800067de (0xd5ccc1b7) x 3 0xd5ccc000
core   0: 0x800067e2 (0x03788133) mul     sp, a7, s7
core   0: 3 0x800067e2 (0x03788133) x 2 0x00000000
core   0: 0x800067e6 (0x018f23b3) slt     t2, t5, s8
core   0: 3 0x800067e6 (0x018f23b3) x 7 0x00000000
core   0: 0x800067ea (0x01adb4b3) sltu    s1, s11, s10
core   0: 3 0x800067ea (0x01adb4b3) x 9 0x00000001
core   0: 0x800067ee (0x03f2bbb3) mulhu   s7, t0, t6
core   0: 3 0x800067ee (0x03f2bbb3) x23 0x00000007
core   0: 0x800067f2 (0x01716633) or      a2, sp, s7
core   0: 3 0x800067f2 (0x01716633) x12 0x00000007
core   0: 0x800067f6 (0x012d6d63) bltu    s10, s2, pc + 26
core   0: 3 0x800067f6 (0x012d6d63)
core   0: 0x800067fa (0xd0096c93) ori     s9, s2, -768
core   0: 3 0x800067fa (0xd0096c93) x25 0xfffffdc6
core   0: 0x800067fe (0x411bd613) srai    a2, s7, 17
core   0: 3 0x800067fe (0x411bd613) x12 0x00000000
core   0: 0x80006802 (0x00008d81) c.sub   a1, s0
core   0: 3 0x80006802 (0x8d81) x11 0xfff81727
core   0: 0x80006804 (0x02429763) bne     t0, tp, pc + 46
core   0: 3 0x80006804 (0x02429763)
core   0: 0x80006832 (0x0000858e) c.mv    a1, gp
core   0: 3 0x80006832 (0x858e) x11 0xd5ccc000
core   0: 0x80006834 (0xc5858093) addi    ra, a1, -936
core   0: 3 0x80006834 (0xc5858093) x 1 0xd5ccbc58
core   0: 0x80006838 (0x00008c7d) c.and   s0, a5
core   0: 3 0x80006838 (0x8c7d) x 8 0x00000000
core   0: 0x8000683a (0x01895863) bge     s2, s8, pc + 16
core   0: 3 0x8000683a (0x01895863)
core   0: 0x8000683e (0x00008a65) c.andi  a2, 25
core   0: 3 0x8000683e (0x8a65) x12 0x00000000
core   0: 0x80006840 (0x00f11293) slli    t0, sp, 15
core   0: 3 0x80006840 (0x00f11293) x 5 0x00000000
core   0: 0x80006844 (0x00008752) c.mv    a4, s4
core   0: 3 0x80006844 (0x8752) x14 0xa72ef25e
core   0: 0x80006846 (0x57a4a093) slti    ra, s1, 1402
core   0: 3 0x80006846 (0x57a4a093) x 1 0x00000001
core   0: 0x8000684a (0x038a73b3) remu    t2, s4, s8
core   0: 3 0x8000684a (0x038a73b3) x 7 0xa72ef25e
core   0: 0x8000684e (0x033b8bb3) mul     s7, s7, s3
core   0: 3 0x8000684e (0x033b8bb3) x23 0x00000000
core   0: 0x80006852 (0x0000c41d) c.beqz  s0, pc + 46
core   0: 3 0x80006852 (0xc41d)
core   0: 0x80006880 (0x01464fb3) xor     t6, a2, s4
core   0: 3 0x80006880 (0x01464fb3) x31 0xa72ef25e
core   0: 0x80006884 (0x00ec9b63) bne     s9, a4, pc + 22
core   0: 3 0x80006884 (0x00ec9b63)
core   0: 0x8000689a (0x00008ef9) c.and   a3, a4
core   0: 3 0x8000689a (0x8ef9) x13 0xa72ef05e
core   0: 0x8000689c (0x003f8cb3) add     s9, t6, gp
core   0: 3 0x8000689c (0x003f8cb3) x25 0x7cfbb25e
core   0: 0x800068a0 (0x00631463) bne     t1, t1, pc + 8
core   0: 3 0x800068a0 (0x00631463)
core   0: 0x800068a4 (0x06a84963) blt     a6, a0, pc + 114
core   0: 3 0x800068a4 (0x06a84963)
core   0: 0x80006916 (0x94098713) addi    a4, s3, -1728
core   0: 3 0x80006916 (0x94098713) x14 0xfffff940
core   0: 0x8000691a (0xc1976737) lui     a4, 0xc1976
core   0: 3 0x8000691a (0xc1976737) x14 0xc1976000
core   0: 0x8000691e (0x00008c71) c.and   s0, a2
core   0: 3 0x8000691e (0x8c71) x 8 0x00000000
core   0: 0x80006920 (0x02425033) divu    zero, tp, tp
core   0: 3 0x80006920 (0x02425033)
core   0: 0x80006924 (0x01fae363) bltu    s5, t6, pc + 6
core   0: 3 0x80006924 (0x01fae363)
core   0: 0x8000692a (0x000098c6) c.add   a7, a7
core   0: 3 0x8000692a (0x98c6) x17 0x00000000
core   0: 0x8000692c (0x03c772b3) remu    t0, a4, t3
core   0: 3 0x8000692c (0x03c772b3) x 5 0xc1976000
core   0: 0x80006930 (0x00006111) c.addi16sp sp, 256
core   0: 3 0x80006930 (0x6111) x 2 0x00000100
core   0: 0x80006932 (0x00008931) c.andi  a0, 12
core   0: 3 0x80006932 (0x8931) x10 0x00000008
core   0: 0x80006934 (0x00000192) c.slli  gp, 4
core   0: 3 0x80006934 (0x0192) x 3 0x5ccc0000
core   0: 0x80006936 (0x1c58ac17) auipc   s8, 0x1c58a
core   0: 3 0x80006936 (0x1c58ac17) x24 0x9c590936
core   0: 0x8000693a (0x00008c69) c.and   s0, a0
core   0: 3 0x8000693a (0x8c69) x 8 0x00000000
core   0: 0x8000693c (0x00008ca5) c.xor   s1, s1
core   0: 3 0x8000693c (0x8ca5) x 9 0x00000000
core   0: 0x8000693e (0x00001190) c.addi4spn a2, sp, 224
core   0: 3 0x8000693e (0x1190) x12 0x000001e0
core   0: 0x80006940 (0x01e44233) xor     tp, s0, t5
core   0: 3 0x80006940 (0x01e44233) x 4 0x00000000
core   0: 0x80006944 (0x00006271) c.lui   tp, 0x1c
core   0: 3 0x80006944 (0x6271) x 4 0x0001c000
core   0: 0x80006946 (0x00008cf1) c.and   s1, a2
core   0: 3 0x80006946 (0x8cf1) x 9 0x00000000
core   0: 0x80006948 (0x0000ea11) c.bnez  a2, pc + 20
core   0: 3 0x80006948 (0xea11)
core   0: 0x8000695c (0x026b5a63) bge     s6, t1, pc + 52
core   0: 3 0x8000695c (0x026b5a63)
core   0: 0x80006990 (0x0065ef63) bltu    a1, t1, pc + 30
core   0: 3 0x80006990 (0x0065ef63)
core   0: 0x80006994 (0x00008e3d) c.xor   a2, a5
core   0: 3 0x80006994 (0x8e3d) x12 0x000001e0
core   0: 0x80006996 (0x02a4fc33) remu    s8, s1, a0
core   0: 3 0x80006996 (0x02a4fc33) x24 0x00000000
core   0: 0x8000699a (0x01f27033) and     zero, tp, t6
core   0: 3 0x8000699a (0x01f27033)
core   0: 0x8000699e (0x02c095b3) mulh    a1, ra, a2
core   0: 3 0x8000699e (0x02c095b3) x11 0x00000000
core   0: 0x800069a2 (0x02114bb3) div     s7, sp, ra
core   0: 3 0x800069a2 (0x02114bb3) x23 0x00000100
core   0: 0x800069a6 (0x418d50b3) sra     ra, s10, s8
core   0: 3 0x800069a6 (0x418d50b3) x 1 0xb0000000
core   0: 0x800069aa (0x02dc9163) bne     s9, a3, pc + 34
core   0: 3 0x800069aa (0x02dc9163)
core   0: 0x800069cc (0x01bfd863) bge     t6, s11, pc + 16
core   0: 3 0x800069cc (0x01bfd863)
core   0: 0x800069d0 (0x000098fd) c.andi  s1, -1
core   0: 3 0x800069d0 (0x98fd) x 9 0x00000000
core   0: 0x800069d2 (0x0302e663) bltu    t0, a6, pc + 44
core   0: 3 0x800069d2 (0x0302e663)
core   0: 0x800069d6 (0x00001d7d) c.addi  s10, -1
core   0: 3 0x800069d6 (0x1d7d) x26 0xafffffff
core   0: 0x800069d8 (0x0058c933) xor     s2, a7, t0
core   0: 3 0x800069d8 (0x0058c933) x18 0xc1976000
core   0: 0x800069dc (0x00008cdd) c.or    s1, a5
core   0: 3 0x800069dc (0x8cdd) x 9 0x00000000
core   0: 0x800069de (0x00000ace) c.slli  s5, 19
core   0: 3 0x800069de (0x0ace) x21 0x00000000
core   0: 0x800069e0 (0x023c4d33) div     s10, s8, gp
core   0: 3 0x800069e0 (0x023c4d33) x26 0x00000000
core   0: 0x800069e4 (0x006e9ab3) sll     s5, t4, t1
core   0: 3 0x800069e4 (0x006e9ab3) x21 0x0022e640
core   0: 0x800069e8 (0x01d866b3) or      a3, a6, t4
core   0: 3 0x800069e8 (0x01d866b3) x13 0x80026ee4
core   0: 0x800069ec (0x02320f63) beq     tp, gp, pc + 62
core   0: 3 0x800069ec (0x02320f63)
core   0: 0x800069f0 (0x0091f363) bgeu    gp, s1, pc + 6
core   0: 3 0x800069f0 (0x0091f363)
core   0: 0x800069f6 (0x012384b3) add     s1, t2, s2
core   0: 3 0x800069f6 (0x012384b3) x 9 0x68c6525e
core   0: 0x800069fa (0x01fb9893) slli    a7, s7, 31
core   0: 3 0x800069fa (0x01fb9893) x17 0x00000000
core   0: 0x800069fe (0x00008161) c.srli  a0, 24
core   0: 3 0x800069fe (0x8161) x10 0x00000000
core   0: 0x80006a00 (0x5d8d3a93) sltiu   s5, s10, 1496
core   0: 3 0x80006a00 (0x5d8d3a93) x21 0x00000001
core   0: 0x80006a04 (0x03dad5b3) divu    a1, s5, t4
core   0: 3 0x80006a04 (0x03dad5b3) x11 0x00000000
core   0: 0x80006a08 (0x02368033) mul     zero, a3, gp
core   0: 3 0x80006a08 (0x02368033)
core   0: 0x80006a0c (0xf9236d13) ori     s10, t1, -110
core   0: 3 0x80006a0c (0xf9236d13) x26 0xfffffff6
core   0: 0x80006a10 (0x018fbb33) sltu    s6, t6, s8
core   0: 3 0x80006a10 (0x018fbb33) x22 0x00000000
core   0: 0x80006a14 (0x00008ff1) c.and   a5, a2
core   0: 3 0x80006a14 (0x8ff1) x15 0x00000000
core   0: 0x80006a16 (0x05749763) bne     s1, s7, pc + 78
core   0: 3 0x80006a16 (0x05749763)
core   0: 0x80006a64 (0x0000e881) c.bnez  s1, pc + 16
core   0: 3 0x80006a64 (0xe881)
core   0: 0x80006a74 (0x010049b3) xor     s3, zero, a6
core   0: 3 0x80006a74 (0x010049b3) x19 0x80026ce4
core   0: 0x80006a78 (0x00008da1) c.xor   a1, s0
core   0: 3 0x80006a78 (0x8da1) x11 0x00000000
core   0: 0x80006a7a (0x0000cd91) c.beqz  a1, pc + 28
core   0: 3 0x80006a7a (0xcd91)
core   0: 0x80006a96 (0x0377b3b3) mulhu   t2, a5, s7
core   0: 3 0x80006a96 (0x0377b3b3) x 7 0x00000000
core   0: 0x80006a9a (0x00008575) c.srai  a0, 29
core   0: 3 0x80006a9a (0x8575) x10 0x00000000
core   0: 0x80006a9c (0x418ad393) srai    t2, s5, 24
core   0: 3 0x80006a9c (0x418ad393) x 7 0x00000000
core   0: 0x80006aa0 (0x00000001) c.nop
core   0: 3 0x80006aa0 (0x0001)
core   0: 0x80006aa2 (0x0000e495) c.bnez  s1, pc + 44
core   0: 3 0x80006aa2 (0xe495)
core   0: 0x80006ace (0xead18513) addi    a0, gp, -339
core   0: 3 0x80006ace (0xead18513) x10 0x5ccbfead
core   0: 0x80006ad2 (0x0074c3b3) xor     t2, s1, t2
core   0: 3 0x80006ad2 (0x0074c3b3) x 7 0x68c6525e
core   0: 0x80006ad6 (0x01587c63) bgeu    a6, s5, pc + 24
core   0: 3 0x80006ad6 (0x01587c63)
core   0: 0x80006aee (0x00008c6d) c.and   s0, a1
core   0: 3 0x80006aee (0x8c6d) x 8 0x00000000
core   0: 0x80006af0 (0x3dc83593) sltiu   a1, a6, 988
core   0: 3 0x80006af0 (0x3dc83593) x11 0x00000000
core   0: 0x80006af4 (0x00bc1c63) bne     s8, a1, pc + 24
core   0: 3 0x80006af4 (0x00bc1c63)
core   0: 0x80006af8 (0x00008f15) c.sub   a4, a3
core   0: 3 0x80006af8 (0x8f15) x14 0x4194f11c
core   0: 0x80006afa (0x000059fd) c.li    s3, -1
core   0: 3 0x80006afa (0x59fd) x19 0xffffffff
core   0: 0x80006afc (0x030ef033) remu    zero, t4, a6
core   0: 3 0x80006afc (0x030ef033)
core   0: 0x80006b00 (0x00474133) xor     sp, a4, tp
core   0: 3 0x80006b00 (0x00474133) x 2 0x4195311c
core   0: 0x80006b04 (0x0392b1b3) mulhu   gp, t0, s9
core   0: 3 0x80006b04 (0x0392b1b3) x 3 0x5e83a8cd
core   0: 0x80006b08 (0xbad10537) lui     a0, 0xbad10
core   0: 3 0x80006b08 (0xbad10537) x10 0xbad10000
core   0: 0x80006b0c (0x41a55433) sra     s0, a0, s10
core   0: 3 0x80006b0c (0x41a55433) x 8 0xfffffeeb
core   0: 0x80006b10 (0x00008af9) c.andi  a3, 30
core   0: 3 0x80006b10 (0x8af9) x13 0x00000004
core   0: 0x80006b12 (0x00d53cb3) sltu    s9, a0, a3
core   0: 3 0x80006b12 (0x00d53cb3) x25 0x00000000
core   0: 0x80006b16 (0x418adb93) srai    s7, s5, 24
core   0: 3 0x80006b16 (0x418adb93) x23 0x00000000
core   0: 0x80006b1a (0x000017fd) c.addi  a5, -1
core   0: 3 0x80006b1a (0x17fd) x15 0xffffffff
core   0: 0x80006b1c (0x00000b2a) c.slli  s6, 10
core   0: 3 0x80006b1c (0x0b2a) x22 0x00000000
core   0: 0x80006b1e (0x0000e291) c.bnez  a3, pc + 4
core   0: 3 0x80006b1e (0xe291)
core   0: 0x80006b22 (0x00008c81) c.sub   s1, s0
core   0: 3 0x80006b22 (0x8c81) x 9 0x68c65373
core   0: 0x80006b24 (0x00000001) c.nop
core   0: 3 0x80006b24 (0x0001)
core   0: 0x80006b26 (0x781b0213) addi    tp, s6, 1921
core   0: 3 0x80006b26 (0x781b0213) x 4 0x00000781
core   0: 0x80006b2a (0x406158b3) sra     a7, sp, t1
core   0: 3 0x80006b2a (0x406158b3) x17 0x04195311
core   0: 0x80006b2e (0xa7e9a013) slti    zero, s3, -1410
core   0: 3 0x80006b2e (0xa7e9a013)
core   0: 0x80006b32 (0x00821033) sll     zero, tp, s0
core   0: 3 0x80006b32 (0x00821033)
core   0: 0x80006b36 (0x00ff5d93) srli    s11, t5, 15
core   0: 3 0x80006b36 (0x00ff5d93) x27 0x00000000
core   0: 0x80006b3a (0x00008d49) c.or    a0, a0
core   0: 3 0x80006b3a (0x8d49) x10 0xbad10000
core   0: 0x80006b3c (0x0000870d) c.srai  a4, 3
core   0: 3 0x80006b3c (0x870d) x14 0x08329e23
core   0: 0x80006b3e (0x0000717d) c.addi16sp sp, -16
core   0: 3 0x80006b3e (0x717d) x 2 0x4195310c
core   0: 0x80006b40 (0x3c66c213) xori    tp, a3, 966
core   0: 3 0x80006b40 (0x3c66c213) x 4 0x000003c2
core   0: 0x80006b44 (0x000009f6) c.slli  s3, 29
core   0: 3 0x80006b44 (0x09f6) x19 0xe0000000
core   0: 0x80006b46 (0x00008d05) c.sub   a0, s1
core   0: 3 0x80006b46 (0x8d05) x10 0x520aac8d
core   0: 0x80006b48 (0x00009c12) c.add   s8, tp
core   0: 3 0x80006b48 (0x9c12) x24 0x000003c2
core   0: 0x80006b4a (0x03a647b3) div     a5, a2, s10
core   0: 3 0x80006b4a (0x03a647b3) x15 0xffffffd0
core   0: 0x80006b4e (0x00e198b3) sll     a7, gp, a4
core   0: 3 0x80006b4e (0x00e198b3) x17 0xf41d4668
core   0: 0x80006b52 (0x010d1563) bne     s10, a6, pc + 10
core   0: 3 0x80006b52 (0x010d1563)
core   0: 0x80006b5c (0x00008edd) c.or    a3, a5
core   0: 3 0x80006b5c (0x8edd) x13 0xffffffd4
core   0: 0x80006b5e (0x03399663) bne     s3, s3, pc + 44
core   0: 3 0x80006b5e (0x03399663)
core   0: 0x80006b62 (0x0375d8b3) divu    a7, a1, s7
core   0: 3 0x80006b62 (0x0375d8b3) x17 0xffffffff
core   0: 0x80006b66 (0x00006279) c.lui   tp, 0x1e
core   0: 3 0x80006b66 (0x6279) x 4 0x0001e000
core   0: 0x80006b68 (0x02cb69b3) rem     s3, s6, a2
core   0: 3 0x80006b68 (0x02cb69b3) x19 0x00000000
core   0: 0x80006b6c (0x00000001) c.nop
core   0: 3 0x80006b6c (0x0001)
core   0: 0x80006b6e (0xbb350e17) auipc   t3, 0xbb350
core   0: 3 0x80006b6e (0xbb350e17) x28 0x3b356b6e
core   0: 0x80006b72 (0x00a3d013) srli    zero, t2, 10
core   0: 3 0x80006b72 (0x00a3d013)
core   0: 0x80006b76 (0x00008485) c.srai  s1, 1
core   0: 3 0x80006b76 (0x8485) x 9 0x346329b9
core   0: 0x80006b78 (0x00008db9) c.xor   a1, a4
core   0: 3 0x80006b78 (0x8db9) x11 0x08329e23
core   0: 0x80006b7a (0x46cb0797) auipc   a5, 0x46cb0
core   0: 3 0x80006b7a (0x46cb0797) x15 0xc6cb6b7a
core   0: 0x80006b7e (0x00008ec5) c.or    a3, s1
core   0: 3 0x80006b7e (0x8ec5) x13 0xfffffffd
core   0: 0x80006b80 (0x03865663) bge     a2, s8, pc + 44
core   0: 3 0x80006b80 (0x03865663)
core   0: 0x80006b84 (0x0002cc33) xor     s8, t0, zero
core   0: 3 0x80006b84 (0x0002cc33) x24 0xc1976000
core   0: 0x80006b88 (0x00008725) c.srai  a4, 9
core   0: 3 0x80006b88 (0x8725) x14 0x0004194f
core   0: 0x80006b8a (0x01591593) slli    a1, s2, 21
core   0: 3 0x80006b8a (0x01591593) x11 0x00000000
core   0: 0x80006b8e (0x00000e9a) c.slli  t4, 6
core   0: 3 0x80006b8e (0x0e9a) x29 0x008b9900
core   0: 0x80006b90 (0x0ff0000f) fence   iorw,iorw
core   0: 3 0x80006b90 (0x0ff0000f)
core   0: 0x80006b94 (0x00001cfd) c.addi  s9, -1
core   0: 3 0x80006b94 (0x1cfd) x25 0xffffffff
core   0: 0x80006b96 (0x00001790) c.addi4spn a2, sp, 992
core   0: 3 0x80006b96 (0x1790) x12 0x419534ec
core   0: 0x80006b98 (0x6e9be893) ori     a7, s7, 1769
core   0: 3 0x80006b98 (0x6e9be893) x17 0x000006e9
core   0: 0x80006b9c (0x00008caa) c.mv    s9, a0
core   0: 3 0x80006b9c (0x8caa) x25 0x520aac8d
core   0: 0x80006b9e (0x000069ed) c.lui   s3, 0x1b
core   0: 3 0x80006b9e (0x69ed) x19 0x0001b000
core   0: 0x80006ba0 (0x03758363) beq     a1, s7, pc + 38
core   0: 3 0x80006ba0 (0x03758363)
core   0: 0x80006bc6 (0x03810bb3) mul     s7, sp, s8
core   0: 3 0x80006bc6 (0x03810bb3) x23 0xec788000
core   0: 0x80006bca (0x024d9233) mulh    tp, s11, tp
core   0: 3 0x80006bca (0x024d9233) x 4 0x00000000
core   0: 0x80006bce (0x031af2b3) remu    t0, s5, a7
core   0: 3 0x80006bce (0x031af2b3) x 5 0x00000001
core   0: 0x80006bd2 (0x00500613) li      a2, 5
core   0: 3 0x80006bd2 (0x00500613) x12 0x00000005
core   0: 0x80006bd6 (0xff100213) li      tp, -15
core   0: 3 0x80006bd6 (0xff100213) x 4 0xfffffff1
core   0: 0x80006bda (0x000d92b3) sll     t0, s11, zero
core   0: 3 0x80006bda (0x000d92b3) x 5 0x00000000
core   0: 0x80006bde (0x02433c33) mulhu   s8, t1, tp
core   0: 3 0x80006bde (0x02433c33) x24 0x80022e5c
core   0: 0x80006be2 (0x00bdd093) srli    ra, s11, 11
core   0: 3 0x80006be2 (0x00bdd093) x 1 0x00000000
core   0: 0x80006be6 (0x02c424b3) mulhsu  s1, s0, a2
core   0: 3 0x80006be6 (0x02c424b3) x 9 0xffffffff
core   0: 0x80006bea (0x0273ae33) mulhsu  t3, t2, t2
core   0: 3 0x80006bea (0x0273ae33) x28 0x2ae1bc8f
core   0: 0x80006bee (0x0000857e) c.mv    a0, t6
core   0: 3 0x80006bee (0x857e) x10 0xa72ef25e
core   0: 0x80006bf0 (0x00009b7d) c.andi  a4, -1
core   0: 3 0x80006bf0 (0x9b7d) x14 0x0004194f
core   0: 0x80006bf2 (0x00001679) c.addi  a2, -2
core   0: 3 0x80006bf2 (0x1679) x12 0x00000003
core   0: 0x80006bf4 (0x00200a93) li      s5, 2
core   0: 3 0x80006bf4 (0x00200a93) x21 0x00000002
core   0: 0x80006bf8 (0x0ff0000f) fence   iorw,iorw
core   0: 3 0x80006bf8 (0x0ff0000f)
core   0: 0x80006bfc (0x0000717d) c.addi16sp sp, -16
core   0: 3 0x80006bfc (0x717d) x 2 0x419530fc
core   0: 0x80006bfe (0x000010fd) c.addi  ra, -1
core   0: 3 0x80006bfe (0x10fd) x 1 0xffffffff
core   0: 0x80006c00 (0x8117b437) lui     s0, 0x8117b
core   0: 3 0x80006c00 (0x8117b437) x 8 0x8117b000
core   0: 0x80006c04 (0x00e00f13) li      t5, 14
core   0: 3 0x80006c04 (0x00e00f13) x30 0x0000000e
core   0: 0x80006c08 (0x02d1ebb3) rem     s7, gp, a3
core   0: 3 0x80006c08 (0x02d1ebb3) x23 0x00000001
core   0: 0x80006c0c (0x000052fd) c.li    t0, -1
core   0: 3 0x80006c0c (0x52fd) x 5 0xffffffff
core   0: 0x80006c0e (0x5613c0b7) lui     ra, 0x5613c
core   0: 3 0x80006c0e (0x5613c0b7) x 1 0x5613c000
core   0: 0x80006c12 (0x00000a8d) c.addi  s5, 3
core   0: 3 0x80006c12 (0x0a8d) x21 0x00000005
core   0: 0x80006c14 (0x40245c13) srai    s8, s0, 2
core   0: 3 0x80006c14 (0x40245c13) x24 0xe045ec00
core   0: 0x80006c18 (0x41d755b3) sra     a1, a4, t4
core   0: 3 0x80006c18 (0x41d755b3) x11 0x0004194f
core   0: 0x80006c1c (0x02f0ad33) mulhsu  s10, ra, a5
core   0: 3 0x80006c1c (0x02f0ad33) x26 0x42d7ac4c
core   0: 0x80006c20 (0xffea86e3) beq     s5, t5, pc - 20
core   0: 3 0x80006c20 (0xffea86e3)
core   0: 0x80006c24 (0x00000001) c.nop
core   0: 3 0x80006c24 (0x0001)
core   0: 0x80006c26 (0x0000577d) c.li    a4, -1
core   0: 3 0x80006c26 (0x577d) x14 0xffffffff
core   0: 0x80006c28 (0x25fe03b7) lui     t2, 0x25fe0
core   0: 3 0x80006c28 (0x25fe03b7) x 7 0x25fe0000
core   0: 0x80006c2c (0x00008af9) c.andi  a3, 30
core   0: 3 0x80006c2c (0x8af9) x13 0x0000001c
core   0: 0x80006c2e (0x0157d3b3) srl     t2, a5, s5
core   0: 3 0x80006c2e (0x0157d3b3) x 7 0x06365b5b
core   0: 0x80006c32 (0xfa4656e3) bge     a2, tp, pc - 84
core   0: 3 0x80006c32 (0xfa4656e3)
core   0: 0x80006bde (0x02433c33) mulhu   s8, t1, tp
core   0: 3 0x80006bde (0x02433c33) x24 0x80022e5c
core   0: 0x80006be2 (0x00bdd093) srli    ra, s11, 11
core   0: 3 0x80006be2 (0x00bdd093) x 1 0x00000000
core   0: 0x80006be6 (0x02c424b3) mulhsu  s1, s0, a2
core   0: 3 0x80006be6 (0x02c424b3) x 9 0xfffffffe
core   0: 0x80006bea (0x0273ae33) mulhsu  t3, t2, t2
core   0: 3 0x80006bea (0x0273ae33) x28 0x002697d2
core   0: 0x80006bee (0x0000857e) c.mv    a0, t6
core   0: 3 0x80006bee (0x857e) x10 0xa72ef25e
core   0: 0x80006bf0 (0x00009b7d) c.andi  a4, -1
core   0: 3 0x80006bf0 (0x9b7d) x14 0xffffffff
core   0: 0x80006bf2 (0x00001679) c.addi  a2, -2
core   0: 3 0x80006bf2 (0x1679) x12 0x00000001
core   0: 0x80006bf4 (0x00200a93) li      s5, 2
core   0: 3 0x80006bf4 (0x00200a93) x21 0x00000002
core   0: 0x80006bf8 (0x0ff0000f) fence   iorw,iorw
core   0: 3 0x80006bf8 (0x0ff0000f)
core   0: 0x80006bfc (0x0000717d) c.addi16sp sp, -16
core   0: 3 0x80006bfc (0x717d) x 2 0x419530ec
core   0: 0x80006bfe (0x000010fd) c.addi  ra, -1
core   0: 3 0x80006bfe (0x10fd) x 1 0xffffffff
core   0: 0x80006c00 (0x8117b437) lui     s0, 0x8117b
core   0: 3 0x80006c00 (0x8117b437) x 8 0x8117b000
core   0: 0x80006c04 (0x00e00f13) li      t5, 14
core   0: 3 0x80006c04 (0x00e00f13) x30 0x0000000e
core   0: 0x80006c08 (0x02d1ebb3) rem     s7, gp, a3
core   0: 3 0x80006c08 (0x02d1ebb3) x23 0x00000001
core   0: 0x80006c0c (0x000052fd) c.li    t0, -1
core   0: 3 0x80006c0c (0x52fd) x 5 0xffffffff
core   0: 0x80006c0e (0x5613c0b7) lui     ra, 0x5613c
core   0: 3 0x80006c0e (0x5613c0b7) x 1 0x5613c000
core   0: 0x80006c12 (0x00000a8d) c.addi  s5, 3
core   0: 3 0x80006c12 (0x0a8d) x21 0x00000005
core   0: 0x80006c14 (0x40245c13) srai    s8, s0, 2
core   0: 3 0x80006c14 (0x40245c13) x24 0xe045ec00
core   0: 0x80006c18 (0x41d755b3) sra     a1, a4, t4
core   0: 3 0x80006c18 (0x41d755b3) x11 0xffffffff
core   0: 0x80006c1c (0x02f0ad33) mulhsu  s10, ra, a5
core   0: 3 0x80006c1c (0x02f0ad33) x26 0x42d7ac4c
core   0: 0x80006c20 (0xffea86e3) beq     s5, t5, pc - 20
core   0: 3 0x80006c20 (0xffea86e3)
core   0: 0x80006c24 (0x00000001) c.nop
core   0: 3 0x80006c24 (0x0001)
core   0: 0x80006c26 (0x0000577d) c.li    a4, -1
core   0: 3 0x80006c26 (0x577d) x14 0xffffffff
core   0: 0x80006c28 (0x25fe03b7) lui     t2, 0x25fe0
core   0: 3 0x80006c28 (0x25fe03b7) x 7 0x25fe0000
core   0: 0x80006c2c (0x00008af9) c.andi  a3, 30
core   0: 3 0x80006c2c (0x8af9) x13 0x0000001c
core   0: 0x80006c2e (0x0157d3b3) srl     t2, a5, s5
core   0: 3 0x80006c2e (0x0157d3b3) x 7 0x06365b5b
core   0: 0x80006c32 (0xfa4656e3) bge     a2, tp, pc - 84
core   0: 3 0x80006c32 (0xfa4656e3)
core   0: 0x80006bde (0x02433c33) mulhu   s8, t1, tp
core   0: 3 0x80006bde (0x02433c33) x24 0x80022e5c
core   0: 0x80006be2 (0x00bdd093) srli    ra, s11, 11
core   0: 3 0x80006be2 (0x00bdd093) x 1 0x00000000
core   0: 0x80006be6 (0x02c424b3) mulhsu  s1, s0, a2
core   0: 3 0x80006be6 (0x02c424b3) x 9 0xffffffff
core   0: 0x80006bea (0x0273ae33) mulhsu  t3, t2, t2
core   0: 3 0x80006bea (0x0273ae33) x28 0x002697d2
core   0: 0x80006bee (0x0000857e) c.mv    a0, t6
core   0: 3 0x80006bee (0x857e) x10 0xa72ef25e
core   0: 0x80006bf0 (0x00009b7d) c.andi  a4, -1
core   0: 3 0x80006bf0 (0x9b7d) x14 0xffffffff
core   0: 0x80006bf2 (0x00001679) c.addi  a2, -2
core   0: 3 0x80006bf2 (0x1679) x12 0xffffffff
core   0: 0x80006bf4 (0x00200a93) li      s5, 2
core   0: 3 0x80006bf4 (0x00200a93) x21 0x00000002
core   0: 0x80006bf8 (0x0ff0000f) fence   iorw,iorw
core   0: 3 0x80006bf8 (0x0ff0000f)
core   0: 0x80006bfc (0x0000717d) c.addi16sp sp, -16
core   0: 3 0x80006bfc (0x717d) x 2 0x419530dc
core   0: 0x80006bfe (0x000010fd) c.addi  ra, -1
core   0: 3 0x80006bfe (0x10fd) x 1 0xffffffff
core   0: 0x80006c00 (0x8117b437) lui     s0, 0x8117b
core   0: 3 0x80006c00 (0x8117b437) x 8 0x8117b000
core   0: 0x80006c04 (0x00e00f13) li      t5, 14
core   0: 3 0x80006c04 (0x00e00f13) x30 0x0000000e
core   0: 0x80006c08 (0x02d1ebb3) rem     s7, gp, a3
core   0: 3 0x80006c08 (0x02d1ebb3) x23 0x00000001
core   0: 0x80006c0c (0x000052fd) c.li    t0, -1
core   0: 3 0x80006c0c (0x52fd) x 5 0xffffffff
core   0: 0x80006c0e (0x5613c0b7) lui     ra, 0x5613c
core   0: 3 0x80006c0e (0x5613c0b7) x 1 0x5613c000
core   0: 0x80006c12 (0x00000a8d) c.addi  s5, 3
core   0: 3 0x80006c12 (0x0a8d) x21 0x00000005
core   0: 0x80006c14 (0x40245c13) srai    s8, s0, 2
core   0: 3 0x80006c14 (0x40245c13) x24 0xe045ec00
core   0: 0x80006c18 (0x41d755b3) sra     a1, a4, t4
core   0: 3 0x80006c18 (0x41d755b3) x11 0xffffffff
core   0: 0x80006c1c (0x02f0ad33) mulhsu  s10, ra, a5
core   0: 3 0x80006c1c (0x02f0ad33) x26 0x42d7ac4c
core   0: 0x80006c20 (0xffea86e3) beq     s5, t5, pc - 20
core   0: 3 0x80006c20 (0xffea86e3)
core   0: 0x80006c24 (0x00000001) c.nop
core   0: 3 0x80006c24 (0x0001)
core   0: 0x80006c26 (0x0000577d) c.li    a4, -1
core   0: 3 0x80006c26 (0x577d) x14 0xffffffff
core   0: 0x80006c28 (0x25fe03b7) lui     t2, 0x25fe0
core   0: 3 0x80006c28 (0x25fe03b7) x 7 0x25fe0000
core   0: 0x80006c2c (0x00008af9) c.andi  a3, 30
core   0: 3 0x80006c2c (0x8af9) x13 0x0000001c
core   0: 0x80006c2e (0x0157d3b3) srl     t2, a5, s5
core   0: 3 0x80006c2e (0x0157d3b3) x 7 0x06365b5b
core   0: 0x80006c32 (0xfa4656e3) bge     a2, tp, pc - 84
core   0: 3 0x80006c32 (0xfa4656e3)
core   0: 0x80006bde (0x02433c33) mulhu   s8, t1, tp
core   0: 3 0x80006bde (0x02433c33) x24 0x80022e5c
core   0: 0x80006be2 (0x00bdd093) srli    ra, s11, 11
core   0: 3 0x80006be2 (0x00bdd093) x 1 0x00000000
core   0: 0x80006be6 (0x02c424b3) mulhsu  s1, s0, a2
core   0: 3 0x80006be6 (0x02c424b3) x 9 0x8117b000
core   0: 0x80006bea (0x0273ae33) mulhsu  t3, t2, t2
core   0: 3 0x80006bea (0x0273ae33) x28 0x002697d2
core   0: 0x80006bee (0x0000857e) c.mv    a0, t6
core   0: 3 0x80006bee (0x857e) x10 0xa72ef25e
core   0: 0x80006bf0 (0x00009b7d) c.andi  a4, -1
core   0: 3 0x80006bf0 (0x9b7d) x14 0xffffffff
core   0: 0x80006bf2 (0x00001679) c.addi  a2, -2
core   0: 3 0x80006bf2 (0x1679) x12 0xfffffffd
core   0: 0x80006bf4 (0x00200a93) li      s5, 2
core   0: 3 0x80006bf4 (0x00200a93) x21 0x00000002
core   0: 0x80006bf8 (0x0ff0000f) fence   iorw,iorw
core   0: 3 0x80006bf8 (0x0ff0000f)
core   0: 0x80006bfc (0x0000717d) c.addi16sp sp, -16
core   0: 3 0x80006bfc (0x717d) x 2 0x419530cc
core   0: 0x80006bfe (0x000010fd) c.addi  ra, -1
core   0: 3 0x80006bfe (0x10fd) x 1 0xffffffff
core   0: 0x80006c00 (0x8117b437) lui     s0, 0x8117b
core   0: 3 0x80006c00 (0x8117b437) x 8 0x8117b000
core   0: 0x80006c04 (0x00e00f13) li      t5, 14
core   0: 3 0x80006c04 (0x00e00f13) x30 0x0000000e
core   0: 0x80006c08 (0x02d1ebb3) rem     s7, gp, a3
core   0: 3 0x80006c08 (0x02d1ebb3) x23 0x00000001
core   0: 0x80006c0c (0x000052fd) c.li    t0, -1
core   0: 3 0x80006c0c (0x52fd) x 5 0xffffffff
core   0: 0x80006c0e (0x5613c0b7) lui     ra, 0x5613c
core   0: 3 0x80006c0e (0x5613c0b7) x 1 0x5613c000
core   0: 0x80006c12 (0x00000a8d) c.addi  s5, 3
core   0: 3 0x80006c12 (0x0a8d) x21 0x00000005
core   0: 0x80006c14 (0x40245c13) srai    s8, s0, 2
core   0: 3 0x80006c14 (0x40245c13) x24 0xe045ec00
core   0: 0x80006c18 (0x41d755b3) sra     a1, a4, t4
core   0: 3 0x80006c18 (0x41d755b3) x11 0xffffffff
core   0: 0x80006c1c (0x02f0ad33) mulhsu  s10, ra, a5
core   0: 3 0x80006c1c (0x02f0ad33) x26 0x42d7ac4c
core   0: 0x80006c20 (0xffea86e3) beq     s5, t5, pc - 20
core   0: 3 0x80006c20 (0xffea86e3)
core   0: 0x80006c24 (0x00000001) c.nop
core   0: 3 0x80006c24 (0x0001)
core   0: 0x80006c26 (0x0000577d) c.li    a4, -1
core   0: 3 0x80006c26 (0x577d) x14 0xffffffff
core   0: 0x80006c28 (0x25fe03b7) lui     t2, 0x25fe0
core   0: 3 0x80006c28 (0x25fe03b7) x 7 0x25fe0000
core   0: 0x80006c2c (0x00008af9) c.andi  a3, 30
core   0: 3 0x80006c2c (0x8af9) x13 0x0000001c
core   0: 0x80006c2e (0x0157d3b3) srl     t2, a5, s5
core   0: 3 0x80006c2e (0x0157d3b3) x 7 0x06365b5b
core   0: 0x80006c32 (0xfa4656e3) bge     a2, tp, pc - 84
core   0: 3 0x80006c32 (0xfa4656e3)
core   0: 0x80006bde (0x02433c33) mulhu   s8, t1, tp
core   0: 3 0x80006bde (0x02433c33) x24 0x80022e5c
core   0: 0x80006be2 (0x00bdd093) srli    ra, s11, 11
core   0: 3 0x80006be2 (0x00bdd093) x 1 0x00000000
core   0: 0x80006be6 (0x02c424b3) mulhsu  s1, s0, a2
core   0: 3 0x80006be6 (0x02c424b3) x 9 0x8117b001
core   0: 0x80006bea (0x0273ae33) mulhsu  t3, t2, t2
core   0: 3 0x80006bea (0x0273ae33) x28 0x002697d2
core   0: 0x80006bee (0x0000857e) c.mv    a0, t6
core   0: 3 0x80006bee (0x857e) x10 0xa72ef25e
core   0: 0x80006bf0 (0x00009b7d) c.andi  a4, -1
core   0: 3 0x80006bf0 (0x9b7d) x14 0xffffffff
core   0: 0x80006bf2 (0x00001679) c.addi  a2, -2
core   0: 3 0x80006bf2 (0x1679) x12 0xfffffffb
core   0: 0x80006bf4 (0x00200a93) li      s5, 2
core   0: 3 0x80006bf4 (0x00200a93) x21 0x00000002
core   0: 0x80006bf8 (0x0ff0000f) fence   iorw,iorw
core   0: 3 0x80006bf8 (0x0ff0000f)
core   0: 0x80006bfc (0x0000717d) c.addi16sp sp, -16
core   0: 3 0x80006bfc (0x717d) x 2 0x419530bc
core   0: 0x80006bfe (0x000010fd) c.addi  ra, -1
core   0: 3 0x80006bfe (0x10fd) x 1 0xffffffff
core   0: 0x80006c00 (0x8117b437) lui     s0, 0x8117b
core   0: 3 0x80006c00 (0x8117b437) x 8 0x8117b000
core   0: 0x80006c04 (0x00e00f13) li      t5, 14
core   0: 3 0x80006c04 (0x00e00f13) x30 0x0000000e
core   0: 0x80006c08 (0x02d1ebb3) rem     s7, gp, a3
core   0: 3 0x80006c08 (0x02d1ebb3) x23 0x00000001
core   0: 0x80006c0c (0x000052fd) c.li    t0, -1
core   0: 3 0x80006c0c (0x52fd) x 5 0xffffffff
core   0: 0x80006c0e (0x5613c0b7) lui     ra, 0x5613c
core   0: 3 0x80006c0e (0x5613c0b7) x 1 0x5613c000
core   0: 0x80006c12 (0x00000a8d) c.addi  s5, 3
core   0: 3 0x80006c12 (0x0a8d) x21 0x00000005
core   0: 0x80006c14 (0x40245c13) srai    s8, s0, 2
core   0: 3 0x80006c14 (0x40245c13) x24 0xe045ec00
core   0: 0x80006c18 (0x41d755b3) sra     a1, a4, t4
core   0: 3 0x80006c18 (0x41d755b3) x11 0xffffffff
core   0: 0x80006c1c (0x02f0ad33) mulhsu  s10, ra, a5
core   0: 3 0x80006c1c (0x02f0ad33) x26 0x42d7ac4c
core   0: 0x80006c20 (0xffea86e3) beq     s5, t5, pc - 20
core   0: 3 0x80006c20 (0xffea86e3)
core   0: 0x80006c24 (0x00000001) c.nop
core   0: 3 0x80006c24 (0x0001)
core   0: 0x80006c26 (0x0000577d) c.li    a4, -1
core   0: 3 0x80006c26 (0x577d) x14 0xffffffff
core   0: 0x80006c28 (0x25fe03b7) lui     t2, 0x25fe0
core   0: 3 0x80006c28 (0x25fe03b7) x 7 0x25fe0000
core   0: 0x80006c2c (0x00008af9) c.andi  a3, 30
core   0: 3 0x80006c2c (0x8af9) x13 0x0000001c
core   0: 0x80006c2e (0x0157d3b3) srl     t2, a5, s5
core   0: 3 0x80006c2e (0x0157d3b3) x 7 0x06365b5b
core   0: 0x80006c32 (0xfa4656e3) bge     a2, tp, pc - 84
core   0: 3 0x80006c32 (0xfa4656e3)
core   0: 0x80006bde (0x02433c33) mulhu   s8, t1, tp
core   0: 3 0x80006bde (0x02433c33) x24 0x80022e5c
core   0: 0x80006be2 (0x00bdd093) srli    ra, s11, 11
core   0: 3 0x80006be2 (0x00bdd093) x 1 0x00000000
core   0: 0x80006be6 (0x02c424b3) mulhsu  s1, s0, a2
core   0: 3 0x80006be6 (0x02c424b3) x 9 0x8117b002
core   0: 0x80006bea (0x0273ae33) mulhsu  t3, t2, t2
core   0: 3 0x80006bea (0x0273ae33) x28 0x002697d2
core   0: 0x80006bee (0x0000857e) c.mv    a0, t6
core   0: 3 0x80006bee (0x857e) x10 0xa72ef25e
core   0: 0x80006bf0 (0x00009b7d) c.andi  a4, -1
core   0: 3 0x80006bf0 (0x9b7d) x14 0xffffffff
core   0: 0x80006bf2 (0x00001679) c.addi  a2, -2
core   0: 3 0x80006bf2 (0x1679) x12 0xfffffff9
core   0: 0x80006bf4 (0x00200a93) li      s5, 2
core   0: 3 0x80006bf4 (0x00200a93) x21 0x00000002
core   0: 0x80006bf8 (0x0ff0000f) fence   iorw,iorw
core   0: 3 0x80006bf8 (0x0ff0000f)
core   0: 0x80006bfc (0x0000717d) c.addi16sp sp, -16
core   0: 3 0x80006bfc (0x717d) x 2 0x419530ac
core   0: 0x80006bfe (0x000010fd) c.addi  ra, -1
core   0: 3 0x80006bfe (0x10fd) x 1 0xffffffff
core   0: 0x80006c00 (0x8117b437) lui     s0, 0x8117b
core   0: 3 0x80006c00 (0x8117b437) x 8 0x8117b000
core   0: 0x80006c04 (0x00e00f13) li      t5, 14
core   0: 3 0x80006c04 (0x00e00f13) x30 0x0000000e
core   0: 0x80006c08 (0x02d1ebb3) rem     s7, gp, a3
core   0: 3 0x80006c08 (0x02d1ebb3) x23 0x00000001
core   0: 0x80006c0c (0x000052fd) c.li    t0, -1
core   0: 3 0x80006c0c (0x52fd) x 5 0xffffffff
core   0: 0x80006c0e (0x5613c0b7) lui     ra, 0x5613c
core   0: 3 0x80006c0e (0x5613c0b7) x 1 0x5613c000
core   0: 0x80006c12 (0x00000a8d) c.addi  s5, 3
core   0: 3 0x80006c12 (0x0a8d) x21 0x00000005
core   0: 0x80006c14 (0x40245c13) srai    s8, s0, 2
core   0: 3 0x80006c14 (0x40245c13) x24 0xe045ec00
core   0: 0x80006c18 (0x41d755b3) sra     a1, a4, t4
core   0: 3 0x80006c18 (0x41d755b3) x11 0xffffffff
core   0: 0x80006c1c (0x02f0ad33) mulhsu  s10, ra, a5
core   0: 3 0x80006c1c (0x02f0ad33) x26 0x42d7ac4c
core   0: 0x80006c20 (0xffea86e3) beq     s5, t5, pc - 20
core   0: 3 0x80006c20 (0xffea86e3)
core   0: 0x80006c24 (0x00000001) c.nop
core   0: 3 0x80006c24 (0x0001)
core   0: 0x80006c26 (0x0000577d) c.li    a4, -1
core   0: 3 0x80006c26 (0x577d) x14 0xffffffff
core   0: 0x80006c28 (0x25fe03b7) lui     t2, 0x25fe0
core   0: 3 0x80006c28 (0x25fe03b7) x 7 0x25fe0000
core   0: 0x80006c2c (0x00008af9) c.andi  a3, 30
core   0: 3 0x80006c2c (0x8af9) x13 0x0000001c
core   0: 0x80006c2e (0x0157d3b3) srl     t2, a5, s5
core   0: 3 0x80006c2e (0x0157d3b3) x 7 0x06365b5b
core   0: 0x80006c32 (0xfa4656e3) bge     a2, tp, pc - 84
core   0: 3 0x80006c32 (0xfa4656e3)
core   0: 0x80006bde (0x02433c33) mulhu   s8, t1, tp
core   0: 3 0x80006bde (0x02433c33) x24 0x80022e5c
core   0: 0x80006be2 (0x00bdd093) srli    ra, s11, 11
core   0: 3 0x80006be2 (0x00bdd093) x 1 0x00000000
core   0: 0x80006be6 (0x02c424b3) mulhsu  s1, s0, a2
core   0: 3 0x80006be6 (0x02c424b3) x 9 0x8117b003
core   0: 0x80006bea (0x0273ae33) mulhsu  t3, t2, t2
core   0: 3 0x80006bea (0x0273ae33) x28 0x002697d2
core   0: 0x80006bee (0x0000857e) c.mv    a0, t6
core   0: 3 0x80006bee (0x857e) x10 0xa72ef25e
core   0: 0x80006bf0 (0x00009b7d) c.andi  a4, -1
core   0: 3 0x80006bf0 (0x9b7d) x14 0xffffffff
core   0: 0x80006bf2 (0x00001679) c.addi  a2, -2
core   0: 3 0x80006bf2 (0x1679) x12 0xfffffff7
core   0: 0x80006bf4 (0x00200a93) li      s5, 2
core   0: 3 0x80006bf4 (0x00200a93) x21 0x00000002
core   0: 0x80006bf8 (0x0ff0000f) fence   iorw,iorw
core   0: 3 0x80006bf8 (0x0ff0000f)
core   0: 0x80006bfc (0x0000717d) c.addi16sp sp, -16
core   0: 3 0x80006bfc (0x717d) x 2 0x4195309c
core   0: 0x80006bfe (0x000010fd) c.addi  ra, -1
core   0: 3 0x80006bfe (0x10fd) x 1 0xffffffff
core   0: 0x80006c00 (0x8117b437) lui     s0, 0x8117b
core   0: 3 0x80006c00 (0x8117b437) x 8 0x8117b000
core   0: 0x80006c04 (0x00e00f13) li      t5, 14
core   0: 3 0x80006c04 (0x00e00f13) x30 0x0000000e
core   0: 0x80006c08 (0x02d1ebb3) rem     s7, gp, a3
core   0: 3 0x80006c08 (0x02d1ebb3) x23 0x00000001
core   0: 0x80006c0c (0x000052fd) c.li    t0, -1
core   0: 3 0x80006c0c (0x52fd) x 5 0xffffffff
core   0: 0x80006c0e (0x5613c0b7) lui     ra, 0x5613c
core   0: 3 0x80006c0e (0x5613c0b7) x 1 0x5613c000
core   0: 0x80006c12 (0x00000a8d) c.addi  s5, 3
core   0: 3 0x80006c12 (0x0a8d) x21 0x00000005
core   0: 0x80006c14 (0x40245c13) srai    s8, s0, 2
core   0: 3 0x80006c14 (0x40245c13) x24 0xe045ec00
core   0: 0x80006c18 (0x41d755b3) sra     a1, a4, t4
core   0: 3 0x80006c18 (0x41d755b3) x11 0xffffffff
core   0: 0x80006c1c (0x02f0ad33) mulhsu  s10, ra, a5
core   0: 3 0x80006c1c (0x02f0ad33) x26 0x42d7ac4c
core   0: 0x80006c20 (0xffea86e3) beq     s5, t5, pc - 20
core   0: 3 0x80006c20 (0xffea86e3)
core   0: 0x80006c24 (0x00000001) c.nop
core   0: 3 0x80006c24 (0x0001)
core   0: 0x80006c26 (0x0000577d) c.li    a4, -1
core   0: 3 0x80006c26 (0x577d) x14 0xffffffff
core   0: 0x80006c28 (0x25fe03b7) lui     t2, 0x25fe0
core   0: 3 0x80006c28 (0x25fe03b7) x 7 0x25fe0000
core   0: 0x80006c2c (0x00008af9) c.andi  a3, 30
core   0: 3 0x80006c2c (0x8af9) x13 0x0000001c
core   0: 0x80006c2e (0x0157d3b3) srl     t2, a5, s5
core   0: 3 0x80006c2e (0x0157d3b3) x 7 0x06365b5b
core   0: 0x80006c32 (0xfa4656e3) bge     a2, tp, pc - 84
core   0: 3 0x80006c32 (0xfa4656e3)
core   0: 0x80006bde (0x02433c33) mulhu   s8, t1, tp
core   0: 3 0x80006bde (0x02433c33) x24 0x80022e5c
core   0: 0x80006be2 (0x00bdd093) srli    ra, s11, 11
core   0: 3 0x80006be2 (0x00bdd093) x 1 0x00000000
core   0: 0x80006be6 (0x02c424b3) mulhsu  s1, s0, a2
core   0: 3 0x80006be6 (0x02c424b3) x 9 0x8117b004
core   0: 0x80006bea (0x0273ae33) mulhsu  t3, t2, t2
core   0: 3 0x80006bea (0x0273ae33) x28 0x002697d2
core   0: 0x80006bee (0x0000857e) c.mv    a0, t6
core   0: 3 0x80006bee (0x857e) x10 0xa72ef25e
core   0: 0x80006bf0 (0x00009b7d) c.andi  a4, -1
core   0: 3 0x80006bf0 (0x9b7d) x14 0xffffffff
core   0: 0x80006bf2 (0x00001679) c.addi  a2, -2
core   0: 3 0x80006bf2 (0x1679) x12 0xfffffff5
core   0: 0x80006bf4 (0x00200a93) li      s5, 2
core   0: 3 0x80006bf4 (0x00200a93) x21 0x00000002
core   0: 0x80006bf8 (0x0ff0000f) fence   iorw,iorw
core   0: 3 0x80006bf8 (0x0ff0000f)
core   0: 0x80006bfc (0x0000717d) c.addi16sp sp, -16
core   0: 3 0x80006bfc (0x717d) x 2 0x4195308c
core   0: 0x80006bfe (0x000010fd) c.addi  ra, -1
core   0: 3 0x80006bfe (0x10fd) x 1 0xffffffff
core   0: 0x80006c00 (0x8117b437) lui     s0, 0x8117b
core   0: 3 0x80006c00 (0x8117b437) x 8 0x8117b000
core   0: 0x80006c04 (0x00e00f13) li      t5, 14
core   0: 3 0x80006c04 (0x00e00f13) x30 0x0000000e
core   0: 0x80006c08 (0x02d1ebb3) rem     s7, gp, a3
core   0: 3 0x80006c08 (0x02d1ebb3) x23 0x00000001
core   0: 0x80006c0c (0x000052fd) c.li    t0, -1
core   0: 3 0x80006c0c (0x52fd) x 5 0xffffffff
core   0: 0x80006c0e (0x5613c0b7) lui     ra, 0x5613c
core   0: 3 0x80006c0e (0x5613c0b7) x 1 0x5613c000
core   0: 0x80006c12 (0x00000a8d) c.addi  s5, 3
core   0: 3 0x80006c12 (0x0a8d) x21 0x00000005
core   0: 0x80006c14 (0x40245c13) srai    s8, s0, 2
core   0: 3 0x80006c14 (0x40245c13) x24 0xe045ec00
core   0: 0x80006c18 (0x41d755b3) sra     a1, a4, t4
core   0: 3 0x80006c18 (0x41d755b3) x11 0xffffffff
core   0: 0x80006c1c (0x02f0ad33) mulhsu  s10, ra, a5
core   0: 3 0x80006c1c (0x02f0ad33) x26 0x42d7ac4c
core   0: 0x80006c20 (0xffea86e3) beq     s5, t5, pc - 20
core   0: 3 0x80006c20 (0xffea86e3)
core   0: 0x80006c24 (0x00000001) c.nop
core   0: 3 0x80006c24 (0x0001)
core   0: 0x80006c26 (0x0000577d) c.li    a4, -1
core   0: 3 0x80006c26 (0x577d) x14 0xffffffff
core   0: 0x80006c28 (0x25fe03b7) lui     t2, 0x25fe0
core   0: 3 0x80006c28 (0x25fe03b7) x 7 0x25fe0000
core   0: 0x80006c2c (0x00008af9) c.andi  a3, 30
core   0: 3 0x80006c2c (0x8af9) x13 0x0000001c
core   0: 0x80006c2e (0x0157d3b3) srl     t2, a5, s5
core   0: 3 0x80006c2e (0x0157d3b3) x 7 0x06365b5b
core   0: 0x80006c32 (0xfa4656e3) bge     a2, tp, pc - 84
core   0: 3 0x80006c32 (0xfa4656e3)
core   0: 0x80006bde (0x02433c33) mulhu   s8, t1, tp
core   0: 3 0x80006bde (0x02433c33) x24 0x80022e5c
core   0: 0x80006be2 (0x00bdd093) srli    ra, s11, 11
core   0: 3 0x80006be2 (0x00bdd093) x 1 0x00000000
core   0: 0x80006be6 (0x02c424b3) mulhsu  s1, s0, a2
core   0: 3 0x80006be6 (0x02c424b3) x 9 0x8117b005
core   0: 0x80006bea (0x0273ae33) mulhsu  t3, t2, t2
core   0: 3 0x80006bea (0x0273ae33) x28 0x002697d2
core   0: 0x80006bee (0x0000857e) c.mv    a0, t6
core   0: 3 0x80006bee (0x857e) x10 0xa72ef25e
core   0: 0x80006bf0 (0x00009b7d) c.andi  a4, -1
core   0: 3 0x80006bf0 (0x9b7d) x14 0xffffffff
core   0: 0x80006bf2 (0x00001679) c.addi  a2, -2
core   0: 3 0x80006bf2 (0x1679) x12 0xfffffff3
core   0: 0x80006bf4 (0x00200a93) li      s5, 2
core   0: 3 0x80006bf4 (0x00200a93) x21 0x00000002
core   0: 0x80006bf8 (0x0ff0000f) fence   iorw,iorw
core   0: 3 0x80006bf8 (0x0ff0000f)
core   0: 0x80006bfc (0x0000717d) c.addi16sp sp, -16
core   0: 3 0x80006bfc (0x717d) x 2 0x4195307c
core   0: 0x80006bfe (0x000010fd) c.addi  ra, -1
core   0: 3 0x80006bfe (0x10fd) x 1 0xffffffff
core   0: 0x80006c00 (0x8117b437) lui     s0, 0x8117b
core   0: 3 0x80006c00 (0x8117b437) x 8 0x8117b000
core   0: 0x80006c04 (0x00e00f13) li      t5, 14
core   0: 3 0x80006c04 (0x00e00f13) x30 0x0000000e
core   0: 0x80006c08 (0x02d1ebb3) rem     s7, gp, a3
core   0: 3 0x80006c08 (0x02d1ebb3) x23 0x00000001
core   0: 0x80006c0c (0x000052fd) c.li    t0, -1
core   0: 3 0x80006c0c (0x52fd) x 5 0xffffffff
core   0: 0x80006c0e (0x5613c0b7) lui     ra, 0x5613c
core   0: 3 0x80006c0e (0x5613c0b7) x 1 0x5613c000
core   0: 0x80006c12 (0x00000a8d) c.addi  s5, 3
core   0: 3 0x80006c12 (0x0a8d) x21 0x00000005
core   0: 0x80006c14 (0x40245c13) srai    s8, s0, 2
core   0: 3 0x80006c14 (0x40245c13) x24 0xe045ec00
core   0: 0x80006c18 (0x41d755b3) sra     a1, a4, t4
core   0: 3 0x80006c18 (0x41d755b3) x11 0xffffffff
core   0: 0x80006c1c (0x02f0ad33) mulhsu  s10, ra, a5
core   0: 3 0x80006c1c (0x02f0ad33) x26 0x42d7ac4c
core   0: 0x80006c20 (0xffea86e3) beq     s5, t5, pc - 20
core   0: 3 0x80006c20 (0xffea86e3)
core   0: 0x80006c24 (0x00000001) c.nop
core   0: 3 0x80006c24 (0x0001)
core   0: 0x80006c26 (0x0000577d) c.li    a4, -1
core   0: 3 0x80006c26 (0x577d) x14 0xffffffff
core   0: 0x80006c28 (0x25fe03b7) lui     t2, 0x25fe0
core   0: 3 0x80006c28 (0x25fe03b7) x 7 0x25fe0000
core   0: 0x80006c2c (0x00008af9) c.andi  a3, 30
core   0: 3 0x80006c2c (0x8af9) x13 0x0000001c
core   0: 0x80006c2e (0x0157d3b3) srl     t2, a5, s5
core   0: 3 0x80006c2e (0x0157d3b3) x 7 0x06365b5b
core   0: 0x80006c32 (0xfa4656e3) bge     a2, tp, pc - 84
core   0: 3 0x80006c32 (0xfa4656e3)
core   0: 0x80006bde (0x02433c33) mulhu   s8, t1, tp
core   0: 3 0x80006bde (0x02433c33) x24 0x80022e5c
core   0: 0x80006be2 (0x00bdd093) srli    ra, s11, 11
core   0: 3 0x80006be2 (0x00bdd093) x 1 0x00000000
core   0: 0x80006be6 (0x02c424b3) mulhsu  s1, s0, a2
core   0: 3 0x80006be6 (0x02c424b3) x 9 0x8117b006
core   0: 0x80006bea (0x0273ae33) mulhsu  t3, t2, t2
core   0: 3 0x80006bea (0x0273ae33) x28 0x002697d2
core   0: 0x80006bee (0x0000857e) c.mv    a0, t6
core   0: 3 0x80006bee (0x857e) x10 0xa72ef25e
core   0: 0x80006bf0 (0x00009b7d) c.andi  a4, -1
core   0: 3 0x80006bf0 (0x9b7d) x14 0xffffffff
core   0: 0x80006bf2 (0x00001679) c.addi  a2, -2
core   0: 3 0x80006bf2 (0x1679) x12 0xfffffff1
core   0: 0x80006bf4 (0x00200a93) li      s5, 2
core   0: 3 0x80006bf4 (0x00200a93) x21 0x00000002
core   0: 0x80006bf8 (0x0ff0000f) fence   iorw,iorw
core   0: 3 0x80006bf8 (0x0ff0000f)
core   0: 0x80006bfc (0x0000717d) c.addi16sp sp, -16
core   0: 3 0x80006bfc (0x717d) x 2 0x4195306c
core   0: 0x80006bfe (0x000010fd) c.addi  ra, -1
core   0: 3 0x80006bfe (0x10fd) x 1 0xffffffff
core   0: 0x80006c00 (0x8117b437) lui     s0, 0x8117b
core   0: 3 0x80006c00 (0x8117b437) x 8 0x8117b000
core   0: 0x80006c04 (0x00e00f13) li      t5, 14
core   0: 3 0x80006c04 (0x00e00f13) x30 0x0000000e
core   0: 0x80006c08 (0x02d1ebb3) rem     s7, gp, a3
core   0: 3 0x80006c08 (0x02d1ebb3) x23 0x00000001
core   0: 0x80006c0c (0x000052fd) c.li    t0, -1
core   0: 3 0x80006c0c (0x52fd) x 5 0xffffffff
core   0: 0x80006c0e (0x5613c0b7) lui     ra, 0x5613c
core   0: 3 0x80006c0e (0x5613c0b7) x 1 0x5613c000
core   0: 0x80006c12 (0x00000a8d) c.addi  s5, 3
core   0: 3 0x80006c12 (0x0a8d) x21 0x00000005
core   0: 0x80006c14 (0x40245c13) srai    s8, s0, 2
core   0: 3 0x80006c14 (0x40245c13) x24 0xe045ec00
core   0: 0x80006c18 (0x41d755b3) sra     a1, a4, t4
core   0: 3 0x80006c18 (0x41d755b3) x11 0xffffffff
core   0: 0x80006c1c (0x02f0ad33) mulhsu  s10, ra, a5
core   0: 3 0x80006c1c (0x02f0ad33) x26 0x42d7ac4c
core   0: 0x80006c20 (0xffea86e3) beq     s5, t5, pc - 20
core   0: 3 0x80006c20 (0xffea86e3)
core   0: 0x80006c24 (0x00000001) c.nop
core   0: 3 0x80006c24 (0x0001)
core   0: 0x80006c26 (0x0000577d) c.li    a4, -1
core   0: 3 0x80006c26 (0x577d) x14 0xffffffff
core   0: 0x80006c28 (0x25fe03b7) lui     t2, 0x25fe0
core   0: 3 0x80006c28 (0x25fe03b7) x 7 0x25fe0000
core   0: 0x80006c2c (0x00008af9) c.andi  a3, 30
core   0: 3 0x80006c2c (0x8af9) x13 0x0000001c
core   0: 0x80006c2e (0x0157d3b3) srl     t2, a5, s5
core   0: 3 0x80006c2e (0x0157d3b3) x 7 0x06365b5b
core   0: 0x80006c32 (0xfa4656e3) bge     a2, tp, pc - 84
core   0: 3 0x80006c32 (0xfa4656e3)
core   0: 0x80006bde (0x02433c33) mulhu   s8, t1, tp
core   0: 3 0x80006bde (0x02433c33) x24 0x80022e5c
core   0: 0x80006be2 (0x00bdd093) srli    ra, s11, 11
core   0: 3 0x80006be2 (0x00bdd093) x 1 0x00000000
core   0: 0x80006be6 (0x02c424b3) mulhsu  s1, s0, a2
core   0: 3 0x80006be6 (0x02c424b3) x 9 0x8117b007
core   0: 0x80006bea (0x0273ae33) mulhsu  t3, t2, t2
core   0: 3 0x80006bea (0x0273ae33) x28 0x002697d2
core   0: 0x80006bee (0x0000857e) c.mv    a0, t6
core   0: 3 0x80006bee (0x857e) x10 0xa72ef25e
core   0: 0x80006bf0 (0x00009b7d) c.andi  a4, -1
core   0: 3 0x80006bf0 (0x9b7d) x14 0xffffffff
core   0: 0x80006bf2 (0x00001679) c.addi  a2, -2
core   0: 3 0x80006bf2 (0x1679) x12 0xffffffef
core   0: 0x80006bf4 (0x00200a93) li      s5, 2
core   0: 3 0x80006bf4 (0x00200a93) x21 0x00000002
core   0: 0x80006bf8 (0x0ff0000f) fence   iorw,iorw
core   0: 3 0x80006bf8 (0x0ff0000f)
core   0: 0x80006bfc (0x0000717d) c.addi16sp sp, -16
core   0: 3 0x80006bfc (0x717d) x 2 0x4195305c
core   0: 0x80006bfe (0x000010fd) c.addi  ra, -1
core   0: 3 0x80006bfe (0x10fd) x 1 0xffffffff
core   0: 0x80006c00 (0x8117b437) lui     s0, 0x8117b
core   0: 3 0x80006c00 (0x8117b437) x 8 0x8117b000
core   0: 0x80006c04 (0x00e00f13) li      t5, 14
core   0: 3 0x80006c04 (0x00e00f13) x30 0x0000000e
core   0: 0x80006c08 (0x02d1ebb3) rem     s7, gp, a3
core   0: 3 0x80006c08 (0x02d1ebb3) x23 0x00000001
core   0: 0x80006c0c (0x000052fd) c.li    t0, -1
core   0: 3 0x80006c0c (0x52fd) x 5 0xffffffff
core   0: 0x80006c0e (0x5613c0b7) lui     ra, 0x5613c
core   0: 3 0x80006c0e (0x5613c0b7) x 1 0x5613c000
core   0: 0x80006c12 (0x00000a8d) c.addi  s5, 3
core   0: 3 0x80006c12 (0x0a8d) x21 0x00000005
core   0: 0x80006c14 (0x40245c13) srai    s8, s0, 2
core   0: 3 0x80006c14 (0x40245c13) x24 0xe045ec00
core   0: 0x80006c18 (0x41d755b3) sra     a1, a4, t4
core   0: 3 0x80006c18 (0x41d755b3) x11 0xffffffff
core   0: 0x80006c1c (0x02f0ad33) mulhsu  s10, ra, a5
core   0: 3 0x80006c1c (0x02f0ad33) x26 0x42d7ac4c
core   0: 0x80006c20 (0xffea86e3) beq     s5, t5, pc - 20
core   0: 3 0x80006c20 (0xffea86e3)
core   0: 0x80006c24 (0x00000001) c.nop
core   0: 3 0x80006c24 (0x0001)
core   0: 0x80006c26 (0x0000577d) c.li    a4, -1
core   0: 3 0x80006c26 (0x577d) x14 0xffffffff
core   0: 0x80006c28 (0x25fe03b7) lui     t2, 0x25fe0
core   0: 3 0x80006c28 (0x25fe03b7) x 7 0x25fe0000
core   0: 0x80006c2c (0x00008af9) c.andi  a3, 30
core   0: 3 0x80006c2c (0x8af9) x13 0x0000001c
core   0: 0x80006c2e (0x0157d3b3) srl     t2, a5, s5
core   0: 3 0x80006c2e (0x0157d3b3) x 7 0x06365b5b
core   0: 0x80006c32 (0xfa4656e3) bge     a2, tp, pc - 84
core   0: 3 0x80006c32 (0xfa4656e3)
core   0: 0x80006c36 (0x00008dae) c.mv    s11, a1
core   0: 3 0x80006c36 (0x8dae) x27 0xffffffff
core   0: 0x80006c38 (0x00000001) c.nop
core   0: 3 0x80006c38 (0x0001)
core   0: 0x80006c3a (0x00000001) c.nop
core   0: 3 0x80006c3a (0x0001)
core   0: 0x80006c3c (0x007198b3) sll     a7, gp, t2
core   0: 3 0x80006c3c (0x007198b3) x17 0x68000000
core   0: 0x80006c40 (0x86472197) auipc   gp, 0x86472
core   0: 3 0x80006c40 (0x86472197) x 3 0x06478c40
core   0: 0x80006c44 (0x037061b3) rem     gp, zero, s7
core   0: 3 0x80006c44 (0x037061b3) x 3 0x00000000
core   0: 0x80006c48 (0x006870b3) and     ra, a6, t1
core   0: 3 0x80006c48 (0x006870b3) x 1 0x80022c64
core   0: 0x80006c4c (0x01661213) slli    tp, a2, 22
core   0: 3 0x80006c4c (0x01661213) x 4 0xfbc00000
core   0: 0x80006c50 (0x006978b3) and     a7, s2, t1
core   0: 3 0x80006c50 (0x006978b3) x17 0x80022000
core   0: 0x80006c54 (0x00008989) c.andi  a1, 2
core   0: 3 0x80006c54 (0x8989) x11 0x00000002
core   0: 0x80006c56 (0x00004b0d) c.li    s6, 3
core   0: 3 0x80006c56 (0x4b0d) x22 0x00000003
core   0: 0x80006c58 (0x1895c613) xori    a2, a1, 393
core   0: 3 0x80006c58 (0x1895c613) x12 0x0000018b
core   0: 0x80006c5c (0x00006119) c.addi16sp sp, 384
core   0: 3 0x80006c5c (0x6119) x 2 0x419531dc
core   0: 0x80006c5e (0x03faf763) bgeu    s5, t6, pc + 46
core   0: 3 0x80006c5e (0x03faf763)
core   0: 0x80006c62 (0x00008ef1) c.and   a3, a2
core   0: 3 0x80006c62 (0x8ef1) x13 0x00000008
core   0: 0x80006c64 (0x028407b3) mul     a5, s0, s0
core   0: 3 0x80006c64 (0x028407b3) x15 0x19000000
core   0: 0x80006c68 (0x0000100f) fence.i
core   0: 3 0x80006c68 (0x0000100f)
core   0: 0x80006c6c (0x239c3c13) sltiu   s8, s8, 569
core   0: 3 0x80006c6c (0x239c3c13) x24 0x00000000
core   0: 0x80006c70 (0x02c20533) mul     a0, tp, a2
core   0: 3 0x80006c70 (0x02c20533) x10 0x71400000
core   0: 0x80006c74 (0x0000e51d) c.bnez  a0, pc + 46
core   0: 3 0x80006c74 (0xe51d)
core   0: 0x80006ca2 (0x03e42733) mulhsu  a4, s0, t5
core   0: 3 0x80006ca2 (0x03e42733) x14 0xfffffff9
core   0: 0x80006ca6 (0x0000090a) c.slli  s2, 2
core   0: 3 0x80006ca6 (0x090a) x18 0x065d8000
core   0: 0x80006ca8 (0x00006ac1) c.lui   s5, 0x10
core   0: 3 0x80006ca8 (0x6ac1) x21 0x00010000
core   0: 0x80006caa (0x4059d113) srai    sp, s3, 5
core   0: 3 0x80006caa (0x4059d113) x 2 0x00000d80
core   0: 0x80006cae (0x0000177d) c.addi  a4, -1
core   0: 3 0x80006cae (0x177d) x14 0xfffffff8
core   0: 0x80006cb0 (0x0000cf81) c.beqz  a5, pc + 24
core   0: 3 0x80006cb0 (0xcf81)
core   0: 0x80006cb2 (0x00008e89) c.sub   a3, a0
core   0: 3 0x80006cb2 (0x8e89) x13 0x8ec00008
core   0: 0x80006cb4 (0x02ff4463) blt     t5, a5, pc + 40
core   0: 3 0x80006cb4 (0x02ff4463)
core   0: 0x80006cdc (0x00008f65) c.and   a4, s1
core   0: 3 0x80006cdc (0x8f65) x14 0x8117b000
core   0: 0x80006cde (0x403c5433) sra     s0, s8, gp
core   0: 3 0x80006cde (0x403c5433) x 8 0x00000000
core   0: 0x80006ce2 (0x03676463) bltu    a4, s6, pc + 40
core   0: 3 0x80006ce2 (0x03676463)
core   0: 0x80006ce6 (0x01f45913) srli    s2, s0, 31
core   0: 3 0x80006ce6 (0x01f45913) x18 0x00000000
core   0: 0x80006cea (0x00fc9463) bne     s9, a5, pc + 8
core   0: 3 0x80006cea (0x00fc9463)
core   0: 0x80006cf2 (0x00f7fcb3) and     s9, a5, a5
core   0: 3 0x80006cf2 (0x00f7fcb3) x25 0x19000000
core   0: 0x80006cf6 (0x40f50c33) sub     s8, a0, a5
core   0: 3 0x80006cf6 (0x40f50c33) x24 0x58400000
core   0: 0x80006cfa (0x0000100f) fence.i
core   0: 3 0x80006cfa (0x0000100f)
core   0: 0x80006cfe (0x406f5a93) srai    s5, t5, 6
core   0: 3 0x80006cfe (0x406f5a93) x21 0x00000000
core   0: 0x80006d02 (0x0000e801) c.bnez  s0, pc + 16
core   0: 3 0x80006d02 (0xe801)
core   0: 0x80006d04 (0x00000412) c.slli  s0, 4
core   0: 3 0x80006d04 (0x0412) x 8 0x00000000
core   0: 0x80006d06 (0x024cad33) mulhsu  s10, s9, tp
core   0: 3 0x80006d06 (0x024cad33) x26 0x1895c000
core   0: 0x80006d0a (0x02f95633) divu    a2, s2, a5
core   0: 3 0x80006d0a (0x02f95633) x12 0x00000000
core   0: 0x80006d0e (0xd5934793) xori    a5, t1, -679
core   0: 3 0x80006d0e (0xd5934793) x15 0x7ffdd33d
core   0: 0x80006d12 (0x4122d733) sra     a4, t0, s2
core   0: 3 0x80006d12 (0x4122d733) x14 0xffffffff
core   0: 0x80006d16 (0x40245f33) sra     t5, s0, sp
core   0: 3 0x80006d16 (0x40245f33) x30 0x00000000
core   0: 0x80006d1a (0x01484633) xor     a2, a6, s4
core   0: 3 0x80006d1a (0x01484633) x12 0x272c9eba
core   0: 0x80006d1e (0x008d03b3) add     t2, s10, s0
core   0: 3 0x80006d1e (0x008d03b3) x 7 0x1895c000
core   0: 0x80006d22 (0x02be05b3) mul     a1, t3, a1
core   0: 3 0x80006d22 (0x02be05b3) x11 0x004d2fa4
core   0: 0x80006d26 (0x00008e4d) c.or    a2, a1
core   0: 3 0x80006d26 (0x8e4d) x12 0x276dbfbe
core   0: 0x80006d28 (0x02aee663) bltu    t4, a0, pc + 44
core   0: 3 0x80006d28 (0x02aee663)
core   0: 0x80006d54 (0x01a28933) add     s2, t0, s10
core   0: 3 0x80006d54 (0x01a28933) x18 0x1895bfff
core   0: 0x80006d58 (0x0326ec63) bltu    a3, s2, pc + 56
core   0: 3 0x80006d58 (0x0326ec63)
core   0: 0x80006d5c (0x029c6c33) rem     s8, s8, s1
core   0: 3 0x80006d5c (0x029c6c33) x24 0x58400000
core   0: 0x80006d60 (0xaa89f993) andi    s3, s3, -1368
core   0: 3 0x80006d60 (0xaa89f993) x19 0x0001b000
core   0: 0x80006d64 (0x0000c901) c.beqz  a0, pc + 16
core   0: 3 0x80006d64 (0xc901)
core   0: 0x80006d66 (0x0000100f) fence.i
core   0: 3 0x80006d66 (0x0000100f)
core   0: 0x80006d6a (0x00009fb6) c.add   t6, a3
core   0: 3 0x80006d6a (0x9fb6) x31 0x35eef266
core   0: 0x80006d6c (0x024dd763) bge     s11, tp, pc + 46
core   0: 3 0x80006d6c (0x024dd763)
core   0: 0x80006d9a (0x02883933) mulhu   s2, a6, s0
core   0: 3 0x80006d9a (0x02883933) x18 0x00000000
core   0: 0x80006d9e (0x00000001) c.nop
core   0: 3 0x80006d9e (0x0001)
core   0: 0x80006da0 (0x00c9f363) bgeu    s3, a2, pc + 6
core   0: 3 0x80006da0 (0x00c9f363)
core   0: 0x80006da4 (0x00000bda) c.slli  s7, 22
core   0: 3 0x80006da4 (0x0bda) x23 0x00400000
core   0: 0x80006da6 (0x0abc9b17) auipc   s6, 0xabc9
core   0: 3 0x80006da6 (0x0abc9b17) x22 0x8abcfda6
core   0: 0x80006daa (0x00006135) c.addi16sp sp, 352
core   0: 3 0x80006daa (0x6135) x 2 0x00000ee0
core   0: 0x80006dac (0x00008c4d) c.or    s0, a1
core   0: 3 0x80006dac (0x8c4d) x 8 0x004d2fa4
core   0: 0x80006dae (0x0273f363) bgeu    t2, t2, pc + 38
core   0: 3 0x80006dae (0x0273f363)
core   0: 0x80006dd4 (0x00008da5) c.xor   a1, s1
core   0: 3 0x80006dd4 (0x8da5) x11 0x815a9fa3
core   0: 0x80006dd6 (0x7f804c13) xori    s8, zero, 2040
core   0: 3 0x80006dd6 (0x7f804c13) x24 0x000007f8
core   0: 0x80006dda (0x02515563) bge     sp, t0, pc + 42
core   0: 3 0x80006dda (0x02515563)
core   0: 0x80006e04 (0x03561633) mulh    a2, a2, s5
core   0: 3 0x80006e04 (0x03561633) x12 0x00000000
core   0: 0x80006e08 (0x000080b1) c.srli  s1, 12
core   0: 3 0x80006e08 (0x80b1) x 9 0x0008117b
core   0: 0x80006e0a (0x00c8c0b3) xor     ra, a7, a2
core   0: 3 0x80006e0a (0x00c8c0b3) x 1 0x80022000
core   0: 0x80006e0e (0x00000001) c.nop
core   0: 3 0x80006e0e (0x0001)
core   0: 0x80006e10 (0x0000e795) c.bnez  a5, pc + 44
core   0: 3 0x80006e10 (0xe795)
core   0: 0x80006e3c (0x035ee633) rem     a2, t4, s5
core   0: 3 0x80006e3c (0x035ee633) x12 0x008b9900
core   0: 0x80006e40 (0x000084aa) c.mv    s1, a0
core   0: 3 0x80006e40 (0x84aa) x 9 0x71400000
core   0: 0x80006e42 (0x00008dcd) c.or    a1, a1
core   0: 3 0x80006e42 (0x8dcd) x11 0x815a9fa3
core   0: 0x80006e44 (0x02b63e33) mulhu   t3, a2, a1
core   0: 3 0x80006e44 (0x02b63e33) x28 0x00468983
core   0: 0x80006e48 (0x00000001) c.nop
core   0: 3 0x80006e48 (0x0001)
core   0: 0x80006e4a (0x00009ffa) c.add   t6, t5
core   0: 3 0x80006e4a (0x9ffa) x31 0x35eef266
core   0: 0x80006e4c (0x0055aeb3) slt     t4, a1, t0
core   0: 3 0x80006e4c (0x0055aeb3) x29 0x00000001
core   0: 0x80006e50 (0x01a1dab3) srl     s5, gp, s10
core   0: 3 0x80006e50 (0x01a1dab3) x21 0x00000000
core   0: 0x80006e54 (0x01031f13) slli    t5, t1, 16
core   0: 3 0x80006e54 (0x01031f13) x30 0x2e640000
core   0: 0x80006e58 (0x00008a71) c.andi  a2, 28
core   0: 3 0x80006e58 (0x8a71) x12 0x00000000
core   0: 0x80006e5a (0x0389ec33) rem     s8, s3, s8
core   0: 3 0x80006e5a (0x0389ec33) x24 0x000001b0
core   0: 0x80006e5e (0x00008fb9) c.xor   a5, a4
core   0: 3 0x80006e5e (0x8fb9) x15 0x80022cc2
core   0: 0x80006e60 (0x011d6c33) or      s8, s10, a7
core   0: 3 0x80006e60 (0x011d6c33) x24 0x9897e000
core   0: 0x80006e64 (0x00008992) c.mv    s3, tp
core   0: 3 0x80006e64 (0x8992) x19 0xfbc00000
core   0: 0x80006e66 (0x1772c893) xori    a7, t0, 375
core   0: 3 0x80006e66 (0x1772c893) x17 0xfffffe88
core   0: 0x80006e6a (0x00008d6d) c.and   a0, a1
core   0: 3 0x80006e6a (0x8d6d) x10 0x01400000
core   0: 0x80006e6c (0x0011ccb3) xor     s9, gp, ra
core   0: 3 0x80006e6c (0x0011ccb3) x25 0x80022000
core   0: 0x80006e70 (0x0000100f) fence.i
core   0: 3 0x80006e70 (0x0000100f)
core   0: 0x80006e74 (0x016123b3) slt     t2, sp, s6
core   0: 3 0x80006e74 (0x016123b3) x 7 0x00000000
core   0: 0x80006e78 (0x03827563) bgeu    tp, s8, pc + 42
core   0: 3 0x80006e78 (0x03827563)
core   0: 0x80006ea2 (0x03561633) mulh    a2, a2, s5
core   0: 3 0x80006ea2 (0x03561633) x12 0x00000000
core   0: 0x80006ea6 (0x03e0a033) mulhsu  zero, ra, t5
core   0: 3 0x80006ea6 (0x03e0a033)
core   0: 0x80006eaa (0x0ff0000f) fence   iorw,iorw
core   0: 3 0x80006eaa (0x0ff0000f)
core   0: 0x80006eae (0x970ce213) ori     tp, s9, -1680
core   0: 3 0x80006eae (0x970ce213) x 4 0xfffff970
core   0: 0x80006eb2 (0xb90d3c13) sltiu   s8, s10, -1136
core   0: 3 0x80006eb2 (0xb90d3c13) x24 0x00000001
core   0: 0x80006eb6 (0x000098fd) c.andi  s1, -1
core   0: 3 0x80006eb6 (0x98fd) x 9 0x71400000
core   0: 0x80006eb8 (0x00f56a63) bltu    a0, a5, pc + 20
core   0: 3 0x80006eb8 (0x00f56a63)
core   0: 0x80006ecc (0x00001e88) c.addi4spn a0, sp, 880
core   0: 3 0x80006ecc (0x1e88) x10 0x00001250
core   0: 0x80006ece (0x033b4433) div     s0, s6, s3
core   0: 3 0x80006ece (0x033b4433) x 8 0x0000001b
core   0: 0x80006ed2 (0xb7a34393) xori    t2, t1, -1158
core   0: 3 0x80006ed2 (0xb7a34393) x 7 0x7ffdd51e
core   0: 0x80006ed6 (0x00006cd5) c.lui   s9, 0x15
core   0: 3 0x80006ed6 (0x6cd5) x25 0x00015000
core   0: 0x80006ed8 (0x03288633) mul     a2, a7, s2
core   0: 3 0x80006ed8 (0x03288633) x12 0x00000000
core   0: 0x80006edc (0x02b95733) divu    a4, s2, a1
core   0: 3 0x80006edc (0x02b95733) x14 0x00000000
core   0: 0x80006ee0 (0x002f9933) sll     s2, t6, sp
core   0: 3 0x80006ee0 (0x002f9933) x18 0x35eef266
core   0: 0x80006ee4 (0x019029b3) slt     s3, zero, s9
core   0: 3 0x80006ee4 (0x019029b3) x19 0x00000001
core   0: 0x80006ee8 (0x4ca3f393) andi    t2, t2, 1226
core   0: 3 0x80006ee8 (0x4ca3f393) x 7 0x0000040a
core   0: 0x80006eec (0x1191bf13) sltiu   t5, gp, 281
core   0: 3 0x80006eec (0x1191bf13) x30 0x00000001
core   0: 0x80006ef0 (0x000095a6) c.add   a1, s1
core   0: 3 0x80006ef0 (0x95a6) x11 0xf29a9fa3
core   0: 0x80006ef2 (0x03e51033) mulh    zero, a0, t5
core   0: 3 0x80006ef2 (0x03e51033)
core   0: 0x80006ef6 (0x4186db33) sra     s6, a3, s8
core   0: 3 0x80006ef6 (0x4186db33) x22 0xc7600004
core   0: 0x80006efa (0x00356933) or      s2, a0, gp
core   0: 3 0x80006efa (0x00356933) x18 0x00001250
core   0: 0x80006efe (0x00008ca1) c.xor   s1, s0
core   0: 3 0x80006efe (0x8ca1) x 9 0x7140001b
core   0: 0x80006f00 (0x007b1013) slli    zero, s6, 7
core   0: 3 0x80006f00 (0x007b1013)
core   0: 0x80006f04 (0x00008715) c.srai  a4, 5
core   0: 3 0x80006f04 (0x8715) x14 0x00000000
core   0: 0x80006f06 (0x1b37f937) lui     s2, 0x1b37f
core   0: 3 0x80006f06 (0x1b37f937) x18 0x1b37f000
core   0: 0x80006f0a (0x00008e6d) c.and   a2, a1
core   0: 3 0x80006f0a (0x8e6d) x12 0x00000000
core   0: 0x80006f0c (0x0000038a) c.slli  t2, 2
core   0: 3 0x80006f0c (0x038a) x 7 0x00001028
core   0: 0x80006f0e (0x0000915e) c.add   sp, s7
core   0: 3 0x80006f0e (0x915e) x 2 0x00400ee0
core   0: 0x80006f10 (0x01ed4f33) xor     t5, s10, t5
core   0: 3 0x80006f10 (0x01ed4f33) x30 0x1895c001
core   0: 0x80006f14 (0x03c65f33) divu    t5, a2, t3
core   0: 3 0x80006f14 (0x03c65f33) x30 0x00000000
core   0: 0x80006f18 (0x04f86f63) bltu    a6, a5, pc + 94
core   0: 3 0x80006f18 (0x04f86f63)
core   0: 0x80006f1c (0xff900593) li      a1, -7
core   0: 3 0x80006f1c (0xff900593) x11 0xfffffff9
core   0: 0x80006f20 (0x0000044a) c.slli  s0, 18
core   0: 3 0x80006f20 (0x044a) x 8 0x006c0000
core   0: 0x80006f22 (0x00e00193) li      gp, 14
core   0: 3 0x80006f22 (0x00e00193) x 3 0x0000000e
core   0: 0x80006f26 (0x01d1cd33) xor     s10, gp, t4
core   0: 3 0x80006f26 (0x01d1cd33) x26 0x0000000f
core   0: 0x80006f2a (0x021942b3) div     t0, s2, ra
core   0: 3 0x80006f2a (0x021942b3) x 5 0x00000000
core   0: 0x80006f2e (0x000005a5) c.addi  a1, 9
core   0: 3 0x80006f2e (0x05a5) x11 0x00000002
core   0: 0x80006f30 (0xfff00f13) li      t5, -1
core   0: 3 0x80006f30 (0xfff00f13) x30 0xffffffff
core   0: 0x80006f34 (0x00008e1d) c.sub   a2, a5
core   0: 3 0x80006f34 (0x8e1d) x12 0x7ffdd33e
core   0: 0x80006f36 (0xfed00113) li      sp, -19
core   0: 3 0x80006f36 (0xfed00113) x 2 0xffffffed
core   0: 0x80006f3a (0x00000ca6) c.slli  s9, 9
core   0: 3 0x80006f3a (0x0ca6) x25 0x02a00000
core   0: 0x80006f3c (0xea118f93) addi    t6, gp, -351
core   0: 3 0x80006f3c (0xea118f93) x31 0xfffffeaf
core   0: 0x80006f40 (0x00009446) c.add   s0, a7
core   0: 3 0x80006f40 (0x9446) x 8 0x006bfe88
core   0: 0x80006f42 (0x00d4a533) slt     a0, s1, a3
core   0: 3 0x80006f42 (0x00d4a533) x10 0x00000000
core   0: 0x80006f46 (0x00001f5d) c.addi  t5, -9
core   0: 3 0x80006f46 (0x1f5d) x30 0xfffffff6
core   0: 0x80006f48 (0xfe2f0ae3) beq     t5, sp, pc - 12
core   0: 3 0x80006f48 (0xfe2f0ae3)
core   0: 0x80006f4c (0xfc35ede3) bltu    a1, gp, pc - 38
core   0: 3 0x80006f4c (0xfc35ede3)
core   0: 0x80006f26 (0x01d1cd33) xor     s10, gp, t4
core   0: 3 0x80006f26 (0x01d1cd33) x26 0x0000000f
core   0: 0x80006f2a (0x021942b3) div     t0, s2, ra
core   0: 3 0x80006f2a (0x021942b3) x 5 0x00000000
core   0: 0x80006f2e (0x000005a5) c.addi  a1, 9
core   0: 3 0x80006f2e (0x05a5) x11 0x0000000b
core   0: 0x80006f30 (0xfff00f13) li      t5, -1
core   0: 3 0x80006f30 (0xfff00f13) x30 0xffffffff
core   0: 0x80006f34 (0x00008e1d) c.sub   a2, a5
core   0: 3 0x80006f34 (0x8e1d) x12 0xfffba67c
core   0: 0x80006f36 (0xfed00113) li      sp, -19
core   0: 3 0x80006f36 (0xfed00113) x 2 0xffffffed
core   0: 0x80006f3a (0x00000ca6) c.slli  s9, 9
core   0: 3 0x80006f3a (0x0ca6) x25 0x40000000
core   0: 0x80006f3c (0xea118f93) addi    t6, gp, -351
core   0: 3 0x80006f3c (0xea118f93) x31 0xfffffeaf
core   0: 0x80006f40 (0x00009446) c.add   s0, a7
core   0: 3 0x80006f40 (0x9446) x 8 0x006bfd10
core   0: 0x80006f42 (0x00d4a533) slt     a0, s1, a3
core   0: 3 0x80006f42 (0x00d4a533) x10 0x00000000
core   0: 0x80006f46 (0x00001f5d) c.addi  t5, -9
core   0: 3 0x80006f46 (0x1f5d) x30 0xfffffff6
core   0: 0x80006f48 (0xfe2f0ae3) beq     t5, sp, pc - 12
core   0: 3 0x80006f48 (0xfe2f0ae3)
core   0: 0x80006f4c (0xfc35ede3) bltu    a1, gp, pc - 38
core   0: 3 0x80006f4c (0xfc35ede3)
core   0: 0x80006f26 (0x01d1cd33) xor     s10, gp, t4
core   0: 3 0x80006f26 (0x01d1cd33) x26 0x0000000f
core   0: 0x80006f2a (0x021942b3) div     t0, s2, ra
core   0: 3 0x80006f2a (0x021942b3) x 5 0x00000000
core   0: 0x80006f2e (0x000005a5) c.addi  a1, 9
core   0: 3 0x80006f2e (0x05a5) x11 0x00000014
core   0: 0x80006f30 (0xfff00f13) li      t5, -1
core   0: 3 0x80006f30 (0xfff00f13) x30 0xffffffff
core   0: 0x80006f34 (0x00008e1d) c.sub   a2, a5
core   0: 3 0x80006f34 (0x8e1d) x12 0x7ff979ba
core   0: 0x80006f36 (0xfed00113) li      sp, -19
core   0: 3 0x80006f36 (0xfed00113) x 2 0xffffffed
core   0: 0x80006f3a (0x00000ca6) c.slli  s9, 9
core   0: 3 0x80006f3a (0x0ca6) x25 0x00000000
core   0: 0x80006f3c (0xea118f93) addi    t6, gp, -351
core   0: 3 0x80006f3c (0xea118f93) x31 0xfffffeaf
core   0: 0x80006f40 (0x00009446) c.add   s0, a7
core   0: 3 0x80006f40 (0x9446) x 8 0x006bfb98
core   0: 0x80006f42 (0x00d4a533) slt     a0, s1, a3
core   0: 3 0x80006f42 (0x00d4a533) x10 0x00000000
core   0: 0x80006f46 (0x00001f5d) c.addi  t5, -9
core   0: 3 0x80006f46 (0x1f5d) x30 0xfffffff6
core   0: 0x80006f48 (0xfe2f0ae3) beq     t5, sp, pc - 12
core   0: 3 0x80006f48 (0xfe2f0ae3)
core   0: 0x80006f4c (0xfc35ede3) bltu    a1, gp, pc - 38
core   0: 3 0x80006f4c (0xfc35ede3)
core   0: 0x80006f50 (0x01ef9c33) sll     s8, t6, t5
core   0: 3 0x80006f50 (0x01ef9c33) x24 0xabc00000
core   0: 0x80006f54 (0x0000e205) c.bnez  a2, pc + 32
core   0: 3 0x80006f54 (0xe205)
core   0: 0x80006f74 (0x00009bfd) c.andi  a5, -1
core   0: 3 0x80006f74 (0x9bfd) x15 0x80022cc2
core   0: 0x80006f76 (0x00008e21) c.xor   a2, s0
core   0: 3 0x80006f76 (0x8e21) x12 0x7f928222
core   0: 0x80006f78 (0x00000001) c.nop
core   0: 3 0x80006f78 (0x0001)
core   0: 0x80006f7a (0x03454863) blt     a0, s4, pc + 48
core   0: 3 0x80006f7a (0x03454863)
core   0: 0x80006f7e (0x018bcc33) xor     s8, s7, s8
core   0: 3 0x80006f7e (0x018bcc33) x24 0xab800000
core   0: 0x80006f82 (0x00008d21) c.xor   a0, s0
core   0: 3 0x80006f82 (0x8d21) x10 0x006bfb98
core   0: 0x80006f84 (0x03c36033) rem     zero, t1, t3
core   0: 3 0x80006f84 (0x03c36033)
core   0: 0x80006f88 (0x001c6b63) bltu    s8, ra, pc + 22
core   0: 3 0x80006f88 (0x001c6b63)
core   0: 0x80006f8c (0x00009c42) c.add   s8, a6
core   0: 3 0x80006f8c (0x9c42) x24 0x2b826ce4
core   0: 0x80006f8e (0x00008c2d) c.xor   s0, a1
core   0: 3 0x80006f8e (0x8c2d) x 8 0x006bfb8c
core   0: 0x80006f90 (0x00008e55) c.or    a2, a3
core   0: 3 0x80006f90 (0x8e55) x12 0xffd2822a
core   0: 0x80006f92 (0x03468c33) mul     s8, a3, s4
core   0: 3 0x80006f92 (0x03468c33) x24 0x23f792f0
core   0: 0x80006f96 (0x015e97b3) sll     a5, t4, s5
core   0: 3 0x80006f96 (0x015e97b3) x15 0x00000001
core   0: 0x80006f9a (0x00008136) c.mv    sp, a3
core   0: 3 0x80006f9a (0x8136) x 2 0x8ec00008
core   0: 0x80006f9c (0x0000157d) c.addi  a0, -1
core   0: 3 0x80006f9c (0x157d) x10 0x006bfb97
core   0: 0x80006f9e (0x033bcab3) div     s5, s7, s3
core   0: 3 0x80006f9e (0x033bcab3) x21 0x00400000
core   0: 0x80006fa2 (0x0000cb85) c.beqz  a5, pc + 48
core   0: 3 0x80006fa2 (0xcb85)
core   0: 0x80006fa4 (0x0081ffb3) and     t6, gp, s0
core   0: 3 0x80006fa4 (0x0081ffb3) x31 0x0000000c
core   0: 0x80006fa8 (0x00008f85) c.sub   a5, s1
core   0: 3 0x80006fa8 (0x8f85) x15 0x8ebfffe6
core   0: 0x80006faa (0x00008f0d) c.sub   a4, a1
core   0: 3 0x80006faa (0x8f0d) x14 0xffffffec
core   0: 0x80006fac (0x000063b1) c.lui   t2, 0xc
core   0: 3 0x80006fac (0x63b1) x 7 0x0000c000
core   0: 0x80006fae (0x0102a7b3) slt     a5, t0, a6
core   0: 3 0x80006fae (0x0102a7b3) x15 0x00000000
core   0: 0x80006fb2 (0x027cd8b3) divu    a7, s9, t2
core   0: 3 0x80006fb2 (0x027cd8b3) x17 0x00000000
core   0: 0x80006fb6 (0x236e6413) ori     s0, t3, 566
core   0: 3 0x80006fb6 (0x236e6413) x 8 0x00468bb7
core   0: 0x80006fba (0x00bcda63) bge     s9, a1, pc + 20
core   0: 3 0x80006fba (0x00bcda63)
core   0: 0x80006fbe (0x0000e881) c.bnez  s1, pc + 16
core   0: 3 0x80006fbe (0xe881)
core   0: 0x80006fce (0x804d6c93) ori     s9, s10, -2044
core   0: 3 0x80006fce (0x804d6c93) x25 0xfffff80f
core   0: 0x80006fd2 (0x037ed733) divu    a4, t4, s7
core   0: 3 0x80006fd2 (0x037ed733) x14 0x00000000
core   0: 0x80006fd6 (0x0000717d) c.addi16sp sp, -16
core   0: 3 0x80006fd6 (0x717d) x 2 0x8ebffff8
core   0: 0x80006fd8 (0x0000c295) c.beqz  a3, pc + 36
core   0: 3 0x80006fd8 (0xc295)
core   0: 0x80006fda (0x2ba1ef13) ori     t5, gp, 698
core   0: 3 0x80006fda (0x2ba1ef13) x30 0x000002be
core   0: 0x80006fde (0x00008ec5) c.or    a3, s1
core   0: 3 0x80006fde (0x8ec5) x13 0xffc0001b
core   0: 0x80006fe0 (0x40de5933) sra     s2, t3, a3
core   0: 3 0x80006fe0 (0x40de5933) x18 0x00000000
core   0: 0x80006fe4 (0x00005c7d) c.li    s8, -1
core   0: 3 0x80006fe4 (0x5c7d) x24 0xffffffff
core   0: 0x80006fe6 (0x00008c5d) c.or    s0, a5
core   0: 3 0x80006fe6 (0x8c5d) x 8 0x00468bb7
core   0: 0x80006fe8 (0x00389d33) sll     s10, a7, gp
core   0: 3 0x80006fe8 (0x00389d33) x26 0x00000000
core   0: 0x80006fec (0x5f116793) ori     a5, sp, 1521
core   0: 3 0x80006fec (0x5f116793) x15 0x8ebffff9
core   0: 0x80006ff0 (0xc0a7a393) slti    t2, a5, -1014
core   0: 3 0x80006ff0 (0xc0a7a393) x 7 0x00000001
core   0: 0x80006ff4 (0x00ed3bb3) sltu    s7, s10, a4
core   0: 3 0x80006ff4 (0x00ed3bb3) x23 0x00000000
core   0: 0x80006ff8 (0x00ec1493) slli    s1, s8, 14
core   0: 3 0x80006ff8 (0x00ec1493) x 9 0xffffc000
core   0: 0x80006ffc (0x40728f33) sub     t5, t0, t2
core   0: 3 0x80006ffc (0x40728f33) x30 0xffffffff
core   0: 0x80007000 (0x00008ea9) c.xor   a3, a0
core   0: 3 0x80007000 (0x8ea9) x13 0xffabfb8c
core   0: 0x80007002 (0x0000e481) c.bnez  s1, pc + 8
core   0: 3 0x80007002 (0xe481)
core   0: 0x8000700a (0x02f98663) beq     s3, a5, pc + 44
core   0: 3 0x8000700a (0x02f98663)
core   0: 0x8000700e (0x00000b6d) c.addi  s6, 27
core   0: 3 0x8000700e (0x0b6d) x22 0xc760001f
core   0: 0x80007010 (0x00009afd) c.andi  a3, -1
core   0: 3 0x80007010 (0x9afd) x13 0xffabfb8c
core   0: 0x80007012 (0xbadd7013) andi    zero, s10, -1107
core   0: 3 0x80007012 (0xbadd7013)
core   0: 0x80007016 (0x000013fd) c.addi  t2, -1
core   0: 3 0x80007016 (0x13fd) x 7 0x00000000
core   0: 0x80007018 (0x01dde6b3) or      a3, s11, t4
core   0: 3 0x80007018 (0x01dde6b3) x13 0xffffffff
core   0: 0x8000701c (0x00000001) c.nop
core   0: 3 0x8000701c (0x0001)
core   0: 0x8000701e (0x0338cb33) div     s6, a7, s3
core   0: 3 0x8000701e (0x0338cb33) x22 0x00000000
core   0: 0x80007022 (0x000087b6) c.mv    a5, a3
core   0: 3 0x80007022 (0x87b6) x15 0xffffffff
core   0: 0x80007024 (0x000081d9) c.srli  a1, 22
core   0: 3 0x80007024 (0x81d9) x11 0x00000000
core   0: 0x80007026 (0x01e18b33) add     s6, gp, t5
core   0: 3 0x80007026 (0x01e18b33) x22 0x0000000d
core   0: 0x8000702a (0x008cd463) bge     s9, s0, pc + 8
core   0: 3 0x8000702a (0x008cd463)
core   0: 0x8000702e (0x00265a63) bge     a2, sp, pc + 20
core   0: 3 0x8000702e (0x00265a63)
core   0: 0x80007042 (0x06f3ca63) blt     t2, a5, pc + 116
core   0: 3 0x80007042 (0x06f3ca63)
core   0: 0x80007046 (0x03c26533) rem     a0, tp, t3
core   0: 3 0x80007046 (0x03c26533) x10 0xfffff970
core   0: 0x8000704a (0x07adee63) bltu    s11, s10, pc + 124
core   0: 3 0x8000704a (0x07adee63)
core   0: 0x8000704e (0x03f5a733) mulhsu  a4, a1, t6
core   0: 3 0x8000704e (0x03f5a733) x14 0x00000000
core   0: 0x80007052 (0x00000731) c.addi  a4, 12
core   0: 3 0x80007052 (0x0731) x14 0x0000000c
core   0: 0x80007054 (0x00008d91) c.sub   a1, a2
core   0: 3 0x80007054 (0x8d91) x11 0x002d7dd6
core   0: 0x80007056 (0x75462b97) auipc   s7, 0x75462
core   0: 3 0x80007056 (0x75462b97) x23 0xf5469056
core   0: 0x8000705a (0x00a00513) li      a0, 10
core   0: 3 0x8000705a (0x00a00513) x10 0x0000000a
core   0: 0x8000705e (0x0000100f) fence.i
core   0: 3 0x8000705e (0x0000100f)
core   0: 0x80007062 (0x01300193) li      gp, 19
core   0: 3 0x80007062 (0x01300193) x 3 0x00000013
core   0: 0x80007066 (0x00fa6eb3) or      t4, s4, a5
core   0: 3 0x80007066 (0x00fa6eb3) x29 0xffffffff
core   0: 0x8000706a (0x01323fb3) sltu    t6, tp, s3
core   0: 3 0x8000706a (0x01323fb3) x31 0x00000000
core   0: 0x8000706e (0x00000684) c.addi4spn s1, sp, 832
core   0: 3 0x8000706e (0x0684) x 9 0x8ec00338
core   0: 0x80007070 (0x00000525) c.addi  a0, 9
core   0: 3 0x80007070 (0x0525) x10 0x00000013
core   0: 0x80007072 (0x00600593) li      a1, 6
core   0: 3 0x80007072 (0x00600593) x11 0x00000006
core   0: 0x80007076 (0x01541f13) slli    t5, s0, 21
core   0: 3 0x80007076 (0x01541f13) x30 0x76e00000
core   0: 0x8000707a (0x00000001) c.nop
core   0: 3 0x8000707a (0x0001)
core   0: 0x8000707c (0x01b504b3) add     s1, a0, s11
core   0: 3 0x8000707c (0x01b504b3) x 9 0x00000012
core   0: 0x80007080 (0x00005f7d) c.li    t5, -1
core   0: 3 0x80007080 (0x5f7d) x30 0xffffffff
core   0: 0x80007082 (0x00ad13b3) sll     t2, s10, a0
core   0: 3 0x80007082 (0x00ad13b3) x 7 0x00000000
core   0: 0x80007086 (0x000a34b3) sltu    s1, s4, zero
core   0: 3 0x80007086 (0x000a34b3) x 9 0x00000000
core   0: 0x8000708a (0x7f054e93) xori    t4, a0, 2032
core   0: 3 0x8000708a (0x7f054e93) x29 0x000007e3
core   0: 0x8000708e (0x0ff0000f) fence   iorw,iorw
core   0: 3 0x8000708e (0x0ff0000f)
core   0: 0x80007092 (0xa92b6913) ori     s2, s6, -1390
core   0: 3 0x80007092 (0xa92b6913) x18 0xfffffa9f
core   0: 0x80007096 (0x000015e9) c.addi  a1, -6
core   0: 3 0x80007096 (0x15e9) x11 0x00000000
core   0: 0x80007098 (0x0000d5fd) c.beqz  a1, pc - 18
core   0: 3 0x80007098 (0xd5fd)
core   0: 0x80007086 (0x000a34b3) sltu    s1, s4, zero
core   0: 3 0x80007086 (0x000a34b3) x 9 0x00000000
core   0: 0x8000708a (0x7f054e93) xori    t4, a0, 2032
core   0: 3 0x8000708a (0x7f054e93) x29 0x000007e3
core   0: 0x8000708e (0x0ff0000f) fence   iorw,iorw
core   0: 3 0x8000708e (0x0ff0000f)
core   0: 0x80007092 (0xa92b6913) ori     s2, s6, -1390
core   0: 3 0x80007092 (0xa92b6913) x18 0xfffffa9f
core   0: 0x80007096 (0x000015e9) c.addi  a1, -6
core   0: 3 0x80007096 (0x15e9) x11 0xfffffffa
core   0: 0x80007098 (0x0000d5fd) c.beqz  a1, pc - 18
core   0: 3 0x80007098 (0xd5fd)
core   0: 0x8000709a (0xfc3508e3) beq     a0, gp, pc - 48
core   0: 3 0x8000709a (0xfc3508e3)
core   0: 0x8000706a (0x01323fb3) sltu    t6, tp, s3
core   0: 3 0x8000706a (0x01323fb3) x31 0x00000000
core   0: 0x8000706e (0x00000684) c.addi4spn s1, sp, 832
core   0: 3 0x8000706e (0x0684) x 9 0x8ec00338
core   0: 0x80007070 (0x00000525) c.addi  a0, 9
core   0: 3 0x80007070 (0x0525) x10 0x0000001c
core   0: 0x80007072 (0x00600593) li      a1, 6
core   0: 3 0x80007072 (0x00600593) x11 0x00000006
core   0: 0x80007076 (0x01541f13) slli    t5, s0, 21
core   0: 3 0x80007076 (0x01541f13) x30 0x76e00000
core   0: 0x8000707a (0x00000001) c.nop
core   0: 3 0x8000707a (0x0001)
core   0: 0x8000707c (0x01b504b3) add     s1, a0, s11
core   0: 3 0x8000707c (0x01b504b3) x 9 0x0000001b
core   0: 0x80007080 (0x00005f7d) c.li    t5, -1
core   0: 3 0x80007080 (0x5f7d) x30 0xffffffff
core   0: 0x80007082 (0x00ad13b3) sll     t2, s10, a0
core   0: 3 0x80007082 (0x00ad13b3) x 7 0x00000000
core   0: 0x80007086 (0x000a34b3) sltu    s1, s4, zero
core   0: 3 0x80007086 (0x000a34b3) x 9 0x00000000
core   0: 0x8000708a (0x7f054e93) xori    t4, a0, 2032
core   0: 3 0x8000708a (0x7f054e93) x29 0x000007ec
core   0: 0x8000708e (0x0ff0000f) fence   iorw,iorw
core   0: 3 0x8000708e (0x0ff0000f)
core   0: 0x80007092 (0xa92b6913) ori     s2, s6, -1390
core   0: 3 0x80007092 (0xa92b6913) x18 0xfffffa9f
core   0: 0x80007096 (0x000015e9) c.addi  a1, -6
core   0: 3 0x80007096 (0x15e9) x11 0x00000000
core   0: 0x80007098 (0x0000d5fd) c.beqz  a1, pc - 18
core   0: 3 0x80007098 (0xd5fd)
core   0: 0x80007086 (0x000a34b3) sltu    s1, s4, zero
core   0: 3 0x80007086 (0x000a34b3) x 9 0x00000000
core   0: 0x8000708a (0x7f054e93) xori    t4, a0, 2032
core   0: 3 0x8000708a (0x7f054e93) x29 0x000007ec
core   0: 0x8000708e (0x0ff0000f) fence   iorw,iorw
core   0: 3 0x8000708e (0x0ff0000f)
core   0: 0x80007092 (0xa92b6913) ori     s2, s6, -1390
core   0: 3 0x80007092 (0xa92b6913) x18 0xfffffa9f
core   0: 0x80007096 (0x000015e9) c.addi  a1, -6
core   0: 3 0x80007096 (0x15e9) x11 0xfffffffa
core   0: 0x80007098 (0x0000d5fd) c.beqz  a1, pc - 18
core   0: 3 0x80007098 (0xd5fd)
core   0: 0x8000709a (0xfc3508e3) beq     a0, gp, pc - 48
core   0: 3 0x8000709a (0xfc3508e3)
core   0: 0x8000709e (0x28804713) xori    a4, zero, 648
core   0: 3 0x8000709e (0x28804713) x14 0x00000288
core   0: 0x800070a2 (0x02a575b3) remu    a1, a0, a0
core   0: 3 0x800070a2 (0x02a575b3) x11 0x00000000
core   0: 0x800070a6 (0x011e1f93) slli    t6, t3, 17
core   0: 3 0x800070a6 (0x011e1f93) x31 0x13060000
core   0: 0x800070aa (0x0ff0000f) fence   iorw,iorw
core   0: 3 0x800070aa (0x0ff0000f)
core   0: 0x800070ae (0x004f5a63) bge     t5, tp, pc + 20
core   0: 3 0x800070ae (0x004f5a63)
core   0: 0x800070c2 (0x0065e563) bltu    a1, t1, pc + 10
core   0: 3 0x800070c2 (0x0065e563)
core   0: 0x800070cc (0xce19c193) xori    gp, s3, -799
core   0: 3 0x800070cc (0xce19c193) x 3 0xfffffce0
core   0: 0x800070d0 (0x03582233) mulhsu  tp, a6, s5
core   0: 3 0x800070d0 (0x03582233) x 4 0xffe0009b
core   0: 0x800070d4 (0x00008391) c.srli  a5, 4
core   0: 3 0x800070d4 (0x8391) x15 0x0fffffff
core   0: 0x800070d6 (0x4089da93) srai    s5, s3, 8
core   0: 3 0x800070d6 (0x4089da93) x21 0x00000000
core   0: 0x800070da (0x035bd363) bge     s7, s5, pc + 38
core   0: 3 0x800070da (0x035bd363)
core   0: 0x800070de (0xd1244593) xori    a1, s0, -750
core   0: 3 0x800070de (0xd1244593) x11 0xffb976a5
core   0: 0x800070e2 (0x00008049) c.srli  s0, 18
core   0: 3 0x800070e2 (0x8049) x 8 0x00000011
core   0: 0x800070e4 (0x000e47b3) xor     a5, t3, zero
core   0: 3 0x800070e4 (0x000e47b3) x15 0x00468983
core   0: 0x800070e8 (0x0000e599) c.bnez  a1, pc + 14
core   0: 3 0x800070e8 (0xe599)
core   0: 0x800070f6 (0x0207f733) remu    a4, a5, zero
core   0: 3 0x800070f6 (0x0207f733) x14 0x00468983
core   0: 0x800070fa (0x4051d013) srai    zero, gp, 5
core   0: 3 0x800070fa (0x4051d013)
core   0: 0x800070fe (0x00008f1a) c.mv    t5, t1
core   0: 3 0x800070fe (0x8f1a) x30 0x80022e64
core   0: 0x80007100 (0x007cdb13) srli    s6, s9, 7
core   0: 3 0x80007100 (0x007cdb13) x22 0x01fffff0
core   0: 0x80007104 (0x010a8233) add     tp, s5, a6
core   0: 3 0x80007104 (0x010a8233) x 4 0x80026ce4
core   0: 0x80007108 (0x03316b63) bltu    sp, s3, pc + 54
core   0: 3 0x80007108 (0x03316b63)
core   0: 0x8000710c (0x00008cc5) c.or    s1, s1
core   0: 3 0x8000710c (0x8cc5) x 9 0x00000000
core   0: 0x8000710e (0x03d5cd93) xori    s11, a1, 61
core   0: 3 0x8000710e (0x03d5cd93) x27 0xffb97698
core   0: 0x80007112 (0x00008c31) c.xor   s0, a2
core   0: 3 0x80007112 (0x8c31) x 8 0xffd2823b
core   0: 0x80007114 (0x41ee5533) sra     a0, t3, t5
core   0: 3 0x80007114 (0x41ee5533) x10 0x00046898
core   0: 0x80007118 (0x00008efd) c.and   a3, a5
core   0: 3 0x80007118 (0x8efd) x13 0x00468983
core   0: 0x8000711a (0x02ee5b33) divu    s6, t3, a4
core   0: 3 0x8000711a (0x02ee5b33) x22 0x00000001
core   0: 0x8000711e (0x014890b3) sll     ra, a7, s4
core   0: 3 0x8000711e (0x014890b3) x 1 0x00000000
core   0: 0x80007122 (0x03d75c33) divu    s8, a4, t4
core   0: 3 0x80007122 (0x03d75c33) x24 0x000008e7
core   0: 0x80007126 (0x00051b33) sll     s6, a0, zero
core   0: 3 0x80007126 (0x00051b33) x22 0x00046898
core   0: 0x8000712a (0x0000865d) c.srai  a2, 23
core   0: 3 0x8000712a (0x865d) x12 0xffffffff
core   0: 0x8000712c (0x02b22633) mulhsu  a2, tp, a1
core   0: 3 0x8000712c (0x02b22633) x12 0x8025b0e6
core   0: 0x80007130 (0x00000de9) c.addi  s11, 26
core   0: 3 0x80007130 (0x0de9) x27 0xffb976b2
core   0: 0x80007132 (0x00e2e033) or      zero, t0, a4
core   0: 3 0x80007132 (0x00e2e033)
core   0: 0x80007136 (0x3be4be13) sltiu   t3, s1, 958
core   0: 3 0x80007136 (0x3be4be13) x28 0x00000001
core   0: 0x8000713a (0xf51aa893) slti    a7, s5, -175
core   0: 3 0x8000713a (0xf51aa893) x17 0x00000000
core   0: 0x8000713e (0x00001710) c.addi4spn a2, sp, 928
core   0: 3 0x8000713e (0x1710) x12 0x8ec00398
core   0: 0x80007140 (0x4f0cce13) xori    t3, s9, 1264
core   0: 3 0x80007140 (0x4f0cce13) x28 0xfffffcff
core   0: 0x80007144 (0x00001f7d) c.addi  t5, -1
core   0: 3 0x80007144 (0x1f7d) x30 0x80022e63
core   0: 0x80007146 (0x41bed013) srai    zero, t4, 27
core   0: 3 0x80007146 (0x41bed013)
core   0: 0x8000714a (0x00b3e433) or      s0, t2, a1
core   0: 3 0x8000714a (0x00b3e433) x 8 0xffb976a5
core   0: 0x8000714e (0x01715963) bge     sp, s7, pc + 18
core   0: 3 0x8000714e (0x01715963)
core   0: 0x80007152 (0x40a1d893) srai    a7, gp, 10
core   0: 3 0x80007152 (0x40a1d893) x17 0xffffffff
core   0: 0x80007156 (0x0118d493) srli    s1, a7, 17
core   0: 3 0x80007156 (0x0118d493) x 9 0x00007fff
core   0: 0x8000715a (0x01dd8133) add     sp, s11, t4
core   0: 3 0x8000715a (0x01dd8133) x 2 0xffb97e9e
core   0: 0x8000715e (0x00008005) c.srli  s0, 1
core   0: 3 0x8000715e (0x8005) x 8 0x7fdcbb52
core   0: 0x80007160 (0x00a45013) srli    zero, s0, 10
core   0: 3 0x80007160 (0x00a45013)
core   0: 0x80007164 (0x023edcb3) divu    s9, t4, gp
core   0: 3 0x80007164 (0x023edcb3) x25 0x00000000
core   0: 0x80007168 (0x93a8e213) ori     tp, a7, -1734
core   0: 3 0x80007168 (0x93a8e213) x 4 0xffffffff
core   0: 0x8000716c (0x19c1ea93) ori     s5, gp, 412
core   0: 3 0x8000716c (0x19c1ea93) x21 0xfffffdfc
core   0: 0x80007170 (0x41f25613) srai    a2, tp, 31
core   0: 3 0x80007170 (0x41f25613) x12 0xffffffff
core   0: 0x80007174 (0x00008ee1) c.and   a3, s0
core   0: 3 0x80007174 (0x8ee1) x13 0x00448902
core   0: 0x80007176 (0x00000001) c.nop
core   0: 3 0x80007176 (0x0001)
core   0: 0x80007178 (0x00009ce2) c.add   s9, s8
core   0: 3 0x80007178 (0x9ce2) x25 0x000008e7
core   0: 0x8000717a (0x00000a17) auipc   s4, 0x0
core   0: 3 0x8000717a (0x00000a17) x20 0x8000717a
core   0: 0x8000717e (0x00ca0a13) addi    s4, s4, 12
core   0: 3 0x8000717e (0x00ca0a13) x20 0x80007186
core   0: 0x80007182 (0x000a0067) jr      s4
core   0: 3 0x80007182 (0x000a0067)
core   0: 0x80007186 (0x00004185) c.li    gp, 1
core   0: 3 0x80007186 (0x4185) x 3 0x00000001
core   0: 0x80007188 (0x00000073) ecall
core   0: exception trap_machine_ecall, epc 0x80007188
core   0: >>>>  mtvec_handler
core   0: 0x8000c270 (0x0400006f) j       pc + 0x40
core   0: 3 0x8000c270 (0x0400006f)
core   0: 0x8000c2b0 (0x00001871) c.addi  a6, -4
core   0: 3 0x8000c2b0 (0x1871) x16 0x80026ce0
core   0: 0x8000c2b2 (0x00682023) sw      t1, 0(a6)
core   0: 3 0x8000c2b2 (0x00682023) mem 0x80026ce0 0x80022e64
core   0: 0x8000c2b6 (0x00080333) add     t1, a6, zero
core   0: 3 0x8000c2b6 (0x00080333) x 6 0x80026ce0
core   0: 0x8000c2ba (0xf8030313) addi    t1, t1, -128
core   0: 3 0x8000c2ba (0xf8030313) x 6 0x80026c60
core   0: 0x8000c2be (0x00132223) sw      ra, 4(t1)
core   0: 3 0x8000c2be (0x00132223) mem 0x80026c64 0x00000000
core   0: 0x8000c2c2 (0x00232423) sw      sp, 8(t1)
core   0: 3 0x8000c2c2 (0x00232423) mem 0x80026c68 0xffb97e9e
core   0: 0x8000c2c6 (0x00332623) sw      gp, 12(t1)
core   0: 3 0x8000c2c6 (0x00332623) mem 0x80026c6c 0x00000001
core   0: 0x8000c2ca (0x00432823) sw      tp, 16(t1)
core   0: 3 0x8000c2ca (0x00432823) mem 0x80026c70 0xffffffff
core   0: 0x8000c2ce (0x00532a23) sw      t0, 20(t1)
core   0: 3 0x8000c2ce (0x00532a23) mem 0x80026c74 0x00000000
core   0: 0x8000c2d2 (0x00632c23) sw      t1, 24(t1)
core   0: 3 0x8000c2d2 (0x00632c23) mem 0x80026c78 0x80026c60
core   0: 0x8000c2d6 (0x00732e23) sw      t2, 28(t1)
core   0: 3 0x8000c2d6 (0x00732e23) mem 0x80026c7c 0x00000000
core   0: 0x8000c2da (0x02832023) sw      s0, 32(t1)
core   0: 3 0x8000c2da (0x02832023) mem 0x80026c80 0x7fdcbb52
core   0: 0x8000c2de (0x02932223) sw      s1, 36(t1)
core   0: 3 0x8000c2de (0x02932223) mem 0x80026c84 0x00007fff
core   0: 0x8000c2e2 (0x02a32423) sw      a0, 40(t1)
core   0: 3 0x8000c2e2 (0x02a32423) mem 0x80026c88 0x00046898
core   0: 0x8000c2e6 (0x02b32623) sw      a1, 44(t1)
core   0: 3 0x8000c2e6 (0x02b32623) mem 0x80026c8c 0xffb976a5
core   0: 0x8000c2ea (0x02c32823) sw      a2, 48(t1)
core   0: 3 0x8000c2ea (0x02c32823) mem 0x80026c90 0xffffffff
core   0: 0x8000c2ee (0x02d32a23) sw      a3, 52(t1)
core   0: 3 0x8000c2ee (0x02d32a23) mem 0x80026c94 0x00448902
core   0: 0x8000c2f2 (0x02e32c23) sw      a4, 56(t1)
core   0: 3 0x8000c2f2 (0x02e32c23) mem 0x80026c98 0x00468983
core   0: 0x8000c2f6 (0x02f32e23) sw      a5, 60(t1)
core   0: 3 0x8000c2f6 (0x02f32e23) mem 0x80026c9c 0x00468983
core   0: 0x8000c2fa (0x05032023) sw      a6, 64(t1)
core   0: 3 0x8000c2fa (0x05032023) mem 0x80026ca0 0x80026ce0
core   0: 0x8000c2fe (0x05132223) sw      a7, 68(t1)
core   0: 3 0x8000c2fe (0x05132223) mem 0x80026ca4 0xffffffff
core   0: 0x8000c302 (0x05232423) sw      s2, 72(t1)
core   0: 3 0x8000c302 (0x05232423) mem 0x80026ca8 0xfffffa9f
core   0: 0x8000c306 (0x05332623) sw      s3, 76(t1)
core   0: 3 0x8000c306 (0x05332623) mem 0x80026cac 0x00000001
core   0: 0x8000c30a (0x05432823) sw      s4, 80(t1)
core   0: 3 0x8000c30a (0x05432823) mem 0x80026cb0 0x80007186
core   0: 0x8000c30e (0x05532a23) sw      s5, 84(t1)
core   0: 3 0x8000c30e (0x05532a23) mem 0x80026cb4 0xfffffdfc
core   0: 0x8000c312 (0x05632c23) sw      s6, 88(t1)
core   0: 3 0x8000c312 (0x05632c23) mem 0x80026cb8 0x00046898
core   0: 0x8000c316 (0x05732e23) sw      s7, 92(t1)
core   0: 3 0x8000c316 (0x05732e23) mem 0x80026cbc 0xf5469056
core   0: 0x8000c31a (0x07832023) sw      s8, 96(t1)
core   0: 3 0x8000c31a (0x07832023) mem 0x80026cc0 0x000008e7
core   0: 0x8000c31e (0x07932223) sw      s9, 100(t1)
core   0: 3 0x8000c31e (0x07932223) mem 0x80026cc4 0x000008e7
core   0: 0x8000c322 (0x07a32423) sw      s10, 104(t1)
core   0: 3 0x8000c322 (0x07a32423) mem 0x80026cc8 0x00000000
core   0: 0x8000c326 (0x07b32623) sw      s11, 108(t1)
core   0: 3 0x8000c326 (0x07b32623) mem 0x80026ccc 0xffb976b2
core   0: 0x8000c32a (0x07c32823) sw      t3, 112(t1)
core   0: 3 0x8000c32a (0x07c32823) mem 0x80026cd0 0xfffffcff
core   0: 0x8000c32e (0x07d32a23) sw      t4, 116(t1)
core   0: 3 0x8000c32e (0x07d32a23) mem 0x80026cd4 0x000007ec
core   0: 0x8000c332 (0x07e32c23) sw      t5, 120(t1)
core   0: 3 0x8000c332 (0x07e32c23) mem 0x80026cd8 0x80022e63
core   0: 0x8000c336 (0x07f32e23) sw      t6, 124(t1)
core   0: 3 0x8000c336 (0x07f32e23) mem 0x80026cdc 0x13060000
core   0: 0x8000c33a (0x00030833) add     a6, t1, zero
core   0: 3 0x8000c33a (0x00030833) x16 0x80026c60
core   0: 0x8000c33e (0x341025f3) csrr    a1, mepc
core   0: 3 0x8000c33e (0x341025f3) x11 0x80007188
core   0: 0x8000c342 (0x342025f3) csrr    a1, mcause
core   0: 3 0x8000c342 (0x342025f3) x11 0x0000000b
core   0: 0x8000c346 (0x00004e0d) c.li    t3, 3
core   0: 3 0x8000c346 (0x4e0d) x28 0x00000003
core   0: 0x8000c348 (0x29c58563) beq     a1, t3, pc + 650
core   0: 3 0x8000c348 (0x29c58563)
core   0: 0x8000c34c (0x00004e21) c.li    t3, 8
core   0: 3 0x8000c34c (0x4e21) x28 0x00000008
core   0: 0x8000c34e (0x05c58563) beq     a1, t3, pc + 74
core   0: 3 0x8000c34e (0x05c58563)
core   0: 0x8000c352 (0x00004e25) c.li    t3, 9
core   0: 3 0x8000c352 (0x4e25) x28 0x00000009
core   0: 0x8000c354 (0x05c58263) beq     a1, t3, pc + 68
core   0: 3 0x8000c354 (0x05c58263)
core   0: 0x8000c358 (0x00004e2d) c.li    t3, 11
core   0: 3 0x8000c358 (0x4e2d) x28 0x0000000b
core   0: 0x8000c35a (0x03c58f63) beq     a1, t3, pc + 62
core   0: 3 0x8000c35a (0x03c58f63)
core   0: 0x8000c398 (0xffff4597) auipc   a1, 0xffff4
core   0: 3 0x8000c398 (0xffff4597) x11 0x80000398
core   0: 0x8000c39c (0xc6858593) addi    a1, a1, -920
core   0: 3 0x8000c39c (0xc6858593) x11 0x80000000
core   0: 0x8000c3a0 (0x0005a023) sw      zero, 0(a1)
core   0: 3 0x8000c3a0 (0x0005a023) mem 0x80000000 0x00000000
core   0: 0x8000c3a4 (0x0015a223) sw      ra, 4(a1)
core   0: 3 0x8000c3a4 (0x0015a223) mem 0x80000004 0x00000000
core   0: 0x8000c3a8 (0x0025a423) sw      sp, 8(a1)
core   0: 3 0x8000c3a8 (0x0025a423) mem 0x80000008 0xffb97e9e
core   0: 0x8000c3ac (0x0035a623) sw      gp, 12(a1)
core   0: 3 0x8000c3ac (0x0035a623) mem 0x8000000c 0x00000001
core   0: 0x8000c3b0 (0x0045a823) sw      tp, 16(a1)
core   0: 3 0x8000c3b0 (0x0045a823) mem 0x80000010 0xffffffff
core   0: 0x8000c3b4 (0x0055aa23) sw      t0, 20(a1)
core   0: 3 0x8000c3b4 (0x0055aa23) mem 0x80000014 0x00000000
core   0: 0x8000c3b8 (0x0065ac23) sw      t1, 24(a1)
core   0: 3 0x8000c3b8 (0x0065ac23) mem 0x80000018 0x80026c60
core   0: 0x8000c3bc (0x0075ae23) sw      t2, 28(a1)
core   0: 3 0x8000c3bc (0x0075ae23) mem 0x8000001c 0x00000000
core   0: 0x8000c3c0 (0x0000d180) c.sw    s0, 32(a1)
core   0: 3 0x8000c3c0 (0xd180) mem 0x80000020 0x7fdcbb52
core   0: 0x8000c3c2 (0x0000d1c4) c.sw    s1, 36(a1)
core   0: 3 0x8000c3c2 (0xd1c4) mem 0x80000024 0x00007fff
core   0: 0x8000c3c4 (0x0000d588) c.sw    a0, 40(a1)
core   0: 3 0x8000c3c4 (0xd588) mem 0x80000028 0x00046898
core   0: 0x8000c3c6 (0x0000d5cc) c.sw    a1, 44(a1)
core   0: 3 0x8000c3c6 (0xd5cc) mem 0x8000002c 0x80000000
core   0: 0x8000c3c8 (0x0000d990) c.sw    a2, 48(a1)
core   0: 3 0x8000c3c8 (0xd990) mem 0x80000030 0xffffffff
core   0: 0x8000c3ca (0x0000d9d4) c.sw    a3, 52(a1)
core   0: 3 0x8000c3ca (0xd9d4) mem 0x80000034 0x00448902
core   0: 0x8000c3cc (0x0000dd98) c.sw    a4, 56(a1)
core   0: 3 0x8000c3cc (0xdd98) mem 0x80000038 0x00468983
core   0: 0x8000c3ce (0x0000dddc) c.sw    a5, 60(a1)
core   0: 3 0x8000c3ce (0xdddc) mem 0x8000003c 0x00468983
core   0: 0x8000c3d0 (0x0505a023) sw      a6, 64(a1)
core   0: 3 0x8000c3d0 (0x0505a023) mem 0x80000040 0x80026c60
core   0: 0x8000c3d4 (0x0515a223) sw      a7, 68(a1)
core   0: 3 0x8000c3d4 (0x0515a223) mem 0x80000044 0xffffffff
core   0: 0x8000c3d8 (0x0525a423) sw      s2, 72(a1)
core   0: 3 0x8000c3d8 (0x0525a423) mem 0x80000048 0xfffffa9f
core   0: 0x8000c3dc (0x0535a623) sw      s3, 76(a1)
core   0: 3 0x8000c3dc (0x0535a623) mem 0x8000004c 0x00000001
core   0: 0x8000c3e0 (0x0545a823) sw      s4, 80(a1)
core   0: 3 0x8000c3e0 (0x0545a823) mem 0x80000050 0x80007186
core   0: 0x8000c3e4 (0x0555aa23) sw      s5, 84(a1)
core   0: 3 0x8000c3e4 (0x0555aa23) mem 0x80000054 0xfffffdfc
core   0: 0x8000c3e8 (0x0565ac23) sw      s6, 88(a1)
core   0: 3 0x8000c3e8 (0x0565ac23) mem 0x80000058 0x00046898
core   0: 0x8000c3ec (0x0575ae23) sw      s7, 92(a1)
core   0: 3 0x8000c3ec (0x0575ae23) mem 0x8000005c 0xf5469056
core   0: 0x8000c3f0 (0x0785a023) sw      s8, 96(a1)
core   0: 3 0x8000c3f0 (0x0785a023) mem 0x80000060 0x000008e7
core   0: 0x8000c3f4 (0x0795a223) sw      s9, 100(a1)
core   0: 3 0x8000c3f4 (0x0795a223) mem 0x80000064 0x000008e7
core   0: 0x8000c3f8 (0x07a5a423) sw      s10, 104(a1)
core   0: 3 0x8000c3f8 (0x07a5a423) mem 0x80000068 0x00000000
core   0: 0x8000c3fc (0x07b5a623) sw      s11, 108(a1)
core   0: 3 0x8000c3fc (0x07b5a623) mem 0x8000006c 0xffb976b2
core   0: 0x8000c400 (0x07c5a823) sw      t3, 112(a1)
core   0: 3 0x8000c400 (0x07c5a823) mem 0x80000070 0x0000000b
core   0: 0x8000c404 (0x07d5aa23) sw      t4, 116(a1)
core   0: 3 0x8000c404 (0x07d5aa23) mem 0x80000074 0x000007ec
core   0: 0x8000c408 (0x07e5ac23) sw      t5, 120(a1)
core   0: 3 0x8000c408 (0x07e5ac23) mem 0x80000078 0x80022e63
core   0: 0x8000c40c (0x07f5ae23) sw      t6, 124(a1)
core   0: 3 0x8000c40c (0x07f5ae23) mem 0x8000007c 0x13060000
core   0: 0x8000c410 (0xfffffa17) auipc   s4, 0xfffff
core   0: 3 0x8000c410 (0xfffffa17) x20 0x8000b410
core   0: 0x8000c414 (0x49ea0a13) addi    s4, s4, 1182
core   0: 3 0x8000c414 (0x49ea0a13) x20 0x8000b8ae
core   0: 0x8000c418 (0x000a0067) jr      s4
core   0: 3 0x8000c418 (0x000a0067)
core   0: 0x8000b8ae (0x00001f17) auipc   t5, 0x1
core   0: 3 0x8000b8ae (0x00001f17) x30 0x8000c8ae
core   0: 0x8000b8b2 (0x743f2923) sw      gp, 1874(t5)
core   0: 3 0x8000b8b2 (0x743f2923) mem 0x8000d000 0x00000001
core   0: 0x8000b8b6 (0x0000bfe5) c.j     pc - 8
core   0: 3 0x8000b8b6 (0xbfe5)
core   0: 0x8000b8ae (0x00001f17) auipc   t5, 0x1
core   0: 3 0x8000b8ae (0x00001f17) x30 0x8000c8ae
core   0: 0x8000b8b2 (0x743f2923) sw      gp, 1874(t5)
core   0: 3 0x8000b8b2 (0x743f2923) mem 0x8000d000 0x00000001
core   0: 0x8000b8b6 (0x0000bfe5) c.j     pc - 8
core   0: 3 0x8000b8b6 (0xbfe5)
core   0: 0x8000b8ae (0x00001f17) auipc   t5, 0x1
core   0: 3 0x8000b8ae (0x00001f17) x30 0x8000c8ae
core   0: 0x8000b8b2 (0x743f2923) sw      gp, 1874(t5)
core   0: 3 0x8000b8b2 (0x743f2923) mem 0x8000d000 0x00000001
core   0: 0x8000b8b6 (0x0000bfe5) c.j     pc - 8
core   0: 3 0x8000b8b6 (0xbfe5)
core   0: 0x8000b8ae (0x00001f17) auipc   t5, 0x1
core   0: 3 0x8000b8ae (0x00001f17) x30 0x8000c8ae
core   0: 0x8000b8b2 (0x743f2923) sw      gp, 1874(t5)
core   0: 3 0x8000b8b2 (0x743f2923) mem 0x8000d000 0x00000001
core   0: 0x8000b8b6 (0x0000bfe5) c.j     pc - 8
core   0: 3 0x8000b8b6 (0xbfe5)
core   0: 0x8000b8ae (0x00001f17) auipc   t5, 0x1
core   0: 3 0x8000b8ae (0x00001f17) x30 0x8000c8ae
core   0: 0x8000b8b2 (0x743f2923) sw      gp, 1874(t5)
core   0: 3 0x8000b8b2 (0x743f2923) mem 0x8000d000 0x00000001
core   0: 0x8000b8b6 (0x0000bfe5) c.j     pc - 8
core   0: 3 0x8000b8b6 (0xbfe5)
core   0: 0x8000b8ae (0x00001f17) auipc   t5, 0x1
core   0: 3 0x8000b8ae (0x00001f17) x30 0x8000c8ae
core   0: 0x8000b8b2 (0x743f2923) sw      gp, 1874(t5)
core   0: 3 0x8000b8b2 (0x743f2923) mem 0x8000d000 0x00000001
core   0: 0x8000b8b6 (0x0000bfe5) c.j     pc - 8
core   0: 3 0x8000b8b6 (0xbfe5)
core   0: 0x8000b8ae (0x00001f17) auipc   t5, 0x1
core   0: 3 0x8000b8ae (0x00001f17) x30 0x8000c8ae
core   0: 0x8000b8b2 (0x743f2923) sw      gp, 1874(t5)
core   0: 3 0x8000b8b2 (0x743f2923) mem 0x8000d000 0x00000001
core   0: 0x8000b8b6 (0x0000bfe5) c.j     pc - 8
core   0: 3 0x8000b8b6 (0xbfe5)
core   0: 0x8000b8ae (0x00001f17) auipc   t5, 0x1
core   0: 3 0x8000b8ae (0x00001f17) x30 0x8000c8ae
core   0: 0x8000b8b2 (0x743f2923) sw      gp, 1874(t5)
core   0: 3 0x8000b8b2 (0x743f2923) mem 0x8000d000 0x00000001
core   0: 0x8000b8b6 (0x0000bfe5) c.j     pc - 8
core   0: 3 0x8000b8b6 (0xbfe5)
core   0: 0x8000b8ae (0x00001f17) auipc   t5, 0x1
core   0: 3 0x8000b8ae (0x00001f17) x30 0x8000c8ae
core   0: 0x8000b8b2 (0x743f2923) sw      gp, 1874(t5)
core   0: 3 0x8000b8b2 (0x743f2923) mem 0x8000d000 0x00000001
core   0: 0x8000b8b6 (0x0000bfe5) c.j     pc - 8
core   0: 3 0x8000b8b6 (0xbfe5)
core   0: 0x8000b8ae (0x00001f17) auipc   t5, 0x1
core   0: 3 0x8000b8ae (0x00001f17) x30 0x8000c8ae
core   0: 0x8000b8b2 (0x743f2923) sw      gp, 1874(t5)
core   0: 3 0x8000b8b2 (0x743f2923) mem 0x8000d000 0x00000001
core   0: 0x8000b8b6 (0x0000bfe5) c.j     pc - 8
core   0: 3 0x8000b8b6 (0xbfe5)
core   0: 0x8000b8ae (0x00001f17) auipc   t5, 0x1
core   0: 3 0x8000b8ae (0x00001f17) x30 0x8000c8ae
core   0: 0x8000b8b2 (0x743f2923) sw      gp, 1874(t5)
core   0: 3 0x8000b8b2 (0x743f2923) mem 0x8000d000 0x00000001
core   0: 0x8000b8b6 (0x0000bfe5) c.j     pc - 8
core   0: 3 0x8000b8b6 (0xbfe5)
core   0: 0x8000b8ae (0x00001f17) auipc   t5, 0x1
core   0: 3 0x8000b8ae (0x00001f17) x30 0x8000c8ae
core   0: 0x8000b8b2 (0x743f2923) sw      gp, 1874(t5)
core   0: 3 0x8000b8b2 (0x743f2923) mem 0x8000d000 0x00000001
core   0: 0x8000b8b6 (0x0000bfe5) c.j     pc - 8
core   0: 3 0x8000b8b6 (0xbfe5)
core   0: 0x8000b8ae (0x00001f17) auipc   t5, 0x1
core   0: 3 0x8000b8ae (0x00001f17) x30 0x8000c8ae
core   0: 0x8000b8b2 (0x743f2923) sw      gp, 1874(t5)
core   0: 3 0x8000b8b2 (0x743f2923) mem 0x8000d000 0x00000001
core   0: 0x8000b8b6 (0x0000bfe5) c.j     pc - 8
core   0: 3 0x8000b8b6 (0xbfe5)
core   0: 0x8000b8ae (0x00001f17) auipc   t5, 0x1
core   0: 3 0x8000b8ae (0x00001f17) x30 0x8000c8ae
core   0: 0x8000b8b2 (0x743f2923) sw      gp, 1874(t5)
core   0: 3 0x8000b8b2 (0x743f2923) mem 0x8000d000 0x00000001
core   0: 0x8000b8b6 (0x0000bfe5) c.j     pc - 8
core   0: 3 0x8000b8b6 (0xbfe5)
core   0: 0x8000b8ae (0x00001f17) auipc   t5, 0x1
core   0: 3 0x8000b8ae (0x00001f17) x30 0x8000c8ae
core   0: 0x8000b8b2 (0x743f2923) sw      gp, 1874(t5)
core   0: 3 0x8000b8b2 (0x743f2923) mem 0x8000d000 0x00000001
core   0: 0x8000b8b6 (0x0000bfe5) c.j     pc - 8
core   0: 3 0x8000b8b6 (0xbfe5)
core   0: 0x8000b8ae (0x00001f17) auipc   t5, 0x1
core   0: 3 0x8000b8ae (0x00001f17) x30 0x8000c8ae
core   0: 0x8000b8b2 (0x743f2923) sw      gp, 1874(t5)
core   0: 3 0x8000b8b2 (0x743f2923) mem 0x8000d000 0x00000001
core   0: 0x8000b8b6 (0x0000bfe5) c.j     pc - 8
core   0: 3 0x8000b8b6 (0xbfe5)
core   0: 0x8000b8ae (0x00001f17) auipc   t5, 0x1
core   0: 3 0x8000b8ae (0x00001f17) x30 0x8000c8ae
core   0: 0x8000b8b2 (0x743f2923) sw      gp, 1874(t5)
core   0: 3 0x8000b8b2 (0x743f2923) mem 0x8000d000 0x00000001
core   0: 0x8000b8b6 (0x0000bfe5) c.j     pc - 8
core   0: 3 0x8000b8b6 (0xbfe5)
core   0: 0x8000b8ae (0x00001f17) auipc   t5, 0x1
core   0: 3 0x8000b8ae (0x00001f17) x30 0x8000c8ae
core   0: 0x8000b8b2 (0x743f2923) sw      gp, 1874(t5)
core   0: 3 0x8000b8b2 (0x743f2923) mem 0x8000d000 0x00000001
core   0: 0x8000b8b6 (0x0000bfe5) c.j     pc - 8
core   0: 3 0x8000b8b6 (0xbfe5)
core   0: 0x8000b8ae (0x00001f17) auipc   t5, 0x1
core   0: 3 0x8000b8ae (0x00001f17) x30 0x8000c8ae
core   0: 0x8000b8b2 (0x743f2923) sw      gp, 1874(t5)
core   0: 3 0x8000b8b2 (0x743f2923) mem 0x8000d000 0x00000001
core   0: 0x8000b8b6 (0x0000bfe5) c.j     pc - 8
core   0: 3 0x8000b8b6 (0xbfe5)
core   0: 0x8000b8ae (0x00001f17) auipc   t5, 0x1
core   0: 3 0x8000b8ae (0x00001f17) x30 0x8000c8ae
core   0: 0x8000b8b2 (0x743f2923) sw      gp, 1874(t5)
core   0: 3 0x8000b8b2 (0x743f2923) mem 0x8000d000 0x00000001
core   0: 0x8000b8b6 (0x0000bfe5) c.j     pc - 8
core   0: 3 0x8000b8b6 (0xbfe5)
core   0: 0x8000b8ae (0x00001f17) auipc   t5, 0x1
core   0: 3 0x8000b8ae (0x00001f17) x30 0x8000c8ae
core   0: 0x8000b8b2 (0x743f2923) sw      gp, 1874(t5)
core   0: 3 0x8000b8b2 (0x743f2923) mem 0x8000d000 0x00000001
core   0: 0x8000b8b6 (0x0000bfe5) c.j     pc - 8
core   0: 3 0x8000b8b6 (0xbfe5)
core   0: 0x8000b8ae (0x00001f17) auipc   t5, 0x1
core   0: 3 0x8000b8ae (0x00001f17) x30 0x8000c8ae
core   0: 0x8000b8b2 (0x743f2923) sw      gp, 1874(t5)
core   0: 3 0x8000b8b2 (0x743f2923) mem 0x8000d000 0x00000001
core   0: 0x8000b8b6 (0x0000bfe5) c.j     pc - 8
core   0: 3 0x8000b8b6 (0xbfe5)
core   0: 0x8000b8ae (0x00001f17) auipc   t5, 0x1
core   0: 3 0x8000b8ae (0x00001f17) x30 0x8000c8ae
core   0: 0x8000b8b2 (0x743f2923) sw      gp, 1874(t5)
core   0: 3 0x8000b8b2 (0x743f2923) mem 0x8000d000 0x00000001
core   0: 0x8000b8b6 (0x0000bfe5) c.j     pc - 8
core   0: 3 0x8000b8b6 (0xbfe5)
core   0: 0x8000b8ae (0x00001f17) auipc   t5, 0x1
core   0: 3 0x8000b8ae (0x00001f17) x30 0x8000c8ae
core   0: 0x8000b8b2 (0x743f2923) sw      gp, 1874(t5)
core   0: 3 0x8000b8b2 (0x743f2923) mem 0x8000d000 0x00000001
core   0: 0x8000b8b6 (0x0000bfe5) c.j     pc - 8
core   0: 3 0x8000b8b6 (0xbfe5)
core   0: 0x8000b8ae (0x00001f17) auipc   t5, 0x1
core   0: 3 0x8000b8ae (0x00001f17) x30 0x8000c8ae
core   0: 0x8000b8b2 (0x743f2923) sw      gp, 1874(t5)
core   0: 3 0x8000b8b2 (0x743f2923) mem 0x8000d000 0x00000001
core   0: 0x8000b8b6 (0x0000bfe5) c.j     pc - 8
core   0: 3 0x8000b8b6 (0xbfe5)
core   0: 0x8000b8ae (0x00001f17) auipc   t5, 0x1
core   0: 3 0x8000b8ae (0x00001f17) x30 0x8000c8ae
core   0: 0x8000b8b2 (0x743f2923) sw      gp, 1874(t5)
core   0: 3 0x8000b8b2 (0x743f2923) mem 0x8000d000 0x00000001
core   0: 0x8000b8b6 (0x0000bfe5) c.j     pc - 8
core   0: 3 0x8000b8b6 (0xbfe5)
core   0: 0x8000b8ae (0x00001f17) auipc   t5, 0x1
core   0: 3 0x8000b8ae (0x00001f17) x30 0x8000c8ae
core   0: 0x8000b8b2 (0x743f2923) sw      gp, 1874(t5)
core   0: 3 0x8000b8b2 (0x743f2923) mem 0x8000d000 0x00000001
core   0: 0x8000b8b6 (0x0000bfe5) c.j     pc - 8
core   0: 3 0x8000b8b6 (0xbfe5)
core   0: 0x8000b8ae (0x00001f17) auipc   t5, 0x1
core   0: 3 0x8000b8ae (0x00001f17) x30 0x8000c8ae
core   0: 0x8000b8b2 (0x743f2923) sw      gp, 1874(t5)
core   0: 3 0x8000b8b2 (0x743f2923) mem 0x8000d000 0x00000001
core   0: 0x8000b8b6 (0x0000bfe5) c.j     pc - 8
core   0: 3 0x8000b8b6 (0xbfe5)
core   0: 0x8000b8ae (0x00001f17) auipc   t5, 0x1
core   0: 3 0x8000b8ae (0x00001f17) x30 0x8000c8ae
core   0: 0x8000b8b2 (0x743f2923) sw      gp, 1874(t5)
core   0: 3 0x8000b8b2 (0x743f2923) mem 0x8000d000 0x00000001
core   0: 0x8000b8b6 (0x0000bfe5) c.j     pc - 8
core   0: 3 0x8000b8b6 (0xbfe5)
core   0: 0x8000b8ae (0x00001f17) auipc   t5, 0x1
core   0: 3 0x8000b8ae (0x00001f17) x30 0x8000c8ae
core   0: 0x8000b8b2 (0x743f2923) sw      gp, 1874(t5)
core   0: 3 0x8000b8b2 (0x743f2923) mem 0x8000d000 0x00000001
core   0: 0x8000b8b6 (0x0000bfe5) c.j     pc - 8
core   0: 3 0x8000b8b6 (0xbfe5)
core   0: 0x8000b8ae (0x00001f17) auipc   t5, 0x1
core   0: 3 0x8000b8ae (0x00001f17) x30 0x8000c8ae
core   0: 0x8000b8b2 (0x743f2923) sw      gp, 1874(t5)
core   0: 3 0x8000b8b2 (0x743f2923) mem 0x8000d000 0x00000001
core   0: 0x8000b8b6 (0x0000bfe5) c.j     pc - 8
core   0: 3 0x8000b8b6 (0xbfe5)
core   0: 0x8000b8ae (0x00001f17) auipc   t5, 0x1
core   0: 3 0x8000b8ae (0x00001f17) x30 0x8000c8ae
core   0: 0x8000b8b2 (0x743f2923) sw      gp, 1874(t5)
core   0: 3 0x8000b8b2 (0x743f2923) mem 0x8000d000 0x00000001
core   0: 0x8000b8b6 (0x0000bfe5) c.j     pc - 8
core   0: 3 0x8000b8b6 (0xbfe5)
core   0: 0x8000b8ae (0x00001f17) auipc   t5, 0x1
core   0: 3 0x8000b8ae (0x00001f17) x30 0x8000c8ae
core   0: 0x8000b8b2 (0x743f2923) sw      gp, 1874(t5)
core   0: 3 0x8000b8b2 (0x743f2923) mem 0x8000d000 0x00000001
core   0: 0x8000b8b6 (0x0000bfe5) c.j     pc - 8
core   0: 3 0x8000b8b6 (0xbfe5)
core   0: 0x8000b8ae (0x00001f17) auipc   t5, 0x1
core   0: 3 0x8000b8ae (0x00001f17) x30 0x8000c8ae
core   0: 0x8000b8b2 (0x743f2923) sw      gp, 1874(t5)
core   0: 3 0x8000b8b2 (0x743f2923) mem 0x8000d000 0x00000001
core   0: 0x8000b8b6 (0x0000bfe5) c.j     pc - 8
core   0: 3 0x8000b8b6 (0xbfe5)
core   0: 0x8000b8ae (0x00001f17) auipc   t5, 0x1
core   0: 3 0x8000b8ae (0x00001f17) x30 0x8000c8ae
core   0: 0x8000b8b2 (0x743f2923) sw      gp, 1874(t5)
core   0: 3 0x8000b8b2 (0x743f2923) mem 0x8000d000 0x00000001
core   0: 0x8000b8b6 (0x0000bfe5) c.j     pc - 8
core   0: 3 0x8000b8b6 (0xbfe5)
core   0: 0x8000b8ae (0x00001f17) auipc   t5, 0x1
core   0: 3 0x8000b8ae (0x00001f17) x30 0x8000c8ae
core   0: 0x8000b8b2 (0x743f2923) sw      gp, 1874(t5)
core   0: 3 0x8000b8b2 (0x743f2923) mem 0x8000d000 0x00000001
core   0: 0x8000b8b6 (0x0000bfe5) c.j     pc - 8
core   0: 3 0x8000b8b6 (0xbfe5)
core   0: 0x8000b8ae (0x00001f17) auipc   t5, 0x1
core   0: 3 0x8000b8ae (0x00001f17) x30 0x8000c8ae
core   0: 0x8000b8b2 (0x743f2923) sw      gp, 1874(t5)
core   0: 3 0x8000b8b2 (0x743f2923) mem 0x8000d000 0x00000001
core   0: 0x8000b8b6 (0x0000bfe5) c.j     pc - 8
core   0: 3 0x8000b8b6 (0xbfe5)
core   0: 0x8000b8ae (0x00001f17) auipc   t5, 0x1
core   0: 3 0x8000b8ae (0x00001f17) x30 0x8000c8ae
core   0: 0x8000b8b2 (0x743f2923) sw      gp, 1874(t5)
core   0: 3 0x8000b8b2 (0x743f2923) mem 0x8000d000 0x00000001
core   0: 0x8000b8b6 (0x0000bfe5) c.j     pc - 8
core   0: 3 0x8000b8b6 (0xbfe5)
core   0: 0x8000b8ae (0x00001f17) auipc   t5, 0x1
core   0: 3 0x8000b8ae (0x00001f17) x30 0x8000c8ae
core   0: 0x8000b8b2 (0x743f2923) sw      gp, 1874(t5)
core   0: 3 0x8000b8b2 (0x743f2923) mem 0x8000d000 0x00000001
core   0: 0x8000b8b6 (0x0000bfe5) c.j     pc - 8
core   0: 3 0x8000b8b6 (0xbfe5)
core   0: 0x8000b8ae (0x00001f17) auipc   t5, 0x1
core   0: 3 0x8000b8ae (0x00001f17) x30 0x8000c8ae
core   0: 0x8000b8b2 (0x743f2923) sw      gp, 1874(t5)
core   0: 3 0x8000b8b2 (0x743f2923) mem 0x8000d000 0x00000001
core   0: 0x8000b8b6 (0x0000bfe5) c.j     pc - 8
core   0: 3 0x8000b8b6 (0xbfe5)
core   0: 0x8000b8ae (0x00001f17) auipc   t5, 0x1
core   0: 3 0x8000b8ae (0x00001f17) x30 0x8000c8ae
core   0: 0x8000b8b2 (0x743f2923) sw      gp, 1874(t5)
core   0: 3 0x8000b8b2 (0x743f2923) mem 0x8000d000 0x00000001
core   0: 0x8000b8b6 (0x0000bfe5) c.j     pc - 8
core   0: 3 0x8000b8b6 (0xbfe5)
core   0: 0x8000b8ae (0x00001f17) auipc   t5, 0x1
core   0: 3 0x8000b8ae (0x00001f17) x30 0x8000c8ae
core   0: 0x8000b8b2 (0x743f2923) sw      gp, 1874(t5)
core   0: 3 0x8000b8b2 (0x743f2923) mem 0x8000d000 0x00000001
core   0: 0x8000b8b6 (0x0000bfe5) c.j     pc - 8
core   0: 3 0x8000b8b6 (0xbfe5)
core   0: 0x8000b8ae (0x00001f17) auipc   t5, 0x1
core   0: 3 0x8000b8ae (0x00001f17) x30 0x8000c8ae
core   0: 0x8000b8b2 (0x743f2923) sw      gp, 1874(t5)
core   0: 3 0x8000b8b2 (0x743f2923) mem 0x8000d000 0x00000001
core   0: 0x8000b8b6 (0x0000bfe5) c.j     pc - 8
core   0: 3 0x8000b8b6 (0xbfe5)
core   0: 0x8000b8ae (0x00001f17) auipc   t5, 0x1
core   0: 3 0x8000b8ae (0x00001f17) x30 0x8000c8ae
core   0: 0x8000b8b2 (0x743f2923) sw      gp, 1874(t5)
core   0: 3 0x8000b8b2 (0x743f2923) mem 0x8000d000 0x00000001
core   0: 0x8000b8b6 (0x0000bfe5) c.j     pc - 8
core   0: 3 0x8000b8b6 (0xbfe5)
core   0: 0x8000b8ae (0x00001f17) auipc   t5, 0x1
core   0: 3 0x8000b8ae (0x00001f17) x30 0x8000c8ae
core   0: 0x8000b8b2 (0x743f2923) sw      gp, 1874(t5)
core   0: 3 0x8000b8b2 (0x743f2923) mem 0x8000d000 0x00000001
core   0: 0x8000b8b6 (0x0000bfe5) c.j     pc - 8
core   0: 3 0x8000b8b6 (0xbfe5)
core   0: 0x8000b8ae (0x00001f17) auipc   t5, 0x1
core   0: 3 0x8000b8ae (0x00001f17) x30 0x8000c8ae
core   0: 0x8000b8b2 (0x743f2923) sw      gp, 1874(t5)
core   0: 3 0x8000b8b2 (0x743f2923) mem 0x8000d000 0x00000001
core   0: 0x8000b8b6 (0x0000bfe5) c.j     pc - 8
core   0: 3 0x8000b8b6 (0xbfe5)
core   0: 0x8000b8ae (0x00001f17) auipc   t5, 0x1
core   0: 3 0x8000b8ae (0x00001f17) x30 0x8000c8ae
core   0: 0x8000b8b2 (0x743f2923) sw      gp, 1874(t5)
core   0: 3 0x8000b8b2 (0x743f2923) mem 0x8000d000 0x00000001
core   0: 0x8000b8b6 (0x0000bfe5) c.j     pc - 8
core   0: 3 0x8000b8b6 (0xbfe5)
core   0: 0x8000b8ae (0x00001f17) auipc   t5, 0x1
core   0: 3 0x8000b8ae (0x00001f17) x30 0x8000c8ae
core   0: 0x8000b8b2 (0x743f2923) sw      gp, 1874(t5)
core   0: 3 0x8000b8b2 (0x743f2923) mem 0x8000d000 0x00000001
core   0: 0x8000b8b6 (0x0000bfe5) c.j     pc - 8
core   0: 3 0x8000b8b6 (0xbfe5)
core   0: 0x8000b8ae (0x00001f17) auipc   t5, 0x1
core   0: 3 0x8000b8ae (0x00001f17) x30 0x8000c8ae
core   0: 0x8000b8b2 (0x743f2923) sw      gp, 1874(t5)
core   0: 3 0x8000b8b2 (0x743f2923) mem 0x8000d000 0x00000001
core   0: 0x8000b8b6 (0x0000bfe5) c.j     pc - 8
core   0: 3 0x8000b8b6 (0xbfe5)
core   0: 0x8000b8ae (0x00001f17) auipc   t5, 0x1
core   0: 3 0x8000b8ae (0x00001f17) x30 0x8000c8ae
core   0: 0x8000b8b2 (0x743f2923) sw      gp, 1874(t5)
core   0: 3 0x8000b8b2 (0x743f2923) mem 0x8000d000 0x00000001
core   0: 0x8000b8b6 (0x0000bfe5) c.j     pc - 8
core   0: 3 0x8000b8b6 (0xbfe5)
core   0: 0x8000b8ae (0x00001f17) auipc   t5, 0x1
core   0: 3 0x8000b8ae (0x00001f17) x30 0x8000c8ae
core   0: 0x8000b8b2 (0x743f2923) sw      gp, 1874(t5)
core   0: 3 0x8000b8b2 (0x743f2923) mem 0x8000d000 0x00000001
core   0: 0x8000b8b6 (0x0000bfe5) c.j     pc - 8
core   0: 3 0x8000b8b6 (0xbfe5)
core   0: 0x8000b8ae (0x00001f17) auipc   t5, 0x1
core   0: 3 0x8000b8ae (0x00001f17) x30 0x8000c8ae
core   0: 0x8000b8b2 (0x743f2923) sw      gp, 1874(t5)
core   0: 3 0x8000b8b2 (0x743f2923) mem 0x8000d000 0x00000001
core   0: 0x8000b8b6 (0x0000bfe5) c.j     pc - 8
core   0: 3 0x8000b8b6 (0xbfe5)
core   0: 0x8000b8ae (0x00001f17) auipc   t5, 0x1
core   0: 3 0x8000b8ae (0x00001f17) x30 0x8000c8ae
core   0: 0x8000b8b2 (0x743f2923) sw      gp, 1874(t5)
core   0: 3 0x8000b8b2 (0x743f2923) mem 0x8000d000 0x00000001
core   0: 0x8000b8b6 (0x0000bfe5) c.j     pc - 8
core   0: 3 0x8000b8b6 (0xbfe5)
core   0: 0x8000b8ae (0x00001f17) auipc   t5, 0x1
core   0: 3 0x8000b8ae (0x00001f17) x30 0x8000c8ae
core   0: 0x8000b8b2 (0x743f2923) sw      gp, 1874(t5)
core   0: 3 0x8000b8b2 (0x743f2923) mem 0x8000d000 0x00000001
core   0: 0x8000b8b6 (0x0000bfe5) c.j     pc - 8
core   0: 3 0x8000b8b6 (0xbfe5)
core   0: 0x8000b8ae (0x00001f17) auipc   t5, 0x1
core   0: 3 0x8000b8ae (0x00001f17) x30 0x8000c8ae
core   0: 0x8000b8b2 (0x743f2923) sw      gp, 1874(t5)
core   0: 3 0x8000b8b2 (0x743f2923) mem 0x8000d000 0x00000001
core   0: 0x8000b8b6 (0x0000bfe5) c.j     pc - 8
core   0: 3 0x8000b8b6 (0xbfe5)
core   0: 0x8000b8ae (0x00001f17) auipc   t5, 0x1
core   0: 3 0x8000b8ae (0x00001f17) x30 0x8000c8ae
core   0: 0x8000b8b2 (0x743f2923) sw      gp, 1874(t5)
core   0: 3 0x8000b8b2 (0x743f2923) mem 0x8000d000 0x00000001
core   0: 0x8000b8b6 (0x0000bfe5) c.j     pc - 8
core   0: 3 0x8000b8b6 (0xbfe5)
core   0: 0x8000b8ae (0x00001f17) auipc   t5, 0x1
core   0: 3 0x8000b8ae (0x00001f17) x30 0x8000c8ae
core   0: 0x8000b8b2 (0x743f2923) sw      gp, 1874(t5)
core   0: 3 0x8000b8b2 (0x743f2923) mem 0x8000d000 0x00000001
core   0: 0x8000b8b6 (0x0000bfe5) c.j     pc - 8
core   0: 3 0x8000b8b6 (0xbfe5)
core   0: 0x8000b8ae (0x00001f17) auipc   t5, 0x1
core   0: 3 0x8000b8ae (0x00001f17) x30 0x8000c8ae
core   0: 0x8000b8b2 (0x743f2923) sw      gp, 1874(t5)
core   0: 3 0x8000b8b2 (0x743f2923) mem 0x8000d000 0x00000001
core   0: 0x8000b8b6 (0x0000bfe5) c.j     pc - 8
core   0: 3 0x8000b8b6 (0xbfe5)
core   0: 0x8000b8ae (0x00001f17) auipc   t5, 0x1
core   0: 3 0x8000b8ae (0x00001f17) x30 0x8000c8ae
core   0: 0x8000b8b2 (0x743f2923) sw      gp, 1874(t5)
core   0: 3 0x8000b8b2 (0x743f2923) mem 0x8000d000 0x00000001
core   0: 0x8000b8b6 (0x0000bfe5) c.j     pc - 8
core   0: 3 0x8000b8b6 (0xbfe5)
core   0: 0x8000b8ae (0x00001f17) auipc   t5, 0x1
core   0: 3 0x8000b8ae (0x00001f17) x30 0x8000c8ae
core   0: 0x8000b8b2 (0x743f2923) sw      gp, 1874(t5)
core   0: 3 0x8000b8b2 (0x743f2923) mem 0x8000d000 0x00000001
core   0: 0x8000b8b6 (0x0000bfe5) c.j     pc - 8
core   0: 3 0x8000b8b6 (0xbfe5)
core   0: 0x8000b8ae (0x00001f17) auipc   t5, 0x1
core   0: 3 0x8000b8ae (0x00001f17) x30 0x8000c8ae
core   0: 0x8000b8b2 (0x743f2923) sw      gp, 1874(t5)
core   0: 3 0x8000b8b2 (0x743f2923) mem 0x8000d000 0x00000001
core   0: 0x8000b8b6 (0x0000bfe5) c.j     pc - 8
core   0: 3 0x8000b8b6 (0xbfe5)
core   0: 0x8000b8ae (0x00001f17) auipc   t5, 0x1
core   0: 3 0x8000b8ae (0x00001f17) x30 0x8000c8ae
core   0: 0x8000b8b2 (0x743f2923) sw      gp, 1874(t5)
core   0: 3 0x8000b8b2 (0x743f2923) mem 0x8000d000 0x00000001
core   0: 0x8000b8b6 (0x0000bfe5) c.j     pc - 8
core   0: 3 0x8000b8b6 (0xbfe5)
core   0: 0x8000b8ae (0x00001f17) auipc   t5, 0x1
core   0: 3 0x8000b8ae (0x00001f17) x30 0x8000c8ae
core   0: 0x8000b8b2 (0x743f2923) sw      gp, 1874(t5)
core   0: 3 0x8000b8b2 (0x743f2923) mem 0x8000d000 0x00000001
core   0: 0x8000b8b6 (0x0000bfe5) c.j     pc - 8
core   0: 3 0x8000b8b6 (0xbfe5)
core   0: 0x8000b8ae (0x00001f17) auipc   t5, 0x1
core   0: 3 0x8000b8ae (0x00001f17) x30 0x8000c8ae
core   0: 0x8000b8b2 (0x743f2923) sw      gp, 1874(t5)
core   0: 3 0x8000b8b2 (0x743f2923) mem 0x8000d000 0x00000001
core   0: 0x8000b8b6 (0x0000bfe5) c.j     pc - 8
core   0: 3 0x8000b8b6 (0xbfe5)
core   0: 0x8000b8ae (0x00001f17) auipc   t5, 0x1
core   0: 3 0x8000b8ae (0x00001f17) x30 0x8000c8ae
core   0: 0x8000b8b2 (0x743f2923) sw      gp, 1874(t5)
core   0: 3 0x8000b8b2 (0x743f2923) mem 0x8000d000 0x00000001
core   0: 0x8000b8b6 (0x0000bfe5) c.j     pc - 8
core   0: 3 0x8000b8b6 (0xbfe5)
core   0: 0x8000b8ae (0x00001f17) auipc   t5, 0x1
core   0: 3 0x8000b8ae (0x00001f17) x30 0x8000c8ae
core   0: 0x8000b8b2 (0x743f2923) sw      gp, 1874(t5)
core   0: 3 0x8000b8b2 (0x743f2923) mem 0x8000d000 0x00000001
core   0: 0x8000b8b6 (0x0000bfe5) c.j     pc - 8
core   0: 3 0x8000b8b6 (0xbfe5)
core   0: 0x8000b8ae (0x00001f17) auipc   t5, 0x1
core   0: 3 0x8000b8ae (0x00001f17) x30 0x8000c8ae
core   0: 0x8000b8b2 (0x743f2923) sw      gp, 1874(t5)
core   0: 3 0x8000b8b2 (0x743f2923) mem 0x8000d000 0x00000001
core   0: 0x8000b8b6 (0x0000bfe5) c.j     pc - 8
core   0: 3 0x8000b8b6 (0xbfe5)
core   0: 0x8000b8ae (0x00001f17) auipc   t5, 0x1
core   0: 3 0x8000b8ae (0x00001f17) x30 0x8000c8ae
core   0: 0x8000b8b2 (0x743f2923) sw      gp, 1874(t5)
core   0: 3 0x8000b8b2 (0x743f2923) mem 0x8000d000 0x00000001
core   0: 0x8000b8b6 (0x0000bfe5) c.j     pc - 8
core   0: 3 0x8000b8b6 (0xbfe5)
core   0: 0x8000b8ae (0x00001f17) auipc   t5, 0x1
core   0: 3 0x8000b8ae (0x00001f17) x30 0x8000c8ae
core   0: 0x8000b8b2 (0x743f2923) sw      gp, 1874(t5)
core   0: 3 0x8000b8b2 (0x743f2923) mem 0x8000d000 0x00000001
core   0: 0x8000b8b6 (0x0000bfe5) c.j     pc - 8
core   0: 3 0x8000b8b6 (0xbfe5)
core   0: 0x8000b8ae (0x00001f17) auipc   t5, 0x1
core   0: 3 0x8000b8ae (0x00001f17) x30 0x8000c8ae
core   0: 0x8000b8b2 (0x743f2923) sw      gp, 1874(t5)
core   0: 3 0x8000b8b2 (0x743f2923) mem 0x8000d000 0x00000001
core   0: 0x8000b8b6 (0x0000bfe5) c.j     pc - 8
core   0: 3 0x8000b8b6 (0xbfe5)
core   0: 0x8000b8ae (0x00001f17) auipc   t5, 0x1
core   0: 3 0x8000b8ae (0x00001f17) x30 0x8000c8ae
core   0: 0x8000b8b2 (0x743f2923) sw      gp, 1874(t5)
core   0: 3 0x8000b8b2 (0x743f2923) mem 0x8000d000 0x00000001
core   0: 0x8000b8b6 (0x0000bfe5) c.j     pc - 8
core   0: 3 0x8000b8b6 (0xbfe5)
core   0: 0x8000b8ae (0x00001f17) auipc   t5, 0x1
core   0: 3 0x8000b8ae (0x00001f17) x30 0x8000c8ae
core   0: 0x8000b8b2 (0x743f2923) sw      gp, 1874(t5)
core   0: 3 0x8000b8b2 (0x743f2923) mem 0x8000d000 0x00000001
core   0: 0x8000b8b6 (0x0000bfe5) c.j     pc - 8
core   0: 3 0x8000b8b6 (0xbfe5)
core   0: 0x8000b8ae (0x00001f17) auipc   t5, 0x1
core   0: 3 0x8000b8ae (0x00001f17) x30 0x8000c8ae
core   0: 0x8000b8b2 (0x743f2923) sw      gp, 1874(t5)
core   0: 3 0x8000b8b2 (0x743f2923) mem 0x8000d000 0x00000001
core   0: 0x8000b8b6 (0x0000bfe5) c.j     pc - 8
core   0: 3 0x8000b8b6 (0xbfe5)
core   0: 0x8000b8ae (0x00001f17) auipc   t5, 0x1
core   0: 3 0x8000b8ae (0x00001f17) x30 0x8000c8ae
core   0: 0x8000b8b2 (0x743f2923) sw      gp, 1874(t5)
core   0: 3 0x8000b8b2 (0x743f2923) mem 0x8000d000 0x00000001
core   0: 0x8000b8b6 (0x0000bfe5) c.j     pc - 8
core   0: 3 0x8000b8b6 (0xbfe5)
core   0: 0x8000b8ae (0x00001f17) auipc   t5, 0x1
core   0: 3 0x8000b8ae (0x00001f17) x30 0x8000c8ae
core   0: 0x8000b8b2 (0x743f2923) sw      gp, 1874(t5)
core   0: 3 0x8000b8b2 (0x743f2923) mem 0x8000d000 0x00000001
core   0: 0x8000b8b6 (0x0000bfe5) c.j     pc - 8
core   0: 3 0x8000b8b6 (0xbfe5)
core   0: 0x8000b8ae (0x00001f17) auipc   t5, 0x1
core   0: 3 0x8000b8ae (0x00001f17) x30 0x8000c8ae
core   0: 0x8000b8b2 (0x743f2923) sw      gp, 1874(t5)
core   0: 3 0x8000b8b2 (0x743f2923) mem 0x8000d000 0x00000001
core   0: 0x8000b8b6 (0x0000bfe5) c.j     pc - 8
core   0: 3 0x8000b8b6 (0xbfe5)
core   0: 0x8000b8ae (0x00001f17) auipc   t5, 0x1
core   0: 3 0x8000b8ae (0x00001f17) x30 0x8000c8ae
core   0: 0x8000b8b2 (0x743f2923) sw      gp, 1874(t5)
core   0: 3 0x8000b8b2 (0x743f2923) mem 0x8000d000 0x00000001
core   0: 0x8000b8b6 (0x0000bfe5) c.j     pc - 8
core   0: 3 0x8000b8b6 (0xbfe5)
core   0: 0x8000b8ae (0x00001f17) auipc   t5, 0x1
core   0: 3 0x8000b8ae (0x00001f17) x30 0x8000c8ae
core   0: 0x8000b8b2 (0x743f2923) sw      gp, 1874(t5)
core   0: 3 0x8000b8b2 (0x743f2923) mem 0x8000d000 0x00000001
core   0: 0x8000b8b6 (0x0000bfe5) c.j     pc - 8
core   0: 3 0x8000b8b6 (0xbfe5)
core   0: 0x8000b8ae (0x00001f17) auipc   t5, 0x1
core   0: 3 0x8000b8ae (0x00001f17) x30 0x8000c8ae
core   0: 0x8000b8b2 (0x743f2923) sw      gp, 1874(t5)
core   0: 3 0x8000b8b2 (0x743f2923) mem 0x8000d000 0x00000001
core   0: 0x8000b8b6 (0x0000bfe5) c.j     pc - 8
core   0: 3 0x8000b8b6 (0xbfe5)
core   0: 0x8000b8ae (0x00001f17) auipc   t5, 0x1
core   0: 3 0x8000b8ae (0x00001f17) x30 0x8000c8ae
core   0: 0x8000b8b2 (0x743f2923) sw      gp, 1874(t5)
core   0: 3 0x8000b8b2 (0x743f2923) mem 0x8000d000 0x00000001
core   0: 0x8000b8b6 (0x0000bfe5) c.j     pc - 8
core   0: 3 0x8000b8b6 (0xbfe5)
core   0: 0x8000b8ae (0x00001f17) auipc   t5, 0x1
core   0: 3 0x8000b8ae (0x00001f17) x30 0x8000c8ae
core   0: 0x8000b8b2 (0x743f2923) sw      gp, 1874(t5)
core   0: 3 0x8000b8b2 (0x743f2923) mem 0x8000d000 0x00000001
core   0: 0x8000b8b6 (0x0000bfe5) c.j     pc - 8
core   0: 3 0x8000b8b6 (0xbfe5)
core   0: 0x8000b8ae (0x00001f17) auipc   t5, 0x1
core   0: 3 0x8000b8ae (0x00001f17) x30 0x8000c8ae
core   0: 0x8000b8b2 (0x743f2923) sw      gp, 1874(t5)
core   0: 3 0x8000b8b2 (0x743f2923) mem 0x8000d000 0x00000001
core   0: 0x8000b8b6 (0x0000bfe5) c.j     pc - 8
core   0: 3 0x8000b8b6 (0xbfe5)
core   0: 0x8000b8ae (0x00001f17) auipc   t5, 0x1
core   0: 3 0x8000b8ae (0x00001f17) x30 0x8000c8ae
core   0: 0x8000b8b2 (0x743f2923) sw      gp, 1874(t5)
core   0: 3 0x8000b8b2 (0x743f2923) mem 0x8000d000 0x00000001
core   0: 0x8000b8b6 (0x0000bfe5) c.j     pc - 8
core   0: 3 0x8000b8b6 (0xbfe5)
core   0: 0x8000b8ae (0x00001f17) auipc   t5, 0x1
core   0: 3 0x8000b8ae (0x00001f17) x30 0x8000c8ae
core   0: 0x8000b8b2 (0x743f2923) sw      gp, 1874(t5)
core   0: 3 0x8000b8b2 (0x743f2923) mem 0x8000d000 0x00000001
core   0: 0x8000b8b6 (0x0000bfe5) c.j     pc - 8
core   0: 3 0x8000b8b6 (0xbfe5)
core   0: 0x8000b8ae (0x00001f17) auipc   t5, 0x1
core   0: 3 0x8000b8ae (0x00001f17) x30 0x8000c8ae
core   0: 0x8000b8b2 (0x743f2923) sw      gp, 1874(t5)
core   0: 3 0x8000b8b2 (0x743f2923) mem 0x8000d000 0x00000001
core   0: 0x8000b8b6 (0x0000bfe5) c.j     pc - 8
core   0: 3 0x8000b8b6 (0xbfe5)
core   0: 0x8000b8ae (0x00001f17) auipc   t5, 0x1
core   0: 3 0x8000b8ae (0x00001f17) x30 0x8000c8ae
core   0: 0x8000b8b2 (0x743f2923) sw      gp, 1874(t5)
core   0: 3 0x8000b8b2 (0x743f2923) mem 0x8000d000 0x00000001
core   0: 0x8000b8b6 (0x0000bfe5) c.j     pc - 8
core   0: 3 0x8000b8b6 (0xbfe5)
core   0: 0x8000b8ae (0x00001f17) auipc   t5, 0x1
core   0: 3 0x8000b8ae (0x00001f17) x30 0x8000c8ae
core   0: 0x8000b8b2 (0x743f2923) sw      gp, 1874(t5)
core   0: 3 0x8000b8b2 (0x743f2923) mem 0x8000d000 0x00000001
core   0: 0x8000b8b6 (0x0000bfe5) c.j     pc - 8
core   0: 3 0x8000b8b6 (0xbfe5)
core   0: 0x8000b8ae (0x00001f17) auipc   t5, 0x1
core   0: 3 0x8000b8ae (0x00001f17) x30 0x8000c8ae
core   0: 0x8000b8b2 (0x743f2923) sw      gp, 1874(t5)
core   0: 3 0x8000b8b2 (0x743f2923) mem 0x8000d000 0x00000001
core   0: 0x8000b8b6 (0x0000bfe5) c.j     pc - 8
core   0: 3 0x8000b8b6 (0xbfe5)
core   0: 0x8000b8ae (0x00001f17) auipc   t5, 0x1
core   0: 3 0x8000b8ae (0x00001f17) x30 0x8000c8ae
core   0: 0x8000b8b2 (0x743f2923) sw      gp, 1874(t5)
core   0: 3 0x8000b8b2 (0x743f2923) mem 0x8000d000 0x00000001
core   0: 0x8000b8b6 (0x0000bfe5) c.j     pc - 8
core   0: 3 0x8000b8b6 (0xbfe5)
core   0: 0x8000b8ae (0x00001f17) auipc   t5, 0x1
core   0: 3 0x8000b8ae (0x00001f17) x30 0x8000c8ae
core   0: 0x8000b8b2 (0x743f2923) sw      gp, 1874(t5)
core   0: 3 0x8000b8b2 (0x743f2923) mem 0x8000d000 0x00000001
core   0: 0x8000b8b6 (0x0000bfe5) c.j     pc - 8
core   0: 3 0x8000b8b6 (0xbfe5)
core   0: 0x8000b8ae (0x00001f17) auipc   t5, 0x1
core   0: 3 0x8000b8ae (0x00001f17) x30 0x8000c8ae
core   0: 0x8000b8b2 (0x743f2923) sw      gp, 1874(t5)
core   0: 3 0x8000b8b2 (0x743f2923) mem 0x8000d000 0x00000001
core   0: 0x8000b8b6 (0x0000bfe5) c.j     pc - 8
core   0: 3 0x8000b8b6 (0xbfe5)
core   0: 0x8000b8ae (0x00001f17) auipc   t5, 0x1
core   0: 3 0x8000b8ae (0x00001f17) x30 0x8000c8ae
core   0: 0x8000b8b2 (0x743f2923) sw      gp, 1874(t5)
core   0: 3 0x8000b8b2 (0x743f2923) mem 0x8000d000 0x00000001
core   0: 0x8000b8b6 (0x0000bfe5) c.j     pc - 8
core   0: 3 0x8000b8b6 (0xbfe5)
core   0: 0x8000b8ae (0x00001f17) auipc   t5, 0x1
core   0: 3 0x8000b8ae (0x00001f17) x30 0x8000c8ae
core   0: 0x8000b8b2 (0x743f2923) sw      gp, 1874(t5)
core   0: 3 0x8000b8b2 (0x743f2923) mem 0x8000d000 0x00000001
core   0: 0x8000b8b6 (0x0000bfe5) c.j     pc - 8
core   0: 3 0x8000b8b6 (0xbfe5)
core   0: 0x8000b8ae (0x00001f17) auipc   t5, 0x1
core   0: 3 0x8000b8ae (0x00001f17) x30 0x8000c8ae
core   0: 0x8000b8b2 (0x743f2923) sw      gp, 1874(t5)
core   0: 3 0x8000b8b2 (0x743f2923) mem 0x8000d000 0x00000001
core   0: 0x8000b8b6 (0x0000bfe5) c.j     pc - 8
core   0: 3 0x8000b8b6 (0xbfe5)
core   0: 0x8000b8ae (0x00001f17) auipc   t5, 0x1
core   0: 3 0x8000b8ae (0x00001f17) x30 0x8000c8ae
core   0: 0x8000b8b2 (0x743f2923) sw      gp, 1874(t5)
core   0: 3 0x8000b8b2 (0x743f2923) mem 0x8000d000 0x00000001
core   0: 0x8000b8b6 (0x0000bfe5) c.j     pc - 8
core   0: 3 0x8000b8b6 (0xbfe5)
core   0: 0x8000b8ae (0x00001f17) auipc   t5, 0x1
core   0: 3 0x8000b8ae (0x00001f17) x30 0x8000c8ae
core   0: 0x8000b8b2 (0x743f2923) sw      gp, 1874(t5)
core   0: 3 0x8000b8b2 (0x743f2923) mem 0x8000d000 0x00000001
core   0: 0x8000b8b6 (0x0000bfe5) c.j     pc - 8
core   0: 3 0x8000b8b6 (0xbfe5)
core   0: 0x8000b8ae (0x00001f17) auipc   t5, 0x1
core   0: 3 0x8000b8ae (0x00001f17) x30 0x8000c8ae
core   0: 0x8000b8b2 (0x743f2923) sw      gp, 1874(t5)
core   0: 3 0x8000b8b2 (0x743f2923) mem 0x8000d000 0x00000001
core   0: 0x8000b8b6 (0x0000bfe5) c.j     pc - 8
core   0: 3 0x8000b8b6 (0xbfe5)
core   0: 0x8000b8ae (0x00001f17) auipc   t5, 0x1
core   0: 3 0x8000b8ae (0x00001f17) x30 0x8000c8ae
core   0: 0x8000b8b2 (0x743f2923) sw      gp, 1874(t5)
core   0: 3 0x8000b8b2 (0x743f2923) mem 0x8000d000 0x00000001
core   0: 0x8000b8b6 (0x0000bfe5) c.j     pc - 8
core   0: 3 0x8000b8b6 (0xbfe5)
core   0: 0x8000b8ae (0x00001f17) auipc   t5, 0x1
core   0: 3 0x8000b8ae (0x00001f17) x30 0x8000c8ae
core   0: 0x8000b8b2 (0x743f2923) sw      gp, 1874(t5)
core   0: 3 0x8000b8b2 (0x743f2923) mem 0x8000d000 0x00000001
core   0: 0x8000b8b6 (0x0000bfe5) c.j     pc - 8
core   0: 3 0x8000b8b6 (0xbfe5)
core   0: 0x8000b8ae (0x00001f17) auipc   t5, 0x1
core   0: 3 0x8000b8ae (0x00001f17) x30 0x8000c8ae
core   0: 0x8000b8b2 (0x743f2923) sw      gp, 1874(t5)
core   0: 3 0x8000b8b2 (0x743f2923) mem 0x8000d000 0x00000001
core   0: 0x8000b8b6 (0x0000bfe5) c.j     pc - 8
core   0: 3 0x8000b8b6 (0xbfe5)
core   0: 0x8000b8ae (0x00001f17) auipc   t5, 0x1
core   0: 3 0x8000b8ae (0x00001f17) x30 0x8000c8ae
core   0: 0x8000b8b2 (0x743f2923) sw      gp, 1874(t5)
core   0: 3 0x8000b8b2 (0x743f2923) mem 0x8000d000 0x00000001
core   0: 0x8000b8b6 (0x0000bfe5) c.j     pc - 8
core   0: 3 0x8000b8b6 (0xbfe5)
core   0: 0x8000b8ae (0x00001f17) auipc   t5, 0x1
core   0: 3 0x8000b8ae (0x00001f17) x30 0x8000c8ae
core   0: 0x8000b8b2 (0x743f2923) sw      gp, 1874(t5)
core   0: 3 0x8000b8b2 (0x743f2923) mem 0x8000d000 0x00000001
core   0: 0x8000b8b6 (0x0000bfe5) c.j     pc - 8
core   0: 3 0x8000b8b6 (0xbfe5)
core   0: 0x8000b8ae (0x00001f17) auipc   t5, 0x1
core   0: 3 0x8000b8ae (0x00001f17) x30 0x8000c8ae
core   0: 0x8000b8b2 (0x743f2923) sw      gp, 1874(t5)
core   0: 3 0x8000b8b2 (0x743f2923) mem 0x8000d000 0x00000001
core   0: 0x8000b8b6 (0x0000bfe5) c.j     pc - 8
core   0: 3 0x8000b8b6 (0xbfe5)
core   0: 0x8000b8ae (0x00001f17) auipc   t5, 0x1
core   0: 3 0x8000b8ae (0x00001f17) x30 0x8000c8ae
core   0: 0x8000b8b2 (0x743f2923) sw      gp, 1874(t5)
core   0: 3 0x8000b8b2 (0x743f2923) mem 0x8000d000 0x00000001
core   0: 0x8000b8b6 (0x0000bfe5) c.j     pc - 8
core   0: 3 0x8000b8b6 (0xbfe5)
core   0: 0x8000b8ae (0x00001f17) auipc   t5, 0x1
core   0: 3 0x8000b8ae (0x00001f17) x30 0x8000c8ae
core   0: 0x8000b8b2 (0x743f2923) sw      gp, 1874(t5)
core   0: 3 0x8000b8b2 (0x743f2923) mem 0x8000d000 0x00000001
core   0: 0x8000b8b6 (0x0000bfe5) c.j     pc - 8
core   0: 3 0x8000b8b6 (0xbfe5)
core   0: 0x8000b8ae (0x00001f17) auipc   t5, 0x1
core   0: 3 0x8000b8ae (0x00001f17) x30 0x8000c8ae
core   0: 0x8000b8b2 (0x743f2923) sw      gp, 1874(t5)
core   0: 3 0x8000b8b2 (0x743f2923) mem 0x8000d000 0x00000001
core   0: 0x8000b8b6 (0x0000bfe5) c.j     pc - 8
core   0: 3 0x8000b8b6 (0xbfe5)
core   0: 0x8000b8ae (0x00001f17) auipc   t5, 0x1
core   0: 3 0x8000b8ae (0x00001f17) x30 0x8000c8ae
core   0: 0x8000b8b2 (0x743f2923) sw      gp, 1874(t5)
core   0: 3 0x8000b8b2 (0x743f2923) mem 0x8000d000 0x00000001
core   0: 0x8000b8b6 (0x0000bfe5) c.j     pc - 8
core   0: 3 0x8000b8b6 (0xbfe5)
core   0: 0x8000b8ae (0x00001f17) auipc   t5, 0x1
core   0: 3 0x8000b8ae (0x00001f17) x30 0x8000c8ae
core   0: 0x8000b8b2 (0x743f2923) sw      gp, 1874(t5)
core   0: 3 0x8000b8b2 (0x743f2923) mem 0x8000d000 0x00000001
core   0: 0x8000b8b6 (0x0000bfe5) c.j     pc - 8
core   0: 3 0x8000b8b6 (0xbfe5)
core   0: 0x8000b8ae (0x00001f17) auipc   t5, 0x1
core   0: 3 0x8000b8ae (0x00001f17) x30 0x8000c8ae
core   0: 0x8000b8b2 (0x743f2923) sw      gp, 1874(t5)
core   0: 3 0x8000b8b2 (0x743f2923) mem 0x8000d000 0x00000001
core   0: 0x8000b8b6 (0x0000bfe5) c.j     pc - 8
core   0: 3 0x8000b8b6 (0xbfe5)
core   0: 0x8000b8ae (0x00001f17) auipc   t5, 0x1
core   0: 3 0x8000b8ae (0x00001f17) x30 0x8000c8ae
core   0: 0x8000b8b2 (0x743f2923) sw      gp, 1874(t5)
core   0: 3 0x8000b8b2 (0x743f2923) mem 0x8000d000 0x00000001
core   0: 0x8000b8b6 (0x0000bfe5) c.j     pc - 8
core   0: 3 0x8000b8b6 (0xbfe5)
core   0: 0x8000b8ae (0x00001f17) auipc   t5, 0x1
core   0: 3 0x8000b8ae (0x00001f17) x30 0x8000c8ae
core   0: 0x8000b8b2 (0x743f2923) sw      gp, 1874(t5)
core   0: 3 0x8000b8b2 (0x743f2923) mem 0x8000d000 0x00000001
core   0: 0x8000b8b6 (0x0000bfe5) c.j     pc - 8
core   0: 3 0x8000b8b6 (0xbfe5)
core   0: 0x8000b8ae (0x00001f17) auipc   t5, 0x1
core   0: 3 0x8000b8ae (0x00001f17) x30 0x8000c8ae
core   0: 0x8000b8b2 (0x743f2923) sw      gp, 1874(t5)
core   0: 3 0x8000b8b2 (0x743f2923) mem 0x8000d000 0x00000001
core   0: 0x8000b8b6 (0x0000bfe5) c.j     pc - 8
core   0: 3 0x8000b8b6 (0xbfe5)
core   0: 0x8000b8ae (0x00001f17) auipc   t5, 0x1
core   0: 3 0x8000b8ae (0x00001f17) x30 0x8000c8ae
core   0: 0x8000b8b2 (0x743f2923) sw      gp, 1874(t5)
core   0: 3 0x8000b8b2 (0x743f2923) mem 0x8000d000 0x00000001
core   0: 0x8000b8b6 (0x0000bfe5) c.j     pc - 8
core   0: 3 0x8000b8b6 (0xbfe5)
core   0: 0x8000b8ae (0x00001f17) auipc   t5, 0x1
core   0: 3 0x8000b8ae (0x00001f17) x30 0x8000c8ae
core   0: 0x8000b8b2 (0x743f2923) sw      gp, 1874(t5)
core   0: 3 0x8000b8b2 (0x743f2923) mem 0x8000d000 0x00000001
core   0: 0x8000b8b6 (0x0000bfe5) c.j     pc - 8
core   0: 3 0x8000b8b6 (0xbfe5)
core   0: 0x8000b8ae (0x00001f17) auipc   t5, 0x1
core   0: 3 0x8000b8ae (0x00001f17) x30 0x8000c8ae
core   0: 0x8000b8b2 (0x743f2923) sw      gp, 1874(t5)
core   0: 3 0x8000b8b2 (0x743f2923) mem 0x8000d000 0x00000001
core   0: 0x8000b8b6 (0x0000bfe5) c.j     pc - 8
core   0: 3 0x8000b8b6 (0xbfe5)
core   0: 0x8000b8ae (0x00001f17) auipc   t5, 0x1
core   0: 3 0x8000b8ae (0x00001f17) x30 0x8000c8ae
core   0: 0x8000b8b2 (0x743f2923) sw      gp, 1874(t5)
core   0: 3 0x8000b8b2 (0x743f2923) mem 0x8000d000 0x00000001
core   0: 0x8000b8b6 (0x0000bfe5) c.j     pc - 8
core   0: 3 0x8000b8b6 (0xbfe5)
core   0: 0x8000b8ae (0x00001f17) auipc   t5, 0x1
core   0: 3 0x8000b8ae (0x00001f17) x30 0x8000c8ae
core   0: 0x8000b8b2 (0x743f2923) sw      gp, 1874(t5)
core   0: 3 0x8000b8b2 (0x743f2923) mem 0x8000d000 0x00000001
core   0: 0x8000b8b6 (0x0000bfe5) c.j     pc - 8
core   0: 3 0x8000b8b6 (0xbfe5)
core   0: 0x8000b8ae (0x00001f17) auipc   t5, 0x1
core   0: 3 0x8000b8ae (0x00001f17) x30 0x8000c8ae
core   0: 0x8000b8b2 (0x743f2923) sw      gp, 1874(t5)
core   0: 3 0x8000b8b2 (0x743f2923) mem 0x8000d000 0x00000001
core   0: 0x8000b8b6 (0x0000bfe5) c.j     pc - 8
core   0: 3 0x8000b8b6 (0xbfe5)
core   0: 0x8000b8ae (0x00001f17) auipc   t5, 0x1
core   0: 3 0x8000b8ae (0x00001f17) x30 0x8000c8ae
core   0: 0x8000b8b2 (0x743f2923) sw      gp, 1874(t5)
core   0: 3 0x8000b8b2 (0x743f2923) mem 0x8000d000 0x00000001
core   0: 0x8000b8b6 (0x0000bfe5) c.j     pc - 8
core   0: 3 0x8000b8b6 (0xbfe5)
core   0: 0x8000b8ae (0x00001f17) auipc   t5, 0x1
core   0: 3 0x8000b8ae (0x00001f17) x30 0x8000c8ae
core   0: 0x8000b8b2 (0x743f2923) sw      gp, 1874(t5)
core   0: 3 0x8000b8b2 (0x743f2923) mem 0x8000d000 0x00000001
core   0: 0x8000b8b6 (0x0000bfe5) c.j     pc - 8
core   0: 3 0x8000b8b6 (0xbfe5)
core   0: 0x8000b8ae (0x00001f17) auipc   t5, 0x1
core   0: 3 0x8000b8ae (0x00001f17) x30 0x8000c8ae
core   0: 0x8000b8b2 (0x743f2923) sw      gp, 1874(t5)
core   0: 3 0x8000b8b2 (0x743f2923) mem 0x8000d000 0x00000001
core   0: 0x8000b8b6 (0x0000bfe5) c.j     pc - 8
core   0: 3 0x8000b8b6 (0xbfe5)
core   0: 0x8000b8ae (0x00001f17) auipc   t5, 0x1
core   0: 3 0x8000b8ae (0x00001f17) x30 0x8000c8ae
core   0: 0x8000b8b2 (0x743f2923) sw      gp, 1874(t5)
core   0: 3 0x8000b8b2 (0x743f2923) mem 0x8000d000 0x00000001
core   0: 0x8000b8b6 (0x0000bfe5) c.j     pc - 8
core   0: 3 0x8000b8b6 (0xbfe5)
core   0: 0x8000b8ae (0x00001f17) auipc   t5, 0x1
core   0: 3 0x8000b8ae (0x00001f17) x30 0x8000c8ae
core   0: 0x8000b8b2 (0x743f2923) sw      gp, 1874(t5)
core   0: 3 0x8000b8b2 (0x743f2923) mem 0x8000d000 0x00000001
core   0: 0x8000b8b6 (0x0000bfe5) c.j     pc - 8
core   0: 3 0x8000b8b6 (0xbfe5)
core   0: 0x8000b8ae (0x00001f17) auipc   t5, 0x1
core   0: 3 0x8000b8ae (0x00001f17) x30 0x8000c8ae
core   0: 0x8000b8b2 (0x743f2923) sw      gp, 1874(t5)
core   0: 3 0x8000b8b2 (0x743f2923) mem 0x8000d000 0x00000001
core   0: 0x8000b8b6 (0x0000bfe5) c.j     pc - 8
core   0: 3 0x8000b8b6 (0xbfe5)
core   0: 0x8000b8ae (0x00001f17) auipc   t5, 0x1
core   0: 3 0x8000b8ae (0x00001f17) x30 0x8000c8ae
core   0: 0x8000b8b2 (0x743f2923) sw      gp, 1874(t5)
core   0: 3 0x8000b8b2 (0x743f2923) mem 0x8000d000 0x00000001
core   0: 0x8000b8b6 (0x0000bfe5) c.j     pc - 8
core   0: 3 0x8000b8b6 (0xbfe5)
core   0: 0x8000b8ae (0x00001f17) auipc   t5, 0x1
core   0: 3 0x8000b8ae (0x00001f17) x30 0x8000c8ae
core   0: 0x8000b8b2 (0x743f2923) sw      gp, 1874(t5)
core   0: 3 0x8000b8b2 (0x743f2923) mem 0x8000d000 0x00000001
core   0: 0x8000b8b6 (0x0000bfe5) c.j     pc - 8
core   0: 3 0x8000b8b6 (0xbfe5)
core   0: 0x8000b8ae (0x00001f17) auipc   t5, 0x1
core   0: 3 0x8000b8ae (0x00001f17) x30 0x8000c8ae
core   0: 0x8000b8b2 (0x743f2923) sw      gp, 1874(t5)
core   0: 3 0x8000b8b2 (0x743f2923) mem 0x8000d000 0x00000001
core   0: 0x8000b8b6 (0x0000bfe5) c.j     pc - 8
core   0: 3 0x8000b8b6 (0xbfe5)
core   0: 0x8000b8ae (0x00001f17) auipc   t5, 0x1
core   0: 3 0x8000b8ae (0x00001f17) x30 0x8000c8ae
core   0: 0x8000b8b2 (0x743f2923) sw      gp, 1874(t5)
core   0: 3 0x8000b8b2 (0x743f2923) mem 0x8000d000 0x00000001
core   0: 0x8000b8b6 (0x0000bfe5) c.j     pc - 8
core   0: 3 0x8000b8b6 (0xbfe5)
core   0: 0x8000b8ae (0x00001f17) auipc   t5, 0x1
core   0: 3 0x8000b8ae (0x00001f17) x30 0x8000c8ae
core   0: 0x8000b8b2 (0x743f2923) sw      gp, 1874(t5)
core   0: 3 0x8000b8b2 (0x743f2923) mem 0x8000d000 0x00000001
core   0: 0x8000b8b6 (0x0000bfe5) c.j     pc - 8
core   0: 3 0x8000b8b6 (0xbfe5)
core   0: 0x8000b8ae (0x00001f17) auipc   t5, 0x1
core   0: 3 0x8000b8ae (0x00001f17) x30 0x8000c8ae
core   0: 0x8000b8b2 (0x743f2923) sw      gp, 1874(t5)
core   0: 3 0x8000b8b2 (0x743f2923) mem 0x8000d000 0x00000001
core   0: 0x8000b8b6 (0x0000bfe5) c.j     pc - 8
core   0: 3 0x8000b8b6 (0xbfe5)
core   0: 0x8000b8ae (0x00001f17) auipc   t5, 0x1
core   0: 3 0x8000b8ae (0x00001f17) x30 0x8000c8ae
core   0: 0x8000b8b2 (0x743f2923) sw      gp, 1874(t5)
core   0: 3 0x8000b8b2 (0x743f2923) mem 0x8000d000 0x00000001
core   0: 0x8000b8b6 (0x0000bfe5) c.j     pc - 8
core   0: 3 0x8000b8b6 (0xbfe5)
core   0: 0x8000b8ae (0x00001f17) auipc   t5, 0x1
core   0: 3 0x8000b8ae (0x00001f17) x30 0x8000c8ae
core   0: 0x8000b8b2 (0x743f2923) sw      gp, 1874(t5)
core   0: 3 0x8000b8b2 (0x743f2923) mem 0x8000d000 0x00000001
core   0: 0x8000b8b6 (0x0000bfe5) c.j     pc - 8
core   0: 3 0x8000b8b6 (0xbfe5)
core   0: 0x8000b8ae (0x00001f17) auipc   t5, 0x1
core   0: 3 0x8000b8ae (0x00001f17) x30 0x8000c8ae
core   0: 0x8000b8b2 (0x743f2923) sw      gp, 1874(t5)
core   0: 3 0x8000b8b2 (0x743f2923) mem 0x8000d000 0x00000001
core   0: 0x8000b8b6 (0x0000bfe5) c.j     pc - 8
core   0: 3 0x8000b8b6 (0xbfe5)
core   0: 0x8000b8ae (0x00001f17) auipc   t5, 0x1
core   0: 3 0x8000b8ae (0x00001f17) x30 0x8000c8ae
core   0: 0x8000b8b2 (0x743f2923) sw      gp, 1874(t5)
core   0: 3 0x8000b8b2 (0x743f2923) mem 0x8000d000 0x00000001
core   0: 0x8000b8b6 (0x0000bfe5) c.j     pc - 8
core   0: 3 0x8000b8b6 (0xbfe5)
core   0: 0x8000b8ae (0x00001f17) auipc   t5, 0x1
core   0: 3 0x8000b8ae (0x00001f17) x30 0x8000c8ae
core   0: 0x8000b8b2 (0x743f2923) sw      gp, 1874(t5)
core   0: 3 0x8000b8b2 (0x743f2923) mem 0x8000d000 0x00000001
core   0: 0x8000b8b6 (0x0000bfe5) c.j     pc - 8
core   0: 3 0x8000b8b6 (0xbfe5)
core   0: 0x8000b8ae (0x00001f17) auipc   t5, 0x1
core   0: 3 0x8000b8ae (0x00001f17) x30 0x8000c8ae
core   0: 0x8000b8b2 (0x743f2923) sw      gp, 1874(t5)
core   0: 3 0x8000b8b2 (0x743f2923) mem 0x8000d000 0x00000001
core   0: 0x8000b8b6 (0x0000bfe5) c.j     pc - 8
core   0: 3 0x8000b8b6 (0xbfe5)
core   0: 0x8000b8ae (0x00001f17) auipc   t5, 0x1
core   0: 3 0x8000b8ae (0x00001f17) x30 0x8000c8ae
core   0: 0x8000b8b2 (0x743f2923) sw      gp, 1874(t5)
core   0: 3 0x8000b8b2 (0x743f2923) mem 0x8000d000 0x00000001
core   0: 0x8000b8b6 (0x0000bfe5) c.j     pc - 8
core   0: 3 0x8000b8b6 (0xbfe5)
core   0: 0x8000b8ae (0x00001f17) auipc   t5, 0x1
core   0: 3 0x8000b8ae (0x00001f17) x30 0x8000c8ae
core   0: 0x8000b8b2 (0x743f2923) sw      gp, 1874(t5)
core   0: 3 0x8000b8b2 (0x743f2923) mem 0x8000d000 0x00000001
core   0: 0x8000b8b6 (0x0000bfe5) c.j     pc - 8
core   0: 3 0x8000b8b6 (0xbfe5)
core   0: 0x8000b8ae (0x00001f17) auipc   t5, 0x1
core   0: 3 0x8000b8ae (0x00001f17) x30 0x8000c8ae
core   0: 0x8000b8b2 (0x743f2923) sw      gp, 1874(t5)
core   0: 3 0x8000b8b2 (0x743f2923) mem 0x8000d000 0x00000001
core   0: 0x8000b8b6 (0x0000bfe5) c.j     pc - 8
core   0: 3 0x8000b8b6 (0xbfe5)
core   0: 0x8000b8ae (0x00001f17) auipc   t5, 0x1
core   0: 3 0x8000b8ae (0x00001f17) x30 0x8000c8ae
core   0: 0x8000b8b2 (0x743f2923) sw      gp, 1874(t5)
core   0: 3 0x8000b8b2 (0x743f2923) mem 0x8000d000 0x00000001
core   0: 0x8000b8b6 (0x0000bfe5) c.j     pc - 8
core   0: 3 0x8000b8b6 (0xbfe5)
core   0: 0x8000b8ae (0x00001f17) auipc   t5, 0x1
core   0: 3 0x8000b8ae (0x00001f17) x30 0x8000c8ae
core   0: 0x8000b8b2 (0x743f2923) sw      gp, 1874(t5)
core   0: 3 0x8000b8b2 (0x743f2923) mem 0x8000d000 0x00000001
core   0: 0x8000b8b6 (0x0000bfe5) c.j     pc - 8
core   0: 3 0x8000b8b6 (0xbfe5)
core   0: 0x8000b8ae (0x00001f17) auipc   t5, 0x1
core   0: 3 0x8000b8ae (0x00001f17) x30 0x8000c8ae
core   0: 0x8000b8b2 (0x743f2923) sw      gp, 1874(t5)
core   0: 3 0x8000b8b2 (0x743f2923) mem 0x8000d000 0x00000001
core   0: 0x8000b8b6 (0x0000bfe5) c.j     pc - 8
core   0: 3 0x8000b8b6 (0xbfe5)
core   0: 0x8000b8ae (0x00001f17) auipc   t5, 0x1
core   0: 3 0x8000b8ae (0x00001f17) x30 0x8000c8ae
core   0: 0x8000b8b2 (0x743f2923) sw      gp, 1874(t5)
core   0: 3 0x8000b8b2 (0x743f2923) mem 0x8000d000 0x00000001
core   0: 0x8000b8b6 (0x0000bfe5) c.j     pc - 8
core   0: 3 0x8000b8b6 (0xbfe5)
core   0: 0x8000b8ae (0x00001f17) auipc   t5, 0x1
core   0: 3 0x8000b8ae (0x00001f17) x30 0x8000c8ae
core   0: 0x8000b8b2 (0x743f2923) sw      gp, 1874(t5)
core   0: 3 0x8000b8b2 (0x743f2923) mem 0x8000d000 0x00000001
core   0: 0x8000b8b6 (0x0000bfe5) c.j     pc - 8
core   0: 3 0x8000b8b6 (0xbfe5)
core   0: 0x8000b8ae (0x00001f17) auipc   t5, 0x1
core   0: 3 0x8000b8ae (0x00001f17) x30 0x8000c8ae
core   0: 0x8000b8b2 (0x743f2923) sw      gp, 1874(t5)
core   0: 3 0x8000b8b2 (0x743f2923) mem 0x8000d000 0x00000001
core   0: 0x8000b8b6 (0x0000bfe5) c.j     pc - 8
core   0: 3 0x8000b8b6 (0xbfe5)
core   0: 0x8000b8ae (0x00001f17) auipc   t5, 0x1
core   0: 3 0x8000b8ae (0x00001f17) x30 0x8000c8ae
core   0: 0x8000b8b2 (0x743f2923) sw      gp, 1874(t5)
core   0: 3 0x8000b8b2 (0x743f2923) mem 0x8000d000 0x00000001
core   0: 0x8000b8b6 (0x0000bfe5) c.j     pc - 8
core   0: 3 0x8000b8b6 (0xbfe5)
core   0: 0x8000b8ae (0x00001f17) auipc   t5, 0x1
core   0: 3 0x8000b8ae (0x00001f17) x30 0x8000c8ae
core   0: 0x8000b8b2 (0x743f2923) sw      gp, 1874(t5)
core   0: 3 0x8000b8b2 (0x743f2923) mem 0x8000d000 0x00000001
core   0: 0x8000b8b6 (0x0000bfe5) c.j     pc - 8
core   0: 3 0x8000b8b6 (0xbfe5)
core   0: 0x8000b8ae (0x00001f17) auipc   t5, 0x1
core   0: 3 0x8000b8ae (0x00001f17) x30 0x8000c8ae
core   0: 0x8000b8b2 (0x743f2923) sw      gp, 1874(t5)
core   0: 3 0x8000b8b2 (0x743f2923) mem 0x8000d000 0x00000001
core   0: 0x8000b8b6 (0x0000bfe5) c.j     pc - 8
core   0: 3 0x8000b8b6 (0xbfe5)
core   0: 0x8000b8ae (0x00001f17) auipc   t5, 0x1
core   0: 3 0x8000b8ae (0x00001f17) x30 0x8000c8ae
core   0: 0x8000b8b2 (0x743f2923) sw      gp, 1874(t5)
core   0: 3 0x8000b8b2 (0x743f2923) mem 0x8000d000 0x00000001
core   0: 0x8000b8b6 (0x0000bfe5) c.j     pc - 8
core   0: 3 0x8000b8b6 (0xbfe5)
core   0: 0x8000b8ae (0x00001f17) auipc   t5, 0x1
core   0: 3 0x8000b8ae (0x00001f17) x30 0x8000c8ae
core   0: 0x8000b8b2 (0x743f2923) sw      gp, 1874(t5)
core   0: 3 0x8000b8b2 (0x743f2923) mem 0x8000d000 0x00000001
core   0: 0x8000b8b6 (0x0000bfe5) c.j     pc - 8
core   0: 3 0x8000b8b6 (0xbfe5)
core   0: 0x8000b8ae (0x00001f17) auipc   t5, 0x1
core   0: 3 0x8000b8ae (0x00001f17) x30 0x8000c8ae
core   0: 0x8000b8b2 (0x743f2923) sw      gp, 1874(t5)
core   0: 3 0x8000b8b2 (0x743f2923) mem 0x8000d000 0x00000001
core   0: 0x8000b8b6 (0x0000bfe5) c.j     pc - 8
core   0: 3 0x8000b8b6 (0xbfe5)
core   0: 0x8000b8ae (0x00001f17) auipc   t5, 0x1
core   0: 3 0x8000b8ae (0x00001f17) x30 0x8000c8ae
core   0: 0x8000b8b2 (0x743f2923) sw      gp, 1874(t5)
core   0: 3 0x8000b8b2 (0x743f2923) mem 0x8000d000 0x00000001
core   0: 0x8000b8b6 (0x0000bfe5) c.j     pc - 8
core   0: 3 0x8000b8b6 (0xbfe5)
core   0: 0x8000b8ae (0x00001f17) auipc   t5, 0x1
core   0: 3 0x8000b8ae (0x00001f17) x30 0x8000c8ae
core   0: 0x8000b8b2 (0x743f2923) sw      gp, 1874(t5)
core   0: 3 0x8000b8b2 (0x743f2923) mem 0x8000d000 0x00000001
core   0: 0x8000b8b6 (0x0000bfe5) c.j     pc - 8
core   0: 3 0x8000b8b6 (0xbfe5)
core   0: 0x8000b8ae (0x00001f17) auipc   t5, 0x1
core   0: 3 0x8000b8ae (0x00001f17) x30 0x8000c8ae
core   0: 0x8000b8b2 (0x743f2923) sw      gp, 1874(t5)
core   0: 3 0x8000b8b2 (0x743f2923) mem 0x8000d000 0x00000001
core   0: 0x8000b8b6 (0x0000bfe5) c.j     pc - 8
core   0: 3 0x8000b8b6 (0xbfe5)
core   0: 0x8000b8ae (0x00001f17) auipc   t5, 0x1
core   0: 3 0x8000b8ae (0x00001f17) x30 0x8000c8ae
core   0: 0x8000b8b2 (0x743f2923) sw      gp, 1874(t5)
core   0: 3 0x8000b8b2 (0x743f2923) mem 0x8000d000 0x00000001
core   0: 0x8000b8b6 (0x0000bfe5) c.j     pc - 8
core   0: 3 0x8000b8b6 (0xbfe5)
core   0: 0x8000b8ae (0x00001f17) auipc   t5, 0x1
core   0: 3 0x8000b8ae (0x00001f17) x30 0x8000c8ae
core   0: 0x8000b8b2 (0x743f2923) sw      gp, 1874(t5)
core   0: 3 0x8000b8b2 (0x743f2923) mem 0x8000d000 0x00000001
core   0: 0x8000b8b6 (0x0000bfe5) c.j     pc - 8
core   0: 3 0x8000b8b6 (0xbfe5)
core   0: 0x8000b8ae (0x00001f17) auipc   t5, 0x1
core   0: 3 0x8000b8ae (0x00001f17) x30 0x8000c8ae
core   0: 0x8000b8b2 (0x743f2923) sw      gp, 1874(t5)
core   0: 3 0x8000b8b2 (0x743f2923) mem 0x8000d000 0x00000001
core   0: 0x8000b8b6 (0x0000bfe5) c.j     pc - 8
core   0: 3 0x8000b8b6 (0xbfe5)
core   0: 0x8000b8ae (0x00001f17) auipc   t5, 0x1
core   0: 3 0x8000b8ae (0x00001f17) x30 0x8000c8ae
core   0: 0x8000b8b2 (0x743f2923) sw      gp, 1874(t5)
core   0: 3 0x8000b8b2 (0x743f2923) mem 0x8000d000 0x00000001
core   0: 0x8000b8b6 (0x0000bfe5) c.j     pc - 8
core   0: 3 0x8000b8b6 (0xbfe5)
core   0: 0x8000b8ae (0x00001f17) auipc   t5, 0x1
core   0: 3 0x8000b8ae (0x00001f17) x30 0x8000c8ae
core   0: 0x8000b8b2 (0x743f2923) sw      gp, 1874(t5)
core   0: 3 0x8000b8b2 (0x743f2923) mem 0x8000d000 0x00000001
core   0: 0x8000b8b6 (0x0000bfe5) c.j     pc - 8
core   0: 3 0x8000b8b6 (0xbfe5)
core   0: 0x8000b8ae (0x00001f17) auipc   t5, 0x1
core   0: 3 0x8000b8ae (0x00001f17) x30 0x8000c8ae
core   0: 0x8000b8b2 (0x743f2923) sw      gp, 1874(t5)
core   0: 3 0x8000b8b2 (0x743f2923) mem 0x8000d000 0x00000001
core   0: 0x8000b8b6 (0x0000bfe5) c.j     pc - 8
core   0: 3 0x8000b8b6 (0xbfe5)
core   0: 0x8000b8ae (0x00001f17) auipc   t5, 0x1
core   0: 3 0x8000b8ae (0x00001f17) x30 0x8000c8ae
core   0: 0x8000b8b2 (0x743f2923) sw      gp, 1874(t5)
core   0: 3 0x8000b8b2 (0x743f2923) mem 0x8000d000 0x00000001
core   0: 0x8000b8b6 (0x0000bfe5) c.j     pc - 8
core   0: 3 0x8000b8b6 (0xbfe5)
core   0: 0x8000b8ae (0x00001f17) auipc   t5, 0x1
core   0: 3 0x8000b8ae (0x00001f17) x30 0x8000c8ae
core   0: 0x8000b8b2 (0x743f2923) sw      gp, 1874(t5)
core   0: 3 0x8000b8b2 (0x743f2923) mem 0x8000d000 0x00000001
core   0: 0x8000b8b6 (0x0000bfe5) c.j     pc - 8
core   0: 3 0x8000b8b6 (0xbfe5)
core   0: 0x8000b8ae (0x00001f17) auipc   t5, 0x1
core   0: 3 0x8000b8ae (0x00001f17) x30 0x8000c8ae
core   0: 0x8000b8b2 (0x743f2923) sw      gp, 1874(t5)
core   0: 3 0x8000b8b2 (0x743f2923) mem 0x8000d000 0x00000001
core   0: 0x8000b8b6 (0x0000bfe5) c.j     pc - 8
core   0: 3 0x8000b8b6 (0xbfe5)
core   0: 0x8000b8ae (0x00001f17) auipc   t5, 0x1
core   0: 3 0x8000b8ae (0x00001f17) x30 0x8000c8ae
core   0: 0x8000b8b2 (0x743f2923) sw      gp, 1874(t5)
core   0: 3 0x8000b8b2 (0x743f2923) mem 0x8000d000 0x00000001
core   0: 0x8000b8b6 (0x0000bfe5) c.j     pc - 8
core   0: 3 0x8000b8b6 (0xbfe5)
core   0: 0x8000b8ae (0x00001f17) auipc   t5, 0x1
core   0: 3 0x8000b8ae (0x00001f17) x30 0x8000c8ae
core   0: 0x8000b8b2 (0x743f2923) sw      gp, 1874(t5)
core   0: 3 0x8000b8b2 (0x743f2923) mem 0x8000d000 0x00000001
core   0: 0x8000b8b6 (0x0000bfe5) c.j     pc - 8
core   0: 3 0x8000b8b6 (0xbfe5)
core   0: 0x8000b8ae (0x00001f17) auipc   t5, 0x1
core   0: 3 0x8000b8ae (0x00001f17) x30 0x8000c8ae
core   0: 0x8000b8b2 (0x743f2923) sw      gp, 1874(t5)
core   0: 3 0x8000b8b2 (0x743f2923) mem 0x8000d000 0x00000001
core   0: 0x8000b8b6 (0x0000bfe5) c.j     pc - 8
core   0: 3 0x8000b8b6 (0xbfe5)
core   0: 0x8000b8ae (0x00001f17) auipc   t5, 0x1
core   0: 3 0x8000b8ae (0x00001f17) x30 0x8000c8ae
core   0: 0x8000b8b2 (0x743f2923) sw      gp, 1874(t5)
core   0: 3 0x8000b8b2 (0x743f2923) mem 0x8000d000 0x00000001
core   0: 0x8000b8b6 (0x0000bfe5) c.j     pc - 8
core   0: 3 0x8000b8b6 (0xbfe5)
core   0: 0x8000b8ae (0x00001f17) auipc   t5, 0x1
core   0: 3 0x8000b8ae (0x00001f17) x30 0x8000c8ae
core   0: 0x8000b8b2 (0x743f2923) sw      gp, 1874(t5)
core   0: 3 0x8000b8b2 (0x743f2923) mem 0x8000d000 0x00000001
core   0: 0x8000b8b6 (0x0000bfe5) c.j     pc - 8
core   0: 3 0x8000b8b6 (0xbfe5)
core   0: 0x8000b8ae (0x00001f17) auipc   t5, 0x1
core   0: 3 0x8000b8ae (0x00001f17) x30 0x8000c8ae
core   0: 0x8000b8b2 (0x743f2923) sw      gp, 1874(t5)
core   0: 3 0x8000b8b2 (0x743f2923) mem 0x8000d000 0x00000001
core   0: 0x8000b8b6 (0x0000bfe5) c.j     pc - 8
core   0: 3 0x8000b8b6 (0xbfe5)
core   0: 0x8000b8ae (0x00001f17) auipc   t5, 0x1
core   0: 3 0x8000b8ae (0x00001f17) x30 0x8000c8ae
core   0: 0x8000b8b2 (0x743f2923) sw      gp, 1874(t5)
core   0: 3 0x8000b8b2 (0x743f2923) mem 0x8000d000 0x00000001
core   0: 0x8000b8b6 (0x0000bfe5) c.j     pc - 8
core   0: 3 0x8000b8b6 (0xbfe5)
core   0: 0x8000b8ae (0x00001f17) auipc   t5, 0x1
core   0: 3 0x8000b8ae (0x00001f17) x30 0x8000c8ae
core   0: 0x8000b8b2 (0x743f2923) sw      gp, 1874(t5)
core   0: 3 0x8000b8b2 (0x743f2923) mem 0x8000d000 0x00000001
core   0: 0x8000b8b6 (0x0000bfe5) c.j     pc - 8
core   0: 3 0x8000b8b6 (0xbfe5)
core   0: 0x8000b8ae (0x00001f17) auipc   t5, 0x1
core   0: 3 0x8000b8ae (0x00001f17) x30 0x8000c8ae
core   0: 0x8000b8b2 (0x743f2923) sw      gp, 1874(t5)
core   0: 3 0x8000b8b2 (0x743f2923) mem 0x8000d000 0x00000001
core   0: 0x8000b8b6 (0x0000bfe5) c.j     pc - 8
core   0: 3 0x8000b8b6 (0xbfe5)
core   0: 0x8000b8ae (0x00001f17) auipc   t5, 0x1
core   0: 3 0x8000b8ae (0x00001f17) x30 0x8000c8ae
core   0: 0x8000b8b2 (0x743f2923) sw      gp, 1874(t5)
core   0: 3 0x8000b8b2 (0x743f2923) mem 0x8000d000 0x00000001
core   0: 0x8000b8b6 (0x0000bfe5) c.j     pc - 8
core   0: 3 0x8000b8b6 (0xbfe5)
core   0: 0x8000b8ae (0x00001f17) auipc   t5, 0x1
core   0: 3 0x8000b8ae (0x00001f17) x30 0x8000c8ae
core   0: 0x8000b8b2 (0x743f2923) sw      gp, 1874(t5)
core   0: 3 0x8000b8b2 (0x743f2923) mem 0x8000d000 0x00000001
core   0: 0x8000b8b6 (0x0000bfe5) c.j     pc - 8
core   0: 3 0x8000b8b6 (0xbfe5)
core   0: 0x8000b8ae (0x00001f17) auipc   t5, 0x1
core   0: 3 0x8000b8ae (0x00001f17) x30 0x8000c8ae
core   0: 0x8000b8b2 (0x743f2923) sw      gp, 1874(t5)
core   0: 3 0x8000b8b2 (0x743f2923) mem 0x8000d000 0x00000001
core   0: 0x8000b8b6 (0x0000bfe5) c.j     pc - 8
core   0: 3 0x8000b8b6 (0xbfe5)
core   0: 0x8000b8ae (0x00001f17) auipc   t5, 0x1
core   0: 3 0x8000b8ae (0x00001f17) x30 0x8000c8ae
core   0: 0x8000b8b2 (0x743f2923) sw      gp, 1874(t5)
core   0: 3 0x8000b8b2 (0x743f2923) mem 0x8000d000 0x00000001
core   0: 0x8000b8b6 (0x0000bfe5) c.j     pc - 8
core   0: 3 0x8000b8b6 (0xbfe5)
core   0: 0x8000b8ae (0x00001f17) auipc   t5, 0x1
core   0: 3 0x8000b8ae (0x00001f17) x30 0x8000c8ae
core   0: 0x8000b8b2 (0x743f2923) sw      gp, 1874(t5)
core   0: 3 0x8000b8b2 (0x743f2923) mem 0x8000d000 0x00000001
core   0: 0x8000b8b6 (0x0000bfe5) c.j     pc - 8
core   0: 3 0x8000b8b6 (0xbfe5)
core   0: 0x8000b8ae (0x00001f17) auipc   t5, 0x1
core   0: 3 0x8000b8ae (0x00001f17) x30 0x8000c8ae
core   0: 0x8000b8b2 (0x743f2923) sw      gp, 1874(t5)
core   0: 3 0x8000b8b2 (0x743f2923) mem 0x8000d000 0x00000001
core   0: 0x8000b8b6 (0x0000bfe5) c.j     pc - 8
core   0: 3 0x8000b8b6 (0xbfe5)
core   0: 0x8000b8ae (0x00001f17) auipc   t5, 0x1
core   0: 3 0x8000b8ae (0x00001f17) x30 0x8000c8ae
core   0: 0x8000b8b2 (0x743f2923) sw      gp, 1874(t5)
core   0: 3 0x8000b8b2 (0x743f2923) mem 0x8000d000 0x00000001
core   0: 0x8000b8b6 (0x0000bfe5) c.j     pc - 8
core   0: 3 0x8000b8b6 (0xbfe5)
core   0: 0x8000b8ae (0x00001f17) auipc   t5, 0x1
core   0: 3 0x8000b8ae (0x00001f17) x30 0x8000c8ae
core   0: 0x8000b8b2 (0x743f2923) sw      gp, 1874(t5)
core   0: 3 0x8000b8b2 (0x743f2923) mem 0x8000d000 0x00000001
core   0: 0x8000b8b6 (0x0000bfe5) c.j     pc - 8
core   0: 3 0x8000b8b6 (0xbfe5)
core   0: 0x8000b8ae (0x00001f17) auipc   t5, 0x1
core   0: 3 0x8000b8ae (0x00001f17) x30 0x8000c8ae
core   0: 0x8000b8b2 (0x743f2923) sw      gp, 1874(t5)
core   0: 3 0x8000b8b2 (0x743f2923) mem 0x8000d000 0x00000001
core   0: 0x8000b8b6 (0x0000bfe5) c.j     pc - 8
core   0: 3 0x8000b8b6 (0xbfe5)
core   0: 0x8000b8ae (0x00001f17) auipc   t5, 0x1
core   0: 3 0x8000b8ae (0x00001f17) x30 0x8000c8ae
core   0: 0x8000b8b2 (0x743f2923) sw      gp, 1874(t5)
core   0: 3 0x8000b8b2 (0x743f2923) mem 0x8000d000 0x00000001
core   0: 0x8000b8b6 (0x0000bfe5) c.j     pc - 8
core   0: 3 0x8000b8b6 (0xbfe5)
core   0: 0x8000b8ae (0x00001f17) auipc   t5, 0x1
core   0: 3 0x8000b8ae (0x00001f17) x30 0x8000c8ae
core   0: 0x8000b8b2 (0x743f2923) sw      gp, 1874(t5)
core   0: 3 0x8000b8b2 (0x743f2923) mem 0x8000d000 0x00000001
core   0: 0x8000b8b6 (0x0000bfe5) c.j     pc - 8
core   0: 3 0x8000b8b6 (0xbfe5)
core   0: 0x8000b8ae (0x00001f17) auipc   t5, 0x1
core   0: 3 0x8000b8ae (0x00001f17) x30 0x8000c8ae
core   0: 0x8000b8b2 (0x743f2923) sw      gp, 1874(t5)
core   0: 3 0x8000b8b2 (0x743f2923) mem 0x8000d000 0x00000001
core   0: 0x8000b8b6 (0x0000bfe5) c.j     pc - 8
core   0: 3 0x8000b8b6 (0xbfe5)
core   0: 0x8000b8ae (0x00001f17) auipc   t5, 0x1
core   0: 3 0x8000b8ae (0x00001f17) x30 0x8000c8ae
core   0: 0x8000b8b2 (0x743f2923) sw      gp, 1874(t5)
core   0: 3 0x8000b8b2 (0x743f2923) mem 0x8000d000 0x00000001
core   0: 0x8000b8b6 (0x0000bfe5) c.j     pc - 8
core   0: 3 0x8000b8b6 (0xbfe5)
core   0: 0x8000b8ae (0x00001f17) auipc   t5, 0x1
core   0: 3 0x8000b8ae (0x00001f17) x30 0x8000c8ae
core   0: 0x8000b8b2 (0x743f2923) sw      gp, 1874(t5)
core   0: 3 0x8000b8b2 (0x743f2923) mem 0x8000d000 0x00000001
core   0: 0x8000b8b6 (0x0000bfe5) c.j     pc - 8
core   0: 3 0x8000b8b6 (0xbfe5)
core   0: 0x8000b8ae (0x00001f17) auipc   t5, 0x1
core   0: 3 0x8000b8ae (0x00001f17) x30 0x8000c8ae
core   0: 0x8000b8b2 (0x743f2923) sw      gp, 1874(t5)
core   0: 3 0x8000b8b2 (0x743f2923) mem 0x8000d000 0x00000001
core   0: 0x8000b8b6 (0x0000bfe5) c.j     pc - 8
core   0: 3 0x8000b8b6 (0xbfe5)
core   0: 0x8000b8ae (0x00001f17) auipc   t5, 0x1
core   0: 3 0x8000b8ae (0x00001f17) x30 0x8000c8ae
core   0: 0x8000b8b2 (0x743f2923) sw      gp, 1874(t5)
core   0: 3 0x8000b8b2 (0x743f2923) mem 0x8000d000 0x00000001
core   0: 0x8000b8b6 (0x0000bfe5) c.j     pc - 8
core   0: 3 0x8000b8b6 (0xbfe5)
core   0: 0x8000b8ae (0x00001f17) auipc   t5, 0x1
core   0: 3 0x8000b8ae (0x00001f17) x30 0x8000c8ae
core   0: 0x8000b8b2 (0x743f2923) sw      gp, 1874(t5)
core   0: 3 0x8000b8b2 (0x743f2923) mem 0x8000d000 0x00000001
core   0: 0x8000b8b6 (0x0000bfe5) c.j     pc - 8
core   0: 3 0x8000b8b6 (0xbfe5)
core   0: 0x8000b8ae (0x00001f17) auipc   t5, 0x1
core   0: 3 0x8000b8ae (0x00001f17) x30 0x8000c8ae
core   0: 0x8000b8b2 (0x743f2923) sw      gp, 1874(t5)
core   0: 3 0x8000b8b2 (0x743f2923) mem 0x8000d000 0x00000001
core   0: 0x8000b8b6 (0x0000bfe5) c.j     pc - 8
core   0: 3 0x8000b8b6 (0xbfe5)
core   0: 0x8000b8ae (0x00001f17) auipc   t5, 0x1
core   0: 3 0x8000b8ae (0x00001f17) x30 0x8000c8ae
core   0: 0x8000b8b2 (0x743f2923) sw      gp, 1874(t5)
core   0: 3 0x8000b8b2 (0x743f2923) mem 0x8000d000 0x00000001
core   0: 0x8000b8b6 (0x0000bfe5) c.j     pc - 8
core   0: 3 0x8000b8b6 (0xbfe5)
core   0: 0x8000b8ae (0x00001f17) auipc   t5, 0x1
core   0: 3 0x8000b8ae (0x00001f17) x30 0x8000c8ae
core   0: 0x8000b8b2 (0x743f2923) sw      gp, 1874(t5)
core   0: 3 0x8000b8b2 (0x743f2923) mem 0x8000d000 0x00000001
core   0: 0x8000b8b6 (0x0000bfe5) c.j     pc - 8
core   0: 3 0x8000b8b6 (0xbfe5)
core   0: 0x8000b8ae (0x00001f17) auipc   t5, 0x1
core   0: 3 0x8000b8ae (0x00001f17) x30 0x8000c8ae
core   0: 0x8000b8b2 (0x743f2923) sw      gp, 1874(t5)
core   0: 3 0x8000b8b2 (0x743f2923) mem 0x8000d000 0x00000001
core   0: 0x8000b8b6 (0x0000bfe5) c.j     pc - 8
core   0: 3 0x8000b8b6 (0xbfe5)
core   0: 0x8000b8ae (0x00001f17) auipc   t5, 0x1
core   0: 3 0x8000b8ae (0x00001f17) x30 0x8000c8ae
core   0: 0x8000b8b2 (0x743f2923) sw      gp, 1874(t5)
core   0: 3 0x8000b8b2 (0x743f2923) mem 0x8000d000 0x00000001
core   0: 0x8000b8b6 (0x0000bfe5) c.j     pc - 8
core   0: 3 0x8000b8b6 (0xbfe5)
core   0: 0x8000b8ae (0x00001f17) auipc   t5, 0x1
core   0: 3 0x8000b8ae (0x00001f17) x30 0x8000c8ae
core   0: 0x8000b8b2 (0x743f2923) sw      gp, 1874(t5)
core   0: 3 0x8000b8b2 (0x743f2923) mem 0x8000d000 0x00000001
core   0: 0x8000b8b6 (0x0000bfe5) c.j     pc - 8
core   0: 3 0x8000b8b6 (0xbfe5)
core   0: 0x8000b8ae (0x00001f17) auipc   t5, 0x1
core   0: 3 0x8000b8ae (0x00001f17) x30 0x8000c8ae
core   0: 0x8000b8b2 (0x743f2923) sw      gp, 1874(t5)
core   0: 3 0x8000b8b2 (0x743f2923) mem 0x8000d000 0x00000001
core   0: 0x8000b8b6 (0x0000bfe5) c.j     pc - 8
core   0: 3 0x8000b8b6 (0xbfe5)
core   0: 0x8000b8ae (0x00001f17) auipc   t5, 0x1
core   0: 3 0x8000b8ae (0x00001f17) x30 0x8000c8ae
core   0: 0x8000b8b2 (0x743f2923) sw      gp, 1874(t5)
core   0: 3 0x8000b8b2 (0x743f2923) mem 0x8000d000 0x00000001
core   0: 0x8000b8b6 (0x0000bfe5) c.j     pc - 8
core   0: 3 0x8000b8b6 (0xbfe5)
core   0: 0x8000b8ae (0x00001f17) auipc   t5, 0x1
core   0: 3 0x8000b8ae (0x00001f17) x30 0x8000c8ae
core   0: 0x8000b8b2 (0x743f2923) sw      gp, 1874(t5)
core   0: 3 0x8000b8b2 (0x743f2923) mem 0x8000d000 0x00000001
core   0: 0x8000b8b6 (0x0000bfe5) c.j     pc - 8
core   0: 3 0x8000b8b6 (0xbfe5)
core   0: 0x8000b8ae (0x00001f17) auipc   t5, 0x1
core   0: 3 0x8000b8ae (0x00001f17) x30 0x8000c8ae
core   0: 0x8000b8b2 (0x743f2923) sw      gp, 1874(t5)
core   0: 3 0x8000b8b2 (0x743f2923) mem 0x8000d000 0x00000001
core   0: 0x8000b8b6 (0x0000bfe5) c.j     pc - 8
core   0: 3 0x8000b8b6 (0xbfe5)
core   0: 0x8000b8ae (0x00001f17) auipc   t5, 0x1
core   0: 3 0x8000b8ae (0x00001f17) x30 0x8000c8ae
core   0: 0x8000b8b2 (0x743f2923) sw      gp, 1874(t5)
core   0: 3 0x8000b8b2 (0x743f2923) mem 0x8000d000 0x00000001
core   0: 0x8000b8b6 (0x0000bfe5) c.j     pc - 8
core   0: 3 0x8000b8b6 (0xbfe5)
core   0: 0x8000b8ae (0x00001f17) auipc   t5, 0x1
core   0: 3 0x8000b8ae (0x00001f17) x30 0x8000c8ae
core   0: 0x8000b8b2 (0x743f2923) sw      gp, 1874(t5)
core   0: 3 0x8000b8b2 (0x743f2923) mem 0x8000d000 0x00000001
core   0: 0x8000b8b6 (0x0000bfe5) c.j     pc - 8
core   0: 3 0x8000b8b6 (0xbfe5)
core   0: 0x8000b8ae (0x00001f17) auipc   t5, 0x1
core   0: 3 0x8000b8ae (0x00001f17) x30 0x8000c8ae
core   0: 0x8000b8b2 (0x743f2923) sw      gp, 1874(t5)
core   0: 3 0x8000b8b2 (0x743f2923) mem 0x8000d000 0x00000001
core   0: 0x8000b8b6 (0x0000bfe5) c.j     pc - 8
core   0: 3 0x8000b8b6 (0xbfe5)
core   0: 0x8000b8ae (0x00001f17) auipc   t5, 0x1
core   0: 3 0x8000b8ae (0x00001f17) x30 0x8000c8ae
core   0: 0x8000b8b2 (0x743f2923) sw      gp, 1874(t5)
core   0: 3 0x8000b8b2 (0x743f2923) mem 0x8000d000 0x00000001
core   0: 0x8000b8b6 (0x0000bfe5) c.j     pc - 8
core   0: 3 0x8000b8b6 (0xbfe5)
core   0: 0x8000b8ae (0x00001f17) auipc   t5, 0x1
core   0: 3 0x8000b8ae (0x00001f17) x30 0x8000c8ae
core   0: 0x8000b8b2 (0x743f2923) sw      gp, 1874(t5)
core   0: 3 0x8000b8b2 (0x743f2923) mem 0x8000d000 0x00000001
core   0: 0x8000b8b6 (0x0000bfe5) c.j     pc - 8
core   0: 3 0x8000b8b6 (0xbfe5)
core   0: 0x8000b8ae (0x00001f17) auipc   t5, 0x1
core   0: 3 0x8000b8ae (0x00001f17) x30 0x8000c8ae
core   0: 0x8000b8b2 (0x743f2923) sw      gp, 1874(t5)
core   0: 3 0x8000b8b2 (0x743f2923) mem 0x8000d000 0x00000001
core   0: 0x8000b8b6 (0x0000bfe5) c.j     pc - 8
core   0: 3 0x8000b8b6 (0xbfe5)
core   0: 0x8000b8ae (0x00001f17) auipc   t5, 0x1
core   0: 3 0x8000b8ae (0x00001f17) x30 0x8000c8ae
core   0: 0x8000b8b2 (0x743f2923) sw      gp, 1874(t5)
core   0: 3 0x8000b8b2 (0x743f2923) mem 0x8000d000 0x00000001
core   0: 0x8000b8b6 (0x0000bfe5) c.j     pc - 8
core   0: 3 0x8000b8b6 (0xbfe5)
core   0: 0x8000b8ae (0x00001f17) auipc   t5, 0x1
core   0: 3 0x8000b8ae (0x00001f17) x30 0x8000c8ae
core   0: 0x8000b8b2 (0x743f2923) sw      gp, 1874(t5)
core   0: 3 0x8000b8b2 (0x743f2923) mem 0x8000d000 0x00000001
core   0: 0x8000b8b6 (0x0000bfe5) c.j     pc - 8
core   0: 3 0x8000b8b6 (0xbfe5)
core   0: 0x8000b8ae (0x00001f17) auipc   t5, 0x1
core   0: 3 0x8000b8ae (0x00001f17) x30 0x8000c8ae
core   0: 0x8000b8b2 (0x743f2923) sw      gp, 1874(t5)
core   0: 3 0x8000b8b2 (0x743f2923) mem 0x8000d000 0x00000001
core   0: 0x8000b8b6 (0x0000bfe5) c.j     pc - 8
core   0: 3 0x8000b8b6 (0xbfe5)
core   0: 0x8000b8ae (0x00001f17) auipc   t5, 0x1
core   0: 3 0x8000b8ae (0x00001f17) x30 0x8000c8ae
core   0: 0x8000b8b2 (0x743f2923) sw      gp, 1874(t5)
core   0: 3 0x8000b8b2 (0x743f2923) mem 0x8000d000 0x00000001
core   0: 0x8000b8b6 (0x0000bfe5) c.j     pc - 8
core   0: 3 0x8000b8b6 (0xbfe5)
core   0: 0x8000b8ae (0x00001f17) auipc   t5, 0x1
core   0: 3 0x8000b8ae (0x00001f17) x30 0x8000c8ae
core   0: 0x8000b8b2 (0x743f2923) sw      gp, 1874(t5)
core   0: 3 0x8000b8b2 (0x743f2923) mem 0x8000d000 0x00000001
core   0: 0x8000b8b6 (0x0000bfe5) c.j     pc - 8
core   0: 3 0x8000b8b6 (0xbfe5)
core   0: 0x8000b8ae (0x00001f17) auipc   t5, 0x1
core   0: 3 0x8000b8ae (0x00001f17) x30 0x8000c8ae
core   0: 0x8000b8b2 (0x743f2923) sw      gp, 1874(t5)
core   0: 3 0x8000b8b2 (0x743f2923) mem 0x8000d000 0x00000001
core   0: 0x8000b8b6 (0x0000bfe5) c.j     pc - 8
core   0: 3 0x8000b8b6 (0xbfe5)
core   0: 0x8000b8ae (0x00001f17) auipc   t5, 0x1
core   0: 3 0x8000b8ae (0x00001f17) x30 0x8000c8ae
core   0: 0x8000b8b2 (0x743f2923) sw      gp, 1874(t5)
core   0: 3 0x8000b8b2 (0x743f2923) mem 0x8000d000 0x00000001
core   0: 0x8000b8b6 (0x0000bfe5) c.j     pc - 8
core   0: 3 0x8000b8b6 (0xbfe5)
core   0: 0x8000b8ae (0x00001f17) auipc   t5, 0x1
core   0: 3 0x8000b8ae (0x00001f17) x30 0x8000c8ae
core   0: 0x8000b8b2 (0x743f2923) sw      gp, 1874(t5)
core   0: 3 0x8000b8b2 (0x743f2923) mem 0x8000d000 0x00000001
core   0: 0x8000b8b6 (0x0000bfe5) c.j     pc - 8
core   0: 3 0x8000b8b6 (0xbfe5)
core   0: 0x8000b8ae (0x00001f17) auipc   t5, 0x1
core   0: 3 0x8000b8ae (0x00001f17) x30 0x8000c8ae
core   0: 0x8000b8b2 (0x743f2923) sw      gp, 1874(t5)
core   0: 3 0x8000b8b2 (0x743f2923) mem 0x8000d000 0x00000001
core   0: 0x8000b8b6 (0x0000bfe5) c.j     pc - 8
core   0: 3 0x8000b8b6 (0xbfe5)
core   0: 0x8000b8ae (0x00001f17) auipc   t5, 0x1
core   0: 3 0x8000b8ae (0x00001f17) x30 0x8000c8ae
core   0: 0x8000b8b2 (0x743f2923) sw      gp, 1874(t5)
core   0: 3 0x8000b8b2 (0x743f2923) mem 0x8000d000 0x00000001
core   0: 0x8000b8b6 (0x0000bfe5) c.j     pc - 8
core   0: 3 0x8000b8b6 (0xbfe5)
core   0: 0x8000b8ae (0x00001f17) auipc   t5, 0x1
core   0: 3 0x8000b8ae (0x00001f17) x30 0x8000c8ae
core   0: 0x8000b8b2 (0x743f2923) sw      gp, 1874(t5)
core   0: 3 0x8000b8b2 (0x743f2923) mem 0x8000d000 0x00000001
core   0: 0x8000b8b6 (0x0000bfe5) c.j     pc - 8
core   0: 3 0x8000b8b6 (0xbfe5)
core   0: 0x8000b8ae (0x00001f17) auipc   t5, 0x1
core   0: 3 0x8000b8ae (0x00001f17) x30 0x8000c8ae
core   0: 0x8000b8b2 (0x743f2923) sw      gp, 1874(t5)
core   0: 3 0x8000b8b2 (0x743f2923) mem 0x8000d000 0x00000001
core   0: 0x8000b8b6 (0x0000bfe5) c.j     pc - 8
core   0: 3 0x8000b8b6 (0xbfe5)
core   0: 0x8000b8ae (0x00001f17) auipc   t5, 0x1
core   0: 3 0x8000b8ae (0x00001f17) x30 0x8000c8ae
core   0: 0x8000b8b2 (0x743f2923) sw      gp, 1874(t5)
core   0: 3 0x8000b8b2 (0x743f2923) mem 0x8000d000 0x00000001
core   0: 0x8000b8b6 (0x0000bfe5) c.j     pc - 8
core   0: 3 0x8000b8b6 (0xbfe5)
core   0: 0x8000b8ae (0x00001f17) auipc   t5, 0x1
core   0: 3 0x8000b8ae (0x00001f17) x30 0x8000c8ae
core   0: 0x8000b8b2 (0x743f2923) sw      gp, 1874(t5)
core   0: 3 0x8000b8b2 (0x743f2923) mem 0x8000d000 0x00000001
core   0: 0x8000b8b6 (0x0000bfe5) c.j     pc - 8
core   0: 3 0x8000b8b6 (0xbfe5)
core   0: 0x8000b8ae (0x00001f17) auipc   t5, 0x1
core   0: 3 0x8000b8ae (0x00001f17) x30 0x8000c8ae
core   0: 0x8000b8b2 (0x743f2923) sw      gp, 1874(t5)
core   0: 3 0x8000b8b2 (0x743f2923) mem 0x8000d000 0x00000001
core   0: 0x8000b8b6 (0x0000bfe5) c.j     pc - 8
core   0: 3 0x8000b8b6 (0xbfe5)
core   0: 0x8000b8ae (0x00001f17) auipc   t5, 0x1
core   0: 3 0x8000b8ae (0x00001f17) x30 0x8000c8ae
core   0: 0x8000b8b2 (0x743f2923) sw      gp, 1874(t5)
core   0: 3 0x8000b8b2 (0x743f2923) mem 0x8000d000 0x00000001
core   0: 0x8000b8b6 (0x0000bfe5) c.j     pc - 8
core   0: 3 0x8000b8b6 (0xbfe5)
core   0: 0x8000b8ae (0x00001f17) auipc   t5, 0x1
core   0: 3 0x8000b8ae (0x00001f17) x30 0x8000c8ae
core   0: 0x8000b8b2 (0x743f2923) sw      gp, 1874(t5)
core   0: 3 0x8000b8b2 (0x743f2923) mem 0x8000d000 0x00000001
core   0: 0x8000b8b6 (0x0000bfe5) c.j     pc - 8
core   0: 3 0x8000b8b6 (0xbfe5)
core   0: 0x8000b8ae (0x00001f17) auipc   t5, 0x1
core   0: 3 0x8000b8ae (0x00001f17) x30 0x8000c8ae
core   0: 0x8000b8b2 (0x743f2923) sw      gp, 1874(t5)
core   0: 3 0x8000b8b2 (0x743f2923) mem 0x8000d000 0x00000001
core   0: 0x8000b8b6 (0x0000bfe5) c.j     pc - 8
core   0: 3 0x8000b8b6 (0xbfe5)
core   0: 0x8000b8ae (0x00001f17) auipc   t5, 0x1
core   0: 3 0x8000b8ae (0x00001f17) x30 0x8000c8ae
core   0: 0x8000b8b2 (0x743f2923) sw      gp, 1874(t5)
core   0: 3 0x8000b8b2 (0x743f2923) mem 0x8000d000 0x00000001
core   0: 0x8000b8b6 (0x0000bfe5) c.j     pc - 8
core   0: 3 0x8000b8b6 (0xbfe5)
core   0: 0x8000b8ae (0x00001f17) auipc   t5, 0x1
core   0: 3 0x8000b8ae (0x00001f17) x30 0x8000c8ae
core   0: 0x8000b8b2 (0x743f2923) sw      gp, 1874(t5)
core   0: 3 0x8000b8b2 (0x743f2923) mem 0x8000d000 0x00000001
core   0: 0x8000b8b6 (0x0000bfe5) c.j     pc - 8
core   0: 3 0x8000b8b6 (0xbfe5)
core   0: 0x8000b8ae (0x00001f17) auipc   t5, 0x1
core   0: 3 0x8000b8ae (0x00001f17) x30 0x8000c8ae
core   0: 0x8000b8b2 (0x743f2923) sw      gp, 1874(t5)
core   0: 3 0x8000b8b2 (0x743f2923) mem 0x8000d000 0x00000001
core   0: 0x8000b8b6 (0x0000bfe5) c.j     pc - 8
core   0: 3 0x8000b8b6 (0xbfe5)
core   0: 0x8000b8ae (0x00001f17) auipc   t5, 0x1
core   0: 3 0x8000b8ae (0x00001f17) x30 0x8000c8ae
core   0: 0x8000b8b2 (0x743f2923) sw      gp, 1874(t5)
core   0: 3 0x8000b8b2 (0x743f2923) mem 0x8000d000 0x00000001
core   0: 0x8000b8b6 (0x0000bfe5) c.j     pc - 8
core   0: 3 0x8000b8b6 (0xbfe5)
core   0: 0x8000b8ae (0x00001f17) auipc   t5, 0x1
core   0: 3 0x8000b8ae (0x00001f17) x30 0x8000c8ae
core   0: 0x8000b8b2 (0x743f2923) sw      gp, 1874(t5)
core   0: 3 0x8000b8b2 (0x743f2923) mem 0x8000d000 0x00000001
core   0: 0x8000b8b6 (0x0000bfe5) c.j     pc - 8
core   0: 3 0x8000b8b6 (0xbfe5)
core   0: 0x8000b8ae (0x00001f17) auipc   t5, 0x1
core   0: 3 0x8000b8ae (0x00001f17) x30 0x8000c8ae
core   0: 0x8000b8b2 (0x743f2923) sw      gp, 1874(t5)
core   0: 3 0x8000b8b2 (0x743f2923) mem 0x8000d000 0x00000001
core   0: 0x8000b8b6 (0x0000bfe5) c.j     pc - 8
core   0: 3 0x8000b8b6 (0xbfe5)
core   0: 0x8000b8ae (0x00001f17) auipc   t5, 0x1
core   0: 3 0x8000b8ae (0x00001f17) x30 0x8000c8ae
core   0: 0x8000b8b2 (0x743f2923) sw      gp, 1874(t5)
core   0: 3 0x8000b8b2 (0x743f2923) mem 0x8000d000 0x00000001
core   0: 0x8000b8b6 (0x0000bfe5) c.j     pc - 8
core   0: 3 0x8000b8b6 (0xbfe5)
core   0: 0x8000b8ae (0x00001f17) auipc   t5, 0x1
core   0: 3 0x8000b8ae (0x00001f17) x30 0x8000c8ae
core   0: 0x8000b8b2 (0x743f2923) sw      gp, 1874(t5)
core   0: 3 0x8000b8b2 (0x743f2923) mem 0x8000d000 0x00000001
core   0: 0x8000b8b6 (0x0000bfe5) c.j     pc - 8
core   0: 3 0x8000b8b6 (0xbfe5)
core   0: 0x8000b8ae (0x00001f17) auipc   t5, 0x1
core   0: 3 0x8000b8ae (0x00001f17) x30 0x8000c8ae
core   0: 0x8000b8b2 (0x743f2923) sw      gp, 1874(t5)
core   0: 3 0x8000b8b2 (0x743f2923) mem 0x8000d000 0x00000001
core   0: 0x8000b8b6 (0x0000bfe5) c.j     pc - 8
core   0: 3 0x8000b8b6 (0xbfe5)
core   0: 0x8000b8ae (0x00001f17) auipc   t5, 0x1
core   0: 3 0x8000b8ae (0x00001f17) x30 0x8000c8ae
core   0: 0x8000b8b2 (0x743f2923) sw      gp, 1874(t5)
core   0: 3 0x8000b8b2 (0x743f2923) mem 0x8000d000 0x00000001
core   0: 0x8000b8b6 (0x0000bfe5) c.j     pc - 8
core   0: 3 0x8000b8b6 (0xbfe5)
core   0: 0x8000b8ae (0x00001f17) auipc   t5, 0x1
core   0: 3 0x8000b8ae (0x00001f17) x30 0x8000c8ae
core   0: 0x8000b8b2 (0x743f2923) sw      gp, 1874(t5)
core   0: 3 0x8000b8b2 (0x743f2923) mem 0x8000d000 0x00000001
core   0: 0x8000b8b6 (0x0000bfe5) c.j     pc - 8
core   0: 3 0x8000b8b6 (0xbfe5)
core   0: 0x8000b8ae (0x00001f17) auipc   t5, 0x1
core   0: 3 0x8000b8ae (0x00001f17) x30 0x8000c8ae
core   0: 0x8000b8b2 (0x743f2923) sw      gp, 1874(t5)
core   0: 3 0x8000b8b2 (0x743f2923) mem 0x8000d000 0x00000001
core   0: 0x8000b8b6 (0x0000bfe5) c.j     pc - 8
core   0: 3 0x8000b8b6 (0xbfe5)
core   0: 0x8000b8ae (0x00001f17) auipc   t5, 0x1
core   0: 3 0x8000b8ae (0x00001f17) x30 0x8000c8ae
core   0: 0x8000b8b2 (0x743f2923) sw      gp, 1874(t5)
core   0: 3 0x8000b8b2 (0x743f2923) mem 0x8000d000 0x00000001
core   0: 0x8000b8b6 (0x0000bfe5) c.j     pc - 8
core   0: 3 0x8000b8b6 (0xbfe5)
core   0: 0x8000b8ae (0x00001f17) auipc   t5, 0x1
core   0: 3 0x8000b8ae (0x00001f17) x30 0x8000c8ae
core   0: 0x8000b8b2 (0x743f2923) sw      gp, 1874(t5)
core   0: 3 0x8000b8b2 (0x743f2923) mem 0x8000d000 0x00000001
core   0: 0x8000b8b6 (0x0000bfe5) c.j     pc - 8
core   0: 3 0x8000b8b6 (0xbfe5)
core   0: 0x8000b8ae (0x00001f17) auipc   t5, 0x1
core   0: 3 0x8000b8ae (0x00001f17) x30 0x8000c8ae
core   0: 0x8000b8b2 (0x743f2923) sw      gp, 1874(t5)
core   0: 3 0x8000b8b2 (0x743f2923) mem 0x8000d000 0x00000001
core   0: 0x8000b8b6 (0x0000bfe5) c.j     pc - 8
core   0: 3 0x8000b8b6 (0xbfe5)
core   0: 0x8000b8ae (0x00001f17) auipc   t5, 0x1
core   0: 3 0x8000b8ae (0x00001f17) x30 0x8000c8ae
core   0: 0x8000b8b2 (0x743f2923) sw      gp, 1874(t5)
core   0: 3 0x8000b8b2 (0x743f2923) mem 0x8000d000 0x00000001
core   0: 0x8000b8b6 (0x0000bfe5) c.j     pc - 8
core   0: 3 0x8000b8b6 (0xbfe5)
core   0: 0x8000b8ae (0x00001f17) auipc   t5, 0x1
core   0: 3 0x8000b8ae (0x00001f17) x30 0x8000c8ae
core   0: 0x8000b8b2 (0x743f2923) sw      gp, 1874(t5)
core   0: 3 0x8000b8b2 (0x743f2923) mem 0x8000d000 0x00000001
core   0: 0x8000b8b6 (0x0000bfe5) c.j     pc - 8
core   0: 3 0x8000b8b6 (0xbfe5)
core   0: 0x8000b8ae (0x00001f17) auipc   t5, 0x1
core   0: 3 0x8000b8ae (0x00001f17) x30 0x8000c8ae
core   0: 0x8000b8b2 (0x743f2923) sw      gp, 1874(t5)
core   0: 3 0x8000b8b2 (0x743f2923) mem 0x8000d000 0x00000001
core   0: 0x8000b8b6 (0x0000bfe5) c.j     pc - 8
core   0: 3 0x8000b8b6 (0xbfe5)
core   0: 0x8000b8ae (0x00001f17) auipc   t5, 0x1
core   0: 3 0x8000b8ae (0x00001f17) x30 0x8000c8ae
core   0: 0x8000b8b2 (0x743f2923) sw      gp, 1874(t5)
core   0: 3 0x8000b8b2 (0x743f2923) mem 0x8000d000 0x00000001
core   0: 0x8000b8b6 (0x0000bfe5) c.j     pc - 8
core   0: 3 0x8000b8b6 (0xbfe5)
core   0: 0x8000b8ae (0x00001f17) auipc   t5, 0x1
core   0: 3 0x8000b8ae (0x00001f17) x30 0x8000c8ae
core   0: 0x8000b8b2 (0x743f2923) sw      gp, 1874(t5)
core   0: 3 0x8000b8b2 (0x743f2923) mem 0x8000d000 0x00000001
core   0: 0x8000b8b6 (0x0000bfe5) c.j     pc - 8
core   0: 3 0x8000b8b6 (0xbfe5)
core   0: 0x8000b8ae (0x00001f17) auipc   t5, 0x1
core   0: 3 0x8000b8ae (0x00001f17) x30 0x8000c8ae
core   0: 0x8000b8b2 (0x743f2923) sw      gp, 1874(t5)
core   0: 3 0x8000b8b2 (0x743f2923) mem 0x8000d000 0x00000001
core   0: 0x8000b8b6 (0x0000bfe5) c.j     pc - 8
core   0: 3 0x8000b8b6 (0xbfe5)
core   0: 0x8000b8ae (0x00001f17) auipc   t5, 0x1
core   0: 3 0x8000b8ae (0x00001f17) x30 0x8000c8ae
core   0: 0x8000b8b2 (0x743f2923) sw      gp, 1874(t5)
core   0: 3 0x8000b8b2 (0x743f2923) mem 0x8000d000 0x00000001
core   0: 0x8000b8b6 (0x0000bfe5) c.j     pc - 8
core   0: 3 0x8000b8b6 (0xbfe5)
core   0: 0x8000b8ae (0x00001f17) auipc   t5, 0x1
core   0: 3 0x8000b8ae (0x00001f17) x30 0x8000c8ae
core   0: 0x8000b8b2 (0x743f2923) sw      gp, 1874(t5)
core   0: 3 0x8000b8b2 (0x743f2923) mem 0x8000d000 0x00000001
core   0: 0x8000b8b6 (0x0000bfe5) c.j     pc - 8
core   0: 3 0x8000b8b6 (0xbfe5)
core   0: 0x8000b8ae (0x00001f17) auipc   t5, 0x1
core   0: 3 0x8000b8ae (0x00001f17) x30 0x8000c8ae
core   0: 0x8000b8b2 (0x743f2923) sw      gp, 1874(t5)
core   0: 3 0x8000b8b2 (0x743f2923) mem 0x8000d000 0x00000001
core   0: 0x8000b8b6 (0x0000bfe5) c.j     pc - 8
core   0: 3 0x8000b8b6 (0xbfe5)
core   0: 0x8000b8ae (0x00001f17) auipc   t5, 0x1
core   0: 3 0x8000b8ae (0x00001f17) x30 0x8000c8ae
core   0: 0x8000b8b2 (0x743f2923) sw      gp, 1874(t5)
core   0: 3 0x8000b8b2 (0x743f2923) mem 0x8000d000 0x00000001
core   0: 0x8000b8b6 (0x0000bfe5) c.j     pc - 8
core   0: 3 0x8000b8b6 (0xbfe5)
core   0: 0x8000b8ae (0x00001f17) auipc   t5, 0x1
core   0: 3 0x8000b8ae (0x00001f17) x30 0x8000c8ae
core   0: 0x8000b8b2 (0x743f2923) sw      gp, 1874(t5)
core   0: 3 0x8000b8b2 (0x743f2923) mem 0x8000d000 0x00000001
core   0: 0x8000b8b6 (0x0000bfe5) c.j     pc - 8
core   0: 3 0x8000b8b6 (0xbfe5)
core   0: 0x8000b8ae (0x00001f17) auipc   t5, 0x1
core   0: 3 0x8000b8ae (0x00001f17) x30 0x8000c8ae
core   0: 0x8000b8b2 (0x743f2923) sw      gp, 1874(t5)
core   0: 3 0x8000b8b2 (0x743f2923) mem 0x8000d000 0x00000001
core   0: 0x8000b8b6 (0x0000bfe5) c.j     pc - 8
core   0: 3 0x8000b8b6 (0xbfe5)
core   0: 0x8000b8ae (0x00001f17) auipc   t5, 0x1
core   0: 3 0x8000b8ae (0x00001f17) x30 0x8000c8ae
core   0: 0x8000b8b2 (0x743f2923) sw      gp, 1874(t5)
core   0: 3 0x8000b8b2 (0x743f2923) mem 0x8000d000 0x00000001
core   0: 0x8000b8b6 (0x0000bfe5) c.j     pc - 8
core   0: 3 0x8000b8b6 (0xbfe5)
core   0: 0x8000b8ae (0x00001f17) auipc   t5, 0x1
core   0: 3 0x8000b8ae (0x00001f17) x30 0x8000c8ae
core   0: 0x8000b8b2 (0x743f2923) sw      gp, 1874(t5)
core   0: 3 0x8000b8b2 (0x743f2923) mem 0x8000d000 0x00000001
core   0: 0x8000b8b6 (0x0000bfe5) c.j     pc - 8
core   0: 3 0x8000b8b6 (0xbfe5)
core   0: 0x8000b8ae (0x00001f17) auipc   t5, 0x1
core   0: 3 0x8000b8ae (0x00001f17) x30 0x8000c8ae
core   0: 0x8000b8b2 (0x743f2923) sw      gp, 1874(t5)
core   0: 3 0x8000b8b2 (0x743f2923) mem 0x8000d000 0x00000001
core   0: 0x8000b8b6 (0x0000bfe5) c.j     pc - 8
core   0: 3 0x8000b8b6 (0xbfe5)
core   0: 0x8000b8ae (0x00001f17) auipc   t5, 0x1
core   0: 3 0x8000b8ae (0x00001f17) x30 0x8000c8ae
core   0: 0x8000b8b2 (0x743f2923) sw      gp, 1874(t5)
core   0: 3 0x8000b8b2 (0x743f2923) mem 0x8000d000 0x00000001
core   0: 0x8000b8b6 (0x0000bfe5) c.j     pc - 8
core   0: 3 0x8000b8b6 (0xbfe5)
core   0: 0x8000b8ae (0x00001f17) auipc   t5, 0x1
core   0: 3 0x8000b8ae (0x00001f17) x30 0x8000c8ae
core   0: 0x8000b8b2 (0x743f2923) sw      gp, 1874(t5)
core   0: 3 0x8000b8b2 (0x743f2923) mem 0x8000d000 0x00000001
core   0: 0x8000b8b6 (0x0000bfe5) c.j     pc - 8
core   0: 3 0x8000b8b6 (0xbfe5)
core   0: 0x8000b8ae (0x00001f17) auipc   t5, 0x1
core   0: 3 0x8000b8ae (0x00001f17) x30 0x8000c8ae
core   0: 0x8000b8b2 (0x743f2923) sw      gp, 1874(t5)
core   0: 3 0x8000b8b2 (0x743f2923) mem 0x8000d000 0x00000001
core   0: 0x8000b8b6 (0x0000bfe5) c.j     pc - 8
core   0: 3 0x8000b8b6 (0xbfe5)
core   0: 0x8000b8ae (0x00001f17) auipc   t5, 0x1
core   0: 3 0x8000b8ae (0x00001f17) x30 0x8000c8ae
core   0: 0x8000b8b2 (0x743f2923) sw      gp, 1874(t5)
core   0: 3 0x8000b8b2 (0x743f2923) mem 0x8000d000 0x00000001
core   0: 0x8000b8b6 (0x0000bfe5) c.j     pc - 8
core   0: 3 0x8000b8b6 (0xbfe5)
core   0: 0x8000b8ae (0x00001f17) auipc   t5, 0x1
core   0: 3 0x8000b8ae (0x00001f17) x30 0x8000c8ae
core   0: 0x8000b8b2 (0x743f2923) sw      gp, 1874(t5)
core   0: 3 0x8000b8b2 (0x743f2923) mem 0x8000d000 0x00000001
core   0: 0x8000b8b6 (0x0000bfe5) c.j     pc - 8
core   0: 3 0x8000b8b6 (0xbfe5)
core   0: 0x8000b8ae (0x00001f17) auipc   t5, 0x1
core   0: 3 0x8000b8ae (0x00001f17) x30 0x8000c8ae
core   0: 0x8000b8b2 (0x743f2923) sw      gp, 1874(t5)
core   0: 3 0x8000b8b2 (0x743f2923) mem 0x8000d000 0x00000001
core   0: 0x8000b8b6 (0x0000bfe5) c.j     pc - 8
core   0: 3 0x8000b8b6 (0xbfe5)
core   0: 0x8000b8ae (0x00001f17) auipc   t5, 0x1
core   0: 3 0x8000b8ae (0x00001f17) x30 0x8000c8ae
core   0: 0x8000b8b2 (0x743f2923) sw      gp, 1874(t5)
core   0: 3 0x8000b8b2 (0x743f2923) mem 0x8000d000 0x00000001
core   0: 0x8000b8b6 (0x0000bfe5) c.j     pc - 8
core   0: 3 0x8000b8b6 (0xbfe5)
core   0: 0x8000b8ae (0x00001f17) auipc   t5, 0x1
core   0: 3 0x8000b8ae (0x00001f17) x30 0x8000c8ae
core   0: 0x8000b8b2 (0x743f2923) sw      gp, 1874(t5)
core   0: 3 0x8000b8b2 (0x743f2923) mem 0x8000d000 0x00000001
core   0: 0x8000b8b6 (0x0000bfe5) c.j     pc - 8
core   0: 3 0x8000b8b6 (0xbfe5)
core   0: 0x8000b8ae (0x00001f17) auipc   t5, 0x1
core   0: 3 0x8000b8ae (0x00001f17) x30 0x8000c8ae
core   0: 0x8000b8b2 (0x743f2923) sw      gp, 1874(t5)
core   0: 3 0x8000b8b2 (0x743f2923) mem 0x8000d000 0x00000001
core   0: 0x8000b8b6 (0x0000bfe5) c.j     pc - 8
core   0: 3 0x8000b8b6 (0xbfe5)
core   0: 0x8000b8ae (0x00001f17) auipc   t5, 0x1
core   0: 3 0x8000b8ae (0x00001f17) x30 0x8000c8ae
core   0: 0x8000b8b2 (0x743f2923) sw      gp, 1874(t5)
core   0: 3 0x8000b8b2 (0x743f2923) mem 0x8000d000 0x00000001
core   0: 0x8000b8b6 (0x0000bfe5) c.j     pc - 8
core   0: 3 0x8000b8b6 (0xbfe5)
core   0: 0x8000b8ae (0x00001f17) auipc   t5, 0x1
core   0: 3 0x8000b8ae (0x00001f17) x30 0x8000c8ae
core   0: 0x8000b8b2 (0x743f2923) sw      gp, 1874(t5)
core   0: 3 0x8000b8b2 (0x743f2923) mem 0x8000d000 0x00000001
core   0: 0x8000b8b6 (0x0000bfe5) c.j     pc - 8
core   0: 3 0x8000b8b6 (0xbfe5)
core   0: 0x8000b8ae (0x00001f17) auipc   t5, 0x1
core   0: 3 0x8000b8ae (0x00001f17) x30 0x8000c8ae
core   0: 0x8000b8b2 (0x743f2923) sw      gp, 1874(t5)
core   0: 3 0x8000b8b2 (0x743f2923) mem 0x8000d000 0x00000001
core   0: 0x8000b8b6 (0x0000bfe5) c.j     pc - 8
core   0: 3 0x8000b8b6 (0xbfe5)
core   0: 0x8000b8ae (0x00001f17) auipc   t5, 0x1
core   0: 3 0x8000b8ae (0x00001f17) x30 0x8000c8ae
core   0: 0x8000b8b2 (0x743f2923) sw      gp, 1874(t5)
core   0: 3 0x8000b8b2 (0x743f2923) mem 0x8000d000 0x00000001
core   0: 0x8000b8b6 (0x0000bfe5) c.j     pc - 8
core   0: 3 0x8000b8b6 (0xbfe5)
core   0: 0x8000b8ae (0x00001f17) auipc   t5, 0x1
core   0: 3 0x8000b8ae (0x00001f17) x30 0x8000c8ae
core   0: 0x8000b8b2 (0x743f2923) sw      gp, 1874(t5)
core   0: 3 0x8000b8b2 (0x743f2923) mem 0x8000d000 0x00000001
core   0: 0x8000b8b6 (0x0000bfe5) c.j     pc - 8
core   0: 3 0x8000b8b6 (0xbfe5)
core   0: 0x8000b8ae (0x00001f17) auipc   t5, 0x1
core   0: 3 0x8000b8ae (0x00001f17) x30 0x8000c8ae
core   0: 0x8000b8b2 (0x743f2923) sw      gp, 1874(t5)
core   0: 3 0x8000b8b2 (0x743f2923) mem 0x8000d000 0x00000001
core   0: 0x8000b8b6 (0x0000bfe5) c.j     pc - 8
core   0: 3 0x8000b8b6 (0xbfe5)
core   0: 0x8000b8ae (0x00001f17) auipc   t5, 0x1
core   0: 3 0x8000b8ae (0x00001f17) x30 0x8000c8ae
core   0: 0x8000b8b2 (0x743f2923) sw      gp, 1874(t5)
core   0: 3 0x8000b8b2 (0x743f2923) mem 0x8000d000 0x00000001
core   0: 0x8000b8b6 (0x0000bfe5) c.j     pc - 8
core   0: 3 0x8000b8b6 (0xbfe5)
core   0: 0x8000b8ae (0x00001f17) auipc   t5, 0x1
core   0: 3 0x8000b8ae (0x00001f17) x30 0x8000c8ae
core   0: 0x8000b8b2 (0x743f2923) sw      gp, 1874(t5)
core   0: 3 0x8000b8b2 (0x743f2923) mem 0x8000d000 0x00000001
core   0: 0x8000b8b6 (0x0000bfe5) c.j     pc - 8
core   0: 3 0x8000b8b6 (0xbfe5)
core   0: 0x8000b8ae (0x00001f17) auipc   t5, 0x1
core   0: 3 0x8000b8ae (0x00001f17) x30 0x8000c8ae
core   0: 0x8000b8b2 (0x743f2923) sw      gp, 1874(t5)
core   0: 3 0x8000b8b2 (0x743f2923) mem 0x8000d000 0x00000001
core   0: 0x8000b8b6 (0x0000bfe5) c.j     pc - 8
core   0: 3 0x8000b8b6 (0xbfe5)
core   0: 0x8000b8ae (0x00001f17) auipc   t5, 0x1
core   0: 3 0x8000b8ae (0x00001f17) x30 0x8000c8ae
core   0: 0x8000b8b2 (0x743f2923) sw      gp, 1874(t5)
core   0: 3 0x8000b8b2 (0x743f2923) mem 0x8000d000 0x00000001
core   0: 0x8000b8b6 (0x0000bfe5) c.j     pc - 8
core   0: 3 0x8000b8b6 (0xbfe5)
core   0: 0x8000b8ae (0x00001f17) auipc   t5, 0x1
core   0: 3 0x8000b8ae (0x00001f17) x30 0x8000c8ae
core   0: 0x8000b8b2 (0x743f2923) sw      gp, 1874(t5)
core   0: 3 0x8000b8b2 (0x743f2923) mem 0x8000d000 0x00000001
core   0: 0x8000b8b6 (0x0000bfe5) c.j     pc - 8
core   0: 3 0x8000b8b6 (0xbfe5)
core   0: 0x8000b8ae (0x00001f17) auipc   t5, 0x1
core   0: 3 0x8000b8ae (0x00001f17) x30 0x8000c8ae
core   0: 0x8000b8b2 (0x743f2923) sw      gp, 1874(t5)
core   0: 3 0x8000b8b2 (0x743f2923) mem 0x8000d000 0x00000001
core   0: 0x8000b8b6 (0x0000bfe5) c.j     pc - 8
core   0: 3 0x8000b8b6 (0xbfe5)
core   0: 0x8000b8ae (0x00001f17) auipc   t5, 0x1
core   0: 3 0x8000b8ae (0x00001f17) x30 0x8000c8ae
core   0: 0x8000b8b2 (0x743f2923) sw      gp, 1874(t5)
core   0: 3 0x8000b8b2 (0x743f2923) mem 0x8000d000 0x00000001
core   0: 0x8000b8b6 (0x0000bfe5) c.j     pc - 8
core   0: 3 0x8000b8b6 (0xbfe5)
core   0: 0x8000b8ae (0x00001f17) auipc   t5, 0x1
core   0: 3 0x8000b8ae (0x00001f17) x30 0x8000c8ae
core   0: 0x8000b8b2 (0x743f2923) sw      gp, 1874(t5)
core   0: 3 0x8000b8b2 (0x743f2923) mem 0x8000d000 0x00000001
core   0: 0x8000b8b6 (0x0000bfe5) c.j     pc - 8
core   0: 3 0x8000b8b6 (0xbfe5)
core   0: 0x8000b8ae (0x00001f17) auipc   t5, 0x1
core   0: 3 0x8000b8ae (0x00001f17) x30 0x8000c8ae
core   0: 0x8000b8b2 (0x743f2923) sw      gp, 1874(t5)
core   0: 3 0x8000b8b2 (0x743f2923) mem 0x8000d000 0x00000001
core   0: 0x8000b8b6 (0x0000bfe5) c.j     pc - 8
core   0: 3 0x8000b8b6 (0xbfe5)
core   0: 0x8000b8ae (0x00001f17) auipc   t5, 0x1
core   0: 3 0x8000b8ae (0x00001f17) x30 0x8000c8ae
core   0: 0x8000b8b2 (0x743f2923) sw      gp, 1874(t5)
core   0: 3 0x8000b8b2 (0x743f2923) mem 0x8000d000 0x00000001
core   0: 0x8000b8b6 (0x0000bfe5) c.j     pc - 8
core   0: 3 0x8000b8b6 (0xbfe5)
core   0: 0x8000b8ae (0x00001f17) auipc   t5, 0x1
core   0: 3 0x8000b8ae (0x00001f17) x30 0x8000c8ae
core   0: 0x8000b8b2 (0x743f2923) sw      gp, 1874(t5)
core   0: 3 0x8000b8b2 (0x743f2923) mem 0x8000d000 0x00000001
core   0: 0x8000b8b6 (0x0000bfe5) c.j     pc - 8
core   0: 3 0x8000b8b6 (0xbfe5)
core   0: 0x8000b8ae (0x00001f17) auipc   t5, 0x1
core   0: 3 0x8000b8ae (0x00001f17) x30 0x8000c8ae
core   0: 0x8000b8b2 (0x743f2923) sw      gp, 1874(t5)
core   0: 3 0x8000b8b2 (0x743f2923) mem 0x8000d000 0x00000001
core   0: 0x8000b8b6 (0x0000bfe5) c.j     pc - 8
core   0: 3 0x8000b8b6 (0xbfe5)
core   0: 0x8000b8ae (0x00001f17) auipc   t5, 0x1
core   0: 3 0x8000b8ae (0x00001f17) x30 0x8000c8ae
core   0: 0x8000b8b2 (0x743f2923) sw      gp, 1874(t5)
core   0: 3 0x8000b8b2 (0x743f2923) mem 0x8000d000 0x00000001
core   0: 0x8000b8b6 (0x0000bfe5) c.j     pc - 8
core   0: 3 0x8000b8b6 (0xbfe5)
core   0: 0x8000b8ae (0x00001f17) auipc   t5, 0x1
core   0: 3 0x8000b8ae (0x00001f17) x30 0x8000c8ae
core   0: 0x8000b8b2 (0x743f2923) sw      gp, 1874(t5)
core   0: 3 0x8000b8b2 (0x743f2923) mem 0x8000d000 0x00000001
core   0: 0x8000b8b6 (0x0000bfe5) c.j     pc - 8
core   0: 3 0x8000b8b6 (0xbfe5)
core   0: 0x8000b8ae (0x00001f17) auipc   t5, 0x1
core   0: 3 0x8000b8ae (0x00001f17) x30 0x8000c8ae
core   0: 0x8000b8b2 (0x743f2923) sw      gp, 1874(t5)
core   0: 3 0x8000b8b2 (0x743f2923) mem 0x8000d000 0x00000001
core   0: 0x8000b8b6 (0x0000bfe5) c.j     pc - 8
core   0: 3 0x8000b8b6 (0xbfe5)
core   0: 0x8000b8ae (0x00001f17) auipc   t5, 0x1
core   0: 3 0x8000b8ae (0x00001f17) x30 0x8000c8ae
core   0: 0x8000b8b2 (0x743f2923) sw      gp, 1874(t5)
core   0: 3 0x8000b8b2 (0x743f2923) mem 0x8000d000 0x00000001
core   0: 0x8000b8b6 (0x0000bfe5) c.j     pc - 8
core   0: 3 0x8000b8b6 (0xbfe5)
core   0: 0x8000b8ae (0x00001f17) auipc   t5, 0x1
core   0: 3 0x8000b8ae (0x00001f17) x30 0x8000c8ae
core   0: 0x8000b8b2 (0x743f2923) sw      gp, 1874(t5)
core   0: 3 0x8000b8b2 (0x743f2923) mem 0x8000d000 0x00000001
core   0: 0x8000b8b6 (0x0000bfe5) c.j     pc - 8
core   0: 3 0x8000b8b6 (0xbfe5)
core   0: 0x8000b8ae (0x00001f17) auipc   t5, 0x1
core   0: 3 0x8000b8ae (0x00001f17) x30 0x8000c8ae
core   0: 0x8000b8b2 (0x743f2923) sw      gp, 1874(t5)
core   0: 3 0x8000b8b2 (0x743f2923) mem 0x8000d000 0x00000001
core   0: 0x8000b8b6 (0x0000bfe5) c.j     pc - 8
core   0: 3 0x8000b8b6 (0xbfe5)
core   0: 0x8000b8ae (0x00001f17) auipc   t5, 0x1
core   0: 3 0x8000b8ae (0x00001f17) x30 0x8000c8ae
core   0: 0x8000b8b2 (0x743f2923) sw      gp, 1874(t5)
core   0: 3 0x8000b8b2 (0x743f2923) mem 0x8000d000 0x00000001
core   0: 0x8000b8b6 (0x0000bfe5) c.j     pc - 8
core   0: 3 0x8000b8b6 (0xbfe5)
core   0: 0x8000b8ae (0x00001f17) auipc   t5, 0x1
core   0: 3 0x8000b8ae (0x00001f17) x30 0x8000c8ae
core   0: 0x8000b8b2 (0x743f2923) sw      gp, 1874(t5)
core   0: 3 0x8000b8b2 (0x743f2923) mem 0x8000d000 0x00000001
core   0: 0x8000b8b6 (0x0000bfe5) c.j     pc - 8
core   0: 3 0x8000b8b6 (0xbfe5)
core   0: 0x8000b8ae (0x00001f17) auipc   t5, 0x1
core   0: 3 0x8000b8ae (0x00001f17) x30 0x8000c8ae
core   0: 0x8000b8b2 (0x743f2923) sw      gp, 1874(t5)
core   0: 3 0x8000b8b2 (0x743f2923) mem 0x8000d000 0x00000001
core   0: 0x8000b8b6 (0x0000bfe5) c.j     pc - 8
core   0: 3 0x8000b8b6 (0xbfe5)
core   0: 0x8000b8ae (0x00001f17) auipc   t5, 0x1
core   0: 3 0x8000b8ae (0x00001f17) x30 0x8000c8ae
core   0: 0x8000b8b2 (0x743f2923) sw      gp, 1874(t5)
core   0: 3 0x8000b8b2 (0x743f2923) mem 0x8000d000 0x00000001
core   0: 0x8000b8b6 (0x0000bfe5) c.j     pc - 8
core   0: 3 0x8000b8b6 (0xbfe5)
core   0: 0x8000b8ae (0x00001f17) auipc   t5, 0x1
core   0: 3 0x8000b8ae (0x00001f17) x30 0x8000c8ae
core   0: 0x8000b8b2 (0x743f2923) sw      gp, 1874(t5)
core   0: 3 0x8000b8b2 (0x743f2923) mem 0x8000d000 0x00000001
core   0: 0x8000b8b6 (0x0000bfe5) c.j     pc - 8
core   0: 3 0x8000b8b6 (0xbfe5)
core   0: 0x8000b8ae (0x00001f17) auipc   t5, 0x1
core   0: 3 0x8000b8ae (0x00001f17) x30 0x8000c8ae
core   0: 0x8000b8b2 (0x743f2923) sw      gp, 1874(t5)
core   0: 3 0x8000b8b2 (0x743f2923) mem 0x8000d000 0x00000001
core   0: 0x8000b8b6 (0x0000bfe5) c.j     pc - 8
core   0: 3 0x8000b8b6 (0xbfe5)
core   0: 0x8000b8ae (0x00001f17) auipc   t5, 0x1
core   0: 3 0x8000b8ae (0x00001f17) x30 0x8000c8ae
core   0: 0x8000b8b2 (0x743f2923) sw      gp, 1874(t5)
core   0: 3 0x8000b8b2 (0x743f2923) mem 0x8000d000 0x00000001
core   0: 0x8000b8b6 (0x0000bfe5) c.j     pc - 8
core   0: 3 0x8000b8b6 (0xbfe5)
core   0: 0x8000b8ae (0x00001f17) auipc   t5, 0x1
core   0: 3 0x8000b8ae (0x00001f17) x30 0x8000c8ae
core   0: 0x8000b8b2 (0x743f2923) sw      gp, 1874(t5)
core   0: 3 0x8000b8b2 (0x743f2923) mem 0x8000d000 0x00000001
core   0: 0x8000b8b6 (0x0000bfe5) c.j     pc - 8
core   0: 3 0x8000b8b6 (0xbfe5)
core   0: 0x8000b8ae (0x00001f17) auipc   t5, 0x1
core   0: 3 0x8000b8ae (0x00001f17) x30 0x8000c8ae
core   0: 0x8000b8b2 (0x743f2923) sw      gp, 1874(t5)
core   0: 3 0x8000b8b2 (0x743f2923) mem 0x8000d000 0x00000001
core   0: 0x8000b8b6 (0x0000bfe5) c.j     pc - 8
core   0: 3 0x8000b8b6 (0xbfe5)
core   0: 0x8000b8ae (0x00001f17) auipc   t5, 0x1
core   0: 3 0x8000b8ae (0x00001f17) x30 0x8000c8ae
core   0: 0x8000b8b2 (0x743f2923) sw      gp, 1874(t5)
core   0: 3 0x8000b8b2 (0x743f2923) mem 0x8000d000 0x00000001
core   0: 0x8000b8b6 (0x0000bfe5) c.j     pc - 8
core   0: 3 0x8000b8b6 (0xbfe5)
core   0: 0x8000b8ae (0x00001f17) auipc   t5, 0x1
core   0: 3 0x8000b8ae (0x00001f17) x30 0x8000c8ae
core   0: 0x8000b8b2 (0x743f2923) sw      gp, 1874(t5)
core   0: 3 0x8000b8b2 (0x743f2923) mem 0x8000d000 0x00000001
core   0: 0x8000b8b6 (0x0000bfe5) c.j     pc - 8
core   0: 3 0x8000b8b6 (0xbfe5)
core   0: 0x8000b8ae (0x00001f17) auipc   t5, 0x1
core   0: 3 0x8000b8ae (0x00001f17) x30 0x8000c8ae
core   0: 0x8000b8b2 (0x743f2923) sw      gp, 1874(t5)
core   0: 3 0x8000b8b2 (0x743f2923) mem 0x8000d000 0x00000001
core   0: 0x8000b8b6 (0x0000bfe5) c.j     pc - 8
core   0: 3 0x8000b8b6 (0xbfe5)
core   0: 0x8000b8ae (0x00001f17) auipc   t5, 0x1
core   0: 3 0x8000b8ae (0x00001f17) x30 0x8000c8ae
core   0: 0x8000b8b2 (0x743f2923) sw      gp, 1874(t5)
core   0: 3 0x8000b8b2 (0x743f2923) mem 0x8000d000 0x00000001
core   0: 0x8000b8b6 (0x0000bfe5) c.j     pc - 8
core   0: 3 0x8000b8b6 (0xbfe5)
core   0: 0x8000b8ae (0x00001f17) auipc   t5, 0x1
core   0: 3 0x8000b8ae (0x00001f17) x30 0x8000c8ae
core   0: 0x8000b8b2 (0x743f2923) sw      gp, 1874(t5)
core   0: 3 0x8000b8b2 (0x743f2923) mem 0x8000d000 0x00000001
core   0: 0x8000b8b6 (0x0000bfe5) c.j     pc - 8
core   0: 3 0x8000b8b6 (0xbfe5)
core   0: 0x8000b8ae (0x00001f17) auipc   t5, 0x1
core   0: 3 0x8000b8ae (0x00001f17) x30 0x8000c8ae
core   0: 0x8000b8b2 (0x743f2923) sw      gp, 1874(t5)
core   0: 3 0x8000b8b2 (0x743f2923) mem 0x8000d000 0x00000001
core   0: 0x8000b8b6 (0x0000bfe5) c.j     pc - 8
core   0: 3 0x8000b8b6 (0xbfe5)
core   0: 0x8000b8ae (0x00001f17) auipc   t5, 0x1
core   0: 3 0x8000b8ae (0x00001f17) x30 0x8000c8ae
core   0: 0x8000b8b2 (0x743f2923) sw      gp, 1874(t5)
core   0: 3 0x8000b8b2 (0x743f2923) mem 0x8000d000 0x00000001
core   0: 0x8000b8b6 (0x0000bfe5) c.j     pc - 8
core   0: 3 0x8000b8b6 (0xbfe5)
core   0: 0x8000b8ae (0x00001f17) auipc   t5, 0x1
core   0: 3 0x8000b8ae (0x00001f17) x30 0x8000c8ae
core   0: 0x8000b8b2 (0x743f2923) sw      gp, 1874(t5)
core   0: 3 0x8000b8b2 (0x743f2923) mem 0x8000d000 0x00000001
core   0: 0x8000b8b6 (0x0000bfe5) c.j     pc - 8
core   0: 3 0x8000b8b6 (0xbfe5)
core   0: 0x8000b8ae (0x00001f17) auipc   t5, 0x1
core   0: 3 0x8000b8ae (0x00001f17) x30 0x8000c8ae
core   0: 0x8000b8b2 (0x743f2923) sw      gp, 1874(t5)
core   0: 3 0x8000b8b2 (0x743f2923) mem 0x8000d000 0x00000001
core   0: 0x8000b8b6 (0x0000bfe5) c.j     pc - 8
core   0: 3 0x8000b8b6 (0xbfe5)
core   0: 0x8000b8ae (0x00001f17) auipc   t5, 0x1
core   0: 3 0x8000b8ae (0x00001f17) x30 0x8000c8ae
core   0: 0x8000b8b2 (0x743f2923) sw      gp, 1874(t5)
core   0: 3 0x8000b8b2 (0x743f2923) mem 0x8000d000 0x00000001
core   0: 0x8000b8b6 (0x0000bfe5) c.j     pc - 8
core   0: 3 0x8000b8b6 (0xbfe5)
core   0: 0x8000b8ae (0x00001f17) auipc   t5, 0x1
core   0: 3 0x8000b8ae (0x00001f17) x30 0x8000c8ae
core   0: 0x8000b8b2 (0x743f2923) sw      gp, 1874(t5)
core   0: 3 0x8000b8b2 (0x743f2923) mem 0x8000d000 0x00000001
core   0: 0x8000b8b6 (0x0000bfe5) c.j     pc - 8
core   0: 3 0x8000b8b6 (0xbfe5)
core   0: 0x8000b8ae (0x00001f17) auipc   t5, 0x1
core   0: 3 0x8000b8ae (0x00001f17) x30 0x8000c8ae
core   0: 0x8000b8b2 (0x743f2923) sw      gp, 1874(t5)
core   0: 3 0x8000b8b2 (0x743f2923) mem 0x8000d000 0x00000001
core   0: 0x8000b8b6 (0x0000bfe5) c.j     pc - 8
core   0: 3 0x8000b8b6 (0xbfe5)
core   0: 0x8000b8ae (0x00001f17) auipc   t5, 0x1
core   0: 3 0x8000b8ae (0x00001f17) x30 0x8000c8ae
core   0: 0x8000b8b2 (0x743f2923) sw      gp, 1874(t5)
core   0: 3 0x8000b8b2 (0x743f2923) mem 0x8000d000 0x00000001
core   0: 0x8000b8b6 (0x0000bfe5) c.j     pc - 8
core   0: 3 0x8000b8b6 (0xbfe5)
core   0: 0x8000b8ae (0x00001f17) auipc   t5, 0x1
core   0: 3 0x8000b8ae (0x00001f17) x30 0x8000c8ae
core   0: 0x8000b8b2 (0x743f2923) sw      gp, 1874(t5)
core   0: 3 0x8000b8b2 (0x743f2923) mem 0x8000d000 0x00000001
core   0: 0x8000b8b6 (0x0000bfe5) c.j     pc - 8
core   0: 3 0x8000b8b6 (0xbfe5)
core   0: 0x8000b8ae (0x00001f17) auipc   t5, 0x1
core   0: 3 0x8000b8ae (0x00001f17) x30 0x8000c8ae
core   0: 0x8000b8b2 (0x743f2923) sw      gp, 1874(t5)
core   0: 3 0x8000b8b2 (0x743f2923) mem 0x8000d000 0x00000001
core   0: 0x8000b8b6 (0x0000bfe5) c.j     pc - 8
core   0: 3 0x8000b8b6 (0xbfe5)
core   0: 0x8000b8ae (0x00001f17) auipc   t5, 0x1
core   0: 3 0x8000b8ae (0x00001f17) x30 0x8000c8ae
core   0: 0x8000b8b2 (0x743f2923) sw      gp, 1874(t5)
core   0: 3 0x8000b8b2 (0x743f2923) mem 0x8000d000 0x00000001
core   0: 0x8000b8b6 (0x0000bfe5) c.j     pc - 8
core   0: 3 0x8000b8b6 (0xbfe5)
core   0: 0x8000b8ae (0x00001f17) auipc   t5, 0x1
core   0: 3 0x8000b8ae (0x00001f17) x30 0x8000c8ae
core   0: 0x8000b8b2 (0x743f2923) sw      gp, 1874(t5)
core   0: 3 0x8000b8b2 (0x743f2923) mem 0x8000d000 0x00000001
core   0: 0x8000b8b6 (0x0000bfe5) c.j     pc - 8
core   0: 3 0x8000b8b6 (0xbfe5)
core   0: 0x8000b8ae (0x00001f17) auipc   t5, 0x1
core   0: 3 0x8000b8ae (0x00001f17) x30 0x8000c8ae
core   0: 0x8000b8b2 (0x743f2923) sw      gp, 1874(t5)
core   0: 3 0x8000b8b2 (0x743f2923) mem 0x8000d000 0x00000001
core   0: 0x8000b8b6 (0x0000bfe5) c.j     pc - 8
core   0: 3 0x8000b8b6 (0xbfe5)
core   0: 0x8000b8ae (0x00001f17) auipc   t5, 0x1
core   0: 3 0x8000b8ae (0x00001f17) x30 0x8000c8ae
core   0: 0x8000b8b2 (0x743f2923) sw      gp, 1874(t5)
core   0: 3 0x8000b8b2 (0x743f2923) mem 0x8000d000 0x00000001
core   0: 0x8000b8b6 (0x0000bfe5) c.j     pc - 8
core   0: 3 0x8000b8b6 (0xbfe5)
core   0: 0x8000b8ae (0x00001f17) auipc   t5, 0x1
core   0: 3 0x8000b8ae (0x00001f17) x30 0x8000c8ae
core   0: 0x8000b8b2 (0x743f2923) sw      gp, 1874(t5)
core   0: 3 0x8000b8b2 (0x743f2923) mem 0x8000d000 0x00000001
core   0: 0x8000b8b6 (0x0000bfe5) c.j     pc - 8
core   0: 3 0x8000b8b6 (0xbfe5)
core   0: 0x8000b8ae (0x00001f17) auipc   t5, 0x1
core   0: 3 0x8000b8ae (0x00001f17) x30 0x8000c8ae
core   0: 0x8000b8b2 (0x743f2923) sw      gp, 1874(t5)
core   0: 3 0x8000b8b2 (0x743f2923) mem 0x8000d000 0x00000001
core   0: 0x8000b8b6 (0x0000bfe5) c.j     pc - 8
core   0: 3 0x8000b8b6 (0xbfe5)
core   0: 0x8000b8ae (0x00001f17) auipc   t5, 0x1
core   0: 3 0x8000b8ae (0x00001f17) x30 0x8000c8ae
core   0: 0x8000b8b2 (0x743f2923) sw      gp, 1874(t5)
core   0: 3 0x8000b8b2 (0x743f2923) mem 0x8000d000 0x00000001
core   0: 0x8000b8b6 (0x0000bfe5) c.j     pc - 8
core   0: 3 0x8000b8b6 (0xbfe5)
core   0: 0x8000b8ae (0x00001f17) auipc   t5, 0x1
core   0: 3 0x8000b8ae (0x00001f17) x30 0x8000c8ae
core   0: 0x8000b8b2 (0x743f2923) sw      gp, 1874(t5)
core   0: 3 0x8000b8b2 (0x743f2923) mem 0x8000d000 0x00000001
core   0: 0x8000b8b6 (0x0000bfe5) c.j     pc - 8
core   0: 3 0x8000b8b6 (0xbfe5)
core   0: 0x8000b8ae (0x00001f17) auipc   t5, 0x1
core   0: 3 0x8000b8ae (0x00001f17) x30 0x8000c8ae
core   0: 0x8000b8b2 (0x743f2923) sw      gp, 1874(t5)
core   0: 3 0x8000b8b2 (0x743f2923) mem 0x8000d000 0x00000001
core   0: 0x8000b8b6 (0x0000bfe5) c.j     pc - 8
core   0: 3 0x8000b8b6 (0xbfe5)
core   0: 0x8000b8ae (0x00001f17) auipc   t5, 0x1
core   0: 3 0x8000b8ae (0x00001f17) x30 0x8000c8ae
core   0: 0x8000b8b2 (0x743f2923) sw      gp, 1874(t5)
core   0: 3 0x8000b8b2 (0x743f2923) mem 0x8000d000 0x00000001
core   0: 0x8000b8b6 (0x0000bfe5) c.j     pc - 8
core   0: 3 0x8000b8b6 (0xbfe5)
core   0: 0x8000b8ae (0x00001f17) auipc   t5, 0x1
core   0: 3 0x8000b8ae (0x00001f17) x30 0x8000c8ae
core   0: 0x8000b8b2 (0x743f2923) sw      gp, 1874(t5)
core   0: 3 0x8000b8b2 (0x743f2923) mem 0x8000d000 0x00000001
core   0: 0x8000b8b6 (0x0000bfe5) c.j     pc - 8
core   0: 3 0x8000b8b6 (0xbfe5)
core   0: 0x8000b8ae (0x00001f17) auipc   t5, 0x1
core   0: 3 0x8000b8ae (0x00001f17) x30 0x8000c8ae
core   0: 0x8000b8b2 (0x743f2923) sw      gp, 1874(t5)
core   0: 3 0x8000b8b2 (0x743f2923) mem 0x8000d000 0x00000001
core   0: 0x8000b8b6 (0x0000bfe5) c.j     pc - 8
core   0: 3 0x8000b8b6 (0xbfe5)
core   0: 0x8000b8ae (0x00001f17) auipc   t5, 0x1
core   0: 3 0x8000b8ae (0x00001f17) x30 0x8000c8ae
core   0: 0x8000b8b2 (0x743f2923) sw      gp, 1874(t5)
core   0: 3 0x8000b8b2 (0x743f2923) mem 0x8000d000 0x00000001
core   0: 0x8000b8b6 (0x0000bfe5) c.j     pc - 8
core   0: 3 0x8000b8b6 (0xbfe5)
core   0: 0x8000b8ae (0x00001f17) auipc   t5, 0x1
core   0: 3 0x8000b8ae (0x00001f17) x30 0x8000c8ae
core   0: 0x8000b8b2 (0x743f2923) sw      gp, 1874(t5)
core   0: 3 0x8000b8b2 (0x743f2923) mem 0x8000d000 0x00000001
core   0: 0x8000b8b6 (0x0000bfe5) c.j     pc - 8
core   0: 3 0x8000b8b6 (0xbfe5)
core   0: 0x8000b8ae (0x00001f17) auipc   t5, 0x1
core   0: 3 0x8000b8ae (0x00001f17) x30 0x8000c8ae
core   0: 0x8000b8b2 (0x743f2923) sw      gp, 1874(t5)
core   0: 3 0x8000b8b2 (0x743f2923) mem 0x8000d000 0x00000001
core   0: 0x8000b8b6 (0x0000bfe5) c.j     pc - 8
core   0: 3 0x8000b8b6 (0xbfe5)
core   0: 0x8000b8ae (0x00001f17) auipc   t5, 0x1
core   0: 3 0x8000b8ae (0x00001f17) x30 0x8000c8ae
core   0: 0x8000b8b2 (0x743f2923) sw      gp, 1874(t5)
core   0: 3 0x8000b8b2 (0x743f2923) mem 0x8000d000 0x00000001
core   0: 0x8000b8b6 (0x0000bfe5) c.j     pc - 8
core   0: 3 0x8000b8b6 (0xbfe5)
core   0: 0x8000b8ae (0x00001f17) auipc   t5, 0x1
core   0: 3 0x8000b8ae (0x00001f17) x30 0x8000c8ae
core   0: 0x8000b8b2 (0x743f2923) sw      gp, 1874(t5)
core   0: 3 0x8000b8b2 (0x743f2923) mem 0x8000d000 0x00000001
core   0: 0x8000b8b6 (0x0000bfe5) c.j     pc - 8
core   0: 3 0x8000b8b6 (0xbfe5)
core   0: 0x8000b8ae (0x00001f17) auipc   t5, 0x1
core   0: 3 0x8000b8ae (0x00001f17) x30 0x8000c8ae
core   0: 0x8000b8b2 (0x743f2923) sw      gp, 1874(t5)
core   0: 3 0x8000b8b2 (0x743f2923) mem 0x8000d000 0x00000001
core   0: 0x8000b8b6 (0x0000bfe5) c.j     pc - 8
core   0: 3 0x8000b8b6 (0xbfe5)
core   0: 0x8000b8ae (0x00001f17) auipc   t5, 0x1
core   0: 3 0x8000b8ae (0x00001f17) x30 0x8000c8ae
core   0: 0x8000b8b2 (0x743f2923) sw      gp, 1874(t5)
core   0: 3 0x8000b8b2 (0x743f2923) mem 0x8000d000 0x00000001
core   0: 0x8000b8b6 (0x0000bfe5) c.j     pc - 8
core   0: 3 0x8000b8b6 (0xbfe5)
core   0: 0x8000b8ae (0x00001f17) auipc   t5, 0x1
core   0: 3 0x8000b8ae (0x00001f17) x30 0x8000c8ae
core   0: 0x8000b8b2 (0x743f2923) sw      gp, 1874(t5)
core   0: 3 0x8000b8b2 (0x743f2923) mem 0x8000d000 0x00000001
core   0: 0x8000b8b6 (0x0000bfe5) c.j     pc - 8
core   0: 3 0x8000b8b6 (0xbfe5)
core   0: 0x8000b8ae (0x00001f17) auipc   t5, 0x1
core   0: 3 0x8000b8ae (0x00001f17) x30 0x8000c8ae
core   0: 0x8000b8b2 (0x743f2923) sw      gp, 1874(t5)
core   0: 3 0x8000b8b2 (0x743f2923) mem 0x8000d000 0x00000001
core   0: 0x8000b8b6 (0x0000bfe5) c.j     pc - 8
core   0: 3 0x8000b8b6 (0xbfe5)
core   0: 0x8000b8ae (0x00001f17) auipc   t5, 0x1
core   0: 3 0x8000b8ae (0x00001f17) x30 0x8000c8ae
core   0: 0x8000b8b2 (0x743f2923) sw      gp, 1874(t5)
core   0: 3 0x8000b8b2 (0x743f2923) mem 0x8000d000 0x00000001
core   0: 0x8000b8b6 (0x0000bfe5) c.j     pc - 8
core   0: 3 0x8000b8b6 (0xbfe5)
core   0: 0x8000b8ae (0x00001f17) auipc   t5, 0x1
core   0: 3 0x8000b8ae (0x00001f17) x30 0x8000c8ae
core   0: 0x8000b8b2 (0x743f2923) sw      gp, 1874(t5)
core   0: 3 0x8000b8b2 (0x743f2923) mem 0x8000d000 0x00000001
core   0: 0x8000b8b6 (0x0000bfe5) c.j     pc - 8
core   0: 3 0x8000b8b6 (0xbfe5)
core   0: 0x8000b8ae (0x00001f17) auipc   t5, 0x1
core   0: 3 0x8000b8ae (0x00001f17) x30 0x8000c8ae
core   0: 0x8000b8b2 (0x743f2923) sw      gp, 1874(t5)
core   0: 3 0x8000b8b2 (0x743f2923) mem 0x8000d000 0x00000001
core   0: 0x8000b8b6 (0x0000bfe5) c.j     pc - 8
core   0: 3 0x8000b8b6 (0xbfe5)
core   0: 0x8000b8ae (0x00001f17) auipc   t5, 0x1
core   0: 3 0x8000b8ae (0x00001f17) x30 0x8000c8ae
core   0: 0x8000b8b2 (0x743f2923) sw      gp, 1874(t5)
core   0: 3 0x8000b8b2 (0x743f2923) mem 0x8000d000 0x00000001
core   0: 0x8000b8b6 (0x0000bfe5) c.j     pc - 8
core   0: 3 0x8000b8b6 (0xbfe5)
core   0: 0x8000b8ae (0x00001f17) auipc   t5, 0x1
core   0: 3 0x8000b8ae (0x00001f17) x30 0x8000c8ae
core   0: 0x8000b8b2 (0x743f2923) sw      gp, 1874(t5)
core   0: 3 0x8000b8b2 (0x743f2923) mem 0x8000d000 0x00000001
core   0: 0x8000b8b6 (0x0000bfe5) c.j     pc - 8
core   0: 3 0x8000b8b6 (0xbfe5)
core   0: 0x8000b8ae (0x00001f17) auipc   t5, 0x1
core   0: 3 0x8000b8ae (0x00001f17) x30 0x8000c8ae
core   0: 0x8000b8b2 (0x743f2923) sw      gp, 1874(t5)
core   0: 3 0x8000b8b2 (0x743f2923) mem 0x8000d000 0x00000001
core   0: 0x8000b8b6 (0x0000bfe5) c.j     pc - 8
core   0: 3 0x8000b8b6 (0xbfe5)
core   0: 0x8000b8ae (0x00001f17) auipc   t5, 0x1
core   0: 3 0x8000b8ae (0x00001f17) x30 0x8000c8ae
core   0: 0x8000b8b2 (0x743f2923) sw      gp, 1874(t5)
core   0: 3 0x8000b8b2 (0x743f2923) mem 0x8000d000 0x00000001
core   0: 0x8000b8b6 (0x0000bfe5) c.j     pc - 8
core   0: 3 0x8000b8b6 (0xbfe5)
core   0: 0x8000b8ae (0x00001f17) auipc   t5, 0x1
core   0: 3 0x8000b8ae (0x00001f17) x30 0x8000c8ae
core   0: 0x8000b8b2 (0x743f2923) sw      gp, 1874(t5)
core   0: 3 0x8000b8b2 (0x743f2923) mem 0x8000d000 0x00000001
core   0: 0x8000b8b6 (0x0000bfe5) c.j     pc - 8
core   0: 3 0x8000b8b6 (0xbfe5)
core   0: 0x8000b8ae (0x00001f17) auipc   t5, 0x1
core   0: 3 0x8000b8ae (0x00001f17) x30 0x8000c8ae
core   0: 0x8000b8b2 (0x743f2923) sw      gp, 1874(t5)
core   0: 3 0x8000b8b2 (0x743f2923) mem 0x8000d000 0x00000001
core   0: 0x8000b8b6 (0x0000bfe5) c.j     pc - 8
core   0: 3 0x8000b8b6 (0xbfe5)
core   0: 0x8000b8ae (0x00001f17) auipc   t5, 0x1
core   0: 3 0x8000b8ae (0x00001f17) x30 0x8000c8ae
core   0: 0x8000b8b2 (0x743f2923) sw      gp, 1874(t5)
core   0: 3 0x8000b8b2 (0x743f2923) mem 0x8000d000 0x00000001
core   0: 0x8000b8b6 (0x0000bfe5) c.j     pc - 8
core   0: 3 0x8000b8b6 (0xbfe5)
core   0: 0x8000b8ae (0x00001f17) auipc   t5, 0x1
core   0: 3 0x8000b8ae (0x00001f17) x30 0x8000c8ae
core   0: 0x8000b8b2 (0x743f2923) sw      gp, 1874(t5)
core   0: 3 0x8000b8b2 (0x743f2923) mem 0x8000d000 0x00000001
core   0: 0x8000b8b6 (0x0000bfe5) c.j     pc - 8
core   0: 3 0x8000b8b6 (0xbfe5)
core   0: 0x8000b8ae (0x00001f17) auipc   t5, 0x1
core   0: 3 0x8000b8ae (0x00001f17) x30 0x8000c8ae
core   0: 0x8000b8b2 (0x743f2923) sw      gp, 1874(t5)
core   0: 3 0x8000b8b2 (0x743f2923) mem 0x8000d000 0x00000001
core   0: 0x8000b8b6 (0x0000bfe5) c.j     pc - 8
core   0: 3 0x8000b8b6 (0xbfe5)
core   0: 0x8000b8ae (0x00001f17) auipc   t5, 0x1
core   0: 3 0x8000b8ae (0x00001f17) x30 0x8000c8ae
core   0: 0x8000b8b2 (0x743f2923) sw      gp, 1874(t5)
core   0: 3 0x8000b8b2 (0x743f2923) mem 0x8000d000 0x00000001
core   0: 0x8000b8b6 (0x0000bfe5) c.j     pc - 8
core   0: 3 0x8000b8b6 (0xbfe5)
core   0: 0x8000b8ae (0x00001f17) auipc   t5, 0x1
core   0: 3 0x8000b8ae (0x00001f17) x30 0x8000c8ae
core   0: 0x8000b8b2 (0x743f2923) sw      gp, 1874(t5)
core   0: 3 0x8000b8b2 (0x743f2923) mem 0x8000d000 0x00000001
core   0: 0x8000b8b6 (0x0000bfe5) c.j     pc - 8
core   0: 3 0x8000b8b6 (0xbfe5)
core   0: 0x8000b8ae (0x00001f17) auipc   t5, 0x1
core   0: 3 0x8000b8ae (0x00001f17) x30 0x8000c8ae
core   0: 0x8000b8b2 (0x743f2923) sw      gp, 1874(t5)
core   0: 3 0x8000b8b2 (0x743f2923) mem 0x8000d000 0x00000001
core   0: 0x8000b8b6 (0x0000bfe5) c.j     pc - 8
core   0: 3 0x8000b8b6 (0xbfe5)
core   0: 0x8000b8ae (0x00001f17) auipc   t5, 0x1
core   0: 3 0x8000b8ae (0x00001f17) x30 0x8000c8ae
core   0: 0x8000b8b2 (0x743f2923) sw      gp, 1874(t5)
core   0: 3 0x8000b8b2 (0x743f2923) mem 0x8000d000 0x00000001
core   0: 0x8000b8b6 (0x0000bfe5) c.j     pc - 8
core   0: 3 0x8000b8b6 (0xbfe5)
core   0: 0x8000b8ae (0x00001f17) auipc   t5, 0x1
core   0: 3 0x8000b8ae (0x00001f17) x30 0x8000c8ae
core   0: 0x8000b8b2 (0x743f2923) sw      gp, 1874(t5)
core   0: 3 0x8000b8b2 (0x743f2923) mem 0x8000d000 0x00000001
core   0: 0x8000b8b6 (0x0000bfe5) c.j     pc - 8
core   0: 3 0x8000b8b6 (0xbfe5)
core   0: 0x8000b8ae (0x00001f17) auipc   t5, 0x1
core   0: 3 0x8000b8ae (0x00001f17) x30 0x8000c8ae
core   0: 0x8000b8b2 (0x743f2923) sw      gp, 1874(t5)
core   0: 3 0x8000b8b2 (0x743f2923) mem 0x8000d000 0x00000001
core   0: 0x8000b8b6 (0x0000bfe5) c.j     pc - 8
core   0: 3 0x8000b8b6 (0xbfe5)
core   0: 0x8000b8ae (0x00001f17) auipc   t5, 0x1
core   0: 3 0x8000b8ae (0x00001f17) x30 0x8000c8ae
core   0: 0x8000b8b2 (0x743f2923) sw      gp, 1874(t5)
core   0: 3 0x8000b8b2 (0x743f2923) mem 0x8000d000 0x00000001
core   0: 0x8000b8b6 (0x0000bfe5) c.j     pc - 8
core   0: 3 0x8000b8b6 (0xbfe5)
core   0: 0x8000b8ae (0x00001f17) auipc   t5, 0x1
core   0: 3 0x8000b8ae (0x00001f17) x30 0x8000c8ae
core   0: 0x8000b8b2 (0x743f2923) sw      gp, 1874(t5)
core   0: 3 0x8000b8b2 (0x743f2923) mem 0x8000d000 0x00000001
core   0: 0x8000b8b6 (0x0000bfe5) c.j     pc - 8
core   0: 3 0x8000b8b6 (0xbfe5)
core   0: 0x8000b8ae (0x00001f17) auipc   t5, 0x1
core   0: 3 0x8000b8ae (0x00001f17) x30 0x8000c8ae
core   0: 0x8000b8b2 (0x743f2923) sw      gp, 1874(t5)
core   0: 3 0x8000b8b2 (0x743f2923) mem 0x8000d000 0x00000001
core   0: 0x8000b8b6 (0x0000bfe5) c.j     pc - 8
core   0: 3 0x8000b8b6 (0xbfe5)
core   0: 0x8000b8ae (0x00001f17) auipc   t5, 0x1
core   0: 3 0x8000b8ae (0x00001f17) x30 0x8000c8ae
core   0: 0x8000b8b2 (0x743f2923) sw      gp, 1874(t5)
core   0: 3 0x8000b8b2 (0x743f2923) mem 0x8000d000 0x00000001
core   0: 0x8000b8b6 (0x0000bfe5) c.j     pc - 8
core   0: 3 0x8000b8b6 (0xbfe5)
core   0: 0x8000b8ae (0x00001f17) auipc   t5, 0x1
core   0: 3 0x8000b8ae (0x00001f17) x30 0x8000c8ae
core   0: 0x8000b8b2 (0x743f2923) sw      gp, 1874(t5)
core   0: 3 0x8000b8b2 (0x743f2923) mem 0x8000d000 0x00000001
core   0: 0x8000b8b6 (0x0000bfe5) c.j     pc - 8
core   0: 3 0x8000b8b6 (0xbfe5)
core   0: 0x8000b8ae (0x00001f17) auipc   t5, 0x1
core   0: 3 0x8000b8ae (0x00001f17) x30 0x8000c8ae
core   0: 0x8000b8b2 (0x743f2923) sw      gp, 1874(t5)
core   0: 3 0x8000b8b2 (0x743f2923) mem 0x8000d000 0x00000001
core   0: 0x8000b8b6 (0x0000bfe5) c.j     pc - 8
core   0: 3 0x8000b8b6 (0xbfe5)
core   0: 0x8000b8ae (0x00001f17) auipc   t5, 0x1
core   0: 3 0x8000b8ae (0x00001f17) x30 0x8000c8ae
core   0: 0x8000b8b2 (0x743f2923) sw      gp, 1874(t5)
core   0: 3 0x8000b8b2 (0x743f2923) mem 0x8000d000 0x00000001
core   0: 0x8000b8b6 (0x0000bfe5) c.j     pc - 8
core   0: 3 0x8000b8b6 (0xbfe5)
core   0: 0x8000b8ae (0x00001f17) auipc   t5, 0x1
core   0: 3 0x8000b8ae (0x00001f17) x30 0x8000c8ae
core   0: 0x8000b8b2 (0x743f2923) sw      gp, 1874(t5)
core   0: 3 0x8000b8b2 (0x743f2923) mem 0x8000d000 0x00000001
core   0: 0x8000b8b6 (0x0000bfe5) c.j     pc - 8
core   0: 3 0x8000b8b6 (0xbfe5)
core   0: 0x8000b8ae (0x00001f17) auipc   t5, 0x1
core   0: 3 0x8000b8ae (0x00001f17) x30 0x8000c8ae
core   0: 0x8000b8b2 (0x743f2923) sw      gp, 1874(t5)
core   0: 3 0x8000b8b2 (0x743f2923) mem 0x8000d000 0x00000001
core   0: 0x8000b8b6 (0x0000bfe5) c.j     pc - 8
core   0: 3 0x8000b8b6 (0xbfe5)
core   0: 0x8000b8ae (0x00001f17) auipc   t5, 0x1
core   0: 3 0x8000b8ae (0x00001f17) x30 0x8000c8ae
core   0: 0x8000b8b2 (0x743f2923) sw      gp, 1874(t5)
core   0: 3 0x8000b8b2 (0x743f2923) mem 0x8000d000 0x00000001
core   0: 0x8000b8b6 (0x0000bfe5) c.j     pc - 8
core   0: 3 0x8000b8b6 (0xbfe5)
core   0: 0x8000b8ae (0x00001f17) auipc   t5, 0x1
core   0: 3 0x8000b8ae (0x00001f17) x30 0x8000c8ae
core   0: 0x8000b8b2 (0x743f2923) sw      gp, 1874(t5)
core   0: 3 0x8000b8b2 (0x743f2923) mem 0x8000d000 0x00000001
core   0: 0x8000b8b6 (0x0000bfe5) c.j     pc - 8
core   0: 3 0x8000b8b6 (0xbfe5)
core   0: 0x8000b8ae (0x00001f17) auipc   t5, 0x1
core   0: 3 0x8000b8ae (0x00001f17) x30 0x8000c8ae
core   0: 0x8000b8b2 (0x743f2923) sw      gp, 1874(t5)
core   0: 3 0x8000b8b2 (0x743f2923) mem 0x8000d000 0x00000001
core   0: 0x8000b8b6 (0x0000bfe5) c.j     pc - 8
core   0: 3 0x8000b8b6 (0xbfe5)
core   0: 0x8000b8ae (0x00001f17) auipc   t5, 0x1
core   0: 3 0x8000b8ae (0x00001f17) x30 0x8000c8ae
core   0: 0x8000b8b2 (0x743f2923) sw      gp, 1874(t5)
core   0: 3 0x8000b8b2 (0x743f2923) mem 0x8000d000 0x00000001
core   0: 0x8000b8b6 (0x0000bfe5) c.j     pc - 8
core   0: 3 0x8000b8b6 (0xbfe5)
core   0: 0x8000b8ae (0x00001f17) auipc   t5, 0x1
core   0: 3 0x8000b8ae (0x00001f17) x30 0x8000c8ae
core   0: 0x8000b8b2 (0x743f2923) sw      gp, 1874(t5)
core   0: 3 0x8000b8b2 (0x743f2923) mem 0x8000d000 0x00000001
core   0: 0x8000b8b6 (0x0000bfe5) c.j     pc - 8
core   0: 3 0x8000b8b6 (0xbfe5)
core   0: 0x8000b8ae (0x00001f17) auipc   t5, 0x1
core   0: 3 0x8000b8ae (0x00001f17) x30 0x8000c8ae
core   0: 0x8000b8b2 (0x743f2923) sw      gp, 1874(t5)
core   0: 3 0x8000b8b2 (0x743f2923) mem 0x8000d000 0x00000001
core   0: 0x8000b8b6 (0x0000bfe5) c.j     pc - 8
core   0: 3 0x8000b8b6 (0xbfe5)
core   0: 0x8000b8ae (0x00001f17) auipc   t5, 0x1
core   0: 3 0x8000b8ae (0x00001f17) x30 0x8000c8ae
core   0: 0x8000b8b2 (0x743f2923) sw      gp, 1874(t5)
core   0: 3 0x8000b8b2 (0x743f2923) mem 0x8000d000 0x00000001
core   0: 0x8000b8b6 (0x0000bfe5) c.j     pc - 8
core   0: 3 0x8000b8b6 (0xbfe5)
core   0: 0x8000b8ae (0x00001f17) auipc   t5, 0x1
core   0: 3 0x8000b8ae (0x00001f17) x30 0x8000c8ae
core   0: 0x8000b8b2 (0x743f2923) sw      gp, 1874(t5)
core   0: 3 0x8000b8b2 (0x743f2923) mem 0x8000d000 0x00000001
core   0: 0x8000b8b6 (0x0000bfe5) c.j     pc - 8
core   0: 3 0x8000b8b6 (0xbfe5)
core   0: 0x8000b8ae (0x00001f17) auipc   t5, 0x1
core   0: 3 0x8000b8ae (0x00001f17) x30 0x8000c8ae
core   0: 0x8000b8b2 (0x743f2923) sw      gp, 1874(t5)
core   0: 3 0x8000b8b2 (0x743f2923) mem 0x8000d000 0x00000001
core   0: 0x8000b8b6 (0x0000bfe5) c.j     pc - 8
core   0: 3 0x8000b8b6 (0xbfe5)
core   0: 0x8000b8ae (0x00001f17) auipc   t5, 0x1
core   0: 3 0x8000b8ae (0x00001f17) x30 0x8000c8ae
core   0: 0x8000b8b2 (0x743f2923) sw      gp, 1874(t5)
core   0: 3 0x8000b8b2 (0x743f2923) mem 0x8000d000 0x00000001
core   0: 0x8000b8b6 (0x0000bfe5) c.j     pc - 8
core   0: 3 0x8000b8b6 (0xbfe5)
core   0: 0x8000b8ae (0x00001f17) auipc   t5, 0x1
core   0: 3 0x8000b8ae (0x00001f17) x30 0x8000c8ae
core   0: 0x8000b8b2 (0x743f2923) sw      gp, 1874(t5)
core   0: 3 0x8000b8b2 (0x743f2923) mem 0x8000d000 0x00000001
core   0: 0x8000b8b6 (0x0000bfe5) c.j     pc - 8
core   0: 3 0x8000b8b6 (0xbfe5)
core   0: 0x8000b8ae (0x00001f17) auipc   t5, 0x1
core   0: 3 0x8000b8ae (0x00001f17) x30 0x8000c8ae
core   0: 0x8000b8b2 (0x743f2923) sw      gp, 1874(t5)
core   0: 3 0x8000b8b2 (0x743f2923) mem 0x8000d000 0x00000001
core   0: 0x8000b8b6 (0x0000bfe5) c.j     pc - 8
core   0: 3 0x8000b8b6 (0xbfe5)
core   0: 0x8000b8ae (0x00001f17) auipc   t5, 0x1
core   0: 3 0x8000b8ae (0x00001f17) x30 0x8000c8ae
core   0: 0x8000b8b2 (0x743f2923) sw      gp, 1874(t5)
core   0: 3 0x8000b8b2 (0x743f2923) mem 0x8000d000 0x00000001
core   0: 0x8000b8b6 (0x0000bfe5) c.j     pc - 8
core   0: 3 0x8000b8b6 (0xbfe5)
core   0: 0x8000b8ae (0x00001f17) auipc   t5, 0x1
core   0: 3 0x8000b8ae (0x00001f17) x30 0x8000c8ae
core   0: 0x8000b8b2 (0x743f2923) sw      gp, 1874(t5)
core   0: 3 0x8000b8b2 (0x743f2923) mem 0x8000d000 0x00000001
core   0: 0x8000b8b6 (0x0000bfe5) c.j     pc - 8
core   0: 3 0x8000b8b6 (0xbfe5)
core   0: 0x8000b8ae (0x00001f17) auipc   t5, 0x1
core   0: 3 0x8000b8ae (0x00001f17) x30 0x8000c8ae
core   0: 0x8000b8b2 (0x743f2923) sw      gp, 1874(t5)
core   0: 3 0x8000b8b2 (0x743f2923) mem 0x8000d000 0x00000001
core   0: 0x8000b8b6 (0x0000bfe5) c.j     pc - 8
core   0: 3 0x8000b8b6 (0xbfe5)
core   0: 0x8000b8ae (0x00001f17) auipc   t5, 0x1
core   0: 3 0x8000b8ae (0x00001f17) x30 0x8000c8ae
core   0: 0x8000b8b2 (0x743f2923) sw      gp, 1874(t5)
core   0: 3 0x8000b8b2 (0x743f2923) mem 0x8000d000 0x00000001
core   0: 0x8000b8b6 (0x0000bfe5) c.j     pc - 8
core   0: 3 0x8000b8b6 (0xbfe5)
core   0: 0x8000b8ae (0x00001f17) auipc   t5, 0x1
core   0: 3 0x8000b8ae (0x00001f17) x30 0x8000c8ae
core   0: 0x8000b8b2 (0x743f2923) sw      gp, 1874(t5)
core   0: 3 0x8000b8b2 (0x743f2923) mem 0x8000d000 0x00000001
core   0: 0x8000b8b6 (0x0000bfe5) c.j     pc - 8
core   0: 3 0x8000b8b6 (0xbfe5)
core   0: 0x8000b8ae (0x00001f17) auipc   t5, 0x1
core   0: 3 0x8000b8ae (0x00001f17) x30 0x8000c8ae
core   0: 0x8000b8b2 (0x743f2923) sw      gp, 1874(t5)
core   0: 3 0x8000b8b2 (0x743f2923) mem 0x8000d000 0x00000001
core   0: 0x8000b8b6 (0x0000bfe5) c.j     pc - 8
core   0: 3 0x8000b8b6 (0xbfe5)
core   0: 0x8000b8ae (0x00001f17) auipc   t5, 0x1
core   0: 3 0x8000b8ae (0x00001f17) x30 0x8000c8ae
core   0: 0x8000b8b2 (0x743f2923) sw      gp, 1874(t5)
core   0: 3 0x8000b8b2 (0x743f2923) mem 0x8000d000 0x00000001
core   0: 0x8000b8b6 (0x0000bfe5) c.j     pc - 8
core   0: 3 0x8000b8b6 (0xbfe5)
core   0: 0x8000b8ae (0x00001f17) auipc   t5, 0x1
core   0: 3 0x8000b8ae (0x00001f17) x30 0x8000c8ae
core   0: 0x8000b8b2 (0x743f2923) sw      gp, 1874(t5)
core   0: 3 0x8000b8b2 (0x743f2923) mem 0x8000d000 0x00000001
core   0: 0x8000b8b6 (0x0000bfe5) c.j     pc - 8
core   0: 3 0x8000b8b6 (0xbfe5)
core   0: 0x8000b8ae (0x00001f17) auipc   t5, 0x1
core   0: 3 0x8000b8ae (0x00001f17) x30 0x8000c8ae
core   0: 0x8000b8b2 (0x743f2923) sw      gp, 1874(t5)
core   0: 3 0x8000b8b2 (0x743f2923) mem 0x8000d000 0x00000001
core   0: 0x8000b8b6 (0x0000bfe5) c.j     pc - 8
core   0: 3 0x8000b8b6 (0xbfe5)
core   0: 0x8000b8ae (0x00001f17) auipc   t5, 0x1
core   0: 3 0x8000b8ae (0x00001f17) x30 0x8000c8ae
core   0: 0x8000b8b2 (0x743f2923) sw      gp, 1874(t5)
core   0: 3 0x8000b8b2 (0x743f2923) mem 0x8000d000 0x00000001
core   0: 0x8000b8b6 (0x0000bfe5) c.j     pc - 8
core   0: 3 0x8000b8b6 (0xbfe5)
core   0: 0x8000b8ae (0x00001f17) auipc   t5, 0x1
core   0: 3 0x8000b8ae (0x00001f17) x30 0x8000c8ae
core   0: 0x8000b8b2 (0x743f2923) sw      gp, 1874(t5)
core   0: 3 0x8000b8b2 (0x743f2923) mem 0x8000d000 0x00000001
core   0: 0x8000b8b6 (0x0000bfe5) c.j     pc - 8
core   0: 3 0x8000b8b6 (0xbfe5)
core   0: 0x8000b8ae (0x00001f17) auipc   t5, 0x1
core   0: 3 0x8000b8ae (0x00001f17) x30 0x8000c8ae
core   0: 0x8000b8b2 (0x743f2923) sw      gp, 1874(t5)
core   0: 3 0x8000b8b2 (0x743f2923) mem 0x8000d000 0x00000001
core   0: 0x8000b8b6 (0x0000bfe5) c.j     pc - 8
core   0: 3 0x8000b8b6 (0xbfe5)
core   0: 0x8000b8ae (0x00001f17) auipc   t5, 0x1
core   0: 3 0x8000b8ae (0x00001f17) x30 0x8000c8ae
core   0: 0x8000b8b2 (0x743f2923) sw      gp, 1874(t5)
core   0: 3 0x8000b8b2 (0x743f2923) mem 0x8000d000 0x00000001
core   0: 0x8000b8b6 (0x0000bfe5) c.j     pc - 8
core   0: 3 0x8000b8b6 (0xbfe5)
core   0: 0x8000b8ae (0x00001f17) auipc   t5, 0x1
core   0: 3 0x8000b8ae (0x00001f17) x30 0x8000c8ae
core   0: 0x8000b8b2 (0x743f2923) sw      gp, 1874(t5)
core   0: 3 0x8000b8b2 (0x743f2923) mem 0x8000d000 0x00000001
core   0: 0x8000b8b6 (0x0000bfe5) c.j     pc - 8
core   0: 3 0x8000b8b6 (0xbfe5)
core   0: 0x8000b8ae (0x00001f17) auipc   t5, 0x1
core   0: 3 0x8000b8ae (0x00001f17) x30 0x8000c8ae
core   0: 0x8000b8b2 (0x743f2923) sw      gp, 1874(t5)
core   0: 3 0x8000b8b2 (0x743f2923) mem 0x8000d000 0x00000001
core   0: 0x8000b8b6 (0x0000bfe5) c.j     pc - 8
core   0: 3 0x8000b8b6 (0xbfe5)
core   0: 0x8000b8ae (0x00001f17) auipc   t5, 0x1
core   0: 3 0x8000b8ae (0x00001f17) x30 0x8000c8ae
core   0: 0x8000b8b2 (0x743f2923) sw      gp, 1874(t5)
core   0: 3 0x8000b8b2 (0x743f2923) mem 0x8000d000 0x00000001
core   0: 0x8000b8b6 (0x0000bfe5) c.j     pc - 8
core   0: 3 0x8000b8b6 (0xbfe5)
core   0: 0x8000b8ae (0x00001f17) auipc   t5, 0x1
core   0: 3 0x8000b8ae (0x00001f17) x30 0x8000c8ae
core   0: 0x8000b8b2 (0x743f2923) sw      gp, 1874(t5)
core   0: 3 0x8000b8b2 (0x743f2923) mem 0x8000d000 0x00000001
core   0: 0x8000b8b6 (0x0000bfe5) c.j     pc - 8
core   0: 3 0x8000b8b6 (0xbfe5)
core   0: 0x8000b8ae (0x00001f17) auipc   t5, 0x1
core   0: 3 0x8000b8ae (0x00001f17) x30 0x8000c8ae
core   0: 0x8000b8b2 (0x743f2923) sw      gp, 1874(t5)
core   0: 3 0x8000b8b2 (0x743f2923) mem 0x8000d000 0x00000001
core   0: 0x8000b8b6 (0x0000bfe5) c.j     pc - 8
core   0: 3 0x8000b8b6 (0xbfe5)
core   0: 0x8000b8ae (0x00001f17) auipc   t5, 0x1
core   0: 3 0x8000b8ae (0x00001f17) x30 0x8000c8ae
core   0: 0x8000b8b2 (0x743f2923) sw      gp, 1874(t5)
core   0: 3 0x8000b8b2 (0x743f2923) mem 0x8000d000 0x00000001
core   0: 0x8000b8b6 (0x0000bfe5) c.j     pc - 8
core   0: 3 0x8000b8b6 (0xbfe5)
core   0: 0x8000b8ae (0x00001f17) auipc   t5, 0x1
core   0: 3 0x8000b8ae (0x00001f17) x30 0x8000c8ae
core   0: 0x8000b8b2 (0x743f2923) sw      gp, 1874(t5)
core   0: 3 0x8000b8b2 (0x743f2923) mem 0x8000d000 0x00000001
core   0: 0x8000b8b6 (0x0000bfe5) c.j     pc - 8
core   0: 3 0x8000b8b6 (0xbfe5)
core   0: 0x8000b8ae (0x00001f17) auipc   t5, 0x1
core   0: 3 0x8000b8ae (0x00001f17) x30 0x8000c8ae
core   0: 0x8000b8b2 (0x743f2923) sw      gp, 1874(t5)
core   0: 3 0x8000b8b2 (0x743f2923) mem 0x8000d000 0x00000001
core   0: 0x8000b8b6 (0x0000bfe5) c.j     pc - 8
core   0: 3 0x8000b8b6 (0xbfe5)
core   0: 0x8000b8ae (0x00001f17) auipc   t5, 0x1
core   0: 3 0x8000b8ae (0x00001f17) x30 0x8000c8ae
core   0: 0x8000b8b2 (0x743f2923) sw      gp, 1874(t5)
core   0: 3 0x8000b8b2 (0x743f2923) mem 0x8000d000 0x00000001
core   0: 0x8000b8b6 (0x0000bfe5) c.j     pc - 8
core   0: 3 0x8000b8b6 (0xbfe5)
core   0: 0x8000b8ae (0x00001f17) auipc   t5, 0x1
core   0: 3 0x8000b8ae (0x00001f17) x30 0x8000c8ae
core   0: 0x8000b8b2 (0x743f2923) sw      gp, 1874(t5)
core   0: 3 0x8000b8b2 (0x743f2923) mem 0x8000d000 0x00000001
core   0: 0x8000b8b6 (0x0000bfe5) c.j     pc - 8
core   0: 3 0x8000b8b6 (0xbfe5)
core   0: 0x8000b8ae (0x00001f17) auipc   t5, 0x1
core   0: 3 0x8000b8ae (0x00001f17) x30 0x8000c8ae
core   0: 0x8000b8b2 (0x743f2923) sw      gp, 1874(t5)
core   0: 3 0x8000b8b2 (0x743f2923) mem 0x8000d000 0x00000001
core   0: 0x8000b8b6 (0x0000bfe5) c.j     pc - 8
core   0: 3 0x8000b8b6 (0xbfe5)
core   0: 0x8000b8ae (0x00001f17) auipc   t5, 0x1
core   0: 3 0x8000b8ae (0x00001f17) x30 0x8000c8ae
core   0: 0x8000b8b2 (0x743f2923) sw      gp, 1874(t5)
core   0: 3 0x8000b8b2 (0x743f2923) mem 0x8000d000 0x00000001
core   0: 0x8000b8b6 (0x0000bfe5) c.j     pc - 8
core   0: 3 0x8000b8b6 (0xbfe5)
core   0: 0x8000b8ae (0x00001f17) auipc   t5, 0x1
core   0: 3 0x8000b8ae (0x00001f17) x30 0x8000c8ae
core   0: 0x8000b8b2 (0x743f2923) sw      gp, 1874(t5)
core   0: 3 0x8000b8b2 (0x743f2923) mem 0x8000d000 0x00000001
core   0: 0x8000b8b6 (0x0000bfe5) c.j     pc - 8
core   0: 3 0x8000b8b6 (0xbfe5)
core   0: 0x8000b8ae (0x00001f17) auipc   t5, 0x1
core   0: 3 0x8000b8ae (0x00001f17) x30 0x8000c8ae
core   0: 0x8000b8b2 (0x743f2923) sw      gp, 1874(t5)
core   0: 3 0x8000b8b2 (0x743f2923) mem 0x8000d000 0x00000001
core   0: 0x8000b8b6 (0x0000bfe5) c.j     pc - 8
core   0: 3 0x8000b8b6 (0xbfe5)
core   0: 0x8000b8ae (0x00001f17) auipc   t5, 0x1
core   0: 3 0x8000b8ae (0x00001f17) x30 0x8000c8ae
core   0: 0x8000b8b2 (0x743f2923) sw      gp, 1874(t5)
core   0: 3 0x8000b8b2 (0x743f2923) mem 0x8000d000 0x00000001
core   0: 0x8000b8b6 (0x0000bfe5) c.j     pc - 8
core   0: 3 0x8000b8b6 (0xbfe5)
core   0: 0x8000b8ae (0x00001f17) auipc   t5, 0x1
core   0: 3 0x8000b8ae (0x00001f17) x30 0x8000c8ae
core   0: 0x8000b8b2 (0x743f2923) sw      gp, 1874(t5)
core   0: 3 0x8000b8b2 (0x743f2923) mem 0x8000d000 0x00000001
core   0: 0x8000b8b6 (0x0000bfe5) c.j     pc - 8
core   0: 3 0x8000b8b6 (0xbfe5)
core   0: 0x8000b8ae (0x00001f17) auipc   t5, 0x1
core   0: 3 0x8000b8ae (0x00001f17) x30 0x8000c8ae
core   0: 0x8000b8b2 (0x743f2923) sw      gp, 1874(t5)
core   0: 3 0x8000b8b2 (0x743f2923) mem 0x8000d000 0x00000001
core   0: 0x8000b8b6 (0x0000bfe5) c.j     pc - 8
core   0: 3 0x8000b8b6 (0xbfe5)
core   0: 0x8000b8ae (0x00001f17) auipc   t5, 0x1
core   0: 3 0x8000b8ae (0x00001f17) x30 0x8000c8ae
core   0: 0x8000b8b2 (0x743f2923) sw      gp, 1874(t5)
core   0: 3 0x8000b8b2 (0x743f2923) mem 0x8000d000 0x00000001
core   0: 0x8000b8b6 (0x0000bfe5) c.j     pc - 8
core   0: 3 0x8000b8b6 (0xbfe5)
core   0: 0x8000b8ae (0x00001f17) auipc   t5, 0x1
core   0: 3 0x8000b8ae (0x00001f17) x30 0x8000c8ae
core   0: 0x8000b8b2 (0x743f2923) sw      gp, 1874(t5)
core   0: 3 0x8000b8b2 (0x743f2923) mem 0x8000d000 0x00000001
core   0: 0x8000b8b6 (0x0000bfe5) c.j     pc - 8
core   0: 3 0x8000b8b6 (0xbfe5)
core   0: 0x8000b8ae (0x00001f17) auipc   t5, 0x1
core   0: 3 0x8000b8ae (0x00001f17) x30 0x8000c8ae
core   0: 0x8000b8b2 (0x743f2923) sw      gp, 1874(t5)
core   0: 3 0x8000b8b2 (0x743f2923) mem 0x8000d000 0x00000001
core   0: 0x8000b8b6 (0x0000bfe5) c.j     pc - 8
core   0: 3 0x8000b8b6 (0xbfe5)
core   0: 0x8000b8ae (0x00001f17) auipc   t5, 0x1
core   0: 3 0x8000b8ae (0x00001f17) x30 0x8000c8ae
core   0: 0x8000b8b2 (0x743f2923) sw      gp, 1874(t5)
core   0: 3 0x8000b8b2 (0x743f2923) mem 0x8000d000 0x00000001
core   0: 0x8000b8b6 (0x0000bfe5) c.j     pc - 8
core   0: 3 0x8000b8b6 (0xbfe5)
core   0: 0x8000b8ae (0x00001f17) auipc   t5, 0x1
core   0: 3 0x8000b8ae (0x00001f17) x30 0x8000c8ae
core   0: 0x8000b8b2 (0x743f2923) sw      gp, 1874(t5)
core   0: 3 0x8000b8b2 (0x743f2923) mem 0x8000d000 0x00000001
core   0: 0x8000b8b6 (0x0000bfe5) c.j     pc - 8
core   0: 3 0x8000b8b6 (0xbfe5)
core   0: 0x8000b8ae (0x00001f17) auipc   t5, 0x1
core   0: 3 0x8000b8ae (0x00001f17) x30 0x8000c8ae
core   0: 0x8000b8b2 (0x743f2923) sw      gp, 1874(t5)
core   0: 3 0x8000b8b2 (0x743f2923) mem 0x8000d000 0x00000001
core   0: 0x8000b8b6 (0x0000bfe5) c.j     pc - 8
core   0: 3 0x8000b8b6 (0xbfe5)
core   0: 0x8000b8ae (0x00001f17) auipc   t5, 0x1
core   0: 3 0x8000b8ae (0x00001f17) x30 0x8000c8ae
core   0: 0x8000b8b2 (0x743f2923) sw      gp, 1874(t5)
core   0: 3 0x8000b8b2 (0x743f2923) mem 0x8000d000 0x00000001
core   0: 0x8000b8b6 (0x0000bfe5) c.j     pc - 8
core   0: 3 0x8000b8b6 (0xbfe5)
core   0: 0x8000b8ae (0x00001f17) auipc   t5, 0x1
core   0: 3 0x8000b8ae (0x00001f17) x30 0x8000c8ae
core   0: 0x8000b8b2 (0x743f2923) sw      gp, 1874(t5)
core   0: 3 0x8000b8b2 (0x743f2923) mem 0x8000d000 0x00000001
core   0: 0x8000b8b6 (0x0000bfe5) c.j     pc - 8
core   0: 3 0x8000b8b6 (0xbfe5)
core   0: 0x8000b8ae (0x00001f17) auipc   t5, 0x1
core   0: 3 0x8000b8ae (0x00001f17) x30 0x8000c8ae
core   0: 0x8000b8b2 (0x743f2923) sw      gp, 1874(t5)
core   0: 3 0x8000b8b2 (0x743f2923) mem 0x8000d000 0x00000001
core   0: 0x8000b8b6 (0x0000bfe5) c.j     pc - 8
core   0: 3 0x8000b8b6 (0xbfe5)
core   0: 0x8000b8ae (0x00001f17) auipc   t5, 0x1
core   0: 3 0x8000b8ae (0x00001f17) x30 0x8000c8ae
core   0: 0x8000b8b2 (0x743f2923) sw      gp, 1874(t5)
core   0: 3 0x8000b8b2 (0x743f2923) mem 0x8000d000 0x00000001
core   0: 0x8000b8b6 (0x0000bfe5) c.j     pc - 8
core   0: 3 0x8000b8b6 (0xbfe5)
core   0: 0x8000b8ae (0x00001f17) auipc   t5, 0x1
core   0: 3 0x8000b8ae (0x00001f17) x30 0x8000c8ae
core   0: 0x8000b8b2 (0x743f2923) sw      gp, 1874(t5)
core   0: 3 0x8000b8b2 (0x743f2923) mem 0x8000d000 0x00000001
core   0: 0x8000b8b6 (0x0000bfe5) c.j     pc - 8
core   0: 3 0x8000b8b6 (0xbfe5)
core   0: 0x8000b8ae (0x00001f17) auipc   t5, 0x1
core   0: 3 0x8000b8ae (0x00001f17) x30 0x8000c8ae
core   0: 0x8000b8b2 (0x743f2923) sw      gp, 1874(t5)
core   0: 3 0x8000b8b2 (0x743f2923) mem 0x8000d000 0x00000001
core   0: 0x8000b8b6 (0x0000bfe5) c.j     pc - 8
core   0: 3 0x8000b8b6 (0xbfe5)
core   0: 0x8000b8ae (0x00001f17) auipc   t5, 0x1
core   0: 3 0x8000b8ae (0x00001f17) x30 0x8000c8ae
core   0: 0x8000b8b2 (0x743f2923) sw      gp, 1874(t5)
core   0: 3 0x8000b8b2 (0x743f2923) mem 0x8000d000 0x00000001
core   0: 0x8000b8b6 (0x0000bfe5) c.j     pc - 8
core   0: 3 0x8000b8b6 (0xbfe5)
core   0: 0x8000b8ae (0x00001f17) auipc   t5, 0x1
core   0: 3 0x8000b8ae (0x00001f17) x30 0x8000c8ae
core   0: 0x8000b8b2 (0x743f2923) sw      gp, 1874(t5)
core   0: 3 0x8000b8b2 (0x743f2923) mem 0x8000d000 0x00000001
core   0: 0x8000b8b6 (0x0000bfe5) c.j     pc - 8
core   0: 3 0x8000b8b6 (0xbfe5)
core   0: 0x8000b8ae (0x00001f17) auipc   t5, 0x1
core   0: 3 0x8000b8ae (0x00001f17) x30 0x8000c8ae
core   0: 0x8000b8b2 (0x743f2923) sw      gp, 1874(t5)
core   0: 3 0x8000b8b2 (0x743f2923) mem 0x8000d000 0x00000001
core   0: 0x8000b8b6 (0x0000bfe5) c.j     pc - 8
core   0: 3 0x8000b8b6 (0xbfe5)
core   0: 0x8000b8ae (0x00001f17) auipc   t5, 0x1
core   0: 3 0x8000b8ae (0x00001f17) x30 0x8000c8ae
core   0: 0x8000b8b2 (0x743f2923) sw      gp, 1874(t5)
core   0: 3 0x8000b8b2 (0x743f2923) mem 0x8000d000 0x00000001
core   0: 0x8000b8b6 (0x0000bfe5) c.j     pc - 8
core   0: 3 0x8000b8b6 (0xbfe5)
core   0: 0x8000b8ae (0x00001f17) auipc   t5, 0x1
core   0: 3 0x8000b8ae (0x00001f17) x30 0x8000c8ae
core   0: 0x8000b8b2 (0x743f2923) sw      gp, 1874(t5)
core   0: 3 0x8000b8b2 (0x743f2923) mem 0x8000d000 0x00000001
core   0: 0x8000b8b6 (0x0000bfe5) c.j     pc - 8
core   0: 3 0x8000b8b6 (0xbfe5)
core   0: 0x8000b8ae (0x00001f17) auipc   t5, 0x1
core   0: 3 0x8000b8ae (0x00001f17) x30 0x8000c8ae
core   0: 0x8000b8b2 (0x743f2923) sw      gp, 1874(t5)
core   0: 3 0x8000b8b2 (0x743f2923) mem 0x8000d000 0x00000001
core   0: 0x8000b8b6 (0x0000bfe5) c.j     pc - 8
core   0: 3 0x8000b8b6 (0xbfe5)
core   0: 0x8000b8ae (0x00001f17) auipc   t5, 0x1
core   0: 3 0x8000b8ae (0x00001f17) x30 0x8000c8ae
core   0: 0x8000b8b2 (0x743f2923) sw      gp, 1874(t5)
core   0: 3 0x8000b8b2 (0x743f2923) mem 0x8000d000 0x00000001
core   0: 0x8000b8b6 (0x0000bfe5) c.j     pc - 8
core   0: 3 0x8000b8b6 (0xbfe5)
core   0: 0x8000b8ae (0x00001f17) auipc   t5, 0x1
core   0: 3 0x8000b8ae (0x00001f17) x30 0x8000c8ae
core   0: 0x8000b8b2 (0x743f2923) sw      gp, 1874(t5)
core   0: 3 0x8000b8b2 (0x743f2923) mem 0x8000d000 0x00000001
core   0: 0x8000b8b6 (0x0000bfe5) c.j     pc - 8
core   0: 3 0x8000b8b6 (0xbfe5)
core   0: 0x8000b8ae (0x00001f17) auipc   t5, 0x1
core   0: 3 0x8000b8ae (0x00001f17) x30 0x8000c8ae
core   0: 0x8000b8b2 (0x743f2923) sw      gp, 1874(t5)
core   0: 3 0x8000b8b2 (0x743f2923) mem 0x8000d000 0x00000001
core   0: 0x8000b8b6 (0x0000bfe5) c.j     pc - 8
core   0: 3 0x8000b8b6 (0xbfe5)
core   0: 0x8000b8ae (0x00001f17) auipc   t5, 0x1
core   0: 3 0x8000b8ae (0x00001f17) x30 0x8000c8ae
core   0: 0x8000b8b2 (0x743f2923) sw      gp, 1874(t5)
core   0: 3 0x8000b8b2 (0x743f2923) mem 0x8000d000 0x00000001
core   0: 0x8000b8b6 (0x0000bfe5) c.j     pc - 8
core   0: 3 0x8000b8b6 (0xbfe5)
core   0: 0x8000b8ae (0x00001f17) auipc   t5, 0x1
core   0: 3 0x8000b8ae (0x00001f17) x30 0x8000c8ae
core   0: 0x8000b8b2 (0x743f2923) sw      gp, 1874(t5)
core   0: 3 0x8000b8b2 (0x743f2923) mem 0x8000d000 0x00000001
core   0: 0x8000b8b6 (0x0000bfe5) c.j     pc - 8
core   0: 3 0x8000b8b6 (0xbfe5)
core   0: 0x8000b8ae (0x00001f17) auipc   t5, 0x1
core   0: 3 0x8000b8ae (0x00001f17) x30 0x8000c8ae
core   0: 0x8000b8b2 (0x743f2923) sw      gp, 1874(t5)
core   0: 3 0x8000b8b2 (0x743f2923) mem 0x8000d000 0x00000001
core   0: 0x8000b8b6 (0x0000bfe5) c.j     pc - 8
core   0: 3 0x8000b8b6 (0xbfe5)
core   0: 0x8000b8ae (0x00001f17) auipc   t5, 0x1
core   0: 3 0x8000b8ae (0x00001f17) x30 0x8000c8ae
core   0: 0x8000b8b2 (0x743f2923) sw      gp, 1874(t5)
core   0: 3 0x8000b8b2 (0x743f2923) mem 0x8000d000 0x00000001
core   0: 0x8000b8b6 (0x0000bfe5) c.j     pc - 8
core   0: 3 0x8000b8b6 (0xbfe5)
core   0: 0x8000b8ae (0x00001f17) auipc   t5, 0x1
core   0: 3 0x8000b8ae (0x00001f17) x30 0x8000c8ae
core   0: 0x8000b8b2 (0x743f2923) sw      gp, 1874(t5)
core   0: 3 0x8000b8b2 (0x743f2923) mem 0x8000d000 0x00000001
core   0: 0x8000b8b6 (0x0000bfe5) c.j     pc - 8
core   0: 3 0x8000b8b6 (0xbfe5)
core   0: 0x8000b8ae (0x00001f17) auipc   t5, 0x1
core   0: 3 0x8000b8ae (0x00001f17) x30 0x8000c8ae
core   0: 0x8000b8b2 (0x743f2923) sw      gp, 1874(t5)
core   0: 3 0x8000b8b2 (0x743f2923) mem 0x8000d000 0x00000001
core   0: 0x8000b8b6 (0x0000bfe5) c.j     pc - 8
core   0: 3 0x8000b8b6 (0xbfe5)
core   0: 0x8000b8ae (0x00001f17) auipc   t5, 0x1
core   0: 3 0x8000b8ae (0x00001f17) x30 0x8000c8ae
core   0: 0x8000b8b2 (0x743f2923) sw      gp, 1874(t5)
core   0: 3 0x8000b8b2 (0x743f2923) mem 0x8000d000 0x00000001
core   0: 0x8000b8b6 (0x0000bfe5) c.j     pc - 8
core   0: 3 0x8000b8b6 (0xbfe5)
core   0: 0x8000b8ae (0x00001f17) auipc   t5, 0x1
core   0: 3 0x8000b8ae (0x00001f17) x30 0x8000c8ae
core   0: 0x8000b8b2 (0x743f2923) sw      gp, 1874(t5)
core   0: 3 0x8000b8b2 (0x743f2923) mem 0x8000d000 0x00000001
core   0: 0x8000b8b6 (0x0000bfe5) c.j     pc - 8
core   0: 3 0x8000b8b6 (0xbfe5)
core   0: 0x8000b8ae (0x00001f17) auipc   t5, 0x1
core   0: 3 0x8000b8ae (0x00001f17) x30 0x8000c8ae
core   0: 0x8000b8b2 (0x743f2923) sw      gp, 1874(t5)
core   0: 3 0x8000b8b2 (0x743f2923) mem 0x8000d000 0x00000001
core   0: 0x8000b8b6 (0x0000bfe5) c.j     pc - 8
core   0: 3 0x8000b8b6 (0xbfe5)
core   0: 0x8000b8ae (0x00001f17) auipc   t5, 0x1
core   0: 3 0x8000b8ae (0x00001f17) x30 0x8000c8ae
core   0: 0x8000b8b2 (0x743f2923) sw      gp, 1874(t5)
core   0: 3 0x8000b8b2 (0x743f2923) mem 0x8000d000 0x00000001
core   0: 0x8000b8b6 (0x0000bfe5) c.j     pc - 8
core   0: 3 0x8000b8b6 (0xbfe5)
core   0: 0x8000b8ae (0x00001f17) auipc   t5, 0x1
core   0: 3 0x8000b8ae (0x00001f17) x30 0x8000c8ae
core   0: 0x8000b8b2 (0x743f2923) sw      gp, 1874(t5)
core   0: 3 0x8000b8b2 (0x743f2923) mem 0x8000d000 0x00000001
core   0: 0x8000b8b6 (0x0000bfe5) c.j     pc - 8
core   0: 3 0x8000b8b6 (0xbfe5)
core   0: 0x8000b8ae (0x00001f17) auipc   t5, 0x1
core   0: 3 0x8000b8ae (0x00001f17) x30 0x8000c8ae
core   0: 0x8000b8b2 (0x743f2923) sw      gp, 1874(t5)
core   0: 3 0x8000b8b2 (0x743f2923) mem 0x8000d000 0x00000001
core   0: 0x8000b8b6 (0x0000bfe5) c.j     pc - 8
core   0: 3 0x8000b8b6 (0xbfe5)
core   0: 0x8000b8ae (0x00001f17) auipc   t5, 0x1
core   0: 3 0x8000b8ae (0x00001f17) x30 0x8000c8ae
core   0: 0x8000b8b2 (0x743f2923) sw      gp, 1874(t5)
core   0: 3 0x8000b8b2 (0x743f2923) mem 0x8000d000 0x00000001
core   0: 0x8000b8b6 (0x0000bfe5) c.j     pc - 8
core   0: 3 0x8000b8b6 (0xbfe5)
core   0: 0x8000b8ae (0x00001f17) auipc   t5, 0x1
core   0: 3 0x8000b8ae (0x00001f17) x30 0x8000c8ae
core   0: 0x8000b8b2 (0x743f2923) sw      gp, 1874(t5)
core   0: 3 0x8000b8b2 (0x743f2923) mem 0x8000d000 0x00000001
core   0: 0x8000b8b6 (0x0000bfe5) c.j     pc - 8
core   0: 3 0x8000b8b6 (0xbfe5)
core   0: 0x8000b8ae (0x00001f17) auipc   t5, 0x1
core   0: 3 0x8000b8ae (0x00001f17) x30 0x8000c8ae
core   0: 0x8000b8b2 (0x743f2923) sw      gp, 1874(t5)
core   0: 3 0x8000b8b2 (0x743f2923) mem 0x8000d000 0x00000001
core   0: 0x8000b8b6 (0x0000bfe5) c.j     pc - 8
core   0: 3 0x8000b8b6 (0xbfe5)
core   0: 0x8000b8ae (0x00001f17) auipc   t5, 0x1
core   0: 3 0x8000b8ae (0x00001f17) x30 0x8000c8ae
core   0: 0x8000b8b2 (0x743f2923) sw      gp, 1874(t5)
core   0: 3 0x8000b8b2 (0x743f2923) mem 0x8000d000 0x00000001
core   0: 0x8000b8b6 (0x0000bfe5) c.j     pc - 8
core   0: 3 0x8000b8b6 (0xbfe5)
core   0: 0x8000b8ae (0x00001f17) auipc   t5, 0x1
core   0: 3 0x8000b8ae (0x00001f17) x30 0x8000c8ae
core   0: 0x8000b8b2 (0x743f2923) sw      gp, 1874(t5)
core   0: 3 0x8000b8b2 (0x743f2923) mem 0x8000d000 0x00000001
core   0: 0x8000b8b6 (0x0000bfe5) c.j     pc - 8
core   0: 3 0x8000b8b6 (0xbfe5)
core   0: 0x8000b8ae (0x00001f17) auipc   t5, 0x1
core   0: 3 0x8000b8ae (0x00001f17) x30 0x8000c8ae
core   0: 0x8000b8b2 (0x743f2923) sw      gp, 1874(t5)
core   0: 3 0x8000b8b2 (0x743f2923) mem 0x8000d000 0x00000001
core   0: 0x8000b8b6 (0x0000bfe5) c.j     pc - 8
core   0: 3 0x8000b8b6 (0xbfe5)
core   0: 0x8000b8ae (0x00001f17) auipc   t5, 0x1
core   0: 3 0x8000b8ae (0x00001f17) x30 0x8000c8ae
core   0: 0x8000b8b2 (0x743f2923) sw      gp, 1874(t5)
core   0: 3 0x8000b8b2 (0x743f2923) mem 0x8000d000 0x00000001
core   0: 0x8000b8b6 (0x0000bfe5) c.j     pc - 8
core   0: 3 0x8000b8b6 (0xbfe5)
core   0: 0x8000b8ae (0x00001f17) auipc   t5, 0x1
core   0: 3 0x8000b8ae (0x00001f17) x30 0x8000c8ae
core   0: 0x8000b8b2 (0x743f2923) sw      gp, 1874(t5)
core   0: 3 0x8000b8b2 (0x743f2923) mem 0x8000d000 0x00000001
core   0: 0x8000b8b6 (0x0000bfe5) c.j     pc - 8
core   0: 3 0x8000b8b6 (0xbfe5)
core   0: 0x8000b8ae (0x00001f17) auipc   t5, 0x1
core   0: 3 0x8000b8ae (0x00001f17) x30 0x8000c8ae
core   0: 0x8000b8b2 (0x743f2923) sw      gp, 1874(t5)
core   0: 3 0x8000b8b2 (0x743f2923) mem 0x8000d000 0x00000001
core   0: 0x8000b8b6 (0x0000bfe5) c.j     pc - 8
core   0: 3 0x8000b8b6 (0xbfe5)
core   0: 0x8000b8ae (0x00001f17) auipc   t5, 0x1
core   0: 3 0x8000b8ae (0x00001f17) x30 0x8000c8ae
core   0: 0x8000b8b2 (0x743f2923) sw      gp, 1874(t5)
core   0: 3 0x8000b8b2 (0x743f2923) mem 0x8000d000 0x00000001
core   0: 0x8000b8b6 (0x0000bfe5) c.j     pc - 8
core   0: 3 0x8000b8b6 (0xbfe5)
core   0: 0x8000b8ae (0x00001f17) auipc   t5, 0x1
core   0: 3 0x8000b8ae (0x00001f17) x30 0x8000c8ae
core   0: 0x8000b8b2 (0x743f2923) sw      gp, 1874(t5)
core   0: 3 0x8000b8b2 (0x743f2923) mem 0x8000d000 0x00000001
core   0: 0x8000b8b6 (0x0000bfe5) c.j     pc - 8
core   0: 3 0x8000b8b6 (0xbfe5)
core   0: 0x8000b8ae (0x00001f17) auipc   t5, 0x1
core   0: 3 0x8000b8ae (0x00001f17) x30 0x8000c8ae
core   0: 0x8000b8b2 (0x743f2923) sw      gp, 1874(t5)
core   0: 3 0x8000b8b2 (0x743f2923) mem 0x8000d000 0x00000001
core   0: 0x8000b8b6 (0x0000bfe5) c.j     pc - 8
core   0: 3 0x8000b8b6 (0xbfe5)
core   0: 0x8000b8ae (0x00001f17) auipc   t5, 0x1
core   0: 3 0x8000b8ae (0x00001f17) x30 0x8000c8ae
core   0: 0x8000b8b2 (0x743f2923) sw      gp, 1874(t5)
core   0: 3 0x8000b8b2 (0x743f2923) mem 0x8000d000 0x00000001
core   0: 0x8000b8b6 (0x0000bfe5) c.j     pc - 8
core   0: 3 0x8000b8b6 (0xbfe5)
core   0: 0x8000b8ae (0x00001f17) auipc   t5, 0x1
core   0: 3 0x8000b8ae (0x00001f17) x30 0x8000c8ae
core   0: 0x8000b8b2 (0x743f2923) sw      gp, 1874(t5)
core   0: 3 0x8000b8b2 (0x743f2923) mem 0x8000d000 0x00000001
core   0: 0x8000b8b6 (0x0000bfe5) c.j     pc - 8
core   0: 3 0x8000b8b6 (0xbfe5)
core   0: 0x8000b8ae (0x00001f17) auipc   t5, 0x1
core   0: 3 0x8000b8ae (0x00001f17) x30 0x8000c8ae
core   0: 0x8000b8b2 (0x743f2923) sw      gp, 1874(t5)
core   0: 3 0x8000b8b2 (0x743f2923) mem 0x8000d000 0x00000001
core   0: 0x8000b8b6 (0x0000bfe5) c.j     pc - 8
core   0: 3 0x8000b8b6 (0xbfe5)
core   0: 0x8000b8ae (0x00001f17) auipc   t5, 0x1
core   0: 3 0x8000b8ae (0x00001f17) x30 0x8000c8ae
core   0: 0x8000b8b2 (0x743f2923) sw      gp, 1874(t5)
core   0: 3 0x8000b8b2 (0x743f2923) mem 0x8000d000 0x00000001
core   0: 0x8000b8b6 (0x0000bfe5) c.j     pc - 8
core   0: 3 0x8000b8b6 (0xbfe5)
core   0: 0x8000b8ae (0x00001f17) auipc   t5, 0x1
core   0: 3 0x8000b8ae (0x00001f17) x30 0x8000c8ae
core   0: 0x8000b8b2 (0x743f2923) sw      gp, 1874(t5)
core   0: 3 0x8000b8b2 (0x743f2923) mem 0x8000d000 0x00000001
core   0: 0x8000b8b6 (0x0000bfe5) c.j     pc - 8
core   0: 3 0x8000b8b6 (0xbfe5)
core   0: 0x8000b8ae (0x00001f17) auipc   t5, 0x1
core   0: 3 0x8000b8ae (0x00001f17) x30 0x8000c8ae
core   0: 0x8000b8b2 (0x743f2923) sw      gp, 1874(t5)
core   0: 3 0x8000b8b2 (0x743f2923) mem 0x8000d000 0x00000001
core   0: 0x8000b8b6 (0x0000bfe5) c.j     pc - 8
core   0: 3 0x8000b8b6 (0xbfe5)
core   0: 0x8000b8ae (0x00001f17) auipc   t5, 0x1
core   0: 3 0x8000b8ae (0x00001f17) x30 0x8000c8ae
core   0: 0x8000b8b2 (0x743f2923) sw      gp, 1874(t5)
core   0: 3 0x8000b8b2 (0x743f2923) mem 0x8000d000 0x00000001
core   0: 0x8000b8b6 (0x0000bfe5) c.j     pc - 8
core   0: 3 0x8000b8b6 (0xbfe5)
core   0: 0x8000b8ae (0x00001f17) auipc   t5, 0x1
core   0: 3 0x8000b8ae (0x00001f17) x30 0x8000c8ae
core   0: 0x8000b8b2 (0x743f2923) sw      gp, 1874(t5)
core   0: 3 0x8000b8b2 (0x743f2923) mem 0x8000d000 0x00000001
core   0: 0x8000b8b6 (0x0000bfe5) c.j     pc - 8
core   0: 3 0x8000b8b6 (0xbfe5)
core   0: 0x8000b8ae (0x00001f17) auipc   t5, 0x1
core   0: 3 0x8000b8ae (0x00001f17) x30 0x8000c8ae
core   0: 0x8000b8b2 (0x743f2923) sw      gp, 1874(t5)
core   0: 3 0x8000b8b2 (0x743f2923) mem 0x8000d000 0x00000001
core   0: 0x8000b8b6 (0x0000bfe5) c.j     pc - 8
core   0: 3 0x8000b8b6 (0xbfe5)
core   0: 0x8000b8ae (0x00001f17) auipc   t5, 0x1
core   0: 3 0x8000b8ae (0x00001f17) x30 0x8000c8ae
core   0: 0x8000b8b2 (0x743f2923) sw      gp, 1874(t5)
core   0: 3 0x8000b8b2 (0x743f2923) mem 0x8000d000 0x00000001
core   0: 0x8000b8b6 (0x0000bfe5) c.j     pc - 8
core   0: 3 0x8000b8b6 (0xbfe5)
core   0: 0x8000b8ae (0x00001f17) auipc   t5, 0x1
core   0: 3 0x8000b8ae (0x00001f17) x30 0x8000c8ae
core   0: 0x8000b8b2 (0x743f2923) sw      gp, 1874(t5)
core   0: 3 0x8000b8b2 (0x743f2923) mem 0x8000d000 0x00000001
core   0: 0x8000b8b6 (0x0000bfe5) c.j     pc - 8
core   0: 3 0x8000b8b6 (0xbfe5)
core   0: 0x8000b8ae (0x00001f17) auipc   t5, 0x1
core   0: 3 0x8000b8ae (0x00001f17) x30 0x8000c8ae
core   0: 0x8000b8b2 (0x743f2923) sw      gp, 1874(t5)
core   0: 3 0x8000b8b2 (0x743f2923) mem 0x8000d000 0x00000001
core   0: 0x8000b8b6 (0x0000bfe5) c.j     pc - 8
core   0: 3 0x8000b8b6 (0xbfe5)
core   0: 0x8000b8ae (0x00001f17) auipc   t5, 0x1
core   0: 3 0x8000b8ae (0x00001f17) x30 0x8000c8ae
core   0: 0x8000b8b2 (0x743f2923) sw      gp, 1874(t5)
core   0: 3 0x8000b8b2 (0x743f2923) mem 0x8000d000 0x00000001
core   0: 0x8000b8b6 (0x0000bfe5) c.j     pc - 8
core   0: 3 0x8000b8b6 (0xbfe5)
core   0: 0x8000b8ae (0x00001f17) auipc   t5, 0x1
core   0: 3 0x8000b8ae (0x00001f17) x30 0x8000c8ae
core   0: 0x8000b8b2 (0x743f2923) sw      gp, 1874(t5)
core   0: 3 0x8000b8b2 (0x743f2923) mem 0x8000d000 0x00000001
core   0: 0x8000b8b6 (0x0000bfe5) c.j     pc - 8
core   0: 3 0x8000b8b6 (0xbfe5)
core   0: 0x8000b8ae (0x00001f17) auipc   t5, 0x1
core   0: 3 0x8000b8ae (0x00001f17) x30 0x8000c8ae
core   0: 0x8000b8b2 (0x743f2923) sw      gp, 1874(t5)
core   0: 3 0x8000b8b2 (0x743f2923) mem 0x8000d000 0x00000001
core   0: 0x8000b8b6 (0x0000bfe5) c.j     pc - 8
core   0: 3 0x8000b8b6 (0xbfe5)
core   0: 0x8000b8ae (0x00001f17) auipc   t5, 0x1
core   0: 3 0x8000b8ae (0x00001f17) x30 0x8000c8ae
core   0: 0x8000b8b2 (0x743f2923) sw      gp, 1874(t5)
core   0: 3 0x8000b8b2 (0x743f2923) mem 0x8000d000 0x00000001
core   0: 0x8000b8b6 (0x0000bfe5) c.j     pc - 8
core   0: 3 0x8000b8b6 (0xbfe5)
core   0: 0x8000b8ae (0x00001f17) auipc   t5, 0x1
core   0: 3 0x8000b8ae (0x00001f17) x30 0x8000c8ae
core   0: 0x8000b8b2 (0x743f2923) sw      gp, 1874(t5)
core   0: 3 0x8000b8b2 (0x743f2923) mem 0x8000d000 0x00000001
core   0: 0x8000b8b6 (0x0000bfe5) c.j     pc - 8
core   0: 3 0x8000b8b6 (0xbfe5)
core   0: 0x8000b8ae (0x00001f17) auipc   t5, 0x1
core   0: 3 0x8000b8ae (0x00001f17) x30 0x8000c8ae
core   0: 0x8000b8b2 (0x743f2923) sw      gp, 1874(t5)
core   0: 3 0x8000b8b2 (0x743f2923) mem 0x8000d000 0x00000001
core   0: 0x8000b8b6 (0x0000bfe5) c.j     pc - 8
core   0: 3 0x8000b8b6 (0xbfe5)
core   0: 0x8000b8ae (0x00001f17) auipc   t5, 0x1
core   0: 3 0x8000b8ae (0x00001f17) x30 0x8000c8ae
core   0: 0x8000b8b2 (0x743f2923) sw      gp, 1874(t5)
core   0: 3 0x8000b8b2 (0x743f2923) mem 0x8000d000 0x00000001
core   0: 0x8000b8b6 (0x0000bfe5) c.j     pc - 8
core   0: 3 0x8000b8b6 (0xbfe5)
core   0: 0x8000b8ae (0x00001f17) auipc   t5, 0x1
core   0: 3 0x8000b8ae (0x00001f17) x30 0x8000c8ae
core   0: 0x8000b8b2 (0x743f2923) sw      gp, 1874(t5)
core   0: 3 0x8000b8b2 (0x743f2923) mem 0x8000d000 0x00000001
core   0: 0x8000b8b6 (0x0000bfe5) c.j     pc - 8
core   0: 3 0x8000b8b6 (0xbfe5)
core   0: 0x8000b8ae (0x00001f17) auipc   t5, 0x1
core   0: 3 0x8000b8ae (0x00001f17) x30 0x8000c8ae
core   0: 0x8000b8b2 (0x743f2923) sw      gp, 1874(t5)
core   0: 3 0x8000b8b2 (0x743f2923) mem 0x8000d000 0x00000001
core   0: 0x8000b8b6 (0x0000bfe5) c.j     pc - 8
core   0: 3 0x8000b8b6 (0xbfe5)
core   0: 0x8000b8ae (0x00001f17) auipc   t5, 0x1
core   0: 3 0x8000b8ae (0x00001f17) x30 0x8000c8ae
core   0: 0x8000b8b2 (0x743f2923) sw      gp, 1874(t5)
core   0: 3 0x8000b8b2 (0x743f2923) mem 0x8000d000 0x00000001
core   0: 0x8000b8b6 (0x0000bfe5) c.j     pc - 8
core   0: 3 0x8000b8b6 (0xbfe5)
core   0: 0x8000b8ae (0x00001f17) auipc   t5, 0x1
core   0: 3 0x8000b8ae (0x00001f17) x30 0x8000c8ae
core   0: 0x8000b8b2 (0x743f2923) sw      gp, 1874(t5)
core   0: 3 0x8000b8b2 (0x743f2923) mem 0x8000d000 0x00000001
core   0: 0x8000b8b6 (0x0000bfe5) c.j     pc - 8
core   0: 3 0x8000b8b6 (0xbfe5)
core   0: 0x8000b8ae (0x00001f17) auipc   t5, 0x1
core   0: 3 0x8000b8ae (0x00001f17) x30 0x8000c8ae
core   0: 0x8000b8b2 (0x743f2923) sw      gp, 1874(t5)
core   0: 3 0x8000b8b2 (0x743f2923) mem 0x8000d000 0x00000001
core   0: 0x8000b8b6 (0x0000bfe5) c.j     pc - 8
core   0: 3 0x8000b8b6 (0xbfe5)
core   0: 0x8000b8ae (0x00001f17) auipc   t5, 0x1
core   0: 3 0x8000b8ae (0x00001f17) x30 0x8000c8ae
core   0: 0x8000b8b2 (0x743f2923) sw      gp, 1874(t5)
core   0: 3 0x8000b8b2 (0x743f2923) mem 0x8000d000 0x00000001
core   0: 0x8000b8b6 (0x0000bfe5) c.j     pc - 8
core   0: 3 0x8000b8b6 (0xbfe5)
core   0: 0x8000b8ae (0x00001f17) auipc   t5, 0x1
core   0: 3 0x8000b8ae (0x00001f17) x30 0x8000c8ae
core   0: 0x8000b8b2 (0x743f2923) sw      gp, 1874(t5)
core   0: 3 0x8000b8b2 (0x743f2923) mem 0x8000d000 0x00000001
core   0: 0x8000b8b6 (0x0000bfe5) c.j     pc - 8
core   0: 3 0x8000b8b6 (0xbfe5)
core   0: 0x8000b8ae (0x00001f17) auipc   t5, 0x1
core   0: 3 0x8000b8ae (0x00001f17) x30 0x8000c8ae
core   0: 0x8000b8b2 (0x743f2923) sw      gp, 1874(t5)
core   0: 3 0x8000b8b2 (0x743f2923) mem 0x8000d000 0x00000001
core   0: 0x8000b8b6 (0x0000bfe5) c.j     pc - 8
core   0: 3 0x8000b8b6 (0xbfe5)
core   0: 0x8000b8ae (0x00001f17) auipc   t5, 0x1
core   0: 3 0x8000b8ae (0x00001f17) x30 0x8000c8ae
core   0: 0x8000b8b2 (0x743f2923) sw      gp, 1874(t5)
core   0: 3 0x8000b8b2 (0x743f2923) mem 0x8000d000 0x00000001
core   0: 0x8000b8b6 (0x0000bfe5) c.j     pc - 8
core   0: 3 0x8000b8b6 (0xbfe5)
core   0: 0x8000b8ae (0x00001f17) auipc   t5, 0x1
core   0: 3 0x8000b8ae (0x00001f17) x30 0x8000c8ae
core   0: 0x8000b8b2 (0x743f2923) sw      gp, 1874(t5)
core   0: 3 0x8000b8b2 (0x743f2923) mem 0x8000d000 0x00000001
core   0: 0x8000b8b6 (0x0000bfe5) c.j     pc - 8
core   0: 3 0x8000b8b6 (0xbfe5)
core   0: 0x8000b8ae (0x00001f17) auipc   t5, 0x1
core   0: 3 0x8000b8ae (0x00001f17) x30 0x8000c8ae
core   0: 0x8000b8b2 (0x743f2923) sw      gp, 1874(t5)
core   0: 3 0x8000b8b2 (0x743f2923) mem 0x8000d000 0x00000001
core   0: 0x8000b8b6 (0x0000bfe5) c.j     pc - 8
core   0: 3 0x8000b8b6 (0xbfe5)
core   0: 0x8000b8ae (0x00001f17) auipc   t5, 0x1
core   0: 3 0x8000b8ae (0x00001f17) x30 0x8000c8ae
core   0: 0x8000b8b2 (0x743f2923) sw      gp, 1874(t5)
core   0: 3 0x8000b8b2 (0x743f2923) mem 0x8000d000 0x00000001
core   0: 0x8000b8b6 (0x0000bfe5) c.j     pc - 8
core   0: 3 0x8000b8b6 (0xbfe5)
core   0: 0x8000b8ae (0x00001f17) auipc   t5, 0x1
core   0: 3 0x8000b8ae (0x00001f17) x30 0x8000c8ae
core   0: 0x8000b8b2 (0x743f2923) sw      gp, 1874(t5)
core   0: 3 0x8000b8b2 (0x743f2923) mem 0x8000d000 0x00000001
core   0: 0x8000b8b6 (0x0000bfe5) c.j     pc - 8
core   0: 3 0x8000b8b6 (0xbfe5)
core   0: 0x8000b8ae (0x00001f17) auipc   t5, 0x1
core   0: 3 0x8000b8ae (0x00001f17) x30 0x8000c8ae
core   0: 0x8000b8b2 (0x743f2923) sw      gp, 1874(t5)
core   0: 3 0x8000b8b2 (0x743f2923) mem 0x8000d000 0x00000001
core   0: 0x8000b8b6 (0x0000bfe5) c.j     pc - 8
core   0: 3 0x8000b8b6 (0xbfe5)
core   0: 0x8000b8ae (0x00001f17) auipc   t5, 0x1
core   0: 3 0x8000b8ae (0x00001f17) x30 0x8000c8ae
core   0: 0x8000b8b2 (0x743f2923) sw      gp, 1874(t5)
core   0: 3 0x8000b8b2 (0x743f2923) mem 0x8000d000 0x00000001
core   0: 0x8000b8b6 (0x0000bfe5) c.j     pc - 8
core   0: 3 0x8000b8b6 (0xbfe5)
core   0: 0x8000b8ae (0x00001f17) auipc   t5, 0x1
core   0: 3 0x8000b8ae (0x00001f17) x30 0x8000c8ae
core   0: 0x8000b8b2 (0x743f2923) sw      gp, 1874(t5)
core   0: 3 0x8000b8b2 (0x743f2923) mem 0x8000d000 0x00000001
core   0: 0x8000b8b6 (0x0000bfe5) c.j     pc - 8
core   0: 3 0x8000b8b6 (0xbfe5)
core   0: 0x8000b8ae (0x00001f17) auipc   t5, 0x1
core   0: 3 0x8000b8ae (0x00001f17) x30 0x8000c8ae
core   0: 0x8000b8b2 (0x743f2923) sw      gp, 1874(t5)
core   0: 3 0x8000b8b2 (0x743f2923) mem 0x8000d000 0x00000001
core   0: 0x8000b8b6 (0x0000bfe5) c.j     pc - 8
core   0: 3 0x8000b8b6 (0xbfe5)
core   0: 0x8000b8ae (0x00001f17) auipc   t5, 0x1
core   0: 3 0x8000b8ae (0x00001f17) x30 0x8000c8ae
core   0: 0x8000b8b2 (0x743f2923) sw      gp, 1874(t5)
core   0: 3 0x8000b8b2 (0x743f2923) mem 0x8000d000 0x00000001
core   0: 0x8000b8b6 (0x0000bfe5) c.j     pc - 8
core   0: 3 0x8000b8b6 (0xbfe5)
core   0: 0x8000b8ae (0x00001f17) auipc   t5, 0x1
core   0: 3 0x8000b8ae (0x00001f17) x30 0x8000c8ae
core   0: 0x8000b8b2 (0x743f2923) sw      gp, 1874(t5)
core   0: 3 0x8000b8b2 (0x743f2923) mem 0x8000d000 0x00000001
core   0: 0x8000b8b6 (0x0000bfe5) c.j     pc - 8
core   0: 3 0x8000b8b6 (0xbfe5)
core   0: 0x8000b8ae (0x00001f17) auipc   t5, 0x1
core   0: 3 0x8000b8ae (0x00001f17) x30 0x8000c8ae
core   0: 0x8000b8b2 (0x743f2923) sw      gp, 1874(t5)
core   0: 3 0x8000b8b2 (0x743f2923) mem 0x8000d000 0x00000001
core   0: 0x8000b8b6 (0x0000bfe5) c.j     pc - 8
core   0: 3 0x8000b8b6 (0xbfe5)
core   0: 0x8000b8ae (0x00001f17) auipc   t5, 0x1
core   0: 3 0x8000b8ae (0x00001f17) x30 0x8000c8ae
core   0: 0x8000b8b2 (0x743f2923) sw      gp, 1874(t5)
core   0: 3 0x8000b8b2 (0x743f2923) mem 0x8000d000 0x00000001
core   0: 0x8000b8b6 (0x0000bfe5) c.j     pc - 8
core   0: 3 0x8000b8b6 (0xbfe5)
core   0: 0x8000b8ae (0x00001f17) auipc   t5, 0x1
core   0: 3 0x8000b8ae (0x00001f17) x30 0x8000c8ae
core   0: 0x8000b8b2 (0x743f2923) sw      gp, 1874(t5)
core   0: 3 0x8000b8b2 (0x743f2923) mem 0x8000d000 0x00000001
core   0: 0x8000b8b6 (0x0000bfe5) c.j     pc - 8
core   0: 3 0x8000b8b6 (0xbfe5)
core   0: 0x8000b8ae (0x00001f17) auipc   t5, 0x1
core   0: 3 0x8000b8ae (0x00001f17) x30 0x8000c8ae
core   0: 0x8000b8b2 (0x743f2923) sw      gp, 1874(t5)
core   0: 3 0x8000b8b2 (0x743f2923) mem 0x8000d000 0x00000001
core   0: 0x8000b8b6 (0x0000bfe5) c.j     pc - 8
core   0: 3 0x8000b8b6 (0xbfe5)
core   0: 0x8000b8ae (0x00001f17) auipc   t5, 0x1
core   0: 3 0x8000b8ae (0x00001f17) x30 0x8000c8ae
core   0: 0x8000b8b2 (0x743f2923) sw      gp, 1874(t5)
core   0: 3 0x8000b8b2 (0x743f2923) mem 0x8000d000 0x00000001
core   0: 0x8000b8b6 (0x0000bfe5) c.j     pc - 8
core   0: 3 0x8000b8b6 (0xbfe5)
core   0: 0x8000b8ae (0x00001f17) auipc   t5, 0x1
core   0: 3 0x8000b8ae (0x00001f17) x30 0x8000c8ae
core   0: 0x8000b8b2 (0x743f2923) sw      gp, 1874(t5)
core   0: 3 0x8000b8b2 (0x743f2923) mem 0x8000d000 0x00000001
core   0: 0x8000b8b6 (0x0000bfe5) c.j     pc - 8
core   0: 3 0x8000b8b6 (0xbfe5)
core   0: 0x8000b8ae (0x00001f17) auipc   t5, 0x1
core   0: 3 0x8000b8ae (0x00001f17) x30 0x8000c8ae
core   0: 0x8000b8b2 (0x743f2923) sw      gp, 1874(t5)
core   0: 3 0x8000b8b2 (0x743f2923) mem 0x8000d000 0x00000001
core   0: 0x8000b8b6 (0x0000bfe5) c.j     pc - 8
core   0: 3 0x8000b8b6 (0xbfe5)
core   0: 0x8000b8ae (0x00001f17) auipc   t5, 0x1
core   0: 3 0x8000b8ae (0x00001f17) x30 0x8000c8ae
core   0: 0x8000b8b2 (0x743f2923) sw      gp, 1874(t5)
core   0: 3 0x8000b8b2 (0x743f2923) mem 0x8000d000 0x00000001
core   0: 0x8000b8b6 (0x0000bfe5) c.j     pc - 8
core   0: 3 0x8000b8b6 (0xbfe5)
core   0: 0x8000b8ae (0x00001f17) auipc   t5, 0x1
core   0: 3 0x8000b8ae (0x00001f17) x30 0x8000c8ae
core   0: 0x8000b8b2 (0x743f2923) sw      gp, 1874(t5)
core   0: 3 0x8000b8b2 (0x743f2923) mem 0x8000d000 0x00000001
core   0: 0x8000b8b6 (0x0000bfe5) c.j     pc - 8
core   0: 3 0x8000b8b6 (0xbfe5)
core   0: 0x8000b8ae (0x00001f17) auipc   t5, 0x1
core   0: 3 0x8000b8ae (0x00001f17) x30 0x8000c8ae
core   0: 0x8000b8b2 (0x743f2923) sw      gp, 1874(t5)
core   0: 3 0x8000b8b2 (0x743f2923) mem 0x8000d000 0x00000001
core   0: 0x8000b8b6 (0x0000bfe5) c.j     pc - 8
core   0: 3 0x8000b8b6 (0xbfe5)
core   0: 0x8000b8ae (0x00001f17) auipc   t5, 0x1
core   0: 3 0x8000b8ae (0x00001f17) x30 0x8000c8ae
core   0: 0x8000b8b2 (0x743f2923) sw      gp, 1874(t5)
core   0: 3 0x8000b8b2 (0x743f2923) mem 0x8000d000 0x00000001
core   0: 0x8000b8b6 (0x0000bfe5) c.j     pc - 8
core   0: 3 0x8000b8b6 (0xbfe5)
core   0: 0x8000b8ae (0x00001f17) auipc   t5, 0x1
core   0: 3 0x8000b8ae (0x00001f17) x30 0x8000c8ae
core   0: 0x8000b8b2 (0x743f2923) sw      gp, 1874(t5)
core   0: 3 0x8000b8b2 (0x743f2923) mem 0x8000d000 0x00000001
core   0: 0x8000b8b6 (0x0000bfe5) c.j     pc - 8
core   0: 3 0x8000b8b6 (0xbfe5)
core   0: 0x8000b8ae (0x00001f17) auipc   t5, 0x1
core   0: 3 0x8000b8ae (0x00001f17) x30 0x8000c8ae
core   0: 0x8000b8b2 (0x743f2923) sw      gp, 1874(t5)
core   0: 3 0x8000b8b2 (0x743f2923) mem 0x8000d000 0x00000001
core   0: 0x8000b8b6 (0x0000bfe5) c.j     pc - 8
core   0: 3 0x8000b8b6 (0xbfe5)
core   0: 0x8000b8ae (0x00001f17) auipc   t5, 0x1
core   0: 3 0x8000b8ae (0x00001f17) x30 0x8000c8ae
core   0: 0x8000b8b2 (0x743f2923) sw      gp, 1874(t5)
core   0: 3 0x8000b8b2 (0x743f2923) mem 0x8000d000 0x00000001
core   0: 0x8000b8b6 (0x0000bfe5) c.j     pc - 8
core   0: 3 0x8000b8b6 (0xbfe5)
core   0: 0x8000b8ae (0x00001f17) auipc   t5, 0x1
core   0: 3 0x8000b8ae (0x00001f17) x30 0x8000c8ae
core   0: 0x8000b8b2 (0x743f2923) sw      gp, 1874(t5)
core   0: 3 0x8000b8b2 (0x743f2923) mem 0x8000d000 0x00000001
core   0: 0x8000b8b6 (0x0000bfe5) c.j     pc - 8
core   0: 3 0x8000b8b6 (0xbfe5)
core   0: 0x8000b8ae (0x00001f17) auipc   t5, 0x1
core   0: 3 0x8000b8ae (0x00001f17) x30 0x8000c8ae
core   0: 0x8000b8b2 (0x743f2923) sw      gp, 1874(t5)
core   0: 3 0x8000b8b2 (0x743f2923) mem 0x8000d000 0x00000001
core   0: 0x8000b8b6 (0x0000bfe5) c.j     pc - 8
core   0: 3 0x8000b8b6 (0xbfe5)
core   0: 0x8000b8ae (0x00001f17) auipc   t5, 0x1
core   0: 3 0x8000b8ae (0x00001f17) x30 0x8000c8ae
core   0: 0x8000b8b2 (0x743f2923) sw      gp, 1874(t5)
core   0: 3 0x8000b8b2 (0x743f2923) mem 0x8000d000 0x00000001
core   0: 0x8000b8b6 (0x0000bfe5) c.j     pc - 8
core   0: 3 0x8000b8b6 (0xbfe5)
core   0: 0x8000b8ae (0x00001f17) auipc   t5, 0x1
core   0: 3 0x8000b8ae (0x00001f17) x30 0x8000c8ae
core   0: 0x8000b8b2 (0x743f2923) sw      gp, 1874(t5)
core   0: 3 0x8000b8b2 (0x743f2923) mem 0x8000d000 0x00000001
core   0: 0x8000b8b6 (0x0000bfe5) c.j     pc - 8
core   0: 3 0x8000b8b6 (0xbfe5)
core   0: 0x8000b8ae (0x00001f17) auipc   t5, 0x1
core   0: 3 0x8000b8ae (0x00001f17) x30 0x8000c8ae
core   0: 0x8000b8b2 (0x743f2923) sw      gp, 1874(t5)
core   0: 3 0x8000b8b2 (0x743f2923) mem 0x8000d000 0x00000001
core   0: 0x8000b8b6 (0x0000bfe5) c.j     pc - 8
core   0: 3 0x8000b8b6 (0xbfe5)
core   0: 0x8000b8ae (0x00001f17) auipc   t5, 0x1
core   0: 3 0x8000b8ae (0x00001f17) x30 0x8000c8ae
core   0: 0x8000b8b2 (0x743f2923) sw      gp, 1874(t5)
core   0: 3 0x8000b8b2 (0x743f2923) mem 0x8000d000 0x00000001
core   0: 0x8000b8b6 (0x0000bfe5) c.j     pc - 8
core   0: 3 0x8000b8b6 (0xbfe5)
core   0: 0x8000b8ae (0x00001f17) auipc   t5, 0x1
core   0: 3 0x8000b8ae (0x00001f17) x30 0x8000c8ae
core   0: 0x8000b8b2 (0x743f2923) sw      gp, 1874(t5)
core   0: 3 0x8000b8b2 (0x743f2923) mem 0x8000d000 0x00000001
core   0: 0x8000b8b6 (0x0000bfe5) c.j     pc - 8
core   0: 3 0x8000b8b6 (0xbfe5)
core   0: 0x8000b8ae (0x00001f17) auipc   t5, 0x1
core   0: 3 0x8000b8ae (0x00001f17) x30 0x8000c8ae
core   0: 0x8000b8b2 (0x743f2923) sw      gp, 1874(t5)
core   0: 3 0x8000b8b2 (0x743f2923) mem 0x8000d000 0x00000001
core   0: 0x8000b8b6 (0x0000bfe5) c.j     pc - 8
core   0: 3 0x8000b8b6 (0xbfe5)
core   0: 0x8000b8ae (0x00001f17) auipc   t5, 0x1
core   0: 3 0x8000b8ae (0x00001f17) x30 0x8000c8ae
core   0: 0x8000b8b2 (0x743f2923) sw      gp, 1874(t5)
core   0: 3 0x8000b8b2 (0x743f2923) mem 0x8000d000 0x00000001
core   0: 0x8000b8b6 (0x0000bfe5) c.j     pc - 8
core   0: 3 0x8000b8b6 (0xbfe5)
core   0: 0x8000b8ae (0x00001f17) auipc   t5, 0x1
core   0: 3 0x8000b8ae (0x00001f17) x30 0x8000c8ae
core   0: 0x8000b8b2 (0x743f2923) sw      gp, 1874(t5)
core   0: 3 0x8000b8b2 (0x743f2923) mem 0x8000d000 0x00000001
core   0: 0x8000b8b6 (0x0000bfe5) c.j     pc - 8
core   0: 3 0x8000b8b6 (0xbfe5)
core   0: 0x8000b8ae (0x00001f17) auipc   t5, 0x1
core   0: 3 0x8000b8ae (0x00001f17) x30 0x8000c8ae
core   0: 0x8000b8b2 (0x743f2923) sw      gp, 1874(t5)
core   0: 3 0x8000b8b2 (0x743f2923) mem 0x8000d000 0x00000001
core   0: 0x8000b8b6 (0x0000bfe5) c.j     pc - 8
core   0: 3 0x8000b8b6 (0xbfe5)
core   0: 0x8000b8ae (0x00001f17) auipc   t5, 0x1
core   0: 3 0x8000b8ae (0x00001f17) x30 0x8000c8ae
core   0: 0x8000b8b2 (0x743f2923) sw      gp, 1874(t5)
core   0: 3 0x8000b8b2 (0x743f2923) mem 0x8000d000 0x00000001
core   0: 0x8000b8b6 (0x0000bfe5) c.j     pc - 8
core   0: 3 0x8000b8b6 (0xbfe5)
core   0: 0x8000b8ae (0x00001f17) auipc   t5, 0x1
core   0: 3 0x8000b8ae (0x00001f17) x30 0x8000c8ae
core   0: 0x8000b8b2 (0x743f2923) sw      gp, 1874(t5)
core   0: 3 0x8000b8b2 (0x743f2923) mem 0x8000d000 0x00000001
core   0: 0x8000b8b6 (0x0000bfe5) c.j     pc - 8
core   0: 3 0x8000b8b6 (0xbfe5)
core   0: 0x8000b8ae (0x00001f17) auipc   t5, 0x1
core   0: 3 0x8000b8ae (0x00001f17) x30 0x8000c8ae
core   0: 0x8000b8b2 (0x743f2923) sw      gp, 1874(t5)
core   0: 3 0x8000b8b2 (0x743f2923) mem 0x8000d000 0x00000001
core   0: 0x8000b8b6 (0x0000bfe5) c.j     pc - 8
core   0: 3 0x8000b8b6 (0xbfe5)
core   0: 0x8000b8ae (0x00001f17) auipc   t5, 0x1
core   0: 3 0x8000b8ae (0x00001f17) x30 0x8000c8ae
core   0: 0x8000b8b2 (0x743f2923) sw      gp, 1874(t5)
core   0: 3 0x8000b8b2 (0x743f2923) mem 0x8000d000 0x00000001
core   0: 0x8000b8b6 (0x0000bfe5) c.j     pc - 8
core   0: 3 0x8000b8b6 (0xbfe5)
core   0: 0x8000b8ae (0x00001f17) auipc   t5, 0x1
core   0: 3 0x8000b8ae (0x00001f17) x30 0x8000c8ae
core   0: 0x8000b8b2 (0x743f2923) sw      gp, 1874(t5)
core   0: 3 0x8000b8b2 (0x743f2923) mem 0x8000d000 0x00000001
core   0: 0x8000b8b6 (0x0000bfe5) c.j     pc - 8
core   0: 3 0x8000b8b6 (0xbfe5)
core   0: 0x8000b8ae (0x00001f17) auipc   t5, 0x1
core   0: 3 0x8000b8ae (0x00001f17) x30 0x8000c8ae
core   0: 0x8000b8b2 (0x743f2923) sw      gp, 1874(t5)
core   0: 3 0x8000b8b2 (0x743f2923) mem 0x8000d000 0x00000001
core   0: 0x8000b8b6 (0x0000bfe5) c.j     pc - 8
core   0: 3 0x8000b8b6 (0xbfe5)
core   0: 0x8000b8ae (0x00001f17) auipc   t5, 0x1
core   0: 3 0x8000b8ae (0x00001f17) x30 0x8000c8ae
core   0: 0x8000b8b2 (0x743f2923) sw      gp, 1874(t5)
core   0: 3 0x8000b8b2 (0x743f2923) mem 0x8000d000 0x00000001
core   0: 0x8000b8b6 (0x0000bfe5) c.j     pc - 8
core   0: 3 0x8000b8b6 (0xbfe5)
core   0: 0x8000b8ae (0x00001f17) auipc   t5, 0x1
core   0: 3 0x8000b8ae (0x00001f17) x30 0x8000c8ae
core   0: 0x8000b8b2 (0x743f2923) sw      gp, 1874(t5)
core   0: 3 0x8000b8b2 (0x743f2923) mem 0x8000d000 0x00000001
core   0: 0x8000b8b6 (0x0000bfe5) c.j     pc - 8
core   0: 3 0x8000b8b6 (0xbfe5)
core   0: 0x8000b8ae (0x00001f17) auipc   t5, 0x1
core   0: 3 0x8000b8ae (0x00001f17) x30 0x8000c8ae
core   0: 0x8000b8b2 (0x743f2923) sw      gp, 1874(t5)
core   0: 3 0x8000b8b2 (0x743f2923) mem 0x8000d000 0x00000001
core   0: 0x8000b8b6 (0x0000bfe5) c.j     pc - 8
core   0: 3 0x8000b8b6 (0xbfe5)
core   0: 0x8000b8ae (0x00001f17) auipc   t5, 0x1
core   0: 3 0x8000b8ae (0x00001f17) x30 0x8000c8ae
core   0: 0x8000b8b2 (0x743f2923) sw      gp, 1874(t5)
core   0: 3 0x8000b8b2 (0x743f2923) mem 0x8000d000 0x00000001
core   0: 0x8000b8b6 (0x0000bfe5) c.j     pc - 8
core   0: 3 0x8000b8b6 (0xbfe5)
core   0: 0x8000b8ae (0x00001f17) auipc   t5, 0x1
core   0: 3 0x8000b8ae (0x00001f17) x30 0x8000c8ae
core   0: 0x8000b8b2 (0x743f2923) sw      gp, 1874(t5)
core   0: 3 0x8000b8b2 (0x743f2923) mem 0x8000d000 0x00000001
core   0: 0x8000b8b6 (0x0000bfe5) c.j     pc - 8
core   0: 3 0x8000b8b6 (0xbfe5)
core   0: 0x8000b8ae (0x00001f17) auipc   t5, 0x1
core   0: 3 0x8000b8ae (0x00001f17) x30 0x8000c8ae
core   0: 0x8000b8b2 (0x743f2923) sw      gp, 1874(t5)
core   0: 3 0x8000b8b2 (0x743f2923) mem 0x8000d000 0x00000001
core   0: 0x8000b8b6 (0x0000bfe5) c.j     pc - 8
core   0: 3 0x8000b8b6 (0xbfe5)
core   0: 0x8000b8ae (0x00001f17) auipc   t5, 0x1
core   0: 3 0x8000b8ae (0x00001f17) x30 0x8000c8ae
core   0: 0x8000b8b2 (0x743f2923) sw      gp, 1874(t5)
core   0: 3 0x8000b8b2 (0x743f2923) mem 0x8000d000 0x00000001
core   0: 0x8000b8b6 (0x0000bfe5) c.j     pc - 8
core   0: 3 0x8000b8b6 (0xbfe5)
core   0: 0x8000b8ae (0x00001f17) auipc   t5, 0x1
core   0: 3 0x8000b8ae (0x00001f17) x30 0x8000c8ae
core   0: 0x8000b8b2 (0x743f2923) sw      gp, 1874(t5)
core   0: 3 0x8000b8b2 (0x743f2923) mem 0x8000d000 0x00000001
core   0: 0x8000b8b6 (0x0000bfe5) c.j     pc - 8
core   0: 3 0x8000b8b6 (0xbfe5)
core   0: 0x8000b8ae (0x00001f17) auipc   t5, 0x1
core   0: 3 0x8000b8ae (0x00001f17) x30 0x8000c8ae
core   0: 0x8000b8b2 (0x743f2923) sw      gp, 1874(t5)
core   0: 3 0x8000b8b2 (0x743f2923) mem 0x8000d000 0x00000001
core   0: 0x8000b8b6 (0x0000bfe5) c.j     pc - 8
core   0: 3 0x8000b8b6 (0xbfe5)
core   0: 0x8000b8ae (0x00001f17) auipc   t5, 0x1
core   0: 3 0x8000b8ae (0x00001f17) x30 0x8000c8ae
core   0: 0x8000b8b2 (0x743f2923) sw      gp, 1874(t5)
core   0: 3 0x8000b8b2 (0x743f2923) mem 0x8000d000 0x00000001
core   0: 0x8000b8b6 (0x0000bfe5) c.j     pc - 8
core   0: 3 0x8000b8b6 (0xbfe5)
core   0: 0x8000b8ae (0x00001f17) auipc   t5, 0x1
core   0: 3 0x8000b8ae (0x00001f17) x30 0x8000c8ae
core   0: 0x8000b8b2 (0x743f2923) sw      gp, 1874(t5)
core   0: 3 0x8000b8b2 (0x743f2923) mem 0x8000d000 0x00000001
core   0: 0x8000b8b6 (0x0000bfe5) c.j     pc - 8
core   0: 3 0x8000b8b6 (0xbfe5)
core   0: 0x8000b8ae (0x00001f17) auipc   t5, 0x1
core   0: 3 0x8000b8ae (0x00001f17) x30 0x8000c8ae
core   0: 0x8000b8b2 (0x743f2923) sw      gp, 1874(t5)
core   0: 3 0x8000b8b2 (0x743f2923) mem 0x8000d000 0x00000001
core   0: 0x8000b8b6 (0x0000bfe5) c.j     pc - 8
core   0: 3 0x8000b8b6 (0xbfe5)
core   0: 0x8000b8ae (0x00001f17) auipc   t5, 0x1
core   0: 3 0x8000b8ae (0x00001f17) x30 0x8000c8ae
core   0: 0x8000b8b2 (0x743f2923) sw      gp, 1874(t5)
core   0: 3 0x8000b8b2 (0x743f2923) mem 0x8000d000 0x00000001
core   0: 0x8000b8b6 (0x0000bfe5) c.j     pc - 8
core   0: 3 0x8000b8b6 (0xbfe5)
core   0: 0x8000b8ae (0x00001f17) auipc   t5, 0x1
core   0: 3 0x8000b8ae (0x00001f17) x30 0x8000c8ae
core   0: 0x8000b8b2 (0x743f2923) sw      gp, 1874(t5)
core   0: 3 0x8000b8b2 (0x743f2923) mem 0x8000d000 0x00000001
core   0: 0x8000b8b6 (0x0000bfe5) c.j     pc - 8
core   0: 3 0x8000b8b6 (0xbfe5)
core   0: 0x8000b8ae (0x00001f17) auipc   t5, 0x1
core   0: 3 0x8000b8ae (0x00001f17) x30 0x8000c8ae
core   0: 0x8000b8b2 (0x743f2923) sw      gp, 1874(t5)
core   0: 3 0x8000b8b2 (0x743f2923) mem 0x8000d000 0x00000001
core   0: 0x8000b8b6 (0x0000bfe5) c.j     pc - 8
core   0: 3 0x8000b8b6 (0xbfe5)
core   0: 0x8000b8ae (0x00001f17) auipc   t5, 0x1
core   0: 3 0x8000b8ae (0x00001f17) x30 0x8000c8ae
core   0: 0x8000b8b2 (0x743f2923) sw      gp, 1874(t5)
core   0: 3 0x8000b8b2 (0x743f2923) mem 0x8000d000 0x00000001
core   0: 0x8000b8b6 (0x0000bfe5) c.j     pc - 8
core   0: 3 0x8000b8b6 (0xbfe5)
core   0: 0x8000b8ae (0x00001f17) auipc   t5, 0x1
core   0: 3 0x8000b8ae (0x00001f17) x30 0x8000c8ae
core   0: 0x8000b8b2 (0x743f2923) sw      gp, 1874(t5)
core   0: 3 0x8000b8b2 (0x743f2923) mem 0x8000d000 0x00000001
core   0: 0x8000b8b6 (0x0000bfe5) c.j     pc - 8
core   0: 3 0x8000b8b6 (0xbfe5)
core   0: 0x8000b8ae (0x00001f17) auipc   t5, 0x1
core   0: 3 0x8000b8ae (0x00001f17) x30 0x8000c8ae
core   0: 0x8000b8b2 (0x743f2923) sw      gp, 1874(t5)
core   0: 3 0x8000b8b2 (0x743f2923) mem 0x8000d000 0x00000001
core   0: 0x8000b8b6 (0x0000bfe5) c.j     pc - 8
core   0: 3 0x8000b8b6 (0xbfe5)
core   0: 0x8000b8ae (0x00001f17) auipc   t5, 0x1
core   0: 3 0x8000b8ae (0x00001f17) x30 0x8000c8ae
core   0: 0x8000b8b2 (0x743f2923) sw      gp, 1874(t5)
core   0: 3 0x8000b8b2 (0x743f2923) mem 0x8000d000 0x00000001
core   0: 0x8000b8b6 (0x0000bfe5) c.j     pc - 8
core   0: 3 0x8000b8b6 (0xbfe5)
core   0: 0x8000b8ae (0x00001f17) auipc   t5, 0x1
core   0: 3 0x8000b8ae (0x00001f17) x30 0x8000c8ae
core   0: 0x8000b8b2 (0x743f2923) sw      gp, 1874(t5)
core   0: 3 0x8000b8b2 (0x743f2923) mem 0x8000d000 0x00000001
core   0: 0x8000b8b6 (0x0000bfe5) c.j     pc - 8
core   0: 3 0x8000b8b6 (0xbfe5)
core   0: 0x8000b8ae (0x00001f17) auipc   t5, 0x1
core   0: 3 0x8000b8ae (0x00001f17) x30 0x8000c8ae
core   0: 0x8000b8b2 (0x743f2923) sw      gp, 1874(t5)
core   0: 3 0x8000b8b2 (0x743f2923) mem 0x8000d000 0x00000001
core   0: 0x8000b8b6 (0x0000bfe5) c.j     pc - 8
core   0: 3 0x8000b8b6 (0xbfe5)
core   0: 0x8000b8ae (0x00001f17) auipc   t5, 0x1
core   0: 3 0x8000b8ae (0x00001f17) x30 0x8000c8ae
core   0: 0x8000b8b2 (0x743f2923) sw      gp, 1874(t5)
core   0: 3 0x8000b8b2 (0x743f2923) mem 0x8000d000 0x00000001
core   0: 0x8000b8b6 (0x0000bfe5) c.j     pc - 8
core   0: 3 0x8000b8b6 (0xbfe5)
core   0: 0x8000b8ae (0x00001f17) auipc   t5, 0x1
core   0: 3 0x8000b8ae (0x00001f17) x30 0x8000c8ae
core   0: 0x8000b8b2 (0x743f2923) sw      gp, 1874(t5)
core   0: 3 0x8000b8b2 (0x743f2923) mem 0x8000d000 0x00000001
core   0: 0x8000b8b6 (0x0000bfe5) c.j     pc - 8
core   0: 3 0x8000b8b6 (0xbfe5)
core   0: 0x8000b8ae (0x00001f17) auipc   t5, 0x1
core   0: 3 0x8000b8ae (0x00001f17) x30 0x8000c8ae
core   0: 0x8000b8b2 (0x743f2923) sw      gp, 1874(t5)
core   0: 3 0x8000b8b2 (0x743f2923) mem 0x8000d000 0x00000001
core   0: 0x8000b8b6 (0x0000bfe5) c.j     pc - 8
core   0: 3 0x8000b8b6 (0xbfe5)
core   0: 0x8000b8ae (0x00001f17) auipc   t5, 0x1
core   0: 3 0x8000b8ae (0x00001f17) x30 0x8000c8ae
core   0: 0x8000b8b2 (0x743f2923) sw      gp, 1874(t5)
core   0: 3 0x8000b8b2 (0x743f2923) mem 0x8000d000 0x00000001
core   0: 0x8000b8b6 (0x0000bfe5) c.j     pc - 8
core   0: 3 0x8000b8b6 (0xbfe5)
core   0: 0x8000b8ae (0x00001f17) auipc   t5, 0x1
core   0: 3 0x8000b8ae (0x00001f17) x30 0x8000c8ae
core   0: 0x8000b8b2 (0x743f2923) sw      gp, 1874(t5)
core   0: 3 0x8000b8b2 (0x743f2923) mem 0x8000d000 0x00000001
core   0: 0x8000b8b6 (0x0000bfe5) c.j     pc - 8
core   0: 3 0x8000b8b6 (0xbfe5)
core   0: 0x8000b8ae (0x00001f17) auipc   t5, 0x1
core   0: 3 0x8000b8ae (0x00001f17) x30 0x8000c8ae
core   0: 0x8000b8b2 (0x743f2923) sw      gp, 1874(t5)
core   0: 3 0x8000b8b2 (0x743f2923) mem 0x8000d000 0x00000001
core   0: 0x8000b8b6 (0x0000bfe5) c.j     pc - 8
core   0: 3 0x8000b8b6 (0xbfe5)
core   0: 0x8000b8ae (0x00001f17) auipc   t5, 0x1
core   0: 3 0x8000b8ae (0x00001f17) x30 0x8000c8ae
core   0: 0x8000b8b2 (0x743f2923) sw      gp, 1874(t5)
core   0: 3 0x8000b8b2 (0x743f2923) mem 0x8000d000 0x00000001
core   0: 0x8000b8b6 (0x0000bfe5) c.j     pc - 8
core   0: 3 0x8000b8b6 (0xbfe5)
core   0: 0x8000b8ae (0x00001f17) auipc   t5, 0x1
core   0: 3 0x8000b8ae (0x00001f17) x30 0x8000c8ae
core   0: 0x8000b8b2 (0x743f2923) sw      gp, 1874(t5)
core   0: 3 0x8000b8b2 (0x743f2923) mem 0x8000d000 0x00000001
core   0: 0x8000b8b6 (0x0000bfe5) c.j     pc - 8
core   0: 3 0x8000b8b6 (0xbfe5)
core   0: 0x8000b8ae (0x00001f17) auipc   t5, 0x1
core   0: 3 0x8000b8ae (0x00001f17) x30 0x8000c8ae
core   0: 0x8000b8b2 (0x743f2923) sw      gp, 1874(t5)
core   0: 3 0x8000b8b2 (0x743f2923) mem 0x8000d000 0x00000001
core   0: 0x8000b8b6 (0x0000bfe5) c.j     pc - 8
core   0: 3 0x8000b8b6 (0xbfe5)
core   0: 0x8000b8ae (0x00001f17) auipc   t5, 0x1
core   0: 3 0x8000b8ae (0x00001f17) x30 0x8000c8ae
core   0: 0x8000b8b2 (0x743f2923) sw      gp, 1874(t5)
core   0: 3 0x8000b8b2 (0x743f2923) mem 0x8000d000 0x00000001
core   0: 0x8000b8b6 (0x0000bfe5) c.j     pc - 8
core   0: 3 0x8000b8b6 (0xbfe5)
core   0: 0x8000b8ae (0x00001f17) auipc   t5, 0x1
core   0: 3 0x8000b8ae (0x00001f17) x30 0x8000c8ae
core   0: 0x8000b8b2 (0x743f2923) sw      gp, 1874(t5)
core   0: 3 0x8000b8b2 (0x743f2923) mem 0x8000d000 0x00000001
core   0: 0x8000b8b6 (0x0000bfe5) c.j     pc - 8
core   0: 3 0x8000b8b6 (0xbfe5)
core   0: 0x8000b8ae (0x00001f17) auipc   t5, 0x1
core   0: 3 0x8000b8ae (0x00001f17) x30 0x8000c8ae
core   0: 0x8000b8b2 (0x743f2923) sw      gp, 1874(t5)
core   0: 3 0x8000b8b2 (0x743f2923) mem 0x8000d000 0x00000001
core   0: 0x8000b8b6 (0x0000bfe5) c.j     pc - 8
core   0: 3 0x8000b8b6 (0xbfe5)
core   0: 0x8000b8ae (0x00001f17) auipc   t5, 0x1
core   0: 3 0x8000b8ae (0x00001f17) x30 0x8000c8ae
core   0: 0x8000b8b2 (0x743f2923) sw      gp, 1874(t5)
core   0: 3 0x8000b8b2 (0x743f2923) mem 0x8000d000 0x00000001
core   0: 0x8000b8b6 (0x0000bfe5) c.j     pc - 8
core   0: 3 0x8000b8b6 (0xbfe5)
core   0: 0x8000b8ae (0x00001f17) auipc   t5, 0x1
core   0: 3 0x8000b8ae (0x00001f17) x30 0x8000c8ae
core   0: 0x8000b8b2 (0x743f2923) sw      gp, 1874(t5)
core   0: 3 0x8000b8b2 (0x743f2923) mem 0x8000d000 0x00000001
core   0: 0x8000b8b6 (0x0000bfe5) c.j     pc - 8
core   0: 3 0x8000b8b6 (0xbfe5)
core   0: 0x8000b8ae (0x00001f17) auipc   t5, 0x1
core   0: 3 0x8000b8ae (0x00001f17) x30 0x8000c8ae
core   0: 0x8000b8b2 (0x743f2923) sw      gp, 1874(t5)
core   0: 3 0x8000b8b2 (0x743f2923) mem 0x8000d000 0x00000001
core   0: 0x8000b8b6 (0x0000bfe5) c.j     pc - 8
core   0: 3 0x8000b8b6 (0xbfe5)
core   0: 0x8000b8ae (0x00001f17) auipc   t5, 0x1
core   0: 3 0x8000b8ae (0x00001f17) x30 0x8000c8ae
core   0: 0x8000b8b2 (0x743f2923) sw      gp, 1874(t5)
core   0: 3 0x8000b8b2 (0x743f2923) mem 0x8000d000 0x00000001
core   0: 0x8000b8b6 (0x0000bfe5) c.j     pc - 8
core   0: 3 0x8000b8b6 (0xbfe5)
core   0: 0x8000b8ae (0x00001f17) auipc   t5, 0x1
core   0: 3 0x8000b8ae (0x00001f17) x30 0x8000c8ae
core   0: 0x8000b8b2 (0x743f2923) sw      gp, 1874(t5)
core   0: 3 0x8000b8b2 (0x743f2923) mem 0x8000d000 0x00000001
core   0: 0x8000b8b6 (0x0000bfe5) c.j     pc - 8
core   0: 3 0x8000b8b6 (0xbfe5)
core   0: 0x8000b8ae (0x00001f17) auipc   t5, 0x1
core   0: 3 0x8000b8ae (0x00001f17) x30 0x8000c8ae
core   0: 0x8000b8b2 (0x743f2923) sw      gp, 1874(t5)
core   0: 3 0x8000b8b2 (0x743f2923) mem 0x8000d000 0x00000001
core   0: 0x8000b8b6 (0x0000bfe5) c.j     pc - 8
core   0: 3 0x8000b8b6 (0xbfe5)
core   0: 0x8000b8ae (0x00001f17) auipc   t5, 0x1
core   0: 3 0x8000b8ae (0x00001f17) x30 0x8000c8ae
core   0: 0x8000b8b2 (0x743f2923) sw      gp, 1874(t5)
core   0: 3 0x8000b8b2 (0x743f2923) mem 0x8000d000 0x00000001
core   0: 0x8000b8b6 (0x0000bfe5) c.j     pc - 8
core   0: 3 0x8000b8b6 (0xbfe5)
core   0: 0x8000b8ae (0x00001f17) auipc   t5, 0x1
core   0: 3 0x8000b8ae (0x00001f17) x30 0x8000c8ae
core   0: 0x8000b8b2 (0x743f2923) sw      gp, 1874(t5)
core   0: 3 0x8000b8b2 (0x743f2923) mem 0x8000d000 0x00000001
core   0: 0x8000b8b6 (0x0000bfe5) c.j     pc - 8
core   0: 3 0x8000b8b6 (0xbfe5)
core   0: 0x8000b8ae (0x00001f17) auipc   t5, 0x1
core   0: 3 0x8000b8ae (0x00001f17) x30 0x8000c8ae
core   0: 0x8000b8b2 (0x743f2923) sw      gp, 1874(t5)
core   0: 3 0x8000b8b2 (0x743f2923) mem 0x8000d000 0x00000001
core   0: 0x8000b8b6 (0x0000bfe5) c.j     pc - 8
core   0: 3 0x8000b8b6 (0xbfe5)
core   0: 0x8000b8ae (0x00001f17) auipc   t5, 0x1
core   0: 3 0x8000b8ae (0x00001f17) x30 0x8000c8ae
core   0: 0x8000b8b2 (0x743f2923) sw      gp, 1874(t5)
core   0: 3 0x8000b8b2 (0x743f2923) mem 0x8000d000 0x00000001
core   0: 0x8000b8b6 (0x0000bfe5) c.j     pc - 8
core   0: 3 0x8000b8b6 (0xbfe5)
core   0: 0x8000b8ae (0x00001f17) auipc   t5, 0x1
core   0: 3 0x8000b8ae (0x00001f17) x30 0x8000c8ae
core   0: 0x8000b8b2 (0x743f2923) sw      gp, 1874(t5)
core   0: 3 0x8000b8b2 (0x743f2923) mem 0x8000d000 0x00000001
core   0: 0x8000b8b6 (0x0000bfe5) c.j     pc - 8
core   0: 3 0x8000b8b6 (0xbfe5)
core   0: 0x8000b8ae (0x00001f17) auipc   t5, 0x1
core   0: 3 0x8000b8ae (0x00001f17) x30 0x8000c8ae
core   0: 0x8000b8b2 (0x743f2923) sw      gp, 1874(t5)
core   0: 3 0x8000b8b2 (0x743f2923) mem 0x8000d000 0x00000001
core   0: 0x8000b8b6 (0x0000bfe5) c.j     pc - 8
core   0: 3 0x8000b8b6 (0xbfe5)
core   0: 0x8000b8ae (0x00001f17) auipc   t5, 0x1
core   0: 3 0x8000b8ae (0x00001f17) x30 0x8000c8ae
core   0: 0x8000b8b2 (0x743f2923) sw      gp, 1874(t5)
core   0: 3 0x8000b8b2 (0x743f2923) mem 0x8000d000 0x00000001
core   0: 0x8000b8b6 (0x0000bfe5) c.j     pc - 8
core   0: 3 0x8000b8b6 (0xbfe5)
core   0: 0x8000b8ae (0x00001f17) auipc   t5, 0x1
core   0: 3 0x8000b8ae (0x00001f17) x30 0x8000c8ae
core   0: 0x8000b8b2 (0x743f2923) sw      gp, 1874(t5)
core   0: 3 0x8000b8b2 (0x743f2923) mem 0x8000d000 0x00000001
core   0: 0x8000b8b6 (0x0000bfe5) c.j     pc - 8
core   0: 3 0x8000b8b6 (0xbfe5)
core   0: 0x8000b8ae (0x00001f17) auipc   t5, 0x1
core   0: 3 0x8000b8ae (0x00001f17) x30 0x8000c8ae
core   0: 0x8000b8b2 (0x743f2923) sw      gp, 1874(t5)
core   0: 3 0x8000b8b2 (0x743f2923) mem 0x8000d000 0x00000001
core   0: 0x8000b8b6 (0x0000bfe5) c.j     pc - 8
core   0: 3 0x8000b8b6 (0xbfe5)
core   0: 0x8000b8ae (0x00001f17) auipc   t5, 0x1
core   0: 3 0x8000b8ae (0x00001f17) x30 0x8000c8ae
core   0: 0x8000b8b2 (0x743f2923) sw      gp, 1874(t5)
core   0: 3 0x8000b8b2 (0x743f2923) mem 0x8000d000 0x00000001
core   0: 0x8000b8b6 (0x0000bfe5) c.j     pc - 8
core   0: 3 0x8000b8b6 (0xbfe5)
core   0: 0x8000b8ae (0x00001f17) auipc   t5, 0x1
core   0: 3 0x8000b8ae (0x00001f17) x30 0x8000c8ae
core   0: 0x8000b8b2 (0x743f2923) sw      gp, 1874(t5)
core   0: 3 0x8000b8b2 (0x743f2923) mem 0x8000d000 0x00000001
core   0: 0x8000b8b6 (0x0000bfe5) c.j     pc - 8
core   0: 3 0x8000b8b6 (0xbfe5)
core   0: 0x8000b8ae (0x00001f17) auipc   t5, 0x1
core   0: 3 0x8000b8ae (0x00001f17) x30 0x8000c8ae
core   0: 0x8000b8b2 (0x743f2923) sw      gp, 1874(t5)
core   0: 3 0x8000b8b2 (0x743f2923) mem 0x8000d000 0x00000001
core   0: 0x8000b8b6 (0x0000bfe5) c.j     pc - 8
core   0: 3 0x8000b8b6 (0xbfe5)
core   0: 0x8000b8ae (0x00001f17) auipc   t5, 0x1
core   0: 3 0x8000b8ae (0x00001f17) x30 0x8000c8ae
core   0: 0x8000b8b2 (0x743f2923) sw      gp, 1874(t5)
core   0: 3 0x8000b8b2 (0x743f2923) mem 0x8000d000 0x00000001
core   0: 0x8000b8b6 (0x0000bfe5) c.j     pc - 8
core   0: 3 0x8000b8b6 (0xbfe5)
core   0: 0x8000b8ae (0x00001f17) auipc   t5, 0x1
core   0: 3 0x8000b8ae (0x00001f17) x30 0x8000c8ae
core   0: 0x8000b8b2 (0x743f2923) sw      gp, 1874(t5)
core   0: 3 0x8000b8b2 (0x743f2923) mem 0x8000d000 0x00000001
core   0: 0x8000b8b6 (0x0000bfe5) c.j     pc - 8
core   0: 3 0x8000b8b6 (0xbfe5)
core   0: 0x8000b8ae (0x00001f17) auipc   t5, 0x1
core   0: 3 0x8000b8ae (0x00001f17) x30 0x8000c8ae
core   0: 0x8000b8b2 (0x743f2923) sw      gp, 1874(t5)
core   0: 3 0x8000b8b2 (0x743f2923) mem 0x8000d000 0x00000001
core   0: 0x8000b8b6 (0x0000bfe5) c.j     pc - 8
core   0: 3 0x8000b8b6 (0xbfe5)
core   0: 0x8000b8ae (0x00001f17) auipc   t5, 0x1
core   0: 3 0x8000b8ae (0x00001f17) x30 0x8000c8ae
core   0: 0x8000b8b2 (0x743f2923) sw      gp, 1874(t5)
core   0: 3 0x8000b8b2 (0x743f2923) mem 0x8000d000 0x00000001
core   0: 0x8000b8b6 (0x0000bfe5) c.j     pc - 8
core   0: 3 0x8000b8b6 (0xbfe5)
core   0: 0x8000b8ae (0x00001f17) auipc   t5, 0x1
core   0: 3 0x8000b8ae (0x00001f17) x30 0x8000c8ae
core   0: 0x8000b8b2 (0x743f2923) sw      gp, 1874(t5)
core   0: 3 0x8000b8b2 (0x743f2923) mem 0x8000d000 0x00000001
core   0: 0x8000b8b6 (0x0000bfe5) c.j     pc - 8
core   0: 3 0x8000b8b6 (0xbfe5)
core   0: 0x8000b8ae (0x00001f17) auipc   t5, 0x1
core   0: 3 0x8000b8ae (0x00001f17) x30 0x8000c8ae
core   0: 0x8000b8b2 (0x743f2923) sw      gp, 1874(t5)
core   0: 3 0x8000b8b2 (0x743f2923) mem 0x8000d000 0x00000001
core   0: 0x8000b8b6 (0x0000bfe5) c.j     pc - 8
core   0: 3 0x8000b8b6 (0xbfe5)
core   0: 0x8000b8ae (0x00001f17) auipc   t5, 0x1
core   0: 3 0x8000b8ae (0x00001f17) x30 0x8000c8ae
core   0: 0x8000b8b2 (0x743f2923) sw      gp, 1874(t5)
core   0: 3 0x8000b8b2 (0x743f2923) mem 0x8000d000 0x00000001
core   0: 0x8000b8b6 (0x0000bfe5) c.j     pc - 8
core   0: 3 0x8000b8b6 (0xbfe5)
core   0: 0x8000b8ae (0x00001f17) auipc   t5, 0x1
core   0: 3 0x8000b8ae (0x00001f17) x30 0x8000c8ae
core   0: 0x8000b8b2 (0x743f2923) sw      gp, 1874(t5)
core   0: 3 0x8000b8b2 (0x743f2923) mem 0x8000d000 0x00000001
core   0: 0x8000b8b6 (0x0000bfe5) c.j     pc - 8
core   0: 3 0x8000b8b6 (0xbfe5)
core   0: 0x8000b8ae (0x00001f17) auipc   t5, 0x1
core   0: 3 0x8000b8ae (0x00001f17) x30 0x8000c8ae
core   0: 0x8000b8b2 (0x743f2923) sw      gp, 1874(t5)
core   0: 3 0x8000b8b2 (0x743f2923) mem 0x8000d000 0x00000001
core   0: 0x8000b8b6 (0x0000bfe5) c.j     pc - 8
core   0: 3 0x8000b8b6 (0xbfe5)
core   0: 0x8000b8ae (0x00001f17) auipc   t5, 0x1
core   0: 3 0x8000b8ae (0x00001f17) x30 0x8000c8ae
core   0: 0x8000b8b2 (0x743f2923) sw      gp, 1874(t5)
core   0: 3 0x8000b8b2 (0x743f2923) mem 0x8000d000 0x00000001
core   0: 0x8000b8b6 (0x0000bfe5) c.j     pc - 8
core   0: 3 0x8000b8b6 (0xbfe5)
core   0: 0x8000b8ae (0x00001f17) auipc   t5, 0x1
core   0: 3 0x8000b8ae (0x00001f17) x30 0x8000c8ae
core   0: 0x8000b8b2 (0x743f2923) sw      gp, 1874(t5)
core   0: 3 0x8000b8b2 (0x743f2923) mem 0x8000d000 0x00000001
core   0: 0x8000b8b6 (0x0000bfe5) c.j     pc - 8
core   0: 3 0x8000b8b6 (0xbfe5)
core   0: 0x8000b8ae (0x00001f17) auipc   t5, 0x1
core   0: 3 0x8000b8ae (0x00001f17) x30 0x8000c8ae
core   0: 0x8000b8b2 (0x743f2923) sw      gp, 1874(t5)
core   0: 3 0x8000b8b2 (0x743f2923) mem 0x8000d000 0x00000001
core   0: 0x8000b8b6 (0x0000bfe5) c.j     pc - 8
core   0: 3 0x8000b8b6 (0xbfe5)
core   0: 0x8000b8ae (0x00001f17) auipc   t5, 0x1
core   0: 3 0x8000b8ae (0x00001f17) x30 0x8000c8ae
core   0: 0x8000b8b2 (0x743f2923) sw      gp, 1874(t5)
core   0: 3 0x8000b8b2 (0x743f2923) mem 0x8000d000 0x00000001
core   0: 0x8000b8b6 (0x0000bfe5) c.j     pc - 8
core   0: 3 0x8000b8b6 (0xbfe5)
core   0: 0x8000b8ae (0x00001f17) auipc   t5, 0x1
core   0: 3 0x8000b8ae (0x00001f17) x30 0x8000c8ae
core   0: 0x8000b8b2 (0x743f2923) sw      gp, 1874(t5)
core   0: 3 0x8000b8b2 (0x743f2923) mem 0x8000d000 0x00000001
core   0: 0x8000b8b6 (0x0000bfe5) c.j     pc - 8
core   0: 3 0x8000b8b6 (0xbfe5)
core   0: 0x8000b8ae (0x00001f17) auipc   t5, 0x1
core   0: 3 0x8000b8ae (0x00001f17) x30 0x8000c8ae
core   0: 0x8000b8b2 (0x743f2923) sw      gp, 1874(t5)
core   0: 3 0x8000b8b2 (0x743f2923) mem 0x8000d000 0x00000001
core   0: 0x8000b8b6 (0x0000bfe5) c.j     pc - 8
core   0: 3 0x8000b8b6 (0xbfe5)
core   0: 0x8000b8ae (0x00001f17) auipc   t5, 0x1
core   0: 3 0x8000b8ae (0x00001f17) x30 0x8000c8ae
core   0: 0x8000b8b2 (0x743f2923) sw      gp, 1874(t5)
core   0: 3 0x8000b8b2 (0x743f2923) mem 0x8000d000 0x00000001
core   0: 0x8000b8b6 (0x0000bfe5) c.j     pc - 8
core   0: 3 0x8000b8b6 (0xbfe5)
core   0: 0x8000b8ae (0x00001f17) auipc   t5, 0x1
core   0: 3 0x8000b8ae (0x00001f17) x30 0x8000c8ae
core   0: 0x8000b8b2 (0x743f2923) sw      gp, 1874(t5)
core   0: 3 0x8000b8b2 (0x743f2923) mem 0x8000d000 0x00000001
core   0: 0x8000b8b6 (0x0000bfe5) c.j     pc - 8
core   0: 3 0x8000b8b6 (0xbfe5)
core   0: 0x8000b8ae (0x00001f17) auipc   t5, 0x1
core   0: 3 0x8000b8ae (0x00001f17) x30 0x8000c8ae
core   0: 0x8000b8b2 (0x743f2923) sw      gp, 1874(t5)
core   0: 3 0x8000b8b2 (0x743f2923) mem 0x8000d000 0x00000001
core   0: 0x8000b8b6 (0x0000bfe5) c.j     pc - 8
core   0: 3 0x8000b8b6 (0xbfe5)
core   0: 0x8000b8ae (0x00001f17) auipc   t5, 0x1
core   0: 3 0x8000b8ae (0x00001f17) x30 0x8000c8ae
core   0: 0x8000b8b2 (0x743f2923) sw      gp, 1874(t5)
core   0: 3 0x8000b8b2 (0x743f2923) mem 0x8000d000 0x00000001
core   0: 0x8000b8b6 (0x0000bfe5) c.j     pc - 8
core   0: 3 0x8000b8b6 (0xbfe5)
core   0: 0x8000b8ae (0x00001f17) auipc   t5, 0x1
core   0: 3 0x8000b8ae (0x00001f17) x30 0x8000c8ae
core   0: 0x8000b8b2 (0x743f2923) sw      gp, 1874(t5)
core   0: 3 0x8000b8b2 (0x743f2923) mem 0x8000d000 0x00000001
core   0: 0x8000b8b6 (0x0000bfe5) c.j     pc - 8
core   0: 3 0x8000b8b6 (0xbfe5)
core   0: 0x8000b8ae (0x00001f17) auipc   t5, 0x1
core   0: 3 0x8000b8ae (0x00001f17) x30 0x8000c8ae
core   0: 0x8000b8b2 (0x743f2923) sw      gp, 1874(t5)
core   0: 3 0x8000b8b2 (0x743f2923) mem 0x8000d000 0x00000001
core   0: 0x8000b8b6 (0x0000bfe5) c.j     pc - 8
core   0: 3 0x8000b8b6 (0xbfe5)
core   0: 0x8000b8ae (0x00001f17) auipc   t5, 0x1
core   0: 3 0x8000b8ae (0x00001f17) x30 0x8000c8ae
core   0: 0x8000b8b2 (0x743f2923) sw      gp, 1874(t5)
core   0: 3 0x8000b8b2 (0x743f2923) mem 0x8000d000 0x00000001
core   0: 0x8000b8b6 (0x0000bfe5) c.j     pc - 8
core   0: 3 0x8000b8b6 (0xbfe5)
core   0: 0x8000b8ae (0x00001f17) auipc   t5, 0x1
core   0: 3 0x8000b8ae (0x00001f17) x30 0x8000c8ae
core   0: 0x8000b8b2 (0x743f2923) sw      gp, 1874(t5)
core   0: 3 0x8000b8b2 (0x743f2923) mem 0x8000d000 0x00000001
core   0: 0x8000b8b6 (0x0000bfe5) c.j     pc - 8
core   0: 3 0x8000b8b6 (0xbfe5)
core   0: 0x8000b8ae (0x00001f17) auipc   t5, 0x1
core   0: 3 0x8000b8ae (0x00001f17) x30 0x8000c8ae
core   0: 0x8000b8b2 (0x743f2923) sw      gp, 1874(t5)
core   0: 3 0x8000b8b2 (0x743f2923) mem 0x8000d000 0x00000001
core   0: 0x8000b8b6 (0x0000bfe5) c.j     pc - 8
core   0: 3 0x8000b8b6 (0xbfe5)
core   0: 0x8000b8ae (0x00001f17) auipc   t5, 0x1
core   0: 3 0x8000b8ae (0x00001f17) x30 0x8000c8ae
core   0: 0x8000b8b2 (0x743f2923) sw      gp, 1874(t5)
core   0: 3 0x8000b8b2 (0x743f2923) mem 0x8000d000 0x00000001
core   0: 0x8000b8b6 (0x0000bfe5) c.j     pc - 8
core   0: 3 0x8000b8b6 (0xbfe5)
core   0: 0x8000b8ae (0x00001f17) auipc   t5, 0x1
core   0: 3 0x8000b8ae (0x00001f17) x30 0x8000c8ae
core   0: 0x8000b8b2 (0x743f2923) sw      gp, 1874(t5)
core   0: 3 0x8000b8b2 (0x743f2923) mem 0x8000d000 0x00000001
core   0: 0x8000b8b6 (0x0000bfe5) c.j     pc - 8
core   0: 3 0x8000b8b6 (0xbfe5)
core   0: 0x8000b8ae (0x00001f17) auipc   t5, 0x1
core   0: 3 0x8000b8ae (0x00001f17) x30 0x8000c8ae
core   0: 0x8000b8b2 (0x743f2923) sw      gp, 1874(t5)
core   0: 3 0x8000b8b2 (0x743f2923) mem 0x8000d000 0x00000001
core   0: 0x8000b8b6 (0x0000bfe5) c.j     pc - 8
core   0: 3 0x8000b8b6 (0xbfe5)
core   0: 0x8000b8ae (0x00001f17) auipc   t5, 0x1
core   0: 3 0x8000b8ae (0x00001f17) x30 0x8000c8ae
core   0: 0x8000b8b2 (0x743f2923) sw      gp, 1874(t5)
core   0: 3 0x8000b8b2 (0x743f2923) mem 0x8000d000 0x00000001
core   0: 0x8000b8b6 (0x0000bfe5) c.j     pc - 8
core   0: 3 0x8000b8b6 (0xbfe5)
core   0: 0x8000b8ae (0x00001f17) auipc   t5, 0x1
core   0: 3 0x8000b8ae (0x00001f17) x30 0x8000c8ae
core   0: 0x8000b8b2 (0x743f2923) sw      gp, 1874(t5)
core   0: 3 0x8000b8b2 (0x743f2923) mem 0x8000d000 0x00000001
core   0: 0x8000b8b6 (0x0000bfe5) c.j     pc - 8
core   0: 3 0x8000b8b6 (0xbfe5)
core   0: 0x8000b8ae (0x00001f17) auipc   t5, 0x1
core   0: 3 0x8000b8ae (0x00001f17) x30 0x8000c8ae
core   0: 0x8000b8b2 (0x743f2923) sw      gp, 1874(t5)
core   0: 3 0x8000b8b2 (0x743f2923) mem 0x8000d000 0x00000001
core   0: 0x8000b8b6 (0x0000bfe5) c.j     pc - 8
core   0: 3 0x8000b8b6 (0xbfe5)
core   0: 0x8000b8ae (0x00001f17) auipc   t5, 0x1
core   0: 3 0x8000b8ae (0x00001f17) x30 0x8000c8ae
core   0: 0x8000b8b2 (0x743f2923) sw      gp, 1874(t5)
core   0: 3 0x8000b8b2 (0x743f2923) mem 0x8000d000 0x00000001
core   0: 0x8000b8b6 (0x0000bfe5) c.j     pc - 8
core   0: 3 0x8000b8b6 (0xbfe5)
core   0: 0x8000b8ae (0x00001f17) auipc   t5, 0x1
core   0: 3 0x8000b8ae (0x00001f17) x30 0x8000c8ae
core   0: 0x8000b8b2 (0x743f2923) sw      gp, 1874(t5)
core   0: 3 0x8000b8b2 (0x743f2923) mem 0x8000d000 0x00000001
core   0: 0x8000b8b6 (0x0000bfe5) c.j     pc - 8
core   0: 3 0x8000b8b6 (0xbfe5)
core   0: 0x8000b8ae (0x00001f17) auipc   t5, 0x1
core   0: 3 0x8000b8ae (0x00001f17) x30 0x8000c8ae
core   0: 0x8000b8b2 (0x743f2923) sw      gp, 1874(t5)
core   0: 3 0x8000b8b2 (0x743f2923) mem 0x8000d000 0x00000001
core   0: 0x8000b8b6 (0x0000bfe5) c.j     pc - 8
core   0: 3 0x8000b8b6 (0xbfe5)
core   0: 0x8000b8ae (0x00001f17) auipc   t5, 0x1
core   0: 3 0x8000b8ae (0x00001f17) x30 0x8000c8ae
core   0: 0x8000b8b2 (0x743f2923) sw      gp, 1874(t5)
core   0: 3 0x8000b8b2 (0x743f2923) mem 0x8000d000 0x00000001
core   0: 0x8000b8b6 (0x0000bfe5) c.j     pc - 8
core   0: 3 0x8000b8b6 (0xbfe5)
core   0: 0x8000b8ae (0x00001f17) auipc   t5, 0x1
core   0: 3 0x8000b8ae (0x00001f17) x30 0x8000c8ae
core   0: 0x8000b8b2 (0x743f2923) sw      gp, 1874(t5)
core   0: 3 0x8000b8b2 (0x743f2923) mem 0x8000d000 0x00000001
core   0: 0x8000b8b6 (0x0000bfe5) c.j     pc - 8
core   0: 3 0x8000b8b6 (0xbfe5)
core   0: 0x8000b8ae (0x00001f17) auipc   t5, 0x1
core   0: 3 0x8000b8ae (0x00001f17) x30 0x8000c8ae
core   0: 0x8000b8b2 (0x743f2923) sw      gp, 1874(t5)
core   0: 3 0x8000b8b2 (0x743f2923) mem 0x8000d000 0x00000001
core   0: 0x8000b8b6 (0x0000bfe5) c.j     pc - 8
core   0: 3 0x8000b8b6 (0xbfe5)
core   0: 0x8000b8ae (0x00001f17) auipc   t5, 0x1
core   0: 3 0x8000b8ae (0x00001f17) x30 0x8000c8ae
core   0: 0x8000b8b2 (0x743f2923) sw      gp, 1874(t5)
core   0: 3 0x8000b8b2 (0x743f2923) mem 0x8000d000 0x00000001
core   0: 0x8000b8b6 (0x0000bfe5) c.j     pc - 8
core   0: 3 0x8000b8b6 (0xbfe5)
core   0: 0x8000b8ae (0x00001f17) auipc   t5, 0x1
core   0: 3 0x8000b8ae (0x00001f17) x30 0x8000c8ae
core   0: 0x8000b8b2 (0x743f2923) sw      gp, 1874(t5)
core   0: 3 0x8000b8b2 (0x743f2923) mem 0x8000d000 0x00000001
core   0: 0x8000b8b6 (0x0000bfe5) c.j     pc - 8
core   0: 3 0x8000b8b6 (0xbfe5)
core   0: 0x8000b8ae (0x00001f17) auipc   t5, 0x1
core   0: 3 0x8000b8ae (0x00001f17) x30 0x8000c8ae
core   0: 0x8000b8b2 (0x743f2923) sw      gp, 1874(t5)
core   0: 3 0x8000b8b2 (0x743f2923) mem 0x8000d000 0x00000001
core   0: 0x8000b8b6 (0x0000bfe5) c.j     pc - 8
core   0: 3 0x8000b8b6 (0xbfe5)
core   0: 0x8000b8ae (0x00001f17) auipc   t5, 0x1
core   0: 3 0x8000b8ae (0x00001f17) x30 0x8000c8ae
core   0: 0x8000b8b2 (0x743f2923) sw      gp, 1874(t5)
core   0: 3 0x8000b8b2 (0x743f2923) mem 0x8000d000 0x00000001
core   0: 0x8000b8b6 (0x0000bfe5) c.j     pc - 8
core   0: 3 0x8000b8b6 (0xbfe5)
core   0: 0x8000b8ae (0x00001f17) auipc   t5, 0x1
core   0: 3 0x8000b8ae (0x00001f17) x30 0x8000c8ae
core   0: 0x8000b8b2 (0x743f2923) sw      gp, 1874(t5)
core   0: 3 0x8000b8b2 (0x743f2923) mem 0x8000d000 0x00000001
core   0: 0x8000b8b6 (0x0000bfe5) c.j     pc - 8
core   0: 3 0x8000b8b6 (0xbfe5)
core   0: 0x8000b8ae (0x00001f17) auipc   t5, 0x1
core   0: 3 0x8000b8ae (0x00001f17) x30 0x8000c8ae
core   0: 0x8000b8b2 (0x743f2923) sw      gp, 1874(t5)
core   0: 3 0x8000b8b2 (0x743f2923) mem 0x8000d000 0x00000001
core   0: 0x8000b8b6 (0x0000bfe5) c.j     pc - 8
core   0: 3 0x8000b8b6 (0xbfe5)
core   0: 0x8000b8ae (0x00001f17) auipc   t5, 0x1
core   0: 3 0x8000b8ae (0x00001f17) x30 0x8000c8ae
core   0: 0x8000b8b2 (0x743f2923) sw      gp, 1874(t5)
core   0: 3 0x8000b8b2 (0x743f2923) mem 0x8000d000 0x00000001
core   0: 0x8000b8b6 (0x0000bfe5) c.j     pc - 8
core   0: 3 0x8000b8b6 (0xbfe5)
core   0: 0x8000b8ae (0x00001f17) auipc   t5, 0x1
core   0: 3 0x8000b8ae (0x00001f17) x30 0x8000c8ae
core   0: 0x8000b8b2 (0x743f2923) sw      gp, 1874(t5)
core   0: 3 0x8000b8b2 (0x743f2923) mem 0x8000d000 0x00000001
core   0: 0x8000b8b6 (0x0000bfe5) c.j     pc - 8
core   0: 3 0x8000b8b6 (0xbfe5)
core   0: 0x8000b8ae (0x00001f17) auipc   t5, 0x1
core   0: 3 0x8000b8ae (0x00001f17) x30 0x8000c8ae
core   0: 0x8000b8b2 (0x743f2923) sw      gp, 1874(t5)
core   0: 3 0x8000b8b2 (0x743f2923) mem 0x8000d000 0x00000001
core   0: 0x8000b8b6 (0x0000bfe5) c.j     pc - 8
core   0: 3 0x8000b8b6 (0xbfe5)
core   0: 0x8000b8ae (0x00001f17) auipc   t5, 0x1
core   0: 3 0x8000b8ae (0x00001f17) x30 0x8000c8ae
core   0: 0x8000b8b2 (0x743f2923) sw      gp, 1874(t5)
core   0: 3 0x8000b8b2 (0x743f2923) mem 0x8000d000 0x00000001
core   0: 0x8000b8b6 (0x0000bfe5) c.j     pc - 8
core   0: 3 0x8000b8b6 (0xbfe5)
core   0: 0x8000b8ae (0x00001f17) auipc   t5, 0x1
core   0: 3 0x8000b8ae (0x00001f17) x30 0x8000c8ae
core   0: 0x8000b8b2 (0x743f2923) sw      gp, 1874(t5)
core   0: 3 0x8000b8b2 (0x743f2923) mem 0x8000d000 0x00000001
core   0: 0x8000b8b6 (0x0000bfe5) c.j     pc - 8
core   0: 3 0x8000b8b6 (0xbfe5)
core   0: 0x8000b8ae (0x00001f17) auipc   t5, 0x1
core   0: 3 0x8000b8ae (0x00001f17) x30 0x8000c8ae
core   0: 0x8000b8b2 (0x743f2923) sw      gp, 1874(t5)
core   0: 3 0x8000b8b2 (0x743f2923) mem 0x8000d000 0x00000001
core   0: 0x8000b8b6 (0x0000bfe5) c.j     pc - 8
core   0: 3 0x8000b8b6 (0xbfe5)
core   0: 0x8000b8ae (0x00001f17) auipc   t5, 0x1
core   0: 3 0x8000b8ae (0x00001f17) x30 0x8000c8ae
core   0: 0x8000b8b2 (0x743f2923) sw      gp, 1874(t5)
core   0: 3 0x8000b8b2 (0x743f2923) mem 0x8000d000 0x00000001
core   0: 0x8000b8b6 (0x0000bfe5) c.j     pc - 8
core   0: 3 0x8000b8b6 (0xbfe5)
core   0: 0x8000b8ae (0x00001f17) auipc   t5, 0x1
core   0: 3 0x8000b8ae (0x00001f17) x30 0x8000c8ae
core   0: 0x8000b8b2 (0x743f2923) sw      gp, 1874(t5)
core   0: 3 0x8000b8b2 (0x743f2923) mem 0x8000d000 0x00000001
core   0: 0x8000b8b6 (0x0000bfe5) c.j     pc - 8
core   0: 3 0x8000b8b6 (0xbfe5)
core   0: 0x8000b8ae (0x00001f17) auipc   t5, 0x1
core   0: 3 0x8000b8ae (0x00001f17) x30 0x8000c8ae
core   0: 0x8000b8b2 (0x743f2923) sw      gp, 1874(t5)
core   0: 3 0x8000b8b2 (0x743f2923) mem 0x8000d000 0x00000001
core   0: 0x8000b8b6 (0x0000bfe5) c.j     pc - 8
core   0: 3 0x8000b8b6 (0xbfe5)
core   0: 0x8000b8ae (0x00001f17) auipc   t5, 0x1
core   0: 3 0x8000b8ae (0x00001f17) x30 0x8000c8ae
core   0: 0x8000b8b2 (0x743f2923) sw      gp, 1874(t5)
core   0: 3 0x8000b8b2 (0x743f2923) mem 0x8000d000 0x00000001
core   0: 0x8000b8b6 (0x0000bfe5) c.j     pc - 8
core   0: 3 0x8000b8b6 (0xbfe5)
core   0: 0x8000b8ae (0x00001f17) auipc   t5, 0x1
core   0: 3 0x8000b8ae (0x00001f17) x30 0x8000c8ae
core   0: 0x8000b8b2 (0x743f2923) sw      gp, 1874(t5)
core   0: 3 0x8000b8b2 (0x743f2923) mem 0x8000d000 0x00000001
core   0: 0x8000b8b6 (0x0000bfe5) c.j     pc - 8
core   0: 3 0x8000b8b6 (0xbfe5)
core   0: 0x8000b8ae (0x00001f17) auipc   t5, 0x1
core   0: 3 0x8000b8ae (0x00001f17) x30 0x8000c8ae
core   0: 0x8000b8b2 (0x743f2923) sw      gp, 1874(t5)
core   0: 3 0x8000b8b2 (0x743f2923) mem 0x8000d000 0x00000001
core   0: 0x8000b8b6 (0x0000bfe5) c.j     pc - 8
core   0: 3 0x8000b8b6 (0xbfe5)
core   0: 0x8000b8ae (0x00001f17) auipc   t5, 0x1
core   0: 3 0x8000b8ae (0x00001f17) x30 0x8000c8ae
core   0: 0x8000b8b2 (0x743f2923) sw      gp, 1874(t5)
core   0: 3 0x8000b8b2 (0x743f2923) mem 0x8000d000 0x00000001
core   0: 0x8000b8b6 (0x0000bfe5) c.j     pc - 8
core   0: 3 0x8000b8b6 (0xbfe5)
core   0: 0x8000b8ae (0x00001f17) auipc   t5, 0x1
core   0: 3 0x8000b8ae (0x00001f17) x30 0x8000c8ae
core   0: 0x8000b8b2 (0x743f2923) sw      gp, 1874(t5)
core   0: 3 0x8000b8b2 (0x743f2923) mem 0x8000d000 0x00000001
core   0: 0x8000b8b6 (0x0000bfe5) c.j     pc - 8
core   0: 3 0x8000b8b6 (0xbfe5)
core   0: 0x8000b8ae (0x00001f17) auipc   t5, 0x1
core   0: 3 0x8000b8ae (0x00001f17) x30 0x8000c8ae
core   0: 0x8000b8b2 (0x743f2923) sw      gp, 1874(t5)
core   0: 3 0x8000b8b2 (0x743f2923) mem 0x8000d000 0x00000001
core   0: 0x8000b8b6 (0x0000bfe5) c.j     pc - 8
core   0: 3 0x8000b8b6 (0xbfe5)
core   0: 0x8000b8ae (0x00001f17) auipc   t5, 0x1
core   0: 3 0x8000b8ae (0x00001f17) x30 0x8000c8ae
core   0: 0x8000b8b2 (0x743f2923) sw      gp, 1874(t5)
core   0: 3 0x8000b8b2 (0x743f2923) mem 0x8000d000 0x00000001
core   0: 0x8000b8b6 (0x0000bfe5) c.j     pc - 8
core   0: 3 0x8000b8b6 (0xbfe5)
core   0: 0x8000b8ae (0x00001f17) auipc   t5, 0x1
core   0: 3 0x8000b8ae (0x00001f17) x30 0x8000c8ae
core   0: 0x8000b8b2 (0x743f2923) sw      gp, 1874(t5)
core   0: 3 0x8000b8b2 (0x743f2923) mem 0x8000d000 0x00000001
core   0: 0x8000b8b6 (0x0000bfe5) c.j     pc - 8
core   0: 3 0x8000b8b6 (0xbfe5)
core   0: 0x8000b8ae (0x00001f17) auipc   t5, 0x1
core   0: 3 0x8000b8ae (0x00001f17) x30 0x8000c8ae
core   0: 0x8000b8b2 (0x743f2923) sw      gp, 1874(t5)
core   0: 3 0x8000b8b2 (0x743f2923) mem 0x8000d000 0x00000001
core   0: 0x8000b8b6 (0x0000bfe5) c.j     pc - 8
core   0: 3 0x8000b8b6 (0xbfe5)
core   0: 0x8000b8ae (0x00001f17) auipc   t5, 0x1
core   0: 3 0x8000b8ae (0x00001f17) x30 0x8000c8ae
core   0: 0x8000b8b2 (0x743f2923) sw      gp, 1874(t5)
core   0: 3 0x8000b8b2 (0x743f2923) mem 0x8000d000 0x00000001
core   0: 0x8000b8b6 (0x0000bfe5) c.j     pc - 8
core   0: 3 0x8000b8b6 (0xbfe5)
core   0: 0x8000b8ae (0x00001f17) auipc   t5, 0x1
core   0: 3 0x8000b8ae (0x00001f17) x30 0x8000c8ae
core   0: 0x8000b8b2 (0x743f2923) sw      gp, 1874(t5)
core   0: 3 0x8000b8b2 (0x743f2923) mem 0x8000d000 0x00000001
core   0: 0x8000b8b6 (0x0000bfe5) c.j     pc - 8
core   0: 3 0x8000b8b6 (0xbfe5)
core   0: 0x8000b8ae (0x00001f17) auipc   t5, 0x1
core   0: 3 0x8000b8ae (0x00001f17) x30 0x8000c8ae
core   0: 0x8000b8b2 (0x743f2923) sw      gp, 1874(t5)
core   0: 3 0x8000b8b2 (0x743f2923) mem 0x8000d000 0x00000001
core   0: 0x8000b8b6 (0x0000bfe5) c.j     pc - 8
core   0: 3 0x8000b8b6 (0xbfe5)
core   0: 0x8000b8ae (0x00001f17) auipc   t5, 0x1
core   0: 3 0x8000b8ae (0x00001f17) x30 0x8000c8ae
core   0: 0x8000b8b2 (0x743f2923) sw      gp, 1874(t5)
core   0: 3 0x8000b8b2 (0x743f2923) mem 0x8000d000 0x00000001
core   0: 0x8000b8b6 (0x0000bfe5) c.j     pc - 8
core   0: 3 0x8000b8b6 (0xbfe5)
core   0: 0x8000b8ae (0x00001f17) auipc   t5, 0x1
core   0: 3 0x8000b8ae (0x00001f17) x30 0x8000c8ae
core   0: 0x8000b8b2 (0x743f2923) sw      gp, 1874(t5)
core   0: 3 0x8000b8b2 (0x743f2923) mem 0x8000d000 0x00000001
core   0: 0x8000b8b6 (0x0000bfe5) c.j     pc - 8
core   0: 3 0x8000b8b6 (0xbfe5)
core   0: 0x8000b8ae (0x00001f17) auipc   t5, 0x1
core   0: 3 0x8000b8ae (0x00001f17) x30 0x8000c8ae
core   0: 0x8000b8b2 (0x743f2923) sw      gp, 1874(t5)
core   0: 3 0x8000b8b2 (0x743f2923) mem 0x8000d000 0x00000001
core   0: 0x8000b8b6 (0x0000bfe5) c.j     pc - 8
core   0: 3 0x8000b8b6 (0xbfe5)
core   0: 0x8000b8ae (0x00001f17) auipc   t5, 0x1
core   0: 3 0x8000b8ae (0x00001f17) x30 0x8000c8ae
core   0: 0x8000b8b2 (0x743f2923) sw      gp, 1874(t5)
core   0: 3 0x8000b8b2 (0x743f2923) mem 0x8000d000 0x00000001
core   0: 0x8000b8b6 (0x0000bfe5) c.j     pc - 8
core   0: 3 0x8000b8b6 (0xbfe5)
core   0: 0x8000b8ae (0x00001f17) auipc   t5, 0x1
core   0: 3 0x8000b8ae (0x00001f17) x30 0x8000c8ae
core   0: 0x8000b8b2 (0x743f2923) sw      gp, 1874(t5)
core   0: 3 0x8000b8b2 (0x743f2923) mem 0x8000d000 0x00000001
core   0: 0x8000b8b6 (0x0000bfe5) c.j     pc - 8
core   0: 3 0x8000b8b6 (0xbfe5)
core   0: 0x8000b8ae (0x00001f17) auipc   t5, 0x1
core   0: 3 0x8000b8ae (0x00001f17) x30 0x8000c8ae
core   0: 0x8000b8b2 (0x743f2923) sw      gp, 1874(t5)
core   0: 3 0x8000b8b2 (0x743f2923) mem 0x8000d000 0x00000001
core   0: 0x8000b8b6 (0x0000bfe5) c.j     pc - 8
core   0: 3 0x8000b8b6 (0xbfe5)
core   0: 0x8000b8ae (0x00001f17) auipc   t5, 0x1
core   0: 3 0x8000b8ae (0x00001f17) x30 0x8000c8ae
core   0: 0x8000b8b2 (0x743f2923) sw      gp, 1874(t5)
core   0: 3 0x8000b8b2 (0x743f2923) mem 0x8000d000 0x00000001
core   0: 0x8000b8b6 (0x0000bfe5) c.j     pc - 8
core   0: 3 0x8000b8b6 (0xbfe5)
core   0: 0x8000b8ae (0x00001f17) auipc   t5, 0x1
core   0: 3 0x8000b8ae (0x00001f17) x30 0x8000c8ae
core   0: 0x8000b8b2 (0x743f2923) sw      gp, 1874(t5)
core   0: 3 0x8000b8b2 (0x743f2923) mem 0x8000d000 0x00000001
core   0: 0x8000b8b6 (0x0000bfe5) c.j     pc - 8
core   0: 3 0x8000b8b6 (0xbfe5)
core   0: 0x8000b8ae (0x00001f17) auipc   t5, 0x1
core   0: 3 0x8000b8ae (0x00001f17) x30 0x8000c8ae
core   0: 0x8000b8b2 (0x743f2923) sw      gp, 1874(t5)
core   0: 3 0x8000b8b2 (0x743f2923) mem 0x8000d000 0x00000001
core   0: 0x8000b8b6 (0x0000bfe5) c.j     pc - 8
core   0: 3 0x8000b8b6 (0xbfe5)
core   0: 0x8000b8ae (0x00001f17) auipc   t5, 0x1
core   0: 3 0x8000b8ae (0x00001f17) x30 0x8000c8ae
core   0: 0x8000b8b2 (0x743f2923) sw      gp, 1874(t5)
core   0: 3 0x8000b8b2 (0x743f2923) mem 0x8000d000 0x00000001
core   0: 0x8000b8b6 (0x0000bfe5) c.j     pc - 8
core   0: 3 0x8000b8b6 (0xbfe5)
core   0: 0x8000b8ae (0x00001f17) auipc   t5, 0x1
core   0: 3 0x8000b8ae (0x00001f17) x30 0x8000c8ae
core   0: 0x8000b8b2 (0x743f2923) sw      gp, 1874(t5)
core   0: 3 0x8000b8b2 (0x743f2923) mem 0x8000d000 0x00000001
core   0: 0x8000b8b6 (0x0000bfe5) c.j     pc - 8
core   0: 3 0x8000b8b6 (0xbfe5)
core   0: 0x8000b8ae (0x00001f17) auipc   t5, 0x1
core   0: 3 0x8000b8ae (0x00001f17) x30 0x8000c8ae
core   0: 0x8000b8b2 (0x743f2923) sw      gp, 1874(t5)
core   0: 3 0x8000b8b2 (0x743f2923) mem 0x8000d000 0x00000001
core   0: 0x8000b8b6 (0x0000bfe5) c.j     pc - 8
core   0: 3 0x8000b8b6 (0xbfe5)
core   0: 0x8000b8ae (0x00001f17) auipc   t5, 0x1
core   0: 3 0x8000b8ae (0x00001f17) x30 0x8000c8ae
core   0: 0x8000b8b2 (0x743f2923) sw      gp, 1874(t5)
core   0: 3 0x8000b8b2 (0x743f2923) mem 0x8000d000 0x00000001
core   0: 0x8000b8b6 (0x0000bfe5) c.j     pc - 8
core   0: 3 0x8000b8b6 (0xbfe5)
core   0: 0x8000b8ae (0x00001f17) auipc   t5, 0x1
core   0: 3 0x8000b8ae (0x00001f17) x30 0x8000c8ae
core   0: 0x8000b8b2 (0x743f2923) sw      gp, 1874(t5)
core   0: 3 0x8000b8b2 (0x743f2923) mem 0x8000d000 0x00000001
core   0: 0x8000b8b6 (0x0000bfe5) c.j     pc - 8
core   0: 3 0x8000b8b6 (0xbfe5)
core   0: 0x8000b8ae (0x00001f17) auipc   t5, 0x1
core   0: 3 0x8000b8ae (0x00001f17) x30 0x8000c8ae
core   0: 0x8000b8b2 (0x743f2923) sw      gp, 1874(t5)
core   0: 3 0x8000b8b2 (0x743f2923) mem 0x8000d000 0x00000001
core   0: 0x8000b8b6 (0x0000bfe5) c.j     pc - 8
core   0: 3 0x8000b8b6 (0xbfe5)
core   0: 0x8000b8ae (0x00001f17) auipc   t5, 0x1
core   0: 3 0x8000b8ae (0x00001f17) x30 0x8000c8ae
core   0: 0x8000b8b2 (0x743f2923) sw      gp, 1874(t5)
core   0: 3 0x8000b8b2 (0x743f2923) mem 0x8000d000 0x00000001
core   0: 0x8000b8b6 (0x0000bfe5) c.j     pc - 8
core   0: 3 0x8000b8b6 (0xbfe5)
core   0: 0x8000b8ae (0x00001f17) auipc   t5, 0x1
core   0: 3 0x8000b8ae (0x00001f17) x30 0x8000c8ae
core   0: 0x8000b8b2 (0x743f2923) sw      gp, 1874(t5)
core   0: 3 0x8000b8b2 (0x743f2923) mem 0x8000d000 0x00000001
core   0: 0x8000b8b6 (0x0000bfe5) c.j     pc - 8
core   0: 3 0x8000b8b6 (0xbfe5)
core   0: 0x8000b8ae (0x00001f17) auipc   t5, 0x1
core   0: 3 0x8000b8ae (0x00001f17) x30 0x8000c8ae
core   0: 0x8000b8b2 (0x743f2923) sw      gp, 1874(t5)
core   0: 3 0x8000b8b2 (0x743f2923) mem 0x8000d000 0x00000001
core   0: 0x8000b8b6 (0x0000bfe5) c.j     pc - 8
core   0: 3 0x8000b8b6 (0xbfe5)
core   0: 0x8000b8ae (0x00001f17) auipc   t5, 0x1
core   0: 3 0x8000b8ae (0x00001f17) x30 0x8000c8ae
core   0: 0x8000b8b2 (0x743f2923) sw      gp, 1874(t5)
core   0: 3 0x8000b8b2 (0x743f2923) mem 0x8000d000 0x00000001
core   0: 0x8000b8b6 (0x0000bfe5) c.j     pc - 8
core   0: 3 0x8000b8b6 (0xbfe5)
core   0: 0x8000b8ae (0x00001f17) auipc   t5, 0x1
core   0: 3 0x8000b8ae (0x00001f17) x30 0x8000c8ae
core   0: 0x8000b8b2 (0x743f2923) sw      gp, 1874(t5)
core   0: 3 0x8000b8b2 (0x743f2923) mem 0x8000d000 0x00000001
core   0: 0x8000b8b6 (0x0000bfe5) c.j     pc - 8
core   0: 3 0x8000b8b6 (0xbfe5)
core   0: 0x8000b8ae (0x00001f17) auipc   t5, 0x1
core   0: 3 0x8000b8ae (0x00001f17) x30 0x8000c8ae
core   0: 0x8000b8b2 (0x743f2923) sw      gp, 1874(t5)
core   0: 3 0x8000b8b2 (0x743f2923) mem 0x8000d000 0x00000001
core   0: 0x8000b8b6 (0x0000bfe5) c.j     pc - 8
core   0: 3 0x8000b8b6 (0xbfe5)
core   0: 0x8000b8ae (0x00001f17) auipc   t5, 0x1
core   0: 3 0x8000b8ae (0x00001f17) x30 0x8000c8ae
core   0: 0x8000b8b2 (0x743f2923) sw      gp, 1874(t5)
core   0: 3 0x8000b8b2 (0x743f2923) mem 0x8000d000 0x00000001
core   0: 0x8000b8b6 (0x0000bfe5) c.j     pc - 8
core   0: 3 0x8000b8b6 (0xbfe5)
core   0: 0x8000b8ae (0x00001f17) auipc   t5, 0x1
core   0: 3 0x8000b8ae (0x00001f17) x30 0x8000c8ae
core   0: 0x8000b8b2 (0x743f2923) sw      gp, 1874(t5)
core   0: 3 0x8000b8b2 (0x743f2923) mem 0x8000d000 0x00000001
core   0: 0x8000b8b6 (0x0000bfe5) c.j     pc - 8
core   0: 3 0x8000b8b6 (0xbfe5)
core   0: 0x8000b8ae (0x00001f17) auipc   t5, 0x1
core   0: 3 0x8000b8ae (0x00001f17) x30 0x8000c8ae
core   0: 0x8000b8b2 (0x743f2923) sw      gp, 1874(t5)
core   0: 3 0x8000b8b2 (0x743f2923) mem 0x8000d000 0x00000001
core   0: 0x8000b8b6 (0x0000bfe5) c.j     pc - 8
core   0: 3 0x8000b8b6 (0xbfe5)
core   0: 0x8000b8ae (0x00001f17) auipc   t5, 0x1
core   0: 3 0x8000b8ae (0x00001f17) x30 0x8000c8ae
core   0: 0x8000b8b2 (0x743f2923) sw      gp, 1874(t5)
core   0: 3 0x8000b8b2 (0x743f2923) mem 0x8000d000 0x00000001
core   0: 0x8000b8b6 (0x0000bfe5) c.j     pc - 8
core   0: 3 0x8000b8b6 (0xbfe5)
core   0: 0x8000b8ae (0x00001f17) auipc   t5, 0x1
core   0: 3 0x8000b8ae (0x00001f17) x30 0x8000c8ae
core   0: 0x8000b8b2 (0x743f2923) sw      gp, 1874(t5)
core   0: 3 0x8000b8b2 (0x743f2923) mem 0x8000d000 0x00000001
core   0: 0x8000b8b6 (0x0000bfe5) c.j     pc - 8
core   0: 3 0x8000b8b6 (0xbfe5)
core   0: 0x8000b8ae (0x00001f17) auipc   t5, 0x1
core   0: 3 0x8000b8ae (0x00001f17) x30 0x8000c8ae
core   0: 0x8000b8b2 (0x743f2923) sw      gp, 1874(t5)
core   0: 3 0x8000b8b2 (0x743f2923) mem 0x8000d000 0x00000001
core   0: 0x8000b8b6 (0x0000bfe5) c.j     pc - 8
core   0: 3 0x8000b8b6 (0xbfe5)
core   0: 0x8000b8ae (0x00001f17) auipc   t5, 0x1
core   0: 3 0x8000b8ae (0x00001f17) x30 0x8000c8ae
core   0: 0x8000b8b2 (0x743f2923) sw      gp, 1874(t5)
core   0: 3 0x8000b8b2 (0x743f2923) mem 0x8000d000 0x00000001
core   0: 0x8000b8b6 (0x0000bfe5) c.j     pc - 8
core   0: 3 0x8000b8b6 (0xbfe5)
core   0: 0x8000b8ae (0x00001f17) auipc   t5, 0x1
core   0: 3 0x8000b8ae (0x00001f17) x30 0x8000c8ae
core   0: 0x8000b8b2 (0x743f2923) sw      gp, 1874(t5)
core   0: 3 0x8000b8b2 (0x743f2923) mem 0x8000d000 0x00000001
core   0: 0x8000b8b6 (0x0000bfe5) c.j     pc - 8
core   0: 3 0x8000b8b6 (0xbfe5)
core   0: 0x8000b8ae (0x00001f17) auipc   t5, 0x1
core   0: 3 0x8000b8ae (0x00001f17) x30 0x8000c8ae
core   0: 0x8000b8b2 (0x743f2923) sw      gp, 1874(t5)
core   0: 3 0x8000b8b2 (0x743f2923) mem 0x8000d000 0x00000001
core   0: 0x8000b8b6 (0x0000bfe5) c.j     pc - 8
core   0: 3 0x8000b8b6 (0xbfe5)
core   0: 0x8000b8ae (0x00001f17) auipc   t5, 0x1
core   0: 3 0x8000b8ae (0x00001f17) x30 0x8000c8ae
core   0: 0x8000b8b2 (0x743f2923) sw      gp, 1874(t5)
core   0: 3 0x8000b8b2 (0x743f2923) mem 0x8000d000 0x00000001
core   0: 0x8000b8b6 (0x0000bfe5) c.j     pc - 8
core   0: 3 0x8000b8b6 (0xbfe5)
core   0: 0x8000b8ae (0x00001f17) auipc   t5, 0x1
core   0: 3 0x8000b8ae (0x00001f17) x30 0x8000c8ae
core   0: 0x8000b8b2 (0x743f2923) sw      gp, 1874(t5)
core   0: 3 0x8000b8b2 (0x743f2923) mem 0x8000d000 0x00000001
core   0: 0x8000b8b6 (0x0000bfe5) c.j     pc - 8
core   0: 3 0x8000b8b6 (0xbfe5)
core   0: 0x8000b8ae (0x00001f17) auipc   t5, 0x1
core   0: 3 0x8000b8ae (0x00001f17) x30 0x8000c8ae
core   0: 0x8000b8b2 (0x743f2923) sw      gp, 1874(t5)
core   0: 3 0x8000b8b2 (0x743f2923) mem 0x8000d000 0x00000001
core   0: 0x8000b8b6 (0x0000bfe5) c.j     pc - 8
core   0: 3 0x8000b8b6 (0xbfe5)
core   0: 0x8000b8ae (0x00001f17) auipc   t5, 0x1
core   0: 3 0x8000b8ae (0x00001f17) x30 0x8000c8ae
core   0: 0x8000b8b2 (0x743f2923) sw      gp, 1874(t5)
core   0: 3 0x8000b8b2 (0x743f2923) mem 0x8000d000 0x00000001
core   0: 0x8000b8b6 (0x0000bfe5) c.j     pc - 8
core   0: 3 0x8000b8b6 (0xbfe5)
core   0: 0x8000b8ae (0x00001f17) auipc   t5, 0x1
core   0: 3 0x8000b8ae (0x00001f17) x30 0x8000c8ae
core   0: 0x8000b8b2 (0x743f2923) sw      gp, 1874(t5)
core   0: 3 0x8000b8b2 (0x743f2923) mem 0x8000d000 0x00000001
core   0: 0x8000b8b6 (0x0000bfe5) c.j     pc - 8
core   0: 3 0x8000b8b6 (0xbfe5)
core   0: 0x8000b8ae (0x00001f17) auipc   t5, 0x1
core   0: 3 0x8000b8ae (0x00001f17) x30 0x8000c8ae
core   0: 0x8000b8b2 (0x743f2923) sw      gp, 1874(t5)
core   0: 3 0x8000b8b2 (0x743f2923) mem 0x8000d000 0x00000001
core   0: 0x8000b8b6 (0x0000bfe5) c.j     pc - 8
core   0: 3 0x8000b8b6 (0xbfe5)
core   0: 0x8000b8ae (0x00001f17) auipc   t5, 0x1
core   0: 3 0x8000b8ae (0x00001f17) x30 0x8000c8ae
core   0: 0x8000b8b2 (0x743f2923) sw      gp, 1874(t5)
core   0: 3 0x8000b8b2 (0x743f2923) mem 0x8000d000 0x00000001
core   0: 0x8000b8b6 (0x0000bfe5) c.j     pc - 8
core   0: 3 0x8000b8b6 (0xbfe5)
core   0: 0x8000b8ae (0x00001f17) auipc   t5, 0x1
core   0: 3 0x8000b8ae (0x00001f17) x30 0x8000c8ae
core   0: 0x8000b8b2 (0x743f2923) sw      gp, 1874(t5)
core   0: 3 0x8000b8b2 (0x743f2923) mem 0x8000d000 0x00000001
core   0: 0x8000b8b6 (0x0000bfe5) c.j     pc - 8
core   0: 3 0x8000b8b6 (0xbfe5)
core   0: 0x8000b8ae (0x00001f17) auipc   t5, 0x1
core   0: 3 0x8000b8ae (0x00001f17) x30 0x8000c8ae
core   0: 0x8000b8b2 (0x743f2923) sw      gp, 1874(t5)
core   0: 3 0x8000b8b2 (0x743f2923) mem 0x8000d000 0x00000001
core   0: 0x8000b8b6 (0x0000bfe5) c.j     pc - 8
core   0: 3 0x8000b8b6 (0xbfe5)
core   0: 0x8000b8ae (0x00001f17) auipc   t5, 0x1
core   0: 3 0x8000b8ae (0x00001f17) x30 0x8000c8ae
core   0: 0x8000b8b2 (0x743f2923) sw      gp, 1874(t5)
core   0: 3 0x8000b8b2 (0x743f2923) mem 0x8000d000 0x00000001
core   0: 0x8000b8b6 (0x0000bfe5) c.j     pc - 8
core   0: 3 0x8000b8b6 (0xbfe5)
core   0: 0x8000b8ae (0x00001f17) auipc   t5, 0x1
core   0: 3 0x8000b8ae (0x00001f17) x30 0x8000c8ae
core   0: 0x8000b8b2 (0x743f2923) sw      gp, 1874(t5)
core   0: 3 0x8000b8b2 (0x743f2923) mem 0x8000d000 0x00000001
core   0: 0x8000b8b6 (0x0000bfe5) c.j     pc - 8
core   0: 3 0x8000b8b6 (0xbfe5)
core   0: 0x8000b8ae (0x00001f17) auipc   t5, 0x1
core   0: 3 0x8000b8ae (0x00001f17) x30 0x8000c8ae
core   0: 0x8000b8b2 (0x743f2923) sw      gp, 1874(t5)
core   0: 3 0x8000b8b2 (0x743f2923) mem 0x8000d000 0x00000001
core   0: 0x8000b8b6 (0x0000bfe5) c.j     pc - 8
core   0: 3 0x8000b8b6 (0xbfe5)
core   0: 0x8000b8ae (0x00001f17) auipc   t5, 0x1
core   0: 3 0x8000b8ae (0x00001f17) x30 0x8000c8ae
core   0: 0x8000b8b2 (0x743f2923) sw      gp, 1874(t5)
core   0: 3 0x8000b8b2 (0x743f2923) mem 0x8000d000 0x00000001
core   0: 0x8000b8b6 (0x0000bfe5) c.j     pc - 8
core   0: 3 0x8000b8b6 (0xbfe5)
core   0: 0x8000b8ae (0x00001f17) auipc   t5, 0x1
core   0: 3 0x8000b8ae (0x00001f17) x30 0x8000c8ae
core   0: 0x8000b8b2 (0x743f2923) sw      gp, 1874(t5)
core   0: 3 0x8000b8b2 (0x743f2923) mem 0x8000d000 0x00000001
core   0: 0x8000b8b6 (0x0000bfe5) c.j     pc - 8
core   0: 3 0x8000b8b6 (0xbfe5)
core   0: 0x8000b8ae (0x00001f17) auipc   t5, 0x1
core   0: 3 0x8000b8ae (0x00001f17) x30 0x8000c8ae
core   0: 0x8000b8b2 (0x743f2923) sw      gp, 1874(t5)
core   0: 3 0x8000b8b2 (0x743f2923) mem 0x8000d000 0x00000001
core   0: 0x8000b8b6 (0x0000bfe5) c.j     pc - 8
core   0: 3 0x8000b8b6 (0xbfe5)
core   0: 0x8000b8ae (0x00001f17) auipc   t5, 0x1
core   0: 3 0x8000b8ae (0x00001f17) x30 0x8000c8ae
core   0: 0x8000b8b2 (0x743f2923) sw      gp, 1874(t5)
core   0: 3 0x8000b8b2 (0x743f2923) mem 0x8000d000 0x00000001
core   0: 0x8000b8b6 (0x0000bfe5) c.j     pc - 8
core   0: 3 0x8000b8b6 (0xbfe5)
core   0: 0x8000b8ae (0x00001f17) auipc   t5, 0x1
core   0: 3 0x8000b8ae (0x00001f17) x30 0x8000c8ae
core   0: 0x8000b8b2 (0x743f2923) sw      gp, 1874(t5)
core   0: 3 0x8000b8b2 (0x743f2923) mem 0x8000d000 0x00000001
core   0: 0x8000b8b6 (0x0000bfe5) c.j     pc - 8
core   0: 3 0x8000b8b6 (0xbfe5)
core   0: 0x8000b8ae (0x00001f17) auipc   t5, 0x1
core   0: 3 0x8000b8ae (0x00001f17) x30 0x8000c8ae
core   0: 0x8000b8b2 (0x743f2923) sw      gp, 1874(t5)
core   0: 3 0x8000b8b2 (0x743f2923) mem 0x8000d000 0x00000001
core   0: 0x8000b8b6 (0x0000bfe5) c.j     pc - 8
core   0: 3 0x8000b8b6 (0xbfe5)
core   0: 0x8000b8ae (0x00001f17) auipc   t5, 0x1
core   0: 3 0x8000b8ae (0x00001f17) x30 0x8000c8ae
core   0: 0x8000b8b2 (0x743f2923) sw      gp, 1874(t5)
core   0: 3 0x8000b8b2 (0x743f2923) mem 0x8000d000 0x00000001
core   0: 0x8000b8b6 (0x0000bfe5) c.j     pc - 8
core   0: 3 0x8000b8b6 (0xbfe5)
core   0: 0x8000b8ae (0x00001f17) auipc   t5, 0x1
core   0: 3 0x8000b8ae (0x00001f17) x30 0x8000c8ae
core   0: 0x8000b8b2 (0x743f2923) sw      gp, 1874(t5)
core   0: 3 0x8000b8b2 (0x743f2923) mem 0x8000d000 0x00000001
core   0: 0x8000b8b6 (0x0000bfe5) c.j     pc - 8
core   0: 3 0x8000b8b6 (0xbfe5)
core   0: 0x8000b8ae (0x00001f17) auipc   t5, 0x1
core   0: 3 0x8000b8ae (0x00001f17) x30 0x8000c8ae
core   0: 0x8000b8b2 (0x743f2923) sw      gp, 1874(t5)
core   0: 3 0x8000b8b2 (0x743f2923) mem 0x8000d000 0x00000001
core   0: 0x8000b8b6 (0x0000bfe5) c.j     pc - 8
core   0: 3 0x8000b8b6 (0xbfe5)
core   0: 0x8000b8ae (0x00001f17) auipc   t5, 0x1
core   0: 3 0x8000b8ae (0x00001f17) x30 0x8000c8ae
core   0: 0x8000b8b2 (0x743f2923) sw      gp, 1874(t5)
core   0: 3 0x8000b8b2 (0x743f2923) mem 0x8000d000 0x00000001
core   0: 0x8000b8b6 (0x0000bfe5) c.j     pc - 8
core   0: 3 0x8000b8b6 (0xbfe5)
core   0: 0x8000b8ae (0x00001f17) auipc   t5, 0x1
core   0: 3 0x8000b8ae (0x00001f17) x30 0x8000c8ae
core   0: 0x8000b8b2 (0x743f2923) sw      gp, 1874(t5)
core   0: 3 0x8000b8b2 (0x743f2923) mem 0x8000d000 0x00000001
core   0: 0x8000b8b6 (0x0000bfe5) c.j     pc - 8
core   0: 3 0x8000b8b6 (0xbfe5)
core   0: 0x8000b8ae (0x00001f17) auipc   t5, 0x1
core   0: 3 0x8000b8ae (0x00001f17) x30 0x8000c8ae
core   0: 0x8000b8b2 (0x743f2923) sw      gp, 1874(t5)
core   0: 3 0x8000b8b2 (0x743f2923) mem 0x8000d000 0x00000001
core   0: 0x8000b8b6 (0x0000bfe5) c.j     pc - 8
core   0: 3 0x8000b8b6 (0xbfe5)
core   0: 0x8000b8ae (0x00001f17) auipc   t5, 0x1
core   0: 3 0x8000b8ae (0x00001f17) x30 0x8000c8ae
core   0: 0x8000b8b2 (0x743f2923) sw      gp, 1874(t5)
core   0: 3 0x8000b8b2 (0x743f2923) mem 0x8000d000 0x00000001
core   0: 0x8000b8b6 (0x0000bfe5) c.j     pc - 8
core   0: 3 0x8000b8b6 (0xbfe5)
core   0: 0x8000b8ae (0x00001f17) auipc   t5, 0x1
core   0: 3 0x8000b8ae (0x00001f17) x30 0x8000c8ae
core   0: 0x8000b8b2 (0x743f2923) sw      gp, 1874(t5)
core   0: 3 0x8000b8b2 (0x743f2923) mem 0x8000d000 0x00000001
core   0: 0x8000b8b6 (0x0000bfe5) c.j     pc - 8
core   0: 3 0x8000b8b6 (0xbfe5)
core   0: 0x8000b8ae (0x00001f17) auipc   t5, 0x1
core   0: 3 0x8000b8ae (0x00001f17) x30 0x8000c8ae
core   0: 0x8000b8b2 (0x743f2923) sw      gp, 1874(t5)
core   0: 3 0x8000b8b2 (0x743f2923) mem 0x8000d000 0x00000001
core   0: 0x8000b8b6 (0x0000bfe5) c.j     pc - 8
core   0: 3 0x8000b8b6 (0xbfe5)
core   0: 0x8000b8ae (0x00001f17) auipc   t5, 0x1
core   0: 3 0x8000b8ae (0x00001f17) x30 0x8000c8ae
core   0: 0x8000b8b2 (0x743f2923) sw      gp, 1874(t5)
core   0: 3 0x8000b8b2 (0x743f2923) mem 0x8000d000 0x00000001
core   0: 0x8000b8b6 (0x0000bfe5) c.j     pc - 8
core   0: 3 0x8000b8b6 (0xbfe5)
core   0: 0x8000b8ae (0x00001f17) auipc   t5, 0x1
core   0: 3 0x8000b8ae (0x00001f17) x30 0x8000c8ae
core   0: 0x8000b8b2 (0x743f2923) sw      gp, 1874(t5)
core   0: 3 0x8000b8b2 (0x743f2923) mem 0x8000d000 0x00000001
core   0: 0x8000b8b6 (0x0000bfe5) c.j     pc - 8
core   0: 3 0x8000b8b6 (0xbfe5)
core   0: 0x8000b8ae (0x00001f17) auipc   t5, 0x1
core   0: 3 0x8000b8ae (0x00001f17) x30 0x8000c8ae
core   0: 0x8000b8b2 (0x743f2923) sw      gp, 1874(t5)
core   0: 3 0x8000b8b2 (0x743f2923) mem 0x8000d000 0x00000001
core   0: 0x8000b8b6 (0x0000bfe5) c.j     pc - 8
core   0: 3 0x8000b8b6 (0xbfe5)
core   0: 0x8000b8ae (0x00001f17) auipc   t5, 0x1
core   0: 3 0x8000b8ae (0x00001f17) x30 0x8000c8ae
core   0: 0x8000b8b2 (0x743f2923) sw      gp, 1874(t5)
core   0: 3 0x8000b8b2 (0x743f2923) mem 0x8000d000 0x00000001
core   0: 0x8000b8b6 (0x0000bfe5) c.j     pc - 8
core   0: 3 0x8000b8b6 (0xbfe5)
core   0: 0x8000b8ae (0x00001f17) auipc   t5, 0x1
core   0: 3 0x8000b8ae (0x00001f17) x30 0x8000c8ae
core   0: 0x8000b8b2 (0x743f2923) sw      gp, 1874(t5)
core   0: 3 0x8000b8b2 (0x743f2923) mem 0x8000d000 0x00000001
core   0: 0x8000b8b6 (0x0000bfe5) c.j     pc - 8
core   0: 3 0x8000b8b6 (0xbfe5)
core   0: 0x8000b8ae (0x00001f17) auipc   t5, 0x1
core   0: 3 0x8000b8ae (0x00001f17) x30 0x8000c8ae
core   0: 0x8000b8b2 (0x743f2923) sw      gp, 1874(t5)
core   0: 3 0x8000b8b2 (0x743f2923) mem 0x8000d000 0x00000001
core   0: 0x8000b8b6 (0x0000bfe5) c.j     pc - 8
core   0: 3 0x8000b8b6 (0xbfe5)
core   0: 0x8000b8ae (0x00001f17) auipc   t5, 0x1
core   0: 3 0x8000b8ae (0x00001f17) x30 0x8000c8ae
core   0: 0x8000b8b2 (0x743f2923) sw      gp, 1874(t5)
core   0: 3 0x8000b8b2 (0x743f2923) mem 0x8000d000 0x00000001
core   0: 0x8000b8b6 (0x0000bfe5) c.j     pc - 8
core   0: 3 0x8000b8b6 (0xbfe5)
core   0: 0x8000b8ae (0x00001f17) auipc   t5, 0x1
core   0: 3 0x8000b8ae (0x00001f17) x30 0x8000c8ae
core   0: 0x8000b8b2 (0x743f2923) sw      gp, 1874(t5)
core   0: 3 0x8000b8b2 (0x743f2923) mem 0x8000d000 0x00000001
core   0: 0x8000b8b6 (0x0000bfe5) c.j     pc - 8
core   0: 3 0x8000b8b6 (0xbfe5)
core   0: 0x8000b8ae (0x00001f17) auipc   t5, 0x1
core   0: 3 0x8000b8ae (0x00001f17) x30 0x8000c8ae
core   0: 0x8000b8b2 (0x743f2923) sw      gp, 1874(t5)
core   0: 3 0x8000b8b2 (0x743f2923) mem 0x8000d000 0x00000001
core   0: 0x8000b8b6 (0x0000bfe5) c.j     pc - 8
core   0: 3 0x8000b8b6 (0xbfe5)
core   0: 0x8000b8ae (0x00001f17) auipc   t5, 0x1
core   0: 3 0x8000b8ae (0x00001f17) x30 0x8000c8ae
core   0: 0x8000b8b2 (0x743f2923) sw      gp, 1874(t5)
core   0: 3 0x8000b8b2 (0x743f2923) mem 0x8000d000 0x00000001
core   0: 0x8000b8b6 (0x0000bfe5) c.j     pc - 8
core   0: 3 0x8000b8b6 (0xbfe5)
core   0: 0x8000b8ae (0x00001f17) auipc   t5, 0x1
core   0: 3 0x8000b8ae (0x00001f17) x30 0x8000c8ae
core   0: 0x8000b8b2 (0x743f2923) sw      gp, 1874(t5)
core   0: 3 0x8000b8b2 (0x743f2923) mem 0x8000d000 0x00000001
core   0: 0x8000b8b6 (0x0000bfe5) c.j     pc - 8
core   0: 3 0x8000b8b6 (0xbfe5)
core   0: 0x8000b8ae (0x00001f17) auipc   t5, 0x1
core   0: 3 0x8000b8ae (0x00001f17) x30 0x8000c8ae
core   0: 0x8000b8b2 (0x743f2923) sw      gp, 1874(t5)
core   0: 3 0x8000b8b2 (0x743f2923) mem 0x8000d000 0x00000001
core   0: 0x8000b8b6 (0x0000bfe5) c.j     pc - 8
core   0: 3 0x8000b8b6 (0xbfe5)
core   0: 0x8000b8ae (0x00001f17) auipc   t5, 0x1
core   0: 3 0x8000b8ae (0x00001f17) x30 0x8000c8ae
core   0: 0x8000b8b2 (0x743f2923) sw      gp, 1874(t5)
core   0: 3 0x8000b8b2 (0x743f2923) mem 0x8000d000 0x00000001
core   0: 0x8000b8b6 (0x0000bfe5) c.j     pc - 8
core   0: 3 0x8000b8b6 (0xbfe5)
core   0: 0x8000b8ae (0x00001f17) auipc   t5, 0x1
core   0: 3 0x8000b8ae (0x00001f17) x30 0x8000c8ae
core   0: 0x8000b8b2 (0x743f2923) sw      gp, 1874(t5)
core   0: 3 0x8000b8b2 (0x743f2923) mem 0x8000d000 0x00000001
core   0: 0x8000b8b6 (0x0000bfe5) c.j     pc - 8
core   0: 3 0x8000b8b6 (0xbfe5)
core   0: 0x8000b8ae (0x00001f17) auipc   t5, 0x1
core   0: 3 0x8000b8ae (0x00001f17) x30 0x8000c8ae
core   0: 0x8000b8b2 (0x743f2923) sw      gp, 1874(t5)
core   0: 3 0x8000b8b2 (0x743f2923) mem 0x8000d000 0x00000001
core   0: 0x8000b8b6 (0x0000bfe5) c.j     pc - 8
core   0: 3 0x8000b8b6 (0xbfe5)
core   0: 0x8000b8ae (0x00001f17) auipc   t5, 0x1
core   0: 3 0x8000b8ae (0x00001f17) x30 0x8000c8ae
core   0: 0x8000b8b2 (0x743f2923) sw      gp, 1874(t5)
core   0: 3 0x8000b8b2 (0x743f2923) mem 0x8000d000 0x00000001
core   0: 0x8000b8b6 (0x0000bfe5) c.j     pc - 8
core   0: 3 0x8000b8b6 (0xbfe5)
core   0: 0x8000b8ae (0x00001f17) auipc   t5, 0x1
core   0: 3 0x8000b8ae (0x00001f17) x30 0x8000c8ae
core   0: 0x8000b8b2 (0x743f2923) sw      gp, 1874(t5)
core   0: 3 0x8000b8b2 (0x743f2923) mem 0x8000d000 0x00000001
core   0: 0x8000b8b6 (0x0000bfe5) c.j     pc - 8
core   0: 3 0x8000b8b6 (0xbfe5)
core   0: 0x8000b8ae (0x00001f17) auipc   t5, 0x1
core   0: 3 0x8000b8ae (0x00001f17) x30 0x8000c8ae
core   0: 0x8000b8b2 (0x743f2923) sw      gp, 1874(t5)
core   0: 3 0x8000b8b2 (0x743f2923) mem 0x8000d000 0x00000001
core   0: 0x8000b8b6 (0x0000bfe5) c.j     pc - 8
core   0: 3 0x8000b8b6 (0xbfe5)
core   0: 0x8000b8ae (0x00001f17) auipc   t5, 0x1
core   0: 3 0x8000b8ae (0x00001f17) x30 0x8000c8ae
core   0: 0x8000b8b2 (0x743f2923) sw      gp, 1874(t5)
core   0: 3 0x8000b8b2 (0x743f2923) mem 0x8000d000 0x00000001
core   0: 0x8000b8b6 (0x0000bfe5) c.j     pc - 8
core   0: 3 0x8000b8b6 (0xbfe5)
core   0: 0x8000b8ae (0x00001f17) auipc   t5, 0x1
core   0: 3 0x8000b8ae (0x00001f17) x30 0x8000c8ae
core   0: 0x8000b8b2 (0x743f2923) sw      gp, 1874(t5)
core   0: 3 0x8000b8b2 (0x743f2923) mem 0x8000d000 0x00000001
core   0: 0x8000b8b6 (0x0000bfe5) c.j     pc - 8
core   0: 3 0x8000b8b6 (0xbfe5)
core   0: 0x8000b8ae (0x00001f17) auipc   t5, 0x1
core   0: 3 0x8000b8ae (0x00001f17) x30 0x8000c8ae
core   0: 0x8000b8b2 (0x743f2923) sw      gp, 1874(t5)
core   0: 3 0x8000b8b2 (0x743f2923) mem 0x8000d000 0x00000001
core   0: 0x8000b8b6 (0x0000bfe5) c.j     pc - 8
core   0: 3 0x8000b8b6 (0xbfe5)
core   0: 0x8000b8ae (0x00001f17) auipc   t5, 0x1
core   0: 3 0x8000b8ae (0x00001f17) x30 0x8000c8ae
core   0: 0x8000b8b2 (0x743f2923) sw      gp, 1874(t5)
core   0: 3 0x8000b8b2 (0x743f2923) mem 0x8000d000 0x00000001
core   0: 0x8000b8b6 (0x0000bfe5) c.j     pc - 8
core   0: 3 0x8000b8b6 (0xbfe5)
core   0: 0x8000b8ae (0x00001f17) auipc   t5, 0x1
core   0: 3 0x8000b8ae (0x00001f17) x30 0x8000c8ae
core   0: 0x8000b8b2 (0x743f2923) sw      gp, 1874(t5)
core   0: 3 0x8000b8b2 (0x743f2923) mem 0x8000d000 0x00000001
core   0: 0x8000b8b6 (0x0000bfe5) c.j     pc - 8
core   0: 3 0x8000b8b6 (0xbfe5)
core   0: 0x8000b8ae (0x00001f17) auipc   t5, 0x1
core   0: 3 0x8000b8ae (0x00001f17) x30 0x8000c8ae
core   0: 0x8000b8b2 (0x743f2923) sw      gp, 1874(t5)
core   0: 3 0x8000b8b2 (0x743f2923) mem 0x8000d000 0x00000001
core   0: 0x8000b8b6 (0x0000bfe5) c.j     pc - 8
core   0: 3 0x8000b8b6 (0xbfe5)
core   0: 0x8000b8ae (0x00001f17) auipc   t5, 0x1
core   0: 3 0x8000b8ae (0x00001f17) x30 0x8000c8ae
core   0: 0x8000b8b2 (0x743f2923) sw      gp, 1874(t5)
core   0: 3 0x8000b8b2 (0x743f2923) mem 0x8000d000 0x00000001
core   0: 0x8000b8b6 (0x0000bfe5) c.j     pc - 8
core   0: 3 0x8000b8b6 (0xbfe5)
core   0: 0x8000b8ae (0x00001f17) auipc   t5, 0x1
core   0: 3 0x8000b8ae (0x00001f17) x30 0x8000c8ae
core   0: 0x8000b8b2 (0x743f2923) sw      gp, 1874(t5)
core   0: 3 0x8000b8b2 (0x743f2923) mem 0x8000d000 0x00000001
core   0: 0x8000b8b6 (0x0000bfe5) c.j     pc - 8
core   0: 3 0x8000b8b6 (0xbfe5)
core   0: 0x8000b8ae (0x00001f17) auipc   t5, 0x1
core   0: 3 0x8000b8ae (0x00001f17) x30 0x8000c8ae
core   0: 0x8000b8b2 (0x743f2923) sw      gp, 1874(t5)
core   0: 3 0x8000b8b2 (0x743f2923) mem 0x8000d000 0x00000001
core   0: 0x8000b8b6 (0x0000bfe5) c.j     pc - 8
core   0: 3 0x8000b8b6 (0xbfe5)
core   0: 0x8000b8ae (0x00001f17) auipc   t5, 0x1
core   0: 3 0x8000b8ae (0x00001f17) x30 0x8000c8ae
core   0: 0x8000b8b2 (0x743f2923) sw      gp, 1874(t5)
core   0: 3 0x8000b8b2 (0x743f2923) mem 0x8000d000 0x00000001
core   0: 0x8000b8b6 (0x0000bfe5) c.j     pc - 8
core   0: 3 0x8000b8b6 (0xbfe5)
core   0: 0x8000b8ae (0x00001f17) auipc   t5, 0x1
core   0: 3 0x8000b8ae (0x00001f17) x30 0x8000c8ae
core   0: 0x8000b8b2 (0x743f2923) sw      gp, 1874(t5)
core   0: 3 0x8000b8b2 (0x743f2923) mem 0x8000d000 0x00000001
core   0: 0x8000b8b6 (0x0000bfe5) c.j     pc - 8
core   0: 3 0x8000b8b6 (0xbfe5)
core   0: 0x8000b8ae (0x00001f17) auipc   t5, 0x1
core   0: 3 0x8000b8ae (0x00001f17) x30 0x8000c8ae
core   0: 0x8000b8b2 (0x743f2923) sw      gp, 1874(t5)
core   0: 3 0x8000b8b2 (0x743f2923) mem 0x8000d000 0x00000001
core   0: 0x8000b8b6 (0x0000bfe5) c.j     pc - 8
core   0: 3 0x8000b8b6 (0xbfe5)
core   0: 0x8000b8ae (0x00001f17) auipc   t5, 0x1
core   0: 3 0x8000b8ae (0x00001f17) x30 0x8000c8ae
core   0: 0x8000b8b2 (0x743f2923) sw      gp, 1874(t5)
core   0: 3 0x8000b8b2 (0x743f2923) mem 0x8000d000 0x00000001
core   0: 0x8000b8b6 (0x0000bfe5) c.j     pc - 8
core   0: 3 0x8000b8b6 (0xbfe5)
core   0: 0x8000b8ae (0x00001f17) auipc   t5, 0x1
core   0: 3 0x8000b8ae (0x00001f17) x30 0x8000c8ae
core   0: 0x8000b8b2 (0x743f2923) sw      gp, 1874(t5)
core   0: 3 0x8000b8b2 (0x743f2923) mem 0x8000d000 0x00000001
core   0: 0x8000b8b6 (0x0000bfe5) c.j     pc - 8
core   0: 3 0x8000b8b6 (0xbfe5)
core   0: 0x8000b8ae (0x00001f17) auipc   t5, 0x1
core   0: 3 0x8000b8ae (0x00001f17) x30 0x8000c8ae
core   0: 0x8000b8b2 (0x743f2923) sw      gp, 1874(t5)
core   0: 3 0x8000b8b2 (0x743f2923) mem 0x8000d000 0x00000001
core   0: 0x8000b8b6 (0x0000bfe5) c.j     pc - 8
core   0: 3 0x8000b8b6 (0xbfe5)
core   0: 0x8000b8ae (0x00001f17) auipc   t5, 0x1
core   0: 3 0x8000b8ae (0x00001f17) x30 0x8000c8ae
core   0: 0x8000b8b2 (0x743f2923) sw      gp, 1874(t5)
core   0: 3 0x8000b8b2 (0x743f2923) mem 0x8000d000 0x00000001
core   0: 0x8000b8b6 (0x0000bfe5) c.j     pc - 8
core   0: 3 0x8000b8b6 (0xbfe5)
core   0: 0x8000b8ae (0x00001f17) auipc   t5, 0x1
core   0: 3 0x8000b8ae (0x00001f17) x30 0x8000c8ae
core   0: 0x8000b8b2 (0x743f2923) sw      gp, 1874(t5)
core   0: 3 0x8000b8b2 (0x743f2923) mem 0x8000d000 0x00000001
core   0: 0x8000b8b6 (0x0000bfe5) c.j     pc - 8
core   0: 3 0x8000b8b6 (0xbfe5)
core   0: 0x8000b8ae (0x00001f17) auipc   t5, 0x1
core   0: 3 0x8000b8ae (0x00001f17) x30 0x8000c8ae
core   0: 0x8000b8b2 (0x743f2923) sw      gp, 1874(t5)
core   0: 3 0x8000b8b2 (0x743f2923) mem 0x8000d000 0x00000001
core   0: 0x8000b8b6 (0x0000bfe5) c.j     pc - 8
core   0: 3 0x8000b8b6 (0xbfe5)
core   0: 0x8000b8ae (0x00001f17) auipc   t5, 0x1
core   0: 3 0x8000b8ae (0x00001f17) x30 0x8000c8ae
core   0: 0x8000b8b2 (0x743f2923) sw      gp, 1874(t5)
core   0: 3 0x8000b8b2 (0x743f2923) mem 0x8000d000 0x00000001
core   0: 0x8000b8b6 (0x0000bfe5) c.j     pc - 8
core   0: 3 0x8000b8b6 (0xbfe5)
core   0: 0x8000b8ae (0x00001f17) auipc   t5, 0x1
core   0: 3 0x8000b8ae (0x00001f17) x30 0x8000c8ae
core   0: 0x8000b8b2 (0x743f2923) sw      gp, 1874(t5)
core   0: 3 0x8000b8b2 (0x743f2923) mem 0x8000d000 0x00000001
core   0: 0x8000b8b6 (0x0000bfe5) c.j     pc - 8
core   0: 3 0x8000b8b6 (0xbfe5)
core   0: 0x8000b8ae (0x00001f17) auipc   t5, 0x1
core   0: 3 0x8000b8ae (0x00001f17) x30 0x8000c8ae
core   0: 0x8000b8b2 (0x743f2923) sw      gp, 1874(t5)
core   0: 3 0x8000b8b2 (0x743f2923) mem 0x8000d000 0x00000001
core   0: 0x8000b8b6 (0x0000bfe5) c.j     pc - 8
core   0: 3 0x8000b8b6 (0xbfe5)
core   0: 0x8000b8ae (0x00001f17) auipc   t5, 0x1
core   0: 3 0x8000b8ae (0x00001f17) x30 0x8000c8ae
core   0: 0x8000b8b2 (0x743f2923) sw      gp, 1874(t5)
core   0: 3 0x8000b8b2 (0x743f2923) mem 0x8000d000 0x00000001
core   0: 0x8000b8b6 (0x0000bfe5) c.j     pc - 8
core   0: 3 0x8000b8b6 (0xbfe5)
core   0: 0x8000b8ae (0x00001f17) auipc   t5, 0x1
core   0: 3 0x8000b8ae (0x00001f17) x30 0x8000c8ae
core   0: 0x8000b8b2 (0x743f2923) sw      gp, 1874(t5)
core   0: 3 0x8000b8b2 (0x743f2923) mem 0x8000d000 0x00000001
core   0: 0x8000b8b6 (0x0000bfe5) c.j     pc - 8
core   0: 3 0x8000b8b6 (0xbfe5)
core   0: 0x8000b8ae (0x00001f17) auipc   t5, 0x1
core   0: 3 0x8000b8ae (0x00001f17) x30 0x8000c8ae
core   0: 0x8000b8b2 (0x743f2923) sw      gp, 1874(t5)
core   0: 3 0x8000b8b2 (0x743f2923) mem 0x8000d000 0x00000001
core   0: 0x8000b8b6 (0x0000bfe5) c.j     pc - 8
core   0: 3 0x8000b8b6 (0xbfe5)
core   0: 0x8000b8ae (0x00001f17) auipc   t5, 0x1
core   0: 3 0x8000b8ae (0x00001f17) x30 0x8000c8ae
core   0: 0x8000b8b2 (0x743f2923) sw      gp, 1874(t5)
core   0: 3 0x8000b8b2 (0x743f2923) mem 0x8000d000 0x00000001
core   0: 0x8000b8b6 (0x0000bfe5) c.j     pc - 8
core   0: 3 0x8000b8b6 (0xbfe5)
core   0: 0x8000b8ae (0x00001f17) auipc   t5, 0x1
core   0: 3 0x8000b8ae (0x00001f17) x30 0x8000c8ae
core   0: 0x8000b8b2 (0x743f2923) sw      gp, 1874(t5)
core   0: 3 0x8000b8b2 (0x743f2923) mem 0x8000d000 0x00000001
core   0: 0x8000b8b6 (0x0000bfe5) c.j     pc - 8
core   0: 3 0x8000b8b6 (0xbfe5)
core   0: 0x8000b8ae (0x00001f17) auipc   t5, 0x1
core   0: 3 0x8000b8ae (0x00001f17) x30 0x8000c8ae
core   0: 0x8000b8b2 (0x743f2923) sw      gp, 1874(t5)
core   0: 3 0x8000b8b2 (0x743f2923) mem 0x8000d000 0x00000001
core   0: 0x8000b8b6 (0x0000bfe5) c.j     pc - 8
core   0: 3 0x8000b8b6 (0xbfe5)
core   0: 0x8000b8ae (0x00001f17) auipc   t5, 0x1
core   0: 3 0x8000b8ae (0x00001f17) x30 0x8000c8ae
core   0: 0x8000b8b2 (0x743f2923) sw      gp, 1874(t5)
core   0: 3 0x8000b8b2 (0x743f2923) mem 0x8000d000 0x00000001
core   0: 0x8000b8b6 (0x0000bfe5) c.j     pc - 8
core   0: 3 0x8000b8b6 (0xbfe5)
core   0: 0x8000b8ae (0x00001f17) auipc   t5, 0x1
core   0: 3 0x8000b8ae (0x00001f17) x30 0x8000c8ae
core   0: 0x8000b8b2 (0x743f2923) sw      gp, 1874(t5)
core   0: 3 0x8000b8b2 (0x743f2923) mem 0x8000d000 0x00000001
core   0: 0x8000b8b6 (0x0000bfe5) c.j     pc - 8
core   0: 3 0x8000b8b6 (0xbfe5)
core   0: 0x8000b8ae (0x00001f17) auipc   t5, 0x1
core   0: 3 0x8000b8ae (0x00001f17) x30 0x8000c8ae
core   0: 0x8000b8b2 (0x743f2923) sw      gp, 1874(t5)
core   0: 3 0x8000b8b2 (0x743f2923) mem 0x8000d000 0x00000001
core   0: 0x8000b8b6 (0x0000bfe5) c.j     pc - 8
core   0: 3 0x8000b8b6 (0xbfe5)
core   0: 0x8000b8ae (0x00001f17) auipc   t5, 0x1
core   0: 3 0x8000b8ae (0x00001f17) x30 0x8000c8ae
core   0: 0x8000b8b2 (0x743f2923) sw      gp, 1874(t5)
core   0: 3 0x8000b8b2 (0x743f2923) mem 0x8000d000 0x00000001
core   0: 0x8000b8b6 (0x0000bfe5) c.j     pc - 8
core   0: 3 0x8000b8b6 (0xbfe5)
core   0: 0x8000b8ae (0x00001f17) auipc   t5, 0x1
core   0: 3 0x8000b8ae (0x00001f17) x30 0x8000c8ae
core   0: 0x8000b8b2 (0x743f2923) sw      gp, 1874(t5)
core   0: 3 0x8000b8b2 (0x743f2923) mem 0x8000d000 0x00000001
core   0: 0x8000b8b6 (0x0000bfe5) c.j     pc - 8
core   0: 3 0x8000b8b6 (0xbfe5)
core   0: 0x8000b8ae (0x00001f17) auipc   t5, 0x1
core   0: 3 0x8000b8ae (0x00001f17) x30 0x8000c8ae
core   0: 0x8000b8b2 (0x743f2923) sw      gp, 1874(t5)
core   0: 3 0x8000b8b2 (0x743f2923) mem 0x8000d000 0x00000001
core   0: 0x8000b8b6 (0x0000bfe5) c.j     pc - 8
core   0: 3 0x8000b8b6 (0xbfe5)
core   0: 0x8000b8ae (0x00001f17) auipc   t5, 0x1
core   0: 3 0x8000b8ae (0x00001f17) x30 0x8000c8ae
core   0: 0x8000b8b2 (0x743f2923) sw      gp, 1874(t5)
core   0: 3 0x8000b8b2 (0x743f2923) mem 0x8000d000 0x00000001
core   0: 0x8000b8b6 (0x0000bfe5) c.j     pc - 8
core   0: 3 0x8000b8b6 (0xbfe5)
core   0: 0x8000b8ae (0x00001f17) auipc   t5, 0x1
core   0: 3 0x8000b8ae (0x00001f17) x30 0x8000c8ae
core   0: 0x8000b8b2 (0x743f2923) sw      gp, 1874(t5)
core   0: 3 0x8000b8b2 (0x743f2923) mem 0x8000d000 0x00000001
core   0: 0x8000b8b6 (0x0000bfe5) c.j     pc - 8
core   0: 3 0x8000b8b6 (0xbfe5)
core   0: 0x8000b8ae (0x00001f17) auipc   t5, 0x1
core   0: 3 0x8000b8ae (0x00001f17) x30 0x8000c8ae
core   0: 0x8000b8b2 (0x743f2923) sw      gp, 1874(t5)
core   0: 3 0x8000b8b2 (0x743f2923) mem 0x8000d000 0x00000001
core   0: 0x8000b8b6 (0x0000bfe5) c.j     pc - 8
core   0: 3 0x8000b8b6 (0xbfe5)
core   0: 0x8000b8ae (0x00001f17) auipc   t5, 0x1
core   0: 3 0x8000b8ae (0x00001f17) x30 0x8000c8ae
core   0: 0x8000b8b2 (0x743f2923) sw      gp, 1874(t5)
core   0: 3 0x8000b8b2 (0x743f2923) mem 0x8000d000 0x00000001
core   0: 0x8000b8b6 (0x0000bfe5) c.j     pc - 8
core   0: 3 0x8000b8b6 (0xbfe5)
core   0: 0x8000b8ae (0x00001f17) auipc   t5, 0x1
core   0: 3 0x8000b8ae (0x00001f17) x30 0x8000c8ae
core   0: 0x8000b8b2 (0x743f2923) sw      gp, 1874(t5)
core   0: 3 0x8000b8b2 (0x743f2923) mem 0x8000d000 0x00000001
core   0: 0x8000b8b6 (0x0000bfe5) c.j     pc - 8
core   0: 3 0x8000b8b6 (0xbfe5)
core   0: 0x8000b8ae (0x00001f17) auipc   t5, 0x1
core   0: 3 0x8000b8ae (0x00001f17) x30 0x8000c8ae
core   0: 0x8000b8b2 (0x743f2923) sw      gp, 1874(t5)
core   0: 3 0x8000b8b2 (0x743f2923) mem 0x8000d000 0x00000001
core   0: 0x8000b8b6 (0x0000bfe5) c.j     pc - 8
core   0: 3 0x8000b8b6 (0xbfe5)
core   0: 0x8000b8ae (0x00001f17) auipc   t5, 0x1
core   0: 3 0x8000b8ae (0x00001f17) x30 0x8000c8ae
core   0: 0x8000b8b2 (0x743f2923) sw      gp, 1874(t5)
core   0: 3 0x8000b8b2 (0x743f2923) mem 0x8000d000 0x00000001
core   0: 0x8000b8b6 (0x0000bfe5) c.j     pc - 8
core   0: 3 0x8000b8b6 (0xbfe5)
core   0: 0x8000b8ae (0x00001f17) auipc   t5, 0x1
core   0: 3 0x8000b8ae (0x00001f17) x30 0x8000c8ae
core   0: 0x8000b8b2 (0x743f2923) sw      gp, 1874(t5)
core   0: 3 0x8000b8b2 (0x743f2923) mem 0x8000d000 0x00000001
core   0: 0x8000b8b6 (0x0000bfe5) c.j     pc - 8
core   0: 3 0x8000b8b6 (0xbfe5)
core   0: 0x8000b8ae (0x00001f17) auipc   t5, 0x1
core   0: 3 0x8000b8ae (0x00001f17) x30 0x8000c8ae
core   0: 0x8000b8b2 (0x743f2923) sw      gp, 1874(t5)
core   0: 3 0x8000b8b2 (0x743f2923) mem 0x8000d000 0x00000001
core   0: 0x8000b8b6 (0x0000bfe5) c.j     pc - 8
core   0: 3 0x8000b8b6 (0xbfe5)
core   0: 0x8000b8ae (0x00001f17) auipc   t5, 0x1
core   0: 3 0x8000b8ae (0x00001f17) x30 0x8000c8ae
core   0: 0x8000b8b2 (0x743f2923) sw      gp, 1874(t5)
core   0: 3 0x8000b8b2 (0x743f2923) mem 0x8000d000 0x00000001
core   0: 0x8000b8b6 (0x0000bfe5) c.j     pc - 8
core   0: 3 0x8000b8b6 (0xbfe5)
core   0: 0x8000b8ae (0x00001f17) auipc   t5, 0x1
core   0: 3 0x8000b8ae (0x00001f17) x30 0x8000c8ae
core   0: 0x8000b8b2 (0x743f2923) sw      gp, 1874(t5)
core   0: 3 0x8000b8b2 (0x743f2923) mem 0x8000d000 0x00000001
core   0: 0x8000b8b6 (0x0000bfe5) c.j     pc - 8
core   0: 3 0x8000b8b6 (0xbfe5)
core   0: 0x8000b8ae (0x00001f17) auipc   t5, 0x1
core   0: 3 0x8000b8ae (0x00001f17) x30 0x8000c8ae
core   0: 0x8000b8b2 (0x743f2923) sw      gp, 1874(t5)
core   0: 3 0x8000b8b2 (0x743f2923) mem 0x8000d000 0x00000001
core   0: 0x8000b8b6 (0x0000bfe5) c.j     pc - 8
core   0: 3 0x8000b8b6 (0xbfe5)
core   0: 0x8000b8ae (0x00001f17) auipc   t5, 0x1
core   0: 3 0x8000b8ae (0x00001f17) x30 0x8000c8ae
core   0: 0x8000b8b2 (0x743f2923) sw      gp, 1874(t5)
core   0: 3 0x8000b8b2 (0x743f2923) mem 0x8000d000 0x00000001
core   0: 0x8000b8b6 (0x0000bfe5) c.j     pc - 8
core   0: 3 0x8000b8b6 (0xbfe5)
core   0: 0x8000b8ae (0x00001f17) auipc   t5, 0x1
core   0: 3 0x8000b8ae (0x00001f17) x30 0x8000c8ae
core   0: 0x8000b8b2 (0x743f2923) sw      gp, 1874(t5)
core   0: 3 0x8000b8b2 (0x743f2923) mem 0x8000d000 0x00000001
core   0: 0x8000b8b6 (0x0000bfe5) c.j     pc - 8
core   0: 3 0x8000b8b6 (0xbfe5)
core   0: 0x8000b8ae (0x00001f17) auipc   t5, 0x1
core   0: 3 0x8000b8ae (0x00001f17) x30 0x8000c8ae
core   0: 0x8000b8b2 (0x743f2923) sw      gp, 1874(t5)
core   0: 3 0x8000b8b2 (0x743f2923) mem 0x8000d000 0x00000001
core   0: 0x8000b8b6 (0x0000bfe5) c.j     pc - 8
core   0: 3 0x8000b8b6 (0xbfe5)
core   0: 0x8000b8ae (0x00001f17) auipc   t5, 0x1
core   0: 3 0x8000b8ae (0x00001f17) x30 0x8000c8ae
core   0: 0x8000b8b2 (0x743f2923) sw      gp, 1874(t5)
core   0: 3 0x8000b8b2 (0x743f2923) mem 0x8000d000 0x00000001
core   0: 0x8000b8b6 (0x0000bfe5) c.j     pc - 8
core   0: 3 0x8000b8b6 (0xbfe5)
core   0: 0x8000b8ae (0x00001f17) auipc   t5, 0x1
core   0: 3 0x8000b8ae (0x00001f17) x30 0x8000c8ae
core   0: 0x8000b8b2 (0x743f2923) sw      gp, 1874(t5)
core   0: 3 0x8000b8b2 (0x743f2923) mem 0x8000d000 0x00000001
core   0: 0x8000b8b6 (0x0000bfe5) c.j     pc - 8
core   0: 3 0x8000b8b6 (0xbfe5)
core   0: 0x8000b8ae (0x00001f17) auipc   t5, 0x1
core   0: 3 0x8000b8ae (0x00001f17) x30 0x8000c8ae
core   0: 0x8000b8b2 (0x743f2923) sw      gp, 1874(t5)
core   0: 3 0x8000b8b2 (0x743f2923) mem 0x8000d000 0x00000001
core   0: 0x8000b8b6 (0x0000bfe5) c.j     pc - 8
core   0: 3 0x8000b8b6 (0xbfe5)
core   0: 0x8000b8ae (0x00001f17) auipc   t5, 0x1
core   0: 3 0x8000b8ae (0x00001f17) x30 0x8000c8ae
core   0: 0x8000b8b2 (0x743f2923) sw      gp, 1874(t5)
core   0: 3 0x8000b8b2 (0x743f2923) mem 0x8000d000 0x00000001
core   0: 0x8000b8b6 (0x0000bfe5) c.j     pc - 8
core   0: 3 0x8000b8b6 (0xbfe5)
core   0: 0x8000b8ae (0x00001f17) auipc   t5, 0x1
core   0: 3 0x8000b8ae (0x00001f17) x30 0x8000c8ae
core   0: 0x8000b8b2 (0x743f2923) sw      gp, 1874(t5)
core   0: 3 0x8000b8b2 (0x743f2923) mem 0x8000d000 0x00000001
core   0: 0x8000b8b6 (0x0000bfe5) c.j     pc - 8
core   0: 3 0x8000b8b6 (0xbfe5)
core   0: 0x8000b8ae (0x00001f17) auipc   t5, 0x1
core   0: 3 0x8000b8ae (0x00001f17) x30 0x8000c8ae
core   0: 0x8000b8b2 (0x743f2923) sw      gp, 1874(t5)
core   0: 3 0x8000b8b2 (0x743f2923) mem 0x8000d000 0x00000001
core   0: 0x8000b8b6 (0x0000bfe5) c.j     pc - 8
core   0: 3 0x8000b8b6 (0xbfe5)
core   0: 0x8000b8ae (0x00001f17) auipc   t5, 0x1
core   0: 3 0x8000b8ae (0x00001f17) x30 0x8000c8ae
core   0: 0x8000b8b2 (0x743f2923) sw      gp, 1874(t5)
core   0: 3 0x8000b8b2 (0x743f2923) mem 0x8000d000 0x00000001
core   0: 0x8000b8b6 (0x0000bfe5) c.j     pc - 8
core   0: 3 0x8000b8b6 (0xbfe5)
core   0: 0x8000b8ae (0x00001f17) auipc   t5, 0x1
core   0: 3 0x8000b8ae (0x00001f17) x30 0x8000c8ae
core   0: 0x8000b8b2 (0x743f2923) sw      gp, 1874(t5)
core   0: 3 0x8000b8b2 (0x743f2923) mem 0x8000d000 0x00000001
core   0: 0x8000b8b6 (0x0000bfe5) c.j     pc - 8
core   0: 3 0x8000b8b6 (0xbfe5)
core   0: 0x8000b8ae (0x00001f17) auipc   t5, 0x1
core   0: 3 0x8000b8ae (0x00001f17) x30 0x8000c8ae
core   0: 0x8000b8b2 (0x743f2923) sw      gp, 1874(t5)
core   0: 3 0x8000b8b2 (0x743f2923) mem 0x8000d000 0x00000001
core   0: 0x8000b8b6 (0x0000bfe5) c.j     pc - 8
core   0: 3 0x8000b8b6 (0xbfe5)
core   0: 0x8000b8ae (0x00001f17) auipc   t5, 0x1
core   0: 3 0x8000b8ae (0x00001f17) x30 0x8000c8ae
core   0: 0x8000b8b2 (0x743f2923) sw      gp, 1874(t5)
core   0: 3 0x8000b8b2 (0x743f2923) mem 0x8000d000 0x00000001
core   0: 0x8000b8b6 (0x0000bfe5) c.j     pc - 8
core   0: 3 0x8000b8b6 (0xbfe5)
core   0: 0x8000b8ae (0x00001f17) auipc   t5, 0x1
core   0: 3 0x8000b8ae (0x00001f17) x30 0x8000c8ae
core   0: 0x8000b8b2 (0x743f2923) sw      gp, 1874(t5)
core   0: 3 0x8000b8b2 (0x743f2923) mem 0x8000d000 0x00000001
core   0: 0x8000b8b6 (0x0000bfe5) c.j     pc - 8
core   0: 3 0x8000b8b6 (0xbfe5)
core   0: 0x8000b8ae (0x00001f17) auipc   t5, 0x1
core   0: 3 0x8000b8ae (0x00001f17) x30 0x8000c8ae
core   0: 0x8000b8b2 (0x743f2923) sw      gp, 1874(t5)
core   0: 3 0x8000b8b2 (0x743f2923) mem 0x8000d000 0x00000001
core   0: 0x8000b8b6 (0x0000bfe5) c.j     pc - 8
core   0: 3 0x8000b8b6 (0xbfe5)
core   0: 0x8000b8ae (0x00001f17) auipc   t5, 0x1
core   0: 3 0x8000b8ae (0x00001f17) x30 0x8000c8ae
core   0: 0x8000b8b2 (0x743f2923) sw      gp, 1874(t5)
core   0: 3 0x8000b8b2 (0x743f2923) mem 0x8000d000 0x00000001
core   0: 0x8000b8b6 (0x0000bfe5) c.j     pc - 8
core   0: 3 0x8000b8b6 (0xbfe5)
core   0: 0x8000b8ae (0x00001f17) auipc   t5, 0x1
core   0: 3 0x8000b8ae (0x00001f17) x30 0x8000c8ae
core   0: 0x8000b8b2 (0x743f2923) sw      gp, 1874(t5)
core   0: 3 0x8000b8b2 (0x743f2923) mem 0x8000d000 0x00000001
core   0: 0x8000b8b6 (0x0000bfe5) c.j     pc - 8
core   0: 3 0x8000b8b6 (0xbfe5)
core   0: 0x8000b8ae (0x00001f17) auipc   t5, 0x1
core   0: 3 0x8000b8ae (0x00001f17) x30 0x8000c8ae
core   0: 0x8000b8b2 (0x743f2923) sw      gp, 1874(t5)
core   0: 3 0x8000b8b2 (0x743f2923) mem 0x8000d000 0x00000001
core   0: 0x8000b8b6 (0x0000bfe5) c.j     pc - 8
core   0: 3 0x8000b8b6 (0xbfe5)
core   0: 0x8000b8ae (0x00001f17) auipc   t5, 0x1
core   0: 3 0x8000b8ae (0x00001f17) x30 0x8000c8ae
core   0: 0x8000b8b2 (0x743f2923) sw      gp, 1874(t5)
core   0: 3 0x8000b8b2 (0x743f2923) mem 0x8000d000 0x00000001
core   0: 0x8000b8b6 (0x0000bfe5) c.j     pc - 8
core   0: 3 0x8000b8b6 (0xbfe5)
core   0: 0x8000b8ae (0x00001f17) auipc   t5, 0x1
core   0: 3 0x8000b8ae (0x00001f17) x30 0x8000c8ae
core   0: 0x8000b8b2 (0x743f2923) sw      gp, 1874(t5)
core   0: 3 0x8000b8b2 (0x743f2923) mem 0x8000d000 0x00000001
core   0: 0x8000b8b6 (0x0000bfe5) c.j     pc - 8
core   0: 3 0x8000b8b6 (0xbfe5)
core   0: 0x8000b8ae (0x00001f17) auipc   t5, 0x1
core   0: 3 0x8000b8ae (0x00001f17) x30 0x8000c8ae
core   0: 0x8000b8b2 (0x743f2923) sw      gp, 1874(t5)
core   0: 3 0x8000b8b2 (0x743f2923) mem 0x8000d000 0x00000001
core   0: 0x8000b8b6 (0x0000bfe5) c.j     pc - 8
core   0: 3 0x8000b8b6 (0xbfe5)
core   0: 0x8000b8ae (0x00001f17) auipc   t5, 0x1
core   0: 3 0x8000b8ae (0x00001f17) x30 0x8000c8ae
core   0: 0x8000b8b2 (0x743f2923) sw      gp, 1874(t5)
core   0: 3 0x8000b8b2 (0x743f2923) mem 0x8000d000 0x00000001
core   0: 0x8000b8b6 (0x0000bfe5) c.j     pc - 8
core   0: 3 0x8000b8b6 (0xbfe5)
core   0: 0x8000b8ae (0x00001f17) auipc   t5, 0x1
core   0: 3 0x8000b8ae (0x00001f17) x30 0x8000c8ae
core   0: 0x8000b8b2 (0x743f2923) sw      gp, 1874(t5)
core   0: 3 0x8000b8b2 (0x743f2923) mem 0x8000d000 0x00000001
core   0: 0x8000b8b6 (0x0000bfe5) c.j     pc - 8
core   0: 3 0x8000b8b6 (0xbfe5)
core   0: 0x8000b8ae (0x00001f17) auipc   t5, 0x1
core   0: 3 0x8000b8ae (0x00001f17) x30 0x8000c8ae
core   0: 0x8000b8b2 (0x743f2923) sw      gp, 1874(t5)
core   0: 3 0x8000b8b2 (0x743f2923) mem 0x8000d000 0x00000001
core   0: 0x8000b8b6 (0x0000bfe5) c.j     pc - 8
core   0: 3 0x8000b8b6 (0xbfe5)
core   0: 0x8000b8ae (0x00001f17) auipc   t5, 0x1
core   0: 3 0x8000b8ae (0x00001f17) x30 0x8000c8ae
core   0: 0x8000b8b2 (0x743f2923) sw      gp, 1874(t5)
core   0: 3 0x8000b8b2 (0x743f2923) mem 0x8000d000 0x00000001
core   0: 0x8000b8b6 (0x0000bfe5) c.j     pc - 8
core   0: 3 0x8000b8b6 (0xbfe5)
core   0: 0x8000b8ae (0x00001f17) auipc   t5, 0x1
core   0: 3 0x8000b8ae (0x00001f17) x30 0x8000c8ae
core   0: 0x8000b8b2 (0x743f2923) sw      gp, 1874(t5)
core   0: 3 0x8000b8b2 (0x743f2923) mem 0x8000d000 0x00000001
core   0: 0x8000b8b6 (0x0000bfe5) c.j     pc - 8
core   0: 3 0x8000b8b6 (0xbfe5)
core   0: 0x8000b8ae (0x00001f17) auipc   t5, 0x1
core   0: 3 0x8000b8ae (0x00001f17) x30 0x8000c8ae
core   0: 0x8000b8b2 (0x743f2923) sw      gp, 1874(t5)
core   0: 3 0x8000b8b2 (0x743f2923) mem 0x8000d000 0x00000001
core   0: 0x8000b8b6 (0x0000bfe5) c.j     pc - 8
core   0: 3 0x8000b8b6 (0xbfe5)
core   0: 0x8000b8ae (0x00001f17) auipc   t5, 0x1
core   0: 3 0x8000b8ae (0x00001f17) x30 0x8000c8ae
core   0: 0x8000b8b2 (0x743f2923) sw      gp, 1874(t5)
core   0: 3 0x8000b8b2 (0x743f2923) mem 0x8000d000 0x00000001
core   0: 0x8000b8b6 (0x0000bfe5) c.j     pc - 8
core   0: 3 0x8000b8b6 (0xbfe5)
core   0: 0x8000b8ae (0x00001f17) auipc   t5, 0x1
core   0: 3 0x8000b8ae (0x00001f17) x30 0x8000c8ae
core   0: 0x8000b8b2 (0x743f2923) sw      gp, 1874(t5)
core   0: 3 0x8000b8b2 (0x743f2923) mem 0x8000d000 0x00000001
core   0: 0x8000b8b6 (0x0000bfe5) c.j     pc - 8
core   0: 3 0x8000b8b6 (0xbfe5)
core   0: 0x8000b8ae (0x00001f17) auipc   t5, 0x1
core   0: 3 0x8000b8ae (0x00001f17) x30 0x8000c8ae
core   0: 0x8000b8b2 (0x743f2923) sw      gp, 1874(t5)
core   0: 3 0x8000b8b2 (0x743f2923) mem 0x8000d000 0x00000001
core   0: 0x8000b8b6 (0x0000bfe5) c.j     pc - 8
core   0: 3 0x8000b8b6 (0xbfe5)
core   0: 0x8000b8ae (0x00001f17) auipc   t5, 0x1
core   0: 3 0x8000b8ae (0x00001f17) x30 0x8000c8ae
core   0: 0x8000b8b2 (0x743f2923) sw      gp, 1874(t5)
core   0: 3 0x8000b8b2 (0x743f2923) mem 0x8000d000 0x00000001
core   0: 0x8000b8b6 (0x0000bfe5) c.j     pc - 8
core   0: 3 0x8000b8b6 (0xbfe5)
core   0: 0x8000b8ae (0x00001f17) auipc   t5, 0x1
core   0: 3 0x8000b8ae (0x00001f17) x30 0x8000c8ae
core   0: 0x8000b8b2 (0x743f2923) sw      gp, 1874(t5)
core   0: 3 0x8000b8b2 (0x743f2923) mem 0x8000d000 0x00000001
core   0: 0x8000b8b6 (0x0000bfe5) c.j     pc - 8
core   0: 3 0x8000b8b6 (0xbfe5)
core   0: 0x8000b8ae (0x00001f17) auipc   t5, 0x1
core   0: 3 0x8000b8ae (0x00001f17) x30 0x8000c8ae
core   0: 0x8000b8b2 (0x743f2923) sw      gp, 1874(t5)
core   0: 3 0x8000b8b2 (0x743f2923) mem 0x8000d000 0x00000001
core   0: 0x8000b8b6 (0x0000bfe5) c.j     pc - 8
core   0: 3 0x8000b8b6 (0xbfe5)
core   0: 0x8000b8ae (0x00001f17) auipc   t5, 0x1
core   0: 3 0x8000b8ae (0x00001f17) x30 0x8000c8ae
core   0: 0x8000b8b2 (0x743f2923) sw      gp, 1874(t5)
core   0: 3 0x8000b8b2 (0x743f2923) mem 0x8000d000 0x00000001
core   0: 0x8000b8b6 (0x0000bfe5) c.j     pc - 8
core   0: 3 0x8000b8b6 (0xbfe5)
core   0: 0x8000b8ae (0x00001f17) auipc   t5, 0x1
core   0: 3 0x8000b8ae (0x00001f17) x30 0x8000c8ae
core   0: 0x8000b8b2 (0x743f2923) sw      gp, 1874(t5)
core   0: 3 0x8000b8b2 (0x743f2923) mem 0x8000d000 0x00000001
core   0: 0x8000b8b6 (0x0000bfe5) c.j     pc - 8
core   0: 3 0x8000b8b6 (0xbfe5)
core   0: 0x8000b8ae (0x00001f17) auipc   t5, 0x1
core   0: 3 0x8000b8ae (0x00001f17) x30 0x8000c8ae
core   0: 0x8000b8b2 (0x743f2923) sw      gp, 1874(t5)
core   0: 3 0x8000b8b2 (0x743f2923) mem 0x8000d000 0x00000001
core   0: 0x8000b8b6 (0x0000bfe5) c.j     pc - 8
core   0: 3 0x8000b8b6 (0xbfe5)
core   0: 0x8000b8ae (0x00001f17) auipc   t5, 0x1
core   0: 3 0x8000b8ae (0x00001f17) x30 0x8000c8ae
core   0: 0x8000b8b2 (0x743f2923) sw      gp, 1874(t5)
core   0: 3 0x8000b8b2 (0x743f2923) mem 0x8000d000 0x00000001
core   0: 0x8000b8b6 (0x0000bfe5) c.j     pc - 8
core   0: 3 0x8000b8b6 (0xbfe5)
core   0: 0x8000b8ae (0x00001f17) auipc   t5, 0x1
core   0: 3 0x8000b8ae (0x00001f17) x30 0x8000c8ae
core   0: 0x8000b8b2 (0x743f2923) sw      gp, 1874(t5)
core   0: 3 0x8000b8b2 (0x743f2923) mem 0x8000d000 0x00000001
core   0: 0x8000b8b6 (0x0000bfe5) c.j     pc - 8
core   0: 3 0x8000b8b6 (0xbfe5)
core   0: 0x8000b8ae (0x00001f17) auipc   t5, 0x1
core   0: 3 0x8000b8ae (0x00001f17) x30 0x8000c8ae
core   0: 0x8000b8b2 (0x743f2923) sw      gp, 1874(t5)
core   0: 3 0x8000b8b2 (0x743f2923) mem 0x8000d000 0x00000001
core   0: 0x8000b8b6 (0x0000bfe5) c.j     pc - 8
core   0: 3 0x8000b8b6 (0xbfe5)
core   0: 0x8000b8ae (0x00001f17) auipc   t5, 0x1
core   0: 3 0x8000b8ae (0x00001f17) x30 0x8000c8ae
core   0: 0x8000b8b2 (0x743f2923) sw      gp, 1874(t5)
core   0: 3 0x8000b8b2 (0x743f2923) mem 0x8000d000 0x00000001
core   0: 0x8000b8b6 (0x0000bfe5) c.j     pc - 8
core   0: 3 0x8000b8b6 (0xbfe5)
core   0: 0x8000b8ae (0x00001f17) auipc   t5, 0x1
core   0: 3 0x8000b8ae (0x00001f17) x30 0x8000c8ae
core   0: 0x8000b8b2 (0x743f2923) sw      gp, 1874(t5)
core   0: 3 0x8000b8b2 (0x743f2923) mem 0x8000d000 0x00000001
core   0: 0x8000b8b6 (0x0000bfe5) c.j     pc - 8
core   0: 3 0x8000b8b6 (0xbfe5)
core   0: 0x8000b8ae (0x00001f17) auipc   t5, 0x1
core   0: 3 0x8000b8ae (0x00001f17) x30 0x8000c8ae
core   0: 0x8000b8b2 (0x743f2923) sw      gp, 1874(t5)
core   0: 3 0x8000b8b2 (0x743f2923) mem 0x8000d000 0x00000001
core   0: 0x8000b8b6 (0x0000bfe5) c.j     pc - 8
core   0: 3 0x8000b8b6 (0xbfe5)
core   0: 0x8000b8ae (0x00001f17) auipc   t5, 0x1
core   0: 3 0x8000b8ae (0x00001f17) x30 0x8000c8ae
core   0: 0x8000b8b2 (0x743f2923) sw      gp, 1874(t5)
core   0: 3 0x8000b8b2 (0x743f2923) mem 0x8000d000 0x00000001
core   0: 0x8000b8b6 (0x0000bfe5) c.j     pc - 8
core   0: 3 0x8000b8b6 (0xbfe5)
core   0: 0x8000b8ae (0x00001f17) auipc   t5, 0x1
core   0: 3 0x8000b8ae (0x00001f17) x30 0x8000c8ae
core   0: 0x8000b8b2 (0x743f2923) sw      gp, 1874(t5)
core   0: 3 0x8000b8b2 (0x743f2923) mem 0x8000d000 0x00000001
core   0: 0x8000b8b6 (0x0000bfe5) c.j     pc - 8
core   0: 3 0x8000b8b6 (0xbfe5)
core   0: 0x8000b8ae (0x00001f17) auipc   t5, 0x1
core   0: 3 0x8000b8ae (0x00001f17) x30 0x8000c8ae
core   0: 0x8000b8b2 (0x743f2923) sw      gp, 1874(t5)
core   0: 3 0x8000b8b2 (0x743f2923) mem 0x8000d000 0x00000001
core   0: 0x8000b8b6 (0x0000bfe5) c.j     pc - 8
core   0: 3 0x8000b8b6 (0xbfe5)
core   0: 0x8000b8ae (0x00001f17) auipc   t5, 0x1
core   0: 3 0x8000b8ae (0x00001f17) x30 0x8000c8ae
core   0: 0x8000b8b2 (0x743f2923) sw      gp, 1874(t5)
core   0: 3 0x8000b8b2 (0x743f2923) mem 0x8000d000 0x00000001
core   0: 0x8000b8b6 (0x0000bfe5) c.j     pc - 8
core   0: 3 0x8000b8b6 (0xbfe5)
core   0: 0x8000b8ae (0x00001f17) auipc   t5, 0x1
core   0: 3 0x8000b8ae (0x00001f17) x30 0x8000c8ae
core   0: 0x8000b8b2 (0x743f2923) sw      gp, 1874(t5)
core   0: 3 0x8000b8b2 (0x743f2923) mem 0x8000d000 0x00000001
core   0: 0x8000b8b6 (0x0000bfe5) c.j     pc - 8
core   0: 3 0x8000b8b6 (0xbfe5)
core   0: 0x8000b8ae (0x00001f17) auipc   t5, 0x1
core   0: 3 0x8000b8ae (0x00001f17) x30 0x8000c8ae
core   0: 0x8000b8b2 (0x743f2923) sw      gp, 1874(t5)
core   0: 3 0x8000b8b2 (0x743f2923) mem 0x8000d000 0x00000001
core   0: 0x8000b8b6 (0x0000bfe5) c.j     pc - 8
core   0: 3 0x8000b8b6 (0xbfe5)
core   0: 0x8000b8ae (0x00001f17) auipc   t5, 0x1
core   0: 3 0x8000b8ae (0x00001f17) x30 0x8000c8ae
core   0: 0x8000b8b2 (0x743f2923) sw      gp, 1874(t5)
core   0: 3 0x8000b8b2 (0x743f2923) mem 0x8000d000 0x00000001
core   0: 0x8000b8b6 (0x0000bfe5) c.j     pc - 8
core   0: 3 0x8000b8b6 (0xbfe5)
core   0: 0x8000b8ae (0x00001f17) auipc   t5, 0x1
core   0: 3 0x8000b8ae (0x00001f17) x30 0x8000c8ae
core   0: 0x8000b8b2 (0x743f2923) sw      gp, 1874(t5)
core   0: 3 0x8000b8b2 (0x743f2923) mem 0x8000d000 0x00000001
core   0: 0x8000b8b6 (0x0000bfe5) c.j     pc - 8
core   0: 3 0x8000b8b6 (0xbfe5)
core   0: 0x8000b8ae (0x00001f17) auipc   t5, 0x1
core   0: 3 0x8000b8ae (0x00001f17) x30 0x8000c8ae
core   0: 0x8000b8b2 (0x743f2923) sw      gp, 1874(t5)
core   0: 3 0x8000b8b2 (0x743f2923) mem 0x8000d000 0x00000001
core   0: 0x8000b8b6 (0x0000bfe5) c.j     pc - 8
core   0: 3 0x8000b8b6 (0xbfe5)
core   0: 0x8000b8ae (0x00001f17) auipc   t5, 0x1
core   0: 3 0x8000b8ae (0x00001f17) x30 0x8000c8ae
core   0: 0x8000b8b2 (0x743f2923) sw      gp, 1874(t5)
core   0: 3 0x8000b8b2 (0x743f2923) mem 0x8000d000 0x00000001
core   0: 0x8000b8b6 (0x0000bfe5) c.j     pc - 8
core   0: 3 0x8000b8b6 (0xbfe5)
core   0: 0x8000b8ae (0x00001f17) auipc   t5, 0x1
core   0: 3 0x8000b8ae (0x00001f17) x30 0x8000c8ae
core   0: 0x8000b8b2 (0x743f2923) sw      gp, 1874(t5)
core   0: 3 0x8000b8b2 (0x743f2923) mem 0x8000d000 0x00000001
core   0: 0x8000b8b6 (0x0000bfe5) c.j     pc - 8
core   0: 3 0x8000b8b6 (0xbfe5)
core   0: 0x8000b8ae (0x00001f17) auipc   t5, 0x1
core   0: 3 0x8000b8ae (0x00001f17) x30 0x8000c8ae
core   0: 0x8000b8b2 (0x743f2923) sw      gp, 1874(t5)
core   0: 3 0x8000b8b2 (0x743f2923) mem 0x8000d000 0x00000001
core   0: 0x8000b8b6 (0x0000bfe5) c.j     pc - 8
core   0: 3 0x8000b8b6 (0xbfe5)
core   0: 0x8000b8ae (0x00001f17) auipc   t5, 0x1
core   0: 3 0x8000b8ae (0x00001f17) x30 0x8000c8ae
core   0: 0x8000b8b2 (0x743f2923) sw      gp, 1874(t5)
core   0: 3 0x8000b8b2 (0x743f2923) mem 0x8000d000 0x00000001
core   0: 0x8000b8b6 (0x0000bfe5) c.j     pc - 8
core   0: 3 0x8000b8b6 (0xbfe5)
core   0: 0x8000b8ae (0x00001f17) auipc   t5, 0x1
core   0: 3 0x8000b8ae (0x00001f17) x30 0x8000c8ae
core   0: 0x8000b8b2 (0x743f2923) sw      gp, 1874(t5)
core   0: 3 0x8000b8b2 (0x743f2923) mem 0x8000d000 0x00000001
core   0: 0x8000b8b6 (0x0000bfe5) c.j     pc - 8
core   0: 3 0x8000b8b6 (0xbfe5)
core   0: 0x8000b8ae (0x00001f17) auipc   t5, 0x1
core   0: 3 0x8000b8ae (0x00001f17) x30 0x8000c8ae
core   0: 0x8000b8b2 (0x743f2923) sw      gp, 1874(t5)
core   0: 3 0x8000b8b2 (0x743f2923) mem 0x8000d000 0x00000001
core   0: 0x8000b8b6 (0x0000bfe5) c.j     pc - 8
core   0: 3 0x8000b8b6 (0xbfe5)
core   0: 0x8000b8ae (0x00001f17) auipc   t5, 0x1
core   0: 3 0x8000b8ae (0x00001f17) x30 0x8000c8ae
core   0: 0x8000b8b2 (0x743f2923) sw      gp, 1874(t5)
core   0: 3 0x8000b8b2 (0x743f2923) mem 0x8000d000 0x00000001
core   0: 0x8000b8b6 (0x0000bfe5) c.j     pc - 8
core   0: 3 0x8000b8b6 (0xbfe5)
core   0: 0x8000b8ae (0x00001f17) auipc   t5, 0x1
core   0: 3 0x8000b8ae (0x00001f17) x30 0x8000c8ae
core   0: 0x8000b8b2 (0x743f2923) sw      gp, 1874(t5)
core   0: 3 0x8000b8b2 (0x743f2923) mem 0x8000d000 0x00000001
core   0: 0x8000b8b6 (0x0000bfe5) c.j     pc - 8
core   0: 3 0x8000b8b6 (0xbfe5)
core   0: 0x8000b8ae (0x00001f17) auipc   t5, 0x1
core   0: 3 0x8000b8ae (0x00001f17) x30 0x8000c8ae
core   0: 0x8000b8b2 (0x743f2923) sw      gp, 1874(t5)
core   0: 3 0x8000b8b2 (0x743f2923) mem 0x8000d000 0x00000001
core   0: 0x8000b8b6 (0x0000bfe5) c.j     pc - 8
core   0: 3 0x8000b8b6 (0xbfe5)
core   0: 0x8000b8ae (0x00001f17) auipc   t5, 0x1
core   0: 3 0x8000b8ae (0x00001f17) x30 0x8000c8ae
core   0: 0x8000b8b2 (0x743f2923) sw      gp, 1874(t5)
core   0: 3 0x8000b8b2 (0x743f2923) mem 0x8000d000 0x00000001
core   0: 0x8000b8b6 (0x0000bfe5) c.j     pc - 8
core   0: 3 0x8000b8b6 (0xbfe5)
core   0: 0x8000b8ae (0x00001f17) auipc   t5, 0x1
core   0: 3 0x8000b8ae (0x00001f17) x30 0x8000c8ae
core   0: 0x8000b8b2 (0x743f2923) sw      gp, 1874(t5)
core   0: 3 0x8000b8b2 (0x743f2923) mem 0x8000d000 0x00000001
core   0: 0x8000b8b6 (0x0000bfe5) c.j     pc - 8
core   0: 3 0x8000b8b6 (0xbfe5)
core   0: 0x8000b8ae (0x00001f17) auipc   t5, 0x1
core   0: 3 0x8000b8ae (0x00001f17) x30 0x8000c8ae
core   0: 0x8000b8b2 (0x743f2923) sw      gp, 1874(t5)
core   0: 3 0x8000b8b2 (0x743f2923) mem 0x8000d000 0x00000001
core   0: 0x8000b8b6 (0x0000bfe5) c.j     pc - 8
core   0: 3 0x8000b8b6 (0xbfe5)
core   0: 0x8000b8ae (0x00001f17) auipc   t5, 0x1
core   0: 3 0x8000b8ae (0x00001f17) x30 0x8000c8ae
core   0: 0x8000b8b2 (0x743f2923) sw      gp, 1874(t5)
core   0: 3 0x8000b8b2 (0x743f2923) mem 0x8000d000 0x00000001
core   0: 0x8000b8b6 (0x0000bfe5) c.j     pc - 8
core   0: 3 0x8000b8b6 (0xbfe5)
core   0: 0x8000b8ae (0x00001f17) auipc   t5, 0x1
core   0: 3 0x8000b8ae (0x00001f17) x30 0x8000c8ae
core   0: 0x8000b8b2 (0x743f2923) sw      gp, 1874(t5)
core   0: 3 0x8000b8b2 (0x743f2923) mem 0x8000d000 0x00000001
core   0: 0x8000b8b6 (0x0000bfe5) c.j     pc - 8
core   0: 3 0x8000b8b6 (0xbfe5)
core   0: 0x8000b8ae (0x00001f17) auipc   t5, 0x1
core   0: 3 0x8000b8ae (0x00001f17) x30 0x8000c8ae
core   0: 0x8000b8b2 (0x743f2923) sw      gp, 1874(t5)
core   0: 3 0x8000b8b2 (0x743f2923) mem 0x8000d000 0x00000001
core   0: 0x8000b8b6 (0x0000bfe5) c.j     pc - 8
core   0: 3 0x8000b8b6 (0xbfe5)
core   0: 0x8000b8ae (0x00001f17) auipc   t5, 0x1
core   0: 3 0x8000b8ae (0x00001f17) x30 0x8000c8ae
core   0: 0x8000b8b2 (0x743f2923) sw      gp, 1874(t5)
core   0: 3 0x8000b8b2 (0x743f2923) mem 0x8000d000 0x00000001
core   0: 0x8000b8b6 (0x0000bfe5) c.j     pc - 8
core   0: 3 0x8000b8b6 (0xbfe5)
core   0: 0x8000b8ae (0x00001f17) auipc   t5, 0x1
core   0: 3 0x8000b8ae (0x00001f17) x30 0x8000c8ae
core   0: 0x8000b8b2 (0x743f2923) sw      gp, 1874(t5)
core   0: 3 0x8000b8b2 (0x743f2923) mem 0x8000d000 0x00000001
core   0: 0x8000b8b6 (0x0000bfe5) c.j     pc - 8
core   0: 3 0x8000b8b6 (0xbfe5)
core   0: 0x8000b8ae (0x00001f17) auipc   t5, 0x1
core   0: 3 0x8000b8ae (0x00001f17) x30 0x8000c8ae
core   0: 0x8000b8b2 (0x743f2923) sw      gp, 1874(t5)
core   0: 3 0x8000b8b2 (0x743f2923) mem 0x8000d000 0x00000001
core   0: 0x8000b8b6 (0x0000bfe5) c.j     pc - 8
core   0: 3 0x8000b8b6 (0xbfe5)
core   0: 0x8000b8ae (0x00001f17) auipc   t5, 0x1
core   0: 3 0x8000b8ae (0x00001f17) x30 0x8000c8ae
core   0: 0x8000b8b2 (0x743f2923) sw      gp, 1874(t5)
core   0: 3 0x8000b8b2 (0x743f2923) mem 0x8000d000 0x00000001
core   0: 0x8000b8b6 (0x0000bfe5) c.j     pc - 8
core   0: 3 0x8000b8b6 (0xbfe5)
core   0: 0x8000b8ae (0x00001f17) auipc   t5, 0x1
core   0: 3 0x8000b8ae (0x00001f17) x30 0x8000c8ae
core   0: 0x8000b8b2 (0x743f2923) sw      gp, 1874(t5)
core   0: 3 0x8000b8b2 (0x743f2923) mem 0x8000d000 0x00000001
core   0: 0x8000b8b6 (0x0000bfe5) c.j     pc - 8
core   0: 3 0x8000b8b6 (0xbfe5)
core   0: 0x8000b8ae (0x00001f17) auipc   t5, 0x1
core   0: 3 0x8000b8ae (0x00001f17) x30 0x8000c8ae
core   0: 0x8000b8b2 (0x743f2923) sw      gp, 1874(t5)
core   0: 3 0x8000b8b2 (0x743f2923) mem 0x8000d000 0x00000001
core   0: 0x8000b8b6 (0x0000bfe5) c.j     pc - 8
core   0: 3 0x8000b8b6 (0xbfe5)
core   0: 0x8000b8ae (0x00001f17) auipc   t5, 0x1
core   0: 3 0x8000b8ae (0x00001f17) x30 0x8000c8ae
core   0: 0x8000b8b2 (0x743f2923) sw      gp, 1874(t5)
core   0: 3 0x8000b8b2 (0x743f2923) mem 0x8000d000 0x00000001
core   0: 0x8000b8b6 (0x0000bfe5) c.j     pc - 8
core   0: 3 0x8000b8b6 (0xbfe5)
core   0: 0x8000b8ae (0x00001f17) auipc   t5, 0x1
core   0: 3 0x8000b8ae (0x00001f17) x30 0x8000c8ae
core   0: 0x8000b8b2 (0x743f2923) sw      gp, 1874(t5)
core   0: 3 0x8000b8b2 (0x743f2923) mem 0x8000d000 0x00000001
core   0: 0x8000b8b6 (0x0000bfe5) c.j     pc - 8
core   0: 3 0x8000b8b6 (0xbfe5)
core   0: 0x8000b8ae (0x00001f17) auipc   t5, 0x1
core   0: 3 0x8000b8ae (0x00001f17) x30 0x8000c8ae
core   0: 0x8000b8b2 (0x743f2923) sw      gp, 1874(t5)
core   0: 3 0x8000b8b2 (0x743f2923) mem 0x8000d000 0x00000001
core   0: 0x8000b8b6 (0x0000bfe5) c.j     pc - 8
core   0: 3 0x8000b8b6 (0xbfe5)
core   0: 0x8000b8ae (0x00001f17) auipc   t5, 0x1
core   0: 3 0x8000b8ae (0x00001f17) x30 0x8000c8ae
core   0: 0x8000b8b2 (0x743f2923) sw      gp, 1874(t5)
core   0: 3 0x8000b8b2 (0x743f2923) mem 0x8000d000 0x00000001
core   0: 0x8000b8b6 (0x0000bfe5) c.j     pc - 8
core   0: 3 0x8000b8b6 (0xbfe5)
core   0: 0x8000b8ae (0x00001f17) auipc   t5, 0x1
core   0: 3 0x8000b8ae (0x00001f17) x30 0x8000c8ae
core   0: 0x8000b8b2 (0x743f2923) sw      gp, 1874(t5)
core   0: 3 0x8000b8b2 (0x743f2923) mem 0x8000d000 0x00000001
core   0: 0x8000b8b6 (0x0000bfe5) c.j     pc - 8
core   0: 3 0x8000b8b6 (0xbfe5)
core   0: 0x8000b8ae (0x00001f17) auipc   t5, 0x1
core   0: 3 0x8000b8ae (0x00001f17) x30 0x8000c8ae
core   0: 0x8000b8b2 (0x743f2923) sw      gp, 1874(t5)
core   0: 3 0x8000b8b2 (0x743f2923) mem 0x8000d000 0x00000001
core   0: 0x8000b8b6 (0x0000bfe5) c.j     pc - 8
core   0: 3 0x8000b8b6 (0xbfe5)
core   0: 0x8000b8ae (0x00001f17) auipc   t5, 0x1
core   0: 3 0x8000b8ae (0x00001f17) x30 0x8000c8ae
core   0: 0x8000b8b2 (0x743f2923) sw      gp, 1874(t5)
core   0: 3 0x8000b8b2 (0x743f2923) mem 0x8000d000 0x00000001
core   0: 0x8000b8b6 (0x0000bfe5) c.j     pc - 8
core   0: 3 0x8000b8b6 (0xbfe5)
core   0: 0x8000b8ae (0x00001f17) auipc   t5, 0x1
core   0: 3 0x8000b8ae (0x00001f17) x30 0x8000c8ae
core   0: 0x8000b8b2 (0x743f2923) sw      gp, 1874(t5)
core   0: 3 0x8000b8b2 (0x743f2923) mem 0x8000d000 0x00000001
core   0: 0x8000b8b6 (0x0000bfe5) c.j     pc - 8
core   0: 3 0x8000b8b6 (0xbfe5)
core   0: 0x8000b8ae (0x00001f17) auipc   t5, 0x1
core   0: 3 0x8000b8ae (0x00001f17) x30 0x8000c8ae
core   0: 0x8000b8b2 (0x743f2923) sw      gp, 1874(t5)
core   0: 3 0x8000b8b2 (0x743f2923) mem 0x8000d000 0x00000001
core   0: 0x8000b8b6 (0x0000bfe5) c.j     pc - 8
core   0: 3 0x8000b8b6 (0xbfe5)
core   0: 0x8000b8ae (0x00001f17) auipc   t5, 0x1
core   0: 3 0x8000b8ae (0x00001f17) x30 0x8000c8ae
core   0: 0x8000b8b2 (0x743f2923) sw      gp, 1874(t5)
core   0: 3 0x8000b8b2 (0x743f2923) mem 0x8000d000 0x00000001
core   0: 0x8000b8b6 (0x0000bfe5) c.j     pc - 8
core   0: 3 0x8000b8b6 (0xbfe5)
core   0: 0x8000b8ae (0x00001f17) auipc   t5, 0x1
core   0: 3 0x8000b8ae (0x00001f17) x30 0x8000c8ae
core   0: 0x8000b8b2 (0x743f2923) sw      gp, 1874(t5)
core   0: 3 0x8000b8b2 (0x743f2923) mem 0x8000d000 0x00000001
core   0: 0x8000b8b6 (0x0000bfe5) c.j     pc - 8
core   0: 3 0x8000b8b6 (0xbfe5)
core   0: 0x8000b8ae (0x00001f17) auipc   t5, 0x1
core   0: 3 0x8000b8ae (0x00001f17) x30 0x8000c8ae
core   0: 0x8000b8b2 (0x743f2923) sw      gp, 1874(t5)
core   0: 3 0x8000b8b2 (0x743f2923) mem 0x8000d000 0x00000001
core   0: 0x8000b8b6 (0x0000bfe5) c.j     pc - 8
core   0: 3 0x8000b8b6 (0xbfe5)
core   0: 0x8000b8ae (0x00001f17) auipc   t5, 0x1
core   0: 3 0x8000b8ae (0x00001f17) x30 0x8000c8ae
core   0: 0x8000b8b2 (0x743f2923) sw      gp, 1874(t5)
core   0: 3 0x8000b8b2 (0x743f2923) mem 0x8000d000 0x00000001
core   0: 0x8000b8b6 (0x0000bfe5) c.j     pc - 8
core   0: 3 0x8000b8b6 (0xbfe5)
core   0: 0x8000b8ae (0x00001f17) auipc   t5, 0x1
core   0: 3 0x8000b8ae (0x00001f17) x30 0x8000c8ae
core   0: 0x8000b8b2 (0x743f2923) sw      gp, 1874(t5)
core   0: 3 0x8000b8b2 (0x743f2923) mem 0x8000d000 0x00000001
core   0: 0x8000b8b6 (0x0000bfe5) c.j     pc - 8
core   0: 3 0x8000b8b6 (0xbfe5)
core   0: 0x8000b8ae (0x00001f17) auipc   t5, 0x1
core   0: 3 0x8000b8ae (0x00001f17) x30 0x8000c8ae
core   0: 0x8000b8b2 (0x743f2923) sw      gp, 1874(t5)
core   0: 3 0x8000b8b2 (0x743f2923) mem 0x8000d000 0x00000001
core   0: 0x8000b8b6 (0x0000bfe5) c.j     pc - 8
core   0: 3 0x8000b8b6 (0xbfe5)
core   0: 0x8000b8ae (0x00001f17) auipc   t5, 0x1
core   0: 3 0x8000b8ae (0x00001f17) x30 0x8000c8ae
core   0: 0x8000b8b2 (0x743f2923) sw      gp, 1874(t5)
core   0: 3 0x8000b8b2 (0x743f2923) mem 0x8000d000 0x00000001
core   0: 0x8000b8b6 (0x0000bfe5) c.j     pc - 8
core   0: 3 0x8000b8b6 (0xbfe5)
core   0: 0x8000b8ae (0x00001f17) auipc   t5, 0x1
core   0: 3 0x8000b8ae (0x00001f17) x30 0x8000c8ae
core   0: 0x8000b8b2 (0x743f2923) sw      gp, 1874(t5)
core   0: 3 0x8000b8b2 (0x743f2923) mem 0x8000d000 0x00000001
core   0: 0x8000b8b6 (0x0000bfe5) c.j     pc - 8
core   0: 3 0x8000b8b6 (0xbfe5)
core   0: 0x8000b8ae (0x00001f17) auipc   t5, 0x1
core   0: 3 0x8000b8ae (0x00001f17) x30 0x8000c8ae
core   0: 0x8000b8b2 (0x743f2923) sw      gp, 1874(t5)
core   0: 3 0x8000b8b2 (0x743f2923) mem 0x8000d000 0x00000001
core   0: 0x8000b8b6 (0x0000bfe5) c.j     pc - 8
core   0: 3 0x8000b8b6 (0xbfe5)
core   0: 0x8000b8ae (0x00001f17) auipc   t5, 0x1
core   0: 3 0x8000b8ae (0x00001f17) x30 0x8000c8ae
core   0: 0x8000b8b2 (0x743f2923) sw      gp, 1874(t5)
core   0: 3 0x8000b8b2 (0x743f2923) mem 0x8000d000 0x00000001
core   0: 0x8000b8b6 (0x0000bfe5) c.j     pc - 8
core   0: 3 0x8000b8b6 (0xbfe5)
core   0: 0x8000b8ae (0x00001f17) auipc   t5, 0x1
core   0: 3 0x8000b8ae (0x00001f17) x30 0x8000c8ae
core   0: 0x8000b8b2 (0x743f2923) sw      gp, 1874(t5)
core   0: 3 0x8000b8b2 (0x743f2923) mem 0x8000d000 0x00000001
core   0: 0x8000b8b6 (0x0000bfe5) c.j     pc - 8
core   0: 3 0x8000b8b6 (0xbfe5)
core   0: 0x8000b8ae (0x00001f17) auipc   t5, 0x1
core   0: 3 0x8000b8ae (0x00001f17) x30 0x8000c8ae
core   0: 0x8000b8b2 (0x743f2923) sw      gp, 1874(t5)
core   0: 3 0x8000b8b2 (0x743f2923) mem 0x8000d000 0x00000001
core   0: 0x8000b8b6 (0x0000bfe5) c.j     pc - 8
core   0: 3 0x8000b8b6 (0xbfe5)
core   0: 0x8000b8ae (0x00001f17) auipc   t5, 0x1
core   0: 3 0x8000b8ae (0x00001f17) x30 0x8000c8ae
core   0: 0x8000b8b2 (0x743f2923) sw      gp, 1874(t5)
core   0: 3 0x8000b8b2 (0x743f2923) mem 0x8000d000 0x00000001
core   0: 0x8000b8b6 (0x0000bfe5) c.j     pc - 8
core   0: 3 0x8000b8b6 (0xbfe5)
core   0: 0x8000b8ae (0x00001f17) auipc   t5, 0x1
core   0: 3 0x8000b8ae (0x00001f17) x30 0x8000c8ae
core   0: 0x8000b8b2 (0x743f2923) sw      gp, 1874(t5)
core   0: 3 0x8000b8b2 (0x743f2923) mem 0x8000d000 0x00000001
core   0: 0x8000b8b6 (0x0000bfe5) c.j     pc - 8
core   0: 3 0x8000b8b6 (0xbfe5)
core   0: 0x8000b8ae (0x00001f17) auipc   t5, 0x1
core   0: 3 0x8000b8ae (0x00001f17) x30 0x8000c8ae
core   0: 0x8000b8b2 (0x743f2923) sw      gp, 1874(t5)
core   0: 3 0x8000b8b2 (0x743f2923) mem 0x8000d000 0x00000001
core   0: 0x8000b8b6 (0x0000bfe5) c.j     pc - 8
core   0: 3 0x8000b8b6 (0xbfe5)
core   0: 0x8000b8ae (0x00001f17) auipc   t5, 0x1
core   0: 3 0x8000b8ae (0x00001f17) x30 0x8000c8ae
core   0: 0x8000b8b2 (0x743f2923) sw      gp, 1874(t5)
core   0: 3 0x8000b8b2 (0x743f2923) mem 0x8000d000 0x00000001
core   0: 0x8000b8b6 (0x0000bfe5) c.j     pc - 8
core   0: 3 0x8000b8b6 (0xbfe5)
core   0: 0x8000b8ae (0x00001f17) auipc   t5, 0x1
core   0: 3 0x8000b8ae (0x00001f17) x30 0x8000c8ae
core   0: 0x8000b8b2 (0x743f2923) sw      gp, 1874(t5)
core   0: 3 0x8000b8b2 (0x743f2923) mem 0x8000d000 0x00000001
core   0: 0x8000b8b6 (0x0000bfe5) c.j     pc - 8
core   0: 3 0x8000b8b6 (0xbfe5)
core   0: 0x8000b8ae (0x00001f17) auipc   t5, 0x1
core   0: 3 0x8000b8ae (0x00001f17) x30 0x8000c8ae
core   0: 0x8000b8b2 (0x743f2923) sw      gp, 1874(t5)
core   0: 3 0x8000b8b2 (0x743f2923) mem 0x8000d000 0x00000001
core   0: 0x8000b8b6 (0x0000bfe5) c.j     pc - 8
core   0: 3 0x8000b8b6 (0xbfe5)
core   0: 0x8000b8ae (0x00001f17) auipc   t5, 0x1
core   0: 3 0x8000b8ae (0x00001f17) x30 0x8000c8ae
core   0: 0x8000b8b2 (0x743f2923) sw      gp, 1874(t5)
core   0: 3 0x8000b8b2 (0x743f2923) mem 0x8000d000 0x00000001
core   0: 0x8000b8b6 (0x0000bfe5) c.j     pc - 8
core   0: 3 0x8000b8b6 (0xbfe5)
core   0: 0x8000b8ae (0x00001f17) auipc   t5, 0x1
core   0: 3 0x8000b8ae (0x00001f17) x30 0x8000c8ae
core   0: 0x8000b8b2 (0x743f2923) sw      gp, 1874(t5)
core   0: 3 0x8000b8b2 (0x743f2923) mem 0x8000d000 0x00000001
core   0: 0x8000b8b6 (0x0000bfe5) c.j     pc - 8
core   0: 3 0x8000b8b6 (0xbfe5)
core   0: 0x8000b8ae (0x00001f17) auipc   t5, 0x1
core   0: 3 0x8000b8ae (0x00001f17) x30 0x8000c8ae
core   0: 0x8000b8b2 (0x743f2923) sw      gp, 1874(t5)
core   0: 3 0x8000b8b2 (0x743f2923) mem 0x8000d000 0x00000001
core   0: 0x8000b8b6 (0x0000bfe5) c.j     pc - 8
core   0: 3 0x8000b8b6 (0xbfe5)
core   0: 0x8000b8ae (0x00001f17) auipc   t5, 0x1
core   0: 3 0x8000b8ae (0x00001f17) x30 0x8000c8ae
core   0: 0x8000b8b2 (0x743f2923) sw      gp, 1874(t5)
core   0: 3 0x8000b8b2 (0x743f2923) mem 0x8000d000 0x00000001
core   0: 0x8000b8b6 (0x0000bfe5) c.j     pc - 8
core   0: 3 0x8000b8b6 (0xbfe5)
core   0: 0x8000b8ae (0x00001f17) auipc   t5, 0x1
core   0: 3 0x8000b8ae (0x00001f17) x30 0x8000c8ae
core   0: 0x8000b8b2 (0x743f2923) sw      gp, 1874(t5)
core   0: 3 0x8000b8b2 (0x743f2923) mem 0x8000d000 0x00000001
core   0: 0x8000b8b6 (0x0000bfe5) c.j     pc - 8
core   0: 3 0x8000b8b6 (0xbfe5)
core   0: 0x8000b8ae (0x00001f17) auipc   t5, 0x1
core   0: 3 0x8000b8ae (0x00001f17) x30 0x8000c8ae
core   0: 0x8000b8b2 (0x743f2923) sw      gp, 1874(t5)
core   0: 3 0x8000b8b2 (0x743f2923) mem 0x8000d000 0x00000001
core   0: 0x8000b8b6 (0x0000bfe5) c.j     pc - 8
core   0: 3 0x8000b8b6 (0xbfe5)
core   0: 0x8000b8ae (0x00001f17) auipc   t5, 0x1
core   0: 3 0x8000b8ae (0x00001f17) x30 0x8000c8ae
core   0: 0x8000b8b2 (0x743f2923) sw      gp, 1874(t5)
core   0: 3 0x8000b8b2 (0x743f2923) mem 0x8000d000 0x00000001
core   0: 0x8000b8b6 (0x0000bfe5) c.j     pc - 8
core   0: 3 0x8000b8b6 (0xbfe5)
core   0: 0x8000b8ae (0x00001f17) auipc   t5, 0x1
core   0: 3 0x8000b8ae (0x00001f17) x30 0x8000c8ae
core   0: 0x8000b8b2 (0x743f2923) sw      gp, 1874(t5)
core   0: 3 0x8000b8b2 (0x743f2923) mem 0x8000d000 0x00000001
core   0: 0x8000b8b6 (0x0000bfe5) c.j     pc - 8
core   0: 3 0x8000b8b6 (0xbfe5)
core   0: 0x8000b8ae (0x00001f17) auipc   t5, 0x1
core   0: 3 0x8000b8ae (0x00001f17) x30 0x8000c8ae
core   0: 0x8000b8b2 (0x743f2923) sw      gp, 1874(t5)
core   0: 3 0x8000b8b2 (0x743f2923) mem 0x8000d000 0x00000001
core   0: 0x8000b8b6 (0x0000bfe5) c.j     pc - 8
core   0: 3 0x8000b8b6 (0xbfe5)
core   0: 0x8000b8ae (0x00001f17) auipc   t5, 0x1
core   0: 3 0x8000b8ae (0x00001f17) x30 0x8000c8ae
core   0: 0x8000b8b2 (0x743f2923) sw      gp, 1874(t5)
core   0: 3 0x8000b8b2 (0x743f2923) mem 0x8000d000 0x00000001
core   0: 0x8000b8b6 (0x0000bfe5) c.j     pc - 8
core   0: 3 0x8000b8b6 (0xbfe5)
core   0: 0x8000b8ae (0x00001f17) auipc   t5, 0x1
core   0: 3 0x8000b8ae (0x00001f17) x30 0x8000c8ae
core   0: 0x8000b8b2 (0x743f2923) sw      gp, 1874(t5)
core   0: 3 0x8000b8b2 (0x743f2923) mem 0x8000d000 0x00000001
core   0: 0x8000b8b6 (0x0000bfe5) c.j     pc - 8
core   0: 3 0x8000b8b6 (0xbfe5)
core   0: 0x8000b8ae (0x00001f17) auipc   t5, 0x1
core   0: 3 0x8000b8ae (0x00001f17) x30 0x8000c8ae
core   0: 0x8000b8b2 (0x743f2923) sw      gp, 1874(t5)
core   0: 3 0x8000b8b2 (0x743f2923) mem 0x8000d000 0x00000001
core   0: 0x8000b8b6 (0x0000bfe5) c.j     pc - 8
core   0: 3 0x8000b8b6 (0xbfe5)
core   0: 0x8000b8ae (0x00001f17) auipc   t5, 0x1
core   0: 3 0x8000b8ae (0x00001f17) x30 0x8000c8ae
core   0: 0x8000b8b2 (0x743f2923) sw      gp, 1874(t5)
core   0: 3 0x8000b8b2 (0x743f2923) mem 0x8000d000 0x00000001
core   0: 0x8000b8b6 (0x0000bfe5) c.j     pc - 8
core   0: 3 0x8000b8b6 (0xbfe5)
core   0: 0x8000b8ae (0x00001f17) auipc   t5, 0x1
core   0: 3 0x8000b8ae (0x00001f17) x30 0x8000c8ae
core   0: 0x8000b8b2 (0x743f2923) sw      gp, 1874(t5)
core   0: 3 0x8000b8b2 (0x743f2923) mem 0x8000d000 0x00000001
core   0: 0x8000b8b6 (0x0000bfe5) c.j     pc - 8
core   0: 3 0x8000b8b6 (0xbfe5)
core   0: 0x8000b8ae (0x00001f17) auipc   t5, 0x1
core   0: 3 0x8000b8ae (0x00001f17) x30 0x8000c8ae
core   0: 0x8000b8b2 (0x743f2923) sw      gp, 1874(t5)
core   0: 3 0x8000b8b2 (0x743f2923) mem 0x8000d000 0x00000001
core   0: 0x8000b8b6 (0x0000bfe5) c.j     pc - 8
core   0: 3 0x8000b8b6 (0xbfe5)
core   0: 0x8000b8ae (0x00001f17) auipc   t5, 0x1
core   0: 3 0x8000b8ae (0x00001f17) x30 0x8000c8ae
core   0: 0x8000b8b2 (0x743f2923) sw      gp, 1874(t5)
core   0: 3 0x8000b8b2 (0x743f2923) mem 0x8000d000 0x00000001
core   0: 0x8000b8b6 (0x0000bfe5) c.j     pc - 8
core   0: 3 0x8000b8b6 (0xbfe5)
core   0: 0x8000b8ae (0x00001f17) auipc   t5, 0x1
core   0: 3 0x8000b8ae (0x00001f17) x30 0x8000c8ae
core   0: 0x8000b8b2 (0x743f2923) sw      gp, 1874(t5)
core   0: 3 0x8000b8b2 (0x743f2923) mem 0x8000d000 0x00000001
core   0: 0x8000b8b6 (0x0000bfe5) c.j     pc - 8
core   0: 3 0x8000b8b6 (0xbfe5)
core   0: 0x8000b8ae (0x00001f17) auipc   t5, 0x1
core   0: 3 0x8000b8ae (0x00001f17) x30 0x8000c8ae
core   0: 0x8000b8b2 (0x743f2923) sw      gp, 1874(t5)
core   0: 3 0x8000b8b2 (0x743f2923) mem 0x8000d000 0x00000001
core   0: 0x8000b8b6 (0x0000bfe5) c.j     pc - 8
core   0: 3 0x8000b8b6 (0xbfe5)
core   0: 0x8000b8ae (0x00001f17) auipc   t5, 0x1
core   0: 3 0x8000b8ae (0x00001f17) x30 0x8000c8ae
core   0: 0x8000b8b2 (0x743f2923) sw      gp, 1874(t5)
core   0: 3 0x8000b8b2 (0x743f2923) mem 0x8000d000 0x00000001
core   0: 0x8000b8b6 (0x0000bfe5) c.j     pc - 8
core   0: 3 0x8000b8b6 (0xbfe5)
core   0: 0x8000b8ae (0x00001f17) auipc   t5, 0x1
core   0: 3 0x8000b8ae (0x00001f17) x30 0x8000c8ae
core   0: 0x8000b8b2 (0x743f2923) sw      gp, 1874(t5)
core   0: 3 0x8000b8b2 (0x743f2923) mem 0x8000d000 0x00000001
core   0: 0x8000b8b6 (0x0000bfe5) c.j     pc - 8
core   0: 3 0x8000b8b6 (0xbfe5)
core   0: 0x8000b8ae (0x00001f17) auipc   t5, 0x1
core   0: 3 0x8000b8ae (0x00001f17) x30 0x8000c8ae
core   0: 0x8000b8b2 (0x743f2923) sw      gp, 1874(t5)
core   0: 3 0x8000b8b2 (0x743f2923) mem 0x8000d000 0x00000001
core   0: 0x8000b8b6 (0x0000bfe5) c.j     pc - 8
core   0: 3 0x8000b8b6 (0xbfe5)
core   0: 0x8000b8ae (0x00001f17) auipc   t5, 0x1
core   0: 3 0x8000b8ae (0x00001f17) x30 0x8000c8ae
core   0: 0x8000b8b2 (0x743f2923) sw      gp, 1874(t5)
core   0: 3 0x8000b8b2 (0x743f2923) mem 0x8000d000 0x00000001
core   0: 0x8000b8b6 (0x0000bfe5) c.j     pc - 8
core   0: 3 0x8000b8b6 (0xbfe5)
core   0: 0x8000b8ae (0x00001f17) auipc   t5, 0x1
core   0: 3 0x8000b8ae (0x00001f17) x30 0x8000c8ae
core   0: 0x8000b8b2 (0x743f2923) sw      gp, 1874(t5)
core   0: 3 0x8000b8b2 (0x743f2923) mem 0x8000d000 0x00000001
core   0: 0x8000b8b6 (0x0000bfe5) c.j     pc - 8
core   0: 3 0x8000b8b6 (0xbfe5)
core   0: 0x8000b8ae (0x00001f17) auipc   t5, 0x1
core   0: 3 0x8000b8ae (0x00001f17) x30 0x8000c8ae
core   0: 0x8000b8b2 (0x743f2923) sw      gp, 1874(t5)
core   0: 3 0x8000b8b2 (0x743f2923) mem 0x8000d000 0x00000001
core   0: 0x8000b8b6 (0x0000bfe5) c.j     pc - 8
core   0: 3 0x8000b8b6 (0xbfe5)
core   0: 0x8000b8ae (0x00001f17) auipc   t5, 0x1
core   0: 3 0x8000b8ae (0x00001f17) x30 0x8000c8ae
core   0: 0x8000b8b2 (0x743f2923) sw      gp, 1874(t5)
core   0: 3 0x8000b8b2 (0x743f2923) mem 0x8000d000 0x00000001
core   0: 0x8000b8b6 (0x0000bfe5) c.j     pc - 8
core   0: 3 0x8000b8b6 (0xbfe5)
core   0: 0x8000b8ae (0x00001f17) auipc   t5, 0x1
core   0: 3 0x8000b8ae (0x00001f17) x30 0x8000c8ae
core   0: 0x8000b8b2 (0x743f2923) sw      gp, 1874(t5)
core   0: 3 0x8000b8b2 (0x743f2923) mem 0x8000d000 0x00000001
core   0: 0x8000b8b6 (0x0000bfe5) c.j     pc - 8
core   0: 3 0x8000b8b6 (0xbfe5)
core   0: 0x8000b8ae (0x00001f17) auipc   t5, 0x1
core   0: 3 0x8000b8ae (0x00001f17) x30 0x8000c8ae
core   0: 0x8000b8b2 (0x743f2923) sw      gp, 1874(t5)
core   0: 3 0x8000b8b2 (0x743f2923) mem 0x8000d000 0x00000001
core   0: 0x8000b8b6 (0x0000bfe5) c.j     pc - 8
core   0: 3 0x8000b8b6 (0xbfe5)
core   0: 0x8000b8ae (0x00001f17) auipc   t5, 0x1
core   0: 3 0x8000b8ae (0x00001f17) x30 0x8000c8ae
core   0: 0x8000b8b2 (0x743f2923) sw      gp, 1874(t5)
core   0: 3 0x8000b8b2 (0x743f2923) mem 0x8000d000 0x00000001
core   0: 0x8000b8b6 (0x0000bfe5) c.j     pc - 8
core   0: 3 0x8000b8b6 (0xbfe5)
core   0: 0x8000b8ae (0x00001f17) auipc   t5, 0x1
core   0: 3 0x8000b8ae (0x00001f17) x30 0x8000c8ae
core   0: 0x8000b8b2 (0x743f2923) sw      gp, 1874(t5)
core   0: 3 0x8000b8b2 (0x743f2923) mem 0x8000d000 0x00000001
core   0: 0x8000b8b6 (0x0000bfe5) c.j     pc - 8
core   0: 3 0x8000b8b6 (0xbfe5)
core   0: 0x8000b8ae (0x00001f17) auipc   t5, 0x1
core   0: 3 0x8000b8ae (0x00001f17) x30 0x8000c8ae
core   0: 0x8000b8b2 (0x743f2923) sw      gp, 1874(t5)
core   0: 3 0x8000b8b2 (0x743f2923) mem 0x8000d000 0x00000001
core   0: 0x8000b8b6 (0x0000bfe5) c.j     pc - 8
core   0: 3 0x8000b8b6 (0xbfe5)
core   0: 0x8000b8ae (0x00001f17) auipc   t5, 0x1
core   0: 3 0x8000b8ae (0x00001f17) x30 0x8000c8ae
core   0: 0x8000b8b2 (0x743f2923) sw      gp, 1874(t5)
core   0: 3 0x8000b8b2 (0x743f2923) mem 0x8000d000 0x00000001
core   0: 0x8000b8b6 (0x0000bfe5) c.j     pc - 8
core   0: 3 0x8000b8b6 (0xbfe5)
core   0: 0x8000b8ae (0x00001f17) auipc   t5, 0x1
core   0: 3 0x8000b8ae (0x00001f17) x30 0x8000c8ae
core   0: 0x8000b8b2 (0x743f2923) sw      gp, 1874(t5)
core   0: 3 0x8000b8b2 (0x743f2923) mem 0x8000d000 0x00000001
core   0: 0x8000b8b6 (0x0000bfe5) c.j     pc - 8
core   0: 3 0x8000b8b6 (0xbfe5)
core   0: 0x8000b8ae (0x00001f17) auipc   t5, 0x1
core   0: 3 0x8000b8ae (0x00001f17) x30 0x8000c8ae
core   0: 0x8000b8b2 (0x743f2923) sw      gp, 1874(t5)
core   0: 3 0x8000b8b2 (0x743f2923) mem 0x8000d000 0x00000001
core   0: 0x8000b8b6 (0x0000bfe5) c.j     pc - 8
core   0: 3 0x8000b8b6 (0xbfe5)
core   0: 0x8000b8ae (0x00001f17) auipc   t5, 0x1
core   0: 3 0x8000b8ae (0x00001f17) x30 0x8000c8ae
core   0: 0x8000b8b2 (0x743f2923) sw      gp, 1874(t5)
core   0: 3 0x8000b8b2 (0x743f2923) mem 0x8000d000 0x00000001
core   0: 0x8000b8b6 (0x0000bfe5) c.j     pc - 8
core   0: 3 0x8000b8b6 (0xbfe5)
core   0: 0x8000b8ae (0x00001f17) auipc   t5, 0x1
core   0: 3 0x8000b8ae (0x00001f17) x30 0x8000c8ae
core   0: 0x8000b8b2 (0x743f2923) sw      gp, 1874(t5)
core   0: 3 0x8000b8b2 (0x743f2923) mem 0x8000d000 0x00000001
core   0: 0x8000b8b6 (0x0000bfe5) c.j     pc - 8
core   0: 3 0x8000b8b6 (0xbfe5)
core   0: 0x8000b8ae (0x00001f17) auipc   t5, 0x1
core   0: 3 0x8000b8ae (0x00001f17) x30 0x8000c8ae
core   0: 0x8000b8b2 (0x743f2923) sw      gp, 1874(t5)
core   0: 3 0x8000b8b2 (0x743f2923) mem 0x8000d000 0x00000001
core   0: 0x8000b8b6 (0x0000bfe5) c.j     pc - 8
core   0: 3 0x8000b8b6 (0xbfe5)
core   0: 0x8000b8ae (0x00001f17) auipc   t5, 0x1
core   0: 3 0x8000b8ae (0x00001f17) x30 0x8000c8ae
core   0: 0x8000b8b2 (0x743f2923) sw      gp, 1874(t5)
core   0: 3 0x8000b8b2 (0x743f2923) mem 0x8000d000 0x00000001
core   0: 0x8000b8b6 (0x0000bfe5) c.j     pc - 8
core   0: 3 0x8000b8b6 (0xbfe5)
core   0: 0x8000b8ae (0x00001f17) auipc   t5, 0x1
core   0: 3 0x8000b8ae (0x00001f17) x30 0x8000c8ae
core   0: 0x8000b8b2 (0x743f2923) sw      gp, 1874(t5)
core   0: 3 0x8000b8b2 (0x743f2923) mem 0x8000d000 0x00000001
core   0: 0x8000b8b6 (0x0000bfe5) c.j     pc - 8
core   0: 3 0x8000b8b6 (0xbfe5)
core   0: 0x8000b8ae (0x00001f17) auipc   t5, 0x1
core   0: 3 0x8000b8ae (0x00001f17) x30 0x8000c8ae
core   0: 0x8000b8b2 (0x743f2923) sw      gp, 1874(t5)
core   0: 3 0x8000b8b2 (0x743f2923) mem 0x8000d000 0x00000001
core   0: 0x8000b8b6 (0x0000bfe5) c.j     pc - 8
core   0: 3 0x8000b8b6 (0xbfe5)
core   0: 0x8000b8ae (0x00001f17) auipc   t5, 0x1
core   0: 3 0x8000b8ae (0x00001f17) x30 0x8000c8ae
core   0: 0x8000b8b2 (0x743f2923) sw      gp, 1874(t5)
core   0: 3 0x8000b8b2 (0x743f2923) mem 0x8000d000 0x00000001
core   0: 0x8000b8b6 (0x0000bfe5) c.j     pc - 8
core   0: 3 0x8000b8b6 (0xbfe5)
core   0: 0x8000b8ae (0x00001f17) auipc   t5, 0x1
core   0: 3 0x8000b8ae (0x00001f17) x30 0x8000c8ae
core   0: 0x8000b8b2 (0x743f2923) sw      gp, 1874(t5)
core   0: 3 0x8000b8b2 (0x743f2923) mem 0x8000d000 0x00000001
core   0: 0x8000b8b6 (0x0000bfe5) c.j     pc - 8
core   0: 3 0x8000b8b6 (0xbfe5)
core   0: 0x8000b8ae (0x00001f17) auipc   t5, 0x1
core   0: 3 0x8000b8ae (0x00001f17) x30 0x8000c8ae
core   0: 0x8000b8b2 (0x743f2923) sw      gp, 1874(t5)
core   0: 3 0x8000b8b2 (0x743f2923) mem 0x8000d000 0x00000001
core   0: 0x8000b8b6 (0x0000bfe5) c.j     pc - 8
core   0: 3 0x8000b8b6 (0xbfe5)
core   0: 0x8000b8ae (0x00001f17) auipc   t5, 0x1
core   0: 3 0x8000b8ae (0x00001f17) x30 0x8000c8ae
core   0: 0x8000b8b2 (0x743f2923) sw      gp, 1874(t5)
core   0: 3 0x8000b8b2 (0x743f2923) mem 0x8000d000 0x00000001
core   0: 0x8000b8b6 (0x0000bfe5) c.j     pc - 8
core   0: 3 0x8000b8b6 (0xbfe5)
core   0: 0x8000b8ae (0x00001f17) auipc   t5, 0x1
core   0: 3 0x8000b8ae (0x00001f17) x30 0x8000c8ae
core   0: 0x8000b8b2 (0x743f2923) sw      gp, 1874(t5)
core   0: 3 0x8000b8b2 (0x743f2923) mem 0x8000d000 0x00000001
core   0: 0x8000b8b6 (0x0000bfe5) c.j     pc - 8
core   0: 3 0x8000b8b6 (0xbfe5)
core   0: 0x8000b8ae (0x00001f17) auipc   t5, 0x1
core   0: 3 0x8000b8ae (0x00001f17) x30 0x8000c8ae
core   0: 0x8000b8b2 (0x743f2923) sw      gp, 1874(t5)
core   0: 3 0x8000b8b2 (0x743f2923) mem 0x8000d000 0x00000001
core   0: 0x8000b8b6 (0x0000bfe5) c.j     pc - 8
core   0: 3 0x8000b8b6 (0xbfe5)
core   0: 0x8000b8ae (0x00001f17) auipc   t5, 0x1
core   0: 3 0x8000b8ae (0x00001f17) x30 0x8000c8ae
core   0: 0x8000b8b2 (0x743f2923) sw      gp, 1874(t5)
core   0: 3 0x8000b8b2 (0x743f2923) mem 0x8000d000 0x00000001
core   0: 0x8000b8b6 (0x0000bfe5) c.j     pc - 8
core   0: 3 0x8000b8b6 (0xbfe5)
core   0: 0x8000b8ae (0x00001f17) auipc   t5, 0x1
core   0: 3 0x8000b8ae (0x00001f17) x30 0x8000c8ae
core   0: 0x8000b8b2 (0x743f2923) sw      gp, 1874(t5)
core   0: 3 0x8000b8b2 (0x743f2923) mem 0x8000d000 0x00000001
core   0: 0x8000b8b6 (0x0000bfe5) c.j     pc - 8
core   0: 3 0x8000b8b6 (0xbfe5)
core   0: 0x8000b8ae (0x00001f17) auipc   t5, 0x1
core   0: 3 0x8000b8ae (0x00001f17) x30 0x8000c8ae
core   0: 0x8000b8b2 (0x743f2923) sw      gp, 1874(t5)
core   0: 3 0x8000b8b2 (0x743f2923) mem 0x8000d000 0x00000001
core   0: 0x8000b8b6 (0x0000bfe5) c.j     pc - 8
core   0: 3 0x8000b8b6 (0xbfe5)
core   0: 0x8000b8ae (0x00001f17) auipc   t5, 0x1
core   0: 3 0x8000b8ae (0x00001f17) x30 0x8000c8ae
core   0: 0x8000b8b2 (0x743f2923) sw      gp, 1874(t5)
core   0: 3 0x8000b8b2 (0x743f2923) mem 0x8000d000 0x00000001
core   0: 0x8000b8b6 (0x0000bfe5) c.j     pc - 8
core   0: 3 0x8000b8b6 (0xbfe5)
core   0: 0x8000b8ae (0x00001f17) auipc   t5, 0x1
core   0: 3 0x8000b8ae (0x00001f17) x30 0x8000c8ae
core   0: 0x8000b8b2 (0x743f2923) sw      gp, 1874(t5)
core   0: 3 0x8000b8b2 (0x743f2923) mem 0x8000d000 0x00000001
core   0: 0x8000b8b6 (0x0000bfe5) c.j     pc - 8
core   0: 3 0x8000b8b6 (0xbfe5)
core   0: 0x8000b8ae (0x00001f17) auipc   t5, 0x1
core   0: 3 0x8000b8ae (0x00001f17) x30 0x8000c8ae
core   0: 0x8000b8b2 (0x743f2923) sw      gp, 1874(t5)
core   0: 3 0x8000b8b2 (0x743f2923) mem 0x8000d000 0x00000001
core   0: 0x8000b8b6 (0x0000bfe5) c.j     pc - 8
core   0: 3 0x8000b8b6 (0xbfe5)
core   0: 0x8000b8ae (0x00001f17) auipc   t5, 0x1
core   0: 3 0x8000b8ae (0x00001f17) x30 0x8000c8ae
core   0: 0x8000b8b2 (0x743f2923) sw      gp, 1874(t5)
core   0: 3 0x8000b8b2 (0x743f2923) mem 0x8000d000 0x00000001
core   0: 0x8000b8b6 (0x0000bfe5) c.j     pc - 8
core   0: 3 0x8000b8b6 (0xbfe5)
core   0: 0x8000b8ae (0x00001f17) auipc   t5, 0x1
core   0: 3 0x8000b8ae (0x00001f17) x30 0x8000c8ae
core   0: 0x8000b8b2 (0x743f2923) sw      gp, 1874(t5)
core   0: 3 0x8000b8b2 (0x743f2923) mem 0x8000d000 0x00000001
core   0: 0x8000b8b6 (0x0000bfe5) c.j     pc - 8
core   0: 3 0x8000b8b6 (0xbfe5)
core   0: 0x8000b8ae (0x00001f17) auipc   t5, 0x1
core   0: 3 0x8000b8ae (0x00001f17) x30 0x8000c8ae
core   0: 0x8000b8b2 (0x743f2923) sw      gp, 1874(t5)
core   0: 3 0x8000b8b2 (0x743f2923) mem 0x8000d000 0x00000001
core   0: 0x8000b8b6 (0x0000bfe5) c.j     pc - 8
core   0: 3 0x8000b8b6 (0xbfe5)
core   0: 0x8000b8ae (0x00001f17) auipc   t5, 0x1
core   0: 3 0x8000b8ae (0x00001f17) x30 0x8000c8ae
core   0: 0x8000b8b2 (0x743f2923) sw      gp, 1874(t5)
core   0: 3 0x8000b8b2 (0x743f2923) mem 0x8000d000 0x00000001
core   0: 0x8000b8b6 (0x0000bfe5) c.j     pc - 8
core   0: 3 0x8000b8b6 (0xbfe5)
core   0: 0x8000b8ae (0x00001f17) auipc   t5, 0x1
core   0: 3 0x8000b8ae (0x00001f17) x30 0x8000c8ae
core   0: 0x8000b8b2 (0x743f2923) sw      gp, 1874(t5)
core   0: 3 0x8000b8b2 (0x743f2923) mem 0x8000d000 0x00000001
core   0: 0x8000b8b6 (0x0000bfe5) c.j     pc - 8
core   0: 3 0x8000b8b6 (0xbfe5)
core   0: 0x8000b8ae (0x00001f17) auipc   t5, 0x1
core   0: 3 0x8000b8ae (0x00001f17) x30 0x8000c8ae
core   0: 0x8000b8b2 (0x743f2923) sw      gp, 1874(t5)
core   0: 3 0x8000b8b2 (0x743f2923) mem 0x8000d000 0x00000001
core   0: 0x8000b8b6 (0x0000bfe5) c.j     pc - 8
core   0: 3 0x8000b8b6 (0xbfe5)
core   0: 0x8000b8ae (0x00001f17) auipc   t5, 0x1
core   0: 3 0x8000b8ae (0x00001f17) x30 0x8000c8ae
core   0: 0x8000b8b2 (0x743f2923) sw      gp, 1874(t5)
core   0: 3 0x8000b8b2 (0x743f2923) mem 0x8000d000 0x00000001
core   0: 0x8000b8b6 (0x0000bfe5) c.j     pc - 8
core   0: 3 0x8000b8b6 (0xbfe5)
core   0: 0x8000b8ae (0x00001f17) auipc   t5, 0x1
core   0: 3 0x8000b8ae (0x00001f17) x30 0x8000c8ae
core   0: 0x8000b8b2 (0x743f2923) sw      gp, 1874(t5)
core   0: 3 0x8000b8b2 (0x743f2923) mem 0x8000d000 0x00000001
core   0: 0x8000b8b6 (0x0000bfe5) c.j     pc - 8
core   0: 3 0x8000b8b6 (0xbfe5)
core   0: 0x8000b8ae (0x00001f17) auipc   t5, 0x1
core   0: 3 0x8000b8ae (0x00001f17) x30 0x8000c8ae
core   0: 0x8000b8b2 (0x743f2923) sw      gp, 1874(t5)
core   0: 3 0x8000b8b2 (0x743f2923) mem 0x8000d000 0x00000001
core   0: 0x8000b8b6 (0x0000bfe5) c.j     pc - 8
core   0: 3 0x8000b8b6 (0xbfe5)
core   0: 0x8000b8ae (0x00001f17) auipc   t5, 0x1
core   0: 3 0x8000b8ae (0x00001f17) x30 0x8000c8ae
core   0: 0x8000b8b2 (0x743f2923) sw      gp, 1874(t5)
core   0: 3 0x8000b8b2 (0x743f2923) mem 0x8000d000 0x00000001
core   0: 0x8000b8b6 (0x0000bfe5) c.j     pc - 8
core   0: 3 0x8000b8b6 (0xbfe5)
core   0: 0x8000b8ae (0x00001f17) auipc   t5, 0x1
core   0: 3 0x8000b8ae (0x00001f17) x30 0x8000c8ae
core   0: 0x8000b8b2 (0x743f2923) sw      gp, 1874(t5)
core   0: 3 0x8000b8b2 (0x743f2923) mem 0x8000d000 0x00000001
core   0: 0x8000b8b6 (0x0000bfe5) c.j     pc - 8
core   0: 3 0x8000b8b6 (0xbfe5)
core   0: 0x8000b8ae (0x00001f17) auipc   t5, 0x1
core   0: 3 0x8000b8ae (0x00001f17) x30 0x8000c8ae
core   0: 0x8000b8b2 (0x743f2923) sw      gp, 1874(t5)
core   0: 3 0x8000b8b2 (0x743f2923) mem 0x8000d000 0x00000001
core   0: 0x8000b8b6 (0x0000bfe5) c.j     pc - 8
core   0: 3 0x8000b8b6 (0xbfe5)
core   0: 0x8000b8ae (0x00001f17) auipc   t5, 0x1
core   0: 3 0x8000b8ae (0x00001f17) x30 0x8000c8ae
core   0: 0x8000b8b2 (0x743f2923) sw      gp, 1874(t5)
core   0: 3 0x8000b8b2 (0x743f2923) mem 0x8000d000 0x00000001
core   0: 0x8000b8b6 (0x0000bfe5) c.j     pc - 8
core   0: 3 0x8000b8b6 (0xbfe5)
core   0: 0x8000b8ae (0x00001f17) auipc   t5, 0x1
core   0: 3 0x8000b8ae (0x00001f17) x30 0x8000c8ae
core   0: 0x8000b8b2 (0x743f2923) sw      gp, 1874(t5)
core   0: 3 0x8000b8b2 (0x743f2923) mem 0x8000d000 0x00000001
core   0: 0x8000b8b6 (0x0000bfe5) c.j     pc - 8
core   0: 3 0x8000b8b6 (0xbfe5)
core   0: 0x8000b8ae (0x00001f17) auipc   t5, 0x1
core   0: 3 0x8000b8ae (0x00001f17) x30 0x8000c8ae
core   0: 0x8000b8b2 (0x743f2923) sw      gp, 1874(t5)
core   0: 3 0x8000b8b2 (0x743f2923) mem 0x8000d000 0x00000001
core   0: 0x8000b8b6 (0x0000bfe5) c.j     pc - 8
core   0: 3 0x8000b8b6 (0xbfe5)
core   0: 0x8000b8ae (0x00001f17) auipc   t5, 0x1
core   0: 3 0x8000b8ae (0x00001f17) x30 0x8000c8ae
core   0: 0x8000b8b2 (0x743f2923) sw      gp, 1874(t5)
core   0: 3 0x8000b8b2 (0x743f2923) mem 0x8000d000 0x00000001
core   0: 0x8000b8b6 (0x0000bfe5) c.j     pc - 8
core   0: 3 0x8000b8b6 (0xbfe5)
core   0: 0x8000b8ae (0x00001f17) auipc   t5, 0x1
core   0: 3 0x8000b8ae (0x00001f17) x30 0x8000c8ae
core   0: 0x8000b8b2 (0x743f2923) sw      gp, 1874(t5)
core   0: 3 0x8000b8b2 (0x743f2923) mem 0x8000d000 0x00000001
core   0: 0x8000b8b6 (0x0000bfe5) c.j     pc - 8
core   0: 3 0x8000b8b6 (0xbfe5)
core   0: 0x8000b8ae (0x00001f17) auipc   t5, 0x1
core   0: 3 0x8000b8ae (0x00001f17) x30 0x8000c8ae
core   0: 0x8000b8b2 (0x743f2923) sw      gp, 1874(t5)
core   0: 3 0x8000b8b2 (0x743f2923) mem 0x8000d000 0x00000001
core   0: 0x8000b8b6 (0x0000bfe5) c.j     pc - 8
core   0: 3 0x8000b8b6 (0xbfe5)
core   0: 0x8000b8ae (0x00001f17) auipc   t5, 0x1
core   0: 3 0x8000b8ae (0x00001f17) x30 0x8000c8ae
core   0: 0x8000b8b2 (0x743f2923) sw      gp, 1874(t5)
core   0: 3 0x8000b8b2 (0x743f2923) mem 0x8000d000 0x00000001
core   0: 0x8000b8b6 (0x0000bfe5) c.j     pc - 8
core   0: 3 0x8000b8b6 (0xbfe5)
core   0: 0x8000b8ae (0x00001f17) auipc   t5, 0x1
core   0: 3 0x8000b8ae (0x00001f17) x30 0x8000c8ae
core   0: 0x8000b8b2 (0x743f2923) sw      gp, 1874(t5)
core   0: 3 0x8000b8b2 (0x743f2923) mem 0x8000d000 0x00000001
core   0: 0x8000b8b6 (0x0000bfe5) c.j     pc - 8
core   0: 3 0x8000b8b6 (0xbfe5)
core   0: 0x8000b8ae (0x00001f17) auipc   t5, 0x1
core   0: 3 0x8000b8ae (0x00001f17) x30 0x8000c8ae
core   0: 0x8000b8b2 (0x743f2923) sw      gp, 1874(t5)
core   0: 3 0x8000b8b2 (0x743f2923) mem 0x8000d000 0x00000001
core   0: 0x8000b8b6 (0x0000bfe5) c.j     pc - 8
core   0: 3 0x8000b8b6 (0xbfe5)
core   0: 0x8000b8ae (0x00001f17) auipc   t5, 0x1
core   0: 3 0x8000b8ae (0x00001f17) x30 0x8000c8ae
core   0: 0x8000b8b2 (0x743f2923) sw      gp, 1874(t5)
core   0: 3 0x8000b8b2 (0x743f2923) mem 0x8000d000 0x00000001
core   0: 0x8000b8b6 (0x0000bfe5) c.j     pc - 8
core   0: 3 0x8000b8b6 (0xbfe5)
core   0: 0x8000b8ae (0x00001f17) auipc   t5, 0x1
core   0: 3 0x8000b8ae (0x00001f17) x30 0x8000c8ae
core   0: 0x8000b8b2 (0x743f2923) sw      gp, 1874(t5)
core   0: 3 0x8000b8b2 (0x743f2923) mem 0x8000d000 0x00000001
core   0: 0x8000b8b6 (0x0000bfe5) c.j     pc - 8
core   0: 3 0x8000b8b6 (0xbfe5)
core   0: 0x8000b8ae (0x00001f17) auipc   t5, 0x1
core   0: 3 0x8000b8ae (0x00001f17) x30 0x8000c8ae
core   0: 0x8000b8b2 (0x743f2923) sw      gp, 1874(t5)
core   0: 3 0x8000b8b2 (0x743f2923) mem 0x8000d000 0x00000001
core   0: 0x8000b8b6 (0x0000bfe5) c.j     pc - 8
core   0: 3 0x8000b8b6 (0xbfe5)
core   0: 0x8000b8ae (0x00001f17) auipc   t5, 0x1
core   0: 3 0x8000b8ae (0x00001f17) x30 0x8000c8ae
core   0: 0x8000b8b2 (0x743f2923) sw      gp, 1874(t5)
core   0: 3 0x8000b8b2 (0x743f2923) mem 0x8000d000 0x00000001
core   0: 0x8000b8b6 (0x0000bfe5) c.j     pc - 8
core   0: 3 0x8000b8b6 (0xbfe5)
core   0: 0x8000b8ae (0x00001f17) auipc   t5, 0x1
core   0: 3 0x8000b8ae (0x00001f17) x30 0x8000c8ae
core   0: 0x8000b8b2 (0x743f2923) sw      gp, 1874(t5)
core   0: 3 0x8000b8b2 (0x743f2923) mem 0x8000d000 0x00000001
core   0: 0x8000b8b6 (0x0000bfe5) c.j     pc - 8
core   0: 3 0x8000b8b6 (0xbfe5)
core   0: 0x8000b8ae (0x00001f17) auipc   t5, 0x1
core   0: 3 0x8000b8ae (0x00001f17) x30 0x8000c8ae
core   0: 0x8000b8b2 (0x743f2923) sw      gp, 1874(t5)
core   0: 3 0x8000b8b2 (0x743f2923) mem 0x8000d000 0x00000001
core   0: 0x8000b8b6 (0x0000bfe5) c.j     pc - 8
core   0: 3 0x8000b8b6 (0xbfe5)
core   0: 0x8000b8ae (0x00001f17) auipc   t5, 0x1
core   0: 3 0x8000b8ae (0x00001f17) x30 0x8000c8ae
core   0: 0x8000b8b2 (0x743f2923) sw      gp, 1874(t5)
core   0: 3 0x8000b8b2 (0x743f2923) mem 0x8000d000 0x00000001
core   0: 0x8000b8b6 (0x0000bfe5) c.j     pc - 8
core   0: 3 0x8000b8b6 (0xbfe5)
core   0: 0x8000b8ae (0x00001f17) auipc   t5, 0x1
core   0: 3 0x8000b8ae (0x00001f17) x30 0x8000c8ae
core   0: 0x8000b8b2 (0x743f2923) sw      gp, 1874(t5)
core   0: 3 0x8000b8b2 (0x743f2923) mem 0x8000d000 0x00000001
core   0: 0x8000b8b6 (0x0000bfe5) c.j     pc - 8
core   0: 3 0x8000b8b6 (0xbfe5)
core   0: 0x8000b8ae (0x00001f17) auipc   t5, 0x1
core   0: 3 0x8000b8ae (0x00001f17) x30 0x8000c8ae
core   0: 0x8000b8b2 (0x743f2923) sw      gp, 1874(t5)
core   0: 3 0x8000b8b2 (0x743f2923) mem 0x8000d000 0x00000001
core   0: 0x8000b8b6 (0x0000bfe5) c.j     pc - 8
core   0: 3 0x8000b8b6 (0xbfe5)
core   0: 0x8000b8ae (0x00001f17) auipc   t5, 0x1
core   0: 3 0x8000b8ae (0x00001f17) x30 0x8000c8ae
core   0: 0x8000b8b2 (0x743f2923) sw      gp, 1874(t5)
core   0: 3 0x8000b8b2 (0x743f2923) mem 0x8000d000 0x00000001
core   0: 0x8000b8b6 (0x0000bfe5) c.j     pc - 8
core   0: 3 0x8000b8b6 (0xbfe5)
core   0: 0x8000b8ae (0x00001f17) auipc   t5, 0x1
core   0: 3 0x8000b8ae (0x00001f17) x30 0x8000c8ae
core   0: 0x8000b8b2 (0x743f2923) sw      gp, 1874(t5)
core   0: 3 0x8000b8b2 (0x743f2923) mem 0x8000d000 0x00000001
core   0: 0x8000b8b6 (0x0000bfe5) c.j     pc - 8
core   0: 3 0x8000b8b6 (0xbfe5)
core   0: 0x8000b8ae (0x00001f17) auipc   t5, 0x1
core   0: 3 0x8000b8ae (0x00001f17) x30 0x8000c8ae
core   0: 0x8000b8b2 (0x743f2923) sw      gp, 1874(t5)
core   0: 3 0x8000b8b2 (0x743f2923) mem 0x8000d000 0x00000001
core   0: 0x8000b8b6 (0x0000bfe5) c.j     pc - 8
core   0: 3 0x8000b8b6 (0xbfe5)
core   0: 0x8000b8ae (0x00001f17) auipc   t5, 0x1
core   0: 3 0x8000b8ae (0x00001f17) x30 0x8000c8ae
core   0: 0x8000b8b2 (0x743f2923) sw      gp, 1874(t5)
core   0: 3 0x8000b8b2 (0x743f2923) mem 0x8000d000 0x00000001
core   0: 0x8000b8b6 (0x0000bfe5) c.j     pc - 8
core   0: 3 0x8000b8b6 (0xbfe5)
core   0: 0x8000b8ae (0x00001f17) auipc   t5, 0x1
core   0: 3 0x8000b8ae (0x00001f17) x30 0x8000c8ae
core   0: 0x8000b8b2 (0x743f2923) sw      gp, 1874(t5)
core   0: 3 0x8000b8b2 (0x743f2923) mem 0x8000d000 0x00000001
core   0: 0x8000b8b6 (0x0000bfe5) c.j     pc - 8
core   0: 3 0x8000b8b6 (0xbfe5)
core   0: 0x8000b8ae (0x00001f17) auipc   t5, 0x1
core   0: 3 0x8000b8ae (0x00001f17) x30 0x8000c8ae
core   0: 0x8000b8b2 (0x743f2923) sw      gp, 1874(t5)
core   0: 3 0x8000b8b2 (0x743f2923) mem 0x8000d000 0x00000001
core   0: 0x8000b8b6 (0x0000bfe5) c.j     pc - 8
core   0: 3 0x8000b8b6 (0xbfe5)
core   0: 0x8000b8ae (0x00001f17) auipc   t5, 0x1
core   0: 3 0x8000b8ae (0x00001f17) x30 0x8000c8ae
core   0: 0x8000b8b2 (0x743f2923) sw      gp, 1874(t5)
core   0: 3 0x8000b8b2 (0x743f2923) mem 0x8000d000 0x00000001
core   0: 0x8000b8b6 (0x0000bfe5) c.j     pc - 8
core   0: 3 0x8000b8b6 (0xbfe5)
core   0: 0x8000b8ae (0x00001f17) auipc   t5, 0x1
core   0: 3 0x8000b8ae (0x00001f17) x30 0x8000c8ae
core   0: 0x8000b8b2 (0x743f2923) sw      gp, 1874(t5)
core   0: 3 0x8000b8b2 (0x743f2923) mem 0x8000d000 0x00000001
core   0: 0x8000b8b6 (0x0000bfe5) c.j     pc - 8
core   0: 3 0x8000b8b6 (0xbfe5)
core   0: 0x8000b8ae (0x00001f17) auipc   t5, 0x1
core   0: 3 0x8000b8ae (0x00001f17) x30 0x8000c8ae
core   0: 0x8000b8b2 (0x743f2923) sw      gp, 1874(t5)
core   0: 3 0x8000b8b2 (0x743f2923) mem 0x8000d000 0x00000001
core   0: 0x8000b8b6 (0x0000bfe5) c.j     pc - 8
core   0: 3 0x8000b8b6 (0xbfe5)
core   0: 0x8000b8ae (0x00001f17) auipc   t5, 0x1
core   0: 3 0x8000b8ae (0x00001f17) x30 0x8000c8ae
core   0: 0x8000b8b2 (0x743f2923) sw      gp, 1874(t5)
core   0: 3 0x8000b8b2 (0x743f2923) mem 0x8000d000 0x00000001
core   0: 0x8000b8b6 (0x0000bfe5) c.j     pc - 8
core   0: 3 0x8000b8b6 (0xbfe5)
core   0: 0x8000b8ae (0x00001f17) auipc   t5, 0x1
core   0: 3 0x8000b8ae (0x00001f17) x30 0x8000c8ae
core   0: 0x8000b8b2 (0x743f2923) sw      gp, 1874(t5)
core   0: 3 0x8000b8b2 (0x743f2923) mem 0x8000d000 0x00000001
core   0: 0x8000b8b6 (0x0000bfe5) c.j     pc - 8
core   0: 3 0x8000b8b6 (0xbfe5)
core   0: 0x8000b8ae (0x00001f17) auipc   t5, 0x1
core   0: 3 0x8000b8ae (0x00001f17) x30 0x8000c8ae
core   0: 0x8000b8b2 (0x743f2923) sw      gp, 1874(t5)
core   0: 3 0x8000b8b2 (0x743f2923) mem 0x8000d000 0x00000001
core   0: 0x8000b8b6 (0x0000bfe5) c.j     pc - 8
core   0: 3 0x8000b8b6 (0xbfe5)
core   0: 0x8000b8ae (0x00001f17) auipc   t5, 0x1
core   0: 3 0x8000b8ae (0x00001f17) x30 0x8000c8ae
core   0: 0x8000b8b2 (0x743f2923) sw      gp, 1874(t5)
core   0: 3 0x8000b8b2 (0x743f2923) mem 0x8000d000 0x00000001
core   0: 0x8000b8b6 (0x0000bfe5) c.j     pc - 8
core   0: 3 0x8000b8b6 (0xbfe5)
core   0: 0x8000b8ae (0x00001f17) auipc   t5, 0x1
core   0: 3 0x8000b8ae (0x00001f17) x30 0x8000c8ae
core   0: 0x8000b8b2 (0x743f2923) sw      gp, 1874(t5)
core   0: 3 0x8000b8b2 (0x743f2923) mem 0x8000d000 0x00000001
core   0: 0x8000b8b6 (0x0000bfe5) c.j     pc - 8
core   0: 3 0x8000b8b6 (0xbfe5)
core   0: 0x8000b8ae (0x00001f17) auipc   t5, 0x1
core   0: 3 0x8000b8ae (0x00001f17) x30 0x8000c8ae
core   0: 0x8000b8b2 (0x743f2923) sw      gp, 1874(t5)
core   0: 3 0x8000b8b2 (0x743f2923) mem 0x8000d000 0x00000001
core   0: 0x8000b8b6 (0x0000bfe5) c.j     pc - 8
core   0: 3 0x8000b8b6 (0xbfe5)
core   0: 0x8000b8ae (0x00001f17) auipc   t5, 0x1
core   0: 3 0x8000b8ae (0x00001f17) x30 0x8000c8ae
core   0: 0x8000b8b2 (0x743f2923) sw      gp, 1874(t5)
core   0: 3 0x8000b8b2 (0x743f2923) mem 0x8000d000 0x00000001
core   0: 0x8000b8b6 (0x0000bfe5) c.j     pc - 8
core   0: 3 0x8000b8b6 (0xbfe5)
core   0: 0x8000b8ae (0x00001f17) auipc   t5, 0x1
core   0: 3 0x8000b8ae (0x00001f17) x30 0x8000c8ae
core   0: 0x8000b8b2 (0x743f2923) sw      gp, 1874(t5)
core   0: 3 0x8000b8b2 (0x743f2923) mem 0x8000d000 0x00000001
core   0: 0x8000b8b6 (0x0000bfe5) c.j     pc - 8
core   0: 3 0x8000b8b6 (0xbfe5)
core   0: 0x8000b8ae (0x00001f17) auipc   t5, 0x1
core   0: 3 0x8000b8ae (0x00001f17) x30 0x8000c8ae
core   0: 0x8000b8b2 (0x743f2923) sw      gp, 1874(t5)
core   0: 3 0x8000b8b2 (0x743f2923) mem 0x8000d000 0x00000001
core   0: 0x8000b8b6 (0x0000bfe5) c.j     pc - 8
core   0: 3 0x8000b8b6 (0xbfe5)
core   0: 0x8000b8ae (0x00001f17) auipc   t5, 0x1
core   0: 3 0x8000b8ae (0x00001f17) x30 0x8000c8ae
core   0: 0x8000b8b2 (0x743f2923) sw      gp, 1874(t5)
core   0: 3 0x8000b8b2 (0x743f2923) mem 0x8000d000 0x00000001
core   0: 0x8000b8b6 (0x0000bfe5) c.j     pc - 8
core   0: 3 0x8000b8b6 (0xbfe5)
core   0: 0x8000b8ae (0x00001f17) auipc   t5, 0x1
core   0: 3 0x8000b8ae (0x00001f17) x30 0x8000c8ae
core   0: 0x8000b8b2 (0x743f2923) sw      gp, 1874(t5)
core   0: 3 0x8000b8b2 (0x743f2923) mem 0x8000d000 0x00000001
core   0: 0x8000b8b6 (0x0000bfe5) c.j     pc - 8
core   0: 3 0x8000b8b6 (0xbfe5)
core   0: 0x8000b8ae (0x00001f17) auipc   t5, 0x1
core   0: 3 0x8000b8ae (0x00001f17) x30 0x8000c8ae
core   0: 0x8000b8b2 (0x743f2923) sw      gp, 1874(t5)
core   0: 3 0x8000b8b2 (0x743f2923) mem 0x8000d000 0x00000001
core   0: 0x8000b8b6 (0x0000bfe5) c.j     pc - 8
core   0: 3 0x8000b8b6 (0xbfe5)
core   0: 0x8000b8ae (0x00001f17) auipc   t5, 0x1
core   0: 3 0x8000b8ae (0x00001f17) x30 0x8000c8ae
core   0: 0x8000b8b2 (0x743f2923) sw      gp, 1874(t5)
core   0: 3 0x8000b8b2 (0x743f2923) mem 0x8000d000 0x00000001
core   0: 0x8000b8b6 (0x0000bfe5) c.j     pc - 8
core   0: 3 0x8000b8b6 (0xbfe5)
core   0: 0x8000b8ae (0x00001f17) auipc   t5, 0x1
core   0: 3 0x8000b8ae (0x00001f17) x30 0x8000c8ae
core   0: 0x8000b8b2 (0x743f2923) sw      gp, 1874(t5)
core   0: 3 0x8000b8b2 (0x743f2923) mem 0x8000d000 0x00000001
core   0: 0x8000b8b6 (0x0000bfe5) c.j     pc - 8
core   0: 3 0x8000b8b6 (0xbfe5)
core   0: 0x8000b8ae (0x00001f17) auipc   t5, 0x1
core   0: 3 0x8000b8ae (0x00001f17) x30 0x8000c8ae
core   0: 0x8000b8b2 (0x743f2923) sw      gp, 1874(t5)
core   0: 3 0x8000b8b2 (0x743f2923) mem 0x8000d000 0x00000001
core   0: 0x8000b8b6 (0x0000bfe5) c.j     pc - 8
core   0: 3 0x8000b8b6 (0xbfe5)
core   0: 0x8000b8ae (0x00001f17) auipc   t5, 0x1
core   0: 3 0x8000b8ae (0x00001f17) x30 0x8000c8ae
core   0: 0x8000b8b2 (0x743f2923) sw      gp, 1874(t5)
core   0: 3 0x8000b8b2 (0x743f2923) mem 0x8000d000 0x00000001
core   0: 0x8000b8b6 (0x0000bfe5) c.j     pc - 8
core   0: 3 0x8000b8b6 (0xbfe5)
core   0: 0x8000b8ae (0x00001f17) auipc   t5, 0x1
core   0: 3 0x8000b8ae (0x00001f17) x30 0x8000c8ae
core   0: 0x8000b8b2 (0x743f2923) sw      gp, 1874(t5)
core   0: 3 0x8000b8b2 (0x743f2923) mem 0x8000d000 0x00000001
core   0: 0x8000b8b6 (0x0000bfe5) c.j     pc - 8
core   0: 3 0x8000b8b6 (0xbfe5)
core   0: 0x8000b8ae (0x00001f17) auipc   t5, 0x1
core   0: 3 0x8000b8ae (0x00001f17) x30 0x8000c8ae
core   0: 0x8000b8b2 (0x743f2923) sw      gp, 1874(t5)
core   0: 3 0x8000b8b2 (0x743f2923) mem 0x8000d000 0x00000001
core   0: 0x8000b8b6 (0x0000bfe5) c.j     pc - 8
core   0: 3 0x8000b8b6 (0xbfe5)
core   0: 0x8000b8ae (0x00001f17) auipc   t5, 0x1
core   0: 3 0x8000b8ae (0x00001f17) x30 0x8000c8ae
core   0: 0x8000b8b2 (0x743f2923) sw      gp, 1874(t5)
core   0: 3 0x8000b8b2 (0x743f2923) mem 0x8000d000 0x00000001
core   0: 0x8000b8b6 (0x0000bfe5) c.j     pc - 8
core   0: 3 0x8000b8b6 (0xbfe5)
core   0: 0x8000b8ae (0x00001f17) auipc   t5, 0x1
core   0: 3 0x8000b8ae (0x00001f17) x30 0x8000c8ae
core   0: 0x8000b8b2 (0x743f2923) sw      gp, 1874(t5)
core   0: 3 0x8000b8b2 (0x743f2923) mem 0x8000d000 0x00000001
core   0: 0x8000b8b6 (0x0000bfe5) c.j     pc - 8
core   0: 3 0x8000b8b6 (0xbfe5)
core   0: 0x8000b8ae (0x00001f17) auipc   t5, 0x1
core   0: 3 0x8000b8ae (0x00001f17) x30 0x8000c8ae
core   0: 0x8000b8b2 (0x743f2923) sw      gp, 1874(t5)
core   0: 3 0x8000b8b2 (0x743f2923) mem 0x8000d000 0x00000001
core   0: 0x8000b8b6 (0x0000bfe5) c.j     pc - 8
core   0: 3 0x8000b8b6 (0xbfe5)
core   0: 0x8000b8ae (0x00001f17) auipc   t5, 0x1
core   0: 3 0x8000b8ae (0x00001f17) x30 0x8000c8ae
core   0: 0x8000b8b2 (0x743f2923) sw      gp, 1874(t5)
core   0: 3 0x8000b8b2 (0x743f2923) mem 0x8000d000 0x00000001
core   0: 0x8000b8b6 (0x0000bfe5) c.j     pc - 8
core   0: 3 0x8000b8b6 (0xbfe5)
core   0: 0x8000b8ae (0x00001f17) auipc   t5, 0x1
core   0: 3 0x8000b8ae (0x00001f17) x30 0x8000c8ae
core   0: 0x8000b8b2 (0x743f2923) sw      gp, 1874(t5)
core   0: 3 0x8000b8b2 (0x743f2923) mem 0x8000d000 0x00000001
core   0: 0x8000b8b6 (0x0000bfe5) c.j     pc - 8
core   0: 3 0x8000b8b6 (0xbfe5)
core   0: 0x8000b8ae (0x00001f17) auipc   t5, 0x1
core   0: 3 0x8000b8ae (0x00001f17) x30 0x8000c8ae
core   0: 0x8000b8b2 (0x743f2923) sw      gp, 1874(t5)
core   0: 3 0x8000b8b2 (0x743f2923) mem 0x8000d000 0x00000001
core   0: 0x8000b8b6 (0x0000bfe5) c.j     pc - 8
core   0: 3 0x8000b8b6 (0xbfe5)
core   0: 0x8000b8ae (0x00001f17) auipc   t5, 0x1
core   0: 3 0x8000b8ae (0x00001f17) x30 0x8000c8ae
core   0: 0x8000b8b2 (0x743f2923) sw      gp, 1874(t5)
core   0: 3 0x8000b8b2 (0x743f2923) mem 0x8000d000 0x00000001
core   0: 0x8000b8b6 (0x0000bfe5) c.j     pc - 8
core   0: 3 0x8000b8b6 (0xbfe5)
core   0: 0x8000b8ae (0x00001f17) auipc   t5, 0x1
core   0: 3 0x8000b8ae (0x00001f17) x30 0x8000c8ae
core   0: 0x8000b8b2 (0x743f2923) sw      gp, 1874(t5)
core   0: 3 0x8000b8b2 (0x743f2923) mem 0x8000d000 0x00000001
core   0: 0x8000b8b6 (0x0000bfe5) c.j     pc - 8
core   0: 3 0x8000b8b6 (0xbfe5)
core   0: 0x8000b8ae (0x00001f17) auipc   t5, 0x1
core   0: 3 0x8000b8ae (0x00001f17) x30 0x8000c8ae
core   0: 0x8000b8b2 (0x743f2923) sw      gp, 1874(t5)
core   0: 3 0x8000b8b2 (0x743f2923) mem 0x8000d000 0x00000001
core   0: 0x8000b8b6 (0x0000bfe5) c.j     pc - 8
core   0: 3 0x8000b8b6 (0xbfe5)
core   0: 0x8000b8ae (0x00001f17) auipc   t5, 0x1
core   0: 3 0x8000b8ae (0x00001f17) x30 0x8000c8ae
core   0: 0x8000b8b2 (0x743f2923) sw      gp, 1874(t5)
core   0: 3 0x8000b8b2 (0x743f2923) mem 0x8000d000 0x00000001
core   0: 0x8000b8b6 (0x0000bfe5) c.j     pc - 8
core   0: 3 0x8000b8b6 (0xbfe5)
core   0: 0x8000b8ae (0x00001f17) auipc   t5, 0x1
core   0: 3 0x8000b8ae (0x00001f17) x30 0x8000c8ae
core   0: 0x8000b8b2 (0x743f2923) sw      gp, 1874(t5)
core   0: 3 0x8000b8b2 (0x743f2923) mem 0x8000d000 0x00000001
core   0: 0x8000b8b6 (0x0000bfe5) c.j     pc - 8
core   0: 3 0x8000b8b6 (0xbfe5)
core   0: 0x8000b8ae (0x00001f17) auipc   t5, 0x1
core   0: 3 0x8000b8ae (0x00001f17) x30 0x8000c8ae
core   0: 0x8000b8b2 (0x743f2923) sw      gp, 1874(t5)
core   0: 3 0x8000b8b2 (0x743f2923) mem 0x8000d000 0x00000001
core   0: 0x8000b8b6 (0x0000bfe5) c.j     pc - 8
core   0: 3 0x8000b8b6 (0xbfe5)
core   0: 0x8000b8ae (0x00001f17) auipc   t5, 0x1
core   0: 3 0x8000b8ae (0x00001f17) x30 0x8000c8ae
core   0: 0x8000b8b2 (0x743f2923) sw      gp, 1874(t5)
core   0: 3 0x8000b8b2 (0x743f2923) mem 0x8000d000 0x00000001
core   0: 0x8000b8b6 (0x0000bfe5) c.j     pc - 8
core   0: 3 0x8000b8b6 (0xbfe5)
core   0: 0x8000b8ae (0x00001f17) auipc   t5, 0x1
core   0: 3 0x8000b8ae (0x00001f17) x30 0x8000c8ae
core   0: 0x8000b8b2 (0x743f2923) sw      gp, 1874(t5)
core   0: 3 0x8000b8b2 (0x743f2923) mem 0x8000d000 0x00000001
core   0: 0x8000b8b6 (0x0000bfe5) c.j     pc - 8
core   0: 3 0x8000b8b6 (0xbfe5)
core   0: 0x8000b8ae (0x00001f17) auipc   t5, 0x1
core   0: 3 0x8000b8ae (0x00001f17) x30 0x8000c8ae
core   0: 0x8000b8b2 (0x743f2923) sw      gp, 1874(t5)
core   0: 3 0x8000b8b2 (0x743f2923) mem 0x8000d000 0x00000001
core   0: 0x8000b8b6 (0x0000bfe5) c.j     pc - 8
core   0: 3 0x8000b8b6 (0xbfe5)
core   0: 0x8000b8ae (0x00001f17) auipc   t5, 0x1
core   0: 3 0x8000b8ae (0x00001f17) x30 0x8000c8ae
core   0: 0x8000b8b2 (0x743f2923) sw      gp, 1874(t5)
core   0: 3 0x8000b8b2 (0x743f2923) mem 0x8000d000 0x00000001
core   0: 0x8000b8b6 (0x0000bfe5) c.j     pc - 8
core   0: 3 0x8000b8b6 (0xbfe5)
core   0: 0x8000b8ae (0x00001f17) auipc   t5, 0x1
core   0: 3 0x8000b8ae (0x00001f17) x30 0x8000c8ae
core   0: 0x8000b8b2 (0x743f2923) sw      gp, 1874(t5)
core   0: 3 0x8000b8b2 (0x743f2923) mem 0x8000d000 0x00000001
core   0: 0x8000b8b6 (0x0000bfe5) c.j     pc - 8
core   0: 3 0x8000b8b6 (0xbfe5)
core   0: 0x8000b8ae (0x00001f17) auipc   t5, 0x1
core   0: 3 0x8000b8ae (0x00001f17) x30 0x8000c8ae
core   0: 0x8000b8b2 (0x743f2923) sw      gp, 1874(t5)
core   0: 3 0x8000b8b2 (0x743f2923) mem 0x8000d000 0x00000001
core   0: 0x8000b8b6 (0x0000bfe5) c.j     pc - 8
core   0: 3 0x8000b8b6 (0xbfe5)
core   0: 0x8000b8ae (0x00001f17) auipc   t5, 0x1
core   0: 3 0x8000b8ae (0x00001f17) x30 0x8000c8ae
core   0: 0x8000b8b2 (0x743f2923) sw      gp, 1874(t5)
core   0: 3 0x8000b8b2 (0x743f2923) mem 0x8000d000 0x00000001
core   0: 0x8000b8b6 (0x0000bfe5) c.j     pc - 8
core   0: 3 0x8000b8b6 (0xbfe5)
core   0: 0x8000b8ae (0x00001f17) auipc   t5, 0x1
core   0: 3 0x8000b8ae (0x00001f17) x30 0x8000c8ae
core   0: 0x8000b8b2 (0x743f2923) sw      gp, 1874(t5)
core   0: 3 0x8000b8b2 (0x743f2923) mem 0x8000d000 0x00000001
core   0: 0x8000b8b6 (0x0000bfe5) c.j     pc - 8
core   0: 3 0x8000b8b6 (0xbfe5)
core   0: 0x8000b8ae (0x00001f17) auipc   t5, 0x1
core   0: 3 0x8000b8ae (0x00001f17) x30 0x8000c8ae
core   0: 0x8000b8b2 (0x743f2923) sw      gp, 1874(t5)
core   0: 3 0x8000b8b2 (0x743f2923) mem 0x8000d000 0x00000001
core   0: 0x8000b8b6 (0x0000bfe5) c.j     pc - 8
core   0: 3 0x8000b8b6 (0xbfe5)
core   0: 0x8000b8ae (0x00001f17) auipc   t5, 0x1
core   0: 3 0x8000b8ae (0x00001f17) x30 0x8000c8ae
core   0: 0x8000b8b2 (0x743f2923) sw      gp, 1874(t5)
core   0: 3 0x8000b8b2 (0x743f2923) mem 0x8000d000 0x00000001
core   0: 0x8000b8b6 (0x0000bfe5) c.j     pc - 8
core   0: 3 0x8000b8b6 (0xbfe5)
core   0: 0x8000b8ae (0x00001f17) auipc   t5, 0x1
core   0: 3 0x8000b8ae (0x00001f17) x30 0x8000c8ae
core   0: 0x8000b8b2 (0x743f2923) sw      gp, 1874(t5)
core   0: 3 0x8000b8b2 (0x743f2923) mem 0x8000d000 0x00000001
core   0: 0x8000b8b6 (0x0000bfe5) c.j     pc - 8
core   0: 3 0x8000b8b6 (0xbfe5)
core   0: 0x8000b8ae (0x00001f17) auipc   t5, 0x1
core   0: 3 0x8000b8ae (0x00001f17) x30 0x8000c8ae
core   0: 0x8000b8b2 (0x743f2923) sw      gp, 1874(t5)
core   0: 3 0x8000b8b2 (0x743f2923) mem 0x8000d000 0x00000001
core   0: 0x8000b8b6 (0x0000bfe5) c.j     pc - 8
core   0: 3 0x8000b8b6 (0xbfe5)
core   0: 0x8000b8ae (0x00001f17) auipc   t5, 0x1
core   0: 3 0x8000b8ae (0x00001f17) x30 0x8000c8ae
core   0: 0x8000b8b2 (0x743f2923) sw      gp, 1874(t5)
core   0: 3 0x8000b8b2 (0x743f2923) mem 0x8000d000 0x00000001
core   0: 0x8000b8b6 (0x0000bfe5) c.j     pc - 8
core   0: 3 0x8000b8b6 (0xbfe5)
core   0: 0x8000b8ae (0x00001f17) auipc   t5, 0x1
core   0: 3 0x8000b8ae (0x00001f17) x30 0x8000c8ae
core   0: 0x8000b8b2 (0x743f2923) sw      gp, 1874(t5)
core   0: 3 0x8000b8b2 (0x743f2923) mem 0x8000d000 0x00000001
core   0: 0x8000b8b6 (0x0000bfe5) c.j     pc - 8
core   0: 3 0x8000b8b6 (0xbfe5)
core   0: 0x8000b8ae (0x00001f17) auipc   t5, 0x1
core   0: 3 0x8000b8ae (0x00001f17) x30 0x8000c8ae
core   0: 0x8000b8b2 (0x743f2923) sw      gp, 1874(t5)
core   0: 3 0x8000b8b2 (0x743f2923) mem 0x8000d000 0x00000001
core   0: 0x8000b8b6 (0x0000bfe5) c.j     pc - 8
core   0: 3 0x8000b8b6 (0xbfe5)
core   0: 0x8000b8ae (0x00001f17) auipc   t5, 0x1
core   0: 3 0x8000b8ae (0x00001f17) x30 0x8000c8ae
core   0: 0x8000b8b2 (0x743f2923) sw      gp, 1874(t5)
core   0: 3 0x8000b8b2 (0x743f2923) mem 0x8000d000 0x00000001
core   0: 0x8000b8b6 (0x0000bfe5) c.j     pc - 8
core   0: 3 0x8000b8b6 (0xbfe5)
core   0: 0x8000b8ae (0x00001f17) auipc   t5, 0x1
core   0: 3 0x8000b8ae (0x00001f17) x30 0x8000c8ae
core   0: 0x8000b8b2 (0x743f2923) sw      gp, 1874(t5)
core   0: 3 0x8000b8b2 (0x743f2923) mem 0x8000d000 0x00000001
core   0: 0x8000b8b6 (0x0000bfe5) c.j     pc - 8
core   0: 3 0x8000b8b6 (0xbfe5)
core   0: 0x8000b8ae (0x00001f17) auipc   t5, 0x1
core   0: 3 0x8000b8ae (0x00001f17) x30 0x8000c8ae
core   0: 0x8000b8b2 (0x743f2923) sw      gp, 1874(t5)
core   0: 3 0x8000b8b2 (0x743f2923) mem 0x8000d000 0x00000001
core   0: 0x8000b8b6 (0x0000bfe5) c.j     pc - 8
core   0: 3 0x8000b8b6 (0xbfe5)
core   0: 0x8000b8ae (0x00001f17) auipc   t5, 0x1
core   0: 3 0x8000b8ae (0x00001f17) x30 0x8000c8ae
core   0: 0x8000b8b2 (0x743f2923) sw      gp, 1874(t5)
core   0: 3 0x8000b8b2 (0x743f2923) mem 0x8000d000 0x00000001
core   0: 0x8000b8b6 (0x0000bfe5) c.j     pc - 8
core   0: 3 0x8000b8b6 (0xbfe5)
core   0: 0x8000b8ae (0x00001f17) auipc   t5, 0x1
core   0: 3 0x8000b8ae (0x00001f17) x30 0x8000c8ae
core   0: 0x8000b8b2 (0x743f2923) sw      gp, 1874(t5)
core   0: 3 0x8000b8b2 (0x743f2923) mem 0x8000d000 0x00000001
core   0: 0x8000b8b6 (0x0000bfe5) c.j     pc - 8
core   0: 3 0x8000b8b6 (0xbfe5)
core   0: 0x8000b8ae (0x00001f17) auipc   t5, 0x1
core   0: 3 0x8000b8ae (0x00001f17) x30 0x8000c8ae
core   0: 0x8000b8b2 (0x743f2923) sw      gp, 1874(t5)
core   0: 3 0x8000b8b2 (0x743f2923) mem 0x8000d000 0x00000001
core   0: 0x8000b8b6 (0x0000bfe5) c.j     pc - 8
core   0: 3 0x8000b8b6 (0xbfe5)
core   0: 0x8000b8ae (0x00001f17) auipc   t5, 0x1
core   0: 3 0x8000b8ae (0x00001f17) x30 0x8000c8ae
core   0: 0x8000b8b2 (0x743f2923) sw      gp, 1874(t5)
core   0: 3 0x8000b8b2 (0x743f2923) mem 0x8000d000 0x00000001
core   0: 0x8000b8b6 (0x0000bfe5) c.j     pc - 8
core   0: 3 0x8000b8b6 (0xbfe5)
core   0: 0x8000b8ae (0x00001f17) auipc   t5, 0x1
core   0: 3 0x8000b8ae (0x00001f17) x30 0x8000c8ae
core   0: 0x8000b8b2 (0x743f2923) sw      gp, 1874(t5)
core   0: 3 0x8000b8b2 (0x743f2923) mem 0x8000d000 0x00000001
core   0: 0x8000b8b6 (0x0000bfe5) c.j     pc - 8
core   0: 3 0x8000b8b6 (0xbfe5)
core   0: 0x8000b8ae (0x00001f17) auipc   t5, 0x1
core   0: 3 0x8000b8ae (0x00001f17) x30 0x8000c8ae
core   0: 0x8000b8b2 (0x743f2923) sw      gp, 1874(t5)
core   0: 3 0x8000b8b2 (0x743f2923) mem 0x8000d000 0x00000001
core   0: 0x8000b8b6 (0x0000bfe5) c.j     pc - 8
core   0: 3 0x8000b8b6 (0xbfe5)
core   0: 0x8000b8ae (0x00001f17) auipc   t5, 0x1
core   0: 3 0x8000b8ae (0x00001f17) x30 0x8000c8ae
core   0: 0x8000b8b2 (0x743f2923) sw      gp, 1874(t5)
core   0: 3 0x8000b8b2 (0x743f2923) mem 0x8000d000 0x00000001
core   0: 0x8000b8b6 (0x0000bfe5) c.j     pc - 8
core   0: 3 0x8000b8b6 (0xbfe5)
core   0: 0x8000b8ae (0x00001f17) auipc   t5, 0x1
core   0: 3 0x8000b8ae (0x00001f17) x30 0x8000c8ae
core   0: 0x8000b8b2 (0x743f2923) sw      gp, 1874(t5)
core   0: 3 0x8000b8b2 (0x743f2923) mem 0x8000d000 0x00000001
core   0: 0x8000b8b6 (0x0000bfe5) c.j     pc - 8
core   0: 3 0x8000b8b6 (0xbfe5)
core   0: 0x8000b8ae (0x00001f17) auipc   t5, 0x1
core   0: 3 0x8000b8ae (0x00001f17) x30 0x8000c8ae
core   0: 0x8000b8b2 (0x743f2923) sw      gp, 1874(t5)
core   0: 3 0x8000b8b2 (0x743f2923) mem 0x8000d000 0x00000001
core   0: 0x8000b8b6 (0x0000bfe5) c.j     pc - 8
core   0: 3 0x8000b8b6 (0xbfe5)
core   0: 0x8000b8ae (0x00001f17) auipc   t5, 0x1
core   0: 3 0x8000b8ae (0x00001f17) x30 0x8000c8ae
core   0: 0x8000b8b2 (0x743f2923) sw      gp, 1874(t5)
core   0: 3 0x8000b8b2 (0x743f2923) mem 0x8000d000 0x00000001
core   0: 0x8000b8b6 (0x0000bfe5) c.j     pc - 8
core   0: 3 0x8000b8b6 (0xbfe5)
core   0: 0x8000b8ae (0x00001f17) auipc   t5, 0x1
core   0: 3 0x8000b8ae (0x00001f17) x30 0x8000c8ae
core   0: 0x8000b8b2 (0x743f2923) sw      gp, 1874(t5)
core   0: 3 0x8000b8b2 (0x743f2923) mem 0x8000d000 0x00000001
core   0: 0x8000b8b6 (0x0000bfe5) c.j     pc - 8
core   0: 3 0x8000b8b6 (0xbfe5)
core   0: 0x8000b8ae (0x00001f17) auipc   t5, 0x1
core   0: 3 0x8000b8ae (0x00001f17) x30 0x8000c8ae
core   0: 0x8000b8b2 (0x743f2923) sw      gp, 1874(t5)
core   0: 3 0x8000b8b2 (0x743f2923) mem 0x8000d000 0x00000001
core   0: 0x8000b8b6 (0x0000bfe5) c.j     pc - 8
core   0: 3 0x8000b8b6 (0xbfe5)
core   0: 0x8000b8ae (0x00001f17) auipc   t5, 0x1
core   0: 3 0x8000b8ae (0x00001f17) x30 0x8000c8ae
core   0: 0x8000b8b2 (0x743f2923) sw      gp, 1874(t5)
core   0: 3 0x8000b8b2 (0x743f2923) mem 0x8000d000 0x00000001
core   0: 0x8000b8b6 (0x0000bfe5) c.j     pc - 8
core   0: 3 0x8000b8b6 (0xbfe5)
core   0: 0x8000b8ae (0x00001f17) auipc   t5, 0x1
core   0: 3 0x8000b8ae (0x00001f17) x30 0x8000c8ae
core   0: 0x8000b8b2 (0x743f2923) sw      gp, 1874(t5)
core   0: 3 0x8000b8b2 (0x743f2923) mem 0x8000d000 0x00000001
core   0: 0x8000b8b6 (0x0000bfe5) c.j     pc - 8
core   0: 3 0x8000b8b6 (0xbfe5)
core   0: 0x8000b8ae (0x00001f17) auipc   t5, 0x1
core   0: 3 0x8000b8ae (0x00001f17) x30 0x8000c8ae
core   0: 0x8000b8b2 (0x743f2923) sw      gp, 1874(t5)
core   0: 3 0x8000b8b2 (0x743f2923) mem 0x8000d000 0x00000001
core   0: 0x8000b8b6 (0x0000bfe5) c.j     pc - 8
core   0: 3 0x8000b8b6 (0xbfe5)
core   0: 0x8000b8ae (0x00001f17) auipc   t5, 0x1
core   0: 3 0x8000b8ae (0x00001f17) x30 0x8000c8ae
core   0: 0x8000b8b2 (0x743f2923) sw      gp, 1874(t5)
core   0: 3 0x8000b8b2 (0x743f2923) mem 0x8000d000 0x00000001
core   0: 0x8000b8b6 (0x0000bfe5) c.j     pc - 8
core   0: 3 0x8000b8b6 (0xbfe5)
core   0: 0x8000b8ae (0x00001f17) auipc   t5, 0x1
core   0: 3 0x8000b8ae (0x00001f17) x30 0x8000c8ae
core   0: 0x8000b8b2 (0x743f2923) sw      gp, 1874(t5)
core   0: 3 0x8000b8b2 (0x743f2923) mem 0x8000d000 0x00000001
core   0: 0x8000b8b6 (0x0000bfe5) c.j     pc - 8
core   0: 3 0x8000b8b6 (0xbfe5)
core   0: 0x8000b8ae (0x00001f17) auipc   t5, 0x1
core   0: 3 0x8000b8ae (0x00001f17) x30 0x8000c8ae
core   0: 0x8000b8b2 (0x743f2923) sw      gp, 1874(t5)
core   0: 3 0x8000b8b2 (0x743f2923) mem 0x8000d000 0x00000001
core   0: 0x8000b8b6 (0x0000bfe5) c.j     pc - 8
core   0: 3 0x8000b8b6 (0xbfe5)
core   0: 0x8000b8ae (0x00001f17) auipc   t5, 0x1
core   0: 3 0x8000b8ae (0x00001f17) x30 0x8000c8ae
core   0: 0x8000b8b2 (0x743f2923) sw      gp, 1874(t5)
core   0: 3 0x8000b8b2 (0x743f2923) mem 0x8000d000 0x00000001
core   0: 0x8000b8b6 (0x0000bfe5) c.j     pc - 8
core   0: 3 0x8000b8b6 (0xbfe5)
core   0: 0x8000b8ae (0x00001f17) auipc   t5, 0x1
core   0: 3 0x8000b8ae (0x00001f17) x30 0x8000c8ae
core   0: 0x8000b8b2 (0x743f2923) sw      gp, 1874(t5)
core   0: 3 0x8000b8b2 (0x743f2923) mem 0x8000d000 0x00000001
core   0: 0x8000b8b6 (0x0000bfe5) c.j     pc - 8
core   0: 3 0x8000b8b6 (0xbfe5)
core   0: 0x8000b8ae (0x00001f17) auipc   t5, 0x1
core   0: 3 0x8000b8ae (0x00001f17) x30 0x8000c8ae
core   0: 0x8000b8b2 (0x743f2923) sw      gp, 1874(t5)
core   0: 3 0x8000b8b2 (0x743f2923) mem 0x8000d000 0x00000001
core   0: 0x8000b8b6 (0x0000bfe5) c.j     pc - 8
core   0: 3 0x8000b8b6 (0xbfe5)
core   0: 0x8000b8ae (0x00001f17) auipc   t5, 0x1
core   0: 3 0x8000b8ae (0x00001f17) x30 0x8000c8ae
core   0: 0x8000b8b2 (0x743f2923) sw      gp, 1874(t5)
core   0: 3 0x8000b8b2 (0x743f2923) mem 0x8000d000 0x00000001
core   0: 0x8000b8b6 (0x0000bfe5) c.j     pc - 8
core   0: 3 0x8000b8b6 (0xbfe5)
core   0: 0x8000b8ae (0x00001f17) auipc   t5, 0x1
core   0: 3 0x8000b8ae (0x00001f17) x30 0x8000c8ae
core   0: 0x8000b8b2 (0x743f2923) sw      gp, 1874(t5)
core   0: 3 0x8000b8b2 (0x743f2923) mem 0x8000d000 0x00000001
core   0: 0x8000b8b6 (0x0000bfe5) c.j     pc - 8
core   0: 3 0x8000b8b6 (0xbfe5)
core   0: 0x8000b8ae (0x00001f17) auipc   t5, 0x1
core   0: 3 0x8000b8ae (0x00001f17) x30 0x8000c8ae
core   0: 0x8000b8b2 (0x743f2923) sw      gp, 1874(t5)
core   0: 3 0x8000b8b2 (0x743f2923) mem 0x8000d000 0x00000001
core   0: 0x8000b8b6 (0x0000bfe5) c.j     pc - 8
core   0: 3 0x8000b8b6 (0xbfe5)
core   0: 0x8000b8ae (0x00001f17) auipc   t5, 0x1
core   0: 3 0x8000b8ae (0x00001f17) x30 0x8000c8ae
core   0: 0x8000b8b2 (0x743f2923) sw      gp, 1874(t5)
core   0: 3 0x8000b8b2 (0x743f2923) mem 0x8000d000 0x00000001
core   0: 0x8000b8b6 (0x0000bfe5) c.j     pc - 8
core   0: 3 0x8000b8b6 (0xbfe5)
core   0: 0x8000b8ae (0x00001f17) auipc   t5, 0x1
core   0: 3 0x8000b8ae (0x00001f17) x30 0x8000c8ae
core   0: 0x8000b8b2 (0x743f2923) sw      gp, 1874(t5)
core   0: 3 0x8000b8b2 (0x743f2923) mem 0x8000d000 0x00000001
core   0: 0x8000b8b6 (0x0000bfe5) c.j     pc - 8
core   0: 3 0x8000b8b6 (0xbfe5)
core   0: 0x8000b8ae (0x00001f17) auipc   t5, 0x1
core   0: 3 0x8000b8ae (0x00001f17) x30 0x8000c8ae
core   0: 0x8000b8b2 (0x743f2923) sw      gp, 1874(t5)
core   0: 3 0x8000b8b2 (0x743f2923) mem 0x8000d000 0x00000001
core   0: 0x8000b8b6 (0x0000bfe5) c.j     pc - 8
core   0: 3 0x8000b8b6 (0xbfe5)
core   0: 0x8000b8ae (0x00001f17) auipc   t5, 0x1
core   0: 3 0x8000b8ae (0x00001f17) x30 0x8000c8ae
core   0: 0x8000b8b2 (0x743f2923) sw      gp, 1874(t5)
core   0: 3 0x8000b8b2 (0x743f2923) mem 0x8000d000 0x00000001
core   0: 0x8000b8b6 (0x0000bfe5) c.j     pc - 8
core   0: 3 0x8000b8b6 (0xbfe5)
core   0: 0x8000b8ae (0x00001f17) auipc   t5, 0x1
core   0: 3 0x8000b8ae (0x00001f17) x30 0x8000c8ae
core   0: 0x8000b8b2 (0x743f2923) sw      gp, 1874(t5)
core   0: 3 0x8000b8b2 (0x743f2923) mem 0x8000d000 0x00000001
core   0: 0x8000b8b6 (0x0000bfe5) c.j     pc - 8
core   0: 3 0x8000b8b6 (0xbfe5)
core   0: 0x8000b8ae (0x00001f17) auipc   t5, 0x1
core   0: 3 0x8000b8ae (0x00001f17) x30 0x8000c8ae
core   0: 0x8000b8b2 (0x743f2923) sw      gp, 1874(t5)
core   0: 3 0x8000b8b2 (0x743f2923) mem 0x8000d000 0x00000001
core   0: 0x8000b8b6 (0x0000bfe5) c.j     pc - 8
core   0: 3 0x8000b8b6 (0xbfe5)
core   0: 0x8000b8ae (0x00001f17) auipc   t5, 0x1
core   0: 3 0x8000b8ae (0x00001f17) x30 0x8000c8ae
core   0: 0x8000b8b2 (0x743f2923) sw      gp, 1874(t5)
core   0: 3 0x8000b8b2 (0x743f2923) mem 0x8000d000 0x00000001
core   0: 0x8000b8b6 (0x0000bfe5) c.j     pc - 8
core   0: 3 0x8000b8b6 (0xbfe5)
core   0: 0x8000b8ae (0x00001f17) auipc   t5, 0x1
core   0: 3 0x8000b8ae (0x00001f17) x30 0x8000c8ae
core   0: 0x8000b8b2 (0x743f2923) sw      gp, 1874(t5)
core   0: 3 0x8000b8b2 (0x743f2923) mem 0x8000d000 0x00000001
core   0: 0x8000b8b6 (0x0000bfe5) c.j     pc - 8
core   0: 3 0x8000b8b6 (0xbfe5)
core   0: 0x8000b8ae (0x00001f17) auipc   t5, 0x1
core   0: 3 0x8000b8ae (0x00001f17) x30 0x8000c8ae
core   0: 0x8000b8b2 (0x743f2923) sw      gp, 1874(t5)
core   0: 3 0x8000b8b2 (0x743f2923) mem 0x8000d000 0x00000001
core   0: 0x8000b8b6 (0x0000bfe5) c.j     pc - 8
core   0: 3 0x8000b8b6 (0xbfe5)
core   0: 0x8000b8ae (0x00001f17) auipc   t5, 0x1
core   0: 3 0x8000b8ae (0x00001f17) x30 0x8000c8ae
core   0: 0x8000b8b2 (0x743f2923) sw      gp, 1874(t5)
core   0: 3 0x8000b8b2 (0x743f2923) mem 0x8000d000 0x00000001
core   0: 0x8000b8b6 (0x0000bfe5) c.j     pc - 8
core   0: 3 0x8000b8b6 (0xbfe5)
core   0: 0x8000b8ae (0x00001f17) auipc   t5, 0x1
core   0: 3 0x8000b8ae (0x00001f17) x30 0x8000c8ae
core   0: 0x8000b8b2 (0x743f2923) sw      gp, 1874(t5)
core   0: 3 0x8000b8b2 (0x743f2923) mem 0x8000d000 0x00000001
core   0: 0x8000b8b6 (0x0000bfe5) c.j     pc - 8
core   0: 3 0x8000b8b6 (0xbfe5)
core   0: 0x8000b8ae (0x00001f17) auipc   t5, 0x1
core   0: 3 0x8000b8ae (0x00001f17) x30 0x8000c8ae
core   0: 0x8000b8b2 (0x743f2923) sw      gp, 1874(t5)
core   0: 3 0x8000b8b2 (0x743f2923) mem 0x8000d000 0x00000001
core   0: 0x8000b8b6 (0x0000bfe5) c.j     pc - 8
core   0: 3 0x8000b8b6 (0xbfe5)
core   0: 0x8000b8ae (0x00001f17) auipc   t5, 0x1
core   0: 3 0x8000b8ae (0x00001f17) x30 0x8000c8ae
core   0: 0x8000b8b2 (0x743f2923) sw      gp, 1874(t5)
core   0: 3 0x8000b8b2 (0x743f2923) mem 0x8000d000 0x00000001
core   0: 0x8000b8b6 (0x0000bfe5) c.j     pc - 8
core   0: 3 0x8000b8b6 (0xbfe5)
core   0: 0x8000b8ae (0x00001f17) auipc   t5, 0x1
core   0: 3 0x8000b8ae (0x00001f17) x30 0x8000c8ae
core   0: 0x8000b8b2 (0x743f2923) sw      gp, 1874(t5)
core   0: 3 0x8000b8b2 (0x743f2923) mem 0x8000d000 0x00000001
core   0: 0x8000b8b6 (0x0000bfe5) c.j     pc - 8
core   0: 3 0x8000b8b6 (0xbfe5)
core   0: 0x8000b8ae (0x00001f17) auipc   t5, 0x1
core   0: 3 0x8000b8ae (0x00001f17) x30 0x8000c8ae
core   0: 0x8000b8b2 (0x743f2923) sw      gp, 1874(t5)
core   0: 3 0x8000b8b2 (0x743f2923) mem 0x8000d000 0x00000001
core   0: 0x8000b8b6 (0x0000bfe5) c.j     pc - 8
core   0: 3 0x8000b8b6 (0xbfe5)
core   0: 0x8000b8ae (0x00001f17) auipc   t5, 0x1
core   0: 3 0x8000b8ae (0x00001f17) x30 0x8000c8ae
core   0: 0x8000b8b2 (0x743f2923) sw      gp, 1874(t5)
core   0: 3 0x8000b8b2 (0x743f2923) mem 0x8000d000 0x00000001
core   0: 0x8000b8b6 (0x0000bfe5) c.j     pc - 8
core   0: 3 0x8000b8b6 (0xbfe5)
core   0: 0x8000b8ae (0x00001f17) auipc   t5, 0x1
core   0: 3 0x8000b8ae (0x00001f17) x30 0x8000c8ae
core   0: 0x8000b8b2 (0x743f2923) sw      gp, 1874(t5)
core   0: 3 0x8000b8b2 (0x743f2923) mem 0x8000d000 0x00000001
core   0: 0x8000b8b6 (0x0000bfe5) c.j     pc - 8
core   0: 3 0x8000b8b6 (0xbfe5)
core   0: 0x8000b8ae (0x00001f17) auipc   t5, 0x1
core   0: 3 0x8000b8ae (0x00001f17) x30 0x8000c8ae
core   0: 0x8000b8b2 (0x743f2923) sw      gp, 1874(t5)
core   0: 3 0x8000b8b2 (0x743f2923) mem 0x8000d000 0x00000001
core   0: 0x8000b8b6 (0x0000bfe5) c.j     pc - 8
core   0: 3 0x8000b8b6 (0xbfe5)
core   0: 0x8000b8ae (0x00001f17) auipc   t5, 0x1
core   0: 3 0x8000b8ae (0x00001f17) x30 0x8000c8ae
core   0: 0x8000b8b2 (0x743f2923) sw      gp, 1874(t5)
core   0: 3 0x8000b8b2 (0x743f2923) mem 0x8000d000 0x00000001
core   0: 0x8000b8b6 (0x0000bfe5) c.j     pc - 8
core   0: 3 0x8000b8b6 (0xbfe5)
core   0: 0x8000b8ae (0x00001f17) auipc   t5, 0x1
core   0: 3 0x8000b8ae (0x00001f17) x30 0x8000c8ae
core   0: 0x8000b8b2 (0x743f2923) sw      gp, 1874(t5)
core   0: 3 0x8000b8b2 (0x743f2923) mem 0x8000d000 0x00000001
core   0: 0x8000b8b6 (0x0000bfe5) c.j     pc - 8
core   0: 3 0x8000b8b6 (0xbfe5)
core   0: 0x8000b8ae (0x00001f17) auipc   t5, 0x1
core   0: 3 0x8000b8ae (0x00001f17) x30 0x8000c8ae
core   0: 0x8000b8b2 (0x743f2923) sw      gp, 1874(t5)
core   0: 3 0x8000b8b2 (0x743f2923) mem 0x8000d000 0x00000001
core   0: 0x8000b8b6 (0x0000bfe5) c.j     pc - 8
core   0: 3 0x8000b8b6 (0xbfe5)
core   0: 0x8000b8ae (0x00001f17) auipc   t5, 0x1
core   0: 3 0x8000b8ae (0x00001f17) x30 0x8000c8ae
core   0: 0x8000b8b2 (0x743f2923) sw      gp, 1874(t5)
core   0: 3 0x8000b8b2 (0x743f2923) mem 0x8000d000 0x00000001
core   0: 0x8000b8b6 (0x0000bfe5) c.j     pc - 8
core   0: 3 0x8000b8b6 (0xbfe5)
core   0: 0x8000b8ae (0x00001f17) auipc   t5, 0x1
core   0: 3 0x8000b8ae (0x00001f17) x30 0x8000c8ae
core   0: 0x8000b8b2 (0x743f2923) sw      gp, 1874(t5)
core   0: 3 0x8000b8b2 (0x743f2923) mem 0x8000d000 0x00000001
core   0: 0x8000b8b6 (0x0000bfe5) c.j     pc - 8
core   0: 3 0x8000b8b6 (0xbfe5)
core   0: 0x8000b8ae (0x00001f17) auipc   t5, 0x1
core   0: 3 0x8000b8ae (0x00001f17) x30 0x8000c8ae
core   0: 0x8000b8b2 (0x743f2923) sw      gp, 1874(t5)
core   0: 3 0x8000b8b2 (0x743f2923) mem 0x8000d000 0x00000001
core   0: 0x8000b8b6 (0x0000bfe5) c.j     pc - 8
core   0: 3 0x8000b8b6 (0xbfe5)
core   0: 0x8000b8ae (0x00001f17) auipc   t5, 0x1
core   0: 3 0x8000b8ae (0x00001f17) x30 0x8000c8ae
core   0: 0x8000b8b2 (0x743f2923) sw      gp, 1874(t5)
core   0: 3 0x8000b8b2 (0x743f2923) mem 0x8000d000 0x00000001
core   0: 0x8000b8b6 (0x0000bfe5) c.j     pc - 8
core   0: 3 0x8000b8b6 (0xbfe5)
core   0: 0x8000b8ae (0x00001f17) auipc   t5, 0x1
core   0: 3 0x8000b8ae (0x00001f17) x30 0x8000c8ae
core   0: 0x8000b8b2 (0x743f2923) sw      gp, 1874(t5)
core   0: 3 0x8000b8b2 (0x743f2923) mem 0x8000d000 0x00000001
core   0: 0x8000b8b6 (0x0000bfe5) c.j     pc - 8
core   0: 3 0x8000b8b6 (0xbfe5)
core   0: 0x8000b8ae (0x00001f17) auipc   t5, 0x1
core   0: 3 0x8000b8ae (0x00001f17) x30 0x8000c8ae
core   0: 0x8000b8b2 (0x743f2923) sw      gp, 1874(t5)
core   0: 3 0x8000b8b2 (0x743f2923) mem 0x8000d000 0x00000001
core   0: 0x8000b8b6 (0x0000bfe5) c.j     pc - 8
core   0: 3 0x8000b8b6 (0xbfe5)
core   0: 0x8000b8ae (0x00001f17) auipc   t5, 0x1
core   0: 3 0x8000b8ae (0x00001f17) x30 0x8000c8ae
core   0: 0x8000b8b2 (0x743f2923) sw      gp, 1874(t5)
core   0: 3 0x8000b8b2 (0x743f2923) mem 0x8000d000 0x00000001
core   0: 0x8000b8b6 (0x0000bfe5) c.j     pc - 8
core   0: 3 0x8000b8b6 (0xbfe5)
core   0: 0x8000b8ae (0x00001f17) auipc   t5, 0x1
core   0: 3 0x8000b8ae (0x00001f17) x30 0x8000c8ae
core   0: 0x8000b8b2 (0x743f2923) sw      gp, 1874(t5)
core   0: 3 0x8000b8b2 (0x743f2923) mem 0x8000d000 0x00000001
core   0: 0x8000b8b6 (0x0000bfe5) c.j     pc - 8
core   0: 3 0x8000b8b6 (0xbfe5)
core   0: 0x8000b8ae (0x00001f17) auipc   t5, 0x1
core   0: 3 0x8000b8ae (0x00001f17) x30 0x8000c8ae
core   0: 0x8000b8b2 (0x743f2923) sw      gp, 1874(t5)
core   0: 3 0x8000b8b2 (0x743f2923) mem 0x8000d000 0x00000001
core   0: 0x8000b8b6 (0x0000bfe5) c.j     pc - 8
core   0: 3 0x8000b8b6 (0xbfe5)
core   0: 0x8000b8ae (0x00001f17) auipc   t5, 0x1
core   0: 3 0x8000b8ae (0x00001f17) x30 0x8000c8ae
core   0: 0x8000b8b2 (0x743f2923) sw      gp, 1874(t5)
core   0: 3 0x8000b8b2 (0x743f2923) mem 0x8000d000 0x00000001
core   0: 0x8000b8b6 (0x0000bfe5) c.j     pc - 8
core   0: 3 0x8000b8b6 (0xbfe5)
core   0: 0x8000b8ae (0x00001f17) auipc   t5, 0x1
core   0: 3 0x8000b8ae (0x00001f17) x30 0x8000c8ae
core   0: 0x8000b8b2 (0x743f2923) sw      gp, 1874(t5)
core   0: 3 0x8000b8b2 (0x743f2923) mem 0x8000d000 0x00000001
core   0: 0x8000b8b6 (0x0000bfe5) c.j     pc - 8
core   0: 3 0x8000b8b6 (0xbfe5)
core   0: 0x8000b8ae (0x00001f17) auipc   t5, 0x1
core   0: 3 0x8000b8ae (0x00001f17) x30 0x8000c8ae
core   0: 0x8000b8b2 (0x743f2923) sw      gp, 1874(t5)
core   0: 3 0x8000b8b2 (0x743f2923) mem 0x8000d000 0x00000001
core   0: 0x8000b8b6 (0x0000bfe5) c.j     pc - 8
core   0: 3 0x8000b8b6 (0xbfe5)
core   0: 0x8000b8ae (0x00001f17) auipc   t5, 0x1
core   0: 3 0x8000b8ae (0x00001f17) x30 0x8000c8ae
core   0: 0x8000b8b2 (0x743f2923) sw      gp, 1874(t5)
core   0: 3 0x8000b8b2 (0x743f2923) mem 0x8000d000 0x00000001
core   0: 0x8000b8b6 (0x0000bfe5) c.j     pc - 8
core   0: 3 0x8000b8b6 (0xbfe5)
core   0: 0x8000b8ae (0x00001f17) auipc   t5, 0x1
core   0: 3 0x8000b8ae (0x00001f17) x30 0x8000c8ae
core   0: 0x8000b8b2 (0x743f2923) sw      gp, 1874(t5)
core   0: 3 0x8000b8b2 (0x743f2923) mem 0x8000d000 0x00000001
core   0: 0x8000b8b6 (0x0000bfe5) c.j     pc - 8
core   0: 3 0x8000b8b6 (0xbfe5)
core   0: 0x8000b8ae (0x00001f17) auipc   t5, 0x1
core   0: 3 0x8000b8ae (0x00001f17) x30 0x8000c8ae
core   0: 0x8000b8b2 (0x743f2923) sw      gp, 1874(t5)
core   0: 3 0x8000b8b2 (0x743f2923) mem 0x8000d000 0x00000001
core   0: 0x8000b8b6 (0x0000bfe5) c.j     pc - 8
core   0: 3 0x8000b8b6 (0xbfe5)
core   0: 0x8000b8ae (0x00001f17) auipc   t5, 0x1
core   0: 3 0x8000b8ae (0x00001f17) x30 0x8000c8ae
core   0: 0x8000b8b2 (0x743f2923) sw      gp, 1874(t5)
core   0: 3 0x8000b8b2 (0x743f2923) mem 0x8000d000 0x00000001
core   0: 0x8000b8b6 (0x0000bfe5) c.j     pc - 8
core   0: 3 0x8000b8b6 (0xbfe5)
core   0: 0x8000b8ae (0x00001f17) auipc   t5, 0x1
core   0: 3 0x8000b8ae (0x00001f17) x30 0x8000c8ae
core   0: 0x8000b8b2 (0x743f2923) sw      gp, 1874(t5)
core   0: 3 0x8000b8b2 (0x743f2923) mem 0x8000d000 0x00000001
core   0: 0x8000b8b6 (0x0000bfe5) c.j     pc - 8
core   0: 3 0x8000b8b6 (0xbfe5)
core   0: 0x8000b8ae (0x00001f17) auipc   t5, 0x1
core   0: 3 0x8000b8ae (0x00001f17) x30 0x8000c8ae
core   0: 0x8000b8b2 (0x743f2923) sw      gp, 1874(t5)
core   0: 3 0x8000b8b2 (0x743f2923) mem 0x8000d000 0x00000001
core   0: 0x8000b8b6 (0x0000bfe5) c.j     pc - 8
core   0: 3 0x8000b8b6 (0xbfe5)
core   0: 0x8000b8ae (0x00001f17) auipc   t5, 0x1
core   0: 3 0x8000b8ae (0x00001f17) x30 0x8000c8ae
core   0: 0x8000b8b2 (0x743f2923) sw      gp, 1874(t5)
core   0: 3 0x8000b8b2 (0x743f2923) mem 0x8000d000 0x00000001
core   0: 0x8000b8b6 (0x0000bfe5) c.j     pc - 8
core   0: 3 0x8000b8b6 (0xbfe5)
core   0: 0x8000b8ae (0x00001f17) auipc   t5, 0x1
core   0: 3 0x8000b8ae (0x00001f17) x30 0x8000c8ae
core   0: 0x8000b8b2 (0x743f2923) sw      gp, 1874(t5)
core   0: 3 0x8000b8b2 (0x743f2923) mem 0x8000d000 0x00000001
core   0: 0x8000b8b6 (0x0000bfe5) c.j     pc - 8
core   0: 3 0x8000b8b6 (0xbfe5)
core   0: 0x8000b8ae (0x00001f17) auipc   t5, 0x1
core   0: 3 0x8000b8ae (0x00001f17) x30 0x8000c8ae
core   0: 0x8000b8b2 (0x743f2923) sw      gp, 1874(t5)
core   0: 3 0x8000b8b2 (0x743f2923) mem 0x8000d000 0x00000001
core   0: 0x8000b8b6 (0x0000bfe5) c.j     pc - 8
core   0: 3 0x8000b8b6 (0xbfe5)
core   0: 0x8000b8ae (0x00001f17) auipc   t5, 0x1
core   0: 3 0x8000b8ae (0x00001f17) x30 0x8000c8ae
core   0: 0x8000b8b2 (0x743f2923) sw      gp, 1874(t5)
core   0: 3 0x8000b8b2 (0x743f2923) mem 0x8000d000 0x00000001
core   0: 0x8000b8b6 (0x0000bfe5) c.j     pc - 8
core   0: 3 0x8000b8b6 (0xbfe5)
core   0: 0x8000b8ae (0x00001f17) auipc   t5, 0x1
core   0: 3 0x8000b8ae (0x00001f17) x30 0x8000c8ae
core   0: 0x8000b8b2 (0x743f2923) sw      gp, 1874(t5)
core   0: 3 0x8000b8b2 (0x743f2923) mem 0x8000d000 0x00000001
core   0: 0x8000b8b6 (0x0000bfe5) c.j     pc - 8
core   0: 3 0x8000b8b6 (0xbfe5)
core   0: 0x8000b8ae (0x00001f17) auipc   t5, 0x1
core   0: 3 0x8000b8ae (0x00001f17) x30 0x8000c8ae
core   0: 0x8000b8b2 (0x743f2923) sw      gp, 1874(t5)
core   0: 3 0x8000b8b2 (0x743f2923) mem 0x8000d000 0x00000001
core   0: 0x8000b8b6 (0x0000bfe5) c.j     pc - 8
core   0: 3 0x8000b8b6 (0xbfe5)
core   0: 0x8000b8ae (0x00001f17) auipc   t5, 0x1
core   0: 3 0x8000b8ae (0x00001f17) x30 0x8000c8ae
core   0: 0x8000b8b2 (0x743f2923) sw      gp, 1874(t5)
core   0: 3 0x8000b8b2 (0x743f2923) mem 0x8000d000 0x00000001
core   0: 0x8000b8b6 (0x0000bfe5) c.j     pc - 8
core   0: 3 0x8000b8b6 (0xbfe5)
core   0: 0x8000b8ae (0x00001f17) auipc   t5, 0x1
core   0: 3 0x8000b8ae (0x00001f17) x30 0x8000c8ae
core   0: 0x8000b8b2 (0x743f2923) sw      gp, 1874(t5)
core   0: 3 0x8000b8b2 (0x743f2923) mem 0x8000d000 0x00000001
core   0: 0x8000b8b6 (0x0000bfe5) c.j     pc - 8
core   0: 3 0x8000b8b6 (0xbfe5)
core   0: 0x8000b8ae (0x00001f17) auipc   t5, 0x1
core   0: 3 0x8000b8ae (0x00001f17) x30 0x8000c8ae
core   0: 0x8000b8b2 (0x743f2923) sw      gp, 1874(t5)
core   0: 3 0x8000b8b2 (0x743f2923) mem 0x8000d000 0x00000001
core   0: 0x8000b8b6 (0x0000bfe5) c.j     pc - 8
core   0: 3 0x8000b8b6 (0xbfe5)
core   0: 0x8000b8ae (0x00001f17) auipc   t5, 0x1
core   0: 3 0x8000b8ae (0x00001f17) x30 0x8000c8ae
core   0: 0x8000b8b2 (0x743f2923) sw      gp, 1874(t5)
core   0: 3 0x8000b8b2 (0x743f2923) mem 0x8000d000 0x00000001
core   0: 0x8000b8b6 (0x0000bfe5) c.j     pc - 8
core   0: 3 0x8000b8b6 (0xbfe5)
core   0: 0x8000b8ae (0x00001f17) auipc   t5, 0x1
core   0: 3 0x8000b8ae (0x00001f17) x30 0x8000c8ae
core   0: 0x8000b8b2 (0x743f2923) sw      gp, 1874(t5)
core   0: 3 0x8000b8b2 (0x743f2923) mem 0x8000d000 0x00000001
core   0: 0x8000b8b6 (0x0000bfe5) c.j     pc - 8
core   0: 3 0x8000b8b6 (0xbfe5)
core   0: 0x8000b8ae (0x00001f17) auipc   t5, 0x1
core   0: 3 0x8000b8ae (0x00001f17) x30 0x8000c8ae
core   0: 0x8000b8b2 (0x743f2923) sw      gp, 1874(t5)
core   0: 3 0x8000b8b2 (0x743f2923) mem 0x8000d000 0x00000001
core   0: 0x8000b8b6 (0x0000bfe5) c.j     pc - 8
core   0: 3 0x8000b8b6 (0xbfe5)
core   0: 0x8000b8ae (0x00001f17) auipc   t5, 0x1
core   0: 3 0x8000b8ae (0x00001f17) x30 0x8000c8ae
core   0: 0x8000b8b2 (0x743f2923) sw      gp, 1874(t5)
core   0: 3 0x8000b8b2 (0x743f2923) mem 0x8000d000 0x00000001
core   0: 0x8000b8b6 (0x0000bfe5) c.j     pc - 8
core   0: 3 0x8000b8b6 (0xbfe5)
core   0: 0x8000b8ae (0x00001f17) auipc   t5, 0x1
core   0: 3 0x8000b8ae (0x00001f17) x30 0x8000c8ae
core   0: 0x8000b8b2 (0x743f2923) sw      gp, 1874(t5)
core   0: 3 0x8000b8b2 (0x743f2923) mem 0x8000d000 0x00000001
core   0: 0x8000b8b6 (0x0000bfe5) c.j     pc - 8
core   0: 3 0x8000b8b6 (0xbfe5)
core   0: 0x8000b8ae (0x00001f17) auipc   t5, 0x1
core   0: 3 0x8000b8ae (0x00001f17) x30 0x8000c8ae
core   0: 0x8000b8b2 (0x743f2923) sw      gp, 1874(t5)
core   0: 3 0x8000b8b2 (0x743f2923) mem 0x8000d000 0x00000001
core   0: 0x8000b8b6 (0x0000bfe5) c.j     pc - 8
core   0: 3 0x8000b8b6 (0xbfe5)
core   0: 0x8000b8ae (0x00001f17) auipc   t5, 0x1
core   0: 3 0x8000b8ae (0x00001f17) x30 0x8000c8ae
core   0: 0x8000b8b2 (0x743f2923) sw      gp, 1874(t5)
core   0: 3 0x8000b8b2 (0x743f2923) mem 0x8000d000 0x00000001
core   0: 0x8000b8b6 (0x0000bfe5) c.j     pc - 8
core   0: 3 0x8000b8b6 (0xbfe5)
core   0: 0x8000b8ae (0x00001f17) auipc   t5, 0x1
core   0: 3 0x8000b8ae (0x00001f17) x30 0x8000c8ae
core   0: 0x8000b8b2 (0x743f2923) sw      gp, 1874(t5)
core   0: 3 0x8000b8b2 (0x743f2923) mem 0x8000d000 0x00000001
core   0: 0x8000b8b6 (0x0000bfe5) c.j     pc - 8
core   0: 3 0x8000b8b6 (0xbfe5)
core   0: 0x8000b8ae (0x00001f17) auipc   t5, 0x1
core   0: 3 0x8000b8ae (0x00001f17) x30 0x8000c8ae
core   0: 0x8000b8b2 (0x743f2923) sw      gp, 1874(t5)
core   0: 3 0x8000b8b2 (0x743f2923) mem 0x8000d000 0x00000001
core   0: 0x8000b8b6 (0x0000bfe5) c.j     pc - 8
core   0: 3 0x8000b8b6 (0xbfe5)
core   0: 0x8000b8ae (0x00001f17) auipc   t5, 0x1
core   0: 3 0x8000b8ae (0x00001f17) x30 0x8000c8ae
core   0: 0x8000b8b2 (0x743f2923) sw      gp, 1874(t5)
core   0: 3 0x8000b8b2 (0x743f2923) mem 0x8000d000 0x00000001
core   0: 0x8000b8b6 (0x0000bfe5) c.j     pc - 8
core   0: 3 0x8000b8b6 (0xbfe5)
core   0: 0x8000b8ae (0x00001f17) auipc   t5, 0x1
core   0: 3 0x8000b8ae (0x00001f17) x30 0x8000c8ae
core   0: 0x8000b8b2 (0x743f2923) sw      gp, 1874(t5)
core   0: 3 0x8000b8b2 (0x743f2923) mem 0x8000d000 0x00000001
core   0: 0x8000b8b6 (0x0000bfe5) c.j     pc - 8
core   0: 3 0x8000b8b6 (0xbfe5)
core   0: 0x8000b8ae (0x00001f17) auipc   t5, 0x1
core   0: 3 0x8000b8ae (0x00001f17) x30 0x8000c8ae
core   0: 0x8000b8b2 (0x743f2923) sw      gp, 1874(t5)
core   0: 3 0x8000b8b2 (0x743f2923) mem 0x8000d000 0x00000001
core   0: 0x8000b8b6 (0x0000bfe5) c.j     pc - 8
core   0: 3 0x8000b8b6 (0xbfe5)
core   0: 0x8000b8ae (0x00001f17) auipc   t5, 0x1
core   0: 3 0x8000b8ae (0x00001f17) x30 0x8000c8ae
core   0: 0x8000b8b2 (0x743f2923) sw      gp, 1874(t5)
core   0: 3 0x8000b8b2 (0x743f2923) mem 0x8000d000 0x00000001
core   0: 0x8000b8b6 (0x0000bfe5) c.j     pc - 8
core   0: 3 0x8000b8b6 (0xbfe5)
core   0: 0x8000b8ae (0x00001f17) auipc   t5, 0x1
core   0: 3 0x8000b8ae (0x00001f17) x30 0x8000c8ae
core   0: 0x8000b8b2 (0x743f2923) sw      gp, 1874(t5)
core   0: 3 0x8000b8b2 (0x743f2923) mem 0x8000d000 0x00000001
core   0: 0x8000b8b6 (0x0000bfe5) c.j     pc - 8
core   0: 3 0x8000b8b6 (0xbfe5)
core   0: 0x8000b8ae (0x00001f17) auipc   t5, 0x1
core   0: 3 0x8000b8ae (0x00001f17) x30 0x8000c8ae
core   0: 0x8000b8b2 (0x743f2923) sw      gp, 1874(t5)
core   0: 3 0x8000b8b2 (0x743f2923) mem 0x8000d000 0x00000001
core   0: 0x8000b8b6 (0x0000bfe5) c.j     pc - 8
core   0: 3 0x8000b8b6 (0xbfe5)
core   0: 0x8000b8ae (0x00001f17) auipc   t5, 0x1
core   0: 3 0x8000b8ae (0x00001f17) x30 0x8000c8ae
core   0: 0x8000b8b2 (0x743f2923) sw      gp, 1874(t5)
core   0: 3 0x8000b8b2 (0x743f2923) mem 0x8000d000 0x00000001
core   0: 0x8000b8b6 (0x0000bfe5) c.j     pc - 8
core   0: 3 0x8000b8b6 (0xbfe5)
core   0: 0x8000b8ae (0x00001f17) auipc   t5, 0x1
core   0: 3 0x8000b8ae (0x00001f17) x30 0x8000c8ae
core   0: 0x8000b8b2 (0x743f2923) sw      gp, 1874(t5)
core   0: 3 0x8000b8b2 (0x743f2923) mem 0x8000d000 0x00000001
core   0: 0x8000b8b6 (0x0000bfe5) c.j     pc - 8
core   0: 3 0x8000b8b6 (0xbfe5)
core   0: 0x8000b8ae (0x00001f17) auipc   t5, 0x1
core   0: 3 0x8000b8ae (0x00001f17) x30 0x8000c8ae
core   0: 0x8000b8b2 (0x743f2923) sw      gp, 1874(t5)
core   0: 3 0x8000b8b2 (0x743f2923) mem 0x8000d000 0x00000001
core   0: 0x8000b8b6 (0x0000bfe5) c.j     pc - 8
core   0: 3 0x8000b8b6 (0xbfe5)
core   0: 0x8000b8ae (0x00001f17) auipc   t5, 0x1
core   0: 3 0x8000b8ae (0x00001f17) x30 0x8000c8ae
core   0: 0x8000b8b2 (0x743f2923) sw      gp, 1874(t5)
core   0: 3 0x8000b8b2 (0x743f2923) mem 0x8000d000 0x00000001
core   0: 0x8000b8b6 (0x0000bfe5) c.j     pc - 8
core   0: 3 0x8000b8b6 (0xbfe5)
core   0: 0x8000b8ae (0x00001f17) auipc   t5, 0x1
core   0: 3 0x8000b8ae (0x00001f17) x30 0x8000c8ae
core   0: 0x8000b8b2 (0x743f2923) sw      gp, 1874(t5)
core   0: 3 0x8000b8b2 (0x743f2923) mem 0x8000d000 0x00000001
core   0: 0x8000b8b6 (0x0000bfe5) c.j     pc - 8
core   0: 3 0x8000b8b6 (0xbfe5)
core   0: 0x8000b8ae (0x00001f17) auipc   t5, 0x1
core   0: 3 0x8000b8ae (0x00001f17) x30 0x8000c8ae
core   0: 0x8000b8b2 (0x743f2923) sw      gp, 1874(t5)
core   0: 3 0x8000b8b2 (0x743f2923) mem 0x8000d000 0x00000001
core   0: 0x8000b8b6 (0x0000bfe5) c.j     pc - 8
core   0: 3 0x8000b8b6 (0xbfe5)
core   0: 0x8000b8ae (0x00001f17) auipc   t5, 0x1
core   0: 3 0x8000b8ae (0x00001f17) x30 0x8000c8ae
core   0: 0x8000b8b2 (0x743f2923) sw      gp, 1874(t5)
core   0: 3 0x8000b8b2 (0x743f2923) mem 0x8000d000 0x00000001
core   0: 0x8000b8b6 (0x0000bfe5) c.j     pc - 8
core   0: 3 0x8000b8b6 (0xbfe5)
core   0: 0x8000b8ae (0x00001f17) auipc   t5, 0x1
core   0: 3 0x8000b8ae (0x00001f17) x30 0x8000c8ae
core   0: 0x8000b8b2 (0x743f2923) sw      gp, 1874(t5)
core   0: 3 0x8000b8b2 (0x743f2923) mem 0x8000d000 0x00000001
core   0: 0x8000b8b6 (0x0000bfe5) c.j     pc - 8
core   0: 3 0x8000b8b6 (0xbfe5)
core   0: 0x8000b8ae (0x00001f17) auipc   t5, 0x1
core   0: 3 0x8000b8ae (0x00001f17) x30 0x8000c8ae
core   0: 0x8000b8b2 (0x743f2923) sw      gp, 1874(t5)
core   0: 3 0x8000b8b2 (0x743f2923) mem 0x8000d000 0x00000001
core   0: 0x8000b8b6 (0x0000bfe5) c.j     pc - 8
core   0: 3 0x8000b8b6 (0xbfe5)
core   0: 0x8000b8ae (0x00001f17) auipc   t5, 0x1
core   0: 3 0x8000b8ae (0x00001f17) x30 0x8000c8ae
core   0: 0x8000b8b2 (0x743f2923) sw      gp, 1874(t5)
core   0: 3 0x8000b8b2 (0x743f2923) mem 0x8000d000 0x00000001
core   0: 0x8000b8b6 (0x0000bfe5) c.j     pc - 8
core   0: 3 0x8000b8b6 (0xbfe5)
core   0: 0x8000b8ae (0x00001f17) auipc   t5, 0x1
core   0: 3 0x8000b8ae (0x00001f17) x30 0x8000c8ae
core   0: 0x8000b8b2 (0x743f2923) sw      gp, 1874(t5)
core   0: 3 0x8000b8b2 (0x743f2923) mem 0x8000d000 0x00000001
core   0: 0x8000b8b6 (0x0000bfe5) c.j     pc - 8
core   0: 3 0x8000b8b6 (0xbfe5)
core   0: 0x8000b8ae (0x00001f17) auipc   t5, 0x1
core   0: 3 0x8000b8ae (0x00001f17) x30 0x8000c8ae
core   0: 0x8000b8b2 (0x743f2923) sw      gp, 1874(t5)
core   0: 3 0x8000b8b2 (0x743f2923) mem 0x8000d000 0x00000001
core   0: 0x8000b8b6 (0x0000bfe5) c.j     pc - 8
core   0: 3 0x8000b8b6 (0xbfe5)
core   0: 0x8000b8ae (0x00001f17) auipc   t5, 0x1
core   0: 3 0x8000b8ae (0x00001f17) x30 0x8000c8ae
core   0: 0x8000b8b2 (0x743f2923) sw      gp, 1874(t5)
core   0: 3 0x8000b8b2 (0x743f2923) mem 0x8000d000 0x00000001
core   0: 0x8000b8b6 (0x0000bfe5) c.j     pc - 8
core   0: 3 0x8000b8b6 (0xbfe5)
core   0: 0x8000b8ae (0x00001f17) auipc   t5, 0x1
core   0: 3 0x8000b8ae (0x00001f17) x30 0x8000c8ae
core   0: 0x8000b8b2 (0x743f2923) sw      gp, 1874(t5)
core   0: 3 0x8000b8b2 (0x743f2923) mem 0x8000d000 0x00000001
core   0: 0x8000b8b6 (0x0000bfe5) c.j     pc - 8
core   0: 3 0x8000b8b6 (0xbfe5)
core   0: 0x8000b8ae (0x00001f17) auipc   t5, 0x1
core   0: 3 0x8000b8ae (0x00001f17) x30 0x8000c8ae
core   0: 0x8000b8b2 (0x743f2923) sw      gp, 1874(t5)
core   0: 3 0x8000b8b2 (0x743f2923) mem 0x8000d000 0x00000001
core   0: 0x8000b8b6 (0x0000bfe5) c.j     pc - 8
core   0: 3 0x8000b8b6 (0xbfe5)
core   0: 0x8000b8ae (0x00001f17) auipc   t5, 0x1
core   0: 3 0x8000b8ae (0x00001f17) x30 0x8000c8ae
core   0: 0x8000b8b2 (0x743f2923) sw      gp, 1874(t5)
core   0: 3 0x8000b8b2 (0x743f2923) mem 0x8000d000 0x00000001
core   0: 0x8000b8b6 (0x0000bfe5) c.j     pc - 8
core   0: 3 0x8000b8b6 (0xbfe5)
core   0: 0x8000b8ae (0x00001f17) auipc   t5, 0x1
core   0: 3 0x8000b8ae (0x00001f17) x30 0x8000c8ae
core   0: 0x8000b8b2 (0x743f2923) sw      gp, 1874(t5)
core   0: 3 0x8000b8b2 (0x743f2923) mem 0x8000d000 0x00000001
core   0: 0x8000b8b6 (0x0000bfe5) c.j     pc - 8
core   0: 3 0x8000b8b6 (0xbfe5)
core   0: 0x8000b8ae (0x00001f17) auipc   t5, 0x1
core   0: 3 0x8000b8ae (0x00001f17) x30 0x8000c8ae
core   0: 0x8000b8b2 (0x743f2923) sw      gp, 1874(t5)
core   0: 3 0x8000b8b2 (0x743f2923) mem 0x8000d000 0x00000001
core   0: 0x8000b8b6 (0x0000bfe5) c.j     pc - 8
core   0: 3 0x8000b8b6 (0xbfe5)
core   0: 0x8000b8ae (0x00001f17) auipc   t5, 0x1
core   0: 3 0x8000b8ae (0x00001f17) x30 0x8000c8ae
core   0: 0x8000b8b2 (0x743f2923) sw      gp, 1874(t5)
core   0: 3 0x8000b8b2 (0x743f2923) mem 0x8000d000 0x00000001
core   0: 0x8000b8b6 (0x0000bfe5) c.j     pc - 8
core   0: 3 0x8000b8b6 (0xbfe5)
core   0: 0x8000b8ae (0x00001f17) auipc   t5, 0x1
core   0: 3 0x8000b8ae (0x00001f17) x30 0x8000c8ae
core   0: 0x8000b8b2 (0x743f2923) sw      gp, 1874(t5)
core   0: 3 0x8000b8b2 (0x743f2923) mem 0x8000d000 0x00000001
core   0: 0x8000b8b6 (0x0000bfe5) c.j     pc - 8
core   0: 3 0x8000b8b6 (0xbfe5)
core   0: 0x8000b8ae (0x00001f17) auipc   t5, 0x1
core   0: 3 0x8000b8ae (0x00001f17) x30 0x8000c8ae
core   0: 0x8000b8b2 (0x743f2923) sw      gp, 1874(t5)
core   0: 3 0x8000b8b2 (0x743f2923) mem 0x8000d000 0x00000001
core   0: 0x8000b8b6 (0x0000bfe5) c.j     pc - 8
core   0: 3 0x8000b8b6 (0xbfe5)
core   0: 0x8000b8ae (0x00001f17) auipc   t5, 0x1
core   0: 3 0x8000b8ae (0x00001f17) x30 0x8000c8ae
core   0: 0x8000b8b2 (0x743f2923) sw      gp, 1874(t5)
core   0: 3 0x8000b8b2 (0x743f2923) mem 0x8000d000 0x00000001
core   0: 0x8000b8b6 (0x0000bfe5) c.j     pc - 8
core   0: 3 0x8000b8b6 (0xbfe5)
core   0: 0x8000b8ae (0x00001f17) auipc   t5, 0x1
core   0: 3 0x8000b8ae (0x00001f17) x30 0x8000c8ae
core   0: 0x8000b8b2 (0x743f2923) sw      gp, 1874(t5)
core   0: 3 0x8000b8b2 (0x743f2923) mem 0x8000d000 0x00000001
core   0: 0x8000b8b6 (0x0000bfe5) c.j     pc - 8
core   0: 3 0x8000b8b6 (0xbfe5)
core   0: 0x8000b8ae (0x00001f17) auipc   t5, 0x1
core   0: 3 0x8000b8ae (0x00001f17) x30 0x8000c8ae
core   0: 0x8000b8b2 (0x743f2923) sw      gp, 1874(t5)
core   0: 3 0x8000b8b2 (0x743f2923) mem 0x8000d000 0x00000001
core   0: 0x8000b8b6 (0x0000bfe5) c.j     pc - 8
core   0: 3 0x8000b8b6 (0xbfe5)
core   0: 0x8000b8ae (0x00001f17) auipc   t5, 0x1
core   0: 3 0x8000b8ae (0x00001f17) x30 0x8000c8ae
core   0: 0x8000b8b2 (0x743f2923) sw      gp, 1874(t5)
core   0: 3 0x8000b8b2 (0x743f2923) mem 0x8000d000 0x00000001
core   0: 0x8000b8b6 (0x0000bfe5) c.j     pc - 8
core   0: 3 0x8000b8b6 (0xbfe5)
core   0: 0x8000b8ae (0x00001f17) auipc   t5, 0x1
core   0: 3 0x8000b8ae (0x00001f17) x30 0x8000c8ae
core   0: 0x8000b8b2 (0x743f2923) sw      gp, 1874(t5)
core   0: 3 0x8000b8b2 (0x743f2923) mem 0x8000d000 0x00000001
core   0: 0x8000b8b6 (0x0000bfe5) c.j     pc - 8
core   0: 3 0x8000b8b6 (0xbfe5)
core   0: 0x8000b8ae (0x00001f17) auipc   t5, 0x1
core   0: 3 0x8000b8ae (0x00001f17) x30 0x8000c8ae
core   0: 0x8000b8b2 (0x743f2923) sw      gp, 1874(t5)
core   0: 3 0x8000b8b2 (0x743f2923) mem 0x8000d000 0x00000001
core   0: 0x8000b8b6 (0x0000bfe5) c.j     pc - 8
core   0: 3 0x8000b8b6 (0xbfe5)
core   0: 0x8000b8ae (0x00001f17) auipc   t5, 0x1
core   0: 3 0x8000b8ae (0x00001f17) x30 0x8000c8ae
core   0: 0x8000b8b2 (0x743f2923) sw      gp, 1874(t5)
core   0: 3 0x8000b8b2 (0x743f2923) mem 0x8000d000 0x00000001
core   0: 0x8000b8b6 (0x0000bfe5) c.j     pc - 8
core   0: 3 0x8000b8b6 (0xbfe5)
core   0: 0x8000b8ae (0x00001f17) auipc   t5, 0x1
core   0: 3 0x8000b8ae (0x00001f17) x30 0x8000c8ae
core   0: 0x8000b8b2 (0x743f2923) sw      gp, 1874(t5)
core   0: 3 0x8000b8b2 (0x743f2923) mem 0x8000d000 0x00000001
core   0: 0x8000b8b6 (0x0000bfe5) c.j     pc - 8
core   0: 3 0x8000b8b6 (0xbfe5)
core   0: 0x8000b8ae (0x00001f17) auipc   t5, 0x1
core   0: 3 0x8000b8ae (0x00001f17) x30 0x8000c8ae
core   0: 0x8000b8b2 (0x743f2923) sw      gp, 1874(t5)
core   0: 3 0x8000b8b2 (0x743f2923) mem 0x8000d000 0x00000001
core   0: 0x8000b8b6 (0x0000bfe5) c.j     pc - 8
core   0: 3 0x8000b8b6 (0xbfe5)
core   0: 0x8000b8ae (0x00001f17) auipc   t5, 0x1
core   0: 3 0x8000b8ae (0x00001f17) x30 0x8000c8ae
core   0: 0x8000b8b2 (0x743f2923) sw      gp, 1874(t5)
core   0: 3 0x8000b8b2 (0x743f2923) mem 0x8000d000 0x00000001
core   0: 0x8000b8b6 (0x0000bfe5) c.j     pc - 8
core   0: 3 0x8000b8b6 (0xbfe5)
core   0: 0x8000b8ae (0x00001f17) auipc   t5, 0x1
core   0: 3 0x8000b8ae (0x00001f17) x30 0x8000c8ae
core   0: 0x8000b8b2 (0x743f2923) sw      gp, 1874(t5)
core   0: 3 0x8000b8b2 (0x743f2923) mem 0x8000d000 0x00000001
core   0: 0x8000b8b6 (0x0000bfe5) c.j     pc - 8
core   0: 3 0x8000b8b6 (0xbfe5)
core   0: 0x8000b8ae (0x00001f17) auipc   t5, 0x1
core   0: 3 0x8000b8ae (0x00001f17) x30 0x8000c8ae
core   0: 0x8000b8b2 (0x743f2923) sw      gp, 1874(t5)
core   0: 3 0x8000b8b2 (0x743f2923) mem 0x8000d000 0x00000001
core   0: 0x8000b8b6 (0x0000bfe5) c.j     pc - 8
core   0: 3 0x8000b8b6 (0xbfe5)
core   0: 0x8000b8ae (0x00001f17) auipc   t5, 0x1
core   0: 3 0x8000b8ae (0x00001f17) x30 0x8000c8ae
core   0: 0x8000b8b2 (0x743f2923) sw      gp, 1874(t5)
core   0: 3 0x8000b8b2 (0x743f2923) mem 0x8000d000 0x00000001
core   0: 0x8000b8b6 (0x0000bfe5) c.j     pc - 8
core   0: 3 0x8000b8b6 (0xbfe5)
core   0: 0x8000b8ae (0x00001f17) auipc   t5, 0x1
core   0: 3 0x8000b8ae (0x00001f17) x30 0x8000c8ae
core   0: 0x8000b8b2 (0x743f2923) sw      gp, 1874(t5)
core   0: 3 0x8000b8b2 (0x743f2923) mem 0x8000d000 0x00000001
core   0: 0x8000b8b6 (0x0000bfe5) c.j     pc - 8
core   0: 3 0x8000b8b6 (0xbfe5)
core   0: 0x8000b8ae (0x00001f17) auipc   t5, 0x1
core   0: 3 0x8000b8ae (0x00001f17) x30 0x8000c8ae
core   0: 0x8000b8b2 (0x743f2923) sw      gp, 1874(t5)
core   0: 3 0x8000b8b2 (0x743f2923) mem 0x8000d000 0x00000001
core   0: 0x8000b8b6 (0x0000bfe5) c.j     pc - 8
core   0: 3 0x8000b8b6 (0xbfe5)
core   0: 0x8000b8ae (0x00001f17) auipc   t5, 0x1
core   0: 3 0x8000b8ae (0x00001f17) x30 0x8000c8ae
core   0: 0x8000b8b2 (0x743f2923) sw      gp, 1874(t5)
core   0: 3 0x8000b8b2 (0x743f2923) mem 0x8000d000 0x00000001
core   0: 0x8000b8b6 (0x0000bfe5) c.j     pc - 8
core   0: 3 0x8000b8b6 (0xbfe5)
core   0: 0x8000b8ae (0x00001f17) auipc   t5, 0x1
core   0: 3 0x8000b8ae (0x00001f17) x30 0x8000c8ae
core   0: 0x8000b8b2 (0x743f2923) sw      gp, 1874(t5)
core   0: 3 0x8000b8b2 (0x743f2923) mem 0x8000d000 0x00000001
core   0: 0x8000b8b6 (0x0000bfe5) c.j     pc - 8
core   0: 3 0x8000b8b6 (0xbfe5)
core   0: 0x8000b8ae (0x00001f17) auipc   t5, 0x1
core   0: 3 0x8000b8ae (0x00001f17) x30 0x8000c8ae
core   0: 0x8000b8b2 (0x743f2923) sw      gp, 1874(t5)
core   0: 3 0x8000b8b2 (0x743f2923) mem 0x8000d000 0x00000001
core   0: 0x8000b8b6 (0x0000bfe5) c.j     pc - 8
core   0: 3 0x8000b8b6 (0xbfe5)
core   0: 0x8000b8ae (0x00001f17) auipc   t5, 0x1
core   0: 3 0x8000b8ae (0x00001f17) x30 0x8000c8ae
core   0: 0x8000b8b2 (0x743f2923) sw      gp, 1874(t5)
core   0: 3 0x8000b8b2 (0x743f2923) mem 0x8000d000 0x00000001
core   0: 0x8000b8b6 (0x0000bfe5) c.j     pc - 8
core   0: 3 0x8000b8b6 (0xbfe5)
core   0: 0x8000b8ae (0x00001f17) auipc   t5, 0x1
core   0: 3 0x8000b8ae (0x00001f17) x30 0x8000c8ae
core   0: 0x8000b8b2 (0x743f2923) sw      gp, 1874(t5)
core   0: 3 0x8000b8b2 (0x743f2923) mem 0x8000d000 0x00000001
core   0: 0x8000b8b6 (0x0000bfe5) c.j     pc - 8
core   0: 3 0x8000b8b6 (0xbfe5)
core   0: 0x8000b8ae (0x00001f17) auipc   t5, 0x1
core   0: 3 0x8000b8ae (0x00001f17) x30 0x8000c8ae
core   0: 0x8000b8b2 (0x743f2923) sw      gp, 1874(t5)
core   0: 3 0x8000b8b2 (0x743f2923) mem 0x8000d000 0x00000001
core   0: 0x8000b8b6 (0x0000bfe5) c.j     pc - 8
core   0: 3 0x8000b8b6 (0xbfe5)
core   0: 0x8000b8ae (0x00001f17) auipc   t5, 0x1
core   0: 3 0x8000b8ae (0x00001f17) x30 0x8000c8ae
core   0: 0x8000b8b2 (0x743f2923) sw      gp, 1874(t5)
core   0: 3 0x8000b8b2 (0x743f2923) mem 0x8000d000 0x00000001
core   0: 0x8000b8b6 (0x0000bfe5) c.j     pc - 8
core   0: 3 0x8000b8b6 (0xbfe5)
core   0: 0x8000b8ae (0x00001f17) auipc   t5, 0x1
core   0: 3 0x8000b8ae (0x00001f17) x30 0x8000c8ae
core   0: 0x8000b8b2 (0x743f2923) sw      gp, 1874(t5)
core   0: 3 0x8000b8b2 (0x743f2923) mem 0x8000d000 0x00000001
core   0: 0x8000b8b6 (0x0000bfe5) c.j     pc - 8
core   0: 3 0x8000b8b6 (0xbfe5)
core   0: 0x8000b8ae (0x00001f17) auipc   t5, 0x1
core   0: 3 0x8000b8ae (0x00001f17) x30 0x8000c8ae
core   0: 0x8000b8b2 (0x743f2923) sw      gp, 1874(t5)
core   0: 3 0x8000b8b2 (0x743f2923) mem 0x8000d000 0x00000001
core   0: 0x8000b8b6 (0x0000bfe5) c.j     pc - 8
core   0: 3 0x8000b8b6 (0xbfe5)
core   0: 0x8000b8ae (0x00001f17) auipc   t5, 0x1
core   0: 3 0x8000b8ae (0x00001f17) x30 0x8000c8ae
core   0: 0x8000b8b2 (0x743f2923) sw      gp, 1874(t5)
core   0: 3 0x8000b8b2 (0x743f2923) mem 0x8000d000 0x00000001
core   0: 0x8000b8b6 (0x0000bfe5) c.j     pc - 8
core   0: 3 0x8000b8b6 (0xbfe5)
core   0: 0x8000b8ae (0x00001f17) auipc   t5, 0x1
core   0: 3 0x8000b8ae (0x00001f17) x30 0x8000c8ae
core   0: 0x8000b8b2 (0x743f2923) sw      gp, 1874(t5)
core   0: 3 0x8000b8b2 (0x743f2923) mem 0x8000d000 0x00000001
core   0: 0x8000b8b6 (0x0000bfe5) c.j     pc - 8
core   0: 3 0x8000b8b6 (0xbfe5)
core   0: 0x8000b8ae (0x00001f17) auipc   t5, 0x1
core   0: 3 0x8000b8ae (0x00001f17) x30 0x8000c8ae
core   0: 0x8000b8b2 (0x743f2923) sw      gp, 1874(t5)
core   0: 3 0x8000b8b2 (0x743f2923) mem 0x8000d000 0x00000001
core   0: 0x8000b8b6 (0x0000bfe5) c.j     pc - 8
core   0: 3 0x8000b8b6 (0xbfe5)
core   0: 0x8000b8ae (0x00001f17) auipc   t5, 0x1
core   0: 3 0x8000b8ae (0x00001f17) x30 0x8000c8ae
core   0: 0x8000b8b2 (0x743f2923) sw      gp, 1874(t5)
core   0: 3 0x8000b8b2 (0x743f2923) mem 0x8000d000 0x00000001
core   0: 0x8000b8b6 (0x0000bfe5) c.j     pc - 8
core   0: 3 0x8000b8b6 (0xbfe5)
core   0: 0x8000b8ae (0x00001f17) auipc   t5, 0x1
core   0: 3 0x8000b8ae (0x00001f17) x30 0x8000c8ae
core   0: 0x8000b8b2 (0x743f2923) sw      gp, 1874(t5)
core   0: 3 0x8000b8b2 (0x743f2923) mem 0x8000d000 0x00000001
core   0: 0x8000b8b6 (0x0000bfe5) c.j     pc - 8
core   0: 3 0x8000b8b6 (0xbfe5)
core   0: 0x8000b8ae (0x00001f17) auipc   t5, 0x1
core   0: 3 0x8000b8ae (0x00001f17) x30 0x8000c8ae
core   0: 0x8000b8b2 (0x743f2923) sw      gp, 1874(t5)
core   0: 3 0x8000b8b2 (0x743f2923) mem 0x8000d000 0x00000001
core   0: 0x8000b8b6 (0x0000bfe5) c.j     pc - 8
core   0: 3 0x8000b8b6 (0xbfe5)
core   0: 0x8000b8ae (0x00001f17) auipc   t5, 0x1
core   0: 3 0x8000b8ae (0x00001f17) x30 0x8000c8ae
core   0: 0x8000b8b2 (0x743f2923) sw      gp, 1874(t5)
core   0: 3 0x8000b8b2 (0x743f2923) mem 0x8000d000 0x00000001
core   0: 0x8000b8b6 (0x0000bfe5) c.j     pc - 8
core   0: 3 0x8000b8b6 (0xbfe5)
core   0: 0x8000b8ae (0x00001f17) auipc   t5, 0x1
core   0: 3 0x8000b8ae (0x00001f17) x30 0x8000c8ae
core   0: 0x8000b8b2 (0x743f2923) sw      gp, 1874(t5)
core   0: 3 0x8000b8b2 (0x743f2923) mem 0x8000d000 0x00000001
core   0: 0x8000b8b6 (0x0000bfe5) c.j     pc - 8
core   0: 3 0x8000b8b6 (0xbfe5)
core   0: 0x8000b8ae (0x00001f17) auipc   t5, 0x1
core   0: 3 0x8000b8ae (0x00001f17) x30 0x8000c8ae
core   0: 0x8000b8b2 (0x743f2923) sw      gp, 1874(t5)
core   0: 3 0x8000b8b2 (0x743f2923) mem 0x8000d000 0x00000001
core   0: 0x8000b8b6 (0x0000bfe5) c.j     pc - 8
core   0: 3 0x8000b8b6 (0xbfe5)
core   0: 0x8000b8ae (0x00001f17) auipc   t5, 0x1
core   0: 3 0x8000b8ae (0x00001f17) x30 0x8000c8ae
core   0: 0x8000b8b2 (0x743f2923) sw      gp, 1874(t5)
core   0: 3 0x8000b8b2 (0x743f2923) mem 0x8000d000 0x00000001
core   0: 0x8000b8b6 (0x0000bfe5) c.j     pc - 8
core   0: 3 0x8000b8b6 (0xbfe5)
core   0: 0x8000b8ae (0x00001f17) auipc   t5, 0x1
core   0: 3 0x8000b8ae (0x00001f17) x30 0x8000c8ae
core   0: 0x8000b8b2 (0x743f2923) sw      gp, 1874(t5)
core   0: 3 0x8000b8b2 (0x743f2923) mem 0x8000d000 0x00000001
core   0: 0x8000b8b6 (0x0000bfe5) c.j     pc - 8
core   0: 3 0x8000b8b6 (0xbfe5)
core   0: 0x8000b8ae (0x00001f17) auipc   t5, 0x1
core   0: 3 0x8000b8ae (0x00001f17) x30 0x8000c8ae
core   0: 0x8000b8b2 (0x743f2923) sw      gp, 1874(t5)
core   0: 3 0x8000b8b2 (0x743f2923) mem 0x8000d000 0x00000001
core   0: 0x8000b8b6 (0x0000bfe5) c.j     pc - 8
core   0: 3 0x8000b8b6 (0xbfe5)
core   0: 0x8000b8ae (0x00001f17) auipc   t5, 0x1
core   0: 3 0x8000b8ae (0x00001f17) x30 0x8000c8ae
core   0: 0x8000b8b2 (0x743f2923) sw      gp, 1874(t5)
core   0: 3 0x8000b8b2 (0x743f2923) mem 0x8000d000 0x00000001
core   0: 0x8000b8b6 (0x0000bfe5) c.j     pc - 8
core   0: 3 0x8000b8b6 (0xbfe5)
core   0: 0x8000b8ae (0x00001f17) auipc   t5, 0x1
core   0: 3 0x8000b8ae (0x00001f17) x30 0x8000c8ae
core   0: 0x8000b8b2 (0x743f2923) sw      gp, 1874(t5)
core   0: 3 0x8000b8b2 (0x743f2923) mem 0x8000d000 0x00000001
core   0: 0x8000b8b6 (0x0000bfe5) c.j     pc - 8
core   0: 3 0x8000b8b6 (0xbfe5)
core   0: 0x8000b8ae (0x00001f17) auipc   t5, 0x1
core   0: 3 0x8000b8ae (0x00001f17) x30 0x8000c8ae
core   0: 0x8000b8b2 (0x743f2923) sw      gp, 1874(t5)
core   0: 3 0x8000b8b2 (0x743f2923) mem 0x8000d000 0x00000001
core   0: 0x8000b8b6 (0x0000bfe5) c.j     pc - 8
core   0: 3 0x8000b8b6 (0xbfe5)
core   0: 0x8000b8ae (0x00001f17) auipc   t5, 0x1
core   0: 3 0x8000b8ae (0x00001f17) x30 0x8000c8ae
core   0: 0x8000b8b2 (0x743f2923) sw      gp, 1874(t5)
core   0: 3 0x8000b8b2 (0x743f2923) mem 0x8000d000 0x00000001
core   0: 0x8000b8b6 (0x0000bfe5) c.j     pc - 8
core   0: 3 0x8000b8b6 (0xbfe5)
core   0: 0x8000b8ae (0x00001f17) auipc   t5, 0x1
core   0: 3 0x8000b8ae (0x00001f17) x30 0x8000c8ae
core   0: 0x8000b8b2 (0x743f2923) sw      gp, 1874(t5)
core   0: 3 0x8000b8b2 (0x743f2923) mem 0x8000d000 0x00000001
core   0: 0x8000b8b6 (0x0000bfe5) c.j     pc - 8
core   0: 3 0x8000b8b6 (0xbfe5)
core   0: 0x8000b8ae (0x00001f17) auipc   t5, 0x1
core   0: 3 0x8000b8ae (0x00001f17) x30 0x8000c8ae
core   0: 0x8000b8b2 (0x743f2923) sw      gp, 1874(t5)
core   0: 3 0x8000b8b2 (0x743f2923) mem 0x8000d000 0x00000001
core   0: 0x8000b8b6 (0x0000bfe5) c.j     pc - 8
core   0: 3 0x8000b8b6 (0xbfe5)
core   0: 0x8000b8ae (0x00001f17) auipc   t5, 0x1
core   0: 3 0x8000b8ae (0x00001f17) x30 0x8000c8ae
core   0: 0x8000b8b2 (0x743f2923) sw      gp, 1874(t5)
core   0: 3 0x8000b8b2 (0x743f2923) mem 0x8000d000 0x00000001
core   0: 0x8000b8b6 (0x0000bfe5) c.j     pc - 8
core   0: 3 0x8000b8b6 (0xbfe5)
core   0: 0x8000b8ae (0x00001f17) auipc   t5, 0x1
core   0: 3 0x8000b8ae (0x00001f17) x30 0x8000c8ae
core   0: 0x8000b8b2 (0x743f2923) sw      gp, 1874(t5)
core   0: 3 0x8000b8b2 (0x743f2923) mem 0x8000d000 0x00000001
core   0: 0x8000b8b6 (0x0000bfe5) c.j     pc - 8
core   0: 3 0x8000b8b6 (0xbfe5)
core   0: 0x8000b8ae (0x00001f17) auipc   t5, 0x1
core   0: 3 0x8000b8ae (0x00001f17) x30 0x8000c8ae
core   0: 0x8000b8b2 (0x743f2923) sw      gp, 1874(t5)
core   0: 3 0x8000b8b2 (0x743f2923) mem 0x8000d000 0x00000001
core   0: 0x8000b8b6 (0x0000bfe5) c.j     pc - 8
core   0: 3 0x8000b8b6 (0xbfe5)
core   0: 0x8000b8ae (0x00001f17) auipc   t5, 0x1
core   0: 3 0x8000b8ae (0x00001f17) x30 0x8000c8ae
core   0: 0x8000b8b2 (0x743f2923) sw      gp, 1874(t5)
core   0: 3 0x8000b8b2 (0x743f2923) mem 0x8000d000 0x00000001
core   0: 0x8000b8b6 (0x0000bfe5) c.j     pc - 8
core   0: 3 0x8000b8b6 (0xbfe5)
core   0: 0x8000b8ae (0x00001f17) auipc   t5, 0x1
core   0: 3 0x8000b8ae (0x00001f17) x30 0x8000c8ae
core   0: 0x8000b8b2 (0x743f2923) sw      gp, 1874(t5)
core   0: 3 0x8000b8b2 (0x743f2923) mem 0x8000d000 0x00000001
core   0: 0x8000b8b6 (0x0000bfe5) c.j     pc - 8
core   0: 3 0x8000b8b6 (0xbfe5)
core   0: 0x8000b8ae (0x00001f17) auipc   t5, 0x1
core   0: 3 0x8000b8ae (0x00001f17) x30 0x8000c8ae
core   0: 0x8000b8b2 (0x743f2923) sw      gp, 1874(t5)
core   0: 3 0x8000b8b2 (0x743f2923) mem 0x8000d000 0x00000001
core   0: 0x8000b8b6 (0x0000bfe5) c.j     pc - 8
core   0: 3 0x8000b8b6 (0xbfe5)
core   0: 0x8000b8ae (0x00001f17) auipc   t5, 0x1
core   0: 3 0x8000b8ae (0x00001f17) x30 0x8000c8ae
core   0: 0x8000b8b2 (0x743f2923) sw      gp, 1874(t5)
core   0: 3 0x8000b8b2 (0x743f2923) mem 0x8000d000 0x00000001
core   0: 0x8000b8b6 (0x0000bfe5) c.j     pc - 8
core   0: 3 0x8000b8b6 (0xbfe5)
core   0: 0x8000b8ae (0x00001f17) auipc   t5, 0x1
core   0: 3 0x8000b8ae (0x00001f17) x30 0x8000c8ae
core   0: 0x8000b8b2 (0x743f2923) sw      gp, 1874(t5)
core   0: 3 0x8000b8b2 (0x743f2923) mem 0x8000d000 0x00000001
core   0: 0x8000b8b6 (0x0000bfe5) c.j     pc - 8
core   0: 3 0x8000b8b6 (0xbfe5)
core   0: 0x8000b8ae (0x00001f17) auipc   t5, 0x1
core   0: 3 0x8000b8ae (0x00001f17) x30 0x8000c8ae
core   0: 0x8000b8b2 (0x743f2923) sw      gp, 1874(t5)
core   0: 3 0x8000b8b2 (0x743f2923) mem 0x8000d000 0x00000001
core   0: 0x8000b8b6 (0x0000bfe5) c.j     pc - 8
core   0: 3 0x8000b8b6 (0xbfe5)
core   0: 0x8000b8ae (0x00001f17) auipc   t5, 0x1
core   0: 3 0x8000b8ae (0x00001f17) x30 0x8000c8ae
core   0: 0x8000b8b2 (0x743f2923) sw      gp, 1874(t5)
core   0: 3 0x8000b8b2 (0x743f2923) mem 0x8000d000 0x00000001
core   0: 0x8000b8b6 (0x0000bfe5) c.j     pc - 8
core   0: 3 0x8000b8b6 (0xbfe5)
core   0: 0x8000b8ae (0x00001f17) auipc   t5, 0x1
core   0: 3 0x8000b8ae (0x00001f17) x30 0x8000c8ae
core   0: 0x8000b8b2 (0x743f2923) sw      gp, 1874(t5)
core   0: 3 0x8000b8b2 (0x743f2923) mem 0x8000d000 0x00000001
core   0: 0x8000b8b6 (0x0000bfe5) c.j     pc - 8
core   0: 3 0x8000b8b6 (0xbfe5)
core   0: 0x8000b8ae (0x00001f17) auipc   t5, 0x1
core   0: 3 0x8000b8ae (0x00001f17) x30 0x8000c8ae
core   0: 0x8000b8b2 (0x743f2923) sw      gp, 1874(t5)
core   0: 3 0x8000b8b2 (0x743f2923) mem 0x8000d000 0x00000001
core   0: 0x8000b8b6 (0x0000bfe5) c.j     pc - 8
core   0: 3 0x8000b8b6 (0xbfe5)
core   0: 0x8000b8ae (0x00001f17) auipc   t5, 0x1
core   0: 3 0x8000b8ae (0x00001f17) x30 0x8000c8ae
core   0: 0x8000b8b2 (0x743f2923) sw      gp, 1874(t5)
core   0: 3 0x8000b8b2 (0x743f2923) mem 0x8000d000 0x00000001
core   0: 0x8000b8b6 (0x0000bfe5) c.j     pc - 8
core   0: 3 0x8000b8b6 (0xbfe5)
core   0: 0x8000b8ae (0x00001f17) auipc   t5, 0x1
core   0: 3 0x8000b8ae (0x00001f17) x30 0x8000c8ae
core   0: 0x8000b8b2 (0x743f2923) sw      gp, 1874(t5)
core   0: 3 0x8000b8b2 (0x743f2923) mem 0x8000d000 0x00000001
core   0: 0x8000b8b6 (0x0000bfe5) c.j     pc - 8
core   0: 3 0x8000b8b6 (0xbfe5)
core   0: 0x8000b8ae (0x00001f17) auipc   t5, 0x1
core   0: 3 0x8000b8ae (0x00001f17) x30 0x8000c8ae
core   0: 0x8000b8b2 (0x743f2923) sw      gp, 1874(t5)
core   0: 3 0x8000b8b2 (0x743f2923) mem 0x8000d000 0x00000001
core   0: 0x8000b8b6 (0x0000bfe5) c.j     pc - 8
core   0: 3 0x8000b8b6 (0xbfe5)
core   0: 0x8000b8ae (0x00001f17) auipc   t5, 0x1
core   0: 3 0x8000b8ae (0x00001f17) x30 0x8000c8ae
core   0: 0x8000b8b2 (0x743f2923) sw      gp, 1874(t5)
core   0: 3 0x8000b8b2 (0x743f2923) mem 0x8000d000 0x00000001
core   0: 0x8000b8b6 (0x0000bfe5) c.j     pc - 8
core   0: 3 0x8000b8b6 (0xbfe5)
core   0: 0x8000b8ae (0x00001f17) auipc   t5, 0x1
core   0: 3 0x8000b8ae (0x00001f17) x30 0x8000c8ae
core   0: 0x8000b8b2 (0x743f2923) sw      gp, 1874(t5)
core   0: 3 0x8000b8b2 (0x743f2923) mem 0x8000d000 0x00000001
core   0: 0x8000b8b6 (0x0000bfe5) c.j     pc - 8
core   0: 3 0x8000b8b6 (0xbfe5)
core   0: 0x8000b8ae (0x00001f17) auipc   t5, 0x1
core   0: 3 0x8000b8ae (0x00001f17) x30 0x8000c8ae
core   0: 0x8000b8b2 (0x743f2923) sw      gp, 1874(t5)
core   0: 3 0x8000b8b2 (0x743f2923) mem 0x8000d000 0x00000001
core   0: 0x8000b8b6 (0x0000bfe5) c.j     pc - 8
core   0: 3 0x8000b8b6 (0xbfe5)
core   0: 0x8000b8ae (0x00001f17) auipc   t5, 0x1
core   0: 3 0x8000b8ae (0x00001f17) x30 0x8000c8ae
core   0: 0x8000b8b2 (0x743f2923) sw      gp, 1874(t5)
core   0: 3 0x8000b8b2 (0x743f2923) mem 0x8000d000 0x00000001
core   0: 0x8000b8b6 (0x0000bfe5) c.j     pc - 8
core   0: 3 0x8000b8b6 (0xbfe5)
core   0: 0x8000b8ae (0x00001f17) auipc   t5, 0x1
core   0: 3 0x8000b8ae (0x00001f17) x30 0x8000c8ae
core   0: 0x8000b8b2 (0x743f2923) sw      gp, 1874(t5)
core   0: 3 0x8000b8b2 (0x743f2923) mem 0x8000d000 0x00000001
core   0: 0x8000b8b6 (0x0000bfe5) c.j     pc - 8
core   0: 3 0x8000b8b6 (0xbfe5)
core   0: 0x8000b8ae (0x00001f17) auipc   t5, 0x1
core   0: 3 0x8000b8ae (0x00001f17) x30 0x8000c8ae
core   0: 0x8000b8b2 (0x743f2923) sw      gp, 1874(t5)
core   0: 3 0x8000b8b2 (0x743f2923) mem 0x8000d000 0x00000001
core   0: 0x8000b8b6 (0x0000bfe5) c.j     pc - 8
core   0: 3 0x8000b8b6 (0xbfe5)
core   0: 0x8000b8ae (0x00001f17) auipc   t5, 0x1
core   0: 3 0x8000b8ae (0x00001f17) x30 0x8000c8ae
core   0: 0x8000b8b2 (0x743f2923) sw      gp, 1874(t5)
core   0: 3 0x8000b8b2 (0x743f2923) mem 0x8000d000 0x00000001
core   0: 0x8000b8b6 (0x0000bfe5) c.j     pc - 8
core   0: 3 0x8000b8b6 (0xbfe5)
core   0: 0x8000b8ae (0x00001f17) auipc   t5, 0x1
core   0: 3 0x8000b8ae (0x00001f17) x30 0x8000c8ae
core   0: 0x8000b8b2 (0x743f2923) sw      gp, 1874(t5)
core   0: 3 0x8000b8b2 (0x743f2923) mem 0x8000d000 0x00000001
core   0: 0x8000b8b6 (0x0000bfe5) c.j     pc - 8
core   0: 3 0x8000b8b6 (0xbfe5)
core   0: 0x8000b8ae (0x00001f17) auipc   t5, 0x1
core   0: 3 0x8000b8ae (0x00001f17) x30 0x8000c8ae
core   0: 0x8000b8b2 (0x743f2923) sw      gp, 1874(t5)
core   0: 3 0x8000b8b2 (0x743f2923) mem 0x8000d000 0x00000001
core   0: 0x8000b8b6 (0x0000bfe5) c.j     pc - 8
core   0: 3 0x8000b8b6 (0xbfe5)
core   0: 0x8000b8ae (0x00001f17) auipc   t5, 0x1
core   0: 3 0x8000b8ae (0x00001f17) x30 0x8000c8ae
core   0: 0x8000b8b2 (0x743f2923) sw      gp, 1874(t5)
core   0: 3 0x8000b8b2 (0x743f2923) mem 0x8000d000 0x00000001
core   0: 0x8000b8b6 (0x0000bfe5) c.j     pc - 8
core   0: 3 0x8000b8b6 (0xbfe5)
core   0: 0x8000b8ae (0x00001f17) auipc   t5, 0x1
core   0: 3 0x8000b8ae (0x00001f17) x30 0x8000c8ae
core   0: 0x8000b8b2 (0x743f2923) sw      gp, 1874(t5)
core   0: 3 0x8000b8b2 (0x743f2923) mem 0x8000d000 0x00000001
core   0: 0x8000b8b6 (0x0000bfe5) c.j     pc - 8
core   0: 3 0x8000b8b6 (0xbfe5)
core   0: 0x8000b8ae (0x00001f17) auipc   t5, 0x1
core   0: 3 0x8000b8ae (0x00001f17) x30 0x8000c8ae
core   0: 0x8000b8b2 (0x743f2923) sw      gp, 1874(t5)
core   0: 3 0x8000b8b2 (0x743f2923) mem 0x8000d000 0x00000001
core   0: 0x8000b8b6 (0x0000bfe5) c.j     pc - 8
core   0: 3 0x8000b8b6 (0xbfe5)
core   0: 0x8000b8ae (0x00001f17) auipc   t5, 0x1
core   0: 3 0x8000b8ae (0x00001f17) x30 0x8000c8ae
core   0: 0x8000b8b2 (0x743f2923) sw      gp, 1874(t5)
core   0: 3 0x8000b8b2 (0x743f2923) mem 0x8000d000 0x00000001
core   0: 0x8000b8b6 (0x0000bfe5) c.j     pc - 8
core   0: 3 0x8000b8b6 (0xbfe5)
core   0: 0x8000b8ae (0x00001f17) auipc   t5, 0x1
core   0: 3 0x8000b8ae (0x00001f17) x30 0x8000c8ae
core   0: 0x8000b8b2 (0x743f2923) sw      gp, 1874(t5)
core   0: 3 0x8000b8b2 (0x743f2923) mem 0x8000d000 0x00000001
core   0: 0x8000b8b6 (0x0000bfe5) c.j     pc - 8
core   0: 3 0x8000b8b6 (0xbfe5)
core   0: 0x8000b8ae (0x00001f17) auipc   t5, 0x1
core   0: 3 0x8000b8ae (0x00001f17) x30 0x8000c8ae
core   0: 0x8000b8b2 (0x743f2923) sw      gp, 1874(t5)
core   0: 3 0x8000b8b2 (0x743f2923) mem 0x8000d000 0x00000001
core   0: 0x8000b8b6 (0x0000bfe5) c.j     pc - 8
core   0: 3 0x8000b8b6 (0xbfe5)
core   0: 0x8000b8ae (0x00001f17) auipc   t5, 0x1
core   0: 3 0x8000b8ae (0x00001f17) x30 0x8000c8ae
core   0: 0x8000b8b2 (0x743f2923) sw      gp, 1874(t5)
core   0: 3 0x8000b8b2 (0x743f2923) mem 0x8000d000 0x00000001
core   0: 0x8000b8b6 (0x0000bfe5) c.j     pc - 8
core   0: 3 0x8000b8b6 (0xbfe5)
core   0: 0x8000b8ae (0x00001f17) auipc   t5, 0x1
core   0: 3 0x8000b8ae (0x00001f17) x30 0x8000c8ae
core   0: 0x8000b8b2 (0x743f2923) sw      gp, 1874(t5)
core   0: 3 0x8000b8b2 (0x743f2923) mem 0x8000d000 0x00000001
core   0: 0x8000b8b6 (0x0000bfe5) c.j     pc - 8
core   0: 3 0x8000b8b6 (0xbfe5)
core   0: 0x8000b8ae (0x00001f17) auipc   t5, 0x1
core   0: 3 0x8000b8ae (0x00001f17) x30 0x8000c8ae
core   0: 0x8000b8b2 (0x743f2923) sw      gp, 1874(t5)
core   0: 3 0x8000b8b2 (0x743f2923) mem 0x8000d000 0x00000001
core   0: 0x8000b8b6 (0x0000bfe5) c.j     pc - 8
core   0: 3 0x8000b8b6 (0xbfe5)
core   0: 0x8000b8ae (0x00001f17) auipc   t5, 0x1
core   0: 3 0x8000b8ae (0x00001f17) x30 0x8000c8ae
core   0: 0x8000b8b2 (0x743f2923) sw      gp, 1874(t5)
core   0: 3 0x8000b8b2 (0x743f2923) mem 0x8000d000 0x00000001
core   0: 0x8000b8b6 (0x0000bfe5) c.j     pc - 8
core   0: 3 0x8000b8b6 (0xbfe5)
core   0: 0x8000b8ae (0x00001f17) auipc   t5, 0x1
core   0: 3 0x8000b8ae (0x00001f17) x30 0x8000c8ae
core   0: 0x8000b8b2 (0x743f2923) sw      gp, 1874(t5)
core   0: 3 0x8000b8b2 (0x743f2923) mem 0x8000d000 0x00000001
core   0: 0x8000b8b6 (0x0000bfe5) c.j     pc - 8
core   0: 3 0x8000b8b6 (0xbfe5)
core   0: 0x8000b8ae (0x00001f17) auipc   t5, 0x1
core   0: 3 0x8000b8ae (0x00001f17) x30 0x8000c8ae
core   0: 0x8000b8b2 (0x743f2923) sw      gp, 1874(t5)
core   0: 3 0x8000b8b2 (0x743f2923) mem 0x8000d000 0x00000001
core   0: 0x8000b8b6 (0x0000bfe5) c.j     pc - 8
core   0: 3 0x8000b8b6 (0xbfe5)
core   0: 0x8000b8ae (0x00001f17) auipc   t5, 0x1
core   0: 3 0x8000b8ae (0x00001f17) x30 0x8000c8ae
core   0: 0x8000b8b2 (0x743f2923) sw      gp, 1874(t5)
core   0: 3 0x8000b8b2 (0x743f2923) mem 0x8000d000 0x00000001
core   0: 0x8000b8b6 (0x0000bfe5) c.j     pc - 8
core   0: 3 0x8000b8b6 (0xbfe5)
core   0: 0x8000b8ae (0x00001f17) auipc   t5, 0x1
core   0: 3 0x8000b8ae (0x00001f17) x30 0x8000c8ae
core   0: 0x8000b8b2 (0x743f2923) sw      gp, 1874(t5)
core   0: 3 0x8000b8b2 (0x743f2923) mem 0x8000d000 0x00000001
core   0: 0x8000b8b6 (0x0000bfe5) c.j     pc - 8
core   0: 3 0x8000b8b6 (0xbfe5)
core   0: 0x8000b8ae (0x00001f17) auipc   t5, 0x1
core   0: 3 0x8000b8ae (0x00001f17) x30 0x8000c8ae
core   0: 0x8000b8b2 (0x743f2923) sw      gp, 1874(t5)
core   0: 3 0x8000b8b2 (0x743f2923) mem 0x8000d000 0x00000001
core   0: 0x8000b8b6 (0x0000bfe5) c.j     pc - 8
core   0: 3 0x8000b8b6 (0xbfe5)
core   0: 0x8000b8ae (0x00001f17) auipc   t5, 0x1
core   0: 3 0x8000b8ae (0x00001f17) x30 0x8000c8ae
core   0: 0x8000b8b2 (0x743f2923) sw      gp, 1874(t5)
core   0: 3 0x8000b8b2 (0x743f2923) mem 0x8000d000 0x00000001
core   0: 0x8000b8b6 (0x0000bfe5) c.j     pc - 8
core   0: 3 0x8000b8b6 (0xbfe5)
core   0: 0x8000b8ae (0x00001f17) auipc   t5, 0x1
core   0: 3 0x8000b8ae (0x00001f17) x30 0x8000c8ae
core   0: 0x8000b8b2 (0x743f2923) sw      gp, 1874(t5)
core   0: 3 0x8000b8b2 (0x743f2923) mem 0x8000d000 0x00000001
core   0: 0x8000b8b6 (0x0000bfe5) c.j     pc - 8
core   0: 3 0x8000b8b6 (0xbfe5)
core   0: 0x8000b8ae (0x00001f17) auipc   t5, 0x1
core   0: 3 0x8000b8ae (0x00001f17) x30 0x8000c8ae
core   0: 0x8000b8b2 (0x743f2923) sw      gp, 1874(t5)
core   0: 3 0x8000b8b2 (0x743f2923) mem 0x8000d000 0x00000001
core   0: 0x8000b8b6 (0x0000bfe5) c.j     pc - 8
core   0: 3 0x8000b8b6 (0xbfe5)
core   0: 0x8000b8ae (0x00001f17) auipc   t5, 0x1
core   0: 3 0x8000b8ae (0x00001f17) x30 0x8000c8ae
core   0: 0x8000b8b2 (0x743f2923) sw      gp, 1874(t5)
core   0: 3 0x8000b8b2 (0x743f2923) mem 0x8000d000 0x00000001
core   0: 0x8000b8b6 (0x0000bfe5) c.j     pc - 8
core   0: 3 0x8000b8b6 (0xbfe5)
core   0: 0x8000b8ae (0x00001f17) auipc   t5, 0x1
core   0: 3 0x8000b8ae (0x00001f17) x30 0x8000c8ae
core   0: 0x8000b8b2 (0x743f2923) sw      gp, 1874(t5)
core   0: 3 0x8000b8b2 (0x743f2923) mem 0x8000d000 0x00000001
core   0: 0x8000b8b6 (0x0000bfe5) c.j     pc - 8
core   0: 3 0x8000b8b6 (0xbfe5)
core   0: 0x8000b8ae (0x00001f17) auipc   t5, 0x1
core   0: 3 0x8000b8ae (0x00001f17) x30 0x8000c8ae
core   0: 0x8000b8b2 (0x743f2923) sw      gp, 1874(t5)
core   0: 3 0x8000b8b2 (0x743f2923) mem 0x8000d000 0x00000001
core   0: 0x8000b8b6 (0x0000bfe5) c.j     pc - 8
core   0: 3 0x8000b8b6 (0xbfe5)
core   0: 0x8000b8ae (0x00001f17) auipc   t5, 0x1
core   0: 3 0x8000b8ae (0x00001f17) x30 0x8000c8ae
core   0: 0x8000b8b2 (0x743f2923) sw      gp, 1874(t5)
core   0: 3 0x8000b8b2 (0x743f2923) mem 0x8000d000 0x00000001
core   0: 0x8000b8b6 (0x0000bfe5) c.j     pc - 8
core   0: 3 0x8000b8b6 (0xbfe5)
core   0: 0x8000b8ae (0x00001f17) auipc   t5, 0x1
core   0: 3 0x8000b8ae (0x00001f17) x30 0x8000c8ae
core   0: 0x8000b8b2 (0x743f2923) sw      gp, 1874(t5)
core   0: 3 0x8000b8b2 (0x743f2923) mem 0x8000d000 0x00000001
core   0: 0x8000b8b6 (0x0000bfe5) c.j     pc - 8
core   0: 3 0x8000b8b6 (0xbfe5)
core   0: 0x8000b8ae (0x00001f17) auipc   t5, 0x1
core   0: 3 0x8000b8ae (0x00001f17) x30 0x8000c8ae
core   0: 0x8000b8b2 (0x743f2923) sw      gp, 1874(t5)
core   0: 3 0x8000b8b2 (0x743f2923) mem 0x8000d000 0x00000001
core   0: 0x8000b8b6 (0x0000bfe5) c.j     pc - 8
core   0: 3 0x8000b8b6 (0xbfe5)
core   0: 0x8000b8ae (0x00001f17) auipc   t5, 0x1
core   0: 3 0x8000b8ae (0x00001f17) x30 0x8000c8ae
core   0: 0x8000b8b2 (0x743f2923) sw      gp, 1874(t5)
core   0: 3 0x8000b8b2 (0x743f2923) mem 0x8000d000 0x00000001
core   0: 0x8000b8b6 (0x0000bfe5) c.j     pc - 8
core   0: 3 0x8000b8b6 (0xbfe5)
core   0: 0x8000b8ae (0x00001f17) auipc   t5, 0x1
core   0: 3 0x8000b8ae (0x00001f17) x30 0x8000c8ae
core   0: 0x8000b8b2 (0x743f2923) sw      gp, 1874(t5)
core   0: 3 0x8000b8b2 (0x743f2923) mem 0x8000d000 0x00000001
core   0: 0x8000b8b6 (0x0000bfe5) c.j     pc - 8
core   0: 3 0x8000b8b6 (0xbfe5)
core   0: 0x8000b8ae (0x00001f17) auipc   t5, 0x1
core   0: 3 0x8000b8ae (0x00001f17) x30 0x8000c8ae
core   0: 0x8000b8b2 (0x743f2923) sw      gp, 1874(t5)
core   0: 3 0x8000b8b2 (0x743f2923) mem 0x8000d000 0x00000001
core   0: 0x8000b8b6 (0x0000bfe5) c.j     pc - 8
core   0: 3 0x8000b8b6 (0xbfe5)
core   0: 0x8000b8ae (0x00001f17) auipc   t5, 0x1
core   0: 3 0x8000b8ae (0x00001f17) x30 0x8000c8ae
core   0: 0x8000b8b2 (0x743f2923) sw      gp, 1874(t5)
core   0: 3 0x8000b8b2 (0x743f2923) mem 0x8000d000 0x00000001
core   0: 0x8000b8b6 (0x0000bfe5) c.j     pc - 8
core   0: 3 0x8000b8b6 (0xbfe5)
core   0: 0x8000b8ae (0x00001f17) auipc   t5, 0x1
core   0: 3 0x8000b8ae (0x00001f17) x30 0x8000c8ae
core   0: 0x8000b8b2 (0x743f2923) sw      gp, 1874(t5)
core   0: 3 0x8000b8b2 (0x743f2923) mem 0x8000d000 0x00000001
core   0: 0x8000b8b6 (0x0000bfe5) c.j     pc - 8
core   0: 3 0x8000b8b6 (0xbfe5)
core   0: 0x8000b8ae (0x00001f17) auipc   t5, 0x1
core   0: 3 0x8000b8ae (0x00001f17) x30 0x8000c8ae
core   0: 0x8000b8b2 (0x743f2923) sw      gp, 1874(t5)
core   0: 3 0x8000b8b2 (0x743f2923) mem 0x8000d000 0x00000001
core   0: 0x8000b8b6 (0x0000bfe5) c.j     pc - 8
core   0: 3 0x8000b8b6 (0xbfe5)
core   0: 0x8000b8ae (0x00001f17) auipc   t5, 0x1
core   0: 3 0x8000b8ae (0x00001f17) x30 0x8000c8ae
core   0: 0x8000b8b2 (0x743f2923) sw      gp, 1874(t5)
core   0: 3 0x8000b8b2 (0x743f2923) mem 0x8000d000 0x00000001
core   0: 0x8000b8b6 (0x0000bfe5) c.j     pc - 8
core   0: 3 0x8000b8b6 (0xbfe5)
core   0: 0x8000b8ae (0x00001f17) auipc   t5, 0x1
core   0: 3 0x8000b8ae (0x00001f17) x30 0x8000c8ae
core   0: 0x8000b8b2 (0x743f2923) sw      gp, 1874(t5)
core   0: 3 0x8000b8b2 (0x743f2923) mem 0x8000d000 0x00000001
core   0: 0x8000b8b6 (0x0000bfe5) c.j     pc - 8
core   0: 3 0x8000b8b6 (0xbfe5)
core   0: 0x8000b8ae (0x00001f17) auipc   t5, 0x1
core   0: 3 0x8000b8ae (0x00001f17) x30 0x8000c8ae
core   0: 0x8000b8b2 (0x743f2923) sw      gp, 1874(t5)
core   0: 3 0x8000b8b2 (0x743f2923) mem 0x8000d000 0x00000001
core   0: 0x8000b8b6 (0x0000bfe5) c.j     pc - 8
core   0: 3 0x8000b8b6 (0xbfe5)
core   0: 0x8000b8ae (0x00001f17) auipc   t5, 0x1
core   0: 3 0x8000b8ae (0x00001f17) x30 0x8000c8ae
core   0: 0x8000b8b2 (0x743f2923) sw      gp, 1874(t5)
core   0: 3 0x8000b8b2 (0x743f2923) mem 0x8000d000 0x00000001
core   0: 0x8000b8b6 (0x0000bfe5) c.j     pc - 8
core   0: 3 0x8000b8b6 (0xbfe5)
core   0: 0x8000b8ae (0x00001f17) auipc   t5, 0x1
core   0: 3 0x8000b8ae (0x00001f17) x30 0x8000c8ae
core   0: 0x8000b8b2 (0x743f2923) sw      gp, 1874(t5)
core   0: 3 0x8000b8b2 (0x743f2923) mem 0x8000d000 0x00000001
core   0: 0x8000b8b6 (0x0000bfe5) c.j     pc - 8
core   0: 3 0x8000b8b6 (0xbfe5)
core   0: 0x8000b8ae (0x00001f17) auipc   t5, 0x1
core   0: 3 0x8000b8ae (0x00001f17) x30 0x8000c8ae
core   0: 0x8000b8b2 (0x743f2923) sw      gp, 1874(t5)
core   0: 3 0x8000b8b2 (0x743f2923) mem 0x8000d000 0x00000001
core   0: 0x8000b8b6 (0x0000bfe5) c.j     pc - 8
core   0: 3 0x8000b8b6 (0xbfe5)
core   0: 0x8000b8ae (0x00001f17) auipc   t5, 0x1
core   0: 3 0x8000b8ae (0x00001f17) x30 0x8000c8ae
core   0: 0x8000b8b2 (0x743f2923) sw      gp, 1874(t5)
core   0: 3 0x8000b8b2 (0x743f2923) mem 0x8000d000 0x00000001
core   0: 0x8000b8b6 (0x0000bfe5) c.j     pc - 8
core   0: 3 0x8000b8b6 (0xbfe5)
core   0: 0x8000b8ae (0x00001f17) auipc   t5, 0x1
core   0: 3 0x8000b8ae (0x00001f17) x30 0x8000c8ae
core   0: 0x8000b8b2 (0x743f2923) sw      gp, 1874(t5)
core   0: 3 0x8000b8b2 (0x743f2923) mem 0x8000d000 0x00000001
core   0: 0x8000b8b6 (0x0000bfe5) c.j     pc - 8
core   0: 3 0x8000b8b6 (0xbfe5)
core   0: 0x8000b8ae (0x00001f17) auipc   t5, 0x1
core   0: 3 0x8000b8ae (0x00001f17) x30 0x8000c8ae
core   0: 0x8000b8b2 (0x743f2923) sw      gp, 1874(t5)
core   0: 3 0x8000b8b2 (0x743f2923) mem 0x8000d000 0x00000001
core   0: 0x8000b8b6 (0x0000bfe5) c.j     pc - 8
core   0: 3 0x8000b8b6 (0xbfe5)
core   0: 0x8000b8ae (0x00001f17) auipc   t5, 0x1
core   0: 3 0x8000b8ae (0x00001f17) x30 0x8000c8ae
core   0: 0x8000b8b2 (0x743f2923) sw      gp, 1874(t5)
core   0: 3 0x8000b8b2 (0x743f2923) mem 0x8000d000 0x00000001
core   0: 0x8000b8b6 (0x0000bfe5) c.j     pc - 8
core   0: 3 0x8000b8b6 (0xbfe5)
core   0: 0x8000b8ae (0x00001f17) auipc   t5, 0x1
core   0: 3 0x8000b8ae (0x00001f17) x30 0x8000c8ae
core   0: 0x8000b8b2 (0x743f2923) sw      gp, 1874(t5)
core   0: 3 0x8000b8b2 (0x743f2923) mem 0x8000d000 0x00000001
core   0: 0x8000b8b6 (0x0000bfe5) c.j     pc - 8
core   0: 3 0x8000b8b6 (0xbfe5)
core   0: 0x8000b8ae (0x00001f17) auipc   t5, 0x1
core   0: 3 0x8000b8ae (0x00001f17) x30 0x8000c8ae
core   0: 0x8000b8b2 (0x743f2923) sw      gp, 1874(t5)
core   0: 3 0x8000b8b2 (0x743f2923) mem 0x8000d000 0x00000001
core   0: 0x8000b8b6 (0x0000bfe5) c.j     pc - 8
core   0: 3 0x8000b8b6 (0xbfe5)
core   0: 0x8000b8ae (0x00001f17) auipc   t5, 0x1
core   0: 3 0x8000b8ae (0x00001f17) x30 0x8000c8ae
core   0: 0x8000b8b2 (0x743f2923) sw      gp, 1874(t5)
core   0: 3 0x8000b8b2 (0x743f2923) mem 0x8000d000 0x00000001
core   0: 0x8000b8b6 (0x0000bfe5) c.j     pc - 8
core   0: 3 0x8000b8b6 (0xbfe5)
core   0: 0x8000b8ae (0x00001f17) auipc   t5, 0x1
core   0: 3 0x8000b8ae (0x00001f17) x30 0x8000c8ae
core   0: 0x8000b8b2 (0x743f2923) sw      gp, 1874(t5)
core   0: 3 0x8000b8b2 (0x743f2923) mem 0x8000d000 0x00000001
core   0: 0x8000b8b6 (0x0000bfe5) c.j     pc - 8
core   0: 3 0x8000b8b6 (0xbfe5)
core   0: 0x8000b8ae (0x00001f17) auipc   t5, 0x1
core   0: 3 0x8000b8ae (0x00001f17) x30 0x8000c8ae
core   0: 0x8000b8b2 (0x743f2923) sw      gp, 1874(t5)
core   0: 3 0x8000b8b2 (0x743f2923) mem 0x8000d000 0x00000001
core   0: 0x8000b8b6 (0x0000bfe5) c.j     pc - 8
core   0: 3 0x8000b8b6 (0xbfe5)
core   0: 0x8000b8ae (0x00001f17) auipc   t5, 0x1
core   0: 3 0x8000b8ae (0x00001f17) x30 0x8000c8ae
core   0: 0x8000b8b2 (0x743f2923) sw      gp, 1874(t5)
core   0: 3 0x8000b8b2 (0x743f2923) mem 0x8000d000 0x00000001
core   0: 0x8000b8b6 (0x0000bfe5) c.j     pc - 8
core   0: 3 0x8000b8b6 (0xbfe5)
core   0: 0x8000b8ae (0x00001f17) auipc   t5, 0x1
core   0: 3 0x8000b8ae (0x00001f17) x30 0x8000c8ae
core   0: 0x8000b8b2 (0x743f2923) sw      gp, 1874(t5)
core   0: 3 0x8000b8b2 (0x743f2923) mem 0x8000d000 0x00000001
core   0: 0x8000b8b6 (0x0000bfe5) c.j     pc - 8
core   0: 3 0x8000b8b6 (0xbfe5)
core   0: 0x8000b8ae (0x00001f17) auipc   t5, 0x1
core   0: 3 0x8000b8ae (0x00001f17) x30 0x8000c8ae
core   0: 0x8000b8b2 (0x743f2923) sw      gp, 1874(t5)
core   0: 3 0x8000b8b2 (0x743f2923) mem 0x8000d000 0x00000001
core   0: 0x8000b8b6 (0x0000bfe5) c.j     pc - 8
core   0: 3 0x8000b8b6 (0xbfe5)
core   0: 0x8000b8ae (0x00001f17) auipc   t5, 0x1
core   0: 3 0x8000b8ae (0x00001f17) x30 0x8000c8ae
core   0: 0x8000b8b2 (0x743f2923) sw      gp, 1874(t5)
core   0: 3 0x8000b8b2 (0x743f2923) mem 0x8000d000 0x00000001
core   0: 0x8000b8b6 (0x0000bfe5) c.j     pc - 8
core   0: 3 0x8000b8b6 (0xbfe5)
core   0: 0x8000b8ae (0x00001f17) auipc   t5, 0x1
core   0: 3 0x8000b8ae (0x00001f17) x30 0x8000c8ae
core   0: 0x8000b8b2 (0x743f2923) sw      gp, 1874(t5)
core   0: 3 0x8000b8b2 (0x743f2923) mem 0x8000d000 0x00000001
core   0: 0x8000b8b6 (0x0000bfe5) c.j     pc - 8
core   0: 3 0x8000b8b6 (0xbfe5)
core   0: 0x8000b8ae (0x00001f17) auipc   t5, 0x1
core   0: 3 0x8000b8ae (0x00001f17) x30 0x8000c8ae
core   0: 0x8000b8b2 (0x743f2923) sw      gp, 1874(t5)
core   0: 3 0x8000b8b2 (0x743f2923) mem 0x8000d000 0x00000001
core   0: 0x8000b8b6 (0x0000bfe5) c.j     pc - 8
core   0: 3 0x8000b8b6 (0xbfe5)
core   0: 0x8000b8ae (0x00001f17) auipc   t5, 0x1
core   0: 3 0x8000b8ae (0x00001f17) x30 0x8000c8ae
core   0: 0x8000b8b2 (0x743f2923) sw      gp, 1874(t5)
core   0: 3 0x8000b8b2 (0x743f2923) mem 0x8000d000 0x00000001
core   0: 0x8000b8b6 (0x0000bfe5) c.j     pc - 8
core   0: 3 0x8000b8b6 (0xbfe5)
core   0: 0x8000b8ae (0x00001f17) auipc   t5, 0x1
core   0: 3 0x8000b8ae (0x00001f17) x30 0x8000c8ae
core   0: 0x8000b8b2 (0x743f2923) sw      gp, 1874(t5)
core   0: 3 0x8000b8b2 (0x743f2923) mem 0x8000d000 0x00000001
core   0: 0x8000b8b6 (0x0000bfe5) c.j     pc - 8
core   0: 3 0x8000b8b6 (0xbfe5)
core   0: 0x8000b8ae (0x00001f17) auipc   t5, 0x1
core   0: 3 0x8000b8ae (0x00001f17) x30 0x8000c8ae
core   0: 0x8000b8b2 (0x743f2923) sw      gp, 1874(t5)
core   0: 3 0x8000b8b2 (0x743f2923) mem 0x8000d000 0x00000001
core   0: 0x8000b8b6 (0x0000bfe5) c.j     pc - 8
core   0: 3 0x8000b8b6 (0xbfe5)
core   0: 0x8000b8ae (0x00001f17) auipc   t5, 0x1
core   0: 3 0x8000b8ae (0x00001f17) x30 0x8000c8ae
core   0: 0x8000b8b2 (0x743f2923) sw      gp, 1874(t5)
core   0: 3 0x8000b8b2 (0x743f2923) mem 0x8000d000 0x00000001
core   0: 0x8000b8b6 (0x0000bfe5) c.j     pc - 8
core   0: 3 0x8000b8b6 (0xbfe5)
core   0: 0x8000b8ae (0x00001f17) auipc   t5, 0x1
core   0: 3 0x8000b8ae (0x00001f17) x30 0x8000c8ae
core   0: 0x8000b8b2 (0x743f2923) sw      gp, 1874(t5)
core   0: 3 0x8000b8b2 (0x743f2923) mem 0x8000d000 0x00000001
core   0: 0x8000b8b6 (0x0000bfe5) c.j     pc - 8
core   0: 3 0x8000b8b6 (0xbfe5)
core   0: 0x8000b8ae (0x00001f17) auipc   t5, 0x1
core   0: 3 0x8000b8ae (0x00001f17) x30 0x8000c8ae
core   0: 0x8000b8b2 (0x743f2923) sw      gp, 1874(t5)
core   0: 3 0x8000b8b2 (0x743f2923) mem 0x8000d000 0x00000001
core   0: 0x8000b8b6 (0x0000bfe5) c.j     pc - 8
core   0: 3 0x8000b8b6 (0xbfe5)
core   0: 0x8000b8ae (0x00001f17) auipc   t5, 0x1
core   0: 3 0x8000b8ae (0x00001f17) x30 0x8000c8ae
core   0: 0x8000b8b2 (0x743f2923) sw      gp, 1874(t5)
core   0: 3 0x8000b8b2 (0x743f2923) mem 0x8000d000 0x00000001
core   0: 0x8000b8b6 (0x0000bfe5) c.j     pc - 8
core   0: 3 0x8000b8b6 (0xbfe5)
core   0: 0x8000b8ae (0x00001f17) auipc   t5, 0x1
core   0: 3 0x8000b8ae (0x00001f17) x30 0x8000c8ae
core   0: 0x8000b8b2 (0x743f2923) sw      gp, 1874(t5)
core   0: 3 0x8000b8b2 (0x743f2923) mem 0x8000d000 0x00000001
core   0: 0x8000b8b6 (0x0000bfe5) c.j     pc - 8
core   0: 3 0x8000b8b6 (0xbfe5)
core   0: 0x8000b8ae (0x00001f17) auipc   t5, 0x1
core   0: 3 0x8000b8ae (0x00001f17) x30 0x8000c8ae
core   0: 0x8000b8b2 (0x743f2923) sw      gp, 1874(t5)
core   0: 3 0x8000b8b2 (0x743f2923) mem 0x8000d000 0x00000001
core   0: 0x8000b8b6 (0x0000bfe5) c.j     pc - 8
core   0: 3 0x8000b8b6 (0xbfe5)
core   0: 0x8000b8ae (0x00001f17) auipc   t5, 0x1
core   0: 3 0x8000b8ae (0x00001f17) x30 0x8000c8ae
core   0: 0x8000b8b2 (0x743f2923) sw      gp, 1874(t5)
core   0: 3 0x8000b8b2 (0x743f2923) mem 0x8000d000 0x00000001
core   0: 0x8000b8b6 (0x0000bfe5) c.j     pc - 8
core   0: 3 0x8000b8b6 (0xbfe5)
core   0: 0x8000b8ae (0x00001f17) auipc   t5, 0x1
core   0: 3 0x8000b8ae (0x00001f17) x30 0x8000c8ae
core   0: 0x8000b8b2 (0x743f2923) sw      gp, 1874(t5)
core   0: 3 0x8000b8b2 (0x743f2923) mem 0x8000d000 0x00000001
core   0: 0x8000b8b6 (0x0000bfe5) c.j     pc - 8
core   0: 3 0x8000b8b6 (0xbfe5)
core   0: 0x8000b8ae (0x00001f17) auipc   t5, 0x1
core   0: 3 0x8000b8ae (0x00001f17) x30 0x8000c8ae
core   0: 0x8000b8b2 (0x743f2923) sw      gp, 1874(t5)
core   0: 3 0x8000b8b2 (0x743f2923) mem 0x8000d000 0x00000001
core   0: 0x8000b8b6 (0x0000bfe5) c.j     pc - 8
core   0: 3 0x8000b8b6 (0xbfe5)
core   0: 0x8000b8ae (0x00001f17) auipc   t5, 0x1
core   0: 3 0x8000b8ae (0x00001f17) x30 0x8000c8ae
core   0: 0x8000b8b2 (0x743f2923) sw      gp, 1874(t5)
core   0: 3 0x8000b8b2 (0x743f2923) mem 0x8000d000 0x00000001
core   0: 0x8000b8b6 (0x0000bfe5) c.j     pc - 8
core   0: 3 0x8000b8b6 (0xbfe5)
core   0: 0x8000b8ae (0x00001f17) auipc   t5, 0x1
core   0: 3 0x8000b8ae (0x00001f17) x30 0x8000c8ae
core   0: 0x8000b8b2 (0x743f2923) sw      gp, 1874(t5)
core   0: 3 0x8000b8b2 (0x743f2923) mem 0x8000d000 0x00000001
core   0: 0x8000b8b6 (0x0000bfe5) c.j     pc - 8
core   0: 3 0x8000b8b6 (0xbfe5)
core   0: 0x8000b8ae (0x00001f17) auipc   t5, 0x1
core   0: 3 0x8000b8ae (0x00001f17) x30 0x8000c8ae
core   0: 0x8000b8b2 (0x743f2923) sw      gp, 1874(t5)
core   0: 3 0x8000b8b2 (0x743f2923) mem 0x8000d000 0x00000001
core   0: 0x8000b8b6 (0x0000bfe5) c.j     pc - 8
core   0: 3 0x8000b8b6 (0xbfe5)
core   0: 0x8000b8ae (0x00001f17) auipc   t5, 0x1
core   0: 3 0x8000b8ae (0x00001f17) x30 0x8000c8ae
core   0: 0x8000b8b2 (0x743f2923) sw      gp, 1874(t5)
core   0: 3 0x8000b8b2 (0x743f2923) mem 0x8000d000 0x00000001
core   0: 0x8000b8b6 (0x0000bfe5) c.j     pc - 8
core   0: 3 0x8000b8b6 (0xbfe5)
core   0: 0x8000b8ae (0x00001f17) auipc   t5, 0x1
core   0: 3 0x8000b8ae (0x00001f17) x30 0x8000c8ae
core   0: 0x8000b8b2 (0x743f2923) sw      gp, 1874(t5)
core   0: 3 0x8000b8b2 (0x743f2923) mem 0x8000d000 0x00000001
core   0: 0x8000b8b6 (0x0000bfe5) c.j     pc - 8
core   0: 3 0x8000b8b6 (0xbfe5)
core   0: 0x8000b8ae (0x00001f17) auipc   t5, 0x1
core   0: 3 0x8000b8ae (0x00001f17) x30 0x8000c8ae
core   0: 0x8000b8b2 (0x743f2923) sw      gp, 1874(t5)
core   0: 3 0x8000b8b2 (0x743f2923) mem 0x8000d000 0x00000001
core   0: 0x8000b8b6 (0x0000bfe5) c.j     pc - 8
core   0: 3 0x8000b8b6 (0xbfe5)
core   0: 0x8000b8ae (0x00001f17) auipc   t5, 0x1
core   0: 3 0x8000b8ae (0x00001f17) x30 0x8000c8ae
core   0: 0x8000b8b2 (0x743f2923) sw      gp, 1874(t5)
core   0: 3 0x8000b8b2 (0x743f2923) mem 0x8000d000 0x00000001
core   0: 0x8000b8b6 (0x0000bfe5) c.j     pc - 8
core   0: 3 0x8000b8b6 (0xbfe5)
core   0: 0x8000b8ae (0x00001f17) auipc   t5, 0x1
core   0: 3 0x8000b8ae (0x00001f17) x30 0x8000c8ae
core   0: 0x8000b8b2 (0x743f2923) sw      gp, 1874(t5)
core   0: 3 0x8000b8b2 (0x743f2923) mem 0x8000d000 0x00000001
core   0: 0x8000b8b6 (0x0000bfe5) c.j     pc - 8
core   0: 3 0x8000b8b6 (0xbfe5)
core   0: 0x8000b8ae (0x00001f17) auipc   t5, 0x1
core   0: 3 0x8000b8ae (0x00001f17) x30 0x8000c8ae
core   0: 0x8000b8b2 (0x743f2923) sw      gp, 1874(t5)
core   0: 3 0x8000b8b2 (0x743f2923) mem 0x8000d000 0x00000001
core   0: 0x8000b8b6 (0x0000bfe5) c.j     pc - 8
core   0: 3 0x8000b8b6 (0xbfe5)
core   0: 0x8000b8ae (0x00001f17) auipc   t5, 0x1
core   0: 3 0x8000b8ae (0x00001f17) x30 0x8000c8ae
core   0: 0x8000b8b2 (0x743f2923) sw      gp, 1874(t5)
core   0: 3 0x8000b8b2 (0x743f2923) mem 0x8000d000 0x00000001
core   0: 0x8000b8b6 (0x0000bfe5) c.j     pc - 8
core   0: 3 0x8000b8b6 (0xbfe5)
core   0: 0x8000b8ae (0x00001f17) auipc   t5, 0x1
core   0: 3 0x8000b8ae (0x00001f17) x30 0x8000c8ae
core   0: 0x8000b8b2 (0x743f2923) sw      gp, 1874(t5)
core   0: 3 0x8000b8b2 (0x743f2923) mem 0x8000d000 0x00000001
core   0: 0x8000b8b6 (0x0000bfe5) c.j     pc - 8
core   0: 3 0x8000b8b6 (0xbfe5)
core   0: 0x8000b8ae (0x00001f17) auipc   t5, 0x1
core   0: 3 0x8000b8ae (0x00001f17) x30 0x8000c8ae
core   0: 0x8000b8b2 (0x743f2923) sw      gp, 1874(t5)
core   0: 3 0x8000b8b2 (0x743f2923) mem 0x8000d000 0x00000001
core   0: 0x8000b8b6 (0x0000bfe5) c.j     pc - 8
core   0: 3 0x8000b8b6 (0xbfe5)
core   0: 0x8000b8ae (0x00001f17) auipc   t5, 0x1
core   0: 3 0x8000b8ae (0x00001f17) x30 0x8000c8ae
core   0: 0x8000b8b2 (0x743f2923) sw      gp, 1874(t5)
core   0: 3 0x8000b8b2 (0x743f2923) mem 0x8000d000 0x00000001
core   0: 0x8000b8b6 (0x0000bfe5) c.j     pc - 8
core   0: 3 0x8000b8b6 (0xbfe5)
core   0: 0x8000b8ae (0x00001f17) auipc   t5, 0x1
core   0: 3 0x8000b8ae (0x00001f17) x30 0x8000c8ae
core   0: 0x8000b8b2 (0x743f2923) sw      gp, 1874(t5)
core   0: 3 0x8000b8b2 (0x743f2923) mem 0x8000d000 0x00000001
core   0: 0x8000b8b6 (0x0000bfe5) c.j     pc - 8
core   0: 3 0x8000b8b6 (0xbfe5)
core   0: 0x8000b8ae (0x00001f17) auipc   t5, 0x1
core   0: 3 0x8000b8ae (0x00001f17) x30 0x8000c8ae
core   0: 0x8000b8b2 (0x743f2923) sw      gp, 1874(t5)
core   0: 3 0x8000b8b2 (0x743f2923) mem 0x8000d000 0x00000001
core   0: 0x8000b8b6 (0x0000bfe5) c.j     pc - 8
core   0: 3 0x8000b8b6 (0xbfe5)
core   0: 0x8000b8ae (0x00001f17) auipc   t5, 0x1
core   0: 3 0x8000b8ae (0x00001f17) x30 0x8000c8ae
core   0: 0x8000b8b2 (0x743f2923) sw      gp, 1874(t5)
core   0: 3 0x8000b8b2 (0x743f2923) mem 0x8000d000 0x00000001
core   0: 0x8000b8b6 (0x0000bfe5) c.j     pc - 8
core   0: 3 0x8000b8b6 (0xbfe5)
core   0: 0x8000b8ae (0x00001f17) auipc   t5, 0x1
core   0: 3 0x8000b8ae (0x00001f17) x30 0x8000c8ae
core   0: 0x8000b8b2 (0x743f2923) sw      gp, 1874(t5)
core   0: 3 0x8000b8b2 (0x743f2923) mem 0x8000d000 0x00000001
core   0: 0x8000b8b6 (0x0000bfe5) c.j     pc - 8
core   0: 3 0x8000b8b6 (0xbfe5)
core   0: 0x8000b8ae (0x00001f17) auipc   t5, 0x1
core   0: 3 0x8000b8ae (0x00001f17) x30 0x8000c8ae
core   0: 0x8000b8b2 (0x743f2923) sw      gp, 1874(t5)
core   0: 3 0x8000b8b2 (0x743f2923) mem 0x8000d000 0x00000001
core   0: 0x8000b8b6 (0x0000bfe5) c.j     pc - 8
core   0: 3 0x8000b8b6 (0xbfe5)
core   0: 0x8000b8ae (0x00001f17) auipc   t5, 0x1
core   0: 3 0x8000b8ae (0x00001f17) x30 0x8000c8ae
core   0: 0x8000b8b2 (0x743f2923) sw      gp, 1874(t5)
core   0: 3 0x8000b8b2 (0x743f2923) mem 0x8000d000 0x00000001
core   0: 0x8000b8b6 (0x0000bfe5) c.j     pc - 8
core   0: 3 0x8000b8b6 (0xbfe5)
core   0: 0x8000b8ae (0x00001f17) auipc   t5, 0x1
core   0: 3 0x8000b8ae (0x00001f17) x30 0x8000c8ae
core   0: 0x8000b8b2 (0x743f2923) sw      gp, 1874(t5)
core   0: 3 0x8000b8b2 (0x743f2923) mem 0x8000d000 0x00000001
core   0: 0x8000b8b6 (0x0000bfe5) c.j     pc - 8
core   0: 3 0x8000b8b6 (0xbfe5)
core   0: 0x8000b8ae (0x00001f17) auipc   t5, 0x1
core   0: 3 0x8000b8ae (0x00001f17) x30 0x8000c8ae
core   0: 0x8000b8b2 (0x743f2923) sw      gp, 1874(t5)
core   0: 3 0x8000b8b2 (0x743f2923) mem 0x8000d000 0x00000001
core   0: 0x8000b8b6 (0x0000bfe5) c.j     pc - 8
core   0: 3 0x8000b8b6 (0xbfe5)
core   0: 0x8000b8ae (0x00001f17) auipc   t5, 0x1
core   0: 3 0x8000b8ae (0x00001f17) x30 0x8000c8ae
core   0: 0x8000b8b2 (0x743f2923) sw      gp, 1874(t5)
core   0: 3 0x8000b8b2 (0x743f2923) mem 0x8000d000 0x00000001
core   0: 0x8000b8b6 (0x0000bfe5) c.j     pc - 8
core   0: 3 0x8000b8b6 (0xbfe5)
core   0: 0x8000b8ae (0x00001f17) auipc   t5, 0x1
core   0: 3 0x8000b8ae (0x00001f17) x30 0x8000c8ae
core   0: 0x8000b8b2 (0x743f2923) sw      gp, 1874(t5)
core   0: 3 0x8000b8b2 (0x743f2923) mem 0x8000d000 0x00000001
core   0: 0x8000b8b6 (0x0000bfe5) c.j     pc - 8
core   0: 3 0x8000b8b6 (0xbfe5)
core   0: 0x8000b8ae (0x00001f17) auipc   t5, 0x1
core   0: 3 0x8000b8ae (0x00001f17) x30 0x8000c8ae
core   0: 0x8000b8b2 (0x743f2923) sw      gp, 1874(t5)
core   0: 3 0x8000b8b2 (0x743f2923) mem 0x8000d000 0x00000001
core   0: 0x8000b8b6 (0x0000bfe5) c.j     pc - 8
core   0: 3 0x8000b8b6 (0xbfe5)
core   0: 0x8000b8ae (0x00001f17) auipc   t5, 0x1
core   0: 3 0x8000b8ae (0x00001f17) x30 0x8000c8ae
core   0: 0x8000b8b2 (0x743f2923) sw      gp, 1874(t5)
core   0: 3 0x8000b8b2 (0x743f2923) mem 0x8000d000 0x00000001
core   0: 0x8000b8b6 (0x0000bfe5) c.j     pc - 8
core   0: 3 0x8000b8b6 (0xbfe5)
core   0: 0x8000b8ae (0x00001f17) auipc   t5, 0x1
core   0: 3 0x8000b8ae (0x00001f17) x30 0x8000c8ae
core   0: 0x8000b8b2 (0x743f2923) sw      gp, 1874(t5)
core   0: 3 0x8000b8b2 (0x743f2923) mem 0x8000d000 0x00000001
core   0: 0x8000b8b6 (0x0000bfe5) c.j     pc - 8
core   0: 3 0x8000b8b6 (0xbfe5)
core   0: 0x8000b8ae (0x00001f17) auipc   t5, 0x1
core   0: 3 0x8000b8ae (0x00001f17) x30 0x8000c8ae
core   0: 0x8000b8b2 (0x743f2923) sw      gp, 1874(t5)
core   0: 3 0x8000b8b2 (0x743f2923) mem 0x8000d000 0x00000001
core   0: 0x8000b8b6 (0x0000bfe5) c.j     pc - 8
core   0: 3 0x8000b8b6 (0xbfe5)
core   0: 0x8000b8ae (0x00001f17) auipc   t5, 0x1
core   0: 3 0x8000b8ae (0x00001f17) x30 0x8000c8ae
core   0: 0x8000b8b2 (0x743f2923) sw      gp, 1874(t5)
core   0: 3 0x8000b8b2 (0x743f2923) mem 0x8000d000 0x00000001
core   0: 0x8000b8b6 (0x0000bfe5) c.j     pc - 8
core   0: 3 0x8000b8b6 (0xbfe5)
core   0: 0x8000b8ae (0x00001f17) auipc   t5, 0x1
core   0: 3 0x8000b8ae (0x00001f17) x30 0x8000c8ae
core   0: 0x8000b8b2 (0x743f2923) sw      gp, 1874(t5)
core   0: 3 0x8000b8b2 (0x743f2923) mem 0x8000d000 0x00000001
core   0: 0x8000b8b6 (0x0000bfe5) c.j     pc - 8
core   0: 3 0x8000b8b6 (0xbfe5)
core   0: 0x8000b8ae (0x00001f17) auipc   t5, 0x1
core   0: 3 0x8000b8ae (0x00001f17) x30 0x8000c8ae
core   0: 0x8000b8b2 (0x743f2923) sw      gp, 1874(t5)
core   0: 3 0x8000b8b2 (0x743f2923) mem 0x8000d000 0x00000001
core   0: 0x8000b8b6 (0x0000bfe5) c.j     pc - 8
core   0: 3 0x8000b8b6 (0xbfe5)
core   0: 0x8000b8ae (0x00001f17) auipc   t5, 0x1
core   0: 3 0x8000b8ae (0x00001f17) x30 0x8000c8ae
core   0: 0x8000b8b2 (0x743f2923) sw      gp, 1874(t5)
core   0: 3 0x8000b8b2 (0x743f2923) mem 0x8000d000 0x00000001
core   0: 0x8000b8b6 (0x0000bfe5) c.j     pc - 8
core   0: 3 0x8000b8b6 (0xbfe5)
core   0: 0x8000b8ae (0x00001f17) auipc   t5, 0x1
core   0: 3 0x8000b8ae (0x00001f17) x30 0x8000c8ae
core   0: 0x8000b8b2 (0x743f2923) sw      gp, 1874(t5)
core   0: 3 0x8000b8b2 (0x743f2923) mem 0x8000d000 0x00000001
core   0: 0x8000b8b6 (0x0000bfe5) c.j     pc - 8
core   0: 3 0x8000b8b6 (0xbfe5)
core   0: 0x8000b8ae (0x00001f17) auipc   t5, 0x1
core   0: 3 0x8000b8ae (0x00001f17) x30 0x8000c8ae
core   0: 0x8000b8b2 (0x743f2923) sw      gp, 1874(t5)
core   0: 3 0x8000b8b2 (0x743f2923) mem 0x8000d000 0x00000001
core   0: 0x8000b8b6 (0x0000bfe5) c.j     pc - 8
core   0: 3 0x8000b8b6 (0xbfe5)
core   0: 0x8000b8ae (0x00001f17) auipc   t5, 0x1
core   0: 3 0x8000b8ae (0x00001f17) x30 0x8000c8ae
core   0: 0x8000b8b2 (0x743f2923) sw      gp, 1874(t5)
core   0: 3 0x8000b8b2 (0x743f2923) mem 0x8000d000 0x00000001
core   0: 0x8000b8b6 (0x0000bfe5) c.j     pc - 8
core   0: 3 0x8000b8b6 (0xbfe5)
core   0: 0x8000b8ae (0x00001f17) auipc   t5, 0x1
core   0: 3 0x8000b8ae (0x00001f17) x30 0x8000c8ae
core   0: 0x8000b8b2 (0x743f2923) sw      gp, 1874(t5)
core   0: 3 0x8000b8b2 (0x743f2923) mem 0x8000d000 0x00000001
core   0: 0x8000b8b6 (0x0000bfe5) c.j     pc - 8
core   0: 3 0x8000b8b6 (0xbfe5)
core   0: 0x8000b8ae (0x00001f17) auipc   t5, 0x1
core   0: 3 0x8000b8ae (0x00001f17) x30 0x8000c8ae
core   0: 0x8000b8b2 (0x743f2923) sw      gp, 1874(t5)
core   0: 3 0x8000b8b2 (0x743f2923) mem 0x8000d000 0x00000001
core   0: 0x8000b8b6 (0x0000bfe5) c.j     pc - 8
core   0: 3 0x8000b8b6 (0xbfe5)
core   0: 0x8000b8ae (0x00001f17) auipc   t5, 0x1
core   0: 3 0x8000b8ae (0x00001f17) x30 0x8000c8ae
core   0: 0x8000b8b2 (0x743f2923) sw      gp, 1874(t5)
core   0: 3 0x8000b8b2 (0x743f2923) mem 0x8000d000 0x00000001
core   0: 0x8000b8b6 (0x0000bfe5) c.j     pc - 8
core   0: 3 0x8000b8b6 (0xbfe5)
core   0: 0x8000b8ae (0x00001f17) auipc   t5, 0x1
core   0: 3 0x8000b8ae (0x00001f17) x30 0x8000c8ae
core   0: 0x8000b8b2 (0x743f2923) sw      gp, 1874(t5)
core   0: 3 0x8000b8b2 (0x743f2923) mem 0x8000d000 0x00000001
core   0: 0x8000b8b6 (0x0000bfe5) c.j     pc - 8
core   0: 3 0x8000b8b6 (0xbfe5)
core   0: 0x8000b8ae (0x00001f17) auipc   t5, 0x1
core   0: 3 0x8000b8ae (0x00001f17) x30 0x8000c8ae
core   0: 0x8000b8b2 (0x743f2923) sw      gp, 1874(t5)
core   0: 3 0x8000b8b2 (0x743f2923) mem 0x8000d000 0x00000001
core   0: 0x8000b8b6 (0x0000bfe5) c.j     pc - 8
core   0: 3 0x8000b8b6 (0xbfe5)
core   0: 0x8000b8ae (0x00001f17) auipc   t5, 0x1
core   0: 3 0x8000b8ae (0x00001f17) x30 0x8000c8ae
core   0: 0x8000b8b2 (0x743f2923) sw      gp, 1874(t5)
core   0: 3 0x8000b8b2 (0x743f2923) mem 0x8000d000 0x00000001
core   0: 0x8000b8b6 (0x0000bfe5) c.j     pc - 8
core   0: 3 0x8000b8b6 (0xbfe5)
core   0: 0x8000b8ae (0x00001f17) auipc   t5, 0x1
core   0: 3 0x8000b8ae (0x00001f17) x30 0x8000c8ae
core   0: 0x8000b8b2 (0x743f2923) sw      gp, 1874(t5)
core   0: 3 0x8000b8b2 (0x743f2923) mem 0x8000d000 0x00000001
core   0: 0x8000b8b6 (0x0000bfe5) c.j     pc - 8
core   0: 3 0x8000b8b6 (0xbfe5)
core   0: 0x8000b8ae (0x00001f17) auipc   t5, 0x1
core   0: 3 0x8000b8ae (0x00001f17) x30 0x8000c8ae
core   0: 0x8000b8b2 (0x743f2923) sw      gp, 1874(t5)
core   0: 3 0x8000b8b2 (0x743f2923) mem 0x8000d000 0x00000001
core   0: 0x8000b8b6 (0x0000bfe5) c.j     pc - 8
core   0: 3 0x8000b8b6 (0xbfe5)
core   0: 0x8000b8ae (0x00001f17) auipc   t5, 0x1
core   0: 3 0x8000b8ae (0x00001f17) x30 0x8000c8ae
core   0: 0x8000b8b2 (0x743f2923) sw      gp, 1874(t5)
core   0: 3 0x8000b8b2 (0x743f2923) mem 0x8000d000 0x00000001
core   0: 0x8000b8b6 (0x0000bfe5) c.j     pc - 8
core   0: 3 0x8000b8b6 (0xbfe5)
core   0: 0x8000b8ae (0x00001f17) auipc   t5, 0x1
core   0: 3 0x8000b8ae (0x00001f17) x30 0x8000c8ae
core   0: 0x8000b8b2 (0x743f2923) sw      gp, 1874(t5)
core   0: 3 0x8000b8b2 (0x743f2923) mem 0x8000d000 0x00000001
core   0: 0x8000b8b6 (0x0000bfe5) c.j     pc - 8
core   0: 3 0x8000b8b6 (0xbfe5)
core   0: 0x8000b8ae (0x00001f17) auipc   t5, 0x1
core   0: 3 0x8000b8ae (0x00001f17) x30 0x8000c8ae
core   0: 0x8000b8b2 (0x743f2923) sw      gp, 1874(t5)
core   0: 3 0x8000b8b2 (0x743f2923) mem 0x8000d000 0x00000001
core   0: 0x8000b8b6 (0x0000bfe5) c.j     pc - 8
core   0: 3 0x8000b8b6 (0xbfe5)
core   0: 0x8000b8ae (0x00001f17) auipc   t5, 0x1
core   0: 3 0x8000b8ae (0x00001f17) x30 0x8000c8ae
core   0: 0x8000b8b2 (0x743f2923) sw      gp, 1874(t5)
core   0: 3 0x8000b8b2 (0x743f2923) mem 0x8000d000 0x00000001
core   0: 0x8000b8b6 (0x0000bfe5) c.j     pc - 8
core   0: 3 0x8000b8b6 (0xbfe5)
core   0: 0x8000b8ae (0x00001f17) auipc   t5, 0x1
core   0: 3 0x8000b8ae (0x00001f17) x30 0x8000c8ae
core   0: 0x8000b8b2 (0x743f2923) sw      gp, 1874(t5)
core   0: 3 0x8000b8b2 (0x743f2923) mem 0x8000d000 0x00000001
core   0: 0x8000b8b6 (0x0000bfe5) c.j     pc - 8
core   0: 3 0x8000b8b6 (0xbfe5)
core   0: 0x8000b8ae (0x00001f17) auipc   t5, 0x1
core   0: 3 0x8000b8ae (0x00001f17) x30 0x8000c8ae
core   0: 0x8000b8b2 (0x743f2923) sw      gp, 1874(t5)
core   0: 3 0x8000b8b2 (0x743f2923) mem 0x8000d000 0x00000001
core   0: 0x8000b8b6 (0x0000bfe5) c.j     pc - 8
core   0: 3 0x8000b8b6 (0xbfe5)
core   0: 0x8000b8ae (0x00001f17) auipc   t5, 0x1
core   0: 3 0x8000b8ae (0x00001f17) x30 0x8000c8ae
core   0: 0x8000b8b2 (0x743f2923) sw      gp, 1874(t5)
core   0: 3 0x8000b8b2 (0x743f2923) mem 0x8000d000 0x00000001
core   0: 0x8000b8b6 (0x0000bfe5) c.j     pc - 8
core   0: 3 0x8000b8b6 (0xbfe5)
core   0: 0x8000b8ae (0x00001f17) auipc   t5, 0x1
core   0: 3 0x8000b8ae (0x00001f17) x30 0x8000c8ae
core   0: 0x8000b8b2 (0x743f2923) sw      gp, 1874(t5)
core   0: 3 0x8000b8b2 (0x743f2923) mem 0x8000d000 0x00000001
core   0: 0x8000b8b6 (0x0000bfe5) c.j     pc - 8
core   0: 3 0x8000b8b6 (0xbfe5)
core   0: 0x8000b8ae (0x00001f17) auipc   t5, 0x1
core   0: 3 0x8000b8ae (0x00001f17) x30 0x8000c8ae
core   0: 0x8000b8b2 (0x743f2923) sw      gp, 1874(t5)
core   0: 3 0x8000b8b2 (0x743f2923) mem 0x8000d000 0x00000001
core   0: 0x8000b8b6 (0x0000bfe5) c.j     pc - 8
core   0: 3 0x8000b8b6 (0xbfe5)
core   0: 0x8000b8ae (0x00001f17) auipc   t5, 0x1
core   0: 3 0x8000b8ae (0x00001f17) x30 0x8000c8ae
core   0: 0x8000b8b2 (0x743f2923) sw      gp, 1874(t5)
core   0: 3 0x8000b8b2 (0x743f2923) mem 0x8000d000 0x00000001
core   0: 0x8000b8b6 (0x0000bfe5) c.j     pc - 8
core   0: 3 0x8000b8b6 (0xbfe5)
core   0: 0x8000b8ae (0x00001f17) auipc   t5, 0x1
core   0: 3 0x8000b8ae (0x00001f17) x30 0x8000c8ae
core   0: 0x8000b8b2 (0x743f2923) sw      gp, 1874(t5)
core   0: 3 0x8000b8b2 (0x743f2923) mem 0x8000d000 0x00000001
core   0: 0x8000b8b6 (0x0000bfe5) c.j     pc - 8
core   0: 3 0x8000b8b6 (0xbfe5)
core   0: 0x8000b8ae (0x00001f17) auipc   t5, 0x1
core   0: 3 0x8000b8ae (0x00001f17) x30 0x8000c8ae
core   0: 0x8000b8b2 (0x743f2923) sw      gp, 1874(t5)
core   0: 3 0x8000b8b2 (0x743f2923) mem 0x8000d000 0x00000001
core   0: 0x8000b8b6 (0x0000bfe5) c.j     pc - 8
core   0: 3 0x8000b8b6 (0xbfe5)
core   0: 0x8000b8ae (0x00001f17) auipc   t5, 0x1
core   0: 3 0x8000b8ae (0x00001f17) x30 0x8000c8ae
core   0: 0x8000b8b2 (0x743f2923) sw      gp, 1874(t5)
core   0: 3 0x8000b8b2 (0x743f2923) mem 0x8000d000 0x00000001
core   0: 0x8000b8b6 (0x0000bfe5) c.j     pc - 8
core   0: 3 0x8000b8b6 (0xbfe5)
core   0: 0x8000b8ae (0x00001f17) auipc   t5, 0x1
core   0: 3 0x8000b8ae (0x00001f17) x30 0x8000c8ae
core   0: 0x8000b8b2 (0x743f2923) sw      gp, 1874(t5)
core   0: 3 0x8000b8b2 (0x743f2923) mem 0x8000d000 0x00000001
core   0: 0x8000b8b6 (0x0000bfe5) c.j     pc - 8
core   0: 3 0x8000b8b6 (0xbfe5)
core   0: 0x8000b8ae (0x00001f17) auipc   t5, 0x1
core   0: 3 0x8000b8ae (0x00001f17) x30 0x8000c8ae
core   0: 0x8000b8b2 (0x743f2923) sw      gp, 1874(t5)
core   0: 3 0x8000b8b2 (0x743f2923) mem 0x8000d000 0x00000001
core   0: 0x8000b8b6 (0x0000bfe5) c.j     pc - 8
core   0: 3 0x8000b8b6 (0xbfe5)
core   0: 0x8000b8ae (0x00001f17) auipc   t5, 0x1
core   0: 3 0x8000b8ae (0x00001f17) x30 0x8000c8ae
core   0: 0x8000b8b2 (0x743f2923) sw      gp, 1874(t5)
core   0: 3 0x8000b8b2 (0x743f2923) mem 0x8000d000 0x00000001
core   0: 0x8000b8b6 (0x0000bfe5) c.j     pc - 8
core   0: 3 0x8000b8b6 (0xbfe5)
core   0: 0x8000b8ae (0x00001f17) auipc   t5, 0x1
core   0: 3 0x8000b8ae (0x00001f17) x30 0x8000c8ae
core   0: 0x8000b8b2 (0x743f2923) sw      gp, 1874(t5)
core   0: 3 0x8000b8b2 (0x743f2923) mem 0x8000d000 0x00000001
core   0: 0x8000b8b6 (0x0000bfe5) c.j     pc - 8
core   0: 3 0x8000b8b6 (0xbfe5)
core   0: 0x8000b8ae (0x00001f17) auipc   t5, 0x1
core   0: 3 0x8000b8ae (0x00001f17) x30 0x8000c8ae
core   0: 0x8000b8b2 (0x743f2923) sw      gp, 1874(t5)
core   0: 3 0x8000b8b2 (0x743f2923) mem 0x8000d000 0x00000001
core   0: 0x8000b8b6 (0x0000bfe5) c.j     pc - 8
core   0: 3 0x8000b8b6 (0xbfe5)
core   0: 0x8000b8ae (0x00001f17) auipc   t5, 0x1
core   0: 3 0x8000b8ae (0x00001f17) x30 0x8000c8ae
core   0: 0x8000b8b2 (0x743f2923) sw      gp, 1874(t5)
core   0: 3 0x8000b8b2 (0x743f2923) mem 0x8000d000 0x00000001
core   0: 0x8000b8b6 (0x0000bfe5) c.j     pc - 8
core   0: 3 0x8000b8b6 (0xbfe5)
core   0: 0x8000b8ae (0x00001f17) auipc   t5, 0x1
core   0: 3 0x8000b8ae (0x00001f17) x30 0x8000c8ae
core   0: 0x8000b8b2 (0x743f2923) sw      gp, 1874(t5)
core   0: 3 0x8000b8b2 (0x743f2923) mem 0x8000d000 0x00000001
core   0: 0x8000b8b6 (0x0000bfe5) c.j     pc - 8
core   0: 3 0x8000b8b6 (0xbfe5)
core   0: 0x8000b8ae (0x00001f17) auipc   t5, 0x1
core   0: 3 0x8000b8ae (0x00001f17) x30 0x8000c8ae
core   0: 0x8000b8b2 (0x743f2923) sw      gp, 1874(t5)
core   0: 3 0x8000b8b2 (0x743f2923) mem 0x8000d000 0x00000001
core   0: 0x8000b8b6 (0x0000bfe5) c.j     pc - 8
core   0: 3 0x8000b8b6 (0xbfe5)
core   0: 0x8000b8ae (0x00001f17) auipc   t5, 0x1
core   0: 3 0x8000b8ae (0x00001f17) x30 0x8000c8ae
core   0: 0x8000b8b2 (0x743f2923) sw      gp, 1874(t5)
core   0: 3 0x8000b8b2 (0x743f2923) mem 0x8000d000 0x00000001
core   0: 0x8000b8b6 (0x0000bfe5) c.j     pc - 8
core   0: 3 0x8000b8b6 (0xbfe5)
core   0: 0x8000b8ae (0x00001f17) auipc   t5, 0x1
core   0: 3 0x8000b8ae (0x00001f17) x30 0x8000c8ae
core   0: 0x8000b8b2 (0x743f2923) sw      gp, 1874(t5)
core   0: 3 0x8000b8b2 (0x743f2923) mem 0x8000d000 0x00000001
core   0: 0x8000b8b6 (0x0000bfe5) c.j     pc - 8
core   0: 3 0x8000b8b6 (0xbfe5)
core   0: 0x8000b8ae (0x00001f17) auipc   t5, 0x1
core   0: 3 0x8000b8ae (0x00001f17) x30 0x8000c8ae
core   0: 0x8000b8b2 (0x743f2923) sw      gp, 1874(t5)
core   0: 3 0x8000b8b2 (0x743f2923) mem 0x8000d000 0x00000001
core   0: 0x8000b8b6 (0x0000bfe5) c.j     pc - 8
core   0: 3 0x8000b8b6 (0xbfe5)
core   0: 0x8000b8ae (0x00001f17) auipc   t5, 0x1
core   0: 3 0x8000b8ae (0x00001f17) x30 0x8000c8ae
core   0: 0x8000b8b2 (0x743f2923) sw      gp, 1874(t5)
core   0: 3 0x8000b8b2 (0x743f2923) mem 0x8000d000 0x00000001
core   0: 0x8000b8b6 (0x0000bfe5) c.j     pc - 8
core   0: 3 0x8000b8b6 (0xbfe5)
core   0: 0x8000b8ae (0x00001f17) auipc   t5, 0x1
core   0: 3 0x8000b8ae (0x00001f17) x30 0x8000c8ae
core   0: 0x8000b8b2 (0x743f2923) sw      gp, 1874(t5)
core   0: 3 0x8000b8b2 (0x743f2923) mem 0x8000d000 0x00000001
core   0: 0x8000b8b6 (0x0000bfe5) c.j     pc - 8
core   0: 3 0x8000b8b6 (0xbfe5)
core   0: 0x8000b8ae (0x00001f17) auipc   t5, 0x1
core   0: 3 0x8000b8ae (0x00001f17) x30 0x8000c8ae
core   0: 0x8000b8b2 (0x743f2923) sw      gp, 1874(t5)
core   0: 3 0x8000b8b2 (0x743f2923) mem 0x8000d000 0x00000001
core   0: 0x8000b8b6 (0x0000bfe5) c.j     pc - 8
core   0: 3 0x8000b8b6 (0xbfe5)
core   0: 0x8000b8ae (0x00001f17) auipc   t5, 0x1
core   0: 3 0x8000b8ae (0x00001f17) x30 0x8000c8ae
core   0: 0x8000b8b2 (0x743f2923) sw      gp, 1874(t5)
core   0: 3 0x8000b8b2 (0x743f2923) mem 0x8000d000 0x00000001
core   0: 0x8000b8b6 (0x0000bfe5) c.j     pc - 8
core   0: 3 0x8000b8b6 (0xbfe5)
core   0: 0x8000b8ae (0x00001f17) auipc   t5, 0x1
core   0: 3 0x8000b8ae (0x00001f17) x30 0x8000c8ae
core   0: 0x8000b8b2 (0x743f2923) sw      gp, 1874(t5)
core   0: 3 0x8000b8b2 (0x743f2923) mem 0x8000d000 0x00000001
core   0: 0x8000b8b6 (0x0000bfe5) c.j     pc - 8
core   0: 3 0x8000b8b6 (0xbfe5)
core   0: 0x8000b8ae (0x00001f17) auipc   t5, 0x1
core   0: 3 0x8000b8ae (0x00001f17) x30 0x8000c8ae
core   0: 0x8000b8b2 (0x743f2923) sw      gp, 1874(t5)
core   0: 3 0x8000b8b2 (0x743f2923) mem 0x8000d000 0x00000001
core   0: 0x8000b8b6 (0x0000bfe5) c.j     pc - 8
core   0: 3 0x8000b8b6 (0xbfe5)
core   0: 0x8000b8ae (0x00001f17) auipc   t5, 0x1
core   0: 3 0x8000b8ae (0x00001f17) x30 0x8000c8ae
core   0: 0x8000b8b2 (0x743f2923) sw      gp, 1874(t5)
core   0: 3 0x8000b8b2 (0x743f2923) mem 0x8000d000 0x00000001
core   0: 0x8000b8b6 (0x0000bfe5) c.j     pc - 8
core   0: 3 0x8000b8b6 (0xbfe5)
core   0: 0x8000b8ae (0x00001f17) auipc   t5, 0x1
core   0: 3 0x8000b8ae (0x00001f17) x30 0x8000c8ae
core   0: 0x8000b8b2 (0x743f2923) sw      gp, 1874(t5)
core   0: 3 0x8000b8b2 (0x743f2923) mem 0x8000d000 0x00000001
core   0: 0x8000b8b6 (0x0000bfe5) c.j     pc - 8
core   0: 3 0x8000b8b6 (0xbfe5)
core   0: 0x8000b8ae (0x00001f17) auipc   t5, 0x1
core   0: 3 0x8000b8ae (0x00001f17) x30 0x8000c8ae
core   0: 0x8000b8b2 (0x743f2923) sw      gp, 1874(t5)
core   0: 3 0x8000b8b2 (0x743f2923) mem 0x8000d000 0x00000001
core   0: 0x8000b8b6 (0x0000bfe5) c.j     pc - 8
core   0: 3 0x8000b8b6 (0xbfe5)
core   0: 0x8000b8ae (0x00001f17) auipc   t5, 0x1
core   0: 3 0x8000b8ae (0x00001f17) x30 0x8000c8ae
core   0: 0x8000b8b2 (0x743f2923) sw      gp, 1874(t5)
core   0: 3 0x8000b8b2 (0x743f2923) mem 0x8000d000 0x00000001
core   0: 0x8000b8b6 (0x0000bfe5) c.j     pc - 8
core   0: 3 0x8000b8b6 (0xbfe5)
core   0: 0x8000b8ae (0x00001f17) auipc   t5, 0x1
core   0: 3 0x8000b8ae (0x00001f17) x30 0x8000c8ae
core   0: 0x8000b8b2 (0x743f2923) sw      gp, 1874(t5)
core   0: 3 0x8000b8b2 (0x743f2923) mem 0x8000d000 0x00000001
core   0: 0x8000b8b6 (0x0000bfe5) c.j     pc - 8
core   0: 3 0x8000b8b6 (0xbfe5)
core   0: 0x8000b8ae (0x00001f17) auipc   t5, 0x1
core   0: 3 0x8000b8ae (0x00001f17) x30 0x8000c8ae
core   0: 0x8000b8b2 (0x743f2923) sw      gp, 1874(t5)
core   0: 3 0x8000b8b2 (0x743f2923) mem 0x8000d000 0x00000001
core   0: 0x8000b8b6 (0x0000bfe5) c.j     pc - 8
core   0: 3 0x8000b8b6 (0xbfe5)
core   0: 0x8000b8ae (0x00001f17) auipc   t5, 0x1
core   0: 3 0x8000b8ae (0x00001f17) x30 0x8000c8ae
core   0: 0x8000b8b2 (0x743f2923) sw      gp, 1874(t5)
core   0: 3 0x8000b8b2 (0x743f2923) mem 0x8000d000 0x00000001
core   0: 0x8000b8b6 (0x0000bfe5) c.j     pc - 8
core   0: 3 0x8000b8b6 (0xbfe5)
core   0: 0x8000b8ae (0x00001f17) auipc   t5, 0x1
core   0: 3 0x8000b8ae (0x00001f17) x30 0x8000c8ae
core   0: 0x8000b8b2 (0x743f2923) sw      gp, 1874(t5)
core   0: 3 0x8000b8b2 (0x743f2923) mem 0x8000d000 0x00000001
core   0: 0x8000b8b6 (0x0000bfe5) c.j     pc - 8
core   0: 3 0x8000b8b6 (0xbfe5)
core   0: 0x8000b8ae (0x00001f17) auipc   t5, 0x1
core   0: 3 0x8000b8ae (0x00001f17) x30 0x8000c8ae
core   0: 0x8000b8b2 (0x743f2923) sw      gp, 1874(t5)
core   0: 3 0x8000b8b2 (0x743f2923) mem 0x8000d000 0x00000001
core   0: 0x8000b8b6 (0x0000bfe5) c.j     pc - 8
core   0: 3 0x8000b8b6 (0xbfe5)
core   0: 0x8000b8ae (0x00001f17) auipc   t5, 0x1
core   0: 3 0x8000b8ae (0x00001f17) x30 0x8000c8ae
core   0: 0x8000b8b2 (0x743f2923) sw      gp, 1874(t5)
core   0: 3 0x8000b8b2 (0x743f2923) mem 0x8000d000 0x00000001
core   0: 0x8000b8b6 (0x0000bfe5) c.j     pc - 8
core   0: 3 0x8000b8b6 (0xbfe5)
core   0: 0x8000b8ae (0x00001f17) auipc   t5, 0x1
core   0: 3 0x8000b8ae (0x00001f17) x30 0x8000c8ae
core   0: 0x8000b8b2 (0x743f2923) sw      gp, 1874(t5)
core   0: 3 0x8000b8b2 (0x743f2923) mem 0x8000d000 0x00000001
core   0: 0x8000b8b6 (0x0000bfe5) c.j     pc - 8
core   0: 3 0x8000b8b6 (0xbfe5)
core   0: 0x8000b8ae (0x00001f17) auipc   t5, 0x1
core   0: 3 0x8000b8ae (0x00001f17) x30 0x8000c8ae
core   0: 0x8000b8b2 (0x743f2923) sw      gp, 1874(t5)
core   0: 3 0x8000b8b2 (0x743f2923) mem 0x8000d000 0x00000001
core   0: 0x8000b8b6 (0x0000bfe5) c.j     pc - 8
core   0: 3 0x8000b8b6 (0xbfe5)
core   0: 0x8000b8ae (0x00001f17) auipc   t5, 0x1
core   0: 3 0x8000b8ae (0x00001f17) x30 0x8000c8ae
core   0: 0x8000b8b2 (0x743f2923) sw      gp, 1874(t5)
core   0: 3 0x8000b8b2 (0x743f2923) mem 0x8000d000 0x00000001
core   0: 0x8000b8b6 (0x0000bfe5) c.j     pc - 8
core   0: 3 0x8000b8b6 (0xbfe5)
core   0: 0x8000b8ae (0x00001f17) auipc   t5, 0x1
core   0: 3 0x8000b8ae (0x00001f17) x30 0x8000c8ae
core   0: 0x8000b8b2 (0x743f2923) sw      gp, 1874(t5)
core   0: 3 0x8000b8b2 (0x743f2923) mem 0x8000d000 0x00000001
core   0: 0x8000b8b6 (0x0000bfe5) c.j     pc - 8
core   0: 3 0x8000b8b6 (0xbfe5)
core   0: 0x8000b8ae (0x00001f17) auipc   t5, 0x1
core   0: 3 0x8000b8ae (0x00001f17) x30 0x8000c8ae
core   0: 0x8000b8b2 (0x743f2923) sw      gp, 1874(t5)
core   0: 3 0x8000b8b2 (0x743f2923) mem 0x8000d000 0x00000001
core   0: 0x8000b8b6 (0x0000bfe5) c.j     pc - 8
core   0: 3 0x8000b8b6 (0xbfe5)
core   0: 0x8000b8ae (0x00001f17) auipc   t5, 0x1
core   0: 3 0x8000b8ae (0x00001f17) x30 0x8000c8ae
core   0: 0x8000b8b2 (0x743f2923) sw      gp, 1874(t5)
core   0: 3 0x8000b8b2 (0x743f2923) mem 0x8000d000 0x00000001
core   0: 0x8000b8b6 (0x0000bfe5) c.j     pc - 8
core   0: 3 0x8000b8b6 (0xbfe5)
core   0: 0x8000b8ae (0x00001f17) auipc   t5, 0x1
core   0: 3 0x8000b8ae (0x00001f17) x30 0x8000c8ae
core   0: 0x8000b8b2 (0x743f2923) sw      gp, 1874(t5)
core   0: 3 0x8000b8b2 (0x743f2923) mem 0x8000d000 0x00000001
core   0: 0x8000b8b6 (0x0000bfe5) c.j     pc - 8
core   0: 3 0x8000b8b6 (0xbfe5)
core   0: 0x8000b8ae (0x00001f17) auipc   t5, 0x1
core   0: 3 0x8000b8ae (0x00001f17) x30 0x8000c8ae
core   0: 0x8000b8b2 (0x743f2923) sw      gp, 1874(t5)
core   0: 3 0x8000b8b2 (0x743f2923) mem 0x8000d000 0x00000001
core   0: 0x8000b8b6 (0x0000bfe5) c.j     pc - 8
core   0: 3 0x8000b8b6 (0xbfe5)
core   0: 0x8000b8ae (0x00001f17) auipc   t5, 0x1
core   0: 3 0x8000b8ae (0x00001f17) x30 0x8000c8ae
core   0: 0x8000b8b2 (0x743f2923) sw      gp, 1874(t5)
core   0: 3 0x8000b8b2 (0x743f2923) mem 0x8000d000 0x00000001
core   0: 0x8000b8b6 (0x0000bfe5) c.j     pc - 8
core   0: 3 0x8000b8b6 (0xbfe5)
core   0: 0x8000b8ae (0x00001f17) auipc   t5, 0x1
core   0: 3 0x8000b8ae (0x00001f17) x30 0x8000c8ae
core   0: 0x8000b8b2 (0x743f2923) sw      gp, 1874(t5)
core   0: 3 0x8000b8b2 (0x743f2923) mem 0x8000d000 0x00000001
core   0: 0x8000b8b6 (0x0000bfe5) c.j     pc - 8
core   0: 3 0x8000b8b6 (0xbfe5)
core   0: 0x8000b8ae (0x00001f17) auipc   t5, 0x1
core   0: 3 0x8000b8ae (0x00001f17) x30 0x8000c8ae
core   0: 0x8000b8b2 (0x743f2923) sw      gp, 1874(t5)
core   0: 3 0x8000b8b2 (0x743f2923) mem 0x8000d000 0x00000001
core   0: 0x8000b8b6 (0x0000bfe5) c.j     pc - 8
core   0: 3 0x8000b8b6 (0xbfe5)
core   0: 0x8000b8ae (0x00001f17) auipc   t5, 0x1
core   0: 3 0x8000b8ae (0x00001f17) x30 0x8000c8ae
core   0: 0x8000b8b2 (0x743f2923) sw      gp, 1874(t5)
core   0: 3 0x8000b8b2 (0x743f2923) mem 0x8000d000 0x00000001
core   0: 0x8000b8b6 (0x0000bfe5) c.j     pc - 8
core   0: 3 0x8000b8b6 (0xbfe5)
core   0: 0x8000b8ae (0x00001f17) auipc   t5, 0x1
core   0: 3 0x8000b8ae (0x00001f17) x30 0x8000c8ae
core   0: 0x8000b8b2 (0x743f2923) sw      gp, 1874(t5)
core   0: 3 0x8000b8b2 (0x743f2923) mem 0x8000d000 0x00000001
core   0: 0x8000b8b6 (0x0000bfe5) c.j     pc - 8
core   0: 3 0x8000b8b6 (0xbfe5)
core   0: 0x8000b8ae (0x00001f17) auipc   t5, 0x1
core   0: 3 0x8000b8ae (0x00001f17) x30 0x8000c8ae
core   0: 0x8000b8b2 (0x743f2923) sw      gp, 1874(t5)
core   0: 3 0x8000b8b2 (0x743f2923) mem 0x8000d000 0x00000001
core   0: 0x8000b8b6 (0x0000bfe5) c.j     pc - 8
core   0: 3 0x8000b8b6 (0xbfe5)
core   0: 0x8000b8ae (0x00001f17) auipc   t5, 0x1
core   0: 3 0x8000b8ae (0x00001f17) x30 0x8000c8ae
core   0: 0x8000b8b2 (0x743f2923) sw      gp, 1874(t5)
core   0: 3 0x8000b8b2 (0x743f2923) mem 0x8000d000 0x00000001
core   0: 0x8000b8b6 (0x0000bfe5) c.j     pc - 8
core   0: 3 0x8000b8b6 (0xbfe5)
core   0: 0x8000b8ae (0x00001f17) auipc   t5, 0x1
core   0: 3 0x8000b8ae (0x00001f17) x30 0x8000c8ae
core   0: 0x8000b8b2 (0x743f2923) sw      gp, 1874(t5)
core   0: 3 0x8000b8b2 (0x743f2923) mem 0x8000d000 0x00000001
core   0: 0x8000b8b6 (0x0000bfe5) c.j     pc - 8
core   0: 3 0x8000b8b6 (0xbfe5)
core   0: 0x8000b8ae (0x00001f17) auipc   t5, 0x1
core   0: 3 0x8000b8ae (0x00001f17) x30 0x8000c8ae
core   0: 0x8000b8b2 (0x743f2923) sw      gp, 1874(t5)
core   0: 3 0x8000b8b2 (0x743f2923) mem 0x8000d000 0x00000001
core   0: 0x8000b8b6 (0x0000bfe5) c.j     pc - 8
core   0: 3 0x8000b8b6 (0xbfe5)
core   0: 0x8000b8ae (0x00001f17) auipc   t5, 0x1
core   0: 3 0x8000b8ae (0x00001f17) x30 0x8000c8ae
core   0: 0x8000b8b2 (0x743f2923) sw      gp, 1874(t5)
core   0: 3 0x8000b8b2 (0x743f2923) mem 0x8000d000 0x00000001
core   0: 0x8000b8b6 (0x0000bfe5) c.j     pc - 8
core   0: 3 0x8000b8b6 (0xbfe5)
core   0: 0x8000b8ae (0x00001f17) auipc   t5, 0x1
core   0: 3 0x8000b8ae (0x00001f17) x30 0x8000c8ae
core   0: 0x8000b8b2 (0x743f2923) sw      gp, 1874(t5)
core   0: 3 0x8000b8b2 (0x743f2923) mem 0x8000d000 0x00000001
core   0: 0x8000b8b6 (0x0000bfe5) c.j     pc - 8
core   0: 3 0x8000b8b6 (0xbfe5)
core   0: 0x8000b8ae (0x00001f17) auipc   t5, 0x1
core   0: 3 0x8000b8ae (0x00001f17) x30 0x8000c8ae
core   0: 0x8000b8b2 (0x743f2923) sw      gp, 1874(t5)
core   0: 3 0x8000b8b2 (0x743f2923) mem 0x8000d000 0x00000001
core   0: 0x8000b8b6 (0x0000bfe5) c.j     pc - 8
core   0: 3 0x8000b8b6 (0xbfe5)
core   0: 0x8000b8ae (0x00001f17) auipc   t5, 0x1
core   0: 3 0x8000b8ae (0x00001f17) x30 0x8000c8ae
core   0: 0x8000b8b2 (0x743f2923) sw      gp, 1874(t5)
core   0: 3 0x8000b8b2 (0x743f2923) mem 0x8000d000 0x00000001
core   0: 0x8000b8b6 (0x0000bfe5) c.j     pc - 8
core   0: 3 0x8000b8b6 (0xbfe5)
core   0: 0x8000b8ae (0x00001f17) auipc   t5, 0x1
core   0: 3 0x8000b8ae (0x00001f17) x30 0x8000c8ae
core   0: 0x8000b8b2 (0x743f2923) sw      gp, 1874(t5)
core   0: 3 0x8000b8b2 (0x743f2923) mem 0x8000d000 0x00000001
core   0: 0x8000b8b6 (0x0000bfe5) c.j     pc - 8
core   0: 3 0x8000b8b6 (0xbfe5)
core   0: 0x8000b8ae (0x00001f17) auipc   t5, 0x1
core   0: 3 0x8000b8ae (0x00001f17) x30 0x8000c8ae
core   0: 0x8000b8b2 (0x743f2923) sw      gp, 1874(t5)
core   0: 3 0x8000b8b2 (0x743f2923) mem 0x8000d000 0x00000001
core   0: 0x8000b8b6 (0x0000bfe5) c.j     pc - 8
core   0: 3 0x8000b8b6 (0xbfe5)
core   0: 0x8000b8ae (0x00001f17) auipc   t5, 0x1
core   0: 3 0x8000b8ae (0x00001f17) x30 0x8000c8ae
core   0: 0x8000b8b2 (0x743f2923) sw      gp, 1874(t5)
core   0: 3 0x8000b8b2 (0x743f2923) mem 0x8000d000 0x00000001
core   0: 0x8000b8b6 (0x0000bfe5) c.j     pc - 8
core   0: 3 0x8000b8b6 (0xbfe5)
core   0: 0x8000b8ae (0x00001f17) auipc   t5, 0x1
core   0: 3 0x8000b8ae (0x00001f17) x30 0x8000c8ae
core   0: 0x8000b8b2 (0x743f2923) sw      gp, 1874(t5)
core   0: 3 0x8000b8b2 (0x743f2923) mem 0x8000d000 0x00000001
core   0: 0x8000b8b6 (0x0000bfe5) c.j     pc - 8
core   0: 3 0x8000b8b6 (0xbfe5)
core   0: 0x8000b8ae (0x00001f17) auipc   t5, 0x1
core   0: 3 0x8000b8ae (0x00001f17) x30 0x8000c8ae
core   0: 0x8000b8b2 (0x743f2923) sw      gp, 1874(t5)
core   0: 3 0x8000b8b2 (0x743f2923) mem 0x8000d000 0x00000001
core   0: 0x8000b8b6 (0x0000bfe5) c.j     pc - 8
core   0: 3 0x8000b8b6 (0xbfe5)
core   0: 0x8000b8ae (0x00001f17) auipc   t5, 0x1
core   0: 3 0x8000b8ae (0x00001f17) x30 0x8000c8ae
core   0: 0x8000b8b2 (0x743f2923) sw      gp, 1874(t5)
core   0: 3 0x8000b8b2 (0x743f2923) mem 0x8000d000 0x00000001
core   0: 0x8000b8b6 (0x0000bfe5) c.j     pc - 8
core   0: 3 0x8000b8b6 (0xbfe5)
core   0: 0x8000b8ae (0x00001f17) auipc   t5, 0x1
core   0: 3 0x8000b8ae (0x00001f17) x30 0x8000c8ae
core   0: 0x8000b8b2 (0x743f2923) sw      gp, 1874(t5)
core   0: 3 0x8000b8b2 (0x743f2923) mem 0x8000d000 0x00000001
core   0: 0x8000b8b6 (0x0000bfe5) c.j     pc - 8
core   0: 3 0x8000b8b6 (0xbfe5)
core   0: 0x8000b8ae (0x00001f17) auipc   t5, 0x1
core   0: 3 0x8000b8ae (0x00001f17) x30 0x8000c8ae
core   0: 0x8000b8b2 (0x743f2923) sw      gp, 1874(t5)
core   0: 3 0x8000b8b2 (0x743f2923) mem 0x8000d000 0x00000001
core   0: 0x8000b8b6 (0x0000bfe5) c.j     pc - 8
core   0: 3 0x8000b8b6 (0xbfe5)
core   0: 0x8000b8ae (0x00001f17) auipc   t5, 0x1
core   0: 3 0x8000b8ae (0x00001f17) x30 0x8000c8ae
core   0: 0x8000b8b2 (0x743f2923) sw      gp, 1874(t5)
core   0: 3 0x8000b8b2 (0x743f2923) mem 0x8000d000 0x00000001
core   0: 0x8000b8b6 (0x0000bfe5) c.j     pc - 8
core   0: 3 0x8000b8b6 (0xbfe5)
core   0: 0x8000b8ae (0x00001f17) auipc   t5, 0x1
core   0: 3 0x8000b8ae (0x00001f17) x30 0x8000c8ae
core   0: 0x8000b8b2 (0x743f2923) sw      gp, 1874(t5)
core   0: 3 0x8000b8b2 (0x743f2923) mem 0x8000d000 0x00000001
core   0: 0x8000b8b6 (0x0000bfe5) c.j     pc - 8
core   0: 3 0x8000b8b6 (0xbfe5)
core   0: 0x8000b8ae (0x00001f17) auipc   t5, 0x1
core   0: 3 0x8000b8ae (0x00001f17) x30 0x8000c8ae
core   0: 0x8000b8b2 (0x743f2923) sw      gp, 1874(t5)
core   0: 3 0x8000b8b2 (0x743f2923) mem 0x8000d000 0x00000001
core   0: 0x8000b8b6 (0x0000bfe5) c.j     pc - 8
core   0: 3 0x8000b8b6 (0xbfe5)
core   0: 0x8000b8ae (0x00001f17) auipc   t5, 0x1
core   0: 3 0x8000b8ae (0x00001f17) x30 0x8000c8ae
core   0: 0x8000b8b2 (0x743f2923) sw      gp, 1874(t5)
core   0: 3 0x8000b8b2 (0x743f2923) mem 0x8000d000 0x00000001
core   0: 0x8000b8b6 (0x0000bfe5) c.j     pc - 8
core   0: 3 0x8000b8b6 (0xbfe5)
core   0: 0x8000b8ae (0x00001f17) auipc   t5, 0x1
core   0: 3 0x8000b8ae (0x00001f17) x30 0x8000c8ae
core   0: 0x8000b8b2 (0x743f2923) sw      gp, 1874(t5)
core   0: 3 0x8000b8b2 (0x743f2923) mem 0x8000d000 0x00000001
core   0: 0x8000b8b6 (0x0000bfe5) c.j     pc - 8
core   0: 3 0x8000b8b6 (0xbfe5)
core   0: 0x8000b8ae (0x00001f17) auipc   t5, 0x1
core   0: 3 0x8000b8ae (0x00001f17) x30 0x8000c8ae
core   0: 0x8000b8b2 (0x743f2923) sw      gp, 1874(t5)
core   0: 3 0x8000b8b2 (0x743f2923) mem 0x8000d000 0x00000001
core   0: 0x8000b8b6 (0x0000bfe5) c.j     pc - 8
core   0: 3 0x8000b8b6 (0xbfe5)
core   0: 0x8000b8ae (0x00001f17) auipc   t5, 0x1
core   0: 3 0x8000b8ae (0x00001f17) x30 0x8000c8ae
core   0: 0x8000b8b2 (0x743f2923) sw      gp, 1874(t5)
core   0: 3 0x8000b8b2 (0x743f2923) mem 0x8000d000 0x00000001
core   0: 0x8000b8b6 (0x0000bfe5) c.j     pc - 8
core   0: 3 0x8000b8b6 (0xbfe5)
core   0: 0x8000b8ae (0x00001f17) auipc   t5, 0x1
core   0: 3 0x8000b8ae (0x00001f17) x30 0x8000c8ae
core   0: 0x8000b8b2 (0x743f2923) sw      gp, 1874(t5)
core   0: 3 0x8000b8b2 (0x743f2923) mem 0x8000d000 0x00000001
core   0: 0x8000b8b6 (0x0000bfe5) c.j     pc - 8
core   0: 3 0x8000b8b6 (0xbfe5)
core   0: 0x8000b8ae (0x00001f17) auipc   t5, 0x1
core   0: 3 0x8000b8ae (0x00001f17) x30 0x8000c8ae
core   0: 0x8000b8b2 (0x743f2923) sw      gp, 1874(t5)
core   0: 3 0x8000b8b2 (0x743f2923) mem 0x8000d000 0x00000001
core   0: 0x8000b8b6 (0x0000bfe5) c.j     pc - 8
core   0: 3 0x8000b8b6 (0xbfe5)
core   0: 0x8000b8ae (0x00001f17) auipc   t5, 0x1
core   0: 3 0x8000b8ae (0x00001f17) x30 0x8000c8ae
core   0: 0x8000b8b2 (0x743f2923) sw      gp, 1874(t5)
core   0: 3 0x8000b8b2 (0x743f2923) mem 0x8000d000 0x00000001
core   0: 0x8000b8b6 (0x0000bfe5) c.j     pc - 8
core   0: 3 0x8000b8b6 (0xbfe5)
core   0: 0x8000b8ae (0x00001f17) auipc   t5, 0x1
core   0: 3 0x8000b8ae (0x00001f17) x30 0x8000c8ae
core   0: 0x8000b8b2 (0x743f2923) sw      gp, 1874(t5)
core   0: 3 0x8000b8b2 (0x743f2923) mem 0x8000d000 0x00000001
core   0: 0x8000b8b6 (0x0000bfe5) c.j     pc - 8
core   0: 3 0x8000b8b6 (0xbfe5)
core   0: 0x8000b8ae (0x00001f17) auipc   t5, 0x1
core   0: 3 0x8000b8ae (0x00001f17) x30 0x8000c8ae
core   0: 0x8000b8b2 (0x743f2923) sw      gp, 1874(t5)
core   0: 3 0x8000b8b2 (0x743f2923) mem 0x8000d000 0x00000001
core   0: 0x8000b8b6 (0x0000bfe5) c.j     pc - 8
core   0: 3 0x8000b8b6 (0xbfe5)
core   0: 0x8000b8ae (0x00001f17) auipc   t5, 0x1
core   0: 3 0x8000b8ae (0x00001f17) x30 0x8000c8ae
core   0: 0x8000b8b2 (0x743f2923) sw      gp, 1874(t5)
core   0: 3 0x8000b8b2 (0x743f2923) mem 0x8000d000 0x00000001
core   0: 0x8000b8b6 (0x0000bfe5) c.j     pc - 8
core   0: 3 0x8000b8b6 (0xbfe5)
core   0: 0x8000b8ae (0x00001f17) auipc   t5, 0x1
core   0: 3 0x8000b8ae (0x00001f17) x30 0x8000c8ae
core   0: 0x8000b8b2 (0x743f2923) sw      gp, 1874(t5)
core   0: 3 0x8000b8b2 (0x743f2923) mem 0x8000d000 0x00000001
core   0: 0x8000b8b6 (0x0000bfe5) c.j     pc - 8
core   0: 3 0x8000b8b6 (0xbfe5)
core   0: 0x8000b8ae (0x00001f17) auipc   t5, 0x1
core   0: 3 0x8000b8ae (0x00001f17) x30 0x8000c8ae
core   0: 0x8000b8b2 (0x743f2923) sw      gp, 1874(t5)
core   0: 3 0x8000b8b2 (0x743f2923) mem 0x8000d000 0x00000001
core   0: 0x8000b8b6 (0x0000bfe5) c.j     pc - 8
core   0: 3 0x8000b8b6 (0xbfe5)
core   0: 0x8000b8ae (0x00001f17) auipc   t5, 0x1
core   0: 3 0x8000b8ae (0x00001f17) x30 0x8000c8ae
core   0: 0x8000b8b2 (0x743f2923) sw      gp, 1874(t5)
core   0: 3 0x8000b8b2 (0x743f2923) mem 0x8000d000 0x00000001
core   0: 0x8000b8b6 (0x0000bfe5) c.j     pc - 8
core   0: 3 0x8000b8b6 (0xbfe5)
core   0: 0x8000b8ae (0x00001f17) auipc   t5, 0x1
core   0: 3 0x8000b8ae (0x00001f17) x30 0x8000c8ae
core   0: 0x8000b8b2 (0x743f2923) sw      gp, 1874(t5)
core   0: 3 0x8000b8b2 (0x743f2923) mem 0x8000d000 0x00000001
core   0: 0x8000b8b6 (0x0000bfe5) c.j     pc - 8
core   0: 3 0x8000b8b6 (0xbfe5)
core   0: 0x8000b8ae (0x00001f17) auipc   t5, 0x1
core   0: 3 0x8000b8ae (0x00001f17) x30 0x8000c8ae
core   0: 0x8000b8b2 (0x743f2923) sw      gp, 1874(t5)
core   0: 3 0x8000b8b2 (0x743f2923) mem 0x8000d000 0x00000001
core   0: 0x8000b8b6 (0x0000bfe5) c.j     pc - 8
core   0: 3 0x8000b8b6 (0xbfe5)
core   0: 0x8000b8ae (0x00001f17) auipc   t5, 0x1
core   0: 3 0x8000b8ae (0x00001f17) x30 0x8000c8ae
core   0: 0x8000b8b2 (0x743f2923) sw      gp, 1874(t5)
core   0: 3 0x8000b8b2 (0x743f2923) mem 0x8000d000 0x00000001
core   0: 0x8000b8b6 (0x0000bfe5) c.j     pc - 8
core   0: 3 0x8000b8b6 (0xbfe5)
core   0: 0x8000b8ae (0x00001f17) auipc   t5, 0x1
core   0: 3 0x8000b8ae (0x00001f17) x30 0x8000c8ae
core   0: 0x8000b8b2 (0x743f2923) sw      gp, 1874(t5)
core   0: 3 0x8000b8b2 (0x743f2923) mem 0x8000d000 0x00000001
core   0: 0x8000b8b6 (0x0000bfe5) c.j     pc - 8
core   0: 3 0x8000b8b6 (0xbfe5)
core   0: 0x8000b8ae (0x00001f17) auipc   t5, 0x1
core   0: 3 0x8000b8ae (0x00001f17) x30 0x8000c8ae
core   0: 0x8000b8b2 (0x743f2923) sw      gp, 1874(t5)
core   0: 3 0x8000b8b2 (0x743f2923) mem 0x8000d000 0x00000001
core   0: 0x8000b8b6 (0x0000bfe5) c.j     pc - 8
core   0: 3 0x8000b8b6 (0xbfe5)
core   0: 0x8000b8ae (0x00001f17) auipc   t5, 0x1
core   0: 3 0x8000b8ae (0x00001f17) x30 0x8000c8ae
core   0: 0x8000b8b2 (0x743f2923) sw      gp, 1874(t5)
core   0: 3 0x8000b8b2 (0x743f2923) mem 0x8000d000 0x00000001
core   0: 0x8000b8b6 (0x0000bfe5) c.j     pc - 8
core   0: 3 0x8000b8b6 (0xbfe5)
core   0: 0x8000b8ae (0x00001f17) auipc   t5, 0x1
core   0: 3 0x8000b8ae (0x00001f17) x30 0x8000c8ae
core   0: 0x8000b8b2 (0x743f2923) sw      gp, 1874(t5)
core   0: 3 0x8000b8b2 (0x743f2923) mem 0x8000d000 0x00000001
core   0: 0x8000b8b6 (0x0000bfe5) c.j     pc - 8
core   0: 3 0x8000b8b6 (0xbfe5)
core   0: 0x8000b8ae (0x00001f17) auipc   t5, 0x1
core   0: 3 0x8000b8ae (0x00001f17) x30 0x8000c8ae
core   0: 0x8000b8b2 (0x743f2923) sw      gp, 1874(t5)
core   0: 3 0x8000b8b2 (0x743f2923) mem 0x8000d000 0x00000001
core   0: 0x8000b8b6 (0x0000bfe5) c.j     pc - 8
core   0: 3 0x8000b8b6 (0xbfe5)
core   0: 0x8000b8ae (0x00001f17) auipc   t5, 0x1
core   0: 3 0x8000b8ae (0x00001f17) x30 0x8000c8ae
core   0: 0x8000b8b2 (0x743f2923) sw      gp, 1874(t5)
core   0: 3 0x8000b8b2 (0x743f2923) mem 0x8000d000 0x00000001
core   0: 0x8000b8b6 (0x0000bfe5) c.j     pc - 8
core   0: 3 0x8000b8b6 (0xbfe5)
core   0: 0x8000b8ae (0x00001f17) auipc   t5, 0x1
core   0: 3 0x8000b8ae (0x00001f17) x30 0x8000c8ae
core   0: 0x8000b8b2 (0x743f2923) sw      gp, 1874(t5)
core   0: 3 0x8000b8b2 (0x743f2923) mem 0x8000d000 0x00000001
core   0: 0x8000b8b6 (0x0000bfe5) c.j     pc - 8
core   0: 3 0x8000b8b6 (0xbfe5)
core   0: 0x8000b8ae (0x00001f17) auipc   t5, 0x1
core   0: 3 0x8000b8ae (0x00001f17) x30 0x8000c8ae
core   0: 0x8000b8b2 (0x743f2923) sw      gp, 1874(t5)
core   0: 3 0x8000b8b2 (0x743f2923) mem 0x8000d000 0x00000001
core   0: 0x8000b8b6 (0x0000bfe5) c.j     pc - 8
core   0: 3 0x8000b8b6 (0xbfe5)
core   0: 0x8000b8ae (0x00001f17) auipc   t5, 0x1
core   0: 3 0x8000b8ae (0x00001f17) x30 0x8000c8ae
core   0: 0x8000b8b2 (0x743f2923) sw      gp, 1874(t5)
core   0: 3 0x8000b8b2 (0x743f2923) mem 0x8000d000 0x00000001
core   0: 0x8000b8b6 (0x0000bfe5) c.j     pc - 8
core   0: 3 0x8000b8b6 (0xbfe5)
core   0: 0x8000b8ae (0x00001f17) auipc   t5, 0x1
core   0: 3 0x8000b8ae (0x00001f17) x30 0x8000c8ae
core   0: 0x8000b8b2 (0x743f2923) sw      gp, 1874(t5)
core   0: 3 0x8000b8b2 (0x743f2923) mem 0x8000d000 0x00000001
core   0: 0x8000b8b6 (0x0000bfe5) c.j     pc - 8
core   0: 3 0x8000b8b6 (0xbfe5)
core   0: 0x8000b8ae (0x00001f17) auipc   t5, 0x1
core   0: 3 0x8000b8ae (0x00001f17) x30 0x8000c8ae
core   0: 0x8000b8b2 (0x743f2923) sw      gp, 1874(t5)
core   0: 3 0x8000b8b2 (0x743f2923) mem 0x8000d000 0x00000001
core   0: 0x8000b8b6 (0x0000bfe5) c.j     pc - 8
core   0: 3 0x8000b8b6 (0xbfe5)
core   0: 0x8000b8ae (0x00001f17) auipc   t5, 0x1
core   0: 3 0x8000b8ae (0x00001f17) x30 0x8000c8ae
core   0: 0x8000b8b2 (0x743f2923) sw      gp, 1874(t5)
core   0: 3 0x8000b8b2 (0x743f2923) mem 0x8000d000 0x00000001
core   0: 0x8000b8b6 (0x0000bfe5) c.j     pc - 8
core   0: 3 0x8000b8b6 (0xbfe5)
core   0: 0x8000b8ae (0x00001f17) auipc   t5, 0x1
core   0: 3 0x8000b8ae (0x00001f17) x30 0x8000c8ae
core   0: 0x8000b8b2 (0x743f2923) sw      gp, 1874(t5)
core   0: 3 0x8000b8b2 (0x743f2923) mem 0x8000d000 0x00000001
core   0: 0x8000b8b6 (0x0000bfe5) c.j     pc - 8
core   0: 3 0x8000b8b6 (0xbfe5)
core   0: 0x8000b8ae (0x00001f17) auipc   t5, 0x1
core   0: 3 0x8000b8ae (0x00001f17) x30 0x8000c8ae
core   0: 0x8000b8b2 (0x743f2923) sw      gp, 1874(t5)
core   0: 3 0x8000b8b2 (0x743f2923) mem 0x8000d000 0x00000001
core   0: 0x8000b8b6 (0x0000bfe5) c.j     pc - 8
core   0: 3 0x8000b8b6 (0xbfe5)
core   0: 0x8000b8ae (0x00001f17) auipc   t5, 0x1
core   0: 3 0x8000b8ae (0x00001f17) x30 0x8000c8ae
core   0: 0x8000b8b2 (0x743f2923) sw      gp, 1874(t5)
core   0: 3 0x8000b8b2 (0x743f2923) mem 0x8000d000 0x00000001
core   0: 0x8000b8b6 (0x0000bfe5) c.j     pc - 8
core   0: 3 0x8000b8b6 (0xbfe5)
core   0: 0x8000b8ae (0x00001f17) auipc   t5, 0x1
core   0: 3 0x8000b8ae (0x00001f17) x30 0x8000c8ae
core   0: 0x8000b8b2 (0x743f2923) sw      gp, 1874(t5)
core   0: 3 0x8000b8b2 (0x743f2923) mem 0x8000d000 0x00000001
core   0: 0x8000b8b6 (0x0000bfe5) c.j     pc - 8
core   0: 3 0x8000b8b6 (0xbfe5)
core   0: 0x8000b8ae (0x00001f17) auipc   t5, 0x1
core   0: 3 0x8000b8ae (0x00001f17) x30 0x8000c8ae
core   0: 0x8000b8b2 (0x743f2923) sw      gp, 1874(t5)
core   0: 3 0x8000b8b2 (0x743f2923) mem 0x8000d000 0x00000001
core   0: 0x8000b8b6 (0x0000bfe5) c.j     pc - 8
core   0: 3 0x8000b8b6 (0xbfe5)
core   0: 0x8000b8ae (0x00001f17) auipc   t5, 0x1
core   0: 3 0x8000b8ae (0x00001f17) x30 0x8000c8ae
core   0: 0x8000b8b2 (0x743f2923) sw      gp, 1874(t5)
core   0: 3 0x8000b8b2 (0x743f2923) mem 0x8000d000 0x00000001
core   0: 0x8000b8b6 (0x0000bfe5) c.j     pc - 8
core   0: 3 0x8000b8b6 (0xbfe5)
core   0: 0x8000b8ae (0x00001f17) auipc   t5, 0x1
core   0: 3 0x8000b8ae (0x00001f17) x30 0x8000c8ae
core   0: 0x8000b8b2 (0x743f2923) sw      gp, 1874(t5)
core   0: 3 0x8000b8b2 (0x743f2923) mem 0x8000d000 0x00000001
core   0: 0x8000b8b6 (0x0000bfe5) c.j     pc - 8
core   0: 3 0x8000b8b6 (0xbfe5)
core   0: 0x8000b8ae (0x00001f17) auipc   t5, 0x1
core   0: 3 0x8000b8ae (0x00001f17) x30 0x8000c8ae
core   0: 0x8000b8b2 (0x743f2923) sw      gp, 1874(t5)
core   0: 3 0x8000b8b2 (0x743f2923) mem 0x8000d000 0x00000001
core   0: 0x8000b8b6 (0x0000bfe5) c.j     pc - 8
core   0: 3 0x8000b8b6 (0xbfe5)
core   0: 0x8000b8ae (0x00001f17) auipc   t5, 0x1
core   0: 3 0x8000b8ae (0x00001f17) x30 0x8000c8ae
core   0: 0x8000b8b2 (0x743f2923) sw      gp, 1874(t5)
core   0: 3 0x8000b8b2 (0x743f2923) mem 0x8000d000 0x00000001
core   0: 0x8000b8b6 (0x0000bfe5) c.j     pc - 8
core   0: 3 0x8000b8b6 (0xbfe5)
core   0: 0x8000b8ae (0x00001f17) auipc   t5, 0x1
core   0: 3 0x8000b8ae (0x00001f17) x30 0x8000c8ae
core   0: 0x8000b8b2 (0x743f2923) sw      gp, 1874(t5)
core   0: 3 0x8000b8b2 (0x743f2923) mem 0x8000d000 0x00000001
core   0: 0x8000b8b6 (0x0000bfe5) c.j     pc - 8
core   0: 3 0x8000b8b6 (0xbfe5)
core   0: 0x8000b8ae (0x00001f17) auipc   t5, 0x1
core   0: 3 0x8000b8ae (0x00001f17) x30 0x8000c8ae
core   0: 0x8000b8b2 (0x743f2923) sw      gp, 1874(t5)
core   0: 3 0x8000b8b2 (0x743f2923) mem 0x8000d000 0x00000001
core   0: 0x8000b8b6 (0x0000bfe5) c.j     pc - 8
core   0: 3 0x8000b8b6 (0xbfe5)
core   0: 0x8000b8ae (0x00001f17) auipc   t5, 0x1
core   0: 3 0x8000b8ae (0x00001f17) x30 0x8000c8ae
core   0: 0x8000b8b2 (0x743f2923) sw      gp, 1874(t5)
core   0: 3 0x8000b8b2 (0x743f2923) mem 0x8000d000 0x00000001
core   0: 0x8000b8b6 (0x0000bfe5) c.j     pc - 8
core   0: 3 0x8000b8b6 (0xbfe5)
core   0: 0x8000b8ae (0x00001f17) auipc   t5, 0x1
core   0: 3 0x8000b8ae (0x00001f17) x30 0x8000c8ae
core   0: 0x8000b8b2 (0x743f2923) sw      gp, 1874(t5)
core   0: 3 0x8000b8b2 (0x743f2923) mem 0x8000d000 0x00000001
core   0: 0x8000b8b6 (0x0000bfe5) c.j     pc - 8
core   0: 3 0x8000b8b6 (0xbfe5)
core   0: 0x8000b8ae (0x00001f17) auipc   t5, 0x1
core   0: 3 0x8000b8ae (0x00001f17) x30 0x8000c8ae
core   0: 0x8000b8b2 (0x743f2923) sw      gp, 1874(t5)
core   0: 3 0x8000b8b2 (0x743f2923) mem 0x8000d000 0x00000001
core   0: 0x8000b8b6 (0x0000bfe5) c.j     pc - 8
core   0: 3 0x8000b8b6 (0xbfe5)
core   0: 0x8000b8ae (0x00001f17) auipc   t5, 0x1
core   0: 3 0x8000b8ae (0x00001f17) x30 0x8000c8ae
core   0: 0x8000b8b2 (0x743f2923) sw      gp, 1874(t5)
core   0: 3 0x8000b8b2 (0x743f2923) mem 0x8000d000 0x00000001
core   0: 0x8000b8b6 (0x0000bfe5) c.j     pc - 8
core   0: 3 0x8000b8b6 (0xbfe5)
core   0: 0x8000b8ae (0x00001f17) auipc   t5, 0x1
core   0: 3 0x8000b8ae (0x00001f17) x30 0x8000c8ae
core   0: 0x8000b8b2 (0x743f2923) sw      gp, 1874(t5)
core   0: 3 0x8000b8b2 (0x743f2923) mem 0x8000d000 0x00000001
core   0: 0x8000b8b6 (0x0000bfe5) c.j     pc - 8
core   0: 3 0x8000b8b6 (0xbfe5)
core   0: 0x8000b8ae (0x00001f17) auipc   t5, 0x1
core   0: 3 0x8000b8ae (0x00001f17) x30 0x8000c8ae
core   0: 0x8000b8b2 (0x743f2923) sw      gp, 1874(t5)
core   0: 3 0x8000b8b2 (0x743f2923) mem 0x8000d000 0x00000001
core   0: 0x8000b8b6 (0x0000bfe5) c.j     pc - 8
core   0: 3 0x8000b8b6 (0xbfe5)
core   0: 0x8000b8ae (0x00001f17) auipc   t5, 0x1
core   0: 3 0x8000b8ae (0x00001f17) x30 0x8000c8ae
core   0: 0x8000b8b2 (0x743f2923) sw      gp, 1874(t5)
core   0: 3 0x8000b8b2 (0x743f2923) mem 0x8000d000 0x00000001
core   0: 0x8000b8b6 (0x0000bfe5) c.j     pc - 8
core   0: 3 0x8000b8b6 (0xbfe5)
core   0: 0x8000b8ae (0x00001f17) auipc   t5, 0x1
core   0: 3 0x8000b8ae (0x00001f17) x30 0x8000c8ae
core   0: 0x8000b8b2 (0x743f2923) sw      gp, 1874(t5)
core   0: 3 0x8000b8b2 (0x743f2923) mem 0x8000d000 0x00000001
core   0: 0x8000b8b6 (0x0000bfe5) c.j     pc - 8
core   0: 3 0x8000b8b6 (0xbfe5)
core   0: 0x8000b8ae (0x00001f17) auipc   t5, 0x1
core   0: 3 0x8000b8ae (0x00001f17) x30 0x8000c8ae
core   0: 0x8000b8b2 (0x743f2923) sw      gp, 1874(t5)
core   0: 3 0x8000b8b2 (0x743f2923) mem 0x8000d000 0x00000001
core   0: 0x8000b8b6 (0x0000bfe5) c.j     pc - 8
core   0: 3 0x8000b8b6 (0xbfe5)
core   0: 0x8000b8ae (0x00001f17) auipc   t5, 0x1
core   0: 3 0x8000b8ae (0x00001f17) x30 0x8000c8ae
core   0: 0x8000b8b2 (0x743f2923) sw      gp, 1874(t5)
core   0: 3 0x8000b8b2 (0x743f2923) mem 0x8000d000 0x00000001
core   0: 0x8000b8b6 (0x0000bfe5) c.j     pc - 8
core   0: 3 0x8000b8b6 (0xbfe5)
core   0: 0x8000b8ae (0x00001f17) auipc   t5, 0x1
core   0: 3 0x8000b8ae (0x00001f17) x30 0x8000c8ae
core   0: 0x8000b8b2 (0x743f2923) sw      gp, 1874(t5)
core   0: 3 0x8000b8b2 (0x743f2923) mem 0x8000d000 0x00000001
core   0: 0x8000b8b6 (0x0000bfe5) c.j     pc - 8
core   0: 3 0x8000b8b6 (0xbfe5)
core   0: 0x8000b8ae (0x00001f17) auipc   t5, 0x1
core   0: 3 0x8000b8ae (0x00001f17) x30 0x8000c8ae
core   0: 0x8000b8b2 (0x743f2923) sw      gp, 1874(t5)
core   0: 3 0x8000b8b2 (0x743f2923) mem 0x8000d000 0x00000001
core   0: 0x8000b8b6 (0x0000bfe5) c.j     pc - 8
core   0: 3 0x8000b8b6 (0xbfe5)
core   0: 0x8000b8ae (0x00001f17) auipc   t5, 0x1
core   0: 3 0x8000b8ae (0x00001f17) x30 0x8000c8ae
core   0: 0x8000b8b2 (0x743f2923) sw      gp, 1874(t5)
core   0: 3 0x8000b8b2 (0x743f2923) mem 0x8000d000 0x00000001
core   0: 0x8000b8b6 (0x0000bfe5) c.j     pc - 8
core   0: 3 0x8000b8b6 (0xbfe5)
core   0: 0x8000b8ae (0x00001f17) auipc   t5, 0x1
core   0: 3 0x8000b8ae (0x00001f17) x30 0x8000c8ae
core   0: 0x8000b8b2 (0x743f2923) sw      gp, 1874(t5)
core   0: 3 0x8000b8b2 (0x743f2923) mem 0x8000d000 0x00000001
core   0: 0x8000b8b6 (0x0000bfe5) c.j     pc - 8
core   0: 3 0x8000b8b6 (0xbfe5)
core   0: 0x8000b8ae (0x00001f17) auipc   t5, 0x1
core   0: 3 0x8000b8ae (0x00001f17) x30 0x8000c8ae
core   0: 0x8000b8b2 (0x743f2923) sw      gp, 1874(t5)
core   0: 3 0x8000b8b2 (0x743f2923) mem 0x8000d000 0x00000001
core   0: 0x8000b8b6 (0x0000bfe5) c.j     pc - 8
core   0: 3 0x8000b8b6 (0xbfe5)
core   0: 0x8000b8ae (0x00001f17) auipc   t5, 0x1
core   0: 3 0x8000b8ae (0x00001f17) x30 0x8000c8ae
core   0: 0x8000b8b2 (0x743f2923) sw      gp, 1874(t5)
core   0: 3 0x8000b8b2 (0x743f2923) mem 0x8000d000 0x00000001
core   0: 0x8000b8b6 (0x0000bfe5) c.j     pc - 8
core   0: 3 0x8000b8b6 (0xbfe5)
core   0: 0x8000b8ae (0x00001f17) auipc   t5, 0x1
core   0: 3 0x8000b8ae (0x00001f17) x30 0x8000c8ae
core   0: 0x8000b8b2 (0x743f2923) sw      gp, 1874(t5)
core   0: 3 0x8000b8b2 (0x743f2923) mem 0x8000d000 0x00000001
core   0: 0x8000b8b6 (0x0000bfe5) c.j     pc - 8
core   0: 3 0x8000b8b6 (0xbfe5)
core   0: 0x8000b8ae (0x00001f17) auipc   t5, 0x1
core   0: 3 0x8000b8ae (0x00001f17) x30 0x8000c8ae
core   0: 0x8000b8b2 (0x743f2923) sw      gp, 1874(t5)
core   0: 3 0x8000b8b2 (0x743f2923) mem 0x8000d000 0x00000001
core   0: 0x8000b8b6 (0x0000bfe5) c.j     pc - 8
core   0: 3 0x8000b8b6 (0xbfe5)
core   0: 0x8000b8ae (0x00001f17) auipc   t5, 0x1
core   0: 3 0x8000b8ae (0x00001f17) x30 0x8000c8ae
core   0: 0x8000b8b2 (0x743f2923) sw      gp, 1874(t5)
core   0: 3 0x8000b8b2 (0x743f2923) mem 0x8000d000 0x00000001
core   0: 0x8000b8b6 (0x0000bfe5) c.j     pc - 8
core   0: 3 0x8000b8b6 (0xbfe5)
core   0: 0x8000b8ae (0x00001f17) auipc   t5, 0x1
core   0: 3 0x8000b8ae (0x00001f17) x30 0x8000c8ae
core   0: 0x8000b8b2 (0x743f2923) sw      gp, 1874(t5)
core   0: 3 0x8000b8b2 (0x743f2923) mem 0x8000d000 0x00000001
core   0: 0x8000b8b6 (0x0000bfe5) c.j     pc - 8
core   0: 3 0x8000b8b6 (0xbfe5)
core   0: 0x8000b8ae (0x00001f17) auipc   t5, 0x1
core   0: 3 0x8000b8ae (0x00001f17) x30 0x8000c8ae
core   0: 0x8000b8b2 (0x743f2923) sw      gp, 1874(t5)
core   0: 3 0x8000b8b2 (0x743f2923) mem 0x8000d000 0x00000001
core   0: 0x8000b8b6 (0x0000bfe5) c.j     pc - 8
core   0: 3 0x8000b8b6 (0xbfe5)
core   0: 0x8000b8ae (0x00001f17) auipc   t5, 0x1
core   0: 3 0x8000b8ae (0x00001f17) x30 0x8000c8ae
core   0: 0x8000b8b2 (0x743f2923) sw      gp, 1874(t5)
core   0: 3 0x8000b8b2 (0x743f2923) mem 0x8000d000 0x00000001
core   0: 0x8000b8b6 (0x0000bfe5) c.j     pc - 8
core   0: 3 0x8000b8b6 (0xbfe5)
core   0: 0x8000b8ae (0x00001f17) auipc   t5, 0x1
core   0: 3 0x8000b8ae (0x00001f17) x30 0x8000c8ae
core   0: 0x8000b8b2 (0x743f2923) sw      gp, 1874(t5)
core   0: 3 0x8000b8b2 (0x743f2923) mem 0x8000d000 0x00000001
core   0: 0x8000b8b6 (0x0000bfe5) c.j     pc - 8
core   0: 3 0x8000b8b6 (0xbfe5)
core   0: 0x8000b8ae (0x00001f17) auipc   t5, 0x1
core   0: 3 0x8000b8ae (0x00001f17) x30 0x8000c8ae
core   0: 0x8000b8b2 (0x743f2923) sw      gp, 1874(t5)
core   0: 3 0x8000b8b2 (0x743f2923) mem 0x8000d000 0x00000001
core   0: 0x8000b8b6 (0x0000bfe5) c.j     pc - 8
core   0: 3 0x8000b8b6 (0xbfe5)
core   0: 0x8000b8ae (0x00001f17) auipc   t5, 0x1
core   0: 3 0x8000b8ae (0x00001f17) x30 0x8000c8ae
core   0: 0x8000b8b2 (0x743f2923) sw      gp, 1874(t5)
core   0: 3 0x8000b8b2 (0x743f2923) mem 0x8000d000 0x00000001
core   0: 0x8000b8b6 (0x0000bfe5) c.j     pc - 8
core   0: 3 0x8000b8b6 (0xbfe5)
core   0: 0x8000b8ae (0x00001f17) auipc   t5, 0x1
core   0: 3 0x8000b8ae (0x00001f17) x30 0x8000c8ae
core   0: 0x8000b8b2 (0x743f2923) sw      gp, 1874(t5)
core   0: 3 0x8000b8b2 (0x743f2923) mem 0x8000d000 0x00000001
core   0: 0x8000b8b6 (0x0000bfe5) c.j     pc - 8
core   0: 3 0x8000b8b6 (0xbfe5)
core   0: 0x8000b8ae (0x00001f17) auipc   t5, 0x1
core   0: 3 0x8000b8ae (0x00001f17) x30 0x8000c8ae
core   0: 0x8000b8b2 (0x743f2923) sw      gp, 1874(t5)
core   0: 3 0x8000b8b2 (0x743f2923) mem 0x8000d000 0x00000001
core   0: 0x8000b8b6 (0x0000bfe5) c.j     pc - 8
core   0: 3 0x8000b8b6 (0xbfe5)
core   0: 0x8000b8ae (0x00001f17) auipc   t5, 0x1
core   0: 3 0x8000b8ae (0x00001f17) x30 0x8000c8ae
core   0: 0x8000b8b2 (0x743f2923) sw      gp, 1874(t5)
core   0: 3 0x8000b8b2 (0x743f2923) mem 0x8000d000 0x00000001
core   0: 0x8000b8b6 (0x0000bfe5) c.j     pc - 8
core   0: 3 0x8000b8b6 (0xbfe5)
core   0: 0x8000b8ae (0x00001f17) auipc   t5, 0x1
core   0: 3 0x8000b8ae (0x00001f17) x30 0x8000c8ae
core   0: 0x8000b8b2 (0x743f2923) sw      gp, 1874(t5)
core   0: 3 0x8000b8b2 (0x743f2923) mem 0x8000d000 0x00000001
core   0: 0x8000b8b6 (0x0000bfe5) c.j     pc - 8
core   0: 3 0x8000b8b6 (0xbfe5)
core   0: 0x8000b8ae (0x00001f17) auipc   t5, 0x1
core   0: 3 0x8000b8ae (0x00001f17) x30 0x8000c8ae
core   0: 0x8000b8b2 (0x743f2923) sw      gp, 1874(t5)
core   0: 3 0x8000b8b2 (0x743f2923) mem 0x8000d000 0x00000001
core   0: 0x8000b8b6 (0x0000bfe5) c.j     pc - 8
core   0: 3 0x8000b8b6 (0xbfe5)
core   0: 0x8000b8ae (0x00001f17) auipc   t5, 0x1
core   0: 3 0x8000b8ae (0x00001f17) x30 0x8000c8ae
core   0: 0x8000b8b2 (0x743f2923) sw      gp, 1874(t5)
core   0: 3 0x8000b8b2 (0x743f2923) mem 0x8000d000 0x00000001
core   0: 0x8000b8b6 (0x0000bfe5) c.j     pc - 8
core   0: 3 0x8000b8b6 (0xbfe5)
core   0: 0x8000b8ae (0x00001f17) auipc   t5, 0x1
core   0: 3 0x8000b8ae (0x00001f17) x30 0x8000c8ae
core   0: 0x8000b8b2 (0x743f2923) sw      gp, 1874(t5)
core   0: 3 0x8000b8b2 (0x743f2923) mem 0x8000d000 0x00000001
core   0: 0x8000b8b6 (0x0000bfe5) c.j     pc - 8
core   0: 3 0x8000b8b6 (0xbfe5)
core   0: 0x8000b8ae (0x00001f17) auipc   t5, 0x1
core   0: 3 0x8000b8ae (0x00001f17) x30 0x8000c8ae
core   0: 0x8000b8b2 (0x743f2923) sw      gp, 1874(t5)
core   0: 3 0x8000b8b2 (0x743f2923) mem 0x8000d000 0x00000001
core   0: 0x8000b8b6 (0x0000bfe5) c.j     pc - 8
core   0: 3 0x8000b8b6 (0xbfe5)
core   0: 0x8000b8ae (0x00001f17) auipc   t5, 0x1
core   0: 3 0x8000b8ae (0x00001f17) x30 0x8000c8ae
core   0: 0x8000b8b2 (0x743f2923) sw      gp, 1874(t5)
core   0: 3 0x8000b8b2 (0x743f2923) mem 0x8000d000 0x00000001
core   0: 0x8000b8b6 (0x0000bfe5) c.j     pc - 8
core   0: 3 0x8000b8b6 (0xbfe5)
core   0: 0x8000b8ae (0x00001f17) auipc   t5, 0x1
core   0: 3 0x8000b8ae (0x00001f17) x30 0x8000c8ae
core   0: 0x8000b8b2 (0x743f2923) sw      gp, 1874(t5)
core   0: 3 0x8000b8b2 (0x743f2923) mem 0x8000d000 0x00000001
core   0: 0x8000b8b6 (0x0000bfe5) c.j     pc - 8
core   0: 3 0x8000b8b6 (0xbfe5)
core   0: 0x8000b8ae (0x00001f17) auipc   t5, 0x1
core   0: 3 0x8000b8ae (0x00001f17) x30 0x8000c8ae
core   0: 0x8000b8b2 (0x743f2923) sw      gp, 1874(t5)
core   0: 3 0x8000b8b2 (0x743f2923) mem 0x8000d000 0x00000001
core   0: 0x8000b8b6 (0x0000bfe5) c.j     pc - 8
core   0: 3 0x8000b8b6 (0xbfe5)
core   0: 0x8000b8ae (0x00001f17) auipc   t5, 0x1
core   0: 3 0x8000b8ae (0x00001f17) x30 0x8000c8ae
core   0: 0x8000b8b2 (0x743f2923) sw      gp, 1874(t5)
core   0: 3 0x8000b8b2 (0x743f2923) mem 0x8000d000 0x00000001
core   0: 0x8000b8b6 (0x0000bfe5) c.j     pc - 8
core   0: 3 0x8000b8b6 (0xbfe5)
core   0: 0x8000b8ae (0x00001f17) auipc   t5, 0x1
core   0: 3 0x8000b8ae (0x00001f17) x30 0x8000c8ae
core   0: 0x8000b8b2 (0x743f2923) sw      gp, 1874(t5)
core   0: 3 0x8000b8b2 (0x743f2923) mem 0x8000d000 0x00000001
core   0: 0x8000b8b6 (0x0000bfe5) c.j     pc - 8
core   0: 3 0x8000b8b6 (0xbfe5)
core   0: 0x8000b8ae (0x00001f17) auipc   t5, 0x1
core   0: 3 0x8000b8ae (0x00001f17) x30 0x8000c8ae
core   0: 0x8000b8b2 (0x743f2923) sw      gp, 1874(t5)
core   0: 3 0x8000b8b2 (0x743f2923) mem 0x8000d000 0x00000001
core   0: 0x8000b8b6 (0x0000bfe5) c.j     pc - 8
core   0: 3 0x8000b8b6 (0xbfe5)
core   0: 0x8000b8ae (0x00001f17) auipc   t5, 0x1
core   0: 3 0x8000b8ae (0x00001f17) x30 0x8000c8ae
core   0: 0x8000b8b2 (0x743f2923) sw      gp, 1874(t5)
core   0: 3 0x8000b8b2 (0x743f2923) mem 0x8000d000 0x00000001
core   0: 0x8000b8b6 (0x0000bfe5) c.j     pc - 8
core   0: 3 0x8000b8b6 (0xbfe5)
core   0: 0x8000b8ae (0x00001f17) auipc   t5, 0x1
core   0: 3 0x8000b8ae (0x00001f17) x30 0x8000c8ae
core   0: 0x8000b8b2 (0x743f2923) sw      gp, 1874(t5)
core   0: 3 0x8000b8b2 (0x743f2923) mem 0x8000d000 0x00000001
core   0: 0x8000b8b6 (0x0000bfe5) c.j     pc - 8
core   0: 3 0x8000b8b6 (0xbfe5)
core   0: 0x8000b8ae (0x00001f17) auipc   t5, 0x1
core   0: 3 0x8000b8ae (0x00001f17) x30 0x8000c8ae
core   0: 0x8000b8b2 (0x743f2923) sw      gp, 1874(t5)
core   0: 3 0x8000b8b2 (0x743f2923) mem 0x8000d000 0x00000001
core   0: 0x8000b8b6 (0x0000bfe5) c.j     pc - 8
core   0: 3 0x8000b8b6 (0xbfe5)
core   0: 0x8000b8ae (0x00001f17) auipc   t5, 0x1
core   0: 3 0x8000b8ae (0x00001f17) x30 0x8000c8ae
core   0: 0x8000b8b2 (0x743f2923) sw      gp, 1874(t5)
core   0: 3 0x8000b8b2 (0x743f2923) mem 0x8000d000 0x00000001
core   0: 0x8000b8b6 (0x0000bfe5) c.j     pc - 8
core   0: 3 0x8000b8b6 (0xbfe5)
core   0: 0x8000b8ae (0x00001f17) auipc   t5, 0x1
core   0: 3 0x8000b8ae (0x00001f17) x30 0x8000c8ae
core   0: 0x8000b8b2 (0x743f2923) sw      gp, 1874(t5)
core   0: 3 0x8000b8b2 (0x743f2923) mem 0x8000d000 0x00000001
core   0: 0x8000b8b6 (0x0000bfe5) c.j     pc - 8
core   0: 3 0x8000b8b6 (0xbfe5)
core   0: 0x8000b8ae (0x00001f17) auipc   t5, 0x1
core   0: 3 0x8000b8ae (0x00001f17) x30 0x8000c8ae
core   0: 0x8000b8b2 (0x743f2923) sw      gp, 1874(t5)
core   0: 3 0x8000b8b2 (0x743f2923) mem 0x8000d000 0x00000001
core   0: 0x8000b8b6 (0x0000bfe5) c.j     pc - 8
core   0: 3 0x8000b8b6 (0xbfe5)
core   0: 0x8000b8ae (0x00001f17) auipc   t5, 0x1
core   0: 3 0x8000b8ae (0x00001f17) x30 0x8000c8ae
core   0: 0x8000b8b2 (0x743f2923) sw      gp, 1874(t5)
core   0: 3 0x8000b8b2 (0x743f2923) mem 0x8000d000 0x00000001
core   0: 0x8000b8b6 (0x0000bfe5) c.j     pc - 8
core   0: 3 0x8000b8b6 (0xbfe5)
core   0: 0x8000b8ae (0x00001f17) auipc   t5, 0x1
core   0: 3 0x8000b8ae (0x00001f17) x30 0x8000c8ae
core   0: 0x8000b8b2 (0x743f2923) sw      gp, 1874(t5)
core   0: 3 0x8000b8b2 (0x743f2923) mem 0x8000d000 0x00000001
core   0: 0x8000b8b6 (0x0000bfe5) c.j     pc - 8
core   0: 3 0x8000b8b6 (0xbfe5)
core   0: 0x8000b8ae (0x00001f17) auipc   t5, 0x1
core   0: 3 0x8000b8ae (0x00001f17) x30 0x8000c8ae
core   0: 0x8000b8b2 (0x743f2923) sw      gp, 1874(t5)
core   0: 3 0x8000b8b2 (0x743f2923) mem 0x8000d000 0x00000001
core   0: 0x8000b8b6 (0x0000bfe5) c.j     pc - 8
core   0: 3 0x8000b8b6 (0xbfe5)
core   0: 0x8000b8ae (0x00001f17) auipc   t5, 0x1
core   0: 3 0x8000b8ae (0x00001f17) x30 0x8000c8ae
core   0: 0x8000b8b2 (0x743f2923) sw      gp, 1874(t5)
core   0: 3 0x8000b8b2 (0x743f2923) mem 0x8000d000 0x00000001
core   0: 0x8000b8b6 (0x0000bfe5) c.j     pc - 8
core   0: 3 0x8000b8b6 (0xbfe5)
core   0: 0x8000b8ae (0x00001f17) auipc   t5, 0x1
core   0: 3 0x8000b8ae (0x00001f17) x30 0x8000c8ae
core   0: 0x8000b8b2 (0x743f2923) sw      gp, 1874(t5)
core   0: 3 0x8000b8b2 (0x743f2923) mem 0x8000d000 0x00000001
core   0: 0x8000b8b6 (0x0000bfe5) c.j     pc - 8
core   0: 3 0x8000b8b6 (0xbfe5)
core   0: 0x8000b8ae (0x00001f17) auipc   t5, 0x1
core   0: 3 0x8000b8ae (0x00001f17) x30 0x8000c8ae
core   0: 0x8000b8b2 (0x743f2923) sw      gp, 1874(t5)
core   0: 3 0x8000b8b2 (0x743f2923) mem 0x8000d000 0x00000001
core   0: 0x8000b8b6 (0x0000bfe5) c.j     pc - 8
core   0: 3 0x8000b8b6 (0xbfe5)
core   0: 0x8000b8ae (0x00001f17) auipc   t5, 0x1
core   0: 3 0x8000b8ae (0x00001f17) x30 0x8000c8ae
core   0: 0x8000b8b2 (0x743f2923) sw      gp, 1874(t5)
core   0: 3 0x8000b8b2 (0x743f2923) mem 0x8000d000 0x00000001
core   0: 0x8000b8b6 (0x0000bfe5) c.j     pc - 8
core   0: 3 0x8000b8b6 (0xbfe5)
core   0: 0x8000b8ae (0x00001f17) auipc   t5, 0x1
core   0: 3 0x8000b8ae (0x00001f17) x30 0x8000c8ae
core   0: 0x8000b8b2 (0x743f2923) sw      gp, 1874(t5)
core   0: 3 0x8000b8b2 (0x743f2923) mem 0x8000d000 0x00000001
core   0: 0x8000b8b6 (0x0000bfe5) c.j     pc - 8
core   0: 3 0x8000b8b6 (0xbfe5)
core   0: 0x8000b8ae (0x00001f17) auipc   t5, 0x1
core   0: 3 0x8000b8ae (0x00001f17) x30 0x8000c8ae
core   0: 0x8000b8b2 (0x743f2923) sw      gp, 1874(t5)
core   0: 3 0x8000b8b2 (0x743f2923) mem 0x8000d000 0x00000001
core   0: 0x8000b8b6 (0x0000bfe5) c.j     pc - 8
core   0: 3 0x8000b8b6 (0xbfe5)
core   0: 0x8000b8ae (0x00001f17) auipc   t5, 0x1
core   0: 3 0x8000b8ae (0x00001f17) x30 0x8000c8ae
core   0: 0x8000b8b2 (0x743f2923) sw      gp, 1874(t5)
core   0: 3 0x8000b8b2 (0x743f2923) mem 0x8000d000 0x00000001
core   0: 0x8000b8b6 (0x0000bfe5) c.j     pc - 8
core   0: 3 0x8000b8b6 (0xbfe5)
core   0: 0x8000b8ae (0x00001f17) auipc   t5, 0x1
core   0: 3 0x8000b8ae (0x00001f17) x30 0x8000c8ae
core   0: 0x8000b8b2 (0x743f2923) sw      gp, 1874(t5)
core   0: 3 0x8000b8b2 (0x743f2923) mem 0x8000d000 0x00000001
core   0: 0x8000b8b6 (0x0000bfe5) c.j     pc - 8
core   0: 3 0x8000b8b6 (0xbfe5)
core   0: 0x8000b8ae (0x00001f17) auipc   t5, 0x1
core   0: 3 0x8000b8ae (0x00001f17) x30 0x8000c8ae
core   0: 0x8000b8b2 (0x743f2923) sw      gp, 1874(t5)
core   0: 3 0x8000b8b2 (0x743f2923) mem 0x8000d000 0x00000001
core   0: 0x8000b8b6 (0x0000bfe5) c.j     pc - 8
core   0: 3 0x8000b8b6 (0xbfe5)
core   0: 0x8000b8ae (0x00001f17) auipc   t5, 0x1
core   0: 3 0x8000b8ae (0x00001f17) x30 0x8000c8ae
core   0: 0x8000b8b2 (0x743f2923) sw      gp, 1874(t5)
core   0: 3 0x8000b8b2 (0x743f2923) mem 0x8000d000 0x00000001
core   0: 0x8000b8b6 (0x0000bfe5) c.j     pc - 8
core   0: 3 0x8000b8b6 (0xbfe5)
core   0: 0x8000b8ae (0x00001f17) auipc   t5, 0x1
core   0: 3 0x8000b8ae (0x00001f17) x30 0x8000c8ae
core   0: 0x8000b8b2 (0x743f2923) sw      gp, 1874(t5)
core   0: 3 0x8000b8b2 (0x743f2923) mem 0x8000d000 0x00000001
core   0: 0x8000b8b6 (0x0000bfe5) c.j     pc - 8
core   0: 3 0x8000b8b6 (0xbfe5)
core   0: 0x8000b8ae (0x00001f17) auipc   t5, 0x1
core   0: 3 0x8000b8ae (0x00001f17) x30 0x8000c8ae
core   0: 0x8000b8b2 (0x743f2923) sw      gp, 1874(t5)
core   0: 3 0x8000b8b2 (0x743f2923) mem 0x8000d000 0x00000001
core   0: 0x8000b8b6 (0x0000bfe5) c.j     pc - 8
core   0: 3 0x8000b8b6 (0xbfe5)
core   0: 0x8000b8ae (0x00001f17) auipc   t5, 0x1
core   0: 3 0x8000b8ae (0x00001f17) x30 0x8000c8ae
core   0: 0x8000b8b2 (0x743f2923) sw      gp, 1874(t5)
core   0: 3 0x8000b8b2 (0x743f2923) mem 0x8000d000 0x00000001
core   0: 0x8000b8b6 (0x0000bfe5) c.j     pc - 8
core   0: 3 0x8000b8b6 (0xbfe5)
core   0: 0x8000b8ae (0x00001f17) auipc   t5, 0x1
core   0: 3 0x8000b8ae (0x00001f17) x30 0x8000c8ae
core   0: 0x8000b8b2 (0x743f2923) sw      gp, 1874(t5)
core   0: 3 0x8000b8b2 (0x743f2923) mem 0x8000d000 0x00000001
core   0: 0x8000b8b6 (0x0000bfe5) c.j     pc - 8
core   0: 3 0x8000b8b6 (0xbfe5)
core   0: 0x8000b8ae (0x00001f17) auipc   t5, 0x1
core   0: 3 0x8000b8ae (0x00001f17) x30 0x8000c8ae
core   0: 0x8000b8b2 (0x743f2923) sw      gp, 1874(t5)
core   0: 3 0x8000b8b2 (0x743f2923) mem 0x8000d000 0x00000001
core   0: 0x8000b8b6 (0x0000bfe5) c.j     pc - 8
core   0: 3 0x8000b8b6 (0xbfe5)
core   0: 0x8000b8ae (0x00001f17) auipc   t5, 0x1
core   0: 3 0x8000b8ae (0x00001f17) x30 0x8000c8ae
core   0: 0x8000b8b2 (0x743f2923) sw      gp, 1874(t5)
core   0: 3 0x8000b8b2 (0x743f2923) mem 0x8000d000 0x00000001
core   0: 0x8000b8b6 (0x0000bfe5) c.j     pc - 8
core   0: 3 0x8000b8b6 (0xbfe5)
core   0: 0x8000b8ae (0x00001f17) auipc   t5, 0x1
core   0: 3 0x8000b8ae (0x00001f17) x30 0x8000c8ae
core   0: 0x8000b8b2 (0x743f2923) sw      gp, 1874(t5)
core   0: 3 0x8000b8b2 (0x743f2923) mem 0x8000d000 0x00000001
core   0: 0x8000b8b6 (0x0000bfe5) c.j     pc - 8
core   0: 3 0x8000b8b6 (0xbfe5)
core   0: 0x8000b8ae (0x00001f17) auipc   t5, 0x1
core   0: 3 0x8000b8ae (0x00001f17) x30 0x8000c8ae
core   0: 0x8000b8b2 (0x743f2923) sw      gp, 1874(t5)
core   0: 3 0x8000b8b2 (0x743f2923) mem 0x8000d000 0x00000001
core   0: 0x8000b8b6 (0x0000bfe5) c.j     pc - 8
core   0: 3 0x8000b8b6 (0xbfe5)
core   0: 0x8000b8ae (0x00001f17) auipc   t5, 0x1
core   0: 3 0x8000b8ae (0x00001f17) x30 0x8000c8ae
core   0: 0x8000b8b2 (0x743f2923) sw      gp, 1874(t5)
core   0: 3 0x8000b8b2 (0x743f2923) mem 0x8000d000 0x00000001
core   0: 0x8000b8b6 (0x0000bfe5) c.j     pc - 8
core   0: 3 0x8000b8b6 (0xbfe5)
core   0: 0x8000b8ae (0x00001f17) auipc   t5, 0x1
core   0: 3 0x8000b8ae (0x00001f17) x30 0x8000c8ae
core   0: 0x8000b8b2 (0x743f2923) sw      gp, 1874(t5)
core   0: 3 0x8000b8b2 (0x743f2923) mem 0x8000d000 0x00000001
core   0: 0x8000b8b6 (0x0000bfe5) c.j     pc - 8
core   0: 3 0x8000b8b6 (0xbfe5)
core   0: 0x8000b8ae (0x00001f17) auipc   t5, 0x1
core   0: 3 0x8000b8ae (0x00001f17) x30 0x8000c8ae
core   0: 0x8000b8b2 (0x743f2923) sw      gp, 1874(t5)
core   0: 3 0x8000b8b2 (0x743f2923) mem 0x8000d000 0x00000001
core   0: 0x8000b8b6 (0x0000bfe5) c.j     pc - 8
core   0: 3 0x8000b8b6 (0xbfe5)
core   0: 0x8000b8ae (0x00001f17) auipc   t5, 0x1
core   0: 3 0x8000b8ae (0x00001f17) x30 0x8000c8ae
core   0: 0x8000b8b2 (0x743f2923) sw      gp, 1874(t5)
core   0: 3 0x8000b8b2 (0x743f2923) mem 0x8000d000 0x00000001
core   0: 0x8000b8b6 (0x0000bfe5) c.j     pc - 8
core   0: 3 0x8000b8b6 (0xbfe5)
core   0: 0x8000b8ae (0x00001f17) auipc   t5, 0x1
core   0: 3 0x8000b8ae (0x00001f17) x30 0x8000c8ae
core   0: 0x8000b8b2 (0x743f2923) sw      gp, 1874(t5)
core   0: 3 0x8000b8b2 (0x743f2923) mem 0x8000d000 0x00000001
core   0: 0x8000b8b6 (0x0000bfe5) c.j     pc - 8
core   0: 3 0x8000b8b6 (0xbfe5)
core   0: 0x8000b8ae (0x00001f17) auipc   t5, 0x1
core   0: 3 0x8000b8ae (0x00001f17) x30 0x8000c8ae
core   0: 0x8000b8b2 (0x743f2923) sw      gp, 1874(t5)
core   0: 3 0x8000b8b2 (0x743f2923) mem 0x8000d000 0x00000001
core   0: 0x8000b8b6 (0x0000bfe5) c.j     pc - 8
core   0: 3 0x8000b8b6 (0xbfe5)
core   0: 0x8000b8ae (0x00001f17) auipc   t5, 0x1
core   0: 3 0x8000b8ae (0x00001f17) x30 0x8000c8ae
core   0: 0x8000b8b2 (0x743f2923) sw      gp, 1874(t5)
core   0: 3 0x8000b8b2 (0x743f2923) mem 0x8000d000 0x00000001
core   0: 0x8000b8b6 (0x0000bfe5) c.j     pc - 8
core   0: 3 0x8000b8b6 (0xbfe5)
core   0: 0x8000b8ae (0x00001f17) auipc   t5, 0x1
core   0: 3 0x8000b8ae (0x00001f17) x30 0x8000c8ae
core   0: 0x8000b8b2 (0x743f2923) sw      gp, 1874(t5)
core   0: 3 0x8000b8b2 (0x743f2923) mem 0x8000d000 0x00000001
core   0: 0x8000b8b6 (0x0000bfe5) c.j     pc - 8
core   0: 3 0x8000b8b6 (0xbfe5)
core   0: 0x8000b8ae (0x00001f17) auipc   t5, 0x1
core   0: 3 0x8000b8ae (0x00001f17) x30 0x8000c8ae
core   0: 0x8000b8b2 (0x743f2923) sw      gp, 1874(t5)
core   0: 3 0x8000b8b2 (0x743f2923) mem 0x8000d000 0x00000001
core   0: 0x8000b8b6 (0x0000bfe5) c.j     pc - 8
core   0: 3 0x8000b8b6 (0xbfe5)
core   0: 0x8000b8ae (0x00001f17) auipc   t5, 0x1
core   0: 3 0x8000b8ae (0x00001f17) x30 0x8000c8ae
core   0: 0x8000b8b2 (0x743f2923) sw      gp, 1874(t5)
core   0: 3 0x8000b8b2 (0x743f2923) mem 0x8000d000 0x00000001
core   0: 0x8000b8b6 (0x0000bfe5) c.j     pc - 8
core   0: 3 0x8000b8b6 (0xbfe5)
core   0: 0x8000b8ae (0x00001f17) auipc   t5, 0x1
core   0: 3 0x8000b8ae (0x00001f17) x30 0x8000c8ae
core   0: 0x8000b8b2 (0x743f2923) sw      gp, 1874(t5)
core   0: 3 0x8000b8b2 (0x743f2923) mem 0x8000d000 0x00000001
core   0: 0x8000b8b6 (0x0000bfe5) c.j     pc - 8
core   0: 3 0x8000b8b6 (0xbfe5)
core   0: 0x8000b8ae (0x00001f17) auipc   t5, 0x1
core   0: 3 0x8000b8ae (0x00001f17) x30 0x8000c8ae
core   0: 0x8000b8b2 (0x743f2923) sw      gp, 1874(t5)
core   0: 3 0x8000b8b2 (0x743f2923) mem 0x8000d000 0x00000001
core   0: 0x8000b8b6 (0x0000bfe5) c.j     pc - 8
core   0: 3 0x8000b8b6 (0xbfe5)
core   0: 0x8000b8ae (0x00001f17) auipc   t5, 0x1
core   0: 3 0x8000b8ae (0x00001f17) x30 0x8000c8ae
core   0: 0x8000b8b2 (0x743f2923) sw      gp, 1874(t5)
core   0: 3 0x8000b8b2 (0x743f2923) mem 0x8000d000 0x00000001
core   0: 0x8000b8b6 (0x0000bfe5) c.j     pc - 8
core   0: 3 0x8000b8b6 (0xbfe5)
core   0: 0x8000b8ae (0x00001f17) auipc   t5, 0x1
core   0: 3 0x8000b8ae (0x00001f17) x30 0x8000c8ae
core   0: 0x8000b8b2 (0x743f2923) sw      gp, 1874(t5)
core   0: 3 0x8000b8b2 (0x743f2923) mem 0x8000d000 0x00000001
core   0: 0x8000b8b6 (0x0000bfe5) c.j     pc - 8
core   0: 3 0x8000b8b6 (0xbfe5)
core   0: 0x8000b8ae (0x00001f17) auipc   t5, 0x1
core   0: 3 0x8000b8ae (0x00001f17) x30 0x8000c8ae
core   0: 0x8000b8b2 (0x743f2923) sw      gp, 1874(t5)
core   0: 3 0x8000b8b2 (0x743f2923) mem 0x8000d000 0x00000001
core   0: 0x8000b8b6 (0x0000bfe5) c.j     pc - 8
core   0: 3 0x8000b8b6 (0xbfe5)
core   0: 0x8000b8ae (0x00001f17) auipc   t5, 0x1
core   0: 3 0x8000b8ae (0x00001f17) x30 0x8000c8ae
core   0: 0x8000b8b2 (0x743f2923) sw      gp, 1874(t5)
core   0: 3 0x8000b8b2 (0x743f2923) mem 0x8000d000 0x00000001
core   0: 0x8000b8b6 (0x0000bfe5) c.j     pc - 8
core   0: 3 0x8000b8b6 (0xbfe5)
core   0: 0x8000b8ae (0x00001f17) auipc   t5, 0x1
core   0: 3 0x8000b8ae (0x00001f17) x30 0x8000c8ae
core   0: 0x8000b8b2 (0x743f2923) sw      gp, 1874(t5)
core   0: 3 0x8000b8b2 (0x743f2923) mem 0x8000d000 0x00000001
core   0: 0x8000b8b6 (0x0000bfe5) c.j     pc - 8
core   0: 3 0x8000b8b6 (0xbfe5)
core   0: 0x8000b8ae (0x00001f17) auipc   t5, 0x1
core   0: 3 0x8000b8ae (0x00001f17) x30 0x8000c8ae
core   0: 0x8000b8b2 (0x743f2923) sw      gp, 1874(t5)
core   0: 3 0x8000b8b2 (0x743f2923) mem 0x8000d000 0x00000001
core   0: 0x8000b8b6 (0x0000bfe5) c.j     pc - 8
core   0: 3 0x8000b8b6 (0xbfe5)
core   0: 0x8000b8ae (0x00001f17) auipc   t5, 0x1
core   0: 3 0x8000b8ae (0x00001f17) x30 0x8000c8ae
core   0: 0x8000b8b2 (0x743f2923) sw      gp, 1874(t5)
core   0: 3 0x8000b8b2 (0x743f2923) mem 0x8000d000 0x00000001
core   0: 0x8000b8b6 (0x0000bfe5) c.j     pc - 8
core   0: 3 0x8000b8b6 (0xbfe5)
core   0: 0x8000b8ae (0x00001f17) auipc   t5, 0x1
core   0: 3 0x8000b8ae (0x00001f17) x30 0x8000c8ae
core   0: 0x8000b8b2 (0x743f2923) sw      gp, 1874(t5)
core   0: 3 0x8000b8b2 (0x743f2923) mem 0x8000d000 0x00000001
core   0: 0x8000b8b6 (0x0000bfe5) c.j     pc - 8
core   0: 3 0x8000b8b6 (0xbfe5)
core   0: 0x8000b8ae (0x00001f17) auipc   t5, 0x1
core   0: 3 0x8000b8ae (0x00001f17) x30 0x8000c8ae
core   0: 0x8000b8b2 (0x743f2923) sw      gp, 1874(t5)
core   0: 3 0x8000b8b2 (0x743f2923) mem 0x8000d000 0x00000001
core   0: 0x8000b8b6 (0x0000bfe5) c.j     pc - 8
core   0: 3 0x8000b8b6 (0xbfe5)
core   0: 0x8000b8ae (0x00001f17) auipc   t5, 0x1
core   0: 3 0x8000b8ae (0x00001f17) x30 0x8000c8ae
core   0: 0x8000b8b2 (0x743f2923) sw      gp, 1874(t5)
core   0: 3 0x8000b8b2 (0x743f2923) mem 0x8000d000 0x00000001
core   0: 0x8000b8b6 (0x0000bfe5) c.j     pc - 8
core   0: 3 0x8000b8b6 (0xbfe5)
core   0: 0x8000b8ae (0x00001f17) auipc   t5, 0x1
core   0: 3 0x8000b8ae (0x00001f17) x30 0x8000c8ae
core   0: 0x8000b8b2 (0x743f2923) sw      gp, 1874(t5)
core   0: 3 0x8000b8b2 (0x743f2923) mem 0x8000d000 0x00000001
core   0: 0x8000b8b6 (0x0000bfe5) c.j     pc - 8
core   0: 3 0x8000b8b6 (0xbfe5)
core   0: 0x8000b8ae (0x00001f17) auipc   t5, 0x1
core   0: 3 0x8000b8ae (0x00001f17) x30 0x8000c8ae
core   0: 0x8000b8b2 (0x743f2923) sw      gp, 1874(t5)
core   0: 3 0x8000b8b2 (0x743f2923) mem 0x8000d000 0x00000001
core   0: 0x8000b8b6 (0x0000bfe5) c.j     pc - 8
core   0: 3 0x8000b8b6 (0xbfe5)
core   0: 0x8000b8ae (0x00001f17) auipc   t5, 0x1
core   0: 3 0x8000b8ae (0x00001f17) x30 0x8000c8ae
core   0: 0x8000b8b2 (0x743f2923) sw      gp, 1874(t5)
core   0: 3 0x8000b8b2 (0x743f2923) mem 0x8000d000 0x00000001
core   0: 0x8000b8b6 (0x0000bfe5) c.j     pc - 8
core   0: 3 0x8000b8b6 (0xbfe5)
core   0: 0x8000b8ae (0x00001f17) auipc   t5, 0x1
core   0: 3 0x8000b8ae (0x00001f17) x30 0x8000c8ae
core   0: 0x8000b8b2 (0x743f2923) sw      gp, 1874(t5)
core   0: 3 0x8000b8b2 (0x743f2923) mem 0x8000d000 0x00000001
core   0: 0x8000b8b6 (0x0000bfe5) c.j     pc - 8
core   0: 3 0x8000b8b6 (0xbfe5)
core   0: 0x8000b8ae (0x00001f17) auipc   t5, 0x1
core   0: 3 0x8000b8ae (0x00001f17) x30 0x8000c8ae
core   0: 0x8000b8b2 (0x743f2923) sw      gp, 1874(t5)
core   0: 3 0x8000b8b2 (0x743f2923) mem 0x8000d000 0x00000001
core   0: 0x8000b8b6 (0x0000bfe5) c.j     pc - 8
core   0: 3 0x8000b8b6 (0xbfe5)
core   0: 0x8000b8ae (0x00001f17) auipc   t5, 0x1
core   0: 3 0x8000b8ae (0x00001f17) x30 0x8000c8ae
core   0: 0x8000b8b2 (0x743f2923) sw      gp, 1874(t5)
core   0: 3 0x8000b8b2 (0x743f2923) mem 0x8000d000 0x00000001
core   0: 0x8000b8b6 (0x0000bfe5) c.j     pc - 8
core   0: 3 0x8000b8b6 (0xbfe5)
core   0: 0x8000b8ae (0x00001f17) auipc   t5, 0x1
core   0: 3 0x8000b8ae (0x00001f17) x30 0x8000c8ae
core   0: 0x8000b8b2 (0x743f2923) sw      gp, 1874(t5)
core   0: 3 0x8000b8b2 (0x743f2923) mem 0x8000d000 0x00000001
core   0: 0x8000b8b6 (0x0000bfe5) c.j     pc - 8
core   0: 3 0x8000b8b6 (0xbfe5)
core   0: 0x8000b8ae (0x00001f17) auipc   t5, 0x1
core   0: 3 0x8000b8ae (0x00001f17) x30 0x8000c8ae
core   0: 0x8000b8b2 (0x743f2923) sw      gp, 1874(t5)
core   0: 3 0x8000b8b2 (0x743f2923) mem 0x8000d000 0x00000001
core   0: 0x8000b8b6 (0x0000bfe5) c.j     pc - 8
core   0: 3 0x8000b8b6 (0xbfe5)
core   0: 0x8000b8ae (0x00001f17) auipc   t5, 0x1
core   0: 3 0x8000b8ae (0x00001f17) x30 0x8000c8ae
core   0: 0x8000b8b2 (0x743f2923) sw      gp, 1874(t5)
core   0: 3 0x8000b8b2 (0x743f2923) mem 0x8000d000 0x00000001
core   0: 0x8000b8b6 (0x0000bfe5) c.j     pc - 8
core   0: 3 0x8000b8b6 (0xbfe5)
core   0: 0x8000b8ae (0x00001f17) auipc   t5, 0x1
core   0: 3 0x8000b8ae (0x00001f17) x30 0x8000c8ae
core   0: 0x8000b8b2 (0x743f2923) sw      gp, 1874(t5)
core   0: 3 0x8000b8b2 (0x743f2923) mem 0x8000d000 0x00000001
core   0: 0x8000b8b6 (0x0000bfe5) c.j     pc - 8
core   0: 3 0x8000b8b6 (0xbfe5)
core   0: 0x8000b8ae (0x00001f17) auipc   t5, 0x1
core   0: 3 0x8000b8ae (0x00001f17) x30 0x8000c8ae
core   0: 0x8000b8b2 (0x743f2923) sw      gp, 1874(t5)
core   0: 3 0x8000b8b2 (0x743f2923) mem 0x8000d000 0x00000001
core   0: 0x8000b8b6 (0x0000bfe5) c.j     pc - 8
core   0: 3 0x8000b8b6 (0xbfe5)
core   0: 0x8000b8ae (0x00001f17) auipc   t5, 0x1
core   0: 3 0x8000b8ae (0x00001f17) x30 0x8000c8ae
core   0: 0x8000b8b2 (0x743f2923) sw      gp, 1874(t5)
core   0: 3 0x8000b8b2 (0x743f2923) mem 0x8000d000 0x00000001
core   0: 0x8000b8b6 (0x0000bfe5) c.j     pc - 8
core   0: 3 0x8000b8b6 (0xbfe5)
core   0: 0x8000b8ae (0x00001f17) auipc   t5, 0x1
core   0: 3 0x8000b8ae (0x00001f17) x30 0x8000c8ae
core   0: 0x8000b8b2 (0x743f2923) sw      gp, 1874(t5)
core   0: 3 0x8000b8b2 (0x743f2923) mem 0x8000d000 0x00000001
core   0: 0x8000b8b6 (0x0000bfe5) c.j     pc - 8
core   0: 3 0x8000b8b6 (0xbfe5)
core   0: 0x8000b8ae (0x00001f17) auipc   t5, 0x1
core   0: 3 0x8000b8ae (0x00001f17) x30 0x8000c8ae
core   0: 0x8000b8b2 (0x743f2923) sw      gp, 1874(t5)
core   0: 3 0x8000b8b2 (0x743f2923) mem 0x8000d000 0x00000001
core   0: 0x8000b8b6 (0x0000bfe5) c.j     pc - 8
core   0: 3 0x8000b8b6 (0xbfe5)
core   0: 0x8000b8ae (0x00001f17) auipc   t5, 0x1
core   0: 3 0x8000b8ae (0x00001f17) x30 0x8000c8ae
core   0: 0x8000b8b2 (0x743f2923) sw      gp, 1874(t5)
core   0: 3 0x8000b8b2 (0x743f2923) mem 0x8000d000 0x00000001
core   0: 0x8000b8b6 (0x0000bfe5) c.j     pc - 8
core   0: 3 0x8000b8b6 (0xbfe5)
core   0: 0x8000b8ae (0x00001f17) auipc   t5, 0x1
core   0: 3 0x8000b8ae (0x00001f17) x30 0x8000c8ae
core   0: 0x8000b8b2 (0x743f2923) sw      gp, 1874(t5)
core   0: 3 0x8000b8b2 (0x743f2923) mem 0x8000d000 0x00000001
core   0: 0x8000b8b6 (0x0000bfe5) c.j     pc - 8
core   0: 3 0x8000b8b6 (0xbfe5)
core   0: 0x8000b8ae (0x00001f17) auipc   t5, 0x1
core   0: 3 0x8000b8ae (0x00001f17) x30 0x8000c8ae
core   0: 0x8000b8b2 (0x743f2923) sw      gp, 1874(t5)
core   0: 3 0x8000b8b2 (0x743f2923) mem 0x8000d000 0x00000001
core   0: 0x8000b8b6 (0x0000bfe5) c.j     pc - 8
core   0: 3 0x8000b8b6 (0xbfe5)
core   0: 0x8000b8ae (0x00001f17) auipc   t5, 0x1
core   0: 3 0x8000b8ae (0x00001f17) x30 0x8000c8ae
core   0: 0x8000b8b2 (0x743f2923) sw      gp, 1874(t5)
core   0: 3 0x8000b8b2 (0x743f2923) mem 0x8000d000 0x00000001
core   0: 0x8000b8b6 (0x0000bfe5) c.j     pc - 8
core   0: 3 0x8000b8b6 (0xbfe5)
core   0: 0x8000b8ae (0x00001f17) auipc   t5, 0x1
core   0: 3 0x8000b8ae (0x00001f17) x30 0x8000c8ae
core   0: 0x8000b8b2 (0x743f2923) sw      gp, 1874(t5)
core   0: 3 0x8000b8b2 (0x743f2923) mem 0x8000d000 0x00000001
core   0: 0x8000b8b6 (0x0000bfe5) c.j     pc - 8
core   0: 3 0x8000b8b6 (0xbfe5)
core   0: 0x8000b8ae (0x00001f17) auipc   t5, 0x1
core   0: 3 0x8000b8ae (0x00001f17) x30 0x8000c8ae
core   0: 0x8000b8b2 (0x743f2923) sw      gp, 1874(t5)
core   0: 3 0x8000b8b2 (0x743f2923) mem 0x8000d000 0x00000001
core   0: 0x8000b8b6 (0x0000bfe5) c.j     pc - 8
core   0: 3 0x8000b8b6 (0xbfe5)
core   0: 0x8000b8ae (0x00001f17) auipc   t5, 0x1
core   0: 3 0x8000b8ae (0x00001f17) x30 0x8000c8ae
core   0: 0x8000b8b2 (0x743f2923) sw      gp, 1874(t5)
core   0: 3 0x8000b8b2 (0x743f2923) mem 0x8000d000 0x00000001
core   0: 0x8000b8b6 (0x0000bfe5) c.j     pc - 8
core   0: 3 0x8000b8b6 (0xbfe5)
core   0: 0x8000b8ae (0x00001f17) auipc   t5, 0x1
core   0: 3 0x8000b8ae (0x00001f17) x30 0x8000c8ae
core   0: 0x8000b8b2 (0x743f2923) sw      gp, 1874(t5)
core   0: 3 0x8000b8b2 (0x743f2923) mem 0x8000d000 0x00000001
core   0: 0x8000b8b6 (0x0000bfe5) c.j     pc - 8
core   0: 3 0x8000b8b6 (0xbfe5)
core   0: 0x8000b8ae (0x00001f17) auipc   t5, 0x1
core   0: 3 0x8000b8ae (0x00001f17) x30 0x8000c8ae
core   0: 0x8000b8b2 (0x743f2923) sw      gp, 1874(t5)
core   0: 3 0x8000b8b2 (0x743f2923) mem 0x8000d000 0x00000001
core   0: 0x8000b8b6 (0x0000bfe5) c.j     pc - 8
core   0: 3 0x8000b8b6 (0xbfe5)
core   0: 0x8000b8ae (0x00001f17) auipc   t5, 0x1
core   0: 3 0x8000b8ae (0x00001f17) x30 0x8000c8ae
core   0: 0x8000b8b2 (0x743f2923) sw      gp, 1874(t5)
core   0: 3 0x8000b8b2 (0x743f2923) mem 0x8000d000 0x00000001
core   0: 0x8000b8b6 (0x0000bfe5) c.j     pc - 8
core   0: 3 0x8000b8b6 (0xbfe5)
core   0: 0x8000b8ae (0x00001f17) auipc   t5, 0x1
core   0: 3 0x8000b8ae (0x00001f17) x30 0x8000c8ae
core   0: 0x8000b8b2 (0x743f2923) sw      gp, 1874(t5)
core   0: 3 0x8000b8b2 (0x743f2923) mem 0x8000d000 0x00000001
core   0: 0x8000b8b6 (0x0000bfe5) c.j     pc - 8
core   0: 3 0x8000b8b6 (0xbfe5)
core   0: 0x8000b8ae (0x00001f17) auipc   t5, 0x1
core   0: 3 0x8000b8ae (0x00001f17) x30 0x8000c8ae
core   0: 0x8000b8b2 (0x743f2923) sw      gp, 1874(t5)
core   0: 3 0x8000b8b2 (0x743f2923) mem 0x8000d000 0x00000001
core   0: 0x8000b8b6 (0x0000bfe5) c.j     pc - 8
core   0: 3 0x8000b8b6 (0xbfe5)
core   0: 0x8000b8ae (0x00001f17) auipc   t5, 0x1
core   0: 3 0x8000b8ae (0x00001f17) x30 0x8000c8ae
core   0: 0x8000b8b2 (0x743f2923) sw      gp, 1874(t5)
core   0: 3 0x8000b8b2 (0x743f2923) mem 0x8000d000 0x00000001
core   0: 0x8000b8b6 (0x0000bfe5) c.j     pc - 8
core   0: 3 0x8000b8b6 (0xbfe5)
core   0: 0x8000b8ae (0x00001f17) auipc   t5, 0x1
core   0: 3 0x8000b8ae (0x00001f17) x30 0x8000c8ae
core   0: 0x8000b8b2 (0x743f2923) sw      gp, 1874(t5)
core   0: 3 0x8000b8b2 (0x743f2923) mem 0x8000d000 0x00000001
core   0: 0x8000b8b6 (0x0000bfe5) c.j     pc - 8
core   0: 3 0x8000b8b6 (0xbfe5)
core   0: 0x8000b8ae (0x00001f17) auipc   t5, 0x1
core   0: 3 0x8000b8ae (0x00001f17) x30 0x8000c8ae
core   0: 0x8000b8b2 (0x743f2923) sw      gp, 1874(t5)
core   0: 3 0x8000b8b2 (0x743f2923) mem 0x8000d000 0x00000001
core   0: 0x8000b8b6 (0x0000bfe5) c.j     pc - 8
core   0: 3 0x8000b8b6 (0xbfe5)
core   0: 0x8000b8ae (0x00001f17) auipc   t5, 0x1
core   0: 3 0x8000b8ae (0x00001f17) x30 0x8000c8ae
core   0: 0x8000b8b2 (0x743f2923) sw      gp, 1874(t5)
core   0: 3 0x8000b8b2 (0x743f2923) mem 0x8000d000 0x00000001
core   0: 0x8000b8b6 (0x0000bfe5) c.j     pc - 8
core   0: 3 0x8000b8b6 (0xbfe5)
core   0: 0x8000b8ae (0x00001f17) auipc   t5, 0x1
core   0: 3 0x8000b8ae (0x00001f17) x30 0x8000c8ae
core   0: 0x8000b8b2 (0x743f2923) sw      gp, 1874(t5)
core   0: 3 0x8000b8b2 (0x743f2923) mem 0x8000d000 0x00000001
core   0: 0x8000b8b6 (0x0000bfe5) c.j     pc - 8
core   0: 3 0x8000b8b6 (0xbfe5)
core   0: 0x8000b8ae (0x00001f17) auipc   t5, 0x1
core   0: 3 0x8000b8ae (0x00001f17) x30 0x8000c8ae
core   0: 0x8000b8b2 (0x743f2923) sw      gp, 1874(t5)
core   0: 3 0x8000b8b2 (0x743f2923) mem 0x8000d000 0x00000001
core   0: 0x8000b8b6 (0x0000bfe5) c.j     pc - 8
core   0: 3 0x8000b8b6 (0xbfe5)
core   0: 0x8000b8ae (0x00001f17) auipc   t5, 0x1
core   0: 3 0x8000b8ae (0x00001f17) x30 0x8000c8ae
core   0: 0x8000b8b2 (0x743f2923) sw      gp, 1874(t5)
core   0: 3 0x8000b8b2 (0x743f2923) mem 0x8000d000 0x00000001
core   0: 0x8000b8b6 (0x0000bfe5) c.j     pc - 8
core   0: 3 0x8000b8b6 (0xbfe5)
core   0: 0x8000b8ae (0x00001f17) auipc   t5, 0x1
core   0: 3 0x8000b8ae (0x00001f17) x30 0x8000c8ae
core   0: 0x8000b8b2 (0x743f2923) sw      gp, 1874(t5)
core   0: 3 0x8000b8b2 (0x743f2923) mem 0x8000d000 0x00000001
core   0: 0x8000b8b6 (0x0000bfe5) c.j     pc - 8
core   0: 3 0x8000b8b6 (0xbfe5)
core   0: 0x8000b8ae (0x00001f17) auipc   t5, 0x1
core   0: 3 0x8000b8ae (0x00001f17) x30 0x8000c8ae
core   0: 0x8000b8b2 (0x743f2923) sw      gp, 1874(t5)
core   0: 3 0x8000b8b2 (0x743f2923) mem 0x8000d000 0x00000001
core   0: 0x8000b8b6 (0x0000bfe5) c.j     pc - 8
core   0: 3 0x8000b8b6 (0xbfe5)
core   0: 0x8000b8ae (0x00001f17) auipc   t5, 0x1
core   0: 3 0x8000b8ae (0x00001f17) x30 0x8000c8ae
core   0: 0x8000b8b2 (0x743f2923) sw      gp, 1874(t5)
core   0: 3 0x8000b8b2 (0x743f2923) mem 0x8000d000 0x00000001
core   0: 0x8000b8b6 (0x0000bfe5) c.j     pc - 8
core   0: 3 0x8000b8b6 (0xbfe5)
core   0: 0x8000b8ae (0x00001f17) auipc   t5, 0x1
core   0: 3 0x8000b8ae (0x00001f17) x30 0x8000c8ae
core   0: 0x8000b8b2 (0x743f2923) sw      gp, 1874(t5)
core   0: 3 0x8000b8b2 (0x743f2923) mem 0x8000d000 0x00000001
core   0: 0x8000b8b6 (0x0000bfe5) c.j     pc - 8
core   0: 3 0x8000b8b6 (0xbfe5)
core   0: 0x8000b8ae (0x00001f17) auipc   t5, 0x1
core   0: 3 0x8000b8ae (0x00001f17) x30 0x8000c8ae
core   0: 0x8000b8b2 (0x743f2923) sw      gp, 1874(t5)
core   0: 3 0x8000b8b2 (0x743f2923) mem 0x8000d000 0x00000001
core   0: 0x8000b8b6 (0x0000bfe5) c.j     pc - 8
core   0: 3 0x8000b8b6 (0xbfe5)
core   0: 0x8000b8ae (0x00001f17) auipc   t5, 0x1
core   0: 3 0x8000b8ae (0x00001f17) x30 0x8000c8ae
core   0: 0x8000b8b2 (0x743f2923) sw      gp, 1874(t5)
core   0: 3 0x8000b8b2 (0x743f2923) mem 0x8000d000 0x00000001
core   0: 0x8000b8b6 (0x0000bfe5) c.j     pc - 8
core   0: 3 0x8000b8b6 (0xbfe5)
core   0: 0x8000b8ae (0x00001f17) auipc   t5, 0x1
core   0: 3 0x8000b8ae (0x00001f17) x30 0x8000c8ae
core   0: 0x8000b8b2 (0x743f2923) sw      gp, 1874(t5)
core   0: 3 0x8000b8b2 (0x743f2923) mem 0x8000d000 0x00000001
core   0: 0x8000b8b6 (0x0000bfe5) c.j     pc - 8
core   0: 3 0x8000b8b6 (0xbfe5)
core   0: 0x8000b8ae (0x00001f17) auipc   t5, 0x1
core   0: 3 0x8000b8ae (0x00001f17) x30 0x8000c8ae
core   0: 0x8000b8b2 (0x743f2923) sw      gp, 1874(t5)
core   0: 3 0x8000b8b2 (0x743f2923) mem 0x8000d000 0x00000001
core   0: 0x8000b8b6 (0x0000bfe5) c.j     pc - 8
core   0: 3 0x8000b8b6 (0xbfe5)
core   0: 0x8000b8ae (0x00001f17) auipc   t5, 0x1
core   0: 3 0x8000b8ae (0x00001f17) x30 0x8000c8ae
core   0: 0x8000b8b2 (0x743f2923) sw      gp, 1874(t5)
core   0: 3 0x8000b8b2 (0x743f2923) mem 0x8000d000 0x00000001
core   0: 0x8000b8b6 (0x0000bfe5) c.j     pc - 8
core   0: 3 0x8000b8b6 (0xbfe5)
core   0: 0x8000b8ae (0x00001f17) auipc   t5, 0x1
core   0: 3 0x8000b8ae (0x00001f17) x30 0x8000c8ae
core   0: 0x8000b8b2 (0x743f2923) sw      gp, 1874(t5)
core   0: 3 0x8000b8b2 (0x743f2923) mem 0x8000d000 0x00000001
core   0: 0x8000b8b6 (0x0000bfe5) c.j     pc - 8
core   0: 3 0x8000b8b6 (0xbfe5)
core   0: 0x8000b8ae (0x00001f17) auipc   t5, 0x1
core   0: 3 0x8000b8ae (0x00001f17) x30 0x8000c8ae
core   0: 0x8000b8b2 (0x743f2923) sw      gp, 1874(t5)
core   0: 3 0x8000b8b2 (0x743f2923) mem 0x8000d000 0x00000001
core   0: 0x8000b8b6 (0x0000bfe5) c.j     pc - 8
core   0: 3 0x8000b8b6 (0xbfe5)
core   0: 0x8000b8ae (0x00001f17) auipc   t5, 0x1
core   0: 3 0x8000b8ae (0x00001f17) x30 0x8000c8ae
core   0: 0x8000b8b2 (0x743f2923) sw      gp, 1874(t5)
core   0: 3 0x8000b8b2 (0x743f2923) mem 0x8000d000 0x00000001
core   0: 0x8000b8b6 (0x0000bfe5) c.j     pc - 8
core   0: 3 0x8000b8b6 (0xbfe5)
core   0: 0x8000b8ae (0x00001f17) auipc   t5, 0x1
core   0: 3 0x8000b8ae (0x00001f17) x30 0x8000c8ae
core   0: 0x8000b8b2 (0x743f2923) sw      gp, 1874(t5)
core   0: 3 0x8000b8b2 (0x743f2923) mem 0x8000d000 0x00000001
core   0: 0x8000b8b6 (0x0000bfe5) c.j     pc - 8
core   0: 3 0x8000b8b6 (0xbfe5)
core   0: 0x8000b8ae (0x00001f17) auipc   t5, 0x1
core   0: 3 0x8000b8ae (0x00001f17) x30 0x8000c8ae
core   0: 0x8000b8b2 (0x743f2923) sw      gp, 1874(t5)
core   0: 3 0x8000b8b2 (0x743f2923) mem 0x8000d000 0x00000001
core   0: 0x8000b8b6 (0x0000bfe5) c.j     pc - 8
core   0: 3 0x8000b8b6 (0xbfe5)
core   0: 0x8000b8ae (0x00001f17) auipc   t5, 0x1
core   0: 3 0x8000b8ae (0x00001f17) x30 0x8000c8ae
core   0: 0x8000b8b2 (0x743f2923) sw      gp, 1874(t5)
core   0: 3 0x8000b8b2 (0x743f2923) mem 0x8000d000 0x00000001
core   0: 0x8000b8b6 (0x0000bfe5) c.j     pc - 8
core   0: 3 0x8000b8b6 (0xbfe5)
core   0: 0x8000b8ae (0x00001f17) auipc   t5, 0x1
core   0: 3 0x8000b8ae (0x00001f17) x30 0x8000c8ae
core   0: 0x8000b8b2 (0x743f2923) sw      gp, 1874(t5)
core   0: 3 0x8000b8b2 (0x743f2923) mem 0x8000d000 0x00000001
core   0: 0x8000b8b6 (0x0000bfe5) c.j     pc - 8
core   0: 3 0x8000b8b6 (0xbfe5)
core   0: 0x8000b8ae (0x00001f17) auipc   t5, 0x1
core   0: 3 0x8000b8ae (0x00001f17) x30 0x8000c8ae
core   0: 0x8000b8b2 (0x743f2923) sw      gp, 1874(t5)
core   0: 3 0x8000b8b2 (0x743f2923) mem 0x8000d000 0x00000001
core   0: 0x8000b8b6 (0x0000bfe5) c.j     pc - 8
core   0: 3 0x8000b8b6 (0xbfe5)
core   0: 0x8000b8ae (0x00001f17) auipc   t5, 0x1
core   0: 3 0x8000b8ae (0x00001f17) x30 0x8000c8ae
core   0: 0x8000b8b2 (0x743f2923) sw      gp, 1874(t5)
core   0: 3 0x8000b8b2 (0x743f2923) mem 0x8000d000 0x00000001
core   0: 0x8000b8b6 (0x0000bfe5) c.j     pc - 8
core   0: 3 0x8000b8b6 (0xbfe5)
core   0: 0x8000b8ae (0x00001f17) auipc   t5, 0x1
core   0: 3 0x8000b8ae (0x00001f17) x30 0x8000c8ae
core   0: 0x8000b8b2 (0x743f2923) sw      gp, 1874(t5)
core   0: 3 0x8000b8b2 (0x743f2923) mem 0x8000d000 0x00000001
core   0: 0x8000b8b6 (0x0000bfe5) c.j     pc - 8
core   0: 3 0x8000b8b6 (0xbfe5)
core   0: 0x8000b8ae (0x00001f17) auipc   t5, 0x1
core   0: 3 0x8000b8ae (0x00001f17) x30 0x8000c8ae
core   0: 0x8000b8b2 (0x743f2923) sw      gp, 1874(t5)
core   0: 3 0x8000b8b2 (0x743f2923) mem 0x8000d000 0x00000001
core   0: 0x8000b8b6 (0x0000bfe5) c.j     pc - 8
core   0: 3 0x8000b8b6 (0xbfe5)
core   0: 0x8000b8ae (0x00001f17) auipc   t5, 0x1
core   0: 3 0x8000b8ae (0x00001f17) x30 0x8000c8ae
core   0: 0x8000b8b2 (0x743f2923) sw      gp, 1874(t5)
core   0: 3 0x8000b8b2 (0x743f2923) mem 0x8000d000 0x00000001
core   0: 0x8000b8b6 (0x0000bfe5) c.j     pc - 8
core   0: 3 0x8000b8b6 (0xbfe5)
core   0: 0x8000b8ae (0x00001f17) auipc   t5, 0x1
core   0: 3 0x8000b8ae (0x00001f17) x30 0x8000c8ae
core   0: 0x8000b8b2 (0x743f2923) sw      gp, 1874(t5)
core   0: 3 0x8000b8b2 (0x743f2923) mem 0x8000d000 0x00000001
core   0: 0x8000b8b6 (0x0000bfe5) c.j     pc - 8
core   0: 3 0x8000b8b6 (0xbfe5)
core   0: 0x8000b8ae (0x00001f17) auipc   t5, 0x1
core   0: 3 0x8000b8ae (0x00001f17) x30 0x8000c8ae
core   0: 0x8000b8b2 (0x743f2923) sw      gp, 1874(t5)
core   0: 3 0x8000b8b2 (0x743f2923) mem 0x8000d000 0x00000001
core   0: 0x8000b8b6 (0x0000bfe5) c.j     pc - 8
core   0: 3 0x8000b8b6 (0xbfe5)
core   0: 0x8000b8ae (0x00001f17) auipc   t5, 0x1
core   0: 3 0x8000b8ae (0x00001f17) x30 0x8000c8ae
core   0: 0x8000b8b2 (0x743f2923) sw      gp, 1874(t5)
core   0: 3 0x8000b8b2 (0x743f2923) mem 0x8000d000 0x00000001
core   0: 0x8000b8b6 (0x0000bfe5) c.j     pc - 8
core   0: 3 0x8000b8b6 (0xbfe5)
core   0: 0x8000b8ae (0x00001f17) auipc   t5, 0x1
core   0: 3 0x8000b8ae (0x00001f17) x30 0x8000c8ae
core   0: 0x8000b8b2 (0x743f2923) sw      gp, 1874(t5)
core   0: 3 0x8000b8b2 (0x743f2923) mem 0x8000d000 0x00000001
core   0: 0x8000b8b6 (0x0000bfe5) c.j     pc - 8
core   0: 3 0x8000b8b6 (0xbfe5)
core   0: 0x8000b8ae (0x00001f17) auipc   t5, 0x1
core   0: 3 0x8000b8ae (0x00001f17) x30 0x8000c8ae
core   0: 0x8000b8b2 (0x743f2923) sw      gp, 1874(t5)
core   0: 3 0x8000b8b2 (0x743f2923) mem 0x8000d000 0x00000001
core   0: 0x8000b8b6 (0x0000bfe5) c.j     pc - 8
core   0: 3 0x8000b8b6 (0xbfe5)
core   0: 0x8000b8ae (0x00001f17) auipc   t5, 0x1
core   0: 3 0x8000b8ae (0x00001f17) x30 0x8000c8ae
core   0: 0x8000b8b2 (0x743f2923) sw      gp, 1874(t5)
core   0: 3 0x8000b8b2 (0x743f2923) mem 0x8000d000 0x00000001
core   0: 0x8000b8b6 (0x0000bfe5) c.j     pc - 8
core   0: 3 0x8000b8b6 (0xbfe5)
core   0: 0x8000b8ae (0x00001f17) auipc   t5, 0x1
core   0: 3 0x8000b8ae (0x00001f17) x30 0x8000c8ae
core   0: 0x8000b8b2 (0x743f2923) sw      gp, 1874(t5)
core   0: 3 0x8000b8b2 (0x743f2923) mem 0x8000d000 0x00000001
core   0: 0x8000b8b6 (0x0000bfe5) c.j     pc - 8
core   0: 3 0x8000b8b6 (0xbfe5)
core   0: 0x8000b8ae (0x00001f17) auipc   t5, 0x1
core   0: 3 0x8000b8ae (0x00001f17) x30 0x8000c8ae
core   0: 0x8000b8b2 (0x743f2923) sw      gp, 1874(t5)
core   0: 3 0x8000b8b2 (0x743f2923) mem 0x8000d000 0x00000001
core   0: 0x8000b8b6 (0x0000bfe5) c.j     pc - 8
core   0: 3 0x8000b8b6 (0xbfe5)
core   0: 0x8000b8ae (0x00001f17) auipc   t5, 0x1
core   0: 3 0x8000b8ae (0x00001f17) x30 0x8000c8ae
core   0: 0x8000b8b2 (0x743f2923) sw      gp, 1874(t5)
core   0: 3 0x8000b8b2 (0x743f2923) mem 0x8000d000 0x00000001
core   0: 0x8000b8b6 (0x0000bfe5) c.j     pc - 8
core   0: 3 0x8000b8b6 (0xbfe5)
core   0: 0x8000b8ae (0x00001f17) auipc   t5, 0x1
core   0: 3 0x8000b8ae (0x00001f17) x30 0x8000c8ae
core   0: 0x8000b8b2 (0x743f2923) sw      gp, 1874(t5)
core   0: 3 0x8000b8b2 (0x743f2923) mem 0x8000d000 0x00000001
core   0: 0x8000b8b6 (0x0000bfe5) c.j     pc - 8
core   0: 3 0x8000b8b6 (0xbfe5)
core   0: 0x8000b8ae (0x00001f17) auipc   t5, 0x1
core   0: 3 0x8000b8ae (0x00001f17) x30 0x8000c8ae
core   0: 0x8000b8b2 (0x743f2923) sw      gp, 1874(t5)
core   0: 3 0x8000b8b2 (0x743f2923) mem 0x8000d000 0x00000001
core   0: 0x8000b8b6 (0x0000bfe5) c.j     pc - 8
core   0: 3 0x8000b8b6 (0xbfe5)
core   0: 0x8000b8ae (0x00001f17) auipc   t5, 0x1
core   0: 3 0x8000b8ae (0x00001f17) x30 0x8000c8ae
core   0: 0x8000b8b2 (0x743f2923) sw      gp, 1874(t5)
core   0: 3 0x8000b8b2 (0x743f2923) mem 0x8000d000 0x00000001
core   0: 0x8000b8b6 (0x0000bfe5) c.j     pc - 8
core   0: 3 0x8000b8b6 (0xbfe5)
core   0: 0x8000b8ae (0x00001f17) auipc   t5, 0x1
core   0: 3 0x8000b8ae (0x00001f17) x30 0x8000c8ae
core   0: 0x8000b8b2 (0x743f2923) sw      gp, 1874(t5)
core   0: 3 0x8000b8b2 (0x743f2923) mem 0x8000d000 0x00000001
core   0: 0x8000b8b6 (0x0000bfe5) c.j     pc - 8
core   0: 3 0x8000b8b6 (0xbfe5)
core   0: 0x8000b8ae (0x00001f17) auipc   t5, 0x1
core   0: 3 0x8000b8ae (0x00001f17) x30 0x8000c8ae
core   0: 0x8000b8b2 (0x743f2923) sw      gp, 1874(t5)
core   0: 3 0x8000b8b2 (0x743f2923) mem 0x8000d000 0x00000001
core   0: 0x8000b8b6 (0x0000bfe5) c.j     pc - 8
core   0: 3 0x8000b8b6 (0xbfe5)
core   0: 0x8000b8ae (0x00001f17) auipc   t5, 0x1
core   0: 3 0x8000b8ae (0x00001f17) x30 0x8000c8ae
core   0: 0x8000b8b2 (0x743f2923) sw      gp, 1874(t5)
core   0: 3 0x8000b8b2 (0x743f2923) mem 0x8000d000 0x00000001
core   0: 0x8000b8b6 (0x0000bfe5) c.j     pc - 8
core   0: 3 0x8000b8b6 (0xbfe5)
core   0: 0x8000b8ae (0x00001f17) auipc   t5, 0x1
core   0: 3 0x8000b8ae (0x00001f17) x30 0x8000c8ae
core   0: 0x8000b8b2 (0x743f2923) sw      gp, 1874(t5)
core   0: 3 0x8000b8b2 (0x743f2923) mem 0x8000d000 0x00000001
core   0: 0x8000b8b6 (0x0000bfe5) c.j     pc - 8
core   0: 3 0x8000b8b6 (0xbfe5)
core   0: 0x8000b8ae (0x00001f17) auipc   t5, 0x1
core   0: 3 0x8000b8ae (0x00001f17) x30 0x8000c8ae
core   0: 0x8000b8b2 (0x743f2923) sw      gp, 1874(t5)
core   0: 3 0x8000b8b2 (0x743f2923) mem 0x8000d000 0x00000001
core   0: 0x8000b8b6 (0x0000bfe5) c.j     pc - 8
core   0: 3 0x8000b8b6 (0xbfe5)
core   0: 0x8000b8ae (0x00001f17) auipc   t5, 0x1
core   0: 3 0x8000b8ae (0x00001f17) x30 0x8000c8ae
core   0: 0x8000b8b2 (0x743f2923) sw      gp, 1874(t5)
core   0: 3 0x8000b8b2 (0x743f2923) mem 0x8000d000 0x00000001
core   0: 0x8000b8b6 (0x0000bfe5) c.j     pc - 8
core   0: 3 0x8000b8b6 (0xbfe5)
core   0: 0x8000b8ae (0x00001f17) auipc   t5, 0x1
core   0: 3 0x8000b8ae (0x00001f17) x30 0x8000c8ae
core   0: 0x8000b8b2 (0x743f2923) sw      gp, 1874(t5)
core   0: 3 0x8000b8b2 (0x743f2923) mem 0x8000d000 0x00000001
core   0: 0x8000b8b6 (0x0000bfe5) c.j     pc - 8
core   0: 3 0x8000b8b6 (0xbfe5)
core   0: 0x8000b8ae (0x00001f17) auipc   t5, 0x1
core   0: 3 0x8000b8ae (0x00001f17) x30 0x8000c8ae
core   0: 0x8000b8b2 (0x743f2923) sw      gp, 1874(t5)
core   0: 3 0x8000b8b2 (0x743f2923) mem 0x8000d000 0x00000001
core   0: 0x8000b8b6 (0x0000bfe5) c.j     pc - 8
core   0: 3 0x8000b8b6 (0xbfe5)
core   0: 0x8000b8ae (0x00001f17) auipc   t5, 0x1
core   0: 3 0x8000b8ae (0x00001f17) x30 0x8000c8ae
core   0: 0x8000b8b2 (0x743f2923) sw      gp, 1874(t5)
core   0: 3 0x8000b8b2 (0x743f2923) mem 0x8000d000 0x00000001
core   0: 0x8000b8b6 (0x0000bfe5) c.j     pc - 8
core   0: 3 0x8000b8b6 (0xbfe5)
core   0: 0x8000b8ae (0x00001f17) auipc   t5, 0x1
core   0: 3 0x8000b8ae (0x00001f17) x30 0x8000c8ae
core   0: 0x8000b8b2 (0x743f2923) sw      gp, 1874(t5)
core   0: 3 0x8000b8b2 (0x743f2923) mem 0x8000d000 0x00000001
core   0: 0x8000b8b6 (0x0000bfe5) c.j     pc - 8
core   0: 3 0x8000b8b6 (0xbfe5)
core   0: 0x8000b8ae (0x00001f17) auipc   t5, 0x1
core   0: 3 0x8000b8ae (0x00001f17) x30 0x8000c8ae
core   0: 0x8000b8b2 (0x743f2923) sw      gp, 1874(t5)
core   0: 3 0x8000b8b2 (0x743f2923) mem 0x8000d000 0x00000001
core   0: 0x8000b8b6 (0x0000bfe5) c.j     pc - 8
core   0: 3 0x8000b8b6 (0xbfe5)
core   0: 0x8000b8ae (0x00001f17) auipc   t5, 0x1
core   0: 3 0x8000b8ae (0x00001f17) x30 0x8000c8ae
core   0: 0x8000b8b2 (0x743f2923) sw      gp, 1874(t5)
core   0: 3 0x8000b8b2 (0x743f2923) mem 0x8000d000 0x00000001
core   0: 0x8000b8b6 (0x0000bfe5) c.j     pc - 8
core   0: 3 0x8000b8b6 (0xbfe5)
core   0: 0x8000b8ae (0x00001f17) auipc   t5, 0x1
core   0: 3 0x8000b8ae (0x00001f17) x30 0x8000c8ae
core   0: 0x8000b8b2 (0x743f2923) sw      gp, 1874(t5)
core   0: 3 0x8000b8b2 (0x743f2923) mem 0x8000d000 0x00000001
core   0: 0x8000b8b6 (0x0000bfe5) c.j     pc - 8
core   0: 3 0x8000b8b6 (0xbfe5)
core   0: 0x8000b8ae (0x00001f17) auipc   t5, 0x1
core   0: 3 0x8000b8ae (0x00001f17) x30 0x8000c8ae
core   0: 0x8000b8b2 (0x743f2923) sw      gp, 1874(t5)
core   0: 3 0x8000b8b2 (0x743f2923) mem 0x8000d000 0x00000001
core   0: 0x8000b8b6 (0x0000bfe5) c.j     pc - 8
core   0: 3 0x8000b8b6 (0xbfe5)
core   0: 0x8000b8ae (0x00001f17) auipc   t5, 0x1
core   0: 3 0x8000b8ae (0x00001f17) x30 0x8000c8ae
core   0: 0x8000b8b2 (0x743f2923) sw      gp, 1874(t5)
core   0: 3 0x8000b8b2 (0x743f2923) mem 0x8000d000 0x00000001
core   0: 0x8000b8b6 (0x0000bfe5) c.j     pc - 8
core   0: 3 0x8000b8b6 (0xbfe5)
core   0: 0x8000b8ae (0x00001f17) auipc   t5, 0x1
core   0: 3 0x8000b8ae (0x00001f17) x30 0x8000c8ae
core   0: 0x8000b8b2 (0x743f2923) sw      gp, 1874(t5)
core   0: 3 0x8000b8b2 (0x743f2923) mem 0x8000d000 0x00000001
core   0: 0x8000b8b6 (0x0000bfe5) c.j     pc - 8
core   0: 3 0x8000b8b6 (0xbfe5)
core   0: 0x8000b8ae (0x00001f17) auipc   t5, 0x1
core   0: 3 0x8000b8ae (0x00001f17) x30 0x8000c8ae
core   0: 0x8000b8b2 (0x743f2923) sw      gp, 1874(t5)
core   0: 3 0x8000b8b2 (0x743f2923) mem 0x8000d000 0x00000001
core   0: 0x8000b8b6 (0x0000bfe5) c.j     pc - 8
core   0: 3 0x8000b8b6 (0xbfe5)
core   0: 0x8000b8ae (0x00001f17) auipc   t5, 0x1
core   0: 3 0x8000b8ae (0x00001f17) x30 0x8000c8ae
core   0: 0x8000b8b2 (0x743f2923) sw      gp, 1874(t5)
core   0: 3 0x8000b8b2 (0x743f2923) mem 0x8000d000 0x00000001
core   0: 0x8000b8b6 (0x0000bfe5) c.j     pc - 8
core   0: 3 0x8000b8b6 (0xbfe5)
core   0: 0x8000b8ae (0x00001f17) auipc   t5, 0x1
core   0: 3 0x8000b8ae (0x00001f17) x30 0x8000c8ae
core   0: 0x8000b8b2 (0x743f2923) sw      gp, 1874(t5)
core   0: 3 0x8000b8b2 (0x743f2923) mem 0x8000d000 0x00000001
core   0: 0x8000b8b6 (0x0000bfe5) c.j     pc - 8
core   0: 3 0x8000b8b6 (0xbfe5)
core   0: 0x8000b8ae (0x00001f17) auipc   t5, 0x1
core   0: 3 0x8000b8ae (0x00001f17) x30 0x8000c8ae
core   0: 0x8000b8b2 (0x743f2923) sw      gp, 1874(t5)
core   0: 3 0x8000b8b2 (0x743f2923) mem 0x8000d000 0x00000001
core   0: 0x8000b8b6 (0x0000bfe5) c.j     pc - 8
core   0: 3 0x8000b8b6 (0xbfe5)
core   0: 0x8000b8ae (0x00001f17) auipc   t5, 0x1
core   0: 3 0x8000b8ae (0x00001f17) x30 0x8000c8ae
core   0: 0x8000b8b2 (0x743f2923) sw      gp, 1874(t5)
core   0: 3 0x8000b8b2 (0x743f2923) mem 0x8000d000 0x00000001
core   0: 0x8000b8b6 (0x0000bfe5) c.j     pc - 8
core   0: 3 0x8000b8b6 (0xbfe5)
core   0: 0x8000b8ae (0x00001f17) auipc   t5, 0x1
core   0: 3 0x8000b8ae (0x00001f17) x30 0x8000c8ae
core   0: 0x8000b8b2 (0x743f2923) sw      gp, 1874(t5)
core   0: 3 0x8000b8b2 (0x743f2923) mem 0x8000d000 0x00000001
core   0: 0x8000b8b6 (0x0000bfe5) c.j     pc - 8
core   0: 3 0x8000b8b6 (0xbfe5)
core   0: 0x8000b8ae (0x00001f17) auipc   t5, 0x1
core   0: 3 0x8000b8ae (0x00001f17) x30 0x8000c8ae
core   0: 0x8000b8b2 (0x743f2923) sw      gp, 1874(t5)
core   0: 3 0x8000b8b2 (0x743f2923) mem 0x8000d000 0x00000001
core   0: 0x8000b8b6 (0x0000bfe5) c.j     pc - 8
core   0: 3 0x8000b8b6 (0xbfe5)
core   0: 0x8000b8ae (0x00001f17) auipc   t5, 0x1
core   0: 3 0x8000b8ae (0x00001f17) x30 0x8000c8ae
core   0: 0x8000b8b2 (0x743f2923) sw      gp, 1874(t5)
core   0: 3 0x8000b8b2 (0x743f2923) mem 0x8000d000 0x00000001
core   0: 0x8000b8b6 (0x0000bfe5) c.j     pc - 8
core   0: 3 0x8000b8b6 (0xbfe5)
core   0: 0x8000b8ae (0x00001f17) auipc   t5, 0x1
core   0: 3 0x8000b8ae (0x00001f17) x30 0x8000c8ae
core   0: 0x8000b8b2 (0x743f2923) sw      gp, 1874(t5)
core   0: 3 0x8000b8b2 (0x743f2923) mem 0x8000d000 0x00000001
core   0: 0x8000b8b6 (0x0000bfe5) c.j     pc - 8
core   0: 3 0x8000b8b6 (0xbfe5)
core   0: 0x8000b8ae (0x00001f17) auipc   t5, 0x1
core   0: 3 0x8000b8ae (0x00001f17) x30 0x8000c8ae
core   0: 0x8000b8b2 (0x743f2923) sw      gp, 1874(t5)
core   0: 3 0x8000b8b2 (0x743f2923) mem 0x8000d000 0x00000001
core   0: 0x8000b8b6 (0x0000bfe5) c.j     pc - 8
core   0: 3 0x8000b8b6 (0xbfe5)
core   0: 0x8000b8ae (0x00001f17) auipc   t5, 0x1
core   0: 3 0x8000b8ae (0x00001f17) x30 0x8000c8ae
core   0: 0x8000b8b2 (0x743f2923) sw      gp, 1874(t5)
core   0: 3 0x8000b8b2 (0x743f2923) mem 0x8000d000 0x00000001
core   0: 0x8000b8b6 (0x0000bfe5) c.j     pc - 8
core   0: 3 0x8000b8b6 (0xbfe5)
core   0: 0x8000b8ae (0x00001f17) auipc   t5, 0x1
core   0: 3 0x8000b8ae (0x00001f17) x30 0x8000c8ae
core   0: 0x8000b8b2 (0x743f2923) sw      gp, 1874(t5)
core   0: 3 0x8000b8b2 (0x743f2923) mem 0x8000d000 0x00000001
core   0: 0x8000b8b6 (0x0000bfe5) c.j     pc - 8
core   0: 3 0x8000b8b6 (0xbfe5)
core   0: 0x8000b8ae (0x00001f17) auipc   t5, 0x1
core   0: 3 0x8000b8ae (0x00001f17) x30 0x8000c8ae
core   0: 0x8000b8b2 (0x743f2923) sw      gp, 1874(t5)
core   0: 3 0x8000b8b2 (0x743f2923) mem 0x8000d000 0x00000001
core   0: 0x8000b8b6 (0x0000bfe5) c.j     pc - 8
core   0: 3 0x8000b8b6 (0xbfe5)
core   0: 0x8000b8ae (0x00001f17) auipc   t5, 0x1
core   0: 3 0x8000b8ae (0x00001f17) x30 0x8000c8ae
core   0: 0x8000b8b2 (0x743f2923) sw      gp, 1874(t5)
core   0: 3 0x8000b8b2 (0x743f2923) mem 0x8000d000 0x00000001
core   0: 0x8000b8b6 (0x0000bfe5) c.j     pc - 8
core   0: 3 0x8000b8b6 (0xbfe5)
core   0: 0x8000b8ae (0x00001f17) auipc   t5, 0x1
core   0: 3 0x8000b8ae (0x00001f17) x30 0x8000c8ae
core   0: 0x8000b8b2 (0x743f2923) sw      gp, 1874(t5)
core   0: 3 0x8000b8b2 (0x743f2923) mem 0x8000d000 0x00000001
core   0: 0x8000b8b6 (0x0000bfe5) c.j     pc - 8
core   0: 3 0x8000b8b6 (0xbfe5)
core   0: 0x8000b8ae (0x00001f17) auipc   t5, 0x1
core   0: 3 0x8000b8ae (0x00001f17) x30 0x8000c8ae
core   0: 0x8000b8b2 (0x743f2923) sw      gp, 1874(t5)
core   0: 3 0x8000b8b2 (0x743f2923) mem 0x8000d000 0x00000001
core   0: 0x8000b8b6 (0x0000bfe5) c.j     pc - 8
core   0: 3 0x8000b8b6 (0xbfe5)
core   0: 0x8000b8ae (0x00001f17) auipc   t5, 0x1
core   0: 3 0x8000b8ae (0x00001f17) x30 0x8000c8ae
core   0: 0x8000b8b2 (0x743f2923) sw      gp, 1874(t5)
core   0: 3 0x8000b8b2 (0x743f2923) mem 0x8000d000 0x00000001
core   0: 0x8000b8b6 (0x0000bfe5) c.j     pc - 8
core   0: 3 0x8000b8b6 (0xbfe5)
core   0: 0x8000b8ae (0x00001f17) auipc   t5, 0x1
core   0: 3 0x8000b8ae (0x00001f17) x30 0x8000c8ae
core   0: 0x8000b8b2 (0x743f2923) sw      gp, 1874(t5)
core   0: 3 0x8000b8b2 (0x743f2923) mem 0x8000d000 0x00000001
core   0: 0x8000b8b6 (0x0000bfe5) c.j     pc - 8
core   0: 3 0x8000b8b6 (0xbfe5)
core   0: 0x8000b8ae (0x00001f17) auipc   t5, 0x1
core   0: 3 0x8000b8ae (0x00001f17) x30 0x8000c8ae
core   0: 0x8000b8b2 (0x743f2923) sw      gp, 1874(t5)
core   0: 3 0x8000b8b2 (0x743f2923) mem 0x8000d000 0x00000001
core   0: 0x8000b8b6 (0x0000bfe5) c.j     pc - 8
core   0: 3 0x8000b8b6 (0xbfe5)
core   0: 0x8000b8ae (0x00001f17) auipc   t5, 0x1
core   0: 3 0x8000b8ae (0x00001f17) x30 0x8000c8ae
core   0: 0x8000b8b2 (0x743f2923) sw      gp, 1874(t5)
core   0: 3 0x8000b8b2 (0x743f2923) mem 0x8000d000 0x00000001
core   0: 0x8000b8b6 (0x0000bfe5) c.j     pc - 8
core   0: 3 0x8000b8b6 (0xbfe5)
core   0: 0x8000b8ae (0x00001f17) auipc   t5, 0x1
core   0: 3 0x8000b8ae (0x00001f17) x30 0x8000c8ae
core   0: 0x8000b8b2 (0x743f2923) sw      gp, 1874(t5)
core   0: 3 0x8000b8b2 (0x743f2923) mem 0x8000d000 0x00000001
core   0: 0x8000b8b6 (0x0000bfe5) c.j     pc - 8
core   0: 3 0x8000b8b6 (0xbfe5)
core   0: 0x8000b8ae (0x00001f17) auipc   t5, 0x1
core   0: 3 0x8000b8ae (0x00001f17) x30 0x8000c8ae
core   0: 0x8000b8b2 (0x743f2923) sw      gp, 1874(t5)
core   0: 3 0x8000b8b2 (0x743f2923) mem 0x8000d000 0x00000001
core   0: 0x8000b8b6 (0x0000bfe5) c.j     pc - 8
core   0: 3 0x8000b8b6 (0xbfe5)
core   0: 0x8000b8ae (0x00001f17) auipc   t5, 0x1
core   0: 3 0x8000b8ae (0x00001f17) x30 0x8000c8ae
core   0: 0x8000b8b2 (0x743f2923) sw      gp, 1874(t5)
core   0: 3 0x8000b8b2 (0x743f2923) mem 0x8000d000 0x00000001
core   0: 0x8000b8b6 (0x0000bfe5) c.j     pc - 8
core   0: 3 0x8000b8b6 (0xbfe5)
core   0: 0x8000b8ae (0x00001f17) auipc   t5, 0x1
core   0: 3 0x8000b8ae (0x00001f17) x30 0x8000c8ae
core   0: 0x8000b8b2 (0x743f2923) sw      gp, 1874(t5)
core   0: 3 0x8000b8b2 (0x743f2923) mem 0x8000d000 0x00000001
core   0: 0x8000b8b6 (0x0000bfe5) c.j     pc - 8
core   0: 3 0x8000b8b6 (0xbfe5)
core   0: 0x8000b8ae (0x00001f17) auipc   t5, 0x1
core   0: 3 0x8000b8ae (0x00001f17) x30 0x8000c8ae
core   0: 0x8000b8b2 (0x743f2923) sw      gp, 1874(t5)
core   0: 3 0x8000b8b2 (0x743f2923) mem 0x8000d000 0x00000001
core   0: 0x8000b8b6 (0x0000bfe5) c.j     pc - 8
core   0: 3 0x8000b8b6 (0xbfe5)
core   0: 0x8000b8ae (0x00001f17) auipc   t5, 0x1
core   0: 3 0x8000b8ae (0x00001f17) x30 0x8000c8ae
core   0: 0x8000b8b2 (0x743f2923) sw      gp, 1874(t5)
core   0: 3 0x8000b8b2 (0x743f2923) mem 0x8000d000 0x00000001
core   0: 0x8000b8b6 (0x0000bfe5) c.j     pc - 8
core   0: 3 0x8000b8b6 (0xbfe5)
core   0: 0x8000b8ae (0x00001f17) auipc   t5, 0x1
core   0: 3 0x8000b8ae (0x00001f17) x30 0x8000c8ae
core   0: 0x8000b8b2 (0x743f2923) sw      gp, 1874(t5)
core   0: 3 0x8000b8b2 (0x743f2923) mem 0x8000d000 0x00000001
core   0: 0x8000b8b6 (0x0000bfe5) c.j     pc - 8
core   0: 3 0x8000b8b6 (0xbfe5)
core   0: 0x8000b8ae (0x00001f17) auipc   t5, 0x1
core   0: 3 0x8000b8ae (0x00001f17) x30 0x8000c8ae
core   0: 0x8000b8b2 (0x743f2923) sw      gp, 1874(t5)
core   0: 3 0x8000b8b2 (0x743f2923) mem 0x8000d000 0x00000001
core   0: 0x8000b8b6 (0x0000bfe5) c.j     pc - 8
core   0: 3 0x8000b8b6 (0xbfe5)
core   0: 0x8000b8ae (0x00001f17) auipc   t5, 0x1
core   0: 3 0x8000b8ae (0x00001f17) x30 0x8000c8ae
core   0: 0x8000b8b2 (0x743f2923) sw      gp, 1874(t5)
core   0: 3 0x8000b8b2 (0x743f2923) mem 0x8000d000 0x00000001
core   0: 0x8000b8b6 (0x0000bfe5) c.j     pc - 8
core   0: 3 0x8000b8b6 (0xbfe5)
core   0: 0x8000b8ae (0x00001f17) auipc   t5, 0x1
core   0: 3 0x8000b8ae (0x00001f17) x30 0x8000c8ae
core   0: 0x8000b8b2 (0x743f2923) sw      gp, 1874(t5)
core   0: 3 0x8000b8b2 (0x743f2923) mem 0x8000d000 0x00000001
core   0: 0x8000b8b6 (0x0000bfe5) c.j     pc - 8
core   0: 3 0x8000b8b6 (0xbfe5)
core   0: 0x8000b8ae (0x00001f17) auipc   t5, 0x1
core   0: 3 0x8000b8ae (0x00001f17) x30 0x8000c8ae
core   0: 0x8000b8b2 (0x743f2923) sw      gp, 1874(t5)
core   0: 3 0x8000b8b2 (0x743f2923) mem 0x8000d000 0x00000001
core   0: 0x8000b8b6 (0x0000bfe5) c.j     pc - 8
core   0: 3 0x8000b8b6 (0xbfe5)
core   0: 0x8000b8ae (0x00001f17) auipc   t5, 0x1
core   0: 3 0x8000b8ae (0x00001f17) x30 0x8000c8ae
core   0: 0x8000b8b2 (0x743f2923) sw      gp, 1874(t5)
core   0: 3 0x8000b8b2 (0x743f2923) mem 0x8000d000 0x00000001
core   0: 0x8000b8b6 (0x0000bfe5) c.j     pc - 8
core   0: 3 0x8000b8b6 (0xbfe5)
core   0: 0x8000b8ae (0x00001f17) auipc   t5, 0x1
core   0: 3 0x8000b8ae (0x00001f17) x30 0x8000c8ae
core   0: 0x8000b8b2 (0x743f2923) sw      gp, 1874(t5)
core   0: 3 0x8000b8b2 (0x743f2923) mem 0x8000d000 0x00000001
core   0: 0x8000b8b6 (0x0000bfe5) c.j     pc - 8
core   0: 3 0x8000b8b6 (0xbfe5)
core   0: 0x8000b8ae (0x00001f17) auipc   t5, 0x1
core   0: 3 0x8000b8ae (0x00001f17) x30 0x8000c8ae
core   0: 0x8000b8b2 (0x743f2923) sw      gp, 1874(t5)
core   0: 3 0x8000b8b2 (0x743f2923) mem 0x8000d000 0x00000001
core   0: 0x8000b8b6 (0x0000bfe5) c.j     pc - 8
core   0: 3 0x8000b8b6 (0xbfe5)
core   0: 0x8000b8ae (0x00001f17) auipc   t5, 0x1
core   0: 3 0x8000b8ae (0x00001f17) x30 0x8000c8ae
core   0: 0x8000b8b2 (0x743f2923) sw      gp, 1874(t5)
core   0: 3 0x8000b8b2 (0x743f2923) mem 0x8000d000 0x00000001
core   0: 0x8000b8b6 (0x0000bfe5) c.j     pc - 8
core   0: 3 0x8000b8b6 (0xbfe5)
core   0: 0x8000b8ae (0x00001f17) auipc   t5, 0x1
core   0: 3 0x8000b8ae (0x00001f17) x30 0x8000c8ae
core   0: 0x8000b8b2 (0x743f2923) sw      gp, 1874(t5)
core   0: 3 0x8000b8b2 (0x743f2923) mem 0x8000d000 0x00000001
core   0: 0x8000b8b6 (0x0000bfe5) c.j     pc - 8
core   0: 3 0x8000b8b6 (0xbfe5)
core   0: 0x8000b8ae (0x00001f17) auipc   t5, 0x1
core   0: 3 0x8000b8ae (0x00001f17) x30 0x8000c8ae
core   0: 0x8000b8b2 (0x743f2923) sw      gp, 1874(t5)
core   0: 3 0x8000b8b2 (0x743f2923) mem 0x8000d000 0x00000001
core   0: 0x8000b8b6 (0x0000bfe5) c.j     pc - 8
core   0: 3 0x8000b8b6 (0xbfe5)
core   0: 0x8000b8ae (0x00001f17) auipc   t5, 0x1
core   0: 3 0x8000b8ae (0x00001f17) x30 0x8000c8ae
core   0: 0x8000b8b2 (0x743f2923) sw      gp, 1874(t5)
core   0: 3 0x8000b8b2 (0x743f2923) mem 0x8000d000 0x00000001
core   0: 0x8000b8b6 (0x0000bfe5) c.j     pc - 8
core   0: 3 0x8000b8b6 (0xbfe5)
core   0: 0x8000b8ae (0x00001f17) auipc   t5, 0x1
core   0: 3 0x8000b8ae (0x00001f17) x30 0x8000c8ae
core   0: 0x8000b8b2 (0x743f2923) sw      gp, 1874(t5)
core   0: 3 0x8000b8b2 (0x743f2923) mem 0x8000d000 0x00000001
core   0: 0x8000b8b6 (0x0000bfe5) c.j     pc - 8
core   0: 3 0x8000b8b6 (0xbfe5)
core   0: 0x8000b8ae (0x00001f17) auipc   t5, 0x1
core   0: 3 0x8000b8ae (0x00001f17) x30 0x8000c8ae
core   0: 0x8000b8b2 (0x743f2923) sw      gp, 1874(t5)
core   0: 3 0x8000b8b2 (0x743f2923) mem 0x8000d000 0x00000001
core   0: 0x8000b8b6 (0x0000bfe5) c.j     pc - 8
core   0: 3 0x8000b8b6 (0xbfe5)
core   0: 0x8000b8ae (0x00001f17) auipc   t5, 0x1
core   0: 3 0x8000b8ae (0x00001f17) x30 0x8000c8ae
core   0: 0x8000b8b2 (0x743f2923) sw      gp, 1874(t5)
core   0: 3 0x8000b8b2 (0x743f2923) mem 0x8000d000 0x00000001
core   0: 0x8000b8b6 (0x0000bfe5) c.j     pc - 8
core   0: 3 0x8000b8b6 (0xbfe5)
core   0: 0x8000b8ae (0x00001f17) auipc   t5, 0x1
core   0: 3 0x8000b8ae (0x00001f17) x30 0x8000c8ae
core   0: 0x8000b8b2 (0x743f2923) sw      gp, 1874(t5)
core   0: 3 0x8000b8b2 (0x743f2923) mem 0x8000d000 0x00000001
core   0: 0x8000b8b6 (0x0000bfe5) c.j     pc - 8
core   0: 3 0x8000b8b6 (0xbfe5)
core   0: 0x8000b8ae (0x00001f17) auipc   t5, 0x1
core   0: 3 0x8000b8ae (0x00001f17) x30 0x8000c8ae
core   0: 0x8000b8b2 (0x743f2923) sw      gp, 1874(t5)
core   0: 3 0x8000b8b2 (0x743f2923) mem 0x8000d000 0x00000001
core   0: 0x8000b8b6 (0x0000bfe5) c.j     pc - 8
core   0: 3 0x8000b8b6 (0xbfe5)
core   0: 0x8000b8ae (0x00001f17) auipc   t5, 0x1
core   0: 3 0x8000b8ae (0x00001f17) x30 0x8000c8ae
core   0: 0x8000b8b2 (0x743f2923) sw      gp, 1874(t5)
core   0: 3 0x8000b8b2 (0x743f2923) mem 0x8000d000 0x00000001
core   0: 0x8000b8b6 (0x0000bfe5) c.j     pc - 8
core   0: 3 0x8000b8b6 (0xbfe5)
core   0: 0x8000b8ae (0x00001f17) auipc   t5, 0x1
core   0: 3 0x8000b8ae (0x00001f17) x30 0x8000c8ae
core   0: 0x8000b8b2 (0x743f2923) sw      gp, 1874(t5)
core   0: 3 0x8000b8b2 (0x743f2923) mem 0x8000d000 0x00000001
core   0: 0x8000b8b6 (0x0000bfe5) c.j     pc - 8
core   0: 3 0x8000b8b6 (0xbfe5)
core   0: 0x8000b8ae (0x00001f17) auipc   t5, 0x1
core   0: 3 0x8000b8ae (0x00001f17) x30 0x8000c8ae
core   0: 0x8000b8b2 (0x743f2923) sw      gp, 1874(t5)
core   0: 3 0x8000b8b2 (0x743f2923) mem 0x8000d000 0x00000001
core   0: 0x8000b8b6 (0x0000bfe5) c.j     pc - 8
core   0: 3 0x8000b8b6 (0xbfe5)
core   0: 0x8000b8ae (0x00001f17) auipc   t5, 0x1
core   0: 3 0x8000b8ae (0x00001f17) x30 0x8000c8ae
core   0: 0x8000b8b2 (0x743f2923) sw      gp, 1874(t5)
core   0: 3 0x8000b8b2 (0x743f2923) mem 0x8000d000 0x00000001
core   0: 0x8000b8b6 (0x0000bfe5) c.j     pc - 8
core   0: 3 0x8000b8b6 (0xbfe5)
core   0: 0x8000b8ae (0x00001f17) auipc   t5, 0x1
core   0: 3 0x8000b8ae (0x00001f17) x30 0x8000c8ae
core   0: 0x8000b8b2 (0x743f2923) sw      gp, 1874(t5)
core   0: 3 0x8000b8b2 (0x743f2923) mem 0x8000d000 0x00000001
core   0: 0x8000b8b6 (0x0000bfe5) c.j     pc - 8
core   0: 3 0x8000b8b6 (0xbfe5)
core   0: 0x8000b8ae (0x00001f17) auipc   t5, 0x1
core   0: 3 0x8000b8ae (0x00001f17) x30 0x8000c8ae
core   0: 0x8000b8b2 (0x743f2923) sw      gp, 1874(t5)
core   0: 3 0x8000b8b2 (0x743f2923) mem 0x8000d000 0x00000001
core   0: 0x8000b8b6 (0x0000bfe5) c.j     pc - 8
core   0: 3 0x8000b8b6 (0xbfe5)
core   0: 0x8000b8ae (0x00001f17) auipc   t5, 0x1
core   0: 3 0x8000b8ae (0x00001f17) x30 0x8000c8ae
core   0: 0x8000b8b2 (0x743f2923) sw      gp, 1874(t5)
core   0: 3 0x8000b8b2 (0x743f2923) mem 0x8000d000 0x00000001
core   0: 0x8000b8b6 (0x0000bfe5) c.j     pc - 8
core   0: 3 0x8000b8b6 (0xbfe5)
core   0: 0x8000b8ae (0x00001f17) auipc   t5, 0x1
core   0: 3 0x8000b8ae (0x00001f17) x30 0x8000c8ae
core   0: 0x8000b8b2 (0x743f2923) sw      gp, 1874(t5)
core   0: 3 0x8000b8b2 (0x743f2923) mem 0x8000d000 0x00000001
core   0: 0x8000b8b6 (0x0000bfe5) c.j     pc - 8
core   0: 3 0x8000b8b6 (0xbfe5)
core   0: 0x8000b8ae (0x00001f17) auipc   t5, 0x1
core   0: 3 0x8000b8ae (0x00001f17) x30 0x8000c8ae
core   0: 0x8000b8b2 (0x743f2923) sw      gp, 1874(t5)
core   0: 3 0x8000b8b2 (0x743f2923) mem 0x8000d000 0x00000001
core   0: 0x8000b8b6 (0x0000bfe5) c.j     pc - 8
core   0: 3 0x8000b8b6 (0xbfe5)
core   0: 0x8000b8ae (0x00001f17) auipc   t5, 0x1
core   0: 3 0x8000b8ae (0x00001f17) x30 0x8000c8ae
core   0: 0x8000b8b2 (0x743f2923) sw      gp, 1874(t5)
core   0: 3 0x8000b8b2 (0x743f2923) mem 0x8000d000 0x00000001
core   0: 0x8000b8b6 (0x0000bfe5) c.j     pc - 8
core   0: 3 0x8000b8b6 (0xbfe5)
core   0: 0x8000b8ae (0x00001f17) auipc   t5, 0x1
core   0: 3 0x8000b8ae (0x00001f17) x30 0x8000c8ae
core   0: 0x8000b8b2 (0x743f2923) sw      gp, 1874(t5)
core   0: 3 0x8000b8b2 (0x743f2923) mem 0x8000d000 0x00000001
core   0: 0x8000b8b6 (0x0000bfe5) c.j     pc - 8
core   0: 3 0x8000b8b6 (0xbfe5)
core   0: 0x8000b8ae (0x00001f17) auipc   t5, 0x1
core   0: 3 0x8000b8ae (0x00001f17) x30 0x8000c8ae
core   0: 0x8000b8b2 (0x743f2923) sw      gp, 1874(t5)
core   0: 3 0x8000b8b2 (0x743f2923) mem 0x8000d000 0x00000001
core   0: 0x8000b8b6 (0x0000bfe5) c.j     pc - 8
core   0: 3 0x8000b8b6 (0xbfe5)
core   0: 0x8000b8ae (0x00001f17) auipc   t5, 0x1
core   0: 3 0x8000b8ae (0x00001f17) x30 0x8000c8ae
core   0: 0x8000b8b2 (0x743f2923) sw      gp, 1874(t5)
core   0: 3 0x8000b8b2 (0x743f2923) mem 0x8000d000 0x00000001
core   0: 0x8000b8b6 (0x0000bfe5) c.j     pc - 8
core   0: 3 0x8000b8b6 (0xbfe5)
core   0: 0x8000b8ae (0x00001f17) auipc   t5, 0x1
core   0: 3 0x8000b8ae (0x00001f17) x30 0x8000c8ae
core   0: 0x8000b8b2 (0x743f2923) sw      gp, 1874(t5)
core   0: 3 0x8000b8b2 (0x743f2923) mem 0x8000d000 0x00000001
core   0: 0x8000b8b6 (0x0000bfe5) c.j     pc - 8
core   0: 3 0x8000b8b6 (0xbfe5)
core   0: 0x8000b8ae (0x00001f17) auipc   t5, 0x1
core   0: 3 0x8000b8ae (0x00001f17) x30 0x8000c8ae
core   0: 0x8000b8b2 (0x743f2923) sw      gp, 1874(t5)
core   0: 3 0x8000b8b2 (0x743f2923) mem 0x8000d000 0x00000001
core   0: 0x8000b8b6 (0x0000bfe5) c.j     pc - 8
core   0: 3 0x8000b8b6 (0xbfe5)
core   0: 0x8000b8ae (0x00001f17) auipc   t5, 0x1
core   0: 3 0x8000b8ae (0x00001f17) x30 0x8000c8ae
core   0: 0x8000b8b2 (0x743f2923) sw      gp, 1874(t5)
core   0: 3 0x8000b8b2 (0x743f2923) mem 0x8000d000 0x00000001
core   0: 0x8000b8b6 (0x0000bfe5) c.j     pc - 8
core   0: 3 0x8000b8b6 (0xbfe5)
core   0: 0x8000b8ae (0x00001f17) auipc   t5, 0x1
core   0: 3 0x8000b8ae (0x00001f17) x30 0x8000c8ae
core   0: 0x8000b8b2 (0x743f2923) sw      gp, 1874(t5)
core   0: 3 0x8000b8b2 (0x743f2923) mem 0x8000d000 0x00000001
core   0: 0x8000b8b6 (0x0000bfe5) c.j     pc - 8
core   0: 3 0x8000b8b6 (0xbfe5)
core   0: 0x8000b8ae (0x00001f17) auipc   t5, 0x1
core   0: 3 0x8000b8ae (0x00001f17) x30 0x8000c8ae
core   0: 0x8000b8b2 (0x743f2923) sw      gp, 1874(t5)
core   0: 3 0x8000b8b2 (0x743f2923) mem 0x8000d000 0x00000001
core   0: 0x8000b8b6 (0x0000bfe5) c.j     pc - 8
core   0: 3 0x8000b8b6 (0xbfe5)
core   0: 0x8000b8ae (0x00001f17) auipc   t5, 0x1
core   0: 3 0x8000b8ae (0x00001f17) x30 0x8000c8ae
core   0: 0x8000b8b2 (0x743f2923) sw      gp, 1874(t5)
core   0: 3 0x8000b8b2 (0x743f2923) mem 0x8000d000 0x00000001
core   0: 0x8000b8b6 (0x0000bfe5) c.j     pc - 8
core   0: 3 0x8000b8b6 (0xbfe5)
core   0: 0x8000b8ae (0x00001f17) auipc   t5, 0x1
core   0: 3 0x8000b8ae (0x00001f17) x30 0x8000c8ae
core   0: 0x8000b8b2 (0x743f2923) sw      gp, 1874(t5)
core   0: 3 0x8000b8b2 (0x743f2923) mem 0x8000d000 0x00000001
core   0: 0x8000b8b6 (0x0000bfe5) c.j     pc - 8
core   0: 3 0x8000b8b6 (0xbfe5)
core   0: 0x8000b8ae (0x00001f17) auipc   t5, 0x1
core   0: 3 0x8000b8ae (0x00001f17) x30 0x8000c8ae
core   0: 0x8000b8b2 (0x743f2923) sw      gp, 1874(t5)
core   0: 3 0x8000b8b2 (0x743f2923) mem 0x8000d000 0x00000001
core   0: 0x8000b8b6 (0x0000bfe5) c.j     pc - 8
core   0: 3 0x8000b8b6 (0xbfe5)
core   0: 0x8000b8ae (0x00001f17) auipc   t5, 0x1
core   0: 3 0x8000b8ae (0x00001f17) x30 0x8000c8ae
core   0: 0x8000b8b2 (0x743f2923) sw      gp, 1874(t5)
core   0: 3 0x8000b8b2 (0x743f2923) mem 0x8000d000 0x00000001
core   0: 0x8000b8b6 (0x0000bfe5) c.j     pc - 8
core   0: 3 0x8000b8b6 (0xbfe5)
core   0: 0x8000b8ae (0x00001f17) auipc   t5, 0x1
core   0: 3 0x8000b8ae (0x00001f17) x30 0x8000c8ae
core   0: 0x8000b8b2 (0x743f2923) sw      gp, 1874(t5)
core   0: 3 0x8000b8b2 (0x743f2923) mem 0x8000d000 0x00000001
core   0: 0x8000b8b6 (0x0000bfe5) c.j     pc - 8
core   0: 3 0x8000b8b6 (0xbfe5)
core   0: 0x8000b8ae (0x00001f17) auipc   t5, 0x1
core   0: 3 0x8000b8ae (0x00001f17) x30 0x8000c8ae
core   0: 0x8000b8b2 (0x743f2923) sw      gp, 1874(t5)
core   0: 3 0x8000b8b2 (0x743f2923) mem 0x8000d000 0x00000001
core   0: 0x8000b8b6 (0x0000bfe5) c.j     pc - 8
core   0: 3 0x8000b8b6 (0xbfe5)
core   0: 0x8000b8ae (0x00001f17) auipc   t5, 0x1
core   0: 3 0x8000b8ae (0x00001f17) x30 0x8000c8ae
core   0: 0x8000b8b2 (0x743f2923) sw      gp, 1874(t5)
core   0: 3 0x8000b8b2 (0x743f2923) mem 0x8000d000 0x00000001
core   0: 0x8000b8b6 (0x0000bfe5) c.j     pc - 8
core   0: 3 0x8000b8b6 (0xbfe5)
core   0: 0x8000b8ae (0x00001f17) auipc   t5, 0x1
core   0: 3 0x8000b8ae (0x00001f17) x30 0x8000c8ae
core   0: 0x8000b8b2 (0x743f2923) sw      gp, 1874(t5)
core   0: 3 0x8000b8b2 (0x743f2923) mem 0x8000d000 0x00000001
core   0: 0x8000b8b6 (0x0000bfe5) c.j     pc - 8
core   0: 3 0x8000b8b6 (0xbfe5)
core   0: 0x8000b8ae (0x00001f17) auipc   t5, 0x1
core   0: 3 0x8000b8ae (0x00001f17) x30 0x8000c8ae
core   0: 0x8000b8b2 (0x743f2923) sw      gp, 1874(t5)
core   0: 3 0x8000b8b2 (0x743f2923) mem 0x8000d000 0x00000001
core   0: 0x8000b8b6 (0x0000bfe5) c.j     pc - 8
core   0: 3 0x8000b8b6 (0xbfe5)
core   0: 0x8000b8ae (0x00001f17) auipc   t5, 0x1
core   0: 3 0x8000b8ae (0x00001f17) x30 0x8000c8ae
core   0: 0x8000b8b2 (0x743f2923) sw      gp, 1874(t5)
core   0: 3 0x8000b8b2 (0x743f2923) mem 0x8000d000 0x00000001
core   0: 0x8000b8b6 (0x0000bfe5) c.j     pc - 8
core   0: 3 0x8000b8b6 (0xbfe5)
core   0: 0x8000b8ae (0x00001f17) auipc   t5, 0x1
core   0: 3 0x8000b8ae (0x00001f17) x30 0x8000c8ae
core   0: 0x8000b8b2 (0x743f2923) sw      gp, 1874(t5)
core   0: 3 0x8000b8b2 (0x743f2923) mem 0x8000d000 0x00000001
core   0: 0x8000b8b6 (0x0000bfe5) c.j     pc - 8
core   0: 3 0x8000b8b6 (0xbfe5)
core   0: 0x8000b8ae (0x00001f17) auipc   t5, 0x1
core   0: 3 0x8000b8ae (0x00001f17) x30 0x8000c8ae
core   0: 0x8000b8b2 (0x743f2923) sw      gp, 1874(t5)
core   0: 3 0x8000b8b2 (0x743f2923) mem 0x8000d000 0x00000001
core   0: 0x8000b8b6 (0x0000bfe5) c.j     pc - 8
core   0: 3 0x8000b8b6 (0xbfe5)
core   0: 0x8000b8ae (0x00001f17) auipc   t5, 0x1
core   0: 3 0x8000b8ae (0x00001f17) x30 0x8000c8ae
core   0: 0x8000b8b2 (0x743f2923) sw      gp, 1874(t5)
core   0: 3 0x8000b8b2 (0x743f2923) mem 0x8000d000 0x00000001
core   0: 0x8000b8b6 (0x0000bfe5) c.j     pc - 8
core   0: 3 0x8000b8b6 (0xbfe5)
core   0: 0x8000b8ae (0x00001f17) auipc   t5, 0x1
core   0: 3 0x8000b8ae (0x00001f17) x30 0x8000c8ae
core   0: 0x8000b8b2 (0x743f2923) sw      gp, 1874(t5)
core   0: 3 0x8000b8b2 (0x743f2923) mem 0x8000d000 0x00000001
core   0: 0x8000b8b6 (0x0000bfe5) c.j     pc - 8
core   0: 3 0x8000b8b6 (0xbfe5)
core   0: 0x8000b8ae (0x00001f17) auipc   t5, 0x1
core   0: 3 0x8000b8ae (0x00001f17) x30 0x8000c8ae
core   0: 0x8000b8b2 (0x743f2923) sw      gp, 1874(t5)
core   0: 3 0x8000b8b2 (0x743f2923) mem 0x8000d000 0x00000001
core   0: 0x8000b8b6 (0x0000bfe5) c.j     pc - 8
core   0: 3 0x8000b8b6 (0xbfe5)
core   0: 0x8000b8ae (0x00001f17) auipc   t5, 0x1
core   0: 3 0x8000b8ae (0x00001f17) x30 0x8000c8ae
core   0: 0x8000b8b2 (0x743f2923) sw      gp, 1874(t5)
core   0: 3 0x8000b8b2 (0x743f2923) mem 0x8000d000 0x00000001
core   0: 0x8000b8b6 (0x0000bfe5) c.j     pc - 8
core   0: 3 0x8000b8b6 (0xbfe5)
core   0: 0x8000b8ae (0x00001f17) auipc   t5, 0x1
core   0: 3 0x8000b8ae (0x00001f17) x30 0x8000c8ae
core   0: 0x8000b8b2 (0x743f2923) sw      gp, 1874(t5)
core   0: 3 0x8000b8b2 (0x743f2923) mem 0x8000d000 0x00000001
core   0: 0x8000b8b6 (0x0000bfe5) c.j     pc - 8
core   0: 3 0x8000b8b6 (0xbfe5)
core   0: 0x8000b8ae (0x00001f17) auipc   t5, 0x1
core   0: 3 0x8000b8ae (0x00001f17) x30 0x8000c8ae
core   0: 0x8000b8b2 (0x743f2923) sw      gp, 1874(t5)
core   0: 3 0x8000b8b2 (0x743f2923) mem 0x8000d000 0x00000001
core   0: 0x8000b8b6 (0x0000bfe5) c.j     pc - 8
core   0: 3 0x8000b8b6 (0xbfe5)
core   0: 0x8000b8ae (0x00001f17) auipc   t5, 0x1
core   0: 3 0x8000b8ae (0x00001f17) x30 0x8000c8ae
core   0: 0x8000b8b2 (0x743f2923) sw      gp, 1874(t5)
core   0: 3 0x8000b8b2 (0x743f2923) mem 0x8000d000 0x00000001
core   0: 0x8000b8b6 (0x0000bfe5) c.j     pc - 8
core   0: 3 0x8000b8b6 (0xbfe5)
core   0: 0x8000b8ae (0x00001f17) auipc   t5, 0x1
core   0: 3 0x8000b8ae (0x00001f17) x30 0x8000c8ae
core   0: 0x8000b8b2 (0x743f2923) sw      gp, 1874(t5)
core   0: 3 0x8000b8b2 (0x743f2923) mem 0x8000d000 0x00000001
core   0: 0x8000b8b6 (0x0000bfe5) c.j     pc - 8
core   0: 3 0x8000b8b6 (0xbfe5)
core   0: 0x8000b8ae (0x00001f17) auipc   t5, 0x1
core   0: 3 0x8000b8ae (0x00001f17) x30 0x8000c8ae
core   0: 0x8000b8b2 (0x743f2923) sw      gp, 1874(t5)
core   0: 3 0x8000b8b2 (0x743f2923) mem 0x8000d000 0x00000001
core   0: 0x8000b8b6 (0x0000bfe5) c.j     pc - 8
core   0: 3 0x8000b8b6 (0xbfe5)
core   0: 0x8000b8ae (0x00001f17) auipc   t5, 0x1
core   0: 3 0x8000b8ae (0x00001f17) x30 0x8000c8ae
core   0: 0x8000b8b2 (0x743f2923) sw      gp, 1874(t5)
core   0: 3 0x8000b8b2 (0x743f2923) mem 0x8000d000 0x00000001
core   0: 0x8000b8b6 (0x0000bfe5) c.j     pc - 8
core   0: 3 0x8000b8b6 (0xbfe5)
core   0: 0x8000b8ae (0x00001f17) auipc   t5, 0x1
core   0: 3 0x8000b8ae (0x00001f17) x30 0x8000c8ae
core   0: 0x8000b8b2 (0x743f2923) sw      gp, 1874(t5)
core   0: 3 0x8000b8b2 (0x743f2923) mem 0x8000d000 0x00000001
core   0: 0x8000b8b6 (0x0000bfe5) c.j     pc - 8
core   0: 3 0x8000b8b6 (0xbfe5)
core   0: 0x8000b8ae (0x00001f17) auipc   t5, 0x1
core   0: 3 0x8000b8ae (0x00001f17) x30 0x8000c8ae
core   0: 0x8000b8b2 (0x743f2923) sw      gp, 1874(t5)
core   0: 3 0x8000b8b2 (0x743f2923) mem 0x8000d000 0x00000001
core   0: 0x8000b8b6 (0x0000bfe5) c.j     pc - 8
core   0: 3 0x8000b8b6 (0xbfe5)
core   0: 0x8000b8ae (0x00001f17) auipc   t5, 0x1
core   0: 3 0x8000b8ae (0x00001f17) x30 0x8000c8ae
core   0: 0x8000b8b2 (0x743f2923) sw      gp, 1874(t5)
core   0: 3 0x8000b8b2 (0x743f2923) mem 0x8000d000 0x00000001
core   0: 0x8000b8b6 (0x0000bfe5) c.j     pc - 8
core   0: 3 0x8000b8b6 (0xbfe5)
core   0: 0x8000b8ae (0x00001f17) auipc   t5, 0x1
core   0: 3 0x8000b8ae (0x00001f17) x30 0x8000c8ae
core   0: 0x8000b8b2 (0x743f2923) sw      gp, 1874(t5)
core   0: 3 0x8000b8b2 (0x743f2923) mem 0x8000d000 0x00000001
core   0: 0x8000b8b6 (0x0000bfe5) c.j     pc - 8
core   0: 3 0x8000b8b6 (0xbfe5)
core   0: 0x8000b8ae (0x00001f17) auipc   t5, 0x1
core   0: 3 0x8000b8ae (0x00001f17) x30 0x8000c8ae
core   0: 0x8000b8b2 (0x743f2923) sw      gp, 1874(t5)
core   0: 3 0x8000b8b2 (0x743f2923) mem 0x8000d000 0x00000001
core   0: 0x8000b8b6 (0x0000bfe5) c.j     pc - 8
core   0: 3 0x8000b8b6 (0xbfe5)
core   0: 0x8000b8ae (0x00001f17) auipc   t5, 0x1
core   0: 3 0x8000b8ae (0x00001f17) x30 0x8000c8ae
core   0: 0x8000b8b2 (0x743f2923) sw      gp, 1874(t5)
core   0: 3 0x8000b8b2 (0x743f2923) mem 0x8000d000 0x00000001
core   0: 0x8000b8b6 (0x0000bfe5) c.j     pc - 8
core   0: 3 0x8000b8b6 (0xbfe5)
core   0: 0x8000b8ae (0x00001f17) auipc   t5, 0x1
core   0: 3 0x8000b8ae (0x00001f17) x30 0x8000c8ae
core   0: 0x8000b8b2 (0x743f2923) sw      gp, 1874(t5)
core   0: 3 0x8000b8b2 (0x743f2923) mem 0x8000d000 0x00000001
core   0: 0x8000b8b6 (0x0000bfe5) c.j     pc - 8
core   0: 3 0x8000b8b6 (0xbfe5)
core   0: 0x8000b8ae (0x00001f17) auipc   t5, 0x1
core   0: 3 0x8000b8ae (0x00001f17) x30 0x8000c8ae
core   0: 0x8000b8b2 (0x743f2923) sw      gp, 1874(t5)
core   0: 3 0x8000b8b2 (0x743f2923) mem 0x8000d000 0x00000001
core   0: 0x8000b8b6 (0x0000bfe5) c.j     pc - 8
core   0: 3 0x8000b8b6 (0xbfe5)
core   0: 0x8000b8ae (0x00001f17) auipc   t5, 0x1
core   0: 3 0x8000b8ae (0x00001f17) x30 0x8000c8ae
core   0: 0x8000b8b2 (0x743f2923) sw      gp, 1874(t5)
core   0: 3 0x8000b8b2 (0x743f2923) mem 0x8000d000 0x00000001
core   0: 0x8000b8b6 (0x0000bfe5) c.j     pc - 8
core   0: 3 0x8000b8b6 (0xbfe5)
core   0: 0x8000b8ae (0x00001f17) auipc   t5, 0x1
core   0: 3 0x8000b8ae (0x00001f17) x30 0x8000c8ae
core   0: 0x8000b8b2 (0x743f2923) sw      gp, 1874(t5)
core   0: 3 0x8000b8b2 (0x743f2923) mem 0x8000d000 0x00000001
core   0: 0x8000b8b6 (0x0000bfe5) c.j     pc - 8
core   0: 3 0x8000b8b6 (0xbfe5)
core   0: 0x8000b8ae (0x00001f17) auipc   t5, 0x1
core   0: 3 0x8000b8ae (0x00001f17) x30 0x8000c8ae
core   0: 0x8000b8b2 (0x743f2923) sw      gp, 1874(t5)
core   0: 3 0x8000b8b2 (0x743f2923) mem 0x8000d000 0x00000001
