core   0: 0x00001000 (0x00000297) auipc   t0, 0x0
core   0: 3 0x00001000 (0x00000297) x5  0x00001000
core   0: 0x00001004 (0x02028593) addi    a1, t0, 32
core   0: 3 0x00001004 (0x02028593) x11 0x00001020
core   0: 0x00001008 (0xf1402573) csrr    a0, mhartid
core   0: 3 0x00001008 (0xf1402573) x10 0x00000000
core   0: 0x0000100c (0x0182a283) lw      t0, 24(t0)
core   0: 3 0x0000100c (0x0182a283) x5  0x80000000 mem 0x00001018
core   0: 0x00001010 (0x00028067) jr      t0
core   0: 3 0x00001010 (0x00028067)
core   0: 0x80000000 (0xf14022f3) csrr    t0, mhartid
core   0: 3 0x80000000 (0xf14022f3) x5  0x00000000
core   0: 0x80000004 (0x00004301) c.li    t1, 0
core   0: 3 0x80000004 (0x4301) x6  0x00000000
core   0: 0x80000006 (0x00628263) beq     t0, t1, pc + 4
core   0: 3 0x80000006 (0x00628263)
core   0: 0x8000000a (0x00000817) auipc   a6, 0x0
core   0: 3 0x8000000a (0x00000817) x16 0x8000000a
core   0: 0x8000000e (0x00c80813) addi    a6, a6, 12
core   0: 3 0x8000000e (0x00c80813) x16 0x80000016
core   0: 0x80000012 (0x00080067) jr      a6
core   0: 3 0x80000012 (0x00080067)
core   0: 0x80000016 (0x400016b7) lui     a3, 0x40001
core   0: 3 0x80000016 (0x400016b7) x13 0x40001000
core   0: 0x8000001a (0x10468693) addi    a3, a3, 260
core   0: 3 0x8000001a (0x10468693) x13 0x40001104
core   0: 0x8000001e (0x30169073) csrw    misa, a3
core   0: 3 0x8000001e (0x30169073) c769_misa 0x40141104
core   0: 0x80000022 (0x0002a417) auipc   s0, 0x2a
core   0: 3 0x80000022 (0x0002a417) x8  0x8002a022
core   0: 0x80000026 (0xcc240413) addi    s0, s0, -830
core   0: 3 0x80000026 (0xcc240413) x8  0x80029ce4
core   0: 0x8000002a (0x0000c697) auipc   a3, 0xc
core   0: 3 0x8000002a (0x0000c697) x13 0x8000c02a
core   0: 0x8000002e (0xe3668693) addi    a3, a3, -458
core   0: 3 0x8000002e (0xe3668693) x13 0x8000be60
core   0: 0x80000032 (0x0016e693) ori     a3, a3, 1
core   0: 3 0x80000032 (0x0016e693) x13 0x8000be61
core   0: 0x80000036 (0x30569073) csrw    mtvec, a3
core   0: 3 0x80000036 (0x30569073) c773_mtvec 0x8000be61
core   0: 0x8000003a (0x00000697) auipc   a3, 0x0
core   0: 3 0x8000003a (0x00000697) x13 0x8000003a
core   0: 0x8000003e (0x02268693) addi    a3, a3, 34
core   0: 3 0x8000003e (0x02268693) x13 0x8000005c
core   0: 0x80000042 (0x34169073) csrw    mepc, a3
core   0: 3 0x80000042 (0x34169073) c833_mepc 0x8000005c
core   0: 0x80000046 (0x00000001) c.nop
core   0: 3 0x80000046 (0x0001)
core   0: 0x80000048 (0x00006689) c.lui   a3, 0x2
core   0: 3 0x80000048 (0x6689) x13 0x00002000
core   0: 0x8000004a (0x80068693) addi    a3, a3, -2048
core   0: 3 0x8000004a (0x80068693) x13 0x00001800
core   0: 0x8000004e (0x30069073) csrw    mstatus, a3
core   0: 3 0x8000004e (0x30069073) c768_mstatus 0x00001800
core   0: 0x80000052 (0x00004681) c.li    a3, 0
core   0: 3 0x80000052 (0x4681) x13 0x00000000
core   0: 0x80000054 (0x30469073) csrw    mie, a3
core   0: 3 0x80000054 (0x30469073) c772_mie 0x00000000
core   0: 0x80000058 (0x30200073) mret
core   0: 3 0x80000058 (0x30200073) c784_mstatush 0x00000000 c768_mstatus 0x00000080
core   0: >>>>  init
core   0: 0x8000005c (0x00c00013) li      zero, 12
core   0: 3 0x8000005c (0x00c00013)
core   0: 0x80000060 (0x8465d0b7) lui     ra, 0x8465d
core   0: 3 0x80000060 (0x8465d0b7) x1  0x8465d000
core   0: 0x80000064 (0x21808093) addi    ra, ra, 536
core   0: 3 0x80000064 (0x21808093) x1  0x8465d218
core   0: 0x80000068 (0xf02cf137) lui     sp, 0xf02cf
core   0: 3 0x80000068 (0xf02cf137) x2  0xf02cf000
core   0: 0x8000006c (0xa8010113) addi    sp, sp, -1408
core   0: 3 0x8000006c (0xa8010113) x2  0xf02cea80
core   0: 0x80000070 (0x0b13c1b7) lui     gp, 0xb13c
core   0: 3 0x80000070 (0x0b13c1b7) x3  0x0b13c000
core   0: 0x80000074 (0x31618193) addi    gp, gp, 790
core   0: 3 0x80000074 (0x31618193) x3  0x0b13c316
core   0: 0x80000078 (0x0000421d) c.li    tp, 7
core   0: 3 0x80000078 (0x421d) x4  0x00000007
core   0: 0x8000007a (0x000042ad) c.li    t0, 11
core   0: 3 0x8000007a (0x42ad) x5  0x0000000b
core   0: 0x8000007c (0x80000337) lui     t1, 0x80000
core   0: 3 0x8000007c (0x80000337) x6  0x80000000
core   0: 0x80000080 (0x00004381) c.li    t2, 0
core   0: 3 0x80000080 (0x4381) x7  0x00000000
core   0: 0x80000082 (0x000044a5) c.li    s1, 9
core   0: 3 0x80000082 (0x44a5) x9  0x00000009
core   0: 0x80000084 (0x00004501) c.li    a0, 0
core   0: 3 0x80000084 (0x4501) x10 0x00000000
core   0: 0x80000086 (0x00004589) c.li    a1, 2
core   0: 3 0x80000086 (0x4589) x11 0x00000002
core   0: 0x80000088 (0x80000637) lui     a2, 0x80000
core   0: 3 0x80000088 (0x80000637) x12 0x80000000
core   0: 0x8000008c (0x00004681) c.li    a3, 0
core   0: 3 0x8000008c (0x4681) x13 0x00000000
core   0: 0x8000008e (0x00004701) c.li    a4, 0
core   0: 3 0x8000008e (0x4701) x14 0x00000000
core   0: 0x80000090 (0xff98b7b7) lui     a5, 0xff98b
core   0: 3 0x80000090 (0xff98b7b7) x15 0xff98b000
core   0: 0x80000094 (0xbff78793) addi    a5, a5, -1025
core   0: 3 0x80000094 (0xbff78793) x15 0xff98abff
core   0: 0x80000098 (0x80000837) lui     a6, 0x80000
core   0: 3 0x80000098 (0x80000837) x16 0x80000000
core   0: 0x8000009c (0xafaba8b7) lui     a7, 0xafaba
core   0: 3 0x8000009c (0xafaba8b7) x17 0xafaba000
core   0: 0x800000a0 (0x66f88893) addi    a7, a7, 1647
core   0: 3 0x800000a0 (0x66f88893) x17 0xafaba66f
core   0: 0x800000a4 (0xfbd37937) lui     s2, 0xfbd37
core   0: 3 0x800000a4 (0xfbd37937) x18 0xfbd37000
core   0: 0x800000a8 (0x9b790913) addi    s2, s2, -1609
core   0: 3 0x800000a8 (0x9b790913) x18 0xfbd369b7
core   0: 0x800000ac (0x00004999) c.li    s3, 6
core   0: 3 0x800000ac (0x4999) x19 0x00000006
core   0: 0x800000ae (0x80000a37) lui     s4, 0x80000
core   0: 3 0x800000ae (0x80000a37) x20 0x80000000
core   0: 0x800000b2 (0x00004b01) c.li    s6, 0
core   0: 3 0x800000b2 (0x4b01) x22 0x00000000
core   0: 0x800000b4 (0x80000bb7) lui     s7, 0x80000
core   0: 3 0x800000b4 (0x80000bb7) x23 0x80000000
core   0: 0x800000b8 (0xf822ac37) lui     s8, 0xf822a
core   0: 3 0x800000b8 (0xf822ac37) x24 0xf822a000
core   0: 0x800000bc (0x7b0c0c13) addi    s8, s8, 1968
core   0: 3 0x800000bc (0x7b0c0c13) x24 0xf822a7b0
core   0: 0x800000c0 (0xfbd90cb7) lui     s9, 0xfbd90
core   0: 3 0x800000c0 (0xfbd90cb7) x25 0xfbd90000
core   0: 0x800000c4 (0x4b7c8c93) addi    s9, s9, 1207
core   0: 3 0x800000c4 (0x4b7c8c93) x25 0xfbd904b7
core   0: 0x800000c8 (0x4ecc4d37) lui     s10, 0x4ecc4
core   0: 3 0x800000c8 (0x4ecc4d37) x26 0x4ecc4000
core   0: 0x800000cc (0xdadd0d13) addi    s10, s10, -595
core   0: 3 0x800000cc (0xdadd0d13) x26 0x4ecc3dad
core   0: 0x800000d0 (0x00004d91) c.li    s11, 4
core   0: 3 0x800000d0 (0x4d91) x27 0x00000004
core   0: 0x800000d2 (0x80000e37) lui     t3, 0x80000
core   0: 3 0x800000d2 (0x80000e37) x28 0x80000000
core   0: 0x800000d6 (0xfdcd9eb7) lui     t4, 0xfdcd9
core   0: 3 0x800000d6 (0xfdcd9eb7) x29 0xfdcd9000
core   0: 0x800000da (0x75be8e93) addi    t4, t4, 1883
core   0: 3 0x800000da (0x75be8e93) x29 0xfdcd975b
core   0: 0x800000de (0x00004f05) c.li    t5, 1
core   0: 3 0x800000de (0x4f05) x30 0x00000001
core   0: 0x800000e0 (0x00004f9d) c.li    t6, 7
core   0: 3 0x800000e0 (0x4f9d) x31 0x00000007
core   0: 0x800000e2 (0x00026a97) auipc   s5, 0x26
core   0: 3 0x800000e2 (0x00026a97) x21 0x800260e2
core   0: 0x800000e6 (0xd82a8a93) addi    s5, s5, -638
core   0: 3 0x800000e6 (0xd82a8a93) x21 0x80025e64
core   0: 0x800000ea (0x00004da9) c.li    s11, 10
core   0: 3 0x800000ea (0x4da9) x27 0x0000000a
core   0: 0x800000ec (0xd6152297) auipc   t0, 0xd6152
core   0: 3 0x800000ec (0xd6152297) x5  0x561520ec
core   0: 0x800000f0 (0x00005efd) c.li    t4, -1
core   0: 3 0x800000f0 (0x5efd) x29 0xffffffff
core   0: 0x800000f2 (0x20f4c513) xori    a0, s1, 527
core   0: 3 0x800000f2 (0x20f4c513) x10 0x00000206
core   0: 0x800000f6 (0x00000001) c.nop
core   0: 3 0x800000f6 (0x0001)
core   0: 0x800000f8 (0x00005b79) c.li    s6, -2
core   0: 3 0x800000f8 (0x5b79) x22 0xfffffffe
core   0: 0x800000fa (0x00008ff9) c.and   a5, a4
core   0: 3 0x800000fa (0x8ff9) x15 0x00000000
core   0: 0x800000fc (0x00006171) c.addi16sp sp, 336
core   0: 3 0x800000fc (0x6171) x2  0xf02cebd0
core   0: 0x800000fe (0x00f828b3) slt     a7, a6, a5
core   0: 3 0x800000fe (0x00f828b3) x17 0x00000001
core   0: 0x80000102 (0x00000f0e) c.slli  t5, 3
core   0: 3 0x80000102 (0x0f0e) x30 0x00000008
core   0: 0x80000104 (0x00006c25) c.lui   s8, 0x9
core   0: 3 0x80000104 (0x6c25) x24 0x00009000
core   0: 0x80000106 (0x00d2ebb3) or      s7, t0, a3
core   0: 3 0x80000106 (0x00d2ebb3) x23 0x561520ec
core   0: 0x8000010a (0x1d3fe697) auipc   a3, 0x1d3fe
core   0: 3 0x8000010a (0x1d3fe697) x13 0x9d3fe10a
core   0: 0x8000010e (0x005c9493) slli    s1, s9, 5
core   0: 3 0x8000010e (0x005c9493) x9  0x7b2096e0
core   0: 0x80000112 (0x00008e51) c.or    a2, a2
core   0: 3 0x80000112 (0x8e51) x12 0x80000000
core   0: 0x80000114 (0x5935f613) andi    a2, a1, 1427
core   0: 3 0x80000114 (0x5935f613) x12 0x00000002
core   0: 0x80000118 (0x000082c9) c.srli  a3, 18
core   0: 3 0x80000118 (0x82c9) x13 0x0000274f
core   0: 0x8000011a (0x00001df1) c.addi  s11, -4
core   0: 3 0x8000011a (0x1df1) x27 0x00000006
core   0: 0x8000011c (0x03662933) mulhsu  s2, a2, s6
core   0: 3 0x8000011c (0x03662933) x18 0x00000001
core   0: 0x80000120 (0xfc1f0f13) addi    t5, t5, -63
core   0: 3 0x80000120 (0xfc1f0f13) x30 0xffffffc9
core   0: 0x80000124 (0x0077ec33) or      s8, a5, t2
core   0: 3 0x80000124 (0x0077ec33) x24 0x00000000
core   0: 0x80000128 (0x001b43b3) xor     t2, s6, ra
core   0: 3 0x80000128 (0x001b43b3) x7  0x7b9a2de6
core   0: 0x8000012c (0x00000712) c.slli  a4, 4
core   0: 3 0x8000012c (0x0712) x14 0x00000000
core   0: 0x8000012e (0x03e1efb3) rem     t6, gp, t5
core   0: 3 0x8000012e (0x03e1efb3) x31 0x00000034
core   0: 0x80000132 (0x00008cc9) c.or    s1, a0
core   0: 3 0x80000132 (0x8cc9) x9  0x7b2096e6
core   0: 0x80000134 (0x01111c93) slli    s9, sp, 17
core   0: 3 0x80000134 (0x01111c93) x25 0xd7a00000
core   0: 0x80000138 (0x00001890) c.addi4spn a2, sp, 112
core   0: 3 0x80000138 (0x1890) x12 0xf02cec40
core   0: 0x8000013a (0xfd6d88e3) beq     s11, s6, pc - 48
core   0: 3 0x8000013a (0xfd6d88e3)
core   0: 0x8000013e (0x00008319) c.srli  a4, 6
core   0: 3 0x8000013e (0x8319) x14 0x00000000
core   0: 0x80000140 (0x00004591) c.li    a1, 4
core   0: 3 0x80000140 (0x4591) x11 0x00000004
core   0: 0x80000142 (0x00000001) c.nop
core   0: 3 0x80000142 (0x0001)
core   0: 0x80000144 (0x00008d2d) c.xor   a0, a1
core   0: 3 0x80000144 (0x8d2d) x10 0x00000202
core   0: 0x80000146 (0x0000137d) c.addi  t1, -1
core   0: 3 0x80000146 (0x137d) x6  0x7fffffff
core   0: 0x80000148 (0x000015fd) c.addi  a1, -1
core   0: 3 0x80000148 (0x15fd) x11 0x00000003
core   0: 0x8000014a (0x00005c65) c.li    s8, -7
core   0: 3 0x8000014a (0x5c65) x24 0xfffffff9
core   0: 0x8000014c (0x000050bd) c.li    ra, -17
core   0: 3 0x8000014c (0x50bd) x1  0xffffffef
core   0: 0x8000014e (0xb59bab13) slti    s6, s7, -1191
core   0: 3 0x8000014e (0xb59bab13) x22 0x00000000
core   0: 0x80000152 (0x02c4a333) mulhsu  t1, s1, a2
core   0: 3 0x80000152 (0x02c4a333) x6  0x738428b2
core   0: 0x80000156 (0x409ed633) sra     a2, t4, s1
core   0: 3 0x80000156 (0x409ed633) x12 0xffffffff
core   0: 0x8000015a (0x00001c79) c.addi  s8, -2
core   0: 3 0x8000015a (0x1c79) x24 0xfffffff7
core   0: 0x8000015c (0xfe1c0be3) beq     s8, ra, pc - 10
core   0: 3 0x8000015c (0xfe1c0be3)
core   0: 0x80000160 (0x0000d1fd) c.beqz  a1, pc - 26
core   0: 3 0x80000160 (0xd1fd)
core   0: 0x80000162 (0x024124b3) mulhsu  s1, sp, tp
core   0: 3 0x80000162 (0x024124b3) x9  0xffffffff
core   0: 0x80000166 (0x00004585) c.li    a1, 1
core   0: 3 0x80000166 (0x4585) x11 0x00000001
core   0: 0x80000168 (0x00008fa9) c.xor   a5, a0
core   0: 3 0x80000168 (0x8fa9) x15 0x00000202
core   0: 0x8000016a (0x00004105) c.li    sp, 1
core   0: 3 0x8000016a (0x4105) x2  0x00000001
core   0: 0x8000016c (0x0000423d) c.li    tp, 15
core   0: 3 0x8000016c (0x423d) x4  0x0000000f
core   0: 0x8000016e (0x00008d2d) c.xor   a0, a1
core   0: 3 0x8000016e (0x8d2d) x10 0x00000203
core   0: 0x80000170 (0xbec9f193) andi    gp, s3, -1044
core   0: 3 0x80000170 (0xbec9f193) x3  0x00000004
core   0: 0x80000174 (0x000005a9) c.addi  a1, 10
core   0: 3 0x80000174 (0x05a9) x11 0x0000000b
core   0: 0x80000176 (0x00000001) c.nop
core   0: 3 0x80000176 (0x0001)
core   0: 0x80000178 (0x00008881) c.andi  s1, 0
core   0: 3 0x80000178 (0x8881) x9  0x00000000
core   0: 0x8000017a (0x401adc93) srai    s9, s5, 1
core   0: 3 0x8000017a (0x401adc93) x25 0xc0012f32
core   0: 0x8000017e (0x03b7f0b3) remu    ra, a5, s11
core   0: 3 0x8000017e (0x03b7f0b3) x1  0x00000004
core   0: 0x80000182 (0xda044513) xori    a0, s0, -608
core   0: 3 0x80000182 (0xda044513) x10 0x7ffd6144
core   0: 0x80000186 (0x00008e09) c.sub   a2, a0
core   0: 3 0x80000186 (0x8e09) x12 0x80029ebb
core   0: 0x80000188 (0x032787b3) mul     a5, a5, s2
core   0: 3 0x80000188 (0x032787b3) x15 0x00000202
core   0: 0x8000018c (0xfe45e2e3) bltu    a1, tp, pc - 28
core   0: 3 0x8000018c (0xfe45e2e3)
core   0: 0x80000170 (0xbec9f193) andi    gp, s3, -1044
core   0: 3 0x80000170 (0xbec9f193) x3  0x00000004
core   0: 0x80000174 (0x000005a9) c.addi  a1, 10
core   0: 3 0x80000174 (0x05a9) x11 0x00000015
core   0: 0x80000176 (0x00000001) c.nop
core   0: 3 0x80000176 (0x0001)
core   0: 0x80000178 (0x00008881) c.andi  s1, 0
core   0: 3 0x80000178 (0x8881) x9  0x00000000
core   0: 0x8000017a (0x401adc93) srai    s9, s5, 1
core   0: 3 0x8000017a (0x401adc93) x25 0xc0012f32
core   0: 0x8000017e (0x03b7f0b3) remu    ra, a5, s11
core   0: 3 0x8000017e (0x03b7f0b3) x1  0x00000004
core   0: 0x80000182 (0xda044513) xori    a0, s0, -608
core   0: 3 0x80000182 (0xda044513) x10 0x7ffd6144
core   0: 0x80000186 (0x00008e09) c.sub   a2, a0
core   0: 3 0x80000186 (0x8e09) x12 0x00053d77
core   0: 0x80000188 (0x032787b3) mul     a5, a5, s2
core   0: 3 0x80000188 (0x032787b3) x15 0x00000202
core   0: 0x8000018c (0xfe45e2e3) bltu    a1, tp, pc - 28
core   0: 3 0x8000018c (0xfe45e2e3)
core   0: 0x80000190 (0x013b8933) add     s2, s7, s3
core   0: 3 0x80000190 (0x013b8933) x18 0x561520f2
core   0: 0x80000194 (0x000055fd) c.li    a1, -1
core   0: 3 0x80000194 (0x55fd) x11 0xffffffff
core   0: 0x80000196 (0x01d899b3) sll     s3, a7, t4
core   0: 3 0x80000196 (0x01d899b3) x19 0x80000000
core   0: 0x8000019a (0x00000001) c.nop
core   0: 3 0x8000019a (0x0001)
core   0: 0x8000019c (0x23b9fa13) andi    s4, s3, 571
core   0: 3 0x8000019c (0x23b9fa13) x20 0x00000000
core   0: 0x800001a0 (0x478a5537) lui     a0, 0x478a5
core   0: 3 0x800001a0 (0x478a5537) x10 0x478a5000
core   0: 0x800001a4 (0x00000585) c.addi  a1, 1
core   0: 3 0x800001a4 (0x0585) x11 0x00000000
core   0: 0x800001a6 (0x000046a5) c.li    a3, 9
core   0: 3 0x800001a6 (0x46a5) x13 0x00000009
core   0: 0x800001a8 (0x00004f21) c.li    t5, 8
core   0: 3 0x800001a8 (0x4f21) x30 0x00000008
core   0: 0x800001aa (0x40d35fb3) sra     t6, t1, a3
core   0: 3 0x800001aa (0x40d35fb3) x31 0x0039c214
core   0: 0x800001ae (0x0000161c) c.addi4spn a5, sp, 800
core   0: 3 0x800001ae (0x161c) x15 0x00000321
core   0: 0x800001b0 (0x000016e5) c.addi  a3, -7
core   0: 3 0x800001b0 (0x16e5) x13 0x00000002
core   0: 0x800001b2 (0xffe6fee3) bgeu    a3, t5, pc - 4
core   0: 3 0x800001b2 (0xffe6fee3)
core   0: 0x800001b6 (0x0000f1fd) c.bnez  a1, pc - 26
core   0: 3 0x800001b6 (0xf1fd)
core   0: 0x800001b8 (0x17aff513) andi    a0, t6, 378
core   0: 3 0x800001b8 (0x17aff513) x10 0x00000010
core   0: 0x800001bc (0x00004109) c.li    sp, 2
core   0: 3 0x800001bc (0x4109) x2  0x00000002
core   0: 0x800001be (0x00005e41) c.li    t3, -16
core   0: 3 0x800001be (0x5e41) x28 0xfffffff0
core   0: 0x800001c0 (0x418d80b3) sub     ra, s11, s8
core   0: 3 0x800001c0 (0x418d80b3) x1  0x0000000f
core   0: 0x800001c4 (0x00001169) c.addi  sp, -6
core   0: 3 0x800001c4 (0x1169) x2  0xfffffffc
core   0: 0x800001c6 (0xffc15de3) bge     sp, t3, pc - 6
core   0: 3 0x800001c6 (0xffc15de3)
core   0: 0x800001c0 (0x418d80b3) sub     ra, s11, s8
core   0: 3 0x800001c0 (0x418d80b3) x1  0x0000000f
core   0: 0x800001c4 (0x00001169) c.addi  sp, -6
core   0: 3 0x800001c4 (0x1169) x2  0xfffffff6
core   0: 0x800001c6 (0xffc15de3) bge     sp, t3, pc - 6
core   0: 3 0x800001c6 (0xffc15de3)
core   0: 0x800001c0 (0x418d80b3) sub     ra, s11, s8
core   0: 3 0x800001c0 (0x418d80b3) x1  0x0000000f
core   0: 0x800001c4 (0x00001169) c.addi  sp, -6
core   0: 3 0x800001c4 (0x1169) x2  0xfffffff0
core   0: 0x800001c6 (0xffc15de3) bge     sp, t3, pc - 6
core   0: 3 0x800001c6 (0xffc15de3)
core   0: 0x800001c0 (0x418d80b3) sub     ra, s11, s8
core   0: 3 0x800001c0 (0x418d80b3) x1  0x0000000f
core   0: 0x800001c4 (0x00001169) c.addi  sp, -6
core   0: 3 0x800001c4 (0x1169) x2  0xffffffea
core   0: 0x800001c6 (0xffc15de3) bge     sp, t3, pc - 6
core   0: 3 0x800001c6 (0xffc15de3)
core   0: 0x800001ca (0x00000001) c.nop
core   0: 3 0x800001ca (0x0001)
core   0: 0x800001cc (0x0000460d) c.li    a2, 3
core   0: 3 0x800001cc (0x460d) x12 0x00000003
core   0: 0x800001ce (0x00009216) c.add   tp, t0
core   0: 3 0x800001ce (0x9216) x4  0x561520fb
core   0: 0x800001d0 (0x00004b8d) c.li    s7, 3
core   0: 3 0x800001d0 (0x4b8d) x23 0x00000003
core   0: 0x800001d2 (0x00008289) c.srli  a3, 2
core   0: 3 0x800001d2 (0x8289) x13 0x00000000
core   0: 0x800001d4 (0x41ca03b3) sub     t2, s4, t3
core   0: 3 0x800001d4 (0x41ca03b3) x7  0x00000010
core   0: 0x800001d8 (0x003f23b3) slt     t2, t5, gp
core   0: 3 0x800001d8 (0x003f23b3) x7  0x00000000
core   0: 0x800001dc (0x00008d09) c.sub   a0, a0
core   0: 3 0x800001dc (0x8d09) x10 0x00000000
core   0: 0x800001de (0x0237bc33) mulhu   s8, a5, gp
core   0: 3 0x800001de (0x0237bc33) x24 0x00000000
core   0: 0x800001e2 (0x0000167d) c.addi  a2, -1
core   0: 3 0x800001e2 (0x167d) x12 0x00000002
core   0: 0x800001e4 (0xff767ae3) bgeu    a2, s7, pc - 12
core   0: 3 0x800001e4 (0xff767ae3)
core   0: 0x800001e8 (0x03761cb3) mulh    s9, a2, s7
core   0: 3 0x800001e8 (0x03761cb3) x25 0x00000000
core   0: 0x800001ec (0x00005f65) c.li    t5, -7
core   0: 3 0x800001ec (0x5f65) x30 0xfffffff9
core   0: 0x800001ee (0x00008ee1) c.and   a3, s0
core   0: 3 0x800001ee (0x8ee1) x13 0x00000000
core   0: 0x800001f0 (0x023fc533) div     a0, t6, gp
core   0: 3 0x800001f0 (0x023fc533) x10 0x000e7085
core   0: 0x800001f4 (0x00004d01) c.li    s10, 0
core   0: 3 0x800001f4 (0x4d01) x26 0x00000000
core   0: 0x800001f6 (0x00a0ca33) xor     s4, ra, a0
core   0: 3 0x800001f6 (0x00a0ca33) x20 0x000e708a
core   0: 0x800001fa (0x00000f05) c.addi  t5, 1
core   0: 3 0x800001fa (0x0f05) x30 0xfffffffa
core   0: 0x800001fc (0x66e38113) addi    sp, t2, 1646
core   0: 3 0x800001fc (0x66e38113) x2  0x0000066e
core   0: 0x80000200 (0x034e7fb3) remu    t6, t3, s4
core   0: 3 0x80000200 (0x034e7fb3) x31 0x000911ac
core   0: 0x80000204 (0x00004605) c.li    a2, 1
core   0: 3 0x80000204 (0x4605) x12 0x00000001
core   0: 0x80000206 (0x000044c5) c.li    s1, 17
core   0: 3 0x80000206 (0x44c5) x9  0x00000011
core   0: 0x80000208 (0x00000276) c.slli  tp, 29
core   0: 3 0x80000208 (0x0276) x4  0x60000000
core   0: 0x8000020a (0x00c01333) sll     t1, zero, a2
core   0: 3 0x8000020a (0x00c01333) x6  0x00000000
core   0: 0x8000020e (0x00006b0d) c.lui   s6, 0x3
core   0: 3 0x8000020e (0x6b0d) x22 0x00003000
core   0: 0x80000210 (0x000068dd) c.lui   a7, 0x17
core   0: 3 0x80000210 (0x68dd) x17 0x00017000
core   0: 0x80000212 (0x00000092) c.slli  ra, 4
core   0: 3 0x80000212 (0x0092) x1  0x000000f0
core   0: 0x80000214 (0x00008f6d) c.and   a4, a1
core   0: 3 0x80000214 (0x8f6d) x14 0x00000000
core   0: 0x80000216 (0x00000625) c.addi  a2, 9
core   0: 3 0x80000216 (0x0625) x12 0x0000000a
core   0: 0x80000218 (0x03f0bc33) mulhu   s8, ra, t6
core   0: 3 0x80000218 (0x03f0bc33) x24 0x00000000
core   0: 0x8000021c (0x8deec893) xori    a7, t4, -1826
core   0: 3 0x8000021c (0x8deec893) x17 0x00000721
core   0: 0x80000220 (0xc75bf213) andi    tp, s7, -907
core   0: 3 0x80000220 (0xc75bf213) x4  0x00000001
core   0: 0x80000224 (0x011e5db3) srl     s11, t3, a7
core   0: 3 0x80000224 (0x011e5db3) x27 0x7ffffff8
core   0: 0x80000228 (0x0000854d) c.srai  a0, 19
core   0: 3 0x80000228 (0x854d) x10 0x00000001
core   0: 0x8000022a (0x01881e93) slli    t4, a6, 24
core   0: 3 0x8000022a (0x01881e93) x29 0x00000000
core   0: 0x8000022e (0xfe9640e3) blt     a2, s1, pc - 32
core   0: 3 0x8000022e (0xfe9640e3)
core   0: 0x8000020e (0x00006b0d) c.lui   s6, 0x3
core   0: 3 0x8000020e (0x6b0d) x22 0x00003000
core   0: 0x80000210 (0x000068dd) c.lui   a7, 0x17
core   0: 3 0x80000210 (0x68dd) x17 0x00017000
core   0: 0x80000212 (0x00000092) c.slli  ra, 4
core   0: 3 0x80000212 (0x0092) x1  0x00000f00
core   0: 0x80000214 (0x00008f6d) c.and   a4, a1
core   0: 3 0x80000214 (0x8f6d) x14 0x00000000
core   0: 0x80000216 (0x00000625) c.addi  a2, 9
core   0: 3 0x80000216 (0x0625) x12 0x00000013
core   0: 0x80000218 (0x03f0bc33) mulhu   s8, ra, t6
core   0: 3 0x80000218 (0x03f0bc33) x24 0x00000000
core   0: 0x8000021c (0x8deec893) xori    a7, t4, -1826
core   0: 3 0x8000021c (0x8deec893) x17 0xfffff8de
core   0: 0x80000220 (0xc75bf213) andi    tp, s7, -907
core   0: 3 0x80000220 (0xc75bf213) x4  0x00000001
core   0: 0x80000224 (0x011e5db3) srl     s11, t3, a7
core   0: 3 0x80000224 (0x011e5db3) x27 0x00000003
core   0: 0x80000228 (0x0000854d) c.srai  a0, 19
core   0: 3 0x80000228 (0x854d) x10 0x00000000
core   0: 0x8000022a (0x01881e93) slli    t4, a6, 24
core   0: 3 0x8000022a (0x01881e93) x29 0x00000000
core   0: 0x8000022e (0xfe9640e3) blt     a2, s1, pc - 32
core   0: 3 0x8000022e (0xfe9640e3)
core   0: 0x80000232 (0x00008d4d) c.or    a0, a1
core   0: 3 0x80000232 (0x8d4d) x10 0x00000000
core   0: 0x80000234 (0x404ede93) srai    t4, t4, 4
core   0: 3 0x80000234 (0x404ede93) x29 0x00000000
core   0: 0x80000238 (0xa2164113) xori    sp, a2, -1503
core   0: 3 0x80000238 (0xa2164113) x2  0xfffffa32
core   0: 0x8000023c (0x009875b3) and     a1, a6, s1
core   0: 3 0x8000023c (0x009875b3) x11 0x00000000
core   0: 0x80000240 (0xa9abd7b7) lui     a5, 0xa9abd
core   0: 3 0x80000240 (0xa9abd7b7) x15 0xa9abd000
core   0: 0x80000244 (0x0158ac33) slt     s8, a7, s5
core   0: 3 0x80000244 (0x0158ac33) x24 0x00000000
core   0: 0x80000248 (0xfbaf07e3) beq     t5, s10, pc - 82
core   0: 3 0x80000248 (0xfbaf07e3)
core   0: 0x8000024c (0x01affe33) and     t3, t6, s10
core   0: 3 0x8000024c (0x01affe33) x28 0x00000000
core   0: 0x80000250 (0x00004701) c.li    a4, 0
core   0: 3 0x80000250 (0x4701) x14 0x00000000
core   0: 0x80000252 (0x000044cd) c.li    s1, 19
core   0: 3 0x80000252 (0x44cd) x9  0x00000013
core   0: 0x80000254 (0x00000001) c.nop
core   0: 3 0x80000254 (0x0001)
core   0: 0x80000256 (0x00000001) c.nop
core   0: 3 0x80000256 (0x0001)
core   0: 0x80000258 (0x029ee033) rem     zero, t4, s1
core   0: 3 0x80000258 (0x029ee033)
core   0: 0x8000025c (0x00000709) c.addi  a4, 2
core   0: 3 0x8000025c (0x0709) x14 0x00000002
core   0: 0x8000025e (0x00c9d033) srl     zero, s3, a2
core   0: 3 0x8000025e (0x00c9d033)
core   0: 0x80000262 (0x000096ba) c.add   a3, a4
core   0: 3 0x80000262 (0x96ba) x13 0x00000002
core   0: 0x80000264 (0x00004291) c.li    t0, 4
core   0: 3 0x80000264 (0x4291) x5  0x00000004
core   0: 0x80000266 (0x015ee333) or      t1, t4, s5
core   0: 3 0x80000266 (0x015ee333) x6  0x80025e64
core   0: 0x8000026a (0x00005d5d) c.li    s10, -9
core   0: 3 0x8000026a (0x5d5d) x26 0xfffffff7
core   0: 0x8000026c (0x00006129) c.addi16sp sp, 192
core   0: 3 0x8000026c (0x6129) x2  0xfffffaf2
core   0: 0x8000026e (0x0000717d) c.addi16sp sp, -16
core   0: 3 0x8000026e (0x717d) x2  0xfffffae2
core   0: 0x80000270 (0x030f3e33) mulhu   t3, t5, a6
core   0: 3 0x80000270 (0x030f3e33) x28 0x7ffffffd
core   0: 0x80000274 (0x00008d8d) c.sub   a1, a1
core   0: 3 0x80000274 (0x8d8d) x11 0x00000000
core   0: 0x80000276 (0xb3f4b8b7) lui     a7, 0xb3f4b
core   0: 3 0x80000276 (0xb3f4b8b7) x17 0xb3f4b000
core   0: 0x8000027a (0xcd23b593) sltiu   a1, t2, -814
core   0: 3 0x8000027a (0xcd23b593) x11 0x00000001
core   0: 0x8000027e (0x00008205) c.srli  a2, 1
core   0: 3 0x8000027e (0x8205) x12 0x00000009
core   0: 0x80000280 (0x000012fd) c.addi  t0, -1
core   0: 3 0x80000280 (0x12fd) x5  0x00000003
core   0: 0x80000282 (0x99acf0b7) lui     ra, 0x99acf
core   0: 3 0x80000282 (0x99acf0b7) x1  0x99acf000
core   0: 0x80000286 (0xffa285e3) beq     t0, s10, pc - 22
core   0: 3 0x80000286 (0xffa285e3)
core   0: 0x8000028a (0x01035213) srli    tp, t1, 16
core   0: 3 0x8000028a (0x01035213) x4  0x00008002
core   0: 0x8000028e (0x036286b3) mul     a3, t0, s6
core   0: 3 0x8000028e (0x036286b3) x13 0x00009000
core   0: 0x80000292 (0x41800cb3) sub     s9, zero, s8
core   0: 3 0x80000292 (0x41800cb3) x25 0x00000000
core   0: 0x80000296 (0x011bd533) srl     a0, s7, a7
core   0: 3 0x80000296 (0x011bd533) x10 0x00000003
core   0: 0x8000029a (0x9f87b013) sltiu   zero, a5, -1544
core   0: 3 0x8000029a (0x9f87b013)
core   0: 0x8000029e (0x000000b1) c.addi  ra, 12
core   0: 3 0x8000029e (0x00b1) x1  0x99acf00c
core   0: 0x800002a0 (0x0397e633) rem     a2, a5, s9
core   0: 3 0x800002a0 (0x0397e633) x12 0xa9abd000
core   0: 0x800002a4 (0x893f56b7) lui     a3, 0x893f5
core   0: 3 0x800002a4 (0x893f56b7) x13 0x893f5000
core   0: 0x800002a8 (0x00000df2) c.slli  s11, 28
core   0: 3 0x800002a8 (0x0df2) x27 0x30000000
core   0: 0x800002aa (0x5eacbe13) sltiu   t3, s9, 1514
core   0: 3 0x800002aa (0x5eacbe13) x28 0x00000001
core   0: 0x800002ae (0xfa9743e3) blt     a4, s1, pc - 90
core   0: 3 0x800002ae (0xfa9743e3)
core   0: 0x80000254 (0x00000001) c.nop
core   0: 3 0x80000254 (0x0001)
core   0: 0x80000256 (0x00000001) c.nop
core   0: 3 0x80000256 (0x0001)
core   0: 0x80000258 (0x029ee033) rem     zero, t4, s1
core   0: 3 0x80000258 (0x029ee033)
core   0: 0x8000025c (0x00000709) c.addi  a4, 2
core   0: 3 0x8000025c (0x0709) x14 0x00000004
core   0: 0x8000025e (0x00c9d033) srl     zero, s3, a2
core   0: 3 0x8000025e (0x00c9d033)
core   0: 0x80000262 (0x000096ba) c.add   a3, a4
core   0: 3 0x80000262 (0x96ba) x13 0x893f5004
core   0: 0x80000264 (0x00004291) c.li    t0, 4
core   0: 3 0x80000264 (0x4291) x5  0x00000004
core   0: 0x80000266 (0x015ee333) or      t1, t4, s5
core   0: 3 0x80000266 (0x015ee333) x6  0x80025e64
core   0: 0x8000026a (0x00005d5d) c.li    s10, -9
core   0: 3 0x8000026a (0x5d5d) x26 0xfffffff7
core   0: 0x8000026c (0x00006129) c.addi16sp sp, 192
core   0: 3 0x8000026c (0x6129) x2  0xfffffba2
core   0: 0x8000026e (0x0000717d) c.addi16sp sp, -16
core   0: 3 0x8000026e (0x717d) x2  0xfffffb92
core   0: 0x80000270 (0x030f3e33) mulhu   t3, t5, a6
core   0: 3 0x80000270 (0x030f3e33) x28 0x7ffffffd
core   0: 0x80000274 (0x00008d8d) c.sub   a1, a1
core   0: 3 0x80000274 (0x8d8d) x11 0x00000000
core   0: 0x80000276 (0xb3f4b8b7) lui     a7, 0xb3f4b
core   0: 3 0x80000276 (0xb3f4b8b7) x17 0xb3f4b000
core   0: 0x8000027a (0xcd23b593) sltiu   a1, t2, -814
core   0: 3 0x8000027a (0xcd23b593) x11 0x00000001
core   0: 0x8000027e (0x00008205) c.srli  a2, 1
core   0: 3 0x8000027e (0x8205) x12 0x54d5e800
core   0: 0x80000280 (0x000012fd) c.addi  t0, -1
core   0: 3 0x80000280 (0x12fd) x5  0x00000003
core   0: 0x80000282 (0x99acf0b7) lui     ra, 0x99acf
core   0: 3 0x80000282 (0x99acf0b7) x1  0x99acf000
core   0: 0x80000286 (0xffa285e3) beq     t0, s10, pc - 22
core   0: 3 0x80000286 (0xffa285e3)
core   0: 0x8000028a (0x01035213) srli    tp, t1, 16
core   0: 3 0x8000028a (0x01035213) x4  0x00008002
core   0: 0x8000028e (0x036286b3) mul     a3, t0, s6
core   0: 3 0x8000028e (0x036286b3) x13 0x00009000
core   0: 0x80000292 (0x41800cb3) sub     s9, zero, s8
core   0: 3 0x80000292 (0x41800cb3) x25 0x00000000
core   0: 0x80000296 (0x011bd533) srl     a0, s7, a7
core   0: 3 0x80000296 (0x011bd533) x10 0x00000003
core   0: 0x8000029a (0x9f87b013) sltiu   zero, a5, -1544
core   0: 3 0x8000029a (0x9f87b013)
core   0: 0x8000029e (0x000000b1) c.addi  ra, 12
core   0: 3 0x8000029e (0x00b1) x1  0x99acf00c
core   0: 0x800002a0 (0x0397e633) rem     a2, a5, s9
core   0: 3 0x800002a0 (0x0397e633) x12 0xa9abd000
core   0: 0x800002a4 (0x893f56b7) lui     a3, 0x893f5
core   0: 3 0x800002a4 (0x893f56b7) x13 0x893f5000
core   0: 0x800002a8 (0x00000df2) c.slli  s11, 28
core   0: 3 0x800002a8 (0x0df2) x27 0x00000000
core   0: 0x800002aa (0x5eacbe13) sltiu   t3, s9, 1514
core   0: 3 0x800002aa (0x5eacbe13) x28 0x00000001
core   0: 0x800002ae (0xfa9743e3) blt     a4, s1, pc - 90
core   0: 3 0x800002ae (0xfa9743e3)
core   0: 0x80000254 (0x00000001) c.nop
core   0: 3 0x80000254 (0x0001)
core   0: 0x80000256 (0x00000001) c.nop
core   0: 3 0x80000256 (0x0001)
core   0: 0x80000258 (0x029ee033) rem     zero, t4, s1
core   0: 3 0x80000258 (0x029ee033)
core   0: 0x8000025c (0x00000709) c.addi  a4, 2
core   0: 3 0x8000025c (0x0709) x14 0x00000006
core   0: 0x8000025e (0x00c9d033) srl     zero, s3, a2
core   0: 3 0x8000025e (0x00c9d033)
core   0: 0x80000262 (0x000096ba) c.add   a3, a4
core   0: 3 0x80000262 (0x96ba) x13 0x893f5006
core   0: 0x80000264 (0x00004291) c.li    t0, 4
core   0: 3 0x80000264 (0x4291) x5  0x00000004
core   0: 0x80000266 (0x015ee333) or      t1, t4, s5
core   0: 3 0x80000266 (0x015ee333) x6  0x80025e64
core   0: 0x8000026a (0x00005d5d) c.li    s10, -9
core   0: 3 0x8000026a (0x5d5d) x26 0xfffffff7
core   0: 0x8000026c (0x00006129) c.addi16sp sp, 192
core   0: 3 0x8000026c (0x6129) x2  0xfffffc52
core   0: 0x8000026e (0x0000717d) c.addi16sp sp, -16
core   0: 3 0x8000026e (0x717d) x2  0xfffffc42
core   0: 0x80000270 (0x030f3e33) mulhu   t3, t5, a6
core   0: 3 0x80000270 (0x030f3e33) x28 0x7ffffffd
core   0: 0x80000274 (0x00008d8d) c.sub   a1, a1
core   0: 3 0x80000274 (0x8d8d) x11 0x00000000
core   0: 0x80000276 (0xb3f4b8b7) lui     a7, 0xb3f4b
core   0: 3 0x80000276 (0xb3f4b8b7) x17 0xb3f4b000
core   0: 0x8000027a (0xcd23b593) sltiu   a1, t2, -814
core   0: 3 0x8000027a (0xcd23b593) x11 0x00000001
core   0: 0x8000027e (0x00008205) c.srli  a2, 1
core   0: 3 0x8000027e (0x8205) x12 0x54d5e800
core   0: 0x80000280 (0x000012fd) c.addi  t0, -1
core   0: 3 0x80000280 (0x12fd) x5  0x00000003
core   0: 0x80000282 (0x99acf0b7) lui     ra, 0x99acf
core   0: 3 0x80000282 (0x99acf0b7) x1  0x99acf000
core   0: 0x80000286 (0xffa285e3) beq     t0, s10, pc - 22
core   0: 3 0x80000286 (0xffa285e3)
core   0: 0x8000028a (0x01035213) srli    tp, t1, 16
core   0: 3 0x8000028a (0x01035213) x4  0x00008002
core   0: 0x8000028e (0x036286b3) mul     a3, t0, s6
core   0: 3 0x8000028e (0x036286b3) x13 0x00009000
core   0: 0x80000292 (0x41800cb3) sub     s9, zero, s8
core   0: 3 0x80000292 (0x41800cb3) x25 0x00000000
core   0: 0x80000296 (0x011bd533) srl     a0, s7, a7
core   0: 3 0x80000296 (0x011bd533) x10 0x00000003
core   0: 0x8000029a (0x9f87b013) sltiu   zero, a5, -1544
core   0: 3 0x8000029a (0x9f87b013)
core   0: 0x8000029e (0x000000b1) c.addi  ra, 12
core   0: 3 0x8000029e (0x00b1) x1  0x99acf00c
core   0: 0x800002a0 (0x0397e633) rem     a2, a5, s9
core   0: 3 0x800002a0 (0x0397e633) x12 0xa9abd000
core   0: 0x800002a4 (0x893f56b7) lui     a3, 0x893f5
core   0: 3 0x800002a4 (0x893f56b7) x13 0x893f5000
core   0: 0x800002a8 (0x00000df2) c.slli  s11, 28
core   0: 3 0x800002a8 (0x0df2) x27 0x00000000
core   0: 0x800002aa (0x5eacbe13) sltiu   t3, s9, 1514
core   0: 3 0x800002aa (0x5eacbe13) x28 0x00000001
core   0: 0x800002ae (0xfa9743e3) blt     a4, s1, pc - 90
core   0: 3 0x800002ae (0xfa9743e3)
core   0: 0x80000254 (0x00000001) c.nop
core   0: 3 0x80000254 (0x0001)
core   0: 0x80000256 (0x00000001) c.nop
core   0: 3 0x80000256 (0x0001)
core   0: 0x80000258 (0x029ee033) rem     zero, t4, s1
core   0: 3 0x80000258 (0x029ee033)
core   0: 0x8000025c (0x00000709) c.addi  a4, 2
core   0: 3 0x8000025c (0x0709) x14 0x00000008
core   0: 0x8000025e (0x00c9d033) srl     zero, s3, a2
core   0: 3 0x8000025e (0x00c9d033)
core   0: 0x80000262 (0x000096ba) c.add   a3, a4
core   0: 3 0x80000262 (0x96ba) x13 0x893f5008
core   0: 0x80000264 (0x00004291) c.li    t0, 4
core   0: 3 0x80000264 (0x4291) x5  0x00000004
core   0: 0x80000266 (0x015ee333) or      t1, t4, s5
core   0: 3 0x80000266 (0x015ee333) x6  0x80025e64
core   0: 0x8000026a (0x00005d5d) c.li    s10, -9
core   0: 3 0x8000026a (0x5d5d) x26 0xfffffff7
core   0: 0x8000026c (0x00006129) c.addi16sp sp, 192
core   0: 3 0x8000026c (0x6129) x2  0xfffffd02
core   0: 0x8000026e (0x0000717d) c.addi16sp sp, -16
core   0: 3 0x8000026e (0x717d) x2  0xfffffcf2
core   0: 0x80000270 (0x030f3e33) mulhu   t3, t5, a6
core   0: 3 0x80000270 (0x030f3e33) x28 0x7ffffffd
core   0: 0x80000274 (0x00008d8d) c.sub   a1, a1
core   0: 3 0x80000274 (0x8d8d) x11 0x00000000
core   0: 0x80000276 (0xb3f4b8b7) lui     a7, 0xb3f4b
core   0: 3 0x80000276 (0xb3f4b8b7) x17 0xb3f4b000
core   0: 0x8000027a (0xcd23b593) sltiu   a1, t2, -814
core   0: 3 0x8000027a (0xcd23b593) x11 0x00000001
core   0: 0x8000027e (0x00008205) c.srli  a2, 1
core   0: 3 0x8000027e (0x8205) x12 0x54d5e800
core   0: 0x80000280 (0x000012fd) c.addi  t0, -1
core   0: 3 0x80000280 (0x12fd) x5  0x00000003
core   0: 0x80000282 (0x99acf0b7) lui     ra, 0x99acf
core   0: 3 0x80000282 (0x99acf0b7) x1  0x99acf000
core   0: 0x80000286 (0xffa285e3) beq     t0, s10, pc - 22
core   0: 3 0x80000286 (0xffa285e3)
core   0: 0x8000028a (0x01035213) srli    tp, t1, 16
core   0: 3 0x8000028a (0x01035213) x4  0x00008002
core   0: 0x8000028e (0x036286b3) mul     a3, t0, s6
core   0: 3 0x8000028e (0x036286b3) x13 0x00009000
core   0: 0x80000292 (0x41800cb3) sub     s9, zero, s8
core   0: 3 0x80000292 (0x41800cb3) x25 0x00000000
core   0: 0x80000296 (0x011bd533) srl     a0, s7, a7
core   0: 3 0x80000296 (0x011bd533) x10 0x00000003
core   0: 0x8000029a (0x9f87b013) sltiu   zero, a5, -1544
core   0: 3 0x8000029a (0x9f87b013)
core   0: 0x8000029e (0x000000b1) c.addi  ra, 12
core   0: 3 0x8000029e (0x00b1) x1  0x99acf00c
core   0: 0x800002a0 (0x0397e633) rem     a2, a5, s9
core   0: 3 0x800002a0 (0x0397e633) x12 0xa9abd000
core   0: 0x800002a4 (0x893f56b7) lui     a3, 0x893f5
core   0: 3 0x800002a4 (0x893f56b7) x13 0x893f5000
core   0: 0x800002a8 (0x00000df2) c.slli  s11, 28
core   0: 3 0x800002a8 (0x0df2) x27 0x00000000
core   0: 0x800002aa (0x5eacbe13) sltiu   t3, s9, 1514
core   0: 3 0x800002aa (0x5eacbe13) x28 0x00000001
core   0: 0x800002ae (0xfa9743e3) blt     a4, s1, pc - 90
core   0: 3 0x800002ae (0xfa9743e3)
core   0: 0x80000254 (0x00000001) c.nop
core   0: 3 0x80000254 (0x0001)
core   0: 0x80000256 (0x00000001) c.nop
core   0: 3 0x80000256 (0x0001)
core   0: 0x80000258 (0x029ee033) rem     zero, t4, s1
core   0: 3 0x80000258 (0x029ee033)
core   0: 0x8000025c (0x00000709) c.addi  a4, 2
core   0: 3 0x8000025c (0x0709) x14 0x0000000a
core   0: 0x8000025e (0x00c9d033) srl     zero, s3, a2
core   0: 3 0x8000025e (0x00c9d033)
core   0: 0x80000262 (0x000096ba) c.add   a3, a4
core   0: 3 0x80000262 (0x96ba) x13 0x893f500a
core   0: 0x80000264 (0x00004291) c.li    t0, 4
core   0: 3 0x80000264 (0x4291) x5  0x00000004
core   0: 0x80000266 (0x015ee333) or      t1, t4, s5
core   0: 3 0x80000266 (0x015ee333) x6  0x80025e64
core   0: 0x8000026a (0x00005d5d) c.li    s10, -9
core   0: 3 0x8000026a (0x5d5d) x26 0xfffffff7
core   0: 0x8000026c (0x00006129) c.addi16sp sp, 192
core   0: 3 0x8000026c (0x6129) x2  0xfffffdb2
core   0: 0x8000026e (0x0000717d) c.addi16sp sp, -16
core   0: 3 0x8000026e (0x717d) x2  0xfffffda2
core   0: 0x80000270 (0x030f3e33) mulhu   t3, t5, a6
core   0: 3 0x80000270 (0x030f3e33) x28 0x7ffffffd
core   0: 0x80000274 (0x00008d8d) c.sub   a1, a1
core   0: 3 0x80000274 (0x8d8d) x11 0x00000000
core   0: 0x80000276 (0xb3f4b8b7) lui     a7, 0xb3f4b
core   0: 3 0x80000276 (0xb3f4b8b7) x17 0xb3f4b000
core   0: 0x8000027a (0xcd23b593) sltiu   a1, t2, -814
core   0: 3 0x8000027a (0xcd23b593) x11 0x00000001
core   0: 0x8000027e (0x00008205) c.srli  a2, 1
core   0: 3 0x8000027e (0x8205) x12 0x54d5e800
core   0: 0x80000280 (0x000012fd) c.addi  t0, -1
core   0: 3 0x80000280 (0x12fd) x5  0x00000003
core   0: 0x80000282 (0x99acf0b7) lui     ra, 0x99acf
core   0: 3 0x80000282 (0x99acf0b7) x1  0x99acf000
core   0: 0x80000286 (0xffa285e3) beq     t0, s10, pc - 22
core   0: 3 0x80000286 (0xffa285e3)
core   0: 0x8000028a (0x01035213) srli    tp, t1, 16
core   0: 3 0x8000028a (0x01035213) x4  0x00008002
core   0: 0x8000028e (0x036286b3) mul     a3, t0, s6
core   0: 3 0x8000028e (0x036286b3) x13 0x00009000
core   0: 0x80000292 (0x41800cb3) sub     s9, zero, s8
core   0: 3 0x80000292 (0x41800cb3) x25 0x00000000
core   0: 0x80000296 (0x011bd533) srl     a0, s7, a7
core   0: 3 0x80000296 (0x011bd533) x10 0x00000003
core   0: 0x8000029a (0x9f87b013) sltiu   zero, a5, -1544
core   0: 3 0x8000029a (0x9f87b013)
core   0: 0x8000029e (0x000000b1) c.addi  ra, 12
core   0: 3 0x8000029e (0x00b1) x1  0x99acf00c
core   0: 0x800002a0 (0x0397e633) rem     a2, a5, s9
core   0: 3 0x800002a0 (0x0397e633) x12 0xa9abd000
core   0: 0x800002a4 (0x893f56b7) lui     a3, 0x893f5
core   0: 3 0x800002a4 (0x893f56b7) x13 0x893f5000
core   0: 0x800002a8 (0x00000df2) c.slli  s11, 28
core   0: 3 0x800002a8 (0x0df2) x27 0x00000000
core   0: 0x800002aa (0x5eacbe13) sltiu   t3, s9, 1514
core   0: 3 0x800002aa (0x5eacbe13) x28 0x00000001
core   0: 0x800002ae (0xfa9743e3) blt     a4, s1, pc - 90
core   0: 3 0x800002ae (0xfa9743e3)
core   0: 0x80000254 (0x00000001) c.nop
core   0: 3 0x80000254 (0x0001)
core   0: 0x80000256 (0x00000001) c.nop
core   0: 3 0x80000256 (0x0001)
core   0: 0x80000258 (0x029ee033) rem     zero, t4, s1
core   0: 3 0x80000258 (0x029ee033)
core   0: 0x8000025c (0x00000709) c.addi  a4, 2
core   0: 3 0x8000025c (0x0709) x14 0x0000000c
core   0: 0x8000025e (0x00c9d033) srl     zero, s3, a2
core   0: 3 0x8000025e (0x00c9d033)
core   0: 0x80000262 (0x000096ba) c.add   a3, a4
core   0: 3 0x80000262 (0x96ba) x13 0x893f500c
core   0: 0x80000264 (0x00004291) c.li    t0, 4
core   0: 3 0x80000264 (0x4291) x5  0x00000004
core   0: 0x80000266 (0x015ee333) or      t1, t4, s5
core   0: 3 0x80000266 (0x015ee333) x6  0x80025e64
core   0: 0x8000026a (0x00005d5d) c.li    s10, -9
core   0: 3 0x8000026a (0x5d5d) x26 0xfffffff7
core   0: 0x8000026c (0x00006129) c.addi16sp sp, 192
core   0: 3 0x8000026c (0x6129) x2  0xfffffe62
core   0: 0x8000026e (0x0000717d) c.addi16sp sp, -16
core   0: 3 0x8000026e (0x717d) x2  0xfffffe52
core   0: 0x80000270 (0x030f3e33) mulhu   t3, t5, a6
core   0: 3 0x80000270 (0x030f3e33) x28 0x7ffffffd
core   0: 0x80000274 (0x00008d8d) c.sub   a1, a1
core   0: 3 0x80000274 (0x8d8d) x11 0x00000000
core   0: 0x80000276 (0xb3f4b8b7) lui     a7, 0xb3f4b
core   0: 3 0x80000276 (0xb3f4b8b7) x17 0xb3f4b000
core   0: 0x8000027a (0xcd23b593) sltiu   a1, t2, -814
core   0: 3 0x8000027a (0xcd23b593) x11 0x00000001
core   0: 0x8000027e (0x00008205) c.srli  a2, 1
core   0: 3 0x8000027e (0x8205) x12 0x54d5e800
core   0: 0x80000280 (0x000012fd) c.addi  t0, -1
core   0: 3 0x80000280 (0x12fd) x5  0x00000003
core   0: 0x80000282 (0x99acf0b7) lui     ra, 0x99acf
core   0: 3 0x80000282 (0x99acf0b7) x1  0x99acf000
core   0: 0x80000286 (0xffa285e3) beq     t0, s10, pc - 22
core   0: 3 0x80000286 (0xffa285e3)
core   0: 0x8000028a (0x01035213) srli    tp, t1, 16
core   0: 3 0x8000028a (0x01035213) x4  0x00008002
core   0: 0x8000028e (0x036286b3) mul     a3, t0, s6
core   0: 3 0x8000028e (0x036286b3) x13 0x00009000
core   0: 0x80000292 (0x41800cb3) sub     s9, zero, s8
core   0: 3 0x80000292 (0x41800cb3) x25 0x00000000
core   0: 0x80000296 (0x011bd533) srl     a0, s7, a7
core   0: 3 0x80000296 (0x011bd533) x10 0x00000003
core   0: 0x8000029a (0x9f87b013) sltiu   zero, a5, -1544
core   0: 3 0x8000029a (0x9f87b013)
core   0: 0x8000029e (0x000000b1) c.addi  ra, 12
core   0: 3 0x8000029e (0x00b1) x1  0x99acf00c
core   0: 0x800002a0 (0x0397e633) rem     a2, a5, s9
core   0: 3 0x800002a0 (0x0397e633) x12 0xa9abd000
core   0: 0x800002a4 (0x893f56b7) lui     a3, 0x893f5
core   0: 3 0x800002a4 (0x893f56b7) x13 0x893f5000
core   0: 0x800002a8 (0x00000df2) c.slli  s11, 28
core   0: 3 0x800002a8 (0x0df2) x27 0x00000000
core   0: 0x800002aa (0x5eacbe13) sltiu   t3, s9, 1514
core   0: 3 0x800002aa (0x5eacbe13) x28 0x00000001
core   0: 0x800002ae (0xfa9743e3) blt     a4, s1, pc - 90
core   0: 3 0x800002ae (0xfa9743e3)
core   0: 0x80000254 (0x00000001) c.nop
core   0: 3 0x80000254 (0x0001)
core   0: 0x80000256 (0x00000001) c.nop
core   0: 3 0x80000256 (0x0001)
core   0: 0x80000258 (0x029ee033) rem     zero, t4, s1
core   0: 3 0x80000258 (0x029ee033)
core   0: 0x8000025c (0x00000709) c.addi  a4, 2
core   0: 3 0x8000025c (0x0709) x14 0x0000000e
core   0: 0x8000025e (0x00c9d033) srl     zero, s3, a2
core   0: 3 0x8000025e (0x00c9d033)
core   0: 0x80000262 (0x000096ba) c.add   a3, a4
core   0: 3 0x80000262 (0x96ba) x13 0x893f500e
core   0: 0x80000264 (0x00004291) c.li    t0, 4
core   0: 3 0x80000264 (0x4291) x5  0x00000004
core   0: 0x80000266 (0x015ee333) or      t1, t4, s5
core   0: 3 0x80000266 (0x015ee333) x6  0x80025e64
core   0: 0x8000026a (0x00005d5d) c.li    s10, -9
core   0: 3 0x8000026a (0x5d5d) x26 0xfffffff7
core   0: 0x8000026c (0x00006129) c.addi16sp sp, 192
core   0: 3 0x8000026c (0x6129) x2  0xffffff12
core   0: 0x8000026e (0x0000717d) c.addi16sp sp, -16
core   0: 3 0x8000026e (0x717d) x2  0xffffff02
core   0: 0x80000270 (0x030f3e33) mulhu   t3, t5, a6
core   0: 3 0x80000270 (0x030f3e33) x28 0x7ffffffd
core   0: 0x80000274 (0x00008d8d) c.sub   a1, a1
core   0: 3 0x80000274 (0x8d8d) x11 0x00000000
core   0: 0x80000276 (0xb3f4b8b7) lui     a7, 0xb3f4b
core   0: 3 0x80000276 (0xb3f4b8b7) x17 0xb3f4b000
core   0: 0x8000027a (0xcd23b593) sltiu   a1, t2, -814
core   0: 3 0x8000027a (0xcd23b593) x11 0x00000001
core   0: 0x8000027e (0x00008205) c.srli  a2, 1
core   0: 3 0x8000027e (0x8205) x12 0x54d5e800
core   0: 0x80000280 (0x000012fd) c.addi  t0, -1
core   0: 3 0x80000280 (0x12fd) x5  0x00000003
core   0: 0x80000282 (0x99acf0b7) lui     ra, 0x99acf
core   0: 3 0x80000282 (0x99acf0b7) x1  0x99acf000
core   0: 0x80000286 (0xffa285e3) beq     t0, s10, pc - 22
core   0: 3 0x80000286 (0xffa285e3)
core   0: 0x8000028a (0x01035213) srli    tp, t1, 16
core   0: 3 0x8000028a (0x01035213) x4  0x00008002
core   0: 0x8000028e (0x036286b3) mul     a3, t0, s6
core   0: 3 0x8000028e (0x036286b3) x13 0x00009000
core   0: 0x80000292 (0x41800cb3) sub     s9, zero, s8
core   0: 3 0x80000292 (0x41800cb3) x25 0x00000000
core   0: 0x80000296 (0x011bd533) srl     a0, s7, a7
core   0: 3 0x80000296 (0x011bd533) x10 0x00000003
core   0: 0x8000029a (0x9f87b013) sltiu   zero, a5, -1544
core   0: 3 0x8000029a (0x9f87b013)
core   0: 0x8000029e (0x000000b1) c.addi  ra, 12
core   0: 3 0x8000029e (0x00b1) x1  0x99acf00c
core   0: 0x800002a0 (0x0397e633) rem     a2, a5, s9
core   0: 3 0x800002a0 (0x0397e633) x12 0xa9abd000
core   0: 0x800002a4 (0x893f56b7) lui     a3, 0x893f5
core   0: 3 0x800002a4 (0x893f56b7) x13 0x893f5000
core   0: 0x800002a8 (0x00000df2) c.slli  s11, 28
core   0: 3 0x800002a8 (0x0df2) x27 0x00000000
core   0: 0x800002aa (0x5eacbe13) sltiu   t3, s9, 1514
core   0: 3 0x800002aa (0x5eacbe13) x28 0x00000001
core   0: 0x800002ae (0xfa9743e3) blt     a4, s1, pc - 90
core   0: 3 0x800002ae (0xfa9743e3)
core   0: 0x80000254 (0x00000001) c.nop
core   0: 3 0x80000254 (0x0001)
core   0: 0x80000256 (0x00000001) c.nop
core   0: 3 0x80000256 (0x0001)
core   0: 0x80000258 (0x029ee033) rem     zero, t4, s1
core   0: 3 0x80000258 (0x029ee033)
core   0: 0x8000025c (0x00000709) c.addi  a4, 2
core   0: 3 0x8000025c (0x0709) x14 0x00000010
core   0: 0x8000025e (0x00c9d033) srl     zero, s3, a2
core   0: 3 0x8000025e (0x00c9d033)
core   0: 0x80000262 (0x000096ba) c.add   a3, a4
core   0: 3 0x80000262 (0x96ba) x13 0x893f5010
core   0: 0x80000264 (0x00004291) c.li    t0, 4
core   0: 3 0x80000264 (0x4291) x5  0x00000004
core   0: 0x80000266 (0x015ee333) or      t1, t4, s5
core   0: 3 0x80000266 (0x015ee333) x6  0x80025e64
core   0: 0x8000026a (0x00005d5d) c.li    s10, -9
core   0: 3 0x8000026a (0x5d5d) x26 0xfffffff7
core   0: 0x8000026c (0x00006129) c.addi16sp sp, 192
core   0: 3 0x8000026c (0x6129) x2  0xffffffc2
core   0: 0x8000026e (0x0000717d) c.addi16sp sp, -16
core   0: 3 0x8000026e (0x717d) x2  0xffffffb2
core   0: 0x80000270 (0x030f3e33) mulhu   t3, t5, a6
core   0: 3 0x80000270 (0x030f3e33) x28 0x7ffffffd
core   0: 0x80000274 (0x00008d8d) c.sub   a1, a1
core   0: 3 0x80000274 (0x8d8d) x11 0x00000000
core   0: 0x80000276 (0xb3f4b8b7) lui     a7, 0xb3f4b
core   0: 3 0x80000276 (0xb3f4b8b7) x17 0xb3f4b000
core   0: 0x8000027a (0xcd23b593) sltiu   a1, t2, -814
core   0: 3 0x8000027a (0xcd23b593) x11 0x00000001
core   0: 0x8000027e (0x00008205) c.srli  a2, 1
core   0: 3 0x8000027e (0x8205) x12 0x54d5e800
core   0: 0x80000280 (0x000012fd) c.addi  t0, -1
core   0: 3 0x80000280 (0x12fd) x5  0x00000003
core   0: 0x80000282 (0x99acf0b7) lui     ra, 0x99acf
core   0: 3 0x80000282 (0x99acf0b7) x1  0x99acf000
core   0: 0x80000286 (0xffa285e3) beq     t0, s10, pc - 22
core   0: 3 0x80000286 (0xffa285e3)
core   0: 0x8000028a (0x01035213) srli    tp, t1, 16
core   0: 3 0x8000028a (0x01035213) x4  0x00008002
core   0: 0x8000028e (0x036286b3) mul     a3, t0, s6
core   0: 3 0x8000028e (0x036286b3) x13 0x00009000
core   0: 0x80000292 (0x41800cb3) sub     s9, zero, s8
core   0: 3 0x80000292 (0x41800cb3) x25 0x00000000
core   0: 0x80000296 (0x011bd533) srl     a0, s7, a7
core   0: 3 0x80000296 (0x011bd533) x10 0x00000003
core   0: 0x8000029a (0x9f87b013) sltiu   zero, a5, -1544
core   0: 3 0x8000029a (0x9f87b013)
core   0: 0x8000029e (0x000000b1) c.addi  ra, 12
core   0: 3 0x8000029e (0x00b1) x1  0x99acf00c
core   0: 0x800002a0 (0x0397e633) rem     a2, a5, s9
core   0: 3 0x800002a0 (0x0397e633) x12 0xa9abd000
core   0: 0x800002a4 (0x893f56b7) lui     a3, 0x893f5
core   0: 3 0x800002a4 (0x893f56b7) x13 0x893f5000
core   0: 0x800002a8 (0x00000df2) c.slli  s11, 28
core   0: 3 0x800002a8 (0x0df2) x27 0x00000000
core   0: 0x800002aa (0x5eacbe13) sltiu   t3, s9, 1514
core   0: 3 0x800002aa (0x5eacbe13) x28 0x00000001
core   0: 0x800002ae (0xfa9743e3) blt     a4, s1, pc - 90
core   0: 3 0x800002ae (0xfa9743e3)
core   0: 0x80000254 (0x00000001) c.nop
core   0: 3 0x80000254 (0x0001)
core   0: 0x80000256 (0x00000001) c.nop
core   0: 3 0x80000256 (0x0001)
core   0: 0x80000258 (0x029ee033) rem     zero, t4, s1
core   0: 3 0x80000258 (0x029ee033)
core   0: 0x8000025c (0x00000709) c.addi  a4, 2
core   0: 3 0x8000025c (0x0709) x14 0x00000012
core   0: 0x8000025e (0x00c9d033) srl     zero, s3, a2
core   0: 3 0x8000025e (0x00c9d033)
core   0: 0x80000262 (0x000096ba) c.add   a3, a4
core   0: 3 0x80000262 (0x96ba) x13 0x893f5012
core   0: 0x80000264 (0x00004291) c.li    t0, 4
core   0: 3 0x80000264 (0x4291) x5  0x00000004
core   0: 0x80000266 (0x015ee333) or      t1, t4, s5
core   0: 3 0x80000266 (0x015ee333) x6  0x80025e64
core   0: 0x8000026a (0x00005d5d) c.li    s10, -9
core   0: 3 0x8000026a (0x5d5d) x26 0xfffffff7
core   0: 0x8000026c (0x00006129) c.addi16sp sp, 192
core   0: 3 0x8000026c (0x6129) x2  0x00000072
core   0: 0x8000026e (0x0000717d) c.addi16sp sp, -16
core   0: 3 0x8000026e (0x717d) x2  0x00000062
core   0: 0x80000270 (0x030f3e33) mulhu   t3, t5, a6
core   0: 3 0x80000270 (0x030f3e33) x28 0x7ffffffd
core   0: 0x80000274 (0x00008d8d) c.sub   a1, a1
core   0: 3 0x80000274 (0x8d8d) x11 0x00000000
core   0: 0x80000276 (0xb3f4b8b7) lui     a7, 0xb3f4b
core   0: 3 0x80000276 (0xb3f4b8b7) x17 0xb3f4b000
core   0: 0x8000027a (0xcd23b593) sltiu   a1, t2, -814
core   0: 3 0x8000027a (0xcd23b593) x11 0x00000001
core   0: 0x8000027e (0x00008205) c.srli  a2, 1
core   0: 3 0x8000027e (0x8205) x12 0x54d5e800
core   0: 0x80000280 (0x000012fd) c.addi  t0, -1
core   0: 3 0x80000280 (0x12fd) x5  0x00000003
core   0: 0x80000282 (0x99acf0b7) lui     ra, 0x99acf
core   0: 3 0x80000282 (0x99acf0b7) x1  0x99acf000
core   0: 0x80000286 (0xffa285e3) beq     t0, s10, pc - 22
core   0: 3 0x80000286 (0xffa285e3)
core   0: 0x8000028a (0x01035213) srli    tp, t1, 16
core   0: 3 0x8000028a (0x01035213) x4  0x00008002
core   0: 0x8000028e (0x036286b3) mul     a3, t0, s6
core   0: 3 0x8000028e (0x036286b3) x13 0x00009000
core   0: 0x80000292 (0x41800cb3) sub     s9, zero, s8
core   0: 3 0x80000292 (0x41800cb3) x25 0x00000000
core   0: 0x80000296 (0x011bd533) srl     a0, s7, a7
core   0: 3 0x80000296 (0x011bd533) x10 0x00000003
core   0: 0x8000029a (0x9f87b013) sltiu   zero, a5, -1544
core   0: 3 0x8000029a (0x9f87b013)
core   0: 0x8000029e (0x000000b1) c.addi  ra, 12
core   0: 3 0x8000029e (0x00b1) x1  0x99acf00c
core   0: 0x800002a0 (0x0397e633) rem     a2, a5, s9
core   0: 3 0x800002a0 (0x0397e633) x12 0xa9abd000
core   0: 0x800002a4 (0x893f56b7) lui     a3, 0x893f5
core   0: 3 0x800002a4 (0x893f56b7) x13 0x893f5000
core   0: 0x800002a8 (0x00000df2) c.slli  s11, 28
core   0: 3 0x800002a8 (0x0df2) x27 0x00000000
core   0: 0x800002aa (0x5eacbe13) sltiu   t3, s9, 1514
core   0: 3 0x800002aa (0x5eacbe13) x28 0x00000001
core   0: 0x800002ae (0xfa9743e3) blt     a4, s1, pc - 90
core   0: 3 0x800002ae (0xfa9743e3)
core   0: 0x80000254 (0x00000001) c.nop
core   0: 3 0x80000254 (0x0001)
core   0: 0x80000256 (0x00000001) c.nop
core   0: 3 0x80000256 (0x0001)
core   0: 0x80000258 (0x029ee033) rem     zero, t4, s1
core   0: 3 0x80000258 (0x029ee033)
core   0: 0x8000025c (0x00000709) c.addi  a4, 2
core   0: 3 0x8000025c (0x0709) x14 0x00000014
core   0: 0x8000025e (0x00c9d033) srl     zero, s3, a2
core   0: 3 0x8000025e (0x00c9d033)
core   0: 0x80000262 (0x000096ba) c.add   a3, a4
core   0: 3 0x80000262 (0x96ba) x13 0x893f5014
core   0: 0x80000264 (0x00004291) c.li    t0, 4
core   0: 3 0x80000264 (0x4291) x5  0x00000004
core   0: 0x80000266 (0x015ee333) or      t1, t4, s5
core   0: 3 0x80000266 (0x015ee333) x6  0x80025e64
core   0: 0x8000026a (0x00005d5d) c.li    s10, -9
core   0: 3 0x8000026a (0x5d5d) x26 0xfffffff7
core   0: 0x8000026c (0x00006129) c.addi16sp sp, 192
core   0: 3 0x8000026c (0x6129) x2  0x00000122
core   0: 0x8000026e (0x0000717d) c.addi16sp sp, -16
core   0: 3 0x8000026e (0x717d) x2  0x00000112
core   0: 0x80000270 (0x030f3e33) mulhu   t3, t5, a6
core   0: 3 0x80000270 (0x030f3e33) x28 0x7ffffffd
core   0: 0x80000274 (0x00008d8d) c.sub   a1, a1
core   0: 3 0x80000274 (0x8d8d) x11 0x00000000
core   0: 0x80000276 (0xb3f4b8b7) lui     a7, 0xb3f4b
core   0: 3 0x80000276 (0xb3f4b8b7) x17 0xb3f4b000
core   0: 0x8000027a (0xcd23b593) sltiu   a1, t2, -814
core   0: 3 0x8000027a (0xcd23b593) x11 0x00000001
core   0: 0x8000027e (0x00008205) c.srli  a2, 1
core   0: 3 0x8000027e (0x8205) x12 0x54d5e800
core   0: 0x80000280 (0x000012fd) c.addi  t0, -1
core   0: 3 0x80000280 (0x12fd) x5  0x00000003
core   0: 0x80000282 (0x99acf0b7) lui     ra, 0x99acf
core   0: 3 0x80000282 (0x99acf0b7) x1  0x99acf000
core   0: 0x80000286 (0xffa285e3) beq     t0, s10, pc - 22
core   0: 3 0x80000286 (0xffa285e3)
core   0: 0x8000028a (0x01035213) srli    tp, t1, 16
core   0: 3 0x8000028a (0x01035213) x4  0x00008002
core   0: 0x8000028e (0x036286b3) mul     a3, t0, s6
core   0: 3 0x8000028e (0x036286b3) x13 0x00009000
core   0: 0x80000292 (0x41800cb3) sub     s9, zero, s8
core   0: 3 0x80000292 (0x41800cb3) x25 0x00000000
core   0: 0x80000296 (0x011bd533) srl     a0, s7, a7
core   0: 3 0x80000296 (0x011bd533) x10 0x00000003
core   0: 0x8000029a (0x9f87b013) sltiu   zero, a5, -1544
core   0: 3 0x8000029a (0x9f87b013)
core   0: 0x8000029e (0x000000b1) c.addi  ra, 12
core   0: 3 0x8000029e (0x00b1) x1  0x99acf00c
core   0: 0x800002a0 (0x0397e633) rem     a2, a5, s9
core   0: 3 0x800002a0 (0x0397e633) x12 0xa9abd000
core   0: 0x800002a4 (0x893f56b7) lui     a3, 0x893f5
core   0: 3 0x800002a4 (0x893f56b7) x13 0x893f5000
core   0: 0x800002a8 (0x00000df2) c.slli  s11, 28
core   0: 3 0x800002a8 (0x0df2) x27 0x00000000
core   0: 0x800002aa (0x5eacbe13) sltiu   t3, s9, 1514
core   0: 3 0x800002aa (0x5eacbe13) x28 0x00000001
core   0: 0x800002ae (0xfa9743e3) blt     a4, s1, pc - 90
core   0: 3 0x800002ae (0xfa9743e3)
core   0: 0x800002b2 (0x00008e2d) c.xor   a2, a1
core   0: 3 0x800002b2 (0x8e2d) x12 0xa9abd001
core   0: 0x800002b4 (0x00005761) c.li    a4, -8
core   0: 3 0x800002b4 (0x5761) x14 0xfffffff8
core   0: 0x800002b6 (0x00632d33) slt     s10, t1, t1
core   0: 3 0x800002b6 (0x00632d33) x26 0x00000000
core   0: 0x800002ba (0x00d1d693) srli    a3, gp, 13
core   0: 3 0x800002ba (0x00d1d693) x13 0x00000000
core   0: 0x800002be (0x000045a9) c.li    a1, 10
core   0: 3 0x800002be (0x45a9) x11 0x0000000a
core   0: 0x800002c0 (0xe5154513) xori    a0, a0, -431
core   0: 3 0x800002c0 (0xe5154513) x10 0xfffffe52
core   0: 0x800002c4 (0x01afefb3) or      t6, t6, s10
core   0: 3 0x800002c4 (0x01afefb3) x31 0x000911ac
core   0: 0x800002c8 (0x0000070d) c.addi  a4, 3
core   0: 3 0x800002c8 (0x070d) x14 0xfffffffb
core   0: 0x800002ca (0x40515293) srai    t0, sp, 5
core   0: 3 0x800002ca (0x40515293) x5  0x00000008
core   0: 0x800002ce (0x500d6693) ori     a3, s10, 1280
core   0: 3 0x800002ce (0x500d6693) x13 0x00000500
core   0: 0x800002d2 (0x4004d893) srai    a7, s1, 0
core   0: 3 0x800002d2 (0x4004d893) x17 0x00000013
core   0: 0x800002d6 (0x0004bd33) sltu    s10, s1, zero
core   0: 3 0x800002d6 (0x0004bd33) x26 0x00000000
core   0: 0x800002da (0x0000557d) c.li    a0, -1
core   0: 3 0x800002da (0x557d) x10 0xffffffff
core   0: 0x800002dc (0x0000717d) c.addi16sp sp, -16
core   0: 3 0x800002dc (0x717d) x2  0x00000102
core   0: 0x800002de (0x000047a5) c.li    a5, 9
core   0: 3 0x800002de (0x47a5) x15 0x00000009
core   0: 0x800002e0 (0x02f82033) mulhsu  zero, a6, a5
core   0: 3 0x800002e0 (0x02f82033)
core   0: 0x800002e4 (0x00004ea9) c.li    t4, 10
core   0: 3 0x800002e4 (0x4ea9) x29 0x0000000a
core   0: 0x800002e6 (0x00008d6d) c.and   a0, a1
core   0: 3 0x800002e6 (0x8d6d) x10 0x0000000a
core   0: 0x800002e8 (0x0228af33) mulhsu  t5, a7, sp
core   0: 3 0x800002e8 (0x0228af33) x30 0x00000000
core   0: 0x800002ec (0x00000785) c.addi  a5, 1
core   0: 3 0x800002ec (0x0785) x15 0x0000000a
core   0: 0x800002ee (0x01e1d233) srl     tp, gp, t5
core   0: 3 0x800002ee (0x01e1d233) x4  0x00000004
core   0: 0x800002f2 (0x026d46b3) div     a3, s10, t1
core   0: 3 0x800002f2 (0x026d46b3) x13 0x00000000
core   0: 0x800002f6 (0x000099a2) c.add   s3, s0
core   0: 3 0x800002f6 (0x99a2) x19 0x00029ce4
core   0: 0x800002f8 (0xffd798e3) bne     a5, t4, pc - 16
core   0: 3 0x800002f8 (0xffd798e3)
core   0: 0x800002fc (0xfcb742e3) blt     a4, a1, pc - 60
core   0: 3 0x800002fc (0xfcb742e3)
core   0: 0x800002c0 (0xe5154513) xori    a0, a0, -431
core   0: 3 0x800002c0 (0xe5154513) x10 0xfffffe5b
core   0: 0x800002c4 (0x01afefb3) or      t6, t6, s10
core   0: 3 0x800002c4 (0x01afefb3) x31 0x000911ac
core   0: 0x800002c8 (0x0000070d) c.addi  a4, 3
core   0: 3 0x800002c8 (0x070d) x14 0xfffffffe
core   0: 0x800002ca (0x40515293) srai    t0, sp, 5
core   0: 3 0x800002ca (0x40515293) x5  0x00000008
core   0: 0x800002ce (0x500d6693) ori     a3, s10, 1280
core   0: 3 0x800002ce (0x500d6693) x13 0x00000500
core   0: 0x800002d2 (0x4004d893) srai    a7, s1, 0
core   0: 3 0x800002d2 (0x4004d893) x17 0x00000013
core   0: 0x800002d6 (0x0004bd33) sltu    s10, s1, zero
core   0: 3 0x800002d6 (0x0004bd33) x26 0x00000000
core   0: 0x800002da (0x0000557d) c.li    a0, -1
core   0: 3 0x800002da (0x557d) x10 0xffffffff
core   0: 0x800002dc (0x0000717d) c.addi16sp sp, -16
core   0: 3 0x800002dc (0x717d) x2  0x000000f2
core   0: 0x800002de (0x000047a5) c.li    a5, 9
core   0: 3 0x800002de (0x47a5) x15 0x00000009
core   0: 0x800002e0 (0x02f82033) mulhsu  zero, a6, a5
core   0: 3 0x800002e0 (0x02f82033)
core   0: 0x800002e4 (0x00004ea9) c.li    t4, 10
core   0: 3 0x800002e4 (0x4ea9) x29 0x0000000a
core   0: 0x800002e6 (0x00008d6d) c.and   a0, a1
core   0: 3 0x800002e6 (0x8d6d) x10 0x0000000a
core   0: 0x800002e8 (0x0228af33) mulhsu  t5, a7, sp
core   0: 3 0x800002e8 (0x0228af33) x30 0x00000000
core   0: 0x800002ec (0x00000785) c.addi  a5, 1
core   0: 3 0x800002ec (0x0785) x15 0x0000000a
core   0: 0x800002ee (0x01e1d233) srl     tp, gp, t5
core   0: 3 0x800002ee (0x01e1d233) x4  0x00000004
core   0: 0x800002f2 (0x026d46b3) div     a3, s10, t1
core   0: 3 0x800002f2 (0x026d46b3) x13 0x00000000
core   0: 0x800002f6 (0x000099a2) c.add   s3, s0
core   0: 3 0x800002f6 (0x99a2) x19 0x800539c8
core   0: 0x800002f8 (0xffd798e3) bne     a5, t4, pc - 16
core   0: 3 0x800002f8 (0xffd798e3)
core   0: 0x800002fc (0xfcb742e3) blt     a4, a1, pc - 60
core   0: 3 0x800002fc (0xfcb742e3)
core   0: 0x800002c0 (0xe5154513) xori    a0, a0, -431
core   0: 3 0x800002c0 (0xe5154513) x10 0xfffffe5b
core   0: 0x800002c4 (0x01afefb3) or      t6, t6, s10
core   0: 3 0x800002c4 (0x01afefb3) x31 0x000911ac
core   0: 0x800002c8 (0x0000070d) c.addi  a4, 3
core   0: 3 0x800002c8 (0x070d) x14 0x00000001
core   0: 0x800002ca (0x40515293) srai    t0, sp, 5
core   0: 3 0x800002ca (0x40515293) x5  0x00000007
core   0: 0x800002ce (0x500d6693) ori     a3, s10, 1280
core   0: 3 0x800002ce (0x500d6693) x13 0x00000500
core   0: 0x800002d2 (0x4004d893) srai    a7, s1, 0
core   0: 3 0x800002d2 (0x4004d893) x17 0x00000013
core   0: 0x800002d6 (0x0004bd33) sltu    s10, s1, zero
core   0: 3 0x800002d6 (0x0004bd33) x26 0x00000000
core   0: 0x800002da (0x0000557d) c.li    a0, -1
core   0: 3 0x800002da (0x557d) x10 0xffffffff
core   0: 0x800002dc (0x0000717d) c.addi16sp sp, -16
core   0: 3 0x800002dc (0x717d) x2  0x000000e2
core   0: 0x800002de (0x000047a5) c.li    a5, 9
core   0: 3 0x800002de (0x47a5) x15 0x00000009
core   0: 0x800002e0 (0x02f82033) mulhsu  zero, a6, a5
core   0: 3 0x800002e0 (0x02f82033)
core   0: 0x800002e4 (0x00004ea9) c.li    t4, 10
core   0: 3 0x800002e4 (0x4ea9) x29 0x0000000a
core   0: 0x800002e6 (0x00008d6d) c.and   a0, a1
core   0: 3 0x800002e6 (0x8d6d) x10 0x0000000a
core   0: 0x800002e8 (0x0228af33) mulhsu  t5, a7, sp
core   0: 3 0x800002e8 (0x0228af33) x30 0x00000000
core   0: 0x800002ec (0x00000785) c.addi  a5, 1
core   0: 3 0x800002ec (0x0785) x15 0x0000000a
core   0: 0x800002ee (0x01e1d233) srl     tp, gp, t5
core   0: 3 0x800002ee (0x01e1d233) x4  0x00000004
core   0: 0x800002f2 (0x026d46b3) div     a3, s10, t1
core   0: 3 0x800002f2 (0x026d46b3) x13 0x00000000
core   0: 0x800002f6 (0x000099a2) c.add   s3, s0
core   0: 3 0x800002f6 (0x99a2) x19 0x0007d6ac
core   0: 0x800002f8 (0xffd798e3) bne     a5, t4, pc - 16
core   0: 3 0x800002f8 (0xffd798e3)
core   0: 0x800002fc (0xfcb742e3) blt     a4, a1, pc - 60
core   0: 3 0x800002fc (0xfcb742e3)
core   0: 0x800002c0 (0xe5154513) xori    a0, a0, -431
core   0: 3 0x800002c0 (0xe5154513) x10 0xfffffe5b
core   0: 0x800002c4 (0x01afefb3) or      t6, t6, s10
core   0: 3 0x800002c4 (0x01afefb3) x31 0x000911ac
core   0: 0x800002c8 (0x0000070d) c.addi  a4, 3
core   0: 3 0x800002c8 (0x070d) x14 0x00000004
core   0: 0x800002ca (0x40515293) srai    t0, sp, 5
core   0: 3 0x800002ca (0x40515293) x5  0x00000007
core   0: 0x800002ce (0x500d6693) ori     a3, s10, 1280
core   0: 3 0x800002ce (0x500d6693) x13 0x00000500
core   0: 0x800002d2 (0x4004d893) srai    a7, s1, 0
core   0: 3 0x800002d2 (0x4004d893) x17 0x00000013
core   0: 0x800002d6 (0x0004bd33) sltu    s10, s1, zero
core   0: 3 0x800002d6 (0x0004bd33) x26 0x00000000
core   0: 0x800002da (0x0000557d) c.li    a0, -1
core   0: 3 0x800002da (0x557d) x10 0xffffffff
core   0: 0x800002dc (0x0000717d) c.addi16sp sp, -16
core   0: 3 0x800002dc (0x717d) x2  0x000000d2
core   0: 0x800002de (0x000047a5) c.li    a5, 9
core   0: 3 0x800002de (0x47a5) x15 0x00000009
core   0: 0x800002e0 (0x02f82033) mulhsu  zero, a6, a5
core   0: 3 0x800002e0 (0x02f82033)
core   0: 0x800002e4 (0x00004ea9) c.li    t4, 10
core   0: 3 0x800002e4 (0x4ea9) x29 0x0000000a
core   0: 0x800002e6 (0x00008d6d) c.and   a0, a1
core   0: 3 0x800002e6 (0x8d6d) x10 0x0000000a
core   0: 0x800002e8 (0x0228af33) mulhsu  t5, a7, sp
core   0: 3 0x800002e8 (0x0228af33) x30 0x00000000
core   0: 0x800002ec (0x00000785) c.addi  a5, 1
core   0: 3 0x800002ec (0x0785) x15 0x0000000a
core   0: 0x800002ee (0x01e1d233) srl     tp, gp, t5
core   0: 3 0x800002ee (0x01e1d233) x4  0x00000004
core   0: 0x800002f2 (0x026d46b3) div     a3, s10, t1
core   0: 3 0x800002f2 (0x026d46b3) x13 0x00000000
core   0: 0x800002f6 (0x000099a2) c.add   s3, s0
core   0: 3 0x800002f6 (0x99a2) x19 0x800a7390
core   0: 0x800002f8 (0xffd798e3) bne     a5, t4, pc - 16
core   0: 3 0x800002f8 (0xffd798e3)
core   0: 0x800002fc (0xfcb742e3) blt     a4, a1, pc - 60
core   0: 3 0x800002fc (0xfcb742e3)
core   0: 0x800002c0 (0xe5154513) xori    a0, a0, -431
core   0: 3 0x800002c0 (0xe5154513) x10 0xfffffe5b
core   0: 0x800002c4 (0x01afefb3) or      t6, t6, s10
core   0: 3 0x800002c4 (0x01afefb3) x31 0x000911ac
core   0: 0x800002c8 (0x0000070d) c.addi  a4, 3
core   0: 3 0x800002c8 (0x070d) x14 0x00000007
core   0: 0x800002ca (0x40515293) srai    t0, sp, 5
core   0: 3 0x800002ca (0x40515293) x5  0x00000006
core   0: 0x800002ce (0x500d6693) ori     a3, s10, 1280
core   0: 3 0x800002ce (0x500d6693) x13 0x00000500
core   0: 0x800002d2 (0x4004d893) srai    a7, s1, 0
core   0: 3 0x800002d2 (0x4004d893) x17 0x00000013
core   0: 0x800002d6 (0x0004bd33) sltu    s10, s1, zero
core   0: 3 0x800002d6 (0x0004bd33) x26 0x00000000
core   0: 0x800002da (0x0000557d) c.li    a0, -1
core   0: 3 0x800002da (0x557d) x10 0xffffffff
core   0: 0x800002dc (0x0000717d) c.addi16sp sp, -16
core   0: 3 0x800002dc (0x717d) x2  0x000000c2
core   0: 0x800002de (0x000047a5) c.li    a5, 9
core   0: 3 0x800002de (0x47a5) x15 0x00000009
core   0: 0x800002e0 (0x02f82033) mulhsu  zero, a6, a5
core   0: 3 0x800002e0 (0x02f82033)
core   0: 0x800002e4 (0x00004ea9) c.li    t4, 10
core   0: 3 0x800002e4 (0x4ea9) x29 0x0000000a
core   0: 0x800002e6 (0x00008d6d) c.and   a0, a1
core   0: 3 0x800002e6 (0x8d6d) x10 0x0000000a
core   0: 0x800002e8 (0x0228af33) mulhsu  t5, a7, sp
core   0: 3 0x800002e8 (0x0228af33) x30 0x00000000
core   0: 0x800002ec (0x00000785) c.addi  a5, 1
core   0: 3 0x800002ec (0x0785) x15 0x0000000a
core   0: 0x800002ee (0x01e1d233) srl     tp, gp, t5
core   0: 3 0x800002ee (0x01e1d233) x4  0x00000004
core   0: 0x800002f2 (0x026d46b3) div     a3, s10, t1
core   0: 3 0x800002f2 (0x026d46b3) x13 0x00000000
core   0: 0x800002f6 (0x000099a2) c.add   s3, s0
core   0: 3 0x800002f6 (0x99a2) x19 0x000d1074
core   0: 0x800002f8 (0xffd798e3) bne     a5, t4, pc - 16
core   0: 3 0x800002f8 (0xffd798e3)
core   0: 0x800002fc (0xfcb742e3) blt     a4, a1, pc - 60
core   0: 3 0x800002fc (0xfcb742e3)
core   0: 0x800002c0 (0xe5154513) xori    a0, a0, -431
core   0: 3 0x800002c0 (0xe5154513) x10 0xfffffe5b
core   0: 0x800002c4 (0x01afefb3) or      t6, t6, s10
core   0: 3 0x800002c4 (0x01afefb3) x31 0x000911ac
core   0: 0x800002c8 (0x0000070d) c.addi  a4, 3
core   0: 3 0x800002c8 (0x070d) x14 0x0000000a
core   0: 0x800002ca (0x40515293) srai    t0, sp, 5
core   0: 3 0x800002ca (0x40515293) x5  0x00000006
core   0: 0x800002ce (0x500d6693) ori     a3, s10, 1280
core   0: 3 0x800002ce (0x500d6693) x13 0x00000500
core   0: 0x800002d2 (0x4004d893) srai    a7, s1, 0
core   0: 3 0x800002d2 (0x4004d893) x17 0x00000013
core   0: 0x800002d6 (0x0004bd33) sltu    s10, s1, zero
core   0: 3 0x800002d6 (0x0004bd33) x26 0x00000000
core   0: 0x800002da (0x0000557d) c.li    a0, -1
core   0: 3 0x800002da (0x557d) x10 0xffffffff
core   0: 0x800002dc (0x0000717d) c.addi16sp sp, -16
core   0: 3 0x800002dc (0x717d) x2  0x000000b2
core   0: 0x800002de (0x000047a5) c.li    a5, 9
core   0: 3 0x800002de (0x47a5) x15 0x00000009
core   0: 0x800002e0 (0x02f82033) mulhsu  zero, a6, a5
core   0: 3 0x800002e0 (0x02f82033)
core   0: 0x800002e4 (0x00004ea9) c.li    t4, 10
core   0: 3 0x800002e4 (0x4ea9) x29 0x0000000a
core   0: 0x800002e6 (0x00008d6d) c.and   a0, a1
core   0: 3 0x800002e6 (0x8d6d) x10 0x0000000a
core   0: 0x800002e8 (0x0228af33) mulhsu  t5, a7, sp
core   0: 3 0x800002e8 (0x0228af33) x30 0x00000000
core   0: 0x800002ec (0x00000785) c.addi  a5, 1
core   0: 3 0x800002ec (0x0785) x15 0x0000000a
core   0: 0x800002ee (0x01e1d233) srl     tp, gp, t5
core   0: 3 0x800002ee (0x01e1d233) x4  0x00000004
core   0: 0x800002f2 (0x026d46b3) div     a3, s10, t1
core   0: 3 0x800002f2 (0x026d46b3) x13 0x00000000
core   0: 0x800002f6 (0x000099a2) c.add   s3, s0
core   0: 3 0x800002f6 (0x99a2) x19 0x800fad58
core   0: 0x800002f8 (0xffd798e3) bne     a5, t4, pc - 16
core   0: 3 0x800002f8 (0xffd798e3)
core   0: 0x800002fc (0xfcb742e3) blt     a4, a1, pc - 60
core   0: 3 0x800002fc (0xfcb742e3)
core   0: 0x80000300 (0x01353db3) sltu    s11, a0, s3
core   0: 3 0x80000300 (0x01353db3) x27 0x00000001
core   0: 0x80000304 (0x000055d9) c.li    a1, -10
core   0: 3 0x80000304 (0x55d9) x11 0xfffffff6
core   0: 0x80000306 (0x00004c3d) c.li    s8, 15
core   0: 3 0x80000306 (0x4c3d) x24 0x0000000f
core   0: 0x80000308 (0x0fcc2bb7) lui     s7, 0xfcc2
core   0: 3 0x80000308 (0x0fcc2bb7) x23 0x0fcc2000
core   0: 0x8000030c (0x02d86933) rem     s2, a6, a3
core   0: 3 0x8000030c (0x02d86933) x18 0x80000000
core   0: 0x80000310 (0x00000595) c.addi  a1, 5
core   0: 3 0x80000310 (0x0595) x11 0xfffffffb
core   0: 0x80000312 (0xb9db0193) addi    gp, s6, -1123
core   0: 3 0x80000312 (0xb9db0193) x3  0x00002b9d
core   0: 0x80000316 (0x00004791) c.li    a5, 4
core   0: 3 0x80000316 (0x4791) x15 0x00000004
core   0: 0x80000318 (0x000059d9) c.li    s3, -10
core   0: 3 0x80000318 (0x59d9) x19 0xfffffff6
core   0: 0x8000031a (0x021bc633) div     a2, s7, ra
core   0: 3 0x8000031a (0x021bc633) x12 0x00000000
core   0: 0x8000031e (0x000017f9) c.addi  a5, -2
core   0: 3 0x8000031e (0x17f9) x15 0x00000002
core   0: 0x80000320 (0x00008cbd) c.xor   s1, a5
core   0: 3 0x80000320 (0x8cbd) x9  0x00000011
core   0: 0x80000322 (0xff379ce3) bne     a5, s3, pc - 8
core   0: 3 0x80000322 (0xff379ce3)
core   0: 0x8000031a (0x021bc633) div     a2, s7, ra
core   0: 3 0x8000031a (0x021bc633) x12 0x00000000
core   0: 0x8000031e (0x000017f9) c.addi  a5, -2
core   0: 3 0x8000031e (0x17f9) x15 0x00000000
core   0: 0x80000320 (0x00008cbd) c.xor   s1, a5
core   0: 3 0x80000320 (0x8cbd) x9  0x00000011
core   0: 0x80000322 (0xff379ce3) bne     a5, s3, pc - 8
core   0: 3 0x80000322 (0xff379ce3)
core   0: 0x8000031a (0x021bc633) div     a2, s7, ra
core   0: 3 0x8000031a (0x021bc633) x12 0x00000000
core   0: 0x8000031e (0x000017f9) c.addi  a5, -2
core   0: 3 0x8000031e (0x17f9) x15 0xfffffffe
core   0: 0x80000320 (0x00008cbd) c.xor   s1, a5
core   0: 3 0x80000320 (0x8cbd) x9  0xffffffef
core   0: 0x80000322 (0xff379ce3) bne     a5, s3, pc - 8
core   0: 3 0x80000322 (0xff379ce3)
core   0: 0x8000031a (0x021bc633) div     a2, s7, ra
core   0: 3 0x8000031a (0x021bc633) x12 0x00000000
core   0: 0x8000031e (0x000017f9) c.addi  a5, -2
core   0: 3 0x8000031e (0x17f9) x15 0xfffffffc
core   0: 0x80000320 (0x00008cbd) c.xor   s1, a5
core   0: 3 0x80000320 (0x8cbd) x9  0x00000013
core   0: 0x80000322 (0xff379ce3) bne     a5, s3, pc - 8
core   0: 3 0x80000322 (0xff379ce3)
core   0: 0x8000031a (0x021bc633) div     a2, s7, ra
core   0: 3 0x8000031a (0x021bc633) x12 0x00000000
core   0: 0x8000031e (0x000017f9) c.addi  a5, -2
core   0: 3 0x8000031e (0x17f9) x15 0xfffffffa
core   0: 0x80000320 (0x00008cbd) c.xor   s1, a5
core   0: 3 0x80000320 (0x8cbd) x9  0xffffffe9
core   0: 0x80000322 (0xff379ce3) bne     a5, s3, pc - 8
core   0: 3 0x80000322 (0xff379ce3)
core   0: 0x8000031a (0x021bc633) div     a2, s7, ra
core   0: 3 0x8000031a (0x021bc633) x12 0x00000000
core   0: 0x8000031e (0x000017f9) c.addi  a5, -2
core   0: 3 0x8000031e (0x17f9) x15 0xfffffff8
core   0: 0x80000320 (0x00008cbd) c.xor   s1, a5
core   0: 3 0x80000320 (0x8cbd) x9  0x00000011
core   0: 0x80000322 (0xff379ce3) bne     a5, s3, pc - 8
core   0: 3 0x80000322 (0xff379ce3)
core   0: 0x8000031a (0x021bc633) div     a2, s7, ra
core   0: 3 0x8000031a (0x021bc633) x12 0x00000000
core   0: 0x8000031e (0x000017f9) c.addi  a5, -2
core   0: 3 0x8000031e (0x17f9) x15 0xfffffff6
core   0: 0x80000320 (0x00008cbd) c.xor   s1, a5
core   0: 3 0x80000320 (0x8cbd) x9  0xffffffe7
core   0: 0x80000322 (0xff379ce3) bne     a5, s3, pc - 8
core   0: 3 0x80000322 (0xff379ce3)
core   0: 0x80000326 (0x01bba6b3) slt     a3, s7, s11
core   0: 3 0x80000326 (0x01bba6b3) x13 0x00000000
core   0: 0x8000032a (0xfd859fe3) bne     a1, s8, pc - 34
core   0: 3 0x8000032a (0xfd859fe3)
core   0: 0x80000308 (0x0fcc2bb7) lui     s7, 0xfcc2
core   0: 3 0x80000308 (0x0fcc2bb7) x23 0x0fcc2000
core   0: 0x8000030c (0x02d86933) rem     s2, a6, a3
core   0: 3 0x8000030c (0x02d86933) x18 0x80000000
core   0: 0x80000310 (0x00000595) c.addi  a1, 5
core   0: 3 0x80000310 (0x0595) x11 0x00000000
core   0: 0x80000312 (0xb9db0193) addi    gp, s6, -1123
core   0: 3 0x80000312 (0xb9db0193) x3  0x00002b9d
core   0: 0x80000316 (0x00004791) c.li    a5, 4
core   0: 3 0x80000316 (0x4791) x15 0x00000004
core   0: 0x80000318 (0x000059d9) c.li    s3, -10
core   0: 3 0x80000318 (0x59d9) x19 0xfffffff6
core   0: 0x8000031a (0x021bc633) div     a2, s7, ra
core   0: 3 0x8000031a (0x021bc633) x12 0x00000000
core   0: 0x8000031e (0x000017f9) c.addi  a5, -2
core   0: 3 0x8000031e (0x17f9) x15 0x00000002
core   0: 0x80000320 (0x00008cbd) c.xor   s1, a5
core   0: 3 0x80000320 (0x8cbd) x9  0xffffffe5
core   0: 0x80000322 (0xff379ce3) bne     a5, s3, pc - 8
core   0: 3 0x80000322 (0xff379ce3)
core   0: 0x8000031a (0x021bc633) div     a2, s7, ra
core   0: 3 0x8000031a (0x021bc633) x12 0x00000000
core   0: 0x8000031e (0x000017f9) c.addi  a5, -2
core   0: 3 0x8000031e (0x17f9) x15 0x00000000
core   0: 0x80000320 (0x00008cbd) c.xor   s1, a5
core   0: 3 0x80000320 (0x8cbd) x9  0xffffffe5
core   0: 0x80000322 (0xff379ce3) bne     a5, s3, pc - 8
core   0: 3 0x80000322 (0xff379ce3)
core   0: 0x8000031a (0x021bc633) div     a2, s7, ra
core   0: 3 0x8000031a (0x021bc633) x12 0x00000000
core   0: 0x8000031e (0x000017f9) c.addi  a5, -2
core   0: 3 0x8000031e (0x17f9) x15 0xfffffffe
core   0: 0x80000320 (0x00008cbd) c.xor   s1, a5
core   0: 3 0x80000320 (0x8cbd) x9  0x0000001b
core   0: 0x80000322 (0xff379ce3) bne     a5, s3, pc - 8
core   0: 3 0x80000322 (0xff379ce3)
core   0: 0x8000031a (0x021bc633) div     a2, s7, ra
core   0: 3 0x8000031a (0x021bc633) x12 0x00000000
core   0: 0x8000031e (0x000017f9) c.addi  a5, -2
core   0: 3 0x8000031e (0x17f9) x15 0xfffffffc
core   0: 0x80000320 (0x00008cbd) c.xor   s1, a5
core   0: 3 0x80000320 (0x8cbd) x9  0xffffffe7
core   0: 0x80000322 (0xff379ce3) bne     a5, s3, pc - 8
core   0: 3 0x80000322 (0xff379ce3)
core   0: 0x8000031a (0x021bc633) div     a2, s7, ra
core   0: 3 0x8000031a (0x021bc633) x12 0x00000000
core   0: 0x8000031e (0x000017f9) c.addi  a5, -2
core   0: 3 0x8000031e (0x17f9) x15 0xfffffffa
core   0: 0x80000320 (0x00008cbd) c.xor   s1, a5
core   0: 3 0x80000320 (0x8cbd) x9  0x0000001d
core   0: 0x80000322 (0xff379ce3) bne     a5, s3, pc - 8
core   0: 3 0x80000322 (0xff379ce3)
core   0: 0x8000031a (0x021bc633) div     a2, s7, ra
core   0: 3 0x8000031a (0x021bc633) x12 0x00000000
core   0: 0x8000031e (0x000017f9) c.addi  a5, -2
core   0: 3 0x8000031e (0x17f9) x15 0xfffffff8
core   0: 0x80000320 (0x00008cbd) c.xor   s1, a5
core   0: 3 0x80000320 (0x8cbd) x9  0xffffffe5
core   0: 0x80000322 (0xff379ce3) bne     a5, s3, pc - 8
core   0: 3 0x80000322 (0xff379ce3)
core   0: 0x8000031a (0x021bc633) div     a2, s7, ra
core   0: 3 0x8000031a (0x021bc633) x12 0x00000000
core   0: 0x8000031e (0x000017f9) c.addi  a5, -2
core   0: 3 0x8000031e (0x17f9) x15 0xfffffff6
core   0: 0x80000320 (0x00008cbd) c.xor   s1, a5
core   0: 3 0x80000320 (0x8cbd) x9  0x00000013
core   0: 0x80000322 (0xff379ce3) bne     a5, s3, pc - 8
core   0: 3 0x80000322 (0xff379ce3)
core   0: 0x80000326 (0x01bba6b3) slt     a3, s7, s11
core   0: 3 0x80000326 (0x01bba6b3) x13 0x00000000
core   0: 0x8000032a (0xfd859fe3) bne     a1, s8, pc - 34
core   0: 3 0x8000032a (0xfd859fe3)
core   0: 0x80000308 (0x0fcc2bb7) lui     s7, 0xfcc2
core   0: 3 0x80000308 (0x0fcc2bb7) x23 0x0fcc2000
core   0: 0x8000030c (0x02d86933) rem     s2, a6, a3
core   0: 3 0x8000030c (0x02d86933) x18 0x80000000
core   0: 0x80000310 (0x00000595) c.addi  a1, 5
core   0: 3 0x80000310 (0x0595) x11 0x00000005
core   0: 0x80000312 (0xb9db0193) addi    gp, s6, -1123
core   0: 3 0x80000312 (0xb9db0193) x3  0x00002b9d
core   0: 0x80000316 (0x00004791) c.li    a5, 4
core   0: 3 0x80000316 (0x4791) x15 0x00000004
core   0: 0x80000318 (0x000059d9) c.li    s3, -10
core   0: 3 0x80000318 (0x59d9) x19 0xfffffff6
core   0: 0x8000031a (0x021bc633) div     a2, s7, ra
core   0: 3 0x8000031a (0x021bc633) x12 0x00000000
core   0: 0x8000031e (0x000017f9) c.addi  a5, -2
core   0: 3 0x8000031e (0x17f9) x15 0x00000002
core   0: 0x80000320 (0x00008cbd) c.xor   s1, a5
core   0: 3 0x80000320 (0x8cbd) x9  0x00000011
core   0: 0x80000322 (0xff379ce3) bne     a5, s3, pc - 8
core   0: 3 0x80000322 (0xff379ce3)
core   0: 0x8000031a (0x021bc633) div     a2, s7, ra
core   0: 3 0x8000031a (0x021bc633) x12 0x00000000
core   0: 0x8000031e (0x000017f9) c.addi  a5, -2
core   0: 3 0x8000031e (0x17f9) x15 0x00000000
core   0: 0x80000320 (0x00008cbd) c.xor   s1, a5
core   0: 3 0x80000320 (0x8cbd) x9  0x00000011
core   0: 0x80000322 (0xff379ce3) bne     a5, s3, pc - 8
core   0: 3 0x80000322 (0xff379ce3)
core   0: 0x8000031a (0x021bc633) div     a2, s7, ra
core   0: 3 0x8000031a (0x021bc633) x12 0x00000000
core   0: 0x8000031e (0x000017f9) c.addi  a5, -2
core   0: 3 0x8000031e (0x17f9) x15 0xfffffffe
core   0: 0x80000320 (0x00008cbd) c.xor   s1, a5
core   0: 3 0x80000320 (0x8cbd) x9  0xffffffef
core   0: 0x80000322 (0xff379ce3) bne     a5, s3, pc - 8
core   0: 3 0x80000322 (0xff379ce3)
core   0: 0x8000031a (0x021bc633) div     a2, s7, ra
core   0: 3 0x8000031a (0x021bc633) x12 0x00000000
core   0: 0x8000031e (0x000017f9) c.addi  a5, -2
core   0: 3 0x8000031e (0x17f9) x15 0xfffffffc
core   0: 0x80000320 (0x00008cbd) c.xor   s1, a5
core   0: 3 0x80000320 (0x8cbd) x9  0x00000013
core   0: 0x80000322 (0xff379ce3) bne     a5, s3, pc - 8
core   0: 3 0x80000322 (0xff379ce3)
core   0: 0x8000031a (0x021bc633) div     a2, s7, ra
core   0: 3 0x8000031a (0x021bc633) x12 0x00000000
core   0: 0x8000031e (0x000017f9) c.addi  a5, -2
core   0: 3 0x8000031e (0x17f9) x15 0xfffffffa
core   0: 0x80000320 (0x00008cbd) c.xor   s1, a5
core   0: 3 0x80000320 (0x8cbd) x9  0xffffffe9
core   0: 0x80000322 (0xff379ce3) bne     a5, s3, pc - 8
core   0: 3 0x80000322 (0xff379ce3)
core   0: 0x8000031a (0x021bc633) div     a2, s7, ra
core   0: 3 0x8000031a (0x021bc633) x12 0x00000000
core   0: 0x8000031e (0x000017f9) c.addi  a5, -2
core   0: 3 0x8000031e (0x17f9) x15 0xfffffff8
core   0: 0x80000320 (0x00008cbd) c.xor   s1, a5
core   0: 3 0x80000320 (0x8cbd) x9  0x00000011
core   0: 0x80000322 (0xff379ce3) bne     a5, s3, pc - 8
core   0: 3 0x80000322 (0xff379ce3)
core   0: 0x8000031a (0x021bc633) div     a2, s7, ra
core   0: 3 0x8000031a (0x021bc633) x12 0x00000000
core   0: 0x8000031e (0x000017f9) c.addi  a5, -2
core   0: 3 0x8000031e (0x17f9) x15 0xfffffff6
core   0: 0x80000320 (0x00008cbd) c.xor   s1, a5
core   0: 3 0x80000320 (0x8cbd) x9  0xffffffe7
core   0: 0x80000322 (0xff379ce3) bne     a5, s3, pc - 8
core   0: 3 0x80000322 (0xff379ce3)
core   0: 0x80000326 (0x01bba6b3) slt     a3, s7, s11
core   0: 3 0x80000326 (0x01bba6b3) x13 0x00000000
core   0: 0x8000032a (0xfd859fe3) bne     a1, s8, pc - 34
core   0: 3 0x8000032a (0xfd859fe3)
core   0: 0x80000308 (0x0fcc2bb7) lui     s7, 0xfcc2
core   0: 3 0x80000308 (0x0fcc2bb7) x23 0x0fcc2000
core   0: 0x8000030c (0x02d86933) rem     s2, a6, a3
core   0: 3 0x8000030c (0x02d86933) x18 0x80000000
core   0: 0x80000310 (0x00000595) c.addi  a1, 5
core   0: 3 0x80000310 (0x0595) x11 0x0000000a
core   0: 0x80000312 (0xb9db0193) addi    gp, s6, -1123
core   0: 3 0x80000312 (0xb9db0193) x3  0x00002b9d
core   0: 0x80000316 (0x00004791) c.li    a5, 4
core   0: 3 0x80000316 (0x4791) x15 0x00000004
core   0: 0x80000318 (0x000059d9) c.li    s3, -10
core   0: 3 0x80000318 (0x59d9) x19 0xfffffff6
core   0: 0x8000031a (0x021bc633) div     a2, s7, ra
core   0: 3 0x8000031a (0x021bc633) x12 0x00000000
core   0: 0x8000031e (0x000017f9) c.addi  a5, -2
core   0: 3 0x8000031e (0x17f9) x15 0x00000002
core   0: 0x80000320 (0x00008cbd) c.xor   s1, a5
core   0: 3 0x80000320 (0x8cbd) x9  0xffffffe5
core   0: 0x80000322 (0xff379ce3) bne     a5, s3, pc - 8
core   0: 3 0x80000322 (0xff379ce3)
core   0: 0x8000031a (0x021bc633) div     a2, s7, ra
core   0: 3 0x8000031a (0x021bc633) x12 0x00000000
core   0: 0x8000031e (0x000017f9) c.addi  a5, -2
core   0: 3 0x8000031e (0x17f9) x15 0x00000000
core   0: 0x80000320 (0x00008cbd) c.xor   s1, a5
core   0: 3 0x80000320 (0x8cbd) x9  0xffffffe5
core   0: 0x80000322 (0xff379ce3) bne     a5, s3, pc - 8
core   0: 3 0x80000322 (0xff379ce3)
core   0: 0x8000031a (0x021bc633) div     a2, s7, ra
core   0: 3 0x8000031a (0x021bc633) x12 0x00000000
core   0: 0x8000031e (0x000017f9) c.addi  a5, -2
core   0: 3 0x8000031e (0x17f9) x15 0xfffffffe
core   0: 0x80000320 (0x00008cbd) c.xor   s1, a5
core   0: 3 0x80000320 (0x8cbd) x9  0x0000001b
core   0: 0x80000322 (0xff379ce3) bne     a5, s3, pc - 8
core   0: 3 0x80000322 (0xff379ce3)
core   0: 0x8000031a (0x021bc633) div     a2, s7, ra
core   0: 3 0x8000031a (0x021bc633) x12 0x00000000
core   0: 0x8000031e (0x000017f9) c.addi  a5, -2
core   0: 3 0x8000031e (0x17f9) x15 0xfffffffc
core   0: 0x80000320 (0x00008cbd) c.xor   s1, a5
core   0: 3 0x80000320 (0x8cbd) x9  0xffffffe7
core   0: 0x80000322 (0xff379ce3) bne     a5, s3, pc - 8
core   0: 3 0x80000322 (0xff379ce3)
core   0: 0x8000031a (0x021bc633) div     a2, s7, ra
core   0: 3 0x8000031a (0x021bc633) x12 0x00000000
core   0: 0x8000031e (0x000017f9) c.addi  a5, -2
core   0: 3 0x8000031e (0x17f9) x15 0xfffffffa
core   0: 0x80000320 (0x00008cbd) c.xor   s1, a5
core   0: 3 0x80000320 (0x8cbd) x9  0x0000001d
core   0: 0x80000322 (0xff379ce3) bne     a5, s3, pc - 8
core   0: 3 0x80000322 (0xff379ce3)
core   0: 0x8000031a (0x021bc633) div     a2, s7, ra
core   0: 3 0x8000031a (0x021bc633) x12 0x00000000
core   0: 0x8000031e (0x000017f9) c.addi  a5, -2
core   0: 3 0x8000031e (0x17f9) x15 0xfffffff8
core   0: 0x80000320 (0x00008cbd) c.xor   s1, a5
core   0: 3 0x80000320 (0x8cbd) x9  0xffffffe5
core   0: 0x80000322 (0xff379ce3) bne     a5, s3, pc - 8
core   0: 3 0x80000322 (0xff379ce3)
core   0: 0x8000031a (0x021bc633) div     a2, s7, ra
core   0: 3 0x8000031a (0x021bc633) x12 0x00000000
core   0: 0x8000031e (0x000017f9) c.addi  a5, -2
core   0: 3 0x8000031e (0x17f9) x15 0xfffffff6
core   0: 0x80000320 (0x00008cbd) c.xor   s1, a5
core   0: 3 0x80000320 (0x8cbd) x9  0x00000013
core   0: 0x80000322 (0xff379ce3) bne     a5, s3, pc - 8
core   0: 3 0x80000322 (0xff379ce3)
core   0: 0x80000326 (0x01bba6b3) slt     a3, s7, s11
core   0: 3 0x80000326 (0x01bba6b3) x13 0x00000000
core   0: 0x8000032a (0xfd859fe3) bne     a1, s8, pc - 34
core   0: 3 0x8000032a (0xfd859fe3)
core   0: 0x80000308 (0x0fcc2bb7) lui     s7, 0xfcc2
core   0: 3 0x80000308 (0x0fcc2bb7) x23 0x0fcc2000
core   0: 0x8000030c (0x02d86933) rem     s2, a6, a3
core   0: 3 0x8000030c (0x02d86933) x18 0x80000000
core   0: 0x80000310 (0x00000595) c.addi  a1, 5
core   0: 3 0x80000310 (0x0595) x11 0x0000000f
core   0: 0x80000312 (0xb9db0193) addi    gp, s6, -1123
core   0: 3 0x80000312 (0xb9db0193) x3  0x00002b9d
core   0: 0x80000316 (0x00004791) c.li    a5, 4
core   0: 3 0x80000316 (0x4791) x15 0x00000004
core   0: 0x80000318 (0x000059d9) c.li    s3, -10
core   0: 3 0x80000318 (0x59d9) x19 0xfffffff6
core   0: 0x8000031a (0x021bc633) div     a2, s7, ra
core   0: 3 0x8000031a (0x021bc633) x12 0x00000000
core   0: 0x8000031e (0x000017f9) c.addi  a5, -2
core   0: 3 0x8000031e (0x17f9) x15 0x00000002
core   0: 0x80000320 (0x00008cbd) c.xor   s1, a5
core   0: 3 0x80000320 (0x8cbd) x9  0x00000011
core   0: 0x80000322 (0xff379ce3) bne     a5, s3, pc - 8
core   0: 3 0x80000322 (0xff379ce3)
core   0: 0x8000031a (0x021bc633) div     a2, s7, ra
core   0: 3 0x8000031a (0x021bc633) x12 0x00000000
core   0: 0x8000031e (0x000017f9) c.addi  a5, -2
core   0: 3 0x8000031e (0x17f9) x15 0x00000000
core   0: 0x80000320 (0x00008cbd) c.xor   s1, a5
core   0: 3 0x80000320 (0x8cbd) x9  0x00000011
core   0: 0x80000322 (0xff379ce3) bne     a5, s3, pc - 8
core   0: 3 0x80000322 (0xff379ce3)
core   0: 0x8000031a (0x021bc633) div     a2, s7, ra
core   0: 3 0x8000031a (0x021bc633) x12 0x00000000
core   0: 0x8000031e (0x000017f9) c.addi  a5, -2
core   0: 3 0x8000031e (0x17f9) x15 0xfffffffe
core   0: 0x80000320 (0x00008cbd) c.xor   s1, a5
core   0: 3 0x80000320 (0x8cbd) x9  0xffffffef
core   0: 0x80000322 (0xff379ce3) bne     a5, s3, pc - 8
core   0: 3 0x80000322 (0xff379ce3)
core   0: 0x8000031a (0x021bc633) div     a2, s7, ra
core   0: 3 0x8000031a (0x021bc633) x12 0x00000000
core   0: 0x8000031e (0x000017f9) c.addi  a5, -2
core   0: 3 0x8000031e (0x17f9) x15 0xfffffffc
core   0: 0x80000320 (0x00008cbd) c.xor   s1, a5
core   0: 3 0x80000320 (0x8cbd) x9  0x00000013
core   0: 0x80000322 (0xff379ce3) bne     a5, s3, pc - 8
core   0: 3 0x80000322 (0xff379ce3)
core   0: 0x8000031a (0x021bc633) div     a2, s7, ra
core   0: 3 0x8000031a (0x021bc633) x12 0x00000000
core   0: 0x8000031e (0x000017f9) c.addi  a5, -2
core   0: 3 0x8000031e (0x17f9) x15 0xfffffffa
core   0: 0x80000320 (0x00008cbd) c.xor   s1, a5
core   0: 3 0x80000320 (0x8cbd) x9  0xffffffe9
core   0: 0x80000322 (0xff379ce3) bne     a5, s3, pc - 8
core   0: 3 0x80000322 (0xff379ce3)
core   0: 0x8000031a (0x021bc633) div     a2, s7, ra
core   0: 3 0x8000031a (0x021bc633) x12 0x00000000
core   0: 0x8000031e (0x000017f9) c.addi  a5, -2
core   0: 3 0x8000031e (0x17f9) x15 0xfffffff8
core   0: 0x80000320 (0x00008cbd) c.xor   s1, a5
core   0: 3 0x80000320 (0x8cbd) x9  0x00000011
core   0: 0x80000322 (0xff379ce3) bne     a5, s3, pc - 8
core   0: 3 0x80000322 (0xff379ce3)
core   0: 0x8000031a (0x021bc633) div     a2, s7, ra
core   0: 3 0x8000031a (0x021bc633) x12 0x00000000
core   0: 0x8000031e (0x000017f9) c.addi  a5, -2
core   0: 3 0x8000031e (0x17f9) x15 0xfffffff6
core   0: 0x80000320 (0x00008cbd) c.xor   s1, a5
core   0: 3 0x80000320 (0x8cbd) x9  0xffffffe7
core   0: 0x80000322 (0xff379ce3) bne     a5, s3, pc - 8
core   0: 3 0x80000322 (0xff379ce3)
core   0: 0x80000326 (0x01bba6b3) slt     a3, s7, s11
core   0: 3 0x80000326 (0x01bba6b3) x13 0x00000000
core   0: 0x8000032a (0xfd859fe3) bne     a1, s8, pc - 34
core   0: 3 0x8000032a (0xfd859fe3)
core   0: 0x8000032e (0x9996c2b7) lui     t0, 0x9996c
core   0: 3 0x8000032e (0x9996c2b7) x5  0x9996c000
core   0: 0x80000332 (0x00004915) c.li    s2, 5
core   0: 3 0x80000332 (0x4915) x18 0x00000005
core   0: 0x80000334 (0x00004ecd) c.li    t4, 19
core   0: 3 0x80000334 (0x4ecd) x29 0x00000013
core   0: 0x80000336 (0x005f5e33) srl     t3, t5, t0
core   0: 3 0x80000336 (0x005f5e33) x28 0x00000000
core   0: 0x8000033a (0x00bd9013) slli    zero, s11, 11
core   0: 3 0x8000033a (0x00bd9013)
core   0: 0x8000033e (0x005f6bb3) or      s7, t5, t0
core   0: 3 0x8000033e (0x005f6bb3) x23 0x9996c000
core   0: 0x80000342 (0x000098fd) c.andi  s1, -1
core   0: 3 0x80000342 (0x98fd) x9  0xffffffe7
core   0: 0x80000344 (0x00000909) c.addi  s2, 2
core   0: 3 0x80000344 (0x0909) x18 0x00000007
core   0: 0x80000346 (0x00008ce9) c.and   s1, a0
core   0: 3 0x80000346 (0x8ce9) x9  0x00000002
core   0: 0x80000348 (0x00004529) c.li    a0, 10
core   0: 3 0x80000348 (0x4529) x10 0x0000000a
core   0: 0x8000034a (0xf4133093) sltiu   ra, t1, -191
core   0: 3 0x8000034a (0xf4133093) x1  0x00000001
core   0: 0x8000034e (0x00004119) c.li    sp, 6
core   0: 3 0x8000034e (0x4119) x2  0x00000006
core   0: 0x80000350 (0x032e6f33) rem     t5, t3, s2
core   0: 3 0x80000350 (0x032e6f33) x30 0x00000000
core   0: 0x80000354 (0x02efa9b3) mulhsu  s3, t6, a4
core   0: 3 0x80000354 (0x02efa9b3) x19 0x00000000
core   0: 0x80000358 (0x00005cfd) c.li    s9, -1
core   0: 3 0x80000358 (0x5cfd) x25 0xffffffff
core   0: 0x8000035a (0x0355d033) divu    zero, a1, s5
core   0: 3 0x8000035a (0x0355d033)
core   0: 0x8000035e (0x0000157d) c.addi  a0, -1
core   0: 3 0x8000035e (0x157d) x10 0x00000009
core   0: 0x80000360 (0xfe257ce3) bgeu    a0, sp, pc - 8
core   0: 3 0x80000360 (0xfe257ce3)
core   0: 0x80000358 (0x00005cfd) c.li    s9, -1
core   0: 3 0x80000358 (0x5cfd) x25 0xffffffff
core   0: 0x8000035a (0x0355d033) divu    zero, a1, s5
core   0: 3 0x8000035a (0x0355d033)
core   0: 0x8000035e (0x0000157d) c.addi  a0, -1
core   0: 3 0x8000035e (0x157d) x10 0x00000008
core   0: 0x80000360 (0xfe257ce3) bgeu    a0, sp, pc - 8
core   0: 3 0x80000360 (0xfe257ce3)
core   0: 0x80000358 (0x00005cfd) c.li    s9, -1
core   0: 3 0x80000358 (0x5cfd) x25 0xffffffff
core   0: 0x8000035a (0x0355d033) divu    zero, a1, s5
core   0: 3 0x8000035a (0x0355d033)
core   0: 0x8000035e (0x0000157d) c.addi  a0, -1
core   0: 3 0x8000035e (0x157d) x10 0x00000007
core   0: 0x80000360 (0xfe257ce3) bgeu    a0, sp, pc - 8
core   0: 3 0x80000360 (0xfe257ce3)
core   0: 0x80000358 (0x00005cfd) c.li    s9, -1
core   0: 3 0x80000358 (0x5cfd) x25 0xffffffff
core   0: 0x8000035a (0x0355d033) divu    zero, a1, s5
core   0: 3 0x8000035a (0x0355d033)
core   0: 0x8000035e (0x0000157d) c.addi  a0, -1
core   0: 3 0x8000035e (0x157d) x10 0x00000006
core   0: 0x80000360 (0xfe257ce3) bgeu    a0, sp, pc - 8
core   0: 3 0x80000360 (0xfe257ce3)
core   0: 0x80000358 (0x00005cfd) c.li    s9, -1
core   0: 3 0x80000358 (0x5cfd) x25 0xffffffff
core   0: 0x8000035a (0x0355d033) divu    zero, a1, s5
core   0: 3 0x8000035a (0x0355d033)
core   0: 0x8000035e (0x0000157d) c.addi  a0, -1
core   0: 3 0x8000035e (0x157d) x10 0x00000005
core   0: 0x80000360 (0xfe257ce3) bgeu    a0, sp, pc - 8
core   0: 3 0x80000360 (0xfe257ce3)
core   0: 0x80000364 (0xfdd94de3) blt     s2, t4, pc - 38
core   0: 3 0x80000364 (0xfdd94de3)
core   0: 0x8000033e (0x005f6bb3) or      s7, t5, t0
core   0: 3 0x8000033e (0x005f6bb3) x23 0x9996c000
core   0: 0x80000342 (0x000098fd) c.andi  s1, -1
core   0: 3 0x80000342 (0x98fd) x9  0x00000002
core   0: 0x80000344 (0x00000909) c.addi  s2, 2
core   0: 3 0x80000344 (0x0909) x18 0x00000009
core   0: 0x80000346 (0x00008ce9) c.and   s1, a0
core   0: 3 0x80000346 (0x8ce9) x9  0x00000000
core   0: 0x80000348 (0x00004529) c.li    a0, 10
core   0: 3 0x80000348 (0x4529) x10 0x0000000a
core   0: 0x8000034a (0xf4133093) sltiu   ra, t1, -191
core   0: 3 0x8000034a (0xf4133093) x1  0x00000001
core   0: 0x8000034e (0x00004119) c.li    sp, 6
core   0: 3 0x8000034e (0x4119) x2  0x00000006
core   0: 0x80000350 (0x032e6f33) rem     t5, t3, s2
core   0: 3 0x80000350 (0x032e6f33) x30 0x00000000
core   0: 0x80000354 (0x02efa9b3) mulhsu  s3, t6, a4
core   0: 3 0x80000354 (0x02efa9b3) x19 0x00000000
core   0: 0x80000358 (0x00005cfd) c.li    s9, -1
core   0: 3 0x80000358 (0x5cfd) x25 0xffffffff
core   0: 0x8000035a (0x0355d033) divu    zero, a1, s5
core   0: 3 0x8000035a (0x0355d033)
core   0: 0x8000035e (0x0000157d) c.addi  a0, -1
core   0: 3 0x8000035e (0x157d) x10 0x00000009
core   0: 0x80000360 (0xfe257ce3) bgeu    a0, sp, pc - 8
core   0: 3 0x80000360 (0xfe257ce3)
core   0: 0x80000358 (0x00005cfd) c.li    s9, -1
core   0: 3 0x80000358 (0x5cfd) x25 0xffffffff
core   0: 0x8000035a (0x0355d033) divu    zero, a1, s5
core   0: 3 0x8000035a (0x0355d033)
core   0: 0x8000035e (0x0000157d) c.addi  a0, -1
core   0: 3 0x8000035e (0x157d) x10 0x00000008
core   0: 0x80000360 (0xfe257ce3) bgeu    a0, sp, pc - 8
core   0: 3 0x80000360 (0xfe257ce3)
core   0: 0x80000358 (0x00005cfd) c.li    s9, -1
core   0: 3 0x80000358 (0x5cfd) x25 0xffffffff
core   0: 0x8000035a (0x0355d033) divu    zero, a1, s5
core   0: 3 0x8000035a (0x0355d033)
core   0: 0x8000035e (0x0000157d) c.addi  a0, -1
core   0: 3 0x8000035e (0x157d) x10 0x00000007
core   0: 0x80000360 (0xfe257ce3) bgeu    a0, sp, pc - 8
core   0: 3 0x80000360 (0xfe257ce3)
core   0: 0x80000358 (0x00005cfd) c.li    s9, -1
core   0: 3 0x80000358 (0x5cfd) x25 0xffffffff
core   0: 0x8000035a (0x0355d033) divu    zero, a1, s5
core   0: 3 0x8000035a (0x0355d033)
core   0: 0x8000035e (0x0000157d) c.addi  a0, -1
core   0: 3 0x8000035e (0x157d) x10 0x00000006
core   0: 0x80000360 (0xfe257ce3) bgeu    a0, sp, pc - 8
core   0: 3 0x80000360 (0xfe257ce3)
core   0: 0x80000358 (0x00005cfd) c.li    s9, -1
core   0: 3 0x80000358 (0x5cfd) x25 0xffffffff
core   0: 0x8000035a (0x0355d033) divu    zero, a1, s5
core   0: 3 0x8000035a (0x0355d033)
core   0: 0x8000035e (0x0000157d) c.addi  a0, -1
core   0: 3 0x8000035e (0x157d) x10 0x00000005
core   0: 0x80000360 (0xfe257ce3) bgeu    a0, sp, pc - 8
core   0: 3 0x80000360 (0xfe257ce3)
core   0: 0x80000364 (0xfdd94de3) blt     s2, t4, pc - 38
core   0: 3 0x80000364 (0xfdd94de3)
core   0: 0x8000033e (0x005f6bb3) or      s7, t5, t0
core   0: 3 0x8000033e (0x005f6bb3) x23 0x9996c000
core   0: 0x80000342 (0x000098fd) c.andi  s1, -1
core   0: 3 0x80000342 (0x98fd) x9  0x00000000
core   0: 0x80000344 (0x00000909) c.addi  s2, 2
core   0: 3 0x80000344 (0x0909) x18 0x0000000b
core   0: 0x80000346 (0x00008ce9) c.and   s1, a0
core   0: 3 0x80000346 (0x8ce9) x9  0x00000000
core   0: 0x80000348 (0x00004529) c.li    a0, 10
core   0: 3 0x80000348 (0x4529) x10 0x0000000a
core   0: 0x8000034a (0xf4133093) sltiu   ra, t1, -191
core   0: 3 0x8000034a (0xf4133093) x1  0x00000001
core   0: 0x8000034e (0x00004119) c.li    sp, 6
core   0: 3 0x8000034e (0x4119) x2  0x00000006
core   0: 0x80000350 (0x032e6f33) rem     t5, t3, s2
core   0: 3 0x80000350 (0x032e6f33) x30 0x00000000
core   0: 0x80000354 (0x02efa9b3) mulhsu  s3, t6, a4
core   0: 3 0x80000354 (0x02efa9b3) x19 0x00000000
core   0: 0x80000358 (0x00005cfd) c.li    s9, -1
core   0: 3 0x80000358 (0x5cfd) x25 0xffffffff
core   0: 0x8000035a (0x0355d033) divu    zero, a1, s5
core   0: 3 0x8000035a (0x0355d033)
core   0: 0x8000035e (0x0000157d) c.addi  a0, -1
core   0: 3 0x8000035e (0x157d) x10 0x00000009
core   0: 0x80000360 (0xfe257ce3) bgeu    a0, sp, pc - 8
core   0: 3 0x80000360 (0xfe257ce3)
core   0: 0x80000358 (0x00005cfd) c.li    s9, -1
core   0: 3 0x80000358 (0x5cfd) x25 0xffffffff
core   0: 0x8000035a (0x0355d033) divu    zero, a1, s5
core   0: 3 0x8000035a (0x0355d033)
core   0: 0x8000035e (0x0000157d) c.addi  a0, -1
core   0: 3 0x8000035e (0x157d) x10 0x00000008
core   0: 0x80000360 (0xfe257ce3) bgeu    a0, sp, pc - 8
core   0: 3 0x80000360 (0xfe257ce3)
core   0: 0x80000358 (0x00005cfd) c.li    s9, -1
core   0: 3 0x80000358 (0x5cfd) x25 0xffffffff
core   0: 0x8000035a (0x0355d033) divu    zero, a1, s5
core   0: 3 0x8000035a (0x0355d033)
core   0: 0x8000035e (0x0000157d) c.addi  a0, -1
core   0: 3 0x8000035e (0x157d) x10 0x00000007
core   0: 0x80000360 (0xfe257ce3) bgeu    a0, sp, pc - 8
core   0: 3 0x80000360 (0xfe257ce3)
core   0: 0x80000358 (0x00005cfd) c.li    s9, -1
core   0: 3 0x80000358 (0x5cfd) x25 0xffffffff
core   0: 0x8000035a (0x0355d033) divu    zero, a1, s5
core   0: 3 0x8000035a (0x0355d033)
core   0: 0x8000035e (0x0000157d) c.addi  a0, -1
core   0: 3 0x8000035e (0x157d) x10 0x00000006
core   0: 0x80000360 (0xfe257ce3) bgeu    a0, sp, pc - 8
core   0: 3 0x80000360 (0xfe257ce3)
core   0: 0x80000358 (0x00005cfd) c.li    s9, -1
core   0: 3 0x80000358 (0x5cfd) x25 0xffffffff
core   0: 0x8000035a (0x0355d033) divu    zero, a1, s5
core   0: 3 0x8000035a (0x0355d033)
core   0: 0x8000035e (0x0000157d) c.addi  a0, -1
core   0: 3 0x8000035e (0x157d) x10 0x00000005
core   0: 0x80000360 (0xfe257ce3) bgeu    a0, sp, pc - 8
core   0: 3 0x80000360 (0xfe257ce3)
core   0: 0x80000364 (0xfdd94de3) blt     s2, t4, pc - 38
core   0: 3 0x80000364 (0xfdd94de3)
core   0: 0x8000033e (0x005f6bb3) or      s7, t5, t0
core   0: 3 0x8000033e (0x005f6bb3) x23 0x9996c000
core   0: 0x80000342 (0x000098fd) c.andi  s1, -1
core   0: 3 0x80000342 (0x98fd) x9  0x00000000
core   0: 0x80000344 (0x00000909) c.addi  s2, 2
core   0: 3 0x80000344 (0x0909) x18 0x0000000d
core   0: 0x80000346 (0x00008ce9) c.and   s1, a0
core   0: 3 0x80000346 (0x8ce9) x9  0x00000000
core   0: 0x80000348 (0x00004529) c.li    a0, 10
core   0: 3 0x80000348 (0x4529) x10 0x0000000a
core   0: 0x8000034a (0xf4133093) sltiu   ra, t1, -191
core   0: 3 0x8000034a (0xf4133093) x1  0x00000001
core   0: 0x8000034e (0x00004119) c.li    sp, 6
core   0: 3 0x8000034e (0x4119) x2  0x00000006
core   0: 0x80000350 (0x032e6f33) rem     t5, t3, s2
core   0: 3 0x80000350 (0x032e6f33) x30 0x00000000
core   0: 0x80000354 (0x02efa9b3) mulhsu  s3, t6, a4
core   0: 3 0x80000354 (0x02efa9b3) x19 0x00000000
core   0: 0x80000358 (0x00005cfd) c.li    s9, -1
core   0: 3 0x80000358 (0x5cfd) x25 0xffffffff
core   0: 0x8000035a (0x0355d033) divu    zero, a1, s5
core   0: 3 0x8000035a (0x0355d033)
core   0: 0x8000035e (0x0000157d) c.addi  a0, -1
core   0: 3 0x8000035e (0x157d) x10 0x00000009
core   0: 0x80000360 (0xfe257ce3) bgeu    a0, sp, pc - 8
core   0: 3 0x80000360 (0xfe257ce3)
core   0: 0x80000358 (0x00005cfd) c.li    s9, -1
core   0: 3 0x80000358 (0x5cfd) x25 0xffffffff
core   0: 0x8000035a (0x0355d033) divu    zero, a1, s5
core   0: 3 0x8000035a (0x0355d033)
core   0: 0x8000035e (0x0000157d) c.addi  a0, -1
core   0: 3 0x8000035e (0x157d) x10 0x00000008
core   0: 0x80000360 (0xfe257ce3) bgeu    a0, sp, pc - 8
core   0: 3 0x80000360 (0xfe257ce3)
core   0: 0x80000358 (0x00005cfd) c.li    s9, -1
core   0: 3 0x80000358 (0x5cfd) x25 0xffffffff
core   0: 0x8000035a (0x0355d033) divu    zero, a1, s5
core   0: 3 0x8000035a (0x0355d033)
core   0: 0x8000035e (0x0000157d) c.addi  a0, -1
core   0: 3 0x8000035e (0x157d) x10 0x00000007
core   0: 0x80000360 (0xfe257ce3) bgeu    a0, sp, pc - 8
core   0: 3 0x80000360 (0xfe257ce3)
core   0: 0x80000358 (0x00005cfd) c.li    s9, -1
core   0: 3 0x80000358 (0x5cfd) x25 0xffffffff
core   0: 0x8000035a (0x0355d033) divu    zero, a1, s5
core   0: 3 0x8000035a (0x0355d033)
core   0: 0x8000035e (0x0000157d) c.addi  a0, -1
core   0: 3 0x8000035e (0x157d) x10 0x00000006
core   0: 0x80000360 (0xfe257ce3) bgeu    a0, sp, pc - 8
core   0: 3 0x80000360 (0xfe257ce3)
core   0: 0x80000358 (0x00005cfd) c.li    s9, -1
core   0: 3 0x80000358 (0x5cfd) x25 0xffffffff
core   0: 0x8000035a (0x0355d033) divu    zero, a1, s5
core   0: 3 0x8000035a (0x0355d033)
core   0: 0x8000035e (0x0000157d) c.addi  a0, -1
core   0: 3 0x8000035e (0x157d) x10 0x00000005
core   0: 0x80000360 (0xfe257ce3) bgeu    a0, sp, pc - 8
core   0: 3 0x80000360 (0xfe257ce3)
core   0: 0x80000364 (0xfdd94de3) blt     s2, t4, pc - 38
core   0: 3 0x80000364 (0xfdd94de3)
core   0: 0x8000033e (0x005f6bb3) or      s7, t5, t0
core   0: 3 0x8000033e (0x005f6bb3) x23 0x9996c000
core   0: 0x80000342 (0x000098fd) c.andi  s1, -1
core   0: 3 0x80000342 (0x98fd) x9  0x00000000
core   0: 0x80000344 (0x00000909) c.addi  s2, 2
core   0: 3 0x80000344 (0x0909) x18 0x0000000f
core   0: 0x80000346 (0x00008ce9) c.and   s1, a0
core   0: 3 0x80000346 (0x8ce9) x9  0x00000000
core   0: 0x80000348 (0x00004529) c.li    a0, 10
core   0: 3 0x80000348 (0x4529) x10 0x0000000a
core   0: 0x8000034a (0xf4133093) sltiu   ra, t1, -191
core   0: 3 0x8000034a (0xf4133093) x1  0x00000001
core   0: 0x8000034e (0x00004119) c.li    sp, 6
core   0: 3 0x8000034e (0x4119) x2  0x00000006
core   0: 0x80000350 (0x032e6f33) rem     t5, t3, s2
core   0: 3 0x80000350 (0x032e6f33) x30 0x00000000
core   0: 0x80000354 (0x02efa9b3) mulhsu  s3, t6, a4
core   0: 3 0x80000354 (0x02efa9b3) x19 0x00000000
core   0: 0x80000358 (0x00005cfd) c.li    s9, -1
core   0: 3 0x80000358 (0x5cfd) x25 0xffffffff
core   0: 0x8000035a (0x0355d033) divu    zero, a1, s5
core   0: 3 0x8000035a (0x0355d033)
core   0: 0x8000035e (0x0000157d) c.addi  a0, -1
core   0: 3 0x8000035e (0x157d) x10 0x00000009
core   0: 0x80000360 (0xfe257ce3) bgeu    a0, sp, pc - 8
core   0: 3 0x80000360 (0xfe257ce3)
core   0: 0x80000358 (0x00005cfd) c.li    s9, -1
core   0: 3 0x80000358 (0x5cfd) x25 0xffffffff
core   0: 0x8000035a (0x0355d033) divu    zero, a1, s5
core   0: 3 0x8000035a (0x0355d033)
core   0: 0x8000035e (0x0000157d) c.addi  a0, -1
core   0: 3 0x8000035e (0x157d) x10 0x00000008
core   0: 0x80000360 (0xfe257ce3) bgeu    a0, sp, pc - 8
core   0: 3 0x80000360 (0xfe257ce3)
core   0: 0x80000358 (0x00005cfd) c.li    s9, -1
core   0: 3 0x80000358 (0x5cfd) x25 0xffffffff
core   0: 0x8000035a (0x0355d033) divu    zero, a1, s5
core   0: 3 0x8000035a (0x0355d033)
core   0: 0x8000035e (0x0000157d) c.addi  a0, -1
core   0: 3 0x8000035e (0x157d) x10 0x00000007
core   0: 0x80000360 (0xfe257ce3) bgeu    a0, sp, pc - 8
core   0: 3 0x80000360 (0xfe257ce3)
core   0: 0x80000358 (0x00005cfd) c.li    s9, -1
core   0: 3 0x80000358 (0x5cfd) x25 0xffffffff
core   0: 0x8000035a (0x0355d033) divu    zero, a1, s5
core   0: 3 0x8000035a (0x0355d033)
core   0: 0x8000035e (0x0000157d) c.addi  a0, -1
core   0: 3 0x8000035e (0x157d) x10 0x00000006
core   0: 0x80000360 (0xfe257ce3) bgeu    a0, sp, pc - 8
core   0: 3 0x80000360 (0xfe257ce3)
core   0: 0x80000358 (0x00005cfd) c.li    s9, -1
core   0: 3 0x80000358 (0x5cfd) x25 0xffffffff
core   0: 0x8000035a (0x0355d033) divu    zero, a1, s5
core   0: 3 0x8000035a (0x0355d033)
core   0: 0x8000035e (0x0000157d) c.addi  a0, -1
core   0: 3 0x8000035e (0x157d) x10 0x00000005
core   0: 0x80000360 (0xfe257ce3) bgeu    a0, sp, pc - 8
core   0: 3 0x80000360 (0xfe257ce3)
core   0: 0x80000364 (0xfdd94de3) blt     s2, t4, pc - 38
core   0: 3 0x80000364 (0xfdd94de3)
core   0: 0x8000033e (0x005f6bb3) or      s7, t5, t0
core   0: 3 0x8000033e (0x005f6bb3) x23 0x9996c000
core   0: 0x80000342 (0x000098fd) c.andi  s1, -1
core   0: 3 0x80000342 (0x98fd) x9  0x00000000
core   0: 0x80000344 (0x00000909) c.addi  s2, 2
core   0: 3 0x80000344 (0x0909) x18 0x00000011
core   0: 0x80000346 (0x00008ce9) c.and   s1, a0
core   0: 3 0x80000346 (0x8ce9) x9  0x00000000
core   0: 0x80000348 (0x00004529) c.li    a0, 10
core   0: 3 0x80000348 (0x4529) x10 0x0000000a
core   0: 0x8000034a (0xf4133093) sltiu   ra, t1, -191
core   0: 3 0x8000034a (0xf4133093) x1  0x00000001
core   0: 0x8000034e (0x00004119) c.li    sp, 6
core   0: 3 0x8000034e (0x4119) x2  0x00000006
core   0: 0x80000350 (0x032e6f33) rem     t5, t3, s2
core   0: 3 0x80000350 (0x032e6f33) x30 0x00000000
core   0: 0x80000354 (0x02efa9b3) mulhsu  s3, t6, a4
core   0: 3 0x80000354 (0x02efa9b3) x19 0x00000000
core   0: 0x80000358 (0x00005cfd) c.li    s9, -1
core   0: 3 0x80000358 (0x5cfd) x25 0xffffffff
core   0: 0x8000035a (0x0355d033) divu    zero, a1, s5
core   0: 3 0x8000035a (0x0355d033)
core   0: 0x8000035e (0x0000157d) c.addi  a0, -1
core   0: 3 0x8000035e (0x157d) x10 0x00000009
core   0: 0x80000360 (0xfe257ce3) bgeu    a0, sp, pc - 8
core   0: 3 0x80000360 (0xfe257ce3)
core   0: 0x80000358 (0x00005cfd) c.li    s9, -1
core   0: 3 0x80000358 (0x5cfd) x25 0xffffffff
core   0: 0x8000035a (0x0355d033) divu    zero, a1, s5
core   0: 3 0x8000035a (0x0355d033)
core   0: 0x8000035e (0x0000157d) c.addi  a0, -1
core   0: 3 0x8000035e (0x157d) x10 0x00000008
core   0: 0x80000360 (0xfe257ce3) bgeu    a0, sp, pc - 8
core   0: 3 0x80000360 (0xfe257ce3)
core   0: 0x80000358 (0x00005cfd) c.li    s9, -1
core   0: 3 0x80000358 (0x5cfd) x25 0xffffffff
core   0: 0x8000035a (0x0355d033) divu    zero, a1, s5
core   0: 3 0x8000035a (0x0355d033)
core   0: 0x8000035e (0x0000157d) c.addi  a0, -1
core   0: 3 0x8000035e (0x157d) x10 0x00000007
core   0: 0x80000360 (0xfe257ce3) bgeu    a0, sp, pc - 8
core   0: 3 0x80000360 (0xfe257ce3)
core   0: 0x80000358 (0x00005cfd) c.li    s9, -1
core   0: 3 0x80000358 (0x5cfd) x25 0xffffffff
core   0: 0x8000035a (0x0355d033) divu    zero, a1, s5
core   0: 3 0x8000035a (0x0355d033)
core   0: 0x8000035e (0x0000157d) c.addi  a0, -1
core   0: 3 0x8000035e (0x157d) x10 0x00000006
core   0: 0x80000360 (0xfe257ce3) bgeu    a0, sp, pc - 8
core   0: 3 0x80000360 (0xfe257ce3)
core   0: 0x80000358 (0x00005cfd) c.li    s9, -1
core   0: 3 0x80000358 (0x5cfd) x25 0xffffffff
core   0: 0x8000035a (0x0355d033) divu    zero, a1, s5
core   0: 3 0x8000035a (0x0355d033)
core   0: 0x8000035e (0x0000157d) c.addi  a0, -1
core   0: 3 0x8000035e (0x157d) x10 0x00000005
core   0: 0x80000360 (0xfe257ce3) bgeu    a0, sp, pc - 8
core   0: 3 0x80000360 (0xfe257ce3)
core   0: 0x80000364 (0xfdd94de3) blt     s2, t4, pc - 38
core   0: 3 0x80000364 (0xfdd94de3)
core   0: 0x8000033e (0x005f6bb3) or      s7, t5, t0
core   0: 3 0x8000033e (0x005f6bb3) x23 0x9996c000
core   0: 0x80000342 (0x000098fd) c.andi  s1, -1
core   0: 3 0x80000342 (0x98fd) x9  0x00000000
core   0: 0x80000344 (0x00000909) c.addi  s2, 2
core   0: 3 0x80000344 (0x0909) x18 0x00000013
core   0: 0x80000346 (0x00008ce9) c.and   s1, a0
core   0: 3 0x80000346 (0x8ce9) x9  0x00000000
core   0: 0x80000348 (0x00004529) c.li    a0, 10
core   0: 3 0x80000348 (0x4529) x10 0x0000000a
core   0: 0x8000034a (0xf4133093) sltiu   ra, t1, -191
core   0: 3 0x8000034a (0xf4133093) x1  0x00000001
core   0: 0x8000034e (0x00004119) c.li    sp, 6
core   0: 3 0x8000034e (0x4119) x2  0x00000006
core   0: 0x80000350 (0x032e6f33) rem     t5, t3, s2
core   0: 3 0x80000350 (0x032e6f33) x30 0x00000000
core   0: 0x80000354 (0x02efa9b3) mulhsu  s3, t6, a4
core   0: 3 0x80000354 (0x02efa9b3) x19 0x00000000
core   0: 0x80000358 (0x00005cfd) c.li    s9, -1
core   0: 3 0x80000358 (0x5cfd) x25 0xffffffff
core   0: 0x8000035a (0x0355d033) divu    zero, a1, s5
core   0: 3 0x8000035a (0x0355d033)
core   0: 0x8000035e (0x0000157d) c.addi  a0, -1
core   0: 3 0x8000035e (0x157d) x10 0x00000009
core   0: 0x80000360 (0xfe257ce3) bgeu    a0, sp, pc - 8
core   0: 3 0x80000360 (0xfe257ce3)
core   0: 0x80000358 (0x00005cfd) c.li    s9, -1
core   0: 3 0x80000358 (0x5cfd) x25 0xffffffff
core   0: 0x8000035a (0x0355d033) divu    zero, a1, s5
core   0: 3 0x8000035a (0x0355d033)
core   0: 0x8000035e (0x0000157d) c.addi  a0, -1
core   0: 3 0x8000035e (0x157d) x10 0x00000008
core   0: 0x80000360 (0xfe257ce3) bgeu    a0, sp, pc - 8
core   0: 3 0x80000360 (0xfe257ce3)
core   0: 0x80000358 (0x00005cfd) c.li    s9, -1
core   0: 3 0x80000358 (0x5cfd) x25 0xffffffff
core   0: 0x8000035a (0x0355d033) divu    zero, a1, s5
core   0: 3 0x8000035a (0x0355d033)
core   0: 0x8000035e (0x0000157d) c.addi  a0, -1
core   0: 3 0x8000035e (0x157d) x10 0x00000007
core   0: 0x80000360 (0xfe257ce3) bgeu    a0, sp, pc - 8
core   0: 3 0x80000360 (0xfe257ce3)
core   0: 0x80000358 (0x00005cfd) c.li    s9, -1
core   0: 3 0x80000358 (0x5cfd) x25 0xffffffff
core   0: 0x8000035a (0x0355d033) divu    zero, a1, s5
core   0: 3 0x8000035a (0x0355d033)
core   0: 0x8000035e (0x0000157d) c.addi  a0, -1
core   0: 3 0x8000035e (0x157d) x10 0x00000006
core   0: 0x80000360 (0xfe257ce3) bgeu    a0, sp, pc - 8
core   0: 3 0x80000360 (0xfe257ce3)
core   0: 0x80000358 (0x00005cfd) c.li    s9, -1
core   0: 3 0x80000358 (0x5cfd) x25 0xffffffff
core   0: 0x8000035a (0x0355d033) divu    zero, a1, s5
core   0: 3 0x8000035a (0x0355d033)
core   0: 0x8000035e (0x0000157d) c.addi  a0, -1
core   0: 3 0x8000035e (0x157d) x10 0x00000005
core   0: 0x80000360 (0xfe257ce3) bgeu    a0, sp, pc - 8
core   0: 3 0x80000360 (0xfe257ce3)
core   0: 0x80000364 (0xfdd94de3) blt     s2, t4, pc - 38
core   0: 3 0x80000364 (0xfdd94de3)
core   0: 0x80000368 (0x00008e51) c.or    a2, a2
core   0: 3 0x80000368 (0x8e51) x12 0x00000000
core   0: 0x8000036a (0x00004311) c.li    t1, 4
core   0: 3 0x8000036a (0x4311) x6  0x00000004
core   0: 0x8000036c (0x0249a0b3) mulhsu  ra, s3, tp
core   0: 3 0x8000036c (0x0249a0b3) x1  0x00000000
core   0: 0x80000370 (0x000059fd) c.li    s3, -1
core   0: 3 0x80000370 (0x59fd) x19 0xffffffff
core   0: 0x80000372 (0x00005559) c.li    a0, -10
core   0: 3 0x80000372 (0x5559) x10 0xfffffff6
core   0: 0x80000374 (0x00008dc2) c.mv    s11, a6
core   0: 3 0x80000374 (0x8dc2) x27 0x80000000
core   0: 0x80000376 (0x00000489) c.addi  s1, 2
core   0: 3 0x80000376 (0x0489) x9  0x00000002
core   0: 0x80000378 (0x00008c85) c.sub   s1, s1
core   0: 3 0x80000378 (0x8c85) x9  0x00000000
core   0: 0x8000037a (0x5b530113) addi    sp, t1, 1461
core   0: 3 0x8000037a (0x5b530113) x2  0x000005b9
core   0: 0x8000037e (0x00001359) c.addi  t1, -10
core   0: 3 0x8000037e (0x1359) x6  0xfffffffa
core   0: 0x80000380 (0x000085d5) c.srai  a1, 21
core   0: 3 0x80000380 (0x85d5) x11 0x00000000
core   0: 0x80000382 (0x00008e31) c.xor   a2, a2
core   0: 3 0x80000382 (0x8e31) x12 0x00000000
core   0: 0x80000384 (0x000005ea) c.slli  a1, 26
core   0: 3 0x80000384 (0x05ea) x11 0x00000000
core   0: 0x80000386 (0x00008ca5) c.xor   s1, s1
core   0: 3 0x80000386 (0x8ca5) x9  0x00000000
core   0: 0x80000388 (0x00009e56) c.add   t3, s5
core   0: 3 0x80000388 (0x9e56) x28 0x80025e64
core   0: 0x8000038a (0x02007cb3) remu    s9, zero, zero
core   0: 3 0x8000038a (0x02007cb3) x25 0x00000000
core   0: 0x8000038e (0x033b05b3) mul     a1, s6, s3
core   0: 3 0x8000038e (0x033b05b3) x11 0xffffd000
core   0: 0x80000392 (0x01a6d133) srl     sp, a3, s10
core   0: 3 0x80000392 (0x01a6d133) x2  0x00000000
core   0: 0x80000396 (0xaac8b7b7) lui     a5, 0xaac8b
core   0: 3 0x80000396 (0xaac8b7b7) x15 0xaac8b000
core   0: 0x8000039a (0x000098fd) c.andi  s1, -1
core   0: 3 0x8000039a (0x98fd) x9  0x00000000
core   0: 0x8000039c (0x40565db3) sra     s11, a2, t0
core   0: 3 0x8000039c (0x40565db3) x27 0x00000000
core   0: 0x800003a0 (0x01f40db3) add     s11, s0, t6
core   0: 3 0x800003a0 (0x01f40db3) x27 0x800bae90
core   0: 0x800003a4 (0x4192de13) srai    t3, t0, 25
core   0: 3 0x800003a4 (0x4192de13) x28 0xffffffcc
core   0: 0x800003a8 (0x0205d7b3) divu    a5, a1, zero
core   0: 3 0x800003a8 (0x0205d7b3) x15 0xffffffff
core   0: 0x800003ac (0x00000229) c.addi  tp, 10
core   0: 3 0x800003ac (0x0229) x4  0x0000000e
core   0: 0x800003ae (0xfca354e3) bge     t1, a0, pc - 56
core   0: 3 0x800003ae (0xfca354e3)
core   0: 0x80000376 (0x00000489) c.addi  s1, 2
core   0: 3 0x80000376 (0x0489) x9  0x00000002
core   0: 0x80000378 (0x00008c85) c.sub   s1, s1
core   0: 3 0x80000378 (0x8c85) x9  0x00000000
core   0: 0x8000037a (0x5b530113) addi    sp, t1, 1461
core   0: 3 0x8000037a (0x5b530113) x2  0x000005af
core   0: 0x8000037e (0x00001359) c.addi  t1, -10
core   0: 3 0x8000037e (0x1359) x6  0xfffffff0
core   0: 0x80000380 (0x000085d5) c.srai  a1, 21
core   0: 3 0x80000380 (0x85d5) x11 0xffffffff
core   0: 0x80000382 (0x00008e31) c.xor   a2, a2
core   0: 3 0x80000382 (0x8e31) x12 0x00000000
core   0: 0x80000384 (0x000005ea) c.slli  a1, 26
core   0: 3 0x80000384 (0x05ea) x11 0xfc000000
core   0: 0x80000386 (0x00008ca5) c.xor   s1, s1
core   0: 3 0x80000386 (0x8ca5) x9  0x00000000
core   0: 0x80000388 (0x00009e56) c.add   t3, s5
core   0: 3 0x80000388 (0x9e56) x28 0x80025e30
core   0: 0x8000038a (0x02007cb3) remu    s9, zero, zero
core   0: 3 0x8000038a (0x02007cb3) x25 0x00000000
core   0: 0x8000038e (0x033b05b3) mul     a1, s6, s3
core   0: 3 0x8000038e (0x033b05b3) x11 0xffffd000
core   0: 0x80000392 (0x01a6d133) srl     sp, a3, s10
core   0: 3 0x80000392 (0x01a6d133) x2  0x00000000
core   0: 0x80000396 (0xaac8b7b7) lui     a5, 0xaac8b
core   0: 3 0x80000396 (0xaac8b7b7) x15 0xaac8b000
core   0: 0x8000039a (0x000098fd) c.andi  s1, -1
core   0: 3 0x8000039a (0x98fd) x9  0x00000000
core   0: 0x8000039c (0x40565db3) sra     s11, a2, t0
core   0: 3 0x8000039c (0x40565db3) x27 0x00000000
core   0: 0x800003a0 (0x01f40db3) add     s11, s0, t6
core   0: 3 0x800003a0 (0x01f40db3) x27 0x800bae90
core   0: 0x800003a4 (0x4192de13) srai    t3, t0, 25
core   0: 3 0x800003a4 (0x4192de13) x28 0xffffffcc
core   0: 0x800003a8 (0x0205d7b3) divu    a5, a1, zero
core   0: 3 0x800003a8 (0x0205d7b3) x15 0xffffffff
core   0: 0x800003ac (0x00000229) c.addi  tp, 10
core   0: 3 0x800003ac (0x0229) x4  0x00000018
core   0: 0x800003ae (0xfca354e3) bge     t1, a0, pc - 56
core   0: 3 0x800003ae (0xfca354e3)
core   0: 0x800003b2 (0x00e9a3b3) slt     t2, s3, a4
core   0: 3 0x800003b2 (0x00e9a3b3) x7  0x00000001
core   0: 0x800003b6 (0x0000459d) c.li    a1, 7
core   0: 3 0x800003b6 (0x459d) x11 0x00000007
core   0: 0x800003b8 (0x01dab933) sltu    s2, s5, t4
core   0: 3 0x800003b8 (0x01dab933) x18 0x00000000
core   0: 0x800003bc (0x0183a7b3) slt     a5, t2, s8
core   0: 3 0x800003bc (0x0183a7b3) x15 0x00000001
core   0: 0x800003c0 (0x02f90333) mul     t1, s2, a5
core   0: 3 0x800003c0 (0x02f90333) x6  0x00000000
core   0: 0x800003c4 (0x0652ce93) xori    t4, t0, 101
core   0: 3 0x800003c4 (0x0652ce93) x29 0x9996c065
core   0: 0x800003c8 (0x00bf28b3) slt     a7, t5, a1
core   0: 3 0x800003c8 (0x00bf28b3) x17 0x00000001
core   0: 0x800003cc (0x03e77db3) remu    s11, a4, t5
core   0: 3 0x800003cc (0x03e77db3) x27 0x0000000a
core   0: 0x800003d0 (0x03328333) mul     t1, t0, s3
core   0: 3 0x800003d0 (0x03328333) x6  0x66694000
core   0: 0x800003d4 (0x00006c41) c.lui   s8, 0x10
core   0: 3 0x800003d4 (0x6c41) x24 0x00010000
core   0: 0x800003d6 (0x00001f90) c.addi4spn a2, sp, 1008
core   0: 3 0x800003d6 (0x1f90) x12 0x000003f0
core   0: 0x800003d8 (0x9a3b4b13) xori    s6, s6, -1629
core   0: 3 0x800003d8 (0x9a3b4b13) x22 0xffffc9a3
core   0: 0x800003dc (0x00004a0d) c.li    s4, 3
core   0: 3 0x800003dc (0x4a0d) x20 0x00000003
core   0: 0x800003de (0x00000001) c.nop
core   0: 3 0x800003de (0x0001)
core   0: 0x800003e0 (0x03dba6b3) mulhsu  a3, s7, t4
core   0: 3 0x800003e0 (0x03dba6b3) x13 0xc28eca1d
core   0: 0x800003e4 (0x0000137d) c.addi  t1, -1
core   0: 3 0x800003e4 (0x137d) x6  0x66693fff
core   0: 0x800003e6 (0x01e734b3) sltu    s1, a4, t5
core   0: 3 0x800003e6 (0x01e734b3) x9  0x00000000
core   0: 0x800003ea (0x00000001) c.nop
core   0: 3 0x800003ea (0x0001)
core   0: 0x800003ec (0x02682633) mulhsu  a2, a6, t1
core   0: 3 0x800003ec (0x02682633) x12 0xcccb6000
core   0: 0x800003f0 (0x000084b9) c.srai  s1, 14
core   0: 3 0x800003f0 (0x84b9) x9  0x00000000
core   0: 0x800003f2 (0x00008cad) c.xor   s1, a1
core   0: 3 0x800003f2 (0x8cad) x9  0x00000007
core   0: 0x800003f4 (0x026b4033) div     zero, s6, t1
core   0: 3 0x800003f4 (0x026b4033)
core   0: 0x800003f8 (0x03d623b3) mulhsu  t2, a2, t4
core   0: 3 0x800003f8 (0x03d623b3) x7  0xe147650e
core   0: 0x800003fc (0x000015f9) c.addi  a1, -2
core   0: 3 0x800003fc (0x15f9) x11 0x00000005
core   0: 0x800003fe (0x4e190037) lui     zero, 0x4e190
core   0: 3 0x800003fe (0x4e190037)
core   0: 0x80000402 (0x03b66933) rem     s2, a2, s11
core   0: 3 0x80000402 (0x03b66933) x18 0xfffffff8
core   0: 0x80000406 (0xae1c7993) andi    s3, s8, -1311
core   0: 3 0x80000406 (0xae1c7993) x19 0x00010000
core   0: 0x8000040a (0xff45f0e3) bgeu    a1, s4, pc - 32
core   0: 3 0x8000040a (0xff45f0e3)
core   0: 0x800003ea (0x00000001) c.nop
core   0: 3 0x800003ea (0x0001)
core   0: 0x800003ec (0x02682633) mulhsu  a2, a6, t1
core   0: 3 0x800003ec (0x02682633) x12 0xcccb6000
core   0: 0x800003f0 (0x000084b9) c.srai  s1, 14
core   0: 3 0x800003f0 (0x84b9) x9  0x00000000
core   0: 0x800003f2 (0x00008cad) c.xor   s1, a1
core   0: 3 0x800003f2 (0x8cad) x9  0x00000005
core   0: 0x800003f4 (0x026b4033) div     zero, s6, t1
core   0: 3 0x800003f4 (0x026b4033)
core   0: 0x800003f8 (0x03d623b3) mulhsu  t2, a2, t4
core   0: 3 0x800003f8 (0x03d623b3) x7  0xe147650e
core   0: 0x800003fc (0x000015f9) c.addi  a1, -2
core   0: 3 0x800003fc (0x15f9) x11 0x00000003
core   0: 0x800003fe (0x4e190037) lui     zero, 0x4e190
core   0: 3 0x800003fe (0x4e190037)
core   0: 0x80000402 (0x03b66933) rem     s2, a2, s11
core   0: 3 0x80000402 (0x03b66933) x18 0xfffffff8
core   0: 0x80000406 (0xae1c7993) andi    s3, s8, -1311
core   0: 3 0x80000406 (0xae1c7993) x19 0x00010000
core   0: 0x8000040a (0xff45f0e3) bgeu    a1, s4, pc - 32
core   0: 3 0x8000040a (0xff45f0e3)
core   0: 0x800003ea (0x00000001) c.nop
core   0: 3 0x800003ea (0x0001)
core   0: 0x800003ec (0x02682633) mulhsu  a2, a6, t1
core   0: 3 0x800003ec (0x02682633) x12 0xcccb6000
core   0: 0x800003f0 (0x000084b9) c.srai  s1, 14
core   0: 3 0x800003f0 (0x84b9) x9  0x00000000
core   0: 0x800003f2 (0x00008cad) c.xor   s1, a1
core   0: 3 0x800003f2 (0x8cad) x9  0x00000003
core   0: 0x800003f4 (0x026b4033) div     zero, s6, t1
core   0: 3 0x800003f4 (0x026b4033)
core   0: 0x800003f8 (0x03d623b3) mulhsu  t2, a2, t4
core   0: 3 0x800003f8 (0x03d623b3) x7  0xe147650e
core   0: 0x800003fc (0x000015f9) c.addi  a1, -2
core   0: 3 0x800003fc (0x15f9) x11 0x00000001
core   0: 0x800003fe (0x4e190037) lui     zero, 0x4e190
core   0: 3 0x800003fe (0x4e190037)
core   0: 0x80000402 (0x03b66933) rem     s2, a2, s11
core   0: 3 0x80000402 (0x03b66933) x18 0xfffffff8
core   0: 0x80000406 (0xae1c7993) andi    s3, s8, -1311
core   0: 3 0x80000406 (0xae1c7993) x19 0x00010000
core   0: 0x8000040a (0xff45f0e3) bgeu    a1, s4, pc - 32
core   0: 3 0x8000040a (0xff45f0e3)
core   0: 0x8000040e (0x02bbd233) divu    tp, s7, a1
core   0: 3 0x8000040e (0x02bbd233) x4  0x9996c000
core   0: 0x80000412 (0x000054dd) c.li    s1, -9
core   0: 3 0x80000412 (0x54dd) x9  0xfffffff7
core   0: 0x80000414 (0x00004235) c.li    tp, 13
core   0: 3 0x80000414 (0x4235) x4  0x0000000d
core   0: 0x80000416 (0x00008db1) c.xor   a1, a2
core   0: 3 0x80000416 (0x8db1) x11 0xcccb6001
core   0: 0x80000418 (0x407e56b3) sra     a3, t3, t2
core   0: 3 0x80000418 (0x407e56b3) x13 0xffffffff
core   0: 0x8000041c (0x9376ea13) ori     s4, a3, -1737
core   0: 3 0x8000041c (0x9376ea13) x20 0xffffffff
core   0: 0x80000420 (0x00008f35) c.xor   a4, a3
core   0: 3 0x80000420 (0x8f35) x14 0xfffffff5
core   0: 0x80000422 (0x000099fd) c.andi  a1, -1
core   0: 3 0x80000422 (0x99fd) x11 0xcccb6001
core   0: 0x80000424 (0x00000491) c.addi  s1, 4
core   0: 3 0x80000424 (0x0491) x9  0xfffffffb
core   0: 0x80000426 (0x00000001) c.nop
core   0: 3 0x80000426 (0x0001)
core   0: 0x80000428 (0xc9d28a37) lui     s4, 0xc9d28
core   0: 3 0x80000428 (0xc9d28a37) x20 0xc9d28000
core   0: 0x8000042c (0x000068c5) c.lui   a7, 0x11
core   0: 3 0x8000042c (0x68c5) x17 0x00011000
core   0: 0x8000042e (0x00008ed1) c.or    a3, a2
core   0: 3 0x8000042e (0x8ed1) x13 0xffffffff
core   0: 0x80000430 (0x00008e91) c.sub   a3, a2
core   0: 3 0x80000430 (0x8e91) x13 0x33349fff
core   0: 0x80000432 (0x00000001) c.nop
core   0: 3 0x80000432 (0x0001)
core   0: 0x80000434 (0x40c00fb3) sub     t6, zero, a2
core   0: 3 0x80000434 (0x40c00fb3) x31 0x3334a000
core   0: 0x80000438 (0x0368f533) remu    a0, a7, s6
core   0: 3 0x80000438 (0x0368f533) x10 0x00011000
core   0: 0x8000043c (0x0000565d) c.li    a2, -9
core   0: 3 0x8000043c (0x565d) x12 0xfffffff7
core   0: 0x8000043e (0x00008f29) c.xor   a4, a0
core   0: 3 0x8000043e (0x8f29) x14 0xfffeeff5
core   0: 0x80000440 (0x00000001) c.nop
core   0: 3 0x80000440 (0x0001)
core   0: 0x80000442 (0x01042933) slt     s2, s0, a6
core   0: 3 0x80000442 (0x01042933) x18 0x00000000
core   0: 0x80000446 (0x000041e1) c.li    gp, 24
core   0: 3 0x80000446 (0x41e1) x3  0x00000018
core   0: 0x80000448 (0x00000518) c.addi4spn a4, sp, 640
core   0: 3 0x80000448 (0x0518) x14 0x00000280
core   0: 0x8000044a (0x00000e46) c.slli  t3, 17
core   0: 3 0x8000044a (0x0e46) x28 0xff980000
core   0: 0x8000044c (0x00000605) c.addi  a2, 1
core   0: 3 0x8000044c (0x0605) x12 0xfffffff8
core   0: 0x8000044e (0x0000de6d) c.beqz  a2, pc - 6
core   0: 3 0x8000044e (0xde6d)
core   0: 0x80000450 (0x0007f8b3) and     a7, a5, zero
core   0: 3 0x80000450 (0x0007f8b3) x17 0x00000000
core   0: 0x80000454 (0x4e746993) ori     s3, s0, 1255
core   0: 3 0x80000454 (0x4e746993) x19 0x80029ce7
core   0: 0x80000458 (0x0000178c) c.addi4spn a1, sp, 992
core   0: 3 0x80000458 (0x178c) x11 0x000003e0
core   0: 0x8000045a (0x033d3933) mulhu   s2, s10, s3
core   0: 3 0x8000045a (0x033d3933) x18 0x00000000
core   0: 0x8000045e (0x3f3cbc93) sltiu   s9, s9, 1011
core   0: 3 0x8000045e (0x3f3cbc93) x25 0x00000001
core   0: 0x80000462 (0xe0962993) slti    s3, a2, -503
core   0: 3 0x80000462 (0xe0962993) x19 0x00000000
core   0: 0x80000466 (0x00005a7d) c.li    s4, -1
core   0: 3 0x80000466 (0x5a7d) x20 0xffffffff
core   0: 0x80000468 (0x41650333) sub     t1, a0, s6
core   0: 3 0x80000468 (0x41650333) x6  0x0001465d
core   0: 0x8000046c (0xfa44c5e3) blt     s1, tp, pc - 86
core   0: 3 0x8000046c (0xfa44c5e3)
core   0: 0x80000416 (0x00008db1) c.xor   a1, a2
core   0: 3 0x80000416 (0x8db1) x11 0xfffffc18
core   0: 0x80000418 (0x407e56b3) sra     a3, t3, t2
core   0: 3 0x80000418 (0x407e56b3) x13 0xfffffe60
core   0: 0x8000041c (0x9376ea13) ori     s4, a3, -1737
core   0: 3 0x8000041c (0x9376ea13) x20 0xffffff77
core   0: 0x80000420 (0x00008f35) c.xor   a4, a3
core   0: 3 0x80000420 (0x8f35) x14 0xfffffce0
core   0: 0x80000422 (0x000099fd) c.andi  a1, -1
core   0: 3 0x80000422 (0x99fd) x11 0xfffffc18
core   0: 0x80000424 (0x00000491) c.addi  s1, 4
core   0: 3 0x80000424 (0x0491) x9  0xffffffff
core   0: 0x80000426 (0x00000001) c.nop
core   0: 3 0x80000426 (0x0001)
core   0: 0x80000428 (0xc9d28a37) lui     s4, 0xc9d28
core   0: 3 0x80000428 (0xc9d28a37) x20 0xc9d28000
core   0: 0x8000042c (0x000068c5) c.lui   a7, 0x11
core   0: 3 0x8000042c (0x68c5) x17 0x00011000
core   0: 0x8000042e (0x00008ed1) c.or    a3, a2
core   0: 3 0x8000042e (0x8ed1) x13 0xfffffff8
core   0: 0x80000430 (0x00008e91) c.sub   a3, a2
core   0: 3 0x80000430 (0x8e91) x13 0x00000000
core   0: 0x80000432 (0x00000001) c.nop
core   0: 3 0x80000432 (0x0001)
core   0: 0x80000434 (0x40c00fb3) sub     t6, zero, a2
core   0: 3 0x80000434 (0x40c00fb3) x31 0x00000008
core   0: 0x80000438 (0x0368f533) remu    a0, a7, s6
core   0: 3 0x80000438 (0x0368f533) x10 0x00011000
core   0: 0x8000043c (0x0000565d) c.li    a2, -9
core   0: 3 0x8000043c (0x565d) x12 0xfffffff7
core   0: 0x8000043e (0x00008f29) c.xor   a4, a0
core   0: 3 0x8000043e (0x8f29) x14 0xfffeece0
core   0: 0x80000440 (0x00000001) c.nop
core   0: 3 0x80000440 (0x0001)
core   0: 0x80000442 (0x01042933) slt     s2, s0, a6
core   0: 3 0x80000442 (0x01042933) x18 0x00000000
core   0: 0x80000446 (0x000041e1) c.li    gp, 24
core   0: 3 0x80000446 (0x41e1) x3  0x00000018
core   0: 0x80000448 (0x00000518) c.addi4spn a4, sp, 640
core   0: 3 0x80000448 (0x0518) x14 0x00000280
core   0: 0x8000044a (0x00000e46) c.slli  t3, 17
core   0: 3 0x8000044a (0x0e46) x28 0x00000000
core   0: 0x8000044c (0x00000605) c.addi  a2, 1
core   0: 3 0x8000044c (0x0605) x12 0xfffffff8
core   0: 0x8000044e (0x0000de6d) c.beqz  a2, pc - 6
core   0: 3 0x8000044e (0xde6d)
core   0: 0x80000450 (0x0007f8b3) and     a7, a5, zero
core   0: 3 0x80000450 (0x0007f8b3) x17 0x00000000
core   0: 0x80000454 (0x4e746993) ori     s3, s0, 1255
core   0: 3 0x80000454 (0x4e746993) x19 0x80029ce7
core   0: 0x80000458 (0x0000178c) c.addi4spn a1, sp, 992
core   0: 3 0x80000458 (0x178c) x11 0x000003e0
core   0: 0x8000045a (0x033d3933) mulhu   s2, s10, s3
core   0: 3 0x8000045a (0x033d3933) x18 0x00000000
core   0: 0x8000045e (0x3f3cbc93) sltiu   s9, s9, 1011
core   0: 3 0x8000045e (0x3f3cbc93) x25 0x00000001
core   0: 0x80000462 (0xe0962993) slti    s3, a2, -503
core   0: 3 0x80000462 (0xe0962993) x19 0x00000000
core   0: 0x80000466 (0x00005a7d) c.li    s4, -1
core   0: 3 0x80000466 (0x5a7d) x20 0xffffffff
core   0: 0x80000468 (0x41650333) sub     t1, a0, s6
core   0: 3 0x80000468 (0x41650333) x6  0x0001465d
core   0: 0x8000046c (0xfa44c5e3) blt     s1, tp, pc - 86
core   0: 3 0x8000046c (0xfa44c5e3)
core   0: 0x80000416 (0x00008db1) c.xor   a1, a2
core   0: 3 0x80000416 (0x8db1) x11 0xfffffc18
core   0: 0x80000418 (0x407e56b3) sra     a3, t3, t2
core   0: 3 0x80000418 (0x407e56b3) x13 0x00000000
core   0: 0x8000041c (0x9376ea13) ori     s4, a3, -1737
core   0: 3 0x8000041c (0x9376ea13) x20 0xfffff937
core   0: 0x80000420 (0x00008f35) c.xor   a4, a3
core   0: 3 0x80000420 (0x8f35) x14 0x00000280
core   0: 0x80000422 (0x000099fd) c.andi  a1, -1
core   0: 3 0x80000422 (0x99fd) x11 0xfffffc18
core   0: 0x80000424 (0x00000491) c.addi  s1, 4
core   0: 3 0x80000424 (0x0491) x9  0x00000003
core   0: 0x80000426 (0x00000001) c.nop
core   0: 3 0x80000426 (0x0001)
core   0: 0x80000428 (0xc9d28a37) lui     s4, 0xc9d28
core   0: 3 0x80000428 (0xc9d28a37) x20 0xc9d28000
core   0: 0x8000042c (0x000068c5) c.lui   a7, 0x11
core   0: 3 0x8000042c (0x68c5) x17 0x00011000
core   0: 0x8000042e (0x00008ed1) c.or    a3, a2
core   0: 3 0x8000042e (0x8ed1) x13 0xfffffff8
core   0: 0x80000430 (0x00008e91) c.sub   a3, a2
core   0: 3 0x80000430 (0x8e91) x13 0x00000000
core   0: 0x80000432 (0x00000001) c.nop
core   0: 3 0x80000432 (0x0001)
core   0: 0x80000434 (0x40c00fb3) sub     t6, zero, a2
core   0: 3 0x80000434 (0x40c00fb3) x31 0x00000008
core   0: 0x80000438 (0x0368f533) remu    a0, a7, s6
core   0: 3 0x80000438 (0x0368f533) x10 0x00011000
core   0: 0x8000043c (0x0000565d) c.li    a2, -9
core   0: 3 0x8000043c (0x565d) x12 0xfffffff7
core   0: 0x8000043e (0x00008f29) c.xor   a4, a0
core   0: 3 0x8000043e (0x8f29) x14 0x00011280
core   0: 0x80000440 (0x00000001) c.nop
core   0: 3 0x80000440 (0x0001)
core   0: 0x80000442 (0x01042933) slt     s2, s0, a6
core   0: 3 0x80000442 (0x01042933) x18 0x00000000
core   0: 0x80000446 (0x000041e1) c.li    gp, 24
core   0: 3 0x80000446 (0x41e1) x3  0x00000018
core   0: 0x80000448 (0x00000518) c.addi4spn a4, sp, 640
core   0: 3 0x80000448 (0x0518) x14 0x00000280
core   0: 0x8000044a (0x00000e46) c.slli  t3, 17
core   0: 3 0x8000044a (0x0e46) x28 0x00000000
core   0: 0x8000044c (0x00000605) c.addi  a2, 1
core   0: 3 0x8000044c (0x0605) x12 0xfffffff8
core   0: 0x8000044e (0x0000de6d) c.beqz  a2, pc - 6
core   0: 3 0x8000044e (0xde6d)
core   0: 0x80000450 (0x0007f8b3) and     a7, a5, zero
core   0: 3 0x80000450 (0x0007f8b3) x17 0x00000000
core   0: 0x80000454 (0x4e746993) ori     s3, s0, 1255
core   0: 3 0x80000454 (0x4e746993) x19 0x80029ce7
core   0: 0x80000458 (0x0000178c) c.addi4spn a1, sp, 992
core   0: 3 0x80000458 (0x178c) x11 0x000003e0
core   0: 0x8000045a (0x033d3933) mulhu   s2, s10, s3
core   0: 3 0x8000045a (0x033d3933) x18 0x00000000
core   0: 0x8000045e (0x3f3cbc93) sltiu   s9, s9, 1011
core   0: 3 0x8000045e (0x3f3cbc93) x25 0x00000001
core   0: 0x80000462 (0xe0962993) slti    s3, a2, -503
core   0: 3 0x80000462 (0xe0962993) x19 0x00000000
core   0: 0x80000466 (0x00005a7d) c.li    s4, -1
core   0: 3 0x80000466 (0x5a7d) x20 0xffffffff
core   0: 0x80000468 (0x41650333) sub     t1, a0, s6
core   0: 3 0x80000468 (0x41650333) x6  0x0001465d
core   0: 0x8000046c (0xfa44c5e3) blt     s1, tp, pc - 86
core   0: 3 0x8000046c (0xfa44c5e3)
core   0: 0x80000416 (0x00008db1) c.xor   a1, a2
core   0: 3 0x80000416 (0x8db1) x11 0xfffffc18
core   0: 0x80000418 (0x407e56b3) sra     a3, t3, t2
core   0: 3 0x80000418 (0x407e56b3) x13 0x00000000
core   0: 0x8000041c (0x9376ea13) ori     s4, a3, -1737
core   0: 3 0x8000041c (0x9376ea13) x20 0xfffff937
core   0: 0x80000420 (0x00008f35) c.xor   a4, a3
core   0: 3 0x80000420 (0x8f35) x14 0x00000280
core   0: 0x80000422 (0x000099fd) c.andi  a1, -1
core   0: 3 0x80000422 (0x99fd) x11 0xfffffc18
core   0: 0x80000424 (0x00000491) c.addi  s1, 4
core   0: 3 0x80000424 (0x0491) x9  0x00000007
core   0: 0x80000426 (0x00000001) c.nop
core   0: 3 0x80000426 (0x0001)
core   0: 0x80000428 (0xc9d28a37) lui     s4, 0xc9d28
core   0: 3 0x80000428 (0xc9d28a37) x20 0xc9d28000
core   0: 0x8000042c (0x000068c5) c.lui   a7, 0x11
core   0: 3 0x8000042c (0x68c5) x17 0x00011000
core   0: 0x8000042e (0x00008ed1) c.or    a3, a2
core   0: 3 0x8000042e (0x8ed1) x13 0xfffffff8
core   0: 0x80000430 (0x00008e91) c.sub   a3, a2
core   0: 3 0x80000430 (0x8e91) x13 0x00000000
core   0: 0x80000432 (0x00000001) c.nop
core   0: 3 0x80000432 (0x0001)
core   0: 0x80000434 (0x40c00fb3) sub     t6, zero, a2
core   0: 3 0x80000434 (0x40c00fb3) x31 0x00000008
core   0: 0x80000438 (0x0368f533) remu    a0, a7, s6
core   0: 3 0x80000438 (0x0368f533) x10 0x00011000
core   0: 0x8000043c (0x0000565d) c.li    a2, -9
core   0: 3 0x8000043c (0x565d) x12 0xfffffff7
core   0: 0x8000043e (0x00008f29) c.xor   a4, a0
core   0: 3 0x8000043e (0x8f29) x14 0x00011280
core   0: 0x80000440 (0x00000001) c.nop
core   0: 3 0x80000440 (0x0001)
core   0: 0x80000442 (0x01042933) slt     s2, s0, a6
core   0: 3 0x80000442 (0x01042933) x18 0x00000000
core   0: 0x80000446 (0x000041e1) c.li    gp, 24
core   0: 3 0x80000446 (0x41e1) x3  0x00000018
core   0: 0x80000448 (0x00000518) c.addi4spn a4, sp, 640
core   0: 3 0x80000448 (0x0518) x14 0x00000280
core   0: 0x8000044a (0x00000e46) c.slli  t3, 17
core   0: 3 0x8000044a (0x0e46) x28 0x00000000
core   0: 0x8000044c (0x00000605) c.addi  a2, 1
core   0: 3 0x8000044c (0x0605) x12 0xfffffff8
core   0: 0x8000044e (0x0000de6d) c.beqz  a2, pc - 6
core   0: 3 0x8000044e (0xde6d)
core   0: 0x80000450 (0x0007f8b3) and     a7, a5, zero
core   0: 3 0x80000450 (0x0007f8b3) x17 0x00000000
core   0: 0x80000454 (0x4e746993) ori     s3, s0, 1255
core   0: 3 0x80000454 (0x4e746993) x19 0x80029ce7
core   0: 0x80000458 (0x0000178c) c.addi4spn a1, sp, 992
core   0: 3 0x80000458 (0x178c) x11 0x000003e0
core   0: 0x8000045a (0x033d3933) mulhu   s2, s10, s3
core   0: 3 0x8000045a (0x033d3933) x18 0x00000000
core   0: 0x8000045e (0x3f3cbc93) sltiu   s9, s9, 1011
core   0: 3 0x8000045e (0x3f3cbc93) x25 0x00000001
core   0: 0x80000462 (0xe0962993) slti    s3, a2, -503
core   0: 3 0x80000462 (0xe0962993) x19 0x00000000
core   0: 0x80000466 (0x00005a7d) c.li    s4, -1
core   0: 3 0x80000466 (0x5a7d) x20 0xffffffff
core   0: 0x80000468 (0x41650333) sub     t1, a0, s6
core   0: 3 0x80000468 (0x41650333) x6  0x0001465d
core   0: 0x8000046c (0xfa44c5e3) blt     s1, tp, pc - 86
core   0: 3 0x8000046c (0xfa44c5e3)
core   0: 0x80000416 (0x00008db1) c.xor   a1, a2
core   0: 3 0x80000416 (0x8db1) x11 0xfffffc18
core   0: 0x80000418 (0x407e56b3) sra     a3, t3, t2
core   0: 3 0x80000418 (0x407e56b3) x13 0x00000000
core   0: 0x8000041c (0x9376ea13) ori     s4, a3, -1737
core   0: 3 0x8000041c (0x9376ea13) x20 0xfffff937
core   0: 0x80000420 (0x00008f35) c.xor   a4, a3
core   0: 3 0x80000420 (0x8f35) x14 0x00000280
core   0: 0x80000422 (0x000099fd) c.andi  a1, -1
core   0: 3 0x80000422 (0x99fd) x11 0xfffffc18
core   0: 0x80000424 (0x00000491) c.addi  s1, 4
core   0: 3 0x80000424 (0x0491) x9  0x0000000b
core   0: 0x80000426 (0x00000001) c.nop
core   0: 3 0x80000426 (0x0001)
core   0: 0x80000428 (0xc9d28a37) lui     s4, 0xc9d28
core   0: 3 0x80000428 (0xc9d28a37) x20 0xc9d28000
core   0: 0x8000042c (0x000068c5) c.lui   a7, 0x11
core   0: 3 0x8000042c (0x68c5) x17 0x00011000
core   0: 0x8000042e (0x00008ed1) c.or    a3, a2
core   0: 3 0x8000042e (0x8ed1) x13 0xfffffff8
core   0: 0x80000430 (0x00008e91) c.sub   a3, a2
core   0: 3 0x80000430 (0x8e91) x13 0x00000000
core   0: 0x80000432 (0x00000001) c.nop
core   0: 3 0x80000432 (0x0001)
core   0: 0x80000434 (0x40c00fb3) sub     t6, zero, a2
core   0: 3 0x80000434 (0x40c00fb3) x31 0x00000008
core   0: 0x80000438 (0x0368f533) remu    a0, a7, s6
core   0: 3 0x80000438 (0x0368f533) x10 0x00011000
core   0: 0x8000043c (0x0000565d) c.li    a2, -9
core   0: 3 0x8000043c (0x565d) x12 0xfffffff7
core   0: 0x8000043e (0x00008f29) c.xor   a4, a0
core   0: 3 0x8000043e (0x8f29) x14 0x00011280
core   0: 0x80000440 (0x00000001) c.nop
core   0: 3 0x80000440 (0x0001)
core   0: 0x80000442 (0x01042933) slt     s2, s0, a6
core   0: 3 0x80000442 (0x01042933) x18 0x00000000
core   0: 0x80000446 (0x000041e1) c.li    gp, 24
core   0: 3 0x80000446 (0x41e1) x3  0x00000018
core   0: 0x80000448 (0x00000518) c.addi4spn a4, sp, 640
core   0: 3 0x80000448 (0x0518) x14 0x00000280
core   0: 0x8000044a (0x00000e46) c.slli  t3, 17
core   0: 3 0x8000044a (0x0e46) x28 0x00000000
core   0: 0x8000044c (0x00000605) c.addi  a2, 1
core   0: 3 0x8000044c (0x0605) x12 0xfffffff8
core   0: 0x8000044e (0x0000de6d) c.beqz  a2, pc - 6
core   0: 3 0x8000044e (0xde6d)
core   0: 0x80000450 (0x0007f8b3) and     a7, a5, zero
core   0: 3 0x80000450 (0x0007f8b3) x17 0x00000000
core   0: 0x80000454 (0x4e746993) ori     s3, s0, 1255
core   0: 3 0x80000454 (0x4e746993) x19 0x80029ce7
core   0: 0x80000458 (0x0000178c) c.addi4spn a1, sp, 992
core   0: 3 0x80000458 (0x178c) x11 0x000003e0
core   0: 0x8000045a (0x033d3933) mulhu   s2, s10, s3
core   0: 3 0x8000045a (0x033d3933) x18 0x00000000
core   0: 0x8000045e (0x3f3cbc93) sltiu   s9, s9, 1011
core   0: 3 0x8000045e (0x3f3cbc93) x25 0x00000001
core   0: 0x80000462 (0xe0962993) slti    s3, a2, -503
core   0: 3 0x80000462 (0xe0962993) x19 0x00000000
core   0: 0x80000466 (0x00005a7d) c.li    s4, -1
core   0: 3 0x80000466 (0x5a7d) x20 0xffffffff
core   0: 0x80000468 (0x41650333) sub     t1, a0, s6
core   0: 3 0x80000468 (0x41650333) x6  0x0001465d
core   0: 0x8000046c (0xfa44c5e3) blt     s1, tp, pc - 86
core   0: 3 0x8000046c (0xfa44c5e3)
core   0: 0x80000416 (0x00008db1) c.xor   a1, a2
core   0: 3 0x80000416 (0x8db1) x11 0xfffffc18
core   0: 0x80000418 (0x407e56b3) sra     a3, t3, t2
core   0: 3 0x80000418 (0x407e56b3) x13 0x00000000
core   0: 0x8000041c (0x9376ea13) ori     s4, a3, -1737
core   0: 3 0x8000041c (0x9376ea13) x20 0xfffff937
core   0: 0x80000420 (0x00008f35) c.xor   a4, a3
core   0: 3 0x80000420 (0x8f35) x14 0x00000280
core   0: 0x80000422 (0x000099fd) c.andi  a1, -1
core   0: 3 0x80000422 (0x99fd) x11 0xfffffc18
core   0: 0x80000424 (0x00000491) c.addi  s1, 4
core   0: 3 0x80000424 (0x0491) x9  0x0000000f
core   0: 0x80000426 (0x00000001) c.nop
core   0: 3 0x80000426 (0x0001)
core   0: 0x80000428 (0xc9d28a37) lui     s4, 0xc9d28
core   0: 3 0x80000428 (0xc9d28a37) x20 0xc9d28000
core   0: 0x8000042c (0x000068c5) c.lui   a7, 0x11
core   0: 3 0x8000042c (0x68c5) x17 0x00011000
core   0: 0x8000042e (0x00008ed1) c.or    a3, a2
core   0: 3 0x8000042e (0x8ed1) x13 0xfffffff8
core   0: 0x80000430 (0x00008e91) c.sub   a3, a2
core   0: 3 0x80000430 (0x8e91) x13 0x00000000
core   0: 0x80000432 (0x00000001) c.nop
core   0: 3 0x80000432 (0x0001)
core   0: 0x80000434 (0x40c00fb3) sub     t6, zero, a2
core   0: 3 0x80000434 (0x40c00fb3) x31 0x00000008
core   0: 0x80000438 (0x0368f533) remu    a0, a7, s6
core   0: 3 0x80000438 (0x0368f533) x10 0x00011000
core   0: 0x8000043c (0x0000565d) c.li    a2, -9
core   0: 3 0x8000043c (0x565d) x12 0xfffffff7
core   0: 0x8000043e (0x00008f29) c.xor   a4, a0
core   0: 3 0x8000043e (0x8f29) x14 0x00011280
core   0: 0x80000440 (0x00000001) c.nop
core   0: 3 0x80000440 (0x0001)
core   0: 0x80000442 (0x01042933) slt     s2, s0, a6
core   0: 3 0x80000442 (0x01042933) x18 0x00000000
core   0: 0x80000446 (0x000041e1) c.li    gp, 24
core   0: 3 0x80000446 (0x41e1) x3  0x00000018
core   0: 0x80000448 (0x00000518) c.addi4spn a4, sp, 640
core   0: 3 0x80000448 (0x0518) x14 0x00000280
core   0: 0x8000044a (0x00000e46) c.slli  t3, 17
core   0: 3 0x8000044a (0x0e46) x28 0x00000000
core   0: 0x8000044c (0x00000605) c.addi  a2, 1
core   0: 3 0x8000044c (0x0605) x12 0xfffffff8
core   0: 0x8000044e (0x0000de6d) c.beqz  a2, pc - 6
core   0: 3 0x8000044e (0xde6d)
core   0: 0x80000450 (0x0007f8b3) and     a7, a5, zero
core   0: 3 0x80000450 (0x0007f8b3) x17 0x00000000
core   0: 0x80000454 (0x4e746993) ori     s3, s0, 1255
core   0: 3 0x80000454 (0x4e746993) x19 0x80029ce7
core   0: 0x80000458 (0x0000178c) c.addi4spn a1, sp, 992
core   0: 3 0x80000458 (0x178c) x11 0x000003e0
core   0: 0x8000045a (0x033d3933) mulhu   s2, s10, s3
core   0: 3 0x8000045a (0x033d3933) x18 0x00000000
core   0: 0x8000045e (0x3f3cbc93) sltiu   s9, s9, 1011
core   0: 3 0x8000045e (0x3f3cbc93) x25 0x00000001
core   0: 0x80000462 (0xe0962993) slti    s3, a2, -503
core   0: 3 0x80000462 (0xe0962993) x19 0x00000000
core   0: 0x80000466 (0x00005a7d) c.li    s4, -1
core   0: 3 0x80000466 (0x5a7d) x20 0xffffffff
core   0: 0x80000468 (0x41650333) sub     t1, a0, s6
core   0: 3 0x80000468 (0x41650333) x6  0x0001465d
core   0: 0x8000046c (0xfa44c5e3) blt     s1, tp, pc - 86
core   0: 3 0x8000046c (0xfa44c5e3)
core   0: 0x80000470 (0x6d567513) andi    a0, a2, 1749
core   0: 3 0x80000470 (0x6d567513) x10 0x000006d0
core   0: 0x80000474 (0x0000565d) c.li    a2, -9
core   0: 3 0x80000474 (0x565d) x12 0xfffffff7
core   0: 0x80000476 (0x003e5933) srl     s2, t3, gp
core   0: 3 0x80000476 (0x003e5933) x18 0x00000000
core   0: 0x8000047a (0x00a0d333) srl     t1, ra, a0
core   0: 3 0x8000047a (0x00a0d333) x6  0x00000000
core   0: 0x8000047e (0x0380c333) div     t1, ra, s8
core   0: 3 0x8000047e (0x0380c333) x6  0x00000000
core   0: 0x80000482 (0x00008be9) c.andi  a5, 26
core   0: 3 0x80000482 (0x8be9) x15 0x00000000
core   0: 0x80000484 (0x000084d1) c.srai  s1, 20
core   0: 3 0x80000484 (0x84d1) x9  0x00000000
core   0: 0x80000486 (0x00008d95) c.sub   a1, a3
core   0: 3 0x80000486 (0x8d95) x11 0x000003e0
core   0: 0x80000488 (0x000006f5) c.addi  a3, 29
core   0: 3 0x80000488 (0x06f5) x13 0x0000001d
core   0: 0x8000048a (0x059bcf93) xori    t6, s7, 89
core   0: 3 0x8000048a (0x059bcf93) x31 0x9996c059
core   0: 0x8000048e (0x0000858e) c.mv    a1, gp
core   0: 3 0x8000048e (0x858e) x11 0x00000018
core   0: 0x80000490 (0x00000001) c.nop
core   0: 3 0x80000490 (0x0001)
core   0: 0x80000492 (0x039760b3) rem     ra, a4, s9
core   0: 3 0x80000492 (0x039760b3) x1  0x00000000
core   0: 0x80000496 (0x189ba093) slti    ra, s7, 393
core   0: 3 0x80000496 (0x189ba093) x1  0x00000001
core   0: 0x8000049a (0x01aec533) xor     a0, t4, s10
core   0: 3 0x8000049a (0x01aec533) x10 0x9996c065
core   0: 0x8000049e (0x00008e81) c.sub   a3, s0
core   0: 3 0x8000049e (0x8e81) x13 0x7ffd6339
core   0: 0x800004a0 (0xfb00bd93) sltiu   s11, ra, -80
core   0: 3 0x800004a0 (0xfb00bd93) x27 0x00000001
core   0: 0x800004a4 (0x00008256) c.mv    tp, s5
core   0: 3 0x800004a4 (0x8256) x4  0x80025e64
core   0: 0x800004a6 (0x0000060d) c.addi  a2, 3
core   0: 3 0x800004a6 (0x060d) x12 0xfffffffa
core   0: 0x800004a8 (0x01efabb3) slt     s7, t6, t5
core   0: 3 0x800004a8 (0x01efabb3) x23 0x00000001
core   0: 0x800004ac (0x0000f67d) c.bnez  a2, pc - 18
core   0: 3 0x800004ac (0xf67d)
core   0: 0x8000049a (0x01aec533) xor     a0, t4, s10
core   0: 3 0x8000049a (0x01aec533) x10 0x9996c065
core   0: 0x8000049e (0x00008e81) c.sub   a3, s0
core   0: 3 0x8000049e (0x8e81) x13 0xfffac655
core   0: 0x800004a0 (0xfb00bd93) sltiu   s11, ra, -80
core   0: 3 0x800004a0 (0xfb00bd93) x27 0x00000001
core   0: 0x800004a4 (0x00008256) c.mv    tp, s5
core   0: 3 0x800004a4 (0x8256) x4  0x80025e64
core   0: 0x800004a6 (0x0000060d) c.addi  a2, 3
core   0: 3 0x800004a6 (0x060d) x12 0xfffffffd
core   0: 0x800004a8 (0x01efabb3) slt     s7, t6, t5
core   0: 3 0x800004a8 (0x01efabb3) x23 0x00000001
core   0: 0x800004ac (0x0000f67d) c.bnez  a2, pc - 18
core   0: 3 0x800004ac (0xf67d)
core   0: 0x8000049a (0x01aec533) xor     a0, t4, s10
core   0: 3 0x8000049a (0x01aec533) x10 0x9996c065
core   0: 0x8000049e (0x00008e81) c.sub   a3, s0
core   0: 3 0x8000049e (0x8e81) x13 0x7ff82971
core   0: 0x800004a0 (0xfb00bd93) sltiu   s11, ra, -80
core   0: 3 0x800004a0 (0xfb00bd93) x27 0x00000001
core   0: 0x800004a4 (0x00008256) c.mv    tp, s5
core   0: 3 0x800004a4 (0x8256) x4  0x80025e64
core   0: 0x800004a6 (0x0000060d) c.addi  a2, 3
core   0: 3 0x800004a6 (0x060d) x12 0x00000000
core   0: 0x800004a8 (0x01efabb3) slt     s7, t6, t5
core   0: 3 0x800004a8 (0x01efabb3) x23 0x00000001
core   0: 0x800004ac (0x0000f67d) c.bnez  a2, pc - 18
core   0: 3 0x800004ac (0xf67d)
core   0: 0x800004ae (0x5aad1f37) lui     t5, 0x5aad1
core   0: 3 0x800004ae (0x5aad1f37) x30 0x5aad1000
core   0: 0x800004b2 (0x00004111) c.li    sp, 4
core   0: 3 0x800004b2 (0x4111) x2  0x00000004
core   0: 0x800004b4 (0xeb3a6593) ori     a1, s4, -333
core   0: 3 0x800004b4 (0xeb3a6593) x11 0xffffffff
core   0: 0x800004b8 (0x01529493) slli    s1, t0, 21
core   0: 3 0x800004b8 (0x01529493) x9  0x00000000
core   0: 0x800004bc (0x000098a6) c.add   a7, s1
core   0: 3 0x800004bc (0x98a6) x17 0x00000000
core   0: 0x800004be (0x14aba293) slti    t0, s7, 330
core   0: 3 0x800004be (0x14aba293) x5  0x00000001
core   0: 0x800004c2 (0x9fa38313) addi    t1, t2, -1542
core   0: 3 0x800004c2 (0x9fa38313) x6  0xe1475f08
core   0: 0x800004c6 (0x0000555d) c.li    a0, -9
core   0: 3 0x800004c6 (0x555d) x10 0xfffffff7
core   0: 0x800004c8 (0x000067f1) c.lui   a5, 0x1c
core   0: 3 0x800004c8 (0x67f1) x15 0x0001c000
core   0: 0x800004ca (0x00008e45) c.or    a2, s1
core   0: 3 0x800004ca (0x8e45) x12 0x00000000
core   0: 0x800004cc (0x005771b3) and     gp, a4, t0
core   0: 3 0x800004cc (0x005771b3) x3  0x00000000
core   0: 0x800004d0 (0x00001175) c.addi  sp, -3
core   0: 3 0x800004d0 (0x1175) x2  0x00000001
core   0: 0x800004d2 (0x00004699) c.li    a3, 6
core   0: 3 0x800004d2 (0x4699) x13 0x00000006
core   0: 0x800004d4 (0x3f048f93) addi    t6, s1, 1008
core   0: 3 0x800004d4 (0x3f048f93) x31 0x000003f0
core   0: 0x800004d8 (0x00004a51) c.li    s4, 20
core   0: 3 0x800004d8 (0x4a51) x20 0x00000014
core   0: 0x800004da (0x00008ca9) c.xor   s1, a0
core   0: 3 0x800004da (0x8ca9) x9  0xfffffff7
core   0: 0x800004dc (0x93f18313) addi    t1, gp, -1729
core   0: 3 0x800004dc (0x93f18313) x6  0xfffff93f
core   0: 0x800004e0 (0x02dc3db3) mulhu   s11, s8, a3
core   0: 3 0x800004e0 (0x02dc3db3) x27 0x00000000
core   0: 0x800004e4 (0x00000689) c.addi  a3, 2
core   0: 3 0x800004e4 (0x0689) x13 0x00000008
core   0: 0x800004e6 (0xff469be3) bne     a3, s4, pc - 10
core   0: 3 0x800004e6 (0xff469be3)
core   0: 0x800004dc (0x93f18313) addi    t1, gp, -1729
core   0: 3 0x800004dc (0x93f18313) x6  0xfffff93f
core   0: 0x800004e0 (0x02dc3db3) mulhu   s11, s8, a3
core   0: 3 0x800004e0 (0x02dc3db3) x27 0x00000000
core   0: 0x800004e4 (0x00000689) c.addi  a3, 2
core   0: 3 0x800004e4 (0x0689) x13 0x0000000a
core   0: 0x800004e6 (0xff469be3) bne     a3, s4, pc - 10
core   0: 3 0x800004e6 (0xff469be3)
core   0: 0x800004dc (0x93f18313) addi    t1, gp, -1729
core   0: 3 0x800004dc (0x93f18313) x6  0xfffff93f
core   0: 0x800004e0 (0x02dc3db3) mulhu   s11, s8, a3
core   0: 3 0x800004e0 (0x02dc3db3) x27 0x00000000
core   0: 0x800004e4 (0x00000689) c.addi  a3, 2
core   0: 3 0x800004e4 (0x0689) x13 0x0000000c
core   0: 0x800004e6 (0xff469be3) bne     a3, s4, pc - 10
core   0: 3 0x800004e6 (0xff469be3)
core   0: 0x800004dc (0x93f18313) addi    t1, gp, -1729
core   0: 3 0x800004dc (0x93f18313) x6  0xfffff93f
core   0: 0x800004e0 (0x02dc3db3) mulhu   s11, s8, a3
core   0: 3 0x800004e0 (0x02dc3db3) x27 0x00000000
core   0: 0x800004e4 (0x00000689) c.addi  a3, 2
core   0: 3 0x800004e4 (0x0689) x13 0x0000000e
core   0: 0x800004e6 (0xff469be3) bne     a3, s4, pc - 10
core   0: 3 0x800004e6 (0xff469be3)
core   0: 0x800004dc (0x93f18313) addi    t1, gp, -1729
core   0: 3 0x800004dc (0x93f18313) x6  0xfffff93f
core   0: 0x800004e0 (0x02dc3db3) mulhu   s11, s8, a3
core   0: 3 0x800004e0 (0x02dc3db3) x27 0x00000000
core   0: 0x800004e4 (0x00000689) c.addi  a3, 2
core   0: 3 0x800004e4 (0x0689) x13 0x00000010
core   0: 0x800004e6 (0xff469be3) bne     a3, s4, pc - 10
core   0: 3 0x800004e6 (0xff469be3)
core   0: 0x800004dc (0x93f18313) addi    t1, gp, -1729
core   0: 3 0x800004dc (0x93f18313) x6  0xfffff93f
core   0: 0x800004e0 (0x02dc3db3) mulhu   s11, s8, a3
core   0: 3 0x800004e0 (0x02dc3db3) x27 0x00000000
core   0: 0x800004e4 (0x00000689) c.addi  a3, 2
core   0: 3 0x800004e4 (0x0689) x13 0x00000012
core   0: 0x800004e6 (0xff469be3) bne     a3, s4, pc - 10
core   0: 3 0x800004e6 (0xff469be3)
core   0: 0x800004dc (0x93f18313) addi    t1, gp, -1729
core   0: 3 0x800004dc (0x93f18313) x6  0xfffff93f
core   0: 0x800004e0 (0x02dc3db3) mulhu   s11, s8, a3
core   0: 3 0x800004e0 (0x02dc3db3) x27 0x00000000
core   0: 0x800004e4 (0x00000689) c.addi  a3, 2
core   0: 3 0x800004e4 (0x0689) x13 0x00000014
core   0: 0x800004e6 (0xff469be3) bne     a3, s4, pc - 10
core   0: 3 0x800004e6 (0xff469be3)
core   0: 0x800004ea (0x02c657b3) divu    a5, a2, a2
core   0: 3 0x800004ea (0x02c657b3) x15 0xffffffff
core   0: 0x800004ee (0x02e28c33) mul     s8, t0, a4
core   0: 3 0x800004ee (0x02e28c33) x24 0x00000280
core   0: 0x800004f2 (0x00000001) c.nop
core   0: 3 0x800004f2 (0x0001)
core   0: 0x800004f4 (0x33341cb7) lui     s9, 0x33341
core   0: 3 0x800004f4 (0x33341cb7) x25 0x33341000
core   0: 0x800004f8 (0xfca15ae3) bge     sp, a0, pc - 44
core   0: 3 0x800004f8 (0xfca15ae3)
core   0: 0x800004cc (0x005771b3) and     gp, a4, t0
core   0: 3 0x800004cc (0x005771b3) x3  0x00000000
core   0: 0x800004d0 (0x00001175) c.addi  sp, -3
core   0: 3 0x800004d0 (0x1175) x2  0xfffffffe
core   0: 0x800004d2 (0x00004699) c.li    a3, 6
core   0: 3 0x800004d2 (0x4699) x13 0x00000006
core   0: 0x800004d4 (0x3f048f93) addi    t6, s1, 1008
core   0: 3 0x800004d4 (0x3f048f93) x31 0x000003e7
core   0: 0x800004d8 (0x00004a51) c.li    s4, 20
core   0: 3 0x800004d8 (0x4a51) x20 0x00000014
core   0: 0x800004da (0x00008ca9) c.xor   s1, a0
core   0: 3 0x800004da (0x8ca9) x9  0x00000000
core   0: 0x800004dc (0x93f18313) addi    t1, gp, -1729
core   0: 3 0x800004dc (0x93f18313) x6  0xfffff93f
core   0: 0x800004e0 (0x02dc3db3) mulhu   s11, s8, a3
core   0: 3 0x800004e0 (0x02dc3db3) x27 0x00000000
core   0: 0x800004e4 (0x00000689) c.addi  a3, 2
core   0: 3 0x800004e4 (0x0689) x13 0x00000008
core   0: 0x800004e6 (0xff469be3) bne     a3, s4, pc - 10
core   0: 3 0x800004e6 (0xff469be3)
core   0: 0x800004dc (0x93f18313) addi    t1, gp, -1729
core   0: 3 0x800004dc (0x93f18313) x6  0xfffff93f
core   0: 0x800004e0 (0x02dc3db3) mulhu   s11, s8, a3
core   0: 3 0x800004e0 (0x02dc3db3) x27 0x00000000
core   0: 0x800004e4 (0x00000689) c.addi  a3, 2
core   0: 3 0x800004e4 (0x0689) x13 0x0000000a
core   0: 0x800004e6 (0xff469be3) bne     a3, s4, pc - 10
core   0: 3 0x800004e6 (0xff469be3)
core   0: 0x800004dc (0x93f18313) addi    t1, gp, -1729
core   0: 3 0x800004dc (0x93f18313) x6  0xfffff93f
core   0: 0x800004e0 (0x02dc3db3) mulhu   s11, s8, a3
core   0: 3 0x800004e0 (0x02dc3db3) x27 0x00000000
core   0: 0x800004e4 (0x00000689) c.addi  a3, 2
core   0: 3 0x800004e4 (0x0689) x13 0x0000000c
core   0: 0x800004e6 (0xff469be3) bne     a3, s4, pc - 10
core   0: 3 0x800004e6 (0xff469be3)
core   0: 0x800004dc (0x93f18313) addi    t1, gp, -1729
core   0: 3 0x800004dc (0x93f18313) x6  0xfffff93f
core   0: 0x800004e0 (0x02dc3db3) mulhu   s11, s8, a3
core   0: 3 0x800004e0 (0x02dc3db3) x27 0x00000000
core   0: 0x800004e4 (0x00000689) c.addi  a3, 2
core   0: 3 0x800004e4 (0x0689) x13 0x0000000e
core   0: 0x800004e6 (0xff469be3) bne     a3, s4, pc - 10
core   0: 3 0x800004e6 (0xff469be3)
core   0: 0x800004dc (0x93f18313) addi    t1, gp, -1729
core   0: 3 0x800004dc (0x93f18313) x6  0xfffff93f
core   0: 0x800004e0 (0x02dc3db3) mulhu   s11, s8, a3
core   0: 3 0x800004e0 (0x02dc3db3) x27 0x00000000
core   0: 0x800004e4 (0x00000689) c.addi  a3, 2
core   0: 3 0x800004e4 (0x0689) x13 0x00000010
core   0: 0x800004e6 (0xff469be3) bne     a3, s4, pc - 10
core   0: 3 0x800004e6 (0xff469be3)
core   0: 0x800004dc (0x93f18313) addi    t1, gp, -1729
core   0: 3 0x800004dc (0x93f18313) x6  0xfffff93f
core   0: 0x800004e0 (0x02dc3db3) mulhu   s11, s8, a3
core   0: 3 0x800004e0 (0x02dc3db3) x27 0x00000000
core   0: 0x800004e4 (0x00000689) c.addi  a3, 2
core   0: 3 0x800004e4 (0x0689) x13 0x00000012
core   0: 0x800004e6 (0xff469be3) bne     a3, s4, pc - 10
core   0: 3 0x800004e6 (0xff469be3)
core   0: 0x800004dc (0x93f18313) addi    t1, gp, -1729
core   0: 3 0x800004dc (0x93f18313) x6  0xfffff93f
core   0: 0x800004e0 (0x02dc3db3) mulhu   s11, s8, a3
core   0: 3 0x800004e0 (0x02dc3db3) x27 0x00000000
core   0: 0x800004e4 (0x00000689) c.addi  a3, 2
core   0: 3 0x800004e4 (0x0689) x13 0x00000014
core   0: 0x800004e6 (0xff469be3) bne     a3, s4, pc - 10
core   0: 3 0x800004e6 (0xff469be3)
core   0: 0x800004ea (0x02c657b3) divu    a5, a2, a2
core   0: 3 0x800004ea (0x02c657b3) x15 0xffffffff
core   0: 0x800004ee (0x02e28c33) mul     s8, t0, a4
core   0: 3 0x800004ee (0x02e28c33) x24 0x00000280
core   0: 0x800004f2 (0x00000001) c.nop
core   0: 3 0x800004f2 (0x0001)
core   0: 0x800004f4 (0x33341cb7) lui     s9, 0x33341
core   0: 3 0x800004f4 (0x33341cb7) x25 0x33341000
core   0: 0x800004f8 (0xfca15ae3) bge     sp, a0, pc - 44
core   0: 3 0x800004f8 (0xfca15ae3)
core   0: 0x800004cc (0x005771b3) and     gp, a4, t0
core   0: 3 0x800004cc (0x005771b3) x3  0x00000000
core   0: 0x800004d0 (0x00001175) c.addi  sp, -3
core   0: 3 0x800004d0 (0x1175) x2  0xfffffffb
core   0: 0x800004d2 (0x00004699) c.li    a3, 6
core   0: 3 0x800004d2 (0x4699) x13 0x00000006
core   0: 0x800004d4 (0x3f048f93) addi    t6, s1, 1008
core   0: 3 0x800004d4 (0x3f048f93) x31 0x000003f0
core   0: 0x800004d8 (0x00004a51) c.li    s4, 20
core   0: 3 0x800004d8 (0x4a51) x20 0x00000014
core   0: 0x800004da (0x00008ca9) c.xor   s1, a0
core   0: 3 0x800004da (0x8ca9) x9  0xfffffff7
core   0: 0x800004dc (0x93f18313) addi    t1, gp, -1729
core   0: 3 0x800004dc (0x93f18313) x6  0xfffff93f
core   0: 0x800004e0 (0x02dc3db3) mulhu   s11, s8, a3
core   0: 3 0x800004e0 (0x02dc3db3) x27 0x00000000
core   0: 0x800004e4 (0x00000689) c.addi  a3, 2
core   0: 3 0x800004e4 (0x0689) x13 0x00000008
core   0: 0x800004e6 (0xff469be3) bne     a3, s4, pc - 10
core   0: 3 0x800004e6 (0xff469be3)
core   0: 0x800004dc (0x93f18313) addi    t1, gp, -1729
core   0: 3 0x800004dc (0x93f18313) x6  0xfffff93f
core   0: 0x800004e0 (0x02dc3db3) mulhu   s11, s8, a3
core   0: 3 0x800004e0 (0x02dc3db3) x27 0x00000000
core   0: 0x800004e4 (0x00000689) c.addi  a3, 2
core   0: 3 0x800004e4 (0x0689) x13 0x0000000a
core   0: 0x800004e6 (0xff469be3) bne     a3, s4, pc - 10
core   0: 3 0x800004e6 (0xff469be3)
core   0: 0x800004dc (0x93f18313) addi    t1, gp, -1729
core   0: 3 0x800004dc (0x93f18313) x6  0xfffff93f
core   0: 0x800004e0 (0x02dc3db3) mulhu   s11, s8, a3
core   0: 3 0x800004e0 (0x02dc3db3) x27 0x00000000
core   0: 0x800004e4 (0x00000689) c.addi  a3, 2
core   0: 3 0x800004e4 (0x0689) x13 0x0000000c
core   0: 0x800004e6 (0xff469be3) bne     a3, s4, pc - 10
core   0: 3 0x800004e6 (0xff469be3)
core   0: 0x800004dc (0x93f18313) addi    t1, gp, -1729
core   0: 3 0x800004dc (0x93f18313) x6  0xfffff93f
core   0: 0x800004e0 (0x02dc3db3) mulhu   s11, s8, a3
core   0: 3 0x800004e0 (0x02dc3db3) x27 0x00000000
core   0: 0x800004e4 (0x00000689) c.addi  a3, 2
core   0: 3 0x800004e4 (0x0689) x13 0x0000000e
core   0: 0x800004e6 (0xff469be3) bne     a3, s4, pc - 10
core   0: 3 0x800004e6 (0xff469be3)
core   0: 0x800004dc (0x93f18313) addi    t1, gp, -1729
core   0: 3 0x800004dc (0x93f18313) x6  0xfffff93f
core   0: 0x800004e0 (0x02dc3db3) mulhu   s11, s8, a3
core   0: 3 0x800004e0 (0x02dc3db3) x27 0x00000000
core   0: 0x800004e4 (0x00000689) c.addi  a3, 2
core   0: 3 0x800004e4 (0x0689) x13 0x00000010
core   0: 0x800004e6 (0xff469be3) bne     a3, s4, pc - 10
core   0: 3 0x800004e6 (0xff469be3)
core   0: 0x800004dc (0x93f18313) addi    t1, gp, -1729
core   0: 3 0x800004dc (0x93f18313) x6  0xfffff93f
core   0: 0x800004e0 (0x02dc3db3) mulhu   s11, s8, a3
core   0: 3 0x800004e0 (0x02dc3db3) x27 0x00000000
core   0: 0x800004e4 (0x00000689) c.addi  a3, 2
core   0: 3 0x800004e4 (0x0689) x13 0x00000012
core   0: 0x800004e6 (0xff469be3) bne     a3, s4, pc - 10
core   0: 3 0x800004e6 (0xff469be3)
core   0: 0x800004dc (0x93f18313) addi    t1, gp, -1729
core   0: 3 0x800004dc (0x93f18313) x6  0xfffff93f
core   0: 0x800004e0 (0x02dc3db3) mulhu   s11, s8, a3
core   0: 3 0x800004e0 (0x02dc3db3) x27 0x00000000
core   0: 0x800004e4 (0x00000689) c.addi  a3, 2
core   0: 3 0x800004e4 (0x0689) x13 0x00000014
core   0: 0x800004e6 (0xff469be3) bne     a3, s4, pc - 10
core   0: 3 0x800004e6 (0xff469be3)
core   0: 0x800004ea (0x02c657b3) divu    a5, a2, a2
core   0: 3 0x800004ea (0x02c657b3) x15 0xffffffff
core   0: 0x800004ee (0x02e28c33) mul     s8, t0, a4
core   0: 3 0x800004ee (0x02e28c33) x24 0x00000280
core   0: 0x800004f2 (0x00000001) c.nop
core   0: 3 0x800004f2 (0x0001)
core   0: 0x800004f4 (0x33341cb7) lui     s9, 0x33341
core   0: 3 0x800004f4 (0x33341cb7) x25 0x33341000
core   0: 0x800004f8 (0xfca15ae3) bge     sp, a0, pc - 44
core   0: 3 0x800004f8 (0xfca15ae3)
core   0: 0x800004cc (0x005771b3) and     gp, a4, t0
core   0: 3 0x800004cc (0x005771b3) x3  0x00000000
core   0: 0x800004d0 (0x00001175) c.addi  sp, -3
core   0: 3 0x800004d0 (0x1175) x2  0xfffffff8
core   0: 0x800004d2 (0x00004699) c.li    a3, 6
core   0: 3 0x800004d2 (0x4699) x13 0x00000006
core   0: 0x800004d4 (0x3f048f93) addi    t6, s1, 1008
core   0: 3 0x800004d4 (0x3f048f93) x31 0x000003e7
core   0: 0x800004d8 (0x00004a51) c.li    s4, 20
core   0: 3 0x800004d8 (0x4a51) x20 0x00000014
core   0: 0x800004da (0x00008ca9) c.xor   s1, a0
core   0: 3 0x800004da (0x8ca9) x9  0x00000000
core   0: 0x800004dc (0x93f18313) addi    t1, gp, -1729
core   0: 3 0x800004dc (0x93f18313) x6  0xfffff93f
core   0: 0x800004e0 (0x02dc3db3) mulhu   s11, s8, a3
core   0: 3 0x800004e0 (0x02dc3db3) x27 0x00000000
core   0: 0x800004e4 (0x00000689) c.addi  a3, 2
core   0: 3 0x800004e4 (0x0689) x13 0x00000008
core   0: 0x800004e6 (0xff469be3) bne     a3, s4, pc - 10
core   0: 3 0x800004e6 (0xff469be3)
core   0: 0x800004dc (0x93f18313) addi    t1, gp, -1729
core   0: 3 0x800004dc (0x93f18313) x6  0xfffff93f
core   0: 0x800004e0 (0x02dc3db3) mulhu   s11, s8, a3
core   0: 3 0x800004e0 (0x02dc3db3) x27 0x00000000
core   0: 0x800004e4 (0x00000689) c.addi  a3, 2
core   0: 3 0x800004e4 (0x0689) x13 0x0000000a
core   0: 0x800004e6 (0xff469be3) bne     a3, s4, pc - 10
core   0: 3 0x800004e6 (0xff469be3)
core   0: 0x800004dc (0x93f18313) addi    t1, gp, -1729
core   0: 3 0x800004dc (0x93f18313) x6  0xfffff93f
core   0: 0x800004e0 (0x02dc3db3) mulhu   s11, s8, a3
core   0: 3 0x800004e0 (0x02dc3db3) x27 0x00000000
core   0: 0x800004e4 (0x00000689) c.addi  a3, 2
core   0: 3 0x800004e4 (0x0689) x13 0x0000000c
core   0: 0x800004e6 (0xff469be3) bne     a3, s4, pc - 10
core   0: 3 0x800004e6 (0xff469be3)
core   0: 0x800004dc (0x93f18313) addi    t1, gp, -1729
core   0: 3 0x800004dc (0x93f18313) x6  0xfffff93f
core   0: 0x800004e0 (0x02dc3db3) mulhu   s11, s8, a3
core   0: 3 0x800004e0 (0x02dc3db3) x27 0x00000000
core   0: 0x800004e4 (0x00000689) c.addi  a3, 2
core   0: 3 0x800004e4 (0x0689) x13 0x0000000e
core   0: 0x800004e6 (0xff469be3) bne     a3, s4, pc - 10
core   0: 3 0x800004e6 (0xff469be3)
core   0: 0x800004dc (0x93f18313) addi    t1, gp, -1729
core   0: 3 0x800004dc (0x93f18313) x6  0xfffff93f
core   0: 0x800004e0 (0x02dc3db3) mulhu   s11, s8, a3
core   0: 3 0x800004e0 (0x02dc3db3) x27 0x00000000
core   0: 0x800004e4 (0x00000689) c.addi  a3, 2
core   0: 3 0x800004e4 (0x0689) x13 0x00000010
core   0: 0x800004e6 (0xff469be3) bne     a3, s4, pc - 10
core   0: 3 0x800004e6 (0xff469be3)
core   0: 0x800004dc (0x93f18313) addi    t1, gp, -1729
core   0: 3 0x800004dc (0x93f18313) x6  0xfffff93f
core   0: 0x800004e0 (0x02dc3db3) mulhu   s11, s8, a3
core   0: 3 0x800004e0 (0x02dc3db3) x27 0x00000000
core   0: 0x800004e4 (0x00000689) c.addi  a3, 2
core   0: 3 0x800004e4 (0x0689) x13 0x00000012
core   0: 0x800004e6 (0xff469be3) bne     a3, s4, pc - 10
core   0: 3 0x800004e6 (0xff469be3)
core   0: 0x800004dc (0x93f18313) addi    t1, gp, -1729
core   0: 3 0x800004dc (0x93f18313) x6  0xfffff93f
core   0: 0x800004e0 (0x02dc3db3) mulhu   s11, s8, a3
core   0: 3 0x800004e0 (0x02dc3db3) x27 0x00000000
core   0: 0x800004e4 (0x00000689) c.addi  a3, 2
core   0: 3 0x800004e4 (0x0689) x13 0x00000014
core   0: 0x800004e6 (0xff469be3) bne     a3, s4, pc - 10
core   0: 3 0x800004e6 (0xff469be3)
core   0: 0x800004ea (0x02c657b3) divu    a5, a2, a2
core   0: 3 0x800004ea (0x02c657b3) x15 0xffffffff
core   0: 0x800004ee (0x02e28c33) mul     s8, t0, a4
core   0: 3 0x800004ee (0x02e28c33) x24 0x00000280
core   0: 0x800004f2 (0x00000001) c.nop
core   0: 3 0x800004f2 (0x0001)
core   0: 0x800004f4 (0x33341cb7) lui     s9, 0x33341
core   0: 3 0x800004f4 (0x33341cb7) x25 0x33341000
core   0: 0x800004f8 (0xfca15ae3) bge     sp, a0, pc - 44
core   0: 3 0x800004f8 (0xfca15ae3)
core   0: 0x800004cc (0x005771b3) and     gp, a4, t0
core   0: 3 0x800004cc (0x005771b3) x3  0x00000000
core   0: 0x800004d0 (0x00001175) c.addi  sp, -3
core   0: 3 0x800004d0 (0x1175) x2  0xfffffff5
core   0: 0x800004d2 (0x00004699) c.li    a3, 6
core   0: 3 0x800004d2 (0x4699) x13 0x00000006
core   0: 0x800004d4 (0x3f048f93) addi    t6, s1, 1008
core   0: 3 0x800004d4 (0x3f048f93) x31 0x000003f0
core   0: 0x800004d8 (0x00004a51) c.li    s4, 20
core   0: 3 0x800004d8 (0x4a51) x20 0x00000014
core   0: 0x800004da (0x00008ca9) c.xor   s1, a0
core   0: 3 0x800004da (0x8ca9) x9  0xfffffff7
core   0: 0x800004dc (0x93f18313) addi    t1, gp, -1729
core   0: 3 0x800004dc (0x93f18313) x6  0xfffff93f
core   0: 0x800004e0 (0x02dc3db3) mulhu   s11, s8, a3
core   0: 3 0x800004e0 (0x02dc3db3) x27 0x00000000
core   0: 0x800004e4 (0x00000689) c.addi  a3, 2
core   0: 3 0x800004e4 (0x0689) x13 0x00000008
core   0: 0x800004e6 (0xff469be3) bne     a3, s4, pc - 10
core   0: 3 0x800004e6 (0xff469be3)
core   0: 0x800004dc (0x93f18313) addi    t1, gp, -1729
core   0: 3 0x800004dc (0x93f18313) x6  0xfffff93f
core   0: 0x800004e0 (0x02dc3db3) mulhu   s11, s8, a3
core   0: 3 0x800004e0 (0x02dc3db3) x27 0x00000000
core   0: 0x800004e4 (0x00000689) c.addi  a3, 2
core   0: 3 0x800004e4 (0x0689) x13 0x0000000a
core   0: 0x800004e6 (0xff469be3) bne     a3, s4, pc - 10
core   0: 3 0x800004e6 (0xff469be3)
core   0: 0x800004dc (0x93f18313) addi    t1, gp, -1729
core   0: 3 0x800004dc (0x93f18313) x6  0xfffff93f
core   0: 0x800004e0 (0x02dc3db3) mulhu   s11, s8, a3
core   0: 3 0x800004e0 (0x02dc3db3) x27 0x00000000
core   0: 0x800004e4 (0x00000689) c.addi  a3, 2
core   0: 3 0x800004e4 (0x0689) x13 0x0000000c
core   0: 0x800004e6 (0xff469be3) bne     a3, s4, pc - 10
core   0: 3 0x800004e6 (0xff469be3)
core   0: 0x800004dc (0x93f18313) addi    t1, gp, -1729
core   0: 3 0x800004dc (0x93f18313) x6  0xfffff93f
core   0: 0x800004e0 (0x02dc3db3) mulhu   s11, s8, a3
core   0: 3 0x800004e0 (0x02dc3db3) x27 0x00000000
core   0: 0x800004e4 (0x00000689) c.addi  a3, 2
core   0: 3 0x800004e4 (0x0689) x13 0x0000000e
core   0: 0x800004e6 (0xff469be3) bne     a3, s4, pc - 10
core   0: 3 0x800004e6 (0xff469be3)
core   0: 0x800004dc (0x93f18313) addi    t1, gp, -1729
core   0: 3 0x800004dc (0x93f18313) x6  0xfffff93f
core   0: 0x800004e0 (0x02dc3db3) mulhu   s11, s8, a3
core   0: 3 0x800004e0 (0x02dc3db3) x27 0x00000000
core   0: 0x800004e4 (0x00000689) c.addi  a3, 2
core   0: 3 0x800004e4 (0x0689) x13 0x00000010
core   0: 0x800004e6 (0xff469be3) bne     a3, s4, pc - 10
core   0: 3 0x800004e6 (0xff469be3)
core   0: 0x800004dc (0x93f18313) addi    t1, gp, -1729
core   0: 3 0x800004dc (0x93f18313) x6  0xfffff93f
core   0: 0x800004e0 (0x02dc3db3) mulhu   s11, s8, a3
core   0: 3 0x800004e0 (0x02dc3db3) x27 0x00000000
core   0: 0x800004e4 (0x00000689) c.addi  a3, 2
core   0: 3 0x800004e4 (0x0689) x13 0x00000012
core   0: 0x800004e6 (0xff469be3) bne     a3, s4, pc - 10
core   0: 3 0x800004e6 (0xff469be3)
core   0: 0x800004dc (0x93f18313) addi    t1, gp, -1729
core   0: 3 0x800004dc (0x93f18313) x6  0xfffff93f
core   0: 0x800004e0 (0x02dc3db3) mulhu   s11, s8, a3
core   0: 3 0x800004e0 (0x02dc3db3) x27 0x00000000
core   0: 0x800004e4 (0x00000689) c.addi  a3, 2
core   0: 3 0x800004e4 (0x0689) x13 0x00000014
core   0: 0x800004e6 (0xff469be3) bne     a3, s4, pc - 10
core   0: 3 0x800004e6 (0xff469be3)
core   0: 0x800004ea (0x02c657b3) divu    a5, a2, a2
core   0: 3 0x800004ea (0x02c657b3) x15 0xffffffff
core   0: 0x800004ee (0x02e28c33) mul     s8, t0, a4
core   0: 3 0x800004ee (0x02e28c33) x24 0x00000280
core   0: 0x800004f2 (0x00000001) c.nop
core   0: 3 0x800004f2 (0x0001)
core   0: 0x800004f4 (0x33341cb7) lui     s9, 0x33341
core   0: 3 0x800004f4 (0x33341cb7) x25 0x33341000
core   0: 0x800004f8 (0xfca15ae3) bge     sp, a0, pc - 44
core   0: 3 0x800004f8 (0xfca15ae3)
core   0: 0x800004fc (0x0000878e) c.mv    a5, gp
core   0: 3 0x800004fc (0x878e) x15 0x00000000
core   0: 0x800004fe (0x00005f75) c.li    t5, -3
core   0: 3 0x800004fe (0x5f75) x30 0xfffffffd
core   0: 0x80000500 (0x0020d213) srli    tp, ra, 2
core   0: 3 0x80000500 (0x0020d213) x4  0x00000000
core   0: 0x80000504 (0x00004119) c.li    sp, 6
core   0: 3 0x80000504 (0x4119) x2  0x00000006
core   0: 0x80000506 (0x89f24b37) lui     s6, 0x89f24
core   0: 3 0x80000506 (0x89f24b37) x22 0x89f24000
core   0: 0x8000050a (0x00000001) c.nop
core   0: 3 0x8000050a (0x0001)
core   0: 0x8000050c (0x00000f19) c.addi  t5, 6
core   0: 3 0x8000050c (0x0f19) x30 0x00000003
core   0: 0x8000050e (0x00005c7d) c.li    s8, -1
core   0: 3 0x8000050e (0x5c7d) x24 0xffffffff
core   0: 0x80000510 (0x3675ef93) ori     t6, a1, 871
core   0: 3 0x80000510 (0x3675ef93) x31 0xffffffff
core   0: 0x80000514 (0xcfabe597) auipc   a1, 0xcfabe
core   0: 3 0x80000514 (0xcfabe597) x11 0x4fabe514
core   0: 0x80000518 (0x00008ad9) c.andi  a3, 22
core   0: 3 0x80000518 (0x8ad9) x13 0x00000014
core   0: 0x8000051a (0xfe2f66e3) bltu    t5, sp, pc - 20
core   0: 3 0x8000051a (0xfe2f66e3)
core   0: 0x80000506 (0x89f24b37) lui     s6, 0x89f24
core   0: 3 0x80000506 (0x89f24b37) x22 0x89f24000
core   0: 0x8000050a (0x00000001) c.nop
core   0: 3 0x8000050a (0x0001)
core   0: 0x8000050c (0x00000f19) c.addi  t5, 6
core   0: 3 0x8000050c (0x0f19) x30 0x00000009
core   0: 0x8000050e (0x00005c7d) c.li    s8, -1
core   0: 3 0x8000050e (0x5c7d) x24 0xffffffff
core   0: 0x80000510 (0x3675ef93) ori     t6, a1, 871
core   0: 3 0x80000510 (0x3675ef93) x31 0x4fabe777
core   0: 0x80000514 (0xcfabe597) auipc   a1, 0xcfabe
core   0: 3 0x80000514 (0xcfabe597) x11 0x4fabe514
core   0: 0x80000518 (0x00008ad9) c.andi  a3, 22
core   0: 3 0x80000518 (0x8ad9) x13 0x00000014
core   0: 0x8000051a (0xfe2f66e3) bltu    t5, sp, pc - 20
core   0: 3 0x8000051a (0xfe2f66e3)
core   0: 0x8000051e (0x41a000b3) sub     ra, zero, s10
core   0: 3 0x8000051e (0x41a000b3) x1  0x00000000
core   0: 0x80000522 (0x000057fd) c.li    a5, -1
core   0: 3 0x80000522 (0x57fd) x15 0xffffffff
core   0: 0x80000524 (0x009eaa33) slt     s4, t4, s1
core   0: 3 0x80000524 (0x009eaa33) x20 0x00000001
core   0: 0x80000528 (0x20f2b213) sltiu   tp, t0, 527
core   0: 3 0x80000528 (0x20f2b213) x4  0x00000001
core   0: 0x8000052c (0x0000463d) c.li    a2, 15
core   0: 3 0x8000052c (0x463d) x12 0x0000000f
core   0: 0x8000052e (0x006ebc33) sltu    s8, t4, t1
core   0: 3 0x8000052e (0x006ebc33) x24 0x00000001
core   0: 0x80000532 (0x00368fb3) add     t6, a3, gp
core   0: 3 0x80000532 (0x00368fb3) x31 0x00000014
core   0: 0x80000536 (0x403908b3) sub     a7, s2, gp
core   0: 3 0x80000536 (0x403908b3) x17 0x00000000
core   0: 0x8000053a (0x00000001) c.nop
core   0: 3 0x8000053a (0x0001)
core   0: 0x8000053c (0x00000785) c.addi  a5, 1
core   0: 3 0x8000053c (0x0785) x15 0x00000000
core   0: 0x8000053e (0x4192de93) srai    t4, t0, 25
core   0: 3 0x8000053e (0x4192de93) x29 0x00000000
core   0: 0x80000542 (0x00004719) c.li    a4, 6
core   0: 3 0x80000542 (0x4719) x14 0x00000006
core   0: 0x80000544 (0xa87b2e13) slti    t3, s6, -1401
core   0: 3 0x80000544 (0xa87b2e13) x28 0x00000001
core   0: 0x80000548 (0x00000001) c.nop
core   0: 3 0x80000548 (0x0001)
core   0: 0x8000054a (0x0000997d) c.andi  a0, -1
core   0: 3 0x8000054a (0x997d) x10 0xfffffff7
core   0: 0x8000054c (0x00939f93) slli    t6, t2, 9
core   0: 3 0x8000054c (0x00939f93) x31 0x8eca1c00
core   0: 0x80000550 (0x7486ad13) slti    s10, a3, 1864
core   0: 3 0x80000550 (0x7486ad13) x26 0x00000001
core   0: 0x80000554 (0x55d89e17) auipc   t3, 0x55d89
core   0: 3 0x80000554 (0x55d89e17) x28 0xd5d89554
core   0: 0x80000558 (0x00006b19) c.lui   s6, 0x6
core   0: 3 0x80000558 (0x6b19) x22 0x00006000
core   0: 0x8000055a (0x00001769) c.addi  a4, -6
core   0: 3 0x8000055a (0x1769) x14 0x00000000
core   0: 0x8000055c (0x000044fd) c.li    s1, 31
core   0: 3 0x8000055c (0x44fd) x9  0x0000001f
core   0: 0x8000055e (0x000096a2) c.add   a3, s0
core   0: 3 0x8000055e (0x96a2) x13 0x80029cf8
core   0: 0x80000560 (0x0000fb65) c.bnez  a4, pc - 16
core   0: 3 0x80000560 (0xfb65)
core   0: 0x80000562 (0x2c725f37) lui     t5, 0x2c725
core   0: 3 0x80000562 (0x2c725f37) x30 0x2c725000
core   0: 0x80000566 (0xfcc786e3) beq     a5, a2, pc - 52
core   0: 3 0x80000566 (0xfcc786e3)
core   0: 0x8000056a (0x00000001) c.nop
core   0: 3 0x8000056a (0x0001)
core   0: 0x8000056c (0x00004229) c.li    tp, 10
core   0: 3 0x8000056c (0x4229) x4  0x0000000a
core   0: 0x8000056e (0x408807b3) sub     a5, a6, s0
core   0: 3 0x8000056e (0x408807b3) x15 0xfffd631c
core   0: 0x80000572 (0x1f2c2893) slti    a7, s8, 498
core   0: 3 0x80000572 (0x1f2c2893) x17 0x00000001
core   0: 0x80000576 (0x01c6d333) srl     t1, a3, t3
core   0: 3 0x80000576 (0x01c6d333) x6  0x00000800
core   0: 0x8000057a (0x90d4e193) ori     gp, s1, -1779
core   0: 3 0x8000057a (0x90d4e193) x3  0xfffff91f
core   0: 0x8000057e (0x000044bd) c.li    s1, 15
core   0: 3 0x8000057e (0x44bd) x9  0x0000000f
core   0: 0x80000580 (0x00009dd6) c.add   s11, s5
core   0: 3 0x80000580 (0x9dd6) x27 0x80025e64
core   0: 0x80000582 (0x5bb34d37) lui     s10, 0x5bb34
core   0: 3 0x80000582 (0x5bb34d37) x26 0x5bb34000
core   0: 0x80000586 (0x0000021d) c.addi  tp, 7
core   0: 3 0x80000586 (0x021d) x4  0x00000011
core   0: 0x80000588 (0x350ec113) xori    sp, t4, 848
core   0: 3 0x80000588 (0x350ec113) x2  0x00000350
core   0: 0x8000058c (0x00008d81) c.sub   a1, s0
core   0: 3 0x8000058c (0x8d81) x11 0xcfa94830
core   0: 0x8000058e (0x00005561) c.li    a0, -8
core   0: 3 0x8000058e (0x5561) x10 0xfffffff8
core   0: 0x80000590 (0x02bd01b3) mul     gp, s10, a1
core   0: 3 0x80000590 (0x02bd01b3) x3  0xdb9c0000
core   0: 0x80000594 (0x00004f25) c.li    t5, 9
core   0: 3 0x80000594 (0x4f25) x30 0x00000009
core   0: 0x80000596 (0x000007cd) c.addi  a5, 19
core   0: 3 0x80000596 (0x07cd) x15 0xfffd632f
core   0: 0x80000598 (0x031815b3) mulh    a1, a6, a7
core   0: 3 0x80000598 (0x031815b3) x11 0xffffffff
core   0: 0x8000059c (0x00000998) c.addi4spn a4, sp, 208
core   0: 3 0x8000059c (0x0998) x14 0x00000420
core   0: 0x8000059e (0x00000529) c.addi  a0, 10
core   0: 3 0x8000059e (0x0529) x10 0x00000002
core   0: 0x800005a0 (0x02c8deb3) divu    t4, a7, a2
core   0: 3 0x800005a0 (0x02c8deb3) x29 0x00000000
core   0: 0x800005a4 (0x0000829d) c.srli  a3, 7
core   0: 3 0x800005a4 (0x829d) x13 0x01000539
core   0: 0x800005a6 (0x00008e91) c.sub   a3, a2
core   0: 3 0x800005a6 (0x8e91) x13 0x0100052a
core   0: 0x800005a8 (0x002dd593) srli    a1, s11, 2
core   0: 3 0x800005a8 (0x002dd593) x11 0x20009799
core   0: 0x800005ac (0xffe546e3) blt     a0, t5, pc - 20
core   0: 3 0x800005ac (0xffe546e3)
core   0: 0x80000598 (0x031815b3) mulh    a1, a6, a7
core   0: 3 0x80000598 (0x031815b3) x11 0xffffffff
core   0: 0x8000059c (0x00000998) c.addi4spn a4, sp, 208
core   0: 3 0x8000059c (0x0998) x14 0x00000420
core   0: 0x8000059e (0x00000529) c.addi  a0, 10
core   0: 3 0x8000059e (0x0529) x10 0x0000000c
core   0: 0x800005a0 (0x02c8deb3) divu    t4, a7, a2
core   0: 3 0x800005a0 (0x02c8deb3) x29 0x00000000
core   0: 0x800005a4 (0x0000829d) c.srli  a3, 7
core   0: 3 0x800005a4 (0x829d) x13 0x0002000a
core   0: 0x800005a6 (0x00008e91) c.sub   a3, a2
core   0: 3 0x800005a6 (0x8e91) x13 0x0001fffb
core   0: 0x800005a8 (0x002dd593) srli    a1, s11, 2
core   0: 3 0x800005a8 (0x002dd593) x11 0x20009799
core   0: 0x800005ac (0xffe546e3) blt     a0, t5, pc - 20
core   0: 3 0x800005ac (0xffe546e3)
core   0: 0x800005b0 (0x00000001) c.nop
core   0: 3 0x800005b0 (0x0001)
core   0: 0x800005b2 (0xfc9247e3) blt     tp, s1, pc - 50
core   0: 3 0x800005b2 (0xfc9247e3)
core   0: 0x800005b6 (0x01e29133) sll     sp, t0, t5
core   0: 3 0x800005b6 (0x01e29133) x2  0x00000200
core   0: 0x800005ba (0x00004185) c.li    gp, 1
core   0: 3 0x800005ba (0x4185) x3  0x00000001
core   0: 0x800005bc (0x00d81c13) slli    s8, a6, 13
core   0: 3 0x800005bc (0x00d81c13) x24 0x00000000
core   0: 0x800005c0 (0x00005771) c.li    a4, -4
core   0: 3 0x800005c0 (0x5771) x14 0xfffffffc
core   0: 0x800005c2 (0x0000096d) c.addi  s2, 27
core   0: 3 0x800005c2 (0x096d) x18 0x0000001b
core   0: 0x800005c4 (0xd6842393) slti    t2, s0, -664
core   0: 3 0x800005c4 (0xd6842393) x7  0x00000001
core   0: 0x800005c8 (0x03118eb3) mul     t4, gp, a7
core   0: 3 0x800005c8 (0x03118eb3) x29 0x00000001
core   0: 0x800005cc (0x52160597) auipc   a1, 0x52160
core   0: 3 0x800005cc (0x52160597) x11 0xd21605cc
core   0: 0x800005d0 (0x00008ba5) c.andi  a5, 9
core   0: 3 0x800005d0 (0x8ba5) x15 0x00000009
core   0: 0x800005d2 (0x02fafd33) remu    s10, s5, a5
core   0: 3 0x800005d2 (0x02fafd33) x26 0x00000006
core   0: 0x800005d6 (0x007b8f33) add     t5, s7, t2
core   0: 3 0x800005d6 (0x007b8f33) x30 0x00000002
core   0: 0x800005da (0x1089c013) xori    zero, s3, 264
core   0: 3 0x800005da (0x1089c013)
core   0: 0x800005de (0x0236b9b3) mulhu   s3, a3, gp
core   0: 3 0x800005de (0x0236b9b3) x19 0x00000000
core   0: 0x800005e2 (0x00008e09) c.sub   a2, a0
core   0: 3 0x800005e2 (0x8e09) x12 0x00000003
core   0: 0x800005e4 (0x00008eb1) c.xor   a3, a2
core   0: 3 0x800005e4 (0x8eb1) x13 0x0001fff8
core   0: 0x800005e6 (0x000096ca) c.add   a3, s2
core   0: 3 0x800005e6 (0x96ca) x13 0x00020013
core   0: 0x800005e8 (0x000011d9) c.addi  gp, -10
core   0: 3 0x800005e8 (0x11d9) x3  0xfffffff7
core   0: 0x800005ea (0x7844e393) ori     t2, s1, 1924
core   0: 3 0x800005ea (0x7844e393) x7  0x0000078f
core   0: 0x800005ee (0xb1ae3993) sltiu   s3, t3, -1254
core   0: 3 0x800005ee (0xb1ae3993) x19 0x00000001
core   0: 0x800005f2 (0x00008a4a) c.mv    s4, s2
core   0: 3 0x800005f2 (0x8a4a) x20 0x0000001b
core   0: 0x800005f4 (0x00008ffd) c.and   a5, a5
core   0: 3 0x800005f4 (0x8ffd) x15 0x00000009
core   0: 0x800005f6 (0x0354e933) rem     s2, s1, s5
core   0: 3 0x800005f6 (0x0354e933) x18 0x0000000f
core   0: 0x800005fa (0x012939b3) sltu    s3, s2, s2
core   0: 3 0x800005fa (0x012939b3) x19 0x00000000
core   0: 0x800005fe (0xfce1d5e3) bge     gp, a4, pc - 54
core   0: 3 0x800005fe (0xfce1d5e3)
core   0: 0x80000602 (0x03645e33) divu    t3, s0, s6
core   0: 3 0x80000602 (0x03645e33) x28 0x0001555c
core   0: 0x80000606 (0x00004605) c.li    a2, 1
core   0: 3 0x80000606 (0x4605) x12 0x00000001
core   0: 0x80000608 (0x00008d71) c.and   a0, a2
core   0: 3 0x80000608 (0x8d71) x10 0x00000000
core   0: 0x8000060a (0x0000099e) c.slli  s3, 7
core   0: 3 0x8000060a (0x099e) x19 0x00000000
core   0: 0x8000060c (0x0000997d) c.andi  a0, -1
core   0: 3 0x8000060c (0x997d) x10 0x00000000
core   0: 0x8000060e (0x40a85b33) sra     s6, a6, a0
core   0: 3 0x8000060e (0x40a85b33) x22 0x80000000
core   0: 0x80000612 (0x000068e1) c.lui   a7, 0x18
core   0: 3 0x80000612 (0x68e1) x17 0x00018000
core   0: 0x80000614 (0xf857f713) andi    a4, a5, -123
core   0: 3 0x80000614 (0xf857f713) x14 0x00000001
core   0: 0x80000618 (0x40bad913) srai    s2, s5, 11
core   0: 3 0x80000618 (0x40bad913) x18 0xfff0004b
core   0: 0x8000061c (0x03cee533) rem     a0, t4, t3
core   0: 3 0x8000061c (0x03cee533) x10 0x00000001
core   0: 0x80000620 (0x00004dad) c.li    s11, 11
core   0: 3 0x80000620 (0x4dad) x27 0x0000000b
core   0: 0x80000622 (0x0000997d) c.andi  a0, -1
core   0: 3 0x80000622 (0x997d) x10 0x00000001
core   0: 0x80000624 (0x00000001) c.nop
core   0: 3 0x80000624 (0x0001)
core   0: 0x80000626 (0x028917b3) mulh    a5, s2, s0
core   0: 3 0x80000626 (0x028917b3) x15 0x0007ffb0
core   0: 0x8000062a (0x03fed033) divu    zero, t4, t6
core   0: 3 0x8000062a (0x03fed033)
core   0: 0x8000062e (0x0000717d) c.addi16sp sp, -16
core   0: 3 0x8000062e (0x717d) x2  0x000001f0
core   0: 0x80000630 (0x01feaeb3) slt     t4, t4, t6
core   0: 3 0x80000630 (0x01feaeb3) x29 0x00000000
core   0: 0x80000634 (0x000009ca) c.slli  s3, 18
core   0: 3 0x80000634 (0x09ca) x19 0x00000000
core   0: 0x80000636 (0x00000625) c.addi  a2, 9
core   0: 3 0x80000636 (0x0625) x12 0x0000000a
core   0: 0x80000638 (0x00009bd6) c.add   s7, s5
core   0: 3 0x80000638 (0x9bd6) x23 0x80025e65
core   0: 0x8000063a (0x024662b3) rem     t0, a2, tp
core   0: 3 0x8000063a (0x024662b3) x5  0x0000000a
core   0: 0x8000063e (0x0121ec33) or      s8, gp, s2
core   0: 3 0x8000063e (0x0121ec33) x24 0xffffffff
core   0: 0x80000642 (0x03e72fb3) mulhsu  t6, a4, t5
core   0: 3 0x80000642 (0x03e72fb3) x31 0x00000000
core   0: 0x80000646 (0x00741993) slli    s3, s0, 7
core   0: 3 0x80000646 (0x00741993) x19 0x014e7200
core   0: 0x8000064a (0x41a359b3) sra     s3, t1, s10
core   0: 3 0x8000064a (0x41a359b3) x19 0x00000020
core   0: 0x8000064e (0xfdb66be3) bltu    a2, s11, pc - 42
core   0: 3 0x8000064e (0xfdb66be3)
core   0: 0x80000624 (0x00000001) c.nop
core   0: 3 0x80000624 (0x0001)
core   0: 0x80000626 (0x028917b3) mulh    a5, s2, s0
core   0: 3 0x80000626 (0x028917b3) x15 0x0007ffb0
core   0: 0x8000062a (0x03fed033) divu    zero, t4, t6
core   0: 3 0x8000062a (0x03fed033)
core   0: 0x8000062e (0x0000717d) c.addi16sp sp, -16
core   0: 3 0x8000062e (0x717d) x2  0x000001e0
core   0: 0x80000630 (0x01feaeb3) slt     t4, t4, t6
core   0: 3 0x80000630 (0x01feaeb3) x29 0x00000000
core   0: 0x80000634 (0x000009ca) c.slli  s3, 18
core   0: 3 0x80000634 (0x09ca) x19 0x00800000
core   0: 0x80000636 (0x00000625) c.addi  a2, 9
core   0: 3 0x80000636 (0x0625) x12 0x00000013
core   0: 0x80000638 (0x00009bd6) c.add   s7, s5
core   0: 3 0x80000638 (0x9bd6) x23 0x0004bcc9
core   0: 0x8000063a (0x024662b3) rem     t0, a2, tp
core   0: 3 0x8000063a (0x024662b3) x5  0x00000002
core   0: 0x8000063e (0x0121ec33) or      s8, gp, s2
core   0: 3 0x8000063e (0x0121ec33) x24 0xffffffff
core   0: 0x80000642 (0x03e72fb3) mulhsu  t6, a4, t5
core   0: 3 0x80000642 (0x03e72fb3) x31 0x00000000
core   0: 0x80000646 (0x00741993) slli    s3, s0, 7
core   0: 3 0x80000646 (0x00741993) x19 0x014e7200
core   0: 0x8000064a (0x41a359b3) sra     s3, t1, s10
core   0: 3 0x8000064a (0x41a359b3) x19 0x00000020
core   0: 0x8000064e (0xfdb66be3) bltu    a2, s11, pc - 42
core   0: 3 0x8000064e (0xfdb66be3)
core   0: 0x80000652 (0xe9575cb7) lui     s9, 0xe9575
core   0: 3 0x80000652 (0xe9575cb7) x25 0xe9575000
core   0: 0x80000656 (0x00004921) c.li    s2, 8
core   0: 3 0x80000656 (0x4921) x18 0x00000008
core   0: 0x80000658 (0x00815a33) srl     s4, sp, s0
core   0: 3 0x80000658 (0x00815a33) x20 0x0000001e
core   0: 0x8000065c (0x01b81893) slli    a7, a6, 27
core   0: 3 0x8000065c (0x01b81893) x17 0x00000000
core   0: 0x80000660 (0x000051e9) c.li    gp, -6
core   0: 3 0x80000660 (0x51e9) x3  0xfffffffa
core   0: 0x80000662 (0x00e444b3) xor     s1, s0, a4
core   0: 3 0x80000662 (0x00e444b3) x9  0x80029ce5
core   0: 0x80000666 (0x02b13033) mulhu   zero, sp, a1
core   0: 3 0x80000666 (0x02b13033)
core   0: 0x8000066a (0x00001961) c.addi  s2, -8
core   0: 3 0x8000066a (0x1961) x18 0x00000000
core   0: 0x8000066c (0x01b0b2b3) sltu    t0, ra, s11
core   0: 3 0x8000066c (0x01b0b2b3) x5  0x00000001
core   0: 0x80000670 (0x00008205) c.srli  a2, 1
core   0: 3 0x80000670 (0x8205) x12 0x00000009
core   0: 0x80000672 (0x00006625) c.lui   a2, 0x9
core   0: 3 0x80000672 (0x6625) x12 0x00009000
core   0: 0x80000674 (0x00000001) c.nop
core   0: 3 0x80000674 (0x0001)
core   0: 0x80000676 (0x0e3ec313) xori    t1, t4, 227
core   0: 3 0x80000676 (0x0e3ec313) x6  0x000000e3
core   0: 0x8000067a (0x000012fd) c.addi  t0, -1
core   0: 3 0x8000067a (0x12fd) x5  0x00000000
core   0: 0x8000067c (0x00006ea1) c.lui   t4, 0x8
core   0: 3 0x8000067c (0x6ea1) x29 0x00008000
core   0: 0x8000067e (0xe078b393) sltiu   t2, a7, -505
core   0: 3 0x8000067e (0xe078b393) x7  0x00000001
core   0: 0x80000682 (0x00df9093) slli    ra, t6, 13
core   0: 3 0x80000682 (0x00df9093) x1  0x00000000
core   0: 0x80000686 (0xfc395ee3) bge     s2, gp, pc - 36
core   0: 3 0x80000686 (0xfc395ee3)
core   0: 0x80000662 (0x00e444b3) xor     s1, s0, a4
core   0: 3 0x80000662 (0x00e444b3) x9  0x80029ce5
core   0: 0x80000666 (0x02b13033) mulhu   zero, sp, a1
core   0: 3 0x80000666 (0x02b13033)
core   0: 0x8000066a (0x00001961) c.addi  s2, -8
core   0: 3 0x8000066a (0x1961) x18 0xfffffff8
core   0: 0x8000066c (0x01b0b2b3) sltu    t0, ra, s11
core   0: 3 0x8000066c (0x01b0b2b3) x5  0x00000001
core   0: 0x80000670 (0x00008205) c.srli  a2, 1
core   0: 3 0x80000670 (0x8205) x12 0x00004800
core   0: 0x80000672 (0x00006625) c.lui   a2, 0x9
core   0: 3 0x80000672 (0x6625) x12 0x00009000
core   0: 0x80000674 (0x00000001) c.nop
core   0: 3 0x80000674 (0x0001)
core   0: 0x80000676 (0x0e3ec313) xori    t1, t4, 227
core   0: 3 0x80000676 (0x0e3ec313) x6  0x000080e3
core   0: 0x8000067a (0x000012fd) c.addi  t0, -1
core   0: 3 0x8000067a (0x12fd) x5  0x00000000
core   0: 0x8000067c (0x00006ea1) c.lui   t4, 0x8
core   0: 3 0x8000067c (0x6ea1) x29 0x00008000
core   0: 0x8000067e (0xe078b393) sltiu   t2, a7, -505
core   0: 3 0x8000067e (0xe078b393) x7  0x00000001
core   0: 0x80000682 (0x00df9093) slli    ra, t6, 13
core   0: 3 0x80000682 (0x00df9093) x1  0x00000000
core   0: 0x80000686 (0xfc395ee3) bge     s2, gp, pc - 36
core   0: 3 0x80000686 (0xfc395ee3)
core   0: 0x8000068a (0x01321633) sll     a2, tp, s3
core   0: 3 0x8000068a (0x01321633) x12 0x00000011
core   0: 0x8000068e (0x00005a59) c.li    s4, -10
core   0: 3 0x8000068e (0x5a59) x20 0xfffffff6
core   0: 0x80000690 (0x000012fd) c.addi  t0, -1
core   0: 3 0x80000690 (0x12fd) x5  0xffffffff
core   0: 0x80000692 (0xda4cf237) lui     tp, 0xda4cf
core   0: 3 0x80000692 (0xda4cf237) x4  0xda4cf000
core   0: 0x80000696 (0x0290cfb3) div     t6, ra, s1
core   0: 3 0x80000696 (0x0290cfb3) x31 0x00000000
core   0: 0x8000069a (0x00004c09) c.li    s8, 2
core   0: 3 0x8000069a (0x4c09) x24 0x00000002
core   0: 0x8000069c (0x038304b3) mul     s1, t1, s8
core   0: 3 0x8000069c (0x038304b3) x9  0x000101c6
core   0: 0x800006a0 (0x005d10b3) sll     ra, s10, t0
core   0: 3 0x800006a0 (0x005d10b3) x1  0x00000000
core   0: 0x800006a4 (0xe2807b37) lui     s6, 0xe2807
core   0: 3 0x800006a4 (0xe2807b37) x22 0xe2807000
core   0: 0x800006a8 (0xfbd66d97) auipc   s11, 0xfbd66
core   0: 3 0x800006a8 (0xfbd66d97) x27 0x7bd666a8
core   0: 0x800006ac (0x00000a09) c.addi  s4, 2
core   0: 3 0x800006ac (0x0a09) x20 0xfffffff8
core   0: 0x800006ae (0x034fd5b3) divu    a1, t6, s4
core   0: 3 0x800006ae (0x034fd5b3) x11 0x00000000
core   0: 0x800006b2 (0x00005565) c.li    a0, -7
core   0: 3 0x800006b2 (0x5565) x10 0xfffffff9
core   0: 0x800006b4 (0x00004e15) c.li    t3, 5
core   0: 3 0x800006b4 (0x4e15) x28 0x00000005
core   0: 0x800006b6 (0xa6a36393) ori     t2, t1, -1430
core   0: 3 0x800006b6 (0xa6a36393) x7  0xfffffaeb
core   0: 0x800006ba (0x00000505) c.addi  a0, 1
core   0: 3 0x800006ba (0x0505) x10 0xfffffffa
core   0: 0x800006bc (0x00000001) c.nop
core   0: 3 0x800006bc (0x0001)
core   0: 0x800006be (0x0000917a) c.add   sp, t5
core   0: 3 0x800006be (0x917a) x2  0x000001e2
core   0: 0x800006c0 (0x41695093) srai    ra, s2, 22
core   0: 3 0x800006c0 (0x41695093) x1  0xffffffff
core   0: 0x800006c4 (0xffc509e3) beq     a0, t3, pc - 14
core   0: 3 0x800006c4 (0xffc509e3)
core   0: 0x800006c8 (0x00004d59) c.li    s10, 22
core   0: 3 0x800006c8 (0x4d59) x26 0x00000016
core   0: 0x800006ca (0x0000877d) c.srai  a4, 31
core   0: 3 0x800006ca (0x877d) x14 0x00000000
core   0: 0x800006cc (0xfd8a4ce3) blt     s4, s8, pc - 40
core   0: 3 0x800006cc (0xfd8a4ce3)
core   0: 0x800006a4 (0xe2807b37) lui     s6, 0xe2807
core   0: 3 0x800006a4 (0xe2807b37) x22 0xe2807000
core   0: 0x800006a8 (0xfbd66d97) auipc   s11, 0xfbd66
core   0: 3 0x800006a8 (0xfbd66d97) x27 0x7bd666a8
core   0: 0x800006ac (0x00000a09) c.addi  s4, 2
core   0: 3 0x800006ac (0x0a09) x20 0xfffffffa
core   0: 0x800006ae (0x034fd5b3) divu    a1, t6, s4
core   0: 3 0x800006ae (0x034fd5b3) x11 0x00000000
core   0: 0x800006b2 (0x00005565) c.li    a0, -7
core   0: 3 0x800006b2 (0x5565) x10 0xfffffff9
core   0: 0x800006b4 (0x00004e15) c.li    t3, 5
core   0: 3 0x800006b4 (0x4e15) x28 0x00000005
core   0: 0x800006b6 (0xa6a36393) ori     t2, t1, -1430
core   0: 3 0x800006b6 (0xa6a36393) x7  0xfffffaeb
core   0: 0x800006ba (0x00000505) c.addi  a0, 1
core   0: 3 0x800006ba (0x0505) x10 0xfffffffa
core   0: 0x800006bc (0x00000001) c.nop
core   0: 3 0x800006bc (0x0001)
core   0: 0x800006be (0x0000917a) c.add   sp, t5
core   0: 3 0x800006be (0x917a) x2  0x000001e4
core   0: 0x800006c0 (0x41695093) srai    ra, s2, 22
core   0: 3 0x800006c0 (0x41695093) x1  0xffffffff
core   0: 0x800006c4 (0xffc509e3) beq     a0, t3, pc - 14
core   0: 3 0x800006c4 (0xffc509e3)
core   0: 0x800006c8 (0x00004d59) c.li    s10, 22
core   0: 3 0x800006c8 (0x4d59) x26 0x00000016
core   0: 0x800006ca (0x0000877d) c.srai  a4, 31
core   0: 3 0x800006ca (0x877d) x14 0x00000000
core   0: 0x800006cc (0xfd8a4ce3) blt     s4, s8, pc - 40
core   0: 3 0x800006cc (0xfd8a4ce3)
core   0: 0x800006a4 (0xe2807b37) lui     s6, 0xe2807
core   0: 3 0x800006a4 (0xe2807b37) x22 0xe2807000
core   0: 0x800006a8 (0xfbd66d97) auipc   s11, 0xfbd66
core   0: 3 0x800006a8 (0xfbd66d97) x27 0x7bd666a8
core   0: 0x800006ac (0x00000a09) c.addi  s4, 2
core   0: 3 0x800006ac (0x0a09) x20 0xfffffffc
core   0: 0x800006ae (0x034fd5b3) divu    a1, t6, s4
core   0: 3 0x800006ae (0x034fd5b3) x11 0x00000000
core   0: 0x800006b2 (0x00005565) c.li    a0, -7
core   0: 3 0x800006b2 (0x5565) x10 0xfffffff9
core   0: 0x800006b4 (0x00004e15) c.li    t3, 5
core   0: 3 0x800006b4 (0x4e15) x28 0x00000005
core   0: 0x800006b6 (0xa6a36393) ori     t2, t1, -1430
core   0: 3 0x800006b6 (0xa6a36393) x7  0xfffffaeb
core   0: 0x800006ba (0x00000505) c.addi  a0, 1
core   0: 3 0x800006ba (0x0505) x10 0xfffffffa
core   0: 0x800006bc (0x00000001) c.nop
core   0: 3 0x800006bc (0x0001)
core   0: 0x800006be (0x0000917a) c.add   sp, t5
core   0: 3 0x800006be (0x917a) x2  0x000001e6
core   0: 0x800006c0 (0x41695093) srai    ra, s2, 22
core   0: 3 0x800006c0 (0x41695093) x1  0xffffffff
core   0: 0x800006c4 (0xffc509e3) beq     a0, t3, pc - 14
core   0: 3 0x800006c4 (0xffc509e3)
core   0: 0x800006c8 (0x00004d59) c.li    s10, 22
core   0: 3 0x800006c8 (0x4d59) x26 0x00000016
core   0: 0x800006ca (0x0000877d) c.srai  a4, 31
core   0: 3 0x800006ca (0x877d) x14 0x00000000
core   0: 0x800006cc (0xfd8a4ce3) blt     s4, s8, pc - 40
core   0: 3 0x800006cc (0xfd8a4ce3)
core   0: 0x800006a4 (0xe2807b37) lui     s6, 0xe2807
core   0: 3 0x800006a4 (0xe2807b37) x22 0xe2807000
core   0: 0x800006a8 (0xfbd66d97) auipc   s11, 0xfbd66
core   0: 3 0x800006a8 (0xfbd66d97) x27 0x7bd666a8
core   0: 0x800006ac (0x00000a09) c.addi  s4, 2
core   0: 3 0x800006ac (0x0a09) x20 0xfffffffe
core   0: 0x800006ae (0x034fd5b3) divu    a1, t6, s4
core   0: 3 0x800006ae (0x034fd5b3) x11 0x00000000
core   0: 0x800006b2 (0x00005565) c.li    a0, -7
core   0: 3 0x800006b2 (0x5565) x10 0xfffffff9
core   0: 0x800006b4 (0x00004e15) c.li    t3, 5
core   0: 3 0x800006b4 (0x4e15) x28 0x00000005
core   0: 0x800006b6 (0xa6a36393) ori     t2, t1, -1430
core   0: 3 0x800006b6 (0xa6a36393) x7  0xfffffaeb
core   0: 0x800006ba (0x00000505) c.addi  a0, 1
core   0: 3 0x800006ba (0x0505) x10 0xfffffffa
core   0: 0x800006bc (0x00000001) c.nop
core   0: 3 0x800006bc (0x0001)
core   0: 0x800006be (0x0000917a) c.add   sp, t5
core   0: 3 0x800006be (0x917a) x2  0x000001e8
core   0: 0x800006c0 (0x41695093) srai    ra, s2, 22
core   0: 3 0x800006c0 (0x41695093) x1  0xffffffff
core   0: 0x800006c4 (0xffc509e3) beq     a0, t3, pc - 14
core   0: 3 0x800006c4 (0xffc509e3)
core   0: 0x800006c8 (0x00004d59) c.li    s10, 22
core   0: 3 0x800006c8 (0x4d59) x26 0x00000016
core   0: 0x800006ca (0x0000877d) c.srai  a4, 31
core   0: 3 0x800006ca (0x877d) x14 0x00000000
core   0: 0x800006cc (0xfd8a4ce3) blt     s4, s8, pc - 40
core   0: 3 0x800006cc (0xfd8a4ce3)
core   0: 0x800006a4 (0xe2807b37) lui     s6, 0xe2807
core   0: 3 0x800006a4 (0xe2807b37) x22 0xe2807000
core   0: 0x800006a8 (0xfbd66d97) auipc   s11, 0xfbd66
core   0: 3 0x800006a8 (0xfbd66d97) x27 0x7bd666a8
core   0: 0x800006ac (0x00000a09) c.addi  s4, 2
core   0: 3 0x800006ac (0x0a09) x20 0x00000000
core   0: 0x800006ae (0x034fd5b3) divu    a1, t6, s4
core   0: 3 0x800006ae (0x034fd5b3) x11 0xffffffff
core   0: 0x800006b2 (0x00005565) c.li    a0, -7
core   0: 3 0x800006b2 (0x5565) x10 0xfffffff9
core   0: 0x800006b4 (0x00004e15) c.li    t3, 5
core   0: 3 0x800006b4 (0x4e15) x28 0x00000005
core   0: 0x800006b6 (0xa6a36393) ori     t2, t1, -1430
core   0: 3 0x800006b6 (0xa6a36393) x7  0xfffffaeb
core   0: 0x800006ba (0x00000505) c.addi  a0, 1
core   0: 3 0x800006ba (0x0505) x10 0xfffffffa
core   0: 0x800006bc (0x00000001) c.nop
core   0: 3 0x800006bc (0x0001)
core   0: 0x800006be (0x0000917a) c.add   sp, t5
core   0: 3 0x800006be (0x917a) x2  0x000001ea
core   0: 0x800006c0 (0x41695093) srai    ra, s2, 22
core   0: 3 0x800006c0 (0x41695093) x1  0xffffffff
core   0: 0x800006c4 (0xffc509e3) beq     a0, t3, pc - 14
core   0: 3 0x800006c4 (0xffc509e3)
core   0: 0x800006c8 (0x00004d59) c.li    s10, 22
core   0: 3 0x800006c8 (0x4d59) x26 0x00000016
core   0: 0x800006ca (0x0000877d) c.srai  a4, 31
core   0: 3 0x800006ca (0x877d) x14 0x00000000
core   0: 0x800006cc (0xfd8a4ce3) blt     s4, s8, pc - 40
core   0: 3 0x800006cc (0xfd8a4ce3)
core   0: 0x800006a4 (0xe2807b37) lui     s6, 0xe2807
core   0: 3 0x800006a4 (0xe2807b37) x22 0xe2807000
core   0: 0x800006a8 (0xfbd66d97) auipc   s11, 0xfbd66
core   0: 3 0x800006a8 (0xfbd66d97) x27 0x7bd666a8
core   0: 0x800006ac (0x00000a09) c.addi  s4, 2
core   0: 3 0x800006ac (0x0a09) x20 0x00000002
core   0: 0x800006ae (0x034fd5b3) divu    a1, t6, s4
core   0: 3 0x800006ae (0x034fd5b3) x11 0x00000000
core   0: 0x800006b2 (0x00005565) c.li    a0, -7
core   0: 3 0x800006b2 (0x5565) x10 0xfffffff9
core   0: 0x800006b4 (0x00004e15) c.li    t3, 5
core   0: 3 0x800006b4 (0x4e15) x28 0x00000005
core   0: 0x800006b6 (0xa6a36393) ori     t2, t1, -1430
core   0: 3 0x800006b6 (0xa6a36393) x7  0xfffffaeb
core   0: 0x800006ba (0x00000505) c.addi  a0, 1
core   0: 3 0x800006ba (0x0505) x10 0xfffffffa
core   0: 0x800006bc (0x00000001) c.nop
core   0: 3 0x800006bc (0x0001)
core   0: 0x800006be (0x0000917a) c.add   sp, t5
core   0: 3 0x800006be (0x917a) x2  0x000001ec
core   0: 0x800006c0 (0x41695093) srai    ra, s2, 22
core   0: 3 0x800006c0 (0x41695093) x1  0xffffffff
core   0: 0x800006c4 (0xffc509e3) beq     a0, t3, pc - 14
core   0: 3 0x800006c4 (0xffc509e3)
core   0: 0x800006c8 (0x00004d59) c.li    s10, 22
core   0: 3 0x800006c8 (0x4d59) x26 0x00000016
core   0: 0x800006ca (0x0000877d) c.srai  a4, 31
core   0: 3 0x800006ca (0x877d) x14 0x00000000
core   0: 0x800006cc (0xfd8a4ce3) blt     s4, s8, pc - 40
core   0: 3 0x800006cc (0xfd8a4ce3)
core   0: 0x800006d0 (0x01ba38b3) sltu    a7, s4, s11
core   0: 3 0x800006d0 (0x01ba38b3) x17 0x00000001
core   0: 0x800006d4 (0x00004ea1) c.li    t4, 8
core   0: 3 0x800006d4 (0x4ea1) x29 0x00000008
core   0: 0x800006d6 (0x0000059e) c.slli  a1, 7
core   0: 3 0x800006d6 (0x059e) x11 0x00000000
core   0: 0x800006d8 (0x000016fd) c.addi  a3, -1
core   0: 3 0x800006d8 (0x16fd) x13 0x00020012
core   0: 0x800006da (0xffb15c97) auipc   s9, 0xffb15
core   0: 3 0x800006da (0xffb15c97) x25 0x7fb156da
core   0: 0x800006de (0x00004e1d) c.li    t3, 7
core   0: 3 0x800006de (0x4e1d) x28 0x00000007
core   0: 0x800006e0 (0x03b80c33) mul     s8, a6, s11
core   0: 3 0x800006e0 (0x03b80c33) x24 0x00000000
core   0: 0x800006e4 (0x00008cbd) c.xor   s1, a5
core   0: 3 0x800006e4 (0x8cbd) x9  0x0006fe76
core   0: 0x800006e6 (0x00913a33) sltu    s4, sp, s1
core   0: 3 0x800006e6 (0x00913a33) x20 0x00000001
core   0: 0x800006ea (0x00000001) c.nop
core   0: 3 0x800006ea (0x0001)
core   0: 0x800006ec (0x00006135) c.addi16sp sp, 352
core   0: 3 0x800006ec (0x6135) x2  0x0000034c
core   0: 0x800006ee (0x00000001) c.nop
core   0: 3 0x800006ee (0x0001)
core   0: 0x800006f0 (0x41285b33) sra     s6, a6, s2
core   0: 3 0x800006f0 (0x41285b33) x22 0xffffff80
core   0: 0x800006f4 (0x00cf4bb3) xor     s7, t5, a2
core   0: 3 0x800006f4 (0x00cf4bb3) x23 0x00000013
core   0: 0x800006f8 (0x00001ed9) c.addi  t4, -10
core   0: 3 0x800006f8 (0x1ed9) x29 0xfffffffe
core   0: 0x800006fa (0x00006639) c.lui   a2, 0xe
core   0: 3 0x800006fa (0x6639) x12 0x0000e000
core   0: 0x800006fc (0x027757b3) divu    a5, a4, t2
core   0: 3 0x800006fc (0x027757b3) x15 0x00000000
core   0: 0x80000700 (0xde196297) auipc   t0, 0xde196
core   0: 3 0x80000700 (0xde196297) x5  0x5e196700
core   0: 0x80000704 (0xffced3e3) bge     t4, t3, pc - 26
core   0: 3 0x80000704 (0xffced3e3)
core   0: 0x80000708 (0x40605633) sra     a2, zero, t1
core   0: 3 0x80000708 (0x40605633) x12 0x00000000
core   0: 0x8000070c (0x0000470d) c.li    a4, 3
core   0: 3 0x8000070c (0x470d) x14 0x00000003
core   0: 0x8000070e (0x00000001) c.nop
core   0: 3 0x8000070e (0x0001)
core   0: 0x80000710 (0x00008dd2) c.mv    s11, s4
core   0: 3 0x80000710 (0x8dd2) x27 0x00000001
core   0: 0x80000712 (0x00001775) c.addi  a4, -3
core   0: 3 0x80000712 (0x1775) x14 0x00000000
core   0: 0x80000714 (0x00004395) c.li    t2, 5
core   0: 3 0x80000714 (0x4395) x7  0x00000005
core   0: 0x80000716 (0x00005cc9) c.li    s9, -14
core   0: 3 0x80000716 (0x5cc9) x25 0xfffffff2
core   0: 0x80000718 (0x00008e15) c.sub   a2, a3
core   0: 3 0x80000718 (0x8e15) x12 0xfffdffee
core   0: 0x8000071a (0x03e93a33) mulhu   s4, s2, t5
core   0: 3 0x8000071a (0x03e93a33) x20 0x00000001
core   0: 0x8000071e (0x000013ed) c.addi  t2, -5
core   0: 3 0x8000071e (0x13ed) x7  0x00000000
core   0: 0x80000720 (0x03e60e33) mul     t3, a2, t5
core   0: 3 0x80000720 (0x03e60e33) x28 0xfffbffdc
core   0: 0x80000724 (0xff93dbe3) bge     t2, s9, pc - 10
core   0: 3 0x80000724 (0xff93dbe3)
core   0: 0x8000071a (0x03e93a33) mulhu   s4, s2, t5
core   0: 3 0x8000071a (0x03e93a33) x20 0x00000001
core   0: 0x8000071e (0x000013ed) c.addi  t2, -5
core   0: 3 0x8000071e (0x13ed) x7  0xfffffffb
core   0: 0x80000720 (0x03e60e33) mul     t3, a2, t5
core   0: 3 0x80000720 (0x03e60e33) x28 0xfffbffdc
core   0: 0x80000724 (0xff93dbe3) bge     t2, s9, pc - 10
core   0: 3 0x80000724 (0xff93dbe3)
core   0: 0x8000071a (0x03e93a33) mulhu   s4, s2, t5
core   0: 3 0x8000071a (0x03e93a33) x20 0x00000001
core   0: 0x8000071e (0x000013ed) c.addi  t2, -5
core   0: 3 0x8000071e (0x13ed) x7  0xfffffff6
core   0: 0x80000720 (0x03e60e33) mul     t3, a2, t5
core   0: 3 0x80000720 (0x03e60e33) x28 0xfffbffdc
core   0: 0x80000724 (0xff93dbe3) bge     t2, s9, pc - 10
core   0: 3 0x80000724 (0xff93dbe3)
core   0: 0x8000071a (0x03e93a33) mulhu   s4, s2, t5
core   0: 3 0x8000071a (0x03e93a33) x20 0x00000001
core   0: 0x8000071e (0x000013ed) c.addi  t2, -5
core   0: 3 0x8000071e (0x13ed) x7  0xfffffff1
core   0: 0x80000720 (0x03e60e33) mul     t3, a2, t5
core   0: 3 0x80000720 (0x03e60e33) x28 0xfffbffdc
core   0: 0x80000724 (0xff93dbe3) bge     t2, s9, pc - 10
core   0: 3 0x80000724 (0xff93dbe3)
core   0: 0x80000728 (0x00008e09) c.sub   a2, a0
core   0: 3 0x80000728 (0x8e09) x12 0xfffdfff4
core   0: 0x8000072a (0x0000f37d) c.bnez  a4, pc - 26
core   0: 3 0x8000072a (0xf37d)
core   0: 0x8000072c (0x01349e93) slli    t4, s1, 19
core   0: 3 0x8000072c (0x01349e93) x29 0xf3b00000
core   0: 0x80000730 (0x000057f5) c.li    a5, -3
core   0: 3 0x80000730 (0x57f5) x15 0xfffffffd
core   0: 0x80000732 (0x00000001) c.nop
core   0: 3 0x80000732 (0x0001)
core   0: 0x80000734 (0x03d0fcb3) remu    s9, ra, t4
core   0: 3 0x80000734 (0x03d0fcb3) x25 0x0c4fffff
core   0: 0x80000738 (0xec957993) andi    s3, a0, -311
core   0: 3 0x80000738 (0xec957993) x19 0xfffffec8
core   0: 0x8000073c (0x00000785) c.addi  a5, 1
core   0: 3 0x8000073c (0x0785) x15 0xfffffffe
core   0: 0x8000073e (0x00005dd9) c.li    s11, -10
core   0: 3 0x8000073e (0x5dd9) x27 0xfffffff6
core   0: 0x80000740 (0x7e2dac93) slti    s9, s11, 2018
core   0: 3 0x80000740 (0x7e2dac93) x25 0x00000001
core   0: 0x80000744 (0x00005fc1) c.li    t6, -16
core   0: 3 0x80000744 (0x5fc1) x31 0xfffffff0
core   0: 0x80000746 (0x4fe95f37) lui     t5, 0x4fe95
core   0: 3 0x80000746 (0x4fe95f37) x30 0x4fe95000
core   0: 0x8000074a (0x1984a293) slti    t0, s1, 408
core   0: 3 0x8000074a (0x1984a293) x5  0x00000000
core   0: 0x8000074e (0x00001dd9) c.addi  s11, -10
core   0: 3 0x8000074e (0x1dd9) x27 0xffffffec
core   0: 0x80000750 (0xfffddde3) bge     s11, t6, pc - 6
core   0: 3 0x80000750 (0xfffddde3)
core   0: 0x80000754 (0x0000f3e5) c.bnez  a5, pc - 32
core   0: 3 0x80000754 (0xf3e5)
core   0: 0x80000734 (0x03d0fcb3) remu    s9, ra, t4
core   0: 3 0x80000734 (0x03d0fcb3) x25 0x0c4fffff
core   0: 0x80000738 (0xec957993) andi    s3, a0, -311
core   0: 3 0x80000738 (0xec957993) x19 0xfffffec8
core   0: 0x8000073c (0x00000785) c.addi  a5, 1
core   0: 3 0x8000073c (0x0785) x15 0xffffffff
core   0: 0x8000073e (0x00005dd9) c.li    s11, -10
core   0: 3 0x8000073e (0x5dd9) x27 0xfffffff6
core   0: 0x80000740 (0x7e2dac93) slti    s9, s11, 2018
core   0: 3 0x80000740 (0x7e2dac93) x25 0x00000001
core   0: 0x80000744 (0x00005fc1) c.li    t6, -16
core   0: 3 0x80000744 (0x5fc1) x31 0xfffffff0
core   0: 0x80000746 (0x4fe95f37) lui     t5, 0x4fe95
core   0: 3 0x80000746 (0x4fe95f37) x30 0x4fe95000
core   0: 0x8000074a (0x1984a293) slti    t0, s1, 408
core   0: 3 0x8000074a (0x1984a293) x5  0x00000000
core   0: 0x8000074e (0x00001dd9) c.addi  s11, -10
core   0: 3 0x8000074e (0x1dd9) x27 0xffffffec
core   0: 0x80000750 (0xfffddde3) bge     s11, t6, pc - 6
core   0: 3 0x80000750 (0xfffddde3)
core   0: 0x80000754 (0x0000f3e5) c.bnez  a5, pc - 32
core   0: 3 0x80000754 (0xf3e5)
core   0: 0x80000734 (0x03d0fcb3) remu    s9, ra, t4
core   0: 3 0x80000734 (0x03d0fcb3) x25 0x0c4fffff
core   0: 0x80000738 (0xec957993) andi    s3, a0, -311
core   0: 3 0x80000738 (0xec957993) x19 0xfffffec8
core   0: 0x8000073c (0x00000785) c.addi  a5, 1
core   0: 3 0x8000073c (0x0785) x15 0x00000000
core   0: 0x8000073e (0x00005dd9) c.li    s11, -10
core   0: 3 0x8000073e (0x5dd9) x27 0xfffffff6
core   0: 0x80000740 (0x7e2dac93) slti    s9, s11, 2018
core   0: 3 0x80000740 (0x7e2dac93) x25 0x00000001
core   0: 0x80000744 (0x00005fc1) c.li    t6, -16
core   0: 3 0x80000744 (0x5fc1) x31 0xfffffff0
core   0: 0x80000746 (0x4fe95f37) lui     t5, 0x4fe95
core   0: 3 0x80000746 (0x4fe95f37) x30 0x4fe95000
core   0: 0x8000074a (0x1984a293) slti    t0, s1, 408
core   0: 3 0x8000074a (0x1984a293) x5  0x00000000
core   0: 0x8000074e (0x00001dd9) c.addi  s11, -10
core   0: 3 0x8000074e (0x1dd9) x27 0xffffffec
core   0: 0x80000750 (0xfffddde3) bge     s11, t6, pc - 6
core   0: 3 0x80000750 (0xfffddde3)
core   0: 0x80000754 (0x0000f3e5) c.bnez  a5, pc - 32
core   0: 3 0x80000754 (0xf3e5)
core   0: 0x80000756 (0x00000f6a) c.slli  t5, 26
core   0: 3 0x80000756 (0x0f6a) x30 0x00000000
core   0: 0x80000758 (0x00005f79) c.li    t5, -2
core   0: 3 0x80000758 (0x5f79) x30 0xfffffffe
core   0: 0x8000075a (0x02728b33) mul     s6, t0, t2
core   0: 3 0x8000075a (0x02728b33) x22 0x00000000
core   0: 0x8000075e (0x0000614d) c.addi16sp sp, 176
core   0: 3 0x8000075e (0x614d) x2  0x000003fc
core   0: 0x80000760 (0x00008de1) c.and   a1, s0
core   0: 3 0x80000760 (0x8de1) x11 0x00000000
core   0: 0x80000762 (0x00008d81) c.sub   a1, s0
core   0: 3 0x80000762 (0x8d81) x11 0x7ffd631c
core   0: 0x80000764 (0x00005561) c.li    a0, -8
core   0: 3 0x80000764 (0x5561) x10 0xfffffff8
core   0: 0x80000766 (0x00008fa1) c.xor   a5, s0
core   0: 3 0x80000766 (0x8fa1) x15 0x80029ce4
core   0: 0x80000768 (0x00000f91) c.addi  t6, 4
core   0: 3 0x80000768 (0x0f91) x31 0xfffffff4
core   0: 0x8000076a (0x001cc1b3) xor     gp, s9, ra
core   0: 3 0x8000076a (0x001cc1b3) x3  0xfffffffe
core   0: 0x8000076e (0x00112cb3) slt     s9, sp, ra
core   0: 3 0x8000076e (0x00112cb3) x25 0x00000000
core   0: 0x80000772 (0x00001f69) c.addi  t5, -6
core   0: 3 0x80000772 (0x1f69) x30 0xfffffff8
core   0: 0x80000774 (0x00006599) c.lui   a1, 0x6
core   0: 3 0x80000774 (0x6599) x11 0x00006000
core   0: 0x80000776 (0x000054f1) c.li    s1, -4
core   0: 3 0x80000776 (0x54f1) x9  0xfffffffc
core   0: 0x80000778 (0xb9d76093) ori     ra, a4, -1123
core   0: 3 0x80000778 (0xb9d76093) x1  0xfffffb9d
core   0: 0x8000077c (0x86624893) xori    a7, tp, -1946
core   0: 3 0x8000077c (0x86624893) x17 0x25b30866
core   0: 0x80000780 (0x00000001) c.nop
core   0: 3 0x80000780 (0x0001)
core   0: 0x80000782 (0x03a80e33) mul     t3, a6, s10
core   0: 3 0x80000782 (0x03a80e33) x28 0x00000000
core   0: 0x80000786 (0x00000491) c.addi  s1, 4
core   0: 3 0x80000786 (0x0491) x9  0x00000000
core   0: 0x80000788 (0x035b6c33) rem     s8, s6, s5
core   0: 3 0x80000788 (0x035b6c33) x24 0x00000000
core   0: 0x8000078c (0xc6a78c37) lui     s8, 0xc6a78
core   0: 3 0x8000078c (0xc6a78c37) x24 0xc6a78000
core   0: 0x80000790 (0x0000f8ed) c.bnez  s1, pc - 14
core   0: 3 0x80000790 (0xf8ed)
core   0: 0x80000792 (0x00008e19) c.sub   a2, a4
core   0: 3 0x80000792 (0x8e19) x12 0xfffdfff4
core   0: 0x80000794 (0xfcaf1ae3) bne     t5, a0, pc - 44
core   0: 3 0x80000794 (0xfcaf1ae3)
core   0: 0x80000798 (0x40475eb3) sra     t4, a4, tp
core   0: 3 0x80000798 (0x40475eb3) x29 0x00000000
core   0: 0x8000079c (0x000054f5) c.li    s1, -3
core   0: 3 0x8000079c (0x54f5) x9  0xfffffffd
core   0: 0x8000079e (0x000081ed) c.srli  a1, 27
core   0: 3 0x8000079e (0x81ed) x11 0x00000000
core   0: 0x800007a0 (0x00004895) c.li    a7, 5
core   0: 3 0x800007a0 (0x4895) x17 0x00000005
core   0: 0x800007a2 (0x00000001) c.nop
core   0: 3 0x800007a2 (0x0001)
core   0: 0x800007a4 (0x00001a7d) c.addi  s4, -1
core   0: 3 0x800007a4 (0x1a7d) x20 0x00000000
core   0: 0x800007a6 (0x00008e49) c.or    a2, a0
core   0: 3 0x800007a6 (0x8e49) x12 0xfffffffc
core   0: 0x800007a8 (0x03eaffb3) remu    t6, s5, t5
core   0: 3 0x800007a8 (0x03eaffb3) x31 0x80025e64
core   0: 0x800007ac (0x0000048d) c.addi  s1, 3
core   0: 3 0x800007ac (0x048d) x9  0x00000000
core   0: 0x800007ae (0xff14ebe3) bltu    s1, a7, pc - 10
core   0: 3 0x800007ae (0xff14ebe3)
core   0: 0x800007a4 (0x00001a7d) c.addi  s4, -1
core   0: 3 0x800007a4 (0x1a7d) x20 0xffffffff
core   0: 0x800007a6 (0x00008e49) c.or    a2, a0
core   0: 3 0x800007a6 (0x8e49) x12 0xfffffffc
core   0: 0x800007a8 (0x03eaffb3) remu    t6, s5, t5
core   0: 3 0x800007a8 (0x03eaffb3) x31 0x80025e64
core   0: 0x800007ac (0x0000048d) c.addi  s1, 3
core   0: 3 0x800007ac (0x048d) x9  0x00000003
core   0: 0x800007ae (0xff14ebe3) bltu    s1, a7, pc - 10
core   0: 3 0x800007ae (0xff14ebe3)
core   0: 0x800007a4 (0x00001a7d) c.addi  s4, -1
core   0: 3 0x800007a4 (0x1a7d) x20 0xfffffffe
core   0: 0x800007a6 (0x00008e49) c.or    a2, a0
core   0: 3 0x800007a6 (0x8e49) x12 0xfffffffc
core   0: 0x800007a8 (0x03eaffb3) remu    t6, s5, t5
core   0: 3 0x800007a8 (0x03eaffb3) x31 0x80025e64
core   0: 0x800007ac (0x0000048d) c.addi  s1, 3
core   0: 3 0x800007ac (0x048d) x9  0x00000006
core   0: 0x800007ae (0xff14ebe3) bltu    s1, a7, pc - 10
core   0: 3 0x800007ae (0xff14ebe3)
core   0: 0x800007b2 (0x016392b3) sll     t0, t2, s6
core   0: 3 0x800007b2 (0x016392b3) x5  0xfffffff1
core   0: 0x800007b6 (0x000056dd) c.li    a3, -9
core   0: 3 0x800007b6 (0x56dd) x13 0xfffffff7
core   0: 0x800007b8 (0x6a11ca17) auipc   s4, 0x6a11c
core   0: 3 0x800007b8 (0x6a11ca17) x20 0xea11c7b8
core   0: 0x800007bc (0x000090ce) c.add   ra, s3
core   0: 3 0x800007bc (0x90ce) x1  0xfffffa65
core   0: 0x800007be (0x01a6e933) or      s2, a3, s10
core   0: 3 0x800007be (0x01a6e933) x18 0xfffffff7
core   0: 0x800007c2 (0x03f55233) divu    tp, a0, t6
core   0: 3 0x800007c2 (0x03f55233) x4  0x00000001
core   0: 0x800007c6 (0x00000001) c.nop
core   0: 3 0x800007c6 (0x0001)
core   0: 0x800007c8 (0x417e0a33) sub     s4, t3, s7
core   0: 3 0x800007c8 (0x417e0a33) x20 0xffffffed
core   0: 0x800007cc (0x00009a7d) c.andi  a2, -1
core   0: 3 0x800007cc (0x9a7d) x12 0xfffffffc
core   0: 0x800007ce (0x02ad2733) mulhsu  a4, s10, a0
core   0: 3 0x800007ce (0x02ad2733) x14 0x00000015
core   0: 0x800007d2 (0x00008dd1) c.or    a1, a2
core   0: 3 0x800007d2 (0x8dd1) x11 0xfffffffc
core   0: 0x800007d4 (0x02a6e3b3) rem     t2, a3, a0
core   0: 3 0x800007d4 (0x02a6e3b3) x7  0xffffffff
core   0: 0x800007d8 (0x41b103b3) sub     t2, sp, s11
core   0: 3 0x800007d8 (0x41b103b3) x7  0x00000410
core   0: 0x800007dc (0x0000938a) c.add   t2, sp
core   0: 3 0x800007dc (0x938a) x7  0x0000080c
core   0: 0x800007de (0x008d9c93) slli    s9, s11, 8
core   0: 3 0x800007de (0x008d9c93) x25 0xffffec00
core   0: 0x800007e2 (0x00000685) c.addi  a3, 1
core   0: 3 0x800007e2 (0x0685) x13 0xfffffff8
core   0: 0x800007e4 (0x41f8de93) srai    t4, a7, 31
core   0: 3 0x800007e4 (0x41f8de93) x29 0x00000000
core   0: 0x800007e8 (0x00004521) c.li    a0, 8
core   0: 3 0x800007e8 (0x4521) x10 0x00000008
core   0: 0x800007ea (0x01f95793) srli    a5, s2, 31
core   0: 3 0x800007ea (0x01f95793) x15 0x00000001
core   0: 0x800007ee (0x00004491) c.li    s1, 4
core   0: 3 0x800007ee (0x4491) x9  0x00000004
core   0: 0x800007f0 (0x039c8cb3) mul     s9, s9, s9
core   0: 3 0x800007f0 (0x039c8cb3) x25 0x01900000
core   0: 0x800007f4 (0x0050ac33) slt     s8, ra, t0
core   0: 3 0x800007f4 (0x0050ac33) x24 0x00000001
core   0: 0x800007f8 (0xa60f6c93) ori     s9, t5, -1440
core   0: 3 0x800007f8 (0xa60f6c93) x25 0xfffffff8
core   0: 0x800007fc (0x00008f8a) c.mv    t6, sp
core   0: 3 0x800007fc (0x8f8a) x31 0x000003fc
core   0: 0x800007fe (0x0000717d) c.addi16sp sp, -16
core   0: 3 0x800007fe (0x717d) x2  0x000003ec
core   0: 0x80000800 (0x014de733) or      a4, s11, s4
core   0: 3 0x80000800 (0x014de733) x14 0xffffffed
core   0: 0x80000804 (0x00008fc9) c.or    a5, a0
core   0: 3 0x80000804 (0x8fc9) x15 0x00000009
core   0: 0x80000806 (0x01cc2133) slt     sp, s8, t3
core   0: 3 0x80000806 (0x01cc2133) x2  0x00000000
core   0: 0x8000080a (0x00001571) c.addi  a0, -4
core   0: 3 0x8000080a (0x1571) x10 0x00000004
core   0: 0x8000080c (0xfe9556e3) bge     a0, s1, pc - 20
core   0: 3 0x8000080c (0xfe9556e3)
core   0: 0x800007f8 (0xa60f6c93) ori     s9, t5, -1440
core   0: 3 0x800007f8 (0xa60f6c93) x25 0xfffffff8
core   0: 0x800007fc (0x00008f8a) c.mv    t6, sp
core   0: 3 0x800007fc (0x8f8a) x31 0x00000000
core   0: 0x800007fe (0x0000717d) c.addi16sp sp, -16
core   0: 3 0x800007fe (0x717d) x2  0xfffffff0
core   0: 0x80000800 (0x014de733) or      a4, s11, s4
core   0: 3 0x80000800 (0x014de733) x14 0xffffffed
core   0: 0x80000804 (0x00008fc9) c.or    a5, a0
core   0: 3 0x80000804 (0x8fc9) x15 0x0000000d
core   0: 0x80000806 (0x01cc2133) slt     sp, s8, t3
core   0: 3 0x80000806 (0x01cc2133) x2  0x00000000
core   0: 0x8000080a (0x00001571) c.addi  a0, -4
core   0: 3 0x8000080a (0x1571) x10 0x00000000
core   0: 0x8000080c (0xfe9556e3) bge     a0, s1, pc - 20
core   0: 3 0x8000080c (0xfe9556e3)
core   0: 0x80000810 (0x022ef133) remu    sp, t4, sp
core   0: 3 0x80000810 (0x022ef133) x2  0x00000000
core   0: 0x80000814 (0x00008de5) c.and   a1, s1
core   0: 3 0x80000814 (0x8de5) x11 0x00000004
core   0: 0x80000816 (0x00008db1) c.xor   a1, a2
core   0: 3 0x80000816 (0x8db1) x11 0xfffffff8
core   0: 0x80000818 (0x0000fecd) c.bnez  a3, pc - 70
core   0: 3 0x80000818 (0xfecd)
core   0: 0x800007d2 (0x00008dd1) c.or    a1, a2
core   0: 3 0x800007d2 (0x8dd1) x11 0xfffffffc
core   0: 0x800007d4 (0x02a6e3b3) rem     t2, a3, a0
core   0: 3 0x800007d4 (0x02a6e3b3) x7  0xfffffff8
core   0: 0x800007d8 (0x41b103b3) sub     t2, sp, s11
core   0: 3 0x800007d8 (0x41b103b3) x7  0x00000014
core   0: 0x800007dc (0x0000938a) c.add   t2, sp
core   0: 3 0x800007dc (0x938a) x7  0x00000014
core   0: 0x800007de (0x008d9c93) slli    s9, s11, 8
core   0: 3 0x800007de (0x008d9c93) x25 0xffffec00
core   0: 0x800007e2 (0x00000685) c.addi  a3, 1
core   0: 3 0x800007e2 (0x0685) x13 0xfffffff9
core   0: 0x800007e4 (0x41f8de93) srai    t4, a7, 31
core   0: 3 0x800007e4 (0x41f8de93) x29 0x00000000
core   0: 0x800007e8 (0x00004521) c.li    a0, 8
core   0: 3 0x800007e8 (0x4521) x10 0x00000008
core   0: 0x800007ea (0x01f95793) srli    a5, s2, 31
core   0: 3 0x800007ea (0x01f95793) x15 0x00000001
core   0: 0x800007ee (0x00004491) c.li    s1, 4
core   0: 3 0x800007ee (0x4491) x9  0x00000004
core   0: 0x800007f0 (0x039c8cb3) mul     s9, s9, s9
core   0: 3 0x800007f0 (0x039c8cb3) x25 0x01900000
core   0: 0x800007f4 (0x0050ac33) slt     s8, ra, t0
core   0: 3 0x800007f4 (0x0050ac33) x24 0x00000001
core   0: 0x800007f8 (0xa60f6c93) ori     s9, t5, -1440
core   0: 3 0x800007f8 (0xa60f6c93) x25 0xfffffff8
core   0: 0x800007fc (0x00008f8a) c.mv    t6, sp
core   0: 3 0x800007fc (0x8f8a) x31 0x00000000
core   0: 0x800007fe (0x0000717d) c.addi16sp sp, -16
core   0: 3 0x800007fe (0x717d) x2  0xfffffff0
core   0: 0x80000800 (0x014de733) or      a4, s11, s4
core   0: 3 0x80000800 (0x014de733) x14 0xffffffed
core   0: 0x80000804 (0x00008fc9) c.or    a5, a0
core   0: 3 0x80000804 (0x8fc9) x15 0x00000009
core   0: 0x80000806 (0x01cc2133) slt     sp, s8, t3
core   0: 3 0x80000806 (0x01cc2133) x2  0x00000000
core   0: 0x8000080a (0x00001571) c.addi  a0, -4
core   0: 3 0x8000080a (0x1571) x10 0x00000004
core   0: 0x8000080c (0xfe9556e3) bge     a0, s1, pc - 20
core   0: 3 0x8000080c (0xfe9556e3)
core   0: 0x800007f8 (0xa60f6c93) ori     s9, t5, -1440
core   0: 3 0x800007f8 (0xa60f6c93) x25 0xfffffff8
core   0: 0x800007fc (0x00008f8a) c.mv    t6, sp
core   0: 3 0x800007fc (0x8f8a) x31 0x00000000
core   0: 0x800007fe (0x0000717d) c.addi16sp sp, -16
core   0: 3 0x800007fe (0x717d) x2  0xfffffff0
core   0: 0x80000800 (0x014de733) or      a4, s11, s4
core   0: 3 0x80000800 (0x014de733) x14 0xffffffed
core   0: 0x80000804 (0x00008fc9) c.or    a5, a0
core   0: 3 0x80000804 (0x8fc9) x15 0x0000000d
core   0: 0x80000806 (0x01cc2133) slt     sp, s8, t3
core   0: 3 0x80000806 (0x01cc2133) x2  0x00000000
core   0: 0x8000080a (0x00001571) c.addi  a0, -4
core   0: 3 0x8000080a (0x1571) x10 0x00000000
core   0: 0x8000080c (0xfe9556e3) bge     a0, s1, pc - 20
core   0: 3 0x8000080c (0xfe9556e3)
core   0: 0x80000810 (0x022ef133) remu    sp, t4, sp
core   0: 3 0x80000810 (0x022ef133) x2  0x00000000
core   0: 0x80000814 (0x00008de5) c.and   a1, s1
core   0: 3 0x80000814 (0x8de5) x11 0x00000004
core   0: 0x80000816 (0x00008db1) c.xor   a1, a2
core   0: 3 0x80000816 (0x8db1) x11 0xfffffff8
core   0: 0x80000818 (0x0000fecd) c.bnez  a3, pc - 70
core   0: 3 0x80000818 (0xfecd)
core   0: 0x800007d2 (0x00008dd1) c.or    a1, a2
core   0: 3 0x800007d2 (0x8dd1) x11 0xfffffffc
core   0: 0x800007d4 (0x02a6e3b3) rem     t2, a3, a0
core   0: 3 0x800007d4 (0x02a6e3b3) x7  0xfffffff9
core   0: 0x800007d8 (0x41b103b3) sub     t2, sp, s11
core   0: 3 0x800007d8 (0x41b103b3) x7  0x00000014
core   0: 0x800007dc (0x0000938a) c.add   t2, sp
core   0: 3 0x800007dc (0x938a) x7  0x00000014
core   0: 0x800007de (0x008d9c93) slli    s9, s11, 8
core   0: 3 0x800007de (0x008d9c93) x25 0xffffec00
core   0: 0x800007e2 (0x00000685) c.addi  a3, 1
core   0: 3 0x800007e2 (0x0685) x13 0xfffffffa
core   0: 0x800007e4 (0x41f8de93) srai    t4, a7, 31
core   0: 3 0x800007e4 (0x41f8de93) x29 0x00000000
core   0: 0x800007e8 (0x00004521) c.li    a0, 8
core   0: 3 0x800007e8 (0x4521) x10 0x00000008
core   0: 0x800007ea (0x01f95793) srli    a5, s2, 31
core   0: 3 0x800007ea (0x01f95793) x15 0x00000001
core   0: 0x800007ee (0x00004491) c.li    s1, 4
core   0: 3 0x800007ee (0x4491) x9  0x00000004
core   0: 0x800007f0 (0x039c8cb3) mul     s9, s9, s9
core   0: 3 0x800007f0 (0x039c8cb3) x25 0x01900000
core   0: 0x800007f4 (0x0050ac33) slt     s8, ra, t0
core   0: 3 0x800007f4 (0x0050ac33) x24 0x00000001
core   0: 0x800007f8 (0xa60f6c93) ori     s9, t5, -1440
core   0: 3 0x800007f8 (0xa60f6c93) x25 0xfffffff8
core   0: 0x800007fc (0x00008f8a) c.mv    t6, sp
core   0: 3 0x800007fc (0x8f8a) x31 0x00000000
core   0: 0x800007fe (0x0000717d) c.addi16sp sp, -16
core   0: 3 0x800007fe (0x717d) x2  0xfffffff0
core   0: 0x80000800 (0x014de733) or      a4, s11, s4
core   0: 3 0x80000800 (0x014de733) x14 0xffffffed
core   0: 0x80000804 (0x00008fc9) c.or    a5, a0
core   0: 3 0x80000804 (0x8fc9) x15 0x00000009
core   0: 0x80000806 (0x01cc2133) slt     sp, s8, t3
core   0: 3 0x80000806 (0x01cc2133) x2  0x00000000
core   0: 0x8000080a (0x00001571) c.addi  a0, -4
core   0: 3 0x8000080a (0x1571) x10 0x00000004
core   0: 0x8000080c (0xfe9556e3) bge     a0, s1, pc - 20
core   0: 3 0x8000080c (0xfe9556e3)
core   0: 0x800007f8 (0xa60f6c93) ori     s9, t5, -1440
core   0: 3 0x800007f8 (0xa60f6c93) x25 0xfffffff8
core   0: 0x800007fc (0x00008f8a) c.mv    t6, sp
core   0: 3 0x800007fc (0x8f8a) x31 0x00000000
core   0: 0x800007fe (0x0000717d) c.addi16sp sp, -16
core   0: 3 0x800007fe (0x717d) x2  0xfffffff0
core   0: 0x80000800 (0x014de733) or      a4, s11, s4
core   0: 3 0x80000800 (0x014de733) x14 0xffffffed
core   0: 0x80000804 (0x00008fc9) c.or    a5, a0
core   0: 3 0x80000804 (0x8fc9) x15 0x0000000d
core   0: 0x80000806 (0x01cc2133) slt     sp, s8, t3
core   0: 3 0x80000806 (0x01cc2133) x2  0x00000000
core   0: 0x8000080a (0x00001571) c.addi  a0, -4
core   0: 3 0x8000080a (0x1571) x10 0x00000000
core   0: 0x8000080c (0xfe9556e3) bge     a0, s1, pc - 20
core   0: 3 0x8000080c (0xfe9556e3)
core   0: 0x80000810 (0x022ef133) remu    sp, t4, sp
core   0: 3 0x80000810 (0x022ef133) x2  0x00000000
core   0: 0x80000814 (0x00008de5) c.and   a1, s1
core   0: 3 0x80000814 (0x8de5) x11 0x00000004
core   0: 0x80000816 (0x00008db1) c.xor   a1, a2
core   0: 3 0x80000816 (0x8db1) x11 0xfffffff8
core   0: 0x80000818 (0x0000fecd) c.bnez  a3, pc - 70
core   0: 3 0x80000818 (0xfecd)
core   0: 0x800007d2 (0x00008dd1) c.or    a1, a2
core   0: 3 0x800007d2 (0x8dd1) x11 0xfffffffc
core   0: 0x800007d4 (0x02a6e3b3) rem     t2, a3, a0
core   0: 3 0x800007d4 (0x02a6e3b3) x7  0xfffffffa
core   0: 0x800007d8 (0x41b103b3) sub     t2, sp, s11
core   0: 3 0x800007d8 (0x41b103b3) x7  0x00000014
core   0: 0x800007dc (0x0000938a) c.add   t2, sp
core   0: 3 0x800007dc (0x938a) x7  0x00000014
core   0: 0x800007de (0x008d9c93) slli    s9, s11, 8
core   0: 3 0x800007de (0x008d9c93) x25 0xffffec00
core   0: 0x800007e2 (0x00000685) c.addi  a3, 1
core   0: 3 0x800007e2 (0x0685) x13 0xfffffffb
core   0: 0x800007e4 (0x41f8de93) srai    t4, a7, 31
core   0: 3 0x800007e4 (0x41f8de93) x29 0x00000000
core   0: 0x800007e8 (0x00004521) c.li    a0, 8
core   0: 3 0x800007e8 (0x4521) x10 0x00000008
core   0: 0x800007ea (0x01f95793) srli    a5, s2, 31
core   0: 3 0x800007ea (0x01f95793) x15 0x00000001
core   0: 0x800007ee (0x00004491) c.li    s1, 4
core   0: 3 0x800007ee (0x4491) x9  0x00000004
core   0: 0x800007f0 (0x039c8cb3) mul     s9, s9, s9
core   0: 3 0x800007f0 (0x039c8cb3) x25 0x01900000
core   0: 0x800007f4 (0x0050ac33) slt     s8, ra, t0
core   0: 3 0x800007f4 (0x0050ac33) x24 0x00000001
core   0: 0x800007f8 (0xa60f6c93) ori     s9, t5, -1440
core   0: 3 0x800007f8 (0xa60f6c93) x25 0xfffffff8
core   0: 0x800007fc (0x00008f8a) c.mv    t6, sp
core   0: 3 0x800007fc (0x8f8a) x31 0x00000000
core   0: 0x800007fe (0x0000717d) c.addi16sp sp, -16
core   0: 3 0x800007fe (0x717d) x2  0xfffffff0
core   0: 0x80000800 (0x014de733) or      a4, s11, s4
core   0: 3 0x80000800 (0x014de733) x14 0xffffffed
core   0: 0x80000804 (0x00008fc9) c.or    a5, a0
core   0: 3 0x80000804 (0x8fc9) x15 0x00000009
core   0: 0x80000806 (0x01cc2133) slt     sp, s8, t3
core   0: 3 0x80000806 (0x01cc2133) x2  0x00000000
core   0: 0x8000080a (0x00001571) c.addi  a0, -4
core   0: 3 0x8000080a (0x1571) x10 0x00000004
core   0: 0x8000080c (0xfe9556e3) bge     a0, s1, pc - 20
core   0: 3 0x8000080c (0xfe9556e3)
core   0: 0x800007f8 (0xa60f6c93) ori     s9, t5, -1440
core   0: 3 0x800007f8 (0xa60f6c93) x25 0xfffffff8
core   0: 0x800007fc (0x00008f8a) c.mv    t6, sp
core   0: 3 0x800007fc (0x8f8a) x31 0x00000000
core   0: 0x800007fe (0x0000717d) c.addi16sp sp, -16
core   0: 3 0x800007fe (0x717d) x2  0xfffffff0
core   0: 0x80000800 (0x014de733) or      a4, s11, s4
core   0: 3 0x80000800 (0x014de733) x14 0xffffffed
core   0: 0x80000804 (0x00008fc9) c.or    a5, a0
core   0: 3 0x80000804 (0x8fc9) x15 0x0000000d
core   0: 0x80000806 (0x01cc2133) slt     sp, s8, t3
core   0: 3 0x80000806 (0x01cc2133) x2  0x00000000
core   0: 0x8000080a (0x00001571) c.addi  a0, -4
core   0: 3 0x8000080a (0x1571) x10 0x00000000
core   0: 0x8000080c (0xfe9556e3) bge     a0, s1, pc - 20
core   0: 3 0x8000080c (0xfe9556e3)
core   0: 0x80000810 (0x022ef133) remu    sp, t4, sp
core   0: 3 0x80000810 (0x022ef133) x2  0x00000000
core   0: 0x80000814 (0x00008de5) c.and   a1, s1
core   0: 3 0x80000814 (0x8de5) x11 0x00000004
core   0: 0x80000816 (0x00008db1) c.xor   a1, a2
core   0: 3 0x80000816 (0x8db1) x11 0xfffffff8
core   0: 0x80000818 (0x0000fecd) c.bnez  a3, pc - 70
core   0: 3 0x80000818 (0xfecd)
core   0: 0x800007d2 (0x00008dd1) c.or    a1, a2
core   0: 3 0x800007d2 (0x8dd1) x11 0xfffffffc
core   0: 0x800007d4 (0x02a6e3b3) rem     t2, a3, a0
core   0: 3 0x800007d4 (0x02a6e3b3) x7  0xfffffffb
core   0: 0x800007d8 (0x41b103b3) sub     t2, sp, s11
core   0: 3 0x800007d8 (0x41b103b3) x7  0x00000014
core   0: 0x800007dc (0x0000938a) c.add   t2, sp
core   0: 3 0x800007dc (0x938a) x7  0x00000014
core   0: 0x800007de (0x008d9c93) slli    s9, s11, 8
core   0: 3 0x800007de (0x008d9c93) x25 0xffffec00
core   0: 0x800007e2 (0x00000685) c.addi  a3, 1
core   0: 3 0x800007e2 (0x0685) x13 0xfffffffc
core   0: 0x800007e4 (0x41f8de93) srai    t4, a7, 31
core   0: 3 0x800007e4 (0x41f8de93) x29 0x00000000
core   0: 0x800007e8 (0x00004521) c.li    a0, 8
core   0: 3 0x800007e8 (0x4521) x10 0x00000008
core   0: 0x800007ea (0x01f95793) srli    a5, s2, 31
core   0: 3 0x800007ea (0x01f95793) x15 0x00000001
core   0: 0x800007ee (0x00004491) c.li    s1, 4
core   0: 3 0x800007ee (0x4491) x9  0x00000004
core   0: 0x800007f0 (0x039c8cb3) mul     s9, s9, s9
core   0: 3 0x800007f0 (0x039c8cb3) x25 0x01900000
core   0: 0x800007f4 (0x0050ac33) slt     s8, ra, t0
core   0: 3 0x800007f4 (0x0050ac33) x24 0x00000001
core   0: 0x800007f8 (0xa60f6c93) ori     s9, t5, -1440
core   0: 3 0x800007f8 (0xa60f6c93) x25 0xfffffff8
core   0: 0x800007fc (0x00008f8a) c.mv    t6, sp
core   0: 3 0x800007fc (0x8f8a) x31 0x00000000
core   0: 0x800007fe (0x0000717d) c.addi16sp sp, -16
core   0: 3 0x800007fe (0x717d) x2  0xfffffff0
core   0: 0x80000800 (0x014de733) or      a4, s11, s4
core   0: 3 0x80000800 (0x014de733) x14 0xffffffed
core   0: 0x80000804 (0x00008fc9) c.or    a5, a0
core   0: 3 0x80000804 (0x8fc9) x15 0x00000009
core   0: 0x80000806 (0x01cc2133) slt     sp, s8, t3
core   0: 3 0x80000806 (0x01cc2133) x2  0x00000000
core   0: 0x8000080a (0x00001571) c.addi  a0, -4
core   0: 3 0x8000080a (0x1571) x10 0x00000004
core   0: 0x8000080c (0xfe9556e3) bge     a0, s1, pc - 20
core   0: 3 0x8000080c (0xfe9556e3)
core   0: 0x800007f8 (0xa60f6c93) ori     s9, t5, -1440
core   0: 3 0x800007f8 (0xa60f6c93) x25 0xfffffff8
core   0: 0x800007fc (0x00008f8a) c.mv    t6, sp
core   0: 3 0x800007fc (0x8f8a) x31 0x00000000
core   0: 0x800007fe (0x0000717d) c.addi16sp sp, -16
core   0: 3 0x800007fe (0x717d) x2  0xfffffff0
core   0: 0x80000800 (0x014de733) or      a4, s11, s4
core   0: 3 0x80000800 (0x014de733) x14 0xffffffed
core   0: 0x80000804 (0x00008fc9) c.or    a5, a0
core   0: 3 0x80000804 (0x8fc9) x15 0x0000000d
core   0: 0x80000806 (0x01cc2133) slt     sp, s8, t3
core   0: 3 0x80000806 (0x01cc2133) x2  0x00000000
core   0: 0x8000080a (0x00001571) c.addi  a0, -4
core   0: 3 0x8000080a (0x1571) x10 0x00000000
core   0: 0x8000080c (0xfe9556e3) bge     a0, s1, pc - 20
core   0: 3 0x8000080c (0xfe9556e3)
core   0: 0x80000810 (0x022ef133) remu    sp, t4, sp
core   0: 3 0x80000810 (0x022ef133) x2  0x00000000
core   0: 0x80000814 (0x00008de5) c.and   a1, s1
core   0: 3 0x80000814 (0x8de5) x11 0x00000004
core   0: 0x80000816 (0x00008db1) c.xor   a1, a2
core   0: 3 0x80000816 (0x8db1) x11 0xfffffff8
core   0: 0x80000818 (0x0000fecd) c.bnez  a3, pc - 70
core   0: 3 0x80000818 (0xfecd)
core   0: 0x800007d2 (0x00008dd1) c.or    a1, a2
core   0: 3 0x800007d2 (0x8dd1) x11 0xfffffffc
core   0: 0x800007d4 (0x02a6e3b3) rem     t2, a3, a0
core   0: 3 0x800007d4 (0x02a6e3b3) x7  0xfffffffc
core   0: 0x800007d8 (0x41b103b3) sub     t2, sp, s11
core   0: 3 0x800007d8 (0x41b103b3) x7  0x00000014
core   0: 0x800007dc (0x0000938a) c.add   t2, sp
core   0: 3 0x800007dc (0x938a) x7  0x00000014
core   0: 0x800007de (0x008d9c93) slli    s9, s11, 8
core   0: 3 0x800007de (0x008d9c93) x25 0xffffec00
core   0: 0x800007e2 (0x00000685) c.addi  a3, 1
core   0: 3 0x800007e2 (0x0685) x13 0xfffffffd
core   0: 0x800007e4 (0x41f8de93) srai    t4, a7, 31
core   0: 3 0x800007e4 (0x41f8de93) x29 0x00000000
core   0: 0x800007e8 (0x00004521) c.li    a0, 8
core   0: 3 0x800007e8 (0x4521) x10 0x00000008
core   0: 0x800007ea (0x01f95793) srli    a5, s2, 31
core   0: 3 0x800007ea (0x01f95793) x15 0x00000001
core   0: 0x800007ee (0x00004491) c.li    s1, 4
core   0: 3 0x800007ee (0x4491) x9  0x00000004
core   0: 0x800007f0 (0x039c8cb3) mul     s9, s9, s9
core   0: 3 0x800007f0 (0x039c8cb3) x25 0x01900000
core   0: 0x800007f4 (0x0050ac33) slt     s8, ra, t0
core   0: 3 0x800007f4 (0x0050ac33) x24 0x00000001
core   0: 0x800007f8 (0xa60f6c93) ori     s9, t5, -1440
core   0: 3 0x800007f8 (0xa60f6c93) x25 0xfffffff8
core   0: 0x800007fc (0x00008f8a) c.mv    t6, sp
core   0: 3 0x800007fc (0x8f8a) x31 0x00000000
core   0: 0x800007fe (0x0000717d) c.addi16sp sp, -16
core   0: 3 0x800007fe (0x717d) x2  0xfffffff0
core   0: 0x80000800 (0x014de733) or      a4, s11, s4
core   0: 3 0x80000800 (0x014de733) x14 0xffffffed
core   0: 0x80000804 (0x00008fc9) c.or    a5, a0
core   0: 3 0x80000804 (0x8fc9) x15 0x00000009
core   0: 0x80000806 (0x01cc2133) slt     sp, s8, t3
core   0: 3 0x80000806 (0x01cc2133) x2  0x00000000
core   0: 0x8000080a (0x00001571) c.addi  a0, -4
core   0: 3 0x8000080a (0x1571) x10 0x00000004
core   0: 0x8000080c (0xfe9556e3) bge     a0, s1, pc - 20
core   0: 3 0x8000080c (0xfe9556e3)
core   0: 0x800007f8 (0xa60f6c93) ori     s9, t5, -1440
core   0: 3 0x800007f8 (0xa60f6c93) x25 0xfffffff8
core   0: 0x800007fc (0x00008f8a) c.mv    t6, sp
core   0: 3 0x800007fc (0x8f8a) x31 0x00000000
core   0: 0x800007fe (0x0000717d) c.addi16sp sp, -16
core   0: 3 0x800007fe (0x717d) x2  0xfffffff0
core   0: 0x80000800 (0x014de733) or      a4, s11, s4
core   0: 3 0x80000800 (0x014de733) x14 0xffffffed
core   0: 0x80000804 (0x00008fc9) c.or    a5, a0
core   0: 3 0x80000804 (0x8fc9) x15 0x0000000d
core   0: 0x80000806 (0x01cc2133) slt     sp, s8, t3
core   0: 3 0x80000806 (0x01cc2133) x2  0x00000000
core   0: 0x8000080a (0x00001571) c.addi  a0, -4
core   0: 3 0x8000080a (0x1571) x10 0x00000000
core   0: 0x8000080c (0xfe9556e3) bge     a0, s1, pc - 20
core   0: 3 0x8000080c (0xfe9556e3)
core   0: 0x80000810 (0x022ef133) remu    sp, t4, sp
core   0: 3 0x80000810 (0x022ef133) x2  0x00000000
core   0: 0x80000814 (0x00008de5) c.and   a1, s1
core   0: 3 0x80000814 (0x8de5) x11 0x00000004
core   0: 0x80000816 (0x00008db1) c.xor   a1, a2
core   0: 3 0x80000816 (0x8db1) x11 0xfffffff8
core   0: 0x80000818 (0x0000fecd) c.bnez  a3, pc - 70
core   0: 3 0x80000818 (0xfecd)
core   0: 0x800007d2 (0x00008dd1) c.or    a1, a2
core   0: 3 0x800007d2 (0x8dd1) x11 0xfffffffc
core   0: 0x800007d4 (0x02a6e3b3) rem     t2, a3, a0
core   0: 3 0x800007d4 (0x02a6e3b3) x7  0xfffffffd
core   0: 0x800007d8 (0x41b103b3) sub     t2, sp, s11
core   0: 3 0x800007d8 (0x41b103b3) x7  0x00000014
core   0: 0x800007dc (0x0000938a) c.add   t2, sp
core   0: 3 0x800007dc (0x938a) x7  0x00000014
core   0: 0x800007de (0x008d9c93) slli    s9, s11, 8
core   0: 3 0x800007de (0x008d9c93) x25 0xffffec00
core   0: 0x800007e2 (0x00000685) c.addi  a3, 1
core   0: 3 0x800007e2 (0x0685) x13 0xfffffffe
core   0: 0x800007e4 (0x41f8de93) srai    t4, a7, 31
core   0: 3 0x800007e4 (0x41f8de93) x29 0x00000000
core   0: 0x800007e8 (0x00004521) c.li    a0, 8
core   0: 3 0x800007e8 (0x4521) x10 0x00000008
core   0: 0x800007ea (0x01f95793) srli    a5, s2, 31
core   0: 3 0x800007ea (0x01f95793) x15 0x00000001
core   0: 0x800007ee (0x00004491) c.li    s1, 4
core   0: 3 0x800007ee (0x4491) x9  0x00000004
core   0: 0x800007f0 (0x039c8cb3) mul     s9, s9, s9
core   0: 3 0x800007f0 (0x039c8cb3) x25 0x01900000
core   0: 0x800007f4 (0x0050ac33) slt     s8, ra, t0
core   0: 3 0x800007f4 (0x0050ac33) x24 0x00000001
core   0: 0x800007f8 (0xa60f6c93) ori     s9, t5, -1440
core   0: 3 0x800007f8 (0xa60f6c93) x25 0xfffffff8
core   0: 0x800007fc (0x00008f8a) c.mv    t6, sp
core   0: 3 0x800007fc (0x8f8a) x31 0x00000000
core   0: 0x800007fe (0x0000717d) c.addi16sp sp, -16
core   0: 3 0x800007fe (0x717d) x2  0xfffffff0
core   0: 0x80000800 (0x014de733) or      a4, s11, s4
core   0: 3 0x80000800 (0x014de733) x14 0xffffffed
core   0: 0x80000804 (0x00008fc9) c.or    a5, a0
core   0: 3 0x80000804 (0x8fc9) x15 0x00000009
core   0: 0x80000806 (0x01cc2133) slt     sp, s8, t3
core   0: 3 0x80000806 (0x01cc2133) x2  0x00000000
core   0: 0x8000080a (0x00001571) c.addi  a0, -4
core   0: 3 0x8000080a (0x1571) x10 0x00000004
core   0: 0x8000080c (0xfe9556e3) bge     a0, s1, pc - 20
core   0: 3 0x8000080c (0xfe9556e3)
core   0: 0x800007f8 (0xa60f6c93) ori     s9, t5, -1440
core   0: 3 0x800007f8 (0xa60f6c93) x25 0xfffffff8
core   0: 0x800007fc (0x00008f8a) c.mv    t6, sp
core   0: 3 0x800007fc (0x8f8a) x31 0x00000000
core   0: 0x800007fe (0x0000717d) c.addi16sp sp, -16
core   0: 3 0x800007fe (0x717d) x2  0xfffffff0
core   0: 0x80000800 (0x014de733) or      a4, s11, s4
core   0: 3 0x80000800 (0x014de733) x14 0xffffffed
core   0: 0x80000804 (0x00008fc9) c.or    a5, a0
core   0: 3 0x80000804 (0x8fc9) x15 0x0000000d
core   0: 0x80000806 (0x01cc2133) slt     sp, s8, t3
core   0: 3 0x80000806 (0x01cc2133) x2  0x00000000
core   0: 0x8000080a (0x00001571) c.addi  a0, -4
core   0: 3 0x8000080a (0x1571) x10 0x00000000
core   0: 0x8000080c (0xfe9556e3) bge     a0, s1, pc - 20
core   0: 3 0x8000080c (0xfe9556e3)
core   0: 0x80000810 (0x022ef133) remu    sp, t4, sp
core   0: 3 0x80000810 (0x022ef133) x2  0x00000000
core   0: 0x80000814 (0x00008de5) c.and   a1, s1
core   0: 3 0x80000814 (0x8de5) x11 0x00000004
core   0: 0x80000816 (0x00008db1) c.xor   a1, a2
core   0: 3 0x80000816 (0x8db1) x11 0xfffffff8
core   0: 0x80000818 (0x0000fecd) c.bnez  a3, pc - 70
core   0: 3 0x80000818 (0xfecd)
core   0: 0x800007d2 (0x00008dd1) c.or    a1, a2
core   0: 3 0x800007d2 (0x8dd1) x11 0xfffffffc
core   0: 0x800007d4 (0x02a6e3b3) rem     t2, a3, a0
core   0: 3 0x800007d4 (0x02a6e3b3) x7  0xfffffffe
core   0: 0x800007d8 (0x41b103b3) sub     t2, sp, s11
core   0: 3 0x800007d8 (0x41b103b3) x7  0x00000014
core   0: 0x800007dc (0x0000938a) c.add   t2, sp
core   0: 3 0x800007dc (0x938a) x7  0x00000014
core   0: 0x800007de (0x008d9c93) slli    s9, s11, 8
core   0: 3 0x800007de (0x008d9c93) x25 0xffffec00
core   0: 0x800007e2 (0x00000685) c.addi  a3, 1
core   0: 3 0x800007e2 (0x0685) x13 0xffffffff
core   0: 0x800007e4 (0x41f8de93) srai    t4, a7, 31
core   0: 3 0x800007e4 (0x41f8de93) x29 0x00000000
core   0: 0x800007e8 (0x00004521) c.li    a0, 8
core   0: 3 0x800007e8 (0x4521) x10 0x00000008
core   0: 0x800007ea (0x01f95793) srli    a5, s2, 31
core   0: 3 0x800007ea (0x01f95793) x15 0x00000001
core   0: 0x800007ee (0x00004491) c.li    s1, 4
core   0: 3 0x800007ee (0x4491) x9  0x00000004
core   0: 0x800007f0 (0x039c8cb3) mul     s9, s9, s9
core   0: 3 0x800007f0 (0x039c8cb3) x25 0x01900000
core   0: 0x800007f4 (0x0050ac33) slt     s8, ra, t0
core   0: 3 0x800007f4 (0x0050ac33) x24 0x00000001
core   0: 0x800007f8 (0xa60f6c93) ori     s9, t5, -1440
core   0: 3 0x800007f8 (0xa60f6c93) x25 0xfffffff8
core   0: 0x800007fc (0x00008f8a) c.mv    t6, sp
core   0: 3 0x800007fc (0x8f8a) x31 0x00000000
core   0: 0x800007fe (0x0000717d) c.addi16sp sp, -16
core   0: 3 0x800007fe (0x717d) x2  0xfffffff0
core   0: 0x80000800 (0x014de733) or      a4, s11, s4
core   0: 3 0x80000800 (0x014de733) x14 0xffffffed
core   0: 0x80000804 (0x00008fc9) c.or    a5, a0
core   0: 3 0x80000804 (0x8fc9) x15 0x00000009
core   0: 0x80000806 (0x01cc2133) slt     sp, s8, t3
core   0: 3 0x80000806 (0x01cc2133) x2  0x00000000
core   0: 0x8000080a (0x00001571) c.addi  a0, -4
core   0: 3 0x8000080a (0x1571) x10 0x00000004
core   0: 0x8000080c (0xfe9556e3) bge     a0, s1, pc - 20
core   0: 3 0x8000080c (0xfe9556e3)
core   0: 0x800007f8 (0xa60f6c93) ori     s9, t5, -1440
core   0: 3 0x800007f8 (0xa60f6c93) x25 0xfffffff8
core   0: 0x800007fc (0x00008f8a) c.mv    t6, sp
core   0: 3 0x800007fc (0x8f8a) x31 0x00000000
core   0: 0x800007fe (0x0000717d) c.addi16sp sp, -16
core   0: 3 0x800007fe (0x717d) x2  0xfffffff0
core   0: 0x80000800 (0x014de733) or      a4, s11, s4
core   0: 3 0x80000800 (0x014de733) x14 0xffffffed
core   0: 0x80000804 (0x00008fc9) c.or    a5, a0
core   0: 3 0x80000804 (0x8fc9) x15 0x0000000d
core   0: 0x80000806 (0x01cc2133) slt     sp, s8, t3
core   0: 3 0x80000806 (0x01cc2133) x2  0x00000000
core   0: 0x8000080a (0x00001571) c.addi  a0, -4
core   0: 3 0x8000080a (0x1571) x10 0x00000000
core   0: 0x8000080c (0xfe9556e3) bge     a0, s1, pc - 20
core   0: 3 0x8000080c (0xfe9556e3)
core   0: 0x80000810 (0x022ef133) remu    sp, t4, sp
core   0: 3 0x80000810 (0x022ef133) x2  0x00000000
core   0: 0x80000814 (0x00008de5) c.and   a1, s1
core   0: 3 0x80000814 (0x8de5) x11 0x00000004
core   0: 0x80000816 (0x00008db1) c.xor   a1, a2
core   0: 3 0x80000816 (0x8db1) x11 0xfffffff8
core   0: 0x80000818 (0x0000fecd) c.bnez  a3, pc - 70
core   0: 3 0x80000818 (0xfecd)
core   0: 0x800007d2 (0x00008dd1) c.or    a1, a2
core   0: 3 0x800007d2 (0x8dd1) x11 0xfffffffc
core   0: 0x800007d4 (0x02a6e3b3) rem     t2, a3, a0
core   0: 3 0x800007d4 (0x02a6e3b3) x7  0xffffffff
core   0: 0x800007d8 (0x41b103b3) sub     t2, sp, s11
core   0: 3 0x800007d8 (0x41b103b3) x7  0x00000014
core   0: 0x800007dc (0x0000938a) c.add   t2, sp
core   0: 3 0x800007dc (0x938a) x7  0x00000014
core   0: 0x800007de (0x008d9c93) slli    s9, s11, 8
core   0: 3 0x800007de (0x008d9c93) x25 0xffffec00
core   0: 0x800007e2 (0x00000685) c.addi  a3, 1
core   0: 3 0x800007e2 (0x0685) x13 0x00000000
core   0: 0x800007e4 (0x41f8de93) srai    t4, a7, 31
core   0: 3 0x800007e4 (0x41f8de93) x29 0x00000000
core   0: 0x800007e8 (0x00004521) c.li    a0, 8
core   0: 3 0x800007e8 (0x4521) x10 0x00000008
core   0: 0x800007ea (0x01f95793) srli    a5, s2, 31
core   0: 3 0x800007ea (0x01f95793) x15 0x00000001
core   0: 0x800007ee (0x00004491) c.li    s1, 4
core   0: 3 0x800007ee (0x4491) x9  0x00000004
core   0: 0x800007f0 (0x039c8cb3) mul     s9, s9, s9
core   0: 3 0x800007f0 (0x039c8cb3) x25 0x01900000
core   0: 0x800007f4 (0x0050ac33) slt     s8, ra, t0
core   0: 3 0x800007f4 (0x0050ac33) x24 0x00000001
core   0: 0x800007f8 (0xa60f6c93) ori     s9, t5, -1440
core   0: 3 0x800007f8 (0xa60f6c93) x25 0xfffffff8
core   0: 0x800007fc (0x00008f8a) c.mv    t6, sp
core   0: 3 0x800007fc (0x8f8a) x31 0x00000000
core   0: 0x800007fe (0x0000717d) c.addi16sp sp, -16
core   0: 3 0x800007fe (0x717d) x2  0xfffffff0
core   0: 0x80000800 (0x014de733) or      a4, s11, s4
core   0: 3 0x80000800 (0x014de733) x14 0xffffffed
core   0: 0x80000804 (0x00008fc9) c.or    a5, a0
core   0: 3 0x80000804 (0x8fc9) x15 0x00000009
core   0: 0x80000806 (0x01cc2133) slt     sp, s8, t3
core   0: 3 0x80000806 (0x01cc2133) x2  0x00000000
core   0: 0x8000080a (0x00001571) c.addi  a0, -4
core   0: 3 0x8000080a (0x1571) x10 0x00000004
core   0: 0x8000080c (0xfe9556e3) bge     a0, s1, pc - 20
core   0: 3 0x8000080c (0xfe9556e3)
core   0: 0x800007f8 (0xa60f6c93) ori     s9, t5, -1440
core   0: 3 0x800007f8 (0xa60f6c93) x25 0xfffffff8
core   0: 0x800007fc (0x00008f8a) c.mv    t6, sp
core   0: 3 0x800007fc (0x8f8a) x31 0x00000000
core   0: 0x800007fe (0x0000717d) c.addi16sp sp, -16
core   0: 3 0x800007fe (0x717d) x2  0xfffffff0
core   0: 0x80000800 (0x014de733) or      a4, s11, s4
core   0: 3 0x80000800 (0x014de733) x14 0xffffffed
core   0: 0x80000804 (0x00008fc9) c.or    a5, a0
core   0: 3 0x80000804 (0x8fc9) x15 0x0000000d
core   0: 0x80000806 (0x01cc2133) slt     sp, s8, t3
core   0: 3 0x80000806 (0x01cc2133) x2  0x00000000
core   0: 0x8000080a (0x00001571) c.addi  a0, -4
core   0: 3 0x8000080a (0x1571) x10 0x00000000
core   0: 0x8000080c (0xfe9556e3) bge     a0, s1, pc - 20
core   0: 3 0x8000080c (0xfe9556e3)
core   0: 0x80000810 (0x022ef133) remu    sp, t4, sp
core   0: 3 0x80000810 (0x022ef133) x2  0x00000000
core   0: 0x80000814 (0x00008de5) c.and   a1, s1
core   0: 3 0x80000814 (0x8de5) x11 0x00000004
core   0: 0x80000816 (0x00008db1) c.xor   a1, a2
core   0: 3 0x80000816 (0x8db1) x11 0xfffffff8
core   0: 0x80000818 (0x0000fecd) c.bnez  a3, pc - 70
core   0: 3 0x80000818 (0xfecd)
core   0: 0x8000081a (0xd93dc897) auipc   a7, 0xd93dc
core   0: 3 0x8000081a (0xd93dc897) x17 0x593dc81a
core   0: 0x8000081e (0x00004625) c.li    a2, 9
core   0: 3 0x8000081e (0x4625) x12 0x00000009
core   0: 0x80000820 (0x00004fa5) c.li    t6, 9
core   0: 3 0x80000820 (0x4fa5) x31 0x00000009
core   0: 0x80000822 (0x00386bb3) or      s7, a6, gp
core   0: 3 0x80000822 (0x00386bb3) x23 0xfffffffe
core   0: 0x80000826 (0x00001671) c.addi  a2, -4
core   0: 3 0x80000826 (0x1671) x12 0x00000005
core   0: 0x80000828 (0x01eabf33) sltu    t5, s5, t5
core   0: 3 0x80000828 (0x01eabf33) x30 0x00000001
core   0: 0x8000082c (0x000056f1) c.li    a3, -4
core   0: 3 0x8000082c (0x56f1) x13 0xfffffffc
core   0: 0x8000082e (0x00004d31) c.li    s10, 12
core   0: 3 0x8000082e (0x4d31) x26 0x0000000c
core   0: 0x80000830 (0x0000073d) c.addi  a4, 15
core   0: 3 0x80000830 (0x073d) x14 0xfffffffc
core   0: 0x80000832 (0xe0814893) xori    a7, sp, -504
core   0: 3 0x80000832 (0xe0814893) x17 0xfffffe08
core   0: 0x80000836 (0x010204b3) add     s1, tp, a6
core   0: 3 0x80000836 (0x010204b3) x9  0x80000001
core   0: 0x8000083a (0x00000695) c.addi  a3, 5
core   0: 3 0x8000083a (0x0695) x13 0x00000001
core   0: 0x8000083c (0x008adbb3) srl     s7, s5, s0
core   0: 3 0x8000083c (0x008adbb3) x23 0x080025e6
core   0: 0x80000840 (0xffa6cbe3) blt     a3, s10, pc - 10
core   0: 3 0x80000840 (0xffa6cbe3)
core   0: 0x80000836 (0x010204b3) add     s1, tp, a6
core   0: 3 0x80000836 (0x010204b3) x9  0x80000001
core   0: 0x8000083a (0x00000695) c.addi  a3, 5
core   0: 3 0x8000083a (0x0695) x13 0x00000006
core   0: 0x8000083c (0x008adbb3) srl     s7, s5, s0
core   0: 3 0x8000083c (0x008adbb3) x23 0x080025e6
core   0: 0x80000840 (0xffa6cbe3) blt     a3, s10, pc - 10
core   0: 3 0x80000840 (0xffa6cbe3)
core   0: 0x80000836 (0x010204b3) add     s1, tp, a6
core   0: 3 0x80000836 (0x010204b3) x9  0x80000001
core   0: 0x8000083a (0x00000695) c.addi  a3, 5
core   0: 3 0x8000083a (0x0695) x13 0x0000000b
core   0: 0x8000083c (0x008adbb3) srl     s7, s5, s0
core   0: 3 0x8000083c (0x008adbb3) x23 0x080025e6
core   0: 0x80000840 (0xffa6cbe3) blt     a3, s10, pc - 10
core   0: 3 0x80000840 (0xffa6cbe3)
core   0: 0x80000836 (0x010204b3) add     s1, tp, a6
core   0: 3 0x80000836 (0x010204b3) x9  0x80000001
core   0: 0x8000083a (0x00000695) c.addi  a3, 5
core   0: 3 0x8000083a (0x0695) x13 0x00000010
core   0: 0x8000083c (0x008adbb3) srl     s7, s5, s0
core   0: 3 0x8000083c (0x008adbb3) x23 0x080025e6
core   0: 0x80000840 (0xffa6cbe3) blt     a3, s10, pc - 10
core   0: 3 0x80000840 (0xffa6cbe3)
core   0: 0x80000844 (0xfdf67fe3) bgeu    a2, t6, pc - 34
core   0: 3 0x80000844 (0xfdf67fe3)
core   0: 0x80000848 (0x00008f69) c.and   a4, a0
core   0: 3 0x80000848 (0x8f69) x14 0x00000000
core   0: 0x8000084a (0x000056ed) c.li    a3, -5
core   0: 3 0x8000084a (0x56ed) x13 0xfffffffb
core   0: 0x8000084c (0x028ee8b3) rem     a7, t4, s0
core   0: 3 0x8000084c (0x028ee8b3) x17 0x00000000
core   0: 0x80000850 (0x00004b05) c.li    s6, 1
core   0: 3 0x80000850 (0x4b05) x22 0x00000001
core   0: 0x80000852 (0xc758a793) slti    a5, a7, -907
core   0: 3 0x80000852 (0xc758a793) x15 0x00000000
core   0: 0x80000856 (0x01f037b3) snez    a5, t6
core   0: 3 0x80000856 (0x01f037b3) x15 0x00000001
core   0: 0x8000085a (0x024be9b3) rem     s3, s7, tp
core   0: 3 0x8000085a (0x024be9b3) x19 0x00000000
core   0: 0x8000085e (0x0367fcb3) remu    s9, a5, s6
core   0: 3 0x8000085e (0x0367fcb3) x25 0x00000000
core   0: 0x80000862 (0x00000689) c.addi  a3, 2
core   0: 3 0x80000862 (0x0689) x13 0xfffffffd
core   0: 0x80000864 (0x01955a13) srli    s4, a0, 25
core   0: 3 0x80000864 (0x01955a13) x20 0x00000000
core   0: 0x80000868 (0x00e98bb3) add     s7, s3, a4
core   0: 3 0x80000868 (0x00e98bb3) x23 0x00000000
core   0: 0x8000086c (0x000099fd) c.andi  a1, -1
core   0: 3 0x8000086c (0x99fd) x11 0xfffffff8
core   0: 0x8000086e (0x41815cb3) sra     s9, sp, s8
core   0: 3 0x8000086e (0x41815cb3) x25 0x00000000
core   0: 0x80000872 (0x0113e133) or      sp, t2, a7
core   0: 3 0x80000872 (0x0113e133) x2  0x00000014
core   0: 0x80000876 (0x00008e55) c.or    a2, a3
core   0: 3 0x80000876 (0x8e55) x12 0xfffffffd
core   0: 0x80000878 (0xff66e1e3) bltu    a3, s6, pc - 30
core   0: 3 0x80000878 (0xff66e1e3)
core   0: 0x8000087c (0x1a6d7c13) andi    s8, s10, 422
core   0: 3 0x8000087c (0x1a6d7c13) x24 0x00000004
core   0: 0x80000880 (0x00005669) c.li    a2, -6
core   0: 3 0x80000880 (0x5669) x12 0xfffffffa
core   0: 0x80000882 (0x035911b3) mulh    gp, s2, s5
core   0: 3 0x80000882 (0x035911b3) x3  0x00000004
core   0: 0x80000886 (0x000086cd) c.srai  a3, 19
core   0: 3 0x80000886 (0x86cd) x13 0xffffffff
core   0: 0x80000888 (0x00004f85) c.li    t6, 1
core   0: 3 0x80000888 (0x4f85) x31 0x00000001
core   0: 0x8000088a (0x01659793) slli    a5, a1, 22
core   0: 3 0x8000088a (0x01659793) x15 0xfe000000
core   0: 0x8000088e (0x03fb35b3) mulhu   a1, s6, t6
core   0: 3 0x8000088e (0x03fb35b3) x11 0x00000000
core   0: 0x80000892 (0x6c6cbf17) auipc   t5, 0x6c6cb
core   0: 3 0x80000892 (0x6c6cbf17) x30 0xec6cb892
core   0: 0x80000896 (0x00000605) c.addi  a2, 1
core   0: 3 0x80000896 (0x0605) x12 0xfffffffb
core   0: 0x80000898 (0x01e895b3) sll     a1, a7, t5
core   0: 3 0x80000898 (0x01e895b3) x11 0x00000000
core   0: 0x8000089c (0x03ec76b3) remu    a3, s8, t5
core   0: 3 0x8000089c (0x03ec76b3) x13 0x00000004
core   0: 0x800008a0 (0x00004501) c.li    a0, 0
core   0: 3 0x800008a0 (0x4501) x10 0x00000000
core   0: 0x800008a2 (0x02c95b33) divu    s6, s2, a2
core   0: 3 0x800008a2 (0x02c95b33) x22 0x00000000
core   0: 0x800008a6 (0x58579f17) auipc   t5, 0x58579
core   0: 3 0x800008a6 (0x58579f17) x30 0xd85798a6
core   0: 0x800008aa (0x0000448d) c.li    s1, 3
core   0: 3 0x800008aa (0x448d) x9  0x00000003
core   0: 0x800008ac (0x00146cb3) or      s9, s0, ra
core   0: 3 0x800008ac (0x00146cb3) x25 0xfffffee5
core   0: 0x800008b0 (0x01338bb3) add     s7, t2, s3
core   0: 3 0x800008b0 (0x01338bb3) x23 0x00000014
core   0: 0x800008b4 (0x0043b0b3) sltu    ra, t2, tp
core   0: 3 0x800008b4 (0x0043b0b3) x1  0x00000000
core   0: 0x800008b8 (0x02397733) remu    a4, s2, gp
core   0: 3 0x800008b8 (0x02397733) x14 0x00000003
core   0: 0x800008bc (0x00ea4c33) xor     s8, s4, a4
core   0: 3 0x800008bc (0x00ea4c33) x24 0x00000003
core   0: 0x800008c0 (0x00000505) c.addi  a0, 1
core   0: 3 0x800008c0 (0x0505) x10 0x00000001
core   0: 0x800008c2 (0x00008eb5) c.xor   a3, a3
core   0: 3 0x800008c2 (0x8eb5) x13 0x00000000
core   0: 0x800008c4 (0x55a3f893) andi    a7, t2, 1370
core   0: 3 0x800008c4 (0x55a3f893) x17 0x00000010
core   0: 0x800008c8 (0x01469033) sll     zero, a3, s4
core   0: 3 0x800008c8 (0x01469033)
core   0: 0x800008cc (0x402fdc13) srai    s8, t6, 2
core   0: 3 0x800008cc (0x402fdc13) x24 0x00000000
core   0: 0x800008d0 (0xab3e6f13) ori     t5, t3, -1357
core   0: 3 0x800008d0 (0xab3e6f13) x30 0xfffffab3
core   0: 0x800008d4 (0x3a25e593) ori     a1, a1, 930
core   0: 3 0x800008d4 (0x3a25e593) x11 0x000003a2
core   0: 0x800008d8 (0xfe9560e3) bltu    a0, s1, pc - 32
core   0: 3 0x800008d8 (0xfe9560e3)
core   0: 0x800008b8 (0x02397733) remu    a4, s2, gp
core   0: 3 0x800008b8 (0x02397733) x14 0x00000003
core   0: 0x800008bc (0x00ea4c33) xor     s8, s4, a4
core   0: 3 0x800008bc (0x00ea4c33) x24 0x00000003
core   0: 0x800008c0 (0x00000505) c.addi  a0, 1
core   0: 3 0x800008c0 (0x0505) x10 0x00000002
core   0: 0x800008c2 (0x00008eb5) c.xor   a3, a3
core   0: 3 0x800008c2 (0x8eb5) x13 0x00000000
core   0: 0x800008c4 (0x55a3f893) andi    a7, t2, 1370
core   0: 3 0x800008c4 (0x55a3f893) x17 0x00000010
core   0: 0x800008c8 (0x01469033) sll     zero, a3, s4
core   0: 3 0x800008c8 (0x01469033)
core   0: 0x800008cc (0x402fdc13) srai    s8, t6, 2
core   0: 3 0x800008cc (0x402fdc13) x24 0x00000000
core   0: 0x800008d0 (0xab3e6f13) ori     t5, t3, -1357
core   0: 3 0x800008d0 (0xab3e6f13) x30 0xfffffab3
core   0: 0x800008d4 (0x3a25e593) ori     a1, a1, 930
core   0: 3 0x800008d4 (0x3a25e593) x11 0x000003a2
core   0: 0x800008d8 (0xfe9560e3) bltu    a0, s1, pc - 32
core   0: 3 0x800008d8 (0xfe9560e3)
core   0: 0x800008b8 (0x02397733) remu    a4, s2, gp
core   0: 3 0x800008b8 (0x02397733) x14 0x00000003
core   0: 0x800008bc (0x00ea4c33) xor     s8, s4, a4
core   0: 3 0x800008bc (0x00ea4c33) x24 0x00000003
core   0: 0x800008c0 (0x00000505) c.addi  a0, 1
core   0: 3 0x800008c0 (0x0505) x10 0x00000003
core   0: 0x800008c2 (0x00008eb5) c.xor   a3, a3
core   0: 3 0x800008c2 (0x8eb5) x13 0x00000000
core   0: 0x800008c4 (0x55a3f893) andi    a7, t2, 1370
core   0: 3 0x800008c4 (0x55a3f893) x17 0x00000010
core   0: 0x800008c8 (0x01469033) sll     zero, a3, s4
core   0: 3 0x800008c8 (0x01469033)
core   0: 0x800008cc (0x402fdc13) srai    s8, t6, 2
core   0: 3 0x800008cc (0x402fdc13) x24 0x00000000
core   0: 0x800008d0 (0xab3e6f13) ori     t5, t3, -1357
core   0: 3 0x800008d0 (0xab3e6f13) x30 0xfffffab3
core   0: 0x800008d4 (0x3a25e593) ori     a1, a1, 930
core   0: 3 0x800008d4 (0x3a25e593) x11 0x000003a2
core   0: 0x800008d8 (0xfe9560e3) bltu    a0, s1, pc - 32
core   0: 3 0x800008d8 (0xfe9560e3)
core   0: 0x800008dc (0xc09f7e93) andi    t4, t5, -1015
core   0: 3 0x800008dc (0xc09f7e93) x29 0xfffff801
core   0: 0x800008e0 (0x00006c5d) c.lui   s8, 0x17
core   0: 3 0x800008e0 (0x6c5d) x24 0x00017000
core   0: 0x800008e2 (0x00009cda) c.add   s9, s6
core   0: 3 0x800008e2 (0x9cda) x25 0xfffffee5
core   0: 0x800008e4 (0xfbf615e3) bne     a2, t6, pc - 86
core   0: 3 0x800008e4 (0xfbf615e3)
core   0: 0x8000088e (0x03fb35b3) mulhu   a1, s6, t6
core   0: 3 0x8000088e (0x03fb35b3) x11 0x00000000
core   0: 0x80000892 (0x6c6cbf17) auipc   t5, 0x6c6cb
core   0: 3 0x80000892 (0x6c6cbf17) x30 0xec6cb892
core   0: 0x80000896 (0x00000605) c.addi  a2, 1
core   0: 3 0x80000896 (0x0605) x12 0xfffffffc
core   0: 0x80000898 (0x01e895b3) sll     a1, a7, t5
core   0: 3 0x80000898 (0x01e895b3) x11 0x00400000
core   0: 0x8000089c (0x03ec76b3) remu    a3, s8, t5
core   0: 3 0x8000089c (0x03ec76b3) x13 0x00017000
core   0: 0x800008a0 (0x00004501) c.li    a0, 0
core   0: 3 0x800008a0 (0x4501) x10 0x00000000
core   0: 0x800008a2 (0x02c95b33) divu    s6, s2, a2
core   0: 3 0x800008a2 (0x02c95b33) x22 0x00000000
core   0: 0x800008a6 (0x58579f17) auipc   t5, 0x58579
core   0: 3 0x800008a6 (0x58579f17) x30 0xd85798a6
core   0: 0x800008aa (0x0000448d) c.li    s1, 3
core   0: 3 0x800008aa (0x448d) x9  0x00000003
core   0: 0x800008ac (0x00146cb3) or      s9, s0, ra
core   0: 3 0x800008ac (0x00146cb3) x25 0x80029ce4
core   0: 0x800008b0 (0x01338bb3) add     s7, t2, s3
core   0: 3 0x800008b0 (0x01338bb3) x23 0x00000014
core   0: 0x800008b4 (0x0043b0b3) sltu    ra, t2, tp
core   0: 3 0x800008b4 (0x0043b0b3) x1  0x00000000
core   0: 0x800008b8 (0x02397733) remu    a4, s2, gp
core   0: 3 0x800008b8 (0x02397733) x14 0x00000003
core   0: 0x800008bc (0x00ea4c33) xor     s8, s4, a4
core   0: 3 0x800008bc (0x00ea4c33) x24 0x00000003
core   0: 0x800008c0 (0x00000505) c.addi  a0, 1
core   0: 3 0x800008c0 (0x0505) x10 0x00000001
core   0: 0x800008c2 (0x00008eb5) c.xor   a3, a3
core   0: 3 0x800008c2 (0x8eb5) x13 0x00000000
core   0: 0x800008c4 (0x55a3f893) andi    a7, t2, 1370
core   0: 3 0x800008c4 (0x55a3f893) x17 0x00000010
core   0: 0x800008c8 (0x01469033) sll     zero, a3, s4
core   0: 3 0x800008c8 (0x01469033)
core   0: 0x800008cc (0x402fdc13) srai    s8, t6, 2
core   0: 3 0x800008cc (0x402fdc13) x24 0x00000000
core   0: 0x800008d0 (0xab3e6f13) ori     t5, t3, -1357
core   0: 3 0x800008d0 (0xab3e6f13) x30 0xfffffab3
core   0: 0x800008d4 (0x3a25e593) ori     a1, a1, 930
core   0: 3 0x800008d4 (0x3a25e593) x11 0x004003a2
core   0: 0x800008d8 (0xfe9560e3) bltu    a0, s1, pc - 32
core   0: 3 0x800008d8 (0xfe9560e3)
core   0: 0x800008b8 (0x02397733) remu    a4, s2, gp
core   0: 3 0x800008b8 (0x02397733) x14 0x00000003
core   0: 0x800008bc (0x00ea4c33) xor     s8, s4, a4
core   0: 3 0x800008bc (0x00ea4c33) x24 0x00000003
core   0: 0x800008c0 (0x00000505) c.addi  a0, 1
core   0: 3 0x800008c0 (0x0505) x10 0x00000002
core   0: 0x800008c2 (0x00008eb5) c.xor   a3, a3
core   0: 3 0x800008c2 (0x8eb5) x13 0x00000000
core   0: 0x800008c4 (0x55a3f893) andi    a7, t2, 1370
core   0: 3 0x800008c4 (0x55a3f893) x17 0x00000010
core   0: 0x800008c8 (0x01469033) sll     zero, a3, s4
core   0: 3 0x800008c8 (0x01469033)
core   0: 0x800008cc (0x402fdc13) srai    s8, t6, 2
core   0: 3 0x800008cc (0x402fdc13) x24 0x00000000
core   0: 0x800008d0 (0xab3e6f13) ori     t5, t3, -1357
core   0: 3 0x800008d0 (0xab3e6f13) x30 0xfffffab3
core   0: 0x800008d4 (0x3a25e593) ori     a1, a1, 930
core   0: 3 0x800008d4 (0x3a25e593) x11 0x004003a2
core   0: 0x800008d8 (0xfe9560e3) bltu    a0, s1, pc - 32
core   0: 3 0x800008d8 (0xfe9560e3)
core   0: 0x800008b8 (0x02397733) remu    a4, s2, gp
core   0: 3 0x800008b8 (0x02397733) x14 0x00000003
core   0: 0x800008bc (0x00ea4c33) xor     s8, s4, a4
core   0: 3 0x800008bc (0x00ea4c33) x24 0x00000003
core   0: 0x800008c0 (0x00000505) c.addi  a0, 1
core   0: 3 0x800008c0 (0x0505) x10 0x00000003
core   0: 0x800008c2 (0x00008eb5) c.xor   a3, a3
core   0: 3 0x800008c2 (0x8eb5) x13 0x00000000
core   0: 0x800008c4 (0x55a3f893) andi    a7, t2, 1370
core   0: 3 0x800008c4 (0x55a3f893) x17 0x00000010
core   0: 0x800008c8 (0x01469033) sll     zero, a3, s4
core   0: 3 0x800008c8 (0x01469033)
core   0: 0x800008cc (0x402fdc13) srai    s8, t6, 2
core   0: 3 0x800008cc (0x402fdc13) x24 0x00000000
core   0: 0x800008d0 (0xab3e6f13) ori     t5, t3, -1357
core   0: 3 0x800008d0 (0xab3e6f13) x30 0xfffffab3
core   0: 0x800008d4 (0x3a25e593) ori     a1, a1, 930
core   0: 3 0x800008d4 (0x3a25e593) x11 0x004003a2
core   0: 0x800008d8 (0xfe9560e3) bltu    a0, s1, pc - 32
core   0: 3 0x800008d8 (0xfe9560e3)
core   0: 0x800008dc (0xc09f7e93) andi    t4, t5, -1015
core   0: 3 0x800008dc (0xc09f7e93) x29 0xfffff801
core   0: 0x800008e0 (0x00006c5d) c.lui   s8, 0x17
core   0: 3 0x800008e0 (0x6c5d) x24 0x00017000
core   0: 0x800008e2 (0x00009cda) c.add   s9, s6
core   0: 3 0x800008e2 (0x9cda) x25 0x80029ce4
core   0: 0x800008e4 (0xfbf615e3) bne     a2, t6, pc - 86
core   0: 3 0x800008e4 (0xfbf615e3)
core   0: 0x8000088e (0x03fb35b3) mulhu   a1, s6, t6
core   0: 3 0x8000088e (0x03fb35b3) x11 0x00000000
core   0: 0x80000892 (0x6c6cbf17) auipc   t5, 0x6c6cb
core   0: 3 0x80000892 (0x6c6cbf17) x30 0xec6cb892
core   0: 0x80000896 (0x00000605) c.addi  a2, 1
core   0: 3 0x80000896 (0x0605) x12 0xfffffffd
core   0: 0x80000898 (0x01e895b3) sll     a1, a7, t5
core   0: 3 0x80000898 (0x01e895b3) x11 0x00400000
core   0: 0x8000089c (0x03ec76b3) remu    a3, s8, t5
core   0: 3 0x8000089c (0x03ec76b3) x13 0x00017000
core   0: 0x800008a0 (0x00004501) c.li    a0, 0
core   0: 3 0x800008a0 (0x4501) x10 0x00000000
core   0: 0x800008a2 (0x02c95b33) divu    s6, s2, a2
core   0: 3 0x800008a2 (0x02c95b33) x22 0x00000000
core   0: 0x800008a6 (0x58579f17) auipc   t5, 0x58579
core   0: 3 0x800008a6 (0x58579f17) x30 0xd85798a6
core   0: 0x800008aa (0x0000448d) c.li    s1, 3
core   0: 3 0x800008aa (0x448d) x9  0x00000003
core   0: 0x800008ac (0x00146cb3) or      s9, s0, ra
core   0: 3 0x800008ac (0x00146cb3) x25 0x80029ce4
core   0: 0x800008b0 (0x01338bb3) add     s7, t2, s3
core   0: 3 0x800008b0 (0x01338bb3) x23 0x00000014
core   0: 0x800008b4 (0x0043b0b3) sltu    ra, t2, tp
core   0: 3 0x800008b4 (0x0043b0b3) x1  0x00000000
core   0: 0x800008b8 (0x02397733) remu    a4, s2, gp
core   0: 3 0x800008b8 (0x02397733) x14 0x00000003
core   0: 0x800008bc (0x00ea4c33) xor     s8, s4, a4
core   0: 3 0x800008bc (0x00ea4c33) x24 0x00000003
core   0: 0x800008c0 (0x00000505) c.addi  a0, 1
core   0: 3 0x800008c0 (0x0505) x10 0x00000001
core   0: 0x800008c2 (0x00008eb5) c.xor   a3, a3
core   0: 3 0x800008c2 (0x8eb5) x13 0x00000000
core   0: 0x800008c4 (0x55a3f893) andi    a7, t2, 1370
core   0: 3 0x800008c4 (0x55a3f893) x17 0x00000010
core   0: 0x800008c8 (0x01469033) sll     zero, a3, s4
core   0: 3 0x800008c8 (0x01469033)
core   0: 0x800008cc (0x402fdc13) srai    s8, t6, 2
core   0: 3 0x800008cc (0x402fdc13) x24 0x00000000
core   0: 0x800008d0 (0xab3e6f13) ori     t5, t3, -1357
core   0: 3 0x800008d0 (0xab3e6f13) x30 0xfffffab3
core   0: 0x800008d4 (0x3a25e593) ori     a1, a1, 930
core   0: 3 0x800008d4 (0x3a25e593) x11 0x004003a2
core   0: 0x800008d8 (0xfe9560e3) bltu    a0, s1, pc - 32
core   0: 3 0x800008d8 (0xfe9560e3)
core   0: 0x800008b8 (0x02397733) remu    a4, s2, gp
core   0: 3 0x800008b8 (0x02397733) x14 0x00000003
core   0: 0x800008bc (0x00ea4c33) xor     s8, s4, a4
core   0: 3 0x800008bc (0x00ea4c33) x24 0x00000003
core   0: 0x800008c0 (0x00000505) c.addi  a0, 1
core   0: 3 0x800008c0 (0x0505) x10 0x00000002
core   0: 0x800008c2 (0x00008eb5) c.xor   a3, a3
core   0: 3 0x800008c2 (0x8eb5) x13 0x00000000
core   0: 0x800008c4 (0x55a3f893) andi    a7, t2, 1370
core   0: 3 0x800008c4 (0x55a3f893) x17 0x00000010
core   0: 0x800008c8 (0x01469033) sll     zero, a3, s4
core   0: 3 0x800008c8 (0x01469033)
core   0: 0x800008cc (0x402fdc13) srai    s8, t6, 2
core   0: 3 0x800008cc (0x402fdc13) x24 0x00000000
core   0: 0x800008d0 (0xab3e6f13) ori     t5, t3, -1357
core   0: 3 0x800008d0 (0xab3e6f13) x30 0xfffffab3
core   0: 0x800008d4 (0x3a25e593) ori     a1, a1, 930
core   0: 3 0x800008d4 (0x3a25e593) x11 0x004003a2
core   0: 0x800008d8 (0xfe9560e3) bltu    a0, s1, pc - 32
core   0: 3 0x800008d8 (0xfe9560e3)
core   0: 0x800008b8 (0x02397733) remu    a4, s2, gp
core   0: 3 0x800008b8 (0x02397733) x14 0x00000003
core   0: 0x800008bc (0x00ea4c33) xor     s8, s4, a4
core   0: 3 0x800008bc (0x00ea4c33) x24 0x00000003
core   0: 0x800008c0 (0x00000505) c.addi  a0, 1
core   0: 3 0x800008c0 (0x0505) x10 0x00000003
core   0: 0x800008c2 (0x00008eb5) c.xor   a3, a3
core   0: 3 0x800008c2 (0x8eb5) x13 0x00000000
core   0: 0x800008c4 (0x55a3f893) andi    a7, t2, 1370
core   0: 3 0x800008c4 (0x55a3f893) x17 0x00000010
core   0: 0x800008c8 (0x01469033) sll     zero, a3, s4
core   0: 3 0x800008c8 (0x01469033)
core   0: 0x800008cc (0x402fdc13) srai    s8, t6, 2
core   0: 3 0x800008cc (0x402fdc13) x24 0x00000000
core   0: 0x800008d0 (0xab3e6f13) ori     t5, t3, -1357
core   0: 3 0x800008d0 (0xab3e6f13) x30 0xfffffab3
core   0: 0x800008d4 (0x3a25e593) ori     a1, a1, 930
core   0: 3 0x800008d4 (0x3a25e593) x11 0x004003a2
core   0: 0x800008d8 (0xfe9560e3) bltu    a0, s1, pc - 32
core   0: 3 0x800008d8 (0xfe9560e3)
core   0: 0x800008dc (0xc09f7e93) andi    t4, t5, -1015
core   0: 3 0x800008dc (0xc09f7e93) x29 0xfffff801
core   0: 0x800008e0 (0x00006c5d) c.lui   s8, 0x17
core   0: 3 0x800008e0 (0x6c5d) x24 0x00017000
core   0: 0x800008e2 (0x00009cda) c.add   s9, s6
core   0: 3 0x800008e2 (0x9cda) x25 0x80029ce4
core   0: 0x800008e4 (0xfbf615e3) bne     a2, t6, pc - 86
core   0: 3 0x800008e4 (0xfbf615e3)
core   0: 0x8000088e (0x03fb35b3) mulhu   a1, s6, t6
core   0: 3 0x8000088e (0x03fb35b3) x11 0x00000000
core   0: 0x80000892 (0x6c6cbf17) auipc   t5, 0x6c6cb
core   0: 3 0x80000892 (0x6c6cbf17) x30 0xec6cb892
core   0: 0x80000896 (0x00000605) c.addi  a2, 1
core   0: 3 0x80000896 (0x0605) x12 0xfffffffe
core   0: 0x80000898 (0x01e895b3) sll     a1, a7, t5
core   0: 3 0x80000898 (0x01e895b3) x11 0x00400000
core   0: 0x8000089c (0x03ec76b3) remu    a3, s8, t5
core   0: 3 0x8000089c (0x03ec76b3) x13 0x00017000
core   0: 0x800008a0 (0x00004501) c.li    a0, 0
core   0: 3 0x800008a0 (0x4501) x10 0x00000000
core   0: 0x800008a2 (0x02c95b33) divu    s6, s2, a2
core   0: 3 0x800008a2 (0x02c95b33) x22 0x00000000
core   0: 0x800008a6 (0x58579f17) auipc   t5, 0x58579
core   0: 3 0x800008a6 (0x58579f17) x30 0xd85798a6
core   0: 0x800008aa (0x0000448d) c.li    s1, 3
core   0: 3 0x800008aa (0x448d) x9  0x00000003
core   0: 0x800008ac (0x00146cb3) or      s9, s0, ra
core   0: 3 0x800008ac (0x00146cb3) x25 0x80029ce4
core   0: 0x800008b0 (0x01338bb3) add     s7, t2, s3
core   0: 3 0x800008b0 (0x01338bb3) x23 0x00000014
core   0: 0x800008b4 (0x0043b0b3) sltu    ra, t2, tp
core   0: 3 0x800008b4 (0x0043b0b3) x1  0x00000000
core   0: 0x800008b8 (0x02397733) remu    a4, s2, gp
core   0: 3 0x800008b8 (0x02397733) x14 0x00000003
core   0: 0x800008bc (0x00ea4c33) xor     s8, s4, a4
core   0: 3 0x800008bc (0x00ea4c33) x24 0x00000003
core   0: 0x800008c0 (0x00000505) c.addi  a0, 1
core   0: 3 0x800008c0 (0x0505) x10 0x00000001
core   0: 0x800008c2 (0x00008eb5) c.xor   a3, a3
core   0: 3 0x800008c2 (0x8eb5) x13 0x00000000
core   0: 0x800008c4 (0x55a3f893) andi    a7, t2, 1370
core   0: 3 0x800008c4 (0x55a3f893) x17 0x00000010
core   0: 0x800008c8 (0x01469033) sll     zero, a3, s4
core   0: 3 0x800008c8 (0x01469033)
core   0: 0x800008cc (0x402fdc13) srai    s8, t6, 2
core   0: 3 0x800008cc (0x402fdc13) x24 0x00000000
core   0: 0x800008d0 (0xab3e6f13) ori     t5, t3, -1357
core   0: 3 0x800008d0 (0xab3e6f13) x30 0xfffffab3
core   0: 0x800008d4 (0x3a25e593) ori     a1, a1, 930
core   0: 3 0x800008d4 (0x3a25e593) x11 0x004003a2
core   0: 0x800008d8 (0xfe9560e3) bltu    a0, s1, pc - 32
core   0: 3 0x800008d8 (0xfe9560e3)
core   0: 0x800008b8 (0x02397733) remu    a4, s2, gp
core   0: 3 0x800008b8 (0x02397733) x14 0x00000003
core   0: 0x800008bc (0x00ea4c33) xor     s8, s4, a4
core   0: 3 0x800008bc (0x00ea4c33) x24 0x00000003
core   0: 0x800008c0 (0x00000505) c.addi  a0, 1
core   0: 3 0x800008c0 (0x0505) x10 0x00000002
core   0: 0x800008c2 (0x00008eb5) c.xor   a3, a3
core   0: 3 0x800008c2 (0x8eb5) x13 0x00000000
core   0: 0x800008c4 (0x55a3f893) andi    a7, t2, 1370
core   0: 3 0x800008c4 (0x55a3f893) x17 0x00000010
core   0: 0x800008c8 (0x01469033) sll     zero, a3, s4
core   0: 3 0x800008c8 (0x01469033)
core   0: 0x800008cc (0x402fdc13) srai    s8, t6, 2
core   0: 3 0x800008cc (0x402fdc13) x24 0x00000000
core   0: 0x800008d0 (0xab3e6f13) ori     t5, t3, -1357
core   0: 3 0x800008d0 (0xab3e6f13) x30 0xfffffab3
core   0: 0x800008d4 (0x3a25e593) ori     a1, a1, 930
core   0: 3 0x800008d4 (0x3a25e593) x11 0x004003a2
core   0: 0x800008d8 (0xfe9560e3) bltu    a0, s1, pc - 32
core   0: 3 0x800008d8 (0xfe9560e3)
core   0: 0x800008b8 (0x02397733) remu    a4, s2, gp
core   0: 3 0x800008b8 (0x02397733) x14 0x00000003
core   0: 0x800008bc (0x00ea4c33) xor     s8, s4, a4
core   0: 3 0x800008bc (0x00ea4c33) x24 0x00000003
core   0: 0x800008c0 (0x00000505) c.addi  a0, 1
core   0: 3 0x800008c0 (0x0505) x10 0x00000003
core   0: 0x800008c2 (0x00008eb5) c.xor   a3, a3
core   0: 3 0x800008c2 (0x8eb5) x13 0x00000000
core   0: 0x800008c4 (0x55a3f893) andi    a7, t2, 1370
core   0: 3 0x800008c4 (0x55a3f893) x17 0x00000010
core   0: 0x800008c8 (0x01469033) sll     zero, a3, s4
core   0: 3 0x800008c8 (0x01469033)
core   0: 0x800008cc (0x402fdc13) srai    s8, t6, 2
core   0: 3 0x800008cc (0x402fdc13) x24 0x00000000
core   0: 0x800008d0 (0xab3e6f13) ori     t5, t3, -1357
core   0: 3 0x800008d0 (0xab3e6f13) x30 0xfffffab3
core   0: 0x800008d4 (0x3a25e593) ori     a1, a1, 930
core   0: 3 0x800008d4 (0x3a25e593) x11 0x004003a2
core   0: 0x800008d8 (0xfe9560e3) bltu    a0, s1, pc - 32
core   0: 3 0x800008d8 (0xfe9560e3)
core   0: 0x800008dc (0xc09f7e93) andi    t4, t5, -1015
core   0: 3 0x800008dc (0xc09f7e93) x29 0xfffff801
core   0: 0x800008e0 (0x00006c5d) c.lui   s8, 0x17
core   0: 3 0x800008e0 (0x6c5d) x24 0x00017000
core   0: 0x800008e2 (0x00009cda) c.add   s9, s6
core   0: 3 0x800008e2 (0x9cda) x25 0x80029ce4
core   0: 0x800008e4 (0xfbf615e3) bne     a2, t6, pc - 86
core   0: 3 0x800008e4 (0xfbf615e3)
core   0: 0x8000088e (0x03fb35b3) mulhu   a1, s6, t6
core   0: 3 0x8000088e (0x03fb35b3) x11 0x00000000
core   0: 0x80000892 (0x6c6cbf17) auipc   t5, 0x6c6cb
core   0: 3 0x80000892 (0x6c6cbf17) x30 0xec6cb892
core   0: 0x80000896 (0x00000605) c.addi  a2, 1
core   0: 3 0x80000896 (0x0605) x12 0xffffffff
core   0: 0x80000898 (0x01e895b3) sll     a1, a7, t5
core   0: 3 0x80000898 (0x01e895b3) x11 0x00400000
core   0: 0x8000089c (0x03ec76b3) remu    a3, s8, t5
core   0: 3 0x8000089c (0x03ec76b3) x13 0x00017000
core   0: 0x800008a0 (0x00004501) c.li    a0, 0
core   0: 3 0x800008a0 (0x4501) x10 0x00000000
core   0: 0x800008a2 (0x02c95b33) divu    s6, s2, a2
core   0: 3 0x800008a2 (0x02c95b33) x22 0x00000000
core   0: 0x800008a6 (0x58579f17) auipc   t5, 0x58579
core   0: 3 0x800008a6 (0x58579f17) x30 0xd85798a6
core   0: 0x800008aa (0x0000448d) c.li    s1, 3
core   0: 3 0x800008aa (0x448d) x9  0x00000003
core   0: 0x800008ac (0x00146cb3) or      s9, s0, ra
core   0: 3 0x800008ac (0x00146cb3) x25 0x80029ce4
core   0: 0x800008b0 (0x01338bb3) add     s7, t2, s3
core   0: 3 0x800008b0 (0x01338bb3) x23 0x00000014
core   0: 0x800008b4 (0x0043b0b3) sltu    ra, t2, tp
core   0: 3 0x800008b4 (0x0043b0b3) x1  0x00000000
core   0: 0x800008b8 (0x02397733) remu    a4, s2, gp
core   0: 3 0x800008b8 (0x02397733) x14 0x00000003
core   0: 0x800008bc (0x00ea4c33) xor     s8, s4, a4
core   0: 3 0x800008bc (0x00ea4c33) x24 0x00000003
core   0: 0x800008c0 (0x00000505) c.addi  a0, 1
core   0: 3 0x800008c0 (0x0505) x10 0x00000001
core   0: 0x800008c2 (0x00008eb5) c.xor   a3, a3
core   0: 3 0x800008c2 (0x8eb5) x13 0x00000000
core   0: 0x800008c4 (0x55a3f893) andi    a7, t2, 1370
core   0: 3 0x800008c4 (0x55a3f893) x17 0x00000010
core   0: 0x800008c8 (0x01469033) sll     zero, a3, s4
core   0: 3 0x800008c8 (0x01469033)
core   0: 0x800008cc (0x402fdc13) srai    s8, t6, 2
core   0: 3 0x800008cc (0x402fdc13) x24 0x00000000
core   0: 0x800008d0 (0xab3e6f13) ori     t5, t3, -1357
core   0: 3 0x800008d0 (0xab3e6f13) x30 0xfffffab3
core   0: 0x800008d4 (0x3a25e593) ori     a1, a1, 930
core   0: 3 0x800008d4 (0x3a25e593) x11 0x004003a2
core   0: 0x800008d8 (0xfe9560e3) bltu    a0, s1, pc - 32
core   0: 3 0x800008d8 (0xfe9560e3)
core   0: 0x800008b8 (0x02397733) remu    a4, s2, gp
core   0: 3 0x800008b8 (0x02397733) x14 0x00000003
core   0: 0x800008bc (0x00ea4c33) xor     s8, s4, a4
core   0: 3 0x800008bc (0x00ea4c33) x24 0x00000003
core   0: 0x800008c0 (0x00000505) c.addi  a0, 1
core   0: 3 0x800008c0 (0x0505) x10 0x00000002
core   0: 0x800008c2 (0x00008eb5) c.xor   a3, a3
core   0: 3 0x800008c2 (0x8eb5) x13 0x00000000
core   0: 0x800008c4 (0x55a3f893) andi    a7, t2, 1370
core   0: 3 0x800008c4 (0x55a3f893) x17 0x00000010
core   0: 0x800008c8 (0x01469033) sll     zero, a3, s4
core   0: 3 0x800008c8 (0x01469033)
core   0: 0x800008cc (0x402fdc13) srai    s8, t6, 2
core   0: 3 0x800008cc (0x402fdc13) x24 0x00000000
core   0: 0x800008d0 (0xab3e6f13) ori     t5, t3, -1357
core   0: 3 0x800008d0 (0xab3e6f13) x30 0xfffffab3
core   0: 0x800008d4 (0x3a25e593) ori     a1, a1, 930
core   0: 3 0x800008d4 (0x3a25e593) x11 0x004003a2
core   0: 0x800008d8 (0xfe9560e3) bltu    a0, s1, pc - 32
core   0: 3 0x800008d8 (0xfe9560e3)
core   0: 0x800008b8 (0x02397733) remu    a4, s2, gp
core   0: 3 0x800008b8 (0x02397733) x14 0x00000003
core   0: 0x800008bc (0x00ea4c33) xor     s8, s4, a4
core   0: 3 0x800008bc (0x00ea4c33) x24 0x00000003
core   0: 0x800008c0 (0x00000505) c.addi  a0, 1
core   0: 3 0x800008c0 (0x0505) x10 0x00000003
core   0: 0x800008c2 (0x00008eb5) c.xor   a3, a3
core   0: 3 0x800008c2 (0x8eb5) x13 0x00000000
core   0: 0x800008c4 (0x55a3f893) andi    a7, t2, 1370
core   0: 3 0x800008c4 (0x55a3f893) x17 0x00000010
core   0: 0x800008c8 (0x01469033) sll     zero, a3, s4
core   0: 3 0x800008c8 (0x01469033)
core   0: 0x800008cc (0x402fdc13) srai    s8, t6, 2
core   0: 3 0x800008cc (0x402fdc13) x24 0x00000000
core   0: 0x800008d0 (0xab3e6f13) ori     t5, t3, -1357
core   0: 3 0x800008d0 (0xab3e6f13) x30 0xfffffab3
core   0: 0x800008d4 (0x3a25e593) ori     a1, a1, 930
core   0: 3 0x800008d4 (0x3a25e593) x11 0x004003a2
core   0: 0x800008d8 (0xfe9560e3) bltu    a0, s1, pc - 32
core   0: 3 0x800008d8 (0xfe9560e3)
core   0: 0x800008dc (0xc09f7e93) andi    t4, t5, -1015
core   0: 3 0x800008dc (0xc09f7e93) x29 0xfffff801
core   0: 0x800008e0 (0x00006c5d) c.lui   s8, 0x17
core   0: 3 0x800008e0 (0x6c5d) x24 0x00017000
core   0: 0x800008e2 (0x00009cda) c.add   s9, s6
core   0: 3 0x800008e2 (0x9cda) x25 0x80029ce4
core   0: 0x800008e4 (0xfbf615e3) bne     a2, t6, pc - 86
core   0: 3 0x800008e4 (0xfbf615e3)
core   0: 0x8000088e (0x03fb35b3) mulhu   a1, s6, t6
core   0: 3 0x8000088e (0x03fb35b3) x11 0x00000000
core   0: 0x80000892 (0x6c6cbf17) auipc   t5, 0x6c6cb
core   0: 3 0x80000892 (0x6c6cbf17) x30 0xec6cb892
core   0: 0x80000896 (0x00000605) c.addi  a2, 1
core   0: 3 0x80000896 (0x0605) x12 0x00000000
core   0: 0x80000898 (0x01e895b3) sll     a1, a7, t5
core   0: 3 0x80000898 (0x01e895b3) x11 0x00400000
core   0: 0x8000089c (0x03ec76b3) remu    a3, s8, t5
core   0: 3 0x8000089c (0x03ec76b3) x13 0x00017000
core   0: 0x800008a0 (0x00004501) c.li    a0, 0
core   0: 3 0x800008a0 (0x4501) x10 0x00000000
core   0: 0x800008a2 (0x02c95b33) divu    s6, s2, a2
core   0: 3 0x800008a2 (0x02c95b33) x22 0xffffffff
core   0: 0x800008a6 (0x58579f17) auipc   t5, 0x58579
core   0: 3 0x800008a6 (0x58579f17) x30 0xd85798a6
core   0: 0x800008aa (0x0000448d) c.li    s1, 3
core   0: 3 0x800008aa (0x448d) x9  0x00000003
core   0: 0x800008ac (0x00146cb3) or      s9, s0, ra
core   0: 3 0x800008ac (0x00146cb3) x25 0x80029ce4
core   0: 0x800008b0 (0x01338bb3) add     s7, t2, s3
core   0: 3 0x800008b0 (0x01338bb3) x23 0x00000014
core   0: 0x800008b4 (0x0043b0b3) sltu    ra, t2, tp
core   0: 3 0x800008b4 (0x0043b0b3) x1  0x00000000
core   0: 0x800008b8 (0x02397733) remu    a4, s2, gp
core   0: 3 0x800008b8 (0x02397733) x14 0x00000003
core   0: 0x800008bc (0x00ea4c33) xor     s8, s4, a4
core   0: 3 0x800008bc (0x00ea4c33) x24 0x00000003
core   0: 0x800008c0 (0x00000505) c.addi  a0, 1
core   0: 3 0x800008c0 (0x0505) x10 0x00000001
core   0: 0x800008c2 (0x00008eb5) c.xor   a3, a3
core   0: 3 0x800008c2 (0x8eb5) x13 0x00000000
core   0: 0x800008c4 (0x55a3f893) andi    a7, t2, 1370
core   0: 3 0x800008c4 (0x55a3f893) x17 0x00000010
core   0: 0x800008c8 (0x01469033) sll     zero, a3, s4
core   0: 3 0x800008c8 (0x01469033)
core   0: 0x800008cc (0x402fdc13) srai    s8, t6, 2
core   0: 3 0x800008cc (0x402fdc13) x24 0x00000000
core   0: 0x800008d0 (0xab3e6f13) ori     t5, t3, -1357
core   0: 3 0x800008d0 (0xab3e6f13) x30 0xfffffab3
core   0: 0x800008d4 (0x3a25e593) ori     a1, a1, 930
core   0: 3 0x800008d4 (0x3a25e593) x11 0x004003a2
core   0: 0x800008d8 (0xfe9560e3) bltu    a0, s1, pc - 32
core   0: 3 0x800008d8 (0xfe9560e3)
core   0: 0x800008b8 (0x02397733) remu    a4, s2, gp
core   0: 3 0x800008b8 (0x02397733) x14 0x00000003
core   0: 0x800008bc (0x00ea4c33) xor     s8, s4, a4
core   0: 3 0x800008bc (0x00ea4c33) x24 0x00000003
core   0: 0x800008c0 (0x00000505) c.addi  a0, 1
core   0: 3 0x800008c0 (0x0505) x10 0x00000002
core   0: 0x800008c2 (0x00008eb5) c.xor   a3, a3
core   0: 3 0x800008c2 (0x8eb5) x13 0x00000000
core   0: 0x800008c4 (0x55a3f893) andi    a7, t2, 1370
core   0: 3 0x800008c4 (0x55a3f893) x17 0x00000010
core   0: 0x800008c8 (0x01469033) sll     zero, a3, s4
core   0: 3 0x800008c8 (0x01469033)
core   0: 0x800008cc (0x402fdc13) srai    s8, t6, 2
core   0: 3 0x800008cc (0x402fdc13) x24 0x00000000
core   0: 0x800008d0 (0xab3e6f13) ori     t5, t3, -1357
core   0: 3 0x800008d0 (0xab3e6f13) x30 0xfffffab3
core   0: 0x800008d4 (0x3a25e593) ori     a1, a1, 930
core   0: 3 0x800008d4 (0x3a25e593) x11 0x004003a2
core   0: 0x800008d8 (0xfe9560e3) bltu    a0, s1, pc - 32
core   0: 3 0x800008d8 (0xfe9560e3)
core   0: 0x800008b8 (0x02397733) remu    a4, s2, gp
core   0: 3 0x800008b8 (0x02397733) x14 0x00000003
core   0: 0x800008bc (0x00ea4c33) xor     s8, s4, a4
core   0: 3 0x800008bc (0x00ea4c33) x24 0x00000003
core   0: 0x800008c0 (0x00000505) c.addi  a0, 1
core   0: 3 0x800008c0 (0x0505) x10 0x00000003
core   0: 0x800008c2 (0x00008eb5) c.xor   a3, a3
core   0: 3 0x800008c2 (0x8eb5) x13 0x00000000
core   0: 0x800008c4 (0x55a3f893) andi    a7, t2, 1370
core   0: 3 0x800008c4 (0x55a3f893) x17 0x00000010
core   0: 0x800008c8 (0x01469033) sll     zero, a3, s4
core   0: 3 0x800008c8 (0x01469033)
core   0: 0x800008cc (0x402fdc13) srai    s8, t6, 2
core   0: 3 0x800008cc (0x402fdc13) x24 0x00000000
core   0: 0x800008d0 (0xab3e6f13) ori     t5, t3, -1357
core   0: 3 0x800008d0 (0xab3e6f13) x30 0xfffffab3
core   0: 0x800008d4 (0x3a25e593) ori     a1, a1, 930
core   0: 3 0x800008d4 (0x3a25e593) x11 0x004003a2
core   0: 0x800008d8 (0xfe9560e3) bltu    a0, s1, pc - 32
core   0: 3 0x800008d8 (0xfe9560e3)
core   0: 0x800008dc (0xc09f7e93) andi    t4, t5, -1015
core   0: 3 0x800008dc (0xc09f7e93) x29 0xfffff801
core   0: 0x800008e0 (0x00006c5d) c.lui   s8, 0x17
core   0: 3 0x800008e0 (0x6c5d) x24 0x00017000
core   0: 0x800008e2 (0x00009cda) c.add   s9, s6
core   0: 3 0x800008e2 (0x9cda) x25 0x80029ce3
core   0: 0x800008e4 (0xfbf615e3) bne     a2, t6, pc - 86
core   0: 3 0x800008e4 (0xfbf615e3)
core   0: 0x8000088e (0x03fb35b3) mulhu   a1, s6, t6
core   0: 3 0x8000088e (0x03fb35b3) x11 0x00000000
core   0: 0x80000892 (0x6c6cbf17) auipc   t5, 0x6c6cb
core   0: 3 0x80000892 (0x6c6cbf17) x30 0xec6cb892
core   0: 0x80000896 (0x00000605) c.addi  a2, 1
core   0: 3 0x80000896 (0x0605) x12 0x00000001
core   0: 0x80000898 (0x01e895b3) sll     a1, a7, t5
core   0: 3 0x80000898 (0x01e895b3) x11 0x00400000
core   0: 0x8000089c (0x03ec76b3) remu    a3, s8, t5
core   0: 3 0x8000089c (0x03ec76b3) x13 0x00017000
core   0: 0x800008a0 (0x00004501) c.li    a0, 0
core   0: 3 0x800008a0 (0x4501) x10 0x00000000
core   0: 0x800008a2 (0x02c95b33) divu    s6, s2, a2
core   0: 3 0x800008a2 (0x02c95b33) x22 0xfffffff7
core   0: 0x800008a6 (0x58579f17) auipc   t5, 0x58579
core   0: 3 0x800008a6 (0x58579f17) x30 0xd85798a6
core   0: 0x800008aa (0x0000448d) c.li    s1, 3
core   0: 3 0x800008aa (0x448d) x9  0x00000003
core   0: 0x800008ac (0x00146cb3) or      s9, s0, ra
core   0: 3 0x800008ac (0x00146cb3) x25 0x80029ce4
core   0: 0x800008b0 (0x01338bb3) add     s7, t2, s3
core   0: 3 0x800008b0 (0x01338bb3) x23 0x00000014
core   0: 0x800008b4 (0x0043b0b3) sltu    ra, t2, tp
core   0: 3 0x800008b4 (0x0043b0b3) x1  0x00000000
core   0: 0x800008b8 (0x02397733) remu    a4, s2, gp
core   0: 3 0x800008b8 (0x02397733) x14 0x00000003
core   0: 0x800008bc (0x00ea4c33) xor     s8, s4, a4
core   0: 3 0x800008bc (0x00ea4c33) x24 0x00000003
core   0: 0x800008c0 (0x00000505) c.addi  a0, 1
core   0: 3 0x800008c0 (0x0505) x10 0x00000001
core   0: 0x800008c2 (0x00008eb5) c.xor   a3, a3
core   0: 3 0x800008c2 (0x8eb5) x13 0x00000000
core   0: 0x800008c4 (0x55a3f893) andi    a7, t2, 1370
core   0: 3 0x800008c4 (0x55a3f893) x17 0x00000010
core   0: 0x800008c8 (0x01469033) sll     zero, a3, s4
core   0: 3 0x800008c8 (0x01469033)
core   0: 0x800008cc (0x402fdc13) srai    s8, t6, 2
core   0: 3 0x800008cc (0x402fdc13) x24 0x00000000
core   0: 0x800008d0 (0xab3e6f13) ori     t5, t3, -1357
core   0: 3 0x800008d0 (0xab3e6f13) x30 0xfffffab3
core   0: 0x800008d4 (0x3a25e593) ori     a1, a1, 930
core   0: 3 0x800008d4 (0x3a25e593) x11 0x004003a2
core   0: 0x800008d8 (0xfe9560e3) bltu    a0, s1, pc - 32
core   0: 3 0x800008d8 (0xfe9560e3)
core   0: 0x800008b8 (0x02397733) remu    a4, s2, gp
core   0: 3 0x800008b8 (0x02397733) x14 0x00000003
core   0: 0x800008bc (0x00ea4c33) xor     s8, s4, a4
core   0: 3 0x800008bc (0x00ea4c33) x24 0x00000003
core   0: 0x800008c0 (0x00000505) c.addi  a0, 1
core   0: 3 0x800008c0 (0x0505) x10 0x00000002
core   0: 0x800008c2 (0x00008eb5) c.xor   a3, a3
core   0: 3 0x800008c2 (0x8eb5) x13 0x00000000
core   0: 0x800008c4 (0x55a3f893) andi    a7, t2, 1370
core   0: 3 0x800008c4 (0x55a3f893) x17 0x00000010
core   0: 0x800008c8 (0x01469033) sll     zero, a3, s4
core   0: 3 0x800008c8 (0x01469033)
core   0: 0x800008cc (0x402fdc13) srai    s8, t6, 2
core   0: 3 0x800008cc (0x402fdc13) x24 0x00000000
core   0: 0x800008d0 (0xab3e6f13) ori     t5, t3, -1357
core   0: 3 0x800008d0 (0xab3e6f13) x30 0xfffffab3
core   0: 0x800008d4 (0x3a25e593) ori     a1, a1, 930
core   0: 3 0x800008d4 (0x3a25e593) x11 0x004003a2
core   0: 0x800008d8 (0xfe9560e3) bltu    a0, s1, pc - 32
core   0: 3 0x800008d8 (0xfe9560e3)
core   0: 0x800008b8 (0x02397733) remu    a4, s2, gp
core   0: 3 0x800008b8 (0x02397733) x14 0x00000003
core   0: 0x800008bc (0x00ea4c33) xor     s8, s4, a4
core   0: 3 0x800008bc (0x00ea4c33) x24 0x00000003
core   0: 0x800008c0 (0x00000505) c.addi  a0, 1
core   0: 3 0x800008c0 (0x0505) x10 0x00000003
core   0: 0x800008c2 (0x00008eb5) c.xor   a3, a3
core   0: 3 0x800008c2 (0x8eb5) x13 0x00000000
core   0: 0x800008c4 (0x55a3f893) andi    a7, t2, 1370
core   0: 3 0x800008c4 (0x55a3f893) x17 0x00000010
core   0: 0x800008c8 (0x01469033) sll     zero, a3, s4
core   0: 3 0x800008c8 (0x01469033)
core   0: 0x800008cc (0x402fdc13) srai    s8, t6, 2
core   0: 3 0x800008cc (0x402fdc13) x24 0x00000000
core   0: 0x800008d0 (0xab3e6f13) ori     t5, t3, -1357
core   0: 3 0x800008d0 (0xab3e6f13) x30 0xfffffab3
core   0: 0x800008d4 (0x3a25e593) ori     a1, a1, 930
core   0: 3 0x800008d4 (0x3a25e593) x11 0x004003a2
core   0: 0x800008d8 (0xfe9560e3) bltu    a0, s1, pc - 32
core   0: 3 0x800008d8 (0xfe9560e3)
core   0: 0x800008dc (0xc09f7e93) andi    t4, t5, -1015
core   0: 3 0x800008dc (0xc09f7e93) x29 0xfffff801
core   0: 0x800008e0 (0x00006c5d) c.lui   s8, 0x17
core   0: 3 0x800008e0 (0x6c5d) x24 0x00017000
core   0: 0x800008e2 (0x00009cda) c.add   s9, s6
core   0: 3 0x800008e2 (0x9cda) x25 0x80029cdb
core   0: 0x800008e4 (0xfbf615e3) bne     a2, t6, pc - 86
core   0: 3 0x800008e4 (0xfbf615e3)
core   0: 0x800008e8 (0x02657033) remu    zero, a0, t1
core   0: 3 0x800008e8 (0x02657033)
core   0: 0x800008ec (0x00004591) c.li    a1, 4
core   0: 3 0x800008ec (0x4591) x11 0x00000004
core   0: 0x800008ee (0x016392b3) sll     t0, t2, s6
core   0: 3 0x800008ee (0x016392b3) x5  0x0a000000
core   0: 0x800008f2 (0x00004081) c.li    ra, 0
core   0: 3 0x800008f2 (0x4081) x1  0x00000000
core   0: 0x800008f4 (0x25022c13) slti    s8, tp, 592
core   0: 3 0x800008f4 (0x25022c13) x24 0x00000001
core   0: 0x800008f8 (0x01818a33) add     s4, gp, s8
core   0: 3 0x800008f8 (0x01818a33) x20 0x00000005
core   0: 0x800008fc (0x3ef44613) xori    a2, s0, 1007
core   0: 3 0x800008fc (0x3ef44613) x12 0x80029f0b
core   0: 0x80000900 (0x64c2c213) xori    tp, t0, 1612
core   0: 3 0x80000900 (0x64c2c213) x4  0x0a00064c
core   0: 0x80000904 (0x01b4d533) srl     a0, s1, s11
core   0: 3 0x80000904 (0x01b4d533) x10 0x00000000
core   0: 0x80000908 (0x000015f9) c.addi  a1, -2
core   0: 3 0x80000908 (0x15f9) x11 0x00000002
core   0: 0x8000090a (0x015a8933) add     s2, s5, s5
core   0: 3 0x8000090a (0x015a8933) x18 0x0004bcc8
core   0: 0x8000090e (0x032da4b3) mulhsu  s1, s11, s2
core   0: 3 0x8000090e (0x032da4b3) x9  0xffffffff
core   0: 0x80000912 (0x0264c2b3) div     t0, s1, t1
core   0: 3 0x80000912 (0x0264c2b3) x5  0x00000000
core   0: 0x80000916 (0x023d8033) mul     zero, s11, gp
core   0: 3 0x80000916 (0x023d8033)
core   0: 0x8000091a (0x0242c733) div     a4, t0, tp
core   0: 3 0x8000091a (0x0242c733) x14 0x00000000
core   0: 0x8000091e (0xfc158fe3) beq     a1, ra, pc - 34
core   0: 3 0x8000091e (0xfc158fe3)
core   0: 0x80000922 (0xb4bbb113) sltiu   sp, s7, -1205
core   0: 3 0x80000922 (0xb4bbb113) x2  0x00000001
core   0: 0x80000926 (0x000055dd) c.li    a1, -9
core   0: 3 0x80000926 (0x55dd) x11 0xfffffff7
core   0: 0x80000928 (0x01f3c933) xor     s2, t2, t6
core   0: 3 0x80000928 (0x01f3c933) x18 0x00000015
core   0: 0x8000092c (0x000050c1) c.li    ra, -16
core   0: 3 0x8000092c (0x50c1) x1  0xfffffff0
core   0: 0x8000092e (0x00001f9c) c.addi4spn a5, sp, 1008
core   0: 3 0x8000092e (0x1f9c) x15 0x000003f1
core   0: 0x80000930 (0x4a41af37) lui     t5, 0x4a41a
core   0: 3 0x80000930 (0x4a41af37) x30 0x4a41a000
core   0: 0x80000934 (0x000015e5) c.addi  a1, -7
core   0: 3 0x80000934 (0x15e5) x11 0xfffffff0
core   0: 0x80000936 (0x00001e84) c.addi4spn s1, sp, 880
core   0: 3 0x80000936 (0x1e84) x9  0x00000371
core   0: 0x80000938 (0x00005559) c.li    a0, -10
core   0: 3 0x80000938 (0x5559) x10 0xfffffff6
core   0: 0x8000093a (0x000058e1) c.li    a7, -8
core   0: 3 0x8000093a (0x58e1) x17 0xfffffff8
core   0: 0x8000093c (0x81c7bb93) sltiu   s7, a5, -2020
core   0: 3 0x8000093c (0x81c7bb93) x23 0x00000001
core   0: 0x80000940 (0x0000597d) c.li    s2, -1
core   0: 3 0x80000940 (0x597d) x18 0xffffffff
core   0: 0x80000942 (0x000059fd) c.li    s3, -1
core   0: 3 0x80000942 (0x59fd) x19 0xffffffff
core   0: 0x80000944 (0x02852a33) mulhsu  s4, a0, s0
core   0: 3 0x80000944 (0x02852a33) x20 0xfffffffa
core   0: 0x80000948 (0x00000521) c.addi  a0, 8
core   0: 3 0x80000948 (0x0521) x10 0xfffffffe
core   0: 0x8000094a (0xadea4e97) auipc   t4, 0xadea4
core   0: 3 0x8000094a (0xadea4e97) x29 0x2dea494a
core   0: 0x8000094e (0x4103d733) sra     a4, t2, a6
core   0: 3 0x8000094e (0x4103d733) x14 0x00000014
core   0: 0x80000952 (0xff1547e3) blt     a0, a7, pc - 18
core   0: 3 0x80000952 (0xff1547e3)
core   0: 0x80000956 (0x01abde33) srl     t3, s7, s10
core   0: 3 0x80000956 (0x01abde33) x28 0x00000000
core   0: 0x8000095a (0x00f4a3b3) slt     t2, s1, a5
core   0: 3 0x8000095a (0x00f4a3b3) x7  0x00000001
core   0: 0x8000095e (0x3199e913) ori     s2, s3, 793
core   0: 3 0x8000095e (0x3199e913) x18 0xffffffff
core   0: 0x80000962 (0x01ef9a33) sll     s4, t6, t5
core   0: 3 0x80000962 (0x01ef9a33) x20 0x00000001
core   0: 0x80000966 (0xfc1594e3) bne     a1, ra, pc - 56
core   0: 3 0x80000966 (0xfc1594e3)
core   0: 0x8000096a (0x017d62b3) or      t0, s10, s7
core   0: 3 0x8000096a (0x017d62b3) x5  0x0000000d
core   0: 0x8000096e (0x00005979) c.li    s2, -2
core   0: 3 0x8000096e (0x5979) x18 0xfffffffe
core   0: 0x80000970 (0x03532133) mulhsu  sp, t1, s5
core   0: 3 0x80000970 (0x03532133) x2  0x00004072
core   0: 0x80000974 (0xa2180d37) lui     s10, 0xa2180
core   0: 3 0x80000974 (0xa2180d37) x26 0xa2180000
core   0: 0x80000978 (0x01e80533) add     a0, a6, t5
core   0: 3 0x80000978 (0x01e80533) x10 0xca41a000
core   0: 0x8000097c (0x03b14f33) div     t5, sp, s11
core   0: 3 0x8000097c (0x03b14f33) x30 0xfffffcc8
core   0: 0x80000980 (0xb734eb93) ori     s7, s1, -1165
core   0: 3 0x80000980 (0xb734eb93) x23 0xfffffb73
core   0: 0x80000984 (0x01175013) srli    zero, a4, 17
core   0: 3 0x80000984 (0x01175013)
core   0: 0x80000988 (0x19eea493) slti    s1, t4, 414
core   0: 3 0x80000988 (0x19eea493) x9  0x00000000
core   0: 0x8000098c (0x000042b5) c.li    t0, 13
core   0: 3 0x8000098c (0x42b5) x5  0x0000000d
core   0: 0x8000098e (0x000097e6) c.add   a5, s9
core   0: 3 0x8000098e (0x97e6) x15 0x8002a0cc
core   0: 0x80000990 (0x00000905) c.addi  s2, 1
core   0: 3 0x80000990 (0x0905) x18 0xffffffff
core   0: 0x80000992 (0x475a2713) slti    a4, s4, 1141
core   0: 3 0x80000992 (0x475a2713) x14 0x00000001
core   0: 0x80000996 (0x01e89e33) sll     t3, a7, t5
core   0: 3 0x80000996 (0x01e89e33) x28 0xfffff800
core   0: 0x8000099a (0x03bc3e33) mulhu   t3, s8, s11
core   0: 3 0x8000099a (0x03bc3e33) x28 0x00000000
core   0: 0x8000099e (0x0000034a) c.slli  t1, 18
core   0: 3 0x8000099e (0x034a) x6  0x038c0000
core   0: 0x800009a0 (0x00008d29) c.xor   a0, a0
core   0: 3 0x800009a0 (0x8d29) x10 0x00000000
core   0: 0x800009a2 (0x00008f65) c.and   a4, s1
core   0: 3 0x800009a2 (0x8f65) x14 0x00000000
core   0: 0x800009a4 (0x00000001) c.nop
core   0: 3 0x800009a4 (0x0001)
core   0: 0x800009a6 (0xfe5904e3) beq     s2, t0, pc - 24
core   0: 3 0x800009a6 (0xfe5904e3)
core   0: 0x800009aa (0x018d5c13) srli    s8, s10, 24
core   0: 3 0x800009aa (0x018d5c13) x24 0x000000a2
core   0: 0x800009ae (0x000046a5) c.li    a3, 9
core   0: 3 0x800009ae (0x46a5) x13 0x00000009
core   0: 0x800009b0 (0x0000613d) c.addi16sp sp, 480
core   0: 3 0x800009b0 (0x613d) x2  0x00004252
core   0: 0x800009b2 (0xebdb2113) slti    sp, s6, -323
core   0: 3 0x800009b2 (0xebdb2113) x2  0x00000000
core   0: 0x800009b6 (0x00008b8d) c.andi  a5, 3
core   0: 3 0x800009b6 (0x8b8d) x15 0x00000000
core   0: 0x800009b8 (0x036cdbb3) divu    s7, s9, s6
core   0: 3 0x800009b8 (0x036cdbb3) x23 0x00000000
core   0: 0x800009bc (0x00005945) c.li    s2, -15
core   0: 3 0x800009bc (0x5945) x18 0xfffffff1
core   0: 0x800009be (0x022a17b3) mulh    a5, s4, sp
core   0: 3 0x800009be (0x022a17b3) x15 0x00000000
core   0: 0x800009c2 (0x958f2597) auipc   a1, 0x958f2
core   0: 3 0x800009c2 (0x958f2597) x11 0x158f29c2
core   0: 0x800009c6 (0x00008fc5) c.or    a5, s1
core   0: 3 0x800009c6 (0x8fc5) x15 0x00000000
core   0: 0x800009c8 (0x00008286) c.mv    t0, ra
core   0: 3 0x800009c8 (0x8286) x5  0xfffffff0
core   0: 0x800009ca (0x00008c81) c.sub   s1, s0
core   0: 3 0x800009ca (0x8c81) x9  0x7ffd631c
core   0: 0x800009cc (0x00e26133) or      sp, tp, a4
core   0: 3 0x800009cc (0x00e26133) x2  0x0a00064c
core   0: 0x800009d0 (0x00851733) sll     a4, a0, s0
core   0: 3 0x800009d0 (0x00851733) x14 0x00000000
core   0: 0x800009d4 (0x00008e25) c.xor   a2, s1
core   0: 3 0x800009d4 (0x8e25) x12 0xfffffc17
core   0: 0x800009d6 (0x012c3b33) sltu    s6, s8, s2
core   0: 3 0x800009d6 (0x012c3b33) x22 0x00000001
core   0: 0x800009da (0x02487d33) remu    s10, a6, tp
core   0: 3 0x800009da (0x02487d33) x26 0x07ffb470
core   0: 0x800009de (0x000016f5) c.addi  a3, -3
core   0: 3 0x800009de (0x16f5) x13 0x00000006
core   0: 0x800009e0 (0x00004bf5) c.li    s7, 29
core   0: 3 0x800009e0 (0x4bf5) x23 0x0000001d
core   0: 0x800009e2 (0xc644fd13) andi    s10, s1, -924
core   0: 3 0x800009e2 (0xc644fd13) x26 0x7ffd6004
core   0: 0x800009e6 (0x0042a733) slt     a4, t0, tp
core   0: 3 0x800009e6 (0x0042a733) x14 0x00000001
core   0: 0x800009ea (0x5b03ae93) slti    t4, t2, 1456
core   0: 3 0x800009ea (0x5b03ae93) x29 0x00000001
core   0: 0x800009ee (0xd2207617) auipc   a2, 0xd2207
core   0: 3 0x800009ee (0xd2207617) x12 0x522079ee
core   0: 0x800009f2 (0xfd2696e3) bne     a3, s2, pc - 52
core   0: 3 0x800009f2 (0xfd2696e3)
core   0: 0x800009be (0x022a17b3) mulh    a5, s4, sp
core   0: 3 0x800009be (0x022a17b3) x15 0x00000000
core   0: 0x800009c2 (0x958f2597) auipc   a1, 0x958f2
core   0: 3 0x800009c2 (0x958f2597) x11 0x158f29c2
core   0: 0x800009c6 (0x00008fc5) c.or    a5, s1
core   0: 3 0x800009c6 (0x8fc5) x15 0x7ffd631c
core   0: 0x800009c8 (0x00008286) c.mv    t0, ra
core   0: 3 0x800009c8 (0x8286) x5  0xfffffff0
core   0: 0x800009ca (0x00008c81) c.sub   s1, s0
core   0: 3 0x800009ca (0x8c81) x9  0xfffac638
core   0: 0x800009cc (0x00e26133) or      sp, tp, a4
core   0: 3 0x800009cc (0x00e26133) x2  0x0a00064d
core   0: 0x800009d0 (0x00851733) sll     a4, a0, s0
core   0: 3 0x800009d0 (0x00851733) x14 0x00000000
core   0: 0x800009d4 (0x00008e25) c.xor   a2, s1
core   0: 3 0x800009d4 (0x8e25) x12 0xaddabfd6
core   0: 0x800009d6 (0x012c3b33) sltu    s6, s8, s2
core   0: 3 0x800009d6 (0x012c3b33) x22 0x00000001
core   0: 0x800009da (0x02487d33) remu    s10, a6, tp
core   0: 3 0x800009da (0x02487d33) x26 0x07ffb470
core   0: 0x800009de (0x000016f5) c.addi  a3, -3
core   0: 3 0x800009de (0x16f5) x13 0x00000003
core   0: 0x800009e0 (0x00004bf5) c.li    s7, 29
core   0: 3 0x800009e0 (0x4bf5) x23 0x0000001d
core   0: 0x800009e2 (0xc644fd13) andi    s10, s1, -924
core   0: 3 0x800009e2 (0xc644fd13) x26 0xfffac420
core   0: 0x800009e6 (0x0042a733) slt     a4, t0, tp
core   0: 3 0x800009e6 (0x0042a733) x14 0x00000001
core   0: 0x800009ea (0x5b03ae93) slti    t4, t2, 1456
core   0: 3 0x800009ea (0x5b03ae93) x29 0x00000001
core   0: 0x800009ee (0xd2207617) auipc   a2, 0xd2207
core   0: 3 0x800009ee (0xd2207617) x12 0x522079ee
core   0: 0x800009f2 (0xfd2696e3) bne     a3, s2, pc - 52
core   0: 3 0x800009f2 (0xfd2696e3)
core   0: 0x800009be (0x022a17b3) mulh    a5, s4, sp
core   0: 3 0x800009be (0x022a17b3) x15 0x00000000
core   0: 0x800009c2 (0x958f2597) auipc   a1, 0x958f2
core   0: 3 0x800009c2 (0x958f2597) x11 0x158f29c2
core   0: 0x800009c6 (0x00008fc5) c.or    a5, s1
core   0: 3 0x800009c6 (0x8fc5) x15 0xfffac638
core   0: 0x800009c8 (0x00008286) c.mv    t0, ra
core   0: 3 0x800009c8 (0x8286) x5  0xfffffff0
core   0: 0x800009ca (0x00008c81) c.sub   s1, s0
core   0: 3 0x800009ca (0x8c81) x9  0x7ff82954
core   0: 0x800009cc (0x00e26133) or      sp, tp, a4
core   0: 3 0x800009cc (0x00e26133) x2  0x0a00064d
core   0: 0x800009d0 (0x00851733) sll     a4, a0, s0
core   0: 3 0x800009d0 (0x00851733) x14 0x00000000
core   0: 0x800009d4 (0x00008e25) c.xor   a2, s1
core   0: 3 0x800009d4 (0x8e25) x12 0x2dd850ba
core   0: 0x800009d6 (0x012c3b33) sltu    s6, s8, s2
core   0: 3 0x800009d6 (0x012c3b33) x22 0x00000001
core   0: 0x800009da (0x02487d33) remu    s10, a6, tp
core   0: 3 0x800009da (0x02487d33) x26 0x07ffb470
core   0: 0x800009de (0x000016f5) c.addi  a3, -3
core   0: 3 0x800009de (0x16f5) x13 0x00000000
core   0: 0x800009e0 (0x00004bf5) c.li    s7, 29
core   0: 3 0x800009e0 (0x4bf5) x23 0x0000001d
core   0: 0x800009e2 (0xc644fd13) andi    s10, s1, -924
core   0: 3 0x800009e2 (0xc644fd13) x26 0x7ff82844
core   0: 0x800009e6 (0x0042a733) slt     a4, t0, tp
core   0: 3 0x800009e6 (0x0042a733) x14 0x00000001
core   0: 0x800009ea (0x5b03ae93) slti    t4, t2, 1456
core   0: 3 0x800009ea (0x5b03ae93) x29 0x00000001
core   0: 0x800009ee (0xd2207617) auipc   a2, 0xd2207
core   0: 3 0x800009ee (0xd2207617) x12 0x522079ee
core   0: 0x800009f2 (0xfd2696e3) bne     a3, s2, pc - 52
core   0: 3 0x800009f2 (0xfd2696e3)
core   0: 0x800009be (0x022a17b3) mulh    a5, s4, sp
core   0: 3 0x800009be (0x022a17b3) x15 0x00000000
core   0: 0x800009c2 (0x958f2597) auipc   a1, 0x958f2
core   0: 3 0x800009c2 (0x958f2597) x11 0x158f29c2
core   0: 0x800009c6 (0x00008fc5) c.or    a5, s1
core   0: 3 0x800009c6 (0x8fc5) x15 0x7ff82954
core   0: 0x800009c8 (0x00008286) c.mv    t0, ra
core   0: 3 0x800009c8 (0x8286) x5  0xfffffff0
core   0: 0x800009ca (0x00008c81) c.sub   s1, s0
core   0: 3 0x800009ca (0x8c81) x9  0xfff58c70
core   0: 0x800009cc (0x00e26133) or      sp, tp, a4
core   0: 3 0x800009cc (0x00e26133) x2  0x0a00064d
core   0: 0x800009d0 (0x00851733) sll     a4, a0, s0
core   0: 3 0x800009d0 (0x00851733) x14 0x00000000
core   0: 0x800009d4 (0x00008e25) c.xor   a2, s1
core   0: 3 0x800009d4 (0x8e25) x12 0xadd5f59e
core   0: 0x800009d6 (0x012c3b33) sltu    s6, s8, s2
core   0: 3 0x800009d6 (0x012c3b33) x22 0x00000001
core   0: 0x800009da (0x02487d33) remu    s10, a6, tp
core   0: 3 0x800009da (0x02487d33) x26 0x07ffb470
core   0: 0x800009de (0x000016f5) c.addi  a3, -3
core   0: 3 0x800009de (0x16f5) x13 0xfffffffd
core   0: 0x800009e0 (0x00004bf5) c.li    s7, 29
core   0: 3 0x800009e0 (0x4bf5) x23 0x0000001d
core   0: 0x800009e2 (0xc644fd13) andi    s10, s1, -924
core   0: 3 0x800009e2 (0xc644fd13) x26 0xfff58c60
core   0: 0x800009e6 (0x0042a733) slt     a4, t0, tp
core   0: 3 0x800009e6 (0x0042a733) x14 0x00000001
core   0: 0x800009ea (0x5b03ae93) slti    t4, t2, 1456
core   0: 3 0x800009ea (0x5b03ae93) x29 0x00000001
core   0: 0x800009ee (0xd2207617) auipc   a2, 0xd2207
core   0: 3 0x800009ee (0xd2207617) x12 0x522079ee
core   0: 0x800009f2 (0xfd2696e3) bne     a3, s2, pc - 52
core   0: 3 0x800009f2 (0xfd2696e3)
core   0: 0x800009be (0x022a17b3) mulh    a5, s4, sp
core   0: 3 0x800009be (0x022a17b3) x15 0x00000000
core   0: 0x800009c2 (0x958f2597) auipc   a1, 0x958f2
core   0: 3 0x800009c2 (0x958f2597) x11 0x158f29c2
core   0: 0x800009c6 (0x00008fc5) c.or    a5, s1
core   0: 3 0x800009c6 (0x8fc5) x15 0xfff58c70
core   0: 0x800009c8 (0x00008286) c.mv    t0, ra
core   0: 3 0x800009c8 (0x8286) x5  0xfffffff0
core   0: 0x800009ca (0x00008c81) c.sub   s1, s0
core   0: 3 0x800009ca (0x8c81) x9  0x7ff2ef8c
core   0: 0x800009cc (0x00e26133) or      sp, tp, a4
core   0: 3 0x800009cc (0x00e26133) x2  0x0a00064d
core   0: 0x800009d0 (0x00851733) sll     a4, a0, s0
core   0: 3 0x800009d0 (0x00851733) x14 0x00000000
core   0: 0x800009d4 (0x00008e25) c.xor   a2, s1
core   0: 3 0x800009d4 (0x8e25) x12 0x2dd29662
core   0: 0x800009d6 (0x012c3b33) sltu    s6, s8, s2
core   0: 3 0x800009d6 (0x012c3b33) x22 0x00000001
core   0: 0x800009da (0x02487d33) remu    s10, a6, tp
core   0: 3 0x800009da (0x02487d33) x26 0x07ffb470
core   0: 0x800009de (0x000016f5) c.addi  a3, -3
core   0: 3 0x800009de (0x16f5) x13 0xfffffffa
core   0: 0x800009e0 (0x00004bf5) c.li    s7, 29
core   0: 3 0x800009e0 (0x4bf5) x23 0x0000001d
core   0: 0x800009e2 (0xc644fd13) andi    s10, s1, -924
core   0: 3 0x800009e2 (0xc644fd13) x26 0x7ff2ec04
core   0: 0x800009e6 (0x0042a733) slt     a4, t0, tp
core   0: 3 0x800009e6 (0x0042a733) x14 0x00000001
core   0: 0x800009ea (0x5b03ae93) slti    t4, t2, 1456
core   0: 3 0x800009ea (0x5b03ae93) x29 0x00000001
core   0: 0x800009ee (0xd2207617) auipc   a2, 0xd2207
core   0: 3 0x800009ee (0xd2207617) x12 0x522079ee
core   0: 0x800009f2 (0xfd2696e3) bne     a3, s2, pc - 52
core   0: 3 0x800009f2 (0xfd2696e3)
core   0: 0x800009be (0x022a17b3) mulh    a5, s4, sp
core   0: 3 0x800009be (0x022a17b3) x15 0x00000000
core   0: 0x800009c2 (0x958f2597) auipc   a1, 0x958f2
core   0: 3 0x800009c2 (0x958f2597) x11 0x158f29c2
core   0: 0x800009c6 (0x00008fc5) c.or    a5, s1
core   0: 3 0x800009c6 (0x8fc5) x15 0x7ff2ef8c
core   0: 0x800009c8 (0x00008286) c.mv    t0, ra
core   0: 3 0x800009c8 (0x8286) x5  0xfffffff0
core   0: 0x800009ca (0x00008c81) c.sub   s1, s0
core   0: 3 0x800009ca (0x8c81) x9  0xfff052a8
core   0: 0x800009cc (0x00e26133) or      sp, tp, a4
core   0: 3 0x800009cc (0x00e26133) x2  0x0a00064d
core   0: 0x800009d0 (0x00851733) sll     a4, a0, s0
core   0: 3 0x800009d0 (0x00851733) x14 0x00000000
core   0: 0x800009d4 (0x00008e25) c.xor   a2, s1
core   0: 3 0x800009d4 (0x8e25) x12 0xadd02b46
core   0: 0x800009d6 (0x012c3b33) sltu    s6, s8, s2
core   0: 3 0x800009d6 (0x012c3b33) x22 0x00000001
core   0: 0x800009da (0x02487d33) remu    s10, a6, tp
core   0: 3 0x800009da (0x02487d33) x26 0x07ffb470
core   0: 0x800009de (0x000016f5) c.addi  a3, -3
core   0: 3 0x800009de (0x16f5) x13 0xfffffff7
core   0: 0x800009e0 (0x00004bf5) c.li    s7, 29
core   0: 3 0x800009e0 (0x4bf5) x23 0x0000001d
core   0: 0x800009e2 (0xc644fd13) andi    s10, s1, -924
core   0: 3 0x800009e2 (0xc644fd13) x26 0xfff05020
core   0: 0x800009e6 (0x0042a733) slt     a4, t0, tp
core   0: 3 0x800009e6 (0x0042a733) x14 0x00000001
core   0: 0x800009ea (0x5b03ae93) slti    t4, t2, 1456
core   0: 3 0x800009ea (0x5b03ae93) x29 0x00000001
core   0: 0x800009ee (0xd2207617) auipc   a2, 0xd2207
core   0: 3 0x800009ee (0xd2207617) x12 0x522079ee
core   0: 0x800009f2 (0xfd2696e3) bne     a3, s2, pc - 52
core   0: 3 0x800009f2 (0xfd2696e3)
core   0: 0x800009be (0x022a17b3) mulh    a5, s4, sp
core   0: 3 0x800009be (0x022a17b3) x15 0x00000000
core   0: 0x800009c2 (0x958f2597) auipc   a1, 0x958f2
core   0: 3 0x800009c2 (0x958f2597) x11 0x158f29c2
core   0: 0x800009c6 (0x00008fc5) c.or    a5, s1
core   0: 3 0x800009c6 (0x8fc5) x15 0xfff052a8
core   0: 0x800009c8 (0x00008286) c.mv    t0, ra
core   0: 3 0x800009c8 (0x8286) x5  0xfffffff0
core   0: 0x800009ca (0x00008c81) c.sub   s1, s0
core   0: 3 0x800009ca (0x8c81) x9  0x7fedb5c4
core   0: 0x800009cc (0x00e26133) or      sp, tp, a4
core   0: 3 0x800009cc (0x00e26133) x2  0x0a00064d
core   0: 0x800009d0 (0x00851733) sll     a4, a0, s0
core   0: 3 0x800009d0 (0x00851733) x14 0x00000000
core   0: 0x800009d4 (0x00008e25) c.xor   a2, s1
core   0: 3 0x800009d4 (0x8e25) x12 0x2dcdcc2a
core   0: 0x800009d6 (0x012c3b33) sltu    s6, s8, s2
core   0: 3 0x800009d6 (0x012c3b33) x22 0x00000001
core   0: 0x800009da (0x02487d33) remu    s10, a6, tp
core   0: 3 0x800009da (0x02487d33) x26 0x07ffb470
core   0: 0x800009de (0x000016f5) c.addi  a3, -3
core   0: 3 0x800009de (0x16f5) x13 0xfffffff4
core   0: 0x800009e0 (0x00004bf5) c.li    s7, 29
core   0: 3 0x800009e0 (0x4bf5) x23 0x0000001d
core   0: 0x800009e2 (0xc644fd13) andi    s10, s1, -924
core   0: 3 0x800009e2 (0xc644fd13) x26 0x7fedb444
core   0: 0x800009e6 (0x0042a733) slt     a4, t0, tp
core   0: 3 0x800009e6 (0x0042a733) x14 0x00000001
core   0: 0x800009ea (0x5b03ae93) slti    t4, t2, 1456
core   0: 3 0x800009ea (0x5b03ae93) x29 0x00000001
core   0: 0x800009ee (0xd2207617) auipc   a2, 0xd2207
core   0: 3 0x800009ee (0xd2207617) x12 0x522079ee
core   0: 0x800009f2 (0xfd2696e3) bne     a3, s2, pc - 52
core   0: 3 0x800009f2 (0xfd2696e3)
core   0: 0x800009be (0x022a17b3) mulh    a5, s4, sp
core   0: 3 0x800009be (0x022a17b3) x15 0x00000000
core   0: 0x800009c2 (0x958f2597) auipc   a1, 0x958f2
core   0: 3 0x800009c2 (0x958f2597) x11 0x158f29c2
core   0: 0x800009c6 (0x00008fc5) c.or    a5, s1
core   0: 3 0x800009c6 (0x8fc5) x15 0x7fedb5c4
core   0: 0x800009c8 (0x00008286) c.mv    t0, ra
core   0: 3 0x800009c8 (0x8286) x5  0xfffffff0
core   0: 0x800009ca (0x00008c81) c.sub   s1, s0
core   0: 3 0x800009ca (0x8c81) x9  0xffeb18e0
core   0: 0x800009cc (0x00e26133) or      sp, tp, a4
core   0: 3 0x800009cc (0x00e26133) x2  0x0a00064d
core   0: 0x800009d0 (0x00851733) sll     a4, a0, s0
core   0: 3 0x800009d0 (0x00851733) x14 0x00000000
core   0: 0x800009d4 (0x00008e25) c.xor   a2, s1
core   0: 3 0x800009d4 (0x8e25) x12 0xadcb610e
core   0: 0x800009d6 (0x012c3b33) sltu    s6, s8, s2
core   0: 3 0x800009d6 (0x012c3b33) x22 0x00000001
core   0: 0x800009da (0x02487d33) remu    s10, a6, tp
core   0: 3 0x800009da (0x02487d33) x26 0x07ffb470
core   0: 0x800009de (0x000016f5) c.addi  a3, -3
core   0: 3 0x800009de (0x16f5) x13 0xfffffff1
core   0: 0x800009e0 (0x00004bf5) c.li    s7, 29
core   0: 3 0x800009e0 (0x4bf5) x23 0x0000001d
core   0: 0x800009e2 (0xc644fd13) andi    s10, s1, -924
core   0: 3 0x800009e2 (0xc644fd13) x26 0xffeb1860
core   0: 0x800009e6 (0x0042a733) slt     a4, t0, tp
core   0: 3 0x800009e6 (0x0042a733) x14 0x00000001
core   0: 0x800009ea (0x5b03ae93) slti    t4, t2, 1456
core   0: 3 0x800009ea (0x5b03ae93) x29 0x00000001
core   0: 0x800009ee (0xd2207617) auipc   a2, 0xd2207
core   0: 3 0x800009ee (0xd2207617) x12 0x522079ee
core   0: 0x800009f2 (0xfd2696e3) bne     a3, s2, pc - 52
core   0: 3 0x800009f2 (0xfd2696e3)
core   0: 0x800009f6 (0xed270513) addi    a0, a4, -302
core   0: 3 0x800009f6 (0xed270513) x10 0xfffffed3
core   0: 0x800009fa (0x00004725) c.li    a4, 9
core   0: 3 0x800009fa (0x4725) x14 0x00000009
core   0: 0x800009fc (0xb2d5e193) ori     gp, a1, -1235
core   0: 3 0x800009fc (0xb2d5e193) x3  0xfffffbef
core   0: 0x80000a00 (0x00000001) c.nop
core   0: 3 0x80000a00 (0x0001)
core   0: 0x80000a02 (0x0386e633) rem     a2, a3, s8
core   0: 3 0x80000a02 (0x0386e633) x12 0xfffffff1
core   0: 0x80000a06 (0x017b5613) srli    a2, s6, 23
core   0: 3 0x80000a06 (0x017b5613) x12 0x00000000
core   0: 0x80000a0a (0x016e3233) sltu    tp, t3, s6
core   0: 3 0x80000a0a (0x016e3233) x4  0x00000001
core   0: 0x80000a0e (0x00004d1d) c.li    s10, 7
core   0: 3 0x80000a0e (0x4d1d) x26 0x00000007
core   0: 0x80000a10 (0x009aa4b3) slt     s1, s5, s1
core   0: 3 0x80000a10 (0x009aa4b3) x9  0x00000001
core   0: 0x80000a14 (0x419ccdb7) lui     s11, 0x419cc
core   0: 3 0x80000a14 (0x419ccdb7) x27 0x419cc000
core   0: 0x80000a18 (0x00004541) c.li    a0, 16
core   0: 3 0x80000a18 (0x4541) x10 0x00000010
core   0: 0x80000a1a (0x02687333) remu    t1, a6, t1
core   0: 3 0x80000a1a (0x02687333) x6  0x00500000
core   0: 0x80000a1e (0x008da6b3) slt     a3, s11, s0
core   0: 3 0x80000a1e (0x008da6b3) x13 0x00000000
core   0: 0x80000a22 (0x00000725) c.addi  a4, 9
core   0: 3 0x80000a22 (0x0725) x14 0x00000012
core   0: 0x80000a24 (0x00008de9) c.and   a1, a0
core   0: 3 0x80000a24 (0x8de9) x11 0x00000000
core   0: 0x80000a26 (0xfea76ce3) bltu    a4, a0, pc - 8
core   0: 3 0x80000a26 (0xfea76ce3)
core   0: 0x80000a2a (0x023d2cb3) mulhsu  s9, s10, gp
core   0: 3 0x80000a2a (0x023d2cb3) x25 0x00000006
core   0: 0x80000a2e (0x00005ee5) c.li    t4, -7
core   0: 3 0x80000a2e (0x5ee5) x29 0xfffffff9
core   0: 0x80000a30 (0x00f25b13) srli    s6, tp, 15
core   0: 3 0x80000a30 (0x00f25b13) x22 0x00000000
core   0: 0x80000a34 (0x00008d71) c.and   a0, a2
core   0: 3 0x80000a34 (0x8d71) x10 0x00000000
core   0: 0x80000a36 (0x018c8033) add     zero, s9, s8
core   0: 3 0x80000a36 (0x018c8033)
core   0: 0x80000a3a (0x00006111) c.addi16sp sp, 256
core   0: 3 0x80000a3a (0x6111) x2  0x0a00074d
core   0: 0x80000a3c (0x405256b3) sra     a3, tp, t0
core   0: 3 0x80000a3c (0x405256b3) x13 0x00000000
core   0: 0x80000a40 (0x81f0f1b7) lui     gp, 0x81f0f
core   0: 3 0x80000a40 (0x81f0f1b7) x3  0x81f0f000
core   0: 0x80000a44 (0x7b38e493) ori     s1, a7, 1971
core   0: 3 0x80000a44 (0x7b38e493) x9  0xfffffffb
core   0: 0x80000a48 (0x00008ffd) c.and   a5, a5
core   0: 3 0x80000a48 (0x8ffd) x15 0x7fedb5c4
core   0: 0x80000a4a (0x000040ad) c.li    ra, 11
core   0: 3 0x80000a4a (0x40ad) x1  0x0000000b
core   0: 0x80000a4c (0x026a72b3) remu    t0, s4, t1
core   0: 3 0x80000a4c (0x026a72b3) x5  0x00000001
core   0: 0x80000a50 (0x19736293) ori     t0, t1, 407
core   0: 3 0x80000a50 (0x19736293) x5  0x00500197
core   0: 0x80000a54 (0x00000ea5) c.addi  t4, 9
core   0: 3 0x80000a54 (0x0ea5) x29 0x00000002
core   0: 0x80000a56 (0x00009d92) c.add   s11, tp
core   0: 3 0x80000a56 (0x9d92) x27 0x419cc001
core   0: 0x80000a58 (0x0152db93) srli    s7, t0, 21
core   0: 3 0x80000a58 (0x0152db93) x23 0x00000002
core   0: 0x80000a5c (0x0000626d) c.lui   tp, 0x1b
core   0: 3 0x80000a5c (0x626d) x4  0x0001b000
core   0: 0x80000a5e (0x00008cc5) c.or    s1, s1
core   0: 3 0x80000a5e (0x8cc5) x9  0xfffffffb
core   0: 0x80000a60 (0xc536d117) auipc   sp, 0xc536d
core   0: 3 0x80000a60 (0xc536d117) x2  0x4536da60
core   0: 0x80000a64 (0x00008c89) c.sub   s1, a0
core   0: 3 0x80000a64 (0x8c89) x9  0xfffffffb
core   0: 0x80000a66 (0x0314a6b3) mulhsu  a3, s1, a7
core   0: 3 0x80000a66 (0x0314a6b3) x13 0xfffffffb
core   0: 0x80000a6a (0xfe1ee3e3) bltu    t4, ra, pc - 26
core   0: 3 0x80000a6a (0xfe1ee3e3)
core   0: 0x80000a50 (0x19736293) ori     t0, t1, 407
core   0: 3 0x80000a50 (0x19736293) x5  0x00500197
core   0: 0x80000a54 (0x00000ea5) c.addi  t4, 9
core   0: 3 0x80000a54 (0x0ea5) x29 0x0000000b
core   0: 0x80000a56 (0x00009d92) c.add   s11, tp
core   0: 3 0x80000a56 (0x9d92) x27 0x419e7001
core   0: 0x80000a58 (0x0152db93) srli    s7, t0, 21
core   0: 3 0x80000a58 (0x0152db93) x23 0x00000002
core   0: 0x80000a5c (0x0000626d) c.lui   tp, 0x1b
core   0: 3 0x80000a5c (0x626d) x4  0x0001b000
core   0: 0x80000a5e (0x00008cc5) c.or    s1, s1
core   0: 3 0x80000a5e (0x8cc5) x9  0xfffffffb
core   0: 0x80000a60 (0xc536d117) auipc   sp, 0xc536d
core   0: 3 0x80000a60 (0xc536d117) x2  0x4536da60
core   0: 0x80000a64 (0x00008c89) c.sub   s1, a0
core   0: 3 0x80000a64 (0x8c89) x9  0xfffffffb
core   0: 0x80000a66 (0x0314a6b3) mulhsu  a3, s1, a7
core   0: 3 0x80000a66 (0x0314a6b3) x13 0xfffffffb
core   0: 0x80000a6a (0xfe1ee3e3) bltu    t4, ra, pc - 26
core   0: 3 0x80000a6a (0xfe1ee3e3)
core   0: 0x80000a6e (0x41dbd913) srai    s2, s7, 29
core   0: 3 0x80000a6e (0x41dbd913) x18 0x00000000
core   0: 0x80000a72 (0x00005c59) c.li    s8, -10
core   0: 3 0x80000a72 (0x5c59) x24 0xfffffff6
core   0: 0x80000a74 (0x00004ec5) c.li    t4, 17
core   0: 3 0x80000a74 (0x4ec5) x29 0x00000011
core   0: 0x80000a76 (0x038016b3) mulh    a3, zero, s8
core   0: 3 0x80000a76 (0x038016b3) x13 0x00000000
core   0: 0x80000a7a (0x0207ff33) remu    t5, a5, zero
core   0: 3 0x80000a7a (0x0207ff33) x30 0x7fedb5c4
core   0: 0x80000a7e (0x00000c1d) c.addi  s8, 7
core   0: 3 0x80000a7e (0x0c1d) x24 0xfffffffd
core   0: 0x80000a80 (0x00008f01) c.sub   a4, s0
core   0: 3 0x80000a80 (0x8f01) x14 0x7ffd632e
core   0: 0x80000a82 (0x00000f6a) c.slli  t5, 26
core   0: 3 0x80000a82 (0x0f6a) x30 0x10000000
core   0: 0x80000a84 (0x0000631d) c.lui   t1, 0x7
core   0: 3 0x80000a84 (0x631d) x6  0x00007000
core   0: 0x80000a86 (0x02e59cb3) mulh    s9, a1, a4
core   0: 3 0x80000a86 (0x02e59cb3) x25 0x00000000
core   0: 0x80000a8a (0x01f81b93) slli    s7, a6, 31
core   0: 3 0x80000a8a (0x01f81b93) x23 0x00000000
core   0: 0x80000a8e (0x00001e8c) c.addi4spn a1, sp, 880
core   0: 3 0x80000a8e (0x1e8c) x11 0x4536ddd0
core   0: 0x80000a90 (0x0000556d) c.li    a0, -5
core   0: 3 0x80000a90 (0x556d) x10 0xfffffffb
core   0: 0x80000a92 (0x00161913) slli    s2, a2, 1
core   0: 3 0x80000a92 (0x00161913) x18 0x00000000
core   0: 0x80000a96 (0x00000bb9) c.addi  s7, 14
core   0: 3 0x80000a96 (0x0bb9) x23 0x0000000e
core   0: 0x80000a98 (0x000080a6) c.mv    ra, s1
core   0: 3 0x80000a98 (0x80a6) x1  0xfffffffb
core   0: 0x80000a9a (0x00000001) c.nop
core   0: 3 0x80000a9a (0x0001)
core   0: 0x80000a9c (0x020742b3) div     t0, a4, zero
core   0: 3 0x80000a9c (0x020742b3) x5  0xffffffff
core   0: 0x80000aa0 (0x000044a9) c.li    s1, 10
core   0: 3 0x80000aa0 (0x44a9) x9  0x0000000a
core   0: 0x80000aa2 (0x03cc18b3) mulh    a7, s8, t3
core   0: 3 0x80000aa2 (0x03cc18b3) x17 0x00000000
core   0: 0x80000aa6 (0x00008ce9) c.and   s1, a0
core   0: 3 0x80000aa6 (0x8ce9) x9  0x0000000a
core   0: 0x80000aa8 (0x0151a6b3) slt     a3, gp, s5
core   0: 3 0x80000aa8 (0x0151a6b3) x13 0x00000000
core   0: 0x80000aac (0x010e9093) slli    ra, t4, 16
core   0: 3 0x80000aac (0x010e9093) x1  0x00110000
core   0: 0x80000ab0 (0x0109a733) slt     a4, s3, a6
core   0: 3 0x80000ab0 (0x0109a733) x14 0x00000000
core   0: 0x80000ab4 (0x03ea3b33) mulhu   s6, s4, t5
core   0: 3 0x80000ab4 (0x03ea3b33) x22 0x00000000
core   0: 0x80000ab8 (0x00008e09) c.sub   a2, a0
core   0: 3 0x80000ab8 (0x8e09) x12 0x00000005
core   0: 0x80000aba (0x3553e3b7) lui     t2, 0x3553e
core   0: 3 0x80000aba (0x3553e3b7) x7  0x3553e000
core   0: 0x80000abe (0x00000515) c.addi  a0, 5
core   0: 3 0x80000abe (0x0515) x10 0x00000000
core   0: 0x80000ac0 (0x0000d16d) c.beqz  a0, pc - 30
core   0: 3 0x80000ac0 (0xd16d)
core   0: 0x80000aa2 (0x03cc18b3) mulh    a7, s8, t3
core   0: 3 0x80000aa2 (0x03cc18b3) x17 0x00000000
core   0: 0x80000aa6 (0x00008ce9) c.and   s1, a0
core   0: 3 0x80000aa6 (0x8ce9) x9  0x00000000
core   0: 0x80000aa8 (0x0151a6b3) slt     a3, gp, s5
core   0: 3 0x80000aa8 (0x0151a6b3) x13 0x00000000
core   0: 0x80000aac (0x010e9093) slli    ra, t4, 16
core   0: 3 0x80000aac (0x010e9093) x1  0x00110000
core   0: 0x80000ab0 (0x0109a733) slt     a4, s3, a6
core   0: 3 0x80000ab0 (0x0109a733) x14 0x00000000
core   0: 0x80000ab4 (0x03ea3b33) mulhu   s6, s4, t5
core   0: 3 0x80000ab4 (0x03ea3b33) x22 0x00000000
core   0: 0x80000ab8 (0x00008e09) c.sub   a2, a0
core   0: 3 0x80000ab8 (0x8e09) x12 0x00000005
core   0: 0x80000aba (0x3553e3b7) lui     t2, 0x3553e
core   0: 3 0x80000aba (0x3553e3b7) x7  0x3553e000
core   0: 0x80000abe (0x00000515) c.addi  a0, 5
core   0: 3 0x80000abe (0x0515) x10 0x00000005
core   0: 0x80000ac0 (0x0000d16d) c.beqz  a0, pc - 30
core   0: 3 0x80000ac0 (0xd16d)
core   0: 0x80000ac2 (0xeeb6ea13) ori     s4, a3, -277
core   0: 3 0x80000ac2 (0xeeb6ea13) x20 0xfffffeeb
core   0: 0x80000ac6 (0x00008f51) c.or    a4, a2
core   0: 3 0x80000ac6 (0x8f51) x14 0x00000005
core   0: 0x80000ac8 (0x00000001) c.nop
core   0: 3 0x80000ac8 (0x0001)
core   0: 0x80000aca (0xfbdc68e3) bltu    s8, t4, pc - 80
core   0: 3 0x80000aca (0xfbdc68e3)
core   0: 0x80000ace (0x00000001) c.nop
core   0: 3 0x80000ace (0x0001)
core   0: 0x80000ad0 (0x00005be9) c.li    s7, -6
core   0: 3 0x80000ad0 (0x5be9) x23 0xfffffffa
core   0: 0x80000ad2 (0x028028b3) mulhsu  a7, zero, s0
core   0: 3 0x80000ad2 (0x028028b3) x17 0x00000000
core   0: 0x80000ad6 (0x00008ced) c.and   s1, a1
core   0: 3 0x80000ad6 (0x8ced) x9  0x00000000
core   0: 0x80000ad8 (0x00008a3d) c.andi  a2, 15
core   0: 3 0x80000ad8 (0x8a3d) x12 0x00000005
core   0: 0x80000ada (0x000137b3) sltu    a5, sp, zero
core   0: 3 0x80000ada (0x000137b3) x15 0x00000000
core   0: 0x80000ade (0x00004e19) c.li    t3, 6
core   0: 3 0x80000ade (0x4e19) x28 0x00000006
core   0: 0x80000ae0 (0x2b931117) auipc   sp, 0x2b931
core   0: 3 0x80000ae0 (0x2b931117) x2  0xab931ae0
core   0: 0x80000ae4 (0x0000611d) c.addi16sp sp, 416
core   0: 3 0x80000ae4 (0x611d) x2  0xab931c80
core   0: 0x80000ae6 (0x027a40b3) div     ra, s4, t2
core   0: 3 0x80000ae6 (0x027a40b3) x1  0x00000000
core   0: 0x80000aea (0x00008fe1) c.and   a5, s0
core   0: 3 0x80000aea (0x8fe1) x15 0x00000000
core   0: 0x80000aec (0x00008ead) c.xor   a3, a1
core   0: 3 0x80000aec (0x8ead) x13 0x4536ddd0
core   0: 0x80000aee (0x00000152) c.slli  sp, 20
core   0: 3 0x80000aee (0x0152) x2  0xc8000000
core   0: 0x80000af0 (0x0188f033) and     zero, a7, s8
core   0: 3 0x80000af0 (0x0188f033)
core   0: 0x80000af4 (0x00000b85) c.addi  s7, 1
core   0: 3 0x80000af4 (0x0b85) x23 0xfffffffb
core   0: 0x80000af6 (0x00006885) c.lui   a7, 0x1
core   0: 3 0x80000af6 (0x6885) x17 0x00001000
core   0: 0x80000af8 (0xffcb87e3) beq     s7, t3, pc - 18
core   0: 3 0x80000af8 (0xffcb87e3)
core   0: 0x80000afc (0x00008ff1) c.and   a5, a2
core   0: 3 0x80000afc (0x8ff1) x15 0x00000000
core   0: 0x80000afe (0x00004915) c.li    s2, 5
core   0: 3 0x80000afe (0x4915) x18 0x00000005
core   0: 0x80000b00 (0x000049d1) c.li    s3, 20
core   0: 3 0x80000b00 (0x49d1) x19 0x00000014
core   0: 0x80000b02 (0x0348a6b3) mulhsu  a3, a7, s4
core   0: 3 0x80000b02 (0x0348a6b3) x13 0x00000fff
core   0: 0x80000b06 (0x03f47233) remu    tp, s0, t6
core   0: 3 0x80000b06 (0x03f47233) x4  0x00000000
core   0: 0x80000b0a (0x005d4c33) xor     s8, s10, t0
core   0: 3 0x80000b0a (0x005d4c33) x24 0xfffffff8
core   0: 0x80000b0e (0x0000090d) c.addi  s2, 3
core   0: 3 0x80000b0e (0x090d) x18 0x00000008
core   0: 0x80000b10 (0x000054d9) c.li    s1, -10
core   0: 3 0x80000b10 (0x54d9) x9  0xfffffff6
core   0: 0x80000b12 (0x00000001) c.nop
core   0: 3 0x80000b12 (0x0001)
core   0: 0x80000b14 (0x4005d333) sra     t1, a1, zero
core   0: 3 0x80000b14 (0x4005d333) x6  0x4536ddd0
core   0: 0x80000b18 (0x0140e3b3) or      t2, ra, s4
core   0: 3 0x80000b18 (0x0140e3b3) x7  0xfffffeeb
core   0: 0x80000b1c (0x00008981) c.andi  a1, 0
core   0: 3 0x80000b1c (0x8981) x11 0x00000000
core   0: 0x80000b1e (0x000096c2) c.add   a3, a6
core   0: 3 0x80000b1e (0x96c2) x13 0x80000fff
core   0: 0x80000b20 (0x00000489) c.addi  s1, 2
core   0: 3 0x80000b20 (0x0489) x9  0xfffffff8
core   0: 0x80000b22 (0x00000c9c) c.addi4spn a5, sp, 592
core   0: 3 0x80000b22 (0x0c9c) x15 0xc8000250
core   0: 0x80000b24 (0xba2e4513) xori    a0, t3, -1118
core   0: 3 0x80000b24 (0xba2e4513) x10 0xfffffba4
core   0: 0x80000b28 (0x40c65513) srai    a0, a2, 12
core   0: 3 0x80000b28 (0x40c65513) x10 0x00000000
core   0: 0x80000b2c (0x0000f4f5) c.bnez  s1, pc - 20
core   0: 3 0x80000b2c (0xf4f5)
core   0: 0x80000b18 (0x0140e3b3) or      t2, ra, s4
core   0: 3 0x80000b18 (0x0140e3b3) x7  0xfffffeeb
core   0: 0x80000b1c (0x00008981) c.andi  a1, 0
core   0: 3 0x80000b1c (0x8981) x11 0x00000000
core   0: 0x80000b1e (0x000096c2) c.add   a3, a6
core   0: 3 0x80000b1e (0x96c2) x13 0x00000fff
core   0: 0x80000b20 (0x00000489) c.addi  s1, 2
core   0: 3 0x80000b20 (0x0489) x9  0xfffffffa
core   0: 0x80000b22 (0x00000c9c) c.addi4spn a5, sp, 592
core   0: 3 0x80000b22 (0x0c9c) x15 0xc8000250
core   0: 0x80000b24 (0xba2e4513) xori    a0, t3, -1118
core   0: 3 0x80000b24 (0xba2e4513) x10 0xfffffba4
core   0: 0x80000b28 (0x40c65513) srai    a0, a2, 12
core   0: 3 0x80000b28 (0x40c65513) x10 0x00000000
core   0: 0x80000b2c (0x0000f4f5) c.bnez  s1, pc - 20
core   0: 3 0x80000b2c (0xf4f5)
core   0: 0x80000b18 (0x0140e3b3) or      t2, ra, s4
core   0: 3 0x80000b18 (0x0140e3b3) x7  0xfffffeeb
core   0: 0x80000b1c (0x00008981) c.andi  a1, 0
core   0: 3 0x80000b1c (0x8981) x11 0x00000000
core   0: 0x80000b1e (0x000096c2) c.add   a3, a6
core   0: 3 0x80000b1e (0x96c2) x13 0x80000fff
core   0: 0x80000b20 (0x00000489) c.addi  s1, 2
core   0: 3 0x80000b20 (0x0489) x9  0xfffffffc
core   0: 0x80000b22 (0x00000c9c) c.addi4spn a5, sp, 592
core   0: 3 0x80000b22 (0x0c9c) x15 0xc8000250
core   0: 0x80000b24 (0xba2e4513) xori    a0, t3, -1118
core   0: 3 0x80000b24 (0xba2e4513) x10 0xfffffba4
core   0: 0x80000b28 (0x40c65513) srai    a0, a2, 12
core   0: 3 0x80000b28 (0x40c65513) x10 0x00000000
core   0: 0x80000b2c (0x0000f4f5) c.bnez  s1, pc - 20
core   0: 3 0x80000b2c (0xf4f5)
core   0: 0x80000b18 (0x0140e3b3) or      t2, ra, s4
core   0: 3 0x80000b18 (0x0140e3b3) x7  0xfffffeeb
core   0: 0x80000b1c (0x00008981) c.andi  a1, 0
core   0: 3 0x80000b1c (0x8981) x11 0x00000000
core   0: 0x80000b1e (0x000096c2) c.add   a3, a6
core   0: 3 0x80000b1e (0x96c2) x13 0x00000fff
core   0: 0x80000b20 (0x00000489) c.addi  s1, 2
core   0: 3 0x80000b20 (0x0489) x9  0xfffffffe
core   0: 0x80000b22 (0x00000c9c) c.addi4spn a5, sp, 592
core   0: 3 0x80000b22 (0x0c9c) x15 0xc8000250
core   0: 0x80000b24 (0xba2e4513) xori    a0, t3, -1118
core   0: 3 0x80000b24 (0xba2e4513) x10 0xfffffba4
core   0: 0x80000b28 (0x40c65513) srai    a0, a2, 12
core   0: 3 0x80000b28 (0x40c65513) x10 0x00000000
core   0: 0x80000b2c (0x0000f4f5) c.bnez  s1, pc - 20
core   0: 3 0x80000b2c (0xf4f5)
core   0: 0x80000b18 (0x0140e3b3) or      t2, ra, s4
core   0: 3 0x80000b18 (0x0140e3b3) x7  0xfffffeeb
core   0: 0x80000b1c (0x00008981) c.andi  a1, 0
core   0: 3 0x80000b1c (0x8981) x11 0x00000000
core   0: 0x80000b1e (0x000096c2) c.add   a3, a6
core   0: 3 0x80000b1e (0x96c2) x13 0x80000fff
core   0: 0x80000b20 (0x00000489) c.addi  s1, 2
core   0: 3 0x80000b20 (0x0489) x9  0x00000000
core   0: 0x80000b22 (0x00000c9c) c.addi4spn a5, sp, 592
core   0: 3 0x80000b22 (0x0c9c) x15 0xc8000250
core   0: 0x80000b24 (0xba2e4513) xori    a0, t3, -1118
core   0: 3 0x80000b24 (0xba2e4513) x10 0xfffffba4
core   0: 0x80000b28 (0x40c65513) srai    a0, a2, 12
core   0: 3 0x80000b28 (0x40c65513) x10 0x00000000
core   0: 0x80000b2c (0x0000f4f5) c.bnez  s1, pc - 20
core   0: 3 0x80000b2c (0xf4f5)
core   0: 0x80000b2e (0xf3c3ce93) xori    t4, t2, -196
core   0: 3 0x80000b2e (0xf3c3ce93) x29 0x000001d7
core   0: 0x80000b32 (0x0124ceb3) xor     t4, s1, s2
core   0: 3 0x80000b32 (0x0124ceb3) x29 0x00000008
core   0: 0x80000b36 (0xfd3968e3) bltu    s2, s3, pc - 48
core   0: 3 0x80000b36 (0xfd3968e3)
core   0: 0x80000b06 (0x03f47233) remu    tp, s0, t6
core   0: 3 0x80000b06 (0x03f47233) x4  0x00000000
core   0: 0x80000b0a (0x005d4c33) xor     s8, s10, t0
core   0: 3 0x80000b0a (0x005d4c33) x24 0xfffffff8
core   0: 0x80000b0e (0x0000090d) c.addi  s2, 3
core   0: 3 0x80000b0e (0x090d) x18 0x0000000b
core   0: 0x80000b10 (0x000054d9) c.li    s1, -10
core   0: 3 0x80000b10 (0x54d9) x9  0xfffffff6
core   0: 0x80000b12 (0x00000001) c.nop
core   0: 3 0x80000b12 (0x0001)
core   0: 0x80000b14 (0x4005d333) sra     t1, a1, zero
core   0: 3 0x80000b14 (0x4005d333) x6  0x00000000
core   0: 0x80000b18 (0x0140e3b3) or      t2, ra, s4
core   0: 3 0x80000b18 (0x0140e3b3) x7  0xfffffeeb
core   0: 0x80000b1c (0x00008981) c.andi  a1, 0
core   0: 3 0x80000b1c (0x8981) x11 0x00000000
core   0: 0x80000b1e (0x000096c2) c.add   a3, a6
core   0: 3 0x80000b1e (0x96c2) x13 0x00000fff
core   0: 0x80000b20 (0x00000489) c.addi  s1, 2
core   0: 3 0x80000b20 (0x0489) x9  0xfffffff8
core   0: 0x80000b22 (0x00000c9c) c.addi4spn a5, sp, 592
core   0: 3 0x80000b22 (0x0c9c) x15 0xc8000250
core   0: 0x80000b24 (0xba2e4513) xori    a0, t3, -1118
core   0: 3 0x80000b24 (0xba2e4513) x10 0xfffffba4
core   0: 0x80000b28 (0x40c65513) srai    a0, a2, 12
core   0: 3 0x80000b28 (0x40c65513) x10 0x00000000
core   0: 0x80000b2c (0x0000f4f5) c.bnez  s1, pc - 20
core   0: 3 0x80000b2c (0xf4f5)
core   0: 0x80000b18 (0x0140e3b3) or      t2, ra, s4
core   0: 3 0x80000b18 (0x0140e3b3) x7  0xfffffeeb
core   0: 0x80000b1c (0x00008981) c.andi  a1, 0
core   0: 3 0x80000b1c (0x8981) x11 0x00000000
core   0: 0x80000b1e (0x000096c2) c.add   a3, a6
core   0: 3 0x80000b1e (0x96c2) x13 0x80000fff
core   0: 0x80000b20 (0x00000489) c.addi  s1, 2
core   0: 3 0x80000b20 (0x0489) x9  0xfffffffa
core   0: 0x80000b22 (0x00000c9c) c.addi4spn a5, sp, 592
core   0: 3 0x80000b22 (0x0c9c) x15 0xc8000250
core   0: 0x80000b24 (0xba2e4513) xori    a0, t3, -1118
core   0: 3 0x80000b24 (0xba2e4513) x10 0xfffffba4
core   0: 0x80000b28 (0x40c65513) srai    a0, a2, 12
core   0: 3 0x80000b28 (0x40c65513) x10 0x00000000
core   0: 0x80000b2c (0x0000f4f5) c.bnez  s1, pc - 20
core   0: 3 0x80000b2c (0xf4f5)
core   0: 0x80000b18 (0x0140e3b3) or      t2, ra, s4
core   0: 3 0x80000b18 (0x0140e3b3) x7  0xfffffeeb
core   0: 0x80000b1c (0x00008981) c.andi  a1, 0
core   0: 3 0x80000b1c (0x8981) x11 0x00000000
core   0: 0x80000b1e (0x000096c2) c.add   a3, a6
core   0: 3 0x80000b1e (0x96c2) x13 0x00000fff
core   0: 0x80000b20 (0x00000489) c.addi  s1, 2
core   0: 3 0x80000b20 (0x0489) x9  0xfffffffc
core   0: 0x80000b22 (0x00000c9c) c.addi4spn a5, sp, 592
core   0: 3 0x80000b22 (0x0c9c) x15 0xc8000250
core   0: 0x80000b24 (0xba2e4513) xori    a0, t3, -1118
core   0: 3 0x80000b24 (0xba2e4513) x10 0xfffffba4
core   0: 0x80000b28 (0x40c65513) srai    a0, a2, 12
core   0: 3 0x80000b28 (0x40c65513) x10 0x00000000
core   0: 0x80000b2c (0x0000f4f5) c.bnez  s1, pc - 20
core   0: 3 0x80000b2c (0xf4f5)
core   0: 0x80000b18 (0x0140e3b3) or      t2, ra, s4
core   0: 3 0x80000b18 (0x0140e3b3) x7  0xfffffeeb
core   0: 0x80000b1c (0x00008981) c.andi  a1, 0
core   0: 3 0x80000b1c (0x8981) x11 0x00000000
core   0: 0x80000b1e (0x000096c2) c.add   a3, a6
core   0: 3 0x80000b1e (0x96c2) x13 0x80000fff
core   0: 0x80000b20 (0x00000489) c.addi  s1, 2
core   0: 3 0x80000b20 (0x0489) x9  0xfffffffe
core   0: 0x80000b22 (0x00000c9c) c.addi4spn a5, sp, 592
core   0: 3 0x80000b22 (0x0c9c) x15 0xc8000250
core   0: 0x80000b24 (0xba2e4513) xori    a0, t3, -1118
core   0: 3 0x80000b24 (0xba2e4513) x10 0xfffffba4
core   0: 0x80000b28 (0x40c65513) srai    a0, a2, 12
core   0: 3 0x80000b28 (0x40c65513) x10 0x00000000
core   0: 0x80000b2c (0x0000f4f5) c.bnez  s1, pc - 20
core   0: 3 0x80000b2c (0xf4f5)
core   0: 0x80000b18 (0x0140e3b3) or      t2, ra, s4
core   0: 3 0x80000b18 (0x0140e3b3) x7  0xfffffeeb
core   0: 0x80000b1c (0x00008981) c.andi  a1, 0
core   0: 3 0x80000b1c (0x8981) x11 0x00000000
core   0: 0x80000b1e (0x000096c2) c.add   a3, a6
core   0: 3 0x80000b1e (0x96c2) x13 0x00000fff
core   0: 0x80000b20 (0x00000489) c.addi  s1, 2
core   0: 3 0x80000b20 (0x0489) x9  0x00000000
core   0: 0x80000b22 (0x00000c9c) c.addi4spn a5, sp, 592
core   0: 3 0x80000b22 (0x0c9c) x15 0xc8000250
core   0: 0x80000b24 (0xba2e4513) xori    a0, t3, -1118
core   0: 3 0x80000b24 (0xba2e4513) x10 0xfffffba4
core   0: 0x80000b28 (0x40c65513) srai    a0, a2, 12
core   0: 3 0x80000b28 (0x40c65513) x10 0x00000000
core   0: 0x80000b2c (0x0000f4f5) c.bnez  s1, pc - 20
core   0: 3 0x80000b2c (0xf4f5)
core   0: 0x80000b2e (0xf3c3ce93) xori    t4, t2, -196
core   0: 3 0x80000b2e (0xf3c3ce93) x29 0x000001d7
core   0: 0x80000b32 (0x0124ceb3) xor     t4, s1, s2
core   0: 3 0x80000b32 (0x0124ceb3) x29 0x0000000b
core   0: 0x80000b36 (0xfd3968e3) bltu    s2, s3, pc - 48
core   0: 3 0x80000b36 (0xfd3968e3)
core   0: 0x80000b06 (0x03f47233) remu    tp, s0, t6
core   0: 3 0x80000b06 (0x03f47233) x4  0x00000000
core   0: 0x80000b0a (0x005d4c33) xor     s8, s10, t0
core   0: 3 0x80000b0a (0x005d4c33) x24 0xfffffff8
core   0: 0x80000b0e (0x0000090d) c.addi  s2, 3
core   0: 3 0x80000b0e (0x090d) x18 0x0000000e
core   0: 0x80000b10 (0x000054d9) c.li    s1, -10
core   0: 3 0x80000b10 (0x54d9) x9  0xfffffff6
core   0: 0x80000b12 (0x00000001) c.nop
core   0: 3 0x80000b12 (0x0001)
core   0: 0x80000b14 (0x4005d333) sra     t1, a1, zero
core   0: 3 0x80000b14 (0x4005d333) x6  0x00000000
core   0: 0x80000b18 (0x0140e3b3) or      t2, ra, s4
core   0: 3 0x80000b18 (0x0140e3b3) x7  0xfffffeeb
core   0: 0x80000b1c (0x00008981) c.andi  a1, 0
core   0: 3 0x80000b1c (0x8981) x11 0x00000000
core   0: 0x80000b1e (0x000096c2) c.add   a3, a6
core   0: 3 0x80000b1e (0x96c2) x13 0x80000fff
core   0: 0x80000b20 (0x00000489) c.addi  s1, 2
core   0: 3 0x80000b20 (0x0489) x9  0xfffffff8
core   0: 0x80000b22 (0x00000c9c) c.addi4spn a5, sp, 592
core   0: 3 0x80000b22 (0x0c9c) x15 0xc8000250
core   0: 0x80000b24 (0xba2e4513) xori    a0, t3, -1118
core   0: 3 0x80000b24 (0xba2e4513) x10 0xfffffba4
core   0: 0x80000b28 (0x40c65513) srai    a0, a2, 12
core   0: 3 0x80000b28 (0x40c65513) x10 0x00000000
core   0: 0x80000b2c (0x0000f4f5) c.bnez  s1, pc - 20
core   0: 3 0x80000b2c (0xf4f5)
core   0: 0x80000b18 (0x0140e3b3) or      t2, ra, s4
core   0: 3 0x80000b18 (0x0140e3b3) x7  0xfffffeeb
core   0: 0x80000b1c (0x00008981) c.andi  a1, 0
core   0: 3 0x80000b1c (0x8981) x11 0x00000000
core   0: 0x80000b1e (0x000096c2) c.add   a3, a6
core   0: 3 0x80000b1e (0x96c2) x13 0x00000fff
core   0: 0x80000b20 (0x00000489) c.addi  s1, 2
core   0: 3 0x80000b20 (0x0489) x9  0xfffffffa
core   0: 0x80000b22 (0x00000c9c) c.addi4spn a5, sp, 592
core   0: 3 0x80000b22 (0x0c9c) x15 0xc8000250
core   0: 0x80000b24 (0xba2e4513) xori    a0, t3, -1118
core   0: 3 0x80000b24 (0xba2e4513) x10 0xfffffba4
core   0: 0x80000b28 (0x40c65513) srai    a0, a2, 12
core   0: 3 0x80000b28 (0x40c65513) x10 0x00000000
core   0: 0x80000b2c (0x0000f4f5) c.bnez  s1, pc - 20
core   0: 3 0x80000b2c (0xf4f5)
core   0: 0x80000b18 (0x0140e3b3) or      t2, ra, s4
core   0: 3 0x80000b18 (0x0140e3b3) x7  0xfffffeeb
core   0: 0x80000b1c (0x00008981) c.andi  a1, 0
core   0: 3 0x80000b1c (0x8981) x11 0x00000000
core   0: 0x80000b1e (0x000096c2) c.add   a3, a6
core   0: 3 0x80000b1e (0x96c2) x13 0x80000fff
core   0: 0x80000b20 (0x00000489) c.addi  s1, 2
core   0: 3 0x80000b20 (0x0489) x9  0xfffffffc
core   0: 0x80000b22 (0x00000c9c) c.addi4spn a5, sp, 592
core   0: 3 0x80000b22 (0x0c9c) x15 0xc8000250
core   0: 0x80000b24 (0xba2e4513) xori    a0, t3, -1118
core   0: 3 0x80000b24 (0xba2e4513) x10 0xfffffba4
core   0: 0x80000b28 (0x40c65513) srai    a0, a2, 12
core   0: 3 0x80000b28 (0x40c65513) x10 0x00000000
core   0: 0x80000b2c (0x0000f4f5) c.bnez  s1, pc - 20
core   0: 3 0x80000b2c (0xf4f5)
core   0: 0x80000b18 (0x0140e3b3) or      t2, ra, s4
core   0: 3 0x80000b18 (0x0140e3b3) x7  0xfffffeeb
core   0: 0x80000b1c (0x00008981) c.andi  a1, 0
core   0: 3 0x80000b1c (0x8981) x11 0x00000000
core   0: 0x80000b1e (0x000096c2) c.add   a3, a6
core   0: 3 0x80000b1e (0x96c2) x13 0x00000fff
core   0: 0x80000b20 (0x00000489) c.addi  s1, 2
core   0: 3 0x80000b20 (0x0489) x9  0xfffffffe
core   0: 0x80000b22 (0x00000c9c) c.addi4spn a5, sp, 592
core   0: 3 0x80000b22 (0x0c9c) x15 0xc8000250
core   0: 0x80000b24 (0xba2e4513) xori    a0, t3, -1118
core   0: 3 0x80000b24 (0xba2e4513) x10 0xfffffba4
core   0: 0x80000b28 (0x40c65513) srai    a0, a2, 12
core   0: 3 0x80000b28 (0x40c65513) x10 0x00000000
core   0: 0x80000b2c (0x0000f4f5) c.bnez  s1, pc - 20
core   0: 3 0x80000b2c (0xf4f5)
core   0: 0x80000b18 (0x0140e3b3) or      t2, ra, s4
core   0: 3 0x80000b18 (0x0140e3b3) x7  0xfffffeeb
core   0: 0x80000b1c (0x00008981) c.andi  a1, 0
core   0: 3 0x80000b1c (0x8981) x11 0x00000000
core   0: 0x80000b1e (0x000096c2) c.add   a3, a6
core   0: 3 0x80000b1e (0x96c2) x13 0x80000fff
core   0: 0x80000b20 (0x00000489) c.addi  s1, 2
core   0: 3 0x80000b20 (0x0489) x9  0x00000000
core   0: 0x80000b22 (0x00000c9c) c.addi4spn a5, sp, 592
core   0: 3 0x80000b22 (0x0c9c) x15 0xc8000250
core   0: 0x80000b24 (0xba2e4513) xori    a0, t3, -1118
core   0: 3 0x80000b24 (0xba2e4513) x10 0xfffffba4
core   0: 0x80000b28 (0x40c65513) srai    a0, a2, 12
core   0: 3 0x80000b28 (0x40c65513) x10 0x00000000
core   0: 0x80000b2c (0x0000f4f5) c.bnez  s1, pc - 20
core   0: 3 0x80000b2c (0xf4f5)
core   0: 0x80000b2e (0xf3c3ce93) xori    t4, t2, -196
core   0: 3 0x80000b2e (0xf3c3ce93) x29 0x000001d7
core   0: 0x80000b32 (0x0124ceb3) xor     t4, s1, s2
core   0: 3 0x80000b32 (0x0124ceb3) x29 0x0000000e
core   0: 0x80000b36 (0xfd3968e3) bltu    s2, s3, pc - 48
core   0: 3 0x80000b36 (0xfd3968e3)
core   0: 0x80000b06 (0x03f47233) remu    tp, s0, t6
core   0: 3 0x80000b06 (0x03f47233) x4  0x00000000
core   0: 0x80000b0a (0x005d4c33) xor     s8, s10, t0
core   0: 3 0x80000b0a (0x005d4c33) x24 0xfffffff8
core   0: 0x80000b0e (0x0000090d) c.addi  s2, 3
core   0: 3 0x80000b0e (0x090d) x18 0x00000011
core   0: 0x80000b10 (0x000054d9) c.li    s1, -10
core   0: 3 0x80000b10 (0x54d9) x9  0xfffffff6
core   0: 0x80000b12 (0x00000001) c.nop
core   0: 3 0x80000b12 (0x0001)
core   0: 0x80000b14 (0x4005d333) sra     t1, a1, zero
core   0: 3 0x80000b14 (0x4005d333) x6  0x00000000
core   0: 0x80000b18 (0x0140e3b3) or      t2, ra, s4
core   0: 3 0x80000b18 (0x0140e3b3) x7  0xfffffeeb
core   0: 0x80000b1c (0x00008981) c.andi  a1, 0
core   0: 3 0x80000b1c (0x8981) x11 0x00000000
core   0: 0x80000b1e (0x000096c2) c.add   a3, a6
core   0: 3 0x80000b1e (0x96c2) x13 0x00000fff
core   0: 0x80000b20 (0x00000489) c.addi  s1, 2
core   0: 3 0x80000b20 (0x0489) x9  0xfffffff8
core   0: 0x80000b22 (0x00000c9c) c.addi4spn a5, sp, 592
core   0: 3 0x80000b22 (0x0c9c) x15 0xc8000250
core   0: 0x80000b24 (0xba2e4513) xori    a0, t3, -1118
core   0: 3 0x80000b24 (0xba2e4513) x10 0xfffffba4
core   0: 0x80000b28 (0x40c65513) srai    a0, a2, 12
core   0: 3 0x80000b28 (0x40c65513) x10 0x00000000
core   0: 0x80000b2c (0x0000f4f5) c.bnez  s1, pc - 20
core   0: 3 0x80000b2c (0xf4f5)
core   0: 0x80000b18 (0x0140e3b3) or      t2, ra, s4
core   0: 3 0x80000b18 (0x0140e3b3) x7  0xfffffeeb
core   0: 0x80000b1c (0x00008981) c.andi  a1, 0
core   0: 3 0x80000b1c (0x8981) x11 0x00000000
core   0: 0x80000b1e (0x000096c2) c.add   a3, a6
core   0: 3 0x80000b1e (0x96c2) x13 0x80000fff
core   0: 0x80000b20 (0x00000489) c.addi  s1, 2
core   0: 3 0x80000b20 (0x0489) x9  0xfffffffa
core   0: 0x80000b22 (0x00000c9c) c.addi4spn a5, sp, 592
core   0: 3 0x80000b22 (0x0c9c) x15 0xc8000250
core   0: 0x80000b24 (0xba2e4513) xori    a0, t3, -1118
core   0: 3 0x80000b24 (0xba2e4513) x10 0xfffffba4
core   0: 0x80000b28 (0x40c65513) srai    a0, a2, 12
core   0: 3 0x80000b28 (0x40c65513) x10 0x00000000
core   0: 0x80000b2c (0x0000f4f5) c.bnez  s1, pc - 20
core   0: 3 0x80000b2c (0xf4f5)
core   0: 0x80000b18 (0x0140e3b3) or      t2, ra, s4
core   0: 3 0x80000b18 (0x0140e3b3) x7  0xfffffeeb
core   0: 0x80000b1c (0x00008981) c.andi  a1, 0
core   0: 3 0x80000b1c (0x8981) x11 0x00000000
core   0: 0x80000b1e (0x000096c2) c.add   a3, a6
core   0: 3 0x80000b1e (0x96c2) x13 0x00000fff
core   0: 0x80000b20 (0x00000489) c.addi  s1, 2
core   0: 3 0x80000b20 (0x0489) x9  0xfffffffc
core   0: 0x80000b22 (0x00000c9c) c.addi4spn a5, sp, 592
core   0: 3 0x80000b22 (0x0c9c) x15 0xc8000250
core   0: 0x80000b24 (0xba2e4513) xori    a0, t3, -1118
core   0: 3 0x80000b24 (0xba2e4513) x10 0xfffffba4
core   0: 0x80000b28 (0x40c65513) srai    a0, a2, 12
core   0: 3 0x80000b28 (0x40c65513) x10 0x00000000
core   0: 0x80000b2c (0x0000f4f5) c.bnez  s1, pc - 20
core   0: 3 0x80000b2c (0xf4f5)
core   0: 0x80000b18 (0x0140e3b3) or      t2, ra, s4
core   0: 3 0x80000b18 (0x0140e3b3) x7  0xfffffeeb
core   0: 0x80000b1c (0x00008981) c.andi  a1, 0
core   0: 3 0x80000b1c (0x8981) x11 0x00000000
core   0: 0x80000b1e (0x000096c2) c.add   a3, a6
core   0: 3 0x80000b1e (0x96c2) x13 0x80000fff
core   0: 0x80000b20 (0x00000489) c.addi  s1, 2
core   0: 3 0x80000b20 (0x0489) x9  0xfffffffe
core   0: 0x80000b22 (0x00000c9c) c.addi4spn a5, sp, 592
core   0: 3 0x80000b22 (0x0c9c) x15 0xc8000250
core   0: 0x80000b24 (0xba2e4513) xori    a0, t3, -1118
core   0: 3 0x80000b24 (0xba2e4513) x10 0xfffffba4
core   0: 0x80000b28 (0x40c65513) srai    a0, a2, 12
core   0: 3 0x80000b28 (0x40c65513) x10 0x00000000
core   0: 0x80000b2c (0x0000f4f5) c.bnez  s1, pc - 20
core   0: 3 0x80000b2c (0xf4f5)
core   0: 0x80000b18 (0x0140e3b3) or      t2, ra, s4
core   0: 3 0x80000b18 (0x0140e3b3) x7  0xfffffeeb
core   0: 0x80000b1c (0x00008981) c.andi  a1, 0
core   0: 3 0x80000b1c (0x8981) x11 0x00000000
core   0: 0x80000b1e (0x000096c2) c.add   a3, a6
core   0: 3 0x80000b1e (0x96c2) x13 0x00000fff
core   0: 0x80000b20 (0x00000489) c.addi  s1, 2
core   0: 3 0x80000b20 (0x0489) x9  0x00000000
core   0: 0x80000b22 (0x00000c9c) c.addi4spn a5, sp, 592
core   0: 3 0x80000b22 (0x0c9c) x15 0xc8000250
core   0: 0x80000b24 (0xba2e4513) xori    a0, t3, -1118
core   0: 3 0x80000b24 (0xba2e4513) x10 0xfffffba4
core   0: 0x80000b28 (0x40c65513) srai    a0, a2, 12
core   0: 3 0x80000b28 (0x40c65513) x10 0x00000000
core   0: 0x80000b2c (0x0000f4f5) c.bnez  s1, pc - 20
core   0: 3 0x80000b2c (0xf4f5)
core   0: 0x80000b2e (0xf3c3ce93) xori    t4, t2, -196
core   0: 3 0x80000b2e (0xf3c3ce93) x29 0x000001d7
core   0: 0x80000b32 (0x0124ceb3) xor     t4, s1, s2
core   0: 3 0x80000b32 (0x0124ceb3) x29 0x00000011
core   0: 0x80000b36 (0xfd3968e3) bltu    s2, s3, pc - 48
core   0: 3 0x80000b36 (0xfd3968e3)
core   0: 0x80000b06 (0x03f47233) remu    tp, s0, t6
core   0: 3 0x80000b06 (0x03f47233) x4  0x00000000
core   0: 0x80000b0a (0x005d4c33) xor     s8, s10, t0
core   0: 3 0x80000b0a (0x005d4c33) x24 0xfffffff8
core   0: 0x80000b0e (0x0000090d) c.addi  s2, 3
core   0: 3 0x80000b0e (0x090d) x18 0x00000014
core   0: 0x80000b10 (0x000054d9) c.li    s1, -10
core   0: 3 0x80000b10 (0x54d9) x9  0xfffffff6
core   0: 0x80000b12 (0x00000001) c.nop
core   0: 3 0x80000b12 (0x0001)
core   0: 0x80000b14 (0x4005d333) sra     t1, a1, zero
core   0: 3 0x80000b14 (0x4005d333) x6  0x00000000
core   0: 0x80000b18 (0x0140e3b3) or      t2, ra, s4
core   0: 3 0x80000b18 (0x0140e3b3) x7  0xfffffeeb
core   0: 0x80000b1c (0x00008981) c.andi  a1, 0
core   0: 3 0x80000b1c (0x8981) x11 0x00000000
core   0: 0x80000b1e (0x000096c2) c.add   a3, a6
core   0: 3 0x80000b1e (0x96c2) x13 0x80000fff
core   0: 0x80000b20 (0x00000489) c.addi  s1, 2
core   0: 3 0x80000b20 (0x0489) x9  0xfffffff8
core   0: 0x80000b22 (0x00000c9c) c.addi4spn a5, sp, 592
core   0: 3 0x80000b22 (0x0c9c) x15 0xc8000250
core   0: 0x80000b24 (0xba2e4513) xori    a0, t3, -1118
core   0: 3 0x80000b24 (0xba2e4513) x10 0xfffffba4
core   0: 0x80000b28 (0x40c65513) srai    a0, a2, 12
core   0: 3 0x80000b28 (0x40c65513) x10 0x00000000
core   0: 0x80000b2c (0x0000f4f5) c.bnez  s1, pc - 20
core   0: 3 0x80000b2c (0xf4f5)
core   0: 0x80000b18 (0x0140e3b3) or      t2, ra, s4
core   0: 3 0x80000b18 (0x0140e3b3) x7  0xfffffeeb
core   0: 0x80000b1c (0x00008981) c.andi  a1, 0
core   0: 3 0x80000b1c (0x8981) x11 0x00000000
core   0: 0x80000b1e (0x000096c2) c.add   a3, a6
core   0: 3 0x80000b1e (0x96c2) x13 0x00000fff
core   0: 0x80000b20 (0x00000489) c.addi  s1, 2
core   0: 3 0x80000b20 (0x0489) x9  0xfffffffa
core   0: 0x80000b22 (0x00000c9c) c.addi4spn a5, sp, 592
core   0: 3 0x80000b22 (0x0c9c) x15 0xc8000250
core   0: 0x80000b24 (0xba2e4513) xori    a0, t3, -1118
core   0: 3 0x80000b24 (0xba2e4513) x10 0xfffffba4
core   0: 0x80000b28 (0x40c65513) srai    a0, a2, 12
core   0: 3 0x80000b28 (0x40c65513) x10 0x00000000
core   0: 0x80000b2c (0x0000f4f5) c.bnez  s1, pc - 20
core   0: 3 0x80000b2c (0xf4f5)
core   0: 0x80000b18 (0x0140e3b3) or      t2, ra, s4
core   0: 3 0x80000b18 (0x0140e3b3) x7  0xfffffeeb
core   0: 0x80000b1c (0x00008981) c.andi  a1, 0
core   0: 3 0x80000b1c (0x8981) x11 0x00000000
core   0: 0x80000b1e (0x000096c2) c.add   a3, a6
core   0: 3 0x80000b1e (0x96c2) x13 0x80000fff
core   0: 0x80000b20 (0x00000489) c.addi  s1, 2
core   0: 3 0x80000b20 (0x0489) x9  0xfffffffc
core   0: 0x80000b22 (0x00000c9c) c.addi4spn a5, sp, 592
core   0: 3 0x80000b22 (0x0c9c) x15 0xc8000250
core   0: 0x80000b24 (0xba2e4513) xori    a0, t3, -1118
core   0: 3 0x80000b24 (0xba2e4513) x10 0xfffffba4
core   0: 0x80000b28 (0x40c65513) srai    a0, a2, 12
core   0: 3 0x80000b28 (0x40c65513) x10 0x00000000
core   0: 0x80000b2c (0x0000f4f5) c.bnez  s1, pc - 20
core   0: 3 0x80000b2c (0xf4f5)
core   0: 0x80000b18 (0x0140e3b3) or      t2, ra, s4
core   0: 3 0x80000b18 (0x0140e3b3) x7  0xfffffeeb
core   0: 0x80000b1c (0x00008981) c.andi  a1, 0
core   0: 3 0x80000b1c (0x8981) x11 0x00000000
core   0: 0x80000b1e (0x000096c2) c.add   a3, a6
core   0: 3 0x80000b1e (0x96c2) x13 0x00000fff
core   0: 0x80000b20 (0x00000489) c.addi  s1, 2
core   0: 3 0x80000b20 (0x0489) x9  0xfffffffe
core   0: 0x80000b22 (0x00000c9c) c.addi4spn a5, sp, 592
core   0: 3 0x80000b22 (0x0c9c) x15 0xc8000250
core   0: 0x80000b24 (0xba2e4513) xori    a0, t3, -1118
core   0: 3 0x80000b24 (0xba2e4513) x10 0xfffffba4
core   0: 0x80000b28 (0x40c65513) srai    a0, a2, 12
core   0: 3 0x80000b28 (0x40c65513) x10 0x00000000
core   0: 0x80000b2c (0x0000f4f5) c.bnez  s1, pc - 20
core   0: 3 0x80000b2c (0xf4f5)
core   0: 0x80000b18 (0x0140e3b3) or      t2, ra, s4
core   0: 3 0x80000b18 (0x0140e3b3) x7  0xfffffeeb
core   0: 0x80000b1c (0x00008981) c.andi  a1, 0
core   0: 3 0x80000b1c (0x8981) x11 0x00000000
core   0: 0x80000b1e (0x000096c2) c.add   a3, a6
core   0: 3 0x80000b1e (0x96c2) x13 0x80000fff
core   0: 0x80000b20 (0x00000489) c.addi  s1, 2
core   0: 3 0x80000b20 (0x0489) x9  0x00000000
core   0: 0x80000b22 (0x00000c9c) c.addi4spn a5, sp, 592
core   0: 3 0x80000b22 (0x0c9c) x15 0xc8000250
core   0: 0x80000b24 (0xba2e4513) xori    a0, t3, -1118
core   0: 3 0x80000b24 (0xba2e4513) x10 0xfffffba4
core   0: 0x80000b28 (0x40c65513) srai    a0, a2, 12
core   0: 3 0x80000b28 (0x40c65513) x10 0x00000000
core   0: 0x80000b2c (0x0000f4f5) c.bnez  s1, pc - 20
core   0: 3 0x80000b2c (0xf4f5)
core   0: 0x80000b2e (0xf3c3ce93) xori    t4, t2, -196
core   0: 3 0x80000b2e (0xf3c3ce93) x29 0x000001d7
core   0: 0x80000b32 (0x0124ceb3) xor     t4, s1, s2
core   0: 3 0x80000b32 (0x0124ceb3) x29 0x00000014
core   0: 0x80000b36 (0xfd3968e3) bltu    s2, s3, pc - 48
core   0: 3 0x80000b36 (0xfd3968e3)
core   0: 0x80000b3a (0x00000a26) c.slli  s4, 9
core   0: 3 0x80000b3a (0x0a26) x20 0xfffdd600
core   0: 0x80000b3c (0x00005559) c.li    a0, -10
core   0: 3 0x80000b3c (0x5559) x10 0xfffffff6
core   0: 0x80000b3e (0x03ec5733) divu    a4, s8, t5
core   0: 3 0x80000b3e (0x03ec5733) x14 0x0000000f
core   0: 0x80000b42 (0xbe5f2e93) slti    t4, t5, -1051
core   0: 3 0x80000b42 (0xbe5f2e93) x29 0x00000000
core   0: 0x80000b46 (0x454f4313) xori    t1, t5, 1108
core   0: 3 0x80000b46 (0x454f4313) x6  0x10000454
core   0: 0x80000b4a (0x02c5bc33) mulhu   s8, a1, a2
core   0: 3 0x80000b4a (0x02c5bc33) x24 0x00000000
core   0: 0x80000b4e (0x00004ca9) c.li    s9, 10
core   0: 3 0x80000b4e (0x4ca9) x25 0x0000000a
core   0: 0x80000b50 (0xb4f78737) lui     a4, 0xb4f78
core   0: 3 0x80000b50 (0xb4f78737) x14 0xb4f78000
core   0: 0x80000b54 (0x41885b33) sra     s6, a6, s8
core   0: 3 0x80000b54 (0x41885b33) x22 0x80000000
core   0: 0x80000b58 (0x6f7c4213) xori    tp, s8, 1783
core   0: 3 0x80000b58 (0x6f7c4213) x4  0x000006f7
core   0: 0x80000b5c (0x003e44b3) xor     s1, t3, gp
core   0: 3 0x80000b5c (0x003e44b3) x9  0x81f0f006
core   0: 0x80000b60 (0x00000511) c.addi  a0, 4
core   0: 3 0x80000b60 (0x0511) x10 0xfffffffa
core   0: 0x80000b62 (0x00009afd) c.andi  a3, -1
core   0: 3 0x80000b62 (0x9afd) x13 0x80000fff
core   0: 0x80000b64 (0x01c74c33) xor     s8, a4, t3
core   0: 3 0x80000b64 (0x01c74c33) x24 0xb4f78006
core   0: 0x80000b68 (0x00004da1) c.li    s11, 8
core   0: 3 0x80000b68 (0x4da1) x27 0x00000008
core   0: 0x80000b6a (0x00004115) c.li    sp, 5
core   0: 3 0x80000b6a (0x4115) x2  0x00000005
core   0: 0x80000b6c (0x032842b3) div     t0, a6, s2
core   0: 3 0x80000b6c (0x032842b3) x5  0xf999999a
core   0: 0x80000b70 (0x00008f89) c.sub   a5, a0
core   0: 3 0x80000b70 (0x8f89) x15 0xc8000256
core   0: 0x80000b72 (0xab616497) auipc   s1, 0xab616
core   0: 3 0x80000b72 (0xab616497) x9  0x2b616b72
core   0: 0x80000b76 (0x00008c9d) c.sub   s1, a5
core   0: 3 0x80000b76 (0x8c9d) x9  0x6361691c
core   0: 0x80000b78 (0x00001df9) c.addi  s11, -2
core   0: 3 0x80000b78 (0x1df9) x27 0x00000006
core   0: 0x80000b7a (0x00000001) c.nop
core   0: 3 0x80000b7a (0x0001)
core   0: 0x80000b7c (0xaded15b7) lui     a1, 0xaded1
core   0: 3 0x80000b7c (0xaded15b7) x11 0xaded1000
core   0: 0x80000b80 (0xfe2df8e3) bgeu    s11, sp, pc - 16
core   0: 3 0x80000b80 (0xfe2df8e3)
core   0: 0x80000b70 (0x00008f89) c.sub   a5, a0
core   0: 3 0x80000b70 (0x8f89) x15 0xc800025c
core   0: 0x80000b72 (0xab616497) auipc   s1, 0xab616
core   0: 3 0x80000b72 (0xab616497) x9  0x2b616b72
core   0: 0x80000b76 (0x00008c9d) c.sub   s1, a5
core   0: 3 0x80000b76 (0x8c9d) x9  0x63616916
core   0: 0x80000b78 (0x00001df9) c.addi  s11, -2
core   0: 3 0x80000b78 (0x1df9) x27 0x00000004
core   0: 0x80000b7a (0x00000001) c.nop
core   0: 3 0x80000b7a (0x0001)
core   0: 0x80000b7c (0xaded15b7) lui     a1, 0xaded1
core   0: 3 0x80000b7c (0xaded15b7) x11 0xaded1000
core   0: 0x80000b80 (0xfe2df8e3) bgeu    s11, sp, pc - 16
core   0: 3 0x80000b80 (0xfe2df8e3)
core   0: 0x80000b84 (0x01a8df93) srli    t6, a7, 26
core   0: 3 0x80000b84 (0x01a8df93) x31 0x00000000
core   0: 0x80000b88 (0x02ff2633) mulhsu  a2, t5, a5
core   0: 3 0x80000b88 (0x02ff2633) x12 0x0c800025
core   0: 0x80000b8c (0x00a21b93) slli    s7, tp, 10
core   0: 3 0x80000b8c (0x00a21b93) x23 0x001bdc00
core   0: 0x80000b90 (0xfd9514e3) bne     a0, s9, pc - 56
core   0: 3 0x80000b90 (0xfd9514e3)
core   0: 0x80000b58 (0x6f7c4213) xori    tp, s8, 1783
core   0: 3 0x80000b58 (0x6f7c4213) x4  0xb4f786f1
core   0: 0x80000b5c (0x003e44b3) xor     s1, t3, gp
core   0: 3 0x80000b5c (0x003e44b3) x9  0x81f0f006
core   0: 0x80000b60 (0x00000511) c.addi  a0, 4
core   0: 3 0x80000b60 (0x0511) x10 0xfffffffe
core   0: 0x80000b62 (0x00009afd) c.andi  a3, -1
core   0: 3 0x80000b62 (0x9afd) x13 0x80000fff
core   0: 0x80000b64 (0x01c74c33) xor     s8, a4, t3
core   0: 3 0x80000b64 (0x01c74c33) x24 0xb4f78006
core   0: 0x80000b68 (0x00004da1) c.li    s11, 8
core   0: 3 0x80000b68 (0x4da1) x27 0x00000008
core   0: 0x80000b6a (0x00004115) c.li    sp, 5
core   0: 3 0x80000b6a (0x4115) x2  0x00000005
core   0: 0x80000b6c (0x032842b3) div     t0, a6, s2
core   0: 3 0x80000b6c (0x032842b3) x5  0xf999999a
core   0: 0x80000b70 (0x00008f89) c.sub   a5, a0
core   0: 3 0x80000b70 (0x8f89) x15 0xc800025e
core   0: 0x80000b72 (0xab616497) auipc   s1, 0xab616
core   0: 3 0x80000b72 (0xab616497) x9  0x2b616b72
core   0: 0x80000b76 (0x00008c9d) c.sub   s1, a5
core   0: 3 0x80000b76 (0x8c9d) x9  0x63616914
core   0: 0x80000b78 (0x00001df9) c.addi  s11, -2
core   0: 3 0x80000b78 (0x1df9) x27 0x00000006
core   0: 0x80000b7a (0x00000001) c.nop
core   0: 3 0x80000b7a (0x0001)
core   0: 0x80000b7c (0xaded15b7) lui     a1, 0xaded1
core   0: 3 0x80000b7c (0xaded15b7) x11 0xaded1000
core   0: 0x80000b80 (0xfe2df8e3) bgeu    s11, sp, pc - 16
core   0: 3 0x80000b80 (0xfe2df8e3)
core   0: 0x80000b70 (0x00008f89) c.sub   a5, a0
core   0: 3 0x80000b70 (0x8f89) x15 0xc8000260
core   0: 0x80000b72 (0xab616497) auipc   s1, 0xab616
core   0: 3 0x80000b72 (0xab616497) x9  0x2b616b72
core   0: 0x80000b76 (0x00008c9d) c.sub   s1, a5
core   0: 3 0x80000b76 (0x8c9d) x9  0x63616912
core   0: 0x80000b78 (0x00001df9) c.addi  s11, -2
core   0: 3 0x80000b78 (0x1df9) x27 0x00000004
core   0: 0x80000b7a (0x00000001) c.nop
core   0: 3 0x80000b7a (0x0001)
core   0: 0x80000b7c (0xaded15b7) lui     a1, 0xaded1
core   0: 3 0x80000b7c (0xaded15b7) x11 0xaded1000
core   0: 0x80000b80 (0xfe2df8e3) bgeu    s11, sp, pc - 16
core   0: 3 0x80000b80 (0xfe2df8e3)
core   0: 0x80000b84 (0x01a8df93) srli    t6, a7, 26
core   0: 3 0x80000b84 (0x01a8df93) x31 0x00000000
core   0: 0x80000b88 (0x02ff2633) mulhsu  a2, t5, a5
core   0: 3 0x80000b88 (0x02ff2633) x12 0x0c800026
core   0: 0x80000b8c (0x00a21b93) slli    s7, tp, 10
core   0: 3 0x80000b8c (0x00a21b93) x23 0xde1bc400
core   0: 0x80000b90 (0xfd9514e3) bne     a0, s9, pc - 56
core   0: 3 0x80000b90 (0xfd9514e3)
core   0: 0x80000b58 (0x6f7c4213) xori    tp, s8, 1783
core   0: 3 0x80000b58 (0x6f7c4213) x4  0xb4f786f1
core   0: 0x80000b5c (0x003e44b3) xor     s1, t3, gp
core   0: 3 0x80000b5c (0x003e44b3) x9  0x81f0f006
core   0: 0x80000b60 (0x00000511) c.addi  a0, 4
core   0: 3 0x80000b60 (0x0511) x10 0x00000002
core   0: 0x80000b62 (0x00009afd) c.andi  a3, -1
core   0: 3 0x80000b62 (0x9afd) x13 0x80000fff
core   0: 0x80000b64 (0x01c74c33) xor     s8, a4, t3
core   0: 3 0x80000b64 (0x01c74c33) x24 0xb4f78006
core   0: 0x80000b68 (0x00004da1) c.li    s11, 8
core   0: 3 0x80000b68 (0x4da1) x27 0x00000008
core   0: 0x80000b6a (0x00004115) c.li    sp, 5
core   0: 3 0x80000b6a (0x4115) x2  0x00000005
core   0: 0x80000b6c (0x032842b3) div     t0, a6, s2
core   0: 3 0x80000b6c (0x032842b3) x5  0xf999999a
core   0: 0x80000b70 (0x00008f89) c.sub   a5, a0
core   0: 3 0x80000b70 (0x8f89) x15 0xc800025e
core   0: 0x80000b72 (0xab616497) auipc   s1, 0xab616
core   0: 3 0x80000b72 (0xab616497) x9  0x2b616b72
core   0: 0x80000b76 (0x00008c9d) c.sub   s1, a5
core   0: 3 0x80000b76 (0x8c9d) x9  0x63616914
core   0: 0x80000b78 (0x00001df9) c.addi  s11, -2
core   0: 3 0x80000b78 (0x1df9) x27 0x00000006
core   0: 0x80000b7a (0x00000001) c.nop
core   0: 3 0x80000b7a (0x0001)
core   0: 0x80000b7c (0xaded15b7) lui     a1, 0xaded1
core   0: 3 0x80000b7c (0xaded15b7) x11 0xaded1000
core   0: 0x80000b80 (0xfe2df8e3) bgeu    s11, sp, pc - 16
core   0: 3 0x80000b80 (0xfe2df8e3)
core   0: 0x80000b70 (0x00008f89) c.sub   a5, a0
core   0: 3 0x80000b70 (0x8f89) x15 0xc800025c
core   0: 0x80000b72 (0xab616497) auipc   s1, 0xab616
core   0: 3 0x80000b72 (0xab616497) x9  0x2b616b72
core   0: 0x80000b76 (0x00008c9d) c.sub   s1, a5
core   0: 3 0x80000b76 (0x8c9d) x9  0x63616916
core   0: 0x80000b78 (0x00001df9) c.addi  s11, -2
core   0: 3 0x80000b78 (0x1df9) x27 0x00000004
core   0: 0x80000b7a (0x00000001) c.nop
core   0: 3 0x80000b7a (0x0001)
core   0: 0x80000b7c (0xaded15b7) lui     a1, 0xaded1
core   0: 3 0x80000b7c (0xaded15b7) x11 0xaded1000
core   0: 0x80000b80 (0xfe2df8e3) bgeu    s11, sp, pc - 16
core   0: 3 0x80000b80 (0xfe2df8e3)
core   0: 0x80000b84 (0x01a8df93) srli    t6, a7, 26
core   0: 3 0x80000b84 (0x01a8df93) x31 0x00000000
core   0: 0x80000b88 (0x02ff2633) mulhsu  a2, t5, a5
core   0: 3 0x80000b88 (0x02ff2633) x12 0x0c800025
core   0: 0x80000b8c (0x00a21b93) slli    s7, tp, 10
core   0: 3 0x80000b8c (0x00a21b93) x23 0xde1bc400
core   0: 0x80000b90 (0xfd9514e3) bne     a0, s9, pc - 56
core   0: 3 0x80000b90 (0xfd9514e3)
core   0: 0x80000b58 (0x6f7c4213) xori    tp, s8, 1783
core   0: 3 0x80000b58 (0x6f7c4213) x4  0xb4f786f1
core   0: 0x80000b5c (0x003e44b3) xor     s1, t3, gp
core   0: 3 0x80000b5c (0x003e44b3) x9  0x81f0f006
core   0: 0x80000b60 (0x00000511) c.addi  a0, 4
core   0: 3 0x80000b60 (0x0511) x10 0x00000006
core   0: 0x80000b62 (0x00009afd) c.andi  a3, -1
core   0: 3 0x80000b62 (0x9afd) x13 0x80000fff
core   0: 0x80000b64 (0x01c74c33) xor     s8, a4, t3
core   0: 3 0x80000b64 (0x01c74c33) x24 0xb4f78006
core   0: 0x80000b68 (0x00004da1) c.li    s11, 8
core   0: 3 0x80000b68 (0x4da1) x27 0x00000008
core   0: 0x80000b6a (0x00004115) c.li    sp, 5
core   0: 3 0x80000b6a (0x4115) x2  0x00000005
core   0: 0x80000b6c (0x032842b3) div     t0, a6, s2
core   0: 3 0x80000b6c (0x032842b3) x5  0xf999999a
core   0: 0x80000b70 (0x00008f89) c.sub   a5, a0
core   0: 3 0x80000b70 (0x8f89) x15 0xc8000256
core   0: 0x80000b72 (0xab616497) auipc   s1, 0xab616
core   0: 3 0x80000b72 (0xab616497) x9  0x2b616b72
core   0: 0x80000b76 (0x00008c9d) c.sub   s1, a5
core   0: 3 0x80000b76 (0x8c9d) x9  0x6361691c
core   0: 0x80000b78 (0x00001df9) c.addi  s11, -2
core   0: 3 0x80000b78 (0x1df9) x27 0x00000006
core   0: 0x80000b7a (0x00000001) c.nop
core   0: 3 0x80000b7a (0x0001)
core   0: 0x80000b7c (0xaded15b7) lui     a1, 0xaded1
core   0: 3 0x80000b7c (0xaded15b7) x11 0xaded1000
core   0: 0x80000b80 (0xfe2df8e3) bgeu    s11, sp, pc - 16
core   0: 3 0x80000b80 (0xfe2df8e3)
core   0: 0x80000b70 (0x00008f89) c.sub   a5, a0
core   0: 3 0x80000b70 (0x8f89) x15 0xc8000250
core   0: 0x80000b72 (0xab616497) auipc   s1, 0xab616
core   0: 3 0x80000b72 (0xab616497) x9  0x2b616b72
core   0: 0x80000b76 (0x00008c9d) c.sub   s1, a5
core   0: 3 0x80000b76 (0x8c9d) x9  0x63616922
core   0: 0x80000b78 (0x00001df9) c.addi  s11, -2
core   0: 3 0x80000b78 (0x1df9) x27 0x00000004
core   0: 0x80000b7a (0x00000001) c.nop
core   0: 3 0x80000b7a (0x0001)
core   0: 0x80000b7c (0xaded15b7) lui     a1, 0xaded1
core   0: 3 0x80000b7c (0xaded15b7) x11 0xaded1000
core   0: 0x80000b80 (0xfe2df8e3) bgeu    s11, sp, pc - 16
core   0: 3 0x80000b80 (0xfe2df8e3)
core   0: 0x80000b84 (0x01a8df93) srli    t6, a7, 26
core   0: 3 0x80000b84 (0x01a8df93) x31 0x00000000
core   0: 0x80000b88 (0x02ff2633) mulhsu  a2, t5, a5
core   0: 3 0x80000b88 (0x02ff2633) x12 0x0c800025
core   0: 0x80000b8c (0x00a21b93) slli    s7, tp, 10
core   0: 3 0x80000b8c (0x00a21b93) x23 0xde1bc400
core   0: 0x80000b90 (0xfd9514e3) bne     a0, s9, pc - 56
core   0: 3 0x80000b90 (0xfd9514e3)
core   0: 0x80000b58 (0x6f7c4213) xori    tp, s8, 1783
core   0: 3 0x80000b58 (0x6f7c4213) x4  0xb4f786f1
core   0: 0x80000b5c (0x003e44b3) xor     s1, t3, gp
core   0: 3 0x80000b5c (0x003e44b3) x9  0x81f0f006
core   0: 0x80000b60 (0x00000511) c.addi  a0, 4
core   0: 3 0x80000b60 (0x0511) x10 0x0000000a
core   0: 0x80000b62 (0x00009afd) c.andi  a3, -1
core   0: 3 0x80000b62 (0x9afd) x13 0x80000fff
core   0: 0x80000b64 (0x01c74c33) xor     s8, a4, t3
core   0: 3 0x80000b64 (0x01c74c33) x24 0xb4f78006
core   0: 0x80000b68 (0x00004da1) c.li    s11, 8
core   0: 3 0x80000b68 (0x4da1) x27 0x00000008
core   0: 0x80000b6a (0x00004115) c.li    sp, 5
core   0: 3 0x80000b6a (0x4115) x2  0x00000005
core   0: 0x80000b6c (0x032842b3) div     t0, a6, s2
core   0: 3 0x80000b6c (0x032842b3) x5  0xf999999a
core   0: 0x80000b70 (0x00008f89) c.sub   a5, a0
core   0: 3 0x80000b70 (0x8f89) x15 0xc8000246
core   0: 0x80000b72 (0xab616497) auipc   s1, 0xab616
core   0: 3 0x80000b72 (0xab616497) x9  0x2b616b72
core   0: 0x80000b76 (0x00008c9d) c.sub   s1, a5
core   0: 3 0x80000b76 (0x8c9d) x9  0x6361692c
core   0: 0x80000b78 (0x00001df9) c.addi  s11, -2
core   0: 3 0x80000b78 (0x1df9) x27 0x00000006
core   0: 0x80000b7a (0x00000001) c.nop
core   0: 3 0x80000b7a (0x0001)
core   0: 0x80000b7c (0xaded15b7) lui     a1, 0xaded1
core   0: 3 0x80000b7c (0xaded15b7) x11 0xaded1000
core   0: 0x80000b80 (0xfe2df8e3) bgeu    s11, sp, pc - 16
core   0: 3 0x80000b80 (0xfe2df8e3)
core   0: 0x80000b70 (0x00008f89) c.sub   a5, a0
core   0: 3 0x80000b70 (0x8f89) x15 0xc800023c
core   0: 0x80000b72 (0xab616497) auipc   s1, 0xab616
core   0: 3 0x80000b72 (0xab616497) x9  0x2b616b72
core   0: 0x80000b76 (0x00008c9d) c.sub   s1, a5
core   0: 3 0x80000b76 (0x8c9d) x9  0x63616936
core   0: 0x80000b78 (0x00001df9) c.addi  s11, -2
core   0: 3 0x80000b78 (0x1df9) x27 0x00000004
core   0: 0x80000b7a (0x00000001) c.nop
core   0: 3 0x80000b7a (0x0001)
core   0: 0x80000b7c (0xaded15b7) lui     a1, 0xaded1
core   0: 3 0x80000b7c (0xaded15b7) x11 0xaded1000
core   0: 0x80000b80 (0xfe2df8e3) bgeu    s11, sp, pc - 16
core   0: 3 0x80000b80 (0xfe2df8e3)
core   0: 0x80000b84 (0x01a8df93) srli    t6, a7, 26
core   0: 3 0x80000b84 (0x01a8df93) x31 0x00000000
core   0: 0x80000b88 (0x02ff2633) mulhsu  a2, t5, a5
core   0: 3 0x80000b88 (0x02ff2633) x12 0x0c800023
core   0: 0x80000b8c (0x00a21b93) slli    s7, tp, 10
core   0: 3 0x80000b8c (0x00a21b93) x23 0xde1bc400
core   0: 0x80000b90 (0xfd9514e3) bne     a0, s9, pc - 56
core   0: 3 0x80000b90 (0xfd9514e3)
core   0: 0x80000b94 (0x0360beb3) mulhu   t4, ra, s6
core   0: 3 0x80000b94 (0x0360beb3) x29 0x00000000
core   0: 0x80000b98 (0x00005d71) c.li    s10, -4
core   0: 3 0x80000b98 (0x5d71) x26 0xfffffffc
core   0: 0x80000b9a (0x00004395) c.li    t2, 5
core   0: 3 0x80000b9a (0x4395) x7  0x00000005
core   0: 0x80000b9c (0x00006c2d) c.lui   s8, 0xb
core   0: 3 0x80000b9c (0x6c2d) x24 0x0000b000
core   0: 0x80000b9e (0x00000d05) c.addi  s10, 1
core   0: 3 0x80000b9e (0x0d05) x26 0xfffffffd
core   0: 0x80000ba0 (0x00083733) sltu    a4, a6, zero
core   0: 3 0x80000ba0 (0x00083733) x14 0x00000000
core   0: 0x80000ba4 (0x00005569) c.li    a0, -6
core   0: 3 0x80000ba4 (0x5569) x10 0xfffffffa
core   0: 0x80000ba6 (0x02ce18b3) mulh    a7, t3, a2
core   0: 3 0x80000ba6 (0x02ce18b3) x17 0x00000000
core   0: 0x80000baa (0x00000001) c.nop
core   0: 3 0x80000baa (0x0001)
core   0: 0x80000bac (0x00008c8d) c.sub   s1, a1
core   0: 3 0x80000bac (0x8c8d) x9  0xb5745936
core   0: 0x80000bae (0x00000519) c.addi  a0, 6
core   0: 3 0x80000bae (0x0519) x10 0x00000000
core   0: 0x80000bb0 (0x000084e2) c.mv    s1, s8
core   0: 3 0x80000bb0 (0x84e2) x9  0x0000b000
core   0: 0x80000bb2 (0x0000dd6d) c.beqz  a0, pc - 6
core   0: 3 0x80000bb2 (0xdd6d)
core   0: 0x80000bac (0x00008c8d) c.sub   s1, a1
core   0: 3 0x80000bac (0x8c8d) x9  0x5213a000
core   0: 0x80000bae (0x00000519) c.addi  a0, 6
core   0: 3 0x80000bae (0x0519) x10 0x00000006
core   0: 0x80000bb0 (0x000084e2) c.mv    s1, s8
core   0: 3 0x80000bb0 (0x84e2) x9  0x0000b000
core   0: 0x80000bb2 (0x0000dd6d) c.beqz  a0, pc - 6
core   0: 3 0x80000bb2 (0xdd6d)
core   0: 0x80000bb4 (0xfe7d14e3) bne     s10, t2, pc - 24
core   0: 3 0x80000bb4 (0xfe7d14e3)
core   0: 0x80000b9c (0x00006c2d) c.lui   s8, 0xb
core   0: 3 0x80000b9c (0x6c2d) x24 0x0000b000
core   0: 0x80000b9e (0x00000d05) c.addi  s10, 1
core   0: 3 0x80000b9e (0x0d05) x26 0xfffffffe
core   0: 0x80000ba0 (0x00083733) sltu    a4, a6, zero
core   0: 3 0x80000ba0 (0x00083733) x14 0x00000000
core   0: 0x80000ba4 (0x00005569) c.li    a0, -6
core   0: 3 0x80000ba4 (0x5569) x10 0xfffffffa
core   0: 0x80000ba6 (0x02ce18b3) mulh    a7, t3, a2
core   0: 3 0x80000ba6 (0x02ce18b3) x17 0x00000000
core   0: 0x80000baa (0x00000001) c.nop
core   0: 3 0x80000baa (0x0001)
core   0: 0x80000bac (0x00008c8d) c.sub   s1, a1
core   0: 3 0x80000bac (0x8c8d) x9  0x5213a000
core   0: 0x80000bae (0x00000519) c.addi  a0, 6
core   0: 3 0x80000bae (0x0519) x10 0x00000000
core   0: 0x80000bb0 (0x000084e2) c.mv    s1, s8
core   0: 3 0x80000bb0 (0x84e2) x9  0x0000b000
core   0: 0x80000bb2 (0x0000dd6d) c.beqz  a0, pc - 6
core   0: 3 0x80000bb2 (0xdd6d)
core   0: 0x80000bac (0x00008c8d) c.sub   s1, a1
core   0: 3 0x80000bac (0x8c8d) x9  0x5213a000
core   0: 0x80000bae (0x00000519) c.addi  a0, 6
core   0: 3 0x80000bae (0x0519) x10 0x00000006
core   0: 0x80000bb0 (0x000084e2) c.mv    s1, s8
core   0: 3 0x80000bb0 (0x84e2) x9  0x0000b000
core   0: 0x80000bb2 (0x0000dd6d) c.beqz  a0, pc - 6
core   0: 3 0x80000bb2 (0xdd6d)
core   0: 0x80000bb4 (0xfe7d14e3) bne     s10, t2, pc - 24
core   0: 3 0x80000bb4 (0xfe7d14e3)
core   0: 0x80000b9c (0x00006c2d) c.lui   s8, 0xb
core   0: 3 0x80000b9c (0x6c2d) x24 0x0000b000
core   0: 0x80000b9e (0x00000d05) c.addi  s10, 1
core   0: 3 0x80000b9e (0x0d05) x26 0xffffffff
core   0: 0x80000ba0 (0x00083733) sltu    a4, a6, zero
core   0: 3 0x80000ba0 (0x00083733) x14 0x00000000
core   0: 0x80000ba4 (0x00005569) c.li    a0, -6
core   0: 3 0x80000ba4 (0x5569) x10 0xfffffffa
core   0: 0x80000ba6 (0x02ce18b3) mulh    a7, t3, a2
core   0: 3 0x80000ba6 (0x02ce18b3) x17 0x00000000
core   0: 0x80000baa (0x00000001) c.nop
core   0: 3 0x80000baa (0x0001)
core   0: 0x80000bac (0x00008c8d) c.sub   s1, a1
core   0: 3 0x80000bac (0x8c8d) x9  0x5213a000
core   0: 0x80000bae (0x00000519) c.addi  a0, 6
core   0: 3 0x80000bae (0x0519) x10 0x00000000
core   0: 0x80000bb0 (0x000084e2) c.mv    s1, s8
core   0: 3 0x80000bb0 (0x84e2) x9  0x0000b000
core   0: 0x80000bb2 (0x0000dd6d) c.beqz  a0, pc - 6
core   0: 3 0x80000bb2 (0xdd6d)
core   0: 0x80000bac (0x00008c8d) c.sub   s1, a1
core   0: 3 0x80000bac (0x8c8d) x9  0x5213a000
core   0: 0x80000bae (0x00000519) c.addi  a0, 6
core   0: 3 0x80000bae (0x0519) x10 0x00000006
core   0: 0x80000bb0 (0x000084e2) c.mv    s1, s8
core   0: 3 0x80000bb0 (0x84e2) x9  0x0000b000
core   0: 0x80000bb2 (0x0000dd6d) c.beqz  a0, pc - 6
core   0: 3 0x80000bb2 (0xdd6d)
core   0: 0x80000bb4 (0xfe7d14e3) bne     s10, t2, pc - 24
core   0: 3 0x80000bb4 (0xfe7d14e3)
core   0: 0x80000b9c (0x00006c2d) c.lui   s8, 0xb
core   0: 3 0x80000b9c (0x6c2d) x24 0x0000b000
core   0: 0x80000b9e (0x00000d05) c.addi  s10, 1
core   0: 3 0x80000b9e (0x0d05) x26 0x00000000
core   0: 0x80000ba0 (0x00083733) sltu    a4, a6, zero
core   0: 3 0x80000ba0 (0x00083733) x14 0x00000000
core   0: 0x80000ba4 (0x00005569) c.li    a0, -6
core   0: 3 0x80000ba4 (0x5569) x10 0xfffffffa
core   0: 0x80000ba6 (0x02ce18b3) mulh    a7, t3, a2
core   0: 3 0x80000ba6 (0x02ce18b3) x17 0x00000000
core   0: 0x80000baa (0x00000001) c.nop
core   0: 3 0x80000baa (0x0001)
core   0: 0x80000bac (0x00008c8d) c.sub   s1, a1
core   0: 3 0x80000bac (0x8c8d) x9  0x5213a000
core   0: 0x80000bae (0x00000519) c.addi  a0, 6
core   0: 3 0x80000bae (0x0519) x10 0x00000000
core   0: 0x80000bb0 (0x000084e2) c.mv    s1, s8
core   0: 3 0x80000bb0 (0x84e2) x9  0x0000b000
core   0: 0x80000bb2 (0x0000dd6d) c.beqz  a0, pc - 6
core   0: 3 0x80000bb2 (0xdd6d)
core   0: 0x80000bac (0x00008c8d) c.sub   s1, a1
core   0: 3 0x80000bac (0x8c8d) x9  0x5213a000
core   0: 0x80000bae (0x00000519) c.addi  a0, 6
core   0: 3 0x80000bae (0x0519) x10 0x00000006
core   0: 0x80000bb0 (0x000084e2) c.mv    s1, s8
core   0: 3 0x80000bb0 (0x84e2) x9  0x0000b000
core   0: 0x80000bb2 (0x0000dd6d) c.beqz  a0, pc - 6
core   0: 3 0x80000bb2 (0xdd6d)
core   0: 0x80000bb4 (0xfe7d14e3) bne     s10, t2, pc - 24
core   0: 3 0x80000bb4 (0xfe7d14e3)
core   0: 0x80000b9c (0x00006c2d) c.lui   s8, 0xb
core   0: 3 0x80000b9c (0x6c2d) x24 0x0000b000
core   0: 0x80000b9e (0x00000d05) c.addi  s10, 1
core   0: 3 0x80000b9e (0x0d05) x26 0x00000001
core   0: 0x80000ba0 (0x00083733) sltu    a4, a6, zero
core   0: 3 0x80000ba0 (0x00083733) x14 0x00000000
core   0: 0x80000ba4 (0x00005569) c.li    a0, -6
core   0: 3 0x80000ba4 (0x5569) x10 0xfffffffa
core   0: 0x80000ba6 (0x02ce18b3) mulh    a7, t3, a2
core   0: 3 0x80000ba6 (0x02ce18b3) x17 0x00000000
core   0: 0x80000baa (0x00000001) c.nop
core   0: 3 0x80000baa (0x0001)
core   0: 0x80000bac (0x00008c8d) c.sub   s1, a1
core   0: 3 0x80000bac (0x8c8d) x9  0x5213a000
core   0: 0x80000bae (0x00000519) c.addi  a0, 6
core   0: 3 0x80000bae (0x0519) x10 0x00000000
core   0: 0x80000bb0 (0x000084e2) c.mv    s1, s8
core   0: 3 0x80000bb0 (0x84e2) x9  0x0000b000
core   0: 0x80000bb2 (0x0000dd6d) c.beqz  a0, pc - 6
core   0: 3 0x80000bb2 (0xdd6d)
core   0: 0x80000bac (0x00008c8d) c.sub   s1, a1
core   0: 3 0x80000bac (0x8c8d) x9  0x5213a000
core   0: 0x80000bae (0x00000519) c.addi  a0, 6
core   0: 3 0x80000bae (0x0519) x10 0x00000006
core   0: 0x80000bb0 (0x000084e2) c.mv    s1, s8
core   0: 3 0x80000bb0 (0x84e2) x9  0x0000b000
core   0: 0x80000bb2 (0x0000dd6d) c.beqz  a0, pc - 6
core   0: 3 0x80000bb2 (0xdd6d)
core   0: 0x80000bb4 (0xfe7d14e3) bne     s10, t2, pc - 24
core   0: 3 0x80000bb4 (0xfe7d14e3)
core   0: 0x80000b9c (0x00006c2d) c.lui   s8, 0xb
core   0: 3 0x80000b9c (0x6c2d) x24 0x0000b000
core   0: 0x80000b9e (0x00000d05) c.addi  s10, 1
core   0: 3 0x80000b9e (0x0d05) x26 0x00000002
core   0: 0x80000ba0 (0x00083733) sltu    a4, a6, zero
core   0: 3 0x80000ba0 (0x00083733) x14 0x00000000
core   0: 0x80000ba4 (0x00005569) c.li    a0, -6
core   0: 3 0x80000ba4 (0x5569) x10 0xfffffffa
core   0: 0x80000ba6 (0x02ce18b3) mulh    a7, t3, a2
core   0: 3 0x80000ba6 (0x02ce18b3) x17 0x00000000
core   0: 0x80000baa (0x00000001) c.nop
core   0: 3 0x80000baa (0x0001)
core   0: 0x80000bac (0x00008c8d) c.sub   s1, a1
core   0: 3 0x80000bac (0x8c8d) x9  0x5213a000
core   0: 0x80000bae (0x00000519) c.addi  a0, 6
core   0: 3 0x80000bae (0x0519) x10 0x00000000
core   0: 0x80000bb0 (0x000084e2) c.mv    s1, s8
core   0: 3 0x80000bb0 (0x84e2) x9  0x0000b000
core   0: 0x80000bb2 (0x0000dd6d) c.beqz  a0, pc - 6
core   0: 3 0x80000bb2 (0xdd6d)
core   0: 0x80000bac (0x00008c8d) c.sub   s1, a1
core   0: 3 0x80000bac (0x8c8d) x9  0x5213a000
core   0: 0x80000bae (0x00000519) c.addi  a0, 6
core   0: 3 0x80000bae (0x0519) x10 0x00000006
core   0: 0x80000bb0 (0x000084e2) c.mv    s1, s8
core   0: 3 0x80000bb0 (0x84e2) x9  0x0000b000
core   0: 0x80000bb2 (0x0000dd6d) c.beqz  a0, pc - 6
core   0: 3 0x80000bb2 (0xdd6d)
core   0: 0x80000bb4 (0xfe7d14e3) bne     s10, t2, pc - 24
core   0: 3 0x80000bb4 (0xfe7d14e3)
core   0: 0x80000b9c (0x00006c2d) c.lui   s8, 0xb
core   0: 3 0x80000b9c (0x6c2d) x24 0x0000b000
core   0: 0x80000b9e (0x00000d05) c.addi  s10, 1
core   0: 3 0x80000b9e (0x0d05) x26 0x00000003
core   0: 0x80000ba0 (0x00083733) sltu    a4, a6, zero
core   0: 3 0x80000ba0 (0x00083733) x14 0x00000000
core   0: 0x80000ba4 (0x00005569) c.li    a0, -6
core   0: 3 0x80000ba4 (0x5569) x10 0xfffffffa
core   0: 0x80000ba6 (0x02ce18b3) mulh    a7, t3, a2
core   0: 3 0x80000ba6 (0x02ce18b3) x17 0x00000000
core   0: 0x80000baa (0x00000001) c.nop
core   0: 3 0x80000baa (0x0001)
core   0: 0x80000bac (0x00008c8d) c.sub   s1, a1
core   0: 3 0x80000bac (0x8c8d) x9  0x5213a000
core   0: 0x80000bae (0x00000519) c.addi  a0, 6
core   0: 3 0x80000bae (0x0519) x10 0x00000000
core   0: 0x80000bb0 (0x000084e2) c.mv    s1, s8
core   0: 3 0x80000bb0 (0x84e2) x9  0x0000b000
core   0: 0x80000bb2 (0x0000dd6d) c.beqz  a0, pc - 6
core   0: 3 0x80000bb2 (0xdd6d)
core   0: 0x80000bac (0x00008c8d) c.sub   s1, a1
core   0: 3 0x80000bac (0x8c8d) x9  0x5213a000
core   0: 0x80000bae (0x00000519) c.addi  a0, 6
core   0: 3 0x80000bae (0x0519) x10 0x00000006
core   0: 0x80000bb0 (0x000084e2) c.mv    s1, s8
core   0: 3 0x80000bb0 (0x84e2) x9  0x0000b000
core   0: 0x80000bb2 (0x0000dd6d) c.beqz  a0, pc - 6
core   0: 3 0x80000bb2 (0xdd6d)
core   0: 0x80000bb4 (0xfe7d14e3) bne     s10, t2, pc - 24
core   0: 3 0x80000bb4 (0xfe7d14e3)
core   0: 0x80000b9c (0x00006c2d) c.lui   s8, 0xb
core   0: 3 0x80000b9c (0x6c2d) x24 0x0000b000
core   0: 0x80000b9e (0x00000d05) c.addi  s10, 1
core   0: 3 0x80000b9e (0x0d05) x26 0x00000004
core   0: 0x80000ba0 (0x00083733) sltu    a4, a6, zero
core   0: 3 0x80000ba0 (0x00083733) x14 0x00000000
core   0: 0x80000ba4 (0x00005569) c.li    a0, -6
core   0: 3 0x80000ba4 (0x5569) x10 0xfffffffa
core   0: 0x80000ba6 (0x02ce18b3) mulh    a7, t3, a2
core   0: 3 0x80000ba6 (0x02ce18b3) x17 0x00000000
core   0: 0x80000baa (0x00000001) c.nop
core   0: 3 0x80000baa (0x0001)
core   0: 0x80000bac (0x00008c8d) c.sub   s1, a1
core   0: 3 0x80000bac (0x8c8d) x9  0x5213a000
core   0: 0x80000bae (0x00000519) c.addi  a0, 6
core   0: 3 0x80000bae (0x0519) x10 0x00000000
core   0: 0x80000bb0 (0x000084e2) c.mv    s1, s8
core   0: 3 0x80000bb0 (0x84e2) x9  0x0000b000
core   0: 0x80000bb2 (0x0000dd6d) c.beqz  a0, pc - 6
core   0: 3 0x80000bb2 (0xdd6d)
core   0: 0x80000bac (0x00008c8d) c.sub   s1, a1
core   0: 3 0x80000bac (0x8c8d) x9  0x5213a000
core   0: 0x80000bae (0x00000519) c.addi  a0, 6
core   0: 3 0x80000bae (0x0519) x10 0x00000006
core   0: 0x80000bb0 (0x000084e2) c.mv    s1, s8
core   0: 3 0x80000bb0 (0x84e2) x9  0x0000b000
core   0: 0x80000bb2 (0x0000dd6d) c.beqz  a0, pc - 6
core   0: 3 0x80000bb2 (0xdd6d)
core   0: 0x80000bb4 (0xfe7d14e3) bne     s10, t2, pc - 24
core   0: 3 0x80000bb4 (0xfe7d14e3)
core   0: 0x80000b9c (0x00006c2d) c.lui   s8, 0xb
core   0: 3 0x80000b9c (0x6c2d) x24 0x0000b000
core   0: 0x80000b9e (0x00000d05) c.addi  s10, 1
core   0: 3 0x80000b9e (0x0d05) x26 0x00000005
core   0: 0x80000ba0 (0x00083733) sltu    a4, a6, zero
core   0: 3 0x80000ba0 (0x00083733) x14 0x00000000
core   0: 0x80000ba4 (0x00005569) c.li    a0, -6
core   0: 3 0x80000ba4 (0x5569) x10 0xfffffffa
core   0: 0x80000ba6 (0x02ce18b3) mulh    a7, t3, a2
core   0: 3 0x80000ba6 (0x02ce18b3) x17 0x00000000
core   0: 0x80000baa (0x00000001) c.nop
core   0: 3 0x80000baa (0x0001)
core   0: 0x80000bac (0x00008c8d) c.sub   s1, a1
core   0: 3 0x80000bac (0x8c8d) x9  0x5213a000
core   0: 0x80000bae (0x00000519) c.addi  a0, 6
core   0: 3 0x80000bae (0x0519) x10 0x00000000
core   0: 0x80000bb0 (0x000084e2) c.mv    s1, s8
core   0: 3 0x80000bb0 (0x84e2) x9  0x0000b000
core   0: 0x80000bb2 (0x0000dd6d) c.beqz  a0, pc - 6
core   0: 3 0x80000bb2 (0xdd6d)
core   0: 0x80000bac (0x00008c8d) c.sub   s1, a1
core   0: 3 0x80000bac (0x8c8d) x9  0x5213a000
core   0: 0x80000bae (0x00000519) c.addi  a0, 6
core   0: 3 0x80000bae (0x0519) x10 0x00000006
core   0: 0x80000bb0 (0x000084e2) c.mv    s1, s8
core   0: 3 0x80000bb0 (0x84e2) x9  0x0000b000
core   0: 0x80000bb2 (0x0000dd6d) c.beqz  a0, pc - 6
core   0: 3 0x80000bb2 (0xdd6d)
core   0: 0x80000bb4 (0xfe7d14e3) bne     s10, t2, pc - 24
core   0: 3 0x80000bb4 (0xfe7d14e3)
core   0: 0x80000bb8 (0x00008edd) c.or    a3, a5
core   0: 3 0x80000bb8 (0x8edd) x13 0xc8000fff
core   0: 0x80000bba (0x000057e5) c.li    a5, -7
core   0: 3 0x80000bba (0x57e5) x15 0xfffffff9
core   0: 0x80000bbc (0x00004309) c.li    t1, 2
core   0: 3 0x80000bbc (0x4309) x6  0x00000002
core   0: 0x80000bbe (0x02c3c5b3) div     a1, t2, a2
core   0: 3 0x80000bbe (0x02c3c5b3) x11 0x00000000
core   0: 0x80000bc2 (0x01cb9033) sll     zero, s7, t3
core   0: 3 0x80000bc2 (0x01cb9033)
core   0: 0x80000bc6 (0x000007a5) c.addi  a5, 9
core   0: 3 0x80000bc6 (0x07a5) x15 0x00000002
core   0: 0x80000bc8 (0x0000449d) c.li    s1, 7
core   0: 3 0x80000bc8 (0x449d) x9  0x00000007
core   0: 0x80000bca (0x00008df9) c.and   a1, a4
core   0: 3 0x80000bca (0x8df9) x11 0x00000000
core   0: 0x80000bcc (0x023da8b3) mulhsu  a7, s11, gp
core   0: 3 0x80000bcc (0x023da8b3) x17 0x00000002
core   0: 0x80000bd0 (0x0000408d) c.li    ra, 3
core   0: 3 0x80000bd0 (0x408d) x1  0x00000003
core   0: 0x80000bd2 (0x01c92033) slt     zero, s2, t3
core   0: 3 0x80000bd2 (0x01c92033)
core   0: 0x80000bd6 (0x000014f9) c.addi  s1, -2
core   0: 3 0x80000bd6 (0x14f9) x9  0x00000005
core   0: 0x80000bd8 (0x00d45613) srli    a2, s0, 13
core   0: 3 0x80000bd8 (0x00d45613) x12 0x00040014
core   0: 0x80000bdc (0xfe14fbe3) bgeu    s1, ra, pc - 10
core   0: 3 0x80000bdc (0xfe14fbe3)
core   0: 0x80000bd2 (0x01c92033) slt     zero, s2, t3
core   0: 3 0x80000bd2 (0x01c92033)
core   0: 0x80000bd6 (0x000014f9) c.addi  s1, -2
core   0: 3 0x80000bd6 (0x14f9) x9  0x00000003
core   0: 0x80000bd8 (0x00d45613) srli    a2, s0, 13
core   0: 3 0x80000bd8 (0x00d45613) x12 0x00040014
core   0: 0x80000bdc (0xfe14fbe3) bgeu    s1, ra, pc - 10
core   0: 3 0x80000bdc (0xfe14fbe3)
core   0: 0x80000bd2 (0x01c92033) slt     zero, s2, t3
core   0: 3 0x80000bd2 (0x01c92033)
core   0: 0x80000bd6 (0x000014f9) c.addi  s1, -2
core   0: 3 0x80000bd6 (0x14f9) x9  0x00000001
core   0: 0x80000bd8 (0x00d45613) srli    a2, s0, 13
core   0: 3 0x80000bd8 (0x00d45613) x12 0x00040014
core   0: 0x80000bdc (0xfe14fbe3) bgeu    s1, ra, pc - 10
core   0: 3 0x80000bdc (0xfe14fbe3)
core   0: 0x80000be0 (0x018c12b3) sll     t0, s8, s8
core   0: 3 0x80000be0 (0x018c12b3) x5  0x0000b000
core   0: 0x80000be4 (0xfc67ede3) bltu    a5, t1, pc - 38
core   0: 3 0x80000be4 (0xfc67ede3)
core   0: 0x80000be8 (0x00008f39) c.xor   a4, a4
core   0: 3 0x80000be8 (0x8f39) x14 0x00000000
core   0: 0x80000bea (0x00004581) c.li    a1, 0
core   0: 3 0x80000bea (0x4581) x11 0x00000000
core   0: 0x80000bec (0x0000422d) c.li    tp, 11
core   0: 3 0x80000bec (0x422d) x4  0x0000000b
core   0: 0x80000bee (0x030d96b3) mulh    a3, s11, a6
core   0: 3 0x80000bee (0x030d96b3) x13 0xfffffffe
core   0: 0x80000bf2 (0x00000585) c.addi  a1, 1
core   0: 3 0x80000bf2 (0x0585) x11 0x00000001
core   0: 0x80000bf4 (0x00000e86) c.slli  t4, 1
core   0: 3 0x80000bf4 (0x0e86) x29 0x00000000
core   0: 0x80000bf6 (0x000053ed) c.li    t2, -5
core   0: 3 0x80000bf6 (0x53ed) x7  0xfffffffb
core   0: 0x80000bf8 (0x00004f95) c.li    t6, 5
core   0: 3 0x80000bf8 (0x4f95) x31 0x00000005
core   0: 0x80000bfa (0x00008b69) c.andi  a4, 26
core   0: 3 0x80000bfa (0x8b69) x14 0x00000000
core   0: 0x80000bfc (0x000003a9) c.addi  t2, 10
core   0: 3 0x80000bfc (0x03a9) x7  0x00000005
core   0: 0x80000bfe (0x03585b33) divu    s6, a6, s5
core   0: 3 0x80000bfe (0x03585b33) x22 0x00000000
core   0: 0x80000c02 (0xfff3ece3) bltu    t2, t6, pc - 8
core   0: 3 0x80000c02 (0xfff3ece3)
core   0: 0x80000c06 (0xfe4594e3) bne     a1, tp, pc - 24
core   0: 3 0x80000c06 (0xfe4594e3)
core   0: 0x80000bee (0x030d96b3) mulh    a3, s11, a6
core   0: 3 0x80000bee (0x030d96b3) x13 0xfffffffe
core   0: 0x80000bf2 (0x00000585) c.addi  a1, 1
core   0: 3 0x80000bf2 (0x0585) x11 0x00000002
core   0: 0x80000bf4 (0x00000e86) c.slli  t4, 1
core   0: 3 0x80000bf4 (0x0e86) x29 0x00000000
core   0: 0x80000bf6 (0x000053ed) c.li    t2, -5
core   0: 3 0x80000bf6 (0x53ed) x7  0xfffffffb
core   0: 0x80000bf8 (0x00004f95) c.li    t6, 5
core   0: 3 0x80000bf8 (0x4f95) x31 0x00000005
core   0: 0x80000bfa (0x00008b69) c.andi  a4, 26
core   0: 3 0x80000bfa (0x8b69) x14 0x00000000
core   0: 0x80000bfc (0x000003a9) c.addi  t2, 10
core   0: 3 0x80000bfc (0x03a9) x7  0x00000005
core   0: 0x80000bfe (0x03585b33) divu    s6, a6, s5
core   0: 3 0x80000bfe (0x03585b33) x22 0x00000000
core   0: 0x80000c02 (0xfff3ece3) bltu    t2, t6, pc - 8
core   0: 3 0x80000c02 (0xfff3ece3)
core   0: 0x80000c06 (0xfe4594e3) bne     a1, tp, pc - 24
core   0: 3 0x80000c06 (0xfe4594e3)
core   0: 0x80000bee (0x030d96b3) mulh    a3, s11, a6
core   0: 3 0x80000bee (0x030d96b3) x13 0xfffffffe
core   0: 0x80000bf2 (0x00000585) c.addi  a1, 1
core   0: 3 0x80000bf2 (0x0585) x11 0x00000003
core   0: 0x80000bf4 (0x00000e86) c.slli  t4, 1
core   0: 3 0x80000bf4 (0x0e86) x29 0x00000000
core   0: 0x80000bf6 (0x000053ed) c.li    t2, -5
core   0: 3 0x80000bf6 (0x53ed) x7  0xfffffffb
core   0: 0x80000bf8 (0x00004f95) c.li    t6, 5
core   0: 3 0x80000bf8 (0x4f95) x31 0x00000005
core   0: 0x80000bfa (0x00008b69) c.andi  a4, 26
core   0: 3 0x80000bfa (0x8b69) x14 0x00000000
core   0: 0x80000bfc (0x000003a9) c.addi  t2, 10
core   0: 3 0x80000bfc (0x03a9) x7  0x00000005
core   0: 0x80000bfe (0x03585b33) divu    s6, a6, s5
core   0: 3 0x80000bfe (0x03585b33) x22 0x00000000
core   0: 0x80000c02 (0xfff3ece3) bltu    t2, t6, pc - 8
core   0: 3 0x80000c02 (0xfff3ece3)
core   0: 0x80000c06 (0xfe4594e3) bne     a1, tp, pc - 24
core   0: 3 0x80000c06 (0xfe4594e3)
core   0: 0x80000bee (0x030d96b3) mulh    a3, s11, a6
core   0: 3 0x80000bee (0x030d96b3) x13 0xfffffffe
core   0: 0x80000bf2 (0x00000585) c.addi  a1, 1
core   0: 3 0x80000bf2 (0x0585) x11 0x00000004
core   0: 0x80000bf4 (0x00000e86) c.slli  t4, 1
core   0: 3 0x80000bf4 (0x0e86) x29 0x00000000
core   0: 0x80000bf6 (0x000053ed) c.li    t2, -5
core   0: 3 0x80000bf6 (0x53ed) x7  0xfffffffb
core   0: 0x80000bf8 (0x00004f95) c.li    t6, 5
core   0: 3 0x80000bf8 (0x4f95) x31 0x00000005
core   0: 0x80000bfa (0x00008b69) c.andi  a4, 26
core   0: 3 0x80000bfa (0x8b69) x14 0x00000000
core   0: 0x80000bfc (0x000003a9) c.addi  t2, 10
core   0: 3 0x80000bfc (0x03a9) x7  0x00000005
core   0: 0x80000bfe (0x03585b33) divu    s6, a6, s5
core   0: 3 0x80000bfe (0x03585b33) x22 0x00000000
core   0: 0x80000c02 (0xfff3ece3) bltu    t2, t6, pc - 8
core   0: 3 0x80000c02 (0xfff3ece3)
core   0: 0x80000c06 (0xfe4594e3) bne     a1, tp, pc - 24
core   0: 3 0x80000c06 (0xfe4594e3)
core   0: 0x80000bee (0x030d96b3) mulh    a3, s11, a6
core   0: 3 0x80000bee (0x030d96b3) x13 0xfffffffe
core   0: 0x80000bf2 (0x00000585) c.addi  a1, 1
core   0: 3 0x80000bf2 (0x0585) x11 0x00000005
core   0: 0x80000bf4 (0x00000e86) c.slli  t4, 1
core   0: 3 0x80000bf4 (0x0e86) x29 0x00000000
core   0: 0x80000bf6 (0x000053ed) c.li    t2, -5
core   0: 3 0x80000bf6 (0x53ed) x7  0xfffffffb
core   0: 0x80000bf8 (0x00004f95) c.li    t6, 5
core   0: 3 0x80000bf8 (0x4f95) x31 0x00000005
core   0: 0x80000bfa (0x00008b69) c.andi  a4, 26
core   0: 3 0x80000bfa (0x8b69) x14 0x00000000
core   0: 0x80000bfc (0x000003a9) c.addi  t2, 10
core   0: 3 0x80000bfc (0x03a9) x7  0x00000005
core   0: 0x80000bfe (0x03585b33) divu    s6, a6, s5
core   0: 3 0x80000bfe (0x03585b33) x22 0x00000000
core   0: 0x80000c02 (0xfff3ece3) bltu    t2, t6, pc - 8
core   0: 3 0x80000c02 (0xfff3ece3)
core   0: 0x80000c06 (0xfe4594e3) bne     a1, tp, pc - 24
core   0: 3 0x80000c06 (0xfe4594e3)
core   0: 0x80000bee (0x030d96b3) mulh    a3, s11, a6
core   0: 3 0x80000bee (0x030d96b3) x13 0xfffffffe
core   0: 0x80000bf2 (0x00000585) c.addi  a1, 1
core   0: 3 0x80000bf2 (0x0585) x11 0x00000006
core   0: 0x80000bf4 (0x00000e86) c.slli  t4, 1
core   0: 3 0x80000bf4 (0x0e86) x29 0x00000000
core   0: 0x80000bf6 (0x000053ed) c.li    t2, -5
core   0: 3 0x80000bf6 (0x53ed) x7  0xfffffffb
core   0: 0x80000bf8 (0x00004f95) c.li    t6, 5
core   0: 3 0x80000bf8 (0x4f95) x31 0x00000005
core   0: 0x80000bfa (0x00008b69) c.andi  a4, 26
core   0: 3 0x80000bfa (0x8b69) x14 0x00000000
core   0: 0x80000bfc (0x000003a9) c.addi  t2, 10
core   0: 3 0x80000bfc (0x03a9) x7  0x00000005
core   0: 0x80000bfe (0x03585b33) divu    s6, a6, s5
core   0: 3 0x80000bfe (0x03585b33) x22 0x00000000
core   0: 0x80000c02 (0xfff3ece3) bltu    t2, t6, pc - 8
core   0: 3 0x80000c02 (0xfff3ece3)
core   0: 0x80000c06 (0xfe4594e3) bne     a1, tp, pc - 24
core   0: 3 0x80000c06 (0xfe4594e3)
core   0: 0x80000bee (0x030d96b3) mulh    a3, s11, a6
core   0: 3 0x80000bee (0x030d96b3) x13 0xfffffffe
core   0: 0x80000bf2 (0x00000585) c.addi  a1, 1
core   0: 3 0x80000bf2 (0x0585) x11 0x00000007
core   0: 0x80000bf4 (0x00000e86) c.slli  t4, 1
core   0: 3 0x80000bf4 (0x0e86) x29 0x00000000
core   0: 0x80000bf6 (0x000053ed) c.li    t2, -5
core   0: 3 0x80000bf6 (0x53ed) x7  0xfffffffb
core   0: 0x80000bf8 (0x00004f95) c.li    t6, 5
core   0: 3 0x80000bf8 (0x4f95) x31 0x00000005
core   0: 0x80000bfa (0x00008b69) c.andi  a4, 26
core   0: 3 0x80000bfa (0x8b69) x14 0x00000000
core   0: 0x80000bfc (0x000003a9) c.addi  t2, 10
core   0: 3 0x80000bfc (0x03a9) x7  0x00000005
core   0: 0x80000bfe (0x03585b33) divu    s6, a6, s5
core   0: 3 0x80000bfe (0x03585b33) x22 0x00000000
core   0: 0x80000c02 (0xfff3ece3) bltu    t2, t6, pc - 8
core   0: 3 0x80000c02 (0xfff3ece3)
core   0: 0x80000c06 (0xfe4594e3) bne     a1, tp, pc - 24
core   0: 3 0x80000c06 (0xfe4594e3)
core   0: 0x80000bee (0x030d96b3) mulh    a3, s11, a6
core   0: 3 0x80000bee (0x030d96b3) x13 0xfffffffe
core   0: 0x80000bf2 (0x00000585) c.addi  a1, 1
core   0: 3 0x80000bf2 (0x0585) x11 0x00000008
core   0: 0x80000bf4 (0x00000e86) c.slli  t4, 1
core   0: 3 0x80000bf4 (0x0e86) x29 0x00000000
core   0: 0x80000bf6 (0x000053ed) c.li    t2, -5
core   0: 3 0x80000bf6 (0x53ed) x7  0xfffffffb
core   0: 0x80000bf8 (0x00004f95) c.li    t6, 5
core   0: 3 0x80000bf8 (0x4f95) x31 0x00000005
core   0: 0x80000bfa (0x00008b69) c.andi  a4, 26
core   0: 3 0x80000bfa (0x8b69) x14 0x00000000
core   0: 0x80000bfc (0x000003a9) c.addi  t2, 10
core   0: 3 0x80000bfc (0x03a9) x7  0x00000005
core   0: 0x80000bfe (0x03585b33) divu    s6, a6, s5
core   0: 3 0x80000bfe (0x03585b33) x22 0x00000000
core   0: 0x80000c02 (0xfff3ece3) bltu    t2, t6, pc - 8
core   0: 3 0x80000c02 (0xfff3ece3)
core   0: 0x80000c06 (0xfe4594e3) bne     a1, tp, pc - 24
core   0: 3 0x80000c06 (0xfe4594e3)
core   0: 0x80000bee (0x030d96b3) mulh    a3, s11, a6
core   0: 3 0x80000bee (0x030d96b3) x13 0xfffffffe
core   0: 0x80000bf2 (0x00000585) c.addi  a1, 1
core   0: 3 0x80000bf2 (0x0585) x11 0x00000009
core   0: 0x80000bf4 (0x00000e86) c.slli  t4, 1
core   0: 3 0x80000bf4 (0x0e86) x29 0x00000000
core   0: 0x80000bf6 (0x000053ed) c.li    t2, -5
core   0: 3 0x80000bf6 (0x53ed) x7  0xfffffffb
core   0: 0x80000bf8 (0x00004f95) c.li    t6, 5
core   0: 3 0x80000bf8 (0x4f95) x31 0x00000005
core   0: 0x80000bfa (0x00008b69) c.andi  a4, 26
core   0: 3 0x80000bfa (0x8b69) x14 0x00000000
core   0: 0x80000bfc (0x000003a9) c.addi  t2, 10
core   0: 3 0x80000bfc (0x03a9) x7  0x00000005
core   0: 0x80000bfe (0x03585b33) divu    s6, a6, s5
core   0: 3 0x80000bfe (0x03585b33) x22 0x00000000
core   0: 0x80000c02 (0xfff3ece3) bltu    t2, t6, pc - 8
core   0: 3 0x80000c02 (0xfff3ece3)
core   0: 0x80000c06 (0xfe4594e3) bne     a1, tp, pc - 24
core   0: 3 0x80000c06 (0xfe4594e3)
core   0: 0x80000bee (0x030d96b3) mulh    a3, s11, a6
core   0: 3 0x80000bee (0x030d96b3) x13 0xfffffffe
core   0: 0x80000bf2 (0x00000585) c.addi  a1, 1
core   0: 3 0x80000bf2 (0x0585) x11 0x0000000a
core   0: 0x80000bf4 (0x00000e86) c.slli  t4, 1
core   0: 3 0x80000bf4 (0x0e86) x29 0x00000000
core   0: 0x80000bf6 (0x000053ed) c.li    t2, -5
core   0: 3 0x80000bf6 (0x53ed) x7  0xfffffffb
core   0: 0x80000bf8 (0x00004f95) c.li    t6, 5
core   0: 3 0x80000bf8 (0x4f95) x31 0x00000005
core   0: 0x80000bfa (0x00008b69) c.andi  a4, 26
core   0: 3 0x80000bfa (0x8b69) x14 0x00000000
core   0: 0x80000bfc (0x000003a9) c.addi  t2, 10
core   0: 3 0x80000bfc (0x03a9) x7  0x00000005
core   0: 0x80000bfe (0x03585b33) divu    s6, a6, s5
core   0: 3 0x80000bfe (0x03585b33) x22 0x00000000
core   0: 0x80000c02 (0xfff3ece3) bltu    t2, t6, pc - 8
core   0: 3 0x80000c02 (0xfff3ece3)
core   0: 0x80000c06 (0xfe4594e3) bne     a1, tp, pc - 24
core   0: 3 0x80000c06 (0xfe4594e3)
core   0: 0x80000bee (0x030d96b3) mulh    a3, s11, a6
core   0: 3 0x80000bee (0x030d96b3) x13 0xfffffffe
core   0: 0x80000bf2 (0x00000585) c.addi  a1, 1
core   0: 3 0x80000bf2 (0x0585) x11 0x0000000b
core   0: 0x80000bf4 (0x00000e86) c.slli  t4, 1
core   0: 3 0x80000bf4 (0x0e86) x29 0x00000000
core   0: 0x80000bf6 (0x000053ed) c.li    t2, -5
core   0: 3 0x80000bf6 (0x53ed) x7  0xfffffffb
core   0: 0x80000bf8 (0x00004f95) c.li    t6, 5
core   0: 3 0x80000bf8 (0x4f95) x31 0x00000005
core   0: 0x80000bfa (0x00008b69) c.andi  a4, 26
core   0: 3 0x80000bfa (0x8b69) x14 0x00000000
core   0: 0x80000bfc (0x000003a9) c.addi  t2, 10
core   0: 3 0x80000bfc (0x03a9) x7  0x00000005
core   0: 0x80000bfe (0x03585b33) divu    s6, a6, s5
core   0: 3 0x80000bfe (0x03585b33) x22 0x00000000
core   0: 0x80000c02 (0xfff3ece3) bltu    t2, t6, pc - 8
core   0: 3 0x80000c02 (0xfff3ece3)
core   0: 0x80000c06 (0xfe4594e3) bne     a1, tp, pc - 24
core   0: 3 0x80000c06 (0xfe4594e3)
core   0: 0x80000c0a (0x00008bf5) c.andi  a5, 29
core   0: 3 0x80000c0a (0x8bf5) x15 0x00000000
core   0: 0x80000c0c (0x00004915) c.li    s2, 5
core   0: 3 0x80000c0c (0x4915) x18 0x00000005
core   0: 0x80000c0e (0x000052d9) c.li    t0, -10
core   0: 3 0x80000c0e (0x52d9) x5  0xfffffff6
core   0: 0x80000c10 (0x414a8fb3) sub     t6, s5, s4
core   0: 3 0x80000c10 (0x414a8fb3) x31 0x80048864
core   0: 0x80000c14 (0x02271733) mulh    a4, a4, sp
core   0: 3 0x80000c14 (0x02271733) x14 0x00000000
core   0: 0x80000c18 (0x00001975) c.addi  s2, -3
core   0: 3 0x80000c18 (0x1975) x18 0x00000002
core   0: 0x80000c1a (0x00004689) c.li    a3, 2
core   0: 3 0x80000c1a (0x4689) x13 0x00000002
core   0: 0x80000c1c (0x000041bd) c.li    gp, 15
core   0: 3 0x80000c1c (0x41bd) x3  0x0000000f
core   0: 0x80000c1e (0x00008f1d) c.sub   a4, a5
core   0: 3 0x80000c1e (0x8f1d) x14 0x00000000
core   0: 0x80000c20 (0x013b85b3) add     a1, s7, s3
core   0: 3 0x80000c20 (0x013b85b3) x11 0xde1bc414
core   0: 0x80000c24 (0x000006a9) c.addi  a3, 10
core   0: 3 0x80000c24 (0x06a9) x13 0x0000000c
core   0: 0x80000c26 (0x00006b19) c.lui   s6, 0x6
core   0: 3 0x80000c26 (0x6b19) x22 0x00006000
core   0: 0x80000c28 (0x00006105) c.addi16sp sp, 32
core   0: 3 0x80000c28 (0x6105) x2  0x00000025
core   0: 0x80000c2a (0xfe36cbe3) blt     a3, gp, pc - 10
core   0: 3 0x80000c2a (0xfe36cbe3)
core   0: 0x80000c20 (0x013b85b3) add     a1, s7, s3
core   0: 3 0x80000c20 (0x013b85b3) x11 0xde1bc414
core   0: 0x80000c24 (0x000006a9) c.addi  a3, 10
core   0: 3 0x80000c24 (0x06a9) x13 0x00000016
core   0: 0x80000c26 (0x00006b19) c.lui   s6, 0x6
core   0: 3 0x80000c26 (0x6b19) x22 0x00006000
core   0: 0x80000c28 (0x00006105) c.addi16sp sp, 32
core   0: 3 0x80000c28 (0x6105) x2  0x00000045
core   0: 0x80000c2a (0xfe36cbe3) blt     a3, gp, pc - 10
core   0: 3 0x80000c2a (0xfe36cbe3)
core   0: 0x80000c2e (0xfe5953e3) bge     s2, t0, pc - 26
core   0: 3 0x80000c2e (0xfe5953e3)
core   0: 0x80000c14 (0x02271733) mulh    a4, a4, sp
core   0: 3 0x80000c14 (0x02271733) x14 0x00000000
core   0: 0x80000c18 (0x00001975) c.addi  s2, -3
core   0: 3 0x80000c18 (0x1975) x18 0xffffffff
core   0: 0x80000c1a (0x00004689) c.li    a3, 2
core   0: 3 0x80000c1a (0x4689) x13 0x00000002
core   0: 0x80000c1c (0x000041bd) c.li    gp, 15
core   0: 3 0x80000c1c (0x41bd) x3  0x0000000f
core   0: 0x80000c1e (0x00008f1d) c.sub   a4, a5
core   0: 3 0x80000c1e (0x8f1d) x14 0x00000000
core   0: 0x80000c20 (0x013b85b3) add     a1, s7, s3
core   0: 3 0x80000c20 (0x013b85b3) x11 0xde1bc414
core   0: 0x80000c24 (0x000006a9) c.addi  a3, 10
core   0: 3 0x80000c24 (0x06a9) x13 0x0000000c
core   0: 0x80000c26 (0x00006b19) c.lui   s6, 0x6
core   0: 3 0x80000c26 (0x6b19) x22 0x00006000
core   0: 0x80000c28 (0x00006105) c.addi16sp sp, 32
core   0: 3 0x80000c28 (0x6105) x2  0x00000065
core   0: 0x80000c2a (0xfe36cbe3) blt     a3, gp, pc - 10
core   0: 3 0x80000c2a (0xfe36cbe3)
core   0: 0x80000c20 (0x013b85b3) add     a1, s7, s3
core   0: 3 0x80000c20 (0x013b85b3) x11 0xde1bc414
core   0: 0x80000c24 (0x000006a9) c.addi  a3, 10
core   0: 3 0x80000c24 (0x06a9) x13 0x00000016
core   0: 0x80000c26 (0x00006b19) c.lui   s6, 0x6
core   0: 3 0x80000c26 (0x6b19) x22 0x00006000
core   0: 0x80000c28 (0x00006105) c.addi16sp sp, 32
core   0: 3 0x80000c28 (0x6105) x2  0x00000085
core   0: 0x80000c2a (0xfe36cbe3) blt     a3, gp, pc - 10
core   0: 3 0x80000c2a (0xfe36cbe3)
core   0: 0x80000c2e (0xfe5953e3) bge     s2, t0, pc - 26
core   0: 3 0x80000c2e (0xfe5953e3)
core   0: 0x80000c14 (0x02271733) mulh    a4, a4, sp
core   0: 3 0x80000c14 (0x02271733) x14 0x00000000
core   0: 0x80000c18 (0x00001975) c.addi  s2, -3
core   0: 3 0x80000c18 (0x1975) x18 0xfffffffc
core   0: 0x80000c1a (0x00004689) c.li    a3, 2
core   0: 3 0x80000c1a (0x4689) x13 0x00000002
core   0: 0x80000c1c (0x000041bd) c.li    gp, 15
core   0: 3 0x80000c1c (0x41bd) x3  0x0000000f
core   0: 0x80000c1e (0x00008f1d) c.sub   a4, a5
core   0: 3 0x80000c1e (0x8f1d) x14 0x00000000
core   0: 0x80000c20 (0x013b85b3) add     a1, s7, s3
core   0: 3 0x80000c20 (0x013b85b3) x11 0xde1bc414
core   0: 0x80000c24 (0x000006a9) c.addi  a3, 10
core   0: 3 0x80000c24 (0x06a9) x13 0x0000000c
core   0: 0x80000c26 (0x00006b19) c.lui   s6, 0x6
core   0: 3 0x80000c26 (0x6b19) x22 0x00006000
core   0: 0x80000c28 (0x00006105) c.addi16sp sp, 32
core   0: 3 0x80000c28 (0x6105) x2  0x000000a5
core   0: 0x80000c2a (0xfe36cbe3) blt     a3, gp, pc - 10
core   0: 3 0x80000c2a (0xfe36cbe3)
core   0: 0x80000c20 (0x013b85b3) add     a1, s7, s3
core   0: 3 0x80000c20 (0x013b85b3) x11 0xde1bc414
core   0: 0x80000c24 (0x000006a9) c.addi  a3, 10
core   0: 3 0x80000c24 (0x06a9) x13 0x00000016
core   0: 0x80000c26 (0x00006b19) c.lui   s6, 0x6
core   0: 3 0x80000c26 (0x6b19) x22 0x00006000
core   0: 0x80000c28 (0x00006105) c.addi16sp sp, 32
core   0: 3 0x80000c28 (0x6105) x2  0x000000c5
core   0: 0x80000c2a (0xfe36cbe3) blt     a3, gp, pc - 10
core   0: 3 0x80000c2a (0xfe36cbe3)
core   0: 0x80000c2e (0xfe5953e3) bge     s2, t0, pc - 26
core   0: 3 0x80000c2e (0xfe5953e3)
core   0: 0x80000c14 (0x02271733) mulh    a4, a4, sp
core   0: 3 0x80000c14 (0x02271733) x14 0x00000000
core   0: 0x80000c18 (0x00001975) c.addi  s2, -3
core   0: 3 0x80000c18 (0x1975) x18 0xfffffff9
core   0: 0x80000c1a (0x00004689) c.li    a3, 2
core   0: 3 0x80000c1a (0x4689) x13 0x00000002
core   0: 0x80000c1c (0x000041bd) c.li    gp, 15
core   0: 3 0x80000c1c (0x41bd) x3  0x0000000f
core   0: 0x80000c1e (0x00008f1d) c.sub   a4, a5
core   0: 3 0x80000c1e (0x8f1d) x14 0x00000000
core   0: 0x80000c20 (0x013b85b3) add     a1, s7, s3
core   0: 3 0x80000c20 (0x013b85b3) x11 0xde1bc414
core   0: 0x80000c24 (0x000006a9) c.addi  a3, 10
core   0: 3 0x80000c24 (0x06a9) x13 0x0000000c
core   0: 0x80000c26 (0x00006b19) c.lui   s6, 0x6
core   0: 3 0x80000c26 (0x6b19) x22 0x00006000
core   0: 0x80000c28 (0x00006105) c.addi16sp sp, 32
core   0: 3 0x80000c28 (0x6105) x2  0x000000e5
core   0: 0x80000c2a (0xfe36cbe3) blt     a3, gp, pc - 10
core   0: 3 0x80000c2a (0xfe36cbe3)
core   0: 0x80000c20 (0x013b85b3) add     a1, s7, s3
core   0: 3 0x80000c20 (0x013b85b3) x11 0xde1bc414
core   0: 0x80000c24 (0x000006a9) c.addi  a3, 10
core   0: 3 0x80000c24 (0x06a9) x13 0x00000016
core   0: 0x80000c26 (0x00006b19) c.lui   s6, 0x6
core   0: 3 0x80000c26 (0x6b19) x22 0x00006000
core   0: 0x80000c28 (0x00006105) c.addi16sp sp, 32
core   0: 3 0x80000c28 (0x6105) x2  0x00000105
core   0: 0x80000c2a (0xfe36cbe3) blt     a3, gp, pc - 10
core   0: 3 0x80000c2a (0xfe36cbe3)
core   0: 0x80000c2e (0xfe5953e3) bge     s2, t0, pc - 26
core   0: 3 0x80000c2e (0xfe5953e3)
core   0: 0x80000c14 (0x02271733) mulh    a4, a4, sp
core   0: 3 0x80000c14 (0x02271733) x14 0x00000000
core   0: 0x80000c18 (0x00001975) c.addi  s2, -3
core   0: 3 0x80000c18 (0x1975) x18 0xfffffff6
core   0: 0x80000c1a (0x00004689) c.li    a3, 2
core   0: 3 0x80000c1a (0x4689) x13 0x00000002
core   0: 0x80000c1c (0x000041bd) c.li    gp, 15
core   0: 3 0x80000c1c (0x41bd) x3  0x0000000f
core   0: 0x80000c1e (0x00008f1d) c.sub   a4, a5
core   0: 3 0x80000c1e (0x8f1d) x14 0x00000000
core   0: 0x80000c20 (0x013b85b3) add     a1, s7, s3
core   0: 3 0x80000c20 (0x013b85b3) x11 0xde1bc414
core   0: 0x80000c24 (0x000006a9) c.addi  a3, 10
core   0: 3 0x80000c24 (0x06a9) x13 0x0000000c
core   0: 0x80000c26 (0x00006b19) c.lui   s6, 0x6
core   0: 3 0x80000c26 (0x6b19) x22 0x00006000
core   0: 0x80000c28 (0x00006105) c.addi16sp sp, 32
core   0: 3 0x80000c28 (0x6105) x2  0x00000125
core   0: 0x80000c2a (0xfe36cbe3) blt     a3, gp, pc - 10
core   0: 3 0x80000c2a (0xfe36cbe3)
core   0: 0x80000c20 (0x013b85b3) add     a1, s7, s3
core   0: 3 0x80000c20 (0x013b85b3) x11 0xde1bc414
core   0: 0x80000c24 (0x000006a9) c.addi  a3, 10
core   0: 3 0x80000c24 (0x06a9) x13 0x00000016
core   0: 0x80000c26 (0x00006b19) c.lui   s6, 0x6
core   0: 3 0x80000c26 (0x6b19) x22 0x00006000
core   0: 0x80000c28 (0x00006105) c.addi16sp sp, 32
core   0: 3 0x80000c28 (0x6105) x2  0x00000145
core   0: 0x80000c2a (0xfe36cbe3) blt     a3, gp, pc - 10
core   0: 3 0x80000c2a (0xfe36cbe3)
core   0: 0x80000c2e (0xfe5953e3) bge     s2, t0, pc - 26
core   0: 3 0x80000c2e (0xfe5953e3)
core   0: 0x80000c14 (0x02271733) mulh    a4, a4, sp
core   0: 3 0x80000c14 (0x02271733) x14 0x00000000
core   0: 0x80000c18 (0x00001975) c.addi  s2, -3
core   0: 3 0x80000c18 (0x1975) x18 0xfffffff3
core   0: 0x80000c1a (0x00004689) c.li    a3, 2
core   0: 3 0x80000c1a (0x4689) x13 0x00000002
core   0: 0x80000c1c (0x000041bd) c.li    gp, 15
core   0: 3 0x80000c1c (0x41bd) x3  0x0000000f
core   0: 0x80000c1e (0x00008f1d) c.sub   a4, a5
core   0: 3 0x80000c1e (0x8f1d) x14 0x00000000
core   0: 0x80000c20 (0x013b85b3) add     a1, s7, s3
core   0: 3 0x80000c20 (0x013b85b3) x11 0xde1bc414
core   0: 0x80000c24 (0x000006a9) c.addi  a3, 10
core   0: 3 0x80000c24 (0x06a9) x13 0x0000000c
core   0: 0x80000c26 (0x00006b19) c.lui   s6, 0x6
core   0: 3 0x80000c26 (0x6b19) x22 0x00006000
core   0: 0x80000c28 (0x00006105) c.addi16sp sp, 32
core   0: 3 0x80000c28 (0x6105) x2  0x00000165
core   0: 0x80000c2a (0xfe36cbe3) blt     a3, gp, pc - 10
core   0: 3 0x80000c2a (0xfe36cbe3)
core   0: 0x80000c20 (0x013b85b3) add     a1, s7, s3
core   0: 3 0x80000c20 (0x013b85b3) x11 0xde1bc414
core   0: 0x80000c24 (0x000006a9) c.addi  a3, 10
core   0: 3 0x80000c24 (0x06a9) x13 0x00000016
core   0: 0x80000c26 (0x00006b19) c.lui   s6, 0x6
core   0: 3 0x80000c26 (0x6b19) x22 0x00006000
core   0: 0x80000c28 (0x00006105) c.addi16sp sp, 32
core   0: 3 0x80000c28 (0x6105) x2  0x00000185
core   0: 0x80000c2a (0xfe36cbe3) blt     a3, gp, pc - 10
core   0: 3 0x80000c2a (0xfe36cbe3)
core   0: 0x80000c2e (0xfe5953e3) bge     s2, t0, pc - 26
core   0: 3 0x80000c2e (0xfe5953e3)
core   0: 0x80000c32 (0xe7beb793) sltiu   a5, t4, -389
core   0: 3 0x80000c32 (0xe7beb793) x15 0x00000001
core   0: 0x80000c36 (0x000054e1) c.li    s1, -8
core   0: 3 0x80000c36 (0x54e1) x9  0xfffffff8
core   0: 0x80000c38 (0x000058e5) c.li    a7, -7
core   0: 3 0x80000c38 (0x58e5) x17 0xfffffff9
core   0: 0x80000c3a (0x00008e21) c.xor   a2, s0
core   0: 3 0x80000c3a (0x8e21) x12 0x80069cf0
core   0: 0x80000c3c (0x00000001) c.nop
core   0: 3 0x80000c3c (0x0001)
core   0: 0x80000c3e (0x000095c6) c.add   a1, a7
core   0: 3 0x80000c3e (0x95c6) x11 0xde1bc40d
core   0: 0x80000c40 (0x00008e95) c.sub   a3, a3
core   0: 3 0x80000c40 (0x8e95) x13 0x00000000
core   0: 0x80000c42 (0x00000485) c.addi  s1, 1
core   0: 3 0x80000c42 (0x0485) x9  0xfffffff9
core   0: 0x80000c44 (0x0000470d) c.li    a4, 3
core   0: 3 0x80000c44 (0x470d) x14 0x00000003
core   0: 0x80000c46 (0x40280a33) sub     s4, a6, sp
core   0: 3 0x80000c46 (0x40280a33) x20 0x7ffffe7b
core   0: 0x80000c4a (0x022e82b3) mul     t0, t4, sp
core   0: 3 0x80000c4a (0x022e82b3) x5  0x00000000
core   0: 0x80000c4e (0x00005371) c.li    t1, -4
core   0: 3 0x80000c4e (0x5371) x6  0xfffffffc
core   0: 0x80000c50 (0x02108a33) mul     s4, ra, ra
core   0: 3 0x80000c50 (0x02108a33) x20 0x00000009
core   0: 0x80000c54 (0x01fa6233) or      tp, s4, t6
core   0: 3 0x80000c54 (0x01fa6233) x4  0x8004886d
core   0: 0x80000c58 (0x00001761) c.addi  a4, -8
core   0: 3 0x80000c58 (0x1761) x14 0xfffffffb
core   0: 0x80000c5a (0x00000001) c.nop
core   0: 3 0x80000c5a (0x0001)
core   0: 0x80000c5c (0xfe675ae3) bge     a4, t1, pc - 12
core   0: 3 0x80000c5c (0xfe675ae3)
core   0: 0x80000c60 (0x02b10b33) mul     s6, sp, a1
core   0: 3 0x80000c60 (0x02b10b33) x22 0x8030e7c1
core   0: 0x80000c64 (0x00001710) c.addi4spn a2, sp, 928
core   0: 3 0x80000c64 (0x1710) x12 0x00000525
core   0: 0x80000c66 (0xfd148ce3) beq     s1, a7, pc - 40
core   0: 3 0x80000c66 (0xfd148ce3)
core   0: 0x80000c3e (0x000095c6) c.add   a1, a7
core   0: 3 0x80000c3e (0x95c6) x11 0xde1bc406
core   0: 0x80000c40 (0x00008e95) c.sub   a3, a3
core   0: 3 0x80000c40 (0x8e95) x13 0x00000000
core   0: 0x80000c42 (0x00000485) c.addi  s1, 1
core   0: 3 0x80000c42 (0x0485) x9  0xfffffffa
core   0: 0x80000c44 (0x0000470d) c.li    a4, 3
core   0: 3 0x80000c44 (0x470d) x14 0x00000003
core   0: 0x80000c46 (0x40280a33) sub     s4, a6, sp
core   0: 3 0x80000c46 (0x40280a33) x20 0x7ffffe7b
core   0: 0x80000c4a (0x022e82b3) mul     t0, t4, sp
core   0: 3 0x80000c4a (0x022e82b3) x5  0x00000000
core   0: 0x80000c4e (0x00005371) c.li    t1, -4
core   0: 3 0x80000c4e (0x5371) x6  0xfffffffc
core   0: 0x80000c50 (0x02108a33) mul     s4, ra, ra
core   0: 3 0x80000c50 (0x02108a33) x20 0x00000009
core   0: 0x80000c54 (0x01fa6233) or      tp, s4, t6
core   0: 3 0x80000c54 (0x01fa6233) x4  0x8004886d
core   0: 0x80000c58 (0x00001761) c.addi  a4, -8
core   0: 3 0x80000c58 (0x1761) x14 0xfffffffb
core   0: 0x80000c5a (0x00000001) c.nop
core   0: 3 0x80000c5a (0x0001)
core   0: 0x80000c5c (0xfe675ae3) bge     a4, t1, pc - 12
core   0: 3 0x80000c5c (0xfe675ae3)
core   0: 0x80000c60 (0x02b10b33) mul     s6, sp, a1
core   0: 3 0x80000c60 (0x02b10b33) x22 0x8030dd1e
core   0: 0x80000c64 (0x00001710) c.addi4spn a2, sp, 928
core   0: 3 0x80000c64 (0x1710) x12 0x00000525
core   0: 0x80000c66 (0xfd148ce3) beq     s1, a7, pc - 40
core   0: 3 0x80000c66 (0xfd148ce3)
core   0: 0x80000c6a (0x00001cfd) c.addi  s9, -1
core   0: 3 0x80000c6a (0x1cfd) x25 0x00000009
core   0: 0x80000c6c (0x0000576d) c.li    a4, -5
core   0: 3 0x80000c6c (0x576d) x14 0xfffffffb
core   0: 0x80000c6e (0x0038f533) and     a0, a7, gp
core   0: 3 0x80000c6e (0x0038f533) x10 0x00000009
core   0: 0x80000c72 (0x03472533) mulhsu  a0, a4, s4
core   0: 3 0x80000c72 (0x03472533) x10 0xffffffff
core   0: 0x80000c76 (0x00000001) c.nop
core   0: 3 0x80000c76 (0x0001)
core   0: 0x80000c78 (0x41b858b3) sra     a7, a6, s11
core   0: 3 0x80000c78 (0x41b858b3) x17 0xf8000000
core   0: 0x80000c7c (0x03bd87b3) mul     a5, s11, s11
core   0: 3 0x80000c7c (0x03bd87b3) x15 0x00000010
core   0: 0x80000c80 (0x00006151) c.addi16sp sp, 272
core   0: 3 0x80000c80 (0x6151) x2  0x00000295
core   0: 0x80000c82 (0x1c948a13) addi    s4, s1, 457
core   0: 3 0x80000c82 (0x1c948a13) x20 0x000001c3
core   0: 0x80000c86 (0x00000705) c.addi  a4, 1
core   0: 3 0x80000c86 (0x0705) x14 0xfffffffc
core   0: 0x80000c88 (0x00004391) c.li    t2, 4
core   0: 3 0x80000c88 (0x4391) x7  0x00000004
core   0: 0x80000c8a (0x024bfeb3) remu    t4, s7, tp
core   0: 3 0x80000c8a (0x024bfeb3) x29 0x5e173b93
core   0: 0x80000c8e (0x00b59293) slli    t0, a1, 11
core   0: 3 0x80000c8e (0x00b59293) x5  0xde203000
core   0: 0x80000c92 (0x000083c9) c.srli  a5, 18
core   0: 3 0x80000c92 (0x83c9) x15 0x00000000
core   0: 0x80000c94 (0x00004ca1) c.li    s9, 8
core   0: 3 0x80000c94 (0x4ca1) x25 0x00000008
core   0: 0x80000c96 (0x41105f93) srai    t6, zero, 17
core   0: 3 0x80000c96 (0x41105f93) x31 0x00000000
core   0: 0x80000c9a (0x00008e79) c.and   a2, a4
core   0: 3 0x80000c9a (0x8e79) x12 0x00000524
core   0: 0x80000c9c (0x413885b3) sub     a1, a7, s3
core   0: 3 0x80000c9c (0x413885b3) x11 0xf7ffffec
core   0: 0x80000ca0 (0xb3cc4793) xori    a5, s8, -1220
core   0: 3 0x80000ca0 (0xb3cc4793) x15 0xffff4b3c
core   0: 0x80000ca4 (0x000003a9) c.addi  t2, 10
core   0: 3 0x80000ca4 (0x03a9) x7  0x0000000e
core   0: 0x80000ca6 (0xff93cde3) blt     t2, s9, pc - 6
core   0: 3 0x80000ca6 (0xff93cde3)
core   0: 0x80000caa (0x00000ba6) c.slli  s7, 9
core   0: 3 0x80000caa (0x0ba6) x23 0x37880000
core   0: 0x80000cac (0x0000fb61) c.bnez  a4, pc - 48
core   0: 3 0x80000cac (0xfb61)
core   0: 0x80000c7c (0x03bd87b3) mul     a5, s11, s11
core   0: 3 0x80000c7c (0x03bd87b3) x15 0x00000010
core   0: 0x80000c80 (0x00006151) c.addi16sp sp, 272
core   0: 3 0x80000c80 (0x6151) x2  0x000003a5
core   0: 0x80000c82 (0x1c948a13) addi    s4, s1, 457
core   0: 3 0x80000c82 (0x1c948a13) x20 0x000001c3
core   0: 0x80000c86 (0x00000705) c.addi  a4, 1
core   0: 3 0x80000c86 (0x0705) x14 0xfffffffd
core   0: 0x80000c88 (0x00004391) c.li    t2, 4
core   0: 3 0x80000c88 (0x4391) x7  0x00000004
core   0: 0x80000c8a (0x024bfeb3) remu    t4, s7, tp
core   0: 3 0x80000c8a (0x024bfeb3) x29 0x37880000
core   0: 0x80000c8e (0x00b59293) slli    t0, a1, 11
core   0: 3 0x80000c8e (0x00b59293) x5  0xffff6000
core   0: 0x80000c92 (0x000083c9) c.srli  a5, 18
core   0: 3 0x80000c92 (0x83c9) x15 0x00000000
core   0: 0x80000c94 (0x00004ca1) c.li    s9, 8
core   0: 3 0x80000c94 (0x4ca1) x25 0x00000008
core   0: 0x80000c96 (0x41105f93) srai    t6, zero, 17
core   0: 3 0x80000c96 (0x41105f93) x31 0x00000000
core   0: 0x80000c9a (0x00008e79) c.and   a2, a4
core   0: 3 0x80000c9a (0x8e79) x12 0x00000524
core   0: 0x80000c9c (0x413885b3) sub     a1, a7, s3
core   0: 3 0x80000c9c (0x413885b3) x11 0xf7ffffec
core   0: 0x80000ca0 (0xb3cc4793) xori    a5, s8, -1220
core   0: 3 0x80000ca0 (0xb3cc4793) x15 0xffff4b3c
core   0: 0x80000ca4 (0x000003a9) c.addi  t2, 10
core   0: 3 0x80000ca4 (0x03a9) x7  0x0000000e
core   0: 0x80000ca6 (0xff93cde3) blt     t2, s9, pc - 6
core   0: 3 0x80000ca6 (0xff93cde3)
core   0: 0x80000caa (0x00000ba6) c.slli  s7, 9
core   0: 3 0x80000caa (0x0ba6) x23 0x10000000
core   0: 0x80000cac (0x0000fb61) c.bnez  a4, pc - 48
core   0: 3 0x80000cac (0xfb61)
core   0: 0x80000c7c (0x03bd87b3) mul     a5, s11, s11
core   0: 3 0x80000c7c (0x03bd87b3) x15 0x00000010
core   0: 0x80000c80 (0x00006151) c.addi16sp sp, 272
core   0: 3 0x80000c80 (0x6151) x2  0x000004b5
core   0: 0x80000c82 (0x1c948a13) addi    s4, s1, 457
core   0: 3 0x80000c82 (0x1c948a13) x20 0x000001c3
core   0: 0x80000c86 (0x00000705) c.addi  a4, 1
core   0: 3 0x80000c86 (0x0705) x14 0xfffffffe
core   0: 0x80000c88 (0x00004391) c.li    t2, 4
core   0: 3 0x80000c88 (0x4391) x7  0x00000004
core   0: 0x80000c8a (0x024bfeb3) remu    t4, s7, tp
core   0: 3 0x80000c8a (0x024bfeb3) x29 0x10000000
core   0: 0x80000c8e (0x00b59293) slli    t0, a1, 11
core   0: 3 0x80000c8e (0x00b59293) x5  0xffff6000
core   0: 0x80000c92 (0x000083c9) c.srli  a5, 18
core   0: 3 0x80000c92 (0x83c9) x15 0x00000000
core   0: 0x80000c94 (0x00004ca1) c.li    s9, 8
core   0: 3 0x80000c94 (0x4ca1) x25 0x00000008
core   0: 0x80000c96 (0x41105f93) srai    t6, zero, 17
core   0: 3 0x80000c96 (0x41105f93) x31 0x00000000
core   0: 0x80000c9a (0x00008e79) c.and   a2, a4
core   0: 3 0x80000c9a (0x8e79) x12 0x00000524
core   0: 0x80000c9c (0x413885b3) sub     a1, a7, s3
core   0: 3 0x80000c9c (0x413885b3) x11 0xf7ffffec
core   0: 0x80000ca0 (0xb3cc4793) xori    a5, s8, -1220
core   0: 3 0x80000ca0 (0xb3cc4793) x15 0xffff4b3c
core   0: 0x80000ca4 (0x000003a9) c.addi  t2, 10
core   0: 3 0x80000ca4 (0x03a9) x7  0x0000000e
core   0: 0x80000ca6 (0xff93cde3) blt     t2, s9, pc - 6
core   0: 3 0x80000ca6 (0xff93cde3)
core   0: 0x80000caa (0x00000ba6) c.slli  s7, 9
core   0: 3 0x80000caa (0x0ba6) x23 0x00000000
core   0: 0x80000cac (0x0000fb61) c.bnez  a4, pc - 48
core   0: 3 0x80000cac (0xfb61)
core   0: 0x80000c7c (0x03bd87b3) mul     a5, s11, s11
core   0: 3 0x80000c7c (0x03bd87b3) x15 0x00000010
core   0: 0x80000c80 (0x00006151) c.addi16sp sp, 272
core   0: 3 0x80000c80 (0x6151) x2  0x000005c5
core   0: 0x80000c82 (0x1c948a13) addi    s4, s1, 457
core   0: 3 0x80000c82 (0x1c948a13) x20 0x000001c3
core   0: 0x80000c86 (0x00000705) c.addi  a4, 1
core   0: 3 0x80000c86 (0x0705) x14 0xffffffff
core   0: 0x80000c88 (0x00004391) c.li    t2, 4
core   0: 3 0x80000c88 (0x4391) x7  0x00000004
core   0: 0x80000c8a (0x024bfeb3) remu    t4, s7, tp
core   0: 3 0x80000c8a (0x024bfeb3) x29 0x00000000
core   0: 0x80000c8e (0x00b59293) slli    t0, a1, 11
core   0: 3 0x80000c8e (0x00b59293) x5  0xffff6000
core   0: 0x80000c92 (0x000083c9) c.srli  a5, 18
core   0: 3 0x80000c92 (0x83c9) x15 0x00000000
core   0: 0x80000c94 (0x00004ca1) c.li    s9, 8
core   0: 3 0x80000c94 (0x4ca1) x25 0x00000008
core   0: 0x80000c96 (0x41105f93) srai    t6, zero, 17
core   0: 3 0x80000c96 (0x41105f93) x31 0x00000000
core   0: 0x80000c9a (0x00008e79) c.and   a2, a4
core   0: 3 0x80000c9a (0x8e79) x12 0x00000524
core   0: 0x80000c9c (0x413885b3) sub     a1, a7, s3
core   0: 3 0x80000c9c (0x413885b3) x11 0xf7ffffec
core   0: 0x80000ca0 (0xb3cc4793) xori    a5, s8, -1220
core   0: 3 0x80000ca0 (0xb3cc4793) x15 0xffff4b3c
core   0: 0x80000ca4 (0x000003a9) c.addi  t2, 10
core   0: 3 0x80000ca4 (0x03a9) x7  0x0000000e
core   0: 0x80000ca6 (0xff93cde3) blt     t2, s9, pc - 6
core   0: 3 0x80000ca6 (0xff93cde3)
core   0: 0x80000caa (0x00000ba6) c.slli  s7, 9
core   0: 3 0x80000caa (0x0ba6) x23 0x00000000
core   0: 0x80000cac (0x0000fb61) c.bnez  a4, pc - 48
core   0: 3 0x80000cac (0xfb61)
core   0: 0x80000c7c (0x03bd87b3) mul     a5, s11, s11
core   0: 3 0x80000c7c (0x03bd87b3) x15 0x00000010
core   0: 0x80000c80 (0x00006151) c.addi16sp sp, 272
core   0: 3 0x80000c80 (0x6151) x2  0x000006d5
core   0: 0x80000c82 (0x1c948a13) addi    s4, s1, 457
core   0: 3 0x80000c82 (0x1c948a13) x20 0x000001c3
core   0: 0x80000c86 (0x00000705) c.addi  a4, 1
core   0: 3 0x80000c86 (0x0705) x14 0x00000000
core   0: 0x80000c88 (0x00004391) c.li    t2, 4
core   0: 3 0x80000c88 (0x4391) x7  0x00000004
core   0: 0x80000c8a (0x024bfeb3) remu    t4, s7, tp
core   0: 3 0x80000c8a (0x024bfeb3) x29 0x00000000
core   0: 0x80000c8e (0x00b59293) slli    t0, a1, 11
core   0: 3 0x80000c8e (0x00b59293) x5  0xffff6000
core   0: 0x80000c92 (0x000083c9) c.srli  a5, 18
core   0: 3 0x80000c92 (0x83c9) x15 0x00000000
core   0: 0x80000c94 (0x00004ca1) c.li    s9, 8
core   0: 3 0x80000c94 (0x4ca1) x25 0x00000008
core   0: 0x80000c96 (0x41105f93) srai    t6, zero, 17
core   0: 3 0x80000c96 (0x41105f93) x31 0x00000000
core   0: 0x80000c9a (0x00008e79) c.and   a2, a4
core   0: 3 0x80000c9a (0x8e79) x12 0x00000000
core   0: 0x80000c9c (0x413885b3) sub     a1, a7, s3
core   0: 3 0x80000c9c (0x413885b3) x11 0xf7ffffec
core   0: 0x80000ca0 (0xb3cc4793) xori    a5, s8, -1220
core   0: 3 0x80000ca0 (0xb3cc4793) x15 0xffff4b3c
core   0: 0x80000ca4 (0x000003a9) c.addi  t2, 10
core   0: 3 0x80000ca4 (0x03a9) x7  0x0000000e
core   0: 0x80000ca6 (0xff93cde3) blt     t2, s9, pc - 6
core   0: 3 0x80000ca6 (0xff93cde3)
core   0: 0x80000caa (0x00000ba6) c.slli  s7, 9
core   0: 3 0x80000caa (0x0ba6) x23 0x00000000
core   0: 0x80000cac (0x0000fb61) c.bnez  a4, pc - 48
core   0: 3 0x80000cac (0xfb61)
core   0: 0x80000cae (0x01382a33) slt     s4, a6, s3
core   0: 3 0x80000cae (0x01382a33) x20 0x00000001
core   0: 0x80000cb2 (0x00004619) c.li    a2, 6
core   0: 3 0x80000cb2 (0x4619) x12 0x00000006
core   0: 0x80000cb4 (0x00004c45) c.li    s8, 17
core   0: 3 0x80000cb4 (0x4c45) x24 0x00000011
core   0: 0x80000cb6 (0x00006989) c.lui   s3, 0x2
core   0: 3 0x80000cb6 (0x6989) x19 0x00002000
core   0: 0x80000cb8 (0x0241e3b3) rem     t2, gp, tp
core   0: 3 0x80000cb8 (0x0241e3b3) x7  0x0000000f
core   0: 0x80000cbc (0x00008d05) c.sub   a0, s1
core   0: 3 0x80000cbc (0x8d05) x10 0x00000005
core   0: 0x80000cbe (0x00b893b3) sll     t2, a7, a1
core   0: 3 0x80000cbe (0x00b893b3) x7  0x00000000
core   0: 0x80000cc2 (0x0049a7b3) slt     a5, s3, tp
core   0: 3 0x80000cc2 (0x0049a7b3) x15 0x00000000
core   0: 0x80000cc6 (0x00000605) c.addi  a2, 1
core   0: 3 0x80000cc6 (0x0605) x12 0x00000007
core   0: 0x80000cc8 (0x01f53e33) sltu    t3, a0, t6
core   0: 3 0x80000cc8 (0x01f53e33) x28 0x00000000
core   0: 0x80000ccc (0x00008752) c.mv    a4, s4
core   0: 3 0x80000ccc (0x8752) x14 0x00000001
core   0: 0x80000cce (0x036d0033) mul     zero, s10, s6
core   0: 3 0x80000cce (0x036d0033)
core   0: 0x80000cd2 (0x00004f05) c.li    t5, 1
core   0: 3 0x80000cd2 (0x4f05) x30 0x00000001
core   0: 0x80000cd4 (0x00004b09) c.li    s6, 2
core   0: 3 0x80000cd4 (0x4b09) x22 0x00000002
core   0: 0x80000cd6 (0xb9cb3713) sltiu   a4, s6, -1124
core   0: 3 0x80000cd6 (0xb9cb3713) x14 0x00000001
core   0: 0x80000cda (0x00008b85) c.andi  a5, 1
core   0: 3 0x80000cda (0x8b85) x15 0x00000000
core   0: 0x80000cdc (0x0000149c) c.addi4spn a5, sp, 608
core   0: 3 0x80000cdc (0x149c) x15 0x00000935
core   0: 0x80000cde (0xafd1a113) slti    sp, gp, -1283
core   0: 3 0x80000cde (0xafd1a113) x2  0x00000000
core   0: 0x80000ce2 (0x00000f11) c.addi  t5, 4
core   0: 3 0x80000ce2 (0x0f11) x30 0x00000005
core   0: 0x80000ce4 (0x00008f7d) c.and   a4, a5
core   0: 3 0x80000ce4 (0x8f7d) x14 0x00000001
core   0: 0x80000ce6 (0x000014fd) c.addi  s1, -1
core   0: 3 0x80000ce6 (0x14fd) x9  0xfffffff9
core   0: 0x80000ce8 (0xff6f6ae3) bltu    t5, s6, pc - 12
core   0: 3 0x80000ce8 (0xff6f6ae3)
core   0: 0x80000cec (0x41efdf93) srai    t6, t6, 30
core   0: 3 0x80000cec (0x41efdf93) x31 0x00000000
core   0: 0x80000cf0 (0xfd8664e3) bltu    a2, s8, pc - 56
core   0: 3 0x80000cf0 (0xfd8664e3)
core   0: 0x80000cb8 (0x0241e3b3) rem     t2, gp, tp
core   0: 3 0x80000cb8 (0x0241e3b3) x7  0x0000000f
core   0: 0x80000cbc (0x00008d05) c.sub   a0, s1
core   0: 3 0x80000cbc (0x8d05) x10 0x0000000c
core   0: 0x80000cbe (0x00b893b3) sll     t2, a7, a1
core   0: 3 0x80000cbe (0x00b893b3) x7  0x00000000
core   0: 0x80000cc2 (0x0049a7b3) slt     a5, s3, tp
core   0: 3 0x80000cc2 (0x0049a7b3) x15 0x00000000
core   0: 0x80000cc6 (0x00000605) c.addi  a2, 1
core   0: 3 0x80000cc6 (0x0605) x12 0x00000008
core   0: 0x80000cc8 (0x01f53e33) sltu    t3, a0, t6
core   0: 3 0x80000cc8 (0x01f53e33) x28 0x00000000
core   0: 0x80000ccc (0x00008752) c.mv    a4, s4
core   0: 3 0x80000ccc (0x8752) x14 0x00000001
core   0: 0x80000cce (0x036d0033) mul     zero, s10, s6
core   0: 3 0x80000cce (0x036d0033)
core   0: 0x80000cd2 (0x00004f05) c.li    t5, 1
core   0: 3 0x80000cd2 (0x4f05) x30 0x00000001
core   0: 0x80000cd4 (0x00004b09) c.li    s6, 2
core   0: 3 0x80000cd4 (0x4b09) x22 0x00000002
core   0: 0x80000cd6 (0xb9cb3713) sltiu   a4, s6, -1124
core   0: 3 0x80000cd6 (0xb9cb3713) x14 0x00000001
core   0: 0x80000cda (0x00008b85) c.andi  a5, 1
core   0: 3 0x80000cda (0x8b85) x15 0x00000000
core   0: 0x80000cdc (0x0000149c) c.addi4spn a5, sp, 608
core   0: 3 0x80000cdc (0x149c) x15 0x00000260
core   0: 0x80000cde (0xafd1a113) slti    sp, gp, -1283
core   0: 3 0x80000cde (0xafd1a113) x2  0x00000000
core   0: 0x80000ce2 (0x00000f11) c.addi  t5, 4
core   0: 3 0x80000ce2 (0x0f11) x30 0x00000005
core   0: 0x80000ce4 (0x00008f7d) c.and   a4, a5
core   0: 3 0x80000ce4 (0x8f7d) x14 0x00000000
core   0: 0x80000ce6 (0x000014fd) c.addi  s1, -1
core   0: 3 0x80000ce6 (0x14fd) x9  0xfffffff8
core   0: 0x80000ce8 (0xff6f6ae3) bltu    t5, s6, pc - 12
core   0: 3 0x80000ce8 (0xff6f6ae3)
core   0: 0x80000cec (0x41efdf93) srai    t6, t6, 30
core   0: 3 0x80000cec (0x41efdf93) x31 0x00000000
core   0: 0x80000cf0 (0xfd8664e3) bltu    a2, s8, pc - 56
core   0: 3 0x80000cf0 (0xfd8664e3)
core   0: 0x80000cb8 (0x0241e3b3) rem     t2, gp, tp
core   0: 3 0x80000cb8 (0x0241e3b3) x7  0x0000000f
core   0: 0x80000cbc (0x00008d05) c.sub   a0, s1
core   0: 3 0x80000cbc (0x8d05) x10 0x00000014
core   0: 0x80000cbe (0x00b893b3) sll     t2, a7, a1
core   0: 3 0x80000cbe (0x00b893b3) x7  0x00000000
core   0: 0x80000cc2 (0x0049a7b3) slt     a5, s3, tp
core   0: 3 0x80000cc2 (0x0049a7b3) x15 0x00000000
core   0: 0x80000cc6 (0x00000605) c.addi  a2, 1
core   0: 3 0x80000cc6 (0x0605) x12 0x00000009
core   0: 0x80000cc8 (0x01f53e33) sltu    t3, a0, t6
core   0: 3 0x80000cc8 (0x01f53e33) x28 0x00000000
core   0: 0x80000ccc (0x00008752) c.mv    a4, s4
core   0: 3 0x80000ccc (0x8752) x14 0x00000001
core   0: 0x80000cce (0x036d0033) mul     zero, s10, s6
core   0: 3 0x80000cce (0x036d0033)
core   0: 0x80000cd2 (0x00004f05) c.li    t5, 1
core   0: 3 0x80000cd2 (0x4f05) x30 0x00000001
core   0: 0x80000cd4 (0x00004b09) c.li    s6, 2
core   0: 3 0x80000cd4 (0x4b09) x22 0x00000002
core   0: 0x80000cd6 (0xb9cb3713) sltiu   a4, s6, -1124
core   0: 3 0x80000cd6 (0xb9cb3713) x14 0x00000001
core   0: 0x80000cda (0x00008b85) c.andi  a5, 1
core   0: 3 0x80000cda (0x8b85) x15 0x00000000
core   0: 0x80000cdc (0x0000149c) c.addi4spn a5, sp, 608
core   0: 3 0x80000cdc (0x149c) x15 0x00000260
core   0: 0x80000cde (0xafd1a113) slti    sp, gp, -1283
core   0: 3 0x80000cde (0xafd1a113) x2  0x00000000
core   0: 0x80000ce2 (0x00000f11) c.addi  t5, 4
core   0: 3 0x80000ce2 (0x0f11) x30 0x00000005
core   0: 0x80000ce4 (0x00008f7d) c.and   a4, a5
core   0: 3 0x80000ce4 (0x8f7d) x14 0x00000000
core   0: 0x80000ce6 (0x000014fd) c.addi  s1, -1
core   0: 3 0x80000ce6 (0x14fd) x9  0xfffffff7
core   0: 0x80000ce8 (0xff6f6ae3) bltu    t5, s6, pc - 12
core   0: 3 0x80000ce8 (0xff6f6ae3)
core   0: 0x80000cec (0x41efdf93) srai    t6, t6, 30
core   0: 3 0x80000cec (0x41efdf93) x31 0x00000000
core   0: 0x80000cf0 (0xfd8664e3) bltu    a2, s8, pc - 56
core   0: 3 0x80000cf0 (0xfd8664e3)
core   0: 0x80000cb8 (0x0241e3b3) rem     t2, gp, tp
core   0: 3 0x80000cb8 (0x0241e3b3) x7  0x0000000f
core   0: 0x80000cbc (0x00008d05) c.sub   a0, s1
core   0: 3 0x80000cbc (0x8d05) x10 0x0000001d
core   0: 0x80000cbe (0x00b893b3) sll     t2, a7, a1
core   0: 3 0x80000cbe (0x00b893b3) x7  0x00000000
core   0: 0x80000cc2 (0x0049a7b3) slt     a5, s3, tp
core   0: 3 0x80000cc2 (0x0049a7b3) x15 0x00000000
core   0: 0x80000cc6 (0x00000605) c.addi  a2, 1
core   0: 3 0x80000cc6 (0x0605) x12 0x0000000a
core   0: 0x80000cc8 (0x01f53e33) sltu    t3, a0, t6
core   0: 3 0x80000cc8 (0x01f53e33) x28 0x00000000
core   0: 0x80000ccc (0x00008752) c.mv    a4, s4
core   0: 3 0x80000ccc (0x8752) x14 0x00000001
core   0: 0x80000cce (0x036d0033) mul     zero, s10, s6
core   0: 3 0x80000cce (0x036d0033)
core   0: 0x80000cd2 (0x00004f05) c.li    t5, 1
core   0: 3 0x80000cd2 (0x4f05) x30 0x00000001
core   0: 0x80000cd4 (0x00004b09) c.li    s6, 2
core   0: 3 0x80000cd4 (0x4b09) x22 0x00000002
core   0: 0x80000cd6 (0xb9cb3713) sltiu   a4, s6, -1124
core   0: 3 0x80000cd6 (0xb9cb3713) x14 0x00000001
core   0: 0x80000cda (0x00008b85) c.andi  a5, 1
core   0: 3 0x80000cda (0x8b85) x15 0x00000000
core   0: 0x80000cdc (0x0000149c) c.addi4spn a5, sp, 608
core   0: 3 0x80000cdc (0x149c) x15 0x00000260
core   0: 0x80000cde (0xafd1a113) slti    sp, gp, -1283
core   0: 3 0x80000cde (0xafd1a113) x2  0x00000000
core   0: 0x80000ce2 (0x00000f11) c.addi  t5, 4
core   0: 3 0x80000ce2 (0x0f11) x30 0x00000005
core   0: 0x80000ce4 (0x00008f7d) c.and   a4, a5
core   0: 3 0x80000ce4 (0x8f7d) x14 0x00000000
core   0: 0x80000ce6 (0x000014fd) c.addi  s1, -1
core   0: 3 0x80000ce6 (0x14fd) x9  0xfffffff6
core   0: 0x80000ce8 (0xff6f6ae3) bltu    t5, s6, pc - 12
core   0: 3 0x80000ce8 (0xff6f6ae3)
core   0: 0x80000cec (0x41efdf93) srai    t6, t6, 30
core   0: 3 0x80000cec (0x41efdf93) x31 0x00000000
core   0: 0x80000cf0 (0xfd8664e3) bltu    a2, s8, pc - 56
core   0: 3 0x80000cf0 (0xfd8664e3)
core   0: 0x80000cb8 (0x0241e3b3) rem     t2, gp, tp
core   0: 3 0x80000cb8 (0x0241e3b3) x7  0x0000000f
core   0: 0x80000cbc (0x00008d05) c.sub   a0, s1
core   0: 3 0x80000cbc (0x8d05) x10 0x00000027
core   0: 0x80000cbe (0x00b893b3) sll     t2, a7, a1
core   0: 3 0x80000cbe (0x00b893b3) x7  0x00000000
core   0: 0x80000cc2 (0x0049a7b3) slt     a5, s3, tp
core   0: 3 0x80000cc2 (0x0049a7b3) x15 0x00000000
core   0: 0x80000cc6 (0x00000605) c.addi  a2, 1
core   0: 3 0x80000cc6 (0x0605) x12 0x0000000b
core   0: 0x80000cc8 (0x01f53e33) sltu    t3, a0, t6
core   0: 3 0x80000cc8 (0x01f53e33) x28 0x00000000
core   0: 0x80000ccc (0x00008752) c.mv    a4, s4
core   0: 3 0x80000ccc (0x8752) x14 0x00000001
core   0: 0x80000cce (0x036d0033) mul     zero, s10, s6
core   0: 3 0x80000cce (0x036d0033)
core   0: 0x80000cd2 (0x00004f05) c.li    t5, 1
core   0: 3 0x80000cd2 (0x4f05) x30 0x00000001
core   0: 0x80000cd4 (0x00004b09) c.li    s6, 2
core   0: 3 0x80000cd4 (0x4b09) x22 0x00000002
core   0: 0x80000cd6 (0xb9cb3713) sltiu   a4, s6, -1124
core   0: 3 0x80000cd6 (0xb9cb3713) x14 0x00000001
core   0: 0x80000cda (0x00008b85) c.andi  a5, 1
core   0: 3 0x80000cda (0x8b85) x15 0x00000000
core   0: 0x80000cdc (0x0000149c) c.addi4spn a5, sp, 608
core   0: 3 0x80000cdc (0x149c) x15 0x00000260
core   0: 0x80000cde (0xafd1a113) slti    sp, gp, -1283
core   0: 3 0x80000cde (0xafd1a113) x2  0x00000000
core   0: 0x80000ce2 (0x00000f11) c.addi  t5, 4
core   0: 3 0x80000ce2 (0x0f11) x30 0x00000005
core   0: 0x80000ce4 (0x00008f7d) c.and   a4, a5
core   0: 3 0x80000ce4 (0x8f7d) x14 0x00000000
core   0: 0x80000ce6 (0x000014fd) c.addi  s1, -1
core   0: 3 0x80000ce6 (0x14fd) x9  0xfffffff5
core   0: 0x80000ce8 (0xff6f6ae3) bltu    t5, s6, pc - 12
core   0: 3 0x80000ce8 (0xff6f6ae3)
core   0: 0x80000cec (0x41efdf93) srai    t6, t6, 30
core   0: 3 0x80000cec (0x41efdf93) x31 0x00000000
core   0: 0x80000cf0 (0xfd8664e3) bltu    a2, s8, pc - 56
core   0: 3 0x80000cf0 (0xfd8664e3)
core   0: 0x80000cb8 (0x0241e3b3) rem     t2, gp, tp
core   0: 3 0x80000cb8 (0x0241e3b3) x7  0x0000000f
core   0: 0x80000cbc (0x00008d05) c.sub   a0, s1
core   0: 3 0x80000cbc (0x8d05) x10 0x00000032
core   0: 0x80000cbe (0x00b893b3) sll     t2, a7, a1
core   0: 3 0x80000cbe (0x00b893b3) x7  0x00000000
core   0: 0x80000cc2 (0x0049a7b3) slt     a5, s3, tp
core   0: 3 0x80000cc2 (0x0049a7b3) x15 0x00000000
core   0: 0x80000cc6 (0x00000605) c.addi  a2, 1
core   0: 3 0x80000cc6 (0x0605) x12 0x0000000c
core   0: 0x80000cc8 (0x01f53e33) sltu    t3, a0, t6
core   0: 3 0x80000cc8 (0x01f53e33) x28 0x00000000
core   0: 0x80000ccc (0x00008752) c.mv    a4, s4
core   0: 3 0x80000ccc (0x8752) x14 0x00000001
core   0: 0x80000cce (0x036d0033) mul     zero, s10, s6
core   0: 3 0x80000cce (0x036d0033)
core   0: 0x80000cd2 (0x00004f05) c.li    t5, 1
core   0: 3 0x80000cd2 (0x4f05) x30 0x00000001
core   0: 0x80000cd4 (0x00004b09) c.li    s6, 2
core   0: 3 0x80000cd4 (0x4b09) x22 0x00000002
core   0: 0x80000cd6 (0xb9cb3713) sltiu   a4, s6, -1124
core   0: 3 0x80000cd6 (0xb9cb3713) x14 0x00000001
core   0: 0x80000cda (0x00008b85) c.andi  a5, 1
core   0: 3 0x80000cda (0x8b85) x15 0x00000000
core   0: 0x80000cdc (0x0000149c) c.addi4spn a5, sp, 608
core   0: 3 0x80000cdc (0x149c) x15 0x00000260
core   0: 0x80000cde (0xafd1a113) slti    sp, gp, -1283
core   0: 3 0x80000cde (0xafd1a113) x2  0x00000000
core   0: 0x80000ce2 (0x00000f11) c.addi  t5, 4
core   0: 3 0x80000ce2 (0x0f11) x30 0x00000005
core   0: 0x80000ce4 (0x00008f7d) c.and   a4, a5
core   0: 3 0x80000ce4 (0x8f7d) x14 0x00000000
core   0: 0x80000ce6 (0x000014fd) c.addi  s1, -1
core   0: 3 0x80000ce6 (0x14fd) x9  0xfffffff4
core   0: 0x80000ce8 (0xff6f6ae3) bltu    t5, s6, pc - 12
core   0: 3 0x80000ce8 (0xff6f6ae3)
core   0: 0x80000cec (0x41efdf93) srai    t6, t6, 30
core   0: 3 0x80000cec (0x41efdf93) x31 0x00000000
core   0: 0x80000cf0 (0xfd8664e3) bltu    a2, s8, pc - 56
core   0: 3 0x80000cf0 (0xfd8664e3)
core   0: 0x80000cb8 (0x0241e3b3) rem     t2, gp, tp
core   0: 3 0x80000cb8 (0x0241e3b3) x7  0x0000000f
core   0: 0x80000cbc (0x00008d05) c.sub   a0, s1
core   0: 3 0x80000cbc (0x8d05) x10 0x0000003e
core   0: 0x80000cbe (0x00b893b3) sll     t2, a7, a1
core   0: 3 0x80000cbe (0x00b893b3) x7  0x00000000
core   0: 0x80000cc2 (0x0049a7b3) slt     a5, s3, tp
core   0: 3 0x80000cc2 (0x0049a7b3) x15 0x00000000
core   0: 0x80000cc6 (0x00000605) c.addi  a2, 1
core   0: 3 0x80000cc6 (0x0605) x12 0x0000000d
core   0: 0x80000cc8 (0x01f53e33) sltu    t3, a0, t6
core   0: 3 0x80000cc8 (0x01f53e33) x28 0x00000000
core   0: 0x80000ccc (0x00008752) c.mv    a4, s4
core   0: 3 0x80000ccc (0x8752) x14 0x00000001
core   0: 0x80000cce (0x036d0033) mul     zero, s10, s6
core   0: 3 0x80000cce (0x036d0033)
core   0: 0x80000cd2 (0x00004f05) c.li    t5, 1
core   0: 3 0x80000cd2 (0x4f05) x30 0x00000001
core   0: 0x80000cd4 (0x00004b09) c.li    s6, 2
core   0: 3 0x80000cd4 (0x4b09) x22 0x00000002
core   0: 0x80000cd6 (0xb9cb3713) sltiu   a4, s6, -1124
core   0: 3 0x80000cd6 (0xb9cb3713) x14 0x00000001
core   0: 0x80000cda (0x00008b85) c.andi  a5, 1
core   0: 3 0x80000cda (0x8b85) x15 0x00000000
core   0: 0x80000cdc (0x0000149c) c.addi4spn a5, sp, 608
core   0: 3 0x80000cdc (0x149c) x15 0x00000260
core   0: 0x80000cde (0xafd1a113) slti    sp, gp, -1283
core   0: 3 0x80000cde (0xafd1a113) x2  0x00000000
core   0: 0x80000ce2 (0x00000f11) c.addi  t5, 4
core   0: 3 0x80000ce2 (0x0f11) x30 0x00000005
core   0: 0x80000ce4 (0x00008f7d) c.and   a4, a5
core   0: 3 0x80000ce4 (0x8f7d) x14 0x00000000
core   0: 0x80000ce6 (0x000014fd) c.addi  s1, -1
core   0: 3 0x80000ce6 (0x14fd) x9  0xfffffff3
core   0: 0x80000ce8 (0xff6f6ae3) bltu    t5, s6, pc - 12
core   0: 3 0x80000ce8 (0xff6f6ae3)
core   0: 0x80000cec (0x41efdf93) srai    t6, t6, 30
core   0: 3 0x80000cec (0x41efdf93) x31 0x00000000
core   0: 0x80000cf0 (0xfd8664e3) bltu    a2, s8, pc - 56
core   0: 3 0x80000cf0 (0xfd8664e3)
core   0: 0x80000cb8 (0x0241e3b3) rem     t2, gp, tp
core   0: 3 0x80000cb8 (0x0241e3b3) x7  0x0000000f
core   0: 0x80000cbc (0x00008d05) c.sub   a0, s1
core   0: 3 0x80000cbc (0x8d05) x10 0x0000004b
core   0: 0x80000cbe (0x00b893b3) sll     t2, a7, a1
core   0: 3 0x80000cbe (0x00b893b3) x7  0x00000000
core   0: 0x80000cc2 (0x0049a7b3) slt     a5, s3, tp
core   0: 3 0x80000cc2 (0x0049a7b3) x15 0x00000000
core   0: 0x80000cc6 (0x00000605) c.addi  a2, 1
core   0: 3 0x80000cc6 (0x0605) x12 0x0000000e
core   0: 0x80000cc8 (0x01f53e33) sltu    t3, a0, t6
core   0: 3 0x80000cc8 (0x01f53e33) x28 0x00000000
core   0: 0x80000ccc (0x00008752) c.mv    a4, s4
core   0: 3 0x80000ccc (0x8752) x14 0x00000001
core   0: 0x80000cce (0x036d0033) mul     zero, s10, s6
core   0: 3 0x80000cce (0x036d0033)
core   0: 0x80000cd2 (0x00004f05) c.li    t5, 1
core   0: 3 0x80000cd2 (0x4f05) x30 0x00000001
core   0: 0x80000cd4 (0x00004b09) c.li    s6, 2
core   0: 3 0x80000cd4 (0x4b09) x22 0x00000002
core   0: 0x80000cd6 (0xb9cb3713) sltiu   a4, s6, -1124
core   0: 3 0x80000cd6 (0xb9cb3713) x14 0x00000001
core   0: 0x80000cda (0x00008b85) c.andi  a5, 1
core   0: 3 0x80000cda (0x8b85) x15 0x00000000
core   0: 0x80000cdc (0x0000149c) c.addi4spn a5, sp, 608
core   0: 3 0x80000cdc (0x149c) x15 0x00000260
core   0: 0x80000cde (0xafd1a113) slti    sp, gp, -1283
core   0: 3 0x80000cde (0xafd1a113) x2  0x00000000
core   0: 0x80000ce2 (0x00000f11) c.addi  t5, 4
core   0: 3 0x80000ce2 (0x0f11) x30 0x00000005
core   0: 0x80000ce4 (0x00008f7d) c.and   a4, a5
core   0: 3 0x80000ce4 (0x8f7d) x14 0x00000000
core   0: 0x80000ce6 (0x000014fd) c.addi  s1, -1
core   0: 3 0x80000ce6 (0x14fd) x9  0xfffffff2
core   0: 0x80000ce8 (0xff6f6ae3) bltu    t5, s6, pc - 12
core   0: 3 0x80000ce8 (0xff6f6ae3)
core   0: 0x80000cec (0x41efdf93) srai    t6, t6, 30
core   0: 3 0x80000cec (0x41efdf93) x31 0x00000000
core   0: 0x80000cf0 (0xfd8664e3) bltu    a2, s8, pc - 56
core   0: 3 0x80000cf0 (0xfd8664e3)
core   0: 0x80000cb8 (0x0241e3b3) rem     t2, gp, tp
core   0: 3 0x80000cb8 (0x0241e3b3) x7  0x0000000f
core   0: 0x80000cbc (0x00008d05) c.sub   a0, s1
core   0: 3 0x80000cbc (0x8d05) x10 0x00000059
core   0: 0x80000cbe (0x00b893b3) sll     t2, a7, a1
core   0: 3 0x80000cbe (0x00b893b3) x7  0x00000000
core   0: 0x80000cc2 (0x0049a7b3) slt     a5, s3, tp
core   0: 3 0x80000cc2 (0x0049a7b3) x15 0x00000000
core   0: 0x80000cc6 (0x00000605) c.addi  a2, 1
core   0: 3 0x80000cc6 (0x0605) x12 0x0000000f
core   0: 0x80000cc8 (0x01f53e33) sltu    t3, a0, t6
core   0: 3 0x80000cc8 (0x01f53e33) x28 0x00000000
core   0: 0x80000ccc (0x00008752) c.mv    a4, s4
core   0: 3 0x80000ccc (0x8752) x14 0x00000001
core   0: 0x80000cce (0x036d0033) mul     zero, s10, s6
core   0: 3 0x80000cce (0x036d0033)
core   0: 0x80000cd2 (0x00004f05) c.li    t5, 1
core   0: 3 0x80000cd2 (0x4f05) x30 0x00000001
core   0: 0x80000cd4 (0x00004b09) c.li    s6, 2
core   0: 3 0x80000cd4 (0x4b09) x22 0x00000002
core   0: 0x80000cd6 (0xb9cb3713) sltiu   a4, s6, -1124
core   0: 3 0x80000cd6 (0xb9cb3713) x14 0x00000001
core   0: 0x80000cda (0x00008b85) c.andi  a5, 1
core   0: 3 0x80000cda (0x8b85) x15 0x00000000
core   0: 0x80000cdc (0x0000149c) c.addi4spn a5, sp, 608
core   0: 3 0x80000cdc (0x149c) x15 0x00000260
core   0: 0x80000cde (0xafd1a113) slti    sp, gp, -1283
core   0: 3 0x80000cde (0xafd1a113) x2  0x00000000
core   0: 0x80000ce2 (0x00000f11) c.addi  t5, 4
core   0: 3 0x80000ce2 (0x0f11) x30 0x00000005
core   0: 0x80000ce4 (0x00008f7d) c.and   a4, a5
core   0: 3 0x80000ce4 (0x8f7d) x14 0x00000000
core   0: 0x80000ce6 (0x000014fd) c.addi  s1, -1
core   0: 3 0x80000ce6 (0x14fd) x9  0xfffffff1
core   0: 0x80000ce8 (0xff6f6ae3) bltu    t5, s6, pc - 12
core   0: 3 0x80000ce8 (0xff6f6ae3)
core   0: 0x80000cec (0x41efdf93) srai    t6, t6, 30
core   0: 3 0x80000cec (0x41efdf93) x31 0x00000000
core   0: 0x80000cf0 (0xfd8664e3) bltu    a2, s8, pc - 56
core   0: 3 0x80000cf0 (0xfd8664e3)
core   0: 0x80000cb8 (0x0241e3b3) rem     t2, gp, tp
core   0: 3 0x80000cb8 (0x0241e3b3) x7  0x0000000f
core   0: 0x80000cbc (0x00008d05) c.sub   a0, s1
core   0: 3 0x80000cbc (0x8d05) x10 0x00000068
core   0: 0x80000cbe (0x00b893b3) sll     t2, a7, a1
core   0: 3 0x80000cbe (0x00b893b3) x7  0x00000000
core   0: 0x80000cc2 (0x0049a7b3) slt     a5, s3, tp
core   0: 3 0x80000cc2 (0x0049a7b3) x15 0x00000000
core   0: 0x80000cc6 (0x00000605) c.addi  a2, 1
core   0: 3 0x80000cc6 (0x0605) x12 0x00000010
core   0: 0x80000cc8 (0x01f53e33) sltu    t3, a0, t6
core   0: 3 0x80000cc8 (0x01f53e33) x28 0x00000000
core   0: 0x80000ccc (0x00008752) c.mv    a4, s4
core   0: 3 0x80000ccc (0x8752) x14 0x00000001
core   0: 0x80000cce (0x036d0033) mul     zero, s10, s6
core   0: 3 0x80000cce (0x036d0033)
core   0: 0x80000cd2 (0x00004f05) c.li    t5, 1
core   0: 3 0x80000cd2 (0x4f05) x30 0x00000001
core   0: 0x80000cd4 (0x00004b09) c.li    s6, 2
core   0: 3 0x80000cd4 (0x4b09) x22 0x00000002
core   0: 0x80000cd6 (0xb9cb3713) sltiu   a4, s6, -1124
core   0: 3 0x80000cd6 (0xb9cb3713) x14 0x00000001
core   0: 0x80000cda (0x00008b85) c.andi  a5, 1
core   0: 3 0x80000cda (0x8b85) x15 0x00000000
core   0: 0x80000cdc (0x0000149c) c.addi4spn a5, sp, 608
core   0: 3 0x80000cdc (0x149c) x15 0x00000260
core   0: 0x80000cde (0xafd1a113) slti    sp, gp, -1283
core   0: 3 0x80000cde (0xafd1a113) x2  0x00000000
core   0: 0x80000ce2 (0x00000f11) c.addi  t5, 4
core   0: 3 0x80000ce2 (0x0f11) x30 0x00000005
core   0: 0x80000ce4 (0x00008f7d) c.and   a4, a5
core   0: 3 0x80000ce4 (0x8f7d) x14 0x00000000
core   0: 0x80000ce6 (0x000014fd) c.addi  s1, -1
core   0: 3 0x80000ce6 (0x14fd) x9  0xfffffff0
core   0: 0x80000ce8 (0xff6f6ae3) bltu    t5, s6, pc - 12
core   0: 3 0x80000ce8 (0xff6f6ae3)
core   0: 0x80000cec (0x41efdf93) srai    t6, t6, 30
core   0: 3 0x80000cec (0x41efdf93) x31 0x00000000
core   0: 0x80000cf0 (0xfd8664e3) bltu    a2, s8, pc - 56
core   0: 3 0x80000cf0 (0xfd8664e3)
core   0: 0x80000cb8 (0x0241e3b3) rem     t2, gp, tp
core   0: 3 0x80000cb8 (0x0241e3b3) x7  0x0000000f
core   0: 0x80000cbc (0x00008d05) c.sub   a0, s1
core   0: 3 0x80000cbc (0x8d05) x10 0x00000078
core   0: 0x80000cbe (0x00b893b3) sll     t2, a7, a1
core   0: 3 0x80000cbe (0x00b893b3) x7  0x00000000
core   0: 0x80000cc2 (0x0049a7b3) slt     a5, s3, tp
core   0: 3 0x80000cc2 (0x0049a7b3) x15 0x00000000
core   0: 0x80000cc6 (0x00000605) c.addi  a2, 1
core   0: 3 0x80000cc6 (0x0605) x12 0x00000011
core   0: 0x80000cc8 (0x01f53e33) sltu    t3, a0, t6
core   0: 3 0x80000cc8 (0x01f53e33) x28 0x00000000
core   0: 0x80000ccc (0x00008752) c.mv    a4, s4
core   0: 3 0x80000ccc (0x8752) x14 0x00000001
core   0: 0x80000cce (0x036d0033) mul     zero, s10, s6
core   0: 3 0x80000cce (0x036d0033)
core   0: 0x80000cd2 (0x00004f05) c.li    t5, 1
core   0: 3 0x80000cd2 (0x4f05) x30 0x00000001
core   0: 0x80000cd4 (0x00004b09) c.li    s6, 2
core   0: 3 0x80000cd4 (0x4b09) x22 0x00000002
core   0: 0x80000cd6 (0xb9cb3713) sltiu   a4, s6, -1124
core   0: 3 0x80000cd6 (0xb9cb3713) x14 0x00000001
core   0: 0x80000cda (0x00008b85) c.andi  a5, 1
core   0: 3 0x80000cda (0x8b85) x15 0x00000000
core   0: 0x80000cdc (0x0000149c) c.addi4spn a5, sp, 608
core   0: 3 0x80000cdc (0x149c) x15 0x00000260
core   0: 0x80000cde (0xafd1a113) slti    sp, gp, -1283
core   0: 3 0x80000cde (0xafd1a113) x2  0x00000000
core   0: 0x80000ce2 (0x00000f11) c.addi  t5, 4
core   0: 3 0x80000ce2 (0x0f11) x30 0x00000005
core   0: 0x80000ce4 (0x00008f7d) c.and   a4, a5
core   0: 3 0x80000ce4 (0x8f7d) x14 0x00000000
core   0: 0x80000ce6 (0x000014fd) c.addi  s1, -1
core   0: 3 0x80000ce6 (0x14fd) x9  0xffffffef
core   0: 0x80000ce8 (0xff6f6ae3) bltu    t5, s6, pc - 12
core   0: 3 0x80000ce8 (0xff6f6ae3)
core   0: 0x80000cec (0x41efdf93) srai    t6, t6, 30
core   0: 3 0x80000cec (0x41efdf93) x31 0x00000000
core   0: 0x80000cf0 (0xfd8664e3) bltu    a2, s8, pc - 56
core   0: 3 0x80000cf0 (0xfd8664e3)
core   0: 0x80000cf4 (0x001340b3) xor     ra, t1, ra
core   0: 3 0x80000cf4 (0x001340b3) x1  0xffffffff
core   0: 0x80000cf8 (0x00004629) c.li    a2, 10
core   0: 3 0x80000cf8 (0x4629) x12 0x0000000a
core   0: 0x80000cfa (0x19c48113) addi    sp, s1, 412
core   0: 3 0x80000cfa (0x19c48113) x2  0x0000018b
core   0: 0x80000cfe (0x023fdb33) divu    s6, t6, gp
core   0: 3 0x80000cfe (0x023fdb33) x22 0x00000000
core   0: 0x80000d02 (0x00754b33) xor     s6, a0, t2
core   0: 3 0x80000d02 (0x00754b33) x22 0x00000078
core   0: 0x80000d06 (0x00004221) c.li    tp, 8
core   0: 3 0x80000d06 (0x4221) x4  0x00000008
core   0: 0x80000d08 (0x000c48b3) xor     a7, s8, zero
core   0: 3 0x80000d08 (0x000c48b3) x17 0x00000011
core   0: 0x80000d0c (0x00008de9) c.and   a1, a0
core   0: 3 0x80000d0c (0x8de9) x11 0x00000068
core   0: 0x80000d0e (0x02bb7e33) remu    t3, s6, a1
core   0: 3 0x80000d0e (0x02bb7e33) x28 0x00000010
core   0: 0x80000d12 (0x00004fbd) c.li    t6, 15
core   0: 3 0x80000d12 (0x4fbd) x31 0x0000000f
core   0: 0x80000d14 (0x00001671) c.addi  a2, -4
core   0: 3 0x80000d14 (0x1671) x12 0x00000006
core   0: 0x80000d16 (0x0000479d) c.li    a5, 7
core   0: 3 0x80000d16 (0x479d) x15 0x00000007
core   0: 0x80000d18 (0x0015d693) srli    a3, a1, 1
core   0: 3 0x80000d18 (0x0015d693) x13 0x00000034
core   0: 0x80000d1c (0xa484b313) sltiu   t1, s1, -1464
core   0: 3 0x80000d1c (0xa484b313) x6  0x00000000
core   0: 0x80000d20 (0x00005ed5) c.li    t4, -11
core   0: 3 0x80000d20 (0x5ed5) x29 0xfffffff5
core   0: 0x80000d22 (0x8d9d2493) slti    s1, s10, -1831
core   0: 3 0x80000d22 (0x8d9d2493) x9  0x00000000
core   0: 0x80000d26 (0x00000001) c.nop
core   0: 3 0x80000d26 (0x0001)
core   0: 0x80000d28 (0x193861b7) lui     gp, 0x19386
core   0: 3 0x80000d28 (0x193861b7) x3  0x19386000
core   0: 0x80000d2c (0x05e0c393) xori    t2, ra, 94
core   0: 3 0x80000d2c (0x05e0c393) x7  0xffffffa1
core   0: 0x80000d30 (0x000017f9) c.addi  a5, -2
core   0: 3 0x80000d30 (0x17f9) x15 0x00000005
core   0: 0x80000d32 (0x00f35f93) srli    t6, t1, 15
core   0: 3 0x80000d32 (0x00f35f93) x31 0x00000000
core   0: 0x80000d36 (0xffd79be3) bne     a5, t4, pc - 10
core   0: 3 0x80000d36 (0xffd79be3)
core   0: 0x80000d2c (0x05e0c393) xori    t2, ra, 94
core   0: 3 0x80000d2c (0x05e0c393) x7  0xffffffa1
core   0: 0x80000d30 (0x000017f9) c.addi  a5, -2
core   0: 3 0x80000d30 (0x17f9) x15 0x00000003
core   0: 0x80000d32 (0x00f35f93) srli    t6, t1, 15
core   0: 3 0x80000d32 (0x00f35f93) x31 0x00000000
core   0: 0x80000d36 (0xffd79be3) bne     a5, t4, pc - 10
core   0: 3 0x80000d36 (0xffd79be3)
core   0: 0x80000d2c (0x05e0c393) xori    t2, ra, 94
core   0: 3 0x80000d2c (0x05e0c393) x7  0xffffffa1
core   0: 0x80000d30 (0x000017f9) c.addi  a5, -2
core   0: 3 0x80000d30 (0x17f9) x15 0x00000001
core   0: 0x80000d32 (0x00f35f93) srli    t6, t1, 15
core   0: 3 0x80000d32 (0x00f35f93) x31 0x00000000
core   0: 0x80000d36 (0xffd79be3) bne     a5, t4, pc - 10
core   0: 3 0x80000d36 (0xffd79be3)
core   0: 0x80000d2c (0x05e0c393) xori    t2, ra, 94
core   0: 3 0x80000d2c (0x05e0c393) x7  0xffffffa1
core   0: 0x80000d30 (0x000017f9) c.addi  a5, -2
core   0: 3 0x80000d30 (0x17f9) x15 0xffffffff
core   0: 0x80000d32 (0x00f35f93) srli    t6, t1, 15
core   0: 3 0x80000d32 (0x00f35f93) x31 0x00000000
core   0: 0x80000d36 (0xffd79be3) bne     a5, t4, pc - 10
core   0: 3 0x80000d36 (0xffd79be3)
core   0: 0x80000d2c (0x05e0c393) xori    t2, ra, 94
core   0: 3 0x80000d2c (0x05e0c393) x7  0xffffffa1
core   0: 0x80000d30 (0x000017f9) c.addi  a5, -2
core   0: 3 0x80000d30 (0x17f9) x15 0xfffffffd
core   0: 0x80000d32 (0x00f35f93) srli    t6, t1, 15
core   0: 3 0x80000d32 (0x00f35f93) x31 0x00000000
core   0: 0x80000d36 (0xffd79be3) bne     a5, t4, pc - 10
core   0: 3 0x80000d36 (0xffd79be3)
core   0: 0x80000d2c (0x05e0c393) xori    t2, ra, 94
core   0: 3 0x80000d2c (0x05e0c393) x7  0xffffffa1
core   0: 0x80000d30 (0x000017f9) c.addi  a5, -2
core   0: 3 0x80000d30 (0x17f9) x15 0xfffffffb
core   0: 0x80000d32 (0x00f35f93) srli    t6, t1, 15
core   0: 3 0x80000d32 (0x00f35f93) x31 0x00000000
core   0: 0x80000d36 (0xffd79be3) bne     a5, t4, pc - 10
core   0: 3 0x80000d36 (0xffd79be3)
core   0: 0x80000d2c (0x05e0c393) xori    t2, ra, 94
core   0: 3 0x80000d2c (0x05e0c393) x7  0xffffffa1
core   0: 0x80000d30 (0x000017f9) c.addi  a5, -2
core   0: 3 0x80000d30 (0x17f9) x15 0xfffffff9
core   0: 0x80000d32 (0x00f35f93) srli    t6, t1, 15
core   0: 3 0x80000d32 (0x00f35f93) x31 0x00000000
core   0: 0x80000d36 (0xffd79be3) bne     a5, t4, pc - 10
core   0: 3 0x80000d36 (0xffd79be3)
core   0: 0x80000d2c (0x05e0c393) xori    t2, ra, 94
core   0: 3 0x80000d2c (0x05e0c393) x7  0xffffffa1
core   0: 0x80000d30 (0x000017f9) c.addi  a5, -2
core   0: 3 0x80000d30 (0x17f9) x15 0xfffffff7
core   0: 0x80000d32 (0x00f35f93) srli    t6, t1, 15
core   0: 3 0x80000d32 (0x00f35f93) x31 0x00000000
core   0: 0x80000d36 (0xffd79be3) bne     a5, t4, pc - 10
core   0: 3 0x80000d36 (0xffd79be3)
core   0: 0x80000d2c (0x05e0c393) xori    t2, ra, 94
core   0: 3 0x80000d2c (0x05e0c393) x7  0xffffffa1
core   0: 0x80000d30 (0x000017f9) c.addi  a5, -2
core   0: 3 0x80000d30 (0x17f9) x15 0xfffffff5
core   0: 0x80000d32 (0x00f35f93) srli    t6, t1, 15
core   0: 3 0x80000d32 (0x00f35f93) x31 0x00000000
core   0: 0x80000d36 (0xffd79be3) bne     a5, t4, pc - 10
core   0: 3 0x80000d36 (0xffd79be3)
core   0: 0x80000d3a (0x00008ee1) c.and   a3, s0
core   0: 3 0x80000d3a (0x8ee1) x13 0x00000024
core   0: 0x80000d3c (0xba673c93) sltiu   s9, a4, -1114
core   0: 3 0x80000d3c (0xba673c93) x25 0x00000001
core   0: 0x80000d40 (0xfc4677e3) bgeu    a2, tp, pc - 50
core   0: 3 0x80000d40 (0xfc4677e3)
core   0: 0x80000d44 (0x8660e893) ori     a7, ra, -1946
core   0: 3 0x80000d44 (0x8660e893) x17 0xffffffff
core   0: 0x80000d48 (0x000055e5) c.li    a1, -7
core   0: 3 0x80000d48 (0x55e5) x11 0xfffffff9
core   0: 0x80000d4a (0x00000001) c.nop
core   0: 3 0x80000d4a (0x0001)
core   0: 0x80000d4c (0x00468633) add     a2, a3, tp
core   0: 3 0x80000d4c (0x00468633) x12 0x0000002c
core   0: 0x80000d50 (0x01fdf7b3) and     a5, s11, t6
core   0: 3 0x80000d50 (0x01fdf7b3) x15 0x00000000
core   0: 0x80000d54 (0x00000585) c.addi  a1, 1
core   0: 3 0x80000d54 (0x0585) x11 0xfffffffa
core   0: 0x80000d56 (0x00004521) c.li    a0, 8
core   0: 3 0x80000d56 (0x4521) x10 0x00000008
core   0: 0x80000d58 (0x16f1a493) slti    s1, gp, 367
core   0: 3 0x80000d58 (0x16f1a493) x9  0x00000000
core   0: 0x80000d5c (0x000059f1) c.li    s3, -4
core   0: 3 0x80000d5c (0x59f1) x19 0xfffffffc
core   0: 0x80000d5e (0x88362d93) slti    s11, a2, -1917
core   0: 3 0x80000d5e (0x88362d93) x27 0x00000000
core   0: 0x80000d62 (0x00000001) c.nop
core   0: 3 0x80000d62 (0x0001)
core   0: 0x80000d64 (0x015cd493) srli    s1, s9, 21
core   0: 3 0x80000d64 (0x015cd493) x9  0x00000000
core   0: 0x80000d68 (0x00001571) c.addi  a0, -4
core   0: 3 0x80000d68 (0x1571) x10 0x00000004
core   0: 0x80000d6a (0xff351ce3) bne     a0, s3, pc - 8
core   0: 3 0x80000d6a (0xff351ce3)
core   0: 0x80000d62 (0x00000001) c.nop
core   0: 3 0x80000d62 (0x0001)
core   0: 0x80000d64 (0x015cd493) srli    s1, s9, 21
core   0: 3 0x80000d64 (0x015cd493) x9  0x00000000
core   0: 0x80000d68 (0x00001571) c.addi  a0, -4
core   0: 3 0x80000d68 (0x1571) x10 0x00000000
core   0: 0x80000d6a (0xff351ce3) bne     a0, s3, pc - 8
core   0: 3 0x80000d6a (0xff351ce3)
core   0: 0x80000d62 (0x00000001) c.nop
core   0: 3 0x80000d62 (0x0001)
core   0: 0x80000d64 (0x015cd493) srli    s1, s9, 21
core   0: 3 0x80000d64 (0x015cd493) x9  0x00000000
core   0: 0x80000d68 (0x00001571) c.addi  a0, -4
core   0: 3 0x80000d68 (0x1571) x10 0xfffffffc
core   0: 0x80000d6a (0xff351ce3) bne     a0, s3, pc - 8
core   0: 3 0x80000d6a (0xff351ce3)
core   0: 0x80000d6e (0x037f8133) mul     sp, t6, s7
core   0: 3 0x80000d6e (0x037f8133) x2  0x00000000
core   0: 0x80000d72 (0x000008ce) c.slli  a7, 19
core   0: 3 0x80000d72 (0x08ce) x17 0xfff80000
core   0: 0x80000d74 (0x0000dde1) c.beqz  a1, pc - 40
core   0: 3 0x80000d74 (0xdde1)
core   0: 0x80000d76 (0x03fb0c33) mul     s8, s6, t6
core   0: 3 0x80000d76 (0x03fb0c33) x24 0x00000000
core   0: 0x80000d7a (0x00004d99) c.li    s11, 6
core   0: 3 0x80000d7a (0x4d99) x27 0x00000006
core   0: 0x80000d7c (0x4885f7b7) lui     a5, 0x4885f
core   0: 3 0x80000d7c (0x4885f7b7) x15 0x4885f000
core   0: 0x80000d80 (0x00caf333) and     t1, s5, a2
core   0: 3 0x80000d80 (0x00caf333) x6  0x00000024
core   0: 0x80000d84 (0x02ae0a33) mul     s4, t3, a0
core   0: 3 0x80000d84 (0x02ae0a33) x20 0xffffffc0
core   0: 0x80000d88 (0x028dda33) divu    s4, s11, s0
core   0: 3 0x80000d88 (0x028dda33) x20 0x00000000
core   0: 0x80000d8c (0x00d3e733) or      a4, t2, a3
core   0: 3 0x80000d8c (0x00d3e733) x14 0xffffffa5
core   0: 0x80000d90 (0x00004599) c.li    a1, 6
core   0: 3 0x80000d90 (0x4599) x11 0x00000006
core   0: 0x80000d92 (0x1169cd13) xori    s10, s3, 278
core   0: 3 0x80000d92 (0x1169cd13) x26 0xfffffeea
core   0: 0x80000d96 (0x0213b033) mulhu   zero, t2, ra
core   0: 3 0x80000d96 (0x0213b033)
core   0: 0x80000d9a (0x00008cc5) c.or    s1, s1
core   0: 3 0x80000d9a (0x8cc5) x9  0x00000000
core   0: 0x80000d9c (0x00001ded) c.addi  s11, -5
core   0: 3 0x80000d9c (0x1ded) x27 0x00000001
core   0: 0x80000d9e (0x00006c39) c.lui   s8, 0xe
core   0: 3 0x80000d9e (0x6c39) x24 0x0000e000
core   0: 0x80000da0 (0x6024f997) auipc   s3, 0x6024f
core   0: 3 0x80000da0 (0x6024f997) x19 0xe024fda0
core   0: 0x80000da4 (0xae92cf93) xori    t6, t0, -1303
core   0: 3 0x80000da4 (0xae92cf93) x31 0x00009ae9
core   0: 0x80000da8 (0x00008bf6) c.mv    s7, t4
core   0: 3 0x80000da8 (0x8bf6) x23 0xfffffff5
core   0: 0x80000daa (0x00008b6d) c.andi  a4, 27
core   0: 3 0x80000daa (0x8b6d) x14 0x00000001
core   0: 0x80000dac (0x000002a5) c.addi  t0, 9
core   0: 3 0x80000dac (0x02a5) x5  0xffff6009
core   0: 0x80000dae (0x01095633) srl     a2, s2, a6
core   0: 3 0x80000dae (0x01095633) x12 0xfffffff3
core   0: 0x80000db2 (0xfebdd4e3) bge     s11, a1, pc - 24
core   0: 3 0x80000db2 (0xfebdd4e3)
core   0: 0x80000db6 (0x000cacb3) slt     s9, s9, zero
core   0: 3 0x80000db6 (0x000cacb3) x25 0x00000000
core   0: 0x80000dba (0x00005d69) c.li    s10, -6
core   0: 3 0x80000dba (0x5d69) x26 0xfffffffa
core   0: 0x80000dbc (0x00008ee5) c.and   a3, s1
core   0: 3 0x80000dbc (0x8ee5) x13 0x00000000
core   0: 0x80000dbe (0x0a39be93) sltiu   t4, s3, 163
core   0: 3 0x80000dbe (0x0a39be93) x29 0x00000000
core   0: 0x80000dc2 (0x01694fb3) xor     t6, s2, s6
core   0: 3 0x80000dc2 (0x01694fb3) x31 0xffffff8b
core   0: 0x80000dc6 (0x00004b01) c.li    s6, 0
core   0: 3 0x80000dc6 (0x4b01) x22 0x00000000
core   0: 0x80000dc8 (0x00001504) c.addi4spn s1, sp, 672
core   0: 3 0x80000dc8 (0x1504) x9  0x000002a0
core   0: 0x80000dca (0x00009a3e) c.add   s4, a5
core   0: 3 0x80000dca (0x9a3e) x20 0x4885f000
core   0: 0x80000dcc (0x00000001) c.nop
core   0: 3 0x80000dcc (0x0001)
core   0: 0x80000dce (0x01d98133) add     sp, s3, t4
core   0: 3 0x80000dce (0x01d98133) x2  0xe024fda0
core   0: 0x80000dd2 (0x9e74f693) andi    a3, s1, -1561
core   0: 3 0x80000dd2 (0x9e74f693) x13 0x000000a0
core   0: 0x80000dd6 (0xe38e93b7) lui     t2, 0xe38e9
core   0: 3 0x80000dd6 (0xe38e93b7) x7  0xe38e9000
core   0: 0x80000dda (0x00008192) c.mv    gp, tp
core   0: 3 0x80000dda (0x8192) x3  0x00000008
core   0: 0x80000ddc (0x0000614d) c.addi16sp sp, 176
core   0: 3 0x80000ddc (0x614d) x2  0xe024fe50
core   0: 0x80000dde (0x417553b3) sra     t2, a0, s7
core   0: 3 0x80000dde (0x417553b3) x7  0xffffffff
core   0: 0x80000de2 (0x01f385b3) add     a1, t2, t6
core   0: 3 0x80000de2 (0x01f385b3) x11 0xffffff8a
core   0: 0x80000de6 (0x00000d25) c.addi  s10, 9
core   0: 3 0x80000de6 (0x0d25) x26 0x00000003
core   0: 0x80000de8 (0x00008da5) c.xor   a1, s1
core   0: 3 0x80000de8 (0x8da5) x11 0xfffffd2a
core   0: 0x80000dea (0x00008d89) c.sub   a1, a0
core   0: 3 0x80000dea (0x8d89) x11 0xfffffd2e
core   0: 0x80000dec (0x0000450d) c.li    a0, 3
core   0: 3 0x80000dec (0x450d) x10 0x00000003
core   0: 0x80000dee (0x017942b3) xor     t0, s2, s7
core   0: 3 0x80000dee (0x017942b3) x5  0x00000006
core   0: 0x80000df2 (0x00005669) c.li    a2, -6
core   0: 3 0x80000df2 (0x5669) x12 0xfffffffa
core   0: 0x80000df4 (0x00000b92) c.slli  s7, 4
core   0: 3 0x80000df4 (0x0b92) x23 0xffffff50
core   0: 0x80000df6 (0x0076f233) and     tp, a3, t2
core   0: 3 0x80000df6 (0x0076f233) x4  0x000000a0
core   0: 0x80000dfa (0x02d59133) mulh    sp, a1, a3
core   0: 3 0x80000dfa (0x02d59133) x2  0xffffffff
core   0: 0x80000dfe (0x000092fa) c.add   t0, t5
core   0: 3 0x80000dfe (0x92fa) x5  0x0000000b
core   0: 0x80000e00 (0x00008f89) c.sub   a5, a0
core   0: 3 0x80000e00 (0x8f89) x15 0x4885effd
core   0: 0x80000e02 (0x00001575) c.addi  a0, -3
core   0: 3 0x80000e02 (0x1575) x10 0x00000000
core   0: 0x80000e04 (0xfec51be3) bne     a0, a2, pc - 10
core   0: 3 0x80000e04 (0xfec51be3)
core   0: 0x80000dfa (0x02d59133) mulh    sp, a1, a3
core   0: 3 0x80000dfa (0x02d59133) x2  0xffffffff
core   0: 0x80000dfe (0x000092fa) c.add   t0, t5
core   0: 3 0x80000dfe (0x92fa) x5  0x00000010
core   0: 0x80000e00 (0x00008f89) c.sub   a5, a0
core   0: 3 0x80000e00 (0x8f89) x15 0x4885effd
core   0: 0x80000e02 (0x00001575) c.addi  a0, -3
core   0: 3 0x80000e02 (0x1575) x10 0xfffffffd
core   0: 0x80000e04 (0xfec51be3) bne     a0, a2, pc - 10
core   0: 3 0x80000e04 (0xfec51be3)
core   0: 0x80000dfa (0x02d59133) mulh    sp, a1, a3
core   0: 3 0x80000dfa (0x02d59133) x2  0xffffffff
core   0: 0x80000dfe (0x000092fa) c.add   t0, t5
core   0: 3 0x80000dfe (0x92fa) x5  0x00000015
core   0: 0x80000e00 (0x00008f89) c.sub   a5, a0
core   0: 3 0x80000e00 (0x8f89) x15 0x4885f000
core   0: 0x80000e02 (0x00001575) c.addi  a0, -3
core   0: 3 0x80000e02 (0x1575) x10 0xfffffffa
core   0: 0x80000e04 (0xfec51be3) bne     a0, a2, pc - 10
core   0: 3 0x80000e04 (0xfec51be3)
core   0: 0x80000e08 (0xfd6d47e3) blt     s10, s6, pc - 50
core   0: 3 0x80000e08 (0xfd6d47e3)
core   0: 0x80000e0c (0x03106733) rem     a4, zero, a7
core   0: 3 0x80000e0c (0x03106733) x14 0x00000000
core   0: 0x80000e10 (0x00004585) c.li    a1, 1
core   0: 3 0x80000e10 (0x4585) x11 0x00000001
core   0: 0x80000e12 (0x6c4fc113) xori    sp, t6, 1732
core   0: 3 0x80000e12 (0x6c4fc113) x2  0xfffff94f
core   0: 0x80000e16 (0xc8f0e713) ori     a4, ra, -881
core   0: 3 0x80000e16 (0xc8f0e713) x14 0xffffffff
core   0: 0x80000e1a (0x00005c61) c.li    s8, -8
core   0: 3 0x80000e1a (0x5c61) x24 0xfffffff8
core   0: 0x80000e1c (0x01c89193) slli    gp, a7, 28
core   0: 3 0x80000e1c (0x01c89193) x3  0x00000000
core   0: 0x80000e20 (0x0398cfb3) div     t6, a7, s9
core   0: 3 0x80000e20 (0x0398cfb3) x31 0xffffffff
core   0: 0x80000e24 (0x02103633) mulhu   a2, zero, ra
core   0: 3 0x80000e24 (0x02103633) x12 0x00000000
core   0: 0x80000e28 (0x0149c9b3) xor     s3, s3, s4
core   0: 3 0x80000e28 (0x0149c9b3) x19 0xa8a10da0
core   0: 0x80000e2c (0x000015f5) c.addi  a1, -3
core   0: 3 0x80000e2c (0x15f5) x11 0xfffffffe
core   0: 0x80000e2e (0x00008d7d) c.and   a0, a5
core   0: 3 0x80000e2e (0x8d7d) x10 0x4885f000
core   0: 0x80000e30 (0x8963a513) slti    a0, t2, -1898
core   0: 3 0x80000e30 (0x8963a513) x10 0x00000000
core   0: 0x80000e34 (0x000089da) c.mv    s3, s6
core   0: 3 0x80000e34 (0x89da) x19 0x00000000
core   0: 0x80000e36 (0xc2782913) slti    s2, a6, -985
core   0: 3 0x80000e36 (0xc2782913) x18 0x00000001
core   0: 0x80000e3a (0x55838297) auipc   t0, 0x55838
core   0: 3 0x80000e3a (0x55838297) x5  0xd5838e3a
core   0: 0x80000e3e (0x00008f9d) c.sub   a5, a5
core   0: 3 0x80000e3e (0x8f9d) x15 0x00000000
core   0: 0x80000e40 (0xe4124e13) xori    t3, tp, -447
core   0: 3 0x80000e40 (0xe4124e13) x28 0xfffffee1
core   0: 0x80000e44 (0x000059fd) c.li    s3, -1
core   0: 3 0x80000e44 (0x59fd) x19 0xffffffff
core   0: 0x80000e46 (0xfd859fe3) bne     a1, s8, pc - 34
core   0: 3 0x80000e46 (0xfd859fe3)
core   0: 0x80000e24 (0x02103633) mulhu   a2, zero, ra
core   0: 3 0x80000e24 (0x02103633) x12 0x00000000
core   0: 0x80000e28 (0x0149c9b3) xor     s3, s3, s4
core   0: 3 0x80000e28 (0x0149c9b3) x19 0xb77a0fff
core   0: 0x80000e2c (0x000015f5) c.addi  a1, -3
core   0: 3 0x80000e2c (0x15f5) x11 0xfffffffb
core   0: 0x80000e2e (0x00008d7d) c.and   a0, a5
core   0: 3 0x80000e2e (0x8d7d) x10 0x00000000
core   0: 0x80000e30 (0x8963a513) slti    a0, t2, -1898
core   0: 3 0x80000e30 (0x8963a513) x10 0x00000000
core   0: 0x80000e34 (0x000089da) c.mv    s3, s6
core   0: 3 0x80000e34 (0x89da) x19 0x00000000
core   0: 0x80000e36 (0xc2782913) slti    s2, a6, -985
core   0: 3 0x80000e36 (0xc2782913) x18 0x00000001
core   0: 0x80000e3a (0x55838297) auipc   t0, 0x55838
core   0: 3 0x80000e3a (0x55838297) x5  0xd5838e3a
core   0: 0x80000e3e (0x00008f9d) c.sub   a5, a5
core   0: 3 0x80000e3e (0x8f9d) x15 0x00000000
core   0: 0x80000e40 (0xe4124e13) xori    t3, tp, -447
core   0: 3 0x80000e40 (0xe4124e13) x28 0xfffffee1
core   0: 0x80000e44 (0x000059fd) c.li    s3, -1
core   0: 3 0x80000e44 (0x59fd) x19 0xffffffff
core   0: 0x80000e46 (0xfd859fe3) bne     a1, s8, pc - 34
core   0: 3 0x80000e46 (0xfd859fe3)
core   0: 0x80000e24 (0x02103633) mulhu   a2, zero, ra
core   0: 3 0x80000e24 (0x02103633) x12 0x00000000
core   0: 0x80000e28 (0x0149c9b3) xor     s3, s3, s4
core   0: 3 0x80000e28 (0x0149c9b3) x19 0xb77a0fff
core   0: 0x80000e2c (0x000015f5) c.addi  a1, -3
core   0: 3 0x80000e2c (0x15f5) x11 0xfffffff8
core   0: 0x80000e2e (0x00008d7d) c.and   a0, a5
core   0: 3 0x80000e2e (0x8d7d) x10 0x00000000
core   0: 0x80000e30 (0x8963a513) slti    a0, t2, -1898
core   0: 3 0x80000e30 (0x8963a513) x10 0x00000000
core   0: 0x80000e34 (0x000089da) c.mv    s3, s6
core   0: 3 0x80000e34 (0x89da) x19 0x00000000
core   0: 0x80000e36 (0xc2782913) slti    s2, a6, -985
core   0: 3 0x80000e36 (0xc2782913) x18 0x00000001
core   0: 0x80000e3a (0x55838297) auipc   t0, 0x55838
core   0: 3 0x80000e3a (0x55838297) x5  0xd5838e3a
core   0: 0x80000e3e (0x00008f9d) c.sub   a5, a5
core   0: 3 0x80000e3e (0x8f9d) x15 0x00000000
core   0: 0x80000e40 (0xe4124e13) xori    t3, tp, -447
core   0: 3 0x80000e40 (0xe4124e13) x28 0xfffffee1
core   0: 0x80000e44 (0x000059fd) c.li    s3, -1
core   0: 3 0x80000e44 (0x59fd) x19 0xffffffff
core   0: 0x80000e46 (0xfd859fe3) bne     a1, s8, pc - 34
core   0: 3 0x80000e46 (0xfd859fe3)
core   0: 0x80000e4a (0x00006099) c.lui   ra, 0x6
core   0: 3 0x80000e4a (0x6099) x1  0x00006000
core   0: 0x80000e4c (0x000057dd) c.li    a5, -9
core   0: 3 0x80000e4c (0x57dd) x15 0xfffffff7
core   0: 0x80000e4e (0x000096ae) c.add   a3, a1
core   0: 3 0x80000e4e (0x96ae) x13 0x00000098
core   0: 0x80000e50 (0x00005bfd) c.li    s7, -1
core   0: 3 0x80000e50 (0x5bfd) x23 0xffffffff
core   0: 0x80000e52 (0xf2810293) addi    t0, sp, -216
core   0: 3 0x80000e52 (0xf2810293) x5  0xfffff877
core   0: 0x80000e56 (0x00008ed1) c.or    a3, a2
core   0: 3 0x80000e56 (0x8ed1) x13 0x00000098
core   0: 0x80000e58 (0x00004109) c.li    sp, 2
core   0: 3 0x80000e58 (0x4109) x2  0x00000002
core   0: 0x80000e5a (0x00008311) c.srli  a4, 4
core   0: 3 0x80000e5a (0x8311) x14 0x0fffffff
core   0: 0x80000e5c (0x29a2f393) andi    t2, t0, 666
core   0: 3 0x80000e5c (0x29a2f393) x7  0x00000012
core   0: 0x80000e60 (0x00008e5a) c.mv    t3, s6
core   0: 3 0x80000e60 (0x8e5a) x28 0x00000000
core   0: 0x80000e62 (0x00000001) c.nop
core   0: 3 0x80000e62 (0x0001)
core   0: 0x80000e64 (0x6530ae17) auipc   t3, 0x6530a
core   0: 3 0x80000e64 (0x6530ae17) x28 0xe530ae64
core   0: 0x80000e68 (0x0029f3b3) and     t2, s3, sp
core   0: 3 0x80000e68 (0x0029f3b3) x7  0x00000002
core   0: 0x80000e6c (0xd35a4093) xori    ra, s4, -715
core   0: 3 0x80000e6c (0xd35a4093) x1  0xb77a0d35
core   0: 0x80000e70 (0x71457f93) andi    t6, a0, 1812
core   0: 3 0x80000e70 (0x71457f93) x31 0x00000000
core   0: 0x80000e74 (0x02d23db3) mulhu   s11, tp, a3
core   0: 3 0x80000e74 (0x02d23db3) x27 0x00000000
core   0: 0x80000e78 (0x036eccb3) div     s9, t4, s6
core   0: 3 0x80000e78 (0x036eccb3) x25 0xffffffff
core   0: 0x80000e7c (0x036d0fb3) mul     t6, s10, s6
core   0: 3 0x80000e7c (0x036d0fb3) x31 0x00000000
core   0: 0x80000e80 (0x00ebba33) sltu    s4, s7, a4
core   0: 3 0x80000e80 (0x00ebba33) x20 0x00000000
core   0: 0x80000e84 (0x000098fd) c.andi  s1, -1
core   0: 3 0x80000e84 (0x98fd) x9  0x000002a0
core   0: 0x80000e86 (0x00f07933) and     s2, zero, a5
core   0: 3 0x80000e86 (0x00f07933) x18 0x00000000
core   0: 0x80000e8a (0x00008df5) c.and   a1, a3
core   0: 3 0x80000e8a (0x8df5) x11 0x00000098
core   0: 0x80000e8c (0x037c3a33) mulhu   s4, s8, s7
core   0: 3 0x80000e8c (0x037c3a33) x20 0xfffffff7
core   0: 0x80000e90 (0x000007a5) c.addi  a5, 9
core   0: 3 0x80000e90 (0x07a5) x15 0x00000000
core   0: 0x80000e92 (0x000098fd) c.andi  s1, -1
core   0: 3 0x80000e92 (0x98fd) x9  0x000002a0
core   0: 0x80000e94 (0x00004f91) c.li    t6, 4
core   0: 3 0x80000e94 (0x4f91) x31 0x00000004
core   0: 0x80000e96 (0x00f9da33) srl     s4, s3, a5
core   0: 3 0x80000e96 (0x00f9da33) x20 0xffffffff
core   0: 0x80000e9a (0x51ff26b7) lui     a3, 0x51ff2
core   0: 3 0x80000e9a (0x51ff26b7) x13 0x51ff2000
core   0: 0x80000e9e (0x0000d7f5) c.beqz  a5, pc - 20
core   0: 3 0x80000e9e (0xd7f5)
core   0: 0x80000e8a (0x00008df5) c.and   a1, a3
core   0: 3 0x80000e8a (0x8df5) x11 0x00000000
core   0: 0x80000e8c (0x037c3a33) mulhu   s4, s8, s7
core   0: 3 0x80000e8c (0x037c3a33) x20 0xfffffff7
core   0: 0x80000e90 (0x000007a5) c.addi  a5, 9
core   0: 3 0x80000e90 (0x07a5) x15 0x00000009
core   0: 0x80000e92 (0x000098fd) c.andi  s1, -1
core   0: 3 0x80000e92 (0x98fd) x9  0x000002a0
core   0: 0x80000e94 (0x00004f91) c.li    t6, 4
core   0: 3 0x80000e94 (0x4f91) x31 0x00000004
core   0: 0x80000e96 (0x00f9da33) srl     s4, s3, a5
core   0: 3 0x80000e96 (0x00f9da33) x20 0x007fffff
core   0: 0x80000e9a (0x51ff26b7) lui     a3, 0x51ff2
core   0: 3 0x80000e9a (0x51ff26b7) x13 0x51ff2000
core   0: 0x80000e9e (0x0000d7f5) c.beqz  a5, pc - 20
core   0: 3 0x80000e9e (0xd7f5)
core   0: 0x80000ea0 (0x00000001) c.nop
core   0: 3 0x80000ea0 (0x0001)
core   0: 0x80000ea2 (0x0000458d) c.li    a1, 3
core   0: 3 0x80000ea2 (0x458d) x11 0x00000003
core   0: 0x80000ea4 (0x00000e56) c.slli  t3, 21
core   0: 3 0x80000ea4 (0x0e56) x28 0xcc800000
core   0: 0x80000ea6 (0x006cbf33) sltu    t5, s9, t1
core   0: 3 0x80000ea6 (0x006cbf33) x30 0x00000000
core   0: 0x80000eaa (0x00004089) c.li    ra, 2
core   0: 3 0x80000eaa (0x4089) x1  0x00000002
core   0: 0x80000eac (0x01bdb2b3) sltu    t0, s11, s11
core   0: 3 0x80000eac (0x01bdb2b3) x5  0x00000000
core   0: 0x80000eb0 (0x416a5b33) sra     s6, s4, s6
core   0: 3 0x80000eb0 (0x416a5b33) x22 0x007fffff
core   0: 0x80000eb4 (0x0000717d) c.addi16sp sp, -16
core   0: 3 0x80000eb4 (0x717d) x2  0xfffffff2
core   0: 0x80000eb6 (0x00000001) c.nop
core   0: 3 0x80000eb6 (0x0001)
core   0: 0x80000eb8 (0x00000001) c.nop
core   0: 3 0x80000eb8 (0x0001)
core   0: 0x80000eba (0x000088e1) c.andi  s1, 24
core   0: 3 0x80000eba (0x88e1) x9  0x00000000
core   0: 0x80000ebc (0x0000167d) c.addi  a2, -1
core   0: 3 0x80000ebc (0x167d) x12 0xffffffff
core   0: 0x80000ebe (0x00008e45) c.or    a2, s1
core   0: 3 0x80000ebe (0x8e45) x12 0xffffffff
core   0: 0x80000ec0 (0x775aa393) slti    t2, s5, 1909
core   0: 3 0x80000ec0 (0x775aa393) x7  0x00000001
core   0: 0x80000ec4 (0xa442c3b7) lui     t2, 0xa442c
core   0: 3 0x80000ec4 (0xa442c3b7) x7  0xa442c000
core   0: 0x80000ec8 (0xb11b9217) auipc   tp, 0xb11b9
core   0: 3 0x80000ec8 (0xb11b9217) x4  0x311b9ec8
core   0: 0x80000ecc (0x03e59633) mulh    a2, a1, t5
core   0: 3 0x80000ecc (0x03e59633) x12 0x00000000
core   0: 0x80000ed0 (0x30c0c997) auipc   s3, 0x30c0c
core   0: 3 0x80000ed0 (0x30c0c997) x19 0xb0c0ced0
core   0: 0x80000ed4 (0x004f33b3) sltu    t2, t5, tp
core   0: 3 0x80000ed4 (0x004f33b3) x7  0x00000001
core   0: 0x80000ed8 (0x000015fd) c.addi  a1, -1
core   0: 3 0x80000ed8 (0x15fd) x11 0x00000002
core   0: 0x80000eda (0x41bc5c13) srai    s8, s8, 27
core   0: 3 0x80000eda (0x41bc5c13) x24 0xffffffff
core   0: 0x80000ede (0x00000c6a) c.slli  s8, 26
core   0: 3 0x80000ede (0x0c6a) x24 0xfc000000
core   0: 0x80000ee0 (0x032b7db3) remu    s11, s6, s2
core   0: 3 0x80000ee0 (0x032b7db3) x27 0x007fffff
core   0: 0x80000ee4 (0x00000f39) c.addi  t5, 14
core   0: 3 0x80000ee4 (0x0f39) x30 0x0000000e
core   0: 0x80000ee6 (0x006163b3) or      t2, sp, t1
core   0: 3 0x80000ee6 (0x006163b3) x7  0xfffffff6
core   0: 0x80000eea (0xfc15f9e3) bgeu    a1, ra, pc - 46
core   0: 3 0x80000eea (0xfc15f9e3)
core   0: 0x80000ebc (0x0000167d) c.addi  a2, -1
core   0: 3 0x80000ebc (0x167d) x12 0xffffffff
core   0: 0x80000ebe (0x00008e45) c.or    a2, s1
core   0: 3 0x80000ebe (0x8e45) x12 0xffffffff
core   0: 0x80000ec0 (0x775aa393) slti    t2, s5, 1909
core   0: 3 0x80000ec0 (0x775aa393) x7  0x00000001
core   0: 0x80000ec4 (0xa442c3b7) lui     t2, 0xa442c
core   0: 3 0x80000ec4 (0xa442c3b7) x7  0xa442c000
core   0: 0x80000ec8 (0xb11b9217) auipc   tp, 0xb11b9
core   0: 3 0x80000ec8 (0xb11b9217) x4  0x311b9ec8
core   0: 0x80000ecc (0x03e59633) mulh    a2, a1, t5
core   0: 3 0x80000ecc (0x03e59633) x12 0x00000000
core   0: 0x80000ed0 (0x30c0c997) auipc   s3, 0x30c0c
core   0: 3 0x80000ed0 (0x30c0c997) x19 0xb0c0ced0
core   0: 0x80000ed4 (0x004f33b3) sltu    t2, t5, tp
core   0: 3 0x80000ed4 (0x004f33b3) x7  0x00000001
core   0: 0x80000ed8 (0x000015fd) c.addi  a1, -1
core   0: 3 0x80000ed8 (0x15fd) x11 0x00000001
core   0: 0x80000eda (0x41bc5c13) srai    s8, s8, 27
core   0: 3 0x80000eda (0x41bc5c13) x24 0xffffffff
core   0: 0x80000ede (0x00000c6a) c.slli  s8, 26
core   0: 3 0x80000ede (0x0c6a) x24 0xfc000000
core   0: 0x80000ee0 (0x032b7db3) remu    s11, s6, s2
core   0: 3 0x80000ee0 (0x032b7db3) x27 0x007fffff
core   0: 0x80000ee4 (0x00000f39) c.addi  t5, 14
core   0: 3 0x80000ee4 (0x0f39) x30 0x0000001c
core   0: 0x80000ee6 (0x006163b3) or      t2, sp, t1
core   0: 3 0x80000ee6 (0x006163b3) x7  0xfffffff6
core   0: 0x80000eea (0xfc15f9e3) bgeu    a1, ra, pc - 46
core   0: 3 0x80000eea (0xfc15f9e3)
core   0: 0x80000eee (0x00008e05) c.sub   a2, s1
core   0: 3 0x80000eee (0x8e05) x12 0x00000000
core   0: 0x80000ef0 (0x00004715) c.li    a4, 5
core   0: 3 0x80000ef0 (0x4715) x14 0x00000005
core   0: 0x80000ef2 (0x0000034a) c.slli  t1, 18
core   0: 3 0x80000ef2 (0x034a) x6  0x00900000
core   0: 0x80000ef4 (0x00734d33) xor     s10, t1, t2
core   0: 3 0x80000ef4 (0x00734d33) x26 0xff6ffff6
core   0: 0x80000ef8 (0x00000001) c.nop
core   0: 3 0x80000ef8 (0x0001)
core   0: 0x80000efa (0x00008e29) c.xor   a2, a0
core   0: 3 0x80000efa (0x8e29) x12 0x00000000
core   0: 0x80000efc (0x00000001) c.nop
core   0: 3 0x80000efc (0x0001)
core   0: 0x80000efe (0x00001f88) c.addi4spn a0, sp, 1008
core   0: 3 0x80000efe (0x1f88) x10 0x000003e2
core   0: 0x80000f00 (0x00005e7d) c.li    t3, -1
core   0: 3 0x80000f00 (0x5e7d) x28 0xffffffff
core   0: 0x80000f02 (0x0000822d) c.srli  a2, 11
core   0: 3 0x80000f02 (0x822d) x12 0x00000000
core   0: 0x80000f04 (0x010194b3) sll     s1, gp, a6
core   0: 3 0x80000f04 (0x010194b3) x9  0x00000000
core   0: 0x80000f08 (0x01987233) and     tp, a6, s9
core   0: 3 0x80000f08 (0x01987233) x4  0x80000000
core   0: 0x80000f0c (0x00006f4d) c.lui   t5, 0x13
core   0: 3 0x80000f0c (0x6f4d) x30 0x00013000
core   0: 0x80000f0e (0x00a42bb3) slt     s7, s0, a0
core   0: 3 0x80000f0e (0x00a42bb3) x23 0x00000001
core   0: 0x80000f12 (0x02bb44b3) div     s1, s6, a1
core   0: 3 0x80000f12 (0x02bb44b3) x9  0x007fffff
core   0: 0x80000f16 (0xd40bf313) andi    t1, s7, -704
core   0: 3 0x80000f16 (0xd40bf313) x6  0x00000000
core   0: 0x80000f1a (0x00597f33) and     t5, s2, t0
core   0: 3 0x80000f1a (0x00597f33) x30 0x00000000
core   0: 0x80000f1e (0x0000176d) c.addi  a4, -5
core   0: 3 0x80000f1e (0x176d) x14 0x00000000
core   0: 0x80000f20 (0x0000db7d) c.beqz  a4, pc - 10
core   0: 3 0x80000f20 (0xdb7d)
core   0: 0x80000f16 (0xd40bf313) andi    t1, s7, -704
core   0: 3 0x80000f16 (0xd40bf313) x6  0x00000000
core   0: 0x80000f1a (0x00597f33) and     t5, s2, t0
core   0: 3 0x80000f1a (0x00597f33) x30 0x00000000
core   0: 0x80000f1e (0x0000176d) c.addi  a4, -5
core   0: 3 0x80000f1e (0x176d) x14 0xfffffffb
core   0: 0x80000f20 (0x0000db7d) c.beqz  a4, pc - 10
core   0: 3 0x80000f20 (0xdb7d)
core   0: 0x80000f22 (0x025b3633) mulhu   a2, s6, t0
core   0: 3 0x80000f22 (0x025b3633) x12 0x00000000
core   0: 0x80000f26 (0x00004709) c.li    a4, 2
core   0: 3 0x80000f26 (0x4709) x14 0x00000002
core   0: 0x80000f28 (0x00cf9b33) sll     s6, t6, a2
core   0: 3 0x80000f28 (0x00cf9b33) x22 0x00000004
core   0: 0x80000f2c (0x00004dc9) c.li    s11, 18
core   0: 3 0x80000f2c (0x4dc9) x27 0x00000012
core   0: 0x80000f2e (0xd490bb93) sltiu   s7, ra, -695
core   0: 3 0x80000f2e (0xd490bb93) x23 0x00000001
core   0: 0x80000f32 (0x9c39c193) xori    gp, s3, -1597
core   0: 3 0x80000f32 (0x9c39c193) x3  0x4f3f3713
core   0: 0x80000f36 (0x11e53893) sltiu   a7, a0, 286
core   0: 3 0x80000f36 (0x11e53893) x17 0x00000000
core   0: 0x80000f3a (0x00008ef5) c.and   a3, a3
core   0: 3 0x80000f3a (0x8ef5) x13 0x51ff2000
core   0: 0x80000f3c (0x00ae73b3) and     t2, t3, a0
core   0: 3 0x80000f3c (0x00ae73b3) x7  0x000003e2
core   0: 0x80000f40 (0x00008d79) c.and   a0, a4
core   0: 3 0x80000f40 (0x8d79) x10 0x00000002
core   0: 0x80000f42 (0x3cdb8937) lui     s2, 0x3cdb8
core   0: 3 0x80000f42 (0x3cdb8937) x18 0x3cdb8000
core   0: 0x80000f46 (0x0000070d) c.addi  a4, 3
core   0: 3 0x80000f46 (0x070d) x14 0x00000005
core   0: 0x80000f48 (0x40128b93) addi    s7, t0, 1025
core   0: 3 0x80000f48 (0x40128b93) x23 0x00000401
core   0: 0x80000f4c (0x000047a1) c.li    a5, 8
core   0: 3 0x80000f4c (0x47a1) x15 0x00000008
core   0: 0x80000f4e (0x000049a1) c.li    s3, 8
core   0: 3 0x80000f4e (0x49a1) x19 0x00000008
core   0: 0x80000f50 (0x40c18d33) sub     s10, gp, a2
core   0: 3 0x80000f50 (0x40c18d33) x26 0x4f3f3713
core   0: 0x80000f54 (0x0062a2b3) slt     t0, t0, t1
core   0: 3 0x80000f54 (0x0062a2b3) x5  0x00000000
core   0: 0x80000f58 (0x000017e5) c.addi  a5, -7
core   0: 3 0x80000f58 (0x17e5) x15 0x00000001
core   0: 0x80000f5a (0x5ec40213) addi    tp, s0, 1516
core   0: 3 0x80000f5a (0x5ec40213) x4  0x8002a2d0
core   0: 0x80000f5e (0x2a34bc93) sltiu   s9, s1, 675
core   0: 3 0x80000f5e (0x2a34bc93) x25 0x00000000
core   0: 0x80000f62 (0xff37f9e3) bgeu    a5, s3, pc - 14
core   0: 3 0x80000f62 (0xff37f9e3)
core   0: 0x80000f66 (0x03728c33) mul     s8, t0, s7
core   0: 3 0x80000f66 (0x03728c33) x24 0x00000000
core   0: 0x80000f6a (0x015aef33) or      t5, s5, s5
core   0: 3 0x80000f6a (0x015aef33) x30 0x80025e64
core   0: 0x80000f6e (0xfdb764e3) bltu    a4, s11, pc - 56
core   0: 3 0x80000f6e (0xfdb764e3)
core   0: 0x80000f36 (0x11e53893) sltiu   a7, a0, 286
core   0: 3 0x80000f36 (0x11e53893) x17 0x00000001
core   0: 0x80000f3a (0x00008ef5) c.and   a3, a3
core   0: 3 0x80000f3a (0x8ef5) x13 0x51ff2000
core   0: 0x80000f3c (0x00ae73b3) and     t2, t3, a0
core   0: 3 0x80000f3c (0x00ae73b3) x7  0x00000002
core   0: 0x80000f40 (0x00008d79) c.and   a0, a4
core   0: 3 0x80000f40 (0x8d79) x10 0x00000000
core   0: 0x80000f42 (0x3cdb8937) lui     s2, 0x3cdb8
core   0: 3 0x80000f42 (0x3cdb8937) x18 0x3cdb8000
core   0: 0x80000f46 (0x0000070d) c.addi  a4, 3
core   0: 3 0x80000f46 (0x070d) x14 0x00000008
core   0: 0x80000f48 (0x40128b93) addi    s7, t0, 1025
core   0: 3 0x80000f48 (0x40128b93) x23 0x00000401
core   0: 0x80000f4c (0x000047a1) c.li    a5, 8
core   0: 3 0x80000f4c (0x47a1) x15 0x00000008
core   0: 0x80000f4e (0x000049a1) c.li    s3, 8
core   0: 3 0x80000f4e (0x49a1) x19 0x00000008
core   0: 0x80000f50 (0x40c18d33) sub     s10, gp, a2
core   0: 3 0x80000f50 (0x40c18d33) x26 0x4f3f3713
core   0: 0x80000f54 (0x0062a2b3) slt     t0, t0, t1
core   0: 3 0x80000f54 (0x0062a2b3) x5  0x00000000
core   0: 0x80000f58 (0x000017e5) c.addi  a5, -7
core   0: 3 0x80000f58 (0x17e5) x15 0x00000001
core   0: 0x80000f5a (0x5ec40213) addi    tp, s0, 1516
core   0: 3 0x80000f5a (0x5ec40213) x4  0x8002a2d0
core   0: 0x80000f5e (0x2a34bc93) sltiu   s9, s1, 675
core   0: 3 0x80000f5e (0x2a34bc93) x25 0x00000000
core   0: 0x80000f62 (0xff37f9e3) bgeu    a5, s3, pc - 14
core   0: 3 0x80000f62 (0xff37f9e3)
core   0: 0x80000f66 (0x03728c33) mul     s8, t0, s7
core   0: 3 0x80000f66 (0x03728c33) x24 0x00000000
core   0: 0x80000f6a (0x015aef33) or      t5, s5, s5
core   0: 3 0x80000f6a (0x015aef33) x30 0x80025e64
core   0: 0x80000f6e (0xfdb764e3) bltu    a4, s11, pc - 56
core   0: 3 0x80000f6e (0xfdb764e3)
core   0: 0x80000f36 (0x11e53893) sltiu   a7, a0, 286
core   0: 3 0x80000f36 (0x11e53893) x17 0x00000001
core   0: 0x80000f3a (0x00008ef5) c.and   a3, a3
core   0: 3 0x80000f3a (0x8ef5) x13 0x51ff2000
core   0: 0x80000f3c (0x00ae73b3) and     t2, t3, a0
core   0: 3 0x80000f3c (0x00ae73b3) x7  0x00000000
core   0: 0x80000f40 (0x00008d79) c.and   a0, a4
core   0: 3 0x80000f40 (0x8d79) x10 0x00000000
core   0: 0x80000f42 (0x3cdb8937) lui     s2, 0x3cdb8
core   0: 3 0x80000f42 (0x3cdb8937) x18 0x3cdb8000
core   0: 0x80000f46 (0x0000070d) c.addi  a4, 3
core   0: 3 0x80000f46 (0x070d) x14 0x0000000b
core   0: 0x80000f48 (0x40128b93) addi    s7, t0, 1025
core   0: 3 0x80000f48 (0x40128b93) x23 0x00000401
core   0: 0x80000f4c (0x000047a1) c.li    a5, 8
core   0: 3 0x80000f4c (0x47a1) x15 0x00000008
core   0: 0x80000f4e (0x000049a1) c.li    s3, 8
core   0: 3 0x80000f4e (0x49a1) x19 0x00000008
core   0: 0x80000f50 (0x40c18d33) sub     s10, gp, a2
core   0: 3 0x80000f50 (0x40c18d33) x26 0x4f3f3713
core   0: 0x80000f54 (0x0062a2b3) slt     t0, t0, t1
core   0: 3 0x80000f54 (0x0062a2b3) x5  0x00000000
core   0: 0x80000f58 (0x000017e5) c.addi  a5, -7
core   0: 3 0x80000f58 (0x17e5) x15 0x00000001
core   0: 0x80000f5a (0x5ec40213) addi    tp, s0, 1516
core   0: 3 0x80000f5a (0x5ec40213) x4  0x8002a2d0
core   0: 0x80000f5e (0x2a34bc93) sltiu   s9, s1, 675
core   0: 3 0x80000f5e (0x2a34bc93) x25 0x00000000
core   0: 0x80000f62 (0xff37f9e3) bgeu    a5, s3, pc - 14
core   0: 3 0x80000f62 (0xff37f9e3)
core   0: 0x80000f66 (0x03728c33) mul     s8, t0, s7
core   0: 3 0x80000f66 (0x03728c33) x24 0x00000000
core   0: 0x80000f6a (0x015aef33) or      t5, s5, s5
core   0: 3 0x80000f6a (0x015aef33) x30 0x80025e64
core   0: 0x80000f6e (0xfdb764e3) bltu    a4, s11, pc - 56
core   0: 3 0x80000f6e (0xfdb764e3)
core   0: 0x80000f36 (0x11e53893) sltiu   a7, a0, 286
core   0: 3 0x80000f36 (0x11e53893) x17 0x00000001
core   0: 0x80000f3a (0x00008ef5) c.and   a3, a3
core   0: 3 0x80000f3a (0x8ef5) x13 0x51ff2000
core   0: 0x80000f3c (0x00ae73b3) and     t2, t3, a0
core   0: 3 0x80000f3c (0x00ae73b3) x7  0x00000000
core   0: 0x80000f40 (0x00008d79) c.and   a0, a4
core   0: 3 0x80000f40 (0x8d79) x10 0x00000000
core   0: 0x80000f42 (0x3cdb8937) lui     s2, 0x3cdb8
core   0: 3 0x80000f42 (0x3cdb8937) x18 0x3cdb8000
core   0: 0x80000f46 (0x0000070d) c.addi  a4, 3
core   0: 3 0x80000f46 (0x070d) x14 0x0000000e
core   0: 0x80000f48 (0x40128b93) addi    s7, t0, 1025
core   0: 3 0x80000f48 (0x40128b93) x23 0x00000401
core   0: 0x80000f4c (0x000047a1) c.li    a5, 8
core   0: 3 0x80000f4c (0x47a1) x15 0x00000008
core   0: 0x80000f4e (0x000049a1) c.li    s3, 8
core   0: 3 0x80000f4e (0x49a1) x19 0x00000008
core   0: 0x80000f50 (0x40c18d33) sub     s10, gp, a2
core   0: 3 0x80000f50 (0x40c18d33) x26 0x4f3f3713
core   0: 0x80000f54 (0x0062a2b3) slt     t0, t0, t1
core   0: 3 0x80000f54 (0x0062a2b3) x5  0x00000000
core   0: 0x80000f58 (0x000017e5) c.addi  a5, -7
core   0: 3 0x80000f58 (0x17e5) x15 0x00000001
core   0: 0x80000f5a (0x5ec40213) addi    tp, s0, 1516
core   0: 3 0x80000f5a (0x5ec40213) x4  0x8002a2d0
core   0: 0x80000f5e (0x2a34bc93) sltiu   s9, s1, 675
core   0: 3 0x80000f5e (0x2a34bc93) x25 0x00000000
core   0: 0x80000f62 (0xff37f9e3) bgeu    a5, s3, pc - 14
core   0: 3 0x80000f62 (0xff37f9e3)
core   0: 0x80000f66 (0x03728c33) mul     s8, t0, s7
core   0: 3 0x80000f66 (0x03728c33) x24 0x00000000
core   0: 0x80000f6a (0x015aef33) or      t5, s5, s5
core   0: 3 0x80000f6a (0x015aef33) x30 0x80025e64
core   0: 0x80000f6e (0xfdb764e3) bltu    a4, s11, pc - 56
core   0: 3 0x80000f6e (0xfdb764e3)
core   0: 0x80000f36 (0x11e53893) sltiu   a7, a0, 286
core   0: 3 0x80000f36 (0x11e53893) x17 0x00000001
core   0: 0x80000f3a (0x00008ef5) c.and   a3, a3
core   0: 3 0x80000f3a (0x8ef5) x13 0x51ff2000
core   0: 0x80000f3c (0x00ae73b3) and     t2, t3, a0
core   0: 3 0x80000f3c (0x00ae73b3) x7  0x00000000
core   0: 0x80000f40 (0x00008d79) c.and   a0, a4
core   0: 3 0x80000f40 (0x8d79) x10 0x00000000
core   0: 0x80000f42 (0x3cdb8937) lui     s2, 0x3cdb8
core   0: 3 0x80000f42 (0x3cdb8937) x18 0x3cdb8000
core   0: 0x80000f46 (0x0000070d) c.addi  a4, 3
core   0: 3 0x80000f46 (0x070d) x14 0x00000011
core   0: 0x80000f48 (0x40128b93) addi    s7, t0, 1025
core   0: 3 0x80000f48 (0x40128b93) x23 0x00000401
core   0: 0x80000f4c (0x000047a1) c.li    a5, 8
core   0: 3 0x80000f4c (0x47a1) x15 0x00000008
core   0: 0x80000f4e (0x000049a1) c.li    s3, 8
core   0: 3 0x80000f4e (0x49a1) x19 0x00000008
core   0: 0x80000f50 (0x40c18d33) sub     s10, gp, a2
core   0: 3 0x80000f50 (0x40c18d33) x26 0x4f3f3713
core   0: 0x80000f54 (0x0062a2b3) slt     t0, t0, t1
core   0: 3 0x80000f54 (0x0062a2b3) x5  0x00000000
core   0: 0x80000f58 (0x000017e5) c.addi  a5, -7
core   0: 3 0x80000f58 (0x17e5) x15 0x00000001
core   0: 0x80000f5a (0x5ec40213) addi    tp, s0, 1516
core   0: 3 0x80000f5a (0x5ec40213) x4  0x8002a2d0
core   0: 0x80000f5e (0x2a34bc93) sltiu   s9, s1, 675
core   0: 3 0x80000f5e (0x2a34bc93) x25 0x00000000
core   0: 0x80000f62 (0xff37f9e3) bgeu    a5, s3, pc - 14
core   0: 3 0x80000f62 (0xff37f9e3)
core   0: 0x80000f66 (0x03728c33) mul     s8, t0, s7
core   0: 3 0x80000f66 (0x03728c33) x24 0x00000000
core   0: 0x80000f6a (0x015aef33) or      t5, s5, s5
core   0: 3 0x80000f6a (0x015aef33) x30 0x80025e64
core   0: 0x80000f6e (0xfdb764e3) bltu    a4, s11, pc - 56
core   0: 3 0x80000f6e (0xfdb764e3)
core   0: 0x80000f36 (0x11e53893) sltiu   a7, a0, 286
core   0: 3 0x80000f36 (0x11e53893) x17 0x00000001
core   0: 0x80000f3a (0x00008ef5) c.and   a3, a3
core   0: 3 0x80000f3a (0x8ef5) x13 0x51ff2000
core   0: 0x80000f3c (0x00ae73b3) and     t2, t3, a0
core   0: 3 0x80000f3c (0x00ae73b3) x7  0x00000000
core   0: 0x80000f40 (0x00008d79) c.and   a0, a4
core   0: 3 0x80000f40 (0x8d79) x10 0x00000000
core   0: 0x80000f42 (0x3cdb8937) lui     s2, 0x3cdb8
core   0: 3 0x80000f42 (0x3cdb8937) x18 0x3cdb8000
core   0: 0x80000f46 (0x0000070d) c.addi  a4, 3
core   0: 3 0x80000f46 (0x070d) x14 0x00000014
core   0: 0x80000f48 (0x40128b93) addi    s7, t0, 1025
core   0: 3 0x80000f48 (0x40128b93) x23 0x00000401
core   0: 0x80000f4c (0x000047a1) c.li    a5, 8
core   0: 3 0x80000f4c (0x47a1) x15 0x00000008
core   0: 0x80000f4e (0x000049a1) c.li    s3, 8
core   0: 3 0x80000f4e (0x49a1) x19 0x00000008
core   0: 0x80000f50 (0x40c18d33) sub     s10, gp, a2
core   0: 3 0x80000f50 (0x40c18d33) x26 0x4f3f3713
core   0: 0x80000f54 (0x0062a2b3) slt     t0, t0, t1
core   0: 3 0x80000f54 (0x0062a2b3) x5  0x00000000
core   0: 0x80000f58 (0x000017e5) c.addi  a5, -7
core   0: 3 0x80000f58 (0x17e5) x15 0x00000001
core   0: 0x80000f5a (0x5ec40213) addi    tp, s0, 1516
core   0: 3 0x80000f5a (0x5ec40213) x4  0x8002a2d0
core   0: 0x80000f5e (0x2a34bc93) sltiu   s9, s1, 675
core   0: 3 0x80000f5e (0x2a34bc93) x25 0x00000000
core   0: 0x80000f62 (0xff37f9e3) bgeu    a5, s3, pc - 14
core   0: 3 0x80000f62 (0xff37f9e3)
core   0: 0x80000f66 (0x03728c33) mul     s8, t0, s7
core   0: 3 0x80000f66 (0x03728c33) x24 0x00000000
core   0: 0x80000f6a (0x015aef33) or      t5, s5, s5
core   0: 3 0x80000f6a (0x015aef33) x30 0x80025e64
core   0: 0x80000f6e (0xfdb764e3) bltu    a4, s11, pc - 56
core   0: 3 0x80000f6e (0xfdb764e3)
core   0: 0x80000f72 (0x0000997d) c.andi  a0, -1
core   0: 3 0x80000f72 (0x997d) x10 0x00000000
core   0: 0x80000f74 (0x00004281) c.li    t0, 0
core   0: 3 0x80000f74 (0x4281) x5  0x00000000
core   0: 0x80000f76 (0x032a6033) rem     zero, s4, s2
core   0: 3 0x80000f76 (0x032a6033)
core   0: 0x80000f7a (0x00000001) c.nop
core   0: 3 0x80000f7a (0x0001)
core   0: 0x80000f7c (0x00000001) c.nop
core   0: 3 0x80000f7c (0x0001)
core   0: 0x80000f7e (0x000000da) c.slli  ra, 22
core   0: 3 0x80000f7e (0x00da) x1  0x00800000
core   0: 0x80000f80 (0x0000851d) c.srai  a0, 7
core   0: 3 0x80000f80 (0x851d) x10 0x00000000
core   0: 0x80000f82 (0x0251b1b3) mulhu   gp, gp, t0
core   0: 3 0x80000f82 (0x0251b1b3) x3  0x00000000
core   0: 0x80000f86 (0x028df933) remu    s2, s11, s0
core   0: 3 0x80000f86 (0x028df933) x18 0x00000012
core   0: 0x80000f8a (0x013701b3) add     gp, a4, s3
core   0: 3 0x80000f8a (0x013701b3) x3  0x0000001c
core   0: 0x80000f8e (0x026ee4b3) rem     s1, t4, t1
core   0: 3 0x80000f8e (0x026ee4b3) x9  0x00000000
core   0: 0x80000f92 (0x01b776b3) and     a3, a4, s11
core   0: 3 0x80000f92 (0x01b776b3) x13 0x00000010
core   0: 0x80000f96 (0x0160dc93) srli    s9, ra, 22
core   0: 3 0x80000f96 (0x0160dc93) x25 0x00000002
core   0: 0x80000f9a (0x9893fa37) lui     s4, 0x9893f
core   0: 3 0x80000f9a (0x9893fa37) x20 0x9893f000
core   0: 0x80000f9e (0x00008cd1) c.or    s1, a2
core   0: 3 0x80000f9e (0x8cd1) x9  0x00000000
core   0: 0x80000fa0 (0x00004d0d) c.li    s10, 3
core   0: 3 0x80000fa0 (0x4d0d) x26 0x00000003
core   0: 0x80000fa2 (0x9650b1b7) lui     gp, 0x9650b
core   0: 3 0x80000fa2 (0x9650b1b7) x3  0x9650b000
core   0: 0x80000fa6 (0x00009a6e) c.add   s4, s11
core   0: 3 0x80000fa6 (0x9a6e) x20 0x9893f012
core   0: 0x80000fa8 (0x000099fd) c.andi  a1, -1
core   0: 3 0x80000fa8 (0x99fd) x11 0x00000001
core   0: 0x80000faa (0x00000001) c.nop
core   0: 3 0x80000faa (0x0001)
core   0: 0x80000fac (0x00008f2d) c.xor   a4, a1
core   0: 3 0x80000fac (0x8f2d) x14 0x00000015
core   0: 0x80000fae (0x0000028d) c.addi  t0, 3
core   0: 3 0x80000fae (0x028d) x5  0x00000003
core   0: 0x80000fb0 (0x000083a9) c.srli  a5, 10
core   0: 3 0x80000fb0 (0x83a9) x15 0x00000000
core   0: 0x80000fb2 (0x02e0f0b3) remu    ra, ra, a4
core   0: 3 0x80000fb2 (0x02e0f0b3) x1  0x0000000b
core   0: 0x80000fb6 (0x32167737) lui     a4, 0x32167
core   0: 3 0x80000fb6 (0x32167737) x14 0x32167000
core   0: 0x80000fba (0x00e41693) slli    a3, s0, 14
core   0: 3 0x80000fba (0x00e41693) x13 0xa7390000
core   0: 0x80000fbe (0x00f24bb3) xor     s7, tp, a5
core   0: 3 0x80000fbe (0x00f24bb3) x23 0x8002a2d0
core   0: 0x80000fc2 (0x00008e65) c.and   a2, s1
core   0: 3 0x80000fc2 (0x8e65) x12 0x00000000
core   0: 0x80000fc4 (0x00001a90) c.addi4spn a2, sp, 368
core   0: 3 0x80000fc4 (0x1a90) x12 0x00000162
core   0: 0x80000fc6 (0xffa280e3) beq     t0, s10, pc - 32
core   0: 3 0x80000fc6 (0xffa280e3)
core   0: 0x80000fa6 (0x00009a6e) c.add   s4, s11
core   0: 3 0x80000fa6 (0x9a6e) x20 0x9893f024
core   0: 0x80000fa8 (0x000099fd) c.andi  a1, -1
core   0: 3 0x80000fa8 (0x99fd) x11 0x00000001
core   0: 0x80000faa (0x00000001) c.nop
core   0: 3 0x80000faa (0x0001)
core   0: 0x80000fac (0x00008f2d) c.xor   a4, a1
core   0: 3 0x80000fac (0x8f2d) x14 0x32167001
core   0: 0x80000fae (0x0000028d) c.addi  t0, 3
core   0: 3 0x80000fae (0x028d) x5  0x00000006
core   0: 0x80000fb0 (0x000083a9) c.srli  a5, 10
core   0: 3 0x80000fb0 (0x83a9) x15 0x00000000
core   0: 0x80000fb2 (0x02e0f0b3) remu    ra, ra, a4
core   0: 3 0x80000fb2 (0x02e0f0b3) x1  0x0000000b
core   0: 0x80000fb6 (0x32167737) lui     a4, 0x32167
core   0: 3 0x80000fb6 (0x32167737) x14 0x32167000
core   0: 0x80000fba (0x00e41693) slli    a3, s0, 14
core   0: 3 0x80000fba (0x00e41693) x13 0xa7390000
core   0: 0x80000fbe (0x00f24bb3) xor     s7, tp, a5
core   0: 3 0x80000fbe (0x00f24bb3) x23 0x8002a2d0
core   0: 0x80000fc2 (0x00008e65) c.and   a2, s1
core   0: 3 0x80000fc2 (0x8e65) x12 0x00000000
core   0: 0x80000fc4 (0x00001a90) c.addi4spn a2, sp, 368
core   0: 3 0x80000fc4 (0x1a90) x12 0x00000162
core   0: 0x80000fc6 (0xffa280e3) beq     t0, s10, pc - 32
core   0: 3 0x80000fc6 (0xffa280e3)
core   0: 0x80000fca (0x005e6eb3) or      t4, t3, t0
core   0: 3 0x80000fca (0x005e6eb3) x29 0xffffffff
core   0: 0x80000fce (0x00004f19) c.li    t5, 6
core   0: 3 0x80000fce (0x4f19) x30 0x00000006
core   0: 0x80000fd0 (0x00008fad) c.xor   a5, a1
core   0: 3 0x80000fd0 (0x8fad) x15 0x00000001
core   0: 0x80000fd2 (0x00004f99) c.li    t6, 6
core   0: 3 0x80000fd2 (0x4f99) x31 0x00000006
core   0: 0x80000fd4 (0x004926b3) slt     a3, s2, tp
core   0: 3 0x80000fd4 (0x004926b3) x13 0x00000000
core   0: 0x80000fd8 (0x4032de33) sra     t3, t0, gp
core   0: 3 0x80000fd8 (0x4032de33) x28 0x00000006
core   0: 0x80000fdc (0x036d2bb3) mulhsu  s7, s10, s6
core   0: 3 0x80000fdc (0x036d2bb3) x23 0x00000000
core   0: 0x80000fe0 (0x01795933) srl     s2, s2, s7
core   0: 3 0x80000fe0 (0x01795933) x18 0x00000012
core   0: 0x80000fe4 (0x82102193) slti    gp, zero, -2015
core   0: 3 0x80000fe4 (0x82102193) x3  0x00000000
core   0: 0x80000fe8 (0x03c60633) mul     a2, a2, t3
core   0: 3 0x80000fe8 (0x03c60633) x12 0x0000084c
core   0: 0x80000fec (0x11ddb693) sltiu   a3, s11, 285
core   0: 3 0x80000fec (0x11ddb693) x13 0x00000001
core   0: 0x80000ff0 (0x00006175) c.addi16sp sp, 368
core   0: 3 0x80000ff0 (0x6175) x2  0x00000162
core   0: 0x80000ff2 (0x4386f217) auipc   tp, 0x4386f
core   0: 3 0x80000ff2 (0x4386f217) x4  0xc386fff2
core   0: 0x80000ff6 (0x01bfea33) or      s4, t6, s11
core   0: 3 0x80000ff6 (0x01bfea33) x20 0x00000016
core   0: 0x80000ffa (0x000433b3) sltu    t2, s0, zero
core   0: 3 0x80000ffa (0x000433b3) x7  0x00000000
core   0: 0x80000ffe (0x00001efd) c.addi  t4, -1
core   0: 3 0x80000ffe (0x1efd) x29 0xfffffffe
core   0: 0x80001000 (0x00000001) c.nop
core   0: 3 0x80001000 (0x0001)
core   0: 0x80001002 (0x00008d85) c.sub   a1, s1
core   0: 3 0x80001002 (0x8d85) x11 0x00000001
core   0: 0x80001004 (0x00217933) and     s2, sp, sp
core   0: 3 0x80001004 (0x00217933) x18 0x00000162
core   0: 0x80001008 (0x00006b05) c.lui   s6, 0x1
core   0: 3 0x80001008 (0x6b05) x22 0x00001000
core   0: 0x8000100a (0x02c6e6b3) rem     a3, a3, a2
core   0: 3 0x8000100a (0x02c6e6b3) x13 0x00000001
core   0: 0x8000100e (0x00a75d33) srl     s10, a4, a0
core   0: 3 0x8000100e (0x00a75d33) x26 0x32167000
core   0: 0x80001012 (0x03ac73b3) remu    t2, s8, s10
core   0: 3 0x80001012 (0x03ac73b3) x7  0x00000000
core   0: 0x80001016 (0x00001f79) c.addi  t5, -2
core   0: 3 0x80001016 (0x1f79) x30 0x00000004
core   0: 0x80001018 (0xffff78e3) bgeu    t5, t6, pc - 16
core   0: 3 0x80001018 (0xffff78e3)
core   0: 0x8000101c (0x6159c513) xori    a0, s3, 1557
core   0: 3 0x8000101c (0x6159c513) x10 0x0000061d
core   0: 0x80001020 (0x00004619) c.li    a2, 6
core   0: 3 0x80001020 (0x4619) x12 0x00000006
core   0: 0x80001022 (0x408bd5b3) sra     a1, s7, s0
core   0: 3 0x80001022 (0x408bd5b3) x11 0x00000000
core   0: 0x80001026 (0x84b00793) li      a5, -1973
core   0: 3 0x80001026 (0x84b00793) x15 0xfffff84b
core   0: 0x8000102a (0x000040a9) c.li    ra, 10
core   0: 3 0x8000102a (0x40a9) x1  0x0000000a
core   0: 0x8000102c (0x00008cd9) c.or    s1, a4
core   0: 3 0x8000102c (0x8cd9) x9  0x32167000
core   0: 0x8000102e (0x00009b1a) c.add   s6, t1
core   0: 3 0x8000102e (0x9b1a) x22 0x00001000
core   0: 0x80001030 (0x00cdf033) and     zero, s11, a2
core   0: 3 0x80001030 (0x00cdf033)
core   0: 0x80001034 (0x00000621) c.addi  a2, 8
core   0: 3 0x80001034 (0x0621) x12 0x0000000e
core   0: 0x80001036 (0x00d24333) xor     t1, tp, a3
core   0: 3 0x80001036 (0x00d24333) x6  0xc386fff3
core   0: 0x8000103a (0x00004195) c.li    gp, 5
core   0: 3 0x8000103a (0x4195) x3  0x00000005
core   0: 0x8000103c (0x00004115) c.li    sp, 5
core   0: 3 0x8000103c (0x4115) x2  0x00000005
core   0: 0x8000103e (0x41b187b3) sub     a5, gp, s11
core   0: 3 0x8000103e (0x41b187b3) x15 0xfffffff3
core   0: 0x80001042 (0x035b8cb3) mul     s9, s7, s5
core   0: 3 0x80001042 (0x035b8cb3) x25 0x00000000
core   0: 0x80001046 (0x02373333) mulhu   t1, a4, gp
core   0: 3 0x80001046 (0x02373333) x6  0x00000000
core   0: 0x8000104a (0x405203b3) sub     t2, tp, t0
core   0: 3 0x8000104a (0x405203b3) x7  0xc386ffec
core   0: 0x8000104e (0x026f1cb3) mulh    s9, t5, t1
core   0: 3 0x8000104e (0x026f1cb3) x25 0x00000000
core   0: 0x80001052 (0x000011f9) c.addi  gp, -2
core   0: 3 0x80001052 (0x11f9) x3  0x00000003
core   0: 0x80001054 (0xfe21fde3) bgeu    gp, sp, pc - 6
core   0: 3 0x80001054 (0xfe21fde3)
core   0: 0x80001058 (0x013637b3) sltu    a5, a2, s3
core   0: 3 0x80001058 (0x013637b3) x15 0x00000000
core   0: 0x8000105c (0xfc1649e3) blt     a2, ra, pc - 46
core   0: 3 0x8000105c (0xfc1649e3)
core   0: 0x80001060 (0x02f3adb3) mulhsu  s11, t2, a5
core   0: 3 0x80001060 (0x02f3adb3) x27 0x00000000
core   0: 0x80001064 (0x00005571) c.li    a0, -4
core   0: 3 0x80001064 (0x5571) x10 0xfffffffc
core   0: 0x80001066 (0x02c57333) remu    t1, a0, a2
core   0: 3 0x80001066 (0x02c57333) x6  0x00000000
core   0: 0x8000106a (0x035a1333) mulh    t1, s4, s5
core   0: 3 0x8000106a (0x035a1333) x6  0xfffffff5
core   0: 0x8000106e (0x00004739) c.li    a4, 14
core   0: 3 0x8000106e (0x4739) x14 0x0000000e
core   0: 0x80001070 (0x9a467c93) andi    s9, a2, -1628
core   0: 3 0x80001070 (0x9a467c93) x25 0x00000004
core   0: 0x80001074 (0x011679b3) and     s3, a2, a7
core   0: 3 0x80001074 (0x011679b3) x19 0x00000000
core   0: 0x80001078 (0x000050fd) c.li    ra, -1
core   0: 3 0x80001078 (0x50fd) x1  0xffffffff
core   0: 0x8000107a (0x03525a33) divu    s4, tp, s5
core   0: 3 0x8000107a (0x03525a33) x20 0x00000001
core   0: 0x8000107e (0x00000525) c.addi  a0, 9
core   0: 3 0x8000107e (0x0525) x10 0x00000005
core   0: 0x80001080 (0x00008e1d) c.sub   a2, a5
core   0: 3 0x80001080 (0x8e1d) x12 0x0000000e
core   0: 0x80001082 (0x000085a5) c.srai  a1, 9
core   0: 3 0x80001082 (0x85a5) x11 0x00000000
core   0: 0x80001084 (0x01fd15b3) sll     a1, s10, t6
core   0: 3 0x80001084 (0x01fd15b3) x11 0x859c0000
core   0: 0x80001088 (0x029f08b3) mul     a7, t5, s1
core   0: 3 0x80001088 (0x029f08b3) x17 0xc859c000
core   0: 0x8000108c (0xfee514e3) bne     a0, a4, pc - 24
core   0: 3 0x8000108c (0xfee514e3)
core   0: 0x80001074 (0x011679b3) and     s3, a2, a7
core   0: 3 0x80001074 (0x011679b3) x19 0x00000000
core   0: 0x80001078 (0x000050fd) c.li    ra, -1
core   0: 3 0x80001078 (0x50fd) x1  0xffffffff
core   0: 0x8000107a (0x03525a33) divu    s4, tp, s5
core   0: 3 0x8000107a (0x03525a33) x20 0x00000001
core   0: 0x8000107e (0x00000525) c.addi  a0, 9
core   0: 3 0x8000107e (0x0525) x10 0x0000000e
core   0: 0x80001080 (0x00008e1d) c.sub   a2, a5
core   0: 3 0x80001080 (0x8e1d) x12 0x0000000e
core   0: 0x80001082 (0x000085a5) c.srai  a1, 9
core   0: 3 0x80001082 (0x85a5) x11 0xffc2ce00
core   0: 0x80001084 (0x01fd15b3) sll     a1, s10, t6
core   0: 3 0x80001084 (0x01fd15b3) x11 0x859c0000
core   0: 0x80001088 (0x029f08b3) mul     a7, t5, s1
core   0: 3 0x80001088 (0x029f08b3) x17 0xc859c000
core   0: 0x8000108c (0xfee514e3) bne     a0, a4, pc - 24
core   0: 3 0x8000108c (0xfee514e3)
core   0: 0x80001090 (0x96358193) addi    gp, a1, -1693
core   0: 3 0x80001090 (0x96358193) x3  0x859bf963
core   0: 0x80001094 (0x00005765) c.li    a4, -7
core   0: 3 0x80001094 (0x5765) x14 0xfffffff9
core   0: 0x80001096 (0x02f4edb3) rem     s11, s1, a5
core   0: 3 0x80001096 (0x02f4edb3) x27 0x32167000
core   0: 0x8000109a (0x00005c5d) c.li    s8, -9
core   0: 3 0x8000109a (0x5c5d) x24 0xfffffff7
core   0: 0x8000109c (0x00008ecd) c.or    a3, a1
core   0: 3 0x8000109c (0x8ecd) x13 0x859c0001
core   0: 0x8000109e (0x00001761) c.addi  a4, -8
core   0: 3 0x8000109e (0x1761) x14 0xfffffff1
core   0: 0x800010a0 (0x023fdf33) divu    t5, t6, gp
core   0: 3 0x800010a0 (0x023fdf33) x30 0x00000000
core   0: 0x800010a4 (0xff875ce3) bge     a4, s8, pc - 8
core   0: 3 0x800010a4 (0xff875ce3)
core   0: 0x800010a8 (0x00008792) c.mv    a5, tp
core   0: 3 0x800010a8 (0x8792) x15 0xc386fff2
core   0: 0x800010aa (0x00005759) c.li    a4, -10
core   0: 3 0x800010aa (0x5759) x14 0xfffffff6
core   0: 0x800010ac (0x8b9c6d13) ori     s10, s8, -1863
core   0: 3 0x800010ac (0x8b9c6d13) x26 0xffffffff
core   0: 0x800010b0 (0xbd63bc13) sltiu   s8, t2, -1066
core   0: 3 0x800010b0 (0xbd63bc13) x24 0x00000001
core   0: 0x800010b4 (0x017720b3) slt     ra, a4, s7
core   0: 3 0x800010b4 (0x017720b3) x1  0x00000001
core   0: 0x800010b8 (0x44b82fb7) lui     t6, 0x44b82
core   0: 3 0x800010b8 (0x44b82fb7) x31 0x44b82000
core   0: 0x800010bc (0x000057e1) c.li    a5, -8
core   0: 3 0x800010bc (0x57e1) x15 0xfffffff8
core   0: 0x800010be (0x5ec38f13) addi    t5, t2, 1516
core   0: 3 0x800010be (0x5ec38f13) x30 0xc38705d8
core   0: 0x800010c2 (0x00000710) c.addi4spn a2, sp, 896
core   0: 3 0x800010c2 (0x0710) x12 0x00000385
core   0: 0x800010c4 (0x0000823d) c.srli  a2, 15
core   0: 3 0x800010c4 (0x823d) x12 0x00000000
core   0: 0x800010c6 (0x000001f9) c.addi  gp, 30
core   0: 3 0x800010c6 (0x01f9) x3  0x859bf981
core   0: 0x800010c8 (0x03855d33) divu    s10, a0, s8
core   0: 3 0x800010c8 (0x03855d33) x26 0x0000000e
core   0: 0x800010cc (0x00000729) c.addi  a4, 10
core   0: 3 0x800010cc (0x0729) x14 0x00000000
core   0: 0x800010ce (0x0000197d) c.addi  s2, -1
core   0: 3 0x800010ce (0x197d) x18 0x00000161
core   0: 0x800010d0 (0x031af6b3) remu    a3, s5, a7
core   0: 3 0x800010d0 (0x031af6b3) x13 0x80025e64
core   0: 0x800010d4 (0x000054dd) c.li    s1, -9
core   0: 3 0x800010d4 (0x54dd) x9  0xfffffff7
core   0: 0x800010d6 (0x01259b33) sll     s6, a1, s2
core   0: 3 0x800010d6 (0x01259b33) x22 0x0b380000
core   0: 0x800010da (0x0000557d) c.li    a0, -1
core   0: 3 0x800010da (0x557d) x10 0xffffffff
core   0: 0x800010dc (0x0232db33) divu    s6, t0, gp
core   0: 3 0x800010dc (0x0232db33) x22 0x00000000
core   0: 0x800010e0 (0x009488b3) add     a7, s1, s1
core   0: 3 0x800010e0 (0x009488b3) x17 0xffffffee
core   0: 0x800010e4 (0x000004a1) c.addi  s1, 8
core   0: 3 0x800010e4 (0x04a1) x9  0xffffffff
core   0: 0x800010e6 (0x02ef69b3) rem     s3, t5, a4
core   0: 3 0x800010e6 (0x02ef69b3) x19 0xc38705d8
core   0: 0x800010ea (0xfea48be3) beq     s1, a0, pc - 10
core   0: 3 0x800010ea (0xfea48be3)
core   0: 0x800010e0 (0x009488b3) add     a7, s1, s1
core   0: 3 0x800010e0 (0x009488b3) x17 0xfffffffe
core   0: 0x800010e4 (0x000004a1) c.addi  s1, 8
core   0: 3 0x800010e4 (0x04a1) x9  0x00000007
core   0: 0x800010e6 (0x02ef69b3) rem     s3, t5, a4
core   0: 3 0x800010e6 (0x02ef69b3) x19 0xc38705d8
core   0: 0x800010ea (0xfea48be3) beq     s1, a0, pc - 10
core   0: 3 0x800010ea (0xfea48be3)
core   0: 0x800010ee (0x00009e16) c.add   t3, t0
core   0: 3 0x800010ee (0x9e16) x28 0x0000000c
core   0: 0x800010f0 (0xef006593) ori     a1, zero, -272
core   0: 3 0x800010f0 (0xef006593) x11 0xfffffef0
core   0: 0x800010f4 (0x00000a0a) c.slli  s4, 2
core   0: 3 0x800010f4 (0x0a0a) x20 0x00000004
core   0: 0x800010f6 (0x6f2f3313) sltiu   t1, t5, 1778
core   0: 3 0x800010f6 (0x6f2f3313) x6  0x00000000
core   0: 0x800010fa (0xfcf744e3) blt     a4, a5, pc - 56
core   0: 3 0x800010fa (0xfcf744e3)
core   0: 0x800010fe (0x03a7ca33) div     s4, a5, s10
core   0: 3 0x800010fe (0x03a7ca33) x20 0x00000000
core   0: 0x80001102 (0x000054f5) c.li    s1, -3
core   0: 3 0x80001102 (0x54f5) x9  0xfffffffd
core   0: 0x80001104 (0x0379b3b3) mulhu   t2, s3, s7
core   0: 3 0x80001104 (0x0379b3b3) x7  0x00000000
core   0: 0x80001108 (0xa2106a13) ori     s4, zero, -1503
core   0: 3 0x80001108 (0xa2106a13) x20 0xfffffa21
core   0: 0x8000110c (0xd9580e93) addi    t4, a6, -619
core   0: 3 0x8000110c (0xd9580e93) x29 0x7ffffd95
core   0: 0x80001110 (0x031d2533) mulhsu  a0, s10, a7
core   0: 3 0x80001110 (0x031d2533) x10 0x0000000d
core   0: 0x80001114 (0x00008795) c.srai  a5, 5
core   0: 3 0x80001114 (0x8795) x15 0xffffffff
core   0: 0x80001116 (0x000081bd) c.srli  a1, 15
core   0: 3 0x80001116 (0x81bd) x11 0x0001ffff
core   0: 0x80001118 (0x032556b3) divu    a3, a0, s2
core   0: 3 0x80001118 (0x032556b3) x13 0x00000000
core   0: 0x8000111c (0x034dc733) div     a4, s11, s4
core   0: 3 0x8000111c (0x034dc733) x14 0xfff77802
core   0: 0x80001120 (0x40a50fb3) sub     t6, a0, a0
core   0: 3 0x80001120 (0x40a50fb3) x31 0x00000000
core   0: 0x80001124 (0x0000857d) c.srai  a0, 31
core   0: 3 0x80001124 (0x857d) x10 0x00000000
core   0: 0x80001126 (0x00000001) c.nop
core   0: 3 0x80001126 (0x0001)
core   0: 0x80001128 (0x40520533) sub     a0, tp, t0
core   0: 3 0x80001128 (0x40520533) x10 0xc386ffec
core   0: 0x8000112c (0x32877d13) andi    s10, a4, 808
core   0: 3 0x8000112c (0x32877d13) x26 0x00000000
core   0: 0x80001130 (0x00008f21) c.xor   a4, s0
core   0: 3 0x80001130 (0x8f21) x14 0x7ff5e4e6
core   0: 0x80001132 (0x0359a2b3) mulhsu  t0, s3, s5
core   0: 3 0x80001132 (0x0359a2b3) x5  0xe1c2f3ae
core   0: 0x80001136 (0x022fe333) rem     t1, t6, sp
core   0: 3 0x80001136 (0x022fe333) x6  0x00000000
core   0: 0x8000113a (0x01a7b633) sltu    a2, a5, s10
core   0: 3 0x8000113a (0x01a7b633) x12 0x00000000
core   0: 0x8000113e (0x00000485) c.addi  s1, 1
core   0: 3 0x8000113e (0x0485) x9  0xfffffffe
core   0: 0x80001140 (0x030fe1b3) rem     gp, t6, a6
core   0: 3 0x80001140 (0x030fe1b3) x3  0x00000000
core   0: 0x80001144 (0x00009afd) c.andi  a3, -1
core   0: 3 0x80001144 (0x9afd) x13 0x00000000
core   0: 0x80001146 (0x01e51a13) slli    s4, a0, 30
core   0: 3 0x80001146 (0x01e51a13) x20 0x00000000
core   0: 0x8000114a (0x02025c33) divu    s8, tp, zero
core   0: 3 0x8000114a (0x02025c33) x24 0xffffffff
core   0: 0x8000114e (0x0000f4f5) c.bnez  s1, pc - 20
core   0: 3 0x8000114e (0xf4f5)
core   0: 0x8000113a (0x01a7b633) sltu    a2, a5, s10
core   0: 3 0x8000113a (0x01a7b633) x12 0x00000000
core   0: 0x8000113e (0x00000485) c.addi  s1, 1
core   0: 3 0x8000113e (0x0485) x9  0xffffffff
core   0: 0x80001140 (0x030fe1b3) rem     gp, t6, a6
core   0: 3 0x80001140 (0x030fe1b3) x3  0x00000000
core   0: 0x80001144 (0x00009afd) c.andi  a3, -1
core   0: 3 0x80001144 (0x9afd) x13 0x00000000
core   0: 0x80001146 (0x01e51a13) slli    s4, a0, 30
core   0: 3 0x80001146 (0x01e51a13) x20 0x00000000
core   0: 0x8000114a (0x02025c33) divu    s8, tp, zero
core   0: 3 0x8000114a (0x02025c33) x24 0xffffffff
core   0: 0x8000114e (0x0000f4f5) c.bnez  s1, pc - 20
core   0: 3 0x8000114e (0xf4f5)
core   0: 0x8000113a (0x01a7b633) sltu    a2, a5, s10
core   0: 3 0x8000113a (0x01a7b633) x12 0x00000000
core   0: 0x8000113e (0x00000485) c.addi  s1, 1
core   0: 3 0x8000113e (0x0485) x9  0x00000000
core   0: 0x80001140 (0x030fe1b3) rem     gp, t6, a6
core   0: 3 0x80001140 (0x030fe1b3) x3  0x00000000
core   0: 0x80001144 (0x00009afd) c.andi  a3, -1
core   0: 3 0x80001144 (0x9afd) x13 0x00000000
core   0: 0x80001146 (0x01e51a13) slli    s4, a0, 30
core   0: 3 0x80001146 (0x01e51a13) x20 0x00000000
core   0: 0x8000114a (0x02025c33) divu    s8, tp, zero
core   0: 3 0x8000114a (0x02025c33) x24 0xffffffff
core   0: 0x8000114e (0x0000f4f5) c.bnez  s1, pc - 20
core   0: 3 0x8000114e (0xf4f5)
core   0: 0x80001150 (0x8be30313) addi    t1, t1, -1858
core   0: 3 0x80001150 (0x8be30313) x6  0xfffff8be
core   0: 0x80001154 (0x000054e9) c.li    s1, -6
core   0: 3 0x80001154 (0x54e9) x9  0xfffffffa
core   0: 0x80001156 (0xe656c6b7) lui     a3, 0xe656c
core   0: 3 0x80001156 (0xe656c6b7) x13 0xe656c000
core   0: 0x8000115a (0xaf2e7093) andi    ra, t3, -1294
core   0: 3 0x8000115a (0xaf2e7093) x1  0x00000000
core   0: 0x8000115e (0x001725b3) slt     a1, a4, ra
core   0: 3 0x8000115e (0x001725b3) x11 0x00000000
core   0: 0x80001162 (0x41a45693) srai    a3, s0, 26
core   0: 3 0x80001162 (0x41a45693) x13 0xffffffe0
core   0: 0x80001166 (0x00005a49) c.li    s4, -14
core   0: 3 0x80001166 (0x5a49) x20 0xfffffff2
core   0: 0x80001168 (0x000087f5) c.srai  a5, 29
core   0: 3 0x80001168 (0x87f5) x15 0xffffffff
core   0: 0x8000116a (0x00008f5d) c.or    a4, a5
core   0: 3 0x8000116a (0x8f5d) x14 0xffffffff
core   0: 0x8000116c (0x01b05393) srli    t2, zero, 27
core   0: 3 0x8000116c (0x01b05393) x7  0x00000000
core   0: 0x80001170 (0x24d7c913) xori    s2, a5, 589
core   0: 3 0x80001170 (0x24d7c913) x18 0xfffffdb2
core   0: 0x80001174 (0x6bc2c713) xori    a4, t0, 1724
core   0: 3 0x80001174 (0x6bc2c713) x14 0xe1c2f512
core   0: 0x80001178 (0x884cb713) sltiu   a4, s9, -1916
core   0: 3 0x80001178 (0x884cb713) x14 0x00000001
core   0: 0x8000117c (0x6cadff97) auipc   t6, 0x6cadf
core   0: 3 0x8000117c (0x6cadff97) x31 0xecae017c
core   0: 0x80001180 (0x00000514) c.addi4spn a3, sp, 640
core   0: 3 0x80001180 (0x0514) x13 0x00000285
core   0: 0x80001182 (0x409ddbb3) sra     s7, s11, s1
core   0: 3 0x80001182 (0x409ddbb3) x23 0x0000000c
core   0: 0x80001186 (0x000083f2) c.mv    t2, t3
core   0: 3 0x80001186 (0x83f2) x7  0x0000000c
core   0: 0x80001188 (0x00009c42) c.add   s8, a6
core   0: 3 0x80001188 (0x9c42) x24 0x7fffffff
core   0: 0x8000118a (0x00006755) c.lui   a4, 0x15
core   0: 3 0x8000118a (0x6755) x14 0x00015000
core   0: 0x8000118c (0x00005bfd) c.li    s7, -1
core   0: 3 0x8000118c (0x5bfd) x23 0xffffffff
core   0: 0x8000118e (0x000014fd) c.addi  s1, -1
core   0: 3 0x8000118e (0x14fd) x9  0xfffffff9
core   0: 0x80001190 (0xf8a0a093) slti    ra, ra, -118
core   0: 3 0x80001190 (0xf8a0a093) x1  0x00000000
core   0: 0x80001194 (0x00000001) c.nop
core   0: 3 0x80001194 (0x0001)
core   0: 0x80001196 (0x00008fe1) c.and   a5, s0
core   0: 3 0x80001196 (0x8fe1) x15 0x80029ce4
core   0: 0x80001198 (0x008899b3) sll     s3, a7, s0
core   0: 3 0x80001198 (0x008899b3) x19 0xffffffe0
core   0: 0x8000119c (0x00008631) c.srai  a2, 12
core   0: 3 0x8000119c (0x8631) x12 0x00000000
core   0: 0x8000119e (0x01beb333) sltu    t1, t4, s11
core   0: 3 0x8000119e (0x01beb333) x6  0x00000000
core   0: 0x800011a2 (0x00001408) c.addi4spn a0, sp, 544
core   0: 3 0x800011a2 (0x1408) x10 0x00000225
core   0: 0x800011a4 (0x00008759) c.srai  a4, 22
core   0: 3 0x800011a4 (0x8759) x14 0x00000000
core   0: 0x800011a6 (0xff44d1e3) bge     s1, s4, pc - 30
core   0: 3 0x800011a6 (0xff44d1e3)
core   0: 0x80001188 (0x00009c42) c.add   s8, a6
core   0: 3 0x80001188 (0x9c42) x24 0xffffffff
core   0: 0x8000118a (0x00006755) c.lui   a4, 0x15
core   0: 3 0x8000118a (0x6755) x14 0x00015000
core   0: 0x8000118c (0x00005bfd) c.li    s7, -1
core   0: 3 0x8000118c (0x5bfd) x23 0xffffffff
core   0: 0x8000118e (0x000014fd) c.addi  s1, -1
core   0: 3 0x8000118e (0x14fd) x9  0xfffffff8
core   0: 0x80001190 (0xf8a0a093) slti    ra, ra, -118
core   0: 3 0x80001190 (0xf8a0a093) x1  0x00000000
core   0: 0x80001194 (0x00000001) c.nop
core   0: 3 0x80001194 (0x0001)
core   0: 0x80001196 (0x00008fe1) c.and   a5, s0
core   0: 3 0x80001196 (0x8fe1) x15 0x80029ce4
core   0: 0x80001198 (0x008899b3) sll     s3, a7, s0
core   0: 3 0x80001198 (0x008899b3) x19 0xffffffe0
core   0: 0x8000119c (0x00008631) c.srai  a2, 12
core   0: 3 0x8000119c (0x8631) x12 0x00000000
core   0: 0x8000119e (0x01beb333) sltu    t1, t4, s11
core   0: 3 0x8000119e (0x01beb333) x6  0x00000000
core   0: 0x800011a2 (0x00001408) c.addi4spn a0, sp, 544
core   0: 3 0x800011a2 (0x1408) x10 0x00000225
core   0: 0x800011a4 (0x00008759) c.srai  a4, 22
core   0: 3 0x800011a4 (0x8759) x14 0x00000000
core   0: 0x800011a6 (0xff44d1e3) bge     s1, s4, pc - 30
core   0: 3 0x800011a6 (0xff44d1e3)
core   0: 0x80001188 (0x00009c42) c.add   s8, a6
core   0: 3 0x80001188 (0x9c42) x24 0x7fffffff
core   0: 0x8000118a (0x00006755) c.lui   a4, 0x15
core   0: 3 0x8000118a (0x6755) x14 0x00015000
core   0: 0x8000118c (0x00005bfd) c.li    s7, -1
core   0: 3 0x8000118c (0x5bfd) x23 0xffffffff
core   0: 0x8000118e (0x000014fd) c.addi  s1, -1
core   0: 3 0x8000118e (0x14fd) x9  0xfffffff7
core   0: 0x80001190 (0xf8a0a093) slti    ra, ra, -118
core   0: 3 0x80001190 (0xf8a0a093) x1  0x00000000
core   0: 0x80001194 (0x00000001) c.nop
core   0: 3 0x80001194 (0x0001)
core   0: 0x80001196 (0x00008fe1) c.and   a5, s0
core   0: 3 0x80001196 (0x8fe1) x15 0x80029ce4
core   0: 0x80001198 (0x008899b3) sll     s3, a7, s0
core   0: 3 0x80001198 (0x008899b3) x19 0xffffffe0
core   0: 0x8000119c (0x00008631) c.srai  a2, 12
core   0: 3 0x8000119c (0x8631) x12 0x00000000
core   0: 0x8000119e (0x01beb333) sltu    t1, t4, s11
core   0: 3 0x8000119e (0x01beb333) x6  0x00000000
core   0: 0x800011a2 (0x00001408) c.addi4spn a0, sp, 544
core   0: 3 0x800011a2 (0x1408) x10 0x00000225
core   0: 0x800011a4 (0x00008759) c.srai  a4, 22
core   0: 3 0x800011a4 (0x8759) x14 0x00000000
core   0: 0x800011a6 (0xff44d1e3) bge     s1, s4, pc - 30
core   0: 3 0x800011a6 (0xff44d1e3)
core   0: 0x80001188 (0x00009c42) c.add   s8, a6
core   0: 3 0x80001188 (0x9c42) x24 0xffffffff
core   0: 0x8000118a (0x00006755) c.lui   a4, 0x15
core   0: 3 0x8000118a (0x6755) x14 0x00015000
core   0: 0x8000118c (0x00005bfd) c.li    s7, -1
core   0: 3 0x8000118c (0x5bfd) x23 0xffffffff
core   0: 0x8000118e (0x000014fd) c.addi  s1, -1
core   0: 3 0x8000118e (0x14fd) x9  0xfffffff6
core   0: 0x80001190 (0xf8a0a093) slti    ra, ra, -118
core   0: 3 0x80001190 (0xf8a0a093) x1  0x00000000
core   0: 0x80001194 (0x00000001) c.nop
core   0: 3 0x80001194 (0x0001)
core   0: 0x80001196 (0x00008fe1) c.and   a5, s0
core   0: 3 0x80001196 (0x8fe1) x15 0x80029ce4
core   0: 0x80001198 (0x008899b3) sll     s3, a7, s0
core   0: 3 0x80001198 (0x008899b3) x19 0xffffffe0
core   0: 0x8000119c (0x00008631) c.srai  a2, 12
core   0: 3 0x8000119c (0x8631) x12 0x00000000
core   0: 0x8000119e (0x01beb333) sltu    t1, t4, s11
core   0: 3 0x8000119e (0x01beb333) x6  0x00000000
core   0: 0x800011a2 (0x00001408) c.addi4spn a0, sp, 544
core   0: 3 0x800011a2 (0x1408) x10 0x00000225
core   0: 0x800011a4 (0x00008759) c.srai  a4, 22
core   0: 3 0x800011a4 (0x8759) x14 0x00000000
core   0: 0x800011a6 (0xff44d1e3) bge     s1, s4, pc - 30
core   0: 3 0x800011a6 (0xff44d1e3)
core   0: 0x80001188 (0x00009c42) c.add   s8, a6
core   0: 3 0x80001188 (0x9c42) x24 0x7fffffff
core   0: 0x8000118a (0x00006755) c.lui   a4, 0x15
core   0: 3 0x8000118a (0x6755) x14 0x00015000
core   0: 0x8000118c (0x00005bfd) c.li    s7, -1
core   0: 3 0x8000118c (0x5bfd) x23 0xffffffff
core   0: 0x8000118e (0x000014fd) c.addi  s1, -1
core   0: 3 0x8000118e (0x14fd) x9  0xfffffff5
core   0: 0x80001190 (0xf8a0a093) slti    ra, ra, -118
core   0: 3 0x80001190 (0xf8a0a093) x1  0x00000000
core   0: 0x80001194 (0x00000001) c.nop
core   0: 3 0x80001194 (0x0001)
core   0: 0x80001196 (0x00008fe1) c.and   a5, s0
core   0: 3 0x80001196 (0x8fe1) x15 0x80029ce4
core   0: 0x80001198 (0x008899b3) sll     s3, a7, s0
core   0: 3 0x80001198 (0x008899b3) x19 0xffffffe0
core   0: 0x8000119c (0x00008631) c.srai  a2, 12
core   0: 3 0x8000119c (0x8631) x12 0x00000000
core   0: 0x8000119e (0x01beb333) sltu    t1, t4, s11
core   0: 3 0x8000119e (0x01beb333) x6  0x00000000
core   0: 0x800011a2 (0x00001408) c.addi4spn a0, sp, 544
core   0: 3 0x800011a2 (0x1408) x10 0x00000225
core   0: 0x800011a4 (0x00008759) c.srai  a4, 22
core   0: 3 0x800011a4 (0x8759) x14 0x00000000
core   0: 0x800011a6 (0xff44d1e3) bge     s1, s4, pc - 30
core   0: 3 0x800011a6 (0xff44d1e3)
core   0: 0x80001188 (0x00009c42) c.add   s8, a6
core   0: 3 0x80001188 (0x9c42) x24 0xffffffff
core   0: 0x8000118a (0x00006755) c.lui   a4, 0x15
core   0: 3 0x8000118a (0x6755) x14 0x00015000
core   0: 0x8000118c (0x00005bfd) c.li    s7, -1
core   0: 3 0x8000118c (0x5bfd) x23 0xffffffff
core   0: 0x8000118e (0x000014fd) c.addi  s1, -1
core   0: 3 0x8000118e (0x14fd) x9  0xfffffff4
core   0: 0x80001190 (0xf8a0a093) slti    ra, ra, -118
core   0: 3 0x80001190 (0xf8a0a093) x1  0x00000000
core   0: 0x80001194 (0x00000001) c.nop
core   0: 3 0x80001194 (0x0001)
core   0: 0x80001196 (0x00008fe1) c.and   a5, s0
core   0: 3 0x80001196 (0x8fe1) x15 0x80029ce4
core   0: 0x80001198 (0x008899b3) sll     s3, a7, s0
core   0: 3 0x80001198 (0x008899b3) x19 0xffffffe0
core   0: 0x8000119c (0x00008631) c.srai  a2, 12
core   0: 3 0x8000119c (0x8631) x12 0x00000000
core   0: 0x8000119e (0x01beb333) sltu    t1, t4, s11
core   0: 3 0x8000119e (0x01beb333) x6  0x00000000
core   0: 0x800011a2 (0x00001408) c.addi4spn a0, sp, 544
core   0: 3 0x800011a2 (0x1408) x10 0x00000225
core   0: 0x800011a4 (0x00008759) c.srai  a4, 22
core   0: 3 0x800011a4 (0x8759) x14 0x00000000
core   0: 0x800011a6 (0xff44d1e3) bge     s1, s4, pc - 30
core   0: 3 0x800011a6 (0xff44d1e3)
core   0: 0x80001188 (0x00009c42) c.add   s8, a6
core   0: 3 0x80001188 (0x9c42) x24 0x7fffffff
core   0: 0x8000118a (0x00006755) c.lui   a4, 0x15
core   0: 3 0x8000118a (0x6755) x14 0x00015000
core   0: 0x8000118c (0x00005bfd) c.li    s7, -1
core   0: 3 0x8000118c (0x5bfd) x23 0xffffffff
core   0: 0x8000118e (0x000014fd) c.addi  s1, -1
core   0: 3 0x8000118e (0x14fd) x9  0xfffffff3
core   0: 0x80001190 (0xf8a0a093) slti    ra, ra, -118
core   0: 3 0x80001190 (0xf8a0a093) x1  0x00000000
core   0: 0x80001194 (0x00000001) c.nop
core   0: 3 0x80001194 (0x0001)
core   0: 0x80001196 (0x00008fe1) c.and   a5, s0
core   0: 3 0x80001196 (0x8fe1) x15 0x80029ce4
core   0: 0x80001198 (0x008899b3) sll     s3, a7, s0
core   0: 3 0x80001198 (0x008899b3) x19 0xffffffe0
core   0: 0x8000119c (0x00008631) c.srai  a2, 12
core   0: 3 0x8000119c (0x8631) x12 0x00000000
core   0: 0x8000119e (0x01beb333) sltu    t1, t4, s11
core   0: 3 0x8000119e (0x01beb333) x6  0x00000000
core   0: 0x800011a2 (0x00001408) c.addi4spn a0, sp, 544
core   0: 3 0x800011a2 (0x1408) x10 0x00000225
core   0: 0x800011a4 (0x00008759) c.srai  a4, 22
core   0: 3 0x800011a4 (0x8759) x14 0x00000000
core   0: 0x800011a6 (0xff44d1e3) bge     s1, s4, pc - 30
core   0: 3 0x800011a6 (0xff44d1e3)
core   0: 0x80001188 (0x00009c42) c.add   s8, a6
core   0: 3 0x80001188 (0x9c42) x24 0xffffffff
core   0: 0x8000118a (0x00006755) c.lui   a4, 0x15
core   0: 3 0x8000118a (0x6755) x14 0x00015000
core   0: 0x8000118c (0x00005bfd) c.li    s7, -1
core   0: 3 0x8000118c (0x5bfd) x23 0xffffffff
core   0: 0x8000118e (0x000014fd) c.addi  s1, -1
core   0: 3 0x8000118e (0x14fd) x9  0xfffffff2
core   0: 0x80001190 (0xf8a0a093) slti    ra, ra, -118
core   0: 3 0x80001190 (0xf8a0a093) x1  0x00000000
core   0: 0x80001194 (0x00000001) c.nop
core   0: 3 0x80001194 (0x0001)
core   0: 0x80001196 (0x00008fe1) c.and   a5, s0
core   0: 3 0x80001196 (0x8fe1) x15 0x80029ce4
core   0: 0x80001198 (0x008899b3) sll     s3, a7, s0
core   0: 3 0x80001198 (0x008899b3) x19 0xffffffe0
core   0: 0x8000119c (0x00008631) c.srai  a2, 12
core   0: 3 0x8000119c (0x8631) x12 0x00000000
core   0: 0x8000119e (0x01beb333) sltu    t1, t4, s11
core   0: 3 0x8000119e (0x01beb333) x6  0x00000000
core   0: 0x800011a2 (0x00001408) c.addi4spn a0, sp, 544
core   0: 3 0x800011a2 (0x1408) x10 0x00000225
core   0: 0x800011a4 (0x00008759) c.srai  a4, 22
core   0: 3 0x800011a4 (0x8759) x14 0x00000000
core   0: 0x800011a6 (0xff44d1e3) bge     s1, s4, pc - 30
core   0: 3 0x800011a6 (0xff44d1e3)
core   0: 0x80001188 (0x00009c42) c.add   s8, a6
core   0: 3 0x80001188 (0x9c42) x24 0x7fffffff
core   0: 0x8000118a (0x00006755) c.lui   a4, 0x15
core   0: 3 0x8000118a (0x6755) x14 0x00015000
core   0: 0x8000118c (0x00005bfd) c.li    s7, -1
core   0: 3 0x8000118c (0x5bfd) x23 0xffffffff
core   0: 0x8000118e (0x000014fd) c.addi  s1, -1
core   0: 3 0x8000118e (0x14fd) x9  0xfffffff1
core   0: 0x80001190 (0xf8a0a093) slti    ra, ra, -118
core   0: 3 0x80001190 (0xf8a0a093) x1  0x00000000
core   0: 0x80001194 (0x00000001) c.nop
core   0: 3 0x80001194 (0x0001)
core   0: 0x80001196 (0x00008fe1) c.and   a5, s0
core   0: 3 0x80001196 (0x8fe1) x15 0x80029ce4
core   0: 0x80001198 (0x008899b3) sll     s3, a7, s0
core   0: 3 0x80001198 (0x008899b3) x19 0xffffffe0
core   0: 0x8000119c (0x00008631) c.srai  a2, 12
core   0: 3 0x8000119c (0x8631) x12 0x00000000
core   0: 0x8000119e (0x01beb333) sltu    t1, t4, s11
core   0: 3 0x8000119e (0x01beb333) x6  0x00000000
core   0: 0x800011a2 (0x00001408) c.addi4spn a0, sp, 544
core   0: 3 0x800011a2 (0x1408) x10 0x00000225
core   0: 0x800011a4 (0x00008759) c.srai  a4, 22
core   0: 3 0x800011a4 (0x8759) x14 0x00000000
core   0: 0x800011a6 (0xff44d1e3) bge     s1, s4, pc - 30
core   0: 3 0x800011a6 (0xff44d1e3)
core   0: 0x800011aa (0x00a6ddb3) srl     s11, a3, a0
core   0: 3 0x800011aa (0x00a6ddb3) x27 0x00000014
core   0: 0x800011ae (0x000056fd) c.li    a3, -1
core   0: 3 0x800011ae (0x56fd) x13 0xffffffff
core   0: 0x800011b0 (0x00005a7d) c.li    s4, -1
core   0: 3 0x800011b0 (0x5a7d) x20 0xffffffff
core   0: 0x800011b2 (0x00009fba) c.add   t6, a4
core   0: 3 0x800011b2 (0x9fba) x31 0xecae017c
core   0: 0x800011b4 (0x40318d33) sub     s10, gp, gp
core   0: 3 0x800011b4 (0x40318d33) x26 0x00000000
core   0: 0x800011b8 (0x31d5f797) auipc   a5, 0x31d5f
core   0: 3 0x800011b8 (0x31d5f797) x15 0xb1d601b8
core   0: 0x800011bc (0x0309feb3) remu    t4, s3, a6
core   0: 3 0x800011bc (0x0309feb3) x29 0x7fffffe0
core   0: 0x800011c0 (0x0000838d) c.srli  a5, 3
core   0: 3 0x800011c0 (0x838d) x15 0x163ac037
core   0: 0x800011c2 (0x02c46233) rem     tp, s0, a2
core   0: 3 0x800011c2 (0x02c46233) x4  0x80029ce4
core   0: 0x800011c6 (0x00005f51) c.li    t5, -12
core   0: 3 0x800011c6 (0x5f51) x30 0xfffffff4
core   0: 0x800011c8 (0xf450a713) slti    a4, ra, -187
core   0: 3 0x800011c8 (0xf450a713) x14 0x00000000
core   0: 0x800011cc (0x000008fe) c.slli  a7, 31
core   0: 3 0x800011cc (0x08fe) x17 0x00000000
core   0: 0x800011ce (0x02ad6bb3) rem     s7, s10, a0
core   0: 3 0x800011ce (0x02ad6bb3) x23 0x00000000
core   0: 0x800011d2 (0x00000eb9) c.addi  t4, 14
core   0: 3 0x800011d2 (0x0eb9) x29 0x7fffffee
core   0: 0x800011d4 (0x000016fd) c.addi  a3, -1
core   0: 3 0x800011d4 (0x16fd) x13 0xfffffffe
core   0: 0x800011d6 (0x00001f04) c.addi4spn s1, sp, 944
core   0: 3 0x800011d6 (0x1f04) x9  0x000003b5
core   0: 0x800011d8 (0x006ab2b3) sltu    t0, s5, t1
core   0: 3 0x800011d8 (0x006ab2b3) x5  0x00000000
core   0: 0x800011dc (0x00005e71) c.li    t3, -4
core   0: 3 0x800011dc (0x5e71) x28 0xfffffffc
core   0: 0x800011de (0x00008732) c.mv    a4, a2
core   0: 3 0x800011de (0x8732) x14 0x00000000
core   0: 0x800011e0 (0x022d60b3) rem     ra, s10, sp
core   0: 3 0x800011e0 (0x022d60b3) x1  0x00000000
core   0: 0x800011e4 (0x000068b5) c.lui   a7, 0xd
core   0: 3 0x800011e4 (0x68b5) x17 0x0000d000
core   0: 0x800011e6 (0x000053b5) c.li    t2, -19
core   0: 3 0x800011e6 (0x53b5) x7  0xffffffed
core   0: 0x800011e8 (0x98c4cc13) xori    s8, s1, -1652
core   0: 3 0x800011e8 (0x98c4cc13) x24 0xfffffa39
core   0: 0x800011ec (0x00004d29) c.li    s10, 10
core   0: 3 0x800011ec (0x4d29) x26 0x0000000a
core   0: 0x800011ee (0x026954b3) divu    s1, s2, t1
core   0: 3 0x800011ee (0x026954b3) x9  0xffffffff
core   0: 0x800011f2 (0x0378f933) remu    s2, a7, s7
core   0: 3 0x800011f2 (0x0378f933) x18 0x0000d000
core   0: 0x800011f6 (0x00008e01) c.sub   a2, s0
core   0: 3 0x800011f6 (0x8e01) x12 0x7ffd631c
core   0: 0x800011f8 (0x00001e65) c.addi  t3, -7
core   0: 3 0x800011f8 (0x1e65) x28 0xfffffff5
core   0: 0x800011fa (0x0000614d) c.addi16sp sp, 176
core   0: 3 0x800011fa (0x614d) x2  0x000000b5
core   0: 0x800011fc (0xe6ad8293) addi    t0, s11, -406
core   0: 3 0x800011fc (0xe6ad8293) x5  0xfffffe7e
core   0: 0x80001200 (0xfe7e57e3) bge     t3, t2, pc - 18
core   0: 3 0x80001200 (0xfe7e57e3)
core   0: 0x800011ee (0x026954b3) divu    s1, s2, t1
core   0: 3 0x800011ee (0x026954b3) x9  0xffffffff
core   0: 0x800011f2 (0x0378f933) remu    s2, a7, s7
core   0: 3 0x800011f2 (0x0378f933) x18 0x0000d000
core   0: 0x800011f6 (0x00008e01) c.sub   a2, s0
core   0: 3 0x800011f6 (0x8e01) x12 0xfffac638
core   0: 0x800011f8 (0x00001e65) c.addi  t3, -7
core   0: 3 0x800011f8 (0x1e65) x28 0xffffffee
core   0: 0x800011fa (0x0000614d) c.addi16sp sp, 176
core   0: 3 0x800011fa (0x614d) x2  0x00000165
core   0: 0x800011fc (0xe6ad8293) addi    t0, s11, -406
core   0: 3 0x800011fc (0xe6ad8293) x5  0xfffffe7e
core   0: 0x80001200 (0xfe7e57e3) bge     t3, t2, pc - 18
core   0: 3 0x80001200 (0xfe7e57e3)
core   0: 0x800011ee (0x026954b3) divu    s1, s2, t1
core   0: 3 0x800011ee (0x026954b3) x9  0xffffffff
core   0: 0x800011f2 (0x0378f933) remu    s2, a7, s7
core   0: 3 0x800011f2 (0x0378f933) x18 0x0000d000
core   0: 0x800011f6 (0x00008e01) c.sub   a2, s0
core   0: 3 0x800011f6 (0x8e01) x12 0x7ff82954
core   0: 0x800011f8 (0x00001e65) c.addi  t3, -7
core   0: 3 0x800011f8 (0x1e65) x28 0xffffffe7
core   0: 0x800011fa (0x0000614d) c.addi16sp sp, 176
core   0: 3 0x800011fa (0x614d) x2  0x00000215
core   0: 0x800011fc (0xe6ad8293) addi    t0, s11, -406
core   0: 3 0x800011fc (0xe6ad8293) x5  0xfffffe7e
core   0: 0x80001200 (0xfe7e57e3) bge     t3, t2, pc - 18
core   0: 3 0x80001200 (0xfe7e57e3)
core   0: 0x80001204 (0x78f54b13) xori    s6, a0, 1935
core   0: 3 0x80001204 (0x78f54b13) x22 0x000005aa
core   0: 0x80001208 (0x4974fa13) andi    s4, s1, 1175
core   0: 3 0x80001208 (0x4974fa13) x20 0x00000497
core   0: 0x8000120c (0xfde6d1e3) bge     a3, t5, pc - 62
core   0: 3 0x8000120c (0xfde6d1e3)
core   0: 0x800011ce (0x02ad6bb3) rem     s7, s10, a0
core   0: 3 0x800011ce (0x02ad6bb3) x23 0x0000000a
core   0: 0x800011d2 (0x00000eb9) c.addi  t4, 14
core   0: 3 0x800011d2 (0x0eb9) x29 0x7ffffffc
core   0: 0x800011d4 (0x000016fd) c.addi  a3, -1
core   0: 3 0x800011d4 (0x16fd) x13 0xfffffffd
core   0: 0x800011d6 (0x00001f04) c.addi4spn s1, sp, 944
core   0: 3 0x800011d6 (0x1f04) x9  0x000005c5
core   0: 0x800011d8 (0x006ab2b3) sltu    t0, s5, t1
core   0: 3 0x800011d8 (0x006ab2b3) x5  0x00000000
core   0: 0x800011dc (0x00005e71) c.li    t3, -4
core   0: 3 0x800011dc (0x5e71) x28 0xfffffffc
core   0: 0x800011de (0x00008732) c.mv    a4, a2
core   0: 3 0x800011de (0x8732) x14 0x7ff82954
core   0: 0x800011e0 (0x022d60b3) rem     ra, s10, sp
core   0: 3 0x800011e0 (0x022d60b3) x1  0x0000000a
core   0: 0x800011e4 (0x000068b5) c.lui   a7, 0xd
core   0: 3 0x800011e4 (0x68b5) x17 0x0000d000
core   0: 0x800011e6 (0x000053b5) c.li    t2, -19
core   0: 3 0x800011e6 (0x53b5) x7  0xffffffed
core   0: 0x800011e8 (0x98c4cc13) xori    s8, s1, -1652
core   0: 3 0x800011e8 (0x98c4cc13) x24 0xfffffc49
core   0: 0x800011ec (0x00004d29) c.li    s10, 10
core   0: 3 0x800011ec (0x4d29) x26 0x0000000a
core   0: 0x800011ee (0x026954b3) divu    s1, s2, t1
core   0: 3 0x800011ee (0x026954b3) x9  0xffffffff
core   0: 0x800011f2 (0x0378f933) remu    s2, a7, s7
core   0: 3 0x800011f2 (0x0378f933) x18 0x00000008
core   0: 0x800011f6 (0x00008e01) c.sub   a2, s0
core   0: 3 0x800011f6 (0x8e01) x12 0xfff58c70
core   0: 0x800011f8 (0x00001e65) c.addi  t3, -7
core   0: 3 0x800011f8 (0x1e65) x28 0xfffffff5
core   0: 0x800011fa (0x0000614d) c.addi16sp sp, 176
core   0: 3 0x800011fa (0x614d) x2  0x000002c5
core   0: 0x800011fc (0xe6ad8293) addi    t0, s11, -406
core   0: 3 0x800011fc (0xe6ad8293) x5  0xfffffe7e
core   0: 0x80001200 (0xfe7e57e3) bge     t3, t2, pc - 18
core   0: 3 0x80001200 (0xfe7e57e3)
core   0: 0x800011ee (0x026954b3) divu    s1, s2, t1
core   0: 3 0x800011ee (0x026954b3) x9  0xffffffff
core   0: 0x800011f2 (0x0378f933) remu    s2, a7, s7
core   0: 3 0x800011f2 (0x0378f933) x18 0x00000008
core   0: 0x800011f6 (0x00008e01) c.sub   a2, s0
core   0: 3 0x800011f6 (0x8e01) x12 0x7ff2ef8c
core   0: 0x800011f8 (0x00001e65) c.addi  t3, -7
core   0: 3 0x800011f8 (0x1e65) x28 0xffffffee
core   0: 0x800011fa (0x0000614d) c.addi16sp sp, 176
core   0: 3 0x800011fa (0x614d) x2  0x00000375
core   0: 0x800011fc (0xe6ad8293) addi    t0, s11, -406
core   0: 3 0x800011fc (0xe6ad8293) x5  0xfffffe7e
core   0: 0x80001200 (0xfe7e57e3) bge     t3, t2, pc - 18
core   0: 3 0x80001200 (0xfe7e57e3)
core   0: 0x800011ee (0x026954b3) divu    s1, s2, t1
core   0: 3 0x800011ee (0x026954b3) x9  0xffffffff
core   0: 0x800011f2 (0x0378f933) remu    s2, a7, s7
core   0: 3 0x800011f2 (0x0378f933) x18 0x00000008
core   0: 0x800011f6 (0x00008e01) c.sub   a2, s0
core   0: 3 0x800011f6 (0x8e01) x12 0xfff052a8
core   0: 0x800011f8 (0x00001e65) c.addi  t3, -7
core   0: 3 0x800011f8 (0x1e65) x28 0xffffffe7
core   0: 0x800011fa (0x0000614d) c.addi16sp sp, 176
core   0: 3 0x800011fa (0x614d) x2  0x00000425
core   0: 0x800011fc (0xe6ad8293) addi    t0, s11, -406
core   0: 3 0x800011fc (0xe6ad8293) x5  0xfffffe7e
core   0: 0x80001200 (0xfe7e57e3) bge     t3, t2, pc - 18
core   0: 3 0x80001200 (0xfe7e57e3)
core   0: 0x80001204 (0x78f54b13) xori    s6, a0, 1935
core   0: 3 0x80001204 (0x78f54b13) x22 0x000005aa
core   0: 0x80001208 (0x4974fa13) andi    s4, s1, 1175
core   0: 3 0x80001208 (0x4974fa13) x20 0x00000497
core   0: 0x8000120c (0xfde6d1e3) bge     a3, t5, pc - 62
core   0: 3 0x8000120c (0xfde6d1e3)
core   0: 0x800011ce (0x02ad6bb3) rem     s7, s10, a0
core   0: 3 0x800011ce (0x02ad6bb3) x23 0x0000000a
core   0: 0x800011d2 (0x00000eb9) c.addi  t4, 14
core   0: 3 0x800011d2 (0x0eb9) x29 0x8000000a
core   0: 0x800011d4 (0x000016fd) c.addi  a3, -1
core   0: 3 0x800011d4 (0x16fd) x13 0xfffffffc
core   0: 0x800011d6 (0x00001f04) c.addi4spn s1, sp, 944
core   0: 3 0x800011d6 (0x1f04) x9  0x000007d5
core   0: 0x800011d8 (0x006ab2b3) sltu    t0, s5, t1
core   0: 3 0x800011d8 (0x006ab2b3) x5  0x00000000
core   0: 0x800011dc (0x00005e71) c.li    t3, -4
core   0: 3 0x800011dc (0x5e71) x28 0xfffffffc
core   0: 0x800011de (0x00008732) c.mv    a4, a2
core   0: 3 0x800011de (0x8732) x14 0xfff052a8
core   0: 0x800011e0 (0x022d60b3) rem     ra, s10, sp
core   0: 3 0x800011e0 (0x022d60b3) x1  0x0000000a
core   0: 0x800011e4 (0x000068b5) c.lui   a7, 0xd
core   0: 3 0x800011e4 (0x68b5) x17 0x0000d000
core   0: 0x800011e6 (0x000053b5) c.li    t2, -19
core   0: 3 0x800011e6 (0x53b5) x7  0xffffffed
core   0: 0x800011e8 (0x98c4cc13) xori    s8, s1, -1652
core   0: 3 0x800011e8 (0x98c4cc13) x24 0xfffffe59
core   0: 0x800011ec (0x00004d29) c.li    s10, 10
core   0: 3 0x800011ec (0x4d29) x26 0x0000000a
core   0: 0x800011ee (0x026954b3) divu    s1, s2, t1
core   0: 3 0x800011ee (0x026954b3) x9  0xffffffff
core   0: 0x800011f2 (0x0378f933) remu    s2, a7, s7
core   0: 3 0x800011f2 (0x0378f933) x18 0x00000008
core   0: 0x800011f6 (0x00008e01) c.sub   a2, s0
core   0: 3 0x800011f6 (0x8e01) x12 0x7fedb5c4
core   0: 0x800011f8 (0x00001e65) c.addi  t3, -7
core   0: 3 0x800011f8 (0x1e65) x28 0xfffffff5
core   0: 0x800011fa (0x0000614d) c.addi16sp sp, 176
core   0: 3 0x800011fa (0x614d) x2  0x000004d5
core   0: 0x800011fc (0xe6ad8293) addi    t0, s11, -406
core   0: 3 0x800011fc (0xe6ad8293) x5  0xfffffe7e
core   0: 0x80001200 (0xfe7e57e3) bge     t3, t2, pc - 18
core   0: 3 0x80001200 (0xfe7e57e3)
core   0: 0x800011ee (0x026954b3) divu    s1, s2, t1
core   0: 3 0x800011ee (0x026954b3) x9  0xffffffff
core   0: 0x800011f2 (0x0378f933) remu    s2, a7, s7
core   0: 3 0x800011f2 (0x0378f933) x18 0x00000008
core   0: 0x800011f6 (0x00008e01) c.sub   a2, s0
core   0: 3 0x800011f6 (0x8e01) x12 0xffeb18e0
core   0: 0x800011f8 (0x00001e65) c.addi  t3, -7
core   0: 3 0x800011f8 (0x1e65) x28 0xffffffee
core   0: 0x800011fa (0x0000614d) c.addi16sp sp, 176
core   0: 3 0x800011fa (0x614d) x2  0x00000585
core   0: 0x800011fc (0xe6ad8293) addi    t0, s11, -406
core   0: 3 0x800011fc (0xe6ad8293) x5  0xfffffe7e
core   0: 0x80001200 (0xfe7e57e3) bge     t3, t2, pc - 18
core   0: 3 0x80001200 (0xfe7e57e3)
core   0: 0x800011ee (0x026954b3) divu    s1, s2, t1
core   0: 3 0x800011ee (0x026954b3) x9  0xffffffff
core   0: 0x800011f2 (0x0378f933) remu    s2, a7, s7
core   0: 3 0x800011f2 (0x0378f933) x18 0x00000008
core   0: 0x800011f6 (0x00008e01) c.sub   a2, s0
core   0: 3 0x800011f6 (0x8e01) x12 0x7fe87bfc
core   0: 0x800011f8 (0x00001e65) c.addi  t3, -7
core   0: 3 0x800011f8 (0x1e65) x28 0xffffffe7
core   0: 0x800011fa (0x0000614d) c.addi16sp sp, 176
core   0: 3 0x800011fa (0x614d) x2  0x00000635
core   0: 0x800011fc (0xe6ad8293) addi    t0, s11, -406
core   0: 3 0x800011fc (0xe6ad8293) x5  0xfffffe7e
core   0: 0x80001200 (0xfe7e57e3) bge     t3, t2, pc - 18
core   0: 3 0x80001200 (0xfe7e57e3)
core   0: 0x80001204 (0x78f54b13) xori    s6, a0, 1935
core   0: 3 0x80001204 (0x78f54b13) x22 0x000005aa
core   0: 0x80001208 (0x4974fa13) andi    s4, s1, 1175
core   0: 3 0x80001208 (0x4974fa13) x20 0x00000497
core   0: 0x8000120c (0xfde6d1e3) bge     a3, t5, pc - 62
core   0: 3 0x8000120c (0xfde6d1e3)
core   0: 0x800011ce (0x02ad6bb3) rem     s7, s10, a0
core   0: 3 0x800011ce (0x02ad6bb3) x23 0x0000000a
core   0: 0x800011d2 (0x00000eb9) c.addi  t4, 14
core   0: 3 0x800011d2 (0x0eb9) x29 0x80000018
core   0: 0x800011d4 (0x000016fd) c.addi  a3, -1
core   0: 3 0x800011d4 (0x16fd) x13 0xfffffffb
core   0: 0x800011d6 (0x00001f04) c.addi4spn s1, sp, 944
core   0: 3 0x800011d6 (0x1f04) x9  0x000009e5
core   0: 0x800011d8 (0x006ab2b3) sltu    t0, s5, t1
core   0: 3 0x800011d8 (0x006ab2b3) x5  0x00000000
core   0: 0x800011dc (0x00005e71) c.li    t3, -4
core   0: 3 0x800011dc (0x5e71) x28 0xfffffffc
core   0: 0x800011de (0x00008732) c.mv    a4, a2
core   0: 3 0x800011de (0x8732) x14 0x7fe87bfc
core   0: 0x800011e0 (0x022d60b3) rem     ra, s10, sp
core   0: 3 0x800011e0 (0x022d60b3) x1  0x0000000a
core   0: 0x800011e4 (0x000068b5) c.lui   a7, 0xd
core   0: 3 0x800011e4 (0x68b5) x17 0x0000d000
core   0: 0x800011e6 (0x000053b5) c.li    t2, -19
core   0: 3 0x800011e6 (0x53b5) x7  0xffffffed
core   0: 0x800011e8 (0x98c4cc13) xori    s8, s1, -1652
core   0: 3 0x800011e8 (0x98c4cc13) x24 0xfffff069
core   0: 0x800011ec (0x00004d29) c.li    s10, 10
core   0: 3 0x800011ec (0x4d29) x26 0x0000000a
core   0: 0x800011ee (0x026954b3) divu    s1, s2, t1
core   0: 3 0x800011ee (0x026954b3) x9  0xffffffff
core   0: 0x800011f2 (0x0378f933) remu    s2, a7, s7
core   0: 3 0x800011f2 (0x0378f933) x18 0x00000008
core   0: 0x800011f6 (0x00008e01) c.sub   a2, s0
core   0: 3 0x800011f6 (0x8e01) x12 0xffe5df18
core   0: 0x800011f8 (0x00001e65) c.addi  t3, -7
core   0: 3 0x800011f8 (0x1e65) x28 0xfffffff5
core   0: 0x800011fa (0x0000614d) c.addi16sp sp, 176
core   0: 3 0x800011fa (0x614d) x2  0x000006e5
core   0: 0x800011fc (0xe6ad8293) addi    t0, s11, -406
core   0: 3 0x800011fc (0xe6ad8293) x5  0xfffffe7e
core   0: 0x80001200 (0xfe7e57e3) bge     t3, t2, pc - 18
core   0: 3 0x80001200 (0xfe7e57e3)
core   0: 0x800011ee (0x026954b3) divu    s1, s2, t1
core   0: 3 0x800011ee (0x026954b3) x9  0xffffffff
core   0: 0x800011f2 (0x0378f933) remu    s2, a7, s7
core   0: 3 0x800011f2 (0x0378f933) x18 0x00000008
core   0: 0x800011f6 (0x00008e01) c.sub   a2, s0
core   0: 3 0x800011f6 (0x8e01) x12 0x7fe34234
core   0: 0x800011f8 (0x00001e65) c.addi  t3, -7
core   0: 3 0x800011f8 (0x1e65) x28 0xffffffee
core   0: 0x800011fa (0x0000614d) c.addi16sp sp, 176
core   0: 3 0x800011fa (0x614d) x2  0x00000795
core   0: 0x800011fc (0xe6ad8293) addi    t0, s11, -406
core   0: 3 0x800011fc (0xe6ad8293) x5  0xfffffe7e
core   0: 0x80001200 (0xfe7e57e3) bge     t3, t2, pc - 18
core   0: 3 0x80001200 (0xfe7e57e3)
core   0: 0x800011ee (0x026954b3) divu    s1, s2, t1
core   0: 3 0x800011ee (0x026954b3) x9  0xffffffff
core   0: 0x800011f2 (0x0378f933) remu    s2, a7, s7
core   0: 3 0x800011f2 (0x0378f933) x18 0x00000008
core   0: 0x800011f6 (0x00008e01) c.sub   a2, s0
core   0: 3 0x800011f6 (0x8e01) x12 0xffe0a550
core   0: 0x800011f8 (0x00001e65) c.addi  t3, -7
core   0: 3 0x800011f8 (0x1e65) x28 0xffffffe7
core   0: 0x800011fa (0x0000614d) c.addi16sp sp, 176
core   0: 3 0x800011fa (0x614d) x2  0x00000845
core   0: 0x800011fc (0xe6ad8293) addi    t0, s11, -406
core   0: 3 0x800011fc (0xe6ad8293) x5  0xfffffe7e
core   0: 0x80001200 (0xfe7e57e3) bge     t3, t2, pc - 18
core   0: 3 0x80001200 (0xfe7e57e3)
core   0: 0x80001204 (0x78f54b13) xori    s6, a0, 1935
core   0: 3 0x80001204 (0x78f54b13) x22 0x000005aa
core   0: 0x80001208 (0x4974fa13) andi    s4, s1, 1175
core   0: 3 0x80001208 (0x4974fa13) x20 0x00000497
core   0: 0x8000120c (0xfde6d1e3) bge     a3, t5, pc - 62
core   0: 3 0x8000120c (0xfde6d1e3)
core   0: 0x800011ce (0x02ad6bb3) rem     s7, s10, a0
core   0: 3 0x800011ce (0x02ad6bb3) x23 0x0000000a
core   0: 0x800011d2 (0x00000eb9) c.addi  t4, 14
core   0: 3 0x800011d2 (0x0eb9) x29 0x80000026
core   0: 0x800011d4 (0x000016fd) c.addi  a3, -1
core   0: 3 0x800011d4 (0x16fd) x13 0xfffffffa
core   0: 0x800011d6 (0x00001f04) c.addi4spn s1, sp, 944
core   0: 3 0x800011d6 (0x1f04) x9  0x00000bf5
core   0: 0x800011d8 (0x006ab2b3) sltu    t0, s5, t1
core   0: 3 0x800011d8 (0x006ab2b3) x5  0x00000000
core   0: 0x800011dc (0x00005e71) c.li    t3, -4
core   0: 3 0x800011dc (0x5e71) x28 0xfffffffc
core   0: 0x800011de (0x00008732) c.mv    a4, a2
core   0: 3 0x800011de (0x8732) x14 0xffe0a550
core   0: 0x800011e0 (0x022d60b3) rem     ra, s10, sp
core   0: 3 0x800011e0 (0x022d60b3) x1  0x0000000a
core   0: 0x800011e4 (0x000068b5) c.lui   a7, 0xd
core   0: 3 0x800011e4 (0x68b5) x17 0x0000d000
core   0: 0x800011e6 (0x000053b5) c.li    t2, -19
core   0: 3 0x800011e6 (0x53b5) x7  0xffffffed
core   0: 0x800011e8 (0x98c4cc13) xori    s8, s1, -1652
core   0: 3 0x800011e8 (0x98c4cc13) x24 0xfffff279
core   0: 0x800011ec (0x00004d29) c.li    s10, 10
core   0: 3 0x800011ec (0x4d29) x26 0x0000000a
core   0: 0x800011ee (0x026954b3) divu    s1, s2, t1
core   0: 3 0x800011ee (0x026954b3) x9  0xffffffff
core   0: 0x800011f2 (0x0378f933) remu    s2, a7, s7
core   0: 3 0x800011f2 (0x0378f933) x18 0x00000008
core   0: 0x800011f6 (0x00008e01) c.sub   a2, s0
core   0: 3 0x800011f6 (0x8e01) x12 0x7fde086c
core   0: 0x800011f8 (0x00001e65) c.addi  t3, -7
core   0: 3 0x800011f8 (0x1e65) x28 0xfffffff5
core   0: 0x800011fa (0x0000614d) c.addi16sp sp, 176
core   0: 3 0x800011fa (0x614d) x2  0x000008f5
core   0: 0x800011fc (0xe6ad8293) addi    t0, s11, -406
core   0: 3 0x800011fc (0xe6ad8293) x5  0xfffffe7e
core   0: 0x80001200 (0xfe7e57e3) bge     t3, t2, pc - 18
core   0: 3 0x80001200 (0xfe7e57e3)
core   0: 0x800011ee (0x026954b3) divu    s1, s2, t1
core   0: 3 0x800011ee (0x026954b3) x9  0xffffffff
core   0: 0x800011f2 (0x0378f933) remu    s2, a7, s7
core   0: 3 0x800011f2 (0x0378f933) x18 0x00000008
core   0: 0x800011f6 (0x00008e01) c.sub   a2, s0
core   0: 3 0x800011f6 (0x8e01) x12 0xffdb6b88
core   0: 0x800011f8 (0x00001e65) c.addi  t3, -7
core   0: 3 0x800011f8 (0x1e65) x28 0xffffffee
core   0: 0x800011fa (0x0000614d) c.addi16sp sp, 176
core   0: 3 0x800011fa (0x614d) x2  0x000009a5
core   0: 0x800011fc (0xe6ad8293) addi    t0, s11, -406
core   0: 3 0x800011fc (0xe6ad8293) x5  0xfffffe7e
core   0: 0x80001200 (0xfe7e57e3) bge     t3, t2, pc - 18
core   0: 3 0x80001200 (0xfe7e57e3)
core   0: 0x800011ee (0x026954b3) divu    s1, s2, t1
core   0: 3 0x800011ee (0x026954b3) x9  0xffffffff
core   0: 0x800011f2 (0x0378f933) remu    s2, a7, s7
core   0: 3 0x800011f2 (0x0378f933) x18 0x00000008
core   0: 0x800011f6 (0x00008e01) c.sub   a2, s0
core   0: 3 0x800011f6 (0x8e01) x12 0x7fd8cea4
core   0: 0x800011f8 (0x00001e65) c.addi  t3, -7
core   0: 3 0x800011f8 (0x1e65) x28 0xffffffe7
core   0: 0x800011fa (0x0000614d) c.addi16sp sp, 176
core   0: 3 0x800011fa (0x614d) x2  0x00000a55
core   0: 0x800011fc (0xe6ad8293) addi    t0, s11, -406
core   0: 3 0x800011fc (0xe6ad8293) x5  0xfffffe7e
core   0: 0x80001200 (0xfe7e57e3) bge     t3, t2, pc - 18
core   0: 3 0x80001200 (0xfe7e57e3)
core   0: 0x80001204 (0x78f54b13) xori    s6, a0, 1935
core   0: 3 0x80001204 (0x78f54b13) x22 0x000005aa
core   0: 0x80001208 (0x4974fa13) andi    s4, s1, 1175
core   0: 3 0x80001208 (0x4974fa13) x20 0x00000497
core   0: 0x8000120c (0xfde6d1e3) bge     a3, t5, pc - 62
core   0: 3 0x8000120c (0xfde6d1e3)
core   0: 0x800011ce (0x02ad6bb3) rem     s7, s10, a0
core   0: 3 0x800011ce (0x02ad6bb3) x23 0x0000000a
core   0: 0x800011d2 (0x00000eb9) c.addi  t4, 14
core   0: 3 0x800011d2 (0x0eb9) x29 0x80000034
core   0: 0x800011d4 (0x000016fd) c.addi  a3, -1
core   0: 3 0x800011d4 (0x16fd) x13 0xfffffff9
core   0: 0x800011d6 (0x00001f04) c.addi4spn s1, sp, 944
core   0: 3 0x800011d6 (0x1f04) x9  0x00000e05
core   0: 0x800011d8 (0x006ab2b3) sltu    t0, s5, t1
core   0: 3 0x800011d8 (0x006ab2b3) x5  0x00000000
core   0: 0x800011dc (0x00005e71) c.li    t3, -4
core   0: 3 0x800011dc (0x5e71) x28 0xfffffffc
core   0: 0x800011de (0x00008732) c.mv    a4, a2
core   0: 3 0x800011de (0x8732) x14 0x7fd8cea4
core   0: 0x800011e0 (0x022d60b3) rem     ra, s10, sp
core   0: 3 0x800011e0 (0x022d60b3) x1  0x0000000a
core   0: 0x800011e4 (0x000068b5) c.lui   a7, 0xd
core   0: 3 0x800011e4 (0x68b5) x17 0x0000d000
core   0: 0x800011e6 (0x000053b5) c.li    t2, -19
core   0: 3 0x800011e6 (0x53b5) x7  0xffffffed
core   0: 0x800011e8 (0x98c4cc13) xori    s8, s1, -1652
core   0: 3 0x800011e8 (0x98c4cc13) x24 0xfffff789
core   0: 0x800011ec (0x00004d29) c.li    s10, 10
core   0: 3 0x800011ec (0x4d29) x26 0x0000000a
core   0: 0x800011ee (0x026954b3) divu    s1, s2, t1
core   0: 3 0x800011ee (0x026954b3) x9  0xffffffff
core   0: 0x800011f2 (0x0378f933) remu    s2, a7, s7
core   0: 3 0x800011f2 (0x0378f933) x18 0x00000008
core   0: 0x800011f6 (0x00008e01) c.sub   a2, s0
core   0: 3 0x800011f6 (0x8e01) x12 0xffd631c0
core   0: 0x800011f8 (0x00001e65) c.addi  t3, -7
core   0: 3 0x800011f8 (0x1e65) x28 0xfffffff5
core   0: 0x800011fa (0x0000614d) c.addi16sp sp, 176
core   0: 3 0x800011fa (0x614d) x2  0x00000b05
core   0: 0x800011fc (0xe6ad8293) addi    t0, s11, -406
core   0: 3 0x800011fc (0xe6ad8293) x5  0xfffffe7e
core   0: 0x80001200 (0xfe7e57e3) bge     t3, t2, pc - 18
core   0: 3 0x80001200 (0xfe7e57e3)
core   0: 0x800011ee (0x026954b3) divu    s1, s2, t1
core   0: 3 0x800011ee (0x026954b3) x9  0xffffffff
core   0: 0x800011f2 (0x0378f933) remu    s2, a7, s7
core   0: 3 0x800011f2 (0x0378f933) x18 0x00000008
core   0: 0x800011f6 (0x00008e01) c.sub   a2, s0
core   0: 3 0x800011f6 (0x8e01) x12 0x7fd394dc
core   0: 0x800011f8 (0x00001e65) c.addi  t3, -7
core   0: 3 0x800011f8 (0x1e65) x28 0xffffffee
core   0: 0x800011fa (0x0000614d) c.addi16sp sp, 176
core   0: 3 0x800011fa (0x614d) x2  0x00000bb5
core   0: 0x800011fc (0xe6ad8293) addi    t0, s11, -406
core   0: 3 0x800011fc (0xe6ad8293) x5  0xfffffe7e
core   0: 0x80001200 (0xfe7e57e3) bge     t3, t2, pc - 18
core   0: 3 0x80001200 (0xfe7e57e3)
core   0: 0x800011ee (0x026954b3) divu    s1, s2, t1
core   0: 3 0x800011ee (0x026954b3) x9  0xffffffff
core   0: 0x800011f2 (0x0378f933) remu    s2, a7, s7
core   0: 3 0x800011f2 (0x0378f933) x18 0x00000008
core   0: 0x800011f6 (0x00008e01) c.sub   a2, s0
core   0: 3 0x800011f6 (0x8e01) x12 0xffd0f7f8
core   0: 0x800011f8 (0x00001e65) c.addi  t3, -7
core   0: 3 0x800011f8 (0x1e65) x28 0xffffffe7
core   0: 0x800011fa (0x0000614d) c.addi16sp sp, 176
core   0: 3 0x800011fa (0x614d) x2  0x00000c65
core   0: 0x800011fc (0xe6ad8293) addi    t0, s11, -406
core   0: 3 0x800011fc (0xe6ad8293) x5  0xfffffe7e
core   0: 0x80001200 (0xfe7e57e3) bge     t3, t2, pc - 18
core   0: 3 0x80001200 (0xfe7e57e3)
core   0: 0x80001204 (0x78f54b13) xori    s6, a0, 1935
core   0: 3 0x80001204 (0x78f54b13) x22 0x000005aa
core   0: 0x80001208 (0x4974fa13) andi    s4, s1, 1175
core   0: 3 0x80001208 (0x4974fa13) x20 0x00000497
core   0: 0x8000120c (0xfde6d1e3) bge     a3, t5, pc - 62
core   0: 3 0x8000120c (0xfde6d1e3)
core   0: 0x800011ce (0x02ad6bb3) rem     s7, s10, a0
core   0: 3 0x800011ce (0x02ad6bb3) x23 0x0000000a
core   0: 0x800011d2 (0x00000eb9) c.addi  t4, 14
core   0: 3 0x800011d2 (0x0eb9) x29 0x80000042
core   0: 0x800011d4 (0x000016fd) c.addi  a3, -1
core   0: 3 0x800011d4 (0x16fd) x13 0xfffffff8
core   0: 0x800011d6 (0x00001f04) c.addi4spn s1, sp, 944
core   0: 3 0x800011d6 (0x1f04) x9  0x00001015
core   0: 0x800011d8 (0x006ab2b3) sltu    t0, s5, t1
core   0: 3 0x800011d8 (0x006ab2b3) x5  0x00000000
core   0: 0x800011dc (0x00005e71) c.li    t3, -4
core   0: 3 0x800011dc (0x5e71) x28 0xfffffffc
core   0: 0x800011de (0x00008732) c.mv    a4, a2
core   0: 3 0x800011de (0x8732) x14 0xffd0f7f8
core   0: 0x800011e0 (0x022d60b3) rem     ra, s10, sp
core   0: 3 0x800011e0 (0x022d60b3) x1  0x0000000a
core   0: 0x800011e4 (0x000068b5) c.lui   a7, 0xd
core   0: 3 0x800011e4 (0x68b5) x17 0x0000d000
core   0: 0x800011e6 (0x000053b5) c.li    t2, -19
core   0: 3 0x800011e6 (0x53b5) x7  0xffffffed
core   0: 0x800011e8 (0x98c4cc13) xori    s8, s1, -1652
core   0: 3 0x800011e8 (0x98c4cc13) x24 0xffffe999
core   0: 0x800011ec (0x00004d29) c.li    s10, 10
core   0: 3 0x800011ec (0x4d29) x26 0x0000000a
core   0: 0x800011ee (0x026954b3) divu    s1, s2, t1
core   0: 3 0x800011ee (0x026954b3) x9  0xffffffff
core   0: 0x800011f2 (0x0378f933) remu    s2, a7, s7
core   0: 3 0x800011f2 (0x0378f933) x18 0x00000008
core   0: 0x800011f6 (0x00008e01) c.sub   a2, s0
core   0: 3 0x800011f6 (0x8e01) x12 0x7fce5b14
core   0: 0x800011f8 (0x00001e65) c.addi  t3, -7
core   0: 3 0x800011f8 (0x1e65) x28 0xfffffff5
core   0: 0x800011fa (0x0000614d) c.addi16sp sp, 176
core   0: 3 0x800011fa (0x614d) x2  0x00000d15
core   0: 0x800011fc (0xe6ad8293) addi    t0, s11, -406
core   0: 3 0x800011fc (0xe6ad8293) x5  0xfffffe7e
core   0: 0x80001200 (0xfe7e57e3) bge     t3, t2, pc - 18
core   0: 3 0x80001200 (0xfe7e57e3)
core   0: 0x800011ee (0x026954b3) divu    s1, s2, t1
core   0: 3 0x800011ee (0x026954b3) x9  0xffffffff
core   0: 0x800011f2 (0x0378f933) remu    s2, a7, s7
core   0: 3 0x800011f2 (0x0378f933) x18 0x00000008
core   0: 0x800011f6 (0x00008e01) c.sub   a2, s0
core   0: 3 0x800011f6 (0x8e01) x12 0xffcbbe30
core   0: 0x800011f8 (0x00001e65) c.addi  t3, -7
core   0: 3 0x800011f8 (0x1e65) x28 0xffffffee
core   0: 0x800011fa (0x0000614d) c.addi16sp sp, 176
core   0: 3 0x800011fa (0x614d) x2  0x00000dc5
core   0: 0x800011fc (0xe6ad8293) addi    t0, s11, -406
core   0: 3 0x800011fc (0xe6ad8293) x5  0xfffffe7e
core   0: 0x80001200 (0xfe7e57e3) bge     t3, t2, pc - 18
core   0: 3 0x80001200 (0xfe7e57e3)
core   0: 0x800011ee (0x026954b3) divu    s1, s2, t1
core   0: 3 0x800011ee (0x026954b3) x9  0xffffffff
core   0: 0x800011f2 (0x0378f933) remu    s2, a7, s7
core   0: 3 0x800011f2 (0x0378f933) x18 0x00000008
core   0: 0x800011f6 (0x00008e01) c.sub   a2, s0
core   0: 3 0x800011f6 (0x8e01) x12 0x7fc9214c
core   0: 0x800011f8 (0x00001e65) c.addi  t3, -7
core   0: 3 0x800011f8 (0x1e65) x28 0xffffffe7
core   0: 0x800011fa (0x0000614d) c.addi16sp sp, 176
core   0: 3 0x800011fa (0x614d) x2  0x00000e75
core   0: 0x800011fc (0xe6ad8293) addi    t0, s11, -406
core   0: 3 0x800011fc (0xe6ad8293) x5  0xfffffe7e
core   0: 0x80001200 (0xfe7e57e3) bge     t3, t2, pc - 18
core   0: 3 0x80001200 (0xfe7e57e3)
core   0: 0x80001204 (0x78f54b13) xori    s6, a0, 1935
core   0: 3 0x80001204 (0x78f54b13) x22 0x000005aa
core   0: 0x80001208 (0x4974fa13) andi    s4, s1, 1175
core   0: 3 0x80001208 (0x4974fa13) x20 0x00000497
core   0: 0x8000120c (0xfde6d1e3) bge     a3, t5, pc - 62
core   0: 3 0x8000120c (0xfde6d1e3)
core   0: 0x800011ce (0x02ad6bb3) rem     s7, s10, a0
core   0: 3 0x800011ce (0x02ad6bb3) x23 0x0000000a
core   0: 0x800011d2 (0x00000eb9) c.addi  t4, 14
core   0: 3 0x800011d2 (0x0eb9) x29 0x80000050
core   0: 0x800011d4 (0x000016fd) c.addi  a3, -1
core   0: 3 0x800011d4 (0x16fd) x13 0xfffffff7
core   0: 0x800011d6 (0x00001f04) c.addi4spn s1, sp, 944
core   0: 3 0x800011d6 (0x1f04) x9  0x00001225
core   0: 0x800011d8 (0x006ab2b3) sltu    t0, s5, t1
core   0: 3 0x800011d8 (0x006ab2b3) x5  0x00000000
core   0: 0x800011dc (0x00005e71) c.li    t3, -4
core   0: 3 0x800011dc (0x5e71) x28 0xfffffffc
core   0: 0x800011de (0x00008732) c.mv    a4, a2
core   0: 3 0x800011de (0x8732) x14 0x7fc9214c
core   0: 0x800011e0 (0x022d60b3) rem     ra, s10, sp
core   0: 3 0x800011e0 (0x022d60b3) x1  0x0000000a
core   0: 0x800011e4 (0x000068b5) c.lui   a7, 0xd
core   0: 3 0x800011e4 (0x68b5) x17 0x0000d000
core   0: 0x800011e6 (0x000053b5) c.li    t2, -19
core   0: 3 0x800011e6 (0x53b5) x7  0xffffffed
core   0: 0x800011e8 (0x98c4cc13) xori    s8, s1, -1652
core   0: 3 0x800011e8 (0x98c4cc13) x24 0xffffeba9
core   0: 0x800011ec (0x00004d29) c.li    s10, 10
core   0: 3 0x800011ec (0x4d29) x26 0x0000000a
core   0: 0x800011ee (0x026954b3) divu    s1, s2, t1
core   0: 3 0x800011ee (0x026954b3) x9  0xffffffff
core   0: 0x800011f2 (0x0378f933) remu    s2, a7, s7
core   0: 3 0x800011f2 (0x0378f933) x18 0x00000008
core   0: 0x800011f6 (0x00008e01) c.sub   a2, s0
core   0: 3 0x800011f6 (0x8e01) x12 0xffc68468
core   0: 0x800011f8 (0x00001e65) c.addi  t3, -7
core   0: 3 0x800011f8 (0x1e65) x28 0xfffffff5
core   0: 0x800011fa (0x0000614d) c.addi16sp sp, 176
core   0: 3 0x800011fa (0x614d) x2  0x00000f25
core   0: 0x800011fc (0xe6ad8293) addi    t0, s11, -406
core   0: 3 0x800011fc (0xe6ad8293) x5  0xfffffe7e
core   0: 0x80001200 (0xfe7e57e3) bge     t3, t2, pc - 18
core   0: 3 0x80001200 (0xfe7e57e3)
core   0: 0x800011ee (0x026954b3) divu    s1, s2, t1
core   0: 3 0x800011ee (0x026954b3) x9  0xffffffff
core   0: 0x800011f2 (0x0378f933) remu    s2, a7, s7
core   0: 3 0x800011f2 (0x0378f933) x18 0x00000008
core   0: 0x800011f6 (0x00008e01) c.sub   a2, s0
core   0: 3 0x800011f6 (0x8e01) x12 0x7fc3e784
core   0: 0x800011f8 (0x00001e65) c.addi  t3, -7
core   0: 3 0x800011f8 (0x1e65) x28 0xffffffee
core   0: 0x800011fa (0x0000614d) c.addi16sp sp, 176
core   0: 3 0x800011fa (0x614d) x2  0x00000fd5
core   0: 0x800011fc (0xe6ad8293) addi    t0, s11, -406
core   0: 3 0x800011fc (0xe6ad8293) x5  0xfffffe7e
core   0: 0x80001200 (0xfe7e57e3) bge     t3, t2, pc - 18
core   0: 3 0x80001200 (0xfe7e57e3)
core   0: 0x800011ee (0x026954b3) divu    s1, s2, t1
core   0: 3 0x800011ee (0x026954b3) x9  0xffffffff
core   0: 0x800011f2 (0x0378f933) remu    s2, a7, s7
core   0: 3 0x800011f2 (0x0378f933) x18 0x00000008
core   0: 0x800011f6 (0x00008e01) c.sub   a2, s0
core   0: 3 0x800011f6 (0x8e01) x12 0xffc14aa0
core   0: 0x800011f8 (0x00001e65) c.addi  t3, -7
core   0: 3 0x800011f8 (0x1e65) x28 0xffffffe7
core   0: 0x800011fa (0x0000614d) c.addi16sp sp, 176
core   0: 3 0x800011fa (0x614d) x2  0x00001085
core   0: 0x800011fc (0xe6ad8293) addi    t0, s11, -406
core   0: 3 0x800011fc (0xe6ad8293) x5  0xfffffe7e
core   0: 0x80001200 (0xfe7e57e3) bge     t3, t2, pc - 18
core   0: 3 0x80001200 (0xfe7e57e3)
core   0: 0x80001204 (0x78f54b13) xori    s6, a0, 1935
core   0: 3 0x80001204 (0x78f54b13) x22 0x000005aa
core   0: 0x80001208 (0x4974fa13) andi    s4, s1, 1175
core   0: 3 0x80001208 (0x4974fa13) x20 0x00000497
core   0: 0x8000120c (0xfde6d1e3) bge     a3, t5, pc - 62
core   0: 3 0x8000120c (0xfde6d1e3)
core   0: 0x800011ce (0x02ad6bb3) rem     s7, s10, a0
core   0: 3 0x800011ce (0x02ad6bb3) x23 0x0000000a
core   0: 0x800011d2 (0x00000eb9) c.addi  t4, 14
core   0: 3 0x800011d2 (0x0eb9) x29 0x8000005e
core   0: 0x800011d4 (0x000016fd) c.addi  a3, -1
core   0: 3 0x800011d4 (0x16fd) x13 0xfffffff6
core   0: 0x800011d6 (0x00001f04) c.addi4spn s1, sp, 944
core   0: 3 0x800011d6 (0x1f04) x9  0x00001435
core   0: 0x800011d8 (0x006ab2b3) sltu    t0, s5, t1
core   0: 3 0x800011d8 (0x006ab2b3) x5  0x00000000
core   0: 0x800011dc (0x00005e71) c.li    t3, -4
core   0: 3 0x800011dc (0x5e71) x28 0xfffffffc
core   0: 0x800011de (0x00008732) c.mv    a4, a2
core   0: 3 0x800011de (0x8732) x14 0xffc14aa0
core   0: 0x800011e0 (0x022d60b3) rem     ra, s10, sp
core   0: 3 0x800011e0 (0x022d60b3) x1  0x0000000a
core   0: 0x800011e4 (0x000068b5) c.lui   a7, 0xd
core   0: 3 0x800011e4 (0x68b5) x17 0x0000d000
core   0: 0x800011e6 (0x000053b5) c.li    t2, -19
core   0: 3 0x800011e6 (0x53b5) x7  0xffffffed
core   0: 0x800011e8 (0x98c4cc13) xori    s8, s1, -1652
core   0: 3 0x800011e8 (0x98c4cc13) x24 0xffffedb9
core   0: 0x800011ec (0x00004d29) c.li    s10, 10
core   0: 3 0x800011ec (0x4d29) x26 0x0000000a
core   0: 0x800011ee (0x026954b3) divu    s1, s2, t1
core   0: 3 0x800011ee (0x026954b3) x9  0xffffffff
core   0: 0x800011f2 (0x0378f933) remu    s2, a7, s7
core   0: 3 0x800011f2 (0x0378f933) x18 0x00000008
core   0: 0x800011f6 (0x00008e01) c.sub   a2, s0
core   0: 3 0x800011f6 (0x8e01) x12 0x7fbeadbc
core   0: 0x800011f8 (0x00001e65) c.addi  t3, -7
core   0: 3 0x800011f8 (0x1e65) x28 0xfffffff5
core   0: 0x800011fa (0x0000614d) c.addi16sp sp, 176
core   0: 3 0x800011fa (0x614d) x2  0x00001135
core   0: 0x800011fc (0xe6ad8293) addi    t0, s11, -406
core   0: 3 0x800011fc (0xe6ad8293) x5  0xfffffe7e
core   0: 0x80001200 (0xfe7e57e3) bge     t3, t2, pc - 18
core   0: 3 0x80001200 (0xfe7e57e3)
core   0: 0x800011ee (0x026954b3) divu    s1, s2, t1
core   0: 3 0x800011ee (0x026954b3) x9  0xffffffff
core   0: 0x800011f2 (0x0378f933) remu    s2, a7, s7
core   0: 3 0x800011f2 (0x0378f933) x18 0x00000008
core   0: 0x800011f6 (0x00008e01) c.sub   a2, s0
core   0: 3 0x800011f6 (0x8e01) x12 0xffbc10d8
core   0: 0x800011f8 (0x00001e65) c.addi  t3, -7
core   0: 3 0x800011f8 (0x1e65) x28 0xffffffee
core   0: 0x800011fa (0x0000614d) c.addi16sp sp, 176
core   0: 3 0x800011fa (0x614d) x2  0x000011e5
core   0: 0x800011fc (0xe6ad8293) addi    t0, s11, -406
core   0: 3 0x800011fc (0xe6ad8293) x5  0xfffffe7e
core   0: 0x80001200 (0xfe7e57e3) bge     t3, t2, pc - 18
core   0: 3 0x80001200 (0xfe7e57e3)
core   0: 0x800011ee (0x026954b3) divu    s1, s2, t1
core   0: 3 0x800011ee (0x026954b3) x9  0xffffffff
core   0: 0x800011f2 (0x0378f933) remu    s2, a7, s7
core   0: 3 0x800011f2 (0x0378f933) x18 0x00000008
core   0: 0x800011f6 (0x00008e01) c.sub   a2, s0
core   0: 3 0x800011f6 (0x8e01) x12 0x7fb973f4
core   0: 0x800011f8 (0x00001e65) c.addi  t3, -7
core   0: 3 0x800011f8 (0x1e65) x28 0xffffffe7
core   0: 0x800011fa (0x0000614d) c.addi16sp sp, 176
core   0: 3 0x800011fa (0x614d) x2  0x00001295
core   0: 0x800011fc (0xe6ad8293) addi    t0, s11, -406
core   0: 3 0x800011fc (0xe6ad8293) x5  0xfffffe7e
core   0: 0x80001200 (0xfe7e57e3) bge     t3, t2, pc - 18
core   0: 3 0x80001200 (0xfe7e57e3)
core   0: 0x80001204 (0x78f54b13) xori    s6, a0, 1935
core   0: 3 0x80001204 (0x78f54b13) x22 0x000005aa
core   0: 0x80001208 (0x4974fa13) andi    s4, s1, 1175
core   0: 3 0x80001208 (0x4974fa13) x20 0x00000497
core   0: 0x8000120c (0xfde6d1e3) bge     a3, t5, pc - 62
core   0: 3 0x8000120c (0xfde6d1e3)
core   0: 0x800011ce (0x02ad6bb3) rem     s7, s10, a0
core   0: 3 0x800011ce (0x02ad6bb3) x23 0x0000000a
core   0: 0x800011d2 (0x00000eb9) c.addi  t4, 14
core   0: 3 0x800011d2 (0x0eb9) x29 0x8000006c
core   0: 0x800011d4 (0x000016fd) c.addi  a3, -1
core   0: 3 0x800011d4 (0x16fd) x13 0xfffffff5
core   0: 0x800011d6 (0x00001f04) c.addi4spn s1, sp, 944
core   0: 3 0x800011d6 (0x1f04) x9  0x00001645
core   0: 0x800011d8 (0x006ab2b3) sltu    t0, s5, t1
core   0: 3 0x800011d8 (0x006ab2b3) x5  0x00000000
core   0: 0x800011dc (0x00005e71) c.li    t3, -4
core   0: 3 0x800011dc (0x5e71) x28 0xfffffffc
core   0: 0x800011de (0x00008732) c.mv    a4, a2
core   0: 3 0x800011de (0x8732) x14 0x7fb973f4
core   0: 0x800011e0 (0x022d60b3) rem     ra, s10, sp
core   0: 3 0x800011e0 (0x022d60b3) x1  0x0000000a
core   0: 0x800011e4 (0x000068b5) c.lui   a7, 0xd
core   0: 3 0x800011e4 (0x68b5) x17 0x0000d000
core   0: 0x800011e6 (0x000053b5) c.li    t2, -19
core   0: 3 0x800011e6 (0x53b5) x7  0xffffffed
core   0: 0x800011e8 (0x98c4cc13) xori    s8, s1, -1652
core   0: 3 0x800011e8 (0x98c4cc13) x24 0xffffefc9
core   0: 0x800011ec (0x00004d29) c.li    s10, 10
core   0: 3 0x800011ec (0x4d29) x26 0x0000000a
core   0: 0x800011ee (0x026954b3) divu    s1, s2, t1
core   0: 3 0x800011ee (0x026954b3) x9  0xffffffff
core   0: 0x800011f2 (0x0378f933) remu    s2, a7, s7
core   0: 3 0x800011f2 (0x0378f933) x18 0x00000008
core   0: 0x800011f6 (0x00008e01) c.sub   a2, s0
core   0: 3 0x800011f6 (0x8e01) x12 0xffb6d710
core   0: 0x800011f8 (0x00001e65) c.addi  t3, -7
core   0: 3 0x800011f8 (0x1e65) x28 0xfffffff5
core   0: 0x800011fa (0x0000614d) c.addi16sp sp, 176
core   0: 3 0x800011fa (0x614d) x2  0x00001345
core   0: 0x800011fc (0xe6ad8293) addi    t0, s11, -406
core   0: 3 0x800011fc (0xe6ad8293) x5  0xfffffe7e
core   0: 0x80001200 (0xfe7e57e3) bge     t3, t2, pc - 18
core   0: 3 0x80001200 (0xfe7e57e3)
core   0: 0x800011ee (0x026954b3) divu    s1, s2, t1
core   0: 3 0x800011ee (0x026954b3) x9  0xffffffff
core   0: 0x800011f2 (0x0378f933) remu    s2, a7, s7
core   0: 3 0x800011f2 (0x0378f933) x18 0x00000008
core   0: 0x800011f6 (0x00008e01) c.sub   a2, s0
core   0: 3 0x800011f6 (0x8e01) x12 0x7fb43a2c
core   0: 0x800011f8 (0x00001e65) c.addi  t3, -7
core   0: 3 0x800011f8 (0x1e65) x28 0xffffffee
core   0: 0x800011fa (0x0000614d) c.addi16sp sp, 176
core   0: 3 0x800011fa (0x614d) x2  0x000013f5
core   0: 0x800011fc (0xe6ad8293) addi    t0, s11, -406
core   0: 3 0x800011fc (0xe6ad8293) x5  0xfffffe7e
core   0: 0x80001200 (0xfe7e57e3) bge     t3, t2, pc - 18
core   0: 3 0x80001200 (0xfe7e57e3)
core   0: 0x800011ee (0x026954b3) divu    s1, s2, t1
core   0: 3 0x800011ee (0x026954b3) x9  0xffffffff
core   0: 0x800011f2 (0x0378f933) remu    s2, a7, s7
core   0: 3 0x800011f2 (0x0378f933) x18 0x00000008
core   0: 0x800011f6 (0x00008e01) c.sub   a2, s0
core   0: 3 0x800011f6 (0x8e01) x12 0xffb19d48
core   0: 0x800011f8 (0x00001e65) c.addi  t3, -7
core   0: 3 0x800011f8 (0x1e65) x28 0xffffffe7
core   0: 0x800011fa (0x0000614d) c.addi16sp sp, 176
core   0: 3 0x800011fa (0x614d) x2  0x000014a5
core   0: 0x800011fc (0xe6ad8293) addi    t0, s11, -406
core   0: 3 0x800011fc (0xe6ad8293) x5  0xfffffe7e
core   0: 0x80001200 (0xfe7e57e3) bge     t3, t2, pc - 18
core   0: 3 0x80001200 (0xfe7e57e3)
core   0: 0x80001204 (0x78f54b13) xori    s6, a0, 1935
core   0: 3 0x80001204 (0x78f54b13) x22 0x000005aa
core   0: 0x80001208 (0x4974fa13) andi    s4, s1, 1175
core   0: 3 0x80001208 (0x4974fa13) x20 0x00000497
core   0: 0x8000120c (0xfde6d1e3) bge     a3, t5, pc - 62
core   0: 3 0x8000120c (0xfde6d1e3)
core   0: 0x800011ce (0x02ad6bb3) rem     s7, s10, a0
core   0: 3 0x800011ce (0x02ad6bb3) x23 0x0000000a
core   0: 0x800011d2 (0x00000eb9) c.addi  t4, 14
core   0: 3 0x800011d2 (0x0eb9) x29 0x8000007a
core   0: 0x800011d4 (0x000016fd) c.addi  a3, -1
core   0: 3 0x800011d4 (0x16fd) x13 0xfffffff4
core   0: 0x800011d6 (0x00001f04) c.addi4spn s1, sp, 944
core   0: 3 0x800011d6 (0x1f04) x9  0x00001855
core   0: 0x800011d8 (0x006ab2b3) sltu    t0, s5, t1
core   0: 3 0x800011d8 (0x006ab2b3) x5  0x00000000
core   0: 0x800011dc (0x00005e71) c.li    t3, -4
core   0: 3 0x800011dc (0x5e71) x28 0xfffffffc
core   0: 0x800011de (0x00008732) c.mv    a4, a2
core   0: 3 0x800011de (0x8732) x14 0xffb19d48
core   0: 0x800011e0 (0x022d60b3) rem     ra, s10, sp
core   0: 3 0x800011e0 (0x022d60b3) x1  0x0000000a
core   0: 0x800011e4 (0x000068b5) c.lui   a7, 0xd
core   0: 3 0x800011e4 (0x68b5) x17 0x0000d000
core   0: 0x800011e6 (0x000053b5) c.li    t2, -19
core   0: 3 0x800011e6 (0x53b5) x7  0xffffffed
core   0: 0x800011e8 (0x98c4cc13) xori    s8, s1, -1652
core   0: 3 0x800011e8 (0x98c4cc13) x24 0xffffe1d9
core   0: 0x800011ec (0x00004d29) c.li    s10, 10
core   0: 3 0x800011ec (0x4d29) x26 0x0000000a
core   0: 0x800011ee (0x026954b3) divu    s1, s2, t1
core   0: 3 0x800011ee (0x026954b3) x9  0xffffffff
core   0: 0x800011f2 (0x0378f933) remu    s2, a7, s7
core   0: 3 0x800011f2 (0x0378f933) x18 0x00000008
core   0: 0x800011f6 (0x00008e01) c.sub   a2, s0
core   0: 3 0x800011f6 (0x8e01) x12 0x7faf0064
core   0: 0x800011f8 (0x00001e65) c.addi  t3, -7
core   0: 3 0x800011f8 (0x1e65) x28 0xfffffff5
core   0: 0x800011fa (0x0000614d) c.addi16sp sp, 176
core   0: 3 0x800011fa (0x614d) x2  0x00001555
core   0: 0x800011fc (0xe6ad8293) addi    t0, s11, -406
core   0: 3 0x800011fc (0xe6ad8293) x5  0xfffffe7e
core   0: 0x80001200 (0xfe7e57e3) bge     t3, t2, pc - 18
core   0: 3 0x80001200 (0xfe7e57e3)
core   0: 0x800011ee (0x026954b3) divu    s1, s2, t1
core   0: 3 0x800011ee (0x026954b3) x9  0xffffffff
core   0: 0x800011f2 (0x0378f933) remu    s2, a7, s7
core   0: 3 0x800011f2 (0x0378f933) x18 0x00000008
core   0: 0x800011f6 (0x00008e01) c.sub   a2, s0
core   0: 3 0x800011f6 (0x8e01) x12 0xffac6380
core   0: 0x800011f8 (0x00001e65) c.addi  t3, -7
core   0: 3 0x800011f8 (0x1e65) x28 0xffffffee
core   0: 0x800011fa (0x0000614d) c.addi16sp sp, 176
core   0: 3 0x800011fa (0x614d) x2  0x00001605
core   0: 0x800011fc (0xe6ad8293) addi    t0, s11, -406
core   0: 3 0x800011fc (0xe6ad8293) x5  0xfffffe7e
core   0: 0x80001200 (0xfe7e57e3) bge     t3, t2, pc - 18
core   0: 3 0x80001200 (0xfe7e57e3)
core   0: 0x800011ee (0x026954b3) divu    s1, s2, t1
core   0: 3 0x800011ee (0x026954b3) x9  0xffffffff
core   0: 0x800011f2 (0x0378f933) remu    s2, a7, s7
core   0: 3 0x800011f2 (0x0378f933) x18 0x00000008
core   0: 0x800011f6 (0x00008e01) c.sub   a2, s0
core   0: 3 0x800011f6 (0x8e01) x12 0x7fa9c69c
core   0: 0x800011f8 (0x00001e65) c.addi  t3, -7
core   0: 3 0x800011f8 (0x1e65) x28 0xffffffe7
core   0: 0x800011fa (0x0000614d) c.addi16sp sp, 176
core   0: 3 0x800011fa (0x614d) x2  0x000016b5
core   0: 0x800011fc (0xe6ad8293) addi    t0, s11, -406
core   0: 3 0x800011fc (0xe6ad8293) x5  0xfffffe7e
core   0: 0x80001200 (0xfe7e57e3) bge     t3, t2, pc - 18
core   0: 3 0x80001200 (0xfe7e57e3)
core   0: 0x80001204 (0x78f54b13) xori    s6, a0, 1935
core   0: 3 0x80001204 (0x78f54b13) x22 0x000005aa
core   0: 0x80001208 (0x4974fa13) andi    s4, s1, 1175
core   0: 3 0x80001208 (0x4974fa13) x20 0x00000497
core   0: 0x8000120c (0xfde6d1e3) bge     a3, t5, pc - 62
core   0: 3 0x8000120c (0xfde6d1e3)
core   0: 0x800011ce (0x02ad6bb3) rem     s7, s10, a0
core   0: 3 0x800011ce (0x02ad6bb3) x23 0x0000000a
core   0: 0x800011d2 (0x00000eb9) c.addi  t4, 14
core   0: 3 0x800011d2 (0x0eb9) x29 0x80000088
core   0: 0x800011d4 (0x000016fd) c.addi  a3, -1
core   0: 3 0x800011d4 (0x16fd) x13 0xfffffff3
core   0: 0x800011d6 (0x00001f04) c.addi4spn s1, sp, 944
core   0: 3 0x800011d6 (0x1f04) x9  0x00001a65
core   0: 0x800011d8 (0x006ab2b3) sltu    t0, s5, t1
core   0: 3 0x800011d8 (0x006ab2b3) x5  0x00000000
core   0: 0x800011dc (0x00005e71) c.li    t3, -4
core   0: 3 0x800011dc (0x5e71) x28 0xfffffffc
core   0: 0x800011de (0x00008732) c.mv    a4, a2
core   0: 3 0x800011de (0x8732) x14 0x7fa9c69c
core   0: 0x800011e0 (0x022d60b3) rem     ra, s10, sp
core   0: 3 0x800011e0 (0x022d60b3) x1  0x0000000a
core   0: 0x800011e4 (0x000068b5) c.lui   a7, 0xd
core   0: 3 0x800011e4 (0x68b5) x17 0x0000d000
core   0: 0x800011e6 (0x000053b5) c.li    t2, -19
core   0: 3 0x800011e6 (0x53b5) x7  0xffffffed
core   0: 0x800011e8 (0x98c4cc13) xori    s8, s1, -1652
core   0: 3 0x800011e8 (0x98c4cc13) x24 0xffffe3e9
core   0: 0x800011ec (0x00004d29) c.li    s10, 10
core   0: 3 0x800011ec (0x4d29) x26 0x0000000a
core   0: 0x800011ee (0x026954b3) divu    s1, s2, t1
core   0: 3 0x800011ee (0x026954b3) x9  0xffffffff
core   0: 0x800011f2 (0x0378f933) remu    s2, a7, s7
core   0: 3 0x800011f2 (0x0378f933) x18 0x00000008
core   0: 0x800011f6 (0x00008e01) c.sub   a2, s0
core   0: 3 0x800011f6 (0x8e01) x12 0xffa729b8
core   0: 0x800011f8 (0x00001e65) c.addi  t3, -7
core   0: 3 0x800011f8 (0x1e65) x28 0xfffffff5
core   0: 0x800011fa (0x0000614d) c.addi16sp sp, 176
core   0: 3 0x800011fa (0x614d) x2  0x00001765
core   0: 0x800011fc (0xe6ad8293) addi    t0, s11, -406
core   0: 3 0x800011fc (0xe6ad8293) x5  0xfffffe7e
core   0: 0x80001200 (0xfe7e57e3) bge     t3, t2, pc - 18
core   0: 3 0x80001200 (0xfe7e57e3)
core   0: 0x800011ee (0x026954b3) divu    s1, s2, t1
core   0: 3 0x800011ee (0x026954b3) x9  0xffffffff
core   0: 0x800011f2 (0x0378f933) remu    s2, a7, s7
core   0: 3 0x800011f2 (0x0378f933) x18 0x00000008
core   0: 0x800011f6 (0x00008e01) c.sub   a2, s0
core   0: 3 0x800011f6 (0x8e01) x12 0x7fa48cd4
core   0: 0x800011f8 (0x00001e65) c.addi  t3, -7
core   0: 3 0x800011f8 (0x1e65) x28 0xffffffee
core   0: 0x800011fa (0x0000614d) c.addi16sp sp, 176
core   0: 3 0x800011fa (0x614d) x2  0x00001815
core   0: 0x800011fc (0xe6ad8293) addi    t0, s11, -406
core   0: 3 0x800011fc (0xe6ad8293) x5  0xfffffe7e
core   0: 0x80001200 (0xfe7e57e3) bge     t3, t2, pc - 18
core   0: 3 0x80001200 (0xfe7e57e3)
core   0: 0x800011ee (0x026954b3) divu    s1, s2, t1
core   0: 3 0x800011ee (0x026954b3) x9  0xffffffff
core   0: 0x800011f2 (0x0378f933) remu    s2, a7, s7
core   0: 3 0x800011f2 (0x0378f933) x18 0x00000008
core   0: 0x800011f6 (0x00008e01) c.sub   a2, s0
core   0: 3 0x800011f6 (0x8e01) x12 0xffa1eff0
core   0: 0x800011f8 (0x00001e65) c.addi  t3, -7
core   0: 3 0x800011f8 (0x1e65) x28 0xffffffe7
core   0: 0x800011fa (0x0000614d) c.addi16sp sp, 176
core   0: 3 0x800011fa (0x614d) x2  0x000018c5
core   0: 0x800011fc (0xe6ad8293) addi    t0, s11, -406
core   0: 3 0x800011fc (0xe6ad8293) x5  0xfffffe7e
core   0: 0x80001200 (0xfe7e57e3) bge     t3, t2, pc - 18
core   0: 3 0x80001200 (0xfe7e57e3)
core   0: 0x80001204 (0x78f54b13) xori    s6, a0, 1935
core   0: 3 0x80001204 (0x78f54b13) x22 0x000005aa
core   0: 0x80001208 (0x4974fa13) andi    s4, s1, 1175
core   0: 3 0x80001208 (0x4974fa13) x20 0x00000497
core   0: 0x8000120c (0xfde6d1e3) bge     a3, t5, pc - 62
core   0: 3 0x8000120c (0xfde6d1e3)
core   0: 0x80001210 (0x00008e45) c.or    a2, s1
core   0: 3 0x80001210 (0x8e45) x12 0xffffffff
core   0: 0x80001212 (0x000046a1) c.li    a3, 8
core   0: 3 0x80001212 (0x46a1) x13 0x00000008
core   0: 0x80001214 (0xcd751b17) auipc   s6, 0xcd751
core   0: 3 0x80001214 (0xcd751b17) x22 0x4d752214
core   0: 0x80001218 (0x0330a233) mulhsu  tp, ra, s3
core   0: 3 0x80001218 (0x0330a233) x4  0x00000009
core   0: 0x8000121c (0x0000056a) c.slli  a0, 26
core   0: 3 0x8000121c (0x056a) x10 0x94000000
core   0: 0x8000121e (0x000052d1) c.li    t0, -12
core   0: 3 0x8000121e (0x52d1) x5  0xfffffff4
core   0: 0x80001220 (0x00000484) c.addi4spn s1, sp, 576
core   0: 3 0x80001220 (0x0484) x9  0x00001b05
core   0: 0x80001222 (0x03c70533) mul     a0, a4, t3
core   0: 3 0x80001222 (0x03c70533) x10 0x886b9ac4
core   0: 0x80001226 (0x1b058213) addi    tp, a1, 432
core   0: 3 0x80001226 (0x1b058213) x4  0x000001b0
core   0: 0x8000122a (0x3d916d17) auipc   s10, 0x3d916
core   0: 3 0x8000122a (0x3d916d17) x26 0xbd91722a
core   0: 0x8000122e (0x013c5d13) srli    s10, s8, 19
core   0: 3 0x8000122e (0x013c5d13) x26 0x00001fff
core   0: 0x80001232 (0x0215f933) remu    s2, a1, ra
core   0: 3 0x80001232 (0x0215f933) x18 0x00000000
core   0: 0x80001236 (0x000016ed) c.addi  a3, -5
core   0: 3 0x80001236 (0x16ed) x13 0x00000003
core   0: 0x80001238 (0x00008ce9) c.and   s1, a0
core   0: 3 0x80001238 (0x8ce9) x9  0x00001a04
core   0: 0x8000123a (0x0f13bd93) sltiu   s11, t2, 241
core   0: 3 0x8000123a (0x0f13bd93) x27 0x00000000
core   0: 0x8000123e (0x00000001) c.nop
core   0: 3 0x8000123e (0x0001)
core   0: 0x80001240 (0x02afaf33) mulhsu  t5, t6, a0
core   0: 3 0x80001240 (0x02afaf33) x30 0xf5b451d6
core   0: 0x80001244 (0x00001010) c.addi4spn a2, sp, 32
core   0: 3 0x80001244 (0x1010) x12 0x000018e5
core   0: 0x80001246 (0x50224213) xori    tp, tp, 1282
core   0: 3 0x80001246 (0x50224213) x4  0x000004b2
core   0: 0x8000124a (0x00dc4d33) xor     s10, s8, a3
core   0: 3 0x8000124a (0x00dc4d33) x26 0xffffe3ea
core   0: 0x8000124e (0xfc568ae3) beq     a3, t0, pc - 44
core   0: 3 0x8000124e (0xfc568ae3)
core   0: 0x80001252 (0x00008c95) c.sub   s1, a3
core   0: 3 0x80001252 (0x8c95) x9  0x00001a01
core   0: 0x80001254 (0x00004485) c.li    s1, 1
core   0: 3 0x80001254 (0x4485) x9  0x00000001
core   0: 0x80001256 (0x5b9d0693) addi    a3, s10, 1465
core   0: 3 0x80001256 (0x5b9d0693) x13 0xffffe9a3
core   0: 0x8000125a (0x000048a5) c.li    a7, 9
core   0: 3 0x8000125a (0x48a5) x17 0x00000009
core   0: 0x8000125c (0x00006b85) c.lui   s7, 0x1
core   0: 3 0x8000125c (0x6b85) x23 0x00001000
core   0: 0x8000125e (0x00008d15) c.sub   a0, a3
core   0: 3 0x8000125e (0x8d15) x10 0x886bb121
core   0: 0x80001260 (0x00008ed9) c.or    a3, a4
core   0: 3 0x80001260 (0x8ed9) x13 0xffffefbf
core   0: 0x80001262 (0x016a1c33) sll     s8, s4, s6
core   0: 3 0x80001262 (0x016a1c33) x24 0x49700000
core   0: 0x80001266 (0x0000049d) c.addi  s1, 7
core   0: 3 0x80001266 (0x049d) x9  0x00000008
core   0: 0x80001268 (0x03bed933) divu    s2, t4, s11
core   0: 3 0x80001268 (0x03bed933) x18 0xffffffff
core   0: 0x8000126c (0x00004709) c.li    a4, 2
core   0: 3 0x8000126c (0x4709) x14 0x00000002
core   0: 0x8000126e (0x0391c0b3) div     ra, gp, s9
core   0: 3 0x8000126e (0x0391c0b3) x1  0x00000000
core   0: 0x80001272 (0x000081f9) c.srli  a1, 30
core   0: 3 0x80001272 (0x81f9) x11 0x00000000
core   0: 0x80001274 (0x00000001) c.nop
core   0: 3 0x80001274 (0x0001)
core   0: 0x80001276 (0x00000001) c.nop
core   0: 3 0x80001276 (0x0001)
core   0: 0x80001278 (0x0000997d) c.andi  a0, -1
core   0: 3 0x80001278 (0x997d) x10 0x886bb121
core   0: 0x8000127a (0x02c4bc33) mulhu   s8, s1, a2
core   0: 3 0x8000127a (0x02c4bc33) x24 0x00000000
core   0: 0x8000127e (0x0149e633) or      a2, s3, s4
core   0: 3 0x8000127e (0x0149e633) x12 0xfffffff7
core   0: 0x80001282 (0x24668c13) addi    s8, a3, 582
core   0: 3 0x80001282 (0x24668c13) x24 0xfffff205
core   0: 0x80001286 (0x031652b3) divu    t0, a2, a7
core   0: 3 0x80001286 (0x031652b3) x5  0x1c71c71b
core   0: 0x8000128a (0x00000001) c.nop
core   0: 3 0x8000128a (0x0001)
core   0: 0x8000128c (0x00affcb3) and     s9, t6, a0
core   0: 3 0x8000128c (0x00affcb3) x25 0x882a0120
core   0: 0x80001290 (0x02aa7233) remu    tp, s4, a0
core   0: 3 0x80001290 (0x02aa7233) x4  0x00000497
core   0: 0x80001294 (0x3777a793) slti    a5, a5, 887
core   0: 3 0x80001294 (0x3777a793) x15 0x00000000
core   0: 0x80001298 (0x00008e19) c.sub   a2, a4
core   0: 3 0x80001298 (0x8e19) x12 0xfffffff5
core   0: 0x8000129a (0x2ea4cd93) xori    s11, s1, 746
core   0: 3 0x8000129a (0x2ea4cd93) x27 0x000002e2
core   0: 0x8000129e (0x03dd69b3) rem     s3, s10, t4
core   0: 3 0x8000129e (0x03dd69b3) x19 0xffffe3ea
core   0: 0x800012a2 (0x00008fc9) c.or    a5, a0
core   0: 3 0x800012a2 (0x8fc9) x15 0x886bb121
core   0: 0x800012a4 (0x00001779) c.addi  a4, -2
core   0: 3 0x800012a4 (0x1779) x14 0x00000000
core   0: 0x800012a6 (0x00009a7d) c.andi  a2, -1
core   0: 3 0x800012a6 (0x9a7d) x12 0xfffffff5
core   0: 0x800012a8 (0x011eac33) slt     s8, t4, a7
core   0: 3 0x800012a8 (0x011eac33) x24 0x00000001
core   0: 0x800012ac (0x0000f771) c.bnez  a4, pc - 52
core   0: 3 0x800012ac (0xf771)
core   0: 0x800012ae (0x00008e39) c.xor   a2, a4
core   0: 3 0x800012ae (0x8e39) x12 0xfffffff5
core   0: 0x800012b0 (0x00c2e9b3) or      s3, t0, a2
core   0: 3 0x800012b0 (0x00c2e9b3) x19 0xffffffff
core   0: 0x800012b4 (0xfb14e5e3) bltu    s1, a7, pc - 86
core   0: 3 0x800012b4 (0xfb14e5e3)
core   0: 0x8000125e (0x00008d15) c.sub   a0, a3
core   0: 3 0x8000125e (0x8d15) x10 0x886bc162
core   0: 0x80001260 (0x00008ed9) c.or    a3, a4
core   0: 3 0x80001260 (0x8ed9) x13 0xffffefbf
core   0: 0x80001262 (0x016a1c33) sll     s8, s4, s6
core   0: 3 0x80001262 (0x016a1c33) x24 0x49700000
core   0: 0x80001266 (0x0000049d) c.addi  s1, 7
core   0: 3 0x80001266 (0x049d) x9  0x0000000f
core   0: 0x80001268 (0x03bed933) divu    s2, t4, s11
core   0: 3 0x80001268 (0x03bed933) x18 0x002c66ad
core   0: 0x8000126c (0x00004709) c.li    a4, 2
core   0: 3 0x8000126c (0x4709) x14 0x00000002
core   0: 0x8000126e (0x0391c0b3) div     ra, gp, s9
core   0: 3 0x8000126e (0x0391c0b3) x1  0x00000000
core   0: 0x80001272 (0x000081f9) c.srli  a1, 30
core   0: 3 0x80001272 (0x81f9) x11 0x00000000
core   0: 0x80001274 (0x00000001) c.nop
core   0: 3 0x80001274 (0x0001)
core   0: 0x80001276 (0x00000001) c.nop
core   0: 3 0x80001276 (0x0001)
core   0: 0x80001278 (0x0000997d) c.andi  a0, -1
core   0: 3 0x80001278 (0x997d) x10 0x886bc162
core   0: 0x8000127a (0x02c4bc33) mulhu   s8, s1, a2
core   0: 3 0x8000127a (0x02c4bc33) x24 0x0000000e
core   0: 0x8000127e (0x0149e633) or      a2, s3, s4
core   0: 3 0x8000127e (0x0149e633) x12 0xffffffff
core   0: 0x80001282 (0x24668c13) addi    s8, a3, 582
core   0: 3 0x80001282 (0x24668c13) x24 0xfffff205
core   0: 0x80001286 (0x031652b3) divu    t0, a2, a7
core   0: 3 0x80001286 (0x031652b3) x5  0x1c71c71c
core   0: 0x8000128a (0x00000001) c.nop
core   0: 3 0x8000128a (0x0001)
core   0: 0x8000128c (0x00affcb3) and     s9, t6, a0
core   0: 3 0x8000128c (0x00affcb3) x25 0x882a0160
core   0: 0x80001290 (0x02aa7233) remu    tp, s4, a0
core   0: 3 0x80001290 (0x02aa7233) x4  0x00000497
core   0: 0x80001294 (0x3777a793) slti    a5, a5, 887
core   0: 3 0x80001294 (0x3777a793) x15 0x00000001
core   0: 0x80001298 (0x00008e19) c.sub   a2, a4
core   0: 3 0x80001298 (0x8e19) x12 0xfffffffd
core   0: 0x8000129a (0x2ea4cd93) xori    s11, s1, 746
core   0: 3 0x8000129a (0x2ea4cd93) x27 0x000002e5
core   0: 0x8000129e (0x03dd69b3) rem     s3, s10, t4
core   0: 3 0x8000129e (0x03dd69b3) x19 0xffffe3ea
core   0: 0x800012a2 (0x00008fc9) c.or    a5, a0
core   0: 3 0x800012a2 (0x8fc9) x15 0x886bc163
core   0: 0x800012a4 (0x00001779) c.addi  a4, -2
core   0: 3 0x800012a4 (0x1779) x14 0x00000000
core   0: 0x800012a6 (0x00009a7d) c.andi  a2, -1
core   0: 3 0x800012a6 (0x9a7d) x12 0xfffffffd
core   0: 0x800012a8 (0x011eac33) slt     s8, t4, a7
core   0: 3 0x800012a8 (0x011eac33) x24 0x00000001
core   0: 0x800012ac (0x0000f771) c.bnez  a4, pc - 52
core   0: 3 0x800012ac (0xf771)
core   0: 0x800012ae (0x00008e39) c.xor   a2, a4
core   0: 3 0x800012ae (0x8e39) x12 0xfffffffd
core   0: 0x800012b0 (0x00c2e9b3) or      s3, t0, a2
core   0: 3 0x800012b0 (0x00c2e9b3) x19 0xfffffffd
core   0: 0x800012b4 (0xfb14e5e3) bltu    s1, a7, pc - 86
core   0: 3 0x800012b4 (0xfb14e5e3)
core   0: 0x800012b8 (0x03afa233) mulhsu  tp, t6, s10
core   0: 3 0x800012b8 (0x03afa233) x4  0xecae039a
core   0: 0x800012bc (0x00005cfd) c.li    s9, -1
core   0: 3 0x800012bc (0x5cfd) x25 0xffffffff
core   0: 0x800012be (0x00be5c33) srl     s8, t3, a1
core   0: 3 0x800012be (0x00be5c33) x24 0xffffffe7
core   0: 0x800012c2 (0x000053dd) c.li    t2, -9
core   0: 3 0x800012c2 (0x53dd) x7  0xfffffff7
core   0: 0x800012c4 (0x01bdf333) and     t1, s11, s11
core   0: 3 0x800012c4 (0x01bdf333) x6  0x000002e5
core   0: 0x800012c8 (0x00001ce1) c.addi  s9, -8
core   0: 3 0x800012c8 (0x1ce1) x25 0xfffffff7
core   0: 0x800012ca (0x016c62b3) or      t0, s8, s6
core   0: 3 0x800012ca (0x016c62b3) x5  0xfffffff7
core   0: 0x800012ce (0x40fdd213) srai    tp, s11, 15
core   0: 3 0x800012ce (0x40fdd213) x4  0x00000000
core   0: 0x800012d2 (0x00000001) c.nop
core   0: 3 0x800012d2 (0x0001)
core   0: 0x800012d4 (0xfe7c88e3) beq     s9, t2, pc - 16
core   0: 3 0x800012d4 (0xfe7c88e3)
core   0: 0x800012c4 (0x01bdf333) and     t1, s11, s11
core   0: 3 0x800012c4 (0x01bdf333) x6  0x000002e5
core   0: 0x800012c8 (0x00001ce1) c.addi  s9, -8
core   0: 3 0x800012c8 (0x1ce1) x25 0xffffffef
core   0: 0x800012ca (0x016c62b3) or      t0, s8, s6
core   0: 3 0x800012ca (0x016c62b3) x5  0xfffffff7
core   0: 0x800012ce (0x40fdd213) srai    tp, s11, 15
core   0: 3 0x800012ce (0x40fdd213) x4  0x00000000
core   0: 0x800012d2 (0x00000001) c.nop
core   0: 3 0x800012d2 (0x0001)
core   0: 0x800012d4 (0xfe7c88e3) beq     s9, t2, pc - 16
core   0: 3 0x800012d4 (0xfe7c88e3)
core   0: 0x800012d8 (0x000014fd) c.addi  s1, -1
core   0: 3 0x800012d8 (0x14fd) x9  0x0000000e
core   0: 0x800012da (0x000057f1) c.li    a5, -4
core   0: 3 0x800012da (0x57f1) x15 0xfffffffc
core   0: 0x800012dc (0x0000576d) c.li    a4, -5
core   0: 3 0x800012dc (0x576d) x14 0xfffffffb
core   0: 0x800012de (0x000064ad) c.lui   s1, 0xb
core   0: 3 0x800012de (0x64ad) x9  0x0000b000
core   0: 0x800012e0 (0x000066e5) c.lui   a3, 0x19
core   0: 3 0x800012e0 (0x66e5) x13 0x00019000
core   0: 0x800012e2 (0x000017fd) c.addi  a5, -1
core   0: 3 0x800012e2 (0x17fd) x15 0xfffffffb
core   0: 0x800012e4 (0x00004c1d) c.li    s8, 7
core   0: 3 0x800012e4 (0x4c1d) x24 0x00000007
core   0: 0x800012e6 (0x0000431d) c.li    t1, 7
core   0: 3 0x800012e6 (0x431d) x6  0x00000007
core   0: 0x800012e8 (0x00008e45) c.or    a2, s1
core   0: 3 0x800012e8 (0x8e45) x12 0xfffffffd
core   0: 0x800012ea (0x00008cfd) c.and   s1, a5
core   0: 3 0x800012ea (0x8cfd) x9  0x0000b000
core   0: 0x800012ec (0x00001c7d) c.addi  s8, -1
core   0: 3 0x800012ec (0x1c7d) x24 0x00000006
core   0: 0x800012ee (0xfe6c7ee3) bgeu    s8, t1, pc - 4
core   0: 3 0x800012ee (0xfe6c7ee3)
core   0: 0x800012f2 (0xfee7d6e3) bge     a5, a4, pc - 20
core   0: 3 0x800012f2 (0xfee7d6e3)
core   0: 0x800012de (0x000064ad) c.lui   s1, 0xb
core   0: 3 0x800012de (0x64ad) x9  0x0000b000
core   0: 0x800012e0 (0x000066e5) c.lui   a3, 0x19
core   0: 3 0x800012e0 (0x66e5) x13 0x00019000
core   0: 0x800012e2 (0x000017fd) c.addi  a5, -1
core   0: 3 0x800012e2 (0x17fd) x15 0xfffffffa
core   0: 0x800012e4 (0x00004c1d) c.li    s8, 7
core   0: 3 0x800012e4 (0x4c1d) x24 0x00000007
core   0: 0x800012e6 (0x0000431d) c.li    t1, 7
core   0: 3 0x800012e6 (0x431d) x6  0x00000007
core   0: 0x800012e8 (0x00008e45) c.or    a2, s1
core   0: 3 0x800012e8 (0x8e45) x12 0xfffffffd
core   0: 0x800012ea (0x00008cfd) c.and   s1, a5
core   0: 3 0x800012ea (0x8cfd) x9  0x0000b000
core   0: 0x800012ec (0x00001c7d) c.addi  s8, -1
core   0: 3 0x800012ec (0x1c7d) x24 0x00000006
core   0: 0x800012ee (0xfe6c7ee3) bgeu    s8, t1, pc - 4
core   0: 3 0x800012ee (0xfe6c7ee3)
core   0: 0x800012f2 (0xfee7d6e3) bge     a5, a4, pc - 20
core   0: 3 0x800012f2 (0xfee7d6e3)
core   0: 0x800012f6 (0x00e52633) slt     a2, a0, a4
core   0: 3 0x800012f6 (0x00e52633) x12 0x00000001
core   0: 0x800012fa (0x000056f1) c.li    a3, -4
core   0: 3 0x800012fa (0x56f1) x13 0xfffffffc
core   0: 0x800012fc (0x00006119) c.addi16sp sp, 384
core   0: 3 0x800012fc (0x6119) x2  0x00001a45
core   0: 0x800012fe (0x0000460d) c.li    a2, 3
core   0: 3 0x800012fe (0x460d) x12 0x00000003
core   0: 0x80001300 (0x018758b3) srl     a7, a4, s8
core   0: 3 0x80001300 (0x018758b3) x17 0x03ffffff
core   0: 0x80001304 (0x011a3a33) sltu    s4, s4, a7
core   0: 3 0x80001304 (0x011a3a33) x20 0x00000001
core   0: 0x80001308 (0x0e7a44b7) lui     s1, 0xe7a4
core   0: 3 0x80001308 (0x0e7a44b7) x9  0x0e7a4000
core   0: 0x8000130c (0x000080e6) c.mv    ra, s9
core   0: 3 0x8000130c (0x80e6) x1  0xffffffef
core   0: 0x8000130e (0x9303fd13) andi    s10, t2, -1744
core   0: 3 0x8000130e (0x9303fd13) x26 0xfffff930
core   0: 0x80001312 (0x0000808d) c.srli  s1, 3
core   0: 3 0x80001312 (0x808d) x9  0x01cf4800
core   0: 0x80001314 (0x000006a5) c.addi  a3, 9
core   0: 3 0x80001314 (0x06a5) x13 0x00000005
core   0: 0x80001316 (0x007d4033) xor     zero, s10, t2
core   0: 3 0x80001316 (0x007d4033)
core   0: 0x8000131a (0x00000001) c.nop
core   0: 3 0x8000131a (0x0001)
core   0: 0x8000131c (0x00af5eb3) srl     t4, t5, a0
core   0: 3 0x8000131c (0x00af5eb3) x29 0x3d6d1475
core   0: 0x80001320 (0x32f8a913) slti    s2, a7, 815
core   0: 3 0x80001320 (0x32f8a913) x18 0x00000000
core   0: 0x80001324 (0xfec6c4e3) blt     a3, a2, pc - 24
core   0: 3 0x80001324 (0xfec6c4e3)
core   0: 0x80001328 (0x67702b13) slti    s6, zero, 1655
core   0: 3 0x80001328 (0x67702b13) x22 0x00000001
core   0: 0x8000132c (0x0000429d) c.li    t0, 7
core   0: 3 0x8000132c (0x429d) x5  0x00000007
core   0: 0x8000132e (0x15e14493) xori    s1, sp, 350
core   0: 3 0x8000132e (0x15e14493) x9  0x00001b1b
core   0: 0x80001332 (0x32a7ac93) slti    s9, a5, 810
core   0: 3 0x80001332 (0x32a7ac93) x25 0x00000001
core   0: 0x80001336 (0x00004a49) c.li    s4, 18
core   0: 3 0x80001336 (0x4a49) x20 0x00000012
core   0: 0x80001338 (0x00009c56) c.add   s8, s5
core   0: 3 0x80001338 (0x9c56) x24 0x80025e6a
core   0: 0x8000133a (0xdf660893) addi    a7, a2, -522
core   0: 3 0x8000133a (0xdf660893) x17 0xfffffdf9
core   0: 0x8000133e (0x00000285) c.addi  t0, 1
core   0: 3 0x8000133e (0x0285) x5  0x00000008
core   0: 0x80001340 (0x032227b3) mulhsu  a5, tp, s2
core   0: 3 0x80001340 (0x032227b3) x15 0x00000000
core   0: 0x80001344 (0xff428be3) beq     t0, s4, pc - 10
core   0: 3 0x80001344 (0xff428be3)
core   0: 0x80001348 (0x02df0bb3) mul     s7, t5, a3
core   0: 3 0x80001348 (0x02df0bb3) x23 0xcc85992e
core   0: 0x8000134c (0x00004621) c.li    a2, 8
core   0: 3 0x8000134c (0x4621) x12 0x00000008
core   0: 0x8000134e (0x00004f95) c.li    t6, 5
core   0: 3 0x8000134e (0x4f95) x31 0x00000005
core   0: 0x80001350 (0x00008c91) c.sub   s1, a2
core   0: 3 0x80001350 (0x8c91) x9  0x00001b13
core   0: 0x80001352 (0x03c9d133) divu    sp, s3, t3
core   0: 3 0x80001352 (0x03c9d133) x2  0x00000001
core   0: 0x80001356 (0x00000001) c.nop
core   0: 3 0x80001356 (0x0001)
core   0: 0x80001358 (0x00000001) c.nop
core   0: 3 0x80001358 (0x0001)
core   0: 0x8000135a (0x0000159c) c.addi4spn a5, sp, 736
core   0: 3 0x8000135a (0x159c) x15 0x000002e1
core   0: 0x8000135c (0x00001675) c.addi  a2, -3
core   0: 3 0x8000135c (0x1675) x12 0x00000005
core   0: 0x8000135e (0x00000001) c.nop
core   0: 3 0x8000135e (0x0001)
core   0: 0x80001360 (0x000051e1) c.li    gp, -8
core   0: 3 0x80001360 (0x51e1) x3  0xfffffff8
core   0: 0x80001362 (0x00004331) c.li    t1, 12
core   0: 3 0x80001362 (0x4331) x6  0x0000000c
core   0: 0x80001364 (0x00000001) c.nop
core   0: 3 0x80001364 (0x0001)
core   0: 0x80001366 (0x01b2b7b3) sltu    a5, t0, s11
core   0: 3 0x80001366 (0x01b2b7b3) x15 0x00000001
core   0: 0x8000136a (0x000081c5) c.srli  a1, 17
core   0: 3 0x8000136a (0x81c5) x11 0x00000000
core   0: 0x8000136c (0x00008e91) c.sub   a3, a2
core   0: 3 0x8000136c (0x8e91) x13 0x00000000
core   0: 0x8000136e (0x00008ec1) c.or    a3, s0
core   0: 3 0x8000136e (0x8ec1) x13 0x80029ce4
core   0: 0x80001370 (0x03fd66b3) rem     a3, s10, t6
core   0: 3 0x80001370 (0x03fd66b3) x13 0xfffffffc
core   0: 0x80001374 (0x00008f45) c.or    a4, s1
core   0: 3 0x80001374 (0x8f45) x14 0xfffffffb
core   0: 0x80001376 (0x00001e9c) c.addi4spn a5, sp, 880
core   0: 3 0x80001376 (0x1e9c) x15 0x00000371
core   0: 0x80001378 (0x00000191) c.addi  gp, 4
core   0: 3 0x80001378 (0x0191) x3  0xfffffffc
core   0: 0x8000137a (0x00008f71) c.and   a4, a2
core   0: 3 0x8000137a (0x8f71) x14 0x00000001
core   0: 0x8000137c (0x000086bd) c.srai  a3, 15
core   0: 3 0x8000137c (0x86bd) x13 0xffffffff
core   0: 0x8000137e (0x010b9a33) sll     s4, s7, a6
core   0: 3 0x8000137e (0x010b9a33) x20 0xcc85992e
core   0: 0x80001382 (0x00008bd9) c.andi  a5, 22
core   0: 3 0x80001382 (0x8bd9) x15 0x00000010
core   0: 0x80001384 (0x00d45d33) srl     s10, s0, a3
core   0: 3 0x80001384 (0x00d45d33) x26 0x00000001
core   0: 0x80001388 (0x000082b9) c.srli  a3, 14
core   0: 3 0x80001388 (0x82b9) x13 0x0003ffff
core   0: 0x8000138a (0x00000001) c.nop
core   0: 3 0x8000138a (0x0001)
core   0: 0x8000138c (0x01d14bb3) xor     s7, sp, t4
core   0: 3 0x8000138c (0x01d14bb3) x23 0x3d6d1474
core   0: 0x80001390 (0x0000952e) c.add   a0, a1
core   0: 3 0x80001390 (0x952e) x10 0x886bc162
core   0: 0x80001392 (0x0150a3b3) slt     t2, ra, s5
core   0: 3 0x80001392 (0x0150a3b3) x7  0x00000000
core   0: 0x80001396 (0xfc6198e3) bne     gp, t1, pc - 48
core   0: 3 0x80001396 (0xfc6198e3)
core   0: 0x80001366 (0x01b2b7b3) sltu    a5, t0, s11
core   0: 3 0x80001366 (0x01b2b7b3) x15 0x00000001
core   0: 0x8000136a (0x000081c5) c.srli  a1, 17
core   0: 3 0x8000136a (0x81c5) x11 0x00000000
core   0: 0x8000136c (0x00008e91) c.sub   a3, a2
core   0: 3 0x8000136c (0x8e91) x13 0x0003fffa
core   0: 0x8000136e (0x00008ec1) c.or    a3, s0
core   0: 3 0x8000136e (0x8ec1) x13 0x8003fffe
core   0: 0x80001370 (0x03fd66b3) rem     a3, s10, t6
core   0: 3 0x80001370 (0x03fd66b3) x13 0x00000001
core   0: 0x80001374 (0x00008f45) c.or    a4, s1
core   0: 3 0x80001374 (0x8f45) x14 0x00001b13
core   0: 0x80001376 (0x00001e9c) c.addi4spn a5, sp, 880
core   0: 3 0x80001376 (0x1e9c) x15 0x00000371
core   0: 0x80001378 (0x00000191) c.addi  gp, 4
core   0: 3 0x80001378 (0x0191) x3  0x00000000
core   0: 0x8000137a (0x00008f71) c.and   a4, a2
core   0: 3 0x8000137a (0x8f71) x14 0x00000001
core   0: 0x8000137c (0x000086bd) c.srai  a3, 15
core   0: 3 0x8000137c (0x86bd) x13 0x00000000
core   0: 0x8000137e (0x010b9a33) sll     s4, s7, a6
core   0: 3 0x8000137e (0x010b9a33) x20 0x3d6d1474
core   0: 0x80001382 (0x00008bd9) c.andi  a5, 22
core   0: 3 0x80001382 (0x8bd9) x15 0x00000010
core   0: 0x80001384 (0x00d45d33) srl     s10, s0, a3
core   0: 3 0x80001384 (0x00d45d33) x26 0x80029ce4
core   0: 0x80001388 (0x000082b9) c.srli  a3, 14
core   0: 3 0x80001388 (0x82b9) x13 0x00000000
core   0: 0x8000138a (0x00000001) c.nop
core   0: 3 0x8000138a (0x0001)
core   0: 0x8000138c (0x01d14bb3) xor     s7, sp, t4
core   0: 3 0x8000138c (0x01d14bb3) x23 0x3d6d1474
core   0: 0x80001390 (0x0000952e) c.add   a0, a1
core   0: 3 0x80001390 (0x952e) x10 0x886bc162
core   0: 0x80001392 (0x0150a3b3) slt     t2, ra, s5
core   0: 3 0x80001392 (0x0150a3b3) x7  0x00000000
core   0: 0x80001396 (0xfc6198e3) bne     gp, t1, pc - 48
core   0: 3 0x80001396 (0xfc6198e3)
core   0: 0x80001366 (0x01b2b7b3) sltu    a5, t0, s11
core   0: 3 0x80001366 (0x01b2b7b3) x15 0x00000001
core   0: 0x8000136a (0x000081c5) c.srli  a1, 17
core   0: 3 0x8000136a (0x81c5) x11 0x00000000
core   0: 0x8000136c (0x00008e91) c.sub   a3, a2
core   0: 3 0x8000136c (0x8e91) x13 0xfffffffb
core   0: 0x8000136e (0x00008ec1) c.or    a3, s0
core   0: 3 0x8000136e (0x8ec1) x13 0xffffffff
core   0: 0x80001370 (0x03fd66b3) rem     a3, s10, t6
core   0: 3 0x80001370 (0x03fd66b3) x13 0xfffffffe
core   0: 0x80001374 (0x00008f45) c.or    a4, s1
core   0: 3 0x80001374 (0x8f45) x14 0x00001b13
core   0: 0x80001376 (0x00001e9c) c.addi4spn a5, sp, 880
core   0: 3 0x80001376 (0x1e9c) x15 0x00000371
core   0: 0x80001378 (0x00000191) c.addi  gp, 4
core   0: 3 0x80001378 (0x0191) x3  0x00000004
core   0: 0x8000137a (0x00008f71) c.and   a4, a2
core   0: 3 0x8000137a (0x8f71) x14 0x00000001
core   0: 0x8000137c (0x000086bd) c.srai  a3, 15
core   0: 3 0x8000137c (0x86bd) x13 0xffffffff
core   0: 0x8000137e (0x010b9a33) sll     s4, s7, a6
core   0: 3 0x8000137e (0x010b9a33) x20 0x3d6d1474
core   0: 0x80001382 (0x00008bd9) c.andi  a5, 22
core   0: 3 0x80001382 (0x8bd9) x15 0x00000010
core   0: 0x80001384 (0x00d45d33) srl     s10, s0, a3
core   0: 3 0x80001384 (0x00d45d33) x26 0x00000001
core   0: 0x80001388 (0x000082b9) c.srli  a3, 14
core   0: 3 0x80001388 (0x82b9) x13 0x0003ffff
core   0: 0x8000138a (0x00000001) c.nop
core   0: 3 0x8000138a (0x0001)
core   0: 0x8000138c (0x01d14bb3) xor     s7, sp, t4
core   0: 3 0x8000138c (0x01d14bb3) x23 0x3d6d1474
core   0: 0x80001390 (0x0000952e) c.add   a0, a1
core   0: 3 0x80001390 (0x952e) x10 0x886bc162
core   0: 0x80001392 (0x0150a3b3) slt     t2, ra, s5
core   0: 3 0x80001392 (0x0150a3b3) x7  0x00000000
core   0: 0x80001396 (0xfc6198e3) bne     gp, t1, pc - 48
core   0: 3 0x80001396 (0xfc6198e3)
core   0: 0x80001366 (0x01b2b7b3) sltu    a5, t0, s11
core   0: 3 0x80001366 (0x01b2b7b3) x15 0x00000001
core   0: 0x8000136a (0x000081c5) c.srli  a1, 17
core   0: 3 0x8000136a (0x81c5) x11 0x00000000
core   0: 0x8000136c (0x00008e91) c.sub   a3, a2
core   0: 3 0x8000136c (0x8e91) x13 0x0003fffa
core   0: 0x8000136e (0x00008ec1) c.or    a3, s0
core   0: 3 0x8000136e (0x8ec1) x13 0x8003fffe
core   0: 0x80001370 (0x03fd66b3) rem     a3, s10, t6
core   0: 3 0x80001370 (0x03fd66b3) x13 0x00000001
core   0: 0x80001374 (0x00008f45) c.or    a4, s1
core   0: 3 0x80001374 (0x8f45) x14 0x00001b13
core   0: 0x80001376 (0x00001e9c) c.addi4spn a5, sp, 880
core   0: 3 0x80001376 (0x1e9c) x15 0x00000371
core   0: 0x80001378 (0x00000191) c.addi  gp, 4
core   0: 3 0x80001378 (0x0191) x3  0x00000008
core   0: 0x8000137a (0x00008f71) c.and   a4, a2
core   0: 3 0x8000137a (0x8f71) x14 0x00000001
core   0: 0x8000137c (0x000086bd) c.srai  a3, 15
core   0: 3 0x8000137c (0x86bd) x13 0x00000000
core   0: 0x8000137e (0x010b9a33) sll     s4, s7, a6
core   0: 3 0x8000137e (0x010b9a33) x20 0x3d6d1474
core   0: 0x80001382 (0x00008bd9) c.andi  a5, 22
core   0: 3 0x80001382 (0x8bd9) x15 0x00000010
core   0: 0x80001384 (0x00d45d33) srl     s10, s0, a3
core   0: 3 0x80001384 (0x00d45d33) x26 0x80029ce4
core   0: 0x80001388 (0x000082b9) c.srli  a3, 14
core   0: 3 0x80001388 (0x82b9) x13 0x00000000
core   0: 0x8000138a (0x00000001) c.nop
core   0: 3 0x8000138a (0x0001)
core   0: 0x8000138c (0x01d14bb3) xor     s7, sp, t4
core   0: 3 0x8000138c (0x01d14bb3) x23 0x3d6d1474
core   0: 0x80001390 (0x0000952e) c.add   a0, a1
core   0: 3 0x80001390 (0x952e) x10 0x886bc162
core   0: 0x80001392 (0x0150a3b3) slt     t2, ra, s5
core   0: 3 0x80001392 (0x0150a3b3) x7  0x00000000
core   0: 0x80001396 (0xfc6198e3) bne     gp, t1, pc - 48
core   0: 3 0x80001396 (0xfc6198e3)
core   0: 0x80001366 (0x01b2b7b3) sltu    a5, t0, s11
core   0: 3 0x80001366 (0x01b2b7b3) x15 0x00000001
core   0: 0x8000136a (0x000081c5) c.srli  a1, 17
core   0: 3 0x8000136a (0x81c5) x11 0x00000000
core   0: 0x8000136c (0x00008e91) c.sub   a3, a2
core   0: 3 0x8000136c (0x8e91) x13 0xfffffffb
core   0: 0x8000136e (0x00008ec1) c.or    a3, s0
core   0: 3 0x8000136e (0x8ec1) x13 0xffffffff
core   0: 0x80001370 (0x03fd66b3) rem     a3, s10, t6
core   0: 3 0x80001370 (0x03fd66b3) x13 0xfffffffe
core   0: 0x80001374 (0x00008f45) c.or    a4, s1
core   0: 3 0x80001374 (0x8f45) x14 0x00001b13
core   0: 0x80001376 (0x00001e9c) c.addi4spn a5, sp, 880
core   0: 3 0x80001376 (0x1e9c) x15 0x00000371
core   0: 0x80001378 (0x00000191) c.addi  gp, 4
core   0: 3 0x80001378 (0x0191) x3  0x0000000c
core   0: 0x8000137a (0x00008f71) c.and   a4, a2
core   0: 3 0x8000137a (0x8f71) x14 0x00000001
core   0: 0x8000137c (0x000086bd) c.srai  a3, 15
core   0: 3 0x8000137c (0x86bd) x13 0xffffffff
core   0: 0x8000137e (0x010b9a33) sll     s4, s7, a6
core   0: 3 0x8000137e (0x010b9a33) x20 0x3d6d1474
core   0: 0x80001382 (0x00008bd9) c.andi  a5, 22
core   0: 3 0x80001382 (0x8bd9) x15 0x00000010
core   0: 0x80001384 (0x00d45d33) srl     s10, s0, a3
core   0: 3 0x80001384 (0x00d45d33) x26 0x00000001
core   0: 0x80001388 (0x000082b9) c.srli  a3, 14
core   0: 3 0x80001388 (0x82b9) x13 0x0003ffff
core   0: 0x8000138a (0x00000001) c.nop
core   0: 3 0x8000138a (0x0001)
core   0: 0x8000138c (0x01d14bb3) xor     s7, sp, t4
core   0: 3 0x8000138c (0x01d14bb3) x23 0x3d6d1474
core   0: 0x80001390 (0x0000952e) c.add   a0, a1
core   0: 3 0x80001390 (0x952e) x10 0x886bc162
core   0: 0x80001392 (0x0150a3b3) slt     t2, ra, s5
core   0: 3 0x80001392 (0x0150a3b3) x7  0x00000000
core   0: 0x80001396 (0xfc6198e3) bne     gp, t1, pc - 48
core   0: 3 0x80001396 (0xfc6198e3)
core   0: 0x8000139a (0x010ee933) or      s2, t4, a6
core   0: 3 0x8000139a (0x010ee933) x18 0xbd6d1475
core   0: 0x8000139e (0x039e27b3) mulhsu  a5, t3, s9
core   0: 3 0x8000139e (0x039e27b3) x15 0xffffffff
core   0: 0x800013a2 (0xfbf678e3) bgeu    a2, t6, pc - 80
core   0: 3 0x800013a2 (0xfbf678e3)
core   0: 0x80001352 (0x03c9d133) divu    sp, s3, t3
core   0: 3 0x80001352 (0x03c9d133) x2  0x00000001
core   0: 0x80001356 (0x00000001) c.nop
core   0: 3 0x80001356 (0x0001)
core   0: 0x80001358 (0x00000001) c.nop
core   0: 3 0x80001358 (0x0001)
core   0: 0x8000135a (0x0000159c) c.addi4spn a5, sp, 736
core   0: 3 0x8000135a (0x159c) x15 0x000002e1
core   0: 0x8000135c (0x00001675) c.addi  a2, -3
core   0: 3 0x8000135c (0x1675) x12 0x00000002
core   0: 0x8000135e (0x00000001) c.nop
core   0: 3 0x8000135e (0x0001)
core   0: 0x80001360 (0x000051e1) c.li    gp, -8
core   0: 3 0x80001360 (0x51e1) x3  0xfffffff8
core   0: 0x80001362 (0x00004331) c.li    t1, 12
core   0: 3 0x80001362 (0x4331) x6  0x0000000c
core   0: 0x80001364 (0x00000001) c.nop
core   0: 3 0x80001364 (0x0001)
core   0: 0x80001366 (0x01b2b7b3) sltu    a5, t0, s11
core   0: 3 0x80001366 (0x01b2b7b3) x15 0x00000001
core   0: 0x8000136a (0x000081c5) c.srli  a1, 17
core   0: 3 0x8000136a (0x81c5) x11 0x00000000
core   0: 0x8000136c (0x00008e91) c.sub   a3, a2
core   0: 3 0x8000136c (0x8e91) x13 0x0003fffd
core   0: 0x8000136e (0x00008ec1) c.or    a3, s0
core   0: 3 0x8000136e (0x8ec1) x13 0x8003fffd
core   0: 0x80001370 (0x03fd66b3) rem     a3, s10, t6
core   0: 3 0x80001370 (0x03fd66b3) x13 0x00000001
core   0: 0x80001374 (0x00008f45) c.or    a4, s1
core   0: 3 0x80001374 (0x8f45) x14 0x00001b13
core   0: 0x80001376 (0x00001e9c) c.addi4spn a5, sp, 880
core   0: 3 0x80001376 (0x1e9c) x15 0x00000371
core   0: 0x80001378 (0x00000191) c.addi  gp, 4
core   0: 3 0x80001378 (0x0191) x3  0xfffffffc
core   0: 0x8000137a (0x00008f71) c.and   a4, a2
core   0: 3 0x8000137a (0x8f71) x14 0x00000002
core   0: 0x8000137c (0x000086bd) c.srai  a3, 15
core   0: 3 0x8000137c (0x86bd) x13 0x00000000
core   0: 0x8000137e (0x010b9a33) sll     s4, s7, a6
core   0: 3 0x8000137e (0x010b9a33) x20 0x3d6d1474
core   0: 0x80001382 (0x00008bd9) c.andi  a5, 22
core   0: 3 0x80001382 (0x8bd9) x15 0x00000010
core   0: 0x80001384 (0x00d45d33) srl     s10, s0, a3
core   0: 3 0x80001384 (0x00d45d33) x26 0x80029ce4
core   0: 0x80001388 (0x000082b9) c.srli  a3, 14
core   0: 3 0x80001388 (0x82b9) x13 0x00000000
core   0: 0x8000138a (0x00000001) c.nop
core   0: 3 0x8000138a (0x0001)
core   0: 0x8000138c (0x01d14bb3) xor     s7, sp, t4
core   0: 3 0x8000138c (0x01d14bb3) x23 0x3d6d1474
core   0: 0x80001390 (0x0000952e) c.add   a0, a1
core   0: 3 0x80001390 (0x952e) x10 0x886bc162
core   0: 0x80001392 (0x0150a3b3) slt     t2, ra, s5
core   0: 3 0x80001392 (0x0150a3b3) x7  0x00000000
core   0: 0x80001396 (0xfc6198e3) bne     gp, t1, pc - 48
core   0: 3 0x80001396 (0xfc6198e3)
core   0: 0x80001366 (0x01b2b7b3) sltu    a5, t0, s11
core   0: 3 0x80001366 (0x01b2b7b3) x15 0x00000001
core   0: 0x8000136a (0x000081c5) c.srli  a1, 17
core   0: 3 0x8000136a (0x81c5) x11 0x00000000
core   0: 0x8000136c (0x00008e91) c.sub   a3, a2
core   0: 3 0x8000136c (0x8e91) x13 0xfffffffe
core   0: 0x8000136e (0x00008ec1) c.or    a3, s0
core   0: 3 0x8000136e (0x8ec1) x13 0xfffffffe
core   0: 0x80001370 (0x03fd66b3) rem     a3, s10, t6
core   0: 3 0x80001370 (0x03fd66b3) x13 0xfffffffe
core   0: 0x80001374 (0x00008f45) c.or    a4, s1
core   0: 3 0x80001374 (0x8f45) x14 0x00001b13
core   0: 0x80001376 (0x00001e9c) c.addi4spn a5, sp, 880
core   0: 3 0x80001376 (0x1e9c) x15 0x00000371
core   0: 0x80001378 (0x00000191) c.addi  gp, 4
core   0: 3 0x80001378 (0x0191) x3  0x00000000
core   0: 0x8000137a (0x00008f71) c.and   a4, a2
core   0: 3 0x8000137a (0x8f71) x14 0x00000002
core   0: 0x8000137c (0x000086bd) c.srai  a3, 15
core   0: 3 0x8000137c (0x86bd) x13 0xffffffff
core   0: 0x8000137e (0x010b9a33) sll     s4, s7, a6
core   0: 3 0x8000137e (0x010b9a33) x20 0x3d6d1474
core   0: 0x80001382 (0x00008bd9) c.andi  a5, 22
core   0: 3 0x80001382 (0x8bd9) x15 0x00000010
core   0: 0x80001384 (0x00d45d33) srl     s10, s0, a3
core   0: 3 0x80001384 (0x00d45d33) x26 0x00000001
core   0: 0x80001388 (0x000082b9) c.srli  a3, 14
core   0: 3 0x80001388 (0x82b9) x13 0x0003ffff
core   0: 0x8000138a (0x00000001) c.nop
core   0: 3 0x8000138a (0x0001)
core   0: 0x8000138c (0x01d14bb3) xor     s7, sp, t4
core   0: 3 0x8000138c (0x01d14bb3) x23 0x3d6d1474
core   0: 0x80001390 (0x0000952e) c.add   a0, a1
core   0: 3 0x80001390 (0x952e) x10 0x886bc162
core   0: 0x80001392 (0x0150a3b3) slt     t2, ra, s5
core   0: 3 0x80001392 (0x0150a3b3) x7  0x00000000
core   0: 0x80001396 (0xfc6198e3) bne     gp, t1, pc - 48
core   0: 3 0x80001396 (0xfc6198e3)
core   0: 0x80001366 (0x01b2b7b3) sltu    a5, t0, s11
core   0: 3 0x80001366 (0x01b2b7b3) x15 0x00000001
core   0: 0x8000136a (0x000081c5) c.srli  a1, 17
core   0: 3 0x8000136a (0x81c5) x11 0x00000000
core   0: 0x8000136c (0x00008e91) c.sub   a3, a2
core   0: 3 0x8000136c (0x8e91) x13 0x0003fffd
core   0: 0x8000136e (0x00008ec1) c.or    a3, s0
core   0: 3 0x8000136e (0x8ec1) x13 0x8003fffd
core   0: 0x80001370 (0x03fd66b3) rem     a3, s10, t6
core   0: 3 0x80001370 (0x03fd66b3) x13 0x00000001
core   0: 0x80001374 (0x00008f45) c.or    a4, s1
core   0: 3 0x80001374 (0x8f45) x14 0x00001b13
core   0: 0x80001376 (0x00001e9c) c.addi4spn a5, sp, 880
core   0: 3 0x80001376 (0x1e9c) x15 0x00000371
core   0: 0x80001378 (0x00000191) c.addi  gp, 4
core   0: 3 0x80001378 (0x0191) x3  0x00000004
core   0: 0x8000137a (0x00008f71) c.and   a4, a2
core   0: 3 0x8000137a (0x8f71) x14 0x00000002
core   0: 0x8000137c (0x000086bd) c.srai  a3, 15
core   0: 3 0x8000137c (0x86bd) x13 0x00000000
core   0: 0x8000137e (0x010b9a33) sll     s4, s7, a6
core   0: 3 0x8000137e (0x010b9a33) x20 0x3d6d1474
core   0: 0x80001382 (0x00008bd9) c.andi  a5, 22
core   0: 3 0x80001382 (0x8bd9) x15 0x00000010
core   0: 0x80001384 (0x00d45d33) srl     s10, s0, a3
core   0: 3 0x80001384 (0x00d45d33) x26 0x80029ce4
core   0: 0x80001388 (0x000082b9) c.srli  a3, 14
core   0: 3 0x80001388 (0x82b9) x13 0x00000000
core   0: 0x8000138a (0x00000001) c.nop
core   0: 3 0x8000138a (0x0001)
core   0: 0x8000138c (0x01d14bb3) xor     s7, sp, t4
core   0: 3 0x8000138c (0x01d14bb3) x23 0x3d6d1474
core   0: 0x80001390 (0x0000952e) c.add   a0, a1
core   0: 3 0x80001390 (0x952e) x10 0x886bc162
core   0: 0x80001392 (0x0150a3b3) slt     t2, ra, s5
core   0: 3 0x80001392 (0x0150a3b3) x7  0x00000000
core   0: 0x80001396 (0xfc6198e3) bne     gp, t1, pc - 48
core   0: 3 0x80001396 (0xfc6198e3)
core   0: 0x80001366 (0x01b2b7b3) sltu    a5, t0, s11
core   0: 3 0x80001366 (0x01b2b7b3) x15 0x00000001
core   0: 0x8000136a (0x000081c5) c.srli  a1, 17
core   0: 3 0x8000136a (0x81c5) x11 0x00000000
core   0: 0x8000136c (0x00008e91) c.sub   a3, a2
core   0: 3 0x8000136c (0x8e91) x13 0xfffffffe
core   0: 0x8000136e (0x00008ec1) c.or    a3, s0
core   0: 3 0x8000136e (0x8ec1) x13 0xfffffffe
core   0: 0x80001370 (0x03fd66b3) rem     a3, s10, t6
core   0: 3 0x80001370 (0x03fd66b3) x13 0xfffffffe
core   0: 0x80001374 (0x00008f45) c.or    a4, s1
core   0: 3 0x80001374 (0x8f45) x14 0x00001b13
core   0: 0x80001376 (0x00001e9c) c.addi4spn a5, sp, 880
core   0: 3 0x80001376 (0x1e9c) x15 0x00000371
core   0: 0x80001378 (0x00000191) c.addi  gp, 4
core   0: 3 0x80001378 (0x0191) x3  0x00000008
core   0: 0x8000137a (0x00008f71) c.and   a4, a2
core   0: 3 0x8000137a (0x8f71) x14 0x00000002
core   0: 0x8000137c (0x000086bd) c.srai  a3, 15
core   0: 3 0x8000137c (0x86bd) x13 0xffffffff
core   0: 0x8000137e (0x010b9a33) sll     s4, s7, a6
core   0: 3 0x8000137e (0x010b9a33) x20 0x3d6d1474
core   0: 0x80001382 (0x00008bd9) c.andi  a5, 22
core   0: 3 0x80001382 (0x8bd9) x15 0x00000010
core   0: 0x80001384 (0x00d45d33) srl     s10, s0, a3
core   0: 3 0x80001384 (0x00d45d33) x26 0x00000001
core   0: 0x80001388 (0x000082b9) c.srli  a3, 14
core   0: 3 0x80001388 (0x82b9) x13 0x0003ffff
core   0: 0x8000138a (0x00000001) c.nop
core   0: 3 0x8000138a (0x0001)
core   0: 0x8000138c (0x01d14bb3) xor     s7, sp, t4
core   0: 3 0x8000138c (0x01d14bb3) x23 0x3d6d1474
core   0: 0x80001390 (0x0000952e) c.add   a0, a1
core   0: 3 0x80001390 (0x952e) x10 0x886bc162
core   0: 0x80001392 (0x0150a3b3) slt     t2, ra, s5
core   0: 3 0x80001392 (0x0150a3b3) x7  0x00000000
core   0: 0x80001396 (0xfc6198e3) bne     gp, t1, pc - 48
core   0: 3 0x80001396 (0xfc6198e3)
core   0: 0x80001366 (0x01b2b7b3) sltu    a5, t0, s11
core   0: 3 0x80001366 (0x01b2b7b3) x15 0x00000001
core   0: 0x8000136a (0x000081c5) c.srli  a1, 17
core   0: 3 0x8000136a (0x81c5) x11 0x00000000
core   0: 0x8000136c (0x00008e91) c.sub   a3, a2
core   0: 3 0x8000136c (0x8e91) x13 0x0003fffd
core   0: 0x8000136e (0x00008ec1) c.or    a3, s0
core   0: 3 0x8000136e (0x8ec1) x13 0x8003fffd
core   0: 0x80001370 (0x03fd66b3) rem     a3, s10, t6
core   0: 3 0x80001370 (0x03fd66b3) x13 0x00000001
core   0: 0x80001374 (0x00008f45) c.or    a4, s1
core   0: 3 0x80001374 (0x8f45) x14 0x00001b13
core   0: 0x80001376 (0x00001e9c) c.addi4spn a5, sp, 880
core   0: 3 0x80001376 (0x1e9c) x15 0x00000371
core   0: 0x80001378 (0x00000191) c.addi  gp, 4
core   0: 3 0x80001378 (0x0191) x3  0x0000000c
core   0: 0x8000137a (0x00008f71) c.and   a4, a2
core   0: 3 0x8000137a (0x8f71) x14 0x00000002
core   0: 0x8000137c (0x000086bd) c.srai  a3, 15
core   0: 3 0x8000137c (0x86bd) x13 0x00000000
core   0: 0x8000137e (0x010b9a33) sll     s4, s7, a6
core   0: 3 0x8000137e (0x010b9a33) x20 0x3d6d1474
core   0: 0x80001382 (0x00008bd9) c.andi  a5, 22
core   0: 3 0x80001382 (0x8bd9) x15 0x00000010
core   0: 0x80001384 (0x00d45d33) srl     s10, s0, a3
core   0: 3 0x80001384 (0x00d45d33) x26 0x80029ce4
core   0: 0x80001388 (0x000082b9) c.srli  a3, 14
core   0: 3 0x80001388 (0x82b9) x13 0x00000000
core   0: 0x8000138a (0x00000001) c.nop
core   0: 3 0x8000138a (0x0001)
core   0: 0x8000138c (0x01d14bb3) xor     s7, sp, t4
core   0: 3 0x8000138c (0x01d14bb3) x23 0x3d6d1474
core   0: 0x80001390 (0x0000952e) c.add   a0, a1
core   0: 3 0x80001390 (0x952e) x10 0x886bc162
core   0: 0x80001392 (0x0150a3b3) slt     t2, ra, s5
core   0: 3 0x80001392 (0x0150a3b3) x7  0x00000000
core   0: 0x80001396 (0xfc6198e3) bne     gp, t1, pc - 48
core   0: 3 0x80001396 (0xfc6198e3)
core   0: 0x8000139a (0x010ee933) or      s2, t4, a6
core   0: 3 0x8000139a (0x010ee933) x18 0xbd6d1475
core   0: 0x8000139e (0x039e27b3) mulhsu  a5, t3, s9
core   0: 3 0x8000139e (0x039e27b3) x15 0xffffffff
core   0: 0x800013a2 (0xfbf678e3) bgeu    a2, t6, pc - 80
core   0: 3 0x800013a2 (0xfbf678e3)
core   0: 0x800013a6 (0x00000001) c.nop
core   0: 3 0x800013a6 (0x0001)
core   0: 0x800013a8 (0x00004529) c.li    a0, 10
core   0: 3 0x800013a8 (0x4529) x10 0x0000000a
core   0: 0x800013aa (0x0000717d) c.addi16sp sp, -16
core   0: 3 0x800013aa (0x717d) x2  0xfffffff1
core   0: 0x800013ac (0x00005b39) c.li    s6, -18
core   0: 3 0x800013ac (0x5b39) x22 0xffffffee
core   0: 0x800013ae (0x00b75c33) srl     s8, a4, a1
core   0: 3 0x800013ae (0x00b75c33) x24 0x00000002
core   0: 0x800013b2 (0x000086ce) c.mv    a3, s3
core   0: 3 0x800013b2 (0x86ce) x13 0xfffffffd
core   0: 0x800013b4 (0x00009752) c.add   a4, s4
core   0: 3 0x800013b4 (0x9752) x14 0x3d6d1476
core   0: 0x800013b6 (0x032c51b3) divu    gp, s8, s2
core   0: 3 0x800013b6 (0x032c51b3) x3  0x00000000
core   0: 0x800013ba (0x00001571) c.addi  a0, -4
core   0: 3 0x800013ba (0x1571) x10 0x00000006
core   0: 0x800013bc (0x039cffb3) remu    t6, s9, s9
core   0: 3 0x800013bc (0x039cffb3) x31 0x00000000
core   0: 0x800013c0 (0x037f81b3) mul     gp, t6, s7
core   0: 3 0x800013c0 (0x037f81b3) x3  0x00000000
core   0: 0x800013c4 (0x000054e1) c.li    s1, -8
core   0: 3 0x800013c4 (0x54e1) x9  0xfffffff8
core   0: 0x800013c6 (0x00009b7d) c.andi  a4, -1
core   0: 3 0x800013c6 (0x9b7d) x14 0x3d6d1476
core   0: 0x800013c8 (0x00000001) c.nop
core   0: 3 0x800013c8 (0x0001)
core   0: 0x800013ca (0x00008f99) c.sub   a5, a4
core   0: 3 0x800013ca (0x8f99) x15 0xc292eb89
core   0: 0x800013cc (0x00ad4db3) xor     s11, s10, a0
core   0: 3 0x800013cc (0x00ad4db3) x27 0x80029ce2
core   0: 0x800013d0 (0x000069d9) c.lui   s3, 0x16
core   0: 3 0x800013d0 (0x69d9) x19 0x00016000
core   0: 0x800013d2 (0x00000001) c.nop
core   0: 3 0x800013d2 (0x0001)
core   0: 0x800013d4 (0xe5b5b893) sltiu   a7, a1, -421
core   0: 3 0x800013d4 (0xe5b5b893) x17 0x00000001
core   0: 0x800013d8 (0x00008ea9) c.xor   a3, a0
core   0: 3 0x800013d8 (0x8ea9) x13 0xfffffffb
core   0: 0x800013da (0x00000001) c.nop
core   0: 3 0x800013da (0x0001)
core   0: 0x800013dc (0x00000001) c.nop
core   0: 3 0x800013dc (0x0001)
core   0: 0x800013de (0x0190edb3) or      s11, ra, s9
core   0: 3 0x800013de (0x0190edb3) x27 0xffffffef
core   0: 0x800013e2 (0x0199f233) and     tp, s3, s9
core   0: 3 0x800013e2 (0x0199f233) x4  0x00000000
core   0: 0x800013e6 (0x00000489) c.addi  s1, 2
core   0: 3 0x800013e6 (0x0489) x9  0xfffffffa
core   0: 0x800013e8 (0x0000825a) c.mv    tp, s6
core   0: 3 0x800013e8 (0x825a) x4  0xffffffee
core   0: 0x800013ea (0x00000001) c.nop
core   0: 3 0x800013ea (0x0001)
core   0: 0x800013ec (0x0000fcf9) c.bnez  s1, pc - 34
core   0: 3 0x800013ec (0xfcf9)
core   0: 0x800013ca (0x00008f99) c.sub   a5, a4
core   0: 3 0x800013ca (0x8f99) x15 0x8525d713
core   0: 0x800013cc (0x00ad4db3) xor     s11, s10, a0
core   0: 3 0x800013cc (0x00ad4db3) x27 0x80029ce2
core   0: 0x800013d0 (0x000069d9) c.lui   s3, 0x16
core   0: 3 0x800013d0 (0x69d9) x19 0x00016000
core   0: 0x800013d2 (0x00000001) c.nop
core   0: 3 0x800013d2 (0x0001)
core   0: 0x800013d4 (0xe5b5b893) sltiu   a7, a1, -421
core   0: 3 0x800013d4 (0xe5b5b893) x17 0x00000001
core   0: 0x800013d8 (0x00008ea9) c.xor   a3, a0
core   0: 3 0x800013d8 (0x8ea9) x13 0xfffffffd
core   0: 0x800013da (0x00000001) c.nop
core   0: 3 0x800013da (0x0001)
core   0: 0x800013dc (0x00000001) c.nop
core   0: 3 0x800013dc (0x0001)
core   0: 0x800013de (0x0190edb3) or      s11, ra, s9
core   0: 3 0x800013de (0x0190edb3) x27 0xffffffef
core   0: 0x800013e2 (0x0199f233) and     tp, s3, s9
core   0: 3 0x800013e2 (0x0199f233) x4  0x00000000
core   0: 0x800013e6 (0x00000489) c.addi  s1, 2
core   0: 3 0x800013e6 (0x0489) x9  0xfffffffc
core   0: 0x800013e8 (0x0000825a) c.mv    tp, s6
core   0: 3 0x800013e8 (0x825a) x4  0xffffffee
core   0: 0x800013ea (0x00000001) c.nop
core   0: 3 0x800013ea (0x0001)
core   0: 0x800013ec (0x0000fcf9) c.bnez  s1, pc - 34
core   0: 3 0x800013ec (0xfcf9)
core   0: 0x800013ca (0x00008f99) c.sub   a5, a4
core   0: 3 0x800013ca (0x8f99) x15 0x47b8c29d
core   0: 0x800013cc (0x00ad4db3) xor     s11, s10, a0
core   0: 3 0x800013cc (0x00ad4db3) x27 0x80029ce2
core   0: 0x800013d0 (0x000069d9) c.lui   s3, 0x16
core   0: 3 0x800013d0 (0x69d9) x19 0x00016000
core   0: 0x800013d2 (0x00000001) c.nop
core   0: 3 0x800013d2 (0x0001)
core   0: 0x800013d4 (0xe5b5b893) sltiu   a7, a1, -421
core   0: 3 0x800013d4 (0xe5b5b893) x17 0x00000001
core   0: 0x800013d8 (0x00008ea9) c.xor   a3, a0
core   0: 3 0x800013d8 (0x8ea9) x13 0xfffffffb
core   0: 0x800013da (0x00000001) c.nop
core   0: 3 0x800013da (0x0001)
core   0: 0x800013dc (0x00000001) c.nop
core   0: 3 0x800013dc (0x0001)
core   0: 0x800013de (0x0190edb3) or      s11, ra, s9
core   0: 3 0x800013de (0x0190edb3) x27 0xffffffef
core   0: 0x800013e2 (0x0199f233) and     tp, s3, s9
core   0: 3 0x800013e2 (0x0199f233) x4  0x00000000
core   0: 0x800013e6 (0x00000489) c.addi  s1, 2
core   0: 3 0x800013e6 (0x0489) x9  0xfffffffe
core   0: 0x800013e8 (0x0000825a) c.mv    tp, s6
core   0: 3 0x800013e8 (0x825a) x4  0xffffffee
core   0: 0x800013ea (0x00000001) c.nop
core   0: 3 0x800013ea (0x0001)
core   0: 0x800013ec (0x0000fcf9) c.bnez  s1, pc - 34
core   0: 3 0x800013ec (0xfcf9)
core   0: 0x800013ca (0x00008f99) c.sub   a5, a4
core   0: 3 0x800013ca (0x8f99) x15 0x0a4bae27
core   0: 0x800013cc (0x00ad4db3) xor     s11, s10, a0
core   0: 3 0x800013cc (0x00ad4db3) x27 0x80029ce2
core   0: 0x800013d0 (0x000069d9) c.lui   s3, 0x16
core   0: 3 0x800013d0 (0x69d9) x19 0x00016000
core   0: 0x800013d2 (0x00000001) c.nop
core   0: 3 0x800013d2 (0x0001)
core   0: 0x800013d4 (0xe5b5b893) sltiu   a7, a1, -421
core   0: 3 0x800013d4 (0xe5b5b893) x17 0x00000001
core   0: 0x800013d8 (0x00008ea9) c.xor   a3, a0
core   0: 3 0x800013d8 (0x8ea9) x13 0xfffffffd
core   0: 0x800013da (0x00000001) c.nop
core   0: 3 0x800013da (0x0001)
core   0: 0x800013dc (0x00000001) c.nop
core   0: 3 0x800013dc (0x0001)
core   0: 0x800013de (0x0190edb3) or      s11, ra, s9
core   0: 3 0x800013de (0x0190edb3) x27 0xffffffef
core   0: 0x800013e2 (0x0199f233) and     tp, s3, s9
core   0: 3 0x800013e2 (0x0199f233) x4  0x00000000
core   0: 0x800013e6 (0x00000489) c.addi  s1, 2
core   0: 3 0x800013e6 (0x0489) x9  0x00000000
core   0: 0x800013e8 (0x0000825a) c.mv    tp, s6
core   0: 3 0x800013e8 (0x825a) x4  0xffffffee
core   0: 0x800013ea (0x00000001) c.nop
core   0: 3 0x800013ea (0x0001)
core   0: 0x800013ec (0x0000fcf9) c.bnez  s1, pc - 34
core   0: 3 0x800013ec (0xfcf9)
core   0: 0x800013ee (0x00008205) c.srli  a2, 1
core   0: 3 0x800013ee (0x8205) x12 0x00000001
core   0: 0x800013f0 (0x002c5c33) srl     s8, s8, sp
core   0: 3 0x800013f0 (0x002c5c33) x24 0x00000000
core   0: 0x800013f4 (0xfd6500e3) beq     a0, s6, pc - 64
core   0: 3 0x800013f4 (0xfd6500e3)
core   0: 0x800013f8 (0x68250297) auipc   t0, 0x68250
core   0: 3 0x800013f8 (0x68250297) x5  0xe82513f8
core   0: 0x800013fc (0x00004e8d) c.li    t4, 3
core   0: 3 0x800013fc (0x4e8d) x29 0x00000003
core   0: 0x800013fe (0x41638c13) addi    s8, t2, 1046
core   0: 3 0x800013fe (0x41638c13) x24 0x00000416
core   0: 0x80001402 (0x00005a31) c.li    s4, -20
core   0: 3 0x80001402 (0x5a31) x20 0xffffffec
core   0: 0x80001404 (0x00006289) c.lui   t0, 0x2
core   0: 3 0x80001404 (0x6289) x5  0x00002000
core   0: 0x80001406 (0x3256f793) andi    a5, a3, 805
core   0: 3 0x80001406 (0x3256f793) x15 0x00000325
core   0: 0x8000140a (0x032f4233) div     tp, t5, s2
core   0: 3 0x8000140a (0x032f4233) x4  0x00000000
core   0: 0x8000140e (0x009e9bb3) sll     s7, t4, s1
core   0: 3 0x8000140e (0x009e9bb3) x23 0x00000003
core   0: 0x80001412 (0x00001ee5) c.addi  t4, -7
core   0: 3 0x80001412 (0x1ee5) x29 0xfffffffc
core   0: 0x80001414 (0x0176cf33) xor     t5, a3, s7
core   0: 3 0x80001414 (0x0176cf33) x30 0xfffffffe
core   0: 0x80001418 (0x00008ef9) c.and   a3, a4
core   0: 3 0x80001418 (0x8ef9) x13 0x3d6d1474
core   0: 0x8000141a (0x00000001) c.nop
core   0: 3 0x8000141a (0x0001)
core   0: 0x8000141c (0x000012fd) c.addi  t0, -1
core   0: 3 0x8000141c (0x12fd) x5  0x00001fff
core   0: 0x8000141e (0x02de1bb3) mulh    s7, t3, a3
core   0: 3 0x8000141e (0x02de1bb3) x23 0xfffffffa
core   0: 0x80001422 (0x55376d13) ori     s10, a4, 1363
core   0: 3 0x80001422 (0x55376d13) x26 0x3d6d1577
core   0: 0x80001426 (0x0373acb3) mulhsu  s9, t2, s7
core   0: 3 0x80001426 (0x0373acb3) x25 0x00000000
core   0: 0x8000142a (0x00000001) c.nop
core   0: 3 0x8000142a (0x0001)
core   0: 0x8000142c (0x03aac333) div     t1, s5, s10
core   0: 3 0x8000142c (0x03aac333) x6  0xfffffffe
core   0: 0x80001430 (0xeffbe993) ori     s3, s7, -257
core   0: 3 0x80001430 (0xeffbe993) x19 0xffffffff
core   0: 0x80001434 (0x00000da9) c.addi  s11, 10
core   0: 3 0x80001434 (0x0da9) x27 0xfffffff9
core   0: 0x80001436 (0x00008dc1) c.or    a1, s0
core   0: 3 0x80001436 (0x8dc1) x11 0x80029ce4
core   0: 0x80001438 (0x03843633) mulhu   a2, s0, s8
core   0: 3 0x80001438 (0x03843633) x12 0x0000020b
core   0: 0x8000143c (0xfd4ed5e3) bge     t4, s4, pc - 54
core   0: 3 0x8000143c (0xfd4ed5e3)
core   0: 0x80001406 (0x3256f793) andi    a5, a3, 805
core   0: 3 0x80001406 (0x3256f793) x15 0x00000024
core   0: 0x8000140a (0x032f4233) div     tp, t5, s2
core   0: 3 0x8000140a (0x032f4233) x4  0x00000000
core   0: 0x8000140e (0x009e9bb3) sll     s7, t4, s1
core   0: 3 0x8000140e (0x009e9bb3) x23 0xfffffffc
core   0: 0x80001412 (0x00001ee5) c.addi  t4, -7
core   0: 3 0x80001412 (0x1ee5) x29 0xfffffff5
core   0: 0x80001414 (0x0176cf33) xor     t5, a3, s7
core   0: 3 0x80001414 (0x0176cf33) x30 0xc292eb88
core   0: 0x80001418 (0x00008ef9) c.and   a3, a4
core   0: 3 0x80001418 (0x8ef9) x13 0x3d6d1474
core   0: 0x8000141a (0x00000001) c.nop
core   0: 3 0x8000141a (0x0001)
core   0: 0x8000141c (0x000012fd) c.addi  t0, -1
core   0: 3 0x8000141c (0x12fd) x5  0x00001ffe
core   0: 0x8000141e (0x02de1bb3) mulh    s7, t3, a3
core   0: 3 0x8000141e (0x02de1bb3) x23 0xfffffffa
core   0: 0x80001422 (0x55376d13) ori     s10, a4, 1363
core   0: 3 0x80001422 (0x55376d13) x26 0x3d6d1577
core   0: 0x80001426 (0x0373acb3) mulhsu  s9, t2, s7
core   0: 3 0x80001426 (0x0373acb3) x25 0x00000000
core   0: 0x8000142a (0x00000001) c.nop
core   0: 3 0x8000142a (0x0001)
core   0: 0x8000142c (0x03aac333) div     t1, s5, s10
core   0: 3 0x8000142c (0x03aac333) x6  0xfffffffe
core   0: 0x80001430 (0xeffbe993) ori     s3, s7, -257
core   0: 3 0x80001430 (0xeffbe993) x19 0xffffffff
core   0: 0x80001434 (0x00000da9) c.addi  s11, 10
core   0: 3 0x80001434 (0x0da9) x27 0x00000003
core   0: 0x80001436 (0x00008dc1) c.or    a1, s0
core   0: 3 0x80001436 (0x8dc1) x11 0x80029ce4
core   0: 0x80001438 (0x03843633) mulhu   a2, s0, s8
core   0: 3 0x80001438 (0x03843633) x12 0x0000020b
core   0: 0x8000143c (0xfd4ed5e3) bge     t4, s4, pc - 54
core   0: 3 0x8000143c (0xfd4ed5e3)
core   0: 0x80001406 (0x3256f793) andi    a5, a3, 805
core   0: 3 0x80001406 (0x3256f793) x15 0x00000024
core   0: 0x8000140a (0x032f4233) div     tp, t5, s2
core   0: 3 0x8000140a (0x032f4233) x4  0x00000000
core   0: 0x8000140e (0x009e9bb3) sll     s7, t4, s1
core   0: 3 0x8000140e (0x009e9bb3) x23 0xfffffff5
core   0: 0x80001412 (0x00001ee5) c.addi  t4, -7
core   0: 3 0x80001412 (0x1ee5) x29 0xffffffee
core   0: 0x80001414 (0x0176cf33) xor     t5, a3, s7
core   0: 3 0x80001414 (0x0176cf33) x30 0xc292eb81
core   0: 0x80001418 (0x00008ef9) c.and   a3, a4
core   0: 3 0x80001418 (0x8ef9) x13 0x3d6d1474
core   0: 0x8000141a (0x00000001) c.nop
core   0: 3 0x8000141a (0x0001)
core   0: 0x8000141c (0x000012fd) c.addi  t0, -1
core   0: 3 0x8000141c (0x12fd) x5  0x00001ffd
core   0: 0x8000141e (0x02de1bb3) mulh    s7, t3, a3
core   0: 3 0x8000141e (0x02de1bb3) x23 0xfffffffa
core   0: 0x80001422 (0x55376d13) ori     s10, a4, 1363
core   0: 3 0x80001422 (0x55376d13) x26 0x3d6d1577
core   0: 0x80001426 (0x0373acb3) mulhsu  s9, t2, s7
core   0: 3 0x80001426 (0x0373acb3) x25 0x00000000
core   0: 0x8000142a (0x00000001) c.nop
core   0: 3 0x8000142a (0x0001)
core   0: 0x8000142c (0x03aac333) div     t1, s5, s10
core   0: 3 0x8000142c (0x03aac333) x6  0xfffffffe
core   0: 0x80001430 (0xeffbe993) ori     s3, s7, -257
core   0: 3 0x80001430 (0xeffbe993) x19 0xffffffff
core   0: 0x80001434 (0x00000da9) c.addi  s11, 10
core   0: 3 0x80001434 (0x0da9) x27 0x0000000d
core   0: 0x80001436 (0x00008dc1) c.or    a1, s0
core   0: 3 0x80001436 (0x8dc1) x11 0x80029ce4
core   0: 0x80001438 (0x03843633) mulhu   a2, s0, s8
core   0: 3 0x80001438 (0x03843633) x12 0x0000020b
core   0: 0x8000143c (0xfd4ed5e3) bge     t4, s4, pc - 54
core   0: 3 0x8000143c (0xfd4ed5e3)
core   0: 0x80001406 (0x3256f793) andi    a5, a3, 805
core   0: 3 0x80001406 (0x3256f793) x15 0x00000024
core   0: 0x8000140a (0x032f4233) div     tp, t5, s2
core   0: 3 0x8000140a (0x032f4233) x4  0x00000000
core   0: 0x8000140e (0x009e9bb3) sll     s7, t4, s1
core   0: 3 0x8000140e (0x009e9bb3) x23 0xffffffee
core   0: 0x80001412 (0x00001ee5) c.addi  t4, -7
core   0: 3 0x80001412 (0x1ee5) x29 0xffffffe7
core   0: 0x80001414 (0x0176cf33) xor     t5, a3, s7
core   0: 3 0x80001414 (0x0176cf33) x30 0xc292eb9a
core   0: 0x80001418 (0x00008ef9) c.and   a3, a4
core   0: 3 0x80001418 (0x8ef9) x13 0x3d6d1474
core   0: 0x8000141a (0x00000001) c.nop
core   0: 3 0x8000141a (0x0001)
core   0: 0x8000141c (0x000012fd) c.addi  t0, -1
core   0: 3 0x8000141c (0x12fd) x5  0x00001ffc
core   0: 0x8000141e (0x02de1bb3) mulh    s7, t3, a3
core   0: 3 0x8000141e (0x02de1bb3) x23 0xfffffffa
core   0: 0x80001422 (0x55376d13) ori     s10, a4, 1363
core   0: 3 0x80001422 (0x55376d13) x26 0x3d6d1577
core   0: 0x80001426 (0x0373acb3) mulhsu  s9, t2, s7
core   0: 3 0x80001426 (0x0373acb3) x25 0x00000000
core   0: 0x8000142a (0x00000001) c.nop
core   0: 3 0x8000142a (0x0001)
core   0: 0x8000142c (0x03aac333) div     t1, s5, s10
core   0: 3 0x8000142c (0x03aac333) x6  0xfffffffe
core   0: 0x80001430 (0xeffbe993) ori     s3, s7, -257
core   0: 3 0x80001430 (0xeffbe993) x19 0xffffffff
core   0: 0x80001434 (0x00000da9) c.addi  s11, 10
core   0: 3 0x80001434 (0x0da9) x27 0x00000017
core   0: 0x80001436 (0x00008dc1) c.or    a1, s0
core   0: 3 0x80001436 (0x8dc1) x11 0x80029ce4
core   0: 0x80001438 (0x03843633) mulhu   a2, s0, s8
core   0: 3 0x80001438 (0x03843633) x12 0x0000020b
core   0: 0x8000143c (0xfd4ed5e3) bge     t4, s4, pc - 54
core   0: 3 0x8000143c (0xfd4ed5e3)
core   0: 0x80001440 (0x02abf333) remu    t1, s7, a0
core   0: 3 0x80001440 (0x02abf333) x6  0x00000004
core   0: 0x80001444 (0x000048a9) c.li    a7, 10
core   0: 3 0x80001444 (0x48a9) x17 0x0000000a
core   0: 0x80001446 (0x01961b33) sll     s6, a2, s9
core   0: 3 0x80001446 (0x01961b33) x22 0x0000020b
core   0: 0x8000144a (0x0000717d) c.addi16sp sp, -16
core   0: 3 0x8000144a (0x717d) x2  0xffffffe1
core   0: 0x8000144c (0x71833013) sltiu   zero, t1, 1816
core   0: 3 0x8000144c (0x71833013)
core   0: 0x80001450 (0x00004c29) c.li    s8, 10
core   0: 3 0x80001450 (0x4c29) x24 0x0000000a
core   0: 0x80001452 (0x00008f99) c.sub   a5, a4
core   0: 3 0x80001452 (0x8f99) x15 0xc292ebae
core   0: 0x80001454 (0x03a20d33) mul     s10, tp, s10
core   0: 3 0x80001454 (0x03a20d33) x26 0x00000000
core   0: 0x80001458 (0x000018dd) c.addi  a7, -9
core   0: 3 0x80001458 (0x18dd) x17 0x00000001
core   0: 0x8000145a (0x40c982b3) sub     t0, s3, a2
core   0: 3 0x8000145a (0x40c982b3) x5  0xfffffdf4
core   0: 0x8000145e (0x000044a9) c.li    s1, 10
core   0: 3 0x8000145e (0x44a9) x9  0x0000000a
core   0: 0x80001460 (0x017e5eb3) srl     t4, t3, s7
core   0: 3 0x80001460 (0x017e5eb3) x29 0x0000003f
core   0: 0x80001464 (0x00004a29) c.li    s4, 10
core   0: 3 0x80001464 (0x4a29) x20 0x0000000a
core   0: 0x80001466 (0x0124b2b3) sltu    t0, s1, s2
core   0: 3 0x80001466 (0x0124b2b3) x5  0x00000001
core   0: 0x8000146a (0xb1a20393) addi    t2, tp, -1254
core   0: 3 0x8000146a (0xb1a20393) x7  0xfffffb1a
core   0: 0x8000146e (0x000087cd) c.srai  a5, 19
core   0: 3 0x8000146e (0x87cd) x15 0xfffff852
core   0: 0x80001470 (0x0187cbb3) xor     s7, a5, s8
core   0: 3 0x80001470 (0x0187cbb3) x23 0xfffff858
core   0: 0x80001474 (0x02615b33) divu    s6, sp, t1
core   0: 3 0x80001474 (0x02615b33) x22 0x3ffffff8
core   0: 0x80001478 (0x000014dd) c.addi  s1, -9
core   0: 3 0x80001478 (0x14dd) x9  0x00000001
core   0: 0x8000147a (0x288cbc93) sltiu   s9, s9, 648
core   0: 3 0x8000147a (0x288cbc93) x25 0x00000001
core   0: 0x8000147e (0xff44f9e3) bgeu    s1, s4, pc - 14
core   0: 3 0x8000147e (0xff44f9e3)
core   0: 0x80001482 (0x016d4cb3) xor     s9, s10, s6
core   0: 3 0x80001482 (0x016d4cb3) x25 0x3ffffff8
core   0: 0x80001486 (0x026dab33) mulhsu  s6, s11, t1
core   0: 3 0x80001486 (0x026dab33) x22 0x00000000
core   0: 0x8000148a (0x0105a0b3) slt     ra, a1, a6
core   0: 3 0x8000148a (0x0105a0b3) x1  0x00000000
core   0: 0x8000148e (0x0000717d) c.addi16sp sp, -16
core   0: 3 0x8000148e (0x717d) x2  0xffffffd1
core   0: 0x80001490 (0xfd88f2e3) bgeu    a7, s8, pc - 60
core   0: 3 0x80001490 (0xfd88f2e3)
core   0: 0x80001494 (0x03932733) mulhsu  a4, t1, s9
core   0: 3 0x80001494 (0x03932733) x14 0x00000000
core   0: 0x80001498 (0x0000567d) c.li    a2, -1
core   0: 3 0x80001498 (0x567d) x12 0xffffffff
core   0: 0x8000149a (0x44c56193) ori     gp, a0, 1100
core   0: 3 0x8000149a (0x44c56193) x3  0x0000044e
core   0: 0x8000149e (0x00000001) c.nop
core   0: 3 0x8000149e (0x0001)
core   0: 0x800014a0 (0x01a7cd33) xor     s10, a5, s10
core   0: 3 0x800014a0 (0x01a7cd33) x26 0xfffff852
core   0: 0x800014a4 (0x014730b3) sltu    ra, a4, s4
core   0: 3 0x800014a4 (0x014730b3) x1  0x00000001
core   0: 0x800014a8 (0x41e18533) sub     a0, gp, t5
core   0: 3 0x800014a8 (0x41e18533) x10 0x3d6d18b4
core   0: 0x800014ac (0xfcfe8893) addi    a7, t4, -49
core   0: 3 0x800014ac (0xfcfe8893) x17 0x0000000e
core   0: 0x800014b0 (0x00000605) c.addi  a2, 1
core   0: 3 0x800014b0 (0x0605) x12 0x00000000
core   0: 0x800014b2 (0x41bddc93) srai    s9, s11, 27
core   0: 3 0x800014b2 (0x41bddc93) x25 0x00000000
core   0: 0x800014b6 (0x03bba933) mulhsu  s2, s7, s11
core   0: 3 0x800014b6 (0x03bba933) x18 0xffffffff
core   0: 0x800014ba (0x417bd193) srai    gp, s7, 23
core   0: 3 0x800014ba (0x417bd193) x3  0xffffffff
core   0: 0x800014be (0x004d2333) slt     t1, s10, tp
core   0: 3 0x800014be (0x004d2333) x6  0x00000001
core   0: 0x800014c2 (0x00004391) c.li    t2, 4
core   0: 3 0x800014c2 (0x4391) x7  0x00000004
core   0: 0x800014c4 (0x00af9b13) slli    s6, t6, 10
core   0: 3 0x800014c4 (0x00af9b13) x22 0x00000000
core   0: 0x800014c8 (0x02267333) remu    t1, a2, sp
core   0: 3 0x800014c8 (0x02267333) x6  0x00000000
core   0: 0x800014cc (0x00000001) c.nop
core   0: 3 0x800014cc (0x0001)
core   0: 0x800014ce (0x41cad133) sra     sp, s5, t3
core   0: 3 0x800014ce (0x41cad133) x2  0xff0004bc
core   0: 0x800014d2 (0x00004c39) c.li    s8, 14
core   0: 3 0x800014d2 (0x4c39) x24 0x0000000e
core   0: 0x800014d4 (0x0046f1b3) and     gp, a3, tp
core   0: 3 0x800014d4 (0x0046f1b3) x3  0x00000000
core   0: 0x800014d8 (0x0000095d) c.addi  s2, 23
core   0: 3 0x800014d8 (0x095d) x18 0x00000016
core   0: 0x800014da (0x02e88cb3) mul     s9, a7, a4
core   0: 3 0x800014da (0x02e88cb3) x25 0x00000000
core   0: 0x800014de (0xea176d93) ori     s11, a4, -351
core   0: 3 0x800014de (0xea176d93) x27 0xfffffea1
core   0: 0x800014e2 (0x03e0f733) remu    a4, ra, t5
core   0: 3 0x800014e2 (0x03e0f733) x14 0x00000001
core   0: 0x800014e6 (0x0000577d) c.li    a4, -1
core   0: 3 0x800014e6 (0x577d) x14 0xffffffff
core   0: 0x800014e8 (0x000003a9) c.addi  t2, 10
core   0: 3 0x800014e8 (0x03a9) x7  0x0000000e
core   0: 0x800014ea (0x02108eb3) mul     t4, ra, ra
core   0: 3 0x800014ea (0x02108eb3) x29 0x00000001
core   0: 0x800014ee (0xff839ae3) bne     t2, s8, pc - 12
core   0: 3 0x800014ee (0xff839ae3)
core   0: 0x800014f2 (0x000084e5) c.srai  s1, 25
core   0: 3 0x800014f2 (0x84e5) x9  0x00000000
core   0: 0x800014f4 (0x000010fd) c.addi  ra, -1
core   0: 3 0x800014f4 (0x10fd) x1  0x00000000
core   0: 0x800014f6 (0x0000fa4d) c.bnez  a2, pc - 78
core   0: 3 0x800014f6 (0xfa4d)
core   0: 0x800014f8 (0x00085993) srli    s3, a6, 0
core   0: 3 0x800014f8 (0x00085993) x19 0x80000000
core   0: 0x800014fc (0x0000575d) c.li    a4, -9
core   0: 3 0x800014fc (0x575d) x14 0xfffffff7
core   0: 0x800014fe (0xa4ce0293) addi    t0, t3, -1460
core   0: 3 0x800014fe (0xa4ce0293) x5  0xfffffa33
core   0: 0x80001502 (0x00008fc9) c.or    a5, a0
core   0: 3 0x80001502 (0x8fc9) x15 0xfffff8f6
core   0: 0x80001504 (0x00d28eb3) add     t4, t0, a3
core   0: 3 0x80001504 (0x00d28eb3) x29 0x3d6d0ea7
core   0: 0x80001508 (0x01ec3333) sltu    t1, s8, t5
core   0: 3 0x80001508 (0x01ec3333) x6  0x00000001
core   0: 0x8000150c (0x01114633) xor     a2, sp, a7
core   0: 3 0x8000150c (0x01114633) x12 0xff0004b2
core   0: 0x80001510 (0x00000c9d) c.addi  s9, 7
core   0: 3 0x80001510 (0x0c9d) x25 0x00000007
core   0: 0x80001512 (0x000044b5) c.li    s1, 13
core   0: 3 0x80001512 (0x44b5) x9  0x0000000d
core   0: 0x80001514 (0x00008d0d) c.sub   a0, a1
core   0: 3 0x80001514 (0x8d0d) x10 0xbd6a7bd0
core   0: 0x80001516 (0x01d5bf33) sltu    t5, a1, t4
core   0: 3 0x80001516 (0x01d5bf33) x30 0x00000000
core   0: 0x8000151a (0x00000705) c.addi  a4, 1
core   0: 3 0x8000151a (0x0705) x14 0xfffffff8
core   0: 0x8000151c (0x00cb2933) slt     s2, s6, a2
core   0: 3 0x8000151c (0x00cb2933) x18 0x00000000
core   0: 0x80001520 (0x00004b0d) c.li    s6, 3
core   0: 3 0x80001520 (0x4b0d) x22 0x00000003
core   0: 0x80001522 (0x0000424d) c.li    tp, 19
core   0: 3 0x80001522 (0x424d) x4  0x00000013
core   0: 0x80001524 (0x0104b033) sltu    zero, s1, a6
core   0: 3 0x80001524 (0x0104b033)
core   0: 0x80001528 (0x03a74533) div     a0, a4, s10
core   0: 3 0x80001528 (0x03a74533) x10 0x00000000
core   0: 0x8000152c (0x000083e6) c.mv    t2, s9
core   0: 3 0x8000152c (0x83e6) x7  0x00000007
core   0: 0x8000152e (0x00f33bb3) sltu    s7, t1, a5
core   0: 3 0x8000152e (0x00f33bb3) x23 0x00000001
core   0: 0x80001532 (0x00fe9d33) sll     s10, t4, a5
core   0: 3 0x80001532 (0x00fe9d33) x26 0xa9c00000
core   0: 0x80001536 (0x1c016613) ori     a2, sp, 448
core   0: 3 0x80001536 (0x1c016613) x12 0xff0005fc
core   0: 0x8000153a (0x00000b15) c.addi  s6, 5
core   0: 3 0x8000153a (0x0b15) x22 0x00000008
core   0: 0x8000153c (0x00000001) c.nop
core   0: 3 0x8000153c (0x0001)
core   0: 0x8000153e (0xfe4b48e3) blt     s6, tp, pc - 16
core   0: 3 0x8000153e (0xfe4b48e3)
core   0: 0x8000152e (0x00f33bb3) sltu    s7, t1, a5
core   0: 3 0x8000152e (0x00f33bb3) x23 0x00000001
core   0: 0x80001532 (0x00fe9d33) sll     s10, t4, a5
core   0: 3 0x80001532 (0x00fe9d33) x26 0xa9c00000
core   0: 0x80001536 (0x1c016613) ori     a2, sp, 448
core   0: 3 0x80001536 (0x1c016613) x12 0xff0005fc
core   0: 0x8000153a (0x00000b15) c.addi  s6, 5
core   0: 3 0x8000153a (0x0b15) x22 0x0000000d
core   0: 0x8000153c (0x00000001) c.nop
core   0: 3 0x8000153c (0x0001)
core   0: 0x8000153e (0xfe4b48e3) blt     s6, tp, pc - 16
core   0: 3 0x8000153e (0xfe4b48e3)
core   0: 0x8000152e (0x00f33bb3) sltu    s7, t1, a5
core   0: 3 0x8000152e (0x00f33bb3) x23 0x00000001
core   0: 0x80001532 (0x00fe9d33) sll     s10, t4, a5
core   0: 3 0x80001532 (0x00fe9d33) x26 0xa9c00000
core   0: 0x80001536 (0x1c016613) ori     a2, sp, 448
core   0: 3 0x80001536 (0x1c016613) x12 0xff0005fc
core   0: 0x8000153a (0x00000b15) c.addi  s6, 5
core   0: 3 0x8000153a (0x0b15) x22 0x00000012
core   0: 0x8000153c (0x00000001) c.nop
core   0: 3 0x8000153c (0x0001)
core   0: 0x8000153e (0xfe4b48e3) blt     s6, tp, pc - 16
core   0: 3 0x8000153e (0xfe4b48e3)
core   0: 0x8000152e (0x00f33bb3) sltu    s7, t1, a5
core   0: 3 0x8000152e (0x00f33bb3) x23 0x00000001
core   0: 0x80001532 (0x00fe9d33) sll     s10, t4, a5
core   0: 3 0x80001532 (0x00fe9d33) x26 0xa9c00000
core   0: 0x80001536 (0x1c016613) ori     a2, sp, 448
core   0: 3 0x80001536 (0x1c016613) x12 0xff0005fc
core   0: 0x8000153a (0x00000b15) c.addi  s6, 5
core   0: 3 0x8000153a (0x0b15) x22 0x00000017
core   0: 0x8000153c (0x00000001) c.nop
core   0: 3 0x8000153c (0x0001)
core   0: 0x8000153e (0xfe4b48e3) blt     s6, tp, pc - 16
core   0: 3 0x8000153e (0xfe4b48e3)
core   0: 0x80001542 (0x0024e2b3) or      t0, s1, sp
core   0: 3 0x80001542 (0x0024e2b3) x5  0xff0004bd
core   0: 0x80001546 (0x00000001) c.nop
core   0: 3 0x80001546 (0x0001)
core   0: 0x80001548 (0x03be7db3) remu    s11, t3, s11
core   0: 3 0x80001548 (0x03be7db3) x27 0x00000146
core   0: 0x8000154c (0x00005a7d) c.li    s4, -1
core   0: 3 0x8000154c (0x5a7d) x20 0xffffffff
core   0: 0x8000154e (0xfc9763e3) bltu    a4, s1, pc - 58
core   0: 3 0x8000154e (0xfc9763e3)
core   0: 0x80001552 (0x000019fd) c.addi  s3, -1
core   0: 3 0x80001552 (0x19fd) x19 0x7fffffff
core   0: 0x80001554 (0x0000460d) c.li    a2, 3
core   0: 3 0x80001554 (0x460d) x12 0x00000003
core   0: 0x80001556 (0x02ba47b3) div     a5, s4, a1
core   0: 3 0x80001556 (0x02ba47b3) x15 0x00000000
core   0: 0x8000155a (0x00004199) c.li    gp, 6
core   0: 3 0x8000155a (0x4199) x3  0x00000006
core   0: 0x8000155c (0x02973eb3) mulhu   t4, a4, s1
core   0: 3 0x8000155c (0x02973eb3) x29 0x0000000c
core   0: 0x80001560 (0x00000001) c.nop
core   0: 3 0x80001560 (0x0001)
core   0: 0x80001562 (0x033df2b3) remu    t0, s11, s3
core   0: 3 0x80001562 (0x033df2b3) x5  0x00000146
core   0: 0x80001566 (0x00008ca1) c.xor   s1, s0
core   0: 3 0x80001566 (0x8ca1) x9  0x80029ce9
core   0: 0x80001568 (0x00008efd) c.and   a3, a5
core   0: 3 0x80001568 (0x8efd) x13 0x00000000
core   0: 0x8000156a (0x02fb67b3) rem     a5, s6, a5
core   0: 3 0x8000156a (0x02fb67b3) x15 0x00000017
core   0: 0x8000156e (0x41a350b3) sra     ra, t1, s10
core   0: 3 0x8000156e (0x41a350b3) x1  0x00000001
core   0: 0x80001572 (0x000097da) c.add   a5, s6
core   0: 3 0x80001572 (0x97da) x15 0x0000002e
core   0: 0x80001574 (0x00000605) c.addi  a2, 1
core   0: 3 0x80001574 (0x0605) x12 0x00000004
core   0: 0x80001576 (0x00009e7a) c.add   t3, t5
core   0: 3 0x80001576 (0x9e7a) x28 0xffffffe7
core   0: 0x80001578 (0x8fa4f713) andi    a4, s1, -1798
core   0: 3 0x80001578 (0x8fa4f713) x14 0x800298e8
core   0: 0x8000157c (0x00008e95) c.sub   a3, a3
core   0: 3 0x8000157c (0x8e95) x13 0x00000000
core   0: 0x8000157e (0x00834133) xor     sp, t1, s0
core   0: 3 0x8000157e (0x00834133) x2  0x80029ce5
core   0: 0x80001582 (0xfc361fe3) bne     a2, gp, pc - 34
core   0: 3 0x80001582 (0xfc361fe3)
core   0: 0x80001560 (0x00000001) c.nop
core   0: 3 0x80001560 (0x0001)
core   0: 0x80001562 (0x033df2b3) remu    t0, s11, s3
core   0: 3 0x80001562 (0x033df2b3) x5  0x00000146
core   0: 0x80001566 (0x00008ca1) c.xor   s1, s0
core   0: 3 0x80001566 (0x8ca1) x9  0x0000000d
core   0: 0x80001568 (0x00008efd) c.and   a3, a5
core   0: 3 0x80001568 (0x8efd) x13 0x00000000
core   0: 0x8000156a (0x02fb67b3) rem     a5, s6, a5
core   0: 3 0x8000156a (0x02fb67b3) x15 0x00000017
core   0: 0x8000156e (0x41a350b3) sra     ra, t1, s10
core   0: 3 0x8000156e (0x41a350b3) x1  0x00000001
core   0: 0x80001572 (0x000097da) c.add   a5, s6
core   0: 3 0x80001572 (0x97da) x15 0x0000002e
core   0: 0x80001574 (0x00000605) c.addi  a2, 1
core   0: 3 0x80001574 (0x0605) x12 0x00000005
core   0: 0x80001576 (0x00009e7a) c.add   t3, t5
core   0: 3 0x80001576 (0x9e7a) x28 0xffffffe7
core   0: 0x80001578 (0x8fa4f713) andi    a4, s1, -1798
core   0: 3 0x80001578 (0x8fa4f713) x14 0x00000008
core   0: 0x8000157c (0x00008e95) c.sub   a3, a3
core   0: 3 0x8000157c (0x8e95) x13 0x00000000
core   0: 0x8000157e (0x00834133) xor     sp, t1, s0
core   0: 3 0x8000157e (0x00834133) x2  0x80029ce5
core   0: 0x80001582 (0xfc361fe3) bne     a2, gp, pc - 34
core   0: 3 0x80001582 (0xfc361fe3)
core   0: 0x80001560 (0x00000001) c.nop
core   0: 3 0x80001560 (0x0001)
core   0: 0x80001562 (0x033df2b3) remu    t0, s11, s3
core   0: 3 0x80001562 (0x033df2b3) x5  0x00000146
core   0: 0x80001566 (0x00008ca1) c.xor   s1, s0
core   0: 3 0x80001566 (0x8ca1) x9  0x80029ce9
core   0: 0x80001568 (0x00008efd) c.and   a3, a5
core   0: 3 0x80001568 (0x8efd) x13 0x00000000
core   0: 0x8000156a (0x02fb67b3) rem     a5, s6, a5
core   0: 3 0x8000156a (0x02fb67b3) x15 0x00000017
core   0: 0x8000156e (0x41a350b3) sra     ra, t1, s10
core   0: 3 0x8000156e (0x41a350b3) x1  0x00000001
core   0: 0x80001572 (0x000097da) c.add   a5, s6
core   0: 3 0x80001572 (0x97da) x15 0x0000002e
core   0: 0x80001574 (0x00000605) c.addi  a2, 1
core   0: 3 0x80001574 (0x0605) x12 0x00000006
core   0: 0x80001576 (0x00009e7a) c.add   t3, t5
core   0: 3 0x80001576 (0x9e7a) x28 0xffffffe7
core   0: 0x80001578 (0x8fa4f713) andi    a4, s1, -1798
core   0: 3 0x80001578 (0x8fa4f713) x14 0x800298e8
core   0: 0x8000157c (0x00008e95) c.sub   a3, a3
core   0: 3 0x8000157c (0x8e95) x13 0x00000000
core   0: 0x8000157e (0x00834133) xor     sp, t1, s0
core   0: 3 0x8000157e (0x00834133) x2  0x80029ce5
core   0: 0x80001582 (0xfc361fe3) bne     a2, gp, pc - 34
core   0: 3 0x80001582 (0xfc361fe3)
core   0: 0x80001586 (0x00001584) c.addi4spn s1, sp, 736
core   0: 3 0x80001586 (0x1584) x9  0x80029fc5
core   0: 0x80001588 (0x00004321) c.li    t1, 8
core   0: 3 0x80001588 (0x4321) x6  0x00000008
core   0: 0x8000158a (0x00ee2bb3) slt     s7, t3, a4
core   0: 3 0x8000158a (0x00ee2bb3) x23 0x00000000
core   0: 0x8000158e (0x00008a49) c.andi  a2, 18
core   0: 3 0x8000158e (0x8a49) x12 0x00000002
core   0: 0x80001590 (0x84747493) andi    s1, s0, -1977
core   0: 3 0x80001590 (0x84747493) x9  0x80029844
core   0: 0x80001594 (0x00008a56) c.mv    s4, s5
core   0: 3 0x80001594 (0x8a56) x20 0x80025e64
core   0: 0x80001596 (0x00004721) c.li    a4, 8
core   0: 3 0x80001596 (0x4721) x14 0x00000008
core   0: 0x80001598 (0x01ff9f33) sll     t5, t6, t6
core   0: 3 0x80001598 (0x01ff9f33) x30 0x00000000
core   0: 0x8000159c (0x00000a35) c.addi  s4, 13
core   0: 3 0x8000159c (0x0a35) x20 0x80025e71
core   0: 0x8000159e (0x00001365) c.addi  t1, -7
core   0: 3 0x8000159e (0x1365) x6  0x00000001
core   0: 0x800015a0 (0x011e56b3) srl     a3, t3, a7
core   0: 3 0x800015a0 (0x011e56b3) x13 0x0003ffff
core   0: 0x800015a4 (0x00004591) c.li    a1, 4
core   0: 3 0x800015a4 (0x4591) x11 0x00000004
core   0: 0x800015a6 (0x00000001) c.nop
core   0: 3 0x800015a6 (0x0001)
core   0: 0x800015a8 (0x0227f933) remu    s2, a5, sp
core   0: 3 0x800015a8 (0x0227f933) x18 0x0000002e
core   0: 0x800015ac (0x405a5d13) srai    s10, s4, 5
core   0: 3 0x800015ac (0x405a5d13) x26 0xfc0012f3
core   0: 0x800015b0 (0x00005fed) c.li    t6, -5
core   0: 3 0x800015b0 (0x5fed) x31 0xfffffffb
core   0: 0x800015b2 (0x00008e11) c.sub   a2, a2
core   0: 3 0x800015b2 (0x8e11) x12 0x00000000
core   0: 0x800015b4 (0x404957b3) sra     a5, s2, tp
core   0: 3 0x800015b4 (0x404957b3) x15 0x00000000
core   0: 0x800015b8 (0x00008ad9) c.andi  a3, 22
core   0: 3 0x800015b8 (0x8ad9) x13 0x00000016
core   0: 0x800015ba (0x02acfc33) remu    s8, s9, a0
core   0: 3 0x800015ba (0x02acfc33) x24 0x00000007
core   0: 0x800015be (0x000015d9) c.addi  a1, -10
core   0: 3 0x800015be (0x15d9) x11 0xfffffffa
core   0: 0x800015c0 (0x794ae993) ori     s3, s5, 1940
core   0: 3 0x800015c0 (0x794ae993) x19 0x80025ff4
core   0: 0x800015c4 (0xfff5dae3) bge     a1, t6, pc - 12
core   0: 3 0x800015c4 (0xfff5dae3)
core   0: 0x800015c8 (0x00008bdd) c.andi  a5, 23
core   0: 3 0x800015c8 (0x8bdd) x15 0x00000000
core   0: 0x800015ca (0x0142b933) sltu    s2, t0, s4
core   0: 3 0x800015ca (0x0142b933) x18 0x00000001
core   0: 0x800015ce (0xfce377e3) bgeu    t1, a4, pc - 50
core   0: 3 0x800015ce (0xfce377e3)
core   0: 0x800015d2 (0x00008e69) c.and   a2, a0
core   0: 3 0x800015d2 (0x8e69) x12 0x00000000
core   0: 0x800015d4 (0x00004b29) c.li    s6, 10
core   0: 3 0x800015d4 (0x4b29) x22 0x0000000a
core   0: 0x800015d6 (0x0000625d) c.lui   tp, 0x17
core   0: 3 0x800015d6 (0x625d) x4  0x00017000
core   0: 0x800015d8 (0x02ef19b3) mulh    s3, t5, a4
core   0: 3 0x800015d8 (0x02ef19b3) x19 0x00000000
core   0: 0x800015dc (0x00008291) c.srli  a3, 4
core   0: 3 0x800015dc (0x8291) x13 0x00000001
core   0: 0x800015de (0x02b8ee33) rem     t3, a7, a1
core   0: 3 0x800015de (0x02b8ee33) x28 0x00000002
core   0: 0x800015e2 (0x00004629) c.li    a2, 10
core   0: 3 0x800015e2 (0x4629) x12 0x0000000a
core   0: 0x800015e4 (0x00004f29) c.li    t5, 10
core   0: 3 0x800015e4 (0x4f29) x30 0x0000000a
core   0: 0x800015e6 (0x017dfe33) and     t3, s11, s7
core   0: 3 0x800015e6 (0x017dfe33) x28 0x00000000
core   0: 0x800015ea (0x00008dd1) c.or    a1, a2
core   0: 3 0x800015ea (0x8dd1) x11 0xfffffffa
core   0: 0x800015ec (0x000059fd) c.li    s3, -1
core   0: 3 0x800015ec (0x59fd) x19 0xffffffff
core   0: 0x800015ee (0x00008699) c.srai  a3, 6
core   0: 3 0x800015ee (0x8699) x13 0x00000000
core   0: 0x800015f0 (0x00001b5d) c.addi  s6, -9
core   0: 3 0x800015f0 (0x1b5d) x22 0x00000001
core   0: 0x800015f2 (0x025c7533) remu    a0, s8, t0
core   0: 3 0x800015f2 (0x025c7533) x10 0x00000007
core   0: 0x800015f6 (0x00da4fb3) xor     t6, s4, a3
core   0: 3 0x800015f6 (0x00da4fb3) x31 0x80025e71
core   0: 0x800015fa (0x70788313) addi    t1, a7, 1799
core   0: 3 0x800015fa (0x70788313) x6  0x00000715
core   0: 0x800015fe (0x405a51b3) sra     gp, s4, t0
core   0: 3 0x800015fe (0x405a51b3) x3  0xfe000979
core   0: 0x80001602 (0x00008d19) c.sub   a0, a4
core   0: 3 0x80001602 (0x8d19) x10 0xffffffff
core   0: 0x80001604 (0x00008d0d) c.sub   a0, a1
core   0: 3 0x80001604 (0x8d0d) x10 0x00000005
core   0: 0x80001606 (0x14777693) andi    a3, a4, 327
core   0: 3 0x80001606 (0x14777693) x13 0x00000000
core   0: 0x8000160a (0x01365933) srl     s2, a2, s3
core   0: 3 0x8000160a (0x01365933) x18 0x00000000
core   0: 0x8000160e (0x01e45733) srl     a4, s0, t5
core   0: 3 0x8000160e (0x01e45733) x14 0x002000a7
core   0: 0x80001612 (0xfccb7ce3) bgeu    s6, a2, pc - 40
core   0: 3 0x80001612 (0xfccb7ce3)
core   0: 0x80001616 (0x40c15893) srai    a7, sp, 12
core   0: 3 0x80001616 (0x40c15893) x17 0xfff80029
core   0: 0x8000161a (0x00004b99) c.li    s7, 6
core   0: 3 0x8000161a (0x4b99) x23 0x00000006
core   0: 0x8000161c (0x00006125) c.addi16sp sp, 96
core   0: 3 0x8000161c (0x6125) x2  0x80029d45
core   0: 0x8000161e (0x000050d1) c.li    ra, -12
core   0: 3 0x8000161e (0x50d1) x1  0xfffffff4
core   0: 0x80001620 (0xfd3dfc93) andi    s9, s11, -45
core   0: 3 0x80001620 (0xfd3dfc93) x25 0x00000142
core   0: 0x80001624 (0x00006109) c.addi16sp sp, 128
core   0: 3 0x80001624 (0x6109) x2  0x80029dc5
core   0: 0x80001626 (0x405f0a33) sub     s4, t5, t0
core   0: 3 0x80001626 (0x405f0a33) x20 0xfffffec4
core   0: 0x8000162a (0x00008fe1) c.and   a5, s0
core   0: 3 0x8000162a (0x8fe1) x15 0x00000000
core   0: 0x8000162c (0x00008115) c.srli  a0, 5
core   0: 3 0x8000162c (0x8115) x10 0x00000000
core   0: 0x8000162e (0x00000b08) c.addi4spn a0, sp, 400
core   0: 3 0x8000162e (0x0b08) x10 0x80029f55
core   0: 0x80001630 (0x00001bdd) c.addi  s7, -9
core   0: 3 0x80001630 (0x1bdd) x23 0xfffffffd
core   0: 0x80001632 (0x00008239) c.srli  a2, 14
core   0: 3 0x80001632 (0x8239) x12 0x00000000
core   0: 0x80001634 (0x00383a33) sltu    s4, a6, gp
core   0: 3 0x80001634 (0x00383a33) x20 0x00000001
core   0: 0x80001638 (0x00008e29) c.xor   a2, a0
core   0: 3 0x80001638 (0x8e29) x12 0x80029f55
core   0: 0x8000163a (0x00008efe) c.mv    t4, t6
core   0: 3 0x8000163a (0x8efe) x29 0x80025e71
core   0: 0x8000163c (0x007c4cb3) xor     s9, s8, t2
core   0: 3 0x8000163c (0x007c4cb3) x25 0x00000000
core   0: 0x80001640 (0x000048c5) c.li    a7, 17
core   0: 3 0x80001640 (0x48c5) x17 0x00000011
core   0: 0x80001642 (0x00008e65) c.and   a2, s1
core   0: 3 0x80001642 (0x8e65) x12 0x80029844
core   0: 0x80001644 (0xa582bf93) sltiu   t6, t0, -1448
core   0: 3 0x80001644 (0xa582bf93) x31 0x00000001
core   0: 0x80001648 (0x00049513) slli    a0, s1, 0
core   0: 3 0x80001648 (0x00049513) x10 0x80029844
core   0: 0x8000164c (0x010cd8b3) srl     a7, s9, a6
core   0: 3 0x8000164c (0x010cd8b3) x17 0x00000000
core   0: 0x80001650 (0x02f10233) mul     tp, sp, a5
core   0: 3 0x80001650 (0x02f10233) x4  0x00000000
core   0: 0x80001654 (0x0298beb3) mulhu   t4, a7, s1
core   0: 3 0x80001654 (0x0298beb3) x29 0x00000000
core   0: 0x80001658 (0x00fd09b3) add     s3, s10, a5
core   0: 3 0x80001658 (0x00fd09b3) x19 0xfc0012f3
core   0: 0x8000165c (0x1237cf13) xori    t5, a5, 291
core   0: 3 0x8000165c (0x1237cf13) x30 0x00000123
core   0: 0x80001660 (0xfc1b83e3) beq     s7, ra, pc - 58
core   0: 3 0x80001660 (0xfc1b83e3)
core   0: 0x80001664 (0x037587b3) mul     a5, a1, s7
core   0: 3 0x80001664 (0x037587b3) x15 0x00000012
core   0: 0x80001668 (0x000055e1) c.li    a1, -8
core   0: 3 0x80001668 (0x55e1) x11 0xfffffff8
core   0: 0x8000166a (0x00388eb3) add     t4, a7, gp
core   0: 3 0x8000166a (0x00388eb3) x29 0xfe000979
core   0: 0x8000166e (0x00008f85) c.sub   a5, s1
core   0: 3 0x8000166e (0x8f85) x15 0x7ffd67ce
core   0: 0x80001670 (0x000008a5) c.addi  a7, 9
core   0: 3 0x80001670 (0x08a5) x17 0x00000009
core   0: 0x80001672 (0x00000001) c.nop
core   0: 3 0x80001672 (0x0001)
core   0: 0x80001674 (0x02033fb3) mulhu   t6, t1, zero
core   0: 3 0x80001674 (0x02033fb3) x31 0x00000000
core   0: 0x80001678 (0x00008cdd) c.or    s1, a5
core   0: 3 0x80001678 (0x8cdd) x9  0xffffffce
core   0: 0x8000167a (0x000083fd) c.srli  a5, 31
core   0: 3 0x8000167a (0x83fd) x15 0x00000000
core   0: 0x8000167c (0x00001714) c.addi4spn a3, sp, 928
core   0: 3 0x8000167c (0x1714) x13 0x8002a165
core   0: 0x8000167e (0x02f1acb3) mulhsu  s9, gp, a5
core   0: 3 0x8000167e (0x02f1acb3) x25 0x00000000
core   0: 0x80001682 (0x2031e893) ori     a7, gp, 515
core   0: 3 0x80001682 (0x2031e893) x17 0xfe000b7b
core   0: 0x80001686 (0x00000f66) c.slli  t5, 25
core   0: 3 0x80001686 (0x0f66) x30 0x46000000
core   0: 0x80001688 (0x000005a1) c.addi  a1, 8
core   0: 3 0x80001688 (0x05a1) x11 0x00000000
core   0: 0x8000168a (0x03c892b3) mulh    t0, a7, t3
core   0: 3 0x8000168a (0x03c892b3) x5  0x00000000
core   0: 0x8000168e (0x0251ec33) rem     s8, gp, t0
core   0: 3 0x8000168e (0x0251ec33) x24 0xfe000979
core   0: 0x80001692 (0x00008e85) c.sub   a3, s1
core   0: 3 0x80001692 (0x8e85) x13 0x8002a197
core   0: 0x80001694 (0x00008755) c.srai  a4, 21
core   0: 3 0x80001694 (0x8755) x14 0x00000001
core   0: 0x80001696 (0x0000556d) c.li    a0, -5
core   0: 3 0x80001696 (0x556d) x10 0xfffffffb
core   0: 0x80001698 (0x00004bbd) c.li    s7, 15
core   0: 3 0x80001698 (0x4bbd) x23 0x0000000f
core   0: 0x8000169a (0x02d276b3) remu    a3, tp, a3
core   0: 3 0x8000169a (0x02d276b3) x13 0x00000000
core   0: 0x8000169e (0x02089c33) mulh    s8, a7, zero
core   0: 3 0x8000169e (0x02089c33) x24 0x00000000
core   0: 0x800016a2 (0x00e38b33) add     s6, t2, a4
core   0: 3 0x800016a2 (0x00e38b33) x22 0x00000008
core   0: 0x800016a6 (0x00000521) c.addi  a0, 8
core   0: 3 0x800016a6 (0x0521) x10 0x00000003
core   0: 0x800016a8 (0x02784733) div     a4, a6, t2
core   0: 3 0x800016a8 (0x02784733) x14 0xedb6db6e
core   0: 0x800016ac (0x01f41c13) slli    s8, s0, 31
core   0: 3 0x800016ac (0x01f41c13) x24 0x00000000
core   0: 0x800016b0 (0xff7545e3) blt     a0, s7, pc - 22
core   0: 3 0x800016b0 (0xff7545e3)
core   0: 0x8000169a (0x02d276b3) remu    a3, tp, a3
core   0: 3 0x8000169a (0x02d276b3) x13 0x00000000
core   0: 0x8000169e (0x02089c33) mulh    s8, a7, zero
core   0: 3 0x8000169e (0x02089c33) x24 0x00000000
core   0: 0x800016a2 (0x00e38b33) add     s6, t2, a4
core   0: 3 0x800016a2 (0x00e38b33) x22 0xedb6db75
core   0: 0x800016a6 (0x00000521) c.addi  a0, 8
core   0: 3 0x800016a6 (0x0521) x10 0x0000000b
core   0: 0x800016a8 (0x02784733) div     a4, a6, t2
core   0: 3 0x800016a8 (0x02784733) x14 0xedb6db6e
core   0: 0x800016ac (0x01f41c13) slli    s8, s0, 31
core   0: 3 0x800016ac (0x01f41c13) x24 0x00000000
core   0: 0x800016b0 (0xff7545e3) blt     a0, s7, pc - 22
core   0: 3 0x800016b0 (0xff7545e3)
core   0: 0x8000169a (0x02d276b3) remu    a3, tp, a3
core   0: 3 0x8000169a (0x02d276b3) x13 0x00000000
core   0: 0x8000169e (0x02089c33) mulh    s8, a7, zero
core   0: 3 0x8000169e (0x02089c33) x24 0x00000000
core   0: 0x800016a2 (0x00e38b33) add     s6, t2, a4
core   0: 3 0x800016a2 (0x00e38b33) x22 0xedb6db75
core   0: 0x800016a6 (0x00000521) c.addi  a0, 8
core   0: 3 0x800016a6 (0x0521) x10 0x00000013
core   0: 0x800016a8 (0x02784733) div     a4, a6, t2
core   0: 3 0x800016a8 (0x02784733) x14 0xedb6db6e
core   0: 0x800016ac (0x01f41c13) slli    s8, s0, 31
core   0: 3 0x800016ac (0x01f41c13) x24 0x00000000
core   0: 0x800016b0 (0xff7545e3) blt     a0, s7, pc - 22
core   0: 3 0x800016b0 (0xff7545e3)
core   0: 0x800016b4 (0x01259313) slli    t1, a1, 18
core   0: 3 0x800016b4 (0x01259313) x6  0x00000000
core   0: 0x800016b8 (0x00006155) c.addi16sp sp, 304
core   0: 3 0x800016b8 (0x6155) x2  0x80029ef5
core   0: 0x800016ba (0x0000dddd) c.beqz  a1, pc - 66
core   0: 3 0x800016ba (0xdddd)
core   0: 0x80001678 (0x00008cdd) c.or    s1, a5
core   0: 3 0x80001678 (0x8cdd) x9  0xffffffce
core   0: 0x8000167a (0x000083fd) c.srli  a5, 31
core   0: 3 0x8000167a (0x83fd) x15 0x00000000
core   0: 0x8000167c (0x00001714) c.addi4spn a3, sp, 928
core   0: 3 0x8000167c (0x1714) x13 0x8002a295
core   0: 0x8000167e (0x02f1acb3) mulhsu  s9, gp, a5
core   0: 3 0x8000167e (0x02f1acb3) x25 0x00000000
core   0: 0x80001682 (0x2031e893) ori     a7, gp, 515
core   0: 3 0x80001682 (0x2031e893) x17 0xfe000b7b
core   0: 0x80001686 (0x00000f66) c.slli  t5, 25
core   0: 3 0x80001686 (0x0f66) x30 0x00000000
core   0: 0x80001688 (0x000005a1) c.addi  a1, 8
core   0: 3 0x80001688 (0x05a1) x11 0x00000008
core   0: 0x8000168a (0x03c892b3) mulh    t0, a7, t3
core   0: 3 0x8000168a (0x03c892b3) x5  0x00000000
core   0: 0x8000168e (0x0251ec33) rem     s8, gp, t0
core   0: 3 0x8000168e (0x0251ec33) x24 0xfe000979
core   0: 0x80001692 (0x00008e85) c.sub   a3, s1
core   0: 3 0x80001692 (0x8e85) x13 0x8002a2c7
core   0: 0x80001694 (0x00008755) c.srai  a4, 21
core   0: 3 0x80001694 (0x8755) x14 0xffffff6d
core   0: 0x80001696 (0x0000556d) c.li    a0, -5
core   0: 3 0x80001696 (0x556d) x10 0xfffffffb
core   0: 0x80001698 (0x00004bbd) c.li    s7, 15
core   0: 3 0x80001698 (0x4bbd) x23 0x0000000f
core   0: 0x8000169a (0x02d276b3) remu    a3, tp, a3
core   0: 3 0x8000169a (0x02d276b3) x13 0x00000000
core   0: 0x8000169e (0x02089c33) mulh    s8, a7, zero
core   0: 3 0x8000169e (0x02089c33) x24 0x00000000
core   0: 0x800016a2 (0x00e38b33) add     s6, t2, a4
core   0: 3 0x800016a2 (0x00e38b33) x22 0xffffff74
core   0: 0x800016a6 (0x00000521) c.addi  a0, 8
core   0: 3 0x800016a6 (0x0521) x10 0x00000003
core   0: 0x800016a8 (0x02784733) div     a4, a6, t2
core   0: 3 0x800016a8 (0x02784733) x14 0xedb6db6e
core   0: 0x800016ac (0x01f41c13) slli    s8, s0, 31
core   0: 3 0x800016ac (0x01f41c13) x24 0x00000000
core   0: 0x800016b0 (0xff7545e3) blt     a0, s7, pc - 22
core   0: 3 0x800016b0 (0xff7545e3)
core   0: 0x8000169a (0x02d276b3) remu    a3, tp, a3
core   0: 3 0x8000169a (0x02d276b3) x13 0x00000000
core   0: 0x8000169e (0x02089c33) mulh    s8, a7, zero
core   0: 3 0x8000169e (0x02089c33) x24 0x00000000
core   0: 0x800016a2 (0x00e38b33) add     s6, t2, a4
core   0: 3 0x800016a2 (0x00e38b33) x22 0xedb6db75
core   0: 0x800016a6 (0x00000521) c.addi  a0, 8
core   0: 3 0x800016a6 (0x0521) x10 0x0000000b
core   0: 0x800016a8 (0x02784733) div     a4, a6, t2
core   0: 3 0x800016a8 (0x02784733) x14 0xedb6db6e
core   0: 0x800016ac (0x01f41c13) slli    s8, s0, 31
core   0: 3 0x800016ac (0x01f41c13) x24 0x00000000
core   0: 0x800016b0 (0xff7545e3) blt     a0, s7, pc - 22
core   0: 3 0x800016b0 (0xff7545e3)
core   0: 0x8000169a (0x02d276b3) remu    a3, tp, a3
core   0: 3 0x8000169a (0x02d276b3) x13 0x00000000
core   0: 0x8000169e (0x02089c33) mulh    s8, a7, zero
core   0: 3 0x8000169e (0x02089c33) x24 0x00000000
core   0: 0x800016a2 (0x00e38b33) add     s6, t2, a4
core   0: 3 0x800016a2 (0x00e38b33) x22 0xedb6db75
core   0: 0x800016a6 (0x00000521) c.addi  a0, 8
core   0: 3 0x800016a6 (0x0521) x10 0x00000013
core   0: 0x800016a8 (0x02784733) div     a4, a6, t2
core   0: 3 0x800016a8 (0x02784733) x14 0xedb6db6e
core   0: 0x800016ac (0x01f41c13) slli    s8, s0, 31
core   0: 3 0x800016ac (0x01f41c13) x24 0x00000000
core   0: 0x800016b0 (0xff7545e3) blt     a0, s7, pc - 22
core   0: 3 0x800016b0 (0xff7545e3)
core   0: 0x800016b4 (0x01259313) slli    t1, a1, 18
core   0: 3 0x800016b4 (0x01259313) x6  0x00200000
core   0: 0x800016b8 (0x00006155) c.addi16sp sp, 304
core   0: 3 0x800016b8 (0x6155) x2  0x8002a025
core   0: 0x800016ba (0x0000dddd) c.beqz  a1, pc - 66
core   0: 3 0x800016ba (0xdddd)
core   0: 0x800016bc (0x010712b3) sll     t0, a4, a6
core   0: 3 0x800016bc (0x010712b3) x5  0xedb6db6e
core   0: 0x800016c0 (0x00005371) c.li    t1, -4
core   0: 3 0x800016c0 (0x5371) x6  0xfffffffc
core   0: 0x800016c2 (0x661c1617) auipc   a2, 0x661c1
core   0: 3 0x800016c2 (0x661c1617) x12 0xe61c26c2
core   0: 0x800016c6 (0x00004e0d) c.li    t3, 3
core   0: 3 0x800016c6 (0x4e0d) x28 0x00000003
core   0: 0x800016c8 (0x00008eed) c.and   a3, a1
core   0: 3 0x800016c8 (0x8eed) x13 0x00000000
core   0: 0x800016ca (0x000007ce) c.slli  a5, 19
core   0: 3 0x800016ca (0x07ce) x15 0x00000000
core   0: 0x800016cc (0x0000031d) c.addi  t1, 7
core   0: 3 0x800016cc (0x031d) x6  0x00000003
core   0: 0x800016ce (0x00006185) c.lui   gp, 0x1
core   0: 3 0x800016ce (0x6185) x3  0x00001000
core   0: 0x800016d0 (0xffc30ce3) beq     t1, t3, pc - 8
core   0: 3 0x800016d0 (0xffc30ce3)
core   0: 0x800016c8 (0x00008eed) c.and   a3, a1
core   0: 3 0x800016c8 (0x8eed) x13 0x00000000
core   0: 0x800016ca (0x000007ce) c.slli  a5, 19
core   0: 3 0x800016ca (0x07ce) x15 0x00000000
core   0: 0x800016cc (0x0000031d) c.addi  t1, 7
core   0: 3 0x800016cc (0x031d) x6  0x0000000a
core   0: 0x800016ce (0x00006185) c.lui   gp, 0x1
core   0: 3 0x800016ce (0x6185) x3  0x00001000
core   0: 0x800016d0 (0xffc30ce3) beq     t1, t3, pc - 8
core   0: 3 0x800016d0 (0xffc30ce3)
core   0: 0x800016d4 (0x039b0a33) mul     s4, s6, s9
core   0: 3 0x800016d4 (0x039b0a33) x20 0x00000000
core   0: 0x800016d8 (0x000051f9) c.li    gp, -2
core   0: 3 0x800016d8 (0x51f9) x3  0xfffffffe
core   0: 0x800016da (0x02fa34b3) mulhu   s1, s4, a5
core   0: 3 0x800016da (0x02fa34b3) x9  0x00000000
core   0: 0x800016de (0x000050c9) c.li    ra, -14
core   0: 3 0x800016de (0x50c9) x1  0xfffffff2
core   0: 0x800016e0 (0x02b68e33) mul     t3, a3, a1
core   0: 3 0x800016e0 (0x02b68e33) x28 0x00000000
core   0: 0x800016e4 (0x000011fd) c.addi  gp, -1
core   0: 3 0x800016e4 (0x11fd) x3  0xfffffffd
core   0: 0x800016e6 (0x00004515) c.li    a0, 5
core   0: 3 0x800016e6 (0x4515) x10 0x00000005
core   0: 0x800016e8 (0x00005249) c.li    tp, -14
core   0: 3 0x800016e8 (0x5249) x4  0xfffffff2
core   0: 0x800016ea (0x000084d5) c.srai  s1, 21
core   0: 3 0x800016ea (0x84d5) x9  0x00000000
core   0: 0x800016ec (0x02b133b3) mulhu   t2, sp, a1
core   0: 3 0x800016ec (0x02b133b3) x7  0x00000004
core   0: 0x800016f0 (0x0000157d) c.addi  a0, -1
core   0: 3 0x800016f0 (0x157d) x10 0x00000004
core   0: 0x800016f2 (0xfe451de3) bne     a0, tp, pc - 6
core   0: 3 0x800016f2 (0xfe451de3)
core   0: 0x800016ec (0x02b133b3) mulhu   t2, sp, a1
core   0: 3 0x800016ec (0x02b133b3) x7  0x00000004
core   0: 0x800016f0 (0x0000157d) c.addi  a0, -1
core   0: 3 0x800016f0 (0x157d) x10 0x00000003
core   0: 0x800016f2 (0xfe451de3) bne     a0, tp, pc - 6
core   0: 3 0x800016f2 (0xfe451de3)
core   0: 0x800016ec (0x02b133b3) mulhu   t2, sp, a1
core   0: 3 0x800016ec (0x02b133b3) x7  0x00000004
core   0: 0x800016f0 (0x0000157d) c.addi  a0, -1
core   0: 3 0x800016f0 (0x157d) x10 0x00000002
core   0: 0x800016f2 (0xfe451de3) bne     a0, tp, pc - 6
core   0: 3 0x800016f2 (0xfe451de3)
core   0: 0x800016ec (0x02b133b3) mulhu   t2, sp, a1
core   0: 3 0x800016ec (0x02b133b3) x7  0x00000004
core   0: 0x800016f0 (0x0000157d) c.addi  a0, -1
core   0: 3 0x800016f0 (0x157d) x10 0x00000001
core   0: 0x800016f2 (0xfe451de3) bne     a0, tp, pc - 6
core   0: 3 0x800016f2 (0xfe451de3)
core   0: 0x800016ec (0x02b133b3) mulhu   t2, sp, a1
core   0: 3 0x800016ec (0x02b133b3) x7  0x00000004
core   0: 0x800016f0 (0x0000157d) c.addi  a0, -1
core   0: 3 0x800016f0 (0x157d) x10 0x00000000
core   0: 0x800016f2 (0xfe451de3) bne     a0, tp, pc - 6
core   0: 3 0x800016f2 (0xfe451de3)
core   0: 0x800016ec (0x02b133b3) mulhu   t2, sp, a1
core   0: 3 0x800016ec (0x02b133b3) x7  0x00000004
core   0: 0x800016f0 (0x0000157d) c.addi  a0, -1
core   0: 3 0x800016f0 (0x157d) x10 0xffffffff
core   0: 0x800016f2 (0xfe451de3) bne     a0, tp, pc - 6
core   0: 3 0x800016f2 (0xfe451de3)
core   0: 0x800016ec (0x02b133b3) mulhu   t2, sp, a1
core   0: 3 0x800016ec (0x02b133b3) x7  0x00000004
core   0: 0x800016f0 (0x0000157d) c.addi  a0, -1
core   0: 3 0x800016f0 (0x157d) x10 0xfffffffe
core   0: 0x800016f2 (0xfe451de3) bne     a0, tp, pc - 6
core   0: 3 0x800016f2 (0xfe451de3)
core   0: 0x800016ec (0x02b133b3) mulhu   t2, sp, a1
core   0: 3 0x800016ec (0x02b133b3) x7  0x00000004
core   0: 0x800016f0 (0x0000157d) c.addi  a0, -1
core   0: 3 0x800016f0 (0x157d) x10 0xfffffffd
core   0: 0x800016f2 (0xfe451de3) bne     a0, tp, pc - 6
core   0: 3 0x800016f2 (0xfe451de3)
core   0: 0x800016ec (0x02b133b3) mulhu   t2, sp, a1
core   0: 3 0x800016ec (0x02b133b3) x7  0x00000004
core   0: 0x800016f0 (0x0000157d) c.addi  a0, -1
core   0: 3 0x800016f0 (0x157d) x10 0xfffffffc
core   0: 0x800016f2 (0xfe451de3) bne     a0, tp, pc - 6
core   0: 3 0x800016f2 (0xfe451de3)
core   0: 0x800016ec (0x02b133b3) mulhu   t2, sp, a1
core   0: 3 0x800016ec (0x02b133b3) x7  0x00000004
core   0: 0x800016f0 (0x0000157d) c.addi  a0, -1
core   0: 3 0x800016f0 (0x157d) x10 0xfffffffb
core   0: 0x800016f2 (0xfe451de3) bne     a0, tp, pc - 6
core   0: 3 0x800016f2 (0xfe451de3)
core   0: 0x800016ec (0x02b133b3) mulhu   t2, sp, a1
core   0: 3 0x800016ec (0x02b133b3) x7  0x00000004
core   0: 0x800016f0 (0x0000157d) c.addi  a0, -1
core   0: 3 0x800016f0 (0x157d) x10 0xfffffffa
core   0: 0x800016f2 (0xfe451de3) bne     a0, tp, pc - 6
core   0: 3 0x800016f2 (0xfe451de3)
core   0: 0x800016ec (0x02b133b3) mulhu   t2, sp, a1
core   0: 3 0x800016ec (0x02b133b3) x7  0x00000004
core   0: 0x800016f0 (0x0000157d) c.addi  a0, -1
core   0: 3 0x800016f0 (0x157d) x10 0xfffffff9
core   0: 0x800016f2 (0xfe451de3) bne     a0, tp, pc - 6
core   0: 3 0x800016f2 (0xfe451de3)
core   0: 0x800016ec (0x02b133b3) mulhu   t2, sp, a1
core   0: 3 0x800016ec (0x02b133b3) x7  0x00000004
core   0: 0x800016f0 (0x0000157d) c.addi  a0, -1
core   0: 3 0x800016f0 (0x157d) x10 0xfffffff8
core   0: 0x800016f2 (0xfe451de3) bne     a0, tp, pc - 6
core   0: 3 0x800016f2 (0xfe451de3)
core   0: 0x800016ec (0x02b133b3) mulhu   t2, sp, a1
core   0: 3 0x800016ec (0x02b133b3) x7  0x00000004
core   0: 0x800016f0 (0x0000157d) c.addi  a0, -1
core   0: 3 0x800016f0 (0x157d) x10 0xfffffff7
core   0: 0x800016f2 (0xfe451de3) bne     a0, tp, pc - 6
core   0: 3 0x800016f2 (0xfe451de3)
core   0: 0x800016ec (0x02b133b3) mulhu   t2, sp, a1
core   0: 3 0x800016ec (0x02b133b3) x7  0x00000004
core   0: 0x800016f0 (0x0000157d) c.addi  a0, -1
core   0: 3 0x800016f0 (0x157d) x10 0xfffffff6
core   0: 0x800016f2 (0xfe451de3) bne     a0, tp, pc - 6
core   0: 3 0x800016f2 (0xfe451de3)
core   0: 0x800016ec (0x02b133b3) mulhu   t2, sp, a1
core   0: 3 0x800016ec (0x02b133b3) x7  0x00000004
core   0: 0x800016f0 (0x0000157d) c.addi  a0, -1
core   0: 3 0x800016f0 (0x157d) x10 0xfffffff5
core   0: 0x800016f2 (0xfe451de3) bne     a0, tp, pc - 6
core   0: 3 0x800016f2 (0xfe451de3)
core   0: 0x800016ec (0x02b133b3) mulhu   t2, sp, a1
core   0: 3 0x800016ec (0x02b133b3) x7  0x00000004
core   0: 0x800016f0 (0x0000157d) c.addi  a0, -1
core   0: 3 0x800016f0 (0x157d) x10 0xfffffff4
core   0: 0x800016f2 (0xfe451de3) bne     a0, tp, pc - 6
core   0: 3 0x800016f2 (0xfe451de3)
core   0: 0x800016ec (0x02b133b3) mulhu   t2, sp, a1
core   0: 3 0x800016ec (0x02b133b3) x7  0x00000004
core   0: 0x800016f0 (0x0000157d) c.addi  a0, -1
core   0: 3 0x800016f0 (0x157d) x10 0xfffffff3
core   0: 0x800016f2 (0xfe451de3) bne     a0, tp, pc - 6
core   0: 3 0x800016f2 (0xfe451de3)
core   0: 0x800016ec (0x02b133b3) mulhu   t2, sp, a1
core   0: 3 0x800016ec (0x02b133b3) x7  0x00000004
core   0: 0x800016f0 (0x0000157d) c.addi  a0, -1
core   0: 3 0x800016f0 (0x157d) x10 0xfffffff2
core   0: 0x800016f2 (0xfe451de3) bne     a0, tp, pc - 6
core   0: 3 0x800016f2 (0xfe451de3)
core   0: 0x800016f6 (0xfe1185e3) beq     gp, ra, pc - 22
core   0: 3 0x800016f6 (0xfe1185e3)
core   0: 0x800016fa (0x00b3dd13) srli    s10, t2, 11
core   0: 3 0x800016fa (0x00b3dd13) x26 0x00000000
core   0: 0x800016fe (0x00004491) c.li    s1, 4
core   0: 3 0x800016fe (0x4491) x9  0x00000004
core   0: 0x80001700 (0x031ea6b3) mulhsu  a3, t4, a7
core   0: 3 0x80001700 (0x031ea6b3) x13 0xfe04094f
core   0: 0x80001704 (0x00000001) c.nop
core   0: 3 0x80001704 (0x0001)
core   0: 0x80001706 (0x028325b3) mulhsu  a1, t1, s0
core   0: 3 0x80001706 (0x028325b3) x11 0x00000005
core   0: 0x8000170a (0x00008afd) c.andi  a3, 31
core   0: 3 0x8000170a (0x8afd) x13 0x0000000f
core   0: 0x8000170c (0x000014f9) c.addi  s1, -2
core   0: 3 0x8000170c (0x14f9) x9  0x00000002
core   0: 0x8000170e (0x00006cc5) c.lui   s9, 0x11
core   0: 3 0x8000170e (0x6cc5) x25 0x00011000
core   0: 0x80001710 (0xa59b6193) ori     gp, s6, -1447
core   0: 3 0x80001710 (0xa59b6193) x3  0xfffffb7d
core   0: 0x80001714 (0x00000bfe) c.slli  s7, 31
core   0: 3 0x80001714 (0x0bfe) x23 0x80000000
core   0: 0x80001716 (0x00a4ceb3) xor     t4, s1, a0
core   0: 3 0x80001716 (0x00a4ceb3) x29 0xfffffff0
core   0: 0x8000171a (0x0000d4f5) c.beqz  s1, pc - 20
core   0: 3 0x8000171a (0xd4f5)
core   0: 0x8000171c (0x0086c233) xor     tp, a3, s0
core   0: 3 0x8000171c (0x0086c233) x4  0x80029ceb
core   0: 0x80001720 (0x0000449d) c.li    s1, 7
core   0: 3 0x80001720 (0x449d) x9  0x00000007
core   0: 0x80001722 (0x0000461d) c.li    a2, 7
core   0: 3 0x80001722 (0x461d) x12 0x00000007
core   0: 0x80001724 (0x0000625d) c.lui   tp, 0x17
core   0: 3 0x80001724 (0x625d) x4  0x00017000
core   0: 0x80001726 (0x00008b1d) c.andi  a4, 7
core   0: 3 0x80001726 (0x8b1d) x14 0x00000006
core   0: 0x80001728 (0x000014f1) c.addi  s1, -4
core   0: 3 0x80001728 (0x14f1) x9  0x00000003
core   0: 0x8000172a (0x000055dd) c.li    a1, -9
core   0: 3 0x8000172a (0x55dd) x11 0xfffffff7
core   0: 0x8000172c (0x000056b5) c.li    a3, -19
core   0: 3 0x8000172c (0x56b5) x13 0xffffffed
core   0: 0x8000172e (0x025bba33) mulhu   s4, s7, t0
core   0: 3 0x8000172e (0x025bba33) x20 0x76db6db7
core   0: 0x80001732 (0x018bd113) srli    sp, s7, 24
core   0: 3 0x80001732 (0x018bd113) x2  0x00000080
core   0: 0x80001736 (0x000015e1) c.addi  a1, -8
core   0: 3 0x80001736 (0x15e1) x11 0xffffffef
core   0: 0x80001738 (0xfed5dbe3) bge     a1, a3, pc - 10
core   0: 3 0x80001738 (0xfed5dbe3)
core   0: 0x8000172e (0x025bba33) mulhu   s4, s7, t0
core   0: 3 0x8000172e (0x025bba33) x20 0x76db6db7
core   0: 0x80001732 (0x018bd113) srli    sp, s7, 24
core   0: 3 0x80001732 (0x018bd113) x2  0x00000080
core   0: 0x80001736 (0x000015e1) c.addi  a1, -8
core   0: 3 0x80001736 (0x15e1) x11 0xffffffe7
core   0: 0x80001738 (0xfed5dbe3) bge     a1, a3, pc - 10
core   0: 3 0x80001738 (0xfed5dbe3)
core   0: 0x8000173c (0xfec4f5e3) bgeu    s1, a2, pc - 22
core   0: 3 0x8000173c (0xfec4f5e3)
core   0: 0x80001740 (0x00000001) c.nop
core   0: 3 0x80001740 (0x0001)
core   0: 0x80001742 (0x00004115) c.li    sp, 5
core   0: 3 0x80001742 (0x4115) x2  0x00000005
core   0: 0x80001744 (0x00008d29) c.xor   a0, a0
core   0: 3 0x80001744 (0x8d29) x10 0x00000000
core   0: 0x80001746 (0x00000001) c.nop
core   0: 3 0x80001746 (0x0001)
core   0: 0x80001748 (0x00004a41) c.li    s4, 16
core   0: 3 0x80001748 (0x4a41) x20 0x00000010
core   0: 0x8000174a (0x00005ffd) c.li    t6, -1
core   0: 3 0x8000174a (0x5ffd) x31 0xffffffff
core   0: 0x8000174c (0x00000111) c.addi  sp, 4
core   0: 3 0x8000174c (0x0111) x2  0x00000009
core   0: 0x8000174e (0x00009b7d) c.andi  a4, -1
core   0: 3 0x8000174e (0x9b7d) x14 0x00000006
core   0: 0x80001750 (0x000002ca) c.slli  t0, 18
core   0: 3 0x80001750 (0x02ca) x5  0x6db80000
core   0: 0x80001752 (0x00005671) c.li    a2, -4
core   0: 3 0x80001752 (0x5671) x12 0xfffffffc
core   0: 0x80001754 (0x1c3e7693) andi    a3, t3, 451
core   0: 3 0x80001754 (0x1c3e7693) x13 0x00000000
core   0: 0x80001758 (0x00000001) c.nop
core   0: 3 0x80001758 (0x0001)
core   0: 0x8000175a (0x00f626b3) slt     a3, a2, a5
core   0: 3 0x8000175a (0x00f626b3) x13 0x00000001
core   0: 0x8000175e (0x00000001) c.nop
core   0: 3 0x8000175e (0x0001)
core   0: 0x80001760 (0x83c57b13) andi    s6, a0, -1988
core   0: 3 0x80001760 (0x83c57b13) x22 0x00000000
core   0: 0x80001764 (0x00008ded) c.and   a1, a1
core   0: 3 0x80001764 (0x8ded) x11 0xffffffe7
core   0: 0x80001766 (0x00000c62) c.slli  s8, 24
core   0: 3 0x80001766 (0x0c62) x24 0x00000000
core   0: 0x80001768 (0x00006979) c.lui   s2, 0x1e
core   0: 3 0x80001768 (0x6979) x18 0x0001e000
core   0: 0x8000176a (0x02035eb3) divu    t4, t1, zero
core   0: 3 0x8000176a (0x02035eb3) x29 0xffffffff
core   0: 0x8000176e (0x2dc04297) auipc   t0, 0x2dc04
core   0: 3 0x8000176e (0x2dc04297) x5  0xadc0576e
core   0: 0x80001772 (0x00000605) c.addi  a2, 1
core   0: 3 0x80001772 (0x0605) x12 0xfffffffd
core   0: 0x80001774 (0x0000fa7d) c.bnez  a2, pc - 10
core   0: 3 0x80001774 (0xfa7d)
core   0: 0x8000176a (0x02035eb3) divu    t4, t1, zero
core   0: 3 0x8000176a (0x02035eb3) x29 0xffffffff
core   0: 0x8000176e (0x2dc04297) auipc   t0, 0x2dc04
core   0: 3 0x8000176e (0x2dc04297) x5  0xadc0576e
core   0: 0x80001772 (0x00000605) c.addi  a2, 1
core   0: 3 0x80001772 (0x0605) x12 0xfffffffe
core   0: 0x80001774 (0x0000fa7d) c.bnez  a2, pc - 10
core   0: 3 0x80001774 (0xfa7d)
core   0: 0x8000176a (0x02035eb3) divu    t4, t1, zero
core   0: 3 0x8000176a (0x02035eb3) x29 0xffffffff
core   0: 0x8000176e (0x2dc04297) auipc   t0, 0x2dc04
core   0: 3 0x8000176e (0x2dc04297) x5  0xadc0576e
core   0: 0x80001772 (0x00000605) c.addi  a2, 1
core   0: 3 0x80001772 (0x0605) x12 0xffffffff
core   0: 0x80001774 (0x0000fa7d) c.bnez  a2, pc - 10
core   0: 3 0x80001774 (0xfa7d)
core   0: 0x8000176a (0x02035eb3) divu    t4, t1, zero
core   0: 3 0x8000176a (0x02035eb3) x29 0xffffffff
core   0: 0x8000176e (0x2dc04297) auipc   t0, 0x2dc04
core   0: 3 0x8000176e (0x2dc04297) x5  0xadc0576e
core   0: 0x80001772 (0x00000605) c.addi  a2, 1
core   0: 3 0x80001772 (0x0605) x12 0x00000000
core   0: 0x80001774 (0x0000fa7d) c.bnez  a2, pc - 10
core   0: 3 0x80001774 (0xfa7d)
core   0: 0x80001776 (0x0a594f13) xori    t5, s2, 165
core   0: 3 0x80001776 (0x0a594f13) x30 0x0001e0a5
core   0: 0x8000177a (0x02a821b3) mulhsu  gp, a6, a0
core   0: 3 0x8000177a (0x02a821b3) x3  0x00000000
core   0: 0x8000177e (0xfd4166e3) bltu    sp, s4, pc - 52
core   0: 3 0x8000177e (0xfd4166e3)
core   0: 0x8000174a (0x00005ffd) c.li    t6, -1
core   0: 3 0x8000174a (0x5ffd) x31 0xffffffff
core   0: 0x8000174c (0x00000111) c.addi  sp, 4
core   0: 3 0x8000174c (0x0111) x2  0x0000000d
core   0: 0x8000174e (0x00009b7d) c.andi  a4, -1
core   0: 3 0x8000174e (0x9b7d) x14 0x00000006
core   0: 0x80001750 (0x000002ca) c.slli  t0, 18
core   0: 3 0x80001750 (0x02ca) x5  0x5db80000
core   0: 0x80001752 (0x00005671) c.li    a2, -4
core   0: 3 0x80001752 (0x5671) x12 0xfffffffc
core   0: 0x80001754 (0x1c3e7693) andi    a3, t3, 451
core   0: 3 0x80001754 (0x1c3e7693) x13 0x00000000
core   0: 0x80001758 (0x00000001) c.nop
core   0: 3 0x80001758 (0x0001)
core   0: 0x8000175a (0x00f626b3) slt     a3, a2, a5
core   0: 3 0x8000175a (0x00f626b3) x13 0x00000001
core   0: 0x8000175e (0x00000001) c.nop
core   0: 3 0x8000175e (0x0001)
core   0: 0x80001760 (0x83c57b13) andi    s6, a0, -1988
core   0: 3 0x80001760 (0x83c57b13) x22 0x00000000
core   0: 0x80001764 (0x00008ded) c.and   a1, a1
core   0: 3 0x80001764 (0x8ded) x11 0xffffffe7
core   0: 0x80001766 (0x00000c62) c.slli  s8, 24
core   0: 3 0x80001766 (0x0c62) x24 0x00000000
core   0: 0x80001768 (0x00006979) c.lui   s2, 0x1e
core   0: 3 0x80001768 (0x6979) x18 0x0001e000
core   0: 0x8000176a (0x02035eb3) divu    t4, t1, zero
core   0: 3 0x8000176a (0x02035eb3) x29 0xffffffff
core   0: 0x8000176e (0x2dc04297) auipc   t0, 0x2dc04
core   0: 3 0x8000176e (0x2dc04297) x5  0xadc0576e
core   0: 0x80001772 (0x00000605) c.addi  a2, 1
core   0: 3 0x80001772 (0x0605) x12 0xfffffffd
core   0: 0x80001774 (0x0000fa7d) c.bnez  a2, pc - 10
core   0: 3 0x80001774 (0xfa7d)
core   0: 0x8000176a (0x02035eb3) divu    t4, t1, zero
core   0: 3 0x8000176a (0x02035eb3) x29 0xffffffff
core   0: 0x8000176e (0x2dc04297) auipc   t0, 0x2dc04
core   0: 3 0x8000176e (0x2dc04297) x5  0xadc0576e
core   0: 0x80001772 (0x00000605) c.addi  a2, 1
core   0: 3 0x80001772 (0x0605) x12 0xfffffffe
core   0: 0x80001774 (0x0000fa7d) c.bnez  a2, pc - 10
core   0: 3 0x80001774 (0xfa7d)
core   0: 0x8000176a (0x02035eb3) divu    t4, t1, zero
core   0: 3 0x8000176a (0x02035eb3) x29 0xffffffff
core   0: 0x8000176e (0x2dc04297) auipc   t0, 0x2dc04
core   0: 3 0x8000176e (0x2dc04297) x5  0xadc0576e
core   0: 0x80001772 (0x00000605) c.addi  a2, 1
core   0: 3 0x80001772 (0x0605) x12 0xffffffff
core   0: 0x80001774 (0x0000fa7d) c.bnez  a2, pc - 10
core   0: 3 0x80001774 (0xfa7d)
core   0: 0x8000176a (0x02035eb3) divu    t4, t1, zero
core   0: 3 0x8000176a (0x02035eb3) x29 0xffffffff
core   0: 0x8000176e (0x2dc04297) auipc   t0, 0x2dc04
core   0: 3 0x8000176e (0x2dc04297) x5  0xadc0576e
core   0: 0x80001772 (0x00000605) c.addi  a2, 1
core   0: 3 0x80001772 (0x0605) x12 0x00000000
core   0: 0x80001774 (0x0000fa7d) c.bnez  a2, pc - 10
core   0: 3 0x80001774 (0xfa7d)
core   0: 0x80001776 (0x0a594f13) xori    t5, s2, 165
core   0: 3 0x80001776 (0x0a594f13) x30 0x0001e0a5
core   0: 0x8000177a (0x02a821b3) mulhsu  gp, a6, a0
core   0: 3 0x8000177a (0x02a821b3) x3  0x00000000
core   0: 0x8000177e (0xfd4166e3) bltu    sp, s4, pc - 52
core   0: 3 0x8000177e (0xfd4166e3)
core   0: 0x8000174a (0x00005ffd) c.li    t6, -1
core   0: 3 0x8000174a (0x5ffd) x31 0xffffffff
core   0: 0x8000174c (0x00000111) c.addi  sp, 4
core   0: 3 0x8000174c (0x0111) x2  0x00000011
core   0: 0x8000174e (0x00009b7d) c.andi  a4, -1
core   0: 3 0x8000174e (0x9b7d) x14 0x00000006
core   0: 0x80001750 (0x000002ca) c.slli  t0, 18
core   0: 3 0x80001750 (0x02ca) x5  0x5db80000
core   0: 0x80001752 (0x00005671) c.li    a2, -4
core   0: 3 0x80001752 (0x5671) x12 0xfffffffc
core   0: 0x80001754 (0x1c3e7693) andi    a3, t3, 451
core   0: 3 0x80001754 (0x1c3e7693) x13 0x00000000
core   0: 0x80001758 (0x00000001) c.nop
core   0: 3 0x80001758 (0x0001)
core   0: 0x8000175a (0x00f626b3) slt     a3, a2, a5
core   0: 3 0x8000175a (0x00f626b3) x13 0x00000001
core   0: 0x8000175e (0x00000001) c.nop
core   0: 3 0x8000175e (0x0001)
core   0: 0x80001760 (0x83c57b13) andi    s6, a0, -1988
core   0: 3 0x80001760 (0x83c57b13) x22 0x00000000
core   0: 0x80001764 (0x00008ded) c.and   a1, a1
core   0: 3 0x80001764 (0x8ded) x11 0xffffffe7
core   0: 0x80001766 (0x00000c62) c.slli  s8, 24
core   0: 3 0x80001766 (0x0c62) x24 0x00000000
core   0: 0x80001768 (0x00006979) c.lui   s2, 0x1e
core   0: 3 0x80001768 (0x6979) x18 0x0001e000
core   0: 0x8000176a (0x02035eb3) divu    t4, t1, zero
core   0: 3 0x8000176a (0x02035eb3) x29 0xffffffff
core   0: 0x8000176e (0x2dc04297) auipc   t0, 0x2dc04
core   0: 3 0x8000176e (0x2dc04297) x5  0xadc0576e
core   0: 0x80001772 (0x00000605) c.addi  a2, 1
core   0: 3 0x80001772 (0x0605) x12 0xfffffffd
core   0: 0x80001774 (0x0000fa7d) c.bnez  a2, pc - 10
core   0: 3 0x80001774 (0xfa7d)
core   0: 0x8000176a (0x02035eb3) divu    t4, t1, zero
core   0: 3 0x8000176a (0x02035eb3) x29 0xffffffff
core   0: 0x8000176e (0x2dc04297) auipc   t0, 0x2dc04
core   0: 3 0x8000176e (0x2dc04297) x5  0xadc0576e
core   0: 0x80001772 (0x00000605) c.addi  a2, 1
core   0: 3 0x80001772 (0x0605) x12 0xfffffffe
core   0: 0x80001774 (0x0000fa7d) c.bnez  a2, pc - 10
core   0: 3 0x80001774 (0xfa7d)
core   0: 0x8000176a (0x02035eb3) divu    t4, t1, zero
core   0: 3 0x8000176a (0x02035eb3) x29 0xffffffff
core   0: 0x8000176e (0x2dc04297) auipc   t0, 0x2dc04
core   0: 3 0x8000176e (0x2dc04297) x5  0xadc0576e
core   0: 0x80001772 (0x00000605) c.addi  a2, 1
core   0: 3 0x80001772 (0x0605) x12 0xffffffff
core   0: 0x80001774 (0x0000fa7d) c.bnez  a2, pc - 10
core   0: 3 0x80001774 (0xfa7d)
core   0: 0x8000176a (0x02035eb3) divu    t4, t1, zero
core   0: 3 0x8000176a (0x02035eb3) x29 0xffffffff
core   0: 0x8000176e (0x2dc04297) auipc   t0, 0x2dc04
core   0: 3 0x8000176e (0x2dc04297) x5  0xadc0576e
core   0: 0x80001772 (0x00000605) c.addi  a2, 1
core   0: 3 0x80001772 (0x0605) x12 0x00000000
core   0: 0x80001774 (0x0000fa7d) c.bnez  a2, pc - 10
core   0: 3 0x80001774 (0xfa7d)
core   0: 0x80001776 (0x0a594f13) xori    t5, s2, 165
core   0: 3 0x80001776 (0x0a594f13) x30 0x0001e0a5
core   0: 0x8000177a (0x02a821b3) mulhsu  gp, a6, a0
core   0: 3 0x8000177a (0x02a821b3) x3  0x00000000
core   0: 0x8000177e (0xfd4166e3) bltu    sp, s4, pc - 52
core   0: 3 0x8000177e (0xfd4166e3)
core   0: 0x80001782 (0x0008ef33) or      t5, a7, zero
core   0: 3 0x80001782 (0x0008ef33) x30 0xfe000b7b
core   0: 0x80001786 (0x0000555d) c.li    a0, -9
core   0: 3 0x80001786 (0x555d) x10 0xfffffff7
core   0: 0x80001788 (0x030fb6b3) mulhu   a3, t6, a6
core   0: 3 0x80001788 (0x030fb6b3) x13 0x7fffffff
core   0: 0x8000178c (0x00000001) c.nop
core   0: 3 0x8000178c (0x0001)
core   0: 0x8000178e (0x000098fd) c.andi  s1, -1
core   0: 3 0x8000178e (0x98fd) x9  0x00000003
core   0: 0x80001790 (0x00000f46) c.slli  t5, 17
core   0: 3 0x80001790 (0x0f46) x30 0x16f60000
core   0: 0x80001792 (0x00000505) c.addi  a0, 1
core   0: 3 0x80001792 (0x0505) x10 0xfffffff8
core   0: 0x80001794 (0x0000148c) c.addi4spn a1, sp, 608
core   0: 3 0x80001794 (0x148c) x11 0x00000271
core   0: 0x80001796 (0x00004925) c.li    s2, 9
core   0: 3 0x80001796 (0x4925) x18 0x00000009
core   0: 0x80001798 (0x000092da) c.add   t0, s6
core   0: 3 0x80001798 (0x92da) x5  0xadc0576e
core   0: 0x8000179a (0x00004d91) c.li    s11, 4
core   0: 3 0x8000179a (0x4d91) x27 0x00000004
core   0: 0x8000179c (0x022598b3) mulh    a7, a1, sp
core   0: 3 0x8000179c (0x022598b3) x17 0x00000000
core   0: 0x800017a0 (0x03e11333) mulh    t1, sp, t5
core   0: 3 0x800017a0 (0x03e11333) x6  0x00000001
core   0: 0x800017a4 (0x000084cd) c.srai  s1, 19
core   0: 3 0x800017a4 (0x84cd) x9  0x00000000
core   0: 0x800017a6 (0x41e35213) srai    tp, t1, 30
core   0: 3 0x800017a6 (0x41e35213) x4  0x00000000
core   0: 0x800017aa (0x00008f4d) c.or    a4, a1
core   0: 3 0x800017aa (0x8f4d) x14 0x00000277
core   0: 0x800017ac (0x0000196d) c.addi  s2, -5
core   0: 3 0x800017ac (0x196d) x18 0x00000004
core   0: 0x800017ae (0xa758bc93) sltiu   s9, a7, -1419
core   0: 3 0x800017ae (0xa758bc93) x25 0x00000001
core   0: 0x800017b2 (0xffb917e3) bne     s2, s11, pc - 18
core   0: 3 0x800017b2 (0xffb917e3)
core   0: 0x800017b6 (0x01bd3b33) sltu    s6, s10, s11
core   0: 3 0x800017b6 (0x01bd3b33) x22 0x00000001
core   0: 0x800017ba (0x0000d971) c.beqz  a0, pc - 44
core   0: 3 0x800017ba (0xd971)
core   0: 0x800017bc (0x8dfe1097) auipc   ra, 0x8dfe1
core   0: 3 0x800017bc (0x8dfe1097) x1  0x0dfe27bc
core   0: 0x800017c0 (0x000048a1) c.li    a7, 8
core   0: 3 0x800017c0 (0x48a1) x17 0x00000008
core   0: 0x800017c2 (0x00008c9d) c.sub   s1, a5
core   0: 3 0x800017c2 (0x8c9d) x9  0x00000000
core   0: 0x800017c4 (0xe9b10e93) addi    t4, sp, -357
core   0: 3 0x800017c4 (0xe9b10e93) x29 0xfffffeac
core   0: 0x800017c8 (0x00004709) c.li    a4, 2
core   0: 3 0x800017c8 (0x4709) x14 0x00000002
core   0: 0x800017ca (0x00008e1d) c.sub   a2, a5
core   0: 3 0x800017ca (0x8e1d) x12 0x00000000
core   0: 0x800017cc (0x40a45913) srai    s2, s0, 10
core   0: 3 0x800017cc (0x40a45913) x18 0xffe000a7
core   0: 0x800017d0 (0x00d655b3) srl     a1, a2, a3
core   0: 3 0x800017d0 (0x00d655b3) x11 0x00000000
core   0: 0x800017d4 (0x00008fc1) c.or    a5, s0
core   0: 3 0x800017d4 (0x8fc1) x15 0x80029ce4
core   0: 0x800017d6 (0x000018dd) c.addi  a7, -9
core   0: 3 0x800017d6 (0x18dd) x17 0xffffffff
core   0: 0x800017d8 (0x000081bd) c.srli  a1, 15
core   0: 3 0x800017d8 (0x81bd) x11 0x00000000
core   0: 0x800017da (0x000051e1) c.li    gp, -8
core   0: 3 0x800017da (0x51e1) x3  0xfffffff8
core   0: 0x800017dc (0x00000dda) c.slli  s11, 22
core   0: 3 0x800017dc (0x0dda) x27 0x01000000
core   0: 0x800017de (0x00004a41) c.li    s4, 16
core   0: 3 0x800017de (0x4a41) x20 0x00000010
core   0: 0x800017e0 (0x00cafb33) and     s6, s5, a2
core   0: 3 0x800017e0 (0x00cafb33) x22 0x00000000
core   0: 0x800017e4 (0x00c73eb3) sltu    t4, a4, a2
core   0: 3 0x800017e4 (0x00c73eb3) x29 0x00000000
core   0: 0x800017e8 (0x00000189) c.addi  gp, 2
core   0: 3 0x800017e8 (0x0189) x3  0xfffffffa
core   0: 0x800017ea (0x00008e61) c.and   a2, s0
core   0: 3 0x800017ea (0x8e61) x12 0x00000000
core   0: 0x800017ec (0x03a47333) remu    t1, s0, s10
core   0: 3 0x800017ec (0x03a47333) x6  0x80029ce4
core   0: 0x800017f0 (0xff41eae3) bltu    gp, s4, pc - 12
core   0: 3 0x800017f0 (0xff41eae3)
core   0: 0x800017f4 (0x00001a9c) c.addi4spn a5, sp, 368
core   0: 3 0x800017f4 (0x1a9c) x15 0x00000181
core   0: 0x800017f6 (0xfce8dae3) bge     a7, a4, pc - 44
core   0: 3 0x800017f6 (0xfce8dae3)
core   0: 0x800017fa (0x000093b2) c.add   t2, a2
core   0: 3 0x800017fa (0x93b2) x7  0x00000004
core   0: 0x800017fc (0x00004685) c.li    a3, 1
core   0: 3 0x800017fc (0x4685) x13 0x00000001
core   0: 0x800017fe (0x00005c6d) c.li    s8, -5
core   0: 3 0x800017fe (0x5c6d) x24 0xfffffffb
core   0: 0x80001800 (0x03facdb3) div     s11, s5, t6
core   0: 3 0x80001800 (0x03facdb3) x27 0x7ffda19c
core   0: 0x80001804 (0x01118d33) add     s10, gp, a7
core   0: 3 0x80001804 (0x01118d33) x26 0xfffffff9
core   0: 0x80001808 (0x00000bf5) c.addi  s7, 29
core   0: 3 0x80001808 (0x0bf5) x23 0x8000001d
core   0: 0x8000180a (0x034c6fb3) rem     t6, s8, s4
core   0: 3 0x8000180a (0x034c6fb3) x31 0xfffffffb
core   0: 0x8000180e (0x00008566) c.mv    a0, s9
core   0: 3 0x8000180e (0x8566) x10 0x00000001
core   0: 0x80001810 (0x000016f5) c.addi  a3, -3
core   0: 3 0x80001810 (0x16f5) x13 0xfffffffe
core   0: 0x80001812 (0x00008d66) c.mv    s10, s9
core   0: 3 0x80001812 (0x8d66) x26 0x00000001
core   0: 0x80001814 (0x0000461d) c.li    a2, 7
core   0: 3 0x80001814 (0x461d) x12 0x00000007
core   0: 0x80001816 (0x0000517d) c.li    sp, -1
core   0: 3 0x80001816 (0x517d) x2  0xffffffff
core   0: 0x80001818 (0x412e09b3) sub     s3, t3, s2
core   0: 3 0x80001818 (0x412e09b3) x19 0x001fff59
core   0: 0x8000181c (0x00008da1) c.xor   a1, s0
core   0: 3 0x8000181c (0x8da1) x11 0x80029ce4
core   0: 0x8000181e (0x000061ad) c.lui   gp, 0xb
core   0: 3 0x8000181e (0x61ad) x3  0x0000b000
core   0: 0x80001820 (0x00001671) c.addi  a2, -4
core   0: 3 0x80001820 (0x1671) x12 0x00000003
core   0: 0x80001822 (0xfe261de3) bne     a2, sp, pc - 6
core   0: 3 0x80001822 (0xfe261de3)
core   0: 0x8000181c (0x00008da1) c.xor   a1, s0
core   0: 3 0x8000181c (0x8da1) x11 0x00000000
core   0: 0x8000181e (0x000061ad) c.lui   gp, 0xb
core   0: 3 0x8000181e (0x61ad) x3  0x0000b000
core   0: 0x80001820 (0x00001671) c.addi  a2, -4
core   0: 3 0x80001820 (0x1671) x12 0xffffffff
core   0: 0x80001822 (0xfe261de3) bne     a2, sp, pc - 6
core   0: 3 0x80001822 (0xfe261de3)
core   0: 0x80001826 (0x01ad9193) slli    gp, s11, 26
core   0: 3 0x80001826 (0x01ad9193) x3  0x70000000
core   0: 0x8000182a (0x00e984b3) add     s1, s3, a4
core   0: 3 0x8000182a (0x00e984b3) x9  0x001fff5b
core   0: 0x8000182e (0xfd8699e3) bne     a3, s8, pc - 46
core   0: 3 0x8000182e (0xfd8699e3)
core   0: 0x80001800 (0x03facdb3) div     s11, s5, t6
core   0: 3 0x80001800 (0x03facdb3) x27 0x19992052
core   0: 0x80001804 (0x01118d33) add     s10, gp, a7
core   0: 3 0x80001804 (0x01118d33) x26 0x6fffffff
core   0: 0x80001808 (0x00000bf5) c.addi  s7, 29
core   0: 3 0x80001808 (0x0bf5) x23 0x8000003a
core   0: 0x8000180a (0x034c6fb3) rem     t6, s8, s4
core   0: 3 0x8000180a (0x034c6fb3) x31 0xfffffffb
core   0: 0x8000180e (0x00008566) c.mv    a0, s9
core   0: 3 0x8000180e (0x8566) x10 0x00000001
core   0: 0x80001810 (0x000016f5) c.addi  a3, -3
core   0: 3 0x80001810 (0x16f5) x13 0xfffffffb
core   0: 0x80001812 (0x00008d66) c.mv    s10, s9
core   0: 3 0x80001812 (0x8d66) x26 0x00000001
core   0: 0x80001814 (0x0000461d) c.li    a2, 7
core   0: 3 0x80001814 (0x461d) x12 0x00000007
core   0: 0x80001816 (0x0000517d) c.li    sp, -1
core   0: 3 0x80001816 (0x517d) x2  0xffffffff
core   0: 0x80001818 (0x412e09b3) sub     s3, t3, s2
core   0: 3 0x80001818 (0x412e09b3) x19 0x001fff59
core   0: 0x8000181c (0x00008da1) c.xor   a1, s0
core   0: 3 0x8000181c (0x8da1) x11 0x80029ce4
core   0: 0x8000181e (0x000061ad) c.lui   gp, 0xb
core   0: 3 0x8000181e (0x61ad) x3  0x0000b000
core   0: 0x80001820 (0x00001671) c.addi  a2, -4
core   0: 3 0x80001820 (0x1671) x12 0x00000003
core   0: 0x80001822 (0xfe261de3) bne     a2, sp, pc - 6
core   0: 3 0x80001822 (0xfe261de3)
core   0: 0x8000181c (0x00008da1) c.xor   a1, s0
core   0: 3 0x8000181c (0x8da1) x11 0x00000000
core   0: 0x8000181e (0x000061ad) c.lui   gp, 0xb
core   0: 3 0x8000181e (0x61ad) x3  0x0000b000
core   0: 0x80001820 (0x00001671) c.addi  a2, -4
core   0: 3 0x80001820 (0x1671) x12 0xffffffff
core   0: 0x80001822 (0xfe261de3) bne     a2, sp, pc - 6
core   0: 3 0x80001822 (0xfe261de3)
core   0: 0x80001826 (0x01ad9193) slli    gp, s11, 26
core   0: 3 0x80001826 (0x01ad9193) x3  0x48000000
core   0: 0x8000182a (0x00e984b3) add     s1, s3, a4
core   0: 3 0x8000182a (0x00e984b3) x9  0x001fff5b
core   0: 0x8000182e (0xfd8699e3) bne     a3, s8, pc - 46
core   0: 3 0x8000182e (0xfd8699e3)
core   0: 0x80001832 (0x02cbbbb3) mulhu   s7, s7, a2
core   0: 3 0x80001832 (0x02cbbbb3) x23 0x80000039
core   0: 0x80001836 (0x000045a1) c.li    a1, 8
core   0: 3 0x80001836 (0x45a1) x11 0x00000008
core   0: 0x80001838 (0x00008e51) c.or    a2, a2
core   0: 3 0x80001838 (0x8e51) x12 0xffffffff
core   0: 0x8000183a (0x00008e41) c.or    a2, s0
core   0: 3 0x8000183a (0x8e41) x12 0xffffffff
core   0: 0x8000183c (0x00004f91) c.li    t6, 4
core   0: 3 0x8000183c (0x4f91) x31 0x00000004
core   0: 0x8000183e (0x02ca9733) mulh    a4, s5, a2
core   0: 3 0x8000183e (0x02ca9733) x14 0x00000000
core   0: 0x80001842 (0x023e16b3) mulh    a3, t3, gp
core   0: 3 0x80001842 (0x023e16b3) x13 0x00000000
core   0: 0x80001846 (0x000088e9) c.andi  s1, 26
core   0: 3 0x80001846 (0x88e9) x9  0x0000001a
core   0: 0x80001848 (0x00008ed1) c.or    a3, a2
core   0: 3 0x80001848 (0x8ed1) x13 0xffffffff
core   0: 0x8000184a (0x00008f49) c.or    a4, a0
core   0: 3 0x8000184a (0x8f49) x14 0x00000001
core   0: 0x8000184c (0x01b077b3) and     a5, zero, s11
core   0: 3 0x8000184c (0x01b077b3) x15 0x00000000
core   0: 0x80001850 (0x0255e733) rem     a4, a1, t0
core   0: 3 0x80001850 (0x0255e733) x14 0x00000008
core   0: 0x80001854 (0x000015f9) c.addi  a1, -2
core   0: 3 0x80001854 (0x15f9) x11 0x00000006
core   0: 0x80001856 (0x0000556d) c.li    a0, -5
core   0: 3 0x80001856 (0x556d) x10 0xfffffffb
core   0: 0x80001858 (0x00000001) c.nop
core   0: 3 0x80001858 (0x0001)
core   0: 0x8000185a (0x02d16e33) rem     t3, sp, a3
core   0: 3 0x8000185a (0x02d16e33) x28 0x00000000
core   0: 0x8000185e (0x411cdb33) sra     s6, s9, a7
core   0: 3 0x8000185e (0x411cdb33) x22 0x00000000
core   0: 0x80001862 (0x00008c42) c.mv    s8, a6
core   0: 3 0x80001862 (0x8c42) x24 0x80000000
core   0: 0x80001864 (0x409a5a13) srai    s4, s4, 9
core   0: 3 0x80001864 (0x409a5a13) x20 0x00000000
core   0: 0x80001868 (0x0000848d) c.srai  s1, 3
core   0: 3 0x80001868 (0x848d) x9  0x00000003
core   0: 0x8000186a (0x0125eeb3) or      t4, a1, s2
core   0: 3 0x8000186a (0x0125eeb3) x29 0xffe000a7
core   0: 0x8000186e (0x00000001) c.nop
core   0: 3 0x8000186e (0x0001)
core   0: 0x80001870 (0x000047c1) c.li    a5, 16
core   0: 3 0x80001870 (0x47c1) x15 0x00000010
core   0: 0x80001872 (0x00008ee9) c.and   a3, a0
core   0: 3 0x80001872 (0x8ee9) x13 0xfffffffb
core   0: 0x80001874 (0xc332c7b7) lui     a5, 0xc332c
core   0: 3 0x80001874 (0xc332c7b7) x15 0xc332c000
core   0: 0x80001878 (0xc49ff493) andi    s1, t6, -951
core   0: 3 0x80001878 (0xc49ff493) x9  0x00000000
core   0: 0x8000187c (0x001f4e33) xor     t3, t5, ra
core   0: 3 0x8000187c (0x001f4e33) x28 0x1b0827bc
core   0: 0x80001880 (0x00000505) c.addi  a0, 1
core   0: 3 0x80001880 (0x0505) x10 0xfffffffc
core   0: 0x80001882 (0x0000d57d) c.beqz  a0, pc - 18
core   0: 3 0x80001882 (0xd57d)
core   0: 0x80001884 (0x01017933) and     s2, sp, a6
core   0: 3 0x80001884 (0x01017933) x18 0x80000000
core   0: 0x80001888 (0x00006145) c.addi16sp sp, 48
core   0: 3 0x80001888 (0x6145) x2  0x0000002f
core   0: 0x8000188a (0x92520897) auipc   a7, 0x92520
core   0: 3 0x8000188a (0x92520897) x17 0x1252188a
core   0: 0x8000188e (0x000047c1) c.li    a5, 16
core   0: 3 0x8000188e (0x47c1) x15 0x00000010
core   0: 0x80001890 (0xfbf5fee3) bgeu    a1, t6, pc - 68
core   0: 3 0x80001890 (0xfbf5fee3)
core   0: 0x8000184c (0x01b077b3) and     a5, zero, s11
core   0: 3 0x8000184c (0x01b077b3) x15 0x00000000
core   0: 0x80001850 (0x0255e733) rem     a4, a1, t0
core   0: 3 0x80001850 (0x0255e733) x14 0x00000006
core   0: 0x80001854 (0x000015f9) c.addi  a1, -2
core   0: 3 0x80001854 (0x15f9) x11 0x00000004
core   0: 0x80001856 (0x0000556d) c.li    a0, -5
core   0: 3 0x80001856 (0x556d) x10 0xfffffffb
core   0: 0x80001858 (0x00000001) c.nop
core   0: 3 0x80001858 (0x0001)
core   0: 0x8000185a (0x02d16e33) rem     t3, sp, a3
core   0: 3 0x8000185a (0x02d16e33) x28 0x00000002
core   0: 0x8000185e (0x411cdb33) sra     s6, s9, a7
core   0: 3 0x8000185e (0x411cdb33) x22 0x00000000
core   0: 0x80001862 (0x00008c42) c.mv    s8, a6
core   0: 3 0x80001862 (0x8c42) x24 0x80000000
core   0: 0x80001864 (0x409a5a13) srai    s4, s4, 9
core   0: 3 0x80001864 (0x409a5a13) x20 0x00000000
core   0: 0x80001868 (0x0000848d) c.srai  s1, 3
core   0: 3 0x80001868 (0x848d) x9  0x00000000
core   0: 0x8000186a (0x0125eeb3) or      t4, a1, s2
core   0: 3 0x8000186a (0x0125eeb3) x29 0x80000004
core   0: 0x8000186e (0x00000001) c.nop
core   0: 3 0x8000186e (0x0001)
core   0: 0x80001870 (0x000047c1) c.li    a5, 16
core   0: 3 0x80001870 (0x47c1) x15 0x00000010
core   0: 0x80001872 (0x00008ee9) c.and   a3, a0
core   0: 3 0x80001872 (0x8ee9) x13 0xfffffffb
core   0: 0x80001874 (0xc332c7b7) lui     a5, 0xc332c
core   0: 3 0x80001874 (0xc332c7b7) x15 0xc332c000
core   0: 0x80001878 (0xc49ff493) andi    s1, t6, -951
core   0: 3 0x80001878 (0xc49ff493) x9  0x00000000
core   0: 0x8000187c (0x001f4e33) xor     t3, t5, ra
core   0: 3 0x8000187c (0x001f4e33) x28 0x1b0827bc
core   0: 0x80001880 (0x00000505) c.addi  a0, 1
core   0: 3 0x80001880 (0x0505) x10 0xfffffffc
core   0: 0x80001882 (0x0000d57d) c.beqz  a0, pc - 18
core   0: 3 0x80001882 (0xd57d)
core   0: 0x80001884 (0x01017933) and     s2, sp, a6
core   0: 3 0x80001884 (0x01017933) x18 0x00000000
core   0: 0x80001888 (0x00006145) c.addi16sp sp, 48
core   0: 3 0x80001888 (0x6145) x2  0x0000005f
core   0: 0x8000188a (0x92520897) auipc   a7, 0x92520
core   0: 3 0x8000188a (0x92520897) x17 0x1252188a
core   0: 0x8000188e (0x000047c1) c.li    a5, 16
core   0: 3 0x8000188e (0x47c1) x15 0x00000010
core   0: 0x80001890 (0xfbf5fee3) bgeu    a1, t6, pc - 68
core   0: 3 0x80001890 (0xfbf5fee3)
core   0: 0x8000184c (0x01b077b3) and     a5, zero, s11
core   0: 3 0x8000184c (0x01b077b3) x15 0x00000000
core   0: 0x80001850 (0x0255e733) rem     a4, a1, t0
core   0: 3 0x80001850 (0x0255e733) x14 0x00000004
core   0: 0x80001854 (0x000015f9) c.addi  a1, -2
core   0: 3 0x80001854 (0x15f9) x11 0x00000002
core   0: 0x80001856 (0x0000556d) c.li    a0, -5
core   0: 3 0x80001856 (0x556d) x10 0xfffffffb
core   0: 0x80001858 (0x00000001) c.nop
core   0: 3 0x80001858 (0x0001)
core   0: 0x8000185a (0x02d16e33) rem     t3, sp, a3
core   0: 3 0x8000185a (0x02d16e33) x28 0x00000000
core   0: 0x8000185e (0x411cdb33) sra     s6, s9, a7
core   0: 3 0x8000185e (0x411cdb33) x22 0x00000000
core   0: 0x80001862 (0x00008c42) c.mv    s8, a6
core   0: 3 0x80001862 (0x8c42) x24 0x80000000
core   0: 0x80001864 (0x409a5a13) srai    s4, s4, 9
core   0: 3 0x80001864 (0x409a5a13) x20 0x00000000
core   0: 0x80001868 (0x0000848d) c.srai  s1, 3
core   0: 3 0x80001868 (0x848d) x9  0x00000000
core   0: 0x8000186a (0x0125eeb3) or      t4, a1, s2
core   0: 3 0x8000186a (0x0125eeb3) x29 0x00000002
core   0: 0x8000186e (0x00000001) c.nop
core   0: 3 0x8000186e (0x0001)
core   0: 0x80001870 (0x000047c1) c.li    a5, 16
core   0: 3 0x80001870 (0x47c1) x15 0x00000010
core   0: 0x80001872 (0x00008ee9) c.and   a3, a0
core   0: 3 0x80001872 (0x8ee9) x13 0xfffffffb
core   0: 0x80001874 (0xc332c7b7) lui     a5, 0xc332c
core   0: 3 0x80001874 (0xc332c7b7) x15 0xc332c000
core   0: 0x80001878 (0xc49ff493) andi    s1, t6, -951
core   0: 3 0x80001878 (0xc49ff493) x9  0x00000000
core   0: 0x8000187c (0x001f4e33) xor     t3, t5, ra
core   0: 3 0x8000187c (0x001f4e33) x28 0x1b0827bc
core   0: 0x80001880 (0x00000505) c.addi  a0, 1
core   0: 3 0x80001880 (0x0505) x10 0xfffffffc
core   0: 0x80001882 (0x0000d57d) c.beqz  a0, pc - 18
core   0: 3 0x80001882 (0xd57d)
core   0: 0x80001884 (0x01017933) and     s2, sp, a6
core   0: 3 0x80001884 (0x01017933) x18 0x00000000
core   0: 0x80001888 (0x00006145) c.addi16sp sp, 48
core   0: 3 0x80001888 (0x6145) x2  0x0000008f
core   0: 0x8000188a (0x92520897) auipc   a7, 0x92520
core   0: 3 0x8000188a (0x92520897) x17 0x1252188a
core   0: 0x8000188e (0x000047c1) c.li    a5, 16
core   0: 3 0x8000188e (0x47c1) x15 0x00000010
core   0: 0x80001890 (0xfbf5fee3) bgeu    a1, t6, pc - 68
core   0: 3 0x80001890 (0xfbf5fee3)
core   0: 0x80001894 (0x0159a7b3) slt     a5, s3, s5
core   0: 3 0x80001894 (0x0159a7b3) x15 0x00000000
core   0: 0x80001898 (0x00004685) c.li    a3, 1
core   0: 3 0x80001898 (0x4685) x13 0x00000001
core   0: 0x8000189a (0x007aab33) slt     s6, s5, t2
core   0: 3 0x8000189a (0x007aab33) x22 0x00000001
core   0: 0x8000189e (0x412c5213) srai    tp, s8, 18
core   0: 3 0x8000189e (0x412c5213) x4  0xffffe000
core   0: 0x800018a2 (0x00f0d193) srli    gp, ra, 15
core   0: 3 0x800018a2 (0x00f0d193) x3  0x00001bfc
core   0: 0x800018a6 (0x00005a49) c.li    s4, -14
core   0: 3 0x800018a6 (0x5a49) x20 0xfffffff2
core   0: 0x800018a8 (0xb6984913) xori    s2, a6, -1175
core   0: 3 0x800018a8 (0xb6984913) x18 0x7ffffb69
core   0: 0x800018ac (0x00008192) c.mv    gp, tp
core   0: 3 0x800018ac (0x8192) x3  0xffffe000
core   0: 0x800018ae (0x00008d81) c.sub   a1, s0
core   0: 3 0x800018ae (0x8d81) x11 0x7ffd631e
core   0: 0x800018b0 (0x41118333) sub     t1, gp, a7
core   0: 3 0x800018b0 (0x41118333) x6  0xedadc776
core   0: 0x800018b4 (0x000098fd) c.andi  s1, -1
core   0: 3 0x800018b4 (0x98fd) x9  0x00000000
core   0: 0x800018b6 (0x00008559) c.srai  a0, 22
core   0: 3 0x800018b6 (0x8559) x10 0xffffffff
core   0: 0x800018b8 (0x000016ed) c.addi  a3, -5
core   0: 3 0x800018b8 (0x16ed) x13 0xfffffffc
core   0: 0x800018ba (0x01e35b33) srl     s6, t1, t5
core   0: 3 0x800018ba (0x01e35b33) x22 0xedadc776
core   0: 0x800018be (0xff4697e3) bne     a3, s4, pc - 18
core   0: 3 0x800018be (0xff4697e3)
core   0: 0x800018ac (0x00008192) c.mv    gp, tp
core   0: 3 0x800018ac (0x8192) x3  0xffffe000
core   0: 0x800018ae (0x00008d81) c.sub   a1, s0
core   0: 3 0x800018ae (0x8d81) x11 0xfffac63a
core   0: 0x800018b0 (0x41118333) sub     t1, gp, a7
core   0: 3 0x800018b0 (0x41118333) x6  0xedadc776
core   0: 0x800018b4 (0x000098fd) c.andi  s1, -1
core   0: 3 0x800018b4 (0x98fd) x9  0x00000000
core   0: 0x800018b6 (0x00008559) c.srai  a0, 22
core   0: 3 0x800018b6 (0x8559) x10 0xffffffff
core   0: 0x800018b8 (0x000016ed) c.addi  a3, -5
core   0: 3 0x800018b8 (0x16ed) x13 0xfffffff7
core   0: 0x800018ba (0x01e35b33) srl     s6, t1, t5
core   0: 3 0x800018ba (0x01e35b33) x22 0xedadc776
core   0: 0x800018be (0xff4697e3) bne     a3, s4, pc - 18
core   0: 3 0x800018be (0xff4697e3)
core   0: 0x800018ac (0x00008192) c.mv    gp, tp
core   0: 3 0x800018ac (0x8192) x3  0xffffe000
core   0: 0x800018ae (0x00008d81) c.sub   a1, s0
core   0: 3 0x800018ae (0x8d81) x11 0x7ff82956
core   0: 0x800018b0 (0x41118333) sub     t1, gp, a7
core   0: 3 0x800018b0 (0x41118333) x6  0xedadc776
core   0: 0x800018b4 (0x000098fd) c.andi  s1, -1
core   0: 3 0x800018b4 (0x98fd) x9  0x00000000
core   0: 0x800018b6 (0x00008559) c.srai  a0, 22
core   0: 3 0x800018b6 (0x8559) x10 0xffffffff
core   0: 0x800018b8 (0x000016ed) c.addi  a3, -5
core   0: 3 0x800018b8 (0x16ed) x13 0xfffffff2
core   0: 0x800018ba (0x01e35b33) srl     s6, t1, t5
core   0: 3 0x800018ba (0x01e35b33) x22 0xedadc776
core   0: 0x800018be (0xff4697e3) bne     a3, s4, pc - 18
core   0: 3 0x800018be (0xff4697e3)
core   0: 0x800018c2 (0x004f5bb3) srl     s7, t5, tp
core   0: 3 0x800018c2 (0x004f5bb3) x23 0x16f60000
core   0: 0x800018c6 (0x000055d9) c.li    a1, -10
core   0: 3 0x800018c6 (0x55d9) x11 0xfffffff6
core   0: 0x800018c8 (0x00f53533) sltu    a0, a0, a5
core   0: 3 0x800018c8 (0x00f53533) x10 0x00000000
core   0: 0x800018cc (0x01f0ea33) or      s4, ra, t6
core   0: 3 0x800018cc (0x01f0ea33) x20 0x0dfe27bc
core   0: 0x800018d0 (0x4123dc93) srai    s9, t2, 18
core   0: 3 0x800018d0 (0x4123dc93) x25 0x00000000
core   0: 0x800018d4 (0x000052ed) c.li    t0, -5
core   0: 3 0x800018d4 (0x52ed) x5  0xfffffffb
core   0: 0x800018d6 (0x0050e733) or      a4, ra, t0
core   0: 3 0x800018d6 (0x0050e733) x14 0xffffffff
core   0: 0x800018da (0x00008eb9) c.xor   a3, a4
core   0: 3 0x800018da (0x8eb9) x13 0x0000000d
core   0: 0x800018dc (0x00000585) c.addi  a1, 1
core   0: 3 0x800018dc (0x0585) x11 0xfffffff7
core   0: 0x800018de (0x025a0933) mul     s2, s4, t0
core   0: 3 0x800018de (0x025a0933) x18 0xba093954
core   0: 0x800018e2 (0x41df0233) sub     tp, t5, t4
core   0: 3 0x800018e2 (0x41df0233) x4  0x16f5fffe
core   0: 0x800018e6 (0x000018fd) c.addi  a7, -1
core   0: 3 0x800018e6 (0x18fd) x17 0x12521889
core   0: 0x800018e8 (0x000060a1) c.lui   ra, 0x8
core   0: 3 0x800018e8 (0x60a1) x1  0x00008000
core   0: 0x800018ea (0xfe5596e3) bne     a1, t0, pc - 20
core   0: 3 0x800018ea (0xfe5596e3)
core   0: 0x800018d6 (0x0050e733) or      a4, ra, t0
core   0: 3 0x800018d6 (0x0050e733) x14 0xfffffffb
core   0: 0x800018da (0x00008eb9) c.xor   a3, a4
core   0: 3 0x800018da (0x8eb9) x13 0xfffffff6
core   0: 0x800018dc (0x00000585) c.addi  a1, 1
core   0: 3 0x800018dc (0x0585) x11 0xfffffff8
core   0: 0x800018de (0x025a0933) mul     s2, s4, t0
core   0: 3 0x800018de (0x025a0933) x18 0xba093954
core   0: 0x800018e2 (0x41df0233) sub     tp, t5, t4
core   0: 3 0x800018e2 (0x41df0233) x4  0x16f5fffe
core   0: 0x800018e6 (0x000018fd) c.addi  a7, -1
core   0: 3 0x800018e6 (0x18fd) x17 0x12521888
core   0: 0x800018e8 (0x000060a1) c.lui   ra, 0x8
core   0: 3 0x800018e8 (0x60a1) x1  0x00008000
core   0: 0x800018ea (0xfe5596e3) bne     a1, t0, pc - 20
core   0: 3 0x800018ea (0xfe5596e3)
core   0: 0x800018d6 (0x0050e733) or      a4, ra, t0
core   0: 3 0x800018d6 (0x0050e733) x14 0xfffffffb
core   0: 0x800018da (0x00008eb9) c.xor   a3, a4
core   0: 3 0x800018da (0x8eb9) x13 0x0000000d
core   0: 0x800018dc (0x00000585) c.addi  a1, 1
core   0: 3 0x800018dc (0x0585) x11 0xfffffff9
core   0: 0x800018de (0x025a0933) mul     s2, s4, t0
core   0: 3 0x800018de (0x025a0933) x18 0xba093954
core   0: 0x800018e2 (0x41df0233) sub     tp, t5, t4
core   0: 3 0x800018e2 (0x41df0233) x4  0x16f5fffe
core   0: 0x800018e6 (0x000018fd) c.addi  a7, -1
core   0: 3 0x800018e6 (0x18fd) x17 0x12521887
core   0: 0x800018e8 (0x000060a1) c.lui   ra, 0x8
core   0: 3 0x800018e8 (0x60a1) x1  0x00008000
core   0: 0x800018ea (0xfe5596e3) bne     a1, t0, pc - 20
core   0: 3 0x800018ea (0xfe5596e3)
core   0: 0x800018d6 (0x0050e733) or      a4, ra, t0
core   0: 3 0x800018d6 (0x0050e733) x14 0xfffffffb
core   0: 0x800018da (0x00008eb9) c.xor   a3, a4
core   0: 3 0x800018da (0x8eb9) x13 0xfffffff6
core   0: 0x800018dc (0x00000585) c.addi  a1, 1
core   0: 3 0x800018dc (0x0585) x11 0xfffffffa
core   0: 0x800018de (0x025a0933) mul     s2, s4, t0
core   0: 3 0x800018de (0x025a0933) x18 0xba093954
core   0: 0x800018e2 (0x41df0233) sub     tp, t5, t4
core   0: 3 0x800018e2 (0x41df0233) x4  0x16f5fffe
core   0: 0x800018e6 (0x000018fd) c.addi  a7, -1
core   0: 3 0x800018e6 (0x18fd) x17 0x12521886
core   0: 0x800018e8 (0x000060a1) c.lui   ra, 0x8
core   0: 3 0x800018e8 (0x60a1) x1  0x00008000
core   0: 0x800018ea (0xfe5596e3) bne     a1, t0, pc - 20
core   0: 3 0x800018ea (0xfe5596e3)
core   0: 0x800018d6 (0x0050e733) or      a4, ra, t0
core   0: 3 0x800018d6 (0x0050e733) x14 0xfffffffb
core   0: 0x800018da (0x00008eb9) c.xor   a3, a4
core   0: 3 0x800018da (0x8eb9) x13 0x0000000d
core   0: 0x800018dc (0x00000585) c.addi  a1, 1
core   0: 3 0x800018dc (0x0585) x11 0xfffffffb
core   0: 0x800018de (0x025a0933) mul     s2, s4, t0
core   0: 3 0x800018de (0x025a0933) x18 0xba093954
core   0: 0x800018e2 (0x41df0233) sub     tp, t5, t4
core   0: 3 0x800018e2 (0x41df0233) x4  0x16f5fffe
core   0: 0x800018e6 (0x000018fd) c.addi  a7, -1
core   0: 3 0x800018e6 (0x18fd) x17 0x12521885
core   0: 0x800018e8 (0x000060a1) c.lui   ra, 0x8
core   0: 3 0x800018e8 (0x60a1) x1  0x00008000
core   0: 0x800018ea (0xfe5596e3) bne     a1, t0, pc - 20
core   0: 3 0x800018ea (0xfe5596e3)
core   0: 0x800018ee (0x0000717d) c.addi16sp sp, -16
core   0: 3 0x800018ee (0x717d) x2  0x0000007f
core   0: 0x800018f0 (0x000041a9) c.li    gp, 10
core   0: 3 0x800018f0 (0x41a9) x3  0x0000000a
core   0: 0x800018f2 (0x000040a9) c.li    ra, 10
core   0: 3 0x800018f2 (0x40a9) x1  0x0000000a
core   0: 0x800018f4 (0x004a07b3) add     a5, s4, tp
core   0: 3 0x800018f4 (0x004a07b3) x15 0x24f427ba
core   0: 0x800018f8 (0x00000001) c.nop
core   0: 3 0x800018f8 (0x0001)
core   0: 0x800018fa (0x801acf13) xori    t5, s5, -2047
core   0: 3 0x800018fa (0x801acf13) x30 0x7ffda665
core   0: 0x800018fe (0x00008e81) c.sub   a3, s0
core   0: 3 0x800018fe (0x8e81) x13 0x7ffd6329
core   0: 0x80001900 (0x03265bb3) divu    s7, a2, s2
core   0: 3 0x80001900 (0x03265bb3) x23 0x00000001
core   0: 0x80001904 (0x000011dd) c.addi  gp, -9
core   0: 3 0x80001904 (0x11dd) x3  0x00000001
core   0: 0x80001906 (0x00009d9e) c.add   s11, t2
core   0: 3 0x80001906 (0x9d9e) x27 0x19992056
core   0: 0x80001908 (0x017422b3) slt     t0, s0, s7
core   0: 3 0x80001908 (0x017422b3) x5  0x00000001
core   0: 0x8000190c (0xbcd9a7b7) lui     a5, 0xbcd9a
core   0: 3 0x8000190c (0xbcd9a7b7) x15 0xbcd9a000
core   0: 0x80001910 (0x00000c98) c.addi4spn a4, sp, 592
core   0: 3 0x80001910 (0x0c98) x14 0x000002cf
core   0: 0x80001912 (0x007463b3) or      t2, s0, t2
core   0: 3 0x80001912 (0x007463b3) x7  0x80029ce4
core   0: 0x80001916 (0x00f05e33) srl     t3, zero, a5
core   0: 3 0x80001916 (0x00f05e33) x28 0x00000000
core   0: 0x8000191a (0x00001e7d) c.addi  t3, -1
core   0: 3 0x8000191a (0x1e7d) x28 0xffffffff
core   0: 0x8000191c (0x00009a4a) c.add   s4, s2
core   0: 3 0x8000191c (0x9a4a) x20 0xc8076110
core   0: 0x8000191e (0xfc11fbe3) bgeu    gp, ra, pc - 42
core   0: 3 0x8000191e (0xfc11fbe3)
core   0: 0x80001922 (0x02b5f533) remu    a0, a1, a1
core   0: 3 0x80001922 (0x02b5f533) x10 0x00000000
core   0: 0x80001926 (0x00004519) c.li    a0, 6
core   0: 3 0x80001926 (0x4519) x10 0x00000006
core   0: 0x80001928 (0x02523233) mulhu   tp, tp, t0
core   0: 3 0x80001928 (0x02523233) x4  0x00000000
core   0: 0x8000192c (0x00008dd1) c.or    a1, a2
core   0: 3 0x8000192c (0x8dd1) x11 0xffffffff
core   0: 0x8000192e (0x00004c3d) c.li    s8, 15
core   0: 3 0x8000192e (0x4c3d) x24 0x0000000f
core   0: 0x80001930 (0x0009e2b3) or      t0, s3, zero
core   0: 3 0x80001930 (0x0009e2b3) x5  0x001fff59
core   0: 0x80001934 (0x7ec24297) auipc   t0, 0x7ec24
core   0: 3 0x80001934 (0x7ec24297) x5  0xfec25934
core   0: 0x80001938 (0x033e3e33) mulhu   t3, t3, s3
core   0: 3 0x80001938 (0x033e3e33) x28 0x001fff58
core   0: 0x8000193c (0x01cbecb3) or      s9, s7, t3
core   0: 3 0x8000193c (0x01cbecb3) x25 0x001fff59
core   0: 0x80001940 (0x0000717d) c.addi16sp sp, -16
core   0: 3 0x80001940 (0x717d) x2  0x0000006f
core   0: 0x80001942 (0x4099db13) srai    s6, s3, 9
core   0: 3 0x80001942 (0x4099db13) x22 0x00000fff
core   0: 0x80001946 (0x0000050d) c.addi  a0, 3
core   0: 3 0x80001946 (0x050d) x10 0x00000009
core   0: 0x80001948 (0x00008dc1) c.or    a1, s0
core   0: 3 0x80001948 (0x8dc1) x11 0xffffffff
core   0: 0x8000194a (0x00fc0cb3) add     s9, s8, a5
core   0: 3 0x8000194a (0x00fc0cb3) x25 0xbcd9a00f
core   0: 0x8000194e (0x00bd9f93) slli    t6, s11, 11
core   0: 3 0x8000194e (0x00bd9f93) x31 0xc902b000
core   0: 0x80001952 (0x636d0b93) addi    s7, s10, 1590
core   0: 3 0x80001952 (0x636d0b93) x23 0x00000637
core   0: 0x80001956 (0x0095a1b3) slt     gp, a1, s1
core   0: 3 0x80001956 (0x0095a1b3) x3  0x00000001
core   0: 0x8000195a (0x0000577d) c.li    a4, -1
core   0: 3 0x8000195a (0x577d) x14 0xffffffff
core   0: 0x8000195c (0x00141593) slli    a1, s0, 1
core   0: 3 0x8000195c (0x00141593) x11 0x000539c8
core   0: 0x80001960 (0x4bbca2b7) lui     t0, 0x4bbca
core   0: 3 0x80001960 (0x4bbca2b7) x5  0x4bbca000
core   0: 0x80001964 (0x00000001) c.nop
core   0: 3 0x80001964 (0x0001)
core   0: 0x80001966 (0x018e3fb3) sltu    t6, t3, s8
core   0: 3 0x80001966 (0x018e3fb3) x31 0x00000000
core   0: 0x8000196a (0x00000001) c.nop
core   0: 3 0x8000196a (0x0001)
core   0: 0x8000196c (0x03532eb3) mulhsu  t4, t1, s5
core   0: 3 0x8000196c (0x03532eb3) x29 0xf6d6b855
core   0: 0x80001970 (0xdf920c93) addi    s9, tp, -519
core   0: 3 0x80001970 (0xdf920c93) x25 0xfffffdf9
core   0: 0x80001974 (0x00000705) c.addi  a4, 1
core   0: 3 0x80001974 (0x0705) x14 0x00000000
core   0: 0x80001976 (0x029151b3) divu    gp, sp, s1
core   0: 3 0x80001976 (0x029151b3) x3  0xffffffff
core   0: 0x8000197a (0x0000fb65) c.bnez  a4, pc - 16
core   0: 3 0x8000197a (0xfb65)
core   0: 0x8000197c (0xf17e2493) slti    s1, t3, -233
core   0: 3 0x8000197c (0xf17e2493) x9  0x00000000
core   0: 0x80001980 (0xfb851ce3) bne     a0, s8, pc - 72
core   0: 3 0x80001980 (0xfb851ce3)
core   0: 0x80001938 (0x033e3e33) mulhu   t3, t3, s3
core   0: 3 0x80001938 (0x033e3e33) x28 0x000003ff
core   0: 0x8000193c (0x01cbecb3) or      s9, s7, t3
core   0: 3 0x8000193c (0x01cbecb3) x25 0x000007ff
core   0: 0x80001940 (0x0000717d) c.addi16sp sp, -16
core   0: 3 0x80001940 (0x717d) x2  0x0000005f
core   0: 0x80001942 (0x4099db13) srai    s6, s3, 9
core   0: 3 0x80001942 (0x4099db13) x22 0x00000fff
core   0: 0x80001946 (0x0000050d) c.addi  a0, 3
core   0: 3 0x80001946 (0x050d) x10 0x0000000c
core   0: 0x80001948 (0x00008dc1) c.or    a1, s0
core   0: 3 0x80001948 (0x8dc1) x11 0x8007bdec
core   0: 0x8000194a (0x00fc0cb3) add     s9, s8, a5
core   0: 3 0x8000194a (0x00fc0cb3) x25 0xbcd9a00f
core   0: 0x8000194e (0x00bd9f93) slli    t6, s11, 11
core   0: 3 0x8000194e (0x00bd9f93) x31 0xc902b000
core   0: 0x80001952 (0x636d0b93) addi    s7, s10, 1590
core   0: 3 0x80001952 (0x636d0b93) x23 0x00000637
core   0: 0x80001956 (0x0095a1b3) slt     gp, a1, s1
core   0: 3 0x80001956 (0x0095a1b3) x3  0x00000001
core   0: 0x8000195a (0x0000577d) c.li    a4, -1
core   0: 3 0x8000195a (0x577d) x14 0xffffffff
core   0: 0x8000195c (0x00141593) slli    a1, s0, 1
core   0: 3 0x8000195c (0x00141593) x11 0x000539c8
core   0: 0x80001960 (0x4bbca2b7) lui     t0, 0x4bbca
core   0: 3 0x80001960 (0x4bbca2b7) x5  0x4bbca000
core   0: 0x80001964 (0x00000001) c.nop
core   0: 3 0x80001964 (0x0001)
core   0: 0x80001966 (0x018e3fb3) sltu    t6, t3, s8
core   0: 3 0x80001966 (0x018e3fb3) x31 0x00000000
core   0: 0x8000196a (0x00000001) c.nop
core   0: 3 0x8000196a (0x0001)
core   0: 0x8000196c (0x03532eb3) mulhsu  t4, t1, s5
core   0: 3 0x8000196c (0x03532eb3) x29 0xf6d6b855
core   0: 0x80001970 (0xdf920c93) addi    s9, tp, -519
core   0: 3 0x80001970 (0xdf920c93) x25 0xfffffdf9
core   0: 0x80001974 (0x00000705) c.addi  a4, 1
core   0: 3 0x80001974 (0x0705) x14 0x00000000
core   0: 0x80001976 (0x029151b3) divu    gp, sp, s1
core   0: 3 0x80001976 (0x029151b3) x3  0xffffffff
core   0: 0x8000197a (0x0000fb65) c.bnez  a4, pc - 16
core   0: 3 0x8000197a (0xfb65)
core   0: 0x8000197c (0xf17e2493) slti    s1, t3, -233
core   0: 3 0x8000197c (0xf17e2493) x9  0x00000000
core   0: 0x80001980 (0xfb851ce3) bne     a0, s8, pc - 72
core   0: 3 0x80001980 (0xfb851ce3)
core   0: 0x80001938 (0x033e3e33) mulhu   t3, t3, s3
core   0: 3 0x80001938 (0x033e3e33) x28 0x00000000
core   0: 0x8000193c (0x01cbecb3) or      s9, s7, t3
core   0: 3 0x8000193c (0x01cbecb3) x25 0x00000637
core   0: 0x80001940 (0x0000717d) c.addi16sp sp, -16
core   0: 3 0x80001940 (0x717d) x2  0x0000004f
core   0: 0x80001942 (0x4099db13) srai    s6, s3, 9
core   0: 3 0x80001942 (0x4099db13) x22 0x00000fff
core   0: 0x80001946 (0x0000050d) c.addi  a0, 3
core   0: 3 0x80001946 (0x050d) x10 0x0000000f
core   0: 0x80001948 (0x00008dc1) c.or    a1, s0
core   0: 3 0x80001948 (0x8dc1) x11 0x8007bdec
core   0: 0x8000194a (0x00fc0cb3) add     s9, s8, a5
core   0: 3 0x8000194a (0x00fc0cb3) x25 0xbcd9a00f
core   0: 0x8000194e (0x00bd9f93) slli    t6, s11, 11
core   0: 3 0x8000194e (0x00bd9f93) x31 0xc902b000
core   0: 0x80001952 (0x636d0b93) addi    s7, s10, 1590
core   0: 3 0x80001952 (0x636d0b93) x23 0x00000637
core   0: 0x80001956 (0x0095a1b3) slt     gp, a1, s1
core   0: 3 0x80001956 (0x0095a1b3) x3  0x00000001
core   0: 0x8000195a (0x0000577d) c.li    a4, -1
core   0: 3 0x8000195a (0x577d) x14 0xffffffff
core   0: 0x8000195c (0x00141593) slli    a1, s0, 1
core   0: 3 0x8000195c (0x00141593) x11 0x000539c8
core   0: 0x80001960 (0x4bbca2b7) lui     t0, 0x4bbca
core   0: 3 0x80001960 (0x4bbca2b7) x5  0x4bbca000
core   0: 0x80001964 (0x00000001) c.nop
core   0: 3 0x80001964 (0x0001)
core   0: 0x80001966 (0x018e3fb3) sltu    t6, t3, s8
core   0: 3 0x80001966 (0x018e3fb3) x31 0x00000001
core   0: 0x8000196a (0x00000001) c.nop
core   0: 3 0x8000196a (0x0001)
core   0: 0x8000196c (0x03532eb3) mulhsu  t4, t1, s5
core   0: 3 0x8000196c (0x03532eb3) x29 0xf6d6b855
core   0: 0x80001970 (0xdf920c93) addi    s9, tp, -519
core   0: 3 0x80001970 (0xdf920c93) x25 0xfffffdf9
core   0: 0x80001974 (0x00000705) c.addi  a4, 1
core   0: 3 0x80001974 (0x0705) x14 0x00000000
core   0: 0x80001976 (0x029151b3) divu    gp, sp, s1
core   0: 3 0x80001976 (0x029151b3) x3  0xffffffff
core   0: 0x8000197a (0x0000fb65) c.bnez  a4, pc - 16
core   0: 3 0x8000197a (0xfb65)
core   0: 0x8000197c (0xf17e2493) slti    s1, t3, -233
core   0: 3 0x8000197c (0xf17e2493) x9  0x00000000
core   0: 0x80001980 (0xfb851ce3) bne     a0, s8, pc - 72
core   0: 3 0x80001980 (0xfb851ce3)
core   0: 0x80001984 (0x00008de1) c.and   a1, s0
core   0: 3 0x80001984 (0x8de1) x11 0x000018c0
core   0: 0x80001986 (0x00005ff5) c.li    t6, -3
core   0: 3 0x80001986 (0x5ff5) x31 0xfffffffd
core   0: 0x80001988 (0x0073c133) xor     sp, t2, t2
core   0: 3 0x80001988 (0x0073c133) x2  0x00000000
core   0: 0x8000198c (0x01279013) slli    zero, a5, 18
core   0: 3 0x8000198c (0x01279013)
core   0: 0x80001990 (0x00001404) c.addi4spn s1, sp, 544
core   0: 3 0x80001990 (0x1404) x9  0x00000220
core   0: 0x80001992 (0x5bb36513) ori     a0, t1, 1467
core   0: 3 0x80001992 (0x5bb36513) x10 0xedadc7ff
core   0: 0x80001996 (0x00008e39) c.xor   a2, a4
core   0: 3 0x80001996 (0x8e39) x12 0xffffffff
core   0: 0x80001998 (0x00006119) c.addi16sp sp, 384
core   0: 3 0x80001998 (0x6119) x2  0x00000180
core   0: 0x8000199a (0x00000001) c.nop
core   0: 3 0x8000199a (0x0001)
core   0: 0x8000199c (0x015c5313) srli    t1, s8, 21
core   0: 3 0x8000199c (0x015c5313) x6  0x00000000
core   0: 0x800019a0 (0x02324733) div     a4, tp, gp
core   0: 3 0x800019a0 (0x02324733) x14 0x00000000
core   0: 0x800019a4 (0x01d11093) slli    ra, sp, 29
core   0: 3 0x800019a4 (0x01d11093) x1  0x00000000
core   0: 0x800019a8 (0x00005cd9) c.li    s9, -10
core   0: 3 0x800019a8 (0x5cd9) x25 0xfffffff6
core   0: 0x800019aa (0x03ffac33) mulhsu  s8, t6, t6
core   0: 3 0x800019aa (0x03ffac33) x24 0xfffffffd
core   0: 0x800019ae (0x01aa2333) slt     t1, s4, s10
core   0: 3 0x800019ae (0x01aa2333) x6  0x00000001
core   0: 0x800019b2 (0xdb34f317) auipc   t1, 0xdb34f
core   0: 3 0x800019b2 (0xdb34f317) x6  0x5b3509b2
core   0: 0x800019b6 (0x00008f49) c.or    a4, a0
core   0: 3 0x800019b6 (0x8f49) x14 0xedadc7ff
core   0: 0x800019b8 (0x0000039a) c.slli  t2, 6
core   0: 3 0x800019b8 (0x039a) x7  0x00a73900
core   0: 0x800019ba (0x00000001) c.nop
core   0: 3 0x800019ba (0x0001)
core   0: 0x800019bc (0x00008d01) c.sub   a0, s0
core   0: 3 0x800019bc (0x8d01) x10 0x6dab2b1b
core   0: 0x800019be (0x00006121) c.addi16sp sp, 64
core   0: 3 0x800019be (0x6121) x2  0x000001c0
core   0: 0x800019c0 (0x00001fe5) c.addi  t6, -7
core   0: 3 0x800019c0 (0x1fe5) x31 0xfffffff6
core   0: 0x800019c2 (0xc447a013) slti    zero, a5, -956
core   0: 3 0x800019c2 (0xc447a013)
core   0: 0x800019c6 (0x3d6a0013) addi    zero, s4, 982
core   0: 3 0x800019c6 (0x3d6a0013)
core   0: 0x800019ca (0x00000514) c.addi4spn a3, sp, 640
core   0: 3 0x800019ca (0x0514) x13 0x00000440
core   0: 0x800019cc (0x000086aa) c.mv    a3, a0
core   0: 3 0x800019cc (0x86aa) x13 0x6dab2b1b
core   0: 0x800019ce (0x031c13b3) mulh    t2, s8, a7
core   0: 3 0x800019ce (0x031c13b3) x7  0xffffffff
core   0: 0x800019d2 (0x00000ee6) c.slli  t4, 25
core   0: 3 0x800019d2 (0x0ee6) x29 0xaa000000
core   0: 0x800019d4 (0xff9f81e3) beq     t6, s9, pc - 30
core   0: 3 0x800019d4 (0xff9f81e3)
core   0: 0x800019b6 (0x00008f49) c.or    a4, a0
core   0: 3 0x800019b6 (0x8f49) x14 0xedafefff
core   0: 0x800019b8 (0x0000039a) c.slli  t2, 6
core   0: 3 0x800019b8 (0x039a) x7  0xffffffc0
core   0: 0x800019ba (0x00000001) c.nop
core   0: 3 0x800019ba (0x0001)
core   0: 0x800019bc (0x00008d01) c.sub   a0, s0
core   0: 3 0x800019bc (0x8d01) x10 0xeda88e37
core   0: 0x800019be (0x00006121) c.addi16sp sp, 64
core   0: 3 0x800019be (0x6121) x2  0x00000200
core   0: 0x800019c0 (0x00001fe5) c.addi  t6, -7
core   0: 3 0x800019c0 (0x1fe5) x31 0xffffffef
core   0: 0x800019c2 (0xc447a013) slti    zero, a5, -956
core   0: 3 0x800019c2 (0xc447a013)
core   0: 0x800019c6 (0x3d6a0013) addi    zero, s4, 982
core   0: 3 0x800019c6 (0x3d6a0013)
core   0: 0x800019ca (0x00000514) c.addi4spn a3, sp, 640
core   0: 3 0x800019ca (0x0514) x13 0x00000480
core   0: 0x800019cc (0x000086aa) c.mv    a3, a0
core   0: 3 0x800019cc (0x86aa) x13 0xeda88e37
core   0: 0x800019ce (0x031c13b3) mulh    t2, s8, a7
core   0: 3 0x800019ce (0x031c13b3) x7  0xffffffff
core   0: 0x800019d2 (0x00000ee6) c.slli  t4, 25
core   0: 3 0x800019d2 (0x0ee6) x29 0x00000000
core   0: 0x800019d4 (0xff9f81e3) beq     t6, s9, pc - 30
core   0: 3 0x800019d4 (0xff9f81e3)
core   0: 0x800019d8 (0x0000990e) c.add   s2, gp
core   0: 3 0x800019d8 (0x990e) x18 0xba093953
core   0: 0x800019da (0x000050f9) c.li    ra, -2
core   0: 3 0x800019da (0x50f9) x1  0xfffffffe
core   0: 0x800019dc (0x027205b3) mul     a1, tp, t2
core   0: 3 0x800019dc (0x027205b3) x11 0x00000000
core   0: 0x800019e0 (0x46793b13) sltiu   s6, s2, 1127
core   0: 3 0x800019e0 (0x46793b13) x22 0x00000000
core   0: 0x800019e4 (0x00008971) c.andi  a0, 28
core   0: 3 0x800019e4 (0x8971) x10 0x00000014
core   0: 0x800019e6 (0xbfdbee93) ori     t4, s7, -1027
core   0: 3 0x800019e6 (0xbfdbee93) x29 0xffffffff
core   0: 0x800019ea (0x00008d31) c.xor   a0, a2
core   0: 3 0x800019ea (0x8d31) x10 0xffffffeb
core   0: 0x800019ec (0x00004d91) c.li    s11, 4
core   0: 3 0x800019ec (0x4d91) x27 0x00000004
core   0: 0x800019ee (0x023b2b33) mulhsu  s6, s6, gp
core   0: 3 0x800019ee (0x023b2b33) x22 0x00000000
core   0: 0x800019f2 (0x00008da5) c.xor   a1, s1
core   0: 3 0x800019f2 (0x8da5) x11 0x00000220
core   0: 0x800019f4 (0xc1410213) addi    tp, sp, -1004
core   0: 3 0x800019f4 (0xc1410213) x4  0xfffffe14
core   0: 0x800019f8 (0x00da6c33) or      s8, s4, a3
core   0: 3 0x800019f8 (0x00da6c33) x24 0xedafef37
core   0: 0x800019fc (0x02e20c33) mul     s8, tp, a4
core   0: 3 0x800019fc (0x02e20c33) x24 0x31dec1ec
core   0: 0x80001a00 (0x00009a7d) c.andi  a2, -1
core   0: 3 0x80001a00 (0x9a7d) x12 0xffffffff
core   0: 0x80001a02 (0x000083ee) c.mv    t2, s11
core   0: 3 0x80001a02 (0x83ee) x7  0x00000004
core   0: 0x80001a04 (0x40a75eb3) sra     t4, a4, a0
core   0: 3 0x80001a04 (0x40a75eb3) x29 0xfffdb5fd
core   0: 0x80001a08 (0x000000a1) c.addi  ra, 8
core   0: 3 0x80001a08 (0x00a1) x1  0x00000006
core   0: 0x80001a0a (0x00cf1a13) slli    s4, t5, 12
core   0: 3 0x80001a0a (0x00cf1a13) x20 0xda665000
core   0: 0x80001a0e (0x00004721) c.li    a4, 8
core   0: 3 0x80001a0e (0x4721) x14 0x00000008
core   0: 0x80001a10 (0x00008da1) c.xor   a1, s0
core   0: 3 0x80001a10 (0x8da1) x11 0x80029ec4
core   0: 0x80001a12 (0x00000001) c.nop
core   0: 3 0x80001a12 (0x0001)
core   0: 0x80001a14 (0x01e914b3) sll     s1, s2, t5
core   0: 3 0x80001a14 (0x01e914b3) x9  0x41272a60
core   0: 0x80001a18 (0x0219cd33) div     s10, s3, ra
core   0: 3 0x80001a18 (0x0219cd33) x26 0x00055539
core   0: 0x80001a1c (0x03b3a933) mulhsu  s2, t2, s11
core   0: 3 0x80001a1c (0x03b3a933) x18 0x00000000
core   0: 0x80001a20 (0x01755613) srli    a2, a0, 23
core   0: 3 0x80001a20 (0x01755613) x12 0x000001ff
core   0: 0x80001a24 (0x00001771) c.addi  a4, -4
core   0: 3 0x80001a24 (0x1771) x14 0x00000004
core   0: 0x80001a26 (0x0000db7d) c.beqz  a4, pc - 10
core   0: 3 0x80001a26 (0xdb7d)
core   0: 0x80001a28 (0xf0abe493) ori     s1, s7, -246
core   0: 3 0x80001a28 (0xf0abe493) x9  0xffffff3f
core   0: 0x80001a2c (0x025574b3) remu    s1, a0, t0
core   0: 3 0x80001a2c (0x025574b3) x9  0x1cca1feb
core   0: 0x80001a30 (0xfdb0c6e3) blt     ra, s11, pc - 52
core   0: 3 0x80001a30 (0xfdb0c6e3)
core   0: 0x80001a34 (0x3d0a4913) xori    s2, s4, 976
core   0: 3 0x80001a34 (0x3d0a4913) x18 0xda6653d0
core   0: 0x80001a38 (0x00005679) c.li    a2, -2
core   0: 3 0x80001a38 (0x5679) x12 0xfffffffe
core   0: 0x80001a3a (0x00000001) c.nop
core   0: 3 0x80001a3a (0x0001)
core   0: 0x80001a3c (0x00d66733) or      a4, a2, a3
core   0: 3 0x80001a3c (0x00d66733) x14 0xffffffff
core   0: 0x80001a40 (0x0000717d) c.addi16sp sp, -16
core   0: 3 0x80001a40 (0x717d) x2  0x000001f0
core   0: 0x80001a42 (0x00000a42) c.slli  s4, 16
core   0: 3 0x80001a42 (0x0a42) x20 0x50000000
core   0: 0x80001a44 (0x00000001) c.nop
core   0: 3 0x80001a44 (0x0001)
core   0: 0x80001a46 (0x00000605) c.addi  a2, 1
core   0: 3 0x80001a46 (0x0605) x12 0xffffffff
core   0: 0x80001a48 (0x0000fe75) c.bnez  a2, pc - 4
core   0: 3 0x80001a48 (0xfe75)
core   0: 0x80001a44 (0x00000001) c.nop
core   0: 3 0x80001a44 (0x0001)
core   0: 0x80001a46 (0x00000605) c.addi  a2, 1
core   0: 3 0x80001a46 (0x0605) x12 0x00000000
core   0: 0x80001a48 (0x0000fe75) c.bnez  a2, pc - 4
core   0: 3 0x80001a48 (0xfe75)
core   0: 0x80001a4a (0x00008e85) c.sub   a3, s1
core   0: 3 0x80001a4a (0x8e85) x13 0xd0de6e4c
core   0: 0x80001a4c (0x00005559) c.li    a0, -10
core   0: 3 0x80001a4c (0x5559) x10 0xfffffff6
core   0: 0x80001a4e (0x00000001) c.nop
core   0: 3 0x80001a4e (0x0001)
core   0: 0x80001a50 (0x00008e71) c.and   a2, a2
core   0: 3 0x80001a50 (0x8e71) x12 0x00000000
core   0: 0x80001a52 (0x706caa13) slti    s4, s9, 1798
core   0: 3 0x80001a52 (0x706caa13) x20 0x00000001
core   0: 0x80001a56 (0x00000505) c.addi  a0, 1
core   0: 3 0x80001a56 (0x0505) x10 0xfffffff7
core   0: 0x80001a58 (0x0000fd6d) c.bnez  a0, pc - 6
core   0: 3 0x80001a58 (0xfd6d)
core   0: 0x80001a52 (0x706caa13) slti    s4, s9, 1798
core   0: 3 0x80001a52 (0x706caa13) x20 0x00000001
core   0: 0x80001a56 (0x00000505) c.addi  a0, 1
core   0: 3 0x80001a56 (0x0505) x10 0xfffffff8
core   0: 0x80001a58 (0x0000fd6d) c.bnez  a0, pc - 6
core   0: 3 0x80001a58 (0xfd6d)
core   0: 0x80001a52 (0x706caa13) slti    s4, s9, 1798
core   0: 3 0x80001a52 (0x706caa13) x20 0x00000001
core   0: 0x80001a56 (0x00000505) c.addi  a0, 1
core   0: 3 0x80001a56 (0x0505) x10 0xfffffff9
core   0: 0x80001a58 (0x0000fd6d) c.bnez  a0, pc - 6
core   0: 3 0x80001a58 (0xfd6d)
core   0: 0x80001a52 (0x706caa13) slti    s4, s9, 1798
core   0: 3 0x80001a52 (0x706caa13) x20 0x00000001
core   0: 0x80001a56 (0x00000505) c.addi  a0, 1
core   0: 3 0x80001a56 (0x0505) x10 0xfffffffa
core   0: 0x80001a58 (0x0000fd6d) c.bnez  a0, pc - 6
core   0: 3 0x80001a58 (0xfd6d)
core   0: 0x80001a52 (0x706caa13) slti    s4, s9, 1798
core   0: 3 0x80001a52 (0x706caa13) x20 0x00000001
core   0: 0x80001a56 (0x00000505) c.addi  a0, 1
core   0: 3 0x80001a56 (0x0505) x10 0xfffffffb
core   0: 0x80001a58 (0x0000fd6d) c.bnez  a0, pc - 6
core   0: 3 0x80001a58 (0xfd6d)
core   0: 0x80001a52 (0x706caa13) slti    s4, s9, 1798
core   0: 3 0x80001a52 (0x706caa13) x20 0x00000001
core   0: 0x80001a56 (0x00000505) c.addi  a0, 1
core   0: 3 0x80001a56 (0x0505) x10 0xfffffffc
core   0: 0x80001a58 (0x0000fd6d) c.bnez  a0, pc - 6
core   0: 3 0x80001a58 (0xfd6d)
core   0: 0x80001a52 (0x706caa13) slti    s4, s9, 1798
core   0: 3 0x80001a52 (0x706caa13) x20 0x00000001
core   0: 0x80001a56 (0x00000505) c.addi  a0, 1
core   0: 3 0x80001a56 (0x0505) x10 0xfffffffd
core   0: 0x80001a58 (0x0000fd6d) c.bnez  a0, pc - 6
core   0: 3 0x80001a58 (0xfd6d)
core   0: 0x80001a52 (0x706caa13) slti    s4, s9, 1798
core   0: 3 0x80001a52 (0x706caa13) x20 0x00000001
core   0: 0x80001a56 (0x00000505) c.addi  a0, 1
core   0: 3 0x80001a56 (0x0505) x10 0xfffffffe
core   0: 0x80001a58 (0x0000fd6d) c.bnez  a0, pc - 6
core   0: 3 0x80001a58 (0xfd6d)
core   0: 0x80001a52 (0x706caa13) slti    s4, s9, 1798
core   0: 3 0x80001a52 (0x706caa13) x20 0x00000001
core   0: 0x80001a56 (0x00000505) c.addi  a0, 1
core   0: 3 0x80001a56 (0x0505) x10 0xffffffff
core   0: 0x80001a58 (0x0000fd6d) c.bnez  a0, pc - 6
core   0: 3 0x80001a58 (0xfd6d)
core   0: 0x80001a52 (0x706caa13) slti    s4, s9, 1798
core   0: 3 0x80001a52 (0x706caa13) x20 0x00000001
core   0: 0x80001a56 (0x00000505) c.addi  a0, 1
core   0: 3 0x80001a56 (0x0505) x10 0x00000000
core   0: 0x80001a58 (0x0000fd6d) c.bnez  a0, pc - 6
core   0: 3 0x80001a58 (0xfd6d)
core   0: 0x80001a5a (0x000082a5) c.srli  a3, 9
core   0: 3 0x80001a5a (0x82a5) x13 0x00686f37
core   0: 0x80001a5c (0x000058f9) c.li    a7, -2
core   0: 3 0x80001a5c (0x58f9) x17 0xfffffffe
core   0: 0x80001a5e (0x00008199) c.srli  a1, 6
core   0: 3 0x80001a5e (0x8199) x11 0x02000a7b
core   0: 0x80001a60 (0x02890033) mul     zero, s2, s0
core   0: 3 0x80001a60 (0x02890033)
core   0: 0x80001a64 (0xcf647e37) lui     t3, 0xcf647
core   0: 3 0x80001a64 (0xcf647e37) x28 0xcf647000
core   0: 0x80001a68 (0x00009956) c.add   s2, s5
core   0: 3 0x80001a68 (0x9956) x18 0x5a68b234
core   0: 0x80001a6a (0xbf5c6713) ori     a4, s8, -1035
core   0: 3 0x80001a6a (0xbf5c6713) x14 0xfffffbfd
core   0: 0x80001a6e (0x039e65b3) rem     a1, t3, s9
core   0: 3 0x80001a6e (0x039e65b3) x11 0xfffffffe
core   0: 0x80001a72 (0x03dab633) mulhu   a2, s5, t4
core   0: 3 0x80001a72 (0x03dab633) x12 0x8001395d
core   0: 0x80001a76 (0x013997b3) sll     a5, s3, s3
core   0: 3 0x80001a76 (0x013997b3) x15 0xb2000000
core   0: 0x80001a7a (0x00004f31) c.li    t5, 12
core   0: 3 0x80001a7a (0x4f31) x30 0x0000000c
core   0: 0x80001a7c (0x41cc5093) srai    ra, s8, 28
core   0: 3 0x80001a7c (0x41cc5093) x1  0x00000003
core   0: 0x80001a80 (0x0069f733) and     a4, s3, t1
core   0: 3 0x80001a80 (0x0069f733) x14 0x00150910
core   0: 0x80001a84 (0x00000001) c.nop
core   0: 3 0x80001a84 (0x0001)
core   0: 0x80001a86 (0x0000821d) c.srli  a2, 7
core   0: 3 0x80001a86 (0x821d) x12 0x01000272
core   0: 0x80001a88 (0x88d8e393) ori     t2, a7, -1907
core   0: 3 0x80001a88 (0x88d8e393) x7  0xffffffff
core   0: 0x80001a8c (0x01be9a33) sll     s4, t4, s11
core   0: 3 0x80001a8c (0x01be9a33) x20 0xffdb5fd0
core   0: 0x80001a90 (0xc995d237) lui     tp, 0xc995d
core   0: 3 0x80001a90 (0xc995d237) x4  0xc995d000
core   0: 0x80001a94 (0x6a193c93) sltiu   s9, s2, 1697
core   0: 3 0x80001a94 (0x6a193c93) x25 0x00000000
core   0: 0x80001a98 (0x00000885) c.addi  a7, 1
core   0: 3 0x80001a98 (0x0885) x17 0xffffffff
core   0: 0x80001a9a (0x6b614eb7) lui     t4, 0x6b614
core   0: 3 0x80001a9a (0x6b614eb7) x29 0x6b614000
core   0: 0x80001a9e (0x00000c26) c.slli  s8, 9
core   0: 3 0x80001a9e (0x0c26) x24 0xbd83d800
core   0: 0x80001aa0 (0x393e2513) slti    a0, t3, 915
core   0: 3 0x80001aa0 (0x393e2513) x10 0x00000001
core   0: 0x80001aa4 (0x0066c2b3) xor     t0, a3, t1
core   0: 3 0x80001aa4 (0x0066c2b3) x5  0x5b5d6685
core   0: 0x80001aa8 (0x258c6213) ori     tp, s8, 600
core   0: 3 0x80001aa8 (0x258c6213) x4  0xbd83da58
core   0: 0x80001aac (0x0064d993) srli    s3, s1, 6
core   0: 3 0x80001aac (0x0064d993) x19 0x0073287f
core   0: 0x80001ab0 (0x0021a9b3) slt     s3, gp, sp
core   0: 3 0x80001ab0 (0x0021a9b3) x19 0x00000001
core   0: 0x80001ab4 (0xfde896e3) bne     a7, t5, pc - 52
core   0: 3 0x80001ab4 (0xfde896e3)
core   0: 0x80001a80 (0x0069f733) and     a4, s3, t1
core   0: 3 0x80001a80 (0x0069f733) x14 0x00000000
core   0: 0x80001a84 (0x00000001) c.nop
core   0: 3 0x80001a84 (0x0001)
core   0: 0x80001a86 (0x0000821d) c.srli  a2, 7
core   0: 3 0x80001a86 (0x821d) x12 0x00020004
core   0: 0x80001a88 (0x88d8e393) ori     t2, a7, -1907
core   0: 3 0x80001a88 (0x88d8e393) x7  0xffffffff
core   0: 0x80001a8c (0x01be9a33) sll     s4, t4, s11
core   0: 3 0x80001a8c (0x01be9a33) x20 0xb6140000
core   0: 0x80001a90 (0xc995d237) lui     tp, 0xc995d
core   0: 3 0x80001a90 (0xc995d237) x4  0xc995d000
core   0: 0x80001a94 (0x6a193c93) sltiu   s9, s2, 1697
core   0: 3 0x80001a94 (0x6a193c93) x25 0x00000000
core   0: 0x80001a98 (0x00000885) c.addi  a7, 1
core   0: 3 0x80001a98 (0x0885) x17 0x00000000
core   0: 0x80001a9a (0x6b614eb7) lui     t4, 0x6b614
core   0: 3 0x80001a9a (0x6b614eb7) x29 0x6b614000
core   0: 0x80001a9e (0x00000c26) c.slli  s8, 9
core   0: 3 0x80001a9e (0x0c26) x24 0x07b00000
core   0: 0x80001aa0 (0x393e2513) slti    a0, t3, 915
core   0: 3 0x80001aa0 (0x393e2513) x10 0x00000001
core   0: 0x80001aa4 (0x0066c2b3) xor     t0, a3, t1
core   0: 3 0x80001aa4 (0x0066c2b3) x5  0x5b5d6685
core   0: 0x80001aa8 (0x258c6213) ori     tp, s8, 600
core   0: 3 0x80001aa8 (0x258c6213) x4  0x07b00258
core   0: 0x80001aac (0x0064d993) srli    s3, s1, 6
core   0: 3 0x80001aac (0x0064d993) x19 0x0073287f
core   0: 0x80001ab0 (0x0021a9b3) slt     s3, gp, sp
core   0: 3 0x80001ab0 (0x0021a9b3) x19 0x00000001
core   0: 0x80001ab4 (0xfde896e3) bne     a7, t5, pc - 52
core   0: 3 0x80001ab4 (0xfde896e3)
core   0: 0x80001a80 (0x0069f733) and     a4, s3, t1
core   0: 3 0x80001a80 (0x0069f733) x14 0x00000000
core   0: 0x80001a84 (0x00000001) c.nop
core   0: 3 0x80001a84 (0x0001)
core   0: 0x80001a86 (0x0000821d) c.srli  a2, 7
core   0: 3 0x80001a86 (0x821d) x12 0x00000400
core   0: 0x80001a88 (0x88d8e393) ori     t2, a7, -1907
core   0: 3 0x80001a88 (0x88d8e393) x7  0xfffff88d
core   0: 0x80001a8c (0x01be9a33) sll     s4, t4, s11
core   0: 3 0x80001a8c (0x01be9a33) x20 0xb6140000
core   0: 0x80001a90 (0xc995d237) lui     tp, 0xc995d
core   0: 3 0x80001a90 (0xc995d237) x4  0xc995d000
core   0: 0x80001a94 (0x6a193c93) sltiu   s9, s2, 1697
core   0: 3 0x80001a94 (0x6a193c93) x25 0x00000000
core   0: 0x80001a98 (0x00000885) c.addi  a7, 1
core   0: 3 0x80001a98 (0x0885) x17 0x00000001
core   0: 0x80001a9a (0x6b614eb7) lui     t4, 0x6b614
core   0: 3 0x80001a9a (0x6b614eb7) x29 0x6b614000
core   0: 0x80001a9e (0x00000c26) c.slli  s8, 9
core   0: 3 0x80001a9e (0x0c26) x24 0x60000000
core   0: 0x80001aa0 (0x393e2513) slti    a0, t3, 915
core   0: 3 0x80001aa0 (0x393e2513) x10 0x00000001
core   0: 0x80001aa4 (0x0066c2b3) xor     t0, a3, t1
core   0: 3 0x80001aa4 (0x0066c2b3) x5  0x5b5d6685
core   0: 0x80001aa8 (0x258c6213) ori     tp, s8, 600
core   0: 3 0x80001aa8 (0x258c6213) x4  0x60000258
core   0: 0x80001aac (0x0064d993) srli    s3, s1, 6
core   0: 3 0x80001aac (0x0064d993) x19 0x0073287f
core   0: 0x80001ab0 (0x0021a9b3) slt     s3, gp, sp
core   0: 3 0x80001ab0 (0x0021a9b3) x19 0x00000001
core   0: 0x80001ab4 (0xfde896e3) bne     a7, t5, pc - 52
core   0: 3 0x80001ab4 (0xfde896e3)
core   0: 0x80001a80 (0x0069f733) and     a4, s3, t1
core   0: 3 0x80001a80 (0x0069f733) x14 0x00000000
core   0: 0x80001a84 (0x00000001) c.nop
core   0: 3 0x80001a84 (0x0001)
core   0: 0x80001a86 (0x0000821d) c.srli  a2, 7
core   0: 3 0x80001a86 (0x821d) x12 0x00000008
core   0: 0x80001a88 (0x88d8e393) ori     t2, a7, -1907
core   0: 3 0x80001a88 (0x88d8e393) x7  0xfffff88d
core   0: 0x80001a8c (0x01be9a33) sll     s4, t4, s11
core   0: 3 0x80001a8c (0x01be9a33) x20 0xb6140000
core   0: 0x80001a90 (0xc995d237) lui     tp, 0xc995d
core   0: 3 0x80001a90 (0xc995d237) x4  0xc995d000
core   0: 0x80001a94 (0x6a193c93) sltiu   s9, s2, 1697
core   0: 3 0x80001a94 (0x6a193c93) x25 0x00000000
core   0: 0x80001a98 (0x00000885) c.addi  a7, 1
core   0: 3 0x80001a98 (0x0885) x17 0x00000002
core   0: 0x80001a9a (0x6b614eb7) lui     t4, 0x6b614
core   0: 3 0x80001a9a (0x6b614eb7) x29 0x6b614000
core   0: 0x80001a9e (0x00000c26) c.slli  s8, 9
core   0: 3 0x80001a9e (0x0c26) x24 0x00000000
core   0: 0x80001aa0 (0x393e2513) slti    a0, t3, 915
core   0: 3 0x80001aa0 (0x393e2513) x10 0x00000001
core   0: 0x80001aa4 (0x0066c2b3) xor     t0, a3, t1
core   0: 3 0x80001aa4 (0x0066c2b3) x5  0x5b5d6685
core   0: 0x80001aa8 (0x258c6213) ori     tp, s8, 600
core   0: 3 0x80001aa8 (0x258c6213) x4  0x00000258
core   0: 0x80001aac (0x0064d993) srli    s3, s1, 6
core   0: 3 0x80001aac (0x0064d993) x19 0x0073287f
core   0: 0x80001ab0 (0x0021a9b3) slt     s3, gp, sp
core   0: 3 0x80001ab0 (0x0021a9b3) x19 0x00000001
core   0: 0x80001ab4 (0xfde896e3) bne     a7, t5, pc - 52
core   0: 3 0x80001ab4 (0xfde896e3)
core   0: 0x80001a80 (0x0069f733) and     a4, s3, t1
core   0: 3 0x80001a80 (0x0069f733) x14 0x00000000
core   0: 0x80001a84 (0x00000001) c.nop
core   0: 3 0x80001a84 (0x0001)
core   0: 0x80001a86 (0x0000821d) c.srli  a2, 7
core   0: 3 0x80001a86 (0x821d) x12 0x00000000
core   0: 0x80001a88 (0x88d8e393) ori     t2, a7, -1907
core   0: 3 0x80001a88 (0x88d8e393) x7  0xfffff88f
core   0: 0x80001a8c (0x01be9a33) sll     s4, t4, s11
core   0: 3 0x80001a8c (0x01be9a33) x20 0xb6140000
core   0: 0x80001a90 (0xc995d237) lui     tp, 0xc995d
core   0: 3 0x80001a90 (0xc995d237) x4  0xc995d000
core   0: 0x80001a94 (0x6a193c93) sltiu   s9, s2, 1697
core   0: 3 0x80001a94 (0x6a193c93) x25 0x00000000
core   0: 0x80001a98 (0x00000885) c.addi  a7, 1
core   0: 3 0x80001a98 (0x0885) x17 0x00000003
core   0: 0x80001a9a (0x6b614eb7) lui     t4, 0x6b614
core   0: 3 0x80001a9a (0x6b614eb7) x29 0x6b614000
core   0: 0x80001a9e (0x00000c26) c.slli  s8, 9
core   0: 3 0x80001a9e (0x0c26) x24 0x00000000
core   0: 0x80001aa0 (0x393e2513) slti    a0, t3, 915
core   0: 3 0x80001aa0 (0x393e2513) x10 0x00000001
core   0: 0x80001aa4 (0x0066c2b3) xor     t0, a3, t1
core   0: 3 0x80001aa4 (0x0066c2b3) x5  0x5b5d6685
core   0: 0x80001aa8 (0x258c6213) ori     tp, s8, 600
core   0: 3 0x80001aa8 (0x258c6213) x4  0x00000258
core   0: 0x80001aac (0x0064d993) srli    s3, s1, 6
core   0: 3 0x80001aac (0x0064d993) x19 0x0073287f
core   0: 0x80001ab0 (0x0021a9b3) slt     s3, gp, sp
core   0: 3 0x80001ab0 (0x0021a9b3) x19 0x00000001
core   0: 0x80001ab4 (0xfde896e3) bne     a7, t5, pc - 52
core   0: 3 0x80001ab4 (0xfde896e3)
core   0: 0x80001a80 (0x0069f733) and     a4, s3, t1
core   0: 3 0x80001a80 (0x0069f733) x14 0x00000000
core   0: 0x80001a84 (0x00000001) c.nop
core   0: 3 0x80001a84 (0x0001)
core   0: 0x80001a86 (0x0000821d) c.srli  a2, 7
core   0: 3 0x80001a86 (0x821d) x12 0x00000000
core   0: 0x80001a88 (0x88d8e393) ori     t2, a7, -1907
core   0: 3 0x80001a88 (0x88d8e393) x7  0xfffff88f
core   0: 0x80001a8c (0x01be9a33) sll     s4, t4, s11
core   0: 3 0x80001a8c (0x01be9a33) x20 0xb6140000
core   0: 0x80001a90 (0xc995d237) lui     tp, 0xc995d
core   0: 3 0x80001a90 (0xc995d237) x4  0xc995d000
core   0: 0x80001a94 (0x6a193c93) sltiu   s9, s2, 1697
core   0: 3 0x80001a94 (0x6a193c93) x25 0x00000000
core   0: 0x80001a98 (0x00000885) c.addi  a7, 1
core   0: 3 0x80001a98 (0x0885) x17 0x00000004
core   0: 0x80001a9a (0x6b614eb7) lui     t4, 0x6b614
core   0: 3 0x80001a9a (0x6b614eb7) x29 0x6b614000
core   0: 0x80001a9e (0x00000c26) c.slli  s8, 9
core   0: 3 0x80001a9e (0x0c26) x24 0x00000000
core   0: 0x80001aa0 (0x393e2513) slti    a0, t3, 915
core   0: 3 0x80001aa0 (0x393e2513) x10 0x00000001
core   0: 0x80001aa4 (0x0066c2b3) xor     t0, a3, t1
core   0: 3 0x80001aa4 (0x0066c2b3) x5  0x5b5d6685
core   0: 0x80001aa8 (0x258c6213) ori     tp, s8, 600
core   0: 3 0x80001aa8 (0x258c6213) x4  0x00000258
core   0: 0x80001aac (0x0064d993) srli    s3, s1, 6
core   0: 3 0x80001aac (0x0064d993) x19 0x0073287f
core   0: 0x80001ab0 (0x0021a9b3) slt     s3, gp, sp
core   0: 3 0x80001ab0 (0x0021a9b3) x19 0x00000001
core   0: 0x80001ab4 (0xfde896e3) bne     a7, t5, pc - 52
core   0: 3 0x80001ab4 (0xfde896e3)
core   0: 0x80001a80 (0x0069f733) and     a4, s3, t1
core   0: 3 0x80001a80 (0x0069f733) x14 0x00000000
core   0: 0x80001a84 (0x00000001) c.nop
core   0: 3 0x80001a84 (0x0001)
core   0: 0x80001a86 (0x0000821d) c.srli  a2, 7
core   0: 3 0x80001a86 (0x821d) x12 0x00000000
core   0: 0x80001a88 (0x88d8e393) ori     t2, a7, -1907
core   0: 3 0x80001a88 (0x88d8e393) x7  0xfffff88d
core   0: 0x80001a8c (0x01be9a33) sll     s4, t4, s11
core   0: 3 0x80001a8c (0x01be9a33) x20 0xb6140000
core   0: 0x80001a90 (0xc995d237) lui     tp, 0xc995d
core   0: 3 0x80001a90 (0xc995d237) x4  0xc995d000
core   0: 0x80001a94 (0x6a193c93) sltiu   s9, s2, 1697
core   0: 3 0x80001a94 (0x6a193c93) x25 0x00000000
core   0: 0x80001a98 (0x00000885) c.addi  a7, 1
core   0: 3 0x80001a98 (0x0885) x17 0x00000005
core   0: 0x80001a9a (0x6b614eb7) lui     t4, 0x6b614
core   0: 3 0x80001a9a (0x6b614eb7) x29 0x6b614000
core   0: 0x80001a9e (0x00000c26) c.slli  s8, 9
core   0: 3 0x80001a9e (0x0c26) x24 0x00000000
core   0: 0x80001aa0 (0x393e2513) slti    a0, t3, 915
core   0: 3 0x80001aa0 (0x393e2513) x10 0x00000001
core   0: 0x80001aa4 (0x0066c2b3) xor     t0, a3, t1
core   0: 3 0x80001aa4 (0x0066c2b3) x5  0x5b5d6685
core   0: 0x80001aa8 (0x258c6213) ori     tp, s8, 600
core   0: 3 0x80001aa8 (0x258c6213) x4  0x00000258
core   0: 0x80001aac (0x0064d993) srli    s3, s1, 6
core   0: 3 0x80001aac (0x0064d993) x19 0x0073287f
core   0: 0x80001ab0 (0x0021a9b3) slt     s3, gp, sp
core   0: 3 0x80001ab0 (0x0021a9b3) x19 0x00000001
core   0: 0x80001ab4 (0xfde896e3) bne     a7, t5, pc - 52
core   0: 3 0x80001ab4 (0xfde896e3)
core   0: 0x80001a80 (0x0069f733) and     a4, s3, t1
core   0: 3 0x80001a80 (0x0069f733) x14 0x00000000
core   0: 0x80001a84 (0x00000001) c.nop
core   0: 3 0x80001a84 (0x0001)
core   0: 0x80001a86 (0x0000821d) c.srli  a2, 7
core   0: 3 0x80001a86 (0x821d) x12 0x00000000
core   0: 0x80001a88 (0x88d8e393) ori     t2, a7, -1907
core   0: 3 0x80001a88 (0x88d8e393) x7  0xfffff88d
core   0: 0x80001a8c (0x01be9a33) sll     s4, t4, s11
core   0: 3 0x80001a8c (0x01be9a33) x20 0xb6140000
core   0: 0x80001a90 (0xc995d237) lui     tp, 0xc995d
core   0: 3 0x80001a90 (0xc995d237) x4  0xc995d000
core   0: 0x80001a94 (0x6a193c93) sltiu   s9, s2, 1697
core   0: 3 0x80001a94 (0x6a193c93) x25 0x00000000
core   0: 0x80001a98 (0x00000885) c.addi  a7, 1
core   0: 3 0x80001a98 (0x0885) x17 0x00000006
core   0: 0x80001a9a (0x6b614eb7) lui     t4, 0x6b614
core   0: 3 0x80001a9a (0x6b614eb7) x29 0x6b614000
core   0: 0x80001a9e (0x00000c26) c.slli  s8, 9
core   0: 3 0x80001a9e (0x0c26) x24 0x00000000
core   0: 0x80001aa0 (0x393e2513) slti    a0, t3, 915
core   0: 3 0x80001aa0 (0x393e2513) x10 0x00000001
core   0: 0x80001aa4 (0x0066c2b3) xor     t0, a3, t1
core   0: 3 0x80001aa4 (0x0066c2b3) x5  0x5b5d6685
core   0: 0x80001aa8 (0x258c6213) ori     tp, s8, 600
core   0: 3 0x80001aa8 (0x258c6213) x4  0x00000258
core   0: 0x80001aac (0x0064d993) srli    s3, s1, 6
core   0: 3 0x80001aac (0x0064d993) x19 0x0073287f
core   0: 0x80001ab0 (0x0021a9b3) slt     s3, gp, sp
core   0: 3 0x80001ab0 (0x0021a9b3) x19 0x00000001
core   0: 0x80001ab4 (0xfde896e3) bne     a7, t5, pc - 52
core   0: 3 0x80001ab4 (0xfde896e3)
core   0: 0x80001a80 (0x0069f733) and     a4, s3, t1
core   0: 3 0x80001a80 (0x0069f733) x14 0x00000000
core   0: 0x80001a84 (0x00000001) c.nop
core   0: 3 0x80001a84 (0x0001)
core   0: 0x80001a86 (0x0000821d) c.srli  a2, 7
core   0: 3 0x80001a86 (0x821d) x12 0x00000000
core   0: 0x80001a88 (0x88d8e393) ori     t2, a7, -1907
core   0: 3 0x80001a88 (0x88d8e393) x7  0xfffff88f
core   0: 0x80001a8c (0x01be9a33) sll     s4, t4, s11
core   0: 3 0x80001a8c (0x01be9a33) x20 0xb6140000
core   0: 0x80001a90 (0xc995d237) lui     tp, 0xc995d
core   0: 3 0x80001a90 (0xc995d237) x4  0xc995d000
core   0: 0x80001a94 (0x6a193c93) sltiu   s9, s2, 1697
core   0: 3 0x80001a94 (0x6a193c93) x25 0x00000000
core   0: 0x80001a98 (0x00000885) c.addi  a7, 1
core   0: 3 0x80001a98 (0x0885) x17 0x00000007
core   0: 0x80001a9a (0x6b614eb7) lui     t4, 0x6b614
core   0: 3 0x80001a9a (0x6b614eb7) x29 0x6b614000
core   0: 0x80001a9e (0x00000c26) c.slli  s8, 9
core   0: 3 0x80001a9e (0x0c26) x24 0x00000000
core   0: 0x80001aa0 (0x393e2513) slti    a0, t3, 915
core   0: 3 0x80001aa0 (0x393e2513) x10 0x00000001
core   0: 0x80001aa4 (0x0066c2b3) xor     t0, a3, t1
core   0: 3 0x80001aa4 (0x0066c2b3) x5  0x5b5d6685
core   0: 0x80001aa8 (0x258c6213) ori     tp, s8, 600
core   0: 3 0x80001aa8 (0x258c6213) x4  0x00000258
core   0: 0x80001aac (0x0064d993) srli    s3, s1, 6
core   0: 3 0x80001aac (0x0064d993) x19 0x0073287f
core   0: 0x80001ab0 (0x0021a9b3) slt     s3, gp, sp
core   0: 3 0x80001ab0 (0x0021a9b3) x19 0x00000001
core   0: 0x80001ab4 (0xfde896e3) bne     a7, t5, pc - 52
core   0: 3 0x80001ab4 (0xfde896e3)
core   0: 0x80001a80 (0x0069f733) and     a4, s3, t1
core   0: 3 0x80001a80 (0x0069f733) x14 0x00000000
core   0: 0x80001a84 (0x00000001) c.nop
core   0: 3 0x80001a84 (0x0001)
core   0: 0x80001a86 (0x0000821d) c.srli  a2, 7
core   0: 3 0x80001a86 (0x821d) x12 0x00000000
core   0: 0x80001a88 (0x88d8e393) ori     t2, a7, -1907
core   0: 3 0x80001a88 (0x88d8e393) x7  0xfffff88f
core   0: 0x80001a8c (0x01be9a33) sll     s4, t4, s11
core   0: 3 0x80001a8c (0x01be9a33) x20 0xb6140000
core   0: 0x80001a90 (0xc995d237) lui     tp, 0xc995d
core   0: 3 0x80001a90 (0xc995d237) x4  0xc995d000
core   0: 0x80001a94 (0x6a193c93) sltiu   s9, s2, 1697
core   0: 3 0x80001a94 (0x6a193c93) x25 0x00000000
core   0: 0x80001a98 (0x00000885) c.addi  a7, 1
core   0: 3 0x80001a98 (0x0885) x17 0x00000008
core   0: 0x80001a9a (0x6b614eb7) lui     t4, 0x6b614
core   0: 3 0x80001a9a (0x6b614eb7) x29 0x6b614000
core   0: 0x80001a9e (0x00000c26) c.slli  s8, 9
core   0: 3 0x80001a9e (0x0c26) x24 0x00000000
core   0: 0x80001aa0 (0x393e2513) slti    a0, t3, 915
core   0: 3 0x80001aa0 (0x393e2513) x10 0x00000001
core   0: 0x80001aa4 (0x0066c2b3) xor     t0, a3, t1
core   0: 3 0x80001aa4 (0x0066c2b3) x5  0x5b5d6685
core   0: 0x80001aa8 (0x258c6213) ori     tp, s8, 600
core   0: 3 0x80001aa8 (0x258c6213) x4  0x00000258
core   0: 0x80001aac (0x0064d993) srli    s3, s1, 6
core   0: 3 0x80001aac (0x0064d993) x19 0x0073287f
core   0: 0x80001ab0 (0x0021a9b3) slt     s3, gp, sp
core   0: 3 0x80001ab0 (0x0021a9b3) x19 0x00000001
core   0: 0x80001ab4 (0xfde896e3) bne     a7, t5, pc - 52
core   0: 3 0x80001ab4 (0xfde896e3)
core   0: 0x80001a80 (0x0069f733) and     a4, s3, t1
core   0: 3 0x80001a80 (0x0069f733) x14 0x00000000
core   0: 0x80001a84 (0x00000001) c.nop
core   0: 3 0x80001a84 (0x0001)
core   0: 0x80001a86 (0x0000821d) c.srli  a2, 7
core   0: 3 0x80001a86 (0x821d) x12 0x00000000
core   0: 0x80001a88 (0x88d8e393) ori     t2, a7, -1907
core   0: 3 0x80001a88 (0x88d8e393) x7  0xfffff88d
core   0: 0x80001a8c (0x01be9a33) sll     s4, t4, s11
core   0: 3 0x80001a8c (0x01be9a33) x20 0xb6140000
core   0: 0x80001a90 (0xc995d237) lui     tp, 0xc995d
core   0: 3 0x80001a90 (0xc995d237) x4  0xc995d000
core   0: 0x80001a94 (0x6a193c93) sltiu   s9, s2, 1697
core   0: 3 0x80001a94 (0x6a193c93) x25 0x00000000
core   0: 0x80001a98 (0x00000885) c.addi  a7, 1
core   0: 3 0x80001a98 (0x0885) x17 0x00000009
core   0: 0x80001a9a (0x6b614eb7) lui     t4, 0x6b614
core   0: 3 0x80001a9a (0x6b614eb7) x29 0x6b614000
core   0: 0x80001a9e (0x00000c26) c.slli  s8, 9
core   0: 3 0x80001a9e (0x0c26) x24 0x00000000
core   0: 0x80001aa0 (0x393e2513) slti    a0, t3, 915
core   0: 3 0x80001aa0 (0x393e2513) x10 0x00000001
core   0: 0x80001aa4 (0x0066c2b3) xor     t0, a3, t1
core   0: 3 0x80001aa4 (0x0066c2b3) x5  0x5b5d6685
core   0: 0x80001aa8 (0x258c6213) ori     tp, s8, 600
core   0: 3 0x80001aa8 (0x258c6213) x4  0x00000258
core   0: 0x80001aac (0x0064d993) srli    s3, s1, 6
core   0: 3 0x80001aac (0x0064d993) x19 0x0073287f
core   0: 0x80001ab0 (0x0021a9b3) slt     s3, gp, sp
core   0: 3 0x80001ab0 (0x0021a9b3) x19 0x00000001
core   0: 0x80001ab4 (0xfde896e3) bne     a7, t5, pc - 52
core   0: 3 0x80001ab4 (0xfde896e3)
core   0: 0x80001a80 (0x0069f733) and     a4, s3, t1
core   0: 3 0x80001a80 (0x0069f733) x14 0x00000000
core   0: 0x80001a84 (0x00000001) c.nop
core   0: 3 0x80001a84 (0x0001)
core   0: 0x80001a86 (0x0000821d) c.srli  a2, 7
core   0: 3 0x80001a86 (0x821d) x12 0x00000000
core   0: 0x80001a88 (0x88d8e393) ori     t2, a7, -1907
core   0: 3 0x80001a88 (0x88d8e393) x7  0xfffff88d
core   0: 0x80001a8c (0x01be9a33) sll     s4, t4, s11
core   0: 3 0x80001a8c (0x01be9a33) x20 0xb6140000
core   0: 0x80001a90 (0xc995d237) lui     tp, 0xc995d
core   0: 3 0x80001a90 (0xc995d237) x4  0xc995d000
core   0: 0x80001a94 (0x6a193c93) sltiu   s9, s2, 1697
core   0: 3 0x80001a94 (0x6a193c93) x25 0x00000000
core   0: 0x80001a98 (0x00000885) c.addi  a7, 1
core   0: 3 0x80001a98 (0x0885) x17 0x0000000a
core   0: 0x80001a9a (0x6b614eb7) lui     t4, 0x6b614
core   0: 3 0x80001a9a (0x6b614eb7) x29 0x6b614000
core   0: 0x80001a9e (0x00000c26) c.slli  s8, 9
core   0: 3 0x80001a9e (0x0c26) x24 0x00000000
core   0: 0x80001aa0 (0x393e2513) slti    a0, t3, 915
core   0: 3 0x80001aa0 (0x393e2513) x10 0x00000001
core   0: 0x80001aa4 (0x0066c2b3) xor     t0, a3, t1
core   0: 3 0x80001aa4 (0x0066c2b3) x5  0x5b5d6685
core   0: 0x80001aa8 (0x258c6213) ori     tp, s8, 600
core   0: 3 0x80001aa8 (0x258c6213) x4  0x00000258
core   0: 0x80001aac (0x0064d993) srli    s3, s1, 6
core   0: 3 0x80001aac (0x0064d993) x19 0x0073287f
core   0: 0x80001ab0 (0x0021a9b3) slt     s3, gp, sp
core   0: 3 0x80001ab0 (0x0021a9b3) x19 0x00000001
core   0: 0x80001ab4 (0xfde896e3) bne     a7, t5, pc - 52
core   0: 3 0x80001ab4 (0xfde896e3)
core   0: 0x80001a80 (0x0069f733) and     a4, s3, t1
core   0: 3 0x80001a80 (0x0069f733) x14 0x00000000
core   0: 0x80001a84 (0x00000001) c.nop
core   0: 3 0x80001a84 (0x0001)
core   0: 0x80001a86 (0x0000821d) c.srli  a2, 7
core   0: 3 0x80001a86 (0x821d) x12 0x00000000
core   0: 0x80001a88 (0x88d8e393) ori     t2, a7, -1907
core   0: 3 0x80001a88 (0x88d8e393) x7  0xfffff88f
core   0: 0x80001a8c (0x01be9a33) sll     s4, t4, s11
core   0: 3 0x80001a8c (0x01be9a33) x20 0xb6140000
core   0: 0x80001a90 (0xc995d237) lui     tp, 0xc995d
core   0: 3 0x80001a90 (0xc995d237) x4  0xc995d000
core   0: 0x80001a94 (0x6a193c93) sltiu   s9, s2, 1697
core   0: 3 0x80001a94 (0x6a193c93) x25 0x00000000
core   0: 0x80001a98 (0x00000885) c.addi  a7, 1
core   0: 3 0x80001a98 (0x0885) x17 0x0000000b
core   0: 0x80001a9a (0x6b614eb7) lui     t4, 0x6b614
core   0: 3 0x80001a9a (0x6b614eb7) x29 0x6b614000
core   0: 0x80001a9e (0x00000c26) c.slli  s8, 9
core   0: 3 0x80001a9e (0x0c26) x24 0x00000000
core   0: 0x80001aa0 (0x393e2513) slti    a0, t3, 915
core   0: 3 0x80001aa0 (0x393e2513) x10 0x00000001
core   0: 0x80001aa4 (0x0066c2b3) xor     t0, a3, t1
core   0: 3 0x80001aa4 (0x0066c2b3) x5  0x5b5d6685
core   0: 0x80001aa8 (0x258c6213) ori     tp, s8, 600
core   0: 3 0x80001aa8 (0x258c6213) x4  0x00000258
core   0: 0x80001aac (0x0064d993) srli    s3, s1, 6
core   0: 3 0x80001aac (0x0064d993) x19 0x0073287f
core   0: 0x80001ab0 (0x0021a9b3) slt     s3, gp, sp
core   0: 3 0x80001ab0 (0x0021a9b3) x19 0x00000001
core   0: 0x80001ab4 (0xfde896e3) bne     a7, t5, pc - 52
core   0: 3 0x80001ab4 (0xfde896e3)
core   0: 0x80001a80 (0x0069f733) and     a4, s3, t1
core   0: 3 0x80001a80 (0x0069f733) x14 0x00000000
core   0: 0x80001a84 (0x00000001) c.nop
core   0: 3 0x80001a84 (0x0001)
core   0: 0x80001a86 (0x0000821d) c.srli  a2, 7
core   0: 3 0x80001a86 (0x821d) x12 0x00000000
core   0: 0x80001a88 (0x88d8e393) ori     t2, a7, -1907
core   0: 3 0x80001a88 (0x88d8e393) x7  0xfffff88f
core   0: 0x80001a8c (0x01be9a33) sll     s4, t4, s11
core   0: 3 0x80001a8c (0x01be9a33) x20 0xb6140000
core   0: 0x80001a90 (0xc995d237) lui     tp, 0xc995d
core   0: 3 0x80001a90 (0xc995d237) x4  0xc995d000
core   0: 0x80001a94 (0x6a193c93) sltiu   s9, s2, 1697
core   0: 3 0x80001a94 (0x6a193c93) x25 0x00000000
core   0: 0x80001a98 (0x00000885) c.addi  a7, 1
core   0: 3 0x80001a98 (0x0885) x17 0x0000000c
core   0: 0x80001a9a (0x6b614eb7) lui     t4, 0x6b614
core   0: 3 0x80001a9a (0x6b614eb7) x29 0x6b614000
core   0: 0x80001a9e (0x00000c26) c.slli  s8, 9
core   0: 3 0x80001a9e (0x0c26) x24 0x00000000
core   0: 0x80001aa0 (0x393e2513) slti    a0, t3, 915
core   0: 3 0x80001aa0 (0x393e2513) x10 0x00000001
core   0: 0x80001aa4 (0x0066c2b3) xor     t0, a3, t1
core   0: 3 0x80001aa4 (0x0066c2b3) x5  0x5b5d6685
core   0: 0x80001aa8 (0x258c6213) ori     tp, s8, 600
core   0: 3 0x80001aa8 (0x258c6213) x4  0x00000258
core   0: 0x80001aac (0x0064d993) srli    s3, s1, 6
core   0: 3 0x80001aac (0x0064d993) x19 0x0073287f
core   0: 0x80001ab0 (0x0021a9b3) slt     s3, gp, sp
core   0: 3 0x80001ab0 (0x0021a9b3) x19 0x00000001
core   0: 0x80001ab4 (0xfde896e3) bne     a7, t5, pc - 52
core   0: 3 0x80001ab4 (0xfde896e3)
core   0: 0x80001ab8 (0x00009eca) c.add   t4, s2
core   0: 3 0x80001ab8 (0x9eca) x29 0xc5c9f234
core   0: 0x80001aba (0x00004089) c.li    ra, 2
core   0: 3 0x80001aba (0x4089) x1  0x00000002
core   0: 0x80001abc (0x000044b5) c.li    s1, 13
core   0: 3 0x80001abc (0x44b5) x9  0x0000000d
core   0: 0x80001abe (0x00008fd9) c.or    a5, a4
core   0: 3 0x80001abe (0x8fd9) x15 0xb2000000
core   0: 0x80001ac0 (0x00000085) c.addi  ra, 1
core   0: 3 0x80001ac0 (0x0085) x1  0x00000003
core   0: 0x80001ac2 (0xfe908ee3) beq     ra, s1, pc - 4
core   0: 3 0x80001ac2 (0xfe908ee3)
core   0: 0x80001ac6 (0x00006885) c.lui   a7, 0x1
core   0: 3 0x80001ac6 (0x6885) x17 0x00001000
core   0: 0x80001ac8 (0x00004e0d) c.li    t3, 3
core   0: 3 0x80001ac8 (0x4e0d) x28 0x00000003
core   0: 0x80001aca (0x03ba4333) div     t1, s4, s11
core   0: 3 0x80001aca (0x03ba4333) x6  0xed850000
core   0: 0x80001ace (0xc4903c13) sltiu   s8, zero, -951
core   0: 3 0x80001ace (0xc4903c13) x24 0x00000001
core   0: 0x80001ad2 (0x00008cdd) c.or    s1, a5
core   0: 3 0x80001ad2 (0x8cdd) x9  0xb200000d
core   0: 0x80001ad4 (0x8a0c2393) slti    t2, s8, -1888
core   0: 3 0x80001ad4 (0x8a0c2393) x7  0x00000000
core   0: 0x80001ad8 (0xdb836693) ori     a3, t1, -584
core   0: 3 0x80001ad8 (0xdb836693) x13 0xfffffdb8
core   0: 0x80001adc (0x000058c9) c.li    a7, -14
core   0: 3 0x80001adc (0x58c9) x17 0xfffffff2
core   0: 0x80001ade (0x95c3f613) andi    a2, t2, -1700
core   0: 3 0x80001ade (0x95c3f613) x12 0x00000000
core   0: 0x80001ae2 (0x8f2d7537) lui     a0, 0x8f2d7
core   0: 3 0x80001ae2 (0x8f2d7537) x10 0x8f2d7000
core   0: 0x80001ae6 (0x00001e75) c.addi  t3, -3
core   0: 3 0x80001ae6 (0x1e75) x28 0x00000000
core   0: 0x80001ae8 (0x01132233) slt     tp, t1, a7
core   0: 3 0x80001ae8 (0x01132233) x4  0x00000001
core   0: 0x80001aec (0x00004ca9) c.li    s9, 10
core   0: 3 0x80001aec (0x4ca9) x25 0x0000000a
core   0: 0x80001aee (0x000050fd) c.li    ra, -1
core   0: 3 0x80001aee (0x50fd) x1  0xffffffff
core   0: 0x80001af0 (0x00004129) c.li    sp, 10
core   0: 3 0x80001af0 (0x4129) x2  0x0000000a
core   0: 0x80001af2 (0x9c1e8a13) addi    s4, t4, -1599
core   0: 3 0x80001af2 (0x9c1e8a13) x20 0xc5c9ebf5
core   0: 0x80001af6 (0xcbb2ed13) ori     s10, t0, -837
core   0: 3 0x80001af6 (0xcbb2ed13) x26 0xfffffebf
core   0: 0x80001afa (0x000098fd) c.andi  s1, -1
core   0: 3 0x80001afa (0x98fd) x9  0xb200000d
core   0: 0x80001afc (0x40a8da33) sra     s4, a7, a0
core   0: 3 0x80001afc (0x40a8da33) x20 0xfffffff2
core   0: 0x80001b00 (0x023ae7b3) rem     a5, s5, gp
core   0: 3 0x80001b00 (0x023ae7b3) x15 0x00000000
core   0: 0x80001b04 (0x00001ce5) c.addi  s9, -7
core   0: 3 0x80001b04 (0x1ce5) x25 0x00000003
core   0: 0x80001b06 (0xfe2cf8e3) bgeu    s9, sp, pc - 16
core   0: 3 0x80001b06 (0xfe2cf8e3)
core   0: 0x80001b0a (0xfd1e5ce3) bge     t3, a7, pc - 40
core   0: 3 0x80001b0a (0xfd1e5ce3)
core   0: 0x80001ae2 (0x8f2d7537) lui     a0, 0x8f2d7
core   0: 3 0x80001ae2 (0x8f2d7537) x10 0x8f2d7000
core   0: 0x80001ae6 (0x00001e75) c.addi  t3, -3
core   0: 3 0x80001ae6 (0x1e75) x28 0xfffffffd
core   0: 0x80001ae8 (0x01132233) slt     tp, t1, a7
core   0: 3 0x80001ae8 (0x01132233) x4  0x00000001
core   0: 0x80001aec (0x00004ca9) c.li    s9, 10
core   0: 3 0x80001aec (0x4ca9) x25 0x0000000a
core   0: 0x80001aee (0x000050fd) c.li    ra, -1
core   0: 3 0x80001aee (0x50fd) x1  0xffffffff
core   0: 0x80001af0 (0x00004129) c.li    sp, 10
core   0: 3 0x80001af0 (0x4129) x2  0x0000000a
core   0: 0x80001af2 (0x9c1e8a13) addi    s4, t4, -1599
core   0: 3 0x80001af2 (0x9c1e8a13) x20 0xc5c9ebf5
core   0: 0x80001af6 (0xcbb2ed13) ori     s10, t0, -837
core   0: 3 0x80001af6 (0xcbb2ed13) x26 0xfffffebf
core   0: 0x80001afa (0x000098fd) c.andi  s1, -1
core   0: 3 0x80001afa (0x98fd) x9  0xb200000d
core   0: 0x80001afc (0x40a8da33) sra     s4, a7, a0
core   0: 3 0x80001afc (0x40a8da33) x20 0xfffffff2
core   0: 0x80001b00 (0x023ae7b3) rem     a5, s5, gp
core   0: 3 0x80001b00 (0x023ae7b3) x15 0x00000000
core   0: 0x80001b04 (0x00001ce5) c.addi  s9, -7
core   0: 3 0x80001b04 (0x1ce5) x25 0x00000003
core   0: 0x80001b06 (0xfe2cf8e3) bgeu    s9, sp, pc - 16
core   0: 3 0x80001b06 (0xfe2cf8e3)
core   0: 0x80001b0a (0xfd1e5ce3) bge     t3, a7, pc - 40
core   0: 3 0x80001b0a (0xfd1e5ce3)
core   0: 0x80001ae2 (0x8f2d7537) lui     a0, 0x8f2d7
core   0: 3 0x80001ae2 (0x8f2d7537) x10 0x8f2d7000
core   0: 0x80001ae6 (0x00001e75) c.addi  t3, -3
core   0: 3 0x80001ae6 (0x1e75) x28 0xfffffffa
core   0: 0x80001ae8 (0x01132233) slt     tp, t1, a7
core   0: 3 0x80001ae8 (0x01132233) x4  0x00000001
core   0: 0x80001aec (0x00004ca9) c.li    s9, 10
core   0: 3 0x80001aec (0x4ca9) x25 0x0000000a
core   0: 0x80001aee (0x000050fd) c.li    ra, -1
core   0: 3 0x80001aee (0x50fd) x1  0xffffffff
core   0: 0x80001af0 (0x00004129) c.li    sp, 10
core   0: 3 0x80001af0 (0x4129) x2  0x0000000a
core   0: 0x80001af2 (0x9c1e8a13) addi    s4, t4, -1599
core   0: 3 0x80001af2 (0x9c1e8a13) x20 0xc5c9ebf5
core   0: 0x80001af6 (0xcbb2ed13) ori     s10, t0, -837
core   0: 3 0x80001af6 (0xcbb2ed13) x26 0xfffffebf
core   0: 0x80001afa (0x000098fd) c.andi  s1, -1
core   0: 3 0x80001afa (0x98fd) x9  0xb200000d
core   0: 0x80001afc (0x40a8da33) sra     s4, a7, a0
core   0: 3 0x80001afc (0x40a8da33) x20 0xfffffff2
core   0: 0x80001b00 (0x023ae7b3) rem     a5, s5, gp
core   0: 3 0x80001b00 (0x023ae7b3) x15 0x00000000
core   0: 0x80001b04 (0x00001ce5) c.addi  s9, -7
core   0: 3 0x80001b04 (0x1ce5) x25 0x00000003
core   0: 0x80001b06 (0xfe2cf8e3) bgeu    s9, sp, pc - 16
core   0: 3 0x80001b06 (0xfe2cf8e3)
core   0: 0x80001b0a (0xfd1e5ce3) bge     t3, a7, pc - 40
core   0: 3 0x80001b0a (0xfd1e5ce3)
core   0: 0x80001ae2 (0x8f2d7537) lui     a0, 0x8f2d7
core   0: 3 0x80001ae2 (0x8f2d7537) x10 0x8f2d7000
core   0: 0x80001ae6 (0x00001e75) c.addi  t3, -3
core   0: 3 0x80001ae6 (0x1e75) x28 0xfffffff7
core   0: 0x80001ae8 (0x01132233) slt     tp, t1, a7
core   0: 3 0x80001ae8 (0x01132233) x4  0x00000001
core   0: 0x80001aec (0x00004ca9) c.li    s9, 10
core   0: 3 0x80001aec (0x4ca9) x25 0x0000000a
core   0: 0x80001aee (0x000050fd) c.li    ra, -1
core   0: 3 0x80001aee (0x50fd) x1  0xffffffff
core   0: 0x80001af0 (0x00004129) c.li    sp, 10
core   0: 3 0x80001af0 (0x4129) x2  0x0000000a
core   0: 0x80001af2 (0x9c1e8a13) addi    s4, t4, -1599
core   0: 3 0x80001af2 (0x9c1e8a13) x20 0xc5c9ebf5
core   0: 0x80001af6 (0xcbb2ed13) ori     s10, t0, -837
core   0: 3 0x80001af6 (0xcbb2ed13) x26 0xfffffebf
core   0: 0x80001afa (0x000098fd) c.andi  s1, -1
core   0: 3 0x80001afa (0x98fd) x9  0xb200000d
core   0: 0x80001afc (0x40a8da33) sra     s4, a7, a0
core   0: 3 0x80001afc (0x40a8da33) x20 0xfffffff2
core   0: 0x80001b00 (0x023ae7b3) rem     a5, s5, gp
core   0: 3 0x80001b00 (0x023ae7b3) x15 0x00000000
core   0: 0x80001b04 (0x00001ce5) c.addi  s9, -7
core   0: 3 0x80001b04 (0x1ce5) x25 0x00000003
core   0: 0x80001b06 (0xfe2cf8e3) bgeu    s9, sp, pc - 16
core   0: 3 0x80001b06 (0xfe2cf8e3)
core   0: 0x80001b0a (0xfd1e5ce3) bge     t3, a7, pc - 40
core   0: 3 0x80001b0a (0xfd1e5ce3)
core   0: 0x80001ae2 (0x8f2d7537) lui     a0, 0x8f2d7
core   0: 3 0x80001ae2 (0x8f2d7537) x10 0x8f2d7000
core   0: 0x80001ae6 (0x00001e75) c.addi  t3, -3
core   0: 3 0x80001ae6 (0x1e75) x28 0xfffffff4
core   0: 0x80001ae8 (0x01132233) slt     tp, t1, a7
core   0: 3 0x80001ae8 (0x01132233) x4  0x00000001
core   0: 0x80001aec (0x00004ca9) c.li    s9, 10
core   0: 3 0x80001aec (0x4ca9) x25 0x0000000a
core   0: 0x80001aee (0x000050fd) c.li    ra, -1
core   0: 3 0x80001aee (0x50fd) x1  0xffffffff
core   0: 0x80001af0 (0x00004129) c.li    sp, 10
core   0: 3 0x80001af0 (0x4129) x2  0x0000000a
core   0: 0x80001af2 (0x9c1e8a13) addi    s4, t4, -1599
core   0: 3 0x80001af2 (0x9c1e8a13) x20 0xc5c9ebf5
core   0: 0x80001af6 (0xcbb2ed13) ori     s10, t0, -837
core   0: 3 0x80001af6 (0xcbb2ed13) x26 0xfffffebf
core   0: 0x80001afa (0x000098fd) c.andi  s1, -1
core   0: 3 0x80001afa (0x98fd) x9  0xb200000d
core   0: 0x80001afc (0x40a8da33) sra     s4, a7, a0
core   0: 3 0x80001afc (0x40a8da33) x20 0xfffffff2
core   0: 0x80001b00 (0x023ae7b3) rem     a5, s5, gp
core   0: 3 0x80001b00 (0x023ae7b3) x15 0x00000000
core   0: 0x80001b04 (0x00001ce5) c.addi  s9, -7
core   0: 3 0x80001b04 (0x1ce5) x25 0x00000003
core   0: 0x80001b06 (0xfe2cf8e3) bgeu    s9, sp, pc - 16
core   0: 3 0x80001b06 (0xfe2cf8e3)
core   0: 0x80001b0a (0xfd1e5ce3) bge     t3, a7, pc - 40
core   0: 3 0x80001b0a (0xfd1e5ce3)
core   0: 0x80001ae2 (0x8f2d7537) lui     a0, 0x8f2d7
core   0: 3 0x80001ae2 (0x8f2d7537) x10 0x8f2d7000
core   0: 0x80001ae6 (0x00001e75) c.addi  t3, -3
core   0: 3 0x80001ae6 (0x1e75) x28 0xfffffff1
core   0: 0x80001ae8 (0x01132233) slt     tp, t1, a7
core   0: 3 0x80001ae8 (0x01132233) x4  0x00000001
core   0: 0x80001aec (0x00004ca9) c.li    s9, 10
core   0: 3 0x80001aec (0x4ca9) x25 0x0000000a
core   0: 0x80001aee (0x000050fd) c.li    ra, -1
core   0: 3 0x80001aee (0x50fd) x1  0xffffffff
core   0: 0x80001af0 (0x00004129) c.li    sp, 10
core   0: 3 0x80001af0 (0x4129) x2  0x0000000a
core   0: 0x80001af2 (0x9c1e8a13) addi    s4, t4, -1599
core   0: 3 0x80001af2 (0x9c1e8a13) x20 0xc5c9ebf5
core   0: 0x80001af6 (0xcbb2ed13) ori     s10, t0, -837
core   0: 3 0x80001af6 (0xcbb2ed13) x26 0xfffffebf
core   0: 0x80001afa (0x000098fd) c.andi  s1, -1
core   0: 3 0x80001afa (0x98fd) x9  0xb200000d
core   0: 0x80001afc (0x40a8da33) sra     s4, a7, a0
core   0: 3 0x80001afc (0x40a8da33) x20 0xfffffff2
core   0: 0x80001b00 (0x023ae7b3) rem     a5, s5, gp
core   0: 3 0x80001b00 (0x023ae7b3) x15 0x00000000
core   0: 0x80001b04 (0x00001ce5) c.addi  s9, -7
core   0: 3 0x80001b04 (0x1ce5) x25 0x00000003
core   0: 0x80001b06 (0xfe2cf8e3) bgeu    s9, sp, pc - 16
core   0: 3 0x80001b06 (0xfe2cf8e3)
core   0: 0x80001b0a (0xfd1e5ce3) bge     t3, a7, pc - 40
core   0: 3 0x80001b0a (0xfd1e5ce3)
core   0: 0x80001b0e (0x01c79d13) slli    s10, a5, 28
core   0: 3 0x80001b0e (0x01c79d13) x26 0x00000000
core   0: 0x80001b12 (0x000041a5) c.li    gp, 9
core   0: 3 0x80001b12 (0x41a5) x3  0x00000009
core   0: 0x80001b14 (0x00fd70b3) and     ra, s10, a5
core   0: 3 0x80001b14 (0x00fd70b3) x1  0x00000000
core   0: 0x80001b18 (0x00001988) c.addi4spn a0, sp, 240
core   0: 3 0x80001b18 (0x1988) x10 0x000000fa
core   0: 0x80001b1a (0x01f89c13) slli    s8, a7, 31
core   0: 3 0x80001b1a (0x01f89c13) x24 0x00000000
core   0: 0x80001b1e (0x00004f8d) c.li    t6, 3
core   0: 3 0x80001b1e (0x4f8d) x31 0x00000003
core   0: 0x80001b20 (0x00009afd) c.andi  a3, -1
core   0: 3 0x80001b20 (0x9afd) x13 0xfffffdb8
core   0: 0x80001b22 (0x00009cc6) c.add   s9, a7
core   0: 3 0x80001b22 (0x9cc6) x25 0xfffffff5
core   0: 0x80001b24 (0x020b3e33) mulhu   t3, s6, zero
core   0: 3 0x80001b24 (0x020b3e33) x28 0x00000000
core   0: 0x80001b28 (0x000011f9) c.addi  gp, -2
core   0: 3 0x80001b28 (0x11f9) x3  0x00000007
core   0: 0x80001b2a (0x00009baa) c.add   s7, a0
core   0: 3 0x80001b2a (0x9baa) x23 0x00000731
core   0: 0x80001b2c (0x00008e81) c.sub   a3, s0
core   0: 3 0x80001b2c (0x8e81) x13 0x7ffd60d4
core   0: 0x80001b2e (0x0000068e) c.slli  a3, 3
core   0: 3 0x80001b2e (0x068e) x13 0xffeb06a0
core   0: 0x80001b30 (0x02f540b3) div     ra, a0, a5
core   0: 3 0x80001b30 (0x02f540b3) x1  0xffffffff
core   0: 0x80001b34 (0x000054fd) c.li    s1, -1
core   0: 3 0x80001b34 (0x54fd) x9  0xffffffff
core   0: 0x80001b36 (0x00000001) c.nop
core   0: 3 0x80001b36 (0x0001)
core   0: 0x80001b38 (0x000058fd) c.li    a7, -1
core   0: 3 0x80001b38 (0x58fd) x17 0xffffffff
core   0: 0x80001b3a (0x00000485) c.addi  s1, 1
core   0: 3 0x80001b3a (0x0485) x9  0x00000000
core   0: 0x80001b3c (0x00000001) c.nop
core   0: 3 0x80001b3c (0x0001)
core   0: 0x80001b3e (0x0000fced) c.bnez  s1, pc - 6
core   0: 3 0x80001b3e (0xfced)
core   0: 0x80001b40 (0x00008d39) c.xor   a0, a4
core   0: 3 0x80001b40 (0x8d39) x10 0x000000fa
core   0: 0x80001b42 (0xfff1f0e3) bgeu    gp, t6, pc - 32
core   0: 3 0x80001b42 (0xfff1f0e3)
core   0: 0x80001b22 (0x00009cc6) c.add   s9, a7
core   0: 3 0x80001b22 (0x9cc6) x25 0xfffffff4
core   0: 0x80001b24 (0x020b3e33) mulhu   t3, s6, zero
core   0: 3 0x80001b24 (0x020b3e33) x28 0x00000000
core   0: 0x80001b28 (0x000011f9) c.addi  gp, -2
core   0: 3 0x80001b28 (0x11f9) x3  0x00000005
core   0: 0x80001b2a (0x00009baa) c.add   s7, a0
core   0: 3 0x80001b2a (0x9baa) x23 0x0000082b
core   0: 0x80001b2c (0x00008e81) c.sub   a3, s0
core   0: 3 0x80001b2c (0x8e81) x13 0x7fe869bc
core   0: 0x80001b2e (0x0000068e) c.slli  a3, 3
core   0: 3 0x80001b2e (0x068e) x13 0xff434de0
core   0: 0x80001b30 (0x02f540b3) div     ra, a0, a5
core   0: 3 0x80001b30 (0x02f540b3) x1  0xffffffff
core   0: 0x80001b34 (0x000054fd) c.li    s1, -1
core   0: 3 0x80001b34 (0x54fd) x9  0xffffffff
core   0: 0x80001b36 (0x00000001) c.nop
core   0: 3 0x80001b36 (0x0001)
core   0: 0x80001b38 (0x000058fd) c.li    a7, -1
core   0: 3 0x80001b38 (0x58fd) x17 0xffffffff
core   0: 0x80001b3a (0x00000485) c.addi  s1, 1
core   0: 3 0x80001b3a (0x0485) x9  0x00000000
core   0: 0x80001b3c (0x00000001) c.nop
core   0: 3 0x80001b3c (0x0001)
core   0: 0x80001b3e (0x0000fced) c.bnez  s1, pc - 6
core   0: 3 0x80001b3e (0xfced)
core   0: 0x80001b40 (0x00008d39) c.xor   a0, a4
core   0: 3 0x80001b40 (0x8d39) x10 0x000000fa
core   0: 0x80001b42 (0xfff1f0e3) bgeu    gp, t6, pc - 32
core   0: 3 0x80001b42 (0xfff1f0e3)
core   0: 0x80001b22 (0x00009cc6) c.add   s9, a7
core   0: 3 0x80001b22 (0x9cc6) x25 0xfffffff3
core   0: 0x80001b24 (0x020b3e33) mulhu   t3, s6, zero
core   0: 3 0x80001b24 (0x020b3e33) x28 0x00000000
core   0: 0x80001b28 (0x000011f9) c.addi  gp, -2
core   0: 3 0x80001b28 (0x11f9) x3  0x00000003
core   0: 0x80001b2a (0x00009baa) c.add   s7, a0
core   0: 3 0x80001b2a (0x9baa) x23 0x00000925
core   0: 0x80001b2c (0x00008e81) c.sub   a3, s0
core   0: 3 0x80001b2c (0x8e81) x13 0x7f40b0fc
core   0: 0x80001b2e (0x0000068e) c.slli  a3, 3
core   0: 3 0x80001b2e (0x068e) x13 0xfa0587e0
core   0: 0x80001b30 (0x02f540b3) div     ra, a0, a5
core   0: 3 0x80001b30 (0x02f540b3) x1  0xffffffff
core   0: 0x80001b34 (0x000054fd) c.li    s1, -1
core   0: 3 0x80001b34 (0x54fd) x9  0xffffffff
core   0: 0x80001b36 (0x00000001) c.nop
core   0: 3 0x80001b36 (0x0001)
core   0: 0x80001b38 (0x000058fd) c.li    a7, -1
core   0: 3 0x80001b38 (0x58fd) x17 0xffffffff
core   0: 0x80001b3a (0x00000485) c.addi  s1, 1
core   0: 3 0x80001b3a (0x0485) x9  0x00000000
core   0: 0x80001b3c (0x00000001) c.nop
core   0: 3 0x80001b3c (0x0001)
core   0: 0x80001b3e (0x0000fced) c.bnez  s1, pc - 6
core   0: 3 0x80001b3e (0xfced)
core   0: 0x80001b40 (0x00008d39) c.xor   a0, a4
core   0: 3 0x80001b40 (0x8d39) x10 0x000000fa
core   0: 0x80001b42 (0xfff1f0e3) bgeu    gp, t6, pc - 32
core   0: 3 0x80001b42 (0xfff1f0e3)
core   0: 0x80001b22 (0x00009cc6) c.add   s9, a7
core   0: 3 0x80001b22 (0x9cc6) x25 0xfffffff2
core   0: 0x80001b24 (0x020b3e33) mulhu   t3, s6, zero
core   0: 3 0x80001b24 (0x020b3e33) x28 0x00000000
core   0: 0x80001b28 (0x000011f9) c.addi  gp, -2
core   0: 3 0x80001b28 (0x11f9) x3  0x00000001
core   0: 0x80001b2a (0x00009baa) c.add   s7, a0
core   0: 3 0x80001b2a (0x9baa) x23 0x00000a1f
core   0: 0x80001b2c (0x00008e81) c.sub   a3, s0
core   0: 3 0x80001b2c (0x8e81) x13 0x7a02eafc
core   0: 0x80001b2e (0x0000068e) c.slli  a3, 3
core   0: 3 0x80001b2e (0x068e) x13 0xd01757e0
core   0: 0x80001b30 (0x02f540b3) div     ra, a0, a5
core   0: 3 0x80001b30 (0x02f540b3) x1  0xffffffff
core   0: 0x80001b34 (0x000054fd) c.li    s1, -1
core   0: 3 0x80001b34 (0x54fd) x9  0xffffffff
core   0: 0x80001b36 (0x00000001) c.nop
core   0: 3 0x80001b36 (0x0001)
core   0: 0x80001b38 (0x000058fd) c.li    a7, -1
core   0: 3 0x80001b38 (0x58fd) x17 0xffffffff
core   0: 0x80001b3a (0x00000485) c.addi  s1, 1
core   0: 3 0x80001b3a (0x0485) x9  0x00000000
core   0: 0x80001b3c (0x00000001) c.nop
core   0: 3 0x80001b3c (0x0001)
core   0: 0x80001b3e (0x0000fced) c.bnez  s1, pc - 6
core   0: 3 0x80001b3e (0xfced)
core   0: 0x80001b40 (0x00008d39) c.xor   a0, a4
core   0: 3 0x80001b40 (0x8d39) x10 0x000000fa
core   0: 0x80001b42 (0xfff1f0e3) bgeu    gp, t6, pc - 32
core   0: 3 0x80001b42 (0xfff1f0e3)
core   0: 0x80001b46 (0x000087e9) c.srai  a5, 26
core   0: 3 0x80001b46 (0x87e9) x15 0x00000000
core   0: 0x80001b48 (0x000055e9) c.li    a1, -6
core   0: 3 0x80001b48 (0x55e9) x11 0xfffffffa
core   0: 0x80001b4a (0x44897237) lui     tp, 0x44897
core   0: 3 0x80001b4a (0x44897237) x4  0x44897000
core   0: 0x80001b4e (0x0000474d) c.li    a4, 19
core   0: 3 0x80001b4e (0x474d) x14 0x00000013
core   0: 0x80001b50 (0x02fd9eb3) mulh    t4, s11, a5
core   0: 3 0x80001b50 (0x02fd9eb3) x29 0x00000000
core   0: 0x80001b54 (0x00359fb3) sll     t6, a1, gp
core   0: 3 0x80001b54 (0x00359fb3) x31 0xfffffff4
core   0: 0x80001b58 (0xc4d2e793) ori     a5, t0, -947
core   0: 3 0x80001b58 (0xc4d2e793) x15 0xfffffecd
core   0: 0x80001b5c (0x00008d05) c.sub   a0, s1
core   0: 3 0x80001b5c (0x8d05) x10 0x000000fa
core   0: 0x80001b5e (0x00000589) c.addi  a1, 2
core   0: 3 0x80001b5e (0x0589) x11 0xfffffffc
core   0: 0x80001b60 (0x00008eed) c.and   a3, a1
core   0: 3 0x80001b60 (0x8eed) x13 0xd01757e0
core   0: 0x80001b62 (0xfee5ede3) bltu    a1, a4, pc - 6
core   0: 3 0x80001b62 (0xfee5ede3)
core   0: 0x80001b66 (0x89184793) xori    a5, a6, -1903
core   0: 3 0x80001b66 (0x89184793) x15 0x7ffff891
core   0: 0x80001b6a (0x00004691) c.li    a3, 4
core   0: 3 0x80001b6a (0x4691) x13 0x00000004
core   0: 0x80001b6c (0x03f3adb3) mulhsu  s11, t2, t6
core   0: 3 0x80001b6c (0x03f3adb3) x27 0x00000000
core   0: 0x80001b70 (0x00e2d7b3) srl     a5, t0, a4
core   0: 3 0x80001b70 (0x00e2d7b3) x15 0x00000b6b
core   0: 0x80001b74 (0x031daf33) mulhsu  t5, s11, a7
core   0: 3 0x80001b74 (0x031daf33) x30 0x00000000
core   0: 0x80001b78 (0x00000001) c.nop
core   0: 3 0x80001b78 (0x0001)
core   0: 0x80001b7a (0x016332b3) sltu    t0, t1, s6
core   0: 3 0x80001b7a (0x016332b3) x5  0x00000000
core   0: 0x80001b7e (0x00000fda) c.slli  t6, 22
core   0: 3 0x80001b7e (0x0fda) x31 0xfd000000
core   0: 0x80001b80 (0x00009bfd) c.andi  a5, -1
core   0: 3 0x80001b80 (0x9bfd) x15 0x00000b6b
core   0: 0x80001b82 (0x40bdd893) srai    a7, s11, 11
core   0: 3 0x80001b82 (0x40bdd893) x17 0x00000000
core   0: 0x80001b86 (0xf8c4d197) auipc   gp, 0xf8c4d
core   0: 3 0x80001b86 (0xf8c4d197) x3  0x78c4eb86
core   0: 0x80001b8a (0x000016f1) c.addi  a3, -4
core   0: 3 0x80001b8a (0x16f1) x13 0x00000000
core   0: 0x80001b8c (0x00000a8c) c.addi4spn a1, sp, 336
core   0: 3 0x80001b8c (0x0a8c) x11 0x0000015a
core   0: 0x80001b8e (0x00aa5eb3) srl     t4, s4, a0
core   0: 3 0x80001b8e (0x00aa5eb3) x29 0x0000003f
core   0: 0x80001b92 (0x000013fd) c.addi  t2, -1
core   0: 3 0x80001b92 (0x13fd) x7  0xffffffff
core   0: 0x80001b94 (0x473fa093) slti    ra, t6, 1139
core   0: 3 0x80001b94 (0x473fa093) x1  0x00000001
core   0: 0x80001b98 (0x00000001) c.nop
core   0: 3 0x80001b98 (0x0001)
core   0: 0x80001b9a (0xc8c8a793) slti    a5, a7, -884
core   0: 3 0x80001b9a (0xc8c8a793) x15 0x00000000
core   0: 0x80001b9e (0xedcf8893) addi    a7, t6, -292
core   0: 3 0x80001b9e (0xedcf8893) x17 0xfcfffedc
core   0: 0x80001ba2 (0x00008c12) c.mv    s8, tp
core   0: 3 0x80001ba2 (0x8c12) x24 0x44897000
core   0: 0x80001ba4 (0x00008529) c.srai  a0, 10
core   0: 3 0x80001ba4 (0x8529) x10 0x00000000
core   0: 0x80001ba6 (0x0000fee9) c.bnez  a3, pc - 38
core   0: 3 0x80001ba6 (0xfee9)
core   0: 0x80001ba8 (0x2ee73993) sltiu   s3, a4, 750
core   0: 3 0x80001ba8 (0x2ee73993) x19 0x00000001
core   0: 0x80001bac (0x00004515) c.li    a0, 5
core   0: 3 0x80001bac (0x4515) x10 0x00000005
core   0: 0x80001bae (0x00000001) c.nop
core   0: 3 0x80001bae (0x0001)
core   0: 0x80001bb0 (0x000089e1) c.andi  a1, 24
core   0: 3 0x80001bb0 (0x89e1) x11 0x00000018
core   0: 0x80001bb2 (0x2ba22b93) slti    s7, tp, 698
core   0: 3 0x80001bb2 (0x2ba22b93) x23 0x00000000
core   0: 0x80001bb6 (0x02002333) mulhsu  t1, zero, zero
core   0: 3 0x80001bb6 (0x02002333) x6  0x00000000
core   0: 0x80001bba (0x01a31113) slli    sp, t1, 26
core   0: 3 0x80001bba (0x01a31113) x2  0x00000000
core   0: 0x80001bbe (0x0000156d) c.addi  a0, -5
core   0: 3 0x80001bbe (0x156d) x10 0x00000000
core   0: 0x80001bc0 (0x0000f96d) c.bnez  a0, pc - 14
core   0: 3 0x80001bc0 (0xf96d)
core   0: 0x80001bc2 (0x2485c293) xori    t0, a1, 584
core   0: 3 0x80001bc2 (0x2485c293) x5  0x00000250
core   0: 0x80001bc6 (0x000056f1) c.li    a3, -4
core   0: 3 0x80001bc6 (0x56f1) x13 0xfffffffc
core   0: 0x80001bc8 (0x03fba633) mulhsu  a2, s7, t6
core   0: 3 0x80001bc8 (0x03fba633) x12 0x00000000
core   0: 0x80001bcc (0x00f8c133) xor     sp, a7, a5
core   0: 3 0x80001bcc (0x00f8c133) x2  0xfcfffedc
core   0: 0x80001bd0 (0x833fac13) slti    s8, t6, -1997
core   0: 3 0x80001bd0 (0x833fac13) x24 0x00000001
core   0: 0x80001bd4 (0xa7b84493) xori    s1, a6, -1413
core   0: 3 0x80001bd4 (0xa7b84493) x9  0x7ffffa7b
core   0: 0x80001bd8 (0x95e34f13) xori    t5, t1, -1698
core   0: 3 0x80001bd8 (0x95e34f13) x30 0xfffff95e
core   0: 0x80001bdc (0x00000001) c.nop
core   0: 3 0x80001bdc (0x0001)
core   0: 0x80001bde (0x9708e793) ori     a5, a7, -1680
core   0: 3 0x80001bde (0x9708e793) x15 0xfffffffc
core   0: 0x80001be2 (0x00000689) c.addi  a3, 2
core   0: 3 0x80001be2 (0x0689) x13 0xfffffffe
core   0: 0x80001be4 (0x0000feed) c.bnez  a3, pc - 6
core   0: 3 0x80001be4 (0xfeed)
core   0: 0x80001bde (0x9708e793) ori     a5, a7, -1680
core   0: 3 0x80001bde (0x9708e793) x15 0xfffffffc
core   0: 0x80001be2 (0x00000689) c.addi  a3, 2
core   0: 3 0x80001be2 (0x0689) x13 0x00000000
core   0: 0x80001be4 (0x0000feed) c.bnez  a3, pc - 6
core   0: 3 0x80001be4 (0xfeed)
core   0: 0x80001be6 (0x00008885) c.andi  s1, 1
core   0: 3 0x80001be6 (0x8885) x9  0x00000001
core   0: 0x80001be8 (0x000057f1) c.li    a5, -4
core   0: 3 0x80001be8 (0x57f1) x15 0xfffffffc
core   0: 0x80001bea (0x6324dcb7) lui     s9, 0x6324d
core   0: 3 0x80001bea (0x6324dcb7) x25 0x6324d000
core   0: 0x80001bee (0xe1408493) addi    s1, ra, -492
core   0: 3 0x80001bee (0xe1408493) x9  0xfffffe15
core   0: 0x80001bf2 (0x000064a9) c.lui   s1, 0xa
core   0: 3 0x80001bf2 (0x64a9) x9  0x0000a000
core   0: 0x80001bf4 (0x00000001) c.nop
core   0: 3 0x80001bf4 (0x0001)
core   0: 0x80001bf6 (0x00008d51) c.or    a0, a2
core   0: 3 0x80001bf6 (0x8d51) x10 0x00000000
core   0: 0x80001bf8 (0xf86d4e93) xori    t4, s10, -122
core   0: 3 0x80001bf8 (0xf86d4e93) x29 0xffffff86
core   0: 0x80001bfc (0x00be6d33) or      s10, t3, a1
core   0: 3 0x80001bfc (0x00be6d33) x26 0x00000018
core   0: 0x80001c00 (0xff850517) auipc   a0, 0xff850
core   0: 3 0x80001c00 (0xff850517) x10 0x7f851c00
core   0: 0x80001c04 (0x00008ea5) c.xor   a3, s1
core   0: 3 0x80001c04 (0x8ea5) x13 0x0000a000
core   0: 0x80001c06 (0x00008f7d) c.and   a4, a5
core   0: 3 0x80001c06 (0x8f7d) x14 0x00000010
core   0: 0x80001c08 (0x000085d9) c.srai  a1, 22
core   0: 3 0x80001c08 (0x85d9) x11 0x00000000
core   0: 0x80001c0a (0x00000791) c.addi  a5, 4
core   0: 3 0x80001c0a (0x0791) x15 0x00000000
core   0: 0x80001c0c (0x00005669) c.li    a2, -6
core   0: 3 0x80001c0c (0x5669) x12 0xfffffffa
core   0: 0x80001c0e (0x0000594d) c.li    s2, -13
core   0: 3 0x80001c0e (0x594d) x18 0xfffffff3
core   0: 0x80001c10 (0x00000888) c.addi4spn a0, sp, 80
core   0: 3 0x80001c10 (0x0888) x10 0xfcffff2c
core   0: 0x80001c12 (0xdb463d13) sltiu   s10, a2, -588
core   0: 3 0x80001c12 (0xdb463d13) x26 0x00000000
core   0: 0x80001c16 (0x010f9113) slli    sp, t6, 16
core   0: 3 0x80001c16 (0x010f9113) x2  0x00000000
core   0: 0x80001c1a (0x40aa8cb3) sub     s9, s5, a0
core   0: 3 0x80001c1a (0x40aa8cb3) x25 0x83025f38
core   0: 0x80001c1e (0x01d45db3) srl     s11, s0, t4
core   0: 3 0x80001c1e (0x01d45db3) x27 0x02000a73
core   0: 0x80001c22 (0x00000001) c.nop
core   0: 3 0x80001c22 (0x0001)
core   0: 0x80001c24 (0x00001665) c.addi  a2, -7
core   0: 3 0x80001c24 (0x1665) x12 0xfffffff3
core   0: 0x80001c26 (0x002f5e13) srli    t3, t5, 2
core   0: 3 0x80001c26 (0x002f5e13) x28 0x3ffffe57
core   0: 0x80001c2a (0xff260ce3) beq     a2, s2, pc - 8
core   0: 3 0x80001c2a (0xff260ce3)
core   0: 0x80001c22 (0x00000001) c.nop
core   0: 3 0x80001c22 (0x0001)
core   0: 0x80001c24 (0x00001665) c.addi  a2, -7
core   0: 3 0x80001c24 (0x1665) x12 0xffffffec
core   0: 0x80001c26 (0x002f5e13) srli    t3, t5, 2
core   0: 3 0x80001c26 (0x002f5e13) x28 0x3ffffe57
core   0: 0x80001c2a (0xff260ce3) beq     a2, s2, pc - 8
core   0: 3 0x80001c2a (0xff260ce3)
core   0: 0x80001c2e (0x001e40b3) xor     ra, t3, ra
core   0: 3 0x80001c2e (0x001e40b3) x1  0x3ffffe56
core   0: 0x80001c32 (0x00008d09) c.sub   a0, a0
core   0: 3 0x80001c32 (0x8d09) x10 0x00000000
core   0: 0x80001c34 (0x02bfac33) mulhsu  s8, t6, a1
core   0: 3 0x80001c34 (0x02bfac33) x24 0x00000000
core   0: 0x80001c38 (0x0000f3f1) c.bnez  a5, pc - 60
core   0: 3 0x80001c38 (0xf3f1)
core   0: 0x80001c3a (0xe20fcc13) xori    s8, t6, -480
core   0: 3 0x80001c3a (0xe20fcc13) x24 0x02fffe20
core   0: 0x80001c3e (0x0000555d) c.li    a0, -9
core   0: 3 0x80001c3e (0x555d) x10 0xfffffff7
core   0: 0x80001c40 (0x00005631) c.li    a2, -20
core   0: 3 0x80001c40 (0x5631) x12 0xffffffec
core   0: 0x80001c42 (0xd8f2ed93) ori     s11, t0, -625
core   0: 3 0x80001c42 (0xd8f2ed93) x27 0xffffffdf
core   0: 0x80001c46 (0x00004249) c.li    tp, 18
core   0: 3 0x80001c46 (0x4249) x4  0x00000012
core   0: 0x80001c48 (0x000081ed) c.srli  a1, 27
core   0: 3 0x80001c48 (0x81ed) x11 0x00000000
core   0: 0x80001c4a (0x00001571) c.addi  a0, -4
core   0: 3 0x80001c4a (0x1571) x10 0xfffffff3
core   0: 0x80001c4c (0x000057d9) c.li    a5, -10
core   0: 3 0x80001c4c (0x57d9) x15 0xfffffff6
core   0: 0x80001c4e (0x000046b5) c.li    a3, 13
core   0: 3 0x80001c4e (0x46b5) x13 0x0000000d
core   0: 0x80001c50 (0x43daa713) slti    a4, s5, 1085
core   0: 3 0x80001c50 (0x43daa713) x14 0x00000001
core   0: 0x80001c54 (0x000007a5) c.addi  a5, 9
core   0: 3 0x80001c54 (0x07a5) x15 0xffffffff
core   0: 0x80001c56 (0xfed7cde3) blt     a5, a3, pc - 6
core   0: 3 0x80001c56 (0xfed7cde3)
core   0: 0x80001c50 (0x43daa713) slti    a4, s5, 1085
core   0: 3 0x80001c50 (0x43daa713) x14 0x00000001
core   0: 0x80001c54 (0x000007a5) c.addi  a5, 9
core   0: 3 0x80001c54 (0x07a5) x15 0x00000008
core   0: 0x80001c56 (0xfed7cde3) blt     a5, a3, pc - 6
core   0: 3 0x80001c56 (0xfed7cde3)
core   0: 0x80001c50 (0x43daa713) slti    a4, s5, 1085
core   0: 3 0x80001c50 (0x43daa713) x14 0x00000001
core   0: 0x80001c54 (0x000007a5) c.addi  a5, 9
core   0: 3 0x80001c54 (0x07a5) x15 0x00000011
core   0: 0x80001c56 (0xfed7cde3) blt     a5, a3, pc - 6
core   0: 3 0x80001c56 (0xfed7cde3)
core   0: 0x80001c5a (0xfec556e3) bge     a0, a2, pc - 20
core   0: 3 0x80001c5a (0xfec556e3)
core   0: 0x80001c46 (0x00004249) c.li    tp, 18
core   0: 3 0x80001c46 (0x4249) x4  0x00000012
core   0: 0x80001c48 (0x000081ed) c.srli  a1, 27
core   0: 3 0x80001c48 (0x81ed) x11 0x00000000
core   0: 0x80001c4a (0x00001571) c.addi  a0, -4
core   0: 3 0x80001c4a (0x1571) x10 0xffffffef
core   0: 0x80001c4c (0x000057d9) c.li    a5, -10
core   0: 3 0x80001c4c (0x57d9) x15 0xfffffff6
core   0: 0x80001c4e (0x000046b5) c.li    a3, 13
core   0: 3 0x80001c4e (0x46b5) x13 0x0000000d
core   0: 0x80001c50 (0x43daa713) slti    a4, s5, 1085
core   0: 3 0x80001c50 (0x43daa713) x14 0x00000001
core   0: 0x80001c54 (0x000007a5) c.addi  a5, 9
core   0: 3 0x80001c54 (0x07a5) x15 0xffffffff
core   0: 0x80001c56 (0xfed7cde3) blt     a5, a3, pc - 6
core   0: 3 0x80001c56 (0xfed7cde3)
core   0: 0x80001c50 (0x43daa713) slti    a4, s5, 1085
core   0: 3 0x80001c50 (0x43daa713) x14 0x00000001
core   0: 0x80001c54 (0x000007a5) c.addi  a5, 9
core   0: 3 0x80001c54 (0x07a5) x15 0x00000008
core   0: 0x80001c56 (0xfed7cde3) blt     a5, a3, pc - 6
core   0: 3 0x80001c56 (0xfed7cde3)
core   0: 0x80001c50 (0x43daa713) slti    a4, s5, 1085
core   0: 3 0x80001c50 (0x43daa713) x14 0x00000001
core   0: 0x80001c54 (0x000007a5) c.addi  a5, 9
core   0: 3 0x80001c54 (0x07a5) x15 0x00000011
core   0: 0x80001c56 (0xfed7cde3) blt     a5, a3, pc - 6
core   0: 3 0x80001c56 (0xfed7cde3)
core   0: 0x80001c5a (0xfec556e3) bge     a0, a2, pc - 20
core   0: 3 0x80001c5a (0xfec556e3)
core   0: 0x80001c46 (0x00004249) c.li    tp, 18
core   0: 3 0x80001c46 (0x4249) x4  0x00000012
core   0: 0x80001c48 (0x000081ed) c.srli  a1, 27
core   0: 3 0x80001c48 (0x81ed) x11 0x00000000
core   0: 0x80001c4a (0x00001571) c.addi  a0, -4
core   0: 3 0x80001c4a (0x1571) x10 0xffffffeb
core   0: 0x80001c4c (0x000057d9) c.li    a5, -10
core   0: 3 0x80001c4c (0x57d9) x15 0xfffffff6
core   0: 0x80001c4e (0x000046b5) c.li    a3, 13
core   0: 3 0x80001c4e (0x46b5) x13 0x0000000d
core   0: 0x80001c50 (0x43daa713) slti    a4, s5, 1085
core   0: 3 0x80001c50 (0x43daa713) x14 0x00000001
core   0: 0x80001c54 (0x000007a5) c.addi  a5, 9
core   0: 3 0x80001c54 (0x07a5) x15 0xffffffff
core   0: 0x80001c56 (0xfed7cde3) blt     a5, a3, pc - 6
core   0: 3 0x80001c56 (0xfed7cde3)
core   0: 0x80001c50 (0x43daa713) slti    a4, s5, 1085
core   0: 3 0x80001c50 (0x43daa713) x14 0x00000001
core   0: 0x80001c54 (0x000007a5) c.addi  a5, 9
core   0: 3 0x80001c54 (0x07a5) x15 0x00000008
core   0: 0x80001c56 (0xfed7cde3) blt     a5, a3, pc - 6
core   0: 3 0x80001c56 (0xfed7cde3)
core   0: 0x80001c50 (0x43daa713) slti    a4, s5, 1085
core   0: 3 0x80001c50 (0x43daa713) x14 0x00000001
core   0: 0x80001c54 (0x000007a5) c.addi  a5, 9
core   0: 3 0x80001c54 (0x07a5) x15 0x00000011
core   0: 0x80001c56 (0xfed7cde3) blt     a5, a3, pc - 6
core   0: 3 0x80001c56 (0xfed7cde3)
core   0: 0x80001c5a (0xfec556e3) bge     a0, a2, pc - 20
core   0: 3 0x80001c5a (0xfec556e3)
core   0: 0x80001c5e (0x00000152) c.slli  sp, 20
core   0: 3 0x80001c5e (0x0152) x2  0x00000000
core   0: 0x80001c60 (0x00004e21) c.li    t3, 8
core   0: 3 0x80001c60 (0x4e21) x28 0x00000008
core   0: 0x80001c62 (0x00c616b3) sll     a3, a2, a2
core   0: 3 0x80001c62 (0x00c616b3) x13 0xfffec000
core   0: 0x80001c66 (0x00008e39) c.xor   a2, a4
core   0: 3 0x80001c66 (0x8e39) x12 0xffffffed
core   0: 0x80001c68 (0x008508b3) add     a7, a0, s0
core   0: 3 0x80001c68 (0x008508b3) x17 0x80029ccf
core   0: 0x80001c6c (0x018f22b3) slt     t0, t5, s8
core   0: 3 0x80001c6c (0x018f22b3) x5  0x00000001
core   0: 0x80001c70 (0x00005b7d) c.li    s6, -1
core   0: 3 0x80001c70 (0x5b7d) x22 0xffffffff
core   0: 0x80001c72 (0x00004d9d) c.li    s11, 7
core   0: 3 0x80001c72 (0x4d9d) x27 0x00000007
core   0: 0x80001c74 (0x2163cc93) xori    s9, t2, 534
core   0: 3 0x80001c74 (0x2163cc93) x25 0xfffffde9
core   0: 0x80001c78 (0x00006d21) c.lui   s10, 0x8
core   0: 3 0x80001c78 (0x6d21) x26 0x00008000
core   0: 0x80001c7a (0x0286e733) rem     a4, a3, s0
core   0: 3 0x80001c7a (0x0286e733) x14 0xfffec000
core   0: 0x80001c7e (0x00001e71) c.addi  t3, -4
core   0: 3 0x80001c7e (0x1e71) x28 0x00000004
core   0: 0x80001c80 (0xc01eb693) sltiu   a3, t4, -1023
core   0: 3 0x80001c80 (0xc01eb693) x13 0x00000000
core   0: 0x80001c84 (0x03961b33) mulh    s6, a2, s9
core   0: 3 0x80001c84 (0x03961b33) x22 0x00000000
core   0: 0x80001c88 (0x00008c91) c.sub   s1, a2
core   0: 3 0x80001c88 (0x8c91) x9  0x0000a013
core   0: 0x80001c8a (0x000083e9) c.srli  a5, 26
core   0: 3 0x80001c8a (0x83e9) x15 0x00000000
core   0: 0x80001c8c (0x00804fb3) xor     t6, zero, s0
core   0: 3 0x80001c8c (0x00804fb3) x31 0x80029ce4
core   0: 0x80001c90 (0x00009d3e) c.add   s10, a5
core   0: 3 0x80001c90 (0x9d3e) x26 0x00008000
core   0: 0x80001c92 (0xffbe74e3) bgeu    t3, s11, pc - 24
core   0: 3 0x80001c92 (0xffbe74e3)
core   0: 0x80001c96 (0x000088be) c.mv    a7, a5
core   0: 3 0x80001c96 (0x88be) x17 0x00000000
core   0: 0x80001c98 (0x000051e1) c.li    gp, -8
core   0: 3 0x80001c98 (0x51e1) x3  0xfffffff8
core   0: 0x80001c9a (0x00000001) c.nop
core   0: 3 0x80001c9a (0x0001)
core   0: 0x80001c9c (0x00004139) c.li    sp, 14
core   0: 3 0x80001c9c (0x4139) x2  0x0000000e
core   0: 0x80001c9e (0x03bcacb3) mulhsu  s9, s9, s11
core   0: 3 0x80001c9e (0x03bcacb3) x25 0xffffffff
core   0: 0x80001ca2 (0x03c07933) remu    s2, zero, t3
core   0: 3 0x80001ca2 (0x03c07933) x18 0x00000000
core   0: 0x80001ca6 (0x00008575) c.srai  a0, 29
core   0: 3 0x80001ca6 (0x8575) x10 0xffffffff
core   0: 0x80001ca8 (0x0017c4b3) xor     s1, a5, ra
core   0: 3 0x80001ca8 (0x0017c4b3) x9  0x3ffffe56
core   0: 0x80001cac (0x01563cb3) sltu    s9, a2, s5
core   0: 3 0x80001cac (0x01563cb3) x25 0x00000000
core   0: 0x80001cb0 (0x00008ead) c.xor   a3, a1
core   0: 3 0x80001cb0 (0x8ead) x13 0x00000000
core   0: 0x80001cb2 (0x02da64b3) rem     s1, s4, a3
core   0: 3 0x80001cb2 (0x02da64b3) x9  0xfffffff2
core   0: 0x80001cb6 (0x000001a5) c.addi  gp, 9
core   0: 3 0x80001cb6 (0x01a5) x3  0x00000001
core   0: 0x80001cb8 (0x0121a0b3) slt     ra, gp, s2
core   0: 3 0x80001cb8 (0x0121a0b3) x1  0x00000000
core   0: 0x80001cbc (0x0000567d) c.li    a2, -1
core   0: 3 0x80001cbc (0x567d) x12 0xffffffff
core   0: 0x80001cbe (0x40c5dbb3) sra     s7, a1, a2
core   0: 3 0x80001cbe (0x40c5dbb3) x23 0x00000000
core   0: 0x80001cc2 (0x00bd9f13) slli    t5, s11, 11
core   0: 3 0x80001cc2 (0x00bd9f13) x30 0x00003800
core   0: 0x80001cc6 (0x00008d35) c.xor   a0, a3
core   0: 3 0x80001cc6 (0x8d35) x10 0xffffffff
core   0: 0x80001cc8 (0x029c2533) mulhsu  a0, s8, s1
core   0: 3 0x80001cc8 (0x029c2533) x10 0x02fffe1f
core   0: 0x80001ccc (0x000005ad) c.addi  a1, 11
core   0: 3 0x80001ccc (0x05ad) x11 0x0000000b
core   0: 0x80001cce (0x00000001) c.nop
core   0: 3 0x80001cce (0x0001)
core   0: 0x80001cd0 (0x00008159) c.srli  a0, 22
core   0: 3 0x80001cd0 (0x8159) x10 0x0000000b
core   0: 0x80001cd2 (0x01c53db3) sltu    s11, a0, t3
core   0: 3 0x80001cd2 (0x01c53db3) x27 0x00000000
core   0: 0x80001cd6 (0x00008f59) c.or    a4, a4
core   0: 3 0x80001cd6 (0x8f59) x14 0xfffec000
core   0: 0x80001cd8 (0x03db93b3) mulh    t2, s7, t4
core   0: 3 0x80001cd8 (0x03db93b3) x7  0x00000000
core   0: 0x80001cdc (0x020ed0b3) divu    ra, t4, zero
core   0: 3 0x80001cdc (0x020ed0b3) x1  0xffffffff
core   0: 0x80001ce0 (0xfa21cfe3) blt     gp, sp, pc - 66
core   0: 3 0x80001ce0 (0xfa21cfe3)
core   0: 0x80001c9e (0x03bcacb3) mulhsu  s9, s9, s11
core   0: 3 0x80001c9e (0x03bcacb3) x25 0x00000000
core   0: 0x80001ca2 (0x03c07933) remu    s2, zero, t3
core   0: 3 0x80001ca2 (0x03c07933) x18 0x00000000
core   0: 0x80001ca6 (0x00008575) c.srai  a0, 29
core   0: 3 0x80001ca6 (0x8575) x10 0x00000000
core   0: 0x80001ca8 (0x0017c4b3) xor     s1, a5, ra
core   0: 3 0x80001ca8 (0x0017c4b3) x9  0xffffffff
core   0: 0x80001cac (0x01563cb3) sltu    s9, a2, s5
core   0: 3 0x80001cac (0x01563cb3) x25 0x00000000
core   0: 0x80001cb0 (0x00008ead) c.xor   a3, a1
core   0: 3 0x80001cb0 (0x8ead) x13 0x0000000b
core   0: 0x80001cb2 (0x02da64b3) rem     s1, s4, a3
core   0: 3 0x80001cb2 (0x02da64b3) x9  0xfffffffd
core   0: 0x80001cb6 (0x000001a5) c.addi  gp, 9
core   0: 3 0x80001cb6 (0x01a5) x3  0x0000000a
core   0: 0x80001cb8 (0x0121a0b3) slt     ra, gp, s2
core   0: 3 0x80001cb8 (0x0121a0b3) x1  0x00000000
core   0: 0x80001cbc (0x0000567d) c.li    a2, -1
core   0: 3 0x80001cbc (0x567d) x12 0xffffffff
core   0: 0x80001cbe (0x40c5dbb3) sra     s7, a1, a2
core   0: 3 0x80001cbe (0x40c5dbb3) x23 0x00000000
core   0: 0x80001cc2 (0x00bd9f13) slli    t5, s11, 11
core   0: 3 0x80001cc2 (0x00bd9f13) x30 0x00000000
core   0: 0x80001cc6 (0x00008d35) c.xor   a0, a3
core   0: 3 0x80001cc6 (0x8d35) x10 0x0000000b
core   0: 0x80001cc8 (0x029c2533) mulhsu  a0, s8, s1
core   0: 3 0x80001cc8 (0x029c2533) x10 0x02fffe1f
core   0: 0x80001ccc (0x000005ad) c.addi  a1, 11
core   0: 3 0x80001ccc (0x05ad) x11 0x00000016
core   0: 0x80001cce (0x00000001) c.nop
core   0: 3 0x80001cce (0x0001)
core   0: 0x80001cd0 (0x00008159) c.srli  a0, 22
core   0: 3 0x80001cd0 (0x8159) x10 0x0000000b
core   0: 0x80001cd2 (0x01c53db3) sltu    s11, a0, t3
core   0: 3 0x80001cd2 (0x01c53db3) x27 0x00000000
core   0: 0x80001cd6 (0x00008f59) c.or    a4, a4
core   0: 3 0x80001cd6 (0x8f59) x14 0xfffec000
core   0: 0x80001cd8 (0x03db93b3) mulh    t2, s7, t4
core   0: 3 0x80001cd8 (0x03db93b3) x7  0x00000000
core   0: 0x80001cdc (0x020ed0b3) divu    ra, t4, zero
core   0: 3 0x80001cdc (0x020ed0b3) x1  0xffffffff
core   0: 0x80001ce0 (0xfa21cfe3) blt     gp, sp, pc - 66
core   0: 3 0x80001ce0 (0xfa21cfe3)
core   0: 0x80001c9e (0x03bcacb3) mulhsu  s9, s9, s11
core   0: 3 0x80001c9e (0x03bcacb3) x25 0x00000000
core   0: 0x80001ca2 (0x03c07933) remu    s2, zero, t3
core   0: 3 0x80001ca2 (0x03c07933) x18 0x00000000
core   0: 0x80001ca6 (0x00008575) c.srai  a0, 29
core   0: 3 0x80001ca6 (0x8575) x10 0x00000000
core   0: 0x80001ca8 (0x0017c4b3) xor     s1, a5, ra
core   0: 3 0x80001ca8 (0x0017c4b3) x9  0xffffffff
core   0: 0x80001cac (0x01563cb3) sltu    s9, a2, s5
core   0: 3 0x80001cac (0x01563cb3) x25 0x00000000
core   0: 0x80001cb0 (0x00008ead) c.xor   a3, a1
core   0: 3 0x80001cb0 (0x8ead) x13 0x0000001d
core   0: 0x80001cb2 (0x02da64b3) rem     s1, s4, a3
core   0: 3 0x80001cb2 (0x02da64b3) x9  0xfffffff2
core   0: 0x80001cb6 (0x000001a5) c.addi  gp, 9
core   0: 3 0x80001cb6 (0x01a5) x3  0x00000013
core   0: 0x80001cb8 (0x0121a0b3) slt     ra, gp, s2
core   0: 3 0x80001cb8 (0x0121a0b3) x1  0x00000000
core   0: 0x80001cbc (0x0000567d) c.li    a2, -1
core   0: 3 0x80001cbc (0x567d) x12 0xffffffff
core   0: 0x80001cbe (0x40c5dbb3) sra     s7, a1, a2
core   0: 3 0x80001cbe (0x40c5dbb3) x23 0x00000000
core   0: 0x80001cc2 (0x00bd9f13) slli    t5, s11, 11
core   0: 3 0x80001cc2 (0x00bd9f13) x30 0x00000000
core   0: 0x80001cc6 (0x00008d35) c.xor   a0, a3
core   0: 3 0x80001cc6 (0x8d35) x10 0x0000001d
core   0: 0x80001cc8 (0x029c2533) mulhsu  a0, s8, s1
core   0: 3 0x80001cc8 (0x029c2533) x10 0x02fffe1f
core   0: 0x80001ccc (0x000005ad) c.addi  a1, 11
core   0: 3 0x80001ccc (0x05ad) x11 0x00000021
core   0: 0x80001cce (0x00000001) c.nop
core   0: 3 0x80001cce (0x0001)
core   0: 0x80001cd0 (0x00008159) c.srli  a0, 22
core   0: 3 0x80001cd0 (0x8159) x10 0x0000000b
core   0: 0x80001cd2 (0x01c53db3) sltu    s11, a0, t3
core   0: 3 0x80001cd2 (0x01c53db3) x27 0x00000000
core   0: 0x80001cd6 (0x00008f59) c.or    a4, a4
core   0: 3 0x80001cd6 (0x8f59) x14 0xfffec000
core   0: 0x80001cd8 (0x03db93b3) mulh    t2, s7, t4
core   0: 3 0x80001cd8 (0x03db93b3) x7  0x00000000
core   0: 0x80001cdc (0x020ed0b3) divu    ra, t4, zero
core   0: 3 0x80001cdc (0x020ed0b3) x1  0xffffffff
core   0: 0x80001ce0 (0xfa21cfe3) blt     gp, sp, pc - 66
core   0: 3 0x80001ce0 (0xfa21cfe3)
core   0: 0x80001ce4 (0x1a249097) auipc   ra, 0x1a249
core   0: 3 0x80001ce4 (0x1a249097) x1  0x9a24ace4
core   0: 0x80001ce8 (0x00005575) c.li    a0, -3
core   0: 3 0x80001ce8 (0x5575) x10 0xfffffffd
core   0: 0x80001cea (0x00000001) c.nop
core   0: 3 0x80001cea (0x0001)
core   0: 0x80001cec (0x00004e45) c.li    t3, 17
core   0: 3 0x80001cec (0x4e45) x28 0x00000011
core   0: 0x80001cee (0x00852133) slt     sp, a0, s0
core   0: 3 0x80001cee (0x00852133) x2  0x00000000
core   0: 0x80001cf2 (0x00000515) c.addi  a0, 5
core   0: 3 0x80001cf2 (0x0515) x10 0x00000002
core   0: 0x80001cf4 (0x770fb593) sltiu   a1, t6, 1904
core   0: 3 0x80001cf4 (0x770fb593) x11 0x00000000
core   0: 0x80001cf8 (0x000057d9) c.li    a5, -10
core   0: 3 0x80001cf8 (0x57d9) x15 0xfffffff6
core   0: 0x80001cfa (0x000041b1) c.li    gp, 12
core   0: 3 0x80001cfa (0x41b1) x3  0x0000000c
core   0: 0x80001cfc (0x419f0333) sub     t1, t5, s9
core   0: 3 0x80001cfc (0x419f0333) x6  0x00000000
core   0: 0x80001d00 (0x02771633) mulh    a2, a4, t2
core   0: 3 0x80001d00 (0x02771633) x12 0x00000000
core   0: 0x80001d04 (0x00000785) c.addi  a5, 1
core   0: 3 0x80001d04 (0x0785) x15 0xfffffff7
core   0: 0x80001d06 (0xfe37ede3) bltu    a5, gp, pc - 6
core   0: 3 0x80001d06 (0xfe37ede3)
core   0: 0x80001d0a (0x3dc2c893) xori    a7, t0, 988
core   0: 3 0x80001d0a (0x3dc2c893) x17 0x000003dd
core   0: 0x80001d0e (0xffc540e3) blt     a0, t3, pc - 32
core   0: 3 0x80001d0e (0xffc540e3)
core   0: 0x80001cee (0x00852133) slt     sp, a0, s0
core   0: 3 0x80001cee (0x00852133) x2  0x00000000
core   0: 0x80001cf2 (0x00000515) c.addi  a0, 5
core   0: 3 0x80001cf2 (0x0515) x10 0x00000007
core   0: 0x80001cf4 (0x770fb593) sltiu   a1, t6, 1904
core   0: 3 0x80001cf4 (0x770fb593) x11 0x00000000
core   0: 0x80001cf8 (0x000057d9) c.li    a5, -10
core   0: 3 0x80001cf8 (0x57d9) x15 0xfffffff6
core   0: 0x80001cfa (0x000041b1) c.li    gp, 12
core   0: 3 0x80001cfa (0x41b1) x3  0x0000000c
core   0: 0x80001cfc (0x419f0333) sub     t1, t5, s9
core   0: 3 0x80001cfc (0x419f0333) x6  0x00000000
core   0: 0x80001d00 (0x02771633) mulh    a2, a4, t2
core   0: 3 0x80001d00 (0x02771633) x12 0x00000000
core   0: 0x80001d04 (0x00000785) c.addi  a5, 1
core   0: 3 0x80001d04 (0x0785) x15 0xfffffff7
core   0: 0x80001d06 (0xfe37ede3) bltu    a5, gp, pc - 6
core   0: 3 0x80001d06 (0xfe37ede3)
core   0: 0x80001d0a (0x3dc2c893) xori    a7, t0, 988
core   0: 3 0x80001d0a (0x3dc2c893) x17 0x000003dd
core   0: 0x80001d0e (0xffc540e3) blt     a0, t3, pc - 32
core   0: 3 0x80001d0e (0xffc540e3)
core   0: 0x80001cee (0x00852133) slt     sp, a0, s0
core   0: 3 0x80001cee (0x00852133) x2  0x00000000
core   0: 0x80001cf2 (0x00000515) c.addi  a0, 5
core   0: 3 0x80001cf2 (0x0515) x10 0x0000000c
core   0: 0x80001cf4 (0x770fb593) sltiu   a1, t6, 1904
core   0: 3 0x80001cf4 (0x770fb593) x11 0x00000000
core   0: 0x80001cf8 (0x000057d9) c.li    a5, -10
core   0: 3 0x80001cf8 (0x57d9) x15 0xfffffff6
core   0: 0x80001cfa (0x000041b1) c.li    gp, 12
core   0: 3 0x80001cfa (0x41b1) x3  0x0000000c
core   0: 0x80001cfc (0x419f0333) sub     t1, t5, s9
core   0: 3 0x80001cfc (0x419f0333) x6  0x00000000
core   0: 0x80001d00 (0x02771633) mulh    a2, a4, t2
core   0: 3 0x80001d00 (0x02771633) x12 0x00000000
core   0: 0x80001d04 (0x00000785) c.addi  a5, 1
core   0: 3 0x80001d04 (0x0785) x15 0xfffffff7
core   0: 0x80001d06 (0xfe37ede3) bltu    a5, gp, pc - 6
core   0: 3 0x80001d06 (0xfe37ede3)
core   0: 0x80001d0a (0x3dc2c893) xori    a7, t0, 988
core   0: 3 0x80001d0a (0x3dc2c893) x17 0x000003dd
core   0: 0x80001d0e (0xffc540e3) blt     a0, t3, pc - 32
core   0: 3 0x80001d0e (0xffc540e3)
core   0: 0x80001cee (0x00852133) slt     sp, a0, s0
core   0: 3 0x80001cee (0x00852133) x2  0x00000000
core   0: 0x80001cf2 (0x00000515) c.addi  a0, 5
core   0: 3 0x80001cf2 (0x0515) x10 0x00000011
core   0: 0x80001cf4 (0x770fb593) sltiu   a1, t6, 1904
core   0: 3 0x80001cf4 (0x770fb593) x11 0x00000000
core   0: 0x80001cf8 (0x000057d9) c.li    a5, -10
core   0: 3 0x80001cf8 (0x57d9) x15 0xfffffff6
core   0: 0x80001cfa (0x000041b1) c.li    gp, 12
core   0: 3 0x80001cfa (0x41b1) x3  0x0000000c
core   0: 0x80001cfc (0x419f0333) sub     t1, t5, s9
core   0: 3 0x80001cfc (0x419f0333) x6  0x00000000
core   0: 0x80001d00 (0x02771633) mulh    a2, a4, t2
core   0: 3 0x80001d00 (0x02771633) x12 0x00000000
core   0: 0x80001d04 (0x00000785) c.addi  a5, 1
core   0: 3 0x80001d04 (0x0785) x15 0xfffffff7
core   0: 0x80001d06 (0xfe37ede3) bltu    a5, gp, pc - 6
core   0: 3 0x80001d06 (0xfe37ede3)
core   0: 0x80001d0a (0x3dc2c893) xori    a7, t0, 988
core   0: 3 0x80001d0a (0x3dc2c893) x17 0x000003dd
core   0: 0x80001d0e (0xffc540e3) blt     a0, t3, pc - 32
core   0: 3 0x80001d0e (0xffc540e3)
core   0: 0x80001d12 (0x021e5f33) divu    t5, t3, ra
core   0: 3 0x80001d12 (0x021e5f33) x30 0x00000000
core   0: 0x80001d16 (0x0000491d) c.li    s2, 7
core   0: 3 0x80001d16 (0x491d) x18 0x00000007
core   0: 0x80001d18 (0x00008e49) c.or    a2, a0
core   0: 3 0x80001d18 (0x8e49) x12 0x00000011
core   0: 0x80001d1a (0x00005fcd) c.li    t6, -13
core   0: 3 0x80001d1a (0x5fcd) x31 0xfffffff3
core   0: 0x80001d1c (0xbfe38113) addi    sp, t2, -1026
core   0: 3 0x80001d1c (0xbfe38113) x2  0xfffffbfe
core   0: 0x80001d20 (0x00005a7d) c.li    s4, -1
core   0: 3 0x80001d20 (0x5a7d) x20 0xffffffff
core   0: 0x80001d22 (0x03655a33) divu    s4, a0, s6
core   0: 3 0x80001d22 (0x03655a33) x20 0xffffffff
core   0: 0x80001d26 (0x00001959) c.addi  s2, -10
core   0: 3 0x80001d26 (0x1959) x18 0xfffffffd
core   0: 0x80001d28 (0x00a5f733) and     a4, a1, a0
core   0: 3 0x80001d28 (0x00a5f733) x14 0x00000000
core   0: 0x80001d2c (0x00005569) c.li    a0, -6
core   0: 3 0x80001d2c (0x5569) x10 0xfffffffa
core   0: 0x80001d2e (0x00008de5) c.and   a1, s1
core   0: 3 0x80001d2e (0x8de5) x11 0x00000000
core   0: 0x80001d30 (0x00004d1d) c.li    s10, 7
core   0: 3 0x80001d30 (0x4d1d) x26 0x00000007
core   0: 0x80001d32 (0x0363f133) remu    sp, t2, s6
core   0: 3 0x80001d32 (0x0363f133) x2  0x00000000
core   0: 0x80001d36 (0x017f11b3) sll     gp, t5, s7
core   0: 3 0x80001d36 (0x017f11b3) x3  0x00000000
core   0: 0x80001d3a (0x00000525) c.addi  a0, 9
core   0: 3 0x80001d3a (0x0525) x10 0x00000003
core   0: 0x80001d3c (0x02028cb3) mul     s9, t0, zero
core   0: 3 0x80001d3c (0x02028cb3) x25 0x00000000
core   0: 0x80001d40 (0x018c2133) slt     sp, s8, s8
core   0: 3 0x80001d40 (0x018c2133) x2  0x00000000
core   0: 0x80001d44 (0x00c7db93) srli    s7, a5, 12
core   0: 3 0x80001d44 (0x00c7db93) x23 0x000fffff
core   0: 0x80001d48 (0xffa565e3) bltu    a0, s10, pc - 22
core   0: 3 0x80001d48 (0xffa565e3)
core   0: 0x80001d32 (0x0363f133) remu    sp, t2, s6
core   0: 3 0x80001d32 (0x0363f133) x2  0x00000000
core   0: 0x80001d36 (0x017f11b3) sll     gp, t5, s7
core   0: 3 0x80001d36 (0x017f11b3) x3  0x00000000
core   0: 0x80001d3a (0x00000525) c.addi  a0, 9
core   0: 3 0x80001d3a (0x0525) x10 0x0000000c
core   0: 0x80001d3c (0x02028cb3) mul     s9, t0, zero
core   0: 3 0x80001d3c (0x02028cb3) x25 0x00000000
core   0: 0x80001d40 (0x018c2133) slt     sp, s8, s8
core   0: 3 0x80001d40 (0x018c2133) x2  0x00000000
core   0: 0x80001d44 (0x00c7db93) srli    s7, a5, 12
core   0: 3 0x80001d44 (0x00c7db93) x23 0x000fffff
core   0: 0x80001d48 (0xffa565e3) bltu    a0, s10, pc - 22
core   0: 3 0x80001d48 (0xffa565e3)
core   0: 0x80001d4c (0x026a2c33) mulhsu  s8, s4, t1
core   0: 3 0x80001d4c (0x026a2c33) x24 0x00000000
core   0: 0x80001d50 (0x00000001) c.nop
core   0: 3 0x80001d50 (0x0001)
core   0: 0x80001d52 (0x00006161) c.addi16sp sp, 80
core   0: 3 0x80001d52 (0x6161) x2  0x00000050
core   0: 0x80001d54 (0x00d307b3) add     a5, t1, a3
core   0: 3 0x80001d54 (0x00d307b3) x15 0x0000001d
core   0: 0x80001d58 (0x0323beb3) mulhu   t4, t2, s2
core   0: 3 0x80001d58 (0x0323beb3) x29 0x00000000
core   0: 0x80001d5c (0xfdf900e3) beq     s2, t6, pc - 64
core   0: 3 0x80001d5c (0xfdf900e3)
core   0: 0x80001d60 (0x00000692) c.slli  a3, 4
core   0: 3 0x80001d60 (0x0692) x13 0x000001d0
core   0: 0x80001d62 (0x000055e9) c.li    a1, -6
core   0: 3 0x80001d62 (0x55e9) x11 0xfffffffa
core   0: 0x80001d64 (0x00004155) c.li    sp, 21
core   0: 3 0x80001d64 (0x4155) x2  0x00000015
core   0: 0x80001d66 (0x000042a5) c.li    t0, 9
core   0: 3 0x80001d66 (0x42a5) x5  0x00000009
core   0: 0x80001d68 (0x00008ccd) c.or    s1, a1
core   0: 3 0x80001d68 (0x8ccd) x9  0xfffffffa
core   0: 0x80001d6a (0x416300b3) sub     ra, t1, s6
core   0: 3 0x80001d6a (0x416300b3) x1  0x00000000
core   0: 0x80001d6e (0x00008ab9) c.andi  a3, 14
core   0: 3 0x80001d6e (0x8ab9) x13 0x00000000
core   0: 0x80001d70 (0x40845793) srai    a5, s0, 8
core   0: 3 0x80001d70 (0x40845793) x15 0xff80029c
core   0: 0x80001d74 (0x048b2793) slti    a5, s6, 72
core   0: 3 0x80001d74 (0x048b2793) x15 0x00000001
core   0: 0x80001d78 (0x00006159) c.addi16sp sp, 400
core   0: 3 0x80001d78 (0x6159) x2  0x000001a5
core   0: 0x80001d7a (0x00000595) c.addi  a1, 5
core   0: 3 0x80001d7a (0x0595) x11 0xffffffff
core   0: 0x80001d7c (0x00add713) srli    a4, s11, 10
core   0: 3 0x80001d7c (0x00add713) x14 0x00000000
core   0: 0x80001d80 (0x01925093) srli    ra, tp, 25
core   0: 3 0x80001d80 (0x01925093) x1  0x00000000
core   0: 0x80001d84 (0x00008f89) c.sub   a5, a0
core   0: 3 0x80001d84 (0x8f89) x15 0xfffffff5
core   0: 0x80001d86 (0x00000001) c.nop
core   0: 3 0x80001d86 (0x0001)
core   0: 0x80001d88 (0x00009cfa) c.add   s9, t5
core   0: 3 0x80001d88 (0x9cfa) x25 0x00000000
core   0: 0x80001d8a (0x40700133) sub     sp, zero, t2
core   0: 3 0x80001d8a (0x40700133) x2  0x00000000
core   0: 0x80001d8e (0x0323aeb3) mulhsu  t4, t2, s2
core   0: 3 0x80001d8e (0x0323aeb3) x29 0x00000000
core   0: 0x80001d92 (0x0000717d) c.addi16sp sp, -16
core   0: 3 0x80001d92 (0x717d) x2  0xfffffff0
core   0: 0x80001d94 (0x000057fd) c.li    a5, -1
core   0: 3 0x80001d94 (0x57fd) x15 0xffffffff
core   0: 0x80001d96 (0x026126b3) mulhsu  a3, sp, t1
core   0: 3 0x80001d96 (0x026126b3) x13 0x00000000
core   0: 0x80001d9a (0xfc559ae3) bne     a1, t0, pc - 44
core   0: 3 0x80001d9a (0xfc559ae3)
core   0: 0x80001d6e (0x00008ab9) c.andi  a3, 14
core   0: 3 0x80001d6e (0x8ab9) x13 0x00000000
core   0: 0x80001d70 (0x40845793) srai    a5, s0, 8
core   0: 3 0x80001d70 (0x40845793) x15 0xff80029c
core   0: 0x80001d74 (0x048b2793) slti    a5, s6, 72
core   0: 3 0x80001d74 (0x048b2793) x15 0x00000001
core   0: 0x80001d78 (0x00006159) c.addi16sp sp, 400
core   0: 3 0x80001d78 (0x6159) x2  0x00000180
core   0: 0x80001d7a (0x00000595) c.addi  a1, 5
core   0: 3 0x80001d7a (0x0595) x11 0x00000004
core   0: 0x80001d7c (0x00add713) srli    a4, s11, 10
core   0: 3 0x80001d7c (0x00add713) x14 0x00000000
core   0: 0x80001d80 (0x01925093) srli    ra, tp, 25
core   0: 3 0x80001d80 (0x01925093) x1  0x00000000
core   0: 0x80001d84 (0x00008f89) c.sub   a5, a0
core   0: 3 0x80001d84 (0x8f89) x15 0xfffffff5
core   0: 0x80001d86 (0x00000001) c.nop
core   0: 3 0x80001d86 (0x0001)
core   0: 0x80001d88 (0x00009cfa) c.add   s9, t5
core   0: 3 0x80001d88 (0x9cfa) x25 0x00000000
core   0: 0x80001d8a (0x40700133) sub     sp, zero, t2
core   0: 3 0x80001d8a (0x40700133) x2  0x00000000
core   0: 0x80001d8e (0x0323aeb3) mulhsu  t4, t2, s2
core   0: 3 0x80001d8e (0x0323aeb3) x29 0x00000000
core   0: 0x80001d92 (0x0000717d) c.addi16sp sp, -16
core   0: 3 0x80001d92 (0x717d) x2  0xfffffff0
core   0: 0x80001d94 (0x000057fd) c.li    a5, -1
core   0: 3 0x80001d94 (0x57fd) x15 0xffffffff
core   0: 0x80001d96 (0x026126b3) mulhsu  a3, sp, t1
core   0: 3 0x80001d96 (0x026126b3) x13 0x00000000
core   0: 0x80001d9a (0xfc559ae3) bne     a1, t0, pc - 44
core   0: 3 0x80001d9a (0xfc559ae3)
core   0: 0x80001d6e (0x00008ab9) c.andi  a3, 14
core   0: 3 0x80001d6e (0x8ab9) x13 0x00000000
core   0: 0x80001d70 (0x40845793) srai    a5, s0, 8
core   0: 3 0x80001d70 (0x40845793) x15 0xff80029c
core   0: 0x80001d74 (0x048b2793) slti    a5, s6, 72
core   0: 3 0x80001d74 (0x048b2793) x15 0x00000001
core   0: 0x80001d78 (0x00006159) c.addi16sp sp, 400
core   0: 3 0x80001d78 (0x6159) x2  0x00000180
core   0: 0x80001d7a (0x00000595) c.addi  a1, 5
core   0: 3 0x80001d7a (0x0595) x11 0x00000009
core   0: 0x80001d7c (0x00add713) srli    a4, s11, 10
core   0: 3 0x80001d7c (0x00add713) x14 0x00000000
core   0: 0x80001d80 (0x01925093) srli    ra, tp, 25
core   0: 3 0x80001d80 (0x01925093) x1  0x00000000
core   0: 0x80001d84 (0x00008f89) c.sub   a5, a0
core   0: 3 0x80001d84 (0x8f89) x15 0xfffffff5
core   0: 0x80001d86 (0x00000001) c.nop
core   0: 3 0x80001d86 (0x0001)
core   0: 0x80001d88 (0x00009cfa) c.add   s9, t5
core   0: 3 0x80001d88 (0x9cfa) x25 0x00000000
core   0: 0x80001d8a (0x40700133) sub     sp, zero, t2
core   0: 3 0x80001d8a (0x40700133) x2  0x00000000
core   0: 0x80001d8e (0x0323aeb3) mulhsu  t4, t2, s2
core   0: 3 0x80001d8e (0x0323aeb3) x29 0x00000000
core   0: 0x80001d92 (0x0000717d) c.addi16sp sp, -16
core   0: 3 0x80001d92 (0x717d) x2  0xfffffff0
core   0: 0x80001d94 (0x000057fd) c.li    a5, -1
core   0: 3 0x80001d94 (0x57fd) x15 0xffffffff
core   0: 0x80001d96 (0x026126b3) mulhsu  a3, sp, t1
core   0: 3 0x80001d96 (0x026126b3) x13 0x00000000
core   0: 0x80001d9a (0xfc559ae3) bne     a1, t0, pc - 44
core   0: 3 0x80001d9a (0xfc559ae3)
core   0: 0x80001d9e (0x0359b4b3) mulhu   s1, s3, s5
core   0: 3 0x80001d9e (0x0359b4b3) x9  0x00000000
core   0: 0x80001da2 (0x00005759) c.li    a4, -10
core   0: 3 0x80001da2 (0x5759) x14 0xfffffff6
core   0: 0x80001da4 (0xc9f0bb13) sltiu   s6, ra, -865
core   0: 3 0x80001da4 (0xc9f0bb13) x22 0x00000001
core   0: 0x80001da8 (0x00004bd1) c.li    s7, 20
core   0: 3 0x80001da8 (0x4bd1) x23 0x00000014
core   0: 0x80001daa (0x00008a05) c.andi  a2, 1
core   0: 3 0x80001daa (0x8a05) x12 0x00000001
core   0: 0x80001dac (0x00009522) c.add   a0, s0
core   0: 3 0x80001dac (0x9522) x10 0x80029cf0
core   0: 0x80001dae (0x406e5a33) sra     s4, t3, t1
core   0: 3 0x80001dae (0x406e5a33) x20 0x00000011
core   0: 0x80001db2 (0x00000721) c.addi  a4, 8
core   0: 3 0x80001db2 (0x0721) x14 0xfffffffe
core   0: 0x80001db4 (0x01869fb3) sll     t6, a3, s8
core   0: 3 0x80001db4 (0x01869fb3) x31 0x00000000
core   0: 0x80001db8 (0xff774ae3) blt     a4, s7, pc - 12
core   0: 3 0x80001db8 (0xff774ae3)
core   0: 0x80001dac (0x00009522) c.add   a0, s0
core   0: 3 0x80001dac (0x9522) x10 0x000539d4
core   0: 0x80001dae (0x406e5a33) sra     s4, t3, t1
core   0: 3 0x80001dae (0x406e5a33) x20 0x00000011
core   0: 0x80001db2 (0x00000721) c.addi  a4, 8
core   0: 3 0x80001db2 (0x0721) x14 0x00000006
core   0: 0x80001db4 (0x01869fb3) sll     t6, a3, s8
core   0: 3 0x80001db4 (0x01869fb3) x31 0x00000000
core   0: 0x80001db8 (0xff774ae3) blt     a4, s7, pc - 12
core   0: 3 0x80001db8 (0xff774ae3)
core   0: 0x80001dac (0x00009522) c.add   a0, s0
core   0: 3 0x80001dac (0x9522) x10 0x8007d6b8
core   0: 0x80001dae (0x406e5a33) sra     s4, t3, t1
core   0: 3 0x80001dae (0x406e5a33) x20 0x00000011
core   0: 0x80001db2 (0x00000721) c.addi  a4, 8
core   0: 3 0x80001db2 (0x0721) x14 0x0000000e
core   0: 0x80001db4 (0x01869fb3) sll     t6, a3, s8
core   0: 3 0x80001db4 (0x01869fb3) x31 0x00000000
core   0: 0x80001db8 (0xff774ae3) blt     a4, s7, pc - 12
core   0: 3 0x80001db8 (0xff774ae3)
core   0: 0x80001dac (0x00009522) c.add   a0, s0
core   0: 3 0x80001dac (0x9522) x10 0x000a739c
core   0: 0x80001dae (0x406e5a33) sra     s4, t3, t1
core   0: 3 0x80001dae (0x406e5a33) x20 0x00000011
core   0: 0x80001db2 (0x00000721) c.addi  a4, 8
core   0: 3 0x80001db2 (0x0721) x14 0x00000016
core   0: 0x80001db4 (0x01869fb3) sll     t6, a3, s8
core   0: 3 0x80001db4 (0x01869fb3) x31 0x00000000
core   0: 0x80001db8 (0xff774ae3) blt     a4, s7, pc - 12
core   0: 3 0x80001db8 (0xff774ae3)
core   0: 0x80001dbc (0x000069c9) c.lui   s3, 0x12
core   0: 3 0x80001dbc (0x69c9) x19 0x00012000
core   0: 0x80001dbe (0x000054d9) c.li    s1, -10
core   0: 3 0x80001dbe (0x54d9) x9  0xfffffff6
core   0: 0x80001dc0 (0x00000001) c.nop
core   0: 3 0x80001dc0 (0x0001)
core   0: 0x80001dc2 (0x00d65e93) srli    t4, a2, 13
core   0: 3 0x80001dc2 (0x00d65e93) x29 0x00000000
core   0: 0x80001dc6 (0x00000001) c.nop
core   0: 3 0x80001dc6 (0x0001)
core   0: 0x80001dc8 (0xe7f34693) xori    a3, t1, -385
core   0: 3 0x80001dc8 (0xe7f34693) x13 0xfffffe7f
core   0: 0x80001dcc (0x02e769b3) rem     s3, a4, a4
core   0: 3 0x80001dcc (0x02e769b3) x19 0x00000000
core   0: 0x80001dd0 (0x000012fd) c.addi  t0, -1
core   0: 3 0x80001dd0 (0x12fd) x5  0x00000008
core   0: 0x80001dd2 (0x00000485) c.addi  s1, 1
core   0: 3 0x80001dd2 (0x0485) x9  0xfffffff7
core   0: 0x80001dd4 (0x0000dce5) c.beqz  s1, pc - 8
core   0: 3 0x80001dd4 (0xdce5)
core   0: 0x80001dd6 (0x009a7fb3) and     t6, s4, s1
core   0: 3 0x80001dd6 (0x009a7fb3) x31 0x00000011
core   0: 0x80001dda (0x00004521) c.li    a0, 8
core   0: 3 0x80001dda (0x4521) x10 0x00000008
core   0: 0x80001ddc (0x00000001) c.nop
core   0: 3 0x80001ddc (0x0001)
core   0: 0x80001dde (0x023ab933) mulhu   s2, s5, gp
core   0: 3 0x80001dde (0x023ab933) x18 0x00000000
core   0: 0x80001de2 (0x40e30f33) sub     t5, t1, a4
core   0: 3 0x80001de2 (0x40e30f33) x30 0xffffffea
core   0: 0x80001de6 (0x00008e75) c.and   a2, a3
core   0: 3 0x80001de6 (0x8e75) x12 0x00000001
core   0: 0x80001de8 (0x00001571) c.addi  a0, -4
core   0: 3 0x80001de8 (0x1571) x10 0x00000004
core   0: 0x80001dea (0xb7daa493) slti    s1, s5, -1155
core   0: 3 0x80001dea (0xb7daa493) x9  0x00000001
core   0: 0x80001dee (0x000046a9) c.li    a3, 10
core   0: 3 0x80001dee (0x46a9) x13 0x0000000a
core   0: 0x80001df0 (0x40915233) sra     tp, sp, s1
core   0: 3 0x80001df0 (0x40915233) x4  0xfffffff8
core   0: 0x80001df4 (0x00008b72) c.mv    s6, t3
core   0: 3 0x80001df4 (0x8b72) x22 0x00000011
core   0: 0x80001df6 (0x00008cc9) c.or    s1, a0
core   0: 3 0x80001df6 (0x8cc9) x9  0x00000005
core   0: 0x80001df8 (0x000045cd) c.li    a1, 19
core   0: 3 0x80001df8 (0x45cd) x11 0x00000013
core   0: 0x80001dfa (0x000082fa) c.mv    t0, t5
core   0: 3 0x80001dfa (0x82fa) x5  0xffffffea
core   0: 0x80001dfc (0x3d726997) auipc   s3, 0x3d726
core   0: 3 0x80001dfc (0x3d726997) x19 0xbd727dfc
core   0: 0x80001e00 (0x40b25793) srai    a5, tp, 11
core   0: 3 0x80001e00 (0x40b25793) x15 0xffffffff
core   0: 0x80001e04 (0x0067d633) srl     a2, a5, t1
core   0: 3 0x80001e04 (0x0067d633) x12 0xffffffff
core   0: 0x80001e08 (0x419ed4b3) sra     s1, t4, s9
core   0: 3 0x80001e08 (0x419ed4b3) x9  0x00000000
core   0: 0x80001e0c (0x41c1df13) srai    t5, gp, 28
core   0: 3 0x80001e0c (0x41c1df13) x30 0x00000000
core   0: 0x80001e10 (0x000006a5) c.addi  a3, 9
core   0: 3 0x80001e10 (0x06a5) x13 0x00000013
core   0: 0x80001e12 (0xfeb695e3) bne     a3, a1, pc - 22
core   0: 3 0x80001e12 (0xfeb695e3)
core   0: 0x80001e16 (0x023494b3) mulh    s1, s1, gp
core   0: 3 0x80001e16 (0x023494b3) x9  0x00000000
core   0: 0x80001e1a (0x0000f561) c.bnez  a0, pc - 56
core   0: 3 0x80001e1a (0xf561)
core   0: 0x80001de2 (0x40e30f33) sub     t5, t1, a4
core   0: 3 0x80001de2 (0x40e30f33) x30 0xffffffea
core   0: 0x80001de6 (0x00008e75) c.and   a2, a3
core   0: 3 0x80001de6 (0x8e75) x12 0x00000013
core   0: 0x80001de8 (0x00001571) c.addi  a0, -4
core   0: 3 0x80001de8 (0x1571) x10 0x00000000
core   0: 0x80001dea (0xb7daa493) slti    s1, s5, -1155
core   0: 3 0x80001dea (0xb7daa493) x9  0x00000001
core   0: 0x80001dee (0x000046a9) c.li    a3, 10
core   0: 3 0x80001dee (0x46a9) x13 0x0000000a
core   0: 0x80001df0 (0x40915233) sra     tp, sp, s1
core   0: 3 0x80001df0 (0x40915233) x4  0xfffffff8
core   0: 0x80001df4 (0x00008b72) c.mv    s6, t3
core   0: 3 0x80001df4 (0x8b72) x22 0x00000011
core   0: 0x80001df6 (0x00008cc9) c.or    s1, a0
core   0: 3 0x80001df6 (0x8cc9) x9  0x00000001
core   0: 0x80001df8 (0x000045cd) c.li    a1, 19
core   0: 3 0x80001df8 (0x45cd) x11 0x00000013
core   0: 0x80001dfa (0x000082fa) c.mv    t0, t5
core   0: 3 0x80001dfa (0x82fa) x5  0xffffffea
core   0: 0x80001dfc (0x3d726997) auipc   s3, 0x3d726
core   0: 3 0x80001dfc (0x3d726997) x19 0xbd727dfc
core   0: 0x80001e00 (0x40b25793) srai    a5, tp, 11
core   0: 3 0x80001e00 (0x40b25793) x15 0xffffffff
core   0: 0x80001e04 (0x0067d633) srl     a2, a5, t1
core   0: 3 0x80001e04 (0x0067d633) x12 0xffffffff
core   0: 0x80001e08 (0x419ed4b3) sra     s1, t4, s9
core   0: 3 0x80001e08 (0x419ed4b3) x9  0x00000000
core   0: 0x80001e0c (0x41c1df13) srai    t5, gp, 28
core   0: 3 0x80001e0c (0x41c1df13) x30 0x00000000
core   0: 0x80001e10 (0x000006a5) c.addi  a3, 9
core   0: 3 0x80001e10 (0x06a5) x13 0x00000013
core   0: 0x80001e12 (0xfeb695e3) bne     a3, a1, pc - 22
core   0: 3 0x80001e12 (0xfeb695e3)
core   0: 0x80001e16 (0x023494b3) mulh    s1, s1, gp
core   0: 3 0x80001e16 (0x023494b3) x9  0x00000000
core   0: 0x80001e1a (0x0000f561) c.bnez  a0, pc - 56
core   0: 3 0x80001e1a (0xf561)
core   0: 0x80001e1c (0x00000906) c.slli  s2, 1
core   0: 3 0x80001e1c (0x0906) x18 0x00000000
core   0: 0x80001e1e (0x00005359) c.li    t1, -10
core   0: 3 0x80001e1e (0x5359) x6  0xfffffff6
core   0: 0x80001e20 (0x000084a9) c.srai  s1, 10
core   0: 3 0x80001e20 (0x84a9) x9  0x00000000
core   0: 0x80001e22 (0x000088e5) c.andi  s1, 25
core   0: 3 0x80001e22 (0x88e5) x9  0x00000000
core   0: 0x80001e24 (0x03d38033) mul     zero, t2, t4
core   0: 3 0x80001e24 (0x03d38033)
core   0: 0x80001e28 (0x0000422d) c.li    tp, 11
core   0: 3 0x80001e28 (0x422d) x4  0x0000000b
core   0: 0x80001e2a (0x01f2f7b3) and     a5, t0, t6
core   0: 3 0x80001e2a (0x01f2f7b3) x15 0x00000000
core   0: 0x80001e2e (0x76e52d13) slti    s10, a0, 1902
core   0: 3 0x80001e2e (0x76e52d13) x26 0x00000001
core   0: 0x80001e32 (0x01cd4b33) xor     s6, s10, t3
core   0: 3 0x80001e32 (0x01cd4b33) x22 0x00000010
core   0: 0x80001e36 (0x01745f93) srli    t6, s0, 23
core   0: 3 0x80001e36 (0x01745f93) x31 0x00000100
core   0: 0x80001e3a (0x03b64a33) div     s4, a2, s11
core   0: 3 0x80001e3a (0x03b64a33) x20 0xffffffff
core   0: 0x80001e3e (0x015a6c33) or      s8, s4, s5
core   0: 3 0x80001e3e (0x015a6c33) x24 0xffffffff
core   0: 0x80001e42 (0x00000311) c.addi  t1, 4
core   0: 3 0x80001e42 (0x0311) x6  0xfffffffa
core   0: 0x80001e44 (0x00000001) c.nop
core   0: 3 0x80001e44 (0x0001)
core   0: 0x80001e46 (0xbaf93113) sltiu   sp, s2, -1105
core   0: 3 0x80001e46 (0xbaf93113) x2  0x00000001
core   0: 0x80001e4a (0x00001b10) c.addi4spn a2, sp, 432
core   0: 3 0x80001e4a (0x1b10) x12 0x000001b1
core   0: 0x80001e4c (0x0000919e) c.add   gp, t2
core   0: 3 0x80001e4c (0x919e) x3  0x00000000
core   0: 0x80001e4e (0x00e61d93) slli    s11, a2, 14
core   0: 3 0x80001e4e (0x00e61d93) x27 0x006c4000
core   0: 0x80001e52 (0x00000001) c.nop
core   0: 3 0x80001e52 (0x0001)
core   0: 0x80001e54 (0x00000001) c.nop
core   0: 3 0x80001e54 (0x0001)
core   0: 0x80001e56 (0xfe4342e3) blt     t1, tp, pc - 28
core   0: 3 0x80001e56 (0xfe4342e3)
core   0: 0x80001e3a (0x03b64a33) div     s4, a2, s11
core   0: 3 0x80001e3a (0x03b64a33) x20 0x00000000
core   0: 0x80001e3e (0x015a6c33) or      s8, s4, s5
core   0: 3 0x80001e3e (0x015a6c33) x24 0x80025e64
core   0: 0x80001e42 (0x00000311) c.addi  t1, 4
core   0: 3 0x80001e42 (0x0311) x6  0xfffffffe
core   0: 0x80001e44 (0x00000001) c.nop
core   0: 3 0x80001e44 (0x0001)
core   0: 0x80001e46 (0xbaf93113) sltiu   sp, s2, -1105
core   0: 3 0x80001e46 (0xbaf93113) x2  0x00000001
core   0: 0x80001e4a (0x00001b10) c.addi4spn a2, sp, 432
core   0: 3 0x80001e4a (0x1b10) x12 0x000001b1
core   0: 0x80001e4c (0x0000919e) c.add   gp, t2
core   0: 3 0x80001e4c (0x919e) x3  0x00000000
core   0: 0x80001e4e (0x00e61d93) slli    s11, a2, 14
core   0: 3 0x80001e4e (0x00e61d93) x27 0x006c4000
core   0: 0x80001e52 (0x00000001) c.nop
core   0: 3 0x80001e52 (0x0001)
core   0: 0x80001e54 (0x00000001) c.nop
core   0: 3 0x80001e54 (0x0001)
core   0: 0x80001e56 (0xfe4342e3) blt     t1, tp, pc - 28
core   0: 3 0x80001e56 (0xfe4342e3)
core   0: 0x80001e3a (0x03b64a33) div     s4, a2, s11
core   0: 3 0x80001e3a (0x03b64a33) x20 0x00000000
core   0: 0x80001e3e (0x015a6c33) or      s8, s4, s5
core   0: 3 0x80001e3e (0x015a6c33) x24 0x80025e64
core   0: 0x80001e42 (0x00000311) c.addi  t1, 4
core   0: 3 0x80001e42 (0x0311) x6  0x00000002
core   0: 0x80001e44 (0x00000001) c.nop
core   0: 3 0x80001e44 (0x0001)
core   0: 0x80001e46 (0xbaf93113) sltiu   sp, s2, -1105
core   0: 3 0x80001e46 (0xbaf93113) x2  0x00000001
core   0: 0x80001e4a (0x00001b10) c.addi4spn a2, sp, 432
core   0: 3 0x80001e4a (0x1b10) x12 0x000001b1
core   0: 0x80001e4c (0x0000919e) c.add   gp, t2
core   0: 3 0x80001e4c (0x919e) x3  0x00000000
core   0: 0x80001e4e (0x00e61d93) slli    s11, a2, 14
core   0: 3 0x80001e4e (0x00e61d93) x27 0x006c4000
core   0: 0x80001e52 (0x00000001) c.nop
core   0: 3 0x80001e52 (0x0001)
core   0: 0x80001e54 (0x00000001) c.nop
core   0: 3 0x80001e54 (0x0001)
core   0: 0x80001e56 (0xfe4342e3) blt     t1, tp, pc - 28
core   0: 3 0x80001e56 (0xfe4342e3)
core   0: 0x80001e3a (0x03b64a33) div     s4, a2, s11
core   0: 3 0x80001e3a (0x03b64a33) x20 0x00000000
core   0: 0x80001e3e (0x015a6c33) or      s8, s4, s5
core   0: 3 0x80001e3e (0x015a6c33) x24 0x80025e64
core   0: 0x80001e42 (0x00000311) c.addi  t1, 4
core   0: 3 0x80001e42 (0x0311) x6  0x00000006
core   0: 0x80001e44 (0x00000001) c.nop
core   0: 3 0x80001e44 (0x0001)
core   0: 0x80001e46 (0xbaf93113) sltiu   sp, s2, -1105
core   0: 3 0x80001e46 (0xbaf93113) x2  0x00000001
core   0: 0x80001e4a (0x00001b10) c.addi4spn a2, sp, 432
core   0: 3 0x80001e4a (0x1b10) x12 0x000001b1
core   0: 0x80001e4c (0x0000919e) c.add   gp, t2
core   0: 3 0x80001e4c (0x919e) x3  0x00000000
core   0: 0x80001e4e (0x00e61d93) slli    s11, a2, 14
core   0: 3 0x80001e4e (0x00e61d93) x27 0x006c4000
core   0: 0x80001e52 (0x00000001) c.nop
core   0: 3 0x80001e52 (0x0001)
core   0: 0x80001e54 (0x00000001) c.nop
core   0: 3 0x80001e54 (0x0001)
core   0: 0x80001e56 (0xfe4342e3) blt     t1, tp, pc - 28
core   0: 3 0x80001e56 (0xfe4342e3)
core   0: 0x80001e3a (0x03b64a33) div     s4, a2, s11
core   0: 3 0x80001e3a (0x03b64a33) x20 0x00000000
core   0: 0x80001e3e (0x015a6c33) or      s8, s4, s5
core   0: 3 0x80001e3e (0x015a6c33) x24 0x80025e64
core   0: 0x80001e42 (0x00000311) c.addi  t1, 4
core   0: 3 0x80001e42 (0x0311) x6  0x0000000a
core   0: 0x80001e44 (0x00000001) c.nop
core   0: 3 0x80001e44 (0x0001)
core   0: 0x80001e46 (0xbaf93113) sltiu   sp, s2, -1105
core   0: 3 0x80001e46 (0xbaf93113) x2  0x00000001
core   0: 0x80001e4a (0x00001b10) c.addi4spn a2, sp, 432
core   0: 3 0x80001e4a (0x1b10) x12 0x000001b1
core   0: 0x80001e4c (0x0000919e) c.add   gp, t2
core   0: 3 0x80001e4c (0x919e) x3  0x00000000
core   0: 0x80001e4e (0x00e61d93) slli    s11, a2, 14
core   0: 3 0x80001e4e (0x00e61d93) x27 0x006c4000
core   0: 0x80001e52 (0x00000001) c.nop
core   0: 3 0x80001e52 (0x0001)
core   0: 0x80001e54 (0x00000001) c.nop
core   0: 3 0x80001e54 (0x0001)
core   0: 0x80001e56 (0xfe4342e3) blt     t1, tp, pc - 28
core   0: 3 0x80001e56 (0xfe4342e3)
core   0: 0x80001e3a (0x03b64a33) div     s4, a2, s11
core   0: 3 0x80001e3a (0x03b64a33) x20 0x00000000
core   0: 0x80001e3e (0x015a6c33) or      s8, s4, s5
core   0: 3 0x80001e3e (0x015a6c33) x24 0x80025e64
core   0: 0x80001e42 (0x00000311) c.addi  t1, 4
core   0: 3 0x80001e42 (0x0311) x6  0x0000000e
core   0: 0x80001e44 (0x00000001) c.nop
core   0: 3 0x80001e44 (0x0001)
core   0: 0x80001e46 (0xbaf93113) sltiu   sp, s2, -1105
core   0: 3 0x80001e46 (0xbaf93113) x2  0x00000001
core   0: 0x80001e4a (0x00001b10) c.addi4spn a2, sp, 432
core   0: 3 0x80001e4a (0x1b10) x12 0x000001b1
core   0: 0x80001e4c (0x0000919e) c.add   gp, t2
core   0: 3 0x80001e4c (0x919e) x3  0x00000000
core   0: 0x80001e4e (0x00e61d93) slli    s11, a2, 14
core   0: 3 0x80001e4e (0x00e61d93) x27 0x006c4000
core   0: 0x80001e52 (0x00000001) c.nop
core   0: 3 0x80001e52 (0x0001)
core   0: 0x80001e54 (0x00000001) c.nop
core   0: 3 0x80001e54 (0x0001)
core   0: 0x80001e56 (0xfe4342e3) blt     t1, tp, pc - 28
core   0: 3 0x80001e56 (0xfe4342e3)
core   0: 0x80001e5a (0x006758b3) srl     a7, a4, t1
core   0: 3 0x80001e5a (0x006758b3) x17 0x00000000
core   0: 0x80001e5e (0x000057ed) c.li    a5, -5
core   0: 3 0x80001e5e (0x57ed) x15 0xfffffffb
core   0: 0x80001e60 (0x00e18c33) add     s8, gp, a4
core   0: 3 0x80001e60 (0x00e18c33) x24 0x00000016
core   0: 0x80001e64 (0x00008cb5) c.xor   s1, a3
core   0: 3 0x80001e64 (0x8cb5) x9  0x00000013
core   0: 0x80001e66 (0x01625e33) srl     t3, tp, s6
core   0: 3 0x80001e66 (0x01625e33) x28 0x00000000
core   0: 0x80001e6a (0x00859a33) sll     s4, a1, s0
core   0: 3 0x80001e6a (0x00859a33) x20 0x00000130
core   0: 0x80001e6e (0x093a0bb7) lui     s7, 0x93a0
core   0: 3 0x80001e6e (0x093a0bb7) x23 0x093a0000
core   0: 0x80001e72 (0x00000001) c.nop
core   0: 3 0x80001e72 (0x0001)
core   0: 0x80001e74 (0x1fac9c97) auipc   s9, 0x1fac9
core   0: 3 0x80001e74 (0x1fac9c97) x25 0x9facae74
core   0: 0x80001e78 (0x020629b3) mulhsu  s3, a2, zero
core   0: 3 0x80001e78 (0x020629b3) x19 0x00000000
core   0: 0x80001e7c (0x00008d31) c.xor   a0, a2
core   0: 3 0x80001e7c (0x8d31) x10 0x000001b1
core   0: 0x80001e7e (0x00611213) slli    tp, sp, 6
core   0: 3 0x80001e7e (0x00611213) x4  0x00000040
core   0: 0x80001e82 (0x404d5393) srai    t2, s10, 4
core   0: 3 0x80001e82 (0x404d5393) x7  0x00000000
core   0: 0x80001e86 (0x4194de33) sra     t3, s1, s9
core   0: 3 0x80001e86 (0x4194de33) x28 0x00000000
core   0: 0x80001e8a (0x95aa0697) auipc   a3, 0x95aa0
core   0: 3 0x80001e8a (0x95aa0697) x13 0x15aa1e8a
core   0: 0x80001e8e (0x00000785) c.addi  a5, 1
core   0: 3 0x80001e8e (0x0785) x15 0xfffffffc
core   0: 0x80001e90 (0x000048a9) c.li    a7, 10
core   0: 3 0x80001e90 (0x48a9) x17 0x0000000a
core   0: 0x80001e92 (0x02136cb3) rem     s9, t1, ra
core   0: 3 0x80001e92 (0x02136cb3) x25 0x0000000e
core   0: 0x80001e96 (0x030e4933) div     s2, t3, a6
core   0: 3 0x80001e96 (0x030e4933) x18 0x00000000
core   0: 0x80001e9a (0x00004fa9) c.li    t6, 10
core   0: 3 0x80001e9a (0x4fa9) x31 0x0000000a
core   0: 0x80001e9c (0x000081f5) c.srli  a1, 29
core   0: 3 0x80001e9c (0x81f5) x11 0x00000000
core   0: 0x80001e9e (0x00006f51) c.lui   t5, 0x14
core   0: 3 0x80001e9e (0x6f51) x30 0x00014000
core   0: 0x80001ea0 (0x03767133) remu    sp, a2, s7
core   0: 3 0x80001ea0 (0x03767133) x2  0x000001b1
core   0: 0x80001ea4 (0x000018dd) c.addi  a7, -9
core   0: 3 0x80001ea4 (0x18dd) x17 0x00000001
core   0: 0x80001ea6 (0x00008f11) c.sub   a4, a2
core   0: 3 0x80001ea6 (0x8f11) x14 0xfffffe65
core   0: 0x80001ea8 (0xfff8fbe3) bgeu    a7, t6, pc - 10
core   0: 3 0x80001ea8 (0xfff8fbe3)
core   0: 0x80001eac (0x00008c81) c.sub   s1, s0
core   0: 3 0x80001eac (0x8c81) x9  0x7ffd632f
core   0: 0x80001eae (0x00000001) c.nop
core   0: 3 0x80001eae (0x0001)
core   0: 0x80001eb0 (0x00000001) c.nop
core   0: 3 0x80001eb0 (0x0001)
core   0: 0x80001eb2 (0xf7ddb613) sltiu   a2, s11, -131
core   0: 3 0x80001eb2 (0xf7ddb613) x12 0x00000001
core   0: 0x80001eb6 (0x02f969b3) rem     s3, s2, a5
core   0: 3 0x80001eb6 (0x02f969b3) x19 0x00000000
core   0: 0x80001eba (0x0000fbe1) c.bnez  a5, pc - 48
core   0: 3 0x80001eba (0xfbe1)
core   0: 0x80001e8a (0x95aa0697) auipc   a3, 0x95aa0
core   0: 3 0x80001e8a (0x95aa0697) x13 0x15aa1e8a
core   0: 0x80001e8e (0x00000785) c.addi  a5, 1
core   0: 3 0x80001e8e (0x0785) x15 0xfffffffd
core   0: 0x80001e90 (0x000048a9) c.li    a7, 10
core   0: 3 0x80001e90 (0x48a9) x17 0x0000000a
core   0: 0x80001e92 (0x02136cb3) rem     s9, t1, ra
core   0: 3 0x80001e92 (0x02136cb3) x25 0x0000000e
core   0: 0x80001e96 (0x030e4933) div     s2, t3, a6
core   0: 3 0x80001e96 (0x030e4933) x18 0x00000000
core   0: 0x80001e9a (0x00004fa9) c.li    t6, 10
core   0: 3 0x80001e9a (0x4fa9) x31 0x0000000a
core   0: 0x80001e9c (0x000081f5) c.srli  a1, 29
core   0: 3 0x80001e9c (0x81f5) x11 0x00000000
core   0: 0x80001e9e (0x00006f51) c.lui   t5, 0x14
core   0: 3 0x80001e9e (0x6f51) x30 0x00014000
core   0: 0x80001ea0 (0x03767133) remu    sp, a2, s7
core   0: 3 0x80001ea0 (0x03767133) x2  0x00000001
core   0: 0x80001ea4 (0x000018dd) c.addi  a7, -9
core   0: 3 0x80001ea4 (0x18dd) x17 0x00000001
core   0: 0x80001ea6 (0x00008f11) c.sub   a4, a2
core   0: 3 0x80001ea6 (0x8f11) x14 0xfffffe64
core   0: 0x80001ea8 (0xfff8fbe3) bgeu    a7, t6, pc - 10
core   0: 3 0x80001ea8 (0xfff8fbe3)
core   0: 0x80001eac (0x00008c81) c.sub   s1, s0
core   0: 3 0x80001eac (0x8c81) x9  0xfffac64b
core   0: 0x80001eae (0x00000001) c.nop
core   0: 3 0x80001eae (0x0001)
core   0: 0x80001eb0 (0x00000001) c.nop
core   0: 3 0x80001eb0 (0x0001)
core   0: 0x80001eb2 (0xf7ddb613) sltiu   a2, s11, -131
core   0: 3 0x80001eb2 (0xf7ddb613) x12 0x00000001
core   0: 0x80001eb6 (0x02f969b3) rem     s3, s2, a5
core   0: 3 0x80001eb6 (0x02f969b3) x19 0x00000000
core   0: 0x80001eba (0x0000fbe1) c.bnez  a5, pc - 48
core   0: 3 0x80001eba (0xfbe1)
core   0: 0x80001e8a (0x95aa0697) auipc   a3, 0x95aa0
core   0: 3 0x80001e8a (0x95aa0697) x13 0x15aa1e8a
core   0: 0x80001e8e (0x00000785) c.addi  a5, 1
core   0: 3 0x80001e8e (0x0785) x15 0xfffffffe
core   0: 0x80001e90 (0x000048a9) c.li    a7, 10
core   0: 3 0x80001e90 (0x48a9) x17 0x0000000a
core   0: 0x80001e92 (0x02136cb3) rem     s9, t1, ra
core   0: 3 0x80001e92 (0x02136cb3) x25 0x0000000e
core   0: 0x80001e96 (0x030e4933) div     s2, t3, a6
core   0: 3 0x80001e96 (0x030e4933) x18 0x00000000
core   0: 0x80001e9a (0x00004fa9) c.li    t6, 10
core   0: 3 0x80001e9a (0x4fa9) x31 0x0000000a
core   0: 0x80001e9c (0x000081f5) c.srli  a1, 29
core   0: 3 0x80001e9c (0x81f5) x11 0x00000000
core   0: 0x80001e9e (0x00006f51) c.lui   t5, 0x14
core   0: 3 0x80001e9e (0x6f51) x30 0x00014000
core   0: 0x80001ea0 (0x03767133) remu    sp, a2, s7
core   0: 3 0x80001ea0 (0x03767133) x2  0x00000001
core   0: 0x80001ea4 (0x000018dd) c.addi  a7, -9
core   0: 3 0x80001ea4 (0x18dd) x17 0x00000001
core   0: 0x80001ea6 (0x00008f11) c.sub   a4, a2
core   0: 3 0x80001ea6 (0x8f11) x14 0xfffffe63
core   0: 0x80001ea8 (0xfff8fbe3) bgeu    a7, t6, pc - 10
core   0: 3 0x80001ea8 (0xfff8fbe3)
core   0: 0x80001eac (0x00008c81) c.sub   s1, s0
core   0: 3 0x80001eac (0x8c81) x9  0x7ff82967
core   0: 0x80001eae (0x00000001) c.nop
core   0: 3 0x80001eae (0x0001)
core   0: 0x80001eb0 (0x00000001) c.nop
core   0: 3 0x80001eb0 (0x0001)
core   0: 0x80001eb2 (0xf7ddb613) sltiu   a2, s11, -131
core   0: 3 0x80001eb2 (0xf7ddb613) x12 0x00000001
core   0: 0x80001eb6 (0x02f969b3) rem     s3, s2, a5
core   0: 3 0x80001eb6 (0x02f969b3) x19 0x00000000
core   0: 0x80001eba (0x0000fbe1) c.bnez  a5, pc - 48
core   0: 3 0x80001eba (0xfbe1)
core   0: 0x80001e8a (0x95aa0697) auipc   a3, 0x95aa0
core   0: 3 0x80001e8a (0x95aa0697) x13 0x15aa1e8a
core   0: 0x80001e8e (0x00000785) c.addi  a5, 1
core   0: 3 0x80001e8e (0x0785) x15 0xffffffff
core   0: 0x80001e90 (0x000048a9) c.li    a7, 10
core   0: 3 0x80001e90 (0x48a9) x17 0x0000000a
core   0: 0x80001e92 (0x02136cb3) rem     s9, t1, ra
core   0: 3 0x80001e92 (0x02136cb3) x25 0x0000000e
core   0: 0x80001e96 (0x030e4933) div     s2, t3, a6
core   0: 3 0x80001e96 (0x030e4933) x18 0x00000000
core   0: 0x80001e9a (0x00004fa9) c.li    t6, 10
core   0: 3 0x80001e9a (0x4fa9) x31 0x0000000a
core   0: 0x80001e9c (0x000081f5) c.srli  a1, 29
core   0: 3 0x80001e9c (0x81f5) x11 0x00000000
core   0: 0x80001e9e (0x00006f51) c.lui   t5, 0x14
core   0: 3 0x80001e9e (0x6f51) x30 0x00014000
core   0: 0x80001ea0 (0x03767133) remu    sp, a2, s7
core   0: 3 0x80001ea0 (0x03767133) x2  0x00000001
core   0: 0x80001ea4 (0x000018dd) c.addi  a7, -9
core   0: 3 0x80001ea4 (0x18dd) x17 0x00000001
core   0: 0x80001ea6 (0x00008f11) c.sub   a4, a2
core   0: 3 0x80001ea6 (0x8f11) x14 0xfffffe62
core   0: 0x80001ea8 (0xfff8fbe3) bgeu    a7, t6, pc - 10
core   0: 3 0x80001ea8 (0xfff8fbe3)
core   0: 0x80001eac (0x00008c81) c.sub   s1, s0
core   0: 3 0x80001eac (0x8c81) x9  0xfff58c83
core   0: 0x80001eae (0x00000001) c.nop
core   0: 3 0x80001eae (0x0001)
core   0: 0x80001eb0 (0x00000001) c.nop
core   0: 3 0x80001eb0 (0x0001)
core   0: 0x80001eb2 (0xf7ddb613) sltiu   a2, s11, -131
core   0: 3 0x80001eb2 (0xf7ddb613) x12 0x00000001
core   0: 0x80001eb6 (0x02f969b3) rem     s3, s2, a5
core   0: 3 0x80001eb6 (0x02f969b3) x19 0x00000000
core   0: 0x80001eba (0x0000fbe1) c.bnez  a5, pc - 48
core   0: 3 0x80001eba (0xfbe1)
core   0: 0x80001e8a (0x95aa0697) auipc   a3, 0x95aa0
core   0: 3 0x80001e8a (0x95aa0697) x13 0x15aa1e8a
core   0: 0x80001e8e (0x00000785) c.addi  a5, 1
core   0: 3 0x80001e8e (0x0785) x15 0x00000000
core   0: 0x80001e90 (0x000048a9) c.li    a7, 10
core   0: 3 0x80001e90 (0x48a9) x17 0x0000000a
core   0: 0x80001e92 (0x02136cb3) rem     s9, t1, ra
core   0: 3 0x80001e92 (0x02136cb3) x25 0x0000000e
core   0: 0x80001e96 (0x030e4933) div     s2, t3, a6
core   0: 3 0x80001e96 (0x030e4933) x18 0x00000000
core   0: 0x80001e9a (0x00004fa9) c.li    t6, 10
core   0: 3 0x80001e9a (0x4fa9) x31 0x0000000a
core   0: 0x80001e9c (0x000081f5) c.srli  a1, 29
core   0: 3 0x80001e9c (0x81f5) x11 0x00000000
core   0: 0x80001e9e (0x00006f51) c.lui   t5, 0x14
core   0: 3 0x80001e9e (0x6f51) x30 0x00014000
core   0: 0x80001ea0 (0x03767133) remu    sp, a2, s7
core   0: 3 0x80001ea0 (0x03767133) x2  0x00000001
core   0: 0x80001ea4 (0x000018dd) c.addi  a7, -9
core   0: 3 0x80001ea4 (0x18dd) x17 0x00000001
core   0: 0x80001ea6 (0x00008f11) c.sub   a4, a2
core   0: 3 0x80001ea6 (0x8f11) x14 0xfffffe61
core   0: 0x80001ea8 (0xfff8fbe3) bgeu    a7, t6, pc - 10
core   0: 3 0x80001ea8 (0xfff8fbe3)
core   0: 0x80001eac (0x00008c81) c.sub   s1, s0
core   0: 3 0x80001eac (0x8c81) x9  0x7ff2ef9f
core   0: 0x80001eae (0x00000001) c.nop
core   0: 3 0x80001eae (0x0001)
core   0: 0x80001eb0 (0x00000001) c.nop
core   0: 3 0x80001eb0 (0x0001)
core   0: 0x80001eb2 (0xf7ddb613) sltiu   a2, s11, -131
core   0: 3 0x80001eb2 (0xf7ddb613) x12 0x00000001
core   0: 0x80001eb6 (0x02f969b3) rem     s3, s2, a5
core   0: 3 0x80001eb6 (0x02f969b3) x19 0x00000000
core   0: 0x80001eba (0x0000fbe1) c.bnez  a5, pc - 48
core   0: 3 0x80001eba (0xfbe1)
core   0: 0x80001ebc (0x01ee9113) slli    sp, t4, 30
core   0: 3 0x80001ebc (0x01ee9113) x2  0x00000000
core   0: 0x80001ec0 (0x000054d9) c.li    s1, -10
core   0: 3 0x80001ec0 (0x54d9) x9  0xfffffff6
core   0: 0x80001ec2 (0x00000001) c.nop
core   0: 3 0x80001ec2 (0x0001)
core   0: 0x80001ec4 (0x01258c33) add     s8, a1, s2
core   0: 3 0x80001ec4 (0x01258c33) x24 0x00000000
core   0: 0x80001ec8 (0x011268b3) or      a7, tp, a7
core   0: 3 0x80001ec8 (0x011268b3) x17 0x00000041
core   0: 0x80001ecc (0x03ffd2b3) divu    t0, t6, t6
core   0: 3 0x80001ecc (0x03ffd2b3) x5  0x00000001
core   0: 0x80001ed0 (0x00919a33) sll     s4, gp, s1
core   0: 3 0x80001ed0 (0x00919a33) x20 0x00000000
core   0: 0x80001ed4 (0xbff47113) andi    sp, s0, -1025
core   0: 3 0x80001ed4 (0xbff47113) x2  0x800298e4
core   0: 0x80001ed8 (0x00000485) c.addi  s1, 1
core   0: 3 0x80001ed8 (0x0485) x9  0xfffffff7
core   0: 0x80001eda (0x01411a33) sll     s4, sp, s4
core   0: 3 0x80001eda (0x01411a33) x20 0x800298e4
core   0: 0x80001ede (0x00005d7d) c.li    s10, -1
core   0: 3 0x80001ede (0x5d7d) x26 0xffffffff
core   0: 0x80001ee0 (0x03814db3) div     s11, sp, s8
core   0: 3 0x80001ee0 (0x03814db3) x27 0xffffffff
core   0: 0x80001ee4 (0x01bb13b3) sll     t2, s6, s11
core   0: 3 0x80001ee4 (0x01bb13b3) x7  0x00000000
core   0: 0x80001ee8 (0x0000d0e5) c.beqz  s1, pc - 32
core   0: 3 0x80001ee8 (0xd0e5)
core   0: 0x80001eea (0x000097fe) c.add   a5, t6
core   0: 3 0x80001eea (0x97fe) x15 0x0000000a
core   0: 0x80001eec (0x000049a9) c.li    s3, 10
core   0: 3 0x80001eec (0x49a9) x19 0x0000000a
core   0: 0x80001eee (0x414c5893) srai    a7, s8, 20
core   0: 3 0x80001eee (0x414c5893) x17 0x00000000
core   0: 0x80001ef2 (0x011a58b3) srl     a7, s4, a7
core   0: 3 0x80001ef2 (0x011a58b3) x17 0x800298e4
core   0: 0x80001ef6 (0x00039c13) slli    s8, t2, 0
core   0: 3 0x80001ef6 (0x00039c13) x24 0x00000000
core   0: 0x80001efa (0x023d53b3) divu    t2, s10, gp
core   0: 3 0x80001efa (0x023d53b3) x7  0xffffffff
core   0: 0x80001efe (0x00004625) c.li    a2, 9
core   0: 3 0x80001efe (0x4625) x12 0x00000009
core   0: 0x80001f00 (0x028578b3) remu    a7, a0, s0
core   0: 3 0x80001f00 (0x028578b3) x17 0x000001b1
core   0: 0x80001f04 (0x01297d33) and     s10, s2, s2
core   0: 3 0x80001f04 (0x01297d33) x26 0x00000000
core   0: 0x80001f08 (0x5ccf3013) sltiu   zero, t5, 1484
core   0: 3 0x80001f08 (0x5ccf3013)
core   0: 0x80001f0c (0x017cc5b3) xor     a1, s9, s7
core   0: 3 0x80001f0c (0x017cc5b3) x11 0x093a000e
core   0: 0x80001f10 (0x1237e893) ori     a7, a5, 291
core   0: 3 0x80001f10 (0x1237e893) x17 0x0000012b
core   0: 0x80001f14 (0x00009b7d) c.andi  a4, -1
core   0: 3 0x80001f14 (0x9b7d) x14 0xfffffe61
core   0: 0x80001f16 (0x000019e1) c.addi  s3, -8
core   0: 3 0x80001f16 (0x19e1) x19 0x00000002
core   0: 0x80001f18 (0x02e733b3) mulhu   t2, a4, a4
core   0: 3 0x80001f18 (0x02e733b3) x7  0xfffffcc2
core   0: 0x80001f1c (0xa8ba7697) auipc   a3, 0xa8ba7
core   0: 3 0x80001f1c (0xa8ba7697) x13 0x28ba8f1c
core   0: 0x80001f20 (0xfec9f2e3) bgeu    s3, a2, pc - 28
core   0: 3 0x80001f20 (0xfec9f2e3)
core   0: 0x80001f24 (0x032b28b3) mulhsu  a7, s6, s2
core   0: 3 0x80001f24 (0x032b28b3) x17 0x00000000
core   0: 0x80001f28 (0x00004611) c.li    a2, 4
core   0: 3 0x80001f28 (0x4611) x12 0x00000004
core   0: 0x80001f2a (0xcbe03293) sltiu   t0, zero, -834
core   0: 3 0x80001f2a (0xcbe03293) x5  0x00000001
core   0: 0x80001f2e (0x0acdab13) slti    s6, s11, 172
core   0: 3 0x80001f2e (0x0acdab13) x22 0x00000001
core   0: 0x80001f32 (0x00005e49) c.li    t3, -14
core   0: 3 0x80001f32 (0x5e49) x28 0xfffffff2
core   0: 0x80001f34 (0x00008ee9) c.and   a3, a0
core   0: 3 0x80001f34 (0x8ee9) x13 0x00000110
core   0: 0x80001f36 (0x0000688d) c.lui   a7, 0x3
core   0: 3 0x80001f36 (0x688d) x17 0x00003000
core   0: 0x80001f38 (0x019040b3) xor     ra, zero, s9
core   0: 3 0x80001f38 (0x019040b3) x1  0x0000000e
core   0: 0x80001f3c (0x037ed8b3) divu    a7, t4, s7
core   0: 3 0x80001f3c (0x037ed8b3) x17 0x00000000
core   0: 0x80001f40 (0x035643b3) div     t2, a2, s5
core   0: 3 0x80001f40 (0x035643b3) x7  0x00000000
core   0: 0x80001f44 (0x54346393) ori     t2, s0, 1347
core   0: 3 0x80001f44 (0x54346393) x7  0x80029de7
core   0: 0x80001f48 (0xebede313) ori     t1, s11, -322
core   0: 3 0x80001f48 (0xebede313) x6  0xffffffff
core   0: 0x80001f4c (0x00001679) c.addi  a2, -2
core   0: 3 0x80001f4c (0x1679) x12 0x00000002
core   0: 0x80001f4e (0x68ba7e93) andi    t4, s4, 1675
core   0: 3 0x80001f4e (0x68ba7e93) x29 0x00000080
core   0: 0x80001f52 (0x00005f59) c.li    t5, -10
core   0: 3 0x80001f52 (0x5f59) x30 0xfffffff6
core   0: 0x80001f54 (0xd00e22b7) lui     t0, 0xd00e2
core   0: 3 0x80001f54 (0xd00e22b7) x5  0xd00e2000
core   0: 0x80001f58 (0x00001714) c.addi4spn a3, sp, 928
core   0: 3 0x80001f58 (0x1714) x13 0x80029c84
core   0: 0x80001f5a (0x00004a51) c.li    s4, 20
core   0: 3 0x80001f5a (0x4a51) x20 0x00000014
core   0: 0x80001f5c (0x0026d093) srli    ra, a3, 2
core   0: 3 0x80001f5c (0x0026d093) x1  0x2000a721
core   0: 0x80001f60 (0x0172ceb3) xor     t4, t0, s7
core   0: 3 0x80001f60 (0x0172ceb3) x29 0xd9342000
core   0: 0x80001f64 (0x022b9bb3) mulh    s7, s7, sp
core   0: 3 0x80001f64 (0x022b9bb3) x23 0xfb6317f6
core   0: 0x80001f68 (0x01415eb3) srl     t4, sp, s4
core   0: 3 0x80001f68 (0x01415eb3) x29 0x00000800
core   0: 0x80001f6c (0x00008b29) c.andi  a4, 10
core   0: 3 0x80001f6c (0x8b29) x14 0x00000000
core   0: 0x80001f6e (0x00000f09) c.addi  t5, 2
core   0: 3 0x80001f6e (0x0f09) x30 0xfffffff8
core   0: 0x80001f70 (0xff4f6ae3) bltu    t5, s4, pc - 12
core   0: 3 0x80001f70 (0xff4f6ae3)
core   0: 0x80001f74 (0x00006135) c.addi16sp sp, 352
core   0: 3 0x80001f74 (0x6135) x2  0x80029a44
core   0: 0x80001f76 (0x02fbd233) divu    tp, s7, a5
core   0: 3 0x80001f76 (0x02fbd233) x4  0x19238265
core   0: 0x80001f7a (0xfdc607e3) beq     a2, t3, pc - 50
core   0: 3 0x80001f7a (0xfdc607e3)
core   0: 0x80001f7e (0x5bd9e493) ori     s1, s3, 1469
core   0: 3 0x80001f7e (0x5bd9e493) x9  0x000005bf
core   0: 0x80001f82 (0x0198f733) and     a4, a7, s9
core   0: 3 0x80001f82 (0x0198f733) x14 0x00000000
core   0: 0x80001f86 (0x03766463) bltu    a2, s7, pc + 40
core   0: 3 0x80001f86 (0x03766463)
core   0: 0x80001fae (0x40a6d4b3) sra     s1, a3, a0
core   0: 3 0x80001fae (0x40a6d4b3) x9  0xffffc001
core   0: 0x80001fb2 (0x00e5a633) slt     a2, a1, a4
core   0: 3 0x80001fb2 (0x00e5a633) x12 0x00000000
core   0: 0x80001fb6 (0xde6ff613) andi    a2, t6, -538
core   0: 3 0x80001fb6 (0xde6ff613) x12 0x00000002
core   0: 0x80001fba (0x01ca3133) sltu    sp, s4, t3
core   0: 3 0x80001fba (0x01ca3133) x2  0x00000001
core   0: 0x80001fbe (0x00008551) c.srai  a0, 20
core   0: 3 0x80001fbe (0x8551) x10 0x00000000
core   0: 0x80001fc0 (0x0360deb3) divu    t4, ra, s6
core   0: 3 0x80001fc0 (0x0360deb3) x29 0x2000a721
core   0: 0x80001fc4 (0x02866463) bltu    a2, s0, pc + 40
core   0: 3 0x80001fc4 (0x02866463)
core   0: 0x80001fec (0x00009afd) c.andi  a3, -1
core   0: 3 0x80001fec (0x9afd) x13 0x80029c84
core   0: 0x80001fee (0x00d1de33) srl     t3, gp, a3
core   0: 3 0x80001fee (0x00d1de33) x28 0x00000000
core   0: 0x80001ff2 (0x01876c33) or      s8, a4, s8
core   0: 3 0x80001ff2 (0x01876c33) x24 0x00000000
core   0: 0x80001ff6 (0x001b9513) slli    a0, s7, 1
core   0: 3 0x80001ff6 (0x001b9513) x10 0xf6c62fec
core   0: 0x80001ffa (0x00a362b3) or      t0, t1, a0
core   0: 3 0x80001ffa (0x00a362b3) x5  0xffffffff
core   0: 0x80001ffe (0x98ae2e93) slti    t4, t3, -1654
core   0: 3 0x80001ffe (0x98ae2e93) x29 0x00000000
core   0: 0x80002002 (0x00006771) c.lui   a4, 0x1c
core   0: 3 0x80002002 (0x6771) x14 0x0001c000
core   0: 0x80002004 (0x01fedc33) srl     s8, t4, t6
core   0: 3 0x80002004 (0x01fedc33) x24 0x00000000
core   0: 0x80002008 (0x03cf91b3) mulh    gp, t6, t3
core   0: 3 0x80002008 (0x03cf91b3) x3  0x00000000
core   0: 0x8000200c (0x4151d733) sra     a4, gp, s5
core   0: 3 0x8000200c (0x4151d733) x14 0x00000000
core   0: 0x80002010 (0x018e8a33) add     s4, t4, s8
core   0: 3 0x80002010 (0x018e8a33) x20 0x00000000
core   0: 0x80002014 (0x00000276) c.slli  tp, 29
core   0: 3 0x80002014 (0x0276) x4  0xa0000000
core   0: 0x80002016 (0x037c82b3) mul     t0, s9, s7
core   0: 3 0x80002016 (0x037c82b3) x5  0xbf6b4f74
core   0: 0x8000201a (0x03680e33) mul     t3, a6, s6
core   0: 3 0x8000201a (0x03680e33) x28 0x80000000
core   0: 0x8000201e (0x002c9963) bne     s9, sp, pc + 18
core   0: 3 0x8000201e (0x002c9963)
core   0: 0x80002030 (0x00008aa9) c.andi  a3, 10
core   0: 3 0x80002030 (0x8aa9) x13 0x00000000
core   0: 0x80002032 (0x0000c50d) c.beqz  a0, pc + 42
core   0: 3 0x80002032 (0xc50d)
core   0: 0x80002034 (0x40c08d33) sub     s10, ra, a2
core   0: 3 0x80002034 (0x40c08d33) x26 0x2000a71f
core   0: 0x80002038 (0x01a3d463) bge     t2, s10, pc + 8
core   0: 3 0x80002038 (0x01a3d463)
core   0: 0x8000203c (0x899ac497) auipc   s1, 0x899ac
core   0: 3 0x8000203c (0x899ac497) x9  0x099ae03c
core   0: 0x80002040 (0x00008df1) c.and   a1, a2
core   0: 3 0x80002040 (0x8df1) x11 0x00000002
core   0: 0x80002042 (0x03551163) bne     a0, s5, pc + 34
core   0: 3 0x80002042 (0x03551163)
core   0: 0x80002064 (0x01f39a33) sll     s4, t2, t6
core   0: 3 0x80002064 (0x01f39a33) x20 0x0a779c00
core   0: 0x80002068 (0x006c8e63) beq     s9, t1, pc + 28
core   0: 3 0x80002068 (0x006c8e63)
core   0: 0x8000206c (0xd29a3c93) sltiu   s9, s4, -727
core   0: 3 0x8000206c (0xd29a3c93) x25 0x00000001
core   0: 0x80002070 (0x00008e99) c.sub   a3, a4
core   0: 3 0x80002070 (0x8e99) x13 0x00000000
core   0: 0x80002072 (0x9e74fb97) auipc   s7, 0x9e74f
core   0: 3 0x80002072 (0x9e74fb97) x23 0x1e751072
core   0: 0x80002076 (0x0000c705) c.beqz  a4, pc + 40
core   0: 3 0x80002076 (0xc705)
core   0: 0x8000209e (0x02c34d33) div     s10, t1, a2
core   0: 3 0x8000209e (0x02c34d33) x26 0x00000000
core   0: 0x800020a2 (0x00000001) c.nop
core   0: 3 0x800020a2 (0x0001)
core   0: 0x800020a4 (0x00000388) c.addi4spn a0, sp, 448
core   0: 3 0x800020a4 (0x0388) x10 0x000001c1
core   0: 0x800020a6 (0x0253ef63) bltu    t2, t0, pc + 62
core   0: 3 0x800020a6 (0x0253ef63)
core   0: 0x800020e4 (0x00000001) c.nop
core   0: 3 0x800020e4 (0x0001)
core   0: 0x800020e6 (0x40928133) sub     sp, t0, s1
core   0: 3 0x800020e6 (0x40928133) x2  0xb5d06f38
core   0: 0x800020ea (0x001c2733) slt     a4, s8, ra
core   0: 3 0x800020ea (0x001c2733) x14 0x00000001
core   0: 0x800020ee (0x03c9d633) divu    a2, s3, t3
core   0: 3 0x800020ee (0x03c9d633) x12 0x00000000
core   0: 0x800020f2 (0x08e0e063) bltu    ra, a4, pc + 128
core   0: 3 0x800020f2 (0x08e0e063)
core   0: 0x800020f6 (0x1bd80693) addi    a3, a6, 445
core   0: 3 0x800020f6 (0x1bd80693) x13 0x800001bd
core   0: 0x800020fa (0x000056f9) c.li    a3, -2
core   0: 3 0x800020fa (0x56f9) x13 0xfffffffe
core   0: 0x800020fc (0x00d764b3) or      s1, a4, a3
core   0: 3 0x800020fc (0x00d764b3) x9  0xffffffff
core   0: 0x80002100 (0xe730cf17) auipc   t5, 0xe730c
core   0: 3 0x80002100 (0xe730cf17) x30 0x6730e100
core   0: 0x80002104 (0x4177d993) srai    s3, a5, 23
core   0: 3 0x80002104 (0x4177d993) x19 0x00000000
core   0: 0x80002108 (0x03604fb3) div     t6, zero, s6
core   0: 3 0x80002108 (0x03604fb3) x31 0x00000000
core   0: 0x8000210c (0x00000f65) c.addi  t5, 25
core   0: 3 0x8000210c (0x0f65) x30 0x6730e119
core   0: 0x8000210e (0x001b6b33) or      s6, s6, ra
core   0: 3 0x8000210e (0x001b6b33) x22 0x2000a721
core   0: 0x80002112 (0x00004619) c.li    a2, 6
core   0: 3 0x80002112 (0x4619) x12 0x00000006
core   0: 0x80002114 (0x40b50fb3) sub     t6, a0, a1
core   0: 3 0x80002114 (0x40b50fb3) x31 0x000001bf
core   0: 0x80002118 (0x00009bfd) c.andi  a5, -1
core   0: 3 0x80002118 (0x9bfd) x15 0x0000000a
core   0: 0x8000211a (0x03b58a33) mul     s4, a1, s11
core   0: 3 0x8000211a (0x03b58a33) x20 0xfffffffe
core   0: 0x8000211e (0x000089c5) c.andi  a1, 17
core   0: 3 0x8000211e (0x89c5) x11 0x00000000
core   0: 0x80002120 (0x014f0cb3) add     s9, t5, s4
core   0: 3 0x80002120 (0x014f0cb3) x25 0x6730e117
core   0: 0x80002124 (0x13c3acb7) lui     s9, 0x13c3a
core   0: 3 0x80002124 (0x13c3acb7) x25 0x13c3a000
core   0: 0x80002128 (0x00004ed5) c.li    t4, 21
core   0: 3 0x80002128 (0x4ed5) x29 0x00000015
core   0: 0x8000212a (0x0000717d) c.addi16sp sp, -16
core   0: 3 0x8000212a (0x717d) x2  0xb5d06f28
core   0: 0x8000212c (0x000eebb3) or      s7, t4, zero
core   0: 3 0x8000212c (0x000eebb3) x23 0x00000015
core   0: 0x80002130 (0x00000695) c.addi  a3, 5
core   0: 3 0x80002130 (0x0695) x13 0x00000003
core   0: 0x80002132 (0x01524933) xor     s2, tp, s5
core   0: 3 0x80002132 (0x01524933) x18 0x20025e64
core   0: 0x80002136 (0xe970b793) sltiu   a5, ra, -361
core   0: 3 0x80002136 (0xe970b793) x15 0x00000001
core   0: 0x8000213a (0x01639293) slli    t0, t2, 22
core   0: 3 0x8000213a (0x01639293) x5  0x79c00000
core   0: 0x8000213e (0x032e7333) remu    t1, t3, s2
core   0: 3 0x8000213e (0x032e7333) x6  0x1ff8e4d4
core   0: 0x80002142 (0x00008f01) c.sub   a4, s0
core   0: 3 0x80002142 (0x8f01) x14 0x7ffd631d
core   0: 0x80002144 (0x00005d7d) c.li    s10, -1
core   0: 3 0x80002144 (0x5d7d) x26 0xffffffff
core   0: 0x80002146 (0xfec6c1e3) blt     a3, a2, pc - 30
core   0: 3 0x80002146 (0xfec6c1e3)
core   0: 0x80002128 (0x00004ed5) c.li    t4, 21
core   0: 3 0x80002128 (0x4ed5) x29 0x00000015
core   0: 0x8000212a (0x0000717d) c.addi16sp sp, -16
core   0: 3 0x8000212a (0x717d) x2  0xb5d06f18
core   0: 0x8000212c (0x000eebb3) or      s7, t4, zero
core   0: 3 0x8000212c (0x000eebb3) x23 0x00000015
core   0: 0x80002130 (0x00000695) c.addi  a3, 5
core   0: 3 0x80002130 (0x0695) x13 0x00000008
core   0: 0x80002132 (0x01524933) xor     s2, tp, s5
core   0: 3 0x80002132 (0x01524933) x18 0x20025e64
core   0: 0x80002136 (0xe970b793) sltiu   a5, ra, -361
core   0: 3 0x80002136 (0xe970b793) x15 0x00000001
core   0: 0x8000213a (0x01639293) slli    t0, t2, 22
core   0: 3 0x8000213a (0x01639293) x5  0x79c00000
core   0: 0x8000213e (0x032e7333) remu    t1, t3, s2
core   0: 3 0x8000213e (0x032e7333) x6  0x1ff8e4d4
core   0: 0x80002142 (0x00008f01) c.sub   a4, s0
core   0: 3 0x80002142 (0x8f01) x14 0xfffac639
core   0: 0x80002144 (0x00005d7d) c.li    s10, -1
core   0: 3 0x80002144 (0x5d7d) x26 0xffffffff
core   0: 0x80002146 (0xfec6c1e3) blt     a3, a2, pc - 30
core   0: 3 0x80002146 (0xfec6c1e3)
core   0: 0x8000214a (0x00000001) c.nop
core   0: 3 0x8000214a (0x0001)
core   0: 0x8000214c (0x003da533) slt     a0, s11, gp
core   0: 3 0x8000214c (0x003da533) x10 0x00000001
core   0: 0x80002150 (0x0c062193) slti    gp, a2, 192
core   0: 3 0x80002150 (0x0c062193) x3  0x00000001
core   0: 0x80002154 (0x00bf3b33) sltu    s6, t5, a1
core   0: 3 0x80002154 (0x00bf3b33) x22 0x00000000
core   0: 0x80002158 (0x01139b93) slli    s7, t2, 17
core   0: 3 0x80002158 (0x01139b93) x23 0x3bce0000
core   0: 0x8000215c (0x0000c51d) c.beqz  a0, pc + 46
core   0: 3 0x8000215c (0xc51d)
core   0: 0x8000215e (0x0000ca11) c.beqz  a2, pc + 20
core   0: 3 0x8000215e (0xca11)
core   0: 0x80002160 (0xcb5800b7) lui     ra, 0xcb580
core   0: 3 0x80002160 (0xcb5800b7) x1  0xcb580000
core   0: 0x80002164 (0x036edfb3) divu    t6, t4, s6
core   0: 3 0x80002164 (0x036edfb3) x31 0xffffffff
core   0: 0x80002168 (0x05ec0263) beq     s8, t5, pc + 68
core   0: 3 0x80002168 (0x05ec0263)
core   0: 0x8000216c (0x40d6d3b3) sra     t2, a3, a3
core   0: 3 0x8000216c (0x40d6d3b3) x7  0x00000000
core   0: 0x80002170 (0x00004649) c.li    a2, 18
core   0: 3 0x80002170 (0x4649) x12 0x00000012
core   0: 0x80002172 (0x00006d55) c.lui   s10, 0x15
core   0: 3 0x80002172 (0x6d55) x26 0x00015000
core   0: 0x80002174 (0x0000c215) c.beqz  a2, pc + 36
core   0: 3 0x80002174 (0xc215)
core   0: 0x80002176 (0xf07bb213) sltiu   tp, s7, -249
core   0: 3 0x80002176 (0xf07bb213) x4  0x00000001
core   0: 0x8000217a (0x0274d9b3) divu    s3, s1, t2
core   0: 3 0x8000217a (0x0274d9b3) x19 0xffffffff
core   0: 0x8000217e (0x6626b897) auipc   a7, 0x6626b
core   0: 3 0x8000217e (0x6626b897) x17 0xe626d17e
core   0: 0x80002182 (0x024fafb3) mulhsu  t6, t6, tp
core   0: 3 0x80002182 (0x024fafb3) x31 0xffffffff
core   0: 0x80002186 (0x60ab7013) andi    zero, s6, 1546
core   0: 3 0x80002186 (0x60ab7013)
core   0: 0x8000218a (0x000098fe) c.add   a7, t6
core   0: 3 0x8000218a (0x98fe) x17 0xe626d17d
core   0: 0x8000218c (0x02222333) mulhsu  t1, tp, sp
core   0: 3 0x8000218c (0x02222333) x6  0x00000000
core   0: 0x80002190 (0x374abe93) sltiu   t4, s5, 884
core   0: 3 0x80002190 (0x374abe93) x29 0x00000000
core   0: 0x80002194 (0x40abdd13) srai    s10, s7, 10
core   0: 3 0x80002194 (0x40abdd13) x26 0x000ef380
core   0: 0x80002198 (0x00cebc33) sltu    s8, t4, a2
core   0: 3 0x80002198 (0x00cebc33) x24 0x00000001
core   0: 0x8000219c (0x061df693) andi    a3, s11, 97
core   0: 3 0x8000219c (0x061df693) x13 0x00000061
core   0: 0x800021a0 (0x01cf9393) slli    t2, t6, 28
core   0: 3 0x800021a0 (0x01cf9393) x7  0xf0000000
core   0: 0x800021a4 (0x000057fd) c.li    a5, -1
core   0: 3 0x800021a4 (0x57fd) x15 0xffffffff
core   0: 0x800021a6 (0x0000c399) c.beqz  a5, pc + 6
core   0: 3 0x800021a6 (0xc399)
core   0: 0x800021a8 (0x02be3bb3) mulhu   s7, t3, a1
core   0: 3 0x800021a8 (0x02be3bb3) x23 0x00000000
core   0: 0x800021ac (0x02e5c063) blt     a1, a4, pc + 32
core   0: 3 0x800021ac (0x02e5c063)
core   0: 0x800021b0 (0x028aa0b3) mulhsu  ra, s5, s0
core   0: 3 0x800021b0 (0x028aa0b3) x1  0xbfffe0c6
core   0: 0x800021b4 (0x00000001) c.nop
core   0: 3 0x800021b4 (0x0001)
core   0: 0x800021b6 (0x00655e93) srli    t4, a0, 6
core   0: 3 0x800021b6 (0x00655e93) x29 0x00000000
core   0: 0x800021ba (0x00008d59) c.or    a0, a4
core   0: 3 0x800021ba (0x8d59) x10 0xfffac639
core   0: 0x800021bc (0x00008dc9) c.or    a1, a0
core   0: 3 0x800021bc (0x8dc9) x11 0xfffac639
core   0: 0x800021be (0x001f5e33) srl     t3, t5, ra
core   0: 3 0x800021be (0x001f5e33) x28 0x019cc384
core   0: 0x800021c2 (0x0000ee9d) c.bnez  a3, pc + 62
core   0: 3 0x800021c2 (0xee9d)
core   0: 0x80002200 (0x000019fd) c.addi  s3, -1
core   0: 3 0x80002200 (0x19fd) x19 0xfffffffe
core   0: 0x80002202 (0x00000001) c.nop
core   0: 3 0x80002202 (0x0001)
core   0: 0x80002204 (0x00005a7d) c.li    s4, -1
core   0: 3 0x80002204 (0x5a7d) x20 0xffffffff
core   0: 0x80002206 (0x03fa1063) bne     s4, t6, pc + 32
core   0: 3 0x80002206 (0x03fa1063)
core   0: 0x8000220a (0x000058fd) c.li    a7, -1
core   0: 3 0x8000220a (0x58fd) x17 0xffffffff
core   0: 0x8000220c (0x485f13b7) lui     t2, 0x485f1
core   0: 3 0x8000220c (0x485f13b7) x7  0x485f1000
core   0: 0x80002210 (0x00008f79) c.and   a4, a4
core   0: 3 0x80002210 (0x8f79) x14 0xfffac639
core   0: 0x80002212 (0x02f672b3) remu    t0, a2, a5
core   0: 3 0x80002212 (0x02f672b3) x5  0x00000012
core   0: 0x80002216 (0x00008d41) c.or    a0, s0
core   0: 3 0x80002216 (0x8d41) x10 0xfffadefd
core   0: 0x80002218 (0x00008d6d) c.and   a0, a1
core   0: 3 0x80002218 (0x8d6d) x10 0xfffac639
core   0: 0x8000221a (0x0000089a) c.slli  a7, 6
core   0: 3 0x8000221a (0x089a) x17 0xffffffc0
core   0: 0x8000221c (0x02e30563) beq     t1, a4, pc + 42
core   0: 3 0x8000221c (0x02e30563)
core   0: 0x80002220 (0x00000001) c.nop
core   0: 3 0x80002220 (0x0001)
core   0: 0x80002222 (0x014dd6b3) srl     a3, s11, s4
core   0: 3 0x80002222 (0x014dd6b3) x13 0x00000001
core   0: 0x80002226 (0x00ca7963) bgeu    s4, a2, pc + 18
core   0: 3 0x80002226 (0x00ca7963)
core   0: 0x80002238 (0x026f4c63) blt     t5, t1, pc + 56
core   0: 3 0x80002238 (0x026f4c63)
core   0: 0x8000223c (0x00008575) c.srai  a0, 29
core   0: 3 0x8000223c (0x8575) x10 0xffffffff
core   0: 0x8000223e (0x007f01b3) add     gp, t5, t2
core   0: 3 0x8000223e (0x007f01b3) x3  0xaf8ff119
core   0: 0x80002242 (0x011dd033) srl     zero, s11, a7
core   0: 3 0x80002242 (0x011dd033)
core   0: 0x80002246 (0x00008085) c.srli  s1, 1
core   0: 3 0x80002246 (0x8085) x9  0x7fffffff
core   0: 0x80002248 (0x0000030c) c.addi4spn a1, sp, 384
core   0: 3 0x80002248 (0x030c) x11 0xb5d07098
core   0: 0x8000224a (0x00000001) c.nop
core   0: 3 0x8000224a (0x0001)
core   0: 0x8000224c (0x9571c217) auipc   tp, 0x9571c
core   0: 3 0x8000224c (0x9571c217) x4  0x1571e24c
core   0: 0x80002250 (0x00008115) c.srli  a0, 5
core   0: 3 0x80002250 (0x8115) x10 0x07ffffff
core   0: 0x80002252 (0x0000e091) c.bnez  s1, pc + 4
core   0: 3 0x80002252 (0xe091)
core   0: 0x80002256 (0x03247db3) remu    s11, s0, s2
core   0: 3 0x80002256 (0x03247db3) x27 0x1ffb81b8
core   0: 0x8000225a (0x9cc2a013) slti    zero, t0, -1588
core   0: 3 0x8000225a (0x9cc2a013)
core   0: 0x8000225e (0x00008dbd) c.xor   a1, a5
core   0: 3 0x8000225e (0x8dbd) x11 0x4a2f8f67
core   0: 0x80002260 (0x0000815d) c.srli  a0, 23
core   0: 3 0x80002260 (0x815d) x10 0x0000000f
core   0: 0x80002262 (0x0393c733) div     a4, t2, s9
core   0: 3 0x80002262 (0x0393c733) x14 0x00000003
core   0: 0x80002266 (0x024dc733) div     a4, s11, tp
core   0: 3 0x80002266 (0x024dc733) x14 0x00000001
core   0: 0x8000226a (0x0000074e) c.slli  a4, 19
core   0: 3 0x8000226a (0x074e) x14 0x00080000
core   0: 0x8000226c (0x00008141) c.srli  a0, 16
core   0: 3 0x8000226c (0x8141) x10 0x00000000
core   0: 0x8000226e (0x00000001) c.nop
core   0: 3 0x8000226e (0x0001)
core   0: 0x80002270 (0x03701933) mulh    s2, zero, s7
core   0: 3 0x80002270 (0x03701933) x18 0x00000000
core   0: 0x80002274 (0x08cdc463) blt     s11, a2, pc + 136
core   0: 3 0x80002274 (0x08cdc463)
core   0: 0x80002278 (0xf5c89337) lui     t1, 0xf5c89
core   0: 3 0x80002278 (0xf5c89337) x6  0xf5c89000
core   0: 0x8000227c (0x053f8763) beq     t6, s3, pc + 78
core   0: 3 0x8000227c (0x053f8763)
core   0: 0x80002280 (0x02378bb3) mul     s7, a5, gp
core   0: 3 0x80002280 (0x02378bb3) x23 0x50700ee7
core   0: 0x80002284 (0x00e476b3) and     a3, s0, a4
core   0: 3 0x80002284 (0x00e476b3) x13 0x00000000
core   0: 0x80002288 (0x3ef07eb7) lui     t4, 0x3ef07
core   0: 3 0x80002288 (0x3ef07eb7) x29 0x3ef07000
core   0: 0x8000228c (0x0000428d) c.li    t0, 3
core   0: 3 0x8000228c (0x428d) x5  0x00000003
core   0: 0x8000228e (0x404e03b3) sub     t2, t3, tp
core   0: 3 0x8000228e (0x404e03b3) x7  0xec2ae138
core   0: 0x80002292 (0x01d95e13) srli    t3, s2, 29
core   0: 3 0x80002292 (0x01d95e13) x28 0x00000000
core   0: 0x80002296 (0x0000421d) c.li    tp, 7
core   0: 3 0x80002296 (0x421d) x4  0x00000007
core   0: 0x80002298 (0xe368c613) xori    a2, a7, -458
core   0: 3 0x80002298 (0xe368c613) x12 0x000001f6
core   0: 0x8000229c (0x005dacb3) slt     s9, s11, t0
core   0: 3 0x8000229c (0x005dacb3) x25 0x00000000
core   0: 0x800022a0 (0x00000299) c.addi  t0, 6
core   0: 3 0x800022a0 (0x0299) x5  0x00000009
core   0: 0x800022a2 (0x7892cd93) xori    s11, t0, 1929
core   0: 3 0x800022a2 (0x7892cd93) x27 0x00000780
core   0: 0x800022a6 (0x000055e5) c.li    a1, -7
core   0: 3 0x800022a6 (0x55e5) x11 0xfffffff9
core   0: 0x800022a8 (0x00004689) c.li    a3, 2
core   0: 3 0x800022a8 (0x4689) x13 0x00000002
core   0: 0x800022aa (0xa70dcc93) xori    s9, s11, -1424
core   0: 3 0x800022aa (0xa70dcc93) x25 0xfffffdf0
core   0: 0x800022ae (0x000005a9) c.addi  a1, 10
core   0: 3 0x800022ae (0x05a9) x11 0x00000003
core   0: 0x800022b0 (0xc327a093) slti    ra, a5, -974
core   0: 3 0x800022b0 (0xc327a093) x1  0x00000000
core   0: 0x800022b4 (0x00ec9a33) sll     s4, s9, a4
core   0: 3 0x800022b4 (0x00ec9a33) x20 0xfffffdf0
core   0: 0x800022b8 (0xfed5c9e3) blt     a1, a3, pc - 14
core   0: 3 0x800022b8 (0xfed5c9e3)
core   0: 0x800022bc (0x00006931) c.lui   s2, 0xc
core   0: 3 0x800022bc (0x6931) x18 0x0000c000
core   0: 0x800022be (0xfc42cfe3) blt     t0, tp, pc - 34
core   0: 3 0x800022be (0xfc42cfe3)
core   0: 0x800022c2 (0x6d8a7513) andi    a0, s4, 1752
core   0: 3 0x800022c2 (0x6d8a7513) x10 0x000004d0
core   0: 0x800022c6 (0x05104663) blt     zero, a7, pc + 76
core   0: 3 0x800022c6 (0x05104663)
core   0: 0x800022ca (0x01db6033) or      zero, s6, t4
core   0: 3 0x800022ca (0x01db6033)
core   0: 0x800022ce (0x04a44663) blt     s0, a0, pc + 76
core   0: 3 0x800022ce (0x04a44663)
core   0: 0x8000231a (0x02124f33) div     t5, tp, ra
core   0: 3 0x8000231a (0x02124f33) x30 0xffffffff
core   0: 0x8000231e (0x039d5163) bge     s10, s9, pc + 34
core   0: 3 0x8000231e (0x039d5163)
core   0: 0x80002340 (0x4073d793) srai    a5, t2, 7
core   0: 3 0x80002340 (0x4073d793) x15 0xffd855c2
core   0: 0x80002344 (0x610a2713) slti    a4, s4, 1552
core   0: 3 0x80002344 (0x610a2713) x14 0x00000001
core   0: 0x80002348 (0x0244ba33) mulhu   s4, s1, tp
core   0: 3 0x80002348 (0x0244ba33) x20 0x00000003
core   0: 0x8000234c (0xc051ec93) ori     s9, gp, -1019
core   0: 3 0x8000234c (0xc051ec93) x25 0xfffffd1d
core   0: 0x80002350 (0x6943e993) ori     s3, t2, 1684
core   0: 3 0x80002350 (0x6943e993) x19 0xec2ae7bc
core   0: 0x80002354 (0x00008735) c.srai  a4, 13
core   0: 3 0x80002354 (0x8735) x14 0x00000000
core   0: 0x80002356 (0x00009c4a) c.add   s8, s2
core   0: 3 0x80002356 (0x9c4a) x24 0x0000c001
core   0: 0x80002358 (0x407fd193) srai    gp, t6, 7
core   0: 3 0x80002358 (0x407fd193) x3  0xffffffff
core   0: 0x8000235c (0x00008e11) c.sub   a2, a2
core   0: 3 0x8000235c (0x8e11) x12 0x00000000
core   0: 0x8000235e (0x03d0d633) divu    a2, ra, t4
core   0: 3 0x8000235e (0x03d0d633) x12 0x00000000
core   0: 0x80002362 (0x026f02b3) mul     t0, t5, t1
core   0: 3 0x80002362 (0x026f02b3) x5  0x0a377000
core   0: 0x80002366 (0x000080cd) c.srli  s1, 19
core   0: 3 0x80002366 (0x80cd) x9  0x00000fff
core   0: 0x80002368 (0x0054e2b3) or      t0, s1, t0
core   0: 3 0x80002368 (0x0054e2b3) x5  0x0a377fff
core   0: 0x8000236c (0x000082e5) c.srli  a3, 25
core   0: 3 0x8000236c (0x82e5) x13 0x00000000
core   0: 0x8000236e (0x0000c295) c.beqz  a3, pc + 36
core   0: 3 0x8000236e (0xc295)
core   0: 0x80002392 (0x00498933) add     s2, s3, tp
core   0: 3 0x80002392 (0x00498933) x18 0xec2ae7c3
core   0: 0x80002396 (0x00000fcd) c.addi  t6, 19
core   0: 3 0x80002396 (0x0fcd) x31 0x00000012
core   0: 0x80002398 (0x03c82d33) mulhsu  s10, a6, t3
core   0: 3 0x80002398 (0x03c82d33) x26 0x00000000
core   0: 0x8000239c (0x00008d21) c.xor   a0, s0
core   0: 3 0x8000239c (0x8d21) x10 0x80029834
core   0: 0x8000239e (0x000088b5) c.andi  s1, 13
core   0: 3 0x8000239e (0x88b5) x9  0x0000000d
core   0: 0x800023a0 (0x00008dc5) c.or    a1, s1
core   0: 3 0x800023a0 (0x8dc5) x11 0x0000000f
core   0: 0x800023a2 (0x41625293) srai    t0, tp, 22
core   0: 3 0x800023a2 (0x41625293) x5  0x00000000
core   0: 0x800023a6 (0x017ebfb3) sltu    t6, t4, s7
core   0: 3 0x800023a6 (0x017ebfb3) x31 0x00000001
core   0: 0x800023aa (0x051d1263) bne     s10, a7, pc + 68
core   0: 3 0x800023aa (0x051d1263)
core   0: 0x800023ee (0x0000615d) c.addi16sp sp, 432
core   0: 3 0x800023ee (0x615d) x2  0xb5d070c8
core   0: 0x800023f0 (0x000012fd) c.addi  t0, -1
core   0: 3 0x800023f0 (0x12fd) x5  0xffffffff
core   0: 0x800023f2 (0x5c7af793) andi    a5, s5, 1479
core   0: 3 0x800023f2 (0x5c7af793) x15 0x00000444
core   0: 0x800023f6 (0x010aabb3) slt     s7, s5, a6
core   0: 3 0x800023f6 (0x010aabb3) x23 0x00000000
core   0: 0x800023fa (0x8e4a8613) addi    a2, s5, -1820
core   0: 3 0x800023fa (0x8e4a8613) x12 0x80025748
core   0: 0x800023fe (0x40945eb3) sra     t4, s0, s1
core   0: 3 0x800023fe (0x40945eb3) x29 0xfffc0014
core   0: 0x80002402 (0x021ed2b3) divu    t0, t4, ra
core   0: 3 0x80002402 (0x021ed2b3) x5  0xffffffff
core   0: 0x80002406 (0x000055fd) c.li    a1, -1
core   0: 3 0x80002406 (0x55fd) x11 0xffffffff
core   0: 0x80002408 (0x40b5d233) sra     tp, a1, a1
core   0: 3 0x80002408 (0x40b5d233) x4  0xffffffff
core   0: 0x8000240c (0x0000c119) c.beqz  a0, pc + 6
core   0: 3 0x8000240c (0xc119)
core   0: 0x8000240e (0x023bf133) remu    sp, s7, gp
core   0: 3 0x8000240e (0x023bf133) x2  0x00000000
core   0: 0x80002412 (0x57546c13) ori     s8, s0, 1397
core   0: 3 0x80002412 (0x57546c13) x24 0x80029df5
core   0: 0x80002416 (0x007bf633) and     a2, s7, t2
core   0: 3 0x80002416 (0x007bf633) x12 0x00000000
core   0: 0x8000241a (0x00008d79) c.and   a0, a4
core   0: 3 0x8000241a (0x8d79) x10 0x00000000
core   0: 0x8000241c (0x00008f19) c.sub   a4, a4
core   0: 3 0x8000241c (0x8f19) x14 0x00000000
core   0: 0x8000241e (0x00004a39) c.li    s4, 14
core   0: 3 0x8000241e (0x4a39) x20 0x0000000e
core   0: 0x80002420 (0x00d8ddb3) srl     s11, a7, a3
core   0: 3 0x80002420 (0x00d8ddb3) x27 0xffffffc0
core   0: 0x80002424 (0x00000001) c.nop
core   0: 3 0x80002424 (0x0001)
core   0: 0x80002426 (0x03faaf33) mulhsu  t5, s5, t6
core   0: 3 0x80002426 (0x03faaf33) x30 0xffffffff
core   0: 0x8000242a (0x00008c9d) c.sub   s1, a5
core   0: 3 0x8000242a (0x8c9d) x9  0xfffffbc9
core   0: 0x8000242c (0x0000c3b9) c.beqz  a5, pc + 70
core   0: 3 0x8000242c (0xc3b9)
core   0: 0x8000242e (0x03aa8e33) mul     t3, s5, s10
core   0: 3 0x8000242e (0x03aa8e33) x28 0x00000000
core   0: 0x80002432 (0x038db6b3) mulhu   a3, s11, s8
core   0: 3 0x80002432 (0x038db6b3) x13 0x80029dd4
core   0: 0x80002436 (0x00008c9d) c.sub   s1, a5
core   0: 3 0x80002436 (0x8c9d) x9  0xfffff785
core   0: 0x80002438 (0x000001d1) c.addi  gp, 20
core   0: 3 0x80002438 (0x01d1) x3  0x00000013
core   0: 0x8000243a (0x2823c217) auipc   tp, 0x2823c
core   0: 3 0x8000243a (0x2823c217) x4  0xa823e43a
core   0: 0x8000243e (0x37c1c593) xori    a1, gp, 892
core   0: 3 0x8000243e (0x37c1c593) x11 0x0000036f
core   0: 0x80002442 (0x000005b6) c.slli  a1, 13
core   0: 3 0x80002442 (0x05b6) x11 0x006de000
core   0: 0x80002444 (0x0140fdb3) and     s11, ra, s4
core   0: 3 0x80002444 (0x0140fdb3) x27 0x00000000
core   0: 0x80002448 (0x05a8f563) bgeu    a7, s10, pc + 74
core   0: 3 0x80002448 (0x05a8f563)
core   0: 0x80002492 (0x41badbb3) sra     s7, s5, s11
core   0: 3 0x80002492 (0x41badbb3) x23 0x80025e64
core   0: 0x80002496 (0x02caf763) bgeu    s5, a2, pc + 46
core   0: 3 0x80002496 (0x02caf763)
core   0: 0x800024c4 (0x024df163) bgeu    s11, tp, pc + 34
core   0: 3 0x800024c4 (0x024df163)
core   0: 0x800024c8 (0x0000e30d) c.bnez  a4, pc + 34
core   0: 3 0x800024c8 (0xe30d)
core   0: 0x800024ca (0x00f35793) srli    a5, t1, 15
core   0: 3 0x800024ca (0x00f35793) x15 0x0001eb91
core   0: 0x800024ce (0x0000c119) c.beqz  a0, pc + 6
core   0: 3 0x800024ce (0xc119)
core   0: 0x800024d4 (0x00008e25) c.xor   a2, s1
core   0: 3 0x800024d4 (0x8e25) x12 0xfffff785
core   0: 0x800024d6 (0x02f4feb3) remu    t4, s1, a5
core   0: 3 0x800024d6 (0x02f4feb3) x29 0x00002e13
core   0: 0x800024da (0x00b85d33) srl     s10, a6, a1
core   0: 3 0x800024da (0x00b85d33) x26 0x80000000
core   0: 0x800024de (0x0000577d) c.li    a4, -1
core   0: 3 0x800024de (0x577d) x14 0xffffffff
core   0: 0x800024e0 (0x000087c5) c.srai  a5, 17
core   0: 3 0x800024e0 (0x87c5) x15 0x00000000
core   0: 0x800024e2 (0x00008295) c.srli  a3, 5
core   0: 3 0x800024e2 (0x8295) x13 0x040014ee
core   0: 0x800024e4 (0x00009dfa) c.add   s11, t5
core   0: 3 0x800024e4 (0x9dfa) x27 0xffffffff
core   0: 0x800024e6 (0x00c05963) bge     zero, a2, pc + 18
core   0: 3 0x800024e6 (0x00c05963)
core   0: 0x800024f8 (0x000099e2) c.add   s3, s8
core   0: 3 0x800024f8 (0x99e2) x19 0x6c2d85b1
core   0: 0x800024fa (0x09561b63) bne     a2, s5, pc + 150
core   0: 3 0x800024fa (0x09561b63)
core   0: 0x80002590 (0x7f20b017) auipc   zero, 0x7f20b
core   0: 3 0x80002590 (0x7f20b017)
core   0: 0x80002594 (0x01461d33) sll     s10, a2, s4
core   0: 3 0x80002594 (0x01461d33) x26 0xfde14000
core   0: 0x80002598 (0x0335eb33) rem     s6, a1, s3
core   0: 3 0x80002598 (0x0335eb33) x22 0x006de000
core   0: 0x8000259c (0x02ee5863) bge     t3, a4, pc + 48
core   0: 3 0x8000259c (0x02ee5863)
core   0: 0x800025cc (0x02270cb3) mul     s9, a4, sp
core   0: 3 0x800025cc (0x02270cb3) x25 0x00000000
core   0: 0x800025d0 (0x004217b3) sll     a5, tp, tp
core   0: 3 0x800025d0 (0x004217b3) x15 0xe8000000
core   0: 0x800025d4 (0x03b24d33) div     s10, tp, s11
core   0: 3 0x800025d4 (0x03b24d33) x26 0x57dc1bc6
core   0: 0x800025d8 (0x01006cb3) or      s9, zero, a6
core   0: 3 0x800025d8 (0x01006cb3) x25 0x80000000
core   0: 0x800025dc (0x035d9333) mulh    t1, s11, s5
core   0: 3 0x800025dc (0x035d9333) x6  0x00000000
core   0: 0x800025e0 (0x02c43633) mulhu   a2, s0, a2
core   0: 3 0x800025e0 (0x02c43633) x12 0x800298a6
core   0: 0x800025e4 (0x0182fc33) and     s8, t0, s8
core   0: 3 0x800025e4 (0x0182fc33) x24 0x80029df5
core   0: 0x800025e8 (0x01c41093) slli    ra, s0, 28
core   0: 3 0x800025e8 (0x01c41093) x1  0x40000000
core   0: 0x800025ec (0x00008369) c.srli  a4, 26
core   0: 3 0x800025ec (0x8369) x14 0x0000003f
core   0: 0x800025ee (0x00009b7d) c.andi  a4, -1
core   0: 3 0x800025ee (0x9b7d) x14 0x0000003f
core   0: 0x800025f0 (0x6ec1a597) auipc   a1, 0x6ec1a
core   0: 3 0x800025f0 (0x6ec1a597) x11 0xeec1c5f0
core   0: 0x800025f4 (0x1322c893) xori    a7, t0, 306
core   0: 3 0x800025f4 (0x1322c893) x17 0xfffffecd
core   0: 0x800025f8 (0x41257a13) andi    s4, a0, 1042
core   0: 3 0x800025f8 (0x41257a13) x20 0x00000000
core   0: 0x800025fc (0x423b6593) ori     a1, s6, 1059
core   0: 3 0x800025fc (0x423b6593) x11 0x006de423
core   0: 0x80002600 (0x0000958a) c.add   a1, sp
core   0: 3 0x80002600 (0x958a) x11 0x006de423
core   0: 0x80002602 (0x0c3791b7) lui     gp, 0xc379
core   0: 3 0x80002602 (0x0c3791b7) x3  0x0c379000
core   0: 0x80002606 (0x00008da5) c.xor   a1, s1
core   0: 3 0x80002606 (0x8da5) x11 0xff9213a6
core   0: 0x80002608 (0x00000001) c.nop
core   0: 3 0x80002608 (0x0001)
core   0: 0x8000260a (0x00008c95) c.sub   s1, a3
core   0: 3 0x8000260a (0x8c95) x9  0xfbffe297
core   0: 0x8000260c (0x77e84a13) xori    s4, a6, 1918
core   0: 3 0x8000260c (0x77e84a13) x20 0x8000077e
core   0: 0x80002610 (0x7f868793) addi    a5, a3, 2040
core   0: 3 0x80002610 (0x7f868793) x15 0x04001ce6
core   0: 0x80002614 (0x0000eb09) c.bnez  a4, pc + 18
core   0: 3 0x80002614 (0xeb09)
core   0: 0x80002626 (0x01916733) or      a4, sp, s9
core   0: 3 0x80002626 (0x01916733) x14 0x80000000
core   0: 0x8000262a (0x016fd393) srli    t2, t6, 22
core   0: 3 0x8000262a (0x016fd393) x7  0x00000000
core   0: 0x8000262e (0x0292d963) bge     t0, s1, pc + 50
core   0: 3 0x8000262e (0x0292d963)
core   0: 0x80002660 (0x1eeb5db7) lui     s11, 0x1eeb5
core   0: 3 0x80002660 (0x1eeb5db7) x27 0x1eeb5000
core   0: 0x80002664 (0x00000001) c.nop
core   0: 3 0x80002664 (0x0001)
core   0: 0x80002666 (0x00008ebd) c.xor   a3, a5
core   0: 3 0x80002666 (0x8ebd) x13 0x00000808
core   0: 0x80002668 (0x02fdd6b3) divu    a3, s11, a5
core   0: 3 0x80002668 (0x02fdd6b3) x13 0x00000007
core   0: 0x8000266c (0x135a2613) slti    a2, s4, 309
core   0: 3 0x8000266c (0x135a2613) x12 0x00000001
core   0: 0x80002670 (0xf1f73793) sltiu   a5, a4, -225
core   0: 3 0x80002670 (0xf1f73793) x15 0x00000001
core   0: 0x80002674 (0x04d18163) beq     gp, a3, pc + 66
core   0: 3 0x80002674 (0x04d18163)
core   0: 0x80002678 (0x029c5a63) bge     s8, s1, pc + 52
core   0: 3 0x80002678 (0x029c5a63)
core   0: 0x8000267c (0x008fe533) or      a0, t6, s0
core   0: 3 0x8000267c (0x008fe533) x10 0x80029ce5
core   0: 0x80002680 (0x0262fbb3) remu    s7, t0, t1
core   0: 3 0x80002680 (0x0262fbb3) x23 0xffffffff
core   0: 0x80002684 (0x03791463) bne     s2, s7, pc + 40
core   0: 3 0x80002684 (0x03791463)
core   0: 0x800026ac (0x44077f97) auipc   t6, 0x44077
core   0: 3 0x800026ac (0x44077f97) x31 0xc40796ac
core   0: 0x800026b0 (0x00000001) c.nop
core   0: 3 0x800026b0 (0x0001)
core   0: 0x800026b2 (0x00d21d93) slli    s11, tp, 13
core   0: 3 0x800026b2 (0x00d21d93) x27 0x7c874000
core   0: 0x800026b6 (0x7eb06f93) ori     t6, zero, 2027
core   0: 3 0x800026b6 (0x7eb06f93) x31 0x000007eb
core   0: 0x800026ba (0x3974e7b7) lui     a5, 0x3974e
core   0: 3 0x800026ba (0x3974e7b7) x15 0x3974e000
core   0: 0x800026be (0x66f80237) lui     tp, 0x66f80
core   0: 3 0x800026be (0x66f80237) x4  0x66f80000
core   0: 0x800026c2 (0x01d9a533) slt     a0, s3, t4
core   0: 3 0x800026c2 (0x01d9a533) x10 0x00000000
core   0: 0x800026c6 (0x00524133) xor     sp, tp, t0
core   0: 3 0x800026c6 (0x00524133) x2  0x9907ffff
core   0: 0x800026ca (0x02bfe863) bltu    t6, a1, pc + 48
core   0: 3 0x800026ca (0x02bfe863)
core   0: 0x800026fa (0x02f6c3b3) div     t2, a3, a5
core   0: 3 0x800026fa (0x02f6c3b3) x7  0x00000000
core   0: 0x800026fe (0x03a26a33) rem     s4, tp, s10
core   0: 3 0x800026fe (0x03a26a33) x20 0x0f1be43a
core   0: 0x80002702 (0x000091ca) c.add   gp, s2
core   0: 3 0x80002702 (0x91ca) x3  0xf86277c3
core   0: 0x80002704 (0x00a76463) bltu    a4, a0, pc + 8
core   0: 3 0x80002704 (0x00a76463)
core   0: 0x80002708 (0x01a90763) beq     s2, s10, pc + 14
core   0: 3 0x80002708 (0x01a90763)
core   0: 0x8000270c (0x00000001) c.nop
core   0: 3 0x8000270c (0x0001)
core   0: 0x8000270e (0x0000612d) c.addi16sp sp, 224
core   0: 3 0x8000270e (0x612d) x2  0x990800df
core   0: 0x80002710 (0x000069dd) c.lui   s3, 0x17
core   0: 3 0x80002710 (0x69dd) x19 0x00017000
core   0: 0x80002712 (0x039f6a33) rem     s4, t5, s9
core   0: 3 0x80002712 (0x039f6a33) x20 0xffffffff
core   0: 0x80002716 (0x1e67b493) sltiu   s1, a5, 486
core   0: 3 0x80002716 (0x1e67b493) x9  0x00000000
core   0: 0x8000271a (0x0211d8b3) divu    a7, gp, ra
core   0: 3 0x8000271a (0x0211d8b3) x17 0x00000003
core   0: 0x8000271e (0xe2baf213) andi    tp, s5, -469
core   0: 3 0x8000271e (0xe2baf213) x4  0x80025e20
core   0: 0x80002722 (0x000057ed) c.li    a5, -5
core   0: 3 0x80002722 (0x57ed) x15 0xfffffffb
core   0: 0x80002724 (0x0170e533) or      a0, ra, s7
core   0: 3 0x80002724 (0x0170e533) x10 0xffffffff
core   0: 0x80002728 (0x031cfc33) remu    s8, s9, a7
core   0: 3 0x80002728 (0x031cfc33) x24 0x00000002
core   0: 0x8000272c (0x0124e4b3) or      s1, s1, s2
core   0: 3 0x8000272c (0x0124e4b3) x9  0xec2ae7c3
core   0: 0x80002730 (0x41b28333) sub     t1, t0, s11
core   0: 3 0x80002730 (0x41b28333) x6  0x8378bfff
core   0: 0x80002734 (0x00aebfb3) sltu    t6, t4, a0
core   0: 3 0x80002734 (0x00aebfb3) x31 0x00000001
core   0: 0x80002738 (0x0380a233) mulhsu  tp, ra, s8
core   0: 3 0x80002738 (0x0380a233) x4  0x00000000
core   0: 0x8000273c (0x00000001) c.nop
core   0: 3 0x8000273c (0x0001)
core   0: 0x8000273e (0x01c760b3) or      ra, a4, t3
core   0: 3 0x8000273e (0x01c760b3) x1  0x80000000
core   0: 0x80002742 (0x038bd5b3) divu    a1, s7, s8
core   0: 3 0x80002742 (0x038bd5b3) x11 0x7fffffff
core   0: 0x80002746 (0x02523eb3) mulhu   t4, tp, t0
core   0: 3 0x80002746 (0x02523eb3) x29 0x00000000
core   0: 0x8000274a (0x00008ec5) c.or    a3, s1
core   0: 3 0x8000274a (0x8ec5) x13 0xec2ae7c7
core   0: 0x8000274c (0x00008da9) c.xor   a1, a0
core   0: 3 0x8000274c (0x8da9) x11 0x80000000
core   0: 0x8000274e (0x41160633) sub     a2, a2, a7
core   0: 3 0x8000274e (0x41160633) x12 0xfffffffe
core   0: 0x80002752 (0x00000785) c.addi  a5, 1
core   0: 3 0x80002752 (0x0785) x15 0xfffffffc
core   0: 0x80002754 (0x00008d81) c.sub   a1, s0
core   0: 3 0x80002754 (0x8d81) x11 0xfffd631c
core   0: 0x80002756 (0x00bd15b3) sll     a1, s10, a1
core   0: 3 0x80002756 (0x00bd15b3) x11 0x60000000
core   0: 0x8000275a (0x000005c5) c.addi  a1, 17
core   0: 3 0x8000275a (0x05c5) x11 0x60000011
core   0: 0x8000275c (0x000089dd) c.andi  a1, 23
core   0: 3 0x8000275c (0x89dd) x11 0x00000011
core   0: 0x8000275e (0x0092e133) or      sp, t0, s1
core   0: 3 0x8000275e (0x0092e133) x2  0xffffffff
core   0: 0x80002762 (0x41f58633) sub     a2, a1, t6
core   0: 3 0x80002762 (0x41f58633) x12 0x00000010
core   0: 0x80002766 (0x664c6b93) ori     s7, s8, 1636
core   0: 3 0x80002766 (0x664c6b93) x23 0x00000666
core   0: 0x8000276a (0x0000dff1) c.beqz  a5, pc - 36
core   0: 3 0x8000276a (0xdff1)
core   0: 0x8000276c (0xc7f9c513) xori    a0, s3, -897
core   0: 3 0x8000276c (0xc7f9c513) x10 0xfffe8c7f
core   0: 0x80002770 (0x000080b1) c.srli  s1, 12
core   0: 3 0x80002770 (0x80b1) x9  0x000ec2ae
core   0: 0x80002772 (0x00008e49) c.or    a2, a0
core   0: 3 0x80002772 (0x8e49) x12 0xfffe8c7f
core   0: 0x80002774 (0x00008da9) c.xor   a1, a0
core   0: 3 0x80002774 (0x8da9) x11 0xfffe8c6e
core   0: 0x80002776 (0x41d55733) sra     a4, a0, t4
core   0: 3 0x80002776 (0x41d55733) x14 0xfffe8c7f
core   0: 0x8000277a (0x4042dcb3) sra     s9, t0, tp
core   0: 3 0x8000277a (0x4042dcb3) x25 0xffffffff
core   0: 0x8000277e (0x00008f4d) c.or    a4, a1
core   0: 3 0x8000277e (0x8f4d) x14 0xfffe8c7f
core   0: 0x80002780 (0x00f784b3) add     s1, a5, a5
core   0: 3 0x80002780 (0x00f784b3) x9  0xfffffff8
core   0: 0x80002784 (0x000089d2) c.mv    s3, s4
core   0: 3 0x80002784 (0x89d2) x19 0xffffffff
core   0: 0x80002786 (0x000056f1) c.li    a3, -4
core   0: 3 0x80002786 (0x56f1) x13 0xfffffffc
core   0: 0x80002788 (0x00dab0b3) sltu    ra, s5, a3
core   0: 3 0x80002788 (0x00dab0b3) x1  0x00000001
core   0: 0x8000278c (0x00000001) c.nop
core   0: 3 0x8000278c (0x0001)
core   0: 0x8000278e (0x00008d05) c.sub   a0, s1
core   0: 3 0x8000278e (0x8d05) x10 0xfffe8c87
core   0: 0x80002790 (0xaa3e4d93) xori    s11, t3, -1373
core   0: 3 0x80002790 (0xaa3e4d93) x27 0xfffffaa3
core   0: 0x80002794 (0x00000001) c.nop
core   0: 3 0x80002794 (0x0001)
core   0: 0x80002796 (0x01e357b3) srl     a5, t1, t5
core   0: 3 0x80002796 (0x01e357b3) x15 0x00000001
core   0: 0x8000279a (0x00000bb6) c.slli  s7, 13
core   0: 3 0x8000279a (0x0bb6) x23 0x00ccc000
core   0: 0x8000279c (0x02c4b8b3) mulhu   a7, s1, a2
core   0: 3 0x8000279c (0x02c4b8b3) x17 0xfffe8c77
core   0: 0x800027a0 (0x00000c88) c.addi4spn a0, sp, 592
core   0: 3 0x800027a0 (0x0c88) x10 0x0000024f
core   0: 0x800027a2 (0x00006569) c.lui   a0, 0x1a
core   0: 3 0x800027a2 (0x6569) x10 0x0001a000
core   0: 0x800027a4 (0x01fc70b3) and     ra, s8, t6
core   0: 3 0x800027a4 (0x01fc70b3) x1  0x00000000
core   0: 0x800027a8 (0x00000685) c.addi  a3, 1
core   0: 3 0x800027a8 (0x0685) x13 0xfffffffd
core   0: 0x800027aa (0x00004725) c.li    a4, 9
core   0: 3 0x800027aa (0x4725) x14 0x00000009
core   0: 0x800027ac (0x00000001) c.nop
core   0: 3 0x800027ac (0x0001)
core   0: 0x800027ae (0x00004621) c.li    a2, 8
core   0: 3 0x800027ae (0x4621) x12 0x00000008
core   0: 0x800027b0 (0xba1d3513) sltiu   a0, s10, -1119
core   0: 3 0x800027b0 (0xba1d3513) x10 0x00000001
core   0: 0x800027b4 (0x0042a8b3) slt     a7, t0, tp
core   0: 3 0x800027b4 (0x0042a8b3) x17 0x00000001
core   0: 0x800027b8 (0x00001769) c.addi  a4, -6
core   0: 3 0x800027b8 (0x1769) x14 0x00000003
core   0: 0x800027ba (0xeeed7f97) auipc   t6, 0xeeed7
core   0: 3 0x800027ba (0xeeed7f97) x31 0x6eed97ba
core   0: 0x800027be (0x00595f93) srli    t6, s2, 5
core   0: 3 0x800027be (0x00595f93) x31 0x0761573e
core   0: 0x800027c2 (0x018ac8b3) xor     a7, s5, s8
core   0: 3 0x800027c2 (0x018ac8b3) x17 0x80025e66
core   0: 0x800027c6 (0x9fd372b7) lui     t0, 0x9fd37
core   0: 3 0x800027c6 (0x9fd372b7) x5  0x9fd37000
core   0: 0x800027ca (0xfec775e3) bgeu    a4, a2, pc - 22
core   0: 3 0x800027ca (0xfec775e3)
core   0: 0x800027ce (0x006567b3) or      a5, a0, t1
core   0: 3 0x800027ce (0x006567b3) x15 0x8378bfff
core   0: 0x800027d2 (0x02cbeeb3) rem     t4, s7, a2
core   0: 3 0x800027d2 (0x02cbeeb3) x29 0x00000000
core   0: 0x800027d6 (0x18f7e237) lui     tp, 0x18f7e
core   0: 3 0x800027d6 (0x18f7e237) x4  0x18f7e000
core   0: 0x800027da (0x01bfc133) xor     sp, t6, s11
core   0: 3 0x800027da (0x01bfc133) x2  0xf89ead9d
core   0: 0x800027de (0x0000d2f9) c.beqz  a3, pc - 58
core   0: 3 0x800027de (0xd2f9)
core   0: 0x800027e0 (0x01affc33) and     s8, t6, s10
core   0: 3 0x800027e0 (0x01affc33) x24 0x07401306
core   0: 0x800027e4 (0x028e5363) bge     t3, s0, pc + 38
core   0: 3 0x800027e4 (0x028e5363)
core   0: 0x8000280a (0x8af4aa13) slti    s4, s1, -1873
core   0: 3 0x8000280a (0x8af4aa13) x20 0x00000000
core   0: 0x8000280e (0x0000c51d) c.beqz  a0, pc + 46
core   0: 3 0x8000280e (0xc51d)
core   0: 0x80002810 (0x0000717d) c.addi16sp sp, -16
core   0: 3 0x80002810 (0x717d) x2  0xf89ead8d
core   0: 0x80002812 (0x00389333) sll     t1, a7, gp
core   0: 3 0x80002812 (0x00389333) x6  0x0012f330
core   0: 0x80002816 (0x9645e993) ori     s3, a1, -1692
core   0: 3 0x80002816 (0x9645e993) x19 0xfffffd6e
core   0: 0x8000281a (0x12c66b93) ori     s7, a2, 300
core   0: 3 0x8000281a (0x12c66b93) x23 0x0000012c
core   0: 0x8000281e (0x005a0663) beq     s4, t0, pc + 12
core   0: 3 0x8000281e (0x005a0663)
core   0: 0x80002822 (0x41f9d213) srai    tp, s3, 31
core   0: 3 0x80002822 (0x41f9d213) x4  0xffffffff
core   0: 0x80002826 (0x0053a9b3) slt     s3, t2, t0
core   0: 3 0x80002826 (0x0053a9b3) x19 0x00000000
core   0: 0x8000282a (0x029fec33) rem     s8, t6, s1
core   0: 3 0x8000282a (0x029fec33) x24 0x00000006
core   0: 0x8000282e (0x02eef463) bgeu    t4, a4, pc + 40
core   0: 3 0x8000282e (0x02eef463)
core   0: 0x80002832 (0x004cdf13) srli    t5, s9, 4
core   0: 3 0x80002832 (0x004cdf13) x30 0x0fffffff
core   0: 0x80002836 (0x00008f89) c.sub   a5, a0
core   0: 3 0x80002836 (0x8f89) x15 0x8378bffe
core   0: 0x80002838 (0xa1a729b7) lui     s3, 0xa1a72
core   0: 3 0x80002838 (0xa1a729b7) x19 0xa1a72000
core   0: 0x8000283c (0xa82cad13) slti    s10, s9, -1406
core   0: 3 0x8000283c (0xa82cad13) x26 0x00000000
core   0: 0x80002840 (0x00291b93) slli    s7, s2, 2
core   0: 3 0x80002840 (0x00291b93) x23 0xb0ab9f0c
core   0: 0x80002844 (0x031cbf33) mulhu   t5, s9, a7
core   0: 3 0x80002844 (0x031cbf33) x30 0x80025e65
core   0: 0x80002848 (0x00008c91) c.sub   s1, a2
core   0: 3 0x80002848 (0x8c91) x9  0xfffffff0
core   0: 0x8000284a (0x07d0c113) xori    sp, ra, 125
core   0: 3 0x8000284a (0x07d0c113) x2  0x0000007d
core   0: 0x8000284e (0x0000c2a1) c.beqz  a3, pc + 64
core   0: 3 0x8000284e (0xc2a1)
core   0: 0x80002850 (0x03ec7663) bgeu    s8, t5, pc + 44
core   0: 3 0x80002850 (0x03ec7663)
core   0: 0x80002854 (0x00006165) c.addi16sp sp, 112
core   0: 3 0x80002854 (0x6165) x2  0x000000ed
core   0: 0x80002856 (0x00c6d733) srl     a4, a3, a2
core   0: 3 0x80002856 (0x00c6d733) x14 0x00ffffff
core   0: 0x8000285a (0x0194d133) srl     sp, s1, s9
core   0: 3 0x8000285a (0x0194d133) x2  0x00000001
core   0: 0x8000285e (0x2ebf3a13) sltiu   s4, t5, 747
core   0: 3 0x8000285e (0x2ebf3a13) x20 0x00000000
core   0: 0x80002862 (0x03c27a63) bgeu    tp, t3, pc + 52
core   0: 3 0x80002862 (0x03c27a63)
core   0: 0x80002896 (0x003c11b3) sll     gp, s8, gp
core   0: 3 0x80002896 (0x003c11b3) x3  0x00000030
core   0: 0x8000289a (0xc3b091b7) lui     gp, 0xc3b09
core   0: 3 0x8000289a (0xc3b091b7) x3  0xc3b09000
core   0: 0x8000289e (0x032a4a33) div     s4, s4, s2
core   0: 3 0x8000289e (0x032a4a33) x20 0x00000000
core   0: 0x800028a2 (0x00006ee1) c.lui   t4, 0x18
core   0: 3 0x800028a2 (0x6ee1) x29 0x00018000
core   0: 0x800028a4 (0x03c13a33) mulhu   s4, sp, t3
core   0: 3 0x800028a4 (0x03c13a33) x20 0x00000000
core   0: 0x800028a8 (0x00008e91) c.sub   a3, a2
core   0: 3 0x800028a8 (0x8e91) x13 0xfffffff5
core   0: 0x800028aa (0x00008bae) c.mv    s7, a1
core   0: 3 0x800028aa (0x8bae) x23 0xfffe8c6e
core   0: 0x800028ac (0x01614e63) blt     sp, s6, pc + 28
core   0: 3 0x800028ac (0x01614e63)
core   0: 0x800028c8 (0x007fdf33) srl     t5, t6, t2
core   0: 3 0x800028c8 (0x007fdf33) x30 0x0761573e
core   0: 0x800028cc (0x00006699) c.lui   a3, 0x6
core   0: 3 0x800028cc (0x6699) x13 0x00006000
core   0: 0x800028ce (0xd569cb93) xori    s7, s3, -682
core   0: 3 0x800028ce (0xd569cb93) x23 0x5e58dd56
core   0: 0x800028d2 (0x00008f89) c.sub   a5, a0
core   0: 3 0x800028d2 (0x8f89) x15 0x8378bffd
core   0: 0x800028d4 (0x23634b93) xori    s7, t1, 566
core   0: 3 0x800028d4 (0x23634b93) x23 0x0012f106
core   0: 0x800028d8 (0xa3633613) sltiu   a2, t1, -1482
core   0: 3 0x800028d8 (0xa3633613) x12 0x00000001
core   0: 0x800028dc (0x47c04c13) xori    s8, zero, 1148
core   0: 3 0x800028dc (0x47c04c13) x24 0x0000047c
core   0: 0x800028e0 (0x0138ab33) slt     s6, a7, s3
core   0: 3 0x800028e0 (0x0138ab33) x22 0x00000001
core   0: 0x800028e4 (0x000081e6) c.mv    gp, s9
core   0: 3 0x800028e4 (0x81e6) x3  0xffffffff
core   0: 0x800028e6 (0x02453d33) mulhu   s10, a0, tp
core   0: 3 0x800028e6 (0x02453d33) x26 0x00000000
core   0: 0x800028ea (0xe27a0197) auipc   gp, 0xe27a0
core   0: 3 0x800028ea (0xe27a0197) x3  0x627a28ea
core   0: 0x800028ee (0x0000e499) c.bnez  s1, pc + 14
core   0: 3 0x800028ee (0xe499)
core   0: 0x800028fc (0x000090fa) c.add   ra, t5
core   0: 3 0x800028fc (0x90fa) x1  0x0761573e
core   0: 0x800028fe (0x0000717d) c.addi16sp sp, -16
core   0: 3 0x800028fe (0x717d) x2  0xfffffff1
core   0: 0x80002900 (0x01493133) sltu    sp, s2, s4
core   0: 3 0x80002900 (0x01493133) x2  0x00000000
core   0: 0x80002904 (0x00001a7d) c.addi  s4, -1
core   0: 3 0x80002904 (0x1a7d) x20 0xffffffff
core   0: 0x80002906 (0x00004145) c.li    sp, 17
core   0: 3 0x80002906 (0x4145) x2  0x00000011
core   0: 0x80002908 (0x918ef493) andi    s1, t4, -1768
core   0: 3 0x80002908 (0x918ef493) x9  0x00018000
core   0: 0x8000290c (0x01dc5f13) srli    t5, s8, 29
core   0: 3 0x8000290c (0x01dc5f13) x30 0x00000000
core   0: 0x80002910 (0x027cb333) mulhu   t1, s9, t2
core   0: 3 0x80002910 (0x027cb333) x6  0x00000000
core   0: 0x80002914 (0x0279af33) mulhsu  t5, s3, t2
core   0: 3 0x80002914 (0x0279af33) x30 0x00000000
core   0: 0x80002918 (0x401e0033) sub     zero, t3, ra
core   0: 3 0x80002918 (0x401e0033)
core   0: 0x8000291c (0x0000717d) c.addi16sp sp, -16
core   0: 3 0x8000291c (0x717d) x2  0x00000001
core   0: 0x8000291e (0x66244513) xori    a0, s0, 1634
core   0: 3 0x8000291e (0x66244513) x10 0x80029a86
core   0: 0x80002922 (0x01a671b3) and     gp, a2, s10
core   0: 3 0x80002922 (0x01a671b3) x3  0x00000000
core   0: 0x80002926 (0x0000cc91) c.beqz  s1, pc + 28
core   0: 3 0x80002926 (0xcc91)
core   0: 0x80002928 (0x006bdf13) srli    t5, s7, 6
core   0: 3 0x80002928 (0x006bdf13) x30 0x00004bc4
core   0: 0x8000292c (0x0000ec99) c.bnez  s1, pc + 30
core   0: 3 0x8000292c (0xec99)
core   0: 0x8000294a (0xf5d98317) auipc   t1, 0xf5d98
core   0: 3 0x8000294a (0xf5d98317) x6  0x75d9a94a
core   0: 0x8000294e (0x0298b8b3) mulhu   a7, a7, s1
core   0: 3 0x8000294e (0x0298b8b3) x17 0x0000c003
core   0: 0x80002952 (0x005d1733) sll     a4, s10, t0
core   0: 3 0x80002952 (0x005d1733) x14 0x00000000
core   0: 0x80002956 (0xa4b82613) slti    a2, a6, -1461
core   0: 3 0x80002956 (0xa4b82613) x12 0x00000001
core   0: 0x8000295a (0x032fd7b3) divu    a5, t6, s2
core   0: 3 0x8000295a (0x032fd7b3) x15 0x00000000
core   0: 0x8000295e (0x2d577593) andi    a1, a4, 725
core   0: 3 0x8000295e (0x2d577593) x11 0x00000000
core   0: 0x80002962 (0x037d84b3) mul     s1, s11, s7
core   0: 3 0x80002962 (0x037d84b3) x9  0x9a6952d2
core   0: 0x80002966 (0x00008529) c.srai  a0, 10
core   0: 3 0x80002966 (0x8529) x10 0xffe000a6
core   0: 0x80002968 (0x00006c31) c.lui   s8, 0xc
core   0: 3 0x80002968 (0x6c31) x24 0x0000c000
core   0: 0x8000296a (0x016b4533) xor     a0, s6, s6
core   0: 3 0x8000296a (0x016b4533) x10 0x00000000
core   0: 0x8000296e (0x40c80b33) sub     s6, a6, a2
core   0: 3 0x8000296e (0x40c80b33) x22 0x7fffffff
core   0: 0x80002972 (0x02339e33) mulh    t3, t2, gp
core   0: 3 0x80002972 (0x02339e33) x28 0x00000000
core   0: 0x80002976 (0x64f5a993) slti    s3, a1, 1615
core   0: 3 0x80002976 (0x64f5a993) x19 0x00000001
core   0: 0x8000297a (0x004d2733) slt     a4, s10, tp
core   0: 3 0x8000297a (0x004d2733) x14 0x00000000
core   0: 0x8000297e (0x026b9533) mulh    a0, s7, t1
core   0: 3 0x8000297e (0x026b9533) x10 0x0008b842
core   0: 0x80002982 (0xc98cbe13) sltiu   t3, s9, -872
core   0: 3 0x80002982 (0xc98cbe13) x28 0x00000000
core   0: 0x80002986 (0x01310c33) add     s8, sp, s3
core   0: 3 0x80002986 (0x01310c33) x24 0x00000002
core   0: 0x8000298a (0x012ae9b3) or      s3, s5, s2
core   0: 3 0x8000298a (0x012ae9b3) x19 0xec2affe7
core   0: 0x8000298e (0x019ab1b3) sltu    gp, s5, s9
core   0: 3 0x8000298e (0x019ab1b3) x3  0x00000001
core   0: 0x80002992 (0x00000d41) c.addi  s10, 16
core   0: 3 0x80002992 (0x0d41) x26 0x00000010
core   0: 0x80002994 (0x00009e56) c.add   t3, s5
core   0: 3 0x80002994 (0x9e56) x28 0x80025e64
core   0: 0x80002996 (0x40c9d033) sra     zero, s3, a2
core   0: 3 0x80002996 (0x40c9d033)
core   0: 0x8000299a (0x0198cdb3) xor     s11, a7, s9
core   0: 3 0x8000299a (0x0198cdb3) x27 0xffff3ffc
core   0: 0x8000299e (0x029868b3) rem     a7, a6, s1
core   0: 3 0x8000299e (0x029868b3) x17 0xe596ad2e
core   0: 0x800029a2 (0x00000001) c.nop
core   0: 3 0x800029a2 (0x0001)
core   0: 0x800029a4 (0x00049cb3) sll     s9, s1, zero
core   0: 3 0x800029a4 (0x00049cb3) x25 0x9a6952d2
core   0: 0x800029a8 (0x0000023d) c.addi  tp, 15
core   0: 3 0x800029a8 (0x023d) x4  0x0000000e
core   0: 0x800029aa (0x00008e7d) c.and   a2, a5
core   0: 3 0x800029aa (0x8e7d) x12 0x00000000
core   0: 0x800029ac (0x00000001) c.nop
core   0: 3 0x800029ac (0x0001)
core   0: 0x800029ae (0x40345eb3) sra     t4, s0, gp
core   0: 3 0x800029ae (0x40345eb3) x29 0xc0014e72
core   0: 0x800029b2 (0x001f5b33) srl     s6, t5, ra
core   0: 3 0x800029b2 (0x001f5b33) x22 0x00000000
core   0: 0x800029b6 (0x00000a18) c.addi4spn a4, sp, 272
core   0: 3 0x800029b6 (0x0a18) x14 0x00000111
core   0: 0x800029b8 (0x00a1cf63) blt     gp, a0, pc + 30
core   0: 3 0x800029b8 (0x00a1cf63)
core   0: 0x800029d6 (0xc81f8c13) addi    s8, t6, -895
core   0: 3 0x800029d6 (0xc81f8c13) x24 0x076153bf
core   0: 0x800029da (0x02bfe763) bltu    t6, a1, pc + 46
core   0: 3 0x800029da (0x02bfe763)
core   0: 0x800029de (0x010b65b3) or      a1, s6, a6
core   0: 3 0x800029de (0x010b65b3) x11 0x80000000
core   0: 0x800029e2 (0x03e71463) bne     a4, t5, pc + 40
core   0: 3 0x800029e2 (0x03e71463)
core   0: 0x80002a0a (0x007b6363) bltu    s6, t2, pc + 6
core   0: 3 0x80002a0a (0x007b6363)
core   0: 0x80002a0e (0x0000816d) c.srli  a0, 27
core   0: 3 0x80002a0e (0x816d) x10 0x00000000
core   0: 0x80002a10 (0x02c29eb3) mulh    t4, t0, a2
core   0: 3 0x80002a10 (0x02c29eb3) x29 0x00000000
core   0: 0x80002a14 (0x0c3e0693) addi    a3, t3, 195
core   0: 3 0x80002a14 (0x0c3e0693) x13 0x80025f27
core   0: 0x80002a18 (0x404b5393) srai    t2, s6, 4
core   0: 3 0x80002a18 (0x404b5393) x7  0x00000000
core   0: 0x80002a1c (0x00008c99) c.sub   s1, a4
core   0: 3 0x80002a1c (0x8c99) x9  0x9a6951c1
core   0: 0x80002a1e (0x54eec093) xori    ra, t4, 1358
core   0: 3 0x80002a1e (0x54eec093) x1  0x0000054e
core   0: 0x80002a22 (0x00005bfd) c.li    s7, -1
core   0: 3 0x80002a22 (0x5bfd) x23 0xffffffff
core   0: 0x80002a24 (0x00d79d93) slli    s11, a5, 13
core   0: 3 0x80002a24 (0x00d79d93) x27 0x00000000
core   0: 0x80002a28 (0x28e1f717) auipc   a4, 0x28e1f
core   0: 3 0x80002a28 (0x28e1f717) x14 0xa8e21a28
core   0: 0x80002a2c (0x00000f2a) c.slli  t5, 10
core   0: 3 0x80002a2c (0x0f2a) x30 0x012f1000
core   0: 0x80002a2e (0x0043d5b3) srl     a1, t2, tp
core   0: 3 0x80002a2e (0x0043d5b3) x11 0x00000000
core   0: 0x80002a32 (0x00008999) c.andi  a1, 6
core   0: 3 0x80002a32 (0x8999) x11 0x00000000
core   0: 0x80002a34 (0x0000117d) c.addi  sp, -1
core   0: 3 0x80002a34 (0x117d) x2  0x00000000
core   0: 0x80002a36 (0x9ea47393) andi    t2, s0, -1558
core   0: 3 0x80002a36 (0x9ea47393) x7  0x800298e0
core   0: 0x80002a3a (0x023b6fb3) rem     t6, s6, gp
core   0: 3 0x80002a3a (0x023b6fb3) x31 0x00000000
core   0: 0x80002a3e (0x02593f33) mulhu   t5, s2, t0
core   0: 3 0x80002a3e (0x02593f33) x30 0x9371b4a1
core   0: 0x80002a42 (0x036b77b3) remu    a5, s6, s6
core   0: 3 0x80002a42 (0x036b77b3) x15 0x00000000
core   0: 0x80002a46 (0x0189c3b3) xor     t2, s3, s8
core   0: 3 0x80002a46 (0x0189c3b3) x7  0xeb4bac58
core   0: 0x80002a4a (0x00000001) c.nop
core   0: 3 0x80002a4a (0x0001)
core   0: 0x80002a4c (0x01027e63) bgeu    tp, a6, pc + 28
core   0: 3 0x80002a4c (0x01027e63)
core   0: 0x80002a50 (0x0000ee01) c.bnez  a2, pc + 24
core   0: 3 0x80002a50 (0xee01)
core   0: 0x80002a52 (0x000084dd) c.srai  s1, 23
core   0: 3 0x80002a52 (0x84dd) x9  0xffffff34
core   0: 0x80002a54 (0x0000e191) c.bnez  a1, pc + 4
core   0: 3 0x80002a54 (0xe191)
core   0: 0x80002a56 (0x00008d99) c.sub   a1, a4
core   0: 3 0x80002a56 (0x8d99) x11 0x571de5d8
core   0: 0x80002a58 (0x00008e59) c.or    a2, a4
core   0: 3 0x80002a58 (0x8e59) x12 0xa8e21a28
core   0: 0x80002a5a (0x035ec8b3) div     a7, t4, s5
core   0: 3 0x80002a5a (0x035ec8b3) x17 0x00000000
core   0: 0x80002a5e (0x01534033) xor     zero, t1, s5
core   0: 3 0x80002a5e (0x01534033)
core   0: 0x80002a62 (0x0000997d) c.andi  a0, -1
core   0: 3 0x80002a62 (0x997d) x10 0x00000000
core   0: 0x80002a64 (0x00d2f963) bgeu    t0, a3, pc + 18
core   0: 3 0x80002a64 (0x00d2f963)
core   0: 0x80002a76 (0x0001c2b3) xor     t0, gp, zero
core   0: 3 0x80002a76 (0x0001c2b3) x5  0x00000001
core   0: 0x80002a7a (0x7e64aa13) slti    s4, s1, 2022
core   0: 3 0x80002a7a (0x7e64aa13) x20 0x00000001
core   0: 0x80002a7e (0x0000717d) c.addi16sp sp, -16
core   0: 3 0x80002a7e (0x717d) x2  0xfffffff0
core   0: 0x80002a80 (0x82e4d7b7) lui     a5, 0x82e4d
core   0: 3 0x80002a80 (0x82e4d7b7) x15 0x82e4d000
core   0: 0x80002a84 (0x0343d6b3) divu    a3, t2, s4
core   0: 3 0x80002a84 (0x0343d6b3) x13 0xeb4bac58
core   0: 0x80002a88 (0x00008c32) c.mv    s8, a2
core   0: 3 0x80002a88 (0x8c32) x24 0xa8e21a28
core   0: 0x80002a8a (0x0000ed1d) c.bnez  a0, pc + 62
core   0: 3 0x80002a8a (0xed1d)
core   0: 0x80002a8c (0x408d5e93) srai    t4, s10, 8
core   0: 3 0x80002a8c (0x408d5e93) x29 0x00000000
core   0: 0x80002a90 (0x01f630b3) sltu    ra, a2, t6
core   0: 3 0x80002a90 (0x01f630b3) x1  0x00000000
core   0: 0x80002a94 (0x033d79b3) remu    s3, s10, s3
core   0: 3 0x80002a94 (0x033d79b3) x19 0x00000010
core   0: 0x80002a98 (0x000086e5) c.srai  a3, 25
core   0: 3 0x80002a98 (0x86e5) x13 0xfffffff5
core   0: 0x80002a9a (0x00008e79) c.and   a2, a4
core   0: 3 0x80002a9a (0x8e79) x12 0xa8e21a28
core   0: 0x80002a9c (0x00000001) c.nop
core   0: 3 0x80002a9c (0x0001)
core   0: 0x80002a9e (0x41eb08b3) sub     a7, s6, t5
core   0: 3 0x80002a9e (0x41eb08b3) x17 0x6c8e4b5f
core   0: 0x80002aa2 (0x71840793) addi    a5, s0, 1816
core   0: 3 0x80002aa2 (0x71840793) x15 0x8002a3fc
core   0: 0x80002aa6 (0xf905a993) slti    s3, a1, -112
core   0: 3 0x80002aa6 (0xf905a993) x19 0x00000000
core   0: 0x80002aaa (0x00008f05) c.sub   a4, s1
core   0: 3 0x80002aaa (0x8f05) x14 0xa8e21af4
core   0: 0x80002aac (0x012c1113) slli    sp, s8, 18
core   0: 3 0x80002aac (0x012c1113) x2  0x68a00000
core   0: 0x80002ab0 (0x0c812eb7) lui     t4, 0xc812
core   0: 3 0x80002ab0 (0x0c812eb7) x29 0x0c812000
core   0: 0x80002ab4 (0x0000ec8d) c.bnez  s1, pc + 58
core   0: 3 0x80002ab4 (0xec8d)
core   0: 0x80002aee (0x073cfe63) bgeu    s9, s3, pc + 124
core   0: 3 0x80002aee (0x073cfe63)
core   0: 0x80002b6a (0x02e599b3) mulh    s3, a1, a4
core   0: 3 0x80002b6a (0x02e599b3) x19 0xe25aaa8e
core   0: 0x80002b6e (0x010e30b3) sltu    ra, t3, a6
core   0: 3 0x80002b6e (0x010e30b3) x1  0x00000000
core   0: 0x80002b72 (0x021bd263) bge     s7, ra, pc + 36
core   0: 3 0x80002b72 (0x021bd263)
core   0: 0x80002b76 (0x0240beb3) mulhu   t4, ra, tp
core   0: 3 0x80002b76 (0x0240beb3) x29 0x00000000
core   0: 0x80002b7a (0x03616d33) rem     s10, sp, s6
core   0: 3 0x80002b7a (0x03616d33) x26 0x68a00000
core   0: 0x80002b7e (0x023b49b3) div     s3, s6, gp
core   0: 3 0x80002b7e (0x023b49b3) x19 0x00000000
core   0: 0x80002b82 (0x00006b91) c.lui   s7, 0x4
core   0: 3 0x80002b82 (0x6b91) x23 0x00004000
core   0: 0x80002b84 (0x0000e205) c.bnez  a2, pc + 32
core   0: 3 0x80002b84 (0xe205)
core   0: 0x80002ba4 (0x00009a7a) c.add   s4, t5
core   0: 3 0x80002ba4 (0x9a7a) x20 0x9371b4a2
core   0: 0x80002ba6 (0x02386663) bltu    a6, gp, pc + 44
core   0: 3 0x80002ba6 (0x02386663)
core   0: 0x80002baa (0x00000906) c.slli  s2, 1
core   0: 3 0x80002baa (0x0906) x18 0xd855cf86
core   0: 0x80002bac (0x03878fb3) mul     t6, a5, s8
core   0: 3 0x80002bac (0x03878fb3) x31 0x69893760
core   0: 0x80002bb0 (0x5577b113) sltiu   sp, a5, 1367
core   0: 3 0x80002bb0 (0x5577b113) x2  0x00000000
core   0: 0x80002bb4 (0x40965fb3) sra     t6, a2, s1
core   0: 3 0x80002bb4 (0x40965fb3) x31 0xfffffa8e
core   0: 0x80002bb8 (0x00000001) c.nop
core   0: 3 0x80002bb8 (0x0001)
core   0: 0x80002bba (0x00f3f3b3) and     t2, t2, a5
core   0: 3 0x80002bba (0x00f3f3b3) x7  0x8002a058
core   0: 0x80002bbe (0x02a058b3) divu    a7, zero, a0
core   0: 3 0x80002bbe (0x02a058b3) x17 0xffffffff
core   0: 0x80002bc2 (0x035174b3) remu    s1, sp, s5
core   0: 3 0x80002bc2 (0x035174b3) x9  0x00000000
core   0: 0x80002bc6 (0x006eceb3) xor     t4, t4, t1
core   0: 3 0x80002bc6 (0x006eceb3) x29 0x75d9a94a
core   0: 0x80002bca (0x00008579) c.srai  a0, 30
core   0: 3 0x80002bca (0x8579) x10 0x00000000
core   0: 0x80002bcc (0x00000001) c.nop
core   0: 3 0x80002bcc (0x0001)
core   0: 0x80002bce (0x00ec7133) and     sp, s8, a4
core   0: 3 0x80002bce (0x00ec7133) x2  0xa8e21a20
core   0: 0x80002bd2 (0x03c72633) mulhsu  a2, a4, t3
core   0: 3 0x80002bd2 (0x03c72633) x12 0xd4703f1f
core   0: 0x80002bd6 (0x03a415b3) mulh    a1, s0, s10
core   0: 3 0x80002bd6 (0x03a415b3) x11 0xcbb1115e
core   0: 0x80002bda (0xe14bc393) xori    t2, s7, -492
core   0: 3 0x80002bda (0xe14bc393) x7  0xffffbe14
core   0: 0x80002bde (0x011dd933) srl     s2, s11, a7
core   0: 3 0x80002bde (0x011dd933) x18 0x00000000
core   0: 0x80002be2 (0x0358f5b3) remu    a1, a7, s5
core   0: 3 0x80002be2 (0x0358f5b3) x11 0x7ffda19b
core   0: 0x80002be6 (0x000043e1) c.li    t2, 24
core   0: 3 0x80002be6 (0x43e1) x7  0x00000018
core   0: 0x80002be8 (0x00008d21) c.xor   a0, s0
core   0: 3 0x80002be8 (0x8d21) x10 0x80029ce4
core   0: 0x80002bea (0x69804897) auipc   a7, 0x69804
core   0: 3 0x80002bea (0x69804897) x17 0xe9806bea
core   0: 0x80002bee (0x00009bc6) c.add   s7, a7
core   0: 3 0x80002bee (0x9bc6) x23 0xe980abea
core   0: 0x80002bf0 (0x023419b3) mulh    s3, s0, gp
core   0: 3 0x80002bf0 (0x023419b3) x19 0xffffffff
core   0: 0x80002bf4 (0x00008cf9) c.and   s1, a4
core   0: 3 0x80002bf4 (0x8cf9) x9  0x00000000
core   0: 0x80002bf6 (0x0144cd33) xor     s10, s1, s4
core   0: 3 0x80002bf6 (0x0144cd33) x26 0x9371b4a2
core   0: 0x80002bfa (0x0000034a) c.slli  t1, 18
core   0: 3 0x80002bfa (0x034a) x6  0xa5280000
core   0: 0x80002bfc (0x41d48633) sub     a2, s1, t4
core   0: 3 0x80002bfc (0x41d48633) x12 0x8a2656b6
core   0: 0x80002c00 (0xec477b13) andi    s6, a4, -316
core   0: 3 0x80002c00 (0xec477b13) x22 0xa8e21ac4
core   0: 0x80002c04 (0x4cde3d93) sltiu   s11, t3, 1229
core   0: 3 0x80002c04 (0x4cde3d93) x27 0x00000000
core   0: 0x80002c08 (0x019330b3) sltu    ra, t1, s9
core   0: 3 0x80002c08 (0x019330b3) x1  0x00000000
core   0: 0x80002c0c (0xff720d93) addi    s11, tp, -9
core   0: 3 0x80002c0c (0xff720d93) x27 0x00000005
core   0: 0x80002c10 (0x0000825d) c.srli  a2, 23
core   0: 3 0x80002c10 (0x825d) x12 0x00000114
core   0: 0x80002c12 (0x00008f35) c.xor   a4, a3
core   0: 3 0x80002c12 (0x8f35) x14 0x571de501
core   0: 0x80002c14 (0x00008dd5) c.or    a1, a3
core   0: 3 0x80002c14 (0x8dd5) x11 0xffffffff
core   0: 0x80002c16 (0x035739b3) mulhu   s3, a4, s5
core   0: 3 0x80002c16 (0x035739b3) x19 0x2b8fc0db
core   0: 0x80002c1a (0x00006179) c.addi16sp sp, 464
core   0: 3 0x80002c1a (0x6179) x2  0xa8e21bf0
core   0: 0x80002c1c (0x4d048993) addi    s3, s1, 1232
core   0: 3 0x80002c1c (0x4d048993) x19 0x000004d0
core   0: 0x80002c20 (0x03954633) div     a2, a0, s9
core   0: 3 0x80002c20 (0x03954633) x12 0x00000001
core   0: 0x80002c24 (0xf0e7adb7) lui     s11, 0xf0e7a
core   0: 3 0x80002c24 (0xf0e7adb7) x27 0xf0e7a000
core   0: 0x80002c28 (0x000086a1) c.srai  a3, 8
core   0: 3 0x80002c28 (0x86a1) x13 0xffffffff
core   0: 0x80002c2a (0x038ac763) blt     s5, s8, pc + 46
core   0: 3 0x80002c2a (0x038ac763)
core   0: 0x80002c58 (0x02a01933) mulh    s2, zero, a0
core   0: 3 0x80002c58 (0x02a01933) x18 0x00000000
core   0: 0x80002c5c (0x03d73e33) mulhu   t3, a4, t4
core   0: 3 0x80002c5c (0x03d73e33) x28 0x281abb9c
core   0: 0x80002c60 (0x00008fd1) c.or    a5, a2
core   0: 3 0x80002c60 (0x8fd1) x15 0x8002a3fd
core   0: 0x80002c62 (0x000080d5) c.srli  s1, 21
core   0: 3 0x80002c62 (0x80d5) x9  0x00000000
core   0: 0x80002c64 (0x00acf213) andi    tp, s9, 10
core   0: 3 0x80002c64 (0x00acf213) x4  0x00000002
core   0: 0x80002c68 (0x002adc33) srl     s8, s5, sp
core   0: 3 0x80002c68 (0x002adc33) x24 0x00008002
core   0: 0x80002c6c (0x9a644e13) xori    t3, s0, -1626
core   0: 3 0x80002c6c (0x9a644e13) x28 0x7ffd6542
core   0: 0x80002c70 (0x4024d633) sra     a2, s1, sp
core   0: 3 0x80002c70 (0x4024d633) x12 0x00000000
core   0: 0x80002c74 (0x000ddd13) srli    s10, s11, 0
core   0: 3 0x80002c74 (0x000ddd13) x26 0xf0e7a000
core   0: 0x80002c78 (0x01aa68b3) or      a7, s4, s10
core   0: 3 0x80002c78 (0x01aa68b3) x17 0xf3f7b4a2
core   0: 0x80002c7c (0x0000717d) c.addi16sp sp, -16
core   0: 3 0x80002c7c (0x717d) x2  0xa8e21be0
core   0: 0x80002c7e (0x001120b3) slt     ra, sp, ra
core   0: 3 0x80002c7e (0x001120b3) x1  0x00000001
core   0: 0x80002c82 (0x3592f893) andi    a7, t0, 857
core   0: 3 0x80002c82 (0x3592f893) x17 0x00000001
core   0: 0x80002c86 (0x0000921a) c.add   tp, t1
core   0: 3 0x80002c86 (0x921a) x4  0xa5280002
core   0: 0x80002c88 (0x40b05db3) sra     s11, zero, a1
core   0: 3 0x80002c88 (0x40b05db3) x27 0x00000000
core   0: 0x80002c8c (0x000051f1) c.li    gp, -4
core   0: 3 0x80002c8c (0x51f1) x3  0xfffffffc
core   0: 0x80002c8e (0x751c1797) auipc   a5, 0x751c1
core   0: 3 0x80002c8e (0x751c1797) x15 0xf51c3c8e
core   0: 0x80002c92 (0x073b3d13) sltiu   s10, s6, 115
core   0: 3 0x80002c92 (0x073b3d13) x26 0x00000000
core   0: 0x80002c96 (0x294e2db7) lui     s11, 0x294e2
core   0: 3 0x80002c96 (0x294e2db7) x27 0x294e2000
core   0: 0x80002c9a (0x00004251) c.li    tp, 20
core   0: 3 0x80002c9a (0x4251) x4  0x00000014
core   0: 0x80002c9c (0xd3c74613) xori    a2, a4, -708
core   0: 3 0x80002c9c (0xd3c74613) x12 0xa8e2183d
core   0: 0x80002ca0 (0x0000018d) c.addi  gp, 3
core   0: 3 0x80002ca0 (0x018d) x3  0xffffffff
core   0: 0x80002ca2 (0xb88dce93) xori    t4, s11, -1144
core   0: 3 0x80002ca2 (0xb88dce93) x29 0xd6b1db88
core   0: 0x80002ca6 (0x01b6d9b3) srl     s3, a3, s11
core   0: 3 0x80002ca6 (0x01b6d9b3) x19 0xffffffff
core   0: 0x80002caa (0x00006939) c.lui   s2, 0xe
core   0: 3 0x80002caa (0x6939) x18 0x0000e000
core   0: 0x80002cac (0x0167a633) slt     a2, a5, s6
core   0: 3 0x80002cac (0x0167a633) x12 0x00000000
core   0: 0x80002cb0 (0x00004f81) c.li    t6, 0
core   0: 3 0x80002cb0 (0x4f81) x31 0x00000000
core   0: 0x80002cb2 (0x0324a8b3) mulhsu  a7, s1, s2
core   0: 3 0x80002cb2 (0x0324a8b3) x17 0x00000000
core   0: 0x80002cb6 (0x00004349) c.li    t1, 18
core   0: 3 0x80002cb6 (0x4349) x6  0x00000012
core   0: 0x80002cb8 (0x60753113) sltiu   sp, a0, 1543
core   0: 3 0x80002cb8 (0x60753113) x2  0x00000000
core   0: 0x80002cbc (0x0000717d) c.addi16sp sp, -16
core   0: 3 0x80002cbc (0x717d) x2  0xfffffff0
core   0: 0x80002cbe (0x0261deb3) divu    t4, gp, t1
core   0: 3 0x80002cbe (0x0261deb3) x29 0x0e38e38e
core   0: 0x80002cc2 (0x00008fc9) c.or    a5, a0
core   0: 3 0x80002cc2 (0x8fc9) x15 0xf51ebcee
core   0: 0x80002cc4 (0x00b3d013) srli    zero, t2, 11
core   0: 3 0x80002cc4 (0x00b3d013)
core   0: 0x80002cc8 (0x40a25113) srai    sp, tp, 10
core   0: 3 0x80002cc8 (0x40a25113) x2  0x00000000
core   0: 0x80002ccc (0x8d377e93) andi    t4, a4, -1837
core   0: 3 0x80002ccc (0x8d377e93) x29 0x571de001
core   0: 0x80002cd0 (0x0136d3b3) srl     t2, a3, s3
core   0: 3 0x80002cd0 (0x0136d3b3) x7  0x00000001
core   0: 0x80002cd4 (0x00000f89) c.addi  t6, 2
core   0: 3 0x80002cd4 (0x0f89) x31 0x00000002
core   0: 0x80002cd6 (0x40db82b3) sub     t0, s7, a3
core   0: 3 0x80002cd6 (0x40db82b3) x5  0xe980abeb
core   0: 0x80002cda (0x0038fd33) and     s10, a7, gp
core   0: 3 0x80002cda (0x0038fd33) x26 0x00000000
core   0: 0x80002cde (0x00008a89) c.andi  a3, 2
core   0: 3 0x80002cde (0x8a89) x13 0x00000002
core   0: 0x80002ce0 (0xbd3a8893) addi    a7, s5, -1069
core   0: 3 0x80002ce0 (0xbd3a8893) x17 0x80025a37
core   0: 0x80002ce4 (0x026d9133) mulh    sp, s11, t1
core   0: 3 0x80002ce4 (0x026d9133) x2  0x00000002
core   0: 0x80002ce8 (0xfe6f82e3) beq     t6, t1, pc - 28
core   0: 3 0x80002ce8 (0xfe6f82e3)
core   0: 0x80002cec (0x00006171) c.addi16sp sp, 336
core   0: 3 0x80002cec (0x6171) x2  0x00000152
core   0: 0x80002cee (0x00008f22) c.mv    t5, s0
core   0: 3 0x80002cee (0x8f22) x30 0x80029ce4
core   0: 0x80002cf0 (0x02476d33) rem     s10, a4, tp
core   0: 3 0x80002cf0 (0x02476d33) x26 0x00000001
core   0: 0x80002cf4 (0xfa41c4e3) blt     gp, tp, pc - 88
core   0: 3 0x80002cf4 (0xfa41c4e3)
core   0: 0x80002c9c (0xd3c74613) xori    a2, a4, -708
core   0: 3 0x80002c9c (0xd3c74613) x12 0xa8e2183d
core   0: 0x80002ca0 (0x0000018d) c.addi  gp, 3
core   0: 3 0x80002ca0 (0x018d) x3  0x00000002
core   0: 0x80002ca2 (0xb88dce93) xori    t4, s11, -1144
core   0: 3 0x80002ca2 (0xb88dce93) x29 0xd6b1db88
core   0: 0x80002ca6 (0x01b6d9b3) srl     s3, a3, s11
core   0: 3 0x80002ca6 (0x01b6d9b3) x19 0x00000002
core   0: 0x80002caa (0x00006939) c.lui   s2, 0xe
core   0: 3 0x80002caa (0x6939) x18 0x0000e000
core   0: 0x80002cac (0x0167a633) slt     a2, a5, s6
core   0: 3 0x80002cac (0x0167a633) x12 0x00000000
core   0: 0x80002cb0 (0x00004f81) c.li    t6, 0
core   0: 3 0x80002cb0 (0x4f81) x31 0x00000000
core   0: 0x80002cb2 (0x0324a8b3) mulhsu  a7, s1, s2
core   0: 3 0x80002cb2 (0x0324a8b3) x17 0x00000000
core   0: 0x80002cb6 (0x00004349) c.li    t1, 18
core   0: 3 0x80002cb6 (0x4349) x6  0x00000012
core   0: 0x80002cb8 (0x60753113) sltiu   sp, a0, 1543
core   0: 3 0x80002cb8 (0x60753113) x2  0x00000000
core   0: 0x80002cbc (0x0000717d) c.addi16sp sp, -16
core   0: 3 0x80002cbc (0x717d) x2  0xfffffff0
core   0: 0x80002cbe (0x0261deb3) divu    t4, gp, t1
core   0: 3 0x80002cbe (0x0261deb3) x29 0x00000000
core   0: 0x80002cc2 (0x00008fc9) c.or    a5, a0
core   0: 3 0x80002cc2 (0x8fc9) x15 0xf51ebcee
core   0: 0x80002cc4 (0x00b3d013) srli    zero, t2, 11
core   0: 3 0x80002cc4 (0x00b3d013)
core   0: 0x80002cc8 (0x40a25113) srai    sp, tp, 10
core   0: 3 0x80002cc8 (0x40a25113) x2  0x00000000
core   0: 0x80002ccc (0x8d377e93) andi    t4, a4, -1837
core   0: 3 0x80002ccc (0x8d377e93) x29 0x571de001
core   0: 0x80002cd0 (0x0136d3b3) srl     t2, a3, s3
core   0: 3 0x80002cd0 (0x0136d3b3) x7  0x00000000
core   0: 0x80002cd4 (0x00000f89) c.addi  t6, 2
core   0: 3 0x80002cd4 (0x0f89) x31 0x00000002
core   0: 0x80002cd6 (0x40db82b3) sub     t0, s7, a3
core   0: 3 0x80002cd6 (0x40db82b3) x5  0xe980abe8
core   0: 0x80002cda (0x0038fd33) and     s10, a7, gp
core   0: 3 0x80002cda (0x0038fd33) x26 0x00000000
core   0: 0x80002cde (0x00008a89) c.andi  a3, 2
core   0: 3 0x80002cde (0x8a89) x13 0x00000002
core   0: 0x80002ce0 (0xbd3a8893) addi    a7, s5, -1069
core   0: 3 0x80002ce0 (0xbd3a8893) x17 0x80025a37
core   0: 0x80002ce4 (0x026d9133) mulh    sp, s11, t1
core   0: 3 0x80002ce4 (0x026d9133) x2  0x00000002
core   0: 0x80002ce8 (0xfe6f82e3) beq     t6, t1, pc - 28
core   0: 3 0x80002ce8 (0xfe6f82e3)
core   0: 0x80002cec (0x00006171) c.addi16sp sp, 336
core   0: 3 0x80002cec (0x6171) x2  0x00000152
core   0: 0x80002cee (0x00008f22) c.mv    t5, s0
core   0: 3 0x80002cee (0x8f22) x30 0x80029ce4
core   0: 0x80002cf0 (0x02476d33) rem     s10, a4, tp
core   0: 3 0x80002cf0 (0x02476d33) x26 0x00000001
core   0: 0x80002cf4 (0xfa41c4e3) blt     gp, tp, pc - 88
core   0: 3 0x80002cf4 (0xfa41c4e3)
core   0: 0x80002c9c (0xd3c74613) xori    a2, a4, -708
core   0: 3 0x80002c9c (0xd3c74613) x12 0xa8e2183d
core   0: 0x80002ca0 (0x0000018d) c.addi  gp, 3
core   0: 3 0x80002ca0 (0x018d) x3  0x00000005
core   0: 0x80002ca2 (0xb88dce93) xori    t4, s11, -1144
core   0: 3 0x80002ca2 (0xb88dce93) x29 0xd6b1db88
core   0: 0x80002ca6 (0x01b6d9b3) srl     s3, a3, s11
core   0: 3 0x80002ca6 (0x01b6d9b3) x19 0x00000002
core   0: 0x80002caa (0x00006939) c.lui   s2, 0xe
core   0: 3 0x80002caa (0x6939) x18 0x0000e000
core   0: 0x80002cac (0x0167a633) slt     a2, a5, s6
core   0: 3 0x80002cac (0x0167a633) x12 0x00000000
core   0: 0x80002cb0 (0x00004f81) c.li    t6, 0
core   0: 3 0x80002cb0 (0x4f81) x31 0x00000000
core   0: 0x80002cb2 (0x0324a8b3) mulhsu  a7, s1, s2
core   0: 3 0x80002cb2 (0x0324a8b3) x17 0x00000000
core   0: 0x80002cb6 (0x00004349) c.li    t1, 18
core   0: 3 0x80002cb6 (0x4349) x6  0x00000012
core   0: 0x80002cb8 (0x60753113) sltiu   sp, a0, 1543
core   0: 3 0x80002cb8 (0x60753113) x2  0x00000000
core   0: 0x80002cbc (0x0000717d) c.addi16sp sp, -16
core   0: 3 0x80002cbc (0x717d) x2  0xfffffff0
core   0: 0x80002cbe (0x0261deb3) divu    t4, gp, t1
core   0: 3 0x80002cbe (0x0261deb3) x29 0x00000000
core   0: 0x80002cc2 (0x00008fc9) c.or    a5, a0
core   0: 3 0x80002cc2 (0x8fc9) x15 0xf51ebcee
core   0: 0x80002cc4 (0x00b3d013) srli    zero, t2, 11
core   0: 3 0x80002cc4 (0x00b3d013)
core   0: 0x80002cc8 (0x40a25113) srai    sp, tp, 10
core   0: 3 0x80002cc8 (0x40a25113) x2  0x00000000
core   0: 0x80002ccc (0x8d377e93) andi    t4, a4, -1837
core   0: 3 0x80002ccc (0x8d377e93) x29 0x571de001
core   0: 0x80002cd0 (0x0136d3b3) srl     t2, a3, s3
core   0: 3 0x80002cd0 (0x0136d3b3) x7  0x00000000
core   0: 0x80002cd4 (0x00000f89) c.addi  t6, 2
core   0: 3 0x80002cd4 (0x0f89) x31 0x00000002
core   0: 0x80002cd6 (0x40db82b3) sub     t0, s7, a3
core   0: 3 0x80002cd6 (0x40db82b3) x5  0xe980abe8
core   0: 0x80002cda (0x0038fd33) and     s10, a7, gp
core   0: 3 0x80002cda (0x0038fd33) x26 0x00000000
core   0: 0x80002cde (0x00008a89) c.andi  a3, 2
core   0: 3 0x80002cde (0x8a89) x13 0x00000002
core   0: 0x80002ce0 (0xbd3a8893) addi    a7, s5, -1069
core   0: 3 0x80002ce0 (0xbd3a8893) x17 0x80025a37
core   0: 0x80002ce4 (0x026d9133) mulh    sp, s11, t1
core   0: 3 0x80002ce4 (0x026d9133) x2  0x00000002
core   0: 0x80002ce8 (0xfe6f82e3) beq     t6, t1, pc - 28
core   0: 3 0x80002ce8 (0xfe6f82e3)
core   0: 0x80002cec (0x00006171) c.addi16sp sp, 336
core   0: 3 0x80002cec (0x6171) x2  0x00000152
core   0: 0x80002cee (0x00008f22) c.mv    t5, s0
core   0: 3 0x80002cee (0x8f22) x30 0x80029ce4
core   0: 0x80002cf0 (0x02476d33) rem     s10, a4, tp
core   0: 3 0x80002cf0 (0x02476d33) x26 0x00000001
core   0: 0x80002cf4 (0xfa41c4e3) blt     gp, tp, pc - 88
core   0: 3 0x80002cf4 (0xfa41c4e3)
core   0: 0x80002c9c (0xd3c74613) xori    a2, a4, -708
core   0: 3 0x80002c9c (0xd3c74613) x12 0xa8e2183d
core   0: 0x80002ca0 (0x0000018d) c.addi  gp, 3
core   0: 3 0x80002ca0 (0x018d) x3  0x00000008
core   0: 0x80002ca2 (0xb88dce93) xori    t4, s11, -1144
core   0: 3 0x80002ca2 (0xb88dce93) x29 0xd6b1db88
core   0: 0x80002ca6 (0x01b6d9b3) srl     s3, a3, s11
core   0: 3 0x80002ca6 (0x01b6d9b3) x19 0x00000002
core   0: 0x80002caa (0x00006939) c.lui   s2, 0xe
core   0: 3 0x80002caa (0x6939) x18 0x0000e000
core   0: 0x80002cac (0x0167a633) slt     a2, a5, s6
core   0: 3 0x80002cac (0x0167a633) x12 0x00000000
core   0: 0x80002cb0 (0x00004f81) c.li    t6, 0
core   0: 3 0x80002cb0 (0x4f81) x31 0x00000000
core   0: 0x80002cb2 (0x0324a8b3) mulhsu  a7, s1, s2
core   0: 3 0x80002cb2 (0x0324a8b3) x17 0x00000000
core   0: 0x80002cb6 (0x00004349) c.li    t1, 18
core   0: 3 0x80002cb6 (0x4349) x6  0x00000012
core   0: 0x80002cb8 (0x60753113) sltiu   sp, a0, 1543
core   0: 3 0x80002cb8 (0x60753113) x2  0x00000000
core   0: 0x80002cbc (0x0000717d) c.addi16sp sp, -16
core   0: 3 0x80002cbc (0x717d) x2  0xfffffff0
core   0: 0x80002cbe (0x0261deb3) divu    t4, gp, t1
core   0: 3 0x80002cbe (0x0261deb3) x29 0x00000000
core   0: 0x80002cc2 (0x00008fc9) c.or    a5, a0
core   0: 3 0x80002cc2 (0x8fc9) x15 0xf51ebcee
core   0: 0x80002cc4 (0x00b3d013) srli    zero, t2, 11
core   0: 3 0x80002cc4 (0x00b3d013)
core   0: 0x80002cc8 (0x40a25113) srai    sp, tp, 10
core   0: 3 0x80002cc8 (0x40a25113) x2  0x00000000
core   0: 0x80002ccc (0x8d377e93) andi    t4, a4, -1837
core   0: 3 0x80002ccc (0x8d377e93) x29 0x571de001
core   0: 0x80002cd0 (0x0136d3b3) srl     t2, a3, s3
core   0: 3 0x80002cd0 (0x0136d3b3) x7  0x00000000
core   0: 0x80002cd4 (0x00000f89) c.addi  t6, 2
core   0: 3 0x80002cd4 (0x0f89) x31 0x00000002
core   0: 0x80002cd6 (0x40db82b3) sub     t0, s7, a3
core   0: 3 0x80002cd6 (0x40db82b3) x5  0xe980abe8
core   0: 0x80002cda (0x0038fd33) and     s10, a7, gp
core   0: 3 0x80002cda (0x0038fd33) x26 0x00000000
core   0: 0x80002cde (0x00008a89) c.andi  a3, 2
core   0: 3 0x80002cde (0x8a89) x13 0x00000002
core   0: 0x80002ce0 (0xbd3a8893) addi    a7, s5, -1069
core   0: 3 0x80002ce0 (0xbd3a8893) x17 0x80025a37
core   0: 0x80002ce4 (0x026d9133) mulh    sp, s11, t1
core   0: 3 0x80002ce4 (0x026d9133) x2  0x00000002
core   0: 0x80002ce8 (0xfe6f82e3) beq     t6, t1, pc - 28
core   0: 3 0x80002ce8 (0xfe6f82e3)
core   0: 0x80002cec (0x00006171) c.addi16sp sp, 336
core   0: 3 0x80002cec (0x6171) x2  0x00000152
core   0: 0x80002cee (0x00008f22) c.mv    t5, s0
core   0: 3 0x80002cee (0x8f22) x30 0x80029ce4
core   0: 0x80002cf0 (0x02476d33) rem     s10, a4, tp
core   0: 3 0x80002cf0 (0x02476d33) x26 0x00000001
core   0: 0x80002cf4 (0xfa41c4e3) blt     gp, tp, pc - 88
core   0: 3 0x80002cf4 (0xfa41c4e3)
core   0: 0x80002c9c (0xd3c74613) xori    a2, a4, -708
core   0: 3 0x80002c9c (0xd3c74613) x12 0xa8e2183d
core   0: 0x80002ca0 (0x0000018d) c.addi  gp, 3
core   0: 3 0x80002ca0 (0x018d) x3  0x0000000b
core   0: 0x80002ca2 (0xb88dce93) xori    t4, s11, -1144
core   0: 3 0x80002ca2 (0xb88dce93) x29 0xd6b1db88
core   0: 0x80002ca6 (0x01b6d9b3) srl     s3, a3, s11
core   0: 3 0x80002ca6 (0x01b6d9b3) x19 0x00000002
core   0: 0x80002caa (0x00006939) c.lui   s2, 0xe
core   0: 3 0x80002caa (0x6939) x18 0x0000e000
core   0: 0x80002cac (0x0167a633) slt     a2, a5, s6
core   0: 3 0x80002cac (0x0167a633) x12 0x00000000
core   0: 0x80002cb0 (0x00004f81) c.li    t6, 0
core   0: 3 0x80002cb0 (0x4f81) x31 0x00000000
core   0: 0x80002cb2 (0x0324a8b3) mulhsu  a7, s1, s2
core   0: 3 0x80002cb2 (0x0324a8b3) x17 0x00000000
core   0: 0x80002cb6 (0x00004349) c.li    t1, 18
core   0: 3 0x80002cb6 (0x4349) x6  0x00000012
core   0: 0x80002cb8 (0x60753113) sltiu   sp, a0, 1543
core   0: 3 0x80002cb8 (0x60753113) x2  0x00000000
core   0: 0x80002cbc (0x0000717d) c.addi16sp sp, -16
core   0: 3 0x80002cbc (0x717d) x2  0xfffffff0
core   0: 0x80002cbe (0x0261deb3) divu    t4, gp, t1
core   0: 3 0x80002cbe (0x0261deb3) x29 0x00000000
core   0: 0x80002cc2 (0x00008fc9) c.or    a5, a0
core   0: 3 0x80002cc2 (0x8fc9) x15 0xf51ebcee
core   0: 0x80002cc4 (0x00b3d013) srli    zero, t2, 11
core   0: 3 0x80002cc4 (0x00b3d013)
core   0: 0x80002cc8 (0x40a25113) srai    sp, tp, 10
core   0: 3 0x80002cc8 (0x40a25113) x2  0x00000000
core   0: 0x80002ccc (0x8d377e93) andi    t4, a4, -1837
core   0: 3 0x80002ccc (0x8d377e93) x29 0x571de001
core   0: 0x80002cd0 (0x0136d3b3) srl     t2, a3, s3
core   0: 3 0x80002cd0 (0x0136d3b3) x7  0x00000000
core   0: 0x80002cd4 (0x00000f89) c.addi  t6, 2
core   0: 3 0x80002cd4 (0x0f89) x31 0x00000002
core   0: 0x80002cd6 (0x40db82b3) sub     t0, s7, a3
core   0: 3 0x80002cd6 (0x40db82b3) x5  0xe980abe8
core   0: 0x80002cda (0x0038fd33) and     s10, a7, gp
core   0: 3 0x80002cda (0x0038fd33) x26 0x00000000
core   0: 0x80002cde (0x00008a89) c.andi  a3, 2
core   0: 3 0x80002cde (0x8a89) x13 0x00000002
core   0: 0x80002ce0 (0xbd3a8893) addi    a7, s5, -1069
core   0: 3 0x80002ce0 (0xbd3a8893) x17 0x80025a37
core   0: 0x80002ce4 (0x026d9133) mulh    sp, s11, t1
core   0: 3 0x80002ce4 (0x026d9133) x2  0x00000002
core   0: 0x80002ce8 (0xfe6f82e3) beq     t6, t1, pc - 28
core   0: 3 0x80002ce8 (0xfe6f82e3)
core   0: 0x80002cec (0x00006171) c.addi16sp sp, 336
core   0: 3 0x80002cec (0x6171) x2  0x00000152
core   0: 0x80002cee (0x00008f22) c.mv    t5, s0
core   0: 3 0x80002cee (0x8f22) x30 0x80029ce4
core   0: 0x80002cf0 (0x02476d33) rem     s10, a4, tp
core   0: 3 0x80002cf0 (0x02476d33) x26 0x00000001
core   0: 0x80002cf4 (0xfa41c4e3) blt     gp, tp, pc - 88
core   0: 3 0x80002cf4 (0xfa41c4e3)
core   0: 0x80002c9c (0xd3c74613) xori    a2, a4, -708
core   0: 3 0x80002c9c (0xd3c74613) x12 0xa8e2183d
core   0: 0x80002ca0 (0x0000018d) c.addi  gp, 3
core   0: 3 0x80002ca0 (0x018d) x3  0x0000000e
core   0: 0x80002ca2 (0xb88dce93) xori    t4, s11, -1144
core   0: 3 0x80002ca2 (0xb88dce93) x29 0xd6b1db88
core   0: 0x80002ca6 (0x01b6d9b3) srl     s3, a3, s11
core   0: 3 0x80002ca6 (0x01b6d9b3) x19 0x00000002
core   0: 0x80002caa (0x00006939) c.lui   s2, 0xe
core   0: 3 0x80002caa (0x6939) x18 0x0000e000
core   0: 0x80002cac (0x0167a633) slt     a2, a5, s6
core   0: 3 0x80002cac (0x0167a633) x12 0x00000000
core   0: 0x80002cb0 (0x00004f81) c.li    t6, 0
core   0: 3 0x80002cb0 (0x4f81) x31 0x00000000
core   0: 0x80002cb2 (0x0324a8b3) mulhsu  a7, s1, s2
core   0: 3 0x80002cb2 (0x0324a8b3) x17 0x00000000
core   0: 0x80002cb6 (0x00004349) c.li    t1, 18
core   0: 3 0x80002cb6 (0x4349) x6  0x00000012
core   0: 0x80002cb8 (0x60753113) sltiu   sp, a0, 1543
core   0: 3 0x80002cb8 (0x60753113) x2  0x00000000
core   0: 0x80002cbc (0x0000717d) c.addi16sp sp, -16
core   0: 3 0x80002cbc (0x717d) x2  0xfffffff0
core   0: 0x80002cbe (0x0261deb3) divu    t4, gp, t1
core   0: 3 0x80002cbe (0x0261deb3) x29 0x00000000
core   0: 0x80002cc2 (0x00008fc9) c.or    a5, a0
core   0: 3 0x80002cc2 (0x8fc9) x15 0xf51ebcee
core   0: 0x80002cc4 (0x00b3d013) srli    zero, t2, 11
core   0: 3 0x80002cc4 (0x00b3d013)
core   0: 0x80002cc8 (0x40a25113) srai    sp, tp, 10
core   0: 3 0x80002cc8 (0x40a25113) x2  0x00000000
core   0: 0x80002ccc (0x8d377e93) andi    t4, a4, -1837
core   0: 3 0x80002ccc (0x8d377e93) x29 0x571de001
core   0: 0x80002cd0 (0x0136d3b3) srl     t2, a3, s3
core   0: 3 0x80002cd0 (0x0136d3b3) x7  0x00000000
core   0: 0x80002cd4 (0x00000f89) c.addi  t6, 2
core   0: 3 0x80002cd4 (0x0f89) x31 0x00000002
core   0: 0x80002cd6 (0x40db82b3) sub     t0, s7, a3
core   0: 3 0x80002cd6 (0x40db82b3) x5  0xe980abe8
core   0: 0x80002cda (0x0038fd33) and     s10, a7, gp
core   0: 3 0x80002cda (0x0038fd33) x26 0x00000000
core   0: 0x80002cde (0x00008a89) c.andi  a3, 2
core   0: 3 0x80002cde (0x8a89) x13 0x00000002
core   0: 0x80002ce0 (0xbd3a8893) addi    a7, s5, -1069
core   0: 3 0x80002ce0 (0xbd3a8893) x17 0x80025a37
core   0: 0x80002ce4 (0x026d9133) mulh    sp, s11, t1
core   0: 3 0x80002ce4 (0x026d9133) x2  0x00000002
core   0: 0x80002ce8 (0xfe6f82e3) beq     t6, t1, pc - 28
core   0: 3 0x80002ce8 (0xfe6f82e3)
core   0: 0x80002cec (0x00006171) c.addi16sp sp, 336
core   0: 3 0x80002cec (0x6171) x2  0x00000152
core   0: 0x80002cee (0x00008f22) c.mv    t5, s0
core   0: 3 0x80002cee (0x8f22) x30 0x80029ce4
core   0: 0x80002cf0 (0x02476d33) rem     s10, a4, tp
core   0: 3 0x80002cf0 (0x02476d33) x26 0x00000001
core   0: 0x80002cf4 (0xfa41c4e3) blt     gp, tp, pc - 88
core   0: 3 0x80002cf4 (0xfa41c4e3)
core   0: 0x80002c9c (0xd3c74613) xori    a2, a4, -708
core   0: 3 0x80002c9c (0xd3c74613) x12 0xa8e2183d
core   0: 0x80002ca0 (0x0000018d) c.addi  gp, 3
core   0: 3 0x80002ca0 (0x018d) x3  0x00000011
core   0: 0x80002ca2 (0xb88dce93) xori    t4, s11, -1144
core   0: 3 0x80002ca2 (0xb88dce93) x29 0xd6b1db88
core   0: 0x80002ca6 (0x01b6d9b3) srl     s3, a3, s11
core   0: 3 0x80002ca6 (0x01b6d9b3) x19 0x00000002
core   0: 0x80002caa (0x00006939) c.lui   s2, 0xe
core   0: 3 0x80002caa (0x6939) x18 0x0000e000
core   0: 0x80002cac (0x0167a633) slt     a2, a5, s6
core   0: 3 0x80002cac (0x0167a633) x12 0x00000000
core   0: 0x80002cb0 (0x00004f81) c.li    t6, 0
core   0: 3 0x80002cb0 (0x4f81) x31 0x00000000
core   0: 0x80002cb2 (0x0324a8b3) mulhsu  a7, s1, s2
core   0: 3 0x80002cb2 (0x0324a8b3) x17 0x00000000
core   0: 0x80002cb6 (0x00004349) c.li    t1, 18
core   0: 3 0x80002cb6 (0x4349) x6  0x00000012
core   0: 0x80002cb8 (0x60753113) sltiu   sp, a0, 1543
core   0: 3 0x80002cb8 (0x60753113) x2  0x00000000
core   0: 0x80002cbc (0x0000717d) c.addi16sp sp, -16
core   0: 3 0x80002cbc (0x717d) x2  0xfffffff0
core   0: 0x80002cbe (0x0261deb3) divu    t4, gp, t1
core   0: 3 0x80002cbe (0x0261deb3) x29 0x00000000
core   0: 0x80002cc2 (0x00008fc9) c.or    a5, a0
core   0: 3 0x80002cc2 (0x8fc9) x15 0xf51ebcee
core   0: 0x80002cc4 (0x00b3d013) srli    zero, t2, 11
core   0: 3 0x80002cc4 (0x00b3d013)
core   0: 0x80002cc8 (0x40a25113) srai    sp, tp, 10
core   0: 3 0x80002cc8 (0x40a25113) x2  0x00000000
core   0: 0x80002ccc (0x8d377e93) andi    t4, a4, -1837
core   0: 3 0x80002ccc (0x8d377e93) x29 0x571de001
core   0: 0x80002cd0 (0x0136d3b3) srl     t2, a3, s3
core   0: 3 0x80002cd0 (0x0136d3b3) x7  0x00000000
core   0: 0x80002cd4 (0x00000f89) c.addi  t6, 2
core   0: 3 0x80002cd4 (0x0f89) x31 0x00000002
core   0: 0x80002cd6 (0x40db82b3) sub     t0, s7, a3
core   0: 3 0x80002cd6 (0x40db82b3) x5  0xe980abe8
core   0: 0x80002cda (0x0038fd33) and     s10, a7, gp
core   0: 3 0x80002cda (0x0038fd33) x26 0x00000000
core   0: 0x80002cde (0x00008a89) c.andi  a3, 2
core   0: 3 0x80002cde (0x8a89) x13 0x00000002
core   0: 0x80002ce0 (0xbd3a8893) addi    a7, s5, -1069
core   0: 3 0x80002ce0 (0xbd3a8893) x17 0x80025a37
core   0: 0x80002ce4 (0x026d9133) mulh    sp, s11, t1
core   0: 3 0x80002ce4 (0x026d9133) x2  0x00000002
core   0: 0x80002ce8 (0xfe6f82e3) beq     t6, t1, pc - 28
core   0: 3 0x80002ce8 (0xfe6f82e3)
core   0: 0x80002cec (0x00006171) c.addi16sp sp, 336
core   0: 3 0x80002cec (0x6171) x2  0x00000152
core   0: 0x80002cee (0x00008f22) c.mv    t5, s0
core   0: 3 0x80002cee (0x8f22) x30 0x80029ce4
core   0: 0x80002cf0 (0x02476d33) rem     s10, a4, tp
core   0: 3 0x80002cf0 (0x02476d33) x26 0x00000001
core   0: 0x80002cf4 (0xfa41c4e3) blt     gp, tp, pc - 88
core   0: 3 0x80002cf4 (0xfa41c4e3)
core   0: 0x80002c9c (0xd3c74613) xori    a2, a4, -708
core   0: 3 0x80002c9c (0xd3c74613) x12 0xa8e2183d
core   0: 0x80002ca0 (0x0000018d) c.addi  gp, 3
core   0: 3 0x80002ca0 (0x018d) x3  0x00000014
core   0: 0x80002ca2 (0xb88dce93) xori    t4, s11, -1144
core   0: 3 0x80002ca2 (0xb88dce93) x29 0xd6b1db88
core   0: 0x80002ca6 (0x01b6d9b3) srl     s3, a3, s11
core   0: 3 0x80002ca6 (0x01b6d9b3) x19 0x00000002
core   0: 0x80002caa (0x00006939) c.lui   s2, 0xe
core   0: 3 0x80002caa (0x6939) x18 0x0000e000
core   0: 0x80002cac (0x0167a633) slt     a2, a5, s6
core   0: 3 0x80002cac (0x0167a633) x12 0x00000000
core   0: 0x80002cb0 (0x00004f81) c.li    t6, 0
core   0: 3 0x80002cb0 (0x4f81) x31 0x00000000
core   0: 0x80002cb2 (0x0324a8b3) mulhsu  a7, s1, s2
core   0: 3 0x80002cb2 (0x0324a8b3) x17 0x00000000
core   0: 0x80002cb6 (0x00004349) c.li    t1, 18
core   0: 3 0x80002cb6 (0x4349) x6  0x00000012
core   0: 0x80002cb8 (0x60753113) sltiu   sp, a0, 1543
core   0: 3 0x80002cb8 (0x60753113) x2  0x00000000
core   0: 0x80002cbc (0x0000717d) c.addi16sp sp, -16
core   0: 3 0x80002cbc (0x717d) x2  0xfffffff0
core   0: 0x80002cbe (0x0261deb3) divu    t4, gp, t1
core   0: 3 0x80002cbe (0x0261deb3) x29 0x00000001
core   0: 0x80002cc2 (0x00008fc9) c.or    a5, a0
core   0: 3 0x80002cc2 (0x8fc9) x15 0xf51ebcee
core   0: 0x80002cc4 (0x00b3d013) srli    zero, t2, 11
core   0: 3 0x80002cc4 (0x00b3d013)
core   0: 0x80002cc8 (0x40a25113) srai    sp, tp, 10
core   0: 3 0x80002cc8 (0x40a25113) x2  0x00000000
core   0: 0x80002ccc (0x8d377e93) andi    t4, a4, -1837
core   0: 3 0x80002ccc (0x8d377e93) x29 0x571de001
core   0: 0x80002cd0 (0x0136d3b3) srl     t2, a3, s3
core   0: 3 0x80002cd0 (0x0136d3b3) x7  0x00000000
core   0: 0x80002cd4 (0x00000f89) c.addi  t6, 2
core   0: 3 0x80002cd4 (0x0f89) x31 0x00000002
core   0: 0x80002cd6 (0x40db82b3) sub     t0, s7, a3
core   0: 3 0x80002cd6 (0x40db82b3) x5  0xe980abe8
core   0: 0x80002cda (0x0038fd33) and     s10, a7, gp
core   0: 3 0x80002cda (0x0038fd33) x26 0x00000000
core   0: 0x80002cde (0x00008a89) c.andi  a3, 2
core   0: 3 0x80002cde (0x8a89) x13 0x00000002
core   0: 0x80002ce0 (0xbd3a8893) addi    a7, s5, -1069
core   0: 3 0x80002ce0 (0xbd3a8893) x17 0x80025a37
core   0: 0x80002ce4 (0x026d9133) mulh    sp, s11, t1
core   0: 3 0x80002ce4 (0x026d9133) x2  0x00000002
core   0: 0x80002ce8 (0xfe6f82e3) beq     t6, t1, pc - 28
core   0: 3 0x80002ce8 (0xfe6f82e3)
core   0: 0x80002cec (0x00006171) c.addi16sp sp, 336
core   0: 3 0x80002cec (0x6171) x2  0x00000152
core   0: 0x80002cee (0x00008f22) c.mv    t5, s0
core   0: 3 0x80002cee (0x8f22) x30 0x80029ce4
core   0: 0x80002cf0 (0x02476d33) rem     s10, a4, tp
core   0: 3 0x80002cf0 (0x02476d33) x26 0x00000001
core   0: 0x80002cf4 (0xfa41c4e3) blt     gp, tp, pc - 88
core   0: 3 0x80002cf4 (0xfa41c4e3)
core   0: 0x80002cf8 (0x9220e8b7) lui     a7, 0x9220e
core   0: 3 0x80002cf8 (0x9220e8b7) x17 0x9220e000
core   0: 0x80002cfc (0xd3e4f893) andi    a7, s1, -706
core   0: 3 0x80002cfc (0xd3e4f893) x17 0x00000000
core   0: 0x80002d00 (0x022c04b3) mul     s1, s8, sp
core   0: 3 0x80002d00 (0x022c04b3) x9  0x00a902a4
core   0: 0x80002d04 (0x017af663) bgeu    s5, s7, pc + 12
core   0: 3 0x80002d04 (0x017af663)
core   0: 0x80002d08 (0xb30ba317) auipc   t1, 0xb30ba
core   0: 3 0x80002d08 (0xb30ba317) x6  0x330bcd08
core   0: 0x80002d0c (0x40ff5913) srai    s2, t5, 15
core   0: 3 0x80002d0c (0x40ff5913) x18 0xffff0005
core   0: 0x80002d10 (0x0000023d) c.addi  tp, 15
core   0: 3 0x80002d10 (0x023d) x4  0x00000023
core   0: 0x80002d12 (0x02bcbdb3) mulhu   s11, s9, a1
core   0: 3 0x80002d12 (0x02bcbdb3) x27 0x9a6952d1
core   0: 0x80002d16 (0x00001d7d) c.addi  s10, -1
core   0: 3 0x80002d16 (0x1d7d) x26 0x00000000
core   0: 0x80002d18 (0xe6f41b37) lui     s6, 0xe6f41
core   0: 3 0x80002d18 (0xe6f41b37) x22 0xe6f41000
core   0: 0x80002d1c (0x00000d29) c.addi  s10, 10
core   0: 3 0x80002d1c (0x0d29) x26 0x0000000a
core   0: 0x80002d1e (0x024d4063) blt     s10, tp, pc + 32
core   0: 3 0x80002d1e (0x024d4063)
core   0: 0x80002d3e (0x014bfe63) bgeu    s7, s4, pc + 28
core   0: 3 0x80002d3e (0x014bfe63)
core   0: 0x80002d5a (0x0000009e) c.slli  ra, 7
core   0: 3 0x80002d5a (0x009e) x1  0x00000080
core   0: 0x80002d5c (0x03dbfeb3) remu    t4, s7, t4
core   0: 3 0x80002d5c (0x03dbfeb3) x29 0x3b44ebe8
core   0: 0x80002d60 (0x00d2b5b3) sltu    a1, t0, a3
core   0: 3 0x80002d60 (0x00d2b5b3) x11 0x00000000
core   0: 0x80002d64 (0x02c6cbb3) div     s7, a3, a2
core   0: 3 0x80002d64 (0x02c6cbb3) x23 0xffffffff
core   0: 0x80002d68 (0x00006139) c.addi16sp sp, 448
core   0: 3 0x80002d68 (0x6139) x2  0x00000312
core   0: 0x80002d6a (0x0271c063) blt     gp, t2, pc + 32
core   0: 3 0x80002d6a (0x0271c063)
core   0: 0x80002d6e (0x032ce633) rem     a2, s9, s2
core   0: 3 0x80002d6e (0x032ce633) x12 0xffff56da
core   0: 0x80002d72 (0x0000997d) c.andi  a0, -1
core   0: 3 0x80002d72 (0x997d) x10 0x80029ce4
core   0: 0x80002d74 (0x019f1d13) slli    s10, t5, 25
core   0: 3 0x80002d74 (0x019f1d13) x26 0xc8000000
core   0: 0x80002d78 (0x00000001) c.nop
core   0: 3 0x80002d78 (0x0001)
core   0: 0x80002d7a (0x63c4c513) xori    a0, s1, 1596
core   0: 3 0x80002d7a (0x63c4c513) x10 0x00a90498
core   0: 0x80002d7e (0x00005c7d) c.li    s8, -1
core   0: 3 0x80002d7e (0x5c7d) x24 0xffffffff
core   0: 0x80002d80 (0x03c62e33) mulhsu  t3, a2, t3
core   0: 3 0x80002d80 (0x03c62e33) x28 0xffffab6e
core   0: 0x80002d84 (0x000098fd) c.andi  s1, -1
core   0: 3 0x80002d84 (0x98fd) x9  0x00a902a4
core   0: 0x80002d86 (0x00008d91) c.sub   a1, a2
core   0: 3 0x80002d86 (0x8d91) x11 0x0000a926
core   0: 0x80002d88 (0x00004d4d) c.li    s10, 19
core   0: 3 0x80002d88 (0x4d4d) x26 0x00000013
core   0: 0x80002d8a (0x020ef563) bgeu    t4, zero, pc + 42
core   0: 3 0x80002d8a (0x020ef563)
core   0: 0x80002db4 (0x000042e1) c.li    t0, 24
core   0: 3 0x80002db4 (0x42e1) x5  0x00000018
core   0: 0x80002db6 (0x0195d5b3) srl     a1, a1, s9
core   0: 3 0x80002db6 (0x0195d5b3) x11 0x00000000
core   0: 0x80002dba (0x41875d13) srai    s10, a4, 24
core   0: 3 0x80002dba (0x41875d13) x26 0x00000057
core   0: 0x80002dbe (0x03f4d233) divu    tp, s1, t6
core   0: 3 0x80002dbe (0x03f4d233) x4  0x00548152
core   0: 0x80002dc2 (0x00004b89) c.li    s7, 2
core   0: 3 0x80002dc2 (0x4b89) x23 0x00000002
core   0: 0x80002dc4 (0x93ecb793) sltiu   a5, s9, -1730
core   0: 3 0x80002dc4 (0x93ecb793) x15 0x00000001
core   0: 0x80002dc8 (0x00391013) slli    zero, s2, 3
core   0: 3 0x80002dc8 (0x00391013)
core   0: 0x80002dcc (0x00008626) c.mv    a2, s1
core   0: 3 0x80002dcc (0x8626) x12 0x00a902a4
core   0: 0x80002dce (0x0000717d) c.addi16sp sp, -16
core   0: 3 0x80002dce (0x717d) x2  0x00000302
core   0: 0x80002dd0 (0x01c9f9b3) and     s3, s3, t3
core   0: 3 0x80002dd0 (0x01c9f9b3) x19 0x00000002
core   0: 0x80002dd4 (0x021e0533) mul     a0, t3, ra
core   0: 3 0x80002dd4 (0x021e0533) x10 0xffd5b700
core   0: 0x80002dd8 (0x0336dbb3) divu    s7, a3, s3
core   0: 3 0x80002dd8 (0x0336dbb3) x23 0x00000001
core   0: 0x80002ddc (0x00000314) c.addi4spn a3, sp, 384
core   0: 3 0x80002ddc (0x0314) x13 0x00000482
core   0: 0x80002dde (0xb3562513) slti    a0, a2, -1227
core   0: 3 0x80002dde (0xb3562513) x10 0x00000000
core   0: 0x80002de2 (0x00000001) c.nop
core   0: 3 0x80002de2 (0x0001)
core   0: 0x80002de4 (0x02d3df63) bge     t2, a3, pc + 62
core   0: 3 0x80002de4 (0x02d3df63)
core   0: 0x80002de8 (0x40c0dd13) srai    s10, ra, 12
core   0: 3 0x80002de8 (0x40c0dd13) x26 0x00000000
core   0: 0x80002dec (0x00009b92) c.add   s7, tp
core   0: 3 0x80002dec (0x9b92) x23 0x00548153
core   0: 0x80002dee (0x00000001) c.nop
core   0: 3 0x80002dee (0x0001)
core   0: 0x80002df0 (0x005a0863) beq     s4, t0, pc + 16
core   0: 3 0x80002df0 (0x005a0863)
core   0: 0x80002df4 (0x01fa5e13) srli    t3, s4, 31
core   0: 3 0x80002df4 (0x01fa5e13) x28 0x00000001
core   0: 0x80002df8 (0x00008eed) c.and   a3, a1
core   0: 3 0x80002df8 (0x8eed) x13 0x00000000
core   0: 0x80002dfa (0x01821793) slli    a5, tp, 24
core   0: 3 0x80002dfa (0x01821793) x15 0x52000000
core   0: 0x80002dfe (0x0000527d) c.li    tp, -1
core   0: 3 0x80002dfe (0x527d) x4  0xffffffff
core   0: 0x80002e00 (0x007dc4b3) xor     s1, s11, t2
core   0: 3 0x80002e00 (0x007dc4b3) x9  0x9a6952d1
core   0: 0x80002e04 (0x0000717d) c.addi16sp sp, -16
core   0: 3 0x80002e04 (0x717d) x2  0x000002f2
core   0: 0x80002e06 (0x40f150b3) sra     ra, sp, a5
core   0: 3 0x80002e06 (0x40f150b3) x1  0x000002f2
core   0: 0x80002e0a (0x0073ed63) bltu    t2, t2, pc + 26
core   0: 3 0x80002e0a (0x0073ed63)
core   0: 0x80002e0e (0x02ca9db3) mulh    s11, s5, a2
core   0: 3 0x80002e0e (0x02ca9db3) x27 0xffab803e
core   0: 0x80002e12 (0x00008e4d) c.or    a2, a1
core   0: 3 0x80002e12 (0x8e4d) x12 0x00a902a4
core   0: 0x80002e14 (0x41605f33) sra     t5, zero, s6
core   0: 3 0x80002e14 (0x41605f33) x30 0x00000000
core   0: 0x80002e18 (0x00008ba9) c.andi  a5, 10
core   0: 3 0x80002e18 (0x8ba9) x15 0x00000000
core   0: 0x80002e1a (0x01a06a33) or      s4, zero, s10
core   0: 3 0x80002e1a (0x01a06a33) x20 0x00000000
core   0: 0x80002e1e (0x0000ca8d) c.beqz  a3, pc + 50
core   0: 3 0x80002e1e (0xca8d)
core   0: 0x80002e50 (0x039ae033) rem     zero, s5, s9
core   0: 3 0x80002e50 (0x039ae033)
core   0: 0x80002e54 (0x000041bd) c.li    gp, 15
core   0: 3 0x80002e54 (0x41bd) x3  0x0000000f
core   0: 0x80002e56 (0x02cf09b3) mul     s3, t5, a2
core   0: 3 0x80002e56 (0x02cf09b3) x19 0x00000000
core   0: 0x80002e5a (0x0264b0b3) mulhu   ra, s1, t1
core   0: 3 0x80002e5a (0x0264b0b3) x1  0x1eca19b1
core   0: 0x80002e5e (0x020b1a33) mulh    s4, s6, zero
core   0: 3 0x80002e5e (0x020b1a33) x20 0x00000000
core   0: 0x80002e62 (0x034e9363) bne     t4, s4, pc + 38
core   0: 3 0x80002e62 (0x034e9363)
core   0: 0x80002e88 (0x0257d533) divu    a0, a5, t0
core   0: 3 0x80002e88 (0x0257d533) x10 0x00000000
core   0: 0x80002e8c (0x018d50b3) srl     ra, s10, s8
core   0: 3 0x80002e8c (0x018d50b3) x1  0x00000000
core   0: 0x80002e90 (0x00000001) c.nop
core   0: 3 0x80002e90 (0x0001)
core   0: 0x80002e92 (0x02ee4133) div     sp, t3, a4
core   0: 3 0x80002e92 (0x02ee4133) x2  0x00000000
core   0: 0x80002e96 (0x00a36363) bltu    t1, a0, pc + 6
core   0: 3 0x80002e96 (0x00a36363)
core   0: 0x80002e9a (0x000086d9) c.srai  a3, 22
core   0: 3 0x80002e9a (0x86d9) x13 0x00000000
core   0: 0x80002e9c (0x000014fd) c.addi  s1, -1
core   0: 3 0x80002e9c (0x14fd) x9  0x9a6952d0
core   0: 0x80002e9e (0x000060d1) c.lui   ra, 0x14
core   0: 3 0x80002e9e (0x60d1) x1  0x00014000
core   0: 0x80002ea0 (0x0334ca33) div     s4, s1, s3
core   0: 3 0x80002ea0 (0x0334ca33) x20 0xffffffff
core   0: 0x80002ea4 (0x00009afd) c.andi  a3, -1
core   0: 3 0x80002ea4 (0x9afd) x13 0x00000000
core   0: 0x80002ea6 (0x02116733) rem     a4, sp, ra
core   0: 3 0x80002ea6 (0x02116733) x14 0x00000000
core   0: 0x80002eaa (0x01ecd113) srli    sp, s9, 30
core   0: 3 0x80002eaa (0x01ecd113) x2  0x00000002
core   0: 0x80002eae (0x02608db3) mul     s11, ra, t1
core   0: 3 0x80002eae (0x02608db3) x27 0xc04a0000
core   0: 0x80002eb2 (0xb1a36d13) ori     s10, t1, -1254
core   0: 3 0x80002eb2 (0xb1a36d13) x26 0xffffff1a
core   0: 0x80002eb6 (0x00b938b3) sltu    a7, s2, a1
core   0: 3 0x80002eb6 (0x00b938b3) x17 0x00000000
core   0: 0x80002eba (0x1bccc793) xori    a5, s9, 444
core   0: 3 0x80002eba (0x1bccc793) x15 0x9a69536e
core   0: 0x80002ebe (0x0244b933) mulhu   s2, s1, tp
core   0: 3 0x80002ebe (0x0244b933) x18 0x9a6952cf
core   0: 0x80002ec2 (0xc2a3bc37) lui     s8, 0xc2a3b
core   0: 3 0x80002ec2 (0xc2a3bc37) x24 0xc2a3b000
core   0: 0x80002ec6 (0x00001718) c.addi4spn a4, sp, 928
core   0: 3 0x80002ec6 (0x1718) x14 0x000003a2
core   0: 0x80002ec8 (0x024a4c33) div     s8, s4, tp
core   0: 3 0x80002ec8 (0x024a4c33) x24 0x00000001
core   0: 0x80002ecc (0x0000e0a9) c.bnez  s1, pc + 66
core   0: 3 0x80002ecc (0xe0a9)
core   0: 0x80002f0e (0x000083b9) c.srli  a5, 14
core   0: 3 0x80002f0e (0x83b9) x15 0x000269a5
core   0: 0x80002f10 (0x00008dfd) c.and   a1, a5
core   0: 3 0x80002f10 (0x8dfd) x11 0x00000000
core   0: 0x80002f12 (0x0022da33) srl     s4, t0, sp
core   0: 3 0x80002f12 (0x0022da33) x20 0x00000006
core   0: 0x80002f16 (0x010828b3) slt     a7, a6, a6
core   0: 3 0x80002f16 (0x010828b3) x17 0x00000000
core   0: 0x80002f1a (0x00000cd1) c.addi  s9, 20
core   0: 3 0x80002f1a (0x0cd1) x25 0x9a6952e6
core   0: 0x80002f1c (0x037bfbb3) remu    s7, s7, s7
core   0: 3 0x80002f1c (0x037bfbb3) x23 0x00000000
core   0: 0x80002f20 (0x01af3133) sltu    sp, t5, s10
core   0: 3 0x80002f20 (0x01af3133) x2  0x00000001
core   0: 0x80002f24 (0x0000cf99) c.beqz  a5, pc + 30
core   0: 3 0x80002f24 (0xcf99)
core   0: 0x80002f26 (0x00001818) c.addi4spn a4, sp, 48
core   0: 3 0x80002f26 (0x1818) x14 0x00000031
core   0: 0x80002f28 (0x00000556) c.slli  a0, 21
core   0: 3 0x80002f28 (0x0556) x10 0x00000000
core   0: 0x80002f2a (0x02847063) bgeu    s0, s0, pc + 32
core   0: 3 0x80002f2a (0x02847063)
core   0: 0x80002f4a (0x40dadb93) srai    s7, s5, 13
core   0: 3 0x80002f4a (0x40dadb93) x23 0xfffc0012
core   0: 0x80002f4e (0x00008f8d) c.sub   a5, a1
core   0: 3 0x80002f4e (0x8f8d) x15 0x000269a5
core   0: 0x80002f50 (0x00006529) c.lui   a0, 0xa
core   0: 3 0x80002f50 (0x6529) x10 0x0000a000
core   0: 0x80002f52 (0x000092f2) c.add   t0, t3
core   0: 3 0x80002f52 (0x92f2) x5  0x00000019
core   0: 0x80002f54 (0x012f90b3) sll     ra, t6, s2
core   0: 3 0x80002f54 (0x012f90b3) x1  0x00010000
core   0: 0x80002f58 (0x00206bb3) or      s7, zero, sp
core   0: 3 0x80002f58 (0x00206bb3) x23 0x00000001
core   0: 0x80002f5c (0x04220463) beq     tp, sp, pc + 72
core   0: 3 0x80002f5c (0x04220463)
core   0: 0x80002f60 (0x61f20713) addi    a4, tp, 1567
core   0: 3 0x80002f60 (0x61f20713) x14 0x0000061e
core   0: 0x80002f64 (0x79bfa393) slti    t2, t6, 1947
core   0: 3 0x80002f64 (0x79bfa393) x7  0x00000001
core   0: 0x80002f68 (0x406d5033) sra     zero, s10, t1
core   0: 3 0x80002f68 (0x406d5033)
core   0: 0x80002f6c (0x00000001) c.nop
core   0: 3 0x80002f6c (0x0001)
core   0: 0x80002f6e (0x0119a1b3) slt     gp, s3, a7
core   0: 3 0x80002f6e (0x0119a1b3) x3  0x00000000
core   0: 0x80002f72 (0x025a96b3) mulh    a3, s5, t0
core   0: 3 0x80002f72 (0x025a96b3) x13 0xfffffff3
core   0: 0x80002f76 (0x02338b63) beq     t2, gp, pc + 54
core   0: 3 0x80002f76 (0x02338b63)
core   0: 0x80002f7a (0x0000e0b1) c.bnez  s1, pc + 68
core   0: 3 0x80002f7a (0xe0b1)
core   0: 0x80002fbe (0x80f70b13) addi    s6, a4, -2033
core   0: 3 0x80002fbe (0x80f70b13) x22 0xfffffe2d
core   0: 0x80002fc2 (0x00008ff5) c.and   a5, a3
core   0: 3 0x80002fc2 (0x8ff5) x15 0x000269a1
core   0: 0x80002fc4 (0x03cf8a33) mul     s4, t6, t3
core   0: 3 0x80002fc4 (0x03cf8a33) x20 0x00000002
core   0: 0x80002fc8 (0x0188df63) bge     a7, s8, pc + 30
core   0: 3 0x80002fc8 (0x0188df63)
core   0: 0x80002fcc (0x003e9213) slli    tp, t4, 3
core   0: 3 0x80002fcc (0x003e9213) x4  0xda275f40
core   0: 0x80002fd0 (0x8f6f8f13) addi    t5, t6, -1802
core   0: 3 0x80002fd0 (0x8f6f8f13) x30 0xfffff8f8
core   0: 0x80002fd4 (0x0000e705) c.bnez  a4, pc + 40
core   0: 3 0x80002fd4 (0xe705)
core   0: 0x80002ffc (0x013f9933) sll     s2, t6, s3
core   0: 3 0x80002ffc (0x013f9933) x18 0x00000002
core   0: 0x80003000 (0x00000001) c.nop
core   0: 3 0x80003000 (0x0001)
core   0: 0x80003002 (0x00001f04) c.addi4spn s1, sp, 944
core   0: 3 0x80003002 (0x1f04) x9  0x000003b1
core   0: 0x80003004 (0x00000a04) c.addi4spn s1, sp, 272
core   0: 3 0x80003004 (0x0a04) x9  0x00000111
core   0: 0x80003006 (0x00008e11) c.sub   a2, a2
core   0: 3 0x80003006 (0x8e11) x12 0x00000000
core   0: 0x80003008 (0x41775633) sra     a2, a4, s7
core   0: 3 0x80003008 (0x41775633) x12 0x0000030f
core   0: 0x8000300c (0x00008d26) c.mv    s10, s1
core   0: 3 0x8000300c (0x8d26) x26 0x00000111
core   0: 0x8000300e (0x0000626d) c.lui   tp, 0x1b
core   0: 3 0x8000300e (0x626d) x4  0x0001b000
core   0: 0x80003010 (0x0000ef99) c.bnez  a5, pc + 30
core   0: 3 0x80003010 (0xef99)
core   0: 0x8000302e (0x000084d5) c.srai  s1, 21
core   0: 3 0x8000302e (0x84d5) x9  0x00000000
core   0: 0x80003030 (0x00008e31) c.xor   a2, a2
core   0: 3 0x80003030 (0x8e31) x12 0x00000000
core   0: 0x80003032 (0x00399cb3) sll     s9, s3, gp
core   0: 3 0x80003032 (0x00399cb3) x25 0x00000000
core   0: 0x80003036 (0x02f9eeb3) rem     t4, s3, a5
core   0: 3 0x80003036 (0x02f9eeb3) x29 0x00000000
core   0: 0x8000303a (0x00004645) c.li    a2, 17
core   0: 3 0x8000303a (0x4645) x12 0x00000011
core   0: 0x8000303c (0x00000001) c.nop
core   0: 3 0x8000303c (0x0001)
core   0: 0x8000303e (0x00008d1d) c.sub   a0, a5
core   0: 3 0x8000303e (0x8d1d) x10 0xfffe365f
core   0: 0x80003040 (0x467e7513) andi    a0, t3, 1127
core   0: 3 0x80003040 (0x467e7513) x10 0x00000001
core   0: 0x80003044 (0x00000d65) c.addi  s10, 25
core   0: 3 0x80003044 (0x0d65) x26 0x0000012a
core   0: 0x80003046 (0x00005cfd) c.li    s9, -1
core   0: 3 0x80003046 (0x5cfd) x25 0xffffffff
core   0: 0x80003048 (0x000081a9) c.srli  a1, 10
core   0: 3 0x80003048 (0x81a9) x11 0x00000000
core   0: 0x8000304a (0xdcb33013) sltiu   zero, t1, -565
core   0: 3 0x8000304a (0xdcb33013)
core   0: 0x8000304e (0x039cd033) divu    zero, s9, s9
core   0: 3 0x8000304e (0x039cd033)
core   0: 0x80003052 (0x029ad363) bge     s5, s1, pc + 38
core   0: 3 0x80003052 (0x029ad363)
core   0: 0x80003056 (0x022a4933) div     s2, s4, sp
core   0: 3 0x80003056 (0x022a4933) x18 0x00000002
core   0: 0x8000305a (0x40060333) sub     t1, a2, zero
core   0: 3 0x8000305a (0x40060333) x6  0x00000011
core   0: 0x8000305e (0x01d19213) slli    tp, gp, 29
core   0: 3 0x8000305e (0x01d19213) x4  0x00000000
core   0: 0x80003062 (0x00009b7d) c.andi  a4, -1
core   0: 3 0x80003062 (0x9b7d) x14 0x0000061e
core   0: 0x80003064 (0x00000f5a) c.slli  t5, 22
core   0: 3 0x80003064 (0x0f5a) x30 0x3e000000
core   0: 0x80003066 (0x0000cb81) c.beqz  a5, pc + 16
core   0: 3 0x80003066 (0xcb81)
core   0: 0x80003068 (0x04180263) beq     a6, ra, pc + 68
core   0: 3 0x80003068 (0x04180263)
core   0: 0x8000306c (0x0287c133) div     sp, a5, s0
core   0: 3 0x8000306c (0x0287c133) x2  0x00000000
core   0: 0x80003070 (0x00000b52) c.slli  s6, 20
core   0: 3 0x80003070 (0x0b52) x22 0xe2d00000
core   0: 0x80003072 (0xd006a693) slti    a3, a3, -768
core   0: 3 0x80003072 (0xd006a693) x13 0x00000000
core   0: 0x80003076 (0x00008fed) c.and   a5, a1
core   0: 3 0x80003076 (0x8fed) x15 0x00000000
core   0: 0x80003078 (0xc8791a17) auipc   s4, 0xc8791
core   0: 3 0x80003078 (0xc8791a17) x20 0x48794078
core   0: 0x8000307c (0x00006e91) c.lui   t4, 0x4
core   0: 3 0x8000307c (0x6e91) x29 0x00004000
core   0: 0x8000307e (0x010194b3) sll     s1, gp, a6
core   0: 3 0x8000307e (0x010194b3) x9  0x00000000
core   0: 0x80003082 (0x00a7d713) srli    a4, a5, 10
core   0: 3 0x80003082 (0x00a7d713) x14 0x00000000
core   0: 0x80003086 (0x02dbd2b3) divu    t0, s7, a3
core   0: 3 0x80003086 (0x02dbd2b3) x5  0xffffffff
core   0: 0x8000308a (0x009d24b3) slt     s1, s10, s1
core   0: 3 0x8000308a (0x009d24b3) x9  0x00000000
core   0: 0x8000308e (0x03c8efb3) rem     t6, a7, t3
core   0: 3 0x8000308e (0x03c8efb3) x31 0x00000000
core   0: 0x80003092 (0x010e3033) sltu    zero, t3, a6
core   0: 3 0x80003092 (0x010e3033)
core   0: 0x80003096 (0x40275f33) sra     t5, a4, sp
core   0: 3 0x80003096 (0x40275f33) x30 0x00000000
core   0: 0x8000309a (0x00000490) c.addi4spn a2, sp, 576
core   0: 3 0x8000309a (0x0490) x12 0x00000240
core   0: 0x8000309c (0x03e77e33) remu    t3, a4, t5
core   0: 3 0x8000309c (0x03e77e33) x28 0x00000000
core   0: 0x800030a0 (0x068dfc63) bgeu    s11, s0, pc + 120
core   0: 3 0x800030a0 (0x068dfc63)
core   0: 0x80003118 (0x0000cf95) c.beqz  a5, pc + 60
core   0: 3 0x80003118 (0xcf95)
core   0: 0x80003154 (0x00000d18) c.addi4spn a4, sp, 656
core   0: 3 0x80003154 (0x0d18) x14 0x00000290
core   0: 0x80003156 (0x0273d463) bge     t2, t2, pc + 40
core   0: 3 0x80003156 (0x0273d463)
core   0: 0x8000317e (0x003f0363) beq     t5, gp, pc + 6
core   0: 3 0x8000317e (0x003f0363)
core   0: 0x80003184 (0x000017fd) c.addi  a5, -1
core   0: 3 0x80003184 (0x17fd) x15 0xffffffff
core   0: 0x80003186 (0x020c4eb3) div     t4, s8, zero
core   0: 3 0x80003186 (0x020c4eb3) x29 0xffffffff
core   0: 0x8000318a (0x00d85f63) bge     a6, a3, pc + 30
core   0: 3 0x8000318a (0x00d85f63)
core   0: 0x8000318e (0xe392bf13) sltiu   t5, t0, -455
core   0: 3 0x8000318e (0xe392bf13) x30 0x00000000
core   0: 0x80003192 (0x000009de) c.slli  s3, 23
core   0: 3 0x80003192 (0x09de) x19 0x00000000
core   0: 0x80003194 (0x00001c7d) c.addi  s8, -1
core   0: 3 0x80003194 (0x1c7d) x24 0x00000000
core   0: 0x80003196 (0x01215233) srl     tp, sp, s2
core   0: 3 0x80003196 (0x01215233) x4  0x00000000
core   0: 0x8000319a (0x03788333) mul     t1, a7, s7
core   0: 3 0x8000319a (0x03788333) x6  0x00000000
core   0: 0x8000319e (0x00008df5) c.and   a1, a3
core   0: 3 0x8000319e (0x8df5) x11 0x00000000
core   0: 0x800031a0 (0xb3096313) ori     t1, s2, -1232
core   0: 3 0x800031a0 (0xb3096313) x6  0xfffffb32
core   0: 0x800031a4 (0x23302113) slti    sp, zero, 563
core   0: 3 0x800031a4 (0x23302113) x2  0x00000001
core   0: 0x800031a8 (0x00207463) bgeu    zero, sp, pc + 8
core   0: 3 0x800031a8 (0x00207463)
core   0: 0x800031ac (0xf75da393) slti    t2, s11, -139
core   0: 3 0x800031ac (0xf75da393) x7  0x00000001
core   0: 0x800031b0 (0x00008399) c.srli  a5, 6
core   0: 3 0x800031b0 (0x8399) x15 0x03ffffff
core   0: 0x800031b2 (0x013493b3) sll     t2, s1, s3
core   0: 3 0x800031b2 (0x013493b3) x7  0x00000000
core   0: 0x800031b6 (0x17ca4393) xori    t2, s4, 380
core   0: 3 0x800031b6 (0x17ca4393) x7  0x48794104
core   0: 0x800031ba (0x00006115) c.addi16sp sp, 288
core   0: 3 0x800031ba (0x6115) x2  0x00000121
core   0: 0x800031bc (0x00000001) c.nop
core   0: 3 0x800031bc (0x0001)
core   0: 0x800031be (0x0108b4b3) sltu    s1, a7, a6
core   0: 3 0x800031be (0x0108b4b3) x9  0x00000001
core   0: 0x800031c2 (0x00008da1) c.xor   a1, s0
core   0: 3 0x800031c2 (0x8da1) x11 0x80029ce4
core   0: 0x800031c4 (0x74dcbd93) sltiu   s11, s9, 1869
core   0: 3 0x800031c4 (0x74dcbd93) x27 0x00000000
core   0: 0x800031c8 (0x00008f69) c.and   a4, a0
core   0: 3 0x800031c8 (0x8f69) x14 0x00000000
core   0: 0x800031ca (0x00381d13) slli    s10, a6, 3
core   0: 3 0x800031ca (0x00381d13) x26 0x00000000
core   0: 0x800031ce (0x00009a12) c.add   s4, tp
core   0: 3 0x800031ce (0x9a12) x20 0x48794078
core   0: 0x800031d0 (0x007b0733) add     a4, s6, t2
core   0: 3 0x800031d0 (0x007b0733) x14 0x2b494104
core   0: 0x800031d4 (0x026e6633) rem     a2, t3, t1
core   0: 3 0x800031d4 (0x026e6633) x12 0x00000000
core   0: 0x800031d8 (0x0277ceb3) div     t4, a5, t2
core   0: 3 0x800031d8 (0x0277ceb3) x29 0x00000000
core   0: 0x800031dc (0x00005dfd) c.li    s11, -1
core   0: 3 0x800031dc (0x5dfd) x27 0xffffffff
core   0: 0x800031de (0x0000137d) c.addi  t1, -1
core   0: 3 0x800031de (0x137d) x6  0xfffffb31
core   0: 0x800031e0 (0x03a465b3) rem     a1, s0, s10
core   0: 3 0x800031e0 (0x03a465b3) x11 0x80029ce4
core   0: 0x800031e4 (0x67652d93) slti    s11, a0, 1654
core   0: 3 0x800031e4 (0x67652d93) x27 0x00000001
core   0: 0x800031e8 (0x0000c99d) c.beqz  a1, pc + 54
core   0: 3 0x800031e8 (0xc99d)
core   0: 0x800031ea (0x03ded933) divu    s2, t4, t4
core   0: 3 0x800031ea (0x03ded933) x18 0xffffffff
core   0: 0x800031ee (0x00000001) c.nop
core   0: 3 0x800031ee (0x0001)
core   0: 0x800031f0 (0x00008131) c.srli  a0, 12
core   0: 3 0x800031f0 (0x8131) x10 0x00000000
core   0: 0x800031f2 (0x0354ceb3) div     t4, s1, s5
core   0: 3 0x800031f2 (0x0354ceb3) x29 0x00000000
core   0: 0x800031f6 (0x000098a6) c.add   a7, s1
core   0: 3 0x800031f6 (0x98a6) x17 0x00000001
core   0: 0x800031f8 (0x0059da63) bge     s3, t0, pc + 20
core   0: 3 0x800031f8 (0x0059da63)
core   0: 0x8000320c (0xe882fb17) auipc   s6, 0xe882f
core   0: 3 0x8000320c (0xe882fb17) x22 0x6883220c
core   0: 0x80003210 (0x416f5493) srai    s1, t5, 22
core   0: 3 0x80003210 (0x416f5493) x9  0x00000000
core   0: 0x80003214 (0x025b6263) bltu    s6, t0, pc + 36
core   0: 3 0x80003214 (0x025b6263)
core   0: 0x80003238 (0x01145f63) bge     s0, a7, pc + 30
core   0: 3 0x80003238 (0x01145f63)
core   0: 0x8000323c (0x01031f33) sll     t5, t1, a6
core   0: 3 0x8000323c (0x01031f33) x30 0xfffffb31
core   0: 0x80003240 (0x00008e79) c.and   a2, a4
core   0: 3 0x80003240 (0x8e79) x12 0x00000000
core   0: 0x80003242 (0x0000c18d) c.beqz  a1, pc + 34
core   0: 3 0x80003242 (0xc18d)
core   0: 0x80003244 (0x00286e63) bltu    a6, sp, pc + 28
core   0: 3 0x80003244 (0x00286e63)
core   0: 0x80003248 (0x00006889) c.lui   a7, 0x2
core   0: 3 0x80003248 (0x6889) x17 0x00002000
core   0: 0x8000324a (0x01a21393) slli    t2, tp, 26
core   0: 3 0x8000324a (0x01a21393) x7  0x00000000
core   0: 0x8000324e (0x31b98493) addi    s1, s3, 795
core   0: 3 0x8000324e (0x31b98493) x9  0x0000031b
core   0: 0x80003252 (0x006f24b3) slt     s1, t5, t1
core   0: 3 0x80003252 (0x006f24b3) x9  0x00000000
core   0: 0x80003256 (0x0000c09d) c.beqz  s1, pc + 38
core   0: 3 0x80003256 (0xc09d)
core   0: 0x8000327c (0x02e70d33) mul     s10, a4, a4
core   0: 3 0x8000327c (0x02e70d33) x26 0x7ccb0810
core   0: 0x80003280 (0x022cfa33) remu    s4, s9, sp
core   0: 3 0x80003280 (0x022cfa33) x20 0x00000099
core   0: 0x80003284 (0x411ed4b3) sra     s1, t4, a7
core   0: 3 0x80003284 (0x411ed4b3) x9  0x00000000
core   0: 0x80003288 (0x000009b5) c.addi  s3, 13
core   0: 3 0x80003288 (0x09b5) x19 0x0000000d
core   0: 0x8000328a (0x00008fa9) c.xor   a5, a0
core   0: 3 0x8000328a (0x8fa9) x15 0x03ffffff
core   0: 0x8000328c (0x051dc263) blt     s11, a7, pc + 68
core   0: 3 0x8000328c (0x051dc263)
core   0: 0x800032d0 (0x41b802b3) sub     t0, a6, s11
core   0: 3 0x800032d0 (0x41b802b3) x5  0x7fffffff
core   0: 0x800032d4 (0x04a26163) bltu    tp, a0, pc + 66
core   0: 3 0x800032d4 (0x04a26163)
core   0: 0x800032d8 (0xd2bec593) xori    a1, t4, -725
core   0: 3 0x800032d8 (0xd2bec593) x11 0xfffffd2b
core   0: 0x800032dc (0x01c69e33) sll     t3, a3, t3
core   0: 3 0x800032dc (0x01c69e33) x28 0x00000000
core   0: 0x800032e0 (0x03240933) mul     s2, s0, s2
core   0: 3 0x800032e0 (0x03240933) x18 0x7ffd631c
core   0: 0x800032e4 (0x031b0363) beq     s6, a7, pc + 38
core   0: 3 0x800032e4 (0x031b0363)
core   0: 0x800032e8 (0x00008d55) c.or    a0, a3
core   0: 3 0x800032e8 (0x8d55) x10 0x00000000
core   0: 0x800032ea (0x02741933) mulh    s2, s0, t2
core   0: 3 0x800032ea (0x02741933) x18 0x00000000
core   0: 0x800032ee (0x00006b11) c.lui   s6, 0x4
core   0: 3 0x800032ee (0x6b11) x22 0x00004000
core   0: 0x800032f0 (0x0000c48d) c.beqz  s1, pc + 42
core   0: 3 0x800032f0 (0xc48d)
core   0: 0x8000331a (0x0000860a) c.mv    a2, sp
core   0: 3 0x8000331a (0x860a) x12 0x00000121
core   0: 0x8000331c (0x01a178b3) and     a7, sp, s10
core   0: 3 0x8000331c (0x01a178b3) x17 0x00000000
core   0: 0x80003320 (0x0299ac33) mulhsu  s8, s3, s1
core   0: 3 0x80003320 (0x0299ac33) x24 0x00000000
core   0: 0x80003324 (0x005d3033) sltu    zero, s10, t0
core   0: 3 0x80003324 (0x005d3033)
core   0: 0x80003328 (0x000086f5) c.srai  a3, 29
core   0: 3 0x80003328 (0x86f5) x13 0x00000000
core   0: 0x8000332a (0xda6b4c93) xori    s9, s6, -602
core   0: 3 0x8000332a (0xda6b4c93) x25 0xffffbda6
core   0: 0x8000332e (0x027465b3) rem     a1, s0, t2
core   0: 3 0x8000332e (0x027465b3) x11 0x80029ce4
core   0: 0x80003332 (0x6442ca13) xori    s4, t0, 1604
core   0: 3 0x80003332 (0x6442ca13) x20 0x7ffff9bb
core   0: 0x80003336 (0x0000997d) c.andi  a0, -1
core   0: 3 0x80003336 (0x997d) x10 0x00000000
core   0: 0x80003338 (0x00000e06) c.slli  t3, 1
core   0: 3 0x80003338 (0x0e06) x28 0x00000000
core   0: 0x8000333a (0x5d672f93) slti    t6, a4, 1494
core   0: 3 0x8000333a (0x5d672f93) x31 0x00000000
core   0: 0x8000333e (0x0298e063) bltu    a7, s1, pc + 32
core   0: 3 0x8000333e (0x0298e063)
core   0: 0x80003342 (0x01c077b3) and     a5, zero, t3
core   0: 3 0x80003342 (0x01c077b3) x15 0x00000000
core   0: 0x80003346 (0x9f1acf37) lui     t5, 0x9f1ac
core   0: 3 0x80003346 (0x9f1acf37) x30 0x9f1ac000
core   0: 0x8000334a (0x01eaab33) slt     s6, s5, t5
core   0: 3 0x8000334a (0x01eaab33) x22 0x00000001
core   0: 0x8000334e (0x020c3f33) mulhu   t5, s8, zero
core   0: 3 0x8000334e (0x020c3f33) x30 0x00000000
core   0: 0x80003352 (0x00d35d93) srli    s11, t1, 13
core   0: 3 0x80003352 (0x00d35d93) x27 0x0007ffff
core   0: 0x80003356 (0x0159e463) bltu    s3, s5, pc + 8
core   0: 3 0x80003356 (0x0159e463)
core   0: 0x8000335e (0x406f59b3) sra     s3, t5, t1
core   0: 3 0x8000335e (0x406f59b3) x19 0x00000000
core   0: 0x80003362 (0x000dadb3) slt     s11, s11, zero
core   0: 3 0x80003362 (0x000dadb3) x27 0x00000000
core   0: 0x80003366 (0x00008889) c.andi  s1, 2
core   0: 3 0x80003366 (0x8889) x9  0x00000000
core   0: 0x80003368 (0x00008e6d) c.and   a2, a1
core   0: 3 0x80003368 (0x8e6d) x12 0x00000020
core   0: 0x8000336a (0x00000001) c.nop
core   0: 3 0x8000336a (0x0001)
core   0: 0x8000336c (0x00005bfd) c.li    s7, -1
core   0: 3 0x8000336c (0x5bfd) x23 0xffffffff
core   0: 0x8000336e (0x009033b3) snez    t2, s1
core   0: 3 0x8000336e (0x009033b3) x7  0x00000000
core   0: 0x80003372 (0x4057deb3) sra     t4, a5, t0
core   0: 3 0x80003372 (0x4057deb3) x29 0x00000000
core   0: 0x80003376 (0x0000990a) c.add   s2, sp
core   0: 3 0x80003376 (0x990a) x18 0x00000121
core   0: 0x80003378 (0x03f0cdb3) div     s11, ra, t6
core   0: 3 0x80003378 (0x03f0cdb3) x27 0xffffffff
core   0: 0x8000337c (0x00b21a13) slli    s4, tp, 11
core   0: 3 0x8000337c (0x00b21a13) x20 0x00000000
core   0: 0x80003380 (0x00006eb5) c.lui   t4, 0xd
core   0: 3 0x80003380 (0x6eb5) x29 0x0000d000
core   0: 0x80003382 (0x000092e6) c.add   t0, s9
core   0: 3 0x80003382 (0x92e6) x5  0x7fffbda5
core   0: 0x80003384 (0x02df39b3) mulhu   s3, t5, a3
core   0: 3 0x80003384 (0x02df39b3) x19 0x00000000
core   0: 0x80003388 (0x03c06163) bltu    zero, t3, pc + 34
core   0: 3 0x80003388 (0x03c06163)
core   0: 0x8000338c (0x02160163) beq     a2, ra, pc + 34
core   0: 3 0x8000338c (0x02160163)
core   0: 0x80003390 (0x60414993) xori    s3, sp, 1540
core   0: 3 0x80003390 (0x60414993) x19 0x00000725
core   0: 0x80003394 (0x0a47c093) xori    ra, a5, 164
core   0: 3 0x80003394 (0x0a47c093) x1  0x000000a4
core   0: 0x80003398 (0x00009a7d) c.andi  a2, -1
core   0: 3 0x80003398 (0x9a7d) x12 0x00000020
core   0: 0x8000339a (0x024799b3) mulh    s3, a5, tp
core   0: 3 0x8000339a (0x024799b3) x19 0x00000000
core   0: 0x8000339e (0x0000c605) c.beqz  a2, pc + 40
core   0: 3 0x8000339e (0xc605)
core   0: 0x800033a0 (0x00001694) c.addi4spn a3, sp, 864
core   0: 3 0x800033a0 (0x1694) x13 0x00000481
core   0: 0x800033a2 (0x00001efd) c.addi  t4, -1
core   0: 3 0x800033a2 (0x1efd) x29 0x0000cfff
core   0: 0x800033a4 (0x012e1c13) slli    s8, t3, 18
core   0: 3 0x800033a4 (0x012e1c13) x24 0x00000000
core   0: 0x800033a8 (0x00008f9d) c.sub   a5, a5
core   0: 3 0x800033a8 (0x8f9d) x15 0x00000000
core   0: 0x800033aa (0x03f7c533) div     a0, a5, t6
core   0: 3 0x800033aa (0x03f7c533) x10 0xffffffff
core   0: 0x800033ae (0x026cfa63) bgeu    s9, t1, pc + 52
core   0: 3 0x800033ae (0x026cfa63)
core   0: 0x800033b2 (0x0376aa33) mulhsu  s4, a3, s7
core   0: 3 0x800033b2 (0x0376aa33) x20 0x00000480
core   0: 0x800033b6 (0x58512713) slti    a4, sp, 1413
core   0: 3 0x800033b6 (0x58512713) x14 0x00000001
core   0: 0x800033ba (0x0255bcb3) mulhu   s9, a1, t0
core   0: 3 0x800033ba (0x0255bcb3) x25 0x40012d43
core   0: 0x800033be (0x44f6ce93) xori    t4, a3, 1103
core   0: 3 0x800033be (0x44f6ce93) x29 0x000000ce
core   0: 0x800033c2 (0x44f1e697) auipc   a3, 0x44f1e
core   0: 3 0x800033c2 (0x44f1e697) x13 0xc4f213c2
core   0: 0x800033c6 (0x41acdd93) srai    s11, s9, 26
core   0: 3 0x800033c6 (0x41acdd93) x27 0x00000010
core   0: 0x800033ca (0x008d9a33) sll     s4, s11, s0
core   0: 3 0x800033ca (0x008d9a33) x20 0x00000100
core   0: 0x800033ce (0xb00abd13) sltiu   s10, s5, -1280
core   0: 3 0x800033ce (0xb00abd13) x26 0x00000001
core   0: 0x800033d2 (0x00006bb5) c.lui   s7, 0xd
core   0: 3 0x800033d2 (0x6bb5) x23 0x0000d000
core   0: 0x800033d4 (0x0000078e) c.slli  a5, 3
core   0: 3 0x800033d4 (0x078e) x15 0x00000000
core   0: 0x800033d6 (0x01b42eb3) slt     t4, s0, s11
core   0: 3 0x800033d6 (0x01b42eb3) x29 0x00000001
core   0: 0x800033da (0x03e849b3) div     s3, a6, t5
core   0: 3 0x800033da (0x03e849b3) x19 0xffffffff
core   0: 0x800033de (0x003d79b3) and     s3, s10, gp
core   0: 3 0x800033de (0x003d79b3) x19 0x00000000
core   0: 0x800033e2 (0x007e5313) srli    t1, t3, 7
core   0: 3 0x800033e2 (0x007e5313) x6  0x00000000
core   0: 0x800033e6 (0x0177de13) srli    t3, a5, 23
core   0: 3 0x800033e6 (0x0177de13) x28 0x00000000
core   0: 0x800033ea (0x03b79163) bne     a5, s11, pc + 34
core   0: 3 0x800033ea (0x03b79163)
core   0: 0x8000340c (0x00008e81) c.sub   a3, s0
core   0: 3 0x8000340c (0x8e81) x13 0x44ef76de
core   0: 0x8000340e (0x00000216) c.slli  tp, 5
core   0: 3 0x8000340e (0x0216) x4  0x00000000
core   0: 0x80003410 (0x02af6533) rem     a0, t5, a0
core   0: 3 0x80003410 (0x02af6533) x10 0x00000000
core   0: 0x80003414 (0x01dd8533) add     a0, s11, t4
core   0: 3 0x80003414 (0x01dd8533) x10 0x00000011
core   0: 0x80003418 (0x91c03f93) sltiu   t6, zero, -1764
core   0: 3 0x80003418 (0x91c03f93) x31 0x00000001
core   0: 0x8000341c (0x03138663) beq     t2, a7, pc + 44
core   0: 3 0x8000341c (0x03138663)
core   0: 0x80003448 (0x00008565) c.srai  a0, 25
core   0: 3 0x80003448 (0x8565) x10 0x00000000
core   0: 0x8000344a (0x2808c997) auipc   s3, 0x2808c
core   0: 3 0x8000344a (0x2808c997) x19 0xa808f44a
core   0: 0x8000344e (0x01d418b3) sll     a7, s0, t4
core   0: 3 0x8000344e (0x01d418b3) x17 0x000539c8
core   0: 0x80003452 (0x9345f613) andi    a2, a1, -1740
core   0: 3 0x80003452 (0x9345f613) x12 0x80029824
core   0: 0x80003456 (0x024d7033) remu    zero, s10, tp
core   0: 3 0x80003456 (0x024d7033)
core   0: 0x8000345a (0x00008c95) c.sub   s1, a3
core   0: 3 0x8000345a (0x8c95) x9  0xbb108922
core   0: 0x8000345c (0x414e5093) srai    ra, t3, 20
core   0: 3 0x8000345c (0x414e5093) x1  0x00000000
core   0: 0x80003460 (0x00008da1) c.xor   a1, s0
core   0: 3 0x80003460 (0x8da1) x11 0x00000000
core   0: 0x80003462 (0x0199a233) slt     tp, s3, s9
core   0: 3 0x80003462 (0x0199a233) x4  0x00000001
core   0: 0x80003466 (0x01585fb3) srl     t6, a6, s5
core   0: 3 0x80003466 (0x01585fb3) x31 0x08000000
core   0: 0x8000346a (0x01f3da13) srli    s4, t2, 31
core   0: 3 0x8000346a (0x01f3da13) x20 0x00000000
core   0: 0x8000346e (0x097ee893) ori     a7, t4, 151
core   0: 3 0x8000346e (0x097ee893) x17 0x00000097
core   0: 0x80003472 (0x00008d71) c.and   a0, a2
core   0: 3 0x80003472 (0x8d71) x10 0x00000000
core   0: 0x80003474 (0x8168e693) ori     a3, a7, -2026
core   0: 3 0x80003474 (0x8168e693) x13 0xfffff897
core   0: 0x80003478 (0x00008e79) c.and   a2, a4
core   0: 3 0x80003478 (0x8e79) x12 0x00000000
core   0: 0x8000347a (0x00008e01) c.sub   a2, s0
core   0: 3 0x8000347a (0x8e01) x12 0x7ffd631c
core   0: 0x8000347c (0x41848bb3) sub     s7, s1, s8
core   0: 3 0x8000347c (0x41848bb3) x23 0xbb108922
core   0: 0x80003480 (0x00008645) c.srai  a2, 17
core   0: 3 0x80003480 (0x8645) x12 0x00003ffe
core   0: 0x80003482 (0x000083f1) c.srli  a5, 28
core   0: 3 0x80003482 (0x83f1) x15 0x00000000
core   0: 0x80003484 (0x02a3dcb3) divu    s9, t2, a0
core   0: 3 0x80003484 (0x02a3dcb3) x25 0xffffffff
core   0: 0x80003488 (0x968b3013) sltiu   zero, s6, -1688
core   0: 3 0x80003488 (0x968b3013)
core   0: 0x8000348c (0x033e55b3) divu    a1, t3, s3
core   0: 3 0x8000348c (0x033e55b3) x11 0x00000000
core   0: 0x80003490 (0x0349d1b3) divu    gp, s3, s4
core   0: 3 0x80003490 (0x0349d1b3) x3  0xffffffff
core   0: 0x80003494 (0x00008395) c.srli  a5, 5
core   0: 3 0x80003494 (0x8395) x15 0x00000000
core   0: 0x80003496 (0x4e177a13) andi    s4, a4, 1249
core   0: 3 0x80003496 (0x4e177a13) x20 0x00000001
core   0: 0x8000349a (0x00008d2d) c.xor   a0, a1
core   0: 3 0x8000349a (0x8d2d) x10 0x00000000
core   0: 0x8000349c (0x0310ca63) blt     ra, a7, pc + 52
core   0: 3 0x8000349c (0x0310ca63)
core   0: 0x800034d0 (0x029a1033) mulh    zero, s4, s1
core   0: 3 0x800034d0 (0x029a1033)
core   0: 0x800034d4 (0x00000001) c.nop
core   0: 3 0x800034d4 (0x0001)
core   0: 0x800034d6 (0x4028d1b3) sra     gp, a7, sp
core   0: 3 0x800034d6 (0x4028d1b3) x3  0x0000004b
core   0: 0x800034da (0x02e08f13) addi    t5, ra, 46
core   0: 3 0x800034da (0x02e08f13) x30 0x0000002e
core   0: 0x800034de (0xc09fad13) slti    s10, t6, -1015
core   0: 3 0x800034de (0xc09fad13) x26 0x00000000
core   0: 0x800034e2 (0x0000051e) c.slli  a0, 7
core   0: 3 0x800034e2 (0x051e) x10 0x00000000
core   0: 0x800034e4 (0x00825f63) bge     tp, s0, pc + 30
core   0: 3 0x800034e4 (0x00825f63)
core   0: 0x80003502 (0x0157af33) slt     t5, a5, s5
core   0: 3 0x80003502 (0x0157af33) x30 0x00000000
core   0: 0x80003506 (0x01ba8c33) add     s8, s5, s11
core   0: 3 0x80003506 (0x01ba8c33) x24 0x80025e74
core   0: 0x8000350a (0x03457a63) bgeu    a0, s4, pc + 52
core   0: 3 0x8000350a (0x03457a63)
core   0: 0x8000350e (0x02e78463) beq     a5, a4, pc + 40
core   0: 3 0x8000350e (0x02e78463)
core   0: 0x80003512 (0x02be8233) mul     tp, t4, a1
core   0: 3 0x80003512 (0x02be8233) x4  0x00000000
core   0: 0x80003516 (0x037e5363) bge     t3, s7, pc + 38
core   0: 3 0x80003516 (0x037e5363)
core   0: 0x8000353c (0x0000c111) c.beqz  a0, pc + 4
core   0: 3 0x8000353c (0xc111)
core   0: 0x80003540 (0x000062c1) c.lui   t0, 0x10
core   0: 3 0x80003540 (0x62c1) x5  0x00010000
core   0: 0x80003542 (0x00bb1033) sll     zero, s6, a1
core   0: 3 0x80003542 (0x00bb1033)
core   0: 0x80003546 (0x41f18a33) sub     s4, gp, t6
core   0: 3 0x80003546 (0x41f18a33) x20 0xf800004b
core   0: 0x8000354a (0xa75a5297) auipc   t0, 0xa75a5
core   0: 3 0x8000354a (0xa75a5297) x5  0x275a854a
core   0: 0x8000354e (0x025cbd33) mulhu   s10, s9, t0
core   0: 3 0x8000354e (0x025cbd33) x26 0x275a8549
core   0: 0x80003552 (0x021a2933) mulhsu  s2, s4, ra
core   0: 3 0x80003552 (0x021a2933) x18 0x00000000
core   0: 0x80003556 (0x02155663) bge     a0, ra, pc + 44
core   0: 3 0x80003556 (0x02155663)
core   0: 0x80003582 (0x03095033) divu    zero, s2, a6
core   0: 3 0x80003582 (0x03095033)
core   0: 0x80003586 (0x0369ceb3) div     t4, s3, s6
core   0: 3 0x80003586 (0x0369ceb3) x29 0xa808f44a
core   0: 0x8000358a (0x00008099) c.srli  s1, 6
core   0: 3 0x8000358a (0x8099) x9  0x02ec4224
core   0: 0x8000358c (0x00c2f533) and     a0, t0, a2
core   0: 3 0x8000358c (0x00c2f533) x10 0x0000054a
core   0: 0x80003590 (0x00000001) c.nop
core   0: 3 0x80003590 (0x0001)
core   0: 0x80003592 (0x00004d21) c.li    s10, 8
core   0: 3 0x80003592 (0x4d21) x26 0x00000008
core   0: 0x80003594 (0x0000419d) c.li    gp, 7
core   0: 3 0x80003594 (0x419d) x3  0x00000007
core   0: 0x80003596 (0x0000612d) c.addi16sp sp, 224
core   0: 3 0x80003596 (0x612d) x2  0x00000201
core   0: 0x80003598 (0x00008d29) c.xor   a0, a0
core   0: 3 0x80003598 (0x8d29) x10 0x00000000
core   0: 0x8000359a (0x00001d71) c.addi  s10, -4
core   0: 3 0x8000359a (0x1d71) x26 0x00000004
core   0: 0x8000359c (0x036094b3) mulh    s1, ra, s6
core   0: 3 0x8000359c (0x036094b3) x9  0x00000000
core   0: 0x800035a0 (0x000045a5) c.li    a1, 9
core   0: 3 0x800035a0 (0x45a5) x11 0x00000009
core   0: 0x800035a2 (0x00000001) c.nop
core   0: 3 0x800035a2 (0x0001)
core   0: 0x800035a4 (0x01aaa133) slt     sp, s5, s10
core   0: 3 0x800035a4 (0x01aaa133) x2  0x00000001
core   0: 0x800035a8 (0x00008e71) c.and   a2, a2
core   0: 3 0x800035a8 (0x8e71) x12 0x00003ffe
core   0: 0x800035aa (0x000015fd) c.addi  a1, -1
core   0: 3 0x800035aa (0x15fd) x11 0x00000008
core   0: 0x800035ac (0xbf5ab997) auipc   s3, 0xbf5ab
core   0: 3 0x800035ac (0xbf5ab997) x19 0x3f5ae5ac
core   0: 0x800035b0 (0x0000fde5) c.bnez  a1, pc - 8
core   0: 3 0x800035b0 (0xfde5)
core   0: 0x800035a8 (0x00008e71) c.and   a2, a2
core   0: 3 0x800035a8 (0x8e71) x12 0x00003ffe
core   0: 0x800035aa (0x000015fd) c.addi  a1, -1
core   0: 3 0x800035aa (0x15fd) x11 0x00000007
core   0: 0x800035ac (0xbf5ab997) auipc   s3, 0xbf5ab
core   0: 3 0x800035ac (0xbf5ab997) x19 0x3f5ae5ac
core   0: 0x800035b0 (0x0000fde5) c.bnez  a1, pc - 8
core   0: 3 0x800035b0 (0xfde5)
core   0: 0x800035a8 (0x00008e71) c.and   a2, a2
core   0: 3 0x800035a8 (0x8e71) x12 0x00003ffe
core   0: 0x800035aa (0x000015fd) c.addi  a1, -1
core   0: 3 0x800035aa (0x15fd) x11 0x00000006
core   0: 0x800035ac (0xbf5ab997) auipc   s3, 0xbf5ab
core   0: 3 0x800035ac (0xbf5ab997) x19 0x3f5ae5ac
core   0: 0x800035b0 (0x0000fde5) c.bnez  a1, pc - 8
core   0: 3 0x800035b0 (0xfde5)
core   0: 0x800035a8 (0x00008e71) c.and   a2, a2
core   0: 3 0x800035a8 (0x8e71) x12 0x00003ffe
core   0: 0x800035aa (0x000015fd) c.addi  a1, -1
core   0: 3 0x800035aa (0x15fd) x11 0x00000005
core   0: 0x800035ac (0xbf5ab997) auipc   s3, 0xbf5ab
core   0: 3 0x800035ac (0xbf5ab997) x19 0x3f5ae5ac
core   0: 0x800035b0 (0x0000fde5) c.bnez  a1, pc - 8
core   0: 3 0x800035b0 (0xfde5)
core   0: 0x800035a8 (0x00008e71) c.and   a2, a2
core   0: 3 0x800035a8 (0x8e71) x12 0x00003ffe
core   0: 0x800035aa (0x000015fd) c.addi  a1, -1
core   0: 3 0x800035aa (0x15fd) x11 0x00000004
core   0: 0x800035ac (0xbf5ab997) auipc   s3, 0xbf5ab
core   0: 3 0x800035ac (0xbf5ab997) x19 0x3f5ae5ac
core   0: 0x800035b0 (0x0000fde5) c.bnez  a1, pc - 8
core   0: 3 0x800035b0 (0xfde5)
core   0: 0x800035a8 (0x00008e71) c.and   a2, a2
core   0: 3 0x800035a8 (0x8e71) x12 0x00003ffe
core   0: 0x800035aa (0x000015fd) c.addi  a1, -1
core   0: 3 0x800035aa (0x15fd) x11 0x00000003
core   0: 0x800035ac (0xbf5ab997) auipc   s3, 0xbf5ab
core   0: 3 0x800035ac (0xbf5ab997) x19 0x3f5ae5ac
core   0: 0x800035b0 (0x0000fde5) c.bnez  a1, pc - 8
core   0: 3 0x800035b0 (0xfde5)
core   0: 0x800035a8 (0x00008e71) c.and   a2, a2
core   0: 3 0x800035a8 (0x8e71) x12 0x00003ffe
core   0: 0x800035aa (0x000015fd) c.addi  a1, -1
core   0: 3 0x800035aa (0x15fd) x11 0x00000002
core   0: 0x800035ac (0xbf5ab997) auipc   s3, 0xbf5ab
core   0: 3 0x800035ac (0xbf5ab997) x19 0x3f5ae5ac
core   0: 0x800035b0 (0x0000fde5) c.bnez  a1, pc - 8
core   0: 3 0x800035b0 (0xfde5)
core   0: 0x800035a8 (0x00008e71) c.and   a2, a2
core   0: 3 0x800035a8 (0x8e71) x12 0x00003ffe
core   0: 0x800035aa (0x000015fd) c.addi  a1, -1
core   0: 3 0x800035aa (0x15fd) x11 0x00000001
core   0: 0x800035ac (0xbf5ab997) auipc   s3, 0xbf5ab
core   0: 3 0x800035ac (0xbf5ab997) x19 0x3f5ae5ac
core   0: 0x800035b0 (0x0000fde5) c.bnez  a1, pc - 8
core   0: 3 0x800035b0 (0xfde5)
core   0: 0x800035a8 (0x00008e71) c.and   a2, a2
core   0: 3 0x800035a8 (0x8e71) x12 0x00003ffe
core   0: 0x800035aa (0x000015fd) c.addi  a1, -1
core   0: 3 0x800035aa (0x15fd) x11 0x00000000
core   0: 0x800035ac (0xbf5ab997) auipc   s3, 0xbf5ab
core   0: 3 0x800035ac (0xbf5ab997) x19 0x3f5ae5ac
core   0: 0x800035b0 (0x0000fde5) c.bnez  a1, pc - 8
core   0: 3 0x800035b0 (0xfde5)
core   0: 0x800035b2 (0x0000717d) c.addi16sp sp, -16
core   0: 3 0x800035b2 (0x717d) x2  0xfffffff1
core   0: 0x800035b4 (0xfe3d72e3) bgeu    s10, gp, pc - 28
core   0: 3 0x800035b4 (0xfe3d72e3)
core   0: 0x800035b8 (0x01ce03b3) add     t2, t3, t3
core   0: 3 0x800035b8 (0x01ce03b3) x7  0x00000000
core   0: 0x800035bc (0x000099fd) c.andi  a1, -1
core   0: 3 0x800035bc (0x99fd) x11 0x00000000
core   0: 0x800035be (0x02c71363) bne     a4, a2, pc + 38
core   0: 3 0x800035be (0x02c71363)
core   0: 0x800035e4 (0x5cdfeb93) ori     s7, t6, 1485
core   0: 3 0x800035e4 (0x5cdfeb93) x23 0x080005cd
core   0: 0x800035e8 (0x00009f96) c.add   t6, t0
core   0: 3 0x800035e8 (0x9f96) x31 0x2f5a854a
core   0: 0x800035ea (0x02238063) beq     t2, sp, pc + 32
core   0: 3 0x800035ea (0x02238063)
core   0: 0x800035ee (0x011c8bb3) add     s7, s9, a7
core   0: 3 0x800035ee (0x011c8bb3) x23 0x00000096
core   0: 0x800035f2 (0x018874b3) and     s1, a6, s8
core   0: 3 0x800035f2 (0x018874b3) x9  0x80000000
core   0: 0x800035f6 (0x40afd213) srai    tp, t6, 10
core   0: 3 0x800035f6 (0x40afd213) x4  0x000bd6a1
core   0: 0x800035fa (0x00008325) c.srli  a4, 9
core   0: 3 0x800035fa (0x8325) x14 0x00000000
core   0: 0x800035fc (0x00008f75) c.and   a4, a3
core   0: 3 0x800035fc (0x8f75) x14 0x00000000
core   0: 0x800035fe (0x0001e233) or      tp, gp, zero
core   0: 3 0x800035fe (0x0001e233) x4  0x00000007
core   0: 0x80003602 (0x01a721b3) slt     gp, a4, s10
core   0: 3 0x80003602 (0x01a721b3) x3  0x00000001
core   0: 0x80003606 (0x0000865d) c.srai  a2, 23
core   0: 3 0x80003606 (0x865d) x12 0x00000000
core   0: 0x80003608 (0x00008ce9) c.and   s1, a0
core   0: 3 0x80003608 (0x8ce9) x9  0x00000000
core   0: 0x8000360a (0xc81ff593) andi    a1, t6, -895
core   0: 3 0x8000360a (0xc81ff593) x11 0x2f5a8400
core   0: 0x8000360e (0x7f8f4593) xori    a1, t5, 2040
core   0: 3 0x8000360e (0x7f8f4593) x11 0x000007f8
core   0: 0x80003612 (0x02a794b3) mulh    s1, a5, a0
core   0: 3 0x80003612 (0x02a794b3) x9  0x00000000
core   0: 0x80003616 (0x0166ec33) or      s8, a3, s6
core   0: 3 0x80003616 (0x0166ec33) x24 0xfffff897
core   0: 0x8000361a (0x01961693) slli    a3, a2, 25
core   0: 3 0x8000361a (0x01961693) x13 0x00000000
core   0: 0x8000361e (0x010cc633) xor     a2, s9, a6
core   0: 3 0x8000361e (0x010cc633) x12 0x7fffffff
core   0: 0x80003622 (0x035e07b3) mul     a5, t3, s5
core   0: 3 0x80003622 (0x035e07b3) x15 0x00000000
core   0: 0x80003626 (0x00000671) c.addi  a2, 28
core   0: 3 0x80003626 (0x0671) x12 0x8000001b
core   0: 0x80003628 (0x03846e33) rem     t3, s0, s8
core   0: 3 0x80003628 (0x03846e33) x28 0xfffffaab
core   0: 0x8000362c (0x00000d32) c.slli  s10, 12
core   0: 3 0x8000362c (0x0d32) x26 0x00004000
core   0: 0x8000362e (0x0276ce63) blt     a3, t2, pc + 60
core   0: 3 0x8000362e (0x0276ce63)
core   0: 0x80003632 (0x0025a9b3) slt     s3, a1, sp
core   0: 3 0x80003632 (0x0025a9b3) x19 0x00000000
core   0: 0x80003636 (0x003ed5b3) srl     a1, t4, gp
core   0: 3 0x80003636 (0x003ed5b3) x11 0x54047a25
core   0: 0x8000363a (0x00000d90) c.addi4spn a2, sp, 720
core   0: 3 0x8000363a (0x0d90) x12 0x000002c1
core   0: 0x8000363c (0x024765b3) rem     a1, a4, tp
core   0: 3 0x8000363c (0x024765b3) x11 0x00000000
core   0: 0x80003640 (0x000098d6) c.add   a7, s5
core   0: 3 0x80003640 (0x98d6) x17 0x80025efb
core   0: 0x80003642 (0x00001a7d) c.addi  s4, -1
core   0: 3 0x80003642 (0x1a7d) x20 0xf800004a
core   0: 0x80003644 (0x007d5693) srli    a3, s10, 7
core   0: 3 0x80003644 (0x007d5693) x13 0x00000080
core   0: 0x80003648 (0x01ea7d63) bgeu    s4, t5, pc + 26
core   0: 3 0x80003648 (0x01ea7d63)
core   0: 0x80003662 (0x0000e49d) c.bnez  s1, pc + 46
core   0: 3 0x80003662 (0xe49d)
core   0: 0x80003664 (0x01c3adb3) slt     s11, t2, t3
core   0: 3 0x80003664 (0x01c3adb3) x27 0x00000000
core   0: 0x80003668 (0x00006e55) c.lui   t3, 0x15
core   0: 3 0x80003668 (0x6e55) x28 0x00015000
core   0: 0x8000366a (0x71cc2713) slti    a4, s8, 1820
core   0: 3 0x8000366a (0x71cc2713) x14 0x00000001
core   0: 0x8000366e (0x03a624b3) mulhsu  s1, a2, s10
core   0: 3 0x8000366e (0x03a624b3) x9  0x00000000
core   0: 0x80003672 (0x0363d0b3) divu    ra, t2, s6
core   0: 3 0x80003672 (0x0363d0b3) x1  0x00000000
core   0: 0x80003676 (0x03946333) rem     t1, s0, s9
core   0: 3 0x80003676 (0x03946333) x6  0x00000000
core   0: 0x8000367a (0x032fb633) mulhu   a2, t6, s2
core   0: 3 0x8000367a (0x032fb633) x12 0x00000000
core   0: 0x8000367e (0x00fbceb3) xor     t4, s7, a5
core   0: 3 0x8000367e (0x00fbceb3) x29 0x00000096
core   0: 0x80003682 (0x02d2ce63) blt     t0, a3, pc + 60
core   0: 3 0x80003682 (0x02d2ce63)
core   0: 0x80003686 (0x00008e3d) c.xor   a2, a5
core   0: 3 0x80003686 (0x8e3d) x12 0x00000000
core   0: 0x80003688 (0x41f488b3) sub     a7, s1, t6
core   0: 3 0x80003688 (0x41f488b3) x17 0xd0a57ab6
core   0: 0x8000368c (0xec726613) ori     a2, tp, -313
core   0: 3 0x8000368c (0xec726613) x12 0xfffffec7
core   0: 0x80003690 (0x00000001) c.nop
core   0: 3 0x80003690 (0x0001)
core   0: 0x80003692 (0x698a0793) addi    a5, s4, 1688
core   0: 3 0x80003692 (0x698a0793) x15 0xf80006e2
core   0: 0x80003696 (0x00001c7d) c.addi  s8, -1
core   0: 3 0x80003696 (0x1c7d) x24 0xfffff896
core   0: 0x80003698 (0x0098d963) bge     a7, s1, pc + 18
core   0: 3 0x80003698 (0x0098d963)
core   0: 0x8000369c (0x01856a63) bltu    a0, s8, pc + 20
core   0: 3 0x8000369c (0x01856a63)
core   0: 0x800036b0 (0x00008f1d) c.sub   a4, a5
core   0: 3 0x800036b0 (0x8f1d) x14 0x07fff91f
core   0: 0x800036b2 (0x5667bf97) auipc   t6, 0x5667b
core   0: 3 0x800036b2 (0x5667bf97) x31 0xd667e6b2
core   0: 0x800036b6 (0x00000001) c.nop
core   0: 3 0x800036b6 (0x0001)
core   0: 0x800036b8 (0x000016fd) c.addi  a3, -1
core   0: 3 0x800036b8 (0x16fd) x13 0x0000007f
core   0: 0x800036ba (0x16fee613) ori     a2, t4, 367
core   0: 3 0x800036ba (0x16fee613) x12 0x000001ff
core   0: 0x800036be (0x39c62593) slti    a1, a2, 924
core   0: 3 0x800036be (0x39c62593) x11 0x00000001
core   0: 0x800036c2 (0x0000c119) c.beqz  a0, pc + 6
core   0: 3 0x800036c2 (0xc119)
core   0: 0x800036c8 (0x03c914b3) mulh    s1, s2, t3
core   0: 3 0x800036c8 (0x03c914b3) x9  0x00000000
core   0: 0x800036cc (0x00008e69) c.and   a2, a0
core   0: 3 0x800036cc (0x8e69) x12 0x00000000
core   0: 0x800036ce (0x33baab93) slti    s7, s5, 827
core   0: 3 0x800036ce (0x33baab93) x23 0x00000001
core   0: 0x800036d2 (0x00008352) c.mv    t1, s4
core   0: 3 0x800036d2 (0x8352) x6  0xf800004a
core   0: 0x800036d4 (0x03e4e5b3) rem     a1, s1, t5
core   0: 3 0x800036d4 (0x03e4e5b3) x11 0x00000000
core   0: 0x800036d8 (0x00009be2) c.add   s7, s8
core   0: 3 0x800036d8 (0x9be2) x23 0xfffff897
core   0: 0x800036da (0x0000ed81) c.bnez  a1, pc + 24
core   0: 3 0x800036da (0xed81)
core   0: 0x800036dc (0x037a2e33) mulhsu  t3, s4, s7
core   0: 3 0x800036dc (0x037a2e33) x28 0xf8000085
core   0: 0x800036e0 (0x033befb3) rem     t6, s7, s3
core   0: 3 0x800036e0 (0x033befb3) x31 0xfffff897
core   0: 0x800036e4 (0x02dbf7b3) remu    a5, s7, a3
core   0: 3 0x800036e4 (0x02dbf7b3) x15 0x00000018
core   0: 0x800036e8 (0x00008379) c.srli  a4, 30
core   0: 3 0x800036e8 (0x8379) x14 0x00000000
core   0: 0x800036ea (0x02cd61b3) rem     gp, s10, a2
core   0: 3 0x800036ea (0x02cd61b3) x3  0x00004000
core   0: 0x800036ee (0x00000c71) c.addi  s8, 28
core   0: 3 0x800036ee (0x0c71) x24 0xfffff8b2
core   0: 0x800036f0 (0x00008ce9) c.and   s1, a0
core   0: 3 0x800036f0 (0x8ce9) x9  0x00000000
core   0: 0x800036f2 (0x02a3f163) bgeu    t2, a0, pc + 34
core   0: 3 0x800036f2 (0x02a3f163)
core   0: 0x80003714 (0x0000717d) c.addi16sp sp, -16
core   0: 3 0x80003714 (0x717d) x2  0xffffffe1
core   0: 0x80003716 (0x0208b933) mulhu   s2, a7, zero
core   0: 3 0x80003716 (0x0208b933) x18 0x00000000
core   0: 0x8000371a (0x00690bb3) add     s7, s2, t1
core   0: 3 0x8000371a (0x00690bb3) x23 0xf800004a
core   0: 0x8000371e (0x021ef463) bgeu    t4, ra, pc + 40
core   0: 3 0x8000371e (0x021ef463)
core   0: 0x80003746 (0x036c8633) mul     a2, s9, s6
core   0: 3 0x80003746 (0x036c8633) x12 0xffffffff
core   0: 0x8000374a (0x511bf993) andi    s3, s7, 1297
core   0: 3 0x8000374a (0x511bf993) x19 0x00000000
core   0: 0x8000374e (0xf2d9a293) slti    t0, s3, -211
core   0: 3 0x8000374e (0xf2d9a293) x5  0x00000000
core   0: 0x80003752 (0x015bd463) bge     s7, s5, pc + 8
core   0: 3 0x80003752 (0x015bd463)
core   0: 0x8000375a (0x00b79713) slli    a4, a5, 11
core   0: 3 0x8000375a (0x00b79713) x14 0x0000c000
core   0: 0x8000375e (0x00008ce1) c.and   s1, s0
core   0: 3 0x8000375e (0x8ce1) x9  0x00000000
core   0: 0x80003760 (0x0210c233) div     tp, ra, ra
core   0: 3 0x80003760 (0x0210c233) x4  0xffffffff
core   0: 0x80003764 (0x01a25793) srli    a5, tp, 26
core   0: 3 0x80003764 (0x01a25793) x15 0x0000003f
core   0: 0x80003768 (0x02b5b033) mulhu   zero, a1, a1
core   0: 3 0x80003768 (0x02b5b033)
core   0: 0x8000376c (0x256fba13) sltiu   s4, t6, 598
core   0: 3 0x8000376c (0x256fba13) x20 0x00000000
core   0: 0x80003770 (0x038a3cb3) mulhu   s9, s4, s8
core   0: 3 0x80003770 (0x038a3cb3) x25 0x00000000
core   0: 0x80003774 (0x0252f733) remu    a4, t0, t0
core   0: 3 0x80003774 (0x0252f733) x14 0x00000000
core   0: 0x80003778 (0x0000ed11) c.bnez  a0, pc + 28
core   0: 3 0x80003778 (0xed11)
core   0: 0x8000377a (0x41bb5e93) srai    t4, s6, 27
core   0: 3 0x8000377a (0x41bb5e93) x29 0x00000000
core   0: 0x8000377e (0x2f488f93) addi    t6, a7, 756
core   0: 3 0x8000377e (0x2f488f93) x31 0xd0a57daa
core   0: 0x80003782 (0x02895733) divu    a4, s2, s0
core   0: 3 0x80003782 (0x02895733) x14 0x00000000
core   0: 0x80003786 (0x000081a9) c.srli  a1, 10
core   0: 3 0x80003786 (0x81a9) x11 0x00000000
core   0: 0x80003788 (0x017fda13) srli    s4, t6, 23
core   0: 3 0x80003788 (0x017fda13) x20 0x000001a1
core   0: 0x8000378c (0x00000001) c.nop
core   0: 3 0x8000378c (0x0001)
core   0: 0x8000378e (0x00001218) c.addi4spn a4, sp, 288
core   0: 3 0x8000378e (0x1218) x14 0x00000101
core   0: 0x80003790 (0x000084dd) c.srai  s1, 23
core   0: 3 0x80003790 (0x84dd) x9  0x00000000
core   0: 0x80003792 (0x0000015d) c.addi  sp, 23
core   0: 3 0x80003792 (0x015d) x2  0xfffffff8
core   0: 0x80003794 (0x00001cfd) c.addi  s9, -1
core   0: 3 0x80003794 (0x1cfd) x25 0xffffffff
core   0: 0x80003796 (0x05a7c363) blt     a5, s10, pc + 70
core   0: 3 0x80003796 (0x05a7c363)
core   0: 0x800037dc (0x21a74b93) xori    s7, a4, 538
core   0: 3 0x800037dc (0x21a74b93) x23 0x0000031b
core   0: 0x800037e0 (0x03c0b1b3) mulhu   gp, ra, t3
core   0: 3 0x800037e0 (0x03c0b1b3) x3  0x00000000
core   0: 0x800037e4 (0x00000ed1) c.addi  t4, 20
core   0: 3 0x800037e4 (0x0ed1) x29 0x00000014
core   0: 0x800037e6 (0x13497793) andi    a5, s2, 308
core   0: 3 0x800037e6 (0x13497793) x15 0x00000000
core   0: 0x800037ea (0x0f3eea17) auipc   s4, 0xf3ee
core   0: 3 0x800037ea (0x0f3eea17) x20 0x8f3f17ea
core   0: 0x800037ee (0x05194363) blt     s2, a7, pc + 70
core   0: 3 0x800037ee (0x05194363)
core   0: 0x800037f2 (0x03b28563) beq     t0, s11, pc + 42
core   0: 3 0x800037f2 (0x03b28563)
core   0: 0x8000381c (0x00008fd9) c.or    a5, a4
core   0: 3 0x8000381c (0x8fd9) x15 0x00000101
core   0: 0x8000381e (0x1577b293) sltiu   t0, a5, 343
core   0: 3 0x8000381e (0x1577b293) x5  0x00000001
core   0: 0x80003822 (0x38624f17) auipc   t5, 0x38624
core   0: 3 0x80003822 (0x38624f17) x30 0xb8627822
core   0: 0x80003826 (0x415952b3) sra     t0, s2, s5
core   0: 3 0x80003826 (0x415952b3) x5  0x00000000
core   0: 0x8000382a (0x02b01663) bne     zero, a1, pc + 44
core   0: 3 0x8000382a (0x02b01663)
core   0: 0x8000382e (0x009ac533) xor     a0, s5, s1
core   0: 3 0x8000382e (0x009ac533) x10 0x80025e64
core   0: 0x80003832 (0x0000616d) c.addi16sp sp, 240
core   0: 3 0x80003832 (0x616d) x2  0x000000e8
core   0: 0x80003834 (0x01e075b3) and     a1, zero, t5
core   0: 3 0x80003834 (0x01e075b3) x11 0x00000000
core   0: 0x80003838 (0x00008d3a) c.mv    s10, a4
core   0: 3 0x80003838 (0x8d3a) x26 0x00000101
core   0: 0x8000383a (0x02a07c63) bgeu    zero, a0, pc + 56
core   0: 3 0x8000383a (0x02a07c63)
core   0: 0x8000383e (0x00000949) c.addi  s2, 18
core   0: 3 0x8000383e (0x0949) x18 0x00000012
core   0: 0x80003840 (0x41ad53b3) sra     t2, s10, s10
core   0: 3 0x80003840 (0x41ad53b3) x7  0x00000080
core   0: 0x80003844 (0x0290bd33) mulhu   s10, ra, s1
core   0: 3 0x80003844 (0x0290bd33) x26 0x00000000
core   0: 0x80003848 (0x9dc5b193) sltiu   gp, a1, -1572
core   0: 3 0x80003848 (0x9dc5b193) x3  0x00000001
core   0: 0x8000384c (0x0352a9b3) mulhsu  s3, t0, s5
core   0: 3 0x8000384c (0x0352a9b3) x19 0x00000000
core   0: 0x80003850 (0x0000c60d) c.beqz  a2, pc + 42
core   0: 3 0x80003850 (0xc60d)
core   0: 0x80003852 (0x8c258213) addi    tp, a1, -1854
core   0: 3 0x80003852 (0x8c258213) x4  0xfffff8c2
core   0: 0x80003856 (0x0014c563) blt     s1, ra, pc + 10
core   0: 3 0x80003856 (0x0014c563)
core   0: 0x8000385a (0x02c519b3) mulh    s3, a0, a2
core   0: 3 0x8000385a (0x02c519b3) x19 0x00000000
core   0: 0x8000385e (0x00008305) c.srli  a4, 1
core   0: 3 0x8000385e (0x8305) x14 0x00000080
core   0: 0x80003860 (0x00008db1) c.xor   a1, a2
core   0: 3 0x80003860 (0x8db1) x11 0xffffffff
core   0: 0x80003862 (0x0330b033) mulhu   zero, ra, s3
core   0: 3 0x80003862 (0x0330b033)
core   0: 0x80003866 (0x026178b3) remu    a7, sp, t1
core   0: 3 0x80003866 (0x026178b3) x17 0x000000e8
core   0: 0x8000386a (0x41335bb3) sra     s7, t1, s3
core   0: 3 0x8000386a (0x41335bb3) x23 0xf800004a
core   0: 0x8000386e (0xd608b913) sltiu   s2, a7, -672
core   0: 3 0x8000386e (0xd608b913) x18 0x00000001
core   0: 0x80003872 (0x35e7ce93) xori    t4, a5, 862
core   0: 3 0x80003872 (0x35e7ce93) x29 0x0000025f
core   0: 0x80003876 (0x02bbf5b3) remu    a1, s7, a1
core   0: 3 0x80003876 (0x02bbf5b3) x11 0xf800004a
core   0: 0x8000387a (0x406add13) srai    s10, s5, 6
core   0: 3 0x8000387a (0x406add13) x26 0xfe000979
core   0: 0x8000387e (0x0000ed45) c.bnez  a0, pc + 184
core   0: 3 0x8000387e (0xed45)
core   0: 0x80003936 (0x00008d29) c.xor   a0, a0
core   0: 3 0x80003936 (0x8d29) x10 0x00000000
core   0: 0x80003938 (0x03079463) bne     a5, a6, pc + 40
core   0: 3 0x80003938 (0x03079463)
core   0: 0x80003960 (0x02ac6563) bltu    s8, a0, pc + 42
core   0: 3 0x80003960 (0x02ac6563)
core   0: 0x80003964 (0x036cdcb3) divu    s9, s9, s6
core   0: 3 0x80003964 (0x036cdcb3) x25 0xffffffff
core   0: 0x80003968 (0x03569f63) bne     a3, s5, pc + 62
core   0: 3 0x80003968 (0x03569f63)
core   0: 0x800039a6 (0x03bad8b3) divu    a7, s5, s11
core   0: 3 0x800039a6 (0x03bad8b3) x17 0xffffffff
core   0: 0x800039aa (0x00008d3d) c.xor   a0, a5
core   0: 3 0x800039aa (0x8d3d) x10 0x00000101
core   0: 0x800039ac (0x036b45b3) div     a1, s6, s6
core   0: 3 0x800039ac (0x036b45b3) x11 0x00000001
core   0: 0x800039b0 (0x032d9063) bne     s11, s2, pc + 32
core   0: 3 0x800039b0 (0x032d9063)
core   0: 0x800039d0 (0x01295bb3) srl     s7, s2, s2
core   0: 3 0x800039d0 (0x01295bb3) x23 0x00000000
core   0: 0x800039d4 (0x00008f3d) c.xor   a4, a5
core   0: 3 0x800039d4 (0x8f3d) x14 0x00000181
core   0: 0x800039d6 (0x41af89b3) sub     s3, t6, s10
core   0: 3 0x800039d6 (0x41af89b3) x19 0xd2a57431
core   0: 0x800039da (0x0115e233) or      tp, a1, a7
core   0: 3 0x800039da (0x0115e233) x4  0xffffffff
core   0: 0x800039de (0x00a62c33) slt     s8, a2, a0
core   0: 3 0x800039de (0x00a62c33) x24 0x00000001
core   0: 0x800039e2 (0x01fd9493) slli    s1, s11, 31
core   0: 3 0x800039e2 (0x01fd9493) x9  0x00000000
core   0: 0x800039e6 (0x03a94033) div     zero, s2, s10
core   0: 3 0x800039e6 (0x03a94033)
core   0: 0x800039ea (0xb69f6b93) ori     s7, t5, -1175
core   0: 3 0x800039ea (0xb69f6b93) x23 0xfffffb6b
core   0: 0x800039ee (0x006c1e93) slli    t4, s8, 6
core   0: 3 0x800039ee (0x006c1e93) x29 0x00000040
core   0: 0x800039f2 (0x02ebf463) bgeu    s7, a4, pc + 40
core   0: 3 0x800039f2 (0x02ebf463)
core   0: 0x80003a1a (0x000080c1) c.srli  s1, 16
core   0: 3 0x80003a1a (0x80c1) x9  0x00000000
core   0: 0x80003a1c (0x015c9233) sll     tp, s9, s5
core   0: 3 0x80003a1c (0x015c9233) x4  0xfffffff0
core   0: 0x80003a20 (0x02909363) bne     ra, s1, pc + 38
core   0: 3 0x80003a20 (0x02909363)
core   0: 0x80003a24 (0x0000ef01) c.bnez  a4, pc + 24
core   0: 3 0x80003a24 (0xef01)
core   0: 0x80003a3c (0x0000717d) c.addi16sp sp, -16
core   0: 3 0x80003a3c (0x717d) x2  0x000000d8
core   0: 0x80003a3e (0x0000cd99) c.beqz  a1, pc + 30
core   0: 3 0x80003a3e (0xcd99)
core   0: 0x80003a40 (0x41468933) sub     s2, a3, s4
core   0: 3 0x80003a40 (0x41468933) x18 0x70c0e895
core   0: 0x80003a44 (0x00000001) c.nop
core   0: 3 0x80003a44 (0x0001)
core   0: 0x80003a46 (0x0000817a) c.mv    sp, t5
core   0: 3 0x80003a46 (0x817a) x2  0xb8627822
core   0: 0x80003a48 (0x00008d59) c.or    a0, a4
core   0: 3 0x80003a48 (0x8d59) x10 0x00000181
core   0: 0x80003a4a (0x00000d2a) c.slli  s10, 10
core   0: 3 0x80003a4a (0x0d2a) x26 0x0025e400
core   0: 0x80003a4c (0x00c7d6b3) srl     a3, a5, a2
core   0: 3 0x80003a4c (0x00c7d6b3) x13 0x00000000
core   0: 0x80003a50 (0x0200b213) sltiu   tp, ra, 32
core   0: 3 0x80003a50 (0x0200b213) x4  0x00000001
core   0: 0x80003a54 (0x0000e111) c.bnez  a0, pc + 4
core   0: 3 0x80003a54 (0xe111)
core   0: 0x80003a58 (0x4091dbb3) sra     s7, gp, s1
core   0: 3 0x80003a58 (0x4091dbb3) x23 0x00000001
core   0: 0x80003a5c (0x00000915) c.addi  s2, 5
core   0: 3 0x80003a5c (0x0915) x18 0x70c0e89a
core   0: 0x80003a5e (0x0326bbb3) mulhu   s7, a3, s2
core   0: 3 0x80003a5e (0x0326bbb3) x23 0x00000000
core   0: 0x80003a62 (0x00001b94) c.addi4spn a3, sp, 496
core   0: 3 0x80003a62 (0x1b94) x13 0xb8627a12
core   0: 0x80003a64 (0x0245d533) divu    a0, a1, tp
core   0: 3 0x80003a64 (0x0245d533) x10 0x00000001
core   0: 0x80003a68 (0x037a1733) mulh    a4, s4, s7
core   0: 3 0x80003a68 (0x037a1733) x14 0x00000000
core   0: 0x80003a6c (0x06970263) beq     a4, s1, pc + 100
core   0: 3 0x80003a6c (0x06970263)
core   0: 0x80003ad0 (0x000087e6) c.mv    a5, s9
core   0: 3 0x80003ad0 (0x87e6) x15 0xffffffff
core   0: 0x80003ad2 (0x02985bb3) divu    s7, a6, s1
core   0: 3 0x80003ad2 (0x02985bb3) x23 0xffffffff
core   0: 0x80003ad6 (0x0000e905) c.bnez  a0, pc + 48
core   0: 3 0x80003ad6 (0xe905)
core   0: 0x80003b06 (0x0000ed95) c.bnez  a1, pc + 60
core   0: 3 0x80003b06 (0xed95)
core   0: 0x80003b42 (0x00008f61) c.and   a4, s0
core   0: 3 0x80003b42 (0x8f61) x14 0x00000000
core   0: 0x80003b44 (0x04dac463) blt     s5, a3, pc + 72
core   0: 3 0x80003b44 (0x04dac463)
core   0: 0x80003b8c (0x0034bc33) sltu    s8, s1, gp
core   0: 3 0x80003b8c (0x0034bc33) x24 0x00000001
core   0: 0x80003b90 (0x00000651) c.addi  a2, 20
core   0: 3 0x80003b90 (0x0651) x12 0x00000013
core   0: 0x80003b92 (0xcea13213) sltiu   tp, sp, -790
core   0: 3 0x80003b92 (0xcea13213) x4  0x00000001
core   0: 0x80003b96 (0x00000b10) c.addi4spn a2, sp, 400
core   0: 3 0x80003b96 (0x0b10) x12 0xb86279b2
core   0: 0x80003b98 (0x023013b3) mulh    t2, zero, gp
core   0: 3 0x80003b98 (0x023013b3) x7  0x00000000
core   0: 0x80003b9c (0x00fb8033) add     zero, s7, a5
core   0: 3 0x80003b9c (0x00fb8033)
core   0: 0x80003ba0 (0x033478b3) remu    a7, s0, s3
core   0: 3 0x80003ba0 (0x033478b3) x17 0x80029ce4
core   0: 0x80003ba4 (0x00006115) c.addi16sp sp, 288
core   0: 3 0x80003ba4 (0x6115) x2  0xb8627942
core   0: 0x80003ba6 (0x013cb633) sltu    a2, s9, s3
core   0: 3 0x80003ba6 (0x013cb633) x12 0x00000000
core   0: 0x80003baa (0xd7fae913) ori     s2, s5, -641
core   0: 3 0x80003baa (0xd7fae913) x18 0xffffff7f
core   0: 0x80003bae (0x02807b33) remu    s6, zero, s0
core   0: 3 0x80003bae (0x02807b33) x22 0x00000000
core   0: 0x80003bb2 (0x00008735) c.srai  a4, 13
core   0: 3 0x80003bb2 (0x8735) x14 0x00000000
core   0: 0x80003bb4 (0x0397cb33) div     s6, a5, s9
core   0: 3 0x80003bb4 (0x0397cb33) x22 0x00000001
core   0: 0x80003bb8 (0x56d6bc13) sltiu   s8, a3, 1389
core   0: 3 0x80003bb8 (0x56d6bc13) x24 0x00000000
core   0: 0x80003bbc (0x0530c263) blt     ra, s3, pc + 68
core   0: 3 0x80003bbc (0x0530c263)
core   0: 0x80003bc0 (0x01b21733) sll     a4, tp, s11
core   0: 3 0x80003bc0 (0x01b21733) x14 0x00000001
core   0: 0x80003bc4 (0x01f7c463) blt     a5, t6, pc + 8
core   0: 3 0x80003bc4 (0x01f7c463)
core   0: 0x80003bc8 (0x62cbe993) ori     s3, s7, 1580
core   0: 3 0x80003bc8 (0x62cbe993) x19 0xffffffff
core   0: 0x80003bcc (0x00000e72) c.slli  t3, 28
core   0: 3 0x80003bcc (0x0e72) x28 0x50000000
core   0: 0x80003bce (0x56ca2c13) slti    s8, s4, 1388
core   0: 3 0x80003bce (0x56ca2c13) x24 0x00000001
core   0: 0x80003bd2 (0x00008162) c.mv    sp, s8
core   0: 3 0x80003bd2 (0x8162) x2  0x00000001
core   0: 0x80003bd4 (0x033da933) mulhsu  s2, s11, s3
core   0: 3 0x80003bd4 (0x033da933) x18 0x00000000
core   0: 0x80003bd8 (0x01da9033) sll     zero, s5, t4
core   0: 3 0x80003bd8 (0x01da9033)
core   0: 0x80003bdc (0x00001608) c.addi4spn a0, sp, 800
core   0: 3 0x80003bdc (0x1608) x10 0x00000321
core   0: 0x80003bde (0x41b8b797) auipc   a5, 0x41b8b
core   0: 3 0x80003bde (0x41b8b797) x15 0xc1b8ebde
core   0: 0x80003be2 (0x02554763) blt     a0, t0, pc + 46
core   0: 3 0x80003be2 (0x02554763)
core   0: 0x80003be6 (0x02079933) mulh    s2, a5, zero
core   0: 3 0x80003be6 (0x02079933) x18 0x00000000
core   0: 0x80003bea (0x000086e5) c.srai  a3, 25
core   0: 3 0x80003bea (0x86e5) x13 0xffffffdc
core   0: 0x80003bec (0x03b734b3) mulhu   s1, a4, s11
core   0: 3 0x80003bec (0x03b734b3) x9  0x00000000
core   0: 0x80003bf0 (0x02545563) bge     s0, t0, pc + 42
core   0: 3 0x80003bf0 (0x02545563)
core   0: 0x80003bf4 (0x03049363) bne     s1, a6, pc + 38
core   0: 3 0x80003bf4 (0x03049363)
core   0: 0x80003c1a (0x01944963) blt     s0, s9, pc + 18
core   0: 3 0x80003c1a (0x01944963)
core   0: 0x80003c2c (0x00fb5b93) srli    s7, s6, 15
core   0: 3 0x80003c2c (0x00fb5b93) x23 0x00000000
core   0: 0x80003c30 (0x0000717d) c.addi16sp sp, -16
core   0: 3 0x80003c30 (0x717d) x2  0xfffffff1
core   0: 0x80003c32 (0x019cebb3) or      s7, s9, s9
core   0: 3 0x80003c32 (0x019cebb3) x23 0xffffffff
core   0: 0x80003c36 (0x09117793) andi    a5, sp, 145
core   0: 3 0x80003c36 (0x09117793) x15 0x00000091
core   0: 0x80003c3a (0x03cc0033) mul     zero, s8, t3
core   0: 3 0x80003c3a (0x03cc0033)
core   0: 0x80003c3e (0x038439b3) mulhu   s3, s0, s8
core   0: 3 0x80003c3e (0x038439b3) x19 0x00000000
core   0: 0x80003c42 (0x01b0f233) and     tp, ra, s11
core   0: 3 0x80003c42 (0x01b0f233) x4  0x00000000
core   0: 0x80003c46 (0x02cde533) rem     a0, s11, a2
core   0: 3 0x80003c46 (0x02cde533) x10 0x00000000
core   0: 0x80003c4a (0x3ab43c37) lui     s8, 0x3ab43
core   0: 3 0x80003c4a (0x3ab43c37) x24 0x3ab43000
core   0: 0x80003c4e (0x025640b3) div     ra, a2, t0
core   0: 3 0x80003c4e (0x025640b3) x1  0xffffffff
core   0: 0x80003c52 (0x01675333) srl     t1, a4, s6
core   0: 3 0x80003c52 (0x01675333) x6  0x00000000
core   0: 0x80003c56 (0x0040f4b3) and     s1, ra, tp
core   0: 3 0x80003c56 (0x0040f4b3) x9  0x00000000
core   0: 0x80003c5a (0x0000c519) c.beqz  a0, pc + 14
core   0: 3 0x80003c5a (0xc519)
core   0: 0x80003c68 (0x02c10663) beq     sp, a2, pc + 44
core   0: 3 0x80003c68 (0x02c10663)
core   0: 0x80003c6c (0x01817cb3) and     s9, sp, s8
core   0: 3 0x80003c6c (0x01817cb3) x25 0x3ab43000
core   0: 0x80003c70 (0x0000997d) c.andi  a0, -1
core   0: 3 0x80003c70 (0x997d) x10 0x00000000
core   0: 0x80003c72 (0x00008121) c.srli  a0, 8
core   0: 3 0x80003c72 (0x8121) x10 0x00000000
core   0: 0x80003c74 (0x61db7793) andi    a5, s6, 1565
core   0: 3 0x80003c74 (0x61db7793) x15 0x00000001
core   0: 0x80003c78 (0x022e5cb3) divu    s9, t3, sp
core   0: 3 0x80003c78 (0x022e5cb3) x25 0x00000000
core   0: 0x80003c7c (0x00000001) c.nop
core   0: 3 0x80003c7c (0x0001)
core   0: 0x80003c7e (0x00000001) c.nop
core   0: 3 0x80003c7e (0x0001)
core   0: 0x80003c80 (0x0bbd3c93) sltiu   s9, s10, 187
core   0: 3 0x80003c80 (0x0bbd3c93) x25 0x00000000
core   0: 0x80003c84 (0x00000001) c.nop
core   0: 3 0x80003c84 (0x0001)
core   0: 0x80003c86 (0x00008e79) c.and   a2, a4
core   0: 3 0x80003c86 (0x8e79) x12 0x00000000
core   0: 0x80003c88 (0x41c1de33) sra     t3, gp, t3
core   0: 3 0x80003c88 (0x41c1de33) x28 0x00000001
core   0: 0x80003c8c (0x0033bfb3) sltu    t6, t2, gp
core   0: 3 0x80003c8c (0x0033bfb3) x31 0x00000001
core   0: 0x80003c90 (0x010c2533) slt     a0, s8, a6
core   0: 3 0x80003c90 (0x010c2533) x10 0x00000000
core   0: 0x80003c94 (0x00008f21) c.xor   a4, s0
core   0: 3 0x80003c94 (0x8f21) x14 0x80029ce5
core   0: 0x80003c96 (0x00008bf1) c.andi  a5, 28
core   0: 3 0x80003c96 (0x8bf1) x15 0x00000000
core   0: 0x80003c98 (0x00000001) c.nop
core   0: 3 0x80003c98 (0x0001)
core   0: 0x80003c9a (0x00008ed9) c.or    a3, a4
core   0: 3 0x80003c9a (0x8ed9) x13 0xfffffffd
core   0: 0x80003c9c (0x5fe70d93) addi    s11, a4, 1534
core   0: 3 0x80003c9c (0x5fe70d93) x27 0x8002a2e3
core   0: 0x80003ca0 (0xe70ae393) ori     t2, s5, -400
core   0: 3 0x80003ca0 (0xe70ae393) x7  0xfffffe74
core   0: 0x80003ca4 (0x01b140b3) xor     ra, sp, s11
core   0: 3 0x80003ca4 (0x01b140b3) x1  0x7ffd5d12
core   0: 0x80003ca8 (0x2dc7cd93) xori    s11, a5, 732
core   0: 3 0x80003ca8 (0x2dc7cd93) x27 0x000002dc
core   0: 0x80003cac (0x00008d75) c.and   a0, a3
core   0: 3 0x80003cac (0x8d75) x10 0x00000000
core   0: 0x80003cae (0x007f8033) add     zero, t6, t2
core   0: 3 0x80003cae (0x007f8033)
core   0: 0x80003cb2 (0x000005aa) c.slli  a1, 10
core   0: 3 0x80003cb2 (0x05aa) x11 0x00000400
core   0: 0x80003cb4 (0x0000908e) c.add   ra, gp
core   0: 3 0x80003cb4 (0x908e) x1  0x7ffd5d13
core   0: 0x80003cb6 (0x0262a733) mulhsu  a4, t0, t1
core   0: 3 0x80003cb6 (0x0262a733) x14 0x00000000
core   0: 0x80003cba (0x027fdb33) divu    s6, t6, t2
core   0: 3 0x80003cba (0x027fdb33) x22 0x00000000
core   0: 0x80003cbe (0x687764b7) lui     s1, 0x68776
core   0: 3 0x80003cbe (0x687764b7) x9  0x68776000
core   0: 0x80003cc2 (0x000097fe) c.add   a5, t6
core   0: 3 0x80003cc2 (0x97fe) x15 0x00000001
core   0: 0x80003cc4 (0x00000001) c.nop
core   0: 3 0x80003cc4 (0x0001)
core   0: 0x80003cc6 (0x0241a733) mulhsu  a4, gp, tp
core   0: 3 0x80003cc6 (0x0241a733) x14 0x00000000
core   0: 0x80003cca (0x04646313) ori     t1, s0, 70
core   0: 3 0x80003cca (0x04646313) x6  0x80029ce6
core   0: 0x80003cce (0x00516533) or      a0, sp, t0
core   0: 3 0x80003cce (0x00516533) x10 0xfffffff1
core   0: 0x80003cd2 (0x40485193) srai    gp, a6, 4
core   0: 3 0x80003cd2 (0x40485193) x3  0xf8000000
core   0: 0x80003cd6 (0x0227c1b3) div     gp, a5, sp
core   0: 3 0x80003cd6 (0x0227c1b3) x3  0x00000000
core   0: 0x80003cda (0xfe3c6893) ori     a7, s8, -29
core   0: 3 0x80003cda (0xfe3c6893) x17 0xffffffe3
core   0: 0x80003cde (0x02a18333) mul     t1, gp, a0
core   0: 3 0x80003cde (0x02a18333) x6  0x00000000
core   0: 0x80003ce2 (0x00000001) c.nop
core   0: 3 0x80003ce2 (0x0001)
core   0: 0x80003ce4 (0x0000c211) c.beqz  a2, pc + 4
core   0: 3 0x80003ce4 (0xc211)
core   0: 0x80003ce8 (0x24f42d93) slti    s11, s0, 591
core   0: 3 0x80003ce8 (0x24f42d93) x27 0x00000001
core   0: 0x80003cec (0x00009cb6) c.add   s9, a3
core   0: 3 0x80003cec (0x9cb6) x25 0xfffffffd
core   0: 0x80003cee (0x0000c515) c.beqz  a0, pc + 44
core   0: 3 0x80003cee (0xc515)
core   0: 0x80003cf0 (0x01bf0c33) add     s8, t5, s11
core   0: 3 0x80003cf0 (0x01bf0c33) x24 0xb8627823
core   0: 0x80003cf4 (0xea16e037) lui     zero, 0xea16e
core   0: 3 0x80003cf4 (0xea16e037)
core   0: 0x80003cf8 (0x00709333) sll     t1, ra, t2
core   0: 3 0x80003cf8 (0x00709333) x6  0xd1300000
core   0: 0x80003cfc (0x03f03933) mulhu   s2, zero, t6
core   0: 3 0x80003cfc (0x03f03933) x18 0x00000000
core   0: 0x80003d00 (0x01608533) add     a0, ra, s6
core   0: 3 0x80003d00 (0x01608533) x10 0x7ffd5d13
core   0: 0x80003d04 (0x02ddd663) bge     s11, a3, pc + 44
core   0: 3 0x80003d04 (0x02ddd663)
core   0: 0x80003d30 (0x014f1733) sll     a4, t5, s4
core   0: 3 0x80003d30 (0x014f1733) x14 0x89e08800
core   0: 0x80003d34 (0x0000567d) c.li    a2, -1
core   0: 3 0x80003d34 (0x567d) x12 0xffffffff
core   0: 0x80003d36 (0x0396df63) bge     a3, s9, pc + 62
core   0: 3 0x80003d36 (0x0396df63)
core   0: 0x80003d74 (0x031c5cb3) divu    s9, s8, a7
core   0: 3 0x80003d74 (0x031c5cb3) x25 0x00000000
core   0: 0x80003d78 (0x00008ca9) c.xor   s1, a0
core   0: 3 0x80003d78 (0x8ca9) x9  0x178a3d13
core   0: 0x80003d7a (0x0195e5b3) or      a1, a1, s9
core   0: 3 0x80003d7a (0x0195e5b3) x11 0x00000400
core   0: 0x80003d7e (0x00d69293) slli    t0, a3, 13
core   0: 3 0x80003d7e (0x00d69293) x5  0xffffa000
core   0: 0x80003d82 (0x02088d33) mul     s10, a7, zero
core   0: 3 0x80003d82 (0x02088d33) x26 0x00000000
core   0: 0x80003d86 (0x40f85bb3) sra     s7, a6, a5
core   0: 3 0x80003d86 (0x40f85bb3) x23 0xc0000000
core   0: 0x80003d8a (0x00008f91) c.sub   a5, a2
core   0: 3 0x80003d8a (0x8f91) x15 0x00000002
core   0: 0x80003d8c (0x000000b2) c.slli  ra, 12
core   0: 3 0x80003d8c (0x00b2) x1  0xd5d13000
core   0: 0x80003d8e (0x029825b3) mulhsu  a1, a6, s1
core   0: 3 0x80003d8e (0x029825b3) x11 0xf43ae176
core   0: 0x80003d92 (0x00008d2d) c.xor   a0, a1
core   0: 3 0x80003d92 (0x8d2d) x10 0x8bc7bc65
core   0: 0x80003d94 (0x03bb5333) divu    t1, s6, s11
core   0: 3 0x80003d94 (0x03bb5333) x6  0x00000000
core   0: 0x80003d98 (0x00008eb1) c.xor   a3, a2
core   0: 3 0x80003d98 (0x8eb1) x13 0x00000002
core   0: 0x80003d9a (0x01485193) srli    gp, a6, 20
core   0: 3 0x80003d9a (0x01485193) x3  0x00000800
core   0: 0x80003d9e (0x01591d93) slli    s11, s2, 21
core   0: 3 0x80003d9e (0x01591d93) x27 0x00000000
core   0: 0x80003da2 (0x00006129) c.addi16sp sp, 192
core   0: 3 0x80003da2 (0x6129) x2  0x000000b1
core   0: 0x80003da4 (0x172bba13) sltiu   s4, s7, 370
core   0: 3 0x80003da4 (0x172bba13) x20 0x00000000
core   0: 0x80003da8 (0x03ee2eb3) mulhsu  t4, t3, t5
core   0: 3 0x80003da8 (0x03ee2eb3) x29 0x00000000
core   0: 0x80003dac (0x01e216b3) sll     a3, tp, t5
core   0: 3 0x80003dac (0x01e216b3) x13 0x00000000
core   0: 0x80003db0 (0x00001398) c.addi4spn a4, sp, 480
core   0: 3 0x80003db0 (0x1398) x14 0x00000291
core   0: 0x80003db2 (0x03392733) mulhsu  a4, s2, s3
core   0: 3 0x80003db2 (0x03392733) x14 0x00000000
core   0: 0x80003db6 (0x02c84363) blt     a6, a2, pc + 38
core   0: 3 0x80003db6 (0x02c84363)
core   0: 0x80003ddc (0x00004e69) c.li    t3, 26
core   0: 3 0x80003ddc (0x4e69) x28 0x0000001a
core   0: 0x80003dde (0x011f5d33) srl     s10, t5, a7
core   0: 3 0x80003dde (0x011f5d33) x26 0x170c4f04
core   0: 0x80003de2 (0x00ac4733) xor     a4, s8, a0
core   0: 3 0x80003de2 (0x00ac4733) x14 0x33a5c446
core   0: 0x80003de6 (0x00008a55) c.andi  a2, 21
core   0: 3 0x80003de6 (0x8a55) x12 0x00000015
core   0: 0x80003de8 (0xc4a2c313) xori    t1, t0, -950
core   0: 3 0x80003de8 (0xc4a2c313) x6  0x00005c4a
core   0: 0x80003dec (0x036849b3) div     s3, a6, s6
core   0: 3 0x80003dec (0x036849b3) x19 0xffffffff
core   0: 0x80003df0 (0x000009be) c.slli  s3, 15
core   0: 3 0x80003df0 (0x09be) x19 0xffff8000
core   0: 0x80003df2 (0x019232b3) sltu    t0, tp, s9
core   0: 3 0x80003df2 (0x019232b3) x5  0x00000000
core   0: 0x80003df6 (0x00e0e033) or      zero, ra, a4
core   0: 3 0x80003df6 (0x00e0e033)
core   0: 0x80003dfa (0x03840d33) mul     s10, s0, s8
core   0: 3 0x80003dfa (0x03840d33) x26 0xa92e532c
core   0: 0x80003dfe (0x009d9593) slli    a1, s11, 9
core   0: 3 0x80003dfe (0x009d9593) x11 0x00000000
core   0: 0x80003e02 (0x0101e963) bltu    gp, a6, pc + 18
core   0: 3 0x80003e02 (0x0101e963)
core   0: 0x80003e14 (0x0189c933) xor     s2, s3, s8
core   0: 3 0x80003e14 (0x0189c933) x18 0x479df823
core   0: 0x80003e18 (0x0378e3b3) rem     t2, a7, s7
core   0: 3 0x80003e18 (0x0378e3b3) x7  0xffffffe3
core   0: 0x80003e1c (0x026f0263) beq     t5, t1, pc + 36
core   0: 3 0x80003e1c (0x026f0263)
core   0: 0x80003e20 (0x02215963) bge     sp, sp, pc + 50
core   0: 3 0x80003e20 (0x02215963)
core   0: 0x80003e52 (0x05434363) blt     t1, s4, pc + 70
core   0: 3 0x80003e52 (0x05434363)
core   0: 0x80003e56 (0x01f8c8b3) xor     a7, a7, t6
core   0: 3 0x80003e56 (0x01f8c8b3) x17 0xffffffe2
core   0: 0x80003e5a (0x056d7263) bgeu    s10, s6, pc + 68
core   0: 3 0x80003e5a (0x056d7263)
core   0: 0x80003e9e (0x000084d5) c.srai  s1, 21
core   0: 3 0x80003e9e (0x84d5) x9  0x000000bc
core   0: 0x80003ea0 (0x0283d463) bge     t2, s0, pc + 40
core   0: 3 0x80003ea0 (0x0283d463)
core   0: 0x80003ec8 (0x0229d863) bge     s3, sp, pc + 48
core   0: 3 0x80003ec8 (0x0229d863)
core   0: 0x80003ecc (0x026fbc93) sltiu   s9, t6, 38
core   0: 3 0x80003ecc (0x026fbc93) x25 0x00000001
core   0: 0x80003ed0 (0x00005b7d) c.li    s6, -1
core   0: 3 0x80003ed0 (0x5b7d) x22 0xffffffff
core   0: 0x80003ed2 (0x00008545) c.srai  a0, 17
core   0: 3 0x80003ed2 (0x8545) x10 0xffffc5e3
core   0: 0x80003ed4 (0x00008149) c.srli  a0, 18
core   0: 3 0x80003ed4 (0x8149) x10 0x00003fff
core   0: 0x80003ed6 (0x00e1de13) srli    t3, gp, 14
core   0: 3 0x80003ed6 (0x00e1de13) x28 0x00000000
core   0: 0x80003eda (0x7e098613) addi    a2, s3, 2016
core   0: 3 0x80003eda (0x7e098613) x12 0xffff87e0
core   0: 0x80003ede (0x00916463) bltu    sp, s1, pc + 8
core   0: 3 0x80003ede (0x00916463)
core   0: 0x80003ee6 (0xc1c91eb7) lui     t4, 0xc1c91
core   0: 3 0x80003ee6 (0xc1c91eb7) x29 0xc1c91000
core   0: 0x80003eea (0x01cb52b3) srl     t0, s6, t3
core   0: 3 0x80003eea (0x01cb52b3) x5  0xffffffff
core   0: 0x80003eee (0x670ebf93) sltiu   t6, t4, 1648
core   0: 3 0x80003eee (0x670ebf93) x31 0x00000000
core   0: 0x80003ef2 (0x00000001) c.nop
core   0: 3 0x80003ef2 (0x0001)
core   0: 0x80003ef4 (0x01fa5d33) srl     s10, s4, t6
core   0: 3 0x80003ef4 (0x01fa5d33) x26 0x00000000
core   0: 0x80003ef8 (0x00000001) c.nop
core   0: 3 0x80003ef8 (0x0001)
core   0: 0x80003efa (0x00000e0e) c.slli  t3, 3
core   0: 3 0x80003efa (0x0e0e) x28 0x00000000
core   0: 0x80003efc (0x00009c72) c.add   s8, t3
core   0: 3 0x80003efc (0x9c72) x24 0xb8627823
core   0: 0x80003efe (0x302af217) auipc   tp, 0x302af
core   0: 3 0x80003efe (0x302af217) x4  0xb02b2efe
core   0: 0x80003f02 (0x000050b3) srl     ra, zero, zero
core   0: 3 0x80003f02 (0x000050b3) x1  0x00000000
core   0: 0x80003f06 (0x00ccff33) and     t5, s9, a2
core   0: 3 0x80003f06 (0x00ccff33) x30 0x00000000
core   0: 0x80003f0a (0x0348dc33) divu    s8, a7, s4
core   0: 3 0x80003f0a (0x0348dc33) x24 0xffffffff
core   0: 0x80003f0e (0x404ade93) srai    t4, s5, 4
core   0: 3 0x80003f0e (0x404ade93) x29 0xf80025e6
core   0: 0x80003f12 (0x0000816d) c.srli  a0, 27
core   0: 3 0x80003f12 (0x816d) x10 0x00000000
core   0: 0x80003f14 (0x0224d533) divu    a0, s1, sp
core   0: 3 0x80003f14 (0x0224d533) x10 0x00000001
core   0: 0x80003f18 (0x000057fd) c.li    a5, -1
core   0: 3 0x80003f18 (0x57fd) x15 0xffffffff
core   0: 0x80003f1a (0x00008fc9) c.or    a5, a0
core   0: 3 0x80003f1a (0x8fc9) x15 0xffffffff
core   0: 0x80003f1c (0x00008ab5) c.andi  a3, 13
core   0: 3 0x80003f1c (0x8ab5) x13 0x00000000
core   0: 0x80003f1e (0x00bed393) srli    t2, t4, 11
core   0: 3 0x80003f1e (0x00bed393) x7  0x001f0004
core   0: 0x80003f22 (0x008a3933) sltu    s2, s4, s0
core   0: 3 0x80003f22 (0x008a3933) x18 0x00000001
core   0: 0x80003f26 (0x000082c5) c.srli  a3, 17
core   0: 3 0x80003f26 (0x82c5) x13 0x00000000
core   0: 0x80003f28 (0x0287f233) remu    tp, a5, s0
core   0: 3 0x80003f28 (0x0287f233) x4  0x7ffd631b
core   0: 0x80003f2c (0x00159d13) slli    s10, a1, 1
core   0: 3 0x80003f2c (0x00159d13) x26 0x00000000
core   0: 0x80003f30 (0x00004251) c.li    tp, 20
core   0: 3 0x80003f30 (0x4251) x4  0x00000014
core   0: 0x80003f32 (0x00006bd1) c.lui   s7, 0x14
core   0: 3 0x80003f32 (0x6bd1) x23 0x00014000
core   0: 0x80003f34 (0x00000001) c.nop
core   0: 3 0x80003f34 (0x0001)
core   0: 0x80003f36 (0x000060b5) c.lui   ra, 0xd
core   0: 3 0x80003f36 (0x60b5) x1  0x0000d000
core   0: 0x80003f38 (0x00a2a2b3) slt     t0, t0, a0
core   0: 3 0x80003f38 (0x00a2a2b3) x5  0x00000001
core   0: 0x80003f3c (0x0076d193) srli    gp, a3, 7
core   0: 3 0x80003f3c (0x0076d193) x3  0x00000000
core   0: 0x80003f40 (0x032f6763) bltu    t5, s2, pc + 46
core   0: 3 0x80003f40 (0x032f6763)
core   0: 0x80003f6e (0xed212913) slti    s2, sp, -302
core   0: 3 0x80003f6e (0xed212913) x18 0x00000000
core   0: 0x80003f72 (0x00008fbd) c.xor   a5, a5
core   0: 3 0x80003f72 (0x8fbd) x15 0x00000000
core   0: 0x80003f74 (0xb4780493) addi    s1, a6, -1209
core   0: 3 0x80003f74 (0xb4780493) x9  0x7ffffb47
core   0: 0x80003f78 (0x0042e533) or      a0, t0, tp
core   0: 3 0x80003f78 (0x0042e533) x10 0x00000015
core   0: 0x80003f7c (0x00008ded) c.and   a1, a1
core   0: 3 0x80003f7c (0x8ded) x11 0x00000000
core   0: 0x80003f7e (0x00006139) c.addi16sp sp, 448
core   0: 3 0x80003f7e (0x6139) x2  0x00000271
core   0: 0x80003f80 (0x04255263) bge     a0, sp, pc + 68
core   0: 3 0x80003f80 (0x04255263)
core   0: 0x80003f84 (0x00008d25) c.xor   a0, s1
core   0: 3 0x80003f84 (0x8d25) x10 0x7ffffb52
core   0: 0x80003f86 (0xc6dc6d13) ori     s10, s8, -915
core   0: 3 0x80003f86 (0xc6dc6d13) x26 0xffffffff
core   0: 0x80003f8a (0x01edfb33) and     s6, s11, t5
core   0: 3 0x80003f8a (0x01edfb33) x22 0x00000000
core   0: 0x80003f8e (0x009123b3) slt     t2, sp, s1
core   0: 3 0x80003f8e (0x009123b3) x7  0x00000001
core   0: 0x80003f92 (0x036a0c33) mul     s8, s4, s6
core   0: 3 0x80003f92 (0x036a0c33) x24 0x00000000
core   0: 0x80003f96 (0x014eceb3) xor     t4, t4, s4
core   0: 3 0x80003f96 (0x014eceb3) x29 0xf80025e6
core   0: 0x80003f9a (0x000099fd) c.andi  a1, -1
core   0: 3 0x80003f9a (0x99fd) x11 0x00000000
core   0: 0x80003f9c (0x02ad67b3) rem     a5, s10, a0
core   0: 3 0x80003f9c (0x02ad67b3) x15 0xffffffff
core   0: 0x80003fa0 (0x02b68db3) mul     s11, a3, a1
core   0: 3 0x80003fa0 (0x02b68db3) x27 0x00000000
core   0: 0x80003fa4 (0x009f2bb3) slt     s7, t5, s1
core   0: 3 0x80003fa4 (0x009f2bb3) x23 0x00000001
core   0: 0x80003fa8 (0x02a064b3) rem     s1, zero, a0
core   0: 3 0x80003fa8 (0x02a064b3) x9  0x00000000
core   0: 0x80003fac (0x02016bb3) rem     s7, sp, zero
core   0: 3 0x80003fac (0x02016bb3) x23 0x00000271
core   0: 0x80003fb0 (0x00000001) c.nop
core   0: 3 0x80003fb0 (0x0001)
core   0: 0x80003fb2 (0x00008dd2) c.mv    s11, s4
core   0: 3 0x80003fb2 (0x8dd2) x27 0x00000000
core   0: 0x80003fb4 (0x00008125) c.srli  a0, 9
core   0: 3 0x80003fb4 (0x8125) x10 0x003ffffd
core   0: 0x80003fb6 (0x000058fd) c.li    a7, -1
core   0: 3 0x80003fb6 (0x58fd) x17 0xffffffff
core   0: 0x80003fb8 (0x025c93b3) mulh    t2, s9, t0
core   0: 3 0x80003fb8 (0x025c93b3) x7  0x00000000
core   0: 0x80003fbc (0x01335513) srli    a0, t1, 19
core   0: 3 0x80003fbc (0x01335513) x10 0x00000000
core   0: 0x80003fc0 (0x02abe4b3) rem     s1, s7, a0
core   0: 3 0x80003fc0 (0x02abe4b3) x9  0x00000271
core   0: 0x80003fc4 (0x00e6c963) blt     a3, a4, pc + 18
core   0: 3 0x80003fc4 (0x00e6c963)
core   0: 0x80003fd6 (0x0178ea63) bltu    a7, s7, pc + 20
core   0: 3 0x80003fd6 (0x0178ea63)
core   0: 0x80003fda (0x0135a4b3) slt     s1, a1, s3
core   0: 3 0x80003fda (0x0135a4b3) x9  0x00000000
core   0: 0x80003fde (0xce5db317) auipc   t1, 0xce5db
core   0: 3 0x80003fde (0xce5db317) x6  0x4e5defde
core   0: 0x80003fe2 (0x016e0f33) add     t5, t3, s6
core   0: 3 0x80003fe2 (0x016e0f33) x30 0x00000000
core   0: 0x80003fe6 (0x407ddb13) srai    s6, s11, 7
core   0: 3 0x80003fe6 (0x407ddb13) x22 0x00000000
core   0: 0x80003fea (0x002569b3) or      s3, a0, sp
core   0: 3 0x80003fea (0x002569b3) x19 0x00000271
core   0: 0x80003fee (0x0000ef05) c.bnez  a4, pc + 56
core   0: 3 0x80003fee (0xef05)
core   0: 0x80004026 (0x01e0b933) sltu    s2, ra, t5
core   0: 3 0x80004026 (0x01e0b933) x18 0x00000000
core   0: 0x8000402a (0x00000001) c.nop
core   0: 3 0x8000402a (0x0001)
core   0: 0x8000402c (0x3761f113) andi    sp, gp, 886
core   0: 3 0x8000402c (0x3761f113) x2  0x00000000
core   0: 0x80004030 (0x00000001) c.nop
core   0: 3 0x80004030 (0x0001)
core   0: 0x80004032 (0x0353f263) bgeu    t2, s5, pc + 36
core   0: 3 0x80004032 (0x0353f263)
core   0: 0x80004036 (0x00001c7d) c.addi  s8, -1
core   0: 3 0x80004036 (0x1c7d) x24 0xffffffff
core   0: 0x80004038 (0x00001bfd) c.addi  s7, -1
core   0: 3 0x80004038 (0x1bfd) x23 0x00000270
core   0: 0x8000403a (0x41445033) sra     zero, s0, s4
core   0: 3 0x8000403a (0x41445033)
core   0: 0x8000403e (0x02717063) bgeu    sp, t2, pc + 32
core   0: 3 0x8000403e (0x02717063)
core   0: 0x8000405e (0x0000e585) c.bnez  a1, pc + 40
core   0: 3 0x8000405e (0xe585)
core   0: 0x80004060 (0x016ef8b3) and     a7, t4, s6
core   0: 3 0x80004060 (0x016ef8b3) x17 0x00000000
core   0: 0x80004064 (0x000084f9) c.srai  s1, 30
core   0: 3 0x80004064 (0x84f9) x9  0x00000000
core   0: 0x80004066 (0x025e7563) bgeu    t3, t0, pc + 42
core   0: 3 0x80004066 (0x025e7563)
core   0: 0x8000406a (0x01d23b33) sltu    s6, tp, t4
core   0: 3 0x8000406a (0x01d23b33) x22 0x00000001
core   0: 0x8000406e (0x41190033) sub     zero, s2, a7
core   0: 3 0x8000406e (0x41190033)
core   0: 0x80004072 (0x00000001) c.nop
core   0: 3 0x80004072 (0x0001)
core   0: 0x80004074 (0x0392b9b3) mulhu   s3, t0, s9
core   0: 3 0x80004074 (0x0392b9b3) x19 0x00000000
core   0: 0x80004078 (0x00000e31) c.addi  t3, 12
core   0: 3 0x80004078 (0x0e31) x28 0x0000000c
core   0: 0x8000407a (0x02d37533) remu    a0, t1, a3
core   0: 3 0x8000407a (0x02d37533) x10 0x4e5defde
core   0: 0x8000407e (0x032ae463) bltu    s5, s2, pc + 40
core   0: 3 0x8000407e (0x032ae463)
core   0: 0x80004082 (0x01008d33) add     s10, ra, a6
core   0: 3 0x80004082 (0x01008d33) x26 0x8000d000
core   0: 0x80004086 (0x00008dcd) c.or    a1, a1
core   0: 3 0x80004086 (0x8dcd) x11 0x00000000
core   0: 0x80004088 (0x02939d33) mulh    s10, t2, s1
core   0: 3 0x80004088 (0x02939d33) x26 0x00000000
core   0: 0x8000408c (0x5fcebf13) sltiu   t5, t4, 1532
core   0: 3 0x8000408c (0x5fcebf13) x30 0x00000000
core   0: 0x80004090 (0x03fe4863) blt     t3, t6, pc + 48
core   0: 3 0x80004090 (0x03fe4863)
core   0: 0x80004094 (0x0135a233) slt     tp, a1, s3
core   0: 3 0x80004094 (0x0135a233) x4  0x00000000
core   0: 0x80004098 (0x0060b3b3) sltu    t2, ra, t1
core   0: 3 0x80004098 (0x0060b3b3) x7  0x00000001
core   0: 0x8000409c (0x015ef563) bgeu    t4, s5, pc + 10
core   0: 3 0x8000409c (0x015ef563)
core   0: 0x800040a6 (0x01157233) and     tp, a0, a7
core   0: 3 0x800040a6 (0x01157233) x4  0x00000000
core   0: 0x800040aa (0x01710463) beq     sp, s7, pc + 8
core   0: 3 0x800040aa (0x01710463)
core   0: 0x800040ae (0x011ebbb3) sltu    s7, t4, a7
core   0: 3 0x800040ae (0x011ebbb3) x23 0x00000000
core   0: 0x800040b2 (0x000083fd) c.srli  a5, 31
core   0: 3 0x800040b2 (0x83fd) x15 0x00000001
core   0: 0x800040b4 (0x00000001) c.nop
core   0: 3 0x800040b4 (0x0001)
core   0: 0x800040b6 (0x035de563) bltu    s11, s5, pc + 42
core   0: 3 0x800040b6 (0x035de563)
core   0: 0x800040e0 (0x032d47b3) div     a5, s10, s2
core   0: 3 0x800040e0 (0x032d47b3) x15 0xffffffff
core   0: 0x800040e4 (0x00aa9533) sll     a0, s5, a0
core   0: 3 0x800040e4 (0x00aa9533) x10 0x00000000
core   0: 0x800040e8 (0x01cefdb3) and     s11, t4, t3
core   0: 3 0x800040e8 (0x01cefdb3) x27 0x00000004
core   0: 0x800040ec (0x015832b3) sltu    t0, a6, s5
core   0: 3 0x800040ec (0x015832b3) x5  0x00000001
core   0: 0x800040f0 (0x00000001) c.nop
core   0: 3 0x800040f0 (0x0001)
core   0: 0x800040f2 (0x4cb9af93) slti    t6, s3, 1227
core   0: 3 0x800040f2 (0x4cb9af93) x31 0x00000001
core   0: 0x800040f6 (0x00008216) c.mv    tp, t0
core   0: 3 0x800040f6 (0x8216) x4  0x00000001
core   0: 0x800040f8 (0x041a4263) blt     s4, ra, pc + 68
core   0: 3 0x800040f8 (0x041a4263)
core   0: 0x8000413c (0x00000001) c.nop
core   0: 3 0x8000413c (0x0001)
core   0: 0x8000413e (0xd00e7e13) andi    t3, t3, -768
core   0: 3 0x8000413e (0xd00e7e13) x28 0x00000000
core   0: 0x80004142 (0x00008dad) c.xor   a1, a1
core   0: 3 0x80004142 (0x8dad) x11 0x00000000
core   0: 0x80004144 (0x00b6ac33) slt     s8, a3, a1
core   0: 3 0x80004144 (0x00b6ac33) x24 0x00000000
core   0: 0x80004148 (0x0000ef99) c.bnez  a5, pc + 30
core   0: 3 0x80004148 (0xef99)
core   0: 0x80004166 (0x000002da) c.slli  t0, 22
core   0: 3 0x80004166 (0x02da) x5  0x00400000
core   0: 0x80004168 (0x40f7d933) sra     s2, a5, a5
core   0: 3 0x80004168 (0x40f7d933) x18 0xffffffff
core   0: 0x8000416c (0x008933b3) sltu    t2, s2, s0
core   0: 3 0x8000416c (0x008933b3) x7  0x00000000
core   0: 0x80004170 (0x000098aa) c.add   a7, a0
core   0: 3 0x80004170 (0x98aa) x17 0x00000000
core   0: 0x80004172 (0x40d60b33) sub     s6, a2, a3
core   0: 3 0x80004172 (0x40d60b33) x22 0xffff87e0
core   0: 0x80004176 (0x023b4033) div     zero, s6, gp
core   0: 3 0x80004176 (0x023b4033)
core   0: 0x8000417a (0x0186eb33) or      s6, a3, s8
core   0: 3 0x8000417a (0x0186eb33) x22 0x00000000
core   0: 0x8000417e (0x4ba2a293) slti    t0, t0, 1210
core   0: 3 0x8000417e (0x4ba2a293) x5  0x00000000
core   0: 0x80004182 (0x03ae94b3) mulh    s1, t4, s10
core   0: 3 0x80004182 (0x03ae94b3) x9  0x00000000
core   0: 0x80004186 (0x01b0d0b3) srl     ra, ra, s11
core   0: 3 0x80004186 (0x01b0d0b3) x1  0x00000d00
core   0: 0x8000418a (0x037b18b3) mulh    a7, s6, s7
core   0: 3 0x8000418a (0x037b18b3) x17 0x00000000
core   0: 0x8000418e (0x0356feb3) remu    t4, a3, s5
core   0: 3 0x8000418e (0x0356feb3) x29 0x00000000
core   0: 0x80004192 (0x03d210b3) mulh    ra, tp, t4
core   0: 3 0x80004192 (0x03d210b3) x1  0x00000000
core   0: 0x80004196 (0x005b3bb3) sltu    s7, s6, t0
core   0: 3 0x80004196 (0x005b3bb3) x23 0x00000000
core   0: 0x8000419a (0x000053fd) c.li    t2, -1
core   0: 3 0x8000419a (0x53fd) x7  0xffffffff
core   0: 0x8000419c (0x00db6863) bltu    s6, a3, pc + 16
core   0: 3 0x8000419c (0x00db6863)
core   0: 0x800041a0 (0x0000989a) c.add   a7, t1
core   0: 3 0x800041a0 (0x989a) x17 0x4e5defde
core   0: 0x800041a2 (0x00008e0d) c.sub   a2, a1
core   0: 3 0x800041a2 (0x8e0d) x12 0xffff87e0
core   0: 0x800041a4 (0x0268bc33) mulhu   s8, a7, t1
core   0: 3 0x800041a4 (0x0268bc33) x24 0x17fd60a3
core   0: 0x800041a8 (0x0ec37137) lui     sp, 0xec37
core   0: 3 0x800041a8 (0x0ec37137) x2  0x0ec37000
core   0: 0x800041ac (0x002e50b3) srl     ra, t3, sp
core   0: 3 0x800041ac (0x002e50b3) x1  0x00000000
core   0: 0x800041b0 (0x0000717d) c.addi16sp sp, -16
core   0: 3 0x800041b0 (0x717d) x2  0x0ec36ff0
core   0: 0x800041b2 (0x0020c463) blt     ra, sp, pc + 8
core   0: 3 0x800041b2 (0x0020c463)
core   0: 0x800041ba (0x02717263) bgeu    sp, t2, pc + 36
core   0: 3 0x800041ba (0x02717263)
core   0: 0x800041be (0x02ff5663) bge     t5, a5, pc + 44
core   0: 3 0x800041be (0x02ff5663)
core   0: 0x800041ea (0x00008cb6) c.mv    s9, a3
core   0: 3 0x800041ea (0x8cb6) x25 0x00000000
core   0: 0x800041ec (0xda008013) addi    zero, ra, -608
core   0: 3 0x800041ec (0xda008013)
core   0: 0x800041f0 (0x0222d5b3) divu    a1, t0, sp
core   0: 3 0x800041f0 (0x0222d5b3) x11 0x00000000
core   0: 0x800041f4 (0x00008d4d) c.or    a0, a1
core   0: 3 0x800041f4 (0x8d4d) x10 0x00000000
core   0: 0x800041f6 (0x00006771) c.lui   a4, 0x1c
core   0: 3 0x800041f6 (0x6771) x14 0x0001c000
core   0: 0x800041f8 (0x41565033) sra     zero, a2, s5
core   0: 3 0x800041f8 (0x41565033)
core   0: 0x800041fc (0x03665c33) divu    s8, a2, s6
core   0: 3 0x800041fc (0x03665c33) x24 0xffffffff
core   0: 0x80004200 (0x00000001) c.nop
core   0: 3 0x80004200 (0x0001)
core   0: 0x80004202 (0x00ec74b3) and     s1, s8, a4
core   0: 3 0x80004202 (0x00ec74b3) x9  0x0001c000
core   0: 0x80004206 (0x0000856d) c.srai  a0, 27
core   0: 3 0x80004206 (0x856d) x10 0x00000000
core   0: 0x80004208 (0x00008e4d) c.or    a2, a1
core   0: 3 0x80004208 (0x8e4d) x12 0xffff87e0
core   0: 0x8000420a (0x075d4013) xori    zero, s10, 117
core   0: 3 0x8000420a (0x075d4013)
core   0: 0x8000420e (0x00008e3d) c.xor   a2, a5
core   0: 3 0x8000420e (0x8e3d) x12 0x0000781f
core   0: 0x80004210 (0x000046f9) c.li    a3, 30
core   0: 3 0x80004210 (0x46f9) x13 0x0000001e
core   0: 0x80004212 (0x03265633) divu    a2, a2, s2
core   0: 3 0x80004212 (0x03265633) x12 0x00000000
core   0: 0x80004216 (0x026bc163) blt     s7, t1, pc + 34
core   0: 3 0x80004216 (0x026bc163)
core   0: 0x80004238 (0x000065f9) c.lui   a1, 0x1e
core   0: 3 0x80004238 (0x65f9) x11 0x0001e000
core   0: 0x8000423a (0x03b278b3) remu    a7, tp, s11
core   0: 3 0x8000423a (0x03b278b3) x17 0x00000001
core   0: 0x8000423e (0xb025ef13) ori     t5, a1, -1278
core   0: 3 0x8000423e (0xb025ef13) x30 0xfffffb02
core   0: 0x80004242 (0x014e9f13) slli    t5, t4, 20
core   0: 3 0x80004242 (0x014e9f13) x30 0x00000000
core   0: 0x80004246 (0x0000717d) c.addi16sp sp, -16
core   0: 3 0x80004246 (0x717d) x2  0x0ec36fe0
core   0: 0x80004248 (0x17440093) addi    ra, s0, 372
core   0: 3 0x80004248 (0x17440093) x1  0x80029e58
core   0: 0x8000424c (0x0000c685) c.beqz  a3, pc + 40
core   0: 3 0x8000424c (0xc685)
core   0: 0x8000424e (0x0384ff63) bgeu    s1, s8, pc + 62
core   0: 3 0x8000424e (0x0384ff63)
core   0: 0x80004252 (0x00001290) c.addi4spn a2, sp, 352
core   0: 3 0x80004252 (0x1290) x12 0x0ec37140
core   0: 0x80004254 (0xc94a4213) xori    tp, s4, -876
core   0: 3 0x80004254 (0xc94a4213) x4  0xfffffc94
core   0: 0x80004258 (0x03b645b3) div     a1, a2, s11
core   0: 3 0x80004258 (0x03b645b3) x11 0x03b0dc50
core   0: 0x8000425c (0x025cee33) rem     t3, s9, t0
core   0: 3 0x8000425c (0x025cee33) x28 0x00000000
core   0: 0x80004260 (0x03554063) blt     a0, s5, pc + 32
core   0: 3 0x80004260 (0x03554063)
core   0: 0x80004264 (0x01bcf1b3) and     gp, s9, s11
core   0: 3 0x80004264 (0x01bcf1b3) x3  0x00000000
core   0: 0x80004268 (0x02727eb3) remu    t4, tp, t2
core   0: 3 0x80004268 (0x02727eb3) x29 0xfffffc94
core   0: 0x8000426c (0x0174da63) bge     s1, s7, pc + 20
core   0: 3 0x8000426c (0x0174da63)
core   0: 0x80004280 (0x416e04b3) sub     s1, t3, s6
core   0: 3 0x80004280 (0x416e04b3) x9  0x00000000
core   0: 0x80004284 (0x68d1b193) sltiu   gp, gp, 1677
core   0: 3 0x80004284 (0x68d1b193) x3  0x00000001
core   0: 0x80004288 (0x038e7bb3) remu    s7, t3, s8
core   0: 3 0x80004288 (0x038e7bb3) x23 0x00000000
core   0: 0x8000428c (0x056a72b7) lui     t0, 0x56a7
core   0: 3 0x8000428c (0x056a72b7) x5  0x056a7000
core   0: 0x80004290 (0x000061b9) c.lui   gp, 0xe
core   0: 3 0x80004290 (0x61b9) x3  0x0000e000
core   0: 0x80004292 (0x002d0463) beq     s10, sp, pc + 8
core   0: 3 0x80004292 (0x002d0463)
core   0: 0x80004296 (0x404a0fb3) sub     t6, s4, tp
core   0: 3 0x80004296 (0x404a0fb3) x31 0x0000036c
core   0: 0x8000429a (0x022b0263) beq     s6, sp, pc + 36
core   0: 3 0x8000429a (0x022b0263)
core   0: 0x8000429e (0x023e11b3) mulh    gp, t3, gp
core   0: 3 0x8000429e (0x023e11b3) x3  0x00000000
core   0: 0x800042a2 (0x00000001) c.nop
core   0: 3 0x800042a2 (0x0001)
core   0: 0x800042a4 (0x01dc9913) slli    s2, s9, 29
core   0: 3 0x800042a4 (0x01dc9913) x18 0x00000000
core   0: 0x800042a8 (0x00006935) c.lui   s2, 0xd
core   0: 3 0x800042a8 (0x6935) x18 0x0000d000
core   0: 0x800042aa (0x02b3cc33) div     s8, t2, a1
core   0: 3 0x800042aa (0x02b3cc33) x24 0x00000000
core   0: 0x800042ae (0x0067ac33) slt     s8, a5, t1
core   0: 3 0x800042ae (0x0067ac33) x24 0x00000001
core   0: 0x800042b2 (0x03fea5b3) mulhsu  a1, t4, t6
core   0: 3 0x800042b2 (0x03fea5b3) x11 0xffffffff
core   0: 0x800042b6 (0xdaac6013) ori     zero, s8, -598
core   0: 3 0x800042b6 (0xdaac6013)
core   0: 0x800042ba (0x03cc88b3) mul     a7, s9, t3
core   0: 3 0x800042ba (0x03cc88b3) x17 0x00000000
core   0: 0x800042be (0x011e5c13) srli    s8, t3, 17
core   0: 3 0x800042be (0x011e5c13) x24 0x00000000
core   0: 0x800042c2 (0x00005c7d) c.li    s8, -1
core   0: 3 0x800042c2 (0x5c7d) x24 0xffffffff
core   0: 0x800042c4 (0x008394b3) sll     s1, t2, s0
core   0: 3 0x800042c4 (0x008394b3) x9  0xfffffff0
core   0: 0x800042c8 (0x000061c9) c.lui   gp, 0x12
core   0: 3 0x800042c8 (0x61c9) x3  0x00012000
core   0: 0x800042ca (0x00008655) c.srai  a2, 21
core   0: 3 0x800042ca (0x8655) x12 0x00000076
core   0: 0x800042cc (0x0000017e) c.slli  sp, 31
core   0: 3 0x800042cc (0x017e) x2  0x00000000
core   0: 0x800042ce (0x00008ef1) c.and   a3, a2
core   0: 3 0x800042ce (0x8ef1) x13 0x00000016
core   0: 0x800042d0 (0x00008e51) c.or    a2, a2
core   0: 3 0x800042d0 (0x8e51) x12 0x00000076
core   0: 0x800042d2 (0x8c35bd93) sltiu   s11, a1, -1853
core   0: 3 0x800042d2 (0x8c35bd93) x27 0x00000000
core   0: 0x800042d6 (0x00001cfd) c.addi  s9, -1
core   0: 3 0x800042d6 (0x1cfd) x25 0xffffffff
core   0: 0x800042d8 (0xe9876793) ori     a5, a4, -360
core   0: 3 0x800042d8 (0xe9876793) x15 0xfffffe98
core   0: 0x800042dc (0x40cf0933) sub     s2, t5, a2
core   0: 3 0x800042dc (0x40cf0933) x18 0xffffff8a
core   0: 0x800042e0 (0x023be2b3) rem     t0, s7, gp
core   0: 3 0x800042e0 (0x023be2b3) x5  0x00000000
core   0: 0x800042e4 (0x00008d21) c.xor   a0, s0
core   0: 3 0x800042e4 (0x8d21) x10 0x80029ce4
core   0: 0x800042e6 (0x027a1963) bne     s4, t2, pc + 50
core   0: 3 0x800042e6 (0x027a1963)
core   0: 0x80004318 (0x00008135) c.srli  a0, 13
core   0: 3 0x80004318 (0x8135) x10 0x00040014
core   0: 0x8000431a (0x03b95fb3) divu    t6, s2, s11
core   0: 3 0x8000431a (0x03b95fb3) x31 0xffffffff
core   0: 0x8000431e (0x02fa82b3) mul     t0, s5, a5
core   0: 3 0x8000431e (0x02fa82b3) x5  0xfcab4360
core   0: 0x80004322 (0xc4b2a897) auipc   a7, 0xc4b2a
core   0: 3 0x80004322 (0xc4b2a897) x17 0x44b2e322
core   0: 0x80004326 (0x03cc7663) bgeu    s8, t3, pc + 44
core   0: 3 0x80004326 (0x03cc7663)
core   0: 0x80004352 (0x01fcd313) srli    t1, s9, 31
core   0: 3 0x80004352 (0x01fcd313) x6  0x00000001
core   0: 0x80004356 (0x00008c99) c.sub   s1, a4
core   0: 3 0x80004356 (0x8c99) x9  0xfffe3ff0
core   0: 0x80004358 (0x02c81363) bne     a6, a2, pc + 38
core   0: 3 0x80004358 (0x02c81363)
core   0: 0x8000437e (0x1026c213) xori    tp, a3, 258
core   0: 3 0x8000437e (0x1026c213) x4  0x00000114
core   0: 0x80004382 (0x02b6d463) bge     a3, a1, pc + 40
core   0: 3 0x80004382 (0x02b6d463)
core   0: 0x800043aa (0x000052fd) c.li    t0, -1
core   0: 3 0x800043aa (0x52fd) x5  0xffffffff
core   0: 0x800043ac (0x000051fd) c.li    gp, -1
core   0: 3 0x800043ac (0x51fd) x3  0xffffffff
core   0: 0x800043ae (0x01cbbb33) sltu    s6, s7, t3
core   0: 3 0x800043ae (0x01cbbb33) x22 0x00000000
core   0: 0x800043b2 (0x00008391) c.srli  a5, 4
core   0: 3 0x800043b2 (0x8391) x15 0x0fffffe9
core   0: 0x800043b4 (0x0173feb3) and     t4, t2, s7
core   0: 3 0x800043b4 (0x0173feb3) x29 0x00000000
core   0: 0x800043b8 (0x00008eb1) c.xor   a3, a2
core   0: 3 0x800043b8 (0x8eb1) x13 0x00000060
core   0: 0x800043ba (0x03a34533) div     a0, t1, s10
core   0: 3 0x800043ba (0x03a34533) x10 0xffffffff
core   0: 0x800043be (0x00001594) c.addi4spn a3, sp, 736
core   0: 3 0x800043be (0x1594) x13 0x000002e0
core   0: 0x800043c0 (0x01275863) bge     a4, s2, pc + 16
core   0: 3 0x800043c0 (0x01275863)
core   0: 0x800043d0 (0x024fc463) blt     t6, tp, pc + 40
core   0: 3 0x800043d0 (0x024fc463)
core   0: 0x800043f8 (0x0081ed33) or      s10, gp, s0
core   0: 3 0x800043f8 (0x0081ed33) x26 0xffffffff
core   0: 0x800043fc (0x40988033) sub     zero, a7, s1
core   0: 3 0x800043fc (0x40988033)
core   0: 0x80004400 (0x008a5493) srli    s1, s4, 8
core   0: 3 0x80004400 (0x008a5493) x9  0x00000000
core   0: 0x80004404 (0x00008f09) c.sub   a4, a0
core   0: 3 0x80004404 (0x8f09) x14 0x0001c001
core   0: 0x80004406 (0x41005d13) srai    s10, zero, 16
core   0: 3 0x80004406 (0x41005d13) x26 0x00000000
core   0: 0x8000440a (0x00009496) c.add   s1, t0
core   0: 3 0x8000440a (0x9496) x9  0xffffffff
core   0: 0x8000440c (0x02e143b3) div     t2, sp, a4
core   0: 3 0x8000440c (0x02e143b3) x7  0x00000000
core   0: 0x80004410 (0x00008526) c.mv    a0, s1
core   0: 3 0x80004410 (0x8526) x10 0xffffffff
core   0: 0x80004412 (0x0000717d) c.addi16sp sp, -16
core   0: 3 0x80004412 (0x717d) x2  0xfffffff0
core   0: 0x80004414 (0x012a38b3) sltu    a7, s4, s2
core   0: 3 0x80004414 (0x012a38b3) x17 0x00000001
core   0: 0x80004418 (0x000748b3) xor     a7, a4, zero
core   0: 3 0x80004418 (0x000748b3) x17 0x0001c001
core   0: 0x8000441c (0xaa082f13) slti    t5, a6, -1376
core   0: 3 0x8000441c (0xaa082f13) x30 0x00000001
core   0: 0x80004420 (0x01306333) or      t1, zero, s3
core   0: 3 0x80004420 (0x01306333) x6  0x00000000
core   0: 0x80004424 (0x02acd933) divu    s2, s9, a0
core   0: 3 0x80004424 (0x02acd933) x18 0x00000001
core   0: 0x80004428 (0xf51db9b7) lui     s3, 0xf51db
core   0: 3 0x80004428 (0xf51db9b7) x19 0xf51db000
core   0: 0x8000442c (0x00004cf5) c.li    s9, 29
core   0: 3 0x8000442c (0x4cf5) x25 0x0000001d
core   0: 0x8000442e (0x017ecbb3) xor     s7, t4, s7
core   0: 3 0x8000442e (0x017ecbb3) x23 0x00000000
core   0: 0x80004432 (0x03575563) bge     a4, s5, pc + 42
core   0: 3 0x80004432 (0x03575563)
core   0: 0x8000445c (0x0311b933) mulhu   s2, gp, a7
core   0: 3 0x8000445c (0x0311b933) x18 0x0001c000
core   0: 0x80004460 (0x021040b3) div     ra, zero, ra
core   0: 3 0x80004460 (0x021040b3) x1  0x00000000
core   0: 0x80004464 (0x40e95d93) srai    s11, s2, 14
core   0: 3 0x80004464 (0x40e95d93) x27 0x00000007
core   0: 0x80004468 (0x40265693) srai    a3, a2, 2
core   0: 3 0x80004468 (0x40265693) x13 0x0000001d
core   0: 0x8000446c (0x2800d1b7) lui     gp, 0x2800d
core   0: 3 0x8000446c (0x2800d1b7) x3  0x2800d000
core   0: 0x80004470 (0x000080dd) c.srli  s1, 23
core   0: 3 0x80004470 (0x80dd) x9  0x000001ff
core   0: 0x80004472 (0x01d58e33) add     t3, a1, t4
core   0: 3 0x80004472 (0x01d58e33) x28 0xffffffff
core   0: 0x80004476 (0x00004b35) c.li    s6, 13
core   0: 3 0x80004476 (0x4b35) x22 0x0000000d
core   0: 0x80004478 (0x02ec3eb3) mulhu   t4, s8, a4
core   0: 3 0x80004478 (0x02ec3eb3) x29 0x0001c000
core   0: 0x8000447c (0x00008cb5) c.xor   s1, a3
core   0: 3 0x8000447c (0x8cb5) x9  0x000001e2
core   0: 0x8000447e (0x00005f7d) c.li    t5, -1
core   0: 3 0x8000447e (0x5f7d) x30 0xffffffff
core   0: 0x80004480 (0x07e1be93) sltiu   t4, gp, 126
core   0: 3 0x80004480 (0x07e1be93) x29 0x00000000
core   0: 0x80004484 (0x01f01613) slli    a2, zero, 31
core   0: 3 0x80004484 (0x01f01613) x12 0x00000000
core   0: 0x80004488 (0x00008bbd) c.andi  a5, 15
core   0: 3 0x80004488 (0x8bbd) x15 0x00000009
core   0: 0x8000448a (0x0010ef63) bltu    ra, ra, pc + 30
core   0: 3 0x8000448a (0x0010ef63)
core   0: 0x8000448e (0x0000ec9d) c.bnez  s1, pc + 62
core   0: 3 0x8000448e (0xec9d)
core   0: 0x800044cc (0x1db87213) andi    tp, a6, 475
core   0: 3 0x800044cc (0x1db87213) x4  0x00000000
core   0: 0x800044d0 (0x0000e505) c.bnez  a0, pc + 40
core   0: 3 0x800044d0 (0xe505)
core   0: 0x800044f8 (0x0000694d) c.lui   s2, 0x13
core   0: 3 0x800044f8 (0x694d) x18 0x00013000
core   0: 0x800044fa (0x04697063) bgeu    s2, t1, pc + 64
core   0: 3 0x800044fa (0x04697063)
core   0: 0x8000453a (0x00000001) c.nop
core   0: 3 0x8000453a (0x0001)
core   0: 0x8000453c (0x014f2633) slt     a2, t5, s4
core   0: 3 0x8000453c (0x014f2633) x12 0x00000001
core   0: 0x80004540 (0x024fcdb3) div     s11, t6, tp
core   0: 3 0x80004540 (0x024fcdb3) x27 0xffffffff
core   0: 0x80004544 (0x0170deb3) srl     t4, ra, s7
core   0: 3 0x80004544 (0x0170deb3) x29 0x00000000
core   0: 0x80004548 (0x09728f93) addi    t6, t0, 151
core   0: 3 0x80004548 (0x09728f93) x31 0x00000096
core   0: 0x8000454c (0x00c105b3) add     a1, sp, a2
core   0: 3 0x8000454c (0x00c105b3) x11 0xfffffff1
core   0: 0x80004550 (0x031f1263) bne     t5, a7, pc + 36
core   0: 3 0x80004550 (0x031f1263)
core   0: 0x80004574 (0x00000001) c.nop
core   0: 3 0x80004574 (0x0001)
core   0: 0x80004576 (0x3df62693) slti    a3, a2, 991
core   0: 3 0x80004576 (0x3df62693) x13 0x00000001
core   0: 0x8000457a (0x7095fc93) andi    s9, a1, 1801
core   0: 3 0x8000457a (0x7095fc93) x25 0x00000701
core   0: 0x8000457e (0x890e4213) xori    tp, t3, -1904
core   0: 3 0x8000457e (0x890e4213) x4  0x0000076f
core   0: 0x80004582 (0x0031de33) srl     t3, gp, gp
core   0: 3 0x80004582 (0x0031de33) x28 0x2800d000
core   0: 0x80004586 (0xee4dec13) ori     s8, s11, -284
core   0: 3 0x80004586 (0xee4dec13) x24 0xffffffff
core   0: 0x8000458a (0x4ce98193) addi    gp, s3, 1230
core   0: 3 0x8000458a (0x4ce98193) x3  0xf51db4ce
core   0: 0x8000458e (0xf26e3493) sltiu   s1, t3, -218
core   0: 3 0x8000458e (0xf26e3493) x9  0x00000001
core   0: 0x80004592 (0x01f327b3) slt     a5, t1, t6
core   0: 3 0x80004592 (0x01f327b3) x15 0x00000001
core   0: 0x80004596 (0x349a2713) slti    a4, s4, 841
core   0: 3 0x80004596 (0x349a2713) x14 0x00000001
core   0: 0x8000459a (0x00ea5463) bge     s4, a4, pc + 8
core   0: 3 0x8000459a (0x00ea5463)
core   0: 0x8000459e (0x003293b3) sll     t2, t0, gp
core   0: 3 0x8000459e (0x003293b3) x7  0xffffc000
core   0: 0x800045a2 (0x010780b3) add     ra, a5, a6
core   0: 3 0x800045a2 (0x010780b3) x1  0x80000001
core   0: 0x800045a6 (0x024de7b3) rem     a5, s11, tp
core   0: 3 0x800045a6 (0x024de7b3) x15 0xffffffff
core   0: 0x800045aa (0x000002b5) c.addi  t0, 13
core   0: 3 0x800045aa (0x02b5) x5  0x0000000c
core   0: 0x800045ac (0x03061163) bne     a2, a6, pc + 34
core   0: 3 0x800045ac (0x03061163)
core   0: 0x800045ce (0x00008f79) c.and   a4, a4
core   0: 3 0x800045ce (0x8f79) x14 0x00000001
core   0: 0x800045d0 (0x00644f63) blt     s0, t1, pc + 30
core   0: 3 0x800045d0 (0x00644f63)
core   0: 0x800045ee (0x00005a7d) c.li    s4, -1
core   0: 3 0x800045ee (0x5a7d) x20 0xffffffff
core   0: 0x800045f0 (0x11ebf537) lui     a0, 0x11ebf
core   0: 3 0x800045f0 (0x11ebf537) x10 0x11ebf000
core   0: 0x800045f4 (0x00000cbd) c.addi  s9, 15
core   0: 3 0x800045f4 (0x0cbd) x25 0x00000710
core   0: 0x800045f6 (0x018e1d13) slli    s10, t3, 24
core   0: 3 0x800045f6 (0x018e1d13) x26 0x00000000
core   0: 0x800045fa (0x0253f0b3) remu    ra, t2, t0
core   0: 3 0x800045fa (0x0253f0b3) x1  0x00000000
core   0: 0x800045fe (0x01c1feb3) and     t4, gp, t3
core   0: 3 0x800045fe (0x01c1feb3) x29 0x20009000
core   0: 0x80004602 (0x03f9a033) mulhsu  zero, s3, t6
core   0: 3 0x80004602 (0x03f9a033)
core   0: 0x80004606 (0x00ad5d13) srli    s10, s10, 10
core   0: 3 0x80004606 (0x00ad5d13) x26 0x00000000
core   0: 0x8000460a (0x034ee333) rem     t1, t4, s4
core   0: 3 0x8000460a (0x034ee333) x6  0x00000000
core   0: 0x8000460e (0x00e46e33) or      t3, s0, a4
core   0: 3 0x8000460e (0x00e46e33) x28 0x80029ce5
core   0: 0x80004612 (0x03cde763) bltu    s11, t3, pc + 46
core   0: 3 0x80004612 (0x03cde763)
core   0: 0x80004616 (0x012dd393) srli    t2, s11, 18
core   0: 3 0x80004616 (0x012dd393) x7  0x00003fff
core   0: 0x8000461a (0x03f38863) beq     t2, t6, pc + 48
core   0: 3 0x8000461a (0x03f38863)
core   0: 0x8000461e (0xedc5c293) xori    t0, a1, -292
core   0: 3 0x8000461e (0xedc5c293) x5  0x0000012d
core   0: 0x80004622 (0x01bbc233) xor     tp, s7, s11
core   0: 3 0x80004622 (0x01bbc233) x4  0xffffffff
core   0: 0x80004626 (0x316f7893) andi    a7, t5, 790
core   0: 3 0x80004626 (0x316f7893) x17 0x00000316
core   0: 0x8000462a (0x026146b3) div     a3, sp, t1
core   0: 3 0x8000462a (0x026146b3) x13 0xffffffff
core   0: 0x8000462e (0x00008225) c.srli  a2, 9
core   0: 3 0x8000462e (0x8225) x12 0x00000000
core   0: 0x80004630 (0x023a5633) divu    a2, s4, gp
core   0: 3 0x80004630 (0x023a5633) x12 0x00000001
core   0: 0x80004634 (0x00008f35) c.xor   a4, a3
core   0: 3 0x80004634 (0x8f35) x14 0xfffffffe
core   0: 0x80004636 (0x03470463) beq     a4, s4, pc + 40
core   0: 3 0x80004636 (0x03470463)
core   0: 0x8000463a (0x03be2eb3) mulhsu  t4, t3, s11
core   0: 3 0x8000463a (0x03be2eb3) x29 0x80029ce5
core   0: 0x8000463e (0x00008ff9) c.and   a5, a4
core   0: 3 0x8000463e (0x8ff9) x15 0xfffffffe
core   0: 0x80004640 (0x000081fd) c.srli  a1, 31
core   0: 3 0x80004640 (0x81fd) x11 0x00000001
core   0: 0x80004642 (0x4069d333) sra     t1, s3, t1
core   0: 3 0x80004642 (0x4069d333) x6  0xf51db000
core   0: 0x80004646 (0x0000e985) c.bnez  a1, pc + 48
core   0: 3 0x80004646 (0xe985)
core   0: 0x80004676 (0x40a05533) sra     a0, zero, a0
core   0: 3 0x80004676 (0x40a05533) x10 0x00000000
core   0: 0x8000467a (0x01ae1bb3) sll     s7, t3, s10
core   0: 3 0x8000467a (0x01ae1bb3) x23 0x80029ce5
core   0: 0x8000467e (0x0031c6b3) xor     a3, gp, gp
core   0: 3 0x8000467e (0x0031c6b3) x13 0x00000000
core   0: 0x80004682 (0x00d2ad33) slt     s10, t0, a3
core   0: 3 0x80004682 (0x00d2ad33) x26 0x00000000
core   0: 0x80004686 (0x008b5333) srl     t1, s6, s0
core   0: 3 0x80004686 (0x008b5333) x6  0x00000000
core   0: 0x8000468a (0x00008d65) c.and   a0, s1
core   0: 3 0x8000468a (0x8d65) x10 0x00000000
core   0: 0x8000468c (0x0106e4b3) or      s1, a3, a6
core   0: 3 0x8000468c (0x0106e4b3) x9  0x80000000
core   0: 0x80004690 (0x00008641) c.srai  a2, 16
core   0: 3 0x80004690 (0x8641) x12 0x00000000
core   0: 0x80004692 (0xc53cc013) xori    zero, s9, -941
core   0: 3 0x80004692 (0xc53cc013)
core   0: 0x80004696 (0x02f02a33) mulhsu  s4, zero, a5
core   0: 3 0x80004696 (0x02f02a33) x20 0x00000000
core   0: 0x8000469a (0x42544513) xori    a0, s0, 1061
core   0: 3 0x8000469a (0x42544513) x10 0x800298c1
core   0: 0x8000469e (0x00008e35) c.xor   a2, a3
core   0: 3 0x8000469e (0x8e35) x12 0x00000000
core   0: 0x800046a0 (0x03ce46b3) div     a3, t3, t3
core   0: 3 0x800046a0 (0x03ce46b3) x13 0x00000001
core   0: 0x800046a4 (0x07392237) lui     tp, 0x7392
core   0: 3 0x800046a4 (0x07392237) x4  0x07392000
core   0: 0x800046a8 (0x0339f763) bgeu    s3, s3, pc + 46
core   0: 3 0x800046a8 (0x0339f763)
core   0: 0x800046d6 (0x03192733) mulhsu  a4, s2, a7
core   0: 3 0x800046d6 (0x03192733) x14 0x00000000
core   0: 0x800046da (0x34240913) addi    s2, s0, 834
core   0: 3 0x800046da (0x34240913) x18 0x8002a026
core   0: 0x800046de (0x03f263b3) rem     t2, tp, t6
core   0: 3 0x800046de (0x03f263b3) x7  0x00000006
core   0: 0x800046e2 (0x027c9733) mulh    a4, s9, t2
core   0: 3 0x800046e2 (0x027c9733) x14 0x00000000
core   0: 0x800046e6 (0x048cc263) blt     s9, s0, pc + 68
core   0: 3 0x800046e6 (0x048cc263)
core   0: 0x800046ea (0x00001110) c.addi4spn a2, sp, 160
core   0: 3 0x800046ea (0x1110) x12 0x00000090
core   0: 0x800046ec (0x030bc363) blt     s7, a6, pc + 38
core   0: 3 0x800046ec (0x030bc363)
core   0: 0x800046f0 (0x01bec233) xor     tp, t4, s11
core   0: 3 0x800046f0 (0x01bec233) x4  0x7ffd631a
core   0: 0x800046f4 (0x288ee917) auipc   s2, 0x288ee
core   0: 3 0x800046f4 (0x288ee917) x18 0xa88f26f4
core   0: 0x800046f8 (0x02ccad33) mulhsu  s10, s9, a2
core   0: 3 0x800046f8 (0x02ccad33) x26 0x00000000
core   0: 0x800046fc (0x0000ee09) c.bnez  a2, pc + 26
core   0: 3 0x800046fc (0xee09)
core   0: 0x80004716 (0x03fb7bb3) remu    s7, s6, t6
core   0: 3 0x80004716 (0x03fb7bb3) x23 0x0000000d
core   0: 0x8000471a (0x03a9c8b3) div     a7, s3, s10
core   0: 3 0x8000471a (0x03a9c8b3) x17 0xffffffff
core   0: 0x8000471e (0x03fce163) bltu    s9, t6, pc + 34
core   0: 3 0x8000471e (0x03fce163)
core   0: 0x80004722 (0x03f01bb3) mulh    s7, zero, t6
core   0: 3 0x80004722 (0x03f01bb3) x23 0x00000000
core   0: 0x80004726 (0x008ce233) or      tp, s9, s0
core   0: 3 0x80004726 (0x008ce233) x4  0x80029ff4
core   0: 0x8000472a (0x0000c28d) c.beqz  a3, pc + 34
core   0: 3 0x8000472a (0xc28d)
core   0: 0x8000472c (0x000043f5) c.li    t2, 29
core   0: 3 0x8000472c (0x43f5) x7  0x0000001d
core   0: 0x8000472e (0x41378533) sub     a0, a5, s3
core   0: 3 0x8000472e (0x41378533) x10 0x0ae24ffe
core   0: 0x80004732 (0xe9a40013) addi    zero, s0, -358
core   0: 3 0x80004732 (0xe9a40013)
core   0: 0x80004736 (0x001962b3) or      t0, s2, ra
core   0: 3 0x80004736 (0x001962b3) x5  0xa88f26f4
core   0: 0x8000473a (0x019e04b3) add     s1, t3, s9
core   0: 3 0x8000473a (0x019e04b3) x9  0x8002a3f5
core   0: 0x8000473e (0x0000865d) c.srai  a2, 23
core   0: 3 0x8000473e (0x865d) x12 0x00000000
core   0: 0x80004740 (0xe0100213) li      tp, -511
core   0: 3 0x80004740 (0xe0100213) x4  0xfffffe01
core   0: 0x80004744 (0x00004985) c.li    s3, 1
core   0: 3 0x80004744 (0x4985) x19 0x00000001
core   0: 0x80004746 (0x00000104) c.addi4spn s1, sp, 128
core   0: 3 0x80004746 (0x0104) x9  0x00000070
core   0: 0x80004748 (0xc5da2013) slti    zero, s4, -931
core   0: 3 0x80004748 (0xc5da2013)
core   0: 0x8000474c (0x0000832d) c.srli  a4, 11
core   0: 3 0x8000474c (0x832d) x14 0x00000000
core   0: 0x8000474e (0x01bfdd33) srl     s10, t6, s11
core   0: 3 0x8000474e (0x01bfdd33) x26 0x00000000
core   0: 0x80004752 (0x01d3f1b3) and     gp, t2, t4
core   0: 3 0x80004752 (0x01d3f1b3) x3  0x00000005
core   0: 0x80004756 (0x0000466d) c.li    a2, 27
core   0: 3 0x80004756 (0x466d) x12 0x0000001b
core   0: 0x80004758 (0x40cdda33) sra     s4, s11, a2
core   0: 3 0x80004758 (0x40cdda33) x20 0xffffffff
core   0: 0x8000475c (0xddb45eb7) lui     t4, 0xddb45
core   0: 3 0x8000475c (0xddb45eb7) x29 0xddb45000
core   0: 0x80004760 (0x013ce4b3) or      s1, s9, s3
core   0: 3 0x80004760 (0x013ce4b3) x9  0x00000711
core   0: 0x80004764 (0x0000ec91) c.bnez  s1, pc + 28
core   0: 3 0x80004764 (0xec91)
core   0: 0x80004780 (0x0000ca89) c.beqz  a3, pc + 18
core   0: 3 0x80004780 (0xca89)
core   0: 0x80004782 (0x0056da13) srli    s4, a3, 5
core   0: 3 0x80004782 (0x0056da13) x20 0x00000000
core   0: 0x80004786 (0x010fd313) srli    t1, t6, 16
core   0: 3 0x80004786 (0x010fd313) x6  0x00000000
core   0: 0x8000478a (0x021434b3) mulhu   s1, s0, ra
core   0: 3 0x8000478a (0x021434b3) x9  0x00000000
core   0: 0x8000478e (0x00008fe9) c.and   a5, a0
core   0: 3 0x8000478e (0x8fe9) x15 0x0ae24ffe
core   0: 0x80004790 (0x00008dbd) c.xor   a1, a5
core   0: 3 0x80004790 (0x8dbd) x11 0x0ae24fff
core   0: 0x80004792 (0x02655c33) divu    s8, a0, t1
core   0: 3 0x80004792 (0x02655c33) x24 0xffffffff
core   0: 0x80004796 (0x026a6bb3) rem     s7, s4, t1
core   0: 3 0x80004796 (0x026a6bb3) x23 0x00000000
core   0: 0x8000479a (0x0000158c) c.addi4spn a1, sp, 736
core   0: 3 0x8000479a (0x158c) x11 0x000002d0
core   0: 0x8000479c (0x014b1463) bne     s6, s4, pc + 8
core   0: 3 0x8000479c (0x014b1463)
core   0: 0x800047a4 (0x01da8b33) add     s6, s5, t4
core   0: 3 0x800047a4 (0x01da8b33) x22 0x5db6ae64
core   0: 0x800047a8 (0x00008da5) c.xor   a1, s1
core   0: 3 0x800047a8 (0x8da5) x11 0x000002d0
core   0: 0x800047aa (0x026602b3) mul     t0, a2, t1
core   0: 3 0x800047aa (0x026602b3) x5  0x00000000
core   0: 0x800047ae (0x015bf733) and     a4, s7, s5
core   0: 3 0x800047ae (0x015bf733) x14 0x00000000
core   0: 0x800047b2 (0x021927b3) mulhsu  a5, s2, ra
core   0: 3 0x800047b2 (0x021927b3) x15 0x00000000
core   0: 0x800047b6 (0x4634be13) sltiu   t3, s1, 1123
core   0: 3 0x800047b6 (0x4634be13) x28 0x00000001
core   0: 0x800047ba (0x00008dd5) c.or    a1, a3
core   0: 3 0x800047ba (0x8dd5) x11 0x000002d1
core   0: 0x800047bc (0xd4880913) addi    s2, a6, -696
core   0: 3 0x800047bc (0xd4880913) x18 0x7ffffd48
core   0: 0x800047c0 (0x029b7033) remu    zero, s6, s1
core   0: 3 0x800047c0 (0x029b7033)
core   0: 0x800047c4 (0x00008091) c.srli  s1, 4
core   0: 3 0x800047c4 (0x8091) x9  0x00000000
core   0: 0x800047c6 (0x00008e11) c.sub   a2, a2
core   0: 3 0x800047c6 (0x8e11) x12 0x00000000
core   0: 0x800047c8 (0x0278bc33) mulhu   s8, a7, t2
core   0: 3 0x800047c8 (0x0278bc33) x24 0x0000001c
core   0: 0x800047cc (0x0074d3b3) srl     t2, s1, t2
core   0: 3 0x800047cc (0x0074d3b3) x7  0x00000000
core   0: 0x800047d0 (0x4824c593) xori    a1, s1, 1154
core   0: 3 0x800047d0 (0x4824c593) x11 0x00000482
core   0: 0x800047d4 (0x6b56e693) ori     a3, a3, 1717
core   0: 3 0x800047d4 (0x6b56e693) x13 0x000006b5
core   0: 0x800047d8 (0x00e74533) xor     a0, a4, a4
core   0: 3 0x800047d8 (0x00e74533) x10 0x00000000
core   0: 0x800047dc (0x00004709) c.li    a4, 2
core   0: 3 0x800047dc (0x4709) x14 0x00000002
core   0: 0x800047de (0x000081f5) c.srli  a1, 29
core   0: 3 0x800047de (0x81f5) x11 0x00000000
core   0: 0x800047e0 (0x411304b3) sub     s1, t1, a7
core   0: 3 0x800047e0 (0x411304b3) x9  0x00000001
core   0: 0x800047e4 (0x00000001) c.nop
core   0: 3 0x800047e4 (0x0001)
core   0: 0x800047e6 (0x0210c633) div     a2, ra, ra
core   0: 3 0x800047e6 (0x0210c633) x12 0xffffffff
core   0: 0x800047ea (0x030d4363) blt     s10, a6, pc + 38
core   0: 3 0x800047ea (0x030d4363)
core   0: 0x800047ee (0x00008f75) c.and   a4, a3
core   0: 3 0x800047ee (0x8f75) x14 0x00000000
core   0: 0x800047f0 (0x00000001) c.nop
core   0: 3 0x800047f0 (0x0001)
core   0: 0x800047f2 (0x00008d35) c.xor   a0, a3
core   0: 3 0x800047f2 (0x8d35) x10 0x000006b5
core   0: 0x800047f4 (0x00008d4d) c.or    a0, a1
core   0: 3 0x800047f4 (0x8d4d) x10 0x000006b5
core   0: 0x800047f6 (0x00008725) c.srai  a4, 9
core   0: 3 0x800047f6 (0x8725) x14 0x00000000
core   0: 0x800047f8 (0x00000001) c.nop
core   0: 3 0x800047f8 (0x0001)
core   0: 0x800047fa (0xaa6c3393) sltiu   t2, s8, -1370
core   0: 3 0x800047fa (0xaa6c3393) x7  0x00000001
core   0: 0x800047fe (0x01485c13) srli    s8, a6, 20
core   0: 3 0x800047fe (0x01485c13) x24 0x00000800
core   0: 0x80004802 (0x4167d7b3) sra     a5, a5, s6
core   0: 3 0x80004802 (0x4167d7b3) x15 0x00000000
core   0: 0x80004806 (0x000003ea) c.slli  t2, 26
core   0: 3 0x80004806 (0x03ea) x7  0x04000000
core   0: 0x80004808 (0x00c36e33) or      t3, t1, a2
core   0: 3 0x80004808 (0x00c36e33) x28 0xffffffff
core   0: 0x8000480c (0x01be18b3) sll     a7, t3, s11
core   0: 3 0x8000480c (0x01be18b3) x17 0x80000000
core   0: 0x80004810 (0x0000ea05) c.bnez  a2, pc + 48
core   0: 3 0x80004810 (0xea05)
core   0: 0x80004840 (0x00575533) srl     a0, a4, t0
core   0: 3 0x80004840 (0x00575533) x10 0x00000000
core   0: 0x80004844 (0x03bf3233) mulhu   tp, t5, s11
core   0: 3 0x80004844 (0x03bf3233) x4  0xfffffffe
core   0: 0x80004848 (0x00008da9) c.xor   a1, a0
core   0: 3 0x80004848 (0x8da9) x11 0x00000000
core   0: 0x8000484a (0x7bfc4e93) xori    t4, s8, 1983
core   0: 3 0x8000484a (0x7bfc4e93) x29 0x00000fbf
core   0: 0x8000484e (0x03c3c063) blt     t2, t3, pc + 32
core   0: 3 0x8000484e (0x03c3c063)
core   0: 0x80004852 (0x00006235) c.lui   tp, 0xd
core   0: 3 0x80004852 (0x6235) x4  0x0000d000
core   0: 0x80004854 (0x00008d89) c.sub   a1, a0
core   0: 3 0x80004854 (0x8d89) x11 0x00000000
core   0: 0x80004856 (0x00009f86) c.add   t6, ra
core   0: 3 0x80004856 (0x9f86) x31 0x00000096
core   0: 0x80004858 (0xdc8f6493) ori     s1, t5, -568
core   0: 3 0x80004858 (0xdc8f6493) x9  0xffffffff
core   0: 0x8000485c (0x0000875d) c.srai  a4, 23
core   0: 3 0x8000485c (0x875d) x14 0x00000000
core   0: 0x8000485e (0x34d1fbb7) lui     s7, 0x34d1f
core   0: 3 0x8000485e (0x34d1fbb7) x23 0x34d1f000
core   0: 0x80004862 (0x00a79e33) sll     t3, a5, a0
core   0: 3 0x80004862 (0x00a79e33) x28 0x00000000
core   0: 0x80004866 (0x41a7ec13) ori     s8, a5, 1050
core   0: 3 0x80004866 (0x41a7ec13) x24 0x0000041a
core   0: 0x8000486a (0x004d01b3) add     gp, s10, tp
core   0: 3 0x8000486a (0x004d01b3) x3  0x0000d000
core   0: 0x8000486e (0xf78c3c93) sltiu   s9, s8, -136
core   0: 3 0x8000486e (0xf78c3c93) x25 0x00000001
core   0: 0x80004872 (0x40eb5b13) srai    s6, s6, 14
core   0: 3 0x80004872 (0x40eb5b13) x22 0x000176da
core   0: 0x80004876 (0x00000001) c.nop
core   0: 3 0x80004876 (0x0001)
core   0: 0x80004878 (0x026d18b3) mulh    a7, s10, t1
core   0: 3 0x80004878 (0x026d18b3) x17 0x00000000
core   0: 0x8000487c (0x7b482597) auipc   a1, 0x7b482
core   0: 3 0x8000487c (0x7b482597) x11 0xfb48687c
core   0: 0x80004880 (0x00008885) c.andi  s1, 1
core   0: 3 0x80004880 (0x8885) x9  0x00000001
core   0: 0x80004882 (0xd32c8e97) auipc   t4, 0xd32c8
core   0: 3 0x80004882 (0xd32c8e97) x29 0x532cc882
core   0: 0x80004886 (0x03aca033) mulhsu  zero, s9, s10
core   0: 3 0x80004886 (0x03aca033)
core   0: 0x8000488a (0x052bd163) bge     s7, s2, pc + 66
core   0: 3 0x8000488a (0x052bd163)
core   0: 0x8000488e (0x00008fb5) c.xor   a5, a3
core   0: 3 0x8000488e (0x8fb5) x15 0x000006b5
core   0: 0x80004890 (0x00509293) slli    t0, ra, 5
core   0: 3 0x80004890 (0x00509293) x5  0x00000000
core   0: 0x80004894 (0x678b2893) slti    a7, s6, 1656
core   0: 3 0x80004894 (0x678b2893) x17 0x00000000
core   0: 0x80004898 (0x41878fb3) sub     t6, a5, s8
core   0: 3 0x80004898 (0x41878fb3) x31 0x0000029b
core   0: 0x8000489c (0x60e0ee93) ori     t4, ra, 1550
core   0: 3 0x8000489c (0x60e0ee93) x29 0x0000060e
core   0: 0x800048a0 (0x002cf933) and     s2, s9, sp
core   0: 3 0x800048a0 (0x002cf933) x18 0x00000000
core   0: 0x800048a4 (0xa609e213) ori     tp, s3, -1440
core   0: 3 0x800048a4 (0xa609e213) x4  0xfffffa61
core   0: 0x800048a8 (0xc1fa2893) slti    a7, s4, -993
core   0: 3 0x800048a8 (0xc1fa2893) x17 0x00000000
core   0: 0x800048ac (0x73cd0793) addi    a5, s10, 1852
core   0: 3 0x800048ac (0x73cd0793) x15 0x0000073c
core   0: 0x800048b0 (0x3df24793) xori    a5, tp, 991
core   0: 3 0x800048b0 (0x3df24793) x15 0xfffff9be
core   0: 0x800048b4 (0x00008dc1) c.or    a1, s0
core   0: 3 0x800048b4 (0x8dc1) x11 0xfb4afcfc
core   0: 0x800048b6 (0x000099fd) c.andi  a1, -1
core   0: 3 0x800048b6 (0x99fd) x11 0xfb4afcfc
core   0: 0x800048b8 (0x00008f25) c.xor   a4, s1
core   0: 3 0x800048b8 (0x8f25) x14 0x00000001
core   0: 0x800048ba (0x41190533) sub     a0, s2, a7
core   0: 3 0x800048ba (0x41190533) x10 0x00000000
core   0: 0x800048be (0x018af633) and     a2, s5, s8
core   0: 3 0x800048be (0x018af633) x12 0x00000400
core   0: 0x800048c2 (0x029a9f63) bne     s5, s1, pc + 62
core   0: 3 0x800048c2 (0x029a9f63)
core   0: 0x80004900 (0x000048b5) c.li    a7, 13
core   0: 3 0x80004900 (0x48b5) x17 0x0000000d
core   0: 0x80004902 (0x023ae533) rem     a0, s5, gp
core   0: 3 0x80004902 (0x023ae533) x10 0xffff3e64
core   0: 0x80004906 (0x000083ca) c.mv    t2, s2
core   0: 3 0x80004906 (0x83ca) x7  0x00000000
core   0: 0x80004908 (0x018e7cb3) and     s9, t3, s8
core   0: 3 0x80004908 (0x018e7cb3) x25 0x00000000
core   0: 0x8000490c (0x02ec1663) bne     s8, a4, pc + 44
core   0: 3 0x8000490c (0x02ec1663)
core   0: 0x80004938 (0x03787263) bgeu    a6, s7, pc + 36
core   0: 3 0x80004938 (0x03787263)
core   0: 0x8000495c (0x035ae9b3) rem     s3, s5, s5
core   0: 3 0x8000495c (0x035ae9b3) x19 0x00000000
core   0: 0x80004960 (0x00000001) c.nop
core   0: 3 0x80004960 (0x0001)
core   0: 0x80004962 (0x018d28b3) slt     a7, s10, s8
core   0: 3 0x80004962 (0x018d28b3) x17 0x00000001
core   0: 0x80004966 (0x00000001) c.nop
core   0: 3 0x80004966 (0x0001)
core   0: 0x80004968 (0x410f5633) sra     a2, t5, a6
core   0: 3 0x80004968 (0x410f5633) x12 0xffffffff
core   0: 0x8000496c (0x0392dbb3) divu    s7, t0, s9
core   0: 3 0x8000496c (0x0392dbb3) x23 0xffffffff
core   0: 0x80004970 (0x400cd293) srai    t0, s9, 0
core   0: 3 0x80004970 (0x400cd293) x5  0x00000000
core   0: 0x80004974 (0x035b98b3) mulh    a7, s7, s5
core   0: 3 0x80004974 (0x035b98b3) x17 0x00000000
core   0: 0x80004978 (0x00008d35) c.xor   a0, a3
core   0: 3 0x80004978 (0x8d35) x10 0xffff38d1
core   0: 0x8000497a (0x41ce5033) sra     zero, t3, t3
core   0: 3 0x8000497a (0x41ce5033)
core   0: 0x8000497e (0x40cedd33) sra     s10, t4, a2
core   0: 3 0x8000497e (0x40cedd33) x26 0x00000000
core   0: 0x80004982 (0x00001e7d) c.addi  t3, -1
core   0: 3 0x80004982 (0x1e7d) x28 0xffffffff
core   0: 0x80004984 (0x00000d66) c.slli  s10, 25
core   0: 3 0x80004984 (0x0d66) x26 0x00000000
core   0: 0x80004986 (0x40335b13) srai    s6, t1, 3
core   0: 3 0x80004986 (0x40335b13) x22 0x00000000
core   0: 0x8000498a (0x1606f313) andi    t1, a3, 352
core   0: 3 0x8000498a (0x1606f313) x6  0x00000020
core   0: 0x8000498e (0x0308e663) bltu    a7, a6, pc + 44
core   0: 3 0x8000498e (0x0308e663)
core   0: 0x800049ba (0x7cfce493) ori     s1, s9, 1999
core   0: 3 0x800049ba (0x7cfce493) x9  0x000007cf
core   0: 0x800049be (0x011efd33) and     s10, t4, a7
core   0: 3 0x800049be (0x011efd33) x26 0x00000000
core   0: 0x800049c2 (0x00000001) c.nop
core   0: 3 0x800049c2 (0x0001)
core   0: 0x800049c4 (0x00008e4d) c.or    a2, a1
core   0: 3 0x800049c4 (0x8e4d) x12 0xffffffff
core   0: 0x800049c6 (0x00008f0d) c.sub   a4, a1
core   0: 3 0x800049c6 (0x8f0d) x14 0x04b50305
core   0: 0x800049c8 (0x02b2c533) div     a0, t0, a1
core   0: 3 0x800049c8 (0x02b2c533) x10 0x00000000
core   0: 0x800049cc (0x000094be) c.add   s1, a5
core   0: 3 0x800049cc (0x94be) x9  0x0000018d
core   0: 0x800049ce (0x00001f7d) c.addi  t5, -1
core   0: 3 0x800049ce (0x1f7d) x30 0xfffffffe
core   0: 0x800049d0 (0x05a64a63) blt     a2, s10, pc + 84
core   0: 3 0x800049d0 (0x05a64a63)
core   0: 0x80004a24 (0x01c65713) srli    a4, a2, 28
core   0: 3 0x80004a24 (0x01c65713) x14 0x0000000f
core   0: 0x80004a28 (0x02dcf5b3) remu    a1, s9, a3
core   0: 3 0x80004a28 (0x02dcf5b3) x11 0x00000000
core   0: 0x80004a2c (0x00f85193) srli    gp, a6, 15
core   0: 3 0x80004a2c (0x00f85193) x3  0x00010000
core   0: 0x80004a30 (0x0011df93) srli    t6, gp, 1
core   0: 3 0x80004a30 (0x0011df93) x31 0x00008000
core   0: 0x80004a34 (0x419ad933) sra     s2, s5, s9
core   0: 3 0x80004a34 (0x419ad933) x18 0x80025e64
core   0: 0x80004a38 (0x03781fb3) mulh    t6, a6, s7
core   0: 3 0x80004a38 (0x03781fb3) x31 0x00000000
core   0: 0x80004a3c (0xec9acd93) xori    s11, s5, -311
core   0: 3 0x80004a3c (0xec9acd93) x27 0x7ffda0ad
core   0: 0x80004a40 (0x0000717d) c.addi16sp sp, -16
core   0: 3 0x80004a40 (0x717d) x2  0xffffffe0
core   0: 0x80004a42 (0x00000001) c.nop
core   0: 3 0x80004a42 (0x0001)
core   0: 0x80004a44 (0x000059fd) c.li    s3, -1
core   0: 3 0x80004a44 (0x59fd) x19 0xffffffff
core   0: 0x80004a46 (0x0047c6b3) xor     a3, a5, tp
core   0: 3 0x80004a46 (0x0047c6b3) x13 0x000003df
core   0: 0x80004a4a (0x00564fb3) xor     t6, a2, t0
core   0: 3 0x80004a4a (0x00564fb3) x31 0xffffffff
core   0: 0x80004a4e (0x012ce1b3) or      gp, s9, s2
core   0: 3 0x80004a4e (0x012ce1b3) x3  0x80025e64
core   0: 0x80004a52 (0x033cbfb3) mulhu   t6, s9, s3
core   0: 3 0x80004a52 (0x033cbfb3) x31 0x00000000
core   0: 0x80004a56 (0x00009316) c.add   t1, t0
core   0: 3 0x80004a56 (0x9316) x6  0x00000020
core   0: 0x80004a58 (0x01b39d13) slli    s10, t2, 27
core   0: 3 0x80004a58 (0x01b39d13) x26 0x00000000
core   0: 0x80004a5c (0x000093c6) c.add   t2, a7
core   0: 3 0x80004a5c (0x93c6) x7  0x00000000
core   0: 0x80004a5e (0xed893313) sltiu   t1, s2, -296
core   0: 3 0x80004a5e (0xed893313) x6  0x00000001
core   0: 0x80004a62 (0x02bcf733) remu    a4, s9, a1
core   0: 3 0x80004a62 (0x02bcf733) x14 0x00000000
core   0: 0x80004a66 (0x54184b17) auipc   s6, 0x54184
core   0: 3 0x80004a66 (0x54184b17) x22 0xd4188a66
core   0: 0x80004a6a (0x000082b9) c.srli  a3, 14
core   0: 3 0x80004a6a (0x82b9) x13 0x00000000
core   0: 0x80004a6c (0x03a251b3) divu    gp, tp, s10
core   0: 3 0x80004a6c (0x03a251b3) x3  0xffffffff
core   0: 0x80004a70 (0x0000066d) c.addi  a2, 27
core   0: 3 0x80004a70 (0x066d) x12 0x0000001a
core   0: 0x80004a72 (0x01c7dc33) srl     s8, a5, t3
core   0: 3 0x80004a72 (0x01c7dc33) x24 0x00000001
core   0: 0x80004a76 (0x000085f5) c.srai  a1, 29
core   0: 3 0x80004a76 (0x85f5) x11 0x00000000
core   0: 0x80004a78 (0x0000c115) c.beqz  a0, pc + 36
core   0: 3 0x80004a78 (0xc115)
core   0: 0x80004a9c (0x00009d36) c.add   s10, a3
core   0: 3 0x80004a9c (0x9d36) x26 0x00000000
core   0: 0x80004a9e (0x37d13f93) sltiu   t6, sp, 893
core   0: 3 0x80004a9e (0x37d13f93) x31 0x00000000
core   0: 0x80004aa2 (0xf8e2cd13) xori    s10, t0, -114
core   0: 3 0x80004aa2 (0xf8e2cd13) x26 0xffffff8e
core   0: 0x80004aa6 (0x24307213) andi    tp, zero, 579
core   0: 3 0x80004aa6 (0x24307213) x4  0x00000000
core   0: 0x80004aaa (0x00000b88) c.addi4spn a0, sp, 464
core   0: 3 0x80004aaa (0x0b88) x10 0x000001b0
core   0: 0x80004aac (0x03dda133) mulhsu  sp, s11, t4
core   0: 3 0x80004aac (0x03dda133) x2  0x00000306
core   0: 0x80004ab0 (0x88c68293) addi    t0, a3, -1908
core   0: 3 0x80004ab0 (0x88c68293) x5  0xfffff88c
core   0: 0x80004ab4 (0x0000994a) c.add   s2, s2
core   0: 3 0x80004ab4 (0x994a) x18 0x0004bcc8
core   0: 0x80004ab6 (0x00000f4e) c.slli  t5, 19
core   0: 3 0x80004ab6 (0x0f4e) x30 0xfff00000
core   0: 0x80004ab8 (0x40025f13) srai    t5, tp, 0
core   0: 3 0x80004ab8 (0x40025f13) x30 0x00000000
core   0: 0x80004abc (0x03b54d33) div     s10, a0, s11
core   0: 3 0x80004abc (0x03b54d33) x26 0x00000000
core   0: 0x80004ac0 (0x41e8d993) srai    s3, a7, 30
core   0: 3 0x80004ac0 (0x41e8d993) x19 0x00000000
core   0: 0x80004ac4 (0x0000e18d) c.bnez  a1, pc + 34
core   0: 3 0x80004ac4 (0xe18d)
core   0: 0x80004ac6 (0x000098fd) c.andi  s1, -1
core   0: 3 0x80004ac6 (0x98fd) x9  0x0000018d
core   0: 0x80004ac8 (0x7f68af93) slti    t6, a7, 2038
core   0: 3 0x80004ac8 (0x7f68af93) x31 0x00000001
core   0: 0x80004acc (0x0043d693) srli    a3, t2, 4
core   0: 3 0x80004acc (0x0043d693) x13 0x00000000
core   0: 0x80004ad0 (0x00000001) c.nop
core   0: 3 0x80004ad0 (0x0001)
core   0: 0x80004ad2 (0x14abb4b7) lui     s1, 0x14abb
core   0: 3 0x80004ad2 (0x14abb4b7) x9  0x14abb000
core   0: 0x80004ad6 (0x883a0e13) addi    t3, s4, -1917
core   0: 3 0x80004ad6 (0x883a0e13) x28 0xfffff883
core   0: 0x80004ada (0x008b4863) blt     s6, s0, pc + 16
core   0: 3 0x80004ada (0x008b4863)
core   0: 0x80004ade (0x00008f85) c.sub   a5, s1
core   0: 3 0x80004ade (0x8f85) x15 0xeb5449be
core   0: 0x80004ae0 (0x000060f9) c.lui   ra, 0x1e
core   0: 3 0x80004ae0 (0x60f9) x1  0x0001e000
core   0: 0x80004ae2 (0x01ae7663) bgeu    t3, s10, pc + 12
core   0: 3 0x80004ae2 (0x01ae7663)
core   0: 0x80004aee (0x0000077a) c.slli  a4, 30
core   0: 3 0x80004aee (0x077a) x14 0x00000000
core   0: 0x80004af0 (0x00008159) c.srli  a0, 22
core   0: 3 0x80004af0 (0x8159) x10 0x00000000
core   0: 0x80004af2 (0x02ca4a63) blt     s4, a2, pc + 52
core   0: 3 0x80004af2 (0x02ca4a63)
core   0: 0x80004b26 (0xddfbcc93) xori    s9, s7, -545
core   0: 3 0x80004b26 (0xddfbcc93) x25 0x00000220
core   0: 0x80004b2a (0x00c95d63) bge     s2, a2, pc + 26
core   0: 3 0x80004b2a (0x00c95d63)
core   0: 0x80004b44 (0x39652293) slti    t0, a0, 918
core   0: 3 0x80004b44 (0x39652293) x5  0x00000001
core   0: 0x80004b48 (0x0000117d) c.addi  sp, -1
core   0: 3 0x80004b48 (0x117d) x2  0x00000305
core   0: 0x80004b4a (0x00008d8d) c.sub   a1, a1
core   0: 3 0x80004b4a (0x8d8d) x11 0x00000000
core   0: 0x80004b4c (0x00008086) c.mv    ra, ra
core   0: 3 0x80004b4c (0x8086) x1  0x0001e000
core   0: 0x80004b4e (0x00008dc1) c.or    a1, s0
core   0: 3 0x80004b4e (0x8dc1) x11 0x80029ce4
core   0: 0x80004b50 (0x003e97b3) sll     a5, t4, gp
core   0: 3 0x80004b50 (0x003e97b3) x15 0x00000000
core   0: 0x80004b54 (0x000091e6) c.add   gp, s9
core   0: 3 0x80004b54 (0x91e6) x3  0x0000021f
core   0: 0x80004b56 (0x020cf933) remu    s2, s9, zero
core   0: 3 0x80004b56 (0x020cf933) x18 0x00000220
core   0: 0x80004b5a (0xca5dc893) xori    a7, s11, -859
core   0: 3 0x80004b5a (0xca5dc893) x17 0x80025c08
core   0: 0x80004b5e (0x4148d093) srai    ra, a7, 20
core   0: 3 0x80004b5e (0x4148d093) x1  0xfffff800
core   0: 0x80004b62 (0x00008535) c.srai  a0, 13
core   0: 3 0x80004b62 (0x8535) x10 0x00000000
core   0: 0x80004b64 (0x00009a7d) c.andi  a2, -1
core   0: 3 0x80004b64 (0x9a7d) x12 0x0000001a
core   0: 0x80004b66 (0xe1b9f993) andi    s3, s3, -485
core   0: 3 0x80004b66 (0xe1b9f993) x19 0x00000000
core   0: 0x80004b6a (0x02ff0eb3) mul     t4, t5, a5
core   0: 3 0x80004b6a (0x02ff0eb3) x29 0x00000000
core   0: 0x80004b6e (0x0000ce91) c.beqz  a3, pc + 28
core   0: 3 0x80004b6e (0xce91)
core   0: 0x80004b8a (0x00008e55) c.or    a2, a3
core   0: 3 0x80004b8a (0x8e55) x12 0x0000001a
core   0: 0x80004b8c (0x22e3e513) ori     a0, t2, 558
core   0: 3 0x80004b8c (0x22e3e513) x10 0x0000022e
core   0: 0x80004b90 (0x03d4e163) bltu    s1, t4, pc + 34
core   0: 3 0x80004b90 (0x03d4e163)
core   0: 0x80004b94 (0x005d7933) and     s2, s10, t0
core   0: 3 0x80004b94 (0x005d7933) x18 0x00000000
core   0: 0x80004b98 (0x03e1c733) div     a4, gp, t5
core   0: 3 0x80004b98 (0x03e1c733) x14 0xffffffff
core   0: 0x80004b9c (0x00008d29) c.xor   a0, a0
core   0: 3 0x80004b9c (0x8d29) x10 0x00000000
core   0: 0x80004b9e (0x000099fd) c.andi  a1, -1
core   0: 3 0x80004b9e (0x99fd) x11 0x80029ce4
core   0: 0x80004ba0 (0xda2cf793) andi    a5, s9, -606
core   0: 3 0x80004ba0 (0xda2cf793) x15 0x00000020
core   0: 0x80004ba4 (0x00005993) srli    s3, zero, 0
core   0: 3 0x80004ba4 (0x00005993) x19 0x00000000
core   0: 0x80004ba8 (0x000080b9) c.srli  s1, 14
core   0: 3 0x80004ba8 (0x80b9) x9  0x000052ae
core   0: 0x80004baa (0x01bb8733) add     a4, s7, s11
core   0: 3 0x80004baa (0x01bb8733) x14 0x7ffda0ac
core   0: 0x80004bae (0xcad88b97) auipc   s7, 0xcad88
core   0: 3 0x80004bae (0xcad88b97) x23 0x4ad8cbae
core   0: 0x80004bb2 (0x02749563) bne     s1, t2, pc + 42
core   0: 3 0x80004bb2 (0x02749563)
core   0: 0x80004bdc (0x00006139) c.addi16sp sp, 448
core   0: 3 0x80004bdc (0x6139) x2  0x000004c5
core   0: 0x80004bde (0x1d9a7513) andi    a0, s4, 473
core   0: 3 0x80004bde (0x1d9a7513) x10 0x00000000
core   0: 0x80004be2 (0x032c64b3) rem     s1, s8, s2
core   0: 3 0x80004be2 (0x032c64b3) x9  0x00000001
core   0: 0x80004be6 (0x00006135) c.addi16sp sp, 352
core   0: 3 0x80004be6 (0x6135) x2  0x00000625
core   0: 0x80004be8 (0x00000149) c.addi  sp, 18
core   0: 3 0x80004be8 (0x0149) x2  0x00000637
core   0: 0x80004bea (0xf6297993) andi    s3, s2, -158
core   0: 3 0x80004bea (0xf6297993) x19 0x00000000
core   0: 0x80004bee (0x02fbd633) divu    a2, s7, a5
core   0: 3 0x80004bee (0x02fbd633) x12 0x0256c65d
core   0: 0x80004bf2 (0xb8d72f13) slti    t5, a4, -1139
core   0: 3 0x80004bf2 (0xb8d72f13) x30 0x00000000
core   0: 0x80004bf6 (0x016564b3) or      s1, a0, s6
core   0: 3 0x80004bf6 (0x016564b3) x9  0xd4188a66
core   0: 0x80004bfa (0x000080a1) c.srli  s1, 8
core   0: 3 0x80004bfa (0x80a1) x9  0x00d4188a
core   0: 0x80004bfc (0x038f8333) mul     t1, t6, s8
core   0: 3 0x80004bfc (0x038f8333) x6  0x00000001
core   0: 0x80004c00 (0xfce3a713) slti    a4, t2, -50
core   0: 3 0x80004c00 (0xfce3a713) x14 0x00000000
core   0: 0x80004c04 (0x01d046b3) xor     a3, zero, t4
core   0: 3 0x80004c04 (0x01d046b3) x13 0x00000000
core   0: 0x80004c08 (0x03e64063) blt     a2, t5, pc + 32
core   0: 3 0x80004c08 (0x03e64063)
core   0: 0x80004c0c (0x007a6133) or      sp, s4, t2
core   0: 3 0x80004c0c (0x007a6133) x2  0x00000000
core   0: 0x80004c10 (0x0392ef63) bltu    t0, s9, pc + 62
core   0: 3 0x80004c10 (0x0392ef63)
core   0: 0x80004c4e (0x036a0863) beq     s4, s6, pc + 48
core   0: 3 0x80004c4e (0x036a0863)
core   0: 0x80004c52 (0x0000717d) c.addi16sp sp, -16
core   0: 3 0x80004c52 (0x717d) x2  0xfffffff0
core   0: 0x80004c54 (0x02fcab33) mulhsu  s6, s9, a5
core   0: 3 0x80004c54 (0x02fcab33) x22 0x00000000
core   0: 0x80004c58 (0x011bdb13) srli    s6, s7, 17
core   0: 3 0x80004c58 (0x011bdb13) x22 0x0000256c
core   0: 0x80004c5c (0x02639563) bne     t2, t1, pc + 42
core   0: 3 0x80004c5c (0x02639563)
core   0: 0x80004c86 (0x00849e33) sll     t3, s1, s0
core   0: 3 0x80004c86 (0x00849e33) x28 0x0d4188a0
core   0: 0x80004c8a (0x01814333) xor     t1, sp, s8
core   0: 3 0x80004c8a (0x01814333) x6  0xfffffff1
core   0: 0x80004c8e (0x00161f63) bne     a2, ra, pc + 30
core   0: 3 0x80004c8e (0x00161f63)
core   0: 0x80004cac (0x02a44563) blt     s0, a0, pc + 42
core   0: 3 0x80004cac (0x02a44563)
core   0: 0x80004cd6 (0x017fdd33) srl     s10, t6, s7
core   0: 3 0x80004cd6 (0x017fdd33) x26 0x00000000
core   0: 0x80004cda (0x41385113) srai    sp, a6, 19
core   0: 3 0x80004cda (0x41385113) x2  0xfffff000
core   0: 0x80004cde (0x008dca33) xor     s4, s11, s0
core   0: 3 0x80004cde (0x008dca33) x20 0xffff3c49
core   0: 0x80004ce2 (0x02514563) blt     sp, t0, pc + 42
core   0: 3 0x80004ce2 (0x02514563)
core   0: 0x80004d0c (0x00004909) c.li    s2, 2
core   0: 3 0x80004d0c (0x4909) x18 0x00000002
core   0: 0x80004d0e (0x00000884) c.addi4spn s1, sp, 80
core   0: 3 0x80004d0e (0x0884) x9  0xfffff050
core   0: 0x80004d10 (0x001b08b3) add     a7, s6, ra
core   0: 3 0x80004d10 (0x001b08b3) x17 0x00001d6c
core   0: 0x80004d14 (0x00008572) c.mv    a0, t3
core   0: 3 0x80004d14 (0x8572) x10 0x0d4188a0
core   0: 0x80004d16 (0x41bd8a33) sub     s4, s11, s11
core   0: 3 0x80004d16 (0x41bd8a33) x20 0x00000000
core   0: 0x80004d1a (0x0261c7b3) div     a5, gp, t1
core   0: 3 0x80004d1a (0x0261c7b3) x15 0xffffffdc
core   0: 0x80004d1e (0x00008f99) c.sub   a5, a4
core   0: 3 0x80004d1e (0x8f99) x15 0xffffffdc
core   0: 0x80004d20 (0x021d0eb3) mul     t4, s10, ra
core   0: 3 0x80004d20 (0x021d0eb3) x29 0x00000000
core   0: 0x80004d24 (0x00331c63) bne     t1, gp, pc + 24
core   0: 3 0x80004d24 (0x00331c63)
core   0: 0x80004d3c (0x025e50b3) divu    ra, t3, t0
core   0: 3 0x80004d3c (0x025e50b3) x1  0x0d4188a0
core   0: 0x80004d40 (0x00006ee1) c.lui   t4, 0x18
core   0: 3 0x80004d40 (0x6ee1) x29 0x00018000
core   0: 0x80004d42 (0x03f71333) mulh    t1, a4, t6
core   0: 3 0x80004d42 (0x03f71333) x6  0x00000000
core   0: 0x80004d46 (0x0000849d) c.srai  s1, 7
core   0: 3 0x80004d46 (0x849d) x9  0xffffffe0
core   0: 0x80004d48 (0x00979033) sll     zero, a5, s1
core   0: 3 0x80004d48 (0x00979033)
core   0: 0x80004d4c (0x014ed4b3) srl     s1, t4, s4
core   0: 3 0x80004d4c (0x014ed4b3) x9  0x00018000
core   0: 0x80004d50 (0x02204463) blt     zero, sp, pc + 40
core   0: 3 0x80004d50 (0x02204463)
core   0: 0x80004d54 (0x000082c9) c.srli  a3, 18
core   0: 3 0x80004d54 (0x82c9) x13 0x00000000
core   0: 0x80004d56 (0x413e5033) sra     zero, t3, s3
core   0: 3 0x80004d56 (0x413e5033)
core   0: 0x80004d5a (0x01add613) srli    a2, s11, 26
core   0: 3 0x80004d5a (0x01add613) x12 0x0000001f
core   0: 0x80004d5e (0x4740a393) slti    t2, ra, 1140
core   0: 3 0x80004d5e (0x4740a393) x7  0x00000000
core   0: 0x80004d62 (0x0000617d) c.addi16sp sp, 496
core   0: 3 0x80004d62 (0x617d) x2  0xfffff1f0
core   0: 0x80004d64 (0x00f7d713) srli    a4, a5, 15
core   0: 3 0x80004d64 (0x00f7d713) x14 0x0001ffff
core   0: 0x80004d68 (0x00008f21) c.xor   a4, s0
core   0: 3 0x80004d68 (0x8f21) x14 0x8003631b
core   0: 0x80004d6a (0x000083c5) c.srli  a5, 17
core   0: 3 0x80004d6a (0x83c5) x15 0x00007fff
core   0: 0x80004d6c (0x0202cb33) div     s6, t0, zero
core   0: 3 0x80004d6c (0x0202cb33) x22 0xffffffff
core   0: 0x80004d70 (0x0595c763) blt     a1, s9, pc + 78
core   0: 3 0x80004d70 (0x0595c763)
core   0: 0x80004dbe (0x399a7613) andi    a2, s4, 921
core   0: 3 0x80004dbe (0x399a7613) x12 0x00000000
core   0: 0x80004dc2 (0x00008e8d) c.sub   a3, a1
core   0: 3 0x80004dc2 (0x8e8d) x13 0x7ffd631c
core   0: 0x80004dc4 (0x012eb9b3) sltu    s3, t4, s2
core   0: 3 0x80004dc4 (0x012eb9b3) x19 0x00000000
core   0: 0x80004dc8 (0xe4793313) sltiu   t1, s2, -441
core   0: 3 0x80004dc8 (0xe4793313) x6  0x00000001
core   0: 0x80004dcc (0x01eea933) slt     s2, t4, t5
core   0: 3 0x80004dcc (0x01eea933) x18 0x00000000
core   0: 0x80004dd0 (0x46342f13) slti    t5, s0, 1123
core   0: 3 0x80004dd0 (0x46342f13) x30 0x00000001
core   0: 0x80004dd4 (0x026c09b3) mul     s3, s8, t1
core   0: 3 0x80004dd4 (0x026c09b3) x19 0x00000001
core   0: 0x80004dd8 (0x2a71b313) sltiu   t1, gp, 679
core   0: 3 0x80004dd8 (0x2a71b313) x6  0x00000001
core   0: 0x80004ddc (0x0000930e) c.add   t1, gp
core   0: 3 0x80004ddc (0x930e) x6  0x00000220
core   0: 0x80004dde (0x000e7363) bgeu    t3, zero, pc + 6
core   0: 3 0x80004dde (0x000e7363)
core   0: 0x80004de4 (0x000080ae) c.mv    ra, a1
core   0: 3 0x80004de4 (0x80ae) x1  0x80029ce4
core   0: 0x80004de6 (0x3327f013) andi    zero, a5, 818
core   0: 3 0x80004de6 (0x3327f013)
core   0: 0x80004dea (0x000003fa) c.slli  t2, 30
core   0: 3 0x80004dea (0x03fa) x7  0x00000000
core   0: 0x80004dec (0x0000ca01) c.beqz  a2, pc + 16
core   0: 3 0x80004dec (0xca01)
core   0: 0x80004dfc (0x02e8c933) div     s2, a7, a4
core   0: 3 0x80004dfc (0x02e8c933) x18 0x00000000
core   0: 0x80004e00 (0x34e91997) auipc   s3, 0x34e91
core   0: 3 0x80004e00 (0x34e91997) x19 0xb4e95e00
core   0: 0x80004e04 (0x03d715b3) mulh    a1, a4, t4
core   0: 3 0x80004e04 (0x03d715b3) x11 0xffff4005
core   0: 0x80004e08 (0x00006909) c.lui   s2, 0x2
core   0: 3 0x80004e08 (0x6909) x18 0x00002000
core   0: 0x80004e0a (0x03e21533) mulh    a0, tp, t5
core   0: 3 0x80004e0a (0x03e21533) x10 0x00000000
core   0: 0x80004e0e (0x4664b717) auipc   a4, 0x4664b
core   0: 3 0x80004e0e (0x4664b717) x14 0xc664fe0e
core   0: 0x80004e12 (0x00f80533) add     a0, a6, a5
core   0: 3 0x80004e12 (0x00f80533) x10 0x80007fff
core   0: 0x80004e16 (0x3586ce93) xori    t4, a3, 856
core   0: 3 0x80004e16 (0x3586ce93) x29 0x7ffd6044
core   0: 0x80004e1a (0x5ba23e93) sltiu   t4, tp, 1466
core   0: 3 0x80004e1a (0x5ba23e93) x29 0x00000001
core   0: 0x80004e1e (0x01d54363) blt     a0, t4, pc + 6
core   0: 3 0x80004e1e (0x01d54363)
core   0: 0x80004e24 (0x00008e59) c.or    a2, a4
core   0: 3 0x80004e24 (0x8e59) x12 0xc664fe0e
core   0: 0x80004e26 (0x0000431d) c.li    t1, 7
core   0: 3 0x80004e26 (0x431d) x6  0x00000007
core   0: 0x80004e28 (0xb5ec7393) andi    t2, s8, -1186
core   0: 3 0x80004e28 (0xb5ec7393) x7  0x00000000
core   0: 0x80004e2c (0x00000001) c.nop
core   0: 3 0x80004e2c (0x0001)
core   0: 0x80004e2e (0x12500b93) li      s7, 293
core   0: 3 0x80004e2e (0x12500b93) x23 0x00000125
core   0: 0x80004e32 (0x01791363) bne     s2, s7, pc + 6
core   0: 3 0x80004e32 (0x01791363)
core   0: 0x80004e38 (0x169a8693) addi    a3, s5, 361
core   0: 3 0x80004e38 (0x169a8693) x13 0x80025fcd
core   0: 0x80004e3c (0x00001a7d) c.addi  s4, -1
core   0: 3 0x80004e3c (0x1a7d) x20 0xffffffff
core   0: 0x80004e3e (0x01b96b33) or      s6, s2, s11
core   0: 3 0x80004e3e (0x01b96b33) x22 0x7ffda0ad
core   0: 0x80004e42 (0x04cb0163) beq     s6, a2, pc + 66
core   0: 3 0x80004e42 (0x04cb0163)
core   0: 0x80004e46 (0x00008ecd) c.or    a3, a1
core   0: 3 0x80004e46 (0x8ecd) x13 0xffff5fcd
core   0: 0x80004e48 (0x00008dd9) c.or    a1, a4
core   0: 3 0x80004e48 (0x8dd9) x11 0xfffffe0f
core   0: 0x80004e4a (0x025a8163) beq     s5, t0, pc + 34
core   0: 3 0x80004e4a (0x025a8163)
core   0: 0x80004e4e (0x35078393) addi    t2, a5, 848
core   0: 3 0x80004e4e (0x35078393) x7  0x0000834f
core   0: 0x80004e52 (0x27208793) addi    a5, ra, 626
core   0: 3 0x80004e52 (0x27208793) x15 0x80029f56
core   0: 0x80004e56 (0x00d94d63) blt     s2, a3, pc + 26
core   0: 3 0x80004e56 (0x00d94d63)
core   0: 0x80004e5a (0x00008fbd) c.xor   a5, a5
core   0: 3 0x80004e5a (0x8fbd) x15 0x00000000
core   0: 0x80004e5c (0x00a39013) slli    zero, t2, 10
core   0: 3 0x80004e5c (0x00a39013)
core   0: 0x80004e60 (0x000099fd) c.andi  a1, -1
core   0: 3 0x80004e60 (0x99fd) x11 0xfffffe0f
core   0: 0x80004e62 (0x02238163) beq     t2, sp, pc + 34
core   0: 3 0x80004e62 (0x02238163)
core   0: 0x80004e66 (0x00008ce5) c.and   s1, s1
core   0: 3 0x80004e66 (0x8ce5) x9  0x00018000
core   0: 0x80004e68 (0x0254c363) blt     s1, t0, pc + 38
core   0: 3 0x80004e68 (0x0254c363)
core   0: 0x80004e6c (0x019378b3) and     a7, t1, s9
core   0: 3 0x80004e6c (0x019378b3) x17 0x00000000
core   0: 0x80004e70 (0x03941c33) mulh    s8, s0, s9
core   0: 3 0x80004e70 (0x03941c33) x24 0xfffffef0
core   0: 0x80004e74 (0x03eed463) bge     t4, t5, pc + 40
core   0: 3 0x80004e74 (0x03eed463)
core   0: 0x80004e9c (0x03386563) bltu    a6, s3, pc + 42
core   0: 3 0x80004e9c (0x03386563)
core   0: 0x80004ec6 (0x0000111c) c.addi4spn a5, sp, 160
core   0: 3 0x80004ec6 (0x111c) x15 0xfffff290
core   0: 0x80004ec8 (0x000004d6) c.slli  s1, 21
core   0: 3 0x80004ec8 (0x04d6) x9  0x00000000
core   0: 0x80004eca (0x0047b2b3) sltu    t0, a5, tp
core   0: 3 0x80004eca (0x0047b2b3) x5  0x00000000
core   0: 0x80004ece (0x02b5d333) divu    t1, a1, a1
core   0: 3 0x80004ece (0x02b5d333) x6  0x00000001
core   0: 0x80004ed2 (0x0000717d) c.addi16sp sp, -16
core   0: 3 0x80004ed2 (0x717d) x2  0xfffff1e0
core   0: 0x80004ed4 (0xd02fc913) xori    s2, t6, -766
core   0: 3 0x80004ed4 (0xd02fc913) x18 0xfffffd03
core   0: 0x80004ed8 (0x029f6a33) rem     s4, t5, s1
core   0: 3 0x80004ed8 (0x029f6a33) x20 0x00000001
core   0: 0x80004edc (0x00000001) c.nop
core   0: 3 0x80004edc (0x0001)
core   0: 0x80004ede (0x01f33b33) sltu    s6, t1, t6
core   0: 3 0x80004ede (0x01f33b33) x22 0x00000000
core   0: 0x80004ee2 (0x00f9d133) srl     sp, s3, a5
core   0: 3 0x80004ee2 (0x00f9d133) x2  0x0000b4e9
core   0: 0x80004ee6 (0x000089a2) c.mv    s3, s0
core   0: 3 0x80004ee6 (0x89a2) x19 0x80029ce4
core   0: 0x80004ee8 (0xb0fe0e13) addi    t3, t3, -1265
core   0: 3 0x80004ee8 (0xb0fe0e13) x28 0x0d4183af
core   0: 0x80004eec (0x78b3ad13) slti    s10, t2, 1931
core   0: 3 0x80004eec (0x78b3ad13) x26 0x00000000
core   0: 0x80004ef0 (0x16368293) addi    t0, a3, 355
core   0: 3 0x80004ef0 (0x16368293) x5  0xffff6130
core   0: 0x80004ef4 (0x000094fa) c.add   s1, t5
core   0: 3 0x80004ef4 (0x94fa) x9  0x00000001
core   0: 0x80004ef6 (0x40575293) srai    t0, a4, 5
core   0: 3 0x80004ef6 (0x40575293) x5  0xfe3327f0
core   0: 0x80004efa (0x034f6663) bltu    t5, s4, pc + 44
core   0: 3 0x80004efa (0x034f6663)
core   0: 0x80004efe (0x03b870b3) remu    ra, a6, s11
core   0: 3 0x80004efe (0x03b870b3) x1  0x00025f53
core   0: 0x80004f02 (0x00459963) bne     a1, tp, pc + 18
core   0: 3 0x80004f02 (0x00459963)
core   0: 0x80004f14 (0x00000001) c.nop
core   0: 3 0x80004f14 (0x0001)
core   0: 0x80004f16 (0x02e784b3) mul     s1, a5, a4
core   0: 3 0x80004f16 (0x02e784b3) x9  0x12ea23e0
core   0: 0x80004f1a (0x00008535) c.srai  a0, 13
core   0: 3 0x80004f1a (0x8535) x10 0xfffc0003
core   0: 0x80004f1c (0x7a3d6493) ori     s1, s10, 1955
core   0: 3 0x80004f1c (0x7a3d6493) x9  0x000007a3
core   0: 0x80004f20 (0x000085be) c.mv    a1, a5
core   0: 3 0x80004f20 (0x85be) x11 0xfffff290
core   0: 0x80004f22 (0x2d982313) slti    t1, a6, 729
core   0: 3 0x80004f22 (0x2d982313) x6  0x00000001
core   0: 0x80004f26 (0x00001398) c.addi4spn a4, sp, 480
core   0: 3 0x80004f26 (0x1398) x14 0x0000b6c9
core   0: 0x80004f28 (0x04bb08b7) lui     a7, 0x4bb0
core   0: 3 0x80004f28 (0x04bb08b7) x17 0x04bb0000
core   0: 0x80004f2c (0x0125f033) and     zero, a1, s2
core   0: 3 0x80004f2c (0x0125f033)
core   0: 0x80004f30 (0x00005d7d) c.li    s10, -1
core   0: 3 0x80004f30 (0x5d7d) x26 0xffffffff
core   0: 0x80004f32 (0x02cc6063) bltu    s8, a2, pc + 32
core   0: 3 0x80004f32 (0x02cc6063)
core   0: 0x80004f36 (0x0000717d) c.addi16sp sp, -16
core   0: 3 0x80004f36 (0x717d) x2  0x0000b4d9
core   0: 0x80004f38 (0x00008d31) c.xor   a0, a2
core   0: 3 0x80004f38 (0x8d31) x10 0x3998fe0d
core   0: 0x80004f3a (0x00000001) c.nop
core   0: 3 0x80004f3a (0x0001)
core   0: 0x80004f3c (0x09db2513) slti    a0, s6, 157
core   0: 3 0x80004f3c (0x09db2513) x10 0x00000001
core   0: 0x80004f40 (0x406c5993) srai    s3, s8, 6
core   0: 3 0x80004f40 (0x406c5993) x19 0xfffffffb
core   0: 0x80004f44 (0x00759c13) slli    s8, a1, 7
core   0: 3 0x80004f44 (0x00759c13) x24 0xfff94800
core   0: 0x80004f48 (0xd22a0697) auipc   a3, 0xd22a0
core   0: 3 0x80004f48 (0xd22a0697) x13 0x522a4f48
core   0: 0x80004f4c (0x00008fa9) c.xor   a5, a0
core   0: 3 0x80004f4c (0x8fa9) x15 0xfffff291
core   0: 0x80004f4e (0x03648163) beq     s1, s6, pc + 34
core   0: 3 0x80004f4e (0x03648163)
core   0: 0x80004f52 (0x0278c1b3) div     gp, a7, t2
core   0: 3 0x80004f52 (0x0278c1b3) x3  0x00000938
core   0: 0x80004f56 (0x40b2d393) srai    t2, t0, 11
core   0: 3 0x80004f56 (0x40b2d393) x7  0xffffc664
core   0: 0x80004f5a (0x0000e699) c.bnez  a3, pc + 14
core   0: 3 0x80004f5a (0xe699)
core   0: 0x80004f68 (0x00008f9d) c.sub   a5, a5
core   0: 3 0x80004f68 (0x8f9d) x15 0x00000000
core   0: 0x80004f6a (0x0000c2a1) c.beqz  a3, pc + 64
core   0: 3 0x80004f6a (0xc2a1)
core   0: 0x80004f6c (0x40dd5f33) sra     t5, s10, a3
core   0: 3 0x80004f6c (0x40dd5f33) x30 0xffffffff
core   0: 0x80004f70 (0x00008d69) c.and   a0, a0
core   0: 3 0x80004f70 (0x8d69) x10 0x00000001
core   0: 0x80004f72 (0x00004c6d) c.li    s8, 27
core   0: 3 0x80004f72 (0x4c6d) x24 0x0000001b
core   0: 0x80004f74 (0x00008d55) c.or    a0, a3
core   0: 3 0x80004f74 (0x8d55) x10 0x522a4f49
core   0: 0x80004f76 (0x034dca63) blt     s11, s4, pc + 52
core   0: 3 0x80004f76 (0x034dca63)
core   0: 0x80004f7a (0x00001b84) c.addi4spn s1, sp, 496
core   0: 3 0x80004f7a (0x1b84) x9  0x0000b6c9
core   0: 0x80004f7c (0x5bef7697) auipc   a3, 0x5bef7
core   0: 3 0x80004f7c (0x5bef7697) x13 0xdbefbf7c
core   0: 0x80004f80 (0x00009cae) c.add   s9, a1
core   0: 3 0x80004f80 (0x9cae) x25 0xfffff4b0
core   0: 0x80004f82 (0x00004e95) c.li    t4, 5
core   0: 3 0x80004f82 (0x4e95) x29 0x00000005
core   0: 0x80004f84 (0x000e58b3) srl     a7, t3, zero
core   0: 3 0x80004f84 (0x000e58b3) x17 0x0d4183af
core   0: 0x80004f88 (0x018173b3) and     t2, sp, s8
core   0: 3 0x80004f88 (0x018173b3) x7  0x00000019
core   0: 0x80004f8c (0x00a1b5b3) sltu    a1, gp, a0
core   0: 3 0x80004f8c (0x00a1b5b3) x11 0x00000001
core   0: 0x80004f90 (0x03f1bc33) mulhu   s8, gp, t6
core   0: 3 0x80004f90 (0x03f1bc33) x24 0x00000000
core   0: 0x80004f94 (0x025868b3) rem     a7, a6, t0
core   0: 3 0x80004f94 (0x025868b3) x17 0xffcfec70
core   0: 0x80004f98 (0x01ee5a33) srl     s4, t3, t5
core   0: 3 0x80004f98 (0x01ee5a33) x20 0x00000000
core   0: 0x80004f9c (0x037f2633) mulhsu  a2, t5, s7
core   0: 3 0x80004f9c (0x037f2633) x12 0xffffffff
core   0: 0x80004fa0 (0x00008c99) c.sub   s1, a4
core   0: 3 0x80004fa0 (0x8c99) x9  0x00000000
core   0: 0x80004fa2 (0x01d77333) and     t1, a4, t4
core   0: 3 0x80004fa2 (0x01d77333) x6  0x00000001
core   0: 0x80004fa6 (0x3a20cc13) xori    s8, ra, 930
core   0: 3 0x80004fa6 (0x3a20cc13) x24 0x00025cf1
core   0: 0x80004faa (0x019b18b3) sll     a7, s6, s9
core   0: 3 0x80004faa (0x019b18b3) x17 0x00000000
core   0: 0x80004fae (0x0000157d) c.addi  a0, -1
core   0: 3 0x80004fae (0x157d) x10 0x522a4f48
core   0: 0x80004fb0 (0x01b77563) bgeu    a4, s11, pc + 10
core   0: 3 0x80004fb0 (0x01b77563)
core   0: 0x80004fb4 (0x03386533) rem     a0, a6, s3
core   0: 3 0x80004fb4 (0x03386533) x10 0xfffffffd
core   0: 0x80004fb8 (0x00008355) c.srli  a4, 21
core   0: 3 0x80004fb8 (0x8355) x14 0x00000000
core   0: 0x80004fba (0xc6baa993) slti    s3, s5, -917
core   0: 3 0x80004fba (0xc6baa993) x19 0x00000001
core   0: 0x80004fbe (0x00008a6d) c.andi  a2, 27
core   0: 3 0x80004fbe (0x8a6d) x12 0x0000001b
core   0: 0x80004fc0 (0x000006ad) c.addi  a3, 11
core   0: 3 0x80004fc0 (0x06ad) x13 0xdbefbf87
core   0: 0x80004fc2 (0x02e7c2b3) div     t0, a5, a4
core   0: 3 0x80004fc2 (0x02e7c2b3) x5  0xffffffff
core   0: 0x80004fc6 (0x00008e15) c.sub   a2, a3
core   0: 3 0x80004fc6 (0x8e15) x12 0x24104094
core   0: 0x80004fc8 (0x00006de5) c.lui   s11, 0x19
core   0: 3 0x80004fc8 (0x6de5) x27 0x00019000
core   0: 0x80004fca (0x00008ca9) c.xor   s1, a0
core   0: 3 0x80004fca (0x8ca9) x9  0xfffffffd
core   0: 0x80004fcc (0x00008d05) c.sub   a0, s1
core   0: 3 0x80004fcc (0x8d05) x10 0x00000000
core   0: 0x80004fce (0x000080b1) c.srli  s1, 12
core   0: 3 0x80004fce (0x80b1) x9  0x000fffff
core   0: 0x80004fd0 (0x00006111) c.addi16sp sp, 256
core   0: 3 0x80004fd0 (0x6111) x2  0x0000b5d9
core   0: 0x80004fd2 (0x000085d5) c.srai  a1, 21
core   0: 3 0x80004fd2 (0x85d5) x11 0x00000000
core   0: 0x80004fd4 (0x03fee633) rem     a2, t4, t6
core   0: 3 0x80004fd4 (0x03fee633) x12 0x00000000
core   0: 0x80004fd8 (0x000066b1) c.lui   a3, 0xc
core   0: 3 0x80004fd8 (0x66b1) x13 0x0000c000
core   0: 0x80004fda (0x000086e5) c.srai  a3, 25
core   0: 3 0x80004fda (0x86e5) x13 0x00000000
core   0: 0x80004fdc (0x03be61b3) rem     gp, t3, s11
core   0: 3 0x80004fdc (0x03be61b3) x3  0x000153af
core   0: 0x80004fe0 (0x01387d33) and     s10, a6, s3
core   0: 3 0x80004fe0 (0x01387d33) x26 0x00000000
core   0: 0x80004fe4 (0x03ffd8b3) divu    a7, t6, t6
core   0: 3 0x80004fe4 (0x03ffd8b3) x17 0x00000001
core   0: 0x80004fe8 (0x01336033) or      zero, t1, s3
core   0: 3 0x80004fe8 (0x01336033)
core   0: 0x80004fec (0x150a4313) xori    t1, s4, 336
core   0: 3 0x80004fec (0x150a4313) x6  0x00000150
core   0: 0x80004ff0 (0x000081fd) c.srli  a1, 31
core   0: 3 0x80004ff0 (0x81fd) x11 0x00000000
core   0: 0x80004ff2 (0x004bd613) srli    a2, s7, 4
core   0: 3 0x80004ff2 (0x004bd613) x12 0x00000012
core   0: 0x80004ff6 (0x02202633) mulhsu  a2, zero, sp
core   0: 3 0x80004ff6 (0x02202633) x12 0x00000000
core   0: 0x80004ffa (0x9b353e13) sltiu   t3, a0, -1613
core   0: 3 0x80004ffa (0x9b353e13) x28 0x00000001
core   0: 0x80004ffe (0x41632e13) slti    t3, t1, 1046
core   0: 3 0x80004ffe (0x41632e13) x28 0x00000001
core   0: 0x80005002 (0x00006c85) c.lui   s9, 0x1
core   0: 3 0x80005002 (0x6c85) x25 0x00001000
core   0: 0x80005004 (0x027263b3) rem     t2, tp, t2
core   0: 3 0x80005004 (0x027263b3) x7  0x00000000
core   0: 0x80005008 (0x00008f89) c.sub   a5, a0
core   0: 3 0x80005008 (0x8f89) x15 0x00000000
core   0: 0x8000500a (0x01af76b3) and     a3, t5, s10
core   0: 3 0x8000500a (0x01af76b3) x13 0x00000000
core   0: 0x8000500e (0x013599b3) sll     s3, a1, s3
core   0: 3 0x8000500e (0x013599b3) x19 0x00000000
core   0: 0x80005012 (0x0000865d) c.srai  a2, 23
core   0: 3 0x80005012 (0x865d) x12 0x00000000
core   0: 0x80005014 (0x00000001) c.nop
core   0: 3 0x80005014 (0x0001)
core   0: 0x80005016 (0x000009b2) c.slli  s3, 12
core   0: 3 0x80005016 (0x09b2) x19 0x00000000
core   0: 0x80005018 (0x00bb5733) srl     a4, s6, a1
core   0: 3 0x80005018 (0x00bb5733) x14 0x00000000
core   0: 0x8000501c (0x0165fe33) and     t3, a1, s6
core   0: 3 0x8000501c (0x0165fe33) x28 0x00000000
core   0: 0x80005020 (0x00ce6733) or      a4, t3, a2
core   0: 3 0x80005020 (0x00ce6733) x14 0x00000000
core   0: 0x80005024 (0x02583fb3) mulhu   t6, a6, t0
core   0: 3 0x80005024 (0x02583fb3) x31 0x7fffffff
core   0: 0x80005028 (0x03f71863) bne     a4, t6, pc + 48
core   0: 3 0x80005028 (0x03f71863)
core   0: 0x80005058 (0x03e1dd33) divu    s10, gp, t5
core   0: 3 0x80005058 (0x03e1dd33) x26 0x00000000
core   0: 0x8000505c (0x0000717d) c.addi16sp sp, -16
core   0: 3 0x8000505c (0x717d) x2  0x0000b5c9
core   0: 0x8000505e (0x00009eba) c.add   t4, a4
core   0: 3 0x8000505e (0x9eba) x29 0x00000005
core   0: 0x80005060 (0x11a98293) addi    t0, s3, 282
core   0: 3 0x80005060 (0x11a98293) x5  0x0000011a
core   0: 0x80005064 (0x05af5163) bge     t5, s10, pc + 66
core   0: 3 0x80005064 (0x05af5163)
core   0: 0x80005068 (0x016ec933) xor     s2, t4, s6
core   0: 3 0x80005068 (0x016ec933) x18 0x00000005
core   0: 0x8000506c (0x000098fd) c.andi  s1, -1
core   0: 3 0x8000506c (0x98fd) x9  0x000fffff
core   0: 0x8000506e (0x000003ed) c.addi  t2, 27
core   0: 3 0x8000506e (0x03ed) x7  0x0000001b
core   0: 0x80005070 (0x0033ef33) or      t5, t2, gp
core   0: 3 0x80005070 (0x0033ef33) x30 0x000153bf
core   0: 0x80005074 (0x03e05333) divu    t1, zero, t5
core   0: 3 0x80005074 (0x03e05333) x6  0x00000000
core   0: 0x80005078 (0x029ee033) rem     zero, t4, s1
core   0: 3 0x80005078 (0x029ee033)
core   0: 0x8000507c (0x00008ccd) c.or    s1, a1
core   0: 3 0x8000507c (0x8ccd) x9  0x000fffff
core   0: 0x8000507e (0x0000997d) c.andi  a0, -1
core   0: 3 0x8000507e (0x997d) x10 0x00000000
core   0: 0x80005080 (0xb21b5697) auipc   a3, 0xb21b5
core   0: 3 0x80005080 (0xb21b5697) x13 0x321ba080
core   0: 0x80005084 (0x0143ce33) xor     t3, t2, s4
core   0: 3 0x80005084 (0x0143ce33) x28 0x0000001b
core   0: 0x80005088 (0x00005bfd) c.li    s7, -1
core   0: 3 0x80005088 (0x5bfd) x23 0xffffffff
core   0: 0x8000508a (0x00001c04) c.addi4spn s1, sp, 560
core   0: 3 0x8000508a (0x1c04) x9  0x0000b7f9
core   0: 0x8000508c (0x0267e9b3) rem     s3, a5, t1
core   0: 3 0x8000508c (0x0267e9b3) x19 0x00000000
core   0: 0x80005090 (0x110aac37) lui     s8, 0x110aa
core   0: 3 0x80005090 (0x110aac37) x24 0x110aa000
core   0: 0x80005094 (0x413cdcb3) sra     s9, s9, s3
core   0: 3 0x80005094 (0x413cdcb3) x25 0x00001000
core   0: 0x80005098 (0x015557b3) srl     a5, a0, s5
core   0: 3 0x80005098 (0x015557b3) x15 0x00000000
core   0: 0x8000509c (0x0000c505) c.beqz  a0, pc + 40
core   0: 3 0x8000509c (0xc505)
core   0: 0x800050c4 (0x4f924313) xori    t1, tp, 1273
core   0: 3 0x800050c4 (0x4f924313) x6  0x000004f9
core   0: 0x800050c8 (0x00091913) slli    s2, s2, 0
core   0: 3 0x800050c8 (0x00091913) x18 0x00000005
core   0: 0x800050cc (0x020ca233) mulhsu  tp, s9, zero
core   0: 3 0x800050cc (0x020ca233) x4  0x00000000
core   0: 0x800050d0 (0x23693a13) sltiu   s4, s2, 566
core   0: 3 0x800050d0 (0x23693a13) x20 0x00000001
core   0: 0x800050d4 (0x0000614d) c.addi16sp sp, 176
core   0: 3 0x800050d4 (0x614d) x2  0x0000b679
core   0: 0x800050d6 (0x00912233) slt     tp, sp, s1
core   0: 3 0x800050d6 (0x00912233) x4  0x00000001
core   0: 0x800050da (0xfe24c993) xori    s3, s1, -30
core   0: 3 0x800050da (0xfe24c993) x19 0xffff481b
core   0: 0x800050de (0x03b67763) bgeu    a2, s11, pc + 46
core   0: 3 0x800050de (0x03b67763)
core   0: 0x800050e2 (0x03c59163) bne     a1, t3, pc + 34
core   0: 3 0x800050e2 (0x03c59163)
core   0: 0x80005104 (0x00943333) sltu    t1, s0, s1
core   0: 3 0x80005104 (0x00943333) x6  0x00000000
core   0: 0x80005108 (0x01f10db3) add     s11, sp, t6
core   0: 3 0x80005108 (0x01f10db3) x27 0x8000b678
core   0: 0x8000510c (0x00004599) c.li    a1, 6
core   0: 3 0x8000510c (0x4599) x11 0x00000006
core   0: 0x8000510e (0x414d8333) sub     t1, s11, s4
core   0: 3 0x8000510e (0x414d8333) x6  0x8000b677
core   0: 0x80005112 (0x008f9463) bne     t6, s0, pc + 8
core   0: 3 0x80005112 (0x008f9463)
core   0: 0x8000511a (0x0294c163) blt     s1, s1, pc + 34
core   0: 3 0x8000511a (0x0294c163)
core   0: 0x8000511e (0x019cac33) slt     s8, s9, s9
core   0: 3 0x8000511e (0x019cac33) x24 0x00000000
core   0: 0x80005122 (0x4063db33) sra     s6, t2, t1
core   0: 3 0x80005122 (0x4063db33) x22 0x00000000
core   0: 0x80005126 (0xf96ec093) xori    ra, t4, -106
core   0: 3 0x80005126 (0xf96ec093) x1  0xffffff93
core   0: 0x8000512a (0x0143b533) sltu    a0, t2, s4
core   0: 3 0x8000512a (0x0143b533) x10 0x00000000
core   0: 0x8000512e (0xe9700313) li      t1, -361
core   0: 3 0x8000512e (0xe9700313) x6  0xfffffe97
core   0: 0x80005132 (0x0000137d) c.addi  t1, -1
core   0: 3 0x80005132 (0x137d) x6  0xfffffe96
core   0: 0x80005134 (0x022ca7b3) mulhsu  a5, s9, sp
core   0: 3 0x80005134 (0x022ca7b3) x15 0x00000000
core   0: 0x80005138 (0x00914d33) xor     s10, sp, s1
core   0: 3 0x80005138 (0x00914d33) x26 0x00000180
core   0: 0x8000513c (0x00008e35) c.xor   a2, a3
core   0: 3 0x8000513c (0x8e35) x12 0x321ba080
core   0: 0x8000513e (0x4077de13) srai    t3, a5, 7
core   0: 3 0x8000513e (0x4077de13) x28 0x00000000
core   0: 0x80005142 (0x00008f11) c.sub   a4, a2
core   0: 3 0x80005142 (0x8f11) x14 0xcde45f80
core   0: 0x80005144 (0x01b65893) srli    a7, a2, 27
core   0: 3 0x80005144 (0x01b65893) x17 0x00000006
core   0: 0x80005148 (0x40a0d693) srai    a3, ra, 10
core   0: 3 0x80005148 (0x40a0d693) x13 0xffffffff
core   0: 0x8000514c (0x0000b0b3) sltu    ra, ra, zero
core   0: 3 0x8000514c (0x0000b0b3) x1  0x00000000
core   0: 0x80005150 (0x000084dd) c.srai  s1, 23
core   0: 3 0x80005150 (0x84dd) x9  0x00000000
core   0: 0x80005152 (0x02aade33) divu    t3, s5, a0
core   0: 3 0x80005152 (0x02aade33) x28 0xffffffff
core   0: 0x80005156 (0x00008ff1) c.and   a5, a2
core   0: 3 0x80005156 (0x8ff1) x15 0x00000000
core   0: 0x80005158 (0x00008a05) c.andi  a2, 1
core   0: 3 0x80005158 (0x8a05) x12 0x00000000
core   0: 0x8000515a (0x1c20e797) auipc   a5, 0x1c20e
core   0: 3 0x8000515a (0x1c20e797) x15 0x9c21315a
core   0: 0x8000515e (0x0000e219) c.bnez  a2, pc + 6
core   0: 3 0x8000515e (0xe219)
core   0: 0x80005160 (0x0197e3b3) or      t2, a5, s9
core   0: 3 0x80005160 (0x0197e3b3) x7  0x9c21315a
core   0: 0x80005164 (0x00008b89) c.andi  a5, 2
core   0: 3 0x80005164 (0x8b89) x15 0x00000002
core   0: 0x80005166 (0x2935c197) auipc   gp, 0x2935c
core   0: 3 0x80005166 (0x2935c197) x3  0xa9361166
core   0: 0x8000516a (0x014bd013) srli    zero, s7, 20
core   0: 3 0x8000516a (0x014bd013)
core   0: 0x8000516e (0x000083f1) c.srli  a5, 28
core   0: 3 0x8000516e (0x83f1) x15 0x00000000
core   0: 0x80005170 (0x00105eb3) srl     t4, zero, ra
core   0: 3 0x80005170 (0x00105eb3) x29 0x00000000
core   0: 0x80005174 (0x0141d0b3) srl     ra, gp, s4
core   0: 3 0x80005174 (0x0141d0b3) x1  0x549b08b3
core   0: 0x80005178 (0x0000829d) c.srli  a3, 7
core   0: 3 0x80005178 (0x829d) x13 0x01ffffff
core   0: 0x8000517a (0x00000001) c.nop
core   0: 3 0x8000517a (0x0001)
core   0: 0x8000517c (0x00008e55) c.or    a2, a3
core   0: 3 0x8000517c (0x8e55) x12 0x01ffffff
core   0: 0x8000517e (0x036a9063) bne     s5, s6, pc + 32
core   0: 3 0x8000517e (0x036a9063)
core   0: 0x8000519e (0x03a7eb33) rem     s6, a5, s10
core   0: 3 0x8000519e (0x03a7eb33) x22 0x00000000
core   0: 0x800051a2 (0x034a3233) mulhu   tp, s4, s4
core   0: 3 0x800051a2 (0x034a3233) x4  0x00000000
core   0: 0x800051a6 (0x014b57b3) srl     a5, s6, s4
core   0: 3 0x800051a6 (0x014b57b3) x15 0x00000000
core   0: 0x800051aa (0x00008e3d) c.xor   a2, a5
core   0: 3 0x800051aa (0x8e3d) x12 0x01ffffff
core   0: 0x800051ac (0x00cc9bb3) sll     s7, s9, a2
core   0: 3 0x800051ac (0x00cc9bb3) x23 0x00000000
core   0: 0x800051b0 (0x095ed363) bge     t4, s5, pc + 134
core   0: 3 0x800051b0 (0x095ed363)
core   0: 0x80005236 (0x00008f75) c.and   a4, a3
core   0: 3 0x80005236 (0x8f75) x14 0x01e45f80
core   0: 0x80005238 (0x0000611d) c.addi16sp sp, 416
core   0: 3 0x80005238 (0x611d) x2  0x0000b819
core   0: 0x8000523a (0x00000b85) c.addi  s7, 1
core   0: 3 0x8000523a (0x0b85) x23 0x00000001
core   0: 0x8000523c (0x00008635) c.srai  a2, 13
core   0: 3 0x8000523c (0x8635) x12 0x00000fff
core   0: 0x8000523e (0x02237063) bgeu    t1, sp, pc + 32
core   0: 3 0x8000523e (0x02237063)
core   0: 0x8000525e (0x00004f19) c.li    t5, 6
core   0: 3 0x8000525e (0x4f19) x30 0x00000006
core   0: 0x80005260 (0xc0a16a13) ori     s4, sp, -1014
core   0: 3 0x80005260 (0xc0a16a13) x20 0xfffffc1b
core   0: 0x80005264 (0x00000c91) c.addi  s9, 4
core   0: 3 0x80005264 (0x0c91) x25 0x00001004
core   0: 0x80005266 (0x0353cbb3) div     s7, t2, s5
core   0: 3 0x80005266 (0x0353cbb3) x23 0x00000000
core   0: 0x8000526a (0x00009136) c.add   sp, a3
core   0: 3 0x8000526a (0x9136) x2  0x0200b818
core   0: 0x8000526c (0x00008cf1) c.and   s1, a2
core   0: 3 0x8000526c (0x8cf1) x9  0x00000000
core   0: 0x8000526e (0x000084ca) c.mv    s1, s2
core   0: 3 0x8000526e (0x84ca) x9  0x00000005
core   0: 0x80005270 (0x00008db1) c.xor   a1, a2
core   0: 3 0x80005270 (0x8db1) x11 0x00000ff9
core   0: 0x80005272 (0x000001c6) c.slli  gp, 17
core   0: 3 0x80005272 (0x01c6) x3  0x22cc0000
core   0: 0x80005274 (0x02b85bb3) divu    s7, a6, a1
core   0: 3 0x80005274 (0x02b85bb3) x23 0x00080381
core   0: 0x80005278 (0x000069e9) c.lui   s3, 0x1a
core   0: 3 0x80005278 (0x69e9) x19 0x0001a000
core   0: 0x8000527a (0xc46f8093) addi    ra, t6, -954
core   0: 3 0x8000527a (0xc46f8093) x1  0x7ffffc45
core   0: 0x8000527e (0x00d15713) srli    a4, sp, 13
core   0: 3 0x8000527e (0x00d15713) x14 0x00001005
core   0: 0x80005282 (0x51a09e97) auipc   t4, 0x51a09
core   0: 3 0x80005282 (0x51a09e97) x29 0xd1a0e282
core   0: 0x80005286 (0x03592a33) mulhsu  s4, s2, s5
core   0: 3 0x80005286 (0x03592a33) x20 0x00000002
core   0: 0x8000528a (0x031e5363) bge     t3, a7, pc + 38
core   0: 3 0x8000528a (0x031e5363)
core   0: 0x8000528e (0x01c61f93) slli    t6, a2, 28
core   0: 3 0x8000528e (0x01c61f93) x31 0xf0000000
core   0: 0x80005292 (0x0000cf89) c.beqz  a5, pc + 26
core   0: 3 0x80005292 (0xcf89)
core   0: 0x800052ac (0x04c56063) bltu    a0, a2, pc + 64
core   0: 3 0x800052ac (0x04c56063)
core   0: 0x800052ec (0x024ec9b3) div     s3, t4, tp
core   0: 3 0x800052ec (0x024ec9b3) x19 0xffffffff
core   0: 0x800052f0 (0x00006a2d) c.lui   s4, 0xb
core   0: 3 0x800052f0 (0x6a2d) x20 0x0000b000
core   0: 0x800052f2 (0x00008791) c.srai  a5, 4
core   0: 3 0x800052f2 (0x8791) x15 0x00000000
core   0: 0x800052f4 (0x408c56b3) sra     a3, s8, s0
core   0: 3 0x800052f4 (0x408c56b3) x13 0x00000000
core   0: 0x800052f8 (0x01559993) slli    s3, a1, 21
core   0: 3 0x800052f8 (0x01559993) x19 0xff200000
core   0: 0x800052fc (0xc4258613) addi    a2, a1, -958
core   0: 3 0x800052fc (0xc4258613) x12 0x00000c3b
core   0: 0x80005300 (0x01390963) beq     s2, s3, pc + 18
core   0: 3 0x80005300 (0x01390963)
core   0: 0x80005304 (0x00af47b3) xor     a5, t5, a0
core   0: 3 0x80005304 (0x00af47b3) x15 0x00000006
core   0: 0x80005308 (0x0167d693) srli    a3, a5, 22
core   0: 3 0x80005308 (0x0167d693) x13 0x00000000
core   0: 0x8000530c (0x00008ddd) c.or    a1, a5
core   0: 3 0x8000530c (0x8ddd) x11 0x00000fff
core   0: 0x8000530e (0x022402b3) mul     t0, s0, sp
core   0: 3 0x8000530e (0x022402b3) x5  0xa9029560
core   0: 0x80005312 (0x01e7bf33) sltu    t5, a5, t5
core   0: 3 0x80005312 (0x01e7bf33) x30 0x00000000
core   0: 0x80005316 (0x023569b3) rem     s3, a0, gp
core   0: 3 0x80005316 (0x023569b3) x19 0x00000000
core   0: 0x8000531a (0x00086563) bltu    a6, zero, pc + 10
core   0: 3 0x8000531a (0x00086563)
core   0: 0x8000531e (0x0000e695) c.bnez  a3, pc + 44
core   0: 3 0x8000531e (0xe695)
core   0: 0x80005320 (0x000fef63) bltu    t6, zero, pc + 30
core   0: 3 0x80005320 (0x000fef63)
core   0: 0x80005324 (0x00008f25) c.xor   a4, s1
core   0: 3 0x80005324 (0x8f25) x14 0x00001000
core   0: 0x80005326 (0x01cb5f13) srli    t5, s6, 28
core   0: 3 0x80005326 (0x01cb5f13) x30 0x00000000
core   0: 0x8000532a (0x000099fd) c.andi  a1, -1
core   0: 3 0x8000532a (0x99fd) x11 0x00000fff
core   0: 0x8000532c (0x02cd4bb3) div     s7, s10, a2
core   0: 3 0x8000532c (0x02cd4bb3) x23 0x00000000
core   0: 0x80005330 (0x1d7d3993) sltiu   s3, s10, 471
core   0: 3 0x80005330 (0x1d7d3993) x19 0x00000001
core   0: 0x80005334 (0x00000b39) c.addi  s6, 14
core   0: 3 0x80005334 (0x0b39) x22 0x0000000e
core   0: 0x80005336 (0x036b59b3) divu    s3, s6, s6
core   0: 3 0x80005336 (0x036b59b3) x19 0x00000001
core   0: 0x8000533a (0x02039db3) mulh    s11, t2, zero
core   0: 3 0x8000533a (0x02039db3) x27 0x00000000
core   0: 0x8000533e (0x01935463) bge     t1, s9, pc + 8
core   0: 3 0x8000533e (0x01935463)
core   0: 0x80005342 (0xd275e997) auipc   s3, 0xd275e
core   0: 3 0x80005342 (0xd275e997) x19 0x52763342
core   0: 0x80005346 (0x042aa8b7) lui     a7, 0x42aa
core   0: 3 0x80005346 (0x042aa8b7) x17 0x042aa000
core   0: 0x8000534a (0x023dd463) bge     s11, gp, pc + 40
core   0: 3 0x8000534a (0x023dd463)
core   0: 0x8000534e (0x00e1dd93) srli    s11, gp, 14
core   0: 3 0x8000534e (0x00e1dd93) x27 0x00008b30
core   0: 0x80005352 (0x0000858d) c.srai  a1, 3
core   0: 3 0x80005352 (0x858d) x11 0x000001ff
core   0: 0x80005354 (0x02a20863) beq     tp, a0, pc + 48
core   0: 3 0x80005354 (0x02a20863)
core   0: 0x80005384 (0x02d66b33) rem     s6, a2, a3
core   0: 3 0x80005384 (0x02d66b33) x22 0x00000c3b
core   0: 0x80005388 (0x0112cc33) xor     s8, t0, a7
core   0: 3 0x80005388 (0x0112cc33) x24 0xad283560
core   0: 0x8000538c (0x00008d5d) c.or    a0, a5
core   0: 3 0x8000538c (0x8d5d) x10 0x00000006
core   0: 0x8000538e (0x00008e7d) c.and   a2, a5
core   0: 3 0x8000538e (0x8e7d) x12 0x00000002
core   0: 0x80005390 (0x03cc7cb3) remu    s9, s8, t3
core   0: 3 0x80005390 (0x03cc7cb3) x25 0xad283560
core   0: 0x80005394 (0x000060e1) c.lui   ra, 0x18
core   0: 3 0x80005394 (0x60e1) x1  0x00018000
core   0: 0x80005396 (0x01a7eeb3) or      t4, a5, s10
core   0: 3 0x80005396 (0x01a7eeb3) x29 0x00000186
core   0: 0x8000539a (0x03c313b3) mulh    t2, t1, t3
core   0: 3 0x8000539a (0x03c313b3) x7  0x00000000
core   0: 0x8000539e (0x0000527d) c.li    tp, -1
core   0: 3 0x8000539e (0x527d) x4  0xffffffff
core   0: 0x800053a0 (0x00008c85) c.sub   s1, s1
core   0: 3 0x800053a0 (0x8c85) x9  0x00000000
core   0: 0x800053a2 (0x00000ea2) c.slli  t4, 8
core   0: 3 0x800053a2 (0x0ea2) x29 0x00018600
core   0: 0x800053a4 (0x018f0cb3) add     s9, t5, s8
core   0: 3 0x800053a4 (0x018f0cb3) x25 0xad283560
core   0: 0x800053a8 (0x03556733) rem     a4, a0, s5
core   0: 3 0x800053a8 (0x03556733) x14 0x00000006
core   0: 0x800053ac (0x02d01d33) mulh    s10, zero, a3
core   0: 3 0x800053ac (0x02d01d33) x26 0x00000000
core   0: 0x800053b0 (0x40725713) srai    a4, tp, 7
core   0: 3 0x800053b0 (0x40725713) x14 0xffffffff
core   0: 0x800053b4 (0x00000001) c.nop
core   0: 3 0x800053b4 (0x0001)
core   0: 0x800053b6 (0x6e45ae93) slti    t4, a1, 1764
core   0: 3 0x800053b6 (0x6e45ae93) x29 0x00000001
core   0: 0x800053ba (0x415956b3) sra     a3, s2, s5
core   0: 3 0x800053ba (0x415956b3) x13 0x00000000
core   0: 0x800053be (0x037f2eb3) mulhsu  t4, t5, s7
core   0: 3 0x800053be (0x037f2eb3) x29 0x00000000
core   0: 0x800053c2 (0x03f900b3) mul     ra, s2, t6
core   0: 3 0x800053c2 (0x03f900b3) x1  0xb0000000
core   0: 0x800053c6 (0x02f59b33) mulh    s6, a1, a5
core   0: 3 0x800053c6 (0x02f59b33) x22 0x00000000
core   0: 0x800053ca (0x0262bb33) mulhu   s6, t0, t1
core   0: 3 0x800053ca (0x0262bb33) x22 0xa9029471
core   0: 0x800053ce (0x03aae063) bltu    s5, s10, pc + 32
core   0: 3 0x800053ce (0x03aae063)
core   0: 0x800053d2 (0x019e9e63) bne     t4, s9, pc + 28
core   0: 3 0x800053d2 (0x019e9e63)
core   0: 0x800053ee (0x053b4263) blt     s6, s3, pc + 68
core   0: 3 0x800053ee (0x053b4263)
core   0: 0x80005432 (0x02fcf463) bgeu    s9, a5, pc + 40
core   0: 3 0x80005432 (0x02fcf463)
core   0: 0x8000545a (0x0000e685) c.bnez  a3, pc + 40
core   0: 3 0x8000545a (0xe685)
core   0: 0x8000545c (0x00cca2b3) slt     t0, s9, a2
core   0: 3 0x8000545c (0x00cca2b3) x5  0x00000001
core   0: 0x80005460 (0x034fb333) mulhu   t1, t6, s4
core   0: 3 0x80005460 (0x034fb333) x6  0x0000a500
core   0: 0x80005464 (0x6f0fd537) lui     a0, 0x6f0fd
core   0: 3 0x80005464 (0x6f0fd537) x10 0x6f0fd000
core   0: 0x80005468 (0x000089b5) c.andi  a1, 13
core   0: 3 0x80005468 (0x89b5) x11 0x0000000d
core   0: 0x8000546a (0x431a8213) addi    tp, s5, 1073
core   0: 3 0x8000546a (0x431a8213) x4  0x80026295
core   0: 0x8000546e (0x01350463) beq     a0, s3, pc + 8
core   0: 3 0x8000546e (0x01350463)
core   0: 0x80005472 (0x02576363) bltu    a4, t0, pc + 38
core   0: 3 0x80005472 (0x02576363)
core   0: 0x80005476 (0x41f459b3) sra     s3, s0, t6
core   0: 3 0x80005476 (0x41f459b3) x19 0x80029ce4
core   0: 0x8000547a (0x01786533) or      a0, a6, s7
core   0: 3 0x8000547a (0x01786533) x10 0x80000000
core   0: 0x8000547e (0x01970b33) add     s6, a4, s9
core   0: 3 0x8000547e (0x01970b33) x22 0xad28355f
core   0: 0x80005482 (0x01129d13) slli    s10, t0, 17
core   0: 3 0x80005482 (0x01129d13) x26 0x00020000
core   0: 0x80005486 (0x036c7533) remu    a0, s8, s6
core   0: 3 0x80005486 (0x036c7533) x10 0x00000001
core   0: 0x8000548a (0x02a3e7b3) rem     a5, t2, a0
core   0: 3 0x8000548a (0x02a3e7b3) x15 0x00000000
core   0: 0x8000548e (0x025b83b3) mul     t2, s7, t0
core   0: 3 0x8000548e (0x025b83b3) x7  0x00000000
core   0: 0x80005492 (0x0000ee09) c.bnez  a2, pc + 26
core   0: 3 0x80005492 (0xee09)
core   0: 0x800054ac (0x00006cc1) c.lui   s9, 0x10
core   0: 3 0x800054ac (0x6cc1) x25 0x00010000
core   0: 0x800054ae (0x00008f56) c.mv    t5, s5
core   0: 3 0x800054ae (0x8f56) x30 0x80025e64
core   0: 0x800054b0 (0x403b5913) srai    s2, s6, 3
core   0: 3 0x800054b0 (0x403b5913) x18 0xf5a506ab
core   0: 0x800054b4 (0x00008d31) c.xor   a0, a2
core   0: 3 0x800054b4 (0x8d31) x10 0x00000003
core   0: 0x800054b6 (0x0232f663) bgeu    t0, gp, pc + 44
core   0: 3 0x800054b6 (0x0232f663)
core   0: 0x800054ba (0x000080ad) c.srli  s1, 11
core   0: 3 0x800054ba (0x80ad) x9  0x00000000
core   0: 0x800054bc (0x000047e9) c.li    a5, 26
core   0: 3 0x800054bc (0x47e9) x15 0x0000001a
core   0: 0x800054be (0x02a0fc33) remu    s8, ra, a0
core   0: 3 0x800054be (0x02a0fc33) x24 0x00000002
core   0: 0x800054c2 (0x00008e9e) c.mv    t4, t2
core   0: 3 0x800054c2 (0x8e9e) x29 0x00000000
core   0: 0x800054c4 (0x08b1dc17) auipc   s8, 0x8b1d
core   0: 3 0x800054c4 (0x08b1dc17) x24 0x88b224c4
core   0: 0x800054c8 (0x0058efb3) or      t6, a7, t0
core   0: 3 0x800054c8 (0x0058efb3) x31 0x042aa001
core   0: 0x800054cc (0x00008165) c.srli  a0, 25
core   0: 3 0x800054cc (0x8165) x10 0x00000000
core   0: 0x800054ce (0x00ae9763) bne     t4, a0, pc + 14
core   0: 3 0x800054ce (0x00ae9763)
core   0: 0x800054d2 (0x00008d25) c.xor   a0, s1
core   0: 3 0x800054d2 (0x8d25) x10 0x00000000
core   0: 0x800054d4 (0x0000717d) c.addi16sp sp, -16
core   0: 3 0x800054d4 (0x717d) x2  0x0200b808
core   0: 0x800054d6 (0x45a99517) auipc   a0, 0x45a99
core   0: 3 0x800054d6 (0x45a99517) x10 0xc5a9e4d6
core   0: 0x800054da (0x00009afd) c.andi  a3, -1
core   0: 3 0x800054da (0x9afd) x13 0x00000000
core   0: 0x800054dc (0x0000895d) c.andi  a0, 23
core   0: 3 0x800054dc (0x895d) x10 0x00000016
core   0: 0x800054de (0x02e13533) mulhu   a0, sp, a4
core   0: 3 0x800054de (0x02e13533) x10 0x0200b807
core   0: 0x800054e2 (0x00008ef1) c.and   a3, a2
core   0: 3 0x800054e2 (0x8ef1) x13 0x00000000
core   0: 0x800054e4 (0x00000001) c.nop
core   0: 3 0x800054e4 (0x0001)
core   0: 0x800054e6 (0x5edc3013) sltiu   zero, s8, 1517
core   0: 3 0x800054e6 (0x5edc3013)
core   0: 0x800054ea (0x0303d2b3) divu    t0, t2, a6
core   0: 3 0x800054ea (0x0303d2b3) x5  0x00000000
core   0: 0x800054ee (0x234cae13) slti    t3, s9, 564
core   0: 3 0x800054ee (0x234cae13) x28 0x00000000
core   0: 0x800054f2 (0x2e35e7b7) lui     a5, 0x2e35e
core   0: 3 0x800054f2 (0x2e35e7b7) x15 0x2e35e000
core   0: 0x800054f6 (0x00000001) c.nop
core   0: 3 0x800054f6 (0x0001)
core   0: 0x800054f8 (0x037246b3) div     a3, tp, s7
core   0: 3 0x800054f8 (0x037246b3) x13 0xffffffff
core   0: 0x800054fc (0x00008cae) c.mv    s9, a1
core   0: 3 0x800054fc (0x8cae) x25 0x0000000d
core   0: 0x800054fe (0x05a6b493) sltiu   s1, a3, 90
core   0: 3 0x800054fe (0x05a6b493) x9  0x00000000
core   0: 0x80005502 (0x000050f1) c.li    ra, -4
core   0: 3 0x80005502 (0x50f1) x1  0xfffffffc
core   0: 0x80005504 (0x000041b1) c.li    gp, 12
core   0: 3 0x80005504 (0x41b1) x3  0x0000000c
core   0: 0x80005506 (0x41f98c33) sub     s8, s3, t6
core   0: 3 0x80005506 (0x41f98c33) x24 0x7bd7fce3
core   0: 0x8000550a (0x000000a5) c.addi  ra, 9
core   0: 3 0x8000550a (0x00a5) x1  0x00000005
core   0: 0x8000550c (0x02e2fe33) remu    t3, t0, a4
core   0: 3 0x8000550c (0x02e2fe33) x28 0x00000000
core   0: 0x80005510 (0xfe30cbe3) blt     ra, gp, pc - 10
core   0: 3 0x80005510 (0xfe30cbe3)
core   0: 0x80005506 (0x41f98c33) sub     s8, s3, t6
core   0: 3 0x80005506 (0x41f98c33) x24 0x7bd7fce3
core   0: 0x8000550a (0x000000a5) c.addi  ra, 9
core   0: 3 0x8000550a (0x00a5) x1  0x0000000e
core   0: 0x8000550c (0x02e2fe33) remu    t3, t0, a4
core   0: 3 0x8000550c (0x02e2fe33) x28 0x00000000
core   0: 0x80005510 (0xfe30cbe3) blt     ra, gp, pc - 10
core   0: 3 0x80005510 (0xfe30cbe3)
core   0: 0x80005514 (0x00008e05) c.sub   a2, s1
core   0: 3 0x80005514 (0x8e05) x12 0x00000002
core   0: 0x80005516 (0xb1695537) lui     a0, 0xb1695
core   0: 3 0x80005516 (0xb1695537) x10 0xb1695000
core   0: 0x8000551a (0x00000001) c.nop
core   0: 3 0x8000551a (0x0001)
core   0: 0x8000551c (0x00008ed5) c.or    a3, a3
core   0: 3 0x8000551c (0x8ed5) x13 0xffffffff
core   0: 0x8000551e (0x00006c15) c.lui   s8, 0x5
core   0: 3 0x8000551e (0x6c15) x24 0x00005000
core   0: 0x80005520 (0x00000001) c.nop
core   0: 3 0x80005520 (0x0001)
core   0: 0x80005522 (0xa921e793) ori     a5, gp, -1390
core   0: 3 0x80005522 (0xa921e793) x15 0xfffffa9e
core   0: 0x80005526 (0x44180b13) addi    s6, a6, 1089
core   0: 3 0x80005526 (0x44180b13) x22 0x80000441
core   0: 0x8000552a (0x028a9563) bne     s5, s0, pc + 42
core   0: 3 0x8000552a (0x028a9563)
core   0: 0x80005554 (0x0327b2b3) mulhu   t0, a5, s2
core   0: 3 0x80005554 (0x0327b2b3) x5  0xf5a50180
core   0: 0x80005558 (0x0000061a) c.slli  a2, 6
core   0: 3 0x80005558 (0x061a) x12 0x00000080
core   0: 0x8000555a (0x00006131) c.addi16sp sp, 320
core   0: 3 0x8000555a (0x6131) x2  0x0200b948
core   0: 0x8000555c (0x03ba2233) mulhsu  tp, s4, s11
core   0: 3 0x8000555c (0x03ba2233) x4  0x00000000
core   0: 0x80005560 (0x71852013) slti    zero, a0, 1816
core   0: 3 0x80005560 (0x71852013)
core   0: 0x80005564 (0x014c2d33) slt     s10, s8, s4
core   0: 3 0x80005564 (0x014c2d33) x26 0x00000001
core   0: 0x80005568 (0x01371193) slli    gp, a4, 19
core   0: 3 0x80005568 (0x01371193) x3  0xfff80000
core   0: 0x8000556c (0x01dd9d13) slli    s10, s11, 29
core   0: 3 0x8000556c (0x01dd9d13) x26 0x00000000
core   0: 0x80005570 (0x410006b3) sub     a3, zero, a6
core   0: 3 0x80005570 (0x410006b3) x13 0x80000000
core   0: 0x80005574 (0x01410d63) beq     sp, s4, pc + 26
core   0: 3 0x80005574 (0x01410d63)
core   0: 0x80005578 (0x00008e5d) c.or    a2, a5
core   0: 3 0x80005578 (0x8e5d) x12 0xfffffa9e
core   0: 0x8000557a (0x0000ca09) c.beqz  a2, pc + 18
core   0: 3 0x8000557a (0xca09)
core   0: 0x8000557c (0x000049fd) c.li    s3, 31
core   0: 3 0x8000557c (0x49fd) x19 0x0000001f
core   0: 0x8000557e (0x000050fd) c.li    ra, -1
core   0: 3 0x8000557e (0x50fd) x1  0xffffffff
core   0: 0x80005580 (0xd3c5ca37) lui     s4, 0xd3c5c
core   0: 3 0x80005580 (0xd3c5ca37) x20 0xd3c5c000
core   0: 0x80005584 (0x009f2733) slt     a4, t5, s1
core   0: 3 0x80005584 (0x009f2733) x14 0x00000001
core   0: 0x80005588 (0x89093713) sltiu   a4, s2, -1904
core   0: 3 0x80005588 (0x89093713) x14 0x00000001
core   0: 0x8000558c (0x0000c219) c.beqz  a2, pc + 6
core   0: 3 0x8000558c (0xc219)
core   0: 0x8000558e (0x5520c893) xori    a7, ra, 1362
core   0: 3 0x8000558e (0x5520c893) x17 0xfffffaad
core   0: 0x80005592 (0x0000c115) c.beqz  a0, pc + 36
core   0: 3 0x80005592 (0xc115)
core   0: 0x80005594 (0xaec90193) addi    gp, s2, -1300
core   0: 3 0x80005594 (0xaec90193) x3  0xf5a50197
core   0: 0x80005598 (0x03b29fb3) mulh    t6, t0, s11
core   0: 3 0x80005598 (0x03b29fb3) x31 0xfffffa5e
core   0: 0x8000559c (0x84dc8593) addi    a1, s9, -1971
core   0: 3 0x8000559c (0x84dc8593) x11 0xfffff85a
core   0: 0x800055a0 (0x01867b63) bgeu    a2, s8, pc + 22
core   0: 3 0x800055a0 (0x01867b63)
core   0: 0x800055b6 (0x000066c5) c.lui   a3, 0x11
core   0: 3 0x800055b6 (0x66c5) x13 0x00011000
core   0: 0x800055b8 (0x00008105) c.srli  a0, 1
core   0: 3 0x800055b8 (0x8105) x10 0x58b4a800
core   0: 0x800055ba (0x03e4f063) bgeu    s1, t5, pc + 32
core   0: 3 0x800055ba (0x03e4f063)
core   0: 0x800055be (0x00006c4d) c.lui   s8, 0x13
core   0: 3 0x800055be (0x6c4d) x24 0x00013000
core   0: 0x800055c0 (0x04d48463) beq     s1, a3, pc + 72
core   0: 3 0x800055c0 (0x04d48463)
core   0: 0x800055c4 (0x03117bb3) remu    s7, sp, a7
core   0: 3 0x800055c4 (0x03117bb3) x23 0x0200b948
core   0: 0x800055c8 (0x00004b41) c.li    s6, 16
core   0: 3 0x800055c8 (0x4b41) x22 0x00000010
core   0: 0x800055ca (0x00000001) c.nop
core   0: 3 0x800055ca (0x0001)
core   0: 0x800055cc (0x0000717d) c.addi16sp sp, -16
core   0: 3 0x800055cc (0x717d) x2  0x0200b938
core   0: 0x800055ce (0x02ae8263) beq     t4, a0, pc + 36
core   0: 3 0x800055ce (0x02ae8263)
core   0: 0x800055d2 (0x41ad5f13) srai    t5, s10, 26
core   0: 3 0x800055d2 (0x41ad5f13) x30 0x00000000
core   0: 0x800055d6 (0x03051563) bne     a0, a6, pc + 42
core   0: 3 0x800055d6 (0x03051563)
core   0: 0x80005600 (0xa6093713) sltiu   a4, s2, -1440
core   0: 3 0x80005600 (0xa6093713) x14 0x00000001
core   0: 0x80005604 (0xbb1e4b37) lui     s6, 0xbb1e4
core   0: 3 0x80005604 (0xbb1e4b37) x22 0xbb1e4000
core   0: 0x80005608 (0x0000717d) c.addi16sp sp, -16
core   0: 3 0x80005608 (0x717d) x2  0x0200b928
core   0: 0x8000560a (0xc299e8b7) lui     a7, 0xc299e
core   0: 3 0x8000560a (0xc299e8b7) x17 0xc299e000
core   0: 0x8000560e (0x030930b3) mulhu   ra, s2, a6
core   0: 3 0x8000560e (0x030930b3) x1  0x7ad28355
core   0: 0x80005612 (0x0274d163) bge     s1, t2, pc + 34
core   0: 3 0x80005612 (0x0274d163)
core   0: 0x80005634 (0x00006159) c.addi16sp sp, 400
core   0: 3 0x80005634 (0x6159) x2  0x0200bab8
core   0: 0x80005636 (0x01f89493) slli    s1, a7, 31
core   0: 3 0x80005636 (0x01f89493) x9  0x00000000
core   0: 0x8000563a (0x057f0363) beq     t5, s7, pc + 70
core   0: 3 0x8000563a (0x057f0363)
core   0: 0x8000563e (0x00000001) c.nop
core   0: 3 0x8000563e (0x0001)
core   0: 0x80005640 (0x03026933) rem     s2, tp, a6
core   0: 3 0x80005640 (0x03026933) x18 0x00000000
core   0: 0x80005644 (0x2be5ed13) ori     s10, a1, 702
core   0: 3 0x80005644 (0x2be5ed13) x26 0xfffffafe
core   0: 0x80005648 (0x037e2533) mulhsu  a0, t3, s7
core   0: 3 0x80005648 (0x037e2533) x10 0x00000000
core   0: 0x8000564c (0x4198dc93) srai    s9, a7, 25
core   0: 3 0x8000564c (0x4198dc93) x25 0xffffffe1
core   0: 0x80005650 (0x0000820d) c.srli  a2, 3
core   0: 3 0x80005650 (0x820d) x12 0x1fffff53
core   0: 0x80005652 (0x00008589) c.srai  a1, 2
core   0: 3 0x80005652 (0x8589) x11 0xfffffe16
core   0: 0x80005654 (0x00000f18) c.addi4spn a4, sp, 912
core   0: 3 0x80005654 (0x0f18) x14 0x0200be48
core   0: 0x80005656 (0x030adfb3) divu    t6, s5, a6
core   0: 3 0x80005656 (0x030adfb3) x31 0x00000001
core   0: 0x8000565a (0x010c6663) bltu    s8, a6, pc + 12
core   0: 3 0x8000565a (0x010c6663)
core   0: 0x80005666 (0x02410cb3) mul     s9, sp, tp
core   0: 3 0x80005666 (0x02410cb3) x25 0x00000000
core   0: 0x8000566a (0x03031763) bne     t1, a6, pc + 46
core   0: 3 0x8000566a (0x03031763)
core   0: 0x80005698 (0x0000e49d) c.bnez  s1, pc + 46
core   0: 3 0x80005698 (0xe49d)
core   0: 0x8000569a (0x03a023b3) mulhsu  t2, zero, s10
core   0: 3 0x8000569a (0x03a023b3) x7  0x00000000
core   0: 0x8000569e (0x00967e33) and     t3, a2, s1
core   0: 3 0x8000569e (0x00967e33) x28 0x00000000
core   0: 0x800056a2 (0x00f455b3) srl     a1, s0, a5
core   0: 3 0x800056a2 (0x00f455b3) x11 0x00000002
core   0: 0x800056a6 (0x0091a233) slt     tp, gp, s1
core   0: 3 0x800056a6 (0x0091a233) x4  0x00000001
core   0: 0x800056aa (0x00000001) c.nop
core   0: 3 0x800056aa (0x0001)
core   0: 0x800056ac (0x43070717) auipc   a4, 0x43070
core   0: 3 0x800056ac (0x43070717) x14 0xc30756ac
core   0: 0x800056b0 (0x01a9a733) slt     a4, s3, s10
core   0: 3 0x800056b0 (0x01a9a733) x14 0x00000000
core   0: 0x800056b4 (0x00008361) c.srli  a4, 24
core   0: 3 0x800056b4 (0x8361) x14 0x00000000
core   0: 0x800056b6 (0x03dd9533) mulh    a0, s11, t4
core   0: 3 0x800056b6 (0x03dd9533) x10 0x00000000
core   0: 0x800056ba (0x00fc9633) sll     a2, s9, a5
core   0: 3 0x800056ba (0x00fc9633) x12 0x00000000
core   0: 0x800056be (0x01e653b3) srl     t2, a2, t5
core   0: 3 0x800056be (0x01e653b3) x7  0x00000000
core   0: 0x800056c2 (0x02876533) rem     a0, a4, s0
core   0: 3 0x800056c2 (0x02876533) x10 0x00000000
core   0: 0x800056c6 (0x0000e719) c.bnez  a4, pc + 14
core   0: 3 0x800056c6 (0xe719)
core   0: 0x800056c8 (0x002f9113) slli    sp, t6, 2
core   0: 3 0x800056c8 (0x002f9113) x2  0x00000004
core   0: 0x800056cc (0x00000e3a) c.slli  t3, 14
core   0: 3 0x800056cc (0x0e3a) x28 0x00000000
core   0: 0x800056ce (0x00000da1) c.addi  s11, 8
core   0: 3 0x800056ce (0x0da1) x27 0x00008b38
core   0: 0x800056d0 (0x026b9fb3) mulh    t6, s7, t1
core   0: 3 0x800056d0 (0x026b9fb3) x31 0x0000014a
core   0: 0x800056d4 (0x00254fb3) xor     t6, a0, sp
core   0: 3 0x800056d4 (0x00254fb3) x31 0x00000004
core   0: 0x800056d8 (0x000058fd) c.li    a7, -1
core   0: 3 0x800056d8 (0x58fd) x17 0xffffffff
core   0: 0x800056da (0x01968233) add     tp, a3, s9
core   0: 3 0x800056da (0x01968233) x4  0x00011000
core   0: 0x800056de (0x67af0713) addi    a4, t5, 1658
core   0: 3 0x800056de (0x67af0713) x14 0x0000067a
core   0: 0x800056e2 (0x000061a5) c.lui   gp, 0x9
core   0: 3 0x800056e2 (0x61a5) x3  0x00009000
core   0: 0x800056e4 (0x00577f33) and     t5, a4, t0
core   0: 3 0x800056e4 (0x00577f33) x30 0x00000000
core   0: 0x800056e8 (0x0000690d) c.lui   s2, 0x3
core   0: 3 0x800056e8 (0x690d) x18 0x00003000
core   0: 0x800056ea (0x0236d663) bge     a3, gp, pc + 44
core   0: 3 0x800056ea (0x0236d663)
core   0: 0x80005716 (0x01a904b3) add     s1, s2, s10
core   0: 3 0x80005716 (0x01a904b3) x9  0x00002afe
core   0: 0x8000571a (0x41215a33) sra     s4, sp, s2
core   0: 3 0x8000571a (0x41215a33) x20 0x00000004
core   0: 0x8000571e (0x00a91463) bne     s2, a0, pc + 8
core   0: 3 0x8000571e (0x00a91463)
core   0: 0x80005726 (0x00000001) c.nop
core   0: 3 0x80005726 (0x0001)
core   0: 0x80005728 (0x03b089b3) mul     s3, ra, s11
core   0: 3 0x80005728 (0x03b089b3) x19 0x2b5be198
core   0: 0x8000572c (0x0000c1b1) c.beqz  a1, pc + 68
core   0: 3 0x8000572c (0xc1b1)
core   0: 0x8000572e (0x00008d55) c.or    a0, a3
core   0: 3 0x8000572e (0x8d55) x10 0x00011000
core   0: 0x80005730 (0x02ff8863) beq     t6, a5, pc + 48
core   0: 3 0x80005730 (0x02ff8863)
core   0: 0x80005734 (0x02940f33) mul     t5, s0, s1
core   0: 3 0x80005734 (0x02940f33) x30 0x70551238
core   0: 0x80005738 (0x00008705) c.srai  a4, 1
core   0: 3 0x80005738 (0x8705) x14 0x0000033d
core   0: 0x8000573a (0x40915593) srai    a1, sp, 9
core   0: 3 0x8000573a (0x40915593) x11 0x00000000
core   0: 0x8000573e (0x02cca033) mulhsu  zero, s9, a2
core   0: 3 0x8000573e (0x02cca033)
core   0: 0x80005742 (0x03455333) divu    t1, a0, s4
core   0: 3 0x80005742 (0x03455333) x6  0x00004400
core   0: 0x80005746 (0x7733bd13) sltiu   s10, t2, 1907
core   0: 3 0x80005746 (0x7733bd13) x26 0x00000001
core   0: 0x8000574a (0x41198fb3) sub     t6, s3, a7
core   0: 3 0x8000574a (0x41198fb3) x31 0x2b5be199
core   0: 0x8000574e (0x00560963) beq     a2, t0, pc + 18
core   0: 3 0x8000574e (0x00560963)
core   0: 0x80005752 (0x018afe33) and     t3, s5, s8
core   0: 3 0x80005752 (0x018afe33) x28 0x00001000
core   0: 0x80005756 (0x06cd4493) xori    s1, s10, 108
core   0: 3 0x80005756 (0x06cd4493) x9  0x0000006d
core   0: 0x8000575a (0x0000048e) c.slli  s1, 3
core   0: 3 0x8000575a (0x048e) x9  0x00000368
core   0: 0x8000575c (0x00329733) sll     a4, t0, gp
core   0: 3 0x8000575c (0x00329733) x14 0xf5a50180
core   0: 0x80005760 (0x0000c295) c.beqz  a3, pc + 36
core   0: 3 0x80005760 (0xc295)
core   0: 0x80005762 (0x00004911) c.li    s2, 4
core   0: 3 0x80005762 (0x4911) x18 0x00000004
core   0: 0x80005764 (0x00c2a5b3) slt     a1, t0, a2
core   0: 3 0x80005764 (0x00c2a5b3) x11 0x00000001
core   0: 0x80005768 (0x337f7713) andi    a4, t5, 823
core   0: 3 0x80005768 (0x337f7713) x14 0x00000230
core   0: 0x8000576c (0x03ad7033) remu    zero, s10, s10
core   0: 3 0x8000576c (0x03ad7033)
core   0: 0x80005770 (0x01026f63) bltu    tp, a6, pc + 30
core   0: 3 0x80005770 (0x01026f63)
core   0: 0x8000578e (0x00000001) c.nop
core   0: 3 0x8000578e (0x0001)
core   0: 0x80005790 (0x00001bfd) c.addi  s7, -1
core   0: 3 0x80005790 (0x1bfd) x23 0x0200b947
core   0: 0x80005792 (0x00000001) c.nop
core   0: 3 0x80005792 (0x0001)
core   0: 0x80005794 (0x0000e395) c.bnez  a5, pc + 36
core   0: 3 0x80005794 (0xe395)
core   0: 0x800057b8 (0x00000001) c.nop
core   0: 3 0x800057b8 (0x0001)
core   0: 0x800057ba (0x9f7a2293) slti    t0, s4, -1545
core   0: 3 0x800057ba (0x9f7a2293) x5  0x00000000
core   0: 0x800057be (0x0489cb63) blt     s3, s0, pc + 86
core   0: 3 0x800057be (0x0489cb63)
core   0: 0x800057c2 (0x03e368b3) rem     a7, t1, t5
core   0: 3 0x800057c2 (0x03e368b3) x17 0x00004400
core   0: 0x800057c6 (0x00000001) c.nop
core   0: 3 0x800057c6 (0x0001)
core   0: 0x800057c8 (0xa7036713) ori     a4, t1, -1424
core   0: 3 0x800057c8 (0xa7036713) x14 0xfffffe70
core   0: 0x800057cc (0x02dced63) bltu    s9, a3, pc + 58
core   0: 3 0x800057cc (0x02dced63)
core   0: 0x80005806 (0x00000001) c.nop
core   0: 3 0x80005806 (0x0001)
core   0: 0x80005808 (0x00d7b2b3) sltu    t0, a5, a3
core   0: 3 0x80005808 (0x00d7b2b3) x5  0x00000000
core   0: 0x8000580c (0x024ec863) blt     t4, tp, pc + 48
core   0: 3 0x8000580c (0x024ec863)
core   0: 0x8000583c (0x405ed3b3) sra     t2, t4, t0
core   0: 3 0x8000583c (0x405ed3b3) x7  0x00000000
core   0: 0x80005840 (0x00000001) c.nop
core   0: 3 0x80005840 (0x0001)
core   0: 0x80005842 (0x416dd993) srai    s3, s11, 22
core   0: 3 0x80005842 (0x416dd993) x19 0x00000000
core   0: 0x80005846 (0x036fc463) blt     t6, s6, pc + 40
core   0: 3 0x80005846 (0x036fc463)
core   0: 0x8000584a (0x00000da2) c.slli  s11, 8
core   0: 3 0x8000584a (0x0da2) x27 0x008b3800
core   0: 0x8000584c (0x00b2f333) and     t1, t0, a1
core   0: 3 0x8000584c (0x00b2f333) x6  0x00000000
core   0: 0x80005850 (0x01d19213) slli    tp, gp, 29
core   0: 3 0x80005850 (0x01d19213) x4  0x00000000
core   0: 0x80005854 (0x01605593) srli    a1, zero, 22
core   0: 3 0x80005854 (0x01605593) x11 0x00000000
core   0: 0x80005858 (0x01ca5d63) bge     s4, t3, pc + 26
core   0: 3 0x80005858 (0x01ca5d63)
core   0: 0x8000585c (0x8fefed97) auipc   s11, 0x8fefe
core   0: 3 0x8000585c (0x8fefed97) x27 0x0ff0385c
core   0: 0x80005860 (0x4e8d8913) addi    s2, s11, 1256
core   0: 3 0x80005860 (0x4e8d8913) x18 0x0ff03d44
core   0: 0x80005864 (0x0000866d) c.srai  a2, 27
core   0: 3 0x80005864 (0x866d) x12 0x00000000
core   0: 0x80005866 (0x016e7363) bgeu    t3, s6, pc + 6
core   0: 3 0x80005866 (0x016e7363)
core   0: 0x8000586a (0x00009eee) c.add   t4, s11
core   0: 3 0x8000586a (0x9eee) x29 0x0ff0385c
core   0: 0x8000586c (0x00008341) c.srli  a4, 16
core   0: 3 0x8000586c (0x8341) x14 0x0000ffff
core   0: 0x8000586e (0x00f8dd33) srl     s10, a7, a5
core   0: 3 0x8000586e (0x00f8dd33) x26 0x00000000
core   0: 0x80005872 (0x5025fe93) andi    t4, a1, 1282
core   0: 3 0x80005872 (0x5025fe93) x29 0x00000000
core   0: 0x80005876 (0x00008d11) c.sub   a0, a2
core   0: 3 0x80005876 (0x8d11) x10 0x00011000
core   0: 0x80005878 (0x02900f63) beq     zero, s1, pc + 62
core   0: 3 0x80005878 (0x02900f63)
core   0: 0x8000587c (0x0217b9b3) mulhu   s3, a5, ra
core   0: 3 0x8000587c (0x0217b9b3) x19 0x7ad280bf
core   0: 0x80005880 (0x00008d65) c.and   a0, s1
core   0: 3 0x80005880 (0x8d65) x10 0x00000000
core   0: 0x80005882 (0x00008d69) c.and   a0, a0
core   0: 3 0x80005882 (0x8d69) x10 0x00000000
core   0: 0x80005884 (0x03ba9063) bne     s5, s11, pc + 32
core   0: 3 0x80005884 (0x03ba9063)
core   0: 0x800058a4 (0x035baf33) mulhsu  t5, s7, s5
core   0: 3 0x800058a4 (0x035baf33) x30 0x01006161
core   0: 0x800058a8 (0x00004a51) c.li    s4, 20
core   0: 3 0x800058a8 (0x4a51) x20 0x00000014
core   0: 0x800058aa (0x0000060e) c.slli  a2, 3
core   0: 3 0x800058aa (0x060e) x12 0x00000000
core   0: 0x800058ac (0x0000816d) c.srli  a0, 27
core   0: 3 0x800058ac (0x816d) x10 0x00000000
core   0: 0x800058ae (0x404d5e93) srai    t4, s10, 4
core   0: 3 0x800058ae (0x404d5e93) x29 0x00000000
core   0: 0x800058b2 (0x02193f93) sltiu   t6, s2, 33
core   0: 3 0x800058b2 (0x02193f93) x31 0x00000000
core   0: 0x800058b6 (0x00fef363) bgeu    t4, a5, pc + 6
core   0: 3 0x800058b6 (0x00fef363)
core   0: 0x800058ba (0x00000001) c.nop
core   0: 3 0x800058ba (0x0001)
core   0: 0x800058bc (0x01dd0033) add     zero, s10, t4
core   0: 3 0x800058bc (0x01dd0033)
core   0: 0x800058c0 (0x00006109) c.addi16sp sp, 128
core   0: 3 0x800058c0 (0x6109) x2  0x00000084
core   0: 0x800058c2 (0x010fe233) or      tp, t6, a6
core   0: 3 0x800058c2 (0x010fe233) x4  0x80000000
core   0: 0x800058c6 (0x01e2ef33) or      t5, t0, t5
core   0: 3 0x800058c6 (0x01e2ef33) x30 0x01006161
core   0: 0x800058ca (0x0000633d) c.lui   t1, 0xf
core   0: 3 0x800058ca (0x633d) x6  0x0000f000
core   0: 0x800058cc (0x1f204a17) auipc   s4, 0x1f204
core   0: 3 0x800058cc (0x1f204a17) x20 0x9f2098cc
core   0: 0x800058d0 (0x00008f52) c.mv    t5, s4
core   0: 3 0x800058d0 (0x8f52) x30 0x9f2098cc
core   0: 0x800058d2 (0x03dcef33) rem     t5, s9, t4
core   0: 3 0x800058d2 (0x03dcef33) x30 0x00000000
core   0: 0x800058d6 (0x988a8013) addi    zero, s5, -1656
core   0: 3 0x800058d6 (0x988a8013)
core   0: 0x800058da (0x39b6a893) slti    a7, a3, 923
core   0: 3 0x800058da (0x39b6a893) x17 0x00000000
core   0: 0x800058de (0x851ffb93) andi    s7, t6, -1967
core   0: 3 0x800058de (0x851ffb93) x23 0x00000000
core   0: 0x800058e2 (0xce6c0b93) addi    s7, s8, -794
core   0: 3 0x800058e2 (0xce6c0b93) x23 0x00012ce6
core   0: 0x800058e6 (0x02a1f7b3) remu    a5, gp, a0
core   0: 3 0x800058e6 (0x02a1f7b3) x15 0x00009000
core   0: 0x800058ea (0x0116e533) or      a0, a3, a7
core   0: 3 0x800058ea (0x0116e533) x10 0x00011000
core   0: 0x800058ee (0x02205fb3) divu    t6, zero, sp
core   0: 3 0x800058ee (0x02205fb3) x31 0x00000000
core   0: 0x800058f2 (0x01fc7733) and     a4, s8, t6
core   0: 3 0x800058f2 (0x01fc7733) x14 0x00000000
core   0: 0x800058f6 (0x405c85b3) sub     a1, s9, t0
core   0: 3 0x800058f6 (0x405c85b3) x11 0x00000000
core   0: 0x800058fa (0x01491733) sll     a4, s2, s4
core   0: 3 0x800058fa (0x01491733) x14 0x03d44000
core   0: 0x800058fe (0x03ae0e63) beq     t3, s10, pc + 60
core   0: 3 0x800058fe (0x03ae0e63)
core   0: 0x80005902 (0x00000001) c.nop
core   0: 3 0x80005902 (0x0001)
core   0: 0x80005904 (0x0000c785) c.beqz  a5, pc + 40
core   0: 3 0x80005904 (0xc785)
core   0: 0x80005906 (0x00000001) c.nop
core   0: 3 0x80005906 (0x0001)
core   0: 0x80005908 (0x0148a7b3) slt     a5, a7, s4
core   0: 3 0x80005908 (0x0148a7b3) x15 0x00000000
core   0: 0x8000590c (0xddef3113) sltiu   sp, t5, -546
core   0: 3 0x8000590c (0xddef3113) x2  0x00000001
core   0: 0x80005910 (0x002b20b3) slt     ra, s6, sp
core   0: 3 0x80005910 (0x002b20b3) x1  0x00000001
core   0: 0x80005914 (0x00000be6) c.slli  s7, 25
core   0: 3 0x80005914 (0x0be6) x23 0xcc000000
core   0: 0x80005916 (0x00fe9463) bne     t4, a5, pc + 8
core   0: 3 0x80005916 (0x00fe9463)
core   0: 0x8000591a (0x00000fae) c.slli  t6, 11
core   0: 3 0x8000591a (0x0fae) x31 0x00000000
core   0: 0x8000591c (0x00008ce1) c.and   s1, s0
core   0: 3 0x8000591c (0x8ce1) x9  0x00000060
core   0: 0x8000591e (0x03d56163) bltu    a0, t4, pc + 34
core   0: 3 0x8000591e (0x03d56163)
core   0: 0x80005922 (0x643072b7) lui     t0, 0x64307
core   0: 3 0x80005922 (0x643072b7) x5  0x64307000
core   0: 0x80005926 (0x01264c33) xor     s8, a2, s2
core   0: 3 0x80005926 (0x01264c33) x24 0x0ff03d44
core   0: 0x8000592a (0x00001c10) c.addi4spn a2, sp, 560
core   0: 3 0x8000592a (0x1c10) x12 0x00000231
core   0: 0x8000592c (0x0000128c) c.addi4spn a1, sp, 352
core   0: 3 0x8000592c (0x128c) x11 0x00000161
core   0: 0x8000592e (0x28de6113) ori     sp, t3, 653
core   0: 3 0x8000592e (0x28de6113) x2  0x0000128d
core   0: 0x80005932 (0x039c0d33) mul     s10, s8, s9
core   0: 3 0x80005932 (0x039c0d33) x26 0x00000000
core   0: 0x80005936 (0x0000eb85) c.bnez  a5, pc + 48
core   0: 3 0x80005936 (0xeb85)
core   0: 0x80005938 (0x00000b71) c.addi  s6, 28
core   0: 3 0x80005938 (0x0b71) x22 0xbb1e401c
core   0: 0x8000593a (0x411b8033) sub     zero, s7, a7
core   0: 3 0x8000593a (0x411b8033)
core   0: 0x8000593e (0x00006929) c.lui   s2, 0xa
core   0: 3 0x8000593e (0x6929) x18 0x0000a000
core   0: 0x80005940 (0x01f8af33) slt     t5, a7, t6
core   0: 3 0x80005940 (0x01f8af33) x30 0x00000000
core   0: 0x80005944 (0x00008356) c.mv    t1, s5
core   0: 3 0x80005944 (0x8356) x6  0x80025e64
core   0: 0x80005946 (0x00000905) c.addi  s2, 1
core   0: 3 0x80005946 (0x0905) x18 0x0000a001
core   0: 0x80005948 (0x03ebf8b3) remu    a7, s7, t5
core   0: 3 0x80005948 (0x03ebf8b3) x17 0xcc000000
core   0: 0x8000594c (0x00000ffe) c.slli  t6, 31
core   0: 3 0x8000594c (0x0ffe) x31 0x00000000
core   0: 0x8000594e (0x012874b3) and     s1, a6, s2
core   0: 3 0x8000594e (0x012874b3) x9  0x00000000
core   0: 0x80005952 (0x5ee5cf17) auipc   t5, 0x5ee5c
core   0: 3 0x80005952 (0x5ee5cf17) x30 0xdee61952
core   0: 0x80005956 (0x01451013) slli    zero, a0, 20
core   0: 3 0x80005956 (0x01451013)
core   0: 0x8000595a (0x01ffe463) bltu    t6, t6, pc + 8
core   0: 3 0x8000595a (0x01ffe463)
core   0: 0x8000595e (0x0caba913) slti    s2, s7, 202
core   0: 3 0x8000595e (0x0caba913) x18 0x00000001
core   0: 0x80005962 (0x02000d33) mul     s10, zero, zero
core   0: 3 0x80005962 (0x02000d33) x26 0x00000000
core   0: 0x80005966 (0x02d38063) beq     t2, a3, pc + 32
core   0: 3 0x80005966 (0x02d38063)
core   0: 0x8000596a (0x00009bfd) c.andi  a5, -1
core   0: 3 0x8000596a (0x9bfd) x15 0x00000000
core   0: 0x8000596c (0x02ddf463) bgeu    s11, a3, pc + 40
core   0: 3 0x8000596c (0x02ddf463)
core   0: 0x80005994 (0x00008fb1) c.xor   a5, a2
core   0: 3 0x80005994 (0x8fb1) x15 0x00000231
core   0: 0x80005996 (0x80903293) sltiu   t0, zero, -2039
core   0: 3 0x80005996 (0x80903293) x5  0x00000001
core   0: 0x8000599a (0x029bf633) remu    a2, s7, s1
core   0: 3 0x8000599a (0x029bf633) x12 0xcc000000
core   0: 0x8000599e (0xe62a9b37) lui     s6, 0xe62a9
core   0: 3 0x8000599e (0xe62a9b37) x22 0xe62a9000
core   0: 0x800059a2 (0x00005d7d) c.li    s10, -1
core   0: 3 0x800059a2 (0x5d7d) x26 0xffffffff
core   0: 0x800059a4 (0x02d68c33) mul     s8, a3, a3
core   0: 3 0x800059a4 (0x02d68c33) x24 0x21000000
core   0: 0x800059a8 (0x00006235) c.lui   tp, 0xd
core   0: 3 0x800059a8 (0x6235) x4  0x0000d000
core   0: 0x800059aa (0x000086f9) c.srai  a3, 30
core   0: 3 0x800059aa (0x86f9) x13 0x00000000
core   0: 0x800059ac (0x000099fd) c.andi  a1, -1
core   0: 3 0x800059ac (0x99fd) x11 0x00000161
core   0: 0x800059ae (0x300d6d17) auipc   s10, 0x300d6
core   0: 3 0x800059ae (0x300d6d17) x26 0xb00db9ae
core   0: 0x800059b2 (0x00aebb33) sltu    s6, t4, a0
core   0: 3 0x800059b2 (0x00aebb33) x22 0x00000001
core   0: 0x800059b6 (0x00008f7d) c.and   a4, a5
core   0: 3 0x800059b6 (0x8f7d) x14 0x00000000
core   0: 0x800059b8 (0x00001390) c.addi4spn a2, sp, 480
core   0: 3 0x800059b8 (0x1390) x12 0x0000146d
core   0: 0x800059ba (0x01011933) sll     s2, sp, a6
core   0: 3 0x800059ba (0x01011933) x18 0x0000128d
core   0: 0x800059be (0x03b03333) mulhu   t1, zero, s11
core   0: 3 0x800059be (0x03b03333) x6  0x00000000
core   0: 0x800059c2 (0x014d3bb3) sltu    s7, s10, s4
core   0: 3 0x800059c2 (0x014d3bb3) x23 0x00000000
core   0: 0x800059c6 (0x4042dd93) srai    s11, t0, 4
core   0: 3 0x800059c6 (0x4042dd93) x27 0x00000000
core   0: 0x800059ca (0x01fdefb3) or      t6, s11, t6
core   0: 3 0x800059ca (0x01fdefb3) x31 0x00000000
core   0: 0x800059ce (0x000082e5) c.srli  a3, 25
core   0: 3 0x800059ce (0x82e5) x13 0x00000000
core   0: 0x800059d0 (0x03af7463) bgeu    t5, s10, pc + 40
core   0: 3 0x800059d0 (0x03af7463)
core   0: 0x800059f8 (0x64993a13) sltiu   s4, s2, 1609
core   0: 3 0x800059f8 (0x64993a13) x20 0x00000000
core   0: 0x800059fc (0x00000001) c.nop
core   0: 3 0x800059fc (0x0001)
core   0: 0x800059fe (0x00000d22) c.slli  s10, 8
core   0: 3 0x800059fe (0x0d22) x26 0x0db9ae00
core   0: 0x80005a00 (0x002818b3) sll     a7, a6, sp
core   0: 3 0x80005a00 (0x002818b3) x17 0x00000000
core   0: 0x80005a04 (0x6601ee13) ori     t3, gp, 1632
core   0: 3 0x80005a04 (0x6601ee13) x28 0x00009660
core   0: 0x80005a08 (0x01155033) srl     zero, a0, a7
core   0: 3 0x80005a08 (0x01155033)
core   0: 0x80005a0c (0x0000838d) c.srli  a5, 3
core   0: 3 0x80005a0c (0x838d) x15 0x00000046
core   0: 0x80005a0e (0x030e8933) mul     s2, t4, a6
core   0: 3 0x80005a0e (0x030e8933) x18 0x00000000
core   0: 0x80005a12 (0x002b29b3) slt     s3, s6, sp
core   0: 3 0x80005a12 (0x002b29b3) x19 0x00000001
core   0: 0x80005a16 (0x65cff597) auipc   a1, 0x65cff
core   0: 3 0x80005a16 (0x65cff597) x11 0xe5d04a16
core   0: 0x80005a1a (0x030e6133) rem     sp, t3, a6
core   0: 3 0x80005a1a (0x030e6133) x2  0x00009660
core   0: 0x80005a1e (0x0000597d) c.li    s2, -1
core   0: 3 0x80005a1e (0x597d) x18 0xffffffff
core   0: 0x80005a20 (0x03cc2eb3) mulhsu  t4, s8, t3
core   0: 3 0x80005a20 (0x03cc2eb3) x29 0x00001362
core   0: 0x80005a24 (0x00008de5) c.and   a1, s1
core   0: 3 0x80005a24 (0x8de5) x11 0x00000000
core   0: 0x80005a26 (0x45d77793) andi    a5, a4, 1117
core   0: 3 0x80005a26 (0x45d77793) x15 0x00000000
core   0: 0x80005a2a (0x02b742b3) div     t0, a4, a1
core   0: 3 0x80005a2a (0x02b742b3) x5  0xffffffff
core   0: 0x80005a2e (0x40348bb3) sub     s7, s1, gp
core   0: 3 0x80005a2e (0x40348bb3) x23 0xffff7000
core   0: 0x80005a32 (0x405d5113) srai    sp, s10, 5
core   0: 3 0x80005a32 (0x405d5113) x2  0x006dcd70
core   0: 0x80005a36 (0x031a8a33) mul     s4, s5, a7
core   0: 3 0x80005a36 (0x031a8a33) x20 0x00000000
core   0: 0x80005a3a (0xa3fef493) andi    s1, t4, -1473
core   0: 3 0x80005a3a (0xa3fef493) x9  0x00001222
core   0: 0x80005a3e (0x033aec33) rem     s8, s5, s3
core   0: 3 0x80005a3e (0x033aec33) x24 0x00000000
core   0: 0x80005a42 (0x00000f94) c.addi4spn a3, sp, 976
core   0: 3 0x80005a42 (0x0f94) x13 0x006dd140
core   0: 0x80005a44 (0x02d9c363) blt     s3, a3, pc + 38
core   0: 3 0x80005a44 (0x02d9c363)
core   0: 0x80005a6a (0x00d6bc33) sltu    s8, a3, a3
core   0: 3 0x80005a6a (0x00d6bc33) x24 0x00000000
core   0: 0x80005a6e (0x005b8463) beq     s7, t0, pc + 8
core   0: 3 0x80005a6e (0x005b8463)
core   0: 0x80005a72 (0x01d5cd33) xor     s10, a1, t4
core   0: 3 0x80005a72 (0x01d5cd33) x26 0x00001362
core   0: 0x80005a76 (0x000edf63) bgez    t4, pc + 30
core   0: 3 0x80005a76 (0x000edf63)
core   0: 0x80005a94 (0x00004d75) c.li    s10, 29
core   0: 3 0x80005a94 (0x4d75) x26 0x0000001d
core   0: 0x80005a96 (0x00000792) c.slli  a5, 4
core   0: 3 0x80005a96 (0x0792) x15 0x00000000
core   0: 0x80005a98 (0x06286d63) bltu    a6, sp, pc + 122
core   0: 3 0x80005a98 (0x06286d63)
core   0: 0x80005a9c (0x00000f41) c.addi  t5, 16
core   0: 3 0x80005a9c (0x0f41) x30 0xdee61962
core   0: 0x80005a9e (0x00009f52) c.add   t5, s4
core   0: 3 0x80005a9e (0x9f52) x30 0xdee61962
core   0: 0x80005aa0 (0x00004b09) c.li    s6, 2
core   0: 3 0x80005aa0 (0x4b09) x22 0x00000002
core   0: 0x80005aa2 (0x4a8bbe93) sltiu   t4, s7, 1192
core   0: 3 0x80005aa2 (0x4a8bbe93) x29 0x00000000
core   0: 0x80005aa6 (0x033e2c33) mulhsu  s8, t3, s3
core   0: 3 0x80005aa6 (0x033e2c33) x24 0x00000000
core   0: 0x80005aaa (0x000089b2) c.mv    s3, a2
core   0: 3 0x80005aaa (0x89b2) x19 0x0000146d
core   0: 0x80005aac (0x003202b3) add     t0, tp, gp
core   0: 3 0x80005aac (0x003202b3) x5  0x00016000
core   0: 0x80005ab0 (0x002fd0b3) srl     ra, t6, sp
core   0: 3 0x80005ab0 (0x002fd0b3) x1  0x00000000
core   0: 0x80005ab4 (0x000016fd) c.addi  a3, -1
core   0: 3 0x80005ab4 (0x16fd) x13 0x006dd13f
core   0: 0x80005ab6 (0x00009bda) c.add   s7, s6
core   0: 3 0x80005ab6 (0x9bda) x23 0xffff7002
core   0: 0x80005ab8 (0x00000001) c.nop
core   0: 3 0x80005ab8 (0x0001)
core   0: 0x80005aba (0x8aba8f93) addi    t6, s5, -1877
core   0: 3 0x80005aba (0x8aba8f93) x31 0x8002570f
core   0: 0x80005abe (0x027a2033) mulhsu  zero, s4, t2
core   0: 3 0x80005abe (0x027a2033)
core   0: 0x80005ac2 (0x00c652b3) srl     t0, a2, a2
core   0: 3 0x80005ac2 (0x00c652b3) x5  0x00000000
core   0: 0x80005ac6 (0x00004509) c.li    a0, 2
core   0: 3 0x80005ac6 (0x4509) x10 0x00000002
core   0: 0x80005ac8 (0x00000f14) c.addi4spn a3, sp, 912
core   0: 3 0x80005ac8 (0x0f14) x13 0x006dd100
core   0: 0x80005aca (0x02e6a4b3) mulhsu  s1, a3, a4
core   0: 3 0x80005aca (0x02e6a4b3) x9  0x00000000
core   0: 0x80005ace (0x000017fd) c.addi  a5, -1
core   0: 3 0x80005ace (0x17fd) x15 0xffffffff
core   0: 0x80005ad0 (0x0054ba33) sltu    s4, s1, t0
core   0: 3 0x80005ad0 (0x0054ba33) x20 0x00000000
core   0: 0x80005ad4 (0x02949933) mulh    s2, s1, s1
core   0: 3 0x80005ad4 (0x02949933) x18 0x00000000
core   0: 0x80005ad8 (0x000083f9) c.srli  a5, 30
core   0: 3 0x80005ad8 (0x83f9) x15 0x00000003
core   0: 0x80005ada (0x00001b69) c.addi  s6, -6
core   0: 3 0x80005ada (0x1b69) x22 0xfffffffc
core   0: 0x80005adc (0x03dc74b3) remu    s1, s8, t4
core   0: 3 0x80005adc (0x03dc74b3) x9  0x00000000
core   0: 0x80005ae0 (0x018cc2b3) xor     t0, s9, s8
core   0: 3 0x80005ae0 (0x018cc2b3) x5  0x00000000
core   0: 0x80005ae4 (0x9062e713) ori     a4, t0, -1786
core   0: 3 0x80005ae4 (0x9062e713) x14 0xfffff906
core   0: 0x80005ae8 (0x00005cfd) c.li    s9, -1
core   0: 3 0x80005ae8 (0x5cfd) x25 0xffffffff
core   0: 0x80005aea (0x0030a733) slt     a4, ra, gp
core   0: 3 0x80005aea (0x0030a733) x14 0x00000001
core   0: 0x80005aee (0xfeab50e3) bge     s6, a0, pc - 32
core   0: 3 0x80005aee (0xfeab50e3)
core   0: 0x80005af2 (0x00000001) c.nop
core   0: 3 0x80005af2 (0x0001)
core   0: 0x80005af4 (0x0f944613) xori    a2, s0, 249
core   0: 3 0x80005af4 (0x0f944613) x12 0x80029c1d
core   0: 0x80005af8 (0x00008f99) c.sub   a5, a4
core   0: 3 0x80005af8 (0x8f99) x15 0x00000002
core   0: 0x80005afa (0x01738db3) add     s11, t2, s7
core   0: 3 0x80005afa (0x01738db3) x27 0xffff7002
core   0: 0x80005afe (0x03839463) bne     t2, s8, pc + 40
core   0: 3 0x80005afe (0x03839463)
core   0: 0x80005b02 (0x35314e93) xori    t4, sp, 851
core   0: 3 0x80005b02 (0x35314e93) x29 0x006dce23
core   0: 0x80005b06 (0x41280c33) sub     s8, a6, s2
core   0: 3 0x80005b06 (0x41280c33) x24 0x80000000
core   0: 0x80005b0a (0x0000cb09) c.beqz  a4, pc + 18
core   0: 3 0x80005b0a (0xcb09)
core   0: 0x80005b0c (0x004ded33) or      s10, s11, tp
core   0: 3 0x80005b0c (0x004ded33) x26 0xfffff002
core   0: 0x80005b10 (0x00008e22) c.mv    t3, s0
core   0: 3 0x80005b10 (0x8e22) x28 0x80029ce4
core   0: 0x80005b12 (0x01c521b3) slt     gp, a0, t3
core   0: 3 0x80005b12 (0x01c521b3) x3  0x00000000
core   0: 0x80005b16 (0x000080cd) c.srli  s1, 19
core   0: 3 0x80005b16 (0x80cd) x9  0x00000000
core   0: 0x80005b18 (0x03ce9733) mulh    a4, t4, t3
core   0: 3 0x80005b18 (0x03ce9733) x14 0xffc91a0d
core   0: 0x80005b1c (0x01f256b3) srl     a3, tp, t6
core   0: 3 0x80005b1c (0x01f256b3) x13 0x00000001
core   0: 0x80005b20 (0x0000ca81) c.beqz  a3, pc + 16
core   0: 3 0x80005b20 (0xca81)
core   0: 0x80005b22 (0x03569db3) mulh    s11, a3, s5
core   0: 3 0x80005b22 (0x03569db3) x27 0xffffffff
core   0: 0x80005b26 (0x4068d233) sra     tp, a7, t1
core   0: 3 0x80005b26 (0x4068d233) x4  0x00000000
core   0: 0x80005b2a (0x01b01093) slli    ra, zero, 27
core   0: 3 0x80005b2a (0x01b01093) x1  0x00000000
core   0: 0x80005b2e (0x00000284) c.addi4spn s1, sp, 320
core   0: 3 0x80005b2e (0x0284) x9  0x006dceb0
core   0: 0x80005b30 (0x40f688b3) sub     a7, a3, a5
core   0: 3 0x80005b30 (0x40f688b3) x17 0xffffffff
core   0: 0x80005b34 (0x413c8633) sub     a2, s9, s3
core   0: 3 0x80005b34 (0x413c8633) x12 0xffffeb92
core   0: 0x80005b38 (0x01858cb3) add     s9, a1, s8
core   0: 3 0x80005b38 (0x01858cb3) x25 0x80000000
core   0: 0x80005b3c (0x0000849d) c.srai  s1, 7
core   0: 3 0x80005b3c (0x849d) x9  0x0000db9d
core   0: 0x80005b3e (0x00000001) c.nop
core   0: 3 0x80005b3e (0x0001)
core   0: 0x80005b40 (0x00008fc9) c.or    a5, a0
core   0: 3 0x80005b40 (0x8fc9) x15 0x00000002
core   0: 0x80005b42 (0x00008ccd) c.or    s1, a1
core   0: 3 0x80005b42 (0x8ccd) x9  0x0000db9d
core   0: 0x80005b44 (0x0000ce11) c.beqz  a2, pc + 28
core   0: 3 0x80005b44 (0xce11)
core   0: 0x80005b46 (0x00957233) and     tp, a0, s1
core   0: 3 0x80005b46 (0x00957233) x4  0x00000000
core   0: 0x80005b4a (0x00b514b3) sll     s1, a0, a1
core   0: 3 0x80005b4a (0x00b514b3) x9  0x00000002
core   0: 0x80005b4e (0x00008265) c.srli  a2, 25
core   0: 3 0x80005b4e (0x8265) x12 0x0000007f
core   0: 0x80005b50 (0x00c105b3) add     a1, sp, a2
core   0: 3 0x80005b50 (0x00c105b3) x11 0x006dcdef
core   0: 0x80005b54 (0x000053fd) c.li    t2, -1
core   0: 3 0x80005b54 (0x53fd) x7  0xffffffff
core   0: 0x80005b56 (0x0000857d) c.srai  a0, 31
core   0: 3 0x80005b56 (0x857d) x10 0x00000000
core   0: 0x80005b58 (0x00008cf1) c.and   s1, a2
core   0: 3 0x80005b58 (0x8cf1) x9  0x00000002
core   0: 0x80005b5a (0x00c148b3) xor     a7, sp, a2
core   0: 3 0x80005b5a (0x00c148b3) x17 0x006dcd0f
core   0: 0x80005b5e (0x00009b7d) c.andi  a4, -1
core   0: 3 0x80005b5e (0x9b7d) x14 0xffc91a0d
core   0: 0x80005b60 (0x0000c605) c.beqz  a2, pc + 40
core   0: 3 0x80005b60 (0xc605)
core   0: 0x80005b62 (0x00000001) c.nop
core   0: 3 0x80005b62 (0x0001)
core   0: 0x80005b64 (0xb87e2093) slti    ra, t3, -1145
core   0: 3 0x80005b64 (0xb87e2093) x1  0x00000001
core   0: 0x80005b68 (0x00dc0863) beq     s8, a3, pc + 16
core   0: 3 0x80005b68 (0x00dc0863)
core   0: 0x80005b6c (0x00008975) c.andi  a0, 29
core   0: 3 0x80005b6c (0x8975) x10 0x00000000
core   0: 0x80005b6e (0x0313e6b3) rem     a3, t2, a7
core   0: 3 0x80005b6e (0x0313e6b3) x13 0xffffffff
core   0: 0x80005b72 (0x0079e033) or      zero, s3, t2
core   0: 3 0x80005b72 (0x0079e033)
core   0: 0x80005b76 (0x00008f45) c.or    a4, s1
core   0: 3 0x80005b76 (0x8f45) x14 0xffc91a0f
core   0: 0x80005b78 (0x400c04b3) sub     s1, s8, zero
core   0: 3 0x80005b78 (0x400c04b3) x9  0x80000000
core   0: 0x80005b7c (0x00000c4d) c.addi  s8, 19
core   0: 3 0x80005b7c (0x0c4d) x24 0x80000013
core   0: 0x80005b7e (0x00008d3d) c.xor   a0, a5
core   0: 3 0x80005b7e (0x8d3d) x10 0x00000002
core   0: 0x80005b80 (0x00f1da13) srli    s4, gp, 15
core   0: 3 0x80005b80 (0x00f1da13) x20 0x00000000
core   0: 0x80005b84 (0x02f576b3) remu    a3, a0, a5
core   0: 3 0x80005b84 (0x02f576b3) x13 0x00000000
core   0: 0x80005b88 (0x02e85bb3) divu    s7, a6, a4
core   0: 3 0x80005b88 (0x02e85bb3) x23 0x00000000
core   0: 0x80005b8c (0x011b5563) bge     s6, a7, pc + 10
core   0: 3 0x80005b8c (0x011b5563)
core   0: 0x80005b90 (0x000085b5) c.srai  a1, 13
core   0: 3 0x80005b90 (0x85b5) x11 0x0000036e
core   0: 0x80005b92 (0xf5e7e793) ori     a5, a5, -162
core   0: 3 0x80005b92 (0xf5e7e793) x15 0xffffff5e
core   0: 0x80005b96 (0x00006125) c.addi16sp sp, 96
core   0: 3 0x80005b96 (0x6125) x2  0x006dcdd0
core   0: 0x80005b98 (0x03f1d7b3) divu    a5, gp, t6
core   0: 3 0x80005b98 (0x03f1d7b3) x15 0x00000000
core   0: 0x80005b9c (0x00270c33) add     s8, a4, sp
core   0: 3 0x80005b9c (0x00270c33) x24 0x0036e7df
core   0: 0x80005ba0 (0x035150b3) divu    ra, sp, s5
core   0: 3 0x80005ba0 (0x035150b3) x1  0x00000000
core   0: 0x80005ba4 (0x03d35763) bge     t1, t4, pc + 46
core   0: 3 0x80005ba4 (0x03d35763)
core   0: 0x80005ba8 (0x01c563b3) or      t2, a0, t3
core   0: 3 0x80005ba8 (0x01c563b3) x7  0x80029ce6
core   0: 0x80005bac (0xf2c883b7) lui     t2, 0xf2c88
core   0: 3 0x80005bac (0xf2c883b7) x7  0xf2c88000
core   0: 0x80005bb0 (0x01e6bc33) sltu    s8, a3, t5
core   0: 3 0x80005bb0 (0x01e6bc33) x24 0x00000001
core   0: 0x80005bb4 (0x011c5613) srli    a2, s8, 17
core   0: 3 0x80005bb4 (0x011c5613) x12 0x00000000
core   0: 0x80005bb8 (0x01c71613) slli    a2, a4, 28
core   0: 3 0x80005bb8 (0x01c71613) x12 0xf0000000
core   0: 0x80005bbc (0x00008e4d) c.or    a2, a1
core   0: 3 0x80005bbc (0x8e4d) x12 0xf000036e
core   0: 0x80005bbe (0x013aa233) slt     tp, s5, s3
core   0: 3 0x80005bbe (0x013aa233) x4  0x00000001
core   0: 0x80005bc2 (0x00008b62) c.mv    s6, s8
core   0: 3 0x80005bc2 (0x8b62) x22 0x00000001
core   0: 0x80005bc4 (0x044d9563) bne     s11, tp, pc + 74
core   0: 3 0x80005bc4 (0x044d9563)
core   0: 0x80005c0e (0x40d3d1b3) sra     gp, t2, a3
core   0: 3 0x80005c0e (0x40d3d1b3) x3  0xf2c88000
core   0: 0x80005c12 (0xfec0c893) xori    a7, ra, -20
core   0: 3 0x80005c12 (0xfec0c893) x17 0xffffffec
core   0: 0x80005c16 (0x034d5933) divu    s2, s10, s4
core   0: 3 0x80005c16 (0x034d5933) x18 0xffffffff
core   0: 0x80005c1a (0x03e50233) mul     tp, a0, t5
core   0: 3 0x80005c1a (0x03e50233) x4  0xbdcc32c4
core   0: 0x80005c1e (0x0000837a) c.mv    t1, t5
core   0: 3 0x80005c1e (0x837a) x6  0xdee61962
core   0: 0x80005c20 (0x0000ce19) c.beqz  a2, pc + 30
core   0: 3 0x80005c20 (0xce19)
core   0: 0x80005c22 (0x000084c5) c.srai  s1, 17
core   0: 3 0x80005c22 (0x84c5) x9  0xffffc000
core   0: 0x80005c24 (0x00a79b13) slli    s6, a5, 10
core   0: 3 0x80005c24 (0x00a79b13) x22 0x00000000
core   0: 0x80005c28 (0x00008eb9) c.xor   a3, a4
core   0: 3 0x80005c28 (0x8eb9) x13 0xffc91a0f
core   0: 0x80005c2a (0x00001508) c.addi4spn a0, sp, 672
core   0: 3 0x80005c2a (0x1508) x10 0x006dd070
core   0: 0x80005c2c (0x000093f6) c.add   t2, t4
core   0: 3 0x80005c2c (0x93f6) x7  0xf3364e23
core   0: 0x80005c2e (0x03f9f063) bgeu    s3, t6, pc + 32
core   0: 3 0x80005c2e (0x03f9f063)
core   0: 0x80005c32 (0x01b952b3) srl     t0, s2, s11
core   0: 3 0x80005c32 (0x01b952b3) x5  0x00000001
core   0: 0x80005c36 (0xd8c00a13) li      s4, -628
core   0: 3 0x80005c36 (0xd8c00a13) x20 0xfffffd8c
core   0: 0x80005c3a (0x00008eb9) c.xor   a3, a4
core   0: 3 0x80005c3a (0x8eb9) x13 0x00000000
core   0: 0x80005c3c (0x000090ce) c.add   ra, s3
core   0: 3 0x80005c3c (0x90ce) x1  0x0000146d
core   0: 0x80005c3e (0x53bf7d37) lui     s10, 0x53bf7
core   0: 3 0x80005c3e (0x53bf7d37) x26 0x53bf7000
core   0: 0x80005c42 (0x03d37733) remu    a4, t1, t4
core   0: 3 0x80005c42 (0x03d37733) x14 0x0049306d
core   0: 0x80005c46 (0x03ea6363) bltu    s4, t5, pc + 38
core   0: 3 0x80005c46 (0x03ea6363)
core   0: 0x80005c4a (0x0072b7b3) sltu    a5, t0, t2
core   0: 3 0x80005c4a (0x0072b7b3) x15 0x00000001
core   0: 0x80005c4e (0x00008c8d) c.sub   s1, a1
core   0: 3 0x80005c4e (0x8c8d) x9  0xffffbc92
core   0: 0x80005c50 (0x00ebf1b3) and     gp, s7, a4
core   0: 3 0x80005c50 (0x00ebf1b3) x3  0x00000000
core   0: 0x80005c54 (0x042e0163) beq     t3, sp, pc + 66
core   0: 3 0x80005c54 (0x042e0163)
core   0: 0x80005c58 (0xd0027613) andi    a2, tp, -768
core   0: 3 0x80005c58 (0xd0027613) x12 0xbdcc3000
core   0: 0x80005c5c (0x137ae993) ori     s3, s5, 311
core   0: 3 0x80005c5c (0x137ae993) x19 0x80025f77
core   0: 0x80005c60 (0x03229463) bne     t0, s2, pc + 40
core   0: 3 0x80005c60 (0x03229463)
core   0: 0x80005c88 (0x40c75b33) sra     s6, a4, a2
core   0: 3 0x80005c88 (0x40c75b33) x22 0x0049306d
core   0: 0x80005c8c (0xbfc48117) auipc   sp, 0xbfc48
core   0: 3 0x80005c8c (0xbfc48117) x2  0x3fc4dc8c
core   0: 0x80005c90 (0x00009d72) c.add   s10, t3
core   0: 3 0x80005c90 (0x9d72) x26 0xd3c20ce4
core   0: 0x80005c92 (0x021eb8b3) mulhu   a7, t4, ra
core   0: 3 0x80005c92 (0x021eb8b3) x17 0x00000008
core   0: 0x80005c96 (0x00008539) c.srai  a0, 14
core   0: 3 0x80005c96 (0x8539) x10 0x000001b7
core   0: 0x80005c98 (0x00008d89) c.sub   a1, a0
core   0: 3 0x80005c98 (0x8d89) x11 0x000001b7
core   0: 0x80005c9a (0x00000001) c.nop
core   0: 3 0x80005c9a (0x0001)
core   0: 0x80005c9c (0x03676163) bltu    a4, s6, pc + 34
core   0: 3 0x80005c9c (0x03676163)
core   0: 0x80005ca0 (0x00008e79) c.and   a2, a4
core   0: 3 0x80005ca0 (0x8e79) x12 0x00483000
core   0: 0x80005ca2 (0x00905333) srl     t1, zero, s1
core   0: 3 0x80005ca2 (0x00905333) x6  0x00000000
core   0: 0x80005ca6 (0x0000866d) c.srai  a2, 27
core   0: 3 0x80005ca6 (0x866d) x12 0x00000000
core   0: 0x80005ca8 (0x03943c33) mulhu   s8, s0, s9
core   0: 3 0x80005ca8 (0x03943c33) x24 0x40014e72
core   0: 0x80005cac (0x000f8fb3) add     t6, t6, zero
core   0: 3 0x80005cac (0x000f8fb3) x31 0x8002570f
core   0: 0x80005cb0 (0x03327033) remu    zero, tp, s3
core   0: 3 0x80005cb0 (0x03327033)
core   0: 0x80005cb4 (0x015c5d13) srli    s10, s8, 21
core   0: 3 0x80005cb4 (0x015c5d13) x26 0x00000200
core   0: 0x80005cb8 (0x000080e5) c.srli  s1, 25
core   0: 3 0x80005cb8 (0x80e5) x9  0x0000007f
core   0: 0x80005cba (0x00008bbe) c.mv    s7, a5
core   0: 3 0x80005cba (0x8bbe) x23 0x00000001
core   0: 0x80005cbc (0x000090aa) c.add   ra, a0
core   0: 3 0x80005cbc (0x90aa) x1  0x00001624
core   0: 0x80005cbe (0x02befa63) bgeu    t4, a1, pc + 52
core   0: 3 0x80005cbe (0x02befa63)
core   0: 0x80005cf2 (0x00000001) c.nop
core   0: 3 0x80005cf2 (0x0001)
core   0: 0x80005cf4 (0x0146a033) slt     zero, a3, s4
core   0: 3 0x80005cf4 (0x0146a033)
core   0: 0x80005cf8 (0x70088893) addi    a7, a7, 1792
core   0: 3 0x80005cf8 (0x70088893) x17 0x00000708
core   0: 0x80005cfc (0x00008e46) c.mv    t3, a7
core   0: 3 0x80005cfc (0x8e46) x28 0x00000708
core   0: 0x80005cfe (0x02ec41b3) div     gp, s8, a4
core   0: 3 0x80005cfe (0x02ec41b3) x3  0x000000df
core   0: 0x80005d02 (0x0000ed89) c.bnez  a1, pc + 26
core   0: 3 0x80005d02 (0xed89)
core   0: 0x80005d1c (0x002d2b33) slt     s6, s10, sp
core   0: 3 0x80005d1c (0x002d2b33) x22 0x00000001
core   0: 0x80005d20 (0x00ff2533) slt     a0, t5, a5
core   0: 3 0x80005d20 (0x00ff2533) x10 0x00000001
core   0: 0x80005d24 (0x00755d93) srli    s11, a0, 7
core   0: 3 0x80005d24 (0x00755d93) x27 0x00000000
core   0: 0x80005d28 (0x01ae9cb3) sll     s9, t4, s10
core   0: 3 0x80005d28 (0x01ae9cb3) x25 0x006dce23
core   0: 0x80005d2c (0x01b2d333) srl     t1, t0, s11
core   0: 3 0x80005d2c (0x01b2d333) x6  0x00000001
core   0: 0x80005d30 (0x03a7e5b3) rem     a1, a5, s10
core   0: 3 0x80005d30 (0x03a7e5b3) x11 0x00000001
core   0: 0x80005d34 (0x0000e215) c.bnez  a2, pc + 36
core   0: 3 0x80005d34 (0xe215)
core   0: 0x80005d36 (0x03fcfe33) remu    t3, s9, t6
core   0: 3 0x80005d36 (0x03fcfe33) x28 0x006dce23
core   0: 0x80005d3a (0x02191db3) mulh    s11, s2, ra
core   0: 3 0x80005d3a (0x02191db3) x27 0xffffffff
core   0: 0x80005d3e (0x00001884) c.addi4spn s1, sp, 112
core   0: 3 0x80005d3e (0x1884) x9  0x3fc4dcfc
core   0: 0x80005d40 (0x00000f42) c.slli  t5, 16
core   0: 3 0x80005d40 (0x0f42) x30 0x19620000
core   0: 0x80005d42 (0x00005a7d) c.li    s4, -1
core   0: 3 0x80005d42 (0x5a7d) x20 0xffffffff
core   0: 0x80005d44 (0x00000001) c.nop
core   0: 3 0x80005d44 (0x0001)
core   0: 0x80005d46 (0x01f7e5b3) or      a1, a5, t6
core   0: 3 0x80005d46 (0x01f7e5b3) x11 0x8002570f
core   0: 0x80005d4a (0xcf24ee93) ori     t4, s1, -782
core   0: 3 0x80005d4a (0xcf24ee93) x29 0xfffffcfe
core   0: 0x80005d4e (0x00008e95) c.sub   a3, a3
core   0: 3 0x80005d4e (0x8e95) x13 0x00000000
core   0: 0x80005d50 (0x0372a8b3) mulhsu  a7, t0, s7
core   0: 3 0x80005d50 (0x0372a8b3) x17 0x00000000
core   0: 0x80005d54 (0x52dab537) lui     a0, 0x52dab
core   0: 3 0x80005d54 (0x52dab537) x10 0x52dab000
core   0: 0x80005d58 (0x02fbda33) divu    s4, s7, a5
core   0: 3 0x80005d58 (0x02fbda33) x20 0x00000001
core   0: 0x80005d5c (0x000083d1) c.srli  a5, 20
core   0: 3 0x80005d5c (0x83d1) x15 0x00000000
core   0: 0x80005d5e (0xf3b66513) ori     a0, a2, -197
core   0: 3 0x80005d5e (0xf3b66513) x10 0xffffff3b
core   0: 0x80005d62 (0x029b05b3) mul     a1, s6, s1
core   0: 3 0x80005d62 (0x029b05b3) x11 0x3fc4dcfc
core   0: 0x80005d66 (0x00008609) c.srai  a2, 2
core   0: 3 0x80005d66 (0x8609) x12 0x00000000
core   0: 0x80005d68 (0x042cc063) blt     s9, sp, pc + 64
core   0: 3 0x80005d68 (0x042cc063)
core   0: 0x80005da8 (0x0000058c) c.addi4spn a1, sp, 704
core   0: 3 0x80005da8 (0x058c) x11 0x3fc4df4c
core   0: 0x80005daa (0x00008b8a) c.mv    s7, sp
core   0: 3 0x80005daa (0x8b8a) x23 0x3fc4dc8c
core   0: 0x80005dac (0x0181e463) bltu    gp, s8, pc + 8
core   0: 3 0x80005dac (0x0181e463)
core   0: 0x80005db4 (0x00008db1) c.xor   a1, a2
core   0: 3 0x80005db4 (0x8db1) x11 0x3fc4df4c
core   0: 0x80005db6 (0x015874b3) and     s1, a6, s5
core   0: 3 0x80005db6 (0x015874b3) x9  0x80000000
core   0: 0x80005dba (0x00008e0d) c.sub   a2, a1
core   0: 3 0x80005dba (0x8e0d) x12 0xc03b20b4
core   0: 0x80005dbc (0x005ace63) blt     s5, t0, pc + 28
core   0: 3 0x80005dbc (0x005ace63)
core   0: 0x80005dd8 (0x00000001) c.nop
core   0: 3 0x80005dd8 (0x0001)
core   0: 0x80005dda (0x023d70b3) remu    ra, s10, gp
core   0: 3 0x80005dda (0x023d70b3) x1  0x00000042
core   0: 0x80005dde (0x0000eb91) c.bnez  a5, pc + 20
core   0: 3 0x80005dde (0xeb91)
core   0: 0x80005de0 (0x0036a037) lui     zero, 0x36a
core   0: 3 0x80005de0 (0x0036a037)
core   0: 0x80005de4 (0x00006a79) c.lui   s4, 0x1e
core   0: 3 0x80005de4 (0x6a79) x20 0x0001e000
core   0: 0x80005de6 (0x03224533) div     a0, tp, s2
core   0: 3 0x80005de6 (0x03224533) x10 0x4233cd3c
core   0: 0x80005dea (0x03c5e0b3) rem     ra, a1, t3
core   0: 3 0x80005dea (0x03c5e0b3) x1  0x0049b310
core   0: 0x80005dee (0x02d0c163) blt     ra, a3, pc + 34
core   0: 3 0x80005dee (0x02d0c163)
core   0: 0x80005df2 (0x0338fcb3) remu    s9, a7, s3
core   0: 3 0x80005df2 (0x0338fcb3) x25 0x00000000
core   0: 0x80005df6 (0x0105bc33) sltu    s8, a1, a6
core   0: 3 0x80005df6 (0x0105bc33) x24 0x00000001
core   0: 0x80005dfa (0x01e6ed33) or      s10, a3, t5
core   0: 3 0x80005dfa (0x01e6ed33) x26 0x19620000
core   0: 0x80005dfe (0xa17c3797) auipc   a5, 0xa17c3
core   0: 3 0x80005dfe (0xa17c3797) x15 0x217c8dfe
core   0: 0x80005e02 (0x00009bfd) c.andi  a5, -1
core   0: 3 0x80005e02 (0x9bfd) x15 0x217c8dfe
core   0: 0x80005e04 (0x4183d533) sra     a0, t2, s8
core   0: 3 0x80005e04 (0x4183d533) x10 0xf99b2711
core   0: 0x80005e08 (0x024f0263) beq     t5, tp, pc + 36
core   0: 3 0x80005e08 (0x024f0263)
core   0: 0x80005e0c (0x010b9193) slli    gp, s7, 16
core   0: 3 0x80005e0c (0x010b9193) x3  0xdc8c0000
core   0: 0x80005e10 (0x0000613d) c.addi16sp sp, 480
core   0: 3 0x80005e10 (0x613d) x2  0x3fc4de6c
core   0: 0x80005e12 (0x0000020a) c.slli  tp, 2
core   0: 3 0x80005e12 (0x020a) x4  0xf730cb10
core   0: 0x80005e14 (0x02d52633) mulhsu  a2, a0, a3
core   0: 3 0x80005e14 (0x02d52633) x12 0x00000000
core   0: 0x80005e18 (0x03d87863) bgeu    a6, t4, pc + 48
core   0: 3 0x80005e18 (0x03d87863)
core   0: 0x80005e1c (0x00001690) c.addi4spn a2, sp, 864
core   0: 3 0x80005e1c (0x1690) x12 0x3fc4e1cc
core   0: 0x80005e1e (0x00008ee1) c.and   a3, s0
core   0: 3 0x80005e1e (0x8ee1) x13 0x00000000
core   0: 0x80005e20 (0x00008f3e) c.mv    t5, a5
core   0: 3 0x80005e20 (0x8f3e) x30 0x217c8dfe
core   0: 0x80005e22 (0x02f32d33) mulhsu  s10, t1, a5
core   0: 3 0x80005e22 (0x02f32d33) x26 0x00000000
core   0: 0x80005e26 (0x03747563) bgeu    s0, s7, pc + 42
core   0: 3 0x80005e26 (0x03747563)
core   0: 0x80005e50 (0x0213bc33) mulhu   s8, t2, ra
core   0: 3 0x80005e50 (0x0213bc33) x24 0x0046049a
core   0: 0x80005e54 (0x02ec0933) mul     s2, s8, a4
core   0: 3 0x80005e54 (0x02ec0933) x18 0x8e96d592
core   0: 0x80005e58 (0x5c18e537) lui     a0, 0x5c18e
core   0: 3 0x80005e58 (0x5c18e537) x10 0x5c18e000
core   0: 0x80005e5c (0x01a6a8b3) slt     a7, a3, s10
core   0: 3 0x80005e5c (0x01a6a8b3) x17 0x00000000
core   0: 0x80005e60 (0x0000717d) c.addi16sp sp, -16
core   0: 3 0x80005e60 (0x717d) x2  0x3fc4de5c
core   0: 0x80005e62 (0x0000717d) c.addi16sp sp, -16
core   0: 3 0x80005e62 (0x717d) x2  0x3fc4de4c
core   0: 0x80005e64 (0x0100f733) and     a4, ra, a6
core   0: 3 0x80005e64 (0x0100f733) x14 0x00000000
core   0: 0x80005e68 (0xa01b4013) xori    zero, s6, -1535
core   0: 3 0x80005e68 (0xa01b4013)
core   0: 0x80005e6c (0x0000ec8d) c.bnez  s1, pc + 58
core   0: 3 0x80005e6c (0xec8d)
core   0: 0x80005ea6 (0x00008cc5) c.or    s1, s1
core   0: 3 0x80005ea6 (0x8cc5) x9  0x80000000
core   0: 0x80005ea8 (0xb6f1bc17) auipc   s8, 0xb6f1b
core   0: 3 0x80005ea8 (0xb6f1bc17) x24 0x36f20ea8
core   0: 0x80005eac (0x00008799) c.srai  a5, 6
core   0: 3 0x80005eac (0x8799) x15 0x0085f237
core   0: 0x80005eae (0x000003be) c.slli  t2, 15
core   0: 3 0x80005eae (0x03be) x7  0x27118000
core   0: 0x80005eb0 (0x4039d6b3) sra     a3, s3, gp
core   0: 3 0x80005eb0 (0x4039d6b3) x13 0x80025f77
core   0: 0x80005eb4 (0x00004589) c.li    a1, 2
core   0: 3 0x80005eb4 (0x4589) x11 0x00000002
core   0: 0x80005eb6 (0x000086ed) c.srai  a3, 27
core   0: 3 0x80005eb6 (0x86ed) x13 0xfffffff0
core   0: 0x80005eb8 (0x000066f9) c.lui   a3, 0x1e
core   0: 3 0x80005eb8 (0x66f9) x13 0x0001e000
core   0: 0x80005eba (0xebf8fb93) andi    s7, a7, -321
core   0: 3 0x80005eba (0xebf8fb93) x23 0x00000000
core   0: 0x80005ebe (0x404206b3) sub     a3, tp, tp
core   0: 3 0x80005ebe (0x404206b3) x13 0x00000000
core   0: 0x80005ec2 (0x00beedb3) or      s11, t4, a1
core   0: 3 0x80005ec2 (0x00beedb3) x27 0xfffffcfe
core   0: 0x80005ec6 (0x278ca293) slti    t0, s9, 632
core   0: 3 0x80005ec6 (0x278ca293) x5  0x00000001
core   0: 0x80005eca (0x00008d7d) c.and   a0, a5
core   0: 3 0x80005eca (0x8d7d) x10 0x0000e000
core   0: 0x80005ecc (0x12dbb993) sltiu   s3, s7, 301
core   0: 3 0x80005ecc (0x12dbb993) x19 0x00000001
core   0: 0x80005ed0 (0x00008189) c.srli  a1, 2
core   0: 3 0x80005ed0 (0x8189) x11 0x00000000
core   0: 0x80005ed2 (0x00008e55) c.or    a2, a3
core   0: 3 0x80005ed2 (0x8e55) x12 0x3fc4e1cc
core   0: 0x80005ed4 (0x021b8163) beq     s7, ra, pc + 34
core   0: 3 0x80005ed4 (0x021b8163)
core   0: 0x80005ed8 (0x00008cb5) c.xor   s1, a3
core   0: 3 0x80005ed8 (0x8cb5) x9  0x80000000
core   0: 0x80005eda (0x002f5c33) srl     s8, t5, sp
core   0: 3 0x80005eda (0x002f5c33) x24 0x000217c8
core   0: 0x80005ede (0x00b5ba33) sltu    s4, a1, a1
core   0: 3 0x80005ede (0x00b5ba33) x20 0x00000000
core   0: 0x80005ee2 (0x022e9063) bne     t4, sp, pc + 32
core   0: 3 0x80005ee2 (0x022e9063)
core   0: 0x80005f02 (0x0394d063) bge     s1, s9, pc + 32
core   0: 3 0x80005f02 (0x0394d063)
core   0: 0x80005f06 (0x407a8e33) sub     t3, s5, t2
core   0: 3 0x80005f06 (0x407a8e33) x28 0x58f0de64
core   0: 0x80005f0a (0x00000001) c.nop
core   0: 3 0x80005f0a (0x0001)
core   0: 0x80005f0c (0x02178463) beq     a5, ra, pc + 40
core   0: 3 0x80005f0c (0x02178463)
core   0: 0x80005f10 (0xef727013) andi    zero, tp, -265
core   0: 3 0x80005f10 (0xef727013)
core   0: 0x80005f14 (0x0000617d) c.addi16sp sp, 496
core   0: 3 0x80005f14 (0x617d) x2  0x3fc4e03c
core   0: 0x80005f16 (0x00008ce1) c.and   s1, s0
core   0: 3 0x80005f16 (0x8ce1) x9  0x80000000
core   0: 0x80005f18 (0xbeca4917) auipc   s2, 0xbeca4
core   0: 3 0x80005f18 (0xbeca4917) x18 0x3eca9f18
core   0: 0x80005f1c (0x00000001) c.nop
core   0: 3 0x80005f1c (0x0001)
core   0: 0x80005f1e (0x00000b94) c.addi4spn a3, sp, 464
core   0: 3 0x80005f1e (0x0b94) x13 0x3fc4e20c
core   0: 0x80005f20 (0x0000029e) c.slli  t0, 7
core   0: 3 0x80005f20 (0x029e) x5  0x00000080
core   0: 0x80005f22 (0x01aa97b3) sll     a5, s5, s10
core   0: 3 0x80005f22 (0x01aa97b3) x15 0x80025e64
core   0: 0x80005f26 (0x00004cb1) c.li    s9, 12
core   0: 3 0x80005f26 (0x4cb1) x25 0x0000000c
core   0: 0x80005f28 (0x015bc3b3) xor     t2, s7, s5
core   0: 3 0x80005f28 (0x015bc3b3) x7  0x80025e64
core   0: 0x80005f2c (0x01efaeb3) slt     t4, t6, t5
core   0: 3 0x80005f2c (0x01efaeb3) x29 0x00000001
core   0: 0x80005f30 (0x03c15bb3) divu    s7, sp, t3
core   0: 3 0x80005f30 (0x03c15bb3) x23 0x00000000
core   0: 0x80005f34 (0x00009b92) c.add   s7, tp
core   0: 3 0x80005f34 (0x9b92) x23 0xf730cb10
core   0: 0x80005f36 (0x029b60b3) rem     ra, s6, s1
core   0: 3 0x80005f36 (0x029b60b3) x1  0x00000001
core   0: 0x80005f3a (0x8981a313) slti    t1, gp, -1896
core   0: 3 0x80005f3a (0x8981a313) x6  0x00000001
core   0: 0x80005f3e (0x0000e69d) c.bnez  a3, pc + 46
core   0: 3 0x80005f3e (0xe69d)
core   0: 0x80005f6c (0x02eed963) bge     t4, a4, pc + 50
core   0: 3 0x80005f6c (0x02eed963)
core   0: 0x80005f9e (0x00000c94) c.addi4spn a3, sp, 592
core   0: 3 0x80005f9e (0x0c94) x13 0x3fc4e28c
core   0: 0x80005fa0 (0x00001094) c.addi4spn a3, sp, 96
core   0: 3 0x80005fa0 (0x1094) x13 0x3fc4e09c
core   0: 0x80005fa2 (0x0251f2b3) remu    t0, gp, t0
core   0: 3 0x80005fa2 (0x0251f2b3) x5  0x00000000
core   0: 0x80005fa6 (0x000080c6) c.mv    ra, a7
core   0: 3 0x80005fa6 (0x80c6) x1  0x00000000
core   0: 0x80005fa8 (0x03e628b3) mulhsu  a7, a2, t5
core   0: 3 0x80005fa8 (0x03e628b3) x17 0x085767d7
core   0: 0x80005fac (0x417a06b3) sub     a3, s4, s7
core   0: 3 0x80005fac (0x417a06b3) x13 0x08cf34f0
core   0: 0x80005fb0 (0x02a00e63) beq     zero, a0, pc + 60
core   0: 3 0x80005fb0 (0x02a00e63)
core   0: 0x80005fb4 (0x03288363) beq     a7, s2, pc + 38
core   0: 3 0x80005fb4 (0x03288363)
core   0: 0x80005fb8 (0x0000088a) c.slli  a7, 2
core   0: 3 0x80005fb8 (0x088a) x17 0x215d9f5c
core   0: 0x80005fba (0x03e18733) mul     a4, gp, t5
core   0: 3 0x80005fba (0x03e18733) x14 0xeee80000
core   0: 0x80005fbe (0x0000ee11) c.bnez  a2, pc + 28
core   0: 3 0x80005fbe (0xee11)
core   0: 0x80005fda (0x00000001) c.nop
core   0: 3 0x80005fda (0x0001)
core   0: 0x80005fdc (0x41ca5693) srai    a3, s4, 28
core   0: 3 0x80005fdc (0x41ca5693) x13 0x00000000
core   0: 0x80005fe0 (0x412b8a33) sub     s4, s7, s2
core   0: 3 0x80005fe0 (0x412b8a33) x20 0xb8662bf8
core   0: 0x80005fe4 (0x00bcfeb3) and     t4, s9, a1
core   0: 3 0x80005fe4 (0x00bcfeb3) x29 0x00000000
core   0: 0x80005fe8 (0x0185a333) slt     t1, a1, s8
core   0: 3 0x80005fe8 (0x0185a333) x6  0x00000001
core   0: 0x80005fec (0x00efff33) and     t5, t6, a4
core   0: 3 0x80005fec (0x00efff33) x30 0x80000000
core   0: 0x80005ff0 (0x0000825d) c.srli  a2, 23
core   0: 3 0x80005ff0 (0x825d) x12 0x0000007f
core   0: 0x80005ff2 (0x4036d913) srai    s2, a3, 3
core   0: 3 0x80005ff2 (0x4036d913) x18 0x00000000
core   0: 0x80005ff6 (0x98670913) addi    s2, a4, -1658
core   0: 3 0x80005ff6 (0x98670913) x18 0xeee7f986
core   0: 0x80005ffa (0xf3f07517) auipc   a0, 0xf3f07
core   0: 3 0x80005ffa (0xf3f07517) x10 0x73f0cffa
core   0: 0x80005ffe (0xee53e713) ori     a4, t2, -283
core   0: 3 0x80005ffe (0xee53e713) x14 0xfffffee5
core   0: 0x80006002 (0x0000611d) c.addi16sp sp, 416
core   0: 3 0x80006002 (0x611d) x2  0x3fc4e1dc
core   0: 0x80006004 (0x00d26363) bltu    tp, a3, pc + 6
core   0: 3 0x80006004 (0x00d26363)
core   0: 0x80006008 (0x00008d19) c.sub   a0, a4
core   0: 3 0x80006008 (0x8d19) x10 0x73f0d115
core   0: 0x8000600a (0x011d6f33) or      t5, s10, a7
core   0: 3 0x8000600a (0x011d6f33) x30 0x215d9f5c
core   0: 0x8000600e (0x00000001) c.nop
core   0: 3 0x8000600e (0x0001)
core   0: 0x80006010 (0x86536793) ori     a5, t1, -1947
core   0: 3 0x80006010 (0x86536793) x15 0xfffff865
core   0: 0x80006014 (0x03b55263) bge     a0, s11, pc + 36
core   0: 3 0x80006014 (0x03b55263)
core   0: 0x80006038 (0x01838933) add     s2, t2, s8
core   0: 3 0x80006038 (0x01838933) x18 0x8004762c
core   0: 0x8000603c (0x01f676b3) and     a3, a2, t6
core   0: 3 0x8000603c (0x01f676b3) x13 0x0000000f
core   0: 0x80006040 (0x00000bfe) c.slli  s7, 31
core   0: 3 0x80006040 (0x0bfe) x23 0x00000000
core   0: 0x80006042 (0x038f1363) bne     t5, s8, pc + 38
core   0: 3 0x80006042 (0x038f1363)
core   0: 0x80006068 (0x00008799) c.srai  a5, 6
core   0: 3 0x80006068 (0x8799) x15 0xffffffe1
core   0: 0x8000606a (0x1c69e513) ori     a0, s3, 454
core   0: 3 0x8000606a (0x1c69e513) x10 0x000001c7
core   0: 0x8000606e (0x00a034b3) snez    s1, a0
core   0: 3 0x8000606e (0x00a034b3) x9  0x00000001
core   0: 0x80006072 (0x03d83eb3) mulhu   t4, a6, t4
core   0: 3 0x80006072 (0x03d83eb3) x29 0x00000000
core   0: 0x80006076 (0x001fdf63) bge     t6, ra, pc + 30
core   0: 3 0x80006076 (0x001fdf63)
core   0: 0x8000607a (0x00008295) c.srli  a3, 5
core   0: 3 0x8000607a (0x8295) x13 0x00000000
core   0: 0x8000607c (0x01a9e533) or      a0, s3, s10
core   0: 3 0x8000607c (0x01a9e533) x10 0x00000001
core   0: 0x80006080 (0x00006241) c.lui   tp, 0x10
core   0: 3 0x80006080 (0x6241) x4  0x00010000
core   0: 0x80006082 (0x0199fd93) andi    s11, s3, 25
core   0: 3 0x80006082 (0x0199fd93) x27 0x00000001
core   0: 0x80006086 (0x00e8a2b3) slt     t0, a7, a4
core   0: 3 0x80006086 (0x00e8a2b3) x5  0x00000000
core   0: 0x8000608a (0x69728d93) addi    s11, t0, 1687
core   0: 3 0x8000608a (0x69728d93) x27 0x00000697
core   0: 0x8000608e (0x0096f963) bgeu    a3, s1, pc + 18
core   0: 3 0x8000608e (0x0096f963)
core   0: 0x80006092 (0x00008a51) c.andi  a2, 20
core   0: 3 0x80006092 (0x8a51) x12 0x00000014
core   0: 0x80006094 (0x03816633) rem     a2, sp, s8
core   0: 3 0x80006094 (0x03816633) x12 0x00004c1c
core   0: 0x80006098 (0x01303617) auipc   a2, 0x1303
core   0: 3 0x80006098 (0x01303617) x12 0x81309098
core   0: 0x8000609c (0xfad34a13) xori    s4, t1, -83
core   0: 3 0x8000609c (0xfad34a13) x20 0xffffffac
core   0: 0x800060a0 (0x03832633) mulhsu  a2, t1, s8
core   0: 3 0x800060a0 (0x03832633) x12 0x00000000
core   0: 0x800060a4 (0x0000919e) c.add   gp, t2
core   0: 3 0x800060a4 (0x919e) x3  0x5c8e5e64
core   0: 0x800060a6 (0x40d0d393) srai    t2, ra, 13
core   0: 3 0x800060a6 (0x40d0d393) x7  0x00000000
core   0: 0x800060aa (0x01b3d863) bge     t2, s11, pc + 16
core   0: 3 0x800060aa (0x01b3d863)
core   0: 0x800060ae (0x01c4f2b3) and     t0, s1, t3
core   0: 3 0x800060ae (0x01c4f2b3) x5  0x00000000
core   0: 0x800060b2 (0x000082cd) c.srli  a3, 19
core   0: 3 0x800060b2 (0x82cd) x13 0x00000000
core   0: 0x800060b4 (0x0000717d) c.addi16sp sp, -16
core   0: 3 0x800060b4 (0x717d) x2  0x3fc4e1cc
core   0: 0x800060b6 (0x00008fad) c.xor   a5, a1
core   0: 3 0x800060b6 (0x8fad) x15 0xffffffe1
core   0: 0x800060b8 (0x00008e05) c.sub   a2, s1
core   0: 3 0x800060b8 (0x8e05) x12 0xffffffff
core   0: 0x800060ba (0x00c2fc33) and     s8, t0, a2
core   0: 3 0x800060ba (0x00c2fc33) x24 0x00000000
core   0: 0x800060be (0x00ea8c63) beq     s5, a4, pc + 24
core   0: 3 0x800060be (0x00ea8c63)
core   0: 0x800060c2 (0x00008f81) c.sub   a5, s0
core   0: 3 0x800060c2 (0x8f81) x15 0x7ffd62fd
core   0: 0x800060c4 (0x00000001) c.nop
core   0: 3 0x800060c4 (0x0001)
core   0: 0x800060c6 (0x00006159) c.addi16sp sp, 400
core   0: 3 0x800060c6 (0x6159) x2  0x3fc4e35c
core   0: 0x800060c8 (0x0000454d) c.li    a0, 19
core   0: 3 0x800060c8 (0x454d) x10 0x00000013
core   0: 0x800060ca (0x6a30f593) andi    a1, ra, 1699
core   0: 3 0x800060ca (0x6a30f593) x11 0x00000000
core   0: 0x800060ce (0x0057ef33) or      t5, a5, t0
core   0: 3 0x800060ce (0x0057ef33) x30 0x7ffd62fd
core   0: 0x800060d2 (0x000080b1) c.srli  s1, 12
core   0: 3 0x800060d2 (0x80b1) x9  0x00000000
core   0: 0x800060d4 (0x00008116) c.mv    sp, t0
core   0: 3 0x800060d4 (0x8116) x2  0x00000000
core   0: 0x800060d6 (0x00cd91b3) sll     gp, s11, a2
core   0: 3 0x800060d6 (0x00cd91b3) x3  0x80000000
core   0: 0x800060da (0x025d5363) bge     s10, t0, pc + 38
core   0: 3 0x800060da (0x025d5363)
core   0: 0x80006100 (0x01641493) slli    s1, s0, 22
core   0: 3 0x80006100 (0x01641493) x9  0x39000000
core   0: 0x80006104 (0x000085ca) c.mv    a1, s2
core   0: 3 0x80006104 (0x85ca) x11 0x8004762c
core   0: 0x80006106 (0x953bbd93) sltiu   s11, s7, -1709
core   0: 3 0x80006106 (0x953bbd93) x27 0x00000001
core   0: 0x8000610a (0x032c1b33) mulh    s6, s8, s2
core   0: 3 0x8000610a (0x032c1b33) x22 0x00000000
core   0: 0x8000610e (0x000065d9) c.lui   a1, 0x16
core   0: 3 0x8000610e (0x65d9) x11 0x00016000
core   0: 0x80006110 (0x035c30b3) mulhu   ra, s8, s5
core   0: 3 0x80006110 (0x035c30b3) x1  0x00000000
core   0: 0x80006114 (0xc0558993) addi    s3, a1, -1019
core   0: 3 0x80006114 (0xc0558993) x19 0x00015c05
core   0: 0x80006118 (0x405edb93) srai    s7, t4, 5
core   0: 3 0x80006118 (0x405edb93) x23 0x00000000
core   0: 0x8000611c (0x00a62e33) slt     t3, a2, a0
core   0: 3 0x8000611c (0x00a62e33) x28 0x00000001
core   0: 0x80006120 (0x0280ec33) rem     s8, ra, s0
core   0: 3 0x80006120 (0x0280ec33) x24 0x00000000
core   0: 0x80006124 (0xc8230b93) addi    s7, t1, -894
core   0: 3 0x80006124 (0xc8230b93) x23 0xfffffc83
core   0: 0x80006128 (0x000046e9) c.li    a3, 26
core   0: 3 0x80006128 (0x46e9) x13 0x0000001a
core   0: 0x8000612a (0x00008609) c.srai  a2, 2
core   0: 3 0x8000612a (0x8609) x12 0xffffffff
core   0: 0x8000612c (0x0000892a) c.mv    s2, a0
core   0: 3 0x8000612c (0x892a) x18 0x00000013
core   0: 0x8000612e (0x022c6563) bltu    s8, sp, pc + 42
core   0: 3 0x8000612e (0x022c6563)
core   0: 0x80006132 (0x03e6f633) remu    a2, a3, t5
core   0: 3 0x80006132 (0x03e6f633) x12 0x0000001a
core   0: 0x80006136 (0x00008b4d) c.andi  a4, 19
core   0: 3 0x80006136 (0x8b4d) x14 0x00000001
core   0: 0x80006138 (0x4030d6b3) sra     a3, ra, gp
core   0: 3 0x80006138 (0x4030d6b3) x13 0x00000000
core   0: 0x8000613c (0x00008f19) c.sub   a4, a4
core   0: 3 0x8000613c (0x8f19) x14 0x00000000
core   0: 0x8000613e (0x020f7eb3) remu    t4, t5, zero
core   0: 3 0x8000613e (0x020f7eb3) x29 0x7ffd62fd
core   0: 0x80006142 (0x02c75a33) divu    s4, a4, a2
core   0: 3 0x80006142 (0x02c75a33) x20 0x00000000
core   0: 0x80006146 (0x000041a1) c.li    gp, 8
core   0: 3 0x80006146 (0x41a1) x3  0x00000008
core   0: 0x80006148 (0x00b3ca33) xor     s4, t2, a1
core   0: 3 0x80006148 (0x00b3ca33) x20 0x00016000
core   0: 0x8000614c (0x018636b3) sltu    a3, a2, s8
core   0: 3 0x8000614c (0x018636b3) x13 0x00000000
core   0: 0x80006150 (0x00fc7963) bgeu    s8, a5, pc + 18
core   0: 3 0x80006150 (0x00fc7963)
core   0: 0x80006154 (0x02f68f33) mul     t5, a3, a5
core   0: 3 0x80006154 (0x02f68f33) x30 0x00000000
core   0: 0x80006158 (0x01da0f63) beq     s4, t4, pc + 30
core   0: 3 0x80006158 (0x01da0f63)
core   0: 0x8000615c (0x00006cbd) c.lui   s9, 0xf
core   0: 3 0x8000615c (0x6cbd) x25 0x0000f000
core   0: 0x8000615e (0x0247f4b3) remu    s1, a5, tp
core   0: 3 0x8000615e (0x0247f4b3) x9  0x000062fd
core   0: 0x80006162 (0x0000e885) c.bnez  s1, pc + 48
core   0: 3 0x80006162 (0xe885)
core   0: 0x80006192 (0x03c827b3) mulhsu  a5, a6, t3
core   0: 3 0x80006192 (0x03c827b3) x15 0xffffffff
core   0: 0x80006196 (0x00004d8d) c.li    s11, 3
core   0: 3 0x80006196 (0x4d8d) x27 0x00000003
core   0: 0x80006198 (0x00008cd5) c.or    s1, a3
core   0: 3 0x80006198 (0x8cd5) x9  0x000062fd
core   0: 0x8000619a (0x023f64b3) rem     s1, t5, gp
core   0: 3 0x8000619a (0x023f64b3) x9  0x00000000
core   0: 0x8000619e (0x00006139) c.addi16sp sp, 448
core   0: 3 0x8000619e (0x6139) x2  0x000001c0
core   0: 0x800061a0 (0x03322033) mulhsu  zero, tp, s3
core   0: 3 0x800061a0 (0x03322033)
core   0: 0x800061a4 (0x44573013) sltiu   zero, a4, 1093
core   0: 3 0x800061a4 (0x44573013)
core   0: 0x800061a8 (0x4987e513) ori     a0, a5, 1176
core   0: 3 0x800061a8 (0x4987e513) x10 0xffffffff
core   0: 0x800061ac (0x41aed513) srai    a0, t4, 26
core   0: 3 0x800061ac (0x41aed513) x10 0x0000001f
core   0: 0x800061b0 (0x01fd05b3) add     a1, s10, t6
core   0: 3 0x800061b0 (0x01fd05b3) x11 0x8002570f
core   0: 0x800061b4 (0x00000001) c.nop
core   0: 3 0x800061b4 (0x0001)
core   0: 0x800061b6 (0x00000001) c.nop
core   0: 3 0x800061b6 (0x0001)
core   0: 0x800061b8 (0x00005755) c.li    a4, -11
core   0: 3 0x800061b8 (0x5755) x14 0xfffffff5
core   0: 0x800061ba (0xd0a59337) lui     t1, 0xd0a59
core   0: 3 0x800061ba (0xd0a59337) x6  0xd0a59000
core   0: 0x800061be (0x527cc137) lui     sp, 0x527cc
core   0: 3 0x800061be (0x527cc137) x2  0x527cc000
core   0: 0x800061c2 (0x03a5ef33) rem     t5, a1, s10
core   0: 3 0x800061c2 (0x03a5ef33) x30 0x8002570f
core   0: 0x800061c6 (0x00001df9) c.addi  s11, -2
core   0: 3 0x800061c6 (0x1df9) x27 0x00000001
core   0: 0x800061c8 (0x00008d6d) c.and   a0, a1
core   0: 3 0x800061c8 (0x8d6d) x10 0x0000000f
core   0: 0x800061ca (0x01675e93) srli    t4, a4, 22
core   0: 3 0x800061ca (0x01675e93) x29 0x000003ff
core   0: 0x800061ce (0x01b1da13) srli    s4, gp, 27
core   0: 3 0x800061ce (0x01b1da13) x20 0x00000000
core   0: 0x800061d2 (0xfeedd6e3) bge     s11, a4, pc - 20
core   0: 3 0x800061d2 (0xfeedd6e3)
core   0: 0x800061be (0x527cc137) lui     sp, 0x527cc
core   0: 3 0x800061be (0x527cc137) x2  0x527cc000
core   0: 0x800061c2 (0x03a5ef33) rem     t5, a1, s10
core   0: 3 0x800061c2 (0x03a5ef33) x30 0x8002570f
core   0: 0x800061c6 (0x00001df9) c.addi  s11, -2
core   0: 3 0x800061c6 (0x1df9) x27 0xffffffff
core   0: 0x800061c8 (0x00008d6d) c.and   a0, a1
core   0: 3 0x800061c8 (0x8d6d) x10 0x0000000f
core   0: 0x800061ca (0x01675e93) srli    t4, a4, 22
core   0: 3 0x800061ca (0x01675e93) x29 0x000003ff
core   0: 0x800061ce (0x01b1da13) srli    s4, gp, 27
core   0: 3 0x800061ce (0x01b1da13) x20 0x00000000
core   0: 0x800061d2 (0xfeedd6e3) bge     s11, a4, pc - 20
core   0: 3 0x800061d2 (0xfeedd6e3)
core   0: 0x800061be (0x527cc137) lui     sp, 0x527cc
core   0: 3 0x800061be (0x527cc137) x2  0x527cc000
core   0: 0x800061c2 (0x03a5ef33) rem     t5, a1, s10
core   0: 3 0x800061c2 (0x03a5ef33) x30 0x8002570f
core   0: 0x800061c6 (0x00001df9) c.addi  s11, -2
core   0: 3 0x800061c6 (0x1df9) x27 0xfffffffd
core   0: 0x800061c8 (0x00008d6d) c.and   a0, a1
core   0: 3 0x800061c8 (0x8d6d) x10 0x0000000f
core   0: 0x800061ca (0x01675e93) srli    t4, a4, 22
core   0: 3 0x800061ca (0x01675e93) x29 0x000003ff
core   0: 0x800061ce (0x01b1da13) srli    s4, gp, 27
core   0: 3 0x800061ce (0x01b1da13) x20 0x00000000
core   0: 0x800061d2 (0xfeedd6e3) bge     s11, a4, pc - 20
core   0: 3 0x800061d2 (0xfeedd6e3)
core   0: 0x800061be (0x527cc137) lui     sp, 0x527cc
core   0: 3 0x800061be (0x527cc137) x2  0x527cc000
core   0: 0x800061c2 (0x03a5ef33) rem     t5, a1, s10
core   0: 3 0x800061c2 (0x03a5ef33) x30 0x8002570f
core   0: 0x800061c6 (0x00001df9) c.addi  s11, -2
core   0: 3 0x800061c6 (0x1df9) x27 0xfffffffb
core   0: 0x800061c8 (0x00008d6d) c.and   a0, a1
core   0: 3 0x800061c8 (0x8d6d) x10 0x0000000f
core   0: 0x800061ca (0x01675e93) srli    t4, a4, 22
core   0: 3 0x800061ca (0x01675e93) x29 0x000003ff
core   0: 0x800061ce (0x01b1da13) srli    s4, gp, 27
core   0: 3 0x800061ce (0x01b1da13) x20 0x00000000
core   0: 0x800061d2 (0xfeedd6e3) bge     s11, a4, pc - 20
core   0: 3 0x800061d2 (0xfeedd6e3)
core   0: 0x800061be (0x527cc137) lui     sp, 0x527cc
core   0: 3 0x800061be (0x527cc137) x2  0x527cc000
core   0: 0x800061c2 (0x03a5ef33) rem     t5, a1, s10
core   0: 3 0x800061c2 (0x03a5ef33) x30 0x8002570f
core   0: 0x800061c6 (0x00001df9) c.addi  s11, -2
core   0: 3 0x800061c6 (0x1df9) x27 0xfffffff9
core   0: 0x800061c8 (0x00008d6d) c.and   a0, a1
core   0: 3 0x800061c8 (0x8d6d) x10 0x0000000f
core   0: 0x800061ca (0x01675e93) srli    t4, a4, 22
core   0: 3 0x800061ca (0x01675e93) x29 0x000003ff
core   0: 0x800061ce (0x01b1da13) srli    s4, gp, 27
core   0: 3 0x800061ce (0x01b1da13) x20 0x00000000
core   0: 0x800061d2 (0xfeedd6e3) bge     s11, a4, pc - 20
core   0: 3 0x800061d2 (0xfeedd6e3)
core   0: 0x800061be (0x527cc137) lui     sp, 0x527cc
core   0: 3 0x800061be (0x527cc137) x2  0x527cc000
core   0: 0x800061c2 (0x03a5ef33) rem     t5, a1, s10
core   0: 3 0x800061c2 (0x03a5ef33) x30 0x8002570f
core   0: 0x800061c6 (0x00001df9) c.addi  s11, -2
core   0: 3 0x800061c6 (0x1df9) x27 0xfffffff7
core   0: 0x800061c8 (0x00008d6d) c.and   a0, a1
core   0: 3 0x800061c8 (0x8d6d) x10 0x0000000f
core   0: 0x800061ca (0x01675e93) srli    t4, a4, 22
core   0: 3 0x800061ca (0x01675e93) x29 0x000003ff
core   0: 0x800061ce (0x01b1da13) srli    s4, gp, 27
core   0: 3 0x800061ce (0x01b1da13) x20 0x00000000
core   0: 0x800061d2 (0xfeedd6e3) bge     s11, a4, pc - 20
core   0: 3 0x800061d2 (0xfeedd6e3)
core   0: 0x800061be (0x527cc137) lui     sp, 0x527cc
core   0: 3 0x800061be (0x527cc137) x2  0x527cc000
core   0: 0x800061c2 (0x03a5ef33) rem     t5, a1, s10
core   0: 3 0x800061c2 (0x03a5ef33) x30 0x8002570f
core   0: 0x800061c6 (0x00001df9) c.addi  s11, -2
core   0: 3 0x800061c6 (0x1df9) x27 0xfffffff5
core   0: 0x800061c8 (0x00008d6d) c.and   a0, a1
core   0: 3 0x800061c8 (0x8d6d) x10 0x0000000f
core   0: 0x800061ca (0x01675e93) srli    t4, a4, 22
core   0: 3 0x800061ca (0x01675e93) x29 0x000003ff
core   0: 0x800061ce (0x01b1da13) srli    s4, gp, 27
core   0: 3 0x800061ce (0x01b1da13) x20 0x00000000
core   0: 0x800061d2 (0xfeedd6e3) bge     s11, a4, pc - 20
core   0: 3 0x800061d2 (0xfeedd6e3)
core   0: 0x800061be (0x527cc137) lui     sp, 0x527cc
core   0: 3 0x800061be (0x527cc137) x2  0x527cc000
core   0: 0x800061c2 (0x03a5ef33) rem     t5, a1, s10
core   0: 3 0x800061c2 (0x03a5ef33) x30 0x8002570f
core   0: 0x800061c6 (0x00001df9) c.addi  s11, -2
core   0: 3 0x800061c6 (0x1df9) x27 0xfffffff3
core   0: 0x800061c8 (0x00008d6d) c.and   a0, a1
core   0: 3 0x800061c8 (0x8d6d) x10 0x0000000f
core   0: 0x800061ca (0x01675e93) srli    t4, a4, 22
core   0: 3 0x800061ca (0x01675e93) x29 0x000003ff
core   0: 0x800061ce (0x01b1da13) srli    s4, gp, 27
core   0: 3 0x800061ce (0x01b1da13) x20 0x00000000
core   0: 0x800061d2 (0xfeedd6e3) bge     s11, a4, pc - 20
core   0: 3 0x800061d2 (0xfeedd6e3)
core   0: 0x800061d6 (0x000085f1) c.srai  a1, 28
core   0: 3 0x800061d6 (0x85f1) x11 0xfffffff8
core   0: 0x800061d8 (0x02253533) mulhu   a0, a0, sp
core   0: 3 0x800061d8 (0x02253533) x10 0x00000004
core   0: 0x800061dc (0x000016fd) c.addi  a3, -1
core   0: 3 0x800061dc (0x16fd) x13 0xffffffff
core   0: 0x800061de (0x03e28263) beq     t0, t5, pc + 36
core   0: 3 0x800061de (0x03e28263)
core   0: 0x800061e2 (0x009c9d63) bne     s9, s1, pc + 26
core   0: 3 0x800061e2 (0x009c9d63)
core   0: 0x800061fc (0x00008e5d) c.or    a2, a5
core   0: 3 0x800061fc (0x8e5d) x12 0xffffffff
core   0: 0x800061fe (0x00d85fb3) srl     t6, a6, a3
core   0: 3 0x800061fe (0x00d85fb3) x31 0x00000001
core   0: 0x80006202 (0x00008d15) c.sub   a0, a3
core   0: 3 0x80006202 (0x8d15) x10 0x00000005
core   0: 0x80006204 (0x008f1f63) bne     t5, s0, pc + 30
core   0: 3 0x80006204 (0x008f1f63)
core   0: 0x80006222 (0x02fdcb33) div     s6, s11, a5
core   0: 3 0x80006222 (0x02fdcb33) x22 0x0000000d
core   0: 0x80006226 (0x003e8533) add     a0, t4, gp
core   0: 3 0x80006226 (0x003e8533) x10 0x00000407
core   0: 0x8000622a (0x01a65d33) srl     s10, a2, s10
core   0: 3 0x8000622a (0x01a65d33) x26 0xffffffff
core   0: 0x8000622e (0x002395b3) sll     a1, t2, sp
core   0: 3 0x8000622e (0x002395b3) x11 0x00000000
core   0: 0x80006232 (0x00009a12) c.add   s4, tp
core   0: 3 0x80006232 (0x9a12) x20 0x00010000
core   0: 0x80006234 (0x03974033) div     zero, a4, s9
core   0: 3 0x80006234 (0x03974033)
core   0: 0x80006238 (0x02b7cd33) div     s10, a5, a1
core   0: 3 0x80006238 (0x02b7cd33) x26 0xffffffff
core   0: 0x8000623c (0xbca2f293) andi    t0, t0, -1078
core   0: 3 0x8000623c (0xbca2f293) x5  0x00000000
core   0: 0x80006240 (0x011c34b3) sltu    s1, s8, a7
core   0: 3 0x80006240 (0x011c34b3) x9  0x00000001
core   0: 0x80006244 (0x039daeb3) mulhsu  t4, s11, s9
core   0: 3 0x80006244 (0x039daeb3) x29 0xffffffff
core   0: 0x80006248 (0x0149e963) bltu    s3, s4, pc + 18
core   0: 3 0x80006248 (0x0149e963)
core   0: 0x8000624c (0x00736463) bltu    t1, t2, pc + 8
core   0: 3 0x8000624c (0x00736463)
core   0: 0x80006250 (0x00d84633) xor     a2, a6, a3
core   0: 3 0x80006250 (0x00d84633) x12 0x7fffffff
core   0: 0x80006254 (0x830d6637) lui     a2, 0x830d6
core   0: 3 0x80006254 (0x830d6637) x12 0x830d6000
core   0: 0x80006258 (0x0000e489) c.bnez  s1, pc + 10
core   0: 3 0x80006258 (0xe489)
core   0: 0x80006262 (0x000080f1) c.srli  s1, 28
core   0: 3 0x80006262 (0x80f1) x9  0x00000000
core   0: 0x80006264 (0x1128e9b7) lui     s3, 0x1128e
core   0: 3 0x80006264 (0x1128e9b7) x19 0x1128e000
core   0: 0x80006268 (0x021f7363) bgeu    t5, ra, pc + 38
core   0: 3 0x80006268 (0x021f7363)
core   0: 0x8000628e (0x0352dfb3) divu    t6, t0, s5
core   0: 3 0x8000628e (0x0352dfb3) x31 0x00000000
core   0: 0x80006292 (0x00000001) c.nop
core   0: 3 0x80006292 (0x0001)
core   0: 0x80006294 (0x03e50363) beq     a0, t5, pc + 38
core   0: 3 0x80006294 (0x03e50363)
core   0: 0x80006298 (0x00004925) c.li    s2, 9
core   0: 3 0x80006298 (0x4925) x18 0x00000009
core   0: 0x8000629a (0xd4d5a693) slti    a3, a1, -691
core   0: 3 0x8000629a (0xd4d5a693) x13 0x00000000
core   0: 0x8000629e (0x00008dcd) c.or    a1, a1
core   0: 3 0x8000629e (0x8dcd) x11 0x00000000
core   0: 0x800062a0 (0xc4da6f13) ori     t5, s4, -947
core   0: 3 0x800062a0 (0xc4da6f13) x30 0xfffffc4d
core   0: 0x800062a4 (0x9d487613) andi    a2, a6, -1580
core   0: 3 0x800062a4 (0x9d487613) x12 0x80000000
core   0: 0x800062a8 (0x0000e119) c.bnez  a0, pc + 6
core   0: 3 0x800062a8 (0xe119)
core   0: 0x800062ae (0x039c5463) bge     s8, s9, pc + 40
core   0: 3 0x800062ae (0x039c5463)
core   0: 0x800062b2 (0x0000717d) c.addi16sp sp, -16
core   0: 3 0x800062b2 (0x717d) x2  0x527cbff0
core   0: 0x800062b4 (0x000000b6) c.slli  ra, 13
core   0: 3 0x800062b4 (0x00b6) x1  0x00000000
core   0: 0x800062b6 (0x00ae60b3) or      ra, t3, a0
core   0: 3 0x800062b6 (0x00ae60b3) x1  0x00000407
core   0: 0x800062ba (0x03eea033) mulhsu  zero, t4, t5
core   0: 3 0x800062ba (0x03eea033)
core   0: 0x800062be (0x01f71493) slli    s1, a4, 31
core   0: 3 0x800062be (0x01f71493) x9  0x80000000
core   0: 0x800062c2 (0x5a803193) sltiu   gp, zero, 1448
core   0: 3 0x800062c2 (0x5a803193) x3  0x00000001
core   0: 0x800062c6 (0x02f76cb3) rem     s9, a4, a5
core   0: 3 0x800062c6 (0x02f76cb3) x25 0x00000000
core   0: 0x800062ca (0x000081b1) c.srli  a1, 12
core   0: 3 0x800062ca (0x81b1) x11 0x00000000
core   0: 0x800062cc (0x0031b733) sltu    a4, gp, gp
core   0: 3 0x800062cc (0x0031b733) x14 0x00000000
core   0: 0x800062d0 (0x00008e11) c.sub   a2, a2
core   0: 3 0x800062d0 (0x8e11) x12 0x00000000
core   0: 0x800062d2 (0x02b6e163) bltu    a3, a1, pc + 34
core   0: 3 0x800062d2 (0x02b6e163)
core   0: 0x800062d6 (0xb7d43e93) sltiu   t4, s0, -1155
core   0: 3 0x800062d6 (0xb7d43e93) x29 0x00000001
core   0: 0x800062da (0x410add13) srai    s10, s5, 16
core   0: 3 0x800062da (0x410add13) x26 0xffff8002
core   0: 0x800062de (0x000056fd) c.li    a3, -1
core   0: 3 0x800062de (0x56fd) x13 0xffffffff
core   0: 0x800062e0 (0x00339e33) sll     t3, t2, gp
core   0: 3 0x800062e0 (0x00339e33) x28 0x00000000
core   0: 0x800062e4 (0x375f8c37) lui     s8, 0x375f8
core   0: 3 0x800062e4 (0x375f8c37) x24 0x375f8000
core   0: 0x800062e8 (0x02a9d133) divu    sp, s3, a0
core   0: 3 0x800062e8 (0x02a9d133) x2  0x000442c3
core   0: 0x800062ec (0x04088463) beqz    a7, pc + 72
core   0: 3 0x800062ec (0x04088463)
core   0: 0x800062f0 (0x0116ce33) xor     t3, a3, a7
core   0: 3 0x800062f0 (0x0116ce33) x28 0xdea260a3
core   0: 0x800062f4 (0x01adf963) bgeu    s11, s10, pc + 18
core   0: 3 0x800062f4 (0x01adf963)
core   0: 0x80006306 (0x03e87563) bgeu    a6, t5, pc + 42
core   0: 3 0x80006306 (0x03e87563)
core   0: 0x8000630a (0x02a04a33) div     s4, zero, a0
core   0: 3 0x8000630a (0x02a04a33) x20 0x00000000
core   0: 0x8000630e (0x01f0ebb3) or      s7, ra, t6
core   0: 3 0x8000630e (0x01f0ebb3) x23 0x00000407
core   0: 0x80006312 (0x02272a33) mulhsu  s4, a4, sp
core   0: 3 0x80006312 (0x02272a33) x20 0x00000000
core   0: 0x80006316 (0x006c5c93) srli    s9, s8, 6
core   0: 3 0x80006316 (0x006c5c93) x25 0x00dd7e00
core   0: 0x8000631a (0x0173cb33) xor     s6, t2, s7
core   0: 3 0x8000631a (0x0173cb33) x22 0x00000407
core   0: 0x8000631e (0x0362e863) bltu    t0, s6, pc + 48
core   0: 3 0x8000631e (0x0362e863)
core   0: 0x8000634e (0x05caf163) bgeu    s5, t3, pc + 66
core   0: 3 0x8000634e (0x05caf163)
core   0: 0x80006352 (0x02678a33) mul     s4, a5, t1
core   0: 3 0x80006352 (0x02678a33) x20 0x2f5a7000
core   0: 0x80006356 (0x000004da) c.slli  s1, 22
core   0: 3 0x80006356 (0x04da) x9  0x00000000
core   0: 0x80006358 (0x0100f463) bgeu    ra, a6, pc + 8
core   0: 3 0x80006358 (0x0100f463)
core   0: 0x8000635c (0x031f0e63) beq     t5, a7, pc + 60
core   0: 3 0x8000635c (0x031f0e63)
core   0: 0x80006360 (0x41aeddb3) sra     s11, t4, s10
core   0: 3 0x80006360 (0x41aeddb3) x27 0x00000000
core   0: 0x80006364 (0x00000001) c.nop
core   0: 3 0x80006364 (0x0001)
core   0: 0x80006366 (0x01ca76b3) and     a3, s4, t3
core   0: 3 0x80006366 (0x01ca76b3) x13 0x0e026000
core   0: 0x8000636a (0x00259c33) sll     s8, a1, sp
core   0: 3 0x8000636a (0x00259c33) x24 0x00000000
core   0: 0x8000636e (0x00000e05) c.addi  t3, 1
core   0: 3 0x8000636e (0x0e05) x28 0xdea260a4
core   0: 0x80006370 (0x000081ba) c.mv    gp, a4
core   0: 3 0x80006370 (0x81ba) x3  0x00000000
core   0: 0x80006372 (0x01a8f463) bgeu    a7, s10, pc + 8
core   0: 3 0x80006372 (0x01a8f463)
core   0: 0x80006376 (0x707bf293) andi    t0, s7, 1799
core   0: 3 0x80006376 (0x707bf293) x5  0x00000407
core   0: 0x8000637a (0x0109e6b3) or      a3, s3, a6
core   0: 3 0x8000637a (0x0109e6b3) x13 0x9128e000
core   0: 0x8000637e (0x1ad5c193) xori    gp, a1, 429
core   0: 3 0x8000637e (0x1ad5c193) x3  0x000001ad
core   0: 0x80006382 (0x03a1beb3) mulhu   t4, gp, s10
core   0: 3 0x80006382 (0x03a1beb3) x29 0x000001ac
core   0: 0x80006386 (0x000009de) c.slli  s3, 23
core   0: 3 0x80006386 (0x09de) x19 0x00000000
core   0: 0x80006388 (0x000083c9) c.srli  a5, 18
core   0: 3 0x80006388 (0x83c9) x15 0x00003fff
core   0: 0x8000638a (0x00519513) slli    a0, gp, 5
core   0: 3 0x8000638a (0x00519513) x10 0x000035a0
core   0: 0x8000638e (0x00008d6d) c.and   a0, a1
core   0: 3 0x8000638e (0x8d6d) x10 0x00000000
core   0: 0x80006390 (0x00008a99) c.andi  a3, 6
core   0: 3 0x80006390 (0x8a99) x13 0x00000000
core   0: 0x80006392 (0x00008db9) c.xor   a1, a4
core   0: 3 0x80006392 (0x8db9) x11 0x00000000
core   0: 0x80006394 (0x4144db93) srai    s7, s1, 20
core   0: 3 0x80006394 (0x4144db93) x23 0x00000000
core   0: 0x80006398 (0x01bad1b3) srl     gp, s5, s11
core   0: 3 0x80006398 (0x01bad1b3) x3  0x80025e64
core   0: 0x8000639c (0x0000898a) c.mv    s3, sp
core   0: 3 0x8000639c (0x898a) x19 0x000442c3
core   0: 0x8000639e (0x0000e485) c.bnez  s1, pc + 40
core   0: 3 0x8000639e (0xe485)
core   0: 0x800063a0 (0x024d5133) divu    sp, s10, tp
core   0: 3 0x800063a0 (0x024d5133) x2  0x0000ffff
core   0: 0x800063a4 (0x02e7a733) mulhsu  a4, a5, a4
core   0: 3 0x800063a4 (0x02e7a733) x14 0x00000000
core   0: 0x800063a8 (0x40948233) sub     tp, s1, s1
core   0: 3 0x800063a8 (0x40948233) x4  0x00000000
core   0: 0x800063ac (0x7a1fec13) ori     s8, t6, 1953
core   0: 3 0x800063ac (0x7a1fec13) x24 0x000007a1
core   0: 0x800063b0 (0x00008775) c.srai  a4, 29
core   0: 3 0x800063b0 (0x8775) x14 0x00000000
core   0: 0x800063b2 (0x013f0933) add     s2, t5, s3
core   0: 3 0x800063b2 (0x013f0933) x18 0x00043f10
core   0: 0x800063b6 (0x0143da33) srl     s4, t2, s4
core   0: 3 0x800063b6 (0x0143da33) x20 0x00000000
core   0: 0x800063ba (0x000007ae) c.slli  a5, 11
core   0: 3 0x800063ba (0x07ae) x15 0x01fff800
core   0: 0x800063bc (0x0000010c) c.addi4spn a1, sp, 128
core   0: 3 0x800063bc (0x010c) x11 0x0001007f
core   0: 0x800063be (0x00008f11) c.sub   a4, a2
core   0: 3 0x800063be (0x8f11) x14 0x00000000
core   0: 0x800063c0 (0x01540f33) add     t5, s0, s5
core   0: 3 0x800063c0 (0x01540f33) x30 0x0004fb48
core   0: 0x800063c4 (0x00000001) c.nop
core   0: 3 0x800063c4 (0x0001)
core   0: 0x800063c6 (0x00008ec1) c.or    a3, s0
core   0: 3 0x800063c6 (0x8ec1) x13 0x80029ce4
core   0: 0x800063c8 (0x000087f1) c.srai  a5, 28
core   0: 3 0x800063c8 (0x87f1) x15 0x00000000
core   0: 0x800063ca (0x000081fd) c.srli  a1, 31
core   0: 3 0x800063ca (0x81fd) x11 0x00000000
core   0: 0x800063cc (0x03cfeb33) rem     s6, t6, t3
core   0: 3 0x800063cc (0x03cfeb33) x22 0x00000000
core   0: 0x800063d0 (0x02bb39b3) mulhu   s3, s6, a1
core   0: 3 0x800063d0 (0x02bb39b3) x19 0x00000000
core   0: 0x800063d4 (0x000084ed) c.srai  s1, 27
core   0: 3 0x800063d4 (0x84ed) x9  0x00000000
core   0: 0x800063d6 (0x00008929) c.andi  a0, 10
core   0: 3 0x800063d6 (0x8929) x10 0x00000000
core   0: 0x800063d8 (0x00000c9e) c.slli  s9, 7
core   0: 3 0x800063d8 (0x0c9e) x25 0x6ebf0000
core   0: 0x800063da (0x00004511) c.li    a0, 4
core   0: 3 0x800063da (0x4511) x10 0x00000004
core   0: 0x800063dc (0x000069e5) c.lui   s3, 0x19
core   0: 3 0x800063dc (0x69e5) x19 0x00019000
core   0: 0x800063de (0x00008f61) c.and   a4, s0
core   0: 3 0x800063de (0x8f61) x14 0x00000000
core   0: 0x800063e0 (0x025928b3) mulhsu  a7, s2, t0
core   0: 3 0x800063e0 (0x025928b3) x17 0x00000000
core   0: 0x800063e4 (0x000083c9) c.srli  a5, 18
core   0: 3 0x800063e4 (0x83c9) x15 0x00000000
core   0: 0x800063e6 (0x92c8a013) slti    zero, a7, -1748
core   0: 3 0x800063e6 (0x92c8a013)
core   0: 0x800063ea (0x0302dcb3) divu    s9, t0, a6
core   0: 3 0x800063ea (0x0302dcb3) x25 0x00000000
core   0: 0x800063ee (0x00006f91) c.lui   t6, 0x4
core   0: 3 0x800063ee (0x6f91) x31 0x00004000
core   0: 0x800063f0 (0x2b90f013) andi    zero, ra, 697
core   0: 3 0x800063f0 (0x2b90f013)
core   0: 0x800063f4 (0x037de663) bltu    s11, s7, pc + 44
core   0: 3 0x800063f4 (0x037de663)
core   0: 0x800063f8 (0x8d078793) addi    a5, a5, -1840
core   0: 3 0x800063f8 (0x8d078793) x15 0xfffff8d0
core   0: 0x800063fc (0x02ee8863) beq     t4, a4, pc + 48
core   0: 3 0x800063fc (0x02ee8863)
core   0: 0x80006400 (0x00006155) c.addi16sp sp, 304
core   0: 3 0x80006400 (0x6155) x2  0x0001012f
core   0: 0x80006402 (0x5e3c4e13) xori    t3, s8, 1507
core   0: 3 0x80006402 (0x5e3c4e13) x28 0x00000242
core   0: 0x80006406 (0x023906b3) mul     a3, s2, gp
core   0: 3 0x80006406 (0x023906b3) x13 0x0ef08240
core   0: 0x8000640a (0x403b0a33) sub     s4, s6, gp
core   0: 3 0x8000640a (0x403b0a33) x20 0x7ffda19c
core   0: 0x8000640e (0x0133a4b3) slt     s1, t2, s3
core   0: 3 0x8000640e (0x0133a4b3) x9  0x00000001
core   0: 0x80006412 (0x0000c29d) c.beqz  a3, pc + 38
core   0: 3 0x80006412 (0xc29d)
core   0: 0x80006414 (0x02960533) mul     a0, a2, s1
core   0: 3 0x80006414 (0x02960533) x10 0x00000000
core   0: 0x80006418 (0xe7f6eb93) ori     s7, a3, -385
core   0: 3 0x80006418 (0xe7f6eb93) x23 0xfffffe7f
core   0: 0x8000641c (0x00b87633) and     a2, a6, a1
core   0: 3 0x8000641c (0x00b87633) x12 0x00000000
core   0: 0x80006420 (0x00000001) c.nop
core   0: 3 0x80006420 (0x0001)
core   0: 0x80006422 (0x00008a81) c.andi  a3, 0
core   0: 3 0x80006422 (0x8a81) x13 0x00000000
core   0: 0x80006424 (0x00abdd63) bge     s7, a0, pc + 26
core   0: 3 0x80006424 (0x00abdd63)
core   0: 0x80006428 (0xbe7bc6b7) lui     a3, 0xbe7bc
core   0: 3 0x80006428 (0xbe7bc6b7) x13 0xbe7bc000
core   0: 0x8000642c (0x7ac06f13) ori     t5, zero, 1964
core   0: 3 0x8000642c (0x7ac06f13) x30 0x000007ac
core   0: 0x80006430 (0x00000001) c.nop
core   0: 3 0x80006430 (0x0001)
core   0: 0x80006432 (0x000016fd) c.addi  a3, -1
core   0: 3 0x80006432 (0x16fd) x13 0xbe7bbfff
core   0: 0x80006434 (0x008779b3) and     s3, a4, s0
core   0: 3 0x80006434 (0x008779b3) x19 0x00000000
core   0: 0x80006438 (0x000051fd) c.li    gp, -1
core   0: 3 0x80006438 (0x51fd) x3  0xffffffff
core   0: 0x8000643a (0x02e5b2b3) mulhu   t0, a1, a4
core   0: 3 0x8000643a (0x02e5b2b3) x5  0x00000000
core   0: 0x8000643e (0x01cecdb3) xor     s11, t4, t3
core   0: 3 0x8000643e (0x01cecdb3) x27 0x000003ee
core   0: 0x80006442 (0x40a90133) sub     sp, s2, a0
core   0: 3 0x80006442 (0x40a90133) x2  0x00043f10
core   0: 0x80006446 (0x03ab0cb3) mul     s9, s6, s10
core   0: 3 0x80006446 (0x03ab0cb3) x25 0x00000000
core   0: 0x8000644a (0x00008e3d) c.xor   a2, a5
core   0: 3 0x8000644a (0x8e3d) x12 0xfffff8d0
core   0: 0x8000644c (0x013e5593) srli    a1, t3, 19
core   0: 3 0x8000644c (0x013e5593) x11 0x00000000
core   0: 0x80006450 (0x034f3cb3) mulhu   s9, t5, s4
core   0: 3 0x80006450 (0x034f3cb3) x25 0x000003d5
core   0: 0x80006454 (0x20d42e93) slti    t4, s0, 525
core   0: 3 0x80006454 (0x20d42e93) x29 0x00000001
core   0: 0x80006458 (0x0000717d) c.addi16sp sp, -16
core   0: 3 0x80006458 (0x717d) x2  0x00043f00
core   0: 0x8000645a (0x03356063) bltu    a0, s3, pc + 32
core   0: 3 0x8000645a (0x03356063)
core   0: 0x8000645e (0x00ada033) slt     zero, s11, a0
core   0: 3 0x8000645e (0x00ada033)
core   0: 0x80006462 (0x000000da) c.slli  ra, 22
core   0: 3 0x80006462 (0x00da) x1  0x01c00000
core   0: 0x80006464 (0x56c0b513) sltiu   a0, ra, 1388
core   0: 3 0x80006464 (0x56c0b513) x10 0x00000000
core   0: 0x80006468 (0x03e750b3) divu    ra, a4, t5
core   0: 3 0x80006468 (0x03e750b3) x1  0x00000000
core   0: 0x8000646c (0x005c93b3) sll     t2, s9, t0
core   0: 3 0x8000646c (0x005c93b3) x7  0x000003d5
core   0: 0x80006470 (0x016f5213) srli    tp, t5, 22
core   0: 3 0x80006470 (0x016f5213) x4  0x00000000
core   0: 0x80006474 (0x00008cc6) c.mv    s9, a7
core   0: 3 0x80006474 (0x8cc6) x25 0x00000000
core   0: 0x80006476 (0x032f33b3) mulhu   t2, t5, s2
core   0: 3 0x80006476 (0x032f33b3) x7  0x00000000
core   0: 0x8000647a (0x00a29bb3) sll     s7, t0, a0
core   0: 3 0x8000647a (0x00a29bb3) x23 0x00000000
core   0: 0x8000647e (0x0210f563) bgeu    ra, ra, pc + 42
core   0: 3 0x8000647e (0x0210f563)
core   0: 0x800064a8 (0xec7ab593) sltiu   a1, s5, -313
core   0: 3 0x800064a8 (0xec7ab593) x11 0x00000001
core   0: 0x800064ac (0x34096393) ori     t2, s2, 832
core   0: 3 0x800064ac (0x34096393) x7  0x00043f50
core   0: 0x800064b0 (0x00008c85) c.sub   s1, s1
core   0: 3 0x800064b0 (0x8c85) x9  0x00000000
core   0: 0x800064b2 (0x0107d613) srli    a2, a5, 16
core   0: 3 0x800064b2 (0x0107d613) x12 0x0000ffff
core   0: 0x800064b6 (0x00008e85) c.sub   a3, s1
core   0: 3 0x800064b6 (0x8e85) x13 0xbe7bbfff
core   0: 0x800064b8 (0x02c5f363) bgeu    a1, a2, pc + 38
core   0: 3 0x800064b8 (0x02c5f363)
core   0: 0x800064bc (0x00009552) c.add   a0, s4
core   0: 3 0x800064bc (0x9552) x10 0x7ffda19c
core   0: 0x800064be (0x00008789) c.srai  a5, 2
core   0: 3 0x800064be (0x8789) x15 0xfffffe34
core   0: 0x800064c0 (0x41bb8a33) sub     s4, s7, s11
core   0: 3 0x800064c0 (0x41bb8a33) x20 0xfffffc12
core   0: 0x800064c4 (0x00000001) c.nop
core   0: 3 0x800064c4 (0x0001)
core   0: 0x800064c6 (0x41de5a13) srai    s4, t3, 29
core   0: 3 0x800064c6 (0x41de5a13) x20 0x00000000
core   0: 0x800064ca (0x0000c095) c.beqz  s1, pc + 36
core   0: 3 0x800064ca (0xc095)
core   0: 0x800064ee (0x000082a5) c.srli  a3, 9
core   0: 3 0x800064ee (0x82a5) x13 0x005f3ddf
core   0: 0x800064f0 (0x83bd0b93) addi    s7, s10, -1989
core   0: 3 0x800064f0 (0x83bd0b93) x23 0xffff783d
core   0: 0x800064f4 (0x01ec1a13) slli    s4, s8, 30
core   0: 3 0x800064f4 (0x01ec1a13) x20 0x40000000
core   0: 0x800064f8 (0x5f09b493) sltiu   s1, s3, 1520
core   0: 3 0x800064f8 (0x5f09b493) x9  0x00000001
core   0: 0x800064fc (0x000084d1) c.srai  s1, 20
core   0: 3 0x800064fc (0x84d1) x9  0x00000000
core   0: 0x800064fe (0x00a0d963) bge     ra, a0, pc + 18
core   0: 3 0x800064fe (0x00a0d963)
core   0: 0x80006502 (0x079a3f13) sltiu   t5, s4, 121
core   0: 3 0x80006502 (0x079a3f13) x30 0x00000000
core   0: 0x80006506 (0x00001290) c.addi4spn a2, sp, 352
core   0: 3 0x80006506 (0x1290) x12 0x00044060
core   0: 0x80006508 (0x00d97fb3) and     t6, s2, a3
core   0: 3 0x80006508 (0x00d97fb3) x31 0x00043d10
core   0: 0x8000650c (0x024abfb3) mulhu   t6, s5, tp
core   0: 3 0x8000650c (0x024abfb3) x31 0x00000000
core   0: 0x80006510 (0xcb17e713) ori     a4, a5, -847
core   0: 3 0x80006510 (0xcb17e713) x14 0xfffffeb5
core   0: 0x80006514 (0x0000e08d) c.bnez  s1, pc + 34
core   0: 3 0x80006514 (0xe08d)
core   0: 0x80006516 (0x000091d2) c.add   gp, s4
core   0: 3 0x80006516 (0x91d2) x3  0x3fffffff
core   0: 0x80006518 (0xd5c48c93) addi    s9, s1, -676
core   0: 3 0x80006518 (0xd5c48c93) x25 0xfffffd5c
core   0: 0x8000651c (0x00000001) c.nop
core   0: 3 0x8000651c (0x0001)
core   0: 0x8000651e (0x0000962a) c.add   a2, a0
core   0: 3 0x8000651e (0x962a) x12 0x8001e1fc
core   0: 0x80006520 (0x0000988e) c.add   a7, gp
core   0: 3 0x80006520 (0x988e) x17 0x3fffffff
core   0: 0x80006522 (0x008c06b3) add     a3, s8, s0
core   0: 3 0x80006522 (0x008c06b3) x13 0x8002a485
core   0: 0x80006526 (0xd2d36193) ori     gp, t1, -723
core   0: 3 0x80006526 (0xd2d36193) x3  0xfffffd2d
core   0: 0x8000652a (0x01b8deb3) srl     t4, a7, s11
core   0: 3 0x8000652a (0x01b8deb3) x29 0x0000ffff
core   0: 0x8000652e (0x0218c133) div     sp, a7, ra
core   0: 3 0x8000652e (0x0218c133) x2  0xffffffff
core   0: 0x80006532 (0x9343e893) ori     a7, t2, -1740
core   0: 3 0x80006532 (0x9343e893) x17 0xffffff74
core   0: 0x80006536 (0x03b51b33) mulh    s6, a0, s11
core   0: 3 0x80006536 (0x03b51b33) x22 0x000001f6
core   0: 0x8000653a (0x038d1d33) mulh    s10, s10, s8
core   0: 3 0x8000653a (0x038d1d33) x26 0xffffffff
core   0: 0x8000653e (0x00008d61) c.and   a0, s0
core   0: 3 0x8000653e (0x8d61) x10 0x00008084
core   0: 0x80006540 (0x0000cd89) c.beqz  a1, pc + 26
core   0: 3 0x80006540 (0xcd89)
core   0: 0x80006542 (0x0374c0b3) div     ra, s1, s7
core   0: 3 0x80006542 (0x0374c0b3) x1  0x00000000
core   0: 0x80006546 (0xdb453193) sltiu   gp, a0, -588
core   0: 3 0x80006546 (0xdb453193) x3  0x00000001
core   0: 0x8000654a (0x0152f863) bgeu    t0, s5, pc + 16
core   0: 3 0x8000654a (0x0152f863)
core   0: 0x8000654e (0x00001218) c.addi4spn a4, sp, 288
core   0: 3 0x8000654e (0x1218) x14 0x0000011f
core   0: 0x80006550 (0x00008e41) c.or    a2, s0
core   0: 3 0x80006550 (0x8e41) x12 0x8003fdfc
core   0: 0x80006552 (0x00009a7d) c.andi  a2, -1
core   0: 3 0x80006552 (0x9a7d) x12 0x8003fdfc
core   0: 0x80006554 (0x00008bd1) c.andi  a5, 20
core   0: 3 0x80006554 (0x8bd1) x15 0x00000014
core   0: 0x80006556 (0x075f0f63) beq     t5, s5, pc + 126
core   0: 3 0x80006556 (0x075f0f63)
core   0: 0x8000655a (0x000080e1) c.srli  s1, 24
core   0: 3 0x8000655a (0x80e1) x9  0x00000000
core   0: 0x8000655c (0x00008d4d) c.or    a0, a1
core   0: 3 0x8000655c (0x8d4d) x10 0x00008085
core   0: 0x8000655e (0x07145963) bge     s0, a7, pc + 114
core   0: 3 0x8000655e (0x07145963)
core   0: 0x80006562 (0x03629733) mulh    a4, t0, s6
core   0: 3 0x80006562 (0x03629733) x14 0x00000000
core   0: 0x80006566 (0x000057e9) c.li    a5, -6
core   0: 3 0x80006566 (0x57e9) x15 0xfffffffa
core   0: 0x80006568 (0x03de7db3) remu    s11, t3, t4
core   0: 3 0x80006568 (0x03de7db3) x27 0x00000242
core   0: 0x8000656c (0x445dc537) lui     a0, 0x445dc
core   0: 3 0x8000656c (0x445dc537) x10 0x445dc000
core   0: 0x80006570 (0x00004d09) c.li    s10, 2
core   0: 3 0x80006570 (0x4d09) x26 0x00000002
core   0: 0x80006572 (0x03ed55b3) divu    a1, s10, t5
core   0: 3 0x80006572 (0x03ed55b3) x11 0xffffffff
core   0: 0x80006576 (0x00008e05) c.sub   a2, s1
core   0: 3 0x80006576 (0x8e05) x12 0x8003fdfc
core   0: 0x80006578 (0x00008eb1) c.xor   a3, a2
core   0: 3 0x80006578 (0x8eb1) x13 0x00015979
core   0: 0x8000657a (0x011fd8b3) srl     a7, t6, a7
core   0: 3 0x8000657a (0x011fd8b3) x17 0x00000000
core   0: 0x8000657e (0x000085e1) c.srai  a1, 24
core   0: 3 0x8000657e (0x85e1) x11 0xffffffff
core   0: 0x80006580 (0x00000001) c.nop
core   0: 3 0x80006580 (0x0001)
core   0: 0x80006582 (0x00008f4d) c.or    a4, a1
core   0: 3 0x80006582 (0x8f4d) x14 0xffffffff
core   0: 0x80006584 (0xbdc28493) addi    s1, t0, -1060
core   0: 3 0x80006584 (0xbdc28493) x9  0xfffffbdc
core   0: 0x80006588 (0xe721c093) xori    ra, gp, -398
core   0: 3 0x80006588 (0xe721c093) x1  0xfffffe73
core   0: 0x8000658c (0x03dabbb3) mulhu   s7, s5, t4
core   0: 3 0x8000658c (0x03dabbb3) x23 0x00008001
core   0: 0x80006590 (0x03b6b1b3) mulhu   gp, a3, s11
core   0: 3 0x80006590 (0x03b6b1b3) x3  0x00000000
core   0: 0x80006594 (0x0000078d) c.addi  a5, 3
core   0: 3 0x80006594 (0x078d) x15 0xfffffffd
core   0: 0x80006596 (0x3e18c8b7) lui     a7, 0x3e18c
core   0: 3 0x80006596 (0x3e18c8b7) x17 0x3e18c000
core   0: 0x8000659a (0xffa7e3e3) bltu    a5, s10, pc - 26
core   0: 3 0x8000659a (0xffa7e3e3)
core   0: 0x8000659e (0x00008eb9) c.xor   a3, a4
core   0: 3 0x8000659e (0x8eb9) x13 0xfffea686
core   0: 0x800065a0 (0x019dd463) bge     s11, s9, pc + 8
core   0: 3 0x800065a0 (0x019dd463)
core   0: 0x800065a8 (0x0373d663) bge     t2, s7, pc + 44
core   0: 3 0x800065a8 (0x0373d663)
core   0: 0x800065d4 (0x00000001) c.nop
core   0: 3 0x800065d4 (0x0001)
core   0: 0x800065d6 (0x05270463) beq     a4, s2, pc + 72
core   0: 3 0x800065d6 (0x05270463)
core   0: 0x800065da (0x00008fd6) c.mv    t6, s5
core   0: 3 0x800065da (0x8fd6) x31 0x80025e64
core   0: 0x800065dc (0x018d1513) slli    a0, s10, 24
core   0: 3 0x800065dc (0x018d1513) x10 0x02000000
core   0: 0x800065e0 (0x000083fd) c.srli  a5, 31
core   0: 3 0x800065e0 (0x83fd) x15 0x00000001
core   0: 0x800065e2 (0xc8070293) addi    t0, a4, -896
core   0: 3 0x800065e2 (0xc8070293) x5  0xfffffc7f
core   0: 0x800065e6 (0x00008d0d) c.sub   a0, a1
core   0: 3 0x800065e6 (0x8d0d) x10 0x02000001
core   0: 0x800065e8 (0x8fd78913) addi    s2, a5, -1795
core   0: 3 0x800065e8 (0x8fd78913) x18 0xfffff8fe
core   0: 0x800065ec (0x028e7033) remu    zero, t3, s0
core   0: 3 0x800065ec (0x028e7033)
core   0: 0x800065f0 (0x001f4533) xor     a0, t5, ra
core   0: 3 0x800065f0 (0x001f4533) x10 0xfffffe73
core   0: 0x800065f4 (0x2ad47e17) auipc   t3, 0x2ad47
core   0: 3 0x800065f4 (0x2ad47e17) x28 0xaad4d5f4
core   0: 0x800065f8 (0x3a1c6613) ori     a2, s8, 929
core   0: 3 0x800065f8 (0x3a1c6613) x12 0x000007a1
core   0: 0x800065fc (0x411a0933) sub     s2, s4, a7
core   0: 3 0x800065fc (0x411a0933) x18 0x01e74000
core   0: 0x80006600 (0x13e66b93) ori     s7, a2, 318
core   0: 3 0x80006600 (0x13e66b93) x23 0x000007bf
core   0: 0x80006604 (0x000011fd) c.addi  gp, -1
core   0: 3 0x80006604 (0x11fd) x3  0xffffffff
core   0: 0x80006606 (0x012ecf13) xori    t5, t4, 18
core   0: 3 0x80006606 (0x012ecf13) x30 0x0000ffed
core   0: 0x8000660a (0x00985493) srli    s1, a6, 9
core   0: 3 0x8000660a (0x00985493) x9  0x00400000
core   0: 0x8000660e (0x03560363) beq     a2, s5, pc + 38
core   0: 3 0x8000660e (0x03560363)
core   0: 0x80006612 (0x0f032c17) auipc   s8, 0xf032
core   0: 3 0x80006612 (0x0f032c17) x24 0x8f038612
core   0: 0x80006616 (0x022b8bb3) mul     s7, s7, sp
core   0: 3 0x80006616 (0x022b8bb3) x23 0xfffff841
core   0: 0x8000661a (0x65cafa13) andi    s4, s5, 1628
core   0: 3 0x8000661a (0x65cafa13) x20 0x00000644
core   0: 0x8000661e (0x029f9e33) mulh    t3, t6, s1
core   0: 3 0x8000661e (0x029f9e33) x28 0xffe00097
core   0: 0x80006622 (0x00008da9) c.xor   a1, a0
core   0: 3 0x80006622 (0x8da9) x11 0x0000018c
core   0: 0x80006624 (0x00466d63) bltu    a2, tp, pc + 26
core   0: 3 0x80006624 (0x00466d63)
core   0: 0x80006628 (0x00008ec5) c.or    a3, s1
core   0: 3 0x80006628 (0x8ec5) x13 0xfffea686
core   0: 0x8000662a (0x92322913) slti    s2, tp, -1757
core   0: 3 0x8000662a (0x92322913) x18 0x00000000
core   0: 0x8000662e (0x00000001) c.nop
core   0: 3 0x8000662e (0x0001)
core   0: 0x80006630 (0x01efd8b3) srl     a7, t6, t5
core   0: 3 0x80006630 (0x01efd8b3) x17 0x00040012
core   0: 0x80006634 (0x03fbc133) div     sp, s7, t6
core   0: 3 0x80006634 (0x03fbc133) x2  0x00000000
core   0: 0x80006638 (0x017bceb3) xor     t4, s7, s7
core   0: 3 0x80006638 (0x017bceb3) x29 0x00000000
core   0: 0x8000663c (0x0000527d) c.li    tp, -1
core   0: 3 0x8000663c (0x527d) x4  0xffffffff
core   0: 0x8000663e (0x40b60333) sub     t1, a2, a1
core   0: 3 0x8000663e (0x40b60333) x6  0x00000615
core   0: 0x80006642 (0x45f7ac93) slti    s9, a5, 1119
core   0: 3 0x80006642 (0x45f7ac93) x25 0x00000001
core   0: 0x80006646 (0x013e5a13) srli    s4, t3, 19
core   0: 3 0x80006646 (0x013e5a13) x20 0x00001ffc
core   0: 0x8000664a (0x0287cfb3) div     t6, a5, s0
core   0: 3 0x8000664a (0x0287cfb3) x31 0x00000000
core   0: 0x8000664e (0x01e540b3) xor     ra, a0, t5
core   0: 3 0x8000664e (0x01e540b3) x1  0xffff019e
core   0: 0x80006652 (0x031657b3) divu    a5, a2, a7
core   0: 3 0x80006652 (0x031657b3) x15 0x00000000
core   0: 0x80006656 (0xbcd38b37) lui     s6, 0xbcd38
core   0: 3 0x80006656 (0xbcd38b37) x22 0xbcd38000
core   0: 0x8000665a (0x03cd9263) bne     s11, t3, pc + 36
core   0: 3 0x8000665a (0x03cd9263)
core   0: 0x8000667e (0x0000820d) c.srli  a2, 3
core   0: 3 0x8000667e (0x820d) x12 0x000000f4
core   0: 0x80006680 (0x2ee47213) andi    tp, s0, 750
core   0: 3 0x80006680 (0x2ee47213) x4  0x000000e4
core   0: 0x80006684 (0x00000666) c.slli  a2, 25
core   0: 3 0x80006684 (0x0666) x12 0xe8000000
core   0: 0x80006686 (0x0000e799) c.bnez  a5, pc + 14
core   0: 3 0x80006686 (0xe799)
core   0: 0x80006688 (0x011be5b3) or      a1, s7, a7
core   0: 3 0x80006688 (0x011be5b3) x11 0xfffff853
core   0: 0x8000668c (0x00008e95) c.sub   a3, a3
core   0: 3 0x8000668c (0x8e95) x13 0x00000000
core   0: 0x8000668e (0x0000717d) c.addi16sp sp, -16
core   0: 3 0x8000668e (0x717d) x2  0xfffffff0
core   0: 0x80006690 (0x0562f163) bgeu    t0, s6, pc + 66
core   0: 3 0x80006690 (0x0562f163)
core   0: 0x800066d2 (0x00008f79) c.and   a4, a4
core   0: 3 0x800066d2 (0x8f79) x14 0xffffffff
core   0: 0x800066d4 (0x00f75213) srli    tp, a4, 15
core   0: 3 0x800066d4 (0x00f75213) x4  0x0001ffff
core   0: 0x800066d8 (0x027b20b3) mulhsu  ra, s6, t2
core   0: 3 0x800066d8 (0x027b20b3) x1  0xfffee2b1
core   0: 0x800066dc (0x01f1e4b3) or      s1, gp, t6
core   0: 3 0x800066dc (0x01f1e4b3) x9  0xffffffff
core   0: 0x800066e0 (0x024f6363) bltu    t5, tp, pc + 38
core   0: 3 0x800066e0 (0x024f6363)
core   0: 0x80006706 (0xba467113) andi    sp, a2, -1116
core   0: 3 0x80006706 (0xba467113) x2  0xe8000000
core   0: 0x8000670a (0xb657e037) lui     zero, 0xb657e
core   0: 3 0x8000670a (0xb657e037)
core   0: 0x8000670e (0x419c5093) srai    ra, s8, 25
core   0: 3 0x8000670e (0x419c5093) x1  0xffffffc7
core   0: 0x80006712 (0x03577333) remu    t1, a4, s5
core   0: 3 0x80006712 (0x03577333) x6  0x7ffda19b
core   0: 0x80006716 (0x00cb7b33) and     s6, s6, a2
core   0: 3 0x80006716 (0x00cb7b33) x22 0xa8000000
core   0: 0x8000671a (0x00005efd) c.li    t4, -1
core   0: 3 0x8000671a (0x5efd) x29 0xffffffff
core   0: 0x8000671c (0x00009b7e) c.add   s6, t6
core   0: 3 0x8000671c (0x9b7e) x22 0xa8000000
core   0: 0x8000671e (0x0000e685) c.bnez  a3, pc + 40
core   0: 3 0x8000671e (0xe685)
core   0: 0x80006720 (0x02f5bf33) mulhu   t5, a1, a5
core   0: 3 0x80006720 (0x02f5bf33) x30 0x00000000
core   0: 0x80006724 (0x0288a4b3) mulhsu  s1, a7, s0
core   0: 3 0x80006724 (0x0288a4b3) x9  0x00020013
core   0: 0x80006728 (0x01075b33) srl     s6, a4, a6
core   0: 3 0x80006728 (0x01075b33) x22 0xffffffff
core   0: 0x8000672c (0x02344633) div     a2, s0, gp
core   0: 3 0x8000672c (0x02344633) x12 0x7ffd631c
core   0: 0x80006730 (0xd590f293) andi    t0, ra, -679
core   0: 3 0x80006730 (0xd590f293) x5  0xfffffd41
core   0: 0x80006734 (0x00c39113) slli    sp, t2, 12
core   0: 3 0x80006734 (0x00c39113) x2  0x43f50000
core   0: 0x80006738 (0x000080f9) c.srli  s1, 30
core   0: 3 0x80006738 (0x80f9) x9  0x00000000
core   0: 0x8000673a (0x418bdc93) srai    s9, s7, 24
core   0: 3 0x8000673a (0x418bdc93) x25 0xffffffff
core   0: 0x8000673e (0xcf9d4093) xori    ra, s10, -775
core   0: 3 0x8000673e (0xcf9d4093) x1  0xfffffcfb
core   0: 0x80006742 (0x96ae4cb7) lui     s9, 0x96ae4
core   0: 3 0x80006742 (0x96ae4cb7) x25 0x96ae4000
core   0: 0x80006746 (0x00008d19) c.sub   a0, a4
core   0: 3 0x80006746 (0x8d19) x10 0xfffffe74
core   0: 0x80006748 (0x0286d063) bge     a3, s0, pc + 32
core   0: 3 0x80006748 (0x0286d063)
core   0: 0x80006768 (0x000059fd) c.li    s3, -1
core   0: 3 0x80006768 (0x59fd) x19 0xffffffff
core   0: 0x8000676a (0x000085a5) c.srai  a1, 9
core   0: 3 0x8000676a (0x85a5) x11 0xfffffffc
core   0: 0x8000676c (0x00dfa8b3) slt     a7, t6, a3
core   0: 3 0x8000676c (0x00dfa8b3) x17 0x00000000
core   0: 0x80006770 (0x00008245) c.srli  a2, 17
core   0: 3 0x80006770 (0x8245) x12 0x00003ffe
core   0: 0x80006772 (0x05941263) bne     s0, s9, pc + 68
core   0: 3 0x80006772 (0x05941263)
core   0: 0x800067b6 (0x0000717d) c.addi16sp sp, -16
core   0: 3 0x800067b6 (0x717d) x2  0x43f4fff0
core   0: 0x800067b8 (0x00008b9d) c.andi  a5, 7
core   0: 3 0x800067b8 (0x8b9d) x15 0x00000000
core   0: 0x800067ba (0x0000717d) c.addi16sp sp, -16
core   0: 3 0x800067ba (0x717d) x2  0x43f4ffe0
core   0: 0x800067bc (0x0157c133) xor     sp, a5, s5
core   0: 3 0x800067bc (0x0157c133) x2  0x80025e64
core   0: 0x800067c0 (0xea21c893) xori    a7, gp, -350
core   0: 3 0x800067c0 (0xea21c893) x17 0x0000015d
core   0: 0x800067c4 (0xe917a137) lui     sp, 0xe917a
core   0: 3 0x800067c4 (0xe917a137) x2  0xe917a000
core   0: 0x800067c8 (0x36af2213) slti    tp, t5, 874
core   0: 3 0x800067c8 (0x36af2213) x4  0x00000001
core   0: 0x800067cc (0x011ea5b3) slt     a1, t4, a7
core   0: 3 0x800067cc (0x011ea5b3) x11 0x00000001
core   0: 0x800067d0 (0x0d1da2b7) lui     t0, 0xd1da
core   0: 3 0x800067d0 (0x0d1da2b7) x5  0x0d1da000
core   0: 0x800067d4 (0x02564eb3) div     t4, a2, t0
core   0: 3 0x800067d4 (0x02564eb3) x29 0x00000000
core   0: 0x800067d8 (0x025deb33) rem     s6, s11, t0
core   0: 3 0x800067d8 (0x025deb33) x22 0x00000242
core   0: 0x800067dc (0x00008f79) c.and   a4, a4
core   0: 3 0x800067dc (0x8f79) x14 0xffffffff
core   0: 0x800067de (0x00c86eb3) or      t4, a6, a2
core   0: 3 0x800067de (0x00c86eb3) x29 0x80003ffe
core   0: 0x800067e2 (0x03310263) beq     sp, s3, pc + 36
core   0: 3 0x800067e2 (0x03310263)
core   0: 0x800067e6 (0x016d64b3) or      s1, s10, s6
core   0: 3 0x800067e6 (0x016d64b3) x9  0x00000242
core   0: 0x800067ea (0x03765133) divu    sp, a2, s7
core   0: 3 0x800067ea (0x03765133) x2  0x00000000
core   0: 0x800067ee (0x00005f7d) c.li    t5, -1
core   0: 3 0x800067ee (0x5f7d) x30 0xffffffff
core   0: 0x800067f0 (0x0000717d) c.addi16sp sp, -16
core   0: 3 0x800067f0 (0x717d) x2  0xfffffff0
core   0: 0x800067f2 (0x023d6163) bltu    s10, gp, pc + 34
core   0: 3 0x800067f2 (0x023d6163)
core   0: 0x80006814 (0x03b46063) bltu    s0, s11, pc + 32
core   0: 3 0x80006814 (0x03b46063)
core   0: 0x80006818 (0x007df9b3) and     s3, s11, t2
core   0: 3 0x80006818 (0x007df9b3) x19 0x00000240
core   0: 0x8000681c (0x00a16bb3) or      s7, sp, a0
core   0: 3 0x8000681c (0x00a16bb3) x23 0xfffffff4
core   0: 0x80006820 (0x0000615d) c.addi16sp sp, 432
core   0: 3 0x80006820 (0x615d) x2  0x000001a0
core   0: 0x80006822 (0x02c64bb3) div     s7, a2, a2
core   0: 3 0x80006822 (0x02c64bb3) x23 0x00000001
core   0: 0x80006826 (0x00008b09) c.andi  a4, 2
core   0: 3 0x80006826 (0x8b09) x14 0x00000002
core   0: 0x80006828 (0x4146d733) sra     a4, a3, s4
core   0: 3 0x80006828 (0x4146d733) x14 0x00000000
core   0: 0x8000682c (0x027ef633) remu    a2, t4, t2
core   0: 3 0x8000682c (0x027ef633) x12 0x0000380e
core   0: 0x80006830 (0x41255533) sra     a0, a0, s2
core   0: 3 0x80006830 (0x41255533) x10 0xfffffe74
core   0: 0x80006834 (0x021ce663) bltu    s9, ra, pc + 44
core   0: 3 0x80006834 (0x021ce663)
core   0: 0x80006860 (0x009339b3) sltu    s3, t1, s1
core   0: 3 0x80006860 (0x009339b3) x19 0x00000000
core   0: 0x80006864 (0x00058d33) add     s10, a1, zero
core   0: 3 0x80006864 (0x00058d33) x26 0x00000001
core   0: 0x80006868 (0x010566b3) or      a3, a0, a6
core   0: 3 0x80006868 (0x010566b3) x13 0xfffffe74
core   0: 0x8000686c (0x5877a897) auipc   a7, 0x5877a
core   0: 3 0x8000686c (0x5877a897) x17 0xd878086c
core   0: 0x80006870 (0x412ddd33) sra     s10, s11, s2
core   0: 3 0x80006870 (0x412ddd33) x26 0x00000242
core   0: 0x80006874 (0xfb0cef13) ori     t5, s9, -80
core   0: 3 0x80006874 (0xfb0cef13) x30 0xffffffb0
core   0: 0x80006878 (0x01c51533) sll     a0, a0, t3
core   0: 3 0x80006878 (0x01c51533) x10 0x3a000000
core   0: 0x8000687c (0x01c752b3) srl     t0, a4, t3
core   0: 3 0x8000687c (0x01c752b3) x5  0x00000000
core   0: 0x80006880 (0xe55d0b13) addi    s6, s10, -427
core   0: 3 0x80006880 (0xe55d0b13) x22 0x00000097
core   0: 0x80006884 (0x55860293) addi    t0, a2, 1368
core   0: 3 0x80006884 (0x55860293) x5  0x00003d66
core   0: 0x80006888 (0x67a54b13) xori    s6, a0, 1658
core   0: 3 0x80006888 (0x67a54b13) x22 0x3a00067a
core   0: 0x8000688c (0x00000001) c.nop
core   0: 3 0x8000688c (0x0001)
core   0: 0x8000688e (0x07866f63) bltu    a2, s8, pc + 126
core   0: 3 0x8000688e (0x07866f63)
core   0: 0x8000690c (0x46d0a893) slti    a7, ra, 1133
core   0: 3 0x8000690c (0x46d0a893) x17 0x00000001
core   0: 0x80006910 (0x02eb45b3) div     a1, s6, a4
core   0: 3 0x80006910 (0x02eb45b3) x11 0xffffffff
core   0: 0x80006914 (0xa82ca917) auipc   s2, 0xa82ca
core   0: 3 0x80006914 (0xa82ca917) x18 0x282d0914
core   0: 0x80006918 (0xa73c7b93) andi    s7, s8, -1421
core   0: 3 0x80006918 (0xa73c7b93) x23 0x8f038212
core   0: 0x8000691c (0x4019d4b3) sra     s1, s3, ra
core   0: 3 0x8000691c (0x4019d4b3) x9  0x00000000
core   0: 0x80006920 (0x00004365) c.li    t1, 25
core   0: 3 0x80006920 (0x4365) x6  0x00000019
core   0: 0x80006922 (0x03984863) blt     a6, s9, pc + 48
core   0: 3 0x80006922 (0x03984863)
core   0: 0x80006952 (0x4a6e6593) ori     a1, t3, 1190
core   0: 3 0x80006952 (0x4a6e6593) x11 0xffe004b7
core   0: 0x80006956 (0x01847a33) and     s4, s0, s8
core   0: 3 0x80006956 (0x01847a33) x20 0x80028400
core   0: 0x8000695a (0x0000717d) c.addi16sp sp, -16
core   0: 3 0x8000695a (0x717d) x2  0x00000190
core   0: 0x8000695c (0x00001e8c) c.addi4spn a1, sp, 880
core   0: 3 0x8000695c (0x1e8c) x11 0x00000500
core   0: 0x8000695e (0x00006109) c.addi16sp sp, 128
core   0: 3 0x8000695e (0x6109) x2  0x00000210
core   0: 0x80006960 (0x012b5eb3) srl     t4, s6, s2
core   0: 3 0x80006960 (0x012b5eb3) x29 0x000003a0
core   0: 0x80006964 (0x01939893) slli    a7, t2, 25
core   0: 3 0x80006964 (0x01939893) x17 0xa0000000
core   0: 0x80006968 (0x03165863) bge     a2, a7, pc + 48
core   0: 3 0x80006968 (0x03165863)
core   0: 0x80006998 (0x4012da13) srai    s4, t0, 1
core   0: 3 0x80006998 (0x4012da13) x20 0x00001eb3
core   0: 0x8000699c (0x00008e11) c.sub   a2, a2
core   0: 3 0x8000699c (0x8e11) x12 0x00000000
core   0: 0x8000699e (0x00d9d913) srli    s2, s3, 13
core   0: 3 0x8000699e (0x00d9d913) x18 0x00000000
core   0: 0x800069a2 (0x00000001) c.nop
core   0: 3 0x800069a2 (0x0001)
core   0: 0x800069a4 (0x66995c17) auipc   s8, 0x66995
core   0: 3 0x800069a4 (0x66995c17) x24 0xe699b9a4
core   0: 0x800069a8 (0x41fed0b3) sra     ra, t4, t6
core   0: 3 0x800069a8 (0x41fed0b3) x1  0x000003a0
core   0: 0x800069ac (0x02dc3a33) mulhu   s4, s8, a3
core   0: 3 0x800069ac (0x02dc3a33) x20 0xe699b83f
core   0: 0x800069b0 (0x00006745) c.lui   a4, 0x11
core   0: 3 0x800069b0 (0x6745) x14 0x00011000
core   0: 0x800069b2 (0x13c0f593) andi    a1, ra, 316
core   0: 3 0x800069b2 (0x13c0f593) x11 0x00000120
core   0: 0x800069b6 (0x021b0033) mul     zero, s6, ra
core   0: 3 0x800069b6 (0x021b0033)
core   0: 0x800069ba (0x34bab213) sltiu   tp, s5, 843
core   0: 3 0x800069ba (0x34bab213) x4  0x00000000
core   0: 0x800069be (0x03cbf333) remu    t1, s7, t3
core   0: 3 0x800069be (0x03cbf333) x6  0x8f038212
core   0: 0x800069c2 (0x2bd76713) ori     a4, a4, 701
core   0: 3 0x800069c2 (0x2bd76713) x14 0x000112bd
core   0: 0x800069c6 (0x41f05d13) srai    s10, zero, 31
core   0: 3 0x800069c6 (0x41f05d13) x26 0x00000000
core   0: 0x800069ca (0x023572b3) remu    t0, a0, gp
core   0: 3 0x800069ca (0x023572b3) x5  0x3a000000
core   0: 0x800069ce (0x00008155) c.srli  a0, 21
core   0: 3 0x800069ce (0x8155) x10 0x000001d0
core   0: 0x800069d0 (0x01d499b3) sll     s3, s1, t4
core   0: 3 0x800069d0 (0x01d499b3) x19 0x00000000
core   0: 0x800069d4 (0x02068bb3) mul     s7, a3, zero
core   0: 3 0x800069d4 (0x02068bb3) x23 0x00000000
core   0: 0x800069d8 (0xaf2cb113) sltiu   sp, s9, -1294
core   0: 3 0x800069d8 (0xaf2cb113) x2  0x00000001
core   0: 0x800069dc (0x00945693) srli    a3, s0, 9
core   0: 3 0x800069dc (0x00945693) x13 0x0040014e
core   0: 0x800069e0 (0x006b87b3) add     a5, s7, t1
core   0: 3 0x800069e0 (0x006b87b3) x15 0x8f038212
core   0: 0x800069e4 (0x02f77333) remu    t1, a4, a5
core   0: 3 0x800069e4 (0x02f77333) x6  0x000112bd
core   0: 0x800069e8 (0x01058363) beq     a1, a6, pc + 6
core   0: 3 0x800069e8 (0x01058363)
core   0: 0x800069ec (0x00000001) c.nop
core   0: 3 0x800069ec (0x0001)
core   0: 0x800069ee (0x021a3f33) mulhu   t5, s4, ra
core   0: 3 0x800069ee (0x021a3f33) x30 0x00000343
core   0: 0x800069f2 (0x018a9e93) slli    t4, s5, 24
core   0: 3 0x800069f2 (0x018a9e93) x29 0x64000000
core   0: 0x800069f6 (0x4c3858b7) lui     a7, 0x4c385
core   0: 3 0x800069f6 (0x4c3858b7) x17 0x4c385000
core   0: 0x800069fa (0x013ed963) bge     t4, s3, pc + 18
core   0: 3 0x800069fa (0x013ed963)
core   0: 0x80006a0c (0x0000e19d) c.bnez  a1, pc + 38
core   0: 3 0x80006a0c (0xe19d)
core   0: 0x80006a32 (0x0000ef1d) c.bnez  a4, pc + 62
core   0: 3 0x80006a32 (0xef1d)
core   0: 0x80006a70 (0x00e32db3) slt     s11, t1, a4
core   0: 3 0x80006a70 (0x00e32db3) x27 0x00000000
core   0: 0x80006a74 (0x40850033) sub     zero, a0, s0
core   0: 3 0x80006a74 (0x40850033)
core   0: 0x80006a78 (0x0000c49d) c.beqz  s1, pc + 46
core   0: 3 0x80006a78 (0xc49d)
core   0: 0x80006aa6 (0x00585633) srl     a2, a6, t0
core   0: 3 0x80006aa6 (0x00585633) x12 0x80000000
core   0: 0x80006aaa (0x03be6533) rem     a0, t3, s11
core   0: 3 0x80006aaa (0x03be6533) x10 0xffe00097
core   0: 0x80006aae (0x41f6d993) srai    s3, a3, 31
core   0: 3 0x80006aae (0x41f6d993) x19 0x00000000
core   0: 0x80006ab2 (0x40bfdeb3) sra     t4, t6, a1
core   0: 3 0x80006ab2 (0x40bfdeb3) x29 0x00000000
core   0: 0x80006ab6 (0x010d8363) beq     s11, a6, pc + 6
core   0: 3 0x80006ab6 (0x010d8363)
core   0: 0x80006aba (0x0000717d) c.addi16sp sp, -16
core   0: 3 0x80006aba (0x717d) x2  0xfffffff1
core   0: 0x80006abc (0x003171b3) and     gp, sp, gp
core   0: 3 0x80006abc (0x003171b3) x3  0xfffffff1
core   0: 0x80006ac0 (0x00014963) bltz    sp, pc + 18
core   0: 3 0x80006ac0 (0x00014963)
core   0: 0x80006ad2 (0x411c03b3) sub     t2, s8, a7
core   0: 3 0x80006ad2 (0x411c03b3) x7  0x9a6169a4
core   0: 0x80006ad6 (0x00008cb5) c.xor   s1, a3
core   0: 3 0x80006ad6 (0x8cb5) x9  0x0040014e
core   0: 0x80006ad8 (0x00dfe563) bltu    t6, a3, pc + 10
core   0: 3 0x80006ad8 (0x00dfe563)
core   0: 0x80006ae2 (0x0233b1b3) mulhu   gp, t2, gp
core   0: 3 0x80006ae2 (0x0233b1b3) x3  0x9a61699a
core   0: 0x80006ae6 (0x92e9bb93) sltiu   s7, s3, -1746
core   0: 3 0x80006ae6 (0x92e9bb93) x23 0x00000001
core   0: 0x80006aea (0x00000f94) c.addi4spn a3, sp, 976
core   0: 3 0x80006aea (0x0f94) x13 0x000003c1
core   0: 0x80006aec (0x02661233) mulh    tp, a2, t1
core   0: 3 0x80006aec (0x02661233) x4  0xffff76a1
core   0: 0x80006af0 (0x000086fd) c.srai  a3, 31
core   0: 3 0x80006af0 (0x86fd) x13 0x00000000
core   0: 0x80006af2 (0x00004955) c.li    s2, 21
core   0: 3 0x80006af2 (0x4955) x18 0x00000015
core   0: 0x80006af4 (0x00000001) c.nop
core   0: 3 0x80006af4 (0x0001)
core   0: 0x80006af6 (0x00009efe) c.add   t4, t6
core   0: 3 0x80006af6 (0x9efe) x29 0x00000000
core   0: 0x80006af8 (0x0000862d) c.srai  a2, 11
core   0: 3 0x80006af8 (0x862d) x12 0xfff00000
core   0: 0x80006afa (0x00e8a333) slt     t1, a7, a4
core   0: 3 0x80006afa (0x00e8a333) x6  0x00000000
core   0: 0x80006afe (0x000051fd) c.li    gp, -1
core   0: 3 0x80006afe (0x51fd) x3  0xffffffff
core   0: 0x80006b00 (0x0382e533) rem     a0, t0, s8
core   0: 3 0x80006b00 (0x0382e533) x10 0x07337348
core   0: 0x80006b04 (0x00b192b3) sll     t0, gp, a1
core   0: 3 0x80006b04 (0x00b192b3) x5  0xffffffff
core   0: 0x80006b08 (0x031b9263) bne     s7, a7, pc + 36
core   0: 3 0x80006b08 (0x031b9263)
core   0: 0x80006b2c (0x0000e291) c.bnez  a3, pc + 4
core   0: 3 0x80006b2c (0xe291)
core   0: 0x80006b2e (0x00000590) c.addi4spn a2, sp, 704
core   0: 3 0x80006b2e (0x0590) x12 0x000002b1
core   0: 0x80006b30 (0x02d79033) mulh    zero, a5, a3
core   0: 3 0x80006b30 (0x02d79033)
core   0: 0x80006b34 (0x02195533) divu    a0, s2, ra
core   0: 3 0x80006b34 (0x02195533) x10 0x00000000
core   0: 0x80006b38 (0x038798b3) mulh    a7, a5, s8
core   0: 3 0x80006b38 (0x038798b3) x17 0x0b35cbf4
core   0: 0x80006b3c (0x0168d7b3) srl     a5, a7, s6
core   0: 3 0x80006b3c (0x0168d7b3) x15 0x00000002
core   0: 0x80006b40 (0x01f44533) xor     a0, s0, t6
core   0: 3 0x80006b40 (0x01f44533) x10 0x80029ce4
core   0: 0x80006b44 (0xba1e3a13) sltiu   s4, t3, -1119
core   0: 3 0x80006b44 (0xba1e3a13) x20 0x00000001
core   0: 0x80006b48 (0x000086ae) c.mv    a3, a1
core   0: 3 0x80006b48 (0x86ae) x13 0x00000120
core   0: 0x80006b4a (0x40c38cb3) sub     s9, t2, a2
core   0: 3 0x80006b4a (0x40c38cb3) x25 0x9a6166f3
core   0: 0x80006b4e (0x01a30f63) beq     t1, s10, pc + 30
core   0: 3 0x80006b4e (0x01a30f63)
core   0: 0x80006b6c (0x0032ec63) bltu    t0, gp, pc + 24
core   0: 3 0x80006b6c (0x0032ec63)
core   0: 0x80006b70 (0x03793c33) mulhu   s8, s2, s7
core   0: 3 0x80006b70 (0x03793c33) x24 0x00000000
core   0: 0x80006b74 (0x01a68c33) add     s8, a3, s10
core   0: 3 0x80006b74 (0x01a68c33) x24 0x00000120
core   0: 0x80006b78 (0x4027d933) sra     s2, a5, sp
core   0: 3 0x80006b78 (0x4027d933) x18 0x00000000
core   0: 0x80006b7c (0x411a5fb3) sra     t6, s4, a7
core   0: 3 0x80006b7c (0x411a5fb3) x31 0x00000000
core   0: 0x80006b80 (0x030d2d33) mulhsu  s10, s10, a6
core   0: 3 0x80006b80 (0x030d2d33) x26 0x00000000
core   0: 0x80006b84 (0x00000001) c.nop
core   0: 3 0x80006b84 (0x0001)
core   0: 0x80006b86 (0x01db1a33) sll     s4, s6, t4
core   0: 3 0x80006b86 (0x01db1a33) x20 0x3a00067a
core   0: 0x80006b8a (0x00000001) c.nop
core   0: 3 0x80006b8a (0x0001)
core   0: 0x80006b8c (0x02e54363) blt     a0, a4, pc + 38
core   0: 3 0x80006b8c (0x02e54363)
core   0: 0x80006bb2 (0x00008fad) c.xor   a5, a1
core   0: 3 0x80006bb2 (0x8fad) x15 0x00000122
core   0: 0x80006bb4 (0x00e09f63) bne     ra, a4, pc + 30
core   0: 3 0x80006bb4 (0x00e09f63)
core   0: 0x80006bd2 (0x00008741) c.srai  a4, 16
core   0: 3 0x80006bd2 (0x8741) x14 0x00000001
core   0: 0x80006bd4 (0x38b8ef13) ori     t5, a7, 907
core   0: 3 0x80006bd4 (0x38b8ef13) x30 0x0b35cbff
core   0: 0x80006bd8 (0x0000ec89) c.bnez  s1, pc + 26
core   0: 3 0x80006bd8 (0xec89)
core   0: 0x80006bf2 (0x01bad463) bge     s5, s11, pc + 8
core   0: 3 0x80006bf2 (0x01bad463)
core   0: 0x80006bf6 (0x419cdb13) srai    s6, s9, 25
core   0: 3 0x80006bf6 (0x419cdb13) x22 0xffffffcd
core   0: 0x80006bfa (0x00008e0d) c.sub   a2, a1
core   0: 3 0x80006bfa (0x8e0d) x12 0x00000191
core   0: 0x80006bfc (0x28532293) slti    t0, t1, 645
core   0: 3 0x80006bfc (0x28532293) x5  0x00000001
core   0: 0x80006c00 (0x03b596b3) mulh    a3, a1, s11
core   0: 3 0x80006c00 (0x03b596b3) x13 0x00000000
core   0: 0x80006c04 (0x0000c09d) c.beqz  s1, pc + 38
core   0: 3 0x80006c04 (0xc09d)
core   0: 0x80006c06 (0x785feb13) ori     s6, t6, 1925
core   0: 3 0x80006c06 (0x785feb13) x22 0x00000785
core   0: 0x80006c0a (0x0000071e) c.slli  a4, 7
core   0: 3 0x80006c0a (0x071e) x14 0x00000080
core   0: 0x80006c0c (0x00000001) c.nop
core   0: 3 0x80006c0c (0x0001)
core   0: 0x80006c0e (0x00008e81) c.sub   a3, s0
core   0: 3 0x80006c0e (0x8e81) x13 0x7ffd631c
core   0: 0x80006c10 (0x02b98033) mul     zero, s3, a1
core   0: 3 0x80006c10 (0x02b98033)
core   0: 0x80006c14 (0x00009bfd) c.andi  a5, -1
core   0: 3 0x80006c14 (0x9bfd) x15 0x00000122
core   0: 0x80006c16 (0x0101bd33) sltu    s10, gp, a6
core   0: 3 0x80006c16 (0x0101bd33) x26 0x00000000
core   0: 0x80006c1a (0x08c10463) beq     sp, a2, pc + 136
core   0: 3 0x80006c1a (0x08c10463)
core   0: 0x80006c1e (0x08197263) bgeu    s2, ra, pc + 132
core   0: 3 0x80006c1e (0x08197263)
core   0: 0x80006c22 (0x012bd1b3) srl     gp, s7, s2
core   0: 3 0x80006c22 (0x012bd1b3) x3  0x00000001
core   0: 0x80006c26 (0x44210c13) addi    s8, sp, 1090
core   0: 3 0x80006c26 (0x44210c13) x24 0x00000433
core   0: 0x80006c2a (0x09e44263) blt     s0, t5, pc + 132
core   0: 3 0x80006c2a (0x09e44263)
core   0: 0x80006cae (0x409e57b3) sra     a5, t3, s1
core   0: 3 0x80006cae (0x409e57b3) x15 0xffffff80
core   0: 0x80006cb2 (0x03f59333) mulh    t1, a1, t6
core   0: 3 0x80006cb2 (0x03f59333) x6  0x00000000
core   0: 0x80006cb6 (0x0000997d) c.andi  a0, -1
core   0: 3 0x80006cb6 (0x997d) x10 0x80029ce4
core   0: 0x80006cb8 (0x0000157d) c.addi  a0, -1
core   0: 3 0x80006cb8 (0x157d) x10 0x80029ce3
core   0: 0x80006cba (0x012fd763) bge     t6, s2, pc + 14
core   0: 3 0x80006cba (0x012fd763)
core   0: 0x80006cc8 (0x000000b1) c.addi  ra, 12
core   0: 3 0x80006cc8 (0x00b1) x1  0x000003ac
core   0: 0x80006cca (0x02d941b3) div     gp, s2, a3
core   0: 3 0x80006cca (0x02d941b3) x3  0x00000000
core   0: 0x80006cce (0x09b0c093) xori    ra, ra, 155
core   0: 3 0x80006cce (0x09b0c093) x1  0x00000337
core   0: 0x80006cd2 (0x000085a6) c.mv    a1, s1
core   0: 3 0x80006cd2 (0x85a6) x11 0x0040014e
core   0: 0x80006cd4 (0x00008c99) c.sub   s1, a4
core   0: 3 0x80006cd4 (0x8c99) x9  0x004000ce
core   0: 0x80006cd6 (0x0000cf8d) c.beqz  a5, pc + 58
core   0: 3 0x80006cd6 (0xcf8d)
core   0: 0x80006cd8 (0x00a172b3) and     t0, sp, a0
core   0: 3 0x80006cd8 (0x00a172b3) x5  0x80029ce1
core   0: 0x80006cdc (0x00000246) c.slli  tp, 17
core   0: 3 0x80006cdc (0x0246) x4  0xed420000
core   0: 0x80006cde (0x00aae3b3) or      t2, s5, a0
core   0: 3 0x80006cde (0x00aae3b3) x7  0x8002dee7
core   0: 0x80006ce2 (0x8ca64b93) xori    s7, a2, -1846
core   0: 3 0x80006ce2 (0x8ca64b93) x23 0xfffff95b
core   0: 0x80006ce6 (0x86d1a913) slti    s2, gp, -1939
core   0: 3 0x80006ce6 (0x86d1a913) x18 0x00000000
core   0: 0x80006cea (0x01482cb3) slt     s9, a6, s4
core   0: 3 0x80006cea (0x01482cb3) x25 0x00000001
core   0: 0x80006cee (0x01e43bb3) sltu    s7, s0, t5
core   0: 3 0x80006cee (0x01e43bb3) x23 0x00000000
core   0: 0x80006cf2 (0xe88f8e13) addi    t3, t6, -376
core   0: 3 0x80006cf2 (0xe88f8e13) x28 0xfffffe88
core   0: 0x80006cf6 (0x01e75313) srli    t1, a4, 30
core   0: 3 0x80006cf6 (0x01e75313) x6  0x00000000
core   0: 0x80006cfa (0x41a2d233) sra     tp, t0, s10
core   0: 3 0x80006cfa (0x41a2d233) x4  0x80029ce1
core   0: 0x80006cfe (0x0000717d) c.addi16sp sp, -16
core   0: 3 0x80006cfe (0x717d) x2  0xffffffe1
core   0: 0x80006d00 (0x3dfc6117) auipc   sp, 0x3dfc6
core   0: 3 0x80006d00 (0x3dfc6117) x2  0xbdfccd00
core   0: 0x80006d04 (0x03045863) bge     s0, a6, pc + 48
core   0: 3 0x80006d04 (0x03045863)
core   0: 0x80006d34 (0x03fb76b3) remu    a3, s6, t6
core   0: 3 0x80006d34 (0x03fb76b3) x13 0x00000785
core   0: 0x80006d38 (0x000004dd) c.addi  s1, 23
core   0: 3 0x80006d38 (0x04dd) x9  0x004000e5
core   0: 0x80006d3a (0x007c98b3) sll     a7, s9, t2
core   0: 3 0x80006d3a (0x007c98b3) x17 0x00000080
core   0: 0x80006d3e (0x00001a88) c.addi4spn a0, sp, 368
core   0: 3 0x80006d3e (0x1a88) x10 0xbdfcce70
core   0: 0x80006d40 (0x4160db93) srai    s7, ra, 22
core   0: 3 0x80006d40 (0x4160db93) x23 0x00000000
core   0: 0x80006d44 (0x02b15e33) divu    t3, sp, a1
core   0: 3 0x80006d44 (0x02b15e33) x28 0x000002f7
core   0: 0x80006d48 (0x00bc4533) xor     a0, s8, a1
core   0: 3 0x80006d48 (0x00bc4533) x10 0x0040057d
core   0: 0x80006d4c (0x00000001) c.nop
core   0: 3 0x80006d4c (0x0001)
core   0: 0x80006d4e (0x0193e933) or      s2, t2, s9
core   0: 3 0x80006d4e (0x0193e933) x18 0x8002dee7
core   0: 0x80006d52 (0x01a95463) bge     s2, s10, pc + 8
core   0: 3 0x80006d52 (0x01a95463)
core   0: 0x80006d56 (0x0335ca33) div     s4, a1, s3
core   0: 3 0x80006d56 (0x0335ca33) x20 0xffffffff
core   0: 0x80006d5a (0x657e8a13) addi    s4, t4, 1623
core   0: 3 0x80006d5a (0x657e8a13) x20 0x00000657
core   0: 0x80006d5e (0x00000cde) c.slli  s9, 23
core   0: 3 0x80006d5e (0x0cde) x25 0x00800000
core   0: 0x80006d60 (0x03ed32b3) mulhu   t0, s10, t5
core   0: 3 0x80006d60 (0x03ed32b3) x5  0x00000000
core   0: 0x80006d64 (0x00008e99) c.sub   a3, a4
core   0: 3 0x80006d64 (0x8e99) x13 0x00000705
core   0: 0x80006d66 (0x00005f7d) c.li    t5, -1
core   0: 3 0x80006d66 (0x5f7d) x30 0xffffffff
core   0: 0x80006d68 (0x03acefb3) rem     t6, s9, s10
core   0: 3 0x80006d68 (0x03acefb3) x31 0x00800000
core   0: 0x80006d6c (0x0000858d) c.srai  a1, 3
core   0: 3 0x80006d6c (0x858d) x11 0x00080029
core   0: 0x80006d6e (0x00e6e933) or      s2, a3, a4
core   0: 3 0x80006d6e (0x00e6e933) x18 0x00000785
core   0: 0x80006d72 (0x02b64bb3) div     s7, a2, a1
core   0: 3 0x80006d72 (0x02b64bb3) x23 0x00000000
core   0: 0x80006d76 (0x235aab13) slti    s6, s5, 565
core   0: 3 0x80006d76 (0x235aab13) x22 0x00000001
core   0: 0x80006d7a (0x00009ede) c.add   t4, s7
core   0: 3 0x80006d7a (0x9ede) x29 0x00000000
core   0: 0x80006d7c (0x57a83637) lui     a2, 0x57a83
core   0: 3 0x80006d7c (0x57a83637) x12 0x57a83000
core   0: 0x80006d80 (0x60010993) addi    s3, sp, 1536
core   0: 3 0x80006d80 (0x60010993) x19 0xbdfcd300
core   0: 0x80006d84 (0x000098fd) c.andi  s1, -1
core   0: 3 0x80006d84 (0x98fd) x9  0x004000e5
core   0: 0x80006d86 (0x03d0ee63) bltu    ra, t4, pc + 60
core   0: 3 0x80006d86 (0x03d0ee63)
core   0: 0x80006d8a (0x00008385) c.srli  a5, 1
core   0: 3 0x80006d8a (0x8385) x15 0x7fffffc0
core   0: 0x80006d8c (0x02978eb3) mul     t4, a5, s1
core   0: 3 0x80006d8c (0x02978eb3) x29 0x6fffc6c0
core   0: 0x80006d90 (0x012c1963) bne     s8, s2, pc + 18
core   0: 3 0x80006d90 (0x012c1963)
core   0: 0x80006da2 (0x03ef95b3) mulh    a1, t6, t5
core   0: 3 0x80006da2 (0x03ef95b3) x11 0xffffffff
core   0: 0x80006da6 (0x00000001) c.nop
core   0: 3 0x80006da6 (0x0001)
core   0: 0x80006da8 (0x00000dfa) c.slli  s11, 30
core   0: 3 0x80006da8 (0x0dfa) x27 0x00000000
core   0: 0x80006daa (0x01fd7963) bgeu    s10, t6, pc + 18
core   0: 3 0x80006daa (0x01fd7963)
core   0: 0x80006dae (0x00008fb1) c.xor   a5, a2
core   0: 3 0x80006dae (0x8fb1) x15 0x2857cfc0
core   0: 0x80006db0 (0x000013fd) c.addi  t2, -1
core   0: 3 0x80006db0 (0x13fd) x7  0x8002dee6
core   0: 0x80006db2 (0x000063d9) c.lui   t2, 0x16
core   0: 3 0x80006db2 (0x63d9) x7  0x00016000
core   0: 0x80006db4 (0x977bda37) lui     s4, 0x977bd
core   0: 3 0x80006db4 (0x977bda37) x20 0x977bd000
core   0: 0x80006db8 (0x03c496b3) mulh    a3, s1, t3
core   0: 3 0x80006db8 (0x03c496b3) x13 0x00000000
core   0: 0x80006dbc (0x00000d8c) c.addi4spn a1, sp, 720
core   0: 3 0x80006dbc (0x0d8c) x11 0xbdfccfd0
core   0: 0x80006dbe (0x00001688) c.addi4spn a0, sp, 864
core   0: 3 0x80006dbe (0x1688) x10 0xbdfcd060
core   0: 0x80006dc0 (0x0000e485) c.bnez  s1, pc + 40
core   0: 3 0x80006dc0 (0xe485)
core   0: 0x80006de8 (0x00000090) c.addi4spn a2, sp, 64
core   0: 3 0x80006de8 (0x0090) x12 0xbdfccd40
core   0: 0x80006dea (0x0000c239) c.beqz  a2, pc + 70
core   0: 3 0x80006dea (0xc239)
core   0: 0x80006dec (0x00008e36) c.mv    t3, a3
core   0: 3 0x80006dec (0x8e36) x28 0x00000000
core   0: 0x80006dee (0x0314d963) bge     s1, a7, pc + 50
core   0: 3 0x80006dee (0x0314d963)
core   0: 0x80006e20 (0x00eb1993) slli    s3, s6, 14
core   0: 3 0x80006e20 (0x00eb1993) x19 0x00004000
core   0: 0x80006e24 (0x032489b3) mul     s3, s1, s2
core   0: 3 0x80006e24 (0x032489b3) x19 0xe146b9f9
core   0: 0x80006e28 (0x41e200b3) sub     ra, tp, t5
core   0: 3 0x80006e28 (0x41e200b3) x1  0x80029ce2
core   0: 0x80006e2c (0x223fb193) sltiu   gp, t6, 547
core   0: 3 0x80006e2c (0x223fb193) x3  0x00000000
core   0: 0x80006e30 (0x02683633) mulhu   a2, a6, t1
core   0: 3 0x80006e30 (0x02683633) x12 0x00000000
core   0: 0x80006e34 (0x02512f33) mulhsu  t5, sp, t0
core   0: 3 0x80006e34 (0x02512f33) x30 0x00000000
core   0: 0x80006e38 (0x400adb93) srai    s7, s5, 0
core   0: 3 0x80006e38 (0x400adb93) x23 0x80025e64
core   0: 0x80006e3c (0x0000c485) c.beqz  s1, pc + 40
core   0: 3 0x80006e3c (0xc485)
core   0: 0x80006e3e (0x0000997e) c.add   s2, t6
core   0: 3 0x80006e3e (0x997e) x18 0x00800785
core   0: 0x80006e40 (0x0372fe33) remu    t3, t0, s7
core   0: 3 0x80006e40 (0x0372fe33) x28 0x00000000
core   0: 0x80006e44 (0x00e6beb3) sltu    t4, a3, a4
core   0: 3 0x80006e44 (0x00e6beb3) x29 0x00000001
core   0: 0x80006e48 (0x03ec2a33) mulhsu  s4, s8, t5
core   0: 3 0x80006e48 (0x03ec2a33) x20 0x00000000
core   0: 0x80006e4c (0x4142d4b3) sra     s1, t0, s4
core   0: 3 0x80006e4c (0x4142d4b3) x9  0x00000000
core   0: 0x80006e50 (0x41595a33) sra     s4, s2, s5
core   0: 3 0x80006e50 (0x41595a33) x20 0x00080078
core   0: 0x80006e54 (0x33760993) addi    s3, a2, 823
core   0: 3 0x80006e54 (0x33760993) x19 0x00000337
core   0: 0x80006e58 (0x00008e71) c.and   a2, a2
core   0: 3 0x80006e58 (0x8e71) x12 0x00000000
core   0: 0x80006e5a (0x000008aa) c.slli  a7, 10
core   0: 3 0x80006e5a (0x08aa) x17 0x00020000
core   0: 0x80006e5c (0x030f9533) mulh    a0, t6, a6
core   0: 3 0x80006e5c (0x030f9533) x10 0xffc00000
core   0: 0x80006e60 (0x00758933) add     s2, a1, t2
core   0: 3 0x80006e60 (0x00758933) x18 0xbdfe2fd0
core   0: 0x80006e64 (0x00008ecd) c.or    a3, a1
core   0: 3 0x80006e64 (0x8ecd) x13 0xbdfccfd0
core   0: 0x80006e66 (0x533f2617) auipc   a2, 0x533f2
core   0: 3 0x80006e66 (0x533f2617) x12 0xd33f8e66
core   0: 0x80006e6a (0x000084c1) c.srai  s1, 16
core   0: 3 0x80006e6a (0x84c1) x9  0x00000000
core   0: 0x80006e6c (0x000082a2) c.mv    t0, s0
core   0: 3 0x80006e6c (0x82a2) x5  0x80029ce4
core   0: 0x80006e6e (0x03b658b3) divu    a7, a2, s11
core   0: 3 0x80006e6e (0x03b658b3) x17 0xffffffff
core   0: 0x80006e72 (0x00dcf933) and     s2, s9, a3
core   0: 3 0x80006e72 (0x00dcf933) x18 0x00800000
core   0: 0x80006e76 (0xf5f00793) li      a5, -161
core   0: 3 0x80006e76 (0xf5f00793) x15 0xffffff5f
core   0: 0x80006e7a (0x00000001) c.nop
core   0: 3 0x80006e7a (0x0001)
core   0: 0x80006e7c (0x02031f33) mulh    t5, t1, zero
core   0: 3 0x80006e7c (0x02031f33) x30 0x00000000
core   0: 0x80006e80 (0xc5082c13) slti    s8, a6, -944
core   0: 3 0x80006e80 (0xc5082c13) x24 0x00000001
core   0: 0x80006e84 (0xc9910d13) addi    s10, sp, -871
core   0: 3 0x80006e84 (0xc9910d13) x26 0xbdfcc999
core   0: 0x80006e88 (0x7af98997) auipc   s3, 0x7af98
core   0: 3 0x80006e88 (0x7af98997) x19 0xfaf9ee88
core   0: 0x80006e8c (0x00008ca1) c.xor   s1, s0
core   0: 3 0x80006e8c (0x8ca1) x9  0x80029ce4
core   0: 0x80006e8e (0x00000001) c.nop
core   0: 3 0x80006e8e (0x0001)
core   0: 0x80006e90 (0x15d39217) auipc   tp, 0x15d39
core   0: 3 0x80006e90 (0x15d39217) x4  0x95d3fe90
core   0: 0x80006e94 (0x0352e563) bltu    t0, s5, pc + 42
core   0: 3 0x80006e94 (0x0352e563)
core   0: 0x80006e98 (0x0503e363) bltu    t2, a6, pc + 70
core   0: 3 0x80006e98 (0x0503e363)
core   0: 0x80006ede (0x031c1363) bne     s8, a7, pc + 38
core   0: 3 0x80006ede (0x031c1363)
core   0: 0x80006f04 (0x02c4c563) blt     s1, a2, pc + 42
core   0: 3 0x80006f04 (0x02c4c563)
core   0: 0x80006f2e (0x00000488) c.addi4spn a0, sp, 576
core   0: 3 0x80006f2e (0x0488) x10 0xbdfccf40
core   0: 0x80006f30 (0x00000001) c.nop
core   0: 3 0x80006f30 (0x0001)
core   0: 0x80006f32 (0x00000fea) c.slli  t6, 26
core   0: 3 0x80006f32 (0x0fea) x31 0x00000000
core   0: 0x80006f34 (0x0040d5b3) srl     a1, ra, tp
core   0: 3 0x80006f34 (0x0040d5b3) x11 0x00008002
core   0: 0x80006f38 (0x00008e25) c.xor   a2, s1
core   0: 3 0x80006f38 (0x8e25) x12 0x533d1282
core   0: 0x80006f3a (0x00008dc9) c.or    a1, a0
core   0: 3 0x80006f3a (0x8dc9) x11 0xbdfccf42
core   0: 0x80006f3c (0xbf1b3f97) auipc   t6, 0xbf1b3
core   0: 3 0x80006f3c (0xbf1b3f97) x31 0x3f1b9f3c
core   0: 0x80006f40 (0x00008e4d) c.or    a2, a1
core   0: 3 0x80006f40 (0x8e4d) x12 0xfffddfc2
core   0: 0x80006f42 (0xb36c3893) sltiu   a7, s8, -1226
core   0: 3 0x80006f42 (0xb36c3893) x17 0x00000001
core   0: 0x80006f46 (0x00008d09) c.sub   a0, a0
core   0: 3 0x80006f46 (0x8d09) x10 0x00000000
core   0: 0x80006f48 (0x40c88c33) sub     s8, a7, a2
core   0: 3 0x80006f48 (0x40c88c33) x24 0x0002203f
core   0: 0x80006f4c (0x40348333) sub     t1, s1, gp
core   0: 3 0x80006f4c (0x40348333) x6  0x80029ce4
core   0: 0x80006f50 (0x00008329) c.srli  a4, 10
core   0: 3 0x80006f50 (0x8329) x14 0x00000000
core   0: 0x80006f52 (0x00000096) c.slli  ra, 5
core   0: 3 0x80006f52 (0x0096) x1  0x00539c40
core   0: 0x80006f54 (0xdc906d13) ori     s10, zero, -567
core   0: 3 0x80006f54 (0xdc906d13) x26 0xfffffdc9
core   0: 0x80006f58 (0x026b0733) mul     a4, s6, t1
core   0: 3 0x80006f58 (0x026b0733) x14 0x80029ce4
core   0: 0x80006f5c (0x00008ec9) c.or    a3, a0
core   0: 3 0x80006f5c (0x8ec9) x13 0xbdfccfd0
core   0: 0x80006f5e (0x00005a7d) c.li    s4, -1
core   0: 3 0x80006f5e (0x5a7d) x20 0xffffffff
core   0: 0x80006f60 (0x029d48b3) div     a7, s10, s1
core   0: 3 0x80006f60 (0x029d48b3) x17 0x00000000
core   0: 0x80006f64 (0x0000013e) c.slli  sp, 15
core   0: 3 0x80006f64 (0x013e) x2  0x66800000
core   0: 0x80006f66 (0x01089f93) slli    t6, a7, 16
core   0: 3 0x80006f66 (0x01089f93) x31 0x00000000
core   0: 0x80006f6a (0x0000717d) c.addi16sp sp, -16
core   0: 3 0x80006f6a (0x717d) x2  0x667ffff0
core   0: 0x80006f6c (0x00000001) c.nop
core   0: 3 0x80006f6c (0x0001)
core   0: 0x80006f6e (0x00009e6e) c.add   t3, s11
core   0: 3 0x80006f6e (0x9e6e) x28 0x00000000
core   0: 0x80006f70 (0x0000e105) c.bnez  a0, pc + 32
core   0: 3 0x80006f70 (0xe105)
core   0: 0x80006f72 (0x010dd0b3) srl     ra, s11, a6
core   0: 3 0x80006f72 (0x010dd0b3) x1  0x00000000
core   0: 0x80006f76 (0x57df8d13) addi    s10, t6, 1405
core   0: 3 0x80006f76 (0x57df8d13) x26 0x0000057d
core   0: 0x80006f7a (0x036f1e33) mulh    t3, t5, s6
core   0: 3 0x80006f7a (0x036f1e33) x28 0x00000000
core   0: 0x80006f7e (0x05dfe063) bltu    t6, t4, pc + 64
core   0: 3 0x80006f7e (0x05dfe063)
core   0: 0x80006fbe (0x000089aa) c.mv    s3, a0
core   0: 3 0x80006fbe (0x89aa) x19 0x00000000
core   0: 0x80006fc0 (0x00008b32) c.mv    s6, a2
core   0: 3 0x80006fc0 (0x8b32) x22 0xfffddfc2
core   0: 0x80006fc2 (0x00009a7d) c.andi  a2, -1
core   0: 3 0x80006fc2 (0x9a7d) x12 0xfffddfc2
core   0: 0x80006fc4 (0x035ccd63) blt     s9, s5, pc + 58
core   0: 3 0x80006fc4 (0x035ccd63)
core   0: 0x80006fc8 (0x00000001) c.nop
core   0: 3 0x80006fc8 (0x0001)
core   0: 0x80006fca (0x02cd4063) blt     s10, a2, pc + 32
core   0: 3 0x80006fca (0x02cd4063)
core   0: 0x80006fce (0x0000e605) c.bnez  a2, pc + 40
core   0: 3 0x80006fce (0xe605)
core   0: 0x80006ff6 (0x405d8933) sub     s2, s11, t0
core   0: 3 0x80006ff6 (0x405d8933) x18 0x7ffd631c
core   0: 0x80006ffa (0x5f43c093) xori    ra, t2, 1524
core   0: 3 0x80006ffa (0x5f43c093) x1  0x000165f4
core   0: 0x80006ffe (0x01260733) add     a4, a2, s2
core   0: 3 0x80006ffe (0x01260733) x14 0x7ffb42de
core   0: 0x80007002 (0x41630fb3) sub     t6, t1, s6
core   0: 3 0x80007002 (0x41630fb3) x31 0x8004bd22
core   0: 0x80007006 (0x000098fd) c.andi  s1, -1
core   0: 3 0x80007006 (0x98fd) x9  0x80029ce4
core   0: 0x80007008 (0x40790333) sub     t1, s2, t2
core   0: 3 0x80007008 (0x40790333) x6  0x7ffc031c
core   0: 0x8000700c (0x021cbc33) mulhu   s8, s9, ra
core   0: 3 0x8000700c (0x021cbc33) x24 0x000000b2
core   0: 0x80007010 (0x0000717d) c.addi16sp sp, -16
core   0: 3 0x80007010 (0x717d) x2  0x667fffe0
core   0: 0x80007012 (0x00009f36) c.add   t5, a3
core   0: 3 0x80007012 (0x9f36) x30 0xbdfccfd0
core   0: 0x80007014 (0x034aff33) remu    t5, s5, s4
core   0: 3 0x80007014 (0x034aff33) x30 0x80025e64
core   0: 0x80007018 (0x000062ed) c.lui   t0, 0x1b
core   0: 3 0x80007018 (0x62ed) x5  0x0001b000
core   0: 0x8000701a (0x0000177d) c.addi  a4, -1
core   0: 3 0x8000701a (0x177d) x14 0x7ffb42dd
core   0: 0x8000701c (0x6474a593) slti    a1, s1, 1607
core   0: 3 0x8000701c (0x6474a593) x11 0x00000001
core   0: 0x80007020 (0x007cb233) sltu    tp, s9, t2
core   0: 3 0x80007020 (0x007cb233) x4  0x00000000
core   0: 0x80007024 (0x00000001) c.nop
core   0: 3 0x80007024 (0x0001)
core   0: 0x80007026 (0x74992217) auipc   tp, 0x74992
core   0: 3 0x80007026 (0x74992217) x4  0xf4999026
core   0: 0x8000702a (0x00db0463) beq     s6, a3, pc + 8
core   0: 3 0x8000702a (0x00db0463)
core   0: 0x8000702e (0x1a1c6f97) auipc   t6, 0x1a1c6
core   0: 3 0x8000702e (0x1a1c6f97) x31 0x9a1cd02e
core   0: 0x80007032 (0x41a3dd93) srai    s11, t2, 26
core   0: 3 0x80007032 (0x41a3dd93) x27 0x00000000
core   0: 0x80007036 (0x0089d363) bge     s3, s0, pc + 6
core   0: 3 0x80007036 (0x0089d363)
core   0: 0x8000703c (0x03c92bb3) mulhsu  s7, s2, t3
core   0: 3 0x8000703c (0x03c92bb3) x23 0x00000000
core   0: 0x80007040 (0x00e13733) sltu    a4, sp, a4
core   0: 3 0x80007040 (0x00e13733) x14 0x00000001
core   0: 0x80007044 (0x033c6363) bltu    s8, s3, pc + 38
core   0: 3 0x80007044 (0x033c6363)
core   0: 0x80007048 (0x40d10333) sub     t1, sp, a3
core   0: 3 0x80007048 (0x40d10333) x6  0xa8833010
core   0: 0x8000704c (0x021f8063) beq     t6, ra, pc + 32
core   0: 3 0x8000704c (0x021f8063)
core   0: 0x80007050 (0x02a77f33) remu    t5, a4, a0
core   0: 3 0x80007050 (0x02a77f33) x30 0x00000001
core   0: 0x80007054 (0x00008ee9) c.and   a3, a0
core   0: 3 0x80007054 (0x8ee9) x13 0x00000000
core   0: 0x80007056 (0x3685ae13) slti    t3, a1, 872
core   0: 3 0x80007056 (0x3685ae13) x28 0x00000001
core   0: 0x8000705a (0x0000875d) c.srai  a4, 23
core   0: 3 0x8000705a (0x875d) x14 0x00000000
core   0: 0x8000705c (0x01aedc13) srli    s8, t4, 26
core   0: 3 0x8000705c (0x01aedc13) x24 0x00000000
core   0: 0x80007060 (0x0013bfb3) sltu    t6, t2, ra
core   0: 3 0x80007060 (0x0013bfb3) x31 0x00000001
core   0: 0x80007064 (0x7cd30613) addi    a2, t1, 1997
core   0: 3 0x80007064 (0x7cd30613) x12 0xa88337dd
core   0: 0x80007068 (0x00008f15) c.sub   a4, a3
core   0: 3 0x80007068 (0x8f15) x14 0x00000000
core   0: 0x8000706a (0x00008eb2) c.mv    t4, a2
core   0: 3 0x8000706a (0x8eb2) x29 0xa88337dd
core   0: 0x8000706c (0x022ac2b3) div     t0, s5, sp
core   0: 3 0x8000706c (0x022ac2b3) x5  0xffffffff
core   0: 0x80007070 (0x0031de13) srli    t3, gp, 3
core   0: 3 0x80007070 (0x0031de13) x28 0x00000000
core   0: 0x80007074 (0x01adc563) blt     s11, s10, pc + 10
core   0: 3 0x80007074 (0x01adc563)
core   0: 0x8000707e (0x4168dd93) srai    s11, a7, 22
core   0: 3 0x8000707e (0x4168dd93) x27 0x00000000
core   0: 0x80007082 (0x0000676d) c.lui   a4, 0x1b
core   0: 3 0x80007082 (0x676d) x14 0x0001b000
core   0: 0x80007084 (0x694283b7) lui     t2, 0x69428
core   0: 3 0x80007084 (0x694283b7) x7  0x69428000
core   0: 0x80007088 (0x03f6c733) div     a4, a3, t6
core   0: 3 0x80007088 (0x03f6c733) x14 0x00000000
core   0: 0x8000708c (0x012ce0b3) or      ra, s9, s2
core   0: 3 0x8000708c (0x012ce0b3) x1  0x7ffd631c
core   0: 0x80007090 (0x03341563) bne     s0, s3, pc + 42
core   0: 3 0x80007090 (0x03341563)
core   0: 0x800070ba (0x01f9c8b3) xor     a7, s3, t6
core   0: 3 0x800070ba (0x01f9c8b3) x17 0x00000001
core   0: 0x800070be (0x0000833e) c.mv    t1, a5
core   0: 3 0x800070be (0x833e) x6  0xffffff5f
core   0: 0x800070c0 (0x0000c215) c.beqz  a2, pc + 36
core   0: 3 0x800070c0 (0xc215)
core   0: 0x800070c2 (0x000064f1) c.lui   s1, 0x1c
core   0: 3 0x800070c2 (0x64f1) x9  0x0001c000
core   0: 0x800070c4 (0x00008761) c.srai  a4, 24
core   0: 3 0x800070c4 (0x8761) x14 0x00000000
core   0: 0x800070c6 (0x00a824b3) slt     s1, a6, a0
core   0: 3 0x800070c6 (0x00a824b3) x9  0x00000001
core   0: 0x800070ca (0x033497b3) mulh    a5, s1, s3
core   0: 3 0x800070ca (0x033497b3) x15 0x00000000
core   0: 0x800070ce (0x40895f33) sra     t5, s2, s0
core   0: 3 0x800070ce (0x40895f33) x30 0x07ffd631
core   0: 0x800070d2 (0x0071f2b3) and     t0, gp, t2
core   0: 3 0x800070d2 (0x0071f2b3) x5  0x00000000
core   0: 0x800070d6 (0x03998bb3) mul     s7, s3, s9
core   0: 3 0x800070d6 (0x03998bb3) x23 0x00000000
core   0: 0x800070da (0x03027563) bgeu    tp, a6, pc + 42
core   0: 3 0x800070da (0x03027563)
core   0: 0x80007104 (0x401606b3) sub     a3, a2, ra
core   0: 3 0x80007104 (0x401606b3) x13 0x2885d4c1
core   0: 0x80007108 (0x01f59633) sll     a2, a1, t6
core   0: 3 0x80007108 (0x01f59633) x12 0x00000002
core   0: 0x8000710c (0x00b18fb3) add     t6, gp, a1
core   0: 3 0x8000710c (0x00b18fb3) x31 0x00000001
core   0: 0x80007110 (0x00008d71) c.and   a0, a2
core   0: 3 0x80007110 (0x8d71) x10 0x00000000
core   0: 0x80007112 (0x05079263) bne     a5, a6, pc + 68
core   0: 3 0x80007112 (0x05079263)
core   0: 0x80007156 (0x0021df13) srli    t5, gp, 2
core   0: 3 0x80007156 (0x0021df13) x30 0x00000000
core   0: 0x8000715a (0x0000ee1d) c.bnez  a2, pc + 62
core   0: 3 0x8000715a (0xee1d)
core   0: 0x80007198 (0xf89ec913) xori    s2, t4, -119
core   0: 3 0x80007198 (0xf89ec913) x18 0x577cc854
core   0: 0x8000719c (0x0280dbb3) divu    s7, ra, s0
core   0: 3 0x8000719c (0x0280dbb3) x23 0x00000000
core   0: 0x800071a0 (0x00004c25) c.li    s8, 9
core   0: 3 0x800071a0 (0x4c25) x24 0x00000009
core   0: 0x800071a2 (0x00000a51) c.addi  s4, 20
core   0: 3 0x800071a2 (0x0a51) x20 0x00000013
core   0: 0x800071a4 (0x0000137d) c.addi  t1, -1
core   0: 3 0x800071a4 (0x137d) x6  0xffffff5e
core   0: 0x800071a6 (0x00008d3e) c.mv    s10, a5
core   0: 3 0x800071a6 (0x8d3e) x26 0x00000000
core   0: 0x800071a8 (0x00006e65) c.lui   t3, 0x19
core   0: 3 0x800071a8 (0x6e65) x28 0x00019000
core   0: 0x800071aa (0x0198d893) srli    a7, a7, 25
core   0: 3 0x800071aa (0x0198d893) x17 0x00000000
core   0: 0x800071ae (0x00008d01) c.sub   a0, s0
core   0: 3 0x800071ae (0x8d01) x10 0x7ffd631c
core   0: 0x800071b0 (0x00000001) c.nop
core   0: 3 0x800071b0 (0x0001)
core   0: 0x800071b2 (0x00008d01) c.sub   a0, s0
core   0: 3 0x800071b2 (0x8d01) x10 0xfffac638
core   0: 0x800071b4 (0x01a4f1b3) and     gp, s1, s10
core   0: 3 0x800071b4 (0x01a4f1b3) x3  0x00000000
core   0: 0x800071b8 (0x039172b3) remu    t0, sp, s9
core   0: 3 0x800071b8 (0x039172b3) x5  0x007fffe0
core   0: 0x800071bc (0x0000597d) c.li    s2, -1
core   0: 3 0x800071bc (0x597d) x18 0xffffffff
core   0: 0x800071be (0x00dcb5b3) sltu    a1, s9, a3
core   0: 3 0x800071be (0x00dcb5b3) x11 0x00000001
core   0: 0x800071c2 (0x05eb72b7) lui     t0, 0x5eb7
core   0: 3 0x800071c2 (0x05eb72b7) x5  0x05eb7000
core   0: 0x800071c6 (0x000001d6) c.slli  gp, 21
core   0: 3 0x800071c6 (0x01d6) x3  0x00000000
core   0: 0x800071c8 (0x03a9bbb3) mulhu   s7, s3, s10
core   0: 3 0x800071c8 (0x03a9bbb3) x23 0x00000000
core   0: 0x800071cc (0x03eb2f33) mulhsu  t5, s6, t5
core   0: 3 0x800071cc (0x03eb2f33) x30 0x00000000
core   0: 0x800071d0 (0x021e0d33) mul     s10, t3, ra
core   0: 3 0x800071d0 (0x021e0d33) x26 0xeadbc000
core   0: 0x800071d4 (0x41b85e93) srai    t4, a6, 27
core   0: 3 0x800071d4 (0x41b85e93) x29 0xfffffff0
core   0: 0x800071d8 (0x03270463) beq     a4, s2, pc + 40
core   0: 3 0x800071d8 (0x03270463)
core   0: 0x800071dc (0x41ee5533) sra     a0, t3, t5
core   0: 3 0x800071dc (0x41ee5533) x10 0x00019000
core   0: 0x800071e0 (0x03e440b3) div     ra, s0, t5
core   0: 3 0x800071e0 (0x03e440b3) x1  0xffffffff
core   0: 0x800071e4 (0x099d4b63) blt     s10, s9, pc + 150
core   0: 3 0x800071e4 (0x099d4b63)
core   0: 0x8000727a (0x5ce80393) addi    t2, a6, 1486
core   0: 3 0x8000727a (0x5ce80393) x7  0x800005ce
core   0: 0x8000727e (0x000006b2) c.slli  a3, 12
core   0: 3 0x8000727e (0x06b2) x13 0x5d4c1000
core   0: 0x80007280 (0x008725b3) slt     a1, a4, s0
core   0: 3 0x80007280 (0x008725b3) x11 0x00000000
core   0: 0x80007284 (0x02c6e963) bltu    a3, a2, pc + 50
core   0: 3 0x80007284 (0x02c6e963)
core   0: 0x80007288 (0x00008286) c.mv    t0, ra
core   0: 3 0x80007288 (0x8286) x5  0xffffffff
core   0: 0x8000728a (0x0010a633) slt     a2, ra, ra
core   0: 3 0x8000728a (0x0010a633) x12 0x00000000
core   0: 0x8000728e (0x0000690d) c.lui   s2, 0x3
core   0: 3 0x8000728e (0x690d) x18 0x00003000
core   0: 0x80007290 (0xa62d6c13) ori     s8, s10, -1438
core   0: 3 0x80007290 (0xa62d6c13) x24 0xfffffa62
core   0: 0x80007294 (0x00c2ecb3) or      s9, t0, a2
core   0: 3 0x80007294 (0x00c2ecb3) x25 0xffffffff
core   0: 0x80007298 (0x03db5b33) divu    s6, s6, t4
core   0: 3 0x80007298 (0x03db5b33) x22 0x00000000
core   0: 0x8000729c (0x01cd5f93) srli    t6, s10, 28
core   0: 3 0x8000729c (0x01cd5f93) x31 0x0000000e
core   0: 0x800072a0 (0x02d6bb33) mulhu   s6, a3, a3
core   0: 3 0x800072a0 (0x02d6bb33) x22 0x22005a39
core   0: 0x800072a4 (0x000085cd) c.srai  a1, 19
core   0: 3 0x800072a4 (0x85cd) x11 0x00000000
core   0: 0x800072a6 (0x403382b3) sub     t0, t2, gp
core   0: 3 0x800072a6 (0x403382b3) x5  0x800005ce
core   0: 0x800072aa (0x40055bb3) sra     s7, a0, zero
core   0: 3 0x800072aa (0x40055bb3) x23 0x00019000
core   0: 0x800072ae (0x78ea0f37) lui     t5, 0x78ea0
core   0: 3 0x800072ae (0x78ea0f37) x30 0x78ea0000
core   0: 0x800072b2 (0x012a9663) bne     s5, s2, pc + 12
core   0: 3 0x800072b2 (0x012a9663)
core   0: 0x800072be (0x00004f7d) c.li    t5, 31
core   0: 3 0x800072be (0x4f7d) x30 0x0000001f
core   0: 0x800072c0 (0xde6d8713) addi    a4, s11, -538
core   0: 3 0x800072c0 (0xde6d8713) x14 0xfffffde6
core   0: 0x800072c4 (0x00008f71) c.and   a4, a2
core   0: 3 0x800072c4 (0x8f71) x14 0x00000000
core   0: 0x800072c6 (0x019937b3) sltu    a5, s2, s9
core   0: 3 0x800072c6 (0x019937b3) x15 0x00000001
core   0: 0x800072ca (0x007f1eb3) sll     t4, t5, t2
core   0: 3 0x800072ca (0x007f1eb3) x29 0x0007c000
core   0: 0x800072ce (0x01452d33) slt     s10, a0, s4
core   0: 3 0x800072ce (0x01452d33) x26 0x00000000
core   0: 0x800072d2 (0x00005e7d) c.li    t3, -1
core   0: 3 0x800072d2 (0x5e7d) x28 0xffffffff
core   0: 0x800072d4 (0x0192cfb3) xor     t6, t0, s9
core   0: 3 0x800072d4 (0x0192cfb3) x31 0x7ffffa31
core   0: 0x800072d8 (0x000639b3) sltu    s3, a2, zero
core   0: 3 0x800072d8 (0x000639b3) x19 0x00000000
core   0: 0x800072dc (0x011fa4b3) slt     s1, t6, a7
core   0: 3 0x800072dc (0x011fa4b3) x9  0x00000000
core   0: 0x800072e0 (0x02b78b33) mul     s6, a5, a1
core   0: 3 0x800072e0 (0x02b78b33) x22 0x00000000
core   0: 0x800072e4 (0x024bb233) mulhu   tp, s7, tp
core   0: 3 0x800072e4 (0x024bb233) x4  0x00017e2f
core   0: 0x800072e8 (0x00f61933) sll     s2, a2, a5
core   0: 3 0x800072e8 (0x00f61933) x18 0x00000000
core   0: 0x800072ec (0x000083cd) c.srli  a5, 19
core   0: 3 0x800072ec (0x83cd) x15 0x00000000
core   0: 0x800072ee (0x41dad733) sra     a4, s5, t4
core   0: 3 0x800072ee (0x41dad733) x14 0x80025e64
core   0: 0x800072f2 (0x00008219) c.srli  a2, 6
core   0: 3 0x800072f2 (0x8219) x12 0x00000000
core   0: 0x800072f4 (0xee924d13) xori    s10, tp, -279
core   0: 3 0x800072f4 (0xee924d13) x26 0xfffe80c6
core   0: 0x800072f8 (0x007373b3) and     t2, t1, t2
core   0: 3 0x800072f8 (0x007373b3) x7  0x8000054e
core   0: 0x800072fc (0xcea1b513) sltiu   a0, gp, -790
core   0: 3 0x800072fc (0xcea1b513) x10 0x00000001
core   0: 0x80007300 (0x02e24bb3) div     s7, tp, a4
core   0: 3 0x80007300 (0x02e24bb3) x23 0x00000000
core   0: 0x80007304 (0x00008375) c.srli  a4, 29
core   0: 3 0x80007304 (0x8375) x14 0x00000004
core   0: 0x80007306 (0x039b25b3) mulhsu  a1, s6, s9
core   0: 3 0x80007306 (0x039b25b3) x11 0x00000000
core   0: 0x8000730a (0x00008219) c.srli  a2, 6
core   0: 3 0x8000730a (0x8219) x12 0x00000000
core   0: 0x8000730c (0xdf468793) addi    a5, a3, -524
core   0: 3 0x8000730c (0xdf468793) x15 0x5d4c0df4
core   0: 0x80007310 (0x029bd363) bge     s7, s1, pc + 38
core   0: 3 0x80007310 (0x029bd363)
core   0: 0x80007336 (0x00008f81) c.sub   a5, s0
core   0: 3 0x80007336 (0x8f81) x15 0xdd497110
core   0: 0x80007338 (0x02dbdf33) divu    t5, s7, a3
core   0: 3 0x80007338 (0x02dbdf33) x30 0x00000000
core   0: 0x8000733c (0x03fa5263) bge     s4, t6, pc + 36
core   0: 3 0x8000733c (0x03fa5263)
core   0: 0x80007340 (0x00008d09) c.sub   a0, a0
core   0: 3 0x80007340 (0x8d09) x10 0x00000000
core   0: 0x80007342 (0x0000c791) c.beqz  a5, pc + 12
core   0: 3 0x80007342 (0xc791)
core   0: 0x80007344 (0x000084d5) c.srai  s1, 21
core   0: 3 0x80007344 (0x84d5) x9  0x00000000
core   0: 0x80007346 (0x00008d3d) c.xor   a0, a5
core   0: 3 0x80007346 (0x8d3d) x10 0xdd497110
core   0: 0x80007348 (0x2d558c93) addi    s9, a1, 725
core   0: 3 0x80007348 (0x2d558c93) x25 0x000002d5
core   0: 0x8000734c (0x00008f35) c.xor   a4, a3
core   0: 3 0x8000734c (0x8f35) x14 0x5d4c1004
core   0: 0x8000734e (0x0229ffb3) remu    t6, s3, sp
core   0: 3 0x8000734e (0x0229ffb3) x31 0x00000000
core   0: 0x80007352 (0x0364f063) bgeu    s1, s6, pc + 32
core   0: 3 0x80007352 (0x0364f063)
core   0: 0x80007372 (0x024863b3) rem     t2, a6, tp
core   0: 3 0x80007372 (0x024863b3) x7  0xffffc3b3
core   0: 0x80007376 (0x00000001) c.nop
core   0: 3 0x80007376 (0x0001)
core   0: 0x80007378 (0x02436f63) bltu    t1, tp, pc + 62
core   0: 3 0x80007378 (0x02436f63)
core   0: 0x8000737c (0x9f911f97) auipc   t6, 0x9f911
core   0: 3 0x8000737c (0x9f911f97) x31 0x1f91837c
core   0: 0x80007380 (0x00008d75) c.and   a0, a3
core   0: 3 0x80007380 (0x8d75) x10 0x5d481000
core   0: 0x80007382 (0xb5912193) slti    gp, sp, -1191
core   0: 3 0x80007382 (0xb5912193) x3  0x00000000
core   0: 0x80007386 (0x00008151) c.srli  a0, 20
core   0: 3 0x80007386 (0x8151) x10 0x000005d4
core   0: 0x80007388 (0x000095e2) c.add   a1, s8
core   0: 3 0x80007388 (0x95e2) x11 0xfffffa62
core   0: 0x8000738a (0x0000857d) c.srai  a0, 31
core   0: 3 0x8000738a (0x857d) x10 0x00000000
core   0: 0x8000738c (0x0389c133) div     sp, s3, s8
core   0: 3 0x8000738c (0x0389c133) x2  0x00000000
core   0: 0x80007390 (0x5d1bd2b7) lui     t0, 0x5d1bd
core   0: 3 0x80007390 (0x5d1bd2b7) x5  0x5d1bd000
core   0: 0x80007394 (0x77d96637) lui     a2, 0x77d96
core   0: 3 0x80007394 (0x77d96637) x12 0x77d96000
core   0: 0x80007398 (0x0000717d) c.addi16sp sp, -16
core   0: 3 0x80007398 (0x717d) x2  0xfffffff0
core   0: 0x8000739a (0x00c6a133) slt     sp, a3, a2
core   0: 3 0x8000739a (0x00c6a133) x2  0x00000001
core   0: 0x8000739e (0x032b2a33) mulhsu  s4, s6, s2
core   0: 3 0x8000739e (0x032b2a33) x20 0x00000000
core   0: 0x800073a2 (0x0000620d) c.lui   tp, 0x3
core   0: 3 0x800073a2 (0x620d) x4  0x00003000
core   0: 0x800073a4 (0x00ec7eb3) and     t4, s8, a4
core   0: 3 0x800073a4 (0x00ec7eb3) x29 0x5d4c1000
core   0: 0x800073a8 (0x018647b3) xor     a5, a2, s8
core   0: 3 0x800073a8 (0x018647b3) x15 0x88269a62
core   0: 0x800073ac (0x00c66d33) or      s10, a2, a2
core   0: 3 0x800073ac (0x00c66d33) x26 0x77d96000
core   0: 0x800073b0 (0x01955863) bge     a0, s9, pc + 16
core   0: 3 0x800073b0 (0x01955863)
core   0: 0x800073b4 (0x00008786) c.mv    a5, ra
core   0: 3 0x800073b4 (0x8786) x15 0xffffffff
core   0: 0x800073b6 (0x00008229) c.srli  a2, 10
core   0: 3 0x800073b6 (0x8229) x12 0x001df658
core   0: 0x800073b8 (0x000087dd) c.srai  a5, 23
core   0: 3 0x800073b8 (0x87dd) x15 0xffffffff
core   0: 0x800073ba (0x00008e59) c.or    a2, a4
core   0: 3 0x800073ba (0x8e59) x12 0x5d5df65c
core   0: 0x800073bc (0x037b1b33) mulh    s6, s6, s7
core   0: 3 0x800073bc (0x037b1b33) x22 0x00000000
core   0: 0x800073c0 (0xdb19a993) slti    s3, s3, -591
core   0: 3 0x800073c0 (0xdb19a993) x19 0x00000000
core   0: 0x800073c4 (0x411c01b3) sub     gp, s8, a7
core   0: 3 0x800073c4 (0x411c01b3) x3  0xfffffa62
core   0: 0x800073c8 (0x02c801b3) mul     gp, a6, a2
core   0: 3 0x800073c8 (0x02c801b3) x3  0x00000000
core   0: 0x800073cc (0x00008fed) c.and   a5, a1
core   0: 3 0x800073cc (0x8fed) x15 0xfffffa62
core   0: 0x800073ce (0x01effbb3) and     s7, t6, t5
core   0: 3 0x800073ce (0x01effbb3) x23 0x00000000
core   0: 0x800073d2 (0x04a15e63) bge     sp, a0, pc + 92
core   0: 3 0x800073d2 (0x04a15e63)
core   0: 0x8000742e (0x000bf863) bgeu    s7, zero, pc + 16
core   0: 3 0x8000742e (0x000bf863)
core   0: 0x8000743e (0x00008fc9) c.or    a5, a0
core   0: 3 0x8000743e (0x8fc9) x15 0xfffffa62
core   0: 0x80007440 (0x000043bd) c.li    t2, 15
core   0: 3 0x80007440 (0x43bd) x7  0x0000000f
core   0: 0x80007442 (0x01bed533) srl     a0, t4, s11
core   0: 3 0x80007442 (0x01bed533) x10 0x5d4c1000
core   0: 0x80007446 (0x02ebb133) mulhu   sp, s7, a4
core   0: 3 0x80007446 (0x02ebb133) x2  0x00000000
core   0: 0x8000744a (0x00006255) c.lui   tp, 0x15
core   0: 3 0x8000744a (0x6255) x4  0x00015000
core   0: 0x8000744c (0x00000904) c.addi4spn s1, sp, 144
core   0: 3 0x8000744c (0x0904) x9  0x00000090
core   0: 0x8000744e (0x00008ef9) c.and   a3, a4
core   0: 3 0x8000744e (0x8ef9) x13 0x5d4c1000
core   0: 0x80007450 (0xdb784a13) xori    s4, a6, -585
core   0: 3 0x80007450 (0xdb784a13) x20 0x7ffffdb7
core   0: 0x80007454 (0x409189b3) sub     s3, gp, s1
core   0: 3 0x80007454 (0x409189b3) x19 0xffffff70
core   0: 0x80007458 (0x0172fdb3) and     s11, t0, s7
core   0: 3 0x80007458 (0x0172fdb3) x27 0x00000000
core   0: 0x8000745c (0x03f758b3) divu    a7, a4, t6
core   0: 3 0x8000745c (0x03f758b3) x17 0x00000002
core   0: 0x80007460 (0x03e35db3) divu    s11, t1, t5
core   0: 3 0x80007460 (0x03e35db3) x27 0xffffffff
core   0: 0x80007464 (0x00008fb1) c.xor   a5, a2
core   0: 3 0x80007464 (0x8fb1) x15 0xa2a20c3e
core   0: 0x80007466 (0x008b38b3) sltu    a7, s6, s0
core   0: 3 0x80007466 (0x008b38b3) x17 0x00000001
core   0: 0x8000746a (0x05ea1463) bne     s4, t5, pc + 72
core   0: 3 0x8000746a (0x05ea1463)
core   0: 0x800074b2 (0x00008e75) c.and   a2, a3
core   0: 3 0x800074b2 (0x8e75) x12 0x5d4c1000
core   0: 0x800074b4 (0x0385a933) mulhsu  s2, a1, s8
core   0: 3 0x800074b4 (0x0385a933) x18 0xfffffa62
core   0: 0x800074b8 (0x00000001) c.nop
core   0: 3 0x800074b8 (0x0001)
core   0: 0x800074ba (0x000093fa) c.add   t2, t5
core   0: 3 0x800074ba (0x93fa) x7  0x0000000f
core   0: 0x800074bc (0x19fe7193) andi    gp, t3, 415
core   0: 3 0x800074bc (0x19fe7193) x3  0x0000019f
core   0: 0x800074c0 (0x410bd2b3) sra     t0, s7, a6
core   0: 3 0x800074c0 (0x410bd2b3) x5  0x00000000
core   0: 0x800074c4 (0x029ea0b3) mulhsu  ra, t4, s1
core   0: 3 0x800074c4 (0x029ea0b3) x1  0x00000034
core   0: 0x800074c8 (0x40e15033) sra     zero, sp, a4
core   0: 3 0x800074c8 (0x40e15033)
core   0: 0x800074cc (0x0000859d) c.srai  a1, 7
core   0: 3 0x800074cc (0x859d) x11 0xfffffff4
core   0: 0x800074ce (0x033544b3) div     s1, a0, s3
core   0: 3 0x800074ce (0x033544b3) x9  0xff5a2372
core   0: 0x800074d2 (0x00000190) c.addi4spn a2, sp, 192
core   0: 3 0x800074d2 (0x0190) x12 0x000000c0
core   0: 0x800074d4 (0x7afaa393) slti    t2, s5, 1967
core   0: 3 0x800074d4 (0x7afaa393) x7  0x00000001
core   0: 0x800074d8 (0xecd08f93) addi    t6, ra, -307
core   0: 3 0x800074d8 (0xecd08f93) x31 0xffffff01
core   0: 0x800074dc (0x024e78b3) remu    a7, t3, tp
core   0: 3 0x800074dc (0x024e78b3) x17 0x00003fff
core   0: 0x800074e0 (0x00b94d33) xor     s10, s2, a1
core   0: 3 0x800074e0 (0x00b94d33) x26 0x00000596
core   0: 0x800074e4 (0x0288b933) mulhu   s2, a7, s0
core   0: 3 0x800074e4 (0x0288b933) x18 0x00002000
core   0: 0x800074e8 (0x02c03933) mulhu   s2, zero, a2
core   0: 3 0x800074e8 (0x02c03933) x18 0x00000000
core   0: 0x800074ec (0x00303f33) snez    t5, gp
core   0: 3 0x800074ec (0x00303f33) x30 0x00000001
core   0: 0x800074f0 (0x00000001) c.nop
core   0: 3 0x800074f0 (0x0001)
core   0: 0x800074f2 (0x24ccf193) andi    gp, s9, 588
core   0: 3 0x800074f2 (0x24ccf193) x3  0x00000244
core   0: 0x800074f6 (0x012bf133) and     sp, s7, s2
core   0: 3 0x800074f6 (0x012bf133) x2  0x00000000
core   0: 0x800074fa (0x00008c89) c.sub   s1, a0
core   0: 3 0x800074fa (0x8c89) x9  0xa20e1372
core   0: 0x800074fc (0x1623ff13) andi    t5, t2, 354
core   0: 3 0x800074fc (0x1623ff13) x30 0x00000000
core   0: 0x80007500 (0x02491463) bne     s2, tp, pc + 40
core   0: 3 0x80007500 (0x02491463)
core   0: 0x80007528 (0x0153ffb3) and     t6, t2, s5
core   0: 3 0x80007528 (0x0153ffb3) x31 0x00000000
core   0: 0x8000752c (0x00000b9e) c.slli  s7, 7
core   0: 3 0x8000752c (0x0b9e) x23 0x00000000
core   0: 0x8000752e (0x0000952a) c.add   a0, a0
core   0: 3 0x8000752e (0x952a) x10 0xba982000
core   0: 0x80007530 (0xc1b02b93) slti    s7, zero, -997
core   0: 3 0x80007530 (0xc1b02b93) x23 0x00000000
core   0: 0x80007534 (0x0611b293) sltiu   t0, gp, 97
core   0: 3 0x80007534 (0x0611b293) x5  0x00000000
core   0: 0x80007538 (0x00000c3e) c.slli  s8, 15
core   0: 3 0x80007538 (0x0c3e) x24 0xfd310000
core   0: 0x8000753a (0x02775563) bge     a4, t2, pc + 42
core   0: 3 0x8000753a (0x02775563)
core   0: 0x80007564 (0x00f097b3) sll     a5, ra, a5
core   0: 3 0x80007564 (0x00f097b3) x15 0x00000000
core   0: 0x80007568 (0x00008c16) c.mv    s8, t0
core   0: 3 0x80007568 (0x8c16) x24 0x00000000
core   0: 0x8000756a (0x003548b3) xor     a7, a0, gp
core   0: 3 0x8000756a (0x003548b3) x17 0xba982244
core   0: 0x8000756e (0x034a1533) mulh    a0, s4, s4
core   0: 3 0x8000756e (0x034a1533) x10 0x3ffffdb7
core   0: 0x80007572 (0x0000612d) c.addi16sp sp, 224
core   0: 3 0x80007572 (0x612d) x2  0x000000e0
core   0: 0x80007574 (0x38a67313) andi    t1, a2, 906
core   0: 3 0x80007574 (0x38a67313) x6  0x00000080
core   0: 0x80007578 (0x00004621) c.li    a2, 8
core   0: 3 0x80007578 (0x4621) x12 0x00000008
core   0: 0x8000757a (0x03acddb3) divu    s11, s9, s10
core   0: 3 0x8000757a (0x03acddb3) x27 0x00000000
core   0: 0x8000757e (0x00004c25) c.li    s8, 9
core   0: 3 0x8000757e (0x4c25) x24 0x00000009
core   0: 0x80007580 (0x03a9a8b3) mulhsu  a7, s3, s10
core   0: 3 0x80007580 (0x03a9a8b3) x17 0xffffffff
core   0: 0x80007584 (0xa013e513) ori     a0, t2, -1535
core   0: 3 0x80007584 (0xa013e513) x10 0xfffffa01
core   0: 0x80007588 (0x1321f4b7) lui     s1, 0x1321f
core   0: 3 0x80007588 (0x1321f4b7) x9  0x1321f000
core   0: 0x8000758c (0x40e756b3) sra     a3, a4, a4
core   0: 3 0x8000758c (0x40e756b3) x13 0x05d4c100
core   0: 0x80007590 (0x00008bb1) c.andi  a5, 12
core   0: 3 0x80007590 (0x8bb1) x15 0x00000000
core   0: 0x80007592 (0x03373333) mulhu   t1, a4, s3
core   0: 3 0x80007592 (0x03373333) x6  0x5d4c0fcf
core   0: 0x80007596 (0xe02b2b13) slti    s6, s6, -510
core   0: 3 0x80007596 (0xe02b2b13) x22 0x00000000
core   0: 0x8000759a (0x02822a33) mulhsu  s4, tp, s0
core   0: 3 0x8000759a (0x02822a33) x20 0x0000a803
core   0: 0x8000759e (0x00d58db3) add     s11, a1, a3
core   0: 3 0x8000759e (0x00d58db3) x27 0x05d4c0f4
core   0: 0x800075a2 (0x00000619) c.addi  a2, 6
core   0: 3 0x800075a2 (0x0619) x12 0x0000000e
core   0: 0x800075a4 (0x0031c533) xor     a0, gp, gp
core   0: 3 0x800075a4 (0x0031c533) x10 0x00000000
core   0: 0x800075a8 (0x0000517d) c.li    sp, -1
core   0: 3 0x800075a8 (0x517d) x2  0xffffffff
core   0: 0x800075aa (0xe3032713) slti    a4, t1, -464
core   0: 3 0x800075aa (0xe3032713) x14 0x00000000
core   0: 0x800075ae (0x75104117) auipc   sp, 0x75104
core   0: 3 0x800075ae (0x75104117) x2  0xf510b5ae
core   0: 0x800075b2 (0x000059fd) c.li    s3, -1
core   0: 3 0x800075b2 (0x59fd) x19 0xffffffff
core   0: 0x800075b4 (0x00005e7d) c.li    t3, -1
core   0: 3 0x800075b4 (0x5e7d) x28 0xffffffff
core   0: 0x800075b6 (0x0000808a) c.mv    ra, sp
core   0: 3 0x800075b6 (0x808a) x1  0xf510b5ae
core   0: 0x800075b8 (0x00000001) c.nop
core   0: 3 0x800075b8 (0x0001)
core   0: 0x800075ba (0x01a982b3) add     t0, s3, s10
core   0: 3 0x800075ba (0x01a982b3) x5  0x00000595
core   0: 0x800075be (0xfd8663e3) bltu    a2, s8, pc - 58
core   0: 3 0x800075be (0xfd8663e3)
core   0: 0x800075c2 (0x00008d6d) c.and   a0, a1
core   0: 3 0x800075c2 (0x8d6d) x10 0x00000000
core   0: 0x800075c4 (0x20b64c97) auipc   s9, 0x20b64
core   0: 3 0x800075c4 (0x20b64c97) x25 0xa0b6b5c4
core   0: 0x800075c8 (0x01e9ef33) or      t5, s3, t5
core   0: 3 0x800075c8 (0x01e9ef33) x30 0xffffffff
core   0: 0x800075cc (0x41cad3b3) sra     t2, s5, t3
core   0: 3 0x800075cc (0x41cad3b3) x7  0xffffffff
core   0: 0x800075d0 (0x410ed693) srai    a3, t4, 16
core   0: 3 0x800075d0 (0x410ed693) x13 0x00005d4c
core   0: 0x800075d4 (0x02cab9b3) mulhu   s3, s5, a2
core   0: 3 0x800075d4 (0x02cab9b3) x19 0x00000007
core   0: 0x800075d8 (0x0339f2b3) remu    t0, s3, s3
core   0: 3 0x800075d8 (0x0339f2b3) x5  0x00000000
core   0: 0x800075dc (0x032cd3b3) divu    t2, s9, s2
core   0: 3 0x800075dc (0x032cd3b3) x7  0xffffffff
core   0: 0x800075e0 (0x00000001) c.nop
core   0: 3 0x800075e0 (0x0001)
core   0: 0x800075e2 (0x41b75a13) srai    s4, a4, 27
core   0: 3 0x800075e2 (0x41b75a13) x20 0x00000000
core   0: 0x800075e6 (0x00006511) c.lui   a0, 0x4
core   0: 3 0x800075e6 (0x6511) x10 0x00004000
core   0: 0x800075e8 (0x0000079d) c.addi  a5, 7
core   0: 3 0x800075e8 (0x079d) x15 0x00000007
core   0: 0x800075ea (0x03820693) addi    a3, tp, 56
core   0: 3 0x800075ea (0x03820693) x13 0x00015038
core   0: 0x800075ee (0x007c22b3) slt     t0, s8, t2
core   0: 3 0x800075ee (0x007c22b3) x5  0x00000000
core   0: 0x800075f2 (0x01cd1eb3) sll     t4, s10, t3
core   0: 3 0x800075f2 (0x01cd1eb3) x29 0x00000000
core   0: 0x800075f6 (0x00bed933) srl     s2, t4, a1
core   0: 3 0x800075f6 (0x00bed933) x18 0x00000000
core   0: 0x800075fa (0xd272a293) slti    t0, t0, -729
core   0: 3 0x800075fa (0xd272a293) x5  0x00000000
core   0: 0x800075fe (0x0000924a) c.add   tp, s2
core   0: 3 0x800075fe (0x924a) x4  0x00015000
core   0: 0x80007600 (0x0349e563) bltu    s3, s4, pc + 42
core   0: 3 0x80007600 (0x0349e563)
core   0: 0x80007604 (0x03f16933) rem     s2, sp, t6
core   0: 3 0x80007604 (0x03f16933) x18 0xf510b5ae
core   0: 0x80007608 (0xb88e0c13) addi    s8, t3, -1144
core   0: 3 0x80007608 (0xb88e0c13) x24 0xfffffb87
core   0: 0x8000760c (0x84973b93) sltiu   s7, a4, -1975
core   0: 3 0x8000760c (0x84973b93) x23 0x00000001
core   0: 0x80007610 (0x00008945) c.andi  a0, 17
core   0: 3 0x80007610 (0x8945) x10 0x00000000
core   0: 0x80007612 (0x40f65d93) srai    s11, a2, 15
core   0: 3 0x80007612 (0x40f65d93) x27 0x00000000
core   0: 0x80007616 (0x418881b3) sub     gp, a7, s8
core   0: 3 0x80007616 (0x418881b3) x3  0x00000478
core   0: 0x8000761a (0x00008b01) c.andi  a4, 0
core   0: 3 0x8000761a (0x8b01) x14 0x00000000
core   0: 0x8000761c (0x00000001) c.nop
core   0: 3 0x8000761c (0x0001)
core   0: 0x8000761e (0x4195d693) srai    a3, a1, 25
core   0: 3 0x8000761e (0x4195d693) x13 0xffffffff
core   0: 0x80007622 (0xa07a0eb7) lui     t4, 0xa07a0
core   0: 3 0x80007622 (0xa07a0eb7) x29 0xa07a0000
core   0: 0x80007626 (0x022e2b33) mulhsu  s6, t3, sp
core   0: 3 0x80007626 (0x022e2b33) x22 0xffffffff
core   0: 0x8000762a (0x0041f3b3) and     t2, gp, tp
core   0: 3 0x8000762a (0x0041f3b3) x7  0x00000000
core   0: 0x8000762e (0x00001bfd) c.addi  s7, -1
core   0: 3 0x8000762e (0x1bfd) x23 0x00000000
core   0: 0x80007630 (0x02e344b3) div     s1, t1, a4
core   0: 3 0x80007630 (0x02e344b3) x9  0xffffffff
core   0: 0x80007634 (0x0000471d) c.li    a4, 7
core   0: 3 0x80007634 (0x471d) x14 0x00000007
core   0: 0x80007636 (0x0167b1b3) sltu    gp, a5, s6
core   0: 3 0x80007636 (0x0167b1b3) x3  0x00000001
core   0: 0x8000763a (0x000090fe) c.add   ra, t6
core   0: 3 0x8000763a (0x90fe) x1  0xf510b5ae
core   0: 0x8000763c (0x00009d12) c.add   s10, tp
core   0: 3 0x8000763c (0x9d12) x26 0x00015596
core   0: 0x8000763e (0x00f4c5b3) xor     a1, s1, a5
core   0: 3 0x8000763e (0x00f4c5b3) x11 0xfffffff8
core   0: 0x80007642 (0xe1593037) lui     zero, 0xe1593
core   0: 3 0x80007642 (0xe1593037)
core   0: 0x80007646 (0x03183633) mulhu   a2, a6, a7
core   0: 3 0x80007646 (0x03183633) x12 0x7fffffff
core   0: 0x8000764a (0x34b2c537) lui     a0, 0x34b2c
core   0: 3 0x8000764a (0x34b2c537) x10 0x34b2c000
core   0: 0x8000764e (0x00008d49) c.or    a0, a0
core   0: 3 0x8000764e (0x8d49) x10 0x34b2c000
core   0: 0x80007650 (0x02ab7533) remu    a0, s6, a0
core   0: 3 0x80007650 (0x02ab7533) x10 0x2d34ffff
core   0: 0x80007654 (0x02c93c33) mulhu   s8, s2, a2
core   0: 3 0x80007654 (0x02c93c33) x24 0x7a885ad6
core   0: 0x80007658 (0x00004945) c.li    s2, 17
core   0: 3 0x80007658 (0x4945) x18 0x00000011
core   0: 0x8000765a (0x03577cb3) remu    s9, a4, s5
core   0: 3 0x8000765a (0x03577cb3) x25 0x00000007
core   0: 0x8000765e (0x03f542b3) div     t0, a0, t6
core   0: 3 0x8000765e (0x03f542b3) x5  0xffffffff
core   0: 0x80007662 (0x03ee06b3) mul     a3, t3, t5
core   0: 3 0x80007662 (0x03ee06b3) x13 0x00000001
core   0: 0x80007666 (0x00000001) c.nop
core   0: 3 0x80007666 (0x0001)
core   0: 0x80007668 (0x0378d633) divu    a2, a7, s7
core   0: 3 0x80007668 (0x0378d633) x12 0xffffffff
core   0: 0x8000766c (0x00b473b3) and     t2, s0, a1
core   0: 3 0x8000766c (0x00b473b3) x7  0x80029ce0
core   0: 0x80007670 (0x0000c985) c.beqz  a1, pc + 48
core   0: 3 0x80007670 (0xc985)
core   0: 0x80007672 (0x00006141) c.addi16sp sp, 16
core   0: 3 0x80007672 (0x6141) x2  0xf510b5be
core   0: 0x80007674 (0x00000e1a) c.slli  t3, 6
core   0: 3 0x80007674 (0x0e1a) x28 0xffffffc0
core   0: 0x80007676 (0x001eb6b3) sltu    a3, t4, ra
core   0: 3 0x80007676 (0x001eb6b3) x13 0x00000001
core   0: 0x8000767a (0x00000001) c.nop
core   0: 3 0x8000767a (0x0001)
core   0: 0x8000767c (0x003a3033) sltu    zero, s4, gp
core   0: 3 0x8000767c (0x003a3033)
core   0: 0x80007680 (0x00008eed) c.and   a3, a1
core   0: 3 0x80007680 (0x8eed) x13 0x00000000
core   0: 0x80007682 (0x400b5013) srai    zero, s6, 0
core   0: 3 0x80007682 (0x400b5013)
core   0: 0x80007686 (0x039b3733) mulhu   a4, s6, s9
core   0: 3 0x80007686 (0x039b3733) x14 0x00000006
core   0: 0x8000768a (0x02761d33) mulh    s10, a2, t2
core   0: 3 0x8000768a (0x02761d33) x26 0x00000000
core   0: 0x8000768e (0x00006539) c.lui   a0, 0xe
core   0: 3 0x8000768e (0x6539) x10 0x0000e000
core   0: 0x80007690 (0xf62b8693) addi    a3, s7, -158
core   0: 3 0x80007690 (0xf62b8693) x13 0xffffff62
core   0: 0x80007694 (0x033579b3) remu    s3, a0, s3
core   0: 3 0x80007694 (0x033579b3) x19 0x00000000
core   0: 0x80007698 (0x030436b3) mulhu   a3, s0, a6
core   0: 3 0x80007698 (0x030436b3) x13 0x40014e72
core   0: 0x8000769c (0x03c97463) bgeu    s2, t3, pc + 40
core   0: 3 0x8000769c (0x03c97463)
core   0: 0x800076a0 (0x021c72b3) remu    t0, s8, ra
core   0: 3 0x800076a0 (0x021c72b3) x5  0x7a885ad6
core   0: 0x800076a4 (0x00000001) c.nop
core   0: 3 0x800076a4 (0x0001)
core   0: 0x800076a6 (0x0386f563) bgeu    a3, s8, pc + 42
core   0: 3 0x800076a6 (0x0386f563)
core   0: 0x800076aa (0x312f4193) xori    gp, t5, 786
core   0: 3 0x800076aa (0x312f4193) x3  0xfffffced
core   0: 0x800076ae (0x00008dfd) c.and   a1, a5
core   0: 3 0x800076ae (0x8dfd) x11 0x00000000
core   0: 0x800076b0 (0xbaad7d93) andi    s11, s10, -1110
core   0: 3 0x800076b0 (0xbaad7d93) x27 0x00000000
core   0: 0x800076b4 (0x00de3c33) sltu    s8, t3, a3
core   0: 3 0x800076b4 (0x00de3c33) x24 0x00000000
core   0: 0x800076b8 (0x0000e399) c.bnez  a5, pc + 6
core   0: 3 0x800076b8 (0xe399)
core   0: 0x800076be (0x056a4163) blt     s4, s6, pc + 66
core   0: 3 0x800076be (0x056a4163)
core   0: 0x800076c2 (0x000088c1) c.andi  s1, 16
core   0: 3 0x800076c2 (0x88c1) x9  0x00000010
core   0: 0x800076c4 (0x0137d913) srli    s2, a5, 19
core   0: 3 0x800076c4 (0x0137d913) x18 0x00000000
core   0: 0x800076c8 (0x00004f5d) c.li    t5, 23
core   0: 3 0x800076c8 (0x4f5d) x30 0x00000017
core   0: 0x800076ca (0x00000001) c.nop
core   0: 3 0x800076ca (0x0001)
core   0: 0x800076cc (0x4099d693) srai    a3, s3, 9
core   0: 3 0x800076cc (0x4099d693) x13 0x00000000
core   0: 0x800076d0 (0x037fd563) bge     t6, s7, pc + 42
core   0: 3 0x800076d0 (0x037fd563)
core   0: 0x800076fa (0x00819fb3) sll     t6, gp, s0
core   0: 3 0x800076fa (0x00819fb3) x31 0xffffced0
core   0: 0x800076fe (0x0000717d) c.addi16sp sp, -16
core   0: 3 0x800076fe (0x717d) x2  0xf510b5ae
core   0: 0x80007700 (0x4057d013) srai    zero, a5, 5
core   0: 3 0x80007700 (0x4057d013)
core   0: 0x80007704 (0x00a7aeb3) slt     t4, a5, a0
core   0: 3 0x80007704 (0x00a7aeb3) x29 0x00000001
core   0: 0x80007708 (0x00313d33) sltu    s10, sp, gp
core   0: 3 0x80007708 (0x00313d33) x26 0x00000001
core   0: 0x8000770c (0x7aea7c13) andi    s8, s4, 1966
core   0: 3 0x8000770c (0x7aea7c13) x24 0x00000000
core   0: 0x80007710 (0x00008b65) c.andi  a4, 25
core   0: 3 0x80007710 (0x8b65) x14 0x00000000
core   0: 0x80007712 (0x01bdd563) bge     s11, s11, pc + 10
core   0: 3 0x80007712 (0x01bdd563)
core   0: 0x8000771c (0x03b2dc33) divu    s8, t0, s11
core   0: 3 0x8000771c (0x03b2dc33) x24 0xffffffff
core   0: 0x80007720 (0x009f03b3) add     t2, t5, s1
core   0: 3 0x80007720 (0x009f03b3) x7  0x00000027
core   0: 0x80007724 (0x029c4063) blt     s8, s1, pc + 32
core   0: 3 0x80007724 (0x029c4063)
core   0: 0x80007744 (0x034438b3) mulhu   a7, s0, s4
core   0: 3 0x80007744 (0x034438b3) x17 0x00000000
core   0: 0x80007748 (0xc9c82513) slti    a0, a6, -868
core   0: 3 0x80007748 (0xc9c82513) x10 0x00000001
core   0: 0x8000774c (0x03fa6f33) rem     t5, s4, t6
core   0: 3 0x8000774c (0x03fa6f33) x30 0x00000000
core   0: 0x80007750 (0x03ddd1b3) divu    gp, s11, t4
core   0: 3 0x80007750 (0x03ddd1b3) x3  0x00000000
core   0: 0x80007754 (0x000093c6) c.add   t2, a7
core   0: 3 0x80007754 (0x93c6) x7  0x00000027
core   0: 0x80007756 (0xa8b44093) xori    ra, s0, -1397
core   0: 3 0x80007756 (0xa8b44093) x1  0x7ffd666f
core   0: 0x8000775a (0x00005d7d) c.li    s10, -1
core   0: 3 0x8000775a (0x5d7d) x26 0xffffffff
core   0: 0x8000775c (0x03b398b3) mulh    a7, t2, s11
core   0: 3 0x8000775c (0x03b398b3) x17 0x00000000
core   0: 0x80007760 (0x049de063) bltu    s11, s1, pc + 64
core   0: 3 0x80007760 (0x049de063)
core   0: 0x800077a0 (0x00009ba6) c.add   s7, s1
core   0: 3 0x800077a0 (0x9ba6) x23 0x00000010
core   0: 0x800077a2 (0x00000e51) c.addi  t3, 20
core   0: 3 0x800077a2 (0x0e51) x28 0xffffffd4
core   0: 0x800077a4 (0x00008125) c.srli  a0, 9
core   0: 3 0x800077a4 (0x8125) x10 0x00000000
core   0: 0x800077a6 (0x0000717d) c.addi16sp sp, -16
core   0: 3 0x800077a6 (0x717d) x2  0xf510b59e
core   0: 0x800077a8 (0x03e5f133) remu    sp, a1, t5
core   0: 3 0x800077a8 (0x03e5f133) x2  0x00000000
core   0: 0x800077ac (0x01f09e93) slli    t4, ra, 31
core   0: 3 0x800077ac (0x01f09e93) x29 0x80000000
core   0: 0x800077b0 (0x028d1f33) mulh    t5, s10, s0
core   0: 3 0x800077b0 (0x028d1f33) x30 0x00000000
core   0: 0x800077b4 (0x2a077797) auipc   a5, 0x2a077
core   0: 3 0x800077b4 (0x2a077797) x15 0xaa07e7b4
core   0: 0x800077b8 (0x005d5993) srli    s3, s10, 5
core   0: 3 0x800077b8 (0x005d5993) x19 0x07ffffff
core   0: 0x800077bc (0x0188d393) srli    t2, a7, 24
core   0: 3 0x800077bc (0x0188d393) x7  0x00000000
core   0: 0x800077c0 (0x01f88133) add     sp, a7, t6
core   0: 3 0x800077c0 (0x01f88133) x2  0xffffced0
core   0: 0x800077c4 (0x00da3b33) sltu    s6, s4, a3
core   0: 3 0x800077c4 (0x00da3b33) x22 0x00000000
core   0: 0x800077c8 (0x0141c863) blt     gp, s4, pc + 16
core   0: 3 0x800077c8 (0x0141c863)
core   0: 0x800077cc (0x0000717d) c.addi16sp sp, -16
core   0: 3 0x800077cc (0x717d) x2  0xffffcec0
core   0: 0x800077ce (0x03671663) bne     a4, s6, pc + 44
core   0: 3 0x800077ce (0x03671663)
core   0: 0x800077d2 (0x017b3c33) sltu    s8, s6, s7
core   0: 3 0x800077d2 (0x017b3c33) x24 0x00000001
core   0: 0x800077d6 (0x0000997e) c.add   s2, t6
core   0: 3 0x800077d6 (0x997e) x18 0xffffced0
core   0: 0x800077d8 (0x055e6263) bltu    t3, s5, pc + 68
core   0: 3 0x800077d8 (0x055e6263)
core   0: 0x800077dc (0x0000c20d) c.beqz  a2, pc + 34
core   0: 3 0x800077dc (0xc20d)
core   0: 0x800077de (0x012fd293) srli    t0, t6, 18
core   0: 3 0x800077de (0x012fd293) x5  0x00003fff
core   0: 0x800077e2 (0x01255333) srl     t1, a0, s2
core   0: 3 0x800077e2 (0x01255333) x6  0x00000000
core   0: 0x800077e6 (0x00000001) c.nop
core   0: 3 0x800077e6 (0x0001)
core   0: 0x800077e8 (0x03057933) remu    s2, a0, a6
core   0: 3 0x800077e8 (0x03057933) x18 0x00000000
core   0: 0x800077ec (0x00000001) c.nop
core   0: 3 0x800077ec (0x0001)
core   0: 0x800077ee (0x000b1eb3) sll     t4, s6, zero
core   0: 3 0x800077ee (0x000b1eb3) x29 0x00000000
core   0: 0x800077f2 (0x10b13513) sltiu   a0, sp, 267
core   0: 3 0x800077f2 (0x10b13513) x10 0x00000000
core   0: 0x800077f6 (0x0a9a5237) lui     tp, 0xa9a5
core   0: 3 0x800077f6 (0x0a9a5237) x4  0x0a9a5000
core   0: 0x800077fa (0x53204d17) auipc   s10, 0x53204
core   0: 3 0x800077fa (0x53204d17) x26 0xd320b7fa
core   0: 0x800077fe (0x02f94933) div     s2, s2, a5
core   0: 3 0x800077fe (0x02f94933) x18 0x00000000
core   0: 0x80007802 (0x025ef963) bgeu    t4, t0, pc + 50
core   0: 3 0x80007802 (0x025ef963)
core   0: 0x80007806 (0x00000001) c.nop
core   0: 3 0x80007806 (0x0001)
core   0: 0x80007808 (0x03f2e133) rem     sp, t0, t6
core   0: 3 0x80007808 (0x03f2e133) x2  0x00000ecf
core   0: 0x8000780c (0x01889093) slli    ra, a7, 24
core   0: 3 0x8000780c (0x01889093) x1  0x00000000
core   0: 0x80007810 (0x0000ed89) c.bnez  a1, pc + 26
core   0: 3 0x80007810 (0xed89)
core   0: 0x80007812 (0x00000001) c.nop
core   0: 3 0x80007812 (0x0001)
core   0: 0x80007814 (0x039e5133) divu    sp, t3, s9
core   0: 3 0x80007814 (0x039e5133) x2  0x2492491e
core   0: 0x80007818 (0x400dd8b3) sra     a7, s11, zero
core   0: 3 0x80007818 (0x400dd8b3) x17 0x00000000
core   0: 0x8000781c (0x00a60d33) add     s10, a2, a0
core   0: 3 0x8000781c (0x00a60d33) x26 0xffffffff
core   0: 0x80007820 (0x021ce2b3) rem     t0, s9, ra
core   0: 3 0x80007820 (0x021ce2b3) x5  0x00000007
core   0: 0x80007824 (0x00000001) c.nop
core   0: 3 0x80007824 (0x0001)
core   0: 0x80007826 (0x00008ce9) c.and   s1, a0
core   0: 3 0x80007826 (0x8ce9) x9  0x00000000
core   0: 0x80007828 (0x00000084) c.addi4spn s1, sp, 64
core   0: 3 0x80007828 (0x0084) x9  0x2492495e
core   0: 0x8000782a (0x00008e7d) c.and   a2, a5
core   0: 3 0x8000782a (0x8e7d) x12 0xaa07e7b4
core   0: 0x8000782c (0x0084dd13) srli    s10, s1, 8
core   0: 3 0x8000782c (0x0084dd13) x26 0x00249249
core   0: 0x80007830 (0x025a2033) mulhsu  zero, s4, t0
core   0: 3 0x80007830 (0x025a2033)
core   0: 0x80007834 (0x00296963) bltu    s2, sp, pc + 18
core   0: 3 0x80007834 (0x00296963)
core   0: 0x80007846 (0x01783b33) sltu    s6, a6, s7
core   0: 3 0x80007846 (0x01783b33) x22 0x00000000
core   0: 0x8000784a (0xe52e3937) lui     s2, 0xe52e3
core   0: 3 0x8000784a (0xe52e3937) x18 0xe52e3000
core   0: 0x8000784e (0x00008d3d) c.xor   a0, a5
core   0: 3 0x8000784e (0x8d3d) x10 0xaa07e7b4
core   0: 0x80007850 (0x0000657d) c.lui   a0, 0x1f
core   0: 3 0x80007850 (0x657d) x10 0x0001f000
core   0: 0x80007852 (0x02f49c33) mulh    s8, s1, a5
core   0: 3 0x80007852 (0x02f49c33) x24 0xf3b7fc74
core   0: 0x80007856 (0x00ded033) srl     zero, t4, a3
core   0: 3 0x80007856 (0x00ded033)
core   0: 0x8000785a (0x8096f893) andi    a7, a3, -2039
core   0: 3 0x8000785a (0x8096f893) x17 0x00000000
core   0: 0x8000785e (0x0000e58d) c.bnez  a1, pc + 42
core   0: 3 0x8000785e (0xe58d)
core   0: 0x80007860 (0x00c538b3) sltu    a7, a0, a2
core   0: 3 0x80007860 (0x00c538b3) x17 0x00000001
core   0: 0x80007864 (0x537b2693) slti    a3, s6, 1335
core   0: 3 0x80007864 (0x537b2693) x13 0x00000001
core   0: 0x80007868 (0xfcba7f93) andi    t6, s4, -53
core   0: 3 0x80007868 (0xfcba7f93) x31 0x00000000
core   0: 0x8000786c (0x40245cb3) sra     s9, s0, sp
core   0: 3 0x8000786c (0x40245cb3) x25 0xfffffffe
core   0: 0x80007870 (0x00001d0c) c.addi4spn a1, sp, 688
core   0: 3 0x80007870 (0x1d0c) x11 0x24924bce
core   0: 0x80007872 (0x00f34a33) xor     s4, t1, a5
core   0: 3 0x80007872 (0x00f34a33) x20 0xaa07e7b4
core   0: 0x80007876 (0x00000001) c.nop
core   0: 3 0x80007876 (0x0001)
core   0: 0x80007878 (0x0000c399) c.beqz  a5, pc + 6
core   0: 3 0x80007878 (0xc399)
core   0: 0x8000787a (0x01c77633) and     a2, a4, t3
core   0: 3 0x8000787a (0x01c77633) x12 0x00000000
core   0: 0x8000787e (0x00c4e033) or      zero, s1, a2
core   0: 3 0x8000787e (0x00c4e033)
core   0: 0x80007882 (0x037d7e33) remu    t3, s10, s7
core   0: 3 0x80007882 (0x037d7e33) x28 0x00000009
core   0: 0x80007886 (0x0000117d) c.addi  sp, -1
core   0: 3 0x80007886 (0x117d) x2  0x2492491d
core   0: 0x80007888 (0xc1192e93) slti    t4, s2, -1007
core   0: 3 0x80007888 (0xc1192e93) x29 0x00000001
core   0: 0x8000788c (0x03c7deb3) divu    t4, a5, t3
core   0: 3 0x8000788c (0x03c7deb3) x29 0x12e46f14
core   0: 0x80007890 (0xf75d3c93) sltiu   s9, s10, -139
core   0: 3 0x80007890 (0xf75d3c93) x25 0x00000001
core   0: 0x80007894 (0x00008499) c.srai  s1, 6
core   0: 3 0x80007894 (0x8499) x9  0x00924925
core   0: 0x80007896 (0x01c09733) sll     a4, ra, t3
core   0: 3 0x80007896 (0x01c09733) x14 0x00000000
core   0: 0x8000789a (0x03349563) bne     s1, s3, pc + 42
core   0: 3 0x8000789a (0x03349563)
core   0: 0x800078c4 (0x0000925e) c.add   tp, s7
core   0: 3 0x800078c4 (0x925e) x4  0x0a9a5010
core   0: 0x800078c6 (0x040dd163) bgez    s11, pc + 66
core   0: 3 0x800078c6 (0x040dd163)
core   0: 0x80007908 (0x4ab08893) addi    a7, ra, 1195
core   0: 3 0x80007908 (0x4ab08893) x17 0x000004ab
core   0: 0x8000790c (0x035d4633) div     a2, s10, s5
core   0: 3 0x8000790c (0x035d4633) x12 0x00000000
core   0: 0x80007910 (0x00000001) c.nop
core   0: 3 0x80007910 (0x0001)
core   0: 0x80007912 (0x40a1d9b3) sra     s3, gp, a0
core   0: 3 0x80007912 (0x40a1d9b3) x19 0x00000000
core   0: 0x80007916 (0x03f4e8b3) rem     a7, s1, t6
core   0: 3 0x80007916 (0x03f4e8b3) x17 0x00924925
core   0: 0x8000791a (0x01bffbb3) and     s7, t6, s11
core   0: 3 0x8000791a (0x01bffbb3) x23 0x00000000
core   0: 0x8000791e (0x02ab6663) bltu    s6, a0, pc + 44
core   0: 3 0x8000791e (0x02ab6663)
core   0: 0x8000794a (0x00008edd) c.or    a3, a5
core   0: 3 0x8000794a (0x8edd) x13 0xaa07e7b5
core   0: 0x8000794c (0x03a7d163) bge     a5, s10, pc + 34
core   0: 3 0x8000794c (0x03a7d163)
core   0: 0x80007950 (0x03a4d263) bge     s1, s10, pc + 36
core   0: 3 0x80007950 (0x03a4d263)
core   0: 0x80007974 (0x41f7d533) sra     a0, a5, t6
core   0: 3 0x80007974 (0x41f7d533) x10 0xaa07e7b4
core   0: 0x80007978 (0x0000963e) c.add   a2, a5
core   0: 3 0x80007978 (0x963e) x12 0xaa07e7b4
core   0: 0x8000797a (0x3e0f3b93) sltiu   s7, t5, 992
core   0: 3 0x8000797a (0x3e0f3b93) x23 0x00000001
core   0: 0x8000797e (0x00001510) c.addi4spn a2, sp, 672
core   0: 3 0x8000797e (0x1510) x12 0x24924bbd
core   0: 0x80007980 (0x02329bb3) mulh    s7, t0, gp
core   0: 3 0x80007980 (0x02329bb3) x23 0x00000000
core   0: 0x80007984 (0xac03ca17) auipc   s4, 0xac03c
core   0: 3 0x80007984 (0xac03ca17) x20 0x2c043984
core   0: 0x80007988 (0x0124d7b3) srl     a5, s1, s2
core   0: 3 0x80007988 (0x0124d7b3) x15 0x00924925
core   0: 0x8000798c (0x01e23d33) sltu    s10, tp, t5
core   0: 3 0x8000798c (0x01e23d33) x26 0x00000000
core   0: 0x80007990 (0x031f53b3) divu    t2, t5, a7
core   0: 3 0x80007990 (0x031f53b3) x7  0x00000000
core   0: 0x80007994 (0x00008f91) c.sub   a5, a2
core   0: 3 0x80007994 (0x8f91) x15 0xdbfffd68
core   0: 0x80007996 (0x00e9db13) srli    s6, s3, 14
core   0: 3 0x80007996 (0x00e9db13) x22 0x00000000
core   0: 0x8000799a (0x0000011c) c.addi4spn a5, sp, 128
core   0: 3 0x8000799a (0x011c) x15 0x2492499d
core   0: 0x8000799c (0x3532c217) auipc   tp, 0x3532c
core   0: 3 0x8000799c (0x3532c217) x4  0xb533399c
core   0: 0x800079a0 (0x0057fcb3) and     s9, a5, t0
core   0: 3 0x800079a0 (0x0057fcb3) x25 0x00000005
core   0: 0x800079a4 (0x52483f93) sltiu   t6, a6, 1316
core   0: 3 0x800079a4 (0x52483f93) x31 0x00000000
core   0: 0x800079a8 (0xd50ac913) xori    s2, s5, -688
core   0: 3 0x800079a8 (0xd50ac913) x18 0x7ffda334
core   0: 0x800079ac (0x000017fd) c.addi  a5, -1
core   0: 3 0x800079ac (0x17fd) x15 0x2492499c
core   0: 0x800079ae (0x035a1133) mulh    sp, s4, s5
core   0: 3 0x800079ae (0x035a1133) x2  0xe9fe4b81
core   0: 0x800079b2 (0x2f054317) auipc   t1, 0x2f054
core   0: 3 0x800079b2 (0x2f054317) x6  0xaf05b9b2
core   0: 0x800079b6 (0xd60e3593) sltiu   a1, t3, -672
core   0: 3 0x800079b6 (0xd60e3593) x11 0x00000001
core   0: 0x800079ba (0x016dd113) srli    sp, s11, 22
core   0: 3 0x800079ba (0x016dd113) x2  0x00000000
core   0: 0x800079be (0x00008dd5) c.or    a1, a3
core   0: 3 0x800079be (0x8dd5) x11 0xaa07e7b5
core   0: 0x800079c0 (0x000057e9) c.li    a5, -6
core   0: 3 0x800079c0 (0x57e9) x15 0xfffffffa
core   0: 0x800079c2 (0x000081d1) c.srli  a1, 20
core   0: 3 0x800079c2 (0x81d1) x11 0x00000aa0
core   0: 0x800079c4 (0x01efe2b3) or      t0, t6, t5
core   0: 3 0x800079c4 (0x01efe2b3) x5  0x00000000
core   0: 0x800079c8 (0x00009a7d) c.andi  a2, -1
core   0: 3 0x800079c8 (0x9a7d) x12 0x24924bbd
core   0: 0x800079ca (0x00000001) c.nop
core   0: 3 0x800079ca (0x0001)
core   0: 0x800079cc (0x00531cb3) sll     s9, t1, t0
core   0: 3 0x800079cc (0x00531cb3) x25 0xaf05b9b2
core   0: 0x800079d0 (0x00009e12) c.add   t3, tp
core   0: 3 0x800079d0 (0x9e12) x28 0xb53339a5
core   0: 0x800079d2 (0x00000001) c.nop
core   0: 3 0x800079d2 (0x0001)
core   0: 0x800079d4 (0x00008f51) c.or    a4, a2
core   0: 3 0x800079d4 (0x8f51) x14 0x24924bbd
core   0: 0x800079d6 (0x3dccaf93) slti    t6, s9, 988
core   0: 3 0x800079d6 (0x3dccaf93) x31 0x00000001
core   0: 0x800079da (0x00008cd5) c.or    s1, a3
core   0: 3 0x800079da (0x8cd5) x9  0xaa97efb5
core   0: 0x800079dc (0x0311c533) div     a0, gp, a7
core   0: 3 0x800079dc (0x0311c533) x10 0x00000000
core   0: 0x800079e0 (0x00000785) c.addi  a5, 1
core   0: 3 0x800079e0 (0x0785) x15 0xfffffffb
core   0: 0x800079e2 (0x01391f13) slli    t5, s2, 19
core   0: 3 0x800079e2 (0x01391f13) x30 0x19a00000
core   0: 0x800079e6 (0x01fea133) slt     sp, t4, t6
core   0: 3 0x800079e6 (0x01fea133) x2  0x00000000
core   0: 0x800079ea (0x0037fcb3) and     s9, a5, gp
core   0: 3 0x800079ea (0x0037fcb3) x25 0x00000000
core   0: 0x800079ee (0x000085e5) c.srai  a1, 25
core   0: 3 0x800079ee (0x85e5) x11 0x00000000
core   0: 0x800079f0 (0x009e92b3) sll     t0, t4, s1
core   0: 3 0x800079f0 (0x009e92b3) x5  0xe2800000
core   0: 0x800079f4 (0x00008f6d) c.and   a4, a1
core   0: 3 0x800079f4 (0x8f6d) x14 0x00000000
core   0: 0x800079f6 (0x41cadd33) sra     s10, s5, t3
core   0: 3 0x800079f6 (0x41cadd33) x26 0xfc0012f3
core   0: 0x800079fa (0x0000dfe1) c.beqz  a5, pc - 40
core   0: 3 0x800079fa (0xdfe1)
core   0: 0x800079fc (0xc76c0a13) addi    s4, s8, -906
core   0: 3 0x800079fc (0xc76c0a13) x20 0xf3b7f8ea
core   0: 0x80007a00 (0x01006463) bltu    zero, a6, pc + 8
core   0: 3 0x80007a00 (0x01006463)
core   0: 0x80007a08 (0x0000e785) c.bnez  a5, pc + 40
core   0: 3 0x80007a08 (0xe785)
core   0: 0x80007a30 (0xc3c56513) ori     a0, a0, -964
core   0: 3 0x80007a30 (0xc3c56513) x10 0xfffffc3c
core   0: 0x80007a34 (0x9b467293) andi    t0, a2, -1612
core   0: 3 0x80007a34 (0x9b467293) x5  0x249249b4
core   0: 0x80007a38 (0x00008641) c.srai  a2, 16
core   0: 3 0x80007a38 (0x8641) x12 0x00002492
core   0: 0x80007a3a (0x00001314) c.addi4spn a3, sp, 416
core   0: 3 0x80007a3a (0x1314) x13 0x000001a0
core   0: 0x80007a3c (0x4ad14a37) lui     s4, 0x4ad14
core   0: 3 0x80007a3c (0x4ad14a37) x20 0x4ad14000
core   0: 0x80007a40 (0x00000496) c.slli  s1, 5
core   0: 3 0x80007a40 (0x0496) x9  0x52fdf6a0
core   0: 0x80007a42 (0x000056f5) c.li    a3, -3
core   0: 3 0x80007a42 (0x56f5) x13 0xfffffffd
core   0: 0x80007a44 (0x00005165) c.li    sp, -7
core   0: 3 0x80007a44 (0x5165) x2  0xfffffff9
core   0: 0x80007a46 (0x0220c733) div     a4, ra, sp
core   0: 3 0x80007a46 (0x0220c733) x14 0x00000000
core   0: 0x80007a4a (0x03a2ac33) mulhsu  s8, t0, s10
core   0: 3 0x80007a4a (0x03a2ac33) x24 0x24000342
core   0: 0x80007a4e (0x0325cfb3) div     t6, a1, s2
core   0: 3 0x80007a4e (0x0325cfb3) x31 0x00000000
core   0: 0x80007a52 (0x000016f9) c.addi  a3, -2
core   0: 3 0x80007a52 (0x16f9) x13 0xfffffffb
core   0: 0x80007a54 (0x00008cf5) c.and   s1, a3
core   0: 3 0x80007a54 (0x8cf5) x9  0x52fdf6a0
core   0: 0x80007a56 (0x00ea6c33) or      s8, s4, a4
core   0: 3 0x80007a56 (0x00ea6c33) x24 0x4ad14000
core   0: 0x80007a5a (0x00004d99) c.li    s11, 6
core   0: 3 0x80007a5a (0x4d99) x27 0x00000006
core   0: 0x80007a5c (0x000059f1) c.li    s3, -4
core   0: 3 0x80007a5c (0x59f1) x19 0xfffffffc
core   0: 0x80007a5e (0x47943793) sltiu   a5, s0, 1145
core   0: 3 0x80007a5e (0x47943793) x15 0x00000000
core   0: 0x80007a62 (0x00008e75) c.and   a2, a3
core   0: 3 0x80007a62 (0x8e75) x12 0x00002492
core   0: 0x80007a64 (0x00009532) c.add   a0, a2
core   0: 3 0x80007a64 (0x9532) x10 0x000020ce
core   0: 0x80007a66 (0x0298e633) rem     a2, a7, s1
core   0: 3 0x80007a66 (0x0298e633) x12 0x00924925
core   0: 0x80007a6a (0x00219633) sll     a2, gp, sp
core   0: 3 0x80007a6a (0x00219633) x12 0x00000000
core   0: 0x80007a6e (0x9c01f793) andi    a5, gp, -1600
core   0: 3 0x80007a6e (0x9c01f793) x15 0x00000000
core   0: 0x80007a72 (0x00001dd9) c.addi  s11, -10
core   0: 3 0x80007a72 (0x1dd9) x27 0xfffffffc
core   0: 0x80007a74 (0x84bfc893) xori    a7, t6, -1973
core   0: 3 0x80007a74 (0x84bfc893) x17 0xfffff84b
core   0: 0x80007a78 (0xff3d95e3) bne     s11, s3, pc - 22
core   0: 3 0x80007a78 (0xff3d95e3)
core   0: 0x80007a7c (0xec318193) addi    gp, gp, -317
core   0: 3 0x80007a7c (0xec318193) x3  0xfffffec3
core   0: 0x80007a80 (0xd6f4a893) slti    a7, s1, -657
core   0: 3 0x80007a80 (0xd6f4a893) x17 0x00000000
core   0: 0x80007a84 (0x006747b3) xor     a5, a4, t1
core   0: 3 0x80007a84 (0x006747b3) x15 0xaf05b9b2
core   0: 0x80007a88 (0x01dfffb3) and     t6, t6, t4
core   0: 3 0x80007a88 (0x01dfffb3) x31 0x00000000
core   0: 0x80007a8c (0xfa26dfe3) bge     a3, sp, pc - 66
core   0: 3 0x80007a8c (0xfa26dfe3)
core   0: 0x80007a4a (0x03a2ac33) mulhsu  s8, t0, s10
core   0: 3 0x80007a4a (0x03a2ac33) x24 0x24000342
core   0: 0x80007a4e (0x0325cfb3) div     t6, a1, s2
core   0: 3 0x80007a4e (0x0325cfb3) x31 0x00000000
core   0: 0x80007a52 (0x000016f9) c.addi  a3, -2
core   0: 3 0x80007a52 (0x16f9) x13 0xfffffff9
core   0: 0x80007a54 (0x00008cf5) c.and   s1, a3
core   0: 3 0x80007a54 (0x8cf5) x9  0x52fdf6a0
core   0: 0x80007a56 (0x00ea6c33) or      s8, s4, a4
core   0: 3 0x80007a56 (0x00ea6c33) x24 0x4ad14000
core   0: 0x80007a5a (0x00004d99) c.li    s11, 6
core   0: 3 0x80007a5a (0x4d99) x27 0x00000006
core   0: 0x80007a5c (0x000059f1) c.li    s3, -4
core   0: 3 0x80007a5c (0x59f1) x19 0xfffffffc
core   0: 0x80007a5e (0x47943793) sltiu   a5, s0, 1145
core   0: 3 0x80007a5e (0x47943793) x15 0x00000000
core   0: 0x80007a62 (0x00008e75) c.and   a2, a3
core   0: 3 0x80007a62 (0x8e75) x12 0x00000000
core   0: 0x80007a64 (0x00009532) c.add   a0, a2
core   0: 3 0x80007a64 (0x9532) x10 0x000020ce
core   0: 0x80007a66 (0x0298e633) rem     a2, a7, s1
core   0: 3 0x80007a66 (0x0298e633) x12 0x00000000
core   0: 0x80007a6a (0x00219633) sll     a2, gp, sp
core   0: 3 0x80007a6a (0x00219633) x12 0x86000000
core   0: 0x80007a6e (0x9c01f793) andi    a5, gp, -1600
core   0: 3 0x80007a6e (0x9c01f793) x15 0xfffff8c0
core   0: 0x80007a72 (0x00001dd9) c.addi  s11, -10
core   0: 3 0x80007a72 (0x1dd9) x27 0xfffffffc
core   0: 0x80007a74 (0x84bfc893) xori    a7, t6, -1973
core   0: 3 0x80007a74 (0x84bfc893) x17 0xfffff84b
core   0: 0x80007a78 (0xff3d95e3) bne     s11, s3, pc - 22
core   0: 3 0x80007a78 (0xff3d95e3)
core   0: 0x80007a7c (0xec318193) addi    gp, gp, -317
core   0: 3 0x80007a7c (0xec318193) x3  0xfffffd86
core   0: 0x80007a80 (0xd6f4a893) slti    a7, s1, -657
core   0: 3 0x80007a80 (0xd6f4a893) x17 0x00000000
core   0: 0x80007a84 (0x006747b3) xor     a5, a4, t1
core   0: 3 0x80007a84 (0x006747b3) x15 0xaf05b9b2
core   0: 0x80007a88 (0x01dfffb3) and     t6, t6, t4
core   0: 3 0x80007a88 (0x01dfffb3) x31 0x00000000
core   0: 0x80007a8c (0xfa26dfe3) bge     a3, sp, pc - 66
core   0: 3 0x80007a8c (0xfa26dfe3)
core   0: 0x80007a4a (0x03a2ac33) mulhsu  s8, t0, s10
core   0: 3 0x80007a4a (0x03a2ac33) x24 0x24000342
core   0: 0x80007a4e (0x0325cfb3) div     t6, a1, s2
core   0: 3 0x80007a4e (0x0325cfb3) x31 0x00000000
core   0: 0x80007a52 (0x000016f9) c.addi  a3, -2
core   0: 3 0x80007a52 (0x16f9) x13 0xfffffff7
core   0: 0x80007a54 (0x00008cf5) c.and   s1, a3
core   0: 3 0x80007a54 (0x8cf5) x9  0x52fdf6a0
core   0: 0x80007a56 (0x00ea6c33) or      s8, s4, a4
core   0: 3 0x80007a56 (0x00ea6c33) x24 0x4ad14000
core   0: 0x80007a5a (0x00004d99) c.li    s11, 6
core   0: 3 0x80007a5a (0x4d99) x27 0x00000006
core   0: 0x80007a5c (0x000059f1) c.li    s3, -4
core   0: 3 0x80007a5c (0x59f1) x19 0xfffffffc
core   0: 0x80007a5e (0x47943793) sltiu   a5, s0, 1145
core   0: 3 0x80007a5e (0x47943793) x15 0x00000000
core   0: 0x80007a62 (0x00008e75) c.and   a2, a3
core   0: 3 0x80007a62 (0x8e75) x12 0x86000000
core   0: 0x80007a64 (0x00009532) c.add   a0, a2
core   0: 3 0x80007a64 (0x9532) x10 0x860020ce
core   0: 0x80007a66 (0x0298e633) rem     a2, a7, s1
core   0: 3 0x80007a66 (0x0298e633) x12 0x00000000
core   0: 0x80007a6a (0x00219633) sll     a2, gp, sp
core   0: 3 0x80007a6a (0x00219633) x12 0x0c000000
core   0: 0x80007a6e (0x9c01f793) andi    a5, gp, -1600
core   0: 3 0x80007a6e (0x9c01f793) x15 0xfffff980
core   0: 0x80007a72 (0x00001dd9) c.addi  s11, -10
core   0: 3 0x80007a72 (0x1dd9) x27 0xfffffffc
core   0: 0x80007a74 (0x84bfc893) xori    a7, t6, -1973
core   0: 3 0x80007a74 (0x84bfc893) x17 0xfffff84b
core   0: 0x80007a78 (0xff3d95e3) bne     s11, s3, pc - 22
core   0: 3 0x80007a78 (0xff3d95e3)
core   0: 0x80007a7c (0xec318193) addi    gp, gp, -317
core   0: 3 0x80007a7c (0xec318193) x3  0xfffffc49
core   0: 0x80007a80 (0xd6f4a893) slti    a7, s1, -657
core   0: 3 0x80007a80 (0xd6f4a893) x17 0x00000000
core   0: 0x80007a84 (0x006747b3) xor     a5, a4, t1
core   0: 3 0x80007a84 (0x006747b3) x15 0xaf05b9b2
core   0: 0x80007a88 (0x01dfffb3) and     t6, t6, t4
core   0: 3 0x80007a88 (0x01dfffb3) x31 0x00000000
core   0: 0x80007a8c (0xfa26dfe3) bge     a3, sp, pc - 66
core   0: 3 0x80007a8c (0xfa26dfe3)
core   0: 0x80007a90 (0x00acefb3) or      t6, s9, a0
core   0: 3 0x80007a90 (0x00acefb3) x31 0x860020ce
core   0: 0x80007a94 (0x018542b3) xor     t0, a0, s8
core   0: 3 0x80007a94 (0x018542b3) x5  0xccd160ce
core   0: 0x80007a98 (0x0000860d) c.srai  a2, 3
core   0: 3 0x80007a98 (0x860d) x12 0x01800000
core   0: 0x80007a9a (0x03fc2533) mulhsu  a0, s8, t6
core   0: 3 0x80007a9a (0x03fc2533) x10 0x27299116
core   0: 0x80007a9e (0x037f47b3) div     a5, t5, s7
core   0: 3 0x80007a9e (0x037f47b3) x15 0xffffffff
core   0: 0x80007aa2 (0x41a20033) sub     zero, tp, s10
core   0: 3 0x80007aa2 (0x41a20033)
core   0: 0x80007aa6 (0x003451b3) srl     gp, s0, gp
core   0: 3 0x80007aa6 (0x003451b3) x3  0x0040014e
core   0: 0x80007aaa (0x000f1f13) slli    t5, t5, 0
core   0: 3 0x80007aaa (0x000f1f13) x30 0x19a00000
core   0: 0x80007aae (0x038cc933) div     s2, s9, s8
core   0: 3 0x80007aae (0x038cc933) x18 0x00000000
core   0: 0x80007ab2 (0x00008d91) c.sub   a1, a2
core   0: 3 0x80007ab2 (0x8d91) x11 0xfe800000
core   0: 0x80007ab4 (0x035e9a33) mulh    s4, t4, s5
core   0: 3 0x80007ab4 (0x035e9a33) x20 0xf68df536
core   0: 0x80007ab8 (0xf186cc13) xori    s8, a3, -232
core   0: 3 0x80007ab8 (0xf186cc13) x24 0x000000ef
core   0: 0x80007abc (0x031f85b3) mul     a1, t6, a7
core   0: 3 0x80007abc (0x031f85b3) x11 0x00000000
core   0: 0x80007ac0 (0x4174d633) sra     a2, s1, s7
core   0: 3 0x80007ac0 (0x4174d633) x12 0x52fdf6a0
core   0: 0x80007ac4 (0x03dff963) bgeu    t6, t4, pc + 50
core   0: 3 0x80007ac4 (0x03dff963)
core   0: 0x80007af6 (0x00008f65) c.and   a4, s1
core   0: 3 0x80007af6 (0x8f65) x14 0x00000000
core   0: 0x80007af8 (0x000092e2) c.add   t0, s8
core   0: 3 0x80007af8 (0x92e2) x5  0xccd161bd
core   0: 0x80007afa (0x0078c033) xor     zero, a7, t2
core   0: 3 0x80007afa (0x0078c033)
core   0: 0x80007afe (0x013f7363) bgeu    t5, s3, pc + 6
core   0: 3 0x80007afe (0x013f7363)
core   0: 0x80007b02 (0x00008ec5) c.or    a3, s1
core   0: 3 0x80007b02 (0x8ec5) x13 0xfffffff7
core   0: 0x80007b04 (0x02b9f463) bgeu    s3, a1, pc + 40
core   0: 3 0x80007b04 (0x02b9f463)
core   0: 0x80007b2c (0x000063b1) c.lui   t2, 0xc
core   0: 3 0x80007b2c (0x63b1) x7  0x0000c000
core   0: 0x80007b2e (0x00008d7d) c.and   a0, a5
core   0: 3 0x80007b2e (0x8d7d) x10 0x27299116
core   0: 0x80007b30 (0x00006755) c.lui   a4, 0x15
core   0: 3 0x80007b30 (0x6755) x14 0x00015000
core   0: 0x80007b32 (0x057b5163) bge     s6, s7, pc + 66
core   0: 3 0x80007b32 (0x057b5163)
core   0: 0x80007b74 (0x40abd1b3) sra     gp, s7, a0
core   0: 3 0x80007b74 (0x40abd1b3) x3  0x00000000
core   0: 0x80007b78 (0x00001e08) c.addi4spn a0, sp, 816
core   0: 3 0x80007b78 (0x1e08) x10 0x00000329
core   0: 0x80007b7a (0x00008e6d) c.and   a2, a1
core   0: 3 0x80007b7a (0x8e6d) x12 0x00000000
core   0: 0x80007b7c (0x93f2cb93) xori    s7, t0, -1729
core   0: 3 0x80007b7c (0x93f2cb93) x23 0x332e9882
core   0: 0x80007b80 (0xb0d76713) ori     a4, a4, -1267
core   0: 3 0x80007b80 (0xb0d76713) x14 0xfffffb0d
core   0: 0x80007b84 (0x03bbb033) mulhu   zero, s7, s11
core   0: 3 0x80007b84 (0x03bbb033)
core   0: 0x80007b88 (0x00009d66) c.add   s10, s9
core   0: 3 0x80007b88 (0x9d66) x26 0xfc0012f3
core   0: 0x80007b8a (0x00009b42) c.add   s6, a6
core   0: 3 0x80007b8a (0x9b42) x22 0x80000000
core   0: 0x80007b8c (0x0000e111) c.bnez  a0, pc + 4
core   0: 3 0x80007b8c (0xe111)
core   0: 0x80007b90 (0x02d60163) beq     a2, a3, pc + 34
core   0: 3 0x80007b90 (0x02d60163)
core   0: 0x80007b94 (0x635cb493) sltiu   s1, s9, 1589
core   0: 3 0x80007b94 (0x635cb493) x9  0x00000001
core   0: 0x80007b98 (0x0144e633) or      a2, s1, s4
core   0: 3 0x80007b98 (0x0144e633) x12 0xf68df537
core   0: 0x80007b9c (0x000087c1) c.srai  a5, 16
core   0: 3 0x80007b9c (0x87c1) x15 0xffffffff
core   0: 0x80007b9e (0x000094c6) c.add   s1, a7
core   0: 3 0x80007b9e (0x94c6) x9  0x00000001
core   0: 0x80007ba0 (0x40258c33) sub     s8, a1, sp
core   0: 3 0x80007ba0 (0x40258c33) x24 0x00000007
core   0: 0x80007ba4 (0x0135c133) xor     sp, a1, s3
core   0: 3 0x80007ba4 (0x0135c133) x2  0xfffffffc
core   0: 0x80007ba8 (0x03b98033) mul     zero, s3, s11
core   0: 3 0x80007ba8 (0x03b98033)
core   0: 0x80007bac (0x023cafb3) mulhsu  t6, s9, gp
core   0: 3 0x80007bac (0x023cafb3) x31 0x00000000
core   0: 0x80007bb0 (0x000018fd) c.addi  a7, -1
core   0: 3 0x80007bb0 (0x18fd) x17 0xffffffff
core   0: 0x80007bb2 (0x00008e1d) c.sub   a2, a5
core   0: 3 0x80007bb2 (0x8e1d) x12 0xf68df538
core   0: 0x80007bb4 (0x00008d95) c.sub   a1, a3
core   0: 3 0x80007bb4 (0x8d95) x11 0x00000009
core   0: 0x80007bb6 (0x31656593) ori     a1, a0, 790
core   0: 3 0x80007bb6 (0x31656593) x11 0x0000033f
core   0: 0x80007bba (0xf7634b13) xori    s6, t1, -138
core   0: 3 0x80007bba (0xf7634b13) x22 0x50fa46c4
core   0: 0x80007bbe (0x37162613) slti    a2, a2, 881
core   0: 3 0x80007bbe (0x37162613) x12 0x00000001
core   0: 0x80007bc2 (0x02ff8563) beq     t6, a5, pc + 42
core   0: 3 0x80007bc2 (0x02ff8563)
core   0: 0x80007bc6 (0xb1dfe013) ori     zero, t6, -1251
core   0: 3 0x80007bc6 (0xb1dfe013)
core   0: 0x80007bca (0x00008ea9) c.xor   a3, a0
core   0: 3 0x80007bca (0x8ea9) x13 0xfffffcde
core   0: 0x80007bcc (0x007798b3) sll     a7, a5, t2
core   0: 3 0x80007bcc (0x007798b3) x17 0xffffffff
core   0: 0x80007bd0 (0x000000aa) c.slli  ra, 10
core   0: 3 0x80007bd0 (0x00aa) x1  0x00000000
core   0: 0x80007bd2 (0x0312ceb3) div     t4, t0, a7
core   0: 3 0x80007bd2 (0x0312ceb3) x29 0x332e9e43
core   0: 0x80007bd6 (0x03918633) mul     a2, gp, s9
core   0: 3 0x80007bd6 (0x03918633) x12 0x00000000
core   0: 0x80007bda (0x5ede3a13) sltiu   s4, t3, 1517
core   0: 3 0x80007bda (0x5ede3a13) x20 0x00000000
core   0: 0x80007bde (0x004a36b3) sltu    a3, s4, tp
core   0: 3 0x80007bde (0x004a36b3) x13 0x00000001
core   0: 0x80007be2 (0x00009c32) c.add   s8, a2
core   0: 3 0x80007be2 (0x9c32) x24 0x00000007
core   0: 0x80007be4 (0x00309493) slli    s1, ra, 3
core   0: 3 0x80007be4 (0x00309493) x9  0x00000000
core   0: 0x80007be8 (0x021505b3) mul     a1, a0, ra
core   0: 3 0x80007be8 (0x021505b3) x11 0x00000000
core   0: 0x80007bec (0x00000526) c.slli  a0, 9
core   0: 3 0x80007bec (0x0526) x10 0x00065200
core   0: 0x80007bee (0x02225163) bge     tp, sp, pc + 34
core   0: 3 0x80007bee (0x02225163)
core   0: 0x80007bf2 (0x9bbac117) auipc   sp, 0x9bbac
core   0: 3 0x80007bf2 (0x9bbac117) x2  0x1bbb3bf2
core   0: 0x80007bf6 (0x405e54b3) sra     s1, t3, t0
core   0: 3 0x80007bf6 (0x405e54b3) x9  0xfffffffd
core   0: 0x80007bfa (0x03ba2533) mulhsu  a0, s4, s11
core   0: 3 0x80007bfa (0x03ba2533) x10 0x00000000
core   0: 0x80007bfe (0x00ee7c33) and     s8, t3, a4
core   0: 3 0x80007bfe (0x00ee7c33) x24 0xb5333905
core   0: 0x80007c02 (0x00008dd9) c.or    a1, a4
core   0: 3 0x80007c02 (0x8dd9) x11 0xfffffb0d
core   0: 0x80007c04 (0x7f35f713) andi    a4, a1, 2035
core   0: 3 0x80007c04 (0x7f35f713) x14 0x00000301
core   0: 0x80007c08 (0x03346533) rem     a0, s0, s3
core   0: 3 0x80007c08 (0x03346533) x10 0x00000000
core   0: 0x80007c0c (0x035776b3) remu    a3, a4, s5
core   0: 3 0x80007c0c (0x035776b3) x13 0x00000301
core   0: 0x80007c10 (0x0312f133) remu    sp, t0, a7
core   0: 3 0x80007c10 (0x0312f133) x2  0xccd161bd
core   0: 0x80007c14 (0x03a8d463) bge     a7, s10, pc + 40
core   0: 3 0x80007c14 (0x03a8d463)
core   0: 0x80007c3c (0x000066cd) c.lui   a3, 0x13
core   0: 3 0x80007c3c (0x66cd) x13 0x00013000
core   0: 0x80007c3e (0x025ecd33) div     s10, t4, t0
core   0: 3 0x80007c3e (0x025ecd33) x26 0xffffffff
core   0: 0x80007c42 (0x00008c8d) c.sub   s1, a1
core   0: 3 0x80007c42 (0x8c8d) x9  0x000004f0
core   0: 0x80007c44 (0xecde6a13) ori     s4, t3, -307
core   0: 3 0x80007c44 (0xecde6a13) x20 0xffffffed
core   0: 0x80007c48 (0x03e5abb3) mulhsu  s7, a1, t5
core   0: 3 0x80007c48 (0x03e5abb3) x23 0xffffff81
core   0: 0x80007c4c (0x0316d6b3) divu    a3, a3, a7
core   0: 3 0x80007c4c (0x0316d6b3) x13 0x00000000
core   0: 0x80007c50 (0x0000c18d) c.beqz  a1, pc + 34
core   0: 3 0x80007c50 (0xc18d)
core   0: 0x80007c52 (0x020f4633) div     a2, t5, zero
core   0: 3 0x80007c52 (0x020f4633) x12 0xffffffff
core   0: 0x80007c56 (0xe6c0fc13) andi    s8, ra, -404
core   0: 3 0x80007c56 (0xe6c0fc13) x24 0x00000000
core   0: 0x80007c5a (0x00008285) c.srli  a3, 1
core   0: 3 0x80007c5a (0x8285) x13 0x00000000
core   0: 0x80007c5c (0x0000839d) c.srli  a5, 7
core   0: 3 0x80007c5c (0x839d) x15 0x01ffffff
core   0: 0x80007c5e (0x03560633) mul     a2, a2, s5
core   0: 3 0x80007c5e (0x03560633) x12 0x7ffda19c
core   0: 0x80007c62 (0x413cd8b3) sra     a7, s9, s3
core   0: 3 0x80007c62 (0x413cd8b3) x17 0x00000000
core   0: 0x80007c66 (0x03e44bb3) div     s7, s0, t5
core   0: 3 0x80007c66 (0x03e44bb3) x23 0xfffffffc
core   0: 0x80007c6a (0x46290993) addi    s3, s2, 1122
core   0: 3 0x80007c6a (0x46290993) x19 0x00000462
core   0: 0x80007c6e (0x00008f99) c.sub   a5, a4
core   0: 3 0x80007c6e (0x8f99) x15 0x01fffcfe
core   0: 0x80007c70 (0x00008a49) c.andi  a2, 18
core   0: 3 0x80007c70 (0x8a49) x12 0x00000010
core   0: 0x80007c72 (0xef926517) auipc   a0, 0xef926
core   0: 3 0x80007c72 (0xef926517) x10 0x6f92dc72
core   0: 0x80007c76 (0x00008d21) c.xor   a0, s0
core   0: 3 0x80007c76 (0x8d21) x10 0xef904096
core   0: 0x80007c78 (0x0000849d) c.srai  s1, 7
core   0: 3 0x80007c78 (0x849d) x9  0x00000009
core   0: 0x80007c7a (0x000084ed) c.srai  s1, 27
core   0: 3 0x80007c7a (0x84ed) x9  0x00000000
core   0: 0x80007c7c (0x410052b3) sra     t0, zero, a6
core   0: 3 0x80007c7c (0x410052b3) x5  0x00000000
core   0: 0x80007c80 (0x12fc8293) addi    t0, s9, 303
core   0: 3 0x80007c80 (0x12fc8293) x5  0x0000012f
core   0: 0x80007c84 (0x023242b3) div     t0, tp, gp
core   0: 3 0x80007c84 (0x023242b3) x5  0xffffffff
core   0: 0x80007c88 (0x0000029e) c.slli  t0, 7
core   0: 3 0x80007c88 (0x029e) x5  0xffffff80
core   0: 0x80007c8a (0xc2d92393) slti    t2, s2, -979
core   0: 3 0x80007c8a (0xc2d92393) x7  0x00000000
core   0: 0x80007c8e (0x03361633) mulh    a2, a2, s3
core   0: 3 0x80007c8e (0x03361633) x12 0x00000000
core   0: 0x80007c92 (0x000080d5) c.srli  s1, 21
core   0: 3 0x80007c92 (0x80d5) x9  0x00000000
core   0: 0x80007c94 (0x00008fb6) c.mv    t6, a3
core   0: 3 0x80007c94 (0x8fb6) x31 0x00000000
core   0: 0x80007c96 (0x00008d0d) c.sub   a0, a1
core   0: 3 0x80007c96 (0x8d0d) x10 0xef904589
core   0: 0x80007c98 (0x05b50263) beq     a0, s11, pc + 68
core   0: 3 0x80007c98 (0x05b50263)
core   0: 0x80007c9c (0x203fc713) xori    a4, t6, 515
core   0: 3 0x80007c9c (0x203fc713) x14 0x00000203
core   0: 0x80007ca0 (0x02f4bf33) mulhu   t5, s1, a5
core   0: 3 0x80007ca0 (0x02f4bf33) x30 0x00000000
core   0: 0x80007ca4 (0x00008ca9) c.xor   s1, a0
core   0: 3 0x80007ca4 (0x8ca9) x9  0xef904589
core   0: 0x80007ca6 (0x00008c56) c.mv    s8, s5
core   0: 3 0x80007ca6 (0x8c56) x24 0x80025e64
core   0: 0x80007ca8 (0x0295b933) mulhu   s2, a1, s1
core   0: 3 0x80007ca8 (0x0295b933) x18 0xef9040e7
core   0: 0x80007cac (0xd3223c13) sltiu   s8, tp, -718
core   0: 3 0x80007cac (0xd3223c13) x24 0x00000001
core   0: 0x80007cb0 (0x000083bd) c.srli  a5, 15
core   0: 3 0x80007cb0 (0x83bd) x15 0x000003ff
core   0: 0x80007cb2 (0x409c5933) sra     s2, s8, s1
core   0: 3 0x80007cb2 (0x409c5933) x18 0x00000000
core   0: 0x80007cb6 (0x000086f1) c.srai  a3, 28
core   0: 3 0x80007cb6 (0x86f1) x13 0x00000000
core   0: 0x80007cb8 (0x0207c263) bltz    a5, pc + 36
core   0: 3 0x80007cb8 (0x0207c263)
core   0: 0x80007cbc (0xc9bcea13) ori     s4, s9, -869
core   0: 3 0x80007cbc (0xc9bcea13) x20 0xfffffc9b
core   0: 0x80007cc0 (0xfe1a8513) addi    a0, s5, -31
core   0: 3 0x80007cc0 (0xfe1a8513) x10 0x80025e45
core   0: 0x80007cc4 (0x02481563) bne     a6, tp, pc + 42
core   0: 3 0x80007cc4 (0x02481563)
core   0: 0x80007cee (0x011b51b3) srl     gp, s6, a7
core   0: 3 0x80007cee (0x011b51b3) x3  0x50fa46c4
core   0: 0x80007cf2 (0xdc3b9a17) auipc   s4, 0xdc3b9
core   0: 3 0x80007cf2 (0xdc3b9a17) x20 0x5c3c0cf2
core   0: 0x80007cf6 (0x000086b1) c.srai  a3, 12
core   0: 3 0x80007cf6 (0x86b1) x13 0x00000000
core   0: 0x80007cf8 (0x41935613) srai    a2, t1, 25
core   0: 3 0x80007cf8 (0x41935613) x12 0xffffffd7
core   0: 0x80007cfc (0x0136d663) bge     a3, s3, pc + 12
core   0: 3 0x80007cfc (0x0136d663)
core   0: 0x80007d00 (0x00008d45) c.or    a0, s1
core   0: 3 0x80007d00 (0x8d45) x10 0xef925fcd
core   0: 0x80007d02 (0x00009a1e) c.add   s4, t2
core   0: 3 0x80007d02 (0x9a1e) x20 0x5c3c0cf2
core   0: 0x80007d04 (0x0000ef9d) c.bnez  a5, pc + 62
core   0: 3 0x80007d04 (0xef9d)
core   0: 0x80007d42 (0xac9ece37) lui     t3, 0xac9ec
core   0: 3 0x80007d42 (0xac9ece37) x28 0xac9ec000
core   0: 0x80007d46 (0x4025d633) sra     a2, a1, sp
core   0: 3 0x80007d46 (0x4025d633) x12 0xffffffff
core   0: 0x80007d4a (0x4af5cb93) xori    s7, a1, 1199
core   0: 3 0x80007d4a (0x4af5cb93) x23 0xffffffa2
core   0: 0x80007d4e (0x01ec7c33) and     s8, s8, t5
core   0: 3 0x80007d4e (0x01ec7c33) x24 0x00000000
core   0: 0x80007d52 (0x01f959b3) srl     s3, s2, t6
core   0: 3 0x80007d52 (0x01f959b3) x19 0x00000000
core   0: 0x80007d56 (0x0014ff63) bgeu    s1, ra, pc + 30
core   0: 3 0x80007d56 (0x0014ff63)
core   0: 0x80007d74 (0x0000e701) c.bnez  a4, pc + 8
core   0: 3 0x80007d74 (0xe701)
core   0: 0x80007d7c (0x02969233) mulh    tp, a3, s1
core   0: 3 0x80007d7c (0x02969233) x4  0x00000000
core   0: 0x80007d80 (0x01a37bb3) and     s7, t1, s10
core   0: 3 0x80007d80 (0x01a37bb3) x23 0xaf05b9b2
core   0: 0x80007d84 (0x40c3d8b3) sra     a7, t2, a2
core   0: 3 0x80007d84 (0x40c3d8b3) x17 0x00000000
core   0: 0x80007d88 (0x010b0933) add     s2, s6, a6
core   0: 3 0x80007d88 (0x010b0933) x18 0xd0fa46c4
core   0: 0x80007d8c (0x18a23a13) sltiu   s4, tp, 394
core   0: 3 0x80007d8c (0x18a23a13) x20 0x00000001
core   0: 0x80007d90 (0x01598c33) add     s8, s3, s5
core   0: 3 0x80007d90 (0x01598c33) x24 0x80025e64
core   0: 0x80007d94 (0x02da4c63) blt     s4, a3, pc + 56
core   0: 3 0x80007d94 (0x02da4c63)
core   0: 0x80007d98 (0x000054fd) c.li    s1, -1
core   0: 3 0x80007d98 (0x54fd) x9  0xffffffff
core   0: 0x80007d9a (0x03494763) blt     s2, s4, pc + 46
core   0: 3 0x80007d9a (0x03494763)
core   0: 0x80007dc8 (0x023fe3b3) rem     t2, t6, gp
core   0: 3 0x80007dc8 (0x023fe3b3) x7  0x00000000
core   0: 0x80007dcc (0x003a0a63) beq     s4, gp, pc + 20
core   0: 3 0x80007dcc (0x003a0a63)
core   0: 0x80007dd0 (0x4bc14213) xori    tp, sp, 1212
core   0: 3 0x80007dd0 (0x4bc14213) x4  0xccd16501
core   0: 0x80007dd4 (0x03f9b533) mulhu   a0, s3, t6
core   0: 3 0x80007dd4 (0x03f9b533) x10 0x00000000
core   0: 0x80007dd8 (0x00dc8533) add     a0, s9, a3
core   0: 3 0x80007dd8 (0x00dc8533) x10 0x00000000
core   0: 0x80007ddc (0x40d0d0b3) sra     ra, ra, a3
core   0: 3 0x80007ddc (0x40d0d0b3) x1  0x00000000
core   0: 0x80007de0 (0x0000089e) c.slli  a7, 7
core   0: 3 0x80007de0 (0x089e) x17 0x00000000
core   0: 0x80007de2 (0x00009b4e) c.add   s6, s3
core   0: 3 0x80007de2 (0x9b4e) x22 0x50fa46c4
core   0: 0x80007de4 (0x8b8beb13) ori     s6, s7, -1864
core   0: 3 0x80007de4 (0x8b8beb13) x22 0xfffff9ba
core   0: 0x80007de8 (0x0212e533) rem     a0, t0, ra
core   0: 3 0x80007de8 (0x0212e533) x10 0xffffff80
core   0: 0x80007dec (0x0000c595) c.beqz  a1, pc + 44
core   0: 3 0x80007dec (0xc595)
core   0: 0x80007dee (0x405d5e33) sra     t3, s10, t0
core   0: 3 0x80007dee (0x405d5e33) x28 0xffffffff
core   0: 0x80007df2 (0x01535f63) bge     t1, s5, pc + 30
core   0: 3 0x80007df2 (0x01535f63)
core   0: 0x80007e10 (0x00be3eb3) sltu    t4, t3, a1
core   0: 3 0x80007e10 (0x00be3eb3) x29 0x00000000
core   0: 0x80007e14 (0x00009b7d) c.andi  a4, -1
core   0: 3 0x80007e14 (0x9b7d) x14 0x00000203
core   0: 0x80007e16 (0x00008275) c.srli  a2, 29
core   0: 3 0x80007e16 (0x8275) x12 0x00000007
core   0: 0x80007e18 (0x00457933) and     s2, a0, tp
core   0: 3 0x80007e18 (0x00457933) x18 0xccd16500
core   0: 0x80007e1c (0x41c45c93) srai    s9, s0, 28
core   0: 3 0x80007e1c (0x41c45c93) x25 0xfffffff8
core   0: 0x80007e20 (0x024d4e33) div     t3, s10, tp
core   0: 3 0x80007e20 (0x024d4e33) x28 0x00000000
core   0: 0x80007e24 (0x058de063) bltu    s11, s8, pc + 64
core   0: 3 0x80007e24 (0x058de063)
core   0: 0x80007e28 (0x00001bfd) c.addi  s7, -1
core   0: 3 0x80007e28 (0x1bfd) x23 0xaf05b9b1
core   0: 0x80007e2a (0x025c09b3) mul     s3, s8, t0
core   0: 3 0x80007e2a (0x025c09b3) x19 0xfed0ce00
core   0: 0x80007e2e (0x037a4063) blt     s4, s7, pc + 32
core   0: 3 0x80007e2e (0x037a4063)
core   0: 0x80007e32 (0x01bc8b63) beq     s9, s11, pc + 22
core   0: 3 0x80007e32 (0x01bc8b63)
core   0: 0x80007e36 (0x00a99c13) slli    s8, s3, 10
core   0: 3 0x80007e36 (0x00a99c13) x24 0x43380000
core   0: 0x80007e3a (0x006bd393) srli    t2, s7, 6
core   0: 3 0x80007e3a (0x006bd393) x7  0x02bc16e6
core   0: 0x80007e3e (0x00008cb9) c.xor   s1, a4
core   0: 3 0x80007e3e (0x8cb9) x9  0xfffffdfc
core   0: 0x80007e40 (0x01bbdc63) bge     s7, s11, pc + 24
core   0: 3 0x80007e40 (0x01bbdc63)
core   0: 0x80007e44 (0x017cb1b3) sltu    gp, s9, s7
core   0: 3 0x80007e44 (0x017cb1b3) x3  0x00000000
core   0: 0x80007e48 (0x02cddc63) bge     s11, a2, pc + 56
core   0: 3 0x80007e48 (0x02cddc63)
core   0: 0x80007e4c (0x00000b5a) c.slli  s6, 22
core   0: 3 0x80007e4c (0x0b5a) x22 0x6e800000
core   0: 0x80007e4e (0x000098fd) c.andi  s1, -1
core   0: 3 0x80007e4e (0x98fd) x9  0xfffffdfc
core   0: 0x80007e50 (0x0213e263) bltu    t2, ra, pc + 36
core   0: 3 0x80007e50 (0x0213e263)
core   0: 0x80007e54 (0x0000c111) c.beqz  a0, pc + 4
core   0: 3 0x80007e54 (0xc111)
core   0: 0x80007e56 (0x000003b1) c.addi  t2, 12
core   0: 3 0x80007e56 (0x03b1) x7  0x02bc16f2
core   0: 0x80007e58 (0x00000318) c.addi4spn a4, sp, 384
core   0: 3 0x80007e58 (0x0318) x14 0xccd1633d
core   0: 0x80007e5a (0x9e23e997) auipc   s3, 0x9e23e
core   0: 3 0x80007e5a (0x9e23e997) x19 0x1e245e5a
core   0: 0x80007e5e (0x11e93893) sltiu   a7, s2, 286
core   0: 3 0x80007e5e (0x11e93893) x17 0x00000000
core   0: 0x80007e62 (0x000084a1) c.srai  s1, 8
core   0: 3 0x80007e62 (0x84a1) x9  0xfffffffd
core   0: 0x80007e64 (0x01021333) sll     t1, tp, a6
core   0: 3 0x80007e64 (0x01021333) x6  0xccd16501
core   0: 0x80007e68 (0x000009d5) c.addi  s3, 21
core   0: 3 0x80007e68 (0x09d5) x19 0x1e245e6f
core   0: 0x80007e6a (0x01385f33) srl     t5, a6, s3
core   0: 3 0x80007e6a (0x01385f33) x30 0x00010000
core   0: 0x80007e6e (0x40c78333) sub     t1, a5, a2
core   0: 3 0x80007e6e (0x40c78333) x6  0x000003f8
core   0: 0x80007e72 (0x0000e519) c.bnez  a0, pc + 14
core   0: 3 0x80007e72 (0xe519)
core   0: 0x80007e80 (0x023ef333) remu    t1, t4, gp
core   0: 3 0x80007e80 (0x023ef333) x6  0x00000000
core   0: 0x80007e84 (0x0361ee33) rem     t3, gp, s6
core   0: 3 0x80007e84 (0x0361ee33) x28 0x00000000
core   0: 0x80007e88 (0x00001f04) c.addi4spn s1, sp, 944
core   0: 3 0x80007e88 (0x1f04) x9  0xccd1656d
core   0: 0x80007e8a (0x00000a4e) c.slli  s4, 19
core   0: 3 0x80007e8a (0x0a4e) x20 0x00080000
core   0: 0x80007e8c (0x426c0597) auipc   a1, 0x426c0
core   0: 3 0x80007e8c (0x426c0597) x11 0xc26c7e8c
core   0: 0x80007e90 (0x00008f39) c.xor   a4, a4
core   0: 3 0x80007e90 (0x8f39) x14 0x00000000
core   0: 0x80007e92 (0x00be1963) bne     t3, a1, pc + 18
core   0: 3 0x80007e92 (0x00be1963)
core   0: 0x80007ea4 (0xa7b43f93) sltiu   t6, s0, -1413
core   0: 3 0x80007ea4 (0xa7b43f93) x31 0x00000001
core   0: 0x80007ea8 (0x00008229) c.srli  a2, 10
core   0: 3 0x80007ea8 (0x8229) x12 0x00000000
core   0: 0x80007eaa (0x0175a4b3) slt     s1, a1, s7
core   0: 3 0x80007eaa (0x0175a4b3) x9  0x00000000
core   0: 0x80007eae (0x27b43c93) sltiu   s9, s0, 635
core   0: 3 0x80007eae (0x27b43c93) x25 0x00000000
core   0: 0x80007eb2 (0x00008cc9) c.or    s1, a0
core   0: 3 0x80007eb2 (0x8cc9) x9  0xffffff80
core   0: 0x80007eb4 (0x00009b7d) c.andi  a4, -1
core   0: 3 0x80007eb4 (0x9b7d) x14 0x00000000
core   0: 0x80007eb6 (0x01682233) slt     tp, a6, s6
core   0: 3 0x80007eb6 (0x01682233) x4  0x00000001
core   0: 0x80007eba (0x01997463) bgeu    s2, s9, pc + 8
core   0: 3 0x80007eba (0x01997463)
core   0: 0x80007ec2 (0x00000ea2) c.slli  t4, 8
core   0: 3 0x80007ec2 (0x0ea2) x29 0x00000000
core   0: 0x80007ec4 (0x00000001) c.nop
core   0: 3 0x80007ec4 (0x0001)
core   0: 0x80007ec6 (0x0093c8b3) xor     a7, t2, s1
core   0: 3 0x80007ec6 (0x0093c8b3) x17 0xfd43e972
core   0: 0x80007eca (0x00dd9533) sll     a0, s11, a3
core   0: 3 0x80007eca (0x00dd9533) x10 0xfffffffc
core   0: 0x80007ece (0x000084f9) c.srai  s1, 30
core   0: 3 0x80007ece (0x84f9) x9  0xffffffff
core   0: 0x80007ed0 (0x018f6133) or      sp, t5, s8
core   0: 3 0x80007ed0 (0x018f6133) x2  0x43390000
core   0: 0x80007ed4 (0xd05d8913) addi    s2, s11, -763
core   0: 3 0x80007ed4 (0xd05d8913) x18 0xfffffd01
core   0: 0x80007ed8 (0x00006169) c.addi16sp sp, 208
core   0: 3 0x80007ed8 (0x6169) x2  0x433900d0
core   0: 0x80007eda (0x002984b3) add     s1, s3, sp
core   0: 3 0x80007eda (0x002984b3) x9  0x615d5f3f
core   0: 0x80007ede (0x02bfd533) divu    a0, t6, a1
core   0: 3 0x80007ede (0x02bfd533) x10 0x00000000
core   0: 0x80007ee2 (0x0002f5b3) and     a1, t0, zero
core   0: 3 0x80007ee2 (0x0002f5b3) x11 0x00000000
core   0: 0x80007ee6 (0x000004b2) c.slli  s1, 12
core   0: 3 0x80007ee6 (0x04b2) x9  0xd5f3f000
core   0: 0x80007ee8 (0x00006d79) c.lui   s10, 0x1e
core   0: 3 0x80007ee8 (0x6d79) x26 0x0001e000
core   0: 0x80007eea (0x04b2d563) bge     t0, a1, pc + 74
core   0: 3 0x80007eea (0x04b2d563)
core   0: 0x80007eee (0x04e84763) blt     a6, a4, pc + 78
core   0: 3 0x80007eee (0x04e84763)
core   0: 0x80007f3c (0x002e8e63) beq     t4, sp, pc + 28
core   0: 3 0x80007f3c (0x002e8e63)
core   0: 0x80007f40 (0x000086b9) c.srai  a3, 14
core   0: 3 0x80007f40 (0x86b9) x13 0x00000000
core   0: 0x80007f42 (0x01941133) sll     sp, s0, s9
core   0: 3 0x80007f42 (0x01941133) x2  0x80029ce4
core   0: 0x80007f46 (0x02c9d633) divu    a2, s3, a2
core   0: 3 0x80007f46 (0x02c9d633) x12 0xffffffff
core   0: 0x80007f4a (0x01c775b3) and     a1, a4, t3
core   0: 3 0x80007f4a (0x01c775b3) x11 0x00000000
core   0: 0x80007f4e (0x025d82b3) mul     t0, s11, t0
core   0: 3 0x80007f4e (0x025d82b3) x5  0x00000200
core   0: 0x80007f52 (0x0000e205) c.bnez  a2, pc + 32
core   0: 3 0x80007f52 (0xe205)
core   0: 0x80007f72 (0x0000717d) c.addi16sp sp, -16
core   0: 3 0x80007f72 (0x717d) x2  0x80029cd4
core   0: 0x80007f74 (0x0000e09d) c.bnez  s1, pc + 38
core   0: 3 0x80007f74 (0xe09d)
core   0: 0x80007f9a (0x00008e85) c.sub   a3, s1
core   0: 3 0x80007f9a (0x8e85) x13 0x2a0c1000
core   0: 0x80007f9c (0x00973c33) sltu    s8, a4, s1
core   0: 3 0x80007f9c (0x00973c33) x24 0x00000001
core   0: 0x80007fa0 (0x00008c12) c.mv    s8, tp
core   0: 3 0x80007fa0 (0x8c12) x24 0x00000001
core   0: 0x80007fa2 (0x41bd8d33) sub     s10, s11, s11
core   0: 3 0x80007fa2 (0x41bd8d33) x26 0x00000000
core   0: 0x80007fa6 (0x00008f25) c.xor   a4, s1
core   0: 3 0x80007fa6 (0x8f25) x14 0xd5f3f000
core   0: 0x80007fa8 (0x029c0233) mul     tp, s8, s1
core   0: 3 0x80007fa8 (0x029c0233) x4  0xd5f3f000
core   0: 0x80007fac (0x000084c1) c.srai  s1, 16
core   0: 3 0x80007fac (0x84c1) x9  0xffffd5f3
core   0: 0x80007fae (0x00008f95) c.sub   a5, a3
core   0: 3 0x80007fae (0x8f95) x15 0xd5f3f3ff
core   0: 0x80007fb0 (0x00008e6d) c.and   a2, a1
core   0: 3 0x80007fb0 (0x8e6d) x12 0x00000000
core   0: 0x80007fb2 (0x00008505) c.srai  a0, 1
core   0: 3 0x80007fb2 (0x8505) x10 0x00000000
core   0: 0x80007fb4 (0x03741033) mulh    zero, s0, s7
core   0: 3 0x80007fb4 (0x03741033)
core   0: 0x80007fb8 (0x00001a7d) c.addi  s4, -1
core   0: 3 0x80007fb8 (0x1a7d) x20 0x0007ffff
core   0: 0x80007fba (0x41edd4b3) sra     s1, s11, t5
core   0: 3 0x80007fba (0x41edd4b3) x9  0xfffffffc
core   0: 0x80007fbe (0x00008611) c.srai  a2, 4
core   0: 3 0x80007fbe (0x8611) x12 0x00000000
core   0: 0x80007fc0 (0x037f8363) beq     t6, s7, pc + 38
core   0: 3 0x80007fc0 (0x037f8363)
core   0: 0x80007fc4 (0x00008369) c.srli  a4, 26
core   0: 3 0x80007fc4 (0x8369) x14 0x00000035
core   0: 0x80007fc6 (0x021de463) bltu    s11, ra, pc + 40
core   0: 3 0x80007fc6 (0x021de463)
core   0: 0x80007fca (0x0000017e) c.slli  sp, 31
core   0: 3 0x80007fca (0x017e) x2  0x00000000
core   0: 0x80007fcc (0x4077d6b3) sra     a3, a5, t2
core   0: 3 0x80007fcc (0x4077d6b3) x13 0xfffff57c
core   0: 0x80007fd0 (0x000015fd) c.addi  a1, -1
core   0: 3 0x80007fd0 (0x15fd) x11 0xffffffff
core   0: 0x80007fd2 (0x03966c33) rem     s8, a2, s9
core   0: 3 0x80007fd2 (0x03966c33) x24 0x00000000
core   0: 0x80007fd6 (0x0000e481) c.bnez  s1, pc + 8
core   0: 3 0x80007fd6 (0xe481)
core   0: 0x80007fde (0x41678cb3) sub     s9, a5, s6
core   0: 3 0x80007fde (0x41678cb3) x25 0x6773f3ff
core   0: 0x80007fe2 (0x013c6b33) or      s6, s8, s3
core   0: 3 0x80007fe2 (0x013c6b33) x22 0x1e245e6f
core   0: 0x80007fe6 (0xe6726537) lui     a0, 0xe6726
core   0: 3 0x80007fe6 (0xe6726537) x10 0xe6726000
core   0: 0x80007fea (0x07664013) xori    zero, a2, 118
core   0: 3 0x80007fea (0x07664013)
core   0: 0x80007fee (0x00008d3d) c.xor   a0, a5
core   0: 3 0x80007fee (0x8d3d) x10 0x338193ff
core   0: 0x80007ff0 (0x00008d09) c.sub   a0, a0
core   0: 3 0x80007ff0 (0x8d09) x10 0x00000000
core   0: 0x80007ff2 (0x775d8c93) addi    s9, s11, 1909
core   0: 3 0x80007ff2 (0x775d8c93) x25 0x00000771
core   0: 0x80007ff6 (0x01cb5c33) srl     s8, s6, t3
core   0: 3 0x80007ff6 (0x01cb5c33) x24 0x1e245e6f
core   0: 0x80007ffa (0x03139163) bne     t2, a7, pc + 34
core   0: 3 0x80007ffa (0x03139163)
core   0: 0x8000801c (0x0000e615) c.bnez  a2, pc + 44
core   0: 3 0x8000801c (0xe615)
core   0: 0x8000801e (0x00db8db3) add     s11, s7, a3
core   0: 3 0x8000801e (0x00db8db3) x27 0xaf05af2d
core   0: 0x80008022 (0x8712ba13) sltiu   s4, t0, -1935
core   0: 3 0x80008022 (0x8712ba13) x20 0x00000001
core   0: 0x80008026 (0x026b84b3) mul     s1, s7, t1
core   0: 3 0x80008026 (0x026b84b3) x9  0x00000000
core   0: 0x8000802a (0x029b83b3) mul     t2, s7, s1
core   0: 3 0x8000802a (0x029b83b3) x7  0x00000000
core   0: 0x8000802e (0x54fba013) slti    zero, s7, 1359
core   0: 3 0x8000802e (0x54fba013)
core   0: 0x80008032 (0x00008c99) c.sub   s1, a4
core   0: 3 0x80008032 (0x8c99) x9  0xffffffcb
core   0: 0x80008034 (0x01dae233) or      tp, s5, t4
core   0: 3 0x80008034 (0x01dae233) x4  0x80025e64
core   0: 0x80008038 (0x0199e463) bltu    s3, s9, pc + 8
core   0: 3 0x80008038 (0x0199e463)
core   0: 0x8000803c (0xbf29ac37) lui     s8, 0xbf29a
core   0: 3 0x8000803c (0xbf29ac37) x24 0xbf29a000
core   0: 0x80008040 (0xa2d08e13) addi    t3, ra, -1491
core   0: 3 0x80008040 (0xa2d08e13) x28 0xfffffa2d
core   0: 0x80008044 (0x020d72b3) remu    t0, s10, zero
core   0: 3 0x80008044 (0x020d72b3) x5  0x00000000
core   0: 0x80008048 (0x005d0b33) add     s6, s10, t0
core   0: 3 0x80008048 (0x005d0b33) x22 0x00000000
core   0: 0x8000804c (0x37890e93) addi    t4, s2, 888
core   0: 3 0x8000804c (0x37890e93) x29 0x00000079
core   0: 0x80008050 (0x022a0463) beq     s4, sp, pc + 40
core   0: 3 0x80008050 (0x022a0463)
core   0: 0x80008054 (0x07236cb7) lui     s9, 0x7236
core   0: 3 0x80008054 (0x07236cb7) x25 0x07236000
core   0: 0x80008058 (0x04d9f163) bgeu    s3, a3, pc + 66
core   0: 3 0x80008058 (0x04d9f163)
core   0: 0x8000805c (0x03b23133) mulhu   sp, tp, s11
core   0: 3 0x8000805c (0x03b23133) x2  0x5784762a
core   0: 0x80008060 (0x01d49a13) slli    s4, s1, 29
core   0: 3 0x80008060 (0x01d49a13) x20 0x60000000
core   0: 0x80008064 (0x00008cfd) c.and   s1, a5
core   0: 3 0x80008064 (0x8cfd) x9  0xd5f3f3cb
core   0: 0x80008066 (0x02aab1b3) mulhu   gp, s5, a0
core   0: 3 0x80008066 (0x02aab1b3) x3  0x00000000
core   0: 0x8000806a (0x03db3c33) mulhu   s8, s6, t4
core   0: 3 0x8000806a (0x03db3c33) x24 0x00000000
core   0: 0x8000806e (0x0000c28d) c.beqz  a3, pc + 34
core   0: 3 0x8000806e (0xc28d)
core   0: 0x80008070 (0x0016f3b3) and     t2, a3, ra
core   0: 3 0x80008070 (0x0016f3b3) x7  0x00000000
core   0: 0x80008074 (0x404cd3b3) sra     t2, s9, tp
core   0: 3 0x80008074 (0x404cd3b3) x7  0x00723600
core   0: 0x80008078 (0x022019b3) mulh    s3, zero, sp
core   0: 3 0x80008078 (0x022019b3) x19 0x00000000
core   0: 0x8000807c (0x00cb5d13) srli    s10, s6, 12
core   0: 3 0x8000807c (0x00cb5d13) x26 0x00000000
core   0: 0x80008080 (0x00008d3d) c.xor   a0, a5
core   0: 3 0x80008080 (0x8d3d) x10 0xd5f3f3ff
core   0: 0x80008082 (0x970db997) auipc   s3, 0x970db
core   0: 3 0x80008082 (0x970db997) x19 0x170e3082
core   0: 0x80008086 (0x027f63b3) rem     t2, t5, t2
core   0: 3 0x80008086 (0x027f63b3) x7  0x00010000
core   0: 0x8000808a (0x00008db1) c.xor   a1, a2
core   0: 3 0x8000808a (0x8db1) x11 0xffffffff
core   0: 0x8000808c (0x0144dc63) bge     s1, s4, pc + 24
core   0: 3 0x8000808c (0x0144dc63)
core   0: 0x80008090 (0x00009efe) c.add   t4, t6
core   0: 3 0x80008090 (0x9efe) x29 0x0000007a
core   0: 0x80008092 (0x021e4633) div     a2, t3, ra
core   0: 3 0x80008092 (0x021e4633) x12 0xffffffff
core   0: 0x80008096 (0x00008ff5) c.and   a5, a3
core   0: 3 0x80008096 (0x8ff5) x15 0xd5f3f17c
core   0: 0x80008098 (0x00009bfd) c.andi  a5, -1
core   0: 3 0x80008098 (0x9bfd) x15 0xd5f3f17c
core   0: 0x8000809a (0x00009bfd) c.andi  a5, -1
core   0: 3 0x8000809a (0x9bfd) x15 0xd5f3f17c
core   0: 0x8000809c (0x9a72bc13) sltiu   s8, t0, -1625
core   0: 3 0x8000809c (0x9a72bc13) x24 0x00000001
core   0: 0x800080a0 (0x005e42b3) xor     t0, t3, t0
core   0: 3 0x800080a0 (0x005e42b3) x5  0xfffffa2d
core   0: 0x800080a4 (0xa5a35e37) lui     t3, 0xa5a35
core   0: 3 0x800080a4 (0xa5a35e37) x28 0xa5a35000
core   0: 0x800080a8 (0x0000809d) c.srli  s1, 7
core   0: 3 0x800080a8 (0x809d) x9  0x01abe7e7
core   0: 0x800080aa (0x00006e45) c.lui   t3, 0x11
core   0: 3 0x800080aa (0x6e45) x28 0x00011000
core   0: 0x800080ac (0x03f26f63) bltu    tp, t6, pc + 62
core   0: 3 0x800080ac (0x03f26f63)
core   0: 0x800080b0 (0x00008d11) c.sub   a0, a2
core   0: 3 0x800080b0 (0x8d11) x10 0xd5f3f400
core   0: 0x800080b2 (0x03789563) bne     a7, s7, pc + 42
core   0: 3 0x800080b2 (0x03789563)
core   0: 0x800080dc (0x00008795) c.srai  a5, 5
core   0: 3 0x800080dc (0x8795) x15 0xfeaf9f8b
core   0: 0x800080de (0x0000888e) c.mv    a7, gp
core   0: 3 0x800080de (0x888e) x17 0x00000000
core   0: 0x800080e0 (0xf3be3c13) sltiu   s8, t3, -197
core   0: 3 0x800080e0 (0xf3be3c13) x24 0x00000001
core   0: 0x800080e4 (0x0000e31d) c.bnez  a4, pc + 38
core   0: 3 0x800080e4 (0xe31d)
core   0: 0x8000810a (0x0016cbb3) xor     s7, a3, ra
core   0: 3 0x8000810a (0x0016cbb3) x23 0xfffff57c
core   0: 0x8000810e (0x028cf0b3) remu    ra, s9, s0
core   0: 3 0x8000810e (0x028cf0b3) x1  0x07236000
core   0: 0x80008112 (0x03615463) bge     sp, s6, pc + 40
core   0: 3 0x80008112 (0x03615463)
core   0: 0x8000813a (0x00008ffd) c.and   a5, a5
core   0: 3 0x8000813a (0x8ffd) x15 0xfeaf9f8b
core   0: 0x8000813c (0x024fda33) divu    s4, t6, tp
core   0: 3 0x8000813c (0x024fda33) x20 0x00000000
core   0: 0x80008140 (0x400cdd13) srai    s10, s9, 0
core   0: 3 0x80008140 (0x400cdd13) x26 0x07236000
core   0: 0x80008144 (0x00fa2e33) slt     t3, s4, a5
core   0: 3 0x80008144 (0x00fa2e33) x28 0x00000000
core   0: 0x80008148 (0x417cd693) srai    a3, s9, 23
core   0: 3 0x80008148 (0x417cd693) x13 0x0000000e
core   0: 0x8000814c (0x00008939) c.andi  a0, 14
core   0: 3 0x8000814c (0x8939) x10 0x00000000
core   0: 0x8000814e (0x03d8bd33) mulhu   s10, a7, t4
core   0: 3 0x8000814e (0x03d8bd33) x26 0x00000000
core   0: 0x80008152 (0x00008fa5) c.xor   a5, s1
core   0: 3 0x80008152 (0x8fa5) x15 0xff04786c
core   0: 0x80008154 (0x56986793) ori     a5, a6, 1385
core   0: 3 0x80008154 (0x56986793) x15 0x80000569
core   0: 0x80008158 (0x00008511) c.srai  a0, 4
core   0: 3 0x80008158 (0x8511) x10 0x00000000
core   0: 0x8000815a (0x011654b3) srl     s1, a2, a7
core   0: 3 0x8000815a (0x011654b3) x9  0xffffffff
core   0: 0x8000815e (0x0000051c) c.addi4spn a5, sp, 640
core   0: 3 0x8000815e (0x051c) x15 0x578478aa
core   0: 0x80008160 (0x00000001) c.nop
core   0: 3 0x80008160 (0x0001)
core   0: 0x80008162 (0x018f4a33) xor     s4, t5, s8
core   0: 3 0x80008162 (0x018f4a33) x20 0x00010001
core   0: 0x80008166 (0x3e0e4093) xori    ra, t3, 992
core   0: 3 0x80008166 (0x3e0e4093) x1  0x000003e0
core   0: 0x8000816a (0x0000065a) c.slli  a2, 22
core   0: 3 0x8000816a (0x065a) x12 0xffc00000
core   0: 0x8000816c (0x00004fb5) c.li    t6, 13
core   0: 3 0x8000816c (0x4fb5) x31 0x0000000d
core   0: 0x8000816e (0x8435ff13) andi    t5, a1, -1981
core   0: 3 0x8000816e (0x8435ff13) x30 0xfffff843
core   0: 0x80008172 (0x000080a9) c.srli  s1, 10
core   0: 3 0x80008172 (0x80a9) x9  0x003fffff
core   0: 0x80008174 (0x021d83b3) mul     t2, s11, ra
core   0: 3 0x80008174 (0x021d83b3) x7  0x3606ce60
core   0: 0x80008178 (0x00006fb1) c.lui   t6, 0xc
core   0: 3 0x80008178 (0x6fb1) x31 0x0000c000
core   0: 0x8000817a (0xeb966893) ori     a7, a2, -327
core   0: 3 0x8000817a (0xeb966893) x17 0xfffffeb9
core   0: 0x8000817e (0x000086f9) c.srai  a3, 30
core   0: 3 0x8000817e (0x86f9) x13 0x00000000
core   0: 0x80008180 (0x01fc3c33) sltu    s8, s8, t6
core   0: 3 0x80008180 (0x01fc3c33) x24 0x00000001
core   0: 0x80008184 (0x000087d1) c.srai  a5, 20
core   0: 3 0x80008184 (0x87d1) x15 0x00000578
core   0: 0x80008186 (0x002d5213) srli    tp, s10, 2
core   0: 3 0x80008186 (0x002d5213) x4  0x00000000
core   0: 0x8000818a (0x001ac363) blt     s5, ra, pc + 6
core   0: 3 0x8000818a (0x001ac363)
core   0: 0x80008190 (0x00008ffe) c.mv    t6, t6
core   0: 3 0x80008190 (0x8ffe) x31 0x0000c000
core   0: 0x80008192 (0x7f617593) andi    a1, sp, 2038
core   0: 3 0x80008192 (0x7f617593) x11 0x00000622
core   0: 0x80008196 (0x021d89b3) mul     s3, s11, ra
core   0: 3 0x80008196 (0x021d89b3) x19 0x3606ce60
core   0: 0x8000819a (0x00008cd5) c.or    s1, a3
core   0: 3 0x8000819a (0x8cd5) x9  0x003fffff
core   0: 0x8000819c (0x000053f9) c.li    t2, -2
core   0: 3 0x8000819c (0x53f9) x7  0xfffffffe
core   0: 0x8000819e (0x02086c33) rem     s8, a6, zero
core   0: 3 0x8000819e (0x02086c33) x24 0x80000000
core   0: 0x800081a2 (0x00004989) c.li    s3, 2
core   0: 3 0x800081a2 (0x4989) x19 0x00000002
core   0: 0x800081a4 (0x67681f37) lui     t5, 0x67681
core   0: 3 0x800081a4 (0x67681f37) x30 0x67681000
core   0: 0x800081a8 (0x00000001) c.nop
core   0: 3 0x800081a8 (0x0001)
core   0: 0x800081aa (0x025eef33) rem     t5, t4, t0
core   0: 3 0x800081aa (0x025eef33) x30 0x0000007a
core   0: 0x800081ae (0x008a2233) slt     tp, s4, s0
core   0: 3 0x800081ae (0x008a2233) x4  0x00000000
core   0: 0x800081b2 (0x02da86b3) mul     a3, s5, a3
core   0: 3 0x800081b2 (0x02da86b3) x13 0x00000000
core   0: 0x800081b6 (0x00000001) c.nop
core   0: 3 0x800081b6 (0x0001)
core   0: 0x800081b8 (0x0350ae33) mulhsu  t3, ra, s5
core   0: 3 0x800081b8 (0x0350ae33) x28 0x000001f0
core   0: 0x800081bc (0x00000399) c.addi  t2, 6
core   0: 3 0x800081bc (0x0399) x7  0x00000004
core   0: 0x800081be (0x00004701) c.li    a4, 0
core   0: 3 0x800081be (0x4701) x14 0x00000000
core   0: 0x800081c0 (0x005d68b3) or      a7, s10, t0
core   0: 3 0x800081c0 (0x005d68b3) x17 0xfffffa2d
core   0: 0x800081c4 (0x02a06c33) rem     s8, zero, a0
core   0: 3 0x800081c4 (0x02a06c33) x24 0x00000000
core   0: 0x800081c8 (0x01f35d13) srli    s10, t1, 31
core   0: 3 0x800081c8 (0x01f35d13) x26 0x00000000
core   0: 0x800081cc (0x0000527d) c.li    tp, -1
core   0: 3 0x800081cc (0x527d) x4  0xffffffff
core   0: 0x800081ce (0x00000001) c.nop
core   0: 3 0x800081ce (0x0001)
core   0: 0x800081d0 (0x00004cb5) c.li    s9, 13
core   0: 3 0x800081d0 (0x4cb5) x25 0x0000000d
core   0: 0x800081d2 (0x00000001) c.nop
core   0: 3 0x800081d2 (0x0001)
core   0: 0x800081d4 (0x02e6d933) divu    s2, a3, a4
core   0: 3 0x800081d4 (0x02e6d933) x18 0xffffffff
core   0: 0x800081d8 (0x037cabb3) mulhsu  s7, s9, s7
core   0: 3 0x800081d8 (0x037cabb3) x23 0x0000000c
core   0: 0x800081dc (0x0050d1b3) srl     gp, ra, t0
core   0: 3 0x800081dc (0x0050d1b3) x3  0x00000000
core   0: 0x800081e0 (0x0000167d) c.addi  a2, -1
core   0: 3 0x800081e0 (0x167d) x12 0xffbfffff
core   0: 0x800081e2 (0x00000719) c.addi  a4, 6
core   0: 3 0x800081e2 (0x0719) x14 0x00000006
core   0: 0x800081e4 (0x00004fc5) c.li    t6, 17
core   0: 3 0x800081e4 (0x4fc5) x31 0x00000011
core   0: 0x800081e6 (0xff9747e3) blt     a4, s9, pc - 18
core   0: 3 0x800081e6 (0xff9747e3)
core   0: 0x800081d4 (0x02e6d933) divu    s2, a3, a4
core   0: 3 0x800081d4 (0x02e6d933) x18 0x00000000
core   0: 0x800081d8 (0x037cabb3) mulhsu  s7, s9, s7
core   0: 3 0x800081d8 (0x037cabb3) x23 0x00000000
core   0: 0x800081dc (0x0050d1b3) srl     gp, ra, t0
core   0: 3 0x800081dc (0x0050d1b3) x3  0x00000000
core   0: 0x800081e0 (0x0000167d) c.addi  a2, -1
core   0: 3 0x800081e0 (0x167d) x12 0xffbffffe
core   0: 0x800081e2 (0x00000719) c.addi  a4, 6
core   0: 3 0x800081e2 (0x0719) x14 0x0000000c
core   0: 0x800081e4 (0x00004fc5) c.li    t6, 17
core   0: 3 0x800081e4 (0x4fc5) x31 0x00000011
core   0: 0x800081e6 (0xff9747e3) blt     a4, s9, pc - 18
core   0: 3 0x800081e6 (0xff9747e3)
core   0: 0x800081d4 (0x02e6d933) divu    s2, a3, a4
core   0: 3 0x800081d4 (0x02e6d933) x18 0x00000000
core   0: 0x800081d8 (0x037cabb3) mulhsu  s7, s9, s7
core   0: 3 0x800081d8 (0x037cabb3) x23 0x00000000
core   0: 0x800081dc (0x0050d1b3) srl     gp, ra, t0
core   0: 3 0x800081dc (0x0050d1b3) x3  0x00000000
core   0: 0x800081e0 (0x0000167d) c.addi  a2, -1
core   0: 3 0x800081e0 (0x167d) x12 0xffbffffd
core   0: 0x800081e2 (0x00000719) c.addi  a4, 6
core   0: 3 0x800081e2 (0x0719) x14 0x00000012
core   0: 0x800081e4 (0x00004fc5) c.li    t6, 17
core   0: 3 0x800081e4 (0x4fc5) x31 0x00000011
core   0: 0x800081e6 (0xff9747e3) blt     a4, s9, pc - 18
core   0: 3 0x800081e6 (0xff9747e3)
core   0: 0x800081ea (0x03a03633) mulhu   a2, zero, s10
core   0: 3 0x800081ea (0x03a03633) x12 0x00000000
core   0: 0x800081ee (0x000084d9) c.srai  s1, 22
core   0: 3 0x800081ee (0x84d9) x9  0x00000000
core   0: 0x800081f0 (0x00005c7d) c.li    s8, -1
core   0: 3 0x800081f0 (0x5c7d) x24 0xffffffff
core   0: 0x800081f2 (0x00008d75) c.and   a0, a3
core   0: 3 0x800081f2 (0x8d75) x10 0x00000000
core   0: 0x800081f4 (0xfb33cde3) blt     t2, s3, pc - 70
core   0: 3 0x800081f4 (0xfb33cde3)
core   0: 0x800081f8 (0x000081d1) c.srli  a1, 20
core   0: 3 0x800081f8 (0x81d1) x11 0x00000000
core   0: 0x800081fa (0x039f44b3) div     s1, t5, s9
core   0: 3 0x800081fa (0x039f44b3) x9  0x00000009
core   0: 0x800081fe (0x000089c2) c.mv    s3, a6
core   0: 3 0x800081fe (0x89c2) x19 0x80000000
core   0: 0x80008200 (0x00006111) c.addi16sp sp, 256
core   0: 3 0x80008200 (0x6111) x2  0x5784772a
core   0: 0x80008202 (0x000e67b3) or      a5, t3, zero
core   0: 3 0x80008202 (0x000e67b3) x15 0x000001f0
core   0: 0x80008206 (0x0266e063) bltu    a3, t1, pc + 32
core   0: 3 0x80008206 (0x0266e063)
core   0: 0x8000820a (0x41870a33) sub     s4, a4, s8
core   0: 3 0x8000820a (0x41870a33) x20 0x00000013
core   0: 0x8000820e (0x00584b33) xor     s6, a6, t0
core   0: 3 0x8000820e (0x00584b33) x22 0x7ffffa2d
core   0: 0x80008212 (0x00008391) c.srli  a5, 4
core   0: 3 0x80008212 (0x8391) x15 0x0000001f
core   0: 0x80008214 (0x04258063) beq     a1, sp, pc + 64
core   0: 3 0x80008214 (0x04258063)
core   0: 0x80008218 (0x00008acd) c.andi  a3, 19
core   0: 3 0x80008218 (0x8acd) x13 0x00000000
core   0: 0x8000821a (0x00008ccd) c.or    s1, a1
core   0: 3 0x8000821a (0x8ccd) x9  0x00000009
core   0: 0x8000821c (0x0000e795) c.bnez  a5, pc + 44
core   0: 3 0x8000821c (0xe795)
core   0: 0x80008248 (0xddb38297) auipc   t0, 0xddb38
core   0: 3 0x80008248 (0xddb38297) x5  0x5db40248
core   0: 0x8000824c (0x01d21463) bne     tp, t4, pc + 8
core   0: 3 0x8000824c (0x01d21463)
core   0: 0x80008254 (0x029ce6b3) rem     a3, s9, s1
core   0: 3 0x80008254 (0x029ce6b3) x13 0x00000004
core   0: 0x80008258 (0x03efd3b3) divu    t2, t6, t5
core   0: 3 0x80008258 (0x03efd3b3) x7  0x00000000
core   0: 0x8000825c (0x418884b3) sub     s1, a7, s8
core   0: 3 0x8000825c (0x418884b3) x9  0xfffffa2e
core   0: 0x80008260 (0x000092ce) c.add   t0, s3
core   0: 3 0x80008260 (0x92ce) x5  0xddb40248
core   0: 0x80008262 (0x7dd44893) xori    a7, s0, 2013
core   0: 3 0x80008262 (0x7dd44893) x17 0x80029b39
core   0: 0x80008266 (0x00000d1d) c.addi  s10, 7
core   0: 3 0x80008266 (0x0d1d) x26 0x00000007
core   0: 0x80008268 (0x00000001) c.nop
core   0: 3 0x80008268 (0x0001)
core   0: 0x8000826a (0x03a8d9b3) divu    s3, a7, s10
core   0: 3 0x8000826a (0x03a8d9b3) x19 0x124983e3
core   0: 0x8000826e (0x40935133) sra     sp, t1, s1
core   0: 3 0x8000826e (0x40935133) x2  0x00000000
core   0: 0x80008272 (0x00008dc1) c.or    a1, s0
core   0: 3 0x80008272 (0x8dc1) x11 0x80029ce4
core   0: 0x80008274 (0x00006135) c.addi16sp sp, 352
core   0: 3 0x80008274 (0x6135) x2  0x00000160
core   0: 0x80008276 (0x02bf9763) bne     t6, a1, pc + 46
core   0: 3 0x80008276 (0x02bf9763)
core   0: 0x800082a4 (0x0030e933) or      s2, ra, gp
core   0: 3 0x800082a4 (0x0030e933) x18 0x000003e0
core   0: 0x800082a8 (0x9a2ebbb7) lui     s7, 0x9a2eb
core   0: 3 0x800082a8 (0x9a2ebbb7) x23 0x9a2eb000
core   0: 0x800082ac (0x00099e13) slli    t3, s3, 0
core   0: 3 0x800082ac (0x00099e13) x28 0x124983e3
core   0: 0x800082b0 (0x68afab93) slti    s7, t6, 1674
core   0: 3 0x800082b0 (0x68afab93) x23 0x00000001
core   0: 0x800082b4 (0x0586c363) blt     a3, s8, pc + 70
core   0: 3 0x800082b4 (0x0586c363)
core   0: 0x800082b8 (0x02ced663) bge     t4, a2, pc + 44
core   0: 3 0x800082b8 (0x02ced663)
core   0: 0x800082e4 (0xf10fff13) andi    t5, t6, -240
core   0: 3 0x800082e4 (0xf10fff13) x30 0x00000010
core   0: 0x800082e8 (0x02e3d0b3) divu    ra, t2, a4
core   0: 3 0x800082e8 (0x02e3d0b3) x1  0x00000000
core   0: 0x800082ec (0x410f5893) srai    a7, t5, 16
core   0: 3 0x800082ec (0x410f5893) x17 0x00000000
core   0: 0x800082f0 (0x029dec63) bltu    s11, s1, pc + 56
core   0: 3 0x800082f0 (0x029dec63)
core   0: 0x80008328 (0x0259c363) blt     s3, t0, pc + 38
core   0: 3 0x80008328 (0x0259c363)
core   0: 0x8000832c (0x03951f63) bne     a0, s9, pc + 62
core   0: 3 0x8000832c (0x03951f63)
core   0: 0x8000836a (0x00008da5) c.xor   a1, s1
core   0: 3 0x8000836a (0x8da5) x11 0x7ffd66ca
core   0: 0x8000836c (0x024d67b3) rem     a5, s10, tp
core   0: 3 0x8000836c (0x024d67b3) x15 0x00000000
core   0: 0x80008370 (0x00a84f63) blt     a6, a0, pc + 30
core   0: 3 0x80008370 (0x00a84f63)
core   0: 0x8000838e (0x0182d133) srl     sp, t0, s8
core   0: 3 0x8000838e (0x0182d133) x2  0x00000001
core   0: 0x80008392 (0x005eccb3) xor     s9, t4, t0
core   0: 3 0x80008392 (0x005eccb3) x25 0xddb40232
core   0: 0x80008396 (0x034dbc33) mulhu   s8, s11, s4
core   0: 3 0x80008396 (0x034dbc33) x24 0x0000000c
core   0: 0x8000839a (0x0286d363) bge     a3, s0, pc + 38
core   0: 3 0x8000839a (0x0286d363)
core   0: 0x800083c0 (0x01301613) slli    a2, zero, 19
core   0: 3 0x800083c0 (0x01301613) x12 0x00000000
core   0: 0x800083c4 (0x02e5c8b3) div     a7, a1, a4
core   0: 3 0x800083c4 (0x02e5c8b3) x17 0x071c4cd2
core   0: 0x800083c8 (0x000080d9) c.srli  s1, 22
core   0: 3 0x800083c8 (0x80d9) x9  0x000003ff
core   0: 0x800083ca (0x03b57333) remu    t1, a0, s11
core   0: 3 0x800083ca (0x03b57333) x6  0x00000000
core   0: 0x800083ce (0x41f75313) srai    t1, a4, 31
core   0: 3 0x800083ce (0x41f75313) x6  0x00000000
core   0: 0x800083d2 (0x00201613) slli    a2, zero, 2
core   0: 3 0x800083d2 (0x00201613) x12 0x00000000
core   0: 0x800083d6 (0x48f8a937) lui     s2, 0x48f8a
core   0: 3 0x800083d6 (0x48f8a937) x18 0x48f8a000
core   0: 0x800083da (0x07206c63) bltu    zero, s2, pc + 120
core   0: 3 0x800083da (0x07206c63)
core   0: 0x80008452 (0x97445997) auipc   s3, 0x97445
core   0: 3 0x80008452 (0x97445997) x19 0x1744d452
core   0: 0x80008456 (0x00cab133) sltu    sp, s5, a2
core   0: 3 0x80008456 (0x00cab133) x2  0x00000000
core   0: 0x8000845a (0x0213d933) divu    s2, t2, ra
core   0: 3 0x8000845a (0x0213d933) x18 0xffffffff
core   0: 0x8000845e (0x05478163) beq     a5, s4, pc + 66
core   0: 3 0x8000845e (0x05478163)
core   0: 0x80008462 (0x415f0733) sub     a4, t5, s5
core   0: 3 0x80008462 (0x415f0733) x14 0x7ffda1ac
core   0: 0x80008466 (0x026d1163) bne     s10, t1, pc + 34
core   0: 3 0x80008466 (0x026d1163)
core   0: 0x80008488 (0x74b14393) xori    t2, sp, 1867
core   0: 3 0x80008488 (0x74b14393) x7  0x0000074b
core   0: 0x8000848c (0x0000e585) c.bnez  a1, pc + 40
core   0: 3 0x8000848c (0xe585)
core   0: 0x800084b4 (0x00000f76) c.slli  t5, 29
core   0: 3 0x800084b4 (0x0f76) x30 0x00000000
core   0: 0x800084b6 (0x00001c0c) c.addi4spn a1, sp, 560
core   0: 3 0x800084b6 (0x1c0c) x11 0x00000230
core   0: 0x800084b8 (0x21f46b93) ori     s7, s0, 543
core   0: 3 0x800084b8 (0x21f46b93) x23 0x80029eff
core   0: 0x800084bc (0x00000001) c.nop
core   0: 3 0x800084bc (0x0001)
core   0: 0x800084be (0x038d6b33) rem     s6, s10, s8
core   0: 3 0x800084be (0x038d6b33) x22 0x00000007
core   0: 0x800084c2 (0xafa08a13) addi    s4, ra, -1286
core   0: 3 0x800084c2 (0xafa08a13) x20 0xfffffafa
core   0: 0x800084c6 (0x0061ca33) xor     s4, gp, t1
core   0: 3 0x800084c6 (0x0061ca33) x20 0x00000000
core   0: 0x800084ca (0xea84fe93) andi    t4, s1, -344
core   0: 3 0x800084ca (0xea84fe93) x29 0x000002a8
core   0: 0x800084ce (0x03401233) mulh    tp, zero, s4
core   0: 3 0x800084ce (0x03401233) x4  0x00000000
core   0: 0x800084d2 (0x00008089) c.srli  s1, 2
core   0: 3 0x800084d2 (0x8089) x9  0x000000ff
core   0: 0x800084d4 (0x6b1d4013) xori    zero, s10, 1713
core   0: 3 0x800084d4 (0x6b1d4013)
core   0: 0x800084d8 (0x00006c91) c.lui   s9, 0x4
core   0: 3 0x800084d8 (0x6c91) x25 0x00004000
core   0: 0x800084da (0x004dc8b3) xor     a7, s11, tp
core   0: 3 0x800084da (0x004dc8b3) x17 0xaf05af2d
core   0: 0x800084de (0x000054e1) c.li    s1, -8
core   0: 3 0x800084de (0x54e1) x9  0xfffffff8
core   0: 0x800084e0 (0x01489d33) sll     s10, a7, s4
core   0: 3 0x800084e0 (0x01489d33) x26 0xaf05af2d
core   0: 0x800084e4 (0x00004ca9) c.li    s9, 10
core   0: 3 0x800084e4 (0x4ca9) x25 0x0000000a
core   0: 0x800084e6 (0x00008d69) c.and   a0, a0
core   0: 3 0x800084e6 (0x8d69) x10 0x00000000
core   0: 0x800084e8 (0x003dc533) xor     a0, s11, gp
core   0: 3 0x800084e8 (0x003dc533) x10 0xaf05af2d
core   0: 0x800084ec (0x00000e49) c.addi  t3, 18
core   0: 3 0x800084ec (0x0e49) x28 0x124983f5
core   0: 0x800084ee (0x0000048d) c.addi  s1, 3
core   0: 3 0x800084ee (0x048d) x9  0xfffffffb
core   0: 0x800084f0 (0x0000051a) c.slli  a0, 6
core   0: 3 0x800084f0 (0x051a) x10 0xc16bcb40
core   0: 0x800084f2 (0xc271ceb7) lui     t4, 0xc271c
core   0: 3 0x800084f2 (0xc271ceb7) x29 0xc271c000
core   0: 0x800084f6 (0x0000489d) c.li    a7, 7
core   0: 3 0x800084f6 (0x489d) x17 0x00000007
core   0: 0x800084f8 (0x00005741) c.li    a4, -16
core   0: 3 0x800084f8 (0x5741) x14 0xfffffff0
core   0: 0x800084fa (0xa1b2f993) andi    s3, t0, -1509
core   0: 3 0x800084fa (0xa1b2f993) x19 0xddb40208
core   0: 0x800084fe (0x0390fc33) remu    s8, ra, s9
core   0: 3 0x800084fe (0x0390fc33) x24 0x00000000
core   0: 0x80008502 (0x036d69b3) rem     s3, s10, s6
core   0: 3 0x80008502 (0x036d69b3) x19 0xfffffffb
core   0: 0x80008506 (0x000018f5) c.addi  a7, -3
core   0: 3 0x80008506 (0x18f5) x17 0x00000004
core   0: 0x80008508 (0x415509b3) sub     s3, a0, s5
core   0: 3 0x80008508 (0x415509b3) x19 0x41696cdc
core   0: 0x8000850c (0x40cb5333) sra     t1, s6, a2
core   0: 3 0x8000850c (0x40cb5333) x6  0x00000007
core   0: 0x80008510 (0x002e6033) or      zero, t3, sp
core   0: 3 0x80008510 (0x002e6033)
core   0: 0x80008514 (0x02af1033) mulh    zero, t5, a0
core   0: 3 0x80008514 (0x02af1033)
core   0: 0x80008518 (0xfee8d3e3) bge     a7, a4, pc - 26
core   0: 3 0x80008518 (0xfee8d3e3)
core   0: 0x800084fe (0x0390fc33) remu    s8, ra, s9
core   0: 3 0x800084fe (0x0390fc33) x24 0x00000000
core   0: 0x80008502 (0x036d69b3) rem     s3, s10, s6
core   0: 3 0x80008502 (0x036d69b3) x19 0xfffffffb
core   0: 0x80008506 (0x000018f5) c.addi  a7, -3
core   0: 3 0x80008506 (0x18f5) x17 0x00000001
core   0: 0x80008508 (0x415509b3) sub     s3, a0, s5
core   0: 3 0x80008508 (0x415509b3) x19 0x41696cdc
core   0: 0x8000850c (0x40cb5333) sra     t1, s6, a2
core   0: 3 0x8000850c (0x40cb5333) x6  0x00000007
core   0: 0x80008510 (0x002e6033) or      zero, t3, sp
core   0: 3 0x80008510 (0x002e6033)
core   0: 0x80008514 (0x02af1033) mulh    zero, t5, a0
core   0: 3 0x80008514 (0x02af1033)
core   0: 0x80008518 (0xfee8d3e3) bge     a7, a4, pc - 26
core   0: 3 0x80008518 (0xfee8d3e3)
core   0: 0x800084fe (0x0390fc33) remu    s8, ra, s9
core   0: 3 0x800084fe (0x0390fc33) x24 0x00000000
core   0: 0x80008502 (0x036d69b3) rem     s3, s10, s6
core   0: 3 0x80008502 (0x036d69b3) x19 0xfffffffb
core   0: 0x80008506 (0x000018f5) c.addi  a7, -3
core   0: 3 0x80008506 (0x18f5) x17 0xfffffffe
core   0: 0x80008508 (0x415509b3) sub     s3, a0, s5
core   0: 3 0x80008508 (0x415509b3) x19 0x41696cdc
core   0: 0x8000850c (0x40cb5333) sra     t1, s6, a2
core   0: 3 0x8000850c (0x40cb5333) x6  0x00000007
core   0: 0x80008510 (0x002e6033) or      zero, t3, sp
core   0: 3 0x80008510 (0x002e6033)
core   0: 0x80008514 (0x02af1033) mulh    zero, t5, a0
core   0: 3 0x80008514 (0x02af1033)
core   0: 0x80008518 (0xfee8d3e3) bge     a7, a4, pc - 26
core   0: 3 0x80008518 (0xfee8d3e3)
core   0: 0x800084fe (0x0390fc33) remu    s8, ra, s9
core   0: 3 0x800084fe (0x0390fc33) x24 0x00000000
core   0: 0x80008502 (0x036d69b3) rem     s3, s10, s6
core   0: 3 0x80008502 (0x036d69b3) x19 0xfffffffb
core   0: 0x80008506 (0x000018f5) c.addi  a7, -3
core   0: 3 0x80008506 (0x18f5) x17 0xfffffffb
core   0: 0x80008508 (0x415509b3) sub     s3, a0, s5
core   0: 3 0x80008508 (0x415509b3) x19 0x41696cdc
core   0: 0x8000850c (0x40cb5333) sra     t1, s6, a2
core   0: 3 0x8000850c (0x40cb5333) x6  0x00000007
core   0: 0x80008510 (0x002e6033) or      zero, t3, sp
core   0: 3 0x80008510 (0x002e6033)
core   0: 0x80008514 (0x02af1033) mulh    zero, t5, a0
core   0: 3 0x80008514 (0x02af1033)
core   0: 0x80008518 (0xfee8d3e3) bge     a7, a4, pc - 26
core   0: 3 0x80008518 (0xfee8d3e3)
core   0: 0x800084fe (0x0390fc33) remu    s8, ra, s9
core   0: 3 0x800084fe (0x0390fc33) x24 0x00000000
core   0: 0x80008502 (0x036d69b3) rem     s3, s10, s6
core   0: 3 0x80008502 (0x036d69b3) x19 0xfffffffb
core   0: 0x80008506 (0x000018f5) c.addi  a7, -3
core   0: 3 0x80008506 (0x18f5) x17 0xfffffff8
core   0: 0x80008508 (0x415509b3) sub     s3, a0, s5
core   0: 3 0x80008508 (0x415509b3) x19 0x41696cdc
core   0: 0x8000850c (0x40cb5333) sra     t1, s6, a2
core   0: 3 0x8000850c (0x40cb5333) x6  0x00000007
core   0: 0x80008510 (0x002e6033) or      zero, t3, sp
core   0: 3 0x80008510 (0x002e6033)
core   0: 0x80008514 (0x02af1033) mulh    zero, t5, a0
core   0: 3 0x80008514 (0x02af1033)
core   0: 0x80008518 (0xfee8d3e3) bge     a7, a4, pc - 26
core   0: 3 0x80008518 (0xfee8d3e3)
core   0: 0x800084fe (0x0390fc33) remu    s8, ra, s9
core   0: 3 0x800084fe (0x0390fc33) x24 0x00000000
core   0: 0x80008502 (0x036d69b3) rem     s3, s10, s6
core   0: 3 0x80008502 (0x036d69b3) x19 0xfffffffb
core   0: 0x80008506 (0x000018f5) c.addi  a7, -3
core   0: 3 0x80008506 (0x18f5) x17 0xfffffff5
core   0: 0x80008508 (0x415509b3) sub     s3, a0, s5
core   0: 3 0x80008508 (0x415509b3) x19 0x41696cdc
core   0: 0x8000850c (0x40cb5333) sra     t1, s6, a2
core   0: 3 0x8000850c (0x40cb5333) x6  0x00000007
core   0: 0x80008510 (0x002e6033) or      zero, t3, sp
core   0: 3 0x80008510 (0x002e6033)
core   0: 0x80008514 (0x02af1033) mulh    zero, t5, a0
core   0: 3 0x80008514 (0x02af1033)
core   0: 0x80008518 (0xfee8d3e3) bge     a7, a4, pc - 26
core   0: 3 0x80008518 (0xfee8d3e3)
core   0: 0x800084fe (0x0390fc33) remu    s8, ra, s9
core   0: 3 0x800084fe (0x0390fc33) x24 0x00000000
core   0: 0x80008502 (0x036d69b3) rem     s3, s10, s6
core   0: 3 0x80008502 (0x036d69b3) x19 0xfffffffb
core   0: 0x80008506 (0x000018f5) c.addi  a7, -3
core   0: 3 0x80008506 (0x18f5) x17 0xfffffff2
core   0: 0x80008508 (0x415509b3) sub     s3, a0, s5
core   0: 3 0x80008508 (0x415509b3) x19 0x41696cdc
core   0: 0x8000850c (0x40cb5333) sra     t1, s6, a2
core   0: 3 0x8000850c (0x40cb5333) x6  0x00000007
core   0: 0x80008510 (0x002e6033) or      zero, t3, sp
core   0: 3 0x80008510 (0x002e6033)
core   0: 0x80008514 (0x02af1033) mulh    zero, t5, a0
core   0: 3 0x80008514 (0x02af1033)
core   0: 0x80008518 (0xfee8d3e3) bge     a7, a4, pc - 26
core   0: 3 0x80008518 (0xfee8d3e3)
core   0: 0x800084fe (0x0390fc33) remu    s8, ra, s9
core   0: 3 0x800084fe (0x0390fc33) x24 0x00000000
core   0: 0x80008502 (0x036d69b3) rem     s3, s10, s6
core   0: 3 0x80008502 (0x036d69b3) x19 0xfffffffb
core   0: 0x80008506 (0x000018f5) c.addi  a7, -3
core   0: 3 0x80008506 (0x18f5) x17 0xffffffef
core   0: 0x80008508 (0x415509b3) sub     s3, a0, s5
core   0: 3 0x80008508 (0x415509b3) x19 0x41696cdc
core   0: 0x8000850c (0x40cb5333) sra     t1, s6, a2
core   0: 3 0x8000850c (0x40cb5333) x6  0x00000007
core   0: 0x80008510 (0x002e6033) or      zero, t3, sp
core   0: 3 0x80008510 (0x002e6033)
core   0: 0x80008514 (0x02af1033) mulh    zero, t5, a0
core   0: 3 0x80008514 (0x02af1033)
core   0: 0x80008518 (0xfee8d3e3) bge     a7, a4, pc - 26
core   0: 3 0x80008518 (0xfee8d3e3)
core   0: 0x8000851c (0x41955133) sra     sp, a0, s9
core   0: 3 0x8000851c (0x41955133) x2  0xfff05af2
core   0: 0x80008520 (0x00d52133) slt     sp, a0, a3
core   0: 3 0x80008520 (0x00d52133) x2  0x00000001
core   0: 0x80008524 (0x03064db3) div     s11, a2, a6
core   0: 3 0x80008524 (0x03064db3) x27 0x00000000
core   0: 0x80008528 (0x00009b62) c.add   s6, s8
core   0: 3 0x80008528 (0x9b62) x22 0x00000007
core   0: 0x8000852a (0xfd94c1e3) blt     s1, s9, pc - 62
core   0: 3 0x8000852a (0xfd94c1e3)
core   0: 0x800084ec (0x00000e49) c.addi  t3, 18
core   0: 3 0x800084ec (0x0e49) x28 0x12498407
core   0: 0x800084ee (0x0000048d) c.addi  s1, 3
core   0: 3 0x800084ee (0x048d) x9  0xfffffffe
core   0: 0x800084f0 (0x0000051a) c.slli  a0, 6
core   0: 3 0x800084f0 (0x051a) x10 0x5af2d000
core   0: 0x800084f2 (0xc271ceb7) lui     t4, 0xc271c
core   0: 3 0x800084f2 (0xc271ceb7) x29 0xc271c000
core   0: 0x800084f6 (0x0000489d) c.li    a7, 7
core   0: 3 0x800084f6 (0x489d) x17 0x00000007
core   0: 0x800084f8 (0x00005741) c.li    a4, -16
core   0: 3 0x800084f8 (0x5741) x14 0xfffffff0
core   0: 0x800084fa (0xa1b2f993) andi    s3, t0, -1509
core   0: 3 0x800084fa (0xa1b2f993) x19 0xddb40208
core   0: 0x800084fe (0x0390fc33) remu    s8, ra, s9
core   0: 3 0x800084fe (0x0390fc33) x24 0x00000000
core   0: 0x80008502 (0x036d69b3) rem     s3, s10, s6
core   0: 3 0x80008502 (0x036d69b3) x19 0xfffffffb
core   0: 0x80008506 (0x000018f5) c.addi  a7, -3
core   0: 3 0x80008506 (0x18f5) x17 0x00000004
core   0: 0x80008508 (0x415509b3) sub     s3, a0, s5
core   0: 3 0x80008508 (0x415509b3) x19 0xdaf0719c
core   0: 0x8000850c (0x40cb5333) sra     t1, s6, a2
core   0: 3 0x8000850c (0x40cb5333) x6  0x00000007
core   0: 0x80008510 (0x002e6033) or      zero, t3, sp
core   0: 3 0x80008510 (0x002e6033)
core   0: 0x80008514 (0x02af1033) mulh    zero, t5, a0
core   0: 3 0x80008514 (0x02af1033)
core   0: 0x80008518 (0xfee8d3e3) bge     a7, a4, pc - 26
core   0: 3 0x80008518 (0xfee8d3e3)
core   0: 0x800084fe (0x0390fc33) remu    s8, ra, s9
core   0: 3 0x800084fe (0x0390fc33) x24 0x00000000
core   0: 0x80008502 (0x036d69b3) rem     s3, s10, s6
core   0: 3 0x80008502 (0x036d69b3) x19 0xfffffffb
core   0: 0x80008506 (0x000018f5) c.addi  a7, -3
core   0: 3 0x80008506 (0x18f5) x17 0x00000001
core   0: 0x80008508 (0x415509b3) sub     s3, a0, s5
core   0: 3 0x80008508 (0x415509b3) x19 0xdaf0719c
core   0: 0x8000850c (0x40cb5333) sra     t1, s6, a2
core   0: 3 0x8000850c (0x40cb5333) x6  0x00000007
core   0: 0x80008510 (0x002e6033) or      zero, t3, sp
core   0: 3 0x80008510 (0x002e6033)
core   0: 0x80008514 (0x02af1033) mulh    zero, t5, a0
core   0: 3 0x80008514 (0x02af1033)
core   0: 0x80008518 (0xfee8d3e3) bge     a7, a4, pc - 26
core   0: 3 0x80008518 (0xfee8d3e3)
core   0: 0x800084fe (0x0390fc33) remu    s8, ra, s9
core   0: 3 0x800084fe (0x0390fc33) x24 0x00000000
core   0: 0x80008502 (0x036d69b3) rem     s3, s10, s6
core   0: 3 0x80008502 (0x036d69b3) x19 0xfffffffb
core   0: 0x80008506 (0x000018f5) c.addi  a7, -3
core   0: 3 0x80008506 (0x18f5) x17 0xfffffffe
core   0: 0x80008508 (0x415509b3) sub     s3, a0, s5
core   0: 3 0x80008508 (0x415509b3) x19 0xdaf0719c
core   0: 0x8000850c (0x40cb5333) sra     t1, s6, a2
core   0: 3 0x8000850c (0x40cb5333) x6  0x00000007
core   0: 0x80008510 (0x002e6033) or      zero, t3, sp
core   0: 3 0x80008510 (0x002e6033)
core   0: 0x80008514 (0x02af1033) mulh    zero, t5, a0
core   0: 3 0x80008514 (0x02af1033)
core   0: 0x80008518 (0xfee8d3e3) bge     a7, a4, pc - 26
core   0: 3 0x80008518 (0xfee8d3e3)
core   0: 0x800084fe (0x0390fc33) remu    s8, ra, s9
core   0: 3 0x800084fe (0x0390fc33) x24 0x00000000
core   0: 0x80008502 (0x036d69b3) rem     s3, s10, s6
core   0: 3 0x80008502 (0x036d69b3) x19 0xfffffffb
core   0: 0x80008506 (0x000018f5) c.addi  a7, -3
core   0: 3 0x80008506 (0x18f5) x17 0xfffffffb
core   0: 0x80008508 (0x415509b3) sub     s3, a0, s5
core   0: 3 0x80008508 (0x415509b3) x19 0xdaf0719c
core   0: 0x8000850c (0x40cb5333) sra     t1, s6, a2
core   0: 3 0x8000850c (0x40cb5333) x6  0x00000007
core   0: 0x80008510 (0x002e6033) or      zero, t3, sp
core   0: 3 0x80008510 (0x002e6033)
core   0: 0x80008514 (0x02af1033) mulh    zero, t5, a0
core   0: 3 0x80008514 (0x02af1033)
core   0: 0x80008518 (0xfee8d3e3) bge     a7, a4, pc - 26
core   0: 3 0x80008518 (0xfee8d3e3)
core   0: 0x800084fe (0x0390fc33) remu    s8, ra, s9
core   0: 3 0x800084fe (0x0390fc33) x24 0x00000000
core   0: 0x80008502 (0x036d69b3) rem     s3, s10, s6
core   0: 3 0x80008502 (0x036d69b3) x19 0xfffffffb
core   0: 0x80008506 (0x000018f5) c.addi  a7, -3
core   0: 3 0x80008506 (0x18f5) x17 0xfffffff8
core   0: 0x80008508 (0x415509b3) sub     s3, a0, s5
core   0: 3 0x80008508 (0x415509b3) x19 0xdaf0719c
core   0: 0x8000850c (0x40cb5333) sra     t1, s6, a2
core   0: 3 0x8000850c (0x40cb5333) x6  0x00000007
core   0: 0x80008510 (0x002e6033) or      zero, t3, sp
core   0: 3 0x80008510 (0x002e6033)
core   0: 0x80008514 (0x02af1033) mulh    zero, t5, a0
core   0: 3 0x80008514 (0x02af1033)
core   0: 0x80008518 (0xfee8d3e3) bge     a7, a4, pc - 26
core   0: 3 0x80008518 (0xfee8d3e3)
core   0: 0x800084fe (0x0390fc33) remu    s8, ra, s9
core   0: 3 0x800084fe (0x0390fc33) x24 0x00000000
core   0: 0x80008502 (0x036d69b3) rem     s3, s10, s6
core   0: 3 0x80008502 (0x036d69b3) x19 0xfffffffb
core   0: 0x80008506 (0x000018f5) c.addi  a7, -3
core   0: 3 0x80008506 (0x18f5) x17 0xfffffff5
core   0: 0x80008508 (0x415509b3) sub     s3, a0, s5
core   0: 3 0x80008508 (0x415509b3) x19 0xdaf0719c
core   0: 0x8000850c (0x40cb5333) sra     t1, s6, a2
core   0: 3 0x8000850c (0x40cb5333) x6  0x00000007
core   0: 0x80008510 (0x002e6033) or      zero, t3, sp
core   0: 3 0x80008510 (0x002e6033)
core   0: 0x80008514 (0x02af1033) mulh    zero, t5, a0
core   0: 3 0x80008514 (0x02af1033)
core   0: 0x80008518 (0xfee8d3e3) bge     a7, a4, pc - 26
core   0: 3 0x80008518 (0xfee8d3e3)
core   0: 0x800084fe (0x0390fc33) remu    s8, ra, s9
core   0: 3 0x800084fe (0x0390fc33) x24 0x00000000
core   0: 0x80008502 (0x036d69b3) rem     s3, s10, s6
core   0: 3 0x80008502 (0x036d69b3) x19 0xfffffffb
core   0: 0x80008506 (0x000018f5) c.addi  a7, -3
core   0: 3 0x80008506 (0x18f5) x17 0xfffffff2
core   0: 0x80008508 (0x415509b3) sub     s3, a0, s5
core   0: 3 0x80008508 (0x415509b3) x19 0xdaf0719c
core   0: 0x8000850c (0x40cb5333) sra     t1, s6, a2
core   0: 3 0x8000850c (0x40cb5333) x6  0x00000007
core   0: 0x80008510 (0x002e6033) or      zero, t3, sp
core   0: 3 0x80008510 (0x002e6033)
core   0: 0x80008514 (0x02af1033) mulh    zero, t5, a0
core   0: 3 0x80008514 (0x02af1033)
core   0: 0x80008518 (0xfee8d3e3) bge     a7, a4, pc - 26
core   0: 3 0x80008518 (0xfee8d3e3)
core   0: 0x800084fe (0x0390fc33) remu    s8, ra, s9
core   0: 3 0x800084fe (0x0390fc33) x24 0x00000000
core   0: 0x80008502 (0x036d69b3) rem     s3, s10, s6
core   0: 3 0x80008502 (0x036d69b3) x19 0xfffffffb
core   0: 0x80008506 (0x000018f5) c.addi  a7, -3
core   0: 3 0x80008506 (0x18f5) x17 0xffffffef
core   0: 0x80008508 (0x415509b3) sub     s3, a0, s5
core   0: 3 0x80008508 (0x415509b3) x19 0xdaf0719c
core   0: 0x8000850c (0x40cb5333) sra     t1, s6, a2
core   0: 3 0x8000850c (0x40cb5333) x6  0x00000007
core   0: 0x80008510 (0x002e6033) or      zero, t3, sp
core   0: 3 0x80008510 (0x002e6033)
core   0: 0x80008514 (0x02af1033) mulh    zero, t5, a0
core   0: 3 0x80008514 (0x02af1033)
core   0: 0x80008518 (0xfee8d3e3) bge     a7, a4, pc - 26
core   0: 3 0x80008518 (0xfee8d3e3)
core   0: 0x8000851c (0x41955133) sra     sp, a0, s9
core   0: 3 0x8000851c (0x41955133) x2  0x0016bcb4
core   0: 0x80008520 (0x00d52133) slt     sp, a0, a3
core   0: 3 0x80008520 (0x00d52133) x2  0x00000000
core   0: 0x80008524 (0x03064db3) div     s11, a2, a6
core   0: 3 0x80008524 (0x03064db3) x27 0x00000000
core   0: 0x80008528 (0x00009b62) c.add   s6, s8
core   0: 3 0x80008528 (0x9b62) x22 0x00000007
core   0: 0x8000852a (0xfd94c1e3) blt     s1, s9, pc - 62
core   0: 3 0x8000852a (0xfd94c1e3)
core   0: 0x800084ec (0x00000e49) c.addi  t3, 18
core   0: 3 0x800084ec (0x0e49) x28 0x12498419
core   0: 0x800084ee (0x0000048d) c.addi  s1, 3
core   0: 3 0x800084ee (0x048d) x9  0x00000001
core   0: 0x800084f0 (0x0000051a) c.slli  a0, 6
core   0: 3 0x800084f0 (0x051a) x10 0xbcb40000
core   0: 0x800084f2 (0xc271ceb7) lui     t4, 0xc271c
core   0: 3 0x800084f2 (0xc271ceb7) x29 0xc271c000
core   0: 0x800084f6 (0x0000489d) c.li    a7, 7
core   0: 3 0x800084f6 (0x489d) x17 0x00000007
core   0: 0x800084f8 (0x00005741) c.li    a4, -16
core   0: 3 0x800084f8 (0x5741) x14 0xfffffff0
core   0: 0x800084fa (0xa1b2f993) andi    s3, t0, -1509
core   0: 3 0x800084fa (0xa1b2f993) x19 0xddb40208
core   0: 0x800084fe (0x0390fc33) remu    s8, ra, s9
core   0: 3 0x800084fe (0x0390fc33) x24 0x00000000
core   0: 0x80008502 (0x036d69b3) rem     s3, s10, s6
core   0: 3 0x80008502 (0x036d69b3) x19 0xfffffffb
core   0: 0x80008506 (0x000018f5) c.addi  a7, -3
core   0: 3 0x80008506 (0x18f5) x17 0x00000004
core   0: 0x80008508 (0x415509b3) sub     s3, a0, s5
core   0: 3 0x80008508 (0x415509b3) x19 0x3cb1a19c
core   0: 0x8000850c (0x40cb5333) sra     t1, s6, a2
core   0: 3 0x8000850c (0x40cb5333) x6  0x00000007
core   0: 0x80008510 (0x002e6033) or      zero, t3, sp
core   0: 3 0x80008510 (0x002e6033)
core   0: 0x80008514 (0x02af1033) mulh    zero, t5, a0
core   0: 3 0x80008514 (0x02af1033)
core   0: 0x80008518 (0xfee8d3e3) bge     a7, a4, pc - 26
core   0: 3 0x80008518 (0xfee8d3e3)
core   0: 0x800084fe (0x0390fc33) remu    s8, ra, s9
core   0: 3 0x800084fe (0x0390fc33) x24 0x00000000
core   0: 0x80008502 (0x036d69b3) rem     s3, s10, s6
core   0: 3 0x80008502 (0x036d69b3) x19 0xfffffffb
core   0: 0x80008506 (0x000018f5) c.addi  a7, -3
core   0: 3 0x80008506 (0x18f5) x17 0x00000001
core   0: 0x80008508 (0x415509b3) sub     s3, a0, s5
core   0: 3 0x80008508 (0x415509b3) x19 0x3cb1a19c
core   0: 0x8000850c (0x40cb5333) sra     t1, s6, a2
core   0: 3 0x8000850c (0x40cb5333) x6  0x00000007
core   0: 0x80008510 (0x002e6033) or      zero, t3, sp
core   0: 3 0x80008510 (0x002e6033)
core   0: 0x80008514 (0x02af1033) mulh    zero, t5, a0
core   0: 3 0x80008514 (0x02af1033)
core   0: 0x80008518 (0xfee8d3e3) bge     a7, a4, pc - 26
core   0: 3 0x80008518 (0xfee8d3e3)
core   0: 0x800084fe (0x0390fc33) remu    s8, ra, s9
core   0: 3 0x800084fe (0x0390fc33) x24 0x00000000
core   0: 0x80008502 (0x036d69b3) rem     s3, s10, s6
core   0: 3 0x80008502 (0x036d69b3) x19 0xfffffffb
core   0: 0x80008506 (0x000018f5) c.addi  a7, -3
core   0: 3 0x80008506 (0x18f5) x17 0xfffffffe
core   0: 0x80008508 (0x415509b3) sub     s3, a0, s5
core   0: 3 0x80008508 (0x415509b3) x19 0x3cb1a19c
core   0: 0x8000850c (0x40cb5333) sra     t1, s6, a2
core   0: 3 0x8000850c (0x40cb5333) x6  0x00000007
core   0: 0x80008510 (0x002e6033) or      zero, t3, sp
core   0: 3 0x80008510 (0x002e6033)
core   0: 0x80008514 (0x02af1033) mulh    zero, t5, a0
core   0: 3 0x80008514 (0x02af1033)
core   0: 0x80008518 (0xfee8d3e3) bge     a7, a4, pc - 26
core   0: 3 0x80008518 (0xfee8d3e3)
core   0: 0x800084fe (0x0390fc33) remu    s8, ra, s9
core   0: 3 0x800084fe (0x0390fc33) x24 0x00000000
core   0: 0x80008502 (0x036d69b3) rem     s3, s10, s6
core   0: 3 0x80008502 (0x036d69b3) x19 0xfffffffb
core   0: 0x80008506 (0x000018f5) c.addi  a7, -3
core   0: 3 0x80008506 (0x18f5) x17 0xfffffffb
core   0: 0x80008508 (0x415509b3) sub     s3, a0, s5
core   0: 3 0x80008508 (0x415509b3) x19 0x3cb1a19c
core   0: 0x8000850c (0x40cb5333) sra     t1, s6, a2
core   0: 3 0x8000850c (0x40cb5333) x6  0x00000007
core   0: 0x80008510 (0x002e6033) or      zero, t3, sp
core   0: 3 0x80008510 (0x002e6033)
core   0: 0x80008514 (0x02af1033) mulh    zero, t5, a0
core   0: 3 0x80008514 (0x02af1033)
core   0: 0x80008518 (0xfee8d3e3) bge     a7, a4, pc - 26
core   0: 3 0x80008518 (0xfee8d3e3)
core   0: 0x800084fe (0x0390fc33) remu    s8, ra, s9
core   0: 3 0x800084fe (0x0390fc33) x24 0x00000000
core   0: 0x80008502 (0x036d69b3) rem     s3, s10, s6
core   0: 3 0x80008502 (0x036d69b3) x19 0xfffffffb
core   0: 0x80008506 (0x000018f5) c.addi  a7, -3
core   0: 3 0x80008506 (0x18f5) x17 0xfffffff8
core   0: 0x80008508 (0x415509b3) sub     s3, a0, s5
core   0: 3 0x80008508 (0x415509b3) x19 0x3cb1a19c
core   0: 0x8000850c (0x40cb5333) sra     t1, s6, a2
core   0: 3 0x8000850c (0x40cb5333) x6  0x00000007
core   0: 0x80008510 (0x002e6033) or      zero, t3, sp
core   0: 3 0x80008510 (0x002e6033)
core   0: 0x80008514 (0x02af1033) mulh    zero, t5, a0
core   0: 3 0x80008514 (0x02af1033)
core   0: 0x80008518 (0xfee8d3e3) bge     a7, a4, pc - 26
core   0: 3 0x80008518 (0xfee8d3e3)
core   0: 0x800084fe (0x0390fc33) remu    s8, ra, s9
core   0: 3 0x800084fe (0x0390fc33) x24 0x00000000
core   0: 0x80008502 (0x036d69b3) rem     s3, s10, s6
core   0: 3 0x80008502 (0x036d69b3) x19 0xfffffffb
core   0: 0x80008506 (0x000018f5) c.addi  a7, -3
core   0: 3 0x80008506 (0x18f5) x17 0xfffffff5
core   0: 0x80008508 (0x415509b3) sub     s3, a0, s5
core   0: 3 0x80008508 (0x415509b3) x19 0x3cb1a19c
core   0: 0x8000850c (0x40cb5333) sra     t1, s6, a2
core   0: 3 0x8000850c (0x40cb5333) x6  0x00000007
core   0: 0x80008510 (0x002e6033) or      zero, t3, sp
core   0: 3 0x80008510 (0x002e6033)
core   0: 0x80008514 (0x02af1033) mulh    zero, t5, a0
core   0: 3 0x80008514 (0x02af1033)
core   0: 0x80008518 (0xfee8d3e3) bge     a7, a4, pc - 26
core   0: 3 0x80008518 (0xfee8d3e3)
core   0: 0x800084fe (0x0390fc33) remu    s8, ra, s9
core   0: 3 0x800084fe (0x0390fc33) x24 0x00000000
core   0: 0x80008502 (0x036d69b3) rem     s3, s10, s6
core   0: 3 0x80008502 (0x036d69b3) x19 0xfffffffb
core   0: 0x80008506 (0x000018f5) c.addi  a7, -3
core   0: 3 0x80008506 (0x18f5) x17 0xfffffff2
core   0: 0x80008508 (0x415509b3) sub     s3, a0, s5
core   0: 3 0x80008508 (0x415509b3) x19 0x3cb1a19c
core   0: 0x8000850c (0x40cb5333) sra     t1, s6, a2
core   0: 3 0x8000850c (0x40cb5333) x6  0x00000007
core   0: 0x80008510 (0x002e6033) or      zero, t3, sp
core   0: 3 0x80008510 (0x002e6033)
core   0: 0x80008514 (0x02af1033) mulh    zero, t5, a0
core   0: 3 0x80008514 (0x02af1033)
core   0: 0x80008518 (0xfee8d3e3) bge     a7, a4, pc - 26
core   0: 3 0x80008518 (0xfee8d3e3)
core   0: 0x800084fe (0x0390fc33) remu    s8, ra, s9
core   0: 3 0x800084fe (0x0390fc33) x24 0x00000000
core   0: 0x80008502 (0x036d69b3) rem     s3, s10, s6
core   0: 3 0x80008502 (0x036d69b3) x19 0xfffffffb
core   0: 0x80008506 (0x000018f5) c.addi  a7, -3
core   0: 3 0x80008506 (0x18f5) x17 0xffffffef
core   0: 0x80008508 (0x415509b3) sub     s3, a0, s5
core   0: 3 0x80008508 (0x415509b3) x19 0x3cb1a19c
core   0: 0x8000850c (0x40cb5333) sra     t1, s6, a2
core   0: 3 0x8000850c (0x40cb5333) x6  0x00000007
core   0: 0x80008510 (0x002e6033) or      zero, t3, sp
core   0: 3 0x80008510 (0x002e6033)
core   0: 0x80008514 (0x02af1033) mulh    zero, t5, a0
core   0: 3 0x80008514 (0x02af1033)
core   0: 0x80008518 (0xfee8d3e3) bge     a7, a4, pc - 26
core   0: 3 0x80008518 (0xfee8d3e3)
core   0: 0x8000851c (0x41955133) sra     sp, a0, s9
core   0: 3 0x8000851c (0x41955133) x2  0xffef2d00
core   0: 0x80008520 (0x00d52133) slt     sp, a0, a3
core   0: 3 0x80008520 (0x00d52133) x2  0x00000001
core   0: 0x80008524 (0x03064db3) div     s11, a2, a6
core   0: 3 0x80008524 (0x03064db3) x27 0x00000000
core   0: 0x80008528 (0x00009b62) c.add   s6, s8
core   0: 3 0x80008528 (0x9b62) x22 0x00000007
core   0: 0x8000852a (0xfd94c1e3) blt     s1, s9, pc - 62
core   0: 3 0x8000852a (0xfd94c1e3)
core   0: 0x800084ec (0x00000e49) c.addi  t3, 18
core   0: 3 0x800084ec (0x0e49) x28 0x1249842b
core   0: 0x800084ee (0x0000048d) c.addi  s1, 3
core   0: 3 0x800084ee (0x048d) x9  0x00000004
core   0: 0x800084f0 (0x0000051a) c.slli  a0, 6
core   0: 3 0x800084f0 (0x051a) x10 0x2d000000
core   0: 0x800084f2 (0xc271ceb7) lui     t4, 0xc271c
core   0: 3 0x800084f2 (0xc271ceb7) x29 0xc271c000
core   0: 0x800084f6 (0x0000489d) c.li    a7, 7
core   0: 3 0x800084f6 (0x489d) x17 0x00000007
core   0: 0x800084f8 (0x00005741) c.li    a4, -16
core   0: 3 0x800084f8 (0x5741) x14 0xfffffff0
core   0: 0x800084fa (0xa1b2f993) andi    s3, t0, -1509
core   0: 3 0x800084fa (0xa1b2f993) x19 0xddb40208
core   0: 0x800084fe (0x0390fc33) remu    s8, ra, s9
core   0: 3 0x800084fe (0x0390fc33) x24 0x00000000
core   0: 0x80008502 (0x036d69b3) rem     s3, s10, s6
core   0: 3 0x80008502 (0x036d69b3) x19 0xfffffffb
core   0: 0x80008506 (0x000018f5) c.addi  a7, -3
core   0: 3 0x80008506 (0x18f5) x17 0x00000004
core   0: 0x80008508 (0x415509b3) sub     s3, a0, s5
core   0: 3 0x80008508 (0x415509b3) x19 0xacfda19c
core   0: 0x8000850c (0x40cb5333) sra     t1, s6, a2
core   0: 3 0x8000850c (0x40cb5333) x6  0x00000007
core   0: 0x80008510 (0x002e6033) or      zero, t3, sp
core   0: 3 0x80008510 (0x002e6033)
core   0: 0x80008514 (0x02af1033) mulh    zero, t5, a0
core   0: 3 0x80008514 (0x02af1033)
core   0: 0x80008518 (0xfee8d3e3) bge     a7, a4, pc - 26
core   0: 3 0x80008518 (0xfee8d3e3)
core   0: 0x800084fe (0x0390fc33) remu    s8, ra, s9
core   0: 3 0x800084fe (0x0390fc33) x24 0x00000000
core   0: 0x80008502 (0x036d69b3) rem     s3, s10, s6
core   0: 3 0x80008502 (0x036d69b3) x19 0xfffffffb
core   0: 0x80008506 (0x000018f5) c.addi  a7, -3
core   0: 3 0x80008506 (0x18f5) x17 0x00000001
core   0: 0x80008508 (0x415509b3) sub     s3, a0, s5
core   0: 3 0x80008508 (0x415509b3) x19 0xacfda19c
core   0: 0x8000850c (0x40cb5333) sra     t1, s6, a2
core   0: 3 0x8000850c (0x40cb5333) x6  0x00000007
core   0: 0x80008510 (0x002e6033) or      zero, t3, sp
core   0: 3 0x80008510 (0x002e6033)
core   0: 0x80008514 (0x02af1033) mulh    zero, t5, a0
core   0: 3 0x80008514 (0x02af1033)
core   0: 0x80008518 (0xfee8d3e3) bge     a7, a4, pc - 26
core   0: 3 0x80008518 (0xfee8d3e3)
core   0: 0x800084fe (0x0390fc33) remu    s8, ra, s9
core   0: 3 0x800084fe (0x0390fc33) x24 0x00000000
core   0: 0x80008502 (0x036d69b3) rem     s3, s10, s6
core   0: 3 0x80008502 (0x036d69b3) x19 0xfffffffb
core   0: 0x80008506 (0x000018f5) c.addi  a7, -3
core   0: 3 0x80008506 (0x18f5) x17 0xfffffffe
core   0: 0x80008508 (0x415509b3) sub     s3, a0, s5
core   0: 3 0x80008508 (0x415509b3) x19 0xacfda19c
core   0: 0x8000850c (0x40cb5333) sra     t1, s6, a2
core   0: 3 0x8000850c (0x40cb5333) x6  0x00000007
core   0: 0x80008510 (0x002e6033) or      zero, t3, sp
core   0: 3 0x80008510 (0x002e6033)
core   0: 0x80008514 (0x02af1033) mulh    zero, t5, a0
core   0: 3 0x80008514 (0x02af1033)
core   0: 0x80008518 (0xfee8d3e3) bge     a7, a4, pc - 26
core   0: 3 0x80008518 (0xfee8d3e3)
core   0: 0x800084fe (0x0390fc33) remu    s8, ra, s9
core   0: 3 0x800084fe (0x0390fc33) x24 0x00000000
core   0: 0x80008502 (0x036d69b3) rem     s3, s10, s6
core   0: 3 0x80008502 (0x036d69b3) x19 0xfffffffb
core   0: 0x80008506 (0x000018f5) c.addi  a7, -3
core   0: 3 0x80008506 (0x18f5) x17 0xfffffffb
core   0: 0x80008508 (0x415509b3) sub     s3, a0, s5
core   0: 3 0x80008508 (0x415509b3) x19 0xacfda19c
core   0: 0x8000850c (0x40cb5333) sra     t1, s6, a2
core   0: 3 0x8000850c (0x40cb5333) x6  0x00000007
core   0: 0x80008510 (0x002e6033) or      zero, t3, sp
core   0: 3 0x80008510 (0x002e6033)
core   0: 0x80008514 (0x02af1033) mulh    zero, t5, a0
core   0: 3 0x80008514 (0x02af1033)
core   0: 0x80008518 (0xfee8d3e3) bge     a7, a4, pc - 26
core   0: 3 0x80008518 (0xfee8d3e3)
core   0: 0x800084fe (0x0390fc33) remu    s8, ra, s9
core   0: 3 0x800084fe (0x0390fc33) x24 0x00000000
core   0: 0x80008502 (0x036d69b3) rem     s3, s10, s6
core   0: 3 0x80008502 (0x036d69b3) x19 0xfffffffb
core   0: 0x80008506 (0x000018f5) c.addi  a7, -3
core   0: 3 0x80008506 (0x18f5) x17 0xfffffff8
core   0: 0x80008508 (0x415509b3) sub     s3, a0, s5
core   0: 3 0x80008508 (0x415509b3) x19 0xacfda19c
core   0: 0x8000850c (0x40cb5333) sra     t1, s6, a2
core   0: 3 0x8000850c (0x40cb5333) x6  0x00000007
core   0: 0x80008510 (0x002e6033) or      zero, t3, sp
core   0: 3 0x80008510 (0x002e6033)
core   0: 0x80008514 (0x02af1033) mulh    zero, t5, a0
core   0: 3 0x80008514 (0x02af1033)
core   0: 0x80008518 (0xfee8d3e3) bge     a7, a4, pc - 26
core   0: 3 0x80008518 (0xfee8d3e3)
core   0: 0x800084fe (0x0390fc33) remu    s8, ra, s9
core   0: 3 0x800084fe (0x0390fc33) x24 0x00000000
core   0: 0x80008502 (0x036d69b3) rem     s3, s10, s6
core   0: 3 0x80008502 (0x036d69b3) x19 0xfffffffb
core   0: 0x80008506 (0x000018f5) c.addi  a7, -3
core   0: 3 0x80008506 (0x18f5) x17 0xfffffff5
core   0: 0x80008508 (0x415509b3) sub     s3, a0, s5
core   0: 3 0x80008508 (0x415509b3) x19 0xacfda19c
core   0: 0x8000850c (0x40cb5333) sra     t1, s6, a2
core   0: 3 0x8000850c (0x40cb5333) x6  0x00000007
core   0: 0x80008510 (0x002e6033) or      zero, t3, sp
core   0: 3 0x80008510 (0x002e6033)
core   0: 0x80008514 (0x02af1033) mulh    zero, t5, a0
core   0: 3 0x80008514 (0x02af1033)
core   0: 0x80008518 (0xfee8d3e3) bge     a7, a4, pc - 26
core   0: 3 0x80008518 (0xfee8d3e3)
core   0: 0x800084fe (0x0390fc33) remu    s8, ra, s9
core   0: 3 0x800084fe (0x0390fc33) x24 0x00000000
core   0: 0x80008502 (0x036d69b3) rem     s3, s10, s6
core   0: 3 0x80008502 (0x036d69b3) x19 0xfffffffb
core   0: 0x80008506 (0x000018f5) c.addi  a7, -3
core   0: 3 0x80008506 (0x18f5) x17 0xfffffff2
core   0: 0x80008508 (0x415509b3) sub     s3, a0, s5
core   0: 3 0x80008508 (0x415509b3) x19 0xacfda19c
core   0: 0x8000850c (0x40cb5333) sra     t1, s6, a2
core   0: 3 0x8000850c (0x40cb5333) x6  0x00000007
core   0: 0x80008510 (0x002e6033) or      zero, t3, sp
core   0: 3 0x80008510 (0x002e6033)
core   0: 0x80008514 (0x02af1033) mulh    zero, t5, a0
core   0: 3 0x80008514 (0x02af1033)
core   0: 0x80008518 (0xfee8d3e3) bge     a7, a4, pc - 26
core   0: 3 0x80008518 (0xfee8d3e3)
core   0: 0x800084fe (0x0390fc33) remu    s8, ra, s9
core   0: 3 0x800084fe (0x0390fc33) x24 0x00000000
core   0: 0x80008502 (0x036d69b3) rem     s3, s10, s6
core   0: 3 0x80008502 (0x036d69b3) x19 0xfffffffb
core   0: 0x80008506 (0x000018f5) c.addi  a7, -3
core   0: 3 0x80008506 (0x18f5) x17 0xffffffef
core   0: 0x80008508 (0x415509b3) sub     s3, a0, s5
core   0: 3 0x80008508 (0x415509b3) x19 0xacfda19c
core   0: 0x8000850c (0x40cb5333) sra     t1, s6, a2
core   0: 3 0x8000850c (0x40cb5333) x6  0x00000007
core   0: 0x80008510 (0x002e6033) or      zero, t3, sp
core   0: 3 0x80008510 (0x002e6033)
core   0: 0x80008514 (0x02af1033) mulh    zero, t5, a0
core   0: 3 0x80008514 (0x02af1033)
core   0: 0x80008518 (0xfee8d3e3) bge     a7, a4, pc - 26
core   0: 3 0x80008518 (0xfee8d3e3)
core   0: 0x8000851c (0x41955133) sra     sp, a0, s9
core   0: 3 0x8000851c (0x41955133) x2  0x000b4000
core   0: 0x80008520 (0x00d52133) slt     sp, a0, a3
core   0: 3 0x80008520 (0x00d52133) x2  0x00000000
core   0: 0x80008524 (0x03064db3) div     s11, a2, a6
core   0: 3 0x80008524 (0x03064db3) x27 0x00000000
core   0: 0x80008528 (0x00009b62) c.add   s6, s8
core   0: 3 0x80008528 (0x9b62) x22 0x00000007
core   0: 0x8000852a (0xfd94c1e3) blt     s1, s9, pc - 62
core   0: 3 0x8000852a (0xfd94c1e3)
core   0: 0x800084ec (0x00000e49) c.addi  t3, 18
core   0: 3 0x800084ec (0x0e49) x28 0x1249843d
core   0: 0x800084ee (0x0000048d) c.addi  s1, 3
core   0: 3 0x800084ee (0x048d) x9  0x00000007
core   0: 0x800084f0 (0x0000051a) c.slli  a0, 6
core   0: 3 0x800084f0 (0x051a) x10 0x40000000
core   0: 0x800084f2 (0xc271ceb7) lui     t4, 0xc271c
core   0: 3 0x800084f2 (0xc271ceb7) x29 0xc271c000
core   0: 0x800084f6 (0x0000489d) c.li    a7, 7
core   0: 3 0x800084f6 (0x489d) x17 0x00000007
core   0: 0x800084f8 (0x00005741) c.li    a4, -16
core   0: 3 0x800084f8 (0x5741) x14 0xfffffff0
core   0: 0x800084fa (0xa1b2f993) andi    s3, t0, -1509
core   0: 3 0x800084fa (0xa1b2f993) x19 0xddb40208
core   0: 0x800084fe (0x0390fc33) remu    s8, ra, s9
core   0: 3 0x800084fe (0x0390fc33) x24 0x00000000
core   0: 0x80008502 (0x036d69b3) rem     s3, s10, s6
core   0: 3 0x80008502 (0x036d69b3) x19 0xfffffffb
core   0: 0x80008506 (0x000018f5) c.addi  a7, -3
core   0: 3 0x80008506 (0x18f5) x17 0x00000004
core   0: 0x80008508 (0x415509b3) sub     s3, a0, s5
core   0: 3 0x80008508 (0x415509b3) x19 0xbffda19c
core   0: 0x8000850c (0x40cb5333) sra     t1, s6, a2
core   0: 3 0x8000850c (0x40cb5333) x6  0x00000007
core   0: 0x80008510 (0x002e6033) or      zero, t3, sp
core   0: 3 0x80008510 (0x002e6033)
core   0: 0x80008514 (0x02af1033) mulh    zero, t5, a0
core   0: 3 0x80008514 (0x02af1033)
core   0: 0x80008518 (0xfee8d3e3) bge     a7, a4, pc - 26
core   0: 3 0x80008518 (0xfee8d3e3)
core   0: 0x800084fe (0x0390fc33) remu    s8, ra, s9
core   0: 3 0x800084fe (0x0390fc33) x24 0x00000000
core   0: 0x80008502 (0x036d69b3) rem     s3, s10, s6
core   0: 3 0x80008502 (0x036d69b3) x19 0xfffffffb
core   0: 0x80008506 (0x000018f5) c.addi  a7, -3
core   0: 3 0x80008506 (0x18f5) x17 0x00000001
core   0: 0x80008508 (0x415509b3) sub     s3, a0, s5
core   0: 3 0x80008508 (0x415509b3) x19 0xbffda19c
core   0: 0x8000850c (0x40cb5333) sra     t1, s6, a2
core   0: 3 0x8000850c (0x40cb5333) x6  0x00000007
core   0: 0x80008510 (0x002e6033) or      zero, t3, sp
core   0: 3 0x80008510 (0x002e6033)
core   0: 0x80008514 (0x02af1033) mulh    zero, t5, a0
core   0: 3 0x80008514 (0x02af1033)
core   0: 0x80008518 (0xfee8d3e3) bge     a7, a4, pc - 26
core   0: 3 0x80008518 (0xfee8d3e3)
core   0: 0x800084fe (0x0390fc33) remu    s8, ra, s9
core   0: 3 0x800084fe (0x0390fc33) x24 0x00000000
core   0: 0x80008502 (0x036d69b3) rem     s3, s10, s6
core   0: 3 0x80008502 (0x036d69b3) x19 0xfffffffb
core   0: 0x80008506 (0x000018f5) c.addi  a7, -3
core   0: 3 0x80008506 (0x18f5) x17 0xfffffffe
core   0: 0x80008508 (0x415509b3) sub     s3, a0, s5
core   0: 3 0x80008508 (0x415509b3) x19 0xbffda19c
core   0: 0x8000850c (0x40cb5333) sra     t1, s6, a2
core   0: 3 0x8000850c (0x40cb5333) x6  0x00000007
core   0: 0x80008510 (0x002e6033) or      zero, t3, sp
core   0: 3 0x80008510 (0x002e6033)
core   0: 0x80008514 (0x02af1033) mulh    zero, t5, a0
core   0: 3 0x80008514 (0x02af1033)
core   0: 0x80008518 (0xfee8d3e3) bge     a7, a4, pc - 26
core   0: 3 0x80008518 (0xfee8d3e3)
core   0: 0x800084fe (0x0390fc33) remu    s8, ra, s9
core   0: 3 0x800084fe (0x0390fc33) x24 0x00000000
core   0: 0x80008502 (0x036d69b3) rem     s3, s10, s6
core   0: 3 0x80008502 (0x036d69b3) x19 0xfffffffb
core   0: 0x80008506 (0x000018f5) c.addi  a7, -3
core   0: 3 0x80008506 (0x18f5) x17 0xfffffffb
core   0: 0x80008508 (0x415509b3) sub     s3, a0, s5
core   0: 3 0x80008508 (0x415509b3) x19 0xbffda19c
core   0: 0x8000850c (0x40cb5333) sra     t1, s6, a2
core   0: 3 0x8000850c (0x40cb5333) x6  0x00000007
core   0: 0x80008510 (0x002e6033) or      zero, t3, sp
core   0: 3 0x80008510 (0x002e6033)
core   0: 0x80008514 (0x02af1033) mulh    zero, t5, a0
core   0: 3 0x80008514 (0x02af1033)
core   0: 0x80008518 (0xfee8d3e3) bge     a7, a4, pc - 26
core   0: 3 0x80008518 (0xfee8d3e3)
core   0: 0x800084fe (0x0390fc33) remu    s8, ra, s9
core   0: 3 0x800084fe (0x0390fc33) x24 0x00000000
core   0: 0x80008502 (0x036d69b3) rem     s3, s10, s6
core   0: 3 0x80008502 (0x036d69b3) x19 0xfffffffb
core   0: 0x80008506 (0x000018f5) c.addi  a7, -3
core   0: 3 0x80008506 (0x18f5) x17 0xfffffff8
core   0: 0x80008508 (0x415509b3) sub     s3, a0, s5
core   0: 3 0x80008508 (0x415509b3) x19 0xbffda19c
core   0: 0x8000850c (0x40cb5333) sra     t1, s6, a2
core   0: 3 0x8000850c (0x40cb5333) x6  0x00000007
core   0: 0x80008510 (0x002e6033) or      zero, t3, sp
core   0: 3 0x80008510 (0x002e6033)
core   0: 0x80008514 (0x02af1033) mulh    zero, t5, a0
core   0: 3 0x80008514 (0x02af1033)
core   0: 0x80008518 (0xfee8d3e3) bge     a7, a4, pc - 26
core   0: 3 0x80008518 (0xfee8d3e3)
core   0: 0x800084fe (0x0390fc33) remu    s8, ra, s9
core   0: 3 0x800084fe (0x0390fc33) x24 0x00000000
core   0: 0x80008502 (0x036d69b3) rem     s3, s10, s6
core   0: 3 0x80008502 (0x036d69b3) x19 0xfffffffb
core   0: 0x80008506 (0x000018f5) c.addi  a7, -3
core   0: 3 0x80008506 (0x18f5) x17 0xfffffff5
core   0: 0x80008508 (0x415509b3) sub     s3, a0, s5
core   0: 3 0x80008508 (0x415509b3) x19 0xbffda19c
core   0: 0x8000850c (0x40cb5333) sra     t1, s6, a2
core   0: 3 0x8000850c (0x40cb5333) x6  0x00000007
core   0: 0x80008510 (0x002e6033) or      zero, t3, sp
core   0: 3 0x80008510 (0x002e6033)
core   0: 0x80008514 (0x02af1033) mulh    zero, t5, a0
core   0: 3 0x80008514 (0x02af1033)
core   0: 0x80008518 (0xfee8d3e3) bge     a7, a4, pc - 26
core   0: 3 0x80008518 (0xfee8d3e3)
core   0: 0x800084fe (0x0390fc33) remu    s8, ra, s9
core   0: 3 0x800084fe (0x0390fc33) x24 0x00000000
core   0: 0x80008502 (0x036d69b3) rem     s3, s10, s6
core   0: 3 0x80008502 (0x036d69b3) x19 0xfffffffb
core   0: 0x80008506 (0x000018f5) c.addi  a7, -3
core   0: 3 0x80008506 (0x18f5) x17 0xfffffff2
core   0: 0x80008508 (0x415509b3) sub     s3, a0, s5
core   0: 3 0x80008508 (0x415509b3) x19 0xbffda19c
core   0: 0x8000850c (0x40cb5333) sra     t1, s6, a2
core   0: 3 0x8000850c (0x40cb5333) x6  0x00000007
core   0: 0x80008510 (0x002e6033) or      zero, t3, sp
core   0: 3 0x80008510 (0x002e6033)
core   0: 0x80008514 (0x02af1033) mulh    zero, t5, a0
core   0: 3 0x80008514 (0x02af1033)
core   0: 0x80008518 (0xfee8d3e3) bge     a7, a4, pc - 26
core   0: 3 0x80008518 (0xfee8d3e3)
core   0: 0x800084fe (0x0390fc33) remu    s8, ra, s9
core   0: 3 0x800084fe (0x0390fc33) x24 0x00000000
core   0: 0x80008502 (0x036d69b3) rem     s3, s10, s6
core   0: 3 0x80008502 (0x036d69b3) x19 0xfffffffb
core   0: 0x80008506 (0x000018f5) c.addi  a7, -3
core   0: 3 0x80008506 (0x18f5) x17 0xffffffef
core   0: 0x80008508 (0x415509b3) sub     s3, a0, s5
core   0: 3 0x80008508 (0x415509b3) x19 0xbffda19c
core   0: 0x8000850c (0x40cb5333) sra     t1, s6, a2
core   0: 3 0x8000850c (0x40cb5333) x6  0x00000007
core   0: 0x80008510 (0x002e6033) or      zero, t3, sp
core   0: 3 0x80008510 (0x002e6033)
core   0: 0x80008514 (0x02af1033) mulh    zero, t5, a0
core   0: 3 0x80008514 (0x02af1033)
core   0: 0x80008518 (0xfee8d3e3) bge     a7, a4, pc - 26
core   0: 3 0x80008518 (0xfee8d3e3)
core   0: 0x8000851c (0x41955133) sra     sp, a0, s9
core   0: 3 0x8000851c (0x41955133) x2  0x00100000
core   0: 0x80008520 (0x00d52133) slt     sp, a0, a3
core   0: 3 0x80008520 (0x00d52133) x2  0x00000000
core   0: 0x80008524 (0x03064db3) div     s11, a2, a6
core   0: 3 0x80008524 (0x03064db3) x27 0x00000000
core   0: 0x80008528 (0x00009b62) c.add   s6, s8
core   0: 3 0x80008528 (0x9b62) x22 0x00000007
core   0: 0x8000852a (0xfd94c1e3) blt     s1, s9, pc - 62
core   0: 3 0x8000852a (0xfd94c1e3)
core   0: 0x800084ec (0x00000e49) c.addi  t3, 18
core   0: 3 0x800084ec (0x0e49) x28 0x1249844f
core   0: 0x800084ee (0x0000048d) c.addi  s1, 3
core   0: 3 0x800084ee (0x048d) x9  0x0000000a
core   0: 0x800084f0 (0x0000051a) c.slli  a0, 6
core   0: 3 0x800084f0 (0x051a) x10 0x00000000
core   0: 0x800084f2 (0xc271ceb7) lui     t4, 0xc271c
core   0: 3 0x800084f2 (0xc271ceb7) x29 0xc271c000
core   0: 0x800084f6 (0x0000489d) c.li    a7, 7
core   0: 3 0x800084f6 (0x489d) x17 0x00000007
core   0: 0x800084f8 (0x00005741) c.li    a4, -16
core   0: 3 0x800084f8 (0x5741) x14 0xfffffff0
core   0: 0x800084fa (0xa1b2f993) andi    s3, t0, -1509
core   0: 3 0x800084fa (0xa1b2f993) x19 0xddb40208
core   0: 0x800084fe (0x0390fc33) remu    s8, ra, s9
core   0: 3 0x800084fe (0x0390fc33) x24 0x00000000
core   0: 0x80008502 (0x036d69b3) rem     s3, s10, s6
core   0: 3 0x80008502 (0x036d69b3) x19 0xfffffffb
core   0: 0x80008506 (0x000018f5) c.addi  a7, -3
core   0: 3 0x80008506 (0x18f5) x17 0x00000004
core   0: 0x80008508 (0x415509b3) sub     s3, a0, s5
core   0: 3 0x80008508 (0x415509b3) x19 0x7ffda19c
core   0: 0x8000850c (0x40cb5333) sra     t1, s6, a2
core   0: 3 0x8000850c (0x40cb5333) x6  0x00000007
core   0: 0x80008510 (0x002e6033) or      zero, t3, sp
core   0: 3 0x80008510 (0x002e6033)
core   0: 0x80008514 (0x02af1033) mulh    zero, t5, a0
core   0: 3 0x80008514 (0x02af1033)
core   0: 0x80008518 (0xfee8d3e3) bge     a7, a4, pc - 26
core   0: 3 0x80008518 (0xfee8d3e3)
core   0: 0x800084fe (0x0390fc33) remu    s8, ra, s9
core   0: 3 0x800084fe (0x0390fc33) x24 0x00000000
core   0: 0x80008502 (0x036d69b3) rem     s3, s10, s6
core   0: 3 0x80008502 (0x036d69b3) x19 0xfffffffb
core   0: 0x80008506 (0x000018f5) c.addi  a7, -3
core   0: 3 0x80008506 (0x18f5) x17 0x00000001
core   0: 0x80008508 (0x415509b3) sub     s3, a0, s5
core   0: 3 0x80008508 (0x415509b3) x19 0x7ffda19c
core   0: 0x8000850c (0x40cb5333) sra     t1, s6, a2
core   0: 3 0x8000850c (0x40cb5333) x6  0x00000007
core   0: 0x80008510 (0x002e6033) or      zero, t3, sp
core   0: 3 0x80008510 (0x002e6033)
core   0: 0x80008514 (0x02af1033) mulh    zero, t5, a0
core   0: 3 0x80008514 (0x02af1033)
core   0: 0x80008518 (0xfee8d3e3) bge     a7, a4, pc - 26
core   0: 3 0x80008518 (0xfee8d3e3)
core   0: 0x800084fe (0x0390fc33) remu    s8, ra, s9
core   0: 3 0x800084fe (0x0390fc33) x24 0x00000000
core   0: 0x80008502 (0x036d69b3) rem     s3, s10, s6
core   0: 3 0x80008502 (0x036d69b3) x19 0xfffffffb
core   0: 0x80008506 (0x000018f5) c.addi  a7, -3
core   0: 3 0x80008506 (0x18f5) x17 0xfffffffe
core   0: 0x80008508 (0x415509b3) sub     s3, a0, s5
core   0: 3 0x80008508 (0x415509b3) x19 0x7ffda19c
core   0: 0x8000850c (0x40cb5333) sra     t1, s6, a2
core   0: 3 0x8000850c (0x40cb5333) x6  0x00000007
core   0: 0x80008510 (0x002e6033) or      zero, t3, sp
core   0: 3 0x80008510 (0x002e6033)
core   0: 0x80008514 (0x02af1033) mulh    zero, t5, a0
core   0: 3 0x80008514 (0x02af1033)
core   0: 0x80008518 (0xfee8d3e3) bge     a7, a4, pc - 26
core   0: 3 0x80008518 (0xfee8d3e3)
core   0: 0x800084fe (0x0390fc33) remu    s8, ra, s9
core   0: 3 0x800084fe (0x0390fc33) x24 0x00000000
core   0: 0x80008502 (0x036d69b3) rem     s3, s10, s6
core   0: 3 0x80008502 (0x036d69b3) x19 0xfffffffb
core   0: 0x80008506 (0x000018f5) c.addi  a7, -3
core   0: 3 0x80008506 (0x18f5) x17 0xfffffffb
core   0: 0x80008508 (0x415509b3) sub     s3, a0, s5
core   0: 3 0x80008508 (0x415509b3) x19 0x7ffda19c
core   0: 0x8000850c (0x40cb5333) sra     t1, s6, a2
core   0: 3 0x8000850c (0x40cb5333) x6  0x00000007
core   0: 0x80008510 (0x002e6033) or      zero, t3, sp
core   0: 3 0x80008510 (0x002e6033)
core   0: 0x80008514 (0x02af1033) mulh    zero, t5, a0
core   0: 3 0x80008514 (0x02af1033)
core   0: 0x80008518 (0xfee8d3e3) bge     a7, a4, pc - 26
core   0: 3 0x80008518 (0xfee8d3e3)
core   0: 0x800084fe (0x0390fc33) remu    s8, ra, s9
core   0: 3 0x800084fe (0x0390fc33) x24 0x00000000
core   0: 0x80008502 (0x036d69b3) rem     s3, s10, s6
core   0: 3 0x80008502 (0x036d69b3) x19 0xfffffffb
core   0: 0x80008506 (0x000018f5) c.addi  a7, -3
core   0: 3 0x80008506 (0x18f5) x17 0xfffffff8
core   0: 0x80008508 (0x415509b3) sub     s3, a0, s5
core   0: 3 0x80008508 (0x415509b3) x19 0x7ffda19c
core   0: 0x8000850c (0x40cb5333) sra     t1, s6, a2
core   0: 3 0x8000850c (0x40cb5333) x6  0x00000007
core   0: 0x80008510 (0x002e6033) or      zero, t3, sp
core   0: 3 0x80008510 (0x002e6033)
core   0: 0x80008514 (0x02af1033) mulh    zero, t5, a0
core   0: 3 0x80008514 (0x02af1033)
core   0: 0x80008518 (0xfee8d3e3) bge     a7, a4, pc - 26
core   0: 3 0x80008518 (0xfee8d3e3)
core   0: 0x800084fe (0x0390fc33) remu    s8, ra, s9
core   0: 3 0x800084fe (0x0390fc33) x24 0x00000000
core   0: 0x80008502 (0x036d69b3) rem     s3, s10, s6
core   0: 3 0x80008502 (0x036d69b3) x19 0xfffffffb
core   0: 0x80008506 (0x000018f5) c.addi  a7, -3
core   0: 3 0x80008506 (0x18f5) x17 0xfffffff5
core   0: 0x80008508 (0x415509b3) sub     s3, a0, s5
core   0: 3 0x80008508 (0x415509b3) x19 0x7ffda19c
core   0: 0x8000850c (0x40cb5333) sra     t1, s6, a2
core   0: 3 0x8000850c (0x40cb5333) x6  0x00000007
core   0: 0x80008510 (0x002e6033) or      zero, t3, sp
core   0: 3 0x80008510 (0x002e6033)
core   0: 0x80008514 (0x02af1033) mulh    zero, t5, a0
core   0: 3 0x80008514 (0x02af1033)
core   0: 0x80008518 (0xfee8d3e3) bge     a7, a4, pc - 26
core   0: 3 0x80008518 (0xfee8d3e3)
core   0: 0x800084fe (0x0390fc33) remu    s8, ra, s9
core   0: 3 0x800084fe (0x0390fc33) x24 0x00000000
core   0: 0x80008502 (0x036d69b3) rem     s3, s10, s6
core   0: 3 0x80008502 (0x036d69b3) x19 0xfffffffb
core   0: 0x80008506 (0x000018f5) c.addi  a7, -3
core   0: 3 0x80008506 (0x18f5) x17 0xfffffff2
core   0: 0x80008508 (0x415509b3) sub     s3, a0, s5
core   0: 3 0x80008508 (0x415509b3) x19 0x7ffda19c
core   0: 0x8000850c (0x40cb5333) sra     t1, s6, a2
core   0: 3 0x8000850c (0x40cb5333) x6  0x00000007
core   0: 0x80008510 (0x002e6033) or      zero, t3, sp
core   0: 3 0x80008510 (0x002e6033)
core   0: 0x80008514 (0x02af1033) mulh    zero, t5, a0
core   0: 3 0x80008514 (0x02af1033)
core   0: 0x80008518 (0xfee8d3e3) bge     a7, a4, pc - 26
core   0: 3 0x80008518 (0xfee8d3e3)
core   0: 0x800084fe (0x0390fc33) remu    s8, ra, s9
core   0: 3 0x800084fe (0x0390fc33) x24 0x00000000
core   0: 0x80008502 (0x036d69b3) rem     s3, s10, s6
core   0: 3 0x80008502 (0x036d69b3) x19 0xfffffffb
core   0: 0x80008506 (0x000018f5) c.addi  a7, -3
core   0: 3 0x80008506 (0x18f5) x17 0xffffffef
core   0: 0x80008508 (0x415509b3) sub     s3, a0, s5
core   0: 3 0x80008508 (0x415509b3) x19 0x7ffda19c
core   0: 0x8000850c (0x40cb5333) sra     t1, s6, a2
core   0: 3 0x8000850c (0x40cb5333) x6  0x00000007
core   0: 0x80008510 (0x002e6033) or      zero, t3, sp
core   0: 3 0x80008510 (0x002e6033)
core   0: 0x80008514 (0x02af1033) mulh    zero, t5, a0
core   0: 3 0x80008514 (0x02af1033)
core   0: 0x80008518 (0xfee8d3e3) bge     a7, a4, pc - 26
core   0: 3 0x80008518 (0xfee8d3e3)
core   0: 0x8000851c (0x41955133) sra     sp, a0, s9
core   0: 3 0x8000851c (0x41955133) x2  0x00000000
core   0: 0x80008520 (0x00d52133) slt     sp, a0, a3
core   0: 3 0x80008520 (0x00d52133) x2  0x00000001
core   0: 0x80008524 (0x03064db3) div     s11, a2, a6
core   0: 3 0x80008524 (0x03064db3) x27 0x00000000
core   0: 0x80008528 (0x00009b62) c.add   s6, s8
core   0: 3 0x80008528 (0x9b62) x22 0x00000007
core   0: 0x8000852a (0xfd94c1e3) blt     s1, s9, pc - 62
core   0: 3 0x8000852a (0xfd94c1e3)
core   0: 0x8000852e (0x01959313) slli    t1, a1, 25
core   0: 3 0x8000852e (0x01959313) x6  0x60000000
core   0: 0x80008532 (0x0025dd33) srl     s10, a1, sp
core   0: 3 0x80008532 (0x0025dd33) x26 0x00000118
core   0: 0x80008536 (0x09d1cf93) xori    t6, gp, 157
core   0: 3 0x80008536 (0x09d1cf93) x31 0x0000009d
core   0: 0x8000853a (0x0000e311) c.bnez  a4, pc + 4
core   0: 3 0x8000853a (0xe311)
core   0: 0x8000853e (0x00933fb3) sltu    t6, t1, s1
core   0: 3 0x8000853e (0x00933fb3) x31 0x00000000
core   0: 0x80008542 (0x00c5dd93) srli    s11, a1, 12
core   0: 3 0x80008542 (0x00c5dd93) x27 0x00000000
core   0: 0x80008546 (0x00008d55) c.or    a0, a3
core   0: 3 0x80008546 (0x8d55) x10 0x00000004
core   0: 0x80008548 (0x8749a013) slti    zero, s3, -1932
core   0: 3 0x80008548 (0x8749a013)
core   0: 0x8000854c (0x00006dd9) c.lui   s11, 0x16
core   0: 3 0x8000854c (0x6dd9) x27 0x00016000
core   0: 0x8000854e (0x00c18bb3) add     s7, gp, a2
core   0: 3 0x8000854e (0x00c18bb3) x23 0x00000000
core   0: 0x80008552 (0x00000ee2) c.slli  t4, 24
core   0: 3 0x80008552 (0x0ee2) x29 0x00000000
core   0: 0x80008554 (0x00759533) sll     a0, a1, t2
core   0: 3 0x80008554 (0x00759533) x10 0x00118000
core   0: 0x80008558 (0x008dec63) bltu    s11, s0, pc + 24
core   0: 3 0x80008558 (0x008dec63)
core   0: 0x80008570 (0x02091d33) mulh    s10, s2, zero
core   0: 3 0x80008570 (0x02091d33) x26 0x00000000
core   0: 0x80008574 (0x022364b3) rem     s1, t1, sp
core   0: 3 0x80008574 (0x022364b3) x9  0x00000000
core   0: 0x80008578 (0x00559313) slli    t1, a1, 5
core   0: 3 0x80008578 (0x00559313) x6  0x00004600
core   0: 0x8000857c (0x025233b3) mulhu   t2, tp, t0
core   0: 3 0x8000857c (0x025233b3) x7  0x00000000
core   0: 0x80008580 (0x01ccf8b3) and     a7, s9, t3
core   0: 3 0x80008580 (0x01ccf8b3) x17 0x0000000a
core   0: 0x80008584 (0x02b83b33) mulhu   s6, a6, a1
core   0: 3 0x80008584 (0x02b83b33) x22 0x00000118
core   0: 0x80008588 (0x00008cb9) c.xor   s1, a4
core   0: 3 0x80008588 (0x8cb9) x9  0xfffffff0
core   0: 0x8000858a (0x00005669) c.li    a2, -6
core   0: 3 0x8000858a (0x5669) x12 0xfffffffa
core   0: 0x8000858c (0x000088bd) c.andi  s1, 15
core   0: 3 0x8000858c (0x88bd) x9  0x00000000
core   0: 0x8000858e (0x00008d79) c.and   a0, a4
core   0: 3 0x8000858e (0x8d79) x10 0x00118000
core   0: 0x80008590 (0x036c2533) mulhsu  a0, s8, s6
core   0: 3 0x80008590 (0x036c2533) x10 0x00000000
core   0: 0x80008594 (0x00000001) c.nop
core   0: 3 0x80008594 (0x0001)
core   0: 0x80008596 (0x03add4b3) divu    s1, s11, s10
core   0: 3 0x80008596 (0x03add4b3) x9  0xffffffff
core   0: 0x8000859a (0x00000605) c.addi  a2, 1
core   0: 3 0x8000859a (0x0605) x12 0xfffffffb
core   0: 0x8000859c (0xf9197113) andi    sp, s2, -111
core   0: 3 0x8000859c (0xf9197113) x2  0xffffff91
core   0: 0x800085a0 (0x00000d96) c.slli  s11, 5
core   0: 3 0x800085a0 (0x0d96) x27 0x002c0000
core   0: 0x800085a2 (0x00004729) c.li    a4, 10
core   0: 3 0x800085a2 (0x4729) x14 0x0000000a
core   0: 0x800085a4 (0x03cb8133) mul     sp, s7, t3
core   0: 3 0x800085a4 (0x03cb8133) x2  0x00000000
core   0: 0x800085a8 (0x00004b09) c.li    s6, 2
core   0: 3 0x800085a8 (0x4b09) x22 0x00000002
core   0: 0x800085aa (0x02b2c333) div     t1, t0, a1
core   0: 3 0x800085aa (0x02b2c333) x6  0xfff0524b
core   0: 0x800085ae (0x41c25a13) srai    s4, tp, 28
core   0: 3 0x800085ae (0x41c25a13) x20 0x00000000
core   0: 0x800085b2 (0xa34b7113) andi    sp, s6, -1484
core   0: 3 0x800085b2 (0xa34b7113) x2  0x00000000
core   0: 0x800085b6 (0x00afdcb3) srl     s9, t6, a0
core   0: 3 0x800085b6 (0x00afdcb3) x25 0x00000000
core   0: 0x800085ba (0x00001761) c.addi  a4, -8
core   0: 3 0x800085ba (0x1761) x14 0x00000002
core   0: 0x800085bc (0xff671be3) bne     a4, s6, pc - 10
core   0: 3 0x800085bc (0xff671be3)
core   0: 0x800085c0 (0x35a64b93) xori    s7, a2, 858
core   0: 3 0x800085c0 (0x35a64b93) x23 0xfffffca1
core   0: 0x800085c4 (0x000099a2) c.add   s3, s0
core   0: 3 0x800085c4 (0x99a2) x19 0x00003e80
core   0: 0x800085c6 (0x0000da61) c.beqz  a2, pc - 48
core   0: 3 0x800085c6 (0xda61)
core   0: 0x800085c8 (0x00008d75) c.and   a0, a3
core   0: 3 0x800085c8 (0x8d75) x10 0x00000000
core   0: 0x800085ca (0x9ec37713) andi    a4, t1, -1556
core   0: 3 0x800085ca (0x9ec37713) x14 0xfff05048
core   0: 0x800085ce (0x000084cd) c.srai  s1, 19
core   0: 3 0x800085ce (0x84cd) x9  0xffffffff
core   0: 0x800085d0 (0xbb5e3293) sltiu   t0, t3, -1099
core   0: 3 0x800085d0 (0xbb5e3293) x5  0x00000001
core   0: 0x800085d4 (0xff010f93) addi    t6, sp, -16
core   0: 3 0x800085d4 (0xff010f93) x31 0xfffffff0
core   0: 0x800085d8 (0x00f77e33) and     t3, a4, a5
core   0: 3 0x800085d8 (0x00f77e33) x28 0x00000000
core   0: 0x800085dc (0x01cb5463) bge     s6, t3, pc + 8
core   0: 3 0x800085dc (0x01cb5463)
core   0: 0x800085e4 (0xf25ef013) andi    zero, t4, -219
core   0: 3 0x800085e4 (0xf25ef013)
core   0: 0x800085e8 (0xc2d22913) slti    s2, tp, -979
core   0: 3 0x800085e8 (0xc2d22913) x18 0x00000000
core   0: 0x800085ec (0x0000979e) c.add   a5, t2
core   0: 3 0x800085ec (0x979e) x15 0x00000000
core   0: 0x800085ee (0x0000e881) c.bnez  s1, pc + 16
core   0: 3 0x800085ee (0xe881)
core   0: 0x800085fe (0x00000001) c.nop
core   0: 3 0x800085fe (0x0001)
core   0: 0x80008600 (0x02e23f33) mulhu   t5, tp, a4
core   0: 3 0x80008600 (0x02e23f33) x30 0x00000000
core   0: 0x80008604 (0x71397d93) andi    s11, s2, 1811
core   0: 3 0x80008604 (0x71397d93) x27 0x00000000
core   0: 0x80008608 (0x000095b2) c.add   a1, a2
core   0: 3 0x80008608 (0x95b2) x11 0x0000022b
core   0: 0x8000860a (0x03a04fb3) div     t6, zero, s10
core   0: 3 0x8000860a (0x03a04fb3) x31 0xffffffff
core   0: 0x8000860e (0x031fb533) mulhu   a0, t6, a7
core   0: 3 0x8000860e (0x031fb533) x10 0x00000009
core   0: 0x80008612 (0x737b2c13) slti    s8, s6, 1847
core   0: 3 0x80008612 (0x737b2c13) x24 0x00000001
core   0: 0x80008616 (0x03874663) blt     a4, s8, pc + 44
core   0: 3 0x80008616 (0x03874663)
core   0: 0x80008642 (0x00705363) bge     zero, t2, pc + 6
core   0: 3 0x80008642 (0x00705363)
core   0: 0x80008648 (0x000085d5) c.srai  a1, 21
core   0: 3 0x80008648 (0x85d5) x11 0x00000000
core   0: 0x8000864a (0x00000001) c.nop
core   0: 3 0x8000864a (0x0001)
core   0: 0x8000864c (0x00309333) sll     t1, ra, gp
core   0: 3 0x8000864c (0x00309333) x6  0x00000000
core   0: 0x80008650 (0x00000001) c.nop
core   0: 3 0x80008650 (0x0001)
core   0: 0x80008652 (0x0000c711) c.beqz  a4, pc + 12
core   0: 3 0x80008652 (0xc711)
core   0: 0x80008654 (0x00000001) c.nop
core   0: 3 0x80008654 (0x0001)
core   0: 0x80008656 (0x40eddf33) sra     t5, s11, a4
core   0: 3 0x80008656 (0x40eddf33) x30 0x00000000
core   0: 0x8000865a (0x00006085) c.lui   ra, 0x1
core   0: 3 0x8000865a (0x6085) x1  0x00001000
core   0: 0x8000865c (0x00008665) c.srai  a2, 25
core   0: 3 0x8000865c (0x8665) x12 0xffffffff
core   0: 0x8000865e (0x00008e89) c.sub   a3, a0
core   0: 3 0x8000865e (0x8e89) x13 0xfffffffb
core   0: 0x80008660 (0x0031d993) srli    s3, gp, 3
core   0: 3 0x80008660 (0x0031d993) x19 0x00000000
core   0: 0x80008664 (0x00b35493) srli    s1, t1, 11
core   0: 3 0x80008664 (0x00b35493) x9  0x00000000
core   0: 0x80008668 (0x00d4a533) slt     a0, s1, a3
core   0: 3 0x80008668 (0x00d4a533) x10 0x00000000
core   0: 0x8000866c (0x011c1593) slli    a1, s8, 17
core   0: 3 0x8000866c (0x011c1593) x11 0x00020000
core   0: 0x80008670 (0x00008c56) c.mv    s8, s5
core   0: 3 0x80008670 (0x8c56) x24 0x80025e64
core   0: 0x80008672 (0xe44402b7) lui     t0, 0xe4440
core   0: 3 0x80008672 (0xe44402b7) x5  0xe4440000
core   0: 0x80008676 (0x03218763) beq     gp, s2, pc + 46
core   0: 3 0x80008676 (0x03218763)
core   0: 0x800086a4 (0x5e4481b7) lui     gp, 0x5e448
core   0: 3 0x800086a4 (0x5e4481b7) x3  0x5e448000
core   0: 0x800086a8 (0x36b7a293) slti    t0, a5, 875
core   0: 3 0x800086a8 (0x36b7a293) x5  0x00000001
core   0: 0x800086ac (0x0243c163) blt     t2, tp, pc + 34
core   0: 3 0x800086ac (0x0243c163)
core   0: 0x800086b0 (0x0000825d) c.srli  a2, 23
core   0: 3 0x800086b0 (0x825d) x12 0x000001ff
core   0: 0x800086b2 (0x00009b7d) c.andi  a4, -1
core   0: 3 0x800086b2 (0x9b7d) x14 0xfff05048
core   0: 0x800086b4 (0x01c335b3) sltu    a1, t1, t3
core   0: 3 0x800086b4 (0x01c335b3) x11 0x00000000
core   0: 0x800086b8 (0x00000001) c.nop
core   0: 3 0x800086b8 (0x0001)
core   0: 0x800086ba (0x03d93133) mulhu   sp, s2, t4
core   0: 3 0x800086ba (0x03d93133) x2  0x00000000
core   0: 0x800086be (0x01cf6963) bltu    t5, t3, pc + 18
core   0: 3 0x800086be (0x01cf6963)
core   0: 0x800086c2 (0x00000001) c.nop
core   0: 3 0x800086c2 (0x0001)
core   0: 0x800086c4 (0x000000b6) c.slli  ra, 13
core   0: 3 0x800086c4 (0x00b6) x1  0x02000000
core   0: 0x800086c6 (0x029598b3) mulh    a7, a1, s1
core   0: 3 0x800086c6 (0x029598b3) x17 0x00000000
core   0: 0x800086ca (0x05322917) auipc   s2, 0x5322
core   0: 3 0x800086ca (0x05322917) x18 0x8532a6ca
core   0: 0x800086ce (0x00001684) c.addi4spn s1, sp, 864
core   0: 3 0x800086ce (0x1684) x9  0x00000360
core   0: 0x800086d0 (0x00008d61) c.and   a0, s0
core   0: 3 0x800086d0 (0x8d61) x10 0x00000000
core   0: 0x800086d2 (0x000084b6) c.mv    s1, a3
core   0: 3 0x800086d2 (0x84b6) x9  0xfffffffb
core   0: 0x800086d4 (0x00000001) c.nop
core   0: 3 0x800086d4 (0x0001)
core   0: 0x800086d6 (0x0109d9b3) srl     s3, s3, a6
core   0: 3 0x800086d6 (0x0109d9b3) x19 0x00000000
core   0: 0x800086da (0x410887b3) sub     a5, a7, a6
core   0: 3 0x800086da (0x410887b3) x15 0x80000000
core   0: 0x800086de (0x0ba20693) addi    a3, tp, 186
core   0: 3 0x800086de (0x0ba20693) x13 0x000000ba
core   0: 0x800086e2 (0x00000b0c) c.addi4spn a1, sp, 400
core   0: 3 0x800086e2 (0x0b0c) x11 0x00000190
core   0: 0x800086e4 (0x01e1fa33) and     s4, gp, t5
core   0: 3 0x800086e4 (0x01e1fa33) x20 0x00000000
core   0: 0x800086e8 (0x0154c963) blt     s1, s5, pc + 18
core   0: 3 0x800086e8 (0x0154c963)
core   0: 0x800086ec (0x00d85133) srl     sp, a6, a3
core   0: 3 0x800086ec (0x00d85133) x2  0x00000020
core   0: 0x800086f0 (0x000445b3) xor     a1, s0, zero
core   0: 3 0x800086f0 (0x000445b3) x11 0x80029ce4
core   0: 0x800086f4 (0x000067a1) c.lui   a5, 0x8
core   0: 3 0x800086f4 (0x67a1) x15 0x00008000
core   0: 0x800086f6 (0x21d9fa13) andi    s4, s3, 541
core   0: 3 0x800086f6 (0x21d9fa13) x20 0x00000000
core   0: 0x800086fa (0x00b728b3) slt     a7, a4, a1
core   0: 3 0x800086fa (0x00b728b3) x17 0x00000000
core   0: 0x800086fe (0x00008fc9) c.or    a5, a0
core   0: 3 0x800086fe (0x8fc9) x15 0x00008000
core   0: 0x80008700 (0x020c5763) bgez    s8, pc + 46
core   0: 3 0x80008700 (0x020c5763)
core   0: 0x80008704 (0x40d85e13) srai    t3, a6, 13
core   0: 3 0x80008704 (0x40d85e13) x28 0xfffc0000
core   0: 0x80008708 (0x7ddfbd93) sltiu   s11, t6, 2013
core   0: 3 0x80008708 (0x7ddfbd93) x27 0x00000000
core   0: 0x8000870c (0x00008756) c.mv    a4, s5
core   0: 3 0x8000870c (0x8756) x14 0x80025e64
core   0: 0x8000870e (0x00bdd313) srli    t1, s11, 11
core   0: 3 0x8000870e (0x00bdd313) x6  0x00000000
core   0: 0x80008712 (0x01c11493) slli    s1, sp, 28
core   0: 3 0x80008712 (0x01c11493) x9  0x00000000
core   0: 0x80008716 (0x02a2ea33) rem     s4, t0, a0
core   0: 3 0x80008716 (0x02a2ea33) x20 0x00000001
core   0: 0x8000871a (0x00008ec1) c.or    a3, s0
core   0: 3 0x8000871a (0x8ec1) x13 0x80029cfe
core   0: 0x8000871c (0x02f66e33) rem     t3, a2, a5
core   0: 3 0x8000871c (0x02f66e33) x28 0x000001ff
core   0: 0x80008720 (0x4185da13) srai    s4, a1, 24
core   0: 3 0x80008720 (0x4185da13) x20 0xffffff80
core   0: 0x80008724 (0x03907133) remu    sp, zero, s9
core   0: 3 0x80008724 (0x03907133) x2  0x00000000
core   0: 0x80008728 (0x00008fad) c.xor   a5, a1
core   0: 3 0x80008728 (0x8fad) x15 0x80021ce4
core   0: 0x8000872a (0x038eba33) mulhu   s4, t4, s8
core   0: 3 0x8000872a (0x038eba33) x20 0x00000000
core   0: 0x8000872e (0x01ea36b3) sltu    a3, s4, t5
core   0: 3 0x8000872e (0x01ea36b3) x13 0x00000000
core   0: 0x80008732 (0x16e5bd17) auipc   s10, 0x16e5b
core   0: 3 0x80008732 (0x16e5bd17) x26 0x96e63732
core   0: 0x80008736 (0x40e23893) sltiu   a7, tp, 1038
core   0: 3 0x80008736 (0x40e23893) x17 0x00000001
core   0: 0x8000873a (0x00006149) c.addi16sp sp, 144
core   0: 3 0x8000873a (0x6149) x2  0x00000090
core   0: 0x8000873c (0x03bfcbb3) div     s7, t6, s11
core   0: 3 0x8000873c (0x03bfcbb3) x23 0xffffffff
core   0: 0x80008740 (0xbe1a4793) xori    a5, s4, -1055
core   0: 3 0x80008740 (0xbe1a4793) x15 0xfffffbe1
core   0: 0x80008744 (0x0134ca33) xor     s4, s1, s3
core   0: 3 0x80008744 (0x0134ca33) x20 0x00000000
core   0: 0x80008748 (0x00008629) c.srai  a2, 10
core   0: 3 0x80008748 (0x8629) x12 0x00000000
core   0: 0x8000874a (0x00008dfd) c.and   a1, a5
core   0: 3 0x8000874a (0x8dfd) x11 0x800298e0
core   0: 0x8000874c (0x33964093) xori    ra, a2, 825
core   0: 3 0x8000874c (0x33964093) x1  0x00000339
core   0: 0x80008750 (0x0000717d) c.addi16sp sp, -16
core   0: 3 0x80008750 (0x717d) x2  0x00000080
core   0: 0x80008752 (0x00008f79) c.and   a4, a4
core   0: 3 0x80008752 (0x8f79) x14 0x80025e64
core   0: 0x80008754 (0x0000c3c9) c.beqz  a5, pc + 130
core   0: 3 0x80008754 (0xc3c9)
core   0: 0x80008756 (0x00c44db3) xor     s11, s0, a2
core   0: 3 0x80008756 (0x00c44db3) x27 0x80029ce4
core   0: 0x8000875a (0xbd132993) slti    s3, t1, -1071
core   0: 3 0x8000875a (0xbd132993) x19 0x00000000
core   0: 0x8000875e (0x09c3db63) bge     t2, t3, pc + 150
core   0: 3 0x8000875e (0x09c3db63)
core   0: 0x80008762 (0x00008e95) c.sub   a3, a3
core   0: 3 0x80008762 (0x8e95) x13 0x00000000
core   0: 0x80008764 (0x00008da5) c.xor   a1, s1
core   0: 3 0x80008764 (0x8da5) x11 0x800298e0
core   0: 0x80008766 (0x00000001) c.nop
core   0: 3 0x80008766 (0x0001)
core   0: 0x80008768 (0x0621eb63) bltu    gp, sp, pc + 118
core   0: 3 0x80008768 (0x0621eb63)
core   0: 0x8000876c (0x012fde93) srli    t4, t6, 18
core   0: 3 0x8000876c (0x012fde93) x29 0x00003fff
core   0: 0x80008770 (0x33cd7c13) andi    s8, s10, 828
core   0: 3 0x80008770 (0x33cd7c13) x24 0x00000330
core   0: 0x80008774 (0x000055f1) c.li    a1, -4
core   0: 3 0x80008774 (0x55f1) x11 0xfffffffc
core   0: 0x80008776 (0x00008d05) c.sub   a0, s1
core   0: 3 0x80008776 (0x8d05) x10 0x00000000
core   0: 0x80008778 (0x00008d3d) c.xor   a0, a5
core   0: 3 0x80008778 (0x8d3d) x10 0xfffffbe1
core   0: 0x8000877a (0x0115ab33) slt     s6, a1, a7
core   0: 3 0x8000877a (0x0115ab33) x22 0x00000001
core   0: 0x8000877e (0x00000a94) c.addi4spn a3, sp, 336
core   0: 3 0x8000877e (0x0a94) x13 0x000001d0
core   0: 0x80008780 (0x00000001) c.nop
core   0: 3 0x80008780 (0x0001)
core   0: 0x80008782 (0x00008f61) c.and   a4, s0
core   0: 3 0x80008782 (0x8f61) x14 0x80021c64
core   0: 0x80008784 (0x8c917513) andi    a0, sp, -1847
core   0: 3 0x80008784 (0x8c917513) x10 0x00000080
core   0: 0x80008788 (0x014bd0b3) srl     ra, s7, s4
core   0: 3 0x80008788 (0x014bd0b3) x1  0xffffffff
core   0: 0x8000878c (0x00000585) c.addi  a1, 1
core   0: 3 0x8000878c (0x0585) x11 0xfffffffd
core   0: 0x8000878e (0x000057e5) c.li    a5, -7
core   0: 3 0x8000878e (0x57e5) x15 0xfffffff9
core   0: 0x80008790 (0x029a0a33) mul     s4, s4, s1
core   0: 3 0x80008790 (0x029a0a33) x20 0x00000000
core   0: 0x80008794 (0x02c7c3b3) div     t2, a5, a2
core   0: 3 0x80008794 (0x02c7c3b3) x7  0xffffffff
core   0: 0x80008798 (0x00697eb3) and     t4, s2, t1
core   0: 3 0x80008798 (0x00697eb3) x29 0x00000000
core   0: 0x8000879c (0x00005345) c.li    t1, -15
core   0: 3 0x8000879c (0x5345) x6  0xfffffff1
core   0: 0x8000879e (0x0183ef33) or      t5, t2, s8
core   0: 3 0x8000879e (0x0183ef33) x30 0xffffffff
core   0: 0x800087a2 (0xfc7a2993) slti    s3, s4, -57
core   0: 3 0x800087a2 (0xfc7a2993) x19 0x00000000
core   0: 0x800087a6 (0x03f058b3) divu    a7, zero, t6
core   0: 3 0x800087a6 (0x03f058b3) x17 0x00000000
core   0: 0x800087aa (0x0000717d) c.addi16sp sp, -16
core   0: 3 0x800087aa (0x717d) x2  0x00000070
core   0: 0x800087ac (0x000017f1) c.addi  a5, -4
core   0: 3 0x800087ac (0x17f1) x15 0xfffffff5
core   0: 0x800087ae (0x03b78db3) mul     s11, a5, s11
core   0: 3 0x800087ae (0x03b78db3) x27 0x7fe34234
core   0: 0x800087b2 (0x00009672) c.add   a2, t3
core   0: 3 0x800087b2 (0x9672) x12 0x000001ff
core   0: 0x800087b4 (0xfe6797e3) bne     a5, t1, pc - 18
core   0: 3 0x800087b4 (0xfe6797e3)
core   0: 0x800087a2 (0xfc7a2993) slti    s3, s4, -57
core   0: 3 0x800087a2 (0xfc7a2993) x19 0x00000000
core   0: 0x800087a6 (0x03f058b3) divu    a7, zero, t6
core   0: 3 0x800087a6 (0x03f058b3) x17 0x00000000
core   0: 0x800087aa (0x0000717d) c.addi16sp sp, -16
core   0: 3 0x800087aa (0x717d) x2  0x00000060
core   0: 0x800087ac (0x000017f1) c.addi  a5, -4
core   0: 3 0x800087ac (0x17f1) x15 0xfffffff1
core   0: 0x800087ae (0x03b78db3) mul     s11, a5, s11
core   0: 3 0x800087ae (0x03b78db3) x27 0x81af1ef4
core   0: 0x800087b2 (0x00009672) c.add   a2, t3
core   0: 3 0x800087b2 (0x9672) x12 0x000003fe
core   0: 0x800087b4 (0xfe6797e3) bne     a5, t1, pc - 18
core   0: 3 0x800087b4 (0xfe6797e3)
core   0: 0x800087b8 (0x02c510b3) mulh    ra, a0, a2
core   0: 3 0x800087b8 (0x02c510b3) x1  0x00000000
core   0: 0x800087bc (0x00008d59) c.or    a0, a4
core   0: 3 0x800087bc (0x8d59) x10 0x80021ce4
core   0: 0x800087be (0x00006a55) c.lui   s4, 0x15
core   0: 3 0x800087be (0x6a55) x20 0x00015000
core   0: 0x800087c0 (0x0000865e) c.mv    a2, s7
core   0: 3 0x800087c0 (0x865e) x12 0xffffffff
core   0: 0x800087c2 (0x0000d1e1) c.beqz  a1, pc - 64
core   0: 3 0x800087c2 (0xd1e1)
core   0: 0x800087c4 (0x036209b3) mul     s3, tp, s6
core   0: 3 0x800087c4 (0x036209b3) x19 0x00000000
core   0: 0x800087c8 (0xacaa4493) xori    s1, s4, -1334
core   0: 3 0x800087c8 (0xacaa4493) x9  0xfffeaaca
core   0: 0x800087cc (0x011565b3) or      a1, a0, a7
core   0: 3 0x800087cc (0x011565b3) x11 0x80021ce4
core   0: 0x800087d0 (0x5262e393) ori     t2, t0, 1318
core   0: 3 0x800087d0 (0x5262e393) x7  0x00000527
core   0: 0x800087d4 (0x0000079c) c.addi4spn a5, sp, 960
core   0: 3 0x800087d4 (0x079c) x15 0x00000420
core   0: 0x800087d6 (0x000094e2) c.add   s1, s8
core   0: 3 0x800087d6 (0x94e2) x9  0xfffeadfa
core   0: 0x800087d8 (0x01063d33) sltu    s10, a2, a6
core   0: 3 0x800087d8 (0x01063d33) x26 0x00000000
core   0: 0x800087dc (0x0000c789) c.beqz  a5, pc + 10
core   0: 3 0x800087dc (0xc789)
core   0: 0x800087de (0x010165b3) or      a1, sp, a6
core   0: 3 0x800087de (0x010165b3) x11 0x80000060
core   0: 0x800087e2 (0x00619333) sll     t1, gp, t1
core   0: 3 0x800087e2 (0x00619333) x6  0x00000000
core   0: 0x800087e6 (0x01374bb3) xor     s7, a4, s3
core   0: 3 0x800087e6 (0x01374bb3) x23 0x80021c64
core   0: 0x800087ea (0x00008cb1) c.xor   s1, a2
core   0: 3 0x800087ea (0x8cb1) x9  0x00015205
core   0: 0x800087ec (0xbddc2a13) slti    s4, s8, -1059
core   0: 3 0x800087ec (0xbddc2a13) x20 0x00000000
core   0: 0x800087f0 (0x01ec4033) xor     zero, s8, t5
core   0: 3 0x800087f0 (0x01ec4033)
core   0: 0x800087f4 (0x028e9a33) mulh    s4, t4, s0
core   0: 3 0x800087f4 (0x028e9a33) x20 0x00000000
core   0: 0x800087f8 (0xb4167013) andi    zero, a2, -1215
core   0: 3 0x800087f8 (0xb4167013)
core   0: 0x800087fc (0x41c8d8b3) sra     a7, a7, t3
core   0: 3 0x800087fc (0x41c8d8b3) x17 0x00000000
core   0: 0x80008800 (0x01ea4a33) xor     s4, s4, t5
core   0: 3 0x80008800 (0x01ea4a33) x20 0xffffffff
core   0: 0x80008804 (0x03fe4063) blt     t3, t6, pc + 32
core   0: 3 0x80008804 (0x03fe4063)
core   0: 0x80008808 (0x004cf133) and     sp, s9, tp
core   0: 3 0x80008808 (0x004cf133) x2  0x00000000
core   0: 0x8000880c (0x011a1e13) slli    t3, s4, 17
core   0: 3 0x8000880c (0x011a1e13) x28 0xfffe0000
core   0: 0x80008810 (0x000084d5) c.srai  s1, 21
core   0: 3 0x80008810 (0x84d5) x9  0x00000000
core   0: 0x80008812 (0x41425f93) srai    t6, tp, 20
core   0: 3 0x80008812 (0x41425f93) x31 0x00000000
core   0: 0x80008816 (0x010ba2b3) slt     t0, s7, a6
core   0: 3 0x80008816 (0x010ba2b3) x5  0x00000000
core   0: 0x8000881a (0x012c60b3) or      ra, s8, s2
core   0: 3 0x8000881a (0x012c60b3) x1  0x8532a7fa
core   0: 0x8000881e (0x03e4ceb3) div     t4, s1, t5
core   0: 3 0x8000881e (0x03e4ceb3) x29 0x00000000
core   0: 0x80008822 (0x00008d31) c.xor   a0, a2
core   0: 3 0x80008822 (0x8d31) x10 0x7ffde31b
core   0: 0x80008824 (0x03ca8533) mul     a0, s5, t3
core   0: 3 0x80008824 (0x03ca8533) x10 0x43380000
core   0: 0x80008828 (0x00008d51) c.or    a0, a2
core   0: 3 0x80008828 (0x8d51) x10 0xffffffff
core   0: 0x8000882a (0x40420133) sub     sp, tp, tp
core   0: 3 0x8000882a (0x40420133) x2  0x00000000
core   0: 0x8000882e (0x03cea933) mulhsu  s2, t4, t3
core   0: 3 0x8000882e (0x03cea933) x18 0x00000000
core   0: 0x80008832 (0x6fdee913) ori     s2, t4, 1789
core   0: 3 0x80008832 (0x6fdee913) x18 0x000006fd
core   0: 0x80008836 (0x000011fd) c.addi  gp, -1
core   0: 3 0x80008836 (0x11fd) x3  0x5e447fff
core   0: 0x80008838 (0x006b9033) sll     zero, s7, t1
core   0: 3 0x80008838 (0x006b9033)
core   0: 0x8000883c (0x0383d8b3) divu    a7, t2, s8
core   0: 3 0x8000883c (0x0383d8b3) x17 0x00000001
core   0: 0x80008840 (0x005fe333) or      t1, t6, t0
core   0: 3 0x80008840 (0x005fe333) x6  0x00000000
core   0: 0x80008844 (0x03f28b63) beq     t0, t6, pc + 54
core   0: 3 0x80008844 (0x03f28b63)
core   0: 0x8000887a (0x00000001) c.nop
core   0: 3 0x8000887a (0x0001)
core   0: 0x8000887c (0x014278b3) and     a7, tp, s4
core   0: 3 0x8000887c (0x014278b3) x17 0x00000000
core   0: 0x80008880 (0x0185d033) srl     zero, a1, s8
core   0: 3 0x80008880 (0x0185d033)
core   0: 0x80008884 (0x00000b19) c.addi  s6, 6
core   0: 3 0x80008884 (0x0b19) x22 0x00000007
core   0: 0x80008886 (0x00008111) c.srli  a0, 4
core   0: 3 0x80008886 (0x8111) x10 0x0fffffff
core   0: 0x80008888 (0x00000d0c) c.addi4spn a1, sp, 656
core   0: 3 0x80008888 (0x0d0c) x11 0x00000290
core   0: 0x8000888a (0x0102cfb3) xor     t6, t0, a6
core   0: 3 0x8000888a (0x0102cfb3) x31 0x80000000
core   0: 0x8000888e (0x02d13db3) mulhu   s11, sp, a3
core   0: 3 0x8000888e (0x02d13db3) x27 0x00000000
core   0: 0x80008892 (0xd92af897) auipc   a7, 0xd92af
core   0: 3 0x80008892 (0xd92af897) x17 0x592b7892
core   0: 0x80008896 (0x4104db13) srai    s6, s1, 16
core   0: 3 0x80008896 (0x4104db13) x22 0x00000000
core   0: 0x8000889a (0x0061d8b3) srl     a7, gp, t1
core   0: 3 0x8000889a (0x0061d8b3) x17 0x5e447fff
core   0: 0x8000889e (0x06418c63) beq     gp, tp, pc + 120
core   0: 3 0x8000889e (0x06418c63)
core   0: 0x800088a2 (0xcbb5a913) slti    s2, a1, -837
core   0: 3 0x800088a2 (0xcbb5a913) x18 0x00000000
core   0: 0x800088a6 (0x0242f2b3) remu    t0, t0, tp
core   0: 3 0x800088a6 (0x0242f2b3) x5  0x00000000
core   0: 0x800088aa (0x406952b3) sra     t0, s2, t1
core   0: 3 0x800088aa (0x406952b3) x5  0x00000000
core   0: 0x800088ae (0x4db47f93) andi    t6, s0, 1243
core   0: 3 0x800088ae (0x4db47f93) x31 0x000004c0
core   0: 0x800088b2 (0x8f063d13) sltiu   s10, a2, -1808
core   0: 3 0x800088b2 (0x8f063d13) x26 0x00000000
core   0: 0x800088b6 (0x00005579) c.li    a0, -2
core   0: 3 0x800088b6 (0x5579) x10 0xfffffffe
core   0: 0x800088b8 (0x00c2c7b3) xor     a5, t0, a2
core   0: 3 0x800088b8 (0x00c2c7b3) x15 0xffffffff
core   0: 0x800088bc (0x411bde13) srai    t3, s7, 17
core   0: 3 0x800088bc (0x411bde13) x28 0xffffc001
core   0: 0x800088c0 (0x00008fed) c.and   a5, a1
core   0: 3 0x800088c0 (0x8fed) x15 0x00000290
core   0: 0x800088c2 (0x000042c9) c.li    t0, 18
core   0: 3 0x800088c2 (0x42c9) x5  0x00000012
core   0: 0x800088c4 (0x00008cf9) c.and   s1, a4
core   0: 3 0x800088c4 (0x8cf9) x9  0x00000000
core   0: 0x800088c6 (0x000c81b3) add     gp, s9, zero
core   0: 3 0x800088c6 (0x000c81b3) x3  0x00000000
core   0: 0x800088ca (0x00000519) c.addi  a0, 6
core   0: 3 0x800088ca (0x0519) x10 0x00000004
core   0: 0x800088cc (0x00008989) c.andi  a1, 2
core   0: 3 0x800088cc (0x8989) x11 0x00000000
core   0: 0x800088ce (0x03b878b3) remu    a7, a6, s11
core   0: 3 0x800088ce (0x03b878b3) x17 0x80000000
core   0: 0x800088d2 (0x018cd393) srli    t2, s9, 24
core   0: 3 0x800088d2 (0x018cd393) x7  0x00000000
core   0: 0x800088d6 (0x40bc5c33) sra     s8, s8, a1
core   0: 3 0x800088d6 (0x40bc5c33) x24 0x00000330
core   0: 0x800088da (0x000005d6) c.slli  a1, 21
core   0: 3 0x800088da (0x05d6) x11 0x00000000
core   0: 0x800088dc (0xfe5565e3) bltu    a0, t0, pc - 22
core   0: 3 0x800088dc (0xfe5565e3)
core   0: 0x800088c6 (0x000c81b3) add     gp, s9, zero
core   0: 3 0x800088c6 (0x000c81b3) x3  0x00000000
core   0: 0x800088ca (0x00000519) c.addi  a0, 6
core   0: 3 0x800088ca (0x0519) x10 0x0000000a
core   0: 0x800088cc (0x00008989) c.andi  a1, 2
core   0: 3 0x800088cc (0x8989) x11 0x00000000
core   0: 0x800088ce (0x03b878b3) remu    a7, a6, s11
core   0: 3 0x800088ce (0x03b878b3) x17 0x80000000
core   0: 0x800088d2 (0x018cd393) srli    t2, s9, 24
core   0: 3 0x800088d2 (0x018cd393) x7  0x00000000
core   0: 0x800088d6 (0x40bc5c33) sra     s8, s8, a1
core   0: 3 0x800088d6 (0x40bc5c33) x24 0x00000330
core   0: 0x800088da (0x000005d6) c.slli  a1, 21
core   0: 3 0x800088da (0x05d6) x11 0x00000000
core   0: 0x800088dc (0xfe5565e3) bltu    a0, t0, pc - 22
core   0: 3 0x800088dc (0xfe5565e3)
core   0: 0x800088c6 (0x000c81b3) add     gp, s9, zero
core   0: 3 0x800088c6 (0x000c81b3) x3  0x00000000
core   0: 0x800088ca (0x00000519) c.addi  a0, 6
core   0: 3 0x800088ca (0x0519) x10 0x00000010
core   0: 0x800088cc (0x00008989) c.andi  a1, 2
core   0: 3 0x800088cc (0x8989) x11 0x00000000
core   0: 0x800088ce (0x03b878b3) remu    a7, a6, s11
core   0: 3 0x800088ce (0x03b878b3) x17 0x80000000
core   0: 0x800088d2 (0x018cd393) srli    t2, s9, 24
core   0: 3 0x800088d2 (0x018cd393) x7  0x00000000
core   0: 0x800088d6 (0x40bc5c33) sra     s8, s8, a1
core   0: 3 0x800088d6 (0x40bc5c33) x24 0x00000330
core   0: 0x800088da (0x000005d6) c.slli  a1, 21
core   0: 3 0x800088da (0x05d6) x11 0x00000000
core   0: 0x800088dc (0xfe5565e3) bltu    a0, t0, pc - 22
core   0: 3 0x800088dc (0xfe5565e3)
core   0: 0x800088c6 (0x000c81b3) add     gp, s9, zero
core   0: 3 0x800088c6 (0x000c81b3) x3  0x00000000
core   0: 0x800088ca (0x00000519) c.addi  a0, 6
core   0: 3 0x800088ca (0x0519) x10 0x00000016
core   0: 0x800088cc (0x00008989) c.andi  a1, 2
core   0: 3 0x800088cc (0x8989) x11 0x00000000
core   0: 0x800088ce (0x03b878b3) remu    a7, a6, s11
core   0: 3 0x800088ce (0x03b878b3) x17 0x80000000
core   0: 0x800088d2 (0x018cd393) srli    t2, s9, 24
core   0: 3 0x800088d2 (0x018cd393) x7  0x00000000
core   0: 0x800088d6 (0x40bc5c33) sra     s8, s8, a1
core   0: 3 0x800088d6 (0x40bc5c33) x24 0x00000330
core   0: 0x800088da (0x000005d6) c.slli  a1, 21
core   0: 3 0x800088da (0x05d6) x11 0x00000000
core   0: 0x800088dc (0xfe5565e3) bltu    a0, t0, pc - 22
core   0: 3 0x800088dc (0xfe5565e3)
core   0: 0x800088e0 (0x00008f7d) c.and   a4, a5
core   0: 3 0x800088e0 (0x8f7d) x14 0x00000000
core   0: 0x800088e2 (0x00008e91) c.sub   a3, a2
core   0: 3 0x800088e2 (0x8e91) x13 0x000001d1
core   0: 0x800088e4 (0x00da5a13) srli    s4, s4, 13
core   0: 3 0x800088e4 (0x00da5a13) x20 0x0007ffff
core   0: 0x800088e8 (0x01b3ca33) xor     s4, t2, s11
core   0: 3 0x800088e8 (0x01b3ca33) x20 0x00000000
core   0: 0x800088ec (0x40e3dcb3) sra     s9, t2, a4
core   0: 3 0x800088ec (0x40e3dcb3) x25 0x00000000
core   0: 0x800088f0 (0x02893233) mulhu   tp, s2, s0
core   0: 3 0x800088f0 (0x02893233) x4  0x00000000
core   0: 0x800088f4 (0x00781713) slli    a4, a6, 7
core   0: 3 0x800088f4 (0x00781713) x14 0x00000000
core   0: 0x800088f8 (0x00094c33) xor     s8, s2, zero
core   0: 3 0x800088f8 (0x00094c33) x24 0x00000000
core   0: 0x800088fc (0x03d2ddb3) divu    s11, t0, t4
core   0: 3 0x800088fc (0x03d2ddb3) x27 0xffffffff
core   0: 0x80008900 (0x01f09613) slli    a2, ra, 31
core   0: 3 0x80008900 (0x01f09613) x12 0x00000000
core   0: 0x80008904 (0xcc258e13) addi    t3, a1, -830
core   0: 3 0x80008904 (0xcc258e13) x28 0xfffffcc2
core   0: 0x80008908 (0xbee30e17) auipc   t3, 0xbee30
core   0: 3 0x80008908 (0xbee30e17) x28 0x3ee38908
core   0: 0x8000890c (0x025d0cb3) mul     s9, s10, t0
core   0: 3 0x8000890c (0x025d0cb3) x25 0x00000000
core   0: 0x80008910 (0x0000717d) c.addi16sp sp, -16
core   0: 3 0x80008910 (0x717d) x2  0xfffffff0
core   0: 0x80008912 (0x001ed113) srli    sp, t4, 1
core   0: 3 0x80008912 (0x001ed113) x2  0x00000000
core   0: 0x80008916 (0x011150b3) srl     ra, sp, a7
core   0: 3 0x80008916 (0x011150b3) x1  0x00000000
core   0: 0x8000891a (0x026d5163) bge     s10, t1, pc + 34
core   0: 3 0x8000891a (0x026d5163)
core   0: 0x8000893c (0x037f5933) divu    s2, t5, s7
core   0: 3 0x8000893c (0x037f5933) x18 0x00000001
core   0: 0x80008940 (0x03e83333) mulhu   t1, a6, t5
core   0: 3 0x80008940 (0x03e83333) x6  0x7fffffff
core   0: 0x80008944 (0x7c9d8493) addi    s1, s11, 1993
core   0: 3 0x80008944 (0x7c9d8493) x9  0x000007c8
core   0: 0x80008948 (0x00008f01) c.sub   a4, s0
core   0: 3 0x80008948 (0x8f01) x14 0x7ffd631c
core   0: 0x8000894a (0x01b5c363) blt     a1, s11, pc + 6
core   0: 3 0x8000894a (0x01b5c363)
core   0: 0x8000894e (0x00008389) c.srli  a5, 2
core   0: 3 0x8000894e (0x8389) x15 0x000000a4
core   0: 0x80008950 (0xa898ee93) ori     t4, a7, -1399
core   0: 3 0x80008950 (0xa898ee93) x29 0xfffffa89
core   0: 0x80008954 (0x00000001) c.nop
core   0: 3 0x80008954 (0x0001)
core   0: 0x80008956 (0x021808b3) mul     a7, a6, ra
core   0: 3 0x80008956 (0x021808b3) x17 0x00000000
core   0: 0x8000895a (0xa5342513) slti    a0, s0, -1453
core   0: 3 0x8000895a (0xa5342513) x10 0x00000001
core   0: 0x8000895e (0x009ce4b3) or      s1, s9, s1
core   0: 3 0x8000895e (0x009ce4b3) x9  0x000007c8
core   0: 0x80008962 (0x000080c9) c.srli  s1, 18
core   0: 3 0x80008962 (0x80c9) x9  0x00000000
core   0: 0x80008964 (0x0000197d) c.addi  s2, -1
core   0: 3 0x80008964 (0x197d) x18 0x00000000
core   0: 0x80008966 (0x00000e0a) c.slli  t3, 2
core   0: 3 0x80008966 (0x0e0a) x28 0xfb8e2420
core   0: 0x80008968 (0x41085b93) srai    s7, a6, 16
core   0: 3 0x80008968 (0x41085b93) x23 0xffff8000
core   0: 0x8000896c (0x01954733) xor     a4, a0, s9
core   0: 3 0x8000896c (0x01954733) x14 0x00000001
core   0: 0x80008970 (0x0000e6bd) c.bnez  a3, pc + 110
core   0: 3 0x80008970 (0xe6bd)
core   0: 0x800089de (0x00000a6a) c.slli  s4, 26
core   0: 3 0x800089de (0x0a6a) x20 0x00000000
core   0: 0x800089e0 (0x0200dcb3) divu    s9, ra, zero
core   0: 3 0x800089e0 (0x0200dcb3) x25 0xffffffff
core   0: 0x800089e4 (0x00c05f93) srli    t6, zero, 12
core   0: 3 0x800089e4 (0x00c05f93) x31 0x00000000
core   0: 0x800089e8 (0x41b585b3) sub     a1, a1, s11
core   0: 3 0x800089e8 (0x41b585b3) x11 0x00000001
core   0: 0x800089ec (0x02d47133) remu    sp, s0, a3
core   0: 3 0x800089ec (0x02d47133) x2  0x00000130
core   0: 0x800089f0 (0x00001814) c.addi4spn a3, sp, 48
core   0: 3 0x800089f0 (0x1814) x13 0x00000160
core   0: 0x800089f2 (0x0284e263) bltu    s1, s0, pc + 36
core   0: 3 0x800089f2 (0x0284e263)
core   0: 0x80008a16 (0x87ffef97) auipc   t6, 0x87ffe
core   0: 3 0x80008a16 (0x87ffef97) x31 0x08006a16
core   0: 0x80008a1a (0x86de0a13) addi    s4, t3, -1939
core   0: 3 0x80008a1a (0x86de0a13) x20 0xfb8e1c8d
core   0: 0x80008a1e (0x00000732) c.slli  a4, 12
core   0: 3 0x80008a1e (0x0732) x14 0x00001000
core   0: 0x80008a20 (0x41ef08b3) sub     a7, t5, t5
core   0: 3 0x80008a20 (0x41ef08b3) x17 0x00000000
core   0: 0x80008a24 (0x036192b3) mulh    t0, gp, s6
core   0: 3 0x80008a24 (0x036192b3) x5  0x00000000
core   0: 0x80008a28 (0xb68efe93) andi    t4, t4, -1176
core   0: 3 0x80008a28 (0xb68efe93) x29 0xfffffa08
core   0: 0x80008a2c (0x4bc5b693) sltiu   a3, a1, 1212
core   0: 3 0x80008a2c (0x4bc5b693) x13 0x00000001
core   0: 0x80008a30 (0x00001b88) c.addi4spn a0, sp, 496
core   0: 3 0x80008a30 (0x1b88) x10 0x00000320
core   0: 0x80008a32 (0x020ef2b3) remu    t0, t4, zero
core   0: 3 0x80008a32 (0x020ef2b3) x5  0xfffffa08
core   0: 0x80008a36 (0x034a7fb3) remu    t6, s4, s4
core   0: 3 0x80008a36 (0x034a7fb3) x31 0x00000000
core   0: 0x80008a3a (0x021b4533) div     a0, s6, ra
core   0: 3 0x80008a3a (0x021b4533) x10 0xffffffff
core   0: 0x80008a3e (0x01c1d0b3) srl     ra, gp, t3
core   0: 3 0x80008a3e (0x01c1d0b3) x1  0x00000000
core   0: 0x80008a42 (0x00000c9e) c.slli  s9, 7
core   0: 3 0x80008a42 (0x0c9e) x25 0xffffff80
core   0: 0x80008a44 (0x03847e63) bgeu    s0, s8, pc + 60
core   0: 3 0x80008a44 (0x03847e63)
core   0: 0x80008a80 (0x83714b37) lui     s6, 0x83714
core   0: 3 0x80008a80 (0x83714b37) x22 0x83714000
core   0: 0x80008a84 (0x01074f63) blt     a4, a6, pc + 30
core   0: 3 0x80008a84 (0x01074f63)
core   0: 0x80008a88 (0x017a3a33) sltu    s4, s4, s7
core   0: 3 0x80008a88 (0x017a3a33) x20 0x00000001
core   0: 0x80008a8c (0x00000001) c.nop
core   0: 3 0x80008a8c (0x0001)
core   0: 0x80008a8e (0x03e81bb3) mulh    s7, a6, t5
core   0: 3 0x80008a8e (0x03e81bb3) x23 0x00000000
core   0: 0x80008a92 (0x014b1013) slli    zero, s6, 20
core   0: 3 0x80008a92 (0x014b1013)
core   0: 0x80008a96 (0x0145dd33) srl     s10, a1, s4
core   0: 3 0x80008a96 (0x0145dd33) x26 0x00000000
core   0: 0x80008a9a (0x41fc8a33) sub     s4, s9, t6
core   0: 3 0x80008a9a (0x41fc8a33) x20 0xffffff80
core   0: 0x80008a9e (0x00008e99) c.sub   a3, a4
core   0: 3 0x80008a9e (0x8e99) x13 0xfffff001
core   0: 0x80008aa0 (0x0000717d) c.addi16sp sp, -16
core   0: 3 0x80008aa0 (0x717d) x2  0x00000120
core   0: 0x80008aa2 (0x04d6eb13) ori     s6, a3, 77
core   0: 3 0x80008aa2 (0x04d6eb13) x22 0xfffff04d
core   0: 0x80008aa6 (0x03b00563) beq     zero, s11, pc + 42
core   0: 3 0x80008aa6 (0x03b00563)
core   0: 0x80008aaa (0x00008541) c.srai  a0, 16
core   0: 3 0x80008aaa (0x8541) x10 0xffffffff
core   0: 0x80008aac (0xfff544b7) lui     s1, 0xfff54
core   0: 3 0x80008aac (0xfff544b7) x9  0xfff54000
core   0: 0x80008ab0 (0x037729b3) mulhsu  s3, a4, s7
core   0: 3 0x80008ab0 (0x037729b3) x19 0x00000000
core   0: 0x80008ab4 (0xdc800013) li      zero, -568
core   0: 3 0x80008ab4 (0xdc800013)
core   0: 0x80008ab8 (0x01ba34b3) sltu    s1, s4, s11
core   0: 3 0x80008ab8 (0x01ba34b3) x9  0x00000001
core   0: 0x80008abc (0x00dd0463) beq     s10, a3, pc + 8
core   0: 3 0x80008abc (0x00dd0463)
core   0: 0x80008ac0 (0x00ec5a33) srl     s4, s8, a4
core   0: 3 0x80008ac0 (0x00ec5a33) x20 0x00000000
core   0: 0x80008ac4 (0x4465aa13) slti    s4, a1, 1094
core   0: 3 0x80008ac4 (0x4465aa13) x20 0x00000001
core   0: 0x80008ac8 (0x02cd8233) mul     tp, s11, a2
core   0: 3 0x80008ac8 (0x02cd8233) x4  0x00000000
core   0: 0x80008acc (0x02e0da33) divu    s4, ra, a4
core   0: 3 0x80008acc (0x02e0da33) x20 0x00000000
core   0: 0x80008ad0 (0x00009a7d) c.andi  a2, -1
core   0: 3 0x80008ad0 (0x9a7d) x12 0x00000000
core   0: 0x80008ad2 (0xbdf46e37) lui     t3, 0xbdf46
core   0: 3 0x80008ad2 (0xbdf46e37) x28 0xbdf46000
core   0: 0x80008ad6 (0x00000fc1) c.addi  t6, 16
core   0: 3 0x80008ad6 (0x0fc1) x31 0x00000010
core   0: 0x80008ad8 (0x000d00b3) add     ra, s10, zero
core   0: 3 0x80008ad8 (0x000d00b3) x1  0x00000000
core   0: 0x80008adc (0x0000191c) c.addi4spn a5, sp, 176
core   0: 3 0x80008adc (0x191c) x15 0x000001d0
core   0: 0x80008ade (0x004fc333) xor     t1, t6, tp
core   0: 3 0x80008ade (0x004fc333) x6  0x00000010
core   0: 0x80008ae2 (0xecf2ad93) slti    s11, t0, -305
core   0: 3 0x80008ae2 (0xecf2ad93) x27 0x00000001
core   0: 0x80008ae6 (0x000c89b3) add     s3, s9, zero
core   0: 3 0x80008ae6 (0x000c89b3) x19 0xffffff80
core   0: 0x80008aea (0xdb56f793) andi    a5, a3, -587
core   0: 3 0x80008aea (0xdb56f793) x15 0xfffff001
core   0: 0x80008aee (0x016c5c33) srl     s8, s8, s6
core   0: 3 0x80008aee (0x016c5c33) x24 0x00000000
core   0: 0x80008af2 (0xcccf8313) addi    t1, t6, -820
core   0: 3 0x80008af2 (0xcccf8313) x6  0xfffffcdc
core   0: 0x80008af6 (0x00006325) c.lui   t1, 0x9
core   0: 3 0x80008af6 (0x6325) x6  0x00009000
core   0: 0x80008af8 (0x000083e9) c.srli  a5, 26
core   0: 3 0x80008af8 (0x83e9) x15 0x0000003f
core   0: 0x80008afa (0x02041fb3) mulh    t6, s0, zero
core   0: 3 0x80008afa (0x02041fb3) x31 0x00000000
core   0: 0x80008afe (0x030703b3) mul     t2, a4, a6
core   0: 3 0x80008afe (0x030703b3) x7  0x00000000
core   0: 0x80008b02 (0x02a1aeb3) mulhsu  t4, gp, a0
core   0: 3 0x80008b02 (0x02a1aeb3) x29 0x00000000
core   0: 0x80008b06 (0x00008f59) c.or    a4, a4
core   0: 3 0x80008b06 (0x8f59) x14 0x00001000
core   0: 0x80008b08 (0x00008ef9) c.and   a3, a4
core   0: 3 0x80008b08 (0x8ef9) x13 0x00001000
core   0: 0x80008b0a (0x00009f22) c.add   t5, s0
core   0: 3 0x80008b0a (0x9f22) x30 0x80029ce3
core   0: 0x80008b0c (0x9c2f0d93) addi    s11, t5, -1598
core   0: 3 0x80008b0c (0x9c2f0d93) x27 0x800296a5
core   0: 0x80008b10 (0x00005e7d) c.li    t3, -1
core   0: 3 0x80008b10 (0x5e7d) x28 0xffffffff
core   0: 0x80008b12 (0x00008705) c.srai  a4, 1
core   0: 3 0x80008b12 (0x8705) x14 0x00000800
core   0: 0x80008b14 (0x02141633) mulh    a2, s0, ra
core   0: 3 0x80008b14 (0x02141633) x12 0x00000000
core   0: 0x80008b18 (0x00afd093) srli    ra, t6, 10
core   0: 3 0x80008b18 (0x00afd093) x1  0x00000000
core   0: 0x80008b1c (0x0000cd99) c.beqz  a1, pc + 30
core   0: 3 0x80008b1c (0xcd99)
core   0: 0x80008b1e (0x01fc1c33) sll     s8, s8, t6
core   0: 3 0x80008b1e (0x01fc1c33) x24 0x00000000
core   0: 0x80008b22 (0x00008d9d) c.sub   a1, a5
core   0: 3 0x80008b22 (0x8d9d) x11 0xffffffc2
core   0: 0x80008b24 (0xc1562593) slti    a1, a2, -1003
core   0: 3 0x80008b24 (0xc1562593) x11 0x00000000
core   0: 0x80008b28 (0x0000717d) c.addi16sp sp, -16
core   0: 3 0x80008b28 (0x717d) x2  0x00000110
core   0: 0x80008b2a (0x000087ed) c.srai  a5, 27
core   0: 3 0x80008b2a (0x87ed) x15 0x00000000
core   0: 0x80008b2c (0x01625e33) srl     t3, tp, s6
core   0: 3 0x80008b2c (0x01625e33) x28 0x00000000
core   0: 0x80008b30 (0x00b8afb3) slt     t6, a7, a1
core   0: 3 0x80008b30 (0x00b8afb3) x31 0x00000000
core   0: 0x80008b34 (0x76b3c893) xori    a7, t2, 1899
core   0: 3 0x80008b34 (0x76b3c893) x17 0x0000076b
core   0: 0x80008b38 (0x000082d1) c.srli  a3, 20
core   0: 3 0x80008b38 (0x82d1) x13 0x00000000
core   0: 0x80008b3a (0x01489c93) slli    s9, a7, 20
core   0: 3 0x80008b3a (0x01489c93) x25 0x76b00000
core   0: 0x80008b3e (0x00000001) c.nop
core   0: 3 0x80008b3e (0x0001)
core   0: 0x80008b40 (0x03a98363) beq     s3, s10, pc + 38
core   0: 3 0x80008b40 (0x03a98363)
core   0: 0x80008b44 (0x00008cb1) c.xor   s1, a2
core   0: 3 0x80008b44 (0x8cb1) x9  0x00000001
core   0: 0x80008b46 (0x03b1ab33) mulhsu  s6, gp, s11
core   0: 3 0x80008b46 (0x03b1ab33) x22 0x00000000
core   0: 0x80008b4a (0x0000eb85) c.bnez  a5, pc + 48
core   0: 3 0x80008b4a (0xeb85)
core   0: 0x80008b4c (0x00008e55) c.or    a2, a3
core   0: 3 0x80008b4c (0x8e55) x12 0x00000000
core   0: 0x80008b4e (0x0000717d) c.addi16sp sp, -16
core   0: 3 0x80008b4e (0x717d) x2  0x00000100
core   0: 0x80008b50 (0x0bb98793) addi    a5, s3, 187
core   0: 3 0x80008b50 (0x0bb98793) x15 0x0000003b
core   0: 0x80008b54 (0x00008b7e) c.mv    s6, t6
core   0: 3 0x80008b54 (0x8b7e) x22 0x00000000
core   0: 0x80008b56 (0x50bfbe37) lui     t3, 0x50bfb
core   0: 3 0x80008b56 (0x50bfbe37) x28 0x50bfb000
core   0: 0x80008b5a (0x017df033) and     zero, s11, s7
core   0: 3 0x80008b5a (0x017df033)
core   0: 0x80008b5e (0x03613533) mulhu   a0, sp, s6
core   0: 3 0x80008b5e (0x03613533) x10 0x00000000
core   0: 0x80008b62 (0x00008e7d) c.and   a2, a5
core   0: 3 0x80008b62 (0x8e7d) x12 0x00000000
core   0: 0x80008b64 (0x00008f65) c.and   a4, s1
core   0: 3 0x80008b64 (0x8f65) x14 0x00000000
core   0: 0x80008b66 (0xd9fb0b17) auipc   s6, 0xd9fb0
core   0: 3 0x80008b66 (0xd9fb0b17) x22 0x59fb8b66
core   0: 0x80008b6a (0x02f24eb3) div     t4, tp, a5
core   0: 3 0x80008b6a (0x02f24eb3) x29 0x00000000
core   0: 0x80008b6e (0x0134eb63) bltu    s1, s3, pc + 22
core   0: 3 0x80008b6e (0x0134eb63)
core   0: 0x80008b84 (0x00008f49) c.or    a4, a0
core   0: 3 0x80008b84 (0x8f49) x14 0x00000000
core   0: 0x80008b86 (0x02abe933) rem     s2, s7, a0
core   0: 3 0x80008b86 (0x02abe933) x18 0x00000000
core   0: 0x80008b8a (0x00000001) c.nop
core   0: 3 0x80008b8a (0x0001)
core   0: 0x80008b8c (0x00736a33) or      s4, t1, t2
core   0: 3 0x80008b8c (0x00736a33) x20 0x00009000
core   0: 0x80008b90 (0x01ec5613) srli    a2, s8, 30
core   0: 3 0x80008b90 (0x01ec5613) x12 0x00000000
core   0: 0x80008b94 (0x000004fa) c.slli  s1, 30
core   0: 3 0x80008b94 (0x04fa) x9  0x40000000
core   0: 0x80008b96 (0x00008ca1) c.xor   s1, s0
core   0: 3 0x80008b96 (0x8ca1) x9  0xc0029ce4
core   0: 0x80008b98 (0x00b22633) slt     a2, tp, a1
core   0: 3 0x80008b98 (0x00b22633) x12 0x00000000
core   0: 0x80008b9c (0x005ed8b3) srl     a7, t4, t0
core   0: 3 0x80008b9c (0x005ed8b3) x17 0x00000000
core   0: 0x80008ba0 (0x00000f1a) c.slli  t5, 6
core   0: 3 0x80008ba0 (0x0f1a) x30 0x00a738c0
core   0: 0x80008ba2 (0x0272a9b3) mulhsu  s3, t0, t2
core   0: 3 0x80008ba2 (0x0272a9b3) x19 0x00000000
core   0: 0x80008ba6 (0x0110f3b3) and     t2, ra, a7
core   0: 3 0x80008ba6 (0x0110f3b3) x7  0x00000000
core   0: 0x80008baa (0x02d4e6b3) rem     a3, s1, a3
core   0: 3 0x80008baa (0x02d4e6b3) x13 0xc0029ce4
core   0: 0x80008bae (0x0237eeb3) rem     t4, a5, gp
core   0: 3 0x80008bae (0x0237eeb3) x29 0x0000003b
core   0: 0x80008bb2 (0x96f1e893) ori     a7, gp, -1681
core   0: 3 0x80008bb2 (0x96f1e893) x17 0xfffff96f
core   0: 0x80008bb6 (0x0000717d) c.addi16sp sp, -16
core   0: 3 0x80008bb6 (0x717d) x2  0x000000f0
core   0: 0x80008bb8 (0x0000717d) c.addi16sp sp, -16
core   0: 3 0x80008bb8 (0x717d) x2  0x000000e0
core   0: 0x80008bba (0x00000514) c.addi4spn a3, sp, 640
core   0: 3 0x80008bba (0x0514) x13 0x00000360
core   0: 0x80008bbc (0x01dbb333) sltu    t1, s7, t4
core   0: 3 0x80008bbc (0x01dbb333) x6  0x00000001
core   0: 0x80008bc0 (0x0108df93) srli    t6, a7, 16
core   0: 3 0x80008bc0 (0x0108df93) x31 0x0000ffff
core   0: 0x80008bc4 (0x029a15b3) mulh    a1, s4, s1
core   0: 3 0x80008bc4 (0x029a15b3) x11 0xffffdc01
core   0: 0x80008bc8 (0x00008dad) c.xor   a1, a1
core   0: 3 0x80008bc8 (0x8dad) x11 0x00000000
core   0: 0x80008bca (0x026e0263) beq     t3, t1, pc + 36
core   0: 3 0x80008bca (0x026e0263)
core   0: 0x80008bce (0x7dd46493) ori     s1, s0, 2013
core   0: 3 0x80008bce (0x7dd46493) x9  0x80029ffd
core   0: 0x80008bd2 (0x026d4233) div     tp, s10, t1
core   0: 3 0x80008bd2 (0x026d4233) x4  0x00000000
core   0: 0x80008bd6 (0x00006379) c.lui   t1, 0x1e
core   0: 3 0x80008bd6 (0x6379) x6  0x0001e000
core   0: 0x80008bd8 (0x01f53bb3) sltu    s7, a0, t6
core   0: 3 0x80008bd8 (0x01f53bb3) x23 0x00000001
core   0: 0x80008bdc (0x0000e491) c.bnez  s1, pc + 12
core   0: 3 0x80008bdc (0xe491)
core   0: 0x80008be8 (0x00ce5613) srli    a2, t3, 12
core   0: 3 0x80008be8 (0x00ce5613) x12 0x00050bfb
core   0: 0x80008bec (0x00009c26) c.add   s8, s1
core   0: 3 0x80008bec (0x9c26) x24 0x80029ffd
core   0: 0x80008bee (0x000018fd) c.addi  a7, -1
core   0: 3 0x80008bee (0x18fd) x17 0xfffff96e
core   0: 0x80008bf0 (0x02ac9f63) bne     s9, a0, pc + 62
core   0: 3 0x80008bf0 (0x02ac9f63)
core   0: 0x80008c2e (0x0000e905) c.bnez  a0, pc + 48
core   0: 3 0x80008c2e (0xe905)
core   0: 0x80008c30 (0x001cf4b3) and     s1, s9, ra
core   0: 3 0x80008c30 (0x001cf4b3) x9  0x00000000
core   0: 0x80008c34 (0x00001b7d) c.addi  s6, -1
core   0: 3 0x80008c34 (0x1b7d) x22 0x59fb8b65
core   0: 0x80008c36 (0x01f42533) slt     a0, s0, t6
core   0: 3 0x80008c36 (0x01f42533) x10 0x00000001
core   0: 0x80008c3a (0x9dc29db7) lui     s11, 0x9dc29
core   0: 3 0x80008c3a (0x9dc29db7) x27 0x9dc29000
core   0: 0x80008c3e (0x0000450d) c.li    a0, 3
core   0: 3 0x80008c3e (0x450d) x10 0x00000003
core   0: 0x80008c40 (0x02925463) bge     tp, s1, pc + 40
core   0: 3 0x80008c40 (0x02925463)
core   0: 0x80008c68 (0x00000001) c.nop
core   0: 3 0x80008c68 (0x0001)
core   0: 0x80008c6a (0x00581613) slli    a2, a6, 5
core   0: 3 0x80008c6a (0x00581613) x12 0x00000000
core   0: 0x80008c6e (0x031a7963) bgeu    s4, a7, pc + 50
core   0: 3 0x80008c6e (0x031a7963)
core   0: 0x80008c72 (0x00000001) c.nop
core   0: 3 0x80008c72 (0x0001)
core   0: 0x80008c74 (0x02201733) mulh    a4, zero, sp
core   0: 3 0x80008c74 (0x02201733) x14 0x00000000
core   0: 0x80008c78 (0x02e206b3) mul     a3, tp, a4
core   0: 3 0x80008c78 (0x02e206b3) x13 0x00000000
core   0: 0x80008c7c (0x0160f633) and     a2, ra, s6
core   0: 3 0x80008c7c (0x0160f633) x12 0x00000000
core   0: 0x80008c80 (0x01b06363) bltu    zero, s11, pc + 6
core   0: 3 0x80008c80 (0x01b06363)
core   0: 0x80008c86 (0x0071ec33) or      s8, gp, t2
core   0: 3 0x80008c86 (0x0071ec33) x24 0x00000000
core   0: 0x80008c8a (0x0288e933) rem     s2, a7, s0
core   0: 3 0x80008c8a (0x0288e933) x18 0xfffff96e
core   0: 0x80008c8e (0x036adbb3) divu    s7, s5, s6
core   0: 3 0x80008c8e (0x036adbb3) x23 0x00000001
core   0: 0x80008c92 (0x00009d1e) c.add   s10, t2
core   0: 3 0x80008c92 (0x9d1e) x26 0x00000000
core   0: 0x80008c94 (0x00008f35) c.xor   a4, a3
core   0: 3 0x80008c94 (0x8f35) x14 0x00000000
core   0: 0x80008c96 (0x41f082b3) sub     t0, ra, t6
core   0: 3 0x80008c96 (0x41f082b3) x5  0xffff0001
core   0: 0x80008c9a (0x0350c7b3) div     a5, ra, s5
core   0: 3 0x80008c9a (0x0350c7b3) x15 0x00000000
core   0: 0x80008c9e (0x0000616d) c.addi16sp sp, 240
core   0: 3 0x80008c9e (0x616d) x2  0x000001d0
core   0: 0x80008ca0 (0x0092e3b3) or      t2, t0, s1
core   0: 3 0x80008ca0 (0x0092e3b3) x7  0xffff0001
core   0: 0x80008ca4 (0x0212cfb3) div     t6, t0, ra
core   0: 3 0x80008ca4 (0x0212cfb3) x31 0xffffffff
core   0: 0x80008ca8 (0x032b62b3) rem     t0, s6, s2
core   0: 3 0x80008ca8 (0x032b62b3) x5  0x000000d3
core   0: 0x80008cac (0x362b7f93) andi    t6, s6, 866
core   0: 3 0x80008cac (0x362b7f93) x31 0x00000360
core   0: 0x80008cb0 (0x01c49b33) sll     s6, s1, t3
core   0: 3 0x80008cb0 (0x01c49b33) x22 0x00000000
core   0: 0x80008cb4 (0x0a86d737) lui     a4, 0xa86d
core   0: 3 0x80008cb4 (0x0a86d737) x14 0x0a86d000
core   0: 0x80008cb8 (0x01fe9563) bne     t4, t6, pc + 10
core   0: 3 0x80008cb8 (0x01fe9563)
core   0: 0x80008cc2 (0x995da893) slti    a7, s11, -1643
core   0: 3 0x80008cc2 (0x995da893) x17 0x00000001
core   0: 0x80008cc6 (0x00846233) or      tp, s0, s0
core   0: 3 0x80008cc6 (0x00846233) x4  0x80029ce4
core   0: 0x80008cca (0x01f0b633) sltu    a2, ra, t6
core   0: 3 0x80008cca (0x01f0b633) x12 0x00000001
core   0: 0x80008cce (0x006ae2b3) or      t0, s5, t1
core   0: 3 0x80008cce (0x006ae2b3) x5  0x8003fe64
core   0: 0x80008cd2 (0x00008cf9) c.and   s1, a4
core   0: 3 0x80008cd2 (0x8cf9) x9  0x00000000
core   0: 0x80008cd4 (0x00008a49) c.andi  a2, 18
core   0: 3 0x80008cd4 (0x8a49) x12 0x00000000
core   0: 0x80008cd6 (0x01e2ee63) bltu    t0, t5, pc + 28
core   0: 3 0x80008cd6 (0x01e2ee63)
core   0: 0x80008cda (0x00008fe9) c.and   a5, a0
core   0: 3 0x80008cda (0x8fe9) x15 0x00000000
core   0: 0x80008cdc (0x40970f33) sub     t5, a4, s1
core   0: 3 0x80008cdc (0x40970f33) x30 0x0a86d000
core   0: 0x80008ce0 (0xbbd10993) addi    s3, sp, -1091
core   0: 3 0x80008ce0 (0xbbd10993) x19 0xfffffd8d
core   0: 0x80008ce4 (0x4c090893) addi    a7, s2, 1216
core   0: 3 0x80008ce4 (0x4c090893) x17 0xfffffe2e
core   0: 0x80008ce8 (0x40892993) slti    s3, s2, 1032
core   0: 3 0x80008ce8 (0x40892993) x19 0x00000001
core   0: 0x80008cec (0x0000010c) c.addi4spn a1, sp, 128
core   0: 3 0x80008cec (0x010c) x11 0x00000250
core   0: 0x80008cee (0x00008691) c.srai  a3, 4
core   0: 3 0x80008cee (0x8691) x13 0x00000000
core   0: 0x80008cf0 (0x000086f6) c.mv    a3, t4
core   0: 3 0x80008cf0 (0x86f6) x13 0x0000003b
core   0: 0x80008cf2 (0x40edd7b3) sra     a5, s11, a4
core   0: 3 0x80008cf2 (0x40edd7b3) x15 0x9dc29000
core   0: 0x80008cf6 (0x6e823393) sltiu   t2, tp, 1768
core   0: 3 0x80008cf6 (0x6e823393) x7  0x00000000
core   0: 0x80008cfa (0x00206f63) bltu    zero, sp, pc + 30
core   0: 3 0x80008cfa (0x00206f63)
core   0: 0x80008d18 (0x947e2b93) slti    s7, t3, -1721
core   0: 3 0x80008d18 (0x947e2b93) x23 0x00000000
core   0: 0x80008d1c (0x00008f11) c.sub   a4, a2
core   0: 3 0x80008d1c (0x8f11) x14 0x0a86d000
core   0: 0x80008d1e (0x00009cbe) c.add   s9, a5
core   0: 3 0x80008d1e (0x9cbe) x25 0x14729000
core   0: 0x80008d20 (0x00008511) c.srai  a0, 4
core   0: 3 0x80008d20 (0x8511) x10 0x00000000
core   0: 0x80008d22 (0x00008d3d) c.xor   a0, a5
core   0: 3 0x80008d22 (0x8d3d) x10 0x9dc29000
core   0: 0x80008d24 (0x00006111) c.addi16sp sp, 256
core   0: 3 0x80008d24 (0x6111) x2  0x000002d0
core   0: 0x80008d26 (0x0000030c) c.addi4spn a1, sp, 384
core   0: 3 0x80008d26 (0x030c) x11 0x00000450
core   0: 0x80008d28 (0x00004655) c.li    a2, 21
core   0: 3 0x80008d28 (0x4655) x12 0x00000015
core   0: 0x80008d2a (0x02858c33) mul     s8, a1, s0
core   0: 3 0x80008d2a (0x02858c33) x24 0x0b449740
core   0: 0x80008d2e (0x397ce013) ori     zero, s9, 919
core   0: 3 0x80008d2e (0x397ce013)
core   0: 0x80008d32 (0x02bd2b33) mulhsu  s6, s10, a1
core   0: 3 0x80008d32 (0x02bd2b33) x22 0x00000000
core   0: 0x80008d36 (0x69364193) xori    gp, a2, 1683
core   0: 3 0x80008d36 (0x69364193) x3  0x00000686
core   0: 0x80008d3a (0x07f72b13) slti    s6, a4, 127
core   0: 3 0x80008d3a (0x07f72b13) x22 0x00000000
core   0: 0x80008d3e (0x00008539) c.srai  a0, 14
core   0: 3 0x80008d3e (0x8539) x10 0xfffe770a
core   0: 0x80008d40 (0x00004f55) c.li    t5, 21
core   0: 3 0x80008d40 (0x4f55) x30 0x00000015
core   0: 0x80008d42 (0x036bd263) bge     s7, s6, pc + 36
core   0: 3 0x80008d42 (0x036bd263)
core   0: 0x80008d66 (0x01298cb3) add     s9, s3, s2
core   0: 3 0x80008d66 (0x01298cb3) x25 0xfffff96f
core   0: 0x80008d6a (0x0000e195) c.bnez  a1, pc + 36
core   0: 3 0x80008d6a (0xe195)
core   0: 0x80008d8e (0x01643e33) sltu    t3, s0, s6
core   0: 3 0x80008d8e (0x01643e33) x28 0x00000000
core   0: 0x80008d92 (0x00000dae) c.slli  s11, 11
core   0: 3 0x80008d92 (0x0dae) x27 0x14800000
core   0: 0x80008d94 (0x02459c33) mulh    s8, a1, tp
core   0: 3 0x80008d94 (0x02459c33) x24 0xfffffdd8
core   0: 0x80008d98 (0x00ca8033) add     zero, s5, a2
core   0: 3 0x80008d98 (0x00ca8033)
core   0: 0x80008d9c (0x00001d1c) c.addi4spn a5, sp, 688
core   0: 3 0x80008d9c (0x1d1c) x15 0x00000580
core   0: 0x80008d9e (0x413f8633) sub     a2, t6, s3
core   0: 3 0x80008d9e (0x413f8633) x12 0x0000035f
core   0: 0x80008da2 (0x8eee4f93) xori    t6, t3, -1810
core   0: 3 0x80008da2 (0x8eee4f93) x31 0xfffff8ee
core   0: 0x80008da6 (0x03d0ad33) mulhsu  s10, ra, t4
core   0: 3 0x80008da6 (0x03d0ad33) x26 0x00000000
core   0: 0x80008daa (0x03669a33) mulh    s4, a3, s6
core   0: 3 0x80008daa (0x03669a33) x20 0x00000000
core   0: 0x80008dae (0xbe34bb13) sltiu   s6, s1, -1053
core   0: 3 0x80008dae (0xbe34bb13) x22 0x00000001
core   0: 0x80008db2 (0xa418c2b7) lui     t0, 0xa418c
core   0: 3 0x80008db2 (0xa418c2b7) x5  0xa418c000
core   0: 0x80008db6 (0x00006155) c.addi16sp sp, 304
core   0: 3 0x80008db6 (0x6155) x2  0x00000400
core   0: 0x80008db8 (0x6f05bc13) sltiu   s8, a1, 1776
core   0: 3 0x80008db8 (0x6f05bc13) x24 0x00000001
core   0: 0x80008dbc (0x0000934a) c.add   t1, s2
core   0: 3 0x80008dbc (0x934a) x6  0x0001d96e
core   0: 0x80008dbe (0x0000c699) c.beqz  a3, pc + 14
core   0: 3 0x80008dbe (0xc699)
core   0: 0x80008dc0 (0x000098b2) c.add   a7, a2
core   0: 3 0x80008dc0 (0x98b2) x17 0x0000018d
core   0: 0x80008dc2 (0x0000078c) c.addi4spn a1, sp, 960
core   0: 3 0x80008dc2 (0x078c) x11 0x000007c0
core   0: 0x80008dc4 (0x00eb9463) bne     s7, a4, pc + 8
core   0: 3 0x80008dc4 (0x00eb9463)
core   0: 0x80008dcc (0x02942cb3) mulhsu  s9, s0, s1
core   0: 3 0x80008dcc (0x02942cb3) x25 0x00000000
core   0: 0x80008dd0 (0x4efca293) slti    t0, s9, 1263
core   0: 3 0x80008dd0 (0x4efca293) x5  0x00000001
core   0: 0x80008dd4 (0x00a15333) srl     t1, sp, a0
core   0: 3 0x80008dd4 (0x00a15333) x6  0x00000001
core   0: 0x80008dd8 (0x00008235) c.srli  a2, 13
core   0: 3 0x80008dd8 (0x8235) x12 0x00000000
core   0: 0x80008dda (0x03c5edb3) rem     s11, a1, t3
core   0: 3 0x80008dda (0x03c5edb3) x27 0x000007c0
core   0: 0x80008dde (0x0113fa33) and     s4, t2, a7
core   0: 3 0x80008dde (0x0113fa33) x20 0x00000000
core   0: 0x80008de2 (0x03527763) bgeu    tp, s5, pc + 46
core   0: 3 0x80008de2 (0x03527763)
core   0: 0x80008e10 (0x0303e363) bltu    t2, a6, pc + 38
core   0: 3 0x80008e10 (0x0303e363)
core   0: 0x80008e36 (0x00f0a1b3) slt     gp, ra, a5
core   0: 3 0x80008e36 (0x00f0a1b3) x3  0x00000001
core   0: 0x80008e3a (0x0000e601) c.bnez  a2, pc + 8
core   0: 3 0x80008e3a (0xe601)
core   0: 0x80008e3c (0xc132f913) andi    s2, t0, -1005
core   0: 3 0x80008e3c (0xc132f913) x18 0x00000001
core   0: 0x80008e40 (0x0000874a) c.mv    a4, s2
core   0: 3 0x80008e40 (0x874a) x14 0x00000001
core   0: 0x80008e42 (0x00008359) c.srli  a4, 22
core   0: 3 0x80008e42 (0x8359) x14 0x00000000
core   0: 0x80008e44 (0x00c47db3) and     s11, s0, a2
core   0: 3 0x80008e44 (0x00c47db3) x27 0x00000000
core   0: 0x80008e48 (0x00008579) c.srai  a0, 30
core   0: 3 0x80008e48 (0x8579) x10 0xffffffff
core   0: 0x80008e4a (0x00008ca5) c.xor   s1, s1
core   0: 3 0x80008e4a (0x8ca5) x9  0x00000000
core   0: 0x80008e4c (0x00008ce9) c.and   s1, a0
core   0: 3 0x80008e4c (0x8ce9) x9  0x00000000
core   0: 0x80008e4e (0xd1b03613) sltiu   a2, zero, -741
core   0: 3 0x80008e4e (0xd1b03613) x12 0x00000001
core   0: 0x80008e52 (0x02f10533) mul     a0, sp, a5
core   0: 3 0x80008e52 (0x02f10533) x10 0x00160000
core   0: 0x80008e56 (0x4d90a0b7) lui     ra, 0x4d90a
core   0: 3 0x80008e56 (0x4d90a0b7) x1  0x4d90a000
core   0: 0x80008e5a (0x0000815d) c.srli  a0, 23
core   0: 3 0x80008e5a (0x815d) x10 0x00000000
core   0: 0x80008e5c (0x02ed24b3) mulhsu  s1, s10, a4
core   0: 3 0x80008e5c (0x02ed24b3) x9  0x00000000
core   0: 0x80008e60 (0xab82c213) xori    tp, t0, -1352
core   0: 3 0x80008e60 (0xab82c213) x4  0xfffffab9
core   0: 0x80008e64 (0x00008cf5) c.and   s1, a3
core   0: 3 0x80008e64 (0x8cf5) x9  0x00000000
core   0: 0x80008e66 (0x031c6333) rem     t1, s8, a7
core   0: 3 0x80008e66 (0x031c6333) x6  0x00000001
core   0: 0x80008e6a (0x40d35c93) srai    s9, t1, 13
core   0: 3 0x80008e6a (0x40d35c93) x25 0x00000000
core   0: 0x80008e6e (0x07e8bc13) sltiu   s8, a7, 126
core   0: 3 0x80008e6e (0x07e8bc13) x24 0x00000000
core   0: 0x80008e72 (0x02a82a33) mulhsu  s4, a6, a0
core   0: 3 0x80008e72 (0x02a82a33) x20 0x00000000
core   0: 0x80008e76 (0x004a6f63) bltu    s4, tp, pc + 30
core   0: 3 0x80008e76 (0x004a6f63)
core   0: 0x80008e94 (0x0000035d) c.addi  t1, 23
core   0: 3 0x80008e94 (0x035d) x6  0x00000018
core   0: 0x80008e96 (0x03958863) beq     a1, s9, pc + 48
core   0: 3 0x80008e96 (0x03958863)
core   0: 0x80008e9a (0x4130db93) srai    s7, ra, 19
core   0: 3 0x80008e9a (0x4130db93) x23 0x000009b2
core   0: 0x80008e9e (0x8d86aa13) slti    s4, a3, -1832
core   0: 3 0x80008e9e (0x8d86aa13) x20 0x00000000
core   0: 0x80008ea2 (0x0334c363) blt     s1, s3, pc + 38
core   0: 3 0x80008ea2 (0x0334c363)
core   0: 0x80008ec8 (0x023e2e33) mulhsu  t3, t3, gp
core   0: 3 0x80008ec8 (0x023e2e33) x28 0x00000000
core   0: 0x80008ecc (0x37348113) addi    sp, s1, 883
core   0: 3 0x80008ecc (0x37348113) x2  0x00000373
core   0: 0x80008ed0 (0x03040333) mul     t1, s0, a6
core   0: 3 0x80008ed0 (0x03040333) x6  0x00000000
core   0: 0x80008ed4 (0x01f764b3) or      s1, a4, t6
core   0: 3 0x80008ed4 (0x01f764b3) x9  0xfffff8ee
core   0: 0x80008ed8 (0x0000cc8d) c.beqz  s1, pc + 58
core   0: 3 0x80008ed8 (0xcc8d)
core   0: 0x80008eda (0x56dbd3b7) lui     t2, 0x56dbd
core   0: 3 0x80008eda (0x56dbd3b7) x7  0x56dbd000
core   0: 0x80008ede (0x00eadf33) srl     t5, s5, a4
core   0: 3 0x80008ede (0x00eadf33) x30 0x80025e64
core   0: 0x80008ee2 (0x000081ed) c.srli  a1, 27
core   0: 3 0x80008ee2 (0x81ed) x11 0x00000000
core   0: 0x80008ee4 (0x00008d49) c.or    a0, a0
core   0: 3 0x80008ee4 (0x8d49) x10 0x00000000
core   0: 0x80008ee6 (0x00008d3d) c.xor   a0, a5
core   0: 3 0x80008ee6 (0x8d3d) x10 0x00000580
core   0: 0x80008ee8 (0x02d4cbb3) div     s7, s1, a3
core   0: 3 0x80008ee8 (0x02d4cbb3) x23 0xffffffe2
core   0: 0x80008eec (0x00000f8a) c.slli  t6, 2
core   0: 3 0x80008eec (0x0f8a) x31 0xffffe3b8
core   0: 0x80008eee (0x032dadb3) mulhsu  s11, s11, s2
core   0: 3 0x80008eee (0x032dadb3) x27 0x00000000
core   0: 0x80008ef2 (0x036a6063) bltu    s4, s6, pc + 32
core   0: 3 0x80008ef2 (0x036a6063)
core   0: 0x80008f12 (0x0000e1a1) c.bnez  a1, pc + 64
core   0: 3 0x80008f12 (0xe1a1)
core   0: 0x80008f14 (0x00cb3b33) sltu    s6, s6, a2
core   0: 3 0x80008f14 (0x00cb3b33) x22 0x00000000
core   0: 0x80008f18 (0x00006141) c.addi16sp sp, 16
core   0: 3 0x80008f18 (0x6141) x2  0x00000383
core   0: 0x80008f1a (0xb10ac193) xori    gp, s5, -1264
core   0: 3 0x80008f1a (0xb10ac193) x3  0x7ffda574
core   0: 0x80008f1e (0x00009f9a) c.add   t6, t1
core   0: 3 0x80008f1e (0x9f9a) x31 0xffffe3b8
core   0: 0x80008f20 (0x00000001) c.nop
core   0: 3 0x80008f20 (0x0001)
core   0: 0x80008f22 (0x03c15db3) divu    s11, sp, t3
core   0: 3 0x80008f22 (0x03c15db3) x27 0xffffffff
core   0: 0x80008f26 (0x00f09533) sll     a0, ra, a5
core   0: 3 0x80008f26 (0x00f09533) x10 0x4d90a000
core   0: 0x80008f2a (0x00c09e33) sll     t3, ra, a2
core   0: 3 0x80008f2a (0x00c09e33) x28 0x9b214000
core   0: 0x80008f2e (0x0000ef11) c.bnez  a4, pc + 28
core   0: 3 0x80008f2e (0xef11)
core   0: 0x80008f30 (0x029354b3) divu    s1, t1, s1
core   0: 3 0x80008f30 (0x029354b3) x9  0x00000000
core   0: 0x80008f34 (0x01b667b3) or      a5, a2, s11
core   0: 3 0x80008f34 (0x01b667b3) x15 0xffffffff
core   0: 0x80008f38 (0x011d5313) srli    t1, s10, 17
core   0: 3 0x80008f38 (0x011d5313) x6  0x00000000
core   0: 0x80008f3c (0x00008dd5) c.or    a1, a3
core   0: 3 0x80008f3c (0x8dd5) x11 0x0000003b
core   0: 0x80008f3e (0x00008225) c.srli  a2, 9
core   0: 3 0x80008f3e (0x8225) x12 0x00000000
core   0: 0x80008f40 (0x00bfc463) blt     t6, a1, pc + 8
core   0: 3 0x80008f40 (0x00bfc463)
core   0: 0x80008f48 (0x00000fe6) c.slli  t6, 25
core   0: 3 0x80008f48 (0x0fe6) x31 0x70000000
core   0: 0x80008f4a (0x05708263) beq     ra, s7, pc + 68
core   0: 3 0x80008f4a (0x05708263)
core   0: 0x80008f4e (0x00622e93) slti    t4, tp, 6
core   0: 3 0x80008f4e (0x00622e93) x29 0x00000001
core   0: 0x80008f52 (0x02b0e163) bltu    ra, a1, pc + 34
core   0: 3 0x80008f52 (0x02b0e163)
core   0: 0x80008f56 (0x02fad033) divu    zero, s5, a5
core   0: 3 0x80008f56 (0x02fad033)
core   0: 0x80008f5a (0x00875c13) srli    s8, a4, 8
core   0: 3 0x80008f5a (0x00875c13) x24 0x00000000
core   0: 0x80008f5e (0x525c7b13) andi    s6, s8, 1317
core   0: 3 0x80008f5e (0x525c7b13) x22 0x00000000
core   0: 0x80008f62 (0x01425633) srl     a2, tp, s4
core   0: 3 0x80008f62 (0x01425633) x12 0xfffffab9
core   0: 0x80008f66 (0x013391b3) sll     gp, t2, s3
core   0: 3 0x80008f66 (0x013391b3) x3  0xadb7a000
core   0: 0x80008f6a (0x02410863) beq     sp, tp, pc + 48
core   0: 3 0x80008f6a (0x02410863)
core   0: 0x80008f6e (0x02e63533) mulhu   a0, a2, a4
core   0: 3 0x80008f6e (0x02e63533) x10 0x00000000
core   0: 0x80008f72 (0x00001a90) c.addi4spn a2, sp, 368
core   0: 3 0x80008f72 (0x1a90) x12 0x000004f3
core   0: 0x80008f74 (0x6b8fff93) andi    t6, t6, 1720
core   0: 3 0x80008f74 (0x6b8fff93) x31 0x00000000
core   0: 0x80008f78 (0xe93ba793) slti    a5, s7, -365
core   0: 3 0x80008f78 (0xe93ba793) x15 0x00000000
core   0: 0x80008f7c (0x00006109) c.addi16sp sp, 128
core   0: 3 0x80008f7c (0x6109) x2  0x00000403
core   0: 0x80008f7e (0x0000e195) c.bnez  a1, pc + 36
core   0: 3 0x80008f7e (0xe195)
core   0: 0x80008fa2 (0x00410033) add     zero, sp, tp
core   0: 3 0x80008fa2 (0x00410033)
core   0: 0x80008fa6 (0x0000c901) c.beqz  a0, pc + 16
core   0: 3 0x80008fa6 (0xc901)
core   0: 0x80008fb6 (0x00000fc9) c.addi  t6, 18
core   0: 3 0x80008fb6 (0x0fc9) x31 0x00000012
core   0: 0x80008fb8 (0x4161de93) srai    t4, gp, 22
core   0: 3 0x80008fb8 (0x4161de93) x29 0xfffffeb6
core   0: 0x80008fbc (0x2ce8ae93) slti    t4, a7, 718
core   0: 3 0x80008fbc (0x2ce8ae93) x29 0x00000001
core   0: 0x80008fc0 (0x02666e63) bltu    a2, t1, pc + 60
core   0: 3 0x80008fc0 (0x02666e63)
core   0: 0x80008fc4 (0x031d5663) bge     s10, a7, pc + 44
core   0: 3 0x80008fc4 (0x031d5663)
core   0: 0x80008fc8 (0xbf098013) addi    zero, s3, -1040
core   0: 3 0x80008fc8 (0xbf098013)
core   0: 0x80008fcc (0x03c507b3) mul     a5, a0, t3
core   0: 3 0x80008fcc (0x03c507b3) x15 0x00000000
core   0: 0x80008fd0 (0x01cf55b3) srl     a1, t5, t3
core   0: 3 0x80008fd0 (0x01cf55b3) x11 0x80025e64
core   0: 0x80008fd4 (0x05928463) beq     t0, s9, pc + 72
core   0: 3 0x80008fd4 (0x05928463)
core   0: 0x80008fd8 (0x032a9233) mulh    tp, s5, s2
core   0: 3 0x80008fd8 (0x032a9233) x4  0xffffffff
core   0: 0x80008fdc (0x01736eb3) or      t4, t1, s7
core   0: 3 0x80008fdc (0x01736eb3) x29 0xffffffe2
core   0: 0x80008fe0 (0x0355cc33) div     s8, a1, s5
core   0: 3 0x80008fe0 (0x0355cc33) x24 0x00000001
core   0: 0x80008fe4 (0x000bed33) or      s10, s7, zero
core   0: 3 0x80008fe4 (0x000bed33) x26 0xffffffe2
core   0: 0x80008fe8 (0x000018fd) c.addi  a7, -1
core   0: 3 0x80008fe8 (0x18fd) x17 0x0000018c
core   0: 0x80008fea (0x00000719) c.addi  a4, 6
core   0: 3 0x80008fea (0x0719) x14 0x00000006
core   0: 0x80008fec (0x00fa6a33) or      s4, s4, a5
core   0: 3 0x80008fec (0x00fa6a33) x20 0x00000000
core   0: 0x80008ff0 (0x03b7e763) bltu    a5, s11, pc + 46
core   0: 3 0x80008ff0 (0x03b7e763)
core   0: 0x8000901e (0x006850b3) srl     ra, a6, t1
core   0: 3 0x8000901e (0x006850b3) x1  0x80000000
core   0: 0x80009022 (0x0376cd33) div     s10, a3, s7
core   0: 3 0x80009022 (0x0376cd33) x26 0xffffffff
core   0: 0x80009026 (0x024c6863) bltu    s8, tp, pc + 48
core   0: 3 0x80009026 (0x024c6863)
core   0: 0x80009056 (0x00006291) c.lui   t0, 0x4
core   0: 3 0x80009056 (0x6291) x5  0x00004000
core   0: 0x80009058 (0x054c7063) bgeu    s8, s4, pc + 64
core   0: 3 0x80009058 (0x054c7063)
core   0: 0x80009098 (0x033021b3) mulhsu  gp, zero, s3
core   0: 3 0x80009098 (0x033021b3) x3  0x00000000
core   0: 0x8000909c (0x034852b3) divu    t0, a6, s4
core   0: 3 0x8000909c (0x034852b3) x5  0xffffffff
core   0: 0x800090a0 (0x00000817) auipc   a6, 0x0
core   0: 3 0x800090a0 (0x00000817) x16 0x800090a0
core   0: 0x800090a4 (0x00c80813) addi    a6, a6, 12
core   0: 3 0x800090a4 (0x00c80813) x16 0x800090ac
core   0: 0x800090a8 (0x00080067) jr      a6
core   0: 3 0x800090a8 (0x00080067)
core   0: 0x800090ac (0x00004185) c.li    gp, 1
core   0: 3 0x800090ac (0x4185) x3  0x00000001
core   0: 0x800090ae (0x00000073) ecall
core   0: exception trap_machine_ecall, epc 0x800090ae
core   0: >>>>  mtvec_handler
core   0: 0x8000be60 (0x0400006f) j       pc + 0x40
core   0: 3 0x8000be60 (0x0400006f)
core   0: 0x8000bea0 (0x00001471) c.addi  s0, -4
core   0: 3 0x8000bea0 (0x1471) x8  0x80029ce0
core   0: 0x8000bea2 (0x01542023) sw      s5, 0(s0)
core   0: 3 0x8000bea2 (0x01542023) mem 0x80029ce0 0x80025e64
core   0: 0x8000bea6 (0x00040ab3) add     s5, s0, zero
core   0: 3 0x8000bea6 (0x00040ab3) x21 0x80029ce0
core   0: 0x8000beaa (0xf80a8a93) addi    s5, s5, -128
core   0: 3 0x8000beaa (0xf80a8a93) x21 0x80029c60
core   0: 0x8000beae (0x001aa223) sw      ra, 4(s5)
core   0: 3 0x8000beae (0x001aa223) mem 0x80029c64 0x80000000
core   0: 0x8000beb2 (0x002aa423) sw      sp, 8(s5)
core   0: 3 0x8000beb2 (0x002aa423) mem 0x80029c68 0x00000403
core   0: 0x8000beb6 (0x003aa623) sw      gp, 12(s5)
core   0: 3 0x8000beb6 (0x003aa623) mem 0x80029c6c 0x00000001
core   0: 0x8000beba (0x004aa823) sw      tp, 16(s5)
core   0: 3 0x8000beba (0x004aa823) mem 0x80029c70 0xffffffff
core   0: 0x8000bebe (0x005aaa23) sw      t0, 20(s5)
core   0: 3 0x8000bebe (0x005aaa23) mem 0x80029c74 0xffffffff
core   0: 0x8000bec2 (0x006aac23) sw      t1, 24(s5)
core   0: 3 0x8000bec2 (0x006aac23) mem 0x80029c78 0x00000000
core   0: 0x8000bec6 (0x007aae23) sw      t2, 28(s5)
core   0: 3 0x8000bec6 (0x007aae23) mem 0x80029c7c 0x56dbd000
core   0: 0x8000beca (0x028aa023) sw      s0, 32(s5)
core   0: 3 0x8000beca (0x028aa023) mem 0x80029c80 0x80029ce0
core   0: 0x8000bece (0x029aa223) sw      s1, 36(s5)
core   0: 3 0x8000bece (0x029aa223) mem 0x80029c84 0x00000000
core   0: 0x8000bed2 (0x02aaa423) sw      a0, 40(s5)
core   0: 3 0x8000bed2 (0x02aaa423) mem 0x80029c88 0x00000000
core   0: 0x8000bed6 (0x02baa623) sw      a1, 44(s5)
core   0: 3 0x8000bed6 (0x02baa623) mem 0x80029c8c 0x80025e64
core   0: 0x8000beda (0x02caa823) sw      a2, 48(s5)
core   0: 3 0x8000beda (0x02caa823) mem 0x80029c90 0x000004f3
core   0: 0x8000bede (0x02daaa23) sw      a3, 52(s5)
core   0: 3 0x8000bede (0x02daaa23) mem 0x80029c94 0x0000003b
core   0: 0x8000bee2 (0x02eaac23) sw      a4, 56(s5)
core   0: 3 0x8000bee2 (0x02eaac23) mem 0x80029c98 0x00000006
core   0: 0x8000bee6 (0x02faae23) sw      a5, 60(s5)
core   0: 3 0x8000bee6 (0x02faae23) mem 0x80029c9c 0x00000000
core   0: 0x8000beea (0x050aa023) sw      a6, 64(s5)
core   0: 3 0x8000beea (0x050aa023) mem 0x80029ca0 0x800090ac
core   0: 0x8000beee (0x051aa223) sw      a7, 68(s5)
core   0: 3 0x8000beee (0x051aa223) mem 0x80029ca4 0x0000018c
core   0: 0x8000bef2 (0x052aa423) sw      s2, 72(s5)
core   0: 3 0x8000bef2 (0x052aa423) mem 0x80029ca8 0x00000001
core   0: 0x8000bef6 (0x053aa623) sw      s3, 76(s5)
core   0: 3 0x8000bef6 (0x053aa623) mem 0x80029cac 0x00000001
core   0: 0x8000befa (0x054aa823) sw      s4, 80(s5)
core   0: 3 0x8000befa (0x054aa823) mem 0x80029cb0 0x00000000
core   0: 0x8000befe (0x055aaa23) sw      s5, 84(s5)
core   0: 3 0x8000befe (0x055aaa23) mem 0x80029cb4 0x80029c60
core   0: 0x8000bf02 (0x056aac23) sw      s6, 88(s5)
core   0: 3 0x8000bf02 (0x056aac23) mem 0x80029cb8 0x00000000
core   0: 0x8000bf06 (0x057aae23) sw      s7, 92(s5)
core   0: 3 0x8000bf06 (0x057aae23) mem 0x80029cbc 0xffffffe2
core   0: 0x8000bf0a (0x078aa023) sw      s8, 96(s5)
core   0: 3 0x8000bf0a (0x078aa023) mem 0x80029cc0 0x00000001
core   0: 0x8000bf0e (0x079aa223) sw      s9, 100(s5)
core   0: 3 0x8000bf0e (0x079aa223) mem 0x80029cc4 0x00000000
core   0: 0x8000bf12 (0x07aaa423) sw      s10, 104(s5)
core   0: 3 0x8000bf12 (0x07aaa423) mem 0x80029cc8 0xffffffff
core   0: 0x8000bf16 (0x07baa623) sw      s11, 108(s5)
core   0: 3 0x8000bf16 (0x07baa623) mem 0x80029ccc 0xffffffff
core   0: 0x8000bf1a (0x07caa823) sw      t3, 112(s5)
core   0: 3 0x8000bf1a (0x07caa823) mem 0x80029cd0 0x9b214000
core   0: 0x8000bf1e (0x07daaa23) sw      t4, 116(s5)
core   0: 3 0x8000bf1e (0x07daaa23) mem 0x80029cd4 0xffffffe2
core   0: 0x8000bf22 (0x07eaac23) sw      t5, 120(s5)
core   0: 3 0x8000bf22 (0x07eaac23) mem 0x80029cd8 0x80025e64
core   0: 0x8000bf26 (0x07faae23) sw      t6, 124(s5)
core   0: 3 0x8000bf26 (0x07faae23) mem 0x80029cdc 0x00000012
core   0: 0x8000bf2a (0x000a8433) add     s0, s5, zero
core   0: 3 0x8000bf2a (0x000a8433) x8  0x80029c60
core   0: 0x8000bf2e (0x341026f3) csrr    a3, mepc
core   0: 3 0x8000bf2e (0x341026f3) x13 0x800090ae
core   0: 0x8000bf32 (0x342026f3) csrr    a3, mcause
core   0: 3 0x8000bf32 (0x342026f3) x13 0x0000000b
core   0: 0x8000bf36 (0x00004b8d) c.li    s7, 3
core   0: 3 0x8000bf36 (0x4b8d) x23 0x00000003
core   0: 0x8000bf38 (0x29768563) beq     a3, s7, pc + 650
core   0: 3 0x8000bf38 (0x29768563)
core   0: 0x8000bf3c (0x00004ba1) c.li    s7, 8
core   0: 3 0x8000bf3c (0x4ba1) x23 0x00000008
core   0: 0x8000bf3e (0x05768563) beq     a3, s7, pc + 74
core   0: 3 0x8000bf3e (0x05768563)
core   0: 0x8000bf42 (0x00004ba5) c.li    s7, 9
core   0: 3 0x8000bf42 (0x4ba5) x23 0x00000009
core   0: 0x8000bf44 (0x05768263) beq     a3, s7, pc + 68
core   0: 3 0x8000bf44 (0x05768263)
core   0: 0x8000bf48 (0x00004bad) c.li    s7, 11
core   0: 3 0x8000bf48 (0x4bad) x23 0x0000000b
core   0: 0x8000bf4a (0x03768f63) beq     a3, s7, pc + 62
core   0: 3 0x8000bf4a (0x03768f63)
core   0: 0x8000bf88 (0xffff4697) auipc   a3, 0xffff4
core   0: 3 0x8000bf88 (0xffff4697) x13 0x7fffff88
core   0: 0x8000bf8c (0x07868693) addi    a3, a3, 120
core   0: 3 0x8000bf8c (0x07868693) x13 0x80000000
core   0: 0x8000bf90 (0x0006a023) sw      zero, 0(a3)
core   0: 3 0x8000bf90 (0x0006a023) mem 0x80000000 0x00000000
core   0: 0x8000bf94 (0x0016a223) sw      ra, 4(a3)
core   0: 3 0x8000bf94 (0x0016a223) mem 0x80000004 0x80000000
core   0: 0x8000bf98 (0x0026a423) sw      sp, 8(a3)
core   0: 3 0x8000bf98 (0x0026a423) mem 0x80000008 0x00000403
core   0: 0x8000bf9c (0x0036a623) sw      gp, 12(a3)
core   0: 3 0x8000bf9c (0x0036a623) mem 0x8000000c 0x00000001
core   0: 0x8000bfa0 (0x0046a823) sw      tp, 16(a3)
core   0: 3 0x8000bfa0 (0x0046a823) mem 0x80000010 0xffffffff
core   0: 0x8000bfa4 (0x0056aa23) sw      t0, 20(a3)
core   0: 3 0x8000bfa4 (0x0056aa23) mem 0x80000014 0xffffffff
core   0: 0x8000bfa8 (0x0066ac23) sw      t1, 24(a3)
core   0: 3 0x8000bfa8 (0x0066ac23) mem 0x80000018 0x00000000
core   0: 0x8000bfac (0x0076ae23) sw      t2, 28(a3)
core   0: 3 0x8000bfac (0x0076ae23) mem 0x8000001c 0x56dbd000
core   0: 0x8000bfb0 (0x0000d280) c.sw    s0, 32(a3)
core   0: 3 0x8000bfb0 (0xd280) mem 0x80000020 0x80029c60
core   0: 0x8000bfb2 (0x0000d2c4) c.sw    s1, 36(a3)
core   0: 3 0x8000bfb2 (0xd2c4) mem 0x80000024 0x00000000
core   0: 0x8000bfb4 (0x0000d688) c.sw    a0, 40(a3)
core   0: 3 0x8000bfb4 (0xd688) mem 0x80000028 0x00000000
core   0: 0x8000bfb6 (0x0000d6cc) c.sw    a1, 44(a3)
core   0: 3 0x8000bfb6 (0xd6cc) mem 0x8000002c 0x80025e64
core   0: 0x8000bfb8 (0x0000da90) c.sw    a2, 48(a3)
core   0: 3 0x8000bfb8 (0xda90) mem 0x80000030 0x000004f3
core   0: 0x8000bfba (0x0000dad4) c.sw    a3, 52(a3)
core   0: 3 0x8000bfba (0xdad4) mem 0x80000034 0x80000000
core   0: 0x8000bfbc (0x0000de98) c.sw    a4, 56(a3)
core   0: 3 0x8000bfbc (0xde98) mem 0x80000038 0x00000006
core   0: 0x8000bfbe (0x0000dedc) c.sw    a5, 60(a3)
core   0: 3 0x8000bfbe (0xdedc) mem 0x8000003c 0x00000000
core   0: 0x8000bfc0 (0x0506a023) sw      a6, 64(a3)
core   0: 3 0x8000bfc0 (0x0506a023) mem 0x80000040 0x800090ac
core   0: 0x8000bfc4 (0x0516a223) sw      a7, 68(a3)
core   0: 3 0x8000bfc4 (0x0516a223) mem 0x80000044 0x0000018c
core   0: 0x8000bfc8 (0x0526a423) sw      s2, 72(a3)
core   0: 3 0x8000bfc8 (0x0526a423) mem 0x80000048 0x00000001
core   0: 0x8000bfcc (0x0536a623) sw      s3, 76(a3)
core   0: 3 0x8000bfcc (0x0536a623) mem 0x8000004c 0x00000001
core   0: 0x8000bfd0 (0x0546a823) sw      s4, 80(a3)
core   0: 3 0x8000bfd0 (0x0546a823) mem 0x80000050 0x00000000
core   0: 0x8000bfd4 (0x0556aa23) sw      s5, 84(a3)
core   0: 3 0x8000bfd4 (0x0556aa23) mem 0x80000054 0x80029c60
core   0: 0x8000bfd8 (0x0566ac23) sw      s6, 88(a3)
core   0: 3 0x8000bfd8 (0x0566ac23) mem 0x80000058 0x00000000
core   0: 0x8000bfdc (0x0576ae23) sw      s7, 92(a3)
core   0: 3 0x8000bfdc (0x0576ae23) mem 0x8000005c 0x0000000b
core   0: 0x8000bfe0 (0x0786a023) sw      s8, 96(a3)
core   0: 3 0x8000bfe0 (0x0786a023) mem 0x80000060 0x00000001
core   0: 0x8000bfe4 (0x0796a223) sw      s9, 100(a3)
core   0: 3 0x8000bfe4 (0x0796a223) mem 0x80000064 0x00000000
core   0: 0x8000bfe8 (0x07a6a423) sw      s10, 104(a3)
core   0: 3 0x8000bfe8 (0x07a6a423) mem 0x80000068 0xffffffff
core   0: 0x8000bfec (0x07b6a623) sw      s11, 108(a3)
core   0: 3 0x8000bfec (0x07b6a623) mem 0x8000006c 0xffffffff
core   0: 0x8000bff0 (0x07c6a823) sw      t3, 112(a3)
core   0: 3 0x8000bff0 (0x07c6a823) mem 0x80000070 0x9b214000
core   0: 0x8000bff4 (0x07d6aa23) sw      t4, 116(a3)
core   0: 3 0x8000bff4 (0x07d6aa23) mem 0x80000074 0xffffffe2
core   0: 0x8000bff8 (0x07e6ac23) sw      t5, 120(a3)
core   0: 3 0x8000bff8 (0x07e6ac23) mem 0x80000078 0x80025e64
core   0: 0x8000bffc (0x07f6ae23) sw      t6, 124(a3)
core   0: 3 0x8000bffc (0x07f6ae23) mem 0x8000007c 0x00000012
core   0: 0x8000c000 (0xfffff817) auipc   a6, 0xfffff
core   0: 3 0x8000c000 (0xfffff817) x16 0x8000b000
core   0: 0x8000c004 (0x49880813) addi    a6, a6, 1176
core   0: 3 0x8000c004 (0x49880813) x16 0x8000b498
core   0: 0x8000c008 (0x00080067) jr      a6
core   0: 3 0x8000c008 (0x00080067)
core   0: 0x8000b498 (0x00005f17) auipc   t5, 0x5
core   0: 3 0x8000b498 (0x00005f17) x30 0x80010498
core   0: 0x8000b49c (0xb63f2423) sw      gp, -1176(t5)
core   0: 3 0x8000b49c (0xb63f2423) mem 0x80010000 0x00000001
core   0: 0x8000b4a0 (0x0000bfe5) c.j     pc - 8
core   0: 3 0x8000b4a0 (0xbfe5)
core   0: 0x8000b498 (0x00005f17) auipc   t5, 0x5
core   0: 3 0x8000b498 (0x00005f17) x30 0x80010498
core   0: 0x8000b49c (0xb63f2423) sw      gp, -1176(t5)
core   0: 3 0x8000b49c (0xb63f2423) mem 0x80010000 0x00000001
core   0: 0x8000b4a0 (0x0000bfe5) c.j     pc - 8
core   0: 3 0x8000b4a0 (0xbfe5)
core   0: 0x8000b498 (0x00005f17) auipc   t5, 0x5
core   0: 3 0x8000b498 (0x00005f17) x30 0x80010498
core   0: 0x8000b49c (0xb63f2423) sw      gp, -1176(t5)
core   0: 3 0x8000b49c (0xb63f2423) mem 0x80010000 0x00000001
core   0: 0x8000b4a0 (0x0000bfe5) c.j     pc - 8
core   0: 3 0x8000b4a0 (0xbfe5)
core   0: 0x8000b498 (0x00005f17) auipc   t5, 0x5
core   0: 3 0x8000b498 (0x00005f17) x30 0x80010498
core   0: 0x8000b49c (0xb63f2423) sw      gp, -1176(t5)
core   0: 3 0x8000b49c (0xb63f2423) mem 0x80010000 0x00000001
core   0: 0x8000b4a0 (0x0000bfe5) c.j     pc - 8
core   0: 3 0x8000b4a0 (0xbfe5)
core   0: 0x8000b498 (0x00005f17) auipc   t5, 0x5
core   0: 3 0x8000b498 (0x00005f17) x30 0x80010498
core   0: 0x8000b49c (0xb63f2423) sw      gp, -1176(t5)
core   0: 3 0x8000b49c (0xb63f2423) mem 0x80010000 0x00000001
core   0: 0x8000b4a0 (0x0000bfe5) c.j     pc - 8
core   0: 3 0x8000b4a0 (0xbfe5)
core   0: 0x8000b498 (0x00005f17) auipc   t5, 0x5
core   0: 3 0x8000b498 (0x00005f17) x30 0x80010498
core   0: 0x8000b49c (0xb63f2423) sw      gp, -1176(t5)
core   0: 3 0x8000b49c (0xb63f2423) mem 0x80010000 0x00000001
core   0: 0x8000b4a0 (0x0000bfe5) c.j     pc - 8
core   0: 3 0x8000b4a0 (0xbfe5)
core   0: 0x8000b498 (0x00005f17) auipc   t5, 0x5
core   0: 3 0x8000b498 (0x00005f17) x30 0x80010498
core   0: 0x8000b49c (0xb63f2423) sw      gp, -1176(t5)
core   0: 3 0x8000b49c (0xb63f2423) mem 0x80010000 0x00000001
core   0: 0x8000b4a0 (0x0000bfe5) c.j     pc - 8
core   0: 3 0x8000b4a0 (0xbfe5)
core   0: 0x8000b498 (0x00005f17) auipc   t5, 0x5
core   0: 3 0x8000b498 (0x00005f17) x30 0x80010498
core   0: 0x8000b49c (0xb63f2423) sw      gp, -1176(t5)
core   0: 3 0x8000b49c (0xb63f2423) mem 0x80010000 0x00000001
core   0: 0x8000b4a0 (0x0000bfe5) c.j     pc - 8
core   0: 3 0x8000b4a0 (0xbfe5)
core   0: 0x8000b498 (0x00005f17) auipc   t5, 0x5
core   0: 3 0x8000b498 (0x00005f17) x30 0x80010498
core   0: 0x8000b49c (0xb63f2423) sw      gp, -1176(t5)
core   0: 3 0x8000b49c (0xb63f2423) mem 0x80010000 0x00000001
core   0: 0x8000b4a0 (0x0000bfe5) c.j     pc - 8
core   0: 3 0x8000b4a0 (0xbfe5)
core   0: 0x8000b498 (0x00005f17) auipc   t5, 0x5
core   0: 3 0x8000b498 (0x00005f17) x30 0x80010498
core   0: 0x8000b49c (0xb63f2423) sw      gp, -1176(t5)
core   0: 3 0x8000b49c (0xb63f2423) mem 0x80010000 0x00000001
core   0: 0x8000b4a0 (0x0000bfe5) c.j     pc - 8
core   0: 3 0x8000b4a0 (0xbfe5)
core   0: 0x8000b498 (0x00005f17) auipc   t5, 0x5
core   0: 3 0x8000b498 (0x00005f17) x30 0x80010498
core   0: 0x8000b49c (0xb63f2423) sw      gp, -1176(t5)
core   0: 3 0x8000b49c (0xb63f2423) mem 0x80010000 0x00000001
core   0: 0x8000b4a0 (0x0000bfe5) c.j     pc - 8
core   0: 3 0x8000b4a0 (0xbfe5)
core   0: 0x8000b498 (0x00005f17) auipc   t5, 0x5
core   0: 3 0x8000b498 (0x00005f17) x30 0x80010498
core   0: 0x8000b49c (0xb63f2423) sw      gp, -1176(t5)
core   0: 3 0x8000b49c (0xb63f2423) mem 0x80010000 0x00000001
core   0: 0x8000b4a0 (0x0000bfe5) c.j     pc - 8
core   0: 3 0x8000b4a0 (0xbfe5)
core   0: 0x8000b498 (0x00005f17) auipc   t5, 0x5
core   0: 3 0x8000b498 (0x00005f17) x30 0x80010498
core   0: 0x8000b49c (0xb63f2423) sw      gp, -1176(t5)
core   0: 3 0x8000b49c (0xb63f2423) mem 0x80010000 0x00000001
core   0: 0x8000b4a0 (0x0000bfe5) c.j     pc - 8
core   0: 3 0x8000b4a0 (0xbfe5)
core   0: 0x8000b498 (0x00005f17) auipc   t5, 0x5
core   0: 3 0x8000b498 (0x00005f17) x30 0x80010498
core   0: 0x8000b49c (0xb63f2423) sw      gp, -1176(t5)
core   0: 3 0x8000b49c (0xb63f2423) mem 0x80010000 0x00000001
core   0: 0x8000b4a0 (0x0000bfe5) c.j     pc - 8
core   0: 3 0x8000b4a0 (0xbfe5)
core   0: 0x8000b498 (0x00005f17) auipc   t5, 0x5
core   0: 3 0x8000b498 (0x00005f17) x30 0x80010498
core   0: 0x8000b49c (0xb63f2423) sw      gp, -1176(t5)
core   0: 3 0x8000b49c (0xb63f2423) mem 0x80010000 0x00000001
core   0: 0x8000b4a0 (0x0000bfe5) c.j     pc - 8
core   0: 3 0x8000b4a0 (0xbfe5)
core   0: 0x8000b498 (0x00005f17) auipc   t5, 0x5
core   0: 3 0x8000b498 (0x00005f17) x30 0x80010498
core   0: 0x8000b49c (0xb63f2423) sw      gp, -1176(t5)
core   0: 3 0x8000b49c (0xb63f2423) mem 0x80010000 0x00000001
core   0: 0x8000b4a0 (0x0000bfe5) c.j     pc - 8
core   0: 3 0x8000b4a0 (0xbfe5)
core   0: 0x8000b498 (0x00005f17) auipc   t5, 0x5
core   0: 3 0x8000b498 (0x00005f17) x30 0x80010498
core   0: 0x8000b49c (0xb63f2423) sw      gp, -1176(t5)
core   0: 3 0x8000b49c (0xb63f2423) mem 0x80010000 0x00000001
core   0: 0x8000b4a0 (0x0000bfe5) c.j     pc - 8
core   0: 3 0x8000b4a0 (0xbfe5)
core   0: 0x8000b498 (0x00005f17) auipc   t5, 0x5
core   0: 3 0x8000b498 (0x00005f17) x30 0x80010498
core   0: 0x8000b49c (0xb63f2423) sw      gp, -1176(t5)
core   0: 3 0x8000b49c (0xb63f2423) mem 0x80010000 0x00000001
core   0: 0x8000b4a0 (0x0000bfe5) c.j     pc - 8
core   0: 3 0x8000b4a0 (0xbfe5)
core   0: 0x8000b498 (0x00005f17) auipc   t5, 0x5
core   0: 3 0x8000b498 (0x00005f17) x30 0x80010498
core   0: 0x8000b49c (0xb63f2423) sw      gp, -1176(t5)
core   0: 3 0x8000b49c (0xb63f2423) mem 0x80010000 0x00000001
core   0: 0x8000b4a0 (0x0000bfe5) c.j     pc - 8
core   0: 3 0x8000b4a0 (0xbfe5)
core   0: 0x8000b498 (0x00005f17) auipc   t5, 0x5
core   0: 3 0x8000b498 (0x00005f17) x30 0x80010498
core   0: 0x8000b49c (0xb63f2423) sw      gp, -1176(t5)
core   0: 3 0x8000b49c (0xb63f2423) mem 0x80010000 0x00000001
core   0: 0x8000b4a0 (0x0000bfe5) c.j     pc - 8
core   0: 3 0x8000b4a0 (0xbfe5)
core   0: 0x8000b498 (0x00005f17) auipc   t5, 0x5
core   0: 3 0x8000b498 (0x00005f17) x30 0x80010498
core   0: 0x8000b49c (0xb63f2423) sw      gp, -1176(t5)
core   0: 3 0x8000b49c (0xb63f2423) mem 0x80010000 0x00000001
core   0: 0x8000b4a0 (0x0000bfe5) c.j     pc - 8
core   0: 3 0x8000b4a0 (0xbfe5)
core   0: 0x8000b498 (0x00005f17) auipc   t5, 0x5
core   0: 3 0x8000b498 (0x00005f17) x30 0x80010498
core   0: 0x8000b49c (0xb63f2423) sw      gp, -1176(t5)
core   0: 3 0x8000b49c (0xb63f2423) mem 0x80010000 0x00000001
core   0: 0x8000b4a0 (0x0000bfe5) c.j     pc - 8
core   0: 3 0x8000b4a0 (0xbfe5)
core   0: 0x8000b498 (0x00005f17) auipc   t5, 0x5
core   0: 3 0x8000b498 (0x00005f17) x30 0x80010498
core   0: 0x8000b49c (0xb63f2423) sw      gp, -1176(t5)
core   0: 3 0x8000b49c (0xb63f2423) mem 0x80010000 0x00000001
core   0: 0x8000b4a0 (0x0000bfe5) c.j     pc - 8
core   0: 3 0x8000b4a0 (0xbfe5)
core   0: 0x8000b498 (0x00005f17) auipc   t5, 0x5
core   0: 3 0x8000b498 (0x00005f17) x30 0x80010498
core   0: 0x8000b49c (0xb63f2423) sw      gp, -1176(t5)
core   0: 3 0x8000b49c (0xb63f2423) mem 0x80010000 0x00000001
core   0: 0x8000b4a0 (0x0000bfe5) c.j     pc - 8
core   0: 3 0x8000b4a0 (0xbfe5)
core   0: 0x8000b498 (0x00005f17) auipc   t5, 0x5
core   0: 3 0x8000b498 (0x00005f17) x30 0x80010498
core   0: 0x8000b49c (0xb63f2423) sw      gp, -1176(t5)
core   0: 3 0x8000b49c (0xb63f2423) mem 0x80010000 0x00000001
core   0: 0x8000b4a0 (0x0000bfe5) c.j     pc - 8
core   0: 3 0x8000b4a0 (0xbfe5)
core   0: 0x8000b498 (0x00005f17) auipc   t5, 0x5
core   0: 3 0x8000b498 (0x00005f17) x30 0x80010498
core   0: 0x8000b49c (0xb63f2423) sw      gp, -1176(t5)
core   0: 3 0x8000b49c (0xb63f2423) mem 0x80010000 0x00000001
core   0: 0x8000b4a0 (0x0000bfe5) c.j     pc - 8
core   0: 3 0x8000b4a0 (0xbfe5)
core   0: 0x8000b498 (0x00005f17) auipc   t5, 0x5
core   0: 3 0x8000b498 (0x00005f17) x30 0x80010498
core   0: 0x8000b49c (0xb63f2423) sw      gp, -1176(t5)
core   0: 3 0x8000b49c (0xb63f2423) mem 0x80010000 0x00000001
core   0: 0x8000b4a0 (0x0000bfe5) c.j     pc - 8
core   0: 3 0x8000b4a0 (0xbfe5)
core   0: 0x8000b498 (0x00005f17) auipc   t5, 0x5
core   0: 3 0x8000b498 (0x00005f17) x30 0x80010498
core   0: 0x8000b49c (0xb63f2423) sw      gp, -1176(t5)
core   0: 3 0x8000b49c (0xb63f2423) mem 0x80010000 0x00000001
core   0: 0x8000b4a0 (0x0000bfe5) c.j     pc - 8
core   0: 3 0x8000b4a0 (0xbfe5)
core   0: 0x8000b498 (0x00005f17) auipc   t5, 0x5
core   0: 3 0x8000b498 (0x00005f17) x30 0x80010498
core   0: 0x8000b49c (0xb63f2423) sw      gp, -1176(t5)
core   0: 3 0x8000b49c (0xb63f2423) mem 0x80010000 0x00000001
core   0: 0x8000b4a0 (0x0000bfe5) c.j     pc - 8
core   0: 3 0x8000b4a0 (0xbfe5)
core   0: 0x8000b498 (0x00005f17) auipc   t5, 0x5
core   0: 3 0x8000b498 (0x00005f17) x30 0x80010498
core   0: 0x8000b49c (0xb63f2423) sw      gp, -1176(t5)
core   0: 3 0x8000b49c (0xb63f2423) mem 0x80010000 0x00000001
core   0: 0x8000b4a0 (0x0000bfe5) c.j     pc - 8
core   0: 3 0x8000b4a0 (0xbfe5)
core   0: 0x8000b498 (0x00005f17) auipc   t5, 0x5
core   0: 3 0x8000b498 (0x00005f17) x30 0x80010498
core   0: 0x8000b49c (0xb63f2423) sw      gp, -1176(t5)
core   0: 3 0x8000b49c (0xb63f2423) mem 0x80010000 0x00000001
core   0: 0x8000b4a0 (0x0000bfe5) c.j     pc - 8
core   0: 3 0x8000b4a0 (0xbfe5)
core   0: 0x8000b498 (0x00005f17) auipc   t5, 0x5
core   0: 3 0x8000b498 (0x00005f17) x30 0x80010498
core   0: 0x8000b49c (0xb63f2423) sw      gp, -1176(t5)
core   0: 3 0x8000b49c (0xb63f2423) mem 0x80010000 0x00000001
core   0: 0x8000b4a0 (0x0000bfe5) c.j     pc - 8
core   0: 3 0x8000b4a0 (0xbfe5)
core   0: 0x8000b498 (0x00005f17) auipc   t5, 0x5
core   0: 3 0x8000b498 (0x00005f17) x30 0x80010498
core   0: 0x8000b49c (0xb63f2423) sw      gp, -1176(t5)
core   0: 3 0x8000b49c (0xb63f2423) mem 0x80010000 0x00000001
core   0: 0x8000b4a0 (0x0000bfe5) c.j     pc - 8
core   0: 3 0x8000b4a0 (0xbfe5)
core   0: 0x8000b498 (0x00005f17) auipc   t5, 0x5
core   0: 3 0x8000b498 (0x00005f17) x30 0x80010498
core   0: 0x8000b49c (0xb63f2423) sw      gp, -1176(t5)
core   0: 3 0x8000b49c (0xb63f2423) mem 0x80010000 0x00000001
core   0: 0x8000b4a0 (0x0000bfe5) c.j     pc - 8
core   0: 3 0x8000b4a0 (0xbfe5)
core   0: 0x8000b498 (0x00005f17) auipc   t5, 0x5
core   0: 3 0x8000b498 (0x00005f17) x30 0x80010498
core   0: 0x8000b49c (0xb63f2423) sw      gp, -1176(t5)
core   0: 3 0x8000b49c (0xb63f2423) mem 0x80010000 0x00000001
core   0: 0x8000b4a0 (0x0000bfe5) c.j     pc - 8
core   0: 3 0x8000b4a0 (0xbfe5)
core   0: 0x8000b498 (0x00005f17) auipc   t5, 0x5
core   0: 3 0x8000b498 (0x00005f17) x30 0x80010498
core   0: 0x8000b49c (0xb63f2423) sw      gp, -1176(t5)
core   0: 3 0x8000b49c (0xb63f2423) mem 0x80010000 0x00000001
core   0: 0x8000b4a0 (0x0000bfe5) c.j     pc - 8
core   0: 3 0x8000b4a0 (0xbfe5)
core   0: 0x8000b498 (0x00005f17) auipc   t5, 0x5
core   0: 3 0x8000b498 (0x00005f17) x30 0x80010498
core   0: 0x8000b49c (0xb63f2423) sw      gp, -1176(t5)
core   0: 3 0x8000b49c (0xb63f2423) mem 0x80010000 0x00000001
core   0: 0x8000b4a0 (0x0000bfe5) c.j     pc - 8
core   0: 3 0x8000b4a0 (0xbfe5)
core   0: 0x8000b498 (0x00005f17) auipc   t5, 0x5
core   0: 3 0x8000b498 (0x00005f17) x30 0x80010498
core   0: 0x8000b49c (0xb63f2423) sw      gp, -1176(t5)
core   0: 3 0x8000b49c (0xb63f2423) mem 0x80010000 0x00000001
core   0: 0x8000b4a0 (0x0000bfe5) c.j     pc - 8
core   0: 3 0x8000b4a0 (0xbfe5)
core   0: 0x8000b498 (0x00005f17) auipc   t5, 0x5
core   0: 3 0x8000b498 (0x00005f17) x30 0x80010498
core   0: 0x8000b49c (0xb63f2423) sw      gp, -1176(t5)
core   0: 3 0x8000b49c (0xb63f2423) mem 0x80010000 0x00000001
core   0: 0x8000b4a0 (0x0000bfe5) c.j     pc - 8
core   0: 3 0x8000b4a0 (0xbfe5)
core   0: 0x8000b498 (0x00005f17) auipc   t5, 0x5
core   0: 3 0x8000b498 (0x00005f17) x30 0x80010498
core   0: 0x8000b49c (0xb63f2423) sw      gp, -1176(t5)
core   0: 3 0x8000b49c (0xb63f2423) mem 0x80010000 0x00000001
core   0: 0x8000b4a0 (0x0000bfe5) c.j     pc - 8
core   0: 3 0x8000b4a0 (0xbfe5)
core   0: 0x8000b498 (0x00005f17) auipc   t5, 0x5
core   0: 3 0x8000b498 (0x00005f17) x30 0x80010498
core   0: 0x8000b49c (0xb63f2423) sw      gp, -1176(t5)
core   0: 3 0x8000b49c (0xb63f2423) mem 0x80010000 0x00000001
core   0: 0x8000b4a0 (0x0000bfe5) c.j     pc - 8
core   0: 3 0x8000b4a0 (0xbfe5)
core   0: 0x8000b498 (0x00005f17) auipc   t5, 0x5
core   0: 3 0x8000b498 (0x00005f17) x30 0x80010498
core   0: 0x8000b49c (0xb63f2423) sw      gp, -1176(t5)
core   0: 3 0x8000b49c (0xb63f2423) mem 0x80010000 0x00000001
core   0: 0x8000b4a0 (0x0000bfe5) c.j     pc - 8
core   0: 3 0x8000b4a0 (0xbfe5)
core   0: 0x8000b498 (0x00005f17) auipc   t5, 0x5
core   0: 3 0x8000b498 (0x00005f17) x30 0x80010498
core   0: 0x8000b49c (0xb63f2423) sw      gp, -1176(t5)
core   0: 3 0x8000b49c (0xb63f2423) mem 0x80010000 0x00000001
core   0: 0x8000b4a0 (0x0000bfe5) c.j     pc - 8
core   0: 3 0x8000b4a0 (0xbfe5)
core   0: 0x8000b498 (0x00005f17) auipc   t5, 0x5
core   0: 3 0x8000b498 (0x00005f17) x30 0x80010498
core   0: 0x8000b49c (0xb63f2423) sw      gp, -1176(t5)
core   0: 3 0x8000b49c (0xb63f2423) mem 0x80010000 0x00000001
core   0: 0x8000b4a0 (0x0000bfe5) c.j     pc - 8
core   0: 3 0x8000b4a0 (0xbfe5)
core   0: 0x8000b498 (0x00005f17) auipc   t5, 0x5
core   0: 3 0x8000b498 (0x00005f17) x30 0x80010498
core   0: 0x8000b49c (0xb63f2423) sw      gp, -1176(t5)
core   0: 3 0x8000b49c (0xb63f2423) mem 0x80010000 0x00000001
core   0: 0x8000b4a0 (0x0000bfe5) c.j     pc - 8
core   0: 3 0x8000b4a0 (0xbfe5)
core   0: 0x8000b498 (0x00005f17) auipc   t5, 0x5
core   0: 3 0x8000b498 (0x00005f17) x30 0x80010498
core   0: 0x8000b49c (0xb63f2423) sw      gp, -1176(t5)
core   0: 3 0x8000b49c (0xb63f2423) mem 0x80010000 0x00000001
core   0: 0x8000b4a0 (0x0000bfe5) c.j     pc - 8
core   0: 3 0x8000b4a0 (0xbfe5)
core   0: 0x8000b498 (0x00005f17) auipc   t5, 0x5
core   0: 3 0x8000b498 (0x00005f17) x30 0x80010498
core   0: 0x8000b49c (0xb63f2423) sw      gp, -1176(t5)
core   0: 3 0x8000b49c (0xb63f2423) mem 0x80010000 0x00000001
core   0: 0x8000b4a0 (0x0000bfe5) c.j     pc - 8
core   0: 3 0x8000b4a0 (0xbfe5)
core   0: 0x8000b498 (0x00005f17) auipc   t5, 0x5
core   0: 3 0x8000b498 (0x00005f17) x30 0x80010498
core   0: 0x8000b49c (0xb63f2423) sw      gp, -1176(t5)
core   0: 3 0x8000b49c (0xb63f2423) mem 0x80010000 0x00000001
core   0: 0x8000b4a0 (0x0000bfe5) c.j     pc - 8
core   0: 3 0x8000b4a0 (0xbfe5)
core   0: 0x8000b498 (0x00005f17) auipc   t5, 0x5
core   0: 3 0x8000b498 (0x00005f17) x30 0x80010498
core   0: 0x8000b49c (0xb63f2423) sw      gp, -1176(t5)
core   0: 3 0x8000b49c (0xb63f2423) mem 0x80010000 0x00000001
core   0: 0x8000b4a0 (0x0000bfe5) c.j     pc - 8
core   0: 3 0x8000b4a0 (0xbfe5)
core   0: 0x8000b498 (0x00005f17) auipc   t5, 0x5
core   0: 3 0x8000b498 (0x00005f17) x30 0x80010498
core   0: 0x8000b49c (0xb63f2423) sw      gp, -1176(t5)
core   0: 3 0x8000b49c (0xb63f2423) mem 0x80010000 0x00000001
core   0: 0x8000b4a0 (0x0000bfe5) c.j     pc - 8
core   0: 3 0x8000b4a0 (0xbfe5)
core   0: 0x8000b498 (0x00005f17) auipc   t5, 0x5
core   0: 3 0x8000b498 (0x00005f17) x30 0x80010498
core   0: 0x8000b49c (0xb63f2423) sw      gp, -1176(t5)
core   0: 3 0x8000b49c (0xb63f2423) mem 0x80010000 0x00000001
core   0: 0x8000b4a0 (0x0000bfe5) c.j     pc - 8
core   0: 3 0x8000b4a0 (0xbfe5)
core   0: 0x8000b498 (0x00005f17) auipc   t5, 0x5
core   0: 3 0x8000b498 (0x00005f17) x30 0x80010498
core   0: 0x8000b49c (0xb63f2423) sw      gp, -1176(t5)
core   0: 3 0x8000b49c (0xb63f2423) mem 0x80010000 0x00000001
core   0: 0x8000b4a0 (0x0000bfe5) c.j     pc - 8
core   0: 3 0x8000b4a0 (0xbfe5)
core   0: 0x8000b498 (0x00005f17) auipc   t5, 0x5
core   0: 3 0x8000b498 (0x00005f17) x30 0x80010498
core   0: 0x8000b49c (0xb63f2423) sw      gp, -1176(t5)
core   0: 3 0x8000b49c (0xb63f2423) mem 0x80010000 0x00000001
core   0: 0x8000b4a0 (0x0000bfe5) c.j     pc - 8
core   0: 3 0x8000b4a0 (0xbfe5)
core   0: 0x8000b498 (0x00005f17) auipc   t5, 0x5
core   0: 3 0x8000b498 (0x00005f17) x30 0x80010498
core   0: 0x8000b49c (0xb63f2423) sw      gp, -1176(t5)
core   0: 3 0x8000b49c (0xb63f2423) mem 0x80010000 0x00000001
core   0: 0x8000b4a0 (0x0000bfe5) c.j     pc - 8
core   0: 3 0x8000b4a0 (0xbfe5)
core   0: 0x8000b498 (0x00005f17) auipc   t5, 0x5
core   0: 3 0x8000b498 (0x00005f17) x30 0x80010498
core   0: 0x8000b49c (0xb63f2423) sw      gp, -1176(t5)
core   0: 3 0x8000b49c (0xb63f2423) mem 0x80010000 0x00000001
core   0: 0x8000b4a0 (0x0000bfe5) c.j     pc - 8
core   0: 3 0x8000b4a0 (0xbfe5)
core   0: 0x8000b498 (0x00005f17) auipc   t5, 0x5
core   0: 3 0x8000b498 (0x00005f17) x30 0x80010498
core   0: 0x8000b49c (0xb63f2423) sw      gp, -1176(t5)
core   0: 3 0x8000b49c (0xb63f2423) mem 0x80010000 0x00000001
core   0: 0x8000b4a0 (0x0000bfe5) c.j     pc - 8
core   0: 3 0x8000b4a0 (0xbfe5)
core   0: 0x8000b498 (0x00005f17) auipc   t5, 0x5
core   0: 3 0x8000b498 (0x00005f17) x30 0x80010498
core   0: 0x8000b49c (0xb63f2423) sw      gp, -1176(t5)
core   0: 3 0x8000b49c (0xb63f2423) mem 0x80010000 0x00000001
core   0: 0x8000b4a0 (0x0000bfe5) c.j     pc - 8
core   0: 3 0x8000b4a0 (0xbfe5)
core   0: 0x8000b498 (0x00005f17) auipc   t5, 0x5
core   0: 3 0x8000b498 (0x00005f17) x30 0x80010498
core   0: 0x8000b49c (0xb63f2423) sw      gp, -1176(t5)
core   0: 3 0x8000b49c (0xb63f2423) mem 0x80010000 0x00000001
core   0: 0x8000b4a0 (0x0000bfe5) c.j     pc - 8
core   0: 3 0x8000b4a0 (0xbfe5)
core   0: 0x8000b498 (0x00005f17) auipc   t5, 0x5
core   0: 3 0x8000b498 (0x00005f17) x30 0x80010498
core   0: 0x8000b49c (0xb63f2423) sw      gp, -1176(t5)
core   0: 3 0x8000b49c (0xb63f2423) mem 0x80010000 0x00000001
core   0: 0x8000b4a0 (0x0000bfe5) c.j     pc - 8
core   0: 3 0x8000b4a0 (0xbfe5)
core   0: 0x8000b498 (0x00005f17) auipc   t5, 0x5
core   0: 3 0x8000b498 (0x00005f17) x30 0x80010498
core   0: 0x8000b49c (0xb63f2423) sw      gp, -1176(t5)
core   0: 3 0x8000b49c (0xb63f2423) mem 0x80010000 0x00000001
core   0: 0x8000b4a0 (0x0000bfe5) c.j     pc - 8
core   0: 3 0x8000b4a0 (0xbfe5)
core   0: 0x8000b498 (0x00005f17) auipc   t5, 0x5
core   0: 3 0x8000b498 (0x00005f17) x30 0x80010498
core   0: 0x8000b49c (0xb63f2423) sw      gp, -1176(t5)
core   0: 3 0x8000b49c (0xb63f2423) mem 0x80010000 0x00000001
core   0: 0x8000b4a0 (0x0000bfe5) c.j     pc - 8
core   0: 3 0x8000b4a0 (0xbfe5)
core   0: 0x8000b498 (0x00005f17) auipc   t5, 0x5
core   0: 3 0x8000b498 (0x00005f17) x30 0x80010498
core   0: 0x8000b49c (0xb63f2423) sw      gp, -1176(t5)
core   0: 3 0x8000b49c (0xb63f2423) mem 0x80010000 0x00000001
core   0: 0x8000b4a0 (0x0000bfe5) c.j     pc - 8
core   0: 3 0x8000b4a0 (0xbfe5)
core   0: 0x8000b498 (0x00005f17) auipc   t5, 0x5
core   0: 3 0x8000b498 (0x00005f17) x30 0x80010498
core   0: 0x8000b49c (0xb63f2423) sw      gp, -1176(t5)
core   0: 3 0x8000b49c (0xb63f2423) mem 0x80010000 0x00000001
core   0: 0x8000b4a0 (0x0000bfe5) c.j     pc - 8
core   0: 3 0x8000b4a0 (0xbfe5)
core   0: 0x8000b498 (0x00005f17) auipc   t5, 0x5
core   0: 3 0x8000b498 (0x00005f17) x30 0x80010498
core   0: 0x8000b49c (0xb63f2423) sw      gp, -1176(t5)
core   0: 3 0x8000b49c (0xb63f2423) mem 0x80010000 0x00000001
core   0: 0x8000b4a0 (0x0000bfe5) c.j     pc - 8
core   0: 3 0x8000b4a0 (0xbfe5)
core   0: 0x8000b498 (0x00005f17) auipc   t5, 0x5
core   0: 3 0x8000b498 (0x00005f17) x30 0x80010498
core   0: 0x8000b49c (0xb63f2423) sw      gp, -1176(t5)
core   0: 3 0x8000b49c (0xb63f2423) mem 0x80010000 0x00000001
core   0: 0x8000b4a0 (0x0000bfe5) c.j     pc - 8
core   0: 3 0x8000b4a0 (0xbfe5)
core   0: 0x8000b498 (0x00005f17) auipc   t5, 0x5
core   0: 3 0x8000b498 (0x00005f17) x30 0x80010498
core   0: 0x8000b49c (0xb63f2423) sw      gp, -1176(t5)
core   0: 3 0x8000b49c (0xb63f2423) mem 0x80010000 0x00000001
core   0: 0x8000b4a0 (0x0000bfe5) c.j     pc - 8
core   0: 3 0x8000b4a0 (0xbfe5)
core   0: 0x8000b498 (0x00005f17) auipc   t5, 0x5
core   0: 3 0x8000b498 (0x00005f17) x30 0x80010498
core   0: 0x8000b49c (0xb63f2423) sw      gp, -1176(t5)
core   0: 3 0x8000b49c (0xb63f2423) mem 0x80010000 0x00000001
core   0: 0x8000b4a0 (0x0000bfe5) c.j     pc - 8
core   0: 3 0x8000b4a0 (0xbfe5)
core   0: 0x8000b498 (0x00005f17) auipc   t5, 0x5
core   0: 3 0x8000b498 (0x00005f17) x30 0x80010498
core   0: 0x8000b49c (0xb63f2423) sw      gp, -1176(t5)
core   0: 3 0x8000b49c (0xb63f2423) mem 0x80010000 0x00000001
core   0: 0x8000b4a0 (0x0000bfe5) c.j     pc - 8
core   0: 3 0x8000b4a0 (0xbfe5)
core   0: 0x8000b498 (0x00005f17) auipc   t5, 0x5
core   0: 3 0x8000b498 (0x00005f17) x30 0x80010498
core   0: 0x8000b49c (0xb63f2423) sw      gp, -1176(t5)
core   0: 3 0x8000b49c (0xb63f2423) mem 0x80010000 0x00000001
core   0: 0x8000b4a0 (0x0000bfe5) c.j     pc - 8
core   0: 3 0x8000b4a0 (0xbfe5)
core   0: 0x8000b498 (0x00005f17) auipc   t5, 0x5
core   0: 3 0x8000b498 (0x00005f17) x30 0x80010498
core   0: 0x8000b49c (0xb63f2423) sw      gp, -1176(t5)
core   0: 3 0x8000b49c (0xb63f2423) mem 0x80010000 0x00000001
core   0: 0x8000b4a0 (0x0000bfe5) c.j     pc - 8
core   0: 3 0x8000b4a0 (0xbfe5)
core   0: 0x8000b498 (0x00005f17) auipc   t5, 0x5
core   0: 3 0x8000b498 (0x00005f17) x30 0x80010498
core   0: 0x8000b49c (0xb63f2423) sw      gp, -1176(t5)
core   0: 3 0x8000b49c (0xb63f2423) mem 0x80010000 0x00000001
core   0: 0x8000b4a0 (0x0000bfe5) c.j     pc - 8
core   0: 3 0x8000b4a0 (0xbfe5)
core   0: 0x8000b498 (0x00005f17) auipc   t5, 0x5
core   0: 3 0x8000b498 (0x00005f17) x30 0x80010498
core   0: 0x8000b49c (0xb63f2423) sw      gp, -1176(t5)
core   0: 3 0x8000b49c (0xb63f2423) mem 0x80010000 0x00000001
core   0: 0x8000b4a0 (0x0000bfe5) c.j     pc - 8
core   0: 3 0x8000b4a0 (0xbfe5)
core   0: 0x8000b498 (0x00005f17) auipc   t5, 0x5
core   0: 3 0x8000b498 (0x00005f17) x30 0x80010498
core   0: 0x8000b49c (0xb63f2423) sw      gp, -1176(t5)
core   0: 3 0x8000b49c (0xb63f2423) mem 0x80010000 0x00000001
core   0: 0x8000b4a0 (0x0000bfe5) c.j     pc - 8
core   0: 3 0x8000b4a0 (0xbfe5)
core   0: 0x8000b498 (0x00005f17) auipc   t5, 0x5
core   0: 3 0x8000b498 (0x00005f17) x30 0x80010498
core   0: 0x8000b49c (0xb63f2423) sw      gp, -1176(t5)
core   0: 3 0x8000b49c (0xb63f2423) mem 0x80010000 0x00000001
core   0: 0x8000b4a0 (0x0000bfe5) c.j     pc - 8
core   0: 3 0x8000b4a0 (0xbfe5)
core   0: 0x8000b498 (0x00005f17) auipc   t5, 0x5
core   0: 3 0x8000b498 (0x00005f17) x30 0x80010498
core   0: 0x8000b49c (0xb63f2423) sw      gp, -1176(t5)
core   0: 3 0x8000b49c (0xb63f2423) mem 0x80010000 0x00000001
core   0: 0x8000b4a0 (0x0000bfe5) c.j     pc - 8
core   0: 3 0x8000b4a0 (0xbfe5)
core   0: 0x8000b498 (0x00005f17) auipc   t5, 0x5
core   0: 3 0x8000b498 (0x00005f17) x30 0x80010498
core   0: 0x8000b49c (0xb63f2423) sw      gp, -1176(t5)
core   0: 3 0x8000b49c (0xb63f2423) mem 0x80010000 0x00000001
core   0: 0x8000b4a0 (0x0000bfe5) c.j     pc - 8
core   0: 3 0x8000b4a0 (0xbfe5)
core   0: 0x8000b498 (0x00005f17) auipc   t5, 0x5
core   0: 3 0x8000b498 (0x00005f17) x30 0x80010498
core   0: 0x8000b49c (0xb63f2423) sw      gp, -1176(t5)
core   0: 3 0x8000b49c (0xb63f2423) mem 0x80010000 0x00000001
core   0: 0x8000b4a0 (0x0000bfe5) c.j     pc - 8
core   0: 3 0x8000b4a0 (0xbfe5)
core   0: 0x8000b498 (0x00005f17) auipc   t5, 0x5
core   0: 3 0x8000b498 (0x00005f17) x30 0x80010498
core   0: 0x8000b49c (0xb63f2423) sw      gp, -1176(t5)
core   0: 3 0x8000b49c (0xb63f2423) mem 0x80010000 0x00000001
core   0: 0x8000b4a0 (0x0000bfe5) c.j     pc - 8
core   0: 3 0x8000b4a0 (0xbfe5)
core   0: 0x8000b498 (0x00005f17) auipc   t5, 0x5
core   0: 3 0x8000b498 (0x00005f17) x30 0x80010498
core   0: 0x8000b49c (0xb63f2423) sw      gp, -1176(t5)
core   0: 3 0x8000b49c (0xb63f2423) mem 0x80010000 0x00000001
core   0: 0x8000b4a0 (0x0000bfe5) c.j     pc - 8
core   0: 3 0x8000b4a0 (0xbfe5)
core   0: 0x8000b498 (0x00005f17) auipc   t5, 0x5
core   0: 3 0x8000b498 (0x00005f17) x30 0x80010498
core   0: 0x8000b49c (0xb63f2423) sw      gp, -1176(t5)
core   0: 3 0x8000b49c (0xb63f2423) mem 0x80010000 0x00000001
core   0: 0x8000b4a0 (0x0000bfe5) c.j     pc - 8
core   0: 3 0x8000b4a0 (0xbfe5)
core   0: 0x8000b498 (0x00005f17) auipc   t5, 0x5
core   0: 3 0x8000b498 (0x00005f17) x30 0x80010498
core   0: 0x8000b49c (0xb63f2423) sw      gp, -1176(t5)
core   0: 3 0x8000b49c (0xb63f2423) mem 0x80010000 0x00000001
core   0: 0x8000b4a0 (0x0000bfe5) c.j     pc - 8
core   0: 3 0x8000b4a0 (0xbfe5)
core   0: 0x8000b498 (0x00005f17) auipc   t5, 0x5
core   0: 3 0x8000b498 (0x00005f17) x30 0x80010498
core   0: 0x8000b49c (0xb63f2423) sw      gp, -1176(t5)
core   0: 3 0x8000b49c (0xb63f2423) mem 0x80010000 0x00000001
core   0: 0x8000b4a0 (0x0000bfe5) c.j     pc - 8
core   0: 3 0x8000b4a0 (0xbfe5)
core   0: 0x8000b498 (0x00005f17) auipc   t5, 0x5
core   0: 3 0x8000b498 (0x00005f17) x30 0x80010498
core   0: 0x8000b49c (0xb63f2423) sw      gp, -1176(t5)
core   0: 3 0x8000b49c (0xb63f2423) mem 0x80010000 0x00000001
core   0: 0x8000b4a0 (0x0000bfe5) c.j     pc - 8
core   0: 3 0x8000b4a0 (0xbfe5)
core   0: 0x8000b498 (0x00005f17) auipc   t5, 0x5
core   0: 3 0x8000b498 (0x00005f17) x30 0x80010498
core   0: 0x8000b49c (0xb63f2423) sw      gp, -1176(t5)
core   0: 3 0x8000b49c (0xb63f2423) mem 0x80010000 0x00000001
core   0: 0x8000b4a0 (0x0000bfe5) c.j     pc - 8
core   0: 3 0x8000b4a0 (0xbfe5)
core   0: 0x8000b498 (0x00005f17) auipc   t5, 0x5
core   0: 3 0x8000b498 (0x00005f17) x30 0x80010498
core   0: 0x8000b49c (0xb63f2423) sw      gp, -1176(t5)
core   0: 3 0x8000b49c (0xb63f2423) mem 0x80010000 0x00000001
core   0: 0x8000b4a0 (0x0000bfe5) c.j     pc - 8
core   0: 3 0x8000b4a0 (0xbfe5)
core   0: 0x8000b498 (0x00005f17) auipc   t5, 0x5
core   0: 3 0x8000b498 (0x00005f17) x30 0x80010498
core   0: 0x8000b49c (0xb63f2423) sw      gp, -1176(t5)
core   0: 3 0x8000b49c (0xb63f2423) mem 0x80010000 0x00000001
core   0: 0x8000b4a0 (0x0000bfe5) c.j     pc - 8
core   0: 3 0x8000b4a0 (0xbfe5)
core   0: 0x8000b498 (0x00005f17) auipc   t5, 0x5
core   0: 3 0x8000b498 (0x00005f17) x30 0x80010498
core   0: 0x8000b49c (0xb63f2423) sw      gp, -1176(t5)
core   0: 3 0x8000b49c (0xb63f2423) mem 0x80010000 0x00000001
core   0: 0x8000b4a0 (0x0000bfe5) c.j     pc - 8
core   0: 3 0x8000b4a0 (0xbfe5)
core   0: 0x8000b498 (0x00005f17) auipc   t5, 0x5
core   0: 3 0x8000b498 (0x00005f17) x30 0x80010498
core   0: 0x8000b49c (0xb63f2423) sw      gp, -1176(t5)
core   0: 3 0x8000b49c (0xb63f2423) mem 0x80010000 0x00000001
core   0: 0x8000b4a0 (0x0000bfe5) c.j     pc - 8
core   0: 3 0x8000b4a0 (0xbfe5)
core   0: 0x8000b498 (0x00005f17) auipc   t5, 0x5
core   0: 3 0x8000b498 (0x00005f17) x30 0x80010498
core   0: 0x8000b49c (0xb63f2423) sw      gp, -1176(t5)
core   0: 3 0x8000b49c (0xb63f2423) mem 0x80010000 0x00000001
core   0: 0x8000b4a0 (0x0000bfe5) c.j     pc - 8
core   0: 3 0x8000b4a0 (0xbfe5)
core   0: 0x8000b498 (0x00005f17) auipc   t5, 0x5
core   0: 3 0x8000b498 (0x00005f17) x30 0x80010498
core   0: 0x8000b49c (0xb63f2423) sw      gp, -1176(t5)
core   0: 3 0x8000b49c (0xb63f2423) mem 0x80010000 0x00000001
core   0: 0x8000b4a0 (0x0000bfe5) c.j     pc - 8
core   0: 3 0x8000b4a0 (0xbfe5)
core   0: 0x8000b498 (0x00005f17) auipc   t5, 0x5
core   0: 3 0x8000b498 (0x00005f17) x30 0x80010498
core   0: 0x8000b49c (0xb63f2423) sw      gp, -1176(t5)
core   0: 3 0x8000b49c (0xb63f2423) mem 0x80010000 0x00000001
core   0: 0x8000b4a0 (0x0000bfe5) c.j     pc - 8
core   0: 3 0x8000b4a0 (0xbfe5)
core   0: 0x8000b498 (0x00005f17) auipc   t5, 0x5
core   0: 3 0x8000b498 (0x00005f17) x30 0x80010498
core   0: 0x8000b49c (0xb63f2423) sw      gp, -1176(t5)
core   0: 3 0x8000b49c (0xb63f2423) mem 0x80010000 0x00000001
core   0: 0x8000b4a0 (0x0000bfe5) c.j     pc - 8
core   0: 3 0x8000b4a0 (0xbfe5)
core   0: 0x8000b498 (0x00005f17) auipc   t5, 0x5
core   0: 3 0x8000b498 (0x00005f17) x30 0x80010498
core   0: 0x8000b49c (0xb63f2423) sw      gp, -1176(t5)
core   0: 3 0x8000b49c (0xb63f2423) mem 0x80010000 0x00000001
core   0: 0x8000b4a0 (0x0000bfe5) c.j     pc - 8
core   0: 3 0x8000b4a0 (0xbfe5)
core   0: 0x8000b498 (0x00005f17) auipc   t5, 0x5
core   0: 3 0x8000b498 (0x00005f17) x30 0x80010498
core   0: 0x8000b49c (0xb63f2423) sw      gp, -1176(t5)
core   0: 3 0x8000b49c (0xb63f2423) mem 0x80010000 0x00000001
core   0: 0x8000b4a0 (0x0000bfe5) c.j     pc - 8
core   0: 3 0x8000b4a0 (0xbfe5)
core   0: 0x8000b498 (0x00005f17) auipc   t5, 0x5
core   0: 3 0x8000b498 (0x00005f17) x30 0x80010498
core   0: 0x8000b49c (0xb63f2423) sw      gp, -1176(t5)
core   0: 3 0x8000b49c (0xb63f2423) mem 0x80010000 0x00000001
core   0: 0x8000b4a0 (0x0000bfe5) c.j     pc - 8
core   0: 3 0x8000b4a0 (0xbfe5)
core   0: 0x8000b498 (0x00005f17) auipc   t5, 0x5
core   0: 3 0x8000b498 (0x00005f17) x30 0x80010498
core   0: 0x8000b49c (0xb63f2423) sw      gp, -1176(t5)
core   0: 3 0x8000b49c (0xb63f2423) mem 0x80010000 0x00000001
core   0: 0x8000b4a0 (0x0000bfe5) c.j     pc - 8
core   0: 3 0x8000b4a0 (0xbfe5)
core   0: 0x8000b498 (0x00005f17) auipc   t5, 0x5
core   0: 3 0x8000b498 (0x00005f17) x30 0x80010498
core   0: 0x8000b49c (0xb63f2423) sw      gp, -1176(t5)
core   0: 3 0x8000b49c (0xb63f2423) mem 0x80010000 0x00000001
core   0: 0x8000b4a0 (0x0000bfe5) c.j     pc - 8
core   0: 3 0x8000b4a0 (0xbfe5)
core   0: 0x8000b498 (0x00005f17) auipc   t5, 0x5
core   0: 3 0x8000b498 (0x00005f17) x30 0x80010498
core   0: 0x8000b49c (0xb63f2423) sw      gp, -1176(t5)
core   0: 3 0x8000b49c (0xb63f2423) mem 0x80010000 0x00000001
core   0: 0x8000b4a0 (0x0000bfe5) c.j     pc - 8
core   0: 3 0x8000b4a0 (0xbfe5)
core   0: 0x8000b498 (0x00005f17) auipc   t5, 0x5
core   0: 3 0x8000b498 (0x00005f17) x30 0x80010498
core   0: 0x8000b49c (0xb63f2423) sw      gp, -1176(t5)
core   0: 3 0x8000b49c (0xb63f2423) mem 0x80010000 0x00000001
core   0: 0x8000b4a0 (0x0000bfe5) c.j     pc - 8
core   0: 3 0x8000b4a0 (0xbfe5)
core   0: 0x8000b498 (0x00005f17) auipc   t5, 0x5
core   0: 3 0x8000b498 (0x00005f17) x30 0x80010498
core   0: 0x8000b49c (0xb63f2423) sw      gp, -1176(t5)
core   0: 3 0x8000b49c (0xb63f2423) mem 0x80010000 0x00000001
core   0: 0x8000b4a0 (0x0000bfe5) c.j     pc - 8
core   0: 3 0x8000b4a0 (0xbfe5)
core   0: 0x8000b498 (0x00005f17) auipc   t5, 0x5
core   0: 3 0x8000b498 (0x00005f17) x30 0x80010498
core   0: 0x8000b49c (0xb63f2423) sw      gp, -1176(t5)
core   0: 3 0x8000b49c (0xb63f2423) mem 0x80010000 0x00000001
core   0: 0x8000b4a0 (0x0000bfe5) c.j     pc - 8
core   0: 3 0x8000b4a0 (0xbfe5)
core   0: 0x8000b498 (0x00005f17) auipc   t5, 0x5
core   0: 3 0x8000b498 (0x00005f17) x30 0x80010498
core   0: 0x8000b49c (0xb63f2423) sw      gp, -1176(t5)
core   0: 3 0x8000b49c (0xb63f2423) mem 0x80010000 0x00000001
core   0: 0x8000b4a0 (0x0000bfe5) c.j     pc - 8
core   0: 3 0x8000b4a0 (0xbfe5)
core   0: 0x8000b498 (0x00005f17) auipc   t5, 0x5
core   0: 3 0x8000b498 (0x00005f17) x30 0x80010498
core   0: 0x8000b49c (0xb63f2423) sw      gp, -1176(t5)
core   0: 3 0x8000b49c (0xb63f2423) mem 0x80010000 0x00000001
core   0: 0x8000b4a0 (0x0000bfe5) c.j     pc - 8
core   0: 3 0x8000b4a0 (0xbfe5)
core   0: 0x8000b498 (0x00005f17) auipc   t5, 0x5
core   0: 3 0x8000b498 (0x00005f17) x30 0x80010498
core   0: 0x8000b49c (0xb63f2423) sw      gp, -1176(t5)
core   0: 3 0x8000b49c (0xb63f2423) mem 0x80010000 0x00000001
core   0: 0x8000b4a0 (0x0000bfe5) c.j     pc - 8
core   0: 3 0x8000b4a0 (0xbfe5)
core   0: 0x8000b498 (0x00005f17) auipc   t5, 0x5
core   0: 3 0x8000b498 (0x00005f17) x30 0x80010498
core   0: 0x8000b49c (0xb63f2423) sw      gp, -1176(t5)
core   0: 3 0x8000b49c (0xb63f2423) mem 0x80010000 0x00000001
core   0: 0x8000b4a0 (0x0000bfe5) c.j     pc - 8
core   0: 3 0x8000b4a0 (0xbfe5)
core   0: 0x8000b498 (0x00005f17) auipc   t5, 0x5
core   0: 3 0x8000b498 (0x00005f17) x30 0x80010498
core   0: 0x8000b49c (0xb63f2423) sw      gp, -1176(t5)
core   0: 3 0x8000b49c (0xb63f2423) mem 0x80010000 0x00000001
core   0: 0x8000b4a0 (0x0000bfe5) c.j     pc - 8
core   0: 3 0x8000b4a0 (0xbfe5)
core   0: 0x8000b498 (0x00005f17) auipc   t5, 0x5
core   0: 3 0x8000b498 (0x00005f17) x30 0x80010498
core   0: 0x8000b49c (0xb63f2423) sw      gp, -1176(t5)
core   0: 3 0x8000b49c (0xb63f2423) mem 0x80010000 0x00000001
core   0: 0x8000b4a0 (0x0000bfe5) c.j     pc - 8
core   0: 3 0x8000b4a0 (0xbfe5)
core   0: 0x8000b498 (0x00005f17) auipc   t5, 0x5
core   0: 3 0x8000b498 (0x00005f17) x30 0x80010498
core   0: 0x8000b49c (0xb63f2423) sw      gp, -1176(t5)
core   0: 3 0x8000b49c (0xb63f2423) mem 0x80010000 0x00000001
core   0: 0x8000b4a0 (0x0000bfe5) c.j     pc - 8
core   0: 3 0x8000b4a0 (0xbfe5)
core   0: 0x8000b498 (0x00005f17) auipc   t5, 0x5
core   0: 3 0x8000b498 (0x00005f17) x30 0x80010498
core   0: 0x8000b49c (0xb63f2423) sw      gp, -1176(t5)
core   0: 3 0x8000b49c (0xb63f2423) mem 0x80010000 0x00000001
core   0: 0x8000b4a0 (0x0000bfe5) c.j     pc - 8
core   0: 3 0x8000b4a0 (0xbfe5)
core   0: 0x8000b498 (0x00005f17) auipc   t5, 0x5
core   0: 3 0x8000b498 (0x00005f17) x30 0x80010498
core   0: 0x8000b49c (0xb63f2423) sw      gp, -1176(t5)
core   0: 3 0x8000b49c (0xb63f2423) mem 0x80010000 0x00000001
core   0: 0x8000b4a0 (0x0000bfe5) c.j     pc - 8
core   0: 3 0x8000b4a0 (0xbfe5)
core   0: 0x8000b498 (0x00005f17) auipc   t5, 0x5
core   0: 3 0x8000b498 (0x00005f17) x30 0x80010498
core   0: 0x8000b49c (0xb63f2423) sw      gp, -1176(t5)
core   0: 3 0x8000b49c (0xb63f2423) mem 0x80010000 0x00000001
core   0: 0x8000b4a0 (0x0000bfe5) c.j     pc - 8
core   0: 3 0x8000b4a0 (0xbfe5)
core   0: 0x8000b498 (0x00005f17) auipc   t5, 0x5
core   0: 3 0x8000b498 (0x00005f17) x30 0x80010498
core   0: 0x8000b49c (0xb63f2423) sw      gp, -1176(t5)
core   0: 3 0x8000b49c (0xb63f2423) mem 0x80010000 0x00000001
core   0: 0x8000b4a0 (0x0000bfe5) c.j     pc - 8
core   0: 3 0x8000b4a0 (0xbfe5)
core   0: 0x8000b498 (0x00005f17) auipc   t5, 0x5
core   0: 3 0x8000b498 (0x00005f17) x30 0x80010498
core   0: 0x8000b49c (0xb63f2423) sw      gp, -1176(t5)
core   0: 3 0x8000b49c (0xb63f2423) mem 0x80010000 0x00000001
core   0: 0x8000b4a0 (0x0000bfe5) c.j     pc - 8
core   0: 3 0x8000b4a0 (0xbfe5)
core   0: 0x8000b498 (0x00005f17) auipc   t5, 0x5
core   0: 3 0x8000b498 (0x00005f17) x30 0x80010498
core   0: 0x8000b49c (0xb63f2423) sw      gp, -1176(t5)
core   0: 3 0x8000b49c (0xb63f2423) mem 0x80010000 0x00000001
core   0: 0x8000b4a0 (0x0000bfe5) c.j     pc - 8
core   0: 3 0x8000b4a0 (0xbfe5)
core   0: 0x8000b498 (0x00005f17) auipc   t5, 0x5
core   0: 3 0x8000b498 (0x00005f17) x30 0x80010498
core   0: 0x8000b49c (0xb63f2423) sw      gp, -1176(t5)
core   0: 3 0x8000b49c (0xb63f2423) mem 0x80010000 0x00000001
core   0: 0x8000b4a0 (0x0000bfe5) c.j     pc - 8
core   0: 3 0x8000b4a0 (0xbfe5)
core   0: 0x8000b498 (0x00005f17) auipc   t5, 0x5
core   0: 3 0x8000b498 (0x00005f17) x30 0x80010498
core   0: 0x8000b49c (0xb63f2423) sw      gp, -1176(t5)
core   0: 3 0x8000b49c (0xb63f2423) mem 0x80010000 0x00000001
core   0: 0x8000b4a0 (0x0000bfe5) c.j     pc - 8
core   0: 3 0x8000b4a0 (0xbfe5)
core   0: 0x8000b498 (0x00005f17) auipc   t5, 0x5
core   0: 3 0x8000b498 (0x00005f17) x30 0x80010498
core   0: 0x8000b49c (0xb63f2423) sw      gp, -1176(t5)
core   0: 3 0x8000b49c (0xb63f2423) mem 0x80010000 0x00000001
core   0: 0x8000b4a0 (0x0000bfe5) c.j     pc - 8
core   0: 3 0x8000b4a0 (0xbfe5)
core   0: 0x8000b498 (0x00005f17) auipc   t5, 0x5
core   0: 3 0x8000b498 (0x00005f17) x30 0x80010498
core   0: 0x8000b49c (0xb63f2423) sw      gp, -1176(t5)
core   0: 3 0x8000b49c (0xb63f2423) mem 0x80010000 0x00000001
core   0: 0x8000b4a0 (0x0000bfe5) c.j     pc - 8
core   0: 3 0x8000b4a0 (0xbfe5)
core   0: 0x8000b498 (0x00005f17) auipc   t5, 0x5
core   0: 3 0x8000b498 (0x00005f17) x30 0x80010498
core   0: 0x8000b49c (0xb63f2423) sw      gp, -1176(t5)
core   0: 3 0x8000b49c (0xb63f2423) mem 0x80010000 0x00000001
core   0: 0x8000b4a0 (0x0000bfe5) c.j     pc - 8
core   0: 3 0x8000b4a0 (0xbfe5)
core   0: 0x8000b498 (0x00005f17) auipc   t5, 0x5
core   0: 3 0x8000b498 (0x00005f17) x30 0x80010498
core   0: 0x8000b49c (0xb63f2423) sw      gp, -1176(t5)
core   0: 3 0x8000b49c (0xb63f2423) mem 0x80010000 0x00000001
core   0: 0x8000b4a0 (0x0000bfe5) c.j     pc - 8
core   0: 3 0x8000b4a0 (0xbfe5)
core   0: 0x8000b498 (0x00005f17) auipc   t5, 0x5
core   0: 3 0x8000b498 (0x00005f17) x30 0x80010498
core   0: 0x8000b49c (0xb63f2423) sw      gp, -1176(t5)
core   0: 3 0x8000b49c (0xb63f2423) mem 0x80010000 0x00000001
core   0: 0x8000b4a0 (0x0000bfe5) c.j     pc - 8
core   0: 3 0x8000b4a0 (0xbfe5)
core   0: 0x8000b498 (0x00005f17) auipc   t5, 0x5
core   0: 3 0x8000b498 (0x00005f17) x30 0x80010498
core   0: 0x8000b49c (0xb63f2423) sw      gp, -1176(t5)
core   0: 3 0x8000b49c (0xb63f2423) mem 0x80010000 0x00000001
core   0: 0x8000b4a0 (0x0000bfe5) c.j     pc - 8
core   0: 3 0x8000b4a0 (0xbfe5)
core   0: 0x8000b498 (0x00005f17) auipc   t5, 0x5
core   0: 3 0x8000b498 (0x00005f17) x30 0x80010498
core   0: 0x8000b49c (0xb63f2423) sw      gp, -1176(t5)
core   0: 3 0x8000b49c (0xb63f2423) mem 0x80010000 0x00000001
core   0: 0x8000b4a0 (0x0000bfe5) c.j     pc - 8
core   0: 3 0x8000b4a0 (0xbfe5)
core   0: 0x8000b498 (0x00005f17) auipc   t5, 0x5
core   0: 3 0x8000b498 (0x00005f17) x30 0x80010498
core   0: 0x8000b49c (0xb63f2423) sw      gp, -1176(t5)
core   0: 3 0x8000b49c (0xb63f2423) mem 0x80010000 0x00000001
core   0: 0x8000b4a0 (0x0000bfe5) c.j     pc - 8
core   0: 3 0x8000b4a0 (0xbfe5)
core   0: 0x8000b498 (0x00005f17) auipc   t5, 0x5
core   0: 3 0x8000b498 (0x00005f17) x30 0x80010498
core   0: 0x8000b49c (0xb63f2423) sw      gp, -1176(t5)
core   0: 3 0x8000b49c (0xb63f2423) mem 0x80010000 0x00000001
core   0: 0x8000b4a0 (0x0000bfe5) c.j     pc - 8
core   0: 3 0x8000b4a0 (0xbfe5)
core   0: 0x8000b498 (0x00005f17) auipc   t5, 0x5
core   0: 3 0x8000b498 (0x00005f17) x30 0x80010498
core   0: 0x8000b49c (0xb63f2423) sw      gp, -1176(t5)
core   0: 3 0x8000b49c (0xb63f2423) mem 0x80010000 0x00000001
core   0: 0x8000b4a0 (0x0000bfe5) c.j     pc - 8
core   0: 3 0x8000b4a0 (0xbfe5)
core   0: 0x8000b498 (0x00005f17) auipc   t5, 0x5
core   0: 3 0x8000b498 (0x00005f17) x30 0x80010498
core   0: 0x8000b49c (0xb63f2423) sw      gp, -1176(t5)
core   0: 3 0x8000b49c (0xb63f2423) mem 0x80010000 0x00000001
core   0: 0x8000b4a0 (0x0000bfe5) c.j     pc - 8
core   0: 3 0x8000b4a0 (0xbfe5)
core   0: 0x8000b498 (0x00005f17) auipc   t5, 0x5
core   0: 3 0x8000b498 (0x00005f17) x30 0x80010498
core   0: 0x8000b49c (0xb63f2423) sw      gp, -1176(t5)
core   0: 3 0x8000b49c (0xb63f2423) mem 0x80010000 0x00000001
core   0: 0x8000b4a0 (0x0000bfe5) c.j     pc - 8
core   0: 3 0x8000b4a0 (0xbfe5)
core   0: 0x8000b498 (0x00005f17) auipc   t5, 0x5
core   0: 3 0x8000b498 (0x00005f17) x30 0x80010498
core   0: 0x8000b49c (0xb63f2423) sw      gp, -1176(t5)
core   0: 3 0x8000b49c (0xb63f2423) mem 0x80010000 0x00000001
core   0: 0x8000b4a0 (0x0000bfe5) c.j     pc - 8
core   0: 3 0x8000b4a0 (0xbfe5)
core   0: 0x8000b498 (0x00005f17) auipc   t5, 0x5
core   0: 3 0x8000b498 (0x00005f17) x30 0x80010498
core   0: 0x8000b49c (0xb63f2423) sw      gp, -1176(t5)
core   0: 3 0x8000b49c (0xb63f2423) mem 0x80010000 0x00000001
core   0: 0x8000b4a0 (0x0000bfe5) c.j     pc - 8
core   0: 3 0x8000b4a0 (0xbfe5)
core   0: 0x8000b498 (0x00005f17) auipc   t5, 0x5
core   0: 3 0x8000b498 (0x00005f17) x30 0x80010498
core   0: 0x8000b49c (0xb63f2423) sw      gp, -1176(t5)
core   0: 3 0x8000b49c (0xb63f2423) mem 0x80010000 0x00000001
core   0: 0x8000b4a0 (0x0000bfe5) c.j     pc - 8
core   0: 3 0x8000b4a0 (0xbfe5)
core   0: 0x8000b498 (0x00005f17) auipc   t5, 0x5
core   0: 3 0x8000b498 (0x00005f17) x30 0x80010498
core   0: 0x8000b49c (0xb63f2423) sw      gp, -1176(t5)
core   0: 3 0x8000b49c (0xb63f2423) mem 0x80010000 0x00000001
core   0: 0x8000b4a0 (0x0000bfe5) c.j     pc - 8
core   0: 3 0x8000b4a0 (0xbfe5)
core   0: 0x8000b498 (0x00005f17) auipc   t5, 0x5
core   0: 3 0x8000b498 (0x00005f17) x30 0x80010498
core   0: 0x8000b49c (0xb63f2423) sw      gp, -1176(t5)
core   0: 3 0x8000b49c (0xb63f2423) mem 0x80010000 0x00000001
core   0: 0x8000b4a0 (0x0000bfe5) c.j     pc - 8
core   0: 3 0x8000b4a0 (0xbfe5)
core   0: 0x8000b498 (0x00005f17) auipc   t5, 0x5
core   0: 3 0x8000b498 (0x00005f17) x30 0x80010498
core   0: 0x8000b49c (0xb63f2423) sw      gp, -1176(t5)
core   0: 3 0x8000b49c (0xb63f2423) mem 0x80010000 0x00000001
core   0: 0x8000b4a0 (0x0000bfe5) c.j     pc - 8
core   0: 3 0x8000b4a0 (0xbfe5)
core   0: 0x8000b498 (0x00005f17) auipc   t5, 0x5
core   0: 3 0x8000b498 (0x00005f17) x30 0x80010498
core   0: 0x8000b49c (0xb63f2423) sw      gp, -1176(t5)
core   0: 3 0x8000b49c (0xb63f2423) mem 0x80010000 0x00000001
core   0: 0x8000b4a0 (0x0000bfe5) c.j     pc - 8
core   0: 3 0x8000b4a0 (0xbfe5)
core   0: 0x8000b498 (0x00005f17) auipc   t5, 0x5
core   0: 3 0x8000b498 (0x00005f17) x30 0x80010498
core   0: 0x8000b49c (0xb63f2423) sw      gp, -1176(t5)
core   0: 3 0x8000b49c (0xb63f2423) mem 0x80010000 0x00000001
core   0: 0x8000b4a0 (0x0000bfe5) c.j     pc - 8
core   0: 3 0x8000b4a0 (0xbfe5)
core   0: 0x8000b498 (0x00005f17) auipc   t5, 0x5
core   0: 3 0x8000b498 (0x00005f17) x30 0x80010498
core   0: 0x8000b49c (0xb63f2423) sw      gp, -1176(t5)
core   0: 3 0x8000b49c (0xb63f2423) mem 0x80010000 0x00000001
core   0: 0x8000b4a0 (0x0000bfe5) c.j     pc - 8
core   0: 3 0x8000b4a0 (0xbfe5)
core   0: 0x8000b498 (0x00005f17) auipc   t5, 0x5
core   0: 3 0x8000b498 (0x00005f17) x30 0x80010498
core   0: 0x8000b49c (0xb63f2423) sw      gp, -1176(t5)
core   0: 3 0x8000b49c (0xb63f2423) mem 0x80010000 0x00000001
core   0: 0x8000b4a0 (0x0000bfe5) c.j     pc - 8
core   0: 3 0x8000b4a0 (0xbfe5)
core   0: 0x8000b498 (0x00005f17) auipc   t5, 0x5
core   0: 3 0x8000b498 (0x00005f17) x30 0x80010498
core   0: 0x8000b49c (0xb63f2423) sw      gp, -1176(t5)
core   0: 3 0x8000b49c (0xb63f2423) mem 0x80010000 0x00000001
core   0: 0x8000b4a0 (0x0000bfe5) c.j     pc - 8
core   0: 3 0x8000b4a0 (0xbfe5)
core   0: 0x8000b498 (0x00005f17) auipc   t5, 0x5
core   0: 3 0x8000b498 (0x00005f17) x30 0x80010498
core   0: 0x8000b49c (0xb63f2423) sw      gp, -1176(t5)
core   0: 3 0x8000b49c (0xb63f2423) mem 0x80010000 0x00000001
core   0: 0x8000b4a0 (0x0000bfe5) c.j     pc - 8
core   0: 3 0x8000b4a0 (0xbfe5)
core   0: 0x8000b498 (0x00005f17) auipc   t5, 0x5
core   0: 3 0x8000b498 (0x00005f17) x30 0x80010498
core   0: 0x8000b49c (0xb63f2423) sw      gp, -1176(t5)
core   0: 3 0x8000b49c (0xb63f2423) mem 0x80010000 0x00000001
core   0: 0x8000b4a0 (0x0000bfe5) c.j     pc - 8
core   0: 3 0x8000b4a0 (0xbfe5)
core   0: 0x8000b498 (0x00005f17) auipc   t5, 0x5
core   0: 3 0x8000b498 (0x00005f17) x30 0x80010498
core   0: 0x8000b49c (0xb63f2423) sw      gp, -1176(t5)
core   0: 3 0x8000b49c (0xb63f2423) mem 0x80010000 0x00000001
core   0: 0x8000b4a0 (0x0000bfe5) c.j     pc - 8
core   0: 3 0x8000b4a0 (0xbfe5)
core   0: 0x8000b498 (0x00005f17) auipc   t5, 0x5
core   0: 3 0x8000b498 (0x00005f17) x30 0x80010498
core   0: 0x8000b49c (0xb63f2423) sw      gp, -1176(t5)
core   0: 3 0x8000b49c (0xb63f2423) mem 0x80010000 0x00000001
core   0: 0x8000b4a0 (0x0000bfe5) c.j     pc - 8
core   0: 3 0x8000b4a0 (0xbfe5)
core   0: 0x8000b498 (0x00005f17) auipc   t5, 0x5
core   0: 3 0x8000b498 (0x00005f17) x30 0x80010498
core   0: 0x8000b49c (0xb63f2423) sw      gp, -1176(t5)
core   0: 3 0x8000b49c (0xb63f2423) mem 0x80010000 0x00000001
core   0: 0x8000b4a0 (0x0000bfe5) c.j     pc - 8
core   0: 3 0x8000b4a0 (0xbfe5)
core   0: 0x8000b498 (0x00005f17) auipc   t5, 0x5
core   0: 3 0x8000b498 (0x00005f17) x30 0x80010498
core   0: 0x8000b49c (0xb63f2423) sw      gp, -1176(t5)
core   0: 3 0x8000b49c (0xb63f2423) mem 0x80010000 0x00000001
core   0: 0x8000b4a0 (0x0000bfe5) c.j     pc - 8
core   0: 3 0x8000b4a0 (0xbfe5)
core   0: 0x8000b498 (0x00005f17) auipc   t5, 0x5
core   0: 3 0x8000b498 (0x00005f17) x30 0x80010498
core   0: 0x8000b49c (0xb63f2423) sw      gp, -1176(t5)
core   0: 3 0x8000b49c (0xb63f2423) mem 0x80010000 0x00000001
core   0: 0x8000b4a0 (0x0000bfe5) c.j     pc - 8
core   0: 3 0x8000b4a0 (0xbfe5)
core   0: 0x8000b498 (0x00005f17) auipc   t5, 0x5
core   0: 3 0x8000b498 (0x00005f17) x30 0x80010498
core   0: 0x8000b49c (0xb63f2423) sw      gp, -1176(t5)
core   0: 3 0x8000b49c (0xb63f2423) mem 0x80010000 0x00000001
core   0: 0x8000b4a0 (0x0000bfe5) c.j     pc - 8
core   0: 3 0x8000b4a0 (0xbfe5)
core   0: 0x8000b498 (0x00005f17) auipc   t5, 0x5
core   0: 3 0x8000b498 (0x00005f17) x30 0x80010498
core   0: 0x8000b49c (0xb63f2423) sw      gp, -1176(t5)
core   0: 3 0x8000b49c (0xb63f2423) mem 0x80010000 0x00000001
core   0: 0x8000b4a0 (0x0000bfe5) c.j     pc - 8
core   0: 3 0x8000b4a0 (0xbfe5)
core   0: 0x8000b498 (0x00005f17) auipc   t5, 0x5
core   0: 3 0x8000b498 (0x00005f17) x30 0x80010498
core   0: 0x8000b49c (0xb63f2423) sw      gp, -1176(t5)
core   0: 3 0x8000b49c (0xb63f2423) mem 0x80010000 0x00000001
core   0: 0x8000b4a0 (0x0000bfe5) c.j     pc - 8
core   0: 3 0x8000b4a0 (0xbfe5)
core   0: 0x8000b498 (0x00005f17) auipc   t5, 0x5
core   0: 3 0x8000b498 (0x00005f17) x30 0x80010498
core   0: 0x8000b49c (0xb63f2423) sw      gp, -1176(t5)
core   0: 3 0x8000b49c (0xb63f2423) mem 0x80010000 0x00000001
core   0: 0x8000b4a0 (0x0000bfe5) c.j     pc - 8
core   0: 3 0x8000b4a0 (0xbfe5)
core   0: 0x8000b498 (0x00005f17) auipc   t5, 0x5
core   0: 3 0x8000b498 (0x00005f17) x30 0x80010498
core   0: 0x8000b49c (0xb63f2423) sw      gp, -1176(t5)
core   0: 3 0x8000b49c (0xb63f2423) mem 0x80010000 0x00000001
core   0: 0x8000b4a0 (0x0000bfe5) c.j     pc - 8
core   0: 3 0x8000b4a0 (0xbfe5)
core   0: 0x8000b498 (0x00005f17) auipc   t5, 0x5
core   0: 3 0x8000b498 (0x00005f17) x30 0x80010498
core   0: 0x8000b49c (0xb63f2423) sw      gp, -1176(t5)
core   0: 3 0x8000b49c (0xb63f2423) mem 0x80010000 0x00000001
core   0: 0x8000b4a0 (0x0000bfe5) c.j     pc - 8
core   0: 3 0x8000b4a0 (0xbfe5)
core   0: 0x8000b498 (0x00005f17) auipc   t5, 0x5
core   0: 3 0x8000b498 (0x00005f17) x30 0x80010498
core   0: 0x8000b49c (0xb63f2423) sw      gp, -1176(t5)
core   0: 3 0x8000b49c (0xb63f2423) mem 0x80010000 0x00000001
core   0: 0x8000b4a0 (0x0000bfe5) c.j     pc - 8
core   0: 3 0x8000b4a0 (0xbfe5)
core   0: 0x8000b498 (0x00005f17) auipc   t5, 0x5
core   0: 3 0x8000b498 (0x00005f17) x30 0x80010498
core   0: 0x8000b49c (0xb63f2423) sw      gp, -1176(t5)
core   0: 3 0x8000b49c (0xb63f2423) mem 0x80010000 0x00000001
core   0: 0x8000b4a0 (0x0000bfe5) c.j     pc - 8
core   0: 3 0x8000b4a0 (0xbfe5)
core   0: 0x8000b498 (0x00005f17) auipc   t5, 0x5
core   0: 3 0x8000b498 (0x00005f17) x30 0x80010498
core   0: 0x8000b49c (0xb63f2423) sw      gp, -1176(t5)
core   0: 3 0x8000b49c (0xb63f2423) mem 0x80010000 0x00000001
core   0: 0x8000b4a0 (0x0000bfe5) c.j     pc - 8
core   0: 3 0x8000b4a0 (0xbfe5)
core   0: 0x8000b498 (0x00005f17) auipc   t5, 0x5
core   0: 3 0x8000b498 (0x00005f17) x30 0x80010498
core   0: 0x8000b49c (0xb63f2423) sw      gp, -1176(t5)
core   0: 3 0x8000b49c (0xb63f2423) mem 0x80010000 0x00000001
core   0: 0x8000b4a0 (0x0000bfe5) c.j     pc - 8
core   0: 3 0x8000b4a0 (0xbfe5)
core   0: 0x8000b498 (0x00005f17) auipc   t5, 0x5
core   0: 3 0x8000b498 (0x00005f17) x30 0x80010498
core   0: 0x8000b49c (0xb63f2423) sw      gp, -1176(t5)
core   0: 3 0x8000b49c (0xb63f2423) mem 0x80010000 0x00000001
core   0: 0x8000b4a0 (0x0000bfe5) c.j     pc - 8
core   0: 3 0x8000b4a0 (0xbfe5)
core   0: 0x8000b498 (0x00005f17) auipc   t5, 0x5
core   0: 3 0x8000b498 (0x00005f17) x30 0x80010498
core   0: 0x8000b49c (0xb63f2423) sw      gp, -1176(t5)
core   0: 3 0x8000b49c (0xb63f2423) mem 0x80010000 0x00000001
core   0: 0x8000b4a0 (0x0000bfe5) c.j     pc - 8
core   0: 3 0x8000b4a0 (0xbfe5)
core   0: 0x8000b498 (0x00005f17) auipc   t5, 0x5
core   0: 3 0x8000b498 (0x00005f17) x30 0x80010498
core   0: 0x8000b49c (0xb63f2423) sw      gp, -1176(t5)
core   0: 3 0x8000b49c (0xb63f2423) mem 0x80010000 0x00000001
core   0: 0x8000b4a0 (0x0000bfe5) c.j     pc - 8
core   0: 3 0x8000b4a0 (0xbfe5)
core   0: 0x8000b498 (0x00005f17) auipc   t5, 0x5
core   0: 3 0x8000b498 (0x00005f17) x30 0x80010498
core   0: 0x8000b49c (0xb63f2423) sw      gp, -1176(t5)
core   0: 3 0x8000b49c (0xb63f2423) mem 0x80010000 0x00000001
core   0: 0x8000b4a0 (0x0000bfe5) c.j     pc - 8
core   0: 3 0x8000b4a0 (0xbfe5)
core   0: 0x8000b498 (0x00005f17) auipc   t5, 0x5
core   0: 3 0x8000b498 (0x00005f17) x30 0x80010498
core   0: 0x8000b49c (0xb63f2423) sw      gp, -1176(t5)
core   0: 3 0x8000b49c (0xb63f2423) mem 0x80010000 0x00000001
core   0: 0x8000b4a0 (0x0000bfe5) c.j     pc - 8
core   0: 3 0x8000b4a0 (0xbfe5)
core   0: 0x8000b498 (0x00005f17) auipc   t5, 0x5
core   0: 3 0x8000b498 (0x00005f17) x30 0x80010498
core   0: 0x8000b49c (0xb63f2423) sw      gp, -1176(t5)
core   0: 3 0x8000b49c (0xb63f2423) mem 0x80010000 0x00000001
core   0: 0x8000b4a0 (0x0000bfe5) c.j     pc - 8
core   0: 3 0x8000b4a0 (0xbfe5)
core   0: 0x8000b498 (0x00005f17) auipc   t5, 0x5
core   0: 3 0x8000b498 (0x00005f17) x30 0x80010498
core   0: 0x8000b49c (0xb63f2423) sw      gp, -1176(t5)
core   0: 3 0x8000b49c (0xb63f2423) mem 0x80010000 0x00000001
core   0: 0x8000b4a0 (0x0000bfe5) c.j     pc - 8
core   0: 3 0x8000b4a0 (0xbfe5)
core   0: 0x8000b498 (0x00005f17) auipc   t5, 0x5
core   0: 3 0x8000b498 (0x00005f17) x30 0x80010498
core   0: 0x8000b49c (0xb63f2423) sw      gp, -1176(t5)
core   0: 3 0x8000b49c (0xb63f2423) mem 0x80010000 0x00000001
core   0: 0x8000b4a0 (0x0000bfe5) c.j     pc - 8
core   0: 3 0x8000b4a0 (0xbfe5)
core   0: 0x8000b498 (0x00005f17) auipc   t5, 0x5
core   0: 3 0x8000b498 (0x00005f17) x30 0x80010498
core   0: 0x8000b49c (0xb63f2423) sw      gp, -1176(t5)
core   0: 3 0x8000b49c (0xb63f2423) mem 0x80010000 0x00000001
core   0: 0x8000b4a0 (0x0000bfe5) c.j     pc - 8
core   0: 3 0x8000b4a0 (0xbfe5)
core   0: 0x8000b498 (0x00005f17) auipc   t5, 0x5
core   0: 3 0x8000b498 (0x00005f17) x30 0x80010498
core   0: 0x8000b49c (0xb63f2423) sw      gp, -1176(t5)
core   0: 3 0x8000b49c (0xb63f2423) mem 0x80010000 0x00000001
core   0: 0x8000b4a0 (0x0000bfe5) c.j     pc - 8
core   0: 3 0x8000b4a0 (0xbfe5)
core   0: 0x8000b498 (0x00005f17) auipc   t5, 0x5
core   0: 3 0x8000b498 (0x00005f17) x30 0x80010498
core   0: 0x8000b49c (0xb63f2423) sw      gp, -1176(t5)
core   0: 3 0x8000b49c (0xb63f2423) mem 0x80010000 0x00000001
core   0: 0x8000b4a0 (0x0000bfe5) c.j     pc - 8
core   0: 3 0x8000b4a0 (0xbfe5)
core   0: 0x8000b498 (0x00005f17) auipc   t5, 0x5
core   0: 3 0x8000b498 (0x00005f17) x30 0x80010498
core   0: 0x8000b49c (0xb63f2423) sw      gp, -1176(t5)
core   0: 3 0x8000b49c (0xb63f2423) mem 0x80010000 0x00000001
core   0: 0x8000b4a0 (0x0000bfe5) c.j     pc - 8
core   0: 3 0x8000b4a0 (0xbfe5)
core   0: 0x8000b498 (0x00005f17) auipc   t5, 0x5
core   0: 3 0x8000b498 (0x00005f17) x30 0x80010498
core   0: 0x8000b49c (0xb63f2423) sw      gp, -1176(t5)
core   0: 3 0x8000b49c (0xb63f2423) mem 0x80010000 0x00000001
core   0: 0x8000b4a0 (0x0000bfe5) c.j     pc - 8
core   0: 3 0x8000b4a0 (0xbfe5)
core   0: 0x8000b498 (0x00005f17) auipc   t5, 0x5
core   0: 3 0x8000b498 (0x00005f17) x30 0x80010498
core   0: 0x8000b49c (0xb63f2423) sw      gp, -1176(t5)
core   0: 3 0x8000b49c (0xb63f2423) mem 0x80010000 0x00000001
core   0: 0x8000b4a0 (0x0000bfe5) c.j     pc - 8
core   0: 3 0x8000b4a0 (0xbfe5)
core   0: 0x8000b498 (0x00005f17) auipc   t5, 0x5
core   0: 3 0x8000b498 (0x00005f17) x30 0x80010498
core   0: 0x8000b49c (0xb63f2423) sw      gp, -1176(t5)
core   0: 3 0x8000b49c (0xb63f2423) mem 0x80010000 0x00000001
core   0: 0x8000b4a0 (0x0000bfe5) c.j     pc - 8
core   0: 3 0x8000b4a0 (0xbfe5)
core   0: 0x8000b498 (0x00005f17) auipc   t5, 0x5
core   0: 3 0x8000b498 (0x00005f17) x30 0x80010498
core   0: 0x8000b49c (0xb63f2423) sw      gp, -1176(t5)
core   0: 3 0x8000b49c (0xb63f2423) mem 0x80010000 0x00000001
core   0: 0x8000b4a0 (0x0000bfe5) c.j     pc - 8
core   0: 3 0x8000b4a0 (0xbfe5)
core   0: 0x8000b498 (0x00005f17) auipc   t5, 0x5
core   0: 3 0x8000b498 (0x00005f17) x30 0x80010498
core   0: 0x8000b49c (0xb63f2423) sw      gp, -1176(t5)
core   0: 3 0x8000b49c (0xb63f2423) mem 0x80010000 0x00000001
core   0: 0x8000b4a0 (0x0000bfe5) c.j     pc - 8
core   0: 3 0x8000b4a0 (0xbfe5)
core   0: 0x8000b498 (0x00005f17) auipc   t5, 0x5
core   0: 3 0x8000b498 (0x00005f17) x30 0x80010498
core   0: 0x8000b49c (0xb63f2423) sw      gp, -1176(t5)
core   0: 3 0x8000b49c (0xb63f2423) mem 0x80010000 0x00000001
core   0: 0x8000b4a0 (0x0000bfe5) c.j     pc - 8
core   0: 3 0x8000b4a0 (0xbfe5)
core   0: 0x8000b498 (0x00005f17) auipc   t5, 0x5
core   0: 3 0x8000b498 (0x00005f17) x30 0x80010498
core   0: 0x8000b49c (0xb63f2423) sw      gp, -1176(t5)
core   0: 3 0x8000b49c (0xb63f2423) mem 0x80010000 0x00000001
core   0: 0x8000b4a0 (0x0000bfe5) c.j     pc - 8
core   0: 3 0x8000b4a0 (0xbfe5)
core   0: 0x8000b498 (0x00005f17) auipc   t5, 0x5
core   0: 3 0x8000b498 (0x00005f17) x30 0x80010498
core   0: 0x8000b49c (0xb63f2423) sw      gp, -1176(t5)
core   0: 3 0x8000b49c (0xb63f2423) mem 0x80010000 0x00000001
core   0: 0x8000b4a0 (0x0000bfe5) c.j     pc - 8
core   0: 3 0x8000b4a0 (0xbfe5)
core   0: 0x8000b498 (0x00005f17) auipc   t5, 0x5
core   0: 3 0x8000b498 (0x00005f17) x30 0x80010498
core   0: 0x8000b49c (0xb63f2423) sw      gp, -1176(t5)
core   0: 3 0x8000b49c (0xb63f2423) mem 0x80010000 0x00000001
core   0: 0x8000b4a0 (0x0000bfe5) c.j     pc - 8
core   0: 3 0x8000b4a0 (0xbfe5)
core   0: 0x8000b498 (0x00005f17) auipc   t5, 0x5
core   0: 3 0x8000b498 (0x00005f17) x30 0x80010498
core   0: 0x8000b49c (0xb63f2423) sw      gp, -1176(t5)
core   0: 3 0x8000b49c (0xb63f2423) mem 0x80010000 0x00000001
core   0: 0x8000b4a0 (0x0000bfe5) c.j     pc - 8
core   0: 3 0x8000b4a0 (0xbfe5)
core   0: 0x8000b498 (0x00005f17) auipc   t5, 0x5
core   0: 3 0x8000b498 (0x00005f17) x30 0x80010498
core   0: 0x8000b49c (0xb63f2423) sw      gp, -1176(t5)
core   0: 3 0x8000b49c (0xb63f2423) mem 0x80010000 0x00000001
core   0: 0x8000b4a0 (0x0000bfe5) c.j     pc - 8
core   0: 3 0x8000b4a0 (0xbfe5)
core   0: 0x8000b498 (0x00005f17) auipc   t5, 0x5
core   0: 3 0x8000b498 (0x00005f17) x30 0x80010498
core   0: 0x8000b49c (0xb63f2423) sw      gp, -1176(t5)
core   0: 3 0x8000b49c (0xb63f2423) mem 0x80010000 0x00000001
core   0: 0x8000b4a0 (0x0000bfe5) c.j     pc - 8
core   0: 3 0x8000b4a0 (0xbfe5)
core   0: 0x8000b498 (0x00005f17) auipc   t5, 0x5
core   0: 3 0x8000b498 (0x00005f17) x30 0x80010498
core   0: 0x8000b49c (0xb63f2423) sw      gp, -1176(t5)
core   0: 3 0x8000b49c (0xb63f2423) mem 0x80010000 0x00000001
core   0: 0x8000b4a0 (0x0000bfe5) c.j     pc - 8
core   0: 3 0x8000b4a0 (0xbfe5)
core   0: 0x8000b498 (0x00005f17) auipc   t5, 0x5
core   0: 3 0x8000b498 (0x00005f17) x30 0x80010498
core   0: 0x8000b49c (0xb63f2423) sw      gp, -1176(t5)
core   0: 3 0x8000b49c (0xb63f2423) mem 0x80010000 0x00000001
core   0: 0x8000b4a0 (0x0000bfe5) c.j     pc - 8
core   0: 3 0x8000b4a0 (0xbfe5)
core   0: 0x8000b498 (0x00005f17) auipc   t5, 0x5
core   0: 3 0x8000b498 (0x00005f17) x30 0x80010498
core   0: 0x8000b49c (0xb63f2423) sw      gp, -1176(t5)
core   0: 3 0x8000b49c (0xb63f2423) mem 0x80010000 0x00000001
core   0: 0x8000b4a0 (0x0000bfe5) c.j     pc - 8
core   0: 3 0x8000b4a0 (0xbfe5)
core   0: 0x8000b498 (0x00005f17) auipc   t5, 0x5
core   0: 3 0x8000b498 (0x00005f17) x30 0x80010498
core   0: 0x8000b49c (0xb63f2423) sw      gp, -1176(t5)
core   0: 3 0x8000b49c (0xb63f2423) mem 0x80010000 0x00000001
core   0: 0x8000b4a0 (0x0000bfe5) c.j     pc - 8
core   0: 3 0x8000b4a0 (0xbfe5)
core   0: 0x8000b498 (0x00005f17) auipc   t5, 0x5
core   0: 3 0x8000b498 (0x00005f17) x30 0x80010498
core   0: 0x8000b49c (0xb63f2423) sw      gp, -1176(t5)
core   0: 3 0x8000b49c (0xb63f2423) mem 0x80010000 0x00000001
core   0: 0x8000b4a0 (0x0000bfe5) c.j     pc - 8
core   0: 3 0x8000b4a0 (0xbfe5)
core   0: 0x8000b498 (0x00005f17) auipc   t5, 0x5
core   0: 3 0x8000b498 (0x00005f17) x30 0x80010498
core   0: 0x8000b49c (0xb63f2423) sw      gp, -1176(t5)
core   0: 3 0x8000b49c (0xb63f2423) mem 0x80010000 0x00000001
core   0: 0x8000b4a0 (0x0000bfe5) c.j     pc - 8
core   0: 3 0x8000b4a0 (0xbfe5)
core   0: 0x8000b498 (0x00005f17) auipc   t5, 0x5
core   0: 3 0x8000b498 (0x00005f17) x30 0x80010498
core   0: 0x8000b49c (0xb63f2423) sw      gp, -1176(t5)
core   0: 3 0x8000b49c (0xb63f2423) mem 0x80010000 0x00000001
core   0: 0x8000b4a0 (0x0000bfe5) c.j     pc - 8
core   0: 3 0x8000b4a0 (0xbfe5)
core   0: 0x8000b498 (0x00005f17) auipc   t5, 0x5
core   0: 3 0x8000b498 (0x00005f17) x30 0x80010498
core   0: 0x8000b49c (0xb63f2423) sw      gp, -1176(t5)
core   0: 3 0x8000b49c (0xb63f2423) mem 0x80010000 0x00000001
core   0: 0x8000b4a0 (0x0000bfe5) c.j     pc - 8
core   0: 3 0x8000b4a0 (0xbfe5)
core   0: 0x8000b498 (0x00005f17) auipc   t5, 0x5
core   0: 3 0x8000b498 (0x00005f17) x30 0x80010498
core   0: 0x8000b49c (0xb63f2423) sw      gp, -1176(t5)
core   0: 3 0x8000b49c (0xb63f2423) mem 0x80010000 0x00000001
core   0: 0x8000b4a0 (0x0000bfe5) c.j     pc - 8
core   0: 3 0x8000b4a0 (0xbfe5)
core   0: 0x8000b498 (0x00005f17) auipc   t5, 0x5
core   0: 3 0x8000b498 (0x00005f17) x30 0x80010498
core   0: 0x8000b49c (0xb63f2423) sw      gp, -1176(t5)
core   0: 3 0x8000b49c (0xb63f2423) mem 0x80010000 0x00000001
core   0: 0x8000b4a0 (0x0000bfe5) c.j     pc - 8
core   0: 3 0x8000b4a0 (0xbfe5)
core   0: 0x8000b498 (0x00005f17) auipc   t5, 0x5
core   0: 3 0x8000b498 (0x00005f17) x30 0x80010498
core   0: 0x8000b49c (0xb63f2423) sw      gp, -1176(t5)
core   0: 3 0x8000b49c (0xb63f2423) mem 0x80010000 0x00000001
core   0: 0x8000b4a0 (0x0000bfe5) c.j     pc - 8
core   0: 3 0x8000b4a0 (0xbfe5)
core   0: 0x8000b498 (0x00005f17) auipc   t5, 0x5
core   0: 3 0x8000b498 (0x00005f17) x30 0x80010498
core   0: 0x8000b49c (0xb63f2423) sw      gp, -1176(t5)
core   0: 3 0x8000b49c (0xb63f2423) mem 0x80010000 0x00000001
core   0: 0x8000b4a0 (0x0000bfe5) c.j     pc - 8
core   0: 3 0x8000b4a0 (0xbfe5)
core   0: 0x8000b498 (0x00005f17) auipc   t5, 0x5
core   0: 3 0x8000b498 (0x00005f17) x30 0x80010498
core   0: 0x8000b49c (0xb63f2423) sw      gp, -1176(t5)
core   0: 3 0x8000b49c (0xb63f2423) mem 0x80010000 0x00000001
core   0: 0x8000b4a0 (0x0000bfe5) c.j     pc - 8
core   0: 3 0x8000b4a0 (0xbfe5)
core   0: 0x8000b498 (0x00005f17) auipc   t5, 0x5
core   0: 3 0x8000b498 (0x00005f17) x30 0x80010498
core   0: 0x8000b49c (0xb63f2423) sw      gp, -1176(t5)
core   0: 3 0x8000b49c (0xb63f2423) mem 0x80010000 0x00000001
core   0: 0x8000b4a0 (0x0000bfe5) c.j     pc - 8
core   0: 3 0x8000b4a0 (0xbfe5)
core   0: 0x8000b498 (0x00005f17) auipc   t5, 0x5
core   0: 3 0x8000b498 (0x00005f17) x30 0x80010498
core   0: 0x8000b49c (0xb63f2423) sw      gp, -1176(t5)
core   0: 3 0x8000b49c (0xb63f2423) mem 0x80010000 0x00000001
core   0: 0x8000b4a0 (0x0000bfe5) c.j     pc - 8
core   0: 3 0x8000b4a0 (0xbfe5)
core   0: 0x8000b498 (0x00005f17) auipc   t5, 0x5
core   0: 3 0x8000b498 (0x00005f17) x30 0x80010498
core   0: 0x8000b49c (0xb63f2423) sw      gp, -1176(t5)
core   0: 3 0x8000b49c (0xb63f2423) mem 0x80010000 0x00000001
core   0: 0x8000b4a0 (0x0000bfe5) c.j     pc - 8
core   0: 3 0x8000b4a0 (0xbfe5)
core   0: 0x8000b498 (0x00005f17) auipc   t5, 0x5
core   0: 3 0x8000b498 (0x00005f17) x30 0x80010498
core   0: 0x8000b49c (0xb63f2423) sw      gp, -1176(t5)
core   0: 3 0x8000b49c (0xb63f2423) mem 0x80010000 0x00000001
core   0: 0x8000b4a0 (0x0000bfe5) c.j     pc - 8
core   0: 3 0x8000b4a0 (0xbfe5)
core   0: 0x8000b498 (0x00005f17) auipc   t5, 0x5
core   0: 3 0x8000b498 (0x00005f17) x30 0x80010498
core   0: 0x8000b49c (0xb63f2423) sw      gp, -1176(t5)
core   0: 3 0x8000b49c (0xb63f2423) mem 0x80010000 0x00000001
core   0: 0x8000b4a0 (0x0000bfe5) c.j     pc - 8
core   0: 3 0x8000b4a0 (0xbfe5)
core   0: 0x8000b498 (0x00005f17) auipc   t5, 0x5
core   0: 3 0x8000b498 (0x00005f17) x30 0x80010498
core   0: 0x8000b49c (0xb63f2423) sw      gp, -1176(t5)
core   0: 3 0x8000b49c (0xb63f2423) mem 0x80010000 0x00000001
core   0: 0x8000b4a0 (0x0000bfe5) c.j     pc - 8
core   0: 3 0x8000b4a0 (0xbfe5)
core   0: 0x8000b498 (0x00005f17) auipc   t5, 0x5
core   0: 3 0x8000b498 (0x00005f17) x30 0x80010498
core   0: 0x8000b49c (0xb63f2423) sw      gp, -1176(t5)
core   0: 3 0x8000b49c (0xb63f2423) mem 0x80010000 0x00000001
core   0: 0x8000b4a0 (0x0000bfe5) c.j     pc - 8
core   0: 3 0x8000b4a0 (0xbfe5)
core   0: 0x8000b498 (0x00005f17) auipc   t5, 0x5
core   0: 3 0x8000b498 (0x00005f17) x30 0x80010498
core   0: 0x8000b49c (0xb63f2423) sw      gp, -1176(t5)
core   0: 3 0x8000b49c (0xb63f2423) mem 0x80010000 0x00000001
core   0: 0x8000b4a0 (0x0000bfe5) c.j     pc - 8
core   0: 3 0x8000b4a0 (0xbfe5)
core   0: 0x8000b498 (0x00005f17) auipc   t5, 0x5
core   0: 3 0x8000b498 (0x00005f17) x30 0x80010498
core   0: 0x8000b49c (0xb63f2423) sw      gp, -1176(t5)
core   0: 3 0x8000b49c (0xb63f2423) mem 0x80010000 0x00000001
core   0: 0x8000b4a0 (0x0000bfe5) c.j     pc - 8
core   0: 3 0x8000b4a0 (0xbfe5)
core   0: 0x8000b498 (0x00005f17) auipc   t5, 0x5
core   0: 3 0x8000b498 (0x00005f17) x30 0x80010498
core   0: 0x8000b49c (0xb63f2423) sw      gp, -1176(t5)
core   0: 3 0x8000b49c (0xb63f2423) mem 0x80010000 0x00000001
core   0: 0x8000b4a0 (0x0000bfe5) c.j     pc - 8
core   0: 3 0x8000b4a0 (0xbfe5)
core   0: 0x8000b498 (0x00005f17) auipc   t5, 0x5
core   0: 3 0x8000b498 (0x00005f17) x30 0x80010498
core   0: 0x8000b49c (0xb63f2423) sw      gp, -1176(t5)
core   0: 3 0x8000b49c (0xb63f2423) mem 0x80010000 0x00000001
core   0: 0x8000b4a0 (0x0000bfe5) c.j     pc - 8
core   0: 3 0x8000b4a0 (0xbfe5)
core   0: 0x8000b498 (0x00005f17) auipc   t5, 0x5
core   0: 3 0x8000b498 (0x00005f17) x30 0x80010498
core   0: 0x8000b49c (0xb63f2423) sw      gp, -1176(t5)
core   0: 3 0x8000b49c (0xb63f2423) mem 0x80010000 0x00000001
core   0: 0x8000b4a0 (0x0000bfe5) c.j     pc - 8
core   0: 3 0x8000b4a0 (0xbfe5)
core   0: 0x8000b498 (0x00005f17) auipc   t5, 0x5
core   0: 3 0x8000b498 (0x00005f17) x30 0x80010498
core   0: 0x8000b49c (0xb63f2423) sw      gp, -1176(t5)
core   0: 3 0x8000b49c (0xb63f2423) mem 0x80010000 0x00000001
core   0: 0x8000b4a0 (0x0000bfe5) c.j     pc - 8
core   0: 3 0x8000b4a0 (0xbfe5)
core   0: 0x8000b498 (0x00005f17) auipc   t5, 0x5
core   0: 3 0x8000b498 (0x00005f17) x30 0x80010498
core   0: 0x8000b49c (0xb63f2423) sw      gp, -1176(t5)
core   0: 3 0x8000b49c (0xb63f2423) mem 0x80010000 0x00000001
core   0: 0x8000b4a0 (0x0000bfe5) c.j     pc - 8
core   0: 3 0x8000b4a0 (0xbfe5)
core   0: 0x8000b498 (0x00005f17) auipc   t5, 0x5
core   0: 3 0x8000b498 (0x00005f17) x30 0x80010498
core   0: 0x8000b49c (0xb63f2423) sw      gp, -1176(t5)
core   0: 3 0x8000b49c (0xb63f2423) mem 0x80010000 0x00000001
core   0: 0x8000b4a0 (0x0000bfe5) c.j     pc - 8
core   0: 3 0x8000b4a0 (0xbfe5)
core   0: 0x8000b498 (0x00005f17) auipc   t5, 0x5
core   0: 3 0x8000b498 (0x00005f17) x30 0x80010498
core   0: 0x8000b49c (0xb63f2423) sw      gp, -1176(t5)
core   0: 3 0x8000b49c (0xb63f2423) mem 0x80010000 0x00000001
core   0: 0x8000b4a0 (0x0000bfe5) c.j     pc - 8
core   0: 3 0x8000b4a0 (0xbfe5)
core   0: 0x8000b498 (0x00005f17) auipc   t5, 0x5
core   0: 3 0x8000b498 (0x00005f17) x30 0x80010498
core   0: 0x8000b49c (0xb63f2423) sw      gp, -1176(t5)
core   0: 3 0x8000b49c (0xb63f2423) mem 0x80010000 0x00000001
core   0: 0x8000b4a0 (0x0000bfe5) c.j     pc - 8
core   0: 3 0x8000b4a0 (0xbfe5)
core   0: 0x8000b498 (0x00005f17) auipc   t5, 0x5
core   0: 3 0x8000b498 (0x00005f17) x30 0x80010498
core   0: 0x8000b49c (0xb63f2423) sw      gp, -1176(t5)
core   0: 3 0x8000b49c (0xb63f2423) mem 0x80010000 0x00000001
core   0: 0x8000b4a0 (0x0000bfe5) c.j     pc - 8
core   0: 3 0x8000b4a0 (0xbfe5)
core   0: 0x8000b498 (0x00005f17) auipc   t5, 0x5
core   0: 3 0x8000b498 (0x00005f17) x30 0x80010498
core   0: 0x8000b49c (0xb63f2423) sw      gp, -1176(t5)
core   0: 3 0x8000b49c (0xb63f2423) mem 0x80010000 0x00000001
core   0: 0x8000b4a0 (0x0000bfe5) c.j     pc - 8
core   0: 3 0x8000b4a0 (0xbfe5)
core   0: 0x8000b498 (0x00005f17) auipc   t5, 0x5
core   0: 3 0x8000b498 (0x00005f17) x30 0x80010498
core   0: 0x8000b49c (0xb63f2423) sw      gp, -1176(t5)
core   0: 3 0x8000b49c (0xb63f2423) mem 0x80010000 0x00000001
core   0: 0x8000b4a0 (0x0000bfe5) c.j     pc - 8
core   0: 3 0x8000b4a0 (0xbfe5)
core   0: 0x8000b498 (0x00005f17) auipc   t5, 0x5
core   0: 3 0x8000b498 (0x00005f17) x30 0x80010498
core   0: 0x8000b49c (0xb63f2423) sw      gp, -1176(t5)
core   0: 3 0x8000b49c (0xb63f2423) mem 0x80010000 0x00000001
core   0: 0x8000b4a0 (0x0000bfe5) c.j     pc - 8
core   0: 3 0x8000b4a0 (0xbfe5)
core   0: 0x8000b498 (0x00005f17) auipc   t5, 0x5
core   0: 3 0x8000b498 (0x00005f17) x30 0x80010498
core   0: 0x8000b49c (0xb63f2423) sw      gp, -1176(t5)
core   0: 3 0x8000b49c (0xb63f2423) mem 0x80010000 0x00000001
core   0: 0x8000b4a0 (0x0000bfe5) c.j     pc - 8
core   0: 3 0x8000b4a0 (0xbfe5)
core   0: 0x8000b498 (0x00005f17) auipc   t5, 0x5
core   0: 3 0x8000b498 (0x00005f17) x30 0x80010498
core   0: 0x8000b49c (0xb63f2423) sw      gp, -1176(t5)
core   0: 3 0x8000b49c (0xb63f2423) mem 0x80010000 0x00000001
core   0: 0x8000b4a0 (0x0000bfe5) c.j     pc - 8
core   0: 3 0x8000b4a0 (0xbfe5)
core   0: 0x8000b498 (0x00005f17) auipc   t5, 0x5
core   0: 3 0x8000b498 (0x00005f17) x30 0x80010498
core   0: 0x8000b49c (0xb63f2423) sw      gp, -1176(t5)
core   0: 3 0x8000b49c (0xb63f2423) mem 0x80010000 0x00000001
core   0: 0x8000b4a0 (0x0000bfe5) c.j     pc - 8
core   0: 3 0x8000b4a0 (0xbfe5)
core   0: 0x8000b498 (0x00005f17) auipc   t5, 0x5
core   0: 3 0x8000b498 (0x00005f17) x30 0x80010498
core   0: 0x8000b49c (0xb63f2423) sw      gp, -1176(t5)
core   0: 3 0x8000b49c (0xb63f2423) mem 0x80010000 0x00000001
core   0: 0x8000b4a0 (0x0000bfe5) c.j     pc - 8
core   0: 3 0x8000b4a0 (0xbfe5)
core   0: 0x8000b498 (0x00005f17) auipc   t5, 0x5
core   0: 3 0x8000b498 (0x00005f17) x30 0x80010498
core   0: 0x8000b49c (0xb63f2423) sw      gp, -1176(t5)
core   0: 3 0x8000b49c (0xb63f2423) mem 0x80010000 0x00000001
core   0: 0x8000b4a0 (0x0000bfe5) c.j     pc - 8
core   0: 3 0x8000b4a0 (0xbfe5)
core   0: 0x8000b498 (0x00005f17) auipc   t5, 0x5
core   0: 3 0x8000b498 (0x00005f17) x30 0x80010498
core   0: 0x8000b49c (0xb63f2423) sw      gp, -1176(t5)
core   0: 3 0x8000b49c (0xb63f2423) mem 0x80010000 0x00000001
core   0: 0x8000b4a0 (0x0000bfe5) c.j     pc - 8
core   0: 3 0x8000b4a0 (0xbfe5)
core   0: 0x8000b498 (0x00005f17) auipc   t5, 0x5
core   0: 3 0x8000b498 (0x00005f17) x30 0x80010498
core   0: 0x8000b49c (0xb63f2423) sw      gp, -1176(t5)
core   0: 3 0x8000b49c (0xb63f2423) mem 0x80010000 0x00000001
core   0: 0x8000b4a0 (0x0000bfe5) c.j     pc - 8
core   0: 3 0x8000b4a0 (0xbfe5)
core   0: 0x8000b498 (0x00005f17) auipc   t5, 0x5
core   0: 3 0x8000b498 (0x00005f17) x30 0x80010498
core   0: 0x8000b49c (0xb63f2423) sw      gp, -1176(t5)
core   0: 3 0x8000b49c (0xb63f2423) mem 0x80010000 0x00000001
core   0: 0x8000b4a0 (0x0000bfe5) c.j     pc - 8
core   0: 3 0x8000b4a0 (0xbfe5)
core   0: 0x8000b498 (0x00005f17) auipc   t5, 0x5
core   0: 3 0x8000b498 (0x00005f17) x30 0x80010498
core   0: 0x8000b49c (0xb63f2423) sw      gp, -1176(t5)
core   0: 3 0x8000b49c (0xb63f2423) mem 0x80010000 0x00000001
core   0: 0x8000b4a0 (0x0000bfe5) c.j     pc - 8
core   0: 3 0x8000b4a0 (0xbfe5)
core   0: 0x8000b498 (0x00005f17) auipc   t5, 0x5
core   0: 3 0x8000b498 (0x00005f17) x30 0x80010498
core   0: 0x8000b49c (0xb63f2423) sw      gp, -1176(t5)
core   0: 3 0x8000b49c (0xb63f2423) mem 0x80010000 0x00000001
core   0: 0x8000b4a0 (0x0000bfe5) c.j     pc - 8
core   0: 3 0x8000b4a0 (0xbfe5)
core   0: 0x8000b498 (0x00005f17) auipc   t5, 0x5
core   0: 3 0x8000b498 (0x00005f17) x30 0x80010498
core   0: 0x8000b49c (0xb63f2423) sw      gp, -1176(t5)
core   0: 3 0x8000b49c (0xb63f2423) mem 0x80010000 0x00000001
core   0: 0x8000b4a0 (0x0000bfe5) c.j     pc - 8
core   0: 3 0x8000b4a0 (0xbfe5)
core   0: 0x8000b498 (0x00005f17) auipc   t5, 0x5
core   0: 3 0x8000b498 (0x00005f17) x30 0x80010498
core   0: 0x8000b49c (0xb63f2423) sw      gp, -1176(t5)
core   0: 3 0x8000b49c (0xb63f2423) mem 0x80010000 0x00000001
core   0: 0x8000b4a0 (0x0000bfe5) c.j     pc - 8
core   0: 3 0x8000b4a0 (0xbfe5)
core   0: 0x8000b498 (0x00005f17) auipc   t5, 0x5
core   0: 3 0x8000b498 (0x00005f17) x30 0x80010498
core   0: 0x8000b49c (0xb63f2423) sw      gp, -1176(t5)
core   0: 3 0x8000b49c (0xb63f2423) mem 0x80010000 0x00000001
core   0: 0x8000b4a0 (0x0000bfe5) c.j     pc - 8
core   0: 3 0x8000b4a0 (0xbfe5)
core   0: 0x8000b498 (0x00005f17) auipc   t5, 0x5
core   0: 3 0x8000b498 (0x00005f17) x30 0x80010498
core   0: 0x8000b49c (0xb63f2423) sw      gp, -1176(t5)
core   0: 3 0x8000b49c (0xb63f2423) mem 0x80010000 0x00000001
core   0: 0x8000b4a0 (0x0000bfe5) c.j     pc - 8
core   0: 3 0x8000b4a0 (0xbfe5)
core   0: 0x8000b498 (0x00005f17) auipc   t5, 0x5
core   0: 3 0x8000b498 (0x00005f17) x30 0x80010498
core   0: 0x8000b49c (0xb63f2423) sw      gp, -1176(t5)
core   0: 3 0x8000b49c (0xb63f2423) mem 0x80010000 0x00000001
core   0: 0x8000b4a0 (0x0000bfe5) c.j     pc - 8
core   0: 3 0x8000b4a0 (0xbfe5)
core   0: 0x8000b498 (0x00005f17) auipc   t5, 0x5
core   0: 3 0x8000b498 (0x00005f17) x30 0x80010498
core   0: 0x8000b49c (0xb63f2423) sw      gp, -1176(t5)
core   0: 3 0x8000b49c (0xb63f2423) mem 0x80010000 0x00000001
core   0: 0x8000b4a0 (0x0000bfe5) c.j     pc - 8
core   0: 3 0x8000b4a0 (0xbfe5)
core   0: 0x8000b498 (0x00005f17) auipc   t5, 0x5
core   0: 3 0x8000b498 (0x00005f17) x30 0x80010498
core   0: 0x8000b49c (0xb63f2423) sw      gp, -1176(t5)
core   0: 3 0x8000b49c (0xb63f2423) mem 0x80010000 0x00000001
core   0: 0x8000b4a0 (0x0000bfe5) c.j     pc - 8
core   0: 3 0x8000b4a0 (0xbfe5)
core   0: 0x8000b498 (0x00005f17) auipc   t5, 0x5
core   0: 3 0x8000b498 (0x00005f17) x30 0x80010498
core   0: 0x8000b49c (0xb63f2423) sw      gp, -1176(t5)
core   0: 3 0x8000b49c (0xb63f2423) mem 0x80010000 0x00000001
core   0: 0x8000b4a0 (0x0000bfe5) c.j     pc - 8
core   0: 3 0x8000b4a0 (0xbfe5)
core   0: 0x8000b498 (0x00005f17) auipc   t5, 0x5
core   0: 3 0x8000b498 (0x00005f17) x30 0x80010498
core   0: 0x8000b49c (0xb63f2423) sw      gp, -1176(t5)
core   0: 3 0x8000b49c (0xb63f2423) mem 0x80010000 0x00000001
core   0: 0x8000b4a0 (0x0000bfe5) c.j     pc - 8
core   0: 3 0x8000b4a0 (0xbfe5)
core   0: 0x8000b498 (0x00005f17) auipc   t5, 0x5
core   0: 3 0x8000b498 (0x00005f17) x30 0x80010498
core   0: 0x8000b49c (0xb63f2423) sw      gp, -1176(t5)
core   0: 3 0x8000b49c (0xb63f2423) mem 0x80010000 0x00000001
core   0: 0x8000b4a0 (0x0000bfe5) c.j     pc - 8
core   0: 3 0x8000b4a0 (0xbfe5)
core   0: 0x8000b498 (0x00005f17) auipc   t5, 0x5
core   0: 3 0x8000b498 (0x00005f17) x30 0x80010498
core   0: 0x8000b49c (0xb63f2423) sw      gp, -1176(t5)
core   0: 3 0x8000b49c (0xb63f2423) mem 0x80010000 0x00000001
core   0: 0x8000b4a0 (0x0000bfe5) c.j     pc - 8
core   0: 3 0x8000b4a0 (0xbfe5)
core   0: 0x8000b498 (0x00005f17) auipc   t5, 0x5
core   0: 3 0x8000b498 (0x00005f17) x30 0x80010498
core   0: 0x8000b49c (0xb63f2423) sw      gp, -1176(t5)
core   0: 3 0x8000b49c (0xb63f2423) mem 0x80010000 0x00000001
core   0: 0x8000b4a0 (0x0000bfe5) c.j     pc - 8
core   0: 3 0x8000b4a0 (0xbfe5)
core   0: 0x8000b498 (0x00005f17) auipc   t5, 0x5
core   0: 3 0x8000b498 (0x00005f17) x30 0x80010498
core   0: 0x8000b49c (0xb63f2423) sw      gp, -1176(t5)
core   0: 3 0x8000b49c (0xb63f2423) mem 0x80010000 0x00000001
core   0: 0x8000b4a0 (0x0000bfe5) c.j     pc - 8
core   0: 3 0x8000b4a0 (0xbfe5)
core   0: 0x8000b498 (0x00005f17) auipc   t5, 0x5
core   0: 3 0x8000b498 (0x00005f17) x30 0x80010498
core   0: 0x8000b49c (0xb63f2423) sw      gp, -1176(t5)
core   0: 3 0x8000b49c (0xb63f2423) mem 0x80010000 0x00000001
core   0: 0x8000b4a0 (0x0000bfe5) c.j     pc - 8
core   0: 3 0x8000b4a0 (0xbfe5)
core   0: 0x8000b498 (0x00005f17) auipc   t5, 0x5
core   0: 3 0x8000b498 (0x00005f17) x30 0x80010498
core   0: 0x8000b49c (0xb63f2423) sw      gp, -1176(t5)
core   0: 3 0x8000b49c (0xb63f2423) mem 0x80010000 0x00000001
core   0: 0x8000b4a0 (0x0000bfe5) c.j     pc - 8
core   0: 3 0x8000b4a0 (0xbfe5)
core   0: 0x8000b498 (0x00005f17) auipc   t5, 0x5
core   0: 3 0x8000b498 (0x00005f17) x30 0x80010498
core   0: 0x8000b49c (0xb63f2423) sw      gp, -1176(t5)
core   0: 3 0x8000b49c (0xb63f2423) mem 0x80010000 0x00000001
core   0: 0x8000b4a0 (0x0000bfe5) c.j     pc - 8
core   0: 3 0x8000b4a0 (0xbfe5)
core   0: 0x8000b498 (0x00005f17) auipc   t5, 0x5
core   0: 3 0x8000b498 (0x00005f17) x30 0x80010498
core   0: 0x8000b49c (0xb63f2423) sw      gp, -1176(t5)
core   0: 3 0x8000b49c (0xb63f2423) mem 0x80010000 0x00000001
core   0: 0x8000b4a0 (0x0000bfe5) c.j     pc - 8
core   0: 3 0x8000b4a0 (0xbfe5)
core   0: 0x8000b498 (0x00005f17) auipc   t5, 0x5
core   0: 3 0x8000b498 (0x00005f17) x30 0x80010498
core   0: 0x8000b49c (0xb63f2423) sw      gp, -1176(t5)
core   0: 3 0x8000b49c (0xb63f2423) mem 0x80010000 0x00000001
core   0: 0x8000b4a0 (0x0000bfe5) c.j     pc - 8
core   0: 3 0x8000b4a0 (0xbfe5)
core   0: 0x8000b498 (0x00005f17) auipc   t5, 0x5
core   0: 3 0x8000b498 (0x00005f17) x30 0x80010498
core   0: 0x8000b49c (0xb63f2423) sw      gp, -1176(t5)
core   0: 3 0x8000b49c (0xb63f2423) mem 0x80010000 0x00000001
core   0: 0x8000b4a0 (0x0000bfe5) c.j     pc - 8
core   0: 3 0x8000b4a0 (0xbfe5)
core   0: 0x8000b498 (0x00005f17) auipc   t5, 0x5
core   0: 3 0x8000b498 (0x00005f17) x30 0x80010498
core   0: 0x8000b49c (0xb63f2423) sw      gp, -1176(t5)
core   0: 3 0x8000b49c (0xb63f2423) mem 0x80010000 0x00000001
core   0: 0x8000b4a0 (0x0000bfe5) c.j     pc - 8
core   0: 3 0x8000b4a0 (0xbfe5)
core   0: 0x8000b498 (0x00005f17) auipc   t5, 0x5
core   0: 3 0x8000b498 (0x00005f17) x30 0x80010498
core   0: 0x8000b49c (0xb63f2423) sw      gp, -1176(t5)
core   0: 3 0x8000b49c (0xb63f2423) mem 0x80010000 0x00000001
core   0: 0x8000b4a0 (0x0000bfe5) c.j     pc - 8
core   0: 3 0x8000b4a0 (0xbfe5)
core   0: 0x8000b498 (0x00005f17) auipc   t5, 0x5
core   0: 3 0x8000b498 (0x00005f17) x30 0x80010498
core   0: 0x8000b49c (0xb63f2423) sw      gp, -1176(t5)
core   0: 3 0x8000b49c (0xb63f2423) mem 0x80010000 0x00000001
core   0: 0x8000b4a0 (0x0000bfe5) c.j     pc - 8
core   0: 3 0x8000b4a0 (0xbfe5)
core   0: 0x8000b498 (0x00005f17) auipc   t5, 0x5
core   0: 3 0x8000b498 (0x00005f17) x30 0x80010498
core   0: 0x8000b49c (0xb63f2423) sw      gp, -1176(t5)
core   0: 3 0x8000b49c (0xb63f2423) mem 0x80010000 0x00000001
core   0: 0x8000b4a0 (0x0000bfe5) c.j     pc - 8
core   0: 3 0x8000b4a0 (0xbfe5)
core   0: 0x8000b498 (0x00005f17) auipc   t5, 0x5
core   0: 3 0x8000b498 (0x00005f17) x30 0x80010498
core   0: 0x8000b49c (0xb63f2423) sw      gp, -1176(t5)
core   0: 3 0x8000b49c (0xb63f2423) mem 0x80010000 0x00000001
core   0: 0x8000b4a0 (0x0000bfe5) c.j     pc - 8
core   0: 3 0x8000b4a0 (0xbfe5)
core   0: 0x8000b498 (0x00005f17) auipc   t5, 0x5
core   0: 3 0x8000b498 (0x00005f17) x30 0x80010498
core   0: 0x8000b49c (0xb63f2423) sw      gp, -1176(t5)
core   0: 3 0x8000b49c (0xb63f2423) mem 0x80010000 0x00000001
core   0: 0x8000b4a0 (0x0000bfe5) c.j     pc - 8
core   0: 3 0x8000b4a0 (0xbfe5)
core   0: 0x8000b498 (0x00005f17) auipc   t5, 0x5
core   0: 3 0x8000b498 (0x00005f17) x30 0x80010498
core   0: 0x8000b49c (0xb63f2423) sw      gp, -1176(t5)
core   0: 3 0x8000b49c (0xb63f2423) mem 0x80010000 0x00000001
core   0: 0x8000b4a0 (0x0000bfe5) c.j     pc - 8
core   0: 3 0x8000b4a0 (0xbfe5)
core   0: 0x8000b498 (0x00005f17) auipc   t5, 0x5
core   0: 3 0x8000b498 (0x00005f17) x30 0x80010498
core   0: 0x8000b49c (0xb63f2423) sw      gp, -1176(t5)
core   0: 3 0x8000b49c (0xb63f2423) mem 0x80010000 0x00000001
core   0: 0x8000b4a0 (0x0000bfe5) c.j     pc - 8
core   0: 3 0x8000b4a0 (0xbfe5)
core   0: 0x8000b498 (0x00005f17) auipc   t5, 0x5
core   0: 3 0x8000b498 (0x00005f17) x30 0x80010498
core   0: 0x8000b49c (0xb63f2423) sw      gp, -1176(t5)
core   0: 3 0x8000b49c (0xb63f2423) mem 0x80010000 0x00000001
core   0: 0x8000b4a0 (0x0000bfe5) c.j     pc - 8
core   0: 3 0x8000b4a0 (0xbfe5)
core   0: 0x8000b498 (0x00005f17) auipc   t5, 0x5
core   0: 3 0x8000b498 (0x00005f17) x30 0x80010498
core   0: 0x8000b49c (0xb63f2423) sw      gp, -1176(t5)
core   0: 3 0x8000b49c (0xb63f2423) mem 0x80010000 0x00000001
core   0: 0x8000b4a0 (0x0000bfe5) c.j     pc - 8
core   0: 3 0x8000b4a0 (0xbfe5)
core   0: 0x8000b498 (0x00005f17) auipc   t5, 0x5
core   0: 3 0x8000b498 (0x00005f17) x30 0x80010498
core   0: 0x8000b49c (0xb63f2423) sw      gp, -1176(t5)
core   0: 3 0x8000b49c (0xb63f2423) mem 0x80010000 0x00000001
core   0: 0x8000b4a0 (0x0000bfe5) c.j     pc - 8
core   0: 3 0x8000b4a0 (0xbfe5)
core   0: 0x8000b498 (0x00005f17) auipc   t5, 0x5
core   0: 3 0x8000b498 (0x00005f17) x30 0x80010498
core   0: 0x8000b49c (0xb63f2423) sw      gp, -1176(t5)
core   0: 3 0x8000b49c (0xb63f2423) mem 0x80010000 0x00000001
core   0: 0x8000b4a0 (0x0000bfe5) c.j     pc - 8
core   0: 3 0x8000b4a0 (0xbfe5)
core   0: 0x8000b498 (0x00005f17) auipc   t5, 0x5
core   0: 3 0x8000b498 (0x00005f17) x30 0x80010498
core   0: 0x8000b49c (0xb63f2423) sw      gp, -1176(t5)
core   0: 3 0x8000b49c (0xb63f2423) mem 0x80010000 0x00000001
core   0: 0x8000b4a0 (0x0000bfe5) c.j     pc - 8
core   0: 3 0x8000b4a0 (0xbfe5)
core   0: 0x8000b498 (0x00005f17) auipc   t5, 0x5
core   0: 3 0x8000b498 (0x00005f17) x30 0x80010498
core   0: 0x8000b49c (0xb63f2423) sw      gp, -1176(t5)
core   0: 3 0x8000b49c (0xb63f2423) mem 0x80010000 0x00000001
core   0: 0x8000b4a0 (0x0000bfe5) c.j     pc - 8
core   0: 3 0x8000b4a0 (0xbfe5)
core   0: 0x8000b498 (0x00005f17) auipc   t5, 0x5
core   0: 3 0x8000b498 (0x00005f17) x30 0x80010498
core   0: 0x8000b49c (0xb63f2423) sw      gp, -1176(t5)
core   0: 3 0x8000b49c (0xb63f2423) mem 0x80010000 0x00000001
core   0: 0x8000b4a0 (0x0000bfe5) c.j     pc - 8
core   0: 3 0x8000b4a0 (0xbfe5)
core   0: 0x8000b498 (0x00005f17) auipc   t5, 0x5
core   0: 3 0x8000b498 (0x00005f17) x30 0x80010498
core   0: 0x8000b49c (0xb63f2423) sw      gp, -1176(t5)
core   0: 3 0x8000b49c (0xb63f2423) mem 0x80010000 0x00000001
core   0: 0x8000b4a0 (0x0000bfe5) c.j     pc - 8
core   0: 3 0x8000b4a0 (0xbfe5)
core   0: 0x8000b498 (0x00005f17) auipc   t5, 0x5
core   0: 3 0x8000b498 (0x00005f17) x30 0x80010498
core   0: 0x8000b49c (0xb63f2423) sw      gp, -1176(t5)
core   0: 3 0x8000b49c (0xb63f2423) mem 0x80010000 0x00000001
core   0: 0x8000b4a0 (0x0000bfe5) c.j     pc - 8
core   0: 3 0x8000b4a0 (0xbfe5)
core   0: 0x8000b498 (0x00005f17) auipc   t5, 0x5
core   0: 3 0x8000b498 (0x00005f17) x30 0x80010498
core   0: 0x8000b49c (0xb63f2423) sw      gp, -1176(t5)
core   0: 3 0x8000b49c (0xb63f2423) mem 0x80010000 0x00000001
core   0: 0x8000b4a0 (0x0000bfe5) c.j     pc - 8
core   0: 3 0x8000b4a0 (0xbfe5)
core   0: 0x8000b498 (0x00005f17) auipc   t5, 0x5
core   0: 3 0x8000b498 (0x00005f17) x30 0x80010498
core   0: 0x8000b49c (0xb63f2423) sw      gp, -1176(t5)
core   0: 3 0x8000b49c (0xb63f2423) mem 0x80010000 0x00000001
core   0: 0x8000b4a0 (0x0000bfe5) c.j     pc - 8
core   0: 3 0x8000b4a0 (0xbfe5)
core   0: 0x8000b498 (0x00005f17) auipc   t5, 0x5
core   0: 3 0x8000b498 (0x00005f17) x30 0x80010498
core   0: 0x8000b49c (0xb63f2423) sw      gp, -1176(t5)
core   0: 3 0x8000b49c (0xb63f2423) mem 0x80010000 0x00000001
core   0: 0x8000b4a0 (0x0000bfe5) c.j     pc - 8
core   0: 3 0x8000b4a0 (0xbfe5)
core   0: 0x8000b498 (0x00005f17) auipc   t5, 0x5
core   0: 3 0x8000b498 (0x00005f17) x30 0x80010498
core   0: 0x8000b49c (0xb63f2423) sw      gp, -1176(t5)
core   0: 3 0x8000b49c (0xb63f2423) mem 0x80010000 0x00000001
core   0: 0x8000b4a0 (0x0000bfe5) c.j     pc - 8
core   0: 3 0x8000b4a0 (0xbfe5)
core   0: 0x8000b498 (0x00005f17) auipc   t5, 0x5
core   0: 3 0x8000b498 (0x00005f17) x30 0x80010498
core   0: 0x8000b49c (0xb63f2423) sw      gp, -1176(t5)
core   0: 3 0x8000b49c (0xb63f2423) mem 0x80010000 0x00000001
core   0: 0x8000b4a0 (0x0000bfe5) c.j     pc - 8
core   0: 3 0x8000b4a0 (0xbfe5)
core   0: 0x8000b498 (0x00005f17) auipc   t5, 0x5
core   0: 3 0x8000b498 (0x00005f17) x30 0x80010498
core   0: 0x8000b49c (0xb63f2423) sw      gp, -1176(t5)
core   0: 3 0x8000b49c (0xb63f2423) mem 0x80010000 0x00000001
core   0: 0x8000b4a0 (0x0000bfe5) c.j     pc - 8
core   0: 3 0x8000b4a0 (0xbfe5)
core   0: 0x8000b498 (0x00005f17) auipc   t5, 0x5
core   0: 3 0x8000b498 (0x00005f17) x30 0x80010498
core   0: 0x8000b49c (0xb63f2423) sw      gp, -1176(t5)
core   0: 3 0x8000b49c (0xb63f2423) mem 0x80010000 0x00000001
core   0: 0x8000b4a0 (0x0000bfe5) c.j     pc - 8
core   0: 3 0x8000b4a0 (0xbfe5)
core   0: 0x8000b498 (0x00005f17) auipc   t5, 0x5
core   0: 3 0x8000b498 (0x00005f17) x30 0x80010498
core   0: 0x8000b49c (0xb63f2423) sw      gp, -1176(t5)
core   0: 3 0x8000b49c (0xb63f2423) mem 0x80010000 0x00000001
core   0: 0x8000b4a0 (0x0000bfe5) c.j     pc - 8
core   0: 3 0x8000b4a0 (0xbfe5)
core   0: 0x8000b498 (0x00005f17) auipc   t5, 0x5
core   0: 3 0x8000b498 (0x00005f17) x30 0x80010498
core   0: 0x8000b49c (0xb63f2423) sw      gp, -1176(t5)
core   0: 3 0x8000b49c (0xb63f2423) mem 0x80010000 0x00000001
core   0: 0x8000b4a0 (0x0000bfe5) c.j     pc - 8
core   0: 3 0x8000b4a0 (0xbfe5)
core   0: 0x8000b498 (0x00005f17) auipc   t5, 0x5
core   0: 3 0x8000b498 (0x00005f17) x30 0x80010498
core   0: 0x8000b49c (0xb63f2423) sw      gp, -1176(t5)
core   0: 3 0x8000b49c (0xb63f2423) mem 0x80010000 0x00000001
core   0: 0x8000b4a0 (0x0000bfe5) c.j     pc - 8
core   0: 3 0x8000b4a0 (0xbfe5)
core   0: 0x8000b498 (0x00005f17) auipc   t5, 0x5
core   0: 3 0x8000b498 (0x00005f17) x30 0x80010498
core   0: 0x8000b49c (0xb63f2423) sw      gp, -1176(t5)
core   0: 3 0x8000b49c (0xb63f2423) mem 0x80010000 0x00000001
core   0: 0x8000b4a0 (0x0000bfe5) c.j     pc - 8
core   0: 3 0x8000b4a0 (0xbfe5)
core   0: 0x8000b498 (0x00005f17) auipc   t5, 0x5
core   0: 3 0x8000b498 (0x00005f17) x30 0x80010498
core   0: 0x8000b49c (0xb63f2423) sw      gp, -1176(t5)
core   0: 3 0x8000b49c (0xb63f2423) mem 0x80010000 0x00000001
core   0: 0x8000b4a0 (0x0000bfe5) c.j     pc - 8
core   0: 3 0x8000b4a0 (0xbfe5)
core   0: 0x8000b498 (0x00005f17) auipc   t5, 0x5
core   0: 3 0x8000b498 (0x00005f17) x30 0x80010498
core   0: 0x8000b49c (0xb63f2423) sw      gp, -1176(t5)
core   0: 3 0x8000b49c (0xb63f2423) mem 0x80010000 0x00000001
core   0: 0x8000b4a0 (0x0000bfe5) c.j     pc - 8
core   0: 3 0x8000b4a0 (0xbfe5)
core   0: 0x8000b498 (0x00005f17) auipc   t5, 0x5
core   0: 3 0x8000b498 (0x00005f17) x30 0x80010498
core   0: 0x8000b49c (0xb63f2423) sw      gp, -1176(t5)
core   0: 3 0x8000b49c (0xb63f2423) mem 0x80010000 0x00000001
core   0: 0x8000b4a0 (0x0000bfe5) c.j     pc - 8
core   0: 3 0x8000b4a0 (0xbfe5)
core   0: 0x8000b498 (0x00005f17) auipc   t5, 0x5
core   0: 3 0x8000b498 (0x00005f17) x30 0x80010498
core   0: 0x8000b49c (0xb63f2423) sw      gp, -1176(t5)
core   0: 3 0x8000b49c (0xb63f2423) mem 0x80010000 0x00000001
core   0: 0x8000b4a0 (0x0000bfe5) c.j     pc - 8
core   0: 3 0x8000b4a0 (0xbfe5)
core   0: 0x8000b498 (0x00005f17) auipc   t5, 0x5
core   0: 3 0x8000b498 (0x00005f17) x30 0x80010498
core   0: 0x8000b49c (0xb63f2423) sw      gp, -1176(t5)
core   0: 3 0x8000b49c (0xb63f2423) mem 0x80010000 0x00000001
core   0: 0x8000b4a0 (0x0000bfe5) c.j     pc - 8
core   0: 3 0x8000b4a0 (0xbfe5)
core   0: 0x8000b498 (0x00005f17) auipc   t5, 0x5
core   0: 3 0x8000b498 (0x00005f17) x30 0x80010498
core   0: 0x8000b49c (0xb63f2423) sw      gp, -1176(t5)
core   0: 3 0x8000b49c (0xb63f2423) mem 0x80010000 0x00000001
core   0: 0x8000b4a0 (0x0000bfe5) c.j     pc - 8
core   0: 3 0x8000b4a0 (0xbfe5)
core   0: 0x8000b498 (0x00005f17) auipc   t5, 0x5
core   0: 3 0x8000b498 (0x00005f17) x30 0x80010498
core   0: 0x8000b49c (0xb63f2423) sw      gp, -1176(t5)
core   0: 3 0x8000b49c (0xb63f2423) mem 0x80010000 0x00000001
core   0: 0x8000b4a0 (0x0000bfe5) c.j     pc - 8
core   0: 3 0x8000b4a0 (0xbfe5)
core   0: 0x8000b498 (0x00005f17) auipc   t5, 0x5
core   0: 3 0x8000b498 (0x00005f17) x30 0x80010498
core   0: 0x8000b49c (0xb63f2423) sw      gp, -1176(t5)
core   0: 3 0x8000b49c (0xb63f2423) mem 0x80010000 0x00000001
core   0: 0x8000b4a0 (0x0000bfe5) c.j     pc - 8
core   0: 3 0x8000b4a0 (0xbfe5)
core   0: 0x8000b498 (0x00005f17) auipc   t5, 0x5
core   0: 3 0x8000b498 (0x00005f17) x30 0x80010498
core   0: 0x8000b49c (0xb63f2423) sw      gp, -1176(t5)
core   0: 3 0x8000b49c (0xb63f2423) mem 0x80010000 0x00000001
core   0: 0x8000b4a0 (0x0000bfe5) c.j     pc - 8
core   0: 3 0x8000b4a0 (0xbfe5)
core   0: 0x8000b498 (0x00005f17) auipc   t5, 0x5
core   0: 3 0x8000b498 (0x00005f17) x30 0x80010498
core   0: 0x8000b49c (0xb63f2423) sw      gp, -1176(t5)
core   0: 3 0x8000b49c (0xb63f2423) mem 0x80010000 0x00000001
core   0: 0x8000b4a0 (0x0000bfe5) c.j     pc - 8
core   0: 3 0x8000b4a0 (0xbfe5)
core   0: 0x8000b498 (0x00005f17) auipc   t5, 0x5
core   0: 3 0x8000b498 (0x00005f17) x30 0x80010498
core   0: 0x8000b49c (0xb63f2423) sw      gp, -1176(t5)
core   0: 3 0x8000b49c (0xb63f2423) mem 0x80010000 0x00000001
core   0: 0x8000b4a0 (0x0000bfe5) c.j     pc - 8
core   0: 3 0x8000b4a0 (0xbfe5)
core   0: 0x8000b498 (0x00005f17) auipc   t5, 0x5
core   0: 3 0x8000b498 (0x00005f17) x30 0x80010498
core   0: 0x8000b49c (0xb63f2423) sw      gp, -1176(t5)
core   0: 3 0x8000b49c (0xb63f2423) mem 0x80010000 0x00000001
core   0: 0x8000b4a0 (0x0000bfe5) c.j     pc - 8
core   0: 3 0x8000b4a0 (0xbfe5)
core   0: 0x8000b498 (0x00005f17) auipc   t5, 0x5
core   0: 3 0x8000b498 (0x00005f17) x30 0x80010498
core   0: 0x8000b49c (0xb63f2423) sw      gp, -1176(t5)
core   0: 3 0x8000b49c (0xb63f2423) mem 0x80010000 0x00000001
core   0: 0x8000b4a0 (0x0000bfe5) c.j     pc - 8
core   0: 3 0x8000b4a0 (0xbfe5)
core   0: 0x8000b498 (0x00005f17) auipc   t5, 0x5
core   0: 3 0x8000b498 (0x00005f17) x30 0x80010498
core   0: 0x8000b49c (0xb63f2423) sw      gp, -1176(t5)
core   0: 3 0x8000b49c (0xb63f2423) mem 0x80010000 0x00000001
core   0: 0x8000b4a0 (0x0000bfe5) c.j     pc - 8
core   0: 3 0x8000b4a0 (0xbfe5)
core   0: 0x8000b498 (0x00005f17) auipc   t5, 0x5
core   0: 3 0x8000b498 (0x00005f17) x30 0x80010498
core   0: 0x8000b49c (0xb63f2423) sw      gp, -1176(t5)
core   0: 3 0x8000b49c (0xb63f2423) mem 0x80010000 0x00000001
core   0: 0x8000b4a0 (0x0000bfe5) c.j     pc - 8
core   0: 3 0x8000b4a0 (0xbfe5)
core   0: 0x8000b498 (0x00005f17) auipc   t5, 0x5
core   0: 3 0x8000b498 (0x00005f17) x30 0x80010498
core   0: 0x8000b49c (0xb63f2423) sw      gp, -1176(t5)
core   0: 3 0x8000b49c (0xb63f2423) mem 0x80010000 0x00000001
core   0: 0x8000b4a0 (0x0000bfe5) c.j     pc - 8
core   0: 3 0x8000b4a0 (0xbfe5)
core   0: 0x8000b498 (0x00005f17) auipc   t5, 0x5
core   0: 3 0x8000b498 (0x00005f17) x30 0x80010498
core   0: 0x8000b49c (0xb63f2423) sw      gp, -1176(t5)
core   0: 3 0x8000b49c (0xb63f2423) mem 0x80010000 0x00000001
core   0: 0x8000b4a0 (0x0000bfe5) c.j     pc - 8
core   0: 3 0x8000b4a0 (0xbfe5)
core   0: 0x8000b498 (0x00005f17) auipc   t5, 0x5
core   0: 3 0x8000b498 (0x00005f17) x30 0x80010498
core   0: 0x8000b49c (0xb63f2423) sw      gp, -1176(t5)
core   0: 3 0x8000b49c (0xb63f2423) mem 0x80010000 0x00000001
core   0: 0x8000b4a0 (0x0000bfe5) c.j     pc - 8
core   0: 3 0x8000b4a0 (0xbfe5)
core   0: 0x8000b498 (0x00005f17) auipc   t5, 0x5
core   0: 3 0x8000b498 (0x00005f17) x30 0x80010498
core   0: 0x8000b49c (0xb63f2423) sw      gp, -1176(t5)
core   0: 3 0x8000b49c (0xb63f2423) mem 0x80010000 0x00000001
core   0: 0x8000b4a0 (0x0000bfe5) c.j     pc - 8
core   0: 3 0x8000b4a0 (0xbfe5)
core   0: 0x8000b498 (0x00005f17) auipc   t5, 0x5
core   0: 3 0x8000b498 (0x00005f17) x30 0x80010498
core   0: 0x8000b49c (0xb63f2423) sw      gp, -1176(t5)
core   0: 3 0x8000b49c (0xb63f2423) mem 0x80010000 0x00000001
core   0: 0x8000b4a0 (0x0000bfe5) c.j     pc - 8
core   0: 3 0x8000b4a0 (0xbfe5)
core   0: 0x8000b498 (0x00005f17) auipc   t5, 0x5
core   0: 3 0x8000b498 (0x00005f17) x30 0x80010498
core   0: 0x8000b49c (0xb63f2423) sw      gp, -1176(t5)
core   0: 3 0x8000b49c (0xb63f2423) mem 0x80010000 0x00000001
core   0: 0x8000b4a0 (0x0000bfe5) c.j     pc - 8
core   0: 3 0x8000b4a0 (0xbfe5)
core   0: 0x8000b498 (0x00005f17) auipc   t5, 0x5
core   0: 3 0x8000b498 (0x00005f17) x30 0x80010498
core   0: 0x8000b49c (0xb63f2423) sw      gp, -1176(t5)
core   0: 3 0x8000b49c (0xb63f2423) mem 0x80010000 0x00000001
core   0: 0x8000b4a0 (0x0000bfe5) c.j     pc - 8
core   0: 3 0x8000b4a0 (0xbfe5)
core   0: 0x8000b498 (0x00005f17) auipc   t5, 0x5
core   0: 3 0x8000b498 (0x00005f17) x30 0x80010498
core   0: 0x8000b49c (0xb63f2423) sw      gp, -1176(t5)
core   0: 3 0x8000b49c (0xb63f2423) mem 0x80010000 0x00000001
core   0: 0x8000b4a0 (0x0000bfe5) c.j     pc - 8
core   0: 3 0x8000b4a0 (0xbfe5)
core   0: 0x8000b498 (0x00005f17) auipc   t5, 0x5
core   0: 3 0x8000b498 (0x00005f17) x30 0x80010498
core   0: 0x8000b49c (0xb63f2423) sw      gp, -1176(t5)
core   0: 3 0x8000b49c (0xb63f2423) mem 0x80010000 0x00000001
core   0: 0x8000b4a0 (0x0000bfe5) c.j     pc - 8
core   0: 3 0x8000b4a0 (0xbfe5)
core   0: 0x8000b498 (0x00005f17) auipc   t5, 0x5
core   0: 3 0x8000b498 (0x00005f17) x30 0x80010498
core   0: 0x8000b49c (0xb63f2423) sw      gp, -1176(t5)
core   0: 3 0x8000b49c (0xb63f2423) mem 0x80010000 0x00000001
core   0: 0x8000b4a0 (0x0000bfe5) c.j     pc - 8
core   0: 3 0x8000b4a0 (0xbfe5)
core   0: 0x8000b498 (0x00005f17) auipc   t5, 0x5
core   0: 3 0x8000b498 (0x00005f17) x30 0x80010498
core   0: 0x8000b49c (0xb63f2423) sw      gp, -1176(t5)
core   0: 3 0x8000b49c (0xb63f2423) mem 0x80010000 0x00000001
core   0: 0x8000b4a0 (0x0000bfe5) c.j     pc - 8
core   0: 3 0x8000b4a0 (0xbfe5)
core   0: 0x8000b498 (0x00005f17) auipc   t5, 0x5
core   0: 3 0x8000b498 (0x00005f17) x30 0x80010498
core   0: 0x8000b49c (0xb63f2423) sw      gp, -1176(t5)
core   0: 3 0x8000b49c (0xb63f2423) mem 0x80010000 0x00000001
core   0: 0x8000b4a0 (0x0000bfe5) c.j     pc - 8
core   0: 3 0x8000b4a0 (0xbfe5)
core   0: 0x8000b498 (0x00005f17) auipc   t5, 0x5
core   0: 3 0x8000b498 (0x00005f17) x30 0x80010498
core   0: 0x8000b49c (0xb63f2423) sw      gp, -1176(t5)
core   0: 3 0x8000b49c (0xb63f2423) mem 0x80010000 0x00000001
core   0: 0x8000b4a0 (0x0000bfe5) c.j     pc - 8
core   0: 3 0x8000b4a0 (0xbfe5)
core   0: 0x8000b498 (0x00005f17) auipc   t5, 0x5
core   0: 3 0x8000b498 (0x00005f17) x30 0x80010498
core   0: 0x8000b49c (0xb63f2423) sw      gp, -1176(t5)
core   0: 3 0x8000b49c (0xb63f2423) mem 0x80010000 0x00000001
core   0: 0x8000b4a0 (0x0000bfe5) c.j     pc - 8
core   0: 3 0x8000b4a0 (0xbfe5)
core   0: 0x8000b498 (0x00005f17) auipc   t5, 0x5
core   0: 3 0x8000b498 (0x00005f17) x30 0x80010498
core   0: 0x8000b49c (0xb63f2423) sw      gp, -1176(t5)
core   0: 3 0x8000b49c (0xb63f2423) mem 0x80010000 0x00000001
core   0: 0x8000b4a0 (0x0000bfe5) c.j     pc - 8
core   0: 3 0x8000b4a0 (0xbfe5)
core   0: 0x8000b498 (0x00005f17) auipc   t5, 0x5
core   0: 3 0x8000b498 (0x00005f17) x30 0x80010498
core   0: 0x8000b49c (0xb63f2423) sw      gp, -1176(t5)
core   0: 3 0x8000b49c (0xb63f2423) mem 0x80010000 0x00000001
core   0: 0x8000b4a0 (0x0000bfe5) c.j     pc - 8
core   0: 3 0x8000b4a0 (0xbfe5)
core   0: 0x8000b498 (0x00005f17) auipc   t5, 0x5
core   0: 3 0x8000b498 (0x00005f17) x30 0x80010498
core   0: 0x8000b49c (0xb63f2423) sw      gp, -1176(t5)
core   0: 3 0x8000b49c (0xb63f2423) mem 0x80010000 0x00000001
core   0: 0x8000b4a0 (0x0000bfe5) c.j     pc - 8
core   0: 3 0x8000b4a0 (0xbfe5)
core   0: 0x8000b498 (0x00005f17) auipc   t5, 0x5
core   0: 3 0x8000b498 (0x00005f17) x30 0x80010498
core   0: 0x8000b49c (0xb63f2423) sw      gp, -1176(t5)
core   0: 3 0x8000b49c (0xb63f2423) mem 0x80010000 0x00000001
core   0: 0x8000b4a0 (0x0000bfe5) c.j     pc - 8
core   0: 3 0x8000b4a0 (0xbfe5)
core   0: 0x8000b498 (0x00005f17) auipc   t5, 0x5
core   0: 3 0x8000b498 (0x00005f17) x30 0x80010498
core   0: 0x8000b49c (0xb63f2423) sw      gp, -1176(t5)
core   0: 3 0x8000b49c (0xb63f2423) mem 0x80010000 0x00000001
core   0: 0x8000b4a0 (0x0000bfe5) c.j     pc - 8
core   0: 3 0x8000b4a0 (0xbfe5)
core   0: 0x8000b498 (0x00005f17) auipc   t5, 0x5
core   0: 3 0x8000b498 (0x00005f17) x30 0x80010498
core   0: 0x8000b49c (0xb63f2423) sw      gp, -1176(t5)
core   0: 3 0x8000b49c (0xb63f2423) mem 0x80010000 0x00000001
core   0: 0x8000b4a0 (0x0000bfe5) c.j     pc - 8
core   0: 3 0x8000b4a0 (0xbfe5)
core   0: 0x8000b498 (0x00005f17) auipc   t5, 0x5
core   0: 3 0x8000b498 (0x00005f17) x30 0x80010498
core   0: 0x8000b49c (0xb63f2423) sw      gp, -1176(t5)
core   0: 3 0x8000b49c (0xb63f2423) mem 0x80010000 0x00000001
core   0: 0x8000b4a0 (0x0000bfe5) c.j     pc - 8
core   0: 3 0x8000b4a0 (0xbfe5)
core   0: 0x8000b498 (0x00005f17) auipc   t5, 0x5
core   0: 3 0x8000b498 (0x00005f17) x30 0x80010498
core   0: 0x8000b49c (0xb63f2423) sw      gp, -1176(t5)
core   0: 3 0x8000b49c (0xb63f2423) mem 0x80010000 0x00000001
core   0: 0x8000b4a0 (0x0000bfe5) c.j     pc - 8
core   0: 3 0x8000b4a0 (0xbfe5)
core   0: 0x8000b498 (0x00005f17) auipc   t5, 0x5
core   0: 3 0x8000b498 (0x00005f17) x30 0x80010498
core   0: 0x8000b49c (0xb63f2423) sw      gp, -1176(t5)
core   0: 3 0x8000b49c (0xb63f2423) mem 0x80010000 0x00000001
core   0: 0x8000b4a0 (0x0000bfe5) c.j     pc - 8
core   0: 3 0x8000b4a0 (0xbfe5)
core   0: 0x8000b498 (0x00005f17) auipc   t5, 0x5
core   0: 3 0x8000b498 (0x00005f17) x30 0x80010498
core   0: 0x8000b49c (0xb63f2423) sw      gp, -1176(t5)
core   0: 3 0x8000b49c (0xb63f2423) mem 0x80010000 0x00000001
core   0: 0x8000b4a0 (0x0000bfe5) c.j     pc - 8
core   0: 3 0x8000b4a0 (0xbfe5)
core   0: 0x8000b498 (0x00005f17) auipc   t5, 0x5
core   0: 3 0x8000b498 (0x00005f17) x30 0x80010498
core   0: 0x8000b49c (0xb63f2423) sw      gp, -1176(t5)
core   0: 3 0x8000b49c (0xb63f2423) mem 0x80010000 0x00000001
core   0: 0x8000b4a0 (0x0000bfe5) c.j     pc - 8
core   0: 3 0x8000b4a0 (0xbfe5)
core   0: 0x8000b498 (0x00005f17) auipc   t5, 0x5
core   0: 3 0x8000b498 (0x00005f17) x30 0x80010498
core   0: 0x8000b49c (0xb63f2423) sw      gp, -1176(t5)
core   0: 3 0x8000b49c (0xb63f2423) mem 0x80010000 0x00000001
core   0: 0x8000b4a0 (0x0000bfe5) c.j     pc - 8
core   0: 3 0x8000b4a0 (0xbfe5)
core   0: 0x8000b498 (0x00005f17) auipc   t5, 0x5
core   0: 3 0x8000b498 (0x00005f17) x30 0x80010498
core   0: 0x8000b49c (0xb63f2423) sw      gp, -1176(t5)
core   0: 3 0x8000b49c (0xb63f2423) mem 0x80010000 0x00000001
core   0: 0x8000b4a0 (0x0000bfe5) c.j     pc - 8
core   0: 3 0x8000b4a0 (0xbfe5)
core   0: 0x8000b498 (0x00005f17) auipc   t5, 0x5
core   0: 3 0x8000b498 (0x00005f17) x30 0x80010498
core   0: 0x8000b49c (0xb63f2423) sw      gp, -1176(t5)
core   0: 3 0x8000b49c (0xb63f2423) mem 0x80010000 0x00000001
core   0: 0x8000b4a0 (0x0000bfe5) c.j     pc - 8
core   0: 3 0x8000b4a0 (0xbfe5)
core   0: 0x8000b498 (0x00005f17) auipc   t5, 0x5
core   0: 3 0x8000b498 (0x00005f17) x30 0x80010498
core   0: 0x8000b49c (0xb63f2423) sw      gp, -1176(t5)
core   0: 3 0x8000b49c (0xb63f2423) mem 0x80010000 0x00000001
core   0: 0x8000b4a0 (0x0000bfe5) c.j     pc - 8
core   0: 3 0x8000b4a0 (0xbfe5)
core   0: 0x8000b498 (0x00005f17) auipc   t5, 0x5
core   0: 3 0x8000b498 (0x00005f17) x30 0x80010498
core   0: 0x8000b49c (0xb63f2423) sw      gp, -1176(t5)
core   0: 3 0x8000b49c (0xb63f2423) mem 0x80010000 0x00000001
core   0: 0x8000b4a0 (0x0000bfe5) c.j     pc - 8
core   0: 3 0x8000b4a0 (0xbfe5)
core   0: 0x8000b498 (0x00005f17) auipc   t5, 0x5
core   0: 3 0x8000b498 (0x00005f17) x30 0x80010498
core   0: 0x8000b49c (0xb63f2423) sw      gp, -1176(t5)
core   0: 3 0x8000b49c (0xb63f2423) mem 0x80010000 0x00000001
core   0: 0x8000b4a0 (0x0000bfe5) c.j     pc - 8
core   0: 3 0x8000b4a0 (0xbfe5)
core   0: 0x8000b498 (0x00005f17) auipc   t5, 0x5
core   0: 3 0x8000b498 (0x00005f17) x30 0x80010498
core   0: 0x8000b49c (0xb63f2423) sw      gp, -1176(t5)
core   0: 3 0x8000b49c (0xb63f2423) mem 0x80010000 0x00000001
core   0: 0x8000b4a0 (0x0000bfe5) c.j     pc - 8
core   0: 3 0x8000b4a0 (0xbfe5)
core   0: 0x8000b498 (0x00005f17) auipc   t5, 0x5
core   0: 3 0x8000b498 (0x00005f17) x30 0x80010498
core   0: 0x8000b49c (0xb63f2423) sw      gp, -1176(t5)
core   0: 3 0x8000b49c (0xb63f2423) mem 0x80010000 0x00000001
core   0: 0x8000b4a0 (0x0000bfe5) c.j     pc - 8
core   0: 3 0x8000b4a0 (0xbfe5)
core   0: 0x8000b498 (0x00005f17) auipc   t5, 0x5
core   0: 3 0x8000b498 (0x00005f17) x30 0x80010498
core   0: 0x8000b49c (0xb63f2423) sw      gp, -1176(t5)
core   0: 3 0x8000b49c (0xb63f2423) mem 0x80010000 0x00000001
core   0: 0x8000b4a0 (0x0000bfe5) c.j     pc - 8
core   0: 3 0x8000b4a0 (0xbfe5)
core   0: 0x8000b498 (0x00005f17) auipc   t5, 0x5
core   0: 3 0x8000b498 (0x00005f17) x30 0x80010498
core   0: 0x8000b49c (0xb63f2423) sw      gp, -1176(t5)
core   0: 3 0x8000b49c (0xb63f2423) mem 0x80010000 0x00000001
core   0: 0x8000b4a0 (0x0000bfe5) c.j     pc - 8
core   0: 3 0x8000b4a0 (0xbfe5)
core   0: 0x8000b498 (0x00005f17) auipc   t5, 0x5
core   0: 3 0x8000b498 (0x00005f17) x30 0x80010498
core   0: 0x8000b49c (0xb63f2423) sw      gp, -1176(t5)
core   0: 3 0x8000b49c (0xb63f2423) mem 0x80010000 0x00000001
core   0: 0x8000b4a0 (0x0000bfe5) c.j     pc - 8
core   0: 3 0x8000b4a0 (0xbfe5)
core   0: 0x8000b498 (0x00005f17) auipc   t5, 0x5
core   0: 3 0x8000b498 (0x00005f17) x30 0x80010498
core   0: 0x8000b49c (0xb63f2423) sw      gp, -1176(t5)
core   0: 3 0x8000b49c (0xb63f2423) mem 0x80010000 0x00000001
core   0: 0x8000b4a0 (0x0000bfe5) c.j     pc - 8
core   0: 3 0x8000b4a0 (0xbfe5)
core   0: 0x8000b498 (0x00005f17) auipc   t5, 0x5
core   0: 3 0x8000b498 (0x00005f17) x30 0x80010498
core   0: 0x8000b49c (0xb63f2423) sw      gp, -1176(t5)
core   0: 3 0x8000b49c (0xb63f2423) mem 0x80010000 0x00000001
core   0: 0x8000b4a0 (0x0000bfe5) c.j     pc - 8
core   0: 3 0x8000b4a0 (0xbfe5)
core   0: 0x8000b498 (0x00005f17) auipc   t5, 0x5
core   0: 3 0x8000b498 (0x00005f17) x30 0x80010498
core   0: 0x8000b49c (0xb63f2423) sw      gp, -1176(t5)
core   0: 3 0x8000b49c (0xb63f2423) mem 0x80010000 0x00000001
core   0: 0x8000b4a0 (0x0000bfe5) c.j     pc - 8
core   0: 3 0x8000b4a0 (0xbfe5)
core   0: 0x8000b498 (0x00005f17) auipc   t5, 0x5
core   0: 3 0x8000b498 (0x00005f17) x30 0x80010498
core   0: 0x8000b49c (0xb63f2423) sw      gp, -1176(t5)
core   0: 3 0x8000b49c (0xb63f2423) mem 0x80010000 0x00000001
core   0: 0x8000b4a0 (0x0000bfe5) c.j     pc - 8
core   0: 3 0x8000b4a0 (0xbfe5)
core   0: 0x8000b498 (0x00005f17) auipc   t5, 0x5
core   0: 3 0x8000b498 (0x00005f17) x30 0x80010498
core   0: 0x8000b49c (0xb63f2423) sw      gp, -1176(t5)
core   0: 3 0x8000b49c (0xb63f2423) mem 0x80010000 0x00000001
core   0: 0x8000b4a0 (0x0000bfe5) c.j     pc - 8
core   0: 3 0x8000b4a0 (0xbfe5)
core   0: 0x8000b498 (0x00005f17) auipc   t5, 0x5
core   0: 3 0x8000b498 (0x00005f17) x30 0x80010498
core   0: 0x8000b49c (0xb63f2423) sw      gp, -1176(t5)
core   0: 3 0x8000b49c (0xb63f2423) mem 0x80010000 0x00000001
core   0: 0x8000b4a0 (0x0000bfe5) c.j     pc - 8
core   0: 3 0x8000b4a0 (0xbfe5)
core   0: 0x8000b498 (0x00005f17) auipc   t5, 0x5
core   0: 3 0x8000b498 (0x00005f17) x30 0x80010498
core   0: 0x8000b49c (0xb63f2423) sw      gp, -1176(t5)
core   0: 3 0x8000b49c (0xb63f2423) mem 0x80010000 0x00000001
core   0: 0x8000b4a0 (0x0000bfe5) c.j     pc - 8
core   0: 3 0x8000b4a0 (0xbfe5)
core   0: 0x8000b498 (0x00005f17) auipc   t5, 0x5
core   0: 3 0x8000b498 (0x00005f17) x30 0x80010498
core   0: 0x8000b49c (0xb63f2423) sw      gp, -1176(t5)
core   0: 3 0x8000b49c (0xb63f2423) mem 0x80010000 0x00000001
core   0: 0x8000b4a0 (0x0000bfe5) c.j     pc - 8
core   0: 3 0x8000b4a0 (0xbfe5)
core   0: 0x8000b498 (0x00005f17) auipc   t5, 0x5
core   0: 3 0x8000b498 (0x00005f17) x30 0x80010498
core   0: 0x8000b49c (0xb63f2423) sw      gp, -1176(t5)
core   0: 3 0x8000b49c (0xb63f2423) mem 0x80010000 0x00000001
core   0: 0x8000b4a0 (0x0000bfe5) c.j     pc - 8
core   0: 3 0x8000b4a0 (0xbfe5)
core   0: 0x8000b498 (0x00005f17) auipc   t5, 0x5
core   0: 3 0x8000b498 (0x00005f17) x30 0x80010498
core   0: 0x8000b49c (0xb63f2423) sw      gp, -1176(t5)
core   0: 3 0x8000b49c (0xb63f2423) mem 0x80010000 0x00000001
core   0: 0x8000b4a0 (0x0000bfe5) c.j     pc - 8
core   0: 3 0x8000b4a0 (0xbfe5)
core   0: 0x8000b498 (0x00005f17) auipc   t5, 0x5
core   0: 3 0x8000b498 (0x00005f17) x30 0x80010498
core   0: 0x8000b49c (0xb63f2423) sw      gp, -1176(t5)
core   0: 3 0x8000b49c (0xb63f2423) mem 0x80010000 0x00000001
core   0: 0x8000b4a0 (0x0000bfe5) c.j     pc - 8
core   0: 3 0x8000b4a0 (0xbfe5)
core   0: 0x8000b498 (0x00005f17) auipc   t5, 0x5
core   0: 3 0x8000b498 (0x00005f17) x30 0x80010498
core   0: 0x8000b49c (0xb63f2423) sw      gp, -1176(t5)
core   0: 3 0x8000b49c (0xb63f2423) mem 0x80010000 0x00000001
core   0: 0x8000b4a0 (0x0000bfe5) c.j     pc - 8
core   0: 3 0x8000b4a0 (0xbfe5)
core   0: 0x8000b498 (0x00005f17) auipc   t5, 0x5
core   0: 3 0x8000b498 (0x00005f17) x30 0x80010498
core   0: 0x8000b49c (0xb63f2423) sw      gp, -1176(t5)
core   0: 3 0x8000b49c (0xb63f2423) mem 0x80010000 0x00000001
core   0: 0x8000b4a0 (0x0000bfe5) c.j     pc - 8
core   0: 3 0x8000b4a0 (0xbfe5)
core   0: 0x8000b498 (0x00005f17) auipc   t5, 0x5
core   0: 3 0x8000b498 (0x00005f17) x30 0x80010498
core   0: 0x8000b49c (0xb63f2423) sw      gp, -1176(t5)
core   0: 3 0x8000b49c (0xb63f2423) mem 0x80010000 0x00000001
core   0: 0x8000b4a0 (0x0000bfe5) c.j     pc - 8
core   0: 3 0x8000b4a0 (0xbfe5)
core   0: 0x8000b498 (0x00005f17) auipc   t5, 0x5
core   0: 3 0x8000b498 (0x00005f17) x30 0x80010498
core   0: 0x8000b49c (0xb63f2423) sw      gp, -1176(t5)
core   0: 3 0x8000b49c (0xb63f2423) mem 0x80010000 0x00000001
core   0: 0x8000b4a0 (0x0000bfe5) c.j     pc - 8
core   0: 3 0x8000b4a0 (0xbfe5)
core   0: 0x8000b498 (0x00005f17) auipc   t5, 0x5
core   0: 3 0x8000b498 (0x00005f17) x30 0x80010498
core   0: 0x8000b49c (0xb63f2423) sw      gp, -1176(t5)
core   0: 3 0x8000b49c (0xb63f2423) mem 0x80010000 0x00000001
core   0: 0x8000b4a0 (0x0000bfe5) c.j     pc - 8
core   0: 3 0x8000b4a0 (0xbfe5)
core   0: 0x8000b498 (0x00005f17) auipc   t5, 0x5
core   0: 3 0x8000b498 (0x00005f17) x30 0x80010498
core   0: 0x8000b49c (0xb63f2423) sw      gp, -1176(t5)
core   0: 3 0x8000b49c (0xb63f2423) mem 0x80010000 0x00000001
core   0: 0x8000b4a0 (0x0000bfe5) c.j     pc - 8
core   0: 3 0x8000b4a0 (0xbfe5)
core   0: 0x8000b498 (0x00005f17) auipc   t5, 0x5
core   0: 3 0x8000b498 (0x00005f17) x30 0x80010498
core   0: 0x8000b49c (0xb63f2423) sw      gp, -1176(t5)
core   0: 3 0x8000b49c (0xb63f2423) mem 0x80010000 0x00000001
core   0: 0x8000b4a0 (0x0000bfe5) c.j     pc - 8
core   0: 3 0x8000b4a0 (0xbfe5)
core   0: 0x8000b498 (0x00005f17) auipc   t5, 0x5
core   0: 3 0x8000b498 (0x00005f17) x30 0x80010498
core   0: 0x8000b49c (0xb63f2423) sw      gp, -1176(t5)
core   0: 3 0x8000b49c (0xb63f2423) mem 0x80010000 0x00000001
core   0: 0x8000b4a0 (0x0000bfe5) c.j     pc - 8
core   0: 3 0x8000b4a0 (0xbfe5)
core   0: 0x8000b498 (0x00005f17) auipc   t5, 0x5
core   0: 3 0x8000b498 (0x00005f17) x30 0x80010498
core   0: 0x8000b49c (0xb63f2423) sw      gp, -1176(t5)
core   0: 3 0x8000b49c (0xb63f2423) mem 0x80010000 0x00000001
core   0: 0x8000b4a0 (0x0000bfe5) c.j     pc - 8
core   0: 3 0x8000b4a0 (0xbfe5)
core   0: 0x8000b498 (0x00005f17) auipc   t5, 0x5
core   0: 3 0x8000b498 (0x00005f17) x30 0x80010498
core   0: 0x8000b49c (0xb63f2423) sw      gp, -1176(t5)
core   0: 3 0x8000b49c (0xb63f2423) mem 0x80010000 0x00000001
core   0: 0x8000b4a0 (0x0000bfe5) c.j     pc - 8
core   0: 3 0x8000b4a0 (0xbfe5)
core   0: 0x8000b498 (0x00005f17) auipc   t5, 0x5
core   0: 3 0x8000b498 (0x00005f17) x30 0x80010498
core   0: 0x8000b49c (0xb63f2423) sw      gp, -1176(t5)
core   0: 3 0x8000b49c (0xb63f2423) mem 0x80010000 0x00000001
core   0: 0x8000b4a0 (0x0000bfe5) c.j     pc - 8
core   0: 3 0x8000b4a0 (0xbfe5)
core   0: 0x8000b498 (0x00005f17) auipc   t5, 0x5
core   0: 3 0x8000b498 (0x00005f17) x30 0x80010498
core   0: 0x8000b49c (0xb63f2423) sw      gp, -1176(t5)
core   0: 3 0x8000b49c (0xb63f2423) mem 0x80010000 0x00000001
core   0: 0x8000b4a0 (0x0000bfe5) c.j     pc - 8
core   0: 3 0x8000b4a0 (0xbfe5)
core   0: 0x8000b498 (0x00005f17) auipc   t5, 0x5
core   0: 3 0x8000b498 (0x00005f17) x30 0x80010498
core   0: 0x8000b49c (0xb63f2423) sw      gp, -1176(t5)
core   0: 3 0x8000b49c (0xb63f2423) mem 0x80010000 0x00000001
core   0: 0x8000b4a0 (0x0000bfe5) c.j     pc - 8
core   0: 3 0x8000b4a0 (0xbfe5)
core   0: 0x8000b498 (0x00005f17) auipc   t5, 0x5
core   0: 3 0x8000b498 (0x00005f17) x30 0x80010498
core   0: 0x8000b49c (0xb63f2423) sw      gp, -1176(t5)
core   0: 3 0x8000b49c (0xb63f2423) mem 0x80010000 0x00000001
core   0: 0x8000b4a0 (0x0000bfe5) c.j     pc - 8
core   0: 3 0x8000b4a0 (0xbfe5)
core   0: 0x8000b498 (0x00005f17) auipc   t5, 0x5
core   0: 3 0x8000b498 (0x00005f17) x30 0x80010498
core   0: 0x8000b49c (0xb63f2423) sw      gp, -1176(t5)
core   0: 3 0x8000b49c (0xb63f2423) mem 0x80010000 0x00000001
core   0: 0x8000b4a0 (0x0000bfe5) c.j     pc - 8
core   0: 3 0x8000b4a0 (0xbfe5)
core   0: 0x8000b498 (0x00005f17) auipc   t5, 0x5
core   0: 3 0x8000b498 (0x00005f17) x30 0x80010498
core   0: 0x8000b49c (0xb63f2423) sw      gp, -1176(t5)
core   0: 3 0x8000b49c (0xb63f2423) mem 0x80010000 0x00000001
core   0: 0x8000b4a0 (0x0000bfe5) c.j     pc - 8
core   0: 3 0x8000b4a0 (0xbfe5)
core   0: 0x8000b498 (0x00005f17) auipc   t5, 0x5
core   0: 3 0x8000b498 (0x00005f17) x30 0x80010498
core   0: 0x8000b49c (0xb63f2423) sw      gp, -1176(t5)
core   0: 3 0x8000b49c (0xb63f2423) mem 0x80010000 0x00000001
core   0: 0x8000b4a0 (0x0000bfe5) c.j     pc - 8
core   0: 3 0x8000b4a0 (0xbfe5)
core   0: 0x8000b498 (0x00005f17) auipc   t5, 0x5
core   0: 3 0x8000b498 (0x00005f17) x30 0x80010498
core   0: 0x8000b49c (0xb63f2423) sw      gp, -1176(t5)
core   0: 3 0x8000b49c (0xb63f2423) mem 0x80010000 0x00000001
core   0: 0x8000b4a0 (0x0000bfe5) c.j     pc - 8
core   0: 3 0x8000b4a0 (0xbfe5)
core   0: 0x8000b498 (0x00005f17) auipc   t5, 0x5
core   0: 3 0x8000b498 (0x00005f17) x30 0x80010498
core   0: 0x8000b49c (0xb63f2423) sw      gp, -1176(t5)
core   0: 3 0x8000b49c (0xb63f2423) mem 0x80010000 0x00000001
core   0: 0x8000b4a0 (0x0000bfe5) c.j     pc - 8
core   0: 3 0x8000b4a0 (0xbfe5)
core   0: 0x8000b498 (0x00005f17) auipc   t5, 0x5
core   0: 3 0x8000b498 (0x00005f17) x30 0x80010498
core   0: 0x8000b49c (0xb63f2423) sw      gp, -1176(t5)
core   0: 3 0x8000b49c (0xb63f2423) mem 0x80010000 0x00000001
core   0: 0x8000b4a0 (0x0000bfe5) c.j     pc - 8
core   0: 3 0x8000b4a0 (0xbfe5)
core   0: 0x8000b498 (0x00005f17) auipc   t5, 0x5
core   0: 3 0x8000b498 (0x00005f17) x30 0x80010498
core   0: 0x8000b49c (0xb63f2423) sw      gp, -1176(t5)
core   0: 3 0x8000b49c (0xb63f2423) mem 0x80010000 0x00000001
core   0: 0x8000b4a0 (0x0000bfe5) c.j     pc - 8
core   0: 3 0x8000b4a0 (0xbfe5)
core   0: 0x8000b498 (0x00005f17) auipc   t5, 0x5
core   0: 3 0x8000b498 (0x00005f17) x30 0x80010498
core   0: 0x8000b49c (0xb63f2423) sw      gp, -1176(t5)
core   0: 3 0x8000b49c (0xb63f2423) mem 0x80010000 0x00000001
core   0: 0x8000b4a0 (0x0000bfe5) c.j     pc - 8
core   0: 3 0x8000b4a0 (0xbfe5)
core   0: 0x8000b498 (0x00005f17) auipc   t5, 0x5
core   0: 3 0x8000b498 (0x00005f17) x30 0x80010498
core   0: 0x8000b49c (0xb63f2423) sw      gp, -1176(t5)
core   0: 3 0x8000b49c (0xb63f2423) mem 0x80010000 0x00000001
core   0: 0x8000b4a0 (0x0000bfe5) c.j     pc - 8
core   0: 3 0x8000b4a0 (0xbfe5)
core   0: 0x8000b498 (0x00005f17) auipc   t5, 0x5
core   0: 3 0x8000b498 (0x00005f17) x30 0x80010498
core   0: 0x8000b49c (0xb63f2423) sw      gp, -1176(t5)
core   0: 3 0x8000b49c (0xb63f2423) mem 0x80010000 0x00000001
core   0: 0x8000b4a0 (0x0000bfe5) c.j     pc - 8
core   0: 3 0x8000b4a0 (0xbfe5)
core   0: 0x8000b498 (0x00005f17) auipc   t5, 0x5
core   0: 3 0x8000b498 (0x00005f17) x30 0x80010498
core   0: 0x8000b49c (0xb63f2423) sw      gp, -1176(t5)
core   0: 3 0x8000b49c (0xb63f2423) mem 0x80010000 0x00000001
core   0: 0x8000b4a0 (0x0000bfe5) c.j     pc - 8
core   0: 3 0x8000b4a0 (0xbfe5)
core   0: 0x8000b498 (0x00005f17) auipc   t5, 0x5
core   0: 3 0x8000b498 (0x00005f17) x30 0x80010498
core   0: 0x8000b49c (0xb63f2423) sw      gp, -1176(t5)
core   0: 3 0x8000b49c (0xb63f2423) mem 0x80010000 0x00000001
core   0: 0x8000b4a0 (0x0000bfe5) c.j     pc - 8
core   0: 3 0x8000b4a0 (0xbfe5)
core   0: 0x8000b498 (0x00005f17) auipc   t5, 0x5
core   0: 3 0x8000b498 (0x00005f17) x30 0x80010498
core   0: 0x8000b49c (0xb63f2423) sw      gp, -1176(t5)
core   0: 3 0x8000b49c (0xb63f2423) mem 0x80010000 0x00000001
core   0: 0x8000b4a0 (0x0000bfe5) c.j     pc - 8
core   0: 3 0x8000b4a0 (0xbfe5)
core   0: 0x8000b498 (0x00005f17) auipc   t5, 0x5
core   0: 3 0x8000b498 (0x00005f17) x30 0x80010498
core   0: 0x8000b49c (0xb63f2423) sw      gp, -1176(t5)
core   0: 3 0x8000b49c (0xb63f2423) mem 0x80010000 0x00000001
core   0: 0x8000b4a0 (0x0000bfe5) c.j     pc - 8
core   0: 3 0x8000b4a0 (0xbfe5)
core   0: 0x8000b498 (0x00005f17) auipc   t5, 0x5
core   0: 3 0x8000b498 (0x00005f17) x30 0x80010498
core   0: 0x8000b49c (0xb63f2423) sw      gp, -1176(t5)
core   0: 3 0x8000b49c (0xb63f2423) mem 0x80010000 0x00000001
core   0: 0x8000b4a0 (0x0000bfe5) c.j     pc - 8
core   0: 3 0x8000b4a0 (0xbfe5)
core   0: 0x8000b498 (0x00005f17) auipc   t5, 0x5
core   0: 3 0x8000b498 (0x00005f17) x30 0x80010498
core   0: 0x8000b49c (0xb63f2423) sw      gp, -1176(t5)
core   0: 3 0x8000b49c (0xb63f2423) mem 0x80010000 0x00000001
core   0: 0x8000b4a0 (0x0000bfe5) c.j     pc - 8
core   0: 3 0x8000b4a0 (0xbfe5)
core   0: 0x8000b498 (0x00005f17) auipc   t5, 0x5
core   0: 3 0x8000b498 (0x00005f17) x30 0x80010498
core   0: 0x8000b49c (0xb63f2423) sw      gp, -1176(t5)
core   0: 3 0x8000b49c (0xb63f2423) mem 0x80010000 0x00000001
core   0: 0x8000b4a0 (0x0000bfe5) c.j     pc - 8
core   0: 3 0x8000b4a0 (0xbfe5)
core   0: 0x8000b498 (0x00005f17) auipc   t5, 0x5
core   0: 3 0x8000b498 (0x00005f17) x30 0x80010498
core   0: 0x8000b49c (0xb63f2423) sw      gp, -1176(t5)
core   0: 3 0x8000b49c (0xb63f2423) mem 0x80010000 0x00000001
core   0: 0x8000b4a0 (0x0000bfe5) c.j     pc - 8
core   0: 3 0x8000b4a0 (0xbfe5)
core   0: 0x8000b498 (0x00005f17) auipc   t5, 0x5
core   0: 3 0x8000b498 (0x00005f17) x30 0x80010498
core   0: 0x8000b49c (0xb63f2423) sw      gp, -1176(t5)
core   0: 3 0x8000b49c (0xb63f2423) mem 0x80010000 0x00000001
core   0: 0x8000b4a0 (0x0000bfe5) c.j     pc - 8
core   0: 3 0x8000b4a0 (0xbfe5)
core   0: 0x8000b498 (0x00005f17) auipc   t5, 0x5
core   0: 3 0x8000b498 (0x00005f17) x30 0x80010498
core   0: 0x8000b49c (0xb63f2423) sw      gp, -1176(t5)
core   0: 3 0x8000b49c (0xb63f2423) mem 0x80010000 0x00000001
core   0: 0x8000b4a0 (0x0000bfe5) c.j     pc - 8
core   0: 3 0x8000b4a0 (0xbfe5)
core   0: 0x8000b498 (0x00005f17) auipc   t5, 0x5
core   0: 3 0x8000b498 (0x00005f17) x30 0x80010498
core   0: 0x8000b49c (0xb63f2423) sw      gp, -1176(t5)
core   0: 3 0x8000b49c (0xb63f2423) mem 0x80010000 0x00000001
core   0: 0x8000b4a0 (0x0000bfe5) c.j     pc - 8
core   0: 3 0x8000b4a0 (0xbfe5)
core   0: 0x8000b498 (0x00005f17) auipc   t5, 0x5
core   0: 3 0x8000b498 (0x00005f17) x30 0x80010498
core   0: 0x8000b49c (0xb63f2423) sw      gp, -1176(t5)
core   0: 3 0x8000b49c (0xb63f2423) mem 0x80010000 0x00000001
core   0: 0x8000b4a0 (0x0000bfe5) c.j     pc - 8
core   0: 3 0x8000b4a0 (0xbfe5)
core   0: 0x8000b498 (0x00005f17) auipc   t5, 0x5
core   0: 3 0x8000b498 (0x00005f17) x30 0x80010498
core   0: 0x8000b49c (0xb63f2423) sw      gp, -1176(t5)
core   0: 3 0x8000b49c (0xb63f2423) mem 0x80010000 0x00000001
core   0: 0x8000b4a0 (0x0000bfe5) c.j     pc - 8
core   0: 3 0x8000b4a0 (0xbfe5)
core   0: 0x8000b498 (0x00005f17) auipc   t5, 0x5
core   0: 3 0x8000b498 (0x00005f17) x30 0x80010498
core   0: 0x8000b49c (0xb63f2423) sw      gp, -1176(t5)
core   0: 3 0x8000b49c (0xb63f2423) mem 0x80010000 0x00000001
core   0: 0x8000b4a0 (0x0000bfe5) c.j     pc - 8
core   0: 3 0x8000b4a0 (0xbfe5)
core   0: 0x8000b498 (0x00005f17) auipc   t5, 0x5
core   0: 3 0x8000b498 (0x00005f17) x30 0x80010498
core   0: 0x8000b49c (0xb63f2423) sw      gp, -1176(t5)
core   0: 3 0x8000b49c (0xb63f2423) mem 0x80010000 0x00000001
core   0: 0x8000b4a0 (0x0000bfe5) c.j     pc - 8
core   0: 3 0x8000b4a0 (0xbfe5)
core   0: 0x8000b498 (0x00005f17) auipc   t5, 0x5
core   0: 3 0x8000b498 (0x00005f17) x30 0x80010498
core   0: 0x8000b49c (0xb63f2423) sw      gp, -1176(t5)
core   0: 3 0x8000b49c (0xb63f2423) mem 0x80010000 0x00000001
core   0: 0x8000b4a0 (0x0000bfe5) c.j     pc - 8
core   0: 3 0x8000b4a0 (0xbfe5)
core   0: 0x8000b498 (0x00005f17) auipc   t5, 0x5
core   0: 3 0x8000b498 (0x00005f17) x30 0x80010498
core   0: 0x8000b49c (0xb63f2423) sw      gp, -1176(t5)
core   0: 3 0x8000b49c (0xb63f2423) mem 0x80010000 0x00000001
core   0: 0x8000b4a0 (0x0000bfe5) c.j     pc - 8
core   0: 3 0x8000b4a0 (0xbfe5)
core   0: 0x8000b498 (0x00005f17) auipc   t5, 0x5
core   0: 3 0x8000b498 (0x00005f17) x30 0x80010498
core   0: 0x8000b49c (0xb63f2423) sw      gp, -1176(t5)
core   0: 3 0x8000b49c (0xb63f2423) mem 0x80010000 0x00000001
core   0: 0x8000b4a0 (0x0000bfe5) c.j     pc - 8
core   0: 3 0x8000b4a0 (0xbfe5)
core   0: 0x8000b498 (0x00005f17) auipc   t5, 0x5
core   0: 3 0x8000b498 (0x00005f17) x30 0x80010498
core   0: 0x8000b49c (0xb63f2423) sw      gp, -1176(t5)
core   0: 3 0x8000b49c (0xb63f2423) mem 0x80010000 0x00000001
core   0: 0x8000b4a0 (0x0000bfe5) c.j     pc - 8
core   0: 3 0x8000b4a0 (0xbfe5)
core   0: 0x8000b498 (0x00005f17) auipc   t5, 0x5
core   0: 3 0x8000b498 (0x00005f17) x30 0x80010498
core   0: 0x8000b49c (0xb63f2423) sw      gp, -1176(t5)
core   0: 3 0x8000b49c (0xb63f2423) mem 0x80010000 0x00000001
core   0: 0x8000b4a0 (0x0000bfe5) c.j     pc - 8
core   0: 3 0x8000b4a0 (0xbfe5)
core   0: 0x8000b498 (0x00005f17) auipc   t5, 0x5
core   0: 3 0x8000b498 (0x00005f17) x30 0x80010498
core   0: 0x8000b49c (0xb63f2423) sw      gp, -1176(t5)
core   0: 3 0x8000b49c (0xb63f2423) mem 0x80010000 0x00000001
core   0: 0x8000b4a0 (0x0000bfe5) c.j     pc - 8
core   0: 3 0x8000b4a0 (0xbfe5)
core   0: 0x8000b498 (0x00005f17) auipc   t5, 0x5
core   0: 3 0x8000b498 (0x00005f17) x30 0x80010498
core   0: 0x8000b49c (0xb63f2423) sw      gp, -1176(t5)
core   0: 3 0x8000b49c (0xb63f2423) mem 0x80010000 0x00000001
core   0: 0x8000b4a0 (0x0000bfe5) c.j     pc - 8
core   0: 3 0x8000b4a0 (0xbfe5)
core   0: 0x8000b498 (0x00005f17) auipc   t5, 0x5
core   0: 3 0x8000b498 (0x00005f17) x30 0x80010498
core   0: 0x8000b49c (0xb63f2423) sw      gp, -1176(t5)
core   0: 3 0x8000b49c (0xb63f2423) mem 0x80010000 0x00000001
core   0: 0x8000b4a0 (0x0000bfe5) c.j     pc - 8
core   0: 3 0x8000b4a0 (0xbfe5)
core   0: 0x8000b498 (0x00005f17) auipc   t5, 0x5
core   0: 3 0x8000b498 (0x00005f17) x30 0x80010498
core   0: 0x8000b49c (0xb63f2423) sw      gp, -1176(t5)
core   0: 3 0x8000b49c (0xb63f2423) mem 0x80010000 0x00000001
core   0: 0x8000b4a0 (0x0000bfe5) c.j     pc - 8
core   0: 3 0x8000b4a0 (0xbfe5)
core   0: 0x8000b498 (0x00005f17) auipc   t5, 0x5
core   0: 3 0x8000b498 (0x00005f17) x30 0x80010498
core   0: 0x8000b49c (0xb63f2423) sw      gp, -1176(t5)
core   0: 3 0x8000b49c (0xb63f2423) mem 0x80010000 0x00000001
core   0: 0x8000b4a0 (0x0000bfe5) c.j     pc - 8
core   0: 3 0x8000b4a0 (0xbfe5)
core   0: 0x8000b498 (0x00005f17) auipc   t5, 0x5
core   0: 3 0x8000b498 (0x00005f17) x30 0x80010498
core   0: 0x8000b49c (0xb63f2423) sw      gp, -1176(t5)
core   0: 3 0x8000b49c (0xb63f2423) mem 0x80010000 0x00000001
core   0: 0x8000b4a0 (0x0000bfe5) c.j     pc - 8
core   0: 3 0x8000b4a0 (0xbfe5)
core   0: 0x8000b498 (0x00005f17) auipc   t5, 0x5
core   0: 3 0x8000b498 (0x00005f17) x30 0x80010498
core   0: 0x8000b49c (0xb63f2423) sw      gp, -1176(t5)
core   0: 3 0x8000b49c (0xb63f2423) mem 0x80010000 0x00000001
core   0: 0x8000b4a0 (0x0000bfe5) c.j     pc - 8
core   0: 3 0x8000b4a0 (0xbfe5)
core   0: 0x8000b498 (0x00005f17) auipc   t5, 0x5
core   0: 3 0x8000b498 (0x00005f17) x30 0x80010498
core   0: 0x8000b49c (0xb63f2423) sw      gp, -1176(t5)
core   0: 3 0x8000b49c (0xb63f2423) mem 0x80010000 0x00000001
core   0: 0x8000b4a0 (0x0000bfe5) c.j     pc - 8
core   0: 3 0x8000b4a0 (0xbfe5)
core   0: 0x8000b498 (0x00005f17) auipc   t5, 0x5
core   0: 3 0x8000b498 (0x00005f17) x30 0x80010498
core   0: 0x8000b49c (0xb63f2423) sw      gp, -1176(t5)
core   0: 3 0x8000b49c (0xb63f2423) mem 0x80010000 0x00000001
core   0: 0x8000b4a0 (0x0000bfe5) c.j     pc - 8
core   0: 3 0x8000b4a0 (0xbfe5)
core   0: 0x8000b498 (0x00005f17) auipc   t5, 0x5
core   0: 3 0x8000b498 (0x00005f17) x30 0x80010498
core   0: 0x8000b49c (0xb63f2423) sw      gp, -1176(t5)
core   0: 3 0x8000b49c (0xb63f2423) mem 0x80010000 0x00000001
core   0: 0x8000b4a0 (0x0000bfe5) c.j     pc - 8
core   0: 3 0x8000b4a0 (0xbfe5)
core   0: 0x8000b498 (0x00005f17) auipc   t5, 0x5
core   0: 3 0x8000b498 (0x00005f17) x30 0x80010498
core   0: 0x8000b49c (0xb63f2423) sw      gp, -1176(t5)
core   0: 3 0x8000b49c (0xb63f2423) mem 0x80010000 0x00000001
core   0: 0x8000b4a0 (0x0000bfe5) c.j     pc - 8
core   0: 3 0x8000b4a0 (0xbfe5)
core   0: 0x8000b498 (0x00005f17) auipc   t5, 0x5
core   0: 3 0x8000b498 (0x00005f17) x30 0x80010498
core   0: 0x8000b49c (0xb63f2423) sw      gp, -1176(t5)
core   0: 3 0x8000b49c (0xb63f2423) mem 0x80010000 0x00000001
core   0: 0x8000b4a0 (0x0000bfe5) c.j     pc - 8
core   0: 3 0x8000b4a0 (0xbfe5)
core   0: 0x8000b498 (0x00005f17) auipc   t5, 0x5
core   0: 3 0x8000b498 (0x00005f17) x30 0x80010498
core   0: 0x8000b49c (0xb63f2423) sw      gp, -1176(t5)
core   0: 3 0x8000b49c (0xb63f2423) mem 0x80010000 0x00000001
core   0: 0x8000b4a0 (0x0000bfe5) c.j     pc - 8
core   0: 3 0x8000b4a0 (0xbfe5)
core   0: 0x8000b498 (0x00005f17) auipc   t5, 0x5
core   0: 3 0x8000b498 (0x00005f17) x30 0x80010498
core   0: 0x8000b49c (0xb63f2423) sw      gp, -1176(t5)
core   0: 3 0x8000b49c (0xb63f2423) mem 0x80010000 0x00000001
core   0: 0x8000b4a0 (0x0000bfe5) c.j     pc - 8
core   0: 3 0x8000b4a0 (0xbfe5)
core   0: 0x8000b498 (0x00005f17) auipc   t5, 0x5
core   0: 3 0x8000b498 (0x00005f17) x30 0x80010498
core   0: 0x8000b49c (0xb63f2423) sw      gp, -1176(t5)
core   0: 3 0x8000b49c (0xb63f2423) mem 0x80010000 0x00000001
core   0: 0x8000b4a0 (0x0000bfe5) c.j     pc - 8
core   0: 3 0x8000b4a0 (0xbfe5)
core   0: 0x8000b498 (0x00005f17) auipc   t5, 0x5
core   0: 3 0x8000b498 (0x00005f17) x30 0x80010498
core   0: 0x8000b49c (0xb63f2423) sw      gp, -1176(t5)
core   0: 3 0x8000b49c (0xb63f2423) mem 0x80010000 0x00000001
core   0: 0x8000b4a0 (0x0000bfe5) c.j     pc - 8
core   0: 3 0x8000b4a0 (0xbfe5)
core   0: 0x8000b498 (0x00005f17) auipc   t5, 0x5
core   0: 3 0x8000b498 (0x00005f17) x30 0x80010498
core   0: 0x8000b49c (0xb63f2423) sw      gp, -1176(t5)
core   0: 3 0x8000b49c (0xb63f2423) mem 0x80010000 0x00000001
core   0: 0x8000b4a0 (0x0000bfe5) c.j     pc - 8
core   0: 3 0x8000b4a0 (0xbfe5)
core   0: 0x8000b498 (0x00005f17) auipc   t5, 0x5
core   0: 3 0x8000b498 (0x00005f17) x30 0x80010498
core   0: 0x8000b49c (0xb63f2423) sw      gp, -1176(t5)
core   0: 3 0x8000b49c (0xb63f2423) mem 0x80010000 0x00000001
core   0: 0x8000b4a0 (0x0000bfe5) c.j     pc - 8
core   0: 3 0x8000b4a0 (0xbfe5)
core   0: 0x8000b498 (0x00005f17) auipc   t5, 0x5
core   0: 3 0x8000b498 (0x00005f17) x30 0x80010498
core   0: 0x8000b49c (0xb63f2423) sw      gp, -1176(t5)
core   0: 3 0x8000b49c (0xb63f2423) mem 0x80010000 0x00000001
core   0: 0x8000b4a0 (0x0000bfe5) c.j     pc - 8
core   0: 3 0x8000b4a0 (0xbfe5)
core   0: 0x8000b498 (0x00005f17) auipc   t5, 0x5
core   0: 3 0x8000b498 (0x00005f17) x30 0x80010498
core   0: 0x8000b49c (0xb63f2423) sw      gp, -1176(t5)
core   0: 3 0x8000b49c (0xb63f2423) mem 0x80010000 0x00000001
core   0: 0x8000b4a0 (0x0000bfe5) c.j     pc - 8
core   0: 3 0x8000b4a0 (0xbfe5)
core   0: 0x8000b498 (0x00005f17) auipc   t5, 0x5
core   0: 3 0x8000b498 (0x00005f17) x30 0x80010498
core   0: 0x8000b49c (0xb63f2423) sw      gp, -1176(t5)
core   0: 3 0x8000b49c (0xb63f2423) mem 0x80010000 0x00000001
core   0: 0x8000b4a0 (0x0000bfe5) c.j     pc - 8
core   0: 3 0x8000b4a0 (0xbfe5)
core   0: 0x8000b498 (0x00005f17) auipc   t5, 0x5
core   0: 3 0x8000b498 (0x00005f17) x30 0x80010498
core   0: 0x8000b49c (0xb63f2423) sw      gp, -1176(t5)
core   0: 3 0x8000b49c (0xb63f2423) mem 0x80010000 0x00000001
core   0: 0x8000b4a0 (0x0000bfe5) c.j     pc - 8
core   0: 3 0x8000b4a0 (0xbfe5)
core   0: 0x8000b498 (0x00005f17) auipc   t5, 0x5
core   0: 3 0x8000b498 (0x00005f17) x30 0x80010498
core   0: 0x8000b49c (0xb63f2423) sw      gp, -1176(t5)
core   0: 3 0x8000b49c (0xb63f2423) mem 0x80010000 0x00000001
core   0: 0x8000b4a0 (0x0000bfe5) c.j     pc - 8
core   0: 3 0x8000b4a0 (0xbfe5)
core   0: 0x8000b498 (0x00005f17) auipc   t5, 0x5
core   0: 3 0x8000b498 (0x00005f17) x30 0x80010498
core   0: 0x8000b49c (0xb63f2423) sw      gp, -1176(t5)
core   0: 3 0x8000b49c (0xb63f2423) mem 0x80010000 0x00000001
core   0: 0x8000b4a0 (0x0000bfe5) c.j     pc - 8
core   0: 3 0x8000b4a0 (0xbfe5)
core   0: 0x8000b498 (0x00005f17) auipc   t5, 0x5
core   0: 3 0x8000b498 (0x00005f17) x30 0x80010498
core   0: 0x8000b49c (0xb63f2423) sw      gp, -1176(t5)
core   0: 3 0x8000b49c (0xb63f2423) mem 0x80010000 0x00000001
core   0: 0x8000b4a0 (0x0000bfe5) c.j     pc - 8
core   0: 3 0x8000b4a0 (0xbfe5)
core   0: 0x8000b498 (0x00005f17) auipc   t5, 0x5
core   0: 3 0x8000b498 (0x00005f17) x30 0x80010498
core   0: 0x8000b49c (0xb63f2423) sw      gp, -1176(t5)
core   0: 3 0x8000b49c (0xb63f2423) mem 0x80010000 0x00000001
core   0: 0x8000b4a0 (0x0000bfe5) c.j     pc - 8
core   0: 3 0x8000b4a0 (0xbfe5)
core   0: 0x8000b498 (0x00005f17) auipc   t5, 0x5
core   0: 3 0x8000b498 (0x00005f17) x30 0x80010498
core   0: 0x8000b49c (0xb63f2423) sw      gp, -1176(t5)
core   0: 3 0x8000b49c (0xb63f2423) mem 0x80010000 0x00000001
core   0: 0x8000b4a0 (0x0000bfe5) c.j     pc - 8
core   0: 3 0x8000b4a0 (0xbfe5)
core   0: 0x8000b498 (0x00005f17) auipc   t5, 0x5
core   0: 3 0x8000b498 (0x00005f17) x30 0x80010498
core   0: 0x8000b49c (0xb63f2423) sw      gp, -1176(t5)
core   0: 3 0x8000b49c (0xb63f2423) mem 0x80010000 0x00000001
core   0: 0x8000b4a0 (0x0000bfe5) c.j     pc - 8
core   0: 3 0x8000b4a0 (0xbfe5)
core   0: 0x8000b498 (0x00005f17) auipc   t5, 0x5
core   0: 3 0x8000b498 (0x00005f17) x30 0x80010498
core   0: 0x8000b49c (0xb63f2423) sw      gp, -1176(t5)
core   0: 3 0x8000b49c (0xb63f2423) mem 0x80010000 0x00000001
core   0: 0x8000b4a0 (0x0000bfe5) c.j     pc - 8
core   0: 3 0x8000b4a0 (0xbfe5)
core   0: 0x8000b498 (0x00005f17) auipc   t5, 0x5
core   0: 3 0x8000b498 (0x00005f17) x30 0x80010498
core   0: 0x8000b49c (0xb63f2423) sw      gp, -1176(t5)
core   0: 3 0x8000b49c (0xb63f2423) mem 0x80010000 0x00000001
core   0: 0x8000b4a0 (0x0000bfe5) c.j     pc - 8
core   0: 3 0x8000b4a0 (0xbfe5)
core   0: 0x8000b498 (0x00005f17) auipc   t5, 0x5
core   0: 3 0x8000b498 (0x00005f17) x30 0x80010498
core   0: 0x8000b49c (0xb63f2423) sw      gp, -1176(t5)
core   0: 3 0x8000b49c (0xb63f2423) mem 0x80010000 0x00000001
core   0: 0x8000b4a0 (0x0000bfe5) c.j     pc - 8
core   0: 3 0x8000b4a0 (0xbfe5)
core   0: 0x8000b498 (0x00005f17) auipc   t5, 0x5
core   0: 3 0x8000b498 (0x00005f17) x30 0x80010498
core   0: 0x8000b49c (0xb63f2423) sw      gp, -1176(t5)
core   0: 3 0x8000b49c (0xb63f2423) mem 0x80010000 0x00000001
core   0: 0x8000b4a0 (0x0000bfe5) c.j     pc - 8
core   0: 3 0x8000b4a0 (0xbfe5)
core   0: 0x8000b498 (0x00005f17) auipc   t5, 0x5
core   0: 3 0x8000b498 (0x00005f17) x30 0x80010498
core   0: 0x8000b49c (0xb63f2423) sw      gp, -1176(t5)
core   0: 3 0x8000b49c (0xb63f2423) mem 0x80010000 0x00000001
core   0: 0x8000b4a0 (0x0000bfe5) c.j     pc - 8
core   0: 3 0x8000b4a0 (0xbfe5)
core   0: 0x8000b498 (0x00005f17) auipc   t5, 0x5
core   0: 3 0x8000b498 (0x00005f17) x30 0x80010498
core   0: 0x8000b49c (0xb63f2423) sw      gp, -1176(t5)
core   0: 3 0x8000b49c (0xb63f2423) mem 0x80010000 0x00000001
core   0: 0x8000b4a0 (0x0000bfe5) c.j     pc - 8
core   0: 3 0x8000b4a0 (0xbfe5)
core   0: 0x8000b498 (0x00005f17) auipc   t5, 0x5
core   0: 3 0x8000b498 (0x00005f17) x30 0x80010498
core   0: 0x8000b49c (0xb63f2423) sw      gp, -1176(t5)
core   0: 3 0x8000b49c (0xb63f2423) mem 0x80010000 0x00000001
core   0: 0x8000b4a0 (0x0000bfe5) c.j     pc - 8
core   0: 3 0x8000b4a0 (0xbfe5)
core   0: 0x8000b498 (0x00005f17) auipc   t5, 0x5
core   0: 3 0x8000b498 (0x00005f17) x30 0x80010498
core   0: 0x8000b49c (0xb63f2423) sw      gp, -1176(t5)
core   0: 3 0x8000b49c (0xb63f2423) mem 0x80010000 0x00000001
core   0: 0x8000b4a0 (0x0000bfe5) c.j     pc - 8
core   0: 3 0x8000b4a0 (0xbfe5)
core   0: 0x8000b498 (0x00005f17) auipc   t5, 0x5
core   0: 3 0x8000b498 (0x00005f17) x30 0x80010498
core   0: 0x8000b49c (0xb63f2423) sw      gp, -1176(t5)
core   0: 3 0x8000b49c (0xb63f2423) mem 0x80010000 0x00000001
core   0: 0x8000b4a0 (0x0000bfe5) c.j     pc - 8
core   0: 3 0x8000b4a0 (0xbfe5)
core   0: 0x8000b498 (0x00005f17) auipc   t5, 0x5
core   0: 3 0x8000b498 (0x00005f17) x30 0x80010498
core   0: 0x8000b49c (0xb63f2423) sw      gp, -1176(t5)
core   0: 3 0x8000b49c (0xb63f2423) mem 0x80010000 0x00000001
core   0: 0x8000b4a0 (0x0000bfe5) c.j     pc - 8
core   0: 3 0x8000b4a0 (0xbfe5)
core   0: 0x8000b498 (0x00005f17) auipc   t5, 0x5
core   0: 3 0x8000b498 (0x00005f17) x30 0x80010498
core   0: 0x8000b49c (0xb63f2423) sw      gp, -1176(t5)
core   0: 3 0x8000b49c (0xb63f2423) mem 0x80010000 0x00000001
core   0: 0x8000b4a0 (0x0000bfe5) c.j     pc - 8
core   0: 3 0x8000b4a0 (0xbfe5)
core   0: 0x8000b498 (0x00005f17) auipc   t5, 0x5
core   0: 3 0x8000b498 (0x00005f17) x30 0x80010498
core   0: 0x8000b49c (0xb63f2423) sw      gp, -1176(t5)
core   0: 3 0x8000b49c (0xb63f2423) mem 0x80010000 0x00000001
core   0: 0x8000b4a0 (0x0000bfe5) c.j     pc - 8
core   0: 3 0x8000b4a0 (0xbfe5)
core   0: 0x8000b498 (0x00005f17) auipc   t5, 0x5
core   0: 3 0x8000b498 (0x00005f17) x30 0x80010498
core   0: 0x8000b49c (0xb63f2423) sw      gp, -1176(t5)
core   0: 3 0x8000b49c (0xb63f2423) mem 0x80010000 0x00000001
core   0: 0x8000b4a0 (0x0000bfe5) c.j     pc - 8
core   0: 3 0x8000b4a0 (0xbfe5)
core   0: 0x8000b498 (0x00005f17) auipc   t5, 0x5
core   0: 3 0x8000b498 (0x00005f17) x30 0x80010498
core   0: 0x8000b49c (0xb63f2423) sw      gp, -1176(t5)
core   0: 3 0x8000b49c (0xb63f2423) mem 0x80010000 0x00000001
core   0: 0x8000b4a0 (0x0000bfe5) c.j     pc - 8
core   0: 3 0x8000b4a0 (0xbfe5)
core   0: 0x8000b498 (0x00005f17) auipc   t5, 0x5
core   0: 3 0x8000b498 (0x00005f17) x30 0x80010498
core   0: 0x8000b49c (0xb63f2423) sw      gp, -1176(t5)
core   0: 3 0x8000b49c (0xb63f2423) mem 0x80010000 0x00000001
core   0: 0x8000b4a0 (0x0000bfe5) c.j     pc - 8
core   0: 3 0x8000b4a0 (0xbfe5)
core   0: 0x8000b498 (0x00005f17) auipc   t5, 0x5
core   0: 3 0x8000b498 (0x00005f17) x30 0x80010498
core   0: 0x8000b49c (0xb63f2423) sw      gp, -1176(t5)
core   0: 3 0x8000b49c (0xb63f2423) mem 0x80010000 0x00000001
core   0: 0x8000b4a0 (0x0000bfe5) c.j     pc - 8
core   0: 3 0x8000b4a0 (0xbfe5)
core   0: 0x8000b498 (0x00005f17) auipc   t5, 0x5
core   0: 3 0x8000b498 (0x00005f17) x30 0x80010498
core   0: 0x8000b49c (0xb63f2423) sw      gp, -1176(t5)
core   0: 3 0x8000b49c (0xb63f2423) mem 0x80010000 0x00000001
core   0: 0x8000b4a0 (0x0000bfe5) c.j     pc - 8
core   0: 3 0x8000b4a0 (0xbfe5)
core   0: 0x8000b498 (0x00005f17) auipc   t5, 0x5
core   0: 3 0x8000b498 (0x00005f17) x30 0x80010498
core   0: 0x8000b49c (0xb63f2423) sw      gp, -1176(t5)
core   0: 3 0x8000b49c (0xb63f2423) mem 0x80010000 0x00000001
core   0: 0x8000b4a0 (0x0000bfe5) c.j     pc - 8
core   0: 3 0x8000b4a0 (0xbfe5)
core   0: 0x8000b498 (0x00005f17) auipc   t5, 0x5
core   0: 3 0x8000b498 (0x00005f17) x30 0x80010498
core   0: 0x8000b49c (0xb63f2423) sw      gp, -1176(t5)
core   0: 3 0x8000b49c (0xb63f2423) mem 0x80010000 0x00000001
core   0: 0x8000b4a0 (0x0000bfe5) c.j     pc - 8
core   0: 3 0x8000b4a0 (0xbfe5)
core   0: 0x8000b498 (0x00005f17) auipc   t5, 0x5
core   0: 3 0x8000b498 (0x00005f17) x30 0x80010498
core   0: 0x8000b49c (0xb63f2423) sw      gp, -1176(t5)
core   0: 3 0x8000b49c (0xb63f2423) mem 0x80010000 0x00000001
core   0: 0x8000b4a0 (0x0000bfe5) c.j     pc - 8
core   0: 3 0x8000b4a0 (0xbfe5)
core   0: 0x8000b498 (0x00005f17) auipc   t5, 0x5
core   0: 3 0x8000b498 (0x00005f17) x30 0x80010498
core   0: 0x8000b49c (0xb63f2423) sw      gp, -1176(t5)
core   0: 3 0x8000b49c (0xb63f2423) mem 0x80010000 0x00000001
core   0: 0x8000b4a0 (0x0000bfe5) c.j     pc - 8
core   0: 3 0x8000b4a0 (0xbfe5)
core   0: 0x8000b498 (0x00005f17) auipc   t5, 0x5
core   0: 3 0x8000b498 (0x00005f17) x30 0x80010498
core   0: 0x8000b49c (0xb63f2423) sw      gp, -1176(t5)
core   0: 3 0x8000b49c (0xb63f2423) mem 0x80010000 0x00000001
core   0: 0x8000b4a0 (0x0000bfe5) c.j     pc - 8
core   0: 3 0x8000b4a0 (0xbfe5)
core   0: 0x8000b498 (0x00005f17) auipc   t5, 0x5
core   0: 3 0x8000b498 (0x00005f17) x30 0x80010498
core   0: 0x8000b49c (0xb63f2423) sw      gp, -1176(t5)
core   0: 3 0x8000b49c (0xb63f2423) mem 0x80010000 0x00000001
core   0: 0x8000b4a0 (0x0000bfe5) c.j     pc - 8
core   0: 3 0x8000b4a0 (0xbfe5)
core   0: 0x8000b498 (0x00005f17) auipc   t5, 0x5
core   0: 3 0x8000b498 (0x00005f17) x30 0x80010498
core   0: 0x8000b49c (0xb63f2423) sw      gp, -1176(t5)
core   0: 3 0x8000b49c (0xb63f2423) mem 0x80010000 0x00000001
core   0: 0x8000b4a0 (0x0000bfe5) c.j     pc - 8
core   0: 3 0x8000b4a0 (0xbfe5)
core   0: 0x8000b498 (0x00005f17) auipc   t5, 0x5
core   0: 3 0x8000b498 (0x00005f17) x30 0x80010498
core   0: 0x8000b49c (0xb63f2423) sw      gp, -1176(t5)
core   0: 3 0x8000b49c (0xb63f2423) mem 0x80010000 0x00000001
core   0: 0x8000b4a0 (0x0000bfe5) c.j     pc - 8
core   0: 3 0x8000b4a0 (0xbfe5)
core   0: 0x8000b498 (0x00005f17) auipc   t5, 0x5
core   0: 3 0x8000b498 (0x00005f17) x30 0x80010498
core   0: 0x8000b49c (0xb63f2423) sw      gp, -1176(t5)
core   0: 3 0x8000b49c (0xb63f2423) mem 0x80010000 0x00000001
core   0: 0x8000b4a0 (0x0000bfe5) c.j     pc - 8
core   0: 3 0x8000b4a0 (0xbfe5)
core   0: 0x8000b498 (0x00005f17) auipc   t5, 0x5
core   0: 3 0x8000b498 (0x00005f17) x30 0x80010498
core   0: 0x8000b49c (0xb63f2423) sw      gp, -1176(t5)
core   0: 3 0x8000b49c (0xb63f2423) mem 0x80010000 0x00000001
core   0: 0x8000b4a0 (0x0000bfe5) c.j     pc - 8
core   0: 3 0x8000b4a0 (0xbfe5)
core   0: 0x8000b498 (0x00005f17) auipc   t5, 0x5
core   0: 3 0x8000b498 (0x00005f17) x30 0x80010498
core   0: 0x8000b49c (0xb63f2423) sw      gp, -1176(t5)
core   0: 3 0x8000b49c (0xb63f2423) mem 0x80010000 0x00000001
core   0: 0x8000b4a0 (0x0000bfe5) c.j     pc - 8
core   0: 3 0x8000b4a0 (0xbfe5)
core   0: 0x8000b498 (0x00005f17) auipc   t5, 0x5
core   0: 3 0x8000b498 (0x00005f17) x30 0x80010498
core   0: 0x8000b49c (0xb63f2423) sw      gp, -1176(t5)
core   0: 3 0x8000b49c (0xb63f2423) mem 0x80010000 0x00000001
core   0: 0x8000b4a0 (0x0000bfe5) c.j     pc - 8
core   0: 3 0x8000b4a0 (0xbfe5)
core   0: 0x8000b498 (0x00005f17) auipc   t5, 0x5
core   0: 3 0x8000b498 (0x00005f17) x30 0x80010498
core   0: 0x8000b49c (0xb63f2423) sw      gp, -1176(t5)
core   0: 3 0x8000b49c (0xb63f2423) mem 0x80010000 0x00000001
core   0: 0x8000b4a0 (0x0000bfe5) c.j     pc - 8
core   0: 3 0x8000b4a0 (0xbfe5)
core   0: 0x8000b498 (0x00005f17) auipc   t5, 0x5
core   0: 3 0x8000b498 (0x00005f17) x30 0x80010498
core   0: 0x8000b49c (0xb63f2423) sw      gp, -1176(t5)
core   0: 3 0x8000b49c (0xb63f2423) mem 0x80010000 0x00000001
core   0: 0x8000b4a0 (0x0000bfe5) c.j     pc - 8
core   0: 3 0x8000b4a0 (0xbfe5)
core   0: 0x8000b498 (0x00005f17) auipc   t5, 0x5
core   0: 3 0x8000b498 (0x00005f17) x30 0x80010498
core   0: 0x8000b49c (0xb63f2423) sw      gp, -1176(t5)
core   0: 3 0x8000b49c (0xb63f2423) mem 0x80010000 0x00000001
core   0: 0x8000b4a0 (0x0000bfe5) c.j     pc - 8
core   0: 3 0x8000b4a0 (0xbfe5)
core   0: 0x8000b498 (0x00005f17) auipc   t5, 0x5
core   0: 3 0x8000b498 (0x00005f17) x30 0x80010498
core   0: 0x8000b49c (0xb63f2423) sw      gp, -1176(t5)
core   0: 3 0x8000b49c (0xb63f2423) mem 0x80010000 0x00000001
core   0: 0x8000b4a0 (0x0000bfe5) c.j     pc - 8
core   0: 3 0x8000b4a0 (0xbfe5)
core   0: 0x8000b498 (0x00005f17) auipc   t5, 0x5
core   0: 3 0x8000b498 (0x00005f17) x30 0x80010498
core   0: 0x8000b49c (0xb63f2423) sw      gp, -1176(t5)
core   0: 3 0x8000b49c (0xb63f2423) mem 0x80010000 0x00000001
core   0: 0x8000b4a0 (0x0000bfe5) c.j     pc - 8
core   0: 3 0x8000b4a0 (0xbfe5)
core   0: 0x8000b498 (0x00005f17) auipc   t5, 0x5
core   0: 3 0x8000b498 (0x00005f17) x30 0x80010498
core   0: 0x8000b49c (0xb63f2423) sw      gp, -1176(t5)
core   0: 3 0x8000b49c (0xb63f2423) mem 0x80010000 0x00000001
core   0: 0x8000b4a0 (0x0000bfe5) c.j     pc - 8
core   0: 3 0x8000b4a0 (0xbfe5)
core   0: 0x8000b498 (0x00005f17) auipc   t5, 0x5
core   0: 3 0x8000b498 (0x00005f17) x30 0x80010498
core   0: 0x8000b49c (0xb63f2423) sw      gp, -1176(t5)
core   0: 3 0x8000b49c (0xb63f2423) mem 0x80010000 0x00000001
core   0: 0x8000b4a0 (0x0000bfe5) c.j     pc - 8
core   0: 3 0x8000b4a0 (0xbfe5)
core   0: 0x8000b498 (0x00005f17) auipc   t5, 0x5
core   0: 3 0x8000b498 (0x00005f17) x30 0x80010498
core   0: 0x8000b49c (0xb63f2423) sw      gp, -1176(t5)
core   0: 3 0x8000b49c (0xb63f2423) mem 0x80010000 0x00000001
core   0: 0x8000b4a0 (0x0000bfe5) c.j     pc - 8
core   0: 3 0x8000b4a0 (0xbfe5)
core   0: 0x8000b498 (0x00005f17) auipc   t5, 0x5
core   0: 3 0x8000b498 (0x00005f17) x30 0x80010498
core   0: 0x8000b49c (0xb63f2423) sw      gp, -1176(t5)
core   0: 3 0x8000b49c (0xb63f2423) mem 0x80010000 0x00000001
core   0: 0x8000b4a0 (0x0000bfe5) c.j     pc - 8
core   0: 3 0x8000b4a0 (0xbfe5)
core   0: 0x8000b498 (0x00005f17) auipc   t5, 0x5
core   0: 3 0x8000b498 (0x00005f17) x30 0x80010498
core   0: 0x8000b49c (0xb63f2423) sw      gp, -1176(t5)
core   0: 3 0x8000b49c (0xb63f2423) mem 0x80010000 0x00000001
core   0: 0x8000b4a0 (0x0000bfe5) c.j     pc - 8
core   0: 3 0x8000b4a0 (0xbfe5)
core   0: 0x8000b498 (0x00005f17) auipc   t5, 0x5
core   0: 3 0x8000b498 (0x00005f17) x30 0x80010498
core   0: 0x8000b49c (0xb63f2423) sw      gp, -1176(t5)
core   0: 3 0x8000b49c (0xb63f2423) mem 0x80010000 0x00000001
core   0: 0x8000b4a0 (0x0000bfe5) c.j     pc - 8
core   0: 3 0x8000b4a0 (0xbfe5)
core   0: 0x8000b498 (0x00005f17) auipc   t5, 0x5
core   0: 3 0x8000b498 (0x00005f17) x30 0x80010498
core   0: 0x8000b49c (0xb63f2423) sw      gp, -1176(t5)
core   0: 3 0x8000b49c (0xb63f2423) mem 0x80010000 0x00000001
core   0: 0x8000b4a0 (0x0000bfe5) c.j     pc - 8
core   0: 3 0x8000b4a0 (0xbfe5)
core   0: 0x8000b498 (0x00005f17) auipc   t5, 0x5
core   0: 3 0x8000b498 (0x00005f17) x30 0x80010498
core   0: 0x8000b49c (0xb63f2423) sw      gp, -1176(t5)
core   0: 3 0x8000b49c (0xb63f2423) mem 0x80010000 0x00000001
core   0: 0x8000b4a0 (0x0000bfe5) c.j     pc - 8
core   0: 3 0x8000b4a0 (0xbfe5)
core   0: 0x8000b498 (0x00005f17) auipc   t5, 0x5
core   0: 3 0x8000b498 (0x00005f17) x30 0x80010498
core   0: 0x8000b49c (0xb63f2423) sw      gp, -1176(t5)
core   0: 3 0x8000b49c (0xb63f2423) mem 0x80010000 0x00000001
core   0: 0x8000b4a0 (0x0000bfe5) c.j     pc - 8
core   0: 3 0x8000b4a0 (0xbfe5)
core   0: 0x8000b498 (0x00005f17) auipc   t5, 0x5
core   0: 3 0x8000b498 (0x00005f17) x30 0x80010498
core   0: 0x8000b49c (0xb63f2423) sw      gp, -1176(t5)
core   0: 3 0x8000b49c (0xb63f2423) mem 0x80010000 0x00000001
core   0: 0x8000b4a0 (0x0000bfe5) c.j     pc - 8
core   0: 3 0x8000b4a0 (0xbfe5)
core   0: 0x8000b498 (0x00005f17) auipc   t5, 0x5
core   0: 3 0x8000b498 (0x00005f17) x30 0x80010498
core   0: 0x8000b49c (0xb63f2423) sw      gp, -1176(t5)
core   0: 3 0x8000b49c (0xb63f2423) mem 0x80010000 0x00000001
core   0: 0x8000b4a0 (0x0000bfe5) c.j     pc - 8
core   0: 3 0x8000b4a0 (0xbfe5)
core   0: 0x8000b498 (0x00005f17) auipc   t5, 0x5
core   0: 3 0x8000b498 (0x00005f17) x30 0x80010498
core   0: 0x8000b49c (0xb63f2423) sw      gp, -1176(t5)
core   0: 3 0x8000b49c (0xb63f2423) mem 0x80010000 0x00000001
core   0: 0x8000b4a0 (0x0000bfe5) c.j     pc - 8
core   0: 3 0x8000b4a0 (0xbfe5)
core   0: 0x8000b498 (0x00005f17) auipc   t5, 0x5
core   0: 3 0x8000b498 (0x00005f17) x30 0x80010498
core   0: 0x8000b49c (0xb63f2423) sw      gp, -1176(t5)
core   0: 3 0x8000b49c (0xb63f2423) mem 0x80010000 0x00000001
core   0: 0x8000b4a0 (0x0000bfe5) c.j     pc - 8
core   0: 3 0x8000b4a0 (0xbfe5)
core   0: 0x8000b498 (0x00005f17) auipc   t5, 0x5
core   0: 3 0x8000b498 (0x00005f17) x30 0x80010498
core   0: 0x8000b49c (0xb63f2423) sw      gp, -1176(t5)
core   0: 3 0x8000b49c (0xb63f2423) mem 0x80010000 0x00000001
core   0: 0x8000b4a0 (0x0000bfe5) c.j     pc - 8
core   0: 3 0x8000b4a0 (0xbfe5)
core   0: 0x8000b498 (0x00005f17) auipc   t5, 0x5
core   0: 3 0x8000b498 (0x00005f17) x30 0x80010498
core   0: 0x8000b49c (0xb63f2423) sw      gp, -1176(t5)
core   0: 3 0x8000b49c (0xb63f2423) mem 0x80010000 0x00000001
core   0: 0x8000b4a0 (0x0000bfe5) c.j     pc - 8
core   0: 3 0x8000b4a0 (0xbfe5)
core   0: 0x8000b498 (0x00005f17) auipc   t5, 0x5
core   0: 3 0x8000b498 (0x00005f17) x30 0x80010498
core   0: 0x8000b49c (0xb63f2423) sw      gp, -1176(t5)
core   0: 3 0x8000b49c (0xb63f2423) mem 0x80010000 0x00000001
core   0: 0x8000b4a0 (0x0000bfe5) c.j     pc - 8
core   0: 3 0x8000b4a0 (0xbfe5)
core   0: 0x8000b498 (0x00005f17) auipc   t5, 0x5
core   0: 3 0x8000b498 (0x00005f17) x30 0x80010498
core   0: 0x8000b49c (0xb63f2423) sw      gp, -1176(t5)
core   0: 3 0x8000b49c (0xb63f2423) mem 0x80010000 0x00000001
core   0: 0x8000b4a0 (0x0000bfe5) c.j     pc - 8
core   0: 3 0x8000b4a0 (0xbfe5)
core   0: 0x8000b498 (0x00005f17) auipc   t5, 0x5
core   0: 3 0x8000b498 (0x00005f17) x30 0x80010498
core   0: 0x8000b49c (0xb63f2423) sw      gp, -1176(t5)
core   0: 3 0x8000b49c (0xb63f2423) mem 0x80010000 0x00000001
core   0: 0x8000b4a0 (0x0000bfe5) c.j     pc - 8
core   0: 3 0x8000b4a0 (0xbfe5)
core   0: 0x8000b498 (0x00005f17) auipc   t5, 0x5
core   0: 3 0x8000b498 (0x00005f17) x30 0x80010498
core   0: 0x8000b49c (0xb63f2423) sw      gp, -1176(t5)
core   0: 3 0x8000b49c (0xb63f2423) mem 0x80010000 0x00000001
core   0: 0x8000b4a0 (0x0000bfe5) c.j     pc - 8
core   0: 3 0x8000b4a0 (0xbfe5)
core   0: 0x8000b498 (0x00005f17) auipc   t5, 0x5
core   0: 3 0x8000b498 (0x00005f17) x30 0x80010498
core   0: 0x8000b49c (0xb63f2423) sw      gp, -1176(t5)
core   0: 3 0x8000b49c (0xb63f2423) mem 0x80010000 0x00000001
core   0: 0x8000b4a0 (0x0000bfe5) c.j     pc - 8
core   0: 3 0x8000b4a0 (0xbfe5)
core   0: 0x8000b498 (0x00005f17) auipc   t5, 0x5
core   0: 3 0x8000b498 (0x00005f17) x30 0x80010498
core   0: 0x8000b49c (0xb63f2423) sw      gp, -1176(t5)
core   0: 3 0x8000b49c (0xb63f2423) mem 0x80010000 0x00000001
core   0: 0x8000b4a0 (0x0000bfe5) c.j     pc - 8
core   0: 3 0x8000b4a0 (0xbfe5)
core   0: 0x8000b498 (0x00005f17) auipc   t5, 0x5
core   0: 3 0x8000b498 (0x00005f17) x30 0x80010498
core   0: 0x8000b49c (0xb63f2423) sw      gp, -1176(t5)
core   0: 3 0x8000b49c (0xb63f2423) mem 0x80010000 0x00000001
core   0: 0x8000b4a0 (0x0000bfe5) c.j     pc - 8
core   0: 3 0x8000b4a0 (0xbfe5)
core   0: 0x8000b498 (0x00005f17) auipc   t5, 0x5
core   0: 3 0x8000b498 (0x00005f17) x30 0x80010498
core   0: 0x8000b49c (0xb63f2423) sw      gp, -1176(t5)
core   0: 3 0x8000b49c (0xb63f2423) mem 0x80010000 0x00000001
core   0: 0x8000b4a0 (0x0000bfe5) c.j     pc - 8
core   0: 3 0x8000b4a0 (0xbfe5)
core   0: 0x8000b498 (0x00005f17) auipc   t5, 0x5
core   0: 3 0x8000b498 (0x00005f17) x30 0x80010498
core   0: 0x8000b49c (0xb63f2423) sw      gp, -1176(t5)
core   0: 3 0x8000b49c (0xb63f2423) mem 0x80010000 0x00000001
core   0: 0x8000b4a0 (0x0000bfe5) c.j     pc - 8
core   0: 3 0x8000b4a0 (0xbfe5)
core   0: 0x8000b498 (0x00005f17) auipc   t5, 0x5
core   0: 3 0x8000b498 (0x00005f17) x30 0x80010498
core   0: 0x8000b49c (0xb63f2423) sw      gp, -1176(t5)
core   0: 3 0x8000b49c (0xb63f2423) mem 0x80010000 0x00000001
core   0: 0x8000b4a0 (0x0000bfe5) c.j     pc - 8
core   0: 3 0x8000b4a0 (0xbfe5)
core   0: 0x8000b498 (0x00005f17) auipc   t5, 0x5
core   0: 3 0x8000b498 (0x00005f17) x30 0x80010498
core   0: 0x8000b49c (0xb63f2423) sw      gp, -1176(t5)
core   0: 3 0x8000b49c (0xb63f2423) mem 0x80010000 0x00000001
core   0: 0x8000b4a0 (0x0000bfe5) c.j     pc - 8
core   0: 3 0x8000b4a0 (0xbfe5)
core   0: 0x8000b498 (0x00005f17) auipc   t5, 0x5
core   0: 3 0x8000b498 (0x00005f17) x30 0x80010498
core   0: 0x8000b49c (0xb63f2423) sw      gp, -1176(t5)
core   0: 3 0x8000b49c (0xb63f2423) mem 0x80010000 0x00000001
core   0: 0x8000b4a0 (0x0000bfe5) c.j     pc - 8
core   0: 3 0x8000b4a0 (0xbfe5)
core   0: 0x8000b498 (0x00005f17) auipc   t5, 0x5
core   0: 3 0x8000b498 (0x00005f17) x30 0x80010498
core   0: 0x8000b49c (0xb63f2423) sw      gp, -1176(t5)
core   0: 3 0x8000b49c (0xb63f2423) mem 0x80010000 0x00000001
core   0: 0x8000b4a0 (0x0000bfe5) c.j     pc - 8
core   0: 3 0x8000b4a0 (0xbfe5)
core   0: 0x8000b498 (0x00005f17) auipc   t5, 0x5
core   0: 3 0x8000b498 (0x00005f17) x30 0x80010498
core   0: 0x8000b49c (0xb63f2423) sw      gp, -1176(t5)
core   0: 3 0x8000b49c (0xb63f2423) mem 0x80010000 0x00000001
core   0: 0x8000b4a0 (0x0000bfe5) c.j     pc - 8
core   0: 3 0x8000b4a0 (0xbfe5)
core   0: 0x8000b498 (0x00005f17) auipc   t5, 0x5
core   0: 3 0x8000b498 (0x00005f17) x30 0x80010498
core   0: 0x8000b49c (0xb63f2423) sw      gp, -1176(t5)
core   0: 3 0x8000b49c (0xb63f2423) mem 0x80010000 0x00000001
core   0: 0x8000b4a0 (0x0000bfe5) c.j     pc - 8
core   0: 3 0x8000b4a0 (0xbfe5)
core   0: 0x8000b498 (0x00005f17) auipc   t5, 0x5
core   0: 3 0x8000b498 (0x00005f17) x30 0x80010498
core   0: 0x8000b49c (0xb63f2423) sw      gp, -1176(t5)
core   0: 3 0x8000b49c (0xb63f2423) mem 0x80010000 0x00000001
core   0: 0x8000b4a0 (0x0000bfe5) c.j     pc - 8
core   0: 3 0x8000b4a0 (0xbfe5)
core   0: 0x8000b498 (0x00005f17) auipc   t5, 0x5
core   0: 3 0x8000b498 (0x00005f17) x30 0x80010498
core   0: 0x8000b49c (0xb63f2423) sw      gp, -1176(t5)
core   0: 3 0x8000b49c (0xb63f2423) mem 0x80010000 0x00000001
core   0: 0x8000b4a0 (0x0000bfe5) c.j     pc - 8
core   0: 3 0x8000b4a0 (0xbfe5)
core   0: 0x8000b498 (0x00005f17) auipc   t5, 0x5
core   0: 3 0x8000b498 (0x00005f17) x30 0x80010498
core   0: 0x8000b49c (0xb63f2423) sw      gp, -1176(t5)
core   0: 3 0x8000b49c (0xb63f2423) mem 0x80010000 0x00000001
core   0: 0x8000b4a0 (0x0000bfe5) c.j     pc - 8
core   0: 3 0x8000b4a0 (0xbfe5)
core   0: 0x8000b498 (0x00005f17) auipc   t5, 0x5
core   0: 3 0x8000b498 (0x00005f17) x30 0x80010498
core   0: 0x8000b49c (0xb63f2423) sw      gp, -1176(t5)
core   0: 3 0x8000b49c (0xb63f2423) mem 0x80010000 0x00000001
core   0: 0x8000b4a0 (0x0000bfe5) c.j     pc - 8
core   0: 3 0x8000b4a0 (0xbfe5)
core   0: 0x8000b498 (0x00005f17) auipc   t5, 0x5
core   0: 3 0x8000b498 (0x00005f17) x30 0x80010498
core   0: 0x8000b49c (0xb63f2423) sw      gp, -1176(t5)
core   0: 3 0x8000b49c (0xb63f2423) mem 0x80010000 0x00000001
core   0: 0x8000b4a0 (0x0000bfe5) c.j     pc - 8
core   0: 3 0x8000b4a0 (0xbfe5)
core   0: 0x8000b498 (0x00005f17) auipc   t5, 0x5
core   0: 3 0x8000b498 (0x00005f17) x30 0x80010498
core   0: 0x8000b49c (0xb63f2423) sw      gp, -1176(t5)
core   0: 3 0x8000b49c (0xb63f2423) mem 0x80010000 0x00000001
core   0: 0x8000b4a0 (0x0000bfe5) c.j     pc - 8
core   0: 3 0x8000b4a0 (0xbfe5)
core   0: 0x8000b498 (0x00005f17) auipc   t5, 0x5
core   0: 3 0x8000b498 (0x00005f17) x30 0x80010498
core   0: 0x8000b49c (0xb63f2423) sw      gp, -1176(t5)
core   0: 3 0x8000b49c (0xb63f2423) mem 0x80010000 0x00000001
core   0: 0x8000b4a0 (0x0000bfe5) c.j     pc - 8
core   0: 3 0x8000b4a0 (0xbfe5)
core   0: 0x8000b498 (0x00005f17) auipc   t5, 0x5
core   0: 3 0x8000b498 (0x00005f17) x30 0x80010498
core   0: 0x8000b49c (0xb63f2423) sw      gp, -1176(t5)
core   0: 3 0x8000b49c (0xb63f2423) mem 0x80010000 0x00000001
core   0: 0x8000b4a0 (0x0000bfe5) c.j     pc - 8
core   0: 3 0x8000b4a0 (0xbfe5)
core   0: 0x8000b498 (0x00005f17) auipc   t5, 0x5
core   0: 3 0x8000b498 (0x00005f17) x30 0x80010498
core   0: 0x8000b49c (0xb63f2423) sw      gp, -1176(t5)
core   0: 3 0x8000b49c (0xb63f2423) mem 0x80010000 0x00000001
core   0: 0x8000b4a0 (0x0000bfe5) c.j     pc - 8
core   0: 3 0x8000b4a0 (0xbfe5)
core   0: 0x8000b498 (0x00005f17) auipc   t5, 0x5
core   0: 3 0x8000b498 (0x00005f17) x30 0x80010498
core   0: 0x8000b49c (0xb63f2423) sw      gp, -1176(t5)
core   0: 3 0x8000b49c (0xb63f2423) mem 0x80010000 0x00000001
core   0: 0x8000b4a0 (0x0000bfe5) c.j     pc - 8
core   0: 3 0x8000b4a0 (0xbfe5)
core   0: 0x8000b498 (0x00005f17) auipc   t5, 0x5
core   0: 3 0x8000b498 (0x00005f17) x30 0x80010498
core   0: 0x8000b49c (0xb63f2423) sw      gp, -1176(t5)
core   0: 3 0x8000b49c (0xb63f2423) mem 0x80010000 0x00000001
core   0: 0x8000b4a0 (0x0000bfe5) c.j     pc - 8
core   0: 3 0x8000b4a0 (0xbfe5)
core   0: 0x8000b498 (0x00005f17) auipc   t5, 0x5
core   0: 3 0x8000b498 (0x00005f17) x30 0x80010498
core   0: 0x8000b49c (0xb63f2423) sw      gp, -1176(t5)
core   0: 3 0x8000b49c (0xb63f2423) mem 0x80010000 0x00000001
core   0: 0x8000b4a0 (0x0000bfe5) c.j     pc - 8
core   0: 3 0x8000b4a0 (0xbfe5)
core   0: 0x8000b498 (0x00005f17) auipc   t5, 0x5
core   0: 3 0x8000b498 (0x00005f17) x30 0x80010498
core   0: 0x8000b49c (0xb63f2423) sw      gp, -1176(t5)
core   0: 3 0x8000b49c (0xb63f2423) mem 0x80010000 0x00000001
core   0: 0x8000b4a0 (0x0000bfe5) c.j     pc - 8
core   0: 3 0x8000b4a0 (0xbfe5)
core   0: 0x8000b498 (0x00005f17) auipc   t5, 0x5
core   0: 3 0x8000b498 (0x00005f17) x30 0x80010498
core   0: 0x8000b49c (0xb63f2423) sw      gp, -1176(t5)
core   0: 3 0x8000b49c (0xb63f2423) mem 0x80010000 0x00000001
core   0: 0x8000b4a0 (0x0000bfe5) c.j     pc - 8
core   0: 3 0x8000b4a0 (0xbfe5)
core   0: 0x8000b498 (0x00005f17) auipc   t5, 0x5
core   0: 3 0x8000b498 (0x00005f17) x30 0x80010498
core   0: 0x8000b49c (0xb63f2423) sw      gp, -1176(t5)
core   0: 3 0x8000b49c (0xb63f2423) mem 0x80010000 0x00000001
core   0: 0x8000b4a0 (0x0000bfe5) c.j     pc - 8
core   0: 3 0x8000b4a0 (0xbfe5)
core   0: 0x8000b498 (0x00005f17) auipc   t5, 0x5
core   0: 3 0x8000b498 (0x00005f17) x30 0x80010498
core   0: 0x8000b49c (0xb63f2423) sw      gp, -1176(t5)
core   0: 3 0x8000b49c (0xb63f2423) mem 0x80010000 0x00000001
core   0: 0x8000b4a0 (0x0000bfe5) c.j     pc - 8
core   0: 3 0x8000b4a0 (0xbfe5)
core   0: 0x8000b498 (0x00005f17) auipc   t5, 0x5
core   0: 3 0x8000b498 (0x00005f17) x30 0x80010498
core   0: 0x8000b49c (0xb63f2423) sw      gp, -1176(t5)
core   0: 3 0x8000b49c (0xb63f2423) mem 0x80010000 0x00000001
core   0: 0x8000b4a0 (0x0000bfe5) c.j     pc - 8
core   0: 3 0x8000b4a0 (0xbfe5)
core   0: 0x8000b498 (0x00005f17) auipc   t5, 0x5
core   0: 3 0x8000b498 (0x00005f17) x30 0x80010498
core   0: 0x8000b49c (0xb63f2423) sw      gp, -1176(t5)
core   0: 3 0x8000b49c (0xb63f2423) mem 0x80010000 0x00000001
core   0: 0x8000b4a0 (0x0000bfe5) c.j     pc - 8
core   0: 3 0x8000b4a0 (0xbfe5)
core   0: 0x8000b498 (0x00005f17) auipc   t5, 0x5
core   0: 3 0x8000b498 (0x00005f17) x30 0x80010498
core   0: 0x8000b49c (0xb63f2423) sw      gp, -1176(t5)
core   0: 3 0x8000b49c (0xb63f2423) mem 0x80010000 0x00000001
core   0: 0x8000b4a0 (0x0000bfe5) c.j     pc - 8
core   0: 3 0x8000b4a0 (0xbfe5)
core   0: 0x8000b498 (0x00005f17) auipc   t5, 0x5
core   0: 3 0x8000b498 (0x00005f17) x30 0x80010498
core   0: 0x8000b49c (0xb63f2423) sw      gp, -1176(t5)
core   0: 3 0x8000b49c (0xb63f2423) mem 0x80010000 0x00000001
core   0: 0x8000b4a0 (0x0000bfe5) c.j     pc - 8
core   0: 3 0x8000b4a0 (0xbfe5)
core   0: 0x8000b498 (0x00005f17) auipc   t5, 0x5
core   0: 3 0x8000b498 (0x00005f17) x30 0x80010498
core   0: 0x8000b49c (0xb63f2423) sw      gp, -1176(t5)
core   0: 3 0x8000b49c (0xb63f2423) mem 0x80010000 0x00000001
core   0: 0x8000b4a0 (0x0000bfe5) c.j     pc - 8
core   0: 3 0x8000b4a0 (0xbfe5)
core   0: 0x8000b498 (0x00005f17) auipc   t5, 0x5
core   0: 3 0x8000b498 (0x00005f17) x30 0x80010498
core   0: 0x8000b49c (0xb63f2423) sw      gp, -1176(t5)
core   0: 3 0x8000b49c (0xb63f2423) mem 0x80010000 0x00000001
core   0: 0x8000b4a0 (0x0000bfe5) c.j     pc - 8
core   0: 3 0x8000b4a0 (0xbfe5)
core   0: 0x8000b498 (0x00005f17) auipc   t5, 0x5
core   0: 3 0x8000b498 (0x00005f17) x30 0x80010498
core   0: 0x8000b49c (0xb63f2423) sw      gp, -1176(t5)
core   0: 3 0x8000b49c (0xb63f2423) mem 0x80010000 0x00000001
core   0: 0x8000b4a0 (0x0000bfe5) c.j     pc - 8
core   0: 3 0x8000b4a0 (0xbfe5)
core   0: 0x8000b498 (0x00005f17) auipc   t5, 0x5
core   0: 3 0x8000b498 (0x00005f17) x30 0x80010498
core   0: 0x8000b49c (0xb63f2423) sw      gp, -1176(t5)
core   0: 3 0x8000b49c (0xb63f2423) mem 0x80010000 0x00000001
core   0: 0x8000b4a0 (0x0000bfe5) c.j     pc - 8
core   0: 3 0x8000b4a0 (0xbfe5)
core   0: 0x8000b498 (0x00005f17) auipc   t5, 0x5
core   0: 3 0x8000b498 (0x00005f17) x30 0x80010498
core   0: 0x8000b49c (0xb63f2423) sw      gp, -1176(t5)
core   0: 3 0x8000b49c (0xb63f2423) mem 0x80010000 0x00000001
core   0: 0x8000b4a0 (0x0000bfe5) c.j     pc - 8
core   0: 3 0x8000b4a0 (0xbfe5)
core   0: 0x8000b498 (0x00005f17) auipc   t5, 0x5
core   0: 3 0x8000b498 (0x00005f17) x30 0x80010498
core   0: 0x8000b49c (0xb63f2423) sw      gp, -1176(t5)
core   0: 3 0x8000b49c (0xb63f2423) mem 0x80010000 0x00000001
core   0: 0x8000b4a0 (0x0000bfe5) c.j     pc - 8
core   0: 3 0x8000b4a0 (0xbfe5)
core   0: 0x8000b498 (0x00005f17) auipc   t5, 0x5
core   0: 3 0x8000b498 (0x00005f17) x30 0x80010498
core   0: 0x8000b49c (0xb63f2423) sw      gp, -1176(t5)
core   0: 3 0x8000b49c (0xb63f2423) mem 0x80010000 0x00000001
core   0: 0x8000b4a0 (0x0000bfe5) c.j     pc - 8
core   0: 3 0x8000b4a0 (0xbfe5)
core   0: 0x8000b498 (0x00005f17) auipc   t5, 0x5
core   0: 3 0x8000b498 (0x00005f17) x30 0x80010498
core   0: 0x8000b49c (0xb63f2423) sw      gp, -1176(t5)
core   0: 3 0x8000b49c (0xb63f2423) mem 0x80010000 0x00000001
core   0: 0x8000b4a0 (0x0000bfe5) c.j     pc - 8
core   0: 3 0x8000b4a0 (0xbfe5)
core   0: 0x8000b498 (0x00005f17) auipc   t5, 0x5
core   0: 3 0x8000b498 (0x00005f17) x30 0x80010498
core   0: 0x8000b49c (0xb63f2423) sw      gp, -1176(t5)
core   0: 3 0x8000b49c (0xb63f2423) mem 0x80010000 0x00000001
core   0: 0x8000b4a0 (0x0000bfe5) c.j     pc - 8
core   0: 3 0x8000b4a0 (0xbfe5)
core   0: 0x8000b498 (0x00005f17) auipc   t5, 0x5
core   0: 3 0x8000b498 (0x00005f17) x30 0x80010498
core   0: 0x8000b49c (0xb63f2423) sw      gp, -1176(t5)
core   0: 3 0x8000b49c (0xb63f2423) mem 0x80010000 0x00000001
core   0: 0x8000b4a0 (0x0000bfe5) c.j     pc - 8
core   0: 3 0x8000b4a0 (0xbfe5)
core   0: 0x8000b498 (0x00005f17) auipc   t5, 0x5
core   0: 3 0x8000b498 (0x00005f17) x30 0x80010498
core   0: 0x8000b49c (0xb63f2423) sw      gp, -1176(t5)
core   0: 3 0x8000b49c (0xb63f2423) mem 0x80010000 0x00000001
core   0: 0x8000b4a0 (0x0000bfe5) c.j     pc - 8
core   0: 3 0x8000b4a0 (0xbfe5)
core   0: 0x8000b498 (0x00005f17) auipc   t5, 0x5
core   0: 3 0x8000b498 (0x00005f17) x30 0x80010498
core   0: 0x8000b49c (0xb63f2423) sw      gp, -1176(t5)
core   0: 3 0x8000b49c (0xb63f2423) mem 0x80010000 0x00000001
core   0: 0x8000b4a0 (0x0000bfe5) c.j     pc - 8
core   0: 3 0x8000b4a0 (0xbfe5)
core   0: 0x8000b498 (0x00005f17) auipc   t5, 0x5
core   0: 3 0x8000b498 (0x00005f17) x30 0x80010498
core   0: 0x8000b49c (0xb63f2423) sw      gp, -1176(t5)
core   0: 3 0x8000b49c (0xb63f2423) mem 0x80010000 0x00000001
core   0: 0x8000b4a0 (0x0000bfe5) c.j     pc - 8
core   0: 3 0x8000b4a0 (0xbfe5)
core   0: 0x8000b498 (0x00005f17) auipc   t5, 0x5
core   0: 3 0x8000b498 (0x00005f17) x30 0x80010498
core   0: 0x8000b49c (0xb63f2423) sw      gp, -1176(t5)
core   0: 3 0x8000b49c (0xb63f2423) mem 0x80010000 0x00000001
core   0: 0x8000b4a0 (0x0000bfe5) c.j     pc - 8
core   0: 3 0x8000b4a0 (0xbfe5)
core   0: 0x8000b498 (0x00005f17) auipc   t5, 0x5
core   0: 3 0x8000b498 (0x00005f17) x30 0x80010498
core   0: 0x8000b49c (0xb63f2423) sw      gp, -1176(t5)
core   0: 3 0x8000b49c (0xb63f2423) mem 0x80010000 0x00000001
core   0: 0x8000b4a0 (0x0000bfe5) c.j     pc - 8
core   0: 3 0x8000b4a0 (0xbfe5)
core   0: 0x8000b498 (0x00005f17) auipc   t5, 0x5
core   0: 3 0x8000b498 (0x00005f17) x30 0x80010498
core   0: 0x8000b49c (0xb63f2423) sw      gp, -1176(t5)
core   0: 3 0x8000b49c (0xb63f2423) mem 0x80010000 0x00000001
core   0: 0x8000b4a0 (0x0000bfe5) c.j     pc - 8
core   0: 3 0x8000b4a0 (0xbfe5)
core   0: 0x8000b498 (0x00005f17) auipc   t5, 0x5
core   0: 3 0x8000b498 (0x00005f17) x30 0x80010498
core   0: 0x8000b49c (0xb63f2423) sw      gp, -1176(t5)
core   0: 3 0x8000b49c (0xb63f2423) mem 0x80010000 0x00000001
core   0: 0x8000b4a0 (0x0000bfe5) c.j     pc - 8
core   0: 3 0x8000b4a0 (0xbfe5)
core   0: 0x8000b498 (0x00005f17) auipc   t5, 0x5
core   0: 3 0x8000b498 (0x00005f17) x30 0x80010498
core   0: 0x8000b49c (0xb63f2423) sw      gp, -1176(t5)
core   0: 3 0x8000b49c (0xb63f2423) mem 0x80010000 0x00000001
core   0: 0x8000b4a0 (0x0000bfe5) c.j     pc - 8
core   0: 3 0x8000b4a0 (0xbfe5)
core   0: 0x8000b498 (0x00005f17) auipc   t5, 0x5
core   0: 3 0x8000b498 (0x00005f17) x30 0x80010498
core   0: 0x8000b49c (0xb63f2423) sw      gp, -1176(t5)
core   0: 3 0x8000b49c (0xb63f2423) mem 0x80010000 0x00000001
core   0: 0x8000b4a0 (0x0000bfe5) c.j     pc - 8
core   0: 3 0x8000b4a0 (0xbfe5)
core   0: 0x8000b498 (0x00005f17) auipc   t5, 0x5
core   0: 3 0x8000b498 (0x00005f17) x30 0x80010498
core   0: 0x8000b49c (0xb63f2423) sw      gp, -1176(t5)
core   0: 3 0x8000b49c (0xb63f2423) mem 0x80010000 0x00000001
core   0: 0x8000b4a0 (0x0000bfe5) c.j     pc - 8
core   0: 3 0x8000b4a0 (0xbfe5)
core   0: 0x8000b498 (0x00005f17) auipc   t5, 0x5
core   0: 3 0x8000b498 (0x00005f17) x30 0x80010498
core   0: 0x8000b49c (0xb63f2423) sw      gp, -1176(t5)
core   0: 3 0x8000b49c (0xb63f2423) mem 0x80010000 0x00000001
core   0: 0x8000b4a0 (0x0000bfe5) c.j     pc - 8
core   0: 3 0x8000b4a0 (0xbfe5)
core   0: 0x8000b498 (0x00005f17) auipc   t5, 0x5
core   0: 3 0x8000b498 (0x00005f17) x30 0x80010498
core   0: 0x8000b49c (0xb63f2423) sw      gp, -1176(t5)
core   0: 3 0x8000b49c (0xb63f2423) mem 0x80010000 0x00000001
core   0: 0x8000b4a0 (0x0000bfe5) c.j     pc - 8
core   0: 3 0x8000b4a0 (0xbfe5)
core   0: 0x8000b498 (0x00005f17) auipc   t5, 0x5
core   0: 3 0x8000b498 (0x00005f17) x30 0x80010498
core   0: 0x8000b49c (0xb63f2423) sw      gp, -1176(t5)
core   0: 3 0x8000b49c (0xb63f2423) mem 0x80010000 0x00000001
core   0: 0x8000b4a0 (0x0000bfe5) c.j     pc - 8
core   0: 3 0x8000b4a0 (0xbfe5)
core   0: 0x8000b498 (0x00005f17) auipc   t5, 0x5
core   0: 3 0x8000b498 (0x00005f17) x30 0x80010498
core   0: 0x8000b49c (0xb63f2423) sw      gp, -1176(t5)
core   0: 3 0x8000b49c (0xb63f2423) mem 0x80010000 0x00000001
core   0: 0x8000b4a0 (0x0000bfe5) c.j     pc - 8
core   0: 3 0x8000b4a0 (0xbfe5)
core   0: 0x8000b498 (0x00005f17) auipc   t5, 0x5
core   0: 3 0x8000b498 (0x00005f17) x30 0x80010498
core   0: 0x8000b49c (0xb63f2423) sw      gp, -1176(t5)
core   0: 3 0x8000b49c (0xb63f2423) mem 0x80010000 0x00000001
core   0: 0x8000b4a0 (0x0000bfe5) c.j     pc - 8
core   0: 3 0x8000b4a0 (0xbfe5)
core   0: 0x8000b498 (0x00005f17) auipc   t5, 0x5
core   0: 3 0x8000b498 (0x00005f17) x30 0x80010498
core   0: 0x8000b49c (0xb63f2423) sw      gp, -1176(t5)
core   0: 3 0x8000b49c (0xb63f2423) mem 0x80010000 0x00000001
core   0: 0x8000b4a0 (0x0000bfe5) c.j     pc - 8
core   0: 3 0x8000b4a0 (0xbfe5)
core   0: 0x8000b498 (0x00005f17) auipc   t5, 0x5
core   0: 3 0x8000b498 (0x00005f17) x30 0x80010498
core   0: 0x8000b49c (0xb63f2423) sw      gp, -1176(t5)
core   0: 3 0x8000b49c (0xb63f2423) mem 0x80010000 0x00000001
core   0: 0x8000b4a0 (0x0000bfe5) c.j     pc - 8
core   0: 3 0x8000b4a0 (0xbfe5)
core   0: 0x8000b498 (0x00005f17) auipc   t5, 0x5
core   0: 3 0x8000b498 (0x00005f17) x30 0x80010498
core   0: 0x8000b49c (0xb63f2423) sw      gp, -1176(t5)
core   0: 3 0x8000b49c (0xb63f2423) mem 0x80010000 0x00000001
core   0: 0x8000b4a0 (0x0000bfe5) c.j     pc - 8
core   0: 3 0x8000b4a0 (0xbfe5)
core   0: 0x8000b498 (0x00005f17) auipc   t5, 0x5
core   0: 3 0x8000b498 (0x00005f17) x30 0x80010498
core   0: 0x8000b49c (0xb63f2423) sw      gp, -1176(t5)
core   0: 3 0x8000b49c (0xb63f2423) mem 0x80010000 0x00000001
core   0: 0x8000b4a0 (0x0000bfe5) c.j     pc - 8
core   0: 3 0x8000b4a0 (0xbfe5)
core   0: 0x8000b498 (0x00005f17) auipc   t5, 0x5
core   0: 3 0x8000b498 (0x00005f17) x30 0x80010498
core   0: 0x8000b49c (0xb63f2423) sw      gp, -1176(t5)
core   0: 3 0x8000b49c (0xb63f2423) mem 0x80010000 0x00000001
core   0: 0x8000b4a0 (0x0000bfe5) c.j     pc - 8
core   0: 3 0x8000b4a0 (0xbfe5)
core   0: 0x8000b498 (0x00005f17) auipc   t5, 0x5
core   0: 3 0x8000b498 (0x00005f17) x30 0x80010498
core   0: 0x8000b49c (0xb63f2423) sw      gp, -1176(t5)
core   0: 3 0x8000b49c (0xb63f2423) mem 0x80010000 0x00000001
core   0: 0x8000b4a0 (0x0000bfe5) c.j     pc - 8
core   0: 3 0x8000b4a0 (0xbfe5)
core   0: 0x8000b498 (0x00005f17) auipc   t5, 0x5
core   0: 3 0x8000b498 (0x00005f17) x30 0x80010498
core   0: 0x8000b49c (0xb63f2423) sw      gp, -1176(t5)
core   0: 3 0x8000b49c (0xb63f2423) mem 0x80010000 0x00000001
core   0: 0x8000b4a0 (0x0000bfe5) c.j     pc - 8
core   0: 3 0x8000b4a0 (0xbfe5)
core   0: 0x8000b498 (0x00005f17) auipc   t5, 0x5
core   0: 3 0x8000b498 (0x00005f17) x30 0x80010498
core   0: 0x8000b49c (0xb63f2423) sw      gp, -1176(t5)
core   0: 3 0x8000b49c (0xb63f2423) mem 0x80010000 0x00000001
core   0: 0x8000b4a0 (0x0000bfe5) c.j     pc - 8
core   0: 3 0x8000b4a0 (0xbfe5)
core   0: 0x8000b498 (0x00005f17) auipc   t5, 0x5
core   0: 3 0x8000b498 (0x00005f17) x30 0x80010498
core   0: 0x8000b49c (0xb63f2423) sw      gp, -1176(t5)
core   0: 3 0x8000b49c (0xb63f2423) mem 0x80010000 0x00000001
core   0: 0x8000b4a0 (0x0000bfe5) c.j     pc - 8
core   0: 3 0x8000b4a0 (0xbfe5)
core   0: 0x8000b498 (0x00005f17) auipc   t5, 0x5
core   0: 3 0x8000b498 (0x00005f17) x30 0x80010498
core   0: 0x8000b49c (0xb63f2423) sw      gp, -1176(t5)
core   0: 3 0x8000b49c (0xb63f2423) mem 0x80010000 0x00000001
core   0: 0x8000b4a0 (0x0000bfe5) c.j     pc - 8
core   0: 3 0x8000b4a0 (0xbfe5)
core   0: 0x8000b498 (0x00005f17) auipc   t5, 0x5
core   0: 3 0x8000b498 (0x00005f17) x30 0x80010498
core   0: 0x8000b49c (0xb63f2423) sw      gp, -1176(t5)
core   0: 3 0x8000b49c (0xb63f2423) mem 0x80010000 0x00000001
core   0: 0x8000b4a0 (0x0000bfe5) c.j     pc - 8
core   0: 3 0x8000b4a0 (0xbfe5)
core   0: 0x8000b498 (0x00005f17) auipc   t5, 0x5
core   0: 3 0x8000b498 (0x00005f17) x30 0x80010498
core   0: 0x8000b49c (0xb63f2423) sw      gp, -1176(t5)
core   0: 3 0x8000b49c (0xb63f2423) mem 0x80010000 0x00000001
core   0: 0x8000b4a0 (0x0000bfe5) c.j     pc - 8
core   0: 3 0x8000b4a0 (0xbfe5)
core   0: 0x8000b498 (0x00005f17) auipc   t5, 0x5
core   0: 3 0x8000b498 (0x00005f17) x30 0x80010498
core   0: 0x8000b49c (0xb63f2423) sw      gp, -1176(t5)
core   0: 3 0x8000b49c (0xb63f2423) mem 0x80010000 0x00000001
core   0: 0x8000b4a0 (0x0000bfe5) c.j     pc - 8
core   0: 3 0x8000b4a0 (0xbfe5)
core   0: 0x8000b498 (0x00005f17) auipc   t5, 0x5
core   0: 3 0x8000b498 (0x00005f17) x30 0x80010498
core   0: 0x8000b49c (0xb63f2423) sw      gp, -1176(t5)
core   0: 3 0x8000b49c (0xb63f2423) mem 0x80010000 0x00000001
core   0: 0x8000b4a0 (0x0000bfe5) c.j     pc - 8
core   0: 3 0x8000b4a0 (0xbfe5)
core   0: 0x8000b498 (0x00005f17) auipc   t5, 0x5
core   0: 3 0x8000b498 (0x00005f17) x30 0x80010498
core   0: 0x8000b49c (0xb63f2423) sw      gp, -1176(t5)
core   0: 3 0x8000b49c (0xb63f2423) mem 0x80010000 0x00000001
core   0: 0x8000b4a0 (0x0000bfe5) c.j     pc - 8
core   0: 3 0x8000b4a0 (0xbfe5)
core   0: 0x8000b498 (0x00005f17) auipc   t5, 0x5
core   0: 3 0x8000b498 (0x00005f17) x30 0x80010498
core   0: 0x8000b49c (0xb63f2423) sw      gp, -1176(t5)
core   0: 3 0x8000b49c (0xb63f2423) mem 0x80010000 0x00000001
core   0: 0x8000b4a0 (0x0000bfe5) c.j     pc - 8
core   0: 3 0x8000b4a0 (0xbfe5)
core   0: 0x8000b498 (0x00005f17) auipc   t5, 0x5
core   0: 3 0x8000b498 (0x00005f17) x30 0x80010498
core   0: 0x8000b49c (0xb63f2423) sw      gp, -1176(t5)
core   0: 3 0x8000b49c (0xb63f2423) mem 0x80010000 0x00000001
core   0: 0x8000b4a0 (0x0000bfe5) c.j     pc - 8
core   0: 3 0x8000b4a0 (0xbfe5)
core   0: 0x8000b498 (0x00005f17) auipc   t5, 0x5
core   0: 3 0x8000b498 (0x00005f17) x30 0x80010498
core   0: 0x8000b49c (0xb63f2423) sw      gp, -1176(t5)
core   0: 3 0x8000b49c (0xb63f2423) mem 0x80010000 0x00000001
core   0: 0x8000b4a0 (0x0000bfe5) c.j     pc - 8
core   0: 3 0x8000b4a0 (0xbfe5)
core   0: 0x8000b498 (0x00005f17) auipc   t5, 0x5
core   0: 3 0x8000b498 (0x00005f17) x30 0x80010498
core   0: 0x8000b49c (0xb63f2423) sw      gp, -1176(t5)
core   0: 3 0x8000b49c (0xb63f2423) mem 0x80010000 0x00000001
core   0: 0x8000b4a0 (0x0000bfe5) c.j     pc - 8
core   0: 3 0x8000b4a0 (0xbfe5)
core   0: 0x8000b498 (0x00005f17) auipc   t5, 0x5
core   0: 3 0x8000b498 (0x00005f17) x30 0x80010498
core   0: 0x8000b49c (0xb63f2423) sw      gp, -1176(t5)
core   0: 3 0x8000b49c (0xb63f2423) mem 0x80010000 0x00000001
core   0: 0x8000b4a0 (0x0000bfe5) c.j     pc - 8
core   0: 3 0x8000b4a0 (0xbfe5)
core   0: 0x8000b498 (0x00005f17) auipc   t5, 0x5
core   0: 3 0x8000b498 (0x00005f17) x30 0x80010498
core   0: 0x8000b49c (0xb63f2423) sw      gp, -1176(t5)
core   0: 3 0x8000b49c (0xb63f2423) mem 0x80010000 0x00000001
core   0: 0x8000b4a0 (0x0000bfe5) c.j     pc - 8
core   0: 3 0x8000b4a0 (0xbfe5)
core   0: 0x8000b498 (0x00005f17) auipc   t5, 0x5
core   0: 3 0x8000b498 (0x00005f17) x30 0x80010498
core   0: 0x8000b49c (0xb63f2423) sw      gp, -1176(t5)
core   0: 3 0x8000b49c (0xb63f2423) mem 0x80010000 0x00000001
core   0: 0x8000b4a0 (0x0000bfe5) c.j     pc - 8
core   0: 3 0x8000b4a0 (0xbfe5)
core   0: 0x8000b498 (0x00005f17) auipc   t5, 0x5
core   0: 3 0x8000b498 (0x00005f17) x30 0x80010498
core   0: 0x8000b49c (0xb63f2423) sw      gp, -1176(t5)
core   0: 3 0x8000b49c (0xb63f2423) mem 0x80010000 0x00000001
core   0: 0x8000b4a0 (0x0000bfe5) c.j     pc - 8
core   0: 3 0x8000b4a0 (0xbfe5)
core   0: 0x8000b498 (0x00005f17) auipc   t5, 0x5
core   0: 3 0x8000b498 (0x00005f17) x30 0x80010498
core   0: 0x8000b49c (0xb63f2423) sw      gp, -1176(t5)
core   0: 3 0x8000b49c (0xb63f2423) mem 0x80010000 0x00000001
core   0: 0x8000b4a0 (0x0000bfe5) c.j     pc - 8
core   0: 3 0x8000b4a0 (0xbfe5)
core   0: 0x8000b498 (0x00005f17) auipc   t5, 0x5
core   0: 3 0x8000b498 (0x00005f17) x30 0x80010498
core   0: 0x8000b49c (0xb63f2423) sw      gp, -1176(t5)
core   0: 3 0x8000b49c (0xb63f2423) mem 0x80010000 0x00000001
core   0: 0x8000b4a0 (0x0000bfe5) c.j     pc - 8
core   0: 3 0x8000b4a0 (0xbfe5)
core   0: 0x8000b498 (0x00005f17) auipc   t5, 0x5
core   0: 3 0x8000b498 (0x00005f17) x30 0x80010498
core   0: 0x8000b49c (0xb63f2423) sw      gp, -1176(t5)
core   0: 3 0x8000b49c (0xb63f2423) mem 0x80010000 0x00000001
core   0: 0x8000b4a0 (0x0000bfe5) c.j     pc - 8
core   0: 3 0x8000b4a0 (0xbfe5)
core   0: 0x8000b498 (0x00005f17) auipc   t5, 0x5
core   0: 3 0x8000b498 (0x00005f17) x30 0x80010498
core   0: 0x8000b49c (0xb63f2423) sw      gp, -1176(t5)
core   0: 3 0x8000b49c (0xb63f2423) mem 0x80010000 0x00000001
core   0: 0x8000b4a0 (0x0000bfe5) c.j     pc - 8
core   0: 3 0x8000b4a0 (0xbfe5)
core   0: 0x8000b498 (0x00005f17) auipc   t5, 0x5
core   0: 3 0x8000b498 (0x00005f17) x30 0x80010498
core   0: 0x8000b49c (0xb63f2423) sw      gp, -1176(t5)
core   0: 3 0x8000b49c (0xb63f2423) mem 0x80010000 0x00000001
core   0: 0x8000b4a0 (0x0000bfe5) c.j     pc - 8
core   0: 3 0x8000b4a0 (0xbfe5)
core   0: 0x8000b498 (0x00005f17) auipc   t5, 0x5
core   0: 3 0x8000b498 (0x00005f17) x30 0x80010498
core   0: 0x8000b49c (0xb63f2423) sw      gp, -1176(t5)
core   0: 3 0x8000b49c (0xb63f2423) mem 0x80010000 0x00000001
core   0: 0x8000b4a0 (0x0000bfe5) c.j     pc - 8
core   0: 3 0x8000b4a0 (0xbfe5)
core   0: 0x8000b498 (0x00005f17) auipc   t5, 0x5
core   0: 3 0x8000b498 (0x00005f17) x30 0x80010498
core   0: 0x8000b49c (0xb63f2423) sw      gp, -1176(t5)
core   0: 3 0x8000b49c (0xb63f2423) mem 0x80010000 0x00000001
core   0: 0x8000b4a0 (0x0000bfe5) c.j     pc - 8
core   0: 3 0x8000b4a0 (0xbfe5)
core   0: 0x8000b498 (0x00005f17) auipc   t5, 0x5
core   0: 3 0x8000b498 (0x00005f17) x30 0x80010498
core   0: 0x8000b49c (0xb63f2423) sw      gp, -1176(t5)
core   0: 3 0x8000b49c (0xb63f2423) mem 0x80010000 0x00000001
core   0: 0x8000b4a0 (0x0000bfe5) c.j     pc - 8
core   0: 3 0x8000b4a0 (0xbfe5)
core   0: 0x8000b498 (0x00005f17) auipc   t5, 0x5
core   0: 3 0x8000b498 (0x00005f17) x30 0x80010498
core   0: 0x8000b49c (0xb63f2423) sw      gp, -1176(t5)
core   0: 3 0x8000b49c (0xb63f2423) mem 0x80010000 0x00000001
core   0: 0x8000b4a0 (0x0000bfe5) c.j     pc - 8
core   0: 3 0x8000b4a0 (0xbfe5)
core   0: 0x8000b498 (0x00005f17) auipc   t5, 0x5
core   0: 3 0x8000b498 (0x00005f17) x30 0x80010498
core   0: 0x8000b49c (0xb63f2423) sw      gp, -1176(t5)
core   0: 3 0x8000b49c (0xb63f2423) mem 0x80010000 0x00000001
core   0: 0x8000b4a0 (0x0000bfe5) c.j     pc - 8
core   0: 3 0x8000b4a0 (0xbfe5)
core   0: 0x8000b498 (0x00005f17) auipc   t5, 0x5
core   0: 3 0x8000b498 (0x00005f17) x30 0x80010498
core   0: 0x8000b49c (0xb63f2423) sw      gp, -1176(t5)
core   0: 3 0x8000b49c (0xb63f2423) mem 0x80010000 0x00000001
core   0: 0x8000b4a0 (0x0000bfe5) c.j     pc - 8
core   0: 3 0x8000b4a0 (0xbfe5)
core   0: 0x8000b498 (0x00005f17) auipc   t5, 0x5
core   0: 3 0x8000b498 (0x00005f17) x30 0x80010498
core   0: 0x8000b49c (0xb63f2423) sw      gp, -1176(t5)
core   0: 3 0x8000b49c (0xb63f2423) mem 0x80010000 0x00000001
core   0: 0x8000b4a0 (0x0000bfe5) c.j     pc - 8
core   0: 3 0x8000b4a0 (0xbfe5)
core   0: 0x8000b498 (0x00005f17) auipc   t5, 0x5
core   0: 3 0x8000b498 (0x00005f17) x30 0x80010498
core   0: 0x8000b49c (0xb63f2423) sw      gp, -1176(t5)
core   0: 3 0x8000b49c (0xb63f2423) mem 0x80010000 0x00000001
core   0: 0x8000b4a0 (0x0000bfe5) c.j     pc - 8
core   0: 3 0x8000b4a0 (0xbfe5)
core   0: 0x8000b498 (0x00005f17) auipc   t5, 0x5
core   0: 3 0x8000b498 (0x00005f17) x30 0x80010498
core   0: 0x8000b49c (0xb63f2423) sw      gp, -1176(t5)
core   0: 3 0x8000b49c (0xb63f2423) mem 0x80010000 0x00000001
core   0: 0x8000b4a0 (0x0000bfe5) c.j     pc - 8
core   0: 3 0x8000b4a0 (0xbfe5)
core   0: 0x8000b498 (0x00005f17) auipc   t5, 0x5
core   0: 3 0x8000b498 (0x00005f17) x30 0x80010498
core   0: 0x8000b49c (0xb63f2423) sw      gp, -1176(t5)
core   0: 3 0x8000b49c (0xb63f2423) mem 0x80010000 0x00000001
core   0: 0x8000b4a0 (0x0000bfe5) c.j     pc - 8
core   0: 3 0x8000b4a0 (0xbfe5)
core   0: 0x8000b498 (0x00005f17) auipc   t5, 0x5
core   0: 3 0x8000b498 (0x00005f17) x30 0x80010498
core   0: 0x8000b49c (0xb63f2423) sw      gp, -1176(t5)
core   0: 3 0x8000b49c (0xb63f2423) mem 0x80010000 0x00000001
core   0: 0x8000b4a0 (0x0000bfe5) c.j     pc - 8
core   0: 3 0x8000b4a0 (0xbfe5)
core   0: 0x8000b498 (0x00005f17) auipc   t5, 0x5
core   0: 3 0x8000b498 (0x00005f17) x30 0x80010498
core   0: 0x8000b49c (0xb63f2423) sw      gp, -1176(t5)
core   0: 3 0x8000b49c (0xb63f2423) mem 0x80010000 0x00000001
core   0: 0x8000b4a0 (0x0000bfe5) c.j     pc - 8
core   0: 3 0x8000b4a0 (0xbfe5)
core   0: 0x8000b498 (0x00005f17) auipc   t5, 0x5
core   0: 3 0x8000b498 (0x00005f17) x30 0x80010498
core   0: 0x8000b49c (0xb63f2423) sw      gp, -1176(t5)
core   0: 3 0x8000b49c (0xb63f2423) mem 0x80010000 0x00000001
core   0: 0x8000b4a0 (0x0000bfe5) c.j     pc - 8
core   0: 3 0x8000b4a0 (0xbfe5)
core   0: 0x8000b498 (0x00005f17) auipc   t5, 0x5
core   0: 3 0x8000b498 (0x00005f17) x30 0x80010498
core   0: 0x8000b49c (0xb63f2423) sw      gp, -1176(t5)
core   0: 3 0x8000b49c (0xb63f2423) mem 0x80010000 0x00000001
core   0: 0x8000b4a0 (0x0000bfe5) c.j     pc - 8
core   0: 3 0x8000b4a0 (0xbfe5)
core   0: 0x8000b498 (0x00005f17) auipc   t5, 0x5
core   0: 3 0x8000b498 (0x00005f17) x30 0x80010498
core   0: 0x8000b49c (0xb63f2423) sw      gp, -1176(t5)
core   0: 3 0x8000b49c (0xb63f2423) mem 0x80010000 0x00000001
core   0: 0x8000b4a0 (0x0000bfe5) c.j     pc - 8
core   0: 3 0x8000b4a0 (0xbfe5)
core   0: 0x8000b498 (0x00005f17) auipc   t5, 0x5
core   0: 3 0x8000b498 (0x00005f17) x30 0x80010498
core   0: 0x8000b49c (0xb63f2423) sw      gp, -1176(t5)
core   0: 3 0x8000b49c (0xb63f2423) mem 0x80010000 0x00000001
core   0: 0x8000b4a0 (0x0000bfe5) c.j     pc - 8
core   0: 3 0x8000b4a0 (0xbfe5)
core   0: 0x8000b498 (0x00005f17) auipc   t5, 0x5
core   0: 3 0x8000b498 (0x00005f17) x30 0x80010498
core   0: 0x8000b49c (0xb63f2423) sw      gp, -1176(t5)
core   0: 3 0x8000b49c (0xb63f2423) mem 0x80010000 0x00000001
core   0: 0x8000b4a0 (0x0000bfe5) c.j     pc - 8
core   0: 3 0x8000b4a0 (0xbfe5)
core   0: 0x8000b498 (0x00005f17) auipc   t5, 0x5
core   0: 3 0x8000b498 (0x00005f17) x30 0x80010498
core   0: 0x8000b49c (0xb63f2423) sw      gp, -1176(t5)
core   0: 3 0x8000b49c (0xb63f2423) mem 0x80010000 0x00000001
core   0: 0x8000b4a0 (0x0000bfe5) c.j     pc - 8
core   0: 3 0x8000b4a0 (0xbfe5)
core   0: 0x8000b498 (0x00005f17) auipc   t5, 0x5
core   0: 3 0x8000b498 (0x00005f17) x30 0x80010498
core   0: 0x8000b49c (0xb63f2423) sw      gp, -1176(t5)
core   0: 3 0x8000b49c (0xb63f2423) mem 0x80010000 0x00000001
core   0: 0x8000b4a0 (0x0000bfe5) c.j     pc - 8
core   0: 3 0x8000b4a0 (0xbfe5)
core   0: 0x8000b498 (0x00005f17) auipc   t5, 0x5
core   0: 3 0x8000b498 (0x00005f17) x30 0x80010498
core   0: 0x8000b49c (0xb63f2423) sw      gp, -1176(t5)
core   0: 3 0x8000b49c (0xb63f2423) mem 0x80010000 0x00000001
core   0: 0x8000b4a0 (0x0000bfe5) c.j     pc - 8
core   0: 3 0x8000b4a0 (0xbfe5)
core   0: 0x8000b498 (0x00005f17) auipc   t5, 0x5
core   0: 3 0x8000b498 (0x00005f17) x30 0x80010498
core   0: 0x8000b49c (0xb63f2423) sw      gp, -1176(t5)
core   0: 3 0x8000b49c (0xb63f2423) mem 0x80010000 0x00000001
core   0: 0x8000b4a0 (0x0000bfe5) c.j     pc - 8
core   0: 3 0x8000b4a0 (0xbfe5)
core   0: 0x8000b498 (0x00005f17) auipc   t5, 0x5
core   0: 3 0x8000b498 (0x00005f17) x30 0x80010498
core   0: 0x8000b49c (0xb63f2423) sw      gp, -1176(t5)
core   0: 3 0x8000b49c (0xb63f2423) mem 0x80010000 0x00000001
core   0: 0x8000b4a0 (0x0000bfe5) c.j     pc - 8
core   0: 3 0x8000b4a0 (0xbfe5)
core   0: 0x8000b498 (0x00005f17) auipc   t5, 0x5
core   0: 3 0x8000b498 (0x00005f17) x30 0x80010498
core   0: 0x8000b49c (0xb63f2423) sw      gp, -1176(t5)
core   0: 3 0x8000b49c (0xb63f2423) mem 0x80010000 0x00000001
core   0: 0x8000b4a0 (0x0000bfe5) c.j     pc - 8
core   0: 3 0x8000b4a0 (0xbfe5)
core   0: 0x8000b498 (0x00005f17) auipc   t5, 0x5
core   0: 3 0x8000b498 (0x00005f17) x30 0x80010498
core   0: 0x8000b49c (0xb63f2423) sw      gp, -1176(t5)
core   0: 3 0x8000b49c (0xb63f2423) mem 0x80010000 0x00000001
core   0: 0x8000b4a0 (0x0000bfe5) c.j     pc - 8
core   0: 3 0x8000b4a0 (0xbfe5)
core   0: 0x8000b498 (0x00005f17) auipc   t5, 0x5
core   0: 3 0x8000b498 (0x00005f17) x30 0x80010498
core   0: 0x8000b49c (0xb63f2423) sw      gp, -1176(t5)
core   0: 3 0x8000b49c (0xb63f2423) mem 0x80010000 0x00000001
core   0: 0x8000b4a0 (0x0000bfe5) c.j     pc - 8
core   0: 3 0x8000b4a0 (0xbfe5)
core   0: 0x8000b498 (0x00005f17) auipc   t5, 0x5
core   0: 3 0x8000b498 (0x00005f17) x30 0x80010498
core   0: 0x8000b49c (0xb63f2423) sw      gp, -1176(t5)
core   0: 3 0x8000b49c (0xb63f2423) mem 0x80010000 0x00000001
core   0: 0x8000b4a0 (0x0000bfe5) c.j     pc - 8
core   0: 3 0x8000b4a0 (0xbfe5)
core   0: 0x8000b498 (0x00005f17) auipc   t5, 0x5
core   0: 3 0x8000b498 (0x00005f17) x30 0x80010498
core   0: 0x8000b49c (0xb63f2423) sw      gp, -1176(t5)
core   0: 3 0x8000b49c (0xb63f2423) mem 0x80010000 0x00000001
core   0: 0x8000b4a0 (0x0000bfe5) c.j     pc - 8
core   0: 3 0x8000b4a0 (0xbfe5)
core   0: 0x8000b498 (0x00005f17) auipc   t5, 0x5
core   0: 3 0x8000b498 (0x00005f17) x30 0x80010498
core   0: 0x8000b49c (0xb63f2423) sw      gp, -1176(t5)
core   0: 3 0x8000b49c (0xb63f2423) mem 0x80010000 0x00000001
core   0: 0x8000b4a0 (0x0000bfe5) c.j     pc - 8
core   0: 3 0x8000b4a0 (0xbfe5)
core   0: 0x8000b498 (0x00005f17) auipc   t5, 0x5
core   0: 3 0x8000b498 (0x00005f17) x30 0x80010498
core   0: 0x8000b49c (0xb63f2423) sw      gp, -1176(t5)
core   0: 3 0x8000b49c (0xb63f2423) mem 0x80010000 0x00000001
core   0: 0x8000b4a0 (0x0000bfe5) c.j     pc - 8
core   0: 3 0x8000b4a0 (0xbfe5)
core   0: 0x8000b498 (0x00005f17) auipc   t5, 0x5
core   0: 3 0x8000b498 (0x00005f17) x30 0x80010498
core   0: 0x8000b49c (0xb63f2423) sw      gp, -1176(t5)
core   0: 3 0x8000b49c (0xb63f2423) mem 0x80010000 0x00000001
core   0: 0x8000b4a0 (0x0000bfe5) c.j     pc - 8
core   0: 3 0x8000b4a0 (0xbfe5)
core   0: 0x8000b498 (0x00005f17) auipc   t5, 0x5
core   0: 3 0x8000b498 (0x00005f17) x30 0x80010498
core   0: 0x8000b49c (0xb63f2423) sw      gp, -1176(t5)
core   0: 3 0x8000b49c (0xb63f2423) mem 0x80010000 0x00000001
core   0: 0x8000b4a0 (0x0000bfe5) c.j     pc - 8
core   0: 3 0x8000b4a0 (0xbfe5)
core   0: 0x8000b498 (0x00005f17) auipc   t5, 0x5
core   0: 3 0x8000b498 (0x00005f17) x30 0x80010498
core   0: 0x8000b49c (0xb63f2423) sw      gp, -1176(t5)
core   0: 3 0x8000b49c (0xb63f2423) mem 0x80010000 0x00000001
core   0: 0x8000b4a0 (0x0000bfe5) c.j     pc - 8
core   0: 3 0x8000b4a0 (0xbfe5)
core   0: 0x8000b498 (0x00005f17) auipc   t5, 0x5
core   0: 3 0x8000b498 (0x00005f17) x30 0x80010498
core   0: 0x8000b49c (0xb63f2423) sw      gp, -1176(t5)
core   0: 3 0x8000b49c (0xb63f2423) mem 0x80010000 0x00000001
core   0: 0x8000b4a0 (0x0000bfe5) c.j     pc - 8
core   0: 3 0x8000b4a0 (0xbfe5)
core   0: 0x8000b498 (0x00005f17) auipc   t5, 0x5
core   0: 3 0x8000b498 (0x00005f17) x30 0x80010498
core   0: 0x8000b49c (0xb63f2423) sw      gp, -1176(t5)
core   0: 3 0x8000b49c (0xb63f2423) mem 0x80010000 0x00000001
core   0: 0x8000b4a0 (0x0000bfe5) c.j     pc - 8
core   0: 3 0x8000b4a0 (0xbfe5)
core   0: 0x8000b498 (0x00005f17) auipc   t5, 0x5
core   0: 3 0x8000b498 (0x00005f17) x30 0x80010498
core   0: 0x8000b49c (0xb63f2423) sw      gp, -1176(t5)
core   0: 3 0x8000b49c (0xb63f2423) mem 0x80010000 0x00000001
core   0: 0x8000b4a0 (0x0000bfe5) c.j     pc - 8
core   0: 3 0x8000b4a0 (0xbfe5)
core   0: 0x8000b498 (0x00005f17) auipc   t5, 0x5
core   0: 3 0x8000b498 (0x00005f17) x30 0x80010498
core   0: 0x8000b49c (0xb63f2423) sw      gp, -1176(t5)
core   0: 3 0x8000b49c (0xb63f2423) mem 0x80010000 0x00000001
core   0: 0x8000b4a0 (0x0000bfe5) c.j     pc - 8
core   0: 3 0x8000b4a0 (0xbfe5)
core   0: 0x8000b498 (0x00005f17) auipc   t5, 0x5
core   0: 3 0x8000b498 (0x00005f17) x30 0x80010498
core   0: 0x8000b49c (0xb63f2423) sw      gp, -1176(t5)
core   0: 3 0x8000b49c (0xb63f2423) mem 0x80010000 0x00000001
core   0: 0x8000b4a0 (0x0000bfe5) c.j     pc - 8
core   0: 3 0x8000b4a0 (0xbfe5)
core   0: 0x8000b498 (0x00005f17) auipc   t5, 0x5
core   0: 3 0x8000b498 (0x00005f17) x30 0x80010498
core   0: 0x8000b49c (0xb63f2423) sw      gp, -1176(t5)
core   0: 3 0x8000b49c (0xb63f2423) mem 0x80010000 0x00000001
core   0: 0x8000b4a0 (0x0000bfe5) c.j     pc - 8
core   0: 3 0x8000b4a0 (0xbfe5)
core   0: 0x8000b498 (0x00005f17) auipc   t5, 0x5
core   0: 3 0x8000b498 (0x00005f17) x30 0x80010498
core   0: 0x8000b49c (0xb63f2423) sw      gp, -1176(t5)
core   0: 3 0x8000b49c (0xb63f2423) mem 0x80010000 0x00000001
core   0: 0x8000b4a0 (0x0000bfe5) c.j     pc - 8
core   0: 3 0x8000b4a0 (0xbfe5)
core   0: 0x8000b498 (0x00005f17) auipc   t5, 0x5
core   0: 3 0x8000b498 (0x00005f17) x30 0x80010498
core   0: 0x8000b49c (0xb63f2423) sw      gp, -1176(t5)
core   0: 3 0x8000b49c (0xb63f2423) mem 0x80010000 0x00000001
core   0: 0x8000b4a0 (0x0000bfe5) c.j     pc - 8
core   0: 3 0x8000b4a0 (0xbfe5)
core   0: 0x8000b498 (0x00005f17) auipc   t5, 0x5
core   0: 3 0x8000b498 (0x00005f17) x30 0x80010498
core   0: 0x8000b49c (0xb63f2423) sw      gp, -1176(t5)
core   0: 3 0x8000b49c (0xb63f2423) mem 0x80010000 0x00000001
core   0: 0x8000b4a0 (0x0000bfe5) c.j     pc - 8
core   0: 3 0x8000b4a0 (0xbfe5)
core   0: 0x8000b498 (0x00005f17) auipc   t5, 0x5
core   0: 3 0x8000b498 (0x00005f17) x30 0x80010498
core   0: 0x8000b49c (0xb63f2423) sw      gp, -1176(t5)
core   0: 3 0x8000b49c (0xb63f2423) mem 0x80010000 0x00000001
core   0: 0x8000b4a0 (0x0000bfe5) c.j     pc - 8
core   0: 3 0x8000b4a0 (0xbfe5)
core   0: 0x8000b498 (0x00005f17) auipc   t5, 0x5
core   0: 3 0x8000b498 (0x00005f17) x30 0x80010498
core   0: 0x8000b49c (0xb63f2423) sw      gp, -1176(t5)
core   0: 3 0x8000b49c (0xb63f2423) mem 0x80010000 0x00000001
core   0: 0x8000b4a0 (0x0000bfe5) c.j     pc - 8
core   0: 3 0x8000b4a0 (0xbfe5)
core   0: 0x8000b498 (0x00005f17) auipc   t5, 0x5
core   0: 3 0x8000b498 (0x00005f17) x30 0x80010498
core   0: 0x8000b49c (0xb63f2423) sw      gp, -1176(t5)
core   0: 3 0x8000b49c (0xb63f2423) mem 0x80010000 0x00000001
core   0: 0x8000b4a0 (0x0000bfe5) c.j     pc - 8
core   0: 3 0x8000b4a0 (0xbfe5)
core   0: 0x8000b498 (0x00005f17) auipc   t5, 0x5
core   0: 3 0x8000b498 (0x00005f17) x30 0x80010498
core   0: 0x8000b49c (0xb63f2423) sw      gp, -1176(t5)
core   0: 3 0x8000b49c (0xb63f2423) mem 0x80010000 0x00000001
core   0: 0x8000b4a0 (0x0000bfe5) c.j     pc - 8
core   0: 3 0x8000b4a0 (0xbfe5)
core   0: 0x8000b498 (0x00005f17) auipc   t5, 0x5
core   0: 3 0x8000b498 (0x00005f17) x30 0x80010498
core   0: 0x8000b49c (0xb63f2423) sw      gp, -1176(t5)
core   0: 3 0x8000b49c (0xb63f2423) mem 0x80010000 0x00000001
core   0: 0x8000b4a0 (0x0000bfe5) c.j     pc - 8
core   0: 3 0x8000b4a0 (0xbfe5)
core   0: 0x8000b498 (0x00005f17) auipc   t5, 0x5
core   0: 3 0x8000b498 (0x00005f17) x30 0x80010498
core   0: 0x8000b49c (0xb63f2423) sw      gp, -1176(t5)
core   0: 3 0x8000b49c (0xb63f2423) mem 0x80010000 0x00000001
core   0: 0x8000b4a0 (0x0000bfe5) c.j     pc - 8
core   0: 3 0x8000b4a0 (0xbfe5)
core   0: 0x8000b498 (0x00005f17) auipc   t5, 0x5
core   0: 3 0x8000b498 (0x00005f17) x30 0x80010498
core   0: 0x8000b49c (0xb63f2423) sw      gp, -1176(t5)
core   0: 3 0x8000b49c (0xb63f2423) mem 0x80010000 0x00000001
core   0: 0x8000b4a0 (0x0000bfe5) c.j     pc - 8
core   0: 3 0x8000b4a0 (0xbfe5)
core   0: 0x8000b498 (0x00005f17) auipc   t5, 0x5
core   0: 3 0x8000b498 (0x00005f17) x30 0x80010498
core   0: 0x8000b49c (0xb63f2423) sw      gp, -1176(t5)
core   0: 3 0x8000b49c (0xb63f2423) mem 0x80010000 0x00000001
core   0: 0x8000b4a0 (0x0000bfe5) c.j     pc - 8
core   0: 3 0x8000b4a0 (0xbfe5)
core   0: 0x8000b498 (0x00005f17) auipc   t5, 0x5
core   0: 3 0x8000b498 (0x00005f17) x30 0x80010498
core   0: 0x8000b49c (0xb63f2423) sw      gp, -1176(t5)
core   0: 3 0x8000b49c (0xb63f2423) mem 0x80010000 0x00000001
core   0: 0x8000b4a0 (0x0000bfe5) c.j     pc - 8
core   0: 3 0x8000b4a0 (0xbfe5)
core   0: 0x8000b498 (0x00005f17) auipc   t5, 0x5
core   0: 3 0x8000b498 (0x00005f17) x30 0x80010498
core   0: 0x8000b49c (0xb63f2423) sw      gp, -1176(t5)
core   0: 3 0x8000b49c (0xb63f2423) mem 0x80010000 0x00000001
core   0: 0x8000b4a0 (0x0000bfe5) c.j     pc - 8
core   0: 3 0x8000b4a0 (0xbfe5)
core   0: 0x8000b498 (0x00005f17) auipc   t5, 0x5
core   0: 3 0x8000b498 (0x00005f17) x30 0x80010498
core   0: 0x8000b49c (0xb63f2423) sw      gp, -1176(t5)
core   0: 3 0x8000b49c (0xb63f2423) mem 0x80010000 0x00000001
core   0: 0x8000b4a0 (0x0000bfe5) c.j     pc - 8
core   0: 3 0x8000b4a0 (0xbfe5)
core   0: 0x8000b498 (0x00005f17) auipc   t5, 0x5
core   0: 3 0x8000b498 (0x00005f17) x30 0x80010498
core   0: 0x8000b49c (0xb63f2423) sw      gp, -1176(t5)
core   0: 3 0x8000b49c (0xb63f2423) mem 0x80010000 0x00000001
core   0: 0x8000b4a0 (0x0000bfe5) c.j     pc - 8
core   0: 3 0x8000b4a0 (0xbfe5)
core   0: 0x8000b498 (0x00005f17) auipc   t5, 0x5
core   0: 3 0x8000b498 (0x00005f17) x30 0x80010498
core   0: 0x8000b49c (0xb63f2423) sw      gp, -1176(t5)
core   0: 3 0x8000b49c (0xb63f2423) mem 0x80010000 0x00000001
core   0: 0x8000b4a0 (0x0000bfe5) c.j     pc - 8
core   0: 3 0x8000b4a0 (0xbfe5)
core   0: 0x8000b498 (0x00005f17) auipc   t5, 0x5
core   0: 3 0x8000b498 (0x00005f17) x30 0x80010498
core   0: 0x8000b49c (0xb63f2423) sw      gp, -1176(t5)
core   0: 3 0x8000b49c (0xb63f2423) mem 0x80010000 0x00000001
core   0: 0x8000b4a0 (0x0000bfe5) c.j     pc - 8
core   0: 3 0x8000b4a0 (0xbfe5)
core   0: 0x8000b498 (0x00005f17) auipc   t5, 0x5
core   0: 3 0x8000b498 (0x00005f17) x30 0x80010498
core   0: 0x8000b49c (0xb63f2423) sw      gp, -1176(t5)
core   0: 3 0x8000b49c (0xb63f2423) mem 0x80010000 0x00000001
core   0: 0x8000b4a0 (0x0000bfe5) c.j     pc - 8
core   0: 3 0x8000b4a0 (0xbfe5)
core   0: 0x8000b498 (0x00005f17) auipc   t5, 0x5
core   0: 3 0x8000b498 (0x00005f17) x30 0x80010498
core   0: 0x8000b49c (0xb63f2423) sw      gp, -1176(t5)
core   0: 3 0x8000b49c (0xb63f2423) mem 0x80010000 0x00000001
core   0: 0x8000b4a0 (0x0000bfe5) c.j     pc - 8
core   0: 3 0x8000b4a0 (0xbfe5)
core   0: 0x8000b498 (0x00005f17) auipc   t5, 0x5
core   0: 3 0x8000b498 (0x00005f17) x30 0x80010498
core   0: 0x8000b49c (0xb63f2423) sw      gp, -1176(t5)
core   0: 3 0x8000b49c (0xb63f2423) mem 0x80010000 0x00000001
core   0: 0x8000b4a0 (0x0000bfe5) c.j     pc - 8
core   0: 3 0x8000b4a0 (0xbfe5)
core   0: 0x8000b498 (0x00005f17) auipc   t5, 0x5
core   0: 3 0x8000b498 (0x00005f17) x30 0x80010498
core   0: 0x8000b49c (0xb63f2423) sw      gp, -1176(t5)
core   0: 3 0x8000b49c (0xb63f2423) mem 0x80010000 0x00000001
core   0: 0x8000b4a0 (0x0000bfe5) c.j     pc - 8
core   0: 3 0x8000b4a0 (0xbfe5)
core   0: 0x8000b498 (0x00005f17) auipc   t5, 0x5
core   0: 3 0x8000b498 (0x00005f17) x30 0x80010498
core   0: 0x8000b49c (0xb63f2423) sw      gp, -1176(t5)
core   0: 3 0x8000b49c (0xb63f2423) mem 0x80010000 0x00000001
core   0: 0x8000b4a0 (0x0000bfe5) c.j     pc - 8
core   0: 3 0x8000b4a0 (0xbfe5)
core   0: 0x8000b498 (0x00005f17) auipc   t5, 0x5
core   0: 3 0x8000b498 (0x00005f17) x30 0x80010498
core   0: 0x8000b49c (0xb63f2423) sw      gp, -1176(t5)
core   0: 3 0x8000b49c (0xb63f2423) mem 0x80010000 0x00000001
core   0: 0x8000b4a0 (0x0000bfe5) c.j     pc - 8
core   0: 3 0x8000b4a0 (0xbfe5)
core   0: 0x8000b498 (0x00005f17) auipc   t5, 0x5
core   0: 3 0x8000b498 (0x00005f17) x30 0x80010498
core   0: 0x8000b49c (0xb63f2423) sw      gp, -1176(t5)
core   0: 3 0x8000b49c (0xb63f2423) mem 0x80010000 0x00000001
core   0: 0x8000b4a0 (0x0000bfe5) c.j     pc - 8
core   0: 3 0x8000b4a0 (0xbfe5)
core   0: 0x8000b498 (0x00005f17) auipc   t5, 0x5
core   0: 3 0x8000b498 (0x00005f17) x30 0x80010498
core   0: 0x8000b49c (0xb63f2423) sw      gp, -1176(t5)
core   0: 3 0x8000b49c (0xb63f2423) mem 0x80010000 0x00000001
core   0: 0x8000b4a0 (0x0000bfe5) c.j     pc - 8
core   0: 3 0x8000b4a0 (0xbfe5)
core   0: 0x8000b498 (0x00005f17) auipc   t5, 0x5
core   0: 3 0x8000b498 (0x00005f17) x30 0x80010498
core   0: 0x8000b49c (0xb63f2423) sw      gp, -1176(t5)
core   0: 3 0x8000b49c (0xb63f2423) mem 0x80010000 0x00000001
core   0: 0x8000b4a0 (0x0000bfe5) c.j     pc - 8
core   0: 3 0x8000b4a0 (0xbfe5)
core   0: 0x8000b498 (0x00005f17) auipc   t5, 0x5
core   0: 3 0x8000b498 (0x00005f17) x30 0x80010498
core   0: 0x8000b49c (0xb63f2423) sw      gp, -1176(t5)
core   0: 3 0x8000b49c (0xb63f2423) mem 0x80010000 0x00000001
core   0: 0x8000b4a0 (0x0000bfe5) c.j     pc - 8
core   0: 3 0x8000b4a0 (0xbfe5)
core   0: 0x8000b498 (0x00005f17) auipc   t5, 0x5
core   0: 3 0x8000b498 (0x00005f17) x30 0x80010498
core   0: 0x8000b49c (0xb63f2423) sw      gp, -1176(t5)
core   0: 3 0x8000b49c (0xb63f2423) mem 0x80010000 0x00000001
core   0: 0x8000b4a0 (0x0000bfe5) c.j     pc - 8
core   0: 3 0x8000b4a0 (0xbfe5)
core   0: 0x8000b498 (0x00005f17) auipc   t5, 0x5
core   0: 3 0x8000b498 (0x00005f17) x30 0x80010498
core   0: 0x8000b49c (0xb63f2423) sw      gp, -1176(t5)
core   0: 3 0x8000b49c (0xb63f2423) mem 0x80010000 0x00000001
core   0: 0x8000b4a0 (0x0000bfe5) c.j     pc - 8
core   0: 3 0x8000b4a0 (0xbfe5)
core   0: 0x8000b498 (0x00005f17) auipc   t5, 0x5
core   0: 3 0x8000b498 (0x00005f17) x30 0x80010498
core   0: 0x8000b49c (0xb63f2423) sw      gp, -1176(t5)
core   0: 3 0x8000b49c (0xb63f2423) mem 0x80010000 0x00000001
core   0: 0x8000b4a0 (0x0000bfe5) c.j     pc - 8
core   0: 3 0x8000b4a0 (0xbfe5)
core   0: 0x8000b498 (0x00005f17) auipc   t5, 0x5
core   0: 3 0x8000b498 (0x00005f17) x30 0x80010498
core   0: 0x8000b49c (0xb63f2423) sw      gp, -1176(t5)
core   0: 3 0x8000b49c (0xb63f2423) mem 0x80010000 0x00000001
core   0: 0x8000b4a0 (0x0000bfe5) c.j     pc - 8
core   0: 3 0x8000b4a0 (0xbfe5)
core   0: 0x8000b498 (0x00005f17) auipc   t5, 0x5
core   0: 3 0x8000b498 (0x00005f17) x30 0x80010498
core   0: 0x8000b49c (0xb63f2423) sw      gp, -1176(t5)
core   0: 3 0x8000b49c (0xb63f2423) mem 0x80010000 0x00000001
core   0: 0x8000b4a0 (0x0000bfe5) c.j     pc - 8
core   0: 3 0x8000b4a0 (0xbfe5)
core   0: 0x8000b498 (0x00005f17) auipc   t5, 0x5
core   0: 3 0x8000b498 (0x00005f17) x30 0x80010498
core   0: 0x8000b49c (0xb63f2423) sw      gp, -1176(t5)
core   0: 3 0x8000b49c (0xb63f2423) mem 0x80010000 0x00000001
core   0: 0x8000b4a0 (0x0000bfe5) c.j     pc - 8
core   0: 3 0x8000b4a0 (0xbfe5)
core   0: 0x8000b498 (0x00005f17) auipc   t5, 0x5
core   0: 3 0x8000b498 (0x00005f17) x30 0x80010498
core   0: 0x8000b49c (0xb63f2423) sw      gp, -1176(t5)
core   0: 3 0x8000b49c (0xb63f2423) mem 0x80010000 0x00000001
core   0: 0x8000b4a0 (0x0000bfe5) c.j     pc - 8
core   0: 3 0x8000b4a0 (0xbfe5)
core   0: 0x8000b498 (0x00005f17) auipc   t5, 0x5
core   0: 3 0x8000b498 (0x00005f17) x30 0x80010498
core   0: 0x8000b49c (0xb63f2423) sw      gp, -1176(t5)
core   0: 3 0x8000b49c (0xb63f2423) mem 0x80010000 0x00000001
core   0: 0x8000b4a0 (0x0000bfe5) c.j     pc - 8
core   0: 3 0x8000b4a0 (0xbfe5)
core   0: 0x8000b498 (0x00005f17) auipc   t5, 0x5
core   0: 3 0x8000b498 (0x00005f17) x30 0x80010498
core   0: 0x8000b49c (0xb63f2423) sw      gp, -1176(t5)
core   0: 3 0x8000b49c (0xb63f2423) mem 0x80010000 0x00000001
core   0: 0x8000b4a0 (0x0000bfe5) c.j     pc - 8
core   0: 3 0x8000b4a0 (0xbfe5)
core   0: 0x8000b498 (0x00005f17) auipc   t5, 0x5
core   0: 3 0x8000b498 (0x00005f17) x30 0x80010498
core   0: 0x8000b49c (0xb63f2423) sw      gp, -1176(t5)
core   0: 3 0x8000b49c (0xb63f2423) mem 0x80010000 0x00000001
core   0: 0x8000b4a0 (0x0000bfe5) c.j     pc - 8
core   0: 3 0x8000b4a0 (0xbfe5)
core   0: 0x8000b498 (0x00005f17) auipc   t5, 0x5
core   0: 3 0x8000b498 (0x00005f17) x30 0x80010498
core   0: 0x8000b49c (0xb63f2423) sw      gp, -1176(t5)
core   0: 3 0x8000b49c (0xb63f2423) mem 0x80010000 0x00000001
core   0: 0x8000b4a0 (0x0000bfe5) c.j     pc - 8
core   0: 3 0x8000b4a0 (0xbfe5)
core   0: 0x8000b498 (0x00005f17) auipc   t5, 0x5
core   0: 3 0x8000b498 (0x00005f17) x30 0x80010498
core   0: 0x8000b49c (0xb63f2423) sw      gp, -1176(t5)
core   0: 3 0x8000b49c (0xb63f2423) mem 0x80010000 0x00000001
core   0: 0x8000b4a0 (0x0000bfe5) c.j     pc - 8
core   0: 3 0x8000b4a0 (0xbfe5)
core   0: 0x8000b498 (0x00005f17) auipc   t5, 0x5
core   0: 3 0x8000b498 (0x00005f17) x30 0x80010498
core   0: 0x8000b49c (0xb63f2423) sw      gp, -1176(t5)
core   0: 3 0x8000b49c (0xb63f2423) mem 0x80010000 0x00000001
core   0: 0x8000b4a0 (0x0000bfe5) c.j     pc - 8
core   0: 3 0x8000b4a0 (0xbfe5)
core   0: 0x8000b498 (0x00005f17) auipc   t5, 0x5
core   0: 3 0x8000b498 (0x00005f17) x30 0x80010498
core   0: 0x8000b49c (0xb63f2423) sw      gp, -1176(t5)
core   0: 3 0x8000b49c (0xb63f2423) mem 0x80010000 0x00000001
core   0: 0x8000b4a0 (0x0000bfe5) c.j     pc - 8
core   0: 3 0x8000b4a0 (0xbfe5)
core   0: 0x8000b498 (0x00005f17) auipc   t5, 0x5
core   0: 3 0x8000b498 (0x00005f17) x30 0x80010498
core   0: 0x8000b49c (0xb63f2423) sw      gp, -1176(t5)
core   0: 3 0x8000b49c (0xb63f2423) mem 0x80010000 0x00000001
core   0: 0x8000b4a0 (0x0000bfe5) c.j     pc - 8
core   0: 3 0x8000b4a0 (0xbfe5)
core   0: 0x8000b498 (0x00005f17) auipc   t5, 0x5
core   0: 3 0x8000b498 (0x00005f17) x30 0x80010498
core   0: 0x8000b49c (0xb63f2423) sw      gp, -1176(t5)
core   0: 3 0x8000b49c (0xb63f2423) mem 0x80010000 0x00000001
core   0: 0x8000b4a0 (0x0000bfe5) c.j     pc - 8
core   0: 3 0x8000b4a0 (0xbfe5)
core   0: 0x8000b498 (0x00005f17) auipc   t5, 0x5
core   0: 3 0x8000b498 (0x00005f17) x30 0x80010498
core   0: 0x8000b49c (0xb63f2423) sw      gp, -1176(t5)
core   0: 3 0x8000b49c (0xb63f2423) mem 0x80010000 0x00000001
core   0: 0x8000b4a0 (0x0000bfe5) c.j     pc - 8
core   0: 3 0x8000b4a0 (0xbfe5)
core   0: 0x8000b498 (0x00005f17) auipc   t5, 0x5
core   0: 3 0x8000b498 (0x00005f17) x30 0x80010498
core   0: 0x8000b49c (0xb63f2423) sw      gp, -1176(t5)
core   0: 3 0x8000b49c (0xb63f2423) mem 0x80010000 0x00000001
core   0: 0x8000b4a0 (0x0000bfe5) c.j     pc - 8
core   0: 3 0x8000b4a0 (0xbfe5)
core   0: 0x8000b498 (0x00005f17) auipc   t5, 0x5
core   0: 3 0x8000b498 (0x00005f17) x30 0x80010498
core   0: 0x8000b49c (0xb63f2423) sw      gp, -1176(t5)
core   0: 3 0x8000b49c (0xb63f2423) mem 0x80010000 0x00000001
core   0: 0x8000b4a0 (0x0000bfe5) c.j     pc - 8
core   0: 3 0x8000b4a0 (0xbfe5)
core   0: 0x8000b498 (0x00005f17) auipc   t5, 0x5
core   0: 3 0x8000b498 (0x00005f17) x30 0x80010498
core   0: 0x8000b49c (0xb63f2423) sw      gp, -1176(t5)
core   0: 3 0x8000b49c (0xb63f2423) mem 0x80010000 0x00000001
core   0: 0x8000b4a0 (0x0000bfe5) c.j     pc - 8
core   0: 3 0x8000b4a0 (0xbfe5)
core   0: 0x8000b498 (0x00005f17) auipc   t5, 0x5
core   0: 3 0x8000b498 (0x00005f17) x30 0x80010498
core   0: 0x8000b49c (0xb63f2423) sw      gp, -1176(t5)
core   0: 3 0x8000b49c (0xb63f2423) mem 0x80010000 0x00000001
core   0: 0x8000b4a0 (0x0000bfe5) c.j     pc - 8
core   0: 3 0x8000b4a0 (0xbfe5)
core   0: 0x8000b498 (0x00005f17) auipc   t5, 0x5
core   0: 3 0x8000b498 (0x00005f17) x30 0x80010498
core   0: 0x8000b49c (0xb63f2423) sw      gp, -1176(t5)
core   0: 3 0x8000b49c (0xb63f2423) mem 0x80010000 0x00000001
core   0: 0x8000b4a0 (0x0000bfe5) c.j     pc - 8
core   0: 3 0x8000b4a0 (0xbfe5)
core   0: 0x8000b498 (0x00005f17) auipc   t5, 0x5
core   0: 3 0x8000b498 (0x00005f17) x30 0x80010498
core   0: 0x8000b49c (0xb63f2423) sw      gp, -1176(t5)
core   0: 3 0x8000b49c (0xb63f2423) mem 0x80010000 0x00000001
core   0: 0x8000b4a0 (0x0000bfe5) c.j     pc - 8
core   0: 3 0x8000b4a0 (0xbfe5)
core   0: 0x8000b498 (0x00005f17) auipc   t5, 0x5
core   0: 3 0x8000b498 (0x00005f17) x30 0x80010498
core   0: 0x8000b49c (0xb63f2423) sw      gp, -1176(t5)
core   0: 3 0x8000b49c (0xb63f2423) mem 0x80010000 0x00000001
core   0: 0x8000b4a0 (0x0000bfe5) c.j     pc - 8
core   0: 3 0x8000b4a0 (0xbfe5)
core   0: 0x8000b498 (0x00005f17) auipc   t5, 0x5
core   0: 3 0x8000b498 (0x00005f17) x30 0x80010498
core   0: 0x8000b49c (0xb63f2423) sw      gp, -1176(t5)
core   0: 3 0x8000b49c (0xb63f2423) mem 0x80010000 0x00000001
core   0: 0x8000b4a0 (0x0000bfe5) c.j     pc - 8
core   0: 3 0x8000b4a0 (0xbfe5)
core   0: 0x8000b498 (0x00005f17) auipc   t5, 0x5
core   0: 3 0x8000b498 (0x00005f17) x30 0x80010498
core   0: 0x8000b49c (0xb63f2423) sw      gp, -1176(t5)
core   0: 3 0x8000b49c (0xb63f2423) mem 0x80010000 0x00000001
core   0: 0x8000b4a0 (0x0000bfe5) c.j     pc - 8
core   0: 3 0x8000b4a0 (0xbfe5)
core   0: 0x8000b498 (0x00005f17) auipc   t5, 0x5
core   0: 3 0x8000b498 (0x00005f17) x30 0x80010498
core   0: 0x8000b49c (0xb63f2423) sw      gp, -1176(t5)
core   0: 3 0x8000b49c (0xb63f2423) mem 0x80010000 0x00000001
core   0: 0x8000b4a0 (0x0000bfe5) c.j     pc - 8
core   0: 3 0x8000b4a0 (0xbfe5)
core   0: 0x8000b498 (0x00005f17) auipc   t5, 0x5
core   0: 3 0x8000b498 (0x00005f17) x30 0x80010498
core   0: 0x8000b49c (0xb63f2423) sw      gp, -1176(t5)
core   0: 3 0x8000b49c (0xb63f2423) mem 0x80010000 0x00000001
core   0: 0x8000b4a0 (0x0000bfe5) c.j     pc - 8
core   0: 3 0x8000b4a0 (0xbfe5)
core   0: 0x8000b498 (0x00005f17) auipc   t5, 0x5
core   0: 3 0x8000b498 (0x00005f17) x30 0x80010498
core   0: 0x8000b49c (0xb63f2423) sw      gp, -1176(t5)
core   0: 3 0x8000b49c (0xb63f2423) mem 0x80010000 0x00000001
core   0: 0x8000b4a0 (0x0000bfe5) c.j     pc - 8
core   0: 3 0x8000b4a0 (0xbfe5)
core   0: 0x8000b498 (0x00005f17) auipc   t5, 0x5
core   0: 3 0x8000b498 (0x00005f17) x30 0x80010498
core   0: 0x8000b49c (0xb63f2423) sw      gp, -1176(t5)
core   0: 3 0x8000b49c (0xb63f2423) mem 0x80010000 0x00000001
core   0: 0x8000b4a0 (0x0000bfe5) c.j     pc - 8
core   0: 3 0x8000b4a0 (0xbfe5)
core   0: 0x8000b498 (0x00005f17) auipc   t5, 0x5
core   0: 3 0x8000b498 (0x00005f17) x30 0x80010498
core   0: 0x8000b49c (0xb63f2423) sw      gp, -1176(t5)
core   0: 3 0x8000b49c (0xb63f2423) mem 0x80010000 0x00000001
core   0: 0x8000b4a0 (0x0000bfe5) c.j     pc - 8
core   0: 3 0x8000b4a0 (0xbfe5)
core   0: 0x8000b498 (0x00005f17) auipc   t5, 0x5
core   0: 3 0x8000b498 (0x00005f17) x30 0x80010498
core   0: 0x8000b49c (0xb63f2423) sw      gp, -1176(t5)
core   0: 3 0x8000b49c (0xb63f2423) mem 0x80010000 0x00000001
core   0: 0x8000b4a0 (0x0000bfe5) c.j     pc - 8
core   0: 3 0x8000b4a0 (0xbfe5)
core   0: 0x8000b498 (0x00005f17) auipc   t5, 0x5
core   0: 3 0x8000b498 (0x00005f17) x30 0x80010498
core   0: 0x8000b49c (0xb63f2423) sw      gp, -1176(t5)
core   0: 3 0x8000b49c (0xb63f2423) mem 0x80010000 0x00000001
core   0: 0x8000b4a0 (0x0000bfe5) c.j     pc - 8
core   0: 3 0x8000b4a0 (0xbfe5)
core   0: 0x8000b498 (0x00005f17) auipc   t5, 0x5
core   0: 3 0x8000b498 (0x00005f17) x30 0x80010498
core   0: 0x8000b49c (0xb63f2423) sw      gp, -1176(t5)
core   0: 3 0x8000b49c (0xb63f2423) mem 0x80010000 0x00000001
core   0: 0x8000b4a0 (0x0000bfe5) c.j     pc - 8
core   0: 3 0x8000b4a0 (0xbfe5)
core   0: 0x8000b498 (0x00005f17) auipc   t5, 0x5
core   0: 3 0x8000b498 (0x00005f17) x30 0x80010498
core   0: 0x8000b49c (0xb63f2423) sw      gp, -1176(t5)
core   0: 3 0x8000b49c (0xb63f2423) mem 0x80010000 0x00000001
core   0: 0x8000b4a0 (0x0000bfe5) c.j     pc - 8
core   0: 3 0x8000b4a0 (0xbfe5)
core   0: 0x8000b498 (0x00005f17) auipc   t5, 0x5
core   0: 3 0x8000b498 (0x00005f17) x30 0x80010498
core   0: 0x8000b49c (0xb63f2423) sw      gp, -1176(t5)
core   0: 3 0x8000b49c (0xb63f2423) mem 0x80010000 0x00000001
core   0: 0x8000b4a0 (0x0000bfe5) c.j     pc - 8
core   0: 3 0x8000b4a0 (0xbfe5)
core   0: 0x8000b498 (0x00005f17) auipc   t5, 0x5
core   0: 3 0x8000b498 (0x00005f17) x30 0x80010498
core   0: 0x8000b49c (0xb63f2423) sw      gp, -1176(t5)
core   0: 3 0x8000b49c (0xb63f2423) mem 0x80010000 0x00000001
core   0: 0x8000b4a0 (0x0000bfe5) c.j     pc - 8
core   0: 3 0x8000b4a0 (0xbfe5)
core   0: 0x8000b498 (0x00005f17) auipc   t5, 0x5
core   0: 3 0x8000b498 (0x00005f17) x30 0x80010498
core   0: 0x8000b49c (0xb63f2423) sw      gp, -1176(t5)
core   0: 3 0x8000b49c (0xb63f2423) mem 0x80010000 0x00000001
core   0: 0x8000b4a0 (0x0000bfe5) c.j     pc - 8
core   0: 3 0x8000b4a0 (0xbfe5)
core   0: 0x8000b498 (0x00005f17) auipc   t5, 0x5
core   0: 3 0x8000b498 (0x00005f17) x30 0x80010498
core   0: 0x8000b49c (0xb63f2423) sw      gp, -1176(t5)
core   0: 3 0x8000b49c (0xb63f2423) mem 0x80010000 0x00000001
core   0: 0x8000b4a0 (0x0000bfe5) c.j     pc - 8
core   0: 3 0x8000b4a0 (0xbfe5)
core   0: 0x8000b498 (0x00005f17) auipc   t5, 0x5
core   0: 3 0x8000b498 (0x00005f17) x30 0x80010498
core   0: 0x8000b49c (0xb63f2423) sw      gp, -1176(t5)
core   0: 3 0x8000b49c (0xb63f2423) mem 0x80010000 0x00000001
core   0: 0x8000b4a0 (0x0000bfe5) c.j     pc - 8
core   0: 3 0x8000b4a0 (0xbfe5)
core   0: 0x8000b498 (0x00005f17) auipc   t5, 0x5
core   0: 3 0x8000b498 (0x00005f17) x30 0x80010498
core   0: 0x8000b49c (0xb63f2423) sw      gp, -1176(t5)
core   0: 3 0x8000b49c (0xb63f2423) mem 0x80010000 0x00000001
core   0: 0x8000b4a0 (0x0000bfe5) c.j     pc - 8
core   0: 3 0x8000b4a0 (0xbfe5)
core   0: 0x8000b498 (0x00005f17) auipc   t5, 0x5
core   0: 3 0x8000b498 (0x00005f17) x30 0x80010498
core   0: 0x8000b49c (0xb63f2423) sw      gp, -1176(t5)
core   0: 3 0x8000b49c (0xb63f2423) mem 0x80010000 0x00000001
core   0: 0x8000b4a0 (0x0000bfe5) c.j     pc - 8
core   0: 3 0x8000b4a0 (0xbfe5)
core   0: 0x8000b498 (0x00005f17) auipc   t5, 0x5
core   0: 3 0x8000b498 (0x00005f17) x30 0x80010498
core   0: 0x8000b49c (0xb63f2423) sw      gp, -1176(t5)
core   0: 3 0x8000b49c (0xb63f2423) mem 0x80010000 0x00000001
core   0: 0x8000b4a0 (0x0000bfe5) c.j     pc - 8
core   0: 3 0x8000b4a0 (0xbfe5)
core   0: 0x8000b498 (0x00005f17) auipc   t5, 0x5
core   0: 3 0x8000b498 (0x00005f17) x30 0x80010498
core   0: 0x8000b49c (0xb63f2423) sw      gp, -1176(t5)
core   0: 3 0x8000b49c (0xb63f2423) mem 0x80010000 0x00000001
core   0: 0x8000b4a0 (0x0000bfe5) c.j     pc - 8
core   0: 3 0x8000b4a0 (0xbfe5)
core   0: 0x8000b498 (0x00005f17) auipc   t5, 0x5
core   0: 3 0x8000b498 (0x00005f17) x30 0x80010498
core   0: 0x8000b49c (0xb63f2423) sw      gp, -1176(t5)
core   0: 3 0x8000b49c (0xb63f2423) mem 0x80010000 0x00000001
core   0: 0x8000b4a0 (0x0000bfe5) c.j     pc - 8
core   0: 3 0x8000b4a0 (0xbfe5)
core   0: 0x8000b498 (0x00005f17) auipc   t5, 0x5
core   0: 3 0x8000b498 (0x00005f17) x30 0x80010498
core   0: 0x8000b49c (0xb63f2423) sw      gp, -1176(t5)
core   0: 3 0x8000b49c (0xb63f2423) mem 0x80010000 0x00000001
core   0: 0x8000b4a0 (0x0000bfe5) c.j     pc - 8
core   0: 3 0x8000b4a0 (0xbfe5)
core   0: 0x8000b498 (0x00005f17) auipc   t5, 0x5
core   0: 3 0x8000b498 (0x00005f17) x30 0x80010498
core   0: 0x8000b49c (0xb63f2423) sw      gp, -1176(t5)
core   0: 3 0x8000b49c (0xb63f2423) mem 0x80010000 0x00000001
core   0: 0x8000b4a0 (0x0000bfe5) c.j     pc - 8
core   0: 3 0x8000b4a0 (0xbfe5)
core   0: 0x8000b498 (0x00005f17) auipc   t5, 0x5
core   0: 3 0x8000b498 (0x00005f17) x30 0x80010498
core   0: 0x8000b49c (0xb63f2423) sw      gp, -1176(t5)
core   0: 3 0x8000b49c (0xb63f2423) mem 0x80010000 0x00000001
core   0: 0x8000b4a0 (0x0000bfe5) c.j     pc - 8
core   0: 3 0x8000b4a0 (0xbfe5)
core   0: 0x8000b498 (0x00005f17) auipc   t5, 0x5
core   0: 3 0x8000b498 (0x00005f17) x30 0x80010498
core   0: 0x8000b49c (0xb63f2423) sw      gp, -1176(t5)
core   0: 3 0x8000b49c (0xb63f2423) mem 0x80010000 0x00000001
core   0: 0x8000b4a0 (0x0000bfe5) c.j     pc - 8
core   0: 3 0x8000b4a0 (0xbfe5)
core   0: 0x8000b498 (0x00005f17) auipc   t5, 0x5
core   0: 3 0x8000b498 (0x00005f17) x30 0x80010498
core   0: 0x8000b49c (0xb63f2423) sw      gp, -1176(t5)
core   0: 3 0x8000b49c (0xb63f2423) mem 0x80010000 0x00000001
core   0: 0x8000b4a0 (0x0000bfe5) c.j     pc - 8
core   0: 3 0x8000b4a0 (0xbfe5)
core   0: 0x8000b498 (0x00005f17) auipc   t5, 0x5
core   0: 3 0x8000b498 (0x00005f17) x30 0x80010498
core   0: 0x8000b49c (0xb63f2423) sw      gp, -1176(t5)
core   0: 3 0x8000b49c (0xb63f2423) mem 0x80010000 0x00000001
core   0: 0x8000b4a0 (0x0000bfe5) c.j     pc - 8
core   0: 3 0x8000b4a0 (0xbfe5)
core   0: 0x8000b498 (0x00005f17) auipc   t5, 0x5
core   0: 3 0x8000b498 (0x00005f17) x30 0x80010498
core   0: 0x8000b49c (0xb63f2423) sw      gp, -1176(t5)
core   0: 3 0x8000b49c (0xb63f2423) mem 0x80010000 0x00000001
core   0: 0x8000b4a0 (0x0000bfe5) c.j     pc - 8
core   0: 3 0x8000b4a0 (0xbfe5)
core   0: 0x8000b498 (0x00005f17) auipc   t5, 0x5
core   0: 3 0x8000b498 (0x00005f17) x30 0x80010498
core   0: 0x8000b49c (0xb63f2423) sw      gp, -1176(t5)
core   0: 3 0x8000b49c (0xb63f2423) mem 0x80010000 0x00000001
core   0: 0x8000b4a0 (0x0000bfe5) c.j     pc - 8
core   0: 3 0x8000b4a0 (0xbfe5)
core   0: 0x8000b498 (0x00005f17) auipc   t5, 0x5
core   0: 3 0x8000b498 (0x00005f17) x30 0x80010498
core   0: 0x8000b49c (0xb63f2423) sw      gp, -1176(t5)
core   0: 3 0x8000b49c (0xb63f2423) mem 0x80010000 0x00000001
core   0: 0x8000b4a0 (0x0000bfe5) c.j     pc - 8
core   0: 3 0x8000b4a0 (0xbfe5)
core   0: 0x8000b498 (0x00005f17) auipc   t5, 0x5
core   0: 3 0x8000b498 (0x00005f17) x30 0x80010498
core   0: 0x8000b49c (0xb63f2423) sw      gp, -1176(t5)
core   0: 3 0x8000b49c (0xb63f2423) mem 0x80010000 0x00000001
core   0: 0x8000b4a0 (0x0000bfe5) c.j     pc - 8
core   0: 3 0x8000b4a0 (0xbfe5)
core   0: 0x8000b498 (0x00005f17) auipc   t5, 0x5
core   0: 3 0x8000b498 (0x00005f17) x30 0x80010498
core   0: 0x8000b49c (0xb63f2423) sw      gp, -1176(t5)
core   0: 3 0x8000b49c (0xb63f2423) mem 0x80010000 0x00000001
core   0: 0x8000b4a0 (0x0000bfe5) c.j     pc - 8
core   0: 3 0x8000b4a0 (0xbfe5)
core   0: 0x8000b498 (0x00005f17) auipc   t5, 0x5
core   0: 3 0x8000b498 (0x00005f17) x30 0x80010498
core   0: 0x8000b49c (0xb63f2423) sw      gp, -1176(t5)
core   0: 3 0x8000b49c (0xb63f2423) mem 0x80010000 0x00000001
core   0: 0x8000b4a0 (0x0000bfe5) c.j     pc - 8
core   0: 3 0x8000b4a0 (0xbfe5)
core   0: 0x8000b498 (0x00005f17) auipc   t5, 0x5
core   0: 3 0x8000b498 (0x00005f17) x30 0x80010498
core   0: 0x8000b49c (0xb63f2423) sw      gp, -1176(t5)
core   0: 3 0x8000b49c (0xb63f2423) mem 0x80010000 0x00000001
core   0: 0x8000b4a0 (0x0000bfe5) c.j     pc - 8
core   0: 3 0x8000b4a0 (0xbfe5)
core   0: 0x8000b498 (0x00005f17) auipc   t5, 0x5
core   0: 3 0x8000b498 (0x00005f17) x30 0x80010498
core   0: 0x8000b49c (0xb63f2423) sw      gp, -1176(t5)
core   0: 3 0x8000b49c (0xb63f2423) mem 0x80010000 0x00000001
core   0: 0x8000b4a0 (0x0000bfe5) c.j     pc - 8
core   0: 3 0x8000b4a0 (0xbfe5)
core   0: 0x8000b498 (0x00005f17) auipc   t5, 0x5
core   0: 3 0x8000b498 (0x00005f17) x30 0x80010498
core   0: 0x8000b49c (0xb63f2423) sw      gp, -1176(t5)
core   0: 3 0x8000b49c (0xb63f2423) mem 0x80010000 0x00000001
core   0: 0x8000b4a0 (0x0000bfe5) c.j     pc - 8
core   0: 3 0x8000b4a0 (0xbfe5)
core   0: 0x8000b498 (0x00005f17) auipc   t5, 0x5
core   0: 3 0x8000b498 (0x00005f17) x30 0x80010498
core   0: 0x8000b49c (0xb63f2423) sw      gp, -1176(t5)
core   0: 3 0x8000b49c (0xb63f2423) mem 0x80010000 0x00000001
core   0: 0x8000b4a0 (0x0000bfe5) c.j     pc - 8
core   0: 3 0x8000b4a0 (0xbfe5)
core   0: 0x8000b498 (0x00005f17) auipc   t5, 0x5
core   0: 3 0x8000b498 (0x00005f17) x30 0x80010498
core   0: 0x8000b49c (0xb63f2423) sw      gp, -1176(t5)
core   0: 3 0x8000b49c (0xb63f2423) mem 0x80010000 0x00000001
core   0: 0x8000b4a0 (0x0000bfe5) c.j     pc - 8
core   0: 3 0x8000b4a0 (0xbfe5)
core   0: 0x8000b498 (0x00005f17) auipc   t5, 0x5
core   0: 3 0x8000b498 (0x00005f17) x30 0x80010498
core   0: 0x8000b49c (0xb63f2423) sw      gp, -1176(t5)
core   0: 3 0x8000b49c (0xb63f2423) mem 0x80010000 0x00000001
core   0: 0x8000b4a0 (0x0000bfe5) c.j     pc - 8
core   0: 3 0x8000b4a0 (0xbfe5)
core   0: 0x8000b498 (0x00005f17) auipc   t5, 0x5
core   0: 3 0x8000b498 (0x00005f17) x30 0x80010498
core   0: 0x8000b49c (0xb63f2423) sw      gp, -1176(t5)
core   0: 3 0x8000b49c (0xb63f2423) mem 0x80010000 0x00000001
core   0: 0x8000b4a0 (0x0000bfe5) c.j     pc - 8
core   0: 3 0x8000b4a0 (0xbfe5)
core   0: 0x8000b498 (0x00005f17) auipc   t5, 0x5
core   0: 3 0x8000b498 (0x00005f17) x30 0x80010498
core   0: 0x8000b49c (0xb63f2423) sw      gp, -1176(t5)
core   0: 3 0x8000b49c (0xb63f2423) mem 0x80010000 0x00000001
core   0: 0x8000b4a0 (0x0000bfe5) c.j     pc - 8
core   0: 3 0x8000b4a0 (0xbfe5)
core   0: 0x8000b498 (0x00005f17) auipc   t5, 0x5
core   0: 3 0x8000b498 (0x00005f17) x30 0x80010498
core   0: 0x8000b49c (0xb63f2423) sw      gp, -1176(t5)
core   0: 3 0x8000b49c (0xb63f2423) mem 0x80010000 0x00000001
core   0: 0x8000b4a0 (0x0000bfe5) c.j     pc - 8
core   0: 3 0x8000b4a0 (0xbfe5)
core   0: 0x8000b498 (0x00005f17) auipc   t5, 0x5
core   0: 3 0x8000b498 (0x00005f17) x30 0x80010498
core   0: 0x8000b49c (0xb63f2423) sw      gp, -1176(t5)
core   0: 3 0x8000b49c (0xb63f2423) mem 0x80010000 0x00000001
core   0: 0x8000b4a0 (0x0000bfe5) c.j     pc - 8
core   0: 3 0x8000b4a0 (0xbfe5)
core   0: 0x8000b498 (0x00005f17) auipc   t5, 0x5
core   0: 3 0x8000b498 (0x00005f17) x30 0x80010498
core   0: 0x8000b49c (0xb63f2423) sw      gp, -1176(t5)
core   0: 3 0x8000b49c (0xb63f2423) mem 0x80010000 0x00000001
core   0: 0x8000b4a0 (0x0000bfe5) c.j     pc - 8
core   0: 3 0x8000b4a0 (0xbfe5)
core   0: 0x8000b498 (0x00005f17) auipc   t5, 0x5
core   0: 3 0x8000b498 (0x00005f17) x30 0x80010498
core   0: 0x8000b49c (0xb63f2423) sw      gp, -1176(t5)
core   0: 3 0x8000b49c (0xb63f2423) mem 0x80010000 0x00000001
core   0: 0x8000b4a0 (0x0000bfe5) c.j     pc - 8
core   0: 3 0x8000b4a0 (0xbfe5)
core   0: 0x8000b498 (0x00005f17) auipc   t5, 0x5
core   0: 3 0x8000b498 (0x00005f17) x30 0x80010498
core   0: 0x8000b49c (0xb63f2423) sw      gp, -1176(t5)
core   0: 3 0x8000b49c (0xb63f2423) mem 0x80010000 0x00000001
core   0: 0x8000b4a0 (0x0000bfe5) c.j     pc - 8
core   0: 3 0x8000b4a0 (0xbfe5)
core   0: 0x8000b498 (0x00005f17) auipc   t5, 0x5
core   0: 3 0x8000b498 (0x00005f17) x30 0x80010498
core   0: 0x8000b49c (0xb63f2423) sw      gp, -1176(t5)
core   0: 3 0x8000b49c (0xb63f2423) mem 0x80010000 0x00000001
core   0: 0x8000b4a0 (0x0000bfe5) c.j     pc - 8
core   0: 3 0x8000b4a0 (0xbfe5)
core   0: 0x8000b498 (0x00005f17) auipc   t5, 0x5
core   0: 3 0x8000b498 (0x00005f17) x30 0x80010498
core   0: 0x8000b49c (0xb63f2423) sw      gp, -1176(t5)
core   0: 3 0x8000b49c (0xb63f2423) mem 0x80010000 0x00000001
core   0: 0x8000b4a0 (0x0000bfe5) c.j     pc - 8
core   0: 3 0x8000b4a0 (0xbfe5)
core   0: 0x8000b498 (0x00005f17) auipc   t5, 0x5
core   0: 3 0x8000b498 (0x00005f17) x30 0x80010498
core   0: 0x8000b49c (0xb63f2423) sw      gp, -1176(t5)
core   0: 3 0x8000b49c (0xb63f2423) mem 0x80010000 0x00000001
core   0: 0x8000b4a0 (0x0000bfe5) c.j     pc - 8
core   0: 3 0x8000b4a0 (0xbfe5)
core   0: 0x8000b498 (0x00005f17) auipc   t5, 0x5
core   0: 3 0x8000b498 (0x00005f17) x30 0x80010498
core   0: 0x8000b49c (0xb63f2423) sw      gp, -1176(t5)
core   0: 3 0x8000b49c (0xb63f2423) mem 0x80010000 0x00000001
core   0: 0x8000b4a0 (0x0000bfe5) c.j     pc - 8
core   0: 3 0x8000b4a0 (0xbfe5)
core   0: 0x8000b498 (0x00005f17) auipc   t5, 0x5
core   0: 3 0x8000b498 (0x00005f17) x30 0x80010498
core   0: 0x8000b49c (0xb63f2423) sw      gp, -1176(t5)
core   0: 3 0x8000b49c (0xb63f2423) mem 0x80010000 0x00000001
core   0: 0x8000b4a0 (0x0000bfe5) c.j     pc - 8
core   0: 3 0x8000b4a0 (0xbfe5)
core   0: 0x8000b498 (0x00005f17) auipc   t5, 0x5
core   0: 3 0x8000b498 (0x00005f17) x30 0x80010498
core   0: 0x8000b49c (0xb63f2423) sw      gp, -1176(t5)
core   0: 3 0x8000b49c (0xb63f2423) mem 0x80010000 0x00000001
core   0: 0x8000b4a0 (0x0000bfe5) c.j     pc - 8
core   0: 3 0x8000b4a0 (0xbfe5)
core   0: 0x8000b498 (0x00005f17) auipc   t5, 0x5
core   0: 3 0x8000b498 (0x00005f17) x30 0x80010498
core   0: 0x8000b49c (0xb63f2423) sw      gp, -1176(t5)
core   0: 3 0x8000b49c (0xb63f2423) mem 0x80010000 0x00000001
core   0: 0x8000b4a0 (0x0000bfe5) c.j     pc - 8
core   0: 3 0x8000b4a0 (0xbfe5)
core   0: 0x8000b498 (0x00005f17) auipc   t5, 0x5
core   0: 3 0x8000b498 (0x00005f17) x30 0x80010498
core   0: 0x8000b49c (0xb63f2423) sw      gp, -1176(t5)
core   0: 3 0x8000b49c (0xb63f2423) mem 0x80010000 0x00000001
core   0: 0x8000b4a0 (0x0000bfe5) c.j     pc - 8
core   0: 3 0x8000b4a0 (0xbfe5)
core   0: 0x8000b498 (0x00005f17) auipc   t5, 0x5
core   0: 3 0x8000b498 (0x00005f17) x30 0x80010498
core   0: 0x8000b49c (0xb63f2423) sw      gp, -1176(t5)
core   0: 3 0x8000b49c (0xb63f2423) mem 0x80010000 0x00000001
core   0: 0x8000b4a0 (0x0000bfe5) c.j     pc - 8
core   0: 3 0x8000b4a0 (0xbfe5)
core   0: 0x8000b498 (0x00005f17) auipc   t5, 0x5
core   0: 3 0x8000b498 (0x00005f17) x30 0x80010498
core   0: 0x8000b49c (0xb63f2423) sw      gp, -1176(t5)
core   0: 3 0x8000b49c (0xb63f2423) mem 0x80010000 0x00000001
core   0: 0x8000b4a0 (0x0000bfe5) c.j     pc - 8
core   0: 3 0x8000b4a0 (0xbfe5)
core   0: 0x8000b498 (0x00005f17) auipc   t5, 0x5
core   0: 3 0x8000b498 (0x00005f17) x30 0x80010498
core   0: 0x8000b49c (0xb63f2423) sw      gp, -1176(t5)
core   0: 3 0x8000b49c (0xb63f2423) mem 0x80010000 0x00000001
core   0: 0x8000b4a0 (0x0000bfe5) c.j     pc - 8
core   0: 3 0x8000b4a0 (0xbfe5)
core   0: 0x8000b498 (0x00005f17) auipc   t5, 0x5
core   0: 3 0x8000b498 (0x00005f17) x30 0x80010498
core   0: 0x8000b49c (0xb63f2423) sw      gp, -1176(t5)
core   0: 3 0x8000b49c (0xb63f2423) mem 0x80010000 0x00000001
core   0: 0x8000b4a0 (0x0000bfe5) c.j     pc - 8
core   0: 3 0x8000b4a0 (0xbfe5)
core   0: 0x8000b498 (0x00005f17) auipc   t5, 0x5
core   0: 3 0x8000b498 (0x00005f17) x30 0x80010498
core   0: 0x8000b49c (0xb63f2423) sw      gp, -1176(t5)
core   0: 3 0x8000b49c (0xb63f2423) mem 0x80010000 0x00000001
core   0: 0x8000b4a0 (0x0000bfe5) c.j     pc - 8
core   0: 3 0x8000b4a0 (0xbfe5)
core   0: 0x8000b498 (0x00005f17) auipc   t5, 0x5
core   0: 3 0x8000b498 (0x00005f17) x30 0x80010498
core   0: 0x8000b49c (0xb63f2423) sw      gp, -1176(t5)
core   0: 3 0x8000b49c (0xb63f2423) mem 0x80010000 0x00000001
core   0: 0x8000b4a0 (0x0000bfe5) c.j     pc - 8
core   0: 3 0x8000b4a0 (0xbfe5)
core   0: 0x8000b498 (0x00005f17) auipc   t5, 0x5
core   0: 3 0x8000b498 (0x00005f17) x30 0x80010498
core   0: 0x8000b49c (0xb63f2423) sw      gp, -1176(t5)
core   0: 3 0x8000b49c (0xb63f2423) mem 0x80010000 0x00000001
core   0: 0x8000b4a0 (0x0000bfe5) c.j     pc - 8
core   0: 3 0x8000b4a0 (0xbfe5)
core   0: 0x8000b498 (0x00005f17) auipc   t5, 0x5
core   0: 3 0x8000b498 (0x00005f17) x30 0x80010498
core   0: 0x8000b49c (0xb63f2423) sw      gp, -1176(t5)
core   0: 3 0x8000b49c (0xb63f2423) mem 0x80010000 0x00000001
core   0: 0x8000b4a0 (0x0000bfe5) c.j     pc - 8
core   0: 3 0x8000b4a0 (0xbfe5)
core   0: 0x8000b498 (0x00005f17) auipc   t5, 0x5
core   0: 3 0x8000b498 (0x00005f17) x30 0x80010498
core   0: 0x8000b49c (0xb63f2423) sw      gp, -1176(t5)
core   0: 3 0x8000b49c (0xb63f2423) mem 0x80010000 0x00000001
core   0: 0x8000b4a0 (0x0000bfe5) c.j     pc - 8
core   0: 3 0x8000b4a0 (0xbfe5)
core   0: 0x8000b498 (0x00005f17) auipc   t5, 0x5
core   0: 3 0x8000b498 (0x00005f17) x30 0x80010498
core   0: 0x8000b49c (0xb63f2423) sw      gp, -1176(t5)
core   0: 3 0x8000b49c (0xb63f2423) mem 0x80010000 0x00000001
core   0: 0x8000b4a0 (0x0000bfe5) c.j     pc - 8
core   0: 3 0x8000b4a0 (0xbfe5)
core   0: 0x8000b498 (0x00005f17) auipc   t5, 0x5
core   0: 3 0x8000b498 (0x00005f17) x30 0x80010498
core   0: 0x8000b49c (0xb63f2423) sw      gp, -1176(t5)
core   0: 3 0x8000b49c (0xb63f2423) mem 0x80010000 0x00000001
core   0: 0x8000b4a0 (0x0000bfe5) c.j     pc - 8
core   0: 3 0x8000b4a0 (0xbfe5)
core   0: 0x8000b498 (0x00005f17) auipc   t5, 0x5
core   0: 3 0x8000b498 (0x00005f17) x30 0x80010498
core   0: 0x8000b49c (0xb63f2423) sw      gp, -1176(t5)
core   0: 3 0x8000b49c (0xb63f2423) mem 0x80010000 0x00000001
core   0: 0x8000b4a0 (0x0000bfe5) c.j     pc - 8
core   0: 3 0x8000b4a0 (0xbfe5)
core   0: 0x8000b498 (0x00005f17) auipc   t5, 0x5
core   0: 3 0x8000b498 (0x00005f17) x30 0x80010498
core   0: 0x8000b49c (0xb63f2423) sw      gp, -1176(t5)
core   0: 3 0x8000b49c (0xb63f2423) mem 0x80010000 0x00000001
core   0: 0x8000b4a0 (0x0000bfe5) c.j     pc - 8
core   0: 3 0x8000b4a0 (0xbfe5)
core   0: 0x8000b498 (0x00005f17) auipc   t5, 0x5
core   0: 3 0x8000b498 (0x00005f17) x30 0x80010498
core   0: 0x8000b49c (0xb63f2423) sw      gp, -1176(t5)
core   0: 3 0x8000b49c (0xb63f2423) mem 0x80010000 0x00000001
core   0: 0x8000b4a0 (0x0000bfe5) c.j     pc - 8
core   0: 3 0x8000b4a0 (0xbfe5)
core   0: 0x8000b498 (0x00005f17) auipc   t5, 0x5
core   0: 3 0x8000b498 (0x00005f17) x30 0x80010498
core   0: 0x8000b49c (0xb63f2423) sw      gp, -1176(t5)
core   0: 3 0x8000b49c (0xb63f2423) mem 0x80010000 0x00000001
core   0: 0x8000b4a0 (0x0000bfe5) c.j     pc - 8
core   0: 3 0x8000b4a0 (0xbfe5)
core   0: 0x8000b498 (0x00005f17) auipc   t5, 0x5
core   0: 3 0x8000b498 (0x00005f17) x30 0x80010498
core   0: 0x8000b49c (0xb63f2423) sw      gp, -1176(t5)
core   0: 3 0x8000b49c (0xb63f2423) mem 0x80010000 0x00000001
core   0: 0x8000b4a0 (0x0000bfe5) c.j     pc - 8
core   0: 3 0x8000b4a0 (0xbfe5)
core   0: 0x8000b498 (0x00005f17) auipc   t5, 0x5
core   0: 3 0x8000b498 (0x00005f17) x30 0x80010498
core   0: 0x8000b49c (0xb63f2423) sw      gp, -1176(t5)
core   0: 3 0x8000b49c (0xb63f2423) mem 0x80010000 0x00000001
core   0: 0x8000b4a0 (0x0000bfe5) c.j     pc - 8
core   0: 3 0x8000b4a0 (0xbfe5)
core   0: 0x8000b498 (0x00005f17) auipc   t5, 0x5
core   0: 3 0x8000b498 (0x00005f17) x30 0x80010498
core   0: 0x8000b49c (0xb63f2423) sw      gp, -1176(t5)
core   0: 3 0x8000b49c (0xb63f2423) mem 0x80010000 0x00000001
core   0: 0x8000b4a0 (0x0000bfe5) c.j     pc - 8
core   0: 3 0x8000b4a0 (0xbfe5)
core   0: 0x8000b498 (0x00005f17) auipc   t5, 0x5
core   0: 3 0x8000b498 (0x00005f17) x30 0x80010498
core   0: 0x8000b49c (0xb63f2423) sw      gp, -1176(t5)
core   0: 3 0x8000b49c (0xb63f2423) mem 0x80010000 0x00000001
core   0: 0x8000b4a0 (0x0000bfe5) c.j     pc - 8
core   0: 3 0x8000b4a0 (0xbfe5)
core   0: 0x8000b498 (0x00005f17) auipc   t5, 0x5
core   0: 3 0x8000b498 (0x00005f17) x30 0x80010498
core   0: 0x8000b49c (0xb63f2423) sw      gp, -1176(t5)
core   0: 3 0x8000b49c (0xb63f2423) mem 0x80010000 0x00000001
core   0: 0x8000b4a0 (0x0000bfe5) c.j     pc - 8
core   0: 3 0x8000b4a0 (0xbfe5)
core   0: 0x8000b498 (0x00005f17) auipc   t5, 0x5
core   0: 3 0x8000b498 (0x00005f17) x30 0x80010498
core   0: 0x8000b49c (0xb63f2423) sw      gp, -1176(t5)
core   0: 3 0x8000b49c (0xb63f2423) mem 0x80010000 0x00000001
core   0: 0x8000b4a0 (0x0000bfe5) c.j     pc - 8
core   0: 3 0x8000b4a0 (0xbfe5)
core   0: 0x8000b498 (0x00005f17) auipc   t5, 0x5
core   0: 3 0x8000b498 (0x00005f17) x30 0x80010498
core   0: 0x8000b49c (0xb63f2423) sw      gp, -1176(t5)
core   0: 3 0x8000b49c (0xb63f2423) mem 0x80010000 0x00000001
core   0: 0x8000b4a0 (0x0000bfe5) c.j     pc - 8
core   0: 3 0x8000b4a0 (0xbfe5)
core   0: 0x8000b498 (0x00005f17) auipc   t5, 0x5
core   0: 3 0x8000b498 (0x00005f17) x30 0x80010498
core   0: 0x8000b49c (0xb63f2423) sw      gp, -1176(t5)
core   0: 3 0x8000b49c (0xb63f2423) mem 0x80010000 0x00000001
core   0: 0x8000b4a0 (0x0000bfe5) c.j     pc - 8
core   0: 3 0x8000b4a0 (0xbfe5)
core   0: 0x8000b498 (0x00005f17) auipc   t5, 0x5
core   0: 3 0x8000b498 (0x00005f17) x30 0x80010498
core   0: 0x8000b49c (0xb63f2423) sw      gp, -1176(t5)
core   0: 3 0x8000b49c (0xb63f2423) mem 0x80010000 0x00000001
core   0: 0x8000b4a0 (0x0000bfe5) c.j     pc - 8
core   0: 3 0x8000b4a0 (0xbfe5)
core   0: 0x8000b498 (0x00005f17) auipc   t5, 0x5
core   0: 3 0x8000b498 (0x00005f17) x30 0x80010498
core   0: 0x8000b49c (0xb63f2423) sw      gp, -1176(t5)
core   0: 3 0x8000b49c (0xb63f2423) mem 0x80010000 0x00000001
core   0: 0x8000b4a0 (0x0000bfe5) c.j     pc - 8
core   0: 3 0x8000b4a0 (0xbfe5)
core   0: 0x8000b498 (0x00005f17) auipc   t5, 0x5
core   0: 3 0x8000b498 (0x00005f17) x30 0x80010498
core   0: 0x8000b49c (0xb63f2423) sw      gp, -1176(t5)
core   0: 3 0x8000b49c (0xb63f2423) mem 0x80010000 0x00000001
core   0: 0x8000b4a0 (0x0000bfe5) c.j     pc - 8
core   0: 3 0x8000b4a0 (0xbfe5)
core   0: 0x8000b498 (0x00005f17) auipc   t5, 0x5
core   0: 3 0x8000b498 (0x00005f17) x30 0x80010498
core   0: 0x8000b49c (0xb63f2423) sw      gp, -1176(t5)
core   0: 3 0x8000b49c (0xb63f2423) mem 0x80010000 0x00000001
core   0: 0x8000b4a0 (0x0000bfe5) c.j     pc - 8
core   0: 3 0x8000b4a0 (0xbfe5)
core   0: 0x8000b498 (0x00005f17) auipc   t5, 0x5
core   0: 3 0x8000b498 (0x00005f17) x30 0x80010498
core   0: 0x8000b49c (0xb63f2423) sw      gp, -1176(t5)
core   0: 3 0x8000b49c (0xb63f2423) mem 0x80010000 0x00000001
core   0: 0x8000b4a0 (0x0000bfe5) c.j     pc - 8
core   0: 3 0x8000b4a0 (0xbfe5)
core   0: 0x8000b498 (0x00005f17) auipc   t5, 0x5
core   0: 3 0x8000b498 (0x00005f17) x30 0x80010498
core   0: 0x8000b49c (0xb63f2423) sw      gp, -1176(t5)
core   0: 3 0x8000b49c (0xb63f2423) mem 0x80010000 0x00000001
core   0: 0x8000b4a0 (0x0000bfe5) c.j     pc - 8
core   0: 3 0x8000b4a0 (0xbfe5)
core   0: 0x8000b498 (0x00005f17) auipc   t5, 0x5
core   0: 3 0x8000b498 (0x00005f17) x30 0x80010498
core   0: 0x8000b49c (0xb63f2423) sw      gp, -1176(t5)
core   0: 3 0x8000b49c (0xb63f2423) mem 0x80010000 0x00000001
core   0: 0x8000b4a0 (0x0000bfe5) c.j     pc - 8
core   0: 3 0x8000b4a0 (0xbfe5)
core   0: 0x8000b498 (0x00005f17) auipc   t5, 0x5
core   0: 3 0x8000b498 (0x00005f17) x30 0x80010498
core   0: 0x8000b49c (0xb63f2423) sw      gp, -1176(t5)
core   0: 3 0x8000b49c (0xb63f2423) mem 0x80010000 0x00000001
core   0: 0x8000b4a0 (0x0000bfe5) c.j     pc - 8
core   0: 3 0x8000b4a0 (0xbfe5)
core   0: 0x8000b498 (0x00005f17) auipc   t5, 0x5
core   0: 3 0x8000b498 (0x00005f17) x30 0x80010498
core   0: 0x8000b49c (0xb63f2423) sw      gp, -1176(t5)
core   0: 3 0x8000b49c (0xb63f2423) mem 0x80010000 0x00000001
core   0: 0x8000b4a0 (0x0000bfe5) c.j     pc - 8
core   0: 3 0x8000b4a0 (0xbfe5)
core   0: 0x8000b498 (0x00005f17) auipc   t5, 0x5
core   0: 3 0x8000b498 (0x00005f17) x30 0x80010498
core   0: 0x8000b49c (0xb63f2423) sw      gp, -1176(t5)
core   0: 3 0x8000b49c (0xb63f2423) mem 0x80010000 0x00000001
core   0: 0x8000b4a0 (0x0000bfe5) c.j     pc - 8
core   0: 3 0x8000b4a0 (0xbfe5)
core   0: 0x8000b498 (0x00005f17) auipc   t5, 0x5
core   0: 3 0x8000b498 (0x00005f17) x30 0x80010498
core   0: 0x8000b49c (0xb63f2423) sw      gp, -1176(t5)
core   0: 3 0x8000b49c (0xb63f2423) mem 0x80010000 0x00000001
core   0: 0x8000b4a0 (0x0000bfe5) c.j     pc - 8
core   0: 3 0x8000b4a0 (0xbfe5)
core   0: 0x8000b498 (0x00005f17) auipc   t5, 0x5
core   0: 3 0x8000b498 (0x00005f17) x30 0x80010498
core   0: 0x8000b49c (0xb63f2423) sw      gp, -1176(t5)
core   0: 3 0x8000b49c (0xb63f2423) mem 0x80010000 0x00000001
core   0: 0x8000b4a0 (0x0000bfe5) c.j     pc - 8
core   0: 3 0x8000b4a0 (0xbfe5)
core   0: 0x8000b498 (0x00005f17) auipc   t5, 0x5
core   0: 3 0x8000b498 (0x00005f17) x30 0x80010498
core   0: 0x8000b49c (0xb63f2423) sw      gp, -1176(t5)
core   0: 3 0x8000b49c (0xb63f2423) mem 0x80010000 0x00000001
core   0: 0x8000b4a0 (0x0000bfe5) c.j     pc - 8
core   0: 3 0x8000b4a0 (0xbfe5)
core   0: 0x8000b498 (0x00005f17) auipc   t5, 0x5
core   0: 3 0x8000b498 (0x00005f17) x30 0x80010498
core   0: 0x8000b49c (0xb63f2423) sw      gp, -1176(t5)
core   0: 3 0x8000b49c (0xb63f2423) mem 0x80010000 0x00000001
core   0: 0x8000b4a0 (0x0000bfe5) c.j     pc - 8
core   0: 3 0x8000b4a0 (0xbfe5)
core   0: 0x8000b498 (0x00005f17) auipc   t5, 0x5
core   0: 3 0x8000b498 (0x00005f17) x30 0x80010498
core   0: 0x8000b49c (0xb63f2423) sw      gp, -1176(t5)
core   0: 3 0x8000b49c (0xb63f2423) mem 0x80010000 0x00000001
core   0: 0x8000b4a0 (0x0000bfe5) c.j     pc - 8
core   0: 3 0x8000b4a0 (0xbfe5)
core   0: 0x8000b498 (0x00005f17) auipc   t5, 0x5
core   0: 3 0x8000b498 (0x00005f17) x30 0x80010498
core   0: 0x8000b49c (0xb63f2423) sw      gp, -1176(t5)
core   0: 3 0x8000b49c (0xb63f2423) mem 0x80010000 0x00000001
core   0: 0x8000b4a0 (0x0000bfe5) c.j     pc - 8
core   0: 3 0x8000b4a0 (0xbfe5)
core   0: 0x8000b498 (0x00005f17) auipc   t5, 0x5
core   0: 3 0x8000b498 (0x00005f17) x30 0x80010498
core   0: 0x8000b49c (0xb63f2423) sw      gp, -1176(t5)
core   0: 3 0x8000b49c (0xb63f2423) mem 0x80010000 0x00000001
core   0: 0x8000b4a0 (0x0000bfe5) c.j     pc - 8
core   0: 3 0x8000b4a0 (0xbfe5)
core   0: 0x8000b498 (0x00005f17) auipc   t5, 0x5
core   0: 3 0x8000b498 (0x00005f17) x30 0x80010498
core   0: 0x8000b49c (0xb63f2423) sw      gp, -1176(t5)
core   0: 3 0x8000b49c (0xb63f2423) mem 0x80010000 0x00000001
core   0: 0x8000b4a0 (0x0000bfe5) c.j     pc - 8
core   0: 3 0x8000b4a0 (0xbfe5)
core   0: 0x8000b498 (0x00005f17) auipc   t5, 0x5
core   0: 3 0x8000b498 (0x00005f17) x30 0x80010498
core   0: 0x8000b49c (0xb63f2423) sw      gp, -1176(t5)
core   0: 3 0x8000b49c (0xb63f2423) mem 0x80010000 0x00000001
core   0: 0x8000b4a0 (0x0000bfe5) c.j     pc - 8
core   0: 3 0x8000b4a0 (0xbfe5)
core   0: 0x8000b498 (0x00005f17) auipc   t5, 0x5
core   0: 3 0x8000b498 (0x00005f17) x30 0x80010498
core   0: 0x8000b49c (0xb63f2423) sw      gp, -1176(t5)
core   0: 3 0x8000b49c (0xb63f2423) mem 0x80010000 0x00000001
core   0: 0x8000b4a0 (0x0000bfe5) c.j     pc - 8
core   0: 3 0x8000b4a0 (0xbfe5)
core   0: 0x8000b498 (0x00005f17) auipc   t5, 0x5
core   0: 3 0x8000b498 (0x00005f17) x30 0x80010498
core   0: 0x8000b49c (0xb63f2423) sw      gp, -1176(t5)
core   0: 3 0x8000b49c (0xb63f2423) mem 0x80010000 0x00000001
core   0: 0x8000b4a0 (0x0000bfe5) c.j     pc - 8
core   0: 3 0x8000b4a0 (0xbfe5)
core   0: 0x8000b498 (0x00005f17) auipc   t5, 0x5
core   0: 3 0x8000b498 (0x00005f17) x30 0x80010498
core   0: 0x8000b49c (0xb63f2423) sw      gp, -1176(t5)
core   0: 3 0x8000b49c (0xb63f2423) mem 0x80010000 0x00000001
core   0: 0x8000b4a0 (0x0000bfe5) c.j     pc - 8
core   0: 3 0x8000b4a0 (0xbfe5)
core   0: 0x8000b498 (0x00005f17) auipc   t5, 0x5
core   0: 3 0x8000b498 (0x00005f17) x30 0x80010498
core   0: 0x8000b49c (0xb63f2423) sw      gp, -1176(t5)
core   0: 3 0x8000b49c (0xb63f2423) mem 0x80010000 0x00000001
core   0: 0x8000b4a0 (0x0000bfe5) c.j     pc - 8
core   0: 3 0x8000b4a0 (0xbfe5)
core   0: 0x8000b498 (0x00005f17) auipc   t5, 0x5
core   0: 3 0x8000b498 (0x00005f17) x30 0x80010498
core   0: 0x8000b49c (0xb63f2423) sw      gp, -1176(t5)
core   0: 3 0x8000b49c (0xb63f2423) mem 0x80010000 0x00000001
core   0: 0x8000b4a0 (0x0000bfe5) c.j     pc - 8
core   0: 3 0x8000b4a0 (0xbfe5)
core   0: 0x8000b498 (0x00005f17) auipc   t5, 0x5
core   0: 3 0x8000b498 (0x00005f17) x30 0x80010498
core   0: 0x8000b49c (0xb63f2423) sw      gp, -1176(t5)
core   0: 3 0x8000b49c (0xb63f2423) mem 0x80010000 0x00000001
core   0: 0x8000b4a0 (0x0000bfe5) c.j     pc - 8
core   0: 3 0x8000b4a0 (0xbfe5)
core   0: 0x8000b498 (0x00005f17) auipc   t5, 0x5
core   0: 3 0x8000b498 (0x00005f17) x30 0x80010498
core   0: 0x8000b49c (0xb63f2423) sw      gp, -1176(t5)
core   0: 3 0x8000b49c (0xb63f2423) mem 0x80010000 0x00000001
core   0: 0x8000b4a0 (0x0000bfe5) c.j     pc - 8
core   0: 3 0x8000b4a0 (0xbfe5)
core   0: 0x8000b498 (0x00005f17) auipc   t5, 0x5
core   0: 3 0x8000b498 (0x00005f17) x30 0x80010498
core   0: 0x8000b49c (0xb63f2423) sw      gp, -1176(t5)
core   0: 3 0x8000b49c (0xb63f2423) mem 0x80010000 0x00000001
core   0: 0x8000b4a0 (0x0000bfe5) c.j     pc - 8
core   0: 3 0x8000b4a0 (0xbfe5)
core   0: 0x8000b498 (0x00005f17) auipc   t5, 0x5
core   0: 3 0x8000b498 (0x00005f17) x30 0x80010498
core   0: 0x8000b49c (0xb63f2423) sw      gp, -1176(t5)
core   0: 3 0x8000b49c (0xb63f2423) mem 0x80010000 0x00000001
core   0: 0x8000b4a0 (0x0000bfe5) c.j     pc - 8
core   0: 3 0x8000b4a0 (0xbfe5)
core   0: 0x8000b498 (0x00005f17) auipc   t5, 0x5
core   0: 3 0x8000b498 (0x00005f17) x30 0x80010498
core   0: 0x8000b49c (0xb63f2423) sw      gp, -1176(t5)
core   0: 3 0x8000b49c (0xb63f2423) mem 0x80010000 0x00000001
core   0: 0x8000b4a0 (0x0000bfe5) c.j     pc - 8
core   0: 3 0x8000b4a0 (0xbfe5)
core   0: 0x8000b498 (0x00005f17) auipc   t5, 0x5
core   0: 3 0x8000b498 (0x00005f17) x30 0x80010498
core   0: 0x8000b49c (0xb63f2423) sw      gp, -1176(t5)
core   0: 3 0x8000b49c (0xb63f2423) mem 0x80010000 0x00000001
core   0: 0x8000b4a0 (0x0000bfe5) c.j     pc - 8
core   0: 3 0x8000b4a0 (0xbfe5)
core   0: 0x8000b498 (0x00005f17) auipc   t5, 0x5
core   0: 3 0x8000b498 (0x00005f17) x30 0x80010498
core   0: 0x8000b49c (0xb63f2423) sw      gp, -1176(t5)
core   0: 3 0x8000b49c (0xb63f2423) mem 0x80010000 0x00000001
core   0: 0x8000b4a0 (0x0000bfe5) c.j     pc - 8
core   0: 3 0x8000b4a0 (0xbfe5)
core   0: 0x8000b498 (0x00005f17) auipc   t5, 0x5
core   0: 3 0x8000b498 (0x00005f17) x30 0x80010498
core   0: 0x8000b49c (0xb63f2423) sw      gp, -1176(t5)
core   0: 3 0x8000b49c (0xb63f2423) mem 0x80010000 0x00000001
core   0: 0x8000b4a0 (0x0000bfe5) c.j     pc - 8
core   0: 3 0x8000b4a0 (0xbfe5)
core   0: 0x8000b498 (0x00005f17) auipc   t5, 0x5
core   0: 3 0x8000b498 (0x00005f17) x30 0x80010498
core   0: 0x8000b49c (0xb63f2423) sw      gp, -1176(t5)
core   0: 3 0x8000b49c (0xb63f2423) mem 0x80010000 0x00000001
core   0: 0x8000b4a0 (0x0000bfe5) c.j     pc - 8
core   0: 3 0x8000b4a0 (0xbfe5)
core   0: 0x8000b498 (0x00005f17) auipc   t5, 0x5
core   0: 3 0x8000b498 (0x00005f17) x30 0x80010498
core   0: 0x8000b49c (0xb63f2423) sw      gp, -1176(t5)
core   0: 3 0x8000b49c (0xb63f2423) mem 0x80010000 0x00000001
core   0: 0x8000b4a0 (0x0000bfe5) c.j     pc - 8
core   0: 3 0x8000b4a0 (0xbfe5)
core   0: 0x8000b498 (0x00005f17) auipc   t5, 0x5
core   0: 3 0x8000b498 (0x00005f17) x30 0x80010498
core   0: 0x8000b49c (0xb63f2423) sw      gp, -1176(t5)
core   0: 3 0x8000b49c (0xb63f2423) mem 0x80010000 0x00000001
core   0: 0x8000b4a0 (0x0000bfe5) c.j     pc - 8
core   0: 3 0x8000b4a0 (0xbfe5)
core   0: 0x8000b498 (0x00005f17) auipc   t5, 0x5
core   0: 3 0x8000b498 (0x00005f17) x30 0x80010498
core   0: 0x8000b49c (0xb63f2423) sw      gp, -1176(t5)
core   0: 3 0x8000b49c (0xb63f2423) mem 0x80010000 0x00000001
core   0: 0x8000b4a0 (0x0000bfe5) c.j     pc - 8
core   0: 3 0x8000b4a0 (0xbfe5)
core   0: 0x8000b498 (0x00005f17) auipc   t5, 0x5
core   0: 3 0x8000b498 (0x00005f17) x30 0x80010498
core   0: 0x8000b49c (0xb63f2423) sw      gp, -1176(t5)
core   0: 3 0x8000b49c (0xb63f2423) mem 0x80010000 0x00000001
core   0: 0x8000b4a0 (0x0000bfe5) c.j     pc - 8
core   0: 3 0x8000b4a0 (0xbfe5)
core   0: 0x8000b498 (0x00005f17) auipc   t5, 0x5
core   0: 3 0x8000b498 (0x00005f17) x30 0x80010498
core   0: 0x8000b49c (0xb63f2423) sw      gp, -1176(t5)
core   0: 3 0x8000b49c (0xb63f2423) mem 0x80010000 0x00000001
core   0: 0x8000b4a0 (0x0000bfe5) c.j     pc - 8
core   0: 3 0x8000b4a0 (0xbfe5)
core   0: 0x8000b498 (0x00005f17) auipc   t5, 0x5
core   0: 3 0x8000b498 (0x00005f17) x30 0x80010498
core   0: 0x8000b49c (0xb63f2423) sw      gp, -1176(t5)
core   0: 3 0x8000b49c (0xb63f2423) mem 0x80010000 0x00000001
core   0: 0x8000b4a0 (0x0000bfe5) c.j     pc - 8
core   0: 3 0x8000b4a0 (0xbfe5)
core   0: 0x8000b498 (0x00005f17) auipc   t5, 0x5
core   0: 3 0x8000b498 (0x00005f17) x30 0x80010498
core   0: 0x8000b49c (0xb63f2423) sw      gp, -1176(t5)
core   0: 3 0x8000b49c (0xb63f2423) mem 0x80010000 0x00000001
core   0: 0x8000b4a0 (0x0000bfe5) c.j     pc - 8
core   0: 3 0x8000b4a0 (0xbfe5)
core   0: 0x8000b498 (0x00005f17) auipc   t5, 0x5
core   0: 3 0x8000b498 (0x00005f17) x30 0x80010498
core   0: 0x8000b49c (0xb63f2423) sw      gp, -1176(t5)
core   0: 3 0x8000b49c (0xb63f2423) mem 0x80010000 0x00000001
core   0: 0x8000b4a0 (0x0000bfe5) c.j     pc - 8
core   0: 3 0x8000b4a0 (0xbfe5)
core   0: 0x8000b498 (0x00005f17) auipc   t5, 0x5
core   0: 3 0x8000b498 (0x00005f17) x30 0x80010498
core   0: 0x8000b49c (0xb63f2423) sw      gp, -1176(t5)
core   0: 3 0x8000b49c (0xb63f2423) mem 0x80010000 0x00000001
core   0: 0x8000b4a0 (0x0000bfe5) c.j     pc - 8
core   0: 3 0x8000b4a0 (0xbfe5)
core   0: 0x8000b498 (0x00005f17) auipc   t5, 0x5
core   0: 3 0x8000b498 (0x00005f17) x30 0x80010498
core   0: 0x8000b49c (0xb63f2423) sw      gp, -1176(t5)
core   0: 3 0x8000b49c (0xb63f2423) mem 0x80010000 0x00000001
core   0: 0x8000b4a0 (0x0000bfe5) c.j     pc - 8
core   0: 3 0x8000b4a0 (0xbfe5)
core   0: 0x8000b498 (0x00005f17) auipc   t5, 0x5
core   0: 3 0x8000b498 (0x00005f17) x30 0x80010498
core   0: 0x8000b49c (0xb63f2423) sw      gp, -1176(t5)
core   0: 3 0x8000b49c (0xb63f2423) mem 0x80010000 0x00000001
core   0: 0x8000b4a0 (0x0000bfe5) c.j     pc - 8
core   0: 3 0x8000b4a0 (0xbfe5)
core   0: 0x8000b498 (0x00005f17) auipc   t5, 0x5
core   0: 3 0x8000b498 (0x00005f17) x30 0x80010498
core   0: 0x8000b49c (0xb63f2423) sw      gp, -1176(t5)
core   0: 3 0x8000b49c (0xb63f2423) mem 0x80010000 0x00000001
core   0: 0x8000b4a0 (0x0000bfe5) c.j     pc - 8
core   0: 3 0x8000b4a0 (0xbfe5)
core   0: 0x8000b498 (0x00005f17) auipc   t5, 0x5
core   0: 3 0x8000b498 (0x00005f17) x30 0x80010498
core   0: 0x8000b49c (0xb63f2423) sw      gp, -1176(t5)
core   0: 3 0x8000b49c (0xb63f2423) mem 0x80010000 0x00000001
core   0: 0x8000b4a0 (0x0000bfe5) c.j     pc - 8
core   0: 3 0x8000b4a0 (0xbfe5)
core   0: 0x8000b498 (0x00005f17) auipc   t5, 0x5
core   0: 3 0x8000b498 (0x00005f17) x30 0x80010498
core   0: 0x8000b49c (0xb63f2423) sw      gp, -1176(t5)
core   0: 3 0x8000b49c (0xb63f2423) mem 0x80010000 0x00000001
core   0: 0x8000b4a0 (0x0000bfe5) c.j     pc - 8
core   0: 3 0x8000b4a0 (0xbfe5)
core   0: 0x8000b498 (0x00005f17) auipc   t5, 0x5
core   0: 3 0x8000b498 (0x00005f17) x30 0x80010498
core   0: 0x8000b49c (0xb63f2423) sw      gp, -1176(t5)
core   0: 3 0x8000b49c (0xb63f2423) mem 0x80010000 0x00000001
core   0: 0x8000b4a0 (0x0000bfe5) c.j     pc - 8
core   0: 3 0x8000b4a0 (0xbfe5)
core   0: 0x8000b498 (0x00005f17) auipc   t5, 0x5
core   0: 3 0x8000b498 (0x00005f17) x30 0x80010498
core   0: 0x8000b49c (0xb63f2423) sw      gp, -1176(t5)
core   0: 3 0x8000b49c (0xb63f2423) mem 0x80010000 0x00000001
core   0: 0x8000b4a0 (0x0000bfe5) c.j     pc - 8
core   0: 3 0x8000b4a0 (0xbfe5)
core   0: 0x8000b498 (0x00005f17) auipc   t5, 0x5
core   0: 3 0x8000b498 (0x00005f17) x30 0x80010498
core   0: 0x8000b49c (0xb63f2423) sw      gp, -1176(t5)
core   0: 3 0x8000b49c (0xb63f2423) mem 0x80010000 0x00000001
core   0: 0x8000b4a0 (0x0000bfe5) c.j     pc - 8
core   0: 3 0x8000b4a0 (0xbfe5)
core   0: 0x8000b498 (0x00005f17) auipc   t5, 0x5
core   0: 3 0x8000b498 (0x00005f17) x30 0x80010498
core   0: 0x8000b49c (0xb63f2423) sw      gp, -1176(t5)
core   0: 3 0x8000b49c (0xb63f2423) mem 0x80010000 0x00000001
core   0: 0x8000b4a0 (0x0000bfe5) c.j     pc - 8
core   0: 3 0x8000b4a0 (0xbfe5)
core   0: 0x8000b498 (0x00005f17) auipc   t5, 0x5
core   0: 3 0x8000b498 (0x00005f17) x30 0x80010498
core   0: 0x8000b49c (0xb63f2423) sw      gp, -1176(t5)
core   0: 3 0x8000b49c (0xb63f2423) mem 0x80010000 0x00000001
core   0: 0x8000b4a0 (0x0000bfe5) c.j     pc - 8
core   0: 3 0x8000b4a0 (0xbfe5)
core   0: 0x8000b498 (0x00005f17) auipc   t5, 0x5
core   0: 3 0x8000b498 (0x00005f17) x30 0x80010498
core   0: 0x8000b49c (0xb63f2423) sw      gp, -1176(t5)
core   0: 3 0x8000b49c (0xb63f2423) mem 0x80010000 0x00000001
core   0: 0x8000b4a0 (0x0000bfe5) c.j     pc - 8
core   0: 3 0x8000b4a0 (0xbfe5)
core   0: 0x8000b498 (0x00005f17) auipc   t5, 0x5
core   0: 3 0x8000b498 (0x00005f17) x30 0x80010498
core   0: 0x8000b49c (0xb63f2423) sw      gp, -1176(t5)
core   0: 3 0x8000b49c (0xb63f2423) mem 0x80010000 0x00000001
core   0: 0x8000b4a0 (0x0000bfe5) c.j     pc - 8
core   0: 3 0x8000b4a0 (0xbfe5)
core   0: 0x8000b498 (0x00005f17) auipc   t5, 0x5
core   0: 3 0x8000b498 (0x00005f17) x30 0x80010498
core   0: 0x8000b49c (0xb63f2423) sw      gp, -1176(t5)
core   0: 3 0x8000b49c (0xb63f2423) mem 0x80010000 0x00000001
core   0: 0x8000b4a0 (0x0000bfe5) c.j     pc - 8
core   0: 3 0x8000b4a0 (0xbfe5)
core   0: 0x8000b498 (0x00005f17) auipc   t5, 0x5
core   0: 3 0x8000b498 (0x00005f17) x30 0x80010498
core   0: 0x8000b49c (0xb63f2423) sw      gp, -1176(t5)
core   0: 3 0x8000b49c (0xb63f2423) mem 0x80010000 0x00000001
core   0: 0x8000b4a0 (0x0000bfe5) c.j     pc - 8
core   0: 3 0x8000b4a0 (0xbfe5)
core   0: 0x8000b498 (0x00005f17) auipc   t5, 0x5
core   0: 3 0x8000b498 (0x00005f17) x30 0x80010498
core   0: 0x8000b49c (0xb63f2423) sw      gp, -1176(t5)
core   0: 3 0x8000b49c (0xb63f2423) mem 0x80010000 0x00000001
core   0: 0x8000b4a0 (0x0000bfe5) c.j     pc - 8
core   0: 3 0x8000b4a0 (0xbfe5)
core   0: 0x8000b498 (0x00005f17) auipc   t5, 0x5
core   0: 3 0x8000b498 (0x00005f17) x30 0x80010498
core   0: 0x8000b49c (0xb63f2423) sw      gp, -1176(t5)
core   0: 3 0x8000b49c (0xb63f2423) mem 0x80010000 0x00000001
core   0: 0x8000b4a0 (0x0000bfe5) c.j     pc - 8
core   0: 3 0x8000b4a0 (0xbfe5)
core   0: 0x8000b498 (0x00005f17) auipc   t5, 0x5
core   0: 3 0x8000b498 (0x00005f17) x30 0x80010498
core   0: 0x8000b49c (0xb63f2423) sw      gp, -1176(t5)
core   0: 3 0x8000b49c (0xb63f2423) mem 0x80010000 0x00000001
core   0: 0x8000b4a0 (0x0000bfe5) c.j     pc - 8
core   0: 3 0x8000b4a0 (0xbfe5)
core   0: 0x8000b498 (0x00005f17) auipc   t5, 0x5
core   0: 3 0x8000b498 (0x00005f17) x30 0x80010498
core   0: 0x8000b49c (0xb63f2423) sw      gp, -1176(t5)
core   0: 3 0x8000b49c (0xb63f2423) mem 0x80010000 0x00000001
core   0: 0x8000b4a0 (0x0000bfe5) c.j     pc - 8
core   0: 3 0x8000b4a0 (0xbfe5)
core   0: 0x8000b498 (0x00005f17) auipc   t5, 0x5
core   0: 3 0x8000b498 (0x00005f17) x30 0x80010498
core   0: 0x8000b49c (0xb63f2423) sw      gp, -1176(t5)
core   0: 3 0x8000b49c (0xb63f2423) mem 0x80010000 0x00000001
core   0: 0x8000b4a0 (0x0000bfe5) c.j     pc - 8
core   0: 3 0x8000b4a0 (0xbfe5)
core   0: 0x8000b498 (0x00005f17) auipc   t5, 0x5
core   0: 3 0x8000b498 (0x00005f17) x30 0x80010498
core   0: 0x8000b49c (0xb63f2423) sw      gp, -1176(t5)
core   0: 3 0x8000b49c (0xb63f2423) mem 0x80010000 0x00000001
core   0: 0x8000b4a0 (0x0000bfe5) c.j     pc - 8
core   0: 3 0x8000b4a0 (0xbfe5)
core   0: 0x8000b498 (0x00005f17) auipc   t5, 0x5
core   0: 3 0x8000b498 (0x00005f17) x30 0x80010498
core   0: 0x8000b49c (0xb63f2423) sw      gp, -1176(t5)
core   0: 3 0x8000b49c (0xb63f2423) mem 0x80010000 0x00000001
core   0: 0x8000b4a0 (0x0000bfe5) c.j     pc - 8
core   0: 3 0x8000b4a0 (0xbfe5)
core   0: 0x8000b498 (0x00005f17) auipc   t5, 0x5
core   0: 3 0x8000b498 (0x00005f17) x30 0x80010498
core   0: 0x8000b49c (0xb63f2423) sw      gp, -1176(t5)
core   0: 3 0x8000b49c (0xb63f2423) mem 0x80010000 0x00000001
core   0: 0x8000b4a0 (0x0000bfe5) c.j     pc - 8
core   0: 3 0x8000b4a0 (0xbfe5)
core   0: 0x8000b498 (0x00005f17) auipc   t5, 0x5
core   0: 3 0x8000b498 (0x00005f17) x30 0x80010498
core   0: 0x8000b49c (0xb63f2423) sw      gp, -1176(t5)
core   0: 3 0x8000b49c (0xb63f2423) mem 0x80010000 0x00000001
core   0: 0x8000b4a0 (0x0000bfe5) c.j     pc - 8
core   0: 3 0x8000b4a0 (0xbfe5)
core   0: 0x8000b498 (0x00005f17) auipc   t5, 0x5
core   0: 3 0x8000b498 (0x00005f17) x30 0x80010498
core   0: 0x8000b49c (0xb63f2423) sw      gp, -1176(t5)
core   0: 3 0x8000b49c (0xb63f2423) mem 0x80010000 0x00000001
core   0: 0x8000b4a0 (0x0000bfe5) c.j     pc - 8
core   0: 3 0x8000b4a0 (0xbfe5)
core   0: 0x8000b498 (0x00005f17) auipc   t5, 0x5
core   0: 3 0x8000b498 (0x00005f17) x30 0x80010498
core   0: 0x8000b49c (0xb63f2423) sw      gp, -1176(t5)
core   0: 3 0x8000b49c (0xb63f2423) mem 0x80010000 0x00000001
core   0: 0x8000b4a0 (0x0000bfe5) c.j     pc - 8
core   0: 3 0x8000b4a0 (0xbfe5)
core   0: 0x8000b498 (0x00005f17) auipc   t5, 0x5
core   0: 3 0x8000b498 (0x00005f17) x30 0x80010498
core   0: 0x8000b49c (0xb63f2423) sw      gp, -1176(t5)
core   0: 3 0x8000b49c (0xb63f2423) mem 0x80010000 0x00000001
core   0: 0x8000b4a0 (0x0000bfe5) c.j     pc - 8
core   0: 3 0x8000b4a0 (0xbfe5)
core   0: 0x8000b498 (0x00005f17) auipc   t5, 0x5
core   0: 3 0x8000b498 (0x00005f17) x30 0x80010498
core   0: 0x8000b49c (0xb63f2423) sw      gp, -1176(t5)
core   0: 3 0x8000b49c (0xb63f2423) mem 0x80010000 0x00000001
core   0: 0x8000b4a0 (0x0000bfe5) c.j     pc - 8
core   0: 3 0x8000b4a0 (0xbfe5)
core   0: 0x8000b498 (0x00005f17) auipc   t5, 0x5
core   0: 3 0x8000b498 (0x00005f17) x30 0x80010498
core   0: 0x8000b49c (0xb63f2423) sw      gp, -1176(t5)
core   0: 3 0x8000b49c (0xb63f2423) mem 0x80010000 0x00000001
core   0: 0x8000b4a0 (0x0000bfe5) c.j     pc - 8
core   0: 3 0x8000b4a0 (0xbfe5)
core   0: 0x8000b498 (0x00005f17) auipc   t5, 0x5
core   0: 3 0x8000b498 (0x00005f17) x30 0x80010498
core   0: 0x8000b49c (0xb63f2423) sw      gp, -1176(t5)
core   0: 3 0x8000b49c (0xb63f2423) mem 0x80010000 0x00000001
core   0: 0x8000b4a0 (0x0000bfe5) c.j     pc - 8
core   0: 3 0x8000b4a0 (0xbfe5)
core   0: 0x8000b498 (0x00005f17) auipc   t5, 0x5
core   0: 3 0x8000b498 (0x00005f17) x30 0x80010498
core   0: 0x8000b49c (0xb63f2423) sw      gp, -1176(t5)
core   0: 3 0x8000b49c (0xb63f2423) mem 0x80010000 0x00000001
core   0: 0x8000b4a0 (0x0000bfe5) c.j     pc - 8
core   0: 3 0x8000b4a0 (0xbfe5)
core   0: 0x8000b498 (0x00005f17) auipc   t5, 0x5
core   0: 3 0x8000b498 (0x00005f17) x30 0x80010498
core   0: 0x8000b49c (0xb63f2423) sw      gp, -1176(t5)
core   0: 3 0x8000b49c (0xb63f2423) mem 0x80010000 0x00000001
core   0: 0x8000b4a0 (0x0000bfe5) c.j     pc - 8
core   0: 3 0x8000b4a0 (0xbfe5)
core   0: 0x8000b498 (0x00005f17) auipc   t5, 0x5
core   0: 3 0x8000b498 (0x00005f17) x30 0x80010498
core   0: 0x8000b49c (0xb63f2423) sw      gp, -1176(t5)
core   0: 3 0x8000b49c (0xb63f2423) mem 0x80010000 0x00000001
core   0: 0x8000b4a0 (0x0000bfe5) c.j     pc - 8
core   0: 3 0x8000b4a0 (0xbfe5)
core   0: 0x8000b498 (0x00005f17) auipc   t5, 0x5
core   0: 3 0x8000b498 (0x00005f17) x30 0x80010498
core   0: 0x8000b49c (0xb63f2423) sw      gp, -1176(t5)
core   0: 3 0x8000b49c (0xb63f2423) mem 0x80010000 0x00000001
core   0: 0x8000b4a0 (0x0000bfe5) c.j     pc - 8
core   0: 3 0x8000b4a0 (0xbfe5)
core   0: 0x8000b498 (0x00005f17) auipc   t5, 0x5
core   0: 3 0x8000b498 (0x00005f17) x30 0x80010498
core   0: 0x8000b49c (0xb63f2423) sw      gp, -1176(t5)
core   0: 3 0x8000b49c (0xb63f2423) mem 0x80010000 0x00000001
core   0: 0x8000b4a0 (0x0000bfe5) c.j     pc - 8
core   0: 3 0x8000b4a0 (0xbfe5)
core   0: 0x8000b498 (0x00005f17) auipc   t5, 0x5
core   0: 3 0x8000b498 (0x00005f17) x30 0x80010498
core   0: 0x8000b49c (0xb63f2423) sw      gp, -1176(t5)
core   0: 3 0x8000b49c (0xb63f2423) mem 0x80010000 0x00000001
core   0: 0x8000b4a0 (0x0000bfe5) c.j     pc - 8
core   0: 3 0x8000b4a0 (0xbfe5)
core   0: 0x8000b498 (0x00005f17) auipc   t5, 0x5
core   0: 3 0x8000b498 (0x00005f17) x30 0x80010498
core   0: 0x8000b49c (0xb63f2423) sw      gp, -1176(t5)
core   0: 3 0x8000b49c (0xb63f2423) mem 0x80010000 0x00000001
core   0: 0x8000b4a0 (0x0000bfe5) c.j     pc - 8
core   0: 3 0x8000b4a0 (0xbfe5)
core   0: 0x8000b498 (0x00005f17) auipc   t5, 0x5
core   0: 3 0x8000b498 (0x00005f17) x30 0x80010498
core   0: 0x8000b49c (0xb63f2423) sw      gp, -1176(t5)
core   0: 3 0x8000b49c (0xb63f2423) mem 0x80010000 0x00000001
core   0: 0x8000b4a0 (0x0000bfe5) c.j     pc - 8
core   0: 3 0x8000b4a0 (0xbfe5)
core   0: 0x8000b498 (0x00005f17) auipc   t5, 0x5
core   0: 3 0x8000b498 (0x00005f17) x30 0x80010498
core   0: 0x8000b49c (0xb63f2423) sw      gp, -1176(t5)
core   0: 3 0x8000b49c (0xb63f2423) mem 0x80010000 0x00000001
core   0: 0x8000b4a0 (0x0000bfe5) c.j     pc - 8
core   0: 3 0x8000b4a0 (0xbfe5)
core   0: 0x8000b498 (0x00005f17) auipc   t5, 0x5
core   0: 3 0x8000b498 (0x00005f17) x30 0x80010498
core   0: 0x8000b49c (0xb63f2423) sw      gp, -1176(t5)
core   0: 3 0x8000b49c (0xb63f2423) mem 0x80010000 0x00000001
core   0: 0x8000b4a0 (0x0000bfe5) c.j     pc - 8
core   0: 3 0x8000b4a0 (0xbfe5)
core   0: 0x8000b498 (0x00005f17) auipc   t5, 0x5
core   0: 3 0x8000b498 (0x00005f17) x30 0x80010498
core   0: 0x8000b49c (0xb63f2423) sw      gp, -1176(t5)
core   0: 3 0x8000b49c (0xb63f2423) mem 0x80010000 0x00000001
core   0: 0x8000b4a0 (0x0000bfe5) c.j     pc - 8
core   0: 3 0x8000b4a0 (0xbfe5)
core   0: 0x8000b498 (0x00005f17) auipc   t5, 0x5
core   0: 3 0x8000b498 (0x00005f17) x30 0x80010498
core   0: 0x8000b49c (0xb63f2423) sw      gp, -1176(t5)
core   0: 3 0x8000b49c (0xb63f2423) mem 0x80010000 0x00000001
core   0: 0x8000b4a0 (0x0000bfe5) c.j     pc - 8
core   0: 3 0x8000b4a0 (0xbfe5)
core   0: 0x8000b498 (0x00005f17) auipc   t5, 0x5
core   0: 3 0x8000b498 (0x00005f17) x30 0x80010498
core   0: 0x8000b49c (0xb63f2423) sw      gp, -1176(t5)
core   0: 3 0x8000b49c (0xb63f2423) mem 0x80010000 0x00000001
core   0: 0x8000b4a0 (0x0000bfe5) c.j     pc - 8
core   0: 3 0x8000b4a0 (0xbfe5)
core   0: 0x8000b498 (0x00005f17) auipc   t5, 0x5
core   0: 3 0x8000b498 (0x00005f17) x30 0x80010498
core   0: 0x8000b49c (0xb63f2423) sw      gp, -1176(t5)
core   0: 3 0x8000b49c (0xb63f2423) mem 0x80010000 0x00000001
core   0: 0x8000b4a0 (0x0000bfe5) c.j     pc - 8
core   0: 3 0x8000b4a0 (0xbfe5)
core   0: 0x8000b498 (0x00005f17) auipc   t5, 0x5
core   0: 3 0x8000b498 (0x00005f17) x30 0x80010498
core   0: 0x8000b49c (0xb63f2423) sw      gp, -1176(t5)
core   0: 3 0x8000b49c (0xb63f2423) mem 0x80010000 0x00000001
core   0: 0x8000b4a0 (0x0000bfe5) c.j     pc - 8
core   0: 3 0x8000b4a0 (0xbfe5)
core   0: 0x8000b498 (0x00005f17) auipc   t5, 0x5
core   0: 3 0x8000b498 (0x00005f17) x30 0x80010498
core   0: 0x8000b49c (0xb63f2423) sw      gp, -1176(t5)
core   0: 3 0x8000b49c (0xb63f2423) mem 0x80010000 0x00000001
core   0: 0x8000b4a0 (0x0000bfe5) c.j     pc - 8
core   0: 3 0x8000b4a0 (0xbfe5)
core   0: 0x8000b498 (0x00005f17) auipc   t5, 0x5
core   0: 3 0x8000b498 (0x00005f17) x30 0x80010498
core   0: 0x8000b49c (0xb63f2423) sw      gp, -1176(t5)
core   0: 3 0x8000b49c (0xb63f2423) mem 0x80010000 0x00000001
core   0: 0x8000b4a0 (0x0000bfe5) c.j     pc - 8
core   0: 3 0x8000b4a0 (0xbfe5)
core   0: 0x8000b498 (0x00005f17) auipc   t5, 0x5
core   0: 3 0x8000b498 (0x00005f17) x30 0x80010498
core   0: 0x8000b49c (0xb63f2423) sw      gp, -1176(t5)
core   0: 3 0x8000b49c (0xb63f2423) mem 0x80010000 0x00000001
core   0: 0x8000b4a0 (0x0000bfe5) c.j     pc - 8
core   0: 3 0x8000b4a0 (0xbfe5)
core   0: 0x8000b498 (0x00005f17) auipc   t5, 0x5
core   0: 3 0x8000b498 (0x00005f17) x30 0x80010498
core   0: 0x8000b49c (0xb63f2423) sw      gp, -1176(t5)
core   0: 3 0x8000b49c (0xb63f2423) mem 0x80010000 0x00000001
core   0: 0x8000b4a0 (0x0000bfe5) c.j     pc - 8
core   0: 3 0x8000b4a0 (0xbfe5)
core   0: 0x8000b498 (0x00005f17) auipc   t5, 0x5
core   0: 3 0x8000b498 (0x00005f17) x30 0x80010498
core   0: 0x8000b49c (0xb63f2423) sw      gp, -1176(t5)
core   0: 3 0x8000b49c (0xb63f2423) mem 0x80010000 0x00000001
core   0: 0x8000b4a0 (0x0000bfe5) c.j     pc - 8
core   0: 3 0x8000b4a0 (0xbfe5)
core   0: 0x8000b498 (0x00005f17) auipc   t5, 0x5
core   0: 3 0x8000b498 (0x00005f17) x30 0x80010498
core   0: 0x8000b49c (0xb63f2423) sw      gp, -1176(t5)
core   0: 3 0x8000b49c (0xb63f2423) mem 0x80010000 0x00000001
core   0: 0x8000b4a0 (0x0000bfe5) c.j     pc - 8
core   0: 3 0x8000b4a0 (0xbfe5)
core   0: 0x8000b498 (0x00005f17) auipc   t5, 0x5
core   0: 3 0x8000b498 (0x00005f17) x30 0x80010498
core   0: 0x8000b49c (0xb63f2423) sw      gp, -1176(t5)
core   0: 3 0x8000b49c (0xb63f2423) mem 0x80010000 0x00000001
core   0: 0x8000b4a0 (0x0000bfe5) c.j     pc - 8
core   0: 3 0x8000b4a0 (0xbfe5)
core   0: 0x8000b498 (0x00005f17) auipc   t5, 0x5
core   0: 3 0x8000b498 (0x00005f17) x30 0x80010498
core   0: 0x8000b49c (0xb63f2423) sw      gp, -1176(t5)
core   0: 3 0x8000b49c (0xb63f2423) mem 0x80010000 0x00000001
core   0: 0x8000b4a0 (0x0000bfe5) c.j     pc - 8
core   0: 3 0x8000b4a0 (0xbfe5)
core   0: 0x8000b498 (0x00005f17) auipc   t5, 0x5
core   0: 3 0x8000b498 (0x00005f17) x30 0x80010498
core   0: 0x8000b49c (0xb63f2423) sw      gp, -1176(t5)
core   0: 3 0x8000b49c (0xb63f2423) mem 0x80010000 0x00000001
core   0: 0x8000b4a0 (0x0000bfe5) c.j     pc - 8
core   0: 3 0x8000b4a0 (0xbfe5)
core   0: 0x8000b498 (0x00005f17) auipc   t5, 0x5
core   0: 3 0x8000b498 (0x00005f17) x30 0x80010498
core   0: 0x8000b49c (0xb63f2423) sw      gp, -1176(t5)
core   0: 3 0x8000b49c (0xb63f2423) mem 0x80010000 0x00000001
core   0: 0x8000b4a0 (0x0000bfe5) c.j     pc - 8
core   0: 3 0x8000b4a0 (0xbfe5)
core   0: 0x8000b498 (0x00005f17) auipc   t5, 0x5
core   0: 3 0x8000b498 (0x00005f17) x30 0x80010498
core   0: 0x8000b49c (0xb63f2423) sw      gp, -1176(t5)
core   0: 3 0x8000b49c (0xb63f2423) mem 0x80010000 0x00000001
core   0: 0x8000b4a0 (0x0000bfe5) c.j     pc - 8
core   0: 3 0x8000b4a0 (0xbfe5)
core   0: 0x8000b498 (0x00005f17) auipc   t5, 0x5
core   0: 3 0x8000b498 (0x00005f17) x30 0x80010498
core   0: 0x8000b49c (0xb63f2423) sw      gp, -1176(t5)
core   0: 3 0x8000b49c (0xb63f2423) mem 0x80010000 0x00000001
core   0: 0x8000b4a0 (0x0000bfe5) c.j     pc - 8
core   0: 3 0x8000b4a0 (0xbfe5)
core   0: 0x8000b498 (0x00005f17) auipc   t5, 0x5
core   0: 3 0x8000b498 (0x00005f17) x30 0x80010498
core   0: 0x8000b49c (0xb63f2423) sw      gp, -1176(t5)
core   0: 3 0x8000b49c (0xb63f2423) mem 0x80010000 0x00000001
core   0: 0x8000b4a0 (0x0000bfe5) c.j     pc - 8
core   0: 3 0x8000b4a0 (0xbfe5)
core   0: 0x8000b498 (0x00005f17) auipc   t5, 0x5
core   0: 3 0x8000b498 (0x00005f17) x30 0x80010498
core   0: 0x8000b49c (0xb63f2423) sw      gp, -1176(t5)
core   0: 3 0x8000b49c (0xb63f2423) mem 0x80010000 0x00000001
core   0: 0x8000b4a0 (0x0000bfe5) c.j     pc - 8
core   0: 3 0x8000b4a0 (0xbfe5)
core   0: 0x8000b498 (0x00005f17) auipc   t5, 0x5
core   0: 3 0x8000b498 (0x00005f17) x30 0x80010498
core   0: 0x8000b49c (0xb63f2423) sw      gp, -1176(t5)
core   0: 3 0x8000b49c (0xb63f2423) mem 0x80010000 0x00000001
core   0: 0x8000b4a0 (0x0000bfe5) c.j     pc - 8
core   0: 3 0x8000b4a0 (0xbfe5)
core   0: 0x8000b498 (0x00005f17) auipc   t5, 0x5
core   0: 3 0x8000b498 (0x00005f17) x30 0x80010498
core   0: 0x8000b49c (0xb63f2423) sw      gp, -1176(t5)
core   0: 3 0x8000b49c (0xb63f2423) mem 0x80010000 0x00000001
core   0: 0x8000b4a0 (0x0000bfe5) c.j     pc - 8
core   0: 3 0x8000b4a0 (0xbfe5)
core   0: 0x8000b498 (0x00005f17) auipc   t5, 0x5
core   0: 3 0x8000b498 (0x00005f17) x30 0x80010498
core   0: 0x8000b49c (0xb63f2423) sw      gp, -1176(t5)
core   0: 3 0x8000b49c (0xb63f2423) mem 0x80010000 0x00000001
core   0: 0x8000b4a0 (0x0000bfe5) c.j     pc - 8
core   0: 3 0x8000b4a0 (0xbfe5)
core   0: 0x8000b498 (0x00005f17) auipc   t5, 0x5
core   0: 3 0x8000b498 (0x00005f17) x30 0x80010498
core   0: 0x8000b49c (0xb63f2423) sw      gp, -1176(t5)
core   0: 3 0x8000b49c (0xb63f2423) mem 0x80010000 0x00000001
core   0: 0x8000b4a0 (0x0000bfe5) c.j     pc - 8
core   0: 3 0x8000b4a0 (0xbfe5)
core   0: 0x8000b498 (0x00005f17) auipc   t5, 0x5
core   0: 3 0x8000b498 (0x00005f17) x30 0x80010498
core   0: 0x8000b49c (0xb63f2423) sw      gp, -1176(t5)
core   0: 3 0x8000b49c (0xb63f2423) mem 0x80010000 0x00000001
core   0: 0x8000b4a0 (0x0000bfe5) c.j     pc - 8
core   0: 3 0x8000b4a0 (0xbfe5)
core   0: 0x8000b498 (0x00005f17) auipc   t5, 0x5
core   0: 3 0x8000b498 (0x00005f17) x30 0x80010498
core   0: 0x8000b49c (0xb63f2423) sw      gp, -1176(t5)
core   0: 3 0x8000b49c (0xb63f2423) mem 0x80010000 0x00000001
core   0: 0x8000b4a0 (0x0000bfe5) c.j     pc - 8
core   0: 3 0x8000b4a0 (0xbfe5)
core   0: 0x8000b498 (0x00005f17) auipc   t5, 0x5
core   0: 3 0x8000b498 (0x00005f17) x30 0x80010498
core   0: 0x8000b49c (0xb63f2423) sw      gp, -1176(t5)
core   0: 3 0x8000b49c (0xb63f2423) mem 0x80010000 0x00000001
core   0: 0x8000b4a0 (0x0000bfe5) c.j     pc - 8
core   0: 3 0x8000b4a0 (0xbfe5)
core   0: 0x8000b498 (0x00005f17) auipc   t5, 0x5
core   0: 3 0x8000b498 (0x00005f17) x30 0x80010498
core   0: 0x8000b49c (0xb63f2423) sw      gp, -1176(t5)
core   0: 3 0x8000b49c (0xb63f2423) mem 0x80010000 0x00000001
core   0: 0x8000b4a0 (0x0000bfe5) c.j     pc - 8
core   0: 3 0x8000b4a0 (0xbfe5)
core   0: 0x8000b498 (0x00005f17) auipc   t5, 0x5
core   0: 3 0x8000b498 (0x00005f17) x30 0x80010498
core   0: 0x8000b49c (0xb63f2423) sw      gp, -1176(t5)
core   0: 3 0x8000b49c (0xb63f2423) mem 0x80010000 0x00000001
core   0: 0x8000b4a0 (0x0000bfe5) c.j     pc - 8
core   0: 3 0x8000b4a0 (0xbfe5)
core   0: 0x8000b498 (0x00005f17) auipc   t5, 0x5
core   0: 3 0x8000b498 (0x00005f17) x30 0x80010498
core   0: 0x8000b49c (0xb63f2423) sw      gp, -1176(t5)
core   0: 3 0x8000b49c (0xb63f2423) mem 0x80010000 0x00000001
core   0: 0x8000b4a0 (0x0000bfe5) c.j     pc - 8
core   0: 3 0x8000b4a0 (0xbfe5)
core   0: 0x8000b498 (0x00005f17) auipc   t5, 0x5
core   0: 3 0x8000b498 (0x00005f17) x30 0x80010498
core   0: 0x8000b49c (0xb63f2423) sw      gp, -1176(t5)
core   0: 3 0x8000b49c (0xb63f2423) mem 0x80010000 0x00000001
core   0: 0x8000b4a0 (0x0000bfe5) c.j     pc - 8
core   0: 3 0x8000b4a0 (0xbfe5)
core   0: 0x8000b498 (0x00005f17) auipc   t5, 0x5
core   0: 3 0x8000b498 (0x00005f17) x30 0x80010498
core   0: 0x8000b49c (0xb63f2423) sw      gp, -1176(t5)
core   0: 3 0x8000b49c (0xb63f2423) mem 0x80010000 0x00000001
core   0: 0x8000b4a0 (0x0000bfe5) c.j     pc - 8
core   0: 3 0x8000b4a0 (0xbfe5)
core   0: 0x8000b498 (0x00005f17) auipc   t5, 0x5
core   0: 3 0x8000b498 (0x00005f17) x30 0x80010498
core   0: 0x8000b49c (0xb63f2423) sw      gp, -1176(t5)
core   0: 3 0x8000b49c (0xb63f2423) mem 0x80010000 0x00000001
core   0: 0x8000b4a0 (0x0000bfe5) c.j     pc - 8
core   0: 3 0x8000b4a0 (0xbfe5)
core   0: 0x8000b498 (0x00005f17) auipc   t5, 0x5
core   0: 3 0x8000b498 (0x00005f17) x30 0x80010498
core   0: 0x8000b49c (0xb63f2423) sw      gp, -1176(t5)
core   0: 3 0x8000b49c (0xb63f2423) mem 0x80010000 0x00000001
core   0: 0x8000b4a0 (0x0000bfe5) c.j     pc - 8
core   0: 3 0x8000b4a0 (0xbfe5)
core   0: 0x8000b498 (0x00005f17) auipc   t5, 0x5
core   0: 3 0x8000b498 (0x00005f17) x30 0x80010498
core   0: 0x8000b49c (0xb63f2423) sw      gp, -1176(t5)
core   0: 3 0x8000b49c (0xb63f2423) mem 0x80010000 0x00000001
core   0: 0x8000b4a0 (0x0000bfe5) c.j     pc - 8
core   0: 3 0x8000b4a0 (0xbfe5)
core   0: 0x8000b498 (0x00005f17) auipc   t5, 0x5
core   0: 3 0x8000b498 (0x00005f17) x30 0x80010498
core   0: 0x8000b49c (0xb63f2423) sw      gp, -1176(t5)
core   0: 3 0x8000b49c (0xb63f2423) mem 0x80010000 0x00000001
core   0: 0x8000b4a0 (0x0000bfe5) c.j     pc - 8
core   0: 3 0x8000b4a0 (0xbfe5)
core   0: 0x8000b498 (0x00005f17) auipc   t5, 0x5
core   0: 3 0x8000b498 (0x00005f17) x30 0x80010498
core   0: 0x8000b49c (0xb63f2423) sw      gp, -1176(t5)
core   0: 3 0x8000b49c (0xb63f2423) mem 0x80010000 0x00000001
core   0: 0x8000b4a0 (0x0000bfe5) c.j     pc - 8
core   0: 3 0x8000b4a0 (0xbfe5)
core   0: 0x8000b498 (0x00005f17) auipc   t5, 0x5
core   0: 3 0x8000b498 (0x00005f17) x30 0x80010498
core   0: 0x8000b49c (0xb63f2423) sw      gp, -1176(t5)
core   0: 3 0x8000b49c (0xb63f2423) mem 0x80010000 0x00000001
core   0: 0x8000b4a0 (0x0000bfe5) c.j     pc - 8
core   0: 3 0x8000b4a0 (0xbfe5)
core   0: 0x8000b498 (0x00005f17) auipc   t5, 0x5
core   0: 3 0x8000b498 (0x00005f17) x30 0x80010498
core   0: 0x8000b49c (0xb63f2423) sw      gp, -1176(t5)
core   0: 3 0x8000b49c (0xb63f2423) mem 0x80010000 0x00000001
core   0: 0x8000b4a0 (0x0000bfe5) c.j     pc - 8
core   0: 3 0x8000b4a0 (0xbfe5)
core   0: 0x8000b498 (0x00005f17) auipc   t5, 0x5
core   0: 3 0x8000b498 (0x00005f17) x30 0x80010498
core   0: 0x8000b49c (0xb63f2423) sw      gp, -1176(t5)
core   0: 3 0x8000b49c (0xb63f2423) mem 0x80010000 0x00000001
core   0: 0x8000b4a0 (0x0000bfe5) c.j     pc - 8
core   0: 3 0x8000b4a0 (0xbfe5)
core   0: 0x8000b498 (0x00005f17) auipc   t5, 0x5
core   0: 3 0x8000b498 (0x00005f17) x30 0x80010498
core   0: 0x8000b49c (0xb63f2423) sw      gp, -1176(t5)
core   0: 3 0x8000b49c (0xb63f2423) mem 0x80010000 0x00000001
core   0: 0x8000b4a0 (0x0000bfe5) c.j     pc - 8
core   0: 3 0x8000b4a0 (0xbfe5)
core   0: 0x8000b498 (0x00005f17) auipc   t5, 0x5
core   0: 3 0x8000b498 (0x00005f17) x30 0x80010498
core   0: 0x8000b49c (0xb63f2423) sw      gp, -1176(t5)
core   0: 3 0x8000b49c (0xb63f2423) mem 0x80010000 0x00000001
core   0: 0x8000b4a0 (0x0000bfe5) c.j     pc - 8
core   0: 3 0x8000b4a0 (0xbfe5)
core   0: 0x8000b498 (0x00005f17) auipc   t5, 0x5
core   0: 3 0x8000b498 (0x00005f17) x30 0x80010498
core   0: 0x8000b49c (0xb63f2423) sw      gp, -1176(t5)
core   0: 3 0x8000b49c (0xb63f2423) mem 0x80010000 0x00000001
core   0: 0x8000b4a0 (0x0000bfe5) c.j     pc - 8
core   0: 3 0x8000b4a0 (0xbfe5)
core   0: 0x8000b498 (0x00005f17) auipc   t5, 0x5
core   0: 3 0x8000b498 (0x00005f17) x30 0x80010498
core   0: 0x8000b49c (0xb63f2423) sw      gp, -1176(t5)
core   0: 3 0x8000b49c (0xb63f2423) mem 0x80010000 0x00000001
core   0: 0x8000b4a0 (0x0000bfe5) c.j     pc - 8
core   0: 3 0x8000b4a0 (0xbfe5)
core   0: 0x8000b498 (0x00005f17) auipc   t5, 0x5
core   0: 3 0x8000b498 (0x00005f17) x30 0x80010498
core   0: 0x8000b49c (0xb63f2423) sw      gp, -1176(t5)
core   0: 3 0x8000b49c (0xb63f2423) mem 0x80010000 0x00000001
core   0: 0x8000b4a0 (0x0000bfe5) c.j     pc - 8
core   0: 3 0x8000b4a0 (0xbfe5)
core   0: 0x8000b498 (0x00005f17) auipc   t5, 0x5
core   0: 3 0x8000b498 (0x00005f17) x30 0x80010498
core   0: 0x8000b49c (0xb63f2423) sw      gp, -1176(t5)
core   0: 3 0x8000b49c (0xb63f2423) mem 0x80010000 0x00000001
core   0: 0x8000b4a0 (0x0000bfe5) c.j     pc - 8
core   0: 3 0x8000b4a0 (0xbfe5)
core   0: 0x8000b498 (0x00005f17) auipc   t5, 0x5
core   0: 3 0x8000b498 (0x00005f17) x30 0x80010498
core   0: 0x8000b49c (0xb63f2423) sw      gp, -1176(t5)
core   0: 3 0x8000b49c (0xb63f2423) mem 0x80010000 0x00000001
core   0: 0x8000b4a0 (0x0000bfe5) c.j     pc - 8
core   0: 3 0x8000b4a0 (0xbfe5)
core   0: 0x8000b498 (0x00005f17) auipc   t5, 0x5
core   0: 3 0x8000b498 (0x00005f17) x30 0x80010498
core   0: 0x8000b49c (0xb63f2423) sw      gp, -1176(t5)
core   0: 3 0x8000b49c (0xb63f2423) mem 0x80010000 0x00000001
core   0: 0x8000b4a0 (0x0000bfe5) c.j     pc - 8
core   0: 3 0x8000b4a0 (0xbfe5)
core   0: 0x8000b498 (0x00005f17) auipc   t5, 0x5
core   0: 3 0x8000b498 (0x00005f17) x30 0x80010498
core   0: 0x8000b49c (0xb63f2423) sw      gp, -1176(t5)
core   0: 3 0x8000b49c (0xb63f2423) mem 0x80010000 0x00000001
core   0: 0x8000b4a0 (0x0000bfe5) c.j     pc - 8
core   0: 3 0x8000b4a0 (0xbfe5)
core   0: 0x8000b498 (0x00005f17) auipc   t5, 0x5
core   0: 3 0x8000b498 (0x00005f17) x30 0x80010498
core   0: 0x8000b49c (0xb63f2423) sw      gp, -1176(t5)
core   0: 3 0x8000b49c (0xb63f2423) mem 0x80010000 0x00000001
core   0: 0x8000b4a0 (0x0000bfe5) c.j     pc - 8
core   0: 3 0x8000b4a0 (0xbfe5)
core   0: 0x8000b498 (0x00005f17) auipc   t5, 0x5
core   0: 3 0x8000b498 (0x00005f17) x30 0x80010498
core   0: 0x8000b49c (0xb63f2423) sw      gp, -1176(t5)
core   0: 3 0x8000b49c (0xb63f2423) mem 0x80010000 0x00000001
core   0: 0x8000b4a0 (0x0000bfe5) c.j     pc - 8
core   0: 3 0x8000b4a0 (0xbfe5)
core   0: 0x8000b498 (0x00005f17) auipc   t5, 0x5
core   0: 3 0x8000b498 (0x00005f17) x30 0x80010498
core   0: 0x8000b49c (0xb63f2423) sw      gp, -1176(t5)
core   0: 3 0x8000b49c (0xb63f2423) mem 0x80010000 0x00000001
core   0: 0x8000b4a0 (0x0000bfe5) c.j     pc - 8
core   0: 3 0x8000b4a0 (0xbfe5)
core   0: 0x8000b498 (0x00005f17) auipc   t5, 0x5
core   0: 3 0x8000b498 (0x00005f17) x30 0x80010498
core   0: 0x8000b49c (0xb63f2423) sw      gp, -1176(t5)
core   0: 3 0x8000b49c (0xb63f2423) mem 0x80010000 0x00000001
core   0: 0x8000b4a0 (0x0000bfe5) c.j     pc - 8
core   0: 3 0x8000b4a0 (0xbfe5)
core   0: 0x8000b498 (0x00005f17) auipc   t5, 0x5
core   0: 3 0x8000b498 (0x00005f17) x30 0x80010498
core   0: 0x8000b49c (0xb63f2423) sw      gp, -1176(t5)
core   0: 3 0x8000b49c (0xb63f2423) mem 0x80010000 0x00000001
core   0: 0x8000b4a0 (0x0000bfe5) c.j     pc - 8
core   0: 3 0x8000b4a0 (0xbfe5)
core   0: 0x8000b498 (0x00005f17) auipc   t5, 0x5
core   0: 3 0x8000b498 (0x00005f17) x30 0x80010498
core   0: 0x8000b49c (0xb63f2423) sw      gp, -1176(t5)
core   0: 3 0x8000b49c (0xb63f2423) mem 0x80010000 0x00000001
core   0: 0x8000b4a0 (0x0000bfe5) c.j     pc - 8
core   0: 3 0x8000b4a0 (0xbfe5)
core   0: 0x8000b498 (0x00005f17) auipc   t5, 0x5
core   0: 3 0x8000b498 (0x00005f17) x30 0x80010498
core   0: 0x8000b49c (0xb63f2423) sw      gp, -1176(t5)
core   0: 3 0x8000b49c (0xb63f2423) mem 0x80010000 0x00000001
core   0: 0x8000b4a0 (0x0000bfe5) c.j     pc - 8
core   0: 3 0x8000b4a0 (0xbfe5)
core   0: 0x8000b498 (0x00005f17) auipc   t5, 0x5
core   0: 3 0x8000b498 (0x00005f17) x30 0x80010498
core   0: 0x8000b49c (0xb63f2423) sw      gp, -1176(t5)
core   0: 3 0x8000b49c (0xb63f2423) mem 0x80010000 0x00000001
core   0: 0x8000b4a0 (0x0000bfe5) c.j     pc - 8
core   0: 3 0x8000b4a0 (0xbfe5)
core   0: 0x8000b498 (0x00005f17) auipc   t5, 0x5
core   0: 3 0x8000b498 (0x00005f17) x30 0x80010498
core   0: 0x8000b49c (0xb63f2423) sw      gp, -1176(t5)
core   0: 3 0x8000b49c (0xb63f2423) mem 0x80010000 0x00000001
core   0: 0x8000b4a0 (0x0000bfe5) c.j     pc - 8
core   0: 3 0x8000b4a0 (0xbfe5)
core   0: 0x8000b498 (0x00005f17) auipc   t5, 0x5
core   0: 3 0x8000b498 (0x00005f17) x30 0x80010498
core   0: 0x8000b49c (0xb63f2423) sw      gp, -1176(t5)
core   0: 3 0x8000b49c (0xb63f2423) mem 0x80010000 0x00000001
core   0: 0x8000b4a0 (0x0000bfe5) c.j     pc - 8
core   0: 3 0x8000b4a0 (0xbfe5)
core   0: 0x8000b498 (0x00005f17) auipc   t5, 0x5
core   0: 3 0x8000b498 (0x00005f17) x30 0x80010498
core   0: 0x8000b49c (0xb63f2423) sw      gp, -1176(t5)
core   0: 3 0x8000b49c (0xb63f2423) mem 0x80010000 0x00000001
core   0: 0x8000b4a0 (0x0000bfe5) c.j     pc - 8
core   0: 3 0x8000b4a0 (0xbfe5)
core   0: 0x8000b498 (0x00005f17) auipc   t5, 0x5
core   0: 3 0x8000b498 (0x00005f17) x30 0x80010498
core   0: 0x8000b49c (0xb63f2423) sw      gp, -1176(t5)
core   0: 3 0x8000b49c (0xb63f2423) mem 0x80010000 0x00000001
core   0: 0x8000b4a0 (0x0000bfe5) c.j     pc - 8
core   0: 3 0x8000b4a0 (0xbfe5)
core   0: 0x8000b498 (0x00005f17) auipc   t5, 0x5
core   0: 3 0x8000b498 (0x00005f17) x30 0x80010498
core   0: 0x8000b49c (0xb63f2423) sw      gp, -1176(t5)
core   0: 3 0x8000b49c (0xb63f2423) mem 0x80010000 0x00000001
core   0: 0x8000b4a0 (0x0000bfe5) c.j     pc - 8
core   0: 3 0x8000b4a0 (0xbfe5)
core   0: 0x8000b498 (0x00005f17) auipc   t5, 0x5
core   0: 3 0x8000b498 (0x00005f17) x30 0x80010498
core   0: 0x8000b49c (0xb63f2423) sw      gp, -1176(t5)
core   0: 3 0x8000b49c (0xb63f2423) mem 0x80010000 0x00000001
core   0: 0x8000b4a0 (0x0000bfe5) c.j     pc - 8
core   0: 3 0x8000b4a0 (0xbfe5)
core   0: 0x8000b498 (0x00005f17) auipc   t5, 0x5
core   0: 3 0x8000b498 (0x00005f17) x30 0x80010498
core   0: 0x8000b49c (0xb63f2423) sw      gp, -1176(t5)
core   0: 3 0x8000b49c (0xb63f2423) mem 0x80010000 0x00000001
core   0: 0x8000b4a0 (0x0000bfe5) c.j     pc - 8
core   0: 3 0x8000b4a0 (0xbfe5)
core   0: 0x8000b498 (0x00005f17) auipc   t5, 0x5
core   0: 3 0x8000b498 (0x00005f17) x30 0x80010498
core   0: 0x8000b49c (0xb63f2423) sw      gp, -1176(t5)
core   0: 3 0x8000b49c (0xb63f2423) mem 0x80010000 0x00000001
core   0: 0x8000b4a0 (0x0000bfe5) c.j     pc - 8
core   0: 3 0x8000b4a0 (0xbfe5)
core   0: 0x8000b498 (0x00005f17) auipc   t5, 0x5
core   0: 3 0x8000b498 (0x00005f17) x30 0x80010498
core   0: 0x8000b49c (0xb63f2423) sw      gp, -1176(t5)
core   0: 3 0x8000b49c (0xb63f2423) mem 0x80010000 0x00000001
core   0: 0x8000b4a0 (0x0000bfe5) c.j     pc - 8
core   0: 3 0x8000b4a0 (0xbfe5)
core   0: 0x8000b498 (0x00005f17) auipc   t5, 0x5
core   0: 3 0x8000b498 (0x00005f17) x30 0x80010498
core   0: 0x8000b49c (0xb63f2423) sw      gp, -1176(t5)
core   0: 3 0x8000b49c (0xb63f2423) mem 0x80010000 0x00000001
core   0: 0x8000b4a0 (0x0000bfe5) c.j     pc - 8
core   0: 3 0x8000b4a0 (0xbfe5)
core   0: 0x8000b498 (0x00005f17) auipc   t5, 0x5
core   0: 3 0x8000b498 (0x00005f17) x30 0x80010498
core   0: 0x8000b49c (0xb63f2423) sw      gp, -1176(t5)
core   0: 3 0x8000b49c (0xb63f2423) mem 0x80010000 0x00000001
core   0: 0x8000b4a0 (0x0000bfe5) c.j     pc - 8
core   0: 3 0x8000b4a0 (0xbfe5)
core   0: 0x8000b498 (0x00005f17) auipc   t5, 0x5
core   0: 3 0x8000b498 (0x00005f17) x30 0x80010498
core   0: 0x8000b49c (0xb63f2423) sw      gp, -1176(t5)
core   0: 3 0x8000b49c (0xb63f2423) mem 0x80010000 0x00000001
core   0: 0x8000b4a0 (0x0000bfe5) c.j     pc - 8
core   0: 3 0x8000b4a0 (0xbfe5)
core   0: 0x8000b498 (0x00005f17) auipc   t5, 0x5
core   0: 3 0x8000b498 (0x00005f17) x30 0x80010498
core   0: 0x8000b49c (0xb63f2423) sw      gp, -1176(t5)
core   0: 3 0x8000b49c (0xb63f2423) mem 0x80010000 0x00000001
core   0: 0x8000b4a0 (0x0000bfe5) c.j     pc - 8
core   0: 3 0x8000b4a0 (0xbfe5)
core   0: 0x8000b498 (0x00005f17) auipc   t5, 0x5
core   0: 3 0x8000b498 (0x00005f17) x30 0x80010498
core   0: 0x8000b49c (0xb63f2423) sw      gp, -1176(t5)
core   0: 3 0x8000b49c (0xb63f2423) mem 0x80010000 0x00000001
core   0: 0x8000b4a0 (0x0000bfe5) c.j     pc - 8
core   0: 3 0x8000b4a0 (0xbfe5)
core   0: 0x8000b498 (0x00005f17) auipc   t5, 0x5
core   0: 3 0x8000b498 (0x00005f17) x30 0x80010498
core   0: 0x8000b49c (0xb63f2423) sw      gp, -1176(t5)
core   0: 3 0x8000b49c (0xb63f2423) mem 0x80010000 0x00000001
core   0: 0x8000b4a0 (0x0000bfe5) c.j     pc - 8
core   0: 3 0x8000b4a0 (0xbfe5)
core   0: 0x8000b498 (0x00005f17) auipc   t5, 0x5
core   0: 3 0x8000b498 (0x00005f17) x30 0x80010498
core   0: 0x8000b49c (0xb63f2423) sw      gp, -1176(t5)
core   0: 3 0x8000b49c (0xb63f2423) mem 0x80010000 0x00000001
core   0: 0x8000b4a0 (0x0000bfe5) c.j     pc - 8
core   0: 3 0x8000b4a0 (0xbfe5)
core   0: 0x8000b498 (0x00005f17) auipc   t5, 0x5
core   0: 3 0x8000b498 (0x00005f17) x30 0x80010498
core   0: 0x8000b49c (0xb63f2423) sw      gp, -1176(t5)
core   0: 3 0x8000b49c (0xb63f2423) mem 0x80010000 0x00000001
core   0: 0x8000b4a0 (0x0000bfe5) c.j     pc - 8
core   0: 3 0x8000b4a0 (0xbfe5)
core   0: 0x8000b498 (0x00005f17) auipc   t5, 0x5
core   0: 3 0x8000b498 (0x00005f17) x30 0x80010498
core   0: 0x8000b49c (0xb63f2423) sw      gp, -1176(t5)
core   0: 3 0x8000b49c (0xb63f2423) mem 0x80010000 0x00000001
core   0: 0x8000b4a0 (0x0000bfe5) c.j     pc - 8
core   0: 3 0x8000b4a0 (0xbfe5)
core   0: 0x8000b498 (0x00005f17) auipc   t5, 0x5
core   0: 3 0x8000b498 (0x00005f17) x30 0x80010498
core   0: 0x8000b49c (0xb63f2423) sw      gp, -1176(t5)
core   0: 3 0x8000b49c (0xb63f2423) mem 0x80010000 0x00000001
core   0: 0x8000b4a0 (0x0000bfe5) c.j     pc - 8
core   0: 3 0x8000b4a0 (0xbfe5)
core   0: 0x8000b498 (0x00005f17) auipc   t5, 0x5
core   0: 3 0x8000b498 (0x00005f17) x30 0x80010498
core   0: 0x8000b49c (0xb63f2423) sw      gp, -1176(t5)
core   0: 3 0x8000b49c (0xb63f2423) mem 0x80010000 0x00000001
core   0: 0x8000b4a0 (0x0000bfe5) c.j     pc - 8
core   0: 3 0x8000b4a0 (0xbfe5)
core   0: 0x8000b498 (0x00005f17) auipc   t5, 0x5
core   0: 3 0x8000b498 (0x00005f17) x30 0x80010498
core   0: 0x8000b49c (0xb63f2423) sw      gp, -1176(t5)
core   0: 3 0x8000b49c (0xb63f2423) mem 0x80010000 0x00000001
core   0: 0x8000b4a0 (0x0000bfe5) c.j     pc - 8
core   0: 3 0x8000b4a0 (0xbfe5)
core   0: 0x8000b498 (0x00005f17) auipc   t5, 0x5
core   0: 3 0x8000b498 (0x00005f17) x30 0x80010498
core   0: 0x8000b49c (0xb63f2423) sw      gp, -1176(t5)
core   0: 3 0x8000b49c (0xb63f2423) mem 0x80010000 0x00000001
core   0: 0x8000b4a0 (0x0000bfe5) c.j     pc - 8
core   0: 3 0x8000b4a0 (0xbfe5)
core   0: 0x8000b498 (0x00005f17) auipc   t5, 0x5
core   0: 3 0x8000b498 (0x00005f17) x30 0x80010498
core   0: 0x8000b49c (0xb63f2423) sw      gp, -1176(t5)
core   0: 3 0x8000b49c (0xb63f2423) mem 0x80010000 0x00000001
core   0: 0x8000b4a0 (0x0000bfe5) c.j     pc - 8
core   0: 3 0x8000b4a0 (0xbfe5)
core   0: 0x8000b498 (0x00005f17) auipc   t5, 0x5
core   0: 3 0x8000b498 (0x00005f17) x30 0x80010498
core   0: 0x8000b49c (0xb63f2423) sw      gp, -1176(t5)
core   0: 3 0x8000b49c (0xb63f2423) mem 0x80010000 0x00000001
core   0: 0x8000b4a0 (0x0000bfe5) c.j     pc - 8
core   0: 3 0x8000b4a0 (0xbfe5)
core   0: 0x8000b498 (0x00005f17) auipc   t5, 0x5
core   0: 3 0x8000b498 (0x00005f17) x30 0x80010498
core   0: 0x8000b49c (0xb63f2423) sw      gp, -1176(t5)
core   0: 3 0x8000b49c (0xb63f2423) mem 0x80010000 0x00000001
core   0: 0x8000b4a0 (0x0000bfe5) c.j     pc - 8
core   0: 3 0x8000b4a0 (0xbfe5)
core   0: 0x8000b498 (0x00005f17) auipc   t5, 0x5
core   0: 3 0x8000b498 (0x00005f17) x30 0x80010498
core   0: 0x8000b49c (0xb63f2423) sw      gp, -1176(t5)
core   0: 3 0x8000b49c (0xb63f2423) mem 0x80010000 0x00000001
core   0: 0x8000b4a0 (0x0000bfe5) c.j     pc - 8
core   0: 3 0x8000b4a0 (0xbfe5)
core   0: 0x8000b498 (0x00005f17) auipc   t5, 0x5
core   0: 3 0x8000b498 (0x00005f17) x30 0x80010498
core   0: 0x8000b49c (0xb63f2423) sw      gp, -1176(t5)
core   0: 3 0x8000b49c (0xb63f2423) mem 0x80010000 0x00000001
core   0: 0x8000b4a0 (0x0000bfe5) c.j     pc - 8
core   0: 3 0x8000b4a0 (0xbfe5)
core   0: 0x8000b498 (0x00005f17) auipc   t5, 0x5
core   0: 3 0x8000b498 (0x00005f17) x30 0x80010498
core   0: 0x8000b49c (0xb63f2423) sw      gp, -1176(t5)
core   0: 3 0x8000b49c (0xb63f2423) mem 0x80010000 0x00000001
core   0: 0x8000b4a0 (0x0000bfe5) c.j     pc - 8
core   0: 3 0x8000b4a0 (0xbfe5)
core   0: 0x8000b498 (0x00005f17) auipc   t5, 0x5
core   0: 3 0x8000b498 (0x00005f17) x30 0x80010498
core   0: 0x8000b49c (0xb63f2423) sw      gp, -1176(t5)
core   0: 3 0x8000b49c (0xb63f2423) mem 0x80010000 0x00000001
core   0: 0x8000b4a0 (0x0000bfe5) c.j     pc - 8
core   0: 3 0x8000b4a0 (0xbfe5)
core   0: 0x8000b498 (0x00005f17) auipc   t5, 0x5
core   0: 3 0x8000b498 (0x00005f17) x30 0x80010498
core   0: 0x8000b49c (0xb63f2423) sw      gp, -1176(t5)
core   0: 3 0x8000b49c (0xb63f2423) mem 0x80010000 0x00000001
core   0: 0x8000b4a0 (0x0000bfe5) c.j     pc - 8
core   0: 3 0x8000b4a0 (0xbfe5)
core   0: 0x8000b498 (0x00005f17) auipc   t5, 0x5
core   0: 3 0x8000b498 (0x00005f17) x30 0x80010498
core   0: 0x8000b49c (0xb63f2423) sw      gp, -1176(t5)
core   0: 3 0x8000b49c (0xb63f2423) mem 0x80010000 0x00000001
core   0: 0x8000b4a0 (0x0000bfe5) c.j     pc - 8
core   0: 3 0x8000b4a0 (0xbfe5)
core   0: 0x8000b498 (0x00005f17) auipc   t5, 0x5
core   0: 3 0x8000b498 (0x00005f17) x30 0x80010498
core   0: 0x8000b49c (0xb63f2423) sw      gp, -1176(t5)
core   0: 3 0x8000b49c (0xb63f2423) mem 0x80010000 0x00000001
core   0: 0x8000b4a0 (0x0000bfe5) c.j     pc - 8
core   0: 3 0x8000b4a0 (0xbfe5)
core   0: 0x8000b498 (0x00005f17) auipc   t5, 0x5
core   0: 3 0x8000b498 (0x00005f17) x30 0x80010498
core   0: 0x8000b49c (0xb63f2423) sw      gp, -1176(t5)
core   0: 3 0x8000b49c (0xb63f2423) mem 0x80010000 0x00000001
core   0: 0x8000b4a0 (0x0000bfe5) c.j     pc - 8
core   0: 3 0x8000b4a0 (0xbfe5)
core   0: 0x8000b498 (0x00005f17) auipc   t5, 0x5
core   0: 3 0x8000b498 (0x00005f17) x30 0x80010498
core   0: 0x8000b49c (0xb63f2423) sw      gp, -1176(t5)
core   0: 3 0x8000b49c (0xb63f2423) mem 0x80010000 0x00000001
core   0: 0x8000b4a0 (0x0000bfe5) c.j     pc - 8
core   0: 3 0x8000b4a0 (0xbfe5)
core   0: 0x8000b498 (0x00005f17) auipc   t5, 0x5
core   0: 3 0x8000b498 (0x00005f17) x30 0x80010498
core   0: 0x8000b49c (0xb63f2423) sw      gp, -1176(t5)
core   0: 3 0x8000b49c (0xb63f2423) mem 0x80010000 0x00000001
core   0: 0x8000b4a0 (0x0000bfe5) c.j     pc - 8
core   0: 3 0x8000b4a0 (0xbfe5)
core   0: 0x8000b498 (0x00005f17) auipc   t5, 0x5
core   0: 3 0x8000b498 (0x00005f17) x30 0x80010498
core   0: 0x8000b49c (0xb63f2423) sw      gp, -1176(t5)
core   0: 3 0x8000b49c (0xb63f2423) mem 0x80010000 0x00000001
core   0: 0x8000b4a0 (0x0000bfe5) c.j     pc - 8
core   0: 3 0x8000b4a0 (0xbfe5)
core   0: 0x8000b498 (0x00005f17) auipc   t5, 0x5
core   0: 3 0x8000b498 (0x00005f17) x30 0x80010498
core   0: 0x8000b49c (0xb63f2423) sw      gp, -1176(t5)
core   0: 3 0x8000b49c (0xb63f2423) mem 0x80010000 0x00000001
core   0: 0x8000b4a0 (0x0000bfe5) c.j     pc - 8
core   0: 3 0x8000b4a0 (0xbfe5)
core   0: 0x8000b498 (0x00005f17) auipc   t5, 0x5
core   0: 3 0x8000b498 (0x00005f17) x30 0x80010498
core   0: 0x8000b49c (0xb63f2423) sw      gp, -1176(t5)
core   0: 3 0x8000b49c (0xb63f2423) mem 0x80010000 0x00000001
core   0: 0x8000b4a0 (0x0000bfe5) c.j     pc - 8
core   0: 3 0x8000b4a0 (0xbfe5)
core   0: 0x8000b498 (0x00005f17) auipc   t5, 0x5
core   0: 3 0x8000b498 (0x00005f17) x30 0x80010498
core   0: 0x8000b49c (0xb63f2423) sw      gp, -1176(t5)
core   0: 3 0x8000b49c (0xb63f2423) mem 0x80010000 0x00000001
core   0: 0x8000b4a0 (0x0000bfe5) c.j     pc - 8
core   0: 3 0x8000b4a0 (0xbfe5)
core   0: 0x8000b498 (0x00005f17) auipc   t5, 0x5
core   0: 3 0x8000b498 (0x00005f17) x30 0x80010498
core   0: 0x8000b49c (0xb63f2423) sw      gp, -1176(t5)
core   0: 3 0x8000b49c (0xb63f2423) mem 0x80010000 0x00000001
core   0: 0x8000b4a0 (0x0000bfe5) c.j     pc - 8
core   0: 3 0x8000b4a0 (0xbfe5)
core   0: 0x8000b498 (0x00005f17) auipc   t5, 0x5
core   0: 3 0x8000b498 (0x00005f17) x30 0x80010498
core   0: 0x8000b49c (0xb63f2423) sw      gp, -1176(t5)
core   0: 3 0x8000b49c (0xb63f2423) mem 0x80010000 0x00000001
core   0: 0x8000b4a0 (0x0000bfe5) c.j     pc - 8
core   0: 3 0x8000b4a0 (0xbfe5)
core   0: 0x8000b498 (0x00005f17) auipc   t5, 0x5
core   0: 3 0x8000b498 (0x00005f17) x30 0x80010498
core   0: 0x8000b49c (0xb63f2423) sw      gp, -1176(t5)
core   0: 3 0x8000b49c (0xb63f2423) mem 0x80010000 0x00000001
core   0: 0x8000b4a0 (0x0000bfe5) c.j     pc - 8
core   0: 3 0x8000b4a0 (0xbfe5)
core   0: 0x8000b498 (0x00005f17) auipc   t5, 0x5
core   0: 3 0x8000b498 (0x00005f17) x30 0x80010498
core   0: 0x8000b49c (0xb63f2423) sw      gp, -1176(t5)
core   0: 3 0x8000b49c (0xb63f2423) mem 0x80010000 0x00000001
core   0: 0x8000b4a0 (0x0000bfe5) c.j     pc - 8
core   0: 3 0x8000b4a0 (0xbfe5)
core   0: 0x8000b498 (0x00005f17) auipc   t5, 0x5
core   0: 3 0x8000b498 (0x00005f17) x30 0x80010498
core   0: 0x8000b49c (0xb63f2423) sw      gp, -1176(t5)
core   0: 3 0x8000b49c (0xb63f2423) mem 0x80010000 0x00000001
core   0: 0x8000b4a0 (0x0000bfe5) c.j     pc - 8
core   0: 3 0x8000b4a0 (0xbfe5)
core   0: 0x8000b498 (0x00005f17) auipc   t5, 0x5
core   0: 3 0x8000b498 (0x00005f17) x30 0x80010498
core   0: 0x8000b49c (0xb63f2423) sw      gp, -1176(t5)
core   0: 3 0x8000b49c (0xb63f2423) mem 0x80010000 0x00000001
core   0: 0x8000b4a0 (0x0000bfe5) c.j     pc - 8
core   0: 3 0x8000b4a0 (0xbfe5)
core   0: 0x8000b498 (0x00005f17) auipc   t5, 0x5
core   0: 3 0x8000b498 (0x00005f17) x30 0x80010498
core   0: 0x8000b49c (0xb63f2423) sw      gp, -1176(t5)
core   0: 3 0x8000b49c (0xb63f2423) mem 0x80010000 0x00000001
core   0: 0x8000b4a0 (0x0000bfe5) c.j     pc - 8
core   0: 3 0x8000b4a0 (0xbfe5)
core   0: 0x8000b498 (0x00005f17) auipc   t5, 0x5
core   0: 3 0x8000b498 (0x00005f17) x30 0x80010498
core   0: 0x8000b49c (0xb63f2423) sw      gp, -1176(t5)
core   0: 3 0x8000b49c (0xb63f2423) mem 0x80010000 0x00000001
core   0: 0x8000b4a0 (0x0000bfe5) c.j     pc - 8
core   0: 3 0x8000b4a0 (0xbfe5)
core   0: 0x8000b498 (0x00005f17) auipc   t5, 0x5
core   0: 3 0x8000b498 (0x00005f17) x30 0x80010498
core   0: 0x8000b49c (0xb63f2423) sw      gp, -1176(t5)
core   0: 3 0x8000b49c (0xb63f2423) mem 0x80010000 0x00000001
core   0: 0x8000b4a0 (0x0000bfe5) c.j     pc - 8
core   0: 3 0x8000b4a0 (0xbfe5)
core   0: 0x8000b498 (0x00005f17) auipc   t5, 0x5
core   0: 3 0x8000b498 (0x00005f17) x30 0x80010498
core   0: 0x8000b49c (0xb63f2423) sw      gp, -1176(t5)
core   0: 3 0x8000b49c (0xb63f2423) mem 0x80010000 0x00000001
core   0: 0x8000b4a0 (0x0000bfe5) c.j     pc - 8
core   0: 3 0x8000b4a0 (0xbfe5)
core   0: 0x8000b498 (0x00005f17) auipc   t5, 0x5
core   0: 3 0x8000b498 (0x00005f17) x30 0x80010498
core   0: 0x8000b49c (0xb63f2423) sw      gp, -1176(t5)
core   0: 3 0x8000b49c (0xb63f2423) mem 0x80010000 0x00000001
core   0: 0x8000b4a0 (0x0000bfe5) c.j     pc - 8
core   0: 3 0x8000b4a0 (0xbfe5)
core   0: 0x8000b498 (0x00005f17) auipc   t5, 0x5
core   0: 3 0x8000b498 (0x00005f17) x30 0x80010498
core   0: 0x8000b49c (0xb63f2423) sw      gp, -1176(t5)
core   0: 3 0x8000b49c (0xb63f2423) mem 0x80010000 0x00000001
core   0: 0x8000b4a0 (0x0000bfe5) c.j     pc - 8
core   0: 3 0x8000b4a0 (0xbfe5)
core   0: 0x8000b498 (0x00005f17) auipc   t5, 0x5
core   0: 3 0x8000b498 (0x00005f17) x30 0x80010498
core   0: 0x8000b49c (0xb63f2423) sw      gp, -1176(t5)
core   0: 3 0x8000b49c (0xb63f2423) mem 0x80010000 0x00000001
core   0: 0x8000b4a0 (0x0000bfe5) c.j     pc - 8
core   0: 3 0x8000b4a0 (0xbfe5)
core   0: 0x8000b498 (0x00005f17) auipc   t5, 0x5
core   0: 3 0x8000b498 (0x00005f17) x30 0x80010498
core   0: 0x8000b49c (0xb63f2423) sw      gp, -1176(t5)
core   0: 3 0x8000b49c (0xb63f2423) mem 0x80010000 0x00000001
core   0: 0x8000b4a0 (0x0000bfe5) c.j     pc - 8
core   0: 3 0x8000b4a0 (0xbfe5)
core   0: 0x8000b498 (0x00005f17) auipc   t5, 0x5
core   0: 3 0x8000b498 (0x00005f17) x30 0x80010498
core   0: 0x8000b49c (0xb63f2423) sw      gp, -1176(t5)
core   0: 3 0x8000b49c (0xb63f2423) mem 0x80010000 0x00000001
core   0: 0x8000b4a0 (0x0000bfe5) c.j     pc - 8
core   0: 3 0x8000b4a0 (0xbfe5)
core   0: 0x8000b498 (0x00005f17) auipc   t5, 0x5
core   0: 3 0x8000b498 (0x00005f17) x30 0x80010498
core   0: 0x8000b49c (0xb63f2423) sw      gp, -1176(t5)
core   0: 3 0x8000b49c (0xb63f2423) mem 0x80010000 0x00000001
core   0: 0x8000b4a0 (0x0000bfe5) c.j     pc - 8
core   0: 3 0x8000b4a0 (0xbfe5)
core   0: 0x8000b498 (0x00005f17) auipc   t5, 0x5
core   0: 3 0x8000b498 (0x00005f17) x30 0x80010498
core   0: 0x8000b49c (0xb63f2423) sw      gp, -1176(t5)
core   0: 3 0x8000b49c (0xb63f2423) mem 0x80010000 0x00000001
core   0: 0x8000b4a0 (0x0000bfe5) c.j     pc - 8
core   0: 3 0x8000b4a0 (0xbfe5)
core   0: 0x8000b498 (0x00005f17) auipc   t5, 0x5
core   0: 3 0x8000b498 (0x00005f17) x30 0x80010498
core   0: 0x8000b49c (0xb63f2423) sw      gp, -1176(t5)
core   0: 3 0x8000b49c (0xb63f2423) mem 0x80010000 0x00000001
core   0: 0x8000b4a0 (0x0000bfe5) c.j     pc - 8
core   0: 3 0x8000b4a0 (0xbfe5)
core   0: 0x8000b498 (0x00005f17) auipc   t5, 0x5
core   0: 3 0x8000b498 (0x00005f17) x30 0x80010498
core   0: 0x8000b49c (0xb63f2423) sw      gp, -1176(t5)
core   0: 3 0x8000b49c (0xb63f2423) mem 0x80010000 0x00000001
core   0: 0x8000b4a0 (0x0000bfe5) c.j     pc - 8
core   0: 3 0x8000b4a0 (0xbfe5)
core   0: 0x8000b498 (0x00005f17) auipc   t5, 0x5
core   0: 3 0x8000b498 (0x00005f17) x30 0x80010498
core   0: 0x8000b49c (0xb63f2423) sw      gp, -1176(t5)
core   0: 3 0x8000b49c (0xb63f2423) mem 0x80010000 0x00000001
core   0: 0x8000b4a0 (0x0000bfe5) c.j     pc - 8
core   0: 3 0x8000b4a0 (0xbfe5)
core   0: 0x8000b498 (0x00005f17) auipc   t5, 0x5
core   0: 3 0x8000b498 (0x00005f17) x30 0x80010498
core   0: 0x8000b49c (0xb63f2423) sw      gp, -1176(t5)
core   0: 3 0x8000b49c (0xb63f2423) mem 0x80010000 0x00000001
core   0: 0x8000b4a0 (0x0000bfe5) c.j     pc - 8
core   0: 3 0x8000b4a0 (0xbfe5)
core   0: 0x8000b498 (0x00005f17) auipc   t5, 0x5
core   0: 3 0x8000b498 (0x00005f17) x30 0x80010498
core   0: 0x8000b49c (0xb63f2423) sw      gp, -1176(t5)
core   0: 3 0x8000b49c (0xb63f2423) mem 0x80010000 0x00000001
core   0: 0x8000b4a0 (0x0000bfe5) c.j     pc - 8
core   0: 3 0x8000b4a0 (0xbfe5)
core   0: 0x8000b498 (0x00005f17) auipc   t5, 0x5
core   0: 3 0x8000b498 (0x00005f17) x30 0x80010498
core   0: 0x8000b49c (0xb63f2423) sw      gp, -1176(t5)
core   0: 3 0x8000b49c (0xb63f2423) mem 0x80010000 0x00000001
core   0: 0x8000b4a0 (0x0000bfe5) c.j     pc - 8
core   0: 3 0x8000b4a0 (0xbfe5)
core   0: 0x8000b498 (0x00005f17) auipc   t5, 0x5
core   0: 3 0x8000b498 (0x00005f17) x30 0x80010498
core   0: 0x8000b49c (0xb63f2423) sw      gp, -1176(t5)
core   0: 3 0x8000b49c (0xb63f2423) mem 0x80010000 0x00000001
core   0: 0x8000b4a0 (0x0000bfe5) c.j     pc - 8
core   0: 3 0x8000b4a0 (0xbfe5)
core   0: 0x8000b498 (0x00005f17) auipc   t5, 0x5
core   0: 3 0x8000b498 (0x00005f17) x30 0x80010498
core   0: 0x8000b49c (0xb63f2423) sw      gp, -1176(t5)
core   0: 3 0x8000b49c (0xb63f2423) mem 0x80010000 0x00000001
core   0: 0x8000b4a0 (0x0000bfe5) c.j     pc - 8
core   0: 3 0x8000b4a0 (0xbfe5)
core   0: 0x8000b498 (0x00005f17) auipc   t5, 0x5
core   0: 3 0x8000b498 (0x00005f17) x30 0x80010498
core   0: 0x8000b49c (0xb63f2423) sw      gp, -1176(t5)
core   0: 3 0x8000b49c (0xb63f2423) mem 0x80010000 0x00000001
core   0: 0x8000b4a0 (0x0000bfe5) c.j     pc - 8
core   0: 3 0x8000b4a0 (0xbfe5)
core   0: 0x8000b498 (0x00005f17) auipc   t5, 0x5
core   0: 3 0x8000b498 (0x00005f17) x30 0x80010498
core   0: 0x8000b49c (0xb63f2423) sw      gp, -1176(t5)
core   0: 3 0x8000b49c (0xb63f2423) mem 0x80010000 0x00000001
core   0: 0x8000b4a0 (0x0000bfe5) c.j     pc - 8
core   0: 3 0x8000b4a0 (0xbfe5)
core   0: 0x8000b498 (0x00005f17) auipc   t5, 0x5
core   0: 3 0x8000b498 (0x00005f17) x30 0x80010498
core   0: 0x8000b49c (0xb63f2423) sw      gp, -1176(t5)
core   0: 3 0x8000b49c (0xb63f2423) mem 0x80010000 0x00000001
core   0: 0x8000b4a0 (0x0000bfe5) c.j     pc - 8
core   0: 3 0x8000b4a0 (0xbfe5)
core   0: 0x8000b498 (0x00005f17) auipc   t5, 0x5
core   0: 3 0x8000b498 (0x00005f17) x30 0x80010498
core   0: 0x8000b49c (0xb63f2423) sw      gp, -1176(t5)
core   0: 3 0x8000b49c (0xb63f2423) mem 0x80010000 0x00000001
core   0: 0x8000b4a0 (0x0000bfe5) c.j     pc - 8
core   0: 3 0x8000b4a0 (0xbfe5)
core   0: 0x8000b498 (0x00005f17) auipc   t5, 0x5
core   0: 3 0x8000b498 (0x00005f17) x30 0x80010498
core   0: 0x8000b49c (0xb63f2423) sw      gp, -1176(t5)
core   0: 3 0x8000b49c (0xb63f2423) mem 0x80010000 0x00000001
core   0: 0x8000b4a0 (0x0000bfe5) c.j     pc - 8
core   0: 3 0x8000b4a0 (0xbfe5)
core   0: 0x8000b498 (0x00005f17) auipc   t5, 0x5
core   0: 3 0x8000b498 (0x00005f17) x30 0x80010498
core   0: 0x8000b49c (0xb63f2423) sw      gp, -1176(t5)
core   0: 3 0x8000b49c (0xb63f2423) mem 0x80010000 0x00000001
core   0: 0x8000b4a0 (0x0000bfe5) c.j     pc - 8
core   0: 3 0x8000b4a0 (0xbfe5)
core   0: 0x8000b498 (0x00005f17) auipc   t5, 0x5
core   0: 3 0x8000b498 (0x00005f17) x30 0x80010498
core   0: 0x8000b49c (0xb63f2423) sw      gp, -1176(t5)
core   0: 3 0x8000b49c (0xb63f2423) mem 0x80010000 0x00000001
core   0: 0x8000b4a0 (0x0000bfe5) c.j     pc - 8
core   0: 3 0x8000b4a0 (0xbfe5)
core   0: 0x8000b498 (0x00005f17) auipc   t5, 0x5
core   0: 3 0x8000b498 (0x00005f17) x30 0x80010498
core   0: 0x8000b49c (0xb63f2423) sw      gp, -1176(t5)
core   0: 3 0x8000b49c (0xb63f2423) mem 0x80010000 0x00000001
core   0: 0x8000b4a0 (0x0000bfe5) c.j     pc - 8
core   0: 3 0x8000b4a0 (0xbfe5)
core   0: 0x8000b498 (0x00005f17) auipc   t5, 0x5
core   0: 3 0x8000b498 (0x00005f17) x30 0x80010498
core   0: 0x8000b49c (0xb63f2423) sw      gp, -1176(t5)
core   0: 3 0x8000b49c (0xb63f2423) mem 0x80010000 0x00000001
core   0: 0x8000b4a0 (0x0000bfe5) c.j     pc - 8
core   0: 3 0x8000b4a0 (0xbfe5)
core   0: 0x8000b498 (0x00005f17) auipc   t5, 0x5
core   0: 3 0x8000b498 (0x00005f17) x30 0x80010498
core   0: 0x8000b49c (0xb63f2423) sw      gp, -1176(t5)
core   0: 3 0x8000b49c (0xb63f2423) mem 0x80010000 0x00000001
core   0: 0x8000b4a0 (0x0000bfe5) c.j     pc - 8
core   0: 3 0x8000b4a0 (0xbfe5)
core   0: 0x8000b498 (0x00005f17) auipc   t5, 0x5
core   0: 3 0x8000b498 (0x00005f17) x30 0x80010498
core   0: 0x8000b49c (0xb63f2423) sw      gp, -1176(t5)
core   0: 3 0x8000b49c (0xb63f2423) mem 0x80010000 0x00000001
core   0: 0x8000b4a0 (0x0000bfe5) c.j     pc - 8
core   0: 3 0x8000b4a0 (0xbfe5)
core   0: 0x8000b498 (0x00005f17) auipc   t5, 0x5
core   0: 3 0x8000b498 (0x00005f17) x30 0x80010498
core   0: 0x8000b49c (0xb63f2423) sw      gp, -1176(t5)
core   0: 3 0x8000b49c (0xb63f2423) mem 0x80010000 0x00000001
core   0: 0x8000b4a0 (0x0000bfe5) c.j     pc - 8
core   0: 3 0x8000b4a0 (0xbfe5)
core   0: 0x8000b498 (0x00005f17) auipc   t5, 0x5
core   0: 3 0x8000b498 (0x00005f17) x30 0x80010498
core   0: 0x8000b49c (0xb63f2423) sw      gp, -1176(t5)
core   0: 3 0x8000b49c (0xb63f2423) mem 0x80010000 0x00000001
core   0: 0x8000b4a0 (0x0000bfe5) c.j     pc - 8
core   0: 3 0x8000b4a0 (0xbfe5)
core   0: 0x8000b498 (0x00005f17) auipc   t5, 0x5
core   0: 3 0x8000b498 (0x00005f17) x30 0x80010498
core   0: 0x8000b49c (0xb63f2423) sw      gp, -1176(t5)
core   0: 3 0x8000b49c (0xb63f2423) mem 0x80010000 0x00000001
core   0: 0x8000b4a0 (0x0000bfe5) c.j     pc - 8
core   0: 3 0x8000b4a0 (0xbfe5)
core   0: 0x8000b498 (0x00005f17) auipc   t5, 0x5
core   0: 3 0x8000b498 (0x00005f17) x30 0x80010498
core   0: 0x8000b49c (0xb63f2423) sw      gp, -1176(t5)
core   0: 3 0x8000b49c (0xb63f2423) mem 0x80010000 0x00000001
core   0: 0x8000b4a0 (0x0000bfe5) c.j     pc - 8
core   0: 3 0x8000b4a0 (0xbfe5)
core   0: 0x8000b498 (0x00005f17) auipc   t5, 0x5
core   0: 3 0x8000b498 (0x00005f17) x30 0x80010498
core   0: 0x8000b49c (0xb63f2423) sw      gp, -1176(t5)
core   0: 3 0x8000b49c (0xb63f2423) mem 0x80010000 0x00000001
core   0: 0x8000b4a0 (0x0000bfe5) c.j     pc - 8
core   0: 3 0x8000b4a0 (0xbfe5)
core   0: 0x8000b498 (0x00005f17) auipc   t5, 0x5
core   0: 3 0x8000b498 (0x00005f17) x30 0x80010498
core   0: 0x8000b49c (0xb63f2423) sw      gp, -1176(t5)
core   0: 3 0x8000b49c (0xb63f2423) mem 0x80010000 0x00000001
core   0: 0x8000b4a0 (0x0000bfe5) c.j     pc - 8
core   0: 3 0x8000b4a0 (0xbfe5)
core   0: 0x8000b498 (0x00005f17) auipc   t5, 0x5
core   0: 3 0x8000b498 (0x00005f17) x30 0x80010498
core   0: 0x8000b49c (0xb63f2423) sw      gp, -1176(t5)
core   0: 3 0x8000b49c (0xb63f2423) mem 0x80010000 0x00000001
core   0: 0x8000b4a0 (0x0000bfe5) c.j     pc - 8
core   0: 3 0x8000b4a0 (0xbfe5)
core   0: 0x8000b498 (0x00005f17) auipc   t5, 0x5
core   0: 3 0x8000b498 (0x00005f17) x30 0x80010498
core   0: 0x8000b49c (0xb63f2423) sw      gp, -1176(t5)
core   0: 3 0x8000b49c (0xb63f2423) mem 0x80010000 0x00000001
core   0: 0x8000b4a0 (0x0000bfe5) c.j     pc - 8
core   0: 3 0x8000b4a0 (0xbfe5)
core   0: 0x8000b498 (0x00005f17) auipc   t5, 0x5
core   0: 3 0x8000b498 (0x00005f17) x30 0x80010498
core   0: 0x8000b49c (0xb63f2423) sw      gp, -1176(t5)
core   0: 3 0x8000b49c (0xb63f2423) mem 0x80010000 0x00000001
core   0: 0x8000b4a0 (0x0000bfe5) c.j     pc - 8
core   0: 3 0x8000b4a0 (0xbfe5)
core   0: 0x8000b498 (0x00005f17) auipc   t5, 0x5
core   0: 3 0x8000b498 (0x00005f17) x30 0x80010498
core   0: 0x8000b49c (0xb63f2423) sw      gp, -1176(t5)
core   0: 3 0x8000b49c (0xb63f2423) mem 0x80010000 0x00000001
core   0: 0x8000b4a0 (0x0000bfe5) c.j     pc - 8
core   0: 3 0x8000b4a0 (0xbfe5)
core   0: 0x8000b498 (0x00005f17) auipc   t5, 0x5
core   0: 3 0x8000b498 (0x00005f17) x30 0x80010498
core   0: 0x8000b49c (0xb63f2423) sw      gp, -1176(t5)
core   0: 3 0x8000b49c (0xb63f2423) mem 0x80010000 0x00000001
core   0: 0x8000b4a0 (0x0000bfe5) c.j     pc - 8
core   0: 3 0x8000b4a0 (0xbfe5)
core   0: 0x8000b498 (0x00005f17) auipc   t5, 0x5
core   0: 3 0x8000b498 (0x00005f17) x30 0x80010498
core   0: 0x8000b49c (0xb63f2423) sw      gp, -1176(t5)
core   0: 3 0x8000b49c (0xb63f2423) mem 0x80010000 0x00000001
core   0: 0x8000b4a0 (0x0000bfe5) c.j     pc - 8
core   0: 3 0x8000b4a0 (0xbfe5)
core   0: 0x8000b498 (0x00005f17) auipc   t5, 0x5
core   0: 3 0x8000b498 (0x00005f17) x30 0x80010498
core   0: 0x8000b49c (0xb63f2423) sw      gp, -1176(t5)
core   0: 3 0x8000b49c (0xb63f2423) mem 0x80010000 0x00000001
core   0: 0x8000b4a0 (0x0000bfe5) c.j     pc - 8
core   0: 3 0x8000b4a0 (0xbfe5)
core   0: 0x8000b498 (0x00005f17) auipc   t5, 0x5
core   0: 3 0x8000b498 (0x00005f17) x30 0x80010498
core   0: 0x8000b49c (0xb63f2423) sw      gp, -1176(t5)
core   0: 3 0x8000b49c (0xb63f2423) mem 0x80010000 0x00000001
core   0: 0x8000b4a0 (0x0000bfe5) c.j     pc - 8
core   0: 3 0x8000b4a0 (0xbfe5)
core   0: 0x8000b498 (0x00005f17) auipc   t5, 0x5
core   0: 3 0x8000b498 (0x00005f17) x30 0x80010498
core   0: 0x8000b49c (0xb63f2423) sw      gp, -1176(t5)
core   0: 3 0x8000b49c (0xb63f2423) mem 0x80010000 0x00000001
core   0: 0x8000b4a0 (0x0000bfe5) c.j     pc - 8
core   0: 3 0x8000b4a0 (0xbfe5)
core   0: 0x8000b498 (0x00005f17) auipc   t5, 0x5
core   0: 3 0x8000b498 (0x00005f17) x30 0x80010498
core   0: 0x8000b49c (0xb63f2423) sw      gp, -1176(t5)
core   0: 3 0x8000b49c (0xb63f2423) mem 0x80010000 0x00000001
core   0: 0x8000b4a0 (0x0000bfe5) c.j     pc - 8
core   0: 3 0x8000b4a0 (0xbfe5)
core   0: 0x8000b498 (0x00005f17) auipc   t5, 0x5
core   0: 3 0x8000b498 (0x00005f17) x30 0x80010498
core   0: 0x8000b49c (0xb63f2423) sw      gp, -1176(t5)
core   0: 3 0x8000b49c (0xb63f2423) mem 0x80010000 0x00000001
core   0: 0x8000b4a0 (0x0000bfe5) c.j     pc - 8
core   0: 3 0x8000b4a0 (0xbfe5)
core   0: 0x8000b498 (0x00005f17) auipc   t5, 0x5
core   0: 3 0x8000b498 (0x00005f17) x30 0x80010498
core   0: 0x8000b49c (0xb63f2423) sw      gp, -1176(t5)
core   0: 3 0x8000b49c (0xb63f2423) mem 0x80010000 0x00000001
core   0: 0x8000b4a0 (0x0000bfe5) c.j     pc - 8
core   0: 3 0x8000b4a0 (0xbfe5)
core   0: 0x8000b498 (0x00005f17) auipc   t5, 0x5
core   0: 3 0x8000b498 (0x00005f17) x30 0x80010498
core   0: 0x8000b49c (0xb63f2423) sw      gp, -1176(t5)
core   0: 3 0x8000b49c (0xb63f2423) mem 0x80010000 0x00000001
core   0: 0x8000b4a0 (0x0000bfe5) c.j     pc - 8
core   0: 3 0x8000b4a0 (0xbfe5)
core   0: 0x8000b498 (0x00005f17) auipc   t5, 0x5
core   0: 3 0x8000b498 (0x00005f17) x30 0x80010498
core   0: 0x8000b49c (0xb63f2423) sw      gp, -1176(t5)
core   0: 3 0x8000b49c (0xb63f2423) mem 0x80010000 0x00000001
core   0: 0x8000b4a0 (0x0000bfe5) c.j     pc - 8
core   0: 3 0x8000b4a0 (0xbfe5)
core   0: 0x8000b498 (0x00005f17) auipc   t5, 0x5
core   0: 3 0x8000b498 (0x00005f17) x30 0x80010498
core   0: 0x8000b49c (0xb63f2423) sw      gp, -1176(t5)
core   0: 3 0x8000b49c (0xb63f2423) mem 0x80010000 0x00000001
core   0: 0x8000b4a0 (0x0000bfe5) c.j     pc - 8
core   0: 3 0x8000b4a0 (0xbfe5)
core   0: 0x8000b498 (0x00005f17) auipc   t5, 0x5
core   0: 3 0x8000b498 (0x00005f17) x30 0x80010498
core   0: 0x8000b49c (0xb63f2423) sw      gp, -1176(t5)
core   0: 3 0x8000b49c (0xb63f2423) mem 0x80010000 0x00000001
core   0: 0x8000b4a0 (0x0000bfe5) c.j     pc - 8
core   0: 3 0x8000b4a0 (0xbfe5)
core   0: 0x8000b498 (0x00005f17) auipc   t5, 0x5
core   0: 3 0x8000b498 (0x00005f17) x30 0x80010498
core   0: 0x8000b49c (0xb63f2423) sw      gp, -1176(t5)
core   0: 3 0x8000b49c (0xb63f2423) mem 0x80010000 0x00000001
core   0: 0x8000b4a0 (0x0000bfe5) c.j     pc - 8
core   0: 3 0x8000b4a0 (0xbfe5)
core   0: 0x8000b498 (0x00005f17) auipc   t5, 0x5
core   0: 3 0x8000b498 (0x00005f17) x30 0x80010498
core   0: 0x8000b49c (0xb63f2423) sw      gp, -1176(t5)
core   0: 3 0x8000b49c (0xb63f2423) mem 0x80010000 0x00000001
core   0: 0x8000b4a0 (0x0000bfe5) c.j     pc - 8
core   0: 3 0x8000b4a0 (0xbfe5)
core   0: 0x8000b498 (0x00005f17) auipc   t5, 0x5
core   0: 3 0x8000b498 (0x00005f17) x30 0x80010498
core   0: 0x8000b49c (0xb63f2423) sw      gp, -1176(t5)
core   0: 3 0x8000b49c (0xb63f2423) mem 0x80010000 0x00000001
core   0: 0x8000b4a0 (0x0000bfe5) c.j     pc - 8
core   0: 3 0x8000b4a0 (0xbfe5)
core   0: 0x8000b498 (0x00005f17) auipc   t5, 0x5
core   0: 3 0x8000b498 (0x00005f17) x30 0x80010498
core   0: 0x8000b49c (0xb63f2423) sw      gp, -1176(t5)
core   0: 3 0x8000b49c (0xb63f2423) mem 0x80010000 0x00000001
core   0: 0x8000b4a0 (0x0000bfe5) c.j     pc - 8
core   0: 3 0x8000b4a0 (0xbfe5)
core   0: 0x8000b498 (0x00005f17) auipc   t5, 0x5
core   0: 3 0x8000b498 (0x00005f17) x30 0x80010498
core   0: 0x8000b49c (0xb63f2423) sw      gp, -1176(t5)
core   0: 3 0x8000b49c (0xb63f2423) mem 0x80010000 0x00000001
core   0: 0x8000b4a0 (0x0000bfe5) c.j     pc - 8
core   0: 3 0x8000b4a0 (0xbfe5)
core   0: 0x8000b498 (0x00005f17) auipc   t5, 0x5
core   0: 3 0x8000b498 (0x00005f17) x30 0x80010498
core   0: 0x8000b49c (0xb63f2423) sw      gp, -1176(t5)
core   0: 3 0x8000b49c (0xb63f2423) mem 0x80010000 0x00000001
core   0: 0x8000b4a0 (0x0000bfe5) c.j     pc - 8
core   0: 3 0x8000b4a0 (0xbfe5)
core   0: 0x8000b498 (0x00005f17) auipc   t5, 0x5
core   0: 3 0x8000b498 (0x00005f17) x30 0x80010498
core   0: 0x8000b49c (0xb63f2423) sw      gp, -1176(t5)
core   0: 3 0x8000b49c (0xb63f2423) mem 0x80010000 0x00000001
core   0: 0x8000b4a0 (0x0000bfe5) c.j     pc - 8
core   0: 3 0x8000b4a0 (0xbfe5)
core   0: 0x8000b498 (0x00005f17) auipc   t5, 0x5
core   0: 3 0x8000b498 (0x00005f17) x30 0x80010498
core   0: 0x8000b49c (0xb63f2423) sw      gp, -1176(t5)
core   0: 3 0x8000b49c (0xb63f2423) mem 0x80010000 0x00000001
core   0: 0x8000b4a0 (0x0000bfe5) c.j     pc - 8
core   0: 3 0x8000b4a0 (0xbfe5)
core   0: 0x8000b498 (0x00005f17) auipc   t5, 0x5
core   0: 3 0x8000b498 (0x00005f17) x30 0x80010498
core   0: 0x8000b49c (0xb63f2423) sw      gp, -1176(t5)
core   0: 3 0x8000b49c (0xb63f2423) mem 0x80010000 0x00000001
core   0: 0x8000b4a0 (0x0000bfe5) c.j     pc - 8
core   0: 3 0x8000b4a0 (0xbfe5)
core   0: 0x8000b498 (0x00005f17) auipc   t5, 0x5
core   0: 3 0x8000b498 (0x00005f17) x30 0x80010498
core   0: 0x8000b49c (0xb63f2423) sw      gp, -1176(t5)
core   0: 3 0x8000b49c (0xb63f2423) mem 0x80010000 0x00000001
core   0: 0x8000b4a0 (0x0000bfe5) c.j     pc - 8
core   0: 3 0x8000b4a0 (0xbfe5)
core   0: 0x8000b498 (0x00005f17) auipc   t5, 0x5
core   0: 3 0x8000b498 (0x00005f17) x30 0x80010498
core   0: 0x8000b49c (0xb63f2423) sw      gp, -1176(t5)
core   0: 3 0x8000b49c (0xb63f2423) mem 0x80010000 0x00000001
core   0: 0x8000b4a0 (0x0000bfe5) c.j     pc - 8
core   0: 3 0x8000b4a0 (0xbfe5)
core   0: 0x8000b498 (0x00005f17) auipc   t5, 0x5
core   0: 3 0x8000b498 (0x00005f17) x30 0x80010498
core   0: 0x8000b49c (0xb63f2423) sw      gp, -1176(t5)
core   0: 3 0x8000b49c (0xb63f2423) mem 0x80010000 0x00000001
core   0: 0x8000b4a0 (0x0000bfe5) c.j     pc - 8
core   0: 3 0x8000b4a0 (0xbfe5)
core   0: 0x8000b498 (0x00005f17) auipc   t5, 0x5
core   0: 3 0x8000b498 (0x00005f17) x30 0x80010498
core   0: 0x8000b49c (0xb63f2423) sw      gp, -1176(t5)
core   0: 3 0x8000b49c (0xb63f2423) mem 0x80010000 0x00000001
core   0: 0x8000b4a0 (0x0000bfe5) c.j     pc - 8
core   0: 3 0x8000b4a0 (0xbfe5)
core   0: 0x8000b498 (0x00005f17) auipc   t5, 0x5
core   0: 3 0x8000b498 (0x00005f17) x30 0x80010498
core   0: 0x8000b49c (0xb63f2423) sw      gp, -1176(t5)
core   0: 3 0x8000b49c (0xb63f2423) mem 0x80010000 0x00000001
core   0: 0x8000b4a0 (0x0000bfe5) c.j     pc - 8
core   0: 3 0x8000b4a0 (0xbfe5)
core   0: 0x8000b498 (0x00005f17) auipc   t5, 0x5
core   0: 3 0x8000b498 (0x00005f17) x30 0x80010498
core   0: 0x8000b49c (0xb63f2423) sw      gp, -1176(t5)
core   0: 3 0x8000b49c (0xb63f2423) mem 0x80010000 0x00000001
core   0: 0x8000b4a0 (0x0000bfe5) c.j     pc - 8
core   0: 3 0x8000b4a0 (0xbfe5)
core   0: 0x8000b498 (0x00005f17) auipc   t5, 0x5
core   0: 3 0x8000b498 (0x00005f17) x30 0x80010498
core   0: 0x8000b49c (0xb63f2423) sw      gp, -1176(t5)
core   0: 3 0x8000b49c (0xb63f2423) mem 0x80010000 0x00000001
core   0: 0x8000b4a0 (0x0000bfe5) c.j     pc - 8
core   0: 3 0x8000b4a0 (0xbfe5)
core   0: 0x8000b498 (0x00005f17) auipc   t5, 0x5
core   0: 3 0x8000b498 (0x00005f17) x30 0x80010498
core   0: 0x8000b49c (0xb63f2423) sw      gp, -1176(t5)
core   0: 3 0x8000b49c (0xb63f2423) mem 0x80010000 0x00000001
core   0: 0x8000b4a0 (0x0000bfe5) c.j     pc - 8
core   0: 3 0x8000b4a0 (0xbfe5)
core   0: 0x8000b498 (0x00005f17) auipc   t5, 0x5
core   0: 3 0x8000b498 (0x00005f17) x30 0x80010498
core   0: 0x8000b49c (0xb63f2423) sw      gp, -1176(t5)
core   0: 3 0x8000b49c (0xb63f2423) mem 0x80010000 0x00000001
core   0: 0x8000b4a0 (0x0000bfe5) c.j     pc - 8
core   0: 3 0x8000b4a0 (0xbfe5)
core   0: 0x8000b498 (0x00005f17) auipc   t5, 0x5
core   0: 3 0x8000b498 (0x00005f17) x30 0x80010498
core   0: 0x8000b49c (0xb63f2423) sw      gp, -1176(t5)
core   0: 3 0x8000b49c (0xb63f2423) mem 0x80010000 0x00000001
core   0: 0x8000b4a0 (0x0000bfe5) c.j     pc - 8
core   0: 3 0x8000b4a0 (0xbfe5)
core   0: 0x8000b498 (0x00005f17) auipc   t5, 0x5
core   0: 3 0x8000b498 (0x00005f17) x30 0x80010498
core   0: 0x8000b49c (0xb63f2423) sw      gp, -1176(t5)
core   0: 3 0x8000b49c (0xb63f2423) mem 0x80010000 0x00000001
core   0: 0x8000b4a0 (0x0000bfe5) c.j     pc - 8
core   0: 3 0x8000b4a0 (0xbfe5)
core   0: 0x8000b498 (0x00005f17) auipc   t5, 0x5
core   0: 3 0x8000b498 (0x00005f17) x30 0x80010498
core   0: 0x8000b49c (0xb63f2423) sw      gp, -1176(t5)
core   0: 3 0x8000b49c (0xb63f2423) mem 0x80010000 0x00000001
core   0: 0x8000b4a0 (0x0000bfe5) c.j     pc - 8
core   0: 3 0x8000b4a0 (0xbfe5)
core   0: 0x8000b498 (0x00005f17) auipc   t5, 0x5
core   0: 3 0x8000b498 (0x00005f17) x30 0x80010498
core   0: 0x8000b49c (0xb63f2423) sw      gp, -1176(t5)
core   0: 3 0x8000b49c (0xb63f2423) mem 0x80010000 0x00000001
core   0: 0x8000b4a0 (0x0000bfe5) c.j     pc - 8
core   0: 3 0x8000b4a0 (0xbfe5)
core   0: 0x8000b498 (0x00005f17) auipc   t5, 0x5
core   0: 3 0x8000b498 (0x00005f17) x30 0x80010498
core   0: 0x8000b49c (0xb63f2423) sw      gp, -1176(t5)
core   0: 3 0x8000b49c (0xb63f2423) mem 0x80010000 0x00000001
core   0: 0x8000b4a0 (0x0000bfe5) c.j     pc - 8
core   0: 3 0x8000b4a0 (0xbfe5)
core   0: 0x8000b498 (0x00005f17) auipc   t5, 0x5
core   0: 3 0x8000b498 (0x00005f17) x30 0x80010498
core   0: 0x8000b49c (0xb63f2423) sw      gp, -1176(t5)
core   0: 3 0x8000b49c (0xb63f2423) mem 0x80010000 0x00000001
core   0: 0x8000b4a0 (0x0000bfe5) c.j     pc - 8
core   0: 3 0x8000b4a0 (0xbfe5)
core   0: 0x8000b498 (0x00005f17) auipc   t5, 0x5
core   0: 3 0x8000b498 (0x00005f17) x30 0x80010498
core   0: 0x8000b49c (0xb63f2423) sw      gp, -1176(t5)
core   0: 3 0x8000b49c (0xb63f2423) mem 0x80010000 0x00000001
core   0: 0x8000b4a0 (0x0000bfe5) c.j     pc - 8
core   0: 3 0x8000b4a0 (0xbfe5)
core   0: 0x8000b498 (0x00005f17) auipc   t5, 0x5
core   0: 3 0x8000b498 (0x00005f17) x30 0x80010498
core   0: 0x8000b49c (0xb63f2423) sw      gp, -1176(t5)
core   0: 3 0x8000b49c (0xb63f2423) mem 0x80010000 0x00000001
core   0: 0x8000b4a0 (0x0000bfe5) c.j     pc - 8
core   0: 3 0x8000b4a0 (0xbfe5)
core   0: 0x8000b498 (0x00005f17) auipc   t5, 0x5
core   0: 3 0x8000b498 (0x00005f17) x30 0x80010498
core   0: 0x8000b49c (0xb63f2423) sw      gp, -1176(t5)
core   0: 3 0x8000b49c (0xb63f2423) mem 0x80010000 0x00000001
core   0: 0x8000b4a0 (0x0000bfe5) c.j     pc - 8
core   0: 3 0x8000b4a0 (0xbfe5)
core   0: 0x8000b498 (0x00005f17) auipc   t5, 0x5
core   0: 3 0x8000b498 (0x00005f17) x30 0x80010498
core   0: 0x8000b49c (0xb63f2423) sw      gp, -1176(t5)
core   0: 3 0x8000b49c (0xb63f2423) mem 0x80010000 0x00000001
core   0: 0x8000b4a0 (0x0000bfe5) c.j     pc - 8
core   0: 3 0x8000b4a0 (0xbfe5)
core   0: 0x8000b498 (0x00005f17) auipc   t5, 0x5
core   0: 3 0x8000b498 (0x00005f17) x30 0x80010498
core   0: 0x8000b49c (0xb63f2423) sw      gp, -1176(t5)
core   0: 3 0x8000b49c (0xb63f2423) mem 0x80010000 0x00000001
core   0: 0x8000b4a0 (0x0000bfe5) c.j     pc - 8
core   0: 3 0x8000b4a0 (0xbfe5)
core   0: 0x8000b498 (0x00005f17) auipc   t5, 0x5
core   0: 3 0x8000b498 (0x00005f17) x30 0x80010498
core   0: 0x8000b49c (0xb63f2423) sw      gp, -1176(t5)
core   0: 3 0x8000b49c (0xb63f2423) mem 0x80010000 0x00000001
core   0: 0x8000b4a0 (0x0000bfe5) c.j     pc - 8
core   0: 3 0x8000b4a0 (0xbfe5)
core   0: 0x8000b498 (0x00005f17) auipc   t5, 0x5
core   0: 3 0x8000b498 (0x00005f17) x30 0x80010498
core   0: 0x8000b49c (0xb63f2423) sw      gp, -1176(t5)
core   0: 3 0x8000b49c (0xb63f2423) mem 0x80010000 0x00000001
core   0: 0x8000b4a0 (0x0000bfe5) c.j     pc - 8
core   0: 3 0x8000b4a0 (0xbfe5)
core   0: 0x8000b498 (0x00005f17) auipc   t5, 0x5
core   0: 3 0x8000b498 (0x00005f17) x30 0x80010498
core   0: 0x8000b49c (0xb63f2423) sw      gp, -1176(t5)
core   0: 3 0x8000b49c (0xb63f2423) mem 0x80010000 0x00000001
core   0: 0x8000b4a0 (0x0000bfe5) c.j     pc - 8
core   0: 3 0x8000b4a0 (0xbfe5)
core   0: 0x8000b498 (0x00005f17) auipc   t5, 0x5
core   0: 3 0x8000b498 (0x00005f17) x30 0x80010498
core   0: 0x8000b49c (0xb63f2423) sw      gp, -1176(t5)
core   0: 3 0x8000b49c (0xb63f2423) mem 0x80010000 0x00000001
core   0: 0x8000b4a0 (0x0000bfe5) c.j     pc - 8
core   0: 3 0x8000b4a0 (0xbfe5)
core   0: 0x8000b498 (0x00005f17) auipc   t5, 0x5
core   0: 3 0x8000b498 (0x00005f17) x30 0x80010498
core   0: 0x8000b49c (0xb63f2423) sw      gp, -1176(t5)
core   0: 3 0x8000b49c (0xb63f2423) mem 0x80010000 0x00000001
core   0: 0x8000b4a0 (0x0000bfe5) c.j     pc - 8
core   0: 3 0x8000b4a0 (0xbfe5)
core   0: 0x8000b498 (0x00005f17) auipc   t5, 0x5
core   0: 3 0x8000b498 (0x00005f17) x30 0x80010498
core   0: 0x8000b49c (0xb63f2423) sw      gp, -1176(t5)
core   0: 3 0x8000b49c (0xb63f2423) mem 0x80010000 0x00000001
core   0: 0x8000b4a0 (0x0000bfe5) c.j     pc - 8
core   0: 3 0x8000b4a0 (0xbfe5)
core   0: 0x8000b498 (0x00005f17) auipc   t5, 0x5
core   0: 3 0x8000b498 (0x00005f17) x30 0x80010498
core   0: 0x8000b49c (0xb63f2423) sw      gp, -1176(t5)
core   0: 3 0x8000b49c (0xb63f2423) mem 0x80010000 0x00000001
core   0: 0x8000b4a0 (0x0000bfe5) c.j     pc - 8
core   0: 3 0x8000b4a0 (0xbfe5)
core   0: 0x8000b498 (0x00005f17) auipc   t5, 0x5
core   0: 3 0x8000b498 (0x00005f17) x30 0x80010498
core   0: 0x8000b49c (0xb63f2423) sw      gp, -1176(t5)
core   0: 3 0x8000b49c (0xb63f2423) mem 0x80010000 0x00000001
core   0: 0x8000b4a0 (0x0000bfe5) c.j     pc - 8
core   0: 3 0x8000b4a0 (0xbfe5)
core   0: 0x8000b498 (0x00005f17) auipc   t5, 0x5
core   0: 3 0x8000b498 (0x00005f17) x30 0x80010498
core   0: 0x8000b49c (0xb63f2423) sw      gp, -1176(t5)
core   0: 3 0x8000b49c (0xb63f2423) mem 0x80010000 0x00000001
core   0: 0x8000b4a0 (0x0000bfe5) c.j     pc - 8
core   0: 3 0x8000b4a0 (0xbfe5)
core   0: 0x8000b498 (0x00005f17) auipc   t5, 0x5
core   0: 3 0x8000b498 (0x00005f17) x30 0x80010498
core   0: 0x8000b49c (0xb63f2423) sw      gp, -1176(t5)
core   0: 3 0x8000b49c (0xb63f2423) mem 0x80010000 0x00000001
core   0: 0x8000b4a0 (0x0000bfe5) c.j     pc - 8
core   0: 3 0x8000b4a0 (0xbfe5)
core   0: 0x8000b498 (0x00005f17) auipc   t5, 0x5
core   0: 3 0x8000b498 (0x00005f17) x30 0x80010498
core   0: 0x8000b49c (0xb63f2423) sw      gp, -1176(t5)
core   0: 3 0x8000b49c (0xb63f2423) mem 0x80010000 0x00000001
core   0: 0x8000b4a0 (0x0000bfe5) c.j     pc - 8
core   0: 3 0x8000b4a0 (0xbfe5)
core   0: 0x8000b498 (0x00005f17) auipc   t5, 0x5
core   0: 3 0x8000b498 (0x00005f17) x30 0x80010498
core   0: 0x8000b49c (0xb63f2423) sw      gp, -1176(t5)
core   0: 3 0x8000b49c (0xb63f2423) mem 0x80010000 0x00000001
core   0: 0x8000b4a0 (0x0000bfe5) c.j     pc - 8
core   0: 3 0x8000b4a0 (0xbfe5)
core   0: 0x8000b498 (0x00005f17) auipc   t5, 0x5
core   0: 3 0x8000b498 (0x00005f17) x30 0x80010498
core   0: 0x8000b49c (0xb63f2423) sw      gp, -1176(t5)
core   0: 3 0x8000b49c (0xb63f2423) mem 0x80010000 0x00000001
core   0: 0x8000b4a0 (0x0000bfe5) c.j     pc - 8
core   0: 3 0x8000b4a0 (0xbfe5)
core   0: 0x8000b498 (0x00005f17) auipc   t5, 0x5
core   0: 3 0x8000b498 (0x00005f17) x30 0x80010498
core   0: 0x8000b49c (0xb63f2423) sw      gp, -1176(t5)
core   0: 3 0x8000b49c (0xb63f2423) mem 0x80010000 0x00000001
core   0: 0x8000b4a0 (0x0000bfe5) c.j     pc - 8
core   0: 3 0x8000b4a0 (0xbfe5)
core   0: 0x8000b498 (0x00005f17) auipc   t5, 0x5
core   0: 3 0x8000b498 (0x00005f17) x30 0x80010498
core   0: 0x8000b49c (0xb63f2423) sw      gp, -1176(t5)
core   0: 3 0x8000b49c (0xb63f2423) mem 0x80010000 0x00000001
core   0: 0x8000b4a0 (0x0000bfe5) c.j     pc - 8
core   0: 3 0x8000b4a0 (0xbfe5)
core   0: 0x8000b498 (0x00005f17) auipc   t5, 0x5
core   0: 3 0x8000b498 (0x00005f17) x30 0x80010498
core   0: 0x8000b49c (0xb63f2423) sw      gp, -1176(t5)
core   0: 3 0x8000b49c (0xb63f2423) mem 0x80010000 0x00000001
core   0: 0x8000b4a0 (0x0000bfe5) c.j     pc - 8
core   0: 3 0x8000b4a0 (0xbfe5)
core   0: 0x8000b498 (0x00005f17) auipc   t5, 0x5
core   0: 3 0x8000b498 (0x00005f17) x30 0x80010498
core   0: 0x8000b49c (0xb63f2423) sw      gp, -1176(t5)
core   0: 3 0x8000b49c (0xb63f2423) mem 0x80010000 0x00000001
core   0: 0x8000b4a0 (0x0000bfe5) c.j     pc - 8
core   0: 3 0x8000b4a0 (0xbfe5)
core   0: 0x8000b498 (0x00005f17) auipc   t5, 0x5
core   0: 3 0x8000b498 (0x00005f17) x30 0x80010498
core   0: 0x8000b49c (0xb63f2423) sw      gp, -1176(t5)
core   0: 3 0x8000b49c (0xb63f2423) mem 0x80010000 0x00000001
core   0: 0x8000b4a0 (0x0000bfe5) c.j     pc - 8
core   0: 3 0x8000b4a0 (0xbfe5)
core   0: 0x8000b498 (0x00005f17) auipc   t5, 0x5
core   0: 3 0x8000b498 (0x00005f17) x30 0x80010498
core   0: 0x8000b49c (0xb63f2423) sw      gp, -1176(t5)
core   0: 3 0x8000b49c (0xb63f2423) mem 0x80010000 0x00000001
core   0: 0x8000b4a0 (0x0000bfe5) c.j     pc - 8
core   0: 3 0x8000b4a0 (0xbfe5)
core   0: 0x8000b498 (0x00005f17) auipc   t5, 0x5
core   0: 3 0x8000b498 (0x00005f17) x30 0x80010498
core   0: 0x8000b49c (0xb63f2423) sw      gp, -1176(t5)
core   0: 3 0x8000b49c (0xb63f2423) mem 0x80010000 0x00000001
core   0: 0x8000b4a0 (0x0000bfe5) c.j     pc - 8
core   0: 3 0x8000b4a0 (0xbfe5)
core   0: 0x8000b498 (0x00005f17) auipc   t5, 0x5
core   0: 3 0x8000b498 (0x00005f17) x30 0x80010498
core   0: 0x8000b49c (0xb63f2423) sw      gp, -1176(t5)
core   0: 3 0x8000b49c (0xb63f2423) mem 0x80010000 0x00000001
core   0: 0x8000b4a0 (0x0000bfe5) c.j     pc - 8
core   0: 3 0x8000b4a0 (0xbfe5)
core   0: 0x8000b498 (0x00005f17) auipc   t5, 0x5
core   0: 3 0x8000b498 (0x00005f17) x30 0x80010498
core   0: 0x8000b49c (0xb63f2423) sw      gp, -1176(t5)
core   0: 3 0x8000b49c (0xb63f2423) mem 0x80010000 0x00000001
core   0: 0x8000b4a0 (0x0000bfe5) c.j     pc - 8
core   0: 3 0x8000b4a0 (0xbfe5)
core   0: 0x8000b498 (0x00005f17) auipc   t5, 0x5
core   0: 3 0x8000b498 (0x00005f17) x30 0x80010498
core   0: 0x8000b49c (0xb63f2423) sw      gp, -1176(t5)
core   0: 3 0x8000b49c (0xb63f2423) mem 0x80010000 0x00000001
core   0: 0x8000b4a0 (0x0000bfe5) c.j     pc - 8
core   0: 3 0x8000b4a0 (0xbfe5)
core   0: 0x8000b498 (0x00005f17) auipc   t5, 0x5
core   0: 3 0x8000b498 (0x00005f17) x30 0x80010498
core   0: 0x8000b49c (0xb63f2423) sw      gp, -1176(t5)
core   0: 3 0x8000b49c (0xb63f2423) mem 0x80010000 0x00000001
core   0: 0x8000b4a0 (0x0000bfe5) c.j     pc - 8
core   0: 3 0x8000b4a0 (0xbfe5)
core   0: 0x8000b498 (0x00005f17) auipc   t5, 0x5
core   0: 3 0x8000b498 (0x00005f17) x30 0x80010498
core   0: 0x8000b49c (0xb63f2423) sw      gp, -1176(t5)
core   0: 3 0x8000b49c (0xb63f2423) mem 0x80010000 0x00000001
core   0: 0x8000b4a0 (0x0000bfe5) c.j     pc - 8
core   0: 3 0x8000b4a0 (0xbfe5)
core   0: 0x8000b498 (0x00005f17) auipc   t5, 0x5
core   0: 3 0x8000b498 (0x00005f17) x30 0x80010498
core   0: 0x8000b49c (0xb63f2423) sw      gp, -1176(t5)
core   0: 3 0x8000b49c (0xb63f2423) mem 0x80010000 0x00000001
core   0: 0x8000b4a0 (0x0000bfe5) c.j     pc - 8
core   0: 3 0x8000b4a0 (0xbfe5)
core   0: 0x8000b498 (0x00005f17) auipc   t5, 0x5
core   0: 3 0x8000b498 (0x00005f17) x30 0x80010498
core   0: 0x8000b49c (0xb63f2423) sw      gp, -1176(t5)
core   0: 3 0x8000b49c (0xb63f2423) mem 0x80010000 0x00000001
core   0: 0x8000b4a0 (0x0000bfe5) c.j     pc - 8
core   0: 3 0x8000b4a0 (0xbfe5)
core   0: 0x8000b498 (0x00005f17) auipc   t5, 0x5
core   0: 3 0x8000b498 (0x00005f17) x30 0x80010498
core   0: 0x8000b49c (0xb63f2423) sw      gp, -1176(t5)
core   0: 3 0x8000b49c (0xb63f2423) mem 0x80010000 0x00000001
core   0: 0x8000b4a0 (0x0000bfe5) c.j     pc - 8
core   0: 3 0x8000b4a0 (0xbfe5)
core   0: 0x8000b498 (0x00005f17) auipc   t5, 0x5
core   0: 3 0x8000b498 (0x00005f17) x30 0x80010498
core   0: 0x8000b49c (0xb63f2423) sw      gp, -1176(t5)
core   0: 3 0x8000b49c (0xb63f2423) mem 0x80010000 0x00000001
core   0: 0x8000b4a0 (0x0000bfe5) c.j     pc - 8
core   0: 3 0x8000b4a0 (0xbfe5)
core   0: 0x8000b498 (0x00005f17) auipc   t5, 0x5
core   0: 3 0x8000b498 (0x00005f17) x30 0x80010498
core   0: 0x8000b49c (0xb63f2423) sw      gp, -1176(t5)
core   0: 3 0x8000b49c (0xb63f2423) mem 0x80010000 0x00000001
core   0: 0x8000b4a0 (0x0000bfe5) c.j     pc - 8
core   0: 3 0x8000b4a0 (0xbfe5)
core   0: 0x8000b498 (0x00005f17) auipc   t5, 0x5
core   0: 3 0x8000b498 (0x00005f17) x30 0x80010498
core   0: 0x8000b49c (0xb63f2423) sw      gp, -1176(t5)
core   0: 3 0x8000b49c (0xb63f2423) mem 0x80010000 0x00000001
core   0: 0x8000b4a0 (0x0000bfe5) c.j     pc - 8
core   0: 3 0x8000b4a0 (0xbfe5)
core   0: 0x8000b498 (0x00005f17) auipc   t5, 0x5
core   0: 3 0x8000b498 (0x00005f17) x30 0x80010498
core   0: 0x8000b49c (0xb63f2423) sw      gp, -1176(t5)
core   0: 3 0x8000b49c (0xb63f2423) mem 0x80010000 0x00000001
core   0: 0x8000b4a0 (0x0000bfe5) c.j     pc - 8
core   0: 3 0x8000b4a0 (0xbfe5)
core   0: 0x8000b498 (0x00005f17) auipc   t5, 0x5
core   0: 3 0x8000b498 (0x00005f17) x30 0x80010498
core   0: 0x8000b49c (0xb63f2423) sw      gp, -1176(t5)
core   0: 3 0x8000b49c (0xb63f2423) mem 0x80010000 0x00000001
core   0: 0x8000b4a0 (0x0000bfe5) c.j     pc - 8
core   0: 3 0x8000b4a0 (0xbfe5)
core   0: 0x8000b498 (0x00005f17) auipc   t5, 0x5
core   0: 3 0x8000b498 (0x00005f17) x30 0x80010498
core   0: 0x8000b49c (0xb63f2423) sw      gp, -1176(t5)
core   0: 3 0x8000b49c (0xb63f2423) mem 0x80010000 0x00000001
core   0: 0x8000b4a0 (0x0000bfe5) c.j     pc - 8
core   0: 3 0x8000b4a0 (0xbfe5)
core   0: 0x8000b498 (0x00005f17) auipc   t5, 0x5
core   0: 3 0x8000b498 (0x00005f17) x30 0x80010498
core   0: 0x8000b49c (0xb63f2423) sw      gp, -1176(t5)
core   0: 3 0x8000b49c (0xb63f2423) mem 0x80010000 0x00000001
core   0: 0x8000b4a0 (0x0000bfe5) c.j     pc - 8
core   0: 3 0x8000b4a0 (0xbfe5)
core   0: 0x8000b498 (0x00005f17) auipc   t5, 0x5
core   0: 3 0x8000b498 (0x00005f17) x30 0x80010498
core   0: 0x8000b49c (0xb63f2423) sw      gp, -1176(t5)
core   0: 3 0x8000b49c (0xb63f2423) mem 0x80010000 0x00000001
core   0: 0x8000b4a0 (0x0000bfe5) c.j     pc - 8
core   0: 3 0x8000b4a0 (0xbfe5)
core   0: 0x8000b498 (0x00005f17) auipc   t5, 0x5
core   0: 3 0x8000b498 (0x00005f17) x30 0x80010498
core   0: 0x8000b49c (0xb63f2423) sw      gp, -1176(t5)
core   0: 3 0x8000b49c (0xb63f2423) mem 0x80010000 0x00000001
core   0: 0x8000b4a0 (0x0000bfe5) c.j     pc - 8
core   0: 3 0x8000b4a0 (0xbfe5)
core   0: 0x8000b498 (0x00005f17) auipc   t5, 0x5
core   0: 3 0x8000b498 (0x00005f17) x30 0x80010498
core   0: 0x8000b49c (0xb63f2423) sw      gp, -1176(t5)
core   0: 3 0x8000b49c (0xb63f2423) mem 0x80010000 0x00000001
core   0: 0x8000b4a0 (0x0000bfe5) c.j     pc - 8
core   0: 3 0x8000b4a0 (0xbfe5)
core   0: 0x8000b498 (0x00005f17) auipc   t5, 0x5
core   0: 3 0x8000b498 (0x00005f17) x30 0x80010498
core   0: 0x8000b49c (0xb63f2423) sw      gp, -1176(t5)
core   0: 3 0x8000b49c (0xb63f2423) mem 0x80010000 0x00000001
core   0: 0x8000b4a0 (0x0000bfe5) c.j     pc - 8
core   0: 3 0x8000b4a0 (0xbfe5)
core   0: 0x8000b498 (0x00005f17) auipc   t5, 0x5
core   0: 3 0x8000b498 (0x00005f17) x30 0x80010498
core   0: 0x8000b49c (0xb63f2423) sw      gp, -1176(t5)
core   0: 3 0x8000b49c (0xb63f2423) mem 0x80010000 0x00000001
core   0: 0x8000b4a0 (0x0000bfe5) c.j     pc - 8
core   0: 3 0x8000b4a0 (0xbfe5)
core   0: 0x8000b498 (0x00005f17) auipc   t5, 0x5
core   0: 3 0x8000b498 (0x00005f17) x30 0x80010498
core   0: 0x8000b49c (0xb63f2423) sw      gp, -1176(t5)
core   0: 3 0x8000b49c (0xb63f2423) mem 0x80010000 0x00000001
core   0: 0x8000b4a0 (0x0000bfe5) c.j     pc - 8
core   0: 3 0x8000b4a0 (0xbfe5)
core   0: 0x8000b498 (0x00005f17) auipc   t5, 0x5
core   0: 3 0x8000b498 (0x00005f17) x30 0x80010498
core   0: 0x8000b49c (0xb63f2423) sw      gp, -1176(t5)
core   0: 3 0x8000b49c (0xb63f2423) mem 0x80010000 0x00000001
core   0: 0x8000b4a0 (0x0000bfe5) c.j     pc - 8
core   0: 3 0x8000b4a0 (0xbfe5)
core   0: 0x8000b498 (0x00005f17) auipc   t5, 0x5
core   0: 3 0x8000b498 (0x00005f17) x30 0x80010498
core   0: 0x8000b49c (0xb63f2423) sw      gp, -1176(t5)
core   0: 3 0x8000b49c (0xb63f2423) mem 0x80010000 0x00000001
core   0: 0x8000b4a0 (0x0000bfe5) c.j     pc - 8
core   0: 3 0x8000b4a0 (0xbfe5)
core   0: 0x8000b498 (0x00005f17) auipc   t5, 0x5
core   0: 3 0x8000b498 (0x00005f17) x30 0x80010498
core   0: 0x8000b49c (0xb63f2423) sw      gp, -1176(t5)
core   0: 3 0x8000b49c (0xb63f2423) mem 0x80010000 0x00000001
core   0: 0x8000b4a0 (0x0000bfe5) c.j     pc - 8
core   0: 3 0x8000b4a0 (0xbfe5)
core   0: 0x8000b498 (0x00005f17) auipc   t5, 0x5
core   0: 3 0x8000b498 (0x00005f17) x30 0x80010498
core   0: 0x8000b49c (0xb63f2423) sw      gp, -1176(t5)
core   0: 3 0x8000b49c (0xb63f2423) mem 0x80010000 0x00000001
core   0: 0x8000b4a0 (0x0000bfe5) c.j     pc - 8
core   0: 3 0x8000b4a0 (0xbfe5)
core   0: 0x8000b498 (0x00005f17) auipc   t5, 0x5
core   0: 3 0x8000b498 (0x00005f17) x30 0x80010498
core   0: 0x8000b49c (0xb63f2423) sw      gp, -1176(t5)
core   0: 3 0x8000b49c (0xb63f2423) mem 0x80010000 0x00000001
core   0: 0x8000b4a0 (0x0000bfe5) c.j     pc - 8
core   0: 3 0x8000b4a0 (0xbfe5)
core   0: 0x8000b498 (0x00005f17) auipc   t5, 0x5
core   0: 3 0x8000b498 (0x00005f17) x30 0x80010498
core   0: 0x8000b49c (0xb63f2423) sw      gp, -1176(t5)
core   0: 3 0x8000b49c (0xb63f2423) mem 0x80010000 0x00000001
core   0: 0x8000b4a0 (0x0000bfe5) c.j     pc - 8
core   0: 3 0x8000b4a0 (0xbfe5)
core   0: 0x8000b498 (0x00005f17) auipc   t5, 0x5
core   0: 3 0x8000b498 (0x00005f17) x30 0x80010498
core   0: 0x8000b49c (0xb63f2423) sw      gp, -1176(t5)
core   0: 3 0x8000b49c (0xb63f2423) mem 0x80010000 0x00000001
core   0: 0x8000b4a0 (0x0000bfe5) c.j     pc - 8
core   0: 3 0x8000b4a0 (0xbfe5)
core   0: 0x8000b498 (0x00005f17) auipc   t5, 0x5
core   0: 3 0x8000b498 (0x00005f17) x30 0x80010498
core   0: 0x8000b49c (0xb63f2423) sw      gp, -1176(t5)
core   0: 3 0x8000b49c (0xb63f2423) mem 0x80010000 0x00000001
core   0: 0x8000b4a0 (0x0000bfe5) c.j     pc - 8
core   0: 3 0x8000b4a0 (0xbfe5)
core   0: 0x8000b498 (0x00005f17) auipc   t5, 0x5
core   0: 3 0x8000b498 (0x00005f17) x30 0x80010498
core   0: 0x8000b49c (0xb63f2423) sw      gp, -1176(t5)
core   0: 3 0x8000b49c (0xb63f2423) mem 0x80010000 0x00000001
core   0: 0x8000b4a0 (0x0000bfe5) c.j     pc - 8
core   0: 3 0x8000b4a0 (0xbfe5)
core   0: 0x8000b498 (0x00005f17) auipc   t5, 0x5
core   0: 3 0x8000b498 (0x00005f17) x30 0x80010498
core   0: 0x8000b49c (0xb63f2423) sw      gp, -1176(t5)
core   0: 3 0x8000b49c (0xb63f2423) mem 0x80010000 0x00000001
core   0: 0x8000b4a0 (0x0000bfe5) c.j     pc - 8
core   0: 3 0x8000b4a0 (0xbfe5)
core   0: 0x8000b498 (0x00005f17) auipc   t5, 0x5
core   0: 3 0x8000b498 (0x00005f17) x30 0x80010498
core   0: 0x8000b49c (0xb63f2423) sw      gp, -1176(t5)
core   0: 3 0x8000b49c (0xb63f2423) mem 0x80010000 0x00000001
core   0: 0x8000b4a0 (0x0000bfe5) c.j     pc - 8
core   0: 3 0x8000b4a0 (0xbfe5)
core   0: 0x8000b498 (0x00005f17) auipc   t5, 0x5
core   0: 3 0x8000b498 (0x00005f17) x30 0x80010498
core   0: 0x8000b49c (0xb63f2423) sw      gp, -1176(t5)
core   0: 3 0x8000b49c (0xb63f2423) mem 0x80010000 0x00000001
core   0: 0x8000b4a0 (0x0000bfe5) c.j     pc - 8
core   0: 3 0x8000b4a0 (0xbfe5)
core   0: 0x8000b498 (0x00005f17) auipc   t5, 0x5
core   0: 3 0x8000b498 (0x00005f17) x30 0x80010498
core   0: 0x8000b49c (0xb63f2423) sw      gp, -1176(t5)
core   0: 3 0x8000b49c (0xb63f2423) mem 0x80010000 0x00000001
core   0: 0x8000b4a0 (0x0000bfe5) c.j     pc - 8
core   0: 3 0x8000b4a0 (0xbfe5)
core   0: 0x8000b498 (0x00005f17) auipc   t5, 0x5
core   0: 3 0x8000b498 (0x00005f17) x30 0x80010498
core   0: 0x8000b49c (0xb63f2423) sw      gp, -1176(t5)
core   0: 3 0x8000b49c (0xb63f2423) mem 0x80010000 0x00000001
core   0: 0x8000b4a0 (0x0000bfe5) c.j     pc - 8
core   0: 3 0x8000b4a0 (0xbfe5)
core   0: 0x8000b498 (0x00005f17) auipc   t5, 0x5
core   0: 3 0x8000b498 (0x00005f17) x30 0x80010498
core   0: 0x8000b49c (0xb63f2423) sw      gp, -1176(t5)
core   0: 3 0x8000b49c (0xb63f2423) mem 0x80010000 0x00000001
core   0: 0x8000b4a0 (0x0000bfe5) c.j     pc - 8
core   0: 3 0x8000b4a0 (0xbfe5)
core   0: 0x8000b498 (0x00005f17) auipc   t5, 0x5
core   0: 3 0x8000b498 (0x00005f17) x30 0x80010498
core   0: 0x8000b49c (0xb63f2423) sw      gp, -1176(t5)
core   0: 3 0x8000b49c (0xb63f2423) mem 0x80010000 0x00000001
core   0: 0x8000b4a0 (0x0000bfe5) c.j     pc - 8
core   0: 3 0x8000b4a0 (0xbfe5)
core   0: 0x8000b498 (0x00005f17) auipc   t5, 0x5
core   0: 3 0x8000b498 (0x00005f17) x30 0x80010498
core   0: 0x8000b49c (0xb63f2423) sw      gp, -1176(t5)
core   0: 3 0x8000b49c (0xb63f2423) mem 0x80010000 0x00000001
core   0: 0x8000b4a0 (0x0000bfe5) c.j     pc - 8
core   0: 3 0x8000b4a0 (0xbfe5)
core   0: 0x8000b498 (0x00005f17) auipc   t5, 0x5
core   0: 3 0x8000b498 (0x00005f17) x30 0x80010498
core   0: 0x8000b49c (0xb63f2423) sw      gp, -1176(t5)
core   0: 3 0x8000b49c (0xb63f2423) mem 0x80010000 0x00000001
core   0: 0x8000b4a0 (0x0000bfe5) c.j     pc - 8
core   0: 3 0x8000b4a0 (0xbfe5)
core   0: 0x8000b498 (0x00005f17) auipc   t5, 0x5
core   0: 3 0x8000b498 (0x00005f17) x30 0x80010498
core   0: 0x8000b49c (0xb63f2423) sw      gp, -1176(t5)
core   0: 3 0x8000b49c (0xb63f2423) mem 0x80010000 0x00000001
core   0: 0x8000b4a0 (0x0000bfe5) c.j     pc - 8
core   0: 3 0x8000b4a0 (0xbfe5)
core   0: 0x8000b498 (0x00005f17) auipc   t5, 0x5
core   0: 3 0x8000b498 (0x00005f17) x30 0x80010498
core   0: 0x8000b49c (0xb63f2423) sw      gp, -1176(t5)
core   0: 3 0x8000b49c (0xb63f2423) mem 0x80010000 0x00000001
core   0: 0x8000b4a0 (0x0000bfe5) c.j     pc - 8
core   0: 3 0x8000b4a0 (0xbfe5)
core   0: 0x8000b498 (0x00005f17) auipc   t5, 0x5
core   0: 3 0x8000b498 (0x00005f17) x30 0x80010498
core   0: 0x8000b49c (0xb63f2423) sw      gp, -1176(t5)
core   0: 3 0x8000b49c (0xb63f2423) mem 0x80010000 0x00000001
core   0: 0x8000b4a0 (0x0000bfe5) c.j     pc - 8
core   0: 3 0x8000b4a0 (0xbfe5)
core   0: 0x8000b498 (0x00005f17) auipc   t5, 0x5
core   0: 3 0x8000b498 (0x00005f17) x30 0x80010498
core   0: 0x8000b49c (0xb63f2423) sw      gp, -1176(t5)
core   0: 3 0x8000b49c (0xb63f2423) mem 0x80010000 0x00000001
core   0: 0x8000b4a0 (0x0000bfe5) c.j     pc - 8
core   0: 3 0x8000b4a0 (0xbfe5)
core   0: 0x8000b498 (0x00005f17) auipc   t5, 0x5
core   0: 3 0x8000b498 (0x00005f17) x30 0x80010498
core   0: 0x8000b49c (0xb63f2423) sw      gp, -1176(t5)
core   0: 3 0x8000b49c (0xb63f2423) mem 0x80010000 0x00000001
core   0: 0x8000b4a0 (0x0000bfe5) c.j     pc - 8
core   0: 3 0x8000b4a0 (0xbfe5)
core   0: 0x8000b498 (0x00005f17) auipc   t5, 0x5
core   0: 3 0x8000b498 (0x00005f17) x30 0x80010498
core   0: 0x8000b49c (0xb63f2423) sw      gp, -1176(t5)
core   0: 3 0x8000b49c (0xb63f2423) mem 0x80010000 0x00000001
core   0: 0x8000b4a0 (0x0000bfe5) c.j     pc - 8
core   0: 3 0x8000b4a0 (0xbfe5)
core   0: 0x8000b498 (0x00005f17) auipc   t5, 0x5
core   0: 3 0x8000b498 (0x00005f17) x30 0x80010498
core   0: 0x8000b49c (0xb63f2423) sw      gp, -1176(t5)
core   0: 3 0x8000b49c (0xb63f2423) mem 0x80010000 0x00000001
core   0: 0x8000b4a0 (0x0000bfe5) c.j     pc - 8
core   0: 3 0x8000b4a0 (0xbfe5)
core   0: 0x8000b498 (0x00005f17) auipc   t5, 0x5
core   0: 3 0x8000b498 (0x00005f17) x30 0x80010498
core   0: 0x8000b49c (0xb63f2423) sw      gp, -1176(t5)
core   0: 3 0x8000b49c (0xb63f2423) mem 0x80010000 0x00000001
core   0: 0x8000b4a0 (0x0000bfe5) c.j     pc - 8
core   0: 3 0x8000b4a0 (0xbfe5)
core   0: 0x8000b498 (0x00005f17) auipc   t5, 0x5
core   0: 3 0x8000b498 (0x00005f17) x30 0x80010498
core   0: 0x8000b49c (0xb63f2423) sw      gp, -1176(t5)
core   0: 3 0x8000b49c (0xb63f2423) mem 0x80010000 0x00000001
core   0: 0x8000b4a0 (0x0000bfe5) c.j     pc - 8
core   0: 3 0x8000b4a0 (0xbfe5)
core   0: 0x8000b498 (0x00005f17) auipc   t5, 0x5
core   0: 3 0x8000b498 (0x00005f17) x30 0x80010498
core   0: 0x8000b49c (0xb63f2423) sw      gp, -1176(t5)
core   0: 3 0x8000b49c (0xb63f2423) mem 0x80010000 0x00000001
core   0: 0x8000b4a0 (0x0000bfe5) c.j     pc - 8
core   0: 3 0x8000b4a0 (0xbfe5)
core   0: 0x8000b498 (0x00005f17) auipc   t5, 0x5
core   0: 3 0x8000b498 (0x00005f17) x30 0x80010498
core   0: 0x8000b49c (0xb63f2423) sw      gp, -1176(t5)
core   0: 3 0x8000b49c (0xb63f2423) mem 0x80010000 0x00000001
core   0: 0x8000b4a0 (0x0000bfe5) c.j     pc - 8
core   0: 3 0x8000b4a0 (0xbfe5)
core   0: 0x8000b498 (0x00005f17) auipc   t5, 0x5
core   0: 3 0x8000b498 (0x00005f17) x30 0x80010498
core   0: 0x8000b49c (0xb63f2423) sw      gp, -1176(t5)
core   0: 3 0x8000b49c (0xb63f2423) mem 0x80010000 0x00000001
core   0: 0x8000b4a0 (0x0000bfe5) c.j     pc - 8
core   0: 3 0x8000b4a0 (0xbfe5)
core   0: 0x8000b498 (0x00005f17) auipc   t5, 0x5
core   0: 3 0x8000b498 (0x00005f17) x30 0x80010498
core   0: 0x8000b49c (0xb63f2423) sw      gp, -1176(t5)
core   0: 3 0x8000b49c (0xb63f2423) mem 0x80010000 0x00000001
core   0: 0x8000b4a0 (0x0000bfe5) c.j     pc - 8
core   0: 3 0x8000b4a0 (0xbfe5)
core   0: 0x8000b498 (0x00005f17) auipc   t5, 0x5
core   0: 3 0x8000b498 (0x00005f17) x30 0x80010498
core   0: 0x8000b49c (0xb63f2423) sw      gp, -1176(t5)
core   0: 3 0x8000b49c (0xb63f2423) mem 0x80010000 0x00000001
core   0: 0x8000b4a0 (0x0000bfe5) c.j     pc - 8
core   0: 3 0x8000b4a0 (0xbfe5)
core   0: 0x8000b498 (0x00005f17) auipc   t5, 0x5
core   0: 3 0x8000b498 (0x00005f17) x30 0x80010498
core   0: 0x8000b49c (0xb63f2423) sw      gp, -1176(t5)
core   0: 3 0x8000b49c (0xb63f2423) mem 0x80010000 0x00000001
core   0: 0x8000b4a0 (0x0000bfe5) c.j     pc - 8
core   0: 3 0x8000b4a0 (0xbfe5)
core   0: 0x8000b498 (0x00005f17) auipc   t5, 0x5
core   0: 3 0x8000b498 (0x00005f17) x30 0x80010498
core   0: 0x8000b49c (0xb63f2423) sw      gp, -1176(t5)
core   0: 3 0x8000b49c (0xb63f2423) mem 0x80010000 0x00000001
core   0: 0x8000b4a0 (0x0000bfe5) c.j     pc - 8
core   0: 3 0x8000b4a0 (0xbfe5)
core   0: 0x8000b498 (0x00005f17) auipc   t5, 0x5
core   0: 3 0x8000b498 (0x00005f17) x30 0x80010498
core   0: 0x8000b49c (0xb63f2423) sw      gp, -1176(t5)
core   0: 3 0x8000b49c (0xb63f2423) mem 0x80010000 0x00000001
core   0: 0x8000b4a0 (0x0000bfe5) c.j     pc - 8
core   0: 3 0x8000b4a0 (0xbfe5)
core   0: 0x8000b498 (0x00005f17) auipc   t5, 0x5
core   0: 3 0x8000b498 (0x00005f17) x30 0x80010498
core   0: 0x8000b49c (0xb63f2423) sw      gp, -1176(t5)
core   0: 3 0x8000b49c (0xb63f2423) mem 0x80010000 0x00000001
core   0: 0x8000b4a0 (0x0000bfe5) c.j     pc - 8
core   0: 3 0x8000b4a0 (0xbfe5)
core   0: 0x8000b498 (0x00005f17) auipc   t5, 0x5
core   0: 3 0x8000b498 (0x00005f17) x30 0x80010498
core   0: 0x8000b49c (0xb63f2423) sw      gp, -1176(t5)
core   0: 3 0x8000b49c (0xb63f2423) mem 0x80010000 0x00000001
core   0: 0x8000b4a0 (0x0000bfe5) c.j     pc - 8
core   0: 3 0x8000b4a0 (0xbfe5)
core   0: 0x8000b498 (0x00005f17) auipc   t5, 0x5
core   0: 3 0x8000b498 (0x00005f17) x30 0x80010498
core   0: 0x8000b49c (0xb63f2423) sw      gp, -1176(t5)
core   0: 3 0x8000b49c (0xb63f2423) mem 0x80010000 0x00000001
core   0: 0x8000b4a0 (0x0000bfe5) c.j     pc - 8
core   0: 3 0x8000b4a0 (0xbfe5)
core   0: 0x8000b498 (0x00005f17) auipc   t5, 0x5
core   0: 3 0x8000b498 (0x00005f17) x30 0x80010498
core   0: 0x8000b49c (0xb63f2423) sw      gp, -1176(t5)
core   0: 3 0x8000b49c (0xb63f2423) mem 0x80010000 0x00000001
core   0: 0x8000b4a0 (0x0000bfe5) c.j     pc - 8
core   0: 3 0x8000b4a0 (0xbfe5)
core   0: 0x8000b498 (0x00005f17) auipc   t5, 0x5
core   0: 3 0x8000b498 (0x00005f17) x30 0x80010498
core   0: 0x8000b49c (0xb63f2423) sw      gp, -1176(t5)
core   0: 3 0x8000b49c (0xb63f2423) mem 0x80010000 0x00000001
core   0: 0x8000b4a0 (0x0000bfe5) c.j     pc - 8
core   0: 3 0x8000b4a0 (0xbfe5)
core   0: 0x8000b498 (0x00005f17) auipc   t5, 0x5
core   0: 3 0x8000b498 (0x00005f17) x30 0x80010498
core   0: 0x8000b49c (0xb63f2423) sw      gp, -1176(t5)
core   0: 3 0x8000b49c (0xb63f2423) mem 0x80010000 0x00000001
core   0: 0x8000b4a0 (0x0000bfe5) c.j     pc - 8
core   0: 3 0x8000b4a0 (0xbfe5)
core   0: 0x8000b498 (0x00005f17) auipc   t5, 0x5
core   0: 3 0x8000b498 (0x00005f17) x30 0x80010498
core   0: 0x8000b49c (0xb63f2423) sw      gp, -1176(t5)
core   0: 3 0x8000b49c (0xb63f2423) mem 0x80010000 0x00000001
core   0: 0x8000b4a0 (0x0000bfe5) c.j     pc - 8
core   0: 3 0x8000b4a0 (0xbfe5)
core   0: 0x8000b498 (0x00005f17) auipc   t5, 0x5
core   0: 3 0x8000b498 (0x00005f17) x30 0x80010498
core   0: 0x8000b49c (0xb63f2423) sw      gp, -1176(t5)
core   0: 3 0x8000b49c (0xb63f2423) mem 0x80010000 0x00000001
core   0: 0x8000b4a0 (0x0000bfe5) c.j     pc - 8
core   0: 3 0x8000b4a0 (0xbfe5)
core   0: 0x8000b498 (0x00005f17) auipc   t5, 0x5
core   0: 3 0x8000b498 (0x00005f17) x30 0x80010498
core   0: 0x8000b49c (0xb63f2423) sw      gp, -1176(t5)
core   0: 3 0x8000b49c (0xb63f2423) mem 0x80010000 0x00000001
core   0: 0x8000b4a0 (0x0000bfe5) c.j     pc - 8
core   0: 3 0x8000b4a0 (0xbfe5)
core   0: 0x8000b498 (0x00005f17) auipc   t5, 0x5
core   0: 3 0x8000b498 (0x00005f17) x30 0x80010498
core   0: 0x8000b49c (0xb63f2423) sw      gp, -1176(t5)
core   0: 3 0x8000b49c (0xb63f2423) mem 0x80010000 0x00000001
core   0: 0x8000b4a0 (0x0000bfe5) c.j     pc - 8
core   0: 3 0x8000b4a0 (0xbfe5)
core   0: 0x8000b498 (0x00005f17) auipc   t5, 0x5
core   0: 3 0x8000b498 (0x00005f17) x30 0x80010498
core   0: 0x8000b49c (0xb63f2423) sw      gp, -1176(t5)
core   0: 3 0x8000b49c (0xb63f2423) mem 0x80010000 0x00000001
core   0: 0x8000b4a0 (0x0000bfe5) c.j     pc - 8
core   0: 3 0x8000b4a0 (0xbfe5)
core   0: 0x8000b498 (0x00005f17) auipc   t5, 0x5
core   0: 3 0x8000b498 (0x00005f17) x30 0x80010498
core   0: 0x8000b49c (0xb63f2423) sw      gp, -1176(t5)
core   0: 3 0x8000b49c (0xb63f2423) mem 0x80010000 0x00000001
core   0: 0x8000b4a0 (0x0000bfe5) c.j     pc - 8
core   0: 3 0x8000b4a0 (0xbfe5)
core   0: 0x8000b498 (0x00005f17) auipc   t5, 0x5
core   0: 3 0x8000b498 (0x00005f17) x30 0x80010498
core   0: 0x8000b49c (0xb63f2423) sw      gp, -1176(t5)
core   0: 3 0x8000b49c (0xb63f2423) mem 0x80010000 0x00000001
core   0: 0x8000b4a0 (0x0000bfe5) c.j     pc - 8
core   0: 3 0x8000b4a0 (0xbfe5)
core   0: 0x8000b498 (0x00005f17) auipc   t5, 0x5
core   0: 3 0x8000b498 (0x00005f17) x30 0x80010498
core   0: 0x8000b49c (0xb63f2423) sw      gp, -1176(t5)
core   0: 3 0x8000b49c (0xb63f2423) mem 0x80010000 0x00000001
core   0: 0x8000b4a0 (0x0000bfe5) c.j     pc - 8
core   0: 3 0x8000b4a0 (0xbfe5)
core   0: 0x8000b498 (0x00005f17) auipc   t5, 0x5
core   0: 3 0x8000b498 (0x00005f17) x30 0x80010498
core   0: 0x8000b49c (0xb63f2423) sw      gp, -1176(t5)
core   0: 3 0x8000b49c (0xb63f2423) mem 0x80010000 0x00000001
core   0: 0x8000b4a0 (0x0000bfe5) c.j     pc - 8
core   0: 3 0x8000b4a0 (0xbfe5)
core   0: 0x8000b498 (0x00005f17) auipc   t5, 0x5
core   0: 3 0x8000b498 (0x00005f17) x30 0x80010498
core   0: 0x8000b49c (0xb63f2423) sw      gp, -1176(t5)
core   0: 3 0x8000b49c (0xb63f2423) mem 0x80010000 0x00000001
core   0: 0x8000b4a0 (0x0000bfe5) c.j     pc - 8
core   0: 3 0x8000b4a0 (0xbfe5)
core   0: 0x8000b498 (0x00005f17) auipc   t5, 0x5
core   0: 3 0x8000b498 (0x00005f17) x30 0x80010498
core   0: 0x8000b49c (0xb63f2423) sw      gp, -1176(t5)
core   0: 3 0x8000b49c (0xb63f2423) mem 0x80010000 0x00000001
core   0: 0x8000b4a0 (0x0000bfe5) c.j     pc - 8
core   0: 3 0x8000b4a0 (0xbfe5)
core   0: 0x8000b498 (0x00005f17) auipc   t5, 0x5
core   0: 3 0x8000b498 (0x00005f17) x30 0x80010498
core   0: 0x8000b49c (0xb63f2423) sw      gp, -1176(t5)
core   0: 3 0x8000b49c (0xb63f2423) mem 0x80010000 0x00000001
core   0: 0x8000b4a0 (0x0000bfe5) c.j     pc - 8
core   0: 3 0x8000b4a0 (0xbfe5)
core   0: 0x8000b498 (0x00005f17) auipc   t5, 0x5
core   0: 3 0x8000b498 (0x00005f17) x30 0x80010498
core   0: 0x8000b49c (0xb63f2423) sw      gp, -1176(t5)
core   0: 3 0x8000b49c (0xb63f2423) mem 0x80010000 0x00000001
core   0: 0x8000b4a0 (0x0000bfe5) c.j     pc - 8
core   0: 3 0x8000b4a0 (0xbfe5)
core   0: 0x8000b498 (0x00005f17) auipc   t5, 0x5
core   0: 3 0x8000b498 (0x00005f17) x30 0x80010498
core   0: 0x8000b49c (0xb63f2423) sw      gp, -1176(t5)
core   0: 3 0x8000b49c (0xb63f2423) mem 0x80010000 0x00000001
core   0: 0x8000b4a0 (0x0000bfe5) c.j     pc - 8
core   0: 3 0x8000b4a0 (0xbfe5)
core   0: 0x8000b498 (0x00005f17) auipc   t5, 0x5
core   0: 3 0x8000b498 (0x00005f17) x30 0x80010498
core   0: 0x8000b49c (0xb63f2423) sw      gp, -1176(t5)
core   0: 3 0x8000b49c (0xb63f2423) mem 0x80010000 0x00000001
core   0: 0x8000b4a0 (0x0000bfe5) c.j     pc - 8
core   0: 3 0x8000b4a0 (0xbfe5)
core   0: 0x8000b498 (0x00005f17) auipc   t5, 0x5
core   0: 3 0x8000b498 (0x00005f17) x30 0x80010498
core   0: 0x8000b49c (0xb63f2423) sw      gp, -1176(t5)
core   0: 3 0x8000b49c (0xb63f2423) mem 0x80010000 0x00000001
core   0: 0x8000b4a0 (0x0000bfe5) c.j     pc - 8
core   0: 3 0x8000b4a0 (0xbfe5)
core   0: 0x8000b498 (0x00005f17) auipc   t5, 0x5
core   0: 3 0x8000b498 (0x00005f17) x30 0x80010498
core   0: 0x8000b49c (0xb63f2423) sw      gp, -1176(t5)
core   0: 3 0x8000b49c (0xb63f2423) mem 0x80010000 0x00000001
core   0: 0x8000b4a0 (0x0000bfe5) c.j     pc - 8
core   0: 3 0x8000b4a0 (0xbfe5)
core   0: 0x8000b498 (0x00005f17) auipc   t5, 0x5
core   0: 3 0x8000b498 (0x00005f17) x30 0x80010498
core   0: 0x8000b49c (0xb63f2423) sw      gp, -1176(t5)
core   0: 3 0x8000b49c (0xb63f2423) mem 0x80010000 0x00000001
core   0: 0x8000b4a0 (0x0000bfe5) c.j     pc - 8
core   0: 3 0x8000b4a0 (0xbfe5)
core   0: 0x8000b498 (0x00005f17) auipc   t5, 0x5
core   0: 3 0x8000b498 (0x00005f17) x30 0x80010498
core   0: 0x8000b49c (0xb63f2423) sw      gp, -1176(t5)
core   0: 3 0x8000b49c (0xb63f2423) mem 0x80010000 0x00000001
core   0: 0x8000b4a0 (0x0000bfe5) c.j     pc - 8
core   0: 3 0x8000b4a0 (0xbfe5)
core   0: 0x8000b498 (0x00005f17) auipc   t5, 0x5
core   0: 3 0x8000b498 (0x00005f17) x30 0x80010498
core   0: 0x8000b49c (0xb63f2423) sw      gp, -1176(t5)
core   0: 3 0x8000b49c (0xb63f2423) mem 0x80010000 0x00000001
core   0: 0x8000b4a0 (0x0000bfe5) c.j     pc - 8
core   0: 3 0x8000b4a0 (0xbfe5)
core   0: 0x8000b498 (0x00005f17) auipc   t5, 0x5
core   0: 3 0x8000b498 (0x00005f17) x30 0x80010498
core   0: 0x8000b49c (0xb63f2423) sw      gp, -1176(t5)
core   0: 3 0x8000b49c (0xb63f2423) mem 0x80010000 0x00000001
core   0: 0x8000b4a0 (0x0000bfe5) c.j     pc - 8
core   0: 3 0x8000b4a0 (0xbfe5)
core   0: 0x8000b498 (0x00005f17) auipc   t5, 0x5
core   0: 3 0x8000b498 (0x00005f17) x30 0x80010498
core   0: 0x8000b49c (0xb63f2423) sw      gp, -1176(t5)
core   0: 3 0x8000b49c (0xb63f2423) mem 0x80010000 0x00000001
core   0: 0x8000b4a0 (0x0000bfe5) c.j     pc - 8
core   0: 3 0x8000b4a0 (0xbfe5)
core   0: 0x8000b498 (0x00005f17) auipc   t5, 0x5
core   0: 3 0x8000b498 (0x00005f17) x30 0x80010498
core   0: 0x8000b49c (0xb63f2423) sw      gp, -1176(t5)
core   0: 3 0x8000b49c (0xb63f2423) mem 0x80010000 0x00000001
core   0: 0x8000b4a0 (0x0000bfe5) c.j     pc - 8
core   0: 3 0x8000b4a0 (0xbfe5)
core   0: 0x8000b498 (0x00005f17) auipc   t5, 0x5
core   0: 3 0x8000b498 (0x00005f17) x30 0x80010498
core   0: 0x8000b49c (0xb63f2423) sw      gp, -1176(t5)
core   0: 3 0x8000b49c (0xb63f2423) mem 0x80010000 0x00000001
core   0: 0x8000b4a0 (0x0000bfe5) c.j     pc - 8
core   0: 3 0x8000b4a0 (0xbfe5)
core   0: 0x8000b498 (0x00005f17) auipc   t5, 0x5
core   0: 3 0x8000b498 (0x00005f17) x30 0x80010498
core   0: 0x8000b49c (0xb63f2423) sw      gp, -1176(t5)
core   0: 3 0x8000b49c (0xb63f2423) mem 0x80010000 0x00000001
core   0: 0x8000b4a0 (0x0000bfe5) c.j     pc - 8
core   0: 3 0x8000b4a0 (0xbfe5)
core   0: 0x8000b498 (0x00005f17) auipc   t5, 0x5
core   0: 3 0x8000b498 (0x00005f17) x30 0x80010498
core   0: 0x8000b49c (0xb63f2423) sw      gp, -1176(t5)
core   0: 3 0x8000b49c (0xb63f2423) mem 0x80010000 0x00000001
core   0: 0x8000b4a0 (0x0000bfe5) c.j     pc - 8
core   0: 3 0x8000b4a0 (0xbfe5)
core   0: 0x8000b498 (0x00005f17) auipc   t5, 0x5
core   0: 3 0x8000b498 (0x00005f17) x30 0x80010498
core   0: 0x8000b49c (0xb63f2423) sw      gp, -1176(t5)
core   0: 3 0x8000b49c (0xb63f2423) mem 0x80010000 0x00000001
core   0: 0x8000b4a0 (0x0000bfe5) c.j     pc - 8
core   0: 3 0x8000b4a0 (0xbfe5)
core   0: 0x8000b498 (0x00005f17) auipc   t5, 0x5
core   0: 3 0x8000b498 (0x00005f17) x30 0x80010498
core   0: 0x8000b49c (0xb63f2423) sw      gp, -1176(t5)
core   0: 3 0x8000b49c (0xb63f2423) mem 0x80010000 0x00000001
core   0: 0x8000b4a0 (0x0000bfe5) c.j     pc - 8
core   0: 3 0x8000b4a0 (0xbfe5)
core   0: 0x8000b498 (0x00005f17) auipc   t5, 0x5
core   0: 3 0x8000b498 (0x00005f17) x30 0x80010498
core   0: 0x8000b49c (0xb63f2423) sw      gp, -1176(t5)
core   0: 3 0x8000b49c (0xb63f2423) mem 0x80010000 0x00000001
core   0: 0x8000b4a0 (0x0000bfe5) c.j     pc - 8
core   0: 3 0x8000b4a0 (0xbfe5)
core   0: 0x8000b498 (0x00005f17) auipc   t5, 0x5
core   0: 3 0x8000b498 (0x00005f17) x30 0x80010498
core   0: 0x8000b49c (0xb63f2423) sw      gp, -1176(t5)
core   0: 3 0x8000b49c (0xb63f2423) mem 0x80010000 0x00000001
core   0: 0x8000b4a0 (0x0000bfe5) c.j     pc - 8
core   0: 3 0x8000b4a0 (0xbfe5)
core   0: 0x8000b498 (0x00005f17) auipc   t5, 0x5
core   0: 3 0x8000b498 (0x00005f17) x30 0x80010498
core   0: 0x8000b49c (0xb63f2423) sw      gp, -1176(t5)
core   0: 3 0x8000b49c (0xb63f2423) mem 0x80010000 0x00000001
core   0: 0x8000b4a0 (0x0000bfe5) c.j     pc - 8
core   0: 3 0x8000b4a0 (0xbfe5)
core   0: 0x8000b498 (0x00005f17) auipc   t5, 0x5
core   0: 3 0x8000b498 (0x00005f17) x30 0x80010498
core   0: 0x8000b49c (0xb63f2423) sw      gp, -1176(t5)
core   0: 3 0x8000b49c (0xb63f2423) mem 0x80010000 0x00000001
core   0: 0x8000b4a0 (0x0000bfe5) c.j     pc - 8
core   0: 3 0x8000b4a0 (0xbfe5)
core   0: 0x8000b498 (0x00005f17) auipc   t5, 0x5
core   0: 3 0x8000b498 (0x00005f17) x30 0x80010498
core   0: 0x8000b49c (0xb63f2423) sw      gp, -1176(t5)
core   0: 3 0x8000b49c (0xb63f2423) mem 0x80010000 0x00000001
core   0: 0x8000b4a0 (0x0000bfe5) c.j     pc - 8
core   0: 3 0x8000b4a0 (0xbfe5)
core   0: 0x8000b498 (0x00005f17) auipc   t5, 0x5
core   0: 3 0x8000b498 (0x00005f17) x30 0x80010498
core   0: 0x8000b49c (0xb63f2423) sw      gp, -1176(t5)
core   0: 3 0x8000b49c (0xb63f2423) mem 0x80010000 0x00000001
core   0: 0x8000b4a0 (0x0000bfe5) c.j     pc - 8
core   0: 3 0x8000b4a0 (0xbfe5)
core   0: 0x8000b498 (0x00005f17) auipc   t5, 0x5
core   0: 3 0x8000b498 (0x00005f17) x30 0x80010498
core   0: 0x8000b49c (0xb63f2423) sw      gp, -1176(t5)
core   0: 3 0x8000b49c (0xb63f2423) mem 0x80010000 0x00000001
core   0: 0x8000b4a0 (0x0000bfe5) c.j     pc - 8
core   0: 3 0x8000b4a0 (0xbfe5)
core   0: 0x8000b498 (0x00005f17) auipc   t5, 0x5
core   0: 3 0x8000b498 (0x00005f17) x30 0x80010498
core   0: 0x8000b49c (0xb63f2423) sw      gp, -1176(t5)
core   0: 3 0x8000b49c (0xb63f2423) mem 0x80010000 0x00000001
core   0: 0x8000b4a0 (0x0000bfe5) c.j     pc - 8
core   0: 3 0x8000b4a0 (0xbfe5)
core   0: 0x8000b498 (0x00005f17) auipc   t5, 0x5
core   0: 3 0x8000b498 (0x00005f17) x30 0x80010498
core   0: 0x8000b49c (0xb63f2423) sw      gp, -1176(t5)
core   0: 3 0x8000b49c (0xb63f2423) mem 0x80010000 0x00000001
core   0: 0x8000b4a0 (0x0000bfe5) c.j     pc - 8
core   0: 3 0x8000b4a0 (0xbfe5)
core   0: 0x8000b498 (0x00005f17) auipc   t5, 0x5
core   0: 3 0x8000b498 (0x00005f17) x30 0x80010498
core   0: 0x8000b49c (0xb63f2423) sw      gp, -1176(t5)
core   0: 3 0x8000b49c (0xb63f2423) mem 0x80010000 0x00000001
core   0: 0x8000b4a0 (0x0000bfe5) c.j     pc - 8
core   0: 3 0x8000b4a0 (0xbfe5)
core   0: 0x8000b498 (0x00005f17) auipc   t5, 0x5
core   0: 3 0x8000b498 (0x00005f17) x30 0x80010498
core   0: 0x8000b49c (0xb63f2423) sw      gp, -1176(t5)
core   0: 3 0x8000b49c (0xb63f2423) mem 0x80010000 0x00000001
core   0: 0x8000b4a0 (0x0000bfe5) c.j     pc - 8
core   0: 3 0x8000b4a0 (0xbfe5)
core   0: 0x8000b498 (0x00005f17) auipc   t5, 0x5
core   0: 3 0x8000b498 (0x00005f17) x30 0x80010498
core   0: 0x8000b49c (0xb63f2423) sw      gp, -1176(t5)
core   0: 3 0x8000b49c (0xb63f2423) mem 0x80010000 0x00000001
core   0: 0x8000b4a0 (0x0000bfe5) c.j     pc - 8
core   0: 3 0x8000b4a0 (0xbfe5)
core   0: 0x8000b498 (0x00005f17) auipc   t5, 0x5
core   0: 3 0x8000b498 (0x00005f17) x30 0x80010498
core   0: 0x8000b49c (0xb63f2423) sw      gp, -1176(t5)
core   0: 3 0x8000b49c (0xb63f2423) mem 0x80010000 0x00000001
core   0: 0x8000b4a0 (0x0000bfe5) c.j     pc - 8
core   0: 3 0x8000b4a0 (0xbfe5)
core   0: 0x8000b498 (0x00005f17) auipc   t5, 0x5
core   0: 3 0x8000b498 (0x00005f17) x30 0x80010498
core   0: 0x8000b49c (0xb63f2423) sw      gp, -1176(t5)
core   0: 3 0x8000b49c (0xb63f2423) mem 0x80010000 0x00000001
core   0: 0x8000b4a0 (0x0000bfe5) c.j     pc - 8
core   0: 3 0x8000b4a0 (0xbfe5)
core   0: 0x8000b498 (0x00005f17) auipc   t5, 0x5
core   0: 3 0x8000b498 (0x00005f17) x30 0x80010498
core   0: 0x8000b49c (0xb63f2423) sw      gp, -1176(t5)
core   0: 3 0x8000b49c (0xb63f2423) mem 0x80010000 0x00000001
core   0: 0x8000b4a0 (0x0000bfe5) c.j     pc - 8
core   0: 3 0x8000b4a0 (0xbfe5)
core   0: 0x8000b498 (0x00005f17) auipc   t5, 0x5
core   0: 3 0x8000b498 (0x00005f17) x30 0x80010498
core   0: 0x8000b49c (0xb63f2423) sw      gp, -1176(t5)
core   0: 3 0x8000b49c (0xb63f2423) mem 0x80010000 0x00000001
core   0: 0x8000b4a0 (0x0000bfe5) c.j     pc - 8
core   0: 3 0x8000b4a0 (0xbfe5)
core   0: 0x8000b498 (0x00005f17) auipc   t5, 0x5
core   0: 3 0x8000b498 (0x00005f17) x30 0x80010498
core   0: 0x8000b49c (0xb63f2423) sw      gp, -1176(t5)
core   0: 3 0x8000b49c (0xb63f2423) mem 0x80010000 0x00000001
core   0: 0x8000b4a0 (0x0000bfe5) c.j     pc - 8
core   0: 3 0x8000b4a0 (0xbfe5)
core   0: 0x8000b498 (0x00005f17) auipc   t5, 0x5
core   0: 3 0x8000b498 (0x00005f17) x30 0x80010498
core   0: 0x8000b49c (0xb63f2423) sw      gp, -1176(t5)
core   0: 3 0x8000b49c (0xb63f2423) mem 0x80010000 0x00000001
core   0: 0x8000b4a0 (0x0000bfe5) c.j     pc - 8
core   0: 3 0x8000b4a0 (0xbfe5)
core   0: 0x8000b498 (0x00005f17) auipc   t5, 0x5
core   0: 3 0x8000b498 (0x00005f17) x30 0x80010498
core   0: 0x8000b49c (0xb63f2423) sw      gp, -1176(t5)
core   0: 3 0x8000b49c (0xb63f2423) mem 0x80010000 0x00000001
core   0: 0x8000b4a0 (0x0000bfe5) c.j     pc - 8
core   0: 3 0x8000b4a0 (0xbfe5)
core   0: 0x8000b498 (0x00005f17) auipc   t5, 0x5
core   0: 3 0x8000b498 (0x00005f17) x30 0x80010498
core   0: 0x8000b49c (0xb63f2423) sw      gp, -1176(t5)
core   0: 3 0x8000b49c (0xb63f2423) mem 0x80010000 0x00000001
core   0: 0x8000b4a0 (0x0000bfe5) c.j     pc - 8
core   0: 3 0x8000b4a0 (0xbfe5)
core   0: 0x8000b498 (0x00005f17) auipc   t5, 0x5
core   0: 3 0x8000b498 (0x00005f17) x30 0x80010498
core   0: 0x8000b49c (0xb63f2423) sw      gp, -1176(t5)
core   0: 3 0x8000b49c (0xb63f2423) mem 0x80010000 0x00000001
core   0: 0x8000b4a0 (0x0000bfe5) c.j     pc - 8
core   0: 3 0x8000b4a0 (0xbfe5)
core   0: 0x8000b498 (0x00005f17) auipc   t5, 0x5
core   0: 3 0x8000b498 (0x00005f17) x30 0x80010498
core   0: 0x8000b49c (0xb63f2423) sw      gp, -1176(t5)
core   0: 3 0x8000b49c (0xb63f2423) mem 0x80010000 0x00000001
core   0: 0x8000b4a0 (0x0000bfe5) c.j     pc - 8
core   0: 3 0x8000b4a0 (0xbfe5)
core   0: 0x8000b498 (0x00005f17) auipc   t5, 0x5
core   0: 3 0x8000b498 (0x00005f17) x30 0x80010498
core   0: 0x8000b49c (0xb63f2423) sw      gp, -1176(t5)
core   0: 3 0x8000b49c (0xb63f2423) mem 0x80010000 0x00000001
core   0: 0x8000b4a0 (0x0000bfe5) c.j     pc - 8
core   0: 3 0x8000b4a0 (0xbfe5)
core   0: 0x8000b498 (0x00005f17) auipc   t5, 0x5
core   0: 3 0x8000b498 (0x00005f17) x30 0x80010498
core   0: 0x8000b49c (0xb63f2423) sw      gp, -1176(t5)
core   0: 3 0x8000b49c (0xb63f2423) mem 0x80010000 0x00000001
core   0: 0x8000b4a0 (0x0000bfe5) c.j     pc - 8
core   0: 3 0x8000b4a0 (0xbfe5)
core   0: 0x8000b498 (0x00005f17) auipc   t5, 0x5
core   0: 3 0x8000b498 (0x00005f17) x30 0x80010498
core   0: 0x8000b49c (0xb63f2423) sw      gp, -1176(t5)
core   0: 3 0x8000b49c (0xb63f2423) mem 0x80010000 0x00000001
core   0: 0x8000b4a0 (0x0000bfe5) c.j     pc - 8
core   0: 3 0x8000b4a0 (0xbfe5)
core   0: 0x8000b498 (0x00005f17) auipc   t5, 0x5
core   0: 3 0x8000b498 (0x00005f17) x30 0x80010498
core   0: 0x8000b49c (0xb63f2423) sw      gp, -1176(t5)
core   0: 3 0x8000b49c (0xb63f2423) mem 0x80010000 0x00000001
core   0: 0x8000b4a0 (0x0000bfe5) c.j     pc - 8
core   0: 3 0x8000b4a0 (0xbfe5)
core   0: 0x8000b498 (0x00005f17) auipc   t5, 0x5
core   0: 3 0x8000b498 (0x00005f17) x30 0x80010498
core   0: 0x8000b49c (0xb63f2423) sw      gp, -1176(t5)
core   0: 3 0x8000b49c (0xb63f2423) mem 0x80010000 0x00000001
core   0: 0x8000b4a0 (0x0000bfe5) c.j     pc - 8
core   0: 3 0x8000b4a0 (0xbfe5)
core   0: 0x8000b498 (0x00005f17) auipc   t5, 0x5
core   0: 3 0x8000b498 (0x00005f17) x30 0x80010498
core   0: 0x8000b49c (0xb63f2423) sw      gp, -1176(t5)
core   0: 3 0x8000b49c (0xb63f2423) mem 0x80010000 0x00000001
core   0: 0x8000b4a0 (0x0000bfe5) c.j     pc - 8
core   0: 3 0x8000b4a0 (0xbfe5)
core   0: 0x8000b498 (0x00005f17) auipc   t5, 0x5
core   0: 3 0x8000b498 (0x00005f17) x30 0x80010498
core   0: 0x8000b49c (0xb63f2423) sw      gp, -1176(t5)
core   0: 3 0x8000b49c (0xb63f2423) mem 0x80010000 0x00000001
core   0: 0x8000b4a0 (0x0000bfe5) c.j     pc - 8
core   0: 3 0x8000b4a0 (0xbfe5)
core   0: 0x8000b498 (0x00005f17) auipc   t5, 0x5
core   0: 3 0x8000b498 (0x00005f17) x30 0x80010498
core   0: 0x8000b49c (0xb63f2423) sw      gp, -1176(t5)
core   0: 3 0x8000b49c (0xb63f2423) mem 0x80010000 0x00000001
core   0: 0x8000b4a0 (0x0000bfe5) c.j     pc - 8
core   0: 3 0x8000b4a0 (0xbfe5)
core   0: 0x8000b498 (0x00005f17) auipc   t5, 0x5
core   0: 3 0x8000b498 (0x00005f17) x30 0x80010498
core   0: 0x8000b49c (0xb63f2423) sw      gp, -1176(t5)
core   0: 3 0x8000b49c (0xb63f2423) mem 0x80010000 0x00000001
core   0: 0x8000b4a0 (0x0000bfe5) c.j     pc - 8
core   0: 3 0x8000b4a0 (0xbfe5)
core   0: 0x8000b498 (0x00005f17) auipc   t5, 0x5
core   0: 3 0x8000b498 (0x00005f17) x30 0x80010498
core   0: 0x8000b49c (0xb63f2423) sw      gp, -1176(t5)
core   0: 3 0x8000b49c (0xb63f2423) mem 0x80010000 0x00000001
core   0: 0x8000b4a0 (0x0000bfe5) c.j     pc - 8
core   0: 3 0x8000b4a0 (0xbfe5)
core   0: 0x8000b498 (0x00005f17) auipc   t5, 0x5
core   0: 3 0x8000b498 (0x00005f17) x30 0x80010498
core   0: 0x8000b49c (0xb63f2423) sw      gp, -1176(t5)
core   0: 3 0x8000b49c (0xb63f2423) mem 0x80010000 0x00000001
core   0: 0x8000b4a0 (0x0000bfe5) c.j     pc - 8
core   0: 3 0x8000b4a0 (0xbfe5)
core   0: 0x8000b498 (0x00005f17) auipc   t5, 0x5
core   0: 3 0x8000b498 (0x00005f17) x30 0x80010498
core   0: 0x8000b49c (0xb63f2423) sw      gp, -1176(t5)
core   0: 3 0x8000b49c (0xb63f2423) mem 0x80010000 0x00000001
core   0: 0x8000b4a0 (0x0000bfe5) c.j     pc - 8
core   0: 3 0x8000b4a0 (0xbfe5)
core   0: 0x8000b498 (0x00005f17) auipc   t5, 0x5
core   0: 3 0x8000b498 (0x00005f17) x30 0x80010498
core   0: 0x8000b49c (0xb63f2423) sw      gp, -1176(t5)
core   0: 3 0x8000b49c (0xb63f2423) mem 0x80010000 0x00000001
core   0: 0x8000b4a0 (0x0000bfe5) c.j     pc - 8
core   0: 3 0x8000b4a0 (0xbfe5)
core   0: 0x8000b498 (0x00005f17) auipc   t5, 0x5
core   0: 3 0x8000b498 (0x00005f17) x30 0x80010498
core   0: 0x8000b49c (0xb63f2423) sw      gp, -1176(t5)
core   0: 3 0x8000b49c (0xb63f2423) mem 0x80010000 0x00000001
core   0: 0x8000b4a0 (0x0000bfe5) c.j     pc - 8
core   0: 3 0x8000b4a0 (0xbfe5)
core   0: 0x8000b498 (0x00005f17) auipc   t5, 0x5
core   0: 3 0x8000b498 (0x00005f17) x30 0x80010498
core   0: 0x8000b49c (0xb63f2423) sw      gp, -1176(t5)
core   0: 3 0x8000b49c (0xb63f2423) mem 0x80010000 0x00000001
core   0: 0x8000b4a0 (0x0000bfe5) c.j     pc - 8
core   0: 3 0x8000b4a0 (0xbfe5)
core   0: 0x8000b498 (0x00005f17) auipc   t5, 0x5
core   0: 3 0x8000b498 (0x00005f17) x30 0x80010498
core   0: 0x8000b49c (0xb63f2423) sw      gp, -1176(t5)
core   0: 3 0x8000b49c (0xb63f2423) mem 0x80010000 0x00000001
core   0: 0x8000b4a0 (0x0000bfe5) c.j     pc - 8
core   0: 3 0x8000b4a0 (0xbfe5)
core   0: 0x8000b498 (0x00005f17) auipc   t5, 0x5
core   0: 3 0x8000b498 (0x00005f17) x30 0x80010498
core   0: 0x8000b49c (0xb63f2423) sw      gp, -1176(t5)
core   0: 3 0x8000b49c (0xb63f2423) mem 0x80010000 0x00000001
core   0: 0x8000b4a0 (0x0000bfe5) c.j     pc - 8
core   0: 3 0x8000b4a0 (0xbfe5)
core   0: 0x8000b498 (0x00005f17) auipc   t5, 0x5
core   0: 3 0x8000b498 (0x00005f17) x30 0x80010498
core   0: 0x8000b49c (0xb63f2423) sw      gp, -1176(t5)
core   0: 3 0x8000b49c (0xb63f2423) mem 0x80010000 0x00000001
core   0: 0x8000b4a0 (0x0000bfe5) c.j     pc - 8
core   0: 3 0x8000b4a0 (0xbfe5)
core   0: 0x8000b498 (0x00005f17) auipc   t5, 0x5
core   0: 3 0x8000b498 (0x00005f17) x30 0x80010498
core   0: 0x8000b49c (0xb63f2423) sw      gp, -1176(t5)
core   0: 3 0x8000b49c (0xb63f2423) mem 0x80010000 0x00000001
core   0: 0x8000b4a0 (0x0000bfe5) c.j     pc - 8
core   0: 3 0x8000b4a0 (0xbfe5)
core   0: 0x8000b498 (0x00005f17) auipc   t5, 0x5
core   0: 3 0x8000b498 (0x00005f17) x30 0x80010498
core   0: 0x8000b49c (0xb63f2423) sw      gp, -1176(t5)
core   0: 3 0x8000b49c (0xb63f2423) mem 0x80010000 0x00000001
core   0: 0x8000b4a0 (0x0000bfe5) c.j     pc - 8
core   0: 3 0x8000b4a0 (0xbfe5)
core   0: 0x8000b498 (0x00005f17) auipc   t5, 0x5
core   0: 3 0x8000b498 (0x00005f17) x30 0x80010498
core   0: 0x8000b49c (0xb63f2423) sw      gp, -1176(t5)
core   0: 3 0x8000b49c (0xb63f2423) mem 0x80010000 0x00000001
core   0: 0x8000b4a0 (0x0000bfe5) c.j     pc - 8
core   0: 3 0x8000b4a0 (0xbfe5)
core   0: 0x8000b498 (0x00005f17) auipc   t5, 0x5
core   0: 3 0x8000b498 (0x00005f17) x30 0x80010498
core   0: 0x8000b49c (0xb63f2423) sw      gp, -1176(t5)
core   0: 3 0x8000b49c (0xb63f2423) mem 0x80010000 0x00000001
core   0: 0x8000b4a0 (0x0000bfe5) c.j     pc - 8
core   0: 3 0x8000b4a0 (0xbfe5)
core   0: 0x8000b498 (0x00005f17) auipc   t5, 0x5
core   0: 3 0x8000b498 (0x00005f17) x30 0x80010498
core   0: 0x8000b49c (0xb63f2423) sw      gp, -1176(t5)
core   0: 3 0x8000b49c (0xb63f2423) mem 0x80010000 0x00000001
core   0: 0x8000b4a0 (0x0000bfe5) c.j     pc - 8
core   0: 3 0x8000b4a0 (0xbfe5)
core   0: 0x8000b498 (0x00005f17) auipc   t5, 0x5
core   0: 3 0x8000b498 (0x00005f17) x30 0x80010498
core   0: 0x8000b49c (0xb63f2423) sw      gp, -1176(t5)
core   0: 3 0x8000b49c (0xb63f2423) mem 0x80010000 0x00000001
core   0: 0x8000b4a0 (0x0000bfe5) c.j     pc - 8
core   0: 3 0x8000b4a0 (0xbfe5)
core   0: 0x8000b498 (0x00005f17) auipc   t5, 0x5
core   0: 3 0x8000b498 (0x00005f17) x30 0x80010498
core   0: 0x8000b49c (0xb63f2423) sw      gp, -1176(t5)
core   0: 3 0x8000b49c (0xb63f2423) mem 0x80010000 0x00000001
core   0: 0x8000b4a0 (0x0000bfe5) c.j     pc - 8
core   0: 3 0x8000b4a0 (0xbfe5)
core   0: 0x8000b498 (0x00005f17) auipc   t5, 0x5
core   0: 3 0x8000b498 (0x00005f17) x30 0x80010498
core   0: 0x8000b49c (0xb63f2423) sw      gp, -1176(t5)
core   0: 3 0x8000b49c (0xb63f2423) mem 0x80010000 0x00000001
core   0: 0x8000b4a0 (0x0000bfe5) c.j     pc - 8
core   0: 3 0x8000b4a0 (0xbfe5)
core   0: 0x8000b498 (0x00005f17) auipc   t5, 0x5
core   0: 3 0x8000b498 (0x00005f17) x30 0x80010498
core   0: 0x8000b49c (0xb63f2423) sw      gp, -1176(t5)
core   0: 3 0x8000b49c (0xb63f2423) mem 0x80010000 0x00000001
core   0: 0x8000b4a0 (0x0000bfe5) c.j     pc - 8
core   0: 3 0x8000b4a0 (0xbfe5)
core   0: 0x8000b498 (0x00005f17) auipc   t5, 0x5
core   0: 3 0x8000b498 (0x00005f17) x30 0x80010498
core   0: 0x8000b49c (0xb63f2423) sw      gp, -1176(t5)
core   0: 3 0x8000b49c (0xb63f2423) mem 0x80010000 0x00000001
core   0: 0x8000b4a0 (0x0000bfe5) c.j     pc - 8
core   0: 3 0x8000b4a0 (0xbfe5)
core   0: 0x8000b498 (0x00005f17) auipc   t5, 0x5
core   0: 3 0x8000b498 (0x00005f17) x30 0x80010498
core   0: 0x8000b49c (0xb63f2423) sw      gp, -1176(t5)
core   0: 3 0x8000b49c (0xb63f2423) mem 0x80010000 0x00000001
core   0: 0x8000b4a0 (0x0000bfe5) c.j     pc - 8
core   0: 3 0x8000b4a0 (0xbfe5)
core   0: 0x8000b498 (0x00005f17) auipc   t5, 0x5
core   0: 3 0x8000b498 (0x00005f17) x30 0x80010498
core   0: 0x8000b49c (0xb63f2423) sw      gp, -1176(t5)
core   0: 3 0x8000b49c (0xb63f2423) mem 0x80010000 0x00000001
core   0: 0x8000b4a0 (0x0000bfe5) c.j     pc - 8
core   0: 3 0x8000b4a0 (0xbfe5)
core   0: 0x8000b498 (0x00005f17) auipc   t5, 0x5
core   0: 3 0x8000b498 (0x00005f17) x30 0x80010498
core   0: 0x8000b49c (0xb63f2423) sw      gp, -1176(t5)
core   0: 3 0x8000b49c (0xb63f2423) mem 0x80010000 0x00000001
core   0: 0x8000b4a0 (0x0000bfe5) c.j     pc - 8
core   0: 3 0x8000b4a0 (0xbfe5)
core   0: 0x8000b498 (0x00005f17) auipc   t5, 0x5
core   0: 3 0x8000b498 (0x00005f17) x30 0x80010498
core   0: 0x8000b49c (0xb63f2423) sw      gp, -1176(t5)
core   0: 3 0x8000b49c (0xb63f2423) mem 0x80010000 0x00000001
core   0: 0x8000b4a0 (0x0000bfe5) c.j     pc - 8
core   0: 3 0x8000b4a0 (0xbfe5)
core   0: 0x8000b498 (0x00005f17) auipc   t5, 0x5
core   0: 3 0x8000b498 (0x00005f17) x30 0x80010498
core   0: 0x8000b49c (0xb63f2423) sw      gp, -1176(t5)
core   0: 3 0x8000b49c (0xb63f2423) mem 0x80010000 0x00000001
core   0: 0x8000b4a0 (0x0000bfe5) c.j     pc - 8
core   0: 3 0x8000b4a0 (0xbfe5)
core   0: 0x8000b498 (0x00005f17) auipc   t5, 0x5
core   0: 3 0x8000b498 (0x00005f17) x30 0x80010498
core   0: 0x8000b49c (0xb63f2423) sw      gp, -1176(t5)
core   0: 3 0x8000b49c (0xb63f2423) mem 0x80010000 0x00000001
core   0: 0x8000b4a0 (0x0000bfe5) c.j     pc - 8
core   0: 3 0x8000b4a0 (0xbfe5)
core   0: 0x8000b498 (0x00005f17) auipc   t5, 0x5
core   0: 3 0x8000b498 (0x00005f17) x30 0x80010498
core   0: 0x8000b49c (0xb63f2423) sw      gp, -1176(t5)
core   0: 3 0x8000b49c (0xb63f2423) mem 0x80010000 0x00000001
core   0: 0x8000b4a0 (0x0000bfe5) c.j     pc - 8
core   0: 3 0x8000b4a0 (0xbfe5)
core   0: 0x8000b498 (0x00005f17) auipc   t5, 0x5
core   0: 3 0x8000b498 (0x00005f17) x30 0x80010498
core   0: 0x8000b49c (0xb63f2423) sw      gp, -1176(t5)
core   0: 3 0x8000b49c (0xb63f2423) mem 0x80010000 0x00000001
core   0: 0x8000b4a0 (0x0000bfe5) c.j     pc - 8
core   0: 3 0x8000b4a0 (0xbfe5)
core   0: 0x8000b498 (0x00005f17) auipc   t5, 0x5
core   0: 3 0x8000b498 (0x00005f17) x30 0x80010498
core   0: 0x8000b49c (0xb63f2423) sw      gp, -1176(t5)
core   0: 3 0x8000b49c (0xb63f2423) mem 0x80010000 0x00000001
core   0: 0x8000b4a0 (0x0000bfe5) c.j     pc - 8
core   0: 3 0x8000b4a0 (0xbfe5)
core   0: 0x8000b498 (0x00005f17) auipc   t5, 0x5
core   0: 3 0x8000b498 (0x00005f17) x30 0x80010498
core   0: 0x8000b49c (0xb63f2423) sw      gp, -1176(t5)
core   0: 3 0x8000b49c (0xb63f2423) mem 0x80010000 0x00000001
core   0: 0x8000b4a0 (0x0000bfe5) c.j     pc - 8
core   0: 3 0x8000b4a0 (0xbfe5)
core   0: 0x8000b498 (0x00005f17) auipc   t5, 0x5
core   0: 3 0x8000b498 (0x00005f17) x30 0x80010498
core   0: 0x8000b49c (0xb63f2423) sw      gp, -1176(t5)
core   0: 3 0x8000b49c (0xb63f2423) mem 0x80010000 0x00000001
core   0: 0x8000b4a0 (0x0000bfe5) c.j     pc - 8
core   0: 3 0x8000b4a0 (0xbfe5)
core   0: 0x8000b498 (0x00005f17) auipc   t5, 0x5
core   0: 3 0x8000b498 (0x00005f17) x30 0x80010498
core   0: 0x8000b49c (0xb63f2423) sw      gp, -1176(t5)
core   0: 3 0x8000b49c (0xb63f2423) mem 0x80010000 0x00000001
core   0: 0x8000b4a0 (0x0000bfe5) c.j     pc - 8
core   0: 3 0x8000b4a0 (0xbfe5)
core   0: 0x8000b498 (0x00005f17) auipc   t5, 0x5
core   0: 3 0x8000b498 (0x00005f17) x30 0x80010498
core   0: 0x8000b49c (0xb63f2423) sw      gp, -1176(t5)
core   0: 3 0x8000b49c (0xb63f2423) mem 0x80010000 0x00000001
core   0: 0x8000b4a0 (0x0000bfe5) c.j     pc - 8
core   0: 3 0x8000b4a0 (0xbfe5)
core   0: 0x8000b498 (0x00005f17) auipc   t5, 0x5
core   0: 3 0x8000b498 (0x00005f17) x30 0x80010498
core   0: 0x8000b49c (0xb63f2423) sw      gp, -1176(t5)
core   0: 3 0x8000b49c (0xb63f2423) mem 0x80010000 0x00000001
core   0: 0x8000b4a0 (0x0000bfe5) c.j     pc - 8
core   0: 3 0x8000b4a0 (0xbfe5)
core   0: 0x8000b498 (0x00005f17) auipc   t5, 0x5
core   0: 3 0x8000b498 (0x00005f17) x30 0x80010498
core   0: 0x8000b49c (0xb63f2423) sw      gp, -1176(t5)
core   0: 3 0x8000b49c (0xb63f2423) mem 0x80010000 0x00000001
core   0: 0x8000b4a0 (0x0000bfe5) c.j     pc - 8
core   0: 3 0x8000b4a0 (0xbfe5)
core   0: 0x8000b498 (0x00005f17) auipc   t5, 0x5
core   0: 3 0x8000b498 (0x00005f17) x30 0x80010498
core   0: 0x8000b49c (0xb63f2423) sw      gp, -1176(t5)
core   0: 3 0x8000b49c (0xb63f2423) mem 0x80010000 0x00000001
core   0: 0x8000b4a0 (0x0000bfe5) c.j     pc - 8
core   0: 3 0x8000b4a0 (0xbfe5)
core   0: 0x8000b498 (0x00005f17) auipc   t5, 0x5
core   0: 3 0x8000b498 (0x00005f17) x30 0x80010498
core   0: 0x8000b49c (0xb63f2423) sw      gp, -1176(t5)
core   0: 3 0x8000b49c (0xb63f2423) mem 0x80010000 0x00000001
core   0: 0x8000b4a0 (0x0000bfe5) c.j     pc - 8
core   0: 3 0x8000b4a0 (0xbfe5)
core   0: 0x8000b498 (0x00005f17) auipc   t5, 0x5
core   0: 3 0x8000b498 (0x00005f17) x30 0x80010498
core   0: 0x8000b49c (0xb63f2423) sw      gp, -1176(t5)
core   0: 3 0x8000b49c (0xb63f2423) mem 0x80010000 0x00000001
core   0: 0x8000b4a0 (0x0000bfe5) c.j     pc - 8
core   0: 3 0x8000b4a0 (0xbfe5)
core   0: 0x8000b498 (0x00005f17) auipc   t5, 0x5
core   0: 3 0x8000b498 (0x00005f17) x30 0x80010498
core   0: 0x8000b49c (0xb63f2423) sw      gp, -1176(t5)
core   0: 3 0x8000b49c (0xb63f2423) mem 0x80010000 0x00000001
core   0: 0x8000b4a0 (0x0000bfe5) c.j     pc - 8
core   0: 3 0x8000b4a0 (0xbfe5)
core   0: 0x8000b498 (0x00005f17) auipc   t5, 0x5
core   0: 3 0x8000b498 (0x00005f17) x30 0x80010498
core   0: 0x8000b49c (0xb63f2423) sw      gp, -1176(t5)
core   0: 3 0x8000b49c (0xb63f2423) mem 0x80010000 0x00000001
core   0: 0x8000b4a0 (0x0000bfe5) c.j     pc - 8
core   0: 3 0x8000b4a0 (0xbfe5)
core   0: 0x8000b498 (0x00005f17) auipc   t5, 0x5
core   0: 3 0x8000b498 (0x00005f17) x30 0x80010498
core   0: 0x8000b49c (0xb63f2423) sw      gp, -1176(t5)
core   0: 3 0x8000b49c (0xb63f2423) mem 0x80010000 0x00000001
core   0: 0x8000b4a0 (0x0000bfe5) c.j     pc - 8
core   0: 3 0x8000b4a0 (0xbfe5)
core   0: 0x8000b498 (0x00005f17) auipc   t5, 0x5
core   0: 3 0x8000b498 (0x00005f17) x30 0x80010498
core   0: 0x8000b49c (0xb63f2423) sw      gp, -1176(t5)
core   0: 3 0x8000b49c (0xb63f2423) mem 0x80010000 0x00000001
core   0: 0x8000b4a0 (0x0000bfe5) c.j     pc - 8
core   0: 3 0x8000b4a0 (0xbfe5)
core   0: 0x8000b498 (0x00005f17) auipc   t5, 0x5
core   0: 3 0x8000b498 (0x00005f17) x30 0x80010498
core   0: 0x8000b49c (0xb63f2423) sw      gp, -1176(t5)
core   0: 3 0x8000b49c (0xb63f2423) mem 0x80010000 0x00000001
core   0: 0x8000b4a0 (0x0000bfe5) c.j     pc - 8
core   0: 3 0x8000b4a0 (0xbfe5)
core   0: 0x8000b498 (0x00005f17) auipc   t5, 0x5
core   0: 3 0x8000b498 (0x00005f17) x30 0x80010498
core   0: 0x8000b49c (0xb63f2423) sw      gp, -1176(t5)
core   0: 3 0x8000b49c (0xb63f2423) mem 0x80010000 0x00000001
core   0: 0x8000b4a0 (0x0000bfe5) c.j     pc - 8
core   0: 3 0x8000b4a0 (0xbfe5)
core   0: 0x8000b498 (0x00005f17) auipc   t5, 0x5
core   0: 3 0x8000b498 (0x00005f17) x30 0x80010498
core   0: 0x8000b49c (0xb63f2423) sw      gp, -1176(t5)
core   0: 3 0x8000b49c (0xb63f2423) mem 0x80010000 0x00000001
core   0: 0x8000b4a0 (0x0000bfe5) c.j     pc - 8
core   0: 3 0x8000b4a0 (0xbfe5)
core   0: 0x8000b498 (0x00005f17) auipc   t5, 0x5
core   0: 3 0x8000b498 (0x00005f17) x30 0x80010498
core   0: 0x8000b49c (0xb63f2423) sw      gp, -1176(t5)
core   0: 3 0x8000b49c (0xb63f2423) mem 0x80010000 0x00000001
core   0: 0x8000b4a0 (0x0000bfe5) c.j     pc - 8
core   0: 3 0x8000b4a0 (0xbfe5)
core   0: 0x8000b498 (0x00005f17) auipc   t5, 0x5
core   0: 3 0x8000b498 (0x00005f17) x30 0x80010498
core   0: 0x8000b49c (0xb63f2423) sw      gp, -1176(t5)
core   0: 3 0x8000b49c (0xb63f2423) mem 0x80010000 0x00000001
core   0: 0x8000b4a0 (0x0000bfe5) c.j     pc - 8
core   0: 3 0x8000b4a0 (0xbfe5)
core   0: 0x8000b498 (0x00005f17) auipc   t5, 0x5
core   0: 3 0x8000b498 (0x00005f17) x30 0x80010498
core   0: 0x8000b49c (0xb63f2423) sw      gp, -1176(t5)
core   0: 3 0x8000b49c (0xb63f2423) mem 0x80010000 0x00000001
core   0: 0x8000b4a0 (0x0000bfe5) c.j     pc - 8
core   0: 3 0x8000b4a0 (0xbfe5)
core   0: 0x8000b498 (0x00005f17) auipc   t5, 0x5
core   0: 3 0x8000b498 (0x00005f17) x30 0x80010498
core   0: 0x8000b49c (0xb63f2423) sw      gp, -1176(t5)
core   0: 3 0x8000b49c (0xb63f2423) mem 0x80010000 0x00000001
core   0: 0x8000b4a0 (0x0000bfe5) c.j     pc - 8
core   0: 3 0x8000b4a0 (0xbfe5)
core   0: 0x8000b498 (0x00005f17) auipc   t5, 0x5
core   0: 3 0x8000b498 (0x00005f17) x30 0x80010498
core   0: 0x8000b49c (0xb63f2423) sw      gp, -1176(t5)
core   0: 3 0x8000b49c (0xb63f2423) mem 0x80010000 0x00000001
core   0: 0x8000b4a0 (0x0000bfe5) c.j     pc - 8
core   0: 3 0x8000b4a0 (0xbfe5)
core   0: 0x8000b498 (0x00005f17) auipc   t5, 0x5
core   0: 3 0x8000b498 (0x00005f17) x30 0x80010498
core   0: 0x8000b49c (0xb63f2423) sw      gp, -1176(t5)
core   0: 3 0x8000b49c (0xb63f2423) mem 0x80010000 0x00000001
core   0: 0x8000b4a0 (0x0000bfe5) c.j     pc - 8
core   0: 3 0x8000b4a0 (0xbfe5)
core   0: 0x8000b498 (0x00005f17) auipc   t5, 0x5
core   0: 3 0x8000b498 (0x00005f17) x30 0x80010498
core   0: 0x8000b49c (0xb63f2423) sw      gp, -1176(t5)
core   0: 3 0x8000b49c (0xb63f2423) mem 0x80010000 0x00000001
core   0: 0x8000b4a0 (0x0000bfe5) c.j     pc - 8
core   0: 3 0x8000b4a0 (0xbfe5)
core   0: 0x8000b498 (0x00005f17) auipc   t5, 0x5
core   0: 3 0x8000b498 (0x00005f17) x30 0x80010498
core   0: 0x8000b49c (0xb63f2423) sw      gp, -1176(t5)
core   0: 3 0x8000b49c (0xb63f2423) mem 0x80010000 0x00000001
core   0: 0x8000b4a0 (0x0000bfe5) c.j     pc - 8
core   0: 3 0x8000b4a0 (0xbfe5)
core   0: 0x8000b498 (0x00005f17) auipc   t5, 0x5
core   0: 3 0x8000b498 (0x00005f17) x30 0x80010498
core   0: 0x8000b49c (0xb63f2423) sw      gp, -1176(t5)
core   0: 3 0x8000b49c (0xb63f2423) mem 0x80010000 0x00000001
core   0: 0x8000b4a0 (0x0000bfe5) c.j     pc - 8
core   0: 3 0x8000b4a0 (0xbfe5)
core   0: 0x8000b498 (0x00005f17) auipc   t5, 0x5
core   0: 3 0x8000b498 (0x00005f17) x30 0x80010498
core   0: 0x8000b49c (0xb63f2423) sw      gp, -1176(t5)
core   0: 3 0x8000b49c (0xb63f2423) mem 0x80010000 0x00000001
core   0: 0x8000b4a0 (0x0000bfe5) c.j     pc - 8
core   0: 3 0x8000b4a0 (0xbfe5)
core   0: 0x8000b498 (0x00005f17) auipc   t5, 0x5
core   0: 3 0x8000b498 (0x00005f17) x30 0x80010498
core   0: 0x8000b49c (0xb63f2423) sw      gp, -1176(t5)
core   0: 3 0x8000b49c (0xb63f2423) mem 0x80010000 0x00000001
core   0: 0x8000b4a0 (0x0000bfe5) c.j     pc - 8
core   0: 3 0x8000b4a0 (0xbfe5)
core   0: 0x8000b498 (0x00005f17) auipc   t5, 0x5
core   0: 3 0x8000b498 (0x00005f17) x30 0x80010498
core   0: 0x8000b49c (0xb63f2423) sw      gp, -1176(t5)
core   0: 3 0x8000b49c (0xb63f2423) mem 0x80010000 0x00000001
core   0: 0x8000b4a0 (0x0000bfe5) c.j     pc - 8
core   0: 3 0x8000b4a0 (0xbfe5)
core   0: 0x8000b498 (0x00005f17) auipc   t5, 0x5
core   0: 3 0x8000b498 (0x00005f17) x30 0x80010498
core   0: 0x8000b49c (0xb63f2423) sw      gp, -1176(t5)
core   0: 3 0x8000b49c (0xb63f2423) mem 0x80010000 0x00000001
core   0: 0x8000b4a0 (0x0000bfe5) c.j     pc - 8
core   0: 3 0x8000b4a0 (0xbfe5)
core   0: 0x8000b498 (0x00005f17) auipc   t5, 0x5
core   0: 3 0x8000b498 (0x00005f17) x30 0x80010498
core   0: 0x8000b49c (0xb63f2423) sw      gp, -1176(t5)
core   0: 3 0x8000b49c (0xb63f2423) mem 0x80010000 0x00000001
core   0: 0x8000b4a0 (0x0000bfe5) c.j     pc - 8
core   0: 3 0x8000b4a0 (0xbfe5)
core   0: 0x8000b498 (0x00005f17) auipc   t5, 0x5
core   0: 3 0x8000b498 (0x00005f17) x30 0x80010498
core   0: 0x8000b49c (0xb63f2423) sw      gp, -1176(t5)
core   0: 3 0x8000b49c (0xb63f2423) mem 0x80010000 0x00000001
core   0: 0x8000b4a0 (0x0000bfe5) c.j     pc - 8
core   0: 3 0x8000b4a0 (0xbfe5)
core   0: 0x8000b498 (0x00005f17) auipc   t5, 0x5
core   0: 3 0x8000b498 (0x00005f17) x30 0x80010498
core   0: 0x8000b49c (0xb63f2423) sw      gp, -1176(t5)
core   0: 3 0x8000b49c (0xb63f2423) mem 0x80010000 0x00000001
core   0: 0x8000b4a0 (0x0000bfe5) c.j     pc - 8
core   0: 3 0x8000b4a0 (0xbfe5)
core   0: 0x8000b498 (0x00005f17) auipc   t5, 0x5
core   0: 3 0x8000b498 (0x00005f17) x30 0x80010498
core   0: 0x8000b49c (0xb63f2423) sw      gp, -1176(t5)
core   0: 3 0x8000b49c (0xb63f2423) mem 0x80010000 0x00000001
core   0: 0x8000b4a0 (0x0000bfe5) c.j     pc - 8
core   0: 3 0x8000b4a0 (0xbfe5)
core   0: 0x8000b498 (0x00005f17) auipc   t5, 0x5
core   0: 3 0x8000b498 (0x00005f17) x30 0x80010498
core   0: 0x8000b49c (0xb63f2423) sw      gp, -1176(t5)
core   0: 3 0x8000b49c (0xb63f2423) mem 0x80010000 0x00000001
core   0: 0x8000b4a0 (0x0000bfe5) c.j     pc - 8
core   0: 3 0x8000b4a0 (0xbfe5)
core   0: 0x8000b498 (0x00005f17) auipc   t5, 0x5
core   0: 3 0x8000b498 (0x00005f17) x30 0x80010498
core   0: 0x8000b49c (0xb63f2423) sw      gp, -1176(t5)
core   0: 3 0x8000b49c (0xb63f2423) mem 0x80010000 0x00000001
core   0: 0x8000b4a0 (0x0000bfe5) c.j     pc - 8
core   0: 3 0x8000b4a0 (0xbfe5)
core   0: 0x8000b498 (0x00005f17) auipc   t5, 0x5
core   0: 3 0x8000b498 (0x00005f17) x30 0x80010498
core   0: 0x8000b49c (0xb63f2423) sw      gp, -1176(t5)
core   0: 3 0x8000b49c (0xb63f2423) mem 0x80010000 0x00000001
core   0: 0x8000b4a0 (0x0000bfe5) c.j     pc - 8
core   0: 3 0x8000b4a0 (0xbfe5)
core   0: 0x8000b498 (0x00005f17) auipc   t5, 0x5
core   0: 3 0x8000b498 (0x00005f17) x30 0x80010498
core   0: 0x8000b49c (0xb63f2423) sw      gp, -1176(t5)
core   0: 3 0x8000b49c (0xb63f2423) mem 0x80010000 0x00000001
core   0: 0x8000b4a0 (0x0000bfe5) c.j     pc - 8
core   0: 3 0x8000b4a0 (0xbfe5)
core   0: 0x8000b498 (0x00005f17) auipc   t5, 0x5
core   0: 3 0x8000b498 (0x00005f17) x30 0x80010498
core   0: 0x8000b49c (0xb63f2423) sw      gp, -1176(t5)
core   0: 3 0x8000b49c (0xb63f2423) mem 0x80010000 0x00000001
core   0: 0x8000b4a0 (0x0000bfe5) c.j     pc - 8
core   0: 3 0x8000b4a0 (0xbfe5)
core   0: 0x8000b498 (0x00005f17) auipc   t5, 0x5
core   0: 3 0x8000b498 (0x00005f17) x30 0x80010498
core   0: 0x8000b49c (0xb63f2423) sw      gp, -1176(t5)
core   0: 3 0x8000b49c (0xb63f2423) mem 0x80010000 0x00000001
core   0: 0x8000b4a0 (0x0000bfe5) c.j     pc - 8
core   0: 3 0x8000b4a0 (0xbfe5)
core   0: 0x8000b498 (0x00005f17) auipc   t5, 0x5
core   0: 3 0x8000b498 (0x00005f17) x30 0x80010498
core   0: 0x8000b49c (0xb63f2423) sw      gp, -1176(t5)
core   0: 3 0x8000b49c (0xb63f2423) mem 0x80010000 0x00000001
core   0: 0x8000b4a0 (0x0000bfe5) c.j     pc - 8
core   0: 3 0x8000b4a0 (0xbfe5)
core   0: 0x8000b498 (0x00005f17) auipc   t5, 0x5
core   0: 3 0x8000b498 (0x00005f17) x30 0x80010498
core   0: 0x8000b49c (0xb63f2423) sw      gp, -1176(t5)
core   0: 3 0x8000b49c (0xb63f2423) mem 0x80010000 0x00000001
core   0: 0x8000b4a0 (0x0000bfe5) c.j     pc - 8
core   0: 3 0x8000b4a0 (0xbfe5)
core   0: 0x8000b498 (0x00005f17) auipc   t5, 0x5
core   0: 3 0x8000b498 (0x00005f17) x30 0x80010498
core   0: 0x8000b49c (0xb63f2423) sw      gp, -1176(t5)
core   0: 3 0x8000b49c (0xb63f2423) mem 0x80010000 0x00000001
core   0: 0x8000b4a0 (0x0000bfe5) c.j     pc - 8
core   0: 3 0x8000b4a0 (0xbfe5)
core   0: 0x8000b498 (0x00005f17) auipc   t5, 0x5
core   0: 3 0x8000b498 (0x00005f17) x30 0x80010498
core   0: 0x8000b49c (0xb63f2423) sw      gp, -1176(t5)
core   0: 3 0x8000b49c (0xb63f2423) mem 0x80010000 0x00000001
core   0: 0x8000b4a0 (0x0000bfe5) c.j     pc - 8
core   0: 3 0x8000b4a0 (0xbfe5)
core   0: 0x8000b498 (0x00005f17) auipc   t5, 0x5
core   0: 3 0x8000b498 (0x00005f17) x30 0x80010498
core   0: 0x8000b49c (0xb63f2423) sw      gp, -1176(t5)
core   0: 3 0x8000b49c (0xb63f2423) mem 0x80010000 0x00000001
core   0: 0x8000b4a0 (0x0000bfe5) c.j     pc - 8
core   0: 3 0x8000b4a0 (0xbfe5)
core   0: 0x8000b498 (0x00005f17) auipc   t5, 0x5
core   0: 3 0x8000b498 (0x00005f17) x30 0x80010498
core   0: 0x8000b49c (0xb63f2423) sw      gp, -1176(t5)
core   0: 3 0x8000b49c (0xb63f2423) mem 0x80010000 0x00000001
core   0: 0x8000b4a0 (0x0000bfe5) c.j     pc - 8
core   0: 3 0x8000b4a0 (0xbfe5)
core   0: 0x8000b498 (0x00005f17) auipc   t5, 0x5
core   0: 3 0x8000b498 (0x00005f17) x30 0x80010498
core   0: 0x8000b49c (0xb63f2423) sw      gp, -1176(t5)
core   0: 3 0x8000b49c (0xb63f2423) mem 0x80010000 0x00000001
core   0: 0x8000b4a0 (0x0000bfe5) c.j     pc - 8
core   0: 3 0x8000b4a0 (0xbfe5)
core   0: 0x8000b498 (0x00005f17) auipc   t5, 0x5
core   0: 3 0x8000b498 (0x00005f17) x30 0x80010498
core   0: 0x8000b49c (0xb63f2423) sw      gp, -1176(t5)
core   0: 3 0x8000b49c (0xb63f2423) mem 0x80010000 0x00000001
core   0: 0x8000b4a0 (0x0000bfe5) c.j     pc - 8
core   0: 3 0x8000b4a0 (0xbfe5)
core   0: 0x8000b498 (0x00005f17) auipc   t5, 0x5
core   0: 3 0x8000b498 (0x00005f17) x30 0x80010498
core   0: 0x8000b49c (0xb63f2423) sw      gp, -1176(t5)
core   0: 3 0x8000b49c (0xb63f2423) mem 0x80010000 0x00000001
core   0: 0x8000b4a0 (0x0000bfe5) c.j     pc - 8
core   0: 3 0x8000b4a0 (0xbfe5)
core   0: 0x8000b498 (0x00005f17) auipc   t5, 0x5
core   0: 3 0x8000b498 (0x00005f17) x30 0x80010498
core   0: 0x8000b49c (0xb63f2423) sw      gp, -1176(t5)
core   0: 3 0x8000b49c (0xb63f2423) mem 0x80010000 0x00000001
core   0: 0x8000b4a0 (0x0000bfe5) c.j     pc - 8
core   0: 3 0x8000b4a0 (0xbfe5)
core   0: 0x8000b498 (0x00005f17) auipc   t5, 0x5
core   0: 3 0x8000b498 (0x00005f17) x30 0x80010498
core   0: 0x8000b49c (0xb63f2423) sw      gp, -1176(t5)
core   0: 3 0x8000b49c (0xb63f2423) mem 0x80010000 0x00000001
core   0: 0x8000b4a0 (0x0000bfe5) c.j     pc - 8
core   0: 3 0x8000b4a0 (0xbfe5)
core   0: 0x8000b498 (0x00005f17) auipc   t5, 0x5
core   0: 3 0x8000b498 (0x00005f17) x30 0x80010498
core   0: 0x8000b49c (0xb63f2423) sw      gp, -1176(t5)
core   0: 3 0x8000b49c (0xb63f2423) mem 0x80010000 0x00000001
core   0: 0x8000b4a0 (0x0000bfe5) c.j     pc - 8
core   0: 3 0x8000b4a0 (0xbfe5)
core   0: 0x8000b498 (0x00005f17) auipc   t5, 0x5
core   0: 3 0x8000b498 (0x00005f17) x30 0x80010498
core   0: 0x8000b49c (0xb63f2423) sw      gp, -1176(t5)
core   0: 3 0x8000b49c (0xb63f2423) mem 0x80010000 0x00000001
core   0: 0x8000b4a0 (0x0000bfe5) c.j     pc - 8
core   0: 3 0x8000b4a0 (0xbfe5)
core   0: 0x8000b498 (0x00005f17) auipc   t5, 0x5
core   0: 3 0x8000b498 (0x00005f17) x30 0x80010498
core   0: 0x8000b49c (0xb63f2423) sw      gp, -1176(t5)
core   0: 3 0x8000b49c (0xb63f2423) mem 0x80010000 0x00000001
core   0: 0x8000b4a0 (0x0000bfe5) c.j     pc - 8
core   0: 3 0x8000b4a0 (0xbfe5)
core   0: 0x8000b498 (0x00005f17) auipc   t5, 0x5
core   0: 3 0x8000b498 (0x00005f17) x30 0x80010498
core   0: 0x8000b49c (0xb63f2423) sw      gp, -1176(t5)
core   0: 3 0x8000b49c (0xb63f2423) mem 0x80010000 0x00000001
core   0: 0x8000b4a0 (0x0000bfe5) c.j     pc - 8
core   0: 3 0x8000b4a0 (0xbfe5)
core   0: 0x8000b498 (0x00005f17) auipc   t5, 0x5
core   0: 3 0x8000b498 (0x00005f17) x30 0x80010498
core   0: 0x8000b49c (0xb63f2423) sw      gp, -1176(t5)
core   0: 3 0x8000b49c (0xb63f2423) mem 0x80010000 0x00000001
core   0: 0x8000b4a0 (0x0000bfe5) c.j     pc - 8
core   0: 3 0x8000b4a0 (0xbfe5)
core   0: 0x8000b498 (0x00005f17) auipc   t5, 0x5
core   0: 3 0x8000b498 (0x00005f17) x30 0x80010498
core   0: 0x8000b49c (0xb63f2423) sw      gp, -1176(t5)
core   0: 3 0x8000b49c (0xb63f2423) mem 0x80010000 0x00000001
core   0: 0x8000b4a0 (0x0000bfe5) c.j     pc - 8
core   0: 3 0x8000b4a0 (0xbfe5)
core   0: 0x8000b498 (0x00005f17) auipc   t5, 0x5
core   0: 3 0x8000b498 (0x00005f17) x30 0x80010498
core   0: 0x8000b49c (0xb63f2423) sw      gp, -1176(t5)
core   0: 3 0x8000b49c (0xb63f2423) mem 0x80010000 0x00000001
core   0: 0x8000b4a0 (0x0000bfe5) c.j     pc - 8
core   0: 3 0x8000b4a0 (0xbfe5)
core   0: 0x8000b498 (0x00005f17) auipc   t5, 0x5
core   0: 3 0x8000b498 (0x00005f17) x30 0x80010498
core   0: 0x8000b49c (0xb63f2423) sw      gp, -1176(t5)
core   0: 3 0x8000b49c (0xb63f2423) mem 0x80010000 0x00000001
core   0: 0x8000b4a0 (0x0000bfe5) c.j     pc - 8
core   0: 3 0x8000b4a0 (0xbfe5)
core   0: 0x8000b498 (0x00005f17) auipc   t5, 0x5
core   0: 3 0x8000b498 (0x00005f17) x30 0x80010498
core   0: 0x8000b49c (0xb63f2423) sw      gp, -1176(t5)
core   0: 3 0x8000b49c (0xb63f2423) mem 0x80010000 0x00000001
core   0: 0x8000b4a0 (0x0000bfe5) c.j     pc - 8
core   0: 3 0x8000b4a0 (0xbfe5)
core   0: 0x8000b498 (0x00005f17) auipc   t5, 0x5
core   0: 3 0x8000b498 (0x00005f17) x30 0x80010498
core   0: 0x8000b49c (0xb63f2423) sw      gp, -1176(t5)
core   0: 3 0x8000b49c (0xb63f2423) mem 0x80010000 0x00000001
core   0: 0x8000b4a0 (0x0000bfe5) c.j     pc - 8
core   0: 3 0x8000b4a0 (0xbfe5)
core   0: 0x8000b498 (0x00005f17) auipc   t5, 0x5
core   0: 3 0x8000b498 (0x00005f17) x30 0x80010498
core   0: 0x8000b49c (0xb63f2423) sw      gp, -1176(t5)
core   0: 3 0x8000b49c (0xb63f2423) mem 0x80010000 0x00000001
core   0: 0x8000b4a0 (0x0000bfe5) c.j     pc - 8
core   0: 3 0x8000b4a0 (0xbfe5)
core   0: 0x8000b498 (0x00005f17) auipc   t5, 0x5
core   0: 3 0x8000b498 (0x00005f17) x30 0x80010498
core   0: 0x8000b49c (0xb63f2423) sw      gp, -1176(t5)
core   0: 3 0x8000b49c (0xb63f2423) mem 0x80010000 0x00000001
core   0: 0x8000b4a0 (0x0000bfe5) c.j     pc - 8
core   0: 3 0x8000b4a0 (0xbfe5)
core   0: 0x8000b498 (0x00005f17) auipc   t5, 0x5
core   0: 3 0x8000b498 (0x00005f17) x30 0x80010498
core   0: 0x8000b49c (0xb63f2423) sw      gp, -1176(t5)
core   0: 3 0x8000b49c (0xb63f2423) mem 0x80010000 0x00000001
core   0: 0x8000b4a0 (0x0000bfe5) c.j     pc - 8
core   0: 3 0x8000b4a0 (0xbfe5)
core   0: 0x8000b498 (0x00005f17) auipc   t5, 0x5
core   0: 3 0x8000b498 (0x00005f17) x30 0x80010498
core   0: 0x8000b49c (0xb63f2423) sw      gp, -1176(t5)
core   0: 3 0x8000b49c (0xb63f2423) mem 0x80010000 0x00000001
core   0: 0x8000b4a0 (0x0000bfe5) c.j     pc - 8
core   0: 3 0x8000b4a0 (0xbfe5)
core   0: 0x8000b498 (0x00005f17) auipc   t5, 0x5
core   0: 3 0x8000b498 (0x00005f17) x30 0x80010498
core   0: 0x8000b49c (0xb63f2423) sw      gp, -1176(t5)
core   0: 3 0x8000b49c (0xb63f2423) mem 0x80010000 0x00000001
core   0: 0x8000b4a0 (0x0000bfe5) c.j     pc - 8
core   0: 3 0x8000b4a0 (0xbfe5)
core   0: 0x8000b498 (0x00005f17) auipc   t5, 0x5
core   0: 3 0x8000b498 (0x00005f17) x30 0x80010498
core   0: 0x8000b49c (0xb63f2423) sw      gp, -1176(t5)
core   0: 3 0x8000b49c (0xb63f2423) mem 0x80010000 0x00000001
core   0: 0x8000b4a0 (0x0000bfe5) c.j     pc - 8
core   0: 3 0x8000b4a0 (0xbfe5)
core   0: 0x8000b498 (0x00005f17) auipc   t5, 0x5
core   0: 3 0x8000b498 (0x00005f17) x30 0x80010498
core   0: 0x8000b49c (0xb63f2423) sw      gp, -1176(t5)
core   0: 3 0x8000b49c (0xb63f2423) mem 0x80010000 0x00000001
core   0: 0x8000b4a0 (0x0000bfe5) c.j     pc - 8
core   0: 3 0x8000b4a0 (0xbfe5)
core   0: 0x8000b498 (0x00005f17) auipc   t5, 0x5
core   0: 3 0x8000b498 (0x00005f17) x30 0x80010498
core   0: 0x8000b49c (0xb63f2423) sw      gp, -1176(t5)
core   0: 3 0x8000b49c (0xb63f2423) mem 0x80010000 0x00000001
core   0: 0x8000b4a0 (0x0000bfe5) c.j     pc - 8
core   0: 3 0x8000b4a0 (0xbfe5)
core   0: 0x8000b498 (0x00005f17) auipc   t5, 0x5
core   0: 3 0x8000b498 (0x00005f17) x30 0x80010498
core   0: 0x8000b49c (0xb63f2423) sw      gp, -1176(t5)
core   0: 3 0x8000b49c (0xb63f2423) mem 0x80010000 0x00000001
core   0: 0x8000b4a0 (0x0000bfe5) c.j     pc - 8
core   0: 3 0x8000b4a0 (0xbfe5)
core   0: 0x8000b498 (0x00005f17) auipc   t5, 0x5
core   0: 3 0x8000b498 (0x00005f17) x30 0x80010498
core   0: 0x8000b49c (0xb63f2423) sw      gp, -1176(t5)
core   0: 3 0x8000b49c (0xb63f2423) mem 0x80010000 0x00000001
core   0: 0x8000b4a0 (0x0000bfe5) c.j     pc - 8
core   0: 3 0x8000b4a0 (0xbfe5)
core   0: 0x8000b498 (0x00005f17) auipc   t5, 0x5
core   0: 3 0x8000b498 (0x00005f17) x30 0x80010498
core   0: 0x8000b49c (0xb63f2423) sw      gp, -1176(t5)
core   0: 3 0x8000b49c (0xb63f2423) mem 0x80010000 0x00000001
core   0: 0x8000b4a0 (0x0000bfe5) c.j     pc - 8
core   0: 3 0x8000b4a0 (0xbfe5)
core   0: 0x8000b498 (0x00005f17) auipc   t5, 0x5
core   0: 3 0x8000b498 (0x00005f17) x30 0x80010498
core   0: 0x8000b49c (0xb63f2423) sw      gp, -1176(t5)
core   0: 3 0x8000b49c (0xb63f2423) mem 0x80010000 0x00000001
core   0: 0x8000b4a0 (0x0000bfe5) c.j     pc - 8
core   0: 3 0x8000b4a0 (0xbfe5)
core   0: 0x8000b498 (0x00005f17) auipc   t5, 0x5
core   0: 3 0x8000b498 (0x00005f17) x30 0x80010498
core   0: 0x8000b49c (0xb63f2423) sw      gp, -1176(t5)
core   0: 3 0x8000b49c (0xb63f2423) mem 0x80010000 0x00000001
core   0: 0x8000b4a0 (0x0000bfe5) c.j     pc - 8
core   0: 3 0x8000b4a0 (0xbfe5)
core   0: 0x8000b498 (0x00005f17) auipc   t5, 0x5
core   0: 3 0x8000b498 (0x00005f17) x30 0x80010498
core   0: 0x8000b49c (0xb63f2423) sw      gp, -1176(t5)
core   0: 3 0x8000b49c (0xb63f2423) mem 0x80010000 0x00000001
core   0: 0x8000b4a0 (0x0000bfe5) c.j     pc - 8
core   0: 3 0x8000b4a0 (0xbfe5)
core   0: 0x8000b498 (0x00005f17) auipc   t5, 0x5
core   0: 3 0x8000b498 (0x00005f17) x30 0x80010498
core   0: 0x8000b49c (0xb63f2423) sw      gp, -1176(t5)
core   0: 3 0x8000b49c (0xb63f2423) mem 0x80010000 0x00000001
core   0: 0x8000b4a0 (0x0000bfe5) c.j     pc - 8
core   0: 3 0x8000b4a0 (0xbfe5)
core   0: 0x8000b498 (0x00005f17) auipc   t5, 0x5
core   0: 3 0x8000b498 (0x00005f17) x30 0x80010498
core   0: 0x8000b49c (0xb63f2423) sw      gp, -1176(t5)
core   0: 3 0x8000b49c (0xb63f2423) mem 0x80010000 0x00000001
core   0: 0x8000b4a0 (0x0000bfe5) c.j     pc - 8
core   0: 3 0x8000b4a0 (0xbfe5)
core   0: 0x8000b498 (0x00005f17) auipc   t5, 0x5
core   0: 3 0x8000b498 (0x00005f17) x30 0x80010498
core   0: 0x8000b49c (0xb63f2423) sw      gp, -1176(t5)
core   0: 3 0x8000b49c (0xb63f2423) mem 0x80010000 0x00000001
core   0: 0x8000b4a0 (0x0000bfe5) c.j     pc - 8
core   0: 3 0x8000b4a0 (0xbfe5)
core   0: 0x8000b498 (0x00005f17) auipc   t5, 0x5
core   0: 3 0x8000b498 (0x00005f17) x30 0x80010498
core   0: 0x8000b49c (0xb63f2423) sw      gp, -1176(t5)
core   0: 3 0x8000b49c (0xb63f2423) mem 0x80010000 0x00000001
core   0: 0x8000b4a0 (0x0000bfe5) c.j     pc - 8
core   0: 3 0x8000b4a0 (0xbfe5)
core   0: 0x8000b498 (0x00005f17) auipc   t5, 0x5
core   0: 3 0x8000b498 (0x00005f17) x30 0x80010498
core   0: 0x8000b49c (0xb63f2423) sw      gp, -1176(t5)
core   0: 3 0x8000b49c (0xb63f2423) mem 0x80010000 0x00000001
core   0: 0x8000b4a0 (0x0000bfe5) c.j     pc - 8
core   0: 3 0x8000b4a0 (0xbfe5)
core   0: 0x8000b498 (0x00005f17) auipc   t5, 0x5
core   0: 3 0x8000b498 (0x00005f17) x30 0x80010498
core   0: 0x8000b49c (0xb63f2423) sw      gp, -1176(t5)
core   0: 3 0x8000b49c (0xb63f2423) mem 0x80010000 0x00000001
core   0: 0x8000b4a0 (0x0000bfe5) c.j     pc - 8
core   0: 3 0x8000b4a0 (0xbfe5)
core   0: 0x8000b498 (0x00005f17) auipc   t5, 0x5
core   0: 3 0x8000b498 (0x00005f17) x30 0x80010498
core   0: 0x8000b49c (0xb63f2423) sw      gp, -1176(t5)
core   0: 3 0x8000b49c (0xb63f2423) mem 0x80010000 0x00000001
core   0: 0x8000b4a0 (0x0000bfe5) c.j     pc - 8
core   0: 3 0x8000b4a0 (0xbfe5)
core   0: 0x8000b498 (0x00005f17) auipc   t5, 0x5
core   0: 3 0x8000b498 (0x00005f17) x30 0x80010498
core   0: 0x8000b49c (0xb63f2423) sw      gp, -1176(t5)
core   0: 3 0x8000b49c (0xb63f2423) mem 0x80010000 0x00000001
core   0: 0x8000b4a0 (0x0000bfe5) c.j     pc - 8
core   0: 3 0x8000b4a0 (0xbfe5)
core   0: 0x8000b498 (0x00005f17) auipc   t5, 0x5
core   0: 3 0x8000b498 (0x00005f17) x30 0x80010498
core   0: 0x8000b49c (0xb63f2423) sw      gp, -1176(t5)
core   0: 3 0x8000b49c (0xb63f2423) mem 0x80010000 0x00000001
core   0: 0x8000b4a0 (0x0000bfe5) c.j     pc - 8
core   0: 3 0x8000b4a0 (0xbfe5)
core   0: 0x8000b498 (0x00005f17) auipc   t5, 0x5
core   0: 3 0x8000b498 (0x00005f17) x30 0x80010498
core   0: 0x8000b49c (0xb63f2423) sw      gp, -1176(t5)
core   0: 3 0x8000b49c (0xb63f2423) mem 0x80010000 0x00000001
core   0: 0x8000b4a0 (0x0000bfe5) c.j     pc - 8
core   0: 3 0x8000b4a0 (0xbfe5)
core   0: 0x8000b498 (0x00005f17) auipc   t5, 0x5
core   0: 3 0x8000b498 (0x00005f17) x30 0x80010498
core   0: 0x8000b49c (0xb63f2423) sw      gp, -1176(t5)
core   0: 3 0x8000b49c (0xb63f2423) mem 0x80010000 0x00000001
core   0: 0x8000b4a0 (0x0000bfe5) c.j     pc - 8
core   0: 3 0x8000b4a0 (0xbfe5)
core   0: 0x8000b498 (0x00005f17) auipc   t5, 0x5
core   0: 3 0x8000b498 (0x00005f17) x30 0x80010498
core   0: 0x8000b49c (0xb63f2423) sw      gp, -1176(t5)
core   0: 3 0x8000b49c (0xb63f2423) mem 0x80010000 0x00000001
core   0: 0x8000b4a0 (0x0000bfe5) c.j     pc - 8
core   0: 3 0x8000b4a0 (0xbfe5)
core   0: 0x8000b498 (0x00005f17) auipc   t5, 0x5
core   0: 3 0x8000b498 (0x00005f17) x30 0x80010498
core   0: 0x8000b49c (0xb63f2423) sw      gp, -1176(t5)
core   0: 3 0x8000b49c (0xb63f2423) mem 0x80010000 0x00000001
core   0: 0x8000b4a0 (0x0000bfe5) c.j     pc - 8
core   0: 3 0x8000b4a0 (0xbfe5)
core   0: 0x8000b498 (0x00005f17) auipc   t5, 0x5
core   0: 3 0x8000b498 (0x00005f17) x30 0x80010498
core   0: 0x8000b49c (0xb63f2423) sw      gp, -1176(t5)
core   0: 3 0x8000b49c (0xb63f2423) mem 0x80010000 0x00000001
core   0: 0x8000b4a0 (0x0000bfe5) c.j     pc - 8
core   0: 3 0x8000b4a0 (0xbfe5)
core   0: 0x8000b498 (0x00005f17) auipc   t5, 0x5
core   0: 3 0x8000b498 (0x00005f17) x30 0x80010498
core   0: 0x8000b49c (0xb63f2423) sw      gp, -1176(t5)
core   0: 3 0x8000b49c (0xb63f2423) mem 0x80010000 0x00000001
core   0: 0x8000b4a0 (0x0000bfe5) c.j     pc - 8
core   0: 3 0x8000b4a0 (0xbfe5)
core   0: 0x8000b498 (0x00005f17) auipc   t5, 0x5
core   0: 3 0x8000b498 (0x00005f17) x30 0x80010498
core   0: 0x8000b49c (0xb63f2423) sw      gp, -1176(t5)
core   0: 3 0x8000b49c (0xb63f2423) mem 0x80010000 0x00000001
core   0: 0x8000b4a0 (0x0000bfe5) c.j     pc - 8
core   0: 3 0x8000b4a0 (0xbfe5)
core   0: 0x8000b498 (0x00005f17) auipc   t5, 0x5
core   0: 3 0x8000b498 (0x00005f17) x30 0x80010498
core   0: 0x8000b49c (0xb63f2423) sw      gp, -1176(t5)
core   0: 3 0x8000b49c (0xb63f2423) mem 0x80010000 0x00000001
core   0: 0x8000b4a0 (0x0000bfe5) c.j     pc - 8
core   0: 3 0x8000b4a0 (0xbfe5)
core   0: 0x8000b498 (0x00005f17) auipc   t5, 0x5
core   0: 3 0x8000b498 (0x00005f17) x30 0x80010498
core   0: 0x8000b49c (0xb63f2423) sw      gp, -1176(t5)
core   0: 3 0x8000b49c (0xb63f2423) mem 0x80010000 0x00000001
core   0: 0x8000b4a0 (0x0000bfe5) c.j     pc - 8
core   0: 3 0x8000b4a0 (0xbfe5)
core   0: 0x8000b498 (0x00005f17) auipc   t5, 0x5
core   0: 3 0x8000b498 (0x00005f17) x30 0x80010498
core   0: 0x8000b49c (0xb63f2423) sw      gp, -1176(t5)
core   0: 3 0x8000b49c (0xb63f2423) mem 0x80010000 0x00000001
core   0: 0x8000b4a0 (0x0000bfe5) c.j     pc - 8
core   0: 3 0x8000b4a0 (0xbfe5)
core   0: 0x8000b498 (0x00005f17) auipc   t5, 0x5
core   0: 3 0x8000b498 (0x00005f17) x30 0x80010498
core   0: 0x8000b49c (0xb63f2423) sw      gp, -1176(t5)
core   0: 3 0x8000b49c (0xb63f2423) mem 0x80010000 0x00000001
core   0: 0x8000b4a0 (0x0000bfe5) c.j     pc - 8
core   0: 3 0x8000b4a0 (0xbfe5)
core   0: 0x8000b498 (0x00005f17) auipc   t5, 0x5
core   0: 3 0x8000b498 (0x00005f17) x30 0x80010498
core   0: 0x8000b49c (0xb63f2423) sw      gp, -1176(t5)
core   0: 3 0x8000b49c (0xb63f2423) mem 0x80010000 0x00000001
core   0: 0x8000b4a0 (0x0000bfe5) c.j     pc - 8
core   0: 3 0x8000b4a0 (0xbfe5)
core   0: 0x8000b498 (0x00005f17) auipc   t5, 0x5
core   0: 3 0x8000b498 (0x00005f17) x30 0x80010498
core   0: 0x8000b49c (0xb63f2423) sw      gp, -1176(t5)
core   0: 3 0x8000b49c (0xb63f2423) mem 0x80010000 0x00000001
core   0: 0x8000b4a0 (0x0000bfe5) c.j     pc - 8
core   0: 3 0x8000b4a0 (0xbfe5)
core   0: 0x8000b498 (0x00005f17) auipc   t5, 0x5
core   0: 3 0x8000b498 (0x00005f17) x30 0x80010498
core   0: 0x8000b49c (0xb63f2423) sw      gp, -1176(t5)
core   0: 3 0x8000b49c (0xb63f2423) mem 0x80010000 0x00000001
core   0: 0x8000b4a0 (0x0000bfe5) c.j     pc - 8
core   0: 3 0x8000b4a0 (0xbfe5)
core   0: 0x8000b498 (0x00005f17) auipc   t5, 0x5
core   0: 3 0x8000b498 (0x00005f17) x30 0x80010498
core   0: 0x8000b49c (0xb63f2423) sw      gp, -1176(t5)
core   0: 3 0x8000b49c (0xb63f2423) mem 0x80010000 0x00000001
core   0: 0x8000b4a0 (0x0000bfe5) c.j     pc - 8
core   0: 3 0x8000b4a0 (0xbfe5)
core   0: 0x8000b498 (0x00005f17) auipc   t5, 0x5
core   0: 3 0x8000b498 (0x00005f17) x30 0x80010498
core   0: 0x8000b49c (0xb63f2423) sw      gp, -1176(t5)
core   0: 3 0x8000b49c (0xb63f2423) mem 0x80010000 0x00000001
core   0: 0x8000b4a0 (0x0000bfe5) c.j     pc - 8
core   0: 3 0x8000b4a0 (0xbfe5)
core   0: 0x8000b498 (0x00005f17) auipc   t5, 0x5
core   0: 3 0x8000b498 (0x00005f17) x30 0x80010498
core   0: 0x8000b49c (0xb63f2423) sw      gp, -1176(t5)
core   0: 3 0x8000b49c (0xb63f2423) mem 0x80010000 0x00000001
core   0: 0x8000b4a0 (0x0000bfe5) c.j     pc - 8
core   0: 3 0x8000b4a0 (0xbfe5)
core   0: 0x8000b498 (0x00005f17) auipc   t5, 0x5
core   0: 3 0x8000b498 (0x00005f17) x30 0x80010498
core   0: 0x8000b49c (0xb63f2423) sw      gp, -1176(t5)
core   0: 3 0x8000b49c (0xb63f2423) mem 0x80010000 0x00000001
core   0: 0x8000b4a0 (0x0000bfe5) c.j     pc - 8
core   0: 3 0x8000b4a0 (0xbfe5)
core   0: 0x8000b498 (0x00005f17) auipc   t5, 0x5
core   0: 3 0x8000b498 (0x00005f17) x30 0x80010498
core   0: 0x8000b49c (0xb63f2423) sw      gp, -1176(t5)
core   0: 3 0x8000b49c (0xb63f2423) mem 0x80010000 0x00000001
core   0: 0x8000b4a0 (0x0000bfe5) c.j     pc - 8
core   0: 3 0x8000b4a0 (0xbfe5)
core   0: 0x8000b498 (0x00005f17) auipc   t5, 0x5
core   0: 3 0x8000b498 (0x00005f17) x30 0x80010498
core   0: 0x8000b49c (0xb63f2423) sw      gp, -1176(t5)
core   0: 3 0x8000b49c (0xb63f2423) mem 0x80010000 0x00000001
core   0: 0x8000b4a0 (0x0000bfe5) c.j     pc - 8
core   0: 3 0x8000b4a0 (0xbfe5)
core   0: 0x8000b498 (0x00005f17) auipc   t5, 0x5
core   0: 3 0x8000b498 (0x00005f17) x30 0x80010498
core   0: 0x8000b49c (0xb63f2423) sw      gp, -1176(t5)
core   0: 3 0x8000b49c (0xb63f2423) mem 0x80010000 0x00000001
core   0: 0x8000b4a0 (0x0000bfe5) c.j     pc - 8
core   0: 3 0x8000b4a0 (0xbfe5)
core   0: 0x8000b498 (0x00005f17) auipc   t5, 0x5
core   0: 3 0x8000b498 (0x00005f17) x30 0x80010498
core   0: 0x8000b49c (0xb63f2423) sw      gp, -1176(t5)
core   0: 3 0x8000b49c (0xb63f2423) mem 0x80010000 0x00000001
core   0: 0x8000b4a0 (0x0000bfe5) c.j     pc - 8
core   0: 3 0x8000b4a0 (0xbfe5)
core   0: 0x8000b498 (0x00005f17) auipc   t5, 0x5
core   0: 3 0x8000b498 (0x00005f17) x30 0x80010498
core   0: 0x8000b49c (0xb63f2423) sw      gp, -1176(t5)
core   0: 3 0x8000b49c (0xb63f2423) mem 0x80010000 0x00000001
core   0: 0x8000b4a0 (0x0000bfe5) c.j     pc - 8
core   0: 3 0x8000b4a0 (0xbfe5)
core   0: 0x8000b498 (0x00005f17) auipc   t5, 0x5
core   0: 3 0x8000b498 (0x00005f17) x30 0x80010498
core   0: 0x8000b49c (0xb63f2423) sw      gp, -1176(t5)
core   0: 3 0x8000b49c (0xb63f2423) mem 0x80010000 0x00000001
core   0: 0x8000b4a0 (0x0000bfe5) c.j     pc - 8
core   0: 3 0x8000b4a0 (0xbfe5)
core   0: 0x8000b498 (0x00005f17) auipc   t5, 0x5
core   0: 3 0x8000b498 (0x00005f17) x30 0x80010498
core   0: 0x8000b49c (0xb63f2423) sw      gp, -1176(t5)
core   0: 3 0x8000b49c (0xb63f2423) mem 0x80010000 0x00000001
core   0: 0x8000b4a0 (0x0000bfe5) c.j     pc - 8
core   0: 3 0x8000b4a0 (0xbfe5)
core   0: 0x8000b498 (0x00005f17) auipc   t5, 0x5
core   0: 3 0x8000b498 (0x00005f17) x30 0x80010498
core   0: 0x8000b49c (0xb63f2423) sw      gp, -1176(t5)
core   0: 3 0x8000b49c (0xb63f2423) mem 0x80010000 0x00000001
core   0: 0x8000b4a0 (0x0000bfe5) c.j     pc - 8
core   0: 3 0x8000b4a0 (0xbfe5)
core   0: 0x8000b498 (0x00005f17) auipc   t5, 0x5
core   0: 3 0x8000b498 (0x00005f17) x30 0x80010498
core   0: 0x8000b49c (0xb63f2423) sw      gp, -1176(t5)
core   0: 3 0x8000b49c (0xb63f2423) mem 0x80010000 0x00000001
core   0: 0x8000b4a0 (0x0000bfe5) c.j     pc - 8
core   0: 3 0x8000b4a0 (0xbfe5)
core   0: 0x8000b498 (0x00005f17) auipc   t5, 0x5
core   0: 3 0x8000b498 (0x00005f17) x30 0x80010498
core   0: 0x8000b49c (0xb63f2423) sw      gp, -1176(t5)
core   0: 3 0x8000b49c (0xb63f2423) mem 0x80010000 0x00000001
core   0: 0x8000b4a0 (0x0000bfe5) c.j     pc - 8
core   0: 3 0x8000b4a0 (0xbfe5)
core   0: 0x8000b498 (0x00005f17) auipc   t5, 0x5
core   0: 3 0x8000b498 (0x00005f17) x30 0x80010498
core   0: 0x8000b49c (0xb63f2423) sw      gp, -1176(t5)
core   0: 3 0x8000b49c (0xb63f2423) mem 0x80010000 0x00000001
core   0: 0x8000b4a0 (0x0000bfe5) c.j     pc - 8
core   0: 3 0x8000b4a0 (0xbfe5)
core   0: 0x8000b498 (0x00005f17) auipc   t5, 0x5
core   0: 3 0x8000b498 (0x00005f17) x30 0x80010498
core   0: 0x8000b49c (0xb63f2423) sw      gp, -1176(t5)
core   0: 3 0x8000b49c (0xb63f2423) mem 0x80010000 0x00000001
core   0: 0x8000b4a0 (0x0000bfe5) c.j     pc - 8
core   0: 3 0x8000b4a0 (0xbfe5)
core   0: 0x8000b498 (0x00005f17) auipc   t5, 0x5
core   0: 3 0x8000b498 (0x00005f17) x30 0x80010498
core   0: 0x8000b49c (0xb63f2423) sw      gp, -1176(t5)
core   0: 3 0x8000b49c (0xb63f2423) mem 0x80010000 0x00000001
core   0: 0x8000b4a0 (0x0000bfe5) c.j     pc - 8
core   0: 3 0x8000b4a0 (0xbfe5)
core   0: 0x8000b498 (0x00005f17) auipc   t5, 0x5
core   0: 3 0x8000b498 (0x00005f17) x30 0x80010498
core   0: 0x8000b49c (0xb63f2423) sw      gp, -1176(t5)
core   0: 3 0x8000b49c (0xb63f2423) mem 0x80010000 0x00000001
core   0: 0x8000b4a0 (0x0000bfe5) c.j     pc - 8
core   0: 3 0x8000b4a0 (0xbfe5)
core   0: 0x8000b498 (0x00005f17) auipc   t5, 0x5
core   0: 3 0x8000b498 (0x00005f17) x30 0x80010498
core   0: 0x8000b49c (0xb63f2423) sw      gp, -1176(t5)
core   0: 3 0x8000b49c (0xb63f2423) mem 0x80010000 0x00000001
core   0: 0x8000b4a0 (0x0000bfe5) c.j     pc - 8
core   0: 3 0x8000b4a0 (0xbfe5)
core   0: 0x8000b498 (0x00005f17) auipc   t5, 0x5
core   0: 3 0x8000b498 (0x00005f17) x30 0x80010498
core   0: 0x8000b49c (0xb63f2423) sw      gp, -1176(t5)
core   0: 3 0x8000b49c (0xb63f2423) mem 0x80010000 0x00000001
core   0: 0x8000b4a0 (0x0000bfe5) c.j     pc - 8
core   0: 3 0x8000b4a0 (0xbfe5)
core   0: 0x8000b498 (0x00005f17) auipc   t5, 0x5
core   0: 3 0x8000b498 (0x00005f17) x30 0x80010498
core   0: 0x8000b49c (0xb63f2423) sw      gp, -1176(t5)
core   0: 3 0x8000b49c (0xb63f2423) mem 0x80010000 0x00000001
core   0: 0x8000b4a0 (0x0000bfe5) c.j     pc - 8
core   0: 3 0x8000b4a0 (0xbfe5)
core   0: 0x8000b498 (0x00005f17) auipc   t5, 0x5
core   0: 3 0x8000b498 (0x00005f17) x30 0x80010498
core   0: 0x8000b49c (0xb63f2423) sw      gp, -1176(t5)
core   0: 3 0x8000b49c (0xb63f2423) mem 0x80010000 0x00000001
core   0: 0x8000b4a0 (0x0000bfe5) c.j     pc - 8
core   0: 3 0x8000b4a0 (0xbfe5)
core   0: 0x8000b498 (0x00005f17) auipc   t5, 0x5
core   0: 3 0x8000b498 (0x00005f17) x30 0x80010498
core   0: 0x8000b49c (0xb63f2423) sw      gp, -1176(t5)
core   0: 3 0x8000b49c (0xb63f2423) mem 0x80010000 0x00000001
core   0: 0x8000b4a0 (0x0000bfe5) c.j     pc - 8
core   0: 3 0x8000b4a0 (0xbfe5)
core   0: 0x8000b498 (0x00005f17) auipc   t5, 0x5
core   0: 3 0x8000b498 (0x00005f17) x30 0x80010498
core   0: 0x8000b49c (0xb63f2423) sw      gp, -1176(t5)
core   0: 3 0x8000b49c (0xb63f2423) mem 0x80010000 0x00000001
core   0: 0x8000b4a0 (0x0000bfe5) c.j     pc - 8
core   0: 3 0x8000b4a0 (0xbfe5)
core   0: 0x8000b498 (0x00005f17) auipc   t5, 0x5
core   0: 3 0x8000b498 (0x00005f17) x30 0x80010498
core   0: 0x8000b49c (0xb63f2423) sw      gp, -1176(t5)
core   0: 3 0x8000b49c (0xb63f2423) mem 0x80010000 0x00000001
core   0: 0x8000b4a0 (0x0000bfe5) c.j     pc - 8
core   0: 3 0x8000b4a0 (0xbfe5)
core   0: 0x8000b498 (0x00005f17) auipc   t5, 0x5
core   0: 3 0x8000b498 (0x00005f17) x30 0x80010498
core   0: 0x8000b49c (0xb63f2423) sw      gp, -1176(t5)
core   0: 3 0x8000b49c (0xb63f2423) mem 0x80010000 0x00000001
core   0: 0x8000b4a0 (0x0000bfe5) c.j     pc - 8
core   0: 3 0x8000b4a0 (0xbfe5)
core   0: 0x8000b498 (0x00005f17) auipc   t5, 0x5
core   0: 3 0x8000b498 (0x00005f17) x30 0x80010498
core   0: 0x8000b49c (0xb63f2423) sw      gp, -1176(t5)
core   0: 3 0x8000b49c (0xb63f2423) mem 0x80010000 0x00000001
core   0: 0x8000b4a0 (0x0000bfe5) c.j     pc - 8
core   0: 3 0x8000b4a0 (0xbfe5)
core   0: 0x8000b498 (0x00005f17) auipc   t5, 0x5
core   0: 3 0x8000b498 (0x00005f17) x30 0x80010498
core   0: 0x8000b49c (0xb63f2423) sw      gp, -1176(t5)
core   0: 3 0x8000b49c (0xb63f2423) mem 0x80010000 0x00000001
core   0: 0x8000b4a0 (0x0000bfe5) c.j     pc - 8
core   0: 3 0x8000b4a0 (0xbfe5)
core   0: 0x8000b498 (0x00005f17) auipc   t5, 0x5
core   0: 3 0x8000b498 (0x00005f17) x30 0x80010498
core   0: 0x8000b49c (0xb63f2423) sw      gp, -1176(t5)
core   0: 3 0x8000b49c (0xb63f2423) mem 0x80010000 0x00000001
core   0: 0x8000b4a0 (0x0000bfe5) c.j     pc - 8
core   0: 3 0x8000b4a0 (0xbfe5)
core   0: 0x8000b498 (0x00005f17) auipc   t5, 0x5
core   0: 3 0x8000b498 (0x00005f17) x30 0x80010498
core   0: 0x8000b49c (0xb63f2423) sw      gp, -1176(t5)
core   0: 3 0x8000b49c (0xb63f2423) mem 0x80010000 0x00000001
core   0: 0x8000b4a0 (0x0000bfe5) c.j     pc - 8
core   0: 3 0x8000b4a0 (0xbfe5)
core   0: 0x8000b498 (0x00005f17) auipc   t5, 0x5
core   0: 3 0x8000b498 (0x00005f17) x30 0x80010498
core   0: 0x8000b49c (0xb63f2423) sw      gp, -1176(t5)
core   0: 3 0x8000b49c (0xb63f2423) mem 0x80010000 0x00000001
core   0: 0x8000b4a0 (0x0000bfe5) c.j     pc - 8
core   0: 3 0x8000b4a0 (0xbfe5)
core   0: 0x8000b498 (0x00005f17) auipc   t5, 0x5
core   0: 3 0x8000b498 (0x00005f17) x30 0x80010498
core   0: 0x8000b49c (0xb63f2423) sw      gp, -1176(t5)
core   0: 3 0x8000b49c (0xb63f2423) mem 0x80010000 0x00000001
core   0: 0x8000b4a0 (0x0000bfe5) c.j     pc - 8
core   0: 3 0x8000b4a0 (0xbfe5)
core   0: 0x8000b498 (0x00005f17) auipc   t5, 0x5
core   0: 3 0x8000b498 (0x00005f17) x30 0x80010498
core   0: 0x8000b49c (0xb63f2423) sw      gp, -1176(t5)
core   0: 3 0x8000b49c (0xb63f2423) mem 0x80010000 0x00000001
core   0: 0x8000b4a0 (0x0000bfe5) c.j     pc - 8
core   0: 3 0x8000b4a0 (0xbfe5)
core   0: 0x8000b498 (0x00005f17) auipc   t5, 0x5
core   0: 3 0x8000b498 (0x00005f17) x30 0x80010498
core   0: 0x8000b49c (0xb63f2423) sw      gp, -1176(t5)
core   0: 3 0x8000b49c (0xb63f2423) mem 0x80010000 0x00000001
core   0: 0x8000b4a0 (0x0000bfe5) c.j     pc - 8
core   0: 3 0x8000b4a0 (0xbfe5)
core   0: 0x8000b498 (0x00005f17) auipc   t5, 0x5
core   0: 3 0x8000b498 (0x00005f17) x30 0x80010498
core   0: 0x8000b49c (0xb63f2423) sw      gp, -1176(t5)
core   0: 3 0x8000b49c (0xb63f2423) mem 0x80010000 0x00000001
core   0: 0x8000b4a0 (0x0000bfe5) c.j     pc - 8
core   0: 3 0x8000b4a0 (0xbfe5)
core   0: 0x8000b498 (0x00005f17) auipc   t5, 0x5
core   0: 3 0x8000b498 (0x00005f17) x30 0x80010498
core   0: 0x8000b49c (0xb63f2423) sw      gp, -1176(t5)
core   0: 3 0x8000b49c (0xb63f2423) mem 0x80010000 0x00000001
core   0: 0x8000b4a0 (0x0000bfe5) c.j     pc - 8
core   0: 3 0x8000b4a0 (0xbfe5)
core   0: 0x8000b498 (0x00005f17) auipc   t5, 0x5
core   0: 3 0x8000b498 (0x00005f17) x30 0x80010498
core   0: 0x8000b49c (0xb63f2423) sw      gp, -1176(t5)
core   0: 3 0x8000b49c (0xb63f2423) mem 0x80010000 0x00000001
core   0: 0x8000b4a0 (0x0000bfe5) c.j     pc - 8
core   0: 3 0x8000b4a0 (0xbfe5)
core   0: 0x8000b498 (0x00005f17) auipc   t5, 0x5
core   0: 3 0x8000b498 (0x00005f17) x30 0x80010498
core   0: 0x8000b49c (0xb63f2423) sw      gp, -1176(t5)
core   0: 3 0x8000b49c (0xb63f2423) mem 0x80010000 0x00000001
core   0: 0x8000b4a0 (0x0000bfe5) c.j     pc - 8
core   0: 3 0x8000b4a0 (0xbfe5)
core   0: 0x8000b498 (0x00005f17) auipc   t5, 0x5
core   0: 3 0x8000b498 (0x00005f17) x30 0x80010498
core   0: 0x8000b49c (0xb63f2423) sw      gp, -1176(t5)
core   0: 3 0x8000b49c (0xb63f2423) mem 0x80010000 0x00000001
core   0: 0x8000b4a0 (0x0000bfe5) c.j     pc - 8
core   0: 3 0x8000b4a0 (0xbfe5)
core   0: 0x8000b498 (0x00005f17) auipc   t5, 0x5
core   0: 3 0x8000b498 (0x00005f17) x30 0x80010498
core   0: 0x8000b49c (0xb63f2423) sw      gp, -1176(t5)
core   0: 3 0x8000b49c (0xb63f2423) mem 0x80010000 0x00000001
core   0: 0x8000b4a0 (0x0000bfe5) c.j     pc - 8
core   0: 3 0x8000b4a0 (0xbfe5)
core   0: 0x8000b498 (0x00005f17) auipc   t5, 0x5
core   0: 3 0x8000b498 (0x00005f17) x30 0x80010498
core   0: 0x8000b49c (0xb63f2423) sw      gp, -1176(t5)
core   0: 3 0x8000b49c (0xb63f2423) mem 0x80010000 0x00000001
core   0: 0x8000b4a0 (0x0000bfe5) c.j     pc - 8
core   0: 3 0x8000b4a0 (0xbfe5)
core   0: 0x8000b498 (0x00005f17) auipc   t5, 0x5
core   0: 3 0x8000b498 (0x00005f17) x30 0x80010498
core   0: 0x8000b49c (0xb63f2423) sw      gp, -1176(t5)
core   0: 3 0x8000b49c (0xb63f2423) mem 0x80010000 0x00000001
core   0: 0x8000b4a0 (0x0000bfe5) c.j     pc - 8
core   0: 3 0x8000b4a0 (0xbfe5)
core   0: 0x8000b498 (0x00005f17) auipc   t5, 0x5
core   0: 3 0x8000b498 (0x00005f17) x30 0x80010498
core   0: 0x8000b49c (0xb63f2423) sw      gp, -1176(t5)
core   0: 3 0x8000b49c (0xb63f2423) mem 0x80010000 0x00000001
core   0: 0x8000b4a0 (0x0000bfe5) c.j     pc - 8
core   0: 3 0x8000b4a0 (0xbfe5)
core   0: 0x8000b498 (0x00005f17) auipc   t5, 0x5
core   0: 3 0x8000b498 (0x00005f17) x30 0x80010498
core   0: 0x8000b49c (0xb63f2423) sw      gp, -1176(t5)
core   0: 3 0x8000b49c (0xb63f2423) mem 0x80010000 0x00000001
core   0: 0x8000b4a0 (0x0000bfe5) c.j     pc - 8
core   0: 3 0x8000b4a0 (0xbfe5)
core   0: 0x8000b498 (0x00005f17) auipc   t5, 0x5
core   0: 3 0x8000b498 (0x00005f17) x30 0x80010498
core   0: 0x8000b49c (0xb63f2423) sw      gp, -1176(t5)
core   0: 3 0x8000b49c (0xb63f2423) mem 0x80010000 0x00000001
core   0: 0x8000b4a0 (0x0000bfe5) c.j     pc - 8
core   0: 3 0x8000b4a0 (0xbfe5)
core   0: 0x8000b498 (0x00005f17) auipc   t5, 0x5
core   0: 3 0x8000b498 (0x00005f17) x30 0x80010498
core   0: 0x8000b49c (0xb63f2423) sw      gp, -1176(t5)
core   0: 3 0x8000b49c (0xb63f2423) mem 0x80010000 0x00000001
core   0: 0x8000b4a0 (0x0000bfe5) c.j     pc - 8
core   0: 3 0x8000b4a0 (0xbfe5)
core   0: 0x8000b498 (0x00005f17) auipc   t5, 0x5
core   0: 3 0x8000b498 (0x00005f17) x30 0x80010498
core   0: 0x8000b49c (0xb63f2423) sw      gp, -1176(t5)
core   0: 3 0x8000b49c (0xb63f2423) mem 0x80010000 0x00000001
core   0: 0x8000b4a0 (0x0000bfe5) c.j     pc - 8
core   0: 3 0x8000b4a0 (0xbfe5)
core   0: 0x8000b498 (0x00005f17) auipc   t5, 0x5
core   0: 3 0x8000b498 (0x00005f17) x30 0x80010498
core   0: 0x8000b49c (0xb63f2423) sw      gp, -1176(t5)
core   0: 3 0x8000b49c (0xb63f2423) mem 0x80010000 0x00000001
core   0: 0x8000b4a0 (0x0000bfe5) c.j     pc - 8
core   0: 3 0x8000b4a0 (0xbfe5)
core   0: 0x8000b498 (0x00005f17) auipc   t5, 0x5
core   0: 3 0x8000b498 (0x00005f17) x30 0x80010498
core   0: 0x8000b49c (0xb63f2423) sw      gp, -1176(t5)
core   0: 3 0x8000b49c (0xb63f2423) mem 0x80010000 0x00000001
core   0: 0x8000b4a0 (0x0000bfe5) c.j     pc - 8
core   0: 3 0x8000b4a0 (0xbfe5)
core   0: 0x8000b498 (0x00005f17) auipc   t5, 0x5
core   0: 3 0x8000b498 (0x00005f17) x30 0x80010498
core   0: 0x8000b49c (0xb63f2423) sw      gp, -1176(t5)
core   0: 3 0x8000b49c (0xb63f2423) mem 0x80010000 0x00000001
core   0: 0x8000b4a0 (0x0000bfe5) c.j     pc - 8
core   0: 3 0x8000b4a0 (0xbfe5)
core   0: 0x8000b498 (0x00005f17) auipc   t5, 0x5
core   0: 3 0x8000b498 (0x00005f17) x30 0x80010498
core   0: 0x8000b49c (0xb63f2423) sw      gp, -1176(t5)
core   0: 3 0x8000b49c (0xb63f2423) mem 0x80010000 0x00000001
core   0: 0x8000b4a0 (0x0000bfe5) c.j     pc - 8
core   0: 3 0x8000b4a0 (0xbfe5)
core   0: 0x8000b498 (0x00005f17) auipc   t5, 0x5
core   0: 3 0x8000b498 (0x00005f17) x30 0x80010498
core   0: 0x8000b49c (0xb63f2423) sw      gp, -1176(t5)
core   0: 3 0x8000b49c (0xb63f2423) mem 0x80010000 0x00000001
core   0: 0x8000b4a0 (0x0000bfe5) c.j     pc - 8
core   0: 3 0x8000b4a0 (0xbfe5)
core   0: 0x8000b498 (0x00005f17) auipc   t5, 0x5
core   0: 3 0x8000b498 (0x00005f17) x30 0x80010498
core   0: 0x8000b49c (0xb63f2423) sw      gp, -1176(t5)
core   0: 3 0x8000b49c (0xb63f2423) mem 0x80010000 0x00000001
core   0: 0x8000b4a0 (0x0000bfe5) c.j     pc - 8
core   0: 3 0x8000b4a0 (0xbfe5)
core   0: 0x8000b498 (0x00005f17) auipc   t5, 0x5
core   0: 3 0x8000b498 (0x00005f17) x30 0x80010498
core   0: 0x8000b49c (0xb63f2423) sw      gp, -1176(t5)
core   0: 3 0x8000b49c (0xb63f2423) mem 0x80010000 0x00000001
core   0: 0x8000b4a0 (0x0000bfe5) c.j     pc - 8
core   0: 3 0x8000b4a0 (0xbfe5)
core   0: 0x8000b498 (0x00005f17) auipc   t5, 0x5
core   0: 3 0x8000b498 (0x00005f17) x30 0x80010498
core   0: 0x8000b49c (0xb63f2423) sw      gp, -1176(t5)
core   0: 3 0x8000b49c (0xb63f2423) mem 0x80010000 0x00000001
core   0: 0x8000b4a0 (0x0000bfe5) c.j     pc - 8
core   0: 3 0x8000b4a0 (0xbfe5)
core   0: 0x8000b498 (0x00005f17) auipc   t5, 0x5
core   0: 3 0x8000b498 (0x00005f17) x30 0x80010498
core   0: 0x8000b49c (0xb63f2423) sw      gp, -1176(t5)
core   0: 3 0x8000b49c (0xb63f2423) mem 0x80010000 0x00000001
core   0: 0x8000b4a0 (0x0000bfe5) c.j     pc - 8
core   0: 3 0x8000b4a0 (0xbfe5)
core   0: 0x8000b498 (0x00005f17) auipc   t5, 0x5
core   0: 3 0x8000b498 (0x00005f17) x30 0x80010498
core   0: 0x8000b49c (0xb63f2423) sw      gp, -1176(t5)
core   0: 3 0x8000b49c (0xb63f2423) mem 0x80010000 0x00000001
core   0: 0x8000b4a0 (0x0000bfe5) c.j     pc - 8
core   0: 3 0x8000b4a0 (0xbfe5)
core   0: 0x8000b498 (0x00005f17) auipc   t5, 0x5
core   0: 3 0x8000b498 (0x00005f17) x30 0x80010498
core   0: 0x8000b49c (0xb63f2423) sw      gp, -1176(t5)
core   0: 3 0x8000b49c (0xb63f2423) mem 0x80010000 0x00000001
core   0: 0x8000b4a0 (0x0000bfe5) c.j     pc - 8
core   0: 3 0x8000b4a0 (0xbfe5)
core   0: 0x8000b498 (0x00005f17) auipc   t5, 0x5
core   0: 3 0x8000b498 (0x00005f17) x30 0x80010498
core   0: 0x8000b49c (0xb63f2423) sw      gp, -1176(t5)
core   0: 3 0x8000b49c (0xb63f2423) mem 0x80010000 0x00000001
core   0: 0x8000b4a0 (0x0000bfe5) c.j     pc - 8
core   0: 3 0x8000b4a0 (0xbfe5)
core   0: 0x8000b498 (0x00005f17) auipc   t5, 0x5
core   0: 3 0x8000b498 (0x00005f17) x30 0x80010498
core   0: 0x8000b49c (0xb63f2423) sw      gp, -1176(t5)
core   0: 3 0x8000b49c (0xb63f2423) mem 0x80010000 0x00000001
core   0: 0x8000b4a0 (0x0000bfe5) c.j     pc - 8
core   0: 3 0x8000b4a0 (0xbfe5)
core   0: 0x8000b498 (0x00005f17) auipc   t5, 0x5
core   0: 3 0x8000b498 (0x00005f17) x30 0x80010498
core   0: 0x8000b49c (0xb63f2423) sw      gp, -1176(t5)
core   0: 3 0x8000b49c (0xb63f2423) mem 0x80010000 0x00000001
core   0: 0x8000b4a0 (0x0000bfe5) c.j     pc - 8
core   0: 3 0x8000b4a0 (0xbfe5)
core   0: 0x8000b498 (0x00005f17) auipc   t5, 0x5
core   0: 3 0x8000b498 (0x00005f17) x30 0x80010498
core   0: 0x8000b49c (0xb63f2423) sw      gp, -1176(t5)
core   0: 3 0x8000b49c (0xb63f2423) mem 0x80010000 0x00000001
core   0: 0x8000b4a0 (0x0000bfe5) c.j     pc - 8
core   0: 3 0x8000b4a0 (0xbfe5)
core   0: 0x8000b498 (0x00005f17) auipc   t5, 0x5
core   0: 3 0x8000b498 (0x00005f17) x30 0x80010498
core   0: 0x8000b49c (0xb63f2423) sw      gp, -1176(t5)
core   0: 3 0x8000b49c (0xb63f2423) mem 0x80010000 0x00000001
core   0: 0x8000b4a0 (0x0000bfe5) c.j     pc - 8
core   0: 3 0x8000b4a0 (0xbfe5)
core   0: 0x8000b498 (0x00005f17) auipc   t5, 0x5
core   0: 3 0x8000b498 (0x00005f17) x30 0x80010498
core   0: 0x8000b49c (0xb63f2423) sw      gp, -1176(t5)
core   0: 3 0x8000b49c (0xb63f2423) mem 0x80010000 0x00000001
core   0: 0x8000b4a0 (0x0000bfe5) c.j     pc - 8
core   0: 3 0x8000b4a0 (0xbfe5)
core   0: 0x8000b498 (0x00005f17) auipc   t5, 0x5
core   0: 3 0x8000b498 (0x00005f17) x30 0x80010498
core   0: 0x8000b49c (0xb63f2423) sw      gp, -1176(t5)
core   0: 3 0x8000b49c (0xb63f2423) mem 0x80010000 0x00000001
core   0: 0x8000b4a0 (0x0000bfe5) c.j     pc - 8
core   0: 3 0x8000b4a0 (0xbfe5)
core   0: 0x8000b498 (0x00005f17) auipc   t5, 0x5
core   0: 3 0x8000b498 (0x00005f17) x30 0x80010498
core   0: 0x8000b49c (0xb63f2423) sw      gp, -1176(t5)
core   0: 3 0x8000b49c (0xb63f2423) mem 0x80010000 0x00000001
core   0: 0x8000b4a0 (0x0000bfe5) c.j     pc - 8
core   0: 3 0x8000b4a0 (0xbfe5)
core   0: 0x8000b498 (0x00005f17) auipc   t5, 0x5
core   0: 3 0x8000b498 (0x00005f17) x30 0x80010498
core   0: 0x8000b49c (0xb63f2423) sw      gp, -1176(t5)
core   0: 3 0x8000b49c (0xb63f2423) mem 0x80010000 0x00000001
core   0: 0x8000b4a0 (0x0000bfe5) c.j     pc - 8
core   0: 3 0x8000b4a0 (0xbfe5)
core   0: 0x8000b498 (0x00005f17) auipc   t5, 0x5
core   0: 3 0x8000b498 (0x00005f17) x30 0x80010498
core   0: 0x8000b49c (0xb63f2423) sw      gp, -1176(t5)
core   0: 3 0x8000b49c (0xb63f2423) mem 0x80010000 0x00000001
core   0: 0x8000b4a0 (0x0000bfe5) c.j     pc - 8
core   0: 3 0x8000b4a0 (0xbfe5)
core   0: 0x8000b498 (0x00005f17) auipc   t5, 0x5
core   0: 3 0x8000b498 (0x00005f17) x30 0x80010498
core   0: 0x8000b49c (0xb63f2423) sw      gp, -1176(t5)
core   0: 3 0x8000b49c (0xb63f2423) mem 0x80010000 0x00000001
core   0: 0x8000b4a0 (0x0000bfe5) c.j     pc - 8
core   0: 3 0x8000b4a0 (0xbfe5)
core   0: 0x8000b498 (0x00005f17) auipc   t5, 0x5
core   0: 3 0x8000b498 (0x00005f17) x30 0x80010498
core   0: 0x8000b49c (0xb63f2423) sw      gp, -1176(t5)
core   0: 3 0x8000b49c (0xb63f2423) mem 0x80010000 0x00000001
core   0: 0x8000b4a0 (0x0000bfe5) c.j     pc - 8
core   0: 3 0x8000b4a0 (0xbfe5)
core   0: 0x8000b498 (0x00005f17) auipc   t5, 0x5
core   0: 3 0x8000b498 (0x00005f17) x30 0x80010498
core   0: 0x8000b49c (0xb63f2423) sw      gp, -1176(t5)
core   0: 3 0x8000b49c (0xb63f2423) mem 0x80010000 0x00000001
core   0: 0x8000b4a0 (0x0000bfe5) c.j     pc - 8
core   0: 3 0x8000b4a0 (0xbfe5)
core   0: 0x8000b498 (0x00005f17) auipc   t5, 0x5
core   0: 3 0x8000b498 (0x00005f17) x30 0x80010498
core   0: 0x8000b49c (0xb63f2423) sw      gp, -1176(t5)
core   0: 3 0x8000b49c (0xb63f2423) mem 0x80010000 0x00000001
core   0: 0x8000b4a0 (0x0000bfe5) c.j     pc - 8
core   0: 3 0x8000b4a0 (0xbfe5)
core   0: 0x8000b498 (0x00005f17) auipc   t5, 0x5
core   0: 3 0x8000b498 (0x00005f17) x30 0x80010498
core   0: 0x8000b49c (0xb63f2423) sw      gp, -1176(t5)
core   0: 3 0x8000b49c (0xb63f2423) mem 0x80010000 0x00000001
core   0: 0x8000b4a0 (0x0000bfe5) c.j     pc - 8
core   0: 3 0x8000b4a0 (0xbfe5)
core   0: 0x8000b498 (0x00005f17) auipc   t5, 0x5
core   0: 3 0x8000b498 (0x00005f17) x30 0x80010498
core   0: 0x8000b49c (0xb63f2423) sw      gp, -1176(t5)
core   0: 3 0x8000b49c (0xb63f2423) mem 0x80010000 0x00000001
core   0: 0x8000b4a0 (0x0000bfe5) c.j     pc - 8
core   0: 3 0x8000b4a0 (0xbfe5)
core   0: 0x8000b498 (0x00005f17) auipc   t5, 0x5
core   0: 3 0x8000b498 (0x00005f17) x30 0x80010498
core   0: 0x8000b49c (0xb63f2423) sw      gp, -1176(t5)
core   0: 3 0x8000b49c (0xb63f2423) mem 0x80010000 0x00000001
core   0: 0x8000b4a0 (0x0000bfe5) c.j     pc - 8
core   0: 3 0x8000b4a0 (0xbfe5)
core   0: 0x8000b498 (0x00005f17) auipc   t5, 0x5
core   0: 3 0x8000b498 (0x00005f17) x30 0x80010498
core   0: 0x8000b49c (0xb63f2423) sw      gp, -1176(t5)
core   0: 3 0x8000b49c (0xb63f2423) mem 0x80010000 0x00000001
core   0: 0x8000b4a0 (0x0000bfe5) c.j     pc - 8
core   0: 3 0x8000b4a0 (0xbfe5)
core   0: 0x8000b498 (0x00005f17) auipc   t5, 0x5
core   0: 3 0x8000b498 (0x00005f17) x30 0x80010498
core   0: 0x8000b49c (0xb63f2423) sw      gp, -1176(t5)
core   0: 3 0x8000b49c (0xb63f2423) mem 0x80010000 0x00000001
core   0: 0x8000b4a0 (0x0000bfe5) c.j     pc - 8
core   0: 3 0x8000b4a0 (0xbfe5)
core   0: 0x8000b498 (0x00005f17) auipc   t5, 0x5
core   0: 3 0x8000b498 (0x00005f17) x30 0x80010498
core   0: 0x8000b49c (0xb63f2423) sw      gp, -1176(t5)
core   0: 3 0x8000b49c (0xb63f2423) mem 0x80010000 0x00000001
core   0: 0x8000b4a0 (0x0000bfe5) c.j     pc - 8
core   0: 3 0x8000b4a0 (0xbfe5)
core   0: 0x8000b498 (0x00005f17) auipc   t5, 0x5
core   0: 3 0x8000b498 (0x00005f17) x30 0x80010498
core   0: 0x8000b49c (0xb63f2423) sw      gp, -1176(t5)
core   0: 3 0x8000b49c (0xb63f2423) mem 0x80010000 0x00000001
core   0: 0x8000b4a0 (0x0000bfe5) c.j     pc - 8
core   0: 3 0x8000b4a0 (0xbfe5)
core   0: 0x8000b498 (0x00005f17) auipc   t5, 0x5
core   0: 3 0x8000b498 (0x00005f17) x30 0x80010498
core   0: 0x8000b49c (0xb63f2423) sw      gp, -1176(t5)
core   0: 3 0x8000b49c (0xb63f2423) mem 0x80010000 0x00000001
core   0: 0x8000b4a0 (0x0000bfe5) c.j     pc - 8
core   0: 3 0x8000b4a0 (0xbfe5)
core   0: 0x8000b498 (0x00005f17) auipc   t5, 0x5
core   0: 3 0x8000b498 (0x00005f17) x30 0x80010498
core   0: 0x8000b49c (0xb63f2423) sw      gp, -1176(t5)
core   0: 3 0x8000b49c (0xb63f2423) mem 0x80010000 0x00000001
core   0: 0x8000b4a0 (0x0000bfe5) c.j     pc - 8
core   0: 3 0x8000b4a0 (0xbfe5)
core   0: 0x8000b498 (0x00005f17) auipc   t5, 0x5
core   0: 3 0x8000b498 (0x00005f17) x30 0x80010498
core   0: 0x8000b49c (0xb63f2423) sw      gp, -1176(t5)
core   0: 3 0x8000b49c (0xb63f2423) mem 0x80010000 0x00000001
core   0: 0x8000b4a0 (0x0000bfe5) c.j     pc - 8
core   0: 3 0x8000b4a0 (0xbfe5)
core   0: 0x8000b498 (0x00005f17) auipc   t5, 0x5
core   0: 3 0x8000b498 (0x00005f17) x30 0x80010498
core   0: 0x8000b49c (0xb63f2423) sw      gp, -1176(t5)
core   0: 3 0x8000b49c (0xb63f2423) mem 0x80010000 0x00000001
core   0: 0x8000b4a0 (0x0000bfe5) c.j     pc - 8
core   0: 3 0x8000b4a0 (0xbfe5)
core   0: 0x8000b498 (0x00005f17) auipc   t5, 0x5
core   0: 3 0x8000b498 (0x00005f17) x30 0x80010498
core   0: 0x8000b49c (0xb63f2423) sw      gp, -1176(t5)
core   0: 3 0x8000b49c (0xb63f2423) mem 0x80010000 0x00000001
core   0: 0x8000b4a0 (0x0000bfe5) c.j     pc - 8
core   0: 3 0x8000b4a0 (0xbfe5)
core   0: 0x8000b498 (0x00005f17) auipc   t5, 0x5
core   0: 3 0x8000b498 (0x00005f17) x30 0x80010498
core   0: 0x8000b49c (0xb63f2423) sw      gp, -1176(t5)
core   0: 3 0x8000b49c (0xb63f2423) mem 0x80010000 0x00000001
core   0: 0x8000b4a0 (0x0000bfe5) c.j     pc - 8
core   0: 3 0x8000b4a0 (0xbfe5)
core   0: 0x8000b498 (0x00005f17) auipc   t5, 0x5
core   0: 3 0x8000b498 (0x00005f17) x30 0x80010498
core   0: 0x8000b49c (0xb63f2423) sw      gp, -1176(t5)
core   0: 3 0x8000b49c (0xb63f2423) mem 0x80010000 0x00000001
core   0: 0x8000b4a0 (0x0000bfe5) c.j     pc - 8
core   0: 3 0x8000b4a0 (0xbfe5)
core   0: 0x8000b498 (0x00005f17) auipc   t5, 0x5
core   0: 3 0x8000b498 (0x00005f17) x30 0x80010498
core   0: 0x8000b49c (0xb63f2423) sw      gp, -1176(t5)
core   0: 3 0x8000b49c (0xb63f2423) mem 0x80010000 0x00000001
core   0: 0x8000b4a0 (0x0000bfe5) c.j     pc - 8
core   0: 3 0x8000b4a0 (0xbfe5)
core   0: 0x8000b498 (0x00005f17) auipc   t5, 0x5
core   0: 3 0x8000b498 (0x00005f17) x30 0x80010498
core   0: 0x8000b49c (0xb63f2423) sw      gp, -1176(t5)
core   0: 3 0x8000b49c (0xb63f2423) mem 0x80010000 0x00000001
core   0: 0x8000b4a0 (0x0000bfe5) c.j     pc - 8
core   0: 3 0x8000b4a0 (0xbfe5)
core   0: 0x8000b498 (0x00005f17) auipc   t5, 0x5
core   0: 3 0x8000b498 (0x00005f17) x30 0x80010498
core   0: 0x8000b49c (0xb63f2423) sw      gp, -1176(t5)
core   0: 3 0x8000b49c (0xb63f2423) mem 0x80010000 0x00000001
core   0: 0x8000b4a0 (0x0000bfe5) c.j     pc - 8
core   0: 3 0x8000b4a0 (0xbfe5)
core   0: 0x8000b498 (0x00005f17) auipc   t5, 0x5
core   0: 3 0x8000b498 (0x00005f17) x30 0x80010498
core   0: 0x8000b49c (0xb63f2423) sw      gp, -1176(t5)
core   0: 3 0x8000b49c (0xb63f2423) mem 0x80010000 0x00000001
core   0: 0x8000b4a0 (0x0000bfe5) c.j     pc - 8
core   0: 3 0x8000b4a0 (0xbfe5)
core   0: 0x8000b498 (0x00005f17) auipc   t5, 0x5
core   0: 3 0x8000b498 (0x00005f17) x30 0x80010498
core   0: 0x8000b49c (0xb63f2423) sw      gp, -1176(t5)
core   0: 3 0x8000b49c (0xb63f2423) mem 0x80010000 0x00000001
core   0: 0x8000b4a0 (0x0000bfe5) c.j     pc - 8
core   0: 3 0x8000b4a0 (0xbfe5)
core   0: 0x8000b498 (0x00005f17) auipc   t5, 0x5
core   0: 3 0x8000b498 (0x00005f17) x30 0x80010498
core   0: 0x8000b49c (0xb63f2423) sw      gp, -1176(t5)
core   0: 3 0x8000b49c (0xb63f2423) mem 0x80010000 0x00000001
core   0: 0x8000b4a0 (0x0000bfe5) c.j     pc - 8
core   0: 3 0x8000b4a0 (0xbfe5)
core   0: 0x8000b498 (0x00005f17) auipc   t5, 0x5
core   0: 3 0x8000b498 (0x00005f17) x30 0x80010498
core   0: 0x8000b49c (0xb63f2423) sw      gp, -1176(t5)
core   0: 3 0x8000b49c (0xb63f2423) mem 0x80010000 0x00000001
core   0: 0x8000b4a0 (0x0000bfe5) c.j     pc - 8
core   0: 3 0x8000b4a0 (0xbfe5)
core   0: 0x8000b498 (0x00005f17) auipc   t5, 0x5
core   0: 3 0x8000b498 (0x00005f17) x30 0x80010498
core   0: 0x8000b49c (0xb63f2423) sw      gp, -1176(t5)
core   0: 3 0x8000b49c (0xb63f2423) mem 0x80010000 0x00000001
core   0: 0x8000b4a0 (0x0000bfe5) c.j     pc - 8
core   0: 3 0x8000b4a0 (0xbfe5)
core   0: 0x8000b498 (0x00005f17) auipc   t5, 0x5
core   0: 3 0x8000b498 (0x00005f17) x30 0x80010498
core   0: 0x8000b49c (0xb63f2423) sw      gp, -1176(t5)
core   0: 3 0x8000b49c (0xb63f2423) mem 0x80010000 0x00000001
core   0: 0x8000b4a0 (0x0000bfe5) c.j     pc - 8
core   0: 3 0x8000b4a0 (0xbfe5)
core   0: 0x8000b498 (0x00005f17) auipc   t5, 0x5
core   0: 3 0x8000b498 (0x00005f17) x30 0x80010498
core   0: 0x8000b49c (0xb63f2423) sw      gp, -1176(t5)
core   0: 3 0x8000b49c (0xb63f2423) mem 0x80010000 0x00000001
core   0: 0x8000b4a0 (0x0000bfe5) c.j     pc - 8
core   0: 3 0x8000b4a0 (0xbfe5)
core   0: 0x8000b498 (0x00005f17) auipc   t5, 0x5
core   0: 3 0x8000b498 (0x00005f17) x30 0x80010498
core   0: 0x8000b49c (0xb63f2423) sw      gp, -1176(t5)
core   0: 3 0x8000b49c (0xb63f2423) mem 0x80010000 0x00000001
core   0: 0x8000b4a0 (0x0000bfe5) c.j     pc - 8
core   0: 3 0x8000b4a0 (0xbfe5)
core   0: 0x8000b498 (0x00005f17) auipc   t5, 0x5
core   0: 3 0x8000b498 (0x00005f17) x30 0x80010498
core   0: 0x8000b49c (0xb63f2423) sw      gp, -1176(t5)
core   0: 3 0x8000b49c (0xb63f2423) mem 0x80010000 0x00000001
core   0: 0x8000b4a0 (0x0000bfe5) c.j     pc - 8
core   0: 3 0x8000b4a0 (0xbfe5)
core   0: 0x8000b498 (0x00005f17) auipc   t5, 0x5
core   0: 3 0x8000b498 (0x00005f17) x30 0x80010498
core   0: 0x8000b49c (0xb63f2423) sw      gp, -1176(t5)
core   0: 3 0x8000b49c (0xb63f2423) mem 0x80010000 0x00000001
core   0: 0x8000b4a0 (0x0000bfe5) c.j     pc - 8
core   0: 3 0x8000b4a0 (0xbfe5)
core   0: 0x8000b498 (0x00005f17) auipc   t5, 0x5
core   0: 3 0x8000b498 (0x00005f17) x30 0x80010498
core   0: 0x8000b49c (0xb63f2423) sw      gp, -1176(t5)
core   0: 3 0x8000b49c (0xb63f2423) mem 0x80010000 0x00000001
core   0: 0x8000b4a0 (0x0000bfe5) c.j     pc - 8
core   0: 3 0x8000b4a0 (0xbfe5)
core   0: 0x8000b498 (0x00005f17) auipc   t5, 0x5
core   0: 3 0x8000b498 (0x00005f17) x30 0x80010498
core   0: 0x8000b49c (0xb63f2423) sw      gp, -1176(t5)
core   0: 3 0x8000b49c (0xb63f2423) mem 0x80010000 0x00000001
core   0: 0x8000b4a0 (0x0000bfe5) c.j     pc - 8
core   0: 3 0x8000b4a0 (0xbfe5)
core   0: 0x8000b498 (0x00005f17) auipc   t5, 0x5
core   0: 3 0x8000b498 (0x00005f17) x30 0x80010498
core   0: 0x8000b49c (0xb63f2423) sw      gp, -1176(t5)
core   0: 3 0x8000b49c (0xb63f2423) mem 0x80010000 0x00000001
core   0: 0x8000b4a0 (0x0000bfe5) c.j     pc - 8
core   0: 3 0x8000b4a0 (0xbfe5)
core   0: 0x8000b498 (0x00005f17) auipc   t5, 0x5
core   0: 3 0x8000b498 (0x00005f17) x30 0x80010498
core   0: 0x8000b49c (0xb63f2423) sw      gp, -1176(t5)
core   0: 3 0x8000b49c (0xb63f2423) mem 0x80010000 0x00000001
core   0: 0x8000b4a0 (0x0000bfe5) c.j     pc - 8
core   0: 3 0x8000b4a0 (0xbfe5)
core   0: 0x8000b498 (0x00005f17) auipc   t5, 0x5
core   0: 3 0x8000b498 (0x00005f17) x30 0x80010498
core   0: 0x8000b49c (0xb63f2423) sw      gp, -1176(t5)
core   0: 3 0x8000b49c (0xb63f2423) mem 0x80010000 0x00000001
core   0: 0x8000b4a0 (0x0000bfe5) c.j     pc - 8
core   0: 3 0x8000b4a0 (0xbfe5)
core   0: 0x8000b498 (0x00005f17) auipc   t5, 0x5
core   0: 3 0x8000b498 (0x00005f17) x30 0x80010498
core   0: 0x8000b49c (0xb63f2423) sw      gp, -1176(t5)
core   0: 3 0x8000b49c (0xb63f2423) mem 0x80010000 0x00000001
core   0: 0x8000b4a0 (0x0000bfe5) c.j     pc - 8
core   0: 3 0x8000b4a0 (0xbfe5)
core   0: 0x8000b498 (0x00005f17) auipc   t5, 0x5
core   0: 3 0x8000b498 (0x00005f17) x30 0x80010498
core   0: 0x8000b49c (0xb63f2423) sw      gp, -1176(t5)
core   0: 3 0x8000b49c (0xb63f2423) mem 0x80010000 0x00000001
core   0: 0x8000b4a0 (0x0000bfe5) c.j     pc - 8
core   0: 3 0x8000b4a0 (0xbfe5)
core   0: 0x8000b498 (0x00005f17) auipc   t5, 0x5
core   0: 3 0x8000b498 (0x00005f17) x30 0x80010498
core   0: 0x8000b49c (0xb63f2423) sw      gp, -1176(t5)
core   0: 3 0x8000b49c (0xb63f2423) mem 0x80010000 0x00000001
core   0: 0x8000b4a0 (0x0000bfe5) c.j     pc - 8
core   0: 3 0x8000b4a0 (0xbfe5)
core   0: 0x8000b498 (0x00005f17) auipc   t5, 0x5
core   0: 3 0x8000b498 (0x00005f17) x30 0x80010498
core   0: 0x8000b49c (0xb63f2423) sw      gp, -1176(t5)
core   0: 3 0x8000b49c (0xb63f2423) mem 0x80010000 0x00000001
core   0: 0x8000b4a0 (0x0000bfe5) c.j     pc - 8
core   0: 3 0x8000b4a0 (0xbfe5)
core   0: 0x8000b498 (0x00005f17) auipc   t5, 0x5
core   0: 3 0x8000b498 (0x00005f17) x30 0x80010498
core   0: 0x8000b49c (0xb63f2423) sw      gp, -1176(t5)
core   0: 3 0x8000b49c (0xb63f2423) mem 0x80010000 0x00000001
core   0: 0x8000b4a0 (0x0000bfe5) c.j     pc - 8
core   0: 3 0x8000b4a0 (0xbfe5)
core   0: 0x8000b498 (0x00005f17) auipc   t5, 0x5
core   0: 3 0x8000b498 (0x00005f17) x30 0x80010498
core   0: 0x8000b49c (0xb63f2423) sw      gp, -1176(t5)
core   0: 3 0x8000b49c (0xb63f2423) mem 0x80010000 0x00000001
core   0: 0x8000b4a0 (0x0000bfe5) c.j     pc - 8
core   0: 3 0x8000b4a0 (0xbfe5)
core   0: 0x8000b498 (0x00005f17) auipc   t5, 0x5
core   0: 3 0x8000b498 (0x00005f17) x30 0x80010498
core   0: 0x8000b49c (0xb63f2423) sw      gp, -1176(t5)
core   0: 3 0x8000b49c (0xb63f2423) mem 0x80010000 0x00000001
core   0: 0x8000b4a0 (0x0000bfe5) c.j     pc - 8
core   0: 3 0x8000b4a0 (0xbfe5)
core   0: 0x8000b498 (0x00005f17) auipc   t5, 0x5
core   0: 3 0x8000b498 (0x00005f17) x30 0x80010498
core   0: 0x8000b49c (0xb63f2423) sw      gp, -1176(t5)
core   0: 3 0x8000b49c (0xb63f2423) mem 0x80010000 0x00000001
core   0: 0x8000b4a0 (0x0000bfe5) c.j     pc - 8
core   0: 3 0x8000b4a0 (0xbfe5)
core   0: 0x8000b498 (0x00005f17) auipc   t5, 0x5
core   0: 3 0x8000b498 (0x00005f17) x30 0x80010498
core   0: 0x8000b49c (0xb63f2423) sw      gp, -1176(t5)
core   0: 3 0x8000b49c (0xb63f2423) mem 0x80010000 0x00000001
core   0: 0x8000b4a0 (0x0000bfe5) c.j     pc - 8
core   0: 3 0x8000b4a0 (0xbfe5)
core   0: 0x8000b498 (0x00005f17) auipc   t5, 0x5
core   0: 3 0x8000b498 (0x00005f17) x30 0x80010498
core   0: 0x8000b49c (0xb63f2423) sw      gp, -1176(t5)
core   0: 3 0x8000b49c (0xb63f2423) mem 0x80010000 0x00000001
core   0: 0x8000b4a0 (0x0000bfe5) c.j     pc - 8
core   0: 3 0x8000b4a0 (0xbfe5)
core   0: 0x8000b498 (0x00005f17) auipc   t5, 0x5
core   0: 3 0x8000b498 (0x00005f17) x30 0x80010498
core   0: 0x8000b49c (0xb63f2423) sw      gp, -1176(t5)
core   0: 3 0x8000b49c (0xb63f2423) mem 0x80010000 0x00000001
core   0: 0x8000b4a0 (0x0000bfe5) c.j     pc - 8
core   0: 3 0x8000b4a0 (0xbfe5)
core   0: 0x8000b498 (0x00005f17) auipc   t5, 0x5
core   0: 3 0x8000b498 (0x00005f17) x30 0x80010498
core   0: 0x8000b49c (0xb63f2423) sw      gp, -1176(t5)
core   0: 3 0x8000b49c (0xb63f2423) mem 0x80010000 0x00000001
core   0: 0x8000b4a0 (0x0000bfe5) c.j     pc - 8
core   0: 3 0x8000b4a0 (0xbfe5)
core   0: 0x8000b498 (0x00005f17) auipc   t5, 0x5
core   0: 3 0x8000b498 (0x00005f17) x30 0x80010498
core   0: 0x8000b49c (0xb63f2423) sw      gp, -1176(t5)
core   0: 3 0x8000b49c (0xb63f2423) mem 0x80010000 0x00000001
core   0: 0x8000b4a0 (0x0000bfe5) c.j     pc - 8
core   0: 3 0x8000b4a0 (0xbfe5)
core   0: 0x8000b498 (0x00005f17) auipc   t5, 0x5
core   0: 3 0x8000b498 (0x00005f17) x30 0x80010498
core   0: 0x8000b49c (0xb63f2423) sw      gp, -1176(t5)
core   0: 3 0x8000b49c (0xb63f2423) mem 0x80010000 0x00000001
core   0: 0x8000b4a0 (0x0000bfe5) c.j     pc - 8
core   0: 3 0x8000b4a0 (0xbfe5)
core   0: 0x8000b498 (0x00005f17) auipc   t5, 0x5
core   0: 3 0x8000b498 (0x00005f17) x30 0x80010498
core   0: 0x8000b49c (0xb63f2423) sw      gp, -1176(t5)
core   0: 3 0x8000b49c (0xb63f2423) mem 0x80010000 0x00000001
core   0: 0x8000b4a0 (0x0000bfe5) c.j     pc - 8
core   0: 3 0x8000b4a0 (0xbfe5)
core   0: 0x8000b498 (0x00005f17) auipc   t5, 0x5
core   0: 3 0x8000b498 (0x00005f17) x30 0x80010498
core   0: 0x8000b49c (0xb63f2423) sw      gp, -1176(t5)
core   0: 3 0x8000b49c (0xb63f2423) mem 0x80010000 0x00000001
core   0: 0x8000b4a0 (0x0000bfe5) c.j     pc - 8
core   0: 3 0x8000b4a0 (0xbfe5)
core   0: 0x8000b498 (0x00005f17) auipc   t5, 0x5
core   0: 3 0x8000b498 (0x00005f17) x30 0x80010498
core   0: 0x8000b49c (0xb63f2423) sw      gp, -1176(t5)
core   0: 3 0x8000b49c (0xb63f2423) mem 0x80010000 0x00000001
core   0: 0x8000b4a0 (0x0000bfe5) c.j     pc - 8
core   0: 3 0x8000b4a0 (0xbfe5)
core   0: 0x8000b498 (0x00005f17) auipc   t5, 0x5
core   0: 3 0x8000b498 (0x00005f17) x30 0x80010498
core   0: 0x8000b49c (0xb63f2423) sw      gp, -1176(t5)
core   0: 3 0x8000b49c (0xb63f2423) mem 0x80010000 0x00000001
core   0: 0x8000b4a0 (0x0000bfe5) c.j     pc - 8
core   0: 3 0x8000b4a0 (0xbfe5)
core   0: 0x8000b498 (0x00005f17) auipc   t5, 0x5
core   0: 3 0x8000b498 (0x00005f17) x30 0x80010498
core   0: 0x8000b49c (0xb63f2423) sw      gp, -1176(t5)
core   0: 3 0x8000b49c (0xb63f2423) mem 0x80010000 0x00000001
core   0: 0x8000b4a0 (0x0000bfe5) c.j     pc - 8
core   0: 3 0x8000b4a0 (0xbfe5)
core   0: 0x8000b498 (0x00005f17) auipc   t5, 0x5
core   0: 3 0x8000b498 (0x00005f17) x30 0x80010498
core   0: 0x8000b49c (0xb63f2423) sw      gp, -1176(t5)
core   0: 3 0x8000b49c (0xb63f2423) mem 0x80010000 0x00000001
core   0: 0x8000b4a0 (0x0000bfe5) c.j     pc - 8
core   0: 3 0x8000b4a0 (0xbfe5)
core   0: 0x8000b498 (0x00005f17) auipc   t5, 0x5
core   0: 3 0x8000b498 (0x00005f17) x30 0x80010498
core   0: 0x8000b49c (0xb63f2423) sw      gp, -1176(t5)
core   0: 3 0x8000b49c (0xb63f2423) mem 0x80010000 0x00000001
core   0: 0x8000b4a0 (0x0000bfe5) c.j     pc - 8
core   0: 3 0x8000b4a0 (0xbfe5)
core   0: 0x8000b498 (0x00005f17) auipc   t5, 0x5
core   0: 3 0x8000b498 (0x00005f17) x30 0x80010498
core   0: 0x8000b49c (0xb63f2423) sw      gp, -1176(t5)
core   0: 3 0x8000b49c (0xb63f2423) mem 0x80010000 0x00000001
core   0: 0x8000b4a0 (0x0000bfe5) c.j     pc - 8
core   0: 3 0x8000b4a0 (0xbfe5)
core   0: 0x8000b498 (0x00005f17) auipc   t5, 0x5
core   0: 3 0x8000b498 (0x00005f17) x30 0x80010498
core   0: 0x8000b49c (0xb63f2423) sw      gp, -1176(t5)
core   0: 3 0x8000b49c (0xb63f2423) mem 0x80010000 0x00000001
core   0: 0x8000b4a0 (0x0000bfe5) c.j     pc - 8
core   0: 3 0x8000b4a0 (0xbfe5)
core   0: 0x8000b498 (0x00005f17) auipc   t5, 0x5
core   0: 3 0x8000b498 (0x00005f17) x30 0x80010498
core   0: 0x8000b49c (0xb63f2423) sw      gp, -1176(t5)
core   0: 3 0x8000b49c (0xb63f2423) mem 0x80010000 0x00000001
core   0: 0x8000b4a0 (0x0000bfe5) c.j     pc - 8
core   0: 3 0x8000b4a0 (0xbfe5)
core   0: 0x8000b498 (0x00005f17) auipc   t5, 0x5
core   0: 3 0x8000b498 (0x00005f17) x30 0x80010498
core   0: 0x8000b49c (0xb63f2423) sw      gp, -1176(t5)
core   0: 3 0x8000b49c (0xb63f2423) mem 0x80010000 0x00000001
core   0: 0x8000b4a0 (0x0000bfe5) c.j     pc - 8
core   0: 3 0x8000b4a0 (0xbfe5)
core   0: 0x8000b498 (0x00005f17) auipc   t5, 0x5
core   0: 3 0x8000b498 (0x00005f17) x30 0x80010498
core   0: 0x8000b49c (0xb63f2423) sw      gp, -1176(t5)
core   0: 3 0x8000b49c (0xb63f2423) mem 0x80010000 0x00000001
core   0: 0x8000b4a0 (0x0000bfe5) c.j     pc - 8
core   0: 3 0x8000b4a0 (0xbfe5)
core   0: 0x8000b498 (0x00005f17) auipc   t5, 0x5
core   0: 3 0x8000b498 (0x00005f17) x30 0x80010498
core   0: 0x8000b49c (0xb63f2423) sw      gp, -1176(t5)
core   0: 3 0x8000b49c (0xb63f2423) mem 0x80010000 0x00000001
core   0: 0x8000b4a0 (0x0000bfe5) c.j     pc - 8
core   0: 3 0x8000b4a0 (0xbfe5)
core   0: 0x8000b498 (0x00005f17) auipc   t5, 0x5
core   0: 3 0x8000b498 (0x00005f17) x30 0x80010498
core   0: 0x8000b49c (0xb63f2423) sw      gp, -1176(t5)
core   0: 3 0x8000b49c (0xb63f2423) mem 0x80010000 0x00000001
core   0: 0x8000b4a0 (0x0000bfe5) c.j     pc - 8
core   0: 3 0x8000b4a0 (0xbfe5)
core   0: 0x8000b498 (0x00005f17) auipc   t5, 0x5
core   0: 3 0x8000b498 (0x00005f17) x30 0x80010498
core   0: 0x8000b49c (0xb63f2423) sw      gp, -1176(t5)
core   0: 3 0x8000b49c (0xb63f2423) mem 0x80010000 0x00000001
core   0: 0x8000b4a0 (0x0000bfe5) c.j     pc - 8
core   0: 3 0x8000b4a0 (0xbfe5)
core   0: 0x8000b498 (0x00005f17) auipc   t5, 0x5
core   0: 3 0x8000b498 (0x00005f17) x30 0x80010498
core   0: 0x8000b49c (0xb63f2423) sw      gp, -1176(t5)
core   0: 3 0x8000b49c (0xb63f2423) mem 0x80010000 0x00000001
core   0: 0x8000b4a0 (0x0000bfe5) c.j     pc - 8
core   0: 3 0x8000b4a0 (0xbfe5)
core   0: 0x8000b498 (0x00005f17) auipc   t5, 0x5
core   0: 3 0x8000b498 (0x00005f17) x30 0x80010498
core   0: 0x8000b49c (0xb63f2423) sw      gp, -1176(t5)
core   0: 3 0x8000b49c (0xb63f2423) mem 0x80010000 0x00000001
core   0: 0x8000b4a0 (0x0000bfe5) c.j     pc - 8
core   0: 3 0x8000b4a0 (0xbfe5)
core   0: 0x8000b498 (0x00005f17) auipc   t5, 0x5
core   0: 3 0x8000b498 (0x00005f17) x30 0x80010498
core   0: 0x8000b49c (0xb63f2423) sw      gp, -1176(t5)
core   0: 3 0x8000b49c (0xb63f2423) mem 0x80010000 0x00000001
core   0: 0x8000b4a0 (0x0000bfe5) c.j     pc - 8
core   0: 3 0x8000b4a0 (0xbfe5)
core   0: 0x8000b498 (0x00005f17) auipc   t5, 0x5
core   0: 3 0x8000b498 (0x00005f17) x30 0x80010498
core   0: 0x8000b49c (0xb63f2423) sw      gp, -1176(t5)
core   0: 3 0x8000b49c (0xb63f2423) mem 0x80010000 0x00000001
core   0: 0x8000b4a0 (0x0000bfe5) c.j     pc - 8
core   0: 3 0x8000b4a0 (0xbfe5)
core   0: 0x8000b498 (0x00005f17) auipc   t5, 0x5
core   0: 3 0x8000b498 (0x00005f17) x30 0x80010498
core   0: 0x8000b49c (0xb63f2423) sw      gp, -1176(t5)
core   0: 3 0x8000b49c (0xb63f2423) mem 0x80010000 0x00000001
core   0: 0x8000b4a0 (0x0000bfe5) c.j     pc - 8
core   0: 3 0x8000b4a0 (0xbfe5)
core   0: 0x8000b498 (0x00005f17) auipc   t5, 0x5
core   0: 3 0x8000b498 (0x00005f17) x30 0x80010498
core   0: 0x8000b49c (0xb63f2423) sw      gp, -1176(t5)
core   0: 3 0x8000b49c (0xb63f2423) mem 0x80010000 0x00000001
core   0: 0x8000b4a0 (0x0000bfe5) c.j     pc - 8
core   0: 3 0x8000b4a0 (0xbfe5)
core   0: 0x8000b498 (0x00005f17) auipc   t5, 0x5
core   0: 3 0x8000b498 (0x00005f17) x30 0x80010498
core   0: 0x8000b49c (0xb63f2423) sw      gp, -1176(t5)
core   0: 3 0x8000b49c (0xb63f2423) mem 0x80010000 0x00000001
core   0: 0x8000b4a0 (0x0000bfe5) c.j     pc - 8
core   0: 3 0x8000b4a0 (0xbfe5)
core   0: 0x8000b498 (0x00005f17) auipc   t5, 0x5
core   0: 3 0x8000b498 (0x00005f17) x30 0x80010498
core   0: 0x8000b49c (0xb63f2423) sw      gp, -1176(t5)
core   0: 3 0x8000b49c (0xb63f2423) mem 0x80010000 0x00000001
core   0: 0x8000b4a0 (0x0000bfe5) c.j     pc - 8
core   0: 3 0x8000b4a0 (0xbfe5)
core   0: 0x8000b498 (0x00005f17) auipc   t5, 0x5
core   0: 3 0x8000b498 (0x00005f17) x30 0x80010498
core   0: 0x8000b49c (0xb63f2423) sw      gp, -1176(t5)
core   0: 3 0x8000b49c (0xb63f2423) mem 0x80010000 0x00000001
core   0: 0x8000b4a0 (0x0000bfe5) c.j     pc - 8
core   0: 3 0x8000b4a0 (0xbfe5)
core   0: 0x8000b498 (0x00005f17) auipc   t5, 0x5
core   0: 3 0x8000b498 (0x00005f17) x30 0x80010498
core   0: 0x8000b49c (0xb63f2423) sw      gp, -1176(t5)
core   0: 3 0x8000b49c (0xb63f2423) mem 0x80010000 0x00000001
core   0: 0x8000b4a0 (0x0000bfe5) c.j     pc - 8
core   0: 3 0x8000b4a0 (0xbfe5)
core   0: 0x8000b498 (0x00005f17) auipc   t5, 0x5
core   0: 3 0x8000b498 (0x00005f17) x30 0x80010498
core   0: 0x8000b49c (0xb63f2423) sw      gp, -1176(t5)
core   0: 3 0x8000b49c (0xb63f2423) mem 0x80010000 0x00000001
core   0: 0x8000b4a0 (0x0000bfe5) c.j     pc - 8
core   0: 3 0x8000b4a0 (0xbfe5)
core   0: 0x8000b498 (0x00005f17) auipc   t5, 0x5
core   0: 3 0x8000b498 (0x00005f17) x30 0x80010498
core   0: 0x8000b49c (0xb63f2423) sw      gp, -1176(t5)
core   0: 3 0x8000b49c (0xb63f2423) mem 0x80010000 0x00000001
core   0: 0x8000b4a0 (0x0000bfe5) c.j     pc - 8
core   0: 3 0x8000b4a0 (0xbfe5)
core   0: 0x8000b498 (0x00005f17) auipc   t5, 0x5
core   0: 3 0x8000b498 (0x00005f17) x30 0x80010498
core   0: 0x8000b49c (0xb63f2423) sw      gp, -1176(t5)
core   0: 3 0x8000b49c (0xb63f2423) mem 0x80010000 0x00000001
core   0: 0x8000b4a0 (0x0000bfe5) c.j     pc - 8
core   0: 3 0x8000b4a0 (0xbfe5)
core   0: 0x8000b498 (0x00005f17) auipc   t5, 0x5
core   0: 3 0x8000b498 (0x00005f17) x30 0x80010498
core   0: 0x8000b49c (0xb63f2423) sw      gp, -1176(t5)
core   0: 3 0x8000b49c (0xb63f2423) mem 0x80010000 0x00000001
core   0: 0x8000b4a0 (0x0000bfe5) c.j     pc - 8
core   0: 3 0x8000b4a0 (0xbfe5)
core   0: 0x8000b498 (0x00005f17) auipc   t5, 0x5
core   0: 3 0x8000b498 (0x00005f17) x30 0x80010498
core   0: 0x8000b49c (0xb63f2423) sw      gp, -1176(t5)
core   0: 3 0x8000b49c (0xb63f2423) mem 0x80010000 0x00000001
core   0: 0x8000b4a0 (0x0000bfe5) c.j     pc - 8
core   0: 3 0x8000b4a0 (0xbfe5)
core   0: 0x8000b498 (0x00005f17) auipc   t5, 0x5
core   0: 3 0x8000b498 (0x00005f17) x30 0x80010498
core   0: 0x8000b49c (0xb63f2423) sw      gp, -1176(t5)
core   0: 3 0x8000b49c (0xb63f2423) mem 0x80010000 0x00000001
core   0: 0x8000b4a0 (0x0000bfe5) c.j     pc - 8
core   0: 3 0x8000b4a0 (0xbfe5)
core   0: 0x8000b498 (0x00005f17) auipc   t5, 0x5
core   0: 3 0x8000b498 (0x00005f17) x30 0x80010498
core   0: 0x8000b49c (0xb63f2423) sw      gp, -1176(t5)
core   0: 3 0x8000b49c (0xb63f2423) mem 0x80010000 0x00000001
core   0: 0x8000b4a0 (0x0000bfe5) c.j     pc - 8
core   0: 3 0x8000b4a0 (0xbfe5)
core   0: 0x8000b498 (0x00005f17) auipc   t5, 0x5
core   0: 3 0x8000b498 (0x00005f17) x30 0x80010498
core   0: 0x8000b49c (0xb63f2423) sw      gp, -1176(t5)
core   0: 3 0x8000b49c (0xb63f2423) mem 0x80010000 0x00000001
core   0: 0x8000b4a0 (0x0000bfe5) c.j     pc - 8
core   0: 3 0x8000b4a0 (0xbfe5)
core   0: 0x8000b498 (0x00005f17) auipc   t5, 0x5
core   0: 3 0x8000b498 (0x00005f17) x30 0x80010498
core   0: 0x8000b49c (0xb63f2423) sw      gp, -1176(t5)
core   0: 3 0x8000b49c (0xb63f2423) mem 0x80010000 0x00000001
core   0: 0x8000b4a0 (0x0000bfe5) c.j     pc - 8
core   0: 3 0x8000b4a0 (0xbfe5)
core   0: 0x8000b498 (0x00005f17) auipc   t5, 0x5
core   0: 3 0x8000b498 (0x00005f17) x30 0x80010498
core   0: 0x8000b49c (0xb63f2423) sw      gp, -1176(t5)
core   0: 3 0x8000b49c (0xb63f2423) mem 0x80010000 0x00000001
core   0: 0x8000b4a0 (0x0000bfe5) c.j     pc - 8
core   0: 3 0x8000b4a0 (0xbfe5)
core   0: 0x8000b498 (0x00005f17) auipc   t5, 0x5
core   0: 3 0x8000b498 (0x00005f17) x30 0x80010498
core   0: 0x8000b49c (0xb63f2423) sw      gp, -1176(t5)
core   0: 3 0x8000b49c (0xb63f2423) mem 0x80010000 0x00000001
core   0: 0x8000b4a0 (0x0000bfe5) c.j     pc - 8
core   0: 3 0x8000b4a0 (0xbfe5)
core   0: 0x8000b498 (0x00005f17) auipc   t5, 0x5
core   0: 3 0x8000b498 (0x00005f17) x30 0x80010498
core   0: 0x8000b49c (0xb63f2423) sw      gp, -1176(t5)
core   0: 3 0x8000b49c (0xb63f2423) mem 0x80010000 0x00000001
core   0: 0x8000b4a0 (0x0000bfe5) c.j     pc - 8
core   0: 3 0x8000b4a0 (0xbfe5)
core   0: 0x8000b498 (0x00005f17) auipc   t5, 0x5
core   0: 3 0x8000b498 (0x00005f17) x30 0x80010498
core   0: 0x8000b49c (0xb63f2423) sw      gp, -1176(t5)
core   0: 3 0x8000b49c (0xb63f2423) mem 0x80010000 0x00000001
core   0: 0x8000b4a0 (0x0000bfe5) c.j     pc - 8
core   0: 3 0x8000b4a0 (0xbfe5)
core   0: 0x8000b498 (0x00005f17) auipc   t5, 0x5
core   0: 3 0x8000b498 (0x00005f17) x30 0x80010498
core   0: 0x8000b49c (0xb63f2423) sw      gp, -1176(t5)
core   0: 3 0x8000b49c (0xb63f2423) mem 0x80010000 0x00000001
core   0: 0x8000b4a0 (0x0000bfe5) c.j     pc - 8
core   0: 3 0x8000b4a0 (0xbfe5)
core   0: 0x8000b498 (0x00005f17) auipc   t5, 0x5
core   0: 3 0x8000b498 (0x00005f17) x30 0x80010498
core   0: 0x8000b49c (0xb63f2423) sw      gp, -1176(t5)
core   0: 3 0x8000b49c (0xb63f2423) mem 0x80010000 0x00000001
core   0: 0x8000b4a0 (0x0000bfe5) c.j     pc - 8
core   0: 3 0x8000b4a0 (0xbfe5)
core   0: 0x8000b498 (0x00005f17) auipc   t5, 0x5
core   0: 3 0x8000b498 (0x00005f17) x30 0x80010498
core   0: 0x8000b49c (0xb63f2423) sw      gp, -1176(t5)
core   0: 3 0x8000b49c (0xb63f2423) mem 0x80010000 0x00000001
core   0: 0x8000b4a0 (0x0000bfe5) c.j     pc - 8
core   0: 3 0x8000b4a0 (0xbfe5)
core   0: 0x8000b498 (0x00005f17) auipc   t5, 0x5
core   0: 3 0x8000b498 (0x00005f17) x30 0x80010498
core   0: 0x8000b49c (0xb63f2423) sw      gp, -1176(t5)
core   0: 3 0x8000b49c (0xb63f2423) mem 0x80010000 0x00000001
core   0: 0x8000b4a0 (0x0000bfe5) c.j     pc - 8
core   0: 3 0x8000b4a0 (0xbfe5)
core   0: 0x8000b498 (0x00005f17) auipc   t5, 0x5
core   0: 3 0x8000b498 (0x00005f17) x30 0x80010498
core   0: 0x8000b49c (0xb63f2423) sw      gp, -1176(t5)
core   0: 3 0x8000b49c (0xb63f2423) mem 0x80010000 0x00000001
core   0: 0x8000b4a0 (0x0000bfe5) c.j     pc - 8
core   0: 3 0x8000b4a0 (0xbfe5)
core   0: 0x8000b498 (0x00005f17) auipc   t5, 0x5
core   0: 3 0x8000b498 (0x00005f17) x30 0x80010498
core   0: 0x8000b49c (0xb63f2423) sw      gp, -1176(t5)
core   0: 3 0x8000b49c (0xb63f2423) mem 0x80010000 0x00000001
core   0: 0x8000b4a0 (0x0000bfe5) c.j     pc - 8
core   0: 3 0x8000b4a0 (0xbfe5)
core   0: 0x8000b498 (0x00005f17) auipc   t5, 0x5
core   0: 3 0x8000b498 (0x00005f17) x30 0x80010498
core   0: 0x8000b49c (0xb63f2423) sw      gp, -1176(t5)
core   0: 3 0x8000b49c (0xb63f2423) mem 0x80010000 0x00000001
core   0: 0x8000b4a0 (0x0000bfe5) c.j     pc - 8
core   0: 3 0x8000b4a0 (0xbfe5)
core   0: 0x8000b498 (0x00005f17) auipc   t5, 0x5
core   0: 3 0x8000b498 (0x00005f17) x30 0x80010498
core   0: 0x8000b49c (0xb63f2423) sw      gp, -1176(t5)
core   0: 3 0x8000b49c (0xb63f2423) mem 0x80010000 0x00000001
core   0: 0x8000b4a0 (0x0000bfe5) c.j     pc - 8
core   0: 3 0x8000b4a0 (0xbfe5)
core   0: 0x8000b498 (0x00005f17) auipc   t5, 0x5
core   0: 3 0x8000b498 (0x00005f17) x30 0x80010498
core   0: 0x8000b49c (0xb63f2423) sw      gp, -1176(t5)
core   0: 3 0x8000b49c (0xb63f2423) mem 0x80010000 0x00000001
core   0: 0x8000b4a0 (0x0000bfe5) c.j     pc - 8
core   0: 3 0x8000b4a0 (0xbfe5)
core   0: 0x8000b498 (0x00005f17) auipc   t5, 0x5
core   0: 3 0x8000b498 (0x00005f17) x30 0x80010498
core   0: 0x8000b49c (0xb63f2423) sw      gp, -1176(t5)
core   0: 3 0x8000b49c (0xb63f2423) mem 0x80010000 0x00000001
core   0: 0x8000b4a0 (0x0000bfe5) c.j     pc - 8
core   0: 3 0x8000b4a0 (0xbfe5)
core   0: 0x8000b498 (0x00005f17) auipc   t5, 0x5
core   0: 3 0x8000b498 (0x00005f17) x30 0x80010498
core   0: 0x8000b49c (0xb63f2423) sw      gp, -1176(t5)
core   0: 3 0x8000b49c (0xb63f2423) mem 0x80010000 0x00000001
core   0: 0x8000b4a0 (0x0000bfe5) c.j     pc - 8
core   0: 3 0x8000b4a0 (0xbfe5)
core   0: 0x8000b498 (0x00005f17) auipc   t5, 0x5
core   0: 3 0x8000b498 (0x00005f17) x30 0x80010498
core   0: 0x8000b49c (0xb63f2423) sw      gp, -1176(t5)
core   0: 3 0x8000b49c (0xb63f2423) mem 0x80010000 0x00000001
core   0: 0x8000b4a0 (0x0000bfe5) c.j     pc - 8
core   0: 3 0x8000b4a0 (0xbfe5)
core   0: 0x8000b498 (0x00005f17) auipc   t5, 0x5
core   0: 3 0x8000b498 (0x00005f17) x30 0x80010498
core   0: 0x8000b49c (0xb63f2423) sw      gp, -1176(t5)
core   0: 3 0x8000b49c (0xb63f2423) mem 0x80010000 0x00000001
core   0: 0x8000b4a0 (0x0000bfe5) c.j     pc - 8
core   0: 3 0x8000b4a0 (0xbfe5)
core   0: 0x8000b498 (0x00005f17) auipc   t5, 0x5
core   0: 3 0x8000b498 (0x00005f17) x30 0x80010498
core   0: 0x8000b49c (0xb63f2423) sw      gp, -1176(t5)
core   0: 3 0x8000b49c (0xb63f2423) mem 0x80010000 0x00000001
core   0: 0x8000b4a0 (0x0000bfe5) c.j     pc - 8
core   0: 3 0x8000b4a0 (0xbfe5)
core   0: 0x8000b498 (0x00005f17) auipc   t5, 0x5
core   0: 3 0x8000b498 (0x00005f17) x30 0x80010498
core   0: 0x8000b49c (0xb63f2423) sw      gp, -1176(t5)
core   0: 3 0x8000b49c (0xb63f2423) mem 0x80010000 0x00000001
core   0: 0x8000b4a0 (0x0000bfe5) c.j     pc - 8
core   0: 3 0x8000b4a0 (0xbfe5)
core   0: 0x8000b498 (0x00005f17) auipc   t5, 0x5
core   0: 3 0x8000b498 (0x00005f17) x30 0x80010498
core   0: 0x8000b49c (0xb63f2423) sw      gp, -1176(t5)
core   0: 3 0x8000b49c (0xb63f2423) mem 0x80010000 0x00000001
core   0: 0x8000b4a0 (0x0000bfe5) c.j     pc - 8
core   0: 3 0x8000b4a0 (0xbfe5)
core   0: 0x8000b498 (0x00005f17) auipc   t5, 0x5
core   0: 3 0x8000b498 (0x00005f17) x30 0x80010498
core   0: 0x8000b49c (0xb63f2423) sw      gp, -1176(t5)
core   0: 3 0x8000b49c (0xb63f2423) mem 0x80010000 0x00000001
core   0: 0x8000b4a0 (0x0000bfe5) c.j     pc - 8
core   0: 3 0x8000b4a0 (0xbfe5)
core   0: 0x8000b498 (0x00005f17) auipc   t5, 0x5
core   0: 3 0x8000b498 (0x00005f17) x30 0x80010498
core   0: 0x8000b49c (0xb63f2423) sw      gp, -1176(t5)
core   0: 3 0x8000b49c (0xb63f2423) mem 0x80010000 0x00000001
core   0: 0x8000b4a0 (0x0000bfe5) c.j     pc - 8
core   0: 3 0x8000b4a0 (0xbfe5)
core   0: 0x8000b498 (0x00005f17) auipc   t5, 0x5
core   0: 3 0x8000b498 (0x00005f17) x30 0x80010498
core   0: 0x8000b49c (0xb63f2423) sw      gp, -1176(t5)
core   0: 3 0x8000b49c (0xb63f2423) mem 0x80010000 0x00000001
core   0: 0x8000b4a0 (0x0000bfe5) c.j     pc - 8
core   0: 3 0x8000b4a0 (0xbfe5)
core   0: 0x8000b498 (0x00005f17) auipc   t5, 0x5
core   0: 3 0x8000b498 (0x00005f17) x30 0x80010498
core   0: 0x8000b49c (0xb63f2423) sw      gp, -1176(t5)
core   0: 3 0x8000b49c (0xb63f2423) mem 0x80010000 0x00000001
core   0: 0x8000b4a0 (0x0000bfe5) c.j     pc - 8
core   0: 3 0x8000b4a0 (0xbfe5)
core   0: 0x8000b498 (0x00005f17) auipc   t5, 0x5
core   0: 3 0x8000b498 (0x00005f17) x30 0x80010498
core   0: 0x8000b49c (0xb63f2423) sw      gp, -1176(t5)
core   0: 3 0x8000b49c (0xb63f2423) mem 0x80010000 0x00000001
core   0: 0x8000b4a0 (0x0000bfe5) c.j     pc - 8
core   0: 3 0x8000b4a0 (0xbfe5)
core   0: 0x8000b498 (0x00005f17) auipc   t5, 0x5
core   0: 3 0x8000b498 (0x00005f17) x30 0x80010498
core   0: 0x8000b49c (0xb63f2423) sw      gp, -1176(t5)
core   0: 3 0x8000b49c (0xb63f2423) mem 0x80010000 0x00000001
core   0: 0x8000b4a0 (0x0000bfe5) c.j     pc - 8
core   0: 3 0x8000b4a0 (0xbfe5)
core   0: 0x8000b498 (0x00005f17) auipc   t5, 0x5
core   0: 3 0x8000b498 (0x00005f17) x30 0x80010498
core   0: 0x8000b49c (0xb63f2423) sw      gp, -1176(t5)
core   0: 3 0x8000b49c (0xb63f2423) mem 0x80010000 0x00000001
core   0: 0x8000b4a0 (0x0000bfe5) c.j     pc - 8
core   0: 3 0x8000b4a0 (0xbfe5)
core   0: 0x8000b498 (0x00005f17) auipc   t5, 0x5
core   0: 3 0x8000b498 (0x00005f17) x30 0x80010498
core   0: 0x8000b49c (0xb63f2423) sw      gp, -1176(t5)
core   0: 3 0x8000b49c (0xb63f2423) mem 0x80010000 0x00000001
core   0: 0x8000b4a0 (0x0000bfe5) c.j     pc - 8
core   0: 3 0x8000b4a0 (0xbfe5)
core   0: 0x8000b498 (0x00005f17) auipc   t5, 0x5
core   0: 3 0x8000b498 (0x00005f17) x30 0x80010498
core   0: 0x8000b49c (0xb63f2423) sw      gp, -1176(t5)
core   0: 3 0x8000b49c (0xb63f2423) mem 0x80010000 0x00000001
core   0: 0x8000b4a0 (0x0000bfe5) c.j     pc - 8
core   0: 3 0x8000b4a0 (0xbfe5)
core   0: 0x8000b498 (0x00005f17) auipc   t5, 0x5
core   0: 3 0x8000b498 (0x00005f17) x30 0x80010498
core   0: 0x8000b49c (0xb63f2423) sw      gp, -1176(t5)
core   0: 3 0x8000b49c (0xb63f2423) mem 0x80010000 0x00000001
core   0: 0x8000b4a0 (0x0000bfe5) c.j     pc - 8
core   0: 3 0x8000b4a0 (0xbfe5)
core   0: 0x8000b498 (0x00005f17) auipc   t5, 0x5
core   0: 3 0x8000b498 (0x00005f17) x30 0x80010498
core   0: 0x8000b49c (0xb63f2423) sw      gp, -1176(t5)
core   0: 3 0x8000b49c (0xb63f2423) mem 0x80010000 0x00000001
core   0: 0x8000b4a0 (0x0000bfe5) c.j     pc - 8
core   0: 3 0x8000b4a0 (0xbfe5)
core   0: 0x8000b498 (0x00005f17) auipc   t5, 0x5
core   0: 3 0x8000b498 (0x00005f17) x30 0x80010498
core   0: 0x8000b49c (0xb63f2423) sw      gp, -1176(t5)
core   0: 3 0x8000b49c (0xb63f2423) mem 0x80010000 0x00000001
core   0: 0x8000b4a0 (0x0000bfe5) c.j     pc - 8
core   0: 3 0x8000b4a0 (0xbfe5)
core   0: 0x8000b498 (0x00005f17) auipc   t5, 0x5
core   0: 3 0x8000b498 (0x00005f17) x30 0x80010498
core   0: 0x8000b49c (0xb63f2423) sw      gp, -1176(t5)
core   0: 3 0x8000b49c (0xb63f2423) mem 0x80010000 0x00000001
core   0: 0x8000b4a0 (0x0000bfe5) c.j     pc - 8
core   0: 3 0x8000b4a0 (0xbfe5)
core   0: 0x8000b498 (0x00005f17) auipc   t5, 0x5
core   0: 3 0x8000b498 (0x00005f17) x30 0x80010498
core   0: 0x8000b49c (0xb63f2423) sw      gp, -1176(t5)
core   0: 3 0x8000b49c (0xb63f2423) mem 0x80010000 0x00000001
core   0: 0x8000b4a0 (0x0000bfe5) c.j     pc - 8
core   0: 3 0x8000b4a0 (0xbfe5)
core   0: 0x8000b498 (0x00005f17) auipc   t5, 0x5
core   0: 3 0x8000b498 (0x00005f17) x30 0x80010498
core   0: 0x8000b49c (0xb63f2423) sw      gp, -1176(t5)
core   0: 3 0x8000b49c (0xb63f2423) mem 0x80010000 0x00000001
core   0: 0x8000b4a0 (0x0000bfe5) c.j     pc - 8
core   0: 3 0x8000b4a0 (0xbfe5)
core   0: 0x8000b498 (0x00005f17) auipc   t5, 0x5
core   0: 3 0x8000b498 (0x00005f17) x30 0x80010498
core   0: 0x8000b49c (0xb63f2423) sw      gp, -1176(t5)
core   0: 3 0x8000b49c (0xb63f2423) mem 0x80010000 0x00000001
core   0: 0x8000b4a0 (0x0000bfe5) c.j     pc - 8
core   0: 3 0x8000b4a0 (0xbfe5)
core   0: 0x8000b498 (0x00005f17) auipc   t5, 0x5
core   0: 3 0x8000b498 (0x00005f17) x30 0x80010498
core   0: 0x8000b49c (0xb63f2423) sw      gp, -1176(t5)
core   0: 3 0x8000b49c (0xb63f2423) mem 0x80010000 0x00000001
core   0: 0x8000b4a0 (0x0000bfe5) c.j     pc - 8
core   0: 3 0x8000b4a0 (0xbfe5)
core   0: 0x8000b498 (0x00005f17) auipc   t5, 0x5
core   0: 3 0x8000b498 (0x00005f17) x30 0x80010498
core   0: 0x8000b49c (0xb63f2423) sw      gp, -1176(t5)
core   0: 3 0x8000b49c (0xb63f2423) mem 0x80010000 0x00000001
core   0: 0x8000b4a0 (0x0000bfe5) c.j     pc - 8
core   0: 3 0x8000b4a0 (0xbfe5)
core   0: 0x8000b498 (0x00005f17) auipc   t5, 0x5
core   0: 3 0x8000b498 (0x00005f17) x30 0x80010498
core   0: 0x8000b49c (0xb63f2423) sw      gp, -1176(t5)
core   0: 3 0x8000b49c (0xb63f2423) mem 0x80010000 0x00000001
core   0: 0x8000b4a0 (0x0000bfe5) c.j     pc - 8
core   0: 3 0x8000b4a0 (0xbfe5)
core   0: 0x8000b498 (0x00005f17) auipc   t5, 0x5
core   0: 3 0x8000b498 (0x00005f17) x30 0x80010498
core   0: 0x8000b49c (0xb63f2423) sw      gp, -1176(t5)
core   0: 3 0x8000b49c (0xb63f2423) mem 0x80010000 0x00000001
core   0: 0x8000b4a0 (0x0000bfe5) c.j     pc - 8
core   0: 3 0x8000b4a0 (0xbfe5)
core   0: 0x8000b498 (0x00005f17) auipc   t5, 0x5
core   0: 3 0x8000b498 (0x00005f17) x30 0x80010498
core   0: 0x8000b49c (0xb63f2423) sw      gp, -1176(t5)
core   0: 3 0x8000b49c (0xb63f2423) mem 0x80010000 0x00000001
core   0: 0x8000b4a0 (0x0000bfe5) c.j     pc - 8
core   0: 3 0x8000b4a0 (0xbfe5)
core   0: 0x8000b498 (0x00005f17) auipc   t5, 0x5
core   0: 3 0x8000b498 (0x00005f17) x30 0x80010498
core   0: 0x8000b49c (0xb63f2423) sw      gp, -1176(t5)
core   0: 3 0x8000b49c (0xb63f2423) mem 0x80010000 0x00000001
core   0: 0x8000b4a0 (0x0000bfe5) c.j     pc - 8
core   0: 3 0x8000b4a0 (0xbfe5)
core   0: 0x8000b498 (0x00005f17) auipc   t5, 0x5
core   0: 3 0x8000b498 (0x00005f17) x30 0x80010498
core   0: 0x8000b49c (0xb63f2423) sw      gp, -1176(t5)
core   0: 3 0x8000b49c (0xb63f2423) mem 0x80010000 0x00000001
core   0: 0x8000b4a0 (0x0000bfe5) c.j     pc - 8
core   0: 3 0x8000b4a0 (0xbfe5)
core   0: 0x8000b498 (0x00005f17) auipc   t5, 0x5
core   0: 3 0x8000b498 (0x00005f17) x30 0x80010498
core   0: 0x8000b49c (0xb63f2423) sw      gp, -1176(t5)
core   0: 3 0x8000b49c (0xb63f2423) mem 0x80010000 0x00000001
core   0: 0x8000b4a0 (0x0000bfe5) c.j     pc - 8
core   0: 3 0x8000b4a0 (0xbfe5)
core   0: 0x8000b498 (0x00005f17) auipc   t5, 0x5
core   0: 3 0x8000b498 (0x00005f17) x30 0x80010498
core   0: 0x8000b49c (0xb63f2423) sw      gp, -1176(t5)
core   0: 3 0x8000b49c (0xb63f2423) mem 0x80010000 0x00000001
core   0: 0x8000b4a0 (0x0000bfe5) c.j     pc - 8
core   0: 3 0x8000b4a0 (0xbfe5)
core   0: 0x8000b498 (0x00005f17) auipc   t5, 0x5
core   0: 3 0x8000b498 (0x00005f17) x30 0x80010498
core   0: 0x8000b49c (0xb63f2423) sw      gp, -1176(t5)
core   0: 3 0x8000b49c (0xb63f2423) mem 0x80010000 0x00000001
core   0: 0x8000b4a0 (0x0000bfe5) c.j     pc - 8
core   0: 3 0x8000b4a0 (0xbfe5)
core   0: 0x8000b498 (0x00005f17) auipc   t5, 0x5
core   0: 3 0x8000b498 (0x00005f17) x30 0x80010498
core   0: 0x8000b49c (0xb63f2423) sw      gp, -1176(t5)
core   0: 3 0x8000b49c (0xb63f2423) mem 0x80010000 0x00000001
core   0: 0x8000b4a0 (0x0000bfe5) c.j     pc - 8
core   0: 3 0x8000b4a0 (0xbfe5)
core   0: 0x8000b498 (0x00005f17) auipc   t5, 0x5
core   0: 3 0x8000b498 (0x00005f17) x30 0x80010498
core   0: 0x8000b49c (0xb63f2423) sw      gp, -1176(t5)
core   0: 3 0x8000b49c (0xb63f2423) mem 0x80010000 0x00000001
core   0: 0x8000b4a0 (0x0000bfe5) c.j     pc - 8
core   0: 3 0x8000b4a0 (0xbfe5)
core   0: 0x8000b498 (0x00005f17) auipc   t5, 0x5
core   0: 3 0x8000b498 (0x00005f17) x30 0x80010498
core   0: 0x8000b49c (0xb63f2423) sw      gp, -1176(t5)
core   0: 3 0x8000b49c (0xb63f2423) mem 0x80010000 0x00000001
core   0: 0x8000b4a0 (0x0000bfe5) c.j     pc - 8
core   0: 3 0x8000b4a0 (0xbfe5)
core   0: 0x8000b498 (0x00005f17) auipc   t5, 0x5
core   0: 3 0x8000b498 (0x00005f17) x30 0x80010498
core   0: 0x8000b49c (0xb63f2423) sw      gp, -1176(t5)
core   0: 3 0x8000b49c (0xb63f2423) mem 0x80010000 0x00000001
core   0: 0x8000b4a0 (0x0000bfe5) c.j     pc - 8
core   0: 3 0x8000b4a0 (0xbfe5)
core   0: 0x8000b498 (0x00005f17) auipc   t5, 0x5
core   0: 3 0x8000b498 (0x00005f17) x30 0x80010498
core   0: 0x8000b49c (0xb63f2423) sw      gp, -1176(t5)
core   0: 3 0x8000b49c (0xb63f2423) mem 0x80010000 0x00000001
core   0: 0x8000b4a0 (0x0000bfe5) c.j     pc - 8
core   0: 3 0x8000b4a0 (0xbfe5)
core   0: 0x8000b498 (0x00005f17) auipc   t5, 0x5
core   0: 3 0x8000b498 (0x00005f17) x30 0x80010498
core   0: 0x8000b49c (0xb63f2423) sw      gp, -1176(t5)
core   0: 3 0x8000b49c (0xb63f2423) mem 0x80010000 0x00000001
core   0: 0x8000b4a0 (0x0000bfe5) c.j     pc - 8
core   0: 3 0x8000b4a0 (0xbfe5)
core   0: 0x8000b498 (0x00005f17) auipc   t5, 0x5
core   0: 3 0x8000b498 (0x00005f17) x30 0x80010498
core   0: 0x8000b49c (0xb63f2423) sw      gp, -1176(t5)
core   0: 3 0x8000b49c (0xb63f2423) mem 0x80010000 0x00000001
core   0: 0x8000b4a0 (0x0000bfe5) c.j     pc - 8
core   0: 3 0x8000b4a0 (0xbfe5)
core   0: 0x8000b498 (0x00005f17) auipc   t5, 0x5
core   0: 3 0x8000b498 (0x00005f17) x30 0x80010498
core   0: 0x8000b49c (0xb63f2423) sw      gp, -1176(t5)
core   0: 3 0x8000b49c (0xb63f2423) mem 0x80010000 0x00000001
core   0: 0x8000b4a0 (0x0000bfe5) c.j     pc - 8
core   0: 3 0x8000b4a0 (0xbfe5)
core   0: 0x8000b498 (0x00005f17) auipc   t5, 0x5
core   0: 3 0x8000b498 (0x00005f17) x30 0x80010498
core   0: 0x8000b49c (0xb63f2423) sw      gp, -1176(t5)
core   0: 3 0x8000b49c (0xb63f2423) mem 0x80010000 0x00000001
core   0: 0x8000b4a0 (0x0000bfe5) c.j     pc - 8
core   0: 3 0x8000b4a0 (0xbfe5)
core   0: 0x8000b498 (0x00005f17) auipc   t5, 0x5
core   0: 3 0x8000b498 (0x00005f17) x30 0x80010498
core   0: 0x8000b49c (0xb63f2423) sw      gp, -1176(t5)
core   0: 3 0x8000b49c (0xb63f2423) mem 0x80010000 0x00000001
core   0: 0x8000b4a0 (0x0000bfe5) c.j     pc - 8
core   0: 3 0x8000b4a0 (0xbfe5)
core   0: 0x8000b498 (0x00005f17) auipc   t5, 0x5
core   0: 3 0x8000b498 (0x00005f17) x30 0x80010498
core   0: 0x8000b49c (0xb63f2423) sw      gp, -1176(t5)
core   0: 3 0x8000b49c (0xb63f2423) mem 0x80010000 0x00000001
core   0: 0x8000b4a0 (0x0000bfe5) c.j     pc - 8
core   0: 3 0x8000b4a0 (0xbfe5)
core   0: 0x8000b498 (0x00005f17) auipc   t5, 0x5
core   0: 3 0x8000b498 (0x00005f17) x30 0x80010498
core   0: 0x8000b49c (0xb63f2423) sw      gp, -1176(t5)
core   0: 3 0x8000b49c (0xb63f2423) mem 0x80010000 0x00000001
core   0: 0x8000b4a0 (0x0000bfe5) c.j     pc - 8
core   0: 3 0x8000b4a0 (0xbfe5)
core   0: 0x8000b498 (0x00005f17) auipc   t5, 0x5
core   0: 3 0x8000b498 (0x00005f17) x30 0x80010498
core   0: 0x8000b49c (0xb63f2423) sw      gp, -1176(t5)
core   0: 3 0x8000b49c (0xb63f2423) mem 0x80010000 0x00000001
core   0: 0x8000b4a0 (0x0000bfe5) c.j     pc - 8
core   0: 3 0x8000b4a0 (0xbfe5)
core   0: 0x8000b498 (0x00005f17) auipc   t5, 0x5
core   0: 3 0x8000b498 (0x00005f17) x30 0x80010498
core   0: 0x8000b49c (0xb63f2423) sw      gp, -1176(t5)
core   0: 3 0x8000b49c (0xb63f2423) mem 0x80010000 0x00000001
core   0: 0x8000b4a0 (0x0000bfe5) c.j     pc - 8
core   0: 3 0x8000b4a0 (0xbfe5)
core   0: 0x8000b498 (0x00005f17) auipc   t5, 0x5
core   0: 3 0x8000b498 (0x00005f17) x30 0x80010498
core   0: 0x8000b49c (0xb63f2423) sw      gp, -1176(t5)
core   0: 3 0x8000b49c (0xb63f2423) mem 0x80010000 0x00000001
core   0: 0x8000b4a0 (0x0000bfe5) c.j     pc - 8
core   0: 3 0x8000b4a0 (0xbfe5)
core   0: 0x8000b498 (0x00005f17) auipc   t5, 0x5
core   0: 3 0x8000b498 (0x00005f17) x30 0x80010498
core   0: 0x8000b49c (0xb63f2423) sw      gp, -1176(t5)
core   0: 3 0x8000b49c (0xb63f2423) mem 0x80010000 0x00000001
core   0: 0x8000b4a0 (0x0000bfe5) c.j     pc - 8
core   0: 3 0x8000b4a0 (0xbfe5)
core   0: 0x8000b498 (0x00005f17) auipc   t5, 0x5
core   0: 3 0x8000b498 (0x00005f17) x30 0x80010498
core   0: 0x8000b49c (0xb63f2423) sw      gp, -1176(t5)
core   0: 3 0x8000b49c (0xb63f2423) mem 0x80010000 0x00000001
core   0: 0x8000b4a0 (0x0000bfe5) c.j     pc - 8
core   0: 3 0x8000b4a0 (0xbfe5)
core   0: 0x8000b498 (0x00005f17) auipc   t5, 0x5
core   0: 3 0x8000b498 (0x00005f17) x30 0x80010498
core   0: 0x8000b49c (0xb63f2423) sw      gp, -1176(t5)
core   0: 3 0x8000b49c (0xb63f2423) mem 0x80010000 0x00000001
core   0: 0x8000b4a0 (0x0000bfe5) c.j     pc - 8
core   0: 3 0x8000b4a0 (0xbfe5)
core   0: 0x8000b498 (0x00005f17) auipc   t5, 0x5
core   0: 3 0x8000b498 (0x00005f17) x30 0x80010498
core   0: 0x8000b49c (0xb63f2423) sw      gp, -1176(t5)
core   0: 3 0x8000b49c (0xb63f2423) mem 0x80010000 0x00000001
core   0: 0x8000b4a0 (0x0000bfe5) c.j     pc - 8
core   0: 3 0x8000b4a0 (0xbfe5)
core   0: 0x8000b498 (0x00005f17) auipc   t5, 0x5
core   0: 3 0x8000b498 (0x00005f17) x30 0x80010498
core   0: 0x8000b49c (0xb63f2423) sw      gp, -1176(t5)
core   0: 3 0x8000b49c (0xb63f2423) mem 0x80010000 0x00000001
core   0: 0x8000b4a0 (0x0000bfe5) c.j     pc - 8
core   0: 3 0x8000b4a0 (0xbfe5)
core   0: 0x8000b498 (0x00005f17) auipc   t5, 0x5
core   0: 3 0x8000b498 (0x00005f17) x30 0x80010498
core   0: 0x8000b49c (0xb63f2423) sw      gp, -1176(t5)
core   0: 3 0x8000b49c (0xb63f2423) mem 0x80010000 0x00000001
core   0: 0x8000b4a0 (0x0000bfe5) c.j     pc - 8
core   0: 3 0x8000b4a0 (0xbfe5)
core   0: 0x8000b498 (0x00005f17) auipc   t5, 0x5
core   0: 3 0x8000b498 (0x00005f17) x30 0x80010498
core   0: 0x8000b49c (0xb63f2423) sw      gp, -1176(t5)
core   0: 3 0x8000b49c (0xb63f2423) mem 0x80010000 0x00000001
core   0: 0x8000b4a0 (0x0000bfe5) c.j     pc - 8
core   0: 3 0x8000b4a0 (0xbfe5)
core   0: 0x8000b498 (0x00005f17) auipc   t5, 0x5
core   0: 3 0x8000b498 (0x00005f17) x30 0x80010498
core   0: 0x8000b49c (0xb63f2423) sw      gp, -1176(t5)
core   0: 3 0x8000b49c (0xb63f2423) mem 0x80010000 0x00000001
core   0: 0x8000b4a0 (0x0000bfe5) c.j     pc - 8
core   0: 3 0x8000b4a0 (0xbfe5)
core   0: 0x8000b498 (0x00005f17) auipc   t5, 0x5
core   0: 3 0x8000b498 (0x00005f17) x30 0x80010498
core   0: 0x8000b49c (0xb63f2423) sw      gp, -1176(t5)
core   0: 3 0x8000b49c (0xb63f2423) mem 0x80010000 0x00000001
core   0: 0x8000b4a0 (0x0000bfe5) c.j     pc - 8
core   0: 3 0x8000b4a0 (0xbfe5)
core   0: 0x8000b498 (0x00005f17) auipc   t5, 0x5
core   0: 3 0x8000b498 (0x00005f17) x30 0x80010498
core   0: 0x8000b49c (0xb63f2423) sw      gp, -1176(t5)
core   0: 3 0x8000b49c (0xb63f2423) mem 0x80010000 0x00000001
core   0: 0x8000b4a0 (0x0000bfe5) c.j     pc - 8
core   0: 3 0x8000b4a0 (0xbfe5)
core   0: 0x8000b498 (0x00005f17) auipc   t5, 0x5
core   0: 3 0x8000b498 (0x00005f17) x30 0x80010498
core   0: 0x8000b49c (0xb63f2423) sw      gp, -1176(t5)
core   0: 3 0x8000b49c (0xb63f2423) mem 0x80010000 0x00000001
core   0: 0x8000b4a0 (0x0000bfe5) c.j     pc - 8
core   0: 3 0x8000b4a0 (0xbfe5)
core   0: 0x8000b498 (0x00005f17) auipc   t5, 0x5
core   0: 3 0x8000b498 (0x00005f17) x30 0x80010498
core   0: 0x8000b49c (0xb63f2423) sw      gp, -1176(t5)
core   0: 3 0x8000b49c (0xb63f2423) mem 0x80010000 0x00000001
core   0: 0x8000b4a0 (0x0000bfe5) c.j     pc - 8
core   0: 3 0x8000b4a0 (0xbfe5)
core   0: 0x8000b498 (0x00005f17) auipc   t5, 0x5
core   0: 3 0x8000b498 (0x00005f17) x30 0x80010498
core   0: 0x8000b49c (0xb63f2423) sw      gp, -1176(t5)
core   0: 3 0x8000b49c (0xb63f2423) mem 0x80010000 0x00000001
core   0: 0x8000b4a0 (0x0000bfe5) c.j     pc - 8
core   0: 3 0x8000b4a0 (0xbfe5)
core   0: 0x8000b498 (0x00005f17) auipc   t5, 0x5
core   0: 3 0x8000b498 (0x00005f17) x30 0x80010498
core   0: 0x8000b49c (0xb63f2423) sw      gp, -1176(t5)
core   0: 3 0x8000b49c (0xb63f2423) mem 0x80010000 0x00000001
core   0: 0x8000b4a0 (0x0000bfe5) c.j     pc - 8
core   0: 3 0x8000b4a0 (0xbfe5)
core   0: 0x8000b498 (0x00005f17) auipc   t5, 0x5
core   0: 3 0x8000b498 (0x00005f17) x30 0x80010498
core   0: 0x8000b49c (0xb63f2423) sw      gp, -1176(t5)
core   0: 3 0x8000b49c (0xb63f2423) mem 0x80010000 0x00000001
core   0: 0x8000b4a0 (0x0000bfe5) c.j     pc - 8
core   0: 3 0x8000b4a0 (0xbfe5)
core   0: 0x8000b498 (0x00005f17) auipc   t5, 0x5
core   0: 3 0x8000b498 (0x00005f17) x30 0x80010498
core   0: 0x8000b49c (0xb63f2423) sw      gp, -1176(t5)
core   0: 3 0x8000b49c (0xb63f2423) mem 0x80010000 0x00000001
core   0: 0x8000b4a0 (0x0000bfe5) c.j     pc - 8
core   0: 3 0x8000b4a0 (0xbfe5)
core   0: 0x8000b498 (0x00005f17) auipc   t5, 0x5
core   0: 3 0x8000b498 (0x00005f17) x30 0x80010498
core   0: 0x8000b49c (0xb63f2423) sw      gp, -1176(t5)
core   0: 3 0x8000b49c (0xb63f2423) mem 0x80010000 0x00000001
core   0: 0x8000b4a0 (0x0000bfe5) c.j     pc - 8
core   0: 3 0x8000b4a0 (0xbfe5)
core   0: 0x8000b498 (0x00005f17) auipc   t5, 0x5
core   0: 3 0x8000b498 (0x00005f17) x30 0x80010498
core   0: 0x8000b49c (0xb63f2423) sw      gp, -1176(t5)
core   0: 3 0x8000b49c (0xb63f2423) mem 0x80010000 0x00000001
core   0: 0x8000b4a0 (0x0000bfe5) c.j     pc - 8
core   0: 3 0x8000b4a0 (0xbfe5)
core   0: 0x8000b498 (0x00005f17) auipc   t5, 0x5
core   0: 3 0x8000b498 (0x00005f17) x30 0x80010498
core   0: 0x8000b49c (0xb63f2423) sw      gp, -1176(t5)
core   0: 3 0x8000b49c (0xb63f2423) mem 0x80010000 0x00000001
core   0: 0x8000b4a0 (0x0000bfe5) c.j     pc - 8
core   0: 3 0x8000b4a0 (0xbfe5)
core   0: 0x8000b498 (0x00005f17) auipc   t5, 0x5
core   0: 3 0x8000b498 (0x00005f17) x30 0x80010498
core   0: 0x8000b49c (0xb63f2423) sw      gp, -1176(t5)
core   0: 3 0x8000b49c (0xb63f2423) mem 0x80010000 0x00000001
core   0: 0x8000b4a0 (0x0000bfe5) c.j     pc - 8
core   0: 3 0x8000b4a0 (0xbfe5)
core   0: 0x8000b498 (0x00005f17) auipc   t5, 0x5
core   0: 3 0x8000b498 (0x00005f17) x30 0x80010498
core   0: 0x8000b49c (0xb63f2423) sw      gp, -1176(t5)
core   0: 3 0x8000b49c (0xb63f2423) mem 0x80010000 0x00000001
core   0: 0x8000b4a0 (0x0000bfe5) c.j     pc - 8
core   0: 3 0x8000b4a0 (0xbfe5)
core   0: 0x8000b498 (0x00005f17) auipc   t5, 0x5
core   0: 3 0x8000b498 (0x00005f17) x30 0x80010498
core   0: 0x8000b49c (0xb63f2423) sw      gp, -1176(t5)
core   0: 3 0x8000b49c (0xb63f2423) mem 0x80010000 0x00000001
core   0: 0x8000b4a0 (0x0000bfe5) c.j     pc - 8
core   0: 3 0x8000b4a0 (0xbfe5)
core   0: 0x8000b498 (0x00005f17) auipc   t5, 0x5
core   0: 3 0x8000b498 (0x00005f17) x30 0x80010498
core   0: 0x8000b49c (0xb63f2423) sw      gp, -1176(t5)
core   0: 3 0x8000b49c (0xb63f2423) mem 0x80010000 0x00000001
core   0: 0x8000b4a0 (0x0000bfe5) c.j     pc - 8
core   0: 3 0x8000b4a0 (0xbfe5)
core   0: 0x8000b498 (0x00005f17) auipc   t5, 0x5
core   0: 3 0x8000b498 (0x00005f17) x30 0x80010498
core   0: 0x8000b49c (0xb63f2423) sw      gp, -1176(t5)
core   0: 3 0x8000b49c (0xb63f2423) mem 0x80010000 0x00000001
core   0: 0x8000b4a0 (0x0000bfe5) c.j     pc - 8
core   0: 3 0x8000b4a0 (0xbfe5)
core   0: 0x8000b498 (0x00005f17) auipc   t5, 0x5
core   0: 3 0x8000b498 (0x00005f17) x30 0x80010498
core   0: 0x8000b49c (0xb63f2423) sw      gp, -1176(t5)
core   0: 3 0x8000b49c (0xb63f2423) mem 0x80010000 0x00000001
core   0: 0x8000b4a0 (0x0000bfe5) c.j     pc - 8
core   0: 3 0x8000b4a0 (0xbfe5)
core   0: 0x8000b498 (0x00005f17) auipc   t5, 0x5
core   0: 3 0x8000b498 (0x00005f17) x30 0x80010498
core   0: 0x8000b49c (0xb63f2423) sw      gp, -1176(t5)
core   0: 3 0x8000b49c (0xb63f2423) mem 0x80010000 0x00000001
core   0: 0x8000b4a0 (0x0000bfe5) c.j     pc - 8
core   0: 3 0x8000b4a0 (0xbfe5)
core   0: 0x8000b498 (0x00005f17) auipc   t5, 0x5
core   0: 3 0x8000b498 (0x00005f17) x30 0x80010498
core   0: 0x8000b49c (0xb63f2423) sw      gp, -1176(t5)
core   0: 3 0x8000b49c (0xb63f2423) mem 0x80010000 0x00000001
core   0: 0x8000b4a0 (0x0000bfe5) c.j     pc - 8
core   0: 3 0x8000b4a0 (0xbfe5)
core   0: 0x8000b498 (0x00005f17) auipc   t5, 0x5
core   0: 3 0x8000b498 (0x00005f17) x30 0x80010498
core   0: 0x8000b49c (0xb63f2423) sw      gp, -1176(t5)
core   0: 3 0x8000b49c (0xb63f2423) mem 0x80010000 0x00000001
core   0: 0x8000b4a0 (0x0000bfe5) c.j     pc - 8
core   0: 3 0x8000b4a0 (0xbfe5)
core   0: 0x8000b498 (0x00005f17) auipc   t5, 0x5
core   0: 3 0x8000b498 (0x00005f17) x30 0x80010498
core   0: 0x8000b49c (0xb63f2423) sw      gp, -1176(t5)
core   0: 3 0x8000b49c (0xb63f2423) mem 0x80010000 0x00000001
core   0: 0x8000b4a0 (0x0000bfe5) c.j     pc - 8
core   0: 3 0x8000b4a0 (0xbfe5)
core   0: 0x8000b498 (0x00005f17) auipc   t5, 0x5
core   0: 3 0x8000b498 (0x00005f17) x30 0x80010498
core   0: 0x8000b49c (0xb63f2423) sw      gp, -1176(t5)
core   0: 3 0x8000b49c (0xb63f2423) mem 0x80010000 0x00000001
core   0: 0x8000b4a0 (0x0000bfe5) c.j     pc - 8
core   0: 3 0x8000b4a0 (0xbfe5)
core   0: 0x8000b498 (0x00005f17) auipc   t5, 0x5
core   0: 3 0x8000b498 (0x00005f17) x30 0x80010498
core   0: 0x8000b49c (0xb63f2423) sw      gp, -1176(t5)
core   0: 3 0x8000b49c (0xb63f2423) mem 0x80010000 0x00000001
core   0: 0x8000b4a0 (0x0000bfe5) c.j     pc - 8
core   0: 3 0x8000b4a0 (0xbfe5)
core   0: 0x8000b498 (0x00005f17) auipc   t5, 0x5
core   0: 3 0x8000b498 (0x00005f17) x30 0x80010498
core   0: 0x8000b49c (0xb63f2423) sw      gp, -1176(t5)
core   0: 3 0x8000b49c (0xb63f2423) mem 0x80010000 0x00000001
core   0: 0x8000b4a0 (0x0000bfe5) c.j     pc - 8
core   0: 3 0x8000b4a0 (0xbfe5)
core   0: 0x8000b498 (0x00005f17) auipc   t5, 0x5
core   0: 3 0x8000b498 (0x00005f17) x30 0x80010498
core   0: 0x8000b49c (0xb63f2423) sw      gp, -1176(t5)
core   0: 3 0x8000b49c (0xb63f2423) mem 0x80010000 0x00000001
core   0: 0x8000b4a0 (0x0000bfe5) c.j     pc - 8
core   0: 3 0x8000b4a0 (0xbfe5)
core   0: 0x8000b498 (0x00005f17) auipc   t5, 0x5
core   0: 3 0x8000b498 (0x00005f17) x30 0x80010498
core   0: 0x8000b49c (0xb63f2423) sw      gp, -1176(t5)
core   0: 3 0x8000b49c (0xb63f2423) mem 0x80010000 0x00000001
core   0: 0x8000b4a0 (0x0000bfe5) c.j     pc - 8
core   0: 3 0x8000b4a0 (0xbfe5)
core   0: 0x8000b498 (0x00005f17) auipc   t5, 0x5
core   0: 3 0x8000b498 (0x00005f17) x30 0x80010498
core   0: 0x8000b49c (0xb63f2423) sw      gp, -1176(t5)
core   0: 3 0x8000b49c (0xb63f2423) mem 0x80010000 0x00000001
core   0: 0x8000b4a0 (0x0000bfe5) c.j     pc - 8
core   0: 3 0x8000b4a0 (0xbfe5)
core   0: 0x8000b498 (0x00005f17) auipc   t5, 0x5
core   0: 3 0x8000b498 (0x00005f17) x30 0x80010498
core   0: 0x8000b49c (0xb63f2423) sw      gp, -1176(t5)
core   0: 3 0x8000b49c (0xb63f2423) mem 0x80010000 0x00000001
core   0: 0x8000b4a0 (0x0000bfe5) c.j     pc - 8
core   0: 3 0x8000b4a0 (0xbfe5)
core   0: 0x8000b498 (0x00005f17) auipc   t5, 0x5
core   0: 3 0x8000b498 (0x00005f17) x30 0x80010498
core   0: 0x8000b49c (0xb63f2423) sw      gp, -1176(t5)
core   0: 3 0x8000b49c (0xb63f2423) mem 0x80010000 0x00000001
core   0: 0x8000b4a0 (0x0000bfe5) c.j     pc - 8
core   0: 3 0x8000b4a0 (0xbfe5)
core   0: 0x8000b498 (0x00005f17) auipc   t5, 0x5
core   0: 3 0x8000b498 (0x00005f17) x30 0x80010498
core   0: 0x8000b49c (0xb63f2423) sw      gp, -1176(t5)
core   0: 3 0x8000b49c (0xb63f2423) mem 0x80010000 0x00000001
core   0: 0x8000b4a0 (0x0000bfe5) c.j     pc - 8
core   0: 3 0x8000b4a0 (0xbfe5)
core   0: 0x8000b498 (0x00005f17) auipc   t5, 0x5
core   0: 3 0x8000b498 (0x00005f17) x30 0x80010498
core   0: 0x8000b49c (0xb63f2423) sw      gp, -1176(t5)
core   0: 3 0x8000b49c (0xb63f2423) mem 0x80010000 0x00000001
core   0: 0x8000b4a0 (0x0000bfe5) c.j     pc - 8
core   0: 3 0x8000b4a0 (0xbfe5)
core   0: 0x8000b498 (0x00005f17) auipc   t5, 0x5
core   0: 3 0x8000b498 (0x00005f17) x30 0x80010498
core   0: 0x8000b49c (0xb63f2423) sw      gp, -1176(t5)
core   0: 3 0x8000b49c (0xb63f2423) mem 0x80010000 0x00000001
core   0: 0x8000b4a0 (0x0000bfe5) c.j     pc - 8
core   0: 3 0x8000b4a0 (0xbfe5)
core   0: 0x8000b498 (0x00005f17) auipc   t5, 0x5
core   0: 3 0x8000b498 (0x00005f17) x30 0x80010498
core   0: 0x8000b49c (0xb63f2423) sw      gp, -1176(t5)
core   0: 3 0x8000b49c (0xb63f2423) mem 0x80010000 0x00000001
core   0: 0x8000b4a0 (0x0000bfe5) c.j     pc - 8
core   0: 3 0x8000b4a0 (0xbfe5)
core   0: 0x8000b498 (0x00005f17) auipc   t5, 0x5
core   0: 3 0x8000b498 (0x00005f17) x30 0x80010498
core   0: 0x8000b49c (0xb63f2423) sw      gp, -1176(t5)
core   0: 3 0x8000b49c (0xb63f2423) mem 0x80010000 0x00000001
core   0: 0x8000b4a0 (0x0000bfe5) c.j     pc - 8
core   0: 3 0x8000b4a0 (0xbfe5)
core   0: 0x8000b498 (0x00005f17) auipc   t5, 0x5
core   0: 3 0x8000b498 (0x00005f17) x30 0x80010498
core   0: 0x8000b49c (0xb63f2423) sw      gp, -1176(t5)
core   0: 3 0x8000b49c (0xb63f2423) mem 0x80010000 0x00000001
core   0: 0x8000b4a0 (0x0000bfe5) c.j     pc - 8
core   0: 3 0x8000b4a0 (0xbfe5)
core   0: 0x8000b498 (0x00005f17) auipc   t5, 0x5
core   0: 3 0x8000b498 (0x00005f17) x30 0x80010498
core   0: 0x8000b49c (0xb63f2423) sw      gp, -1176(t5)
core   0: 3 0x8000b49c (0xb63f2423) mem 0x80010000 0x00000001
core   0: 0x8000b4a0 (0x0000bfe5) c.j     pc - 8
core   0: 3 0x8000b4a0 (0xbfe5)
core   0: 0x8000b498 (0x00005f17) auipc   t5, 0x5
core   0: 3 0x8000b498 (0x00005f17) x30 0x80010498
core   0: 0x8000b49c (0xb63f2423) sw      gp, -1176(t5)
core   0: 3 0x8000b49c (0xb63f2423) mem 0x80010000 0x00000001
core   0: 0x8000b4a0 (0x0000bfe5) c.j     pc - 8
core   0: 3 0x8000b4a0 (0xbfe5)
core   0: 0x8000b498 (0x00005f17) auipc   t5, 0x5
core   0: 3 0x8000b498 (0x00005f17) x30 0x80010498
core   0: 0x8000b49c (0xb63f2423) sw      gp, -1176(t5)
core   0: 3 0x8000b49c (0xb63f2423) mem 0x80010000 0x00000001
core   0: 0x8000b4a0 (0x0000bfe5) c.j     pc - 8
core   0: 3 0x8000b4a0 (0xbfe5)
core   0: 0x8000b498 (0x00005f17) auipc   t5, 0x5
core   0: 3 0x8000b498 (0x00005f17) x30 0x80010498
core   0: 0x8000b49c (0xb63f2423) sw      gp, -1176(t5)
core   0: 3 0x8000b49c (0xb63f2423) mem 0x80010000 0x00000001
core   0: 0x8000b4a0 (0x0000bfe5) c.j     pc - 8
core   0: 3 0x8000b4a0 (0xbfe5)
core   0: 0x8000b498 (0x00005f17) auipc   t5, 0x5
core   0: 3 0x8000b498 (0x00005f17) x30 0x80010498
core   0: 0x8000b49c (0xb63f2423) sw      gp, -1176(t5)
core   0: 3 0x8000b49c (0xb63f2423) mem 0x80010000 0x00000001
core   0: 0x8000b4a0 (0x0000bfe5) c.j     pc - 8
core   0: 3 0x8000b4a0 (0xbfe5)
core   0: 0x8000b498 (0x00005f17) auipc   t5, 0x5
core   0: 3 0x8000b498 (0x00005f17) x30 0x80010498
core   0: 0x8000b49c (0xb63f2423) sw      gp, -1176(t5)
core   0: 3 0x8000b49c (0xb63f2423) mem 0x80010000 0x00000001
core   0: 0x8000b4a0 (0x0000bfe5) c.j     pc - 8
core   0: 3 0x8000b4a0 (0xbfe5)
core   0: 0x8000b498 (0x00005f17) auipc   t5, 0x5
core   0: 3 0x8000b498 (0x00005f17) x30 0x80010498
core   0: 0x8000b49c (0xb63f2423) sw      gp, -1176(t5)
core   0: 3 0x8000b49c (0xb63f2423) mem 0x80010000 0x00000001
core   0: 0x8000b4a0 (0x0000bfe5) c.j     pc - 8
core   0: 3 0x8000b4a0 (0xbfe5)
core   0: 0x8000b498 (0x00005f17) auipc   t5, 0x5
core   0: 3 0x8000b498 (0x00005f17) x30 0x80010498
core   0: 0x8000b49c (0xb63f2423) sw      gp, -1176(t5)
core   0: 3 0x8000b49c (0xb63f2423) mem 0x80010000 0x00000001
core   0: 0x8000b4a0 (0x0000bfe5) c.j     pc - 8
core   0: 3 0x8000b4a0 (0xbfe5)
core   0: 0x8000b498 (0x00005f17) auipc   t5, 0x5
core   0: 3 0x8000b498 (0x00005f17) x30 0x80010498
core   0: 0x8000b49c (0xb63f2423) sw      gp, -1176(t5)
core   0: 3 0x8000b49c (0xb63f2423) mem 0x80010000 0x00000001
core   0: 0x8000b4a0 (0x0000bfe5) c.j     pc - 8
core   0: 3 0x8000b4a0 (0xbfe5)
core   0: 0x8000b498 (0x00005f17) auipc   t5, 0x5
core   0: 3 0x8000b498 (0x00005f17) x30 0x80010498
core   0: 0x8000b49c (0xb63f2423) sw      gp, -1176(t5)
core   0: 3 0x8000b49c (0xb63f2423) mem 0x80010000 0x00000001
core   0: 0x8000b4a0 (0x0000bfe5) c.j     pc - 8
core   0: 3 0x8000b4a0 (0xbfe5)
core   0: 0x8000b498 (0x00005f17) auipc   t5, 0x5
core   0: 3 0x8000b498 (0x00005f17) x30 0x80010498
core   0: 0x8000b49c (0xb63f2423) sw      gp, -1176(t5)
core   0: 3 0x8000b49c (0xb63f2423) mem 0x80010000 0x00000001
core   0: 0x8000b4a0 (0x0000bfe5) c.j     pc - 8
core   0: 3 0x8000b4a0 (0xbfe5)
core   0: 0x8000b498 (0x00005f17) auipc   t5, 0x5
core   0: 3 0x8000b498 (0x00005f17) x30 0x80010498
core   0: 0x8000b49c (0xb63f2423) sw      gp, -1176(t5)
core   0: 3 0x8000b49c (0xb63f2423) mem 0x80010000 0x00000001
core   0: 0x8000b4a0 (0x0000bfe5) c.j     pc - 8
core   0: 3 0x8000b4a0 (0xbfe5)
core   0: 0x8000b498 (0x00005f17) auipc   t5, 0x5
core   0: 3 0x8000b498 (0x00005f17) x30 0x80010498
core   0: 0x8000b49c (0xb63f2423) sw      gp, -1176(t5)
core   0: 3 0x8000b49c (0xb63f2423) mem 0x80010000 0x00000001
core   0: 0x8000b4a0 (0x0000bfe5) c.j     pc - 8
core   0: 3 0x8000b4a0 (0xbfe5)
core   0: 0x8000b498 (0x00005f17) auipc   t5, 0x5
core   0: 3 0x8000b498 (0x00005f17) x30 0x80010498
core   0: 0x8000b49c (0xb63f2423) sw      gp, -1176(t5)
core   0: 3 0x8000b49c (0xb63f2423) mem 0x80010000 0x00000001
core   0: 0x8000b4a0 (0x0000bfe5) c.j     pc - 8
core   0: 3 0x8000b4a0 (0xbfe5)
core   0: 0x8000b498 (0x00005f17) auipc   t5, 0x5
core   0: 3 0x8000b498 (0x00005f17) x30 0x80010498
core   0: 0x8000b49c (0xb63f2423) sw      gp, -1176(t5)
core   0: 3 0x8000b49c (0xb63f2423) mem 0x80010000 0x00000001
core   0: 0x8000b4a0 (0x0000bfe5) c.j     pc - 8
core   0: 3 0x8000b4a0 (0xbfe5)
core   0: 0x8000b498 (0x00005f17) auipc   t5, 0x5
core   0: 3 0x8000b498 (0x00005f17) x30 0x80010498
core   0: 0x8000b49c (0xb63f2423) sw      gp, -1176(t5)
core   0: 3 0x8000b49c (0xb63f2423) mem 0x80010000 0x00000001
core   0: 0x8000b4a0 (0x0000bfe5) c.j     pc - 8
core   0: 3 0x8000b4a0 (0xbfe5)
core   0: 0x8000b498 (0x00005f17) auipc   t5, 0x5
core   0: 3 0x8000b498 (0x00005f17) x30 0x80010498
core   0: 0x8000b49c (0xb63f2423) sw      gp, -1176(t5)
core   0: 3 0x8000b49c (0xb63f2423) mem 0x80010000 0x00000001
core   0: 0x8000b4a0 (0x0000bfe5) c.j     pc - 8
core   0: 3 0x8000b4a0 (0xbfe5)
core   0: 0x8000b498 (0x00005f17) auipc   t5, 0x5
core   0: 3 0x8000b498 (0x00005f17) x30 0x80010498
core   0: 0x8000b49c (0xb63f2423) sw      gp, -1176(t5)
core   0: 3 0x8000b49c (0xb63f2423) mem 0x80010000 0x00000001
core   0: 0x8000b4a0 (0x0000bfe5) c.j     pc - 8
core   0: 3 0x8000b4a0 (0xbfe5)
core   0: 0x8000b498 (0x00005f17) auipc   t5, 0x5
core   0: 3 0x8000b498 (0x00005f17) x30 0x80010498
core   0: 0x8000b49c (0xb63f2423) sw      gp, -1176(t5)
core   0: 3 0x8000b49c (0xb63f2423) mem 0x80010000 0x00000001
core   0: 0x8000b4a0 (0x0000bfe5) c.j     pc - 8
core   0: 3 0x8000b4a0 (0xbfe5)
core   0: 0x8000b498 (0x00005f17) auipc   t5, 0x5
core   0: 3 0x8000b498 (0x00005f17) x30 0x80010498
core   0: 0x8000b49c (0xb63f2423) sw      gp, -1176(t5)
core   0: 3 0x8000b49c (0xb63f2423) mem 0x80010000 0x00000001
core   0: 0x8000b4a0 (0x0000bfe5) c.j     pc - 8
core   0: 3 0x8000b4a0 (0xbfe5)
core   0: 0x8000b498 (0x00005f17) auipc   t5, 0x5
core   0: 3 0x8000b498 (0x00005f17) x30 0x80010498
core   0: 0x8000b49c (0xb63f2423) sw      gp, -1176(t5)
core   0: 3 0x8000b49c (0xb63f2423) mem 0x80010000 0x00000001
core   0: 0x8000b4a0 (0x0000bfe5) c.j     pc - 8
core   0: 3 0x8000b4a0 (0xbfe5)
core   0: 0x8000b498 (0x00005f17) auipc   t5, 0x5
core   0: 3 0x8000b498 (0x00005f17) x30 0x80010498
core   0: 0x8000b49c (0xb63f2423) sw      gp, -1176(t5)
core   0: 3 0x8000b49c (0xb63f2423) mem 0x80010000 0x00000001
core   0: 0x8000b4a0 (0x0000bfe5) c.j     pc - 8
core   0: 3 0x8000b4a0 (0xbfe5)
core   0: 0x8000b498 (0x00005f17) auipc   t5, 0x5
core   0: 3 0x8000b498 (0x00005f17) x30 0x80010498
core   0: 0x8000b49c (0xb63f2423) sw      gp, -1176(t5)
core   0: 3 0x8000b49c (0xb63f2423) mem 0x80010000 0x00000001
core   0: 0x8000b4a0 (0x0000bfe5) c.j     pc - 8
core   0: 3 0x8000b4a0 (0xbfe5)
core   0: 0x8000b498 (0x00005f17) auipc   t5, 0x5
core   0: 3 0x8000b498 (0x00005f17) x30 0x80010498
core   0: 0x8000b49c (0xb63f2423) sw      gp, -1176(t5)
core   0: 3 0x8000b49c (0xb63f2423) mem 0x80010000 0x00000001
core   0: 0x8000b4a0 (0x0000bfe5) c.j     pc - 8
core   0: 3 0x8000b4a0 (0xbfe5)
core   0: 0x8000b498 (0x00005f17) auipc   t5, 0x5
core   0: 3 0x8000b498 (0x00005f17) x30 0x80010498
core   0: 0x8000b49c (0xb63f2423) sw      gp, -1176(t5)
core   0: 3 0x8000b49c (0xb63f2423) mem 0x80010000 0x00000001
core   0: 0x8000b4a0 (0x0000bfe5) c.j     pc - 8
core   0: 3 0x8000b4a0 (0xbfe5)
core   0: 0x8000b498 (0x00005f17) auipc   t5, 0x5
core   0: 3 0x8000b498 (0x00005f17) x30 0x80010498
core   0: 0x8000b49c (0xb63f2423) sw      gp, -1176(t5)
core   0: 3 0x8000b49c (0xb63f2423) mem 0x80010000 0x00000001
core   0: 0x8000b4a0 (0x0000bfe5) c.j     pc - 8
core   0: 3 0x8000b4a0 (0xbfe5)
core   0: 0x8000b498 (0x00005f17) auipc   t5, 0x5
core   0: 3 0x8000b498 (0x00005f17) x30 0x80010498
core   0: 0x8000b49c (0xb63f2423) sw      gp, -1176(t5)
core   0: 3 0x8000b49c (0xb63f2423) mem 0x80010000 0x00000001
core   0: 0x8000b4a0 (0x0000bfe5) c.j     pc - 8
core   0: 3 0x8000b4a0 (0xbfe5)
core   0: 0x8000b498 (0x00005f17) auipc   t5, 0x5
core   0: 3 0x8000b498 (0x00005f17) x30 0x80010498
core   0: 0x8000b49c (0xb63f2423) sw      gp, -1176(t5)
core   0: 3 0x8000b49c (0xb63f2423) mem 0x80010000 0x00000001
core   0: 0x8000b4a0 (0x0000bfe5) c.j     pc - 8
core   0: 3 0x8000b4a0 (0xbfe5)
core   0: 0x8000b498 (0x00005f17) auipc   t5, 0x5
core   0: 3 0x8000b498 (0x00005f17) x30 0x80010498
core   0: 0x8000b49c (0xb63f2423) sw      gp, -1176(t5)
core   0: 3 0x8000b49c (0xb63f2423) mem 0x80010000 0x00000001
core   0: 0x8000b4a0 (0x0000bfe5) c.j     pc - 8
core   0: 3 0x8000b4a0 (0xbfe5)
core   0: 0x8000b498 (0x00005f17) auipc   t5, 0x5
core   0: 3 0x8000b498 (0x00005f17) x30 0x80010498
core   0: 0x8000b49c (0xb63f2423) sw      gp, -1176(t5)
core   0: 3 0x8000b49c (0xb63f2423) mem 0x80010000 0x00000001
core   0: 0x8000b4a0 (0x0000bfe5) c.j     pc - 8
core   0: 3 0x8000b4a0 (0xbfe5)
core   0: 0x8000b498 (0x00005f17) auipc   t5, 0x5
core   0: 3 0x8000b498 (0x00005f17) x30 0x80010498
core   0: 0x8000b49c (0xb63f2423) sw      gp, -1176(t5)
core   0: 3 0x8000b49c (0xb63f2423) mem 0x80010000 0x00000001
core   0: 0x8000b4a0 (0x0000bfe5) c.j     pc - 8
core   0: 3 0x8000b4a0 (0xbfe5)
core   0: 0x8000b498 (0x00005f17) auipc   t5, 0x5
core   0: 3 0x8000b498 (0x00005f17) x30 0x80010498
core   0: 0x8000b49c (0xb63f2423) sw      gp, -1176(t5)
core   0: 3 0x8000b49c (0xb63f2423) mem 0x80010000 0x00000001
core   0: 0x8000b4a0 (0x0000bfe5) c.j     pc - 8
core   0: 3 0x8000b4a0 (0xbfe5)
core   0: 0x8000b498 (0x00005f17) auipc   t5, 0x5
core   0: 3 0x8000b498 (0x00005f17) x30 0x80010498
core   0: 0x8000b49c (0xb63f2423) sw      gp, -1176(t5)
core   0: 3 0x8000b49c (0xb63f2423) mem 0x80010000 0x00000001
core   0: 0x8000b4a0 (0x0000bfe5) c.j     pc - 8
core   0: 3 0x8000b4a0 (0xbfe5)
core   0: 0x8000b498 (0x00005f17) auipc   t5, 0x5
core   0: 3 0x8000b498 (0x00005f17) x30 0x80010498
core   0: 0x8000b49c (0xb63f2423) sw      gp, -1176(t5)
core   0: 3 0x8000b49c (0xb63f2423) mem 0x80010000 0x00000001
core   0: 0x8000b4a0 (0x0000bfe5) c.j     pc - 8
core   0: 3 0x8000b4a0 (0xbfe5)
core   0: 0x8000b498 (0x00005f17) auipc   t5, 0x5
core   0: 3 0x8000b498 (0x00005f17) x30 0x80010498
core   0: 0x8000b49c (0xb63f2423) sw      gp, -1176(t5)
core   0: 3 0x8000b49c (0xb63f2423) mem 0x80010000 0x00000001
core   0: 0x8000b4a0 (0x0000bfe5) c.j     pc - 8
core   0: 3 0x8000b4a0 (0xbfe5)
core   0: 0x8000b498 (0x00005f17) auipc   t5, 0x5
core   0: 3 0x8000b498 (0x00005f17) x30 0x80010498
core   0: 0x8000b49c (0xb63f2423) sw      gp, -1176(t5)
core   0: 3 0x8000b49c (0xb63f2423) mem 0x80010000 0x00000001
core   0: 0x8000b4a0 (0x0000bfe5) c.j     pc - 8
core   0: 3 0x8000b4a0 (0xbfe5)
core   0: 0x8000b498 (0x00005f17) auipc   t5, 0x5
core   0: 3 0x8000b498 (0x00005f17) x30 0x80010498
core   0: 0x8000b49c (0xb63f2423) sw      gp, -1176(t5)
core   0: 3 0x8000b49c (0xb63f2423) mem 0x80010000 0x00000001
core   0: 0x8000b4a0 (0x0000bfe5) c.j     pc - 8
core   0: 3 0x8000b4a0 (0xbfe5)
core   0: 0x8000b498 (0x00005f17) auipc   t5, 0x5
core   0: 3 0x8000b498 (0x00005f17) x30 0x80010498
core   0: 0x8000b49c (0xb63f2423) sw      gp, -1176(t5)
core   0: 3 0x8000b49c (0xb63f2423) mem 0x80010000 0x00000001
core   0: 0x8000b4a0 (0x0000bfe5) c.j     pc - 8
core   0: 3 0x8000b4a0 (0xbfe5)
core   0: 0x8000b498 (0x00005f17) auipc   t5, 0x5
core   0: 3 0x8000b498 (0x00005f17) x30 0x80010498
core   0: 0x8000b49c (0xb63f2423) sw      gp, -1176(t5)
core   0: 3 0x8000b49c (0xb63f2423) mem 0x80010000 0x00000001
core   0: 0x8000b4a0 (0x0000bfe5) c.j     pc - 8
core   0: 3 0x8000b4a0 (0xbfe5)
core   0: 0x8000b498 (0x00005f17) auipc   t5, 0x5
core   0: 3 0x8000b498 (0x00005f17) x30 0x80010498
core   0: 0x8000b49c (0xb63f2423) sw      gp, -1176(t5)
core   0: 3 0x8000b49c (0xb63f2423) mem 0x80010000 0x00000001
core   0: 0x8000b4a0 (0x0000bfe5) c.j     pc - 8
core   0: 3 0x8000b4a0 (0xbfe5)
core   0: 0x8000b498 (0x00005f17) auipc   t5, 0x5
core   0: 3 0x8000b498 (0x00005f17) x30 0x80010498
core   0: 0x8000b49c (0xb63f2423) sw      gp, -1176(t5)
core   0: 3 0x8000b49c (0xb63f2423) mem 0x80010000 0x00000001
core   0: 0x8000b4a0 (0x0000bfe5) c.j     pc - 8
core   0: 3 0x8000b4a0 (0xbfe5)
core   0: 0x8000b498 (0x00005f17) auipc   t5, 0x5
core   0: 3 0x8000b498 (0x00005f17) x30 0x80010498
core   0: 0x8000b49c (0xb63f2423) sw      gp, -1176(t5)
core   0: 3 0x8000b49c (0xb63f2423) mem 0x80010000 0x00000001
core   0: 0x8000b4a0 (0x0000bfe5) c.j     pc - 8
core   0: 3 0x8000b4a0 (0xbfe5)
core   0: 0x8000b498 (0x00005f17) auipc   t5, 0x5
core   0: 3 0x8000b498 (0x00005f17) x30 0x80010498
core   0: 0x8000b49c (0xb63f2423) sw      gp, -1176(t5)
core   0: 3 0x8000b49c (0xb63f2423) mem 0x80010000 0x00000001
core   0: 0x8000b4a0 (0x0000bfe5) c.j     pc - 8
core   0: 3 0x8000b4a0 (0xbfe5)
core   0: 0x8000b498 (0x00005f17) auipc   t5, 0x5
core   0: 3 0x8000b498 (0x00005f17) x30 0x80010498
core   0: 0x8000b49c (0xb63f2423) sw      gp, -1176(t5)
core   0: 3 0x8000b49c (0xb63f2423) mem 0x80010000 0x00000001
core   0: 0x8000b4a0 (0x0000bfe5) c.j     pc - 8
core   0: 3 0x8000b4a0 (0xbfe5)
core   0: 0x8000b498 (0x00005f17) auipc   t5, 0x5
core   0: 3 0x8000b498 (0x00005f17) x30 0x80010498
core   0: 0x8000b49c (0xb63f2423) sw      gp, -1176(t5)
core   0: 3 0x8000b49c (0xb63f2423) mem 0x80010000 0x00000001
core   0: 0x8000b4a0 (0x0000bfe5) c.j     pc - 8
core   0: 3 0x8000b4a0 (0xbfe5)
core   0: 0x8000b498 (0x00005f17) auipc   t5, 0x5
core   0: 3 0x8000b498 (0x00005f17) x30 0x80010498
core   0: 0x8000b49c (0xb63f2423) sw      gp, -1176(t5)
core   0: 3 0x8000b49c (0xb63f2423) mem 0x80010000 0x00000001
core   0: 0x8000b4a0 (0x0000bfe5) c.j     pc - 8
core   0: 3 0x8000b4a0 (0xbfe5)
core   0: 0x8000b498 (0x00005f17) auipc   t5, 0x5
core   0: 3 0x8000b498 (0x00005f17) x30 0x80010498
core   0: 0x8000b49c (0xb63f2423) sw      gp, -1176(t5)
core   0: 3 0x8000b49c (0xb63f2423) mem 0x80010000 0x00000001
core   0: 0x8000b4a0 (0x0000bfe5) c.j     pc - 8
core   0: 3 0x8000b4a0 (0xbfe5)
core   0: 0x8000b498 (0x00005f17) auipc   t5, 0x5
core   0: 3 0x8000b498 (0x00005f17) x30 0x80010498
core   0: 0x8000b49c (0xb63f2423) sw      gp, -1176(t5)
core   0: 3 0x8000b49c (0xb63f2423) mem 0x80010000 0x00000001
core   0: 0x8000b4a0 (0x0000bfe5) c.j     pc - 8
core   0: 3 0x8000b4a0 (0xbfe5)
core   0: 0x8000b498 (0x00005f17) auipc   t5, 0x5
core   0: 3 0x8000b498 (0x00005f17) x30 0x80010498
core   0: 0x8000b49c (0xb63f2423) sw      gp, -1176(t5)
core   0: 3 0x8000b49c (0xb63f2423) mem 0x80010000 0x00000001
core   0: 0x8000b4a0 (0x0000bfe5) c.j     pc - 8
core   0: 3 0x8000b4a0 (0xbfe5)
core   0: 0x8000b498 (0x00005f17) auipc   t5, 0x5
core   0: 3 0x8000b498 (0x00005f17) x30 0x80010498
core   0: 0x8000b49c (0xb63f2423) sw      gp, -1176(t5)
core   0: 3 0x8000b49c (0xb63f2423) mem 0x80010000 0x00000001
core   0: 0x8000b4a0 (0x0000bfe5) c.j     pc - 8
core   0: 3 0x8000b4a0 (0xbfe5)
core   0: 0x8000b498 (0x00005f17) auipc   t5, 0x5
core   0: 3 0x8000b498 (0x00005f17) x30 0x80010498
core   0: 0x8000b49c (0xb63f2423) sw      gp, -1176(t5)
core   0: 3 0x8000b49c (0xb63f2423) mem 0x80010000 0x00000001
core   0: 0x8000b4a0 (0x0000bfe5) c.j     pc - 8
core   0: 3 0x8000b4a0 (0xbfe5)
core   0: 0x8000b498 (0x00005f17) auipc   t5, 0x5
core   0: 3 0x8000b498 (0x00005f17) x30 0x80010498
core   0: 0x8000b49c (0xb63f2423) sw      gp, -1176(t5)
core   0: 3 0x8000b49c (0xb63f2423) mem 0x80010000 0x00000001
core   0: 0x8000b4a0 (0x0000bfe5) c.j     pc - 8
core   0: 3 0x8000b4a0 (0xbfe5)
core   0: 0x8000b498 (0x00005f17) auipc   t5, 0x5
core   0: 3 0x8000b498 (0x00005f17) x30 0x80010498
core   0: 0x8000b49c (0xb63f2423) sw      gp, -1176(t5)
core   0: 3 0x8000b49c (0xb63f2423) mem 0x80010000 0x00000001
core   0: 0x8000b4a0 (0x0000bfe5) c.j     pc - 8
core   0: 3 0x8000b4a0 (0xbfe5)
core   0: 0x8000b498 (0x00005f17) auipc   t5, 0x5
core   0: 3 0x8000b498 (0x00005f17) x30 0x80010498
core   0: 0x8000b49c (0xb63f2423) sw      gp, -1176(t5)
core   0: 3 0x8000b49c (0xb63f2423) mem 0x80010000 0x00000001
core   0: 0x8000b4a0 (0x0000bfe5) c.j     pc - 8
core   0: 3 0x8000b4a0 (0xbfe5)
core   0: 0x8000b498 (0x00005f17) auipc   t5, 0x5
core   0: 3 0x8000b498 (0x00005f17) x30 0x80010498
core   0: 0x8000b49c (0xb63f2423) sw      gp, -1176(t5)
core   0: 3 0x8000b49c (0xb63f2423) mem 0x80010000 0x00000001
core   0: 0x8000b4a0 (0x0000bfe5) c.j     pc - 8
core   0: 3 0x8000b4a0 (0xbfe5)
core   0: 0x8000b498 (0x00005f17) auipc   t5, 0x5
core   0: 3 0x8000b498 (0x00005f17) x30 0x80010498
core   0: 0x8000b49c (0xb63f2423) sw      gp, -1176(t5)
core   0: 3 0x8000b49c (0xb63f2423) mem 0x80010000 0x00000001
core   0: 0x8000b4a0 (0x0000bfe5) c.j     pc - 8
core   0: 3 0x8000b4a0 (0xbfe5)
core   0: 0x8000b498 (0x00005f17) auipc   t5, 0x5
core   0: 3 0x8000b498 (0x00005f17) x30 0x80010498
core   0: 0x8000b49c (0xb63f2423) sw      gp, -1176(t5)
core   0: 3 0x8000b49c (0xb63f2423) mem 0x80010000 0x00000001
core   0: 0x8000b4a0 (0x0000bfe5) c.j     pc - 8
core   0: 3 0x8000b4a0 (0xbfe5)
core   0: 0x8000b498 (0x00005f17) auipc   t5, 0x5
core   0: 3 0x8000b498 (0x00005f17) x30 0x80010498
core   0: 0x8000b49c (0xb63f2423) sw      gp, -1176(t5)
core   0: 3 0x8000b49c (0xb63f2423) mem 0x80010000 0x00000001
core   0: 0x8000b4a0 (0x0000bfe5) c.j     pc - 8
core   0: 3 0x8000b4a0 (0xbfe5)
core   0: 0x8000b498 (0x00005f17) auipc   t5, 0x5
core   0: 3 0x8000b498 (0x00005f17) x30 0x80010498
core   0: 0x8000b49c (0xb63f2423) sw      gp, -1176(t5)
core   0: 3 0x8000b49c (0xb63f2423) mem 0x80010000 0x00000001
core   0: 0x8000b4a0 (0x0000bfe5) c.j     pc - 8
core   0: 3 0x8000b4a0 (0xbfe5)
core   0: 0x8000b498 (0x00005f17) auipc   t5, 0x5
core   0: 3 0x8000b498 (0x00005f17) x30 0x80010498
core   0: 0x8000b49c (0xb63f2423) sw      gp, -1176(t5)
core   0: 3 0x8000b49c (0xb63f2423) mem 0x80010000 0x00000001
core   0: 0x8000b4a0 (0x0000bfe5) c.j     pc - 8
core   0: 3 0x8000b4a0 (0xbfe5)
core   0: 0x8000b498 (0x00005f17) auipc   t5, 0x5
core   0: 3 0x8000b498 (0x00005f17) x30 0x80010498
core   0: 0x8000b49c (0xb63f2423) sw      gp, -1176(t5)
core   0: 3 0x8000b49c (0xb63f2423) mem 0x80010000 0x00000001
core   0: 0x8000b4a0 (0x0000bfe5) c.j     pc - 8
core   0: 3 0x8000b4a0 (0xbfe5)
core   0: 0x8000b498 (0x00005f17) auipc   t5, 0x5
core   0: 3 0x8000b498 (0x00005f17) x30 0x80010498
core   0: 0x8000b49c (0xb63f2423) sw      gp, -1176(t5)
core   0: 3 0x8000b49c (0xb63f2423) mem 0x80010000 0x00000001
core   0: 0x8000b4a0 (0x0000bfe5) c.j     pc - 8
core   0: 3 0x8000b4a0 (0xbfe5)
core   0: 0x8000b498 (0x00005f17) auipc   t5, 0x5
core   0: 3 0x8000b498 (0x00005f17) x30 0x80010498
core   0: 0x8000b49c (0xb63f2423) sw      gp, -1176(t5)
core   0: 3 0x8000b49c (0xb63f2423) mem 0x80010000 0x00000001
core   0: 0x8000b4a0 (0x0000bfe5) c.j     pc - 8
core   0: 3 0x8000b4a0 (0xbfe5)
core   0: 0x8000b498 (0x00005f17) auipc   t5, 0x5
core   0: 3 0x8000b498 (0x00005f17) x30 0x80010498
core   0: 0x8000b49c (0xb63f2423) sw      gp, -1176(t5)
core   0: 3 0x8000b49c (0xb63f2423) mem 0x80010000 0x00000001
core   0: 0x8000b4a0 (0x0000bfe5) c.j     pc - 8
core   0: 3 0x8000b4a0 (0xbfe5)
core   0: 0x8000b498 (0x00005f17) auipc   t5, 0x5
core   0: 3 0x8000b498 (0x00005f17) x30 0x80010498
core   0: 0x8000b49c (0xb63f2423) sw      gp, -1176(t5)
core   0: 3 0x8000b49c (0xb63f2423) mem 0x80010000 0x00000001
core   0: 0x8000b4a0 (0x0000bfe5) c.j     pc - 8
core   0: 3 0x8000b4a0 (0xbfe5)
core   0: 0x8000b498 (0x00005f17) auipc   t5, 0x5
core   0: 3 0x8000b498 (0x00005f17) x30 0x80010498
core   0: 0x8000b49c (0xb63f2423) sw      gp, -1176(t5)
core   0: 3 0x8000b49c (0xb63f2423) mem 0x80010000 0x00000001
core   0: 0x8000b4a0 (0x0000bfe5) c.j     pc - 8
core   0: 3 0x8000b4a0 (0xbfe5)
core   0: 0x8000b498 (0x00005f17) auipc   t5, 0x5
core   0: 3 0x8000b498 (0x00005f17) x30 0x80010498
core   0: 0x8000b49c (0xb63f2423) sw      gp, -1176(t5)
core   0: 3 0x8000b49c (0xb63f2423) mem 0x80010000 0x00000001
core   0: 0x8000b4a0 (0x0000bfe5) c.j     pc - 8
core   0: 3 0x8000b4a0 (0xbfe5)
core   0: 0x8000b498 (0x00005f17) auipc   t5, 0x5
core   0: 3 0x8000b498 (0x00005f17) x30 0x80010498
core   0: 0x8000b49c (0xb63f2423) sw      gp, -1176(t5)
core   0: 3 0x8000b49c (0xb63f2423) mem 0x80010000 0x00000001
core   0: 0x8000b4a0 (0x0000bfe5) c.j     pc - 8
core   0: 3 0x8000b4a0 (0xbfe5)
core   0: 0x8000b498 (0x00005f17) auipc   t5, 0x5
core   0: 3 0x8000b498 (0x00005f17) x30 0x80010498
core   0: 0x8000b49c (0xb63f2423) sw      gp, -1176(t5)
core   0: 3 0x8000b49c (0xb63f2423) mem 0x80010000 0x00000001
core   0: 0x8000b4a0 (0x0000bfe5) c.j     pc - 8
core   0: 3 0x8000b4a0 (0xbfe5)
core   0: 0x8000b498 (0x00005f17) auipc   t5, 0x5
core   0: 3 0x8000b498 (0x00005f17) x30 0x80010498
core   0: 0x8000b49c (0xb63f2423) sw      gp, -1176(t5)
core   0: 3 0x8000b49c (0xb63f2423) mem 0x80010000 0x00000001
core   0: 0x8000b4a0 (0x0000bfe5) c.j     pc - 8
core   0: 3 0x8000b4a0 (0xbfe5)
core   0: 0x8000b498 (0x00005f17) auipc   t5, 0x5
core   0: 3 0x8000b498 (0x00005f17) x30 0x80010498
core   0: 0x8000b49c (0xb63f2423) sw      gp, -1176(t5)
core   0: 3 0x8000b49c (0xb63f2423) mem 0x80010000 0x00000001
core   0: 0x8000b4a0 (0x0000bfe5) c.j     pc - 8
core   0: 3 0x8000b4a0 (0xbfe5)
core   0: 0x8000b498 (0x00005f17) auipc   t5, 0x5
core   0: 3 0x8000b498 (0x00005f17) x30 0x80010498
core   0: 0x8000b49c (0xb63f2423) sw      gp, -1176(t5)
core   0: 3 0x8000b49c (0xb63f2423) mem 0x80010000 0x00000001
core   0: 0x8000b4a0 (0x0000bfe5) c.j     pc - 8
core   0: 3 0x8000b4a0 (0xbfe5)
core   0: 0x8000b498 (0x00005f17) auipc   t5, 0x5
core   0: 3 0x8000b498 (0x00005f17) x30 0x80010498
core   0: 0x8000b49c (0xb63f2423) sw      gp, -1176(t5)
core   0: 3 0x8000b49c (0xb63f2423) mem 0x80010000 0x00000001
core   0: 0x8000b4a0 (0x0000bfe5) c.j     pc - 8
core   0: 3 0x8000b4a0 (0xbfe5)
core   0: 0x8000b498 (0x00005f17) auipc   t5, 0x5
core   0: 3 0x8000b498 (0x00005f17) x30 0x80010498
core   0: 0x8000b49c (0xb63f2423) sw      gp, -1176(t5)
core   0: 3 0x8000b49c (0xb63f2423) mem 0x80010000 0x00000001
core   0: 0x8000b4a0 (0x0000bfe5) c.j     pc - 8
core   0: 3 0x8000b4a0 (0xbfe5)
core   0: 0x8000b498 (0x00005f17) auipc   t5, 0x5
core   0: 3 0x8000b498 (0x00005f17) x30 0x80010498
core   0: 0x8000b49c (0xb63f2423) sw      gp, -1176(t5)
core   0: 3 0x8000b49c (0xb63f2423) mem 0x80010000 0x00000001
core   0: 0x8000b4a0 (0x0000bfe5) c.j     pc - 8
core   0: 3 0x8000b4a0 (0xbfe5)
core   0: 0x8000b498 (0x00005f17) auipc   t5, 0x5
core   0: 3 0x8000b498 (0x00005f17) x30 0x80010498
core   0: 0x8000b49c (0xb63f2423) sw      gp, -1176(t5)
core   0: 3 0x8000b49c (0xb63f2423) mem 0x80010000 0x00000001
core   0: 0x8000b4a0 (0x0000bfe5) c.j     pc - 8
core   0: 3 0x8000b4a0 (0xbfe5)
core   0: 0x8000b498 (0x00005f17) auipc   t5, 0x5
core   0: 3 0x8000b498 (0x00005f17) x30 0x80010498
core   0: 0x8000b49c (0xb63f2423) sw      gp, -1176(t5)
core   0: 3 0x8000b49c (0xb63f2423) mem 0x80010000 0x00000001
core   0: 0x8000b4a0 (0x0000bfe5) c.j     pc - 8
core   0: 3 0x8000b4a0 (0xbfe5)
core   0: 0x8000b498 (0x00005f17) auipc   t5, 0x5
core   0: 3 0x8000b498 (0x00005f17) x30 0x80010498
core   0: 0x8000b49c (0xb63f2423) sw      gp, -1176(t5)
core   0: 3 0x8000b49c (0xb63f2423) mem 0x80010000 0x00000001
core   0: 0x8000b4a0 (0x0000bfe5) c.j     pc - 8
core   0: 3 0x8000b4a0 (0xbfe5)
core   0: 0x8000b498 (0x00005f17) auipc   t5, 0x5
core   0: 3 0x8000b498 (0x00005f17) x30 0x80010498
core   0: 0x8000b49c (0xb63f2423) sw      gp, -1176(t5)
core   0: 3 0x8000b49c (0xb63f2423) mem 0x80010000 0x00000001
core   0: 0x8000b4a0 (0x0000bfe5) c.j     pc - 8
core   0: 3 0x8000b4a0 (0xbfe5)
core   0: 0x8000b498 (0x00005f17) auipc   t5, 0x5
core   0: 3 0x8000b498 (0x00005f17) x30 0x80010498
core   0: 0x8000b49c (0xb63f2423) sw      gp, -1176(t5)
core   0: 3 0x8000b49c (0xb63f2423) mem 0x80010000 0x00000001
core   0: 0x8000b4a0 (0x0000bfe5) c.j     pc - 8
core   0: 3 0x8000b4a0 (0xbfe5)
core   0: 0x8000b498 (0x00005f17) auipc   t5, 0x5
core   0: 3 0x8000b498 (0x00005f17) x30 0x80010498
core   0: 0x8000b49c (0xb63f2423) sw      gp, -1176(t5)
core   0: 3 0x8000b49c (0xb63f2423) mem 0x80010000 0x00000001
core   0: 0x8000b4a0 (0x0000bfe5) c.j     pc - 8
core   0: 3 0x8000b4a0 (0xbfe5)
core   0: 0x8000b498 (0x00005f17) auipc   t5, 0x5
core   0: 3 0x8000b498 (0x00005f17) x30 0x80010498
core   0: 0x8000b49c (0xb63f2423) sw      gp, -1176(t5)
core   0: 3 0x8000b49c (0xb63f2423) mem 0x80010000 0x00000001
core   0: 0x8000b4a0 (0x0000bfe5) c.j     pc - 8
core   0: 3 0x8000b4a0 (0xbfe5)
core   0: 0x8000b498 (0x00005f17) auipc   t5, 0x5
core   0: 3 0x8000b498 (0x00005f17) x30 0x80010498
core   0: 0x8000b49c (0xb63f2423) sw      gp, -1176(t5)
core   0: 3 0x8000b49c (0xb63f2423) mem 0x80010000 0x00000001
core   0: 0x8000b4a0 (0x0000bfe5) c.j     pc - 8
core   0: 3 0x8000b4a0 (0xbfe5)
core   0: 0x8000b498 (0x00005f17) auipc   t5, 0x5
core   0: 3 0x8000b498 (0x00005f17) x30 0x80010498
core   0: 0x8000b49c (0xb63f2423) sw      gp, -1176(t5)
core   0: 3 0x8000b49c (0xb63f2423) mem 0x80010000 0x00000001
core   0: 0x8000b4a0 (0x0000bfe5) c.j     pc - 8
core   0: 3 0x8000b4a0 (0xbfe5)
core   0: 0x8000b498 (0x00005f17) auipc   t5, 0x5
core   0: 3 0x8000b498 (0x00005f17) x30 0x80010498
core   0: 0x8000b49c (0xb63f2423) sw      gp, -1176(t5)
core   0: 3 0x8000b49c (0xb63f2423) mem 0x80010000 0x00000001
core   0: 0x8000b4a0 (0x0000bfe5) c.j     pc - 8
core   0: 3 0x8000b4a0 (0xbfe5)
core   0: 0x8000b498 (0x00005f17) auipc   t5, 0x5
core   0: 3 0x8000b498 (0x00005f17) x30 0x80010498
core   0: 0x8000b49c (0xb63f2423) sw      gp, -1176(t5)
core   0: 3 0x8000b49c (0xb63f2423) mem 0x80010000 0x00000001
core   0: 0x8000b4a0 (0x0000bfe5) c.j     pc - 8
core   0: 3 0x8000b4a0 (0xbfe5)
core   0: 0x8000b498 (0x00005f17) auipc   t5, 0x5
core   0: 3 0x8000b498 (0x00005f17) x30 0x80010498
core   0: 0x8000b49c (0xb63f2423) sw      gp, -1176(t5)
core   0: 3 0x8000b49c (0xb63f2423) mem 0x80010000 0x00000001
core   0: 0x8000b4a0 (0x0000bfe5) c.j     pc - 8
core   0: 3 0x8000b4a0 (0xbfe5)
core   0: 0x8000b498 (0x00005f17) auipc   t5, 0x5
core   0: 3 0x8000b498 (0x00005f17) x30 0x80010498
core   0: 0x8000b49c (0xb63f2423) sw      gp, -1176(t5)
core   0: 3 0x8000b49c (0xb63f2423) mem 0x80010000 0x00000001
core   0: 0x8000b4a0 (0x0000bfe5) c.j     pc - 8
core   0: 3 0x8000b4a0 (0xbfe5)
core   0: 0x8000b498 (0x00005f17) auipc   t5, 0x5
core   0: 3 0x8000b498 (0x00005f17) x30 0x80010498
core   0: 0x8000b49c (0xb63f2423) sw      gp, -1176(t5)
core   0: 3 0x8000b49c (0xb63f2423) mem 0x80010000 0x00000001
core   0: 0x8000b4a0 (0x0000bfe5) c.j     pc - 8
core   0: 3 0x8000b4a0 (0xbfe5)
core   0: 0x8000b498 (0x00005f17) auipc   t5, 0x5
core   0: 3 0x8000b498 (0x00005f17) x30 0x80010498
core   0: 0x8000b49c (0xb63f2423) sw      gp, -1176(t5)
core   0: 3 0x8000b49c (0xb63f2423) mem 0x80010000 0x00000001
core   0: 0x8000b4a0 (0x0000bfe5) c.j     pc - 8
core   0: 3 0x8000b4a0 (0xbfe5)
core   0: 0x8000b498 (0x00005f17) auipc   t5, 0x5
core   0: 3 0x8000b498 (0x00005f17) x30 0x80010498
core   0: 0x8000b49c (0xb63f2423) sw      gp, -1176(t5)
core   0: 3 0x8000b49c (0xb63f2423) mem 0x80010000 0x00000001
core   0: 0x8000b4a0 (0x0000bfe5) c.j     pc - 8
core   0: 3 0x8000b4a0 (0xbfe5)
core   0: 0x8000b498 (0x00005f17) auipc   t5, 0x5
core   0: 3 0x8000b498 (0x00005f17) x30 0x80010498
core   0: 0x8000b49c (0xb63f2423) sw      gp, -1176(t5)
core   0: 3 0x8000b49c (0xb63f2423) mem 0x80010000 0x00000001
core   0: 0x8000b4a0 (0x0000bfe5) c.j     pc - 8
core   0: 3 0x8000b4a0 (0xbfe5)
core   0: 0x8000b498 (0x00005f17) auipc   t5, 0x5
core   0: 3 0x8000b498 (0x00005f17) x30 0x80010498
core   0: 0x8000b49c (0xb63f2423) sw      gp, -1176(t5)
core   0: 3 0x8000b49c (0xb63f2423) mem 0x80010000 0x00000001
core   0: 0x8000b4a0 (0x0000bfe5) c.j     pc - 8
core   0: 3 0x8000b4a0 (0xbfe5)
core   0: 0x8000b498 (0x00005f17) auipc   t5, 0x5
core   0: 3 0x8000b498 (0x00005f17) x30 0x80010498
core   0: 0x8000b49c (0xb63f2423) sw      gp, -1176(t5)
core   0: 3 0x8000b49c (0xb63f2423) mem 0x80010000 0x00000001
core   0: 0x8000b4a0 (0x0000bfe5) c.j     pc - 8
core   0: 3 0x8000b4a0 (0xbfe5)
core   0: 0x8000b498 (0x00005f17) auipc   t5, 0x5
core   0: 3 0x8000b498 (0x00005f17) x30 0x80010498
core   0: 0x8000b49c (0xb63f2423) sw      gp, -1176(t5)
core   0: 3 0x8000b49c (0xb63f2423) mem 0x80010000 0x00000001
core   0: 0x8000b4a0 (0x0000bfe5) c.j     pc - 8
core   0: 3 0x8000b4a0 (0xbfe5)
core   0: 0x8000b498 (0x00005f17) auipc   t5, 0x5
core   0: 3 0x8000b498 (0x00005f17) x30 0x80010498
core   0: 0x8000b49c (0xb63f2423) sw      gp, -1176(t5)
core   0: 3 0x8000b49c (0xb63f2423) mem 0x80010000 0x00000001
core   0: 0x8000b4a0 (0x0000bfe5) c.j     pc - 8
core   0: 3 0x8000b4a0 (0xbfe5)
core   0: 0x8000b498 (0x00005f17) auipc   t5, 0x5
core   0: 3 0x8000b498 (0x00005f17) x30 0x80010498
core   0: 0x8000b49c (0xb63f2423) sw      gp, -1176(t5)
core   0: 3 0x8000b49c (0xb63f2423) mem 0x80010000 0x00000001
core   0: 0x8000b4a0 (0x0000bfe5) c.j     pc - 8
core   0: 3 0x8000b4a0 (0xbfe5)
core   0: 0x8000b498 (0x00005f17) auipc   t5, 0x5
core   0: 3 0x8000b498 (0x00005f17) x30 0x80010498
core   0: 0x8000b49c (0xb63f2423) sw      gp, -1176(t5)
core   0: 3 0x8000b49c (0xb63f2423) mem 0x80010000 0x00000001
core   0: 0x8000b4a0 (0x0000bfe5) c.j     pc - 8
core   0: 3 0x8000b4a0 (0xbfe5)
core   0: 0x8000b498 (0x00005f17) auipc   t5, 0x5
core   0: 3 0x8000b498 (0x00005f17) x30 0x80010498
core   0: 0x8000b49c (0xb63f2423) sw      gp, -1176(t5)
core   0: 3 0x8000b49c (0xb63f2423) mem 0x80010000 0x00000001
core   0: 0x8000b4a0 (0x0000bfe5) c.j     pc - 8
core   0: 3 0x8000b4a0 (0xbfe5)
core   0: 0x8000b498 (0x00005f17) auipc   t5, 0x5
core   0: 3 0x8000b498 (0x00005f17) x30 0x80010498
core   0: 0x8000b49c (0xb63f2423) sw      gp, -1176(t5)
core   0: 3 0x8000b49c (0xb63f2423) mem 0x80010000 0x00000001
core   0: 0x8000b4a0 (0x0000bfe5) c.j     pc - 8
core   0: 3 0x8000b4a0 (0xbfe5)
core   0: 0x8000b498 (0x00005f17) auipc   t5, 0x5
core   0: 3 0x8000b498 (0x00005f17) x30 0x80010498
core   0: 0x8000b49c (0xb63f2423) sw      gp, -1176(t5)
core   0: 3 0x8000b49c (0xb63f2423) mem 0x80010000 0x00000001
core   0: 0x8000b4a0 (0x0000bfe5) c.j     pc - 8
core   0: 3 0x8000b4a0 (0xbfe5)
core   0: 0x8000b498 (0x00005f17) auipc   t5, 0x5
core   0: 3 0x8000b498 (0x00005f17) x30 0x80010498
core   0: 0x8000b49c (0xb63f2423) sw      gp, -1176(t5)
core   0: 3 0x8000b49c (0xb63f2423) mem 0x80010000 0x00000001
core   0: 0x8000b4a0 (0x0000bfe5) c.j     pc - 8
core   0: 3 0x8000b4a0 (0xbfe5)
core   0: 0x8000b498 (0x00005f17) auipc   t5, 0x5
core   0: 3 0x8000b498 (0x00005f17) x30 0x80010498
core   0: 0x8000b49c (0xb63f2423) sw      gp, -1176(t5)
core   0: 3 0x8000b49c (0xb63f2423) mem 0x80010000 0x00000001
core   0: 0x8000b4a0 (0x0000bfe5) c.j     pc - 8
core   0: 3 0x8000b4a0 (0xbfe5)
core   0: 0x8000b498 (0x00005f17) auipc   t5, 0x5
core   0: 3 0x8000b498 (0x00005f17) x30 0x80010498
core   0: 0x8000b49c (0xb63f2423) sw      gp, -1176(t5)
core   0: 3 0x8000b49c (0xb63f2423) mem 0x80010000 0x00000001
core   0: 0x8000b4a0 (0x0000bfe5) c.j     pc - 8
core   0: 3 0x8000b4a0 (0xbfe5)
core   0: 0x8000b498 (0x00005f17) auipc   t5, 0x5
core   0: 3 0x8000b498 (0x00005f17) x30 0x80010498
core   0: 0x8000b49c (0xb63f2423) sw      gp, -1176(t5)
core   0: 3 0x8000b49c (0xb63f2423) mem 0x80010000 0x00000001
core   0: 0x8000b4a0 (0x0000bfe5) c.j     pc - 8
core   0: 3 0x8000b4a0 (0xbfe5)
core   0: 0x8000b498 (0x00005f17) auipc   t5, 0x5
core   0: 3 0x8000b498 (0x00005f17) x30 0x80010498
core   0: 0x8000b49c (0xb63f2423) sw      gp, -1176(t5)
core   0: 3 0x8000b49c (0xb63f2423) mem 0x80010000 0x00000001
core   0: 0x8000b4a0 (0x0000bfe5) c.j     pc - 8
core   0: 3 0x8000b4a0 (0xbfe5)
core   0: 0x8000b498 (0x00005f17) auipc   t5, 0x5
core   0: 3 0x8000b498 (0x00005f17) x30 0x80010498
core   0: 0x8000b49c (0xb63f2423) sw      gp, -1176(t5)
core   0: 3 0x8000b49c (0xb63f2423) mem 0x80010000 0x00000001
core   0: 0x8000b4a0 (0x0000bfe5) c.j     pc - 8
core   0: 3 0x8000b4a0 (0xbfe5)
core   0: 0x8000b498 (0x00005f17) auipc   t5, 0x5
core   0: 3 0x8000b498 (0x00005f17) x30 0x80010498
core   0: 0x8000b49c (0xb63f2423) sw      gp, -1176(t5)
core   0: 3 0x8000b49c (0xb63f2423) mem 0x80010000 0x00000001
core   0: 0x8000b4a0 (0x0000bfe5) c.j     pc - 8
core   0: 3 0x8000b4a0 (0xbfe5)
core   0: 0x8000b498 (0x00005f17) auipc   t5, 0x5
core   0: 3 0x8000b498 (0x00005f17) x30 0x80010498
core   0: 0x8000b49c (0xb63f2423) sw      gp, -1176(t5)
core   0: 3 0x8000b49c (0xb63f2423) mem 0x80010000 0x00000001
core   0: 0x8000b4a0 (0x0000bfe5) c.j     pc - 8
core   0: 3 0x8000b4a0 (0xbfe5)
core   0: 0x8000b498 (0x00005f17) auipc   t5, 0x5
core   0: 3 0x8000b498 (0x00005f17) x30 0x80010498
core   0: 0x8000b49c (0xb63f2423) sw      gp, -1176(t5)
core   0: 3 0x8000b49c (0xb63f2423) mem 0x80010000 0x00000001
core   0: 0x8000b4a0 (0x0000bfe5) c.j     pc - 8
core   0: 3 0x8000b4a0 (0xbfe5)
core   0: 0x8000b498 (0x00005f17) auipc   t5, 0x5
core   0: 3 0x8000b498 (0x00005f17) x30 0x80010498
core   0: 0x8000b49c (0xb63f2423) sw      gp, -1176(t5)
core   0: 3 0x8000b49c (0xb63f2423) mem 0x80010000 0x00000001
core   0: 0x8000b4a0 (0x0000bfe5) c.j     pc - 8
core   0: 3 0x8000b4a0 (0xbfe5)
core   0: 0x8000b498 (0x00005f17) auipc   t5, 0x5
core   0: 3 0x8000b498 (0x00005f17) x30 0x80010498
core   0: 0x8000b49c (0xb63f2423) sw      gp, -1176(t5)
core   0: 3 0x8000b49c (0xb63f2423) mem 0x80010000 0x00000001
core   0: 0x8000b4a0 (0x0000bfe5) c.j     pc - 8
core   0: 3 0x8000b4a0 (0xbfe5)
core   0: 0x8000b498 (0x00005f17) auipc   t5, 0x5
core   0: 3 0x8000b498 (0x00005f17) x30 0x80010498
core   0: 0x8000b49c (0xb63f2423) sw      gp, -1176(t5)
core   0: 3 0x8000b49c (0xb63f2423) mem 0x80010000 0x00000001
core   0: 0x8000b4a0 (0x0000bfe5) c.j     pc - 8
core   0: 3 0x8000b4a0 (0xbfe5)
core   0: 0x8000b498 (0x00005f17) auipc   t5, 0x5
core   0: 3 0x8000b498 (0x00005f17) x30 0x80010498
core   0: 0x8000b49c (0xb63f2423) sw      gp, -1176(t5)
core   0: 3 0x8000b49c (0xb63f2423) mem 0x80010000 0x00000001
core   0: 0x8000b4a0 (0x0000bfe5) c.j     pc - 8
core   0: 3 0x8000b4a0 (0xbfe5)
core   0: 0x8000b498 (0x00005f17) auipc   t5, 0x5
core   0: 3 0x8000b498 (0x00005f17) x30 0x80010498
core   0: 0x8000b49c (0xb63f2423) sw      gp, -1176(t5)
core   0: 3 0x8000b49c (0xb63f2423) mem 0x80010000 0x00000001
core   0: 0x8000b4a0 (0x0000bfe5) c.j     pc - 8
core   0: 3 0x8000b4a0 (0xbfe5)
core   0: 0x8000b498 (0x00005f17) auipc   t5, 0x5
core   0: 3 0x8000b498 (0x00005f17) x30 0x80010498
core   0: 0x8000b49c (0xb63f2423) sw      gp, -1176(t5)
core   0: 3 0x8000b49c (0xb63f2423) mem 0x80010000 0x00000001
core   0: 0x8000b4a0 (0x0000bfe5) c.j     pc - 8
core   0: 3 0x8000b4a0 (0xbfe5)
core   0: 0x8000b498 (0x00005f17) auipc   t5, 0x5
core   0: 3 0x8000b498 (0x00005f17) x30 0x80010498
core   0: 0x8000b49c (0xb63f2423) sw      gp, -1176(t5)
core   0: 3 0x8000b49c (0xb63f2423) mem 0x80010000 0x00000001
core   0: 0x8000b4a0 (0x0000bfe5) c.j     pc - 8
core   0: 3 0x8000b4a0 (0xbfe5)
core   0: 0x8000b498 (0x00005f17) auipc   t5, 0x5
core   0: 3 0x8000b498 (0x00005f17) x30 0x80010498
core   0: 0x8000b49c (0xb63f2423) sw      gp, -1176(t5)
core   0: 3 0x8000b49c (0xb63f2423) mem 0x80010000 0x00000001
core   0: 0x8000b4a0 (0x0000bfe5) c.j     pc - 8
core   0: 3 0x8000b4a0 (0xbfe5)
core   0: 0x8000b498 (0x00005f17) auipc   t5, 0x5
core   0: 3 0x8000b498 (0x00005f17) x30 0x80010498
core   0: 0x8000b49c (0xb63f2423) sw      gp, -1176(t5)
core   0: 3 0x8000b49c (0xb63f2423) mem 0x80010000 0x00000001
core   0: 0x8000b4a0 (0x0000bfe5) c.j     pc - 8
core   0: 3 0x8000b4a0 (0xbfe5)
core   0: 0x8000b498 (0x00005f17) auipc   t5, 0x5
core   0: 3 0x8000b498 (0x00005f17) x30 0x80010498
core   0: 0x8000b49c (0xb63f2423) sw      gp, -1176(t5)
core   0: 3 0x8000b49c (0xb63f2423) mem 0x80010000 0x00000001
core   0: 0x8000b4a0 (0x0000bfe5) c.j     pc - 8
core   0: 3 0x8000b4a0 (0xbfe5)
core   0: 0x8000b498 (0x00005f17) auipc   t5, 0x5
core   0: 3 0x8000b498 (0x00005f17) x30 0x80010498
core   0: 0x8000b49c (0xb63f2423) sw      gp, -1176(t5)
core   0: 3 0x8000b49c (0xb63f2423) mem 0x80010000 0x00000001
core   0: 0x8000b4a0 (0x0000bfe5) c.j     pc - 8
core   0: 3 0x8000b4a0 (0xbfe5)
core   0: 0x8000b498 (0x00005f17) auipc   t5, 0x5
core   0: 3 0x8000b498 (0x00005f17) x30 0x80010498
core   0: 0x8000b49c (0xb63f2423) sw      gp, -1176(t5)
core   0: 3 0x8000b49c (0xb63f2423) mem 0x80010000 0x00000001
core   0: 0x8000b4a0 (0x0000bfe5) c.j     pc - 8
core   0: 3 0x8000b4a0 (0xbfe5)
core   0: 0x8000b498 (0x00005f17) auipc   t5, 0x5
core   0: 3 0x8000b498 (0x00005f17) x30 0x80010498
core   0: 0x8000b49c (0xb63f2423) sw      gp, -1176(t5)
core   0: 3 0x8000b49c (0xb63f2423) mem 0x80010000 0x00000001
core   0: 0x8000b4a0 (0x0000bfe5) c.j     pc - 8
core   0: 3 0x8000b4a0 (0xbfe5)
core   0: 0x8000b498 (0x00005f17) auipc   t5, 0x5
core   0: 3 0x8000b498 (0x00005f17) x30 0x80010498
core   0: 0x8000b49c (0xb63f2423) sw      gp, -1176(t5)
core   0: 3 0x8000b49c (0xb63f2423) mem 0x80010000 0x00000001
core   0: 0x8000b4a0 (0x0000bfe5) c.j     pc - 8
core   0: 3 0x8000b4a0 (0xbfe5)
core   0: 0x8000b498 (0x00005f17) auipc   t5, 0x5
core   0: 3 0x8000b498 (0x00005f17) x30 0x80010498
core   0: 0x8000b49c (0xb63f2423) sw      gp, -1176(t5)
core   0: 3 0x8000b49c (0xb63f2423) mem 0x80010000 0x00000001
core   0: 0x8000b4a0 (0x0000bfe5) c.j     pc - 8
core   0: 3 0x8000b4a0 (0xbfe5)
core   0: 0x8000b498 (0x00005f17) auipc   t5, 0x5
core   0: 3 0x8000b498 (0x00005f17) x30 0x80010498
core   0: 0x8000b49c (0xb63f2423) sw      gp, -1176(t5)
core   0: 3 0x8000b49c (0xb63f2423) mem 0x80010000 0x00000001
core   0: 0x8000b4a0 (0x0000bfe5) c.j     pc - 8
core   0: 3 0x8000b4a0 (0xbfe5)
core   0: 0x8000b498 (0x00005f17) auipc   t5, 0x5
core   0: 3 0x8000b498 (0x00005f17) x30 0x80010498
core   0: 0x8000b49c (0xb63f2423) sw      gp, -1176(t5)
core   0: 3 0x8000b49c (0xb63f2423) mem 0x80010000 0x00000001
core   0: 0x8000b4a0 (0x0000bfe5) c.j     pc - 8
core   0: 3 0x8000b4a0 (0xbfe5)
core   0: 0x8000b498 (0x00005f17) auipc   t5, 0x5
core   0: 3 0x8000b498 (0x00005f17) x30 0x80010498
core   0: 0x8000b49c (0xb63f2423) sw      gp, -1176(t5)
core   0: 3 0x8000b49c (0xb63f2423) mem 0x80010000 0x00000001
core   0: 0x8000b4a0 (0x0000bfe5) c.j     pc - 8
core   0: 3 0x8000b4a0 (0xbfe5)
core   0: 0x8000b498 (0x00005f17) auipc   t5, 0x5
core   0: 3 0x8000b498 (0x00005f17) x30 0x80010498
core   0: 0x8000b49c (0xb63f2423) sw      gp, -1176(t5)
core   0: 3 0x8000b49c (0xb63f2423) mem 0x80010000 0x00000001
core   0: 0x8000b4a0 (0x0000bfe5) c.j     pc - 8
core   0: 3 0x8000b4a0 (0xbfe5)
core   0: 0x8000b498 (0x00005f17) auipc   t5, 0x5
core   0: 3 0x8000b498 (0x00005f17) x30 0x80010498
core   0: 0x8000b49c (0xb63f2423) sw      gp, -1176(t5)
core   0: 3 0x8000b49c (0xb63f2423) mem 0x80010000 0x00000001
core   0: 0x8000b4a0 (0x0000bfe5) c.j     pc - 8
core   0: 3 0x8000b4a0 (0xbfe5)
core   0: 0x8000b498 (0x00005f17) auipc   t5, 0x5
core   0: 3 0x8000b498 (0x00005f17) x30 0x80010498
core   0: 0x8000b49c (0xb63f2423) sw      gp, -1176(t5)
core   0: 3 0x8000b49c (0xb63f2423) mem 0x80010000 0x00000001
core   0: 0x8000b4a0 (0x0000bfe5) c.j     pc - 8
core   0: 3 0x8000b4a0 (0xbfe5)
core   0: 0x8000b498 (0x00005f17) auipc   t5, 0x5
core   0: 3 0x8000b498 (0x00005f17) x30 0x80010498
core   0: 0x8000b49c (0xb63f2423) sw      gp, -1176(t5)
core   0: 3 0x8000b49c (0xb63f2423) mem 0x80010000 0x00000001
core   0: 0x8000b4a0 (0x0000bfe5) c.j     pc - 8
core   0: 3 0x8000b4a0 (0xbfe5)
core   0: 0x8000b498 (0x00005f17) auipc   t5, 0x5
core   0: 3 0x8000b498 (0x00005f17) x30 0x80010498
core   0: 0x8000b49c (0xb63f2423) sw      gp, -1176(t5)
core   0: 3 0x8000b49c (0xb63f2423) mem 0x80010000 0x00000001
core   0: 0x8000b4a0 (0x0000bfe5) c.j     pc - 8
core   0: 3 0x8000b4a0 (0xbfe5)
core   0: 0x8000b498 (0x00005f17) auipc   t5, 0x5
core   0: 3 0x8000b498 (0x00005f17) x30 0x80010498
core   0: 0x8000b49c (0xb63f2423) sw      gp, -1176(t5)
core   0: 3 0x8000b49c (0xb63f2423) mem 0x80010000 0x00000001
core   0: 0x8000b4a0 (0x0000bfe5) c.j     pc - 8
core   0: 3 0x8000b4a0 (0xbfe5)
core   0: 0x8000b498 (0x00005f17) auipc   t5, 0x5
core   0: 3 0x8000b498 (0x00005f17) x30 0x80010498
core   0: 0x8000b49c (0xb63f2423) sw      gp, -1176(t5)
core   0: 3 0x8000b49c (0xb63f2423) mem 0x80010000 0x00000001
core   0: 0x8000b4a0 (0x0000bfe5) c.j     pc - 8
core   0: 3 0x8000b4a0 (0xbfe5)
core   0: 0x8000b498 (0x00005f17) auipc   t5, 0x5
core   0: 3 0x8000b498 (0x00005f17) x30 0x80010498
core   0: 0x8000b49c (0xb63f2423) sw      gp, -1176(t5)
core   0: 3 0x8000b49c (0xb63f2423) mem 0x80010000 0x00000001
core   0: 0x8000b4a0 (0x0000bfe5) c.j     pc - 8
core   0: 3 0x8000b4a0 (0xbfe5)
core   0: 0x8000b498 (0x00005f17) auipc   t5, 0x5
core   0: 3 0x8000b498 (0x00005f17) x30 0x80010498
core   0: 0x8000b49c (0xb63f2423) sw      gp, -1176(t5)
core   0: 3 0x8000b49c (0xb63f2423) mem 0x80010000 0x00000001
core   0: 0x8000b4a0 (0x0000bfe5) c.j     pc - 8
core   0: 3 0x8000b4a0 (0xbfe5)
core   0: 0x8000b498 (0x00005f17) auipc   t5, 0x5
core   0: 3 0x8000b498 (0x00005f17) x30 0x80010498
core   0: 0x8000b49c (0xb63f2423) sw      gp, -1176(t5)
core   0: 3 0x8000b49c (0xb63f2423) mem 0x80010000 0x00000001
core   0: 0x8000b4a0 (0x0000bfe5) c.j     pc - 8
core   0: 3 0x8000b4a0 (0xbfe5)
core   0: 0x8000b498 (0x00005f17) auipc   t5, 0x5
core   0: 3 0x8000b498 (0x00005f17) x30 0x80010498
core   0: 0x8000b49c (0xb63f2423) sw      gp, -1176(t5)
core   0: 3 0x8000b49c (0xb63f2423) mem 0x80010000 0x00000001
core   0: 0x8000b4a0 (0x0000bfe5) c.j     pc - 8
core   0: 3 0x8000b4a0 (0xbfe5)
core   0: 0x8000b498 (0x00005f17) auipc   t5, 0x5
core   0: 3 0x8000b498 (0x00005f17) x30 0x80010498
core   0: 0x8000b49c (0xb63f2423) sw      gp, -1176(t5)
core   0: 3 0x8000b49c (0xb63f2423) mem 0x80010000 0x00000001
core   0: 0x8000b4a0 (0x0000bfe5) c.j     pc - 8
core   0: 3 0x8000b4a0 (0xbfe5)
core   0: 0x8000b498 (0x00005f17) auipc   t5, 0x5
core   0: 3 0x8000b498 (0x00005f17) x30 0x80010498
core   0: 0x8000b49c (0xb63f2423) sw      gp, -1176(t5)
core   0: 3 0x8000b49c (0xb63f2423) mem 0x80010000 0x00000001
core   0: 0x8000b4a0 (0x0000bfe5) c.j     pc - 8
core   0: 3 0x8000b4a0 (0xbfe5)
core   0: 0x8000b498 (0x00005f17) auipc   t5, 0x5
core   0: 3 0x8000b498 (0x00005f17) x30 0x80010498
core   0: 0x8000b49c (0xb63f2423) sw      gp, -1176(t5)
core   0: 3 0x8000b49c (0xb63f2423) mem 0x80010000 0x00000001
core   0: 0x8000b4a0 (0x0000bfe5) c.j     pc - 8
core   0: 3 0x8000b4a0 (0xbfe5)
core   0: 0x8000b498 (0x00005f17) auipc   t5, 0x5
core   0: 3 0x8000b498 (0x00005f17) x30 0x80010498
core   0: 0x8000b49c (0xb63f2423) sw      gp, -1176(t5)
core   0: 3 0x8000b49c (0xb63f2423) mem 0x80010000 0x00000001
core   0: 0x8000b4a0 (0x0000bfe5) c.j     pc - 8
core   0: 3 0x8000b4a0 (0xbfe5)
core   0: 0x8000b498 (0x00005f17) auipc   t5, 0x5
core   0: 3 0x8000b498 (0x00005f17) x30 0x80010498
core   0: 0x8000b49c (0xb63f2423) sw      gp, -1176(t5)
core   0: 3 0x8000b49c (0xb63f2423) mem 0x80010000 0x00000001
core   0: 0x8000b4a0 (0x0000bfe5) c.j     pc - 8
core   0: 3 0x8000b4a0 (0xbfe5)
core   0: 0x8000b498 (0x00005f17) auipc   t5, 0x5
core   0: 3 0x8000b498 (0x00005f17) x30 0x80010498
core   0: 0x8000b49c (0xb63f2423) sw      gp, -1176(t5)
core   0: 3 0x8000b49c (0xb63f2423) mem 0x80010000 0x00000001
core   0: 0x8000b4a0 (0x0000bfe5) c.j     pc - 8
core   0: 3 0x8000b4a0 (0xbfe5)
core   0: 0x8000b498 (0x00005f17) auipc   t5, 0x5
core   0: 3 0x8000b498 (0x00005f17) x30 0x80010498
core   0: 0x8000b49c (0xb63f2423) sw      gp, -1176(t5)
core   0: 3 0x8000b49c (0xb63f2423) mem 0x80010000 0x00000001
