core   0: 0x00001000 (0x00000297) auipc   t0, 0x0
core   0: 3 0x00001000 (0x00000297) x 5 0x00001000
core   0: 0x00001004 (0x02028593) addi    a1, t0, 32
core   0: 3 0x00001004 (0x02028593) x11 0x00001020
core   0: 0x00001008 (0xf1402573) csrr    a0, mhartid
core   0: 3 0x00001008 (0xf1402573) x10 0x00000000
core   0: 0x0000100c (0x0182a283) lw      t0, 24(t0)
core   0: 3 0x0000100c (0x0182a283) x 5 0x80000000 mem 0x00001018
core   0: 0x00001010 (0x00028067) jr      t0
core   0: 3 0x00001010 (0x00028067)
core   0: 0x80000000 (0xf14022f3) csrr    t0, mhartid
core   0: 3 0x80000000 (0xf14022f3) x 5 0x00000000
core   0: 0x80000004 (0x00004301) c.li    t1, 0
core   0: 3 0x80000004 (0x4301) x 6 0x00000000
core   0: 0x80000006 (0x00628263) beq     t0, t1, pc + 4
core   0: 3 0x80000006 (0x00628263)
core   0: 0x8000000a (0x00000297) auipc   t0, 0x0
core   0: 3 0x8000000a (0x00000297) x 5 0x8000000a
core   0: 0x8000000e (0x00c28293) addi    t0, t0, 12
core   0: 3 0x8000000e (0x00c28293) x 5 0x80000016
core   0: 0x80000012 (0x00028067) jr      t0
core   0: 3 0x80000012 (0x00028067)
core   0: 0x80000016 (0x40001e37) lui     t3, 0x40001
core   0: 3 0x80000016 (0x40001e37) x28 0x40001000
core   0: 0x8000001a (0x104e0e13) addi    t3, t3, 260
core   0: 3 0x8000001a (0x104e0e13) x28 0x40001104
core   0: 0x8000001e (0x301e1073) csrw    misa, t3
core   0: 3 0x8000001e (0x301e1073) c769_misa 0x40141104
core   0: 0x80000022 (0x00027397) auipc   t2, 0x27
core   0: 3 0x80000022 (0x00027397) x 7 0x80027022
core   0: 0x80000026 (0xcc238393) addi    t2, t2, -830
core   0: 3 0x80000026 (0xcc238393) x 7 0x80026ce4
core   0: 0x8000002a (0x0000ce17) auipc   t3, 0xc
core   0: 3 0x8000002a (0x0000ce17) x28 0x8000c02a
core   0: 0x8000002e (0x186e0e13) addi    t3, t3, 390
core   0: 3 0x8000002e (0x186e0e13) x28 0x8000c1b0
core   0: 0x80000032 (0x001e6e13) ori     t3, t3, 1
core   0: 3 0x80000032 (0x001e6e13) x28 0x8000c1b1
core   0: 0x80000036 (0x305e1073) csrw    mtvec, t3
core   0: 3 0x80000036 (0x305e1073) c773_mtvec 0x8000c1b1
core   0: 0x8000003a (0x00000e17) auipc   t3, 0x0
core   0: 3 0x8000003a (0x00000e17) x28 0x8000003a
core   0: 0x8000003e (0x024e0e13) addi    t3, t3, 36
core   0: 3 0x8000003e (0x024e0e13) x28 0x8000005e
core   0: 0x80000042 (0x341e1073) csrw    mepc, t3
core   0: 3 0x80000042 (0x341e1073) c833_mepc 0x8000005e
core   0: 0x80000046 (0x00000001) c.nop
core   0: 3 0x80000046 (0x0001)
core   0: 0x80000048 (0x00002e37) lui     t3, 0x2
core   0: 3 0x80000048 (0x00002e37) x28 0x00002000
core   0: 0x8000004c (0x800e0e13) addi    t3, t3, -2048
core   0: 3 0x8000004c (0x800e0e13) x28 0x00001800
core   0: 0x80000050 (0x300e1073) csrw    mstatus, t3
core   0: 3 0x80000050 (0x300e1073) c768_mstatus 0x00001800
core   0: 0x80000054 (0x00004e01) c.li    t3, 0
core   0: 3 0x80000054 (0x4e01) x28 0x00000000
core   0: 0x80000056 (0x304e1073) csrw    mie, t3
core   0: 3 0x80000056 (0x304e1073) c772_mie 0x00000000
core   0: 0x8000005a (0x30200073) mret
core   0: 3 0x8000005a (0x30200073) c768_mstatus 0x00000080
core   0: >>>>  init
core   0: 0x8000005e (0x00400013) li      zero, 4
core   0: 3 0x8000005e (0x00400013)
core   0: 0x80000062 (0x00004081) c.li    ra, 0
core   0: 3 0x80000062 (0x4081) x 1 0x00000000
core   0: 0x80000064 (0x0000413d) c.li    sp, 15
core   0: 3 0x80000064 (0x413d) x 2 0x0000000f
core   0: 0x80000066 (0x00004181) c.li    gp, 0
core   0: 3 0x80000066 (0x4181) x 3 0x00000000
core   0: 0x80000068 (0x00004209) c.li    tp, 2
core   0: 3 0x80000068 (0x4209) x 4 0x00000002
core   0: 0x8000006a (0x00004289) c.li    t0, 2
core   0: 3 0x8000006a (0x4289) x 5 0x00000002
core   0: 0x8000006c (0x00004301) c.li    t1, 0
core   0: 3 0x8000006c (0x4301) x 6 0x00000000
core   0: 0x8000006e (0x00004429) c.li    s0, 10
core   0: 3 0x8000006e (0x4429) x 8 0x0000000a
core   0: 0x80000070 (0x70f844b7) lui     s1, 0x70f84
core   0: 3 0x80000070 (0x70f844b7) x 9 0x70f84000
core   0: 0x80000074 (0x3f148493) addi    s1, s1, 1009
core   0: 3 0x80000074 (0x3f148493) x 9 0x70f843f1
core   0: 0x80000078 (0x60c5a537) lui     a0, 0x60c5a
core   0: 3 0x80000078 (0x60c5a537) x10 0x60c5a000
core   0: 0x8000007c (0x1d150513) addi    a0, a0, 465
core   0: 3 0x8000007c (0x1d150513) x10 0x60c5a1d1
core   0: 0x80000080 (0x800005b7) lui     a1, 0x80000
core   0: 3 0x80000080 (0x800005b7) x11 0x80000000
core   0: 0x80000084 (0x80000637) lui     a2, 0x80000
core   0: 3 0x80000084 (0x80000637) x12 0x80000000
core   0: 0x80000088 (0x0000469d) c.li    a3, 7
core   0: 3 0x80000088 (0x469d) x13 0x00000007
core   0: 0x8000008a (0x00004739) c.li    a4, 14
core   0: 3 0x8000008a (0x4739) x14 0x0000000e
core   0: 0x8000008c (0x00004781) c.li    a5, 0
core   0: 3 0x8000008c (0x4781) x15 0x00000000
core   0: 0x8000008e (0xf2169837) lui     a6, 0xf2169
core   0: 3 0x8000008e (0xf2169837) x16 0xf2169000
core   0: 0x80000092 (0xdc480813) addi    a6, a6, -572
core   0: 3 0x80000092 (0xdc480813) x16 0xf2168dc4
core   0: 0x80000096 (0x5af138b7) lui     a7, 0x5af13
core   0: 3 0x80000096 (0x5af138b7) x17 0x5af13000
core   0: 0x8000009a (0xdc588893) addi    a7, a7, -571
core   0: 3 0x8000009a (0xdc588893) x17 0x5af12dc5
core   0: 0x8000009e (0x80000937) lui     s2, 0x80000
core   0: 3 0x8000009e (0x80000937) x18 0x80000000
core   0: 0x800000a2 (0xfb25ca37) lui     s4, 0xfb25c
core   0: 3 0x800000a2 (0xfb25ca37) x20 0xfb25c000
core   0: 0x800000a6 (0xe96a0a13) addi    s4, s4, -362
core   0: 3 0x800000a6 (0xe96a0a13) x20 0xfb25be96
core   0: 0x800000aa (0xf3af2ab7) lui     s5, 0xf3af2
core   0: 3 0x800000aa (0xf3af2ab7) x21 0xf3af2000
core   0: 0x800000ae (0xa47a8a93) addi    s5, s5, -1465
core   0: 3 0x800000ae (0xa47a8a93) x21 0xf3af1a47
core   0: 0x800000b2 (0x00004b05) c.li    s6, 1
core   0: 3 0x800000b2 (0x4b05) x22 0x00000001
core   0: 0x800000b4 (0x00004b81) c.li    s7, 0
core   0: 3 0x800000b4 (0x4b81) x23 0x00000000
core   0: 0x800000b6 (0xf1df2c37) lui     s8, 0xf1df2
core   0: 3 0x800000b6 (0xf1df2c37) x24 0xf1df2000
core   0: 0x800000ba (0xa63c0c13) addi    s8, s8, -1437
core   0: 3 0x800000ba (0xa63c0c13) x24 0xf1df1a63
core   0: 0x800000be (0x80000cb7) lui     s9, 0x80000
core   0: 3 0x800000be (0x80000cb7) x25 0x80000000
core   0: 0x800000c2 (0x80000d37) lui     s10, 0x80000
core   0: 3 0x800000c2 (0x80000d37) x26 0x80000000
core   0: 0x800000c6 (0xfede7db7) lui     s11, 0xfede7
core   0: 3 0x800000c6 (0xfede7db7) x27 0xfede7000
core   0: 0x800000ca (0x2ddd8d93) addi    s11, s11, 733
core   0: 3 0x800000ca (0x2ddd8d93) x27 0xfede72dd
core   0: 0x800000ce (0xf6ddfe37) lui     t3, 0xf6ddf
core   0: 3 0x800000ce (0xf6ddfe37) x28 0xf6ddf000
core   0: 0x800000d2 (0xccde0e13) addi    t3, t3, -819
core   0: 3 0x800000d2 (0xccde0e13) x28 0xf6ddeccd
core   0: 0x800000d6 (0x80000eb7) lui     t4, 0x80000
core   0: 3 0x800000d6 (0x80000eb7) x29 0x80000000
core   0: 0x800000da (0xf1533f37) lui     t5, 0xf1533
core   0: 3 0x800000da (0xf1533f37) x30 0xf1533000
core   0: 0x800000de (0x7a2f0f13) addi    t5, t5, 1954
core   0: 3 0x800000de (0x7a2f0f13) x30 0xf15337a2
core   0: 0x800000e2 (0x80000fb7) lui     t6, 0x80000
core   0: 3 0x800000e2 (0x80000fb7) x31 0x80000000
core   0: 0x800000e6 (0x00023997) auipc   s3, 0x23
core   0: 3 0x800000e6 (0x00023997) x19 0x800230e6
core   0: 0x800000ea (0xd7e98993) addi    s3, s3, -642
core   0: 3 0x800000ea (0xd7e98993) x19 0x80022e64
core   0: 0x800000ee (0x00a00593) li      a1, 10
core   0: 3 0x800000ee (0x00a00593) x11 0x0000000a
core   0: 0x800000f2 (0x03f67d33) remu    s10, a2, t6
core   0: 3 0x800000f2 (0x03f67d33) x26 0x00000000
core   0: 0x800000f6 (0x0000717d) c.addi16sp sp, -16
core   0: 3 0x800000f6 (0x717d) x 2 0xffffffff
core   0: 0x800000f8 (0x0384e733) rem     a4, s1, s8
core   0: 3 0x800000f8 (0x0384e733) x14 0x0e11fca6
core   0: 0x800000fc (0xfff00193) li      gp, -1
core   0: 3 0x800000fc (0xfff00193) x 3 0xffffffff
core   0: 0x80000100 (0x01dd5113) srli    sp, s10, 29
core   0: 3 0x80000100 (0x01dd5113) x 2 0x00000000
core   0: 0x80000104 (0x00475f33) srl     t5, a4, tp
core   0: 3 0x80000104 (0x00475f33) x30 0x03847f29
core   0: 0x80000108 (0x007d66b3) or      a3, s10, t2
core   0: 3 0x80000108 (0x007d66b3) x13 0x80026ce4
core   0: 0x8000010c (0x025f96b3) mulh    a3, t6, t0
core   0: 3 0x8000010c (0x025f96b3) x13 0xffffffff
core   0: 0x80000110 (0x031dedb3) rem     s11, s11, a7
core   0: 3 0x80000110 (0x031dedb3) x27 0xfede72dd
core   0: 0x80000114 (0x000015e5) c.addi  a1, -7
core   0: 3 0x80000114 (0x15e5) x11 0x00000003
core   0: 0x80000116 (0x0000041a) c.slli  s0, 6
core   0: 3 0x80000116 (0x041a) x 8 0x00000280
core   0: 0x80000118 (0x000054fd) c.li    s1, -1
core   0: 3 0x80000118 (0x54fd) x 9 0xffffffff
core   0: 0x8000011a (0xfff00613) li      a2, -1
core   0: 3 0x8000011a (0xfff00613) x12 0xffffffff
core   0: 0x8000011e (0x0ff0000f) fence   iorw,iorw
core   0: 3 0x8000011e (0x0ff0000f)
core   0: 0x80000122 (0x000060d1) c.lui   ra, 0x14
core   0: 3 0x80000122 (0x60d1) x 1 0x00014000
core   0: 0x80000124 (0x01f88b33) add     s6, a7, t6
core   0: 3 0x80000124 (0x01f88b33) x22 0xdaf12dc5
core   0: 0x80000128 (0x00000001) c.nop
core   0: 3 0x80000128 (0x0001)
core   0: 0x8000012a (0x4fd60a13) addi    s4, a2, 1277
core   0: 3 0x8000012a (0x4fd60a13) x20 0x000004fc
core   0: 0x8000012e (0xaaa72a13) slti    s4, a4, -1366
core   0: 3 0x8000012e (0xaaa72a13) x20 0x00000000
core   0: 0x80000132 (0x00004a9d) c.li    s5, 7
core   0: 3 0x80000132 (0x4a9d) x21 0x00000007
core   0: 0x80000134 (0x00000605) c.addi  a2, 1
core   0: 3 0x80000134 (0x0605) x12 0x00000000
core   0: 0x80000136 (0x00c75d13) srli    s10, a4, 12
core   0: 3 0x80000136 (0x00c75d13) x26 0x0000e11f
core   0: 0x8000013a (0x0000fe65) c.bnez  a2, pc - 8
core   0: 3 0x8000013a (0xfe65)
core   0: 0x8000013c (0x00008c15) c.sub   s0, a3
core   0: 3 0x8000013c (0x8c15) x 8 0x00000281
core   0: 0x8000013e (0x034af533) remu    a0, s5, s4
core   0: 3 0x8000013e (0x034af533) x10 0x00000007
core   0: 0x80000142 (0x023036b3) mulhu   a3, zero, gp
core   0: 3 0x80000142 (0x023036b3) x13 0x00000000
core   0: 0x80000146 (0x642b7237) lui     tp, 0x642b7
core   0: 3 0x80000146 (0x642b7237) x 4 0x642b7000
core   0: 0x8000014a (0x00008ecd) c.or    a3, a1
core   0: 3 0x8000014a (0x8ecd) x13 0x00000003
core   0: 0x8000014c (0x012de6b3) or      a3, s11, s2
core   0: 3 0x8000014c (0x012de6b3) x13 0xfede72dd
core   0: 0x80000150 (0x417bd893) srai    a7, s7, 23
core   0: 3 0x80000150 (0x417bd893) x17 0x00000000
core   0: 0x80000154 (0x9b85b117) auipc   sp, 0x9b85b
core   0: 3 0x80000154 (0x9b85b117) x 2 0x1b85b154
core   0: 0x80000158 (0x00000001) c.nop
core   0: 3 0x80000158 (0x0001)
core   0: 0x8000015a (0xfa35dbe3) bge     a1, gp, pc - 74
core   0: 3 0x8000015a (0xfa35dbe3)
core   0: 0x80000110 (0x031dedb3) rem     s11, s11, a7
core   0: 3 0x80000110 (0x031dedb3) x27 0xfede72dd
core   0: 0x80000114 (0x000015e5) c.addi  a1, -7
core   0: 3 0x80000114 (0x15e5) x11 0xfffffffc
core   0: 0x80000116 (0x0000041a) c.slli  s0, 6
core   0: 3 0x80000116 (0x041a) x 8 0x0000a040
core   0: 0x80000118 (0x000054fd) c.li    s1, -1
core   0: 3 0x80000118 (0x54fd) x 9 0xffffffff
core   0: 0x8000011a (0xfff00613) li      a2, -1
core   0: 3 0x8000011a (0xfff00613) x12 0xffffffff
core   0: 0x8000011e (0x0ff0000f) fence   iorw,iorw
core   0: 3 0x8000011e (0x0ff0000f)
core   0: 0x80000122 (0x000060d1) c.lui   ra, 0x14
core   0: 3 0x80000122 (0x60d1) x 1 0x00014000
core   0: 0x80000124 (0x01f88b33) add     s6, a7, t6
core   0: 3 0x80000124 (0x01f88b33) x22 0x80000000
core   0: 0x80000128 (0x00000001) c.nop
core   0: 3 0x80000128 (0x0001)
core   0: 0x8000012a (0x4fd60a13) addi    s4, a2, 1277
core   0: 3 0x8000012a (0x4fd60a13) x20 0x000004fc
core   0: 0x8000012e (0xaaa72a13) slti    s4, a4, -1366
core   0: 3 0x8000012e (0xaaa72a13) x20 0x00000000
core   0: 0x80000132 (0x00004a9d) c.li    s5, 7
core   0: 3 0x80000132 (0x4a9d) x21 0x00000007
core   0: 0x80000134 (0x00000605) c.addi  a2, 1
core   0: 3 0x80000134 (0x0605) x12 0x00000000
core   0: 0x80000136 (0x00c75d13) srli    s10, a4, 12
core   0: 3 0x80000136 (0x00c75d13) x26 0x0000e11f
core   0: 0x8000013a (0x0000fe65) c.bnez  a2, pc - 8
core   0: 3 0x8000013a (0xfe65)
core   0: 0x8000013c (0x00008c15) c.sub   s0, a3
core   0: 3 0x8000013c (0x8c15) x 8 0x01222d63
core   0: 0x8000013e (0x034af533) remu    a0, s5, s4
core   0: 3 0x8000013e (0x034af533) x10 0x00000007
core   0: 0x80000142 (0x023036b3) mulhu   a3, zero, gp
core   0: 3 0x80000142 (0x023036b3) x13 0x00000000
core   0: 0x80000146 (0x642b7237) lui     tp, 0x642b7
core   0: 3 0x80000146 (0x642b7237) x 4 0x642b7000
core   0: 0x8000014a (0x00008ecd) c.or    a3, a1
core   0: 3 0x8000014a (0x8ecd) x13 0xfffffffc
core   0: 0x8000014c (0x012de6b3) or      a3, s11, s2
core   0: 3 0x8000014c (0x012de6b3) x13 0xfede72dd
core   0: 0x80000150 (0x417bd893) srai    a7, s7, 23
core   0: 3 0x80000150 (0x417bd893) x17 0x00000000
core   0: 0x80000154 (0x9b85b117) auipc   sp, 0x9b85b
core   0: 3 0x80000154 (0x9b85b117) x 2 0x1b85b154
core   0: 0x80000158 (0x00000001) c.nop
core   0: 3 0x80000158 (0x0001)
core   0: 0x8000015a (0xfa35dbe3) bge     a1, gp, pc - 74
core   0: 3 0x8000015a (0xfa35dbe3)
core   0: 0x8000015e (0x00008842) c.mv    a6, a6
core   0: 3 0x8000015e (0x8842) x16 0xf2168dc4
core   0: 0x80000160 (0x00700413) li      s0, 7
core   0: 3 0x80000160 (0x00700413) x 8 0x00000007
core   0: 0x80000164 (0x030a20b3) mulhsu  ra, s4, a6
core   0: 3 0x80000164 (0x030a20b3) x 1 0x00000000
core   0: 0x80000168 (0x00001afd) c.addi  s5, -1
core   0: 3 0x80000168 (0x1afd) x21 0x00000006
core   0: 0x8000016a (0x023a08b3) mul     a7, s4, gp
core   0: 3 0x8000016a (0x023a08b3) x17 0x00000000
core   0: 0x8000016e (0x1e51b193) sltiu   gp, gp, 485
core   0: 3 0x8000016e (0x1e51b193) x 3 0x00000000
core   0: 0x80000172 (0x402188b3) sub     a7, gp, sp
core   0: 3 0x80000172 (0x402188b3) x17 0xe47a4eac
core   0: 0x80000176 (0x000001aa) c.slli  gp, 10
core   0: 3 0x80000176 (0x01aa) x 3 0x00000000
core   0: 0x80000178 (0x00000001) c.nop
core   0: 3 0x80000178 (0x0001)
core   0: 0x8000017a (0x037241b3) div     gp, tp, s7
core   0: 3 0x8000017a (0x037241b3) x 3 0xffffffff
core   0: 0x8000017e (0x000091be) c.add   gp, a5
core   0: 3 0x8000017e (0x91be) x 3 0xffffffff
core   0: 0x80000180 (0x00009b3a) c.add   s6, a4
core   0: 3 0x80000180 (0x9b3a) x22 0x8e11fca6
core   0: 0x80000182 (0x00001465) c.addi  s0, -7
core   0: 3 0x80000182 (0x1465) x 8 0x00000000
core   0: 0x80000184 (0xb6a89897) auipc   a7, 0xb6a89
core   0: 3 0x80000184 (0xb6a89897) x17 0x36a89184
core   0: 0x80000188 (0x00008d51) c.or    a0, a2
core   0: 3 0x80000188 (0x8d51) x10 0x00000007
core   0: 0x8000018a (0x000014fd) c.addi  s1, -1
core   0: 3 0x8000018a (0x14fd) x 9 0xfffffffe
core   0: 0x8000018c (0xfff00613) li      a2, -1
core   0: 3 0x8000018c (0xfff00613) x12 0xffffffff
core   0: 0x80000190 (0x78e9a193) slti    gp, s3, 1934
core   0: 3 0x80000190 (0x78e9a193) x 3 0x00000001
core   0: 0x80000194 (0x01100113) li      sp, 17
core   0: 3 0x80000194 (0x01100113) x 2 0x00000011
core   0: 0x80000198 (0x00008f35) c.xor   a4, a3
core   0: 3 0x80000198 (0x8f35) x14 0xf0cf8e7b
core   0: 0x8000019a (0x00008cd9) c.or    s1, a4
core   0: 3 0x8000019a (0x8cd9) x 9 0xffffffff
core   0: 0x8000019c (0x00008d21) c.xor   a0, s0
core   0: 3 0x8000019c (0x8d21) x10 0x00000007
core   0: 0x8000019e (0x001534b3) sltu    s1, a0, ra
core   0: 3 0x8000019e (0x001534b3) x 9 0x00000000
core   0: 0x800001a2 (0x000041c1) c.li    gp, 16
core   0: 3 0x800001a2 (0x41c1) x 3 0x00000010
core   0: 0x800001a4 (0x00004ac9) c.li    s5, 18
core   0: 3 0x800001a4 (0x4ac9) x21 0x00000012
core   0: 0x800001a6 (0x0000824a) c.mv    tp, s2
core   0: 3 0x800001a6 (0x824a) x 4 0x80000000
core   0: 0x800001a8 (0x00000a91) c.addi  s5, 4
core   0: 3 0x800001a8 (0x0a91) x21 0x00000016
core   0: 0x800001aa (0x0000061d) c.addi  a2, 7
core   0: 3 0x800001aa (0x061d) x12 0x00000006
core   0: 0x800001ac (0xfe266ee3) bltu    a2, sp, pc - 4
core   0: 3 0x800001ac (0xfe266ee3)
core   0: 0x800001a8 (0x00000a91) c.addi  s5, 4
core   0: 3 0x800001a8 (0x0a91) x21 0x0000001a
core   0: 0x800001aa (0x0000061d) c.addi  a2, 7
core   0: 3 0x800001aa (0x061d) x12 0x0000000d
core   0: 0x800001ac (0xfe266ee3) bltu    a2, sp, pc - 4
core   0: 3 0x800001ac (0xfe266ee3)
core   0: 0x800001a8 (0x00000a91) c.addi  s5, 4
core   0: 3 0x800001a8 (0x0a91) x21 0x0000001e
core   0: 0x800001aa (0x0000061d) c.addi  a2, 7
core   0: 3 0x800001aa (0x061d) x12 0x00000014
core   0: 0x800001ac (0xfe266ee3) bltu    a2, sp, pc - 4
core   0: 3 0x800001ac (0xfe266ee3)
core   0: 0x800001b0 (0x0247b933) mulhu   s2, a5, tp
core   0: 3 0x800001b0 (0x0247b933) x18 0x00000000
core   0: 0x800001b4 (0xe4201d17) auipc   s10, 0xe4201
core   0: 3 0x800001b4 (0xe4201d17) x26 0x642011b4
core   0: 0x800001b8 (0x50d8f093) andi    ra, a7, 1293
core   0: 3 0x800001b8 (0x50d8f093) x 1 0x00000104
core   0: 0x800001bc (0x0000d071) c.beqz  s0, pc - 60
core   0: 3 0x800001bc (0xd071)
core   0: 0x80000180 (0x00009b3a) c.add   s6, a4
core   0: 3 0x80000180 (0x9b3a) x22 0x7ee18b21
core   0: 0x80000182 (0x00001465) c.addi  s0, -7
core   0: 3 0x80000182 (0x1465) x 8 0xfffffff9
core   0: 0x80000184 (0xb6a89897) auipc   a7, 0xb6a89
core   0: 3 0x80000184 (0xb6a89897) x17 0x36a89184
core   0: 0x80000188 (0x00008d51) c.or    a0, a2
core   0: 3 0x80000188 (0x8d51) x10 0x00000017
core   0: 0x8000018a (0x000014fd) c.addi  s1, -1
core   0: 3 0x8000018a (0x14fd) x 9 0xffffffff
core   0: 0x8000018c (0xfff00613) li      a2, -1
core   0: 3 0x8000018c (0xfff00613) x12 0xffffffff
core   0: 0x80000190 (0x78e9a193) slti    gp, s3, 1934
core   0: 3 0x80000190 (0x78e9a193) x 3 0x00000001
core   0: 0x80000194 (0x01100113) li      sp, 17
core   0: 3 0x80000194 (0x01100113) x 2 0x00000011
core   0: 0x80000198 (0x00008f35) c.xor   a4, a3
core   0: 3 0x80000198 (0x8f35) x14 0x0e11fca6
core   0: 0x8000019a (0x00008cd9) c.or    s1, a4
core   0: 3 0x8000019a (0x8cd9) x 9 0xffffffff
core   0: 0x8000019c (0x00008d21) c.xor   a0, s0
core   0: 3 0x8000019c (0x8d21) x10 0xffffffee
core   0: 0x8000019e (0x001534b3) sltu    s1, a0, ra
core   0: 3 0x8000019e (0x001534b3) x 9 0x00000000
core   0: 0x800001a2 (0x000041c1) c.li    gp, 16
core   0: 3 0x800001a2 (0x41c1) x 3 0x00000010
core   0: 0x800001a4 (0x00004ac9) c.li    s5, 18
core   0: 3 0x800001a4 (0x4ac9) x21 0x00000012
core   0: 0x800001a6 (0x0000824a) c.mv    tp, s2
core   0: 3 0x800001a6 (0x824a) x 4 0x00000000
core   0: 0x800001a8 (0x00000a91) c.addi  s5, 4
core   0: 3 0x800001a8 (0x0a91) x21 0x00000016
core   0: 0x800001aa (0x0000061d) c.addi  a2, 7
core   0: 3 0x800001aa (0x061d) x12 0x00000006
core   0: 0x800001ac (0xfe266ee3) bltu    a2, sp, pc - 4
core   0: 3 0x800001ac (0xfe266ee3)
core   0: 0x800001a8 (0x00000a91) c.addi  s5, 4
core   0: 3 0x800001a8 (0x0a91) x21 0x0000001a
core   0: 0x800001aa (0x0000061d) c.addi  a2, 7
core   0: 3 0x800001aa (0x061d) x12 0x0000000d
core   0: 0x800001ac (0xfe266ee3) bltu    a2, sp, pc - 4
core   0: 3 0x800001ac (0xfe266ee3)
core   0: 0x800001a8 (0x00000a91) c.addi  s5, 4
core   0: 3 0x800001a8 (0x0a91) x21 0x0000001e
core   0: 0x800001aa (0x0000061d) c.addi  a2, 7
core   0: 3 0x800001aa (0x061d) x12 0x00000014
core   0: 0x800001ac (0xfe266ee3) bltu    a2, sp, pc - 4
core   0: 3 0x800001ac (0xfe266ee3)
core   0: 0x800001b0 (0x0247b933) mulhu   s2, a5, tp
core   0: 3 0x800001b0 (0x0247b933) x18 0x00000000
core   0: 0x800001b4 (0xe4201d17) auipc   s10, 0xe4201
core   0: 3 0x800001b4 (0xe4201d17) x26 0x642011b4
core   0: 0x800001b8 (0x50d8f093) andi    ra, a7, 1293
core   0: 3 0x800001b8 (0x50d8f093) x 1 0x00000104
core   0: 0x800001bc (0x0000d071) c.beqz  s0, pc - 60
core   0: 3 0x800001bc (0xd071)
core   0: 0x800001be (0x009e9193) slli    gp, t4, 9
core   0: 3 0x800001be (0x009e9193) x 3 0x00000000
core   0: 0x800001c2 (0xff800c93) li      s9, -8
core   0: 3 0x800001c2 (0xff800c93) x25 0xfffffff8
core   0: 0x800001c6 (0x00100b13) li      s6, 1
core   0: 3 0x800001c6 (0x00100b13) x22 0x00000001
core   0: 0x800001ca (0xc39f2413) slti    s0, t5, -967
core   0: 3 0x800001ca (0xc39f2413) x 8 0x00000000
core   0: 0x800001ce (0x00000c8d) c.addi  s9, 3
core   0: 3 0x800001ce (0x0c8d) x25 0xfffffffb
core   0: 0x800001d0 (0xffd00793) li      a5, -3
core   0: 3 0x800001d0 (0xffd00793) x15 0xfffffffd
core   0: 0x800001d4 (0x00f00893) li      a7, 15
core   0: 3 0x800001d4 (0x00f00893) x17 0x0000000f
core   0: 0x800001d8 (0x00008cfd) c.and   s1, a5
core   0: 3 0x800001d8 (0x8cfd) x 9 0x00000000
core   0: 0x800001da (0x00008925) c.andi  a0, 9
core   0: 3 0x800001da (0x8925) x10 0x00000008
core   0: 0x800001dc (0x000007a5) c.addi  a5, 9
core   0: 3 0x800001dc (0x07a5) x15 0x00000006
core   0: 0x800001de (0xff179ee3) bne     a5, a7, pc - 4
core   0: 3 0x800001de (0xff179ee3)
core   0: 0x800001da (0x00008925) c.andi  a0, 9
core   0: 3 0x800001da (0x8925) x10 0x00000008
core   0: 0x800001dc (0x000007a5) c.addi  a5, 9
core   0: 3 0x800001dc (0x07a5) x15 0x0000000f
core   0: 0x800001de (0xff179ee3) bne     a5, a7, pc - 4
core   0: 3 0x800001de (0xff179ee3)
core   0: 0x800001e2 (0xff6ce4e3) bltu    s9, s6, pc - 24
core   0: 3 0x800001e2 (0xff6ce4e3)
core   0: 0x800001e6 (0x4162dd13) srai    s10, t0, 22
core   0: 3 0x800001e6 (0x4162dd13) x26 0x00000000
core   0: 0x800001ea (0xff900613) li      a2, -7
core   0: 3 0x800001ea (0xff900613) x12 0xfffffff9
core   0: 0x800001ee (0x00600e93) li      t4, 6
core   0: 3 0x800001ee (0x00600e93) x29 0x00000006
core   0: 0x800001f2 (0x000066d9) c.lui   a3, 0x16
core   0: 3 0x800001f2 (0x66d9) x13 0x00016000
core   0: 0x800001f4 (0x00000605) c.addi  a2, 1
core   0: 3 0x800001f4 (0x0605) x12 0xfffffffa
core   0: 0x800001f6 (0xffd61ee3) bne     a2, t4, pc - 4
core   0: 3 0x800001f6 (0xffd61ee3)
core   0: 0x800001f2 (0x000066d9) c.lui   a3, 0x16
core   0: 3 0x800001f2 (0x66d9) x13 0x00016000
core   0: 0x800001f4 (0x00000605) c.addi  a2, 1
core   0: 3 0x800001f4 (0x0605) x12 0xfffffffb
core   0: 0x800001f6 (0xffd61ee3) bne     a2, t4, pc - 4
core   0: 3 0x800001f6 (0xffd61ee3)
core   0: 0x800001f2 (0x000066d9) c.lui   a3, 0x16
core   0: 3 0x800001f2 (0x66d9) x13 0x00016000
core   0: 0x800001f4 (0x00000605) c.addi  a2, 1
core   0: 3 0x800001f4 (0x0605) x12 0xfffffffc
core   0: 0x800001f6 (0xffd61ee3) bne     a2, t4, pc - 4
core   0: 3 0x800001f6 (0xffd61ee3)
core   0: 0x800001f2 (0x000066d9) c.lui   a3, 0x16
core   0: 3 0x800001f2 (0x66d9) x13 0x00016000
core   0: 0x800001f4 (0x00000605) c.addi  a2, 1
core   0: 3 0x800001f4 (0x0605) x12 0xfffffffd
core   0: 0x800001f6 (0xffd61ee3) bne     a2, t4, pc - 4
core   0: 3 0x800001f6 (0xffd61ee3)
core   0: 0x800001f2 (0x000066d9) c.lui   a3, 0x16
core   0: 3 0x800001f2 (0x66d9) x13 0x00016000
core   0: 0x800001f4 (0x00000605) c.addi  a2, 1
core   0: 3 0x800001f4 (0x0605) x12 0xfffffffe
core   0: 0x800001f6 (0xffd61ee3) bne     a2, t4, pc - 4
core   0: 3 0x800001f6 (0xffd61ee3)
core   0: 0x800001f2 (0x000066d9) c.lui   a3, 0x16
core   0: 3 0x800001f2 (0x66d9) x13 0x00016000
core   0: 0x800001f4 (0x00000605) c.addi  a2, 1
core   0: 3 0x800001f4 (0x0605) x12 0xffffffff
core   0: 0x800001f6 (0xffd61ee3) bne     a2, t4, pc - 4
core   0: 3 0x800001f6 (0xffd61ee3)
core   0: 0x800001f2 (0x000066d9) c.lui   a3, 0x16
core   0: 3 0x800001f2 (0x66d9) x13 0x00016000
core   0: 0x800001f4 (0x00000605) c.addi  a2, 1
core   0: 3 0x800001f4 (0x0605) x12 0x00000000
core   0: 0x800001f6 (0xffd61ee3) bne     a2, t4, pc - 4
core   0: 3 0x800001f6 (0xffd61ee3)
core   0: 0x800001f2 (0x000066d9) c.lui   a3, 0x16
core   0: 3 0x800001f2 (0x66d9) x13 0x00016000
core   0: 0x800001f4 (0x00000605) c.addi  a2, 1
core   0: 3 0x800001f4 (0x0605) x12 0x00000001
core   0: 0x800001f6 (0xffd61ee3) bne     a2, t4, pc - 4
core   0: 3 0x800001f6 (0xffd61ee3)
core   0: 0x800001f2 (0x000066d9) c.lui   a3, 0x16
core   0: 3 0x800001f2 (0x66d9) x13 0x00016000
core   0: 0x800001f4 (0x00000605) c.addi  a2, 1
core   0: 3 0x800001f4 (0x0605) x12 0x00000002
core   0: 0x800001f6 (0xffd61ee3) bne     a2, t4, pc - 4
core   0: 3 0x800001f6 (0xffd61ee3)
core   0: 0x800001f2 (0x000066d9) c.lui   a3, 0x16
core   0: 3 0x800001f2 (0x66d9) x13 0x00016000
core   0: 0x800001f4 (0x00000605) c.addi  a2, 1
core   0: 3 0x800001f4 (0x0605) x12 0x00000003
core   0: 0x800001f6 (0xffd61ee3) bne     a2, t4, pc - 4
core   0: 3 0x800001f6 (0xffd61ee3)
core   0: 0x800001f2 (0x000066d9) c.lui   a3, 0x16
core   0: 3 0x800001f2 (0x66d9) x13 0x00016000
core   0: 0x800001f4 (0x00000605) c.addi  a2, 1
core   0: 3 0x800001f4 (0x0605) x12 0x00000004
core   0: 0x800001f6 (0xffd61ee3) bne     a2, t4, pc - 4
core   0: 3 0x800001f6 (0xffd61ee3)
core   0: 0x800001f2 (0x000066d9) c.lui   a3, 0x16
core   0: 3 0x800001f2 (0x66d9) x13 0x00016000
core   0: 0x800001f4 (0x00000605) c.addi  a2, 1
core   0: 3 0x800001f4 (0x0605) x12 0x00000005
core   0: 0x800001f6 (0xffd61ee3) bne     a2, t4, pc - 4
core   0: 3 0x800001f6 (0xffd61ee3)
core   0: 0x800001f2 (0x000066d9) c.lui   a3, 0x16
core   0: 3 0x800001f2 (0x66d9) x13 0x00016000
core   0: 0x800001f4 (0x00000605) c.addi  a2, 1
core   0: 3 0x800001f4 (0x0605) x12 0x00000006
core   0: 0x800001f6 (0xffd61ee3) bne     a2, t4, pc - 4
core   0: 3 0x800001f6 (0xffd61ee3)
core   0: 0x800001fa (0x028345b3) div     a1, t1, s0
core   0: 3 0x800001fa (0x028345b3) x11 0xffffffff
core   0: 0x800001fe (0x00500693) li      a3, 5
core   0: 3 0x800001fe (0x00500693) x13 0x00000005
core   0: 0x80000202 (0x00008c95) c.sub   s1, a3
core   0: 3 0x80000202 (0x8c95) x 9 0xfffffffb
core   0: 0x80000204 (0x05392b13) slti    s6, s2, 83
core   0: 3 0x80000204 (0x05392b13) x22 0x00000001
core   0: 0x80000208 (0x028e7a33) remu    s4, t3, s0
core   0: 3 0x80000208 (0x028e7a33) x20 0xf6ddeccd
core   0: 0x8000020c (0x00008e46) c.mv    t3, a7
core   0: 3 0x8000020c (0x8e46) x28 0x0000000f
core   0: 0x8000020e (0x00000001) c.nop
core   0: 3 0x8000020e (0x0001)
core   0: 0x80000210 (0x41a7d7b3) sra     a5, a5, s10
core   0: 3 0x80000210 (0x41a7d7b3) x15 0x0000000f
core   0: 0x80000214 (0x02ae4c33) div     s8, t3, a0
core   0: 3 0x80000214 (0x02ae4c33) x24 0x00000001
core   0: 0x80000218 (0x000016ed) c.addi  a3, -5
core   0: 3 0x80000218 (0x16ed) x13 0x00000000
core   0: 0x8000021a (0x00cc68b3) or      a7, s8, a2
core   0: 3 0x8000021a (0x00cc68b3) x17 0x00000007
core   0: 0x8000021e (0x00800713) li      a4, 8
core   0: 3 0x8000021e (0x00800713) x14 0x00000008
core   0: 0x80000222 (0x000095ba) c.add   a1, a4
core   0: 3 0x80000222 (0x95ba) x11 0x00000007
core   0: 0x80000224 (0x00d00d13) li      s10, 13
core   0: 3 0x80000224 (0x00d00d13) x26 0x0000000d
core   0: 0x80000228 (0x00008161) c.srli  a0, 24
core   0: 3 0x80000228 (0x8161) x10 0x00000000
core   0: 0x8000022a (0x0157c7b3) xor     a5, a5, s5
core   0: 3 0x8000022a (0x0157c7b3) x15 0x00000011
core   0: 0x8000022e (0x3d967e93) andi    t4, a2, 985
core   0: 3 0x8000022e (0x3d967e93) x29 0x00000000
core   0: 0x80000232 (0x03c971b3) remu    gp, s2, t3
core   0: 3 0x80000232 (0x03c971b3) x 3 0x00000000
core   0: 0x80000236 (0x310eab97) auipc   s7, 0x310ea
core   0: 3 0x80000236 (0x310eab97) x23 0xb10ea236
core   0: 0x8000023a (0x00000709) c.addi  a4, 2
core   0: 3 0x8000023a (0x0709) x14 0x0000000a
core   0: 0x8000023c (0xb4c68c13) addi    s8, a3, -1204
core   0: 3 0x8000023c (0xb4c68c13) x24 0xfffffb4c
core   0: 0x80000240 (0xffa76be3) bltu    a4, s10, pc - 10
core   0: 3 0x80000240 (0xffa76be3)
core   0: 0x80000236 (0x310eab97) auipc   s7, 0x310ea
core   0: 3 0x80000236 (0x310eab97) x23 0xb10ea236
core   0: 0x8000023a (0x00000709) c.addi  a4, 2
core   0: 3 0x8000023a (0x0709) x14 0x0000000c
core   0: 0x8000023c (0xb4c68c13) addi    s8, a3, -1204
core   0: 3 0x8000023c (0xb4c68c13) x24 0xfffffb4c
core   0: 0x80000240 (0xffa76be3) bltu    a4, s10, pc - 10
core   0: 3 0x80000240 (0xffa76be3)
core   0: 0x80000236 (0x310eab97) auipc   s7, 0x310ea
core   0: 3 0x80000236 (0x310eab97) x23 0xb10ea236
core   0: 0x8000023a (0x00000709) c.addi  a4, 2
core   0: 3 0x8000023a (0x0709) x14 0x0000000e
core   0: 0x8000023c (0xb4c68c13) addi    s8, a3, -1204
core   0: 3 0x8000023c (0xb4c68c13) x24 0xfffffb4c
core   0: 0x80000240 (0xffa76be3) bltu    a4, s10, pc - 10
core   0: 3 0x80000240 (0xffa76be3)
core   0: 0x80000244 (0x01201eb3) sll     t4, zero, s2
core   0: 3 0x80000244 (0x01201eb3) x29 0x00000000
core   0: 0x80000248 (0x0000d6f1) c.beqz  a3, pc - 52
core   0: 3 0x80000248 (0xd6f1)
core   0: 0x80000214 (0x02ae4c33) div     s8, t3, a0
core   0: 3 0x80000214 (0x02ae4c33) x24 0xffffffff
core   0: 0x80000218 (0x000016ed) c.addi  a3, -5
core   0: 3 0x80000218 (0x16ed) x13 0xfffffffb
core   0: 0x8000021a (0x00cc68b3) or      a7, s8, a2
core   0: 3 0x8000021a (0x00cc68b3) x17 0xffffffff
core   0: 0x8000021e (0x00800713) li      a4, 8
core   0: 3 0x8000021e (0x00800713) x14 0x00000008
core   0: 0x80000222 (0x000095ba) c.add   a1, a4
core   0: 3 0x80000222 (0x95ba) x11 0x0000000f
core   0: 0x80000224 (0x00d00d13) li      s10, 13
core   0: 3 0x80000224 (0x00d00d13) x26 0x0000000d
core   0: 0x80000228 (0x00008161) c.srli  a0, 24
core   0: 3 0x80000228 (0x8161) x10 0x00000000
core   0: 0x8000022a (0x0157c7b3) xor     a5, a5, s5
core   0: 3 0x8000022a (0x0157c7b3) x15 0x0000000f
core   0: 0x8000022e (0x3d967e93) andi    t4, a2, 985
core   0: 3 0x8000022e (0x3d967e93) x29 0x00000000
core   0: 0x80000232 (0x03c971b3) remu    gp, s2, t3
core   0: 3 0x80000232 (0x03c971b3) x 3 0x00000000
core   0: 0x80000236 (0x310eab97) auipc   s7, 0x310ea
core   0: 3 0x80000236 (0x310eab97) x23 0xb10ea236
core   0: 0x8000023a (0x00000709) c.addi  a4, 2
core   0: 3 0x8000023a (0x0709) x14 0x0000000a
core   0: 0x8000023c (0xb4c68c13) addi    s8, a3, -1204
core   0: 3 0x8000023c (0xb4c68c13) x24 0xfffffb47
core   0: 0x80000240 (0xffa76be3) bltu    a4, s10, pc - 10
core   0: 3 0x80000240 (0xffa76be3)
core   0: 0x80000236 (0x310eab97) auipc   s7, 0x310ea
core   0: 3 0x80000236 (0x310eab97) x23 0xb10ea236
core   0: 0x8000023a (0x00000709) c.addi  a4, 2
core   0: 3 0x8000023a (0x0709) x14 0x0000000c
core   0: 0x8000023c (0xb4c68c13) addi    s8, a3, -1204
core   0: 3 0x8000023c (0xb4c68c13) x24 0xfffffb47
core   0: 0x80000240 (0xffa76be3) bltu    a4, s10, pc - 10
core   0: 3 0x80000240 (0xffa76be3)
core   0: 0x80000236 (0x310eab97) auipc   s7, 0x310ea
core   0: 3 0x80000236 (0x310eab97) x23 0xb10ea236
core   0: 0x8000023a (0x00000709) c.addi  a4, 2
core   0: 3 0x8000023a (0x0709) x14 0x0000000e
core   0: 0x8000023c (0xb4c68c13) addi    s8, a3, -1204
core   0: 3 0x8000023c (0xb4c68c13) x24 0xfffffb47
core   0: 0x80000240 (0xffa76be3) bltu    a4, s10, pc - 10
core   0: 3 0x80000240 (0xffa76be3)
core   0: 0x80000244 (0x01201eb3) sll     t4, zero, s2
core   0: 3 0x80000244 (0x01201eb3) x29 0x00000000
core   0: 0x80000248 (0x0000d6f1) c.beqz  a3, pc - 52
core   0: 3 0x80000248 (0xd6f1)
core   0: 0x8000024a (0x00000001) c.nop
core   0: 3 0x8000024a (0x0001)
core   0: 0x8000024c (0x00a00693) li      a3, 10
core   0: 3 0x8000024c (0x00a00693) x13 0x0000000a
core   0: 0x80000250 (0x00000001) c.nop
core   0: 3 0x80000250 (0x0001)
core   0: 0x80000252 (0x03cbc1b3) div     gp, s7, t3
core   0: 3 0x80000252 (0x03cbc1b3) x 3 0xfabcb57c
core   0: 0x80000256 (0x02de1333) mulh    t1, t3, a3
core   0: 3 0x80000256 (0x02de1333) x 6 0x00000000
core   0: 0x8000025a (0x000016d9) c.addi  a3, -10
core   0: 3 0x8000025a (0x16d9) x13 0x00000000
core   0: 0x8000025c (0xff800593) li      a1, -8
core   0: 3 0x8000025c (0xff800593) x11 0xfffffff8
core   0: 0x80000260 (0xff900b13) li      s6, -7
core   0: 3 0x80000260 (0xff900b13) x22 0xfffffff9
core   0: 0x80000264 (0xc4634513) xori    a0, t1, -954
core   0: 3 0x80000264 (0xc4634513) x10 0xfffffc46
core   0: 0x80000268 (0x007b5f33) srl     t5, s6, t2
core   0: 3 0x80000268 (0x007b5f33) x30 0x0fffffff
core   0: 0x8000026c (0x00000599) c.addi  a1, 6
core   0: 3 0x8000026c (0x0599) x11 0xfffffffe
core   0: 0x8000026e (0xff65cbe3) blt     a1, s6, pc - 10
core   0: 3 0x8000026e (0xff65cbe3)
core   0: 0x80000272 (0x0000d2f5) c.beqz  a3, pc - 28
core   0: 3 0x80000272 (0xd2f5)
core   0: 0x80000256 (0x02de1333) mulh    t1, t3, a3
core   0: 3 0x80000256 (0x02de1333) x 6 0x00000000
core   0: 0x8000025a (0x000016d9) c.addi  a3, -10
core   0: 3 0x8000025a (0x16d9) x13 0xfffffff6
core   0: 0x8000025c (0xff800593) li      a1, -8
core   0: 3 0x8000025c (0xff800593) x11 0xfffffff8
core   0: 0x80000260 (0xff900b13) li      s6, -7
core   0: 3 0x80000260 (0xff900b13) x22 0xfffffff9
core   0: 0x80000264 (0xc4634513) xori    a0, t1, -954
core   0: 3 0x80000264 (0xc4634513) x10 0xfffffc46
core   0: 0x80000268 (0x007b5f33) srl     t5, s6, t2
core   0: 3 0x80000268 (0x007b5f33) x30 0x0fffffff
core   0: 0x8000026c (0x00000599) c.addi  a1, 6
core   0: 3 0x8000026c (0x0599) x11 0xfffffffe
core   0: 0x8000026e (0xff65cbe3) blt     a1, s6, pc - 10
core   0: 3 0x8000026e (0xff65cbe3)
core   0: 0x80000272 (0x0000d2f5) c.beqz  a3, pc - 28
core   0: 3 0x80000272 (0xd2f5)
core   0: 0x80000274 (0x03515133) divu    sp, sp, s5
core   0: 3 0x80000274 (0x03515133) x 2 0x00000000
core   0: 0x80000278 (0x00400893) li      a7, 4
core   0: 3 0x80000278 (0x00400893) x17 0x00000004
core   0: 0x8000027c (0x00300f13) li      t5, 3
core   0: 3 0x8000027c (0x00300f13) x30 0x00000003
core   0: 0x80000280 (0x00006cc5) c.lui   s9, 0x11
core   0: 3 0x80000280 (0x6cc5) x25 0x00011000
core   0: 0x80000282 (0x000018f9) c.addi  a7, -2
core   0: 3 0x80000282 (0x18f9) x17 0x00000002
core   0: 0x80000284 (0x00300593) li      a1, 3
core   0: 3 0x80000284 (0x00300593) x11 0x00000003
core   0: 0x80000288 (0xfef00a13) li      s4, -17
core   0: 3 0x80000288 (0xfef00a13) x20 0xffffffef
core   0: 0x8000028c (0x7961a213) slti    tp, gp, 1942
core   0: 3 0x8000028c (0x7961a213) x 4 0x00000001
core   0: 0x80000290 (0x000015f5) c.addi  a1, -3
core   0: 3 0x80000290 (0x15f5) x11 0x00000000
core   0: 0x80000292 (0x000091a2) c.add   gp, s0
core   0: 3 0x80000292 (0x91a2) x 3 0xfabcb57c
core   0: 0x80000294 (0xff45dce3) bge     a1, s4, pc - 8
core   0: 3 0x80000294 (0xff45dce3)
core   0: 0x8000028c (0x7961a213) slti    tp, gp, 1942
core   0: 3 0x8000028c (0x7961a213) x 4 0x00000001
core   0: 0x80000290 (0x000015f5) c.addi  a1, -3
core   0: 3 0x80000290 (0x15f5) x11 0xfffffffd
core   0: 0x80000292 (0x000091a2) c.add   gp, s0
core   0: 3 0x80000292 (0x91a2) x 3 0xfabcb57c
core   0: 0x80000294 (0xff45dce3) bge     a1, s4, pc - 8
core   0: 3 0x80000294 (0xff45dce3)
core   0: 0x8000028c (0x7961a213) slti    tp, gp, 1942
core   0: 3 0x8000028c (0x7961a213) x 4 0x00000001
core   0: 0x80000290 (0x000015f5) c.addi  a1, -3
core   0: 3 0x80000290 (0x15f5) x11 0xfffffffa
core   0: 0x80000292 (0x000091a2) c.add   gp, s0
core   0: 3 0x80000292 (0x91a2) x 3 0xfabcb57c
core   0: 0x80000294 (0xff45dce3) bge     a1, s4, pc - 8
core   0: 3 0x80000294 (0xff45dce3)
core   0: 0x8000028c (0x7961a213) slti    tp, gp, 1942
core   0: 3 0x8000028c (0x7961a213) x 4 0x00000001
core   0: 0x80000290 (0x000015f5) c.addi  a1, -3
core   0: 3 0x80000290 (0x15f5) x11 0xfffffff7
core   0: 0x80000292 (0x000091a2) c.add   gp, s0
core   0: 3 0x80000292 (0x91a2) x 3 0xfabcb57c
core   0: 0x80000294 (0xff45dce3) bge     a1, s4, pc - 8
core   0: 3 0x80000294 (0xff45dce3)
core   0: 0x8000028c (0x7961a213) slti    tp, gp, 1942
core   0: 3 0x8000028c (0x7961a213) x 4 0x00000001
core   0: 0x80000290 (0x000015f5) c.addi  a1, -3
core   0: 3 0x80000290 (0x15f5) x11 0xfffffff4
core   0: 0x80000292 (0x000091a2) c.add   gp, s0
core   0: 3 0x80000292 (0x91a2) x 3 0xfabcb57c
core   0: 0x80000294 (0xff45dce3) bge     a1, s4, pc - 8
core   0: 3 0x80000294 (0xff45dce3)
core   0: 0x8000028c (0x7961a213) slti    tp, gp, 1942
core   0: 3 0x8000028c (0x7961a213) x 4 0x00000001
core   0: 0x80000290 (0x000015f5) c.addi  a1, -3
core   0: 3 0x80000290 (0x15f5) x11 0xfffffff1
core   0: 0x80000292 (0x000091a2) c.add   gp, s0
core   0: 3 0x80000292 (0x91a2) x 3 0xfabcb57c
core   0: 0x80000294 (0xff45dce3) bge     a1, s4, pc - 8
core   0: 3 0x80000294 (0xff45dce3)
core   0: 0x8000028c (0x7961a213) slti    tp, gp, 1942
core   0: 3 0x8000028c (0x7961a213) x 4 0x00000001
core   0: 0x80000290 (0x000015f5) c.addi  a1, -3
core   0: 3 0x80000290 (0x15f5) x11 0xffffffee
core   0: 0x80000292 (0x000091a2) c.add   gp, s0
core   0: 3 0x80000292 (0x91a2) x 3 0xfabcb57c
core   0: 0x80000294 (0xff45dce3) bge     a1, s4, pc - 8
core   0: 3 0x80000294 (0xff45dce3)
core   0: 0x80000298 (0xffe8f4e3) bgeu    a7, t5, pc - 24
core   0: 3 0x80000298 (0xffe8f4e3)
core   0: 0x8000029c (0x0104d793) srli    a5, s1, 16
core   0: 3 0x8000029c (0x0104d793) x15 0x0000ffff
core   0: 0x800002a0 (0x00600413) li      s0, 6
core   0: 3 0x800002a0 (0x00600413) x 8 0x00000006
core   0: 0x800002a4 (0x9c31e137) lui     sp, 0x9c31e
core   0: 3 0x800002a4 (0x9c31e137) x 2 0x9c31e000
core   0: 0x800002a8 (0x00008d95) c.sub   a1, a3
core   0: 3 0x800002a8 (0x8d95) x11 0xfffffff8
core   0: 0x800002aa (0x00001cfd) c.addi  s9, -1
core   0: 3 0x800002aa (0x1cfd) x25 0x00010fff
core   0: 0x800002ac (0x01ea9313) slli    t1, s5, 30
core   0: 3 0x800002ac (0x01ea9313) x 6 0x80000000
core   0: 0x800002b0 (0x00000001) c.nop
core   0: 3 0x800002b0 (0x0001)
core   0: 0x800002b2 (0x19429f17) auipc   t5, 0x19429
core   0: 3 0x800002b2 (0x19429f17) x30 0x994292b2
core   0: 0x800002b6 (0x01761913) slli    s2, a2, 23
core   0: 3 0x800002b6 (0x01761913) x18 0x03000000
core   0: 0x800002ba (0x00008b92) c.mv    s7, tp
core   0: 3 0x800002ba (0x8b92) x23 0x00000001
core   0: 0x800002bc (0x01f56db3) or      s11, a0, t6
core   0: 3 0x800002bc (0x01f56db3) x27 0xfffffc46
core   0: 0x800002c0 (0x13ed6813) ori     a6, s10, 318
core   0: 3 0x800002c0 (0x13ed6813) x16 0x0000013f
core   0: 0x800002c4 (0x00008531) c.srai  a0, 12
core   0: 3 0x800002c4 (0x8531) x10 0xffffffff
core   0: 0x800002c6 (0x01028633) add     a2, t0, a6
core   0: 3 0x800002c6 (0x01028633) x12 0x00000141
core   0: 0x800002ca (0x00001469) c.addi  s0, -6
core   0: 3 0x800002ca (0x1469) x 8 0x00000000
core   0: 0x800002cc (0x00008e39) c.xor   a2, a4
core   0: 3 0x800002cc (0x8e39) x12 0x0000014f
core   0: 0x800002ce (0x001f1833) sll     a6, t5, ra
core   0: 3 0x800002ce (0x001f1833) x16 0x94292b20
core   0: 0x800002d2 (0x413081b3) sub     gp, ra, s3
core   0: 3 0x800002d2 (0x413081b3) x 3 0x7ffdd2a0
core   0: 0x800002d6 (0x0000d07d) c.beqz  s0, pc - 26
core   0: 3 0x800002d6 (0xd07d)
core   0: 0x800002bc (0x01f56db3) or      s11, a0, t6
core   0: 3 0x800002bc (0x01f56db3) x27 0xffffffff
core   0: 0x800002c0 (0x13ed6813) ori     a6, s10, 318
core   0: 3 0x800002c0 (0x13ed6813) x16 0x0000013f
core   0: 0x800002c4 (0x00008531) c.srai  a0, 12
core   0: 3 0x800002c4 (0x8531) x10 0xffffffff
core   0: 0x800002c6 (0x01028633) add     a2, t0, a6
core   0: 3 0x800002c6 (0x01028633) x12 0x00000141
core   0: 0x800002ca (0x00001469) c.addi  s0, -6
core   0: 3 0x800002ca (0x1469) x 8 0xfffffffa
core   0: 0x800002cc (0x00008e39) c.xor   a2, a4
core   0: 3 0x800002cc (0x8e39) x12 0x0000014f
core   0: 0x800002ce (0x001f1833) sll     a6, t5, ra
core   0: 3 0x800002ce (0x001f1833) x16 0x94292b20
core   0: 0x800002d2 (0x413081b3) sub     gp, ra, s3
core   0: 3 0x800002d2 (0x413081b3) x 3 0x7ffdd2a0
core   0: 0x800002d6 (0x0000d07d) c.beqz  s0, pc - 26
core   0: 3 0x800002d6 (0xd07d)
core   0: 0x800002d8 (0x02c650b3) divu    ra, a2, a2
core   0: 3 0x800002d8 (0x02c650b3) x 1 0x00000001
core   0: 0x800002dc (0x00400793) li      a5, 4
core   0: 3 0x800002dc (0x00400793) x15 0x00000004
core   0: 0x800002e0 (0x0000997d) c.andi  a0, -1
core   0: 3 0x800002e0 (0x997d) x10 0xffffffff
core   0: 0x800002e2 (0x00500c13) li      s8, 5
core   0: 3 0x800002e2 (0x00500c13) x24 0x00000005
core   0: 0x800002e6 (0x0edd4693) xori    a3, s10, 237
core   0: 3 0x800002e6 (0x0edd4693) x13 0x000000e0
core   0: 0x800002ea (0xccfd0193) addi    gp, s10, -817
core   0: 3 0x800002ea (0xccfd0193) x 3 0xfffffcdc
core   0: 0x800002ee (0x00008e5a) c.mv    t3, s6
core   0: 3 0x800002ee (0x8e5a) x28 0xfffffff9
core   0: 0x800002f0 (0x039ee833) rem     a6, t4, s9
core   0: 3 0x800002f0 (0x039ee833) x16 0x00000000
core   0: 0x800002f4 (0x018a4b33) xor     s6, s4, s8
core   0: 3 0x800002f4 (0x018a4b33) x22 0xffffffea
core   0: 0x800002f8 (0x00001488) c.addi4spn a0, sp, 608
core   0: 3 0x800002f8 (0x1488) x10 0x9c31e260
core   0: 0x800002fa (0x02ddbb33) mulhu   s6, s11, a3
core   0: 3 0x800002fa (0x02ddbb33) x22 0x000000df
core   0: 0x800002fe (0x130cbfb7) lui     t6, 0x130cb
core   0: 3 0x800002fe (0x130cbfb7) x31 0x130cb000
core   0: 0x80000302 (0x0000717d) c.addi16sp sp, -16
core   0: 3 0x80000302 (0x717d) x 2 0x9c31dff0
core   0: 0x80000304 (0x00887717) auipc   a4, 0x887
core   0: 3 0x80000304 (0x00887717) x14 0x80887304
core   0: 0x80000308 (0x02a95633) divu    a2, s2, a0
core   0: 3 0x80000308 (0x02a95633) x12 0x00000000
core   0: 0x8000030c (0x000050fd) c.li    ra, -1
core   0: 3 0x8000030c (0x50fd) x 1 0xffffffff
core   0: 0x8000030e (0x000007a5) c.addi  a5, 9
core   0: 3 0x8000030e (0x07a5) x15 0x0000000d
core   0: 0x80000310 (0x00008cb1) c.xor   s1, a2
core   0: 3 0x80000310 (0x8cb1) x 9 0xfffffffb
core   0: 0x80000312 (0x0000885e) c.mv    a6, s7
core   0: 3 0x80000312 (0x885e) x16 0x00000001
core   0: 0x80000314 (0x00000001) c.nop
core   0: 3 0x80000314 (0x0001)
core   0: 0x80000316 (0x40585313) srai    t1, a6, 5
core   0: 3 0x80000316 (0x40585313) x 6 0x00000000
core   0: 0x8000031a (0x00008dcd) c.or    a1, a1
core   0: 3 0x8000031a (0x8dcd) x11 0xfffffff8
core   0: 0x8000031c (0xfe9ebd93) sltiu   s11, t4, -23
core   0: 3 0x8000031c (0xfe9ebd93) x27 0x00000001
core   0: 0x80000320 (0x03906733) rem     a4, zero, s9
core   0: 3 0x80000320 (0x03906733) x14 0x00000000
core   0: 0x80000324 (0x410b0db3) sub     s11, s6, a6
core   0: 3 0x80000324 (0x410b0db3) x27 0x000000de
core   0: 0x80000328 (0xfd87c9e3) blt     a5, s8, pc - 46
core   0: 3 0x80000328 (0xfd87c9e3)
core   0: 0x8000032c (0x00000001) c.nop
core   0: 3 0x8000032c (0x0001)
core   0: 0x8000032e (0xff900c93) li      s9, -7
core   0: 3 0x8000032e (0xff900c93) x25 0xfffffff9
core   0: 0x80000332 (0x01100113) li      sp, 17
core   0: 3 0x80000332 (0x01100113) x 2 0x00000011
core   0: 0x80000336 (0xa70d8e93) addi    t4, s11, -1424
core   0: 3 0x80000336 (0xa70d8e93) x29 0xfffffb4e
core   0: 0x8000033a (0x00000c91) c.addi  s9, 4
core   0: 3 0x8000033a (0x0c91) x25 0xfffffffd
core   0: 0x8000033c (0x00a00613) li      a2, 10
core   0: 3 0x8000033c (0x00a00613) x12 0x0000000a
core   0: 0x80000340 (0x00a00a13) li      s4, 10
core   0: 3 0x80000340 (0x00a00a13) x20 0x0000000a
core   0: 0x80000344 (0x7450f313) andi    t1, ra, 1861
core   0: 3 0x80000344 (0x7450f313) x 6 0x00000745
core   0: 0x80000348 (0x0000167d) c.addi  a2, -1
core   0: 3 0x80000348 (0x167d) x12 0x00000009
core   0: 0x8000034a (0xff467de3) bgeu    a2, s4, pc - 6
core   0: 3 0x8000034a (0xff467de3)
core   0: 0x8000034e (0xfe2ce4e3) bltu    s9, sp, pc - 24
core   0: 3 0x8000034e (0xfe2ce4e3)
core   0: 0x80000352 (0x00000001) c.nop
core   0: 3 0x80000352 (0x0001)
core   0: 0x80000354 (0xffa00513) li      a0, -6
core   0: 3 0x80000354 (0xffa00513) x10 0xfffffffa
core   0: 0x80000358 (0x00432833) slt     a6, t1, tp
core   0: 3 0x80000358 (0x00432833) x16 0x00000000
core   0: 0x8000035c (0x43b0bd93) sltiu   s11, ra, 1083
core   0: 3 0x8000035c (0x43b0bd93) x27 0x00000000
core   0: 0x80000360 (0x0ff0000f) fence   iorw,iorw
core   0: 3 0x80000360 (0x0ff0000f)
core   0: 0x80000364 (0x00006259) c.lui   tp, 0x16
core   0: 3 0x80000364 (0x6259) x 4 0x00016000
core   0: 0x80000366 (0xff000f93) li      t6, -16
core   0: 3 0x80000366 (0xff000f93) x31 0xfffffff0
core   0: 0x8000036a (0x00009cca) c.add   s9, s2
core   0: 3 0x8000036a (0x9cca) x25 0x02fffffd
core   0: 0x8000036c (0xa55bef13) ori     t5, s7, -1451
core   0: 3 0x8000036c (0xa55bef13) x30 0xfffffa55
core   0: 0x80000370 (0x0000156d) c.addi  a0, -5
core   0: 3 0x80000370 (0x156d) x10 0xfffffff5
core   0: 0x80000372 (0x00006145) c.addi16sp sp, 48
core   0: 3 0x80000372 (0x6145) x 2 0x00000041
core   0: 0x80000374 (0xfff55be3) bge     a0, t6, pc - 10
core   0: 3 0x80000374 (0xfff55be3)
core   0: 0x8000036a (0x00009cca) c.add   s9, s2
core   0: 3 0x8000036a (0x9cca) x25 0x05fffffd
core   0: 0x8000036c (0xa55bef13) ori     t5, s7, -1451
core   0: 3 0x8000036c (0xa55bef13) x30 0xfffffa55
core   0: 0x80000370 (0x0000156d) c.addi  a0, -5
core   0: 3 0x80000370 (0x156d) x10 0xfffffff0
core   0: 0x80000372 (0x00006145) c.addi16sp sp, 48
core   0: 3 0x80000372 (0x6145) x 2 0x00000071
core   0: 0x80000374 (0xfff55be3) bge     a0, t6, pc - 10
core   0: 3 0x80000374 (0xfff55be3)
core   0: 0x8000036a (0x00009cca) c.add   s9, s2
core   0: 3 0x8000036a (0x9cca) x25 0x08fffffd
core   0: 0x8000036c (0xa55bef13) ori     t5, s7, -1451
core   0: 3 0x8000036c (0xa55bef13) x30 0xfffffa55
core   0: 0x80000370 (0x0000156d) c.addi  a0, -5
core   0: 3 0x80000370 (0x156d) x10 0xffffffeb
core   0: 0x80000372 (0x00006145) c.addi16sp sp, 48
core   0: 3 0x80000372 (0x6145) x 2 0x000000a1
core   0: 0x80000374 (0xfff55be3) bge     a0, t6, pc - 10
core   0: 3 0x80000374 (0xfff55be3)
core   0: 0x80000378 (0x015e1813) slli    a6, t3, 21
core   0: 3 0x80000378 (0x015e1813) x16 0xff200000
core   0: 0x8000037c (0xff700593) li      a1, -9
core   0: 3 0x8000037c (0xff700593) x11 0xfffffff7
core   0: 0x80000380 (0x024d7433) remu    s0, s10, tp
core   0: 3 0x80000380 (0x024d7433) x 8 0x0000000d
core   0: 0x80000384 (0x00009b7d) c.andi  a4, -1
core   0: 3 0x80000384 (0x9b7d) x14 0x00000000
core   0: 0x80000386 (0x00000001) c.nop
core   0: 3 0x80000386 (0x0001)
core   0: 0x80000388 (0x00008ca1) c.xor   s1, s0
core   0: 3 0x80000388 (0x8ca1) x 9 0xfffffff6
core   0: 0x8000038a (0x00008eed) c.and   a3, a1
core   0: 3 0x8000038a (0x8eed) x13 0x000000e0
core   0: 0x8000038c (0x6e514493) xori    s1, sp, 1765
core   0: 3 0x8000038c (0x6e514493) x 9 0x00000644
core   0: 0x80000390 (0x0000058d) c.addi  a1, 3
core   0: 3 0x80000390 (0x058d) x11 0xfffffffa
core   0: 0x80000392 (0x00000f6d) c.addi  t5, 27
core   0: 3 0x80000392 (0x0f6d) x30 0xfffffa70
core   0: 0x80000394 (0x00700793) li      a5, 7
core   0: 3 0x80000394 (0x00700793) x15 0x00000007
core   0: 0x80000398 (0x00a00613) li      a2, 10
core   0: 3 0x80000398 (0x00a00613) x12 0x0000000a
core   0: 0x8000039c (0x03579bb3) mulh    s7, a5, s5
core   0: 3 0x8000039c (0x03579bb3) x23 0x00000000
core   0: 0x800003a0 (0x00008abd) c.andi  a3, 15
core   0: 3 0x800003a0 (0x8abd) x13 0x00000000
core   0: 0x800003a2 (0x417d0833) sub     a6, s10, s7
core   0: 3 0x800003a2 (0x417d0833) x16 0x0000000d
core   0: 0x800003a6 (0x0ac01cb7) lui     s9, 0xac01
core   0: 3 0x800003a6 (0x0ac01cb7) x25 0x0ac01000
core   0: 0x800003aa (0x0049e733) or      a4, s3, tp
core   0: 3 0x800003aa (0x0049e733) x14 0x80036e64
core   0: 0x800003ae (0x000007a5) c.addi  a5, 9
core   0: 3 0x800003ae (0x07a5) x15 0x00000010
core   0: 0x800003b0 (0xfec7cde3) blt     a5, a2, pc - 6
core   0: 3 0x800003b0 (0xfec7cde3)
core   0: 0x800003b4 (0x00000685) c.addi  a3, 1
core   0: 3 0x800003b4 (0x0685) x13 0x00000001
core   0: 0x800003b6 (0x00000001) c.nop
core   0: 3 0x800003b6 (0x0001)
core   0: 0x800003b8 (0x0178b433) sltu    s0, a7, s7
core   0: 3 0x800003b8 (0x0178b433) x 8 0x00000000
core   0: 0x800003bc (0x0000d5f9) c.beqz  a1, pc - 50
core   0: 3 0x800003bc (0xd5f9)
core   0: 0x800003be (0x00008ca5) c.xor   s1, s1
core   0: 3 0x800003be (0x8ca5) x 9 0x00000000
core   0: 0x800003c0 (0xff600d13) li      s10, -10
core   0: 3 0x800003c0 (0xff600d13) x26 0xfffffff6
core   0: 0x800003c4 (0xfec00a93) li      s5, -20
core   0: 3 0x800003c4 (0xfec00a93) x21 0xffffffec
core   0: 0x800003c8 (0x015dcb33) xor     s6, s11, s5
core   0: 3 0x800003c8 (0x015dcb33) x22 0xffffffec
core   0: 0x800003cc (0x00001d59) c.addi  s10, -10
core   0: 3 0x800003cc (0x1d59) x26 0xffffffec
core   0: 0x800003ce (0xff5d1de3) bne     s10, s5, pc - 6
core   0: 3 0x800003ce (0xff5d1de3)
core   0: 0x800003d2 (0x02c17433) remu    s0, sp, a2
core   0: 3 0x800003d2 (0x02c17433) x 8 0x00000001
core   0: 0x800003d6 (0xffd00b93) li      s7, -3
core   0: 3 0x800003d6 (0xffd00b93) x23 0xfffffffd
core   0: 0x800003da (0x00a42633) slt     a2, s0, a0
core   0: 3 0x800003da (0x00a42633) x12 0x00000000
core   0: 0x800003de (0x01418333) add     t1, gp, s4
core   0: 3 0x800003de (0x01418333) x 6 0xfffffce6
core   0: 0x800003e2 (0x00a987b3) add     a5, s3, a0
core   0: 3 0x800003e2 (0x00a987b3) x15 0x80022e4f
core   0: 0x800003e6 (0x022c20b3) mulhsu  ra, s8, sp
core   0: 3 0x800003e6 (0x022c20b3) x 1 0x00000000
core   0: 0x800003ea (0x00c00413) li      s0, 12
core   0: 3 0x800003ea (0x00c00413) x 8 0x0000000c
core   0: 0x800003ee (0xecc5b517) auipc   a0, 0xecc5b
core   0: 3 0x800003ee (0xecc5b517) x10 0x6cc5b3ee
core   0: 0x800003f2 (0xe0ea6213) ori     tp, s4, -498
core   0: 3 0x800003f2 (0xe0ea6213) x 4 0xfffffe0e
core   0: 0x800003f6 (0x00000b95) c.addi  s7, 5
core   0: 3 0x800003f6 (0x0b95) x23 0x00000002
core   0: 0x800003f8 (0xfe8bebe3) bltu    s7, s0, pc - 10
core   0: 3 0x800003f8 (0xfe8bebe3)
core   0: 0x800003ee (0xecc5b517) auipc   a0, 0xecc5b
core   0: 3 0x800003ee (0xecc5b517) x10 0x6cc5b3ee
core   0: 0x800003f2 (0xe0ea6213) ori     tp, s4, -498
core   0: 3 0x800003f2 (0xe0ea6213) x 4 0xfffffe0e
core   0: 0x800003f6 (0x00000b95) c.addi  s7, 5
core   0: 3 0x800003f6 (0x0b95) x23 0x00000007
core   0: 0x800003f8 (0xfe8bebe3) bltu    s7, s0, pc - 10
core   0: 3 0x800003f8 (0xfe8bebe3)
core   0: 0x800003ee (0xecc5b517) auipc   a0, 0xecc5b
core   0: 3 0x800003ee (0xecc5b517) x10 0x6cc5b3ee
core   0: 0x800003f2 (0xe0ea6213) ori     tp, s4, -498
core   0: 3 0x800003f2 (0xe0ea6213) x 4 0xfffffe0e
core   0: 0x800003f6 (0x00000b95) c.addi  s7, 5
core   0: 3 0x800003f6 (0x0b95) x23 0x0000000c
core   0: 0x800003f8 (0xfe8bebe3) bltu    s7, s0, pc - 10
core   0: 3 0x800003f8 (0xfe8bebe3)
core   0: 0x800003fc (0x409d58b3) sra     a7, s10, s1
core   0: 3 0x800003fc (0x409d58b3) x17 0xffffffec
core   0: 0x80000400 (0x00300793) li      a5, 3
core   0: 3 0x80000400 (0x00300793) x15 0x00000003
core   0: 0x80000404 (0xfb13fb17) auipc   s6, 0xfb13f
core   0: 3 0x80000404 (0xfb13fb17) x22 0x7b13f404
core   0: 0x80000408 (0x00008d91) c.sub   a1, a2
core   0: 3 0x80000408 (0x8d91) x11 0xfffffffa
core   0: 0x8000040a (0x00006e45) c.lui   t3, 0x11
core   0: 3 0x8000040a (0x6e45) x28 0x00011000
core   0: 0x8000040c (0x009accb3) xor     s9, s5, s1
core   0: 3 0x8000040c (0x009accb3) x25 0xffffffec
core   0: 0x80000410 (0xffa00093) li      ra, -6
core   0: 3 0x80000410 (0xffa00093) x 1 0xfffffffa
core   0: 0x80000414 (0x95efc837) lui     a6, 0x95efc
core   0: 3 0x80000414 (0x95efc837) x16 0x95efc000
core   0: 0x80000418 (0x01f71613) slli    a2, a4, 31
core   0: 3 0x80000418 (0x01f71613) x12 0x00000000
core   0: 0x8000041c (0x00008f59) c.or    a4, a4
core   0: 3 0x8000041c (0x8f59) x14 0x80036e64
core   0: 0x8000041e (0x021e3833) mulhu   a6, t3, ra
core   0: 3 0x8000041e (0x021e3833) x16 0x00010fff
core   0: 0x80000422 (0x038cc633) div     a2, s9, s8
core   0: 3 0x80000422 (0x038cc633) x12 0xfffffffc
core   0: 0x80000426 (0x03a4ec33) rem     s8, s1, s10
core   0: 3 0x80000426 (0x03a4ec33) x24 0x00000000
core   0: 0x8000042a (0x41e45c13) srai    s8, s0, 30
core   0: 3 0x8000042a (0x41e45c13) x24 0x00000000
core   0: 0x8000042e (0x000017f5) c.addi  a5, -3
core   0: 3 0x8000042e (0x17f5) x15 0x00000000
core   0: 0x80000430 (0x000054fd) c.li    s1, -1
core   0: 3 0x80000430 (0x54fd) x 9 0xffffffff
core   0: 0x80000432 (0xfe1788e3) beq     a5, ra, pc - 16
core   0: 3 0x80000432 (0xfe1788e3)
core   0: 0x80000436 (0x00008cc5) c.or    s1, s1
core   0: 3 0x80000436 (0x8cc5) x 9 0xffffffff
core   0: 0x80000438 (0xff700a13) li      s4, -9
core   0: 3 0x80000438 (0xff700a13) x20 0xfffffff7
core   0: 0x8000043c (0x000083b5) c.srli  a5, 13
core   0: 3 0x8000043c (0x83b5) x15 0x00000000
core   0: 0x8000043e (0x04088013) addi    zero, a7, 64
core   0: 3 0x8000043e (0x04088013)
core   0: 0x80000442 (0xff500813) li      a6, -11
core   0: 3 0x80000442 (0xff500813) x16 0xfffffff5
core   0: 0x80000446 (0x026fa0b3) mulhsu  ra, t6, t1
core   0: 3 0x80000446 (0x026fa0b3) x 1 0xfffffff0
core   0: 0x8000044a (0x87bc9697) auipc   a3, 0x87bc9
core   0: 3 0x8000044a (0x87bc9697) x13 0x07bc944a
core   0: 0x8000044e (0x035eaeb3) mulhsu  t4, t4, s5
core   0: 3 0x8000044e (0x035eaeb3) x29 0xfffffb4e
core   0: 0x80000452 (0xd0a4de17) auipc   t3, 0xd0a4d
core   0: 3 0x80000452 (0xd0a4de17) x28 0x50a4d452
core   0: 0x80000456 (0x00001a79) c.addi  s4, -2
core   0: 3 0x80000456 (0x1a79) x20 0xfffffff5
core   0: 0x80000458 (0x03423b93) sltiu   s7, tp, 52
core   0: 3 0x80000458 (0x03423b93) x23 0x00000000
core   0: 0x8000045c (0xff0a07e3) beq     s4, a6, pc - 18
core   0: 3 0x8000045c (0xff0a07e3)
core   0: 0x8000044a (0x87bc9697) auipc   a3, 0x87bc9
core   0: 3 0x8000044a (0x87bc9697) x13 0x07bc944a
core   0: 0x8000044e (0x035eaeb3) mulhsu  t4, t4, s5
core   0: 3 0x8000044e (0x035eaeb3) x29 0xfffffb4e
core   0: 0x80000452 (0xd0a4de17) auipc   t3, 0xd0a4d
core   0: 3 0x80000452 (0xd0a4de17) x28 0x50a4d452
core   0: 0x80000456 (0x00001a79) c.addi  s4, -2
core   0: 3 0x80000456 (0x1a79) x20 0xfffffff3
core   0: 0x80000458 (0x03423b93) sltiu   s7, tp, 52
core   0: 3 0x80000458 (0x03423b93) x23 0x00000000
core   0: 0x8000045c (0xff0a07e3) beq     s4, a6, pc - 18
core   0: 3 0x8000045c (0xff0a07e3)
core   0: 0x80000460 (0x9542b213) sltiu   tp, t0, -1708
core   0: 3 0x80000460 (0x9542b213) x 4 0x00000001
core   0: 0x80000464 (0x00000f13) li      t5, 0
core   0: 3 0x80000464 (0x00000f13) x30 0x00000000
core   0: 0x80000468 (0x03ef9633) mulh    a2, t6, t5
core   0: 3 0x80000468 (0x03ef9633) x12 0x00000000
core   0: 0x8000046c (0x0284deb3) divu    t4, s1, s0
core   0: 3 0x8000046c (0x0284deb3) x29 0x15555555
core   0: 0x80000470 (0x000091d6) c.add   gp, s5
core   0: 3 0x80000470 (0x91d6) x 3 0xfffffcc8
core   0: 0x80000472 (0x0ff0000f) fence   iorw,iorw
core   0: 3 0x80000472 (0x0ff0000f)
core   0: 0x80000476 (0x00200713) li      a4, 2
core   0: 3 0x80000476 (0x00200713) x14 0x00000002
core   0: 0x8000047a (0xb6c6c493) xori    s1, a3, -1172
core   0: 3 0x8000047a (0xb6c6c493) x 9 0xf8436f26
core   0: 0x8000047e (0x00008e1d) c.sub   a2, a5
core   0: 3 0x8000047e (0x8e1d) x12 0x00000000
core   0: 0x80000480 (0x012fde93) srli    t4, t6, 18
core   0: 3 0x80000480 (0x012fde93) x29 0x00003fff
core   0: 0x80000484 (0x0000612d) c.addi16sp sp, 224
core   0: 3 0x80000484 (0x612d) x 2 0x00000181
core   0: 0x80000486 (0x0247e233) rem     tp, a5, tp
core   0: 3 0x80000486 (0x0247e233) x 4 0x00000000
core   0: 0x8000048a (0x00008291) c.srli  a3, 4
core   0: 3 0x8000048a (0x8291) x13 0x007bc944
core   0: 0x8000048c (0x00000001) c.nop
core   0: 3 0x8000048c (0x0001)
core   0: 0x8000048e (0x38764fb7) lui     t6, 0x38764
core   0: 3 0x8000048e (0x38764fb7) x31 0x38764000
core   0: 0x80000492 (0x00008ef9) c.and   a3, a4
core   0: 3 0x80000492 (0x8ef9) x13 0x00000000
core   0: 0x80000494 (0x00000f21) c.addi  t5, 8
core   0: 3 0x80000494 (0x0f21) x30 0x00000008
core   0: 0x80000496 (0xfeef6ce3) bltu    t5, a4, pc - 8
core   0: 3 0x80000496 (0xfeef6ce3)
core   0: 0x8000049a (0x00d5ea33) or      s4, a1, a3
core   0: 3 0x8000049a (0x00d5ea33) x20 0xfffffffa
core   0: 0x8000049e (0xffa00813) li      a6, -6
core   0: 3 0x8000049e (0xffa00813) x16 0xfffffffa
core   0: 0x800004a2 (0x00059893) slli    a7, a1, 0
core   0: 3 0x800004a2 (0x00059893) x17 0xfffffffa
core   0: 0x800004a6 (0x032945b3) div     a1, s2, s2
core   0: 3 0x800004a6 (0x032945b3) x11 0x00000001
core   0: 0x800004aa (0xf1cd6093) ori     ra, s10, -228
core   0: 3 0x800004aa (0xf1cd6093) x 1 0xfffffffc
core   0: 0x800004ae (0x85300117) auipc   sp, 0x85300
core   0: 3 0x800004ae (0x85300117) x 2 0x053004ae
core   0: 0x800004b2 (0x00008f9d) c.sub   a5, a5
core   0: 3 0x800004b2 (0x8f9d) x15 0x00000000
core   0: 0x800004b4 (0x00c00193) li      gp, 12
core   0: 3 0x800004b4 (0x00c00193) x 3 0x0000000c
core   0: 0x800004b8 (0x030db733) mulhu   a4, s11, a6
core   0: 3 0x800004b8 (0x030db733) x14 0x00000000
core   0: 0x800004bc (0x00000825) c.addi  a6, 9
core   0: 3 0x800004bc (0x0825) x16 0x00000003
core   0: 0x800004be (0x8ef6b913) sltiu   s2, a3, -1809
core   0: 3 0x800004be (0x8ef6b913) x18 0x00000001
core   0: 0x800004c2 (0x00006fad) c.lui   t6, 0xb
core   0: 3 0x800004c2 (0x6fad) x31 0x0000b000
core   0: 0x800004c4 (0x02f300b3) mul     ra, t1, a5
core   0: 3 0x800004c4 (0x02f300b3) x 1 0x00000000
core   0: 0x800004c8 (0xff900b93) li      s7, -7
core   0: 3 0x800004c8 (0xff900b93) x23 0xfffffff9
core   0: 0x800004cc (0x6232ba93) sltiu   s5, t0, 1571
core   0: 3 0x800004cc (0x6232ba93) x21 0x00000001
core   0: 0x800004d0 (0xfff00b13) li      s6, -1
core   0: 3 0x800004d0 (0xfff00b13) x22 0xffffffff
core   0: 0x800004d4 (0x87ebfe37) lui     t3, 0x87ebf
core   0: 3 0x800004d4 (0x87ebfe37) x28 0x87ebf000
core   0: 0x800004d8 (0x00004171) c.li    sp, 28
core   0: 3 0x800004d8 (0x4171) x 2 0x0000001c
core   0: 0x800004da (0x00000b85) c.addi  s7, 1
core   0: 3 0x800004da (0x0b85) x23 0xfffffffa
core   0: 0x800004dc (0x01785fb3) srl     t6, a6, s7
core   0: 3 0x800004dc (0x01785fb3) x31 0x00000000
core   0: 0x800004e0 (0xff6b9ae3) bne     s7, s6, pc - 12
core   0: 3 0x800004e0 (0xff6b9ae3)
core   0: 0x800004d4 (0x87ebfe37) lui     t3, 0x87ebf
core   0: 3 0x800004d4 (0x87ebfe37) x28 0x87ebf000
core   0: 0x800004d8 (0x00004171) c.li    sp, 28
core   0: 3 0x800004d8 (0x4171) x 2 0x0000001c
core   0: 0x800004da (0x00000b85) c.addi  s7, 1
core   0: 3 0x800004da (0x0b85) x23 0xfffffffb
core   0: 0x800004dc (0x01785fb3) srl     t6, a6, s7
core   0: 3 0x800004dc (0x01785fb3) x31 0x00000000
core   0: 0x800004e0 (0xff6b9ae3) bne     s7, s6, pc - 12
core   0: 3 0x800004e0 (0xff6b9ae3)
core   0: 0x800004d4 (0x87ebfe37) lui     t3, 0x87ebf
core   0: 3 0x800004d4 (0x87ebfe37) x28 0x87ebf000
core   0: 0x800004d8 (0x00004171) c.li    sp, 28
core   0: 3 0x800004d8 (0x4171) x 2 0x0000001c
core   0: 0x800004da (0x00000b85) c.addi  s7, 1
core   0: 3 0x800004da (0x0b85) x23 0xfffffffc
core   0: 0x800004dc (0x01785fb3) srl     t6, a6, s7
core   0: 3 0x800004dc (0x01785fb3) x31 0x00000000
core   0: 0x800004e0 (0xff6b9ae3) bne     s7, s6, pc - 12
core   0: 3 0x800004e0 (0xff6b9ae3)
core   0: 0x800004d4 (0x87ebfe37) lui     t3, 0x87ebf
core   0: 3 0x800004d4 (0x87ebfe37) x28 0x87ebf000
core   0: 0x800004d8 (0x00004171) c.li    sp, 28
core   0: 3 0x800004d8 (0x4171) x 2 0x0000001c
core   0: 0x800004da (0x00000b85) c.addi  s7, 1
core   0: 3 0x800004da (0x0b85) x23 0xfffffffd
core   0: 0x800004dc (0x01785fb3) srl     t6, a6, s7
core   0: 3 0x800004dc (0x01785fb3) x31 0x00000000
core   0: 0x800004e0 (0xff6b9ae3) bne     s7, s6, pc - 12
core   0: 3 0x800004e0 (0xff6b9ae3)
core   0: 0x800004d4 (0x87ebfe37) lui     t3, 0x87ebf
core   0: 3 0x800004d4 (0x87ebfe37) x28 0x87ebf000
core   0: 0x800004d8 (0x00004171) c.li    sp, 28
core   0: 3 0x800004d8 (0x4171) x 2 0x0000001c
core   0: 0x800004da (0x00000b85) c.addi  s7, 1
core   0: 3 0x800004da (0x0b85) x23 0xfffffffe
core   0: 0x800004dc (0x01785fb3) srl     t6, a6, s7
core   0: 3 0x800004dc (0x01785fb3) x31 0x00000000
core   0: 0x800004e0 (0xff6b9ae3) bne     s7, s6, pc - 12
core   0: 3 0x800004e0 (0xff6b9ae3)
core   0: 0x800004d4 (0x87ebfe37) lui     t3, 0x87ebf
core   0: 3 0x800004d4 (0x87ebfe37) x28 0x87ebf000
core   0: 0x800004d8 (0x00004171) c.li    sp, 28
core   0: 3 0x800004d8 (0x4171) x 2 0x0000001c
core   0: 0x800004da (0x00000b85) c.addi  s7, 1
core   0: 3 0x800004da (0x0b85) x23 0xffffffff
core   0: 0x800004dc (0x01785fb3) srl     t6, a6, s7
core   0: 3 0x800004dc (0x01785fb3) x31 0x00000000
core   0: 0x800004e0 (0xff6b9ae3) bne     s7, s6, pc - 12
core   0: 3 0x800004e0 (0xff6b9ae3)
core   0: 0x800004e4 (0x0000826e) c.mv    tp, s11
core   0: 3 0x800004e4 (0x826e) x 4 0x00000000
core   0: 0x800004e6 (0x00008c35) c.xor   s0, a3
core   0: 3 0x800004e6 (0x8c35) x 8 0x0000000c
core   0: 0x800004e8 (0x00000c6e) c.slli  s8, 27
core   0: 3 0x800004e8 (0x0c6e) x24 0x00000000
core   0: 0x800004ea (0xfc3867e3) bltu    a6, gp, pc - 50
core   0: 3 0x800004ea (0xfc3867e3)
core   0: 0x800004b8 (0x030db733) mulhu   a4, s11, a6
core   0: 3 0x800004b8 (0x030db733) x14 0x00000000
core   0: 0x800004bc (0x00000825) c.addi  a6, 9
core   0: 3 0x800004bc (0x0825) x16 0x0000000c
core   0: 0x800004be (0x8ef6b913) sltiu   s2, a3, -1809
core   0: 3 0x800004be (0x8ef6b913) x18 0x00000001
core   0: 0x800004c2 (0x00006fad) c.lui   t6, 0xb
core   0: 3 0x800004c2 (0x6fad) x31 0x0000b000
core   0: 0x800004c4 (0x02f300b3) mul     ra, t1, a5
core   0: 3 0x800004c4 (0x02f300b3) x 1 0x00000000
core   0: 0x800004c8 (0xff900b93) li      s7, -7
core   0: 3 0x800004c8 (0xff900b93) x23 0xfffffff9
core   0: 0x800004cc (0x6232ba93) sltiu   s5, t0, 1571
core   0: 3 0x800004cc (0x6232ba93) x21 0x00000001
core   0: 0x800004d0 (0xfff00b13) li      s6, -1
core   0: 3 0x800004d0 (0xfff00b13) x22 0xffffffff
core   0: 0x800004d4 (0x87ebfe37) lui     t3, 0x87ebf
core   0: 3 0x800004d4 (0x87ebfe37) x28 0x87ebf000
core   0: 0x800004d8 (0x00004171) c.li    sp, 28
core   0: 3 0x800004d8 (0x4171) x 2 0x0000001c
core   0: 0x800004da (0x00000b85) c.addi  s7, 1
core   0: 3 0x800004da (0x0b85) x23 0xfffffffa
core   0: 0x800004dc (0x01785fb3) srl     t6, a6, s7
core   0: 3 0x800004dc (0x01785fb3) x31 0x00000000
core   0: 0x800004e0 (0xff6b9ae3) bne     s7, s6, pc - 12
core   0: 3 0x800004e0 (0xff6b9ae3)
core   0: 0x800004d4 (0x87ebfe37) lui     t3, 0x87ebf
core   0: 3 0x800004d4 (0x87ebfe37) x28 0x87ebf000
core   0: 0x800004d8 (0x00004171) c.li    sp, 28
core   0: 3 0x800004d8 (0x4171) x 2 0x0000001c
core   0: 0x800004da (0x00000b85) c.addi  s7, 1
core   0: 3 0x800004da (0x0b85) x23 0xfffffffb
core   0: 0x800004dc (0x01785fb3) srl     t6, a6, s7
core   0: 3 0x800004dc (0x01785fb3) x31 0x00000000
core   0: 0x800004e0 (0xff6b9ae3) bne     s7, s6, pc - 12
core   0: 3 0x800004e0 (0xff6b9ae3)
core   0: 0x800004d4 (0x87ebfe37) lui     t3, 0x87ebf
core   0: 3 0x800004d4 (0x87ebfe37) x28 0x87ebf000
core   0: 0x800004d8 (0x00004171) c.li    sp, 28
core   0: 3 0x800004d8 (0x4171) x 2 0x0000001c
core   0: 0x800004da (0x00000b85) c.addi  s7, 1
core   0: 3 0x800004da (0x0b85) x23 0xfffffffc
core   0: 0x800004dc (0x01785fb3) srl     t6, a6, s7
core   0: 3 0x800004dc (0x01785fb3) x31 0x00000000
core   0: 0x800004e0 (0xff6b9ae3) bne     s7, s6, pc - 12
core   0: 3 0x800004e0 (0xff6b9ae3)
core   0: 0x800004d4 (0x87ebfe37) lui     t3, 0x87ebf
core   0: 3 0x800004d4 (0x87ebfe37) x28 0x87ebf000
core   0: 0x800004d8 (0x00004171) c.li    sp, 28
core   0: 3 0x800004d8 (0x4171) x 2 0x0000001c
core   0: 0x800004da (0x00000b85) c.addi  s7, 1
core   0: 3 0x800004da (0x0b85) x23 0xfffffffd
core   0: 0x800004dc (0x01785fb3) srl     t6, a6, s7
core   0: 3 0x800004dc (0x01785fb3) x31 0x00000000
core   0: 0x800004e0 (0xff6b9ae3) bne     s7, s6, pc - 12
core   0: 3 0x800004e0 (0xff6b9ae3)
core   0: 0x800004d4 (0x87ebfe37) lui     t3, 0x87ebf
core   0: 3 0x800004d4 (0x87ebfe37) x28 0x87ebf000
core   0: 0x800004d8 (0x00004171) c.li    sp, 28
core   0: 3 0x800004d8 (0x4171) x 2 0x0000001c
core   0: 0x800004da (0x00000b85) c.addi  s7, 1
core   0: 3 0x800004da (0x0b85) x23 0xfffffffe
core   0: 0x800004dc (0x01785fb3) srl     t6, a6, s7
core   0: 3 0x800004dc (0x01785fb3) x31 0x00000000
core   0: 0x800004e0 (0xff6b9ae3) bne     s7, s6, pc - 12
core   0: 3 0x800004e0 (0xff6b9ae3)
core   0: 0x800004d4 (0x87ebfe37) lui     t3, 0x87ebf
core   0: 3 0x800004d4 (0x87ebfe37) x28 0x87ebf000
core   0: 0x800004d8 (0x00004171) c.li    sp, 28
core   0: 3 0x800004d8 (0x4171) x 2 0x0000001c
core   0: 0x800004da (0x00000b85) c.addi  s7, 1
core   0: 3 0x800004da (0x0b85) x23 0xffffffff
core   0: 0x800004dc (0x01785fb3) srl     t6, a6, s7
core   0: 3 0x800004dc (0x01785fb3) x31 0x00000000
core   0: 0x800004e0 (0xff6b9ae3) bne     s7, s6, pc - 12
core   0: 3 0x800004e0 (0xff6b9ae3)
core   0: 0x800004e4 (0x0000826e) c.mv    tp, s11
core   0: 3 0x800004e4 (0x826e) x 4 0x00000000
core   0: 0x800004e6 (0x00008c35) c.xor   s0, a3
core   0: 3 0x800004e6 (0x8c35) x 8 0x0000000c
core   0: 0x800004e8 (0x00000c6e) c.slli  s8, 27
core   0: 3 0x800004e8 (0x0c6e) x24 0x00000000
core   0: 0x800004ea (0xfc3867e3) bltu    a6, gp, pc - 50
core   0: 3 0x800004ea (0xfc3867e3)
core   0: 0x800004ee (0x41290eb3) sub     t4, s2, s2
core   0: 3 0x800004ee (0x41290eb3) x29 0x00000000
core   0: 0x800004f2 (0x00600593) li      a1, 6
core   0: 3 0x800004f2 (0x00600593) x11 0x00000006
core   0: 0x800004f6 (0xdc872d13) slti    s10, a4, -568
core   0: 3 0x800004f6 (0xdc872d13) x26 0x00000000
core   0: 0x800004fa (0x00000001) c.nop
core   0: 3 0x800004fa (0x0001)
core   0: 0x800004fc (0x00008621) c.srai  a2, 8
core   0: 3 0x800004fc (0x8621) x12 0x00000000
core   0: 0x800004fe (0x000098ca) c.add   a7, s2
core   0: 3 0x800004fe (0x98ca) x17 0xfffffffb
core   0: 0x80000500 (0x0000613d) c.addi16sp sp, 480
core   0: 3 0x80000500 (0x613d) x 2 0x000001fc
core   0: 0x80000502 (0x01ea3eb3) sltu    t4, s4, t5
core   0: 3 0x80000502 (0x01ea3eb3) x29 0x00000000
core   0: 0x80000506 (0x00ea9713) slli    a4, s5, 14
core   0: 3 0x80000506 (0x00ea9713) x14 0x00004000
core   0: 0x8000050a (0x000015fd) c.addi  a1, -1
core   0: 3 0x8000050a (0x15fd) x11 0x00000005
core   0: 0x8000050c (0x000086ea) c.mv    a3, s10
core   0: 3 0x8000050c (0x86ea) x13 0x00000000
core   0: 0x8000050e (0x0000f9f5) c.bnez  a1, pc - 12
core   0: 3 0x8000050e (0xf9f5)
core   0: 0x80000502 (0x01ea3eb3) sltu    t4, s4, t5
core   0: 3 0x80000502 (0x01ea3eb3) x29 0x00000000
core   0: 0x80000506 (0x00ea9713) slli    a4, s5, 14
core   0: 3 0x80000506 (0x00ea9713) x14 0x00004000
core   0: 0x8000050a (0x000015fd) c.addi  a1, -1
core   0: 3 0x8000050a (0x15fd) x11 0x00000004
core   0: 0x8000050c (0x000086ea) c.mv    a3, s10
core   0: 3 0x8000050c (0x86ea) x13 0x00000000
core   0: 0x8000050e (0x0000f9f5) c.bnez  a1, pc - 12
core   0: 3 0x8000050e (0xf9f5)
core   0: 0x80000502 (0x01ea3eb3) sltu    t4, s4, t5
core   0: 3 0x80000502 (0x01ea3eb3) x29 0x00000000
core   0: 0x80000506 (0x00ea9713) slli    a4, s5, 14
core   0: 3 0x80000506 (0x00ea9713) x14 0x00004000
core   0: 0x8000050a (0x000015fd) c.addi  a1, -1
core   0: 3 0x8000050a (0x15fd) x11 0x00000003
core   0: 0x8000050c (0x000086ea) c.mv    a3, s10
core   0: 3 0x8000050c (0x86ea) x13 0x00000000
core   0: 0x8000050e (0x0000f9f5) c.bnez  a1, pc - 12
core   0: 3 0x8000050e (0xf9f5)
core   0: 0x80000502 (0x01ea3eb3) sltu    t4, s4, t5
core   0: 3 0x80000502 (0x01ea3eb3) x29 0x00000000
core   0: 0x80000506 (0x00ea9713) slli    a4, s5, 14
core   0: 3 0x80000506 (0x00ea9713) x14 0x00004000
core   0: 0x8000050a (0x000015fd) c.addi  a1, -1
core   0: 3 0x8000050a (0x15fd) x11 0x00000002
core   0: 0x8000050c (0x000086ea) c.mv    a3, s10
core   0: 3 0x8000050c (0x86ea) x13 0x00000000
core   0: 0x8000050e (0x0000f9f5) c.bnez  a1, pc - 12
core   0: 3 0x8000050e (0xf9f5)
core   0: 0x80000502 (0x01ea3eb3) sltu    t4, s4, t5
core   0: 3 0x80000502 (0x01ea3eb3) x29 0x00000000
core   0: 0x80000506 (0x00ea9713) slli    a4, s5, 14
core   0: 3 0x80000506 (0x00ea9713) x14 0x00004000
core   0: 0x8000050a (0x000015fd) c.addi  a1, -1
core   0: 3 0x8000050a (0x15fd) x11 0x00000001
core   0: 0x8000050c (0x000086ea) c.mv    a3, s10
core   0: 3 0x8000050c (0x86ea) x13 0x00000000
core   0: 0x8000050e (0x0000f9f5) c.bnez  a1, pc - 12
core   0: 3 0x8000050e (0xf9f5)
core   0: 0x80000502 (0x01ea3eb3) sltu    t4, s4, t5
core   0: 3 0x80000502 (0x01ea3eb3) x29 0x00000000
core   0: 0x80000506 (0x00ea9713) slli    a4, s5, 14
core   0: 3 0x80000506 (0x00ea9713) x14 0x00004000
core   0: 0x8000050a (0x000015fd) c.addi  a1, -1
core   0: 3 0x8000050a (0x15fd) x11 0x00000000
core   0: 0x8000050c (0x000086ea) c.mv    a3, s10
core   0: 3 0x8000050c (0x86ea) x13 0x00000000
core   0: 0x8000050e (0x0000f9f5) c.bnez  a1, pc - 12
core   0: 3 0x8000050e (0xf9f5)
core   0: 0x80000510 (0x02787b33) remu    s6, a6, t2
core   0: 3 0x80000510 (0x02787b33) x22 0x0000000c
core   0: 0x80000514 (0xffc00493) li      s1, -4
core   0: 3 0x80000514 (0xffc00493) x 9 0xfffffffc
core   0: 0x80000518 (0x021e95b3) mulh    a1, t4, ra
core   0: 3 0x80000518 (0x021e95b3) x11 0x00000000
core   0: 0x8000051c (0x027c0b33) mul     s6, s8, t2
core   0: 3 0x8000051c (0x027c0b33) x22 0x00000000
core   0: 0x80000520 (0xdcbd2913) slti    s2, s10, -565
core   0: 3 0x80000520 (0xdcbd2913) x18 0x00000000
core   0: 0x80000524 (0x00004925) c.li    s2, 9
core   0: 3 0x80000524 (0x4925) x18 0x00000009
core   0: 0x80000526 (0x00323bb3) sltu    s7, tp, gp
core   0: 3 0x80000526 (0x00323bb3) x23 0x00000001
core   0: 0x8000052a (0x0011a6b3) slt     a3, gp, ra
core   0: 3 0x8000052a (0x0011a6b3) x13 0x00000000
core   0: 0x8000052e (0x61354c93) xori    s9, a0, 1555
core   0: 3 0x8000052e (0x61354c93) x25 0x6cc5b5fd
core   0: 0x80000532 (0x0229af33) mulhsu  t5, s3, sp
core   0: 3 0x80000532 (0x0229af33) x30 0xffffff02
core   0: 0x80000536 (0x0000027e) c.slli  tp, 31
core   0: 3 0x80000536 (0x027e) x 4 0x00000000
core   0: 0x80000538 (0x00000001) c.nop
core   0: 3 0x80000538 (0x0001)
core   0: 0x8000053a (0x0376ecb3) rem     s9, a3, s7
core   0: 3 0x8000053a (0x0376ecb3) x25 0x00000000
core   0: 0x8000053e (0x8650c797) auipc   a5, 0x8650c
core   0: 3 0x8000053e (0x8650c797) x15 0x0650c53e
core   0: 0x80000542 (0x12fce913) ori     s2, s9, 303
core   0: 3 0x80000542 (0x12fce913) x18 0x0000012f
core   0: 0x80000546 (0x00008349) c.srli  a4, 18
core   0: 3 0x80000546 (0x8349) x14 0x00000000
core   0: 0x80000548 (0x41d7de93) srai    t4, a5, 29
core   0: 3 0x80000548 (0x41d7de93) x29 0x00000000
core   0: 0x8000054c (0x29d02213) slti    tp, zero, 669
core   0: 3 0x8000054c (0x29d02213) x 4 0x00000001
core   0: 0x80000550 (0x0171f233) and     tp, gp, s7
core   0: 3 0x80000550 (0x0171f233) x 4 0x00000000
core   0: 0x80000554 (0x02603633) mulhu   a2, zero, t1
core   0: 3 0x80000554 (0x02603633) x12 0x00000000
core   0: 0x80000558 (0x00000485) c.addi  s1, 1
core   0: 3 0x80000558 (0x0485) x 9 0xfffffffd
core   0: 0x8000055a (0x00009e8e) c.add   t4, gp
core   0: 3 0x8000055a (0x9e8e) x29 0x0000000c
core   0: 0x8000055c (0x00ed9ab3) sll     s5, s11, a4
core   0: 3 0x8000055c (0x00ed9ab3) x21 0x00000000
core   0: 0x80000560 (0x00000a98) c.addi4spn a4, sp, 336
core   0: 3 0x80000560 (0x0a98) x14 0x0000034c
core   0: 0x80000562 (0x00006125) c.addi16sp sp, 96
core   0: 3 0x80000562 (0x6125) x 2 0x0000025c
core   0: 0x80000564 (0x00000001) c.nop
core   0: 3 0x80000564 (0x0001)
core   0: 0x80000566 (0x0000d4fd) c.beqz  s1, pc - 18
core   0: 3 0x80000566 (0xd4fd)
core   0: 0x80000568 (0x00000115) c.addi  sp, 5
core   0: 3 0x80000568 (0x0115) x 2 0x00000261
core   0: 0x8000056a (0x00500613) li      a2, 5
core   0: 3 0x8000056a (0x00500613) x12 0x00000005
core   0: 0x8000056e (0x01d2b8b3) sltu    a7, t0, t4
core   0: 3 0x8000056e (0x01d2b8b3) x17 0x00000001
core   0: 0x80000572 (0x018a7ab3) and     s5, s4, s8
core   0: 3 0x80000572 (0x018a7ab3) x21 0x00000000
core   0: 0x80000576 (0x00008fa1) c.xor   a5, s0
core   0: 3 0x80000576 (0x8fa1) x15 0x0650c532
core   0: 0x80000578 (0x00a00813) li      a6, 10
core   0: 3 0x80000578 (0x00a00813) x16 0x0000000a
core   0: 0x8000057c (0x00006b2d) c.lui   s6, 0xb
core   0: 3 0x8000057c (0x6b2d) x22 0x0000b000
core   0: 0x8000057e (0x0ff0000f) fence   iorw,iorw
core   0: 3 0x8000057e (0x0ff0000f)
core   0: 0x80000582 (0x00001308) c.addi4spn a0, sp, 416
core   0: 3 0x80000582 (0x1308) x10 0x00000401
core   0: 0x80000584 (0x405dd933) sra     s2, s11, t0
core   0: 3 0x80000584 (0x405dd933) x18 0x00000000
core   0: 0x80000588 (0x0ff0000f) fence   iorw,iorw
core   0: 3 0x80000588 (0x0ff0000f)
core   0: 0x8000058c (0x00006c6d) c.lui   s8, 0x1b
core   0: 3 0x8000058c (0x6c6d) x24 0x0001b000
core   0: 0x8000058e (0x01f5c4b3) xor     s1, a1, t6
core   0: 3 0x8000058e (0x01f5c4b3) x 9 0x00000000
core   0: 0x80000592 (0x00000e65) c.addi  t3, 25
core   0: 3 0x80000592 (0x0e65) x28 0x87ebf019
core   0: 0x80000594 (0x00006ed9) c.lui   t4, 0x16
core   0: 3 0x80000594 (0x6ed9) x29 0x00016000
core   0: 0x80000596 (0x00000615) c.addi  a2, 5
core   0: 3 0x80000596 (0x0615) x12 0x0000000a
core   0: 0x80000598 (0x0000100f) fence.i
core   0: 3 0x80000598 (0x0000100f)
core   0: 0x8000059c (0x40398db3) sub     s11, s3, gp
core   0: 3 0x8000059c (0x40398db3) x27 0x80022e58
core   0: 0x800005a0 (0x40360333) sub     t1, a2, gp
core   0: 3 0x800005a0 (0x40360333) x 6 0xfffffffe
core   0: 0x800005a4 (0x000087c2) c.mv    a5, a6
core   0: 3 0x800005a4 (0x87c2) x15 0x0000000a
core   0: 0x800005a6 (0xfd066ee3) bltu    a2, a6, pc - 36
core   0: 3 0x800005a6 (0xfd066ee3)
core   0: 0x800005aa (0x0049fc33) and     s8, s3, tp
core   0: 3 0x800005aa (0x0049fc33) x24 0x00000000
core   0: 0x800005ae (0xff700713) li      a4, -9
core   0: 3 0x800005ae (0xff700713) x14 0xfffffff7
core   0: 0x800005b2 (0x017ca833) slt     a6, s9, s7
core   0: 3 0x800005b2 (0x017ca833) x16 0x00000001
core   0: 0x800005b6 (0x03d96d33) rem     s10, s2, t4
core   0: 3 0x800005b6 (0x03d96d33) x26 0x00000000
core   0: 0x800005ba (0x00008fc6) c.mv    t6, a7
core   0: 3 0x800005ba (0x8fc6) x31 0x00000001
core   0: 0x800005bc (0x00037633) and     a2, t1, zero
core   0: 3 0x800005bc (0x00037633) x12 0x00000000
core   0: 0x800005c0 (0x30a10f93) addi    t6, sp, 778
core   0: 3 0x800005c0 (0x30a10f93) x31 0x0000056b
core   0: 0x800005c4 (0x41a6d833) sra     a6, a3, s10
core   0: 3 0x800005c4 (0x41a6d833) x16 0x00000000
core   0: 0x800005c8 (0xff700893) li      a7, -9
core   0: 3 0x800005c8 (0xff700893) x17 0xfffffff7
core   0: 0x800005cc (0xc7db4313) xori    t1, s6, -899
core   0: 3 0x800005cc (0xc7db4313) x 6 0xffff4c7d
core   0: 0x800005d0 (0x02053933) mulhu   s2, a0, zero
core   0: 3 0x800005d0 (0x02053933) x18 0x00000000
core   0: 0x800005d4 (0x0000167d) c.addi  a2, -1
core   0: 3 0x800005d4 (0x167d) x12 0xffffffff
core   0: 0x800005d6 (0x00ab24b3) slt     s1, s6, a0
core   0: 3 0x800005d6 (0x00ab24b3) x 9 0x00000000
core   0: 0x800005da (0x0000100f) fence.i
core   0: 3 0x800005da (0x0000100f)
core   0: 0x800005de (0x00008d2d) c.xor   a0, a1
core   0: 3 0x800005de (0x8d2d) x10 0x00000401
core   0: 0x800005e0 (0x00c31533) sll     a0, t1, a2
core   0: 3 0x800005e0 (0x00c31533) x10 0x80000000
core   0: 0x800005e4 (0x013d01b3) add     gp, s10, s3
core   0: 3 0x800005e4 (0x013d01b3) x 3 0x80022e64
core   0: 0x800005e8 (0x00000001) c.nop
core   0: 3 0x800005e8 (0x0001)
core   0: 0x800005ea (0x002f11b3) sll     gp, t5, sp
core   0: 3 0x800005ea (0x002f11b3) x 3 0xfffffe04
core   0: 0x800005ee (0x000436b3) sltu    a3, s0, zero
core   0: 3 0x800005ee (0x000436b3) x13 0x00000000
core   0: 0x800005f2 (0x025c17b3) mulh    a5, s8, t0
core   0: 3 0x800005f2 (0x025c17b3) x15 0x00000000
core   0: 0x800005f6 (0x00001775) c.addi  a4, -3
core   0: 3 0x800005f6 (0x1775) x14 0xfffffff4
core   0: 0x800005f8 (0x00008d3d) c.xor   a0, a5
core   0: 3 0x800005f8 (0x8d3d) x10 0x80000000
core   0: 0x800005fa (0xfd175de3) bge     a4, a7, pc - 38
core   0: 3 0x800005fa (0xfd175de3)
core   0: 0x800005fe (0x01acc1b3) xor     gp, s9, s10
core   0: 3 0x800005fe (0x01acc1b3) x 3 0x00000000
core   0: 0x80000602 (0x00500f13) li      t5, 5
core   0: 3 0x80000602 (0x00500f13) x30 0x00000005
core   0: 0x80000606 (0x00600693) li      a3, 6
core   0: 3 0x80000606 (0x00600693) x13 0x00000006
core   0: 0x8000060a (0x3753e193) ori     gp, t2, 885
core   0: 3 0x8000060a (0x3753e193) x 3 0x80026ff5
core   0: 0x8000060e (0x5332ec13) ori     s8, t0, 1331
core   0: 3 0x8000060e (0x5332ec13) x24 0x00000533
core   0: 0x80000612 (0x0000997d) c.andi  a0, -1
core   0: 3 0x80000612 (0x997d) x10 0x80000000
core   0: 0x80000614 (0x00008df1) c.and   a1, a2
core   0: 3 0x80000614 (0x8df1) x11 0x00000000
core   0: 0x80000616 (0xc962ff93) andi    t6, t0, -874
core   0: 3 0x80000616 (0xc962ff93) x31 0x00000002
core   0: 0x8000061a (0x006ac1b3) xor     gp, s5, t1
core   0: 3 0x8000061a (0x006ac1b3) x 3 0xffff4c7d
core   0: 0x8000061e (0x00000f09) c.addi  t5, 2
core   0: 3 0x8000061e (0x0f09) x30 0x00000007
core   0: 0x80000620 (0xfedf69e3) bltu    t5, a3, pc - 14
core   0: 3 0x80000620 (0xfedf69e3)
core   0: 0x80000624 (0x00009a7d) c.andi  a2, -1
core   0: 3 0x80000624 (0x9a7d) x12 0xffffffff
core   0: 0x80000626 (0x00a00c13) li      s8, 10
core   0: 3 0x80000626 (0x00a00c13) x24 0x0000000a
core   0: 0x8000062a (0x00000001) c.nop
core   0: 3 0x8000062a (0x0001)
core   0: 0x8000062c (0xdfac7793) andi    a5, s8, -518
core   0: 3 0x8000062c (0xdfac7793) x15 0x0000000a
core   0: 0x80000630 (0x00800b93) li      s7, 8
core   0: 3 0x80000630 (0x00800b93) x23 0x00000008
core   0: 0x80000634 (0x000086a5) c.srai  a3, 9
core   0: 3 0x80000634 (0x86a5) x13 0x00000000
core   0: 0x80000636 (0xbcd6aab7) lui     s5, 0xbcd6a
core   0: 3 0x80000636 (0xbcd6aab7) x21 0xbcd6a000
core   0: 0x8000063a (0x027b97b3) mulh    a5, s7, t2
core   0: 3 0x8000063a (0x027b97b3) x15 0xfffffffc
core   0: 0x8000063e (0x41238db3) sub     s11, t2, s2
core   0: 3 0x8000063e (0x41238db3) x27 0x80026ce4
core   0: 0x80000642 (0x00006521) c.lui   a0, 0x8
core   0: 3 0x80000642 (0x6521) x10 0x00008000
core   0: 0x80000644 (0x00001c6d) c.addi  s8, -5
core   0: 3 0x80000644 (0x1c6d) x24 0x00000005
core   0: 0x80000646 (0x00bb9c93) slli    s9, s7, 11
core   0: 3 0x80000646 (0x00bb9c93) x25 0x00004000
core   0: 0x8000064a (0xff600493) li      s1, -10
core   0: 3 0x8000064a (0xff600493) x 9 0xfffffff6
core   0: 0x8000064e (0x023445b3) div     a1, s0, gp
core   0: 3 0x8000064e (0x023445b3) x11 0x00000000
core   0: 0x80000652 (0x4aeff113) andi    sp, t6, 1198
core   0: 3 0x80000652 (0x4aeff113) x 2 0x00000002
core   0: 0x80000656 (0x03f6ee33) rem     t3, a3, t6
core   0: 3 0x80000656 (0x03f6ee33) x28 0x00000000
core   0: 0x8000065a (0x2a43de97) auipc   t4, 0x2a43d
core   0: 3 0x8000065a (0x2a43de97) x29 0xaa43d65a
core   0: 0x8000065e (0x00000001) c.nop
core   0: 3 0x8000065e (0x0001)
core   0: 0x80000660 (0xa6a88e13) addi    t3, a7, -1430
core   0: 3 0x80000660 (0xa6a88e13) x28 0xfffffa61
core   0: 0x80000664 (0x992e5237) lui     tp, 0x992e5
core   0: 3 0x80000664 (0x992e5237) x 4 0x992e5000
core   0: 0x80000668 (0x00000485) c.addi  s1, 1
core   0: 3 0x80000668 (0x0485) x 9 0xfffffff7
core   0: 0x8000066a (0x00000001) c.nop
core   0: 3 0x8000066a (0x0001)
core   0: 0x8000066c (0x0000d8f5) c.beqz  s1, pc - 12
core   0: 3 0x8000066c (0xd8f5)
core   0: 0x8000066e (0x00631833) sll     a6, t1, t1
core   0: 3 0x8000066e (0x00631833) x16 0xa0000000
core   0: 0x80000672 (0x00d610b3) sll     ra, a2, a3
core   0: 3 0x80000672 (0x00d610b3) x 1 0xffffffff
core   0: 0x80000676 (0xfd7c72e3) bgeu    s8, s7, pc - 60
core   0: 3 0x80000676 (0xfd7c72e3)
core   0: 0x8000067a (0x00000001) c.nop
core   0: 3 0x8000067a (0x0001)
core   0: 0x8000067c (0xffd00493) li      s1, -3
core   0: 3 0x8000067c (0xffd00493) x 9 0xfffffffd
core   0: 0x80000680 (0x033f1bb3) mulh    s7, t5, s3
core   0: 3 0x80000680 (0x033f1bb3) x23 0xfffffffc
core   0: 0x80000684 (0x0ff0000f) fence   iorw,iorw
core   0: 3 0x80000684 (0x0ff0000f)
core   0: 0x80000688 (0x000000da) c.slli  ra, 22
core   0: 3 0x80000688 (0x00da) x 1 0xffc00000
core   0: 0x8000068a (0xff600113) li      sp, -10
core   0: 3 0x8000068a (0xff600113) x 2 0xfffffff6
core   0: 0x8000068e (0x41c34513) xori    a0, t1, 1052
core   0: 3 0x8000068e (0x41c34513) x10 0xffff4861
core   0: 0x80000692 (0x41315093) srai    ra, sp, 19
core   0: 3 0x80000692 (0x41315093) x 1 0xffffffff
core   0: 0x80000696 (0x01b1b333) sltu    t1, gp, s11
core   0: 3 0x80000696 (0x01b1b333) x 6 0x00000000
core   0: 0x8000069a (0x0202d0b3) divu    ra, t0, zero
core   0: 3 0x8000069a (0x0202d0b3) x 1 0xffffffff
core   0: 0x8000069e (0xfa9f0913) addi    s2, t5, -87
core   0: 3 0x8000069e (0xfa9f0913) x18 0xffffffb0
core   0: 0x800006a2 (0x000014fd) c.addi  s1, -1
core   0: 3 0x800006a2 (0x14fd) x 9 0xfffffffc
core   0: 0x800006a4 (0x00349f13) slli    t5, s1, 3
core   0: 3 0x800006a4 (0x00349f13) x30 0xffffffe0
core   0: 0x800006a8 (0x03454bb3) div     s7, a0, s4
core   0: 3 0x800006a8 (0x03454bb3) x23 0x00001e9a
core   0: 0x800006ac (0xfe2495e3) bne     s1, sp, pc - 22
core   0: 3 0x800006ac (0xfe2495e3)
core   0: 0x80000696 (0x01b1b333) sltu    t1, gp, s11
core   0: 3 0x80000696 (0x01b1b333) x 6 0x00000000
core   0: 0x8000069a (0x0202d0b3) divu    ra, t0, zero
core   0: 3 0x8000069a (0x0202d0b3) x 1 0xffffffff
core   0: 0x8000069e (0xfa9f0913) addi    s2, t5, -87
core   0: 3 0x8000069e (0xfa9f0913) x18 0xffffff89
core   0: 0x800006a2 (0x000014fd) c.addi  s1, -1
core   0: 3 0x800006a2 (0x14fd) x 9 0xfffffffb
core   0: 0x800006a4 (0x00349f13) slli    t5, s1, 3
core   0: 3 0x800006a4 (0x00349f13) x30 0xffffffd8
core   0: 0x800006a8 (0x03454bb3) div     s7, a0, s4
core   0: 3 0x800006a8 (0x03454bb3) x23 0x00001e9a
core   0: 0x800006ac (0xfe2495e3) bne     s1, sp, pc - 22
core   0: 3 0x800006ac (0xfe2495e3)
core   0: 0x80000696 (0x01b1b333) sltu    t1, gp, s11
core   0: 3 0x80000696 (0x01b1b333) x 6 0x00000000
core   0: 0x8000069a (0x0202d0b3) divu    ra, t0, zero
core   0: 3 0x8000069a (0x0202d0b3) x 1 0xffffffff
core   0: 0x8000069e (0xfa9f0913) addi    s2, t5, -87
core   0: 3 0x8000069e (0xfa9f0913) x18 0xffffff81
core   0: 0x800006a2 (0x000014fd) c.addi  s1, -1
core   0: 3 0x800006a2 (0x14fd) x 9 0xfffffffa
core   0: 0x800006a4 (0x00349f13) slli    t5, s1, 3
core   0: 3 0x800006a4 (0x00349f13) x30 0xffffffd0
core   0: 0x800006a8 (0x03454bb3) div     s7, a0, s4
core   0: 3 0x800006a8 (0x03454bb3) x23 0x00001e9a
core   0: 0x800006ac (0xfe2495e3) bne     s1, sp, pc - 22
core   0: 3 0x800006ac (0xfe2495e3)
core   0: 0x80000696 (0x01b1b333) sltu    t1, gp, s11
core   0: 3 0x80000696 (0x01b1b333) x 6 0x00000000
core   0: 0x8000069a (0x0202d0b3) divu    ra, t0, zero
core   0: 3 0x8000069a (0x0202d0b3) x 1 0xffffffff
core   0: 0x8000069e (0xfa9f0913) addi    s2, t5, -87
core   0: 3 0x8000069e (0xfa9f0913) x18 0xffffff79
core   0: 0x800006a2 (0x000014fd) c.addi  s1, -1
core   0: 3 0x800006a2 (0x14fd) x 9 0xfffffff9
core   0: 0x800006a4 (0x00349f13) slli    t5, s1, 3
core   0: 3 0x800006a4 (0x00349f13) x30 0xffffffc8
core   0: 0x800006a8 (0x03454bb3) div     s7, a0, s4
core   0: 3 0x800006a8 (0x03454bb3) x23 0x00001e9a
core   0: 0x800006ac (0xfe2495e3) bne     s1, sp, pc - 22
core   0: 3 0x800006ac (0xfe2495e3)
core   0: 0x80000696 (0x01b1b333) sltu    t1, gp, s11
core   0: 3 0x80000696 (0x01b1b333) x 6 0x00000000
core   0: 0x8000069a (0x0202d0b3) divu    ra, t0, zero
core   0: 3 0x8000069a (0x0202d0b3) x 1 0xffffffff
core   0: 0x8000069e (0xfa9f0913) addi    s2, t5, -87
core   0: 3 0x8000069e (0xfa9f0913) x18 0xffffff71
core   0: 0x800006a2 (0x000014fd) c.addi  s1, -1
core   0: 3 0x800006a2 (0x14fd) x 9 0xfffffff8
core   0: 0x800006a4 (0x00349f13) slli    t5, s1, 3
core   0: 3 0x800006a4 (0x00349f13) x30 0xffffffc0
core   0: 0x800006a8 (0x03454bb3) div     s7, a0, s4
core   0: 3 0x800006a8 (0x03454bb3) x23 0x00001e9a
core   0: 0x800006ac (0xfe2495e3) bne     s1, sp, pc - 22
core   0: 3 0x800006ac (0xfe2495e3)
core   0: 0x80000696 (0x01b1b333) sltu    t1, gp, s11
core   0: 3 0x80000696 (0x01b1b333) x 6 0x00000000
core   0: 0x8000069a (0x0202d0b3) divu    ra, t0, zero
core   0: 3 0x8000069a (0x0202d0b3) x 1 0xffffffff
core   0: 0x8000069e (0xfa9f0913) addi    s2, t5, -87
core   0: 3 0x8000069e (0xfa9f0913) x18 0xffffff69
core   0: 0x800006a2 (0x000014fd) c.addi  s1, -1
core   0: 3 0x800006a2 (0x14fd) x 9 0xfffffff7
core   0: 0x800006a4 (0x00349f13) slli    t5, s1, 3
core   0: 3 0x800006a4 (0x00349f13) x30 0xffffffb8
core   0: 0x800006a8 (0x03454bb3) div     s7, a0, s4
core   0: 3 0x800006a8 (0x03454bb3) x23 0x00001e9a
core   0: 0x800006ac (0xfe2495e3) bne     s1, sp, pc - 22
core   0: 3 0x800006ac (0xfe2495e3)
core   0: 0x80000696 (0x01b1b333) sltu    t1, gp, s11
core   0: 3 0x80000696 (0x01b1b333) x 6 0x00000000
core   0: 0x8000069a (0x0202d0b3) divu    ra, t0, zero
core   0: 3 0x8000069a (0x0202d0b3) x 1 0xffffffff
core   0: 0x8000069e (0xfa9f0913) addi    s2, t5, -87
core   0: 3 0x8000069e (0xfa9f0913) x18 0xffffff61
core   0: 0x800006a2 (0x000014fd) c.addi  s1, -1
core   0: 3 0x800006a2 (0x14fd) x 9 0xfffffff6
core   0: 0x800006a4 (0x00349f13) slli    t5, s1, 3
core   0: 3 0x800006a4 (0x00349f13) x30 0xffffffb0
core   0: 0x800006a8 (0x03454bb3) div     s7, a0, s4
core   0: 3 0x800006a8 (0x03454bb3) x23 0x00001e9a
core   0: 0x800006ac (0xfe2495e3) bne     s1, sp, pc - 22
core   0: 3 0x800006ac (0xfe2495e3)
core   0: 0x800006b0 (0x00008e51) c.or    a2, a2
core   0: 3 0x800006b0 (0x8e51) x12 0xffffffff
core   0: 0x800006b2 (0xffa00793) li      a5, -6
core   0: 3 0x800006b2 (0xffa00793) x15 0xfffffffa
core   0: 0x800006b6 (0x00008505) c.srai  a0, 1
core   0: 3 0x800006b6 (0x8505) x10 0xffffa430
core   0: 0x800006b8 (0x00000001) c.nop
core   0: 3 0x800006b8 (0x0001)
core   0: 0x800006ba (0x031bffb3) remu    t6, s7, a7
core   0: 3 0x800006ba (0x031bffb3) x31 0x00001e9a
core   0: 0x800006be (0x02a48833) mul     a6, s1, a0
core   0: 3 0x800006be (0x02a48833) x16 0x00039620
core   0: 0x800006c2 (0xa4c30193) addi    gp, t1, -1460
core   0: 3 0x800006c2 (0xa4c30193) x 3 0xfffffa4c
core   0: 0x800006c6 (0x00000789) c.addi  a5, 2
core   0: 3 0x800006c6 (0x0789) x15 0xfffffffc
core   0: 0x800006c8 (0x0000717d) c.addi16sp sp, -16
core   0: 3 0x800006c8 (0x717d) x 2 0xffffffe6
core   0: 0x800006ca (0x00200b13) li      s6, 2
core   0: 3 0x800006ca (0x00200b13) x22 0x00000002
core   0: 0x800006ce (0x0117ad33) slt     s10, a5, a7
core   0: 3 0x800006ce (0x0117ad33) x26 0x00000000
core   0: 0x800006d2 (0x00f00593) li      a1, 15
core   0: 3 0x800006d2 (0x00f00593) x11 0x0000000f
core   0: 0x800006d6 (0x00000898) c.addi4spn a4, sp, 80
core   0: 3 0x800006d6 (0x0898) x14 0x00000036
core   0: 0x800006d8 (0x00006135) c.addi16sp sp, 352
core   0: 3 0x800006d8 (0x6135) x 2 0x00000146
core   0: 0x800006da (0x00005bfd) c.li    s7, -1
core   0: 3 0x800006da (0x5bfd) x23 0xffffffff
core   0: 0x800006dc (0x002b8cb3) add     s9, s7, sp
core   0: 3 0x800006dc (0x002b8cb3) x25 0x00000145
core   0: 0x800006e0 (0x00008c5d) c.or    s0, a5
core   0: 3 0x800006e0 (0x8c5d) x 8 0xfffffffc
core   0: 0x800006e2 (0x01343f33) sltu    t5, s0, s3
core   0: 3 0x800006e2 (0x01343f33) x30 0x00000000
core   0: 0x800006e6 (0x01efb633) sltu    a2, t6, t5
core   0: 3 0x800006e6 (0x01efb633) x12 0x00000000
core   0: 0x800006ea (0x00000b1d) c.addi  s6, 7
core   0: 3 0x800006ea (0x0b1d) x22 0x00000009
core   0: 0x800006ec (0x40fe0133) sub     sp, t3, a5
core   0: 3 0x800006ec (0x40fe0133) x 2 0xfffffa65
core   0: 0x800006f0 (0x0341e1b3) rem     gp, gp, s4
core   0: 3 0x800006f0 (0x0341e1b3) x 3 0xfffffffe
core   0: 0x800006f4 (0x0276d333) divu    t1, a3, t2
core   0: 3 0x800006f4 (0x0276d333) x 6 0x00000000
core   0: 0x800006f8 (0x0000717d) c.addi16sp sp, -16
core   0: 3 0x800006f8 (0x717d) x 2 0xfffffa55
core   0: 0x800006fa (0x026ccc33) div     s8, s9, t1
core   0: 3 0x800006fa (0x026ccc33) x24 0xffffffff
core   0: 0x800006fe (0x00000c62) c.slli  s8, 24
core   0: 3 0x800006fe (0x0c62) x24 0xff000000
core   0: 0x80000700 (0xfebb60e3) bltu    s6, a1, pc - 32
core   0: 3 0x80000700 (0xfebb60e3)
core   0: 0x800006e0 (0x00008c5d) c.or    s0, a5
core   0: 3 0x800006e0 (0x8c5d) x 8 0xfffffffc
core   0: 0x800006e2 (0x01343f33) sltu    t5, s0, s3
core   0: 3 0x800006e2 (0x01343f33) x30 0x00000000
core   0: 0x800006e6 (0x01efb633) sltu    a2, t6, t5
core   0: 3 0x800006e6 (0x01efb633) x12 0x00000000
core   0: 0x800006ea (0x00000b1d) c.addi  s6, 7
core   0: 3 0x800006ea (0x0b1d) x22 0x00000010
core   0: 0x800006ec (0x40fe0133) sub     sp, t3, a5
core   0: 3 0x800006ec (0x40fe0133) x 2 0xfffffa65
core   0: 0x800006f0 (0x0341e1b3) rem     gp, gp, s4
core   0: 3 0x800006f0 (0x0341e1b3) x 3 0xfffffffe
core   0: 0x800006f4 (0x0276d333) divu    t1, a3, t2
core   0: 3 0x800006f4 (0x0276d333) x 6 0x00000000
core   0: 0x800006f8 (0x0000717d) c.addi16sp sp, -16
core   0: 3 0x800006f8 (0x717d) x 2 0xfffffa55
core   0: 0x800006fa (0x026ccc33) div     s8, s9, t1
core   0: 3 0x800006fa (0x026ccc33) x24 0xffffffff
core   0: 0x800006fe (0x00000c62) c.slli  s8, 24
core   0: 3 0x800006fe (0x0c62) x24 0xff000000
core   0: 0x80000700 (0xfebb60e3) bltu    s6, a1, pc - 32
core   0: 3 0x80000700 (0xfebb60e3)
core   0: 0x80000704 (0x0fb8fd37) lui     s10, 0xfb8f
core   0: 3 0x80000704 (0x0fb8fd37) x26 0x0fb8f000
core   0: 0x80000708 (0x01f75bb3) srl     s7, a4, t6
core   0: 3 0x80000708 (0x01f75bb3) x23 0x00000000
core   0: 0x8000070c (0x512dcf93) xori    t6, s11, 1298
core   0: 3 0x8000070c (0x512dcf93) x31 0x800269f6
core   0: 0x80000710 (0x03bad4b3) divu    s1, s5, s11
core   0: 3 0x80000710 (0x03bad4b3) x 9 0x00000001
core   0: 0x80000714 (0x0000d3dd) c.beqz  a5, pc - 90
core   0: 3 0x80000714 (0xd3dd)
core   0: 0x80000716 (0x0129adb3) slt     s11, s3, s2
core   0: 3 0x80000716 (0x0129adb3) x27 0x00000001
core   0: 0x8000071a (0xffc00693) li      a3, -4
core   0: 3 0x8000071a (0xffc00693) x13 0xfffffffc
core   0: 0x8000071e (0x01400213) li      tp, 20
core   0: 3 0x8000071e (0x01400213) x 4 0x00000014
core   0: 0x80000722 (0xb7dc2817) auipc   a6, 0xb7dc2
core   0: 3 0x80000722 (0xb7dc2817) x16 0x37dc2722
core   0: 0x80000726 (0x02c49d33) mulh    s10, s1, a2
core   0: 3 0x80000726 (0x02c49d33) x26 0x00000000
core   0: 0x8000072a (0x000006a9) c.addi  a3, 10
core   0: 3 0x8000072a (0x06a9) x13 0x00000006
core   0: 0x8000072c (0xfe46ede3) bltu    a3, tp, pc - 6
core   0: 3 0x8000072c (0xfe46ede3)
core   0: 0x80000726 (0x02c49d33) mulh    s10, s1, a2
core   0: 3 0x80000726 (0x02c49d33) x26 0x00000000
core   0: 0x8000072a (0x000006a9) c.addi  a3, 10
core   0: 3 0x8000072a (0x06a9) x13 0x00000010
core   0: 0x8000072c (0xfe46ede3) bltu    a3, tp, pc - 6
core   0: 3 0x8000072c (0xfe46ede3)
core   0: 0x80000726 (0x02c49d33) mulh    s10, s1, a2
core   0: 3 0x80000726 (0x02c49d33) x26 0x00000000
core   0: 0x8000072a (0x000006a9) c.addi  a3, 10
core   0: 3 0x8000072a (0x06a9) x13 0x0000001a
core   0: 0x8000072c (0xfe46ede3) bltu    a3, tp, pc - 6
core   0: 3 0x8000072c (0xfe46ede3)
core   0: 0x80000730 (0x000a9bb3) sll     s7, s5, zero
core   0: 3 0x80000730 (0x000a9bb3) x23 0xbcd6a000
core   0: 0x80000734 (0x00500f13) li      t5, 5
core   0: 3 0x80000734 (0x00500f13) x30 0x00000005
core   0: 0x80000738 (0xcd37f617) auipc   a2, 0xcd37f
core   0: 3 0x80000738 (0xcd37f617) x12 0x4d37f738
core   0: 0x8000073c (0xff500093) li      ra, -11
core   0: 3 0x8000073c (0xff500093) x 1 0xfffffff5
core   0: 0x80000740 (0x026c8e33) mul     t3, s9, t1
core   0: 3 0x80000740 (0x026c8e33) x28 0x00000000
core   0: 0x80000744 (0x01ccbbb3) sltu    s7, s9, t3
core   0: 3 0x80000744 (0x01ccbbb3) x23 0x00000000
core   0: 0x80000748 (0x00008e1d) c.sub   a2, a5
core   0: 3 0x80000748 (0x8e1d) x12 0x4d37f73c
core   0: 0x8000074a (0x0000717d) c.addi16sp sp, -16
core   0: 3 0x8000074a (0x717d) x 2 0xfffffa45
core   0: 0x8000074c (0x8472fc13) andi    s8, t0, -1977
core   0: 3 0x8000074c (0x8472fc13) x24 0x00000002
core   0: 0x80000750 (0x019f9233) sll     tp, t6, s9
core   0: 3 0x80000750 (0x019f9233) x 4 0x004d3ec0
core   0: 0x80000754 (0x00008ea1) c.xor   a3, s0
core   0: 3 0x80000754 (0x8ea1) x13 0xffffffe6
core   0: 0x80000756 (0x00001f61) c.addi  t5, -8
core   0: 3 0x80000756 (0x1f61) x30 0xfffffffd
core   0: 0x80000758 (0xff600413) li      s0, -10
core   0: 3 0x80000758 (0xff600413) x 8 0xfffffff6
core   0: 0x8000075c (0x00000001) c.nop
core   0: 3 0x8000075c (0x0001)
core   0: 0x8000075e (0x00000525) c.addi  a0, 9
core   0: 3 0x8000075e (0x0525) x10 0xffffa439
core   0: 0x80000760 (0xffb00e93) li      t4, -5
core   0: 3 0x80000760 (0xffb00e93) x29 0xfffffffb
core   0: 0x80000764 (0x01fb55b3) srl     a1, s6, t6
core   0: 3 0x80000764 (0x01fb55b3) x11 0x00000000
core   0: 0x80000768 (0x00008d69) c.and   a0, a0
core   0: 3 0x80000768 (0x8d69) x10 0xffffa439
core   0: 0x8000076a (0x025de333) rem     t1, s11, t0
core   0: 3 0x8000076a (0x025de333) x 6 0x00000001
core   0: 0x8000076e (0x02c17633) remu    a2, sp, a2
core   0: 3 0x8000076e (0x02c17633) x12 0x18581491
core   0: 0x80000772 (0x00000429) c.addi  s0, 10
core   0: 3 0x80000772 (0x0429) x 8 0x00000000
core   0: 0x80000774 (0x021717b3) mulh    a5, a4, ra
core   0: 3 0x80000774 (0x021717b3) x15 0xffffffff
core   0: 0x80000778 (0xffd448e3) blt     s0, t4, pc - 16
core   0: 3 0x80000778 (0xffd448e3)
core   0: 0x8000077c (0x00005cfd) c.li    s9, -1
core   0: 3 0x8000077c (0x5cfd) x25 0xffffffff
core   0: 0x8000077e (0x0100dab3) srl     s5, ra, a6
core   0: 3 0x8000077e (0x0100dab3) x21 0x3ffffffd
core   0: 0x80000782 (0x0000517d) c.li    sp, -1
core   0: 3 0x80000782 (0x517d) x 2 0xffffffff
core   0: 0x80000784 (0x002ff933) and     s2, t6, sp
core   0: 3 0x80000784 (0x002ff933) x18 0x800269f6
core   0: 0x80000788 (0x00004705) c.li    a4, 1
core   0: 3 0x80000788 (0x4705) x14 0x00000001
core   0: 0x8000078a (0xfc1f51e3) bge     t5, ra, pc - 62
core   0: 3 0x8000078a (0xfc1f51e3)
core   0: 0x8000074c (0x8472fc13) andi    s8, t0, -1977
core   0: 3 0x8000074c (0x8472fc13) x24 0x00000002
core   0: 0x80000750 (0x019f9233) sll     tp, t6, s9
core   0: 3 0x80000750 (0x019f9233) x 4 0x00000000
core   0: 0x80000754 (0x00008ea1) c.xor   a3, s0
core   0: 3 0x80000754 (0x8ea1) x13 0xffffffe6
core   0: 0x80000756 (0x00001f61) c.addi  t5, -8
core   0: 3 0x80000756 (0x1f61) x30 0xfffffff5
core   0: 0x80000758 (0xff600413) li      s0, -10
core   0: 3 0x80000758 (0xff600413) x 8 0xfffffff6
core   0: 0x8000075c (0x00000001) c.nop
core   0: 3 0x8000075c (0x0001)
core   0: 0x8000075e (0x00000525) c.addi  a0, 9
core   0: 3 0x8000075e (0x0525) x10 0xffffa442
core   0: 0x80000760 (0xffb00e93) li      t4, -5
core   0: 3 0x80000760 (0xffb00e93) x29 0xfffffffb
core   0: 0x80000764 (0x01fb55b3) srl     a1, s6, t6
core   0: 3 0x80000764 (0x01fb55b3) x11 0x00000000
core   0: 0x80000768 (0x00008d69) c.and   a0, a0
core   0: 3 0x80000768 (0x8d69) x10 0xffffa442
core   0: 0x8000076a (0x025de333) rem     t1, s11, t0
core   0: 3 0x8000076a (0x025de333) x 6 0x00000001
core   0: 0x8000076e (0x02c17633) remu    a2, sp, a2
core   0: 3 0x8000076e (0x02c17633) x12 0x0c8f3255
core   0: 0x80000772 (0x00000429) c.addi  s0, 10
core   0: 3 0x80000772 (0x0429) x 8 0x00000000
core   0: 0x80000774 (0x021717b3) mulh    a5, a4, ra
core   0: 3 0x80000774 (0x021717b3) x15 0xffffffff
core   0: 0x80000778 (0xffd448e3) blt     s0, t4, pc - 16
core   0: 3 0x80000778 (0xffd448e3)
core   0: 0x8000077c (0x00005cfd) c.li    s9, -1
core   0: 3 0x8000077c (0x5cfd) x25 0xffffffff
core   0: 0x8000077e (0x0100dab3) srl     s5, ra, a6
core   0: 3 0x8000077e (0x0100dab3) x21 0x3ffffffd
core   0: 0x80000782 (0x0000517d) c.li    sp, -1
core   0: 3 0x80000782 (0x517d) x 2 0xffffffff
core   0: 0x80000784 (0x002ff933) and     s2, t6, sp
core   0: 3 0x80000784 (0x002ff933) x18 0x800269f6
core   0: 0x80000788 (0x00004705) c.li    a4, 1
core   0: 3 0x80000788 (0x4705) x14 0x00000001
core   0: 0x8000078a (0xfc1f51e3) bge     t5, ra, pc - 62
core   0: 3 0x8000078a (0xfc1f51e3)
core   0: 0x8000074c (0x8472fc13) andi    s8, t0, -1977
core   0: 3 0x8000074c (0x8472fc13) x24 0x00000002
core   0: 0x80000750 (0x019f9233) sll     tp, t6, s9
core   0: 3 0x80000750 (0x019f9233) x 4 0x00000000
core   0: 0x80000754 (0x00008ea1) c.xor   a3, s0
core   0: 3 0x80000754 (0x8ea1) x13 0xffffffe6
core   0: 0x80000756 (0x00001f61) c.addi  t5, -8
core   0: 3 0x80000756 (0x1f61) x30 0xffffffed
core   0: 0x80000758 (0xff600413) li      s0, -10
core   0: 3 0x80000758 (0xff600413) x 8 0xfffffff6
core   0: 0x8000075c (0x00000001) c.nop
core   0: 3 0x8000075c (0x0001)
core   0: 0x8000075e (0x00000525) c.addi  a0, 9
core   0: 3 0x8000075e (0x0525) x10 0xffffa44b
core   0: 0x80000760 (0xffb00e93) li      t4, -5
core   0: 3 0x80000760 (0xffb00e93) x29 0xfffffffb
core   0: 0x80000764 (0x01fb55b3) srl     a1, s6, t6
core   0: 3 0x80000764 (0x01fb55b3) x11 0x00000000
core   0: 0x80000768 (0x00008d69) c.and   a0, a0
core   0: 3 0x80000768 (0x8d69) x10 0xffffa44b
core   0: 0x8000076a (0x025de333) rem     t1, s11, t0
core   0: 3 0x8000076a (0x025de333) x 6 0x00000001
core   0: 0x8000076e (0x02c17633) remu    a2, sp, a2
core   0: 3 0x8000076e (0x02c17633) x12 0x04d0115b
core   0: 0x80000772 (0x00000429) c.addi  s0, 10
core   0: 3 0x80000772 (0x0429) x 8 0x00000000
core   0: 0x80000774 (0x021717b3) mulh    a5, a4, ra
core   0: 3 0x80000774 (0x021717b3) x15 0xffffffff
core   0: 0x80000778 (0xffd448e3) blt     s0, t4, pc - 16
core   0: 3 0x80000778 (0xffd448e3)
core   0: 0x8000077c (0x00005cfd) c.li    s9, -1
core   0: 3 0x8000077c (0x5cfd) x25 0xffffffff
core   0: 0x8000077e (0x0100dab3) srl     s5, ra, a6
core   0: 3 0x8000077e (0x0100dab3) x21 0x3ffffffd
core   0: 0x80000782 (0x0000517d) c.li    sp, -1
core   0: 3 0x80000782 (0x517d) x 2 0xffffffff
core   0: 0x80000784 (0x002ff933) and     s2, t6, sp
core   0: 3 0x80000784 (0x002ff933) x18 0x800269f6
core   0: 0x80000788 (0x00004705) c.li    a4, 1
core   0: 3 0x80000788 (0x4705) x14 0x00000001
core   0: 0x8000078a (0xfc1f51e3) bge     t5, ra, pc - 62
core   0: 3 0x8000078a (0xfc1f51e3)
core   0: 0x8000078e (0x0000100f) fence.i
core   0: 3 0x8000078e (0x0000100f)
core   0: 0x80000792 (0xff800513) li      a0, -8
core   0: 3 0x80000792 (0xff800513) x10 0xfffffff8
core   0: 0x80000796 (0x00008469) c.srai  s0, 26
core   0: 3 0x80000796 (0x8469) x 8 0x00000000
core   0: 0x80000798 (0x00008d85) c.sub   a1, s1
core   0: 3 0x80000798 (0x8d85) x11 0xffffffff
core   0: 0x8000079a (0x5085e593) ori     a1, a1, 1288
core   0: 3 0x8000079a (0x5085e593) x11 0xffffffff
core   0: 0x8000079e (0x00000001) c.nop
core   0: 3 0x8000079e (0x0001)
core   0: 0x800007a0 (0x00a00c93) li      s9, 10
core   0: 3 0x800007a0 (0x00a00c93) x25 0x0000000a
core   0: 0x800007a4 (0x038346b3) div     a3, t1, s8
core   0: 3 0x800007a4 (0x038346b3) x13 0x00000000
core   0: 0x800007a8 (0x0000100f) fence.i
core   0: 3 0x800007a8 (0x0000100f)
core   0: 0x800007ac (0x0c0cca93) xori    s5, s9, 192
core   0: 3 0x800007ac (0x0c0cca93) x21 0x000000ca
core   0: 0x800007b0 (0x00008af1) c.andi  a3, 28
core   0: 3 0x800007b0 (0x8af1) x13 0x00000000
core   0: 0x800007b2 (0x00008e91) c.sub   a3, a2
core   0: 3 0x800007b2 (0x8e91) x13 0xfb2feea5
core   0: 0x800007b4 (0x03070c33) mul     s8, a4, a6
core   0: 3 0x800007b4 (0x03070c33) x24 0x37dc2722
core   0: 0x800007b8 (0x00000525) c.addi  a0, 9
core   0: 3 0x800007b8 (0x0525) x10 0x00000001
core   0: 0x800007ba (0x03498eb3) mul     t4, s3, s4
core   0: 3 0x800007ba (0x03498eb3) x29 0xfff2e9a8
core   0: 0x800007be (0x00800113) li      sp, 8
core   0: 3 0x800007be (0x00800113) x 2 0x00000008
core   0: 0x800007c2 (0x0119dbb3) srl     s7, s3, a7
core   0: 3 0x800007c2 (0x0119dbb3) x23 0x00000100
core   0: 0x800007c6 (0x00800193) li      gp, 8
core   0: 3 0x800007c6 (0x00800193) x 3 0x00000008
core   0: 0x800007ca (0x00008e95) c.sub   a3, a3
core   0: 3 0x800007ca (0x8e95) x13 0x00000000
core   0: 0x800007cc (0x41f8d713) srai    a4, a7, 31
core   0: 3 0x800007cc (0x41f8d713) x14 0xffffffff
core   0: 0x800007d0 (0x4bfdf737) lui     a4, 0x4bfdf
core   0: 3 0x800007d0 (0x4bfdf737) x14 0x4bfdf000
core   0: 0x800007d4 (0x40e48433) sub     s0, s1, a4
core   0: 3 0x800007d4 (0x40e48433) x 8 0xb4021001
core   0: 0x800007d8 (0x00000a33) add     s4, zero, zero
core   0: 3 0x800007d8 (0x00000a33) x20 0x00000000
core   0: 0x800007dc (0x00001171) c.addi  sp, -4
core   0: 3 0x800007dc (0x1171) x 2 0x00000004
core   0: 0x800007de (0x41b7d693) srai    a3, a5, 27
core   0: 3 0x800007de (0x41b7d693) x13 0xffffffff
core   0: 0x800007e2 (0x01e41a33) sll     s4, s0, t5
core   0: 3 0x800007e2 (0x01e41a33) x20 0x42002000
core   0: 0x800007e6 (0x87e28b93) addi    s7, t0, -1922
core   0: 3 0x800007e6 (0x87e28b93) x23 0xfffff880
core   0: 0x800007ea (0x01e7f933) and     s2, a5, t5
core   0: 3 0x800007ea (0x01e7f933) x18 0xffffffed
core   0: 0x800007ee (0xfc317ee3) bgeu    sp, gp, pc - 36
core   0: 3 0x800007ee (0xfc317ee3)
core   0: 0x800007f2 (0xc12e6e13) ori     t3, t3, -1006
core   0: 3 0x800007f2 (0xc12e6e13) x28 0xfffffc12
core   0: 0x800007f6 (0x00000001) c.nop
core   0: 3 0x800007f6 (0x0001)
core   0: 0x800007f8 (0x036c7bb3) remu    s7, s8, s6
core   0: 3 0x800007f8 (0x036c7bb3) x23 0x00000002
core   0: 0x800007fc (0xfb951be3) bne     a0, s9, pc - 74
core   0: 3 0x800007fc (0xfb951be3)
core   0: 0x800007b2 (0x00008e91) c.sub   a3, a2
core   0: 3 0x800007b2 (0x8e91) x13 0xfb2feea4
core   0: 0x800007b4 (0x03070c33) mul     s8, a4, a6
core   0: 3 0x800007b4 (0x03070c33) x24 0x0749e000
core   0: 0x800007b8 (0x00000525) c.addi  a0, 9
core   0: 3 0x800007b8 (0x0525) x10 0x0000000a
core   0: 0x800007ba (0x03498eb3) mul     t4, s3, s4
core   0: 3 0x800007ba (0x03498eb3) x29 0x0dcc8000
core   0: 0x800007be (0x00800113) li      sp, 8
core   0: 3 0x800007be (0x00800113) x 2 0x00000008
core   0: 0x800007c2 (0x0119dbb3) srl     s7, s3, a7
core   0: 3 0x800007c2 (0x0119dbb3) x23 0x00000100
core   0: 0x800007c6 (0x00800193) li      gp, 8
core   0: 3 0x800007c6 (0x00800193) x 3 0x00000008
core   0: 0x800007ca (0x00008e95) c.sub   a3, a3
core   0: 3 0x800007ca (0x8e95) x13 0x00000000
core   0: 0x800007cc (0x41f8d713) srai    a4, a7, 31
core   0: 3 0x800007cc (0x41f8d713) x14 0xffffffff
core   0: 0x800007d0 (0x4bfdf737) lui     a4, 0x4bfdf
core   0: 3 0x800007d0 (0x4bfdf737) x14 0x4bfdf000
core   0: 0x800007d4 (0x40e48433) sub     s0, s1, a4
core   0: 3 0x800007d4 (0x40e48433) x 8 0xb4021001
core   0: 0x800007d8 (0x00000a33) add     s4, zero, zero
core   0: 3 0x800007d8 (0x00000a33) x20 0x00000000
core   0: 0x800007dc (0x00001171) c.addi  sp, -4
core   0: 3 0x800007dc (0x1171) x 2 0x00000004
core   0: 0x800007de (0x41b7d693) srai    a3, a5, 27
core   0: 3 0x800007de (0x41b7d693) x13 0xffffffff
core   0: 0x800007e2 (0x01e41a33) sll     s4, s0, t5
core   0: 3 0x800007e2 (0x01e41a33) x20 0x42002000
core   0: 0x800007e6 (0x87e28b93) addi    s7, t0, -1922
core   0: 3 0x800007e6 (0x87e28b93) x23 0xfffff880
core   0: 0x800007ea (0x01e7f933) and     s2, a5, t5
core   0: 3 0x800007ea (0x01e7f933) x18 0xffffffed
core   0: 0x800007ee (0xfc317ee3) bgeu    sp, gp, pc - 36
core   0: 3 0x800007ee (0xfc317ee3)
core   0: 0x800007f2 (0xc12e6e13) ori     t3, t3, -1006
core   0: 3 0x800007f2 (0xc12e6e13) x28 0xfffffc12
core   0: 0x800007f6 (0x00000001) c.nop
core   0: 3 0x800007f6 (0x0001)
core   0: 0x800007f8 (0x036c7bb3) remu    s7, s8, s6
core   0: 3 0x800007f8 (0x036c7bb3) x23 0x00000000
core   0: 0x800007fc (0xfb951be3) bne     a0, s9, pc - 74
core   0: 3 0x800007fc (0xfb951be3)
core   0: 0x80000800 (0x00c09a13) slli    s4, ra, 12
core   0: 3 0x80000800 (0x00c09a13) x20 0xffff5000
core   0: 0x80000804 (0x00400313) li      t1, 4
core   0: 3 0x80000804 (0x00400313) x 6 0x00000004
core   0: 0x80000808 (0x00200413) li      s0, 2
core   0: 3 0x80000808 (0x00200413) x 8 0x00000002
core   0: 0x8000080c (0x4cfa3a93) sltiu   s5, s4, 1231
core   0: 3 0x8000080c (0x4cfa3a93) x21 0x00000000
core   0: 0x80000810 (0x0000137d) c.addi  t1, -1
core   0: 3 0x80000810 (0x137d) x 6 0x00000003
core   0: 0x80000812 (0xff600693) li      a3, -10
core   0: 3 0x80000812 (0xff600693) x13 0xfffffff6
core   0: 0x80000816 (0x01400813) li      a6, 20
core   0: 3 0x80000816 (0x01400813) x16 0x00000014
core   0: 0x8000081a (0xff654913) xori    s2, a0, -10
core   0: 3 0x8000081a (0xff654913) x18 0xfffffffc
core   0: 0x8000081e (0x000006a9) c.addi  a3, 10
core   0: 3 0x8000081e (0x06a9) x13 0x00000000
core   0: 0x80000820 (0xff06cde3) blt     a3, a6, pc - 6
core   0: 3 0x80000820 (0xff06cde3)
core   0: 0x8000081a (0xff654913) xori    s2, a0, -10
core   0: 3 0x8000081a (0xff654913) x18 0xfffffffc
core   0: 0x8000081e (0x000006a9) c.addi  a3, 10
core   0: 3 0x8000081e (0x06a9) x13 0x0000000a
core   0: 0x80000820 (0xff06cde3) blt     a3, a6, pc - 6
core   0: 3 0x80000820 (0xff06cde3)
core   0: 0x8000081a (0xff654913) xori    s2, a0, -10
core   0: 3 0x8000081a (0xff654913) x18 0xfffffffc
core   0: 0x8000081e (0x000006a9) c.addi  a3, 10
core   0: 3 0x8000081e (0x06a9) x13 0x00000014
core   0: 0x80000820 (0xff06cde3) blt     a3, a6, pc - 6
core   0: 3 0x80000820 (0xff06cde3)
core   0: 0x80000824 (0xfe8374e3) bgeu    t1, s0, pc - 24
core   0: 3 0x80000824 (0xfe8374e3)
core   0: 0x8000080c (0x4cfa3a93) sltiu   s5, s4, 1231
core   0: 3 0x8000080c (0x4cfa3a93) x21 0x00000000
core   0: 0x80000810 (0x0000137d) c.addi  t1, -1
core   0: 3 0x80000810 (0x137d) x 6 0x00000002
core   0: 0x80000812 (0xff600693) li      a3, -10
core   0: 3 0x80000812 (0xff600693) x13 0xfffffff6
core   0: 0x80000816 (0x01400813) li      a6, 20
core   0: 3 0x80000816 (0x01400813) x16 0x00000014
core   0: 0x8000081a (0xff654913) xori    s2, a0, -10
core   0: 3 0x8000081a (0xff654913) x18 0xfffffffc
core   0: 0x8000081e (0x000006a9) c.addi  a3, 10
core   0: 3 0x8000081e (0x06a9) x13 0x00000000
core   0: 0x80000820 (0xff06cde3) blt     a3, a6, pc - 6
core   0: 3 0x80000820 (0xff06cde3)
core   0: 0x8000081a (0xff654913) xori    s2, a0, -10
core   0: 3 0x8000081a (0xff654913) x18 0xfffffffc
core   0: 0x8000081e (0x000006a9) c.addi  a3, 10
core   0: 3 0x8000081e (0x06a9) x13 0x0000000a
core   0: 0x80000820 (0xff06cde3) blt     a3, a6, pc - 6
core   0: 3 0x80000820 (0xff06cde3)
core   0: 0x8000081a (0xff654913) xori    s2, a0, -10
core   0: 3 0x8000081a (0xff654913) x18 0xfffffffc
core   0: 0x8000081e (0x000006a9) c.addi  a3, 10
core   0: 3 0x8000081e (0x06a9) x13 0x00000014
core   0: 0x80000820 (0xff06cde3) blt     a3, a6, pc - 6
core   0: 3 0x80000820 (0xff06cde3)
core   0: 0x80000824 (0xfe8374e3) bgeu    t1, s0, pc - 24
core   0: 3 0x80000824 (0xfe8374e3)
core   0: 0x8000080c (0x4cfa3a93) sltiu   s5, s4, 1231
core   0: 3 0x8000080c (0x4cfa3a93) x21 0x00000000
core   0: 0x80000810 (0x0000137d) c.addi  t1, -1
core   0: 3 0x80000810 (0x137d) x 6 0x00000001
core   0: 0x80000812 (0xff600693) li      a3, -10
core   0: 3 0x80000812 (0xff600693) x13 0xfffffff6
core   0: 0x80000816 (0x01400813) li      a6, 20
core   0: 3 0x80000816 (0x01400813) x16 0x00000014
core   0: 0x8000081a (0xff654913) xori    s2, a0, -10
core   0: 3 0x8000081a (0xff654913) x18 0xfffffffc
core   0: 0x8000081e (0x000006a9) c.addi  a3, 10
core   0: 3 0x8000081e (0x06a9) x13 0x00000000
core   0: 0x80000820 (0xff06cde3) blt     a3, a6, pc - 6
core   0: 3 0x80000820 (0xff06cde3)
core   0: 0x8000081a (0xff654913) xori    s2, a0, -10
core   0: 3 0x8000081a (0xff654913) x18 0xfffffffc
core   0: 0x8000081e (0x000006a9) c.addi  a3, 10
core   0: 3 0x8000081e (0x06a9) x13 0x0000000a
core   0: 0x80000820 (0xff06cde3) blt     a3, a6, pc - 6
core   0: 3 0x80000820 (0xff06cde3)
core   0: 0x8000081a (0xff654913) xori    s2, a0, -10
core   0: 3 0x8000081a (0xff654913) x18 0xfffffffc
core   0: 0x8000081e (0x000006a9) c.addi  a3, 10
core   0: 3 0x8000081e (0x06a9) x13 0x00000014
core   0: 0x80000820 (0xff06cde3) blt     a3, a6, pc - 6
core   0: 3 0x80000820 (0xff06cde3)
core   0: 0x80000824 (0xfe8374e3) bgeu    t1, s0, pc - 24
core   0: 3 0x80000824 (0xfe8374e3)
core   0: 0x80000828 (0x00008e65) c.and   a2, s1
core   0: 3 0x80000828 (0x8e65) x12 0x00000001
core   0: 0x8000082a (0x00a00693) li      a3, 10
core   0: 3 0x8000082a (0x00a00693) x13 0x0000000a
core   0: 0x8000082e (0x00000001) c.nop
core   0: 3 0x8000082e (0x0001)
core   0: 0x80000830 (0x00c28cb3) add     s9, t0, a2
core   0: 3 0x80000830 (0x00c28cb3) x25 0x00000003
core   0: 0x80000834 (0x00d51633) sll     a2, a0, a3
core   0: 3 0x80000834 (0x00d51633) x12 0x00002800
core   0: 0x80000838 (0x010c1813) slli    a6, s8, 16
core   0: 3 0x80000838 (0x010c1813) x16 0xe0000000
core   0: 0x8000083c (0x4027d133) sra     sp, a5, sp
core   0: 3 0x8000083c (0x4027d133) x 2 0xffffffff
core   0: 0x80000840 (0x0000100f) fence.i
core   0: 3 0x80000840 (0x0000100f)
core   0: 0x80000844 (0x00a00e93) li      t4, 10
core   0: 3 0x80000844 (0x00a00e93) x29 0x0000000a
core   0: 0x80000848 (0x00000001) c.nop
core   0: 3 0x80000848 (0x0001)
core   0: 0x8000084a (0x0366c433) div     s0, a3, s6
core   0: 3 0x8000084a (0x0366c433) x 8 0x00000000
core   0: 0x8000084e (0x03ef3133) mulhu   sp, t5, t5
core   0: 3 0x8000084e (0x03ef3133) x 2 0xffffffda
core   0: 0x80000852 (0x021aaf33) mulhsu  t5, s5, ra
core   0: 3 0x80000852 (0x021aaf33) x30 0x00000000
core   0: 0x80000856 (0x65fd7a13) andi    s4, s10, 1631
core   0: 3 0x80000856 (0x65fd7a13) x20 0x00000000
core   0: 0x8000085a (0x02a7c233) div     tp, a5, a0
core   0: 3 0x8000085a (0x02a7c233) x 4 0x00000000
core   0: 0x8000085e (0xad547f13) andi    t5, s0, -1323
core   0: 3 0x8000085e (0xad547f13) x30 0x00000000
core   0: 0x80000862 (0x00008f39) c.xor   a4, a4
core   0: 3 0x80000862 (0x8f39) x14 0x00000000
core   0: 0x80000864 (0x00008f71) c.and   a4, a2
core   0: 3 0x80000864 (0x8f71) x14 0x00000000
core   0: 0x80000866 (0x000016dd) c.addi  a3, -9
core   0: 3 0x80000866 (0x16dd) x13 0x00000001
core   0: 0x80000868 (0x00008d19) c.sub   a0, a4
core   0: 3 0x80000868 (0x8d19) x10 0x0000000a
core   0: 0x8000086a (0x402bdfb3) sra     t6, s7, sp
core   0: 3 0x8000086a (0x402bdfb3) x31 0x00000000
core   0: 0x8000086e (0xc2388493) addi    s1, a7, -989
core   0: 3 0x8000086e (0xc2388493) x 9 0xfffffc1a
core   0: 0x80000872 (0x03ee5bb3) divu    s7, t3, t5
core   0: 3 0x80000872 (0x03ee5bb3) x23 0xffffffff
core   0: 0x80000876 (0x00008c4d) c.or    s0, a1
core   0: 3 0x80000876 (0x8c4d) x 8 0xffffffff
core   0: 0x80000878 (0xffd6f6e3) bgeu    a3, t4, pc - 20
core   0: 3 0x80000878 (0xffd6f6e3)
core   0: 0x8000087c (0x00008f7d) c.and   a4, a5
core   0: 3 0x8000087c (0x8f7d) x14 0x00000000
core   0: 0x8000087e (0xffe00693) li      a3, -2
core   0: 3 0x8000087e (0xffe00693) x13 0xfffffffe
core   0: 0x80000882 (0x00c00413) li      s0, 12
core   0: 3 0x80000882 (0x00c00413) x 8 0x0000000c
core   0: 0x80000886 (0x0258f733) remu    a4, a7, t0
core   0: 3 0x80000886 (0x0258f733) x14 0x00000001
core   0: 0x8000088a (0x00000699) c.addi  a3, 6
core   0: 3 0x8000088a (0x0699) x13 0x00000004
core   0: 0x8000088c (0x00a00c93) li      s9, 10
core   0: 3 0x8000088c (0x00a00c93) x25 0x0000000a
core   0: 0x80000890 (0x00800593) li      a1, 8
core   0: 3 0x80000890 (0x00800593) x11 0x00000008
core   0: 0x80000894 (0x96151ab7) lui     s5, 0x96151
core   0: 3 0x80000894 (0x96151ab7) x21 0x96151000
core   0: 0x80000898 (0x0301b033) mulhu   zero, gp, a6
core   0: 3 0x80000898 (0x0301b033)
core   0: 0x8000089c (0x00001cf9) c.addi  s9, -2
core   0: 3 0x8000089c (0x1cf9) x25 0x00000008
core   0: 0x8000089e (0xfebcfbe3) bgeu    s9, a1, pc - 10
core   0: 3 0x8000089e (0xfebcfbe3)
core   0: 0x80000894 (0x96151ab7) lui     s5, 0x96151
core   0: 3 0x80000894 (0x96151ab7) x21 0x96151000
core   0: 0x80000898 (0x0301b033) mulhu   zero, gp, a6
core   0: 3 0x80000898 (0x0301b033)
core   0: 0x8000089c (0x00001cf9) c.addi  s9, -2
core   0: 3 0x8000089c (0x1cf9) x25 0x00000006
core   0: 0x8000089e (0xfebcfbe3) bgeu    s9, a1, pc - 10
core   0: 3 0x8000089e (0xfebcfbe3)
core   0: 0x800008a2 (0xfe86e2e3) bltu    a3, s0, pc - 28
core   0: 3 0x800008a2 (0xfe86e2e3)
core   0: 0x80000886 (0x0258f733) remu    a4, a7, t0
core   0: 3 0x80000886 (0x0258f733) x14 0x00000001
core   0: 0x8000088a (0x00000699) c.addi  a3, 6
core   0: 3 0x8000088a (0x0699) x13 0x0000000a
core   0: 0x8000088c (0x00a00c93) li      s9, 10
core   0: 3 0x8000088c (0x00a00c93) x25 0x0000000a
core   0: 0x80000890 (0x00800593) li      a1, 8
core   0: 3 0x80000890 (0x00800593) x11 0x00000008
core   0: 0x80000894 (0x96151ab7) lui     s5, 0x96151
core   0: 3 0x80000894 (0x96151ab7) x21 0x96151000
core   0: 0x80000898 (0x0301b033) mulhu   zero, gp, a6
core   0: 3 0x80000898 (0x0301b033)
core   0: 0x8000089c (0x00001cf9) c.addi  s9, -2
core   0: 3 0x8000089c (0x1cf9) x25 0x00000008
core   0: 0x8000089e (0xfebcfbe3) bgeu    s9, a1, pc - 10
core   0: 3 0x8000089e (0xfebcfbe3)
core   0: 0x80000894 (0x96151ab7) lui     s5, 0x96151
core   0: 3 0x80000894 (0x96151ab7) x21 0x96151000
core   0: 0x80000898 (0x0301b033) mulhu   zero, gp, a6
core   0: 3 0x80000898 (0x0301b033)
core   0: 0x8000089c (0x00001cf9) c.addi  s9, -2
core   0: 3 0x8000089c (0x1cf9) x25 0x00000006
core   0: 0x8000089e (0xfebcfbe3) bgeu    s9, a1, pc - 10
core   0: 3 0x8000089e (0xfebcfbe3)
core   0: 0x800008a2 (0xfe86e2e3) bltu    a3, s0, pc - 28
core   0: 3 0x800008a2 (0xfe86e2e3)
core   0: 0x80000886 (0x0258f733) remu    a4, a7, t0
core   0: 3 0x80000886 (0x0258f733) x14 0x00000001
core   0: 0x8000088a (0x00000699) c.addi  a3, 6
core   0: 3 0x8000088a (0x0699) x13 0x00000010
core   0: 0x8000088c (0x00a00c93) li      s9, 10
core   0: 3 0x8000088c (0x00a00c93) x25 0x0000000a
core   0: 0x80000890 (0x00800593) li      a1, 8
core   0: 3 0x80000890 (0x00800593) x11 0x00000008
core   0: 0x80000894 (0x96151ab7) lui     s5, 0x96151
core   0: 3 0x80000894 (0x96151ab7) x21 0x96151000
core   0: 0x80000898 (0x0301b033) mulhu   zero, gp, a6
core   0: 3 0x80000898 (0x0301b033)
core   0: 0x8000089c (0x00001cf9) c.addi  s9, -2
core   0: 3 0x8000089c (0x1cf9) x25 0x00000008
core   0: 0x8000089e (0xfebcfbe3) bgeu    s9, a1, pc - 10
core   0: 3 0x8000089e (0xfebcfbe3)
core   0: 0x80000894 (0x96151ab7) lui     s5, 0x96151
core   0: 3 0x80000894 (0x96151ab7) x21 0x96151000
core   0: 0x80000898 (0x0301b033) mulhu   zero, gp, a6
core   0: 3 0x80000898 (0x0301b033)
core   0: 0x8000089c (0x00001cf9) c.addi  s9, -2
core   0: 3 0x8000089c (0x1cf9) x25 0x00000006
core   0: 0x8000089e (0xfebcfbe3) bgeu    s9, a1, pc - 10
core   0: 3 0x8000089e (0xfebcfbe3)
core   0: 0x800008a2 (0xfe86e2e3) bltu    a3, s0, pc - 28
core   0: 3 0x800008a2 (0xfe86e2e3)
core   0: 0x800008a6 (0xe0be7d13) andi    s10, t3, -501
core   0: 3 0x800008a6 (0xe0be7d13) x26 0xfffffc02
core   0: 0x800008aa (0x00600693) li      a3, 6
core   0: 3 0x800008aa (0x00600693) x13 0x00000006
core   0: 0x800008ae (0x00f00713) li      a4, 15
core   0: 3 0x800008ae (0x00f00713) x14 0x0000000f
core   0: 0x800008b2 (0x013004b3) add     s1, zero, s3
core   0: 3 0x800008b2 (0x013004b3) x 9 0x80022e64
core   0: 0x800008b6 (0x00008f8d) c.sub   a5, a1
core   0: 3 0x800008b6 (0x8f8d) x15 0xfffffff7
core   0: 0x800008b8 (0x02089d33) mulh    s10, a7, zero
core   0: 3 0x800008b8 (0x02089d33) x26 0x00000000
core   0: 0x800008bc (0x407657b3) sra     a5, a2, t2
core   0: 3 0x800008bc (0x407657b3) x15 0x00000280
core   0: 0x800008c0 (0x000004dd) c.addi  s1, 23
core   0: 3 0x800008c0 (0x04dd) x 9 0x80022e7b
core   0: 0x800008c2 (0x00004add) c.li    s5, 23
core   0: 3 0x800008c2 (0x4add) x21 0x00000017
core   0: 0x800008c4 (0x0000717d) c.addi16sp sp, -16
core   0: 3 0x800008c4 (0x717d) x 2 0xffffffca
core   0: 0x800008c6 (0x000006a1) c.addi  a3, 8
core   0: 3 0x800008c6 (0x06a1) x13 0x0000000e
core   0: 0x800008c8 (0x1302eb93) ori     s7, t0, 304
core   0: 3 0x800008c8 (0x1302eb93) x23 0x00000132
core   0: 0x800008cc (0x23abcb13) xori    s6, s7, 570
core   0: 3 0x800008cc (0x23abcb13) x22 0x00000308
core   0: 0x800008d0 (0xfee6c8e3) blt     a3, a4, pc - 16
core   0: 3 0x800008d0 (0xfee6c8e3)
core   0: 0x800008c0 (0x000004dd) c.addi  s1, 23
core   0: 3 0x800008c0 (0x04dd) x 9 0x80022e92
core   0: 0x800008c2 (0x00004add) c.li    s5, 23
core   0: 3 0x800008c2 (0x4add) x21 0x00000017
core   0: 0x800008c4 (0x0000717d) c.addi16sp sp, -16
core   0: 3 0x800008c4 (0x717d) x 2 0xffffffba
core   0: 0x800008c6 (0x000006a1) c.addi  a3, 8
core   0: 3 0x800008c6 (0x06a1) x13 0x00000016
core   0: 0x800008c8 (0x1302eb93) ori     s7, t0, 304
core   0: 3 0x800008c8 (0x1302eb93) x23 0x00000132
core   0: 0x800008cc (0x23abcb13) xori    s6, s7, 570
core   0: 3 0x800008cc (0x23abcb13) x22 0x00000308
core   0: 0x800008d0 (0xfee6c8e3) blt     a3, a4, pc - 16
core   0: 3 0x800008d0 (0xfee6c8e3)
core   0: 0x800008d4 (0x03d3b233) mulhu   tp, t2, t4
core   0: 3 0x800008d4 (0x03d3b233) x 4 0x00000005
core   0: 0x800008d8 (0xff800f93) li      t6, -8
core   0: 3 0x800008d8 (0xff800f93) x31 0xfffffff8
core   0: 0x800008dc (0x00006121) c.addi16sp sp, 64
core   0: 3 0x800008dc (0x6121) x 2 0xfffffffa
core   0: 0x800008de (0x00b00093) li      ra, 11
core   0: 3 0x800008de (0x00b00093) x 1 0x0000000b
core   0: 0x800008e2 (0x010c5433) srl     s0, s8, a6
core   0: 3 0x800008e2 (0x010c5433) x 8 0x0749e000
core   0: 0x800008e6 (0x01196e33) or      t3, s2, a7
core   0: 3 0x800008e6 (0x01196e33) x28 0xffffffff
core   0: 0x800008ea (0x00000f89) c.addi  t6, 2
core   0: 3 0x800008ea (0x0f89) x31 0xfffffffa
core   0: 0x800008ec (0x0311c833) div     a6, gp, a7
core   0: 3 0x800008ec (0x0311c833) x16 0x00000000
core   0: 0x800008f0 (0x016f5a33) srl     s4, t5, s6
core   0: 3 0x800008f0 (0x016f5a33) x20 0x00000000
core   0: 0x800008f4 (0x00900693) li      a3, 9
core   0: 3 0x800008f4 (0x00900693) x13 0x00000009
core   0: 0x800008f8 (0x00000001) c.nop
core   0: 3 0x800008f8 (0x0001)
core   0: 0x800008fa (0x0000830e) c.mv    t1, gp
core   0: 3 0x800008fa (0x830e) x 6 0x00000008
core   0: 0x800008fc (0x00008c71) c.and   s0, a2
core   0: 3 0x800008fc (0x8c71) x 8 0x00002000
core   0: 0x800008fe (0x016878b3) and     a7, a6, s6
core   0: 3 0x800008fe (0x016878b3) x17 0x00000000
core   0: 0x80000902 (0x000087a5) c.srai  a5, 9
core   0: 3 0x80000902 (0x87a5) x15 0x00000001
core   0: 0x80000904 (0x00700513) li      a0, 7
core   0: 3 0x80000904 (0x00700513) x10 0x00000007
core   0: 0x80000908 (0x50c58613) addi    a2, a1, 1292
core   0: 3 0x80000908 (0x50c58613) x12 0x00000514
core   0: 0x8000090c (0x000016f9) c.addi  a3, -2
core   0: 3 0x8000090c (0x16f9) x13 0x00000007
core   0: 0x8000090e (0xc2446b93) ori     s7, s0, -988
core   0: 3 0x8000090e (0xc2446b93) x23 0xfffffc24
core   0: 0x80000912 (0x362a7c93) andi    s9, s4, 866
core   0: 3 0x80000912 (0x362a7c93) x25 0x00000000
core   0: 0x80000916 (0x815e2e13) slti    t3, t3, -2027
core   0: 3 0x80000916 (0x815e2e13) x28 0x00000000
core   0: 0x8000091a (0x415e8733) sub     a4, t4, s5
core   0: 3 0x8000091a (0x415e8733) x14 0xfffffff3
core   0: 0x8000091e (0x039badb3) mulhsu  s11, s7, s9
core   0: 3 0x8000091e (0x039badb3) x27 0x00000000
core   0: 0x80000922 (0xfea6f3e3) bgeu    a3, a0, pc - 26
core   0: 3 0x80000922 (0xfea6f3e3)
core   0: 0x80000908 (0x50c58613) addi    a2, a1, 1292
core   0: 3 0x80000908 (0x50c58613) x12 0x00000514
core   0: 0x8000090c (0x000016f9) c.addi  a3, -2
core   0: 3 0x8000090c (0x16f9) x13 0x00000005
core   0: 0x8000090e (0xc2446b93) ori     s7, s0, -988
core   0: 3 0x8000090e (0xc2446b93) x23 0xfffffc24
core   0: 0x80000912 (0x362a7c93) andi    s9, s4, 866
core   0: 3 0x80000912 (0x362a7c93) x25 0x00000000
core   0: 0x80000916 (0x815e2e13) slti    t3, t3, -2027
core   0: 3 0x80000916 (0x815e2e13) x28 0x00000000
core   0: 0x8000091a (0x415e8733) sub     a4, t4, s5
core   0: 3 0x8000091a (0x415e8733) x14 0xfffffff3
core   0: 0x8000091e (0x039badb3) mulhsu  s11, s7, s9
core   0: 3 0x8000091e (0x039badb3) x27 0x00000000
core   0: 0x80000922 (0xfea6f3e3) bgeu    a3, a0, pc - 26
core   0: 3 0x80000922 (0xfea6f3e3)
core   0: 0x80000926 (0x00a2c433) xor     s0, t0, a0
core   0: 3 0x80000926 (0x00a2c433) x 8 0x00000005
core   0: 0x8000092a (0x0fbbcb93) xori    s7, s7, 251
core   0: 3 0x8000092a (0x0fbbcb93) x23 0xfffffcdf
core   0: 0x8000092e (0x00fc6bb3) or      s7, s8, a5
core   0: 3 0x8000092e (0x00fc6bb3) x23 0x0749e001
core   0: 0x80000932 (0x03b15cb3) divu    s9, sp, s11
core   0: 3 0x80000932 (0x03b15cb3) x25 0xffffffff
core   0: 0x80000936 (0x01db05b3) add     a1, s6, t4
core   0: 3 0x80000936 (0x01db05b3) x11 0x00000312
core   0: 0x8000093a (0xfa1fe6e3) bltu    t6, ra, pc - 84
core   0: 3 0x8000093a (0xfa1fe6e3)
core   0: 0x8000093e (0x00008e15) c.sub   a2, a3
core   0: 3 0x8000093e (0x8e15) x12 0x0000050f
core   0: 0x80000940 (0x00400413) li      s0, 4
core   0: 3 0x80000940 (0x00400413) x 8 0x00000004
core   0: 0x80000944 (0x00a00e93) li      t4, 10
core   0: 3 0x80000944 (0x00a00e93) x29 0x0000000a
core   0: 0x80000948 (0x414bd0b3) sra     ra, s7, s4
core   0: 3 0x80000948 (0x414bd0b3) x 1 0x0749e001
core   0: 0x8000094c (0x65736793) ori     a5, t1, 1623
core   0: 3 0x8000094c (0x65736793) x15 0x0000065f
core   0: 0x80000950 (0x9d28c693) xori    a3, a7, -1582
core   0: 3 0x80000950 (0x9d28c693) x13 0xfffff9d2
core   0: 0x80000954 (0x00000421) c.addi  s0, 8
core   0: 3 0x80000954 (0x0421) x 8 0x0000000c
core   0: 0x80000956 (0x00900813) li      a6, 9
core   0: 3 0x80000956 (0x00900813) x16 0x00000009
core   0: 0x8000095a (0xfff00893) li      a7, -1
core   0: 3 0x8000095a (0xfff00893) x17 0xffffffff
core   0: 0x8000095e (0x00008fa9) c.xor   a5, a0
core   0: 3 0x8000095e (0x8fa9) x15 0x00000658
core   0: 0x80000960 (0x03467ab3) remu    s5, a2, s4
core   0: 3 0x80000960 (0x03467ab3) x21 0x0000050f
core   0: 0x80000964 (0x0000186d) c.addi  a6, -5
core   0: 3 0x80000964 (0x186d) x16 0x00000004
core   0: 0x80000966 (0xff180ce3) beq     a6, a7, pc - 8
core   0: 3 0x80000966 (0xff180ce3)
core   0: 0x8000096a (0xffd441e3) blt     s0, t4, pc - 30
core   0: 3 0x8000096a (0xffd441e3)
core   0: 0x8000096e (0x0377e5b3) rem     a1, a5, s7
core   0: 3 0x8000096e (0x0377e5b3) x11 0x00000658
core   0: 0x80000972 (0x00000f13) li      t5, 0
core   0: 3 0x80000972 (0x00000f13) x30 0x00000000
core   0: 0x80000976 (0x403b8333) sub     t1, s7, gp
core   0: 3 0x80000976 (0x403b8333) x 6 0x0749dff9
core   0: 0x8000097a (0x0ff0000f) fence   iorw,iorw
core   0: 3 0x8000097a (0x0ff0000f)
core   0: 0x8000097e (0xff600b93) li      s7, -10
core   0: 3 0x8000097e (0xff600b93) x23 0xfffffff6
core   0: 0x80000982 (0x014c1733) sll     a4, s8, s4
core   0: 3 0x80000982 (0x014c1733) x14 0x0749e000
core   0: 0x80000986 (0x414780b3) sub     ra, a5, s4
core   0: 3 0x80000986 (0x414780b3) x 1 0x00000658
core   0: 0x8000098a (0x000091e2) c.add   gp, s8
core   0: 3 0x8000098a (0x91e2) x 3 0x0749e008
core   0: 0x8000098c (0x00001f59) c.addi  t5, -10
core   0: 3 0x8000098c (0x1f59) x30 0xfffffff6
core   0: 0x8000098e (0x00008e65) c.and   a2, s1
core   0: 3 0x8000098e (0x8e65) x12 0x00000402
core   0: 0x80000990 (0xff7f1de3) bne     t5, s7, pc - 6
core   0: 3 0x80000990 (0xff7f1de3)
core   0: 0x80000994 (0x01d99a93) slli    s5, s3, 29
core   0: 3 0x80000994 (0x01d99a93) x21 0x80000000
core   0: 0x80000998 (0x00200413) li      s0, 2
core   0: 3 0x80000998 (0x00200413) x 8 0x00000002
core   0: 0x8000099c (0xb2ccfa13) andi    s4, s9, -1236
core   0: 3 0x8000099c (0xb2ccfa13) x20 0xfffffb2c
core   0: 0x800009a0 (0xb243e913) ori     s2, t2, -1244
core   0: 3 0x800009a0 (0xb243e913) x18 0xffffffe4
core   0: 0x800009a4 (0x00009106) c.add   sp, ra
core   0: 3 0x800009a4 (0x9106) x 2 0x00000652
core   0: 0x800009a6 (0x0356c233) div     tp, a3, s5
core   0: 3 0x800009a6 (0x0356c233) x 4 0x00000000
core   0: 0x800009aa (0x0287ddb3) divu    s11, a5, s0
core   0: 3 0x800009aa (0x0287ddb3) x27 0x0000032c
core   0: 0x800009ae (0x0ff0000f) fence   iorw,iorw
core   0: 3 0x800009ae (0x0ff0000f)
core   0: 0x800009b2 (0x01000893) li      a7, 16
core   0: 3 0x800009b2 (0x01000893) x17 0x00000010
core   0: 0x800009b6 (0x02fce733) rem     a4, s9, a5
core   0: 3 0x800009b6 (0x02fce733) x14 0xffffffff
core   0: 0x800009ba (0x00000415) c.addi  s0, 5
core   0: 3 0x800009ba (0x0415) x 8 0x00000007
core   0: 0x800009bc (0x00100693) li      a3, 1
core   0: 3 0x800009bc (0x00100693) x13 0x00000001
core   0: 0x800009c0 (0x00008f01) c.sub   a4, s0
core   0: 3 0x800009c0 (0x8f01) x14 0xfffffff8
core   0: 0x800009c2 (0x00000712) c.slli  a4, 4
core   0: 3 0x800009c2 (0x0712) x14 0xffffff80
core   0: 0x800009c4 (0x00006169) c.addi16sp sp, 208
core   0: 3 0x800009c4 (0x6169) x 2 0x00000722
core   0: 0x800009c6 (0x000098fd) c.andi  s1, -1
core   0: 3 0x800009c6 (0x98fd) x 9 0x80022e92
core   0: 0x800009c8 (0x00f39e93) slli    t4, t2, 15
core   0: 3 0x800009c8 (0x00f39e93) x29 0x36720000
core   0: 0x800009cc (0x00b00d13) li      s10, 11
core   0: 3 0x800009cc (0x00b00d13) x26 0x0000000b
core   0: 0x800009d0 (0x00008d05) c.sub   a0, s1
core   0: 3 0x800009d0 (0x8d05) x10 0x7ffdd175
core   0: 0x800009d2 (0x0067ebb3) or      s7, a5, t1
core   0: 3 0x800009d2 (0x0067ebb3) x23 0x0749dff9
core   0: 0x800009d6 (0x00000689) c.addi  a3, 2
core   0: 3 0x800009d6 (0x0689) x13 0x00000003
core   0: 0x800009d8 (0xffa6cde3) blt     a3, s10, pc - 6
core   0: 3 0x800009d8 (0xffa6cde3)
core   0: 0x800009d2 (0x0067ebb3) or      s7, a5, t1
core   0: 3 0x800009d2 (0x0067ebb3) x23 0x0749dff9
core   0: 0x800009d6 (0x00000689) c.addi  a3, 2
core   0: 3 0x800009d6 (0x0689) x13 0x00000005
core   0: 0x800009d8 (0xffa6cde3) blt     a3, s10, pc - 6
core   0: 3 0x800009d8 (0xffa6cde3)
core   0: 0x800009d2 (0x0067ebb3) or      s7, a5, t1
core   0: 3 0x800009d2 (0x0067ebb3) x23 0x0749dff9
core   0: 0x800009d6 (0x00000689) c.addi  a3, 2
core   0: 3 0x800009d6 (0x0689) x13 0x00000007
core   0: 0x800009d8 (0xffa6cde3) blt     a3, s10, pc - 6
core   0: 3 0x800009d8 (0xffa6cde3)
core   0: 0x800009d2 (0x0067ebb3) or      s7, a5, t1
core   0: 3 0x800009d2 (0x0067ebb3) x23 0x0749dff9
core   0: 0x800009d6 (0x00000689) c.addi  a3, 2
core   0: 3 0x800009d6 (0x0689) x13 0x00000009
core   0: 0x800009d8 (0xffa6cde3) blt     a3, s10, pc - 6
core   0: 3 0x800009d8 (0xffa6cde3)
core   0: 0x800009d2 (0x0067ebb3) or      s7, a5, t1
core   0: 3 0x800009d2 (0x0067ebb3) x23 0x0749dff9
core   0: 0x800009d6 (0x00000689) c.addi  a3, 2
core   0: 3 0x800009d6 (0x0689) x13 0x0000000b
core   0: 0x800009d8 (0xffa6cde3) blt     a3, s10, pc - 6
core   0: 3 0x800009d8 (0xffa6cde3)
core   0: 0x800009dc (0xfd146de3) bltu    s0, a7, pc - 38
core   0: 3 0x800009dc (0xfd146de3)
core   0: 0x800009b6 (0x02fce733) rem     a4, s9, a5
core   0: 3 0x800009b6 (0x02fce733) x14 0xffffffff
core   0: 0x800009ba (0x00000415) c.addi  s0, 5
core   0: 3 0x800009ba (0x0415) x 8 0x0000000c
core   0: 0x800009bc (0x00100693) li      a3, 1
core   0: 3 0x800009bc (0x00100693) x13 0x00000001
core   0: 0x800009c0 (0x00008f01) c.sub   a4, s0
core   0: 3 0x800009c0 (0x8f01) x14 0xfffffff3
core   0: 0x800009c2 (0x00000712) c.slli  a4, 4
core   0: 3 0x800009c2 (0x0712) x14 0xffffff30
core   0: 0x800009c4 (0x00006169) c.addi16sp sp, 208
core   0: 3 0x800009c4 (0x6169) x 2 0x000007f2
core   0: 0x800009c6 (0x000098fd) c.andi  s1, -1
core   0: 3 0x800009c6 (0x98fd) x 9 0x80022e92
core   0: 0x800009c8 (0x00f39e93) slli    t4, t2, 15
core   0: 3 0x800009c8 (0x00f39e93) x29 0x36720000
core   0: 0x800009cc (0x00b00d13) li      s10, 11
core   0: 3 0x800009cc (0x00b00d13) x26 0x0000000b
core   0: 0x800009d0 (0x00008d05) c.sub   a0, s1
core   0: 3 0x800009d0 (0x8d05) x10 0xfffba2e3
core   0: 0x800009d2 (0x0067ebb3) or      s7, a5, t1
core   0: 3 0x800009d2 (0x0067ebb3) x23 0x0749dff9
core   0: 0x800009d6 (0x00000689) c.addi  a3, 2
core   0: 3 0x800009d6 (0x0689) x13 0x00000003
core   0: 0x800009d8 (0xffa6cde3) blt     a3, s10, pc - 6
core   0: 3 0x800009d8 (0xffa6cde3)
core   0: 0x800009d2 (0x0067ebb3) or      s7, a5, t1
core   0: 3 0x800009d2 (0x0067ebb3) x23 0x0749dff9
core   0: 0x800009d6 (0x00000689) c.addi  a3, 2
core   0: 3 0x800009d6 (0x0689) x13 0x00000005
core   0: 0x800009d8 (0xffa6cde3) blt     a3, s10, pc - 6
core   0: 3 0x800009d8 (0xffa6cde3)
core   0: 0x800009d2 (0x0067ebb3) or      s7, a5, t1
core   0: 3 0x800009d2 (0x0067ebb3) x23 0x0749dff9
core   0: 0x800009d6 (0x00000689) c.addi  a3, 2
core   0: 3 0x800009d6 (0x0689) x13 0x00000007
core   0: 0x800009d8 (0xffa6cde3) blt     a3, s10, pc - 6
core   0: 3 0x800009d8 (0xffa6cde3)
core   0: 0x800009d2 (0x0067ebb3) or      s7, a5, t1
core   0: 3 0x800009d2 (0x0067ebb3) x23 0x0749dff9
core   0: 0x800009d6 (0x00000689) c.addi  a3, 2
core   0: 3 0x800009d6 (0x0689) x13 0x00000009
core   0: 0x800009d8 (0xffa6cde3) blt     a3, s10, pc - 6
core   0: 3 0x800009d8 (0xffa6cde3)
core   0: 0x800009d2 (0x0067ebb3) or      s7, a5, t1
core   0: 3 0x800009d2 (0x0067ebb3) x23 0x0749dff9
core   0: 0x800009d6 (0x00000689) c.addi  a3, 2
core   0: 3 0x800009d6 (0x0689) x13 0x0000000b
core   0: 0x800009d8 (0xffa6cde3) blt     a3, s10, pc - 6
core   0: 3 0x800009d8 (0xffa6cde3)
core   0: 0x800009dc (0xfd146de3) bltu    s0, a7, pc - 38
core   0: 3 0x800009dc (0xfd146de3)
core   0: 0x800009b6 (0x02fce733) rem     a4, s9, a5
core   0: 3 0x800009b6 (0x02fce733) x14 0xffffffff
core   0: 0x800009ba (0x00000415) c.addi  s0, 5
core   0: 3 0x800009ba (0x0415) x 8 0x00000011
core   0: 0x800009bc (0x00100693) li      a3, 1
core   0: 3 0x800009bc (0x00100693) x13 0x00000001
core   0: 0x800009c0 (0x00008f01) c.sub   a4, s0
core   0: 3 0x800009c0 (0x8f01) x14 0xffffffee
core   0: 0x800009c2 (0x00000712) c.slli  a4, 4
core   0: 3 0x800009c2 (0x0712) x14 0xfffffee0
core   0: 0x800009c4 (0x00006169) c.addi16sp sp, 208
core   0: 3 0x800009c4 (0x6169) x 2 0x000008c2
core   0: 0x800009c6 (0x000098fd) c.andi  s1, -1
core   0: 3 0x800009c6 (0x98fd) x 9 0x80022e92
core   0: 0x800009c8 (0x00f39e93) slli    t4, t2, 15
core   0: 3 0x800009c8 (0x00f39e93) x29 0x36720000
core   0: 0x800009cc (0x00b00d13) li      s10, 11
core   0: 3 0x800009cc (0x00b00d13) x26 0x0000000b
core   0: 0x800009d0 (0x00008d05) c.sub   a0, s1
core   0: 3 0x800009d0 (0x8d05) x10 0x7ff97451
core   0: 0x800009d2 (0x0067ebb3) or      s7, a5, t1
core   0: 3 0x800009d2 (0x0067ebb3) x23 0x0749dff9
core   0: 0x800009d6 (0x00000689) c.addi  a3, 2
core   0: 3 0x800009d6 (0x0689) x13 0x00000003
core   0: 0x800009d8 (0xffa6cde3) blt     a3, s10, pc - 6
core   0: 3 0x800009d8 (0xffa6cde3)
core   0: 0x800009d2 (0x0067ebb3) or      s7, a5, t1
core   0: 3 0x800009d2 (0x0067ebb3) x23 0x0749dff9
core   0: 0x800009d6 (0x00000689) c.addi  a3, 2
core   0: 3 0x800009d6 (0x0689) x13 0x00000005
core   0: 0x800009d8 (0xffa6cde3) blt     a3, s10, pc - 6
core   0: 3 0x800009d8 (0xffa6cde3)
core   0: 0x800009d2 (0x0067ebb3) or      s7, a5, t1
core   0: 3 0x800009d2 (0x0067ebb3) x23 0x0749dff9
core   0: 0x800009d6 (0x00000689) c.addi  a3, 2
core   0: 3 0x800009d6 (0x0689) x13 0x00000007
core   0: 0x800009d8 (0xffa6cde3) blt     a3, s10, pc - 6
core   0: 3 0x800009d8 (0xffa6cde3)
core   0: 0x800009d2 (0x0067ebb3) or      s7, a5, t1
core   0: 3 0x800009d2 (0x0067ebb3) x23 0x0749dff9
core   0: 0x800009d6 (0x00000689) c.addi  a3, 2
core   0: 3 0x800009d6 (0x0689) x13 0x00000009
core   0: 0x800009d8 (0xffa6cde3) blt     a3, s10, pc - 6
core   0: 3 0x800009d8 (0xffa6cde3)
core   0: 0x800009d2 (0x0067ebb3) or      s7, a5, t1
core   0: 3 0x800009d2 (0x0067ebb3) x23 0x0749dff9
core   0: 0x800009d6 (0x00000689) c.addi  a3, 2
core   0: 3 0x800009d6 (0x0689) x13 0x0000000b
core   0: 0x800009d8 (0xffa6cde3) blt     a3, s10, pc - 6
core   0: 3 0x800009d8 (0xffa6cde3)
core   0: 0x800009dc (0xfd146de3) bltu    s0, a7, pc - 38
core   0: 3 0x800009dc (0xfd146de3)
core   0: 0x800009e0 (0x00008fe9) c.and   a5, a0
core   0: 3 0x800009e0 (0x8fe9) x15 0x00000450
core   0: 0x800009e2 (0xffd00893) li      a7, -3
core   0: 3 0x800009e2 (0xffd00893) x17 0xfffffffd
core   0: 0x800009e6 (0x0ff0000f) fence   iorw,iorw
core   0: 3 0x800009e6 (0x0ff0000f)
core   0: 0x800009ea (0x02e03633) mulhu   a2, zero, a4
core   0: 3 0x800009ea (0x02e03633) x12 0x00000000
core   0: 0x800009ee (0x0393bc33) mulhu   s8, t2, s9
core   0: 3 0x800009ee (0x0393bc33) x24 0x80026ce3
core   0: 0x800009f2 (0x00004a0d) c.li    s4, 3
core   0: 3 0x800009f2 (0x4a0d) x20 0x00000003
core   0: 0x800009f4 (0x0ff0000f) fence   iorw,iorw
core   0: 3 0x800009f4 (0x0ff0000f)
core   0: 0x800009f8 (0x0000895e) c.mv    s2, s7
core   0: 3 0x800009f8 (0x895e) x18 0x0749dff9
core   0: 0x800009fa (0xff100493) li      s1, -15
core   0: 3 0x800009fa (0xff100493) x 9 0xfffffff1
core   0: 0x800009fe (0x4176dc33) sra     s8, a3, s7
core   0: 3 0x800009fe (0x4176dc33) x24 0x00000000
core   0: 0x80000a02 (0x000007c6) c.slli  a5, 17
core   0: 3 0x80000a02 (0x07c6) x15 0x08a00000
core   0: 0x80000a04 (0xe8a60093) addi    ra, a2, -374
core   0: 3 0x80000a04 (0xe8a60093) x 1 0xfffffe8a
core   0: 0x80000a08 (0x02de1133) mulh    sp, t3, a3
core   0: 3 0x80000a08 (0x02de1133) x 2 0x00000000
core   0: 0x80000a0c (0x006f5593) srli    a1, t5, 6
core   0: 3 0x80000a0c (0x006f5593) x11 0x03ffffff
core   0: 0x80000a10 (0x000018fd) c.addi  a7, -1
core   0: 3 0x80000a10 (0x18fd) x17 0xfffffffc
core   0: 0x80000a12 (0x41e8db93) srai    s7, a7, 30
core   0: 3 0x80000a12 (0x41e8db93) x23 0xffffffff
core   0: 0x80000a16 (0xd4e7cd97) auipc   s11, 0xd4e7c
core   0: 3 0x80000a16 (0xd4e7cd97) x27 0x54e7ca16
core   0: 0x80000a1a (0x03f9efb3) rem     t6, s3, t6
core   0: 3 0x80000a1a (0x03f9efb3) x31 0xfffffffc
core   0: 0x80000a1e (0x004b35b3) sltu    a1, s6, tp
core   0: 3 0x80000a1e (0x004b35b3) x11 0x00000000
core   0: 0x80000a22 (0x0000100f) fence.i
core   0: 3 0x80000a22 (0x0000100f)
core   0: 0x80000a26 (0x02724a33) div     s4, tp, t2
core   0: 3 0x80000a26 (0x02724a33) x20 0x00000000
core   0: 0x80000a2a (0xfc988fe3) beq     a7, s1, pc - 34
core   0: 3 0x80000a2a (0xfc988fe3)
core   0: 0x80000a2e (0x00812133) slt     sp, sp, s0
core   0: 3 0x80000a2e (0x00812133) x 2 0x00000001
core   0: 0x80000a32 (0x00a00513) li      a0, 10
core   0: 3 0x80000a32 (0x00a00513) x10 0x0000000a
core   0: 0x80000a36 (0x00a00c13) li      s8, 10
core   0: 3 0x80000a36 (0x00a00c13) x24 0x0000000a
core   0: 0x80000a3a (0x01cbfa33) and     s4, s7, t3
core   0: 3 0x80000a3a (0x01cbfa33) x20 0x00000000
core   0: 0x80000a3e (0x00212d33) slt     s10, sp, sp
core   0: 3 0x80000a3e (0x00212d33) x26 0x00000000
core   0: 0x80000a42 (0x0000155d) c.addi  a0, -9
core   0: 3 0x80000a42 (0x155d) x10 0x00000001
core   0: 0x80000a44 (0x00700593) li      a1, 7
core   0: 3 0x80000a44 (0x00700593) x11 0x00000007
core   0: 0x80000a48 (0x01100b93) li      s7, 17
core   0: 3 0x80000a48 (0x01100b93) x23 0x00000011
core   0: 0x80000a4c (0x005fb7b3) sltu    a5, t6, t0
core   0: 3 0x80000a4c (0x005fb7b3) x15 0x00000000
core   0: 0x80000a50 (0x000005a1) c.addi  a1, 8
core   0: 3 0x80000a50 (0x05a1) x11 0x0000000f
core   0: 0x80000a52 (0x0000640d) c.lui   s0, 0x3
core   0: 3 0x80000a52 (0x640d) x 8 0x00003000
core   0: 0x80000a54 (0xff75cce3) blt     a1, s7, pc - 8
core   0: 3 0x80000a54 (0xff75cce3)
core   0: 0x80000a4c (0x005fb7b3) sltu    a5, t6, t0
core   0: 3 0x80000a4c (0x005fb7b3) x15 0x00000000
core   0: 0x80000a50 (0x000005a1) c.addi  a1, 8
core   0: 3 0x80000a50 (0x05a1) x11 0x00000017
core   0: 0x80000a52 (0x0000640d) c.lui   s0, 0x3
core   0: 3 0x80000a52 (0x640d) x 8 0x00003000
core   0: 0x80000a54 (0xff75cce3) blt     a1, s7, pc - 8
core   0: 3 0x80000a54 (0xff75cce3)
core   0: 0x80000a58 (0xff8571e3) bgeu    a0, s8, pc - 30
core   0: 3 0x80000a58 (0xff8571e3)
core   0: 0x80000a5c (0x00000411) c.addi  s0, 4
core   0: 3 0x80000a5c (0x0411) x 8 0x00003004
core   0: 0x80000a5e (0x00900493) li      s1, 9
core   0: 3 0x80000a5e (0x00900493) x 9 0x00000009
core   0: 0x80000a62 (0x01300513) li      a0, 19
core   0: 3 0x80000a62 (0x01300513) x10 0x00000013
core   0: 0x80000a66 (0x00008d81) c.sub   a1, s0
core   0: 3 0x80000a66 (0x8d81) x11 0xffffd013
core   0: 0x80000a68 (0x01cecfb3) xor     t6, t4, t3
core   0: 3 0x80000a68 (0x01cecfb3) x31 0x36720000
core   0: 0x80000a6c (0x01729c93) slli    s9, t0, 23
core   0: 3 0x80000a6c (0x01729c93) x25 0x01000000
core   0: 0x80000a70 (0x00009e36) c.add   t3, a3
core   0: 3 0x80000a70 (0x9e36) x28 0x0000000b
core   0: 0x80000a72 (0x00000485) c.addi  s1, 1
core   0: 3 0x80000a72 (0x0485) x 9 0x0000000a
core   0: 0x80000a74 (0x07ecae93) slti    t4, s9, 126
core   0: 3 0x80000a74 (0x07ecae93) x29 0x00000000
core   0: 0x80000a78 (0xfea48ce3) beq     s1, a0, pc - 8
core   0: 3 0x80000a78 (0xfea48ce3)
core   0: 0x80000a7c (0x00008419) c.srai  s0, 6
core   0: 3 0x80000a7c (0x8419) x 8 0x000000c0
core   0: 0x80000a7e (0x00600593) li      a1, 6
core   0: 3 0x80000a7e (0x00600593) x11 0x00000006
core   0: 0x80000a82 (0x00000c9e) c.slli  s9, 7
core   0: 3 0x80000a82 (0x0c9e) x25 0x80000000
core   0: 0x80000a84 (0xfee00513) li      a0, -18
core   0: 3 0x80000a84 (0xfee00513) x10 0xffffffee
core   0: 0x80000a88 (0x021af933) remu    s2, s5, ra
core   0: 3 0x80000a88 (0x021af933) x18 0x80000000
core   0: 0x80000a8c (0x88ef6b93) ori     s7, t5, -1906
core   0: 3 0x80000a8c (0x88ef6b93) x23 0xfffffffe
core   0: 0x80000a90 (0x0004bbb3) sltu    s7, s1, zero
core   0: 3 0x80000a90 (0x0004bbb3) x23 0x00000000
core   0: 0x80000a94 (0xd438bd13) sltiu   s10, a7, -701
core   0: 3 0x80000a94 (0xd438bd13) x26 0x00000000
core   0: 0x80000a98 (0x40aed893) srai    a7, t4, 10
core   0: 3 0x80000a98 (0x40aed893) x17 0x00000000
core   0: 0x80000a9c (0x000015f9) c.addi  a1, -2
core   0: 3 0x80000a9c (0x15f9) x11 0x00000004
core   0: 0x80000a9e (0x34b57713) andi    a4, a0, 843
core   0: 3 0x80000a9e (0x34b57713) x14 0x0000034a
core   0: 0x80000aa2 (0x01c41213) slli    tp, s0, 28
core   0: 3 0x80000aa2 (0x01c41213) x 4 0x00000000
core   0: 0x80000aa6 (0x410a0bb3) sub     s7, s4, a6
core   0: 3 0x80000aa6 (0x410a0bb3) x23 0xfffffffc
core   0: 0x80000aaa (0x0ff0000f) fence   iorw,iorw
core   0: 3 0x80000aaa (0x0ff0000f)
core   0: 0x80000aae (0x00900f93) li      t6, 9
core   0: 3 0x80000aae (0x00900f93) x31 0x00000009
core   0: 0x80000ab2 (0x0000090a) c.slli  s2, 2
core   0: 3 0x80000ab2 (0x090a) x18 0x00000000
core   0: 0x80000ab4 (0x41550633) sub     a2, a0, s5
core   0: 3 0x80000ab4 (0x41550633) x12 0x7fffffee
core   0: 0x80000ab8 (0x03d5f013) andi    zero, a1, 61
core   0: 3 0x80000ab8 (0x03d5f013)
core   0: 0x80000abc (0x005fac33) slt     s8, t6, t0
core   0: 3 0x80000abc (0x005fac33) x24 0x00000000
core   0: 0x80000ac0 (0x00e00f13) li      t5, 14
core   0: 3 0x80000ac0 (0x00e00f13) x30 0x0000000e
core   0: 0x80000ac4 (0x01f041b3) xor     gp, zero, t6
core   0: 3 0x80000ac4 (0x01f041b3) x 3 0x00000009
core   0: 0x80000ac8 (0x000010fd) c.addi  ra, -1
core   0: 3 0x80000ac8 (0x10fd) x 1 0xfffffe89
core   0: 0x80000aca (0x00487c33) and     s8, a6, tp
core   0: 3 0x80000aca (0x00487c33) x24 0x00000000
core   0: 0x80000ace (0x00000f95) c.addi  t6, 5
core   0: 3 0x80000ace (0x0f95) x31 0x0000000e
core   0: 0x80000ad0 (0x016277b3) and     a5, tp, s6
core   0: 3 0x80000ad0 (0x016277b3) x15 0x00000000
core   0: 0x80000ad4 (0x00008c15) c.sub   s0, a3
core   0: 3 0x80000ad4 (0x8c15) x 8 0x000000b5
core   0: 0x80000ad6 (0x00008b8e) c.mv    s7, gp
core   0: 3 0x80000ad6 (0x8b8e) x23 0x00000009
core   0: 0x80000ad8 (0xffef96e3) bne     t6, t5, pc - 20
core   0: 3 0x80000ad8 (0xffef96e3)
core   0: 0x80000adc (0x406bd913) srai    s2, s7, 6
core   0: 3 0x80000adc (0x406bd913) x18 0x00000000
core   0: 0x80000ae0 (0x00008655) c.srai  a2, 21
core   0: 3 0x80000ae0 (0x8655) x12 0x000003ff
core   0: 0x80000ae2 (0x0000717d) c.addi16sp sp, -16
core   0: 3 0x80000ae2 (0x717d) x 2 0xfffffff1
core   0: 0x80000ae4 (0x00009712) c.add   a4, tp
core   0: 3 0x80000ae4 (0x9712) x14 0x0000034a
core   0: 0x80000ae6 (0x000080e1) c.srli  s1, 24
core   0: 3 0x80000ae6 (0x80e1) x 9 0x00000000
core   0: 0x80000ae8 (0xfaa592e3) bne     a1, a0, pc - 92
core   0: 3 0x80000ae8 (0xfaa592e3)
core   0: 0x80000a8c (0x88ef6b93) ori     s7, t5, -1906
core   0: 3 0x80000a8c (0x88ef6b93) x23 0xfffff88e
core   0: 0x80000a90 (0x0004bbb3) sltu    s7, s1, zero
core   0: 3 0x80000a90 (0x0004bbb3) x23 0x00000000
core   0: 0x80000a94 (0xd438bd13) sltiu   s10, a7, -701
core   0: 3 0x80000a94 (0xd438bd13) x26 0x00000001
core   0: 0x80000a98 (0x40aed893) srai    a7, t4, 10
core   0: 3 0x80000a98 (0x40aed893) x17 0x00000000
core   0: 0x80000a9c (0x000015f9) c.addi  a1, -2
core   0: 3 0x80000a9c (0x15f9) x11 0x00000002
core   0: 0x80000a9e (0x34b57713) andi    a4, a0, 843
core   0: 3 0x80000a9e (0x34b57713) x14 0x0000034a
core   0: 0x80000aa2 (0x01c41213) slli    tp, s0, 28
core   0: 3 0x80000aa2 (0x01c41213) x 4 0x50000000
core   0: 0x80000aa6 (0x410a0bb3) sub     s7, s4, a6
core   0: 3 0x80000aa6 (0x410a0bb3) x23 0xfffffffc
core   0: 0x80000aaa (0x0ff0000f) fence   iorw,iorw
core   0: 3 0x80000aaa (0x0ff0000f)
core   0: 0x80000aae (0x00900f93) li      t6, 9
core   0: 3 0x80000aae (0x00900f93) x31 0x00000009
core   0: 0x80000ab2 (0x0000090a) c.slli  s2, 2
core   0: 3 0x80000ab2 (0x090a) x18 0x00000000
core   0: 0x80000ab4 (0x41550633) sub     a2, a0, s5
core   0: 3 0x80000ab4 (0x41550633) x12 0x7fffffee
core   0: 0x80000ab8 (0x03d5f013) andi    zero, a1, 61
core   0: 3 0x80000ab8 (0x03d5f013)
core   0: 0x80000abc (0x005fac33) slt     s8, t6, t0
core   0: 3 0x80000abc (0x005fac33) x24 0x00000000
core   0: 0x80000ac0 (0x00e00f13) li      t5, 14
core   0: 3 0x80000ac0 (0x00e00f13) x30 0x0000000e
core   0: 0x80000ac4 (0x01f041b3) xor     gp, zero, t6
core   0: 3 0x80000ac4 (0x01f041b3) x 3 0x00000009
core   0: 0x80000ac8 (0x000010fd) c.addi  ra, -1
core   0: 3 0x80000ac8 (0x10fd) x 1 0xfffffe88
core   0: 0x80000aca (0x00487c33) and     s8, a6, tp
core   0: 3 0x80000aca (0x00487c33) x24 0x00000000
core   0: 0x80000ace (0x00000f95) c.addi  t6, 5
core   0: 3 0x80000ace (0x0f95) x31 0x0000000e
core   0: 0x80000ad0 (0x016277b3) and     a5, tp, s6
core   0: 3 0x80000ad0 (0x016277b3) x15 0x00000000
core   0: 0x80000ad4 (0x00008c15) c.sub   s0, a3
core   0: 3 0x80000ad4 (0x8c15) x 8 0x000000aa
core   0: 0x80000ad6 (0x00008b8e) c.mv    s7, gp
core   0: 3 0x80000ad6 (0x8b8e) x23 0x00000009
core   0: 0x80000ad8 (0xffef96e3) bne     t6, t5, pc - 20
core   0: 3 0x80000ad8 (0xffef96e3)
core   0: 0x80000adc (0x406bd913) srai    s2, s7, 6
core   0: 3 0x80000adc (0x406bd913) x18 0x00000000
core   0: 0x80000ae0 (0x00008655) c.srai  a2, 21
core   0: 3 0x80000ae0 (0x8655) x12 0x000003ff
core   0: 0x80000ae2 (0x0000717d) c.addi16sp sp, -16
core   0: 3 0x80000ae2 (0x717d) x 2 0xffffffe1
core   0: 0x80000ae4 (0x00009712) c.add   a4, tp
core   0: 3 0x80000ae4 (0x9712) x14 0x5000034a
core   0: 0x80000ae6 (0x000080e1) c.srli  s1, 24
core   0: 3 0x80000ae6 (0x80e1) x 9 0x00000000
core   0: 0x80000ae8 (0xfaa592e3) bne     a1, a0, pc - 92
core   0: 3 0x80000ae8 (0xfaa592e3)
core   0: 0x80000a8c (0x88ef6b93) ori     s7, t5, -1906
core   0: 3 0x80000a8c (0x88ef6b93) x23 0xfffff88e
core   0: 0x80000a90 (0x0004bbb3) sltu    s7, s1, zero
core   0: 3 0x80000a90 (0x0004bbb3) x23 0x00000000
core   0: 0x80000a94 (0xd438bd13) sltiu   s10, a7, -701
core   0: 3 0x80000a94 (0xd438bd13) x26 0x00000001
core   0: 0x80000a98 (0x40aed893) srai    a7, t4, 10
core   0: 3 0x80000a98 (0x40aed893) x17 0x00000000
core   0: 0x80000a9c (0x000015f9) c.addi  a1, -2
core   0: 3 0x80000a9c (0x15f9) x11 0x00000000
core   0: 0x80000a9e (0x34b57713) andi    a4, a0, 843
core   0: 3 0x80000a9e (0x34b57713) x14 0x0000034a
core   0: 0x80000aa2 (0x01c41213) slli    tp, s0, 28
core   0: 3 0x80000aa2 (0x01c41213) x 4 0xa0000000
core   0: 0x80000aa6 (0x410a0bb3) sub     s7, s4, a6
core   0: 3 0x80000aa6 (0x410a0bb3) x23 0xfffffffc
core   0: 0x80000aaa (0x0ff0000f) fence   iorw,iorw
core   0: 3 0x80000aaa (0x0ff0000f)
core   0: 0x80000aae (0x00900f93) li      t6, 9
core   0: 3 0x80000aae (0x00900f93) x31 0x00000009
core   0: 0x80000ab2 (0x0000090a) c.slli  s2, 2
core   0: 3 0x80000ab2 (0x090a) x18 0x00000000
core   0: 0x80000ab4 (0x41550633) sub     a2, a0, s5
core   0: 3 0x80000ab4 (0x41550633) x12 0x7fffffee
core   0: 0x80000ab8 (0x03d5f013) andi    zero, a1, 61
core   0: 3 0x80000ab8 (0x03d5f013)
core   0: 0x80000abc (0x005fac33) slt     s8, t6, t0
core   0: 3 0x80000abc (0x005fac33) x24 0x00000000
core   0: 0x80000ac0 (0x00e00f13) li      t5, 14
core   0: 3 0x80000ac0 (0x00e00f13) x30 0x0000000e
core   0: 0x80000ac4 (0x01f041b3) xor     gp, zero, t6
core   0: 3 0x80000ac4 (0x01f041b3) x 3 0x00000009
core   0: 0x80000ac8 (0x000010fd) c.addi  ra, -1
core   0: 3 0x80000ac8 (0x10fd) x 1 0xfffffe87
core   0: 0x80000aca (0x00487c33) and     s8, a6, tp
core   0: 3 0x80000aca (0x00487c33) x24 0x00000000
core   0: 0x80000ace (0x00000f95) c.addi  t6, 5
core   0: 3 0x80000ace (0x0f95) x31 0x0000000e
core   0: 0x80000ad0 (0x016277b3) and     a5, tp, s6
core   0: 3 0x80000ad0 (0x016277b3) x15 0x00000000
core   0: 0x80000ad4 (0x00008c15) c.sub   s0, a3
core   0: 3 0x80000ad4 (0x8c15) x 8 0x0000009f
core   0: 0x80000ad6 (0x00008b8e) c.mv    s7, gp
core   0: 3 0x80000ad6 (0x8b8e) x23 0x00000009
core   0: 0x80000ad8 (0xffef96e3) bne     t6, t5, pc - 20
core   0: 3 0x80000ad8 (0xffef96e3)
core   0: 0x80000adc (0x406bd913) srai    s2, s7, 6
core   0: 3 0x80000adc (0x406bd913) x18 0x00000000
core   0: 0x80000ae0 (0x00008655) c.srai  a2, 21
core   0: 3 0x80000ae0 (0x8655) x12 0x000003ff
core   0: 0x80000ae2 (0x0000717d) c.addi16sp sp, -16
core   0: 3 0x80000ae2 (0x717d) x 2 0xffffffd1
core   0: 0x80000ae4 (0x00009712) c.add   a4, tp
core   0: 3 0x80000ae4 (0x9712) x14 0xa000034a
core   0: 0x80000ae6 (0x000080e1) c.srli  s1, 24
core   0: 3 0x80000ae6 (0x80e1) x 9 0x00000000
core   0: 0x80000ae8 (0xfaa592e3) bne     a1, a0, pc - 92
core   0: 3 0x80000ae8 (0xfaa592e3)
core   0: 0x80000a8c (0x88ef6b93) ori     s7, t5, -1906
core   0: 3 0x80000a8c (0x88ef6b93) x23 0xfffff88e
core   0: 0x80000a90 (0x0004bbb3) sltu    s7, s1, zero
core   0: 3 0x80000a90 (0x0004bbb3) x23 0x00000000
core   0: 0x80000a94 (0xd438bd13) sltiu   s10, a7, -701
core   0: 3 0x80000a94 (0xd438bd13) x26 0x00000001
core   0: 0x80000a98 (0x40aed893) srai    a7, t4, 10
core   0: 3 0x80000a98 (0x40aed893) x17 0x00000000
core   0: 0x80000a9c (0x000015f9) c.addi  a1, -2
core   0: 3 0x80000a9c (0x15f9) x11 0xfffffffe
core   0: 0x80000a9e (0x34b57713) andi    a4, a0, 843
core   0: 3 0x80000a9e (0x34b57713) x14 0x0000034a
core   0: 0x80000aa2 (0x01c41213) slli    tp, s0, 28
core   0: 3 0x80000aa2 (0x01c41213) x 4 0xf0000000
core   0: 0x80000aa6 (0x410a0bb3) sub     s7, s4, a6
core   0: 3 0x80000aa6 (0x410a0bb3) x23 0xfffffffc
core   0: 0x80000aaa (0x0ff0000f) fence   iorw,iorw
core   0: 3 0x80000aaa (0x0ff0000f)
core   0: 0x80000aae (0x00900f93) li      t6, 9
core   0: 3 0x80000aae (0x00900f93) x31 0x00000009
core   0: 0x80000ab2 (0x0000090a) c.slli  s2, 2
core   0: 3 0x80000ab2 (0x090a) x18 0x00000000
core   0: 0x80000ab4 (0x41550633) sub     a2, a0, s5
core   0: 3 0x80000ab4 (0x41550633) x12 0x7fffffee
core   0: 0x80000ab8 (0x03d5f013) andi    zero, a1, 61
core   0: 3 0x80000ab8 (0x03d5f013)
core   0: 0x80000abc (0x005fac33) slt     s8, t6, t0
core   0: 3 0x80000abc (0x005fac33) x24 0x00000000
core   0: 0x80000ac0 (0x00e00f13) li      t5, 14
core   0: 3 0x80000ac0 (0x00e00f13) x30 0x0000000e
core   0: 0x80000ac4 (0x01f041b3) xor     gp, zero, t6
core   0: 3 0x80000ac4 (0x01f041b3) x 3 0x00000009
core   0: 0x80000ac8 (0x000010fd) c.addi  ra, -1
core   0: 3 0x80000ac8 (0x10fd) x 1 0xfffffe86
core   0: 0x80000aca (0x00487c33) and     s8, a6, tp
core   0: 3 0x80000aca (0x00487c33) x24 0x00000000
core   0: 0x80000ace (0x00000f95) c.addi  t6, 5
core   0: 3 0x80000ace (0x0f95) x31 0x0000000e
core   0: 0x80000ad0 (0x016277b3) and     a5, tp, s6
core   0: 3 0x80000ad0 (0x016277b3) x15 0x00000000
core   0: 0x80000ad4 (0x00008c15) c.sub   s0, a3
core   0: 3 0x80000ad4 (0x8c15) x 8 0x00000094
core   0: 0x80000ad6 (0x00008b8e) c.mv    s7, gp
core   0: 3 0x80000ad6 (0x8b8e) x23 0x00000009
core   0: 0x80000ad8 (0xffef96e3) bne     t6, t5, pc - 20
core   0: 3 0x80000ad8 (0xffef96e3)
core   0: 0x80000adc (0x406bd913) srai    s2, s7, 6
core   0: 3 0x80000adc (0x406bd913) x18 0x00000000
core   0: 0x80000ae0 (0x00008655) c.srai  a2, 21
core   0: 3 0x80000ae0 (0x8655) x12 0x000003ff
core   0: 0x80000ae2 (0x0000717d) c.addi16sp sp, -16
core   0: 3 0x80000ae2 (0x717d) x 2 0xffffffc1
core   0: 0x80000ae4 (0x00009712) c.add   a4, tp
core   0: 3 0x80000ae4 (0x9712) x14 0xf000034a
core   0: 0x80000ae6 (0x000080e1) c.srli  s1, 24
core   0: 3 0x80000ae6 (0x80e1) x 9 0x00000000
core   0: 0x80000ae8 (0xfaa592e3) bne     a1, a0, pc - 92
core   0: 3 0x80000ae8 (0xfaa592e3)
core   0: 0x80000a8c (0x88ef6b93) ori     s7, t5, -1906
core   0: 3 0x80000a8c (0x88ef6b93) x23 0xfffff88e
core   0: 0x80000a90 (0x0004bbb3) sltu    s7, s1, zero
core   0: 3 0x80000a90 (0x0004bbb3) x23 0x00000000
core   0: 0x80000a94 (0xd438bd13) sltiu   s10, a7, -701
core   0: 3 0x80000a94 (0xd438bd13) x26 0x00000001
core   0: 0x80000a98 (0x40aed893) srai    a7, t4, 10
core   0: 3 0x80000a98 (0x40aed893) x17 0x00000000
core   0: 0x80000a9c (0x000015f9) c.addi  a1, -2
core   0: 3 0x80000a9c (0x15f9) x11 0xfffffffc
core   0: 0x80000a9e (0x34b57713) andi    a4, a0, 843
core   0: 3 0x80000a9e (0x34b57713) x14 0x0000034a
core   0: 0x80000aa2 (0x01c41213) slli    tp, s0, 28
core   0: 3 0x80000aa2 (0x01c41213) x 4 0x40000000
core   0: 0x80000aa6 (0x410a0bb3) sub     s7, s4, a6
core   0: 3 0x80000aa6 (0x410a0bb3) x23 0xfffffffc
core   0: 0x80000aaa (0x0ff0000f) fence   iorw,iorw
core   0: 3 0x80000aaa (0x0ff0000f)
core   0: 0x80000aae (0x00900f93) li      t6, 9
core   0: 3 0x80000aae (0x00900f93) x31 0x00000009
core   0: 0x80000ab2 (0x0000090a) c.slli  s2, 2
core   0: 3 0x80000ab2 (0x090a) x18 0x00000000
core   0: 0x80000ab4 (0x41550633) sub     a2, a0, s5
core   0: 3 0x80000ab4 (0x41550633) x12 0x7fffffee
core   0: 0x80000ab8 (0x03d5f013) andi    zero, a1, 61
core   0: 3 0x80000ab8 (0x03d5f013)
core   0: 0x80000abc (0x005fac33) slt     s8, t6, t0
core   0: 3 0x80000abc (0x005fac33) x24 0x00000000
core   0: 0x80000ac0 (0x00e00f13) li      t5, 14
core   0: 3 0x80000ac0 (0x00e00f13) x30 0x0000000e
core   0: 0x80000ac4 (0x01f041b3) xor     gp, zero, t6
core   0: 3 0x80000ac4 (0x01f041b3) x 3 0x00000009
core   0: 0x80000ac8 (0x000010fd) c.addi  ra, -1
core   0: 3 0x80000ac8 (0x10fd) x 1 0xfffffe85
core   0: 0x80000aca (0x00487c33) and     s8, a6, tp
core   0: 3 0x80000aca (0x00487c33) x24 0x00000000
core   0: 0x80000ace (0x00000f95) c.addi  t6, 5
core   0: 3 0x80000ace (0x0f95) x31 0x0000000e
core   0: 0x80000ad0 (0x016277b3) and     a5, tp, s6
core   0: 3 0x80000ad0 (0x016277b3) x15 0x00000000
core   0: 0x80000ad4 (0x00008c15) c.sub   s0, a3
core   0: 3 0x80000ad4 (0x8c15) x 8 0x00000089
core   0: 0x80000ad6 (0x00008b8e) c.mv    s7, gp
core   0: 3 0x80000ad6 (0x8b8e) x23 0x00000009
core   0: 0x80000ad8 (0xffef96e3) bne     t6, t5, pc - 20
core   0: 3 0x80000ad8 (0xffef96e3)
core   0: 0x80000adc (0x406bd913) srai    s2, s7, 6
core   0: 3 0x80000adc (0x406bd913) x18 0x00000000
core   0: 0x80000ae0 (0x00008655) c.srai  a2, 21
core   0: 3 0x80000ae0 (0x8655) x12 0x000003ff
core   0: 0x80000ae2 (0x0000717d) c.addi16sp sp, -16
core   0: 3 0x80000ae2 (0x717d) x 2 0xffffffb1
core   0: 0x80000ae4 (0x00009712) c.add   a4, tp
core   0: 3 0x80000ae4 (0x9712) x14 0x4000034a
core   0: 0x80000ae6 (0x000080e1) c.srli  s1, 24
core   0: 3 0x80000ae6 (0x80e1) x 9 0x00000000
core   0: 0x80000ae8 (0xfaa592e3) bne     a1, a0, pc - 92
core   0: 3 0x80000ae8 (0xfaa592e3)
core   0: 0x80000a8c (0x88ef6b93) ori     s7, t5, -1906
core   0: 3 0x80000a8c (0x88ef6b93) x23 0xfffff88e
core   0: 0x80000a90 (0x0004bbb3) sltu    s7, s1, zero
core   0: 3 0x80000a90 (0x0004bbb3) x23 0x00000000
core   0: 0x80000a94 (0xd438bd13) sltiu   s10, a7, -701
core   0: 3 0x80000a94 (0xd438bd13) x26 0x00000001
core   0: 0x80000a98 (0x40aed893) srai    a7, t4, 10
core   0: 3 0x80000a98 (0x40aed893) x17 0x00000000
core   0: 0x80000a9c (0x000015f9) c.addi  a1, -2
core   0: 3 0x80000a9c (0x15f9) x11 0xfffffffa
core   0: 0x80000a9e (0x34b57713) andi    a4, a0, 843
core   0: 3 0x80000a9e (0x34b57713) x14 0x0000034a
core   0: 0x80000aa2 (0x01c41213) slli    tp, s0, 28
core   0: 3 0x80000aa2 (0x01c41213) x 4 0x90000000
core   0: 0x80000aa6 (0x410a0bb3) sub     s7, s4, a6
core   0: 3 0x80000aa6 (0x410a0bb3) x23 0xfffffffc
core   0: 0x80000aaa (0x0ff0000f) fence   iorw,iorw
core   0: 3 0x80000aaa (0x0ff0000f)
core   0: 0x80000aae (0x00900f93) li      t6, 9
core   0: 3 0x80000aae (0x00900f93) x31 0x00000009
core   0: 0x80000ab2 (0x0000090a) c.slli  s2, 2
core   0: 3 0x80000ab2 (0x090a) x18 0x00000000
core   0: 0x80000ab4 (0x41550633) sub     a2, a0, s5
core   0: 3 0x80000ab4 (0x41550633) x12 0x7fffffee
core   0: 0x80000ab8 (0x03d5f013) andi    zero, a1, 61
core   0: 3 0x80000ab8 (0x03d5f013)
core   0: 0x80000abc (0x005fac33) slt     s8, t6, t0
core   0: 3 0x80000abc (0x005fac33) x24 0x00000000
core   0: 0x80000ac0 (0x00e00f13) li      t5, 14
core   0: 3 0x80000ac0 (0x00e00f13) x30 0x0000000e
core   0: 0x80000ac4 (0x01f041b3) xor     gp, zero, t6
core   0: 3 0x80000ac4 (0x01f041b3) x 3 0x00000009
core   0: 0x80000ac8 (0x000010fd) c.addi  ra, -1
core   0: 3 0x80000ac8 (0x10fd) x 1 0xfffffe84
core   0: 0x80000aca (0x00487c33) and     s8, a6, tp
core   0: 3 0x80000aca (0x00487c33) x24 0x00000000
core   0: 0x80000ace (0x00000f95) c.addi  t6, 5
core   0: 3 0x80000ace (0x0f95) x31 0x0000000e
core   0: 0x80000ad0 (0x016277b3) and     a5, tp, s6
core   0: 3 0x80000ad0 (0x016277b3) x15 0x00000000
core   0: 0x80000ad4 (0x00008c15) c.sub   s0, a3
core   0: 3 0x80000ad4 (0x8c15) x 8 0x0000007e
core   0: 0x80000ad6 (0x00008b8e) c.mv    s7, gp
core   0: 3 0x80000ad6 (0x8b8e) x23 0x00000009
core   0: 0x80000ad8 (0xffef96e3) bne     t6, t5, pc - 20
core   0: 3 0x80000ad8 (0xffef96e3)
core   0: 0x80000adc (0x406bd913) srai    s2, s7, 6
core   0: 3 0x80000adc (0x406bd913) x18 0x00000000
core   0: 0x80000ae0 (0x00008655) c.srai  a2, 21
core   0: 3 0x80000ae0 (0x8655) x12 0x000003ff
core   0: 0x80000ae2 (0x0000717d) c.addi16sp sp, -16
core   0: 3 0x80000ae2 (0x717d) x 2 0xffffffa1
core   0: 0x80000ae4 (0x00009712) c.add   a4, tp
core   0: 3 0x80000ae4 (0x9712) x14 0x9000034a
core   0: 0x80000ae6 (0x000080e1) c.srli  s1, 24
core   0: 3 0x80000ae6 (0x80e1) x 9 0x00000000
core   0: 0x80000ae8 (0xfaa592e3) bne     a1, a0, pc - 92
core   0: 3 0x80000ae8 (0xfaa592e3)
core   0: 0x80000a8c (0x88ef6b93) ori     s7, t5, -1906
core   0: 3 0x80000a8c (0x88ef6b93) x23 0xfffff88e
core   0: 0x80000a90 (0x0004bbb3) sltu    s7, s1, zero
core   0: 3 0x80000a90 (0x0004bbb3) x23 0x00000000
core   0: 0x80000a94 (0xd438bd13) sltiu   s10, a7, -701
core   0: 3 0x80000a94 (0xd438bd13) x26 0x00000001
core   0: 0x80000a98 (0x40aed893) srai    a7, t4, 10
core   0: 3 0x80000a98 (0x40aed893) x17 0x00000000
core   0: 0x80000a9c (0x000015f9) c.addi  a1, -2
core   0: 3 0x80000a9c (0x15f9) x11 0xfffffff8
core   0: 0x80000a9e (0x34b57713) andi    a4, a0, 843
core   0: 3 0x80000a9e (0x34b57713) x14 0x0000034a
core   0: 0x80000aa2 (0x01c41213) slli    tp, s0, 28
core   0: 3 0x80000aa2 (0x01c41213) x 4 0xe0000000
core   0: 0x80000aa6 (0x410a0bb3) sub     s7, s4, a6
core   0: 3 0x80000aa6 (0x410a0bb3) x23 0xfffffffc
core   0: 0x80000aaa (0x0ff0000f) fence   iorw,iorw
core   0: 3 0x80000aaa (0x0ff0000f)
core   0: 0x80000aae (0x00900f93) li      t6, 9
core   0: 3 0x80000aae (0x00900f93) x31 0x00000009
core   0: 0x80000ab2 (0x0000090a) c.slli  s2, 2
core   0: 3 0x80000ab2 (0x090a) x18 0x00000000
core   0: 0x80000ab4 (0x41550633) sub     a2, a0, s5
core   0: 3 0x80000ab4 (0x41550633) x12 0x7fffffee
core   0: 0x80000ab8 (0x03d5f013) andi    zero, a1, 61
core   0: 3 0x80000ab8 (0x03d5f013)
core   0: 0x80000abc (0x005fac33) slt     s8, t6, t0
core   0: 3 0x80000abc (0x005fac33) x24 0x00000000
core   0: 0x80000ac0 (0x00e00f13) li      t5, 14
core   0: 3 0x80000ac0 (0x00e00f13) x30 0x0000000e
core   0: 0x80000ac4 (0x01f041b3) xor     gp, zero, t6
core   0: 3 0x80000ac4 (0x01f041b3) x 3 0x00000009
core   0: 0x80000ac8 (0x000010fd) c.addi  ra, -1
core   0: 3 0x80000ac8 (0x10fd) x 1 0xfffffe83
core   0: 0x80000aca (0x00487c33) and     s8, a6, tp
core   0: 3 0x80000aca (0x00487c33) x24 0x00000000
core   0: 0x80000ace (0x00000f95) c.addi  t6, 5
core   0: 3 0x80000ace (0x0f95) x31 0x0000000e
core   0: 0x80000ad0 (0x016277b3) and     a5, tp, s6
core   0: 3 0x80000ad0 (0x016277b3) x15 0x00000000
core   0: 0x80000ad4 (0x00008c15) c.sub   s0, a3
core   0: 3 0x80000ad4 (0x8c15) x 8 0x00000073
core   0: 0x80000ad6 (0x00008b8e) c.mv    s7, gp
core   0: 3 0x80000ad6 (0x8b8e) x23 0x00000009
core   0: 0x80000ad8 (0xffef96e3) bne     t6, t5, pc - 20
core   0: 3 0x80000ad8 (0xffef96e3)
core   0: 0x80000adc (0x406bd913) srai    s2, s7, 6
core   0: 3 0x80000adc (0x406bd913) x18 0x00000000
core   0: 0x80000ae0 (0x00008655) c.srai  a2, 21
core   0: 3 0x80000ae0 (0x8655) x12 0x000003ff
core   0: 0x80000ae2 (0x0000717d) c.addi16sp sp, -16
core   0: 3 0x80000ae2 (0x717d) x 2 0xffffff91
core   0: 0x80000ae4 (0x00009712) c.add   a4, tp
core   0: 3 0x80000ae4 (0x9712) x14 0xe000034a
core   0: 0x80000ae6 (0x000080e1) c.srli  s1, 24
core   0: 3 0x80000ae6 (0x80e1) x 9 0x00000000
core   0: 0x80000ae8 (0xfaa592e3) bne     a1, a0, pc - 92
core   0: 3 0x80000ae8 (0xfaa592e3)
core   0: 0x80000a8c (0x88ef6b93) ori     s7, t5, -1906
core   0: 3 0x80000a8c (0x88ef6b93) x23 0xfffff88e
core   0: 0x80000a90 (0x0004bbb3) sltu    s7, s1, zero
core   0: 3 0x80000a90 (0x0004bbb3) x23 0x00000000
core   0: 0x80000a94 (0xd438bd13) sltiu   s10, a7, -701
core   0: 3 0x80000a94 (0xd438bd13) x26 0x00000001
core   0: 0x80000a98 (0x40aed893) srai    a7, t4, 10
core   0: 3 0x80000a98 (0x40aed893) x17 0x00000000
core   0: 0x80000a9c (0x000015f9) c.addi  a1, -2
core   0: 3 0x80000a9c (0x15f9) x11 0xfffffff6
core   0: 0x80000a9e (0x34b57713) andi    a4, a0, 843
core   0: 3 0x80000a9e (0x34b57713) x14 0x0000034a
core   0: 0x80000aa2 (0x01c41213) slli    tp, s0, 28
core   0: 3 0x80000aa2 (0x01c41213) x 4 0x30000000
core   0: 0x80000aa6 (0x410a0bb3) sub     s7, s4, a6
core   0: 3 0x80000aa6 (0x410a0bb3) x23 0xfffffffc
core   0: 0x80000aaa (0x0ff0000f) fence   iorw,iorw
core   0: 3 0x80000aaa (0x0ff0000f)
core   0: 0x80000aae (0x00900f93) li      t6, 9
core   0: 3 0x80000aae (0x00900f93) x31 0x00000009
core   0: 0x80000ab2 (0x0000090a) c.slli  s2, 2
core   0: 3 0x80000ab2 (0x090a) x18 0x00000000
core   0: 0x80000ab4 (0x41550633) sub     a2, a0, s5
core   0: 3 0x80000ab4 (0x41550633) x12 0x7fffffee
core   0: 0x80000ab8 (0x03d5f013) andi    zero, a1, 61
core   0: 3 0x80000ab8 (0x03d5f013)
core   0: 0x80000abc (0x005fac33) slt     s8, t6, t0
core   0: 3 0x80000abc (0x005fac33) x24 0x00000000
core   0: 0x80000ac0 (0x00e00f13) li      t5, 14
core   0: 3 0x80000ac0 (0x00e00f13) x30 0x0000000e
core   0: 0x80000ac4 (0x01f041b3) xor     gp, zero, t6
core   0: 3 0x80000ac4 (0x01f041b3) x 3 0x00000009
core   0: 0x80000ac8 (0x000010fd) c.addi  ra, -1
core   0: 3 0x80000ac8 (0x10fd) x 1 0xfffffe82
core   0: 0x80000aca (0x00487c33) and     s8, a6, tp
core   0: 3 0x80000aca (0x00487c33) x24 0x00000000
core   0: 0x80000ace (0x00000f95) c.addi  t6, 5
core   0: 3 0x80000ace (0x0f95) x31 0x0000000e
core   0: 0x80000ad0 (0x016277b3) and     a5, tp, s6
core   0: 3 0x80000ad0 (0x016277b3) x15 0x00000000
core   0: 0x80000ad4 (0x00008c15) c.sub   s0, a3
core   0: 3 0x80000ad4 (0x8c15) x 8 0x00000068
core   0: 0x80000ad6 (0x00008b8e) c.mv    s7, gp
core   0: 3 0x80000ad6 (0x8b8e) x23 0x00000009
core   0: 0x80000ad8 (0xffef96e3) bne     t6, t5, pc - 20
core   0: 3 0x80000ad8 (0xffef96e3)
core   0: 0x80000adc (0x406bd913) srai    s2, s7, 6
core   0: 3 0x80000adc (0x406bd913) x18 0x00000000
core   0: 0x80000ae0 (0x00008655) c.srai  a2, 21
core   0: 3 0x80000ae0 (0x8655) x12 0x000003ff
core   0: 0x80000ae2 (0x0000717d) c.addi16sp sp, -16
core   0: 3 0x80000ae2 (0x717d) x 2 0xffffff81
core   0: 0x80000ae4 (0x00009712) c.add   a4, tp
core   0: 3 0x80000ae4 (0x9712) x14 0x3000034a
core   0: 0x80000ae6 (0x000080e1) c.srli  s1, 24
core   0: 3 0x80000ae6 (0x80e1) x 9 0x00000000
core   0: 0x80000ae8 (0xfaa592e3) bne     a1, a0, pc - 92
core   0: 3 0x80000ae8 (0xfaa592e3)
core   0: 0x80000a8c (0x88ef6b93) ori     s7, t5, -1906
core   0: 3 0x80000a8c (0x88ef6b93) x23 0xfffff88e
core   0: 0x80000a90 (0x0004bbb3) sltu    s7, s1, zero
core   0: 3 0x80000a90 (0x0004bbb3) x23 0x00000000
core   0: 0x80000a94 (0xd438bd13) sltiu   s10, a7, -701
core   0: 3 0x80000a94 (0xd438bd13) x26 0x00000001
core   0: 0x80000a98 (0x40aed893) srai    a7, t4, 10
core   0: 3 0x80000a98 (0x40aed893) x17 0x00000000
core   0: 0x80000a9c (0x000015f9) c.addi  a1, -2
core   0: 3 0x80000a9c (0x15f9) x11 0xfffffff4
core   0: 0x80000a9e (0x34b57713) andi    a4, a0, 843
core   0: 3 0x80000a9e (0x34b57713) x14 0x0000034a
core   0: 0x80000aa2 (0x01c41213) slli    tp, s0, 28
core   0: 3 0x80000aa2 (0x01c41213) x 4 0x80000000
core   0: 0x80000aa6 (0x410a0bb3) sub     s7, s4, a6
core   0: 3 0x80000aa6 (0x410a0bb3) x23 0xfffffffc
core   0: 0x80000aaa (0x0ff0000f) fence   iorw,iorw
core   0: 3 0x80000aaa (0x0ff0000f)
core   0: 0x80000aae (0x00900f93) li      t6, 9
core   0: 3 0x80000aae (0x00900f93) x31 0x00000009
core   0: 0x80000ab2 (0x0000090a) c.slli  s2, 2
core   0: 3 0x80000ab2 (0x090a) x18 0x00000000
core   0: 0x80000ab4 (0x41550633) sub     a2, a0, s5
core   0: 3 0x80000ab4 (0x41550633) x12 0x7fffffee
core   0: 0x80000ab8 (0x03d5f013) andi    zero, a1, 61
core   0: 3 0x80000ab8 (0x03d5f013)
core   0: 0x80000abc (0x005fac33) slt     s8, t6, t0
core   0: 3 0x80000abc (0x005fac33) x24 0x00000000
core   0: 0x80000ac0 (0x00e00f13) li      t5, 14
core   0: 3 0x80000ac0 (0x00e00f13) x30 0x0000000e
core   0: 0x80000ac4 (0x01f041b3) xor     gp, zero, t6
core   0: 3 0x80000ac4 (0x01f041b3) x 3 0x00000009
core   0: 0x80000ac8 (0x000010fd) c.addi  ra, -1
core   0: 3 0x80000ac8 (0x10fd) x 1 0xfffffe81
core   0: 0x80000aca (0x00487c33) and     s8, a6, tp
core   0: 3 0x80000aca (0x00487c33) x24 0x00000000
core   0: 0x80000ace (0x00000f95) c.addi  t6, 5
core   0: 3 0x80000ace (0x0f95) x31 0x0000000e
core   0: 0x80000ad0 (0x016277b3) and     a5, tp, s6
core   0: 3 0x80000ad0 (0x016277b3) x15 0x00000000
core   0: 0x80000ad4 (0x00008c15) c.sub   s0, a3
core   0: 3 0x80000ad4 (0x8c15) x 8 0x0000005d
core   0: 0x80000ad6 (0x00008b8e) c.mv    s7, gp
core   0: 3 0x80000ad6 (0x8b8e) x23 0x00000009
core   0: 0x80000ad8 (0xffef96e3) bne     t6, t5, pc - 20
core   0: 3 0x80000ad8 (0xffef96e3)
core   0: 0x80000adc (0x406bd913) srai    s2, s7, 6
core   0: 3 0x80000adc (0x406bd913) x18 0x00000000
core   0: 0x80000ae0 (0x00008655) c.srai  a2, 21
core   0: 3 0x80000ae0 (0x8655) x12 0x000003ff
core   0: 0x80000ae2 (0x0000717d) c.addi16sp sp, -16
core   0: 3 0x80000ae2 (0x717d) x 2 0xffffff71
core   0: 0x80000ae4 (0x00009712) c.add   a4, tp
core   0: 3 0x80000ae4 (0x9712) x14 0x8000034a
core   0: 0x80000ae6 (0x000080e1) c.srli  s1, 24
core   0: 3 0x80000ae6 (0x80e1) x 9 0x00000000
core   0: 0x80000ae8 (0xfaa592e3) bne     a1, a0, pc - 92
core   0: 3 0x80000ae8 (0xfaa592e3)
core   0: 0x80000a8c (0x88ef6b93) ori     s7, t5, -1906
core   0: 3 0x80000a8c (0x88ef6b93) x23 0xfffff88e
core   0: 0x80000a90 (0x0004bbb3) sltu    s7, s1, zero
core   0: 3 0x80000a90 (0x0004bbb3) x23 0x00000000
core   0: 0x80000a94 (0xd438bd13) sltiu   s10, a7, -701
core   0: 3 0x80000a94 (0xd438bd13) x26 0x00000001
core   0: 0x80000a98 (0x40aed893) srai    a7, t4, 10
core   0: 3 0x80000a98 (0x40aed893) x17 0x00000000
core   0: 0x80000a9c (0x000015f9) c.addi  a1, -2
core   0: 3 0x80000a9c (0x15f9) x11 0xfffffff2
core   0: 0x80000a9e (0x34b57713) andi    a4, a0, 843
core   0: 3 0x80000a9e (0x34b57713) x14 0x0000034a
core   0: 0x80000aa2 (0x01c41213) slli    tp, s0, 28
core   0: 3 0x80000aa2 (0x01c41213) x 4 0xd0000000
core   0: 0x80000aa6 (0x410a0bb3) sub     s7, s4, a6
core   0: 3 0x80000aa6 (0x410a0bb3) x23 0xfffffffc
core   0: 0x80000aaa (0x0ff0000f) fence   iorw,iorw
core   0: 3 0x80000aaa (0x0ff0000f)
core   0: 0x80000aae (0x00900f93) li      t6, 9
core   0: 3 0x80000aae (0x00900f93) x31 0x00000009
core   0: 0x80000ab2 (0x0000090a) c.slli  s2, 2
core   0: 3 0x80000ab2 (0x090a) x18 0x00000000
core   0: 0x80000ab4 (0x41550633) sub     a2, a0, s5
core   0: 3 0x80000ab4 (0x41550633) x12 0x7fffffee
core   0: 0x80000ab8 (0x03d5f013) andi    zero, a1, 61
core   0: 3 0x80000ab8 (0x03d5f013)
core   0: 0x80000abc (0x005fac33) slt     s8, t6, t0
core   0: 3 0x80000abc (0x005fac33) x24 0x00000000
core   0: 0x80000ac0 (0x00e00f13) li      t5, 14
core   0: 3 0x80000ac0 (0x00e00f13) x30 0x0000000e
core   0: 0x80000ac4 (0x01f041b3) xor     gp, zero, t6
core   0: 3 0x80000ac4 (0x01f041b3) x 3 0x00000009
core   0: 0x80000ac8 (0x000010fd) c.addi  ra, -1
core   0: 3 0x80000ac8 (0x10fd) x 1 0xfffffe80
core   0: 0x80000aca (0x00487c33) and     s8, a6, tp
core   0: 3 0x80000aca (0x00487c33) x24 0x00000000
core   0: 0x80000ace (0x00000f95) c.addi  t6, 5
core   0: 3 0x80000ace (0x0f95) x31 0x0000000e
core   0: 0x80000ad0 (0x016277b3) and     a5, tp, s6
core   0: 3 0x80000ad0 (0x016277b3) x15 0x00000000
core   0: 0x80000ad4 (0x00008c15) c.sub   s0, a3
core   0: 3 0x80000ad4 (0x8c15) x 8 0x00000052
core   0: 0x80000ad6 (0x00008b8e) c.mv    s7, gp
core   0: 3 0x80000ad6 (0x8b8e) x23 0x00000009
core   0: 0x80000ad8 (0xffef96e3) bne     t6, t5, pc - 20
core   0: 3 0x80000ad8 (0xffef96e3)
core   0: 0x80000adc (0x406bd913) srai    s2, s7, 6
core   0: 3 0x80000adc (0x406bd913) x18 0x00000000
core   0: 0x80000ae0 (0x00008655) c.srai  a2, 21
core   0: 3 0x80000ae0 (0x8655) x12 0x000003ff
core   0: 0x80000ae2 (0x0000717d) c.addi16sp sp, -16
core   0: 3 0x80000ae2 (0x717d) x 2 0xffffff61
core   0: 0x80000ae4 (0x00009712) c.add   a4, tp
core   0: 3 0x80000ae4 (0x9712) x14 0xd000034a
core   0: 0x80000ae6 (0x000080e1) c.srli  s1, 24
core   0: 3 0x80000ae6 (0x80e1) x 9 0x00000000
core   0: 0x80000ae8 (0xfaa592e3) bne     a1, a0, pc - 92
core   0: 3 0x80000ae8 (0xfaa592e3)
core   0: 0x80000a8c (0x88ef6b93) ori     s7, t5, -1906
core   0: 3 0x80000a8c (0x88ef6b93) x23 0xfffff88e
core   0: 0x80000a90 (0x0004bbb3) sltu    s7, s1, zero
core   0: 3 0x80000a90 (0x0004bbb3) x23 0x00000000
core   0: 0x80000a94 (0xd438bd13) sltiu   s10, a7, -701
core   0: 3 0x80000a94 (0xd438bd13) x26 0x00000001
core   0: 0x80000a98 (0x40aed893) srai    a7, t4, 10
core   0: 3 0x80000a98 (0x40aed893) x17 0x00000000
core   0: 0x80000a9c (0x000015f9) c.addi  a1, -2
core   0: 3 0x80000a9c (0x15f9) x11 0xfffffff0
core   0: 0x80000a9e (0x34b57713) andi    a4, a0, 843
core   0: 3 0x80000a9e (0x34b57713) x14 0x0000034a
core   0: 0x80000aa2 (0x01c41213) slli    tp, s0, 28
core   0: 3 0x80000aa2 (0x01c41213) x 4 0x20000000
core   0: 0x80000aa6 (0x410a0bb3) sub     s7, s4, a6
core   0: 3 0x80000aa6 (0x410a0bb3) x23 0xfffffffc
core   0: 0x80000aaa (0x0ff0000f) fence   iorw,iorw
core   0: 3 0x80000aaa (0x0ff0000f)
core   0: 0x80000aae (0x00900f93) li      t6, 9
core   0: 3 0x80000aae (0x00900f93) x31 0x00000009
core   0: 0x80000ab2 (0x0000090a) c.slli  s2, 2
core   0: 3 0x80000ab2 (0x090a) x18 0x00000000
core   0: 0x80000ab4 (0x41550633) sub     a2, a0, s5
core   0: 3 0x80000ab4 (0x41550633) x12 0x7fffffee
core   0: 0x80000ab8 (0x03d5f013) andi    zero, a1, 61
core   0: 3 0x80000ab8 (0x03d5f013)
core   0: 0x80000abc (0x005fac33) slt     s8, t6, t0
core   0: 3 0x80000abc (0x005fac33) x24 0x00000000
core   0: 0x80000ac0 (0x00e00f13) li      t5, 14
core   0: 3 0x80000ac0 (0x00e00f13) x30 0x0000000e
core   0: 0x80000ac4 (0x01f041b3) xor     gp, zero, t6
core   0: 3 0x80000ac4 (0x01f041b3) x 3 0x00000009
core   0: 0x80000ac8 (0x000010fd) c.addi  ra, -1
core   0: 3 0x80000ac8 (0x10fd) x 1 0xfffffe7f
core   0: 0x80000aca (0x00487c33) and     s8, a6, tp
core   0: 3 0x80000aca (0x00487c33) x24 0x00000000
core   0: 0x80000ace (0x00000f95) c.addi  t6, 5
core   0: 3 0x80000ace (0x0f95) x31 0x0000000e
core   0: 0x80000ad0 (0x016277b3) and     a5, tp, s6
core   0: 3 0x80000ad0 (0x016277b3) x15 0x00000000
core   0: 0x80000ad4 (0x00008c15) c.sub   s0, a3
core   0: 3 0x80000ad4 (0x8c15) x 8 0x00000047
core   0: 0x80000ad6 (0x00008b8e) c.mv    s7, gp
core   0: 3 0x80000ad6 (0x8b8e) x23 0x00000009
core   0: 0x80000ad8 (0xffef96e3) bne     t6, t5, pc - 20
core   0: 3 0x80000ad8 (0xffef96e3)
core   0: 0x80000adc (0x406bd913) srai    s2, s7, 6
core   0: 3 0x80000adc (0x406bd913) x18 0x00000000
core   0: 0x80000ae0 (0x00008655) c.srai  a2, 21
core   0: 3 0x80000ae0 (0x8655) x12 0x000003ff
core   0: 0x80000ae2 (0x0000717d) c.addi16sp sp, -16
core   0: 3 0x80000ae2 (0x717d) x 2 0xffffff51
core   0: 0x80000ae4 (0x00009712) c.add   a4, tp
core   0: 3 0x80000ae4 (0x9712) x14 0x2000034a
core   0: 0x80000ae6 (0x000080e1) c.srli  s1, 24
core   0: 3 0x80000ae6 (0x80e1) x 9 0x00000000
core   0: 0x80000ae8 (0xfaa592e3) bne     a1, a0, pc - 92
core   0: 3 0x80000ae8 (0xfaa592e3)
core   0: 0x80000a8c (0x88ef6b93) ori     s7, t5, -1906
core   0: 3 0x80000a8c (0x88ef6b93) x23 0xfffff88e
core   0: 0x80000a90 (0x0004bbb3) sltu    s7, s1, zero
core   0: 3 0x80000a90 (0x0004bbb3) x23 0x00000000
core   0: 0x80000a94 (0xd438bd13) sltiu   s10, a7, -701
core   0: 3 0x80000a94 (0xd438bd13) x26 0x00000001
core   0: 0x80000a98 (0x40aed893) srai    a7, t4, 10
core   0: 3 0x80000a98 (0x40aed893) x17 0x00000000
core   0: 0x80000a9c (0x000015f9) c.addi  a1, -2
core   0: 3 0x80000a9c (0x15f9) x11 0xffffffee
core   0: 0x80000a9e (0x34b57713) andi    a4, a0, 843
core   0: 3 0x80000a9e (0x34b57713) x14 0x0000034a
core   0: 0x80000aa2 (0x01c41213) slli    tp, s0, 28
core   0: 3 0x80000aa2 (0x01c41213) x 4 0x70000000
core   0: 0x80000aa6 (0x410a0bb3) sub     s7, s4, a6
core   0: 3 0x80000aa6 (0x410a0bb3) x23 0xfffffffc
core   0: 0x80000aaa (0x0ff0000f) fence   iorw,iorw
core   0: 3 0x80000aaa (0x0ff0000f)
core   0: 0x80000aae (0x00900f93) li      t6, 9
core   0: 3 0x80000aae (0x00900f93) x31 0x00000009
core   0: 0x80000ab2 (0x0000090a) c.slli  s2, 2
core   0: 3 0x80000ab2 (0x090a) x18 0x00000000
core   0: 0x80000ab4 (0x41550633) sub     a2, a0, s5
core   0: 3 0x80000ab4 (0x41550633) x12 0x7fffffee
core   0: 0x80000ab8 (0x03d5f013) andi    zero, a1, 61
core   0: 3 0x80000ab8 (0x03d5f013)
core   0: 0x80000abc (0x005fac33) slt     s8, t6, t0
core   0: 3 0x80000abc (0x005fac33) x24 0x00000000
core   0: 0x80000ac0 (0x00e00f13) li      t5, 14
core   0: 3 0x80000ac0 (0x00e00f13) x30 0x0000000e
core   0: 0x80000ac4 (0x01f041b3) xor     gp, zero, t6
core   0: 3 0x80000ac4 (0x01f041b3) x 3 0x00000009
core   0: 0x80000ac8 (0x000010fd) c.addi  ra, -1
core   0: 3 0x80000ac8 (0x10fd) x 1 0xfffffe7e
core   0: 0x80000aca (0x00487c33) and     s8, a6, tp
core   0: 3 0x80000aca (0x00487c33) x24 0x00000000
core   0: 0x80000ace (0x00000f95) c.addi  t6, 5
core   0: 3 0x80000ace (0x0f95) x31 0x0000000e
core   0: 0x80000ad0 (0x016277b3) and     a5, tp, s6
core   0: 3 0x80000ad0 (0x016277b3) x15 0x00000000
core   0: 0x80000ad4 (0x00008c15) c.sub   s0, a3
core   0: 3 0x80000ad4 (0x8c15) x 8 0x0000003c
core   0: 0x80000ad6 (0x00008b8e) c.mv    s7, gp
core   0: 3 0x80000ad6 (0x8b8e) x23 0x00000009
core   0: 0x80000ad8 (0xffef96e3) bne     t6, t5, pc - 20
core   0: 3 0x80000ad8 (0xffef96e3)
core   0: 0x80000adc (0x406bd913) srai    s2, s7, 6
core   0: 3 0x80000adc (0x406bd913) x18 0x00000000
core   0: 0x80000ae0 (0x00008655) c.srai  a2, 21
core   0: 3 0x80000ae0 (0x8655) x12 0x000003ff
core   0: 0x80000ae2 (0x0000717d) c.addi16sp sp, -16
core   0: 3 0x80000ae2 (0x717d) x 2 0xffffff41
core   0: 0x80000ae4 (0x00009712) c.add   a4, tp
core   0: 3 0x80000ae4 (0x9712) x14 0x7000034a
core   0: 0x80000ae6 (0x000080e1) c.srli  s1, 24
core   0: 3 0x80000ae6 (0x80e1) x 9 0x00000000
core   0: 0x80000ae8 (0xfaa592e3) bne     a1, a0, pc - 92
core   0: 3 0x80000ae8 (0xfaa592e3)
core   0: 0x80000aec (0x00008f6d) c.and   a4, a1
core   0: 3 0x80000aec (0x8f6d) x14 0x7000034a
core   0: 0x80000aee (0xffa00213) li      tp, -6
core   0: 3 0x80000aee (0xffa00213) x 4 0xfffffffa
core   0: 0x80000af2 (0x00008c25) c.xor   s0, s1
core   0: 3 0x80000af2 (0x8c25) x 8 0x0000003c
core   0: 0x80000af4 (0x964dc093) xori    ra, s11, -1692
core   0: 3 0x80000af4 (0x964dc093) x 1 0xab183372
core   0: 0x80000af8 (0x00100f93) li      t6, 1
core   0: 3 0x80000af8 (0x00100f93) x31 0x00000001
core   0: 0x80000afc (0x00000001) c.nop
core   0: 3 0x80000afc (0x0001)
core   0: 0x80000afe (0x00000ae1) c.addi  s5, 24
core   0: 3 0x80000afe (0x0ae1) x21 0x80000018
core   0: 0x80000b00 (0x0035fa33) and     s4, a1, gp
core   0: 3 0x80000b00 (0x0035fa33) x20 0x00000008
core   0: 0x80000b04 (0x0327f4b3) remu    s1, a5, s2
core   0: 3 0x80000b04 (0x0327f4b3) x 9 0x00000000
core   0: 0x80000b08 (0x027cfb33) remu    s6, s9, t2
core   0: 3 0x80000b08 (0x027cfb33) x22 0x80000000
core   0: 0x80000b0c (0xe9e14d97) auipc   s11, 0xe9e14
core   0: 3 0x80000b0c (0xe9e14d97) x27 0x69e14b0c
core   0: 0x80000b10 (0x00000205) c.addi  tp, 1
core   0: 3 0x80000b10 (0x0205) x 4 0xfffffffb
core   0: 0x80000b12 (0x01cd2e33) slt     t3, s10, t3
core   0: 3 0x80000b12 (0x01cd2e33) x28 0x00000001
core   0: 0x80000b16 (0xffd00913) li      s2, -3
core   0: 3 0x80000b16 (0xffd00913) x18 0xfffffffd
core   0: 0x80000b1a (0x00008629) c.srai  a2, 10
core   0: 3 0x80000b1a (0x8629) x12 0x00000000
core   0: 0x80000b1c (0x04f5e313) ori     t1, a1, 79
core   0: 3 0x80000b1c (0x04f5e313) x 6 0xffffffef
core   0: 0x80000b20 (0x005537b3) sltu    a5, a0, t0
core   0: 3 0x80000b20 (0x005537b3) x15 0x00000000
core   0: 0x80000b24 (0x00000001) c.nop
core   0: 3 0x80000b24 (0x0001)
core   0: 0x80000b26 (0x028846b3) div     a3, a6, s0
core   0: 3 0x80000b26 (0x028846b3) x13 0x00000000
core   0: 0x80000b2a (0x01c4c133) xor     sp, s1, t3
core   0: 3 0x80000b2a (0x01c4c133) x 2 0x00000001
core   0: 0x80000b2e (0x0000517d) c.li    sp, -1
core   0: 3 0x80000b2e (0x517d) x 2 0xffffffff
core   0: 0x80000b30 (0x014ff433) and     s0, t6, s4
core   0: 3 0x80000b30 (0x014ff433) x 8 0x00000000
core   0: 0x80000b34 (0x41735c13) srai    s8, t1, 23
core   0: 3 0x80000b34 (0x41735c13) x24 0xffffffff
core   0: 0x80000b38 (0xff400893) li      a7, -12
core   0: 3 0x80000b38 (0xff400893) x17 0xfffffff4
core   0: 0x80000b3c (0x011cfdb3) and     s11, s9, a7
core   0: 3 0x80000b3c (0x011cfdb3) x27 0x80000000
core   0: 0x80000b40 (0xb6547137) lui     sp, 0xb6547
core   0: 3 0x80000b40 (0xb6547137) x 2 0xb6547000
core   0: 0x80000b44 (0x00008bb1) c.andi  a5, 12
core   0: 3 0x80000b44 (0x8bb1) x15 0x00000000
core   0: 0x80000b46 (0x0ff0000f) fence   iorw,iorw
core   0: 3 0x80000b46 (0x0ff0000f)
core   0: 0x80000b4a (0x00001979) c.addi  s2, -2
core   0: 3 0x80000b4a (0x1979) x18 0xfffffffb
core   0: 0x80000b4c (0x00090d33) add     s10, s2, zero
core   0: 3 0x80000b4c (0x00090d33) x26 0xfffffffb
core   0: 0x80000b50 (0xff195ae3) bge     s2, a7, pc - 12
core   0: 3 0x80000b50 (0xff195ae3)
core   0: 0x80000b44 (0x00008bb1) c.andi  a5, 12
core   0: 3 0x80000b44 (0x8bb1) x15 0x00000000
core   0: 0x80000b46 (0x0ff0000f) fence   iorw,iorw
core   0: 3 0x80000b46 (0x0ff0000f)
core   0: 0x80000b4a (0x00001979) c.addi  s2, -2
core   0: 3 0x80000b4a (0x1979) x18 0xfffffff9
core   0: 0x80000b4c (0x00090d33) add     s10, s2, zero
core   0: 3 0x80000b4c (0x00090d33) x26 0xfffffff9
core   0: 0x80000b50 (0xff195ae3) bge     s2, a7, pc - 12
core   0: 3 0x80000b50 (0xff195ae3)
core   0: 0x80000b44 (0x00008bb1) c.andi  a5, 12
core   0: 3 0x80000b44 (0x8bb1) x15 0x00000000
core   0: 0x80000b46 (0x0ff0000f) fence   iorw,iorw
core   0: 3 0x80000b46 (0x0ff0000f)
core   0: 0x80000b4a (0x00001979) c.addi  s2, -2
core   0: 3 0x80000b4a (0x1979) x18 0xfffffff7
core   0: 0x80000b4c (0x00090d33) add     s10, s2, zero
core   0: 3 0x80000b4c (0x00090d33) x26 0xfffffff7
core   0: 0x80000b50 (0xff195ae3) bge     s2, a7, pc - 12
core   0: 3 0x80000b50 (0xff195ae3)
core   0: 0x80000b44 (0x00008bb1) c.andi  a5, 12
core   0: 3 0x80000b44 (0x8bb1) x15 0x00000000
core   0: 0x80000b46 (0x0ff0000f) fence   iorw,iorw
core   0: 3 0x80000b46 (0x0ff0000f)
core   0: 0x80000b4a (0x00001979) c.addi  s2, -2
core   0: 3 0x80000b4a (0x1979) x18 0xfffffff5
core   0: 0x80000b4c (0x00090d33) add     s10, s2, zero
core   0: 3 0x80000b4c (0x00090d33) x26 0xfffffff5
core   0: 0x80000b50 (0xff195ae3) bge     s2, a7, pc - 12
core   0: 3 0x80000b50 (0xff195ae3)
core   0: 0x80000b44 (0x00008bb1) c.andi  a5, 12
core   0: 3 0x80000b44 (0x8bb1) x15 0x00000000
core   0: 0x80000b46 (0x0ff0000f) fence   iorw,iorw
core   0: 3 0x80000b46 (0x0ff0000f)
core   0: 0x80000b4a (0x00001979) c.addi  s2, -2
core   0: 3 0x80000b4a (0x1979) x18 0xfffffff3
core   0: 0x80000b4c (0x00090d33) add     s10, s2, zero
core   0: 3 0x80000b4c (0x00090d33) x26 0xfffffff3
core   0: 0x80000b50 (0xff195ae3) bge     s2, a7, pc - 12
core   0: 3 0x80000b50 (0xff195ae3)
core   0: 0x80000b54 (0x02305d33) divu    s10, zero, gp
core   0: 3 0x80000b54 (0x02305d33) x26 0x00000000
core   0: 0x80000b58 (0x0258f0b3) remu    ra, a7, t0
core   0: 3 0x80000b58 (0x0258f0b3) x 1 0x00000000
core   0: 0x80000b5c (0x00008971) c.andi  a0, 28
core   0: 3 0x80000b5c (0x8971) x10 0x0000000c
core   0: 0x80000b5e (0xfbf203e3) beq     tp, t6, pc - 90
core   0: 3 0x80000b5e (0xfbf203e3)
core   0: 0x80000b62 (0x005780b3) add     ra, a5, t0
core   0: 3 0x80000b62 (0x005780b3) x 1 0x00000002
core   0: 0x80000b66 (0x00400793) li      a5, 4
core   0: 3 0x80000b66 (0x00400793) x15 0x00000004
core   0: 0x80000b6a (0x0394b833) mulhu   a6, s1, s9
core   0: 3 0x80000b6a (0x0394b833) x16 0x00000000
core   0: 0x80000b6e (0x416c5a93) srai    s5, s8, 22
core   0: 3 0x80000b6e (0x416c5a93) x21 0xffffffff
core   0: 0x80000b72 (0x00008de1) c.and   a1, s0
core   0: 3 0x80000b72 (0x8de1) x11 0x00000000
core   0: 0x80000b74 (0x00e00193) li      gp, 14
core   0: 3 0x80000b74 (0x00e00193) x 3 0x0000000e
core   0: 0x80000b78 (0x000014fd) c.addi  s1, -1
core   0: 3 0x80000b78 (0x14fd) x 9 0xffffffff
core   0: 0x80000b7a (0x0224d933) divu    s2, s1, sp
core   0: 3 0x80000b7a (0x0224d933) x18 0x00000001
core   0: 0x80000b7e (0x0000997d) c.andi  a0, -1
core   0: 3 0x80000b7e (0x997d) x10 0x0000000c
core   0: 0x80000b80 (0x0250da33) divu    s4, ra, t0
core   0: 3 0x80000b80 (0x0250da33) x20 0x00000001
core   0: 0x80000b84 (0x02fc3233) mulhu   tp, s8, a5
core   0: 3 0x80000b84 (0x02fc3233) x 4 0x00000003
core   0: 0x80000b88 (0x0000848d) c.srai  s1, 3
core   0: 3 0x80000b88 (0x848d) x 9 0xffffffff
core   0: 0x80000b8a (0x00000795) c.addi  a5, 5
core   0: 3 0x80000b8a (0x0795) x15 0x00000009
core   0: 0x80000b8c (0x2d85ab93) slti    s7, a1, 728
core   0: 3 0x80000b8c (0x2d85ab93) x23 0x00000001
core   0: 0x80000b90 (0x00400713) li      a4, 4
core   0: 3 0x80000b90 (0x00400713) x14 0x00000004
core   0: 0x80000b94 (0x00a00893) li      a7, 10
core   0: 3 0x80000b94 (0x00a00893) x17 0x0000000a
core   0: 0x80000b98 (0x00001dfd) c.addi  s11, -1
core   0: 3 0x80000b98 (0x1dfd) x27 0x7fffffff
core   0: 0x80000b9a (0x0000898d) c.andi  a1, 3
core   0: 3 0x80000b9a (0x898d) x11 0x00000000
core   0: 0x80000b9c (0x00000725) c.addi  a4, 9
core   0: 3 0x80000b9c (0x0725) x14 0x0000000d
core   0: 0x80000b9e (0x00008e15) c.sub   a2, a3
core   0: 3 0x80000b9e (0x8e15) x12 0x00000000
core   0: 0x80000ba0 (0xff174de3) blt     a4, a7, pc - 6
core   0: 3 0x80000ba0 (0xff174de3)
core   0: 0x80000ba4 (0x00229a33) sll     s4, t0, sp
core   0: 3 0x80000ba4 (0x00229a33) x20 0x00000002
core   0: 0x80000ba8 (0x00001f14) c.addi4spn a3, sp, 944
core   0: 3 0x80000ba8 (0x1f14) x13 0xb65473b0
core   0: 0x80000baa (0x03fc0db3) mul     s11, s8, t6
core   0: 3 0x80000baa (0x03fc0db3) x27 0xffffffff
core   0: 0x80000bae (0x0000127d) c.addi  tp, -1
core   0: 3 0x80000bae (0x127d) x 4 0x00000002
core   0: 0x80000bb0 (0x00008ee5) c.and   a3, s1
core   0: 3 0x80000bb0 (0x8ee5) x13 0xb65473b0
core   0: 0x80000bb2 (0xfc37e9e3) bltu    a5, gp, pc - 46
core   0: 3 0x80000bb2 (0xfc37e9e3)
core   0: 0x80000b84 (0x02fc3233) mulhu   tp, s8, a5
core   0: 3 0x80000b84 (0x02fc3233) x 4 0x00000008
core   0: 0x80000b88 (0x0000848d) c.srai  s1, 3
core   0: 3 0x80000b88 (0x848d) x 9 0xffffffff
core   0: 0x80000b8a (0x00000795) c.addi  a5, 5
core   0: 3 0x80000b8a (0x0795) x15 0x0000000e
core   0: 0x80000b8c (0x2d85ab93) slti    s7, a1, 728
core   0: 3 0x80000b8c (0x2d85ab93) x23 0x00000001
core   0: 0x80000b90 (0x00400713) li      a4, 4
core   0: 3 0x80000b90 (0x00400713) x14 0x00000004
core   0: 0x80000b94 (0x00a00893) li      a7, 10
core   0: 3 0x80000b94 (0x00a00893) x17 0x0000000a
core   0: 0x80000b98 (0x00001dfd) c.addi  s11, -1
core   0: 3 0x80000b98 (0x1dfd) x27 0xfffffffe
core   0: 0x80000b9a (0x0000898d) c.andi  a1, 3
core   0: 3 0x80000b9a (0x898d) x11 0x00000000
core   0: 0x80000b9c (0x00000725) c.addi  a4, 9
core   0: 3 0x80000b9c (0x0725) x14 0x0000000d
core   0: 0x80000b9e (0x00008e15) c.sub   a2, a3
core   0: 3 0x80000b9e (0x8e15) x12 0x49ab8c50
core   0: 0x80000ba0 (0xff174de3) blt     a4, a7, pc - 6
core   0: 3 0x80000ba0 (0xff174de3)
core   0: 0x80000ba4 (0x00229a33) sll     s4, t0, sp
core   0: 3 0x80000ba4 (0x00229a33) x20 0x00000002
core   0: 0x80000ba8 (0x00001f14) c.addi4spn a3, sp, 944
core   0: 3 0x80000ba8 (0x1f14) x13 0xb65473b0
core   0: 0x80000baa (0x03fc0db3) mul     s11, s8, t6
core   0: 3 0x80000baa (0x03fc0db3) x27 0xffffffff
core   0: 0x80000bae (0x0000127d) c.addi  tp, -1
core   0: 3 0x80000bae (0x127d) x 4 0x00000007
core   0: 0x80000bb0 (0x00008ee5) c.and   a3, s1
core   0: 3 0x80000bb0 (0x8ee5) x13 0xb65473b0
core   0: 0x80000bb2 (0xfc37e9e3) bltu    a5, gp, pc - 46
core   0: 3 0x80000bb2 (0xfc37e9e3)
core   0: 0x80000bb6 (0x000089f5) c.andi  a1, 29
core   0: 3 0x80000bb6 (0x89f5) x11 0x00000000
core   0: 0x80000bb8 (0xffa00a13) li      s4, -6
core   0: 3 0x80000bb8 (0xffa00a13) x20 0xfffffffa
core   0: 0x80000bbc (0x00008f91) c.sub   a5, a2
core   0: 3 0x80000bbc (0x8f91) x15 0xb65473be
core   0: 0x80000bbe (0x009e2333) slt     t1, t3, s1
core   0: 3 0x80000bbe (0x009e2333) x 6 0x00000000
core   0: 0x80000bc2 (0x0000894d) c.andi  a0, 19
core   0: 3 0x80000bc2 (0x894d) x10 0x00000000
core   0: 0x80000bc4 (0x00008fdd) c.or    a5, a5
core   0: 3 0x80000bc4 (0x8fdd) x15 0xb65473be
core   0: 0x80000bc6 (0x00b93cb3) sltu    s9, s2, a1
core   0: 3 0x80000bc6 (0x00b93cb3) x25 0x00000000
core   0: 0x80000bca (0xff200493) li      s1, -14
core   0: 3 0x80000bca (0xff200493) x 9 0xfffffff2
core   0: 0x80000bce (0x1a4d7893) andi    a7, s10, 420
core   0: 3 0x80000bce (0x1a4d7893) x17 0x00000000
core   0: 0x80000bd2 (0x0000616d) c.addi16sp sp, 240
core   0: 3 0x80000bd2 (0x616d) x 2 0xb65470f0
core   0: 0x80000bd4 (0x00004fed) c.li    t6, 27
core   0: 3 0x80000bd4 (0x4fed) x31 0x0000001b
core   0: 0x80000bd6 (0x00000001) c.nop
core   0: 3 0x80000bd6 (0x0001)
core   0: 0x80000bd8 (0x00001a75) c.addi  s4, -3
core   0: 3 0x80000bd8 (0x1a75) x20 0xfffffff7
core   0: 0x80000bda (0x0130ecb3) or      s9, ra, s3
core   0: 3 0x80000bda (0x0130ecb3) x25 0x80022e66
core   0: 0x80000bde (0x0000100f) fence.i
core   0: 3 0x80000bde (0x0000100f)
core   0: 0x80000be2 (0x00000212) c.slli  tp, 4
core   0: 3 0x80000be2 (0x0212) x 4 0x00000070
core   0: 0x80000be4 (0x00600693) li      a3, 6
core   0: 3 0x80000be4 (0x00600693) x13 0x00000006
core   0: 0x80000be8 (0xfec00f13) li      t5, -20
core   0: 3 0x80000be8 (0xfec00f13) x30 0xffffffec
core   0: 0x80000bec (0x00c92733) slt     a4, s2, a2
core   0: 3 0x80000bec (0x00c92733) x14 0x00000001
core   0: 0x80000bf0 (0x4178d793) srai    a5, a7, 23
core   0: 3 0x80000bf0 (0x4178d793) x15 0x00000000
core   0: 0x80000bf4 (0xf516ff93) andi    t6, a3, -175
core   0: 3 0x80000bf4 (0xf516ff93) x31 0x00000000
core   0: 0x80000bf8 (0x00d5f1b3) and     gp, a1, a3
core   0: 3 0x80000bf8 (0x00d5f1b3) x 3 0x00000000
core   0: 0x80000bfc (0x617d6793) ori     a5, s10, 1559
core   0: 3 0x80000bfc (0x617d6793) x15 0x00000617
core   0: 0x80000c00 (0x008a4533) xor     a0, s4, s0
core   0: 3 0x80000c00 (0x008a4533) x10 0xfffffff7
core   0: 0x80000c04 (0x000016e5) c.addi  a3, -7
core   0: 3 0x80000c04 (0x16e5) x13 0xffffffff
core   0: 0x80000c06 (0xffe6d7e3) bge     a3, t5, pc - 18
core   0: 3 0x80000c06 (0xffe6d7e3)
core   0: 0x80000bf4 (0xf516ff93) andi    t6, a3, -175
core   0: 3 0x80000bf4 (0xf516ff93) x31 0xffffff51
core   0: 0x80000bf8 (0x00d5f1b3) and     gp, a1, a3
core   0: 3 0x80000bf8 (0x00d5f1b3) x 3 0x00000000
core   0: 0x80000bfc (0x617d6793) ori     a5, s10, 1559
core   0: 3 0x80000bfc (0x617d6793) x15 0x00000617
core   0: 0x80000c00 (0x008a4533) xor     a0, s4, s0
core   0: 3 0x80000c00 (0x008a4533) x10 0xfffffff7
core   0: 0x80000c04 (0x000016e5) c.addi  a3, -7
core   0: 3 0x80000c04 (0x16e5) x13 0xfffffff8
core   0: 0x80000c06 (0xffe6d7e3) bge     a3, t5, pc - 18
core   0: 3 0x80000c06 (0xffe6d7e3)
core   0: 0x80000bf4 (0xf516ff93) andi    t6, a3, -175
core   0: 3 0x80000bf4 (0xf516ff93) x31 0xffffff50
core   0: 0x80000bf8 (0x00d5f1b3) and     gp, a1, a3
core   0: 3 0x80000bf8 (0x00d5f1b3) x 3 0x00000000
core   0: 0x80000bfc (0x617d6793) ori     a5, s10, 1559
core   0: 3 0x80000bfc (0x617d6793) x15 0x00000617
core   0: 0x80000c00 (0x008a4533) xor     a0, s4, s0
core   0: 3 0x80000c00 (0x008a4533) x10 0xfffffff7
core   0: 0x80000c04 (0x000016e5) c.addi  a3, -7
core   0: 3 0x80000c04 (0x16e5) x13 0xfffffff1
core   0: 0x80000c06 (0xffe6d7e3) bge     a3, t5, pc - 18
core   0: 3 0x80000c06 (0xffe6d7e3)
core   0: 0x80000bf4 (0xf516ff93) andi    t6, a3, -175
core   0: 3 0x80000bf4 (0xf516ff93) x31 0xffffff51
core   0: 0x80000bf8 (0x00d5f1b3) and     gp, a1, a3
core   0: 3 0x80000bf8 (0x00d5f1b3) x 3 0x00000000
core   0: 0x80000bfc (0x617d6793) ori     a5, s10, 1559
core   0: 3 0x80000bfc (0x617d6793) x15 0x00000617
core   0: 0x80000c00 (0x008a4533) xor     a0, s4, s0
core   0: 3 0x80000c00 (0x008a4533) x10 0xfffffff7
core   0: 0x80000c04 (0x000016e5) c.addi  a3, -7
core   0: 3 0x80000c04 (0x16e5) x13 0xffffffea
core   0: 0x80000c06 (0xffe6d7e3) bge     a3, t5, pc - 18
core   0: 3 0x80000c06 (0xffe6d7e3)
core   0: 0x80000c0a (0x00008c49) c.or    s0, a0
core   0: 3 0x80000c0a (0x8c49) x 8 0xfffffff7
core   0: 0x80000c0c (0x00008e2d) c.xor   a2, a1
core   0: 3 0x80000c0c (0x8e2d) x12 0x49ab8c50
core   0: 0x80000c0e (0x00008d3d) c.xor   a0, a5
core   0: 3 0x80000c0e (0x8d3d) x10 0xfffff9e0
core   0: 0x80000c10 (0x01955533) srl     a0, a0, s9
core   0: 3 0x80000c10 (0x01955533) x10 0x03ffffe7
core   0: 0x80000c14 (0x03326ab3) rem     s5, tp, s3
core   0: 3 0x80000c14 (0x03326ab3) x21 0x00000070
core   0: 0x80000c18 (0xfa9a5ee3) bge     s4, s1, pc - 68
core   0: 3 0x80000c18 (0xfa9a5ee3)
core   0: 0x80000bd4 (0x00004fed) c.li    t6, 27
core   0: 3 0x80000bd4 (0x4fed) x31 0x0000001b
core   0: 0x80000bd6 (0x00000001) c.nop
core   0: 3 0x80000bd6 (0x0001)
core   0: 0x80000bd8 (0x00001a75) c.addi  s4, -3
core   0: 3 0x80000bd8 (0x1a75) x20 0xfffffff4
core   0: 0x80000bda (0x0130ecb3) or      s9, ra, s3
core   0: 3 0x80000bda (0x0130ecb3) x25 0x80022e66
core   0: 0x80000bde (0x0000100f) fence.i
core   0: 3 0x80000bde (0x0000100f)
core   0: 0x80000be2 (0x00000212) c.slli  tp, 4
core   0: 3 0x80000be2 (0x0212) x 4 0x00000700
core   0: 0x80000be4 (0x00600693) li      a3, 6
core   0: 3 0x80000be4 (0x00600693) x13 0x00000006
core   0: 0x80000be8 (0xfec00f13) li      t5, -20
core   0: 3 0x80000be8 (0xfec00f13) x30 0xffffffec
core   0: 0x80000bec (0x00c92733) slt     a4, s2, a2
core   0: 3 0x80000bec (0x00c92733) x14 0x00000001
core   0: 0x80000bf0 (0x4178d793) srai    a5, a7, 23
core   0: 3 0x80000bf0 (0x4178d793) x15 0x00000000
core   0: 0x80000bf4 (0xf516ff93) andi    t6, a3, -175
core   0: 3 0x80000bf4 (0xf516ff93) x31 0x00000000
core   0: 0x80000bf8 (0x00d5f1b3) and     gp, a1, a3
core   0: 3 0x80000bf8 (0x00d5f1b3) x 3 0x00000000
core   0: 0x80000bfc (0x617d6793) ori     a5, s10, 1559
core   0: 3 0x80000bfc (0x617d6793) x15 0x00000617
core   0: 0x80000c00 (0x008a4533) xor     a0, s4, s0
core   0: 3 0x80000c00 (0x008a4533) x10 0x00000003
core   0: 0x80000c04 (0x000016e5) c.addi  a3, -7
core   0: 3 0x80000c04 (0x16e5) x13 0xffffffff
core   0: 0x80000c06 (0xffe6d7e3) bge     a3, t5, pc - 18
core   0: 3 0x80000c06 (0xffe6d7e3)
core   0: 0x80000bf4 (0xf516ff93) andi    t6, a3, -175
core   0: 3 0x80000bf4 (0xf516ff93) x31 0xffffff51
core   0: 0x80000bf8 (0x00d5f1b3) and     gp, a1, a3
core   0: 3 0x80000bf8 (0x00d5f1b3) x 3 0x00000000
core   0: 0x80000bfc (0x617d6793) ori     a5, s10, 1559
core   0: 3 0x80000bfc (0x617d6793) x15 0x00000617
core   0: 0x80000c00 (0x008a4533) xor     a0, s4, s0
core   0: 3 0x80000c00 (0x008a4533) x10 0x00000003
core   0: 0x80000c04 (0x000016e5) c.addi  a3, -7
core   0: 3 0x80000c04 (0x16e5) x13 0xfffffff8
core   0: 0x80000c06 (0xffe6d7e3) bge     a3, t5, pc - 18
core   0: 3 0x80000c06 (0xffe6d7e3)
core   0: 0x80000bf4 (0xf516ff93) andi    t6, a3, -175
core   0: 3 0x80000bf4 (0xf516ff93) x31 0xffffff50
core   0: 0x80000bf8 (0x00d5f1b3) and     gp, a1, a3
core   0: 3 0x80000bf8 (0x00d5f1b3) x 3 0x00000000
core   0: 0x80000bfc (0x617d6793) ori     a5, s10, 1559
core   0: 3 0x80000bfc (0x617d6793) x15 0x00000617
core   0: 0x80000c00 (0x008a4533) xor     a0, s4, s0
core   0: 3 0x80000c00 (0x008a4533) x10 0x00000003
core   0: 0x80000c04 (0x000016e5) c.addi  a3, -7
core   0: 3 0x80000c04 (0x16e5) x13 0xfffffff1
core   0: 0x80000c06 (0xffe6d7e3) bge     a3, t5, pc - 18
core   0: 3 0x80000c06 (0xffe6d7e3)
core   0: 0x80000bf4 (0xf516ff93) andi    t6, a3, -175
core   0: 3 0x80000bf4 (0xf516ff93) x31 0xffffff51
core   0: 0x80000bf8 (0x00d5f1b3) and     gp, a1, a3
core   0: 3 0x80000bf8 (0x00d5f1b3) x 3 0x00000000
core   0: 0x80000bfc (0x617d6793) ori     a5, s10, 1559
core   0: 3 0x80000bfc (0x617d6793) x15 0x00000617
core   0: 0x80000c00 (0x008a4533) xor     a0, s4, s0
core   0: 3 0x80000c00 (0x008a4533) x10 0x00000003
core   0: 0x80000c04 (0x000016e5) c.addi  a3, -7
core   0: 3 0x80000c04 (0x16e5) x13 0xffffffea
core   0: 0x80000c06 (0xffe6d7e3) bge     a3, t5, pc - 18
core   0: 3 0x80000c06 (0xffe6d7e3)
core   0: 0x80000c0a (0x00008c49) c.or    s0, a0
core   0: 3 0x80000c0a (0x8c49) x 8 0xfffffff7
core   0: 0x80000c0c (0x00008e2d) c.xor   a2, a1
core   0: 3 0x80000c0c (0x8e2d) x12 0x49ab8c50
core   0: 0x80000c0e (0x00008d3d) c.xor   a0, a5
core   0: 3 0x80000c0e (0x8d3d) x10 0x00000614
core   0: 0x80000c10 (0x01955533) srl     a0, a0, s9
core   0: 3 0x80000c10 (0x01955533) x10 0x00000018
core   0: 0x80000c14 (0x03326ab3) rem     s5, tp, s3
core   0: 3 0x80000c14 (0x03326ab3) x21 0x00000700
core   0: 0x80000c18 (0xfa9a5ee3) bge     s4, s1, pc - 68
core   0: 3 0x80000c18 (0xfa9a5ee3)
core   0: 0x80000bd4 (0x00004fed) c.li    t6, 27
core   0: 3 0x80000bd4 (0x4fed) x31 0x0000001b
core   0: 0x80000bd6 (0x00000001) c.nop
core   0: 3 0x80000bd6 (0x0001)
core   0: 0x80000bd8 (0x00001a75) c.addi  s4, -3
core   0: 3 0x80000bd8 (0x1a75) x20 0xfffffff1
core   0: 0x80000bda (0x0130ecb3) or      s9, ra, s3
core   0: 3 0x80000bda (0x0130ecb3) x25 0x80022e66
core   0: 0x80000bde (0x0000100f) fence.i
core   0: 3 0x80000bde (0x0000100f)
core   0: 0x80000be2 (0x00000212) c.slli  tp, 4
core   0: 3 0x80000be2 (0x0212) x 4 0x00007000
core   0: 0x80000be4 (0x00600693) li      a3, 6
core   0: 3 0x80000be4 (0x00600693) x13 0x00000006
core   0: 0x80000be8 (0xfec00f13) li      t5, -20
core   0: 3 0x80000be8 (0xfec00f13) x30 0xffffffec
core   0: 0x80000bec (0x00c92733) slt     a4, s2, a2
core   0: 3 0x80000bec (0x00c92733) x14 0x00000001
core   0: 0x80000bf0 (0x4178d793) srai    a5, a7, 23
core   0: 3 0x80000bf0 (0x4178d793) x15 0x00000000
core   0: 0x80000bf4 (0xf516ff93) andi    t6, a3, -175
core   0: 3 0x80000bf4 (0xf516ff93) x31 0x00000000
core   0: 0x80000bf8 (0x00d5f1b3) and     gp, a1, a3
core   0: 3 0x80000bf8 (0x00d5f1b3) x 3 0x00000000
core   0: 0x80000bfc (0x617d6793) ori     a5, s10, 1559
core   0: 3 0x80000bfc (0x617d6793) x15 0x00000617
core   0: 0x80000c00 (0x008a4533) xor     a0, s4, s0
core   0: 3 0x80000c00 (0x008a4533) x10 0x00000006
core   0: 0x80000c04 (0x000016e5) c.addi  a3, -7
core   0: 3 0x80000c04 (0x16e5) x13 0xffffffff
core   0: 0x80000c06 (0xffe6d7e3) bge     a3, t5, pc - 18
core   0: 3 0x80000c06 (0xffe6d7e3)
core   0: 0x80000bf4 (0xf516ff93) andi    t6, a3, -175
core   0: 3 0x80000bf4 (0xf516ff93) x31 0xffffff51
core   0: 0x80000bf8 (0x00d5f1b3) and     gp, a1, a3
core   0: 3 0x80000bf8 (0x00d5f1b3) x 3 0x00000000
core   0: 0x80000bfc (0x617d6793) ori     a5, s10, 1559
core   0: 3 0x80000bfc (0x617d6793) x15 0x00000617
core   0: 0x80000c00 (0x008a4533) xor     a0, s4, s0
core   0: 3 0x80000c00 (0x008a4533) x10 0x00000006
core   0: 0x80000c04 (0x000016e5) c.addi  a3, -7
core   0: 3 0x80000c04 (0x16e5) x13 0xfffffff8
core   0: 0x80000c06 (0xffe6d7e3) bge     a3, t5, pc - 18
core   0: 3 0x80000c06 (0xffe6d7e3)
core   0: 0x80000bf4 (0xf516ff93) andi    t6, a3, -175
core   0: 3 0x80000bf4 (0xf516ff93) x31 0xffffff50
core   0: 0x80000bf8 (0x00d5f1b3) and     gp, a1, a3
core   0: 3 0x80000bf8 (0x00d5f1b3) x 3 0x00000000
core   0: 0x80000bfc (0x617d6793) ori     a5, s10, 1559
core   0: 3 0x80000bfc (0x617d6793) x15 0x00000617
core   0: 0x80000c00 (0x008a4533) xor     a0, s4, s0
core   0: 3 0x80000c00 (0x008a4533) x10 0x00000006
core   0: 0x80000c04 (0x000016e5) c.addi  a3, -7
core   0: 3 0x80000c04 (0x16e5) x13 0xfffffff1
core   0: 0x80000c06 (0xffe6d7e3) bge     a3, t5, pc - 18
core   0: 3 0x80000c06 (0xffe6d7e3)
core   0: 0x80000bf4 (0xf516ff93) andi    t6, a3, -175
core   0: 3 0x80000bf4 (0xf516ff93) x31 0xffffff51
core   0: 0x80000bf8 (0x00d5f1b3) and     gp, a1, a3
core   0: 3 0x80000bf8 (0x00d5f1b3) x 3 0x00000000
core   0: 0x80000bfc (0x617d6793) ori     a5, s10, 1559
core   0: 3 0x80000bfc (0x617d6793) x15 0x00000617
core   0: 0x80000c00 (0x008a4533) xor     a0, s4, s0
core   0: 3 0x80000c00 (0x008a4533) x10 0x00000006
core   0: 0x80000c04 (0x000016e5) c.addi  a3, -7
core   0: 3 0x80000c04 (0x16e5) x13 0xffffffea
core   0: 0x80000c06 (0xffe6d7e3) bge     a3, t5, pc - 18
core   0: 3 0x80000c06 (0xffe6d7e3)
core   0: 0x80000c0a (0x00008c49) c.or    s0, a0
core   0: 3 0x80000c0a (0x8c49) x 8 0xfffffff7
core   0: 0x80000c0c (0x00008e2d) c.xor   a2, a1
core   0: 3 0x80000c0c (0x8e2d) x12 0x49ab8c50
core   0: 0x80000c0e (0x00008d3d) c.xor   a0, a5
core   0: 3 0x80000c0e (0x8d3d) x10 0x00000611
core   0: 0x80000c10 (0x01955533) srl     a0, a0, s9
core   0: 3 0x80000c10 (0x01955533) x10 0x00000018
core   0: 0x80000c14 (0x03326ab3) rem     s5, tp, s3
core   0: 3 0x80000c14 (0x03326ab3) x21 0x00007000
core   0: 0x80000c18 (0xfa9a5ee3) bge     s4, s1, pc - 68
core   0: 3 0x80000c18 (0xfa9a5ee3)
core   0: 0x80000c1c (0x00e5f533) and     a0, a1, a4
core   0: 3 0x80000c1c (0x00e5f533) x10 0x00000000
core   0: 0x80000c20 (0xffa00d93) li      s11, -6
core   0: 3 0x80000c20 (0xffa00d93) x27 0xfffffffa
core   0: 0x80000c24 (0x00008a49) c.andi  a2, 18
core   0: 3 0x80000c24 (0x8a49) x12 0x00000010
core   0: 0x80000c26 (0x00730f33) add     t5, t1, t2
core   0: 3 0x80000c26 (0x00730f33) x30 0x80026ce4
core   0: 0x80000c2a (0xfee00093) li      ra, -18
core   0: 3 0x80000c2a (0xfee00093) x 1 0xffffffee
core   0: 0x80000c2e (0x00f90033) add     zero, s2, a5
core   0: 3 0x80000c2e (0x00f90033)
core   0: 0x80000c32 (0x02368133) mul     sp, a3, gp
core   0: 3 0x80000c32 (0x02368133) x 2 0x00000000
core   0: 0x80000c36 (0x00a35f13) srli    t5, t1, 10
core   0: 3 0x80000c36 (0x00a35f13) x30 0x00000000
core   0: 0x80000c3a (0x00001dd9) c.addi  s11, -10
core   0: 3 0x80000c3a (0x1dd9) x27 0xfffffff0
core   0: 0x80000c3c (0x416a5033) sra     zero, s4, s6
core   0: 3 0x80000c3c (0x416a5033)
core   0: 0x80000c40 (0x00e1de33) srl     t3, gp, a4
core   0: 3 0x80000c40 (0x00e1de33) x28 0x00000000
core   0: 0x80000c44 (0x00300193) li      gp, 3
core   0: 3 0x80000c44 (0x00300193) x 3 0x00000003
core   0: 0x80000c48 (0x9b7c6893) ori     a7, s8, -1609
core   0: 3 0x80000c48 (0x9b7c6893) x17 0xffffffff
core   0: 0x80000c4c (0x00006ed9) c.lui   t4, 0x16
core   0: 3 0x80000c4c (0x6ed9) x29 0x00016000
core   0: 0x80000c4e (0x056e6593) ori     a1, t3, 86
core   0: 3 0x80000c4e (0x056e6593) x11 0x00000056
core   0: 0x80000c52 (0x038cd633) divu    a2, s9, s8
core   0: 3 0x80000c52 (0x038cd633) x12 0x00000000
core   0: 0x80000c56 (0x0000846d) c.srai  s0, 27
core   0: 3 0x80000c56 (0x846d) x 8 0xffffffff
core   0: 0x80000c58 (0x00500693) li      a3, 5
core   0: 3 0x80000c58 (0x00500693) x13 0x00000005
core   0: 0x80000c5c (0x01e29213) slli    tp, t0, 30
core   0: 3 0x80000c5c (0x01e29213) x 4 0x80000000
core   0: 0x80000c60 (0x003a3633) sltu    a2, s4, gp
core   0: 3 0x80000c60 (0x003a3633) x12 0x00000000
core   0: 0x80000c64 (0x000001a5) c.addi  gp, 9
core   0: 3 0x80000c64 (0x01a5) x 3 0x0000000c
core   0: 0x80000c66 (0xa434c513) xori    a0, s1, -1469
core   0: 3 0x80000c66 (0xa434c513) x10 0x000005b1
core   0: 0x80000c6a (0xfed1cbe3) blt     gp, a3, pc - 10
core   0: 3 0x80000c6a (0xfed1cbe3)
core   0: 0x80000c6e (0x000017fd) c.addi  a5, -1
core   0: 3 0x80000c6e (0x17fd) x15 0x00000616
core   0: 0x80000c70 (0x2215c513) xori    a0, a1, 545
core   0: 3 0x80000c70 (0x2215c513) x10 0x00000277
core   0: 0x80000c74 (0xfa1ddde3) bge     s11, ra, pc - 70
core   0: 3 0x80000c74 (0xfa1ddde3)
core   0: 0x80000c2e (0x00f90033) add     zero, s2, a5
core   0: 3 0x80000c2e (0x00f90033)
core   0: 0x80000c32 (0x02368133) mul     sp, a3, gp
core   0: 3 0x80000c32 (0x02368133) x 2 0x0000003c
core   0: 0x80000c36 (0x00a35f13) srli    t5, t1, 10
core   0: 3 0x80000c36 (0x00a35f13) x30 0x00000000
core   0: 0x80000c3a (0x00001dd9) c.addi  s11, -10
core   0: 3 0x80000c3a (0x1dd9) x27 0xffffffe6
core   0: 0x80000c3c (0x416a5033) sra     zero, s4, s6
core   0: 3 0x80000c3c (0x416a5033)
core   0: 0x80000c40 (0x00e1de33) srl     t3, gp, a4
core   0: 3 0x80000c40 (0x00e1de33) x28 0x00000006
core   0: 0x80000c44 (0x00300193) li      gp, 3
core   0: 3 0x80000c44 (0x00300193) x 3 0x00000003
core   0: 0x80000c48 (0x9b7c6893) ori     a7, s8, -1609
core   0: 3 0x80000c48 (0x9b7c6893) x17 0xffffffff
core   0: 0x80000c4c (0x00006ed9) c.lui   t4, 0x16
core   0: 3 0x80000c4c (0x6ed9) x29 0x00016000
core   0: 0x80000c4e (0x056e6593) ori     a1, t3, 86
core   0: 3 0x80000c4e (0x056e6593) x11 0x00000056
core   0: 0x80000c52 (0x038cd633) divu    a2, s9, s8
core   0: 3 0x80000c52 (0x038cd633) x12 0x00000000
core   0: 0x80000c56 (0x0000846d) c.srai  s0, 27
core   0: 3 0x80000c56 (0x846d) x 8 0xffffffff
core   0: 0x80000c58 (0x00500693) li      a3, 5
core   0: 3 0x80000c58 (0x00500693) x13 0x00000005
core   0: 0x80000c5c (0x01e29213) slli    tp, t0, 30
core   0: 3 0x80000c5c (0x01e29213) x 4 0x80000000
core   0: 0x80000c60 (0x003a3633) sltu    a2, s4, gp
core   0: 3 0x80000c60 (0x003a3633) x12 0x00000000
core   0: 0x80000c64 (0x000001a5) c.addi  gp, 9
core   0: 3 0x80000c64 (0x01a5) x 3 0x0000000c
core   0: 0x80000c66 (0xa434c513) xori    a0, s1, -1469
core   0: 3 0x80000c66 (0xa434c513) x10 0x000005b1
core   0: 0x80000c6a (0xfed1cbe3) blt     gp, a3, pc - 10
core   0: 3 0x80000c6a (0xfed1cbe3)
core   0: 0x80000c6e (0x000017fd) c.addi  a5, -1
core   0: 3 0x80000c6e (0x17fd) x15 0x00000615
core   0: 0x80000c70 (0x2215c513) xori    a0, a1, 545
core   0: 3 0x80000c70 (0x2215c513) x10 0x00000277
core   0: 0x80000c74 (0xfa1ddde3) bge     s11, ra, pc - 70
core   0: 3 0x80000c74 (0xfa1ddde3)
core   0: 0x80000c78 (0x00008fd9) c.or    a5, a4
core   0: 3 0x80000c78 (0x8fd9) x15 0x00000615
core   0: 0x80000c7a (0x00a00213) li      tp, 10
core   0: 3 0x80000c7a (0x00a00213) x 4 0x0000000a
core   0: 0x80000c7e (0x00a00f93) li      t6, 10
core   0: 3 0x80000c7e (0x00a00f93) x31 0x0000000a
core   0: 0x80000c82 (0x000094ce) c.add   s1, s3
core   0: 3 0x80000c82 (0x94ce) x 9 0x80022e56
core   0: 0x80000c84 (0x00000884) c.addi4spn s1, sp, 80
core   0: 3 0x80000c84 (0x0884) x 9 0x0000008c
core   0: 0x80000c86 (0x01795093) srli    ra, s2, 23
core   0: 3 0x80000c86 (0x01795093) x 1 0x00000000
core   0: 0x80000c8a (0x027e35b3) mulhu   a1, t3, t2
core   0: 3 0x80000c8a (0x027e35b3) x11 0x00000003
core   0: 0x80000c8e (0x00008de5) c.and   a1, s1
core   0: 3 0x80000c8e (0x8de5) x11 0x00000000
core   0: 0x80000c90 (0xbee80b93) addi    s7, a6, -1042
core   0: 3 0x80000c90 (0xbee80b93) x23 0xfffffbee
core   0: 0x80000c94 (0x00008271) c.srli  a2, 28
core   0: 3 0x80000c94 (0x8271) x12 0x00000000
core   0: 0x80000c96 (0x0000125d) c.addi  tp, -9
core   0: 3 0x80000c96 (0x125d) x 4 0x00000001
core   0: 0x80000c98 (0x62aef313) andi    t1, t4, 1578
core   0: 3 0x80000c98 (0x62aef313) x 6 0x00000000
core   0: 0x80000c9c (0xff700793) li      a5, -9
core   0: 3 0x80000c9c (0xff700793) x15 0xfffffff7
core   0: 0x80000ca0 (0x02001b33) mulh    s6, zero, zero
core   0: 3 0x80000ca0 (0x02001b33) x22 0x00000000
core   0: 0x80000ca4 (0x025ed5b3) divu    a1, t4, t0
core   0: 3 0x80000ca4 (0x025ed5b3) x11 0x0000b000
core   0: 0x80000ca8 (0x00364733) xor     a4, a2, gp
core   0: 3 0x80000ca8 (0x00364733) x14 0x0000000c
core   0: 0x80000cac (0x0268d133) divu    sp, a7, t1
core   0: 3 0x80000cac (0x0268d133) x 2 0xffffffff
core   0: 0x80000cb0 (0x029da833) mulhsu  a6, s11, s1
core   0: 3 0x80000cb0 (0x029da833) x16 0xffffffff
core   0: 0x80000cb4 (0x00ba96b3) sll     a3, s5, a1
core   0: 3 0x80000cb4 (0x00ba96b3) x13 0x00007000
core   0: 0x80000cb8 (0x00000001) c.nop
core   0: 3 0x80000cb8 (0x0001)
core   0: 0x80000cba (0x00000001) c.nop
core   0: 3 0x80000cba (0x0001)
core   0: 0x80000cbc (0x0ff0000f) fence   iorw,iorw
core   0: 3 0x80000cbc (0x0ff0000f)
core   0: 0x80000cc0 (0x00008eb9) c.xor   a3, a4
core   0: 3 0x80000cc0 (0x8eb9) x13 0x0000700c
core   0: 0x80000cc2 (0x0113a4b3) slt     s1, t2, a7
core   0: 3 0x80000cc2 (0x0113a4b3) x 9 0x00000001
core   0: 0x80000cc6 (0x00008d9d) c.sub   a1, a5
core   0: 3 0x80000cc6 (0x8d9d) x11 0x0000b009
core   0: 0x80000cc8 (0x00000785) c.addi  a5, 1
core   0: 3 0x80000cc8 (0x0785) x15 0xfffffff8
core   0: 0x80000cca (0x015c71b3) and     gp, s8, s5
core   0: 3 0x80000cca (0x015c71b3) x 3 0x00007000
core   0: 0x80000cce (0x01aedeb3) srl     t4, t4, s10
core   0: 3 0x80000cce (0x01aedeb3) x29 0x00016000
core   0: 0x80000cd2 (0x40ffd433) sra     s0, t6, a5
core   0: 3 0x80000cd2 (0x40ffd433) x 8 0x00000000
core   0: 0x80000cd6 (0x0000d7ed) c.beqz  a5, pc - 22
core   0: 3 0x80000cd6 (0xd7ed)
core   0: 0x80000cd8 (0x0159ec33) or      s8, s3, s5
core   0: 3 0x80000cd8 (0x0159ec33) x24 0x80027e64
core   0: 0x80000cdc (0x00008f01) c.sub   a4, s0
core   0: 3 0x80000cdc (0x8f01) x14 0x0000000c
core   0: 0x80000cde (0xfbf273e3) bgeu    tp, t6, pc - 90
core   0: 3 0x80000cde (0xfbf273e3)
core   0: 0x80000ce2 (0x00008df9) c.and   a1, a4
core   0: 3 0x80000ce2 (0x8df9) x11 0x00000008
core   0: 0x80000ce4 (0xffa00b93) li      s7, -6
core   0: 3 0x80000ce4 (0xffa00b93) x23 0xfffffffa
core   0: 0x80000ce8 (0x0000100f) fence.i
core   0: 3 0x80000ce8 (0x0000100f)
core   0: 0x80000cec (0x01100813) li      a6, 17
core   0: 3 0x80000cec (0x01100813) x16 0x00000011
core   0: 0x80000cf0 (0x13b22b13) slti    s6, tp, 315
core   0: 3 0x80000cf0 (0x13b22b13) x22 0x00000001
core   0: 0x80000cf4 (0x00000b85) c.addi  s7, 1
core   0: 3 0x80000cf4 (0x0b85) x23 0xfffffffb
core   0: 0x80000cf6 (0x0000100f) fence.i
core   0: 3 0x80000cf6 (0x0000100f)
core   0: 0x80000cfa (0xff700793) li      a5, -9
core   0: 3 0x80000cfa (0xff700793) x15 0xfffffff7
core   0: 0x80000cfe (0x01400313) li      t1, 20
core   0: 3 0x80000cfe (0x01400313) x 6 0x00000014
core   0: 0x80000d02 (0x027f9933) mulh    s2, t6, t2
core   0: 3 0x80000d02 (0x027f9933) x18 0xfffffffb
core   0: 0x80000d06 (0x00000791) c.addi  a5, 4
core   0: 3 0x80000d06 (0x0791) x15 0xfffffffb
core   0: 0x80000d08 (0xfe67ede3) bltu    a5, t1, pc - 6
core   0: 3 0x80000d08 (0xfe67ede3)
core   0: 0x80000d0c (0x000084e9) c.srai  s1, 26
core   0: 3 0x80000d0c (0x84e9) x 9 0x00000000
core   0: 0x80000d0e (0xff0b81e3) beq     s7, a6, pc - 30
core   0: 3 0x80000d0e (0xff0b81e3)
core   0: 0x80000d12 (0x0076a4b3) slt     s1, a3, t2
core   0: 3 0x80000d12 (0x0076a4b3) x 9 0x00000000
core   0: 0x80000d16 (0x00800a93) li      s5, 8
core   0: 3 0x80000d16 (0x00800a93) x21 0x00000008
core   0: 0x80000d1a (0x000064a9) c.lui   s1, 0xa
core   0: 3 0x80000d1a (0x64a9) x 9 0x0000a000
core   0: 0x80000d1c (0x000091a2) c.add   gp, s0
core   0: 3 0x80000d1c (0x91a2) x 3 0x00007000
core   0: 0x80000d1e (0x0ff0000f) fence   iorw,iorw
core   0: 3 0x80000d1e (0x0ff0000f)
core   0: 0x80000d22 (0x4ed7b197) auipc   gp, 0x4ed7b
core   0: 3 0x80000d22 (0x4ed7b197) x 3 0xced7bd22
core   0: 0x80000d26 (0x01035893) srli    a7, t1, 16
core   0: 3 0x80000d26 (0x01035893) x17 0x00000000
core   0: 0x80000d2a (0x005f6e33) or      t3, t5, t0
core   0: 3 0x80000d2a (0x005f6e33) x28 0x00000002
core   0: 0x80000d2e (0x017450b3) srl     ra, s0, s7
core   0: 3 0x80000d2e (0x017450b3) x 1 0x00000000
core   0: 0x80000d32 (0x6e090813) addi    a6, s2, 1760
core   0: 3 0x80000d32 (0x6e090813) x16 0x000006db
core   0: 0x80000d36 (0x4022d693) srai    a3, t0, 2
core   0: 3 0x80000d36 (0x4022d693) x13 0x00000000
core   0: 0x80000d3a (0x03e85933) divu    s2, a6, t5
core   0: 3 0x80000d3a (0x03e85933) x18 0xffffffff
core   0: 0x80000d3e (0x00000faa) c.slli  t6, 10
core   0: 3 0x80000d3e (0x0faa) x31 0x00002800
core   0: 0x80000d40 (0x6c28fc93) andi    s9, a7, 1730
core   0: 3 0x80000d40 (0x6c28fc93) x25 0x00000000
core   0: 0x80000d44 (0x00008961) c.andi  a0, 24
core   0: 3 0x80000d44 (0x8961) x10 0x00000010
core   0: 0x80000d46 (0x2e20f817) auipc   a6, 0x2e20f
core   0: 3 0x80000d46 (0x2e20f817) x16 0xae20fd46
core   0: 0x80000d4a (0x00800f13) li      t5, 8
core   0: 3 0x80000d4a (0x00800f13) x30 0x00000008
core   0: 0x80000d4e (0xfb644913) xori    s2, s0, -74
core   0: 3 0x80000d4e (0xfb644913) x18 0xffffffb6
core   0: 0x80000d52 (0x41925b13) srai    s6, tp, 25
core   0: 3 0x80000d52 (0x41925b13) x22 0x00000000
core   0: 0x80000d56 (0x00006579) c.lui   a0, 0x1e
core   0: 3 0x80000d56 (0x6579) x10 0x0001e000
core   0: 0x80000d58 (0x00001af5) c.addi  s5, -3
core   0: 3 0x80000d58 (0x1af5) x21 0x00000005
core   0: 0x80000d5a (0x4bb65b97) auipc   s7, 0x4bb65
core   0: 3 0x80000d5a (0x4bb65b97) x23 0xcbb65d5a
core   0: 0x80000d5e (0x00105c13) srli    s8, zero, 1
core   0: 3 0x80000d5e (0x00105c13) x24 0x00000000
core   0: 0x80000d62 (0x00009a7d) c.andi  a2, -1
core   0: 3 0x80000d62 (0x9a7d) x12 0x00000000
core   0: 0x80000d64 (0x00008b62) c.mv    s6, s8
core   0: 3 0x80000d64 (0x8b62) x22 0x00000000
core   0: 0x80000d66 (0xffeaf8e3) bgeu    s5, t5, pc - 16
core   0: 3 0x80000d66 (0xffeaf8e3)
core   0: 0x80000d6a (0x00000001) c.nop
core   0: 3 0x80000d6a (0x0001)
core   0: 0x80000d6c (0x00400513) li      a0, 4
core   0: 3 0x80000d6c (0x00400513) x10 0x00000004
core   0: 0x80000d70 (0x4330ad93) slti    s11, ra, 1075
core   0: 3 0x80000d70 (0x4330ad93) x27 0x00000001
core   0: 0x80000d74 (0x00700913) li      s2, 7
core   0: 3 0x80000d74 (0x00700913) x18 0x00000007
core   0: 0x80000d78 (0x00000a91) c.addi  s5, 4
core   0: 3 0x80000d78 (0x0a91) x21 0x00000009
core   0: 0x80000d7a (0x0000008c) c.addi4spn a1, sp, 64
core   0: 3 0x80000d7a (0x008c) x11 0x0000003f
core   0: 0x80000d7c (0x00008279) c.srli  a2, 30
core   0: 3 0x80000d7c (0x8279) x12 0x00000000
core   0: 0x80000d7e (0x00000001) c.nop
core   0: 3 0x80000d7e (0x0001)
core   0: 0x80000d80 (0x0ff0000f) fence   iorw,iorw
core   0: 3 0x80000d80 (0x0ff0000f)
core   0: 0x80000d84 (0x00000529) c.addi  a0, 10
core   0: 3 0x80000d84 (0x0529) x10 0x0000000e
core   0: 0x80000d86 (0xff700493) li      s1, -9
core   0: 3 0x80000d86 (0xff700493) x 9 0xfffffff7
core   0: 0x80000d8a (0x00000001) c.nop
core   0: 3 0x80000d8a (0x0001)
core   0: 0x80000d8c (0x00000001) c.nop
core   0: 3 0x80000d8c (0x0001)
core   0: 0x80000d8e (0x00000001) c.nop
core   0: 3 0x80000d8e (0x0001)
core   0: 0x80000d90 (0x30b69137) lui     sp, 0x30b69
core   0: 3 0x80000d90 (0x30b69137) x 2 0x30b69000
core   0: 0x80000d94 (0x00001e10) c.addi4spn a2, sp, 816
core   0: 3 0x80000d94 (0x1e10) x12 0x30b69330
core   0: 0x80000d96 (0x03976eb3) rem     t4, a4, s9
core   0: 3 0x80000d96 (0x03976eb3) x29 0x0000000c
core   0: 0x80000d9a (0x00000485) c.addi  s1, 1
core   0: 3 0x80000d9a (0x0485) x 9 0xfffffff8
core   0: 0x80000d9c (0x00006151) c.addi16sp sp, 272
core   0: 3 0x80000d9c (0x6151) x 2 0x30b69110
core   0: 0x80000d9e (0x0000f8fd) c.bnez  s1, pc - 10
core   0: 3 0x80000d9e (0xf8fd)
core   0: 0x80000d94 (0x00001e10) c.addi4spn a2, sp, 816
core   0: 3 0x80000d94 (0x1e10) x12 0x30b69440
core   0: 0x80000d96 (0x03976eb3) rem     t4, a4, s9
core   0: 3 0x80000d96 (0x03976eb3) x29 0x0000000c
core   0: 0x80000d9a (0x00000485) c.addi  s1, 1
core   0: 3 0x80000d9a (0x0485) x 9 0xfffffff9
core   0: 0x80000d9c (0x00006151) c.addi16sp sp, 272
core   0: 3 0x80000d9c (0x6151) x 2 0x30b69220
core   0: 0x80000d9e (0x0000f8fd) c.bnez  s1, pc - 10
core   0: 3 0x80000d9e (0xf8fd)
core   0: 0x80000d94 (0x00001e10) c.addi4spn a2, sp, 816
core   0: 3 0x80000d94 (0x1e10) x12 0x30b69550
core   0: 0x80000d96 (0x03976eb3) rem     t4, a4, s9
core   0: 3 0x80000d96 (0x03976eb3) x29 0x0000000c
core   0: 0x80000d9a (0x00000485) c.addi  s1, 1
core   0: 3 0x80000d9a (0x0485) x 9 0xfffffffa
core   0: 0x80000d9c (0x00006151) c.addi16sp sp, 272
core   0: 3 0x80000d9c (0x6151) x 2 0x30b69330
core   0: 0x80000d9e (0x0000f8fd) c.bnez  s1, pc - 10
core   0: 3 0x80000d9e (0xf8fd)
core   0: 0x80000d94 (0x00001e10) c.addi4spn a2, sp, 816
core   0: 3 0x80000d94 (0x1e10) x12 0x30b69660
core   0: 0x80000d96 (0x03976eb3) rem     t4, a4, s9
core   0: 3 0x80000d96 (0x03976eb3) x29 0x0000000c
core   0: 0x80000d9a (0x00000485) c.addi  s1, 1
core   0: 3 0x80000d9a (0x0485) x 9 0xfffffffb
core   0: 0x80000d9c (0x00006151) c.addi16sp sp, 272
core   0: 3 0x80000d9c (0x6151) x 2 0x30b69440
core   0: 0x80000d9e (0x0000f8fd) c.bnez  s1, pc - 10
core   0: 3 0x80000d9e (0xf8fd)
core   0: 0x80000d94 (0x00001e10) c.addi4spn a2, sp, 816
core   0: 3 0x80000d94 (0x1e10) x12 0x30b69770
core   0: 0x80000d96 (0x03976eb3) rem     t4, a4, s9
core   0: 3 0x80000d96 (0x03976eb3) x29 0x0000000c
core   0: 0x80000d9a (0x00000485) c.addi  s1, 1
core   0: 3 0x80000d9a (0x0485) x 9 0xfffffffc
core   0: 0x80000d9c (0x00006151) c.addi16sp sp, 272
core   0: 3 0x80000d9c (0x6151) x 2 0x30b69550
core   0: 0x80000d9e (0x0000f8fd) c.bnez  s1, pc - 10
core   0: 3 0x80000d9e (0xf8fd)
core   0: 0x80000d94 (0x00001e10) c.addi4spn a2, sp, 816
core   0: 3 0x80000d94 (0x1e10) x12 0x30b69880
core   0: 0x80000d96 (0x03976eb3) rem     t4, a4, s9
core   0: 3 0x80000d96 (0x03976eb3) x29 0x0000000c
core   0: 0x80000d9a (0x00000485) c.addi  s1, 1
core   0: 3 0x80000d9a (0x0485) x 9 0xfffffffd
core   0: 0x80000d9c (0x00006151) c.addi16sp sp, 272
core   0: 3 0x80000d9c (0x6151) x 2 0x30b69660
core   0: 0x80000d9e (0x0000f8fd) c.bnez  s1, pc - 10
core   0: 3 0x80000d9e (0xf8fd)
core   0: 0x80000d94 (0x00001e10) c.addi4spn a2, sp, 816
core   0: 3 0x80000d94 (0x1e10) x12 0x30b69990
core   0: 0x80000d96 (0x03976eb3) rem     t4, a4, s9
core   0: 3 0x80000d96 (0x03976eb3) x29 0x0000000c
core   0: 0x80000d9a (0x00000485) c.addi  s1, 1
core   0: 3 0x80000d9a (0x0485) x 9 0xfffffffe
core   0: 0x80000d9c (0x00006151) c.addi16sp sp, 272
core   0: 3 0x80000d9c (0x6151) x 2 0x30b69770
core   0: 0x80000d9e (0x0000f8fd) c.bnez  s1, pc - 10
core   0: 3 0x80000d9e (0xf8fd)
core   0: 0x80000d94 (0x00001e10) c.addi4spn a2, sp, 816
core   0: 3 0x80000d94 (0x1e10) x12 0x30b69aa0
core   0: 0x80000d96 (0x03976eb3) rem     t4, a4, s9
core   0: 3 0x80000d96 (0x03976eb3) x29 0x0000000c
core   0: 0x80000d9a (0x00000485) c.addi  s1, 1
core   0: 3 0x80000d9a (0x0485) x 9 0xffffffff
core   0: 0x80000d9c (0x00006151) c.addi16sp sp, 272
core   0: 3 0x80000d9c (0x6151) x 2 0x30b69880
core   0: 0x80000d9e (0x0000f8fd) c.bnez  s1, pc - 10
core   0: 3 0x80000d9e (0xf8fd)
core   0: 0x80000d94 (0x00001e10) c.addi4spn a2, sp, 816
core   0: 3 0x80000d94 (0x1e10) x12 0x30b69bb0
core   0: 0x80000d96 (0x03976eb3) rem     t4, a4, s9
core   0: 3 0x80000d96 (0x03976eb3) x29 0x0000000c
core   0: 0x80000d9a (0x00000485) c.addi  s1, 1
core   0: 3 0x80000d9a (0x0485) x 9 0x00000000
core   0: 0x80000d9c (0x00006151) c.addi16sp sp, 272
core   0: 3 0x80000d9c (0x6151) x 2 0x30b69990
core   0: 0x80000d9e (0x0000f8fd) c.bnez  s1, pc - 10
core   0: 3 0x80000d9e (0xf8fd)
core   0: 0x80000da0 (0x0000100f) fence.i
core   0: 3 0x80000da0 (0x0000100f)
core   0: 0x80000da4 (0xfd254ae3) blt     a0, s2, pc - 44
core   0: 3 0x80000da4 (0xfd254ae3)
core   0: 0x80000da8 (0x02e29833) mulh    a6, t0, a4
core   0: 3 0x80000da8 (0x02e29833) x16 0x00000000
core   0: 0x80000dac (0xff800713) li      a4, -8
core   0: 3 0x80000dac (0xff800713) x14 0xfffffff8
core   0: 0x80000db0 (0x00008e51) c.or    a2, a2
core   0: 3 0x80000db0 (0x8e51) x12 0x30b69bb0
core   0: 0x80000db2 (0x0ff0000f) fence   iorw,iorw
core   0: 3 0x80000db2 (0x0ff0000f)
core   0: 0x80000db6 (0x00c00b13) li      s6, 12
core   0: 3 0x80000db6 (0x00c00b13) x22 0x0000000c
core   0: 0x80000dba (0x0000487d) c.li    a6, 31
core   0: 3 0x80000dba (0x487d) x16 0x0000001f
core   0: 0x80000dbc (0x033d8133) mul     sp, s11, s3
core   0: 3 0x80000dbc (0x033d8133) x 2 0x80022e64
core   0: 0x80000dc0 (0x30afce13) xori    t3, t6, 778
core   0: 3 0x80000dc0 (0x30afce13) x28 0x00002b0a
core   0: 0x80000dc4 (0x0117b6b3) sltu    a3, a5, a7
core   0: 3 0x80000dc4 (0x0117b6b3) x13 0x00000000
core   0: 0x80000dc8 (0x024b0433) mul     s0, s6, tp
core   0: 3 0x80000dc8 (0x024b0433) x 8 0x0000000c
core   0: 0x80000dcc (0x00000721) c.addi  a4, 8
core   0: 3 0x80000dcc (0x0721) x14 0x00000000
core   0: 0x80000dce (0x0ff0000f) fence   iorw,iorw
core   0: 3 0x80000dce (0x0ff0000f)
core   0: 0x80000dd2 (0x0068c533) xor     a0, a7, t1
core   0: 3 0x80000dd2 (0x0068c533) x10 0x00000014
core   0: 0x80000dd6 (0x001bb033) sltu    zero, s7, ra
core   0: 3 0x80000dd6 (0x001bb033)
core   0: 0x80000dda (0x03d58033) mul     zero, a1, t4
core   0: 3 0x80000dda (0x03d58033)
core   0: 0x80000dde (0x03ed2533) mulhsu  a0, s10, t5
core   0: 3 0x80000dde (0x03ed2533) x10 0x00000000
core   0: 0x80000de2 (0x00008f85) c.sub   a5, s1
core   0: 3 0x80000de2 (0x8f85) x15 0xfffffffb
core   0: 0x80000de4 (0xfd676be3) bltu    a4, s6, pc - 42
core   0: 3 0x80000de4 (0xfd676be3)
core   0: 0x80000dba (0x0000487d) c.li    a6, 31
core   0: 3 0x80000dba (0x487d) x16 0x0000001f
core   0: 0x80000dbc (0x033d8133) mul     sp, s11, s3
core   0: 3 0x80000dbc (0x033d8133) x 2 0x80022e64
core   0: 0x80000dc0 (0x30afce13) xori    t3, t6, 778
core   0: 3 0x80000dc0 (0x30afce13) x28 0x00002b0a
core   0: 0x80000dc4 (0x0117b6b3) sltu    a3, a5, a7
core   0: 3 0x80000dc4 (0x0117b6b3) x13 0x00000000
core   0: 0x80000dc8 (0x024b0433) mul     s0, s6, tp
core   0: 3 0x80000dc8 (0x024b0433) x 8 0x0000000c
core   0: 0x80000dcc (0x00000721) c.addi  a4, 8
core   0: 3 0x80000dcc (0x0721) x14 0x00000008
core   0: 0x80000dce (0x0ff0000f) fence   iorw,iorw
core   0: 3 0x80000dce (0x0ff0000f)
core   0: 0x80000dd2 (0x0068c533) xor     a0, a7, t1
core   0: 3 0x80000dd2 (0x0068c533) x10 0x00000014
core   0: 0x80000dd6 (0x001bb033) sltu    zero, s7, ra
core   0: 3 0x80000dd6 (0x001bb033)
core   0: 0x80000dda (0x03d58033) mul     zero, a1, t4
core   0: 3 0x80000dda (0x03d58033)
core   0: 0x80000dde (0x03ed2533) mulhsu  a0, s10, t5
core   0: 3 0x80000dde (0x03ed2533) x10 0x00000000
core   0: 0x80000de2 (0x00008f85) c.sub   a5, s1
core   0: 3 0x80000de2 (0x8f85) x15 0xfffffffb
core   0: 0x80000de4 (0xfd676be3) bltu    a4, s6, pc - 42
core   0: 3 0x80000de4 (0xfd676be3)
core   0: 0x80000dba (0x0000487d) c.li    a6, 31
core   0: 3 0x80000dba (0x487d) x16 0x0000001f
core   0: 0x80000dbc (0x033d8133) mul     sp, s11, s3
core   0: 3 0x80000dbc (0x033d8133) x 2 0x80022e64
core   0: 0x80000dc0 (0x30afce13) xori    t3, t6, 778
core   0: 3 0x80000dc0 (0x30afce13) x28 0x00002b0a
core   0: 0x80000dc4 (0x0117b6b3) sltu    a3, a5, a7
core   0: 3 0x80000dc4 (0x0117b6b3) x13 0x00000000
core   0: 0x80000dc8 (0x024b0433) mul     s0, s6, tp
core   0: 3 0x80000dc8 (0x024b0433) x 8 0x0000000c
core   0: 0x80000dcc (0x00000721) c.addi  a4, 8
core   0: 3 0x80000dcc (0x0721) x14 0x00000010
core   0: 0x80000dce (0x0ff0000f) fence   iorw,iorw
core   0: 3 0x80000dce (0x0ff0000f)
core   0: 0x80000dd2 (0x0068c533) xor     a0, a7, t1
core   0: 3 0x80000dd2 (0x0068c533) x10 0x00000014
core   0: 0x80000dd6 (0x001bb033) sltu    zero, s7, ra
core   0: 3 0x80000dd6 (0x001bb033)
core   0: 0x80000dda (0x03d58033) mul     zero, a1, t4
core   0: 3 0x80000dda (0x03d58033)
core   0: 0x80000dde (0x03ed2533) mulhsu  a0, s10, t5
core   0: 3 0x80000dde (0x03ed2533) x10 0x00000000
core   0: 0x80000de2 (0x00008f85) c.sub   a5, s1
core   0: 3 0x80000de2 (0x8f85) x15 0xfffffffb
core   0: 0x80000de4 (0xfd676be3) bltu    a4, s6, pc - 42
core   0: 3 0x80000de4 (0xfd676be3)
core   0: 0x80000de8 (0x00008b95) c.andi  a5, 5
core   0: 3 0x80000de8 (0x8b95) x15 0x00000001
core   0: 0x80000dea (0x00700613) li      a2, 7
core   0: 3 0x80000dea (0x00700613) x12 0x00000007
core   0: 0x80000dee (0x4049d533) sra     a0, s3, tp
core   0: 3 0x80000dee (0x4049d533) x10 0xc0011732
core   0: 0x80000df2 (0x0000100f) fence.i
core   0: 3 0x80000df2 (0x0000100f)
core   0: 0x80000df6 (0x41965013) srai    zero, a2, 25
core   0: 3 0x80000df6 (0x41965013)
core   0: 0x80000dfa (0x02ff9d33) mulh    s10, t6, a5
core   0: 3 0x80000dfa (0x02ff9d33) x26 0x00000000
core   0: 0x80000dfe (0x00f1dd93) srli    s11, gp, 15
core   0: 3 0x80000dfe (0x00f1dd93) x27 0x00019daf
core   0: 0x80000e02 (0x405b8db3) sub     s11, s7, t0
core   0: 3 0x80000e02 (0x405b8db3) x27 0xcbb65d58
core   0: 0x80000e06 (0x008d9c13) slli    s8, s11, 8
core   0: 3 0x80000e06 (0x008d9c13) x24 0xb65d5800
core   0: 0x80000e0a (0x0ff0000f) fence   iorw,iorw
core   0: 3 0x80000e0a (0x0ff0000f)
core   0: 0x80000e0e (0x00700113) li      sp, 7
core   0: 3 0x80000e0e (0x00700113) x 2 0x00000007
core   0: 0x80000e12 (0x00000001) c.nop
core   0: 3 0x80000e12 (0x0001)
core   0: 0x80000e14 (0x01cc5533) srl     a0, s8, t3
core   0: 3 0x80000e14 (0x01cc5533) x10 0x002d9756
core   0: 0x80000e18 (0x0139b833) sltu    a6, s3, s3
core   0: 3 0x80000e18 (0x0139b833) x16 0x00000000
core   0: 0x80000e1c (0x00008819) c.andi  s0, 6
core   0: 3 0x80000e1c (0x8819) x 8 0x00000004
core   0: 0x80000e1e (0x0000166d) c.addi  a2, -5
core   0: 3 0x80000e1e (0x166d) x12 0x00000002
core   0: 0x80000e20 (0x00008ec1) c.or    a3, s0
core   0: 3 0x80000e20 (0x8ec1) x13 0x00000004
core   0: 0x80000e22 (0xc7cffcb7) lui     s9, 0xc7cff
core   0: 3 0x80000e22 (0xc7cffcb7) x25 0xc7cff000
core   0: 0x80000e26 (0xfe2679e3) bgeu    a2, sp, pc - 14
core   0: 3 0x80000e26 (0xfe2679e3)
core   0: 0x80000e2a (0x4007df33) sra     t5, a5, zero
core   0: 3 0x80000e2a (0x4007df33) x30 0x00000001
core   0: 0x80000e2e (0x00a00e13) li      t3, 10
core   0: 3 0x80000e2e (0x00a00e13) x28 0x0000000a
core   0: 0x80000e32 (0x00000001) c.nop
core   0: 3 0x80000e32 (0x0001)
core   0: 0x80000e34 (0x00296eb3) or      t4, s2, sp
core   0: 3 0x80000e34 (0x00296eb3) x29 0x00000007
core   0: 0x80000e38 (0x00000298) c.addi4spn a4, sp, 320
core   0: 3 0x80000e38 (0x0298) x14 0x00000147
core   0: 0x80000e3a (0x0265d533) divu    a0, a1, t1
core   0: 3 0x80000e3a (0x0265d533) x10 0x00000003
core   0: 0x80000e3e (0x00800a13) li      s4, 8
core   0: 3 0x80000e3e (0x00800a13) x20 0x00000008
core   0: 0x80000e42 (0x0280e233) rem     tp, ra, s0
core   0: 3 0x80000e42 (0x0280e233) x 4 0x00000000
core   0: 0x80000e46 (0x40ec5893) srai    a7, s8, 14
core   0: 3 0x80000e46 (0x40ec5893) x17 0xfffed975
core   0: 0x80000e4a (0x03b878b3) remu    a7, a6, s11
core   0: 3 0x80000e4a (0x03b878b3) x17 0x00000000
core   0: 0x80000e4e (0x40668033) sub     zero, a3, t1
core   0: 3 0x80000e4e (0x40668033)
core   0: 0x80000e52 (0xbc8dfe93) andi    t4, s11, -1080
core   0: 3 0x80000e52 (0xbc8dfe93) x29 0xcbb65948
core   0: 0x80000e56 (0x0068f5b3) and     a1, a7, t1
core   0: 3 0x80000e56 (0x0068f5b3) x11 0x00000000
core   0: 0x80000e5a (0x00008141) c.srli  a0, 16
core   0: 3 0x80000e5a (0x8141) x10 0x00000000
core   0: 0x80000e5c (0x419b5d13) srai    s10, s6, 25
core   0: 3 0x80000e5c (0x419b5d13) x26 0x00000000
core   0: 0x80000e60 (0x00001e71) c.addi  t3, -4
core   0: 3 0x80000e60 (0x1e71) x28 0x00000006
core   0: 0x80000e62 (0x40b85f33) sra     t5, a6, a1
core   0: 3 0x80000e62 (0x40b85f33) x30 0x00000000
core   0: 0x80000e66 (0x0082d233) srl     tp, t0, s0
core   0: 3 0x80000e66 (0x0082d233) x 4 0x00000000
core   0: 0x80000e6a (0x41b45a93) srai    s5, s0, 27
core   0: 3 0x80000e6a (0x41b45a93) x21 0x00000000
core   0: 0x80000e6e (0x004dd113) srli    sp, s11, 4
core   0: 3 0x80000e6e (0x004dd113) x 2 0x0cbb65d5
core   0: 0x80000e72 (0x0ff0000f) fence   iorw,iorw
core   0: 3 0x80000e72 (0x0ff0000f)
core   0: 0x80000e76 (0x0232e233) rem     tp, t0, gp
core   0: 3 0x80000e76 (0x0232e233) x 4 0x00000002
core   0: 0x80000e7a (0x0000527d) c.li    tp, -1
core   0: 3 0x80000e7a (0x527d) x 4 0xffffffff
core   0: 0x80000e7c (0x00008d01) c.sub   a0, s0
core   0: 3 0x80000e7c (0x8d01) x10 0xfffffffc
core   0: 0x80000e7e (0x00008e25) c.xor   a2, s1
core   0: 3 0x80000e7e (0x8e25) x12 0x00000002
core   0: 0x80000e80 (0x00000001) c.nop
core   0: 3 0x80000e80 (0x0001)
core   0: 0x80000e82 (0x385e0c13) addi    s8, t3, 901
core   0: 3 0x80000e82 (0x385e0c13) x24 0x0000038b
core   0: 0x80000e86 (0xfd4e76e3) bgeu    t3, s4, pc - 52
core   0: 3 0x80000e86 (0xfd4e76e3)
core   0: 0x80000e8a (0x1092b713) sltiu   a4, t0, 265
core   0: 3 0x80000e8a (0x1092b713) x14 0x00000001
core   0: 0x80000e8e (0xff700613) li      a2, -9
core   0: 3 0x80000e8e (0xff700613) x12 0xfffffff7
core   0: 0x80000e92 (0x039597b3) mulh    a5, a1, s9
core   0: 3 0x80000e92 (0x039597b3) x15 0x00000000
core   0: 0x80000e96 (0x404d85b3) sub     a1, s11, tp
core   0: 3 0x80000e96 (0x404d85b3) x11 0xcbb65d59
core   0: 0x80000e9a (0x00700813) li      a6, 7
core   0: 3 0x80000e9a (0x00700813) x16 0x00000007
core   0: 0x80000e9e (0x00000001) c.nop
core   0: 3 0x80000e9e (0x0001)
core   0: 0x80000ea0 (0x00008cd1) c.or    s1, a2
core   0: 3 0x80000ea0 (0x8cd1) x 9 0xfffffff7
core   0: 0x80000ea2 (0x0000489d) c.li    a7, 7
core   0: 3 0x80000ea2 (0x489d) x17 0x00000007
core   0: 0x80000ea4 (0x003156b3) srl     a3, sp, gp
core   0: 3 0x80000ea4 (0x003156b3) x13 0x032ed975
core   0: 0x80000ea8 (0x01a2a0b3) slt     ra, t0, s10
core   0: 3 0x80000ea8 (0x01a2a0b3) x 1 0x00000000
core   0: 0x80000eac (0x01835193) srli    gp, t1, 24
core   0: 3 0x80000eac (0x01835193) x 3 0x00000000
core   0: 0x80000eb0 (0x000016fd) c.addi  a3, -1
core   0: 3 0x80000eb0 (0x16fd) x13 0x032ed974
core   0: 0x80000eb2 (0x02d45733) divu    a4, s0, a3
core   0: 3 0x80000eb2 (0x02d45733) x14 0x00000000
core   0: 0x80000eb6 (0x01daf6b3) and     a3, s5, t4
core   0: 3 0x80000eb6 (0x01daf6b3) x13 0x00000000
core   0: 0x80000eba (0x00008ee5) c.and   a3, s1
core   0: 3 0x80000eba (0x8ee5) x13 0x00000000
core   0: 0x80000ebc (0x87baec13) ori     s8, s5, -1925
core   0: 3 0x80000ebc (0x87baec13) x24 0xfffff87b
core   0: 0x80000ec0 (0x000061c1) c.lui   gp, 0x10
core   0: 3 0x80000ec0 (0x61c1) x 3 0x00010000
core   0: 0x80000ec2 (0x00000609) c.addi  a2, 2
core   0: 3 0x80000ec2 (0x0609) x12 0xfffffff9
core   0: 0x80000ec4 (0x0042cbb3) xor     s7, t0, tp
core   0: 3 0x80000ec4 (0x0042cbb3) x23 0xfffffffd
core   0: 0x80000ec8 (0xfff00c93) li      s9, -1
core   0: 3 0x80000ec8 (0xfff00c93) x25 0xffffffff
core   0: 0x80000ecc (0xcf0d0793) addi    a5, s10, -784
core   0: 3 0x80000ecc (0xcf0d0793) x15 0xfffffcf0
core   0: 0x80000ed0 (0x00008e89) c.sub   a3, a0
core   0: 3 0x80000ed0 (0x8e89) x13 0x00000004
core   0: 0x80000ed2 (0x00006e39) c.lui   t3, 0xe
core   0: 3 0x80000ed2 (0x6e39) x28 0x0000e000
core   0: 0x80000ed4 (0x00f00f93) li      t6, 15
core   0: 3 0x80000ed4 (0x00f00f93) x31 0x0000000f
core   0: 0x80000ed8 (0x02f63233) mulhu   tp, a2, a5
core   0: 3 0x80000ed8 (0x02f63233) x 4 0xfffffce9
core   0: 0x80000edc (0x00000c85) c.addi  s9, 1
core   0: 3 0x80000edc (0x0c85) x25 0x00000000
core   0: 0x80000ede (0x023b7db3) remu    s11, s6, gp
core   0: 3 0x80000ede (0x023b7db3) x27 0x0000000c
core   0: 0x80000ee2 (0xfffc8be3) beq     s9, t6, pc - 10
core   0: 3 0x80000ee2 (0xfffc8be3)
core   0: 0x80000ee6 (0x0186e233) or      tp, a3, s8
core   0: 3 0x80000ee6 (0x0186e233) x 4 0xfffff87f
core   0: 0x80000eea (0xfb061fe3) bne     a2, a6, pc - 66
core   0: 3 0x80000eea (0xfb061fe3)
core   0: 0x80000ea8 (0x01a2a0b3) slt     ra, t0, s10
core   0: 3 0x80000ea8 (0x01a2a0b3) x 1 0x00000000
core   0: 0x80000eac (0x01835193) srli    gp, t1, 24
core   0: 3 0x80000eac (0x01835193) x 3 0x00000000
core   0: 0x80000eb0 (0x000016fd) c.addi  a3, -1
core   0: 3 0x80000eb0 (0x16fd) x13 0x00000003
core   0: 0x80000eb2 (0x02d45733) divu    a4, s0, a3
core   0: 3 0x80000eb2 (0x02d45733) x14 0x00000001
core   0: 0x80000eb6 (0x01daf6b3) and     a3, s5, t4
core   0: 3 0x80000eb6 (0x01daf6b3) x13 0x00000000
core   0: 0x80000eba (0x00008ee5) c.and   a3, s1
core   0: 3 0x80000eba (0x8ee5) x13 0x00000000
core   0: 0x80000ebc (0x87baec13) ori     s8, s5, -1925
core   0: 3 0x80000ebc (0x87baec13) x24 0xfffff87b
core   0: 0x80000ec0 (0x000061c1) c.lui   gp, 0x10
core   0: 3 0x80000ec0 (0x61c1) x 3 0x00010000
core   0: 0x80000ec2 (0x00000609) c.addi  a2, 2
core   0: 3 0x80000ec2 (0x0609) x12 0xfffffffb
core   0: 0x80000ec4 (0x0042cbb3) xor     s7, t0, tp
core   0: 3 0x80000ec4 (0x0042cbb3) x23 0xfffff87d
core   0: 0x80000ec8 (0xfff00c93) li      s9, -1
core   0: 3 0x80000ec8 (0xfff00c93) x25 0xffffffff
core   0: 0x80000ecc (0xcf0d0793) addi    a5, s10, -784
core   0: 3 0x80000ecc (0xcf0d0793) x15 0xfffffcf0
core   0: 0x80000ed0 (0x00008e89) c.sub   a3, a0
core   0: 3 0x80000ed0 (0x8e89) x13 0x00000004
core   0: 0x80000ed2 (0x00006e39) c.lui   t3, 0xe
core   0: 3 0x80000ed2 (0x6e39) x28 0x0000e000
core   0: 0x80000ed4 (0x00f00f93) li      t6, 15
core   0: 3 0x80000ed4 (0x00f00f93) x31 0x0000000f
core   0: 0x80000ed8 (0x02f63233) mulhu   tp, a2, a5
core   0: 3 0x80000ed8 (0x02f63233) x 4 0xfffffceb
core   0: 0x80000edc (0x00000c85) c.addi  s9, 1
core   0: 3 0x80000edc (0x0c85) x25 0x00000000
core   0: 0x80000ede (0x023b7db3) remu    s11, s6, gp
core   0: 3 0x80000ede (0x023b7db3) x27 0x0000000c
core   0: 0x80000ee2 (0xfffc8be3) beq     s9, t6, pc - 10
core   0: 3 0x80000ee2 (0xfffc8be3)
core   0: 0x80000ee6 (0x0186e233) or      tp, a3, s8
core   0: 3 0x80000ee6 (0x0186e233) x 4 0xfffff87f
core   0: 0x80000eea (0xfb061fe3) bne     a2, a6, pc - 66
core   0: 3 0x80000eea (0xfb061fe3)
core   0: 0x80000ea8 (0x01a2a0b3) slt     ra, t0, s10
core   0: 3 0x80000ea8 (0x01a2a0b3) x 1 0x00000000
core   0: 0x80000eac (0x01835193) srli    gp, t1, 24
core   0: 3 0x80000eac (0x01835193) x 3 0x00000000
core   0: 0x80000eb0 (0x000016fd) c.addi  a3, -1
core   0: 3 0x80000eb0 (0x16fd) x13 0x00000003
core   0: 0x80000eb2 (0x02d45733) divu    a4, s0, a3
core   0: 3 0x80000eb2 (0x02d45733) x14 0x00000001
core   0: 0x80000eb6 (0x01daf6b3) and     a3, s5, t4
core   0: 3 0x80000eb6 (0x01daf6b3) x13 0x00000000
core   0: 0x80000eba (0x00008ee5) c.and   a3, s1
core   0: 3 0x80000eba (0x8ee5) x13 0x00000000
core   0: 0x80000ebc (0x87baec13) ori     s8, s5, -1925
core   0: 3 0x80000ebc (0x87baec13) x24 0xfffff87b
core   0: 0x80000ec0 (0x000061c1) c.lui   gp, 0x10
core   0: 3 0x80000ec0 (0x61c1) x 3 0x00010000
core   0: 0x80000ec2 (0x00000609) c.addi  a2, 2
core   0: 3 0x80000ec2 (0x0609) x12 0xfffffffd
core   0: 0x80000ec4 (0x0042cbb3) xor     s7, t0, tp
core   0: 3 0x80000ec4 (0x0042cbb3) x23 0xfffff87d
core   0: 0x80000ec8 (0xfff00c93) li      s9, -1
core   0: 3 0x80000ec8 (0xfff00c93) x25 0xffffffff
core   0: 0x80000ecc (0xcf0d0793) addi    a5, s10, -784
core   0: 3 0x80000ecc (0xcf0d0793) x15 0xfffffcf0
core   0: 0x80000ed0 (0x00008e89) c.sub   a3, a0
core   0: 3 0x80000ed0 (0x8e89) x13 0x00000004
core   0: 0x80000ed2 (0x00006e39) c.lui   t3, 0xe
core   0: 3 0x80000ed2 (0x6e39) x28 0x0000e000
core   0: 0x80000ed4 (0x00f00f93) li      t6, 15
core   0: 3 0x80000ed4 (0x00f00f93) x31 0x0000000f
core   0: 0x80000ed8 (0x02f63233) mulhu   tp, a2, a5
core   0: 3 0x80000ed8 (0x02f63233) x 4 0xfffffced
core   0: 0x80000edc (0x00000c85) c.addi  s9, 1
core   0: 3 0x80000edc (0x0c85) x25 0x00000000
core   0: 0x80000ede (0x023b7db3) remu    s11, s6, gp
core   0: 3 0x80000ede (0x023b7db3) x27 0x0000000c
core   0: 0x80000ee2 (0xfffc8be3) beq     s9, t6, pc - 10
core   0: 3 0x80000ee2 (0xfffc8be3)
core   0: 0x80000ee6 (0x0186e233) or      tp, a3, s8
core   0: 3 0x80000ee6 (0x0186e233) x 4 0xfffff87f
core   0: 0x80000eea (0xfb061fe3) bne     a2, a6, pc - 66
core   0: 3 0x80000eea (0xfb061fe3)
core   0: 0x80000ea8 (0x01a2a0b3) slt     ra, t0, s10
core   0: 3 0x80000ea8 (0x01a2a0b3) x 1 0x00000000
core   0: 0x80000eac (0x01835193) srli    gp, t1, 24
core   0: 3 0x80000eac (0x01835193) x 3 0x00000000
core   0: 0x80000eb0 (0x000016fd) c.addi  a3, -1
core   0: 3 0x80000eb0 (0x16fd) x13 0x00000003
core   0: 0x80000eb2 (0x02d45733) divu    a4, s0, a3
core   0: 3 0x80000eb2 (0x02d45733) x14 0x00000001
core   0: 0x80000eb6 (0x01daf6b3) and     a3, s5, t4
core   0: 3 0x80000eb6 (0x01daf6b3) x13 0x00000000
core   0: 0x80000eba (0x00008ee5) c.and   a3, s1
core   0: 3 0x80000eba (0x8ee5) x13 0x00000000
core   0: 0x80000ebc (0x87baec13) ori     s8, s5, -1925
core   0: 3 0x80000ebc (0x87baec13) x24 0xfffff87b
core   0: 0x80000ec0 (0x000061c1) c.lui   gp, 0x10
core   0: 3 0x80000ec0 (0x61c1) x 3 0x00010000
core   0: 0x80000ec2 (0x00000609) c.addi  a2, 2
core   0: 3 0x80000ec2 (0x0609) x12 0xffffffff
core   0: 0x80000ec4 (0x0042cbb3) xor     s7, t0, tp
core   0: 3 0x80000ec4 (0x0042cbb3) x23 0xfffff87d
core   0: 0x80000ec8 (0xfff00c93) li      s9, -1
core   0: 3 0x80000ec8 (0xfff00c93) x25 0xffffffff
core   0: 0x80000ecc (0xcf0d0793) addi    a5, s10, -784
core   0: 3 0x80000ecc (0xcf0d0793) x15 0xfffffcf0
core   0: 0x80000ed0 (0x00008e89) c.sub   a3, a0
core   0: 3 0x80000ed0 (0x8e89) x13 0x00000004
core   0: 0x80000ed2 (0x00006e39) c.lui   t3, 0xe
core   0: 3 0x80000ed2 (0x6e39) x28 0x0000e000
core   0: 0x80000ed4 (0x00f00f93) li      t6, 15
core   0: 3 0x80000ed4 (0x00f00f93) x31 0x0000000f
core   0: 0x80000ed8 (0x02f63233) mulhu   tp, a2, a5
core   0: 3 0x80000ed8 (0x02f63233) x 4 0xfffffcef
core   0: 0x80000edc (0x00000c85) c.addi  s9, 1
core   0: 3 0x80000edc (0x0c85) x25 0x00000000
core   0: 0x80000ede (0x023b7db3) remu    s11, s6, gp
core   0: 3 0x80000ede (0x023b7db3) x27 0x0000000c
core   0: 0x80000ee2 (0xfffc8be3) beq     s9, t6, pc - 10
core   0: 3 0x80000ee2 (0xfffc8be3)
core   0: 0x80000ee6 (0x0186e233) or      tp, a3, s8
core   0: 3 0x80000ee6 (0x0186e233) x 4 0xfffff87f
core   0: 0x80000eea (0xfb061fe3) bne     a2, a6, pc - 66
core   0: 3 0x80000eea (0xfb061fe3)
core   0: 0x80000ea8 (0x01a2a0b3) slt     ra, t0, s10
core   0: 3 0x80000ea8 (0x01a2a0b3) x 1 0x00000000
core   0: 0x80000eac (0x01835193) srli    gp, t1, 24
core   0: 3 0x80000eac (0x01835193) x 3 0x00000000
core   0: 0x80000eb0 (0x000016fd) c.addi  a3, -1
core   0: 3 0x80000eb0 (0x16fd) x13 0x00000003
core   0: 0x80000eb2 (0x02d45733) divu    a4, s0, a3
core   0: 3 0x80000eb2 (0x02d45733) x14 0x00000001
core   0: 0x80000eb6 (0x01daf6b3) and     a3, s5, t4
core   0: 3 0x80000eb6 (0x01daf6b3) x13 0x00000000
core   0: 0x80000eba (0x00008ee5) c.and   a3, s1
core   0: 3 0x80000eba (0x8ee5) x13 0x00000000
core   0: 0x80000ebc (0x87baec13) ori     s8, s5, -1925
core   0: 3 0x80000ebc (0x87baec13) x24 0xfffff87b
core   0: 0x80000ec0 (0x000061c1) c.lui   gp, 0x10
core   0: 3 0x80000ec0 (0x61c1) x 3 0x00010000
core   0: 0x80000ec2 (0x00000609) c.addi  a2, 2
core   0: 3 0x80000ec2 (0x0609) x12 0x00000001
core   0: 0x80000ec4 (0x0042cbb3) xor     s7, t0, tp
core   0: 3 0x80000ec4 (0x0042cbb3) x23 0xfffff87d
core   0: 0x80000ec8 (0xfff00c93) li      s9, -1
core   0: 3 0x80000ec8 (0xfff00c93) x25 0xffffffff
core   0: 0x80000ecc (0xcf0d0793) addi    a5, s10, -784
core   0: 3 0x80000ecc (0xcf0d0793) x15 0xfffffcf0
core   0: 0x80000ed0 (0x00008e89) c.sub   a3, a0
core   0: 3 0x80000ed0 (0x8e89) x13 0x00000004
core   0: 0x80000ed2 (0x00006e39) c.lui   t3, 0xe
core   0: 3 0x80000ed2 (0x6e39) x28 0x0000e000
core   0: 0x80000ed4 (0x00f00f93) li      t6, 15
core   0: 3 0x80000ed4 (0x00f00f93) x31 0x0000000f
core   0: 0x80000ed8 (0x02f63233) mulhu   tp, a2, a5
core   0: 3 0x80000ed8 (0x02f63233) x 4 0x00000000
core   0: 0x80000edc (0x00000c85) c.addi  s9, 1
core   0: 3 0x80000edc (0x0c85) x25 0x00000000
core   0: 0x80000ede (0x023b7db3) remu    s11, s6, gp
core   0: 3 0x80000ede (0x023b7db3) x27 0x0000000c
core   0: 0x80000ee2 (0xfffc8be3) beq     s9, t6, pc - 10
core   0: 3 0x80000ee2 (0xfffc8be3)
core   0: 0x80000ee6 (0x0186e233) or      tp, a3, s8
core   0: 3 0x80000ee6 (0x0186e233) x 4 0xfffff87f
core   0: 0x80000eea (0xfb061fe3) bne     a2, a6, pc - 66
core   0: 3 0x80000eea (0xfb061fe3)
core   0: 0x80000ea8 (0x01a2a0b3) slt     ra, t0, s10
core   0: 3 0x80000ea8 (0x01a2a0b3) x 1 0x00000000
core   0: 0x80000eac (0x01835193) srli    gp, t1, 24
core   0: 3 0x80000eac (0x01835193) x 3 0x00000000
core   0: 0x80000eb0 (0x000016fd) c.addi  a3, -1
core   0: 3 0x80000eb0 (0x16fd) x13 0x00000003
core   0: 0x80000eb2 (0x02d45733) divu    a4, s0, a3
core   0: 3 0x80000eb2 (0x02d45733) x14 0x00000001
core   0: 0x80000eb6 (0x01daf6b3) and     a3, s5, t4
core   0: 3 0x80000eb6 (0x01daf6b3) x13 0x00000000
core   0: 0x80000eba (0x00008ee5) c.and   a3, s1
core   0: 3 0x80000eba (0x8ee5) x13 0x00000000
core   0: 0x80000ebc (0x87baec13) ori     s8, s5, -1925
core   0: 3 0x80000ebc (0x87baec13) x24 0xfffff87b
core   0: 0x80000ec0 (0x000061c1) c.lui   gp, 0x10
core   0: 3 0x80000ec0 (0x61c1) x 3 0x00010000
core   0: 0x80000ec2 (0x00000609) c.addi  a2, 2
core   0: 3 0x80000ec2 (0x0609) x12 0x00000003
core   0: 0x80000ec4 (0x0042cbb3) xor     s7, t0, tp
core   0: 3 0x80000ec4 (0x0042cbb3) x23 0xfffff87d
core   0: 0x80000ec8 (0xfff00c93) li      s9, -1
core   0: 3 0x80000ec8 (0xfff00c93) x25 0xffffffff
core   0: 0x80000ecc (0xcf0d0793) addi    a5, s10, -784
core   0: 3 0x80000ecc (0xcf0d0793) x15 0xfffffcf0
core   0: 0x80000ed0 (0x00008e89) c.sub   a3, a0
core   0: 3 0x80000ed0 (0x8e89) x13 0x00000004
core   0: 0x80000ed2 (0x00006e39) c.lui   t3, 0xe
core   0: 3 0x80000ed2 (0x6e39) x28 0x0000e000
core   0: 0x80000ed4 (0x00f00f93) li      t6, 15
core   0: 3 0x80000ed4 (0x00f00f93) x31 0x0000000f
core   0: 0x80000ed8 (0x02f63233) mulhu   tp, a2, a5
core   0: 3 0x80000ed8 (0x02f63233) x 4 0x00000002
core   0: 0x80000edc (0x00000c85) c.addi  s9, 1
core   0: 3 0x80000edc (0x0c85) x25 0x00000000
core   0: 0x80000ede (0x023b7db3) remu    s11, s6, gp
core   0: 3 0x80000ede (0x023b7db3) x27 0x0000000c
core   0: 0x80000ee2 (0xfffc8be3) beq     s9, t6, pc - 10
core   0: 3 0x80000ee2 (0xfffc8be3)
core   0: 0x80000ee6 (0x0186e233) or      tp, a3, s8
core   0: 3 0x80000ee6 (0x0186e233) x 4 0xfffff87f
core   0: 0x80000eea (0xfb061fe3) bne     a2, a6, pc - 66
core   0: 3 0x80000eea (0xfb061fe3)
core   0: 0x80000ea8 (0x01a2a0b3) slt     ra, t0, s10
core   0: 3 0x80000ea8 (0x01a2a0b3) x 1 0x00000000
core   0: 0x80000eac (0x01835193) srli    gp, t1, 24
core   0: 3 0x80000eac (0x01835193) x 3 0x00000000
core   0: 0x80000eb0 (0x000016fd) c.addi  a3, -1
core   0: 3 0x80000eb0 (0x16fd) x13 0x00000003
core   0: 0x80000eb2 (0x02d45733) divu    a4, s0, a3
core   0: 3 0x80000eb2 (0x02d45733) x14 0x00000001
core   0: 0x80000eb6 (0x01daf6b3) and     a3, s5, t4
core   0: 3 0x80000eb6 (0x01daf6b3) x13 0x00000000
core   0: 0x80000eba (0x00008ee5) c.and   a3, s1
core   0: 3 0x80000eba (0x8ee5) x13 0x00000000
core   0: 0x80000ebc (0x87baec13) ori     s8, s5, -1925
core   0: 3 0x80000ebc (0x87baec13) x24 0xfffff87b
core   0: 0x80000ec0 (0x000061c1) c.lui   gp, 0x10
core   0: 3 0x80000ec0 (0x61c1) x 3 0x00010000
core   0: 0x80000ec2 (0x00000609) c.addi  a2, 2
core   0: 3 0x80000ec2 (0x0609) x12 0x00000005
core   0: 0x80000ec4 (0x0042cbb3) xor     s7, t0, tp
core   0: 3 0x80000ec4 (0x0042cbb3) x23 0xfffff87d
core   0: 0x80000ec8 (0xfff00c93) li      s9, -1
core   0: 3 0x80000ec8 (0xfff00c93) x25 0xffffffff
core   0: 0x80000ecc (0xcf0d0793) addi    a5, s10, -784
core   0: 3 0x80000ecc (0xcf0d0793) x15 0xfffffcf0
core   0: 0x80000ed0 (0x00008e89) c.sub   a3, a0
core   0: 3 0x80000ed0 (0x8e89) x13 0x00000004
core   0: 0x80000ed2 (0x00006e39) c.lui   t3, 0xe
core   0: 3 0x80000ed2 (0x6e39) x28 0x0000e000
core   0: 0x80000ed4 (0x00f00f93) li      t6, 15
core   0: 3 0x80000ed4 (0x00f00f93) x31 0x0000000f
core   0: 0x80000ed8 (0x02f63233) mulhu   tp, a2, a5
core   0: 3 0x80000ed8 (0x02f63233) x 4 0x00000004
core   0: 0x80000edc (0x00000c85) c.addi  s9, 1
core   0: 3 0x80000edc (0x0c85) x25 0x00000000
core   0: 0x80000ede (0x023b7db3) remu    s11, s6, gp
core   0: 3 0x80000ede (0x023b7db3) x27 0x0000000c
core   0: 0x80000ee2 (0xfffc8be3) beq     s9, t6, pc - 10
core   0: 3 0x80000ee2 (0xfffc8be3)
core   0: 0x80000ee6 (0x0186e233) or      tp, a3, s8
core   0: 3 0x80000ee6 (0x0186e233) x 4 0xfffff87f
core   0: 0x80000eea (0xfb061fe3) bne     a2, a6, pc - 66
core   0: 3 0x80000eea (0xfb061fe3)
core   0: 0x80000ea8 (0x01a2a0b3) slt     ra, t0, s10
core   0: 3 0x80000ea8 (0x01a2a0b3) x 1 0x00000000
core   0: 0x80000eac (0x01835193) srli    gp, t1, 24
core   0: 3 0x80000eac (0x01835193) x 3 0x00000000
core   0: 0x80000eb0 (0x000016fd) c.addi  a3, -1
core   0: 3 0x80000eb0 (0x16fd) x13 0x00000003
core   0: 0x80000eb2 (0x02d45733) divu    a4, s0, a3
core   0: 3 0x80000eb2 (0x02d45733) x14 0x00000001
core   0: 0x80000eb6 (0x01daf6b3) and     a3, s5, t4
core   0: 3 0x80000eb6 (0x01daf6b3) x13 0x00000000
core   0: 0x80000eba (0x00008ee5) c.and   a3, s1
core   0: 3 0x80000eba (0x8ee5) x13 0x00000000
core   0: 0x80000ebc (0x87baec13) ori     s8, s5, -1925
core   0: 3 0x80000ebc (0x87baec13) x24 0xfffff87b
core   0: 0x80000ec0 (0x000061c1) c.lui   gp, 0x10
core   0: 3 0x80000ec0 (0x61c1) x 3 0x00010000
core   0: 0x80000ec2 (0x00000609) c.addi  a2, 2
core   0: 3 0x80000ec2 (0x0609) x12 0x00000007
core   0: 0x80000ec4 (0x0042cbb3) xor     s7, t0, tp
core   0: 3 0x80000ec4 (0x0042cbb3) x23 0xfffff87d
core   0: 0x80000ec8 (0xfff00c93) li      s9, -1
core   0: 3 0x80000ec8 (0xfff00c93) x25 0xffffffff
core   0: 0x80000ecc (0xcf0d0793) addi    a5, s10, -784
core   0: 3 0x80000ecc (0xcf0d0793) x15 0xfffffcf0
core   0: 0x80000ed0 (0x00008e89) c.sub   a3, a0
core   0: 3 0x80000ed0 (0x8e89) x13 0x00000004
core   0: 0x80000ed2 (0x00006e39) c.lui   t3, 0xe
core   0: 3 0x80000ed2 (0x6e39) x28 0x0000e000
core   0: 0x80000ed4 (0x00f00f93) li      t6, 15
core   0: 3 0x80000ed4 (0x00f00f93) x31 0x0000000f
core   0: 0x80000ed8 (0x02f63233) mulhu   tp, a2, a5
core   0: 3 0x80000ed8 (0x02f63233) x 4 0x00000006
core   0: 0x80000edc (0x00000c85) c.addi  s9, 1
core   0: 3 0x80000edc (0x0c85) x25 0x00000000
core   0: 0x80000ede (0x023b7db3) remu    s11, s6, gp
core   0: 3 0x80000ede (0x023b7db3) x27 0x0000000c
core   0: 0x80000ee2 (0xfffc8be3) beq     s9, t6, pc - 10
core   0: 3 0x80000ee2 (0xfffc8be3)
core   0: 0x80000ee6 (0x0186e233) or      tp, a3, s8
core   0: 3 0x80000ee6 (0x0186e233) x 4 0xfffff87f
core   0: 0x80000eea (0xfb061fe3) bne     a2, a6, pc - 66
core   0: 3 0x80000eea (0xfb061fe3)
core   0: 0x80000eee (0x41a18033) sub     zero, gp, s10
core   0: 3 0x80000eee (0x41a18033)
core   0: 0x80000ef2 (0x00100a13) li      s4, 1
core   0: 3 0x80000ef2 (0x00100a13) x20 0x00000001
core   0: 0x80000ef6 (0x0000100f) fence.i
core   0: 3 0x80000ef6 (0x0000100f)
core   0: 0x80000efa (0x0000717d) c.addi16sp sp, -16
core   0: 3 0x80000efa (0x717d) x 2 0x0cbb65c5
core   0: 0x80000efc (0x014440b7) lui     ra, 0x1444
core   0: 3 0x80000efc (0x014440b7) x 1 0x01444000
core   0: 0x80000f00 (0x66480f93) addi    t6, a6, 1636
core   0: 3 0x80000f00 (0x66480f93) x31 0x0000066b
core   0: 0x80000f04 (0xffe00a93) li      s5, -2
core   0: 3 0x80000f04 (0xffe00a93) x21 0xfffffffe
core   0: 0x80000f08 (0x4015d533) sra     a0, a1, ra
core   0: 3 0x80000f08 (0x4015d533) x10 0xcbb65d59
core   0: 0x80000f0c (0x000000e9) c.addi  ra, 26
core   0: 3 0x80000f0c (0x00e9) x 1 0x0144401a
core   0: 0x80000f0e (0x019c1693) slli    a3, s8, 25
core   0: 3 0x80000f0e (0x019c1693) x13 0xf6000000
core   0: 0x80000f12 (0x41940db3) sub     s11, s0, s9
core   0: 3 0x80000f12 (0x41940db3) x27 0x00000004
core   0: 0x80000f16 (0x417fdeb3) sra     t4, t6, s7
core   0: 3 0x80000f16 (0x417fdeb3) x29 0x00000000
core   0: 0x80000f1a (0x00001a75) c.addi  s4, -3
core   0: 3 0x80000f1a (0x1a75) x20 0xfffffffe
core   0: 0x80000f1c (0x01be5e33) srl     t3, t3, s11
core   0: 3 0x80000f1c (0x01be5e33) x28 0x00000e00
core   0: 0x80000f20 (0x00008d39) c.xor   a0, a4
core   0: 3 0x80000f20 (0x8d39) x10 0xcbb65d58
core   0: 0x80000f22 (0x4104db13) srai    s6, s1, 16
core   0: 3 0x80000f22 (0x4104db13) x22 0xffffffff
core   0: 0x80000f26 (0x000085a1) c.srai  a1, 8
core   0: 3 0x80000f26 (0x85a1) x11 0xffcbb65d
core   0: 0x80000f28 (0x00a00613) li      a2, 10
core   0: 3 0x80000f28 (0x00a00613) x12 0x0000000a
core   0: 0x80000f2c (0x00009bbe) c.add   s7, a5
core   0: 3 0x80000f2c (0x9bbe) x23 0xfffff56d
core   0: 0x80000f2e (0x00a00493) li      s1, 10
core   0: 3 0x80000f2e (0x00a00493) x 9 0x0000000a
core   0: 0x80000f32 (0x01d03533) snez    a0, t4
core   0: 3 0x80000f32 (0x01d03533) x10 0x00000000
core   0: 0x80000f36 (0xf09c8bb7) lui     s7, 0xf09c8
core   0: 3 0x80000f36 (0xf09c8bb7) x23 0xf09c8000
core   0: 0x80000f3a (0x00000001) c.nop
core   0: 3 0x80000f3a (0x0001)
core   0: 0x80000f3c (0x9f13b513) sltiu   a0, t2, -1551
core   0: 3 0x80000f3c (0x9f13b513) x10 0x00000001
core   0: 0x80000f40 (0x0000165d) c.addi  a2, -9
core   0: 3 0x80000f40 (0x165d) x12 0x00000001
core   0: 0x80000f42 (0x00614db3) xor     s11, sp, t1
core   0: 3 0x80000f42 (0x00614db3) x27 0x0cbb65d1
core   0: 0x80000f46 (0x00000001) c.nop
core   0: 3 0x80000f46 (0x0001)
core   0: 0x80000f48 (0x03b428b3) mulhsu  a7, s0, s11
core   0: 3 0x80000f48 (0x03b428b3) x17 0x00000000
core   0: 0x80000f4c (0x401a5f13) srai    t5, s4, 1
core   0: 3 0x80000f4c (0x401a5f13) x30 0xffffffff
core   0: 0x80000f50 (0x414f5e13) srai    t3, t5, 20
core   0: 3 0x80000f50 (0x414f5e13) x28 0xffffffff
core   0: 0x80000f54 (0xfc967fe3) bgeu    a2, s1, pc - 34
core   0: 3 0x80000f54 (0xfc967fe3)
core   0: 0x80000f58 (0x01ce4e33) xor     t3, t3, t3
core   0: 3 0x80000f58 (0x01ce4e33) x28 0x00000000
core   0: 0x80000f5c (0x02797e33) remu    t3, s2, t2
core   0: 3 0x80000f5c (0x02797e33) x28 0x00000007
core   0: 0x80000f60 (0x02d0c933) div     s2, ra, a3
core   0: 3 0x80000f60 (0x02d0c933) x18 0x00000000
core   0: 0x80000f64 (0xfb5a07e3) beq     s4, s5, pc - 82
core   0: 3 0x80000f64 (0xfb5a07e3)
core   0: 0x80000f12 (0x41940db3) sub     s11, s0, s9
core   0: 3 0x80000f12 (0x41940db3) x27 0x00000004
core   0: 0x80000f16 (0x417fdeb3) sra     t4, t6, s7
core   0: 3 0x80000f16 (0x417fdeb3) x29 0x0000066b
core   0: 0x80000f1a (0x00001a75) c.addi  s4, -3
core   0: 3 0x80000f1a (0x1a75) x20 0xfffffffb
core   0: 0x80000f1c (0x01be5e33) srl     t3, t3, s11
core   0: 3 0x80000f1c (0x01be5e33) x28 0x00000000
core   0: 0x80000f20 (0x00008d39) c.xor   a0, a4
core   0: 3 0x80000f20 (0x8d39) x10 0x00000000
core   0: 0x80000f22 (0x4104db13) srai    s6, s1, 16
core   0: 3 0x80000f22 (0x4104db13) x22 0x00000000
core   0: 0x80000f26 (0x000085a1) c.srai  a1, 8
core   0: 3 0x80000f26 (0x85a1) x11 0xffffcbb6
core   0: 0x80000f28 (0x00a00613) li      a2, 10
core   0: 3 0x80000f28 (0x00a00613) x12 0x0000000a
core   0: 0x80000f2c (0x00009bbe) c.add   s7, a5
core   0: 3 0x80000f2c (0x9bbe) x23 0xf09c7cf0
core   0: 0x80000f2e (0x00a00493) li      s1, 10
core   0: 3 0x80000f2e (0x00a00493) x 9 0x0000000a
core   0: 0x80000f32 (0x01d03533) snez    a0, t4
core   0: 3 0x80000f32 (0x01d03533) x10 0x00000001
core   0: 0x80000f36 (0xf09c8bb7) lui     s7, 0xf09c8
core   0: 3 0x80000f36 (0xf09c8bb7) x23 0xf09c8000
core   0: 0x80000f3a (0x00000001) c.nop
core   0: 3 0x80000f3a (0x0001)
core   0: 0x80000f3c (0x9f13b513) sltiu   a0, t2, -1551
core   0: 3 0x80000f3c (0x9f13b513) x10 0x00000001
core   0: 0x80000f40 (0x0000165d) c.addi  a2, -9
core   0: 3 0x80000f40 (0x165d) x12 0x00000001
core   0: 0x80000f42 (0x00614db3) xor     s11, sp, t1
core   0: 3 0x80000f42 (0x00614db3) x27 0x0cbb65d1
core   0: 0x80000f46 (0x00000001) c.nop
core   0: 3 0x80000f46 (0x0001)
core   0: 0x80000f48 (0x03b428b3) mulhsu  a7, s0, s11
core   0: 3 0x80000f48 (0x03b428b3) x17 0x00000000
core   0: 0x80000f4c (0x401a5f13) srai    t5, s4, 1
core   0: 3 0x80000f4c (0x401a5f13) x30 0xfffffffd
core   0: 0x80000f50 (0x414f5e13) srai    t3, t5, 20
core   0: 3 0x80000f50 (0x414f5e13) x28 0xffffffff
core   0: 0x80000f54 (0xfc967fe3) bgeu    a2, s1, pc - 34
core   0: 3 0x80000f54 (0xfc967fe3)
core   0: 0x80000f58 (0x01ce4e33) xor     t3, t3, t3
core   0: 3 0x80000f58 (0x01ce4e33) x28 0x00000000
core   0: 0x80000f5c (0x02797e33) remu    t3, s2, t2
core   0: 3 0x80000f5c (0x02797e33) x28 0x00000000
core   0: 0x80000f60 (0x02d0c933) div     s2, ra, a3
core   0: 3 0x80000f60 (0x02d0c933) x18 0x00000000
core   0: 0x80000f64 (0xfb5a07e3) beq     s4, s5, pc - 82
core   0: 3 0x80000f64 (0xfb5a07e3)
core   0: 0x80000f68 (0x0000527d) c.li    tp, -1
core   0: 3 0x80000f68 (0x527d) x 4 0xffffffff
core   0: 0x80000f6a (0x00500413) li      s0, 5
core   0: 3 0x80000f6a (0x00500413) x 8 0x00000005
core   0: 0x80000f6e (0x00000001) c.nop
core   0: 3 0x80000f6e (0x0001)
core   0: 0x80000f70 (0x036e9eb3) mulh    t4, t4, s6
core   0: 3 0x80000f70 (0x036e9eb3) x29 0x00000000
core   0: 0x80000f74 (0x0000146d) c.addi  s0, -5
core   0: 3 0x80000f74 (0x146d) x 8 0x00000000
core   0: 0x80000f76 (0x00000001) c.nop
core   0: 3 0x80000f76 (0x0001)
core   0: 0x80000f78 (0x00800c93) li      s9, 8
core   0: 3 0x80000f78 (0x00800c93) x25 0x00000008
core   0: 0x80000f7c (0x00800f93) li      t6, 8
core   0: 3 0x80000f7c (0x00800f93) x31 0x00000008
core   0: 0x80000f80 (0x022c8bb3) mul     s7, s9, sp
core   0: 3 0x80000f80 (0x022c8bb3) x23 0x65db2e28
core   0: 0x80000f84 (0x01cbef33) or      t5, s7, t3
core   0: 3 0x80000f84 (0x01cbef33) x30 0x65db2e28
core   0: 0x80000f88 (0x00001cf5) c.addi  s9, -3
core   0: 3 0x80000f88 (0x1cf5) x25 0x00000005
core   0: 0x80000f8a (0x0000100f) fence.i
core   0: 3 0x80000f8a (0x0000100f)
core   0: 0x80000f8e (0xfffcfbe3) bgeu    s9, t6, pc - 10
core   0: 3 0x80000f8e (0xfffcfbe3)
core   0: 0x80000f92 (0x0000fc79) c.bnez  s0, pc - 34
core   0: 3 0x80000f92 (0xfc79)
core   0: 0x80000f94 (0x00006ef5) c.lui   t4, 0x1d
core   0: 3 0x80000f94 (0x6ef5) x29 0x0001d000
core   0: 0x80000f96 (0x00500a13) li      s4, 5
core   0: 3 0x80000f96 (0x00500a13) x20 0x00000005
core   0: 0x80000f9a (0x00008e45) c.or    a2, s1
core   0: 3 0x80000f9a (0x8e45) x12 0x0000000b
core   0: 0x80000f9c (0x00009446) c.add   s0, a7
core   0: 3 0x80000f9c (0x9446) x 8 0x00000000
core   0: 0x80000f9e (0x44b83e13) sltiu   t3, a6, 1099
core   0: 3 0x80000f9e (0x44b83e13) x28 0x00000001
core   0: 0x80000fa2 (0x0147d713) srli    a4, a5, 20
core   0: 3 0x80000fa2 (0x0147d713) x14 0x00000fff
core   0: 0x80000fa6 (0x00006dc1) c.lui   s11, 0x10
core   0: 3 0x80000fa6 (0x6dc1) x27 0x00010000
core   0: 0x80000fa8 (0x008d5713) srli    a4, s10, 8
core   0: 3 0x80000fa8 (0x008d5713) x14 0x00000000
core   0: 0x80000fac (0x013f8db3) add     s11, t6, s3
core   0: 3 0x80000fac (0x013f8db3) x27 0x80022e6c
core   0: 0x80000fb0 (0x00008251) c.srli  a2, 20
core   0: 3 0x80000fb0 (0x8251) x12 0x00000000
core   0: 0x80000fb2 (0x00200793) li      a5, 2
core   0: 3 0x80000fb2 (0x00200793) x15 0x00000002
core   0: 0x80000fb6 (0x0217cb33) div     s6, a5, ra
core   0: 3 0x80000fb6 (0x0217cb33) x22 0x00000000
core   0: 0x80000fba (0xd2529c37) lui     s8, 0xd2529
core   0: 3 0x80000fba (0xd2529c37) x24 0xd2529000
core   0: 0x80000fbe (0x001901b3) add     gp, s2, ra
core   0: 3 0x80000fbe (0x001901b3) x 3 0x0144401a
core   0: 0x80000fc2 (0x00000001) c.nop
core   0: 3 0x80000fc2 (0x0001)
core   0: 0x80000fc4 (0x01238db3) add     s11, t2, s2
core   0: 3 0x80000fc4 (0x01238db3) x27 0x80026ce4
core   0: 0x80000fc8 (0xcee14a93) xori    s5, sp, -786
core   0: 3 0x80000fc8 (0xcee14a93) x21 0xf344992b
core   0: 0x80000fcc (0x00001a65) c.addi  s4, -7
core   0: 3 0x80000fcc (0x1a65) x20 0xfffffffe
core   0: 0x80000fce (0x00000994) c.addi4spn a3, sp, 208
core   0: 3 0x80000fce (0x0994) x13 0x0cbb6695
core   0: 0x80000fd0 (0x01d49733) sll     a4, s1, t4
core   0: 3 0x80000fd0 (0x01d49733) x14 0x0000000a
core   0: 0x80000fd4 (0xfefa58e3) bge     s4, a5, pc - 16
core   0: 3 0x80000fd4 (0xfefa58e3)
core   0: 0x80000fd8 (0x0000100f) fence.i
core   0: 3 0x80000fd8 (0x0000100f)
core   0: 0x80000fdc (0xff900513) li      a0, -7
core   0: 3 0x80000fdc (0xff900513) x10 0xfffffff9
core   0: 0x80000fe0 (0x000084ce) c.mv    s1, s3
core   0: 3 0x80000fe0 (0x84ce) x 9 0x80022e64
core   0: 0x80000fe2 (0x00008e7e) c.mv    t3, t6
core   0: 3 0x80000fe2 (0x8e7e) x28 0x00000008
core   0: 0x80000fe4 (0x00000001) c.nop
core   0: 3 0x80000fe4 (0x0001)
core   0: 0x80000fe6 (0x0309a6b3) mulhsu  a3, s3, a6
core   0: 3 0x80000fe6 (0x0309a6b3) x13 0xfffffffc
core   0: 0x80000fea (0x00008c3d) c.xor   s0, a5
core   0: 3 0x80000fea (0x8c3d) x 8 0x00000002
core   0: 0x80000fec (0x03dfdab3) divu    s5, t6, t4
core   0: 3 0x80000fec (0x03dfdab3) x21 0x00000000
core   0: 0x80000ff0 (0x02412233) mulhsu  tp, sp, tp
core   0: 3 0x80000ff0 (0x02412233) x 4 0x0cbb65c4
core   0: 0x80000ff4 (0x00d99833) sll     a6, s3, a3
core   0: 3 0x80000ff4 (0x00d99833) x16 0x40000000
core   0: 0x80000ff8 (0x00009ffa) c.add   t6, t5
core   0: 3 0x80000ff8 (0x9ffa) x31 0x65db2e30
core   0: 0x80000ffa (0x00008c9e) c.mv    s9, t2
core   0: 3 0x80000ffa (0x8c9e) x25 0x80026ce4
core   0: 0x80000ffc (0x00000505) c.addi  a0, 1
core   0: 3 0x80000ffc (0x0505) x10 0xfffffffa
core   0: 0x80000ffe (0x01c3f833) and     a6, t2, t3
core   0: 3 0x80000ffe (0x01c3f833) x16 0x00000000
core   0: 0x80001002 (0x03ba14b3) mulh    s1, s4, s11
core   0: 3 0x80001002 (0x03ba14b3) x 9 0x00000000
core   0: 0x80001006 (0x0000d165) c.beqz  a0, pc - 32
core   0: 3 0x80001006 (0xd165)
core   0: 0x80001008 (0x00008dfd) c.and   a1, a5
core   0: 3 0x80001008 (0x8dfd) x11 0x00000002
core   0: 0x8000100a (0x00900813) li      a6, 9
core   0: 3 0x8000100a (0x00900813) x16 0x00000009
core   0: 0x8000100e (0x0ff0000f) fence   iorw,iorw
core   0: 3 0x8000100e (0x0ff0000f)
core   0: 0x80001012 (0xff900f13) li      t5, -7
core   0: 3 0x80001012 (0xff900f13) x30 0xfffffff9
core   0: 0x80001016 (0x01afb0b3) sltu    ra, t6, s10
core   0: 3 0x80001016 (0x01afb0b3) x 1 0x00000000
core   0: 0x8000101a (0x034bf333) remu    t1, s7, s4
core   0: 3 0x8000101a (0x034bf333) x 6 0x65db2e28
core   0: 0x8000101e (0x00fc1613) slli    a2, s8, 15
core   0: 3 0x8000101e (0x00fc1613) x12 0x48000000
core   0: 0x80001022 (0x00001859) c.addi  a6, -10
core   0: 3 0x80001022 (0x1859) x16 0xffffffff
core   0: 0x80001024 (0x02133bb3) mulhu   s7, t1, ra
core   0: 3 0x80001024 (0x02133bb3) x23 0x00000000
core   0: 0x80001028 (0xfff00513) li      a0, -1
core   0: 3 0x80001028 (0xfff00513) x10 0xffffffff
core   0: 0x8000102c (0x01d910b3) sll     ra, s2, t4
core   0: 3 0x8000102c (0x01d910b3) x 1 0x00000000
core   0: 0x80001030 (0x00800413) li      s0, 8
core   0: 3 0x80001030 (0x00800413) x 8 0x00000008
core   0: 0x80001034 (0x00000001) c.nop
core   0: 3 0x80001034 (0x0001)
core   0: 0x80001036 (0xf5cd4913) xori    s2, s10, -164
core   0: 3 0x80001036 (0xf5cd4913) x18 0xffffff5c
core   0: 0x8000103a (0x0301ca33) div     s4, gp, a6
core   0: 3 0x8000103a (0x0301ca33) x20 0xfebbbfe6
core   0: 0x8000103e (0x00008f4d) c.or    a4, a1
core   0: 3 0x8000103e (0x8f4d) x14 0x0000000a
core   0: 0x80001040 (0x00000521) c.addi  a0, 8
core   0: 3 0x80001040 (0x0521) x10 0x00000007
core   0: 0x80001042 (0xfe8569e3) bltu    a0, s0, pc - 14
core   0: 3 0x80001042 (0xfe8569e3)
core   0: 0x80001034 (0x00000001) c.nop
core   0: 3 0x80001034 (0x0001)
core   0: 0x80001036 (0xf5cd4913) xori    s2, s10, -164
core   0: 3 0x80001036 (0xf5cd4913) x18 0xffffff5c
core   0: 0x8000103a (0x0301ca33) div     s4, gp, a6
core   0: 3 0x8000103a (0x0301ca33) x20 0xfebbbfe6
core   0: 0x8000103e (0x00008f4d) c.or    a4, a1
core   0: 3 0x8000103e (0x8f4d) x14 0x0000000a
core   0: 0x80001040 (0x00000521) c.addi  a0, 8
core   0: 3 0x80001040 (0x0521) x10 0x0000000f
core   0: 0x80001042 (0xfe8569e3) bltu    a0, s0, pc - 14
core   0: 3 0x80001042 (0xfe8569e3)
core   0: 0x80001046 (0x000081da) c.mv    gp, s6
core   0: 3 0x80001046 (0x81da) x 3 0x00000000
core   0: 0x80001048 (0x02f5d1b3) divu    gp, a1, a5
core   0: 3 0x80001048 (0x02f5d1b3) x 3 0x00000001
core   0: 0x8000104c (0x00008371) c.srli  a4, 28
core   0: 3 0x8000104c (0x8371) x14 0x00000000
core   0: 0x8000104e (0x0277ee33) rem     t3, a5, t2
core   0: 3 0x8000104e (0x0277ee33) x28 0x00000002
core   0: 0x80001052 (0xfde854e3) bge     a6, t5, pc - 56
core   0: 3 0x80001052 (0xfde854e3)
core   0: 0x8000101a (0x034bf333) remu    t1, s7, s4
core   0: 3 0x8000101a (0x034bf333) x 6 0x00000000
core   0: 0x8000101e (0x00fc1613) slli    a2, s8, 15
core   0: 3 0x8000101e (0x00fc1613) x12 0x48000000
core   0: 0x80001022 (0x00001859) c.addi  a6, -10
core   0: 3 0x80001022 (0x1859) x16 0xfffffff5
core   0: 0x80001024 (0x02133bb3) mulhu   s7, t1, ra
core   0: 3 0x80001024 (0x02133bb3) x23 0x00000000
core   0: 0x80001028 (0xfff00513) li      a0, -1
core   0: 3 0x80001028 (0xfff00513) x10 0xffffffff
core   0: 0x8000102c (0x01d910b3) sll     ra, s2, t4
core   0: 3 0x8000102c (0x01d910b3) x 1 0xffffff5c
core   0: 0x80001030 (0x00800413) li      s0, 8
core   0: 3 0x80001030 (0x00800413) x 8 0x00000008
core   0: 0x80001034 (0x00000001) c.nop
core   0: 3 0x80001034 (0x0001)
core   0: 0x80001036 (0xf5cd4913) xori    s2, s10, -164
core   0: 3 0x80001036 (0xf5cd4913) x18 0xffffff5c
core   0: 0x8000103a (0x0301ca33) div     s4, gp, a6
core   0: 3 0x8000103a (0x0301ca33) x20 0x00000000
core   0: 0x8000103e (0x00008f4d) c.or    a4, a1
core   0: 3 0x8000103e (0x8f4d) x14 0x00000002
core   0: 0x80001040 (0x00000521) c.addi  a0, 8
core   0: 3 0x80001040 (0x0521) x10 0x00000007
core   0: 0x80001042 (0xfe8569e3) bltu    a0, s0, pc - 14
core   0: 3 0x80001042 (0xfe8569e3)
core   0: 0x80001034 (0x00000001) c.nop
core   0: 3 0x80001034 (0x0001)
core   0: 0x80001036 (0xf5cd4913) xori    s2, s10, -164
core   0: 3 0x80001036 (0xf5cd4913) x18 0xffffff5c
core   0: 0x8000103a (0x0301ca33) div     s4, gp, a6
core   0: 3 0x8000103a (0x0301ca33) x20 0x00000000
core   0: 0x8000103e (0x00008f4d) c.or    a4, a1
core   0: 3 0x8000103e (0x8f4d) x14 0x00000002
core   0: 0x80001040 (0x00000521) c.addi  a0, 8
core   0: 3 0x80001040 (0x0521) x10 0x0000000f
core   0: 0x80001042 (0xfe8569e3) bltu    a0, s0, pc - 14
core   0: 3 0x80001042 (0xfe8569e3)
core   0: 0x80001046 (0x000081da) c.mv    gp, s6
core   0: 3 0x80001046 (0x81da) x 3 0x00000000
core   0: 0x80001048 (0x02f5d1b3) divu    gp, a1, a5
core   0: 3 0x80001048 (0x02f5d1b3) x 3 0x00000001
core   0: 0x8000104c (0x00008371) c.srli  a4, 28
core   0: 3 0x8000104c (0x8371) x14 0x00000000
core   0: 0x8000104e (0x0277ee33) rem     t3, a5, t2
core   0: 3 0x8000104e (0x0277ee33) x28 0x00000002
core   0: 0x80001052 (0xfde854e3) bge     a6, t5, pc - 56
core   0: 3 0x80001052 (0xfde854e3)
core   0: 0x80001056 (0x034d9633) mulh    a2, s11, s4
core   0: 3 0x80001056 (0x034d9633) x12 0x00000000
core   0: 0x8000105a (0xff800413) li      s0, -8
core   0: 3 0x8000105a (0xff800413) x 8 0xfffffff8
core   0: 0x8000105e (0x03205833) divu    a6, zero, s2
core   0: 3 0x8000105e (0x03205833) x16 0x00000000
core   0: 0x80001062 (0x00000001) c.nop
core   0: 3 0x80001062 (0x0001)
core   0: 0x80001064 (0x00008a55) c.andi  a2, 21
core   0: 3 0x80001064 (0x8a55) x12 0x00000000
core   0: 0x80001066 (0x001a5793) srli    a5, s4, 1
core   0: 3 0x80001066 (0x001a5793) x15 0x00000000
core   0: 0x8000106a (0x00000001) c.nop
core   0: 3 0x8000106a (0x0001)
core   0: 0x8000106c (0x00008b6d) c.andi  a4, 27
core   0: 3 0x8000106c (0x8b6d) x14 0x00000000
core   0: 0x8000106e (0x039c3333) mulhu   t1, s8, s9
core   0: 3 0x8000106e (0x039c3333) x 6 0x692b461b
core   0: 0x80001072 (0x01ef34b3) sltu    s1, t5, t5
core   0: 3 0x80001072 (0x01ef34b3) x 9 0x00000000
core   0: 0x80001076 (0x00000405) c.addi  s0, 1
core   0: 3 0x80001076 (0x0405) x 8 0xfffffff9
core   0: 0x80001078 (0xff10aa13) slti    s4, ra, -15
core   0: 3 0x80001078 (0xff10aa13) x20 0x00000001
core   0: 0x8000107c (0x011a1813) slli    a6, s4, 17
core   0: 3 0x8000107c (0x011a1813) x16 0x00020000
core   0: 0x80001080 (0x0164e133) or      sp, s1, s6
core   0: 3 0x80001080 (0x0164e133) x 2 0x00000000
core   0: 0x80001084 (0x00821db3) sll     s11, tp, s0
core   0: 3 0x80001084 (0x00821db3) x27 0x88000000
core   0: 0x80001088 (0x0000908e) c.add   ra, gp
core   0: 3 0x80001088 (0x908e) x 1 0xffffff5d
core   0: 0x8000108a (0x0000fc69) c.bnez  s0, pc - 38
core   0: 3 0x8000108a (0xfc69)
core   0: 0x80001064 (0x00008a55) c.andi  a2, 21
core   0: 3 0x80001064 (0x8a55) x12 0x00000000
core   0: 0x80001066 (0x001a5793) srli    a5, s4, 1
core   0: 3 0x80001066 (0x001a5793) x15 0x00000000
core   0: 0x8000106a (0x00000001) c.nop
core   0: 3 0x8000106a (0x0001)
core   0: 0x8000106c (0x00008b6d) c.andi  a4, 27
core   0: 3 0x8000106c (0x8b6d) x14 0x00000000
core   0: 0x8000106e (0x039c3333) mulhu   t1, s8, s9
core   0: 3 0x8000106e (0x039c3333) x 6 0x692b461b
core   0: 0x80001072 (0x01ef34b3) sltu    s1, t5, t5
core   0: 3 0x80001072 (0x01ef34b3) x 9 0x00000000
core   0: 0x80001076 (0x00000405) c.addi  s0, 1
core   0: 3 0x80001076 (0x0405) x 8 0xfffffffa
core   0: 0x80001078 (0xff10aa13) slti    s4, ra, -15
core   0: 3 0x80001078 (0xff10aa13) x20 0x00000001
core   0: 0x8000107c (0x011a1813) slli    a6, s4, 17
core   0: 3 0x8000107c (0x011a1813) x16 0x00020000
core   0: 0x80001080 (0x0164e133) or      sp, s1, s6
core   0: 3 0x80001080 (0x0164e133) x 2 0x00000000
core   0: 0x80001084 (0x00821db3) sll     s11, tp, s0
core   0: 3 0x80001084 (0x00821db3) x27 0x10000000
core   0: 0x80001088 (0x0000908e) c.add   ra, gp
core   0: 3 0x80001088 (0x908e) x 1 0xffffff5e
core   0: 0x8000108a (0x0000fc69) c.bnez  s0, pc - 38
core   0: 3 0x8000108a (0xfc69)
core   0: 0x80001064 (0x00008a55) c.andi  a2, 21
core   0: 3 0x80001064 (0x8a55) x12 0x00000000
core   0: 0x80001066 (0x001a5793) srli    a5, s4, 1
core   0: 3 0x80001066 (0x001a5793) x15 0x00000000
core   0: 0x8000106a (0x00000001) c.nop
core   0: 3 0x8000106a (0x0001)
core   0: 0x8000106c (0x00008b6d) c.andi  a4, 27
core   0: 3 0x8000106c (0x8b6d) x14 0x00000000
core   0: 0x8000106e (0x039c3333) mulhu   t1, s8, s9
core   0: 3 0x8000106e (0x039c3333) x 6 0x692b461b
core   0: 0x80001072 (0x01ef34b3) sltu    s1, t5, t5
core   0: 3 0x80001072 (0x01ef34b3) x 9 0x00000000
core   0: 0x80001076 (0x00000405) c.addi  s0, 1
core   0: 3 0x80001076 (0x0405) x 8 0xfffffffb
core   0: 0x80001078 (0xff10aa13) slti    s4, ra, -15
core   0: 3 0x80001078 (0xff10aa13) x20 0x00000001
core   0: 0x8000107c (0x011a1813) slli    a6, s4, 17
core   0: 3 0x8000107c (0x011a1813) x16 0x00020000
core   0: 0x80001080 (0x0164e133) or      sp, s1, s6
core   0: 3 0x80001080 (0x0164e133) x 2 0x00000000
core   0: 0x80001084 (0x00821db3) sll     s11, tp, s0
core   0: 3 0x80001084 (0x00821db3) x27 0x20000000
core   0: 0x80001088 (0x0000908e) c.add   ra, gp
core   0: 3 0x80001088 (0x908e) x 1 0xffffff5f
core   0: 0x8000108a (0x0000fc69) c.bnez  s0, pc - 38
core   0: 3 0x8000108a (0xfc69)
core   0: 0x80001064 (0x00008a55) c.andi  a2, 21
core   0: 3 0x80001064 (0x8a55) x12 0x00000000
core   0: 0x80001066 (0x001a5793) srli    a5, s4, 1
core   0: 3 0x80001066 (0x001a5793) x15 0x00000000
core   0: 0x8000106a (0x00000001) c.nop
core   0: 3 0x8000106a (0x0001)
core   0: 0x8000106c (0x00008b6d) c.andi  a4, 27
core   0: 3 0x8000106c (0x8b6d) x14 0x00000000
core   0: 0x8000106e (0x039c3333) mulhu   t1, s8, s9
core   0: 3 0x8000106e (0x039c3333) x 6 0x692b461b
core   0: 0x80001072 (0x01ef34b3) sltu    s1, t5, t5
core   0: 3 0x80001072 (0x01ef34b3) x 9 0x00000000
core   0: 0x80001076 (0x00000405) c.addi  s0, 1
core   0: 3 0x80001076 (0x0405) x 8 0xfffffffc
core   0: 0x80001078 (0xff10aa13) slti    s4, ra, -15
core   0: 3 0x80001078 (0xff10aa13) x20 0x00000001
core   0: 0x8000107c (0x011a1813) slli    a6, s4, 17
core   0: 3 0x8000107c (0x011a1813) x16 0x00020000
core   0: 0x80001080 (0x0164e133) or      sp, s1, s6
core   0: 3 0x80001080 (0x0164e133) x 2 0x00000000
core   0: 0x80001084 (0x00821db3) sll     s11, tp, s0
core   0: 3 0x80001084 (0x00821db3) x27 0x40000000
core   0: 0x80001088 (0x0000908e) c.add   ra, gp
core   0: 3 0x80001088 (0x908e) x 1 0xffffff60
core   0: 0x8000108a (0x0000fc69) c.bnez  s0, pc - 38
core   0: 3 0x8000108a (0xfc69)
core   0: 0x80001064 (0x00008a55) c.andi  a2, 21
core   0: 3 0x80001064 (0x8a55) x12 0x00000000
core   0: 0x80001066 (0x001a5793) srli    a5, s4, 1
core   0: 3 0x80001066 (0x001a5793) x15 0x00000000
core   0: 0x8000106a (0x00000001) c.nop
core   0: 3 0x8000106a (0x0001)
core   0: 0x8000106c (0x00008b6d) c.andi  a4, 27
core   0: 3 0x8000106c (0x8b6d) x14 0x00000000
core   0: 0x8000106e (0x039c3333) mulhu   t1, s8, s9
core   0: 3 0x8000106e (0x039c3333) x 6 0x692b461b
core   0: 0x80001072 (0x01ef34b3) sltu    s1, t5, t5
core   0: 3 0x80001072 (0x01ef34b3) x 9 0x00000000
core   0: 0x80001076 (0x00000405) c.addi  s0, 1
core   0: 3 0x80001076 (0x0405) x 8 0xfffffffd
core   0: 0x80001078 (0xff10aa13) slti    s4, ra, -15
core   0: 3 0x80001078 (0xff10aa13) x20 0x00000001
core   0: 0x8000107c (0x011a1813) slli    a6, s4, 17
core   0: 3 0x8000107c (0x011a1813) x16 0x00020000
core   0: 0x80001080 (0x0164e133) or      sp, s1, s6
core   0: 3 0x80001080 (0x0164e133) x 2 0x00000000
core   0: 0x80001084 (0x00821db3) sll     s11, tp, s0
core   0: 3 0x80001084 (0x00821db3) x27 0x80000000
core   0: 0x80001088 (0x0000908e) c.add   ra, gp
core   0: 3 0x80001088 (0x908e) x 1 0xffffff61
core   0: 0x8000108a (0x0000fc69) c.bnez  s0, pc - 38
core   0: 3 0x8000108a (0xfc69)
core   0: 0x80001064 (0x00008a55) c.andi  a2, 21
core   0: 3 0x80001064 (0x8a55) x12 0x00000000
core   0: 0x80001066 (0x001a5793) srli    a5, s4, 1
core   0: 3 0x80001066 (0x001a5793) x15 0x00000000
core   0: 0x8000106a (0x00000001) c.nop
core   0: 3 0x8000106a (0x0001)
core   0: 0x8000106c (0x00008b6d) c.andi  a4, 27
core   0: 3 0x8000106c (0x8b6d) x14 0x00000000
core   0: 0x8000106e (0x039c3333) mulhu   t1, s8, s9
core   0: 3 0x8000106e (0x039c3333) x 6 0x692b461b
core   0: 0x80001072 (0x01ef34b3) sltu    s1, t5, t5
core   0: 3 0x80001072 (0x01ef34b3) x 9 0x00000000
core   0: 0x80001076 (0x00000405) c.addi  s0, 1
core   0: 3 0x80001076 (0x0405) x 8 0xfffffffe
core   0: 0x80001078 (0xff10aa13) slti    s4, ra, -15
core   0: 3 0x80001078 (0xff10aa13) x20 0x00000001
core   0: 0x8000107c (0x011a1813) slli    a6, s4, 17
core   0: 3 0x8000107c (0x011a1813) x16 0x00020000
core   0: 0x80001080 (0x0164e133) or      sp, s1, s6
core   0: 3 0x80001080 (0x0164e133) x 2 0x00000000
core   0: 0x80001084 (0x00821db3) sll     s11, tp, s0
core   0: 3 0x80001084 (0x00821db3) x27 0x00000000
core   0: 0x80001088 (0x0000908e) c.add   ra, gp
core   0: 3 0x80001088 (0x908e) x 1 0xffffff62
core   0: 0x8000108a (0x0000fc69) c.bnez  s0, pc - 38
core   0: 3 0x8000108a (0xfc69)
core   0: 0x80001064 (0x00008a55) c.andi  a2, 21
core   0: 3 0x80001064 (0x8a55) x12 0x00000000
core   0: 0x80001066 (0x001a5793) srli    a5, s4, 1
core   0: 3 0x80001066 (0x001a5793) x15 0x00000000
core   0: 0x8000106a (0x00000001) c.nop
core   0: 3 0x8000106a (0x0001)
core   0: 0x8000106c (0x00008b6d) c.andi  a4, 27
core   0: 3 0x8000106c (0x8b6d) x14 0x00000000
core   0: 0x8000106e (0x039c3333) mulhu   t1, s8, s9
core   0: 3 0x8000106e (0x039c3333) x 6 0x692b461b
core   0: 0x80001072 (0x01ef34b3) sltu    s1, t5, t5
core   0: 3 0x80001072 (0x01ef34b3) x 9 0x00000000
core   0: 0x80001076 (0x00000405) c.addi  s0, 1
core   0: 3 0x80001076 (0x0405) x 8 0xffffffff
core   0: 0x80001078 (0xff10aa13) slti    s4, ra, -15
core   0: 3 0x80001078 (0xff10aa13) x20 0x00000001
core   0: 0x8000107c (0x011a1813) slli    a6, s4, 17
core   0: 3 0x8000107c (0x011a1813) x16 0x00020000
core   0: 0x80001080 (0x0164e133) or      sp, s1, s6
core   0: 3 0x80001080 (0x0164e133) x 2 0x00000000
core   0: 0x80001084 (0x00821db3) sll     s11, tp, s0
core   0: 3 0x80001084 (0x00821db3) x27 0x00000000
core   0: 0x80001088 (0x0000908e) c.add   ra, gp
core   0: 3 0x80001088 (0x908e) x 1 0xffffff63
core   0: 0x8000108a (0x0000fc69) c.bnez  s0, pc - 38
core   0: 3 0x8000108a (0xfc69)
core   0: 0x80001064 (0x00008a55) c.andi  a2, 21
core   0: 3 0x80001064 (0x8a55) x12 0x00000000
core   0: 0x80001066 (0x001a5793) srli    a5, s4, 1
core   0: 3 0x80001066 (0x001a5793) x15 0x00000000
core   0: 0x8000106a (0x00000001) c.nop
core   0: 3 0x8000106a (0x0001)
core   0: 0x8000106c (0x00008b6d) c.andi  a4, 27
core   0: 3 0x8000106c (0x8b6d) x14 0x00000000
core   0: 0x8000106e (0x039c3333) mulhu   t1, s8, s9
core   0: 3 0x8000106e (0x039c3333) x 6 0x692b461b
core   0: 0x80001072 (0x01ef34b3) sltu    s1, t5, t5
core   0: 3 0x80001072 (0x01ef34b3) x 9 0x00000000
core   0: 0x80001076 (0x00000405) c.addi  s0, 1
core   0: 3 0x80001076 (0x0405) x 8 0x00000000
core   0: 0x80001078 (0xff10aa13) slti    s4, ra, -15
core   0: 3 0x80001078 (0xff10aa13) x20 0x00000001
core   0: 0x8000107c (0x011a1813) slli    a6, s4, 17
core   0: 3 0x8000107c (0x011a1813) x16 0x00020000
core   0: 0x80001080 (0x0164e133) or      sp, s1, s6
core   0: 3 0x80001080 (0x0164e133) x 2 0x00000000
core   0: 0x80001084 (0x00821db3) sll     s11, tp, s0
core   0: 3 0x80001084 (0x00821db3) x27 0x0cbb65c4
core   0: 0x80001088 (0x0000908e) c.add   ra, gp
core   0: 3 0x80001088 (0x908e) x 1 0xffffff64
core   0: 0x8000108a (0x0000fc69) c.bnez  s0, pc - 38
core   0: 3 0x8000108a (0xfc69)
core   0: 0x8000108c (0x02c7abb3) mulhsu  s7, a5, a2
core   0: 3 0x8000108c (0x02c7abb3) x23 0x00000000
core   0: 0x80001090 (0xffd00413) li      s0, -3
core   0: 3 0x80001090 (0xffd00413) x 8 0xfffffffd
core   0: 0x80001094 (0x00100d13) li      s10, 1
core   0: 3 0x80001094 (0x00100d13) x26 0x00000001
core   0: 0x80001098 (0x00008da5) c.xor   a1, s1
core   0: 3 0x80001098 (0x8da5) x11 0x00000002
core   0: 0x8000109a (0x000010fd) c.addi  ra, -1
core   0: 3 0x8000109a (0x10fd) x 1 0xffffff63
core   0: 0x8000109c (0x024bfdb3) remu    s11, s7, tp
core   0: 3 0x8000109c (0x024bfdb3) x27 0x00000000
core   0: 0x800010a0 (0x0000617d) c.addi16sp sp, 496
core   0: 3 0x800010a0 (0x617d) x 2 0x000001f0
core   0: 0x800010a2 (0x00000405) c.addi  s0, 1
core   0: 3 0x800010a2 (0x0405) x 8 0xfffffffe
core   0: 0x800010a4 (0xffa41be3) bne     s0, s10, pc - 10
core   0: 3 0x800010a4 (0xffa41be3)
core   0: 0x8000109a (0x000010fd) c.addi  ra, -1
core   0: 3 0x8000109a (0x10fd) x 1 0xffffff62
core   0: 0x8000109c (0x024bfdb3) remu    s11, s7, tp
core   0: 3 0x8000109c (0x024bfdb3) x27 0x00000000
core   0: 0x800010a0 (0x0000617d) c.addi16sp sp, 496
core   0: 3 0x800010a0 (0x617d) x 2 0x000003e0
core   0: 0x800010a2 (0x00000405) c.addi  s0, 1
core   0: 3 0x800010a2 (0x0405) x 8 0xffffffff
core   0: 0x800010a4 (0xffa41be3) bne     s0, s10, pc - 10
core   0: 3 0x800010a4 (0xffa41be3)
core   0: 0x8000109a (0x000010fd) c.addi  ra, -1
core   0: 3 0x8000109a (0x10fd) x 1 0xffffff61
core   0: 0x8000109c (0x024bfdb3) remu    s11, s7, tp
core   0: 3 0x8000109c (0x024bfdb3) x27 0x00000000
core   0: 0x800010a0 (0x0000617d) c.addi16sp sp, 496
core   0: 3 0x800010a0 (0x617d) x 2 0x000005d0
core   0: 0x800010a2 (0x00000405) c.addi  s0, 1
core   0: 3 0x800010a2 (0x0405) x 8 0x00000000
core   0: 0x800010a4 (0xffa41be3) bne     s0, s10, pc - 10
core   0: 3 0x800010a4 (0xffa41be3)
core   0: 0x8000109a (0x000010fd) c.addi  ra, -1
core   0: 3 0x8000109a (0x10fd) x 1 0xffffff60
core   0: 0x8000109c (0x024bfdb3) remu    s11, s7, tp
core   0: 3 0x8000109c (0x024bfdb3) x27 0x00000000
core   0: 0x800010a0 (0x0000617d) c.addi16sp sp, 496
core   0: 3 0x800010a0 (0x617d) x 2 0x000007c0
core   0: 0x800010a2 (0x00000405) c.addi  s0, 1
core   0: 3 0x800010a2 (0x0405) x 8 0x00000001
core   0: 0x800010a4 (0xffa41be3) bne     s0, s10, pc - 10
core   0: 3 0x800010a4 (0xffa41be3)
core   0: 0x800010a8 (0x00008649) c.srai  a2, 18
core   0: 3 0x800010a8 (0x8649) x12 0x00000000
core   0: 0x800010aa (0x00700693) li      a3, 7
core   0: 3 0x800010aa (0x00700693) x13 0x00000007
core   0: 0x800010ae (0x00c00b13) li      s6, 12
core   0: 3 0x800010ae (0x00c00b13) x22 0x0000000c
core   0: 0x800010b2 (0x00008d66) c.mv    s10, s9
core   0: 3 0x800010b2 (0x8d66) x26 0x80026ce4
core   0: 0x800010b4 (0x3e440093) addi    ra, s0, 996
core   0: 3 0x800010b4 (0x3e440093) x 1 0x000003e5
core   0: 0x800010b8 (0x000006a1) c.addi  a3, 8
core   0: 3 0x800010b8 (0x06a1) x13 0x0000000f
core   0: 0x800010ba (0xff66ede3) bltu    a3, s6, pc - 6
core   0: 3 0x800010ba (0xff66ede3)
core   0: 0x800010be (0x010e08b3) add     a7, t3, a6
core   0: 3 0x800010be (0x010e08b3) x17 0x00020002
core   0: 0x800010c2 (0x00a00593) li      a1, 10
core   0: 3 0x800010c2 (0x00a00593) x11 0x0000000a
core   0: 0x800010c6 (0x00a00b93) li      s7, 10
core   0: 3 0x800010c6 (0x00a00b93) x23 0x0000000a
core   0: 0x800010ca (0x00006b3d) c.lui   s6, 0xf
core   0: 3 0x800010ca (0x6b3d) x22 0x0000f000
core   0: 0x800010cc (0x0000447d) c.li    s0, 31
core   0: 3 0x800010cc (0x447d) x 8 0x0000001f
core   0: 0x800010ce (0x017a0cb3) add     s9, s4, s7
core   0: 3 0x800010ce (0x017a0cb3) x25 0x0000000b
core   0: 0x800010d2 (0x000015e1) c.addi  a1, -8
core   0: 3 0x800010d2 (0x15e1) x11 0x00000002
core   0: 0x800010d4 (0xff75fbe3) bgeu    a1, s7, pc - 10
core   0: 3 0x800010d4 (0xff75fbe3)
core   0: 0x800010d8 (0x00009dc6) c.add   s11, a7
core   0: 3 0x800010d8 (0x9dc6) x27 0x00020002
core   0: 0x800010da (0x00300693) li      a3, 3
core   0: 3 0x800010da (0x00300693) x13 0x00000003
core   0: 0x800010de (0x00008c71) c.and   s0, a2
core   0: 3 0x800010de (0x8c71) x 8 0x00000000
core   0: 0x800010e0 (0x00ff7cb3) and     s9, t5, a5
core   0: 3 0x800010e0 (0x00ff7cb3) x25 0x00000000
core   0: 0x800010e4 (0x4a075497) auipc   s1, 0x4a075
core   0: 3 0x800010e4 (0x4a075497) x 9 0xca0760e4
core   0: 0x800010e8 (0x00000001) c.nop
core   0: 3 0x800010e8 (0x0001)
core   0: 0x800010ea (0xe797bb93) sltiu   s7, a5, -391
core   0: 3 0x800010ea (0xe797bb93) x23 0x00000001
core   0: 0x800010ee (0x00008671) c.srai  a2, 28
core   0: 3 0x800010ee (0x8671) x12 0x00000000
core   0: 0x800010f0 (0x40540733) sub     a4, s0, t0
core   0: 3 0x800010f0 (0x40540733) x14 0xfffffffe
core   0: 0x800010f4 (0x00008b21) c.andi  a4, 8
core   0: 3 0x800010f4 (0x8b21) x14 0x00000008
core   0: 0x800010f6 (0x00ccddb3) srl     s11, s9, a2
core   0: 3 0x800010f6 (0x00ccddb3) x27 0x00000000
core   0: 0x800010fa (0x000064c1) c.lui   s1, 0x10
core   0: 3 0x800010fa (0x64c1) x 9 0x00010000
core   0: 0x800010fc (0x016f90b3) sll     ra, t6, s6
core   0: 3 0x800010fc (0x016f90b3) x 1 0x65db2e30
core   0: 0x80001100 (0x00006889) c.lui   a7, 0x2
core   0: 3 0x80001100 (0x6889) x17 0x00002000
core   0: 0x80001102 (0x000016fd) c.addi  a3, -1
core   0: 3 0x80001102 (0x16fd) x13 0x00000002
core   0: 0x80001104 (0x0003fe33) and     t3, t2, zero
core   0: 3 0x80001104 (0x0003fe33) x28 0x00000000
core   0: 0x80001108 (0x003dacb3) slt     s9, s11, gp
core   0: 3 0x80001108 (0x003dacb3) x25 0x00000001
core   0: 0x8000110c (0xcfd08f13) addi    t5, ra, -771
core   0: 3 0x8000110c (0xcfd08f13) x30 0x65db2b2d
core   0: 0x80001110 (0x1d396a97) auipc   s5, 0x1d396
core   0: 3 0x80001110 (0x1d396a97) x21 0x9d397110
core   0: 0x80001114 (0x00000001) c.nop
core   0: 3 0x80001114 (0x0001)
core   0: 0x80001116 (0x0000f6ed) c.bnez  a3, pc - 22
core   0: 3 0x80001116 (0xf6ed)
core   0: 0x80001100 (0x00006889) c.lui   a7, 0x2
core   0: 3 0x80001100 (0x6889) x17 0x00002000
core   0: 0x80001102 (0x000016fd) c.addi  a3, -1
core   0: 3 0x80001102 (0x16fd) x13 0x00000001
core   0: 0x80001104 (0x0003fe33) and     t3, t2, zero
core   0: 3 0x80001104 (0x0003fe33) x28 0x00000000
core   0: 0x80001108 (0x003dacb3) slt     s9, s11, gp
core   0: 3 0x80001108 (0x003dacb3) x25 0x00000001
core   0: 0x8000110c (0xcfd08f13) addi    t5, ra, -771
core   0: 3 0x8000110c (0xcfd08f13) x30 0x65db2b2d
core   0: 0x80001110 (0x1d396a97) auipc   s5, 0x1d396
core   0: 3 0x80001110 (0x1d396a97) x21 0x9d397110
core   0: 0x80001114 (0x00000001) c.nop
core   0: 3 0x80001114 (0x0001)
core   0: 0x80001116 (0x0000f6ed) c.bnez  a3, pc - 22
core   0: 3 0x80001116 (0xf6ed)
core   0: 0x80001100 (0x00006889) c.lui   a7, 0x2
core   0: 3 0x80001100 (0x6889) x17 0x00002000
core   0: 0x80001102 (0x000016fd) c.addi  a3, -1
core   0: 3 0x80001102 (0x16fd) x13 0x00000000
core   0: 0x80001104 (0x0003fe33) and     t3, t2, zero
core   0: 3 0x80001104 (0x0003fe33) x28 0x00000000
core   0: 0x80001108 (0x003dacb3) slt     s9, s11, gp
core   0: 3 0x80001108 (0x003dacb3) x25 0x00000001
core   0: 0x8000110c (0xcfd08f13) addi    t5, ra, -771
core   0: 3 0x8000110c (0xcfd08f13) x30 0x65db2b2d
core   0: 0x80001110 (0x1d396a97) auipc   s5, 0x1d396
core   0: 3 0x80001110 (0x1d396a97) x21 0x9d397110
core   0: 0x80001114 (0x00000001) c.nop
core   0: 3 0x80001114 (0x0001)
core   0: 0x80001116 (0x0000f6ed) c.bnez  a3, pc - 22
core   0: 3 0x80001116 (0xf6ed)
core   0: 0x80001118 (0x0084e8b3) or      a7, s1, s0
core   0: 3 0x80001118 (0x0084e8b3) x17 0x00010000
core   0: 0x8000111c (0x00400413) li      s0, 4
core   0: 3 0x8000111c (0x00400413) x 8 0x00000004
core   0: 0x80001120 (0x00008cfe) c.mv    s9, t6
core   0: 3 0x80001120 (0x8cfe) x25 0x65db2e30
core   0: 0x80001122 (0xfc674317) auipc   t1, 0xfc674
core   0: 3 0x80001122 (0xfc674317) x 6 0x7c675122
core   0: 0x80001126 (0x00000001) c.nop
core   0: 3 0x80001126 (0x0001)
core   0: 0x80001128 (0x00004165) c.li    sp, 25
core   0: 3 0x80001128 (0x4165) x 2 0x00000019
core   0: 0x8000112a (0x00000001) c.nop
core   0: 3 0x8000112a (0x0001)
core   0: 0x8000112c (0x00006485) c.lui   s1, 0x1
core   0: 3 0x8000112c (0x6485) x 9 0x00001000
core   0: 0x8000112e (0x020fcc33) div     s8, t6, zero
core   0: 3 0x8000112e (0x020fcc33) x24 0xffffffff
core   0: 0x80001132 (0x00001479) c.addi  s0, -2
core   0: 3 0x80001132 (0x1479) x 8 0x00000002
core   0: 0x80001134 (0x00000ed2) c.slli  t4, 20
core   0: 3 0x80001134 (0x0ed2) x29 0x00000000
core   0: 0x80001136 (0x0000fc65) c.bnez  s0, pc - 8
core   0: 3 0x80001136 (0xfc65)
core   0: 0x8000112e (0x020fcc33) div     s8, t6, zero
core   0: 3 0x8000112e (0x020fcc33) x24 0xffffffff
core   0: 0x80001132 (0x00001479) c.addi  s0, -2
core   0: 3 0x80001132 (0x1479) x 8 0x00000000
core   0: 0x80001134 (0x00000ed2) c.slli  t4, 20
core   0: 3 0x80001134 (0x0ed2) x29 0x00000000
core   0: 0x80001136 (0x0000fc65) c.bnez  s0, pc - 8
core   0: 3 0x80001136 (0xfc65)
core   0: 0x80001138 (0x0136f0b3) and     ra, a3, s3
core   0: 3 0x80001138 (0x0136f0b3) x 1 0x00000000
core   0: 0x8000113c (0xff700793) li      a5, -9
core   0: 3 0x8000113c (0xff700793) x15 0xfffffff7
core   0: 0x80001140 (0x00008c09) c.sub   s0, a0
core   0: 3 0x80001140 (0x8c09) x 8 0xfffffff1
core   0: 0x80001142 (0x0000810d) c.srli  a0, 3
core   0: 3 0x80001142 (0x810d) x10 0x00000001
core   0: 0x80001144 (0x00009f3e) c.add   t5, a5
core   0: 3 0x80001144 (0x9f3e) x30 0x65db2b24
core   0: 0x80001146 (0x002dcb33) xor     s6, s11, sp
core   0: 3 0x80001146 (0x002dcb33) x22 0x00000019
core   0: 0x8000114a (0x02287433) remu    s0, a6, sp
core   0: 3 0x8000114a (0x02287433) x 8 0x00000016
core   0: 0x8000114e (0x00000001) c.nop
core   0: 3 0x8000114e (0x0001)
core   0: 0x80001150 (0x00000001) c.nop
core   0: 3 0x80001150 (0x0001)
core   0: 0x80001152 (0x018504b3) add     s1, a0, s8
core   0: 3 0x80001152 (0x018504b3) x 9 0x00000000
core   0: 0x80001156 (0x47076913) ori     s2, a4, 1136
core   0: 3 0x80001156 (0x47076913) x18 0x00000478
core   0: 0x8000115a (0x00009bc6) c.add   s7, a7
core   0: 3 0x8000115a (0x9bc6) x23 0x00010001
core   0: 0x8000115c (0x00000001) c.nop
core   0: 3 0x8000115c (0x0001)
core   0: 0x8000115e (0x00000785) c.addi  a5, 1
core   0: 3 0x8000115e (0x0785) x15 0xfffffff8
core   0: 0x80001160 (0x5a2a3e93) sltiu   t4, s4, 1442
core   0: 3 0x80001160 (0x5a2a3e93) x29 0x00000001
core   0: 0x80001164 (0x00600093) li      ra, 6
core   0: 3 0x80001164 (0x00600093) x 1 0x00000006
core   0: 0x80001168 (0xff100d93) li      s11, -15
core   0: 3 0x80001168 (0xff100d93) x27 0xfffffff1
core   0: 0x8000116c (0x0263a433) mulhsu  s0, t2, t1
core   0: 3 0x8000116c (0x0263a433) x 8 0xc1cd8528
core   0: 0x80001170 (0x024abf33) mulhu   t5, s5, tp
core   0: 3 0x80001170 (0x024abf33) x30 0x07d1c8c2
core   0: 0x80001174 (0x407c5d33) sra     s10, s8, t2
core   0: 3 0x80001174 (0x407c5d33) x26 0xffffffff
core   0: 0x80001178 (0x00008e4d) c.or    a2, a1
core   0: 3 0x80001178 (0x8e4d) x12 0x00000002
core   0: 0x8000117a (0x63207593) andi    a1, zero, 1586
core   0: 3 0x8000117a (0x63207593) x11 0x00000000
core   0: 0x8000117e (0x00008405) c.srai  s0, 1
core   0: 3 0x8000117e (0x8405) x 8 0xe0e6c294
core   0: 0x80001180 (0x017eb233) sltu    tp, t4, s7
core   0: 3 0x80001180 (0x017eb233) x 4 0x00000001
core   0: 0x80001184 (0x00000001) c.nop
core   0: 3 0x80001184 (0x0001)
core   0: 0x80001186 (0x0291deb3) divu    t4, gp, s1
core   0: 3 0x80001186 (0x0291deb3) x29 0xffffffff
core   0: 0x8000118a (0x025aacb3) mulhsu  s9, s5, t0
core   0: 3 0x8000118a (0x025aacb3) x25 0xffffffff
core   0: 0x8000118e (0xce47e4b7) lui     s1, 0xce47e
core   0: 3 0x8000118e (0xce47e4b7) x 9 0xce47e000
core   0: 0x80001192 (0x4019d213) srai    tp, s3, 1
core   0: 3 0x80001192 (0x4019d213) x 4 0xc0011732
core   0: 0x80001196 (0x000010ed) c.addi  ra, -5
core   0: 3 0x80001196 (0x10ed) x 1 0x00000001
core   0: 0x80001198 (0xffb0d4e3) bge     ra, s11, pc - 24
core   0: 3 0x80001198 (0xffb0d4e3)
core   0: 0x80001180 (0x017eb233) sltu    tp, t4, s7
core   0: 3 0x80001180 (0x017eb233) x 4 0x00000000
core   0: 0x80001184 (0x00000001) c.nop
core   0: 3 0x80001184 (0x0001)
core   0: 0x80001186 (0x0291deb3) divu    t4, gp, s1
core   0: 3 0x80001186 (0x0291deb3) x29 0x00000000
core   0: 0x8000118a (0x025aacb3) mulhsu  s9, s5, t0
core   0: 3 0x8000118a (0x025aacb3) x25 0xffffffff
core   0: 0x8000118e (0xce47e4b7) lui     s1, 0xce47e
core   0: 3 0x8000118e (0xce47e4b7) x 9 0xce47e000
core   0: 0x80001192 (0x4019d213) srai    tp, s3, 1
core   0: 3 0x80001192 (0x4019d213) x 4 0xc0011732
core   0: 0x80001196 (0x000010ed) c.addi  ra, -5
core   0: 3 0x80001196 (0x10ed) x 1 0xfffffffc
core   0: 0x80001198 (0xffb0d4e3) bge     ra, s11, pc - 24
core   0: 3 0x80001198 (0xffb0d4e3)
core   0: 0x80001180 (0x017eb233) sltu    tp, t4, s7
core   0: 3 0x80001180 (0x017eb233) x 4 0x00000001
core   0: 0x80001184 (0x00000001) c.nop
core   0: 3 0x80001184 (0x0001)
core   0: 0x80001186 (0x0291deb3) divu    t4, gp, s1
core   0: 3 0x80001186 (0x0291deb3) x29 0x00000000
core   0: 0x8000118a (0x025aacb3) mulhsu  s9, s5, t0
core   0: 3 0x8000118a (0x025aacb3) x25 0xffffffff
core   0: 0x8000118e (0xce47e4b7) lui     s1, 0xce47e
core   0: 3 0x8000118e (0xce47e4b7) x 9 0xce47e000
core   0: 0x80001192 (0x4019d213) srai    tp, s3, 1
core   0: 3 0x80001192 (0x4019d213) x 4 0xc0011732
core   0: 0x80001196 (0x000010ed) c.addi  ra, -5
core   0: 3 0x80001196 (0x10ed) x 1 0xfffffff7
core   0: 0x80001198 (0xffb0d4e3) bge     ra, s11, pc - 24
core   0: 3 0x80001198 (0xffb0d4e3)
core   0: 0x80001180 (0x017eb233) sltu    tp, t4, s7
core   0: 3 0x80001180 (0x017eb233) x 4 0x00000001
core   0: 0x80001184 (0x00000001) c.nop
core   0: 3 0x80001184 (0x0001)
core   0: 0x80001186 (0x0291deb3) divu    t4, gp, s1
core   0: 3 0x80001186 (0x0291deb3) x29 0x00000000
core   0: 0x8000118a (0x025aacb3) mulhsu  s9, s5, t0
core   0: 3 0x8000118a (0x025aacb3) x25 0xffffffff
core   0: 0x8000118e (0xce47e4b7) lui     s1, 0xce47e
core   0: 3 0x8000118e (0xce47e4b7) x 9 0xce47e000
core   0: 0x80001192 (0x4019d213) srai    tp, s3, 1
core   0: 3 0x80001192 (0x4019d213) x 4 0xc0011732
core   0: 0x80001196 (0x000010ed) c.addi  ra, -5
core   0: 3 0x80001196 (0x10ed) x 1 0xfffffff2
core   0: 0x80001198 (0xffb0d4e3) bge     ra, s11, pc - 24
core   0: 3 0x80001198 (0xffb0d4e3)
core   0: 0x80001180 (0x017eb233) sltu    tp, t4, s7
core   0: 3 0x80001180 (0x017eb233) x 4 0x00000001
core   0: 0x80001184 (0x00000001) c.nop
core   0: 3 0x80001184 (0x0001)
core   0: 0x80001186 (0x0291deb3) divu    t4, gp, s1
core   0: 3 0x80001186 (0x0291deb3) x29 0x00000000
core   0: 0x8000118a (0x025aacb3) mulhsu  s9, s5, t0
core   0: 3 0x8000118a (0x025aacb3) x25 0xffffffff
core   0: 0x8000118e (0xce47e4b7) lui     s1, 0xce47e
core   0: 3 0x8000118e (0xce47e4b7) x 9 0xce47e000
core   0: 0x80001192 (0x4019d213) srai    tp, s3, 1
core   0: 3 0x80001192 (0x4019d213) x 4 0xc0011732
core   0: 0x80001196 (0x000010ed) c.addi  ra, -5
core   0: 3 0x80001196 (0x10ed) x 1 0xffffffed
core   0: 0x80001198 (0xffb0d4e3) bge     ra, s11, pc - 24
core   0: 3 0x80001198 (0xffb0d4e3)
core   0: 0x8000119c (0xdf935837) lui     a6, 0xdf935
core   0: 3 0x8000119c (0xdf935837) x16 0xdf935000
core   0: 0x800011a0 (0x0224dfb3) divu    t6, s1, sp
core   0: 3 0x800011a0 (0x0224dfb3) x31 0x084050a3
core   0: 0x800011a4 (0x022ad6b3) divu    a3, s5, sp
core   0: 3 0x800011a4 (0x022ad6b3) x13 0x0649fa48
core   0: 0x800011a8 (0x0000d7cd) c.beqz  a5, pc - 86
core   0: 3 0x800011a8 (0xd7cd)
core   0: 0x800011aa (0x000099fd) c.andi  a1, -1
core   0: 3 0x800011aa (0x99fd) x11 0x00000000
core   0: 0x800011ac (0x00600693) li      a3, 6
core   0: 3 0x800011ac (0x00600693) x13 0x00000006
core   0: 0x800011b0 (0x00700613) li      a2, 7
core   0: 3 0x800011b0 (0x00700613) x12 0x00000007
core   0: 0x800011b4 (0x00009d7a) c.add   s10, t5
core   0: 3 0x800011b4 (0x9d7a) x26 0x07d1c8c1
core   0: 0x800011b6 (0x00000695) c.addi  a3, 5
core   0: 3 0x800011b6 (0x0695) x13 0x0000000b
core   0: 0x800011b8 (0xffa00413) li      s0, -6
core   0: 3 0x800011b8 (0xffa00413) x 8 0xfffffffa
core   0: 0x800011bc (0x00000001) c.nop
core   0: 3 0x800011bc (0x0001)
core   0: 0x800011be (0x02d744b3) div     s1, a4, a3
core   0: 3 0x800011be (0x02d744b3) x 9 0x00000000
core   0: 0x800011c2 (0x401305b3) sub     a1, t1, ra
core   0: 3 0x800011c2 (0x401305b3) x11 0x7c675135
core   0: 0x800011c6 (0x00000405) c.addi  s0, 1
core   0: 3 0x800011c6 (0x0405) x 8 0xfffffffb
core   0: 0x800011c8 (0x0000d87d) c.beqz  s0, pc - 10
core   0: 3 0x800011c8 (0xd87d)
core   0: 0x800011ca (0xfec6e5e3) bltu    a3, a2, pc - 22
core   0: 3 0x800011ca (0xfec6e5e3)
core   0: 0x800011ce (0x0062eab3) or      s5, t0, t1
core   0: 3 0x800011ce (0x0062eab3) x21 0x7c675122
core   0: 0x800011d2 (0x00500c13) li      s8, 5
core   0: 3 0x800011d2 (0x00500c13) x24 0x00000005
core   0: 0x800011d6 (0x0000717d) c.addi16sp sp, -16
core   0: 3 0x800011d6 (0x717d) x 2 0x00000009
core   0: 0x800011d8 (0x00a11413) slli    s0, sp, 10
core   0: 3 0x800011d8 (0x00a11413) x 8 0x00002400
core   0: 0x800011dc (0x00008865) c.andi  s0, 25
core   0: 3 0x800011dc (0x8865) x 8 0x00000000
core   0: 0x800011de (0x401e8e33) sub     t3, t4, ra
core   0: 3 0x800011de (0x401e8e33) x28 0x00000013
core   0: 0x800011e2 (0x00008876) c.mv    a6, t4
core   0: 3 0x800011e2 (0x8876) x16 0x00000000
core   0: 0x800011e4 (0xff200793) li      a5, -14
core   0: 3 0x800011e4 (0xff200793) x15 0xfffffff2
core   0: 0x800011e8 (0x00c8dfb3) srl     t6, a7, a2
core   0: 3 0x800011e8 (0x00c8dfb3) x31 0x00000200
core   0: 0x800011ec (0x00008cf9) c.and   s1, a4
core   0: 3 0x800011ec (0x8cf9) x 9 0x00000000
core   0: 0x800011ee (0xadc80493) addi    s1, a6, -1316
core   0: 3 0x800011ee (0xadc80493) x 9 0xfffffadc
core   0: 0x800011f2 (0x0000717d) c.addi16sp sp, -16
core   0: 3 0x800011f2 (0x717d) x 2 0xfffffff9
core   0: 0x800011f4 (0x00001c5d) c.addi  s8, -9
core   0: 3 0x800011f4 (0x1c5d) x24 0xfffffffc
core   0: 0x800011f6 (0x00008e11) c.sub   a2, a2
core   0: 3 0x800011f6 (0x8e11) x12 0x00000000
core   0: 0x800011f8 (0x00009156) c.add   sp, s5
core   0: 3 0x800011f8 (0x9156) x 2 0x7c67511b
core   0: 0x800011fa (0xfa8f2413) slti    s0, t5, -88
core   0: 3 0x800011fa (0xfa8f2413) x 8 0x00000000
core   0: 0x800011fe (0xffc00713) li      a4, -4
core   0: 3 0x800011fe (0xffc00713) x14 0xfffffffc
core   0: 0x80001202 (0x00008a8d) c.andi  a3, 3
core   0: 3 0x80001202 (0x8a8d) x13 0x00000003
core   0: 0x80001204 (0x01000193) li      gp, 16
core   0: 3 0x80001204 (0x01000193) x 3 0x00000010
core   0: 0x80001208 (0x24bf3093) sltiu   ra, t5, 587
core   0: 3 0x80001208 (0x24bf3093) x 1 0x00000000
core   0: 0x8000120c (0x00008306) c.mv    t1, ra
core   0: 3 0x8000120c (0x8306) x 6 0x00000000
core   0: 0x8000120e (0x00009a7d) c.andi  a2, -1
core   0: 3 0x8000120e (0x9a7d) x12 0x00000000
core   0: 0x80001210 (0x01882eb3) slt     t4, a6, s8
core   0: 3 0x80001210 (0x01882eb3) x29 0x00000000
core   0: 0x80001214 (0x01ee46b3) xor     a3, t3, t5
core   0: 3 0x80001214 (0x01ee46b3) x13 0x07d1c8d1
core   0: 0x80001218 (0x00008952) c.mv    s2, s4
core   0: 3 0x80001218 (0x8952) x18 0x00000001
core   0: 0x8000121a (0x035e9cb3) mulh    s9, t4, s5
core   0: 3 0x8000121a (0x035e9cb3) x25 0x00000000
core   0: 0x8000121e (0x0000537d) c.li    t1, -1
core   0: 3 0x8000121e (0x537d) x 6 0xffffffff
core   0: 0x80001220 (0x01049f93) slli    t6, s1, 16
core   0: 3 0x80001220 (0x01049f93) x31 0xfadc0000
core   0: 0x80001224 (0x00000709) c.addi  a4, 2
core   0: 3 0x80001224 (0x0709) x14 0xfffffffe
core   0: 0x80001226 (0x01215b93) srli    s7, sp, 18
core   0: 3 0x80001226 (0x01215b93) x23 0x00001f19
core   0: 0x8000122a (0x00008ddd) c.or    a1, a5
core   0: 3 0x8000122a (0x8ddd) x11 0xfffffff7
core   0: 0x8000122c (0xfe3711e3) bne     a4, gp, pc - 30
core   0: 3 0x8000122c (0xfe3711e3)
core   0: 0x8000120e (0x00009a7d) c.andi  a2, -1
core   0: 3 0x8000120e (0x9a7d) x12 0x00000000
core   0: 0x80001210 (0x01882eb3) slt     t4, a6, s8
core   0: 3 0x80001210 (0x01882eb3) x29 0x00000000
core   0: 0x80001214 (0x01ee46b3) xor     a3, t3, t5
core   0: 3 0x80001214 (0x01ee46b3) x13 0x07d1c8d1
core   0: 0x80001218 (0x00008952) c.mv    s2, s4
core   0: 3 0x80001218 (0x8952) x18 0x00000001
core   0: 0x8000121a (0x035e9cb3) mulh    s9, t4, s5
core   0: 3 0x8000121a (0x035e9cb3) x25 0x00000000
core   0: 0x8000121e (0x0000537d) c.li    t1, -1
core   0: 3 0x8000121e (0x537d) x 6 0xffffffff
core   0: 0x80001220 (0x01049f93) slli    t6, s1, 16
core   0: 3 0x80001220 (0x01049f93) x31 0xfadc0000
core   0: 0x80001224 (0x00000709) c.addi  a4, 2
core   0: 3 0x80001224 (0x0709) x14 0x00000000
core   0: 0x80001226 (0x01215b93) srli    s7, sp, 18
core   0: 3 0x80001226 (0x01215b93) x23 0x00001f19
core   0: 0x8000122a (0x00008ddd) c.or    a1, a5
core   0: 3 0x8000122a (0x8ddd) x11 0xfffffff7
core   0: 0x8000122c (0xfe3711e3) bne     a4, gp, pc - 30
core   0: 3 0x8000122c (0xfe3711e3)
core   0: 0x8000120e (0x00009a7d) c.andi  a2, -1
core   0: 3 0x8000120e (0x9a7d) x12 0x00000000
core   0: 0x80001210 (0x01882eb3) slt     t4, a6, s8
core   0: 3 0x80001210 (0x01882eb3) x29 0x00000000
core   0: 0x80001214 (0x01ee46b3) xor     a3, t3, t5
core   0: 3 0x80001214 (0x01ee46b3) x13 0x07d1c8d1
core   0: 0x80001218 (0x00008952) c.mv    s2, s4
core   0: 3 0x80001218 (0x8952) x18 0x00000001
core   0: 0x8000121a (0x035e9cb3) mulh    s9, t4, s5
core   0: 3 0x8000121a (0x035e9cb3) x25 0x00000000
core   0: 0x8000121e (0x0000537d) c.li    t1, -1
core   0: 3 0x8000121e (0x537d) x 6 0xffffffff
core   0: 0x80001220 (0x01049f93) slli    t6, s1, 16
core   0: 3 0x80001220 (0x01049f93) x31 0xfadc0000
core   0: 0x80001224 (0x00000709) c.addi  a4, 2
core   0: 3 0x80001224 (0x0709) x14 0x00000002
core   0: 0x80001226 (0x01215b93) srli    s7, sp, 18
core   0: 3 0x80001226 (0x01215b93) x23 0x00001f19
core   0: 0x8000122a (0x00008ddd) c.or    a1, a5
core   0: 3 0x8000122a (0x8ddd) x11 0xfffffff7
core   0: 0x8000122c (0xfe3711e3) bne     a4, gp, pc - 30
core   0: 3 0x8000122c (0xfe3711e3)
core   0: 0x8000120e (0x00009a7d) c.andi  a2, -1
core   0: 3 0x8000120e (0x9a7d) x12 0x00000000
core   0: 0x80001210 (0x01882eb3) slt     t4, a6, s8
core   0: 3 0x80001210 (0x01882eb3) x29 0x00000000
core   0: 0x80001214 (0x01ee46b3) xor     a3, t3, t5
core   0: 3 0x80001214 (0x01ee46b3) x13 0x07d1c8d1
core   0: 0x80001218 (0x00008952) c.mv    s2, s4
core   0: 3 0x80001218 (0x8952) x18 0x00000001
core   0: 0x8000121a (0x035e9cb3) mulh    s9, t4, s5
core   0: 3 0x8000121a (0x035e9cb3) x25 0x00000000
core   0: 0x8000121e (0x0000537d) c.li    t1, -1
core   0: 3 0x8000121e (0x537d) x 6 0xffffffff
core   0: 0x80001220 (0x01049f93) slli    t6, s1, 16
core   0: 3 0x80001220 (0x01049f93) x31 0xfadc0000
core   0: 0x80001224 (0x00000709) c.addi  a4, 2
core   0: 3 0x80001224 (0x0709) x14 0x00000004
core   0: 0x80001226 (0x01215b93) srli    s7, sp, 18
core   0: 3 0x80001226 (0x01215b93) x23 0x00001f19
core   0: 0x8000122a (0x00008ddd) c.or    a1, a5
core   0: 3 0x8000122a (0x8ddd) x11 0xfffffff7
core   0: 0x8000122c (0xfe3711e3) bne     a4, gp, pc - 30
core   0: 3 0x8000122c (0xfe3711e3)
core   0: 0x8000120e (0x00009a7d) c.andi  a2, -1
core   0: 3 0x8000120e (0x9a7d) x12 0x00000000
core   0: 0x80001210 (0x01882eb3) slt     t4, a6, s8
core   0: 3 0x80001210 (0x01882eb3) x29 0x00000000
core   0: 0x80001214 (0x01ee46b3) xor     a3, t3, t5
core   0: 3 0x80001214 (0x01ee46b3) x13 0x07d1c8d1
core   0: 0x80001218 (0x00008952) c.mv    s2, s4
core   0: 3 0x80001218 (0x8952) x18 0x00000001
core   0: 0x8000121a (0x035e9cb3) mulh    s9, t4, s5
core   0: 3 0x8000121a (0x035e9cb3) x25 0x00000000
core   0: 0x8000121e (0x0000537d) c.li    t1, -1
core   0: 3 0x8000121e (0x537d) x 6 0xffffffff
core   0: 0x80001220 (0x01049f93) slli    t6, s1, 16
core   0: 3 0x80001220 (0x01049f93) x31 0xfadc0000
core   0: 0x80001224 (0x00000709) c.addi  a4, 2
core   0: 3 0x80001224 (0x0709) x14 0x00000006
core   0: 0x80001226 (0x01215b93) srli    s7, sp, 18
core   0: 3 0x80001226 (0x01215b93) x23 0x00001f19
core   0: 0x8000122a (0x00008ddd) c.or    a1, a5
core   0: 3 0x8000122a (0x8ddd) x11 0xfffffff7
core   0: 0x8000122c (0xfe3711e3) bne     a4, gp, pc - 30
core   0: 3 0x8000122c (0xfe3711e3)
core   0: 0x8000120e (0x00009a7d) c.andi  a2, -1
core   0: 3 0x8000120e (0x9a7d) x12 0x00000000
core   0: 0x80001210 (0x01882eb3) slt     t4, a6, s8
core   0: 3 0x80001210 (0x01882eb3) x29 0x00000000
core   0: 0x80001214 (0x01ee46b3) xor     a3, t3, t5
core   0: 3 0x80001214 (0x01ee46b3) x13 0x07d1c8d1
core   0: 0x80001218 (0x00008952) c.mv    s2, s4
core   0: 3 0x80001218 (0x8952) x18 0x00000001
core   0: 0x8000121a (0x035e9cb3) mulh    s9, t4, s5
core   0: 3 0x8000121a (0x035e9cb3) x25 0x00000000
core   0: 0x8000121e (0x0000537d) c.li    t1, -1
core   0: 3 0x8000121e (0x537d) x 6 0xffffffff
core   0: 0x80001220 (0x01049f93) slli    t6, s1, 16
core   0: 3 0x80001220 (0x01049f93) x31 0xfadc0000
core   0: 0x80001224 (0x00000709) c.addi  a4, 2
core   0: 3 0x80001224 (0x0709) x14 0x00000008
core   0: 0x80001226 (0x01215b93) srli    s7, sp, 18
core   0: 3 0x80001226 (0x01215b93) x23 0x00001f19
core   0: 0x8000122a (0x00008ddd) c.or    a1, a5
core   0: 3 0x8000122a (0x8ddd) x11 0xfffffff7
core   0: 0x8000122c (0xfe3711e3) bne     a4, gp, pc - 30
core   0: 3 0x8000122c (0xfe3711e3)
core   0: 0x8000120e (0x00009a7d) c.andi  a2, -1
core   0: 3 0x8000120e (0x9a7d) x12 0x00000000
core   0: 0x80001210 (0x01882eb3) slt     t4, a6, s8
core   0: 3 0x80001210 (0x01882eb3) x29 0x00000000
core   0: 0x80001214 (0x01ee46b3) xor     a3, t3, t5
core   0: 3 0x80001214 (0x01ee46b3) x13 0x07d1c8d1
core   0: 0x80001218 (0x00008952) c.mv    s2, s4
core   0: 3 0x80001218 (0x8952) x18 0x00000001
core   0: 0x8000121a (0x035e9cb3) mulh    s9, t4, s5
core   0: 3 0x8000121a (0x035e9cb3) x25 0x00000000
core   0: 0x8000121e (0x0000537d) c.li    t1, -1
core   0: 3 0x8000121e (0x537d) x 6 0xffffffff
core   0: 0x80001220 (0x01049f93) slli    t6, s1, 16
core   0: 3 0x80001220 (0x01049f93) x31 0xfadc0000
core   0: 0x80001224 (0x00000709) c.addi  a4, 2
core   0: 3 0x80001224 (0x0709) x14 0x0000000a
core   0: 0x80001226 (0x01215b93) srli    s7, sp, 18
core   0: 3 0x80001226 (0x01215b93) x23 0x00001f19
core   0: 0x8000122a (0x00008ddd) c.or    a1, a5
core   0: 3 0x8000122a (0x8ddd) x11 0xfffffff7
core   0: 0x8000122c (0xfe3711e3) bne     a4, gp, pc - 30
core   0: 3 0x8000122c (0xfe3711e3)
core   0: 0x8000120e (0x00009a7d) c.andi  a2, -1
core   0: 3 0x8000120e (0x9a7d) x12 0x00000000
core   0: 0x80001210 (0x01882eb3) slt     t4, a6, s8
core   0: 3 0x80001210 (0x01882eb3) x29 0x00000000
core   0: 0x80001214 (0x01ee46b3) xor     a3, t3, t5
core   0: 3 0x80001214 (0x01ee46b3) x13 0x07d1c8d1
core   0: 0x80001218 (0x00008952) c.mv    s2, s4
core   0: 3 0x80001218 (0x8952) x18 0x00000001
core   0: 0x8000121a (0x035e9cb3) mulh    s9, t4, s5
core   0: 3 0x8000121a (0x035e9cb3) x25 0x00000000
core   0: 0x8000121e (0x0000537d) c.li    t1, -1
core   0: 3 0x8000121e (0x537d) x 6 0xffffffff
core   0: 0x80001220 (0x01049f93) slli    t6, s1, 16
core   0: 3 0x80001220 (0x01049f93) x31 0xfadc0000
core   0: 0x80001224 (0x00000709) c.addi  a4, 2
core   0: 3 0x80001224 (0x0709) x14 0x0000000c
core   0: 0x80001226 (0x01215b93) srli    s7, sp, 18
core   0: 3 0x80001226 (0x01215b93) x23 0x00001f19
core   0: 0x8000122a (0x00008ddd) c.or    a1, a5
core   0: 3 0x8000122a (0x8ddd) x11 0xfffffff7
core   0: 0x8000122c (0xfe3711e3) bne     a4, gp, pc - 30
core   0: 3 0x8000122c (0xfe3711e3)
core   0: 0x8000120e (0x00009a7d) c.andi  a2, -1
core   0: 3 0x8000120e (0x9a7d) x12 0x00000000
core   0: 0x80001210 (0x01882eb3) slt     t4, a6, s8
core   0: 3 0x80001210 (0x01882eb3) x29 0x00000000
core   0: 0x80001214 (0x01ee46b3) xor     a3, t3, t5
core   0: 3 0x80001214 (0x01ee46b3) x13 0x07d1c8d1
core   0: 0x80001218 (0x00008952) c.mv    s2, s4
core   0: 3 0x80001218 (0x8952) x18 0x00000001
core   0: 0x8000121a (0x035e9cb3) mulh    s9, t4, s5
core   0: 3 0x8000121a (0x035e9cb3) x25 0x00000000
core   0: 0x8000121e (0x0000537d) c.li    t1, -1
core   0: 3 0x8000121e (0x537d) x 6 0xffffffff
core   0: 0x80001220 (0x01049f93) slli    t6, s1, 16
core   0: 3 0x80001220 (0x01049f93) x31 0xfadc0000
core   0: 0x80001224 (0x00000709) c.addi  a4, 2
core   0: 3 0x80001224 (0x0709) x14 0x0000000e
core   0: 0x80001226 (0x01215b93) srli    s7, sp, 18
core   0: 3 0x80001226 (0x01215b93) x23 0x00001f19
core   0: 0x8000122a (0x00008ddd) c.or    a1, a5
core   0: 3 0x8000122a (0x8ddd) x11 0xfffffff7
core   0: 0x8000122c (0xfe3711e3) bne     a4, gp, pc - 30
core   0: 3 0x8000122c (0xfe3711e3)
core   0: 0x8000120e (0x00009a7d) c.andi  a2, -1
core   0: 3 0x8000120e (0x9a7d) x12 0x00000000
core   0: 0x80001210 (0x01882eb3) slt     t4, a6, s8
core   0: 3 0x80001210 (0x01882eb3) x29 0x00000000
core   0: 0x80001214 (0x01ee46b3) xor     a3, t3, t5
core   0: 3 0x80001214 (0x01ee46b3) x13 0x07d1c8d1
core   0: 0x80001218 (0x00008952) c.mv    s2, s4
core   0: 3 0x80001218 (0x8952) x18 0x00000001
core   0: 0x8000121a (0x035e9cb3) mulh    s9, t4, s5
core   0: 3 0x8000121a (0x035e9cb3) x25 0x00000000
core   0: 0x8000121e (0x0000537d) c.li    t1, -1
core   0: 3 0x8000121e (0x537d) x 6 0xffffffff
core   0: 0x80001220 (0x01049f93) slli    t6, s1, 16
core   0: 3 0x80001220 (0x01049f93) x31 0xfadc0000
core   0: 0x80001224 (0x00000709) c.addi  a4, 2
core   0: 3 0x80001224 (0x0709) x14 0x00000010
core   0: 0x80001226 (0x01215b93) srli    s7, sp, 18
core   0: 3 0x80001226 (0x01215b93) x23 0x00001f19
core   0: 0x8000122a (0x00008ddd) c.or    a1, a5
core   0: 3 0x8000122a (0x8ddd) x11 0xfffffff7
core   0: 0x8000122c (0xfe3711e3) bne     a4, gp, pc - 30
core   0: 3 0x8000122c (0xfe3711e3)
core   0: 0x80001230 (0xc8bedd17) auipc   s10, 0xc8bed
core   0: 3 0x80001230 (0xc8bedd17) x26 0x48bee230
core   0: 0x80001234 (0x036938b3) mulhu   a7, s2, s6
core   0: 3 0x80001234 (0x036938b3) x17 0x00000000
core   0: 0x80001238 (0xfafc5ae3) bge     s8, a5, pc - 76
core   0: 3 0x80001238 (0xfafc5ae3)
core   0: 0x800011ec (0x00008cf9) c.and   s1, a4
core   0: 3 0x800011ec (0x8cf9) x 9 0x00000010
core   0: 0x800011ee (0xadc80493) addi    s1, a6, -1316
core   0: 3 0x800011ee (0xadc80493) x 9 0xfffffadc
core   0: 0x800011f2 (0x0000717d) c.addi16sp sp, -16
core   0: 3 0x800011f2 (0x717d) x 2 0x7c67510b
core   0: 0x800011f4 (0x00001c5d) c.addi  s8, -9
core   0: 3 0x800011f4 (0x1c5d) x24 0xfffffff3
core   0: 0x800011f6 (0x00008e11) c.sub   a2, a2
core   0: 3 0x800011f6 (0x8e11) x12 0x00000000
core   0: 0x800011f8 (0x00009156) c.add   sp, s5
core   0: 3 0x800011f8 (0x9156) x 2 0xf8cea22d
core   0: 0x800011fa (0xfa8f2413) slti    s0, t5, -88
core   0: 3 0x800011fa (0xfa8f2413) x 8 0x00000000
core   0: 0x800011fe (0xffc00713) li      a4, -4
core   0: 3 0x800011fe (0xffc00713) x14 0xfffffffc
core   0: 0x80001202 (0x00008a8d) c.andi  a3, 3
core   0: 3 0x80001202 (0x8a8d) x13 0x00000001
core   0: 0x80001204 (0x01000193) li      gp, 16
core   0: 3 0x80001204 (0x01000193) x 3 0x00000010
core   0: 0x80001208 (0x24bf3093) sltiu   ra, t5, 587
core   0: 3 0x80001208 (0x24bf3093) x 1 0x00000000
core   0: 0x8000120c (0x00008306) c.mv    t1, ra
core   0: 3 0x8000120c (0x8306) x 6 0x00000000
core   0: 0x8000120e (0x00009a7d) c.andi  a2, -1
core   0: 3 0x8000120e (0x9a7d) x12 0x00000000
core   0: 0x80001210 (0x01882eb3) slt     t4, a6, s8
core   0: 3 0x80001210 (0x01882eb3) x29 0x00000000
core   0: 0x80001214 (0x01ee46b3) xor     a3, t3, t5
core   0: 3 0x80001214 (0x01ee46b3) x13 0x07d1c8d1
core   0: 0x80001218 (0x00008952) c.mv    s2, s4
core   0: 3 0x80001218 (0x8952) x18 0x00000001
core   0: 0x8000121a (0x035e9cb3) mulh    s9, t4, s5
core   0: 3 0x8000121a (0x035e9cb3) x25 0x00000000
core   0: 0x8000121e (0x0000537d) c.li    t1, -1
core   0: 3 0x8000121e (0x537d) x 6 0xffffffff
core   0: 0x80001220 (0x01049f93) slli    t6, s1, 16
core   0: 3 0x80001220 (0x01049f93) x31 0xfadc0000
core   0: 0x80001224 (0x00000709) c.addi  a4, 2
core   0: 3 0x80001224 (0x0709) x14 0xfffffffe
core   0: 0x80001226 (0x01215b93) srli    s7, sp, 18
core   0: 3 0x80001226 (0x01215b93) x23 0x00003e33
core   0: 0x8000122a (0x00008ddd) c.or    a1, a5
core   0: 3 0x8000122a (0x8ddd) x11 0xfffffff7
core   0: 0x8000122c (0xfe3711e3) bne     a4, gp, pc - 30
core   0: 3 0x8000122c (0xfe3711e3)
core   0: 0x8000120e (0x00009a7d) c.andi  a2, -1
core   0: 3 0x8000120e (0x9a7d) x12 0x00000000
core   0: 0x80001210 (0x01882eb3) slt     t4, a6, s8
core   0: 3 0x80001210 (0x01882eb3) x29 0x00000000
core   0: 0x80001214 (0x01ee46b3) xor     a3, t3, t5
core   0: 3 0x80001214 (0x01ee46b3) x13 0x07d1c8d1
core   0: 0x80001218 (0x00008952) c.mv    s2, s4
core   0: 3 0x80001218 (0x8952) x18 0x00000001
core   0: 0x8000121a (0x035e9cb3) mulh    s9, t4, s5
core   0: 3 0x8000121a (0x035e9cb3) x25 0x00000000
core   0: 0x8000121e (0x0000537d) c.li    t1, -1
core   0: 3 0x8000121e (0x537d) x 6 0xffffffff
core   0: 0x80001220 (0x01049f93) slli    t6, s1, 16
core   0: 3 0x80001220 (0x01049f93) x31 0xfadc0000
core   0: 0x80001224 (0x00000709) c.addi  a4, 2
core   0: 3 0x80001224 (0x0709) x14 0x00000000
core   0: 0x80001226 (0x01215b93) srli    s7, sp, 18
core   0: 3 0x80001226 (0x01215b93) x23 0x00003e33
core   0: 0x8000122a (0x00008ddd) c.or    a1, a5
core   0: 3 0x8000122a (0x8ddd) x11 0xfffffff7
core   0: 0x8000122c (0xfe3711e3) bne     a4, gp, pc - 30
core   0: 3 0x8000122c (0xfe3711e3)
core   0: 0x8000120e (0x00009a7d) c.andi  a2, -1
core   0: 3 0x8000120e (0x9a7d) x12 0x00000000
core   0: 0x80001210 (0x01882eb3) slt     t4, a6, s8
core   0: 3 0x80001210 (0x01882eb3) x29 0x00000000
core   0: 0x80001214 (0x01ee46b3) xor     a3, t3, t5
core   0: 3 0x80001214 (0x01ee46b3) x13 0x07d1c8d1
core   0: 0x80001218 (0x00008952) c.mv    s2, s4
core   0: 3 0x80001218 (0x8952) x18 0x00000001
core   0: 0x8000121a (0x035e9cb3) mulh    s9, t4, s5
core   0: 3 0x8000121a (0x035e9cb3) x25 0x00000000
core   0: 0x8000121e (0x0000537d) c.li    t1, -1
core   0: 3 0x8000121e (0x537d) x 6 0xffffffff
core   0: 0x80001220 (0x01049f93) slli    t6, s1, 16
core   0: 3 0x80001220 (0x01049f93) x31 0xfadc0000
core   0: 0x80001224 (0x00000709) c.addi  a4, 2
core   0: 3 0x80001224 (0x0709) x14 0x00000002
core   0: 0x80001226 (0x01215b93) srli    s7, sp, 18
core   0: 3 0x80001226 (0x01215b93) x23 0x00003e33
core   0: 0x8000122a (0x00008ddd) c.or    a1, a5
core   0: 3 0x8000122a (0x8ddd) x11 0xfffffff7
core   0: 0x8000122c (0xfe3711e3) bne     a4, gp, pc - 30
core   0: 3 0x8000122c (0xfe3711e3)
core   0: 0x8000120e (0x00009a7d) c.andi  a2, -1
core   0: 3 0x8000120e (0x9a7d) x12 0x00000000
core   0: 0x80001210 (0x01882eb3) slt     t4, a6, s8
core   0: 3 0x80001210 (0x01882eb3) x29 0x00000000
core   0: 0x80001214 (0x01ee46b3) xor     a3, t3, t5
core   0: 3 0x80001214 (0x01ee46b3) x13 0x07d1c8d1
core   0: 0x80001218 (0x00008952) c.mv    s2, s4
core   0: 3 0x80001218 (0x8952) x18 0x00000001
core   0: 0x8000121a (0x035e9cb3) mulh    s9, t4, s5
core   0: 3 0x8000121a (0x035e9cb3) x25 0x00000000
core   0: 0x8000121e (0x0000537d) c.li    t1, -1
core   0: 3 0x8000121e (0x537d) x 6 0xffffffff
core   0: 0x80001220 (0x01049f93) slli    t6, s1, 16
core   0: 3 0x80001220 (0x01049f93) x31 0xfadc0000
core   0: 0x80001224 (0x00000709) c.addi  a4, 2
core   0: 3 0x80001224 (0x0709) x14 0x00000004
core   0: 0x80001226 (0x01215b93) srli    s7, sp, 18
core   0: 3 0x80001226 (0x01215b93) x23 0x00003e33
core   0: 0x8000122a (0x00008ddd) c.or    a1, a5
core   0: 3 0x8000122a (0x8ddd) x11 0xfffffff7
core   0: 0x8000122c (0xfe3711e3) bne     a4, gp, pc - 30
core   0: 3 0x8000122c (0xfe3711e3)
core   0: 0x8000120e (0x00009a7d) c.andi  a2, -1
core   0: 3 0x8000120e (0x9a7d) x12 0x00000000
core   0: 0x80001210 (0x01882eb3) slt     t4, a6, s8
core   0: 3 0x80001210 (0x01882eb3) x29 0x00000000
core   0: 0x80001214 (0x01ee46b3) xor     a3, t3, t5
core   0: 3 0x80001214 (0x01ee46b3) x13 0x07d1c8d1
core   0: 0x80001218 (0x00008952) c.mv    s2, s4
core   0: 3 0x80001218 (0x8952) x18 0x00000001
core   0: 0x8000121a (0x035e9cb3) mulh    s9, t4, s5
core   0: 3 0x8000121a (0x035e9cb3) x25 0x00000000
core   0: 0x8000121e (0x0000537d) c.li    t1, -1
core   0: 3 0x8000121e (0x537d) x 6 0xffffffff
core   0: 0x80001220 (0x01049f93) slli    t6, s1, 16
core   0: 3 0x80001220 (0x01049f93) x31 0xfadc0000
core   0: 0x80001224 (0x00000709) c.addi  a4, 2
core   0: 3 0x80001224 (0x0709) x14 0x00000006
core   0: 0x80001226 (0x01215b93) srli    s7, sp, 18
core   0: 3 0x80001226 (0x01215b93) x23 0x00003e33
core   0: 0x8000122a (0x00008ddd) c.or    a1, a5
core   0: 3 0x8000122a (0x8ddd) x11 0xfffffff7
core   0: 0x8000122c (0xfe3711e3) bne     a4, gp, pc - 30
core   0: 3 0x8000122c (0xfe3711e3)
core   0: 0x8000120e (0x00009a7d) c.andi  a2, -1
core   0: 3 0x8000120e (0x9a7d) x12 0x00000000
core   0: 0x80001210 (0x01882eb3) slt     t4, a6, s8
core   0: 3 0x80001210 (0x01882eb3) x29 0x00000000
core   0: 0x80001214 (0x01ee46b3) xor     a3, t3, t5
core   0: 3 0x80001214 (0x01ee46b3) x13 0x07d1c8d1
core   0: 0x80001218 (0x00008952) c.mv    s2, s4
core   0: 3 0x80001218 (0x8952) x18 0x00000001
core   0: 0x8000121a (0x035e9cb3) mulh    s9, t4, s5
core   0: 3 0x8000121a (0x035e9cb3) x25 0x00000000
core   0: 0x8000121e (0x0000537d) c.li    t1, -1
core   0: 3 0x8000121e (0x537d) x 6 0xffffffff
core   0: 0x80001220 (0x01049f93) slli    t6, s1, 16
core   0: 3 0x80001220 (0x01049f93) x31 0xfadc0000
core   0: 0x80001224 (0x00000709) c.addi  a4, 2
core   0: 3 0x80001224 (0x0709) x14 0x00000008
core   0: 0x80001226 (0x01215b93) srli    s7, sp, 18
core   0: 3 0x80001226 (0x01215b93) x23 0x00003e33
core   0: 0x8000122a (0x00008ddd) c.or    a1, a5
core   0: 3 0x8000122a (0x8ddd) x11 0xfffffff7
core   0: 0x8000122c (0xfe3711e3) bne     a4, gp, pc - 30
core   0: 3 0x8000122c (0xfe3711e3)
core   0: 0x8000120e (0x00009a7d) c.andi  a2, -1
core   0: 3 0x8000120e (0x9a7d) x12 0x00000000
core   0: 0x80001210 (0x01882eb3) slt     t4, a6, s8
core   0: 3 0x80001210 (0x01882eb3) x29 0x00000000
core   0: 0x80001214 (0x01ee46b3) xor     a3, t3, t5
core   0: 3 0x80001214 (0x01ee46b3) x13 0x07d1c8d1
core   0: 0x80001218 (0x00008952) c.mv    s2, s4
core   0: 3 0x80001218 (0x8952) x18 0x00000001
core   0: 0x8000121a (0x035e9cb3) mulh    s9, t4, s5
core   0: 3 0x8000121a (0x035e9cb3) x25 0x00000000
core   0: 0x8000121e (0x0000537d) c.li    t1, -1
core   0: 3 0x8000121e (0x537d) x 6 0xffffffff
core   0: 0x80001220 (0x01049f93) slli    t6, s1, 16
core   0: 3 0x80001220 (0x01049f93) x31 0xfadc0000
core   0: 0x80001224 (0x00000709) c.addi  a4, 2
core   0: 3 0x80001224 (0x0709) x14 0x0000000a
core   0: 0x80001226 (0x01215b93) srli    s7, sp, 18
core   0: 3 0x80001226 (0x01215b93) x23 0x00003e33
core   0: 0x8000122a (0x00008ddd) c.or    a1, a5
core   0: 3 0x8000122a (0x8ddd) x11 0xfffffff7
core   0: 0x8000122c (0xfe3711e3) bne     a4, gp, pc - 30
core   0: 3 0x8000122c (0xfe3711e3)
core   0: 0x8000120e (0x00009a7d) c.andi  a2, -1
core   0: 3 0x8000120e (0x9a7d) x12 0x00000000
core   0: 0x80001210 (0x01882eb3) slt     t4, a6, s8
core   0: 3 0x80001210 (0x01882eb3) x29 0x00000000
core   0: 0x80001214 (0x01ee46b3) xor     a3, t3, t5
core   0: 3 0x80001214 (0x01ee46b3) x13 0x07d1c8d1
core   0: 0x80001218 (0x00008952) c.mv    s2, s4
core   0: 3 0x80001218 (0x8952) x18 0x00000001
core   0: 0x8000121a (0x035e9cb3) mulh    s9, t4, s5
core   0: 3 0x8000121a (0x035e9cb3) x25 0x00000000
core   0: 0x8000121e (0x0000537d) c.li    t1, -1
core   0: 3 0x8000121e (0x537d) x 6 0xffffffff
core   0: 0x80001220 (0x01049f93) slli    t6, s1, 16
core   0: 3 0x80001220 (0x01049f93) x31 0xfadc0000
core   0: 0x80001224 (0x00000709) c.addi  a4, 2
core   0: 3 0x80001224 (0x0709) x14 0x0000000c
core   0: 0x80001226 (0x01215b93) srli    s7, sp, 18
core   0: 3 0x80001226 (0x01215b93) x23 0x00003e33
core   0: 0x8000122a (0x00008ddd) c.or    a1, a5
core   0: 3 0x8000122a (0x8ddd) x11 0xfffffff7
core   0: 0x8000122c (0xfe3711e3) bne     a4, gp, pc - 30
core   0: 3 0x8000122c (0xfe3711e3)
core   0: 0x8000120e (0x00009a7d) c.andi  a2, -1
core   0: 3 0x8000120e (0x9a7d) x12 0x00000000
core   0: 0x80001210 (0x01882eb3) slt     t4, a6, s8
core   0: 3 0x80001210 (0x01882eb3) x29 0x00000000
core   0: 0x80001214 (0x01ee46b3) xor     a3, t3, t5
core   0: 3 0x80001214 (0x01ee46b3) x13 0x07d1c8d1
core   0: 0x80001218 (0x00008952) c.mv    s2, s4
core   0: 3 0x80001218 (0x8952) x18 0x00000001
core   0: 0x8000121a (0x035e9cb3) mulh    s9, t4, s5
core   0: 3 0x8000121a (0x035e9cb3) x25 0x00000000
core   0: 0x8000121e (0x0000537d) c.li    t1, -1
core   0: 3 0x8000121e (0x537d) x 6 0xffffffff
core   0: 0x80001220 (0x01049f93) slli    t6, s1, 16
core   0: 3 0x80001220 (0x01049f93) x31 0xfadc0000
core   0: 0x80001224 (0x00000709) c.addi  a4, 2
core   0: 3 0x80001224 (0x0709) x14 0x0000000e
core   0: 0x80001226 (0x01215b93) srli    s7, sp, 18
core   0: 3 0x80001226 (0x01215b93) x23 0x00003e33
core   0: 0x8000122a (0x00008ddd) c.or    a1, a5
core   0: 3 0x8000122a (0x8ddd) x11 0xfffffff7
core   0: 0x8000122c (0xfe3711e3) bne     a4, gp, pc - 30
core   0: 3 0x8000122c (0xfe3711e3)
core   0: 0x8000120e (0x00009a7d) c.andi  a2, -1
core   0: 3 0x8000120e (0x9a7d) x12 0x00000000
core   0: 0x80001210 (0x01882eb3) slt     t4, a6, s8
core   0: 3 0x80001210 (0x01882eb3) x29 0x00000000
core   0: 0x80001214 (0x01ee46b3) xor     a3, t3, t5
core   0: 3 0x80001214 (0x01ee46b3) x13 0x07d1c8d1
core   0: 0x80001218 (0x00008952) c.mv    s2, s4
core   0: 3 0x80001218 (0x8952) x18 0x00000001
core   0: 0x8000121a (0x035e9cb3) mulh    s9, t4, s5
core   0: 3 0x8000121a (0x035e9cb3) x25 0x00000000
core   0: 0x8000121e (0x0000537d) c.li    t1, -1
core   0: 3 0x8000121e (0x537d) x 6 0xffffffff
core   0: 0x80001220 (0x01049f93) slli    t6, s1, 16
core   0: 3 0x80001220 (0x01049f93) x31 0xfadc0000
core   0: 0x80001224 (0x00000709) c.addi  a4, 2
core   0: 3 0x80001224 (0x0709) x14 0x00000010
core   0: 0x80001226 (0x01215b93) srli    s7, sp, 18
core   0: 3 0x80001226 (0x01215b93) x23 0x00003e33
core   0: 0x8000122a (0x00008ddd) c.or    a1, a5
core   0: 3 0x8000122a (0x8ddd) x11 0xfffffff7
core   0: 0x8000122c (0xfe3711e3) bne     a4, gp, pc - 30
core   0: 3 0x8000122c (0xfe3711e3)
core   0: 0x80001230 (0xc8bedd17) auipc   s10, 0xc8bed
core   0: 3 0x80001230 (0xc8bedd17) x26 0x48bee230
core   0: 0x80001234 (0x036938b3) mulhu   a7, s2, s6
core   0: 3 0x80001234 (0x036938b3) x17 0x00000000
core   0: 0x80001238 (0xfafc5ae3) bge     s8, a5, pc - 76
core   0: 3 0x80001238 (0xfafc5ae3)
core   0: 0x800011ec (0x00008cf9) c.and   s1, a4
core   0: 3 0x800011ec (0x8cf9) x 9 0x00000010
core   0: 0x800011ee (0xadc80493) addi    s1, a6, -1316
core   0: 3 0x800011ee (0xadc80493) x 9 0xfffffadc
core   0: 0x800011f2 (0x0000717d) c.addi16sp sp, -16
core   0: 3 0x800011f2 (0x717d) x 2 0xf8cea21d
core   0: 0x800011f4 (0x00001c5d) c.addi  s8, -9
core   0: 3 0x800011f4 (0x1c5d) x24 0xffffffea
core   0: 0x800011f6 (0x00008e11) c.sub   a2, a2
core   0: 3 0x800011f6 (0x8e11) x12 0x00000000
core   0: 0x800011f8 (0x00009156) c.add   sp, s5
core   0: 3 0x800011f8 (0x9156) x 2 0x7535f33f
core   0: 0x800011fa (0xfa8f2413) slti    s0, t5, -88
core   0: 3 0x800011fa (0xfa8f2413) x 8 0x00000000
core   0: 0x800011fe (0xffc00713) li      a4, -4
core   0: 3 0x800011fe (0xffc00713) x14 0xfffffffc
core   0: 0x80001202 (0x00008a8d) c.andi  a3, 3
core   0: 3 0x80001202 (0x8a8d) x13 0x00000001
core   0: 0x80001204 (0x01000193) li      gp, 16
core   0: 3 0x80001204 (0x01000193) x 3 0x00000010
core   0: 0x80001208 (0x24bf3093) sltiu   ra, t5, 587
core   0: 3 0x80001208 (0x24bf3093) x 1 0x00000000
core   0: 0x8000120c (0x00008306) c.mv    t1, ra
core   0: 3 0x8000120c (0x8306) x 6 0x00000000
core   0: 0x8000120e (0x00009a7d) c.andi  a2, -1
core   0: 3 0x8000120e (0x9a7d) x12 0x00000000
core   0: 0x80001210 (0x01882eb3) slt     t4, a6, s8
core   0: 3 0x80001210 (0x01882eb3) x29 0x00000000
core   0: 0x80001214 (0x01ee46b3) xor     a3, t3, t5
core   0: 3 0x80001214 (0x01ee46b3) x13 0x07d1c8d1
core   0: 0x80001218 (0x00008952) c.mv    s2, s4
core   0: 3 0x80001218 (0x8952) x18 0x00000001
core   0: 0x8000121a (0x035e9cb3) mulh    s9, t4, s5
core   0: 3 0x8000121a (0x035e9cb3) x25 0x00000000
core   0: 0x8000121e (0x0000537d) c.li    t1, -1
core   0: 3 0x8000121e (0x537d) x 6 0xffffffff
core   0: 0x80001220 (0x01049f93) slli    t6, s1, 16
core   0: 3 0x80001220 (0x01049f93) x31 0xfadc0000
core   0: 0x80001224 (0x00000709) c.addi  a4, 2
core   0: 3 0x80001224 (0x0709) x14 0xfffffffe
core   0: 0x80001226 (0x01215b93) srli    s7, sp, 18
core   0: 3 0x80001226 (0x01215b93) x23 0x00001d4d
core   0: 0x8000122a (0x00008ddd) c.or    a1, a5
core   0: 3 0x8000122a (0x8ddd) x11 0xfffffff7
core   0: 0x8000122c (0xfe3711e3) bne     a4, gp, pc - 30
core   0: 3 0x8000122c (0xfe3711e3)
core   0: 0x8000120e (0x00009a7d) c.andi  a2, -1
core   0: 3 0x8000120e (0x9a7d) x12 0x00000000
core   0: 0x80001210 (0x01882eb3) slt     t4, a6, s8
core   0: 3 0x80001210 (0x01882eb3) x29 0x00000000
core   0: 0x80001214 (0x01ee46b3) xor     a3, t3, t5
core   0: 3 0x80001214 (0x01ee46b3) x13 0x07d1c8d1
core   0: 0x80001218 (0x00008952) c.mv    s2, s4
core   0: 3 0x80001218 (0x8952) x18 0x00000001
core   0: 0x8000121a (0x035e9cb3) mulh    s9, t4, s5
core   0: 3 0x8000121a (0x035e9cb3) x25 0x00000000
core   0: 0x8000121e (0x0000537d) c.li    t1, -1
core   0: 3 0x8000121e (0x537d) x 6 0xffffffff
core   0: 0x80001220 (0x01049f93) slli    t6, s1, 16
core   0: 3 0x80001220 (0x01049f93) x31 0xfadc0000
core   0: 0x80001224 (0x00000709) c.addi  a4, 2
core   0: 3 0x80001224 (0x0709) x14 0x00000000
core   0: 0x80001226 (0x01215b93) srli    s7, sp, 18
core   0: 3 0x80001226 (0x01215b93) x23 0x00001d4d
core   0: 0x8000122a (0x00008ddd) c.or    a1, a5
core   0: 3 0x8000122a (0x8ddd) x11 0xfffffff7
core   0: 0x8000122c (0xfe3711e3) bne     a4, gp, pc - 30
core   0: 3 0x8000122c (0xfe3711e3)
core   0: 0x8000120e (0x00009a7d) c.andi  a2, -1
core   0: 3 0x8000120e (0x9a7d) x12 0x00000000
core   0: 0x80001210 (0x01882eb3) slt     t4, a6, s8
core   0: 3 0x80001210 (0x01882eb3) x29 0x00000000
core   0: 0x80001214 (0x01ee46b3) xor     a3, t3, t5
core   0: 3 0x80001214 (0x01ee46b3) x13 0x07d1c8d1
core   0: 0x80001218 (0x00008952) c.mv    s2, s4
core   0: 3 0x80001218 (0x8952) x18 0x00000001
core   0: 0x8000121a (0x035e9cb3) mulh    s9, t4, s5
core   0: 3 0x8000121a (0x035e9cb3) x25 0x00000000
core   0: 0x8000121e (0x0000537d) c.li    t1, -1
core   0: 3 0x8000121e (0x537d) x 6 0xffffffff
core   0: 0x80001220 (0x01049f93) slli    t6, s1, 16
core   0: 3 0x80001220 (0x01049f93) x31 0xfadc0000
core   0: 0x80001224 (0x00000709) c.addi  a4, 2
core   0: 3 0x80001224 (0x0709) x14 0x00000002
core   0: 0x80001226 (0x01215b93) srli    s7, sp, 18
core   0: 3 0x80001226 (0x01215b93) x23 0x00001d4d
core   0: 0x8000122a (0x00008ddd) c.or    a1, a5
core   0: 3 0x8000122a (0x8ddd) x11 0xfffffff7
core   0: 0x8000122c (0xfe3711e3) bne     a4, gp, pc - 30
core   0: 3 0x8000122c (0xfe3711e3)
core   0: 0x8000120e (0x00009a7d) c.andi  a2, -1
core   0: 3 0x8000120e (0x9a7d) x12 0x00000000
core   0: 0x80001210 (0x01882eb3) slt     t4, a6, s8
core   0: 3 0x80001210 (0x01882eb3) x29 0x00000000
core   0: 0x80001214 (0x01ee46b3) xor     a3, t3, t5
core   0: 3 0x80001214 (0x01ee46b3) x13 0x07d1c8d1
core   0: 0x80001218 (0x00008952) c.mv    s2, s4
core   0: 3 0x80001218 (0x8952) x18 0x00000001
core   0: 0x8000121a (0x035e9cb3) mulh    s9, t4, s5
core   0: 3 0x8000121a (0x035e9cb3) x25 0x00000000
core   0: 0x8000121e (0x0000537d) c.li    t1, -1
core   0: 3 0x8000121e (0x537d) x 6 0xffffffff
core   0: 0x80001220 (0x01049f93) slli    t6, s1, 16
core   0: 3 0x80001220 (0x01049f93) x31 0xfadc0000
core   0: 0x80001224 (0x00000709) c.addi  a4, 2
core   0: 3 0x80001224 (0x0709) x14 0x00000004
core   0: 0x80001226 (0x01215b93) srli    s7, sp, 18
core   0: 3 0x80001226 (0x01215b93) x23 0x00001d4d
core   0: 0x8000122a (0x00008ddd) c.or    a1, a5
core   0: 3 0x8000122a (0x8ddd) x11 0xfffffff7
core   0: 0x8000122c (0xfe3711e3) bne     a4, gp, pc - 30
core   0: 3 0x8000122c (0xfe3711e3)
core   0: 0x8000120e (0x00009a7d) c.andi  a2, -1
core   0: 3 0x8000120e (0x9a7d) x12 0x00000000
core   0: 0x80001210 (0x01882eb3) slt     t4, a6, s8
core   0: 3 0x80001210 (0x01882eb3) x29 0x00000000
core   0: 0x80001214 (0x01ee46b3) xor     a3, t3, t5
core   0: 3 0x80001214 (0x01ee46b3) x13 0x07d1c8d1
core   0: 0x80001218 (0x00008952) c.mv    s2, s4
core   0: 3 0x80001218 (0x8952) x18 0x00000001
core   0: 0x8000121a (0x035e9cb3) mulh    s9, t4, s5
core   0: 3 0x8000121a (0x035e9cb3) x25 0x00000000
core   0: 0x8000121e (0x0000537d) c.li    t1, -1
core   0: 3 0x8000121e (0x537d) x 6 0xffffffff
core   0: 0x80001220 (0x01049f93) slli    t6, s1, 16
core   0: 3 0x80001220 (0x01049f93) x31 0xfadc0000
core   0: 0x80001224 (0x00000709) c.addi  a4, 2
core   0: 3 0x80001224 (0x0709) x14 0x00000006
core   0: 0x80001226 (0x01215b93) srli    s7, sp, 18
core   0: 3 0x80001226 (0x01215b93) x23 0x00001d4d
core   0: 0x8000122a (0x00008ddd) c.or    a1, a5
core   0: 3 0x8000122a (0x8ddd) x11 0xfffffff7
core   0: 0x8000122c (0xfe3711e3) bne     a4, gp, pc - 30
core   0: 3 0x8000122c (0xfe3711e3)
core   0: 0x8000120e (0x00009a7d) c.andi  a2, -1
core   0: 3 0x8000120e (0x9a7d) x12 0x00000000
core   0: 0x80001210 (0x01882eb3) slt     t4, a6, s8
core   0: 3 0x80001210 (0x01882eb3) x29 0x00000000
core   0: 0x80001214 (0x01ee46b3) xor     a3, t3, t5
core   0: 3 0x80001214 (0x01ee46b3) x13 0x07d1c8d1
core   0: 0x80001218 (0x00008952) c.mv    s2, s4
core   0: 3 0x80001218 (0x8952) x18 0x00000001
core   0: 0x8000121a (0x035e9cb3) mulh    s9, t4, s5
core   0: 3 0x8000121a (0x035e9cb3) x25 0x00000000
core   0: 0x8000121e (0x0000537d) c.li    t1, -1
core   0: 3 0x8000121e (0x537d) x 6 0xffffffff
core   0: 0x80001220 (0x01049f93) slli    t6, s1, 16
core   0: 3 0x80001220 (0x01049f93) x31 0xfadc0000
core   0: 0x80001224 (0x00000709) c.addi  a4, 2
core   0: 3 0x80001224 (0x0709) x14 0x00000008
core   0: 0x80001226 (0x01215b93) srli    s7, sp, 18
core   0: 3 0x80001226 (0x01215b93) x23 0x00001d4d
core   0: 0x8000122a (0x00008ddd) c.or    a1, a5
core   0: 3 0x8000122a (0x8ddd) x11 0xfffffff7
core   0: 0x8000122c (0xfe3711e3) bne     a4, gp, pc - 30
core   0: 3 0x8000122c (0xfe3711e3)
core   0: 0x8000120e (0x00009a7d) c.andi  a2, -1
core   0: 3 0x8000120e (0x9a7d) x12 0x00000000
core   0: 0x80001210 (0x01882eb3) slt     t4, a6, s8
core   0: 3 0x80001210 (0x01882eb3) x29 0x00000000
core   0: 0x80001214 (0x01ee46b3) xor     a3, t3, t5
core   0: 3 0x80001214 (0x01ee46b3) x13 0x07d1c8d1
core   0: 0x80001218 (0x00008952) c.mv    s2, s4
core   0: 3 0x80001218 (0x8952) x18 0x00000001
core   0: 0x8000121a (0x035e9cb3) mulh    s9, t4, s5
core   0: 3 0x8000121a (0x035e9cb3) x25 0x00000000
core   0: 0x8000121e (0x0000537d) c.li    t1, -1
core   0: 3 0x8000121e (0x537d) x 6 0xffffffff
core   0: 0x80001220 (0x01049f93) slli    t6, s1, 16
core   0: 3 0x80001220 (0x01049f93) x31 0xfadc0000
core   0: 0x80001224 (0x00000709) c.addi  a4, 2
core   0: 3 0x80001224 (0x0709) x14 0x0000000a
core   0: 0x80001226 (0x01215b93) srli    s7, sp, 18
core   0: 3 0x80001226 (0x01215b93) x23 0x00001d4d
core   0: 0x8000122a (0x00008ddd) c.or    a1, a5
core   0: 3 0x8000122a (0x8ddd) x11 0xfffffff7
core   0: 0x8000122c (0xfe3711e3) bne     a4, gp, pc - 30
core   0: 3 0x8000122c (0xfe3711e3)
core   0: 0x8000120e (0x00009a7d) c.andi  a2, -1
core   0: 3 0x8000120e (0x9a7d) x12 0x00000000
core   0: 0x80001210 (0x01882eb3) slt     t4, a6, s8
core   0: 3 0x80001210 (0x01882eb3) x29 0x00000000
core   0: 0x80001214 (0x01ee46b3) xor     a3, t3, t5
core   0: 3 0x80001214 (0x01ee46b3) x13 0x07d1c8d1
core   0: 0x80001218 (0x00008952) c.mv    s2, s4
core   0: 3 0x80001218 (0x8952) x18 0x00000001
core   0: 0x8000121a (0x035e9cb3) mulh    s9, t4, s5
core   0: 3 0x8000121a (0x035e9cb3) x25 0x00000000
core   0: 0x8000121e (0x0000537d) c.li    t1, -1
core   0: 3 0x8000121e (0x537d) x 6 0xffffffff
core   0: 0x80001220 (0x01049f93) slli    t6, s1, 16
core   0: 3 0x80001220 (0x01049f93) x31 0xfadc0000
core   0: 0x80001224 (0x00000709) c.addi  a4, 2
core   0: 3 0x80001224 (0x0709) x14 0x0000000c
core   0: 0x80001226 (0x01215b93) srli    s7, sp, 18
core   0: 3 0x80001226 (0x01215b93) x23 0x00001d4d
core   0: 0x8000122a (0x00008ddd) c.or    a1, a5
core   0: 3 0x8000122a (0x8ddd) x11 0xfffffff7
core   0: 0x8000122c (0xfe3711e3) bne     a4, gp, pc - 30
core   0: 3 0x8000122c (0xfe3711e3)
core   0: 0x8000120e (0x00009a7d) c.andi  a2, -1
core   0: 3 0x8000120e (0x9a7d) x12 0x00000000
core   0: 0x80001210 (0x01882eb3) slt     t4, a6, s8
core   0: 3 0x80001210 (0x01882eb3) x29 0x00000000
core   0: 0x80001214 (0x01ee46b3) xor     a3, t3, t5
core   0: 3 0x80001214 (0x01ee46b3) x13 0x07d1c8d1
core   0: 0x80001218 (0x00008952) c.mv    s2, s4
core   0: 3 0x80001218 (0x8952) x18 0x00000001
core   0: 0x8000121a (0x035e9cb3) mulh    s9, t4, s5
core   0: 3 0x8000121a (0x035e9cb3) x25 0x00000000
core   0: 0x8000121e (0x0000537d) c.li    t1, -1
core   0: 3 0x8000121e (0x537d) x 6 0xffffffff
core   0: 0x80001220 (0x01049f93) slli    t6, s1, 16
core   0: 3 0x80001220 (0x01049f93) x31 0xfadc0000
core   0: 0x80001224 (0x00000709) c.addi  a4, 2
core   0: 3 0x80001224 (0x0709) x14 0x0000000e
core   0: 0x80001226 (0x01215b93) srli    s7, sp, 18
core   0: 3 0x80001226 (0x01215b93) x23 0x00001d4d
core   0: 0x8000122a (0x00008ddd) c.or    a1, a5
core   0: 3 0x8000122a (0x8ddd) x11 0xfffffff7
core   0: 0x8000122c (0xfe3711e3) bne     a4, gp, pc - 30
core   0: 3 0x8000122c (0xfe3711e3)
core   0: 0x8000120e (0x00009a7d) c.andi  a2, -1
core   0: 3 0x8000120e (0x9a7d) x12 0x00000000
core   0: 0x80001210 (0x01882eb3) slt     t4, a6, s8
core   0: 3 0x80001210 (0x01882eb3) x29 0x00000000
core   0: 0x80001214 (0x01ee46b3) xor     a3, t3, t5
core   0: 3 0x80001214 (0x01ee46b3) x13 0x07d1c8d1
core   0: 0x80001218 (0x00008952) c.mv    s2, s4
core   0: 3 0x80001218 (0x8952) x18 0x00000001
core   0: 0x8000121a (0x035e9cb3) mulh    s9, t4, s5
core   0: 3 0x8000121a (0x035e9cb3) x25 0x00000000
core   0: 0x8000121e (0x0000537d) c.li    t1, -1
core   0: 3 0x8000121e (0x537d) x 6 0xffffffff
core   0: 0x80001220 (0x01049f93) slli    t6, s1, 16
core   0: 3 0x80001220 (0x01049f93) x31 0xfadc0000
core   0: 0x80001224 (0x00000709) c.addi  a4, 2
core   0: 3 0x80001224 (0x0709) x14 0x00000010
core   0: 0x80001226 (0x01215b93) srli    s7, sp, 18
core   0: 3 0x80001226 (0x01215b93) x23 0x00001d4d
core   0: 0x8000122a (0x00008ddd) c.or    a1, a5
core   0: 3 0x8000122a (0x8ddd) x11 0xfffffff7
core   0: 0x8000122c (0xfe3711e3) bne     a4, gp, pc - 30
core   0: 3 0x8000122c (0xfe3711e3)
core   0: 0x80001230 (0xc8bedd17) auipc   s10, 0xc8bed
core   0: 3 0x80001230 (0xc8bedd17) x26 0x48bee230
core   0: 0x80001234 (0x036938b3) mulhu   a7, s2, s6
core   0: 3 0x80001234 (0x036938b3) x17 0x00000000
core   0: 0x80001238 (0xfafc5ae3) bge     s8, a5, pc - 76
core   0: 3 0x80001238 (0xfafc5ae3)
core   0: 0x8000123c (0x00008cb5) c.xor   s1, a3
core   0: 3 0x8000123c (0x8cb5) x 9 0xf82e320d
core   0: 0x8000123e (0xffc00493) li      s1, -4
core   0: 3 0x8000123e (0xffc00493) x 9 0xfffffffc
core   0: 0x80001242 (0x00000001) c.nop
core   0: 3 0x80001242 (0x0001)
core   0: 0x80001244 (0x1a8e0097) auipc   ra, 0x1a8e0
core   0: 3 0x80001244 (0x1a8e0097) x 1 0x9a8e1244
core   0: 0x80001248 (0x03e39133) mulh    sp, t2, t5
core   0: 3 0x80001248 (0x03e39133) x 2 0xfc172e96
core   0: 0x8000124c (0x00fde533) or      a0, s11, a5
core   0: 3 0x8000124c (0x00fde533) x10 0xfffffff3
core   0: 0x80001250 (0x00001f94) c.addi4spn a3, sp, 1008
core   0: 3 0x80001250 (0x1f94) x13 0xfc173286
core   0: 0x80001252 (0x00000485) c.addi  s1, 1
core   0: 3 0x80001252 (0x0485) x 9 0xfffffffd
core   0: 0x80001254 (0x00100e13) li      t3, 1
core   0: 3 0x80001254 (0x00100e13) x28 0x00000001
core   0: 0x80001258 (0x0124dd93) srli    s11, s1, 18
core   0: 3 0x80001258 (0x0124dd93) x27 0x00003fff
core   0: 0x8000125c (0xffe00a13) li      s4, -2
core   0: 3 0x8000125c (0xffe00a13) x20 0xfffffffe
core   0: 0x80001260 (0x0ff0000f) fence   iorw,iorw
core   0: 3 0x80001260 (0x0ff0000f)
core   0: 0x80001264 (0x87468f13) addi    t5, a3, -1932
core   0: 3 0x80001264 (0x87468f13) x30 0xfc172afa
core   0: 0x80001268 (0x00001e59) c.addi  t3, -10
core   0: 3 0x80001268 (0x1e59) x28 0xfffffff7
core   0: 0x8000126a (0x004b5db3) srl     s11, s6, tp
core   0: 3 0x8000126a (0x004b5db3) x27 0x00000000
core   0: 0x8000126e (0xff4e5be3) bge     t3, s4, pc - 10
core   0: 3 0x8000126e (0xff4e5be3)
core   0: 0x80001272 (0x0139b5b3) sltu    a1, s3, s3
core   0: 3 0x80001272 (0x0139b5b3) x11 0x00000000
core   0: 0x80001276 (0x0000f8f9) c.bnez  s1, pc - 42
core   0: 3 0x80001276 (0xf8f9)
core   0: 0x8000124c (0x00fde533) or      a0, s11, a5
core   0: 3 0x8000124c (0x00fde533) x10 0xfffffff2
core   0: 0x80001250 (0x00001f94) c.addi4spn a3, sp, 1008
core   0: 3 0x80001250 (0x1f94) x13 0xfc173286
core   0: 0x80001252 (0x00000485) c.addi  s1, 1
core   0: 3 0x80001252 (0x0485) x 9 0xfffffffe
core   0: 0x80001254 (0x00100e13) li      t3, 1
core   0: 3 0x80001254 (0x00100e13) x28 0x00000001
core   0: 0x80001258 (0x0124dd93) srli    s11, s1, 18
core   0: 3 0x80001258 (0x0124dd93) x27 0x00003fff
core   0: 0x8000125c (0xffe00a13) li      s4, -2
core   0: 3 0x8000125c (0xffe00a13) x20 0xfffffffe
core   0: 0x80001260 (0x0ff0000f) fence   iorw,iorw
core   0: 3 0x80001260 (0x0ff0000f)
core   0: 0x80001264 (0x87468f13) addi    t5, a3, -1932
core   0: 3 0x80001264 (0x87468f13) x30 0xfc172afa
core   0: 0x80001268 (0x00001e59) c.addi  t3, -10
core   0: 3 0x80001268 (0x1e59) x28 0xfffffff7
core   0: 0x8000126a (0x004b5db3) srl     s11, s6, tp
core   0: 3 0x8000126a (0x004b5db3) x27 0x00000000
core   0: 0x8000126e (0xff4e5be3) bge     t3, s4, pc - 10
core   0: 3 0x8000126e (0xff4e5be3)
core   0: 0x80001272 (0x0139b5b3) sltu    a1, s3, s3
core   0: 3 0x80001272 (0x0139b5b3) x11 0x00000000
core   0: 0x80001276 (0x0000f8f9) c.bnez  s1, pc - 42
core   0: 3 0x80001276 (0xf8f9)
core   0: 0x8000124c (0x00fde533) or      a0, s11, a5
core   0: 3 0x8000124c (0x00fde533) x10 0xfffffff2
core   0: 0x80001250 (0x00001f94) c.addi4spn a3, sp, 1008
core   0: 3 0x80001250 (0x1f94) x13 0xfc173286
core   0: 0x80001252 (0x00000485) c.addi  s1, 1
core   0: 3 0x80001252 (0x0485) x 9 0xffffffff
core   0: 0x80001254 (0x00100e13) li      t3, 1
core   0: 3 0x80001254 (0x00100e13) x28 0x00000001
core   0: 0x80001258 (0x0124dd93) srli    s11, s1, 18
core   0: 3 0x80001258 (0x0124dd93) x27 0x00003fff
core   0: 0x8000125c (0xffe00a13) li      s4, -2
core   0: 3 0x8000125c (0xffe00a13) x20 0xfffffffe
core   0: 0x80001260 (0x0ff0000f) fence   iorw,iorw
core   0: 3 0x80001260 (0x0ff0000f)
core   0: 0x80001264 (0x87468f13) addi    t5, a3, -1932
core   0: 3 0x80001264 (0x87468f13) x30 0xfc172afa
core   0: 0x80001268 (0x00001e59) c.addi  t3, -10
core   0: 3 0x80001268 (0x1e59) x28 0xfffffff7
core   0: 0x8000126a (0x004b5db3) srl     s11, s6, tp
core   0: 3 0x8000126a (0x004b5db3) x27 0x00000000
core   0: 0x8000126e (0xff4e5be3) bge     t3, s4, pc - 10
core   0: 3 0x8000126e (0xff4e5be3)
core   0: 0x80001272 (0x0139b5b3) sltu    a1, s3, s3
core   0: 3 0x80001272 (0x0139b5b3) x11 0x00000000
core   0: 0x80001276 (0x0000f8f9) c.bnez  s1, pc - 42
core   0: 3 0x80001276 (0xf8f9)
core   0: 0x8000124c (0x00fde533) or      a0, s11, a5
core   0: 3 0x8000124c (0x00fde533) x10 0xfffffff2
core   0: 0x80001250 (0x00001f94) c.addi4spn a3, sp, 1008
core   0: 3 0x80001250 (0x1f94) x13 0xfc173286
core   0: 0x80001252 (0x00000485) c.addi  s1, 1
core   0: 3 0x80001252 (0x0485) x 9 0x00000000
core   0: 0x80001254 (0x00100e13) li      t3, 1
core   0: 3 0x80001254 (0x00100e13) x28 0x00000001
core   0: 0x80001258 (0x0124dd93) srli    s11, s1, 18
core   0: 3 0x80001258 (0x0124dd93) x27 0x00000000
core   0: 0x8000125c (0xffe00a13) li      s4, -2
core   0: 3 0x8000125c (0xffe00a13) x20 0xfffffffe
core   0: 0x80001260 (0x0ff0000f) fence   iorw,iorw
core   0: 3 0x80001260 (0x0ff0000f)
core   0: 0x80001264 (0x87468f13) addi    t5, a3, -1932
core   0: 3 0x80001264 (0x87468f13) x30 0xfc172afa
core   0: 0x80001268 (0x00001e59) c.addi  t3, -10
core   0: 3 0x80001268 (0x1e59) x28 0xfffffff7
core   0: 0x8000126a (0x004b5db3) srl     s11, s6, tp
core   0: 3 0x8000126a (0x004b5db3) x27 0x00000000
core   0: 0x8000126e (0xff4e5be3) bge     t3, s4, pc - 10
core   0: 3 0x8000126e (0xff4e5be3)
core   0: 0x80001272 (0x0139b5b3) sltu    a1, s3, s3
core   0: 3 0x80001272 (0x0139b5b3) x11 0x00000000
core   0: 0x80001276 (0x0000f8f9) c.bnez  s1, pc - 42
core   0: 3 0x80001276 (0xf8f9)
core   0: 0x80001278 (0x0c888093) addi    ra, a7, 200
core   0: 3 0x80001278 (0x0c888093) x 1 0x000000c8
core   0: 0x8000127c (0x00a00593) li      a1, 10
core   0: 3 0x8000127c (0x00a00593) x11 0x0000000a
core   0: 0x80001280 (0x0000100f) fence.i
core   0: 3 0x80001280 (0x0000100f)
core   0: 0x80001284 (0x03139333) mulh    t1, t2, a7
core   0: 3 0x80001284 (0x03139333) x 6 0x00000000
core   0: 0x80001288 (0x00000001) c.nop
core   0: 3 0x80001288 (0x0001)
core   0: 0x8000128a (0x01b728b3) slt     a7, a4, s11
core   0: 3 0x8000128a (0x01b728b3) x17 0x00000000
core   0: 0x8000128e (0x03bbbc33) mulhu   s8, s7, s11
core   0: 3 0x8000128e (0x03bbbc33) x24 0x00000000
core   0: 0x80001292 (0x00008e41) c.or    a2, s0
core   0: 3 0x80001292 (0x8e41) x12 0x00000000
core   0: 0x80001294 (0x03606c13) ori     s8, zero, 54
core   0: 3 0x80001294 (0x03606c13) x24 0x00000036
core   0: 0x80001298 (0x000015f9) c.addi  a1, -2
core   0: 3 0x80001298 (0x15f9) x11 0x00000008
core   0: 0x8000129a (0x9532fa93) andi    s5, t0, -1709
core   0: 3 0x8000129a (0x9532fa93) x21 0x00000002
core   0: 0x8000129e (0x405084b3) sub     s1, ra, t0
core   0: 3 0x8000129e (0x405084b3) x 9 0x000000c6
core   0: 0x800012a2 (0xf791a713) slti    a4, gp, -135
core   0: 3 0x800012a2 (0xf791a713) x14 0x00000000
core   0: 0x800012a6 (0x000080f1) c.srli  s1, 28
core   0: 3 0x800012a6 (0x80f1) x 9 0x00000000
core   0: 0x800012a8 (0x00000398) c.addi4spn a4, sp, 448
core   0: 3 0x800012a8 (0x0398) x14 0xfc173056
core   0: 0x800012aa (0x0000f5e5) c.bnez  a1, pc - 24
core   0: 3 0x800012aa (0xf5e5)
core   0: 0x80001292 (0x00008e41) c.or    a2, s0
core   0: 3 0x80001292 (0x8e41) x12 0x00000000
core   0: 0x80001294 (0x03606c13) ori     s8, zero, 54
core   0: 3 0x80001294 (0x03606c13) x24 0x00000036
core   0: 0x80001298 (0x000015f9) c.addi  a1, -2
core   0: 3 0x80001298 (0x15f9) x11 0x00000006
core   0: 0x8000129a (0x9532fa93) andi    s5, t0, -1709
core   0: 3 0x8000129a (0x9532fa93) x21 0x00000002
core   0: 0x8000129e (0x405084b3) sub     s1, ra, t0
core   0: 3 0x8000129e (0x405084b3) x 9 0x000000c6
core   0: 0x800012a2 (0xf791a713) slti    a4, gp, -135
core   0: 3 0x800012a2 (0xf791a713) x14 0x00000000
core   0: 0x800012a6 (0x000080f1) c.srli  s1, 28
core   0: 3 0x800012a6 (0x80f1) x 9 0x00000000
core   0: 0x800012a8 (0x00000398) c.addi4spn a4, sp, 448
core   0: 3 0x800012a8 (0x0398) x14 0xfc173056
core   0: 0x800012aa (0x0000f5e5) c.bnez  a1, pc - 24
core   0: 3 0x800012aa (0xf5e5)
core   0: 0x80001292 (0x00008e41) c.or    a2, s0
core   0: 3 0x80001292 (0x8e41) x12 0x00000000
core   0: 0x80001294 (0x03606c13) ori     s8, zero, 54
core   0: 3 0x80001294 (0x03606c13) x24 0x00000036
core   0: 0x80001298 (0x000015f9) c.addi  a1, -2
core   0: 3 0x80001298 (0x15f9) x11 0x00000004
core   0: 0x8000129a (0x9532fa93) andi    s5, t0, -1709
core   0: 3 0x8000129a (0x9532fa93) x21 0x00000002
core   0: 0x8000129e (0x405084b3) sub     s1, ra, t0
core   0: 3 0x8000129e (0x405084b3) x 9 0x000000c6
core   0: 0x800012a2 (0xf791a713) slti    a4, gp, -135
core   0: 3 0x800012a2 (0xf791a713) x14 0x00000000
core   0: 0x800012a6 (0x000080f1) c.srli  s1, 28
core   0: 3 0x800012a6 (0x80f1) x 9 0x00000000
core   0: 0x800012a8 (0x00000398) c.addi4spn a4, sp, 448
core   0: 3 0x800012a8 (0x0398) x14 0xfc173056
core   0: 0x800012aa (0x0000f5e5) c.bnez  a1, pc - 24
core   0: 3 0x800012aa (0xf5e5)
core   0: 0x80001292 (0x00008e41) c.or    a2, s0
core   0: 3 0x80001292 (0x8e41) x12 0x00000000
core   0: 0x80001294 (0x03606c13) ori     s8, zero, 54
core   0: 3 0x80001294 (0x03606c13) x24 0x00000036
core   0: 0x80001298 (0x000015f9) c.addi  a1, -2
core   0: 3 0x80001298 (0x15f9) x11 0x00000002
core   0: 0x8000129a (0x9532fa93) andi    s5, t0, -1709
core   0: 3 0x8000129a (0x9532fa93) x21 0x00000002
core   0: 0x8000129e (0x405084b3) sub     s1, ra, t0
core   0: 3 0x8000129e (0x405084b3) x 9 0x000000c6
core   0: 0x800012a2 (0xf791a713) slti    a4, gp, -135
core   0: 3 0x800012a2 (0xf791a713) x14 0x00000000
core   0: 0x800012a6 (0x000080f1) c.srli  s1, 28
core   0: 3 0x800012a6 (0x80f1) x 9 0x00000000
core   0: 0x800012a8 (0x00000398) c.addi4spn a4, sp, 448
core   0: 3 0x800012a8 (0x0398) x14 0xfc173056
core   0: 0x800012aa (0x0000f5e5) c.bnez  a1, pc - 24
core   0: 3 0x800012aa (0xf5e5)
core   0: 0x80001292 (0x00008e41) c.or    a2, s0
core   0: 3 0x80001292 (0x8e41) x12 0x00000000
core   0: 0x80001294 (0x03606c13) ori     s8, zero, 54
core   0: 3 0x80001294 (0x03606c13) x24 0x00000036
core   0: 0x80001298 (0x000015f9) c.addi  a1, -2
core   0: 3 0x80001298 (0x15f9) x11 0x00000000
core   0: 0x8000129a (0x9532fa93) andi    s5, t0, -1709
core   0: 3 0x8000129a (0x9532fa93) x21 0x00000002
core   0: 0x8000129e (0x405084b3) sub     s1, ra, t0
core   0: 3 0x8000129e (0x405084b3) x 9 0x000000c6
core   0: 0x800012a2 (0xf791a713) slti    a4, gp, -135
core   0: 3 0x800012a2 (0xf791a713) x14 0x00000000
core   0: 0x800012a6 (0x000080f1) c.srli  s1, 28
core   0: 3 0x800012a6 (0x80f1) x 9 0x00000000
core   0: 0x800012a8 (0x00000398) c.addi4spn a4, sp, 448
core   0: 3 0x800012a8 (0x0398) x14 0xfc173056
core   0: 0x800012aa (0x0000f5e5) c.bnez  a1, pc - 24
core   0: 3 0x800012aa (0xf5e5)
core   0: 0x800012ac (0x00006175) c.addi16sp sp, 368
core   0: 3 0x800012ac (0x6175) x 2 0xfc173006
core   0: 0x800012ae (0xff600613) li      a2, -10
core   0: 3 0x800012ae (0xff600613) x12 0xfffffff6
core   0: 0x800012b2 (0x0068adb3) slt     s11, a7, t1
core   0: 3 0x800012b2 (0x0068adb3) x27 0x00000000
core   0: 0x800012b6 (0x00000001) c.nop
core   0: 3 0x800012b6 (0x0001)
core   0: 0x800012b8 (0x00008d45) c.or    a0, s1
core   0: 3 0x800012b8 (0x8d45) x10 0xfffffff2
core   0: 0x800012ba (0x0000198c) c.addi4spn a1, sp, 240
core   0: 3 0x800012ba (0x198c) x11 0xfc1730f6
core   0: 0x800012bc (0x00000609) c.addi  a2, 2
core   0: 3 0x800012bc (0x0609) x12 0xfffffff8
core   0: 0x800012be (0xffa00893) li      a7, -6
core   0: 3 0x800012be (0xffa00893) x17 0xfffffffa
core   0: 0x800012c2 (0x00900193) li      gp, 9
core   0: 3 0x800012c2 (0x00900193) x 3 0x00000009
core   0: 0x800012c6 (0x00008da9) c.xor   a1, a0
core   0: 3 0x800012c6 (0x8da9) x11 0x03e8cf04
core   0: 0x800012c8 (0x03a4f7b3) remu    a5, s1, s10
core   0: 3 0x800012c8 (0x03a4f7b3) x15 0x00000000
core   0: 0x800012cc (0x00000899) c.addi  a7, 6
core   0: 3 0x800012cc (0x0899) x17 0x00000000
core   0: 0x800012ce (0xfe38cde3) blt     a7, gp, pc - 6
core   0: 3 0x800012ce (0xfe38cde3)
core   0: 0x800012c8 (0x03a4f7b3) remu    a5, s1, s10
core   0: 3 0x800012c8 (0x03a4f7b3) x15 0x00000000
core   0: 0x800012cc (0x00000899) c.addi  a7, 6
core   0: 3 0x800012cc (0x0899) x17 0x00000006
core   0: 0x800012ce (0xfe38cde3) blt     a7, gp, pc - 6
core   0: 3 0x800012ce (0xfe38cde3)
core   0: 0x800012c8 (0x03a4f7b3) remu    a5, s1, s10
core   0: 3 0x800012c8 (0x03a4f7b3) x15 0x00000000
core   0: 0x800012cc (0x00000899) c.addi  a7, 6
core   0: 3 0x800012cc (0x0899) x17 0x0000000c
core   0: 0x800012ce (0xfe38cde3) blt     a7, gp, pc - 6
core   0: 3 0x800012ce (0xfe38cde3)
core   0: 0x800012d2 (0x0000d665) c.beqz  a2, pc - 24
core   0: 3 0x800012d2 (0xd665)
core   0: 0x800012d4 (0x01fdda93) srli    s5, s11, 31
core   0: 3 0x800012d4 (0x01fdda93) x21 0x00000000
core   0: 0x800012d8 (0xffa00793) li      a5, -6
core   0: 3 0x800012d8 (0xffa00793) x15 0xfffffffa
core   0: 0x800012dc (0x00008b29) c.andi  a4, 10
core   0: 3 0x800012dc (0x8b29) x14 0x00000002
core   0: 0x800012de (0x00008291) c.srli  a3, 4
core   0: 3 0x800012de (0x8291) x13 0x0fc17328
core   0: 0x800012e0 (0x00000001) c.nop
core   0: 3 0x800012e0 (0x0001)
core   0: 0x800012e2 (0x02340bb3) mul     s7, s0, gp
core   0: 3 0x800012e2 (0x02340bb3) x23 0x00000000
core   0: 0x800012e6 (0x00000001) c.nop
core   0: 3 0x800012e6 (0x0001)
core   0: 0x800012e8 (0x03ec81b3) mul     gp, s9, t5
core   0: 3 0x800012e8 (0x03ec81b3) x 3 0x00000000
core   0: 0x800012ec (0x00008e89) c.sub   a3, a0
core   0: 3 0x800012ec (0x8e89) x13 0x0fc17336
core   0: 0x800012ee (0x00006615) c.lui   a2, 0x5
core   0: 3 0x800012ee (0x6615) x12 0x00005000
core   0: 0x800012f0 (0x00000785) c.addi  a5, 1
core   0: 3 0x800012f0 (0x0785) x15 0xfffffffb
core   0: 0x800012f2 (0x02860733) mul     a4, a2, s0
core   0: 3 0x800012f2 (0x02860733) x14 0x00000000
core   0: 0x800012f6 (0x00000001) c.nop
core   0: 3 0x800012f6 (0x0001)
core   0: 0x800012f8 (0x0000100f) fence.i
core   0: 3 0x800012f8 (0x0000100f)
core   0: 0x800012fc (0x005008b3) add     a7, zero, t0
core   0: 3 0x800012fc (0x005008b3) x17 0x00000002
core   0: 0x80001300 (0x03f08633) mul     a2, ra, t6
core   0: 3 0x80001300 (0x03f08633) x12 0xfbe00000
core   0: 0x80001304 (0x00006c31) c.lui   s8, 0xc
core   0: 3 0x80001304 (0x6c31) x24 0x0000c000
core   0: 0x80001306 (0x00b470b3) and     ra, s0, a1
core   0: 3 0x80001306 (0x00b470b3) x 1 0x00000000
core   0: 0x8000130a (0x4177df93) srai    t6, a5, 23
core   0: 3 0x8000130a (0x4177df93) x31 0xffffffff
core   0: 0x8000130e (0x0000100f) fence.i
core   0: 3 0x8000130e (0x0000100f)
core   0: 0x80001312 (0x02c836b3) mulhu   a3, a6, a2
core   0: 3 0x80001312 (0x02c836b3) x13 0x00000000
core   0: 0x80001316 (0x0000dfe1) c.beqz  a5, pc - 40
core   0: 3 0x80001316 (0xdfe1)
core   0: 0x80001318 (0x0012d413) srli    s0, t0, 1
core   0: 3 0x80001318 (0x0012d413) x 8 0x00000001
core   0: 0x8000131c (0x00300513) li      a0, 3
core   0: 3 0x8000131c (0x00300513) x10 0x00000003
core   0: 0x80001320 (0x006bc0b3) xor     ra, s7, t1
core   0: 3 0x80001320 (0x006bc0b3) x 1 0x00000000
core   0: 0x80001324 (0x41145a13) srai    s4, s0, 17
core   0: 3 0x80001324 (0x41145a13) x20 0x00000000
core   0: 0x80001328 (0x01ac58b3) srl     a7, s8, s10
core   0: 3 0x80001328 (0x01ac58b3) x17 0x00000000
core   0: 0x8000132c (0x00300113) li      sp, 3
core   0: 3 0x8000132c (0x00300113) x 2 0x00000003
core   0: 0x80001330 (0x013f5413) srli    s0, t5, 19
core   0: 3 0x80001330 (0x013f5413) x 8 0x00001f82
core   0: 0x80001334 (0x551c7913) andi    s2, s8, 1361
core   0: 3 0x80001334 (0x551c7913) x18 0x00000000
core   0: 0x80001338 (0x00001579) c.addi  a0, -2
core   0: 3 0x80001338 (0x1579) x10 0x00000001
core   0: 0x8000133a (0x09a08413) addi    s0, ra, 154
core   0: 3 0x8000133a (0x09a08413) x 8 0x0000009a
core   0: 0x8000133e (0x03bd25b3) mulhsu  a1, s10, s11
core   0: 3 0x8000133e (0x03bd25b3) x11 0x00000000
core   0: 0x80001342 (0x00800d93) li      s11, 8
core   0: 3 0x80001342 (0x00800d93) x27 0x00000008
core   0: 0x80001346 (0x0040d8b3) srl     a7, ra, tp
core   0: 3 0x80001346 (0x0040d8b3) x17 0x00000000
core   0: 0x8000134a (0x01200713) li      a4, 18
core   0: 3 0x8000134a (0x01200713) x14 0x00000012
core   0: 0x8000134e (0x03234833) div     a6, t1, s2
core   0: 3 0x8000134e (0x03234833) x16 0xffffffff
core   0: 0x80001352 (0x00008f4e) c.mv    t5, s3
core   0: 3 0x80001352 (0x8f4e) x30 0x80022e64
core   0: 0x80001354 (0x0ff0000f) fence   iorw,iorw
core   0: 3 0x80001354 (0x0ff0000f)
core   0: 0x80001358 (0x419b05b3) sub     a1, s6, s9
core   0: 3 0x80001358 (0x419b05b3) x11 0x00000019
core   0: 0x8000135c (0x00008ded) c.and   a1, a1
core   0: 3 0x8000135c (0x8ded) x11 0x00000019
core   0: 0x8000135e (0x00008fd1) c.or    a5, a2
core   0: 3 0x8000135e (0x8fd1) x15 0xfffffffb
core   0: 0x80001360 (0x004ea933) slt     s2, t4, tp
core   0: 3 0x80001360 (0x004ea933) x18 0x00000000
core   0: 0x80001364 (0x00000d85) c.addi  s11, 1
core   0: 3 0x80001364 (0x0d85) x27 0x00000009
core   0: 0x80001366 (0x01765b93) srli    s7, a2, 23
core   0: 3 0x80001366 (0x01765b93) x23 0x000001f7
core   0: 0x8000136a (0x33128c13) addi    s8, t0, 817
core   0: 3 0x8000136a (0x33128c13) x24 0x00000333
core   0: 0x8000136e (0x403e07b3) sub     a5, t3, gp
core   0: 3 0x8000136e (0x403e07b3) x15 0xfffffff7
core   0: 0x80001372 (0x000006c6) c.slli  a3, 17
core   0: 3 0x80001372 (0x06c6) x13 0x00000000
core   0: 0x80001374 (0x02fa4333) div     t1, s4, a5
core   0: 3 0x80001374 (0x02fa4333) x 6 0x00000000
core   0: 0x80001378 (0x689d0413) addi    s0, s10, 1673
core   0: 3 0x80001378 (0x689d0413) x 8 0x48bee8b9
core   0: 0x8000137c (0x7261c917) auipc   s2, 0x7261c
core   0: 3 0x8000137c (0x7261c917) x18 0xf261d37c
core   0: 0x80001380 (0xfced99e3) bne     s11, a4, pc - 46
core   0: 3 0x80001380 (0xfced99e3)
core   0: 0x80001352 (0x00008f4e) c.mv    t5, s3
core   0: 3 0x80001352 (0x8f4e) x30 0x80022e64
core   0: 0x80001354 (0x0ff0000f) fence   iorw,iorw
core   0: 3 0x80001354 (0x0ff0000f)
core   0: 0x80001358 (0x419b05b3) sub     a1, s6, s9
core   0: 3 0x80001358 (0x419b05b3) x11 0x00000019
core   0: 0x8000135c (0x00008ded) c.and   a1, a1
core   0: 3 0x8000135c (0x8ded) x11 0x00000019
core   0: 0x8000135e (0x00008fd1) c.or    a5, a2
core   0: 3 0x8000135e (0x8fd1) x15 0xfffffff7
core   0: 0x80001360 (0x004ea933) slt     s2, t4, tp
core   0: 3 0x80001360 (0x004ea933) x18 0x00000000
core   0: 0x80001364 (0x00000d85) c.addi  s11, 1
core   0: 3 0x80001364 (0x0d85) x27 0x0000000a
core   0: 0x80001366 (0x01765b93) srli    s7, a2, 23
core   0: 3 0x80001366 (0x01765b93) x23 0x000001f7
core   0: 0x8000136a (0x33128c13) addi    s8, t0, 817
core   0: 3 0x8000136a (0x33128c13) x24 0x00000333
core   0: 0x8000136e (0x403e07b3) sub     a5, t3, gp
core   0: 3 0x8000136e (0x403e07b3) x15 0xfffffff7
core   0: 0x80001372 (0x000006c6) c.slli  a3, 17
core   0: 3 0x80001372 (0x06c6) x13 0x00000000
core   0: 0x80001374 (0x02fa4333) div     t1, s4, a5
core   0: 3 0x80001374 (0x02fa4333) x 6 0x00000000
core   0: 0x80001378 (0x689d0413) addi    s0, s10, 1673
core   0: 3 0x80001378 (0x689d0413) x 8 0x48bee8b9
core   0: 0x8000137c (0x7261c917) auipc   s2, 0x7261c
core   0: 3 0x8000137c (0x7261c917) x18 0xf261d37c
core   0: 0x80001380 (0xfced99e3) bne     s11, a4, pc - 46
core   0: 3 0x80001380 (0xfced99e3)
core   0: 0x80001352 (0x00008f4e) c.mv    t5, s3
core   0: 3 0x80001352 (0x8f4e) x30 0x80022e64
core   0: 0x80001354 (0x0ff0000f) fence   iorw,iorw
core   0: 3 0x80001354 (0x0ff0000f)
core   0: 0x80001358 (0x419b05b3) sub     a1, s6, s9
core   0: 3 0x80001358 (0x419b05b3) x11 0x00000019
core   0: 0x8000135c (0x00008ded) c.and   a1, a1
core   0: 3 0x8000135c (0x8ded) x11 0x00000019
core   0: 0x8000135e (0x00008fd1) c.or    a5, a2
core   0: 3 0x8000135e (0x8fd1) x15 0xfffffff7
core   0: 0x80001360 (0x004ea933) slt     s2, t4, tp
core   0: 3 0x80001360 (0x004ea933) x18 0x00000000
core   0: 0x80001364 (0x00000d85) c.addi  s11, 1
core   0: 3 0x80001364 (0x0d85) x27 0x0000000b
core   0: 0x80001366 (0x01765b93) srli    s7, a2, 23
core   0: 3 0x80001366 (0x01765b93) x23 0x000001f7
core   0: 0x8000136a (0x33128c13) addi    s8, t0, 817
core   0: 3 0x8000136a (0x33128c13) x24 0x00000333
core   0: 0x8000136e (0x403e07b3) sub     a5, t3, gp
core   0: 3 0x8000136e (0x403e07b3) x15 0xfffffff7
core   0: 0x80001372 (0x000006c6) c.slli  a3, 17
core   0: 3 0x80001372 (0x06c6) x13 0x00000000
core   0: 0x80001374 (0x02fa4333) div     t1, s4, a5
core   0: 3 0x80001374 (0x02fa4333) x 6 0x00000000
core   0: 0x80001378 (0x689d0413) addi    s0, s10, 1673
core   0: 3 0x80001378 (0x689d0413) x 8 0x48bee8b9
core   0: 0x8000137c (0x7261c917) auipc   s2, 0x7261c
core   0: 3 0x8000137c (0x7261c917) x18 0xf261d37c
core   0: 0x80001380 (0xfced99e3) bne     s11, a4, pc - 46
core   0: 3 0x80001380 (0xfced99e3)
core   0: 0x80001352 (0x00008f4e) c.mv    t5, s3
core   0: 3 0x80001352 (0x8f4e) x30 0x80022e64
core   0: 0x80001354 (0x0ff0000f) fence   iorw,iorw
core   0: 3 0x80001354 (0x0ff0000f)
core   0: 0x80001358 (0x419b05b3) sub     a1, s6, s9
core   0: 3 0x80001358 (0x419b05b3) x11 0x00000019
core   0: 0x8000135c (0x00008ded) c.and   a1, a1
core   0: 3 0x8000135c (0x8ded) x11 0x00000019
core   0: 0x8000135e (0x00008fd1) c.or    a5, a2
core   0: 3 0x8000135e (0x8fd1) x15 0xfffffff7
core   0: 0x80001360 (0x004ea933) slt     s2, t4, tp
core   0: 3 0x80001360 (0x004ea933) x18 0x00000000
core   0: 0x80001364 (0x00000d85) c.addi  s11, 1
core   0: 3 0x80001364 (0x0d85) x27 0x0000000c
core   0: 0x80001366 (0x01765b93) srli    s7, a2, 23
core   0: 3 0x80001366 (0x01765b93) x23 0x000001f7
core   0: 0x8000136a (0x33128c13) addi    s8, t0, 817
core   0: 3 0x8000136a (0x33128c13) x24 0x00000333
core   0: 0x8000136e (0x403e07b3) sub     a5, t3, gp
core   0: 3 0x8000136e (0x403e07b3) x15 0xfffffff7
core   0: 0x80001372 (0x000006c6) c.slli  a3, 17
core   0: 3 0x80001372 (0x06c6) x13 0x00000000
core   0: 0x80001374 (0x02fa4333) div     t1, s4, a5
core   0: 3 0x80001374 (0x02fa4333) x 6 0x00000000
core   0: 0x80001378 (0x689d0413) addi    s0, s10, 1673
core   0: 3 0x80001378 (0x689d0413) x 8 0x48bee8b9
core   0: 0x8000137c (0x7261c917) auipc   s2, 0x7261c
core   0: 3 0x8000137c (0x7261c917) x18 0xf261d37c
core   0: 0x80001380 (0xfced99e3) bne     s11, a4, pc - 46
core   0: 3 0x80001380 (0xfced99e3)
core   0: 0x80001352 (0x00008f4e) c.mv    t5, s3
core   0: 3 0x80001352 (0x8f4e) x30 0x80022e64
core   0: 0x80001354 (0x0ff0000f) fence   iorw,iorw
core   0: 3 0x80001354 (0x0ff0000f)
core   0: 0x80001358 (0x419b05b3) sub     a1, s6, s9
core   0: 3 0x80001358 (0x419b05b3) x11 0x00000019
core   0: 0x8000135c (0x00008ded) c.and   a1, a1
core   0: 3 0x8000135c (0x8ded) x11 0x00000019
core   0: 0x8000135e (0x00008fd1) c.or    a5, a2
core   0: 3 0x8000135e (0x8fd1) x15 0xfffffff7
core   0: 0x80001360 (0x004ea933) slt     s2, t4, tp
core   0: 3 0x80001360 (0x004ea933) x18 0x00000000
core   0: 0x80001364 (0x00000d85) c.addi  s11, 1
core   0: 3 0x80001364 (0x0d85) x27 0x0000000d
core   0: 0x80001366 (0x01765b93) srli    s7, a2, 23
core   0: 3 0x80001366 (0x01765b93) x23 0x000001f7
core   0: 0x8000136a (0x33128c13) addi    s8, t0, 817
core   0: 3 0x8000136a (0x33128c13) x24 0x00000333
core   0: 0x8000136e (0x403e07b3) sub     a5, t3, gp
core   0: 3 0x8000136e (0x403e07b3) x15 0xfffffff7
core   0: 0x80001372 (0x000006c6) c.slli  a3, 17
core   0: 3 0x80001372 (0x06c6) x13 0x00000000
core   0: 0x80001374 (0x02fa4333) div     t1, s4, a5
core   0: 3 0x80001374 (0x02fa4333) x 6 0x00000000
core   0: 0x80001378 (0x689d0413) addi    s0, s10, 1673
core   0: 3 0x80001378 (0x689d0413) x 8 0x48bee8b9
core   0: 0x8000137c (0x7261c917) auipc   s2, 0x7261c
core   0: 3 0x8000137c (0x7261c917) x18 0xf261d37c
core   0: 0x80001380 (0xfced99e3) bne     s11, a4, pc - 46
core   0: 3 0x80001380 (0xfced99e3)
core   0: 0x80001352 (0x00008f4e) c.mv    t5, s3
core   0: 3 0x80001352 (0x8f4e) x30 0x80022e64
core   0: 0x80001354 (0x0ff0000f) fence   iorw,iorw
core   0: 3 0x80001354 (0x0ff0000f)
core   0: 0x80001358 (0x419b05b3) sub     a1, s6, s9
core   0: 3 0x80001358 (0x419b05b3) x11 0x00000019
core   0: 0x8000135c (0x00008ded) c.and   a1, a1
core   0: 3 0x8000135c (0x8ded) x11 0x00000019
core   0: 0x8000135e (0x00008fd1) c.or    a5, a2
core   0: 3 0x8000135e (0x8fd1) x15 0xfffffff7
core   0: 0x80001360 (0x004ea933) slt     s2, t4, tp
core   0: 3 0x80001360 (0x004ea933) x18 0x00000000
core   0: 0x80001364 (0x00000d85) c.addi  s11, 1
core   0: 3 0x80001364 (0x0d85) x27 0x0000000e
core   0: 0x80001366 (0x01765b93) srli    s7, a2, 23
core   0: 3 0x80001366 (0x01765b93) x23 0x000001f7
core   0: 0x8000136a (0x33128c13) addi    s8, t0, 817
core   0: 3 0x8000136a (0x33128c13) x24 0x00000333
core   0: 0x8000136e (0x403e07b3) sub     a5, t3, gp
core   0: 3 0x8000136e (0x403e07b3) x15 0xfffffff7
core   0: 0x80001372 (0x000006c6) c.slli  a3, 17
core   0: 3 0x80001372 (0x06c6) x13 0x00000000
core   0: 0x80001374 (0x02fa4333) div     t1, s4, a5
core   0: 3 0x80001374 (0x02fa4333) x 6 0x00000000
core   0: 0x80001378 (0x689d0413) addi    s0, s10, 1673
core   0: 3 0x80001378 (0x689d0413) x 8 0x48bee8b9
core   0: 0x8000137c (0x7261c917) auipc   s2, 0x7261c
core   0: 3 0x8000137c (0x7261c917) x18 0xf261d37c
core   0: 0x80001380 (0xfced99e3) bne     s11, a4, pc - 46
core   0: 3 0x80001380 (0xfced99e3)
core   0: 0x80001352 (0x00008f4e) c.mv    t5, s3
core   0: 3 0x80001352 (0x8f4e) x30 0x80022e64
core   0: 0x80001354 (0x0ff0000f) fence   iorw,iorw
core   0: 3 0x80001354 (0x0ff0000f)
core   0: 0x80001358 (0x419b05b3) sub     a1, s6, s9
core   0: 3 0x80001358 (0x419b05b3) x11 0x00000019
core   0: 0x8000135c (0x00008ded) c.and   a1, a1
core   0: 3 0x8000135c (0x8ded) x11 0x00000019
core   0: 0x8000135e (0x00008fd1) c.or    a5, a2
core   0: 3 0x8000135e (0x8fd1) x15 0xfffffff7
core   0: 0x80001360 (0x004ea933) slt     s2, t4, tp
core   0: 3 0x80001360 (0x004ea933) x18 0x00000000
core   0: 0x80001364 (0x00000d85) c.addi  s11, 1
core   0: 3 0x80001364 (0x0d85) x27 0x0000000f
core   0: 0x80001366 (0x01765b93) srli    s7, a2, 23
core   0: 3 0x80001366 (0x01765b93) x23 0x000001f7
core   0: 0x8000136a (0x33128c13) addi    s8, t0, 817
core   0: 3 0x8000136a (0x33128c13) x24 0x00000333
core   0: 0x8000136e (0x403e07b3) sub     a5, t3, gp
core   0: 3 0x8000136e (0x403e07b3) x15 0xfffffff7
core   0: 0x80001372 (0x000006c6) c.slli  a3, 17
core   0: 3 0x80001372 (0x06c6) x13 0x00000000
core   0: 0x80001374 (0x02fa4333) div     t1, s4, a5
core   0: 3 0x80001374 (0x02fa4333) x 6 0x00000000
core   0: 0x80001378 (0x689d0413) addi    s0, s10, 1673
core   0: 3 0x80001378 (0x689d0413) x 8 0x48bee8b9
core   0: 0x8000137c (0x7261c917) auipc   s2, 0x7261c
core   0: 3 0x8000137c (0x7261c917) x18 0xf261d37c
core   0: 0x80001380 (0xfced99e3) bne     s11, a4, pc - 46
core   0: 3 0x80001380 (0xfced99e3)
core   0: 0x80001352 (0x00008f4e) c.mv    t5, s3
core   0: 3 0x80001352 (0x8f4e) x30 0x80022e64
core   0: 0x80001354 (0x0ff0000f) fence   iorw,iorw
core   0: 3 0x80001354 (0x0ff0000f)
core   0: 0x80001358 (0x419b05b3) sub     a1, s6, s9
core   0: 3 0x80001358 (0x419b05b3) x11 0x00000019
core   0: 0x8000135c (0x00008ded) c.and   a1, a1
core   0: 3 0x8000135c (0x8ded) x11 0x00000019
core   0: 0x8000135e (0x00008fd1) c.or    a5, a2
core   0: 3 0x8000135e (0x8fd1) x15 0xfffffff7
core   0: 0x80001360 (0x004ea933) slt     s2, t4, tp
core   0: 3 0x80001360 (0x004ea933) x18 0x00000000
core   0: 0x80001364 (0x00000d85) c.addi  s11, 1
core   0: 3 0x80001364 (0x0d85) x27 0x00000010
core   0: 0x80001366 (0x01765b93) srli    s7, a2, 23
core   0: 3 0x80001366 (0x01765b93) x23 0x000001f7
core   0: 0x8000136a (0x33128c13) addi    s8, t0, 817
core   0: 3 0x8000136a (0x33128c13) x24 0x00000333
core   0: 0x8000136e (0x403e07b3) sub     a5, t3, gp
core   0: 3 0x8000136e (0x403e07b3) x15 0xfffffff7
core   0: 0x80001372 (0x000006c6) c.slli  a3, 17
core   0: 3 0x80001372 (0x06c6) x13 0x00000000
core   0: 0x80001374 (0x02fa4333) div     t1, s4, a5
core   0: 3 0x80001374 (0x02fa4333) x 6 0x00000000
core   0: 0x80001378 (0x689d0413) addi    s0, s10, 1673
core   0: 3 0x80001378 (0x689d0413) x 8 0x48bee8b9
core   0: 0x8000137c (0x7261c917) auipc   s2, 0x7261c
core   0: 3 0x8000137c (0x7261c917) x18 0xf261d37c
core   0: 0x80001380 (0xfced99e3) bne     s11, a4, pc - 46
core   0: 3 0x80001380 (0xfced99e3)
core   0: 0x80001352 (0x00008f4e) c.mv    t5, s3
core   0: 3 0x80001352 (0x8f4e) x30 0x80022e64
core   0: 0x80001354 (0x0ff0000f) fence   iorw,iorw
core   0: 3 0x80001354 (0x0ff0000f)
core   0: 0x80001358 (0x419b05b3) sub     a1, s6, s9
core   0: 3 0x80001358 (0x419b05b3) x11 0x00000019
core   0: 0x8000135c (0x00008ded) c.and   a1, a1
core   0: 3 0x8000135c (0x8ded) x11 0x00000019
core   0: 0x8000135e (0x00008fd1) c.or    a5, a2
core   0: 3 0x8000135e (0x8fd1) x15 0xfffffff7
core   0: 0x80001360 (0x004ea933) slt     s2, t4, tp
core   0: 3 0x80001360 (0x004ea933) x18 0x00000000
core   0: 0x80001364 (0x00000d85) c.addi  s11, 1
core   0: 3 0x80001364 (0x0d85) x27 0x00000011
core   0: 0x80001366 (0x01765b93) srli    s7, a2, 23
core   0: 3 0x80001366 (0x01765b93) x23 0x000001f7
core   0: 0x8000136a (0x33128c13) addi    s8, t0, 817
core   0: 3 0x8000136a (0x33128c13) x24 0x00000333
core   0: 0x8000136e (0x403e07b3) sub     a5, t3, gp
core   0: 3 0x8000136e (0x403e07b3) x15 0xfffffff7
core   0: 0x80001372 (0x000006c6) c.slli  a3, 17
core   0: 3 0x80001372 (0x06c6) x13 0x00000000
core   0: 0x80001374 (0x02fa4333) div     t1, s4, a5
core   0: 3 0x80001374 (0x02fa4333) x 6 0x00000000
core   0: 0x80001378 (0x689d0413) addi    s0, s10, 1673
core   0: 3 0x80001378 (0x689d0413) x 8 0x48bee8b9
core   0: 0x8000137c (0x7261c917) auipc   s2, 0x7261c
core   0: 3 0x8000137c (0x7261c917) x18 0xf261d37c
core   0: 0x80001380 (0xfced99e3) bne     s11, a4, pc - 46
core   0: 3 0x80001380 (0xfced99e3)
core   0: 0x80001352 (0x00008f4e) c.mv    t5, s3
core   0: 3 0x80001352 (0x8f4e) x30 0x80022e64
core   0: 0x80001354 (0x0ff0000f) fence   iorw,iorw
core   0: 3 0x80001354 (0x0ff0000f)
core   0: 0x80001358 (0x419b05b3) sub     a1, s6, s9
core   0: 3 0x80001358 (0x419b05b3) x11 0x00000019
core   0: 0x8000135c (0x00008ded) c.and   a1, a1
core   0: 3 0x8000135c (0x8ded) x11 0x00000019
core   0: 0x8000135e (0x00008fd1) c.or    a5, a2
core   0: 3 0x8000135e (0x8fd1) x15 0xfffffff7
core   0: 0x80001360 (0x004ea933) slt     s2, t4, tp
core   0: 3 0x80001360 (0x004ea933) x18 0x00000000
core   0: 0x80001364 (0x00000d85) c.addi  s11, 1
core   0: 3 0x80001364 (0x0d85) x27 0x00000012
core   0: 0x80001366 (0x01765b93) srli    s7, a2, 23
core   0: 3 0x80001366 (0x01765b93) x23 0x000001f7
core   0: 0x8000136a (0x33128c13) addi    s8, t0, 817
core   0: 3 0x8000136a (0x33128c13) x24 0x00000333
core   0: 0x8000136e (0x403e07b3) sub     a5, t3, gp
core   0: 3 0x8000136e (0x403e07b3) x15 0xfffffff7
core   0: 0x80001372 (0x000006c6) c.slli  a3, 17
core   0: 3 0x80001372 (0x06c6) x13 0x00000000
core   0: 0x80001374 (0x02fa4333) div     t1, s4, a5
core   0: 3 0x80001374 (0x02fa4333) x 6 0x00000000
core   0: 0x80001378 (0x689d0413) addi    s0, s10, 1673
core   0: 3 0x80001378 (0x689d0413) x 8 0x48bee8b9
core   0: 0x8000137c (0x7261c917) auipc   s2, 0x7261c
core   0: 3 0x8000137c (0x7261c917) x18 0xf261d37c
core   0: 0x80001380 (0xfced99e3) bne     s11, a4, pc - 46
core   0: 3 0x80001380 (0xfced99e3)
core   0: 0x80001384 (0x00000001) c.nop
core   0: 3 0x80001384 (0x0001)
core   0: 0x80001386 (0x7f0de237) lui     tp, 0x7f0de
core   0: 3 0x80001386 (0x7f0de237) x 4 0x7f0de000
core   0: 0x8000138a (0x64306193) ori     gp, zero, 1603
core   0: 3 0x8000138a (0x64306193) x 3 0x00000643
core   0: 0x8000138e (0x41d2d333) sra     t1, t0, t4
core   0: 3 0x8000138e (0x41d2d333) x 6 0x00000002
core   0: 0x80001392 (0xfa2571e3) bgeu    a0, sp, pc - 94
core   0: 3 0x80001392 (0xfa2571e3)
core   0: 0x80001396 (0x81ccf337) lui     t1, 0x81ccf
core   0: 3 0x80001396 (0x81ccf337) x 6 0x81ccf000
core   0: 0x8000139a (0xffd00913) li      s2, -3
core   0: 3 0x8000139a (0xffd00913) x18 0xfffffffd
core   0: 0x8000139e (0x01d08f33) add     t5, ra, t4
core   0: 3 0x8000139e (0x01d08f33) x30 0x00000000
core   0: 0x800013a2 (0x00591533) sll     a0, s2, t0
core   0: 3 0x800013a2 (0x00591533) x10 0xfffffff4
core   0: 0x800013a6 (0xff000813) li      a6, -16
core   0: 3 0x800013a6 (0xff000813) x16 0xfffffff0
core   0: 0x800013aa (0x00008d45) c.or    a0, s1
core   0: 3 0x800013aa (0x8d45) x10 0xfffffff4
core   0: 0x800013ac (0xa3b68413) addi    s0, a3, -1477
core   0: 3 0x800013ac (0xa3b68413) x 8 0xfffffa3b
core   0: 0x800013b0 (0x8cd08f93) addi    t6, ra, -1843
core   0: 3 0x800013b0 (0x8cd08f93) x31 0xfffff8cd
core   0: 0x800013b4 (0x0000717d) c.addi16sp sp, -16
core   0: 3 0x800013b4 (0x717d) x 2 0xfffffff3
core   0: 0x800013b6 (0x0112d693) srli    a3, t0, 17
core   0: 3 0x800013b6 (0x0112d693) x13 0x00000000
core   0: 0x800013ba (0x00d7b7b3) sltu    a5, a5, a3
core   0: 3 0x800013ba (0x00d7b7b3) x15 0x00000000
core   0: 0x800013be (0x00001961) c.addi  s2, -8
core   0: 3 0x800013be (0x1961) x18 0xfffffff5
core   0: 0x800013c0 (0x00008c1d) c.sub   s0, a5
core   0: 3 0x800013c0 (0x8c1d) x 8 0xfffffa3b
core   0: 0x800013c2 (0xffa00613) li      a2, -6
core   0: 3 0x800013c2 (0xffa00613) x12 0xfffffffa
core   0: 0x800013c6 (0x024f3a33) mulhu   s4, t5, tp
core   0: 3 0x800013c6 (0x024f3a33) x20 0x00000000
core   0: 0x800013ca (0x00000001) c.nop
core   0: 3 0x800013ca (0x0001)
core   0: 0x800013cc (0x004a9fb3) sll     t6, s5, tp
core   0: 3 0x800013cc (0x004a9fb3) x31 0x00000000
core   0: 0x800013d0 (0x0c131d97) auipc   s11, 0xc131
core   0: 3 0x800013d0 (0x0c131d97) x27 0x8c1323d0
core   0: 0x800013d4 (0x00008a5e) c.mv    s4, s7
core   0: 3 0x800013d4 (0x8a5e) x20 0x000001f7
core   0: 0x800013d6 (0xfa27e893) ori     a7, a5, -94
core   0: 3 0x800013d6 (0xfa27e893) x17 0xffffffa2
core   0: 0x800013da (0x40810fb3) sub     t6, sp, s0
core   0: 3 0x800013da (0x40810fb3) x31 0x000005b8
core   0: 0x800013de (0x000088e1) c.andi  s1, 24
core   0: 3 0x800013de (0x88e1) x 9 0x00000000
core   0: 0x800013e0 (0x00000605) c.addi  a2, 1
core   0: 3 0x800013e0 (0x0605) x12 0xfffffffb
core   0: 0x800013e2 (0x03a4ddb3) divu    s11, s1, s10
core   0: 3 0x800013e2 (0x03a4ddb3) x27 0x00000000
core   0: 0x800013e6 (0x01368733) add     a4, a3, s3
core   0: 3 0x800013e6 (0x01368733) x14 0x80022e64
core   0: 0x800013ea (0x01413133) sltu    sp, sp, s4
core   0: 3 0x800013ea (0x01413133) x 2 0x00000000
core   0: 0x800013ee (0x01a25a33) srl     s4, tp, s10
core   0: 3 0x800013ee (0x01a25a33) x20 0x00007f0d
core   0: 0x800013f2 (0x00008de1) c.and   a1, s0
core   0: 3 0x800013f2 (0x8de1) x11 0x00000019
core   0: 0x800013f4 (0x0000f27d) c.bnez  a2, pc - 26
core   0: 3 0x800013f4 (0xf27d)
core   0: 0x800013da (0x40810fb3) sub     t6, sp, s0
core   0: 3 0x800013da (0x40810fb3) x31 0x000005c5
core   0: 0x800013de (0x000088e1) c.andi  s1, 24
core   0: 3 0x800013de (0x88e1) x 9 0x00000000
core   0: 0x800013e0 (0x00000605) c.addi  a2, 1
core   0: 3 0x800013e0 (0x0605) x12 0xfffffffc
core   0: 0x800013e2 (0x03a4ddb3) divu    s11, s1, s10
core   0: 3 0x800013e2 (0x03a4ddb3) x27 0x00000000
core   0: 0x800013e6 (0x01368733) add     a4, a3, s3
core   0: 3 0x800013e6 (0x01368733) x14 0x80022e64
core   0: 0x800013ea (0x01413133) sltu    sp, sp, s4
core   0: 3 0x800013ea (0x01413133) x 2 0x00000001
core   0: 0x800013ee (0x01a25a33) srl     s4, tp, s10
core   0: 3 0x800013ee (0x01a25a33) x20 0x00007f0d
core   0: 0x800013f2 (0x00008de1) c.and   a1, s0
core   0: 3 0x800013f2 (0x8de1) x11 0x00000019
core   0: 0x800013f4 (0x0000f27d) c.bnez  a2, pc - 26
core   0: 3 0x800013f4 (0xf27d)
core   0: 0x800013da (0x40810fb3) sub     t6, sp, s0
core   0: 3 0x800013da (0x40810fb3) x31 0x000005c6
core   0: 0x800013de (0x000088e1) c.andi  s1, 24
core   0: 3 0x800013de (0x88e1) x 9 0x00000000
core   0: 0x800013e0 (0x00000605) c.addi  a2, 1
core   0: 3 0x800013e0 (0x0605) x12 0xfffffffd
core   0: 0x800013e2 (0x03a4ddb3) divu    s11, s1, s10
core   0: 3 0x800013e2 (0x03a4ddb3) x27 0x00000000
core   0: 0x800013e6 (0x01368733) add     a4, a3, s3
core   0: 3 0x800013e6 (0x01368733) x14 0x80022e64
core   0: 0x800013ea (0x01413133) sltu    sp, sp, s4
core   0: 3 0x800013ea (0x01413133) x 2 0x00000001
core   0: 0x800013ee (0x01a25a33) srl     s4, tp, s10
core   0: 3 0x800013ee (0x01a25a33) x20 0x00007f0d
core   0: 0x800013f2 (0x00008de1) c.and   a1, s0
core   0: 3 0x800013f2 (0x8de1) x11 0x00000019
core   0: 0x800013f4 (0x0000f27d) c.bnez  a2, pc - 26
core   0: 3 0x800013f4 (0xf27d)
core   0: 0x800013da (0x40810fb3) sub     t6, sp, s0
core   0: 3 0x800013da (0x40810fb3) x31 0x000005c6
core   0: 0x800013de (0x000088e1) c.andi  s1, 24
core   0: 3 0x800013de (0x88e1) x 9 0x00000000
core   0: 0x800013e0 (0x00000605) c.addi  a2, 1
core   0: 3 0x800013e0 (0x0605) x12 0xfffffffe
core   0: 0x800013e2 (0x03a4ddb3) divu    s11, s1, s10
core   0: 3 0x800013e2 (0x03a4ddb3) x27 0x00000000
core   0: 0x800013e6 (0x01368733) add     a4, a3, s3
core   0: 3 0x800013e6 (0x01368733) x14 0x80022e64
core   0: 0x800013ea (0x01413133) sltu    sp, sp, s4
core   0: 3 0x800013ea (0x01413133) x 2 0x00000001
core   0: 0x800013ee (0x01a25a33) srl     s4, tp, s10
core   0: 3 0x800013ee (0x01a25a33) x20 0x00007f0d
core   0: 0x800013f2 (0x00008de1) c.and   a1, s0
core   0: 3 0x800013f2 (0x8de1) x11 0x00000019
core   0: 0x800013f4 (0x0000f27d) c.bnez  a2, pc - 26
core   0: 3 0x800013f4 (0xf27d)
core   0: 0x800013da (0x40810fb3) sub     t6, sp, s0
core   0: 3 0x800013da (0x40810fb3) x31 0x000005c6
core   0: 0x800013de (0x000088e1) c.andi  s1, 24
core   0: 3 0x800013de (0x88e1) x 9 0x00000000
core   0: 0x800013e0 (0x00000605) c.addi  a2, 1
core   0: 3 0x800013e0 (0x0605) x12 0xffffffff
core   0: 0x800013e2 (0x03a4ddb3) divu    s11, s1, s10
core   0: 3 0x800013e2 (0x03a4ddb3) x27 0x00000000
core   0: 0x800013e6 (0x01368733) add     a4, a3, s3
core   0: 3 0x800013e6 (0x01368733) x14 0x80022e64
core   0: 0x800013ea (0x01413133) sltu    sp, sp, s4
core   0: 3 0x800013ea (0x01413133) x 2 0x00000001
core   0: 0x800013ee (0x01a25a33) srl     s4, tp, s10
core   0: 3 0x800013ee (0x01a25a33) x20 0x00007f0d
core   0: 0x800013f2 (0x00008de1) c.and   a1, s0
core   0: 3 0x800013f2 (0x8de1) x11 0x00000019
core   0: 0x800013f4 (0x0000f27d) c.bnez  a2, pc - 26
core   0: 3 0x800013f4 (0xf27d)
core   0: 0x800013da (0x40810fb3) sub     t6, sp, s0
core   0: 3 0x800013da (0x40810fb3) x31 0x000005c6
core   0: 0x800013de (0x000088e1) c.andi  s1, 24
core   0: 3 0x800013de (0x88e1) x 9 0x00000000
core   0: 0x800013e0 (0x00000605) c.addi  a2, 1
core   0: 3 0x800013e0 (0x0605) x12 0x00000000
core   0: 0x800013e2 (0x03a4ddb3) divu    s11, s1, s10
core   0: 3 0x800013e2 (0x03a4ddb3) x27 0x00000000
core   0: 0x800013e6 (0x01368733) add     a4, a3, s3
core   0: 3 0x800013e6 (0x01368733) x14 0x80022e64
core   0: 0x800013ea (0x01413133) sltu    sp, sp, s4
core   0: 3 0x800013ea (0x01413133) x 2 0x00000001
core   0: 0x800013ee (0x01a25a33) srl     s4, tp, s10
core   0: 3 0x800013ee (0x01a25a33) x20 0x00007f0d
core   0: 0x800013f2 (0x00008de1) c.and   a1, s0
core   0: 3 0x800013f2 (0x8de1) x11 0x00000019
core   0: 0x800013f4 (0x0000f27d) c.bnez  a2, pc - 26
core   0: 3 0x800013f4 (0xf27d)
core   0: 0x800013f6 (0x00008d7d) c.and   a0, a5
core   0: 3 0x800013f6 (0x8d7d) x10 0x00000000
core   0: 0x800013f8 (0x00008fee) c.mv    t6, s11
core   0: 3 0x800013f8 (0x8fee) x31 0x00000000
core   0: 0x800013fa (0xfb095be3) bge     s2, a6, pc - 74
core   0: 3 0x800013fa (0xfb095be3)
core   0: 0x800013b0 (0x8cd08f93) addi    t6, ra, -1843
core   0: 3 0x800013b0 (0x8cd08f93) x31 0xfffff8cd
core   0: 0x800013b4 (0x0000717d) c.addi16sp sp, -16
core   0: 3 0x800013b4 (0x717d) x 2 0xfffffff1
core   0: 0x800013b6 (0x0112d693) srli    a3, t0, 17
core   0: 3 0x800013b6 (0x0112d693) x13 0x00000000
core   0: 0x800013ba (0x00d7b7b3) sltu    a5, a5, a3
core   0: 3 0x800013ba (0x00d7b7b3) x15 0x00000000
core   0: 0x800013be (0x00001961) c.addi  s2, -8
core   0: 3 0x800013be (0x1961) x18 0xffffffed
core   0: 0x800013c0 (0x00008c1d) c.sub   s0, a5
core   0: 3 0x800013c0 (0x8c1d) x 8 0xfffffa3b
core   0: 0x800013c2 (0xffa00613) li      a2, -6
core   0: 3 0x800013c2 (0xffa00613) x12 0xfffffffa
core   0: 0x800013c6 (0x024f3a33) mulhu   s4, t5, tp
core   0: 3 0x800013c6 (0x024f3a33) x20 0x00000000
core   0: 0x800013ca (0x00000001) c.nop
core   0: 3 0x800013ca (0x0001)
core   0: 0x800013cc (0x004a9fb3) sll     t6, s5, tp
core   0: 3 0x800013cc (0x004a9fb3) x31 0x00000000
core   0: 0x800013d0 (0x0c131d97) auipc   s11, 0xc131
core   0: 3 0x800013d0 (0x0c131d97) x27 0x8c1323d0
core   0: 0x800013d4 (0x00008a5e) c.mv    s4, s7
core   0: 3 0x800013d4 (0x8a5e) x20 0x000001f7
core   0: 0x800013d6 (0xfa27e893) ori     a7, a5, -94
core   0: 3 0x800013d6 (0xfa27e893) x17 0xffffffa2
core   0: 0x800013da (0x40810fb3) sub     t6, sp, s0
core   0: 3 0x800013da (0x40810fb3) x31 0x000005b6
core   0: 0x800013de (0x000088e1) c.andi  s1, 24
core   0: 3 0x800013de (0x88e1) x 9 0x00000000
core   0: 0x800013e0 (0x00000605) c.addi  a2, 1
core   0: 3 0x800013e0 (0x0605) x12 0xfffffffb
core   0: 0x800013e2 (0x03a4ddb3) divu    s11, s1, s10
core   0: 3 0x800013e2 (0x03a4ddb3) x27 0x00000000
core   0: 0x800013e6 (0x01368733) add     a4, a3, s3
core   0: 3 0x800013e6 (0x01368733) x14 0x80022e64
core   0: 0x800013ea (0x01413133) sltu    sp, sp, s4
core   0: 3 0x800013ea (0x01413133) x 2 0x00000000
core   0: 0x800013ee (0x01a25a33) srl     s4, tp, s10
core   0: 3 0x800013ee (0x01a25a33) x20 0x00007f0d
core   0: 0x800013f2 (0x00008de1) c.and   a1, s0
core   0: 3 0x800013f2 (0x8de1) x11 0x00000019
core   0: 0x800013f4 (0x0000f27d) c.bnez  a2, pc - 26
core   0: 3 0x800013f4 (0xf27d)
core   0: 0x800013da (0x40810fb3) sub     t6, sp, s0
core   0: 3 0x800013da (0x40810fb3) x31 0x000005c5
core   0: 0x800013de (0x000088e1) c.andi  s1, 24
core   0: 3 0x800013de (0x88e1) x 9 0x00000000
core   0: 0x800013e0 (0x00000605) c.addi  a2, 1
core   0: 3 0x800013e0 (0x0605) x12 0xfffffffc
core   0: 0x800013e2 (0x03a4ddb3) divu    s11, s1, s10
core   0: 3 0x800013e2 (0x03a4ddb3) x27 0x00000000
core   0: 0x800013e6 (0x01368733) add     a4, a3, s3
core   0: 3 0x800013e6 (0x01368733) x14 0x80022e64
core   0: 0x800013ea (0x01413133) sltu    sp, sp, s4
core   0: 3 0x800013ea (0x01413133) x 2 0x00000001
core   0: 0x800013ee (0x01a25a33) srl     s4, tp, s10
core   0: 3 0x800013ee (0x01a25a33) x20 0x00007f0d
core   0: 0x800013f2 (0x00008de1) c.and   a1, s0
core   0: 3 0x800013f2 (0x8de1) x11 0x00000019
core   0: 0x800013f4 (0x0000f27d) c.bnez  a2, pc - 26
core   0: 3 0x800013f4 (0xf27d)
core   0: 0x800013da (0x40810fb3) sub     t6, sp, s0
core   0: 3 0x800013da (0x40810fb3) x31 0x000005c6
core   0: 0x800013de (0x000088e1) c.andi  s1, 24
core   0: 3 0x800013de (0x88e1) x 9 0x00000000
core   0: 0x800013e0 (0x00000605) c.addi  a2, 1
core   0: 3 0x800013e0 (0x0605) x12 0xfffffffd
core   0: 0x800013e2 (0x03a4ddb3) divu    s11, s1, s10
core   0: 3 0x800013e2 (0x03a4ddb3) x27 0x00000000
core   0: 0x800013e6 (0x01368733) add     a4, a3, s3
core   0: 3 0x800013e6 (0x01368733) x14 0x80022e64
core   0: 0x800013ea (0x01413133) sltu    sp, sp, s4
core   0: 3 0x800013ea (0x01413133) x 2 0x00000001
core   0: 0x800013ee (0x01a25a33) srl     s4, tp, s10
core   0: 3 0x800013ee (0x01a25a33) x20 0x00007f0d
core   0: 0x800013f2 (0x00008de1) c.and   a1, s0
core   0: 3 0x800013f2 (0x8de1) x11 0x00000019
core   0: 0x800013f4 (0x0000f27d) c.bnez  a2, pc - 26
core   0: 3 0x800013f4 (0xf27d)
core   0: 0x800013da (0x40810fb3) sub     t6, sp, s0
core   0: 3 0x800013da (0x40810fb3) x31 0x000005c6
core   0: 0x800013de (0x000088e1) c.andi  s1, 24
core   0: 3 0x800013de (0x88e1) x 9 0x00000000
core   0: 0x800013e0 (0x00000605) c.addi  a2, 1
core   0: 3 0x800013e0 (0x0605) x12 0xfffffffe
core   0: 0x800013e2 (0x03a4ddb3) divu    s11, s1, s10
core   0: 3 0x800013e2 (0x03a4ddb3) x27 0x00000000
core   0: 0x800013e6 (0x01368733) add     a4, a3, s3
core   0: 3 0x800013e6 (0x01368733) x14 0x80022e64
core   0: 0x800013ea (0x01413133) sltu    sp, sp, s4
core   0: 3 0x800013ea (0x01413133) x 2 0x00000001
core   0: 0x800013ee (0x01a25a33) srl     s4, tp, s10
core   0: 3 0x800013ee (0x01a25a33) x20 0x00007f0d
core   0: 0x800013f2 (0x00008de1) c.and   a1, s0
core   0: 3 0x800013f2 (0x8de1) x11 0x00000019
core   0: 0x800013f4 (0x0000f27d) c.bnez  a2, pc - 26
core   0: 3 0x800013f4 (0xf27d)
core   0: 0x800013da (0x40810fb3) sub     t6, sp, s0
core   0: 3 0x800013da (0x40810fb3) x31 0x000005c6
core   0: 0x800013de (0x000088e1) c.andi  s1, 24
core   0: 3 0x800013de (0x88e1) x 9 0x00000000
core   0: 0x800013e0 (0x00000605) c.addi  a2, 1
core   0: 3 0x800013e0 (0x0605) x12 0xffffffff
core   0: 0x800013e2 (0x03a4ddb3) divu    s11, s1, s10
core   0: 3 0x800013e2 (0x03a4ddb3) x27 0x00000000
core   0: 0x800013e6 (0x01368733) add     a4, a3, s3
core   0: 3 0x800013e6 (0x01368733) x14 0x80022e64
core   0: 0x800013ea (0x01413133) sltu    sp, sp, s4
core   0: 3 0x800013ea (0x01413133) x 2 0x00000001
core   0: 0x800013ee (0x01a25a33) srl     s4, tp, s10
core   0: 3 0x800013ee (0x01a25a33) x20 0x00007f0d
core   0: 0x800013f2 (0x00008de1) c.and   a1, s0
core   0: 3 0x800013f2 (0x8de1) x11 0x00000019
core   0: 0x800013f4 (0x0000f27d) c.bnez  a2, pc - 26
core   0: 3 0x800013f4 (0xf27d)
core   0: 0x800013da (0x40810fb3) sub     t6, sp, s0
core   0: 3 0x800013da (0x40810fb3) x31 0x000005c6
core   0: 0x800013de (0x000088e1) c.andi  s1, 24
core   0: 3 0x800013de (0x88e1) x 9 0x00000000
core   0: 0x800013e0 (0x00000605) c.addi  a2, 1
core   0: 3 0x800013e0 (0x0605) x12 0x00000000
core   0: 0x800013e2 (0x03a4ddb3) divu    s11, s1, s10
core   0: 3 0x800013e2 (0x03a4ddb3) x27 0x00000000
core   0: 0x800013e6 (0x01368733) add     a4, a3, s3
core   0: 3 0x800013e6 (0x01368733) x14 0x80022e64
core   0: 0x800013ea (0x01413133) sltu    sp, sp, s4
core   0: 3 0x800013ea (0x01413133) x 2 0x00000001
core   0: 0x800013ee (0x01a25a33) srl     s4, tp, s10
core   0: 3 0x800013ee (0x01a25a33) x20 0x00007f0d
core   0: 0x800013f2 (0x00008de1) c.and   a1, s0
core   0: 3 0x800013f2 (0x8de1) x11 0x00000019
core   0: 0x800013f4 (0x0000f27d) c.bnez  a2, pc - 26
core   0: 3 0x800013f4 (0xf27d)
core   0: 0x800013f6 (0x00008d7d) c.and   a0, a5
core   0: 3 0x800013f6 (0x8d7d) x10 0x00000000
core   0: 0x800013f8 (0x00008fee) c.mv    t6, s11
core   0: 3 0x800013f8 (0x8fee) x31 0x00000000
core   0: 0x800013fa (0xfb095be3) bge     s2, a6, pc - 74
core   0: 3 0x800013fa (0xfb095be3)
core   0: 0x800013fe (0x0000100f) fence.i
core   0: 3 0x800013fe (0x0000100f)
core   0: 0x80001402 (0xff700713) li      a4, -9
core   0: 3 0x80001402 (0xff700713) x14 0xfffffff7
core   0: 0x80001406 (0x00000001) c.nop
core   0: 3 0x80001406 (0x0001)
core   0: 0x80001408 (0x0298ee33) rem     t3, a7, s1
core   0: 3 0x80001408 (0x0298ee33) x28 0xffffffa2
core   0: 0x8000140c (0x00008ca1) c.xor   s1, s0
core   0: 3 0x8000140c (0x8ca1) x 9 0xfffffa3b
core   0: 0x8000140e (0x00000705) c.addi  a4, 1
core   0: 3 0x8000140e (0x0705) x14 0xfffffff8
core   0: 0x80001410 (0x00400b13) li      s6, 4
core   0: 3 0x80001410 (0x00400b13) x22 0x00000004
core   0: 0x80001414 (0x02348333) mul     t1, s1, gp
core   0: 3 0x80001414 (0x02348333) x 6 0xffdbdf71
core   0: 0x80001418 (0x00300e93) li      t4, 3
core   0: 3 0x80001418 (0x00300e93) x29 0x00000003
core   0: 0x8000141c (0x163cc817) auipc   a6, 0x163cc
core   0: 3 0x8000141c (0x163cc817) x16 0x963cd41c
core   0: 0x80001420 (0x008fccb3) xor     s9, t6, s0
core   0: 3 0x80001420 (0x008fccb3) x25 0xfffffa3b
core   0: 0x80001424 (0x0000017e) c.slli  sp, 31
core   0: 3 0x80001424 (0x017e) x 2 0x80000000
core   0: 0x80001426 (0x00001b61) c.addi  s6, -8
core   0: 3 0x80001426 (0x1b61) x22 0xfffffffc
core   0: 0x80001428 (0x00008fa9) c.xor   a5, a0
core   0: 3 0x80001428 (0x8fa9) x15 0x00000000
core   0: 0x8000142a (0xffdb5be3) bge     s6, t4, pc - 10
core   0: 3 0x8000142a (0xffdb5be3)
core   0: 0x8000142e (0x0ff0000f) fence   iorw,iorw
core   0: 3 0x8000142e (0x0ff0000f)
core   0: 0x80001432 (0x43784313) xori    t1, a6, 1079
core   0: 3 0x80001432 (0x43784313) x 6 0x963cd02b
core   0: 0x80001436 (0x0000863d) c.srai  a2, 15
core   0: 3 0x80001436 (0x863d) x12 0x00000000
core   0: 0x80001438 (0x0000fb61) c.bnez  a4, pc - 48
core   0: 3 0x80001438 (0xfb61)
core   0: 0x80001408 (0x0298ee33) rem     t3, a7, s1
core   0: 3 0x80001408 (0x0298ee33) x28 0xffffffa2
core   0: 0x8000140c (0x00008ca1) c.xor   s1, s0
core   0: 3 0x8000140c (0x8ca1) x 9 0x00000000
core   0: 0x8000140e (0x00000705) c.addi  a4, 1
core   0: 3 0x8000140e (0x0705) x14 0xfffffff9
core   0: 0x80001410 (0x00400b13) li      s6, 4
core   0: 3 0x80001410 (0x00400b13) x22 0x00000004
core   0: 0x80001414 (0x02348333) mul     t1, s1, gp
core   0: 3 0x80001414 (0x02348333) x 6 0x00000000
core   0: 0x80001418 (0x00300e93) li      t4, 3
core   0: 3 0x80001418 (0x00300e93) x29 0x00000003
core   0: 0x8000141c (0x163cc817) auipc   a6, 0x163cc
core   0: 3 0x8000141c (0x163cc817) x16 0x963cd41c
core   0: 0x80001420 (0x008fccb3) xor     s9, t6, s0
core   0: 3 0x80001420 (0x008fccb3) x25 0xfffffa3b
core   0: 0x80001424 (0x0000017e) c.slli  sp, 31
core   0: 3 0x80001424 (0x017e) x 2 0x00000000
core   0: 0x80001426 (0x00001b61) c.addi  s6, -8
core   0: 3 0x80001426 (0x1b61) x22 0xfffffffc
core   0: 0x80001428 (0x00008fa9) c.xor   a5, a0
core   0: 3 0x80001428 (0x8fa9) x15 0x00000000
core   0: 0x8000142a (0xffdb5be3) bge     s6, t4, pc - 10
core   0: 3 0x8000142a (0xffdb5be3)
core   0: 0x8000142e (0x0ff0000f) fence   iorw,iorw
core   0: 3 0x8000142e (0x0ff0000f)
core   0: 0x80001432 (0x43784313) xori    t1, a6, 1079
core   0: 3 0x80001432 (0x43784313) x 6 0x963cd02b
core   0: 0x80001436 (0x0000863d) c.srai  a2, 15
core   0: 3 0x80001436 (0x863d) x12 0x00000000
core   0: 0x80001438 (0x0000fb61) c.bnez  a4, pc - 48
core   0: 3 0x80001438 (0xfb61)
core   0: 0x80001408 (0x0298ee33) rem     t3, a7, s1
core   0: 3 0x80001408 (0x0298ee33) x28 0xffffffa2
core   0: 0x8000140c (0x00008ca1) c.xor   s1, s0
core   0: 3 0x8000140c (0x8ca1) x 9 0xfffffa3b
core   0: 0x8000140e (0x00000705) c.addi  a4, 1
core   0: 3 0x8000140e (0x0705) x14 0xfffffffa
core   0: 0x80001410 (0x00400b13) li      s6, 4
core   0: 3 0x80001410 (0x00400b13) x22 0x00000004
core   0: 0x80001414 (0x02348333) mul     t1, s1, gp
core   0: 3 0x80001414 (0x02348333) x 6 0xffdbdf71
core   0: 0x80001418 (0x00300e93) li      t4, 3
core   0: 3 0x80001418 (0x00300e93) x29 0x00000003
core   0: 0x8000141c (0x163cc817) auipc   a6, 0x163cc
core   0: 3 0x8000141c (0x163cc817) x16 0x963cd41c
core   0: 0x80001420 (0x008fccb3) xor     s9, t6, s0
core   0: 3 0x80001420 (0x008fccb3) x25 0xfffffa3b
core   0: 0x80001424 (0x0000017e) c.slli  sp, 31
core   0: 3 0x80001424 (0x017e) x 2 0x00000000
core   0: 0x80001426 (0x00001b61) c.addi  s6, -8
core   0: 3 0x80001426 (0x1b61) x22 0xfffffffc
core   0: 0x80001428 (0x00008fa9) c.xor   a5, a0
core   0: 3 0x80001428 (0x8fa9) x15 0x00000000
core   0: 0x8000142a (0xffdb5be3) bge     s6, t4, pc - 10
core   0: 3 0x8000142a (0xffdb5be3)
core   0: 0x8000142e (0x0ff0000f) fence   iorw,iorw
core   0: 3 0x8000142e (0x0ff0000f)
core   0: 0x80001432 (0x43784313) xori    t1, a6, 1079
core   0: 3 0x80001432 (0x43784313) x 6 0x963cd02b
core   0: 0x80001436 (0x0000863d) c.srai  a2, 15
core   0: 3 0x80001436 (0x863d) x12 0x00000000
core   0: 0x80001438 (0x0000fb61) c.bnez  a4, pc - 48
core   0: 3 0x80001438 (0xfb61)
core   0: 0x80001408 (0x0298ee33) rem     t3, a7, s1
core   0: 3 0x80001408 (0x0298ee33) x28 0xffffffa2
core   0: 0x8000140c (0x00008ca1) c.xor   s1, s0
core   0: 3 0x8000140c (0x8ca1) x 9 0x00000000
core   0: 0x8000140e (0x00000705) c.addi  a4, 1
core   0: 3 0x8000140e (0x0705) x14 0xfffffffb
core   0: 0x80001410 (0x00400b13) li      s6, 4
core   0: 3 0x80001410 (0x00400b13) x22 0x00000004
core   0: 0x80001414 (0x02348333) mul     t1, s1, gp
core   0: 3 0x80001414 (0x02348333) x 6 0x00000000
core   0: 0x80001418 (0x00300e93) li      t4, 3
core   0: 3 0x80001418 (0x00300e93) x29 0x00000003
core   0: 0x8000141c (0x163cc817) auipc   a6, 0x163cc
core   0: 3 0x8000141c (0x163cc817) x16 0x963cd41c
core   0: 0x80001420 (0x008fccb3) xor     s9, t6, s0
core   0: 3 0x80001420 (0x008fccb3) x25 0xfffffa3b
core   0: 0x80001424 (0x0000017e) c.slli  sp, 31
core   0: 3 0x80001424 (0x017e) x 2 0x00000000
core   0: 0x80001426 (0x00001b61) c.addi  s6, -8
core   0: 3 0x80001426 (0x1b61) x22 0xfffffffc
core   0: 0x80001428 (0x00008fa9) c.xor   a5, a0
core   0: 3 0x80001428 (0x8fa9) x15 0x00000000
core   0: 0x8000142a (0xffdb5be3) bge     s6, t4, pc - 10
core   0: 3 0x8000142a (0xffdb5be3)
core   0: 0x8000142e (0x0ff0000f) fence   iorw,iorw
core   0: 3 0x8000142e (0x0ff0000f)
core   0: 0x80001432 (0x43784313) xori    t1, a6, 1079
core   0: 3 0x80001432 (0x43784313) x 6 0x963cd02b
core   0: 0x80001436 (0x0000863d) c.srai  a2, 15
core   0: 3 0x80001436 (0x863d) x12 0x00000000
core   0: 0x80001438 (0x0000fb61) c.bnez  a4, pc - 48
core   0: 3 0x80001438 (0xfb61)
core   0: 0x80001408 (0x0298ee33) rem     t3, a7, s1
core   0: 3 0x80001408 (0x0298ee33) x28 0xffffffa2
core   0: 0x8000140c (0x00008ca1) c.xor   s1, s0
core   0: 3 0x8000140c (0x8ca1) x 9 0xfffffa3b
core   0: 0x8000140e (0x00000705) c.addi  a4, 1
core   0: 3 0x8000140e (0x0705) x14 0xfffffffc
core   0: 0x80001410 (0x00400b13) li      s6, 4
core   0: 3 0x80001410 (0x00400b13) x22 0x00000004
core   0: 0x80001414 (0x02348333) mul     t1, s1, gp
core   0: 3 0x80001414 (0x02348333) x 6 0xffdbdf71
core   0: 0x80001418 (0x00300e93) li      t4, 3
core   0: 3 0x80001418 (0x00300e93) x29 0x00000003
core   0: 0x8000141c (0x163cc817) auipc   a6, 0x163cc
core   0: 3 0x8000141c (0x163cc817) x16 0x963cd41c
core   0: 0x80001420 (0x008fccb3) xor     s9, t6, s0
core   0: 3 0x80001420 (0x008fccb3) x25 0xfffffa3b
core   0: 0x80001424 (0x0000017e) c.slli  sp, 31
core   0: 3 0x80001424 (0x017e) x 2 0x00000000
core   0: 0x80001426 (0x00001b61) c.addi  s6, -8
core   0: 3 0x80001426 (0x1b61) x22 0xfffffffc
core   0: 0x80001428 (0x00008fa9) c.xor   a5, a0
core   0: 3 0x80001428 (0x8fa9) x15 0x00000000
core   0: 0x8000142a (0xffdb5be3) bge     s6, t4, pc - 10
core   0: 3 0x8000142a (0xffdb5be3)
core   0: 0x8000142e (0x0ff0000f) fence   iorw,iorw
core   0: 3 0x8000142e (0x0ff0000f)
core   0: 0x80001432 (0x43784313) xori    t1, a6, 1079
core   0: 3 0x80001432 (0x43784313) x 6 0x963cd02b
core   0: 0x80001436 (0x0000863d) c.srai  a2, 15
core   0: 3 0x80001436 (0x863d) x12 0x00000000
core   0: 0x80001438 (0x0000fb61) c.bnez  a4, pc - 48
core   0: 3 0x80001438 (0xfb61)
core   0: 0x80001408 (0x0298ee33) rem     t3, a7, s1
core   0: 3 0x80001408 (0x0298ee33) x28 0xffffffa2
core   0: 0x8000140c (0x00008ca1) c.xor   s1, s0
core   0: 3 0x8000140c (0x8ca1) x 9 0x00000000
core   0: 0x8000140e (0x00000705) c.addi  a4, 1
core   0: 3 0x8000140e (0x0705) x14 0xfffffffd
core   0: 0x80001410 (0x00400b13) li      s6, 4
core   0: 3 0x80001410 (0x00400b13) x22 0x00000004
core   0: 0x80001414 (0x02348333) mul     t1, s1, gp
core   0: 3 0x80001414 (0x02348333) x 6 0x00000000
core   0: 0x80001418 (0x00300e93) li      t4, 3
core   0: 3 0x80001418 (0x00300e93) x29 0x00000003
core   0: 0x8000141c (0x163cc817) auipc   a6, 0x163cc
core   0: 3 0x8000141c (0x163cc817) x16 0x963cd41c
core   0: 0x80001420 (0x008fccb3) xor     s9, t6, s0
core   0: 3 0x80001420 (0x008fccb3) x25 0xfffffa3b
core   0: 0x80001424 (0x0000017e) c.slli  sp, 31
core   0: 3 0x80001424 (0x017e) x 2 0x00000000
core   0: 0x80001426 (0x00001b61) c.addi  s6, -8
core   0: 3 0x80001426 (0x1b61) x22 0xfffffffc
core   0: 0x80001428 (0x00008fa9) c.xor   a5, a0
core   0: 3 0x80001428 (0x8fa9) x15 0x00000000
core   0: 0x8000142a (0xffdb5be3) bge     s6, t4, pc - 10
core   0: 3 0x8000142a (0xffdb5be3)
core   0: 0x8000142e (0x0ff0000f) fence   iorw,iorw
core   0: 3 0x8000142e (0x0ff0000f)
core   0: 0x80001432 (0x43784313) xori    t1, a6, 1079
core   0: 3 0x80001432 (0x43784313) x 6 0x963cd02b
core   0: 0x80001436 (0x0000863d) c.srai  a2, 15
core   0: 3 0x80001436 (0x863d) x12 0x00000000
core   0: 0x80001438 (0x0000fb61) c.bnez  a4, pc - 48
core   0: 3 0x80001438 (0xfb61)
core   0: 0x80001408 (0x0298ee33) rem     t3, a7, s1
core   0: 3 0x80001408 (0x0298ee33) x28 0xffffffa2
core   0: 0x8000140c (0x00008ca1) c.xor   s1, s0
core   0: 3 0x8000140c (0x8ca1) x 9 0xfffffa3b
core   0: 0x8000140e (0x00000705) c.addi  a4, 1
core   0: 3 0x8000140e (0x0705) x14 0xfffffffe
core   0: 0x80001410 (0x00400b13) li      s6, 4
core   0: 3 0x80001410 (0x00400b13) x22 0x00000004
core   0: 0x80001414 (0x02348333) mul     t1, s1, gp
core   0: 3 0x80001414 (0x02348333) x 6 0xffdbdf71
core   0: 0x80001418 (0x00300e93) li      t4, 3
core   0: 3 0x80001418 (0x00300e93) x29 0x00000003
core   0: 0x8000141c (0x163cc817) auipc   a6, 0x163cc
core   0: 3 0x8000141c (0x163cc817) x16 0x963cd41c
core   0: 0x80001420 (0x008fccb3) xor     s9, t6, s0
core   0: 3 0x80001420 (0x008fccb3) x25 0xfffffa3b
core   0: 0x80001424 (0x0000017e) c.slli  sp, 31
core   0: 3 0x80001424 (0x017e) x 2 0x00000000
core   0: 0x80001426 (0x00001b61) c.addi  s6, -8
core   0: 3 0x80001426 (0x1b61) x22 0xfffffffc
core   0: 0x80001428 (0x00008fa9) c.xor   a5, a0
core   0: 3 0x80001428 (0x8fa9) x15 0x00000000
core   0: 0x8000142a (0xffdb5be3) bge     s6, t4, pc - 10
core   0: 3 0x8000142a (0xffdb5be3)
core   0: 0x8000142e (0x0ff0000f) fence   iorw,iorw
core   0: 3 0x8000142e (0x0ff0000f)
core   0: 0x80001432 (0x43784313) xori    t1, a6, 1079
core   0: 3 0x80001432 (0x43784313) x 6 0x963cd02b
core   0: 0x80001436 (0x0000863d) c.srai  a2, 15
core   0: 3 0x80001436 (0x863d) x12 0x00000000
core   0: 0x80001438 (0x0000fb61) c.bnez  a4, pc - 48
core   0: 3 0x80001438 (0xfb61)
core   0: 0x80001408 (0x0298ee33) rem     t3, a7, s1
core   0: 3 0x80001408 (0x0298ee33) x28 0xffffffa2
core   0: 0x8000140c (0x00008ca1) c.xor   s1, s0
core   0: 3 0x8000140c (0x8ca1) x 9 0x00000000
core   0: 0x8000140e (0x00000705) c.addi  a4, 1
core   0: 3 0x8000140e (0x0705) x14 0xffffffff
core   0: 0x80001410 (0x00400b13) li      s6, 4
core   0: 3 0x80001410 (0x00400b13) x22 0x00000004
core   0: 0x80001414 (0x02348333) mul     t1, s1, gp
core   0: 3 0x80001414 (0x02348333) x 6 0x00000000
core   0: 0x80001418 (0x00300e93) li      t4, 3
core   0: 3 0x80001418 (0x00300e93) x29 0x00000003
core   0: 0x8000141c (0x163cc817) auipc   a6, 0x163cc
core   0: 3 0x8000141c (0x163cc817) x16 0x963cd41c
core   0: 0x80001420 (0x008fccb3) xor     s9, t6, s0
core   0: 3 0x80001420 (0x008fccb3) x25 0xfffffa3b
core   0: 0x80001424 (0x0000017e) c.slli  sp, 31
core   0: 3 0x80001424 (0x017e) x 2 0x00000000
core   0: 0x80001426 (0x00001b61) c.addi  s6, -8
core   0: 3 0x80001426 (0x1b61) x22 0xfffffffc
core   0: 0x80001428 (0x00008fa9) c.xor   a5, a0
core   0: 3 0x80001428 (0x8fa9) x15 0x00000000
core   0: 0x8000142a (0xffdb5be3) bge     s6, t4, pc - 10
core   0: 3 0x8000142a (0xffdb5be3)
core   0: 0x8000142e (0x0ff0000f) fence   iorw,iorw
core   0: 3 0x8000142e (0x0ff0000f)
core   0: 0x80001432 (0x43784313) xori    t1, a6, 1079
core   0: 3 0x80001432 (0x43784313) x 6 0x963cd02b
core   0: 0x80001436 (0x0000863d) c.srai  a2, 15
core   0: 3 0x80001436 (0x863d) x12 0x00000000
core   0: 0x80001438 (0x0000fb61) c.bnez  a4, pc - 48
core   0: 3 0x80001438 (0xfb61)
core   0: 0x80001408 (0x0298ee33) rem     t3, a7, s1
core   0: 3 0x80001408 (0x0298ee33) x28 0xffffffa2
core   0: 0x8000140c (0x00008ca1) c.xor   s1, s0
core   0: 3 0x8000140c (0x8ca1) x 9 0xfffffa3b
core   0: 0x8000140e (0x00000705) c.addi  a4, 1
core   0: 3 0x8000140e (0x0705) x14 0x00000000
core   0: 0x80001410 (0x00400b13) li      s6, 4
core   0: 3 0x80001410 (0x00400b13) x22 0x00000004
core   0: 0x80001414 (0x02348333) mul     t1, s1, gp
core   0: 3 0x80001414 (0x02348333) x 6 0xffdbdf71
core   0: 0x80001418 (0x00300e93) li      t4, 3
core   0: 3 0x80001418 (0x00300e93) x29 0x00000003
core   0: 0x8000141c (0x163cc817) auipc   a6, 0x163cc
core   0: 3 0x8000141c (0x163cc817) x16 0x963cd41c
core   0: 0x80001420 (0x008fccb3) xor     s9, t6, s0
core   0: 3 0x80001420 (0x008fccb3) x25 0xfffffa3b
core   0: 0x80001424 (0x0000017e) c.slli  sp, 31
core   0: 3 0x80001424 (0x017e) x 2 0x00000000
core   0: 0x80001426 (0x00001b61) c.addi  s6, -8
core   0: 3 0x80001426 (0x1b61) x22 0xfffffffc
core   0: 0x80001428 (0x00008fa9) c.xor   a5, a0
core   0: 3 0x80001428 (0x8fa9) x15 0x00000000
core   0: 0x8000142a (0xffdb5be3) bge     s6, t4, pc - 10
core   0: 3 0x8000142a (0xffdb5be3)
core   0: 0x8000142e (0x0ff0000f) fence   iorw,iorw
core   0: 3 0x8000142e (0x0ff0000f)
core   0: 0x80001432 (0x43784313) xori    t1, a6, 1079
core   0: 3 0x80001432 (0x43784313) x 6 0x963cd02b
core   0: 0x80001436 (0x0000863d) c.srai  a2, 15
core   0: 3 0x80001436 (0x863d) x12 0x00000000
core   0: 0x80001438 (0x0000fb61) c.bnez  a4, pc - 48
core   0: 3 0x80001438 (0xfb61)
core   0: 0x8000143a (0x000005e6) c.slli  a1, 25
core   0: 3 0x8000143a (0x05e6) x11 0x32000000
core   0: 0x8000143c (0xff700913) li      s2, -9
core   0: 3 0x8000143c (0xff700913) x18 0xfffffff7
core   0: 0x80001440 (0x00e00113) li      sp, 14
core   0: 3 0x80001440 (0x00e00113) x 2 0x0000000e
core   0: 0x80001444 (0xf8747097) auipc   ra, 0xf8747
core   0: 3 0x80001444 (0xf8747097) x 1 0x78748444
core   0: 0x80001448 (0x021a67b3) rem     a5, s4, ra
core   0: 3 0x80001448 (0x021a67b3) x15 0x00007f0d
core   0: 0x8000144c (0x00000925) c.addi  s2, 9
core   0: 3 0x8000144c (0x0925) x18 0x00000000
core   0: 0x8000144e (0x40a15433) sra     s0, sp, a0
core   0: 3 0x8000144e (0x40a15433) x 8 0x0000000e
core   0: 0x80001452 (0x403d5193) srai    gp, s10, 3
core   0: 3 0x80001452 (0x403d5193) x 3 0x0917dc46
core   0: 0x80001456 (0x00000001) c.nop
core   0: 3 0x80001456 (0x0001)
core   0: 0x80001458 (0x00008d7d) c.and   a0, a5
core   0: 3 0x80001458 (0x8d7d) x10 0x00000000
core   0: 0x8000145a (0xfe2965e3) bltu    s2, sp, pc - 22
core   0: 3 0x8000145a (0xfe2965e3)
core   0: 0x80001444 (0xf8747097) auipc   ra, 0xf8747
core   0: 3 0x80001444 (0xf8747097) x 1 0x78748444
core   0: 0x80001448 (0x021a67b3) rem     a5, s4, ra
core   0: 3 0x80001448 (0x021a67b3) x15 0x00007f0d
core   0: 0x8000144c (0x00000925) c.addi  s2, 9
core   0: 3 0x8000144c (0x0925) x18 0x00000009
core   0: 0x8000144e (0x40a15433) sra     s0, sp, a0
core   0: 3 0x8000144e (0x40a15433) x 8 0x0000000e
core   0: 0x80001452 (0x403d5193) srai    gp, s10, 3
core   0: 3 0x80001452 (0x403d5193) x 3 0x0917dc46
core   0: 0x80001456 (0x00000001) c.nop
core   0: 3 0x80001456 (0x0001)
core   0: 0x80001458 (0x00008d7d) c.and   a0, a5
core   0: 3 0x80001458 (0x8d7d) x10 0x00000000
core   0: 0x8000145a (0xfe2965e3) bltu    s2, sp, pc - 22
core   0: 3 0x8000145a (0xfe2965e3)
core   0: 0x80001444 (0xf8747097) auipc   ra, 0xf8747
core   0: 3 0x80001444 (0xf8747097) x 1 0x78748444
core   0: 0x80001448 (0x021a67b3) rem     a5, s4, ra
core   0: 3 0x80001448 (0x021a67b3) x15 0x00007f0d
core   0: 0x8000144c (0x00000925) c.addi  s2, 9
core   0: 3 0x8000144c (0x0925) x18 0x00000012
core   0: 0x8000144e (0x40a15433) sra     s0, sp, a0
core   0: 3 0x8000144e (0x40a15433) x 8 0x0000000e
core   0: 0x80001452 (0x403d5193) srai    gp, s10, 3
core   0: 3 0x80001452 (0x403d5193) x 3 0x0917dc46
core   0: 0x80001456 (0x00000001) c.nop
core   0: 3 0x80001456 (0x0001)
core   0: 0x80001458 (0x00008d7d) c.and   a0, a5
core   0: 3 0x80001458 (0x8d7d) x10 0x00000000
core   0: 0x8000145a (0xfe2965e3) bltu    s2, sp, pc - 22
core   0: 3 0x8000145a (0xfe2965e3)
core   0: 0x8000145e (0x00008085) c.srli  s1, 1
core   0: 3 0x8000145e (0x8085) x 9 0x7ffffd1d
core   0: 0x80001460 (0xffc00b93) li      s7, -4
core   0: 3 0x80001460 (0xffc00b93) x23 0xfffffffc
core   0: 0x80001464 (0xc0bac893) xori    a7, s5, -1013
core   0: 3 0x80001464 (0xc0bac893) x17 0xfffffc0b
core   0: 0x80001468 (0xff800913) li      s2, -8
core   0: 3 0x80001468 (0xff800913) x18 0xfffffff8
core   0: 0x8000146c (0x01d6c133) xor     sp, a3, t4
core   0: 3 0x8000146c (0x01d6c133) x 2 0x00000003
core   0: 0x80001470 (0x0137b333) sltu    t1, a5, s3
core   0: 3 0x80001470 (0x0137b333) x 6 0x00000001
core   0: 0x80001474 (0x04a1ae93) slti    t4, gp, 74
core   0: 3 0x80001474 (0x04a1ae93) x29 0x00000000
core   0: 0x80001478 (0x02675233) divu    tp, a4, t1
core   0: 3 0x80001478 (0x02675233) x 4 0x00000000
core   0: 0x8000147c (0xb9798093) addi    ra, s3, -1129
core   0: 3 0x8000147c (0xb9798093) x 1 0x800229fb
core   0: 0x80001480 (0x0147b233) sltu    tp, a5, s4
core   0: 3 0x80001480 (0x0147b233) x 4 0x00000000
core   0: 0x80001484 (0x00001bf9) c.addi  s7, -2
core   0: 3 0x80001484 (0x1bf9) x23 0xfffffffa
core   0: 0x80001486 (0x03492d33) mulhsu  s10, s2, s4
core   0: 3 0x80001486 (0x03492d33) x26 0xffffffff
core   0: 0x8000148a (0xffe00d93) li      s11, -2
core   0: 3 0x8000148a (0xffe00d93) x27 0xfffffffe
core   0: 0x8000148e (0x0000100f) fence.i
core   0: 3 0x8000148e (0x0000100f)
core   0: 0x80001492 (0x0000612d) c.addi16sp sp, 224
core   0: 3 0x80001492 (0x612d) x 2 0x000000e3
core   0: 0x80001494 (0x00700413) li      s0, 7
core   0: 3 0x80001494 (0x00700413) x 8 0x00000007
core   0: 0x80001498 (0x0031c033) xor     zero, gp, gp
core   0: 3 0x80001498 (0x0031c033)
core   0: 0x8000149c (0xd24c0a37) lui     s4, 0xd24c0
core   0: 3 0x8000149c (0xd24c0a37) x20 0xd24c0000
core   0: 0x800014a0 (0x013f5333) srl     t1, t5, s3
core   0: 3 0x800014a0 (0x013f5333) x 6 0x00000000
core   0: 0x800014a4 (0x00008d25) c.xor   a0, s1
core   0: 3 0x800014a4 (0x8d25) x10 0x7ffffd1d
core   0: 0x800014a6 (0x00e1ce33) xor     t3, gp, a4
core   0: 3 0x800014a6 (0x00e1ce33) x28 0x0917dc46
core   0: 0x800014aa (0x2f7a2093) slti    ra, s4, 759
core   0: 3 0x800014aa (0x2f7a2093) x 1 0x00000001
core   0: 0x800014ae (0x018c7f33) and     t5, s8, s8
core   0: 3 0x800014ae (0x018c7f33) x30 0x00000333
core   0: 0x800014b2 (0x03bbafb3) mulhsu  t6, s7, s11
core   0: 3 0x800014b2 (0x03bbafb3) x31 0xfffffffa
core   0: 0x800014b6 (0xd0279017) auipc   zero, 0xd0279
core   0: 3 0x800014b6 (0xd0279017)
core   0: 0x800014ba (0x00000da5) c.addi  s11, 9
core   0: 3 0x800014ba (0x0da5) x27 0x00000007
core   0: 0x800014bc (0xfe8d87e3) beq     s11, s0, pc - 18
core   0: 3 0x800014bc (0xfe8d87e3)
core   0: 0x800014aa (0x2f7a2093) slti    ra, s4, 759
core   0: 3 0x800014aa (0x2f7a2093) x 1 0x00000001
core   0: 0x800014ae (0x018c7f33) and     t5, s8, s8
core   0: 3 0x800014ae (0x018c7f33) x30 0x00000333
core   0: 0x800014b2 (0x03bbafb3) mulhsu  t6, s7, s11
core   0: 3 0x800014b2 (0x03bbafb3) x31 0xffffffff
core   0: 0x800014b6 (0xd0279017) auipc   zero, 0xd0279
core   0: 3 0x800014b6 (0xd0279017)
core   0: 0x800014ba (0x00000da5) c.addi  s11, 9
core   0: 3 0x800014ba (0x0da5) x27 0x00000010
core   0: 0x800014bc (0xfe8d87e3) beq     s11, s0, pc - 18
core   0: 3 0x800014bc (0xfe8d87e3)
core   0: 0x800014c0 (0x55cb8f17) auipc   t5, 0x55cb8
core   0: 3 0x800014c0 (0x55cb8f17) x30 0xd5cb94c0
core   0: 0x800014c4 (0xc56c0e93) addi    t4, s8, -938
core   0: 3 0x800014c4 (0xc56c0e93) x29 0xffffff89
core   0: 0x800014c8 (0x00009b26) c.add   s6, s1
core   0: 3 0x800014c8 (0x9b26) x22 0x7ffffd19
core   0: 0x800014ca (0x00a75a13) srli    s4, a4, 10
core   0: 3 0x800014ca (0x00a75a13) x20 0x00000000
core   0: 0x800014ce (0x00006325) c.lui   t1, 0x9
core   0: 3 0x800014ce (0x6325) x 6 0x00009000
core   0: 0x800014d0 (0xfb2b84e3) beq     s7, s2, pc - 88
core   0: 3 0x800014d0 (0xfb2b84e3)
core   0: 0x800014d4 (0x03a1b0b3) mulhu   ra, gp, s10
core   0: 3 0x800014d4 (0x03a1b0b3) x 1 0x0917dc45
core   0: 0x800014d8 (0xff600413) li      s0, -10
core   0: 3 0x800014d8 (0xff600413) x 8 0xfffffff6
core   0: 0x800014dc (0x014b77b3) and     a5, s6, s4
core   0: 3 0x800014dc (0x014b77b3) x15 0x00000000
core   0: 0x800014e0 (0x21c6e113) ori     sp, a3, 540
core   0: 3 0x800014e0 (0x21c6e113) x 2 0x0000021c
core   0: 0x800014e4 (0x038640b3) div     ra, a2, s8
core   0: 3 0x800014e4 (0x038640b3) x 1 0x00000000
core   0: 0x800014e8 (0x0000100f) fence.i
core   0: 3 0x800014e8 (0x0000100f)
core   0: 0x800014ec (0x000041e5) c.li    gp, 25
core   0: 3 0x800014ec (0x41e5) x 3 0x00000019
core   0: 0x800014ee (0x009e5193) srli    gp, t3, 9
core   0: 3 0x800014ee (0x009e5193) x 3 0x00048bee
core   0: 0x800014f2 (0x03454d33) div     s10, a0, s4
core   0: 3 0x800014f2 (0x03454d33) x26 0xffffffff
core   0: 0x800014f6 (0x484cfc93) andi    s9, s9, 1156
core   0: 3 0x800014f6 (0x484cfc93) x25 0x00000000
core   0: 0x800014fa (0x000081d9) c.srli  a1, 22
core   0: 3 0x800014fa (0x81d9) x11 0x000000c8
core   0: 0x800014fc (0x00000001) c.nop
core   0: 3 0x800014fc (0x0001)
core   0: 0x800014fe (0x02e36633) rem     a2, t1, a4
core   0: 3 0x800014fe (0x02e36633) x12 0x00009000
core   0: 0x80001502 (0x01dfebb3) or      s7, t6, t4
core   0: 3 0x80001502 (0x01dfebb3) x23 0xffffffff
core   0: 0x80001506 (0x0313f8b3) remu    a7, t2, a7
core   0: 3 0x80001506 (0x0313f8b3) x17 0x80026ce4
core   0: 0x8000150a (0x02bbb213) sltiu   tp, s7, 43
core   0: 3 0x8000150a (0x02bbb213) x 4 0x00000000
core   0: 0x8000150e (0x00008d31) c.xor   a0, a2
core   0: 3 0x8000150e (0x8d31) x10 0x7fff6d1d
core   0: 0x80001510 (0x00008e51) c.or    a2, a2
core   0: 3 0x80001510 (0x8e51) x12 0x00009000
core   0: 0x80001512 (0x00493eb3) sltu    t4, s2, tp
core   0: 3 0x80001512 (0x00493eb3) x29 0x00000000
core   0: 0x80001516 (0x7f88a193) slti    gp, a7, 2040
core   0: 3 0x80001516 (0x7f88a193) x 3 0x00000001
core   0: 0x8000151a (0xe941c737) lui     a4, 0xe941c
core   0: 3 0x8000151a (0xe941c737) x14 0xe941c000
core   0: 0x8000151e (0x00009be6) c.add   s7, s9
core   0: 3 0x8000151e (0x9be6) x23 0xffffffff
core   0: 0x80001520 (0x411457b3) sra     a5, s0, a7
core   0: 3 0x80001520 (0x411457b3) x15 0xffffffff
core   0: 0x80001524 (0x00000405) c.addi  s0, 1
core   0: 3 0x80001524 (0x0405) x 8 0xfffffff7
core   0: 0x80001526 (0x00008f2d) c.xor   a4, a1
core   0: 3 0x80001526 (0x8f2d) x14 0xe941c0c8
core   0: 0x80001528 (0x02a3e133) rem     sp, t2, a0
core   0: 3 0x80001528 (0x02a3e133) x 2 0x80026ce4
core   0: 0x8000152c (0x00008c89) c.sub   s1, a0
core   0: 3 0x8000152c (0x8c89) x 9 0x00009000
core   0: 0x8000152e (0x0000f871) c.bnez  s0, pc - 44
core   0: 3 0x8000152e (0xf871)
core   0: 0x80001502 (0x01dfebb3) or      s7, t6, t4
core   0: 3 0x80001502 (0x01dfebb3) x23 0xffffffff
core   0: 0x80001506 (0x0313f8b3) remu    a7, t2, a7
core   0: 3 0x80001506 (0x0313f8b3) x17 0x00000000
core   0: 0x8000150a (0x02bbb213) sltiu   tp, s7, 43
core   0: 3 0x8000150a (0x02bbb213) x 4 0x00000000
core   0: 0x8000150e (0x00008d31) c.xor   a0, a2
core   0: 3 0x8000150e (0x8d31) x10 0x7ffffd1d
core   0: 0x80001510 (0x00008e51) c.or    a2, a2
core   0: 3 0x80001510 (0x8e51) x12 0x00009000
core   0: 0x80001512 (0x00493eb3) sltu    t4, s2, tp
core   0: 3 0x80001512 (0x00493eb3) x29 0x00000000
core   0: 0x80001516 (0x7f88a193) slti    gp, a7, 2040
core   0: 3 0x80001516 (0x7f88a193) x 3 0x00000001
core   0: 0x8000151a (0xe941c737) lui     a4, 0xe941c
core   0: 3 0x8000151a (0xe941c737) x14 0xe941c000
core   0: 0x8000151e (0x00009be6) c.add   s7, s9
core   0: 3 0x8000151e (0x9be6) x23 0xffffffff
core   0: 0x80001520 (0x411457b3) sra     a5, s0, a7
core   0: 3 0x80001520 (0x411457b3) x15 0xfffffff7
core   0: 0x80001524 (0x00000405) c.addi  s0, 1
core   0: 3 0x80001524 (0x0405) x 8 0xfffffff8
core   0: 0x80001526 (0x00008f2d) c.xor   a4, a1
core   0: 3 0x80001526 (0x8f2d) x14 0xe941c0c8
core   0: 0x80001528 (0x02a3e133) rem     sp, t2, a0
core   0: 3 0x80001528 (0x02a3e133) x 2 0x80026ce4
core   0: 0x8000152c (0x00008c89) c.sub   s1, a0
core   0: 3 0x8000152c (0x8c89) x 9 0x800092e3
core   0: 0x8000152e (0x0000f871) c.bnez  s0, pc - 44
core   0: 3 0x8000152e (0xf871)
core   0: 0x80001502 (0x01dfebb3) or      s7, t6, t4
core   0: 3 0x80001502 (0x01dfebb3) x23 0xffffffff
core   0: 0x80001506 (0x0313f8b3) remu    a7, t2, a7
core   0: 3 0x80001506 (0x0313f8b3) x17 0x80026ce4
core   0: 0x8000150a (0x02bbb213) sltiu   tp, s7, 43
core   0: 3 0x8000150a (0x02bbb213) x 4 0x00000000
core   0: 0x8000150e (0x00008d31) c.xor   a0, a2
core   0: 3 0x8000150e (0x8d31) x10 0x7fff6d1d
core   0: 0x80001510 (0x00008e51) c.or    a2, a2
core   0: 3 0x80001510 (0x8e51) x12 0x00009000
core   0: 0x80001512 (0x00493eb3) sltu    t4, s2, tp
core   0: 3 0x80001512 (0x00493eb3) x29 0x00000000
core   0: 0x80001516 (0x7f88a193) slti    gp, a7, 2040
core   0: 3 0x80001516 (0x7f88a193) x 3 0x00000001
core   0: 0x8000151a (0xe941c737) lui     a4, 0xe941c
core   0: 3 0x8000151a (0xe941c737) x14 0xe941c000
core   0: 0x8000151e (0x00009be6) c.add   s7, s9
core   0: 3 0x8000151e (0x9be6) x23 0xffffffff
core   0: 0x80001520 (0x411457b3) sra     a5, s0, a7
core   0: 3 0x80001520 (0x411457b3) x15 0xffffffff
core   0: 0x80001524 (0x00000405) c.addi  s0, 1
core   0: 3 0x80001524 (0x0405) x 8 0xfffffff9
core   0: 0x80001526 (0x00008f2d) c.xor   a4, a1
core   0: 3 0x80001526 (0x8f2d) x14 0xe941c0c8
core   0: 0x80001528 (0x02a3e133) rem     sp, t2, a0
core   0: 3 0x80001528 (0x02a3e133) x 2 0x80026ce4
core   0: 0x8000152c (0x00008c89) c.sub   s1, a0
core   0: 3 0x8000152c (0x8c89) x 9 0x000125c6
core   0: 0x8000152e (0x0000f871) c.bnez  s0, pc - 44
core   0: 3 0x8000152e (0xf871)
core   0: 0x80001502 (0x01dfebb3) or      s7, t6, t4
core   0: 3 0x80001502 (0x01dfebb3) x23 0xffffffff
core   0: 0x80001506 (0x0313f8b3) remu    a7, t2, a7
core   0: 3 0x80001506 (0x0313f8b3) x17 0x00000000
core   0: 0x8000150a (0x02bbb213) sltiu   tp, s7, 43
core   0: 3 0x8000150a (0x02bbb213) x 4 0x00000000
core   0: 0x8000150e (0x00008d31) c.xor   a0, a2
core   0: 3 0x8000150e (0x8d31) x10 0x7ffffd1d
core   0: 0x80001510 (0x00008e51) c.or    a2, a2
core   0: 3 0x80001510 (0x8e51) x12 0x00009000
core   0: 0x80001512 (0x00493eb3) sltu    t4, s2, tp
core   0: 3 0x80001512 (0x00493eb3) x29 0x00000000
core   0: 0x80001516 (0x7f88a193) slti    gp, a7, 2040
core   0: 3 0x80001516 (0x7f88a193) x 3 0x00000001
core   0: 0x8000151a (0xe941c737) lui     a4, 0xe941c
core   0: 3 0x8000151a (0xe941c737) x14 0xe941c000
core   0: 0x8000151e (0x00009be6) c.add   s7, s9
core   0: 3 0x8000151e (0x9be6) x23 0xffffffff
core   0: 0x80001520 (0x411457b3) sra     a5, s0, a7
core   0: 3 0x80001520 (0x411457b3) x15 0xfffffff9
core   0: 0x80001524 (0x00000405) c.addi  s0, 1
core   0: 3 0x80001524 (0x0405) x 8 0xfffffffa
core   0: 0x80001526 (0x00008f2d) c.xor   a4, a1
core   0: 3 0x80001526 (0x8f2d) x14 0xe941c0c8
core   0: 0x80001528 (0x02a3e133) rem     sp, t2, a0
core   0: 3 0x80001528 (0x02a3e133) x 2 0x80026ce4
core   0: 0x8000152c (0x00008c89) c.sub   s1, a0
core   0: 3 0x8000152c (0x8c89) x 9 0x800128a9
core   0: 0x8000152e (0x0000f871) c.bnez  s0, pc - 44
core   0: 3 0x8000152e (0xf871)
core   0: 0x80001502 (0x01dfebb3) or      s7, t6, t4
core   0: 3 0x80001502 (0x01dfebb3) x23 0xffffffff
core   0: 0x80001506 (0x0313f8b3) remu    a7, t2, a7
core   0: 3 0x80001506 (0x0313f8b3) x17 0x80026ce4
core   0: 0x8000150a (0x02bbb213) sltiu   tp, s7, 43
core   0: 3 0x8000150a (0x02bbb213) x 4 0x00000000
core   0: 0x8000150e (0x00008d31) c.xor   a0, a2
core   0: 3 0x8000150e (0x8d31) x10 0x7fff6d1d
core   0: 0x80001510 (0x00008e51) c.or    a2, a2
core   0: 3 0x80001510 (0x8e51) x12 0x00009000
core   0: 0x80001512 (0x00493eb3) sltu    t4, s2, tp
core   0: 3 0x80001512 (0x00493eb3) x29 0x00000000
core   0: 0x80001516 (0x7f88a193) slti    gp, a7, 2040
core   0: 3 0x80001516 (0x7f88a193) x 3 0x00000001
core   0: 0x8000151a (0xe941c737) lui     a4, 0xe941c
core   0: 3 0x8000151a (0xe941c737) x14 0xe941c000
core   0: 0x8000151e (0x00009be6) c.add   s7, s9
core   0: 3 0x8000151e (0x9be6) x23 0xffffffff
core   0: 0x80001520 (0x411457b3) sra     a5, s0, a7
core   0: 3 0x80001520 (0x411457b3) x15 0xffffffff
core   0: 0x80001524 (0x00000405) c.addi  s0, 1
core   0: 3 0x80001524 (0x0405) x 8 0xfffffffb
core   0: 0x80001526 (0x00008f2d) c.xor   a4, a1
core   0: 3 0x80001526 (0x8f2d) x14 0xe941c0c8
core   0: 0x80001528 (0x02a3e133) rem     sp, t2, a0
core   0: 3 0x80001528 (0x02a3e133) x 2 0x80026ce4
core   0: 0x8000152c (0x00008c89) c.sub   s1, a0
core   0: 3 0x8000152c (0x8c89) x 9 0x0001bb8c
core   0: 0x8000152e (0x0000f871) c.bnez  s0, pc - 44
core   0: 3 0x8000152e (0xf871)
core   0: 0x80001502 (0x01dfebb3) or      s7, t6, t4
core   0: 3 0x80001502 (0x01dfebb3) x23 0xffffffff
core   0: 0x80001506 (0x0313f8b3) remu    a7, t2, a7
core   0: 3 0x80001506 (0x0313f8b3) x17 0x00000000
core   0: 0x8000150a (0x02bbb213) sltiu   tp, s7, 43
core   0: 3 0x8000150a (0x02bbb213) x 4 0x00000000
core   0: 0x8000150e (0x00008d31) c.xor   a0, a2
core   0: 3 0x8000150e (0x8d31) x10 0x7ffffd1d
core   0: 0x80001510 (0x00008e51) c.or    a2, a2
core   0: 3 0x80001510 (0x8e51) x12 0x00009000
core   0: 0x80001512 (0x00493eb3) sltu    t4, s2, tp
core   0: 3 0x80001512 (0x00493eb3) x29 0x00000000
core   0: 0x80001516 (0x7f88a193) slti    gp, a7, 2040
core   0: 3 0x80001516 (0x7f88a193) x 3 0x00000001
core   0: 0x8000151a (0xe941c737) lui     a4, 0xe941c
core   0: 3 0x8000151a (0xe941c737) x14 0xe941c000
core   0: 0x8000151e (0x00009be6) c.add   s7, s9
core   0: 3 0x8000151e (0x9be6) x23 0xffffffff
core   0: 0x80001520 (0x411457b3) sra     a5, s0, a7
core   0: 3 0x80001520 (0x411457b3) x15 0xfffffffb
core   0: 0x80001524 (0x00000405) c.addi  s0, 1
core   0: 3 0x80001524 (0x0405) x 8 0xfffffffc
core   0: 0x80001526 (0x00008f2d) c.xor   a4, a1
core   0: 3 0x80001526 (0x8f2d) x14 0xe941c0c8
core   0: 0x80001528 (0x02a3e133) rem     sp, t2, a0
core   0: 3 0x80001528 (0x02a3e133) x 2 0x80026ce4
core   0: 0x8000152c (0x00008c89) c.sub   s1, a0
core   0: 3 0x8000152c (0x8c89) x 9 0x8001be6f
core   0: 0x8000152e (0x0000f871) c.bnez  s0, pc - 44
core   0: 3 0x8000152e (0xf871)
core   0: 0x80001502 (0x01dfebb3) or      s7, t6, t4
core   0: 3 0x80001502 (0x01dfebb3) x23 0xffffffff
core   0: 0x80001506 (0x0313f8b3) remu    a7, t2, a7
core   0: 3 0x80001506 (0x0313f8b3) x17 0x80026ce4
core   0: 0x8000150a (0x02bbb213) sltiu   tp, s7, 43
core   0: 3 0x8000150a (0x02bbb213) x 4 0x00000000
core   0: 0x8000150e (0x00008d31) c.xor   a0, a2
core   0: 3 0x8000150e (0x8d31) x10 0x7fff6d1d
core   0: 0x80001510 (0x00008e51) c.or    a2, a2
core   0: 3 0x80001510 (0x8e51) x12 0x00009000
core   0: 0x80001512 (0x00493eb3) sltu    t4, s2, tp
core   0: 3 0x80001512 (0x00493eb3) x29 0x00000000
core   0: 0x80001516 (0x7f88a193) slti    gp, a7, 2040
core   0: 3 0x80001516 (0x7f88a193) x 3 0x00000001
core   0: 0x8000151a (0xe941c737) lui     a4, 0xe941c
core   0: 3 0x8000151a (0xe941c737) x14 0xe941c000
core   0: 0x8000151e (0x00009be6) c.add   s7, s9
core   0: 3 0x8000151e (0x9be6) x23 0xffffffff
core   0: 0x80001520 (0x411457b3) sra     a5, s0, a7
core   0: 3 0x80001520 (0x411457b3) x15 0xffffffff
core   0: 0x80001524 (0x00000405) c.addi  s0, 1
core   0: 3 0x80001524 (0x0405) x 8 0xfffffffd
core   0: 0x80001526 (0x00008f2d) c.xor   a4, a1
core   0: 3 0x80001526 (0x8f2d) x14 0xe941c0c8
core   0: 0x80001528 (0x02a3e133) rem     sp, t2, a0
core   0: 3 0x80001528 (0x02a3e133) x 2 0x80026ce4
core   0: 0x8000152c (0x00008c89) c.sub   s1, a0
core   0: 3 0x8000152c (0x8c89) x 9 0x00025152
core   0: 0x8000152e (0x0000f871) c.bnez  s0, pc - 44
core   0: 3 0x8000152e (0xf871)
core   0: 0x80001502 (0x01dfebb3) or      s7, t6, t4
core   0: 3 0x80001502 (0x01dfebb3) x23 0xffffffff
core   0: 0x80001506 (0x0313f8b3) remu    a7, t2, a7
core   0: 3 0x80001506 (0x0313f8b3) x17 0x00000000
core   0: 0x8000150a (0x02bbb213) sltiu   tp, s7, 43
core   0: 3 0x8000150a (0x02bbb213) x 4 0x00000000
core   0: 0x8000150e (0x00008d31) c.xor   a0, a2
core   0: 3 0x8000150e (0x8d31) x10 0x7ffffd1d
core   0: 0x80001510 (0x00008e51) c.or    a2, a2
core   0: 3 0x80001510 (0x8e51) x12 0x00009000
core   0: 0x80001512 (0x00493eb3) sltu    t4, s2, tp
core   0: 3 0x80001512 (0x00493eb3) x29 0x00000000
core   0: 0x80001516 (0x7f88a193) slti    gp, a7, 2040
core   0: 3 0x80001516 (0x7f88a193) x 3 0x00000001
core   0: 0x8000151a (0xe941c737) lui     a4, 0xe941c
core   0: 3 0x8000151a (0xe941c737) x14 0xe941c000
core   0: 0x8000151e (0x00009be6) c.add   s7, s9
core   0: 3 0x8000151e (0x9be6) x23 0xffffffff
core   0: 0x80001520 (0x411457b3) sra     a5, s0, a7
core   0: 3 0x80001520 (0x411457b3) x15 0xfffffffd
core   0: 0x80001524 (0x00000405) c.addi  s0, 1
core   0: 3 0x80001524 (0x0405) x 8 0xfffffffe
core   0: 0x80001526 (0x00008f2d) c.xor   a4, a1
core   0: 3 0x80001526 (0x8f2d) x14 0xe941c0c8
core   0: 0x80001528 (0x02a3e133) rem     sp, t2, a0
core   0: 3 0x80001528 (0x02a3e133) x 2 0x80026ce4
core   0: 0x8000152c (0x00008c89) c.sub   s1, a0
core   0: 3 0x8000152c (0x8c89) x 9 0x80025435
core   0: 0x8000152e (0x0000f871) c.bnez  s0, pc - 44
core   0: 3 0x8000152e (0xf871)
core   0: 0x80001502 (0x01dfebb3) or      s7, t6, t4
core   0: 3 0x80001502 (0x01dfebb3) x23 0xffffffff
core   0: 0x80001506 (0x0313f8b3) remu    a7, t2, a7
core   0: 3 0x80001506 (0x0313f8b3) x17 0x80026ce4
core   0: 0x8000150a (0x02bbb213) sltiu   tp, s7, 43
core   0: 3 0x8000150a (0x02bbb213) x 4 0x00000000
core   0: 0x8000150e (0x00008d31) c.xor   a0, a2
core   0: 3 0x8000150e (0x8d31) x10 0x7fff6d1d
core   0: 0x80001510 (0x00008e51) c.or    a2, a2
core   0: 3 0x80001510 (0x8e51) x12 0x00009000
core   0: 0x80001512 (0x00493eb3) sltu    t4, s2, tp
core   0: 3 0x80001512 (0x00493eb3) x29 0x00000000
core   0: 0x80001516 (0x7f88a193) slti    gp, a7, 2040
core   0: 3 0x80001516 (0x7f88a193) x 3 0x00000001
core   0: 0x8000151a (0xe941c737) lui     a4, 0xe941c
core   0: 3 0x8000151a (0xe941c737) x14 0xe941c000
core   0: 0x8000151e (0x00009be6) c.add   s7, s9
core   0: 3 0x8000151e (0x9be6) x23 0xffffffff
core   0: 0x80001520 (0x411457b3) sra     a5, s0, a7
core   0: 3 0x80001520 (0x411457b3) x15 0xffffffff
core   0: 0x80001524 (0x00000405) c.addi  s0, 1
core   0: 3 0x80001524 (0x0405) x 8 0xffffffff
core   0: 0x80001526 (0x00008f2d) c.xor   a4, a1
core   0: 3 0x80001526 (0x8f2d) x14 0xe941c0c8
core   0: 0x80001528 (0x02a3e133) rem     sp, t2, a0
core   0: 3 0x80001528 (0x02a3e133) x 2 0x80026ce4
core   0: 0x8000152c (0x00008c89) c.sub   s1, a0
core   0: 3 0x8000152c (0x8c89) x 9 0x0002e718
core   0: 0x8000152e (0x0000f871) c.bnez  s0, pc - 44
core   0: 3 0x8000152e (0xf871)
core   0: 0x80001502 (0x01dfebb3) or      s7, t6, t4
core   0: 3 0x80001502 (0x01dfebb3) x23 0xffffffff
core   0: 0x80001506 (0x0313f8b3) remu    a7, t2, a7
core   0: 3 0x80001506 (0x0313f8b3) x17 0x00000000
core   0: 0x8000150a (0x02bbb213) sltiu   tp, s7, 43
core   0: 3 0x8000150a (0x02bbb213) x 4 0x00000000
core   0: 0x8000150e (0x00008d31) c.xor   a0, a2
core   0: 3 0x8000150e (0x8d31) x10 0x7ffffd1d
core   0: 0x80001510 (0x00008e51) c.or    a2, a2
core   0: 3 0x80001510 (0x8e51) x12 0x00009000
core   0: 0x80001512 (0x00493eb3) sltu    t4, s2, tp
core   0: 3 0x80001512 (0x00493eb3) x29 0x00000000
core   0: 0x80001516 (0x7f88a193) slti    gp, a7, 2040
core   0: 3 0x80001516 (0x7f88a193) x 3 0x00000001
core   0: 0x8000151a (0xe941c737) lui     a4, 0xe941c
core   0: 3 0x8000151a (0xe941c737) x14 0xe941c000
core   0: 0x8000151e (0x00009be6) c.add   s7, s9
core   0: 3 0x8000151e (0x9be6) x23 0xffffffff
core   0: 0x80001520 (0x411457b3) sra     a5, s0, a7
core   0: 3 0x80001520 (0x411457b3) x15 0xffffffff
core   0: 0x80001524 (0x00000405) c.addi  s0, 1
core   0: 3 0x80001524 (0x0405) x 8 0x00000000
core   0: 0x80001526 (0x00008f2d) c.xor   a4, a1
core   0: 3 0x80001526 (0x8f2d) x14 0xe941c0c8
core   0: 0x80001528 (0x02a3e133) rem     sp, t2, a0
core   0: 3 0x80001528 (0x02a3e133) x 2 0x80026ce4
core   0: 0x8000152c (0x00008c89) c.sub   s1, a0
core   0: 3 0x8000152c (0x8c89) x 9 0x8002e9fb
core   0: 0x8000152e (0x0000f871) c.bnez  s0, pc - 44
core   0: 3 0x8000152e (0xf871)
core   0: 0x80001530 (0x02a3cf33) div     t5, t2, a0
core   0: 3 0x80001530 (0x02a3cf33) x30 0x00000000
core   0: 0x80001534 (0x00800713) li      a4, 8
core   0: 3 0x80001534 (0x00800713) x14 0x00000008
core   0: 0x80001538 (0x0000100f) fence.i
core   0: 3 0x80001538 (0x0000100f)
core   0: 0x8000153c (0x03496133) rem     sp, s2, s4
core   0: 3 0x8000153c (0x03496133) x 2 0xfffffff8
core   0: 0x80001540 (0x0354d233) divu    tp, s1, s5
core   0: 3 0x80001540 (0x0354d233) x 4 0xffffffff
core   0: 0x80001544 (0x00008fcd) c.or    a5, a1
core   0: 3 0x80001544 (0x8fcd) x15 0xffffffff
core   0: 0x80001546 (0x00001d94) c.addi4spn a3, sp, 752
core   0: 3 0x80001546 (0x1d94) x13 0x000002e8
core   0: 0x80001548 (0x414b5113) srai    sp, s6, 20
core   0: 3 0x80001548 (0x414b5113) x 2 0x000007ff
core   0: 0x8000154c (0x00000001) c.nop
core   0: 3 0x8000154c (0x0001)
core   0: 0x8000154e (0x00008ef5) c.and   a3, a3
core   0: 3 0x8000154e (0x8ef5) x13 0x000002e8
core   0: 0x80001550 (0x10bc8e93) addi    t4, s9, 267
core   0: 3 0x80001550 (0x10bc8e93) x29 0x0000010b
core   0: 0x80001554 (0x402600b3) sub     ra, a2, sp
core   0: 3 0x80001554 (0x402600b3) x 1 0x00008801
core   0: 0x80001558 (0x00008945) c.andi  a0, 17
core   0: 3 0x80001558 (0x8945) x10 0x00000011
core   0: 0x8000155a (0x0000409d) c.li    ra, 7
core   0: 3 0x8000155a (0x409d) x 1 0x00000007
core   0: 0x8000155c (0x00001761) c.addi  a4, -8
core   0: 3 0x8000155c (0x1761) x14 0x00000000
core   0: 0x8000155e (0x013304b3) add     s1, t1, s3
core   0: 3 0x8000155e (0x013304b3) x 9 0x8002be64
core   0: 0x80001562 (0x00008f91) c.sub   a5, a2
core   0: 3 0x80001562 (0x8f91) x15 0xffff6fff
core   0: 0x80001564 (0x416254b3) sra     s1, tp, s6
core   0: 3 0x80001564 (0x416254b3) x 9 0xffffffff
core   0: 0x80001568 (0xff800613) li      a2, -8
core   0: 3 0x80001568 (0xff800613) x12 0xfffffff8
core   0: 0x8000156c (0xff000413) li      s0, -16
core   0: 3 0x8000156c (0xff000413) x 8 0xfffffff0
core   0: 0x80001570 (0x82897197) auipc   gp, 0x82897
core   0: 3 0x80001570 (0x82897197) x 3 0x02898570
core   0: 0x80001574 (0x037b3233) mulhu   tp, s6, s7
core   0: 3 0x80001574 (0x037b3233) x 4 0x7ffffd18
core   0: 0x80001578 (0xf4226513) ori     a0, tp, -190
core   0: 3 0x80001578 (0xf4226513) x10 0xffffff5a
core   0: 0x8000157c (0x0135b1b3) sltu    gp, a1, s3
core   0: 3 0x8000157c (0x0135b1b3) x 3 0x00000001
core   0: 0x80001580 (0x00001665) c.addi  a2, -7
core   0: 3 0x80001580 (0x1665) x12 0xfffffff1
core   0: 0x80001582 (0x000061f5) c.lui   gp, 0x1d
core   0: 3 0x80001582 (0x61f5) x 3 0x0001d000
core   0: 0x80001584 (0x00008a9d) c.andi  a3, 7
core   0: 3 0x80001584 (0x8a9d) x13 0x00000000
core   0: 0x80001586 (0xc4868213) addi    tp, a3, -952
core   0: 3 0x80001586 (0xc4868213) x 4 0xfffffc48
core   0: 0x8000158a (0xfe8659e3) bge     a2, s0, pc - 14
core   0: 3 0x8000158a (0xfe8659e3)
core   0: 0x8000157c (0x0135b1b3) sltu    gp, a1, s3
core   0: 3 0x8000157c (0x0135b1b3) x 3 0x00000001
core   0: 0x80001580 (0x00001665) c.addi  a2, -7
core   0: 3 0x80001580 (0x1665) x12 0xffffffea
core   0: 0x80001582 (0x000061f5) c.lui   gp, 0x1d
core   0: 3 0x80001582 (0x61f5) x 3 0x0001d000
core   0: 0x80001584 (0x00008a9d) c.andi  a3, 7
core   0: 3 0x80001584 (0x8a9d) x13 0x00000000
core   0: 0x80001586 (0xc4868213) addi    tp, a3, -952
core   0: 3 0x80001586 (0xc4868213) x 4 0xfffffc48
core   0: 0x8000158a (0xfe8659e3) bge     a2, s0, pc - 14
core   0: 3 0x8000158a (0xfe8659e3)
core   0: 0x8000158e (0x0000157d) c.addi  a0, -1
core   0: 3 0x8000158e (0x157d) x10 0xffffff59
core   0: 0x80001590 (0x01a3b833) sltu    a6, t2, s10
core   0: 3 0x80001590 (0x01a3b833) x16 0x00000001
core   0: 0x80001594 (0x0000ff55) c.bnez  a4, pc - 68
core   0: 3 0x80001594 (0xff55)
core   0: 0x80001596 (0x01195533) srl     a0, s2, a7
core   0: 3 0x80001596 (0x01195533) x10 0xfffffff8
core   0: 0x8000159a (0x00000d93) li      s11, 0
core   0: 3 0x8000159a (0x00000d93) x27 0x00000000
core   0: 0x8000159e (0x02a6ad33) mulhsu  s10, a3, a0
core   0: 3 0x8000159e (0x02a6ad33) x26 0x00000000
core   0: 0x800015a2 (0x01e9efb3) or      t6, s3, t5
core   0: 3 0x800015a2 (0x01e9efb3) x31 0x80022e64
core   0: 0x800015a6 (0x00000001) c.nop
core   0: 3 0x800015a6 (0x0001)
core   0: 0x800015a8 (0x004d7a33) and     s4, s10, tp
core   0: 3 0x800015a8 (0x004d7a33) x20 0x00000000
core   0: 0x800015ac (0xffc00813) li      a6, -4
core   0: 3 0x800015ac (0xffc00813) x16 0xfffffffc
core   0: 0x800015b0 (0x3f884713) xori    a4, a6, 1016
core   0: 3 0x800015b0 (0x3f884713) x14 0xfffffc04
core   0: 0x800015b4 (0x7bc55797) auipc   a5, 0x7bc55
core   0: 3 0x800015b4 (0x7bc55797) x15 0xfbc565b4
core   0: 0x800015b8 (0x01cb5e33) srl     t3, s6, t3
core   0: 3 0x800015b8 (0x01cb5e33) x28 0x01fffff4
core   0: 0x800015bc (0x41260333) sub     t1, a2, s2
core   0: 3 0x800015bc (0x41260333) x 6 0xfffffff2
core   0: 0x800015c0 (0x021c8333) mul     t1, s9, ra
core   0: 3 0x800015c0 (0x021c8333) x 6 0x00000000
core   0: 0x800015c4 (0x0000100f) fence.i
core   0: 3 0x800015c4 (0x0000100f)
core   0: 0x800015c8 (0x00000001) c.nop
core   0: 3 0x800015c8 (0x0001)
core   0: 0x800015ca (0x00008c29) c.xor   s0, a0
core   0: 3 0x800015ca (0x8c29) x 8 0x00000008
core   0: 0x800015cc (0x00000001) c.nop
core   0: 3 0x800015cc (0x0001)
core   0: 0x800015ce (0x00001df5) c.addi  s11, -3
core   0: 3 0x800015ce (0x1df5) x27 0xfffffffd
core   0: 0x800015d0 (0xffb00613) li      a2, -5
core   0: 3 0x800015d0 (0xffb00613) x12 0xfffffffb
core   0: 0x800015d4 (0x3f75e593) ori     a1, a1, 1015
core   0: 3 0x800015d4 (0x3f75e593) x11 0x000003ff
core   0: 0x800015d8 (0x00001a7d) c.addi  s4, -1
core   0: 3 0x800015d8 (0x1a7d) x20 0xffffffff
core   0: 0x800015da (0x00008cf1) c.and   s1, a2
core   0: 3 0x800015da (0x8cf1) x 9 0xfffffffb
core   0: 0x800015dc (0x00000001) c.nop
core   0: 3 0x800015dc (0x0001)
core   0: 0x800015de (0xf41c4bb7) lui     s7, 0xf41c4
core   0: 3 0x800015de (0xf41c4bb7) x23 0xf41c4000
core   0: 0x800015e2 (0x00008e89) c.sub   a3, a0
core   0: 3 0x800015e2 (0x8e89) x13 0x00000008
core   0: 0x800015e4 (0x41c1d213) srai    tp, gp, 28
core   0: 3 0x800015e4 (0x41c1d213) x 4 0x00000000
core   0: 0x800015e8 (0x01c6c8b3) xor     a7, a3, t3
core   0: 3 0x800015e8 (0x01c6c8b3) x17 0x01fffffc
core   0: 0x800015ec (0x0308c433) div     s0, a7, a6
core   0: 3 0x800015ec (0x0308c433) x 8 0xff800001
core   0: 0x800015f0 (0x00000884) c.addi4spn s1, sp, 80
core   0: 3 0x800015f0 (0x0884) x 9 0x0000084f
core   0: 0x800015f2 (0x00000615) c.addi  a2, 5
core   0: 3 0x800015f2 (0x0615) x12 0x00000000
core   0: 0x800015f4 (0x018a48b3) xor     a7, s4, s8
core   0: 3 0x800015f4 (0x018a48b3) x17 0xfffffccc
core   0: 0x800015f8 (0x00008ead) c.xor   a3, a1
core   0: 3 0x800015f8 (0x8ead) x13 0x000003f7
core   0: 0x800015fa (0x0000d275) c.beqz  a2, pc - 28
core   0: 3 0x800015fa (0xd275)
core   0: 0x800015de (0xf41c4bb7) lui     s7, 0xf41c4
core   0: 3 0x800015de (0xf41c4bb7) x23 0xf41c4000
core   0: 0x800015e2 (0x00008e89) c.sub   a3, a0
core   0: 3 0x800015e2 (0x8e89) x13 0x000003ff
core   0: 0x800015e4 (0x41c1d213) srai    tp, gp, 28
core   0: 3 0x800015e4 (0x41c1d213) x 4 0x00000000
core   0: 0x800015e8 (0x01c6c8b3) xor     a7, a3, t3
core   0: 3 0x800015e8 (0x01c6c8b3) x17 0x01fffc0b
core   0: 0x800015ec (0x0308c433) div     s0, a7, a6
core   0: 3 0x800015ec (0x0308c433) x 8 0xff8000fe
core   0: 0x800015f0 (0x00000884) c.addi4spn s1, sp, 80
core   0: 3 0x800015f0 (0x0884) x 9 0x0000084f
core   0: 0x800015f2 (0x00000615) c.addi  a2, 5
core   0: 3 0x800015f2 (0x0615) x12 0x00000005
core   0: 0x800015f4 (0x018a48b3) xor     a7, s4, s8
core   0: 3 0x800015f4 (0x018a48b3) x17 0xfffffccc
core   0: 0x800015f8 (0x00008ead) c.xor   a3, a1
core   0: 3 0x800015f8 (0x8ead) x13 0x00000000
core   0: 0x800015fa (0x0000d275) c.beqz  a2, pc - 28
core   0: 3 0x800015fa (0xd275)
core   0: 0x800015fc (0x03455ab3) divu    s5, a0, s4
core   0: 3 0x800015fc (0x03455ab3) x21 0x00000000
core   0: 0x80001600 (0x000016fd) c.addi  a3, -1
core   0: 3 0x80001600 (0x16fd) x13 0xffffffff
core   0: 0x80001602 (0xfd0dd3e3) bge     s11, a6, pc - 58
core   0: 3 0x80001602 (0xfd0dd3e3)
core   0: 0x800015c8 (0x00000001) c.nop
core   0: 3 0x800015c8 (0x0001)
core   0: 0x800015ca (0x00008c29) c.xor   s0, a0
core   0: 3 0x800015ca (0x8c29) x 8 0x007fff06
core   0: 0x800015cc (0x00000001) c.nop
core   0: 3 0x800015cc (0x0001)
core   0: 0x800015ce (0x00001df5) c.addi  s11, -3
core   0: 3 0x800015ce (0x1df5) x27 0xfffffffa
core   0: 0x800015d0 (0xffb00613) li      a2, -5
core   0: 3 0x800015d0 (0xffb00613) x12 0xfffffffb
core   0: 0x800015d4 (0x3f75e593) ori     a1, a1, 1015
core   0: 3 0x800015d4 (0x3f75e593) x11 0x000003ff
core   0: 0x800015d8 (0x00001a7d) c.addi  s4, -1
core   0: 3 0x800015d8 (0x1a7d) x20 0xfffffffe
core   0: 0x800015da (0x00008cf1) c.and   s1, a2
core   0: 3 0x800015da (0x8cf1) x 9 0x0000084b
core   0: 0x800015dc (0x00000001) c.nop
core   0: 3 0x800015dc (0x0001)
core   0: 0x800015de (0xf41c4bb7) lui     s7, 0xf41c4
core   0: 3 0x800015de (0xf41c4bb7) x23 0xf41c4000
core   0: 0x800015e2 (0x00008e89) c.sub   a3, a0
core   0: 3 0x800015e2 (0x8e89) x13 0x00000007
core   0: 0x800015e4 (0x41c1d213) srai    tp, gp, 28
core   0: 3 0x800015e4 (0x41c1d213) x 4 0x00000000
core   0: 0x800015e8 (0x01c6c8b3) xor     a7, a3, t3
core   0: 3 0x800015e8 (0x01c6c8b3) x17 0x01fffff3
core   0: 0x800015ec (0x0308c433) div     s0, a7, a6
core   0: 3 0x800015ec (0x0308c433) x 8 0xff800004
core   0: 0x800015f0 (0x00000884) c.addi4spn s1, sp, 80
core   0: 3 0x800015f0 (0x0884) x 9 0x0000084f
core   0: 0x800015f2 (0x00000615) c.addi  a2, 5
core   0: 3 0x800015f2 (0x0615) x12 0x00000000
core   0: 0x800015f4 (0x018a48b3) xor     a7, s4, s8
core   0: 3 0x800015f4 (0x018a48b3) x17 0xfffffccd
core   0: 0x800015f8 (0x00008ead) c.xor   a3, a1
core   0: 3 0x800015f8 (0x8ead) x13 0x000003f8
core   0: 0x800015fa (0x0000d275) c.beqz  a2, pc - 28
core   0: 3 0x800015fa (0xd275)
core   0: 0x800015de (0xf41c4bb7) lui     s7, 0xf41c4
core   0: 3 0x800015de (0xf41c4bb7) x23 0xf41c4000
core   0: 0x800015e2 (0x00008e89) c.sub   a3, a0
core   0: 3 0x800015e2 (0x8e89) x13 0x00000400
core   0: 0x800015e4 (0x41c1d213) srai    tp, gp, 28
core   0: 3 0x800015e4 (0x41c1d213) x 4 0x00000000
core   0: 0x800015e8 (0x01c6c8b3) xor     a7, a3, t3
core   0: 3 0x800015e8 (0x01c6c8b3) x17 0x01fffbf4
core   0: 0x800015ec (0x0308c433) div     s0, a7, a6
core   0: 3 0x800015ec (0x0308c433) x 8 0xff800103
core   0: 0x800015f0 (0x00000884) c.addi4spn s1, sp, 80
core   0: 3 0x800015f0 (0x0884) x 9 0x0000084f
core   0: 0x800015f2 (0x00000615) c.addi  a2, 5
core   0: 3 0x800015f2 (0x0615) x12 0x00000005
core   0: 0x800015f4 (0x018a48b3) xor     a7, s4, s8
core   0: 3 0x800015f4 (0x018a48b3) x17 0xfffffccd
core   0: 0x800015f8 (0x00008ead) c.xor   a3, a1
core   0: 3 0x800015f8 (0x8ead) x13 0x000007ff
core   0: 0x800015fa (0x0000d275) c.beqz  a2, pc - 28
core   0: 3 0x800015fa (0xd275)
core   0: 0x800015fc (0x03455ab3) divu    s5, a0, s4
core   0: 3 0x800015fc (0x03455ab3) x21 0x00000000
core   0: 0x80001600 (0x000016fd) c.addi  a3, -1
core   0: 3 0x80001600 (0x16fd) x13 0x000007fe
core   0: 0x80001602 (0xfd0dd3e3) bge     s11, a6, pc - 58
core   0: 3 0x80001602 (0xfd0dd3e3)
core   0: 0x80001606 (0x000081d9) c.srli  a1, 22
core   0: 3 0x80001606 (0x81d9) x11 0x00000000
core   0: 0x80001608 (0xfff00e93) li      t4, -1
core   0: 3 0x80001608 (0xfff00e93) x29 0xffffffff
core   0: 0x8000160c (0x00f00593) li      a1, 15
core   0: 3 0x8000160c (0x00f00593) x11 0x0000000f
core   0: 0x80001610 (0x03786d33) rem     s10, a6, s7
core   0: 3 0x80001610 (0x03786d33) x26 0xfffffffc
core   0: 0x80001614 (0x00000e85) c.addi  t4, 1
core   0: 3 0x80001614 (0x0e85) x29 0x00000000
core   0: 0x80001616 (0x00a00413) li      s0, 10
core   0: 3 0x80001616 (0x00a00413) x 8 0x0000000a
core   0: 0x8000161a (0xff800b13) li      s6, -8
core   0: 3 0x8000161a (0xff800b13) x22 0xfffffff8
core   0: 0x8000161e (0x0276b533) mulhu   a0, a3, t2
core   0: 3 0x8000161e (0x0276b533) x10 0x000003ff
core   0: 0x80001622 (0x02bb10b3) mulh    ra, s6, a1
core   0: 3 0x80001622 (0x02bb10b3) x 1 0xffffffff
core   0: 0x80001626 (0x0035ac33) slt     s8, a1, gp
core   0: 3 0x80001626 (0x0035ac33) x24 0x00000001
core   0: 0x8000162a (0x0000145d) c.addi  s0, -9
core   0: 3 0x8000162a (0x145d) x 8 0x00000001
core   0: 0x8000162c (0xff640be3) beq     s0, s6, pc - 10
core   0: 3 0x8000162c (0xff640be3)
core   0: 0x80001630 (0xfebee0e3) bltu    t4, a1, pc - 32
core   0: 3 0x80001630 (0xfebee0e3)
core   0: 0x80001610 (0x03786d33) rem     s10, a6, s7
core   0: 3 0x80001610 (0x03786d33) x26 0xfffffffc
core   0: 0x80001614 (0x00000e85) c.addi  t4, 1
core   0: 3 0x80001614 (0x0e85) x29 0x00000001
core   0: 0x80001616 (0x00a00413) li      s0, 10
core   0: 3 0x80001616 (0x00a00413) x 8 0x0000000a
core   0: 0x8000161a (0xff800b13) li      s6, -8
core   0: 3 0x8000161a (0xff800b13) x22 0xfffffff8
core   0: 0x8000161e (0x0276b533) mulhu   a0, a3, t2
core   0: 3 0x8000161e (0x0276b533) x10 0x000003ff
core   0: 0x80001622 (0x02bb10b3) mulh    ra, s6, a1
core   0: 3 0x80001622 (0x02bb10b3) x 1 0xffffffff
core   0: 0x80001626 (0x0035ac33) slt     s8, a1, gp
core   0: 3 0x80001626 (0x0035ac33) x24 0x00000001
core   0: 0x8000162a (0x0000145d) c.addi  s0, -9
core   0: 3 0x8000162a (0x145d) x 8 0x00000001
core   0: 0x8000162c (0xff640be3) beq     s0, s6, pc - 10
core   0: 3 0x8000162c (0xff640be3)
core   0: 0x80001630 (0xfebee0e3) bltu    t4, a1, pc - 32
core   0: 3 0x80001630 (0xfebee0e3)
core   0: 0x80001610 (0x03786d33) rem     s10, a6, s7
core   0: 3 0x80001610 (0x03786d33) x26 0xfffffffc
core   0: 0x80001614 (0x00000e85) c.addi  t4, 1
core   0: 3 0x80001614 (0x0e85) x29 0x00000002
core   0: 0x80001616 (0x00a00413) li      s0, 10
core   0: 3 0x80001616 (0x00a00413) x 8 0x0000000a
core   0: 0x8000161a (0xff800b13) li      s6, -8
core   0: 3 0x8000161a (0xff800b13) x22 0xfffffff8
core   0: 0x8000161e (0x0276b533) mulhu   a0, a3, t2
core   0: 3 0x8000161e (0x0276b533) x10 0x000003ff
core   0: 0x80001622 (0x02bb10b3) mulh    ra, s6, a1
core   0: 3 0x80001622 (0x02bb10b3) x 1 0xffffffff
core   0: 0x80001626 (0x0035ac33) slt     s8, a1, gp
core   0: 3 0x80001626 (0x0035ac33) x24 0x00000001
core   0: 0x8000162a (0x0000145d) c.addi  s0, -9
core   0: 3 0x8000162a (0x145d) x 8 0x00000001
core   0: 0x8000162c (0xff640be3) beq     s0, s6, pc - 10
core   0: 3 0x8000162c (0xff640be3)
core   0: 0x80001630 (0xfebee0e3) bltu    t4, a1, pc - 32
core   0: 3 0x80001630 (0xfebee0e3)
core   0: 0x80001610 (0x03786d33) rem     s10, a6, s7
core   0: 3 0x80001610 (0x03786d33) x26 0xfffffffc
core   0: 0x80001614 (0x00000e85) c.addi  t4, 1
core   0: 3 0x80001614 (0x0e85) x29 0x00000003
core   0: 0x80001616 (0x00a00413) li      s0, 10
core   0: 3 0x80001616 (0x00a00413) x 8 0x0000000a
core   0: 0x8000161a (0xff800b13) li      s6, -8
core   0: 3 0x8000161a (0xff800b13) x22 0xfffffff8
core   0: 0x8000161e (0x0276b533) mulhu   a0, a3, t2
core   0: 3 0x8000161e (0x0276b533) x10 0x000003ff
core   0: 0x80001622 (0x02bb10b3) mulh    ra, s6, a1
core   0: 3 0x80001622 (0x02bb10b3) x 1 0xffffffff
core   0: 0x80001626 (0x0035ac33) slt     s8, a1, gp
core   0: 3 0x80001626 (0x0035ac33) x24 0x00000001
core   0: 0x8000162a (0x0000145d) c.addi  s0, -9
core   0: 3 0x8000162a (0x145d) x 8 0x00000001
core   0: 0x8000162c (0xff640be3) beq     s0, s6, pc - 10
core   0: 3 0x8000162c (0xff640be3)
core   0: 0x80001630 (0xfebee0e3) bltu    t4, a1, pc - 32
core   0: 3 0x80001630 (0xfebee0e3)
core   0: 0x80001610 (0x03786d33) rem     s10, a6, s7
core   0: 3 0x80001610 (0x03786d33) x26 0xfffffffc
core   0: 0x80001614 (0x00000e85) c.addi  t4, 1
core   0: 3 0x80001614 (0x0e85) x29 0x00000004
core   0: 0x80001616 (0x00a00413) li      s0, 10
core   0: 3 0x80001616 (0x00a00413) x 8 0x0000000a
core   0: 0x8000161a (0xff800b13) li      s6, -8
core   0: 3 0x8000161a (0xff800b13) x22 0xfffffff8
core   0: 0x8000161e (0x0276b533) mulhu   a0, a3, t2
core   0: 3 0x8000161e (0x0276b533) x10 0x000003ff
core   0: 0x80001622 (0x02bb10b3) mulh    ra, s6, a1
core   0: 3 0x80001622 (0x02bb10b3) x 1 0xffffffff
core   0: 0x80001626 (0x0035ac33) slt     s8, a1, gp
core   0: 3 0x80001626 (0x0035ac33) x24 0x00000001
core   0: 0x8000162a (0x0000145d) c.addi  s0, -9
core   0: 3 0x8000162a (0x145d) x 8 0x00000001
core   0: 0x8000162c (0xff640be3) beq     s0, s6, pc - 10
core   0: 3 0x8000162c (0xff640be3)
core   0: 0x80001630 (0xfebee0e3) bltu    t4, a1, pc - 32
core   0: 3 0x80001630 (0xfebee0e3)
core   0: 0x80001610 (0x03786d33) rem     s10, a6, s7
core   0: 3 0x80001610 (0x03786d33) x26 0xfffffffc
core   0: 0x80001614 (0x00000e85) c.addi  t4, 1
core   0: 3 0x80001614 (0x0e85) x29 0x00000005
core   0: 0x80001616 (0x00a00413) li      s0, 10
core   0: 3 0x80001616 (0x00a00413) x 8 0x0000000a
core   0: 0x8000161a (0xff800b13) li      s6, -8
core   0: 3 0x8000161a (0xff800b13) x22 0xfffffff8
core   0: 0x8000161e (0x0276b533) mulhu   a0, a3, t2
core   0: 3 0x8000161e (0x0276b533) x10 0x000003ff
core   0: 0x80001622 (0x02bb10b3) mulh    ra, s6, a1
core   0: 3 0x80001622 (0x02bb10b3) x 1 0xffffffff
core   0: 0x80001626 (0x0035ac33) slt     s8, a1, gp
core   0: 3 0x80001626 (0x0035ac33) x24 0x00000001
core   0: 0x8000162a (0x0000145d) c.addi  s0, -9
core   0: 3 0x8000162a (0x145d) x 8 0x00000001
core   0: 0x8000162c (0xff640be3) beq     s0, s6, pc - 10
core   0: 3 0x8000162c (0xff640be3)
core   0: 0x80001630 (0xfebee0e3) bltu    t4, a1, pc - 32
core   0: 3 0x80001630 (0xfebee0e3)
core   0: 0x80001610 (0x03786d33) rem     s10, a6, s7
core   0: 3 0x80001610 (0x03786d33) x26 0xfffffffc
core   0: 0x80001614 (0x00000e85) c.addi  t4, 1
core   0: 3 0x80001614 (0x0e85) x29 0x00000006
core   0: 0x80001616 (0x00a00413) li      s0, 10
core   0: 3 0x80001616 (0x00a00413) x 8 0x0000000a
core   0: 0x8000161a (0xff800b13) li      s6, -8
core   0: 3 0x8000161a (0xff800b13) x22 0xfffffff8
core   0: 0x8000161e (0x0276b533) mulhu   a0, a3, t2
core   0: 3 0x8000161e (0x0276b533) x10 0x000003ff
core   0: 0x80001622 (0x02bb10b3) mulh    ra, s6, a1
core   0: 3 0x80001622 (0x02bb10b3) x 1 0xffffffff
core   0: 0x80001626 (0x0035ac33) slt     s8, a1, gp
core   0: 3 0x80001626 (0x0035ac33) x24 0x00000001
core   0: 0x8000162a (0x0000145d) c.addi  s0, -9
core   0: 3 0x8000162a (0x145d) x 8 0x00000001
core   0: 0x8000162c (0xff640be3) beq     s0, s6, pc - 10
core   0: 3 0x8000162c (0xff640be3)
core   0: 0x80001630 (0xfebee0e3) bltu    t4, a1, pc - 32
core   0: 3 0x80001630 (0xfebee0e3)
core   0: 0x80001610 (0x03786d33) rem     s10, a6, s7
core   0: 3 0x80001610 (0x03786d33) x26 0xfffffffc
core   0: 0x80001614 (0x00000e85) c.addi  t4, 1
core   0: 3 0x80001614 (0x0e85) x29 0x00000007
core   0: 0x80001616 (0x00a00413) li      s0, 10
core   0: 3 0x80001616 (0x00a00413) x 8 0x0000000a
core   0: 0x8000161a (0xff800b13) li      s6, -8
core   0: 3 0x8000161a (0xff800b13) x22 0xfffffff8
core   0: 0x8000161e (0x0276b533) mulhu   a0, a3, t2
core   0: 3 0x8000161e (0x0276b533) x10 0x000003ff
core   0: 0x80001622 (0x02bb10b3) mulh    ra, s6, a1
core   0: 3 0x80001622 (0x02bb10b3) x 1 0xffffffff
core   0: 0x80001626 (0x0035ac33) slt     s8, a1, gp
core   0: 3 0x80001626 (0x0035ac33) x24 0x00000001
core   0: 0x8000162a (0x0000145d) c.addi  s0, -9
core   0: 3 0x8000162a (0x145d) x 8 0x00000001
core   0: 0x8000162c (0xff640be3) beq     s0, s6, pc - 10
core   0: 3 0x8000162c (0xff640be3)
core   0: 0x80001630 (0xfebee0e3) bltu    t4, a1, pc - 32
core   0: 3 0x80001630 (0xfebee0e3)
core   0: 0x80001610 (0x03786d33) rem     s10, a6, s7
core   0: 3 0x80001610 (0x03786d33) x26 0xfffffffc
core   0: 0x80001614 (0x00000e85) c.addi  t4, 1
core   0: 3 0x80001614 (0x0e85) x29 0x00000008
core   0: 0x80001616 (0x00a00413) li      s0, 10
core   0: 3 0x80001616 (0x00a00413) x 8 0x0000000a
core   0: 0x8000161a (0xff800b13) li      s6, -8
core   0: 3 0x8000161a (0xff800b13) x22 0xfffffff8
core   0: 0x8000161e (0x0276b533) mulhu   a0, a3, t2
core   0: 3 0x8000161e (0x0276b533) x10 0x000003ff
core   0: 0x80001622 (0x02bb10b3) mulh    ra, s6, a1
core   0: 3 0x80001622 (0x02bb10b3) x 1 0xffffffff
core   0: 0x80001626 (0x0035ac33) slt     s8, a1, gp
core   0: 3 0x80001626 (0x0035ac33) x24 0x00000001
core   0: 0x8000162a (0x0000145d) c.addi  s0, -9
core   0: 3 0x8000162a (0x145d) x 8 0x00000001
core   0: 0x8000162c (0xff640be3) beq     s0, s6, pc - 10
core   0: 3 0x8000162c (0xff640be3)
core   0: 0x80001630 (0xfebee0e3) bltu    t4, a1, pc - 32
core   0: 3 0x80001630 (0xfebee0e3)
core   0: 0x80001610 (0x03786d33) rem     s10, a6, s7
core   0: 3 0x80001610 (0x03786d33) x26 0xfffffffc
core   0: 0x80001614 (0x00000e85) c.addi  t4, 1
core   0: 3 0x80001614 (0x0e85) x29 0x00000009
core   0: 0x80001616 (0x00a00413) li      s0, 10
core   0: 3 0x80001616 (0x00a00413) x 8 0x0000000a
core   0: 0x8000161a (0xff800b13) li      s6, -8
core   0: 3 0x8000161a (0xff800b13) x22 0xfffffff8
core   0: 0x8000161e (0x0276b533) mulhu   a0, a3, t2
core   0: 3 0x8000161e (0x0276b533) x10 0x000003ff
core   0: 0x80001622 (0x02bb10b3) mulh    ra, s6, a1
core   0: 3 0x80001622 (0x02bb10b3) x 1 0xffffffff
core   0: 0x80001626 (0x0035ac33) slt     s8, a1, gp
core   0: 3 0x80001626 (0x0035ac33) x24 0x00000001
core   0: 0x8000162a (0x0000145d) c.addi  s0, -9
core   0: 3 0x8000162a (0x145d) x 8 0x00000001
core   0: 0x8000162c (0xff640be3) beq     s0, s6, pc - 10
core   0: 3 0x8000162c (0xff640be3)
core   0: 0x80001630 (0xfebee0e3) bltu    t4, a1, pc - 32
core   0: 3 0x80001630 (0xfebee0e3)
core   0: 0x80001610 (0x03786d33) rem     s10, a6, s7
core   0: 3 0x80001610 (0x03786d33) x26 0xfffffffc
core   0: 0x80001614 (0x00000e85) c.addi  t4, 1
core   0: 3 0x80001614 (0x0e85) x29 0x0000000a
core   0: 0x80001616 (0x00a00413) li      s0, 10
core   0: 3 0x80001616 (0x00a00413) x 8 0x0000000a
core   0: 0x8000161a (0xff800b13) li      s6, -8
core   0: 3 0x8000161a (0xff800b13) x22 0xfffffff8
core   0: 0x8000161e (0x0276b533) mulhu   a0, a3, t2
core   0: 3 0x8000161e (0x0276b533) x10 0x000003ff
core   0: 0x80001622 (0x02bb10b3) mulh    ra, s6, a1
core   0: 3 0x80001622 (0x02bb10b3) x 1 0xffffffff
core   0: 0x80001626 (0x0035ac33) slt     s8, a1, gp
core   0: 3 0x80001626 (0x0035ac33) x24 0x00000001
core   0: 0x8000162a (0x0000145d) c.addi  s0, -9
core   0: 3 0x8000162a (0x145d) x 8 0x00000001
core   0: 0x8000162c (0xff640be3) beq     s0, s6, pc - 10
core   0: 3 0x8000162c (0xff640be3)
core   0: 0x80001630 (0xfebee0e3) bltu    t4, a1, pc - 32
core   0: 3 0x80001630 (0xfebee0e3)
core   0: 0x80001610 (0x03786d33) rem     s10, a6, s7
core   0: 3 0x80001610 (0x03786d33) x26 0xfffffffc
core   0: 0x80001614 (0x00000e85) c.addi  t4, 1
core   0: 3 0x80001614 (0x0e85) x29 0x0000000b
core   0: 0x80001616 (0x00a00413) li      s0, 10
core   0: 3 0x80001616 (0x00a00413) x 8 0x0000000a
core   0: 0x8000161a (0xff800b13) li      s6, -8
core   0: 3 0x8000161a (0xff800b13) x22 0xfffffff8
core   0: 0x8000161e (0x0276b533) mulhu   a0, a3, t2
core   0: 3 0x8000161e (0x0276b533) x10 0x000003ff
core   0: 0x80001622 (0x02bb10b3) mulh    ra, s6, a1
core   0: 3 0x80001622 (0x02bb10b3) x 1 0xffffffff
core   0: 0x80001626 (0x0035ac33) slt     s8, a1, gp
core   0: 3 0x80001626 (0x0035ac33) x24 0x00000001
core   0: 0x8000162a (0x0000145d) c.addi  s0, -9
core   0: 3 0x8000162a (0x145d) x 8 0x00000001
core   0: 0x8000162c (0xff640be3) beq     s0, s6, pc - 10
core   0: 3 0x8000162c (0xff640be3)
core   0: 0x80001630 (0xfebee0e3) bltu    t4, a1, pc - 32
core   0: 3 0x80001630 (0xfebee0e3)
core   0: 0x80001610 (0x03786d33) rem     s10, a6, s7
core   0: 3 0x80001610 (0x03786d33) x26 0xfffffffc
core   0: 0x80001614 (0x00000e85) c.addi  t4, 1
core   0: 3 0x80001614 (0x0e85) x29 0x0000000c
core   0: 0x80001616 (0x00a00413) li      s0, 10
core   0: 3 0x80001616 (0x00a00413) x 8 0x0000000a
core   0: 0x8000161a (0xff800b13) li      s6, -8
core   0: 3 0x8000161a (0xff800b13) x22 0xfffffff8
core   0: 0x8000161e (0x0276b533) mulhu   a0, a3, t2
core   0: 3 0x8000161e (0x0276b533) x10 0x000003ff
core   0: 0x80001622 (0x02bb10b3) mulh    ra, s6, a1
core   0: 3 0x80001622 (0x02bb10b3) x 1 0xffffffff
core   0: 0x80001626 (0x0035ac33) slt     s8, a1, gp
core   0: 3 0x80001626 (0x0035ac33) x24 0x00000001
core   0: 0x8000162a (0x0000145d) c.addi  s0, -9
core   0: 3 0x8000162a (0x145d) x 8 0x00000001
core   0: 0x8000162c (0xff640be3) beq     s0, s6, pc - 10
core   0: 3 0x8000162c (0xff640be3)
core   0: 0x80001630 (0xfebee0e3) bltu    t4, a1, pc - 32
core   0: 3 0x80001630 (0xfebee0e3)
core   0: 0x80001610 (0x03786d33) rem     s10, a6, s7
core   0: 3 0x80001610 (0x03786d33) x26 0xfffffffc
core   0: 0x80001614 (0x00000e85) c.addi  t4, 1
core   0: 3 0x80001614 (0x0e85) x29 0x0000000d
core   0: 0x80001616 (0x00a00413) li      s0, 10
core   0: 3 0x80001616 (0x00a00413) x 8 0x0000000a
core   0: 0x8000161a (0xff800b13) li      s6, -8
core   0: 3 0x8000161a (0xff800b13) x22 0xfffffff8
core   0: 0x8000161e (0x0276b533) mulhu   a0, a3, t2
core   0: 3 0x8000161e (0x0276b533) x10 0x000003ff
core   0: 0x80001622 (0x02bb10b3) mulh    ra, s6, a1
core   0: 3 0x80001622 (0x02bb10b3) x 1 0xffffffff
core   0: 0x80001626 (0x0035ac33) slt     s8, a1, gp
core   0: 3 0x80001626 (0x0035ac33) x24 0x00000001
core   0: 0x8000162a (0x0000145d) c.addi  s0, -9
core   0: 3 0x8000162a (0x145d) x 8 0x00000001
core   0: 0x8000162c (0xff640be3) beq     s0, s6, pc - 10
core   0: 3 0x8000162c (0xff640be3)
core   0: 0x80001630 (0xfebee0e3) bltu    t4, a1, pc - 32
core   0: 3 0x80001630 (0xfebee0e3)
core   0: 0x80001610 (0x03786d33) rem     s10, a6, s7
core   0: 3 0x80001610 (0x03786d33) x26 0xfffffffc
core   0: 0x80001614 (0x00000e85) c.addi  t4, 1
core   0: 3 0x80001614 (0x0e85) x29 0x0000000e
core   0: 0x80001616 (0x00a00413) li      s0, 10
core   0: 3 0x80001616 (0x00a00413) x 8 0x0000000a
core   0: 0x8000161a (0xff800b13) li      s6, -8
core   0: 3 0x8000161a (0xff800b13) x22 0xfffffff8
core   0: 0x8000161e (0x0276b533) mulhu   a0, a3, t2
core   0: 3 0x8000161e (0x0276b533) x10 0x000003ff
core   0: 0x80001622 (0x02bb10b3) mulh    ra, s6, a1
core   0: 3 0x80001622 (0x02bb10b3) x 1 0xffffffff
core   0: 0x80001626 (0x0035ac33) slt     s8, a1, gp
core   0: 3 0x80001626 (0x0035ac33) x24 0x00000001
core   0: 0x8000162a (0x0000145d) c.addi  s0, -9
core   0: 3 0x8000162a (0x145d) x 8 0x00000001
core   0: 0x8000162c (0xff640be3) beq     s0, s6, pc - 10
core   0: 3 0x8000162c (0xff640be3)
core   0: 0x80001630 (0xfebee0e3) bltu    t4, a1, pc - 32
core   0: 3 0x80001630 (0xfebee0e3)
core   0: 0x80001610 (0x03786d33) rem     s10, a6, s7
core   0: 3 0x80001610 (0x03786d33) x26 0xfffffffc
core   0: 0x80001614 (0x00000e85) c.addi  t4, 1
core   0: 3 0x80001614 (0x0e85) x29 0x0000000f
core   0: 0x80001616 (0x00a00413) li      s0, 10
core   0: 3 0x80001616 (0x00a00413) x 8 0x0000000a
core   0: 0x8000161a (0xff800b13) li      s6, -8
core   0: 3 0x8000161a (0xff800b13) x22 0xfffffff8
core   0: 0x8000161e (0x0276b533) mulhu   a0, a3, t2
core   0: 3 0x8000161e (0x0276b533) x10 0x000003ff
core   0: 0x80001622 (0x02bb10b3) mulh    ra, s6, a1
core   0: 3 0x80001622 (0x02bb10b3) x 1 0xffffffff
core   0: 0x80001626 (0x0035ac33) slt     s8, a1, gp
core   0: 3 0x80001626 (0x0035ac33) x24 0x00000001
core   0: 0x8000162a (0x0000145d) c.addi  s0, -9
core   0: 3 0x8000162a (0x145d) x 8 0x00000001
core   0: 0x8000162c (0xff640be3) beq     s0, s6, pc - 10
core   0: 3 0x8000162c (0xff640be3)
core   0: 0x80001630 (0xfebee0e3) bltu    t4, a1, pc - 32
core   0: 3 0x80001630 (0xfebee0e3)
core   0: 0x80001634 (0x0069dab3) srl     s5, s3, t1
core   0: 3 0x80001634 (0x0069dab3) x21 0x80022e64
core   0: 0x80001638 (0xfff00513) li      a0, -1
core   0: 3 0x80001638 (0xfff00513) x10 0xffffffff
core   0: 0x8000163c (0x00000001) c.nop
core   0: 3 0x8000163c (0x0001)
core   0: 0x8000163e (0x02d93d33) mulhu   s10, s2, a3
core   0: 3 0x8000163e (0x02d93d33) x26 0x000007fd
core   0: 0x80001642 (0x00000505) c.addi  a0, 1
core   0: 3 0x80001642 (0x0505) x10 0x00000000
core   0: 0x80001644 (0x01af3233) sltu    tp, t5, s10
core   0: 3 0x80001644 (0x01af3233) x 4 0x00000001
core   0: 0x80001648 (0x00008489) c.srai  s1, 2
core   0: 3 0x80001648 (0x8489) x 9 0x00000213
core   0: 0x8000164a (0x0000d975) c.beqz  a0, pc - 12
core   0: 3 0x8000164a (0xd975)
core   0: 0x8000163e (0x02d93d33) mulhu   s10, s2, a3
core   0: 3 0x8000163e (0x02d93d33) x26 0x000007fd
core   0: 0x80001642 (0x00000505) c.addi  a0, 1
core   0: 3 0x80001642 (0x0505) x10 0x00000001
core   0: 0x80001644 (0x01af3233) sltu    tp, t5, s10
core   0: 3 0x80001644 (0x01af3233) x 4 0x00000001
core   0: 0x80001648 (0x00008489) c.srai  s1, 2
core   0: 3 0x80001648 (0x8489) x 9 0x00000084
core   0: 0x8000164a (0x0000d975) c.beqz  a0, pc - 12
core   0: 3 0x8000164a (0xd975)
core   0: 0x8000164c (0x00008f39) c.xor   a4, a4
core   0: 3 0x8000164c (0x8f39) x14 0x00000000
core   0: 0x8000164e (0xff900413) li      s0, -7
core   0: 3 0x8000164e (0xff900413) x 8 0xfffffff9
core   0: 0x80001652 (0x01b31b93) slli    s7, t1, 27
core   0: 3 0x80001652 (0x01b31b93) x23 0x00000000
core   0: 0x80001656 (0x29490113) addi    sp, s2, 660
core   0: 3 0x80001656 (0x29490113) x 2 0x0000028c
core   0: 0x8000165a (0x00900d93) li      s11, 9
core   0: 3 0x8000165a (0x00900d93) x27 0x00000009
core   0: 0x8000165e (0x00008d41) c.or    a0, s0
core   0: 3 0x8000165e (0x8d41) x10 0xfffffff9
core   0: 0x80001660 (0x00000421) c.addi  s0, 8
core   0: 3 0x80001660 (0x0421) x 8 0x00000001
core   0: 0x80001662 (0xffb40ee3) beq     s0, s11, pc - 4
core   0: 3 0x80001662 (0xffb40ee3)
core   0: 0x80001666 (0x155c9e17) auipc   t3, 0x155c9
core   0: 3 0x80001666 (0x155c9e17) x28 0x955ca666
core   0: 0x8000166a (0xffa00493) li      s1, -6
core   0: 3 0x8000166a (0xffa00493) x 9 0xfffffffa
core   0: 0x8000166e (0x00745513) srli    a0, s0, 7
core   0: 3 0x8000166e (0x00745513) x10 0x00000000
core   0: 0x80001672 (0xe887a793) slti    a5, a5, -376
core   0: 3 0x80001672 (0xe887a793) x15 0x00000001
core   0: 0x80001676 (0x00008919) c.andi  a0, 6
core   0: 3 0x80001676 (0x8919) x10 0x00000000
core   0: 0x80001678 (0x00008ec1) c.or    a3, s0
core   0: 3 0x80001678 (0x8ec1) x13 0x000007ff
core   0: 0x8000167a (0x47060793) addi    a5, a2, 1136
core   0: 3 0x8000167a (0x47060793) x15 0x00000475
core   0: 0x8000167e (0xfff00e93) li      t4, -1
core   0: 3 0x8000167e (0xfff00e93) x29 0xffffffff
core   0: 0x80001682 (0x0335ff33) remu    t5, a1, s3
core   0: 3 0x80001682 (0x0335ff33) x30 0x0000000f
core   0: 0x80001686 (0x00000001) c.nop
core   0: 3 0x80001686 (0x0001)
core   0: 0x80001688 (0x0000100f) fence.i
core   0: 3 0x80001688 (0x0000100f)
core   0: 0x8000168c (0x00000485) c.addi  s1, 1
core   0: 3 0x8000168c (0x0485) x 9 0xfffffffb
core   0: 0x8000168e (0x0000997d) c.andi  a0, -1
core   0: 3 0x8000168e (0x997d) x10 0x00000000
core   0: 0x80001690 (0x0000100f) fence.i
core   0: 3 0x80001690 (0x0000100f)
core   0: 0x80001694 (0x0ff0000f) fence   iorw,iorw
core   0: 3 0x80001694 (0x0ff0000f)
core   0: 0x80001698 (0x000015fd) c.addi  a1, -1
core   0: 3 0x80001698 (0x15fd) x11 0x0000000e
core   0: 0x8000169a (0x01f69b13) slli    s6, a3, 31
core   0: 3 0x8000169a (0x01f69b13) x22 0x80000000
core   0: 0x8000169e (0x00459833) sll     a6, a1, tp
core   0: 3 0x8000169e (0x00459833) x16 0x0000001c
core   0: 0x800016a2 (0x832abd93) sltiu   s11, s5, -1998
core   0: 3 0x800016a2 (0x832abd93) x27 0x00000001
core   0: 0x800016a6 (0x41acda33) sra     s4, s9, s10
core   0: 3 0x800016a6 (0x41acda33) x20 0x00000000
core   0: 0x800016aa (0x00009452) c.add   s0, s4
core   0: 3 0x800016aa (0x9452) x 8 0x00000001
core   0: 0x800016ac (0xfdd48be3) beq     s1, t4, pc - 42
core   0: 3 0x800016ac (0xfdd48be3)
core   0: 0x800016b0 (0xf0f5bc13) sltiu   s8, a1, -241
core   0: 3 0x800016b0 (0xf0f5bc13) x24 0x00000001
core   0: 0x800016b4 (0xffb00613) li      a2, -5
core   0: 3 0x800016b4 (0xffb00613) x12 0xfffffffb
core   0: 0x800016b8 (0x00000001) c.nop
core   0: 3 0x800016b8 (0x0001)
core   0: 0x800016ba (0xffc00313) li      t1, -4
core   0: 3 0x800016ba (0xffc00313) x 6 0xfffffffc
core   0: 0x800016be (0x0058e133) or      sp, a7, t0
core   0: 3 0x800016be (0x0058e133) x 2 0xfffffccf
core   0: 0x800016c2 (0x00000605) c.addi  a2, 1
core   0: 3 0x800016c2 (0x0605) x12 0xfffffffc
core   0: 0x800016c4 (0x015b2ab3) slt     s5, s6, s5
core   0: 3 0x800016c4 (0x015b2ab3) x21 0x00000001
core   0: 0x800016c8 (0xfe660be3) beq     a2, t1, pc - 10
core   0: 3 0x800016c8 (0xfe660be3)
core   0: 0x800016be (0x0058e133) or      sp, a7, t0
core   0: 3 0x800016be (0x0058e133) x 2 0xfffffccf
core   0: 0x800016c2 (0x00000605) c.addi  a2, 1
core   0: 3 0x800016c2 (0x0605) x12 0xfffffffd
core   0: 0x800016c4 (0x015b2ab3) slt     s5, s6, s5
core   0: 3 0x800016c4 (0x015b2ab3) x21 0x00000001
core   0: 0x800016c8 (0xfe660be3) beq     a2, t1, pc - 10
core   0: 3 0x800016c8 (0xfe660be3)
core   0: 0x800016cc (0x00001c08) c.addi4spn a0, sp, 560
core   0: 3 0x800016cc (0x1c08) x10 0xfffffeff
core   0: 0x800016ce (0x00800193) li      gp, 8
core   0: 3 0x800016ce (0x00800193) x 3 0x00000008
core   0: 0x800016d2 (0x00c00813) li      a6, 12
core   0: 3 0x800016d2 (0x00c00813) x16 0x0000000c
core   0: 0x800016d6 (0x00006b51) c.lui   s6, 0x14
core   0: 3 0x800016d6 (0x6b51) x22 0x00014000
core   0: 0x800016d8 (0x000001a1) c.addi  gp, 8
core   0: 3 0x800016d8 (0x01a1) x 3 0x00000010
core   0: 0x800016da (0x00a00c13) li      s8, 10
core   0: 3 0x800016da (0x00a00c13) x24 0x0000000a
core   0: 0x800016de (0x01300b93) li      s7, 19
core   0: 3 0x800016de (0x01300b93) x23 0x00000013
core   0: 0x800016e2 (0x93d20313) addi    t1, tp, -1731
core   0: 3 0x800016e2 (0x93d20313) x 6 0xfffff93e
core   0: 0x800016e6 (0x00000c21) c.addi  s8, 8
core   0: 3 0x800016e6 (0x0c21) x24 0x00000012
core   0: 0x800016e8 (0xff7c6de3) bltu    s8, s7, pc - 6
core   0: 3 0x800016e8 (0xff7c6de3)
core   0: 0x800016e2 (0x93d20313) addi    t1, tp, -1731
core   0: 3 0x800016e2 (0x93d20313) x 6 0xfffff93e
core   0: 0x800016e6 (0x00000c21) c.addi  s8, 8
core   0: 3 0x800016e6 (0x0c21) x24 0x0000001a
core   0: 0x800016e8 (0xff7c6de3) bltu    s8, s7, pc - 6
core   0: 3 0x800016e8 (0xff7c6de3)
core   0: 0x800016ec (0xff01e5e3) bltu    gp, a6, pc - 22
core   0: 3 0x800016ec (0xff01e5e3)
core   0: 0x800016f0 (0x00008775) c.srai  a4, 29
core   0: 3 0x800016f0 (0x8775) x14 0x00000000
core   0: 0x800016f2 (0x00900b13) li      s6, 9
core   0: 3 0x800016f2 (0x00900b13) x22 0x00000009
core   0: 0x800016f6 (0x41105d13) srai    s10, zero, 17
core   0: 3 0x800016f6 (0x41105d13) x26 0x00000000
core   0: 0x800016fa (0xfed00493) li      s1, -19
core   0: 3 0x800016fa (0xfed00493) x 9 0xffffffed
core   0: 0x800016fe (0x000081d9) c.srli  a1, 22
core   0: 3 0x800016fe (0x81d9) x11 0x00000000
core   0: 0x80001700 (0x00000001) c.nop
core   0: 3 0x80001700 (0x0001)
core   0: 0x80001702 (0x03e72333) mulhsu  t1, a4, t5
core   0: 3 0x80001702 (0x03e72333) x 6 0x00000000
core   0: 0x80001706 (0x00001b65) c.addi  s6, -7
core   0: 3 0x80001706 (0x1b65) x22 0x00000002
core   0: 0x80001708 (0x0000587d) c.li    a6, -1
core   0: 3 0x80001708 (0x587d) x16 0xffffffff
core   0: 0x8000170a (0x00000425) c.addi  s0, 9
core   0: 3 0x8000170a (0x0425) x 8 0x0000000a
core   0: 0x8000170c (0xffe00613) li      a2, -2
core   0: 3 0x8000170c (0xffe00613) x12 0xfffffffe
core   0: 0x80001710 (0x01857bb3) and     s7, a0, s8
core   0: 3 0x80001710 (0x01857bb3) x23 0x0000001a
core   0: 0x80001714 (0x00008c05) c.sub   s0, s1
core   0: 3 0x80001714 (0x8c05) x 8 0x0000001d
core   0: 0x80001716 (0xfbd71817) auipc   a6, 0xfbd71
core   0: 3 0x80001716 (0xfbd71817) x16 0x7bd72716
core   0: 0x8000171a (0x00800193) li      gp, 8
core   0: 3 0x8000171a (0x00800193) x 3 0x00000008
core   0: 0x8000171e (0x00004155) c.li    sp, 21
core   0: 3 0x8000171e (0x4155) x 2 0x00000015
core   0: 0x80001720 (0x0135c133) xor     sp, a1, s3
core   0: 3 0x80001720 (0x0135c133) x 2 0x80022e64
core   0: 0x80001724 (0x00000611) c.addi  a2, 4
core   0: 3 0x80001724 (0x0611) x12 0x00000002
core   0: 0x80001726 (0x03ac6133) rem     sp, s8, s10
core   0: 3 0x80001726 (0x03ac6133) x 2 0x0000001a
core   0: 0x8000172a (0x29357913) andi    s2, a0, 659
core   0: 3 0x8000172a (0x29357913) x18 0x00000293
core   0: 0x8000172e (0x02df40b3) div     ra, t5, a3
core   0: 3 0x8000172e (0x02df40b3) x 1 0x00000000
core   0: 0x80001732 (0x0000842d) c.srai  s0, 11
core   0: 3 0x80001732 (0x842d) x 8 0x00000000
core   0: 0x80001734 (0xfe3665e3) bltu    a2, gp, pc - 22
core   0: 3 0x80001734 (0xfe3665e3)
core   0: 0x8000171e (0x00004155) c.li    sp, 21
core   0: 3 0x8000171e (0x4155) x 2 0x00000015
core   0: 0x80001720 (0x0135c133) xor     sp, a1, s3
core   0: 3 0x80001720 (0x0135c133) x 2 0x80022e64
core   0: 0x80001724 (0x00000611) c.addi  a2, 4
core   0: 3 0x80001724 (0x0611) x12 0x00000006
core   0: 0x80001726 (0x03ac6133) rem     sp, s8, s10
core   0: 3 0x80001726 (0x03ac6133) x 2 0x0000001a
core   0: 0x8000172a (0x29357913) andi    s2, a0, 659
core   0: 3 0x8000172a (0x29357913) x18 0x00000293
core   0: 0x8000172e (0x02df40b3) div     ra, t5, a3
core   0: 3 0x8000172e (0x02df40b3) x 1 0x00000000
core   0: 0x80001732 (0x0000842d) c.srai  s0, 11
core   0: 3 0x80001732 (0x842d) x 8 0x00000000
core   0: 0x80001734 (0xfe3665e3) bltu    a2, gp, pc - 22
core   0: 3 0x80001734 (0xfe3665e3)
core   0: 0x8000171e (0x00004155) c.li    sp, 21
core   0: 3 0x8000171e (0x4155) x 2 0x00000015
core   0: 0x80001720 (0x0135c133) xor     sp, a1, s3
core   0: 3 0x80001720 (0x0135c133) x 2 0x80022e64
core   0: 0x80001724 (0x00000611) c.addi  a2, 4
core   0: 3 0x80001724 (0x0611) x12 0x0000000a
core   0: 0x80001726 (0x03ac6133) rem     sp, s8, s10
core   0: 3 0x80001726 (0x03ac6133) x 2 0x0000001a
core   0: 0x8000172a (0x29357913) andi    s2, a0, 659
core   0: 3 0x8000172a (0x29357913) x18 0x00000293
core   0: 0x8000172e (0x02df40b3) div     ra, t5, a3
core   0: 3 0x8000172e (0x02df40b3) x 1 0x00000000
core   0: 0x80001732 (0x0000842d) c.srai  s0, 11
core   0: 3 0x80001732 (0x842d) x 8 0x00000000
core   0: 0x80001734 (0xfe3665e3) bltu    a2, gp, pc - 22
core   0: 3 0x80001734 (0xfe3665e3)
core   0: 0x80001738 (0x6f502a13) slti    s4, zero, 1781
core   0: 3 0x80001738 (0x6f502a13) x20 0x00000001
core   0: 0x8000173c (0x01a65093) srli    ra, a2, 26
core   0: 3 0x8000173c (0x01a65093) x 1 0x00000000
core   0: 0x80001740 (0x00008f91) c.sub   a5, a2
core   0: 3 0x80001740 (0x8f91) x15 0x0000046b
core   0: 0x80001742 (0x0338aeb3) mulhsu  t4, a7, s3
core   0: 3 0x80001742 (0x0338aeb3) x29 0xfffffe66
core   0: 0x80001746 (0xdf206693) ori     a3, zero, -526
core   0: 3 0x80001746 (0xdf206693) x13 0xfffffdf2
core   0: 0x8000174a (0xfa9b0ce3) beq     s6, s1, pc - 72
core   0: 3 0x8000174a (0xfa9b0ce3)
core   0: 0x8000174e (0x02f6c833) div     a6, a3, a5
core   0: 3 0x8000174e (0x02f6c833) x16 0x00000000
core   0: 0x80001752 (0x00a00513) li      a0, 10
core   0: 3 0x80001752 (0x00a00513) x10 0x0000000a
core   0: 0x80001756 (0x40abd813) srai    a6, s7, 10
core   0: 3 0x80001756 (0x40abd813) x16 0x00000000
core   0: 0x8000175a (0x00a00893) li      a7, 10
core   0: 3 0x8000175a (0x00a00893) x17 0x0000000a
core   0: 0x8000175e (0x01c2b333) sltu    t1, t0, t3
core   0: 3 0x8000175e (0x01c2b333) x 6 0x00000001
core   0: 0x80001762 (0x00006ac5) c.lui   s5, 0x11
core   0: 3 0x80001762 (0x6ac5) x21 0x00011000
core   0: 0x80001764 (0x0000156d) c.addi  a0, -5
core   0: 3 0x80001764 (0x156d) x10 0x00000005
core   0: 0x80001766 (0x03320033) mul     zero, tp, s3
core   0: 3 0x80001766 (0x03320033)
core   0: 0x8000176a (0x0000127d) c.addi  tp, -1
core   0: 3 0x8000176a (0x127d) x 4 0x00000000
core   0: 0x8000176c (0x00000001) c.nop
core   0: 3 0x8000176c (0x0001)
core   0: 0x8000176e (0xff157ae3) bgeu    a0, a7, pc - 12
core   0: 3 0x8000176e (0xff157ae3)
core   0: 0x80001772 (0x8e13b913) sltiu   s2, t2, -1823
core   0: 3 0x80001772 (0x8e13b913) x18 0x00000001
core   0: 0x80001776 (0x00000c93) li      s9, 0
core   0: 3 0x80001776 (0x00000c93) x25 0x00000000
core   0: 0x8000177a (0x019501b3) add     gp, a0, s9
core   0: 3 0x8000177a (0x019501b3) x 3 0x00000005
core   0: 0x8000177e (0x00200c13) li      s8, 2
core   0: 3 0x8000177e (0x00200c13) x24 0x00000002
core   0: 0x80001782 (0x008d17b3) sll     a5, s10, s0
core   0: 3 0x80001782 (0x008d17b3) x15 0x00000000
core   0: 0x80001786 (0x00dd0333) add     t1, s10, a3
core   0: 3 0x80001786 (0x00dd0333) x 6 0xfffffdf2
core   0: 0x8000178a (0x000087f1) c.srai  a5, 28
core   0: 3 0x8000178a (0x87f1) x15 0x00000000
core   0: 0x8000178c (0x00235d93) srli    s11, t1, 2
core   0: 3 0x8000178c (0x00235d93) x27 0x3fffff7c
core   0: 0x80001790 (0x021760b3) rem     ra, a4, ra
core   0: 3 0x80001790 (0x021760b3) x 1 0x00000000
core   0: 0x80001794 (0x00000001) c.nop
core   0: 3 0x80001794 (0x0001)
core   0: 0x80001796 (0x0044bab3) sltu    s5, s1, tp
core   0: 3 0x80001796 (0x0044bab3) x21 0x00000000
core   0: 0x8000179a (0x027fbf33) mulhu   t5, t6, t2
core   0: 3 0x8000179a (0x027fbf33) x30 0x40024da9
core   0: 0x8000179e (0x00000c85) c.addi  s9, 1
core   0: 3 0x8000179e (0x0c85) x25 0x00000001
core   0: 0x800017a0 (0x0020e0b3) or      ra, ra, sp
core   0: 3 0x800017a0 (0x0020e0b3) x 1 0x0000001a
core   0: 0x800017a4 (0x02a7cbb3) div     s7, a5, a0
core   0: 3 0x800017a4 (0x02a7cbb3) x23 0x00000000
core   0: 0x800017a8 (0x01cb6eb3) or      t4, s6, t3
core   0: 3 0x800017a8 (0x01cb6eb3) x29 0x955ca666
core   0: 0x800017ac (0x007ca7b3) slt     a5, s9, t2
core   0: 3 0x800017ac (0x007ca7b3) x15 0x00000000
core   0: 0x800017b0 (0x016c1d13) slli    s10, s8, 22
core   0: 3 0x800017b0 (0x016c1d13) x26 0x00800000
core   0: 0x800017b4 (0x00008949) c.andi  a0, 18
core   0: 3 0x800017b4 (0x8949) x10 0x00000000
core   0: 0x800017b6 (0xff8c80e3) beq     s9, s8, pc - 32
core   0: 3 0x800017b6 (0xff8c80e3)
core   0: 0x800017ba (0x7abcc593) xori    a1, s9, 1963
core   0: 3 0x800017ba (0x7abcc593) x11 0x000007aa
core   0: 0x800017be (0x00700213) li      tp, 7
core   0: 3 0x800017be (0x00700213) x 4 0x00000007
core   0: 0x800017c2 (0x00d00793) li      a5, 13
core   0: 3 0x800017c2 (0x00d00793) x15 0x0000000d
core   0: 0x800017c6 (0x01821113) slli    sp, tp, 24
core   0: 3 0x800017c6 (0x01821113) x 2 0x07000000
core   0: 0x800017ca (0x00000518) c.addi4spn a4, sp, 640
core   0: 3 0x800017ca (0x0518) x14 0x07000280
core   0: 0x800017cc (0x0000020d) c.addi  tp, 3
core   0: 3 0x800017cc (0x020d) x 4 0x0000000a
core   0: 0x800017ce (0xfef20ee3) beq     tp, a5, pc - 4
core   0: 3 0x800017ce (0xfef20ee3)
core   0: 0x800017d2 (0xe49f3f37) lui     t5, 0xe49f3
core   0: 3 0x800017d2 (0xe49f3f37) x30 0xe49f3000
core   0: 0x800017d6 (0xffe00213) li      tp, -2
core   0: 3 0x800017d6 (0xffe00213) x 4 0xfffffffe
core   0: 0x800017da (0x00008eae) c.mv    t4, a1
core   0: 3 0x800017da (0x8eae) x29 0x000007aa
core   0: 0x800017dc (0x03f1d933) divu    s2, gp, t6
core   0: 3 0x800017dc (0x03f1d933) x18 0x00000000
core   0: 0x800017e0 (0x00e00f93) li      t6, 14
core   0: 3 0x800017e0 (0x00e00f93) x31 0x0000000e
core   0: 0x800017e4 (0x00008a85) c.andi  a3, 1
core   0: 3 0x800017e4 (0x8a85) x13 0x00000000
core   0: 0x800017e6 (0x00000211) c.addi  tp, 4
core   0: 3 0x800017e6 (0x0211) x 4 0x00000002
core   0: 0x800017e8 (0xff800613) li      a2, -8
core   0: 3 0x800017e8 (0xff800613) x12 0xfffffff8
core   0: 0x800017ec (0x01e4f4b3) and     s1, s1, t5
core   0: 3 0x800017ec (0x01e4f4b3) x 9 0xe49f3000
core   0: 0x800017f0 (0x0121ff33) and     t5, gp, s2
core   0: 3 0x800017f0 (0x0121ff33) x30 0x00000000
core   0: 0x800017f4 (0x00200813) li      a6, 2
core   0: 3 0x800017f4 (0x00200813) x16 0x00000002
core   0: 0x800017f8 (0x0158f8b3) and     a7, a7, s5
core   0: 3 0x800017f8 (0x0158f8b3) x17 0x00000000
core   0: 0x800017fc (0x00008791) c.srai  a5, 4
core   0: 3 0x800017fc (0x8791) x15 0x00000000
core   0: 0x800017fe (0x00db21b3) slt     gp, s6, a3
core   0: 3 0x800017fe (0x00db21b3) x 3 0x00000000
core   0: 0x80001802 (0x03d94f33) div     t5, s2, t4
core   0: 3 0x80001802 (0x03d94f33) x30 0x00000000
core   0: 0x80001806 (0x000095b6) c.add   a1, a3
core   0: 3 0x80001806 (0x95b6) x11 0x000007aa
core   0: 0x80001808 (0x00008c21) c.xor   s0, s0
core   0: 3 0x80001808 (0x8c21) x 8 0x00000000
core   0: 0x8000180a (0x00000605) c.addi  a2, 1
core   0: 3 0x8000180a (0x0605) x12 0xfffffff9
core   0: 0x8000180c (0x0ff0000f) fence   iorw,iorw
core   0: 3 0x8000180c (0x0ff0000f)
core   0: 0x80001810 (0x00000001) c.nop
core   0: 3 0x80001810 (0x0001)
core   0: 0x80001812 (0x00ba47b3) xor     a5, s4, a1
core   0: 3 0x80001812 (0x00ba47b3) x15 0x000007ab
core   0: 0x80001816 (0xff0601e3) beq     a2, a6, pc - 30
core   0: 3 0x80001816 (0xff0601e3)
core   0: 0x8000181a (0x864834b7) lui     s1, 0x86483
core   0: 3 0x8000181a (0x864834b7) x 9 0x86483000
core   0: 0x8000181e (0x51196d13) ori     s10, s2, 1297
core   0: 3 0x8000181e (0x51196d13) x26 0x00000511
core   0: 0x80001822 (0x00006789) c.lui   a5, 0x2
core   0: 3 0x80001822 (0x6789) x15 0x00002000
core   0: 0x80001824 (0x000087fd) c.srai  a5, 31
core   0: 3 0x80001824 (0x87fd) x15 0x00000000
core   0: 0x80001826 (0xfbf20fe3) beq     tp, t6, pc - 66
core   0: 3 0x80001826 (0xfbf20fe3)
core   0: 0x8000182a (0x0386de33) divu    t3, a3, s8
core   0: 3 0x8000182a (0x0386de33) x28 0x00000000
core   0: 0x8000182e (0x00900613) li      a2, 9
core   0: 3 0x8000182e (0x00900613) x12 0x00000009
core   0: 0x80001832 (0x019ea133) slt     sp, t4, s9
core   0: 3 0x80001832 (0x019ea133) x 2 0x00000000
core   0: 0x80001836 (0x0000088e) c.slli  a7, 3
core   0: 3 0x80001836 (0x088e) x17 0x00000000
core   0: 0x80001838 (0x5ec84713) xori    a4, a6, 1516
core   0: 3 0x80001838 (0x5ec84713) x14 0x000005ee
core   0: 0x8000183c (0x00006951) c.lui   s2, 0x14
core   0: 3 0x8000183c (0x6951) x18 0x00014000
core   0: 0x8000183e (0x000098fd) c.andi  s1, -1
core   0: 3 0x8000183e (0x98fd) x 9 0x86483000
core   0: 0x80001840 (0x000057fd) c.li    a5, -1
core   0: 3 0x80001840 (0x57fd) x15 0xffffffff
core   0: 0x80001842 (0x00009b26) c.add   s6, s1
core   0: 3 0x80001842 (0x9b26) x22 0x86483002
core   0: 0x80001844 (0x00004acd) c.li    s5, 19
core   0: 3 0x80001844 (0x4acd) x21 0x00000013
core   0: 0x80001846 (0x0000100f) fence.i
core   0: 3 0x80001846 (0x0000100f)
core   0: 0x8000184a (0x00000342) c.slli  t1, 16
core   0: 3 0x8000184a (0x0342) x 6 0xfdf20000
core   0: 0x8000184c (0x00008d11) c.sub   a0, a2
core   0: 3 0x8000184c (0x8d11) x10 0xfffffff7
core   0: 0x8000184e (0x00900b93) li      s7, 9
core   0: 3 0x8000184e (0x00900b93) x23 0x00000009
core   0: 0x80001852 (0x00009bfd) c.andi  a5, -1
core   0: 3 0x80001852 (0x9bfd) x15 0xffffffff
core   0: 0x80001854 (0x018dcab3) xor     s5, s11, s8
core   0: 3 0x80001854 (0x018dcab3) x21 0x3fffff7e
core   0: 0x80001858 (0x00008ca5) c.xor   s1, s1
core   0: 3 0x80001858 (0x8ca5) x 9 0x00000000
core   0: 0x8000185a (0x00000001) c.nop
core   0: 3 0x8000185a (0x0001)
core   0: 0x8000185c (0x00001675) c.addi  a2, -3
core   0: 3 0x8000185c (0x1675) x12 0x00000006
core   0: 0x8000185e (0x029c0a33) mul     s4, s8, s1
core   0: 3 0x8000185e (0x029c0a33) x20 0x00000000
core   0: 0x80001862 (0x00a00413) li      s0, 10
core   0: 3 0x80001862 (0x00a00413) x 8 0x0000000a
core   0: 0x80001866 (0x00a00693) li      a3, 10
core   0: 3 0x80001866 (0x00a00693) x13 0x0000000a
core   0: 0x8000186a (0x407c0133) sub     sp, s8, t2
core   0: 3 0x8000186a (0x407c0133) x 2 0x7ffd931e
core   0: 0x8000186e (0x000061ed) c.lui   gp, 0x1b
core   0: 3 0x8000186e (0x61ed) x 3 0x0001b000
core   0: 0x80001870 (0x00001469) c.addi  s0, -6
core   0: 3 0x80001870 (0x1469) x 8 0x00000004
core   0: 0x80001872 (0x0ff0000f) fence   iorw,iorw
core   0: 3 0x80001872 (0x0ff0000f)
core   0: 0x80001876 (0xfed45ae3) bge     s0, a3, pc - 12
core   0: 3 0x80001876 (0xfed45ae3)
core   0: 0x8000187a (0x00008dc5) c.or    a1, s1
core   0: 3 0x8000187a (0x8dc5) x11 0x000007aa
core   0: 0x8000187c (0xfd767ce3) bgeu    a2, s7, pc - 40
core   0: 3 0x8000187c (0xfd767ce3)
core   0: 0x80001880 (0x01fc07b3) add     a5, s8, t6
core   0: 3 0x80001880 (0x01fc07b3) x15 0x00000010
core   0: 0x80001884 (0x00300793) li      a5, 3
core   0: 3 0x80001884 (0x00300793) x15 0x00000003
core   0: 0x80001888 (0x01875b13) srli    s6, a4, 24
core   0: 3 0x80001888 (0x01875b13) x22 0x00000000
core   0: 0x8000188c (0x40a2d613) srai    a2, t0, 10
core   0: 3 0x8000188c (0x40a2d613) x12 0x00000000
core   0: 0x80001890 (0xa0da4a93) xori    s5, s4, -1523
core   0: 3 0x80001890 (0xa0da4a93) x21 0xfffffa0d
core   0: 0x80001894 (0x00006fd1) c.lui   t6, 0x14
core   0: 3 0x80001894 (0x6fd1) x31 0x00014000
core   0: 0x80001896 (0x01400093) li      ra, 20
core   0: 3 0x80001896 (0x01400093) x 1 0x00000014
core   0: 0x8000189a (0x00000342) c.slli  t1, 16
core   0: 3 0x8000189a (0x0342) x 6 0x00000000
core   0: 0x8000189c (0x01362bb3) slt     s7, a2, s3
core   0: 3 0x8000189c (0x01362bb3) x23 0x00000000
core   0: 0x800018a0 (0x0346ac33) mulhsu  s8, a3, s4
core   0: 3 0x800018a0 (0x0346ac33) x24 0x00000000
core   0: 0x800018a4 (0x00000785) c.addi  a5, 1
core   0: 3 0x800018a4 (0x0785) x15 0x00000004
core   0: 0x800018a6 (0xd63bc813) xori    a6, s7, -669
core   0: 3 0x800018a6 (0xd63bc813) x16 0xfffffd63
core   0: 0x800018aa (0x553e0a13) addi    s4, t3, 1363
core   0: 3 0x800018aa (0x553e0a13) x20 0x00000553
core   0: 0x800018ae (0x543e8037) lui     zero, 0x543e8
core   0: 3 0x800018ae (0x543e8037)
core   0: 0x800018b2 (0x016ebdb3) sltu    s11, t4, s6
core   0: 3 0x800018b2 (0x016ebdb3) x27 0x00000000
core   0: 0x800018b6 (0x01aace33) xor     t3, s5, s10
core   0: 3 0x800018b6 (0x01aace33) x28 0xffffff1c
core   0: 0x800018ba (0x68a85637) lui     a2, 0x68a85
core   0: 3 0x800018ba (0x68a85637) x12 0x68a85000
core   0: 0x800018be (0xa44be713) ori     a4, s7, -1468
core   0: 3 0x800018be (0xa44be713) x14 0xfffffa44
core   0: 0x800018c2 (0x0000931a) c.add   t1, t1
core   0: 3 0x800018c2 (0x931a) x 6 0x00000000
core   0: 0x800018c4 (0x00008a06) c.mv    s4, ra
core   0: 3 0x800018c4 (0x8a06) x20 0x00000014
core   0: 0x800018c6 (0x00b25893) srli    a7, tp, 11
core   0: 3 0x800018c6 (0x00b25893) x17 0x00000000
core   0: 0x800018ca (0xfc179be3) bne     a5, ra, pc - 42
core   0: 3 0x800018ca (0xfc179be3)
core   0: 0x800018a0 (0x0346ac33) mulhsu  s8, a3, s4
core   0: 3 0x800018a0 (0x0346ac33) x24 0x00000000
core   0: 0x800018a4 (0x00000785) c.addi  a5, 1
core   0: 3 0x800018a4 (0x0785) x15 0x00000005
core   0: 0x800018a6 (0xd63bc813) xori    a6, s7, -669
core   0: 3 0x800018a6 (0xd63bc813) x16 0xfffffd63
core   0: 0x800018aa (0x553e0a13) addi    s4, t3, 1363
core   0: 3 0x800018aa (0x553e0a13) x20 0x0000046f
core   0: 0x800018ae (0x543e8037) lui     zero, 0x543e8
core   0: 3 0x800018ae (0x543e8037)
core   0: 0x800018b2 (0x016ebdb3) sltu    s11, t4, s6
core   0: 3 0x800018b2 (0x016ebdb3) x27 0x00000000
core   0: 0x800018b6 (0x01aace33) xor     t3, s5, s10
core   0: 3 0x800018b6 (0x01aace33) x28 0xffffff1c
core   0: 0x800018ba (0x68a85637) lui     a2, 0x68a85
core   0: 3 0x800018ba (0x68a85637) x12 0x68a85000
core   0: 0x800018be (0xa44be713) ori     a4, s7, -1468
core   0: 3 0x800018be (0xa44be713) x14 0xfffffa44
core   0: 0x800018c2 (0x0000931a) c.add   t1, t1
core   0: 3 0x800018c2 (0x931a) x 6 0x00000000
core   0: 0x800018c4 (0x00008a06) c.mv    s4, ra
core   0: 3 0x800018c4 (0x8a06) x20 0x00000014
core   0: 0x800018c6 (0x00b25893) srli    a7, tp, 11
core   0: 3 0x800018c6 (0x00b25893) x17 0x00000000
core   0: 0x800018ca (0xfc179be3) bne     a5, ra, pc - 42
core   0: 3 0x800018ca (0xfc179be3)
core   0: 0x800018a0 (0x0346ac33) mulhsu  s8, a3, s4
core   0: 3 0x800018a0 (0x0346ac33) x24 0x00000000
core   0: 0x800018a4 (0x00000785) c.addi  a5, 1
core   0: 3 0x800018a4 (0x0785) x15 0x00000006
core   0: 0x800018a6 (0xd63bc813) xori    a6, s7, -669
core   0: 3 0x800018a6 (0xd63bc813) x16 0xfffffd63
core   0: 0x800018aa (0x553e0a13) addi    s4, t3, 1363
core   0: 3 0x800018aa (0x553e0a13) x20 0x0000046f
core   0: 0x800018ae (0x543e8037) lui     zero, 0x543e8
core   0: 3 0x800018ae (0x543e8037)
core   0: 0x800018b2 (0x016ebdb3) sltu    s11, t4, s6
core   0: 3 0x800018b2 (0x016ebdb3) x27 0x00000000
core   0: 0x800018b6 (0x01aace33) xor     t3, s5, s10
core   0: 3 0x800018b6 (0x01aace33) x28 0xffffff1c
core   0: 0x800018ba (0x68a85637) lui     a2, 0x68a85
core   0: 3 0x800018ba (0x68a85637) x12 0x68a85000
core   0: 0x800018be (0xa44be713) ori     a4, s7, -1468
core   0: 3 0x800018be (0xa44be713) x14 0xfffffa44
core   0: 0x800018c2 (0x0000931a) c.add   t1, t1
core   0: 3 0x800018c2 (0x931a) x 6 0x00000000
core   0: 0x800018c4 (0x00008a06) c.mv    s4, ra
core   0: 3 0x800018c4 (0x8a06) x20 0x00000014
core   0: 0x800018c6 (0x00b25893) srli    a7, tp, 11
core   0: 3 0x800018c6 (0x00b25893) x17 0x00000000
core   0: 0x800018ca (0xfc179be3) bne     a5, ra, pc - 42
core   0: 3 0x800018ca (0xfc179be3)
core   0: 0x800018a0 (0x0346ac33) mulhsu  s8, a3, s4
core   0: 3 0x800018a0 (0x0346ac33) x24 0x00000000
core   0: 0x800018a4 (0x00000785) c.addi  a5, 1
core   0: 3 0x800018a4 (0x0785) x15 0x00000007
core   0: 0x800018a6 (0xd63bc813) xori    a6, s7, -669
core   0: 3 0x800018a6 (0xd63bc813) x16 0xfffffd63
core   0: 0x800018aa (0x553e0a13) addi    s4, t3, 1363
core   0: 3 0x800018aa (0x553e0a13) x20 0x0000046f
core   0: 0x800018ae (0x543e8037) lui     zero, 0x543e8
core   0: 3 0x800018ae (0x543e8037)
core   0: 0x800018b2 (0x016ebdb3) sltu    s11, t4, s6
core   0: 3 0x800018b2 (0x016ebdb3) x27 0x00000000
core   0: 0x800018b6 (0x01aace33) xor     t3, s5, s10
core   0: 3 0x800018b6 (0x01aace33) x28 0xffffff1c
core   0: 0x800018ba (0x68a85637) lui     a2, 0x68a85
core   0: 3 0x800018ba (0x68a85637) x12 0x68a85000
core   0: 0x800018be (0xa44be713) ori     a4, s7, -1468
core   0: 3 0x800018be (0xa44be713) x14 0xfffffa44
core   0: 0x800018c2 (0x0000931a) c.add   t1, t1
core   0: 3 0x800018c2 (0x931a) x 6 0x00000000
core   0: 0x800018c4 (0x00008a06) c.mv    s4, ra
core   0: 3 0x800018c4 (0x8a06) x20 0x00000014
core   0: 0x800018c6 (0x00b25893) srli    a7, tp, 11
core   0: 3 0x800018c6 (0x00b25893) x17 0x00000000
core   0: 0x800018ca (0xfc179be3) bne     a5, ra, pc - 42
core   0: 3 0x800018ca (0xfc179be3)
core   0: 0x800018a0 (0x0346ac33) mulhsu  s8, a3, s4
core   0: 3 0x800018a0 (0x0346ac33) x24 0x00000000
core   0: 0x800018a4 (0x00000785) c.addi  a5, 1
core   0: 3 0x800018a4 (0x0785) x15 0x00000008
core   0: 0x800018a6 (0xd63bc813) xori    a6, s7, -669
core   0: 3 0x800018a6 (0xd63bc813) x16 0xfffffd63
core   0: 0x800018aa (0x553e0a13) addi    s4, t3, 1363
core   0: 3 0x800018aa (0x553e0a13) x20 0x0000046f
core   0: 0x800018ae (0x543e8037) lui     zero, 0x543e8
core   0: 3 0x800018ae (0x543e8037)
core   0: 0x800018b2 (0x016ebdb3) sltu    s11, t4, s6
core   0: 3 0x800018b2 (0x016ebdb3) x27 0x00000000
core   0: 0x800018b6 (0x01aace33) xor     t3, s5, s10
core   0: 3 0x800018b6 (0x01aace33) x28 0xffffff1c
core   0: 0x800018ba (0x68a85637) lui     a2, 0x68a85
core   0: 3 0x800018ba (0x68a85637) x12 0x68a85000
core   0: 0x800018be (0xa44be713) ori     a4, s7, -1468
core   0: 3 0x800018be (0xa44be713) x14 0xfffffa44
core   0: 0x800018c2 (0x0000931a) c.add   t1, t1
core   0: 3 0x800018c2 (0x931a) x 6 0x00000000
core   0: 0x800018c4 (0x00008a06) c.mv    s4, ra
core   0: 3 0x800018c4 (0x8a06) x20 0x00000014
core   0: 0x800018c6 (0x00b25893) srli    a7, tp, 11
core   0: 3 0x800018c6 (0x00b25893) x17 0x00000000
core   0: 0x800018ca (0xfc179be3) bne     a5, ra, pc - 42
core   0: 3 0x800018ca (0xfc179be3)
core   0: 0x800018a0 (0x0346ac33) mulhsu  s8, a3, s4
core   0: 3 0x800018a0 (0x0346ac33) x24 0x00000000
core   0: 0x800018a4 (0x00000785) c.addi  a5, 1
core   0: 3 0x800018a4 (0x0785) x15 0x00000009
core   0: 0x800018a6 (0xd63bc813) xori    a6, s7, -669
core   0: 3 0x800018a6 (0xd63bc813) x16 0xfffffd63
core   0: 0x800018aa (0x553e0a13) addi    s4, t3, 1363
core   0: 3 0x800018aa (0x553e0a13) x20 0x0000046f
core   0: 0x800018ae (0x543e8037) lui     zero, 0x543e8
core   0: 3 0x800018ae (0x543e8037)
core   0: 0x800018b2 (0x016ebdb3) sltu    s11, t4, s6
core   0: 3 0x800018b2 (0x016ebdb3) x27 0x00000000
core   0: 0x800018b6 (0x01aace33) xor     t3, s5, s10
core   0: 3 0x800018b6 (0x01aace33) x28 0xffffff1c
core   0: 0x800018ba (0x68a85637) lui     a2, 0x68a85
core   0: 3 0x800018ba (0x68a85637) x12 0x68a85000
core   0: 0x800018be (0xa44be713) ori     a4, s7, -1468
core   0: 3 0x800018be (0xa44be713) x14 0xfffffa44
core   0: 0x800018c2 (0x0000931a) c.add   t1, t1
core   0: 3 0x800018c2 (0x931a) x 6 0x00000000
core   0: 0x800018c4 (0x00008a06) c.mv    s4, ra
core   0: 3 0x800018c4 (0x8a06) x20 0x00000014
core   0: 0x800018c6 (0x00b25893) srli    a7, tp, 11
core   0: 3 0x800018c6 (0x00b25893) x17 0x00000000
core   0: 0x800018ca (0xfc179be3) bne     a5, ra, pc - 42
core   0: 3 0x800018ca (0xfc179be3)
core   0: 0x800018a0 (0x0346ac33) mulhsu  s8, a3, s4
core   0: 3 0x800018a0 (0x0346ac33) x24 0x00000000
core   0: 0x800018a4 (0x00000785) c.addi  a5, 1
core   0: 3 0x800018a4 (0x0785) x15 0x0000000a
core   0: 0x800018a6 (0xd63bc813) xori    a6, s7, -669
core   0: 3 0x800018a6 (0xd63bc813) x16 0xfffffd63
core   0: 0x800018aa (0x553e0a13) addi    s4, t3, 1363
core   0: 3 0x800018aa (0x553e0a13) x20 0x0000046f
core   0: 0x800018ae (0x543e8037) lui     zero, 0x543e8
core   0: 3 0x800018ae (0x543e8037)
core   0: 0x800018b2 (0x016ebdb3) sltu    s11, t4, s6
core   0: 3 0x800018b2 (0x016ebdb3) x27 0x00000000
core   0: 0x800018b6 (0x01aace33) xor     t3, s5, s10
core   0: 3 0x800018b6 (0x01aace33) x28 0xffffff1c
core   0: 0x800018ba (0x68a85637) lui     a2, 0x68a85
core   0: 3 0x800018ba (0x68a85637) x12 0x68a85000
core   0: 0x800018be (0xa44be713) ori     a4, s7, -1468
core   0: 3 0x800018be (0xa44be713) x14 0xfffffa44
core   0: 0x800018c2 (0x0000931a) c.add   t1, t1
core   0: 3 0x800018c2 (0x931a) x 6 0x00000000
core   0: 0x800018c4 (0x00008a06) c.mv    s4, ra
core   0: 3 0x800018c4 (0x8a06) x20 0x00000014
core   0: 0x800018c6 (0x00b25893) srli    a7, tp, 11
core   0: 3 0x800018c6 (0x00b25893) x17 0x00000000
core   0: 0x800018ca (0xfc179be3) bne     a5, ra, pc - 42
core   0: 3 0x800018ca (0xfc179be3)
core   0: 0x800018a0 (0x0346ac33) mulhsu  s8, a3, s4
core   0: 3 0x800018a0 (0x0346ac33) x24 0x00000000
core   0: 0x800018a4 (0x00000785) c.addi  a5, 1
core   0: 3 0x800018a4 (0x0785) x15 0x0000000b
core   0: 0x800018a6 (0xd63bc813) xori    a6, s7, -669
core   0: 3 0x800018a6 (0xd63bc813) x16 0xfffffd63
core   0: 0x800018aa (0x553e0a13) addi    s4, t3, 1363
core   0: 3 0x800018aa (0x553e0a13) x20 0x0000046f
core   0: 0x800018ae (0x543e8037) lui     zero, 0x543e8
core   0: 3 0x800018ae (0x543e8037)
core   0: 0x800018b2 (0x016ebdb3) sltu    s11, t4, s6
core   0: 3 0x800018b2 (0x016ebdb3) x27 0x00000000
core   0: 0x800018b6 (0x01aace33) xor     t3, s5, s10
core   0: 3 0x800018b6 (0x01aace33) x28 0xffffff1c
core   0: 0x800018ba (0x68a85637) lui     a2, 0x68a85
core   0: 3 0x800018ba (0x68a85637) x12 0x68a85000
core   0: 0x800018be (0xa44be713) ori     a4, s7, -1468
core   0: 3 0x800018be (0xa44be713) x14 0xfffffa44
core   0: 0x800018c2 (0x0000931a) c.add   t1, t1
core   0: 3 0x800018c2 (0x931a) x 6 0x00000000
core   0: 0x800018c4 (0x00008a06) c.mv    s4, ra
core   0: 3 0x800018c4 (0x8a06) x20 0x00000014
core   0: 0x800018c6 (0x00b25893) srli    a7, tp, 11
core   0: 3 0x800018c6 (0x00b25893) x17 0x00000000
core   0: 0x800018ca (0xfc179be3) bne     a5, ra, pc - 42
core   0: 3 0x800018ca (0xfc179be3)
core   0: 0x800018a0 (0x0346ac33) mulhsu  s8, a3, s4
core   0: 3 0x800018a0 (0x0346ac33) x24 0x00000000
core   0: 0x800018a4 (0x00000785) c.addi  a5, 1
core   0: 3 0x800018a4 (0x0785) x15 0x0000000c
core   0: 0x800018a6 (0xd63bc813) xori    a6, s7, -669
core   0: 3 0x800018a6 (0xd63bc813) x16 0xfffffd63
core   0: 0x800018aa (0x553e0a13) addi    s4, t3, 1363
core   0: 3 0x800018aa (0x553e0a13) x20 0x0000046f
core   0: 0x800018ae (0x543e8037) lui     zero, 0x543e8
core   0: 3 0x800018ae (0x543e8037)
core   0: 0x800018b2 (0x016ebdb3) sltu    s11, t4, s6
core   0: 3 0x800018b2 (0x016ebdb3) x27 0x00000000
core   0: 0x800018b6 (0x01aace33) xor     t3, s5, s10
core   0: 3 0x800018b6 (0x01aace33) x28 0xffffff1c
core   0: 0x800018ba (0x68a85637) lui     a2, 0x68a85
core   0: 3 0x800018ba (0x68a85637) x12 0x68a85000
core   0: 0x800018be (0xa44be713) ori     a4, s7, -1468
core   0: 3 0x800018be (0xa44be713) x14 0xfffffa44
core   0: 0x800018c2 (0x0000931a) c.add   t1, t1
core   0: 3 0x800018c2 (0x931a) x 6 0x00000000
core   0: 0x800018c4 (0x00008a06) c.mv    s4, ra
core   0: 3 0x800018c4 (0x8a06) x20 0x00000014
core   0: 0x800018c6 (0x00b25893) srli    a7, tp, 11
core   0: 3 0x800018c6 (0x00b25893) x17 0x00000000
core   0: 0x800018ca (0xfc179be3) bne     a5, ra, pc - 42
core   0: 3 0x800018ca (0xfc179be3)
core   0: 0x800018a0 (0x0346ac33) mulhsu  s8, a3, s4
core   0: 3 0x800018a0 (0x0346ac33) x24 0x00000000
core   0: 0x800018a4 (0x00000785) c.addi  a5, 1
core   0: 3 0x800018a4 (0x0785) x15 0x0000000d
core   0: 0x800018a6 (0xd63bc813) xori    a6, s7, -669
core   0: 3 0x800018a6 (0xd63bc813) x16 0xfffffd63
core   0: 0x800018aa (0x553e0a13) addi    s4, t3, 1363
core   0: 3 0x800018aa (0x553e0a13) x20 0x0000046f
core   0: 0x800018ae (0x543e8037) lui     zero, 0x543e8
core   0: 3 0x800018ae (0x543e8037)
core   0: 0x800018b2 (0x016ebdb3) sltu    s11, t4, s6
core   0: 3 0x800018b2 (0x016ebdb3) x27 0x00000000
core   0: 0x800018b6 (0x01aace33) xor     t3, s5, s10
core   0: 3 0x800018b6 (0x01aace33) x28 0xffffff1c
core   0: 0x800018ba (0x68a85637) lui     a2, 0x68a85
core   0: 3 0x800018ba (0x68a85637) x12 0x68a85000
core   0: 0x800018be (0xa44be713) ori     a4, s7, -1468
core   0: 3 0x800018be (0xa44be713) x14 0xfffffa44
core   0: 0x800018c2 (0x0000931a) c.add   t1, t1
core   0: 3 0x800018c2 (0x931a) x 6 0x00000000
core   0: 0x800018c4 (0x00008a06) c.mv    s4, ra
core   0: 3 0x800018c4 (0x8a06) x20 0x00000014
core   0: 0x800018c6 (0x00b25893) srli    a7, tp, 11
core   0: 3 0x800018c6 (0x00b25893) x17 0x00000000
core   0: 0x800018ca (0xfc179be3) bne     a5, ra, pc - 42
core   0: 3 0x800018ca (0xfc179be3)
core   0: 0x800018a0 (0x0346ac33) mulhsu  s8, a3, s4
core   0: 3 0x800018a0 (0x0346ac33) x24 0x00000000
core   0: 0x800018a4 (0x00000785) c.addi  a5, 1
core   0: 3 0x800018a4 (0x0785) x15 0x0000000e
core   0: 0x800018a6 (0xd63bc813) xori    a6, s7, -669
core   0: 3 0x800018a6 (0xd63bc813) x16 0xfffffd63
core   0: 0x800018aa (0x553e0a13) addi    s4, t3, 1363
core   0: 3 0x800018aa (0x553e0a13) x20 0x0000046f
core   0: 0x800018ae (0x543e8037) lui     zero, 0x543e8
core   0: 3 0x800018ae (0x543e8037)
core   0: 0x800018b2 (0x016ebdb3) sltu    s11, t4, s6
core   0: 3 0x800018b2 (0x016ebdb3) x27 0x00000000
core   0: 0x800018b6 (0x01aace33) xor     t3, s5, s10
core   0: 3 0x800018b6 (0x01aace33) x28 0xffffff1c
core   0: 0x800018ba (0x68a85637) lui     a2, 0x68a85
core   0: 3 0x800018ba (0x68a85637) x12 0x68a85000
core   0: 0x800018be (0xa44be713) ori     a4, s7, -1468
core   0: 3 0x800018be (0xa44be713) x14 0xfffffa44
core   0: 0x800018c2 (0x0000931a) c.add   t1, t1
core   0: 3 0x800018c2 (0x931a) x 6 0x00000000
core   0: 0x800018c4 (0x00008a06) c.mv    s4, ra
core   0: 3 0x800018c4 (0x8a06) x20 0x00000014
core   0: 0x800018c6 (0x00b25893) srli    a7, tp, 11
core   0: 3 0x800018c6 (0x00b25893) x17 0x00000000
core   0: 0x800018ca (0xfc179be3) bne     a5, ra, pc - 42
core   0: 3 0x800018ca (0xfc179be3)
core   0: 0x800018a0 (0x0346ac33) mulhsu  s8, a3, s4
core   0: 3 0x800018a0 (0x0346ac33) x24 0x00000000
core   0: 0x800018a4 (0x00000785) c.addi  a5, 1
core   0: 3 0x800018a4 (0x0785) x15 0x0000000f
core   0: 0x800018a6 (0xd63bc813) xori    a6, s7, -669
core   0: 3 0x800018a6 (0xd63bc813) x16 0xfffffd63
core   0: 0x800018aa (0x553e0a13) addi    s4, t3, 1363
core   0: 3 0x800018aa (0x553e0a13) x20 0x0000046f
core   0: 0x800018ae (0x543e8037) lui     zero, 0x543e8
core   0: 3 0x800018ae (0x543e8037)
core   0: 0x800018b2 (0x016ebdb3) sltu    s11, t4, s6
core   0: 3 0x800018b2 (0x016ebdb3) x27 0x00000000
core   0: 0x800018b6 (0x01aace33) xor     t3, s5, s10
core   0: 3 0x800018b6 (0x01aace33) x28 0xffffff1c
core   0: 0x800018ba (0x68a85637) lui     a2, 0x68a85
core   0: 3 0x800018ba (0x68a85637) x12 0x68a85000
core   0: 0x800018be (0xa44be713) ori     a4, s7, -1468
core   0: 3 0x800018be (0xa44be713) x14 0xfffffa44
core   0: 0x800018c2 (0x0000931a) c.add   t1, t1
core   0: 3 0x800018c2 (0x931a) x 6 0x00000000
core   0: 0x800018c4 (0x00008a06) c.mv    s4, ra
core   0: 3 0x800018c4 (0x8a06) x20 0x00000014
core   0: 0x800018c6 (0x00b25893) srli    a7, tp, 11
core   0: 3 0x800018c6 (0x00b25893) x17 0x00000000
core   0: 0x800018ca (0xfc179be3) bne     a5, ra, pc - 42
core   0: 3 0x800018ca (0xfc179be3)
core   0: 0x800018a0 (0x0346ac33) mulhsu  s8, a3, s4
core   0: 3 0x800018a0 (0x0346ac33) x24 0x00000000
core   0: 0x800018a4 (0x00000785) c.addi  a5, 1
core   0: 3 0x800018a4 (0x0785) x15 0x00000010
core   0: 0x800018a6 (0xd63bc813) xori    a6, s7, -669
core   0: 3 0x800018a6 (0xd63bc813) x16 0xfffffd63
core   0: 0x800018aa (0x553e0a13) addi    s4, t3, 1363
core   0: 3 0x800018aa (0x553e0a13) x20 0x0000046f
core   0: 0x800018ae (0x543e8037) lui     zero, 0x543e8
core   0: 3 0x800018ae (0x543e8037)
core   0: 0x800018b2 (0x016ebdb3) sltu    s11, t4, s6
core   0: 3 0x800018b2 (0x016ebdb3) x27 0x00000000
core   0: 0x800018b6 (0x01aace33) xor     t3, s5, s10
core   0: 3 0x800018b6 (0x01aace33) x28 0xffffff1c
core   0: 0x800018ba (0x68a85637) lui     a2, 0x68a85
core   0: 3 0x800018ba (0x68a85637) x12 0x68a85000
core   0: 0x800018be (0xa44be713) ori     a4, s7, -1468
core   0: 3 0x800018be (0xa44be713) x14 0xfffffa44
core   0: 0x800018c2 (0x0000931a) c.add   t1, t1
core   0: 3 0x800018c2 (0x931a) x 6 0x00000000
core   0: 0x800018c4 (0x00008a06) c.mv    s4, ra
core   0: 3 0x800018c4 (0x8a06) x20 0x00000014
core   0: 0x800018c6 (0x00b25893) srli    a7, tp, 11
core   0: 3 0x800018c6 (0x00b25893) x17 0x00000000
core   0: 0x800018ca (0xfc179be3) bne     a5, ra, pc - 42
core   0: 3 0x800018ca (0xfc179be3)
core   0: 0x800018a0 (0x0346ac33) mulhsu  s8, a3, s4
core   0: 3 0x800018a0 (0x0346ac33) x24 0x00000000
core   0: 0x800018a4 (0x00000785) c.addi  a5, 1
core   0: 3 0x800018a4 (0x0785) x15 0x00000011
core   0: 0x800018a6 (0xd63bc813) xori    a6, s7, -669
core   0: 3 0x800018a6 (0xd63bc813) x16 0xfffffd63
core   0: 0x800018aa (0x553e0a13) addi    s4, t3, 1363
core   0: 3 0x800018aa (0x553e0a13) x20 0x0000046f
core   0: 0x800018ae (0x543e8037) lui     zero, 0x543e8
core   0: 3 0x800018ae (0x543e8037)
core   0: 0x800018b2 (0x016ebdb3) sltu    s11, t4, s6
core   0: 3 0x800018b2 (0x016ebdb3) x27 0x00000000
core   0: 0x800018b6 (0x01aace33) xor     t3, s5, s10
core   0: 3 0x800018b6 (0x01aace33) x28 0xffffff1c
core   0: 0x800018ba (0x68a85637) lui     a2, 0x68a85
core   0: 3 0x800018ba (0x68a85637) x12 0x68a85000
core   0: 0x800018be (0xa44be713) ori     a4, s7, -1468
core   0: 3 0x800018be (0xa44be713) x14 0xfffffa44
core   0: 0x800018c2 (0x0000931a) c.add   t1, t1
core   0: 3 0x800018c2 (0x931a) x 6 0x00000000
core   0: 0x800018c4 (0x00008a06) c.mv    s4, ra
core   0: 3 0x800018c4 (0x8a06) x20 0x00000014
core   0: 0x800018c6 (0x00b25893) srli    a7, tp, 11
core   0: 3 0x800018c6 (0x00b25893) x17 0x00000000
core   0: 0x800018ca (0xfc179be3) bne     a5, ra, pc - 42
core   0: 3 0x800018ca (0xfc179be3)
core   0: 0x800018a0 (0x0346ac33) mulhsu  s8, a3, s4
core   0: 3 0x800018a0 (0x0346ac33) x24 0x00000000
core   0: 0x800018a4 (0x00000785) c.addi  a5, 1
core   0: 3 0x800018a4 (0x0785) x15 0x00000012
core   0: 0x800018a6 (0xd63bc813) xori    a6, s7, -669
core   0: 3 0x800018a6 (0xd63bc813) x16 0xfffffd63
core   0: 0x800018aa (0x553e0a13) addi    s4, t3, 1363
core   0: 3 0x800018aa (0x553e0a13) x20 0x0000046f
core   0: 0x800018ae (0x543e8037) lui     zero, 0x543e8
core   0: 3 0x800018ae (0x543e8037)
core   0: 0x800018b2 (0x016ebdb3) sltu    s11, t4, s6
core   0: 3 0x800018b2 (0x016ebdb3) x27 0x00000000
core   0: 0x800018b6 (0x01aace33) xor     t3, s5, s10
core   0: 3 0x800018b6 (0x01aace33) x28 0xffffff1c
core   0: 0x800018ba (0x68a85637) lui     a2, 0x68a85
core   0: 3 0x800018ba (0x68a85637) x12 0x68a85000
core   0: 0x800018be (0xa44be713) ori     a4, s7, -1468
core   0: 3 0x800018be (0xa44be713) x14 0xfffffa44
core   0: 0x800018c2 (0x0000931a) c.add   t1, t1
core   0: 3 0x800018c2 (0x931a) x 6 0x00000000
core   0: 0x800018c4 (0x00008a06) c.mv    s4, ra
core   0: 3 0x800018c4 (0x8a06) x20 0x00000014
core   0: 0x800018c6 (0x00b25893) srli    a7, tp, 11
core   0: 3 0x800018c6 (0x00b25893) x17 0x00000000
core   0: 0x800018ca (0xfc179be3) bne     a5, ra, pc - 42
core   0: 3 0x800018ca (0xfc179be3)
core   0: 0x800018a0 (0x0346ac33) mulhsu  s8, a3, s4
core   0: 3 0x800018a0 (0x0346ac33) x24 0x00000000
core   0: 0x800018a4 (0x00000785) c.addi  a5, 1
core   0: 3 0x800018a4 (0x0785) x15 0x00000013
core   0: 0x800018a6 (0xd63bc813) xori    a6, s7, -669
core   0: 3 0x800018a6 (0xd63bc813) x16 0xfffffd63
core   0: 0x800018aa (0x553e0a13) addi    s4, t3, 1363
core   0: 3 0x800018aa (0x553e0a13) x20 0x0000046f
core   0: 0x800018ae (0x543e8037) lui     zero, 0x543e8
core   0: 3 0x800018ae (0x543e8037)
core   0: 0x800018b2 (0x016ebdb3) sltu    s11, t4, s6
core   0: 3 0x800018b2 (0x016ebdb3) x27 0x00000000
core   0: 0x800018b6 (0x01aace33) xor     t3, s5, s10
core   0: 3 0x800018b6 (0x01aace33) x28 0xffffff1c
core   0: 0x800018ba (0x68a85637) lui     a2, 0x68a85
core   0: 3 0x800018ba (0x68a85637) x12 0x68a85000
core   0: 0x800018be (0xa44be713) ori     a4, s7, -1468
core   0: 3 0x800018be (0xa44be713) x14 0xfffffa44
core   0: 0x800018c2 (0x0000931a) c.add   t1, t1
core   0: 3 0x800018c2 (0x931a) x 6 0x00000000
core   0: 0x800018c4 (0x00008a06) c.mv    s4, ra
core   0: 3 0x800018c4 (0x8a06) x20 0x00000014
core   0: 0x800018c6 (0x00b25893) srli    a7, tp, 11
core   0: 3 0x800018c6 (0x00b25893) x17 0x00000000
core   0: 0x800018ca (0xfc179be3) bne     a5, ra, pc - 42
core   0: 3 0x800018ca (0xfc179be3)
core   0: 0x800018a0 (0x0346ac33) mulhsu  s8, a3, s4
core   0: 3 0x800018a0 (0x0346ac33) x24 0x00000000
core   0: 0x800018a4 (0x00000785) c.addi  a5, 1
core   0: 3 0x800018a4 (0x0785) x15 0x00000014
core   0: 0x800018a6 (0xd63bc813) xori    a6, s7, -669
core   0: 3 0x800018a6 (0xd63bc813) x16 0xfffffd63
core   0: 0x800018aa (0x553e0a13) addi    s4, t3, 1363
core   0: 3 0x800018aa (0x553e0a13) x20 0x0000046f
core   0: 0x800018ae (0x543e8037) lui     zero, 0x543e8
core   0: 3 0x800018ae (0x543e8037)
core   0: 0x800018b2 (0x016ebdb3) sltu    s11, t4, s6
core   0: 3 0x800018b2 (0x016ebdb3) x27 0x00000000
core   0: 0x800018b6 (0x01aace33) xor     t3, s5, s10
core   0: 3 0x800018b6 (0x01aace33) x28 0xffffff1c
core   0: 0x800018ba (0x68a85637) lui     a2, 0x68a85
core   0: 3 0x800018ba (0x68a85637) x12 0x68a85000
core   0: 0x800018be (0xa44be713) ori     a4, s7, -1468
core   0: 3 0x800018be (0xa44be713) x14 0xfffffa44
core   0: 0x800018c2 (0x0000931a) c.add   t1, t1
core   0: 3 0x800018c2 (0x931a) x 6 0x00000000
core   0: 0x800018c4 (0x00008a06) c.mv    s4, ra
core   0: 3 0x800018c4 (0x8a06) x20 0x00000014
core   0: 0x800018c6 (0x00b25893) srli    a7, tp, 11
core   0: 3 0x800018c6 (0x00b25893) x17 0x00000000
core   0: 0x800018ca (0xfc179be3) bne     a5, ra, pc - 42
core   0: 3 0x800018ca (0xfc179be3)
core   0: 0x800018ce (0x4055df33) sra     t5, a1, t0
core   0: 3 0x800018ce (0x4055df33) x30 0x000001ea
core   0: 0x800018d2 (0xff600413) li      s0, -10
core   0: 3 0x800018d2 (0xff600413) x 8 0xfffffff6
core   0: 0x800018d6 (0xffd00793) li      a5, -3
core   0: 3 0x800018d6 (0xffd00793) x15 0xfffffffd
core   0: 0x800018da (0x02a55bb3) divu    s7, a0, a0
core   0: 3 0x800018da (0x02a55bb3) x23 0x00000001
core   0: 0x800018de (0x0000717d) c.addi16sp sp, -16
core   0: 3 0x800018de (0x717d) x 2 0x7ffd930e
core   0: 0x800018e0 (0xaaab7d93) andi    s11, s6, -1366
core   0: 3 0x800018e0 (0xaaab7d93) x27 0x00000000
core   0: 0x800018e4 (0x07b6ea17) auipc   s4, 0x7b6e
core   0: 3 0x800018e4 (0x07b6ea17) x20 0x87b6f8e4
core   0: 0x800018e8 (0x00000405) c.addi  s0, 1
core   0: 3 0x800018e8 (0x0405) x 8 0xfffffff7
core   0: 0x800018ea (0x0045ed33) or      s10, a1, tp
core   0: 3 0x800018ea (0x0045ed33) x26 0x000007aa
core   0: 0x800018ee (0x00500593) li      a1, 5
core   0: 3 0x800018ee (0x00500593) x11 0x00000005
core   0: 0x800018f2 (0xa6b28a93) addi    s5, t0, -1429
core   0: 3 0x800018f2 (0xa6b28a93) x21 0xfffffa6d
core   0: 0x800018f6 (0xfec00313) li      t1, -20
core   0: 3 0x800018f6 (0xfec00313) x 6 0xffffffec
core   0: 0x800018fa (0x00008d79) c.and   a0, a4
core   0: 3 0x800018fa (0x8d79) x10 0xfffffa44
core   0: 0x800018fc (0x02ee4b33) div     s6, t3, a4
core   0: 3 0x800018fc (0x02ee4b33) x22 0x00000000
core   0: 0x80001900 (0x02ae6c33) rem     s8, t3, a0
core   0: 3 0x80001900 (0x02ae6c33) x24 0xffffff1c
core   0: 0x80001904 (0x00008cc9) c.or    s1, a0
core   0: 3 0x80001904 (0x8cc9) x 9 0xfffffa44
core   0: 0x80001906 (0x000015d9) c.addi  a1, -10
core   0: 3 0x80001906 (0x15d9) x11 0xfffffffb
core   0: 0x80001908 (0x0000100f) fence.i
core   0: 3 0x80001908 (0x0000100f)
core   0: 0x8000190c (0xfe65dae3) bge     a1, t1, pc - 12
core   0: 3 0x8000190c (0xfe65dae3)
core   0: 0x80001900 (0x02ae6c33) rem     s8, t3, a0
core   0: 3 0x80001900 (0x02ae6c33) x24 0xffffff1c
core   0: 0x80001904 (0x00008cc9) c.or    s1, a0
core   0: 3 0x80001904 (0x8cc9) x 9 0xfffffa44
core   0: 0x80001906 (0x000015d9) c.addi  a1, -10
core   0: 3 0x80001906 (0x15d9) x11 0xfffffff1
core   0: 0x80001908 (0x0000100f) fence.i
core   0: 3 0x80001908 (0x0000100f)
core   0: 0x8000190c (0xfe65dae3) bge     a1, t1, pc - 12
core   0: 3 0x8000190c (0xfe65dae3)
core   0: 0x80001900 (0x02ae6c33) rem     s8, t3, a0
core   0: 3 0x80001900 (0x02ae6c33) x24 0xffffff1c
core   0: 0x80001904 (0x00008cc9) c.or    s1, a0
core   0: 3 0x80001904 (0x8cc9) x 9 0xfffffa44
core   0: 0x80001906 (0x000015d9) c.addi  a1, -10
core   0: 3 0x80001906 (0x15d9) x11 0xffffffe7
core   0: 0x80001908 (0x0000100f) fence.i
core   0: 3 0x80001908 (0x0000100f)
core   0: 0x8000190c (0xfe65dae3) bge     a1, t1, pc - 12
core   0: 3 0x8000190c (0xfe65dae3)
core   0: 0x80001910 (0x00008f11) c.sub   a4, a2
core   0: 3 0x80001910 (0x8f11) x14 0x9757aa44
core   0: 0x80001912 (0x407bdb13) srai    s6, s7, 7
core   0: 3 0x80001912 (0x407bdb13) x22 0x00000000
core   0: 0x80001916 (0xfcf405e3) beq     s0, a5, pc - 54
core   0: 3 0x80001916 (0xfcf405e3)
core   0: 0x8000191a (0x03151933) mulh    s2, a0, a7
core   0: 3 0x8000191a (0x03151933) x18 0x00000000
core   0: 0x8000191e (0xff900693) li      a3, -7
core   0: 3 0x8000191e (0xff900693) x13 0xfffffff9
core   0: 0x80001922 (0x0148db13) srli    s6, a7, 20
core   0: 3 0x80001922 (0x0148db13) x22 0x00000000
core   0: 0x80001926 (0x0ff0000f) fence   iorw,iorw
core   0: 3 0x80001926 (0x0ff0000f)
core   0: 0x8000192a (0x000045b9) c.li    a1, 14
core   0: 3 0x8000192a (0x45b9) x11 0x0000000e
core   0: 0x8000192c (0x00000001) c.nop
core   0: 3 0x8000192c (0x0001)
core   0: 0x8000192e (0x012d3133) sltu    sp, s10, s2
core   0: 3 0x8000192e (0x012d3133) x 2 0x00000000
core   0: 0x80001932 (0x00008e21) c.xor   a2, s0
core   0: 3 0x80001932 (0x8e21) x12 0x9757aff7
core   0: 0x80001934 (0x02c25d33) divu    s10, tp, a2
core   0: 3 0x80001934 (0x02c25d33) x26 0x00000000
core   0: 0x80001938 (0x00000001) c.nop
core   0: 3 0x80001938 (0x0001)
core   0: 0x8000193a (0x00000001) c.nop
core   0: 3 0x8000193a (0x0001)
core   0: 0x8000193c (0x00008f9a) c.mv    t6, t1
core   0: 3 0x8000193c (0x8f9a) x31 0xffffffec
core   0: 0x8000193e (0x01788db3) add     s11, a7, s7
core   0: 3 0x8000193e (0x01788db3) x27 0x00000001
core   0: 0x80001942 (0x0000997d) c.andi  a0, -1
core   0: 3 0x80001942 (0x997d) x10 0xfffffa44
core   0: 0x80001944 (0x00000001) c.nop
core   0: 3 0x80001944 (0x0001)
core   0: 0x80001946 (0x0000069d) c.addi  a3, 7
core   0: 3 0x80001946 (0x069d) x13 0x00000000
core   0: 0x80001948 (0x0ff0000f) fence   iorw,iorw
core   0: 3 0x80001948 (0x0ff0000f)
core   0: 0x8000194c (0xf79b7437) lui     s0, 0xf79b7
core   0: 3 0x8000194c (0xf79b7437) x 8 0xf79b7000
core   0: 0x80001950 (0x94f40e13) addi    t3, s0, -1713
core   0: 3 0x80001950 (0x94f40e13) x28 0xf79b694f
core   0: 0x80001954 (0x01fa9d33) sll     s10, s5, t6
core   0: 3 0x80001954 (0x01fa9d33) x26 0xffa6d000
core   0: 0x80001958 (0x0000d2ed) c.beqz  a3, pc - 30
core   0: 3 0x80001958 (0xd2ed)
core   0: 0x8000193a (0x00000001) c.nop
core   0: 3 0x8000193a (0x0001)
core   0: 0x8000193c (0x00008f9a) c.mv    t6, t1
core   0: 3 0x8000193c (0x8f9a) x31 0xffffffec
core   0: 0x8000193e (0x01788db3) add     s11, a7, s7
core   0: 3 0x8000193e (0x01788db3) x27 0x00000001
core   0: 0x80001942 (0x0000997d) c.andi  a0, -1
core   0: 3 0x80001942 (0x997d) x10 0xfffffa44
core   0: 0x80001944 (0x00000001) c.nop
core   0: 3 0x80001944 (0x0001)
core   0: 0x80001946 (0x0000069d) c.addi  a3, 7
core   0: 3 0x80001946 (0x069d) x13 0x00000007
core   0: 0x80001948 (0x0ff0000f) fence   iorw,iorw
core   0: 3 0x80001948 (0x0ff0000f)
core   0: 0x8000194c (0xf79b7437) lui     s0, 0xf79b7
core   0: 3 0x8000194c (0xf79b7437) x 8 0xf79b7000
core   0: 0x80001950 (0x94f40e13) addi    t3, s0, -1713
core   0: 3 0x80001950 (0x94f40e13) x28 0xf79b694f
core   0: 0x80001954 (0x01fa9d33) sll     s10, s5, t6
core   0: 3 0x80001954 (0x01fa9d33) x26 0xffa6d000
core   0: 0x80001958 (0x0000d2ed) c.beqz  a3, pc - 30
core   0: 3 0x80001958 (0xd2ed)
core   0: 0x8000195a (0x0000fcb3) and     s9, ra, zero
core   0: 3 0x8000195a (0x0000fcb3) x25 0x00000000
core   0: 0x8000195e (0x00900b13) li      s6, 9
core   0: 3 0x8000195e (0x00900b13) x22 0x00000009
core   0: 0x80001962 (0x00700213) li      tp, 7
core   0: 3 0x80001962 (0x00700213) x 4 0x00000007
core   0: 0x80001966 (0x8a3ce097) auipc   ra, 0x8a3ce
core   0: 3 0x80001966 (0x8a3ce097) x 1 0x0a3cf966
core   0: 0x8000196a (0x00001b79) c.addi  s6, -2
core   0: 3 0x8000196a (0x1b79) x22 0x00000007
core   0: 0x8000196c (0xfe4b7de3) bgeu    s6, tp, pc - 6
core   0: 3 0x8000196c (0xfe4b7de3)
core   0: 0x80001966 (0x8a3ce097) auipc   ra, 0x8a3ce
core   0: 3 0x80001966 (0x8a3ce097) x 1 0x0a3cf966
core   0: 0x8000196a (0x00001b79) c.addi  s6, -2
core   0: 3 0x8000196a (0x1b79) x22 0x00000005
core   0: 0x8000196c (0xfe4b7de3) bgeu    s6, tp, pc - 6
core   0: 3 0x8000196c (0xfe4b7de3)
core   0: 0x80001970 (0x003061b3) or      gp, zero, gp
core   0: 3 0x80001970 (0x003061b3) x 3 0x0001b000
core   0: 0x80001974 (0x00300493) li      s1, 3
core   0: 3 0x80001974 (0x00300493) x 9 0x00000003
core   0: 0x80001978 (0xb3994b13) xori    s6, s2, -1223
core   0: 3 0x80001978 (0xb3994b13) x22 0xfffffb39
core   0: 0x8000197c (0x0ff0000f) fence   iorw,iorw
core   0: 3 0x8000197c (0x0ff0000f)
core   0: 0x80001980 (0x00008fcd) c.or    a5, a1
core   0: 3 0x80001980 (0x8fcd) x15 0xffffffff
core   0: 0x80001982 (0x0323f133) remu    sp, t2, s2
core   0: 3 0x80001982 (0x0323f133) x 2 0x80026ce4
core   0: 0x80001986 (0x02315db3) divu    s11, sp, gp
core   0: 3 0x80001986 (0x02315db3) x27 0x00004bdb
core   0: 0x8000198a (0x00009942) c.add   s2, a6
core   0: 3 0x8000198a (0x9942) x18 0xfffffd63
core   0: 0x8000198c (0x028407b3) mul     a5, s0, s0
core   0: 3 0x8000198c (0x028407b3) x15 0xd1000000
core   0: 0x80001990 (0x00637933) and     s2, t1, t1
core   0: 3 0x80001990 (0x00637933) x18 0xffffffec
core   0: 0x80001994 (0x00000288) c.addi4spn a0, sp, 320
core   0: 3 0x80001994 (0x0288) x10 0x80026e24
core   0: 0x80001996 (0x00000001) c.nop
core   0: 3 0x80001996 (0x0001)
core   0: 0x80001998 (0x03531c33) mulh    s8, t1, s5
core   0: 3 0x80001998 (0x03531c33) x24 0x00000000
core   0: 0x8000199c (0x01cd41b3) xor     gp, s10, t3
core   0: 3 0x8000199c (0x01cd41b3) x 3 0x083db94f
core   0: 0x800019a0 (0x000776b3) and     a3, a4, zero
core   0: 3 0x800019a0 (0x000776b3) x13 0x00000000
core   0: 0x800019a4 (0x02d79e33) mulh    t3, a5, a3
core   0: 3 0x800019a4 (0x02d79e33) x28 0x00000000
core   0: 0x800019a8 (0x000081f9) c.srli  a1, 30
core   0: 3 0x800019a8 (0x81f9) x11 0x00000000
core   0: 0x800019aa (0x00600613) li      a2, 6
core   0: 3 0x800019aa (0x00600613) x12 0x00000006
core   0: 0x800019ae (0x9e894213) xori    tp, s2, -1560
core   0: 3 0x800019ae (0x9e894213) x 4 0x00000604
core   0: 0x800019b2 (0x03cd8533) mul     a0, s11, t3
core   0: 3 0x800019b2 (0x03cd8533) x10 0x00000000
core   0: 0x800019b6 (0x00008eed) c.and   a3, a1
core   0: 3 0x800019b6 (0x8eed) x13 0x00000000
core   0: 0x800019b8 (0x00680d33) add     s10, a6, t1
core   0: 3 0x800019b8 (0x00680d33) x26 0xfffffd4f
core   0: 0x800019bc (0x000004a9) c.addi  s1, 10
core   0: 3 0x800019bc (0x04a9) x 9 0x0000000d
core   0: 0x800019be (0xb856ac93) slti    s9, a3, -1147
core   0: 3 0x800019be (0xb856ac93) x25 0x00000000
core   0: 0x800019c2 (0x00c12033) slt     zero, sp, a2
core   0: 3 0x800019c2 (0x00c12033)
core   0: 0x800019c6 (0xfec4c9e3) blt     s1, a2, pc - 14
core   0: 3 0x800019c6 (0xfec4c9e3)
core   0: 0x800019ca (0x00a25193) srli    gp, tp, 10
core   0: 3 0x800019ca (0x00a25193) x 3 0x00000001
core   0: 0x800019ce (0x00300493) li      s1, 3
core   0: 3 0x800019ce (0x00300493) x 9 0x00000003
core   0: 0x800019d2 (0x00000aad) c.addi  s5, 11
core   0: 3 0x800019d2 (0x0aad) x21 0xfffffa78
core   0: 0x800019d4 (0x0000587d) c.li    a6, -1
core   0: 3 0x800019d4 (0x587d) x16 0xffffffff
core   0: 0x800019d6 (0x00008fe9) c.and   a5, a0
core   0: 3 0x800019d6 (0x8fe9) x15 0x00000000
core   0: 0x800019d8 (0x00300713) li      a4, 3
core   0: 3 0x800019d8 (0x00300713) x14 0x00000003
core   0: 0x800019dc (0x00008e75) c.and   a2, a3
core   0: 3 0x800019dc (0x8e75) x12 0x00000000
core   0: 0x800019de (0x00000a72) c.slli  s4, 28
core   0: 3 0x800019de (0x0a72) x20 0x40000000
core   0: 0x800019e0 (0x00008d65) c.and   a0, s1
core   0: 3 0x800019e0 (0x8d65) x10 0x00000000
core   0: 0x800019e2 (0x012c7fb3) and     t6, s8, s2
core   0: 3 0x800019e2 (0x012c7fb3) x31 0x00000000
core   0: 0x800019e6 (0x00000001) c.nop
core   0: 3 0x800019e6 (0x0001)
core   0: 0x800019e8 (0x00008c05) c.sub   s0, s1
core   0: 3 0x800019e8 (0x8c05) x 8 0xf79b6ffd
core   0: 0x800019ea (0x03837e13) andi    t3, t1, 56
core   0: 3 0x800019ea (0x03837e13) x28 0x00000028
core   0: 0x800019ee (0x000014e5) c.addi  s1, -7
core   0: 3 0x800019ee (0x14e5) x 9 0xfffffffc
core   0: 0x800019f0 (0x000008e2) c.slli  a7, 24
core   0: 3 0x800019f0 (0x08e2) x17 0x00000000
core   0: 0x800019f2 (0x51827337) lui     t1, 0x51827
core   0: 3 0x800019f2 (0x51827337) x 6 0x51827000
core   0: 0x800019f6 (0x03a2e7b3) rem     a5, t0, s10
core   0: 3 0x800019f6 (0x03a2e7b3) x15 0x00000002
core   0: 0x800019fa (0x01742a33) slt     s4, s0, s7
core   0: 3 0x800019fa (0x01742a33) x20 0x00000001
core   0: 0x800019fe (0x00000515) c.addi  a0, 5
core   0: 3 0x800019fe (0x0515) x10 0x00000005
core   0: 0x80001a00 (0x00000001) c.nop
core   0: 3 0x80001a00 (0x0001)
core   0: 0x80001a02 (0x00000b49) c.addi  s6, 18
core   0: 3 0x80001a02 (0x0b49) x22 0xfffffb4b
core   0: 0x80001a04 (0xcf121597) auipc   a1, 0xcf121
core   0: 3 0x80001a04 (0xcf121597) x11 0x4f122a04
core   0: 0x80001a08 (0x033775b3) remu    a1, a4, s3
core   0: 3 0x80001a08 (0x033775b3) x11 0x00000003
core   0: 0x80001a0c (0x00bfa333) slt     t1, t6, a1
core   0: 3 0x80001a0c (0x00bfa333) x 6 0x00000001
core   0: 0x80001a10 (0xfce4dbe3) bge     s1, a4, pc - 42
core   0: 3 0x80001a10 (0xfce4dbe3)
core   0: 0x80001a14 (0x00008af6) c.mv    s5, t4
core   0: 3 0x80001a14 (0x8af6) x21 0x000007aa
core   0: 0x80001a16 (0x00400693) li      a3, 4
core   0: 3 0x80001a16 (0x00400693) x13 0x00000004
core   0: 0x80001a1a (0x00900313) li      t1, 9
core   0: 3 0x80001a1a (0x00900313) x 6 0x00000009
core   0: 0x80001a1e (0x00000001) c.nop
core   0: 3 0x80001a1e (0x0001)
core   0: 0x80001a20 (0x00000685) c.addi  a3, 1
core   0: 3 0x80001a20 (0x0685) x13 0x00000005
core   0: 0x80001a22 (0x007f5eb3) srl     t4, t5, t2
core   0: 3 0x80001a22 (0x007f5eb3) x29 0x0000001e
core   0: 0x80001a26 (0xffb00413) li      s0, -5
core   0: 3 0x80001a26 (0xffb00413) x 8 0xfffffffb
core   0: 0x80001a2a (0x02e51a33) mulh    s4, a0, a4
core   0: 3 0x80001a2a (0x02e51a33) x20 0x00000000
core   0: 0x80001a2e (0x00000001) c.nop
core   0: 3 0x80001a2e (0x0001)
core   0: 0x80001a30 (0x00008bc6) c.mv    s7, a7
core   0: 3 0x80001a30 (0x8bc6) x23 0x00000000
core   0: 0x80001a32 (0xf7388193) addi    gp, a7, -141
core   0: 3 0x80001a32 (0xf7388193) x 3 0xffffff73
core   0: 0x80001a36 (0x00008375) c.srli  a4, 29
core   0: 3 0x80001a36 (0x8375) x14 0x00000000
core   0: 0x80001a38 (0x00000405) c.addi  s0, 1
core   0: 3 0x80001a38 (0x0405) x 8 0xfffffffc
core   0: 0x80001a3a (0x00008cd5) c.or    s1, a3
core   0: 3 0x80001a3a (0x8cd5) x 9 0xfffffffd
core   0: 0x80001a3c (0x0000f87d) c.bnez  s0, pc - 10
core   0: 3 0x80001a3c (0xf87d)
core   0: 0x80001a32 (0xf7388193) addi    gp, a7, -141
core   0: 3 0x80001a32 (0xf7388193) x 3 0xffffff73
core   0: 0x80001a36 (0x00008375) c.srli  a4, 29
core   0: 3 0x80001a36 (0x8375) x14 0x00000000
core   0: 0x80001a38 (0x00000405) c.addi  s0, 1
core   0: 3 0x80001a38 (0x0405) x 8 0xfffffffd
core   0: 0x80001a3a (0x00008cd5) c.or    s1, a3
core   0: 3 0x80001a3a (0x8cd5) x 9 0xfffffffd
core   0: 0x80001a3c (0x0000f87d) c.bnez  s0, pc - 10
core   0: 3 0x80001a3c (0xf87d)
core   0: 0x80001a32 (0xf7388193) addi    gp, a7, -141
core   0: 3 0x80001a32 (0xf7388193) x 3 0xffffff73
core   0: 0x80001a36 (0x00008375) c.srli  a4, 29
core   0: 3 0x80001a36 (0x8375) x14 0x00000000
core   0: 0x80001a38 (0x00000405) c.addi  s0, 1
core   0: 3 0x80001a38 (0x0405) x 8 0xfffffffe
core   0: 0x80001a3a (0x00008cd5) c.or    s1, a3
core   0: 3 0x80001a3a (0x8cd5) x 9 0xfffffffd
core   0: 0x80001a3c (0x0000f87d) c.bnez  s0, pc - 10
core   0: 3 0x80001a3c (0xf87d)
core   0: 0x80001a32 (0xf7388193) addi    gp, a7, -141
core   0: 3 0x80001a32 (0xf7388193) x 3 0xffffff73
core   0: 0x80001a36 (0x00008375) c.srli  a4, 29
core   0: 3 0x80001a36 (0x8375) x14 0x00000000
core   0: 0x80001a38 (0x00000405) c.addi  s0, 1
core   0: 3 0x80001a38 (0x0405) x 8 0xffffffff
core   0: 0x80001a3a (0x00008cd5) c.or    s1, a3
core   0: 3 0x80001a3a (0x8cd5) x 9 0xfffffffd
core   0: 0x80001a3c (0x0000f87d) c.bnez  s0, pc - 10
core   0: 3 0x80001a3c (0xf87d)
core   0: 0x80001a32 (0xf7388193) addi    gp, a7, -141
core   0: 3 0x80001a32 (0xf7388193) x 3 0xffffff73
core   0: 0x80001a36 (0x00008375) c.srli  a4, 29
core   0: 3 0x80001a36 (0x8375) x14 0x00000000
core   0: 0x80001a38 (0x00000405) c.addi  s0, 1
core   0: 3 0x80001a38 (0x0405) x 8 0x00000000
core   0: 0x80001a3a (0x00008cd5) c.or    s1, a3
core   0: 3 0x80001a3a (0x8cd5) x 9 0xfffffffd
core   0: 0x80001a3c (0x0000f87d) c.bnez  s0, pc - 10
core   0: 3 0x80001a3c (0xf87d)
core   0: 0x80001a3e (0xfe66c0e3) blt     a3, t1, pc - 32
core   0: 3 0x80001a3e (0xfe66c0e3)
core   0: 0x80001a1e (0x00000001) c.nop
core   0: 3 0x80001a1e (0x0001)
core   0: 0x80001a20 (0x00000685) c.addi  a3, 1
core   0: 3 0x80001a20 (0x0685) x13 0x00000006
core   0: 0x80001a22 (0x007f5eb3) srl     t4, t5, t2
core   0: 3 0x80001a22 (0x007f5eb3) x29 0x0000001e
core   0: 0x80001a26 (0xffb00413) li      s0, -5
core   0: 3 0x80001a26 (0xffb00413) x 8 0xfffffffb
core   0: 0x80001a2a (0x02e51a33) mulh    s4, a0, a4
core   0: 3 0x80001a2a (0x02e51a33) x20 0x00000000
core   0: 0x80001a2e (0x00000001) c.nop
core   0: 3 0x80001a2e (0x0001)
core   0: 0x80001a30 (0x00008bc6) c.mv    s7, a7
core   0: 3 0x80001a30 (0x8bc6) x23 0x00000000
core   0: 0x80001a32 (0xf7388193) addi    gp, a7, -141
core   0: 3 0x80001a32 (0xf7388193) x 3 0xffffff73
core   0: 0x80001a36 (0x00008375) c.srli  a4, 29
core   0: 3 0x80001a36 (0x8375) x14 0x00000000
core   0: 0x80001a38 (0x00000405) c.addi  s0, 1
core   0: 3 0x80001a38 (0x0405) x 8 0xfffffffc
core   0: 0x80001a3a (0x00008cd5) c.or    s1, a3
core   0: 3 0x80001a3a (0x8cd5) x 9 0xffffffff
core   0: 0x80001a3c (0x0000f87d) c.bnez  s0, pc - 10
core   0: 3 0x80001a3c (0xf87d)
core   0: 0x80001a32 (0xf7388193) addi    gp, a7, -141
core   0: 3 0x80001a32 (0xf7388193) x 3 0xffffff73
core   0: 0x80001a36 (0x00008375) c.srli  a4, 29
core   0: 3 0x80001a36 (0x8375) x14 0x00000000
core   0: 0x80001a38 (0x00000405) c.addi  s0, 1
core   0: 3 0x80001a38 (0x0405) x 8 0xfffffffd
core   0: 0x80001a3a (0x00008cd5) c.or    s1, a3
core   0: 3 0x80001a3a (0x8cd5) x 9 0xffffffff
core   0: 0x80001a3c (0x0000f87d) c.bnez  s0, pc - 10
core   0: 3 0x80001a3c (0xf87d)
core   0: 0x80001a32 (0xf7388193) addi    gp, a7, -141
core   0: 3 0x80001a32 (0xf7388193) x 3 0xffffff73
core   0: 0x80001a36 (0x00008375) c.srli  a4, 29
core   0: 3 0x80001a36 (0x8375) x14 0x00000000
core   0: 0x80001a38 (0x00000405) c.addi  s0, 1
core   0: 3 0x80001a38 (0x0405) x 8 0xfffffffe
core   0: 0x80001a3a (0x00008cd5) c.or    s1, a3
core   0: 3 0x80001a3a (0x8cd5) x 9 0xffffffff
core   0: 0x80001a3c (0x0000f87d) c.bnez  s0, pc - 10
core   0: 3 0x80001a3c (0xf87d)
core   0: 0x80001a32 (0xf7388193) addi    gp, a7, -141
core   0: 3 0x80001a32 (0xf7388193) x 3 0xffffff73
core   0: 0x80001a36 (0x00008375) c.srli  a4, 29
core   0: 3 0x80001a36 (0x8375) x14 0x00000000
core   0: 0x80001a38 (0x00000405) c.addi  s0, 1
core   0: 3 0x80001a38 (0x0405) x 8 0xffffffff
core   0: 0x80001a3a (0x00008cd5) c.or    s1, a3
core   0: 3 0x80001a3a (0x8cd5) x 9 0xffffffff
core   0: 0x80001a3c (0x0000f87d) c.bnez  s0, pc - 10
core   0: 3 0x80001a3c (0xf87d)
core   0: 0x80001a32 (0xf7388193) addi    gp, a7, -141
core   0: 3 0x80001a32 (0xf7388193) x 3 0xffffff73
core   0: 0x80001a36 (0x00008375) c.srli  a4, 29
core   0: 3 0x80001a36 (0x8375) x14 0x00000000
core   0: 0x80001a38 (0x00000405) c.addi  s0, 1
core   0: 3 0x80001a38 (0x0405) x 8 0x00000000
core   0: 0x80001a3a (0x00008cd5) c.or    s1, a3
core   0: 3 0x80001a3a (0x8cd5) x 9 0xffffffff
core   0: 0x80001a3c (0x0000f87d) c.bnez  s0, pc - 10
core   0: 3 0x80001a3c (0xf87d)
core   0: 0x80001a3e (0xfe66c0e3) blt     a3, t1, pc - 32
core   0: 3 0x80001a3e (0xfe66c0e3)
core   0: 0x80001a1e (0x00000001) c.nop
core   0: 3 0x80001a1e (0x0001)
core   0: 0x80001a20 (0x00000685) c.addi  a3, 1
core   0: 3 0x80001a20 (0x0685) x13 0x00000007
core   0: 0x80001a22 (0x007f5eb3) srl     t4, t5, t2
core   0: 3 0x80001a22 (0x007f5eb3) x29 0x0000001e
core   0: 0x80001a26 (0xffb00413) li      s0, -5
core   0: 3 0x80001a26 (0xffb00413) x 8 0xfffffffb
core   0: 0x80001a2a (0x02e51a33) mulh    s4, a0, a4
core   0: 3 0x80001a2a (0x02e51a33) x20 0x00000000
core   0: 0x80001a2e (0x00000001) c.nop
core   0: 3 0x80001a2e (0x0001)
core   0: 0x80001a30 (0x00008bc6) c.mv    s7, a7
core   0: 3 0x80001a30 (0x8bc6) x23 0x00000000
core   0: 0x80001a32 (0xf7388193) addi    gp, a7, -141
core   0: 3 0x80001a32 (0xf7388193) x 3 0xffffff73
core   0: 0x80001a36 (0x00008375) c.srli  a4, 29
core   0: 3 0x80001a36 (0x8375) x14 0x00000000
core   0: 0x80001a38 (0x00000405) c.addi  s0, 1
core   0: 3 0x80001a38 (0x0405) x 8 0xfffffffc
core   0: 0x80001a3a (0x00008cd5) c.or    s1, a3
core   0: 3 0x80001a3a (0x8cd5) x 9 0xffffffff
core   0: 0x80001a3c (0x0000f87d) c.bnez  s0, pc - 10
core   0: 3 0x80001a3c (0xf87d)
core   0: 0x80001a32 (0xf7388193) addi    gp, a7, -141
core   0: 3 0x80001a32 (0xf7388193) x 3 0xffffff73
core   0: 0x80001a36 (0x00008375) c.srli  a4, 29
core   0: 3 0x80001a36 (0x8375) x14 0x00000000
core   0: 0x80001a38 (0x00000405) c.addi  s0, 1
core   0: 3 0x80001a38 (0x0405) x 8 0xfffffffd
core   0: 0x80001a3a (0x00008cd5) c.or    s1, a3
core   0: 3 0x80001a3a (0x8cd5) x 9 0xffffffff
core   0: 0x80001a3c (0x0000f87d) c.bnez  s0, pc - 10
core   0: 3 0x80001a3c (0xf87d)
core   0: 0x80001a32 (0xf7388193) addi    gp, a7, -141
core   0: 3 0x80001a32 (0xf7388193) x 3 0xffffff73
core   0: 0x80001a36 (0x00008375) c.srli  a4, 29
core   0: 3 0x80001a36 (0x8375) x14 0x00000000
core   0: 0x80001a38 (0x00000405) c.addi  s0, 1
core   0: 3 0x80001a38 (0x0405) x 8 0xfffffffe
core   0: 0x80001a3a (0x00008cd5) c.or    s1, a3
core   0: 3 0x80001a3a (0x8cd5) x 9 0xffffffff
core   0: 0x80001a3c (0x0000f87d) c.bnez  s0, pc - 10
core   0: 3 0x80001a3c (0xf87d)
core   0: 0x80001a32 (0xf7388193) addi    gp, a7, -141
core   0: 3 0x80001a32 (0xf7388193) x 3 0xffffff73
core   0: 0x80001a36 (0x00008375) c.srli  a4, 29
core   0: 3 0x80001a36 (0x8375) x14 0x00000000
core   0: 0x80001a38 (0x00000405) c.addi  s0, 1
core   0: 3 0x80001a38 (0x0405) x 8 0xffffffff
core   0: 0x80001a3a (0x00008cd5) c.or    s1, a3
core   0: 3 0x80001a3a (0x8cd5) x 9 0xffffffff
core   0: 0x80001a3c (0x0000f87d) c.bnez  s0, pc - 10
core   0: 3 0x80001a3c (0xf87d)
core   0: 0x80001a32 (0xf7388193) addi    gp, a7, -141
core   0: 3 0x80001a32 (0xf7388193) x 3 0xffffff73
core   0: 0x80001a36 (0x00008375) c.srli  a4, 29
core   0: 3 0x80001a36 (0x8375) x14 0x00000000
core   0: 0x80001a38 (0x00000405) c.addi  s0, 1
core   0: 3 0x80001a38 (0x0405) x 8 0x00000000
core   0: 0x80001a3a (0x00008cd5) c.or    s1, a3
core   0: 3 0x80001a3a (0x8cd5) x 9 0xffffffff
core   0: 0x80001a3c (0x0000f87d) c.bnez  s0, pc - 10
core   0: 3 0x80001a3c (0xf87d)
core   0: 0x80001a3e (0xfe66c0e3) blt     a3, t1, pc - 32
core   0: 3 0x80001a3e (0xfe66c0e3)
core   0: 0x80001a1e (0x00000001) c.nop
core   0: 3 0x80001a1e (0x0001)
core   0: 0x80001a20 (0x00000685) c.addi  a3, 1
core   0: 3 0x80001a20 (0x0685) x13 0x00000008
core   0: 0x80001a22 (0x007f5eb3) srl     t4, t5, t2
core   0: 3 0x80001a22 (0x007f5eb3) x29 0x0000001e
core   0: 0x80001a26 (0xffb00413) li      s0, -5
core   0: 3 0x80001a26 (0xffb00413) x 8 0xfffffffb
core   0: 0x80001a2a (0x02e51a33) mulh    s4, a0, a4
core   0: 3 0x80001a2a (0x02e51a33) x20 0x00000000
core   0: 0x80001a2e (0x00000001) c.nop
core   0: 3 0x80001a2e (0x0001)
core   0: 0x80001a30 (0x00008bc6) c.mv    s7, a7
core   0: 3 0x80001a30 (0x8bc6) x23 0x00000000
core   0: 0x80001a32 (0xf7388193) addi    gp, a7, -141
core   0: 3 0x80001a32 (0xf7388193) x 3 0xffffff73
core   0: 0x80001a36 (0x00008375) c.srli  a4, 29
core   0: 3 0x80001a36 (0x8375) x14 0x00000000
core   0: 0x80001a38 (0x00000405) c.addi  s0, 1
core   0: 3 0x80001a38 (0x0405) x 8 0xfffffffc
core   0: 0x80001a3a (0x00008cd5) c.or    s1, a3
core   0: 3 0x80001a3a (0x8cd5) x 9 0xffffffff
core   0: 0x80001a3c (0x0000f87d) c.bnez  s0, pc - 10
core   0: 3 0x80001a3c (0xf87d)
core   0: 0x80001a32 (0xf7388193) addi    gp, a7, -141
core   0: 3 0x80001a32 (0xf7388193) x 3 0xffffff73
core   0: 0x80001a36 (0x00008375) c.srli  a4, 29
core   0: 3 0x80001a36 (0x8375) x14 0x00000000
core   0: 0x80001a38 (0x00000405) c.addi  s0, 1
core   0: 3 0x80001a38 (0x0405) x 8 0xfffffffd
core   0: 0x80001a3a (0x00008cd5) c.or    s1, a3
core   0: 3 0x80001a3a (0x8cd5) x 9 0xffffffff
core   0: 0x80001a3c (0x0000f87d) c.bnez  s0, pc - 10
core   0: 3 0x80001a3c (0xf87d)
core   0: 0x80001a32 (0xf7388193) addi    gp, a7, -141
core   0: 3 0x80001a32 (0xf7388193) x 3 0xffffff73
core   0: 0x80001a36 (0x00008375) c.srli  a4, 29
core   0: 3 0x80001a36 (0x8375) x14 0x00000000
core   0: 0x80001a38 (0x00000405) c.addi  s0, 1
core   0: 3 0x80001a38 (0x0405) x 8 0xfffffffe
core   0: 0x80001a3a (0x00008cd5) c.or    s1, a3
core   0: 3 0x80001a3a (0x8cd5) x 9 0xffffffff
core   0: 0x80001a3c (0x0000f87d) c.bnez  s0, pc - 10
core   0: 3 0x80001a3c (0xf87d)
core   0: 0x80001a32 (0xf7388193) addi    gp, a7, -141
core   0: 3 0x80001a32 (0xf7388193) x 3 0xffffff73
core   0: 0x80001a36 (0x00008375) c.srli  a4, 29
core   0: 3 0x80001a36 (0x8375) x14 0x00000000
core   0: 0x80001a38 (0x00000405) c.addi  s0, 1
core   0: 3 0x80001a38 (0x0405) x 8 0xffffffff
core   0: 0x80001a3a (0x00008cd5) c.or    s1, a3
core   0: 3 0x80001a3a (0x8cd5) x 9 0xffffffff
core   0: 0x80001a3c (0x0000f87d) c.bnez  s0, pc - 10
core   0: 3 0x80001a3c (0xf87d)
core   0: 0x80001a32 (0xf7388193) addi    gp, a7, -141
core   0: 3 0x80001a32 (0xf7388193) x 3 0xffffff73
core   0: 0x80001a36 (0x00008375) c.srli  a4, 29
core   0: 3 0x80001a36 (0x8375) x14 0x00000000
core   0: 0x80001a38 (0x00000405) c.addi  s0, 1
core   0: 3 0x80001a38 (0x0405) x 8 0x00000000
core   0: 0x80001a3a (0x00008cd5) c.or    s1, a3
core   0: 3 0x80001a3a (0x8cd5) x 9 0xffffffff
core   0: 0x80001a3c (0x0000f87d) c.bnez  s0, pc - 10
core   0: 3 0x80001a3c (0xf87d)
core   0: 0x80001a3e (0xfe66c0e3) blt     a3, t1, pc - 32
core   0: 3 0x80001a3e (0xfe66c0e3)
core   0: 0x80001a1e (0x00000001) c.nop
core   0: 3 0x80001a1e (0x0001)
core   0: 0x80001a20 (0x00000685) c.addi  a3, 1
core   0: 3 0x80001a20 (0x0685) x13 0x00000009
core   0: 0x80001a22 (0x007f5eb3) srl     t4, t5, t2
core   0: 3 0x80001a22 (0x007f5eb3) x29 0x0000001e
core   0: 0x80001a26 (0xffb00413) li      s0, -5
core   0: 3 0x80001a26 (0xffb00413) x 8 0xfffffffb
core   0: 0x80001a2a (0x02e51a33) mulh    s4, a0, a4
core   0: 3 0x80001a2a (0x02e51a33) x20 0x00000000
core   0: 0x80001a2e (0x00000001) c.nop
core   0: 3 0x80001a2e (0x0001)
core   0: 0x80001a30 (0x00008bc6) c.mv    s7, a7
core   0: 3 0x80001a30 (0x8bc6) x23 0x00000000
core   0: 0x80001a32 (0xf7388193) addi    gp, a7, -141
core   0: 3 0x80001a32 (0xf7388193) x 3 0xffffff73
core   0: 0x80001a36 (0x00008375) c.srli  a4, 29
core   0: 3 0x80001a36 (0x8375) x14 0x00000000
core   0: 0x80001a38 (0x00000405) c.addi  s0, 1
core   0: 3 0x80001a38 (0x0405) x 8 0xfffffffc
core   0: 0x80001a3a (0x00008cd5) c.or    s1, a3
core   0: 3 0x80001a3a (0x8cd5) x 9 0xffffffff
core   0: 0x80001a3c (0x0000f87d) c.bnez  s0, pc - 10
core   0: 3 0x80001a3c (0xf87d)
core   0: 0x80001a32 (0xf7388193) addi    gp, a7, -141
core   0: 3 0x80001a32 (0xf7388193) x 3 0xffffff73
core   0: 0x80001a36 (0x00008375) c.srli  a4, 29
core   0: 3 0x80001a36 (0x8375) x14 0x00000000
core   0: 0x80001a38 (0x00000405) c.addi  s0, 1
core   0: 3 0x80001a38 (0x0405) x 8 0xfffffffd
core   0: 0x80001a3a (0x00008cd5) c.or    s1, a3
core   0: 3 0x80001a3a (0x8cd5) x 9 0xffffffff
core   0: 0x80001a3c (0x0000f87d) c.bnez  s0, pc - 10
core   0: 3 0x80001a3c (0xf87d)
core   0: 0x80001a32 (0xf7388193) addi    gp, a7, -141
core   0: 3 0x80001a32 (0xf7388193) x 3 0xffffff73
core   0: 0x80001a36 (0x00008375) c.srli  a4, 29
core   0: 3 0x80001a36 (0x8375) x14 0x00000000
core   0: 0x80001a38 (0x00000405) c.addi  s0, 1
core   0: 3 0x80001a38 (0x0405) x 8 0xfffffffe
core   0: 0x80001a3a (0x00008cd5) c.or    s1, a3
core   0: 3 0x80001a3a (0x8cd5) x 9 0xffffffff
core   0: 0x80001a3c (0x0000f87d) c.bnez  s0, pc - 10
core   0: 3 0x80001a3c (0xf87d)
core   0: 0x80001a32 (0xf7388193) addi    gp, a7, -141
core   0: 3 0x80001a32 (0xf7388193) x 3 0xffffff73
core   0: 0x80001a36 (0x00008375) c.srli  a4, 29
core   0: 3 0x80001a36 (0x8375) x14 0x00000000
core   0: 0x80001a38 (0x00000405) c.addi  s0, 1
core   0: 3 0x80001a38 (0x0405) x 8 0xffffffff
core   0: 0x80001a3a (0x00008cd5) c.or    s1, a3
core   0: 3 0x80001a3a (0x8cd5) x 9 0xffffffff
core   0: 0x80001a3c (0x0000f87d) c.bnez  s0, pc - 10
core   0: 3 0x80001a3c (0xf87d)
core   0: 0x80001a32 (0xf7388193) addi    gp, a7, -141
core   0: 3 0x80001a32 (0xf7388193) x 3 0xffffff73
core   0: 0x80001a36 (0x00008375) c.srli  a4, 29
core   0: 3 0x80001a36 (0x8375) x14 0x00000000
core   0: 0x80001a38 (0x00000405) c.addi  s0, 1
core   0: 3 0x80001a38 (0x0405) x 8 0x00000000
core   0: 0x80001a3a (0x00008cd5) c.or    s1, a3
core   0: 3 0x80001a3a (0x8cd5) x 9 0xffffffff
core   0: 0x80001a3c (0x0000f87d) c.bnez  s0, pc - 10
core   0: 3 0x80001a3c (0xf87d)
core   0: 0x80001a3e (0xfe66c0e3) blt     a3, t1, pc - 32
core   0: 3 0x80001a3e (0xfe66c0e3)
core   0: 0x80001a42 (0x000087a1) c.srai  a5, 8
core   0: 3 0x80001a42 (0x87a1) x15 0x00000000
core   0: 0x80001a44 (0xff800693) li      a3, -8
core   0: 3 0x80001a44 (0xff800693) x13 0xfffffff8
core   0: 0x80001a48 (0x4079d213) srai    tp, s3, 7
core   0: 3 0x80001a48 (0x4079d213) x 4 0xff00045c
core   0: 0x80001a4c (0xff600113) li      sp, -10
core   0: 3 0x80001a4c (0xff600113) x 2 0xfffffff6
core   0: 0x80001a50 (0x02470033) mul     zero, a4, tp
core   0: 3 0x80001a50 (0x02470033)
core   0: 0x80001a54 (0x02ee9a33) mulh    s4, t4, a4
core   0: 3 0x80001a54 (0x02ee9a33) x20 0x00000000
core   0: 0x80001a58 (0x00000001) c.nop
core   0: 3 0x80001a58 (0x0001)
core   0: 0x80001a5a (0x0000942a) c.add   s0, a0
core   0: 3 0x80001a5a (0x942a) x 8 0x00000005
core   0: 0x80001a5c (0x00006eb5) c.lui   t4, 0xd
core   0: 3 0x80001a5c (0x6eb5) x29 0x0000d000
core   0: 0x80001a5e (0xd2dce013) ori     zero, s9, -723
core   0: 3 0x80001a5e (0xd2dce013)
core   0: 0x80001a62 (0x000081be) c.mv    gp, a5
core   0: 3 0x80001a62 (0x81be) x 3 0x00000000
core   0: 0x80001a64 (0x000016f9) c.addi  a3, -2
core   0: 3 0x80001a64 (0x16f9) x13 0xfffffff6
core   0: 0x80001a66 (0x408e8cb3) sub     s9, t4, s0
core   0: 3 0x80001a66 (0x408e8cb3) x25 0x0000cffb
core   0: 0x80001a6a (0xfe2695e3) bne     a3, sp, pc - 22
core   0: 3 0x80001a6a (0xfe2695e3)
core   0: 0x80001a6e (0x022fffb3) remu    t6, t6, sp
core   0: 3 0x80001a6e (0x022fffb3) x31 0x00000000
core   0: 0x80001a72 (0xffd00b93) li      s7, -3
core   0: 3 0x80001a72 (0xffd00b93) x23 0xfffffffd
core   0: 0x80001a76 (0x00008e92) c.mv    t4, tp
core   0: 3 0x80001a76 (0x8e92) x29 0xff00045c
core   0: 0x80001a78 (0x867f01b7) lui     gp, 0x867f0
core   0: 3 0x80001a78 (0x867f01b7) x 3 0x867f0000
core   0: 0x80001a7c (0x00400a93) li      s5, 4
core   0: 3 0x80001a7c (0x00400a93) x21 0x00000004
core   0: 0x80001a80 (0x3bebe113) ori     sp, s7, 958
core   0: 3 0x80001a80 (0x3bebe113) x 2 0xffffffff
core   0: 0x80001a84 (0x01f79cb3) sll     s9, a5, t6
core   0: 3 0x80001a84 (0x01f79cb3) x25 0x00000000
core   0: 0x80001a88 (0x02305233) divu    tp, zero, gp
core   0: 3 0x80001a88 (0x02305233) x 4 0x00000000
core   0: 0x80001a8c (0x02bfcc33) div     s8, t6, a1
core   0: 3 0x80001a8c (0x02bfcc33) x24 0x00000000
core   0: 0x80001a90 (0x00000001) c.nop
core   0: 3 0x80001a90 (0x0001)
core   0: 0x80001a92 (0x00008eed) c.and   a3, a1
core   0: 3 0x80001a92 (0x8eed) x13 0x00000002
core   0: 0x80001a94 (0x00000001) c.nop
core   0: 3 0x80001a94 (0x0001)
core   0: 0x80001a96 (0x0ff0000f) fence   iorw,iorw
core   0: 3 0x80001a96 (0x0ff0000f)
core   0: 0x80001a9a (0x00000b85) c.addi  s7, 1
core   0: 3 0x80001a9a (0x0b85) x23 0xfffffffe
core   0: 0x80001a9c (0x01c59533) sll     a0, a1, t3
core   0: 3 0x80001a9c (0x01c59533) x10 0x00000300
core   0: 0x80001aa0 (0x023c25b3) mulhsu  a1, s8, gp
core   0: 3 0x80001aa0 (0x023c25b3) x11 0x00000000
core   0: 0x80001aa4 (0x00008fc1) c.or    a5, s0
core   0: 3 0x80001aa4 (0x8fc1) x15 0x00000005
core   0: 0x80001aa6 (0xf7e34613) xori    a2, t1, -130
core   0: 3 0x80001aa6 (0xf7e34613) x12 0xffffff77
core   0: 0x80001aaa (0x006c0933) add     s2, s8, t1
core   0: 3 0x80001aaa (0x006c0933) x18 0x00000009
core   0: 0x80001aae (0x27e00d13) li      s10, 638
core   0: 3 0x80001aae (0x27e00d13) x26 0x0000027e
core   0: 0x80001ab2 (0x006d60b3) or      ra, s10, t1
core   0: 3 0x80001ab2 (0x006d60b3) x 1 0x0000027f
core   0: 0x80001ab6 (0xfd5befe3) bltu    s7, s5, pc - 34
core   0: 3 0x80001ab6 (0xfd5befe3)
core   0: 0x80001aba (0xabf3a793) slti    a5, t2, -1345
core   0: 3 0x80001aba (0xabf3a793) x15 0x00000001
core   0: 0x80001abe (0x00000713) li      a4, 0
core   0: 3 0x80001abe (0x00000713) x14 0x00000000
core   0: 0x80001ac2 (0x00627db3) and     s11, tp, t1
core   0: 3 0x80001ac2 (0x00627db3) x27 0x00000000
core   0: 0x80001ac6 (0x02a5e433) rem     s0, a1, a0
core   0: 3 0x80001ac6 (0x02a5e433) x 8 0x00000000
core   0: 0x80001aca (0x00800e93) li      t4, 8
core   0: 3 0x80001aca (0x00800e93) x29 0x00000008
core   0: 0x80001ace (0x034e91b3) mulh    gp, t4, s4
core   0: 3 0x80001ace (0x034e91b3) x 3 0x00000000
core   0: 0x80001ad2 (0x00000001) c.nop
core   0: 3 0x80001ad2 (0x0001)
core   0: 0x80001ad4 (0x01fe9a33) sll     s4, t4, t6
core   0: 3 0x80001ad4 (0x01fe9a33) x20 0x00000008
core   0: 0x80001ad8 (0xb1149f37) lui     t5, 0xb1149
core   0: 3 0x80001ad8 (0xb1149f37) x30 0xb1149000
core   0: 0x80001adc (0x00006441) c.lui   s0, 0x10
core   0: 3 0x80001adc (0x6441) x 8 0x00010000
core   0: 0x80001ade (0x00008c89) c.sub   s1, a0
core   0: 3 0x80001ade (0x8c89) x 9 0xfffffcff
core   0: 0x80001ae0 (0x03bcbbb3) mulhu   s7, s9, s11
core   0: 3 0x80001ae0 (0x03bcbbb3) x23 0x00000000
core   0: 0x80001ae4 (0x02c9e533) rem     a0, s3, a2
core   0: 3 0x80001ae4 (0x02c9e533) x10 0xffffff9f
core   0: 0x80001ae8 (0x00a276b3) and     a3, tp, a0
core   0: 3 0x80001ae8 (0x00a276b3) x13 0x00000000
core   0: 0x80001aec (0xd0f79217) auipc   tp, 0xd0f79
core   0: 3 0x80001aec (0xd0f79217) x 4 0x50f7aaec
core   0: 0x80001af0 (0x0000557d) c.li    a0, -1
core   0: 3 0x80001af0 (0x557d) x10 0xffffffff
core   0: 0x80001af2 (0x00008821) c.andi  s0, 8
core   0: 3 0x80001af2 (0x8821) x 8 0x00000000
core   0: 0x80001af4 (0x0000890a) c.mv    s2, sp
core   0: 3 0x80001af4 (0x890a) x18 0xffffffff
core   0: 0x80001af6 (0x023f80b3) mul     ra, t6, gp
core   0: 3 0x80001af6 (0x023f80b3) x 1 0x00000000
core   0: 0x80001afa (0x00eb2f33) slt     t5, s6, a4
core   0: 3 0x80001afa (0x00eb2f33) x30 0x00000001
core   0: 0x80001afe (0x00000001) c.nop
core   0: 3 0x80001afe (0x0001)
core   0: 0x80001b00 (0x00000709) c.addi  a4, 2
core   0: 3 0x80001b00 (0x0709) x14 0x00000002
core   0: 0x80001b02 (0x00c9b933) sltu    s2, s3, a2
core   0: 3 0x80001b02 (0x00c9b933) x18 0x00000001
core   0: 0x80001b06 (0x00338d33) add     s10, t2, gp
core   0: 3 0x80001b06 (0x00338d33) x26 0x80026ce4
core   0: 0x80001b0a (0x417d5f93) srai    t6, s10, 23
core   0: 3 0x80001b0a (0x417d5f93) x31 0xffffff00
core   0: 0x80001b0e (0x00000001) c.nop
core   0: 3 0x80001b0e (0x0001)
core   0: 0x80001b10 (0x00008d0d) c.sub   a0, a1
core   0: 3 0x80001b10 (0x8d0d) x10 0xffffffff
core   0: 0x80001b12 (0x13a0b193) sltiu   gp, ra, 314
core   0: 3 0x80001b12 (0x13a0b193) x 3 0x00000001
core   0: 0x80001b16 (0xfdd74fe3) blt     a4, t4, pc - 34
core   0: 3 0x80001b16 (0xfdd74fe3)
core   0: 0x80001af4 (0x0000890a) c.mv    s2, sp
core   0: 3 0x80001af4 (0x890a) x18 0xffffffff
core   0: 0x80001af6 (0x023f80b3) mul     ra, t6, gp
core   0: 3 0x80001af6 (0x023f80b3) x 1 0xffffff00
core   0: 0x80001afa (0x00eb2f33) slt     t5, s6, a4
core   0: 3 0x80001afa (0x00eb2f33) x30 0x00000001
core   0: 0x80001afe (0x00000001) c.nop
core   0: 3 0x80001afe (0x0001)
core   0: 0x80001b00 (0x00000709) c.addi  a4, 2
core   0: 3 0x80001b00 (0x0709) x14 0x00000004
core   0: 0x80001b02 (0x00c9b933) sltu    s2, s3, a2
core   0: 3 0x80001b02 (0x00c9b933) x18 0x00000001
core   0: 0x80001b06 (0x00338d33) add     s10, t2, gp
core   0: 3 0x80001b06 (0x00338d33) x26 0x80026ce5
core   0: 0x80001b0a (0x417d5f93) srai    t6, s10, 23
core   0: 3 0x80001b0a (0x417d5f93) x31 0xffffff00
core   0: 0x80001b0e (0x00000001) c.nop
core   0: 3 0x80001b0e (0x0001)
core   0: 0x80001b10 (0x00008d0d) c.sub   a0, a1
core   0: 3 0x80001b10 (0x8d0d) x10 0xffffffff
core   0: 0x80001b12 (0x13a0b193) sltiu   gp, ra, 314
core   0: 3 0x80001b12 (0x13a0b193) x 3 0x00000000
core   0: 0x80001b16 (0xfdd74fe3) blt     a4, t4, pc - 34
core   0: 3 0x80001b16 (0xfdd74fe3)
core   0: 0x80001af4 (0x0000890a) c.mv    s2, sp
core   0: 3 0x80001af4 (0x890a) x18 0xffffffff
core   0: 0x80001af6 (0x023f80b3) mul     ra, t6, gp
core   0: 3 0x80001af6 (0x023f80b3) x 1 0x00000000
core   0: 0x80001afa (0x00eb2f33) slt     t5, s6, a4
core   0: 3 0x80001afa (0x00eb2f33) x30 0x00000001
core   0: 0x80001afe (0x00000001) c.nop
core   0: 3 0x80001afe (0x0001)
core   0: 0x80001b00 (0x00000709) c.addi  a4, 2
core   0: 3 0x80001b00 (0x0709) x14 0x00000006
core   0: 0x80001b02 (0x00c9b933) sltu    s2, s3, a2
core   0: 3 0x80001b02 (0x00c9b933) x18 0x00000001
core   0: 0x80001b06 (0x00338d33) add     s10, t2, gp
core   0: 3 0x80001b06 (0x00338d33) x26 0x80026ce4
core   0: 0x80001b0a (0x417d5f93) srai    t6, s10, 23
core   0: 3 0x80001b0a (0x417d5f93) x31 0xffffff00
core   0: 0x80001b0e (0x00000001) c.nop
core   0: 3 0x80001b0e (0x0001)
core   0: 0x80001b10 (0x00008d0d) c.sub   a0, a1
core   0: 3 0x80001b10 (0x8d0d) x10 0xffffffff
core   0: 0x80001b12 (0x13a0b193) sltiu   gp, ra, 314
core   0: 3 0x80001b12 (0x13a0b193) x 3 0x00000001
core   0: 0x80001b16 (0xfdd74fe3) blt     a4, t4, pc - 34
core   0: 3 0x80001b16 (0xfdd74fe3)
core   0: 0x80001af4 (0x0000890a) c.mv    s2, sp
core   0: 3 0x80001af4 (0x890a) x18 0xffffffff
core   0: 0x80001af6 (0x023f80b3) mul     ra, t6, gp
core   0: 3 0x80001af6 (0x023f80b3) x 1 0xffffff00
core   0: 0x80001afa (0x00eb2f33) slt     t5, s6, a4
core   0: 3 0x80001afa (0x00eb2f33) x30 0x00000001
core   0: 0x80001afe (0x00000001) c.nop
core   0: 3 0x80001afe (0x0001)
core   0: 0x80001b00 (0x00000709) c.addi  a4, 2
core   0: 3 0x80001b00 (0x0709) x14 0x00000008
core   0: 0x80001b02 (0x00c9b933) sltu    s2, s3, a2
core   0: 3 0x80001b02 (0x00c9b933) x18 0x00000001
core   0: 0x80001b06 (0x00338d33) add     s10, t2, gp
core   0: 3 0x80001b06 (0x00338d33) x26 0x80026ce5
core   0: 0x80001b0a (0x417d5f93) srai    t6, s10, 23
core   0: 3 0x80001b0a (0x417d5f93) x31 0xffffff00
core   0: 0x80001b0e (0x00000001) c.nop
core   0: 3 0x80001b0e (0x0001)
core   0: 0x80001b10 (0x00008d0d) c.sub   a0, a1
core   0: 3 0x80001b10 (0x8d0d) x10 0xffffffff
core   0: 0x80001b12 (0x13a0b193) sltiu   gp, ra, 314
core   0: 3 0x80001b12 (0x13a0b193) x 3 0x00000000
core   0: 0x80001b16 (0xfdd74fe3) blt     a4, t4, pc - 34
core   0: 3 0x80001b16 (0xfdd74fe3)
core   0: 0x80001b1a (0x02a52db3) mulhsu  s11, a0, a0
core   0: 3 0x80001b1a (0x02a52db3) x27 0xffffffff
core   0: 0x80001b1e (0x00500d13) li      s10, 5
core   0: 3 0x80001b1e (0x00500d13) x26 0x00000005
core   0: 0x80001b22 (0x00d00c93) li      s9, 13
core   0: 3 0x80001b22 (0x00d00c93) x25 0x0000000d
core   0: 0x80001b26 (0x025956b3) divu    a3, s2, t0
core   0: 3 0x80001b26 (0x025956b3) x13 0x00000000
core   0: 0x80001b2a (0x00000d1d) c.addi  s10, 7
core   0: 3 0x80001b2a (0x0d1d) x26 0x0000000c
core   0: 0x80001b2c (0xff600413) li      s0, -10
core   0: 3 0x80001b2c (0xff600413) x 8 0xfffffff6
core   0: 0x80001b30 (0x0000877d) c.srai  a4, 31
core   0: 3 0x80001b30 (0x877d) x14 0x00000000
core   0: 0x80001b32 (0xfed00613) li      a2, -19
core   0: 3 0x80001b32 (0xfed00613) x12 0xffffffed
core   0: 0x80001b36 (0x413d0f33) sub     t5, s10, s3
core   0: 3 0x80001b36 (0x413d0f33) x30 0x7ffdd1a8
core   0: 0x80001b3a (0x00001e84) c.addi4spn s1, sp, 880
core   0: 3 0x80001b3a (0x1e84) x 9 0x0000036f
core   0: 0x80001b3c (0x00001475) c.addi  s0, -3
core   0: 3 0x80001b3c (0x1475) x 8 0xfffffff3
core   0: 0x80001b3e (0xfec41ee3) bne     s0, a2, pc - 4
core   0: 3 0x80001b3e (0xfec41ee3)
core   0: 0x80001b3a (0x00001e84) c.addi4spn s1, sp, 880
core   0: 3 0x80001b3a (0x1e84) x 9 0x0000036f
core   0: 0x80001b3c (0x00001475) c.addi  s0, -3
core   0: 3 0x80001b3c (0x1475) x 8 0xfffffff0
core   0: 0x80001b3e (0xfec41ee3) bne     s0, a2, pc - 4
core   0: 3 0x80001b3e (0xfec41ee3)
core   0: 0x80001b3a (0x00001e84) c.addi4spn s1, sp, 880
core   0: 3 0x80001b3a (0x1e84) x 9 0x0000036f
core   0: 0x80001b3c (0x00001475) c.addi  s0, -3
core   0: 3 0x80001b3c (0x1475) x 8 0xffffffed
core   0: 0x80001b3e (0xfec41ee3) bne     s0, a2, pc - 4
core   0: 3 0x80001b3e (0xfec41ee3)
core   0: 0x80001b42 (0xff9d42e3) blt     s10, s9, pc - 28
core   0: 3 0x80001b42 (0xff9d42e3)
core   0: 0x80001b26 (0x025956b3) divu    a3, s2, t0
core   0: 3 0x80001b26 (0x025956b3) x13 0x00000000
core   0: 0x80001b2a (0x00000d1d) c.addi  s10, 7
core   0: 3 0x80001b2a (0x0d1d) x26 0x00000013
core   0: 0x80001b2c (0xff600413) li      s0, -10
core   0: 3 0x80001b2c (0xff600413) x 8 0xfffffff6
core   0: 0x80001b30 (0x0000877d) c.srai  a4, 31
core   0: 3 0x80001b30 (0x877d) x14 0x00000000
core   0: 0x80001b32 (0xfed00613) li      a2, -19
core   0: 3 0x80001b32 (0xfed00613) x12 0xffffffed
core   0: 0x80001b36 (0x413d0f33) sub     t5, s10, s3
core   0: 3 0x80001b36 (0x413d0f33) x30 0x7ffdd1af
core   0: 0x80001b3a (0x00001e84) c.addi4spn s1, sp, 880
core   0: 3 0x80001b3a (0x1e84) x 9 0x0000036f
core   0: 0x80001b3c (0x00001475) c.addi  s0, -3
core   0: 3 0x80001b3c (0x1475) x 8 0xfffffff3
core   0: 0x80001b3e (0xfec41ee3) bne     s0, a2, pc - 4
core   0: 3 0x80001b3e (0xfec41ee3)
core   0: 0x80001b3a (0x00001e84) c.addi4spn s1, sp, 880
core   0: 3 0x80001b3a (0x1e84) x 9 0x0000036f
core   0: 0x80001b3c (0x00001475) c.addi  s0, -3
core   0: 3 0x80001b3c (0x1475) x 8 0xfffffff0
core   0: 0x80001b3e (0xfec41ee3) bne     s0, a2, pc - 4
core   0: 3 0x80001b3e (0xfec41ee3)
core   0: 0x80001b3a (0x00001e84) c.addi4spn s1, sp, 880
core   0: 3 0x80001b3a (0x1e84) x 9 0x0000036f
core   0: 0x80001b3c (0x00001475) c.addi  s0, -3
core   0: 3 0x80001b3c (0x1475) x 8 0xffffffed
core   0: 0x80001b3e (0xfec41ee3) bne     s0, a2, pc - 4
core   0: 3 0x80001b3e (0xfec41ee3)
core   0: 0x80001b42 (0xff9d42e3) blt     s10, s9, pc - 28
core   0: 3 0x80001b42 (0xff9d42e3)
core   0: 0x80001b46 (0x00000096) c.slli  ra, 5
core   0: 3 0x80001b46 (0x0096) x 1 0xffffe000
core   0: 0x80001b48 (0xffe00f93) li      t6, -2
core   0: 3 0x80001b48 (0xffe00f93) x31 0xfffffffe
core   0: 0x80001b4c (0x00800913) li      s2, 8
core   0: 3 0x80001b4c (0x00800913) x18 0x00000008
core   0: 0x80001b50 (0x01871413) slli    s0, a4, 24
core   0: 3 0x80001b50 (0x01871413) x 8 0x00000000
core   0: 0x80001b54 (0xf7517a93) andi    s5, sp, -139
core   0: 3 0x80001b54 (0xf7517a93) x21 0xffffff75
core   0: 0x80001b58 (0x00000f95) c.addi  t6, 5
core   0: 3 0x80001b58 (0x0f95) x31 0x00000003
core   0: 0x80001b5a (0x00800513) li      a0, 8
core   0: 3 0x80001b5a (0x00800513) x10 0x00000008
core   0: 0x80001b5e (0x01200c93) li      s9, 18
core   0: 3 0x80001b5e (0x01200c93) x25 0x00000012
core   0: 0x80001b62 (0x0178de33) srl     t3, a7, s7
core   0: 3 0x80001b62 (0x0178de33) x28 0x00000000
core   0: 0x80001b66 (0x0219fdb3) remu    s11, s3, ra
core   0: 3 0x80001b66 (0x0219fdb3) x27 0x80022e64
core   0: 0x80001b6a (0x00000515) c.addi  a0, 5
core   0: 3 0x80001b6a (0x0515) x10 0x0000000d
core   0: 0x80001b6c (0xff951de3) bne     a0, s9, pc - 6
core   0: 3 0x80001b6c (0xff951de3)
core   0: 0x80001b66 (0x0219fdb3) remu    s11, s3, ra
core   0: 3 0x80001b66 (0x0219fdb3) x27 0x80022e64
core   0: 0x80001b6a (0x00000515) c.addi  a0, 5
core   0: 3 0x80001b6a (0x0515) x10 0x00000012
core   0: 0x80001b6c (0xff951de3) bne     a0, s9, pc - 6
core   0: 3 0x80001b6c (0xff951de3)
core   0: 0x80001b70 (0x00000172) c.slli  sp, 28
core   0: 3 0x80001b70 (0x0172) x 2 0xf0000000
core   0: 0x80001b72 (0x00008851) c.andi  s0, 20
core   0: 3 0x80001b72 (0x8851) x 8 0x00000000
core   0: 0x80001b74 (0xff2f80e3) beq     t6, s2, pc - 32
core   0: 3 0x80001b74 (0xff2f80e3)
core   0: 0x80001b78 (0x0053b7b3) sltu    a5, t2, t0
core   0: 3 0x80001b78 (0x0053b7b3) x15 0x00000000
core   0: 0x80001b7c (0x00a00513) li      a0, 10
core   0: 3 0x80001b7c (0x00a00513) x10 0x0000000a
core   0: 0x80001b80 (0xeb8eb593) sltiu   a1, t4, -328
core   0: 3 0x80001b80 (0xeb8eb593) x11 0x00000001
core   0: 0x80001b84 (0x024a1733) mulh    a4, s4, tp
core   0: 3 0x80001b84 (0x024a1733) x14 0x00000002
core   0: 0x80001b88 (0x00000001) c.nop
core   0: 3 0x80001b88 (0x0001)
core   0: 0x80001b8a (0x02e596b3) mulh    a3, a1, a4
core   0: 3 0x80001b8a (0x02e596b3) x13 0x00000000
core   0: 0x80001b8e (0x410dd113) srai    sp, s11, 16
core   0: 3 0x80001b8e (0x410dd113) x 2 0xffff8002
core   0: 0x80001b92 (0x742a6c13) ori     s8, s4, 1858
core   0: 3 0x80001b92 (0x742a6c13) x24 0x0000074a
core   0: 0x80001b96 (0x00001559) c.addi  a0, -10
core   0: 3 0x80001b96 (0x1559) x10 0x00000000
core   0: 0x80001b98 (0x00d9a133) slt     sp, s3, a3
core   0: 3 0x80001b98 (0x00d9a133) x 2 0x00000001
core   0: 0x80001b9c (0x000097aa) c.add   a5, a0
core   0: 3 0x80001b9c (0x97aa) x15 0x00000000
core   0: 0x80001b9e (0x07bda713) slti    a4, s11, 123
core   0: 3 0x80001b9e (0x07bda713) x14 0x00000001
core   0: 0x80001ba2 (0x00009afd) c.andi  a3, -1
core   0: 3 0x80001ba2 (0x9afd) x13 0x00000000
core   0: 0x80001ba4 (0x65424d93) xori    s11, tp, 1620
core   0: 3 0x80001ba4 (0x65424d93) x27 0x50f7acb8
core   0: 0x80001ba8 (0x0000d56d) c.beqz  a0, pc - 22
core   0: 3 0x80001ba8 (0xd56d)
core   0: 0x80001b92 (0x742a6c13) ori     s8, s4, 1858
core   0: 3 0x80001b92 (0x742a6c13) x24 0x0000074a
core   0: 0x80001b96 (0x00001559) c.addi  a0, -10
core   0: 3 0x80001b96 (0x1559) x10 0xfffffff6
core   0: 0x80001b98 (0x00d9a133) slt     sp, s3, a3
core   0: 3 0x80001b98 (0x00d9a133) x 2 0x00000001
core   0: 0x80001b9c (0x000097aa) c.add   a5, a0
core   0: 3 0x80001b9c (0x97aa) x15 0xfffffff6
core   0: 0x80001b9e (0x07bda713) slti    a4, s11, 123
core   0: 3 0x80001b9e (0x07bda713) x14 0x00000000
core   0: 0x80001ba2 (0x00009afd) c.andi  a3, -1
core   0: 3 0x80001ba2 (0x9afd) x13 0x00000000
core   0: 0x80001ba4 (0x65424d93) xori    s11, tp, 1620
core   0: 3 0x80001ba4 (0x65424d93) x27 0x50f7acb8
core   0: 0x80001ba8 (0x0000d56d) c.beqz  a0, pc - 22
core   0: 3 0x80001ba8 (0xd56d)
core   0: 0x80001baa (0x33442c93) slti    s9, s0, 820
core   0: 3 0x80001baa (0x33442c93) x25 0x00000001
core   0: 0x80001bae (0x9de9b197) auipc   gp, 0x9de9b
core   0: 3 0x80001bae (0x9de9b197) x 3 0x1de9cbae
core   0: 0x80001bb2 (0x000083b9) c.srli  a5, 14
core   0: 3 0x80001bb2 (0x83b9) x15 0x0003ffff
core   0: 0x80001bb4 (0x011d9763) bne     s11, a7, pc + 14
core   0: 3 0x80001bb4 (0x011d9763)
core   0: 0x80001bc2 (0xa71bea93) ori     s5, s7, -1423
core   0: 3 0x80001bc2 (0xa71bea93) x21 0xfffffa71
core   0: 0x80001bc6 (0xad47e313) ori     t1, a5, -1324
core   0: 3 0x80001bc6 (0xad47e313) x 6 0xffffffff
core   0: 0x80001bca (0xda7e0d13) addi    s10, t3, -601
core   0: 3 0x80001bca (0xda7e0d13) x26 0xfffffda7
core   0: 0x80001bce (0x003eb8b3) sltu    a7, t4, gp
core   0: 3 0x80001bce (0x003eb8b3) x17 0x00000001
core   0: 0x80001bd2 (0x03b15c63) bge     sp, s11, pc + 56
core   0: 3 0x80001bd2 (0x03b15c63)
core   0: 0x80001bd6 (0x00000001) c.nop
core   0: 3 0x80001bd6 (0x0001)
core   0: 0x80001bd8 (0x00000bfa) c.slli  s7, 30
core   0: 3 0x80001bd8 (0x0bfa) x23 0x00000000
core   0: 0x80001bda (0x03c99ab3) mulh    s5, s3, t3
core   0: 3 0x80001bda (0x03c99ab3) x21 0x00000000
core   0: 0x80001bde (0x00008a15) c.andi  a2, 5
core   0: 3 0x80001bde (0x8a15) x12 0x00000005
core   0: 0x80001be0 (0xfe0c9db7) lui     s11, 0xfe0c9
core   0: 3 0x80001be0 (0xfe0c9db7) x27 0xfe0c9000
core   0: 0x80001be4 (0x0bc17663) bgeu    sp, t3, pc + 172
core   0: 3 0x80001be4 (0x0bc17663)
core   0: 0x80001c90 (0x00d27333) and     t1, tp, a3
core   0: 3 0x80001c90 (0x00d27333) x 6 0x00000000
core   0: 0x80001c94 (0x0346adb3) mulhsu  s11, a3, s4
core   0: 3 0x80001c94 (0x0346adb3) x27 0x00000000
core   0: 0x80001c98 (0x02811963) bne     sp, s0, pc + 50
core   0: 3 0x80001c98 (0x02811963)
core   0: 0x80001cca (0x00008079) c.srli  s0, 30
core   0: 3 0x80001cca (0x8079) x 8 0x00000000
core   0: 0x80001ccc (0x0000100f) fence.i
core   0: 3 0x80001ccc (0x0000100f)
core   0: 0x80001cd0 (0x01885d63) bge     a6, s8, pc + 26
core   0: 3 0x80001cd0 (0x01885d63)
core   0: 0x80001cd4 (0xa30dfa93) andi    s5, s11, -1488
core   0: 3 0x80001cd4 (0xa30dfa93) x21 0x00000000
core   0: 0x80001cd8 (0x002a0563) beq     s4, sp, pc + 10
core   0: 3 0x80001cd8 (0x002a0563)
core   0: 0x80001cdc (0x00008626) c.mv    a2, s1
core   0: 3 0x80001cdc (0x8626) x12 0x0000036f
core   0: 0x80001cde (0x05930363) beq     t1, s9, pc + 70
core   0: 3 0x80001cde (0x05930363)
core   0: 0x80001ce2 (0xf928e513) ori     a0, a7, -110
core   0: 3 0x80001ce2 (0xf928e513) x10 0xffffff93
core   0: 0x80001ce6 (0x01e0e263) bltu    ra, t5, pc + 4
core   0: 3 0x80001ce6 (0x01e0e263)
core   0: 0x80001cea (0x00008cf9) c.and   s1, a4
core   0: 3 0x80001cea (0x8cf9) x 9 0x00000000
core   0: 0x80001cec (0xbd748693) addi    a3, s1, -1065
core   0: 3 0x80001cec (0xbd748693) x13 0xfffffbd7
core   0: 0x80001cf0 (0x0583f063) bgeu    t2, s8, pc + 64
core   0: 3 0x80001cf0 (0x0583f063)
core   0: 0x80001d30 (0x0000717d) c.addi16sp sp, -16
core   0: 3 0x80001d30 (0x717d) x 2 0xfffffff1
core   0: 0x80001d32 (0x008a5b93) srli    s7, s4, 8
core   0: 3 0x80001d32 (0x008a5b93) x23 0x00000000
core   0: 0x80001d36 (0xba75f697) auipc   a3, 0xba75f
core   0: 3 0x80001d36 (0xba75f697) x13 0x3a760d36
core   0: 0x80001d3a (0x074cd763) bge     s9, s4, pc + 110
core   0: 3 0x80001d3a (0x074cd763)
core   0: 0x80001d3e (0x016e6db3) or      s11, t3, s6
core   0: 3 0x80001d3e (0x016e6db3) x27 0xfffffb4b
core   0: 0x80001d42 (0x0000c32d) c.beqz  a4, pc + 98
core   0: 3 0x80001d42 (0xc32d)
core   0: 0x80001da4 (0x0095e463) bltu    a1, s1, pc + 8
core   0: 3 0x80001da4 (0x0095e463)
core   0: 0x80001da8 (0x03a35a33) divu    s4, t1, s10
core   0: 3 0x80001da8 (0x03a35a33) x20 0x00000000
core   0: 0x80001dac (0x01a79a93) slli    s5, a5, 26
core   0: 3 0x80001dac (0x01a79a93) x21 0xfc000000
core   0: 0x80001db0 (0x00000ec5) c.addi  t4, 17
core   0: 3 0x80001db0 (0x0ec5) x29 0x00000019
core   0: 0x80001db2 (0x65a42f13) slti    t5, s0, 1626
core   0: 3 0x80001db2 (0x65a42f13) x30 0x00000001
core   0: 0x80001db6 (0x0132fa33) and     s4, t0, s3
core   0: 3 0x80001db6 (0x0132fa33) x20 0x00000000
core   0: 0x80001dba (0xe7d5c213) xori    tp, a1, -387
core   0: 3 0x80001dba (0xe7d5c213) x 4 0xfffffe7c
core   0: 0x80001dbe (0x468c4d93) xori    s11, s8, 1128
core   0: 3 0x80001dbe (0x468c4d93) x27 0x00000322
core   0: 0x80001dc2 (0x412f50b3) sra     ra, t5, s2
core   0: 3 0x80001dc2 (0x412f50b3) x 1 0x00000000
core   0: 0x80001dc6 (0x00409e63) bne     ra, tp, pc + 28
core   0: 3 0x80001dc6 (0x00409e63)
core   0: 0x80001de2 (0x033d1b33) mulh    s6, s10, s3
core   0: 3 0x80001de2 (0x033d1b33) x22 0x0000012c
core   0: 0x80001de6 (0x000084a9) c.srai  s1, 10
core   0: 3 0x80001de6 (0x84a9) x 9 0x00000000
core   0: 0x80001de8 (0x00008ff1) c.and   a5, a2
core   0: 3 0x80001de8 (0x8ff1) x15 0x0000036f
core   0: 0x80001dea (0x00000b46) c.slli  s6, 17
core   0: 3 0x80001dea (0x0b46) x22 0x02580000
core   0: 0x80001dec (0x0000908e) c.add   ra, gp
core   0: 3 0x80001dec (0x908e) x 1 0x1de9cbae
core   0: 0x80001dee (0x0000100f) fence.i
core   0: 3 0x80001dee (0x0000100f)
core   0: 0x80001df2 (0x00008dd1) c.or    a1, a2
core   0: 3 0x80001df2 (0x8dd1) x11 0x0000036f
core   0: 0x80001df4 (0x6c873613) sltiu   a2, a4, 1736
core   0: 3 0x80001df4 (0x6c873613) x12 0x00000001
core   0: 0x80001df8 (0x02818eb3) mul     t4, gp, s0
core   0: 3 0x80001df8 (0x02818eb3) x29 0x00000000
core   0: 0x80001dfc (0x00001c7d) c.addi  s8, -1
core   0: 3 0x80001dfc (0x1c7d) x24 0x00000749
core   0: 0x80001dfe (0x0000100f) fence.i
core   0: 3 0x80001dfe (0x0000100f)
core   0: 0x80001e02 (0x0229e763) bltu    s3, sp, pc + 46
core   0: 3 0x80001e02 (0x0229e763)
core   0: 0x80001e30 (0x03ef7a63) bgeu    t5, t5, pc + 52
core   0: 3 0x80001e30 (0x03ef7a63)
core   0: 0x80001e64 (0x84f7b193) sltiu   gp, a5, -1969
core   0: 3 0x80001e64 (0x84f7b193) x 3 0x00000001
core   0: 0x80001e68 (0x00ebdc93) srli    s9, s7, 14
core   0: 3 0x80001e68 (0x00ebdc93) x25 0x00000000
core   0: 0x80001e6c (0xffb00713) li      a4, -5
core   0: 3 0x80001e6c (0xffb00713) x14 0xfffffffb
core   0: 0x80001e70 (0x17acf093) andi    ra, s9, 378
core   0: 3 0x80001e70 (0x17acf093) x 1 0x00000000
core   0: 0x80001e74 (0x00000a9e) c.slli  s5, 7
core   0: 3 0x80001e74 (0x0a9e) x21 0x00000000
core   0: 0x80001e76 (0x0337bbb3) mulhu   s7, a5, s3
core   0: 3 0x80001e76 (0x0337bbb3) x23 0x000001b7
core   0: 0x80001e7a (0x00008e31) c.xor   a2, a2
core   0: 3 0x80001e7a (0x8e31) x12 0x00000000
core   0: 0x80001e7c (0x00000aca) c.slli  s5, 18
core   0: 3 0x80001e7c (0x0aca) x21 0x00000000
core   0: 0x80001e7e (0xffd3e493) ori     s1, t2, -3
core   0: 3 0x80001e7e (0xffd3e493) x 9 0xfffffffd
core   0: 0x80001e82 (0x00009546) c.add   a0, a7
core   0: 3 0x80001e82 (0x9546) x10 0xffffff94
core   0: 0x80001e84 (0x00d200b3) add     ra, tp, a3
core   0: 3 0x80001e84 (0x00d200b3) x 1 0x3a760bb2
core   0: 0x80001e88 (0x00008cd2) c.mv    s9, s4
core   0: 3 0x80001e88 (0x8cd2) x25 0x00000000
core   0: 0x80001e8a (0x414f85b3) sub     a1, t6, s4
core   0: 3 0x80001e8a (0x414f85b3) x11 0x00000003
core   0: 0x80001e8e (0x00000001) c.nop
core   0: 3 0x80001e8e (0x0001)
core   0: 0x80001e90 (0x01c36fb3) or      t6, t1, t3
core   0: 3 0x80001e90 (0x01c36fb3) x31 0x00000000
core   0: 0x80001e94 (0x00009b9e) c.add   s7, t2
core   0: 3 0x80001e94 (0x9b9e) x23 0x80026e9b
core   0: 0x80001e96 (0x00008dfd) c.and   a1, a5
core   0: 3 0x80001e96 (0x8dfd) x11 0x00000003
core   0: 0x80001e98 (0x022c6533) rem     a0, s8, sp
core   0: 3 0x80001e98 (0x022c6533) x10 0x00000005
core   0: 0x80001e9c (0x0ff0000f) fence   iorw,iorw
core   0: 3 0x80001e9c (0x0ff0000f)
core   0: 0x80001ea0 (0x00001904) c.addi4spn s1, sp, 176
core   0: 3 0x80001ea0 (0x1904) x 9 0x000000a1
core   0: 0x80001ea2 (0x412506b3) sub     a3, a0, s2
core   0: 3 0x80001ea2 (0x412506b3) x13 0xfffffffd
core   0: 0x80001ea6 (0x000086a2) c.mv    a3, s0
core   0: 3 0x80001ea6 (0x86a2) x13 0x00000000
core   0: 0x80001ea8 (0x1d048313) addi    t1, s1, 464
core   0: 3 0x80001ea8 (0x1d048313) x 6 0x00000271
core   0: 0x80001eac (0x022b7633) remu    a2, s6, sp
core   0: 3 0x80001eac (0x022b7633) x12 0x02580000
core   0: 0x80001eb0 (0x00000705) c.addi  a4, 1
core   0: 3 0x80001eb0 (0x0705) x14 0xfffffffc
core   0: 0x80001eb2 (0x022014b3) mulh    s1, zero, sp
core   0: 3 0x80001eb2 (0x022014b3) x 9 0x00000000
core   0: 0x80001eb6 (0x0ff0000f) fence   iorw,iorw
core   0: 3 0x80001eb6 (0x0ff0000f)
core   0: 0x80001eba (0x011b5e33) srl     t3, s6, a7
core   0: 3 0x80001eba (0x011b5e33) x28 0x012c0000
core   0: 0x80001ebe (0x00e010b3) sll     ra, zero, a4
core   0: 3 0x80001ebe (0x00e010b3) x 1 0x00000000
core   0: 0x80001ec2 (0x02f13533) mulhu   a0, sp, a5
core   0: 3 0x80001ec2 (0x02f13533) x10 0x0000036e
core   0: 0x80001ec6 (0x0000f37d) c.bnez  a4, pc - 26
core   0: 3 0x80001ec6 (0xf37d)
core   0: 0x80001eac (0x022b7633) remu    a2, s6, sp
core   0: 3 0x80001eac (0x022b7633) x12 0x02580000
core   0: 0x80001eb0 (0x00000705) c.addi  a4, 1
core   0: 3 0x80001eb0 (0x0705) x14 0xfffffffd
core   0: 0x80001eb2 (0x022014b3) mulh    s1, zero, sp
core   0: 3 0x80001eb2 (0x022014b3) x 9 0x00000000
core   0: 0x80001eb6 (0x0ff0000f) fence   iorw,iorw
core   0: 3 0x80001eb6 (0x0ff0000f)
core   0: 0x80001eba (0x011b5e33) srl     t3, s6, a7
core   0: 3 0x80001eba (0x011b5e33) x28 0x012c0000
core   0: 0x80001ebe (0x00e010b3) sll     ra, zero, a4
core   0: 3 0x80001ebe (0x00e010b3) x 1 0x00000000
core   0: 0x80001ec2 (0x02f13533) mulhu   a0, sp, a5
core   0: 3 0x80001ec2 (0x02f13533) x10 0x0000036e
core   0: 0x80001ec6 (0x0000f37d) c.bnez  a4, pc - 26
core   0: 3 0x80001ec6 (0xf37d)
core   0: 0x80001eac (0x022b7633) remu    a2, s6, sp
core   0: 3 0x80001eac (0x022b7633) x12 0x02580000
core   0: 0x80001eb0 (0x00000705) c.addi  a4, 1
core   0: 3 0x80001eb0 (0x0705) x14 0xfffffffe
core   0: 0x80001eb2 (0x022014b3) mulh    s1, zero, sp
core   0: 3 0x80001eb2 (0x022014b3) x 9 0x00000000
core   0: 0x80001eb6 (0x0ff0000f) fence   iorw,iorw
core   0: 3 0x80001eb6 (0x0ff0000f)
core   0: 0x80001eba (0x011b5e33) srl     t3, s6, a7
core   0: 3 0x80001eba (0x011b5e33) x28 0x012c0000
core   0: 0x80001ebe (0x00e010b3) sll     ra, zero, a4
core   0: 3 0x80001ebe (0x00e010b3) x 1 0x00000000
core   0: 0x80001ec2 (0x02f13533) mulhu   a0, sp, a5
core   0: 3 0x80001ec2 (0x02f13533) x10 0x0000036e
core   0: 0x80001ec6 (0x0000f37d) c.bnez  a4, pc - 26
core   0: 3 0x80001ec6 (0xf37d)
core   0: 0x80001eac (0x022b7633) remu    a2, s6, sp
core   0: 3 0x80001eac (0x022b7633) x12 0x02580000
core   0: 0x80001eb0 (0x00000705) c.addi  a4, 1
core   0: 3 0x80001eb0 (0x0705) x14 0xffffffff
core   0: 0x80001eb2 (0x022014b3) mulh    s1, zero, sp
core   0: 3 0x80001eb2 (0x022014b3) x 9 0x00000000
core   0: 0x80001eb6 (0x0ff0000f) fence   iorw,iorw
core   0: 3 0x80001eb6 (0x0ff0000f)
core   0: 0x80001eba (0x011b5e33) srl     t3, s6, a7
core   0: 3 0x80001eba (0x011b5e33) x28 0x012c0000
core   0: 0x80001ebe (0x00e010b3) sll     ra, zero, a4
core   0: 3 0x80001ebe (0x00e010b3) x 1 0x00000000
core   0: 0x80001ec2 (0x02f13533) mulhu   a0, sp, a5
core   0: 3 0x80001ec2 (0x02f13533) x10 0x0000036e
core   0: 0x80001ec6 (0x0000f37d) c.bnez  a4, pc - 26
core   0: 3 0x80001ec6 (0xf37d)
core   0: 0x80001eac (0x022b7633) remu    a2, s6, sp
core   0: 3 0x80001eac (0x022b7633) x12 0x02580000
core   0: 0x80001eb0 (0x00000705) c.addi  a4, 1
core   0: 3 0x80001eb0 (0x0705) x14 0x00000000
core   0: 0x80001eb2 (0x022014b3) mulh    s1, zero, sp
core   0: 3 0x80001eb2 (0x022014b3) x 9 0x00000000
core   0: 0x80001eb6 (0x0ff0000f) fence   iorw,iorw
core   0: 3 0x80001eb6 (0x0ff0000f)
core   0: 0x80001eba (0x011b5e33) srl     t3, s6, a7
core   0: 3 0x80001eba (0x011b5e33) x28 0x012c0000
core   0: 0x80001ebe (0x00e010b3) sll     ra, zero, a4
core   0: 3 0x80001ebe (0x00e010b3) x 1 0x00000000
core   0: 0x80001ec2 (0x02f13533) mulhu   a0, sp, a5
core   0: 3 0x80001ec2 (0x02f13533) x10 0x0000036e
core   0: 0x80001ec6 (0x0000f37d) c.bnez  a4, pc - 26
core   0: 3 0x80001ec6 (0xf37d)
core   0: 0x80001ec8 (0x00009686) c.add   a3, ra
core   0: 3 0x80001ec8 (0x9686) x13 0x00000000
core   0: 0x80001eca (0x01c5c663) blt     a1, t3, pc + 12
core   0: 3 0x80001eca (0x01c5c663)
core   0: 0x80001ed6 (0x00bf5c33) srl     s8, t5, a1
core   0: 3 0x80001ed6 (0x00bf5c33) x24 0x00000000
core   0: 0x80001eda (0x0000672d) c.lui   a4, 0xb
core   0: 3 0x80001eda (0x672d) x14 0x0000b000
core   0: 0x80001edc (0x03646563) bltu    s0, s6, pc + 42
core   0: 3 0x80001edc (0x03646563)
core   0: 0x80001f06 (0x012a7633) and     a2, s4, s2
core   0: 3 0x80001f06 (0x012a7633) x12 0x00000000
core   0: 0x80001f0a (0xffd02e93) slti    t4, zero, -3
core   0: 3 0x80001f0a (0xffd02e93) x29 0x00000000
core   0: 0x80001f0e (0x00008271) c.srli  a2, 28
core   0: 3 0x80001f0e (0x8271) x12 0x00000000
core   0: 0x80001f10 (0x00000f1d) c.addi  t5, 7
core   0: 3 0x80001f10 (0x0f1d) x30 0x00000008
core   0: 0x80001f12 (0x003d7fb3) and     t6, s10, gp
core   0: 3 0x80001f12 (0x003d7fb3) x31 0x00000001
core   0: 0x80001f16 (0x03f02bb3) mulhsu  s7, zero, t6
core   0: 3 0x80001f16 (0x03f02bb3) x23 0x00000000
core   0: 0x80001f1a (0x00006819) c.lui   a6, 0x6
core   0: 3 0x80001f1a (0x6819) x16 0x00006000
core   0: 0x80001f1c (0xc4cdb437) lui     s0, 0xc4cdb
core   0: 3 0x80001f1c (0xc4cdb437) x 8 0xc4cdb000
core   0: 0x80001f20 (0x00008f15) c.sub   a4, a3
core   0: 3 0x80001f20 (0x8f15) x14 0x0000b000
core   0: 0x80001f22 (0x00008c75) c.and   s0, a3
core   0: 3 0x80001f22 (0x8c75) x 8 0x00000000
core   0: 0x80001f24 (0x037fe733) rem     a4, t6, s7
core   0: 3 0x80001f24 (0x037fe733) x14 0x00000001
core   0: 0x80001f28 (0x01afa7b3) slt     a5, t6, s10
core   0: 3 0x80001f28 (0x01afa7b3) x15 0x00000000
core   0: 0x80001f2c (0xb9633513) sltiu   a0, t1, -1130
core   0: 3 0x80001f2c (0xb9633513) x10 0x00000001
core   0: 0x80001f30 (0x017a15b3) sll     a1, s4, s7
core   0: 3 0x80001f30 (0x017a15b3) x11 0x00000000
core   0: 0x80001f34 (0x40a08333) sub     t1, ra, a0
core   0: 3 0x80001f34 (0x40a08333) x 6 0xffffffff
core   0: 0x80001f38 (0x000054fd) c.li    s1, -1
core   0: 3 0x80001f38 (0x54fd) x 9 0xffffffff
core   0: 0x80001f3a (0x0000856d) c.srai  a0, 27
core   0: 3 0x80001f3a (0x856d) x10 0x00000000
core   0: 0x80001f3c (0xc90be213) ori     tp, s7, -880
core   0: 3 0x80001f3c (0xc90be213) x 4 0xfffffc90
core   0: 0x80001f40 (0x00008a8d) c.andi  a3, 3
core   0: 3 0x80001f40 (0x8a8d) x13 0x00000000
core   0: 0x80001f42 (0x039a2933) mulhsu  s2, s4, s9
core   0: 3 0x80001f42 (0x039a2933) x18 0x00000000
core   0: 0x80001f46 (0xff900513) li      a0, -7
core   0: 3 0x80001f46 (0xff900513) x10 0xfffffff9
core   0: 0x80001f4a (0x00008122) c.mv    sp, s0
core   0: 3 0x80001f4a (0x8122) x 2 0x00000000
core   0: 0x80001f4c (0x00500893) li      a7, 5
core   0: 3 0x80001f4c (0x00500893) x17 0x00000005
core   0: 0x80001f50 (0x02c4b233) mulhu   tp, s1, a2
core   0: 3 0x80001f50 (0x02c4b233) x 4 0x00000000
core   0: 0x80001f54 (0x01695593) srli    a1, s2, 22
core   0: 3 0x80001f54 (0x01695593) x11 0x00000000
core   0: 0x80001f58 (0x00000509) c.addi  a0, 2
core   0: 3 0x80001f58 (0x0509) x10 0xfffffffb
core   0: 0x80001f5a (0x98fdb593) sltiu   a1, s11, -1649
core   0: 3 0x80001f5a (0x98fdb593) x11 0x00000001
core   0: 0x80001f5e (0xff1549e3) blt     a0, a7, pc - 14
core   0: 3 0x80001f5e (0xff1549e3)
core   0: 0x80001f50 (0x02c4b233) mulhu   tp, s1, a2
core   0: 3 0x80001f50 (0x02c4b233) x 4 0x00000000
core   0: 0x80001f54 (0x01695593) srli    a1, s2, 22
core   0: 3 0x80001f54 (0x01695593) x11 0x00000000
core   0: 0x80001f58 (0x00000509) c.addi  a0, 2
core   0: 3 0x80001f58 (0x0509) x10 0xfffffffd
core   0: 0x80001f5a (0x98fdb593) sltiu   a1, s11, -1649
core   0: 3 0x80001f5a (0x98fdb593) x11 0x00000001
core   0: 0x80001f5e (0xff1549e3) blt     a0, a7, pc - 14
core   0: 3 0x80001f5e (0xff1549e3)
core   0: 0x80001f50 (0x02c4b233) mulhu   tp, s1, a2
core   0: 3 0x80001f50 (0x02c4b233) x 4 0x00000000
core   0: 0x80001f54 (0x01695593) srli    a1, s2, 22
core   0: 3 0x80001f54 (0x01695593) x11 0x00000000
core   0: 0x80001f58 (0x00000509) c.addi  a0, 2
core   0: 3 0x80001f58 (0x0509) x10 0xffffffff
core   0: 0x80001f5a (0x98fdb593) sltiu   a1, s11, -1649
core   0: 3 0x80001f5a (0x98fdb593) x11 0x00000001
core   0: 0x80001f5e (0xff1549e3) blt     a0, a7, pc - 14
core   0: 3 0x80001f5e (0xff1549e3)
core   0: 0x80001f50 (0x02c4b233) mulhu   tp, s1, a2
core   0: 3 0x80001f50 (0x02c4b233) x 4 0x00000000
core   0: 0x80001f54 (0x01695593) srli    a1, s2, 22
core   0: 3 0x80001f54 (0x01695593) x11 0x00000000
core   0: 0x80001f58 (0x00000509) c.addi  a0, 2
core   0: 3 0x80001f58 (0x0509) x10 0x00000001
core   0: 0x80001f5a (0x98fdb593) sltiu   a1, s11, -1649
core   0: 3 0x80001f5a (0x98fdb593) x11 0x00000001
core   0: 0x80001f5e (0xff1549e3) blt     a0, a7, pc - 14
core   0: 3 0x80001f5e (0xff1549e3)
core   0: 0x80001f50 (0x02c4b233) mulhu   tp, s1, a2
core   0: 3 0x80001f50 (0x02c4b233) x 4 0x00000000
core   0: 0x80001f54 (0x01695593) srli    a1, s2, 22
core   0: 3 0x80001f54 (0x01695593) x11 0x00000000
core   0: 0x80001f58 (0x00000509) c.addi  a0, 2
core   0: 3 0x80001f58 (0x0509) x10 0x00000003
core   0: 0x80001f5a (0x98fdb593) sltiu   a1, s11, -1649
core   0: 3 0x80001f5a (0x98fdb593) x11 0x00000001
core   0: 0x80001f5e (0xff1549e3) blt     a0, a7, pc - 14
core   0: 3 0x80001f5e (0xff1549e3)
core   0: 0x80001f50 (0x02c4b233) mulhu   tp, s1, a2
core   0: 3 0x80001f50 (0x02c4b233) x 4 0x00000000
core   0: 0x80001f54 (0x01695593) srli    a1, s2, 22
core   0: 3 0x80001f54 (0x01695593) x11 0x00000000
core   0: 0x80001f58 (0x00000509) c.addi  a0, 2
core   0: 3 0x80001f58 (0x0509) x10 0x00000005
core   0: 0x80001f5a (0x98fdb593) sltiu   a1, s11, -1649
core   0: 3 0x80001f5a (0x98fdb593) x11 0x00000001
core   0: 0x80001f5e (0xff1549e3) blt     a0, a7, pc - 14
core   0: 3 0x80001f5e (0xff1549e3)
core   0: 0x80001f62 (0x00432db3) slt     s11, t1, tp
core   0: 3 0x80001f62 (0x00432db3) x27 0x00000001
core   0: 0x80001f66 (0x6930a113) slti    sp, ra, 1683
core   0: 3 0x80001f66 (0x6930a113) x 2 0x00000001
core   0: 0x80001f6a (0x00008ed5) c.or    a3, a3
core   0: 3 0x80001f6a (0x8ed5) x13 0x00000000
core   0: 0x80001f6c (0x00008ee5) c.and   a3, s1
core   0: 3 0x80001f6c (0x8ee5) x13 0x00000000
core   0: 0x80001f6e (0x00008c39) c.xor   s0, a4
core   0: 3 0x80001f6e (0x8c39) x 8 0x00000001
core   0: 0x80001f70 (0x015c9213) slli    tp, s9, 21
core   0: 3 0x80001f70 (0x015c9213) x 4 0x00000000
core   0: 0x80001f74 (0x00008cbd) c.xor   s1, a5
core   0: 3 0x80001f74 (0x8cbd) x 9 0xffffffff
core   0: 0x80001f76 (0x03452c33) mulhsu  s8, a0, s4
core   0: 3 0x80001f76 (0x03452c33) x24 0x00000000
core   0: 0x80001f7a (0x00001884) c.addi4spn s1, sp, 112
core   0: 3 0x80001f7a (0x1884) x 9 0x00000071
core   0: 0x80001f7c (0x02b0b633) mulhu   a2, ra, a1
core   0: 3 0x80001f7c (0x02b0b633) x12 0x00000000
core   0: 0x80001f80 (0x0000ce91) c.beqz  a3, pc + 28
core   0: 3 0x80001f80 (0xce91)
core   0: 0x80001f9c (0x000080cd) c.srli  s1, 19
core   0: 3 0x80001f9c (0x80cd) x 9 0x00000000
core   0: 0x80001f9e (0x7d2150b7) lui     ra, 0x7d215
core   0: 3 0x80001f9e (0x7d2150b7) x 1 0x7d215000
core   0: 0x80001fa2 (0x00da7333) and     t1, s4, a3
core   0: 3 0x80001fa2 (0x00da7333) x 6 0x00000000
core   0: 0x80001fa6 (0x99077e93) andi    t4, a4, -1648
core   0: 3 0x80001fa6 (0x99077e93) x29 0x00000000
core   0: 0x80001faa (0x00bd4eb3) xor     t4, s10, a1
core   0: 3 0x80001faa (0x00bd4eb3) x29 0xfffffda6
core   0: 0x80001fae (0x000083d5) c.srli  a5, 21
core   0: 3 0x80001fae (0x83d5) x15 0x00000000
core   0: 0x80001fb0 (0x00000001) c.nop
core   0: 3 0x80001fb0 (0x0001)
core   0: 0x80001fb2 (0x01477d63) bgeu    a4, s4, pc + 26
core   0: 3 0x80001fb2 (0x01477d63)
core   0: 0x80001fcc (0x01c630b3) sltu    ra, a2, t3
core   0: 3 0x80001fcc (0x01c630b3) x 1 0x00000001
core   0: 0x80001fd0 (0x0000717d) c.addi16sp sp, -16
core   0: 3 0x80001fd0 (0x717d) x 2 0xfffffff1
core   0: 0x80001fd2 (0x025c9cb3) mulh    s9, s9, t0
core   0: 3 0x80001fd2 (0x025c9cb3) x25 0x00000000
core   0: 0x80001fd6 (0x00008e46) c.mv    t3, a7
core   0: 3 0x80001fd6 (0x8e46) x28 0x00000005
core   0: 0x80001fd8 (0x00008fb1) c.xor   a5, a2
core   0: 3 0x80001fd8 (0x8fb1) x15 0x00000000
core   0: 0x80001fda (0x4075dcb3) sra     s9, a1, t2
core   0: 3 0x80001fda (0x4075dcb3) x25 0x00000000
core   0: 0x80001fde (0xba610237) lui     tp, 0xba610
core   0: 3 0x80001fde (0xba610237) x 4 0xba610000
core   0: 0x80001fe2 (0x410751b3) sra     gp, a4, a6
core   0: 3 0x80001fe2 (0x410751b3) x 3 0x00000001
core   0: 0x80001fe6 (0x00000001) c.nop
core   0: 3 0x80001fe6 (0x0001)
core   0: 0x80001fe8 (0x00000001) c.nop
core   0: 3 0x80001fe8 (0x0001)
core   0: 0x80001fea (0x03259533) mulh    a0, a1, s2
core   0: 3 0x80001fea (0x03259533) x10 0x00000000
core   0: 0x80001fee (0x92d96313) ori     t1, s2, -1747
core   0: 3 0x80001fee (0x92d96313) x 6 0xfffff92d
core   0: 0x80001ff2 (0x016a0933) add     s2, s4, s6
core   0: 3 0x80001ff2 (0x016a0933) x18 0x02580000
core   0: 0x80001ff6 (0x006d7b63) bgeu    s10, t1, pc + 22
core   0: 3 0x80001ff6 (0x006d7b63)
core   0: 0x8000200c (0x035287b3) mul     a5, t0, s5
core   0: 3 0x8000200c (0x035287b3) x15 0x00000000
core   0: 0x80002010 (0x00c05793) srli    a5, zero, 12
core   0: 3 0x80002010 (0x00c05793) x15 0x00000000
core   0: 0x80002014 (0x032d2d33) mulhsu  s10, s10, s2
core   0: 3 0x80002014 (0x032d2d33) x26 0xfffffffa
core   0: 0x80002018 (0x04bb1363) bne     s6, a1, pc + 70
core   0: 3 0x80002018 (0x04bb1363)
core   0: 0x8000205e (0xc3613193) sltiu   gp, sp, -970
core   0: 3 0x8000205e (0xc3613193) x 3 0x00000000
core   0: 0x80002062 (0x000099fd) c.andi  a1, -1
core   0: 3 0x80002062 (0x99fd) x11 0x00000001
core   0: 0x80002064 (0x01618663) beq     gp, s6, pc + 12
core   0: 3 0x80002064 (0x01618663)
core   0: 0x80002068 (0x7ea20b93) addi    s7, tp, 2026
core   0: 3 0x80002068 (0x7ea20b93) x23 0xba6107ea
core   0: 0x8000206c (0x5356f213) andi    tp, a3, 1333
core   0: 3 0x8000206c (0x5356f213) x 4 0x00000000
core   0: 0x80002070 (0x03834c63) blt     t1, s8, pc + 56
core   0: 3 0x80002070 (0x03834c63)
core   0: 0x800020a8 (0x0009aab3) slt     s5, s3, zero
core   0: 3 0x800020a8 (0x0009aab3) x21 0x00000001
core   0: 0x800020ac (0x0000ca0d) c.beqz  a2, pc + 50
core   0: 3 0x800020ac (0xca0d)
core   0: 0x800020de (0x21ee0b93) addi    s7, t3, 542
core   0: 3 0x800020de (0x21ee0b93) x23 0x00000223
core   0: 0x800020e2 (0x00008dc5) c.or    a1, s1
core   0: 3 0x800020e2 (0x8dc5) x11 0x00000001
core   0: 0x800020e4 (0x0515fa13) andi    s4, a1, 81
core   0: 3 0x800020e4 (0x0515fa13) x20 0x00000001
core   0: 0x800020e8 (0x01958ab3) add     s5, a1, s9
core   0: 3 0x800020e8 (0x01958ab3) x21 0x00000001
core   0: 0x800020ec (0x033cee33) rem     t3, s9, s3
core   0: 3 0x800020ec (0x033cee33) x28 0x00000000
core   0: 0x800020f0 (0x00e2b333) sltu    t1, t0, a4
core   0: 3 0x800020f0 (0x00e2b333) x 6 0x00000000
core   0: 0x800020f4 (0x01337863) bgeu    t1, s3, pc + 16
core   0: 3 0x800020f4 (0x01337863)
core   0: 0x800020f8 (0x00301bb3) sll     s7, zero, gp
core   0: 3 0x800020f8 (0x00301bb3) x23 0x00000000
core   0: 0x800020fc (0x37abeb97) auipc   s7, 0x37abe
core   0: 3 0x800020fc (0x37abeb97) x23 0xb7ac00fc
core   0: 0x80002100 (0x00a57d63) bgeu    a0, a0, pc + 26
core   0: 3 0x80002100 (0x00a57d63)
core   0: 0x8000211a (0x937d0d93) addi    s11, s10, -1737
core   0: 3 0x8000211a (0x937d0d93) x27 0xfffff931
core   0: 0x8000211e (0x00009616) c.add   a2, t0
core   0: 3 0x8000211e (0x9616) x12 0x00000002
core   0: 0x80002120 (0x00000001) c.nop
core   0: 3 0x80002120 (0x0001)
core   0: 0x80002122 (0x00005dfd) c.li    s11, -1
core   0: 3 0x80002122 (0x5dfd) x27 0xffffffff
core   0: 0x80002124 (0x00008c4d) c.or    s0, a1
core   0: 3 0x80002124 (0x8c4d) x 8 0x00000001
core   0: 0x80002126 (0x00008272) c.mv    tp, t3
core   0: 3 0x80002126 (0x8272) x 4 0x00000000
core   0: 0x80002128 (0x027ff133) remu    sp, t6, t2
core   0: 3 0x80002128 (0x027ff133) x 2 0x00000001
core   0: 0x8000212c (0x007a4433) xor     s0, s4, t2
core   0: 3 0x8000212c (0x007a4433) x 8 0x80026ce5
core   0: 0x80002130 (0x4ab63513) sltiu   a0, a2, 1195
core   0: 3 0x80002130 (0x4ab63513) x10 0x00000001
core   0: 0x80002134 (0x0dffb137) lui     sp, 0xdffb
core   0: 3 0x80002134 (0x0dffb137) x 2 0x0dffb000
core   0: 0x80002138 (0xa37d6e13) ori     t3, s10, -1481
core   0: 3 0x80002138 (0xa37d6e13) x28 0xffffffff
core   0: 0x8000213c (0x0329ca33) div     s4, s3, s2
core   0: 3 0x8000213c (0x0329ca33) x20 0xffffffca
core   0: 0x80002140 (0x00008f95) c.sub   a5, a3
core   0: 3 0x80002140 (0x8f95) x15 0x00000000
core   0: 0x80002142 (0x05719363) bne     gp, s7, pc + 70
core   0: 3 0x80002142 (0x05719363)
core   0: 0x80002188 (0x0000814e) c.mv    sp, s3
core   0: 3 0x80002188 (0x814e) x 2 0x80022e64
core   0: 0x8000218a (0x004d5b63) bge     s10, tp, pc + 22
core   0: 3 0x8000218a (0x004d5b63)
core   0: 0x8000218e (0x00008fc5) c.or    a5, s1
core   0: 3 0x8000218e (0x8fc5) x15 0x00000000
core   0: 0x80002190 (0x02e00f63) beq     zero, a4, pc + 62
core   0: 3 0x80002190 (0x02e00f63)
core   0: 0x80002194 (0x00008ed9) c.or    a3, a4
core   0: 3 0x80002194 (0x8ed9) x13 0x00000001
core   0: 0x80002196 (0x01c51bb3) sll     s7, a0, t3
core   0: 3 0x80002196 (0x01c51bb3) x23 0x80000000
core   0: 0x8000219a (0x000001f9) c.addi  gp, 30
core   0: 3 0x8000219a (0x01f9) x 3 0x0000001e
core   0: 0x8000219c (0x8c84bb93) sltiu   s7, s1, -1848
core   0: 3 0x8000219c (0x8c84bb93) x23 0x00000001
core   0: 0x800021a0 (0x00008d59) c.or    a0, a4
core   0: 3 0x800021a0 (0x8d59) x10 0x00000001
core   0: 0x800021a2 (0x00008de9) c.and   a1, a0
core   0: 3 0x800021a2 (0x8de9) x11 0x00000001
core   0: 0x800021a4 (0x03cd6563) bltu    s10, t3, pc + 42
core   0: 3 0x800021a4 (0x03cd6563)
core   0: 0x800021ce (0x41b4d933) sra     s2, s1, s11
core   0: 3 0x800021ce (0x41b4d933) x18 0x00000000
core   0: 0x800021d2 (0x01c11693) slli    a3, sp, 28
core   0: 3 0x800021d2 (0x01c11693) x13 0x40000000
core   0: 0x800021d6 (0x00008ea1) c.xor   a3, s0
core   0: 3 0x800021d6 (0x8ea1) x13 0xc0026ce5
core   0: 0x800021d8 (0x00bd0463) beq     s10, a1, pc + 8
core   0: 3 0x800021d8 (0x00bd0463)
core   0: 0x800021dc (0x000080b1) c.srli  s1, 12
core   0: 3 0x800021dc (0x80b1) x 9 0x00000000
core   0: 0x800021de (0x00009f4a) c.add   t5, s2
core   0: 3 0x800021de (0x9f4a) x30 0x00000008
core   0: 0x800021e0 (0x010c9f63) bne     s9, a6, pc + 30
core   0: 3 0x800021e0 (0x010c9f63)
core   0: 0x800021fe (0x0032e833) or      a6, t0, gp
core   0: 3 0x800021fe (0x0032e833) x16 0x0000001e
core   0: 0x80002202 (0x00ea9e13) slli    t3, s5, 14
core   0: 3 0x80002202 (0x00ea9e13) x28 0x00004000
core   0: 0x80002206 (0x02465a33) divu    s4, a2, tp
core   0: 3 0x80002206 (0x02465a33) x20 0xffffffff
core   0: 0x8000220a (0x006fed63) bltu    t6, t1, pc + 26
core   0: 3 0x8000220a (0x006fed63)
core   0: 0x8000220e (0x75e1af93) slti    t6, gp, 1886
core   0: 3 0x8000220e (0x75e1af93) x31 0x00000001
core   0: 0x80002212 (0xebc3e893) ori     a7, t2, -324
core   0: 3 0x80002212 (0xebc3e893) x17 0xfffffefc
core   0: 0x80002216 (0x01afd763) bge     t6, s10, pc + 14
core   0: 3 0x80002216 (0x01afd763)
core   0: 0x80002224 (0x02e54bb3) div     s7, a0, a4
core   0: 3 0x80002224 (0x02e54bb3) x23 0x00000001
core   0: 0x80002228 (0x0000100f) fence.i
core   0: 3 0x80002228 (0x0000100f)
core   0: 0x8000222c (0x0000100f) fence.i
core   0: 3 0x8000222c (0x0000100f)
core   0: 0x80002230 (0x00ba88b3) add     a7, s5, a1
core   0: 3 0x80002230 (0x00ba88b3) x17 0x00000002
core   0: 0x80002234 (0x992e7413) andi    s0, t3, -1646
core   0: 3 0x80002234 (0x992e7413) x 8 0x00004000
core   0: 0x80002238 (0x01ee51b3) srl     gp, t3, t5
core   0: 3 0x80002238 (0x01ee51b3) x 3 0x00000040
core   0: 0x8000223c (0x0000717d) c.addi16sp sp, -16
core   0: 3 0x8000223c (0x717d) x 2 0x80022e54
core   0: 0x8000223e (0x0000100f) fence.i
core   0: 3 0x8000223e (0x0000100f)
core   0: 0x80002242 (0x00e60433) add     s0, a2, a4
core   0: 3 0x80002242 (0x00e60433) x 8 0x00000003
core   0: 0x80002246 (0x00008eed) c.and   a3, a1
core   0: 3 0x80002246 (0x8eed) x13 0x00000001
core   0: 0x80002248 (0x15b96e13) ori     t3, s2, 347
core   0: 3 0x80002248 (0x15b96e13) x28 0x0000015b
core   0: 0x8000224c (0x024edb33) divu    s6, t4, tp
core   0: 3 0x8000224c (0x024edb33) x22 0xffffffff
core   0: 0x80002250 (0x00004d3d) c.li    s10, 15
core   0: 3 0x80002250 (0x4d3d) x26 0x0000000f
core   0: 0x80002252 (0x024d1733) mulh    a4, s10, tp
core   0: 3 0x80002252 (0x024d1733) x14 0x00000000
core   0: 0x80002256 (0x0388f363) bgeu    a7, s8, pc + 38
core   0: 3 0x80002256 (0x0388f363)
core   0: 0x8000227c (0xa1ce1b17) auipc   s6, 0xa1ce1
core   0: 3 0x8000227c (0xa1ce1b17) x22 0x21ce327c
core   0: 0x80002280 (0x00008d8d) c.sub   a1, a1
core   0: 3 0x80002280 (0x8d8d) x11 0x00000000
core   0: 0x80002282 (0x00008c4d) c.or    s0, a1
core   0: 3 0x80002282 (0x8c4d) x 8 0x00000003
core   0: 0x80002284 (0x01dec8b3) xor     a7, t4, t4
core   0: 3 0x80002284 (0x01dec8b3) x17 0x00000000
core   0: 0x80002288 (0x0000c49d) c.beqz  s1, pc + 46
core   0: 3 0x80002288 (0xc49d)
core   0: 0x800022b6 (0x0ff0000f) fence   iorw,iorw
core   0: 3 0x800022b6 (0x0ff0000f)
core   0: 0x800022ba (0x00b6d213) srli    tp, a3, 11
core   0: 3 0x800022ba (0x00b6d213) x 4 0x00000000
core   0: 0x800022be (0x0000c59d) c.beqz  a1, pc + 46
core   0: 3 0x800022be (0xc59d)
core   0: 0x800022ec (0x00008c7d) c.and   s0, a5
core   0: 3 0x800022ec (0x8c7d) x 8 0x00000000
core   0: 0x800022ee (0x02ce05b3) mul     a1, t3, a2
core   0: 3 0x800022ee (0x02ce05b3) x11 0x000002b6
core   0: 0x800022f2 (0x00008549) c.srai  a0, 18
core   0: 3 0x800022f2 (0x8549) x10 0x00000000
core   0: 0x800022f4 (0x0099dc33) srl     s8, s3, s1
core   0: 3 0x800022f4 (0x0099dc33) x24 0x80022e64
core   0: 0x800022f8 (0x00000746) c.slli  a4, 17
core   0: 3 0x800022f8 (0x0746) x14 0x00000000
core   0: 0x800022fa (0x467974b7) lui     s1, 0x46797
core   0: 3 0x800022fa (0x467974b7) x 9 0x46797000
core   0: 0x800022fe (0x0000c99d) c.beqz  a1, pc + 54
core   0: 3 0x800022fe (0xc99d)
core   0: 0x80002300 (0x0000717d) c.addi16sp sp, -16
core   0: 3 0x80002300 (0x717d) x 2 0x80022e44
core   0: 0x80002302 (0x41f081b3) sub     gp, ra, t6
core   0: 3 0x80002302 (0x41f081b3) x 3 0x00000000
core   0: 0x80002306 (0x00008025) c.srli  s0, 9
core   0: 3 0x80002306 (0x8025) x 8 0x00000000
core   0: 0x80002308 (0x00008c59) c.or    s0, a4
core   0: 3 0x80002308 (0x8c59) x 8 0x00000000
core   0: 0x8000230a (0x20383913) sltiu   s2, a6, 515
core   0: 3 0x8000230a (0x20383913) x18 0x00000001
core   0: 0x8000230e (0x4d184c93) xori    s9, a6, 1233
core   0: 3 0x8000230e (0x4d184c93) x25 0x000004cf
core   0: 0x80002312 (0x0166e1b3) or      gp, a3, s6
core   0: 3 0x80002312 (0x0166e1b3) x 3 0x21ce327d
core   0: 0x80002316 (0x02cc7d33) remu    s10, s8, a2
core   0: 3 0x80002316 (0x02cc7d33) x26 0x00000000
core   0: 0x8000231a (0x00ff1033) sll     zero, t5, a5
core   0: 3 0x8000231a (0x00ff1033)
core   0: 0x8000231e (0xc81f2493) slti    s1, t5, -895
core   0: 3 0x8000231e (0xc81f2493) x 9 0x00000000
core   0: 0x80002322 (0x00008d45) c.or    a0, s1
core   0: 3 0x80002322 (0x8d45) x10 0x00000000
core   0: 0x80002324 (0x00000001) c.nop
core   0: 3 0x80002324 (0x0001)
core   0: 0x80002326 (0x01e07233) and     tp, zero, t5
core   0: 3 0x80002326 (0x01e07233) x 4 0x00000000
core   0: 0x8000232a (0x00000255) c.addi  tp, 21
core   0: 3 0x8000232a (0x0255) x 4 0x00000015
core   0: 0x8000232c (0x402d8433) sub     s0, s11, sp
core   0: 3 0x8000232c (0x402d8433) x 8 0x7ffdd1bb
core   0: 0x80002330 (0x0374c033) div     zero, s1, s7
core   0: 3 0x80002330 (0x0374c033)
core   0: 0x80002334 (0xeae93193) sltiu   gp, s2, -338
core   0: 3 0x80002334 (0xeae93193) x 3 0x00000001
core   0: 0x80002338 (0x00e0b933) sltu    s2, ra, a4
core   0: 3 0x80002338 (0x00e0b933) x18 0x00000000
core   0: 0x8000233c (0x01e00533) add     a0, zero, t5
core   0: 3 0x8000233c (0x01e00533) x10 0x00000008
core   0: 0x80002340 (0x00000001) c.nop
core   0: 3 0x80002340 (0x0001)
core   0: 0x80002342 (0x03eed7b3) divu    a5, t4, t5
core   0: 3 0x80002342 (0x03eed7b3) x15 0x1fffffb4
core   0: 0x80002346 (0xab9e8913) addi    s2, t4, -1351
core   0: 3 0x80002346 (0xab9e8913) x18 0xfffff85f
core   0: 0x8000234a (0x00008f55) c.or    a4, a3
core   0: 3 0x8000234a (0x8f55) x14 0x00000001
core   0: 0x8000234c (0x02d1b933) mulhu   s2, gp, a3
core   0: 3 0x8000234c (0x02d1b933) x18 0x00000000
core   0: 0x80002350 (0x00009c62) c.add   s8, s8
core   0: 3 0x80002350 (0x9c62) x24 0x00045cc8
core   0: 0x80002352 (0xf7a3a513) slti    a0, t2, -134
core   0: 3 0x80002352 (0xf7a3a513) x10 0x00000001
core   0: 0x80002356 (0xb838fa13) andi    s4, a7, -1149
core   0: 3 0x80002356 (0xb838fa13) x20 0x00000000
core   0: 0x8000235a (0x0217e233) rem     tp, a5, ra
core   0: 3 0x8000235a (0x0217e233) x 4 0x00000000
core   0: 0x8000235e (0x0000e685) c.bnez  a3, pc + 40
core   0: 3 0x8000235e (0xe685)
core   0: 0x80002386 (0x0000dcb3) srl     s9, ra, zero
core   0: 3 0x80002386 (0x0000dcb3) x25 0x00000001
core   0: 0x8000238a (0x03ef2fb3) mulhsu  t6, t5, t5
core   0: 3 0x8000238a (0x03ef2fb3) x31 0x00000000
core   0: 0x8000238e (0x02b16833) rem     a6, sp, a1
core   0: 3 0x8000238e (0x02b16833) x16 0xfffffd88
core   0: 0x80002392 (0x400c5693) srai    a3, s8, 0
core   0: 3 0x80002392 (0x400c5693) x13 0x00045cc8
core   0: 0x80002396 (0x01a41333) sll     t1, s0, s10
core   0: 3 0x80002396 (0x01a41333) x 6 0x7ffdd1bb
core   0: 0x8000239a (0xe523f213) andi    tp, t2, -430
core   0: 3 0x8000239a (0xe523f213) x 4 0x80026c40
core   0: 0x8000239e (0x3190bb93) sltiu   s7, ra, 793
core   0: 3 0x8000239e (0x3190bb93) x23 0x00000001
core   0: 0x800023a2 (0x40395a33) sra     s4, s2, gp
core   0: 3 0x800023a2 (0x40395a33) x20 0x00000000
core   0: 0x800023a6 (0x00f25c63) bge     tp, a5, pc + 24
core   0: 3 0x800023a6 (0x00f25c63)
core   0: 0x800023aa (0x0ff0000f) fence   iorw,iorw
core   0: 3 0x800023aa (0x0ff0000f)
core   0: 0x800023ae (0x02c60d33) mul     s10, a2, a2
core   0: 3 0x800023ae (0x02c60d33) x26 0x00000004
core   0: 0x800023b2 (0x69046617) auipc   a2, 0x69046
core   0: 3 0x800023b2 (0x69046617) x12 0xe90483b2
core   0: 0x800023b6 (0x00004209) c.li    tp, 2
core   0: 3 0x800023b6 (0x4209) x 4 0x00000002
core   0: 0x800023b8 (0x00009bee) c.add   s7, s11
core   0: 3 0x800023b8 (0x9bee) x23 0x00000000
core   0: 0x800023ba (0x3a5db613) sltiu   a2, s11, 933
core   0: 3 0x800023ba (0x3a5db613) x12 0x00000000
core   0: 0x800023be (0x00ee9133) sll     sp, t4, a4
core   0: 3 0x800023be (0x00ee9133) x 2 0xfffffb4c
core   0: 0x800023c2 (0x00008d61) c.and   a0, s0
core   0: 3 0x800023c2 (0x8d61) x10 0x00000001
core   0: 0x800023c4 (0x005d6bb3) or      s7, s10, t0
core   0: 3 0x800023c4 (0x005d6bb3) x23 0x00000006
core   0: 0x800023c8 (0x00008c79) c.and   s0, a4
core   0: 3 0x800023c8 (0x8c79) x 8 0x00000001
core   0: 0x800023ca (0x0000cc15) c.beqz  s0, pc + 60
core   0: 3 0x800023ca (0xcc15)
core   0: 0x800023cc (0x0000157d) c.addi  a0, -1
core   0: 3 0x800023cc (0x157d) x10 0x00000000
core   0: 0x800023ce (0x0eaacf97) auipc   t6, 0xeaac
core   0: 3 0x800023ce (0x0eaacf97) x31 0x8eaae3ce
core   0: 0x800023d2 (0x01321663) bne     tp, s3, pc + 12
core   0: 3 0x800023d2 (0x01321663)
core   0: 0x800023de (0x01ef1c33) sll     s8, t5, t5
core   0: 3 0x800023de (0x01ef1c33) x24 0x00000800
core   0: 0x800023e2 (0x406f0eb3) sub     t4, t5, t1
core   0: 3 0x800023e2 (0x406f0eb3) x29 0x80022e4d
core   0: 0x800023e6 (0x03404f63) blt     zero, s4, pc + 62
core   0: 3 0x800023e6 (0x03404f63)
core   0: 0x800023ea (0x41585d13) srai    s10, a6, 21
core   0: 3 0x800023ea (0x41585d13) x26 0xffffffff
core   0: 0x800023ee (0x26ad3793) sltiu   a5, s10, 618
core   0: 3 0x800023ee (0x26ad3793) x15 0x00000000
core   0: 0x800023f2 (0x0000eb8d) c.bnez  a5, pc + 50
core   0: 3 0x800023f2 (0xeb8d)
core   0: 0x800023f4 (0x00000001) c.nop
core   0: 3 0x800023f4 (0x0001)
core   0: 0x800023f6 (0x02383233) mulhu   tp, a6, gp
core   0: 3 0x800023f6 (0x02383233) x 4 0x00000000
core   0: 0x800023fa (0x03d68a63) beq     a3, t4, pc + 52
core   0: 3 0x800023fa (0x03d68a63)
core   0: 0x800023fe (0x012a9eb3) sll     t4, s5, s2
core   0: 3 0x800023fe (0x012a9eb3) x29 0x00000001
core   0: 0x80002402 (0x406b5613) srai    a2, s6, 6
core   0: 3 0x80002402 (0x406b5613) x12 0x008738c9
core   0: 0x80002406 (0x01b8d933) srl     s2, a7, s11
core   0: 3 0x80002406 (0x01b8d933) x18 0x00000000
core   0: 0x8000240a (0x027647b3) div     a5, a2, t2
core   0: 3 0x8000240a (0x027647b3) x15 0x00000000
core   0: 0x8000240e (0x02037733) remu    a4, t1, zero
core   0: 3 0x8000240e (0x02037733) x14 0x7ffdd1bb
core   0: 0x80002412 (0x00008606) c.mv    a2, ra
core   0: 3 0x80002412 (0x8606) x12 0x00000001
core   0: 0x80002414 (0x02e56cb3) rem     s9, a0, a4
core   0: 3 0x80002414 (0x02e56cb3) x25 0x00000000
core   0: 0x80002418 (0x01887363) bgeu    a6, s8, pc + 6
core   0: 3 0x80002418 (0x01887363)
core   0: 0x8000241e (0x0079c0b3) xor     ra, s3, t2
core   0: 3 0x8000241e (0x0079c0b3) x 1 0x00004280
core   0: 0x80002422 (0x00004e05) c.li    t3, 1
core   0: 3 0x80002422 (0x4e05) x28 0x00000001
core   0: 0x80002424 (0x00006245) c.lui   tp, 0x11
core   0: 3 0x80002424 (0x6245) x 4 0x00011000
core   0: 0x80002426 (0x000086f1) c.srai  a3, 28
core   0: 3 0x80002426 (0x86f1) x13 0x00000000
core   0: 0x80002428 (0x00000001) c.nop
core   0: 3 0x80002428 (0x0001)
core   0: 0x8000242a (0x022e2e33) mulhsu  t3, t3, sp
core   0: 3 0x8000242a (0x022e2e33) x28 0x00000000
core   0: 0x8000242e (0x0ff0000f) fence   iorw,iorw
core   0: 3 0x8000242e (0x0ff0000f)
core   0: 0x80002432 (0x8e29ed13) ori     s10, s3, -1822
core   0: 3 0x80002432 (0x8e29ed13) x26 0xfffffee6
core   0: 0x80002436 (0x00000001) c.nop
core   0: 3 0x80002436 (0x0001)
core   0: 0x80002438 (0x408454b3) sra     s1, s0, s0
core   0: 3 0x80002438 (0x408454b3) x 9 0x00000000
core   0: 0x8000243c (0x02f611b3) mulh    gp, a2, a5
core   0: 3 0x8000243c (0x02f611b3) x 3 0x00000000
core   0: 0x80002440 (0x01f38b33) add     s6, t2, t6
core   0: 3 0x80002440 (0x01f38b33) x22 0x0ead50b2
core   0: 0x80002444 (0x00000f94) c.addi4spn a3, sp, 976
core   0: 3 0x80002444 (0x0f94) x13 0xffffff1c
core   0: 0x80002446 (0x00008c59) c.or    s0, a4
core   0: 3 0x80002446 (0x8c59) x 8 0x7ffdd1bb
core   0: 0x80002448 (0x000051fd) c.li    gp, -1
core   0: 3 0x80002448 (0x51fd) x 3 0xffffffff
core   0: 0x8000244a (0x00008d51) c.or    a0, a2
core   0: 3 0x8000244a (0x8d51) x10 0x00000001
core   0: 0x8000244c (0x01ccbe33) sltu    t3, s9, t3
core   0: 3 0x8000244c (0x01ccbe33) x28 0x00000000
core   0: 0x80002450 (0x000082d9) c.srli  a3, 22
core   0: 3 0x80002450 (0x82d9) x13 0x000003ff
core   0: 0x80002452 (0x68c76513) ori     a0, a4, 1676
core   0: 3 0x80002452 (0x68c76513) x10 0x7ffdd7bf
core   0: 0x80002456 (0x01c53ab3) sltu    s5, a0, t3
core   0: 3 0x80002456 (0x01c53ab3) x21 0x00000000
core   0: 0x8000245a (0x008e9693) slli    a3, t4, 8
core   0: 3 0x8000245a (0x008e9693) x13 0x00000100
core   0: 0x8000245e (0x0000912e) c.add   sp, a1
core   0: 3 0x8000245e (0x912e) x 2 0xfffffe02
core   0: 0x80002460 (0x0295a833) mulhsu  a6, a1, s1
core   0: 3 0x80002460 (0x0295a833) x16 0x00000000
core   0: 0x80002464 (0x02e21f63) bne     tp, a4, pc + 62
core   0: 3 0x80002464 (0x02e21f63)
core   0: 0x800024a2 (0x011c4a33) xor     s4, s8, a7
core   0: 3 0x800024a2 (0x011c4a33) x20 0x00000800
core   0: 0x800024a6 (0x00000f4d) c.addi  t5, 19
core   0: 3 0x800024a6 (0x0f4d) x30 0x0000001b
core   0: 0x800024a8 (0x0021e8b3) or      a7, gp, sp
core   0: 3 0x800024a8 (0x0021e8b3) x17 0xffffffff
core   0: 0x800024ac (0x01a84533) xor     a0, a6, s10
core   0: 3 0x800024ac (0x01a84533) x10 0xfffffee6
core   0: 0x800024b0 (0x40f9d013) srai    zero, s3, 15
core   0: 3 0x800024b0 (0x40f9d013)
core   0: 0x800024b4 (0x0000100f) fence.i
core   0: 3 0x800024b4 (0x0000100f)
core   0: 0x800024b8 (0x0ff0000f) fence   iorw,iorw
core   0: 3 0x800024b8 (0x0ff0000f)
core   0: 0x800024bc (0x01f1d913) srli    s2, gp, 31
core   0: 3 0x800024bc (0x01f1d913) x18 0x00000001
core   0: 0x800024c0 (0x0042cf33) xor     t5, t0, tp
core   0: 3 0x800024c0 (0x0042cf33) x30 0x00011002
core   0: 0x800024c4 (0x00cdce33) xor     t3, s11, a2
core   0: 3 0x800024c4 (0x00cdce33) x28 0xfffffffe
core   0: 0x800024c8 (0x00008555) c.srai  a0, 21
core   0: 3 0x800024c8 (0x8555) x10 0xffffffff
core   0: 0x800024ca (0x00d19663) bne     gp, a3, pc + 12
core   0: 3 0x800024ca (0x00d19663)
core   0: 0x800024d6 (0x05788063) beq     a7, s7, pc + 64
core   0: 3 0x800024d6 (0x05788063)
core   0: 0x800024da (0x01fdd313) srli    t1, s11, 31
core   0: 3 0x800024da (0x01fdd313) x 6 0x00000001
core   0: 0x800024de (0x015ee8b3) or      a7, t4, s5
core   0: 3 0x800024de (0x015ee8b3) x17 0x00000001
core   0: 0x800024e2 (0x039dff33) remu    t5, s11, s9
core   0: 3 0x800024e2 (0x039dff33) x30 0xffffffff
core   0: 0x800024e6 (0x02ca8833) mul     a6, s5, a2
core   0: 3 0x800024e6 (0x02ca8833) x16 0x00000000
core   0: 0x800024ea (0x00008371) c.srli  a4, 28
core   0: 3 0x800024ea (0x8371) x14 0x00000007
core   0: 0x800024ec (0x00008bd6) c.mv    s7, s5
core   0: 3 0x800024ec (0x8bd6) x23 0x00000000
core   0: 0x800024ee (0x00009d06) c.add   s10, ra
core   0: 3 0x800024ee (0x9d06) x26 0x00004166
core   0: 0x800024f0 (0x4092dcb3) sra     s9, t0, s1
core   0: 3 0x800024f0 (0x4092dcb3) x25 0x00000002
core   0: 0x800024f4 (0x00000001) c.nop
core   0: 3 0x800024f4 (0x0001)
core   0: 0x800024f6 (0x00000001) c.nop
core   0: 3 0x800024f6 (0x0001)
core   0: 0x800024f8 (0x000090e6) c.add   ra, s9
core   0: 3 0x800024f8 (0x90e6) x 1 0x00004282
core   0: 0x800024fa (0x0000c0a9) c.beqz  s1, pc + 66
core   0: 3 0x800024fa (0xc0a9)
core   0: 0x8000253c (0x0ff0000f) fence   iorw,iorw
core   0: 3 0x8000253c (0x0ff0000f)
core   0: 0x80002540 (0x038b4bb3) div     s7, s6, s8
core   0: 3 0x80002540 (0x038b4bb3) x23 0x0001d5aa
core   0: 0x80002544 (0x0000e701) c.bnez  a4, pc + 8
core   0: 3 0x80002544 (0xe701)
core   0: 0x8000254c (0x00000988) c.addi4spn a0, sp, 208
core   0: 3 0x8000254c (0x0988) x10 0xfffffed2
core   0: 0x8000254e (0x03629c63) bne     t0, s6, pc + 56
core   0: 3 0x8000254e (0x03629c63)
core   0: 0x80002586 (0x0118d5b3) srl     a1, a7, a7
core   0: 3 0x80002586 (0x0118d5b3) x11 0x00000000
core   0: 0x8000258a (0x02799bb3) mulh    s7, s3, t2
core   0: 3 0x8000258a (0x02799bb3) x23 0x3ffdb261
core   0: 0x8000258e (0x000081f1) c.srli  a1, 28
core   0: 3 0x8000258e (0x81f1) x11 0x00000000
core   0: 0x80002590 (0x00dade13) srli    t3, s5, 13
core   0: 3 0x80002590 (0x00dade13) x28 0x00000000
core   0: 0x80002594 (0x00f4beb3) sltu    t4, s1, a5
core   0: 3 0x80002594 (0x00f4beb3) x29 0x00000000
core   0: 0x80002598 (0x41988db3) sub     s11, a7, s9
core   0: 3 0x80002598 (0x41988db3) x27 0xffffffff
core   0: 0x8000259c (0x00008955) c.andi  a0, 21
core   0: 3 0x8000259c (0x8955) x10 0x00000010
core   0: 0x8000259e (0xd3930513) addi    a0, t1, -711
core   0: 3 0x8000259e (0xd3930513) x10 0xfffffd3a
core   0: 0x800025a2 (0x000c75b3) and     a1, s8, zero
core   0: 3 0x800025a2 (0x000c75b3) x11 0x00000000
core   0: 0x800025a6 (0x00009526) c.add   a0, s1
core   0: 3 0x800025a6 (0x9526) x10 0xfffffd3a
core   0: 0x800025a8 (0x00a977b3) and     a5, s2, a0
core   0: 3 0x800025a8 (0x00a977b3) x15 0x00000000
core   0: 0x800025ac (0x00008f19) c.sub   a4, a4
core   0: 3 0x800025ac (0x8f19) x14 0x00000000
core   0: 0x800025ae (0x0ff0000f) fence   iorw,iorw
core   0: 3 0x800025ae (0x0ff0000f)
core   0: 0x800025b2 (0x00000001) c.nop
core   0: 3 0x800025b2 (0x0001)
core   0: 0x800025b4 (0x0000ec19) c.bnez  s0, pc + 30
core   0: 3 0x800025b4 (0xec19)
core   0: 0x800025d2 (0xfd94ac93) slti    s9, s1, -39
core   0: 3 0x800025d2 (0xfd94ac93) x25 0x00000000
core   0: 0x800025d6 (0x000099fd) c.andi  a1, -1
core   0: 3 0x800025d6 (0x99fd) x11 0x00000000
core   0: 0x800025d8 (0x75903f93) sltiu   t6, zero, 1881
core   0: 3 0x800025d8 (0x75903f93) x31 0x00000001
core   0: 0x800025dc (0x00008d35) c.xor   a0, a3
core   0: 3 0x800025dc (0x8d35) x10 0xfffffc3a
core   0: 0x800025de (0x00000eed) c.addi  t4, 27
core   0: 3 0x800025de (0x0eed) x29 0x0000001b
core   0: 0x800025e0 (0x02020433) mul     s0, tp, zero
core   0: 3 0x800025e0 (0x02020433) x 8 0x00000000
core   0: 0x800025e4 (0x00e19263) bne     gp, a4, pc + 4
core   0: 3 0x800025e4 (0x00e19263)
core   0: 0x800025e8 (0x00000001) c.nop
core   0: 3 0x800025e8 (0x0001)
core   0: 0x800025ea (0x0275dab3) divu    s5, a1, t2
core   0: 3 0x800025ea (0x0275dab3) x21 0x00000000
core   0: 0x800025ee (0x0ff0000f) fence   iorw,iorw
core   0: 3 0x800025ee (0x0ff0000f)
core   0: 0x800025f2 (0x00008221) c.srli  a2, 8
core   0: 3 0x800025f2 (0x8221) x12 0x00000000
core   0: 0x800025f4 (0x0000917a) c.add   sp, t5
core   0: 3 0x800025f4 (0x917a) x 2 0xfffffe01
core   0: 0x800025f6 (0x01a7dcb3) srl     s9, a5, s10
core   0: 3 0x800025f6 (0x01a7dcb3) x25 0x00000000
core   0: 0x800025fa (0x408b5193) srai    gp, s6, 8
core   0: 3 0x800025fa (0x408b5193) x 3 0x000ead50
core   0: 0x800025fe (0x00008fd9) c.or    a5, a4
core   0: 3 0x800025fe (0x8fd9) x15 0x00000000
core   0: 0x80002600 (0x02a406b3) mul     a3, s0, a0
core   0: 3 0x80002600 (0x02a406b3) x13 0x00000000
core   0: 0x80002604 (0x02e57033) remu    zero, a0, a4
core   0: 3 0x80002604 (0x02e57033)
core   0: 0x80002608 (0x01ae0463) beq     t3, s10, pc + 8
core   0: 3 0x80002608 (0x01ae0463)
core   0: 0x8000260c (0x0000100f) fence.i
core   0: 3 0x8000260c (0x0000100f)
core   0: 0x80002610 (0x00008d95) c.sub   a1, a3
core   0: 3 0x80002610 (0x8d95) x11 0x00000000
core   0: 0x80002612 (0x0000177d) c.addi  a4, -1
core   0: 3 0x80002612 (0x177d) x14 0xffffffff
core   0: 0x80002614 (0x024920b3) mulhsu  ra, s2, tp
core   0: 3 0x80002614 (0x024920b3) x 1 0x00000000
core   0: 0x80002618 (0xdd9d0313) addi    t1, s10, -551
core   0: 3 0x80002618 (0xdd9d0313) x 6 0x00003f3f
core   0: 0x8000261c (0xd39d76b7) lui     a3, 0xd39d7
core   0: 3 0x8000261c (0xd39d76b7) x13 0xd39d7000
core   0: 0x80002620 (0x00009a7d) c.andi  a2, -1
core   0: 3 0x80002620 (0x9a7d) x12 0x00000000
core   0: 0x80002622 (0x1afecb13) xori    s6, t4, 431
core   0: 3 0x80002622 (0x1afecb13) x22 0x000001b4
core   0: 0x80002626 (0x00008f41) c.or    a4, s0
core   0: 3 0x80002626 (0x8f41) x14 0xffffffff
core   0: 0x80002628 (0x072f7c63) bgeu    t5, s2, pc + 120
core   0: 3 0x80002628 (0x072f7c63)
core   0: 0x800026a0 (0x00008a15) c.andi  a2, 5
core   0: 3 0x800026a0 (0x8a15) x12 0x00000000
core   0: 0x800026a2 (0x013a3db3) sltu    s11, s4, s3
core   0: 3 0x800026a2 (0x013a3db3) x27 0x00000001
core   0: 0x800026a6 (0x0212c4b3) div     s1, t0, ra
core   0: 3 0x800026a6 (0x0212c4b3) x 9 0xffffffff
core   0: 0x800026aa (0x00000001) c.nop
core   0: 3 0x800026aa (0x0001)
core   0: 0x800026ac (0x014ad193) srli    gp, s5, 20
core   0: 3 0x800026ac (0x014ad193) x 3 0x00000000
core   0: 0x800026b0 (0x011dad33) slt     s10, s11, a7
core   0: 3 0x800026b0 (0x011dad33) x26 0x00000000
core   0: 0x800026b4 (0x024a4663) blt     s4, tp, pc + 44
core   0: 3 0x800026b4 (0x024a4663)
core   0: 0x800026e0 (0x00000baa) c.slli  s7, 10
core   0: 3 0x800026e0 (0x0baa) x23 0xf6c98400
core   0: 0x800026e2 (0x00008cc5) c.or    s1, s1
core   0: 3 0x800026e2 (0x8cc5) x 9 0xffffffff
core   0: 0x800026e4 (0x013c26b3) slt     a3, s8, s3
core   0: 3 0x800026e4 (0x013c26b3) x13 0x00000000
core   0: 0x800026e8 (0x98e621b7) lui     gp, 0x98e62
core   0: 3 0x800026e8 (0x98e621b7) x 3 0x98e62000
core   0: 0x800026ec (0xac20a913) slti    s2, ra, -1342
core   0: 3 0x800026ec (0xac20a913) x18 0x00000000
core   0: 0x800026f0 (0x03c7c333) div     t1, a5, t3
core   0: 3 0x800026f0 (0x03c7c333) x 6 0xffffffff
core   0: 0x800026f4 (0x42f8c313) xori    t1, a7, 1071
core   0: 3 0x800026f4 (0x42f8c313) x 6 0x0000042e
core   0: 0x800026f8 (0x00000001) c.nop
core   0: 3 0x800026f8 (0x0001)
core   0: 0x800026fa (0x00009bee) c.add   s7, s11
core   0: 3 0x800026fa (0x9bee) x23 0xf6c98401
core   0: 0x800026fc (0x03d70f33) mul     t5, a4, t4
core   0: 3 0x800026fc (0x03d70f33) x30 0xffffffe5
core   0: 0x80002700 (0x20947b93) andi    s7, s0, 521
core   0: 3 0x80002700 (0x20947b93) x23 0x00000000
core   0: 0x80002704 (0x00bd7663) bgeu    s10, a1, pc + 12
core   0: 3 0x80002704 (0x00bd7663)
core   0: 0x80002710 (0x03fc9233) mulh    tp, s9, t6
core   0: 3 0x80002710 (0x03fc9233) x 4 0x00000000
core   0: 0x80002714 (0x01b45e13) srli    t3, s0, 27
core   0: 3 0x80002714 (0x01b45e13) x28 0x00000000
core   0: 0x80002718 (0x026db533) mulhu   a0, s11, t1
core   0: 3 0x80002718 (0x026db533) x10 0x00000000
core   0: 0x8000271c (0x0000100f) fence.i
core   0: 3 0x8000271c (0x0000100f)
core   0: 0x80002720 (0x012b50b3) srl     ra, s6, s2
core   0: 3 0x80002720 (0x012b50b3) x 1 0x000001b4
core   0: 0x80002724 (0x0ff0000f) fence   iorw,iorw
core   0: 3 0x80002724 (0x0ff0000f)
core   0: 0x80002728 (0x02365f63) bge     a2, gp, pc + 62
core   0: 3 0x80002728 (0x02365f63)
core   0: 0x80002766 (0x03702db3) mulhsu  s11, zero, s7
core   0: 3 0x80002766 (0x03702db3) x27 0x00000000
core   0: 0x8000276a (0x02396333) rem     t1, s2, gp
core   0: 3 0x8000276a (0x02396333) x 6 0x00000000
core   0: 0x8000276e (0x02ce20b3) mulhsu  ra, t3, a2
core   0: 3 0x8000276e (0x02ce20b3) x 1 0x00000000
core   0: 0x80002772 (0x2ae02d93) slti    s11, zero, 686
core   0: 3 0x80002772 (0x2ae02d93) x27 0x00000001
core   0: 0x80002776 (0x9420f013) andi    zero, ra, -1726
core   0: 3 0x80002776 (0x9420f013)
core   0: 0x8000277a (0x00008fc9) c.or    a5, a0
core   0: 3 0x8000277a (0x8fc9) x15 0x00000000
core   0: 0x8000277c (0x0ff0000f) fence   iorw,iorw
core   0: 3 0x8000277c (0x0ff0000f)
core   0: 0x80002780 (0x0000149c) c.addi4spn a5, sp, 608
core   0: 3 0x80002780 (0x149c) x15 0x00000061
core   0: 0x80002782 (0x01ef0fb3) add     t6, t5, t5
core   0: 3 0x80002782 (0x01ef0fb3) x31 0xffffffca
core   0: 0x80002786 (0x00000492) c.slli  s1, 4
core   0: 3 0x80002786 (0x0492) x 9 0xfffffff0
core   0: 0x80002788 (0x0366e933) rem     s2, a3, s6
core   0: 3 0x80002788 (0x0366e933) x18 0x00000000
core   0: 0x8000278c (0x000096fe) c.add   a3, t6
core   0: 3 0x8000278c (0x96fe) x13 0xffffffca
core   0: 0x8000278e (0x9f6c4237) lui     tp, 0x9f6c4
core   0: 3 0x8000278e (0x9f6c4237) x 4 0x9f6c4000
core   0: 0x80002792 (0x00000001) c.nop
core   0: 3 0x80002792 (0x0001)
core   0: 0x80002794 (0x00bef1b3) and     gp, t4, a1
core   0: 3 0x80002794 (0x00bef1b3) x 3 0x00000000
core   0: 0x80002798 (0x03d3da33) divu    s4, t2, t4
core   0: 3 0x80002798 (0x03d3da33) x20 0x04bdb82e
core   0: 0x8000279c (0x0193dc33) srl     s8, t2, s9
core   0: 3 0x8000279c (0x0193dc33) x24 0x80026ce4
core   0: 0x800027a0 (0x02b7dd63) bge     a5, a1, pc + 58
core   0: 3 0x800027a0 (0x02b7dd63)
core   0: 0x800027da (0x000094ee) c.add   s1, s11
core   0: 3 0x800027da (0x94ee) x 9 0xfffffff1
core   0: 0x800027dc (0x00000d88) c.addi4spn a0, sp, 720
core   0: 3 0x800027dc (0x0d88) x10 0x000000d1
core   0: 0x800027de (0x00085413) srli    s0, a6, 0
core   0: 3 0x800027de (0x00085413) x 8 0x00000000
core   0: 0x800027e2 (0x000091c2) c.add   gp, a6
core   0: 3 0x800027e2 (0x91c2) x 3 0x00000000
core   0: 0x800027e4 (0x002e7263) bgeu    t3, sp, pc + 4
core   0: 3 0x800027e4 (0x002e7263)
core   0: 0x800027e8 (0x00000a18) c.addi4spn a4, sp, 272
core   0: 3 0x800027e8 (0x0a18) x14 0xffffff11
core   0: 0x800027ea (0x048a1163) bne     s4, s0, pc + 66
core   0: 3 0x800027ea (0x048a1163)
core   0: 0x8000282c (0x0000837d) c.srli  a4, 31
core   0: 3 0x8000282c (0x837d) x14 0x00000001
core   0: 0x8000282e (0x00000ca6) c.slli  s9, 9
core   0: 3 0x8000282e (0x0ca6) x25 0x00000000
core   0: 0x80002830 (0x00000001) c.nop
core   0: 3 0x80002830 (0x0001)
core   0: 0x80002832 (0x0322b4b3) mulhu   s1, t0, s2
core   0: 3 0x80002832 (0x0322b4b3) x 9 0x00000000
core   0: 0x80002836 (0x410d5a93) srai    s5, s10, 16
core   0: 3 0x80002836 (0x410d5a93) x21 0x00000000
core   0: 0x8000283a (0x011a3133) sltu    sp, s4, a7
core   0: 3 0x8000283a (0x011a3133) x 2 0x00000000
core   0: 0x8000283e (0x01d91193) slli    gp, s2, 29
core   0: 3 0x8000283e (0x01d91193) x 3 0x00000000
core   0: 0x80002842 (0x41af5113) srai    sp, t5, 26
core   0: 3 0x80002842 (0x41af5113) x 2 0xffffffff
core   0: 0x80002846 (0x000082e5) c.srli  a3, 25
core   0: 3 0x80002846 (0x82e5) x13 0x0000007f
core   0: 0x80002848 (0x0228d933) divu    s2, a7, sp
core   0: 3 0x80002848 (0x0228d933) x18 0x00000000
core   0: 0x8000284c (0x010c9f33) sll     t5, s9, a6
core   0: 3 0x8000284c (0x010c9f33) x30 0x00000000
core   0: 0x80002850 (0x00e4c6b3) xor     a3, s1, a4
core   0: 3 0x80002850 (0x00e4c6b3) x13 0x00000001
core   0: 0x80002854 (0x01195133) srl     sp, s2, a7
core   0: 3 0x80002854 (0x01195133) x 2 0x00000000
core   0: 0x80002858 (0xff1fec93) ori     s9, t6, -15
core   0: 3 0x80002858 (0xff1fec93) x25 0xfffffffb
core   0: 0x8000285c (0x00f4cc63) blt     s1, a5, pc + 24
core   0: 3 0x8000285c (0x00f4cc63)
core   0: 0x80002874 (0x00000db1) c.addi  s11, 12
core   0: 3 0x80002874 (0x0db1) x27 0x0000000d
core   0: 0x80002876 (0x2de3c0b7) lui     ra, 0x2de3c
core   0: 3 0x80002876 (0x2de3c0b7) x 1 0x2de3c000
core   0: 0x8000287a (0x86ea3a93) sltiu   s5, s4, -1938
core   0: 3 0x8000287a (0x86ea3a93) x21 0x00000001
core   0: 0x8000287e (0xa3200b93) li      s7, -1486
core   0: 3 0x8000287e (0xa3200b93) x23 0xfffffa32
core   0: 0x80002882 (0x029aa1b3) mulhsu  gp, s5, s1
core   0: 3 0x80002882 (0x029aa1b3) x 3 0x00000000
core   0: 0x80002886 (0x000099fd) c.andi  a1, -1
core   0: 3 0x80002886 (0x99fd) x11 0x00000000
core   0: 0x80002888 (0x0ff0000f) fence   iorw,iorw
core   0: 3 0x80002888 (0x0ff0000f)
core   0: 0x8000288c (0x021200b3) mul     ra, tp, ra
core   0: 3 0x8000288c (0x021200b3) x 1 0xf0000000
core   0: 0x80002890 (0x03d7b533) mulhu   a0, a5, t4
core   0: 3 0x80002890 (0x03d7b533) x10 0x00000000
core   0: 0x80002894 (0x0000997d) c.andi  a0, -1
core   0: 3 0x80002894 (0x997d) x10 0x00000000
core   0: 0x80002896 (0x00000001) c.nop
core   0: 3 0x80002896 (0x0001)
core   0: 0x80002898 (0x01c00533) add     a0, zero, t3
core   0: 3 0x80002898 (0x01c00533) x10 0x00000000
core   0: 0x8000289c (0x00001ffd) c.addi  t6, -1
core   0: 3 0x8000289c (0x1ffd) x31 0xffffffc9
core   0: 0x8000289e (0x00000001) c.nop
core   0: 3 0x8000289e (0x0001)
core   0: 0x800028a0 (0x1cf5b313) sltiu   t1, a1, 463
core   0: 3 0x800028a0 (0x1cf5b313) x 6 0x00000001
core   0: 0x800028a4 (0x02248a33) mul     s4, s1, sp
core   0: 3 0x800028a4 (0x02248a33) x20 0x00000000
core   0: 0x800028a8 (0x0000614d) c.addi16sp sp, 176
core   0: 3 0x800028a8 (0x614d) x 2 0x000000b0
core   0: 0x800028aa (0x031b6333) rem     t1, s6, a7
core   0: 3 0x800028aa (0x031b6333) x 6 0x00000000
core   0: 0x800028ae (0x03570a33) mul     s4, a4, s5
core   0: 3 0x800028ae (0x03570a33) x20 0x00000001
core   0: 0x800028b2 (0x01e2db93) srli    s7, t0, 30
core   0: 3 0x800028b2 (0x01e2db93) x23 0x00000000
core   0: 0x800028b6 (0x00017cb3) and     s9, sp, zero
core   0: 3 0x800028b6 (0x00017cb3) x25 0x00000000
core   0: 0x800028ba (0x04877e63) bgeu    a4, s0, pc + 92
core   0: 3 0x800028ba (0x04877e63)
core   0: 0x80002916 (0x001cb333) sltu    t1, s9, ra
core   0: 3 0x80002916 (0x001cb333) x 6 0x00000001
core   0: 0x8000291a (0x7ca2edb7) lui     s11, 0x7ca2e
core   0: 3 0x8000291a (0x7ca2edb7) x27 0x7ca2e000
core   0: 0x8000291e (0x007f11b3) sll     gp, t5, t2
core   0: 3 0x8000291e (0x007f11b3) x 3 0x00000000
core   0: 0x80002922 (0x00008c35) c.xor   s0, a3
core   0: 3 0x80002922 (0x8c35) x 8 0x00000001
core   0: 0x80002924 (0x00008c4e) c.mv    s8, s3
core   0: 3 0x80002924 (0x8c4e) x24 0x80022e64
core   0: 0x80002926 (0x01a67e33) and     t3, a2, s10
core   0: 3 0x80002926 (0x01a67e33) x28 0x00000000
core   0: 0x8000292a (0x01509593) slli    a1, ra, 21
core   0: 3 0x8000292a (0x01509593) x11 0x00000000
core   0: 0x8000292e (0x00004af5) c.li    s5, 29
core   0: 3 0x8000292e (0x4af5) x21 0x0000001d
core   0: 0x80002930 (0x00200693) li      a3, 2
core   0: 3 0x80002930 (0x00200693) x13 0x00000002
core   0: 0x80002934 (0x023cca33) div     s4, s9, gp
core   0: 3 0x80002934 (0x023cca33) x20 0xffffffff
core   0: 0x80002938 (0x000099fd) c.andi  a1, -1
core   0: 3 0x80002938 (0x99fd) x11 0x00000000
core   0: 0x8000293a (0x0000867e) c.mv    a2, t6
core   0: 3 0x8000293a (0x867e) x12 0xffffffc9
core   0: 0x8000293c (0x000005d2) c.slli  a1, 20
core   0: 3 0x8000293c (0x05d2) x11 0x00000000
core   0: 0x8000293e (0x0ff0000f) fence   iorw,iorw
core   0: 3 0x8000293e (0x0ff0000f)
core   0: 0x80002942 (0xffd00413) li      s0, -3
core   0: 3 0x80002942 (0xffd00413) x 8 0xfffffffd
core   0: 0x80002946 (0x408c00b3) sub     ra, s8, s0
core   0: 3 0x80002946 (0x408c00b3) x 1 0x80022e67
core   0: 0x8000294a (0x3e9a3d13) sltiu   s10, s4, 1001
core   0: 3 0x8000294a (0x3e9a3d13) x26 0x00000000
core   0: 0x8000294e (0x000016ed) c.addi  a3, -5
core   0: 3 0x8000294e (0x16ed) x13 0xfffffffd
core   0: 0x80002950 (0xa4fb7d13) andi    s10, s6, -1457
core   0: 3 0x80002950 (0xa4fb7d13) x26 0x00000004
core   0: 0x80002954 (0x00700493) li      s1, 7
core   0: 3 0x80002954 (0x00700493) x 9 0x00000007
core   0: 0x80002958 (0x01cc3e13) sltiu   t3, s8, 28
core   0: 3 0x80002958 (0x01cc3e13) x28 0x00000000
core   0: 0x8000295c (0x415d5d93) srai    s11, s10, 21
core   0: 3 0x8000295c (0x415d5d93) x27 0x00000000
core   0: 0x80002960 (0x00700c13) li      s8, 7
core   0: 3 0x80002960 (0x00700c13) x24 0x00000007
core   0: 0x80002964 (0x00c8b533) sltu    a0, a7, a2
core   0: 3 0x80002964 (0x00c8b533) x10 0x00000001
core   0: 0x80002968 (0x2c377c97) auipc   s9, 0x2c377
core   0: 3 0x80002968 (0x2c377c97) x25 0xac379968
core   0: 0x8000296c (0x000014e9) c.addi  s1, -6
core   0: 3 0x8000296c (0x14e9) x 9 0x00000001
core   0: 0x8000296e (0x01c85013) srli    zero, a6, 28
core   0: 3 0x8000296e (0x01c85013)
core   0: 0x80002972 (0x00182233) slt     tp, a6, ra
core   0: 3 0x80002972 (0x00182233) x 4 0x00000000
core   0: 0x80002976 (0x072b6d97) auipc   s11, 0x72b6
core   0: 3 0x80002976 (0x072b6d97) x27 0x872b8976
core   0: 0x8000297a (0x00000001) c.nop
core   0: 3 0x8000297a (0x0001)
core   0: 0x8000297c (0xff84f4e3) bgeu    s1, s8, pc - 24
core   0: 3 0x8000297c (0xff84f4e3)
core   0: 0x80002980 (0x027e2713) slti    a4, t3, 39
core   0: 3 0x80002980 (0x027e2713) x14 0x00000001
core   0: 0x80002984 (0x01b23233) sltu    tp, tp, s11
core   0: 3 0x80002984 (0x01b23233) x 4 0x00000001
core   0: 0x80002988 (0x02eefab3) remu    s5, t4, a4
core   0: 3 0x80002988 (0x02eefab3) x21 0x00000000
core   0: 0x8000298c (0xfa869de3) bne     a3, s0, pc - 70
core   0: 3 0x8000298c (0xfa869de3)
core   0: 0x80002990 (0x090a6cb7) lui     s9, 0x90a6
core   0: 3 0x80002990 (0x090a6cb7) x25 0x090a6000
core   0: 0x80002994 (0x02580663) beq     a6, t0, pc + 44
core   0: 3 0x80002994 (0x02580663)
core   0: 0x80002998 (0x00001a9c) c.addi4spn a5, sp, 368
core   0: 3 0x80002998 (0x1a9c) x15 0x00000220
core   0: 0x8000299a (0x32e91f37) lui     t5, 0x32e91
core   0: 3 0x8000299a (0x32e91f37) x30 0x32e91000
core   0: 0x8000299e (0x41e35c13) srai    s8, t1, 30
core   0: 3 0x8000299e (0x41e35c13) x24 0x00000000
core   0: 0x800029a2 (0x0058e133) or      sp, a7, t0
core   0: 3 0x800029a2 (0x0058e133) x 2 0x00000003
core   0: 0x800029a6 (0x0000831d) c.srli  a4, 7
core   0: 3 0x800029a6 (0x831d) x14 0x00000000
core   0: 0x800029a8 (0x0000100f) fence.i
core   0: 3 0x800029a8 (0x0000100f)
core   0: 0x800029ac (0xd37cbe13) sltiu   t3, s9, -713
core   0: 3 0x800029ac (0xd37cbe13) x28 0x00000001
core   0: 0x800029b0 (0x0000e711) c.bnez  a4, pc + 12
core   0: 3 0x800029b0 (0xe711)
core   0: 0x800029b2 (0x008731b3) sltu    gp, a4, s0
core   0: 3 0x800029b2 (0x008731b3) x 3 0x00000001
core   0: 0x800029b6 (0x03a485b3) mul     a1, s1, s10
core   0: 3 0x800029b6 (0x03a485b3) x11 0x00000004
core   0: 0x800029ba (0x0000013e) c.slli  sp, 15
core   0: 3 0x800029ba (0x013e) x 2 0x00018000
core   0: 0x800029bc (0x02f92233) mulhsu  tp, s2, a5
core   0: 3 0x800029bc (0x02f92233) x 4 0x00000000
core   0: 0x800029c0 (0x00000888) c.addi4spn a0, sp, 80
core   0: 3 0x800029c0 (0x0888) x10 0x00018050
core   0: 0x800029c2 (0x000082b1) c.srli  a3, 12
core   0: 3 0x800029c2 (0x82b1) x13 0x000fffff
core   0: 0x800029c4 (0x039c78b3) remu    a7, s8, s9
core   0: 3 0x800029c4 (0x039c78b3) x17 0x00000000
core   0: 0x800029c8 (0x03b93333) mulhu   t1, s2, s11
core   0: 3 0x800029c8 (0x03b93333) x 6 0x00000000
core   0: 0x800029cc (0x03c64963) blt     a2, t3, pc + 50
core   0: 3 0x800029cc (0x03c64963)
core   0: 0x800029fe (0x03e49db3) mulh    s11, s1, t5
core   0: 3 0x800029fe (0x03e49db3) x27 0x00000000
core   0: 0x80002a02 (0x00574233) xor     tp, a4, t0
core   0: 3 0x80002a02 (0x00574233) x 4 0x00000002
core   0: 0x80002a06 (0x408f06b3) sub     a3, t5, s0
core   0: 3 0x80002a06 (0x408f06b3) x13 0x32e91003
core   0: 0x80002a0a (0x054f4263) blt     t5, s4, pc + 68
core   0: 3 0x80002a0a (0x054f4263)
core   0: 0x80002a0e (0x0000100f) fence.i
core   0: 3 0x80002a0e (0x0000100f)
core   0: 0x80002a12 (0xcdd27613) andi    a2, tp, -803
core   0: 3 0x80002a12 (0xcdd27613) x12 0x00000000
core   0: 0x80002a16 (0x004aea33) or      s4, s5, tp
core   0: 3 0x80002a16 (0x004aea33) x20 0x00000002
core   0: 0x80002a1a (0x00009b22) c.add   s6, s0
core   0: 3 0x80002a1a (0x9b22) x22 0x000001b1
core   0: 0x80002a1c (0x03f28d63) beq     t0, t6, pc + 58
core   0: 3 0x80002a1c (0x03f28d63)
core   0: 0x80002a20 (0x00006111) c.addi16sp sp, 256
core   0: 3 0x80002a20 (0x6111) x 2 0x00018100
core   0: 0x80002a22 (0x017348b3) xor     a7, t1, s7
core   0: 3 0x80002a22 (0x017348b3) x17 0x00000000
core   0: 0x80002a26 (0x30b43613) sltiu   a2, s0, 779
core   0: 3 0x80002a26 (0x30b43613) x12 0x00000000
core   0: 0x80002a2a (0xea80a713) slti    a4, ra, -344
core   0: 3 0x80002a2a (0xea80a713) x14 0x00000001
core   0: 0x80002a2e (0x00008d39) c.xor   a0, a4
core   0: 3 0x80002a2e (0x8d39) x10 0x00018051
core   0: 0x80002a30 (0x03a0c233) div     tp, ra, s10
core   0: 3 0x80002a30 (0x03a0c233) x 4 0xe0008b9a
core   0: 0x80002a34 (0x02b688b3) mul     a7, a3, a1
core   0: 3 0x80002a34 (0x02b688b3) x17 0xcba4400c
core   0: 0x80002a38 (0x00008a6d) c.andi  a2, 27
core   0: 3 0x80002a38 (0x8a6d) x12 0x00000000
core   0: 0x80002a3a (0x0000100f) fence.i
core   0: 3 0x80002a3a (0x0000100f)
core   0: 0x80002a3e (0x00008ff5) c.and   a5, a3
core   0: 3 0x80002a3e (0x8ff5) x15 0x00000000
core   0: 0x80002a40 (0x00008b41) c.andi  a4, 16
core   0: 3 0x80002a40 (0x8b41) x14 0x00000000
core   0: 0x80002a42 (0x03634033) div     zero, t1, s6
core   0: 3 0x80002a42 (0x03634033)
core   0: 0x80002a46 (0x01e7d463) bge     a5, t5, pc + 8
core   0: 3 0x80002a46 (0x01e7d463)
core   0: 0x80002a4a (0x015e4b33) xor     s6, t3, s5
core   0: 3 0x80002a4a (0x015e4b33) x22 0x00000001
core   0: 0x80002a4e (0x0b03a413) slti    s0, t2, 176
core   0: 3 0x80002a4e (0x0b03a413) x 8 0x00000001
core   0: 0x80002a52 (0x03857463) bgeu    a0, s8, pc + 40
core   0: 3 0x80002a52 (0x03857463)
core   0: 0x80002a7a (0xbbc3ba13) sltiu   s4, t2, -1092
core   0: 3 0x80002a7a (0xbbc3ba13) x20 0x00000001
core   0: 0x80002a7e (0x027becb3) rem     s9, s7, t2
core   0: 3 0x80002a7e (0x027becb3) x25 0x00000000
core   0: 0x80002a82 (0xfa0fe693) ori     a3, t6, -96
core   0: 3 0x80002a82 (0xfa0fe693) x13 0xffffffe9
core   0: 0x80002a86 (0x03db85b3) mul     a1, s7, t4
core   0: 3 0x80002a86 (0x03db85b3) x11 0x00000000
core   0: 0x80002a8a (0x00008f3d) c.xor   a4, a5
core   0: 3 0x80002a8a (0x8f3d) x14 0x00000000
core   0: 0x80002a8c (0xc98a8b97) auipc   s7, 0xc98a8
core   0: 3 0x80002a8c (0xc98a8b97) x23 0x498aaa8c
core   0: 0x80002a90 (0x09a08113) addi    sp, ra, 154
core   0: 3 0x80002a90 (0x09a08113) x 2 0x80022f01
core   0: 0x80002a94 (0x00008e39) c.xor   a2, a4
core   0: 3 0x80002a94 (0x8e39) x12 0x00000000
core   0: 0x80002a96 (0x0113bbb3) sltu    s7, t2, a7
core   0: 3 0x80002a96 (0x0113bbb3) x23 0x00000001
core   0: 0x80002a9a (0x00dfe7b3) or      a5, t6, a3
core   0: 3 0x80002a9a (0x00dfe7b3) x15 0xffffffe9
core   0: 0x80002a9e (0x0000100f) fence.i
core   0: 3 0x80002a9e (0x0000100f)
core   0: 0x80002aa2 (0x00c95d93) srli    s11, s2, 12
core   0: 3 0x80002aa2 (0x00c95d93) x27 0x00000000
core   0: 0x80002aa6 (0x0000e485) c.bnez  s1, pc + 40
core   0: 3 0x80002aa6 (0xe485)
core   0: 0x80002ace (0x40910fb3) sub     t6, sp, s1
core   0: 3 0x80002ace (0x40910fb3) x31 0x80022f00
core   0: 0x80002ad2 (0x008d6633) or      a2, s10, s0
core   0: 3 0x80002ad2 (0x008d6633) x12 0x00000005
core   0: 0x80002ad6 (0x0407fb93) andi    s7, a5, 64
core   0: 3 0x80002ad6 (0x0407fb93) x23 0x00000040
core   0: 0x80002ada (0x40b98633) sub     a2, s3, a1
core   0: 3 0x80002ada (0x40b98633) x12 0x80022e64
core   0: 0x80002ade (0x027ee233) rem     tp, t4, t2
core   0: 3 0x80002ade (0x027ee233) x 4 0x0000001b
core   0: 0x80002ae2 (0xb50bff93) andi    t6, s7, -1200
core   0: 3 0x80002ae2 (0xb50bff93) x31 0x00000040
core   0: 0x80002ae6 (0x0000100f) fence.i
core   0: 3 0x80002ae6 (0x0000100f)
core   0: 0x80002aea (0x018a9763) bne     s5, s8, pc + 14
core   0: 3 0x80002aea (0x018a9763)
core   0: 0x80002aee (0x01017633) and     a2, sp, a6
core   0: 3 0x80002aee (0x01017633) x12 0x00000000
core   0: 0x80002af2 (0x0300fbb3) remu    s7, ra, a6
core   0: 3 0x80002af2 (0x0300fbb3) x23 0x80022e67
core   0: 0x80002af6 (0x00008cb1) c.xor   s1, a2
core   0: 3 0x80002af6 (0x8cb1) x 9 0x00000001
core   0: 0x80002af8 (0x03f8f0b3) remu    ra, a7, t6
core   0: 3 0x80002af8 (0x03f8f0b3) x 1 0x0000000c
core   0: 0x80002afc (0x002c0263) beq     s8, sp, pc + 4
core   0: 3 0x80002afc (0x002c0263)
core   0: 0x80002b00 (0x0000e689) c.bnez  a3, pc + 10
core   0: 3 0x80002b00 (0xe689)
core   0: 0x80002b0a (0x0000cf89) c.beqz  a5, pc + 26
core   0: 3 0x80002b0a (0xcf89)
core   0: 0x80002b0c (0x4009d093) srai    ra, s3, 0
core   0: 3 0x80002b0c (0x4009d093) x 1 0x80022e64
core   0: 0x80002b10 (0x000a0833) add     a6, s4, zero
core   0: 3 0x80002b10 (0x000a0833) x16 0x00000001
core   0: 0x80002b14 (0x03687a33) remu    s4, a6, s6
core   0: 3 0x80002b14 (0x03687a33) x20 0x00000000
core   0: 0x80002b18 (0x0281b233) mulhu   tp, gp, s0
core   0: 3 0x80002b18 (0x0281b233) x 4 0x00000000
core   0: 0x80002b1c (0x01945a93) srli    s5, s0, 25
core   0: 3 0x80002b1c (0x01945a93) x21 0x00000000
core   0: 0x80002b20 (0x029c86b3) mul     a3, s9, s1
core   0: 3 0x80002b20 (0x029c86b3) x13 0x00000000
core   0: 0x80002b24 (0x00365463) bge     a2, gp, pc + 8
core   0: 3 0x80002b24 (0x00365463)
core   0: 0x80002b28 (0x02e726b3) mulhsu  a3, a4, a4
core   0: 3 0x80002b28 (0x02e726b3) x13 0x00000000
core   0: 0x80002b2c (0x00000001) c.nop
core   0: 3 0x80002b2c (0x0001)
core   0: 0x80002b2e (0x00000001) c.nop
core   0: 3 0x80002b2e (0x0001)
core   0: 0x80002b30 (0xb0990a13) addi    s4, s2, -1271
core   0: 3 0x80002b30 (0xb0990a13) x20 0xfffffb09
core   0: 0x80002b34 (0x0000e8b1) c.bnez  s1, pc + 84
core   0: 3 0x80002b34 (0xe8b1)
core   0: 0x80002b88 (0x00009dda) c.add   s11, s6
core   0: 3 0x80002b88 (0x9dda) x27 0x00000001
core   0: 0x80002b8a (0x00008fe1) c.and   a5, s0
core   0: 3 0x80002b8a (0x8fe1) x15 0x00000001
core   0: 0x80002b8c (0x21b6abb7) lui     s7, 0x21b6a
core   0: 3 0x80002b8c (0x21b6abb7) x23 0x21b6a000
core   0: 0x80002b90 (0x01014263) blt     sp, a6, pc + 4
core   0: 3 0x80002b90 (0x01014263)
core   0: 0x80002b94 (0x00000001) c.nop
core   0: 3 0x80002b94 (0x0001)
core   0: 0x80002b96 (0x03e716b3) mulh    a3, a4, t5
core   0: 3 0x80002b96 (0x03e716b3) x13 0x00000000
core   0: 0x80002b9a (0x00008926) c.mv    s2, s1
core   0: 3 0x80002b9a (0x8926) x18 0x00000001
core   0: 0x80002b9c (0x0000ce89) c.beqz  a3, pc + 26
core   0: 3 0x80002b9c (0xce89)
core   0: 0x80002bb6 (0x00008c62) c.mv    s8, s8
core   0: 3 0x80002bb6 (0x8c62) x24 0x00000000
core   0: 0x80002bb8 (0x0106f1b3) and     gp, a3, a6
core   0: 3 0x80002bb8 (0x0106f1b3) x 3 0x00000000
core   0: 0x80002bbc (0x0212fe63) bgeu    t0, ra, pc + 60
core   0: 3 0x80002bbc (0x0212fe63)
core   0: 0x80002bc0 (0x4170d833) sra     a6, ra, s7
core   0: 3 0x80002bc0 (0x4170d833) x16 0x80022e64
core   0: 0x80002bc4 (0x40d45e33) sra     t3, s0, a3
core   0: 3 0x80002bc4 (0x40d45e33) x28 0x00000001
core   0: 0x80002bc8 (0xddba3837) lui     a6, 0xddba3
core   0: 3 0x80002bc8 (0xddba3837) x16 0xddba3000
core   0: 0x80002bcc (0x0000926e) c.add   tp, s11
core   0: 3 0x80002bcc (0x926e) x 4 0x00000001
core   0: 0x80002bce (0x407707b3) sub     a5, a4, t2
core   0: 3 0x80002bce (0x407707b3) x15 0x7ffd931c
core   0: 0x80002bd2 (0x02a0e763) bltu    ra, a0, pc + 46
core   0: 3 0x80002bd2 (0x02a0e763)
core   0: 0x80002bd6 (0x00ee2933) slt     s2, t3, a4
core   0: 3 0x80002bd6 (0x00ee2933) x18 0x00000000
core   0: 0x80002bda (0x00008c9d) c.sub   s1, a5
core   0: 3 0x80002bda (0x8c9d) x 9 0x80026ce5
core   0: 0x80002bdc (0x000048b1) c.li    a7, 12
core   0: 3 0x80002bdc (0x48b1) x17 0x0000000c
core   0: 0x80002bde (0x5fec2413) slti    s0, s8, 1534
core   0: 3 0x80002bde (0x5fec2413) x 8 0x00000001
core   0: 0x80002be2 (0x00008ff9) c.and   a5, a4
core   0: 3 0x80002be2 (0x8ff9) x15 0x00000000
core   0: 0x80002be4 (0x00009946) c.add   s2, a7
core   0: 3 0x80002be4 (0x9946) x18 0x0000000c
core   0: 0x80002be6 (0x00be8933) add     s2, t4, a1
core   0: 3 0x80002be6 (0x00be8933) x18 0x0000001b
core   0: 0x80002bea (0x03d8dc33) divu    s8, a7, t4
core   0: 3 0x80002bea (0x03d8dc33) x24 0x00000000
core   0: 0x80002bee (0x00009eaa) c.add   t4, a0
core   0: 3 0x80002bee (0x9eaa) x29 0x0001806c
core   0: 0x80002bf0 (0x00008c25) c.xor   s0, s1
core   0: 3 0x80002bf0 (0x8c25) x 8 0x80026ce4
core   0: 0x80002bf2 (0xc7ffe693) ori     a3, t6, -897
core   0: 3 0x80002bf2 (0xc7ffe693) x13 0xfffffc7f
core   0: 0x80002bf6 (0x000080e9) c.srli  s1, 26
core   0: 3 0x80002bf6 (0x80e9) x 9 0x00000020
core   0: 0x80002bf8 (0x014047b3) xor     a5, zero, s4
core   0: 3 0x80002bf8 (0x014047b3) x15 0xfffffb09
core   0: 0x80002bfc (0x75a82213) slti    tp, a6, 1882
core   0: 3 0x80002bfc (0x75a82213) x 4 0x00000001
core   0: 0x80002c00 (0x00001e90) c.addi4spn a2, sp, 880
core   0: 3 0x80002c00 (0x1e90) x12 0x80023271
core   0: 0x80002c02 (0x00006d41) c.lui   s10, 0x10
core   0: 3 0x80002c02 (0x6d41) x26 0x00010000
core   0: 0x80002c04 (0x74506493) ori     s1, zero, 1861
core   0: 3 0x80002c04 (0x74506493) x 9 0x00000745
core   0: 0x80002c08 (0x05e45263) bge     s0, t5, pc + 68
core   0: 3 0x80002c08 (0x05e45263)
core   0: 0x80002c0c (0xf1117813) andi    a6, sp, -239
core   0: 3 0x80002c0c (0xf1117813) x16 0x80022f01
core   0: 0x80002c10 (0x023b11b3) mulh    gp, s6, gp
core   0: 3 0x80002c10 (0x023b11b3) x 3 0x00000000
core   0: 0x80002c14 (0xdd086c13) ori     s8, a6, -560
core   0: 3 0x80002c14 (0xdd086c13) x24 0xffffffd1
core   0: 0x80002c18 (0x002d9b93) slli    s7, s11, 2
core   0: 3 0x80002c18 (0x002d9b93) x23 0x00000004
core   0: 0x80002c1c (0x02dddb63) bge     s11, a3, pc + 54
core   0: 3 0x80002c1c (0x02dddb63)
core   0: 0x80002c52 (0x0000717d) c.addi16sp sp, -16
core   0: 3 0x80002c52 (0x717d) x 2 0x80022ef1
core   0: 0x80002c54 (0x1389cb93) xori    s7, s3, 312
core   0: 3 0x80002c54 (0x1389cb93) x23 0x80022f5c
core   0: 0x80002c58 (0x00f93b33) sltu    s6, s2, a5
core   0: 3 0x80002c58 (0x00f93b33) x22 0x00000001
core   0: 0x80002c5c (0x01a72033) slt     zero, a4, s10
core   0: 3 0x80002c5c (0x01a72033)
core   0: 0x80002c60 (0x00008dd9) c.or    a1, a4
core   0: 3 0x80002c60 (0x8dd9) x11 0x00000000
core   0: 0x80002c62 (0x00396633) or      a2, s2, gp
core   0: 3 0x80002c62 (0x00396633) x12 0x0000001b
core   0: 0x80002c66 (0x00009afd) c.andi  a3, -1
core   0: 3 0x80002c66 (0x9afd) x13 0xfffffc7f
core   0: 0x80002c68 (0x028ad833) divu    a6, s5, s0
core   0: 3 0x80002c68 (0x028ad833) x16 0x00000000
core   0: 0x80002c6c (0x00009dba) c.add   s11, a4
core   0: 3 0x80002c6c (0x9dba) x27 0x00000001
core   0: 0x80002c6e (0x00e35d63) bge     t1, a4, pc + 26
core   0: 3 0x80002c6e (0x00e35d63)
core   0: 0x80002c88 (0x0000ee0d) c.bnez  a2, pc + 58
core   0: 3 0x80002c88 (0xee0d)
core   0: 0x80002cc2 (0x028def63) bltu    s11, s0, pc + 62
core   0: 3 0x80002cc2 (0x028def63)
core   0: 0x80002d00 (0x00008c0d) c.sub   s0, a1
core   0: 3 0x80002d00 (0x8c0d) x 8 0x80026ce4
core   0: 0x80002d02 (0x00c9f563) bgeu    s3, a2, pc + 10
core   0: 3 0x80002d02 (0x00c9f563)
core   0: 0x80002d0c (0x0000717d) c.addi16sp sp, -16
core   0: 3 0x80002d0c (0x717d) x 2 0x80022ee1
core   0: 0x80002d0e (0x031fb133) mulhu   sp, t6, a7
core   0: 3 0x80002d0e (0x031fb133) x 2 0x00000000
core   0: 0x80002d12 (0x59ce7e13) andi    t3, t3, 1436
core   0: 3 0x80002d12 (0x59ce7e13) x28 0x00000000
core   0: 0x80002d16 (0x0ff0000f) fence   iorw,iorw
core   0: 3 0x80002d16 (0x0ff0000f)
core   0: 0x80002d1a (0x00006d6d) c.lui   s10, 0x1b
core   0: 3 0x80002d1a (0x6d6d) x26 0x0001b000
core   0: 0x80002d1c (0x0000e291) c.bnez  a3, pc + 4
core   0: 3 0x80002d1c (0xe291)
core   0: 0x80002d20 (0x01124263) blt     tp, a7, pc + 4
core   0: 3 0x80002d20 (0x01124263)
core   0: 0x80002d24 (0x00000001) c.nop
core   0: 3 0x80002d24 (0x0001)
core   0: 0x80002d26 (0x00000325) c.addi  t1, 9
core   0: 3 0x80002d26 (0x0325) x 6 0x00000009
core   0: 0x80002d28 (0x40d45613) srai    a2, s0, 13
core   0: 3 0x80002d28 (0x40d45613) x12 0xfffc0013
core   0: 0x80002d2c (0x0000c0b1) c.beqz  s1, pc + 68
core   0: 3 0x80002d2c (0xc0b1)
core   0: 0x80002d2e (0x6ccc3b13) sltiu   s6, s8, 1740
core   0: 3 0x80002d2e (0x6ccc3b13) x22 0x00000000
core   0: 0x80002d32 (0x01c77463) bgeu    a4, t3, pc + 8
core   0: 3 0x80002d32 (0x01c77463)
core   0: 0x80002d3a (0x4141d233) sra     tp, gp, s4
core   0: 3 0x80002d3a (0x4141d233) x 4 0x00000000
core   0: 0x80002d3e (0x9cba6513) ori     a0, s4, -1589
core   0: 3 0x80002d3e (0x9cba6513) x10 0xfffffbcb
core   0: 0x80002d42 (0x000088e6) c.mv    a7, s9
core   0: 3 0x80002d42 (0x88e6) x17 0x00000000
core   0: 0x80002d44 (0x00008211) c.srli  a2, 4
core   0: 3 0x80002d44 (0x8211) x12 0x0fffc001
core   0: 0x80002d46 (0x65573713) sltiu   a4, a4, 1621
core   0: 3 0x80002d46 (0x65573713) x14 0x00000001
core   0: 0x80002d4a (0x01a498b3) sll     a7, s1, s10
core   0: 3 0x80002d4a (0x01a498b3) x17 0x00000745
core   0: 0x80002d4e (0x00000c59) c.addi  s8, 22
core   0: 3 0x80002d4e (0x0c59) x24 0xffffffe7
core   0: 0x80002d50 (0x29ebfc13) andi    s8, s7, 670
core   0: 3 0x80002d50 (0x29ebfc13) x24 0x0000021c
core   0: 0x80002d54 (0x00008eb1) c.xor   a3, a2
core   0: 3 0x80002d54 (0x8eb1) x13 0xf0003c7e
core   0: 0x80002d56 (0x01547c33) and     s8, s0, s5
core   0: 3 0x80002d56 (0x01547c33) x24 0x00000000
core   0: 0x80002d5a (0x02478ab3) mul     s5, a5, tp
core   0: 3 0x80002d5a (0x02478ab3) x21 0x00000000
core   0: 0x80002d5e (0x0ff0000f) fence   iorw,iorw
core   0: 3 0x80002d5e (0x0ff0000f)
core   0: 0x80002d62 (0x007a9f33) sll     t5, s5, t2
core   0: 3 0x80002d62 (0x007a9f33) x30 0x00000000
core   0: 0x80002d66 (0x00008ead) c.xor   a3, a1
core   0: 3 0x80002d66 (0x8ead) x13 0xf0003c7e
core   0: 0x80002d68 (0x014b17b3) sll     a5, s6, s4
core   0: 3 0x80002d68 (0x014b17b3) x15 0x00000000
core   0: 0x80002d6c (0xd4198637) lui     a2, 0xd4198
core   0: 3 0x80002d6c (0xd4198637) x12 0xd4198000
core   0: 0x80002d70 (0x0df4c917) auipc   s2, 0xdf4c
core   0: 3 0x80002d70 (0x0df4c917) x18 0x8df4ed70
core   0: 0x80002d74 (0x03be1bb3) mulh    s7, t3, s11
core   0: 3 0x80002d74 (0x03be1bb3) x23 0x00000000
core   0: 0x80002d78 (0x0ff0000f) fence   iorw,iorw
core   0: 3 0x80002d78 (0x0ff0000f)
core   0: 0x80002d7c (0x00ef4cb3) xor     s9, t5, a4
core   0: 3 0x80002d7c (0x00ef4cb3) x25 0x00000001
core   0: 0x80002d80 (0x00001d98) c.addi4spn a4, sp, 752
core   0: 3 0x80002d80 (0x1d98) x14 0x000002f0
core   0: 0x80002d82 (0x62fe2613) slti    a2, t3, 1583
core   0: 3 0x80002d82 (0x62fe2613) x12 0x00000001
core   0: 0x80002d86 (0x0000c205) c.beqz  a2, pc + 32
core   0: 3 0x80002d86 (0xc205)
core   0: 0x80002d88 (0x037ad5b3) divu    a1, s5, s7
core   0: 3 0x80002d88 (0x037ad5b3) x11 0xffffffff
core   0: 0x80002d8c (0x0034a7b3) slt     a5, s1, gp
core   0: 3 0x80002d8c (0x0034a7b3) x15 0x00000000
core   0: 0x80002d90 (0x021cdcb3) divu    s9, s9, ra
core   0: 3 0x80002d90 (0x021cdcb3) x25 0x00000000
core   0: 0x80002d94 (0x037c4d63) blt     s8, s7, pc + 58
core   0: 3 0x80002d94 (0x037c4d63)
core   0: 0x80002d98 (0xd6578693) addi    a3, a5, -667
core   0: 3 0x80002d98 (0xd6578693) x13 0xfffffd65
core   0: 0x80002d9c (0x01637ab3) and     s5, t1, s6
core   0: 3 0x80002d9c (0x01637ab3) x21 0x00000000
core   0: 0x80002da0 (0x01e01593) slli    a1, zero, 30
core   0: 3 0x80002da0 (0x01e01593) x11 0x00000000
core   0: 0x80002da4 (0x0000878d) c.srai  a5, 3
core   0: 3 0x80002da4 (0x878d) x15 0x00000000
core   0: 0x80002da6 (0x02ddc133) div     sp, s11, a3
core   0: 3 0x80002da6 (0x02ddc133) x 2 0x00000000
core   0: 0x80002daa (0x030cf6b3) remu    a3, s9, a6
core   0: 3 0x80002daa (0x030cf6b3) x13 0x00000000
core   0: 0x80002dae (0x0000e1b1) c.bnez  a1, pc + 68
core   0: 3 0x80002dae (0xe1b1)
core   0: 0x80002db0 (0x2e027c13) andi    s8, tp, 736
core   0: 3 0x80002db0 (0x2e027c13) x24 0x00000000
core   0: 0x80002db4 (0x00fdbeb3) sltu    t4, s11, a5
core   0: 3 0x80002db4 (0x00fdbeb3) x29 0x00000000
core   0: 0x80002db8 (0x984ab093) sltiu   ra, s5, -1660
core   0: 3 0x80002db8 (0x984ab093) x 1 0x00000001
core   0: 0x80002dbc (0x001f9333) sll     t1, t6, ra
core   0: 3 0x80002dbc (0x001f9333) x 6 0x00000080
core   0: 0x80002dc0 (0x20010d37) lui     s10, 0x20010
core   0: 3 0x80002dc0 (0x20010d37) x26 0x20010000
core   0: 0x80002dc4 (0x00269c33) sll     s8, a3, sp
core   0: 3 0x80002dc4 (0x00269c33) x24 0x00000000
core   0: 0x80002dc8 (0x6b243c13) sltiu   s8, s0, 1714
core   0: 3 0x80002dc8 (0x6b243c13) x24 0x00000000
core   0: 0x80002dcc (0x00008fcd) c.or    a5, a1
core   0: 3 0x80002dcc (0x8fcd) x15 0x00000000
core   0: 0x80002dce (0x41d45d13) srai    s10, s0, 29
core   0: 3 0x80002dce (0x41d45d13) x26 0xfffffffc
core   0: 0x80002dd2 (0x0174d0b3) srl     ra, s1, s7
core   0: 3 0x80002dd2 (0x0174d0b3) x 1 0x00000745
core   0: 0x80002dd6 (0x00820663) beq     tp, s0, pc + 12
core   0: 3 0x80002dd6 (0x00820663)
core   0: 0x80002dda (0x419f5033) sra     zero, t5, s9
core   0: 3 0x80002dda (0x419f5033)
core   0: 0x80002dde (0x4073db33) sra     s6, t2, t2
core   0: 3 0x80002dde (0x4073db33) x22 0xf80026ce
core   0: 0x80002de2 (0x0128d863) bge     a7, s2, pc + 16
core   0: 3 0x80002de2 (0x0128d863)
core   0: 0x80002df2 (0x00008721) c.srai  a4, 8
core   0: 3 0x80002df2 (0x8721) x14 0x00000002
core   0: 0x80002df4 (0x03fe27b3) mulhsu  a5, t3, t6
core   0: 3 0x80002df4 (0x03fe27b3) x15 0x00000000
core   0: 0x80002df8 (0x01ff1b63) bne     t5, t6, pc + 22
core   0: 3 0x80002df8 (0x01ff1b63)
core   0: 0x80002e0e (0xef2d0313) addi    t1, s10, -270
core   0: 3 0x80002e0e (0xef2d0313) x 6 0xfffffeee
core   0: 0x80002e12 (0x00000515) c.addi  a0, 5
core   0: 3 0x80002e12 (0x0515) x10 0xfffffbd0
core   0: 0x80002e14 (0x6315f213) andi    tp, a1, 1585
core   0: 3 0x80002e14 (0x6315f213) x 4 0x00000000
core   0: 0x80002e18 (0x00008c15) c.sub   s0, a3
core   0: 3 0x80002e18 (0x8c15) x 8 0x80026ce4
core   0: 0x80002e1a (0x021b5a33) divu    s4, s6, ra
core   0: 3 0x80002e1a (0x021b5a33) x20 0x00221d75
core   0: 0x80002e1e (0x0190b133) sltu    sp, ra, s9
core   0: 3 0x80002e1e (0x0190b133) x 2 0x00000000
core   0: 0x80002e22 (0x40b00333) sub     t1, zero, a1
core   0: 3 0x80002e22 (0x40b00333) x 6 0x00000000
core   0: 0x80002e26 (0x00d8f7b3) and     a5, a7, a3
core   0: 3 0x80002e26 (0x00d8f7b3) x15 0x00000000
core   0: 0x80002e2a (0x0074d263) bge     s1, t2, pc + 4
core   0: 3 0x80002e2a (0x0074d263)
core   0: 0x80002e2e (0x0000100f) fence.i
core   0: 3 0x80002e2e (0x0000100f)
core   0: 0x80002e32 (0x02dde563) bltu    s11, a3, pc + 42
core   0: 3 0x80002e32 (0x02dde563)
core   0: 0x80002e36 (0x016d58b3) srl     a7, s10, s6
core   0: 3 0x80002e36 (0x016d58b3) x17 0x0003ffff
core   0: 0x80002e3a (0x02464333) div     t1, a2, tp
core   0: 3 0x80002e3a (0x02464333) x 6 0xffffffff
core   0: 0x80002e3e (0x00000db1) c.addi  s11, 12
core   0: 3 0x80002e3e (0x0db1) x27 0x0000000d
core   0: 0x80002e40 (0x03f9d933) divu    s2, s3, t6
core   0: 3 0x80002e40 (0x03f9d933) x18 0x020008b9
core   0: 0x80002e44 (0x00008ea9) c.xor   a3, a0
core   0: 3 0x80002e44 (0x8ea9) x13 0xfffffbd0
core   0: 0x80002e46 (0x00c6aab3) slt     s5, a3, a2
core   0: 3 0x80002e46 (0x00c6aab3) x21 0x00000001
core   0: 0x80002e4a (0x01e70b63) beq     a4, t5, pc + 22
core   0: 3 0x80002e4a (0x01e70b63)
core   0: 0x80002e4e (0x7913f413) andi    s0, t2, 1937
core   0: 3 0x80002e4e (0x7913f413) x 8 0x00000480
core   0: 0x80002e52 (0x01dd5263) bge     s10, t4, pc + 4
core   0: 3 0x80002e52 (0x01dd5263)
core   0: 0x80002e56 (0x00000001) c.nop
core   0: 3 0x80002e56 (0x0001)
core   0: 0x80002e58 (0x000086f6) c.mv    a3, t4
core   0: 3 0x80002e58 (0x86f6) x13 0x00000000
core   0: 0x80002e5a (0x00008f71) c.and   a4, a2
core   0: 3 0x80002e5a (0x8f71) x14 0x00000000
core   0: 0x80002e5c (0x00349b93) slli    s7, s1, 3
core   0: 3 0x80002e5c (0x00349b93) x23 0x00003a28
core   0: 0x80002e60 (0x00008739) c.srai  a4, 14
core   0: 3 0x80002e60 (0x8739) x14 0x00000000
core   0: 0x80002e62 (0x6436c813) xori    a6, a3, 1603
core   0: 3 0x80002e62 (0x6436c813) x16 0x00000643
core   0: 0x80002e66 (0x00006149) c.addi16sp sp, 144
core   0: 3 0x80002e66 (0x6149) x 2 0x00000090
core   0: 0x80002e68 (0x06415b63) bge     sp, tp, pc + 118
core   0: 3 0x80002e68 (0x06415b63)
core   0: 0x80002ede (0x0000cf8d) c.beqz  a5, pc + 58
core   0: 3 0x80002ede (0xcf8d)
core   0: 0x80002f18 (0x023a4e63) blt     s4, gp, pc + 60
core   0: 3 0x80002f18 (0x023a4e63)
core   0: 0x80002f1c (0x031fbbb3) mulhu   s7, t6, a7
core   0: 3 0x80002f1c (0x031fbbb3) x23 0x00000000
core   0: 0x80002f20 (0x03363b33) mulhu   s6, a2, s3
core   0: 3 0x80002f20 (0x03363b33) x22 0x00000000
core   0: 0x80002f24 (0x02aaafb3) mulhsu  t6, s5, a0
core   0: 3 0x80002f24 (0x02aaafb3) x31 0x00000000
core   0: 0x80002f28 (0x01d3dc33) srl     s8, t2, t4
core   0: 3 0x80002f28 (0x01d3dc33) x24 0x80026ce4
core   0: 0x80002f2c (0x01d371b3) and     gp, t1, t4
core   0: 3 0x80002f2c (0x01d371b3) x 3 0x00000000
core   0: 0x80002f30 (0x00008d91) c.sub   a1, a2
core   0: 3 0x80002f30 (0x8d91) x11 0xffffffff
core   0: 0x80002f32 (0x018a9613) slli    a2, s5, 24
core   0: 3 0x80002f32 (0x018a9613) x12 0x01000000
core   0: 0x80002f36 (0x41c85833) sra     a6, a6, t3
core   0: 3 0x80002f36 (0x41c85833) x16 0x00000643
core   0: 0x80002f3a (0x41eed193) srai    gp, t4, 30
core   0: 3 0x80002f3a (0x41eed193) x 3 0x00000000
core   0: 0x80002f3e (0x00008f31) c.xor   a4, a2
core   0: 3 0x80002f3e (0x8f31) x14 0x01000000
core   0: 0x80002f40 (0x024c5a63) bge     s8, tp, pc + 52
core   0: 3 0x80002f40 (0x024c5a63)
core   0: 0x80002f44 (0x00000001) c.nop
core   0: 3 0x80002f44 (0x0001)
core   0: 0x80002f46 (0x03c1d533) divu    a0, gp, t3
core   0: 3 0x80002f46 (0x03c1d533) x10 0xffffffff
core   0: 0x80002f4a (0x407580b3) sub     ra, a1, t2
core   0: 3 0x80002f4a (0x407580b3) x 1 0x7ffd931b
core   0: 0x80002f4e (0x0046c563) blt     a3, tp, pc + 10
core   0: 3 0x80002f4e (0x0046c563)
core   0: 0x80002f52 (0x00008a59) c.andi  a2, 22
core   0: 3 0x80002f52 (0x8a59) x12 0x00000000
core   0: 0x80002f54 (0x00c81d63) bne     a6, a2, pc + 26
core   0: 3 0x80002f54 (0x00c81d63)
core   0: 0x80002f6e (0x00009a7d) c.andi  a2, -1
core   0: 3 0x80002f6e (0x9a7d) x12 0x00000000
core   0: 0x80002f70 (0x41625b13) srai    s6, tp, 22
core   0: 3 0x80002f70 (0x41625b13) x22 0x00000000
core   0: 0x80002f74 (0x0000830d) c.srli  a4, 3
core   0: 3 0x80002f74 (0x830d) x14 0x00200000
core   0: 0x80002f76 (0x01dc2f33) slt     t5, s8, t4
core   0: 3 0x80002f76 (0x01dc2f33) x30 0x00000001
core   0: 0x80002f7a (0x0000e689) c.bnez  a3, pc + 10
core   0: 3 0x80002f7a (0xe689)
core   0: 0x80002f7c (0x00a7b933) sltu    s2, a5, a0
core   0: 3 0x80002f7c (0x00a7b933) x18 0x00000001
core   0: 0x80002f80 (0x00008d49) c.or    a0, a0
core   0: 3 0x80002f80 (0x8d49) x10 0xffffffff
core   0: 0x80002f82 (0x00000001) c.nop
core   0: 3 0x80002f82 (0x0001)
core   0: 0x80002f84 (0x40abd233) sra     tp, s7, a0
core   0: 3 0x80002f84 (0x40abd233) x 4 0x00000000
core   0: 0x80002f88 (0x0ff0000f) fence   iorw,iorw
core   0: 3 0x80002f88 (0x0ff0000f)
core   0: 0x80002f8c (0x000058fd) c.li    a7, -1
core   0: 3 0x80002f8c (0x58fd) x17 0xffffffff
core   0: 0x80002f8e (0x0258a233) mulhsu  tp, a7, t0
core   0: 3 0x80002f8e (0x0258a233) x 4 0xffffffff
core   0: 0x80002f92 (0x00006819) c.lui   a6, 0x6
core   0: 3 0x80002f92 (0x6819) x16 0x00006000
core   0: 0x80002f94 (0x0113ceb3) xor     t4, t2, a7
core   0: 3 0x80002f94 (0x0113ceb3) x29 0x7ffd931b
core   0: 0x80002f98 (0x02608463) beq     ra, t1, pc + 40
core   0: 3 0x80002f98 (0x02608463)
core   0: 0x80002f9c (0x5ad0fb13) andi    s6, ra, 1453
core   0: 3 0x80002f9c (0x5ad0fb13) x22 0x00000109
core   0: 0x80002fa0 (0x003bb133) sltu    sp, s7, gp
core   0: 3 0x80002fa0 (0x003bb133) x 2 0x00000000
core   0: 0x80002fa4 (0x03a55033) divu    zero, a0, s10
core   0: 3 0x80002fa4 (0x03a55033)
core   0: 0x80002fa8 (0x0000e019) c.bnez  s0, pc + 6
core   0: 3 0x80002fa8 (0xe019)
core   0: 0x80002fae (0x00000001) c.nop
core   0: 3 0x80002fae (0x0001)
core   0: 0x80002fb0 (0x4a7a8a13) addi    s4, s5, 1191
core   0: 3 0x80002fb0 (0x4a7a8a13) x20 0x000004a8
core   0: 0x80002fb4 (0x00000122) c.slli  sp, 8
core   0: 3 0x80002fb4 (0x0122) x 2 0x00000000
core   0: 0x80002fb6 (0x00a85e33) srl     t3, a6, a0
core   0: 3 0x80002fb6 (0x00a85e33) x28 0x00000000
core   0: 0x80002fba (0x00000001) c.nop
core   0: 3 0x80002fba (0x0001)
core   0: 0x80002fbc (0x000048f5) c.li    a7, 29
core   0: 3 0x80002fbc (0x48f5) x17 0x0000001d
core   0: 0x80002fbe (0x00000001) c.nop
core   0: 3 0x80002fbe (0x0001)
core   0: 0x80002fc0 (0xbc0c4c93) xori    s9, s8, -1088
core   0: 3 0x80002fc0 (0xbc0c4c93) x25 0x7ffd9724
core   0: 0x80002fc4 (0x0000987d) c.andi  s0, -1
core   0: 3 0x80002fc4 (0x987d) x 8 0x00000480
core   0: 0x80002fc6 (0x20646b13) ori     s6, s0, 518
core   0: 3 0x80002fc6 (0x20646b13) x22 0x00000686
core   0: 0x80002fca (0x0046e463) bltu    a3, tp, pc + 8
core   0: 3 0x80002fca (0x0046e463)
core   0: 0x80002fd2 (0x019c4bb3) xor     s7, s8, s9
core   0: 3 0x80002fd2 (0x019c4bb3) x23 0xfffffbc0
core   0: 0x80002fd6 (0x00000001) c.nop
core   0: 3 0x80002fd6 (0x0001)
core   0: 0x80002fd8 (0x400f8eb3) sub     t4, t6, zero
core   0: 3 0x80002fd8 (0x400f8eb3) x29 0x00000000
core   0: 0x80002fdc (0x008dd5b3) srl     a1, s11, s0
core   0: 3 0x80002fdc (0x008dd5b3) x11 0x0000000d
core   0: 0x80002fe0 (0x411ede13) srai    t3, t4, 17
core   0: 3 0x80002fe0 (0x411ede13) x28 0x00000000
core   0: 0x80002fe4 (0x00008cf9) c.and   s1, a4
core   0: 3 0x80002fe4 (0x8cf9) x 9 0x00000000
core   0: 0x80002fe6 (0x037ccf33) div     t5, s9, s7
core   0: 3 0x80002fe6 (0x037ccf33) x30 0xffe1e274
core   0: 0x80002fea (0x00004aa5) c.li    s5, 9
core   0: 3 0x80002fea (0x4aa5) x21 0x00000009
core   0: 0x80002fec (0x03389933) mulh    s2, a7, s3
core   0: 3 0x80002fec (0x03389933) x18 0xfffffff1
core   0: 0x80002ff0 (0x00008c5a) c.mv    s8, s6
core   0: 3 0x80002ff0 (0x8c5a) x24 0x00000686
core   0: 0x80002ff2 (0x03d50663) beq     a0, t4, pc + 44
core   0: 3 0x80002ff2 (0x03d50663)
core   0: 0x80002ff6 (0x00008e09) c.sub   a2, a0
core   0: 3 0x80002ff6 (0x8e09) x12 0x00000001
core   0: 0x80002ff8 (0x00006155) c.addi16sp sp, 304
core   0: 3 0x80002ff8 (0x6155) x 2 0x00000130
core   0: 0x80002ffa (0x00000dce) c.slli  s11, 19
core   0: 3 0x80002ffa (0x0dce) x27 0x00680000
core   0: 0x80002ffc (0x00a7a6b3) slt     a3, a5, a0
core   0: 3 0x80002ffc (0x00a7a6b3) x13 0x00000000
core   0: 0x80003000 (0x01bc1563) bne     s8, s11, pc + 10
core   0: 3 0x80003000 (0x01bc1563)
core   0: 0x8000300a (0x00008e49) c.or    a2, a0
core   0: 3 0x8000300a (0x8e49) x12 0xffffffff
core   0: 0x8000300c (0x00008f1d) c.sub   a4, a5
core   0: 3 0x8000300c (0x8f1d) x14 0x00200000
core   0: 0x8000300e (0x00006119) c.addi16sp sp, 384
core   0: 3 0x8000300e (0x6119) x 2 0x000002b0
core   0: 0x80003010 (0x00df9f63) bne     t6, a3, pc + 30
core   0: 3 0x80003010 (0x00df9f63)
core   0: 0x80003014 (0x0000187d) c.addi  a6, -1
core   0: 3 0x80003014 (0x187d) x16 0x00005fff
core   0: 0x80003016 (0x02e97563) bgeu    s2, a4, pc + 42
core   0: 3 0x80003016 (0x02e97563)
core   0: 0x80003040 (0x09fd7197) auipc   gp, 0x9fd7
core   0: 3 0x80003040 (0x09fd7197) x 3 0x89fda040
core   0: 0x80003044 (0x022fdb33) divu    s6, t6, sp
core   0: 3 0x80003044 (0x022fdb33) x22 0x00000000
core   0: 0x80003048 (0x008356b3) srl     a3, t1, s0
core   0: 3 0x80003048 (0x008356b3) x13 0xffffffff
core   0: 0x8000304c (0x01e04433) xor     s0, zero, t5
core   0: 3 0x8000304c (0x01e04433) x 8 0xffe1e274
core   0: 0x80003050 (0x01384a33) xor     s4, a6, s3
core   0: 3 0x80003050 (0x01384a33) x20 0x8002719b
core   0: 0x80003054 (0x00ce5b13) srli    s6, t3, 12
core   0: 3 0x80003054 (0x00ce5b13) x22 0x00000000
core   0: 0x80003058 (0x00c71413) slli    s0, a4, 12
core   0: 3 0x80003058 (0x00c71413) x 8 0x00000000
core   0: 0x8000305c (0x03b84db3) div     s11, a6, s11
core   0: 3 0x8000305c (0x03b84db3) x27 0x00000000
core   0: 0x80003060 (0x41995d13) srai    s10, s2, 25
core   0: 3 0x80003060 (0x41995d13) x26 0xffffffff
core   0: 0x80003064 (0x01d69f33) sll     t5, a3, t4
core   0: 3 0x80003064 (0x01d69f33) x30 0xffffffff
core   0: 0x80003068 (0x03830833) mul     a6, t1, s8
core   0: 3 0x80003068 (0x03830833) x16 0xfffff97a
core   0: 0x8000306c (0x00000d4a) c.slli  s10, 18
core   0: 3 0x8000306c (0x0d4a) x26 0xfffc0000
core   0: 0x8000306e (0xddbb0193) addi    gp, s6, -549
core   0: 3 0x8000306e (0xddbb0193) x 3 0xfffffddb
core   0: 0x80003072 (0x0000c709) c.beqz  a4, pc + 10
core   0: 3 0x80003072 (0xc709)
core   0: 0x80003074 (0x408984b3) sub     s1, s3, s0
core   0: 3 0x80003074 (0x408984b3) x 9 0x80022e64
core   0: 0x80003078 (0x00008c81) c.sub   s1, s0
core   0: 3 0x80003078 (0x8c81) x 9 0x80022e64
core   0: 0x8000307a (0x000067bd) c.lui   a5, 0xf
core   0: 3 0x8000307a (0x67bd) x15 0x0000f000
core   0: 0x8000307c (0x00cddc63) bge     s11, a2, pc + 24
core   0: 3 0x8000307c (0x00cddc63)
core   0: 0x80003094 (0x00008551) c.srai  a0, 20
core   0: 3 0x80003094 (0x8551) x10 0xffffffff
core   0: 0x80003096 (0x06b9e163) bltu    s3, a1, pc + 98
core   0: 3 0x80003096 (0x06b9e163)
core   0: 0x8000309a (0x01341433) sll     s0, s0, s3
core   0: 3 0x8000309a (0x01341433) x 8 0x00000000
core   0: 0x8000309e (0x000098d2) c.add   a7, s4
core   0: 3 0x8000309e (0x98d2) x17 0x800271b8
core   0: 0x800030a0 (0x016086b3) add     a3, ra, s6
core   0: 3 0x800030a0 (0x016086b3) x13 0x7ffd931b
core   0: 0x800030a4 (0x01006db3) or      s11, zero, a6
core   0: 3 0x800030a4 (0x01006db3) x27 0xfffff97a
core   0: 0x800030a8 (0x90a94f93) xori    t6, s2, -1782
core   0: 3 0x800030a8 (0x90a94f93) x31 0x000006fb
core   0: 0x800030ac (0x00a00713) li      a4, 10
core   0: 3 0x800030ac (0x00a00713) x14 0x0000000a
core   0: 0x800030b0 (0xbe75f313) andi    t1, a1, -1049
core   0: 3 0x800030b0 (0xbe75f313) x 6 0x00000005
core   0: 0x800030b4 (0x00008e31) c.xor   a2, a2
core   0: 3 0x800030b4 (0x8e31) x12 0x00000000
core   0: 0x800030b6 (0x00001bfd) c.addi  s7, -1
core   0: 3 0x800030b6 (0x1bfd) x23 0xfffffbbf
core   0: 0x800030b8 (0x00500193) li      gp, 5
core   0: 3 0x800030b8 (0x00500193) x 3 0x00000005
core   0: 0x800030bc (0x00c66bb3) or      s7, a2, a2
core   0: 3 0x800030bc (0x00c66bb3) x23 0x00000000
core   0: 0x800030c0 (0xa6c43f13) sltiu   t5, s0, -1428
core   0: 3 0x800030c0 (0xa6c43f13) x30 0x00000001
core   0: 0x800030c4 (0x40c0d093) srai    ra, ra, 12
core   0: 3 0x800030c4 (0x40c0d093) x 1 0x0007ffd9
core   0: 0x800030c8 (0x566ccb13) xori    s6, s9, 1382
core   0: 3 0x800030c8 (0x566ccb13) x22 0x7ffd9242
core   0: 0x800030cc (0x00001775) c.addi  a4, -3
core   0: 3 0x800030cc (0x1775) x14 0x00000007
core   0: 0x800030ce (0x00008d52) c.mv    s10, s4
core   0: 3 0x800030ce (0x8d52) x26 0x8002719b
core   0: 0x800030d0 (0x00700a93) li      s5, 7
core   0: 3 0x800030d0 (0x00700a93) x21 0x00000007
core   0: 0x800030d4 (0xff900913) li      s2, -7
core   0: 3 0x800030d4 (0xff900913) x18 0xfffffff9
core   0: 0x800030d8 (0x37d25437) lui     s0, 0x37d25
core   0: 3 0x800030d8 (0x37d25437) x 8 0x37d25000
core   0: 0x800030dc (0x030dd5b3) divu    a1, s11, a6
core   0: 3 0x800030dc (0x030dd5b3) x11 0x00000001
core   0: 0x800030e0 (0x00001ae5) c.addi  s5, -7
core   0: 3 0x800030e0 (0x1ae5) x21 0x00000000
core   0: 0x800030e2 (0x00000122) c.slli  sp, 8
core   0: 3 0x800030e2 (0x0122) x 2 0x0002b000
core   0: 0x800030e4 (0x00008e49) c.or    a2, a0
core   0: 3 0x800030e4 (0x8e49) x12 0xffffffff
core   0: 0x800030e6 (0x00008e35) c.xor   a2, a3
core   0: 3 0x800030e6 (0x8e35) x12 0x80026ce4
core   0: 0x800030e8 (0xff2a98e3) bne     s5, s2, pc - 16
core   0: 3 0x800030e8 (0xff2a98e3)
core   0: 0x800030d8 (0x37d25437) lui     s0, 0x37d25
core   0: 3 0x800030d8 (0x37d25437) x 8 0x37d25000
core   0: 0x800030dc (0x030dd5b3) divu    a1, s11, a6
core   0: 3 0x800030dc (0x030dd5b3) x11 0x00000001
core   0: 0x800030e0 (0x00001ae5) c.addi  s5, -7
core   0: 3 0x800030e0 (0x1ae5) x21 0xfffffff9
core   0: 0x800030e2 (0x00000122) c.slli  sp, 8
core   0: 3 0x800030e2 (0x0122) x 2 0x02b00000
core   0: 0x800030e4 (0x00008e49) c.or    a2, a0
core   0: 3 0x800030e4 (0x8e49) x12 0xffffffff
core   0: 0x800030e6 (0x00008e35) c.xor   a2, a3
core   0: 3 0x800030e6 (0x8e35) x12 0x80026ce4
core   0: 0x800030e8 (0xff2a98e3) bne     s5, s2, pc - 16
core   0: 3 0x800030e8 (0xff2a98e3)
core   0: 0x800030ec (0xfc377ae3) bgeu    a4, gp, pc - 44
core   0: 3 0x800030ec (0xfc377ae3)
core   0: 0x800030c0 (0xa6c43f13) sltiu   t5, s0, -1428
core   0: 3 0x800030c0 (0xa6c43f13) x30 0x00000001
core   0: 0x800030c4 (0x40c0d093) srai    ra, ra, 12
core   0: 3 0x800030c4 (0x40c0d093) x 1 0x0000007f
core   0: 0x800030c8 (0x566ccb13) xori    s6, s9, 1382
core   0: 3 0x800030c8 (0x566ccb13) x22 0x7ffd9242
core   0: 0x800030cc (0x00001775) c.addi  a4, -3
core   0: 3 0x800030cc (0x1775) x14 0x00000004
core   0: 0x800030ce (0x00008d52) c.mv    s10, s4
core   0: 3 0x800030ce (0x8d52) x26 0x8002719b
core   0: 0x800030d0 (0x00700a93) li      s5, 7
core   0: 3 0x800030d0 (0x00700a93) x21 0x00000007
core   0: 0x800030d4 (0xff900913) li      s2, -7
core   0: 3 0x800030d4 (0xff900913) x18 0xfffffff9
core   0: 0x800030d8 (0x37d25437) lui     s0, 0x37d25
core   0: 3 0x800030d8 (0x37d25437) x 8 0x37d25000
core   0: 0x800030dc (0x030dd5b3) divu    a1, s11, a6
core   0: 3 0x800030dc (0x030dd5b3) x11 0x00000001
core   0: 0x800030e0 (0x00001ae5) c.addi  s5, -7
core   0: 3 0x800030e0 (0x1ae5) x21 0x00000000
core   0: 0x800030e2 (0x00000122) c.slli  sp, 8
core   0: 3 0x800030e2 (0x0122) x 2 0xb0000000
core   0: 0x800030e4 (0x00008e49) c.or    a2, a0
core   0: 3 0x800030e4 (0x8e49) x12 0xffffffff
core   0: 0x800030e6 (0x00008e35) c.xor   a2, a3
core   0: 3 0x800030e6 (0x8e35) x12 0x80026ce4
core   0: 0x800030e8 (0xff2a98e3) bne     s5, s2, pc - 16
core   0: 3 0x800030e8 (0xff2a98e3)
core   0: 0x800030d8 (0x37d25437) lui     s0, 0x37d25
core   0: 3 0x800030d8 (0x37d25437) x 8 0x37d25000
core   0: 0x800030dc (0x030dd5b3) divu    a1, s11, a6
core   0: 3 0x800030dc (0x030dd5b3) x11 0x00000001
core   0: 0x800030e0 (0x00001ae5) c.addi  s5, -7
core   0: 3 0x800030e0 (0x1ae5) x21 0xfffffff9
core   0: 0x800030e2 (0x00000122) c.slli  sp, 8
core   0: 3 0x800030e2 (0x0122) x 2 0x00000000
core   0: 0x800030e4 (0x00008e49) c.or    a2, a0
core   0: 3 0x800030e4 (0x8e49) x12 0xffffffff
core   0: 0x800030e6 (0x00008e35) c.xor   a2, a3
core   0: 3 0x800030e6 (0x8e35) x12 0x80026ce4
core   0: 0x800030e8 (0xff2a98e3) bne     s5, s2, pc - 16
core   0: 3 0x800030e8 (0xff2a98e3)
core   0: 0x800030ec (0xfc377ae3) bgeu    a4, gp, pc - 44
core   0: 3 0x800030ec (0xfc377ae3)
core   0: 0x800030f0 (0x03948833) mul     a6, s1, s9
core   0: 3 0x800030f0 (0x03948833) x16 0xbe7f8210
core   0: 0x800030f4 (0x412108b3) sub     a7, sp, s2
core   0: 3 0x800030f4 (0x412108b3) x17 0x00000007
core   0: 0x800030f8 (0x40050f33) sub     t5, a0, zero
core   0: 3 0x800030f8 (0x40050f33) x30 0xffffffff
core   0: 0x800030fc (0x054ad063) bge     s5, s4, pc + 64
core   0: 3 0x800030fc (0x054ad063)
core   0: 0x8000313c (0x84a98813) addi    a6, s3, -1974
core   0: 3 0x8000313c (0x84a98813) x16 0x800226ae
core   0: 0x80003140 (0x0256d233) divu    tp, a3, t0
core   0: 3 0x80003140 (0x0256d233) x 4 0x3ffec98d
core   0: 0x80003144 (0x03ec2933) mulhsu  s2, s8, t5
core   0: 3 0x80003144 (0x03ec2933) x18 0x00000685
core   0: 0x80003148 (0x0000c919) c.beqz  a0, pc + 22
core   0: 3 0x80003148 (0xc919)
core   0: 0x8000314a (0xe9f24113) xori    sp, tp, -353
core   0: 3 0x8000314a (0xe9f24113) x 2 0xc0013712
core   0: 0x8000314e (0x022f6ab3) rem     s5, t5, sp
core   0: 3 0x8000314e (0x022f6ab3) x21 0xffffffff
core   0: 0x80003152 (0x02edbb33) mulhu   s6, s11, a4
core   0: 3 0x80003152 (0x02edbb33) x22 0x00000003
core   0: 0x80003156 (0x0000978e) c.add   a5, gp
core   0: 3 0x80003156 (0x978e) x15 0x0000f005
core   0: 0x80003158 (0x0000100f) fence.i
core   0: 3 0x80003158 (0x0000100f)
core   0: 0x8000315c (0x000060c9) c.lui   ra, 0x12
core   0: 3 0x8000315c (0x60c9) x 1 0x00012000
core   0: 0x8000315e (0x00008c3a) c.mv    s8, a4
core   0: 3 0x8000315e (0x8c3a) x24 0x00000004
core   0: 0x80003160 (0x02ae4b33) div     s6, t3, a0
core   0: 3 0x80003160 (0x02ae4b33) x22 0x00000000
core   0: 0x80003164 (0x95744a13) xori    s4, s0, -1705
core   0: 3 0x80003164 (0x95744a13) x20 0xc82da957
core   0: 0x80003168 (0x41fe5613) srai    a2, t3, 31
core   0: 3 0x80003168 (0x41fe5613) x12 0x00000000
core   0: 0x8000316c (0x412d0433) sub     s0, s10, s2
core   0: 3 0x8000316c (0x412d0433) x 8 0x80026b16
core   0: 0x80003170 (0x87178593) addi    a1, a5, -1935
core   0: 3 0x80003170 (0x87178593) x11 0x0000e876
core   0: 0x80003174 (0x00008151) c.srli  a0, 20
core   0: 3 0x80003174 (0x8151) x10 0x00000fff
core   0: 0x80003176 (0x0068f8b3) and     a7, a7, t1
core   0: 3 0x80003176 (0x0068f8b3) x17 0x00000005
core   0: 0x8000317a (0x2cabbb93) sltiu   s7, s7, 714
core   0: 3 0x8000317a (0x2cabbb93) x23 0x00000001
core   0: 0x8000317e (0x00008f65) c.and   a4, s1
core   0: 3 0x8000317e (0x8f65) x14 0x00000004
core   0: 0x80003180 (0x0000c219) c.beqz  a2, pc + 6
core   0: 3 0x80003180 (0xc219)
core   0: 0x80003186 (0x00252233) slt     tp, a0, sp
core   0: 3 0x80003186 (0x00252233) x 4 0x00000000
core   0: 0x8000318a (0x6f69cc13) xori    s8, s3, 1782
core   0: 3 0x8000318a (0x6f69cc13) x24 0x80022892
core   0: 0x8000318e (0x02e371b3) remu    gp, t1, a4
core   0: 3 0x8000318e (0x02e371b3) x 3 0x00000001
core   0: 0x80003192 (0x00008ff9) c.and   a5, a4
core   0: 3 0x80003192 (0x8ff9) x15 0x00000004
core   0: 0x80003194 (0x0ff0000f) fence   iorw,iorw
core   0: 3 0x80003194 (0x0ff0000f)
core   0: 0x80003198 (0x00000001) c.nop
core   0: 3 0x80003198 (0x0001)
core   0: 0x8000319a (0xf0d70413) addi    s0, a4, -243
core   0: 3 0x8000319a (0xf0d70413) x 8 0xffffff11
core   0: 0x8000319e (0x0000ce99) c.beqz  a3, pc + 30
core   0: 3 0x8000319e (0xce99)
core   0: 0x800031a0 (0x05e86e13) ori     t3, a6, 94
core   0: 3 0x800031a0 (0x05e86e13) x28 0x800226fe
core   0: 0x800031a4 (0x0378efb3) rem     t6, a7, s7
core   0: 3 0x800031a4 (0x0378efb3) x31 0x00000000
core   0: 0x800031a8 (0x412e5333) sra     t1, t3, s2
core   0: 3 0x800031a8 (0x412e5333) x 6 0xfc001137
core   0: 0x800031ac (0x0ff0000f) fence   iorw,iorw
core   0: 3 0x800031ac (0x0ff0000f)
core   0: 0x800031b0 (0x0ff0000f) fence   iorw,iorw
core   0: 3 0x800031b0 (0x0ff0000f)
core   0: 0x800031b4 (0x03cecab3) div     s5, t4, t3
core   0: 3 0x800031b4 (0x03cecab3) x21 0x00000000
core   0: 0x800031b8 (0x01d14cb3) xor     s9, sp, t4
core   0: 3 0x800031b8 (0x01d14cb3) x25 0xc0013712
core   0: 0x800031bc (0x01ccaf33) slt     t5, s9, t3
core   0: 3 0x800031bc (0x01ccaf33) x30 0x00000000
core   0: 0x800031c0 (0x00008f7d) c.and   a4, a5
core   0: 3 0x800031c0 (0x8f7d) x14 0x00000004
core   0: 0x800031c2 (0x00db1693) slli    a3, s6, 13
core   0: 3 0x800031c2 (0x00db1693) x13 0x00000000
core   0: 0x800031c6 (0x00006bc5) c.lui   s7, 0x11
core   0: 3 0x800031c6 (0x6bc5) x23 0x00011000
core   0: 0x800031c8 (0x03a47233) remu    tp, s0, s10
core   0: 3 0x800031c8 (0x03a47233) x 4 0x7ffd8d76
core   0: 0x800031cc (0x091efa93) andi    s5, t4, 145
core   0: 3 0x800031cc (0x091efa93) x21 0x00000000
core   0: 0x800031d0 (0x006340b3) xor     ra, t1, t1
core   0: 3 0x800031d0 (0x006340b3) x 1 0x00000000
core   0: 0x800031d4 (0x0283f1b3) remu    gp, t2, s0
core   0: 3 0x800031d4 (0x0283f1b3) x 3 0x80026ce4
core   0: 0x800031d8 (0x00008fed) c.and   a5, a1
core   0: 3 0x800031d8 (0x8fed) x15 0x00000004
core   0: 0x800031da (0x00000001) c.nop
core   0: 3 0x800031da (0x0001)
core   0: 0x800031dc (0x0399ab33) mulhsu  s6, s3, s9
core   0: 3 0x800031dc (0x0399ab33) x22 0xa0010744
core   0: 0x800031e0 (0x000c9013) slli    zero, s9, 0
core   0: 3 0x800031e0 (0x000c9013)
core   0: 0x800031e4 (0x819b3413) sltiu   s0, s6, -2023
core   0: 3 0x800031e4 (0x819b3413) x 8 0x00000001
core   0: 0x800031e8 (0x00c37c33) and     s8, t1, a2
core   0: 3 0x800031e8 (0x00c37c33) x24 0x00000000
core   0: 0x800031ec (0x00336d33) or      s10, t1, gp
core   0: 3 0x800031ec (0x00336d33) x26 0xfc027df7
core   0: 0x800031f0 (0x00008dbd) c.xor   a1, a5
core   0: 3 0x800031f0 (0x8dbd) x11 0x0000e872
core   0: 0x800031f2 (0x418d0bb3) sub     s7, s10, s8
core   0: 3 0x800031f2 (0x418d0bb3) x23 0xfc027df7
core   0: 0x800031f6 (0x0eff4813) xori    a6, t5, 239
core   0: 3 0x800031f6 (0x0eff4813) x16 0x000000ef
core   0: 0x800031fa (0x00000001) c.nop
core   0: 3 0x800031fa (0x0001)
core   0: 0x800031fc (0x00009bfd) c.andi  a5, -1
core   0: 3 0x800031fc (0x9bfd) x15 0x00000004
core   0: 0x800031fe (0x03530b33) mul     s6, t1, s5
core   0: 3 0x800031fe (0x03530b33) x22 0x00000000
core   0: 0x80003202 (0x01706033) or      zero, zero, s7
core   0: 3 0x80003202 (0x01706033)
core   0: 0x80003206 (0x0112c633) xor     a2, t0, a7
core   0: 3 0x80003206 (0x0112c633) x12 0x00000007
core   0: 0x8000320a (0x01371513) slli    a0, a4, 19
core   0: 3 0x8000320a (0x01371513) x10 0x00200000
core   0: 0x8000320e (0x009e1233) sll     tp, t3, s1
core   0: 3 0x8000320e (0x009e1233) x 4 0x00226fe0
core   0: 0x80003212 (0x00008729) c.srai  a4, 10
core   0: 3 0x80003212 (0x8729) x14 0x00000000
core   0: 0x80003214 (0x0000100f) fence.i
core   0: 3 0x80003214 (0x0000100f)
core   0: 0x80003218 (0x0094c363) blt     s1, s1, pc + 6
core   0: 3 0x80003218 (0x0094c363)
core   0: 0x8000321c (0x00008009) c.srli  s0, 2
core   0: 3 0x8000321c (0x8009) x 8 0x00000000
core   0: 0x8000321e (0x000088c5) c.andi  s1, 17
core   0: 3 0x8000321e (0x88c5) x 9 0x00000000
core   0: 0x80003220 (0x02e130b3) mulhu   ra, sp, a4
core   0: 3 0x80003220 (0x02e130b3) x 1 0x00000000
core   0: 0x80003224 (0x017b1563) bne     s6, s7, pc + 10
core   0: 3 0x80003224 (0x017b1563)
core   0: 0x8000322e (0x6d807093) andi    ra, zero, 1752
core   0: 3 0x8000322e (0x6d807093) x 1 0x00000000
core   0: 0x80003232 (0x5452cd13) xori    s10, t0, 1349
core   0: 3 0x80003232 (0x5452cd13) x26 0x00000547
core   0: 0x80003236 (0x0344ee33) rem     t3, s1, s4
core   0: 3 0x80003236 (0x0344ee33) x28 0x00000000
core   0: 0x8000323a (0x419c8433) sub     s0, s9, s9
core   0: 3 0x8000323a (0x419c8433) x 8 0x00000000
core   0: 0x8000323e (0x01898463) beq     s3, s8, pc + 8
core   0: 3 0x8000323e (0x01898463)
core   0: 0x80003242 (0x025dcd63) blt     s11, t0, pc + 58
core   0: 3 0x80003242 (0x025dcd63)
core   0: 0x8000327c (0xed5d2b93) slti    s7, s10, -299
core   0: 3 0x8000327c (0xed5d2b93) x23 0x00000000
core   0: 0x80003280 (0x000081c1) c.srli  a1, 16
core   0: 3 0x80003280 (0x81c1) x11 0x00000000
core   0: 0x80003282 (0x3e7dc093) xori    ra, s11, 999
core   0: 3 0x80003282 (0x3e7dc093) x 1 0xfffffa9d
core   0: 0x80003286 (0x0000859e) c.mv    a1, t2
core   0: 3 0x80003286 (0x859e) x11 0x80026ce4
core   0: 0x80003288 (0x022fa133) mulhsu  sp, t6, sp
core   0: 3 0x80003288 (0x022fa133) x 2 0x00000000
core   0: 0x8000328c (0x030186b3) mul     a3, gp, a6
core   0: 3 0x8000328c (0x030186b3) x13 0x8243a8dc
core   0: 0x80003290 (0x01b741b3) xor     gp, a4, s11
core   0: 3 0x80003290 (0x01b741b3) x 3 0xfffff97a
core   0: 0x80003294 (0x78a4a493) slti    s1, s1, 1930
core   0: 3 0x80003294 (0x78a4a493) x 9 0x00000001
core   0: 0x80003298 (0x00ec4ab3) xor     s5, s8, a4
core   0: 3 0x80003298 (0x00ec4ab3) x21 0x00000000
core   0: 0x8000329c (0x0000818d) c.srli  a1, 3
core   0: 3 0x8000329c (0x818d) x11 0x10004d9c
core   0: 0x8000329e (0x00004945) c.li    s2, 17
core   0: 3 0x8000329e (0x4945) x18 0x00000011
core   0: 0x800032a0 (0x40ca5593) srai    a1, s4, 12
core   0: 3 0x800032a0 (0x40ca5593) x11 0xfffc82da
core   0: 0x800032a4 (0x00e2a5b3) slt     a1, t0, a4
core   0: 3 0x800032a4 (0x00e2a5b3) x11 0x00000000
core   0: 0x800032a8 (0x0361a1b3) mulhsu  gp, gp, s6
core   0: 3 0x800032a8 (0x0361a1b3) x 3 0x00000000
core   0: 0x800032ac (0x0000717d) c.addi16sp sp, -16
core   0: 3 0x800032ac (0x717d) x 2 0xfffffff0
core   0: 0x800032ae (0x006056b3) srl     a3, zero, t1
core   0: 3 0x800032ae (0x006056b3) x13 0x00000000
core   0: 0x800032b2 (0x03950f33) mul     t5, a0, s9
core   0: 3 0x800032b2 (0x03950f33) x30 0xe2400000
core   0: 0x800032b6 (0x00009b7d) c.andi  a4, -1
core   0: 3 0x800032b6 (0x9b7d) x14 0x00000000
core   0: 0x800032b8 (0x89b3ef93) ori     t6, t2, -1893
core   0: 3 0x800032b8 (0x89b3ef93) x31 0xfffffcff
core   0: 0x800032bc (0xe7ac0c93) addi    s9, s8, -390
core   0: 3 0x800032bc (0xe7ac0c93) x25 0xfffffe7a
core   0: 0x800032c0 (0x83022613) slti    a2, tp, -2000
core   0: 3 0x800032c0 (0x83022613) x12 0x00000000
core   0: 0x800032c4 (0x0000882a) c.mv    a6, a0
core   0: 3 0x800032c4 (0x882a) x16 0x00200000
core   0: 0x800032c6 (0x0224f533) remu    a0, s1, sp
core   0: 3 0x800032c6 (0x0224f533) x10 0x00000001
core   0: 0x800032ca (0x00e78d63) beq     a5, a4, pc + 26
core   0: 3 0x800032ca (0x00e78d63)
core   0: 0x800032ce (0x00009c36) c.add   s8, a3
core   0: 3 0x800032ce (0x9c36) x24 0x00000000
core   0: 0x800032d0 (0x00008eed) c.and   a3, a1
core   0: 3 0x800032d0 (0x8eed) x13 0x00000000
core   0: 0x800032d2 (0x0000846a) c.mv    s0, s10
core   0: 3 0x800032d2 (0x846a) x 8 0x00000547
core   0: 0x800032d4 (0x00008319) c.srli  a4, 6
core   0: 3 0x800032d4 (0x8319) x14 0x00000000
core   0: 0x800032d6 (0x00ccf233) and     tp, s9, a2
core   0: 3 0x800032d6 (0x00ccf233) x 4 0x00000000
core   0: 0x800032da (0x000099fd) c.andi  a1, -1
core   0: 3 0x800032da (0x99fd) x11 0x00000000
core   0: 0x800032dc (0x03471bb3) mulh    s7, a4, s4
core   0: 3 0x800032dc (0x03471bb3) x23 0x00000000
core   0: 0x800032e0 (0x0330d733) divu    a4, ra, s3
core   0: 3 0x800032e0 (0x0330d733) x14 0x00000001
core   0: 0x800032e4 (0x023e4fb3) div     t6, t3, gp
core   0: 3 0x800032e4 (0x023e4fb3) x31 0xffffffff
core   0: 0x800032e8 (0xe50fee17) auipc   t3, 0xe50fe
core   0: 3 0x800032e8 (0xe50fee17) x28 0x651012e8
core   0: 0x800032ec (0x87b02a37) lui     s4, 0x87b02
core   0: 3 0x800032ec (0x87b02a37) x20 0x87b02000
core   0: 0x800032f0 (0x010e5033) srl     zero, t3, a6
core   0: 3 0x800032f0 (0x010e5033)
core   0: 0x800032f4 (0x402d0733) sub     a4, s10, sp
core   0: 3 0x800032f4 (0x402d0733) x14 0x00000557
core   0: 0x800032f8 (0x00008ccd) c.or    s1, a1
core   0: 3 0x800032f8 (0x8ccd) x 9 0x00000001
core   0: 0x800032fa (0x0ff0000f) fence   iorw,iorw
core   0: 3 0x800032fa (0x0ff0000f)
core   0: 0x800032fe (0x00f9f663) bgeu    s3, a5, pc + 12
core   0: 3 0x800032fe (0x00f9f663)
core   0: 0x8000330a (0x4109dbb3) sra     s7, s3, a6
core   0: 3 0x8000330a (0x4109dbb3) x23 0x80022e64
core   0: 0x8000330e (0x01369eb3) sll     t4, a3, s3
core   0: 3 0x8000330e (0x01369eb3) x29 0x00000000
core   0: 0x80003312 (0x01918eb3) add     t4, gp, s9
core   0: 3 0x80003312 (0x01918eb3) x29 0xfffffe7a
core   0: 0x80003316 (0x0162d263) bge     t0, s6, pc + 4
core   0: 3 0x80003316 (0x0162d263)
core   0: 0x8000331a (0x00008721) c.srai  a4, 8
core   0: 3 0x8000331a (0x8721) x14 0x00000005
core   0: 0x8000331c (0x0003b333) sltu    t1, t2, zero
core   0: 3 0x8000331c (0x0003b333) x 6 0x00000000
core   0: 0x80003320 (0x02e25e33) divu    t3, tp, a4
core   0: 3 0x80003320 (0x02e25e33) x28 0x00000000
core   0: 0x80003324 (0x0298da33) divu    s4, a7, s1
core   0: 3 0x80003324 (0x0298da33) x20 0x00000005
core   0: 0x80003328 (0x00008251) c.srli  a2, 20
core   0: 3 0x80003328 (0x8251) x12 0x00000000
core   0: 0x8000332a (0x00000001) c.nop
core   0: 3 0x8000332a (0x0001)
core   0: 0x8000332c (0x00000001) c.nop
core   0: 3 0x8000332c (0x0001)
core   0: 0x8000332e (0x00004bb1) c.li    s7, 12
core   0: 3 0x8000332e (0x4bb1) x23 0x0000000c
core   0: 0x80003330 (0x00008d4d) c.or    a0, a1
core   0: 3 0x80003330 (0x8d4d) x10 0x00000001
core   0: 0x80003332 (0x02283433) mulhu   s0, a6, sp
core   0: 3 0x80003332 (0x02283433) x 8 0x001fffff
core   0: 0x80003336 (0x061c9863) bne     s9, ra, pc + 112
core   0: 3 0x80003336 (0x061c9863)
core   0: 0x800033a6 (0x5b2f4137) lui     sp, 0x5b2f4
core   0: 3 0x800033a6 (0x5b2f4137) x 2 0x5b2f4000
core   0: 0x800033aa (0x404e5833) sra     a6, t3, tp
core   0: 3 0x800033aa (0x404e5833) x16 0x00000000
core   0: 0x800033ae (0x01869c33) sll     s8, a3, s8
core   0: 3 0x800033ae (0x01869c33) x24 0x00000000
core   0: 0x800033b2 (0xe20d0b93) addi    s7, s10, -480
core   0: 3 0x800033b2 (0xe20d0b93) x23 0x00000367
core   0: 0x800033b6 (0x0000100f) fence.i
core   0: 3 0x800033b6 (0x0000100f)
core   0: 0x800033ba (0x00006445) c.lui   s0, 0x11
core   0: 3 0x800033ba (0x6445) x 8 0x00011000
core   0: 0x800033bc (0xc86f2593) slti    a1, t5, -890
core   0: 3 0x800033bc (0xc86f2593) x11 0x00000001
core   0: 0x800033c0 (0x000006fa) c.slli  a3, 30
core   0: 3 0x800033c0 (0x06fa) x13 0x00000000
core   0: 0x800033c2 (0x00000001) c.nop
core   0: 3 0x800033c2 (0x0001)
core   0: 0x800033c4 (0x00008c75) c.and   s0, a3
core   0: 3 0x800033c4 (0x8c75) x 8 0x00000000
core   0: 0x800033c6 (0x00000001) c.nop
core   0: 3 0x800033c6 (0x0001)
core   0: 0x800033c8 (0x00008d7d) c.and   a0, a5
core   0: 3 0x800033c8 (0x8d7d) x10 0x00000000
core   0: 0x800033ca (0x00d53433) sltu    s0, a0, a3
core   0: 3 0x800033ca (0x00d53433) x 8 0x00000000
core   0: 0x800033ce (0x00b08263) beq     ra, a1, pc + 4
core   0: 3 0x800033ce (0x00b08263)
core   0: 0x800033d2 (0x0364f963) bgeu    s1, s6, pc + 50
core   0: 3 0x800033d2 (0x0364f963)
core   0: 0x80003404 (0x00008fd9) c.or    a5, a4
core   0: 3 0x80003404 (0x8fd9) x15 0x00000005
core   0: 0x80003406 (0x00009fba) c.add   t6, a4
core   0: 3 0x80003406 (0x9fba) x31 0x00000004
core   0: 0x80003408 (0x00008a4d) c.andi  a2, 19
core   0: 3 0x80003408 (0x8a4d) x12 0x00000000
core   0: 0x8000340a (0x00009872) c.add   a6, t3
core   0: 3 0x8000340a (0x9872) x16 0x00000000
core   0: 0x8000340c (0x0251a8b3) mulhsu  a7, gp, t0
core   0: 3 0x8000340c (0x0251a8b3) x17 0x00000000
core   0: 0x80003410 (0x03230c63) beq     t1, s2, pc + 56
core   0: 3 0x80003410 (0x03230c63)
core   0: 0x80003414 (0x00000001) c.nop
core   0: 3 0x80003414 (0x0001)
core   0: 0x80003416 (0x0000eb19) c.bnez  a4, pc + 22
core   0: 3 0x80003416 (0xeb19)
core   0: 0x8000342c (0x0ff0000f) fence   iorw,iorw
core   0: 3 0x8000342c (0x0ff0000f)
core   0: 0x80003430 (0x00000001) c.nop
core   0: 3 0x80003430 (0x0001)
core   0: 0x80003432 (0x03426963) bltu    tp, s4, pc + 50
core   0: 3 0x80003432 (0x03426963)
core   0: 0x80003464 (0x000066c9) c.lui   a3, 0x12
core   0: 3 0x80003464 (0x66c9) x13 0x00012000
core   0: 0x80003466 (0x03160833) mul     a6, a2, a7
core   0: 3 0x80003466 (0x03160833) x16 0x00000000
core   0: 0x8000346a (0x017d4863) blt     s10, s7, pc + 16
core   0: 3 0x8000346a (0x017d4863)
core   0: 0x8000346e (0x02d85b63) bge     a6, a3, pc + 54
core   0: 3 0x8000346e (0x02d85b63)
core   0: 0x80003472 (0x000e9513) slli    a0, t4, 0
core   0: 3 0x80003472 (0x000e9513) x10 0xfffffe7a
core   0: 0x80003476 (0x00d830b3) sltu    ra, a6, a3
core   0: 3 0x80003476 (0x00d830b3) x 1 0x00000001
core   0: 0x8000347a (0x00719563) bne     gp, t2, pc + 10
core   0: 3 0x8000347a (0x00719563)
core   0: 0x80003484 (0x40850ab3) sub     s5, a0, s0
core   0: 3 0x80003484 (0x40850ab3) x21 0xfffffe7a
core   0: 0x80003488 (0x02d661b3) rem     gp, a2, a3
core   0: 3 0x80003488 (0x02d661b3) x 3 0x00000000
core   0: 0x8000348c (0xc4777db7) lui     s11, 0xc4777
core   0: 3 0x8000348c (0xc4777db7) x27 0xc4777000
core   0: 0x80003490 (0x0312feb3) remu    t4, t0, a7
core   0: 3 0x80003490 (0x0312feb3) x29 0x00000002
core   0: 0x80003494 (0x88e43193) sltiu   gp, s0, -1906
core   0: 3 0x80003494 (0x88e43193) x 3 0x00000001
core   0: 0x80003498 (0x000060bd) c.lui   ra, 0xf
core   0: 3 0x80003498 (0x60bd) x 1 0x0000f000
core   0: 0x8000349a (0x058dc063) blt     s11, s8, pc + 64
core   0: 3 0x8000349a (0x058dc063)
core   0: 0x800034da (0x00008389) c.srli  a5, 2
core   0: 3 0x800034da (0x8389) x15 0x00000001
core   0: 0x800034dc (0x000096da) c.add   a3, s6
core   0: 3 0x800034dc (0x96da) x13 0x00012000
core   0: 0x800034de (0x000e5a13) srli    s4, t3, 0
core   0: 3 0x800034de (0x000e5a13) x20 0x00000000
core   0: 0x800034e2 (0x00d5f263) bgeu    a1, a3, pc + 4
core   0: 3 0x800034e2 (0x00d5f263)
core   0: 0x800034e6 (0x0000567d) c.li    a2, -1
core   0: 3 0x800034e6 (0x567d) x12 0xffffffff
core   0: 0x800034e8 (0x0000018d) c.addi  gp, 3
core   0: 3 0x800034e8 (0x018d) x 3 0x00000004
core   0: 0x800034ea (0xd99a2b93) slti    s7, s4, -615
core   0: 3 0x800034ea (0xd99a2b93) x23 0x00000000
core   0: 0x800034ee (0x00008e95) c.sub   a3, a3
core   0: 3 0x800034ee (0x8e95) x13 0x00000000
core   0: 0x800034f0 (0x01f8ff33) and     t5, a7, t6
core   0: 3 0x800034f0 (0x01f8ff33) x30 0x00000000
core   0: 0x800034f4 (0x01d5be33) sltu    t3, a1, t4
core   0: 3 0x800034f4 (0x01d5be33) x28 0x00000001
core   0: 0x800034f8 (0x000084de) c.mv    s1, s7
core   0: 3 0x800034f8 (0x84de) x 9 0x00000000
core   0: 0x800034fa (0x00006ffd) c.lui   t6, 0x1f
core   0: 3 0x800034fa (0x6ffd) x31 0x0001f000
core   0: 0x800034fc (0x00008cb9) c.xor   s1, a4
core   0: 3 0x800034fc (0x8cb9) x 9 0x00000005
core   0: 0x800034fe (0x00008d39) c.xor   a0, a4
core   0: 3 0x800034fe (0x8d39) x10 0xfffffe7f
core   0: 0x80003500 (0xcf920b13) addi    s6, tp, -775
core   0: 3 0x80003500 (0xcf920b13) x22 0xfffffcf9
core   0: 0x80003504 (0x00000508) c.addi4spn a0, sp, 640
core   0: 3 0x80003504 (0x0508) x10 0x5b2f4280
core   0: 0x80003506 (0x00008ac6) c.mv    s5, a7
core   0: 3 0x80003506 (0x8ac6) x21 0x00000000
core   0: 0x80003508 (0x032e5333) divu    t1, t3, s2
core   0: 3 0x80003508 (0x032e5333) x 6 0x00000000
core   0: 0x8000350c (0x02ffba33) mulhu   s4, t6, a5
core   0: 3 0x8000350c (0x02ffba33) x20 0x00000000
core   0: 0x80003510 (0x3155c213) xori    tp, a1, 789
core   0: 3 0x80003510 (0x3155c213) x 4 0x00000314
core   0: 0x80003514 (0x40718c33) sub     s8, gp, t2
core   0: 3 0x80003514 (0x40718c33) x24 0x7ffd9320
core   0: 0x80003518 (0x01a8f733) and     a4, a7, s10
core   0: 3 0x80003518 (0x01a8f733) x14 0x00000000
core   0: 0x8000351c (0xbc38cf13) xori    t5, a7, -1085
core   0: 3 0x8000351c (0xbc38cf13) x30 0xfffffbc3
core   0: 0x80003520 (0x012300b3) add     ra, t1, s2
core   0: 3 0x80003520 (0x012300b3) x 1 0x00000011
core   0: 0x80003524 (0x0000c995) c.beqz  a1, pc + 52
core   0: 3 0x80003524 (0xc995)
core   0: 0x80003526 (0xe1fbabb7) lui     s7, 0xe1fba
core   0: 3 0x80003526 (0xe1fbabb7) x23 0xe1fba000
core   0: 0x8000352a (0x0185bbb3) sltu    s7, a1, s8
core   0: 3 0x8000352a (0x0185bbb3) x23 0x00000001
core   0: 0x8000352e (0x000090b6) c.add   ra, a3
core   0: 3 0x8000352e (0x90b6) x 1 0x00000011
core   0: 0x80003530 (0x01883933) sltu    s2, a6, s8
core   0: 3 0x80003530 (0x01883933) x18 0x00000001
core   0: 0x80003534 (0x017eceb3) xor     t4, t4, s7
core   0: 3 0x80003534 (0x017eceb3) x29 0x00000003
core   0: 0x80003538 (0x03ffc1b3) div     gp, t6, t6
core   0: 3 0x80003538 (0x03ffc1b3) x 3 0x00000001
core   0: 0x8000353c (0x0255cfb3) div     t6, a1, t0
core   0: 3 0x8000353c (0x0255cfb3) x31 0x00000000
core   0: 0x80003540 (0x00008f85) c.sub   a5, s1
core   0: 3 0x80003540 (0x8f85) x15 0xfffffffc
core   0: 0x80003542 (0x0000100f) fence.i
core   0: 3 0x80003542 (0x0000100f)
core   0: 0x80003546 (0x00000225) c.addi  tp, 9
core   0: 3 0x80003546 (0x0225) x 4 0x0000031d
core   0: 0x80003548 (0x00648e63) beq     s1, t1, pc + 28
core   0: 3 0x80003548 (0x00648e63)
core   0: 0x8000354c (0x0267ba33) mulhu   s4, a5, t1
core   0: 3 0x8000354c (0x0267ba33) x20 0x00000000
core   0: 0x80003550 (0x0145e7b3) or      a5, a1, s4
core   0: 3 0x80003550 (0x0145e7b3) x15 0x00000001
core   0: 0x80003554 (0x01bd01b3) add     gp, s10, s11
core   0: 3 0x80003554 (0x01bd01b3) x 3 0xc4777547
core   0: 0x80003558 (0x01ab11b3) sll     gp, s6, s10
core   0: 3 0x80003558 (0x01ab11b3) x 3 0xfffe7c80
core   0: 0x8000355c (0x021f6d63) bltu    t5, ra, pc + 58
core   0: 3 0x8000355c (0x021f6d63)
core   0: 0x80003560 (0x000084f1) c.srai  s1, 28
core   0: 3 0x80003560 (0x84f1) x 9 0x00000000
core   0: 0x80003562 (0x0000547d) c.li    s0, -1
core   0: 3 0x80003562 (0x547d) x 8 0xffffffff
core   0: 0x80003564 (0x4743bd93) sltiu   s11, t2, 1140
core   0: 3 0x80003564 (0x4743bd93) x27 0x00000000
core   0: 0x80003568 (0xd2b37413) andi    s0, t1, -725
core   0: 3 0x80003568 (0xd2b37413) x 8 0x00000000
core   0: 0x8000356c (0x00009bf6) c.add   s7, t4
core   0: 3 0x8000356c (0x9bf6) x23 0x00000004
core   0: 0x8000356e (0x0000100f) fence.i
core   0: 3 0x8000356e (0x0000100f)
core   0: 0x80003572 (0x00888ab3) add     s5, a7, s0
core   0: 3 0x80003572 (0x00888ab3) x21 0x00000000
core   0: 0x80003576 (0x02f36db3) rem     s11, t1, a5
core   0: 3 0x80003576 (0x02f36db3) x27 0x00000000
core   0: 0x8000357a (0x00008d0d) c.sub   a0, a1
core   0: 3 0x8000357a (0x8d0d) x10 0x5b2f427f
core   0: 0x8000357c (0x04fed363) bge     t4, a5, pc + 70
core   0: 3 0x8000357c (0x04fed363)
core   0: 0x800035c2 (0x02893033) mulhu   zero, s2, s0
core   0: 3 0x800035c2 (0x02893033)
core   0: 0x800035c6 (0x00006b63) bltu    zero, zero, pc + 22
core   0: 3 0x800035c6 (0x00006b63)
core   0: 0x800035ca (0x00008c79) c.and   s0, a4
core   0: 3 0x800035ca (0x8c79) x 8 0x00000000
core   0: 0x800035cc (0x020645b3) div     a1, a2, zero
core   0: 3 0x800035cc (0x020645b3) x11 0xffffffff
core   0: 0x800035d0 (0x00181c13) slli    s8, a6, 1
core   0: 3 0x800035d0 (0x00181c13) x24 0x00000000
core   0: 0x800035d4 (0x000088a5) c.andi  s1, 9
core   0: 3 0x800035d4 (0x88a5) x 9 0x00000000
core   0: 0x800035d6 (0x4097d333) sra     t1, a5, s1
core   0: 3 0x800035d6 (0x4097d333) x 6 0x00000001
core   0: 0x800035da (0x000081dd) c.srli  a1, 23
core   0: 3 0x800035da (0x81dd) x11 0x000001ff
core   0: 0x800035dc (0x05911163) bne     sp, s9, pc + 66
core   0: 3 0x800035dc (0x05911163)
core   0: 0x8000361e (0x41205b93) srai    s7, zero, 18
core   0: 3 0x8000361e (0x41205b93) x23 0x00000000
core   0: 0x80003622 (0x0000e019) c.bnez  s0, pc + 6
core   0: 3 0x80003622 (0xe019)
core   0: 0x80003624 (0x03d0f663) bgeu    ra, t4, pc + 44
core   0: 3 0x80003624 (0x03d0f663)
core   0: 0x80003650 (0x00008f0d) c.sub   a4, a1
core   0: 3 0x80003650 (0x8f0d) x14 0xfffffe01
core   0: 0x80003652 (0x0003f433) and     s0, t2, zero
core   0: 3 0x80003652 (0x0003f433) x 8 0x00000000
core   0: 0x80003656 (0x01bb5613) srli    a2, s6, 27
core   0: 3 0x80003656 (0x01bb5613) x12 0x0000001f
core   0: 0x8000365a (0x036b5933) divu    s2, s6, s6
core   0: 3 0x8000365a (0x036b5933) x18 0x00000001
core   0: 0x8000365e (0x0000100f) fence.i
core   0: 3 0x8000365e (0x0000100f)
core   0: 0x80003662 (0x0000e241) c.bnez  a2, pc + 128
core   0: 3 0x80003662 (0xe241)
core   0: 0x800036e2 (0x00cf5a93) srli    s5, t5, 12
core   0: 3 0x800036e2 (0x00cf5a93) x21 0x000fffff
core   0: 0x800036e6 (0x0119b233) sltu    tp, s3, a7
core   0: 3 0x800036e6 (0x0119b233) x 4 0x00000000
core   0: 0x800036ea (0x03c87333) remu    t1, a6, t3
core   0: 3 0x800036ea (0x03c87333) x 6 0x00000000
core   0: 0x800036ee (0x0017b433) sltu    s0, a5, ra
core   0: 3 0x800036ee (0x0017b433) x 8 0x00000001
core   0: 0x800036f2 (0x00008065) c.srli  s0, 25
core   0: 3 0x800036f2 (0x8065) x 8 0x00000000
core   0: 0x800036f4 (0x59e04513) xori    a0, zero, 1438
core   0: 3 0x800036f4 (0x59e04513) x10 0x0000059e
core   0: 0x800036f8 (0x000001f2) c.slli  gp, 28
core   0: 3 0x800036f8 (0x01f2) x 3 0x00000000
core   0: 0x800036fa (0x0000717d) c.addi16sp sp, -16
core   0: 3 0x800036fa (0x717d) x 2 0x5b2f3ff0
core   0: 0x800036fc (0x000006e5) c.addi  a3, 25
core   0: 3 0x800036fc (0x06e5) x13 0x00000019
core   0: 0x800036fe (0x000054fd) c.li    s1, -1
core   0: 3 0x800036fe (0x54fd) x 9 0xffffffff
core   0: 0x80003700 (0x00000001) c.nop
core   0: 3 0x80003700 (0x0001)
core   0: 0x80003702 (0x02e72fb3) mulhsu  t6, a4, a4
core   0: 3 0x80003702 (0x02e72fb3) x31 0xfffffe01
core   0: 0x80003706 (0x01f71cb3) sll     s9, a4, t6
core   0: 3 0x80003706 (0x01f71cb3) x25 0xfffffc02
core   0: 0x8000370a (0x00000001) c.nop
core   0: 3 0x8000370a (0x0001)
core   0: 0x8000370c (0x00008cdd) c.or    s1, a5
core   0: 3 0x8000370c (0x8cdd) x 9 0xffffffff
core   0: 0x8000370e (0x000000f2) c.slli  ra, 28
core   0: 3 0x8000370e (0x00f2) x 1 0x10000000
core   0: 0x80003710 (0x00008ead) c.xor   a3, a1
core   0: 3 0x80003710 (0x8ead) x13 0x000001e6
core   0: 0x80003712 (0x00000001) c.nop
core   0: 3 0x80003712 (0x0001)
core   0: 0x80003714 (0x00008515) c.srai  a0, 5
core   0: 3 0x80003714 (0x8515) x10 0x0000002c
core   0: 0x80003716 (0xe0e94a93) xori    s5, s2, -498
core   0: 3 0x80003716 (0xe0e94a93) x21 0xfffffe0f
core   0: 0x8000371a (0x3deb2b13) slti    s6, s6, 990
core   0: 3 0x8000371a (0x3deb2b13) x22 0x00000001
core   0: 0x8000371e (0x00008d95) c.sub   a1, a3
core   0: 3 0x8000371e (0x8d95) x11 0x00000019
core   0: 0x80003720 (0x00c46f63) bltu    s0, a2, pc + 30
core   0: 3 0x80003720 (0x00c46f63)
core   0: 0x8000373e (0x00008849) c.andi  s0, 18
core   0: 3 0x8000373e (0x8849) x 8 0x00000000
core   0: 0x80003740 (0x0000100f) fence.i
core   0: 3 0x80003740 (0x0000100f)
core   0: 0x80003744 (0x0000824e) c.mv    tp, s3
core   0: 3 0x80003744 (0x824e) x 4 0x80022e64
core   0: 0x80003746 (0xb9c41b17) auipc   s6, 0xb9c41
core   0: 3 0x80003746 (0xb9c41b17) x22 0x39c44746
core   0: 0x8000374a (0x0ff0000f) fence   iorw,iorw
core   0: 3 0x8000374a (0x0ff0000f)
core   0: 0x8000374e (0x7638e593) ori     a1, a7, 1891
core   0: 3 0x8000374e (0x7638e593) x11 0x00000763
core   0: 0x80003752 (0x00309133) sll     sp, ra, gp
core   0: 3 0x80003752 (0x00309133) x 2 0x10000000
core   0: 0x80003756 (0x40e85313) srai    t1, a6, 14
core   0: 3 0x80003756 (0x40e85313) x 6 0x00000000
core   0: 0x8000375a (0x416cd7b3) sra     a5, s9, s6
core   0: 3 0x8000375a (0x416cd7b3) x15 0xfffffff0
core   0: 0x8000375e (0xee230093) addi    ra, t1, -286
core   0: 3 0x8000375e (0xee230093) x 1 0xfffffee2
core   0: 0x80003762 (0x01f5e263) bltu    a1, t6, pc + 4
core   0: 3 0x80003762 (0x01f5e263)
core   0: 0x80003766 (0x000011fd) c.addi  gp, -1
core   0: 3 0x80003766 (0x11fd) x 3 0xffffffff
core   0: 0x80003768 (0x013f1e13) slli    t3, t5, 19
core   0: 3 0x80003768 (0x013f1e13) x28 0xde180000
core   0: 0x8000376c (0x03433113) sltiu   sp, t1, 52
core   0: 3 0x8000376c (0x03433113) x 2 0x00000001
core   0: 0x80003770 (0x01b91593) slli    a1, s2, 27
core   0: 3 0x80003770 (0x01b91593) x11 0x08000000
core   0: 0x80003774 (0x0000c409) c.beqz  s0, pc + 10
core   0: 3 0x80003774 (0xc409)
core   0: 0x8000377e (0x000008a5) c.addi  a7, 9
core   0: 3 0x8000377e (0x08a5) x17 0x00000009
core   0: 0x80003780 (0x00c3ca63) blt     t2, a2, pc + 20
core   0: 3 0x80003780 (0x00c3ca63)
core   0: 0x80003794 (0x01ae1363) bne     t3, s10, pc + 6
core   0: 3 0x80003794 (0x01ae1363)
core   0: 0x8000379a (0x36c9ae97) auipc   t4, 0x36c9a
core   0: 3 0x8000379a (0x36c9ae97) x29 0xb6c9d79a
core   0: 0x8000379e (0x42f3ea93) ori     s5, t2, 1071
core   0: 3 0x8000379e (0x42f3ea93) x21 0x80026cef
core   0: 0x800037a2 (0x00ec2833) slt     a6, s8, a4
core   0: 3 0x800037a2 (0x00ec2833) x16 0x00000000
core   0: 0x800037a6 (0x0000e499) c.bnez  s1, pc + 14
core   0: 3 0x800037a6 (0xe499)
core   0: 0x800037b4 (0x0290f063) bgeu    ra, s1, pc + 32
core   0: 3 0x800037b4 (0x0290f063)
core   0: 0x800037b8 (0x3539ed13) ori     s10, s3, 851
core   0: 3 0x800037b8 (0x3539ed13) x26 0x80022f77
core   0: 0x800037bc (0x00000aa2) c.slli  s5, 8
core   0: 3 0x800037bc (0x0aa2) x21 0x026cef00
core   0: 0x800037be (0x00000001) c.nop
core   0: 3 0x800037be (0x0001)
core   0: 0x800037c0 (0x022230b3) mulhu   ra, tp, sp
core   0: 3 0x800037c0 (0x022230b3) x 1 0x00000000
core   0: 0x800037c4 (0x01f387b3) add     a5, t2, t6
core   0: 3 0x800037c4 (0x01f387b3) x15 0x80026ae5
core   0: 0x800037c8 (0x002e1033) sll     zero, t3, sp
core   0: 3 0x800037c8 (0x002e1033)
core   0: 0x800037cc (0x0185f463) bgeu    a1, s8, pc + 8
core   0: 3 0x800037cc (0x0185f463)
core   0: 0x800037d4 (0x005ba433) slt     s0, s7, t0
core   0: 3 0x800037d4 (0x005ba433) x 8 0x00000001
core   0: 0x800037d8 (0x0000ee09) c.bnez  a2, pc + 26
core   0: 3 0x800037d8 (0xee09)
core   0: 0x800037f2 (0x0000100f) fence.i
core   0: 3 0x800037f2 (0x0000100f)
core   0: 0x800037f6 (0x00209f13) slli    t5, ra, 2
core   0: 3 0x800037f6 (0x00209f13) x30 0x00000000
core   0: 0x800037fa (0x409a5b93) srai    s7, s4, 9
core   0: 3 0x800037fa (0x409a5b93) x23 0x00000000
core   0: 0x800037fe (0x02b2a1b3) mulhsu  gp, t0, a1
core   0: 3 0x800037fe (0x02b2a1b3) x 3 0x00000000
core   0: 0x80003802 (0x00643cb3) sltu    s9, s0, t1
core   0: 3 0x80003802 (0x00643cb3) x25 0x00000000
core   0: 0x80003806 (0x026aefb3) rem     t6, s5, t1
core   0: 3 0x80003806 (0x026aefb3) x31 0x026cef00
core   0: 0x8000380a (0x02573233) mulhu   tp, a4, t0
core   0: 3 0x8000380a (0x02573233) x 4 0x00000001
core   0: 0x8000380e (0x020b7763) bgeu    s6, zero, pc + 46
core   0: 3 0x8000380e (0x020b7763)
core   0: 0x8000383c (0x0399bf33) mulhu   t5, s3, s9
core   0: 3 0x8000383c (0x0399bf33) x30 0x00000000
core   0: 0x80003840 (0x00b2d793) srli    a5, t0, 11
core   0: 3 0x80003840 (0x00b2d793) x15 0x00000000
core   0: 0x80003844 (0x000084ed) c.srai  s1, 27
core   0: 3 0x80003844 (0x84ed) x 9 0xffffffff
core   0: 0x80003846 (0x00008c65) c.and   s0, s1
core   0: 3 0x80003846 (0x8c65) x 8 0x00000001
core   0: 0x80003848 (0x02c23433) mulhu   s0, tp, a2
core   0: 3 0x80003848 (0x02c23433) x 8 0x00000000
core   0: 0x8000384c (0x00008db9) c.xor   a1, a4
core   0: 3 0x8000384c (0x8db9) x11 0xf7fffe01
core   0: 0x8000384e (0x00000936) c.slli  s2, 13
core   0: 3 0x8000384e (0x0936) x18 0x00002000
core   0: 0x80003850 (0x003b25b3) slt     a1, s6, gp
core   0: 3 0x80003850 (0x003b25b3) x11 0x00000000
core   0: 0x80003854 (0x00c13cb3) sltu    s9, sp, a2
core   0: 3 0x80003854 (0x00c13cb3) x25 0x00000001
core   0: 0x80003858 (0x00004f95) c.li    t6, 5
core   0: 3 0x80003858 (0x4f95) x31 0x00000005
core   0: 0x8000385a (0x00001584) c.addi4spn s1, sp, 736
core   0: 3 0x8000385a (0x1584) x 9 0x000002e1
core   0: 0x8000385c (0x013027b3) slt     a5, zero, s3
core   0: 3 0x8000385c (0x013027b3) x15 0x00000000
core   0: 0x80003860 (0x008dd7b3) srl     a5, s11, s0
core   0: 3 0x80003860 (0x008dd7b3) x15 0x00000000
core   0: 0x80003864 (0x00009a7d) c.andi  a2, -1
core   0: 3 0x80003864 (0x9a7d) x12 0x0000001f
core   0: 0x80003866 (0xffb00593) li      a1, -5
core   0: 3 0x80003866 (0xffb00593) x11 0xfffffffb
core   0: 0x8000386a (0x00500113) li      sp, 5
core   0: 3 0x8000386a (0x00500113) x 2 0x00000005
core   0: 0x8000386e (0x51f65237) lui     tp, 0x51f65
core   0: 3 0x8000386e (0x51f65237) x 4 0x51f65000
core   0: 0x80003872 (0x00000001) c.nop
core   0: 3 0x80003872 (0x0001)
core   0: 0x80003874 (0x00000595) c.addi  a1, 5
core   0: 3 0x80003874 (0x0595) x11 0x00000000
core   0: 0x80003876 (0xffd00093) li      ra, -3
core   0: 3 0x80003876 (0xffd00093) x 1 0xfffffffd
core   0: 0x8000387a (0xffe00313) li      t1, -2
core   0: 3 0x8000387a (0xffe00313) x 6 0xfffffffe
core   0: 0x8000387e (0x03c67433) remu    s0, a2, t3
core   0: 3 0x8000387e (0x03c67433) x 8 0x0000001f
core   0: 0x80003882 (0xeb612d13) slti    s10, sp, -330
core   0: 3 0x80003882 (0xeb612d13) x26 0x00000000
core   0: 0x80003886 (0x00000089) c.addi  ra, 2
core   0: 3 0x80003886 (0x0089) x 1 0xffffffff
core   0: 0x80003888 (0xfe60cde3) blt     ra, t1, pc - 6
core   0: 3 0x80003888 (0xfe60cde3)
core   0: 0x8000388c (0xfe25e1e3) bltu    a1, sp, pc - 30
core   0: 3 0x8000388c (0xfe25e1e3)
core   0: 0x8000386e (0x51f65237) lui     tp, 0x51f65
core   0: 3 0x8000386e (0x51f65237) x 4 0x51f65000
core   0: 0x80003872 (0x00000001) c.nop
core   0: 3 0x80003872 (0x0001)
core   0: 0x80003874 (0x00000595) c.addi  a1, 5
core   0: 3 0x80003874 (0x0595) x11 0x00000005
core   0: 0x80003876 (0xffd00093) li      ra, -3
core   0: 3 0x80003876 (0xffd00093) x 1 0xfffffffd
core   0: 0x8000387a (0xffe00313) li      t1, -2
core   0: 3 0x8000387a (0xffe00313) x 6 0xfffffffe
core   0: 0x8000387e (0x03c67433) remu    s0, a2, t3
core   0: 3 0x8000387e (0x03c67433) x 8 0x0000001f
core   0: 0x80003882 (0xeb612d13) slti    s10, sp, -330
core   0: 3 0x80003882 (0xeb612d13) x26 0x00000000
core   0: 0x80003886 (0x00000089) c.addi  ra, 2
core   0: 3 0x80003886 (0x0089) x 1 0xffffffff
core   0: 0x80003888 (0xfe60cde3) blt     ra, t1, pc - 6
core   0: 3 0x80003888 (0xfe60cde3)
core   0: 0x8000388c (0xfe25e1e3) bltu    a1, sp, pc - 30
core   0: 3 0x8000388c (0xfe25e1e3)
core   0: 0x80003890 (0x00c6dfb3) srl     t6, a3, a2
core   0: 3 0x80003890 (0x00c6dfb3) x31 0x00000000
core   0: 0x80003894 (0x00008b6a) c.mv    s6, s10
core   0: 3 0x80003894 (0x8b6a) x22 0x00000000
core   0: 0x80003896 (0x0000717d) c.addi16sp sp, -16
core   0: 3 0x80003896 (0x717d) x 2 0xfffffff5
core   0: 0x80003898 (0x02db5c33) divu    s8, s6, a3
core   0: 3 0x80003898 (0x02db5c33) x24 0x00000000
core   0: 0x8000389c (0x05051163) bne     a0, a6, pc + 66
core   0: 3 0x8000389c (0x05051163)
core   0: 0x800038de (0x00000e14) c.addi4spn a3, sp, 784
core   0: 3 0x800038de (0x0e14) x13 0x00000305
core   0: 0x800038e0 (0x0000613d) c.addi16sp sp, 480
core   0: 3 0x800038e0 (0x613d) x 2 0x000001d5
core   0: 0x800038e2 (0x008f70b3) and     ra, t5, s0
core   0: 3 0x800038e2 (0x008f70b3) x 1 0x00000000
core   0: 0x800038e6 (0x0000537d) c.li    t1, -1
core   0: 3 0x800038e6 (0x537d) x 6 0xffffffff
core   0: 0x800038e8 (0x03dae863) bltu    s5, t4, pc + 48
core   0: 3 0x800038e8 (0x03dae863)
core   0: 0x80003918 (0x0000100f) fence.i
core   0: 3 0x80003918 (0x0000100f)
core   0: 0x8000391c (0x0194d513) srli    a0, s1, 25
core   0: 3 0x8000391c (0x0194d513) x10 0x00000000
core   0: 0x80003920 (0x01d25233) srl     tp, tp, t4
core   0: 3 0x80003920 (0x01d25233) x 4 0x00000014
core   0: 0x80003924 (0x00000001) c.nop
core   0: 3 0x80003924 (0x0001)
core   0: 0x80003926 (0x032a9533) mulh    a0, s5, s2
core   0: 3 0x80003926 (0x032a9533) x10 0x0000004d
core   0: 0x8000392a (0x02b84a63) blt     a6, a1, pc + 52
core   0: 3 0x8000392a (0x02b84a63)
core   0: 0x8000395e (0x0000997d) c.andi  a0, -1
core   0: 3 0x8000395e (0x997d) x10 0x0000004d
core   0: 0x80003960 (0x00009da2) c.add   s11, s0
core   0: 3 0x80003960 (0x9da2) x27 0x0000001f
core   0: 0x80003962 (0x00899493) slli    s1, s3, 8
core   0: 3 0x80003962 (0x00899493) x 9 0x022e6400
core   0: 0x80003966 (0x014ee233) or      tp, t4, s4
core   0: 3 0x80003966 (0x014ee233) x 4 0xb6c9d79a
core   0: 0x8000396a (0x0151ff33) and     t5, gp, s5
core   0: 3 0x8000396a (0x0151ff33) x30 0x00000000
core   0: 0x8000396e (0x6719bb93) sltiu   s7, s3, 1649
core   0: 3 0x8000396e (0x6719bb93) x23 0x00000000
core   0: 0x80003972 (0x6e516493) ori     s1, sp, 1765
core   0: 3 0x80003972 (0x6e516493) x 9 0x000007f5
core   0: 0x80003976 (0x01d3cbb3) xor     s7, t2, t4
core   0: 3 0x80003976 (0x01d3cbb3) x23 0x36cbbb7e
core   0: 0x8000397a (0xa2255b97) auipc   s7, 0xa2255
core   0: 3 0x8000397a (0xa2255b97) x23 0x2225897a
core   0: 0x8000397e (0x00008439) c.srai  s0, 14
core   0: 3 0x8000397e (0x8439) x 8 0x00000000
core   0: 0x80003980 (0x032a20b3) mulhsu  ra, s4, s2
core   0: 3 0x80003980 (0x032a20b3) x 1 0x00000000
core   0: 0x80003984 (0x02c35563) bge     t1, a2, pc + 42
core   0: 3 0x80003984 (0x02c35563)
core   0: 0x80003988 (0x23bf1897) auipc   a7, 0x23bf1
core   0: 3 0x80003988 (0x23bf1897) x17 0xa3bf4988
core   0: 0x8000398c (0x00008d39) c.xor   a0, a4
core   0: 3 0x8000398c (0x8d39) x10 0xfffffe4c
core   0: 0x8000398e (0x0000100f) fence.i
core   0: 3 0x8000398e (0x0000100f)
core   0: 0x80003992 (0x00008db5) c.xor   a1, a3
core   0: 3 0x80003992 (0x8db5) x11 0x00000300
core   0: 0x80003994 (0x01774263) blt     a4, s7, pc + 4
core   0: 3 0x80003994 (0x01774263)
core   0: 0x80003998 (0x0000ea19) c.bnez  a2, pc + 22
core   0: 3 0x80003998 (0xea19)
core   0: 0x800039ae (0x041f8363) beq     t6, ra, pc + 70
core   0: 3 0x800039ae (0x041f8363)
core   0: 0x800039f4 (0x02444db3) div     s11, s0, tp
core   0: 3 0x800039f4 (0x02444db3) x27 0x00000000
core   0: 0x800039f8 (0x00000318) c.addi4spn a4, sp, 384
core   0: 3 0x800039f8 (0x0318) x14 0x00000355
core   0: 0x800039fa (0x0b53f693) andi    a3, t2, 181
core   0: 3 0x800039fa (0x0b53f693) x13 0x000000a4
core   0: 0x800039fe (0x00000869) c.addi  a6, 26
core   0: 3 0x800039fe (0x0869) x16 0x0000001a
core   0: 0x80003a00 (0x7e49b037) lui     zero, 0x7e49b
core   0: 3 0x80003a00 (0x7e49b037)
core   0: 0x80003a04 (0x00008329) c.srli  a4, 10
core   0: 3 0x80003a04 (0x8329) x14 0x00000000
core   0: 0x80003a06 (0x00006bd1) c.lui   s7, 0x14
core   0: 3 0x80003a06 (0x6bd1) x23 0x00014000
core   0: 0x80003a08 (0x024b8bb3) mul     s7, s7, tp
core   0: 3 0x80003a08 (0x024b8bb3) x23 0x4d808000
core   0: 0x80003a0c (0x34240d13) addi    s10, s0, 834
core   0: 3 0x80003a0c (0x34240d13) x26 0x00000342
core   0: 0x80003a10 (0x41eb5893) srai    a7, s6, 30
core   0: 3 0x80003a10 (0x41eb5893) x17 0x00000000
core   0: 0x80003a14 (0x00000d7a) c.slli  s10, 30
core   0: 3 0x80003a14 (0x0d7a) x26 0x80000000
core   0: 0x80003a16 (0x00000001) c.nop
core   0: 3 0x80003a16 (0x0001)
core   0: 0x80003a18 (0x00000b14) c.addi4spn a3, sp, 400
core   0: 3 0x80003a18 (0x0b14) x13 0x00000365
core   0: 0x80003a1a (0x00000001) c.nop
core   0: 3 0x80003a1a (0x0001)
core   0: 0x80003a1c (0x00c87933) and     s2, a6, a2
core   0: 3 0x80003a1c (0x00c87933) x18 0x0000001a
core   0: 0x80003a20 (0x02e56763) bltu    a0, a4, pc + 46
core   0: 3 0x80003a20 (0x02e56763)
core   0: 0x80003a24 (0x03809563) bne     ra, s8, pc + 42
core   0: 3 0x80003a24 (0x03809563)
core   0: 0x80003a28 (0x00008129) c.srli  a0, 10
core   0: 3 0x80003a28 (0x8129) x10 0x003fffff
core   0: 0x80003a2a (0x01e4dc63) bge     s1, t5, pc + 24
core   0: 3 0x80003a2a (0x01e4dc63)
core   0: 0x80003a42 (0x00d5d0b3) srl     ra, a1, a3
core   0: 3 0x80003a42 (0x00d5d0b3) x 1 0x00000018
core   0: 0x80003a46 (0x01bccf63) blt     s9, s11, pc + 30
core   0: 3 0x80003a46 (0x01bccf63)
core   0: 0x80003a4a (0x0ff0000f) fence   iorw,iorw
core   0: 3 0x80003a4a (0x0ff0000f)
core   0: 0x80003a4e (0x00b6d663) bge     a3, a1, pc + 12
core   0: 3 0x80003a4e (0x00b6d663)
core   0: 0x80003a5a (0x0029f4b3) and     s1, s3, sp
core   0: 3 0x80003a5a (0x0029f4b3) x 9 0x00000044
core   0: 0x80003a5e (0x00006171) c.addi16sp sp, 336
core   0: 3 0x80003a5e (0x6171) x 2 0x00000325
core   0: 0x80003a60 (0x022e7ab3) remu    s5, t3, sp
core   0: 3 0x80003a60 (0x022e7ab3) x21 0x0000002e
core   0: 0x80003a64 (0x0000c199) c.beqz  a1, pc + 6
core   0: 3 0x80003a64 (0xc199)
core   0: 0x80003a66 (0x001f0eb3) add     t4, t5, ra
core   0: 3 0x80003a66 (0x001f0eb3) x29 0x00000018
core   0: 0x80003a6a (0x00101c33) sll     s8, zero, ra
core   0: 3 0x80003a6a (0x00101c33) x24 0x00000000
core   0: 0x80003a6e (0x012ceb33) or      s6, s9, s2
core   0: 3 0x80003a6e (0x012ceb33) x22 0x0000001b
core   0: 0x80003a72 (0x02cbfdb3) remu    s11, s7, a2
core   0: 3 0x80003a72 (0x02cbfdb3) x27 0x00000001
core   0: 0x80003a76 (0x0000ea85) c.bnez  a3, pc + 48
core   0: 3 0x80003a76 (0xea85)
core   0: 0x80003aa6 (0x024d5833) divu    a6, s10, tp
core   0: 3 0x80003aa6 (0x024d5833) x16 0x00000000
core   0: 0x80003aaa (0x02df5a63) bge     t5, a3, pc + 52
core   0: 3 0x80003aaa (0x02df5a63)
core   0: 0x80003aae (0x0047d6b3) srl     a3, a5, tp
core   0: 3 0x80003aae (0x0047d6b3) x13 0x00000000
core   0: 0x80003ab2 (0x973ef6b7) lui     a3, 0x973ef
core   0: 3 0x80003ab2 (0x973ef6b7) x13 0x973ef000
core   0: 0x80003ab6 (0x00009826) c.add   a6, s1
core   0: 3 0x80003ab6 (0x9826) x16 0x00000044
core   0: 0x80003ab8 (0x02e12333) mulhsu  t1, sp, a4
core   0: 3 0x80003ab8 (0x02e12333) x 6 0x00000000
core   0: 0x80003abc (0x0084d213) srli    tp, s1, 8
core   0: 3 0x80003abc (0x0084d213) x 4 0x00000000
core   0: 0x80003ac0 (0x00006131) c.addi16sp sp, 320
core   0: 3 0x80003ac0 (0x6131) x 2 0x00000465
core   0: 0x80003ac2 (0x0000e781) c.bnez  a5, pc + 8
core   0: 3 0x80003ac2 (0xe781)
core   0: 0x80003ac4 (0x00000a1c) c.addi4spn a5, sp, 272
core   0: 3 0x80003ac4 (0x0a1c) x15 0x00000575
core   0: 0x80003ac6 (0x41698433) sub     s0, s3, s6
core   0: 3 0x80003ac6 (0x41698433) x 8 0x80022e49
core   0: 0x80003aca (0x03a17eb3) remu    t4, sp, s10
core   0: 3 0x80003aca (0x03a17eb3) x29 0x00000465
core   0: 0x80003ace (0x01a9fdb3) and     s11, s3, s10
core   0: 3 0x80003ace (0x01a9fdb3) x27 0x80000000
core   0: 0x80003ad2 (0x0000717d) c.addi16sp sp, -16
core   0: 3 0x80003ad2 (0x717d) x 2 0x00000455
core   0: 0x80003ad4 (0x03aa34b3) mulhu   s1, s4, s10
core   0: 3 0x80003ad4 (0x03aa34b3) x 9 0x00000000
core   0: 0x80003ad8 (0x00008eb9) c.xor   a3, a4
core   0: 3 0x80003ad8 (0x8eb9) x13 0x973ef000
core   0: 0x80003ada (0x0292fe33) remu    t3, t0, s1
core   0: 3 0x80003ada (0x0292fe33) x28 0x00000002
core   0: 0x80003ade (0x016cfcb3) and     s9, s9, s6
core   0: 3 0x80003ade (0x016cfcb3) x25 0x00000001
core   0: 0x80003ae2 (0x02d9d4b3) divu    s1, s3, a3
core   0: 3 0x80003ae2 (0x02d9d4b3) x 9 0x00000000
core   0: 0x80003ae6 (0x000083a5) c.srli  a5, 9
core   0: 3 0x80003ae6 (0x83a5) x15 0x00000002
core   0: 0x80003ae8 (0x01a35813) srli    a6, t1, 26
core   0: 3 0x80003ae8 (0x01a35813) x16 0x00000000
core   0: 0x80003aec (0x00008f2e) c.mv    t5, a1
core   0: 3 0x80003aec (0x8f2e) x30 0x00000300
core   0: 0x80003aee (0x00001704) c.addi4spn s1, sp, 928
core   0: 3 0x80003aee (0x1704) x 9 0x000007f5
core   0: 0x80003af0 (0x011d5233) srl     tp, s10, a7
core   0: 3 0x80003af0 (0x011d5233) x 4 0x80000000
core   0: 0x80003af4 (0x001e0133) add     sp, t3, ra
core   0: 3 0x80003af4 (0x001e0133) x 2 0x0000001a
core   0: 0x80003af8 (0x0000717d) c.addi16sp sp, -16
core   0: 3 0x80003af8 (0x717d) x 2 0x0000000a
core   0: 0x80003afa (0x00008b09) c.andi  a4, 2
core   0: 3 0x80003afa (0x8b09) x14 0x00000000
core   0: 0x80003afc (0x58612593) slti    a1, sp, 1414
core   0: 3 0x80003afc (0x58612593) x11 0x00000001
core   0: 0x80003b00 (0x403dd713) srai    a4, s11, 3
core   0: 3 0x80003b00 (0x403dd713) x14 0xf0000000
core   0: 0x80003b04 (0x6150bd93) sltiu   s11, ra, 1557
core   0: 3 0x80003b04 (0x6150bd93) x27 0x00000001
core   0: 0x80003b08 (0x4928e113) ori     sp, a7, 1170
core   0: 3 0x80003b08 (0x4928e113) x 2 0x00000492
core   0: 0x80003b0c (0x00136833) or      a6, t1, ra
core   0: 3 0x80003b0c (0x00136833) x16 0x00000018
core   0: 0x80003b10 (0x00462433) slt     s0, a2, tp
core   0: 3 0x80003b10 (0x00462433) x 8 0x00000000
core   0: 0x80003b14 (0x026e5e33) divu    t3, t3, t1
core   0: 3 0x80003b14 (0x026e5e33) x28 0xffffffff
core   0: 0x80003b18 (0x01cc9a93) slli    s5, s9, 28
core   0: 3 0x80003b18 (0x01cc9a93) x21 0x10000000
core   0: 0x80003b1c (0x70b8bd13) sltiu   s10, a7, 1803
core   0: 3 0x80003b1c (0x70b8bd13) x26 0x00000001
core   0: 0x80003b20 (0x02a44563) blt     s0, a0, pc + 42
core   0: 3 0x80003b20 (0x02a44563)
core   0: 0x80003b4a (0x41ea8933) sub     s2, s5, t5
core   0: 3 0x80003b4a (0x41ea8933) x18 0x0ffffd00
core   0: 0x80003b4e (0x00008375) c.srli  a4, 29
core   0: 3 0x80003b4e (0x8375) x14 0x00000007
core   0: 0x80003b50 (0x007ddf93) srli    t6, s11, 7
core   0: 3 0x80003b50 (0x007ddf93) x31 0x00000000
core   0: 0x80003b54 (0x04a4e263) bltu    s1, a0, pc + 68
core   0: 3 0x80003b54 (0x04a4e263)
core   0: 0x80003b98 (0x02362d33) mulhsu  s10, a2, gp
core   0: 3 0x80003b98 (0x02362d33) x26 0x00000000
core   0: 0x80003b9c (0x00006da1) c.lui   s11, 0x8
core   0: 3 0x80003b9c (0x6da1) x27 0x00008000
core   0: 0x80003b9e (0x01405e33) srl     t3, zero, s4
core   0: 3 0x80003b9e (0x01405e33) x28 0x00000000
core   0: 0x80003ba2 (0xb32aa793) slti    a5, s5, -1230
core   0: 3 0x80003ba2 (0xb32aa793) x15 0x00000000
core   0: 0x80003ba6 (0x00008479) c.srai  s0, 30
core   0: 3 0x80003ba6 (0x8479) x 8 0x00000000
core   0: 0x80003ba8 (0x00115f13) srli    t5, sp, 1
core   0: 3 0x80003ba8 (0x00115f13) x30 0x00000249
core   0: 0x80003bac (0x01d91f13) slli    t5, s2, 29
core   0: 3 0x80003bac (0x01d91f13) x30 0x00000000
core   0: 0x80003bb0 (0x00000001) c.nop
core   0: 3 0x80003bb0 (0x0001)
core   0: 0x80003bb2 (0x0174e363) bltu    s1, s7, pc + 6
core   0: 3 0x80003bb2 (0x0174e363)
core   0: 0x80003bb8 (0x41b88633) sub     a2, a7, s11
core   0: 3 0x80003bb8 (0x41b88633) x12 0xffff8000
core   0: 0x80003bbc (0x01fb5c93) srli    s9, s6, 31
core   0: 3 0x80003bbc (0x01fb5c93) x25 0x00000000
core   0: 0x80003bc0 (0x014dc263) blt     s11, s4, pc + 4
core   0: 3 0x80003bc0 (0x014dc263)
core   0: 0x80003bc4 (0x001b88b3) add     a7, s7, ra
core   0: 3 0x80003bc4 (0x001b88b3) x17 0x4d808018
core   0: 0x80003bc8 (0x1aa01537) lui     a0, 0x1aa01
core   0: 3 0x80003bc8 (0x1aa01537) x10 0x1aa01000
core   0: 0x80003bcc (0x40930133) sub     sp, t1, s1
core   0: 3 0x80003bcc (0x40930133) x 2 0xfffff80b
core   0: 0x80003bd0 (0x0000517d) c.li    sp, -1
core   0: 3 0x80003bd0 (0x517d) x 2 0xffffffff
core   0: 0x80003bd2 (0x00008d7a) c.mv    s10, t5
core   0: 3 0x80003bd2 (0x8d7a) x26 0x00000000
core   0: 0x80003bd4 (0xb1337b97) auipc   s7, 0xb1337
core   0: 3 0x80003bd4 (0xb1337b97) x23 0x3133abd4
core   0: 0x80003bd8 (0x0000179c) c.addi4spn a5, sp, 992
core   0: 3 0x80003bd8 (0x179c) x15 0x000003df
core   0: 0x80003bda (0x00008cdd) c.or    s1, a5
core   0: 3 0x80003bda (0x8cdd) x 9 0x000007ff
core   0: 0x80003bdc (0x22d5c793) xori    a5, a1, 557
core   0: 3 0x80003bdc (0x22d5c793) x15 0x0000022c
core   0: 0x80003be0 (0x02a71433) mulh    s0, a4, a0
core   0: 3 0x80003be0 (0x02a71433) x 8 0x00000000
core   0: 0x80003be4 (0x0465c063) blt     a1, t1, pc + 64
core   0: 3 0x80003be4 (0x0465c063)
core   0: 0x80003be8 (0x65cbce93) xori    t4, s7, 1628
core   0: 3 0x80003be8 (0x65cbce93) x29 0x3133ad88
core   0: 0x80003bec (0x40895213) srai    tp, s2, 8
core   0: 3 0x80003bec (0x40895213) x 4 0x000ffffd
core   0: 0x80003bf0 (0x67a72237) lui     tp, 0x67a72
core   0: 3 0x80003bf0 (0x67a72237) x 4 0x67a72000
core   0: 0x80003bf4 (0x005c1b33) sll     s6, s8, t0
core   0: 3 0x80003bf4 (0x005c1b33) x22 0x00000000
core   0: 0x80003bf8 (0x41bcd693) srai    a3, s9, 27
core   0: 3 0x80003bf8 (0x41bcd693) x13 0x00000000
core   0: 0x80003bfc (0x01f9ef33) or      t5, s3, t6
core   0: 3 0x80003bfc (0x01f9ef33) x30 0x80022e64
core   0: 0x80003c00 (0x02e0adb3) mulhsu  s11, ra, a4
core   0: 3 0x80003c00 (0x02e0adb3) x27 0x00000000
core   0: 0x80003c04 (0x01037433) and     s0, t1, a6
core   0: 3 0x80003c04 (0x01037433) x 8 0x00000000
core   0: 0x80003c08 (0x01cb6263) bltu    s6, t3, pc + 4
core   0: 3 0x80003c08 (0x01cb6263)
core   0: 0x80003c0c (0x02ebf0b3) remu    ra, s7, a4
core   0: 3 0x80003c0c (0x02ebf0b3) x 1 0x00000004
core   0: 0x80003c10 (0x41ab88b3) sub     a7, s7, s10
core   0: 3 0x80003c10 (0x41ab88b3) x17 0x3133abd4
core   0: 0x80003c14 (0x0000e009) c.bnez  s0, pc + 2
core   0: 3 0x80003c14 (0xe009)
core   0: 0x80003c16 (0x029f91b3) mulh    gp, t6, s1
core   0: 3 0x80003c16 (0x029f91b3) x 3 0x00000000
core   0: 0x80003c1a (0xb8a2a197) auipc   gp, 0xb8a2a
core   0: 3 0x80003c1a (0xb8a2a197) x 3 0x38a2dc1a
core   0: 0x80003c1e (0x066ed763) bge     t4, t1, pc + 110
core   0: 3 0x80003c1e (0x066ed763)
core   0: 0x80003c8c (0xef9e7e93) andi    t4, t3, -263
core   0: 3 0x80003c8c (0xef9e7e93) x29 0x00000000
core   0: 0x80003c90 (0x674f3893) sltiu   a7, t5, 1652
core   0: 3 0x80003c90 (0x674f3893) x17 0x00000000
core   0: 0x80003c94 (0x00008d19) c.sub   a0, a4
core   0: 3 0x80003c94 (0x8d19) x10 0x1aa00ff9
core   0: 0x80003c96 (0x40dcd1b3) sra     gp, s9, a3
core   0: 3 0x80003c96 (0x40dcd1b3) x 3 0x00000000
core   0: 0x80003c9a (0x01605bb3) srl     s7, zero, s6
core   0: 3 0x80003c9a (0x01605bb3) x23 0x00000000
core   0: 0x80003c9e (0x00001284) c.addi4spn s1, sp, 352
core   0: 3 0x80003c9e (0x1284) x 9 0x0000015f
core   0: 0x80003ca0 (0x0000e89d) c.bnez  s1, pc + 54
core   0: 3 0x80003ca0 (0xe89d)
core   0: 0x80003cd6 (0x0281b893) sltiu   a7, gp, 40
core   0: 3 0x80003cd6 (0x0281b893) x17 0x00000001
core   0: 0x80003cda (0x02842493) slti    s1, s0, 40
core   0: 3 0x80003cda (0x02842493) x 9 0x00000001
core   0: 0x80003cde (0x00424933) xor     s2, tp, tp
core   0: 3 0x80003cde (0x00424933) x18 0x00000000
core   0: 0x80003ce2 (0x0111c633) xor     a2, gp, a7
core   0: 3 0x80003ce2 (0x0111c633) x12 0x00000001
core   0: 0x80003ce6 (0x0000ce8d) c.beqz  a3, pc + 58
core   0: 3 0x80003ce6 (0xce8d)
core   0: 0x80003d20 (0x0198d463) bge     a7, s9, pc + 8
core   0: 3 0x80003d20 (0x0198d463)
core   0: 0x80003d28 (0x908b4413) xori    s0, s6, -1784
core   0: 3 0x80003d28 (0x908b4413) x 8 0xfffff908
core   0: 0x80003d2c (0x0000537d) c.li    t1, -1
core   0: 3 0x80003d2c (0x537d) x 6 0xffffffff
core   0: 0x80003d2e (0x00f81d13) slli    s10, a6, 15
core   0: 3 0x80003d2e (0x00f81d13) x26 0x000c0000
core   0: 0x80003d32 (0x00008ddd) c.or    a1, a5
core   0: 3 0x80003d32 (0x8ddd) x11 0x0000022d
core   0: 0x80003d34 (0x00008fe9) c.and   a5, a0
core   0: 3 0x80003d34 (0x8fe9) x15 0x00000228
core   0: 0x80003d36 (0x00008239) c.srli  a2, 14
core   0: 3 0x80003d36 (0x8239) x12 0x00000000
core   0: 0x80003d38 (0x00005dfd) c.li    s11, -1
core   0: 3 0x80003d38 (0x5dfd) x27 0xffffffff
core   0: 0x80003d3a (0x0000717d) c.addi16sp sp, -16
core   0: 3 0x80003d3a (0x717d) x 2 0xffffffef
core   0: 0x80003d3c (0x002d9fb3) sll     t6, s11, sp
core   0: 3 0x80003d3c (0x002d9fb3) x31 0xffff8000
core   0: 0x80003d40 (0x00000375) c.addi  t1, 29
core   0: 3 0x80003d40 (0x0375) x 6 0x0000001c
core   0: 0x80003d42 (0x022a2f33) mulhsu  t5, s4, sp
core   0: 3 0x80003d42 (0x022a2f33) x30 0x00000000
core   0: 0x80003d46 (0x41638e33) sub     t3, t2, s6
core   0: 3 0x80003d46 (0x41638e33) x28 0x80026ce4
core   0: 0x80003d4a (0x00000001) c.nop
core   0: 3 0x80003d4a (0x0001)
core   0: 0x80003d4c (0x017b9263) bne     s7, s7, pc + 4
core   0: 3 0x80003d4c (0x017b9263)
core   0: 0x80003d50 (0x4181d813) srai    a6, gp, 24
core   0: 3 0x80003d50 (0x4181d813) x16 0x00000000
core   0: 0x80003d54 (0x049fc263) blt     t6, s1, pc + 68
core   0: 3 0x80003d54 (0x049fc263)
core   0: 0x80003d98 (0x00008d8e) c.mv    s11, gp
core   0: 3 0x80003d98 (0x8d8e) x27 0x00000000
core   0: 0x80003d9a (0x00004cfd) c.li    s9, 31
core   0: 3 0x80003d9a (0x4cfd) x25 0x0000001f
core   0: 0x80003d9c (0x0000c205) c.beqz  a2, pc + 32
core   0: 3 0x80003d9c (0xc205)
core   0: 0x80003dbc (0x0166e7b3) or      a5, a3, s6
core   0: 3 0x80003dbc (0x0166e7b3) x15 0x00000000
core   0: 0x80003dc0 (0x8d17bc13) sltiu   s8, a5, -1839
core   0: 3 0x80003dc0 (0x8d17bc13) x24 0x00000001
core   0: 0x80003dc4 (0x000086dd) c.srai  a3, 23
core   0: 3 0x80003dc4 (0x86dd) x13 0x00000000
core   0: 0x80003dc6 (0x7b384d13) xori    s10, a6, 1971
core   0: 3 0x80003dc6 (0x7b384d13) x26 0x000007b3
core   0: 0x80003dca (0x0000e1a1) c.bnez  a1, pc + 64
core   0: 3 0x80003dca (0xe1a1)
core   0: 0x80003e0a (0x0075d433) srl     s0, a1, t2
core   0: 3 0x80003e0a (0x0075d433) x 8 0x00000022
core   0: 0x80003e0e (0x03456fb3) rem     t6, a0, s4
core   0: 3 0x80003e0e (0x03456fb3) x31 0x1aa00ff9
core   0: 0x80003e12 (0x038f1933) mulh    s2, t5, s8
core   0: 3 0x80003e12 (0x038f1933) x18 0x00000000
core   0: 0x80003e16 (0x000007e1) c.addi  a5, 24
core   0: 3 0x80003e16 (0x07e1) x15 0x00000018
core   0: 0x80003e18 (0x0226df33) divu    t5, a3, sp
core   0: 3 0x80003e18 (0x0226df33) x30 0x00000000
core   0: 0x80003e1c (0x00000c5a) c.slli  s8, 22
core   0: 3 0x80003e1c (0x0c5a) x24 0x00400000
core   0: 0x80003e1e (0x02896533) rem     a0, s2, s0
core   0: 3 0x80003e1e (0x02896533) x10 0x00000000
core   0: 0x80003e22 (0x05318463) beq     gp, s3, pc + 72
core   0: 3 0x80003e22 (0x05318463)
core   0: 0x80003e26 (0xb74a8537) lui     a0, 0xb74a8
core   0: 3 0x80003e26 (0xb74a8537) x10 0xb74a8000
core   0: 0x80003e2a (0x00001e08) c.addi4spn a0, sp, 816
core   0: 3 0x80003e2a (0x1e08) x10 0x0000031f
core   0: 0x80003e2c (0x00000001) c.nop
core   0: 3 0x80003e2c (0x0001)
core   0: 0x80003e2e (0x8a1e4eb7) lui     t4, 0x8a1e4
core   0: 3 0x80003e2e (0x8a1e4eb7) x29 0x8a1e4000
core   0: 0x80003e32 (0xd8a560b7) lui     ra, 0xd8a56
core   0: 3 0x80003e32 (0xd8a560b7) x 1 0xd8a56000
core   0: 0x80003e36 (0x002b00b3) add     ra, s6, sp
core   0: 3 0x80003e36 (0x002b00b3) x 1 0xffffffef
core   0: 0x80003e3a (0x3caba6b7) lui     a3, 0x3caba
core   0: 3 0x80003e3a (0x3caba6b7) x13 0x3caba000
core   0: 0x80003e3e (0x4f64f193) andi    gp, s1, 1270
core   0: 3 0x80003e3e (0x4f64f193) x 3 0x00000000
core   0: 0x80003e42 (0x40c8ddb3) sra     s11, a7, a2
core   0: 3 0x80003e42 (0x40c8ddb3) x27 0x00000001
core   0: 0x80003e46 (0x02821b63) bne     tp, s0, pc + 54
core   0: 3 0x80003e46 (0x02821b63)
core   0: 0x80003e7c (0x00000001) c.nop
core   0: 3 0x80003e7c (0x0001)
core   0: 0x80003e7e (0x0000c19d) c.beqz  a1, pc + 38
core   0: 3 0x80003e7e (0xc19d)
core   0: 0x80003e80 (0x005537b3) sltu    a5, a0, t0
core   0: 3 0x80003e80 (0x005537b3) x15 0x00000000
core   0: 0x80003e84 (0x00008c01) c.sub   s0, s0
core   0: 3 0x80003e84 (0x8c01) x 8 0x00000000
core   0: 0x80003e86 (0x41620e33) sub     t3, tp, s6
core   0: 3 0x80003e86 (0x41620e33) x28 0x67a72000
core   0: 0x80003e8a (0x9684e913) ori     s2, s1, -1688
core   0: 3 0x80003e8a (0x9684e913) x18 0xfffff969
core   0: 0x80003e8e (0x039996b3) mulh    a3, s3, s9
core   0: 3 0x80003e8e (0x039996b3) x13 0xfffffff0
core   0: 0x80003e92 (0x00008f31) c.xor   a4, a2
core   0: 3 0x80003e92 (0x8f31) x14 0x00000007
core   0: 0x80003e94 (0x0000100f) fence.i
core   0: 3 0x80003e94 (0x0000100f)
core   0: 0x80003e98 (0x0060aeb3) slt     t4, ra, t1
core   0: 3 0x80003e98 (0x0060aeb3) x29 0x00000001
core   0: 0x80003e9c (0x000080cd) c.srli  s1, 19
core   0: 3 0x80003e9c (0x80cd) x 9 0x00000000
core   0: 0x80003e9e (0x0ff0000f) fence   iorw,iorw
core   0: 3 0x80003e9e (0x0ff0000f)
core   0: 0x80003ea2 (0x00001c9c) c.addi4spn a5, sp, 624
core   0: 3 0x80003ea2 (0x1c9c) x15 0x0000025f
core   0: 0x80003ea4 (0x01ca1933) sll     s2, s4, t3
core   0: 3 0x80003ea4 (0x01ca1933) x18 0x00000000
core   0: 0x80003ea8 (0x013536b3) sltu    a3, a0, s3
core   0: 3 0x80003ea8 (0x013536b3) x13 0x00000001
core   0: 0x80003eac (0x03b1f563) bgeu    gp, s11, pc + 42
core   0: 3 0x80003eac (0x03b1f563)
core   0: 0x80003eb0 (0x00008e01) c.sub   a2, s0
core   0: 3 0x80003eb0 (0x8e01) x12 0x00000000
core   0: 0x80003eb2 (0x03eee333) rem     t1, t4, t5
core   0: 3 0x80003eb2 (0x03eee333) x 6 0x00000001
core   0: 0x80003eb6 (0x00006f8d) c.lui   t6, 0x3
core   0: 3 0x80003eb6 (0x6f8d) x31 0x00003000
core   0: 0x80003eb8 (0x03ca00b3) mul     ra, s4, t3
core   0: 3 0x80003eb8 (0x03ca00b3) x 1 0x00000000
core   0: 0x80003ebc (0x0000013e) c.slli  sp, 15
core   0: 3 0x80003ebc (0x013e) x 2 0xfff78000
core   0: 0x80003ebe (0x0000100f) fence.i
core   0: 3 0x80003ebe (0x0000100f)
core   0: 0x80003ec2 (0x00000001) c.nop
core   0: 3 0x80003ec2 (0x0001)
core   0: 0x80003ec4 (0x00008339) c.srli  a4, 14
core   0: 3 0x80003ec4 (0x8339) x14 0x00000000
core   0: 0x80003ec6 (0x181baa13) slti    s4, s7, 385
core   0: 3 0x80003ec6 (0x181baa13) x20 0x00000001
core   0: 0x80003eca (0x022bc463) blt     s7, sp, pc + 40
core   0: 3 0x80003eca (0x022bc463)
core   0: 0x80003ece (0x00e76663) bltu    a4, a4, pc + 12
core   0: 3 0x80003ece (0x00e76663)
core   0: 0x80003ed2 (0x03b3dd63) bge     t2, s11, pc + 58
core   0: 3 0x80003ed2 (0x03b3dd63)
core   0: 0x80003ed6 (0x0000c391) c.beqz  a5, pc + 4
core   0: 3 0x80003ed6 (0xc391)
core   0: 0x80003ed8 (0x00008179) c.srli  a0, 30
core   0: 3 0x80003ed8 (0x8179) x10 0x00000000
core   0: 0x80003eda (0x0000860d) c.srai  a2, 3
core   0: 3 0x80003eda (0x860d) x12 0x00000000
core   0: 0x80003edc (0x997cc113) xori    sp, s9, -1641
core   0: 3 0x80003edc (0x997cc113) x 2 0xfffff988
core   0: 0x80003ee0 (0x41e78e33) sub     t3, a5, t5
core   0: 3 0x80003ee0 (0x41e78e33) x28 0x0000025f
core   0: 0x80003ee4 (0x0000e309) c.bnez  a4, pc + 2
core   0: 3 0x80003ee4 (0xe309)
core   0: 0x80003ee6 (0x0000641d) c.lui   s0, 0x7
core   0: 3 0x80003ee6 (0x641d) x 8 0x00007000
core   0: 0x80003ee8 (0x00d2ceb3) xor     t4, t0, a3
core   0: 3 0x80003ee8 (0x00d2ceb3) x29 0x00000003
core   0: 0x80003eec (0x01c56c63) bltu    a0, t3, pc + 24
core   0: 3 0x80003eec (0x01c56c63)
core   0: 0x80003f04 (0x00008c29) c.xor   s0, a0
core   0: 3 0x80003f04 (0x8c29) x 8 0x00007000
core   0: 0x80003f06 (0x0ff0000f) fence   iorw,iorw
core   0: 3 0x80003f06 (0x0ff0000f)
core   0: 0x80003f0a (0x00005a7d) c.li    s4, -1
core   0: 3 0x80003f0a (0x5a7d) x20 0xffffffff
core   0: 0x80003f0c (0x028e1b33) mulh    s6, t3, s0
core   0: 3 0x80003f0c (0x028e1b33) x22 0x00000000
core   0: 0x80003f10 (0x00008365) c.srli  a4, 25
core   0: 3 0x80003f10 (0x8365) x14 0x00000000
core   0: 0x80003f12 (0x00ee9093) slli    ra, t4, 14
core   0: 3 0x80003f12 (0x00ee9093) x 1 0x0000c000
core   0: 0x80003f16 (0x0073d533) srl     a0, t2, t2
core   0: 3 0x80003f16 (0x0073d533) x10 0x080026ce
core   0: 0x80003f1a (0x014c3db3) sltu    s11, s8, s4
core   0: 3 0x80003f1a (0x014c3db3) x27 0x00000001
core   0: 0x80003f1e (0x039bba33) mulhu   s4, s7, s9
core   0: 3 0x80003f1e (0x039bba33) x20 0x00000000
core   0: 0x80003f22 (0x00000001) c.nop
core   0: 3 0x80003f22 (0x0001)
core   0: 0x80003f24 (0x00400e33) add     t3, zero, tp
core   0: 3 0x80003f24 (0x00400e33) x28 0x67a72000
core   0: 0x80003f28 (0x00004ff1) c.li    t6, 28
core   0: 3 0x80003f28 (0x4ff1) x31 0x0000001c
core   0: 0x80003f2a (0x000068f1) c.lui   a7, 0x1c
core   0: 3 0x80003f2a (0x68f1) x17 0x0001c000
core   0: 0x80003f2c (0x0000870a) c.mv    a4, sp
core   0: 3 0x80003f2c (0x870a) x14 0xfffff988
core   0: 0x80003f2e (0x00008391) c.srli  a5, 4
core   0: 3 0x80003f2e (0x8391) x15 0x00000025
core   0: 0x80003f30 (0x0000100f) fence.i
core   0: 3 0x80003f30 (0x0000100f)
core   0: 0x80003f34 (0x02555bb3) divu    s7, a0, t0
core   0: 3 0x80003f34 (0x02555bb3) x23 0x04001367
core   0: 0x80003f38 (0x01e79563) bne     a5, t5, pc + 10
core   0: 3 0x80003f38 (0x01e79563)
core   0: 0x80003f42 (0x000c3233) sltu    tp, s8, zero
core   0: 3 0x80003f42 (0x000c3233) x 4 0x00000000
core   0: 0x80003f46 (0x00f59a93) slli    s5, a1, 15
core   0: 3 0x80003f46 (0x00f59a93) x21 0x01168000
core   0: 0x80003f4a (0x026c1a33) mulh    s4, s8, t1
core   0: 3 0x80003f4a (0x026c1a33) x20 0x00000000
core   0: 0x80003f4e (0x00000001) c.nop
core   0: 3 0x80003f4e (0x0001)
core   0: 0x80003f50 (0x034a7833) remu    a6, s4, s4
core   0: 3 0x80003f50 (0x034a7833) x16 0x00000000
core   0: 0x80003f54 (0x00c8e1b3) or      gp, a7, a2
core   0: 3 0x80003f54 (0x00c8e1b3) x 3 0x0001c000
core   0: 0x80003f58 (0x00aee133) or      sp, t4, a0
core   0: 3 0x80003f58 (0x00aee133) x 2 0x080026cf
core   0: 0x80003f5c (0x000096f6) c.add   a3, t4
core   0: 3 0x80003f5c (0x96f6) x13 0x00000004
core   0: 0x80003f5e (0x000a7f33) and     t5, s4, zero
core   0: 3 0x80003f5e (0x000a7f33) x30 0x00000000
core   0: 0x80003f62 (0x6ac06fb7) lui     t6, 0x6ac06
core   0: 3 0x80003f62 (0x6ac06fb7) x31 0x6ac06000
core   0: 0x80003f66 (0x0000100f) fence.i
core   0: 3 0x80003f66 (0x0000100f)
core   0: 0x80003f6a (0x404edb93) srai    s7, t4, 4
core   0: 3 0x80003f6a (0x404edb93) x23 0x00000000
core   0: 0x80003f6e (0x0179d7b3) srl     a5, s3, s7
core   0: 3 0x80003f6e (0x0179d7b3) x15 0x80022e64
core   0: 0x80003f72 (0x00000001) c.nop
core   0: 3 0x80003f72 (0x0001)
core   0: 0x80003f74 (0x02af6463) bltu    t5, a0, pc + 40
core   0: 3 0x80003f74 (0x02af6463)
core   0: 0x80003f9c (0x00001590) c.addi4spn a2, sp, 736
core   0: 3 0x80003f9c (0x1590) x12 0x080029af
core   0: 0x80003f9e (0x004158b3) srl     a7, sp, tp
core   0: 3 0x80003f9e (0x004158b3) x17 0x080026cf
core   0: 0x80003fa2 (0x41f8d493) srai    s1, a7, 31
core   0: 3 0x80003fa2 (0x41f8d493) x 9 0x00000000
core   0: 0x80003fa6 (0x40538bb3) sub     s7, t2, t0
core   0: 3 0x80003fa6 (0x40538bb3) x23 0x80026ce2
core   0: 0x80003faa (0xd5ef7313) andi    t1, t5, -674
core   0: 3 0x80003faa (0xd5ef7313) x 6 0x00000000
core   0: 0x80003fae (0x0000848e) c.mv    s1, gp
core   0: 3 0x80003fae (0x848e) x 9 0x0001c000
core   0: 0x80003fb0 (0xffc00193) li      gp, -4
core   0: 3 0x80003fb0 (0xffc00193) x 3 0xfffffffc
core   0: 0x80003fb4 (0x0123b433) sltu    s0, t2, s2
core   0: 3 0x80003fb4 (0x0123b433) x 8 0x00000000
core   0: 0x80003fb8 (0x02914b33) div     s6, sp, s1
core   0: 3 0x80003fb8 (0x02914b33) x22 0x00000492
core   0: 0x80003fbc (0x01000c13) li      s8, 16
core   0: 3 0x80003fbc (0x01000c13) x24 0x00000010
core   0: 0x80003fc0 (0x00001f7d) c.addi  t5, -1
core   0: 3 0x80003fc0 (0x1f7d) x30 0xffffffff
core   0: 0x80003fc2 (0x3c687c97) auipc   s9, 0x3c687
core   0: 3 0x80003fc2 (0x3c687c97) x25 0xbc68afc2
core   0: 0x80003fc6 (0x00000189) c.addi  gp, 2
core   0: 3 0x80003fc6 (0x0189) x 3 0xfffffffe
core   0: 0x80003fc8 (0x00009afd) c.andi  a3, -1
core   0: 3 0x80003fc8 (0x9afd) x13 0x00000004
core   0: 0x80003fca (0xff800493) li      s1, -8
core   0: 3 0x80003fca (0xff800493) x 9 0xfffffff8
core   0: 0x80003fce (0x00000001) c.nop
core   0: 3 0x80003fce (0x0001)
core   0: 0x80003fd0 (0x0298abb3) mulhsu  s7, a7, s1
core   0: 3 0x80003fd0 (0x0298abb3) x23 0x080026ce
core   0: 0x80003fd4 (0x000099fd) c.andi  a1, -1
core   0: 3 0x80003fd4 (0x99fd) x11 0x0000022d
core   0: 0x80003fd6 (0x00000485) c.addi  s1, 1
core   0: 3 0x80003fd6 (0x0485) x 9 0xfffffff9
core   0: 0x80003fd8 (0x00006131) c.addi16sp sp, 320
core   0: 3 0x80003fd8 (0x6131) x 2 0x0800280f
core   0: 0x80003fda (0x0302e433) rem     s0, t0, a6
core   0: 3 0x80003fda (0x0302e433) x 8 0x00000002
core   0: 0x80003fde (0x00167933) and     s2, a2, ra
core   0: 3 0x80003fde (0x00167933) x18 0x00000000
core   0: 0x80003fe2 (0x012d35b3) sltu    a1, s10, s2
core   0: 3 0x80003fe2 (0x012d35b3) x11 0x00000000
core   0: 0x80003fe6 (0x0000d4fd) c.beqz  s1, pc - 18
core   0: 3 0x80003fe6 (0xd4fd)
core   0: 0x80003fe8 (0xfd81cce3) blt     gp, s8, pc - 40
core   0: 3 0x80003fe8 (0xfd81cce3)
core   0: 0x80003fc0 (0x00001f7d) c.addi  t5, -1
core   0: 3 0x80003fc0 (0x1f7d) x30 0xfffffffe
core   0: 0x80003fc2 (0x3c687c97) auipc   s9, 0x3c687
core   0: 3 0x80003fc2 (0x3c687c97) x25 0xbc68afc2
core   0: 0x80003fc6 (0x00000189) c.addi  gp, 2
core   0: 3 0x80003fc6 (0x0189) x 3 0x00000000
core   0: 0x80003fc8 (0x00009afd) c.andi  a3, -1
core   0: 3 0x80003fc8 (0x9afd) x13 0x00000004
core   0: 0x80003fca (0xff800493) li      s1, -8
core   0: 3 0x80003fca (0xff800493) x 9 0xfffffff8
core   0: 0x80003fce (0x00000001) c.nop
core   0: 3 0x80003fce (0x0001)
core   0: 0x80003fd0 (0x0298abb3) mulhsu  s7, a7, s1
core   0: 3 0x80003fd0 (0x0298abb3) x23 0x080026ce
core   0: 0x80003fd4 (0x000099fd) c.andi  a1, -1
core   0: 3 0x80003fd4 (0x99fd) x11 0x00000000
core   0: 0x80003fd6 (0x00000485) c.addi  s1, 1
core   0: 3 0x80003fd6 (0x0485) x 9 0xfffffff9
core   0: 0x80003fd8 (0x00006131) c.addi16sp sp, 320
core   0: 3 0x80003fd8 (0x6131) x 2 0x0800294f
core   0: 0x80003fda (0x0302e433) rem     s0, t0, a6
core   0: 3 0x80003fda (0x0302e433) x 8 0x00000002
core   0: 0x80003fde (0x00167933) and     s2, a2, ra
core   0: 3 0x80003fde (0x00167933) x18 0x00000000
core   0: 0x80003fe2 (0x012d35b3) sltu    a1, s10, s2
core   0: 3 0x80003fe2 (0x012d35b3) x11 0x00000000
core   0: 0x80003fe6 (0x0000d4fd) c.beqz  s1, pc - 18
core   0: 3 0x80003fe6 (0xd4fd)
core   0: 0x80003fe8 (0xfd81cce3) blt     gp, s8, pc - 40
core   0: 3 0x80003fe8 (0xfd81cce3)
core   0: 0x80003fc0 (0x00001f7d) c.addi  t5, -1
core   0: 3 0x80003fc0 (0x1f7d) x30 0xfffffffd
core   0: 0x80003fc2 (0x3c687c97) auipc   s9, 0x3c687
core   0: 3 0x80003fc2 (0x3c687c97) x25 0xbc68afc2
core   0: 0x80003fc6 (0x00000189) c.addi  gp, 2
core   0: 3 0x80003fc6 (0x0189) x 3 0x00000002
core   0: 0x80003fc8 (0x00009afd) c.andi  a3, -1
core   0: 3 0x80003fc8 (0x9afd) x13 0x00000004
core   0: 0x80003fca (0xff800493) li      s1, -8
core   0: 3 0x80003fca (0xff800493) x 9 0xfffffff8
core   0: 0x80003fce (0x00000001) c.nop
core   0: 3 0x80003fce (0x0001)
core   0: 0x80003fd0 (0x0298abb3) mulhsu  s7, a7, s1
core   0: 3 0x80003fd0 (0x0298abb3) x23 0x080026ce
core   0: 0x80003fd4 (0x000099fd) c.andi  a1, -1
core   0: 3 0x80003fd4 (0x99fd) x11 0x00000000
core   0: 0x80003fd6 (0x00000485) c.addi  s1, 1
core   0: 3 0x80003fd6 (0x0485) x 9 0xfffffff9
core   0: 0x80003fd8 (0x00006131) c.addi16sp sp, 320
core   0: 3 0x80003fd8 (0x6131) x 2 0x08002a8f
core   0: 0x80003fda (0x0302e433) rem     s0, t0, a6
core   0: 3 0x80003fda (0x0302e433) x 8 0x00000002
core   0: 0x80003fde (0x00167933) and     s2, a2, ra
core   0: 3 0x80003fde (0x00167933) x18 0x00000000
core   0: 0x80003fe2 (0x012d35b3) sltu    a1, s10, s2
core   0: 3 0x80003fe2 (0x012d35b3) x11 0x00000000
core   0: 0x80003fe6 (0x0000d4fd) c.beqz  s1, pc - 18
core   0: 3 0x80003fe6 (0xd4fd)
core   0: 0x80003fe8 (0xfd81cce3) blt     gp, s8, pc - 40
core   0: 3 0x80003fe8 (0xfd81cce3)
core   0: 0x80003fc0 (0x00001f7d) c.addi  t5, -1
core   0: 3 0x80003fc0 (0x1f7d) x30 0xfffffffc
core   0: 0x80003fc2 (0x3c687c97) auipc   s9, 0x3c687
core   0: 3 0x80003fc2 (0x3c687c97) x25 0xbc68afc2
core   0: 0x80003fc6 (0x00000189) c.addi  gp, 2
core   0: 3 0x80003fc6 (0x0189) x 3 0x00000004
core   0: 0x80003fc8 (0x00009afd) c.andi  a3, -1
core   0: 3 0x80003fc8 (0x9afd) x13 0x00000004
core   0: 0x80003fca (0xff800493) li      s1, -8
core   0: 3 0x80003fca (0xff800493) x 9 0xfffffff8
core   0: 0x80003fce (0x00000001) c.nop
core   0: 3 0x80003fce (0x0001)
core   0: 0x80003fd0 (0x0298abb3) mulhsu  s7, a7, s1
core   0: 3 0x80003fd0 (0x0298abb3) x23 0x080026ce
core   0: 0x80003fd4 (0x000099fd) c.andi  a1, -1
core   0: 3 0x80003fd4 (0x99fd) x11 0x00000000
core   0: 0x80003fd6 (0x00000485) c.addi  s1, 1
core   0: 3 0x80003fd6 (0x0485) x 9 0xfffffff9
core   0: 0x80003fd8 (0x00006131) c.addi16sp sp, 320
core   0: 3 0x80003fd8 (0x6131) x 2 0x08002bcf
core   0: 0x80003fda (0x0302e433) rem     s0, t0, a6
core   0: 3 0x80003fda (0x0302e433) x 8 0x00000002
core   0: 0x80003fde (0x00167933) and     s2, a2, ra
core   0: 3 0x80003fde (0x00167933) x18 0x00000000
core   0: 0x80003fe2 (0x012d35b3) sltu    a1, s10, s2
core   0: 3 0x80003fe2 (0x012d35b3) x11 0x00000000
core   0: 0x80003fe6 (0x0000d4fd) c.beqz  s1, pc - 18
core   0: 3 0x80003fe6 (0xd4fd)
core   0: 0x80003fe8 (0xfd81cce3) blt     gp, s8, pc - 40
core   0: 3 0x80003fe8 (0xfd81cce3)
core   0: 0x80003fc0 (0x00001f7d) c.addi  t5, -1
core   0: 3 0x80003fc0 (0x1f7d) x30 0xfffffffb
core   0: 0x80003fc2 (0x3c687c97) auipc   s9, 0x3c687
core   0: 3 0x80003fc2 (0x3c687c97) x25 0xbc68afc2
core   0: 0x80003fc6 (0x00000189) c.addi  gp, 2
core   0: 3 0x80003fc6 (0x0189) x 3 0x00000006
core   0: 0x80003fc8 (0x00009afd) c.andi  a3, -1
core   0: 3 0x80003fc8 (0x9afd) x13 0x00000004
core   0: 0x80003fca (0xff800493) li      s1, -8
core   0: 3 0x80003fca (0xff800493) x 9 0xfffffff8
core   0: 0x80003fce (0x00000001) c.nop
core   0: 3 0x80003fce (0x0001)
core   0: 0x80003fd0 (0x0298abb3) mulhsu  s7, a7, s1
core   0: 3 0x80003fd0 (0x0298abb3) x23 0x080026ce
core   0: 0x80003fd4 (0x000099fd) c.andi  a1, -1
core   0: 3 0x80003fd4 (0x99fd) x11 0x00000000
core   0: 0x80003fd6 (0x00000485) c.addi  s1, 1
core   0: 3 0x80003fd6 (0x0485) x 9 0xfffffff9
core   0: 0x80003fd8 (0x00006131) c.addi16sp sp, 320
core   0: 3 0x80003fd8 (0x6131) x 2 0x08002d0f
core   0: 0x80003fda (0x0302e433) rem     s0, t0, a6
core   0: 3 0x80003fda (0x0302e433) x 8 0x00000002
core   0: 0x80003fde (0x00167933) and     s2, a2, ra
core   0: 3 0x80003fde (0x00167933) x18 0x00000000
core   0: 0x80003fe2 (0x012d35b3) sltu    a1, s10, s2
core   0: 3 0x80003fe2 (0x012d35b3) x11 0x00000000
core   0: 0x80003fe6 (0x0000d4fd) c.beqz  s1, pc - 18
core   0: 3 0x80003fe6 (0xd4fd)
core   0: 0x80003fe8 (0xfd81cce3) blt     gp, s8, pc - 40
core   0: 3 0x80003fe8 (0xfd81cce3)
core   0: 0x80003fc0 (0x00001f7d) c.addi  t5, -1
core   0: 3 0x80003fc0 (0x1f7d) x30 0xfffffffa
core   0: 0x80003fc2 (0x3c687c97) auipc   s9, 0x3c687
core   0: 3 0x80003fc2 (0x3c687c97) x25 0xbc68afc2
core   0: 0x80003fc6 (0x00000189) c.addi  gp, 2
core   0: 3 0x80003fc6 (0x0189) x 3 0x00000008
core   0: 0x80003fc8 (0x00009afd) c.andi  a3, -1
core   0: 3 0x80003fc8 (0x9afd) x13 0x00000004
core   0: 0x80003fca (0xff800493) li      s1, -8
core   0: 3 0x80003fca (0xff800493) x 9 0xfffffff8
core   0: 0x80003fce (0x00000001) c.nop
core   0: 3 0x80003fce (0x0001)
core   0: 0x80003fd0 (0x0298abb3) mulhsu  s7, a7, s1
core   0: 3 0x80003fd0 (0x0298abb3) x23 0x080026ce
core   0: 0x80003fd4 (0x000099fd) c.andi  a1, -1
core   0: 3 0x80003fd4 (0x99fd) x11 0x00000000
core   0: 0x80003fd6 (0x00000485) c.addi  s1, 1
core   0: 3 0x80003fd6 (0x0485) x 9 0xfffffff9
core   0: 0x80003fd8 (0x00006131) c.addi16sp sp, 320
core   0: 3 0x80003fd8 (0x6131) x 2 0x08002e4f
core   0: 0x80003fda (0x0302e433) rem     s0, t0, a6
core   0: 3 0x80003fda (0x0302e433) x 8 0x00000002
core   0: 0x80003fde (0x00167933) and     s2, a2, ra
core   0: 3 0x80003fde (0x00167933) x18 0x00000000
core   0: 0x80003fe2 (0x012d35b3) sltu    a1, s10, s2
core   0: 3 0x80003fe2 (0x012d35b3) x11 0x00000000
core   0: 0x80003fe6 (0x0000d4fd) c.beqz  s1, pc - 18
core   0: 3 0x80003fe6 (0xd4fd)
core   0: 0x80003fe8 (0xfd81cce3) blt     gp, s8, pc - 40
core   0: 3 0x80003fe8 (0xfd81cce3)
core   0: 0x80003fc0 (0x00001f7d) c.addi  t5, -1
core   0: 3 0x80003fc0 (0x1f7d) x30 0xfffffff9
core   0: 0x80003fc2 (0x3c687c97) auipc   s9, 0x3c687
core   0: 3 0x80003fc2 (0x3c687c97) x25 0xbc68afc2
core   0: 0x80003fc6 (0x00000189) c.addi  gp, 2
core   0: 3 0x80003fc6 (0x0189) x 3 0x0000000a
core   0: 0x80003fc8 (0x00009afd) c.andi  a3, -1
core   0: 3 0x80003fc8 (0x9afd) x13 0x00000004
core   0: 0x80003fca (0xff800493) li      s1, -8
core   0: 3 0x80003fca (0xff800493) x 9 0xfffffff8
core   0: 0x80003fce (0x00000001) c.nop
core   0: 3 0x80003fce (0x0001)
core   0: 0x80003fd0 (0x0298abb3) mulhsu  s7, a7, s1
core   0: 3 0x80003fd0 (0x0298abb3) x23 0x080026ce
core   0: 0x80003fd4 (0x000099fd) c.andi  a1, -1
core   0: 3 0x80003fd4 (0x99fd) x11 0x00000000
core   0: 0x80003fd6 (0x00000485) c.addi  s1, 1
core   0: 3 0x80003fd6 (0x0485) x 9 0xfffffff9
core   0: 0x80003fd8 (0x00006131) c.addi16sp sp, 320
core   0: 3 0x80003fd8 (0x6131) x 2 0x08002f8f
core   0: 0x80003fda (0x0302e433) rem     s0, t0, a6
core   0: 3 0x80003fda (0x0302e433) x 8 0x00000002
core   0: 0x80003fde (0x00167933) and     s2, a2, ra
core   0: 3 0x80003fde (0x00167933) x18 0x00000000
core   0: 0x80003fe2 (0x012d35b3) sltu    a1, s10, s2
core   0: 3 0x80003fe2 (0x012d35b3) x11 0x00000000
core   0: 0x80003fe6 (0x0000d4fd) c.beqz  s1, pc - 18
core   0: 3 0x80003fe6 (0xd4fd)
core   0: 0x80003fe8 (0xfd81cce3) blt     gp, s8, pc - 40
core   0: 3 0x80003fe8 (0xfd81cce3)
core   0: 0x80003fc0 (0x00001f7d) c.addi  t5, -1
core   0: 3 0x80003fc0 (0x1f7d) x30 0xfffffff8
core   0: 0x80003fc2 (0x3c687c97) auipc   s9, 0x3c687
core   0: 3 0x80003fc2 (0x3c687c97) x25 0xbc68afc2
core   0: 0x80003fc6 (0x00000189) c.addi  gp, 2
core   0: 3 0x80003fc6 (0x0189) x 3 0x0000000c
core   0: 0x80003fc8 (0x00009afd) c.andi  a3, -1
core   0: 3 0x80003fc8 (0x9afd) x13 0x00000004
core   0: 0x80003fca (0xff800493) li      s1, -8
core   0: 3 0x80003fca (0xff800493) x 9 0xfffffff8
core   0: 0x80003fce (0x00000001) c.nop
core   0: 3 0x80003fce (0x0001)
core   0: 0x80003fd0 (0x0298abb3) mulhsu  s7, a7, s1
core   0: 3 0x80003fd0 (0x0298abb3) x23 0x080026ce
core   0: 0x80003fd4 (0x000099fd) c.andi  a1, -1
core   0: 3 0x80003fd4 (0x99fd) x11 0x00000000
core   0: 0x80003fd6 (0x00000485) c.addi  s1, 1
core   0: 3 0x80003fd6 (0x0485) x 9 0xfffffff9
core   0: 0x80003fd8 (0x00006131) c.addi16sp sp, 320
core   0: 3 0x80003fd8 (0x6131) x 2 0x080030cf
core   0: 0x80003fda (0x0302e433) rem     s0, t0, a6
core   0: 3 0x80003fda (0x0302e433) x 8 0x00000002
core   0: 0x80003fde (0x00167933) and     s2, a2, ra
core   0: 3 0x80003fde (0x00167933) x18 0x00000000
core   0: 0x80003fe2 (0x012d35b3) sltu    a1, s10, s2
core   0: 3 0x80003fe2 (0x012d35b3) x11 0x00000000
core   0: 0x80003fe6 (0x0000d4fd) c.beqz  s1, pc - 18
core   0: 3 0x80003fe6 (0xd4fd)
core   0: 0x80003fe8 (0xfd81cce3) blt     gp, s8, pc - 40
core   0: 3 0x80003fe8 (0xfd81cce3)
core   0: 0x80003fc0 (0x00001f7d) c.addi  t5, -1
core   0: 3 0x80003fc0 (0x1f7d) x30 0xfffffff7
core   0: 0x80003fc2 (0x3c687c97) auipc   s9, 0x3c687
core   0: 3 0x80003fc2 (0x3c687c97) x25 0xbc68afc2
core   0: 0x80003fc6 (0x00000189) c.addi  gp, 2
core   0: 3 0x80003fc6 (0x0189) x 3 0x0000000e
core   0: 0x80003fc8 (0x00009afd) c.andi  a3, -1
core   0: 3 0x80003fc8 (0x9afd) x13 0x00000004
core   0: 0x80003fca (0xff800493) li      s1, -8
core   0: 3 0x80003fca (0xff800493) x 9 0xfffffff8
core   0: 0x80003fce (0x00000001) c.nop
core   0: 3 0x80003fce (0x0001)
core   0: 0x80003fd0 (0x0298abb3) mulhsu  s7, a7, s1
core   0: 3 0x80003fd0 (0x0298abb3) x23 0x080026ce
core   0: 0x80003fd4 (0x000099fd) c.andi  a1, -1
core   0: 3 0x80003fd4 (0x99fd) x11 0x00000000
core   0: 0x80003fd6 (0x00000485) c.addi  s1, 1
core   0: 3 0x80003fd6 (0x0485) x 9 0xfffffff9
core   0: 0x80003fd8 (0x00006131) c.addi16sp sp, 320
core   0: 3 0x80003fd8 (0x6131) x 2 0x0800320f
core   0: 0x80003fda (0x0302e433) rem     s0, t0, a6
core   0: 3 0x80003fda (0x0302e433) x 8 0x00000002
core   0: 0x80003fde (0x00167933) and     s2, a2, ra
core   0: 3 0x80003fde (0x00167933) x18 0x00000000
core   0: 0x80003fe2 (0x012d35b3) sltu    a1, s10, s2
core   0: 3 0x80003fe2 (0x012d35b3) x11 0x00000000
core   0: 0x80003fe6 (0x0000d4fd) c.beqz  s1, pc - 18
core   0: 3 0x80003fe6 (0xd4fd)
core   0: 0x80003fe8 (0xfd81cce3) blt     gp, s8, pc - 40
core   0: 3 0x80003fe8 (0xfd81cce3)
core   0: 0x80003fc0 (0x00001f7d) c.addi  t5, -1
core   0: 3 0x80003fc0 (0x1f7d) x30 0xfffffff6
core   0: 0x80003fc2 (0x3c687c97) auipc   s9, 0x3c687
core   0: 3 0x80003fc2 (0x3c687c97) x25 0xbc68afc2
core   0: 0x80003fc6 (0x00000189) c.addi  gp, 2
core   0: 3 0x80003fc6 (0x0189) x 3 0x00000010
core   0: 0x80003fc8 (0x00009afd) c.andi  a3, -1
core   0: 3 0x80003fc8 (0x9afd) x13 0x00000004
core   0: 0x80003fca (0xff800493) li      s1, -8
core   0: 3 0x80003fca (0xff800493) x 9 0xfffffff8
core   0: 0x80003fce (0x00000001) c.nop
core   0: 3 0x80003fce (0x0001)
core   0: 0x80003fd0 (0x0298abb3) mulhsu  s7, a7, s1
core   0: 3 0x80003fd0 (0x0298abb3) x23 0x080026ce
core   0: 0x80003fd4 (0x000099fd) c.andi  a1, -1
core   0: 3 0x80003fd4 (0x99fd) x11 0x00000000
core   0: 0x80003fd6 (0x00000485) c.addi  s1, 1
core   0: 3 0x80003fd6 (0x0485) x 9 0xfffffff9
core   0: 0x80003fd8 (0x00006131) c.addi16sp sp, 320
core   0: 3 0x80003fd8 (0x6131) x 2 0x0800334f
core   0: 0x80003fda (0x0302e433) rem     s0, t0, a6
core   0: 3 0x80003fda (0x0302e433) x 8 0x00000002
core   0: 0x80003fde (0x00167933) and     s2, a2, ra
core   0: 3 0x80003fde (0x00167933) x18 0x00000000
core   0: 0x80003fe2 (0x012d35b3) sltu    a1, s10, s2
core   0: 3 0x80003fe2 (0x012d35b3) x11 0x00000000
core   0: 0x80003fe6 (0x0000d4fd) c.beqz  s1, pc - 18
core   0: 3 0x80003fe6 (0xd4fd)
core   0: 0x80003fe8 (0xfd81cce3) blt     gp, s8, pc - 40
core   0: 3 0x80003fe8 (0xfd81cce3)
core   0: 0x80003fec (0x03cd5333) divu    t1, s10, t3
core   0: 3 0x80003fec (0x03cd5333) x 6 0x00000000
core   0: 0x80003ff0 (0x00008e3d) c.xor   a2, a5
core   0: 3 0x80003ff0 (0x8e3d) x12 0x880207cb
core   0: 0x80003ff2 (0x03143833) mulhu   a6, s0, a7
core   0: 3 0x80003ff2 (0x03143833) x16 0x00000000
core   0: 0x80003ff6 (0x0276a533) mulhsu  a0, a3, t2
core   0: 3 0x80003ff6 (0x0276a533) x10 0x00000002
core   0: 0x80003ffa (0x02f7c5b3) div     a1, a5, a5
core   0: 3 0x80003ffa (0x02f7c5b3) x11 0x00000001
core   0: 0x80003ffe (0x0000100f) fence.i
core   0: 3 0x80003ffe (0x0000100f)
core   0: 0x80004002 (0x00b55433) srl     s0, a0, a1
core   0: 3 0x80004002 (0x00b55433) x 8 0x00000001
core   0: 0x80004006 (0x037dbd33) mulhu   s10, s11, s7
core   0: 3 0x80004006 (0x037dbd33) x26 0x00000000
core   0: 0x8000400a (0x00001d88) c.addi4spn a0, sp, 752
core   0: 3 0x8000400a (0x1d88) x10 0x0800363f
core   0: 0x8000400c (0x00001d1c) c.addi4spn a5, sp, 688
core   0: 3 0x8000400c (0x1d1c) x15 0x080035ff
core   0: 0x8000400e (0x00c5d013) srli    zero, a1, 12
core   0: 3 0x8000400e (0x00c5d013)
core   0: 0x80004012 (0x00008ef1) c.and   a3, a2
core   0: 3 0x80004012 (0x8ef1) x13 0x00000000
core   0: 0x80004014 (0x0000063a) c.slli  a2, 14
core   0: 3 0x80004014 (0x063a) x12 0x81f2c000
core   0: 0x80004016 (0x03806533) rem     a0, zero, s8
core   0: 3 0x80004016 (0x03806533) x10 0x00000000
core   0: 0x8000401a (0x00008092) c.mv    ra, tp
core   0: 3 0x8000401a (0x8092) x 1 0x00000000
core   0: 0x8000401c (0x007be563) bltu    s7, t2, pc + 10
core   0: 3 0x8000401c (0x007be563)
core   0: 0x80004026 (0x40175c33) sra     s8, a4, ra
core   0: 3 0x80004026 (0x40175c33) x24 0xfffff988
core   0: 0x8000402a (0x00008c61) c.and   s0, s0
core   0: 3 0x8000402a (0x8c61) x 8 0x00000001
core   0: 0x8000402c (0x44fc5f37) lui     t5, 0x44fc5
core   0: 3 0x8000402c (0x44fc5f37) x30 0x44fc5000
core   0: 0x80004030 (0x01e27e33) and     t3, tp, t5
core   0: 3 0x80004030 (0x01e27e33) x28 0x00000000
core   0: 0x80004034 (0x00b75d33) srl     s10, a4, a1
core   0: 3 0x80004034 (0x00b75d33) x26 0x7ffffcc4
core   0: 0x80004038 (0x82534b93) xori    s7, t1, -2011
core   0: 3 0x80004038 (0x82534b93) x23 0xfffff825
core   0: 0x8000403c (0xbdf92b93) slti    s7, s2, -1057
core   0: 3 0x8000403c (0xbdf92b93) x23 0x00000000
core   0: 0x80004040 (0x0000717d) c.addi16sp sp, -16
core   0: 3 0x80004040 (0x717d) x 2 0x0800333f
core   0: 0x80004042 (0x00ca80b3) add     ra, s5, a2
core   0: 3 0x80004042 (0x00ca80b3) x 1 0x83094000
core   0: 0x80004046 (0x00000001) c.nop
core   0: 3 0x80004046 (0x0001)
core   0: 0x80004048 (0x03744f63) blt     s0, s7, pc + 62
core   0: 3 0x80004048 (0x03744f63)
core   0: 0x8000404c (0x008aff63) bgeu    s5, s0, pc + 30
core   0: 3 0x8000404c (0x008aff63)
core   0: 0x8000406a (0x00008fb1) c.xor   a5, a2
core   0: 3 0x8000406a (0x8fb1) x15 0x89f2f5ff
core   0: 0x8000406c (0xa951d417) auipc   s0, 0xa951d
core   0: 3 0x8000406c (0xa951d417) x 8 0x2952106c
core   0: 0x80004070 (0x025bf7b3) remu    a5, s7, t0
core   0: 3 0x80004070 (0x025bf7b3) x15 0x00000000
core   0: 0x80004074 (0x405fd7b3) sra     a5, t6, t0
core   0: 3 0x80004074 (0x405fd7b3) x15 0x1ab01800
core   0: 0x80004078 (0x028c1cb3) mulh    s9, s8, s0
core   0: 3 0x80004078 (0x028c1cb3) x25 0xfffffef4
core   0: 0x8000407c (0x00008485) c.srai  s1, 1
core   0: 3 0x8000407c (0x8485) x 9 0xfffffffc
core   0: 0x8000407e (0x0ff0000f) fence   iorw,iorw
core   0: 3 0x8000407e (0x0ff0000f)
core   0: 0x80004082 (0x02a16c63) bltu    sp, a0, pc + 56
core   0: 3 0x80004082 (0x02a16c63)
core   0: 0x80004086 (0x00000ba2) c.slli  s7, 8
core   0: 3 0x80004086 (0x0ba2) x23 0x00000000
core   0: 0x80004088 (0x70082417) auipc   s0, 0x70082
core   0: 3 0x80004088 (0x70082417) x 8 0xf0086088
core   0: 0x8000408c (0x018c5b93) srli    s7, s8, 24
core   0: 3 0x8000408c (0x018c5b93) x23 0x000000ff
core   0: 0x80004090 (0x00a55b33) srl     s6, a0, a0
core   0: 3 0x80004090 (0x00a55b33) x22 0x00000000
core   0: 0x80004094 (0x0051d7b3) srl     a5, gp, t0
core   0: 3 0x80004094 (0x0051d7b3) x15 0x00000004
core   0: 0x80004098 (0x01f5de63) bge     a1, t6, pc + 28
core   0: 3 0x80004098 (0x01f5de63)
core   0: 0x8000409c (0x006c7833) and     a6, s8, t1
core   0: 3 0x8000409c (0x006c7833) x16 0x00000000
core   0: 0x800040a0 (0x00000222) c.slli  tp, 8
core   0: 3 0x800040a0 (0x0222) x 4 0x00000000
core   0: 0x800040a2 (0x63e64197) auipc   gp, 0x63e64
core   0: 3 0x800040a2 (0x63e64197) x 3 0xe3e680a2
core   0: 0x800040a6 (0x0000c2a1) c.beqz  a3, pc + 64
core   0: 3 0x800040a6 (0xc2a1)
core   0: 0x800040e6 (0x07ec8a63) beq     s9, t5, pc + 116
core   0: 3 0x800040e6 (0x07ec8a63)
core   0: 0x800040ea (0x09cf7d63) bgeu    t5, t3, pc + 154
core   0: 3 0x800040ea (0x09cf7d63)
core   0: 0x80004184 (0x00c93833) sltu    a6, s2, a2
core   0: 3 0x80004184 (0x00c93833) x16 0x00000001
core   0: 0x80004188 (0x00e95d93) srli    s11, s2, 14
core   0: 3 0x80004188 (0x00e95d93) x27 0x00000000
core   0: 0x8000418c (0x403a8db3) sub     s11, s5, gp
core   0: 3 0x8000418c (0x403a8db3) x27 0x1d2fff5e
core   0: 0x80004190 (0x00001e1c) c.addi4spn a5, sp, 816
core   0: 3 0x80004190 (0x1e1c) x15 0x0800366f
core   0: 0x80004192 (0x0000717d) c.addi16sp sp, -16
core   0: 3 0x80004192 (0x717d) x 2 0x0800332f
core   0: 0x80004194 (0x96afad93) slti    s11, t6, -1686
core   0: 3 0x80004194 (0x96afad93) x27 0x00000000
core   0: 0x80004198 (0x010edc63) bge     t4, a6, pc + 24
core   0: 3 0x80004198 (0x010edc63)
core   0: 0x800041b0 (0x00008f55) c.or    a4, a3
core   0: 3 0x800041b0 (0x8f55) x14 0xfffff988
core   0: 0x800041b2 (0x00836d33) or      s10, t1, s0
core   0: 3 0x800041b2 (0x00836d33) x26 0xf0086088
core   0: 0x800041b6 (0x00001b7d) c.addi  s6, -1
core   0: 3 0x800041b6 (0x1b7d) x22 0xffffffff
core   0: 0x800041b8 (0x0240e763) bltu    ra, tp, pc + 46
core   0: 3 0x800041b8 (0x0240e763)
core   0: 0x800041bc (0x00f58c33) add     s8, a1, a5
core   0: 3 0x800041bc (0x00f58c33) x24 0x08003670
core   0: 0x800041c0 (0x00c14763) blt     sp, a2, pc + 14
core   0: 3 0x800041c0 (0x00c14763)
core   0: 0x800041c4 (0x40efdcb3) sra     s9, t6, a4
core   0: 3 0x800041c4 (0x40efdcb3) x25 0x006ac060
core   0: 0x800041c8 (0x8c9dfc93) andi    s9, s11, -1847
core   0: 3 0x800041c8 (0x8c9dfc93) x25 0x00000000
core   0: 0x800041cc (0x000084f5) c.srai  s1, 29
core   0: 3 0x800041cc (0x84f5) x 9 0xffffffff
core   0: 0x800041ce (0xd1f99797) auipc   a5, 0xd1f99
core   0: 3 0x800041ce (0xd1f99797) x15 0x51f9d1ce
core   0: 0x800041d2 (0x0ff0000f) fence   iorw,iorw
core   0: 3 0x800041d2 (0x0ff0000f)
core   0: 0x800041d6 (0x00008fde) c.mv    t6, s7
core   0: 3 0x800041d6 (0x8fde) x31 0x000000ff
core   0: 0x800041d8 (0x00008255) c.srli  a2, 21
core   0: 3 0x800041d8 (0x8255) x12 0x0000040f
core   0: 0x800041da (0x0297a933) mulhsu  s2, a5, s1
core   0: 3 0x800041da (0x0297a933) x18 0x51f9d1cd
core   0: 0x800041de (0x04118163) beq     gp, ra, pc + 66
core   0: 3 0x800041de (0x04118163)
core   0: 0x800041e2 (0x3418b8b7) lui     a7, 0x3418b
core   0: 3 0x800041e2 (0x3418b8b7) x17 0x3418b000
core   0: 0x800041e6 (0x0000eb8d) c.bnez  a5, pc + 50
core   0: 3 0x800041e6 (0xeb8d)
core   0: 0x80004218 (0x096a8493) addi    s1, s5, 150
core   0: 3 0x80004218 (0x096a8493) x 9 0x01168096
core   0: 0x8000421c (0x02ef64b3) rem     s1, t5, a4
core   0: 3 0x8000421c (0x02ef64b3) x 9 0x000004c0
core   0: 0x80004220 (0x0000ed1d) c.bnez  a0, pc + 62
core   0: 3 0x80004220 (0xed1d)
core   0: 0x80004222 (0x00c65833) srl     a6, a2, a2
core   0: 3 0x80004222 (0x00c65833) x16 0x00000000
core   0: 0x80004226 (0x00008d59) c.or    a0, a4
core   0: 3 0x80004226 (0x8d59) x10 0xfffff988
core   0: 0x80004228 (0x0000100f) fence.i
core   0: 3 0x80004228 (0x0000100f)
core   0: 0x8000422c (0x41f7d633) sra     a2, a5, t6
core   0: 3 0x8000422c (0x41f7d633) x12 0x00000000
core   0: 0x80004230 (0x46357e13) andi    t3, a0, 1123
core   0: 3 0x80004230 (0x46357e13) x28 0x00000000
core   0: 0x80004234 (0x002b8763) beq     s7, sp, pc + 14
core   0: 3 0x80004234 (0x002b8763)
core   0: 0x80004238 (0x00536463) bltu    t1, t0, pc + 8
core   0: 3 0x80004238 (0x00536463)
core   0: 0x80004240 (0x00006655) c.lui   a2, 0x15
core   0: 3 0x80004240 (0x6655) x12 0x00015000
core   0: 0x80004242 (0x000080f5) c.srli  s1, 29
core   0: 3 0x80004242 (0x80f5) x 9 0x00000000
core   0: 0x80004244 (0x0000ea91) c.bnez  a3, pc + 20
core   0: 3 0x80004244 (0xea91)
core   0: 0x80004246 (0x012261b3) or      gp, tp, s2
core   0: 3 0x80004246 (0x012261b3) x 3 0x51f9d1cd
core   0: 0x8000424a (0x02a8e633) rem     a2, a7, a0
core   0: 3 0x8000424a (0x02a8e633) x12 0x00000528
core   0: 0x8000424e (0x000088e1) c.andi  s1, 24
core   0: 3 0x8000424e (0x88e1) x 9 0x00000000
core   0: 0x80004250 (0x00fc2bb3) slt     s7, s8, a5
core   0: 3 0x80004250 (0x00fc2bb3) x23 0x00000001
core   0: 0x80004254 (0x00000001) c.nop
core   0: 3 0x80004254 (0x0001)
core   0: 0x80004256 (0x00008d85) c.sub   a1, s1
core   0: 3 0x80004256 (0x8d85) x11 0x00000001
core   0: 0x80004258 (0x40245033) sra     zero, s0, sp
core   0: 3 0x80004258 (0x40245033)
core   0: 0x8000425c (0x00000001) c.nop
core   0: 3 0x8000425c (0x0001)
core   0: 0x8000425e (0x0000ed8d) c.bnez  a1, pc + 58
core   0: 3 0x8000425e (0xed8d)
core   0: 0x80004298 (0x00000001) c.nop
core   0: 3 0x80004298 (0x0001)
core   0: 0x8000429a (0x01cbb533) sltu    a0, s7, t3
core   0: 3 0x8000429a (0x01cbb533) x10 0x00000000
core   0: 0x8000429e (0x00006165) c.addi16sp sp, 112
core   0: 3 0x8000429e (0x6165) x 2 0x0800339f
core   0: 0x800042a0 (0x00009b9a) c.add   s7, t1
core   0: 3 0x800042a0 (0x9b9a) x23 0x00000001
core   0: 0x800042a2 (0x004f1193) slli    gp, t5, 4
core   0: 3 0x800042a2 (0x004f1193) x 3 0x4fc50000
core   0: 0x800042a6 (0x417c0ab3) sub     s5, s8, s7
core   0: 3 0x800042a6 (0x417c0ab3) x21 0x0800366f
core   0: 0x800042aa (0x7b2b7313) andi    t1, s6, 1970
core   0: 3 0x800042aa (0x7b2b7313) x 6 0x000007b2
core   0: 0x800042ae (0x00008ec1) c.or    a3, s0
core   0: 3 0x800042ae (0x8ec1) x13 0xf0086088
core   0: 0x800042b0 (0x03c4f1b3) remu    gp, s1, t3
core   0: 3 0x800042b0 (0x03c4f1b3) x 3 0x00000000
core   0: 0x800042b4 (0x00008c3d) c.xor   s0, a5
core   0: 3 0x800042b4 (0x8c3d) x 8 0xa1f1b146
core   0: 0x800042b6 (0x01605793) srli    a5, zero, 22
core   0: 3 0x800042b6 (0x01605793) x15 0x00000000
core   0: 0x800042ba (0xa72a3913) sltiu   s2, s4, -1422
core   0: 3 0x800042ba (0xa72a3913) x18 0x00000001
core   0: 0x800042be (0x00e37b33) and     s6, t1, a4
core   0: 3 0x800042be (0x00e37b33) x22 0x00000180
core   0: 0x800042c2 (0x01317eb3) and     t4, sp, s3
core   0: 3 0x800042c2 (0x01317eb3) x29 0x00002204
core   0: 0x800042c6 (0x01fdd413) srli    s0, s11, 31
core   0: 3 0x800042c6 (0x01fdd413) x 8 0x00000000
core   0: 0x800042ca (0x03a09c33) mulh    s8, ra, s10
core   0: 3 0x800042ca (0x03a09c33) x24 0x07cb552b
core   0: 0x800042ce (0x022f5a63) bge     t5, sp, pc + 52
core   0: 3 0x800042ce (0x022f5a63)
core   0: 0x80004302 (0x00638d63) beq     t2, t1, pc + 26
core   0: 3 0x80004302 (0x00638d63)
core   0: 0x80004306 (0x0000e48d) c.bnez  s1, pc + 42
core   0: 3 0x80004306 (0xe48d)
core   0: 0x80004308 (0x03b02833) mulhsu  a6, zero, s11
core   0: 3 0x80004308 (0x03b02833) x16 0x00000000
core   0: 0x8000430c (0x0000e48d) c.bnez  s1, pc + 42
core   0: 3 0x8000430c (0xe48d)
core   0: 0x8000430e (0x02709533) mulh    a0, ra, t2
core   0: 3 0x8000430e (0x02709533) x10 0x3e7a30eb
core   0: 0x80004312 (0x03648c33) mul     s8, s1, s6
core   0: 3 0x80004312 (0x03648c33) x24 0x00000000
core   0: 0x80004316 (0x0000e009) c.bnez  s0, pc + 2
core   0: 3 0x80004316 (0xe009)
core   0: 0x80004318 (0x41a25433) sra     s0, tp, s10
core   0: 3 0x80004318 (0x41a25433) x 8 0x00000000
core   0: 0x8000431c (0x00008d29) c.xor   a0, a0
core   0: 3 0x8000431c (0x8d29) x10 0x00000000
core   0: 0x8000431e (0x0058ff33) and     t5, a7, t0
core   0: 3 0x8000431e (0x0058ff33) x30 0x00000000
core   0: 0x80004322 (0x405ed133) sra     sp, t4, t0
core   0: 3 0x80004322 (0x405ed133) x 2 0x00000881
core   0: 0x80004326 (0x0180aeb3) slt     t4, ra, s8
core   0: 3 0x80004326 (0x0180aeb3) x29 0x00000001
core   0: 0x8000432a (0x000098fd) c.andi  s1, -1
core   0: 3 0x8000432a (0x98fd) x 9 0x00000000
core   0: 0x8000432c (0x41d45e13) srai    t3, s0, 29
core   0: 3 0x8000432c (0x41d45e13) x28 0x00000000
core   0: 0x80004330 (0x02633bb3) mulhu   s7, t1, t1
core   0: 3 0x80004330 (0x02633bb3) x23 0x00000000
core   0: 0x80004334 (0x00009a7d) c.andi  a2, -1
core   0: 3 0x80004334 (0x9a7d) x12 0x00000528
core   0: 0x80004336 (0x019e0c63) beq     t3, s9, pc + 24
core   0: 3 0x80004336 (0x019e0c63)
core   0: 0x8000434e (0x0303a0b3) mulhsu  ra, t2, a6
core   0: 3 0x8000434e (0x0303a0b3) x 1 0x00000000
core   0: 0x80004352 (0x053e8263) beq     t4, s3, pc + 68
core   0: 3 0x80004352 (0x053e8263)
core   0: 0x80004356 (0x00008ced) c.and   s1, a1
core   0: 3 0x80004356 (0x8ced) x 9 0x00000000
core   0: 0x80004358 (0x4018db13) srai    s6, a7, 1
core   0: 3 0x80004358 (0x4018db13) x22 0x1a0c5800
core   0: 0x8000435c (0x00008e31) c.xor   a2, a2
core   0: 3 0x8000435c (0x8e31) x12 0x00000000
core   0: 0x8000435e (0x0100fc33) and     s8, ra, a6
core   0: 3 0x8000435e (0x0100fc33) x24 0x00000000
core   0: 0x80004362 (0x000089ad) c.andi  a1, 11
core   0: 3 0x80004362 (0x89ad) x11 0x00000001
core   0: 0x80004364 (0xa7287f17) auipc   t5, 0xa7287
core   0: 3 0x80004364 (0xa7287f17) x30 0x2728b364
core   0: 0x80004368 (0x4030d893) srai    a7, ra, 3
core   0: 3 0x80004368 (0x4030d893) x17 0x00000000
core   0: 0x8000436c (0x02b35b33) divu    s6, t1, a1
core   0: 3 0x8000436c (0x02b35b33) x22 0x000007b2
core   0: 0x80004370 (0x00008c35) c.xor   s0, a3
core   0: 3 0x80004370 (0x8c35) x 8 0xf0086088
core   0: 0x80004372 (0x02b6f533) remu    a0, a3, a1
core   0: 3 0x80004372 (0x02b6f533) x10 0x00000000
core   0: 0x80004376 (0x00000001) c.nop
core   0: 3 0x80004376 (0x0001)
core   0: 0x80004378 (0x409d5193) srai    gp, s10, 9
core   0: 3 0x80004378 (0x409d5193) x 3 0xfff80430
core   0: 0x8000437c (0x0000100f) fence.i
core   0: 3 0x8000437c (0x0000100f)
core   0: 0x80004380 (0x41065633) sra     a2, a2, a6
core   0: 3 0x80004380 (0x41065633) x12 0x00000000
core   0: 0x80004384 (0x03c0cd63) blt     ra, t3, pc + 58
core   0: 3 0x80004384 (0x03c0cd63)
core   0: 0x80004388 (0xacebc793) xori    a5, s7, -1330
core   0: 3 0x80004388 (0xacebc793) x15 0xffffface
core   0: 0x8000438c (0x008cc0b3) xor     ra, s9, s0
core   0: 3 0x8000438c (0x008cc0b3) x 1 0xf0086088
core   0: 0x80004390 (0x020ff833) remu    a6, t6, zero
core   0: 3 0x80004390 (0x020ff833) x16 0x000000ff
core   0: 0x80004394 (0x00008dcd) c.or    a1, a1
core   0: 3 0x80004394 (0x8dcd) x11 0x00000001
core   0: 0x80004396 (0x00291463) bne     s2, sp, pc + 8
core   0: 3 0x80004396 (0x00291463)
core   0: 0x8000439e (0x02f0c433) div     s0, ra, a5
core   0: 3 0x8000439e (0x02f0c433) x 8 0x000312ca
core   0: 0x800043a2 (0x405bdf93) srai    t6, s7, 5
core   0: 3 0x800043a2 (0x405bdf93) x31 0x00000000
core   0: 0x800043a6 (0x00008395) c.srli  a5, 5
core   0: 3 0x800043a6 (0x8395) x15 0x07ffffd6
core   0: 0x800043a8 (0x00008329) c.srli  a4, 10
core   0: 3 0x800043a8 (0x8329) x14 0x003ffffe
core   0: 0x800043aa (0x020a7f33) remu    t5, s4, zero
core   0: 3 0x800043aa (0x020a7f33) x30 0x00000000
core   0: 0x800043ae (0x00009afd) c.andi  a3, -1
core   0: 3 0x800043ae (0x9afd) x13 0xf0086088
core   0: 0x800043b0 (0x009fb633) sltu    a2, t6, s1
core   0: 3 0x800043b0 (0x009fb633) x12 0x00000000
core   0: 0x800043b4 (0x01794563) blt     s2, s7, pc + 10
core   0: 3 0x800043b4 (0x01794563)
core   0: 0x800043b8 (0x69fb5537) lui     a0, 0x69fb5
core   0: 3 0x800043b8 (0x69fb5537) x10 0x69fb5000
core   0: 0x800043bc (0x00008efd) c.and   a3, a5
core   0: 3 0x800043bc (0x8efd) x13 0x00086080
core   0: 0x800043be (0x68373e37) lui     t3, 0x68373
core   0: 3 0x800043be (0x68373e37) x28 0x68373000
core   0: 0x800043c2 (0x0000c2b1) c.beqz  a3, pc + 68
core   0: 3 0x800043c2 (0xc2b1)
core   0: 0x800043c4 (0x00000d2a) c.slli  s10, 10
core   0: 3 0x800043c4 (0x0d2a) x26 0x21822000
core   0: 0x800043c6 (0x02443333) mulhu   t1, s0, tp
core   0: 3 0x800043c6 (0x02443333) x 6 0x00000000
core   0: 0x800043ca (0x000088c5) c.andi  s1, 17
core   0: 3 0x800043ca (0x88c5) x 9 0x00000000
core   0: 0x800043cc (0x00f61a93) slli    s5, a2, 15
core   0: 3 0x800043cc (0x00f61a93) x21 0x00000000
core   0: 0x800043d0 (0x0261e1b3) rem     gp, gp, t1
core   0: 3 0x800043d0 (0x0261e1b3) x 3 0xfff80430
core   0: 0x800043d4 (0x0138e463) bltu    a7, s3, pc + 8
core   0: 3 0x800043d4 (0x0138e463)
core   0: 0x800043dc (0x36ca6b13) ori     s6, s4, 876
core   0: 3 0x800043dc (0x36ca6b13) x22 0x0000036c
core   0: 0x800043e0 (0x0000100f) fence.i
core   0: 3 0x800043e0 (0x0000100f)
core   0: 0x800043e4 (0x00801193) slli    gp, zero, 8
core   0: 3 0x800043e4 (0x00801193) x 3 0x00000000
core   0: 0x800043e8 (0x00008de9) c.and   a1, a0
core   0: 3 0x800043e8 (0x8de9) x11 0x00000000
core   0: 0x800043ea (0x01d0c233) xor     tp, ra, t4
core   0: 3 0x800043ea (0x01d0c233) x 4 0xf0086089
core   0: 0x800043ee (0x2ad73b97) auipc   s7, 0x2ad73
core   0: 3 0x800043ee (0x2ad73b97) x23 0xaad773ee
core   0: 0x800043f2 (0xdb036b13) ori     s6, t1, -592
core   0: 3 0x800043f2 (0xdb036b13) x22 0xfffffdb0
core   0: 0x800043f6 (0xb90c3b93) sltiu   s7, s8, -1136
core   0: 3 0x800043f6 (0xb90c3b93) x23 0x00000001
core   0: 0x800043fa (0x00006d75) c.lui   s10, 0x1d
core   0: 3 0x800043fa (0x6d75) x26 0x0001d000
core   0: 0x800043fc (0x212c0113) addi    sp, s8, 530
core   0: 3 0x800043fc (0x212c0113) x 2 0x00000212
core   0: 0x80004400 (0x00006121) c.addi16sp sp, 64
core   0: 3 0x80004400 (0x6121) x 2 0x00000252
core   0: 0x80004402 (0xa50c6a97) auipc   s5, 0xa50c6
core   0: 3 0x80004402 (0xa50c6a97) x21 0x250ca402
core   0: 0x80004406 (0x0393f5b3) remu    a1, t2, s9
core   0: 3 0x80004406 (0x0393f5b3) x11 0x80026ce4
core   0: 0x8000440a (0x01f76663) bltu    a4, t6, pc + 12
core   0: 3 0x8000440a (0x01f76663)
core   0: 0x8000440e (0x0143eb33) or      s6, t2, s4
core   0: 3 0x8000440e (0x0143eb33) x22 0x80026ce4
core   0: 0x80004412 (0x00aee0b3) or      ra, t4, a0
core   0: 3 0x80004412 (0x00aee0b3) x 1 0x69fb5001
core   0: 0x80004416 (0x01357a63) bgeu    a0, s3, pc + 20
core   0: 3 0x80004416 (0x01357a63)
core   0: 0x8000441a (0x00008192) c.mv    gp, tp
core   0: 3 0x8000441a (0x8192) x 3 0xf0086089
core   0: 0x8000441c (0x000068e1) c.lui   a7, 0x18
core   0: 3 0x8000441c (0x68e1) x17 0x00018000
core   0: 0x8000441e (0x02773c33) mulhu   s8, a4, t2
core   0: 3 0x8000441e (0x02773c33) x24 0x0020009a
core   0: 0x80004422 (0x00008c91) c.sub   s1, a2
core   0: 3 0x80004422 (0x8c91) x 9 0x00000000
core   0: 0x80004424 (0x0036e263) bltu    a3, gp, pc + 4
core   0: 3 0x80004424 (0x0036e263)
core   0: 0x80004428 (0x00008ddd) c.or    a1, a5
core   0: 3 0x80004428 (0x8ddd) x11 0x87fffff6
core   0: 0x8000442a (0x031990b3) mulh    ra, s3, a7
core   0: 3 0x8000442a (0x031990b3) x 1 0xffff4003
core   0: 0x8000442e (0x0149de13) srli    t3, s3, 20
core   0: 3 0x8000442e (0x0149de13) x28 0x00000800
core   0: 0x80004432 (0x00000001) c.nop
core   0: 3 0x80004432 (0x0001)
core   0: 0x80004434 (0x00601fb3) sll     t6, zero, t1
core   0: 3 0x80004434 (0x00601fb3) x31 0x00000000
core   0: 0x80004438 (0x012e9c13) slli    s8, t4, 18
core   0: 3 0x80004438 (0x012e9c13) x24 0x00040000
core   0: 0x8000443c (0xa2a64713) xori    a4, a2, -1494
core   0: 3 0x8000443c (0xa2a64713) x14 0xfffffa2a
core   0: 0x80004440 (0x00d21e93) slli    t4, tp, 13
core   0: 3 0x80004440 (0x00d21e93) x29 0x0c112000
core   0: 0x80004444 (0x0265ffb3) remu    t6, a1, t1
core   0: 3 0x80004444 (0x0265ffb3) x31 0x87fffff6
core   0: 0x80004448 (0x01e070b3) and     ra, zero, t5
core   0: 3 0x80004448 (0x01e070b3) x 1 0x00000000
core   0: 0x8000444c (0x3c21e693) ori     a3, gp, 962
core   0: 3 0x8000444c (0x3c21e693) x13 0xf00863cb
core   0: 0x80004450 (0x00008f05) c.sub   a4, s1
core   0: 3 0x80004450 (0x8f05) x14 0xfffffa2a
core   0: 0x80004452 (0x035dffb3) remu    t6, s11, s5
core   0: 3 0x80004452 (0x035dffb3) x31 0x00000000
core   0: 0x80004456 (0x000091ae) c.add   gp, a1
core   0: 3 0x80004456 (0x91ae) x 3 0x7808607f
core   0: 0x80004458 (0x00009612) c.add   a2, tp
core   0: 3 0x80004458 (0x9612) x12 0xf0086089
core   0: 0x8000445a (0x05995117) auipc   sp, 0x5995
core   0: 3 0x8000445a (0x05995117) x 2 0x8599945a
core   0: 0x8000445e (0x028cd8b3) divu    a7, s9, s0
core   0: 3 0x8000445e (0x028cd8b3) x17 0x00000000
core   0: 0x80004462 (0x4b118837) lui     a6, 0x4b118
core   0: 3 0x80004462 (0x4b118837) x16 0x4b118000
core   0: 0x80004466 (0x002ac133) xor     sp, s5, sp
core   0: 3 0x80004466 (0x002ac133) x 2 0xa0953058
core   0: 0x8000446a (0x00008ffd) c.and   a5, a5
core   0: 3 0x8000446a (0x8ffd) x15 0x07ffffd6
core   0: 0x8000446c (0x00000001) c.nop
core   0: 3 0x8000446c (0x0001)
core   0: 0x8000446e (0x00008651) c.srai  a2, 20
core   0: 3 0x8000446e (0x8651) x12 0xffffff00
core   0: 0x80004470 (0x56403613) sltiu   a2, zero, 1380
core   0: 3 0x80004470 (0x56403613) x12 0x00000001
core   0: 0x80004474 (0x40c281b3) sub     gp, t0, a2
core   0: 3 0x80004474 (0x40c281b3) x 3 0x00000001
core   0: 0x80004478 (0x000006aa) c.slli  a3, 10
core   0: 3 0x80004478 (0x06aa) x13 0x218f2c00
core   0: 0x8000447a (0x40e35113) srai    sp, t1, 14
core   0: 3 0x8000447a (0x40e35113) x 2 0x00000000
core   0: 0x8000447e (0x00008ed1) c.or    a3, a2
core   0: 3 0x8000447e (0x8ed1) x13 0x218f2c01
core   0: 0x80004480 (0x00000001) c.nop
core   0: 3 0x80004480 (0x0001)
core   0: 0x80004482 (0x0171ac33) slt     s8, gp, s7
core   0: 3 0x80004482 (0x0171ac33) x24 0x00000000
core   0: 0x80004486 (0x0ebaf813) andi    a6, s5, 235
core   0: 3 0x80004486 (0x0ebaf813) x16 0x00000002
core   0: 0x8000448a (0x031c7333) remu    t1, s8, a7
core   0: 3 0x8000448a (0x031c7333) x 6 0x00000000
core   0: 0x8000448e (0x40695a33) sra     s4, s2, t1
core   0: 3 0x8000448e (0x40695a33) x20 0x00000001
core   0: 0x80004492 (0x000014fd) c.addi  s1, -1
core   0: 3 0x80004492 (0x14fd) x 9 0xffffffff
core   0: 0x80004494 (0x0000047e) c.slli  s0, 31
core   0: 3 0x80004494 (0x047e) x 8 0x00000000
core   0: 0x80004496 (0x00a6c833) xor     a6, a3, a0
core   0: 3 0x80004496 (0x00a6c833) x16 0x48747c01
core   0: 0x8000449a (0x01801d93) slli    s11, zero, 24
core   0: 3 0x8000449a (0x01801d93) x27 0x00000000
core   0: 0x8000449e (0x00009f06) c.add   t5, ra
core   0: 3 0x8000449e (0x9f06) x30 0x00000000
core   0: 0x800044a0 (0x00008d75) c.and   a0, a3
core   0: 3 0x800044a0 (0x8d75) x10 0x218b0000
core   0: 0x800044a2 (0x01d6b0b3) sltu    ra, a3, t4
core   0: 3 0x800044a2 (0x01d6b0b3) x 1 0x00000000
core   0: 0x800044a6 (0x0211bcb3) mulhu   s9, gp, ra
core   0: 3 0x800044a6 (0x0211bcb3) x25 0x00000000
core   0: 0x800044aa (0x025c9133) mulh    sp, s9, t0
core   0: 3 0x800044aa (0x025c9133) x 2 0x00000000
core   0: 0x800044ae (0x0000095a) c.slli  s2, 22
core   0: 3 0x800044ae (0x095a) x18 0x00400000
core   0: 0x800044b0 (0x02cb01b3) mul     gp, s6, a2
core   0: 3 0x800044b0 (0x02cb01b3) x 3 0x80026ce4
core   0: 0x800044b4 (0x02a257b3) divu    a5, tp, a0
core   0: 3 0x800044b4 (0x02a257b3) x15 0x00000007
core   0: 0x800044b8 (0x000006c6) c.slli  a3, 17
core   0: 3 0x800044b8 (0x06c6) x13 0x58020000
core   0: 0x800044ba (0x014e0763) beq     t3, s4, pc + 14
core   0: 3 0x800044ba (0x014e0763)
core   0: 0x800044be (0x0366d833) divu    a6, a3, s6
core   0: 3 0x800044be (0x0366d833) x16 0x00000000
core   0: 0x800044c2 (0x000016fd) c.addi  a3, -1
core   0: 3 0x800044c2 (0x16fd) x13 0x5801ffff
core   0: 0x800044c4 (0x0117d863) bge     a5, a7, pc + 16
core   0: 3 0x800044c4 (0x0117d863)
core   0: 0x800044d4 (0x00000001) c.nop
core   0: 3 0x800044d4 (0x0001)
core   0: 0x800044d6 (0x0000e3a1) c.bnez  a5, pc + 64
core   0: 3 0x800044d6 (0xe3a1)
core   0: 0x80004516 (0x01254613) xori    a2, a0, 18
core   0: 3 0x80004516 (0x01254613) x12 0x218b0012
core   0: 0x8000451a (0x02c70763) beq     a4, a2, pc + 46
core   0: 3 0x8000451a (0x02c70763)
core   0: 0x8000451e (0x0000612d) c.addi16sp sp, 224
core   0: 3 0x8000451e (0x612d) x 2 0x000000e0
core   0: 0x80004520 (0x0000c795) c.beqz  a5, pc + 44
core   0: 3 0x80004520 (0xc795)
core   0: 0x80004522 (0x032cb4b3) mulhu   s1, s9, s2
core   0: 3 0x80004522 (0x032cb4b3) x 9 0x00000000
core   0: 0x80004526 (0x0ff0000f) fence   iorw,iorw
core   0: 3 0x80004526 (0x0ff0000f)
core   0: 0x8000452a (0x5bc4cf13) xori    t5, s1, 1468
core   0: 3 0x8000452a (0x5bc4cf13) x30 0x000005bc
core   0: 0x8000452e (0x000061e5) c.lui   gp, 0x19
core   0: 3 0x8000452e (0x61e5) x 3 0x00019000
core   0: 0x80004530 (0x93517c93) andi    s9, sp, -1739
core   0: 3 0x80004530 (0x93517c93) x25 0x00000020
core   0: 0x80004534 (0xedf48a93) addi    s5, s1, -289
core   0: 3 0x80004534 (0xedf48a93) x21 0xfffffedf
core   0: 0x80004538 (0xc3ee3b93) sltiu   s7, t3, -962
core   0: 3 0x80004538 (0xc3ee3b93) x23 0x00000001
core   0: 0x8000453c (0x01bb7d33) and     s10, s6, s11
core   0: 3 0x8000453c (0x01bb7d33) x26 0x00000000
core   0: 0x80004540 (0x015b2033) slt     zero, s6, s5
core   0: 3 0x80004540 (0x015b2033)
core   0: 0x80004544 (0x000441b3) xor     gp, s0, zero
core   0: 3 0x80004544 (0x000441b3) x 3 0x00000000
core   0: 0x80004548 (0x0043f133) and     sp, t2, tp
core   0: 3 0x80004548 (0x0043f133) x 2 0x80006080
core   0: 0x8000454c (0x021e6433) rem     s0, t3, ra
core   0: 3 0x8000454c (0x021e6433) x 8 0x00000800
core   0: 0x80004550 (0x00008fdd) c.or    a5, a5
core   0: 3 0x80004550 (0x8fdd) x15 0x00000007
core   0: 0x80004552 (0x03d548b3) div     a7, a0, t4
core   0: 3 0x80004552 (0x03d548b3) x17 0x00000002
core   0: 0x80004556 (0x00009a7d) c.andi  a2, -1
core   0: 3 0x80004556 (0x9a7d) x12 0x218b0012
core   0: 0x80004558 (0x03dff333) remu    t1, t6, t4
core   0: 3 0x80004558 (0x03dff333) x 6 0x00000000
core   0: 0x8000455c (0x04030363) beqz    t1, pc + 70
core   0: 3 0x8000455c (0x04030363)
core   0: 0x800045a2 (0x03d89c63) bne     a7, t4, pc + 56
core   0: 3 0x800045a2 (0x03d89c63)
core   0: 0x800045da (0x02757463) bgeu    a0, t2, pc + 40
core   0: 3 0x800045da (0x02757463)
core   0: 0x800045de (0x528f8f97) auipc   t6, 0x528f8
core   0: 3 0x800045de (0x528f8f97) x31 0xd28fc5de
core   0: 0x800045e2 (0x00004791) c.li    a5, 4
core   0: 3 0x800045e2 (0x4791) x15 0x00000004
core   0: 0x800045e4 (0x020621b3) mulhsu  gp, a2, zero
core   0: 3 0x800045e4 (0x020621b3) x 3 0x00000000
core   0: 0x800045e8 (0x0ff0000f) fence   iorw,iorw
core   0: 3 0x800045e8 (0x0ff0000f)
core   0: 0x800045ec (0x096a0493) addi    s1, s4, 150
core   0: 3 0x800045ec (0x096a0493) x 9 0x00000097
core   0: 0x800045f0 (0x0000717d) c.addi16sp sp, -16
core   0: 3 0x800045f0 (0x717d) x 2 0x80006070
core   0: 0x800045f2 (0x402c0333) sub     t1, s8, sp
core   0: 3 0x800045f2 (0x402c0333) x 6 0x7fff9f90
core   0: 0x800045f6 (0x41385233) sra     tp, a6, s3
core   0: 3 0x800045f6 (0x41385233) x 4 0x00000000
core   0: 0x800045fa (0x00008ff6) c.mv    t6, t4
core   0: 3 0x800045fa (0x8ff6) x31 0x0c112000
core   0: 0x800045fc (0x0000856d) c.srai  a0, 27
core   0: 3 0x800045fc (0x856d) x10 0x00000004
core   0: 0x800045fe (0x02f354b3) divu    s1, t1, a5
core   0: 3 0x800045fe (0x02f354b3) x 9 0x1fffe7e4
core   0: 0x80004602 (0x01b294b3) sll     s1, t0, s11
core   0: 3 0x80004602 (0x01b294b3) x 9 0x00000002
core   0: 0x80004606 (0x00001c7d) c.addi  s8, -1
core   0: 3 0x80004606 (0x1c7d) x24 0xffffffff
core   0: 0x80004608 (0x0000073a) c.slli  a4, 14
core   0: 3 0x80004608 (0x073a) x14 0xfe8a8000
core   0: 0x8000460a (0x0015df33) srl     t5, a1, ra
core   0: 3 0x8000460a (0x0015df33) x30 0x87fffff6
core   0: 0x8000460e (0x00004b45) c.li    s6, 17
core   0: 3 0x8000460e (0x4b45) x22 0x00000011
core   0: 0x80004610 (0x01c73933) sltu    s2, a4, t3
core   0: 3 0x80004610 (0x01c73933) x18 0x00000000
core   0: 0x80004614 (0x00be2933) slt     s2, t3, a1
core   0: 3 0x80004614 (0x00be2933) x18 0x00000000
core   0: 0x80004618 (0x02033f33) mulhu   t5, t1, zero
core   0: 3 0x80004618 (0x02033f33) x30 0x00000000
core   0: 0x8000461c (0x017f5e63) bge     t5, s7, pc + 28
core   0: 3 0x8000461c (0x017f5e63)
core   0: 0x80004620 (0x0000100f) fence.i
core   0: 3 0x80004620 (0x0000100f)
core   0: 0x80004624 (0x2b58f697) auipc   a3, 0x2b58f
core   0: 3 0x80004624 (0x2b58f697) x13 0xab593624
core   0: 0x80004628 (0x006cebb3) or      s7, s9, t1
core   0: 3 0x80004628 (0x006cebb3) x23 0x7fff9fb0
core   0: 0x8000462c (0x00008112) c.mv    sp, tp
core   0: 3 0x8000462c (0x8112) x 2 0x00000000
core   0: 0x8000462e (0x00006841) c.lui   a6, 0x10
core   0: 3 0x8000462e (0x6841) x16 0x00010000
core   0: 0x80004630 (0x026ba5b3) mulhsu  a1, s7, t1
core   0: 3 0x80004630 (0x026ba5b3) x11 0x3fff9fa0
core   0: 0x80004634 (0x02d48a33) mul     s4, s1, a3
core   0: 3 0x80004634 (0x02d48a33) x20 0x56b26c48
core   0: 0x80004638 (0x000010fd) c.addi  ra, -1
core   0: 3 0x80004638 (0x10fd) x 1 0xffffffff
core   0: 0x8000463a (0x0000969a) c.add   a3, t1
core   0: 3 0x8000463a (0x969a) x13 0x2b58d5b4
core   0: 0x8000463c (0x00008b81) c.andi  a5, 0
core   0: 3 0x8000463c (0x8b81) x15 0x00000000
core   0: 0x8000463e (0x00008189) c.srli  a1, 2
core   0: 3 0x8000463e (0x8189) x11 0x0fffe7e8
core   0: 0x80004640 (0x032ead33) mulhsu  s10, t4, s2
core   0: 3 0x80004640 (0x032ead33) x26 0x00000000
core   0: 0x80004644 (0x00008c6e) c.mv    s8, s11
core   0: 3 0x80004644 (0x8c6e) x24 0x00000000
core   0: 0x80004646 (0x006e0863) beq     t3, t1, pc + 16
core   0: 3 0x80004646 (0x006e0863)
core   0: 0x8000464a (0x01c77833) and     a6, a4, t3
core   0: 3 0x8000464a (0x01c77833) x16 0x00000000
core   0: 0x8000464e (0x0109e8b3) or      a7, s3, a6
core   0: 3 0x8000464e (0x0109e8b3) x17 0x80022e64
core   0: 0x80004652 (0x005c7263) bgeu    s8, t0, pc + 4
core   0: 3 0x80004652 (0x005c7263)
core   0: 0x80004656 (0x00008e95) c.sub   a3, a3
core   0: 3 0x80004656 (0x8e95) x13 0x00000000
core   0: 0x80004658 (0x034c7633) remu    a2, s8, s4
core   0: 3 0x80004658 (0x034c7633) x12 0x00000000
core   0: 0x8000465c (0x00006179) c.addi16sp sp, 464
core   0: 3 0x8000465c (0x6179) x 2 0x000001d0
core   0: 0x8000465e (0xc092c213) xori    tp, t0, -1015
core   0: 3 0x8000465e (0xc092c213) x 4 0xfffffc0b
core   0: 0x80004662 (0x006566b3) or      a3, a0, t1
core   0: 3 0x80004662 (0x006566b3) x13 0x7fff9f94
core   0: 0x80004666 (0x0000100f) fence.i
core   0: 3 0x80004666 (0x0000100f)
core   0: 0x8000466a (0xa36d0a93) addi    s5, s10, -1482
core   0: 3 0x8000466a (0xa36d0a93) x21 0xfffffa36
core   0: 0x8000466e (0x00008f3e) c.mv    t5, a5
core   0: 3 0x8000466e (0x8f3e) x30 0x00000000
core   0: 0x80004670 (0x41685e93) srai    t4, a6, 22
core   0: 3 0x80004670 (0x41685e93) x29 0x00000000
core   0: 0x80004674 (0x975e4c13) xori    s8, t3, -1675
core   0: 3 0x80004674 (0x975e4c13) x24 0xfffff175
core   0: 0x80004678 (0x01d8d0b3) srl     ra, a7, t4
core   0: 3 0x80004678 (0x01d8d0b3) x 1 0x80022e64
core   0: 0x8000467c (0x00008ecd) c.or    a3, a1
core   0: 3 0x8000467c (0x8ecd) x13 0x7ffffffc
core   0: 0x8000467e (0x000084b9) c.srai  s1, 14
core   0: 3 0x8000467e (0x84b9) x 9 0x00000000
core   0: 0x80004680 (0x8d7ea713) slti    a4, t4, -1833
core   0: 3 0x80004680 (0x8d7ea713) x14 0x00000000
core   0: 0x80004684 (0x0032cb63) blt     t0, gp, pc + 22
core   0: 3 0x80004684 (0x0032cb63)
core   0: 0x80004688 (0x00ee3933) sltu    s2, t3, a4
core   0: 3 0x80004688 (0x00ee3933) x18 0x00000000
core   0: 0x8000468c (0x0000ea85) c.bnez  a3, pc + 48
core   0: 3 0x8000468c (0xea85)
core   0: 0x800046bc (0x176e4613) xori    a2, t3, 374
core   0: 3 0x800046bc (0x176e4613) x12 0x00000976
core   0: 0x800046c0 (0x03e7f0b3) remu    ra, a5, t5
core   0: 3 0x800046c0 (0x03e7f0b3) x 1 0x00000000
core   0: 0x800046c4 (0x00008aa1) c.andi  a3, 8
core   0: 3 0x800046c4 (0x8aa1) x13 0x00000008
core   0: 0x800046c6 (0x01f031b3) snez    gp, t6
core   0: 3 0x800046c6 (0x01f031b3) x 3 0x00000001
core   0: 0x800046ca (0x006d5693) srli    a3, s10, 6
core   0: 3 0x800046ca (0x006d5693) x13 0x00000000
core   0: 0x800046ce (0x0afb2b37) lui     s6, 0xafb2
core   0: 3 0x800046ce (0x0afb2b37) x22 0x0afb2000
core   0: 0x800046d2 (0x0057f533) and     a0, a5, t0
core   0: 3 0x800046d2 (0x0057f533) x10 0x00000000
core   0: 0x800046d6 (0x00b97033) and     zero, s2, a1
core   0: 3 0x800046d6 (0x00b97033)
core   0: 0x800046da (0x00000001) c.nop
core   0: 3 0x800046da (0x0001)
core   0: 0x800046dc (0x33496217) auipc   tp, 0x33496
core   0: 3 0x800046dc (0x33496217) x 4 0xb349a6dc
core   0: 0x800046e0 (0x0000131c) c.addi4spn a5, sp, 416
core   0: 3 0x800046e0 (0x131c) x15 0x00000370
core   0: 0x800046e2 (0x00ab6833) or      a6, s6, a0
core   0: 3 0x800046e2 (0x00ab6833) x16 0x0afb2000
core   0: 0x800046e6 (0x025cdd63) bge     s9, t0, pc + 58
core   0: 3 0x800046e6 (0x025cdd63)
core   0: 0x80004720 (0x00008c65) c.and   s0, s1
core   0: 3 0x80004720 (0x8c65) x 8 0x00000000
core   0: 0x80004722 (0x000083fd) c.srli  a5, 31
core   0: 3 0x80004722 (0x83fd) x15 0x00000000
core   0: 0x80004724 (0x02370213) addi    tp, a4, 35
core   0: 3 0x80004724 (0x02370213) x 4 0x00000023
core   0: 0x80004728 (0x00239e93) slli    t4, t2, 2
core   0: 3 0x80004728 (0x00239e93) x29 0x0009b390
core   0: 0x8000472c (0xb65d4313) xori    t1, s10, -1179
core   0: 3 0x8000472c (0xb65d4313) x 6 0xfffffb65
core   0: 0x80004730 (0x58607cb7) lui     s9, 0x58607
core   0: 3 0x80004730 (0x58607cb7) x25 0x58607000
core   0: 0x80004734 (0x000060bd) c.lui   ra, 0xf
core   0: 3 0x80004734 (0x60bd) x 1 0x0000f000
core   0: 0x80004736 (0x0000074e) c.slli  a4, 19
core   0: 3 0x80004736 (0x074e) x14 0x00000000
core   0: 0x80004738 (0x00306733) or      a4, zero, gp
core   0: 3 0x80004738 (0x00306733) x14 0x00000001
core   0: 0x8000473c (0x02dc5d33) divu    s10, s8, a3
core   0: 3 0x8000473c (0x02dc5d33) x26 0xffffffff
core   0: 0x80004740 (0x86e24093) xori    ra, tp, -1938
core   0: 3 0x80004740 (0x86e24093) x 1 0xfffff84d
core   0: 0x80004744 (0x00fda733) slt     a4, s11, a5
core   0: 3 0x80004744 (0x00fda733) x14 0x00000000
core   0: 0x80004748 (0x0abe0193) addi    gp, t3, 171
core   0: 3 0x80004748 (0x0abe0193) x 3 0x000008ab
core   0: 0x8000474c (0x0000cc19) c.beqz  s0, pc + 30
core   0: 3 0x8000474c (0xcc19)
core   0: 0x8000476a (0x40a0df13) srai    t5, ra, 10
core   0: 3 0x8000476a (0x40a0df13) x30 0xfffffffe
core   0: 0x8000476e (0x00000941) c.addi  s2, 16
core   0: 3 0x8000476e (0x0941) x18 0x00000010
core   0: 0x80004770 (0x00453cb3) sltu    s9, a0, tp
core   0: 3 0x80004770 (0x00453cb3) x25 0x00000001
core   0: 0x80004774 (0x5bb2d237) lui     tp, 0x5bb2d
core   0: 3 0x80004774 (0x5bb2d237) x 4 0x5bb2d000
core   0: 0x80004778 (0x0215d6b3) divu    a3, a1, ra
core   0: 3 0x80004778 (0x0215d6b3) x13 0x00000000
core   0: 0x8000477c (0x013536b3) sltu    a3, a0, s3
core   0: 3 0x8000477c (0x013536b3) x13 0x00000001
core   0: 0x80004780 (0x0426c263) blt     a3, sp, pc + 68
core   0: 3 0x80004780 (0x0426c263)
core   0: 0x800047c4 (0x0265f163) bgeu    a1, t1, pc + 34
core   0: 3 0x800047c4 (0x0265f163)
core   0: 0x800047c8 (0x00f10c33) add     s8, sp, a5
core   0: 3 0x800047c8 (0x00f10c33) x24 0x000001d0
core   0: 0x800047cc (0x00008505) c.srai  a0, 1
core   0: 3 0x800047cc (0x8505) x10 0x00000000
core   0: 0x800047ce (0x00000c9c) c.addi4spn a5, sp, 592
core   0: 3 0x800047ce (0x0c9c) x15 0x00000420
core   0: 0x800047d0 (0x00000001) c.nop
core   0: 3 0x800047d0 (0x0001)
core   0: 0x800047d2 (0x00000590) c.addi4spn a2, sp, 704
core   0: 3 0x800047d2 (0x0590) x12 0x00000490
core   0: 0x800047d4 (0x01c5fdb3) and     s11, a1, t3
core   0: 3 0x800047d4 (0x01c5fdb3) x27 0x00000000
core   0: 0x800047d8 (0x000054fd) c.li    s1, -1
core   0: 3 0x800047d8 (0x54fd) x 9 0xffffffff
core   0: 0x800047da (0x00dda1b3) slt     gp, s11, a3
core   0: 3 0x800047da (0x00dda1b3) x 3 0x00000001
core   0: 0x800047de (0x00711f13) slli    t5, sp, 7
core   0: 3 0x800047de (0x00711f13) x30 0x0000e800
core   0: 0x800047e2 (0x0000987d) c.andi  s0, -1
core   0: 3 0x800047e2 (0x987d) x 8 0x00000000
core   0: 0x800047e4 (0x00004581) c.li    a1, 0
core   0: 3 0x800047e4 (0x4581) x11 0x00000000
core   0: 0x800047e6 (0x7028a013) slti    zero, a7, 1794
core   0: 3 0x800047e6 (0x7028a013)
core   0: 0x800047ea (0x05424763) blt     tp, s4, pc + 78
core   0: 3 0x800047ea (0x05424763)
core   0: 0x800047ee (0x00b58263) beq     a1, a1, pc + 4
core   0: 3 0x800047ee (0x00b58263)
core   0: 0x800047f2 (0x00fc5413) srli    s0, s8, 15
core   0: 3 0x800047f2 (0x00fc5413) x 8 0x00000000
core   0: 0x800047f6 (0x01ae7333) and     t1, t3, s10
core   0: 3 0x800047f6 (0x01ae7333) x 6 0x00000800
core   0: 0x800047fa (0x337ee213) ori     tp, t4, 823
core   0: 3 0x800047fa (0x337ee213) x 4 0x0009b3b7
core   0: 0x800047fe (0x0592d163) bge     t0, s9, pc + 66
core   0: 3 0x800047fe (0x0592d163)
core   0: 0x80004840 (0x00008e85) c.sub   a3, s1
core   0: 3 0x80004840 (0x8e85) x13 0x00000002
core   0: 0x80004842 (0x0ff0000f) fence   iorw,iorw
core   0: 3 0x80004842 (0x0ff0000f)
core   0: 0x80004846 (0x0161e533) or      a0, gp, s6
core   0: 3 0x80004846 (0x0161e533) x10 0x0afb2001
core   0: 0x8000484a (0x02d1ba33) mulhu   s4, gp, a3
core   0: 3 0x8000484a (0x02d1ba33) x20 0x00000000
core   0: 0x8000484e (0x0546c363) blt     a3, s4, pc + 70
core   0: 3 0x8000484e (0x0546c363)
core   0: 0x80004852 (0x032b7333) remu    t1, s6, s2
core   0: 3 0x80004852 (0x032b7333) x 6 0x00000000
core   0: 0x80004856 (0x00009d42) c.add   s10, a6
core   0: 3 0x80004856 (0x9d42) x26 0x0afb1fff
core   0: 0x80004858 (0x01a31fb3) sll     t6, t1, s10
core   0: 3 0x80004858 (0x01a31fb3) x31 0x00000000
core   0: 0x8000485c (0x6c7a71b7) lui     gp, 0x6c7a7
core   0: 3 0x8000485c (0x6c7a71b7) x 3 0x6c7a7000
core   0: 0x80004860 (0x01af97b3) sll     a5, t6, s10
core   0: 3 0x80004860 (0x01af97b3) x15 0x00000000
core   0: 0x80004864 (0x41d600b3) sub     ra, a2, t4
core   0: 3 0x80004864 (0x41d600b3) x 1 0xfff65100
core   0: 0x80004868 (0x00006769) c.lui   a4, 0x1a
core   0: 3 0x80004868 (0x6769) x14 0x0001a000
core   0: 0x8000486a (0x8a0bcc93) xori    s9, s7, -1888
core   0: 3 0x8000486a (0x8a0bcc93) x25 0x80006710
core   0: 0x8000486e (0x0330bf33) mulhu   t5, ra, s3
core   0: 3 0x8000486e (0x0330bf33) x30 0x7ffd56ce
core   0: 0x80004872 (0x00000666) c.slli  a2, 25
core   0: 3 0x80004872 (0x0666) x12 0x20000000
core   0: 0x80004874 (0x03c2b633) mulhu   a2, t0, t3
core   0: 3 0x80004874 (0x03c2b633) x12 0x00000000
core   0: 0x80004878 (0x4009dfb3) sra     t6, s3, zero
core   0: 3 0x80004878 (0x4009dfb3) x31 0x80022e64
core   0: 0x8000487c (0x00008fed) c.and   a5, a1
core   0: 3 0x8000487c (0x8fed) x15 0x00000000
core   0: 0x8000487e (0x4042f513) andi    a0, t0, 1028
core   0: 3 0x8000487e (0x4042f513) x10 0x00000000
core   0: 0x80004882 (0x02c6abb3) mulhsu  s7, a3, a2
core   0: 3 0x80004882 (0x02c6abb3) x23 0x00000000
core   0: 0x80004886 (0x02214033) div     zero, sp, sp
core   0: 3 0x80004886 (0x02214033)
core   0: 0x8000488a (0x05f56263) bltu    a0, t6, pc + 68
core   0: 3 0x8000488a (0x05f56263)
core   0: 0x800048ce (0x026af933) remu    s2, s5, t1
core   0: 3 0x800048ce (0x026af933) x18 0xfffffa36
core   0: 0x800048d2 (0x00008ec9) c.or    a3, a0
core   0: 3 0x800048d2 (0x8ec9) x13 0x00000002
core   0: 0x800048d4 (0x0063d763) bge     t2, t1, pc + 14
core   0: 3 0x800048d4 (0x0063d763)
core   0: 0x800048d8 (0x00b44263) blt     s0, a1, pc + 4
core   0: 3 0x800048d8 (0x00b44263)
core   0: 0x800048dc (0x00008da9) c.xor   a1, a0
core   0: 3 0x800048dc (0x8da9) x11 0x00000000
core   0: 0x800048de (0x9d2f8c13) addi    s8, t6, -1582
core   0: 3 0x800048de (0x9d2f8c13) x24 0x80022836
core   0: 0x800048e2 (0x03338033) mul     zero, t2, s3
core   0: 3 0x800048e2 (0x03338033)
core   0: 0x800048e6 (0x5071b937) lui     s2, 0x5071b
core   0: 3 0x800048e6 (0x5071b937) x18 0x5071b000
core   0: 0x800048ea (0x00006111) c.addi16sp sp, 256
core   0: 3 0x800048ea (0x6111) x 2 0x000002d0
core   0: 0x800048ec (0x2731ac13) slti    s8, gp, 627
core   0: 3 0x800048ec (0x2731ac13) x24 0x00000000
core   0: 0x800048f0 (0x011bdc93) srli    s9, s7, 17
core   0: 3 0x800048f0 (0x011bdc93) x25 0x00000000
core   0: 0x800048f4 (0x00008156) c.mv    sp, s5
core   0: 3 0x800048f4 (0x8156) x 2 0xfffffa36
core   0: 0x800048f6 (0xd644e793) ori     a5, s1, -668
core   0: 3 0x800048f6 (0xd644e793) x15 0xffffffff
core   0: 0x800048fa (0x02b2f833) remu    a6, t0, a1
core   0: 3 0x800048fa (0x02b2f833) x16 0x00000002
core   0: 0x800048fe (0xf611be13) sltiu   t3, gp, -159
core   0: 3 0x800048fe (0xf611be13) x28 0x00000001
core   0: 0x80004902 (0x03070163) beq     a4, a6, pc + 34
core   0: 3 0x80004902 (0x03070163)
core   0: 0x80004906 (0x00f964b3) or      s1, s2, a5
core   0: 3 0x80004906 (0x00f964b3) x 9 0xffffffff
core   0: 0x8000490a (0x4169db13) srai    s6, s3, 22
core   0: 3 0x8000490a (0x4169db13) x22 0xfffffe00
core   0: 0x8000490e (0x030b9533) mulh    a0, s7, a6
core   0: 3 0x8000490e (0x030b9533) x10 0x00000000
core   0: 0x80004912 (0x00000a11) c.addi  s4, 4
core   0: 3 0x80004912 (0x0a11) x20 0x00000004
core   0: 0x80004914 (0x03c80eb3) mul     t4, a6, t3
core   0: 3 0x80004914 (0x03c80eb3) x29 0x00000002
core   0: 0x80004918 (0xbc7457b7) lui     a5, 0xbc745
core   0: 3 0x80004918 (0xbc7457b7) x15 0xbc745000
core   0: 0x8000491c (0x01515d63) bge     sp, s5, pc + 26
core   0: 3 0x8000491c (0x01515d63)
core   0: 0x80004936 (0x411bdab3) sra     s5, s7, a7
core   0: 3 0x80004936 (0x411bdab3) x21 0x00000000
core   0: 0x8000493a (0x03ac94b3) mulh    s1, s9, s10
core   0: 3 0x8000493a (0x03ac94b3) x 9 0x00000000
core   0: 0x8000493e (0x00ee98b3) sll     a7, t4, a4
core   0: 3 0x8000493e (0x00ee98b3) x17 0x00000002
core   0: 0x80004942 (0x00008c22) c.mv    s8, s0
core   0: 3 0x80004942 (0x8c22) x24 0x00000000
core   0: 0x80004944 (0x7a1d3893) sltiu   a7, s10, 1953
core   0: 3 0x80004944 (0x7a1d3893) x17 0x00000000
core   0: 0x80004948 (0x00008fcd) c.or    a5, a1
core   0: 3 0x80004948 (0x8fcd) x15 0xbc745000
core   0: 0x8000494a (0x0000100f) fence.i
core   0: 3 0x8000494a (0x0000100f)
core   0: 0x8000494e (0x00008ce9) c.and   s1, a0
core   0: 3 0x8000494e (0x8ce9) x 9 0x00000000
core   0: 0x80004950 (0x0ff0000f) fence   iorw,iorw
core   0: 3 0x80004950 (0x0ff0000f)
core   0: 0x80004954 (0x00001a10) c.addi4spn a2, sp, 304
core   0: 3 0x80004954 (0x1a10) x12 0xfffffb66
core   0: 0x80004956 (0x00004581) c.li    a1, 0
core   0: 3 0x80004956 (0x4581) x11 0x00000000
core   0: 0x80004958 (0x00009932) c.add   s2, a2
core   0: 3 0x80004958 (0x9932) x18 0x5071ab66
core   0: 0x8000495a (0x0000c409) c.beqz  s0, pc + 10
core   0: 3 0x8000495a (0xc409)
core   0: 0x80004964 (0x0008ef93) ori     t6, a7, 0
core   0: 3 0x80004964 (0x0008ef93) x31 0x00000000
core   0: 0x80004968 (0x00dffeb3) and     t4, t6, a3
core   0: 3 0x80004968 (0x00dffeb3) x29 0x00000000
core   0: 0x8000496c (0x02c05fb3) divu    t6, zero, a2
core   0: 3 0x8000496c (0x02c05fb3) x31 0x00000000
core   0: 0x80004970 (0x3f27fe93) andi    t4, a5, 1010
core   0: 3 0x80004970 (0x3f27fe93) x29 0x00000000
core   0: 0x80004974 (0xff700f93) li      t6, -9
core   0: 3 0x80004974 (0xff700f93) x31 0xfffffff7
core   0: 0x80004978 (0x412f6b97) auipc   s7, 0x412f6
core   0: 3 0x80004978 (0x412f6b97) x23 0xc12fa978
core   0: 0x8000497c (0x00009d9e) c.add   s11, t2
core   0: 3 0x8000497c (0x9d9e) x27 0x80026ce4
core   0: 0x8000497e (0x00900913) li      s2, 9
core   0: 3 0x8000497e (0x00900913) x18 0x00000009
core   0: 0x80004982 (0x40b1da93) srai    s5, gp, 11
core   0: 3 0x80004982 (0x40b1da93) x21 0x000d8f4e
core   0: 0x80004986 (0x00000001) c.nop
core   0: 3 0x80004986 (0x0001)
core   0: 0x80004988 (0xb1adb793) sltiu   a5, s11, -1254
core   0: 3 0x80004988 (0xb1adb793) x15 0x00000001
core   0: 0x8000498c (0x00000f8d) c.addi  t6, 3
core   0: 3 0x8000498c (0x0f8d) x31 0xfffffffa
core   0: 0x8000498e (0x416d0d33) sub     s10, s10, s6
core   0: 3 0x8000498e (0x416d0d33) x26 0x0afb21ff
core   0: 0x80004992 (0x00600893) li      a7, 6
core   0: 3 0x80004992 (0x00600893) x17 0x00000006
core   0: 0x80004996 (0x00600113) li      sp, 6
core   0: 3 0x80004996 (0x00600113) x 2 0x00000006
core   0: 0x8000499a (0x02d12833) mulhsu  a6, sp, a3
core   0: 3 0x8000499a (0x02d12833) x16 0x00000000
core   0: 0x8000499e (0x4ec8bab7) lui     s5, 0x4ec8b
core   0: 3 0x8000499e (0x4ec8bab7) x21 0x4ec8b000
core   0: 0x800049a2 (0x40b55d33) sra     s10, a0, a1
core   0: 3 0x800049a2 (0x40b55d33) x26 0x00000000
core   0: 0x800049a6 (0x00b80333) add     t1, a6, a1
core   0: 3 0x800049a6 (0x00b80333) x 6 0x00000000
core   0: 0x800049aa (0x03fb1d33) mulh    s10, s6, t6
core   0: 3 0x800049aa (0x03fb1d33) x26 0x00000000
core   0: 0x800049ae (0x02580e33) mul     t3, a6, t0
core   0: 3 0x800049ae (0x02580e33) x28 0x00000000
core   0: 0x800049b2 (0x000018ed) c.addi  a7, -5
core   0: 3 0x800049b2 (0x18ed) x17 0x00000001
core   0: 0x800049b4 (0x000083fd) c.srli  a5, 31
core   0: 3 0x800049b4 (0x83fd) x15 0x00000000
core   0: 0x800049b6 (0xfe28f4e3) bgeu    a7, sp, pc - 24
core   0: 3 0x800049b6 (0xfe28f4e3)
core   0: 0x800049ba (0x00000eee) c.slli  t4, 27
core   0: 3 0x800049ba (0x0eee) x29 0x00000000
core   0: 0x800049bc (0xdedefb93) andi    s7, t4, -531
core   0: 3 0x800049bc (0xdedefb93) x23 0x00000000
core   0: 0x800049c0 (0x017c7b33) and     s6, s8, s7
core   0: 3 0x800049c0 (0x017c7b33) x22 0x00000000
core   0: 0x800049c4 (0xfd2fc2e3) blt     t6, s2, pc - 60
core   0: 3 0x800049c4 (0xfd2fc2e3)
core   0: 0x80004988 (0xb1adb793) sltiu   a5, s11, -1254
core   0: 3 0x80004988 (0xb1adb793) x15 0x00000001
core   0: 0x8000498c (0x00000f8d) c.addi  t6, 3
core   0: 3 0x8000498c (0x0f8d) x31 0xfffffffd
core   0: 0x8000498e (0x416d0d33) sub     s10, s10, s6
core   0: 3 0x8000498e (0x416d0d33) x26 0x00000000
core   0: 0x80004992 (0x00600893) li      a7, 6
core   0: 3 0x80004992 (0x00600893) x17 0x00000006
core   0: 0x80004996 (0x00600113) li      sp, 6
core   0: 3 0x80004996 (0x00600113) x 2 0x00000006
core   0: 0x8000499a (0x02d12833) mulhsu  a6, sp, a3
core   0: 3 0x8000499a (0x02d12833) x16 0x00000000
core   0: 0x8000499e (0x4ec8bab7) lui     s5, 0x4ec8b
core   0: 3 0x8000499e (0x4ec8bab7) x21 0x4ec8b000
core   0: 0x800049a2 (0x40b55d33) sra     s10, a0, a1
core   0: 3 0x800049a2 (0x40b55d33) x26 0x00000000
core   0: 0x800049a6 (0x00b80333) add     t1, a6, a1
core   0: 3 0x800049a6 (0x00b80333) x 6 0x00000000
core   0: 0x800049aa (0x03fb1d33) mulh    s10, s6, t6
core   0: 3 0x800049aa (0x03fb1d33) x26 0x00000000
core   0: 0x800049ae (0x02580e33) mul     t3, a6, t0
core   0: 3 0x800049ae (0x02580e33) x28 0x00000000
core   0: 0x800049b2 (0x000018ed) c.addi  a7, -5
core   0: 3 0x800049b2 (0x18ed) x17 0x00000001
core   0: 0x800049b4 (0x000083fd) c.srli  a5, 31
core   0: 3 0x800049b4 (0x83fd) x15 0x00000000
core   0: 0x800049b6 (0xfe28f4e3) bgeu    a7, sp, pc - 24
core   0: 3 0x800049b6 (0xfe28f4e3)
core   0: 0x800049ba (0x00000eee) c.slli  t4, 27
core   0: 3 0x800049ba (0x0eee) x29 0x00000000
core   0: 0x800049bc (0xdedefb93) andi    s7, t4, -531
core   0: 3 0x800049bc (0xdedefb93) x23 0x00000000
core   0: 0x800049c0 (0x017c7b33) and     s6, s8, s7
core   0: 3 0x800049c0 (0x017c7b33) x22 0x00000000
core   0: 0x800049c4 (0xfd2fc2e3) blt     t6, s2, pc - 60
core   0: 3 0x800049c4 (0xfd2fc2e3)
core   0: 0x80004988 (0xb1adb793) sltiu   a5, s11, -1254
core   0: 3 0x80004988 (0xb1adb793) x15 0x00000001
core   0: 0x8000498c (0x00000f8d) c.addi  t6, 3
core   0: 3 0x8000498c (0x0f8d) x31 0x00000000
core   0: 0x8000498e (0x416d0d33) sub     s10, s10, s6
core   0: 3 0x8000498e (0x416d0d33) x26 0x00000000
core   0: 0x80004992 (0x00600893) li      a7, 6
core   0: 3 0x80004992 (0x00600893) x17 0x00000006
core   0: 0x80004996 (0x00600113) li      sp, 6
core   0: 3 0x80004996 (0x00600113) x 2 0x00000006
core   0: 0x8000499a (0x02d12833) mulhsu  a6, sp, a3
core   0: 3 0x8000499a (0x02d12833) x16 0x00000000
core   0: 0x8000499e (0x4ec8bab7) lui     s5, 0x4ec8b
core   0: 3 0x8000499e (0x4ec8bab7) x21 0x4ec8b000
core   0: 0x800049a2 (0x40b55d33) sra     s10, a0, a1
core   0: 3 0x800049a2 (0x40b55d33) x26 0x00000000
core   0: 0x800049a6 (0x00b80333) add     t1, a6, a1
core   0: 3 0x800049a6 (0x00b80333) x 6 0x00000000
core   0: 0x800049aa (0x03fb1d33) mulh    s10, s6, t6
core   0: 3 0x800049aa (0x03fb1d33) x26 0x00000000
core   0: 0x800049ae (0x02580e33) mul     t3, a6, t0
core   0: 3 0x800049ae (0x02580e33) x28 0x00000000
core   0: 0x800049b2 (0x000018ed) c.addi  a7, -5
core   0: 3 0x800049b2 (0x18ed) x17 0x00000001
core   0: 0x800049b4 (0x000083fd) c.srli  a5, 31
core   0: 3 0x800049b4 (0x83fd) x15 0x00000000
core   0: 0x800049b6 (0xfe28f4e3) bgeu    a7, sp, pc - 24
core   0: 3 0x800049b6 (0xfe28f4e3)
core   0: 0x800049ba (0x00000eee) c.slli  t4, 27
core   0: 3 0x800049ba (0x0eee) x29 0x00000000
core   0: 0x800049bc (0xdedefb93) andi    s7, t4, -531
core   0: 3 0x800049bc (0xdedefb93) x23 0x00000000
core   0: 0x800049c0 (0x017c7b33) and     s6, s8, s7
core   0: 3 0x800049c0 (0x017c7b33) x22 0x00000000
core   0: 0x800049c4 (0xfd2fc2e3) blt     t6, s2, pc - 60
core   0: 3 0x800049c4 (0xfd2fc2e3)
core   0: 0x80004988 (0xb1adb793) sltiu   a5, s11, -1254
core   0: 3 0x80004988 (0xb1adb793) x15 0x00000001
core   0: 0x8000498c (0x00000f8d) c.addi  t6, 3
core   0: 3 0x8000498c (0x0f8d) x31 0x00000003
core   0: 0x8000498e (0x416d0d33) sub     s10, s10, s6
core   0: 3 0x8000498e (0x416d0d33) x26 0x00000000
core   0: 0x80004992 (0x00600893) li      a7, 6
core   0: 3 0x80004992 (0x00600893) x17 0x00000006
core   0: 0x80004996 (0x00600113) li      sp, 6
core   0: 3 0x80004996 (0x00600113) x 2 0x00000006
core   0: 0x8000499a (0x02d12833) mulhsu  a6, sp, a3
core   0: 3 0x8000499a (0x02d12833) x16 0x00000000
core   0: 0x8000499e (0x4ec8bab7) lui     s5, 0x4ec8b
core   0: 3 0x8000499e (0x4ec8bab7) x21 0x4ec8b000
core   0: 0x800049a2 (0x40b55d33) sra     s10, a0, a1
core   0: 3 0x800049a2 (0x40b55d33) x26 0x00000000
core   0: 0x800049a6 (0x00b80333) add     t1, a6, a1
core   0: 3 0x800049a6 (0x00b80333) x 6 0x00000000
core   0: 0x800049aa (0x03fb1d33) mulh    s10, s6, t6
core   0: 3 0x800049aa (0x03fb1d33) x26 0x00000000
core   0: 0x800049ae (0x02580e33) mul     t3, a6, t0
core   0: 3 0x800049ae (0x02580e33) x28 0x00000000
core   0: 0x800049b2 (0x000018ed) c.addi  a7, -5
core   0: 3 0x800049b2 (0x18ed) x17 0x00000001
core   0: 0x800049b4 (0x000083fd) c.srli  a5, 31
core   0: 3 0x800049b4 (0x83fd) x15 0x00000000
core   0: 0x800049b6 (0xfe28f4e3) bgeu    a7, sp, pc - 24
core   0: 3 0x800049b6 (0xfe28f4e3)
core   0: 0x800049ba (0x00000eee) c.slli  t4, 27
core   0: 3 0x800049ba (0x0eee) x29 0x00000000
core   0: 0x800049bc (0xdedefb93) andi    s7, t4, -531
core   0: 3 0x800049bc (0xdedefb93) x23 0x00000000
core   0: 0x800049c0 (0x017c7b33) and     s6, s8, s7
core   0: 3 0x800049c0 (0x017c7b33) x22 0x00000000
core   0: 0x800049c4 (0xfd2fc2e3) blt     t6, s2, pc - 60
core   0: 3 0x800049c4 (0xfd2fc2e3)
core   0: 0x80004988 (0xb1adb793) sltiu   a5, s11, -1254
core   0: 3 0x80004988 (0xb1adb793) x15 0x00000001
core   0: 0x8000498c (0x00000f8d) c.addi  t6, 3
core   0: 3 0x8000498c (0x0f8d) x31 0x00000006
core   0: 0x8000498e (0x416d0d33) sub     s10, s10, s6
core   0: 3 0x8000498e (0x416d0d33) x26 0x00000000
core   0: 0x80004992 (0x00600893) li      a7, 6
core   0: 3 0x80004992 (0x00600893) x17 0x00000006
core   0: 0x80004996 (0x00600113) li      sp, 6
core   0: 3 0x80004996 (0x00600113) x 2 0x00000006
core   0: 0x8000499a (0x02d12833) mulhsu  a6, sp, a3
core   0: 3 0x8000499a (0x02d12833) x16 0x00000000
core   0: 0x8000499e (0x4ec8bab7) lui     s5, 0x4ec8b
core   0: 3 0x8000499e (0x4ec8bab7) x21 0x4ec8b000
core   0: 0x800049a2 (0x40b55d33) sra     s10, a0, a1
core   0: 3 0x800049a2 (0x40b55d33) x26 0x00000000
core   0: 0x800049a6 (0x00b80333) add     t1, a6, a1
core   0: 3 0x800049a6 (0x00b80333) x 6 0x00000000
core   0: 0x800049aa (0x03fb1d33) mulh    s10, s6, t6
core   0: 3 0x800049aa (0x03fb1d33) x26 0x00000000
core   0: 0x800049ae (0x02580e33) mul     t3, a6, t0
core   0: 3 0x800049ae (0x02580e33) x28 0x00000000
core   0: 0x800049b2 (0x000018ed) c.addi  a7, -5
core   0: 3 0x800049b2 (0x18ed) x17 0x00000001
core   0: 0x800049b4 (0x000083fd) c.srli  a5, 31
core   0: 3 0x800049b4 (0x83fd) x15 0x00000000
core   0: 0x800049b6 (0xfe28f4e3) bgeu    a7, sp, pc - 24
core   0: 3 0x800049b6 (0xfe28f4e3)
core   0: 0x800049ba (0x00000eee) c.slli  t4, 27
core   0: 3 0x800049ba (0x0eee) x29 0x00000000
core   0: 0x800049bc (0xdedefb93) andi    s7, t4, -531
core   0: 3 0x800049bc (0xdedefb93) x23 0x00000000
core   0: 0x800049c0 (0x017c7b33) and     s6, s8, s7
core   0: 3 0x800049c0 (0x017c7b33) x22 0x00000000
core   0: 0x800049c4 (0xfd2fc2e3) blt     t6, s2, pc - 60
core   0: 3 0x800049c4 (0xfd2fc2e3)
core   0: 0x80004988 (0xb1adb793) sltiu   a5, s11, -1254
core   0: 3 0x80004988 (0xb1adb793) x15 0x00000001
core   0: 0x8000498c (0x00000f8d) c.addi  t6, 3
core   0: 3 0x8000498c (0x0f8d) x31 0x00000009
core   0: 0x8000498e (0x416d0d33) sub     s10, s10, s6
core   0: 3 0x8000498e (0x416d0d33) x26 0x00000000
core   0: 0x80004992 (0x00600893) li      a7, 6
core   0: 3 0x80004992 (0x00600893) x17 0x00000006
core   0: 0x80004996 (0x00600113) li      sp, 6
core   0: 3 0x80004996 (0x00600113) x 2 0x00000006
core   0: 0x8000499a (0x02d12833) mulhsu  a6, sp, a3
core   0: 3 0x8000499a (0x02d12833) x16 0x00000000
core   0: 0x8000499e (0x4ec8bab7) lui     s5, 0x4ec8b
core   0: 3 0x8000499e (0x4ec8bab7) x21 0x4ec8b000
core   0: 0x800049a2 (0x40b55d33) sra     s10, a0, a1
core   0: 3 0x800049a2 (0x40b55d33) x26 0x00000000
core   0: 0x800049a6 (0x00b80333) add     t1, a6, a1
core   0: 3 0x800049a6 (0x00b80333) x 6 0x00000000
core   0: 0x800049aa (0x03fb1d33) mulh    s10, s6, t6
core   0: 3 0x800049aa (0x03fb1d33) x26 0x00000000
core   0: 0x800049ae (0x02580e33) mul     t3, a6, t0
core   0: 3 0x800049ae (0x02580e33) x28 0x00000000
core   0: 0x800049b2 (0x000018ed) c.addi  a7, -5
core   0: 3 0x800049b2 (0x18ed) x17 0x00000001
core   0: 0x800049b4 (0x000083fd) c.srli  a5, 31
core   0: 3 0x800049b4 (0x83fd) x15 0x00000000
core   0: 0x800049b6 (0xfe28f4e3) bgeu    a7, sp, pc - 24
core   0: 3 0x800049b6 (0xfe28f4e3)
core   0: 0x800049ba (0x00000eee) c.slli  t4, 27
core   0: 3 0x800049ba (0x0eee) x29 0x00000000
core   0: 0x800049bc (0xdedefb93) andi    s7, t4, -531
core   0: 3 0x800049bc (0xdedefb93) x23 0x00000000
core   0: 0x800049c0 (0x017c7b33) and     s6, s8, s7
core   0: 3 0x800049c0 (0x017c7b33) x22 0x00000000
core   0: 0x800049c4 (0xfd2fc2e3) blt     t6, s2, pc - 60
core   0: 3 0x800049c4 (0xfd2fc2e3)
core   0: 0x800049c8 (0x0000046d) c.addi  s0, 27
core   0: 3 0x800049c8 (0x046d) x 8 0x0000001b
core   0: 0x800049ca (0xc978f793) andi    a5, a7, -873
core   0: 3 0x800049ca (0xc978f793) x15 0x00000001
core   0: 0x800049ce (0x00226db3) or      s11, tp, sp
core   0: 3 0x800049ce (0x00226db3) x27 0x0009b3b7
core   0: 0x800049d2 (0x00008c01) c.sub   s0, s0
core   0: 3 0x800049d2 (0x8c01) x 8 0x00000000
core   0: 0x800049d4 (0x29710a93) addi    s5, sp, 663
core   0: 3 0x800049d4 (0x29710a93) x21 0x0000029d
core   0: 0x800049d8 (0x03294263) blt     s2, s2, pc + 36
core   0: 3 0x800049d8 (0x03294263)
core   0: 0x800049dc (0x00008049) c.srli  s0, 18
core   0: 3 0x800049dc (0x8049) x 8 0x00000000
core   0: 0x800049de (0x00000bc6) c.slli  s7, 17
core   0: 3 0x800049de (0x0bc6) x23 0x00000000
core   0: 0x800049e0 (0x00008d71) c.and   a0, a2
core   0: 3 0x800049e0 (0x8d71) x10 0x00000000
core   0: 0x800049e2 (0x0000100f) fence.i
core   0: 3 0x800049e2 (0x0000100f)
core   0: 0x800049e6 (0x00000175) c.addi  sp, 29
core   0: 3 0x800049e6 (0x0175) x 2 0x00000023
core   0: 0x800049e8 (0x00000b36) c.slli  s6, 13
core   0: 3 0x800049e8 (0x0b36) x22 0x00000000
core   0: 0x800049ea (0x00006109) c.addi16sp sp, 128
core   0: 3 0x800049ea (0x6109) x 2 0x000000a3
core   0: 0x800049ec (0x0ff0000f) fence   iorw,iorw
core   0: 3 0x800049ec (0x0ff0000f)
core   0: 0x800049f0 (0x00898363) beq     s3, s0, pc + 6
core   0: 3 0x800049f0 (0x00898363)
core   0: 0x800049f4 (0x00006f85) c.lui   t6, 0x1
core   0: 3 0x800049f4 (0x6f85) x31 0x00001000
core   0: 0x800049f6 (0x01940533) add     a0, s0, s9
core   0: 3 0x800049f6 (0x01940533) x10 0x00000000
core   0: 0x800049fa (0x0000717d) c.addi16sp sp, -16
core   0: 3 0x800049fa (0x717d) x 2 0x00000093
core   0: 0x800049fc (0x406fd333) sra     t1, t6, t1
core   0: 3 0x800049fc (0x406fd333) x 6 0x00001000
core   0: 0x80004a00 (0x03feffb3) remu    t6, t4, t6
core   0: 3 0x80004a00 (0x03feffb3) x31 0x00000000
core   0: 0x80004a04 (0x03994563) blt     s2, s9, pc + 42
core   0: 3 0x80004a04 (0x03994563)
core   0: 0x80004a08 (0xa8dc4413) xori    s0, s8, -1395
core   0: 3 0x80004a08 (0xa8dc4413) x 8 0xfffffa8d
core   0: 0x80004a0c (0xc94b0113) addi    sp, s6, -876
core   0: 3 0x80004a0c (0xc94b0113) x 2 0xfffffc94
core   0: 0x80004a10 (0x50556c93) ori     s9, a0, 1285
core   0: 3 0x80004a10 (0x50556c93) x25 0x00000505
core   0: 0x80004a14 (0x00000001) c.nop
core   0: 3 0x80004a14 (0x0001)
core   0: 0x80004a16 (0x000096e2) c.add   a3, s8
core   0: 3 0x80004a16 (0x96e2) x13 0x00000002
core   0: 0x80004a18 (0x000081d6) c.mv    gp, s5
core   0: 3 0x80004a18 (0x81d6) x 3 0x0000029d
core   0: 0x80004a1a (0x03cdc733) div     a4, s11, t3
core   0: 3 0x80004a1a (0x03cdc733) x14 0xffffffff
core   0: 0x80004a1e (0x020a74b3) remu    s1, s4, zero
core   0: 3 0x80004a1e (0x020a74b3) x 9 0x00000004
core   0: 0x80004a22 (0x0132b033) sltu    zero, t0, s3
core   0: 3 0x80004a22 (0x0132b033)
core   0: 0x80004a26 (0x00000ff9) c.addi  t6, 30
core   0: 3 0x80004a26 (0x0ff9) x31 0x0000001e
core   0: 0x80004a28 (0x02508a63) beq     ra, t0, pc + 52
core   0: 3 0x80004a28 (0x02508a63)
core   0: 0x80004a2c (0x0000717d) c.addi16sp sp, -16
core   0: 3 0x80004a2c (0x717d) x 2 0xfffffc84
core   0: 0x80004a2e (0x016ef463) bgeu    t4, s6, pc + 8
core   0: 3 0x80004a2e (0x016ef463)
core   0: 0x80004a36 (0x00511b33) sll     s6, sp, t0
core   0: 3 0x80004a36 (0x00511b33) x22 0xfffff210
core   0: 0x80004a3a (0x00000001) c.nop
core   0: 3 0x80004a3a (0x0001)
core   0: 0x80004a3c (0x01d8cd63) blt     a7, t4, pc + 26
core   0: 3 0x80004a3c (0x01d8cd63)
core   0: 0x80004a40 (0x03673533) mulhu   a0, a4, s6
core   0: 3 0x80004a40 (0x03673533) x10 0xfffff20f
core   0: 0x80004a44 (0x01aaed63) bltu    s5, s10, pc + 26
core   0: 3 0x80004a44 (0x01aaed63)
core   0: 0x80004a48 (0x4163de33) sra     t3, t2, s6
core   0: 3 0x80004a48 (0x4163de33) x28 0xffff8002
core   0: 0x80004a4c (0x00a15b63) bge     sp, a0, pc + 22
core   0: 3 0x80004a4c (0x00a15b63)
core   0: 0x80004a62 (0x0000089c) c.addi4spn a5, sp, 80
core   0: 3 0x80004a62 (0x089c) x15 0xfffffcd4
core   0: 0x80004a64 (0x00006649) c.lui   a2, 0x12
core   0: 3 0x80004a64 (0x6649) x12 0x00012000
core   0: 0x80004a66 (0x41045793) srai    a5, s0, 16
core   0: 3 0x80004a66 (0x41045793) x15 0xffffffff
core   0: 0x80004a6a (0x00000001) c.nop
core   0: 3 0x80004a6a (0x0001)
core   0: 0x80004a6c (0x01d4da13) srli    s4, s1, 29
core   0: 3 0x80004a6c (0x01d4da13) x20 0x00000000
core   0: 0x80004a70 (0x00c87563) bgeu    a6, a2, pc + 10
core   0: 3 0x80004a70 (0x00c87563)
core   0: 0x80004a74 (0x000082e1) c.srli  a3, 24
core   0: 3 0x80004a74 (0x82e1) x13 0x00000000
core   0: 0x80004a76 (0x001b0fb3) add     t6, s6, ra
core   0: 3 0x80004a76 (0x001b0fb3) x31 0xfff64310
core   0: 0x80004a7a (0x0000100f) fence.i
core   0: 3 0x80004a7a (0x0000100f)
core   0: 0x80004a7e (0x02be9c63) bne     t4, a1, pc + 56
core   0: 3 0x80004a7e (0x02be9c63)
core   0: 0x80004a82 (0x000085a2) c.mv    a1, s0
core   0: 3 0x80004a82 (0x85a2) x11 0xfffffa8d
core   0: 0x80004a84 (0x002c7fb3) and     t6, s8, sp
core   0: 3 0x80004a84 (0x002c7fb3) x31 0x00000000
core   0: 0x80004a88 (0x6dbb1937) lui     s2, 0x6dbb1
core   0: 3 0x80004a88 (0x6dbb1937) x18 0x6dbb1000
core   0: 0x80004a8c (0x011ad593) srli    a1, s5, 17
core   0: 3 0x80004a8c (0x011ad593) x11 0x00000000
core   0: 0x80004a90 (0x034d1f63) bne     s10, s4, pc + 62
core   0: 3 0x80004a90 (0x034d1f63)
core   0: 0x80004a94 (0x4094d713) srai    a4, s1, 9
core   0: 3 0x80004a94 (0x4094d713) x14 0x00000000
core   0: 0x80004a98 (0x00c6d413) srli    s0, a3, 12
core   0: 3 0x80004a98 (0x00c6d413) x 8 0x00000000
core   0: 0x80004a9c (0x00cfa333) slt     t1, t6, a2
core   0: 3 0x80004a9c (0x00cfa333) x 6 0x00000001
core   0: 0x80004aa0 (0x00008db9) c.xor   a1, a4
core   0: 3 0x80004aa0 (0x8db9) x11 0x00000000
core   0: 0x80004aa2 (0x01b8dd63) bge     a7, s11, pc + 26
core   0: 3 0x80004aa2 (0x01b8dd63)
core   0: 0x80004aa6 (0x00000001) c.nop
core   0: 3 0x80004aa6 (0x0001)
core   0: 0x80004aa8 (0x03981bb3) mulh    s7, a6, s9
core   0: 3 0x80004aa8 (0x03981bb3) x23 0x00000000
core   0: 0x80004aac (0x019da6b3) slt     a3, s11, s9
core   0: 3 0x80004aac (0x019da6b3) x13 0x00000000
core   0: 0x80004ab0 (0x0000081a) c.slli  a6, 6
core   0: 3 0x80004ab0 (0x081a) x16 0x00000000
core   0: 0x80004ab2 (0x93d13e93) sltiu   t4, sp, -1731
core   0: 3 0x80004ab2 (0x93d13e93) x29 0x00000000
core   0: 0x80004ab6 (0x00008f4d) c.or    a4, a1
core   0: 3 0x80004ab6 (0x8f4d) x14 0x00000000
core   0: 0x80004ab8 (0x02410db3) mul     s11, sp, tp
core   0: 3 0x80004ab8 (0x02410db3) x27 0xde31ce5c
core   0: 0x80004abc (0xb167b493) sltiu   s1, a5, -1258
core   0: 3 0x80004abc (0xb167b493) x 9 0x00000000
core   0: 0x80004ac0 (0x00001e80) c.addi4spn s0, sp, 880
core   0: 3 0x80004ac0 (0x1e80) x 8 0xfffffff4
core   0: 0x80004ac2 (0x019f5263) bge     t5, s9, pc + 4
core   0: 3 0x80004ac2 (0x019f5263)
core   0: 0x80004ac6 (0x03d72ab3) mulhsu  s5, a4, t4
core   0: 3 0x80004ac6 (0x03d72ab3) x21 0x00000000
core   0: 0x80004aca (0x40160ab3) sub     s5, a2, ra
core   0: 3 0x80004aca (0x40160ab3) x21 0x000acf00
core   0: 0x80004ace (0x00000001) c.nop
core   0: 3 0x80004ace (0x0001)
core   0: 0x80004ad0 (0x00008151) c.srli  a0, 20
core   0: 3 0x80004ad0 (0x8151) x10 0x00000fff
core   0: 0x80004ad2 (0x03374133) div     sp, a4, s3
core   0: 3 0x80004ad2 (0x03374133) x 2 0x00000000
core   0: 0x80004ad6 (0x014d8563) beq     s11, s4, pc + 10
core   0: 3 0x80004ad6 (0x014d8563)
core   0: 0x80004ada (0x00000f18) c.addi4spn a4, sp, 912
core   0: 3 0x80004ada (0x0f18) x14 0x00000390
core   0: 0x80004adc (0x40dd8c33) sub     s8, s11, a3
core   0: 3 0x80004adc (0x40dd8c33) x24 0xde31ce5c
core   0: 0x80004ae0 (0x00008c31) c.xor   s0, a2
core   0: 3 0x80004ae0 (0x8c31) x 8 0xfffedff4
core   0: 0x80004ae2 (0x00c2e463) bltu    t0, a2, pc + 8
core   0: 3 0x80004ae2 (0x00c2e463)
core   0: 0x80004aea (0x0000717d) c.addi16sp sp, -16
core   0: 3 0x80004aea (0x717d) x 2 0xfffffff0
core   0: 0x80004aec (0x004264b3) or      s1, tp, tp
core   0: 3 0x80004aec (0x004264b3) x 9 0x0009b3b7
core   0: 0x80004af0 (0x00008e69) c.and   a2, a0
core   0: 3 0x80004af0 (0x8e69) x12 0x00000000
core   0: 0x80004af2 (0x0ff0000f) fence   iorw,iorw
core   0: 3 0x80004af2 (0x0ff0000f)
core   0: 0x80004af6 (0x3448c193) xori    gp, a7, 836
core   0: 3 0x80004af6 (0x3448c193) x 3 0x00000345
core   0: 0x80004afa (0x0273e8b3) rem     a7, t2, t2
core   0: 3 0x80004afa (0x0273e8b3) x17 0x00000000
core   0: 0x80004afe (0x00fb9c33) sll     s8, s7, a5
core   0: 3 0x80004afe (0x00fb9c33) x24 0x00000000
core   0: 0x80004b02 (0x231a0313) addi    t1, s4, 561
core   0: 3 0x80004b02 (0x231a0313) x 6 0x00000231
core   0: 0x80004b06 (0x00006309) c.lui   t1, 0x2
core   0: 3 0x80004b06 (0x6309) x 6 0x00002000
core   0: 0x80004b08 (0x0000717d) c.addi16sp sp, -16
core   0: 3 0x80004b08 (0x717d) x 2 0xffffffe0
core   0: 0x80004b0a (0x0015c0b3) xor     ra, a1, ra
core   0: 3 0x80004b0a (0x0015c0b3) x 1 0xfff65100
core   0: 0x80004b0e (0x000015fd) c.addi  a1, -1
core   0: 3 0x80004b0e (0x15fd) x11 0xffffffff
core   0: 0x80004b10 (0x0000805d) c.srli  s0, 23
core   0: 3 0x80004b10 (0x805d) x 8 0x000001ff
core   0: 0x80004b12 (0x06ca0363) beq     s4, a2, pc + 102
core   0: 3 0x80004b12 (0x06ca0363)
core   0: 0x80004b78 (0x000fbc33) sltu    s8, t6, zero
core   0: 3 0x80004b78 (0x000fbc33) x24 0x00000000
core   0: 0x80004b7c (0x015a5463) bge     s4, s5, pc + 8
core   0: 3 0x80004b7c (0x015a5463)
core   0: 0x80004b80 (0x0d4e3793) sltiu   a5, t3, 212
core   0: 3 0x80004b80 (0x0d4e3793) x15 0x00000000
core   0: 0x80004b84 (0x00006205) c.lui   tp, 0x1
core   0: 3 0x80004b84 (0x6205) x 4 0x00001000
core   0: 0x80004b86 (0x01639a93) slli    s5, t2, 22
core   0: 3 0x80004b86 (0x01639a93) x21 0x39000000
core   0: 0x80004b8a (0x4a412717) auipc   a4, 0x4a412
core   0: 3 0x80004b8a (0x4a412717) x14 0xca416b8a
core   0: 0x80004b8e (0x0ff0000f) fence   iorw,iorw
core   0: 3 0x80004b8e (0x0ff0000f)
core   0: 0x80004b92 (0x2214ca13) xori    s4, s1, 545
core   0: 3 0x80004b92 (0x2214ca13) x20 0x0009b196
core   0: 0x80004b96 (0xaed677b7) lui     a5, 0xaed67
core   0: 3 0x80004b96 (0xaed677b7) x15 0xaed67000
core   0: 0x80004b9a (0x00f61a93) slli    s5, a2, 15
core   0: 3 0x80004b9a (0x00f61a93) x21 0x00000000
core   0: 0x80004b9e (0x01eea1b3) slt     gp, t4, t5
core   0: 3 0x80004b9e (0x01eea1b3) x 3 0x00000001
core   0: 0x80004ba2 (0x00008242) c.mv    tp, a6
core   0: 3 0x80004ba2 (0x8242) x 4 0x00000000
core   0: 0x80004ba4 (0x0000717d) c.addi16sp sp, -16
core   0: 3 0x80004ba4 (0x717d) x 2 0xffffffd0
core   0: 0x80004ba6 (0xe11e1fb7) lui     t6, 0xe11e1
core   0: 3 0x80004ba6 (0xe11e1fb7) x31 0xe11e1000
core   0: 0x80004baa (0x0000100f) fence.i
core   0: 3 0x80004baa (0x0000100f)
core   0: 0x80004bae (0x2eb61c17) auipc   s8, 0x2eb61
core   0: 3 0x80004bae (0x2eb61c17) x24 0xaeb65bae
core   0: 0x80004bb2 (0x0259e463) bltu    s3, t0, pc + 40
core   0: 3 0x80004bb2 (0x0259e463)
core   0: 0x80004bb6 (0x03c04e63) blt     zero, t3, pc + 60
core   0: 3 0x80004bb6 (0x03c04e63)
core   0: 0x80004bba (0x4115d813) srai    a6, a1, 17
core   0: 3 0x80004bba (0x4115d813) x16 0xffffffff
core   0: 0x80004bbe (0x00001a7d) c.addi  s4, -1
core   0: 3 0x80004bbe (0x1a7d) x20 0x0009b195
core   0: 0x80004bc0 (0x000083e5) c.srli  a5, 25
core   0: 3 0x80004bc0 (0x83e5) x15 0x00000057
core   0: 0x80004bc2 (0x0000717d) c.addi16sp sp, -16
core   0: 3 0x80004bc2 (0x717d) x 2 0xffffffc0
core   0: 0x80004bc4 (0x00008ab2) c.mv    s5, a2
core   0: 3 0x80004bc4 (0x8ab2) x21 0x00000000
core   0: 0x80004bc6 (0x00001c1c) c.addi4spn a5, sp, 560
core   0: 3 0x80004bc6 (0x1c1c) x15 0x000001f0
core   0: 0x80004bc8 (0x40738733) sub     a4, t2, t2
core   0: 3 0x80004bc8 (0x40738733) x14 0x00000000
core   0: 0x80004bcc (0x02014133) div     sp, sp, zero
core   0: 3 0x80004bcc (0x02014133) x 2 0xffffffff
core   0: 0x80004bd0 (0x00e48933) add     s2, s1, a4
core   0: 3 0x80004bd0 (0x00e48933) x18 0x0009b3b7
core   0: 0x80004bd4 (0x00008f2d) c.xor   a4, a1
core   0: 3 0x80004bd4 (0x8f2d) x14 0xffffffff
core   0: 0x80004bd6 (0x01f38c33) add     s8, t2, t6
core   0: 3 0x80004bd6 (0x01f38c33) x24 0x61207ce4
core   0: 0x80004bda (0x00000d0a) c.slli  s10, 2
core   0: 3 0x80004bda (0x0d0a) x26 0x00000000
core   0: 0x80004bdc (0x00000001) c.nop
core   0: 3 0x80004bdc (0x0001)
core   0: 0x80004bde (0x0000e69d) c.bnez  a3, pc + 46
core   0: 3 0x80004bde (0xe69d)
core   0: 0x80004be0 (0x0000717d) c.addi16sp sp, -16
core   0: 3 0x80004be0 (0x717d) x 2 0xffffffef
core   0: 0x80004be2 (0x021e7663) bgeu    t3, ra, pc + 44
core   0: 3 0x80004be2 (0x021e7663)
core   0: 0x80004c0e (0x00218cb3) add     s9, gp, sp
core   0: 3 0x80004c0e (0x00218cb3) x25 0xfffffff0
core   0: 0x80004c12 (0x4c840ab7) lui     s5, 0x4c840
core   0: 3 0x80004c12 (0x4c840ab7) x21 0x4c840000
core   0: 0x80004c16 (0x007bf7b3) and     a5, s7, t2
core   0: 3 0x80004c16 (0x007bf7b3) x15 0x00000000
core   0: 0x80004c1a (0x0d454613) xori    a2, a0, 212
core   0: 3 0x80004c1a (0x0d454613) x12 0x00000f2b
core   0: 0x80004c1e (0x6db20193) addi    gp, tp, 1755
core   0: 3 0x80004c1e (0x6db20193) x 3 0x000006db
core   0: 0x80004c22 (0x0ff0000f) fence   iorw,iorw
core   0: 3 0x80004c22 (0x0ff0000f)
core   0: 0x80004c26 (0x00008199) c.srli  a1, 6
core   0: 3 0x80004c26 (0x8199) x11 0x03ffffff
core   0: 0x80004c28 (0x024c07b3) mul     a5, s8, tp
core   0: 3 0x80004c28 (0x024c07b3) x15 0x00000000
core   0: 0x80004c2c (0x0000100f) fence.i
core   0: 3 0x80004c2c (0x0000100f)
core   0: 0x80004c30 (0x0042d5b3) srl     a1, t0, tp
core   0: 3 0x80004c30 (0x0042d5b3) x11 0x00000002
core   0: 0x80004c34 (0x00004685) c.li    a3, 1
core   0: 3 0x80004c34 (0x4685) x13 0x00000001
core   0: 0x80004c36 (0x00006139) c.addi16sp sp, 448
core   0: 3 0x80004c36 (0x6139) x 2 0x000001af
core   0: 0x80004c38 (0x07b74c93) xori    s9, a4, 123
core   0: 3 0x80004c38 (0x07b74c93) x25 0xffffff84
core   0: 0x80004c3c (0x02394e33) div     t3, s2, gp
core   0: 3 0x80004c3c (0x02394e33) x28 0x0000016a
core   0: 0x80004c40 (0x00008e1d) c.sub   a2, a5
core   0: 3 0x80004c40 (0x8e1d) x12 0x00000f2b
core   0: 0x80004c42 (0x03773e33) mulhu   t3, a4, s7
core   0: 3 0x80004c42 (0x03773e33) x28 0x00000000
core   0: 0x80004c46 (0x0000883d) c.andi  s0, 15
core   0: 3 0x80004c46 (0x883d) x 8 0x0000000f
core   0: 0x80004c48 (0x00008f81) c.sub   a5, s0
core   0: 3 0x80004c48 (0x8f81) x15 0xfffffff1
core   0: 0x80004c4a (0x00006121) c.addi16sp sp, 64
core   0: 3 0x80004c4a (0x6121) x 2 0x000001ef
core   0: 0x80004c4c (0x03a0b8b3) mulhu   a7, ra, s10
core   0: 3 0x80004c4c (0x03a0b8b3) x17 0x00000000
core   0: 0x80004c50 (0x028df833) remu    a6, s11, s0
core   0: 3 0x80004c50 (0x028df833) x16 0x0000000e
core   0: 0x80004c54 (0x02a6db63) bge     a3, a0, pc + 54
core   0: 3 0x80004c54 (0x02a6db63)
core   0: 0x80004c58 (0x0061cc63) blt     gp, t1, pc + 24
core   0: 3 0x80004c58 (0x0061cc63)
core   0: 0x80004c70 (0x402b5e13) srai    t3, s6, 2
core   0: 3 0x80004c70 (0x402b5e13) x28 0xfffffc84
core   0: 0x80004c74 (0x00000001) c.nop
core   0: 3 0x80004c74 (0x0001)
core   0: 0x80004c76 (0x0044cd63) blt     s1, tp, pc + 26
core   0: 3 0x80004c76 (0x0044cd63)
core   0: 0x80004c7a (0x006ca433) slt     s0, s9, t1
core   0: 3 0x80004c7a (0x006ca433) x 8 0x00000001
core   0: 0x80004c7e (0x03170b33) mul     s6, a4, a7
core   0: 3 0x80004c7e (0x03170b33) x22 0x00000000
core   0: 0x80004c82 (0x051d0263) beq     s10, a7, pc + 68
core   0: 3 0x80004c82 (0x051d0263)
core   0: 0x80004cc6 (0x00000001) c.nop
core   0: 3 0x80004cc6 (0x0001)
core   0: 0x80004cc8 (0x00be6933) or      s2, t3, a1
core   0: 3 0x80004cc8 (0x00be6933) x18 0xfffffc86
core   0: 0x80004ccc (0x0198ca33) xor     s4, a7, s9
core   0: 3 0x80004ccc (0x0198ca33) x20 0xffffff84
core   0: 0x80004cd0 (0x40085333) sra     t1, a6, zero
core   0: 3 0x80004cd0 (0x40085333) x 6 0x0000000e
core   0: 0x80004cd4 (0x02356c63) bltu    a0, gp, pc + 56
core   0: 3 0x80004cd4 (0x02356c63)
core   0: 0x80004cd8 (0x146eff13) andi    t5, t4, 326
core   0: 3 0x80004cd8 (0x146eff13) x30 0x00000000
core   0: 0x80004cdc (0x0182f563) bgeu    t0, s8, pc + 10
core   0: 3 0x80004cdc (0x0182f563)
core   0: 0x80004ce0 (0x000016fd) c.addi  a3, -1
core   0: 3 0x80004ce0 (0x16fd) x13 0x00000000
core   0: 0x80004ce2 (0x0000ce21) c.beqz  a2, pc + 88
core   0: 3 0x80004ce2 (0xce21)
core   0: 0x80004ce4 (0x00008c7d) c.and   s0, a5
core   0: 3 0x80004ce4 (0x8c7d) x 8 0x00000001
core   0: 0x80004ce6 (0x037fdeb3) divu    t4, t6, s7
core   0: 3 0x80004ce6 (0x037fdeb3) x29 0xffffffff
core   0: 0x80004cea (0xff700493) li      s1, -9
core   0: 3 0x80004cea (0xff700493) x 9 0xfffffff7
core   0: 0x80004cee (0x00500f93) li      t6, 5
core   0: 3 0x80004cee (0x00500f93) x31 0x00000005
core   0: 0x80004cf2 (0x992a4313) xori    t1, s4, -1646
core   0: 3 0x80004cf2 (0x992a4313) x 6 0x00000616
core   0: 0x80004cf6 (0x00000485) c.addi  s1, 1
core   0: 3 0x80004cf6 (0x0485) x 9 0xfffffff8
core   0: 0x80004cf8 (0xfff00413) li      s0, -1
core   0: 3 0x80004cf8 (0xfff00413) x 8 0xffffffff
core   0: 0x80004cfc (0x00000001) c.nop
core   0: 3 0x80004cfc (0x0001)
core   0: 0x80004cfe (0x00008e41) c.or    a2, s0
core   0: 3 0x80004cfe (0x8e41) x12 0xffffffff
core   0: 0x80004d00 (0x00000405) c.addi  s0, 1
core   0: 3 0x80004d00 (0x0405) x 8 0x00000000
core   0: 0x80004d02 (0x0000fc75) c.bnez  s0, pc - 4
core   0: 3 0x80004d02 (0xfc75)
core   0: 0x80004d04 (0xfff497e3) bne     s1, t6, pc - 18
core   0: 3 0x80004d04 (0xfff497e3)
core   0: 0x80004cf2 (0x992a4313) xori    t1, s4, -1646
core   0: 3 0x80004cf2 (0x992a4313) x 6 0x00000616
core   0: 0x80004cf6 (0x00000485) c.addi  s1, 1
core   0: 3 0x80004cf6 (0x0485) x 9 0xfffffff9
core   0: 0x80004cf8 (0xfff00413) li      s0, -1
core   0: 3 0x80004cf8 (0xfff00413) x 8 0xffffffff
core   0: 0x80004cfc (0x00000001) c.nop
core   0: 3 0x80004cfc (0x0001)
core   0: 0x80004cfe (0x00008e41) c.or    a2, s0
core   0: 3 0x80004cfe (0x8e41) x12 0xffffffff
core   0: 0x80004d00 (0x00000405) c.addi  s0, 1
core   0: 3 0x80004d00 (0x0405) x 8 0x00000000
core   0: 0x80004d02 (0x0000fc75) c.bnez  s0, pc - 4
core   0: 3 0x80004d02 (0xfc75)
core   0: 0x80004d04 (0xfff497e3) bne     s1, t6, pc - 18
core   0: 3 0x80004d04 (0xfff497e3)
core   0: 0x80004cf2 (0x992a4313) xori    t1, s4, -1646
core   0: 3 0x80004cf2 (0x992a4313) x 6 0x00000616
core   0: 0x80004cf6 (0x00000485) c.addi  s1, 1
core   0: 3 0x80004cf6 (0x0485) x 9 0xfffffffa
core   0: 0x80004cf8 (0xfff00413) li      s0, -1
core   0: 3 0x80004cf8 (0xfff00413) x 8 0xffffffff
core   0: 0x80004cfc (0x00000001) c.nop
core   0: 3 0x80004cfc (0x0001)
core   0: 0x80004cfe (0x00008e41) c.or    a2, s0
core   0: 3 0x80004cfe (0x8e41) x12 0xffffffff
core   0: 0x80004d00 (0x00000405) c.addi  s0, 1
core   0: 3 0x80004d00 (0x0405) x 8 0x00000000
core   0: 0x80004d02 (0x0000fc75) c.bnez  s0, pc - 4
core   0: 3 0x80004d02 (0xfc75)
core   0: 0x80004d04 (0xfff497e3) bne     s1, t6, pc - 18
core   0: 3 0x80004d04 (0xfff497e3)
core   0: 0x80004cf2 (0x992a4313) xori    t1, s4, -1646
core   0: 3 0x80004cf2 (0x992a4313) x 6 0x00000616
core   0: 0x80004cf6 (0x00000485) c.addi  s1, 1
core   0: 3 0x80004cf6 (0x0485) x 9 0xfffffffb
core   0: 0x80004cf8 (0xfff00413) li      s0, -1
core   0: 3 0x80004cf8 (0xfff00413) x 8 0xffffffff
core   0: 0x80004cfc (0x00000001) c.nop
core   0: 3 0x80004cfc (0x0001)
core   0: 0x80004cfe (0x00008e41) c.or    a2, s0
core   0: 3 0x80004cfe (0x8e41) x12 0xffffffff
core   0: 0x80004d00 (0x00000405) c.addi  s0, 1
core   0: 3 0x80004d00 (0x0405) x 8 0x00000000
core   0: 0x80004d02 (0x0000fc75) c.bnez  s0, pc - 4
core   0: 3 0x80004d02 (0xfc75)
core   0: 0x80004d04 (0xfff497e3) bne     s1, t6, pc - 18
core   0: 3 0x80004d04 (0xfff497e3)
core   0: 0x80004cf2 (0x992a4313) xori    t1, s4, -1646
core   0: 3 0x80004cf2 (0x992a4313) x 6 0x00000616
core   0: 0x80004cf6 (0x00000485) c.addi  s1, 1
core   0: 3 0x80004cf6 (0x0485) x 9 0xfffffffc
core   0: 0x80004cf8 (0xfff00413) li      s0, -1
core   0: 3 0x80004cf8 (0xfff00413) x 8 0xffffffff
core   0: 0x80004cfc (0x00000001) c.nop
core   0: 3 0x80004cfc (0x0001)
core   0: 0x80004cfe (0x00008e41) c.or    a2, s0
core   0: 3 0x80004cfe (0x8e41) x12 0xffffffff
core   0: 0x80004d00 (0x00000405) c.addi  s0, 1
core   0: 3 0x80004d00 (0x0405) x 8 0x00000000
core   0: 0x80004d02 (0x0000fc75) c.bnez  s0, pc - 4
core   0: 3 0x80004d02 (0xfc75)
core   0: 0x80004d04 (0xfff497e3) bne     s1, t6, pc - 18
core   0: 3 0x80004d04 (0xfff497e3)
core   0: 0x80004cf2 (0x992a4313) xori    t1, s4, -1646
core   0: 3 0x80004cf2 (0x992a4313) x 6 0x00000616
core   0: 0x80004cf6 (0x00000485) c.addi  s1, 1
core   0: 3 0x80004cf6 (0x0485) x 9 0xfffffffd
core   0: 0x80004cf8 (0xfff00413) li      s0, -1
core   0: 3 0x80004cf8 (0xfff00413) x 8 0xffffffff
core   0: 0x80004cfc (0x00000001) c.nop
core   0: 3 0x80004cfc (0x0001)
core   0: 0x80004cfe (0x00008e41) c.or    a2, s0
core   0: 3 0x80004cfe (0x8e41) x12 0xffffffff
core   0: 0x80004d00 (0x00000405) c.addi  s0, 1
core   0: 3 0x80004d00 (0x0405) x 8 0x00000000
core   0: 0x80004d02 (0x0000fc75) c.bnez  s0, pc - 4
core   0: 3 0x80004d02 (0xfc75)
core   0: 0x80004d04 (0xfff497e3) bne     s1, t6, pc - 18
core   0: 3 0x80004d04 (0xfff497e3)
core   0: 0x80004cf2 (0x992a4313) xori    t1, s4, -1646
core   0: 3 0x80004cf2 (0x992a4313) x 6 0x00000616
core   0: 0x80004cf6 (0x00000485) c.addi  s1, 1
core   0: 3 0x80004cf6 (0x0485) x 9 0xfffffffe
core   0: 0x80004cf8 (0xfff00413) li      s0, -1
core   0: 3 0x80004cf8 (0xfff00413) x 8 0xffffffff
core   0: 0x80004cfc (0x00000001) c.nop
core   0: 3 0x80004cfc (0x0001)
core   0: 0x80004cfe (0x00008e41) c.or    a2, s0
core   0: 3 0x80004cfe (0x8e41) x12 0xffffffff
core   0: 0x80004d00 (0x00000405) c.addi  s0, 1
core   0: 3 0x80004d00 (0x0405) x 8 0x00000000
core   0: 0x80004d02 (0x0000fc75) c.bnez  s0, pc - 4
core   0: 3 0x80004d02 (0xfc75)
core   0: 0x80004d04 (0xfff497e3) bne     s1, t6, pc - 18
core   0: 3 0x80004d04 (0xfff497e3)
core   0: 0x80004cf2 (0x992a4313) xori    t1, s4, -1646
core   0: 3 0x80004cf2 (0x992a4313) x 6 0x00000616
core   0: 0x80004cf6 (0x00000485) c.addi  s1, 1
core   0: 3 0x80004cf6 (0x0485) x 9 0xffffffff
core   0: 0x80004cf8 (0xfff00413) li      s0, -1
core   0: 3 0x80004cf8 (0xfff00413) x 8 0xffffffff
core   0: 0x80004cfc (0x00000001) c.nop
core   0: 3 0x80004cfc (0x0001)
core   0: 0x80004cfe (0x00008e41) c.or    a2, s0
core   0: 3 0x80004cfe (0x8e41) x12 0xffffffff
core   0: 0x80004d00 (0x00000405) c.addi  s0, 1
core   0: 3 0x80004d00 (0x0405) x 8 0x00000000
core   0: 0x80004d02 (0x0000fc75) c.bnez  s0, pc - 4
core   0: 3 0x80004d02 (0xfc75)
core   0: 0x80004d04 (0xfff497e3) bne     s1, t6, pc - 18
core   0: 3 0x80004d04 (0xfff497e3)
core   0: 0x80004cf2 (0x992a4313) xori    t1, s4, -1646
core   0: 3 0x80004cf2 (0x992a4313) x 6 0x00000616
core   0: 0x80004cf6 (0x00000485) c.addi  s1, 1
core   0: 3 0x80004cf6 (0x0485) x 9 0x00000000
core   0: 0x80004cf8 (0xfff00413) li      s0, -1
core   0: 3 0x80004cf8 (0xfff00413) x 8 0xffffffff
core   0: 0x80004cfc (0x00000001) c.nop
core   0: 3 0x80004cfc (0x0001)
core   0: 0x80004cfe (0x00008e41) c.or    a2, s0
core   0: 3 0x80004cfe (0x8e41) x12 0xffffffff
core   0: 0x80004d00 (0x00000405) c.addi  s0, 1
core   0: 3 0x80004d00 (0x0405) x 8 0x00000000
core   0: 0x80004d02 (0x0000fc75) c.bnez  s0, pc - 4
core   0: 3 0x80004d02 (0xfc75)
core   0: 0x80004d04 (0xfff497e3) bne     s1, t6, pc - 18
core   0: 3 0x80004d04 (0xfff497e3)
core   0: 0x80004cf2 (0x992a4313) xori    t1, s4, -1646
core   0: 3 0x80004cf2 (0x992a4313) x 6 0x00000616
core   0: 0x80004cf6 (0x00000485) c.addi  s1, 1
core   0: 3 0x80004cf6 (0x0485) x 9 0x00000001
core   0: 0x80004cf8 (0xfff00413) li      s0, -1
core   0: 3 0x80004cf8 (0xfff00413) x 8 0xffffffff
core   0: 0x80004cfc (0x00000001) c.nop
core   0: 3 0x80004cfc (0x0001)
core   0: 0x80004cfe (0x00008e41) c.or    a2, s0
core   0: 3 0x80004cfe (0x8e41) x12 0xffffffff
core   0: 0x80004d00 (0x00000405) c.addi  s0, 1
core   0: 3 0x80004d00 (0x0405) x 8 0x00000000
core   0: 0x80004d02 (0x0000fc75) c.bnez  s0, pc - 4
core   0: 3 0x80004d02 (0xfc75)
core   0: 0x80004d04 (0xfff497e3) bne     s1, t6, pc - 18
core   0: 3 0x80004d04 (0xfff497e3)
core   0: 0x80004cf2 (0x992a4313) xori    t1, s4, -1646
core   0: 3 0x80004cf2 (0x992a4313) x 6 0x00000616
core   0: 0x80004cf6 (0x00000485) c.addi  s1, 1
core   0: 3 0x80004cf6 (0x0485) x 9 0x00000002
core   0: 0x80004cf8 (0xfff00413) li      s0, -1
core   0: 3 0x80004cf8 (0xfff00413) x 8 0xffffffff
core   0: 0x80004cfc (0x00000001) c.nop
core   0: 3 0x80004cfc (0x0001)
core   0: 0x80004cfe (0x00008e41) c.or    a2, s0
core   0: 3 0x80004cfe (0x8e41) x12 0xffffffff
core   0: 0x80004d00 (0x00000405) c.addi  s0, 1
core   0: 3 0x80004d00 (0x0405) x 8 0x00000000
core   0: 0x80004d02 (0x0000fc75) c.bnez  s0, pc - 4
core   0: 3 0x80004d02 (0xfc75)
core   0: 0x80004d04 (0xfff497e3) bne     s1, t6, pc - 18
core   0: 3 0x80004d04 (0xfff497e3)
core   0: 0x80004cf2 (0x992a4313) xori    t1, s4, -1646
core   0: 3 0x80004cf2 (0x992a4313) x 6 0x00000616
core   0: 0x80004cf6 (0x00000485) c.addi  s1, 1
core   0: 3 0x80004cf6 (0x0485) x 9 0x00000003
core   0: 0x80004cf8 (0xfff00413) li      s0, -1
core   0: 3 0x80004cf8 (0xfff00413) x 8 0xffffffff
core   0: 0x80004cfc (0x00000001) c.nop
core   0: 3 0x80004cfc (0x0001)
core   0: 0x80004cfe (0x00008e41) c.or    a2, s0
core   0: 3 0x80004cfe (0x8e41) x12 0xffffffff
core   0: 0x80004d00 (0x00000405) c.addi  s0, 1
core   0: 3 0x80004d00 (0x0405) x 8 0x00000000
core   0: 0x80004d02 (0x0000fc75) c.bnez  s0, pc - 4
core   0: 3 0x80004d02 (0xfc75)
core   0: 0x80004d04 (0xfff497e3) bne     s1, t6, pc - 18
core   0: 3 0x80004d04 (0xfff497e3)
core   0: 0x80004cf2 (0x992a4313) xori    t1, s4, -1646
core   0: 3 0x80004cf2 (0x992a4313) x 6 0x00000616
core   0: 0x80004cf6 (0x00000485) c.addi  s1, 1
core   0: 3 0x80004cf6 (0x0485) x 9 0x00000004
core   0: 0x80004cf8 (0xfff00413) li      s0, -1
core   0: 3 0x80004cf8 (0xfff00413) x 8 0xffffffff
core   0: 0x80004cfc (0x00000001) c.nop
core   0: 3 0x80004cfc (0x0001)
core   0: 0x80004cfe (0x00008e41) c.or    a2, s0
core   0: 3 0x80004cfe (0x8e41) x12 0xffffffff
core   0: 0x80004d00 (0x00000405) c.addi  s0, 1
core   0: 3 0x80004d00 (0x0405) x 8 0x00000000
core   0: 0x80004d02 (0x0000fc75) c.bnez  s0, pc - 4
core   0: 3 0x80004d02 (0xfc75)
core   0: 0x80004d04 (0xfff497e3) bne     s1, t6, pc - 18
core   0: 3 0x80004d04 (0xfff497e3)
core   0: 0x80004cf2 (0x992a4313) xori    t1, s4, -1646
core   0: 3 0x80004cf2 (0x992a4313) x 6 0x00000616
core   0: 0x80004cf6 (0x00000485) c.addi  s1, 1
core   0: 3 0x80004cf6 (0x0485) x 9 0x00000005
core   0: 0x80004cf8 (0xfff00413) li      s0, -1
core   0: 3 0x80004cf8 (0xfff00413) x 8 0xffffffff
core   0: 0x80004cfc (0x00000001) c.nop
core   0: 3 0x80004cfc (0x0001)
core   0: 0x80004cfe (0x00008e41) c.or    a2, s0
core   0: 3 0x80004cfe (0x8e41) x12 0xffffffff
core   0: 0x80004d00 (0x00000405) c.addi  s0, 1
core   0: 3 0x80004d00 (0x0405) x 8 0x00000000
core   0: 0x80004d02 (0x0000fc75) c.bnez  s0, pc - 4
core   0: 3 0x80004d02 (0xfc75)
core   0: 0x80004d04 (0xfff497e3) bne     s1, t6, pc - 18
core   0: 3 0x80004d04 (0xfff497e3)
core   0: 0x80004d08 (0x00699d93) slli    s11, s3, 6
core   0: 3 0x80004d08 (0x00699d93) x27 0x008b9900
core   0: 0x80004d0c (0x00d7ffb3) and     t6, a5, a3
core   0: 3 0x80004d0c (0x00d7ffb3) x31 0x00000000
core   0: 0x80004d10 (0x01b8d533) srl     a0, a7, s11
core   0: 3 0x80004d10 (0x01b8d533) x10 0x00000000
core   0: 0x80004d14 (0x02bd6bb3) rem     s7, s10, a1
core   0: 3 0x80004d14 (0x02bd6bb3) x23 0x00000000
core   0: 0x80004d18 (0x038c6a63) bltu    s8, s8, pc + 52
core   0: 3 0x80004d18 (0x038c6a63)
core   0: 0x80004d1c (0x0000ca85) c.beqz  a3, pc + 48
core   0: 3 0x80004d1c (0xca85)
core   0: 0x80004d4c (0x00000584) c.addi4spn s1, sp, 704
core   0: 3 0x80004d4c (0x0584) x 9 0x000004af
core   0: 0x80004d4e (0x00008cbd) c.xor   s1, a5
core   0: 3 0x80004d4e (0x8cbd) x 9 0xfffffb5e
core   0: 0x80004d50 (0x02ebd063) bge     s7, a4, pc + 32
core   0: 3 0x80004d50 (0x02ebd063)
core   0: 0x80004d70 (0x02ffbc33) mulhu   s8, t6, a5
core   0: 3 0x80004d70 (0x02ffbc33) x24 0x00000000
core   0: 0x80004d74 (0x26eb8a93) addi    s5, s7, 622
core   0: 3 0x80004d74 (0x26eb8a93) x21 0x0000026e
core   0: 0x80004d78 (0x00169563) bne     a3, ra, pc + 10
core   0: 3 0x80004d78 (0x00169563)
core   0: 0x80004d82 (0x0380e563) bltu    ra, s8, pc + 42
core   0: 3 0x80004d82 (0x0380e563)
core   0: 0x80004d86 (0x0200ce63) bltz    ra, pc + 60
core   0: 3 0x80004d86 (0x0200ce63)
core   0: 0x80004dc2 (0x01d5dfb3) srl     t6, a1, t4
core   0: 3 0x80004dc2 (0x01d5dfb3) x31 0x00000000
core   0: 0x80004dc6 (0x03eb5163) bge     s6, t5, pc + 34
core   0: 3 0x80004dc6 (0x03eb5163)
core   0: 0x80004de8 (0x0046c533) xor     a0, a3, tp
core   0: 3 0x80004de8 (0x0046c533) x10 0x00000000
core   0: 0x80004dec (0x07257863) bgeu    a0, s2, pc + 112
core   0: 3 0x80004dec (0x07257863)
core   0: 0x80004df0 (0x0000cca5) c.beqz  s1, pc + 120
core   0: 3 0x80004df0 (0xcca5)
core   0: 0x80004df2 (0x00200513) li      a0, 2
core   0: 3 0x80004df2 (0x00200513) x10 0x00000002
core   0: 0x80004df6 (0x000086e5) c.srai  a3, 25
core   0: 3 0x80004df6 (0x86e5) x13 0x00000000
core   0: 0x80004df8 (0x00200413) li      s0, 2
core   0: 3 0x80004df8 (0x00200413) x 8 0x00000002
core   0: 0x80004dfc (0x0212ce33) div     t3, t0, ra
core   0: 3 0x80004dfc (0x0212ce33) x28 0x00000000
core   0: 0x80004e00 (0x03756b33) rem     s6, a0, s7
core   0: 3 0x80004e00 (0x03756b33) x22 0x00000002
core   0: 0x80004e04 (0x0039f0b3) and     ra, s3, gp
core   0: 3 0x80004e04 (0x0039f0b3) x 1 0x00000640
core   0: 0x80004e08 (0x035ba933) mulhsu  s2, s7, s5
core   0: 3 0x80004e08 (0x035ba933) x18 0x00000000
core   0: 0x80004e0c (0x0000157d) c.addi  a0, -1
core   0: 3 0x80004e0c (0x157d) x10 0x00000001
core   0: 0x80004e0e (0x024b0933) mul     s2, s6, tp
core   0: 3 0x80004e0e (0x024b0933) x18 0x00000000
core   0: 0x80004e12 (0x000082e9) c.srli  a3, 26
core   0: 3 0x80004e12 (0x82e9) x13 0x00000000
core   0: 0x80004e14 (0x015dd133) srl     sp, s11, s5
core   0: 3 0x80004e14 (0x015dd133) x 2 0x0000022e
core   0: 0x80004e18 (0xfe8572e3) bgeu    a0, s0, pc - 28
core   0: 3 0x80004e18 (0xfe8572e3)
core   0: 0x80004e1c (0x01780633) add     a2, a6, s7
core   0: 3 0x80004e1c (0x01780633) x12 0x0000000e
core   0: 0x80004e20 (0x0332feb3) remu    t4, t0, s3
core   0: 3 0x80004e20 (0x0332feb3) x29 0x00000002
core   0: 0x80004e24 (0x002dfbb3) and     s7, s11, sp
core   0: 3 0x80004e24 (0x002dfbb3) x23 0x00000000
core   0: 0x80004e28 (0x00000001) c.nop
core   0: 3 0x80004e28 (0x0001)
core   0: 0x80004e2a (0x00a28a33) add     s4, t0, a0
core   0: 3 0x80004e2a (0x00a28a33) x20 0x00000003
core   0: 0x80004e2e (0x0101f333) and     t1, gp, a6
core   0: 3 0x80004e2e (0x0101f333) x 6 0x0000000a
core   0: 0x80004e32 (0x023b5933) divu    s2, s6, gp
core   0: 3 0x80004e32 (0x023b5933) x18 0x00000000
core   0: 0x80004e36 (0x0ff0000f) fence   iorw,iorw
core   0: 3 0x80004e36 (0x0ff0000f)
core   0: 0x80004e3a (0x01224f63) blt     tp, s2, pc + 30
core   0: 3 0x80004e3a (0x01224f63)
core   0: 0x80004e3e (0x01cc1633) sll     a2, s8, t3
core   0: 3 0x80004e3e (0x01cc1633) x12 0x00000000
core   0: 0x80004e42 (0x0000820d) c.srli  a2, 3
core   0: 3 0x80004e42 (0x820d) x12 0x00000000
core   0: 0x80004e44 (0x03078633) mul     a2, a5, a6
core   0: 3 0x80004e44 (0x03078633) x12 0xffffff2e
core   0: 0x80004e48 (0x02d48f33) mul     t5, s1, a3
core   0: 3 0x80004e48 (0x02d48f33) x30 0x00000000
core   0: 0x80004e4c (0x03496ab3) rem     s5, s2, s4
core   0: 3 0x80004e4c (0x03496ab3) x21 0x00000000
core   0: 0x80004e50 (0x002820b3) slt     ra, a6, sp
core   0: 3 0x80004e50 (0x002820b3) x 1 0x00000001
core   0: 0x80004e54 (0x01626933) or      s2, tp, s6
core   0: 3 0x80004e54 (0x01626933) x18 0x00000002
core   0: 0x80004e58 (0x0252c6b3) div     a3, t0, t0
core   0: 3 0x80004e58 (0x0252c6b3) x13 0x00000001
core   0: 0x80004e5c (0x0397de63) bge     a5, s9, pc + 60
core   0: 3 0x80004e5c (0x0397de63)
core   0: 0x80004e98 (0x0000616d) c.addi16sp sp, 240
core   0: 3 0x80004e98 (0x616d) x 2 0x0000031e
core   0: 0x80004e9a (0x00008d31) c.xor   a0, a2
core   0: 3 0x80004e9a (0x8d31) x10 0xffffff2f
core   0: 0x80004e9c (0x03e14e17) auipc   t3, 0x3e14
core   0: 3 0x80004e9c (0x03e14e17) x28 0x83e18e9c
core   0: 0x80004ea0 (0x00008ce1) c.and   s1, s0
core   0: 3 0x80004ea0 (0x8ce1) x 9 0x00000002
core   0: 0x80004ea2 (0x00000001) c.nop
core   0: 3 0x80004ea2 (0x0001)
core   0: 0x80004ea4 (0x023728b3) mulhsu  a7, a4, gp
core   0: 3 0x80004ea4 (0x023728b3) x17 0xffffffff
core   0: 0x80004ea8 (0x037e4bb3) div     s7, t3, s7
core   0: 3 0x80004ea8 (0x037e4bb3) x23 0xffffffff
core   0: 0x80004eac (0x00006145) c.addi16sp sp, 48
core   0: 3 0x80004eac (0x6145) x 2 0x0000034e
core   0: 0x80004eae (0x026f8d33) mul     s10, t6, t1
core   0: 3 0x80004eae (0x026f8d33) x26 0x00000000
core   0: 0x80004eb2 (0x40a151b3) sra     gp, sp, a0
core   0: 3 0x80004eb2 (0x40a151b3) x 3 0x00000000
core   0: 0x80004eb6 (0x00008ec1) c.or    a3, s0
core   0: 3 0x80004eb6 (0x8ec1) x13 0x00000003
core   0: 0x80004eb8 (0xa94c3d93) sltiu   s11, s8, -1388
core   0: 3 0x80004eb8 (0xa94c3d93) x27 0x00000001
core   0: 0x80004ebc (0x1f476a13) ori     s4, a4, 500
core   0: 3 0x80004ebc (0x1f476a13) x20 0xffffffff
core   0: 0x80004ec0 (0x7e136793) ori     a5, t1, 2017
core   0: 3 0x80004ec0 (0x7e136793) x15 0x000007eb
core   0: 0x80004ec4 (0x034394b3) mulh    s1, t2, s4
core   0: 3 0x80004ec4 (0x034394b3) x 9 0x00000000
core   0: 0x80004ec8 (0x4a107a93) andi    s5, zero, 1185
core   0: 3 0x80004ec8 (0x4a107a93) x21 0x00000000
core   0: 0x80004ecc (0x0000e0a1) c.bnez  s1, pc + 64
core   0: 3 0x80004ecc (0xe0a1)
core   0: 0x80004ece (0x00005e7d) c.li    t3, -1
core   0: 3 0x80004ece (0x5e7d) x28 0xffffffff
core   0: 0x80004ed0 (0x0102f933) and     s2, t0, a6
core   0: 3 0x80004ed0 (0x0102f933) x18 0x00000002
core   0: 0x80004ed4 (0x017e21b3) slt     gp, t3, s7
core   0: 3 0x80004ed4 (0x017e21b3) x 3 0x00000000
core   0: 0x80004ed8 (0xdfd2b493) sltiu   s1, t0, -515
core   0: 3 0x80004ed8 (0xdfd2b493) x 9 0x00000001
core   0: 0x80004edc (0x009dda93) srli    s5, s11, 9
core   0: 3 0x80004edc (0x009dda93) x21 0x00000000
core   0: 0x80004ee0 (0x00006e5d) c.lui   t3, 0x17
core   0: 3 0x80004ee0 (0x6e5d) x28 0x00017000
core   0: 0x80004ee2 (0x00006469) c.lui   s0, 0x1a
core   0: 3 0x80004ee2 (0x6469) x 8 0x0001a000
core   0: 0x80004ee4 (0xcbb4bf37) lui     t5, 0xcbb4b
core   0: 3 0x80004ee4 (0xcbb4bf37) x30 0xcbb4b000
core   0: 0x80004ee8 (0x78cf4313) xori    t1, t5, 1932
core   0: 3 0x80004ee8 (0x78cf4313) x 6 0xcbb4b78c
core   0: 0x80004eec (0x01b584b3) add     s1, a1, s11
core   0: 3 0x80004eec (0x01b584b3) x 9 0x00000003
core   0: 0x80004ef0 (0x00009afd) c.andi  a3, -1
core   0: 3 0x80004ef0 (0x9afd) x13 0x00000003
core   0: 0x80004ef2 (0x00004a1d) c.li    s4, 7
core   0: 3 0x80004ef2 (0x4a1d) x20 0x00000007
core   0: 0x80004ef4 (0x0ff0000f) fence   iorw,iorw
core   0: 3 0x80004ef4 (0x0ff0000f)
core   0: 0x80004ef8 (0x00c7e0b3) or      ra, a5, a2
core   0: 3 0x80004ef8 (0x00c7e0b3) x 1 0xffffffef
core   0: 0x80004efc (0xe5fab213) sltiu   tp, s5, -417
core   0: 3 0x80004efc (0xe5fab213) x 4 0x00000001
core   0: 0x80004f00 (0x768b1ab7) lui     s5, 0x768b1
core   0: 3 0x80004f00 (0x768b1ab7) x21 0x768b1000
core   0: 0x80004f04 (0x009ce133) or      sp, s9, s1
core   0: 3 0x80004f04 (0x009ce133) x 2 0xffffff87
core   0: 0x80004f08 (0x00095333) srl     t1, s2, zero
core   0: 3 0x80004f08 (0x00095333) x 6 0x00000002
core   0: 0x80004f0c (0x0366afb3) mulhsu  t6, a3, s6
core   0: 3 0x80004f0c (0x0366afb3) x31 0x00000000
core   0: 0x80004f10 (0xc7f4a593) slti    a1, s1, -897
core   0: 3 0x80004f10 (0xc7f4a593) x11 0x00000000
core   0: 0x80004f14 (0x00000746) c.slli  a4, 17
core   0: 3 0x80004f14 (0x0746) x14 0xfffe0000
core   0: 0x80004f16 (0x00008cce) c.mv    s9, s3
core   0: 3 0x80004f16 (0x8cce) x25 0x80022e64
core   0: 0x80004f18 (0x00008d3d) c.xor   a0, a5
core   0: 3 0x80004f18 (0x8d3d) x10 0xfffff8c4
core   0: 0x80004f1a (0x01f29f63) bne     t0, t6, pc + 30
core   0: 3 0x80004f1a (0x01f29f63)
core   0: 0x80004f38 (0x00008c71) c.and   s0, a2
core   0: 3 0x80004f38 (0x8c71) x 8 0x0001a000
core   0: 0x80004f3a (0x03422e93) slti    t4, tp, 52
core   0: 3 0x80004f3a (0x03422e93) x29 0x00000001
core   0: 0x80004f3e (0x02343233) mulhu   tp, s0, gp
core   0: 3 0x80004f3e (0x02343233) x 4 0x00000000
core   0: 0x80004f42 (0x4000d813) srai    a6, ra, 0
core   0: 3 0x80004f42 (0x4000d813) x16 0xffffffef
core   0: 0x80004f46 (0x41375c93) srai    s9, a4, 19
core   0: 3 0x80004f46 (0x41375c93) x25 0xffffffff
core   0: 0x80004f4a (0x000085e1) c.srai  a1, 24
core   0: 3 0x80004f4a (0x85e1) x11 0x00000000
core   0: 0x80004f4c (0x0177d733) srl     a4, a5, s7
core   0: 3 0x80004f4c (0x0177d733) x14 0x00000000
core   0: 0x80004f50 (0xf18b8693) addi    a3, s7, -232
core   0: 3 0x80004f50 (0xf18b8693) x13 0xffffff17
core   0: 0x80004f54 (0x0000437d) c.li    t1, 31
core   0: 3 0x80004f54 (0x437d) x 6 0x0000001f
core   0: 0x80004f56 (0x407c07b3) sub     a5, s8, t2
core   0: 3 0x80004f56 (0x407c07b3) x15 0x7ffd931c
core   0: 0x80004f5a (0x01412833) slt     a6, sp, s4
core   0: 3 0x80004f5a (0x01412833) x16 0x00000001
core   0: 0x80004f5e (0x00631e33) sll     t3, t1, t1
core   0: 3 0x80004f5e (0x00631e33) x28 0x80000000
core   0: 0x80004f62 (0x015dc5b3) xor     a1, s11, s5
core   0: 3 0x80004f62 (0x015dc5b3) x11 0x768b1001
core   0: 0x80004f66 (0x0000100f) fence.i
core   0: 3 0x80004f66 (0x0000100f)
core   0: 0x80004f6a (0x411706b3) sub     a3, a4, a7
core   0: 3 0x80004f6a (0x411706b3) x13 0x00000001
core   0: 0x80004f6e (0x00000001) c.nop
core   0: 3 0x80004f6e (0x0001)
core   0: 0x80004f70 (0x00008eb1) c.xor   a3, a2
core   0: 3 0x80004f70 (0x8eb1) x13 0xffffff2f
core   0: 0x80004f72 (0x000057fd) c.li    a5, -1
core   0: 3 0x80004f72 (0x57fd) x15 0xffffffff
core   0: 0x80004f74 (0x04838a93) addi    s5, t2, 72
core   0: 3 0x80004f74 (0x04838a93) x21 0x80026d2c
core   0: 0x80004f78 (0x41e90db3) sub     s11, s2, t5
core   0: 3 0x80004f78 (0x41e90db3) x27 0x344b5002
core   0: 0x80004f7c (0x000008f2) c.slli  a7, 28
core   0: 3 0x80004f7c (0x08f2) x17 0xf0000000
core   0: 0x80004f7e (0x76d80093) addi    ra, a6, 1901
core   0: 3 0x80004f7e (0x76d80093) x 1 0x0000076e
core   0: 0x80004f82 (0x00000001) c.nop
core   0: 3 0x80004f82 (0x0001)
core   0: 0x80004f84 (0x0000100f) fence.i
core   0: 3 0x80004f84 (0x0000100f)
core   0: 0x80004f88 (0x00008d9d) c.sub   a1, a5
core   0: 3 0x80004f88 (0x8d9d) x11 0x768b1002
core   0: 0x80004f8a (0x00ad6533) or      a0, s10, a0
core   0: 3 0x80004f8a (0x00ad6533) x10 0xfffff8c4
core   0: 0x80004f8e (0x0000032a) c.slli  t1, 10
core   0: 3 0x80004f8e (0x032a) x 6 0x00007c00
core   0: 0x80004f90 (0x02c49463) bne     s1, a2, pc + 40
core   0: 3 0x80004f90 (0x02c49463)
core   0: 0x80004fb8 (0x02538663) beq     t2, t0, pc + 44
core   0: 3 0x80004fb8 (0x02538663)
core   0: 0x80004fbc (0x7f18cf13) xori    t5, a7, 2033
core   0: 3 0x80004fbc (0x7f18cf13) x30 0xf00007f1
core   0: 0x80004fc0 (0x01627833) and     a6, tp, s6
core   0: 3 0x80004fc0 (0x01627833) x16 0x00000000
core   0: 0x80004fc4 (0x00c01763) bne     zero, a2, pc + 14
core   0: 3 0x80004fc4 (0x00c01763)
core   0: 0x80004fd2 (0x33fea213) slti    tp, t4, 831
core   0: 3 0x80004fd2 (0x33fea213) x 4 0x00000001
core   0: 0x80004fd6 (0xb5197f13) andi    t5, s2, -1199
core   0: 3 0x80004fd6 (0xb5197f13) x30 0x00000000
core   0: 0x80004fda (0x00008e49) c.or    a2, a0
core   0: 3 0x80004fda (0x8e49) x12 0xffffffee
core   0: 0x80004fdc (0x02fb9db3) mulh    s11, s7, a5
core   0: 3 0x80004fdc (0x02fb9db3) x27 0x00000000
core   0: 0x80004fe0 (0x00005c7d) c.li    s8, -1
core   0: 3 0x80004fe0 (0x5c7d) x24 0xffffffff
core   0: 0x80004fe2 (0x00008ca5) c.xor   s1, s1
core   0: 3 0x80004fe2 (0x8ca5) x 9 0x00000000
core   0: 0x80004fe4 (0x0000100f) fence.i
core   0: 3 0x80004fe4 (0x0000100f)
core   0: 0x80004fe8 (0x035bec63) bltu    s7, s5, pc + 56
core   0: 3 0x80004fe8 (0x035bec63)
core   0: 0x80004fec (0x01739b33) sll     s6, t2, s7
core   0: 3 0x80004fec (0x01739b33) x22 0x00000000
core   0: 0x80004ff0 (0x05e6d463) bge     a3, t5, pc + 72
core   0: 3 0x80004ff0 (0x05e6d463)
core   0: 0x80004ff4 (0x000005a6) c.slli  a1, 9
core   0: 3 0x80004ff4 (0x05a6) x11 0x16200400
core   0: 0x80004ff6 (0x005fd693) srli    a3, t6, 5
core   0: 3 0x80004ff6 (0x005fd693) x13 0x00000000
core   0: 0x80004ffa (0x55300193) li      gp, 1363
core   0: 3 0x80004ffa (0x55300193) x 3 0x00000553
core   0: 0x80004ffe (0x00d8ed33) or      s10, a7, a3
core   0: 3 0x80004ffe (0x00d8ed33) x26 0xf0000000
core   0: 0x80005002 (0x0000100f) fence.i
core   0: 3 0x80005002 (0x0000100f)
core   0: 0x80005006 (0x03251433) mulh    s0, a0, s2
core   0: 3 0x80005006 (0x03251433) x 8 0xffffffff
core   0: 0x8000500a (0x00009d06) c.add   s10, ra
core   0: 3 0x8000500a (0x9d06) x26 0xf000076e
core   0: 0x8000500c (0x01687463) bgeu    a6, s6, pc + 8
core   0: 3 0x8000500c (0x01687463)
core   0: 0x80005014 (0x04cc4163) blt     s8, a2, pc + 66
core   0: 3 0x80005014 (0x04cc4163)
core   0: 0x80005018 (0x03fcc7b3) div     a5, s9, t6
core   0: 3 0x80005018 (0x03fcc7b3) x15 0xffffffff
core   0: 0x8000501c (0x01edfe63) bgeu    s11, t5, pc + 28
core   0: 3 0x8000501c (0x01edfe63)
core   0: 0x80005038 (0xabb116b7) lui     a3, 0xabb11
core   0: 3 0x80005038 (0xabb116b7) x13 0xabb11000
core   0: 0x8000503c (0x00b19c33) sll     s8, gp, a1
core   0: 3 0x8000503c (0x00b19c33) x24 0x00000553
core   0: 0x80005040 (0x03745863) bge     s0, s7, pc + 48
core   0: 3 0x80005040 (0x03745863)
core   0: 0x80005070 (0x36d0b637) lui     a2, 0x36d0b
core   0: 3 0x80005070 (0x36d0b637) x12 0x36d0b000
core   0: 0x80005074 (0x013d0333) add     t1, s10, s3
core   0: 3 0x80005074 (0x013d0333) x 6 0x700235d2
core   0: 0x80005078 (0x02c185b3) mul     a1, gp, a2
core   0: 3 0x80005078 (0x02c185b3) x11 0xd9191000
core   0: 0x8000507c (0x35c9c7b7) lui     a5, 0x35c9c
core   0: 3 0x8000507c (0x35c9c7b7) x15 0x35c9c000
core   0: 0x80005080 (0x0111dc63) bge     gp, a7, pc + 24
core   0: 3 0x80005080 (0x0111dc63)
core   0: 0x80005098 (0x00008d51) c.or    a0, a2
core   0: 3 0x80005098 (0x8d51) x10 0xfffff8c4
core   0: 0x8000509a (0x00259263) bne     a1, sp, pc + 4
core   0: 3 0x8000509a (0x00259263)
core   0: 0x8000509e (0x00000459) c.addi  s0, 22
core   0: 3 0x8000509e (0x0459) x 8 0x00000015
core   0: 0x800050a0 (0x00500493) li      s1, 5
core   0: 3 0x800050a0 (0x00500493) x 9 0x00000005
core   0: 0x800050a4 (0x00300e13) li      t3, 3
core   0: 3 0x800050a4 (0x00300e13) x28 0x00000003
core   0: 0x800050a8 (0x02719bb3) mulh    s7, gp, t2
core   0: 3 0x800050a8 (0x02719bb3) x23 0xfffffd56
core   0: 0x800050ac (0x000067c9) c.lui   a5, 0x12
core   0: 3 0x800050ac (0x67c9) x15 0x00012000
core   0: 0x800050ae (0x000014f9) c.addi  s1, -2
core   0: 3 0x800050ae (0x14f9) x 9 0x00000003
core   0: 0x800050b0 (0x00000001) c.nop
core   0: 3 0x800050b0 (0x0001)
core   0: 0x800050b2 (0x00004cb5) c.li    s9, 13
core   0: 3 0x800050b2 (0x4cb5) x25 0x0000000d
core   0: 0x800050b4 (0x00400e93) li      t4, 4
core   0: 3 0x800050b4 (0x00400e93) x29 0x00000004
core   0: 0x800050b8 (0x03e59cb3) mulh    s9, a1, t5
core   0: 3 0x800050b8 (0x03e59cb3) x25 0x00000000
core   0: 0x800050bc (0x01200d13) li      s10, 18
core   0: 3 0x800050bc (0x01200d13) x26 0x00000012
core   0: 0x800050c0 (0x02fd3833) mulhu   a6, s10, a5
core   0: 3 0x800050c0 (0x02fd3833) x16 0x00000000
core   0: 0x800050c4 (0x00000e9d) c.addi  t4, 7
core   0: 3 0x800050c4 (0x0e9d) x29 0x0000000b
core   0: 0x800050c6 (0xffaeede3) bltu    t4, s10, pc - 6
core   0: 3 0x800050c6 (0xffaeede3)
core   0: 0x800050c0 (0x02fd3833) mulhu   a6, s10, a5
core   0: 3 0x800050c0 (0x02fd3833) x16 0x00000000
core   0: 0x800050c4 (0x00000e9d) c.addi  t4, 7
core   0: 3 0x800050c4 (0x0e9d) x29 0x00000012
core   0: 0x800050c6 (0xffaeede3) bltu    t4, s10, pc - 6
core   0: 3 0x800050c6 (0xffaeede3)
core   0: 0x800050ca (0x4136dc13) srai    s8, a3, 19
core   0: 3 0x800050ca (0x4136dc13) x24 0xfffff576
core   0: 0x800050ce (0x680f5437) lui     s0, 0x680f5
core   0: 3 0x800050ce (0x680f5437) x 8 0x680f5000
core   0: 0x800050d2 (0xfdc4fbe3) bgeu    s1, t3, pc - 42
core   0: 3 0x800050d2 (0xfdc4fbe3)
core   0: 0x800050a8 (0x02719bb3) mulh    s7, gp, t2
core   0: 3 0x800050a8 (0x02719bb3) x23 0xfffffd56
core   0: 0x800050ac (0x000067c9) c.lui   a5, 0x12
core   0: 3 0x800050ac (0x67c9) x15 0x00012000
core   0: 0x800050ae (0x000014f9) c.addi  s1, -2
core   0: 3 0x800050ae (0x14f9) x 9 0x00000001
core   0: 0x800050b0 (0x00000001) c.nop
core   0: 3 0x800050b0 (0x0001)
core   0: 0x800050b2 (0x00004cb5) c.li    s9, 13
core   0: 3 0x800050b2 (0x4cb5) x25 0x0000000d
core   0: 0x800050b4 (0x00400e93) li      t4, 4
core   0: 3 0x800050b4 (0x00400e93) x29 0x00000004
core   0: 0x800050b8 (0x03e59cb3) mulh    s9, a1, t5
core   0: 3 0x800050b8 (0x03e59cb3) x25 0x00000000
core   0: 0x800050bc (0x01200d13) li      s10, 18
core   0: 3 0x800050bc (0x01200d13) x26 0x00000012
core   0: 0x800050c0 (0x02fd3833) mulhu   a6, s10, a5
core   0: 3 0x800050c0 (0x02fd3833) x16 0x00000000
core   0: 0x800050c4 (0x00000e9d) c.addi  t4, 7
core   0: 3 0x800050c4 (0x0e9d) x29 0x0000000b
core   0: 0x800050c6 (0xffaeede3) bltu    t4, s10, pc - 6
core   0: 3 0x800050c6 (0xffaeede3)
core   0: 0x800050c0 (0x02fd3833) mulhu   a6, s10, a5
core   0: 3 0x800050c0 (0x02fd3833) x16 0x00000000
core   0: 0x800050c4 (0x00000e9d) c.addi  t4, 7
core   0: 3 0x800050c4 (0x0e9d) x29 0x00000012
core   0: 0x800050c6 (0xffaeede3) bltu    t4, s10, pc - 6
core   0: 3 0x800050c6 (0xffaeede3)
core   0: 0x800050ca (0x4136dc13) srai    s8, a3, 19
core   0: 3 0x800050ca (0x4136dc13) x24 0xfffff576
core   0: 0x800050ce (0x680f5437) lui     s0, 0x680f5
core   0: 3 0x800050ce (0x680f5437) x 8 0x680f5000
core   0: 0x800050d2 (0xfdc4fbe3) bgeu    s1, t3, pc - 42
core   0: 3 0x800050d2 (0xfdc4fbe3)
core   0: 0x800050d6 (0x00000001) c.nop
core   0: 3 0x800050d6 (0x0001)
core   0: 0x800050d8 (0x00001d7d) c.addi  s10, -1
core   0: 3 0x800050d8 (0x1d7d) x26 0x00000011
core   0: 0x800050da (0x93cdb313) sltiu   t1, s11, -1732
core   0: 3 0x800050da (0x93cdb313) x 6 0x00000001
core   0: 0x800050de (0x00000779) c.addi  a4, 30
core   0: 3 0x800050de (0x0779) x14 0x0000001e
core   0: 0x800050e0 (0x025980b3) mul     ra, s3, t0
core   0: 3 0x800050e0 (0x025980b3) x 1 0x00045cc8
core   0: 0x800050e4 (0x0000840d) c.srai  s0, 3
core   0: 3 0x800050e4 (0x840d) x 8 0x0d01ea00
core   0: 0x800050e6 (0x03986b33) rem     s6, a6, s9
core   0: 3 0x800050e6 (0x03986b33) x22 0x00000000
core   0: 0x800050ea (0x25c9ab93) slti    s7, s3, 604
core   0: 3 0x800050ea (0x25c9ab93) x23 0x00000001
core   0: 0x800050ee (0x01c92eb3) slt     t4, s2, t3
core   0: 3 0x800050ee (0x01c92eb3) x29 0x00000001
core   0: 0x800050f2 (0x01175563) bge     a4, a7, pc + 10
core   0: 3 0x800050f2 (0x01175563)
core   0: 0x800050fc (0x000b81b3) add     gp, s7, zero
core   0: 3 0x800050fc (0x000b81b3) x 3 0x00000001
core   0: 0x80005100 (0x41508cb3) sub     s9, ra, s5
core   0: 3 0x80005100 (0x41508cb3) x25 0x8001ef9c
core   0: 0x80005104 (0x00f621b3) slt     gp, a2, a5
core   0: 3 0x80005104 (0x00f621b3) x 3 0x00000000
core   0: 0x80005108 (0x0000100f) fence.i
core   0: 3 0x80005108 (0x0000100f)
core   0: 0x8000510c (0x00207bb3) and     s7, zero, sp
core   0: 3 0x8000510c (0x00207bb3) x23 0x00000000
core   0: 0x80005110 (0x41b00bb3) sub     s7, zero, s11
core   0: 3 0x80005110 (0x41b00bb3) x23 0x00000000
core   0: 0x80005114 (0x000098f6) c.add   a7, t4
core   0: 3 0x80005114 (0x98f6) x17 0xf0000001
core   0: 0x80005116 (0x01be1263) bne     t3, s11, pc + 4
core   0: 3 0x80005116 (0x01be1263)
core   0: 0x8000511a (0x00008425) c.srai  s0, 9
core   0: 3 0x8000511a (0x8425) x 8 0x000680f5
core   0: 0x8000511c (0x05f87763) bgeu    a6, t6, pc + 78
core   0: 3 0x8000511c (0x05f87763)
core   0: 0x8000516a (0x0055d513) srli    a0, a1, 5
core   0: 3 0x8000516a (0x0055d513) x10 0x06c8c880
core   0: 0x8000516e (0x0000e391) c.bnez  a5, pc + 4
core   0: 3 0x8000516e (0xe391)
core   0: 0x80005172 (0x00006145) c.addi16sp sp, 48
core   0: 3 0x80005172 (0x6145) x 2 0xffffffb7
core   0: 0x80005174 (0xbe30cd13) xori    s10, ra, -1053
core   0: 3 0x80005174 (0xbe30cd13) x26 0xfffba72b
core   0: 0x80005178 (0x0000177d) c.addi  a4, -1
core   0: 3 0x80005178 (0x177d) x14 0x0000001d
core   0: 0x8000517a (0x01368ab3) add     s5, a3, s3
core   0: 3 0x8000517a (0x01368ab3) x21 0x2bb33e64
core   0: 0x8000517e (0x00008ee5) c.and   a3, s1
core   0: 3 0x8000517e (0x8ee5) x13 0x00000000
core   0: 0x80005180 (0x02f9bdb3) mulhu   s11, s3, a5
core   0: 3 0x80005180 (0x02f9bdb3) x27 0x00009002
core   0: 0x80005184 (0x758d7a93) andi    s5, s10, 1880
core   0: 3 0x80005184 (0x758d7a93) x21 0x00000708
core   0: 0x80005188 (0x00008d21) c.xor   a0, s0
core   0: 3 0x80005188 (0x8d21) x10 0x06ce4875
core   0: 0x8000518a (0x0000e999) c.bnez  a1, pc + 22
core   0: 3 0x8000518a (0xe999)
core   0: 0x800051a0 (0x00c20263) beq     tp, a2, pc + 4
core   0: 3 0x800051a0 (0x00c20263)
core   0: 0x800051a4 (0x026a4bb7) lui     s7, 0x26a4
core   0: 3 0x800051a4 (0x026a4bb7) x23 0x026a4000
core   0: 0x800051a8 (0x015d58b3) srl     a7, s10, s5
core   0: 3 0x800051a8 (0x015d58b3) x17 0x00fffba7
core   0: 0x800051ac (0x0124eeb3) or      t4, s1, s2
core   0: 3 0x800051ac (0x0124eeb3) x29 0x00000003
core   0: 0x800051b0 (0x01c17bb3) and     s7, sp, t3
core   0: 3 0x800051b0 (0x01c17bb3) x23 0x00000003
core   0: 0x800051b4 (0x805e2c13) slti    s8, t3, -2043
core   0: 3 0x800051b4 (0x805e2c13) x24 0x00000000
core   0: 0x800051b8 (0x409c55b3) sra     a1, s8, s1
core   0: 3 0x800051b8 (0x409c55b3) x11 0x00000000
core   0: 0x800051bc (0x03801b33) mulh    s6, zero, s8
core   0: 3 0x800051bc (0x03801b33) x22 0x00000000
core   0: 0x800051c0 (0x00469633) sll     a2, a3, tp
core   0: 3 0x800051c0 (0x00469633) x12 0x00000000
core   0: 0x800051c4 (0x00000eaa) c.slli  t4, 10
core   0: 3 0x800051c4 (0x0eaa) x29 0x00000c00
core   0: 0x800051c6 (0x025877b3) remu    a5, a6, t0
core   0: 3 0x800051c6 (0x025877b3) x15 0x00000000
core   0: 0x800051ca (0xbd177013) andi    zero, a4, -1071
core   0: 3 0x800051ca (0xbd177013)
core   0: 0x800051ce (0x000081f2) c.mv    gp, t3
core   0: 3 0x800051ce (0x81f2) x 3 0x00000003
core   0: 0x800051d0 (0x03e72cb3) mulhsu  s9, a4, t5
core   0: 3 0x800051d0 (0x03e72cb3) x25 0x00000000
core   0: 0x800051d4 (0x025805b3) mul     a1, a6, t0
core   0: 3 0x800051d4 (0x025805b3) x11 0x00000000
core   0: 0x800051d8 (0x00001ffd) c.addi  t6, -1
core   0: 3 0x800051d8 (0x1ffd) x31 0xffffffff
core   0: 0x800051da (0x0154afb3) slt     t6, s1, s5
core   0: 3 0x800051da (0x0154afb3) x31 0x00000001
core   0: 0x800051de (0x00900593) li      a1, 9
core   0: 3 0x800051de (0x00900593) x11 0x00000009
core   0: 0x800051e2 (0x00600213) li      tp, 6
core   0: 3 0x800051e2 (0x00600213) x 4 0x00000006
core   0: 0x800051e6 (0x000090fa) c.add   ra, t5
core   0: 3 0x800051e6 (0x90fa) x 1 0x00045cc8
core   0: 0x800051e8 (0x000015ed) c.addi  a1, -5
core   0: 3 0x800051e8 (0x15ed) x11 0x00000004
core   0: 0x800051ea (0x01ee1033) sll     zero, t3, t5
core   0: 3 0x800051ea (0x01ee1033)
core   0: 0x800051ee (0x0033edb3) or      s11, t2, gp
core   0: 3 0x800051ee (0x0033edb3) x27 0x80026ce7
core   0: 0x800051f2 (0x00001a00) c.addi4spn s0, sp, 304
core   0: 3 0x800051f2 (0x1a00) x 8 0x000000e7
core   0: 0x800051f4 (0x031b3433) mulhu   s0, s6, a7
core   0: 3 0x800051f4 (0x031b3433) x 8 0x00000000
core   0: 0x800051f8 (0xfe45f7e3) bgeu    a1, tp, pc - 18
core   0: 3 0x800051f8 (0xfe45f7e3)
core   0: 0x800051fc (0x01967a33) and     s4, a2, s9
core   0: 3 0x800051fc (0x01967a33) x20 0x00000000
core   0: 0x80005200 (0x378140b7) lui     ra, 0x37814
core   0: 3 0x80005200 (0x378140b7) x 1 0x37814000
core   0: 0x80005204 (0x0000821d) c.srli  a2, 7
core   0: 3 0x80005204 (0x821d) x12 0x00000000
core   0: 0x80005206 (0x01f70c63) beq     a4, t6, pc + 24
core   0: 3 0x80005206 (0x01f70c63)
core   0: 0x8000520a (0x0140d663) bge     ra, s4, pc + 12
core   0: 3 0x8000520a (0x0140d663)
core   0: 0x80005216 (0x003ee4b3) or      s1, t4, gp
core   0: 3 0x80005216 (0x003ee4b3) x 9 0x00000c03
core   0: 0x8000521a (0x00a65a93) srli    s5, a2, 10
core   0: 3 0x8000521a (0x00a65a93) x21 0x00000000
core   0: 0x8000521e (0x0000177d) c.addi  a4, -1
core   0: 3 0x8000521e (0x177d) x14 0x0000001c
core   0: 0x80005220 (0x00008c29) c.xor   s0, a0
core   0: 3 0x80005220 (0x8c29) x 8 0x06ce4875
core   0: 0x80005222 (0x00008ff1) c.and   a5, a2
core   0: 3 0x80005222 (0x8ff1) x15 0x00000000
core   0: 0x80005224 (0x0ff0000f) fence   iorw,iorw
core   0: 3 0x80005224 (0x0ff0000f)
core   0: 0x80005228 (0x0000cf19) c.beqz  a4, pc + 30
core   0: 3 0x80005228 (0xcf19)
core   0: 0x8000522a (0x03d4c163) blt     s1, t4, pc + 34
core   0: 3 0x8000522a (0x03d4c163)
core   0: 0x8000522e (0x03c3ec33) rem     s8, t2, t3
core   0: 3 0x8000522e (0x03c3ec33) x24 0x00000000
core   0: 0x80005232 (0x0000100f) fence.i
core   0: 3 0x80005232 (0x0000100f)
core   0: 0x80005236 (0x0cc6eb13) ori     s6, a3, 204
core   0: 3 0x80005236 (0x0cc6eb13) x22 0x000000cc
core   0: 0x8000523a (0x02d45f33) divu    t5, s0, a3
core   0: 3 0x8000523a (0x02d45f33) x30 0xffffffff
core   0: 0x8000523e (0x032a9333) mulh    t1, s5, s2
core   0: 3 0x8000523e (0x032a9333) x 6 0x00000000
core   0: 0x80005242 (0x6b51ce13) xori    t3, gp, 1717
core   0: 3 0x80005242 (0x6b51ce13) x28 0x000006b6
core   0: 0x80005246 (0x0283a933) mulhsu  s2, t2, s0
core   0: 3 0x80005246 (0x0283a933) x18 0xfc98ec47
core   0: 0x8000524a (0x0000cd39) c.beqz  a0, pc + 94
core   0: 3 0x8000524a (0xcd39)
core   0: 0x8000524c (0x0ff0000f) fence   iorw,iorw
core   0: 3 0x8000524c (0x0ff0000f)
core   0: 0x80005250 (0xf5bc4d13) xori    s10, s8, -165
core   0: 3 0x80005250 (0xf5bc4d13) x26 0xffffff5b
core   0: 0x80005254 (0x00008f19) c.sub   a4, a4
core   0: 3 0x80005254 (0x8f19) x14 0x00000000
core   0: 0x80005256 (0x06169b63) bne     a3, ra, pc + 118
core   0: 3 0x80005256 (0x06169b63)
core   0: 0x800052cc (0x031757b3) divu    a5, a4, a7
core   0: 3 0x800052cc (0x031757b3) x15 0x00000000
core   0: 0x800052d0 (0x034d8f33) mul     t5, s11, s4
core   0: 3 0x800052d0 (0x034d8f33) x30 0x00000000
core   0: 0x800052d4 (0x0368c563) blt     a7, s6, pc + 42
core   0: 3 0x800052d4 (0x0368c563)
core   0: 0x800052d8 (0x00008e25) c.xor   a2, s1
core   0: 3 0x800052d8 (0x8e25) x12 0x00000c03
core   0: 0x800052da (0x00000586) c.slli  a1, 1
core   0: 3 0x800052da (0x0586) x11 0x00000008
core   0: 0x800052dc (0x0046cfb3) xor     t6, a3, tp
core   0: 3 0x800052dc (0x0046cfb3) x31 0x00000006
core   0: 0x800052e0 (0x03a18cb3) mul     s9, gp, s10
core   0: 3 0x800052e0 (0x03a18cb3) x25 0xfffffe11
core   0: 0x800052e4 (0x019ab8b3) sltu    a7, s5, s9
core   0: 3 0x800052e4 (0x019ab8b3) x17 0x00000001
core   0: 0x800052e8 (0x00e8ca33) xor     s4, a7, a4
core   0: 3 0x800052e8 (0x00e8ca33) x20 0x00000001
core   0: 0x800052ec (0x029d2a33) mulhsu  s4, s10, s1
core   0: 3 0x800052ec (0x029d2a33) x20 0xffffffff
core   0: 0x800052f0 (0x0000e319) c.bnez  a4, pc + 6
core   0: 3 0x800052f0 (0xe319)
core   0: 0x800052f2 (0x0278feb3) remu    t4, a7, t2
core   0: 3 0x800052f2 (0x0278feb3) x29 0x00000001
core   0: 0x800052f6 (0x0047c6b3) xor     a3, a5, tp
core   0: 3 0x800052f6 (0x0047c6b3) x13 0x00000006
core   0: 0x800052fa (0x0ff0000f) fence   iorw,iorw
core   0: 3 0x800052fa (0x0ff0000f)
core   0: 0x800052fe (0xf7987c37) lui     s8, 0xf7987
core   0: 3 0x800052fe (0xf7987c37) x24 0xf7987000
core   0: 0x80005302 (0x00008aa6) c.mv    s5, s1
core   0: 3 0x80005302 (0x8aa6) x21 0x00000c03
core   0: 0x80005304 (0x021696b3) mulh    a3, a3, ra
core   0: 3 0x80005304 (0x021696b3) x13 0x00000001
core   0: 0x80005308 (0x001c2b33) slt     s6, s8, ra
core   0: 3 0x80005308 (0x001c2b33) x22 0x00000001
core   0: 0x8000530c (0x8250d717) auipc   a4, 0x8250d
core   0: 3 0x8000530c (0x8250d717) x14 0x0251230c
core   0: 0x80005310 (0x01916f33) or      t5, sp, s9
core   0: 3 0x80005310 (0x01916f33) x30 0xffffffb7
core   0: 0x80005314 (0x03eb6333) rem     t1, s6, t5
core   0: 3 0x80005314 (0x03eb6333) x 6 0x00000001
core   0: 0x80005318 (0x00000001) c.nop
core   0: 3 0x80005318 (0x0001)
core   0: 0x8000531a (0x86380d93) addi    s11, a6, -1949
core   0: 3 0x8000531a (0x86380d93) x27 0xfffff863
core   0: 0x8000531e (0x00005efd) c.li    t4, -1
core   0: 3 0x8000531e (0x5efd) x29 0xffffffff
core   0: 0x80005320 (0x03056433) rem     s0, a0, a6
core   0: 3 0x80005320 (0x03056433) x 8 0x06ce4875
core   0: 0x80005324 (0xd6f64e13) xori    t3, a2, -657
core   0: 3 0x80005324 (0xd6f64e13) x28 0xfffff16c
core   0: 0x80005328 (0x03fbcab3) div     s5, s7, t6
core   0: 3 0x80005328 (0x03fbcab3) x21 0x00000000
core   0: 0x8000532c (0x00000a80) c.addi4spn s0, sp, 336
core   0: 3 0x8000532c (0x0a80) x 8 0x00000107
core   0: 0x8000532e (0x00006fdd) c.lui   t6, 0x17
core   0: 3 0x8000532e (0x6fdd) x31 0x00017000
core   0: 0x80005330 (0x03fcfb63) bgeu    s9, t6, pc + 54
core   0: 3 0x80005330 (0x03fcfb63)
core   0: 0x80005366 (0x02f55db3) divu    s11, a0, a5
core   0: 3 0x80005366 (0x02f55db3) x27 0xffffffff
core   0: 0x8000536a (0x02ed7b63) bgeu    s10, a4, pc + 54
core   0: 3 0x8000536a (0x02ed7b63)
core   0: 0x800053a0 (0x009b0663) beq     s6, s1, pc + 12
core   0: 3 0x800053a0 (0x009b0663)
core   0: 0x800053a4 (0x01913e93) sltiu   t4, sp, 25
core   0: 3 0x800053a4 (0x01913e93) x29 0x00000000
core   0: 0x800053a8 (0x039d4333) div     t1, s10, s9
core   0: 3 0x800053a8 (0x039d4333) x 6 0x00000000
core   0: 0x800053ac (0x00bcf533) and     a0, s9, a1
core   0: 3 0x800053ac (0x00bcf533) x10 0x00000000
core   0: 0x800053b0 (0x00008dad) c.xor   a1, a1
core   0: 3 0x800053b0 (0x8dad) x11 0x00000000
core   0: 0x800053b2 (0x0000100f) fence.i
core   0: 3 0x800053b2 (0x0000100f)
core   0: 0x800053b6 (0x000005f1) c.addi  a1, 28
core   0: 3 0x800053b6 (0x05f1) x11 0x0000001c
core   0: 0x800053b8 (0x00008752) c.mv    a4, s4
core   0: 3 0x800053b8 (0x8752) x14 0xffffffff
core   0: 0x800053ba (0x024751b3) divu    gp, a4, tp
core   0: 3 0x800053ba (0x024751b3) x 3 0x2aaaaaaa
core   0: 0x800053be (0x00485793) srli    a5, a6, 4
core   0: 3 0x800053be (0x00485793) x15 0x00000000
core   0: 0x800053c2 (0x016c9193) slli    gp, s9, 22
core   0: 3 0x800053c2 (0x016c9193) x 3 0x84400000
core   0: 0x800053c6 (0x00113333) sltu    t1, sp, ra
core   0: 3 0x800053c6 (0x00113333) x 6 0x00000000
core   0: 0x800053ca (0x02141533) mulh    a0, s0, ra
core   0: 3 0x800053ca (0x02141533) x10 0x00000039
core   0: 0x800053ce (0x00008dfd) c.and   a1, a5
core   0: 3 0x800053ce (0x8dfd) x11 0x00000000
core   0: 0x800053d0 (0x03622a33) mulhsu  s4, tp, s6
core   0: 3 0x800053d0 (0x03622a33) x20 0x00000000
core   0: 0x800053d4 (0x012f1233) sll     tp, t5, s2
core   0: 3 0x800053d4 (0x012f1233) x 4 0xffffdb80
core   0: 0x800053d8 (0x03c1f0b3) remu    ra, gp, t3
core   0: 3 0x800053d8 (0x03c1f0b3) x 1 0x84400000
core   0: 0x800053dc (0x002cfb33) and     s6, s9, sp
core   0: 3 0x800053dc (0x002cfb33) x22 0xfffffe11
core   0: 0x800053e0 (0x00cc5593) srli    a1, s8, 12
core   0: 3 0x800053e0 (0x00cc5593) x11 0x000f7987
core   0: 0x800053e4 (0x0000c581) c.beqz  a1, pc + 8
core   0: 3 0x800053e4 (0xc581)
core   0: 0x800053e6 (0x89054093) xori    ra, a0, -1904
core   0: 3 0x800053e6 (0x89054093) x 1 0xfffff8a9
core   0: 0x800053ea (0x00001910) c.addi4spn a2, sp, 176
core   0: 3 0x800053ea (0x1910) x12 0x00000067
core   0: 0x800053ec (0x41855213) srai    tp, a0, 24
core   0: 3 0x800053ec (0x41855213) x 4 0x00000000
core   0: 0x800053f0 (0x0000025e) c.slli  tp, 23
core   0: 3 0x800053f0 (0x025e) x 4 0x00000000
core   0: 0x800053f2 (0x41dad213) srai    tp, s5, 29
core   0: 3 0x800053f2 (0x41dad213) x 4 0x00000000
core   0: 0x800053f6 (0x01ce6ab3) or      s5, t3, t3
core   0: 3 0x800053f6 (0x01ce6ab3) x21 0xfffff16c
core   0: 0x800053fa (0x0248a933) mulhsu  s2, a7, tp
core   0: 3 0x800053fa (0x0248a933) x18 0x00000000
core   0: 0x800053fe (0x016595b3) sll     a1, a1, s6
core   0: 3 0x800053fe (0x016595b3) x11 0xf30e0000
core   0: 0x80005402 (0x035ad663) bge     s5, s5, pc + 44
core   0: 3 0x80005402 (0x035ad663)
core   0: 0x8000542e (0x01f466b3) or      a3, s0, t6
core   0: 3 0x8000542e (0x01f466b3) x13 0x00017107
core   0: 0x80005432 (0x00245113) srli    sp, s0, 2
core   0: 3 0x80005432 (0x00245113) x 2 0x00000041
core   0: 0x80005436 (0x40a35793) srai    a5, t1, 10
core   0: 3 0x80005436 (0x40a35793) x15 0x00000000
core   0: 0x8000543a (0x02cf0eb3) mul     t4, t5, a2
core   0: 3 0x8000543a (0x02cf0eb3) x29 0xffffe2a1
core   0: 0x8000543e (0x00008405) c.srai  s0, 1
core   0: 3 0x8000543e (0x8405) x 8 0x00000083
core   0: 0x80005440 (0x00009126) c.add   sp, s1
core   0: 3 0x80005440 (0x9126) x 2 0x00000c44
core   0: 0x80005442 (0x16b57f97) auipc   t6, 0x16b57
core   0: 3 0x80005442 (0x16b57f97) x31 0x96b5c442
core   0: 0x80005446 (0xc971f593) andi    a1, gp, -873
core   0: 3 0x80005446 (0xc971f593) x11 0x84400000
core   0: 0x8000544a (0x00008c55) c.or    s0, a3
core   0: 3 0x8000544a (0x8c55) x 8 0x00017187
core   0: 0x8000544c (0x009b0333) add     t1, s6, s1
core   0: 3 0x8000544c (0x009b0333) x 6 0x00000a14
core   0: 0x80005450 (0x414e5d93) srai    s11, t3, 20
core   0: 3 0x80005450 (0x414e5d93) x27 0xffffffff
core   0: 0x80005454 (0x014f9313) slli    t1, t6, 20
core   0: 3 0x80005454 (0x014f9313) x 6 0x44200000
core   0: 0x80005458 (0x7fd4ad93) slti    s11, s1, 2045
core   0: 3 0x80005458 (0x7fd4ad93) x27 0x00000000
core   0: 0x8000545c (0x00a13133) sltu    sp, sp, a0
core   0: 3 0x8000545c (0x00a13133) x 2 0x00000000
core   0: 0x80005460 (0x00000001) c.nop
core   0: 3 0x80005460 (0x0001)
core   0: 0x80005462 (0x000058fd) c.li    a7, -1
core   0: 3 0x80005462 (0x58fd) x17 0xffffffff
core   0: 0x80005464 (0xec918913) addi    s2, gp, -311
core   0: 3 0x80005464 (0xec918913) x18 0x843ffec9
core   0: 0x80005468 (0x0ff0000f) fence   iorw,iorw
core   0: 3 0x80005468 (0x0ff0000f)
core   0: 0x8000546c (0x93aa8213) addi    tp, s5, -1734
core   0: 3 0x8000546c (0x93aa8213) x 4 0xffffeaa6
core   0: 0x80005470 (0xba213113) sltiu   sp, sp, -1118
core   0: 3 0x80005470 (0xba213113) x 2 0x00000001
core   0: 0x80005474 (0x019dc133) xor     sp, s11, s9
core   0: 3 0x80005474 (0x019dc133) x 2 0xfffffe11
core   0: 0x80005478 (0x00000001) c.nop
core   0: 3 0x80005478 (0x0001)
core   0: 0x8000547a (0x00563133) sltu    sp, a2, t0
core   0: 3 0x8000547a (0x00563133) x 2 0x00000000
core   0: 0x8000547e (0x001e1db3) sll     s11, t3, ra
core   0: 3 0x8000547e (0x001e1db3) x27 0xffe2d800
core   0: 0x80005482 (0x0000100f) fence.i
core   0: 3 0x80005482 (0x0000100f)
core   0: 0x80005486 (0x0266acb3) mulhsu  s9, a3, t1
core   0: 3 0x80005486 (0x0266acb3) x25 0x00006233
core   0: 0x8000548a (0x0091ceb3) xor     t4, gp, s1
core   0: 3 0x8000548a (0x0091ceb3) x29 0x84400c03
core   0: 0x8000548e (0x0000717d) c.addi16sp sp, -16
core   0: 3 0x8000548e (0x717d) x 2 0xfffffff0
core   0: 0x80005490 (0x02964f63) blt     a2, s1, pc + 62
core   0: 3 0x80005490 (0x02964f63)
core   0: 0x800054ce (0x000095f2) c.add   a1, t3
core   0: 3 0x800054ce (0x95f2) x11 0x843ff16c
core   0: 0x800054d0 (0x031ef933) remu    s2, t4, a7
core   0: 3 0x800054d0 (0x031ef933) x18 0x84400c03
core   0: 0x800054d4 (0x006077b3) and     a5, zero, t1
core   0: 3 0x800054d4 (0x006077b3) x15 0x00000000
core   0: 0x800054d8 (0x418a5513) srai    a0, s4, 24
core   0: 3 0x800054d8 (0x418a5513) x10 0x00000000
core   0: 0x800054dc (0x00cdc8b3) xor     a7, s11, a2
core   0: 3 0x800054dc (0x00cdc8b3) x17 0xffe2d867
core   0: 0x800054e0 (0xbfc2a093) slti    ra, t0, -1028
core   0: 3 0x800054e0 (0xbfc2a093) x 1 0x00000000
core   0: 0x800054e4 (0x00261b13) slli    s6, a2, 2
core   0: 3 0x800054e4 (0x00261b13) x22 0x0000019c
core   0: 0x800054e8 (0x42dd2e17) auipc   t3, 0x42dd2
core   0: 3 0x800054e8 (0x42dd2e17) x28 0xc2dd74e8
core   0: 0x800054ec (0x038bd533) divu    a0, s7, s8
core   0: 3 0x800054ec (0x038bd533) x10 0x00000000
core   0: 0x800054f0 (0x000081ee) c.mv    gp, s11
core   0: 3 0x800054f0 (0x81ee) x 3 0xffe2d800
core   0: 0x800054f2 (0x0315d363) bge     a1, a7, pc + 38
core   0: 3 0x800054f2 (0x0315d363)
core   0: 0x800054f6 (0x00006949) c.lui   s2, 0x12
core   0: 3 0x800054f6 (0x6949) x18 0x00012000
core   0: 0x800054f8 (0x0000e295) c.bnez  a3, pc + 36
core   0: 3 0x800054f8 (0xe295)
core   0: 0x8000551c (0x00008c51) c.or    s0, a2
core   0: 3 0x8000551c (0x8c51) x 8 0x000171e7
core   0: 0x8000551e (0x00065933) srl     s2, a2, zero
core   0: 3 0x8000551e (0x00065933) x18 0x00000067
core   0: 0x80005522 (0x2258cf13) xori    t5, a7, 549
core   0: 3 0x80005522 (0x2258cf13) x30 0xffe2da42
core   0: 0x80005526 (0x03c716b3) mulh    a3, a4, t3
core   0: 3 0x80005526 (0x03c716b3) x13 0x00000000
core   0: 0x8000552a (0x00000001) c.nop
core   0: 3 0x8000552a (0x0001)
core   0: 0x8000552c (0x01e2bbb3) sltu    s7, t0, t5
core   0: 3 0x8000552c (0x01e2bbb3) x23 0x00000001
core   0: 0x80005530 (0x0372bbb3) mulhu   s7, t0, s7
core   0: 3 0x80005530 (0x0372bbb3) x23 0x00000000
core   0: 0x80005534 (0xff700793) li      a5, -9
core   0: 3 0x80005534 (0xff700793) x15 0xfffffff7
core   0: 0x80005538 (0x00000001) c.nop
core   0: 3 0x80005538 (0x0001)
core   0: 0x8000553a (0x00008de5) c.and   a1, s1
core   0: 3 0x8000553a (0x8de5) x11 0x00000000
core   0: 0x8000553c (0x00032ab3) slt     s5, t1, zero
core   0: 3 0x8000553c (0x00032ab3) x21 0x00000000
core   0: 0x80005540 (0x00000785) c.addi  a5, 1
core   0: 3 0x80005540 (0x0785) x15 0xfffffff8
core   0: 0x80005542 (0x0000ffed) c.bnez  a5, pc - 6
core   0: 3 0x80005542 (0xffed)
core   0: 0x8000553c (0x00032ab3) slt     s5, t1, zero
core   0: 3 0x8000553c (0x00032ab3) x21 0x00000000
core   0: 0x80005540 (0x00000785) c.addi  a5, 1
core   0: 3 0x80005540 (0x0785) x15 0xfffffff9
core   0: 0x80005542 (0x0000ffed) c.bnez  a5, pc - 6
core   0: 3 0x80005542 (0xffed)
core   0: 0x8000553c (0x00032ab3) slt     s5, t1, zero
core   0: 3 0x8000553c (0x00032ab3) x21 0x00000000
core   0: 0x80005540 (0x00000785) c.addi  a5, 1
core   0: 3 0x80005540 (0x0785) x15 0xfffffffa
core   0: 0x80005542 (0x0000ffed) c.bnez  a5, pc - 6
core   0: 3 0x80005542 (0xffed)
core   0: 0x8000553c (0x00032ab3) slt     s5, t1, zero
core   0: 3 0x8000553c (0x00032ab3) x21 0x00000000
core   0: 0x80005540 (0x00000785) c.addi  a5, 1
core   0: 3 0x80005540 (0x0785) x15 0xfffffffb
core   0: 0x80005542 (0x0000ffed) c.bnez  a5, pc - 6
core   0: 3 0x80005542 (0xffed)
core   0: 0x8000553c (0x00032ab3) slt     s5, t1, zero
core   0: 3 0x8000553c (0x00032ab3) x21 0x00000000
core   0: 0x80005540 (0x00000785) c.addi  a5, 1
core   0: 3 0x80005540 (0x0785) x15 0xfffffffc
core   0: 0x80005542 (0x0000ffed) c.bnez  a5, pc - 6
core   0: 3 0x80005542 (0xffed)
core   0: 0x8000553c (0x00032ab3) slt     s5, t1, zero
core   0: 3 0x8000553c (0x00032ab3) x21 0x00000000
core   0: 0x80005540 (0x00000785) c.addi  a5, 1
core   0: 3 0x80005540 (0x0785) x15 0xfffffffd
core   0: 0x80005542 (0x0000ffed) c.bnez  a5, pc - 6
core   0: 3 0x80005542 (0xffed)
core   0: 0x8000553c (0x00032ab3) slt     s5, t1, zero
core   0: 3 0x8000553c (0x00032ab3) x21 0x00000000
core   0: 0x80005540 (0x00000785) c.addi  a5, 1
core   0: 3 0x80005540 (0x0785) x15 0xfffffffe
core   0: 0x80005542 (0x0000ffed) c.bnez  a5, pc - 6
core   0: 3 0x80005542 (0xffed)
core   0: 0x8000553c (0x00032ab3) slt     s5, t1, zero
core   0: 3 0x8000553c (0x00032ab3) x21 0x00000000
core   0: 0x80005540 (0x00000785) c.addi  a5, 1
core   0: 3 0x80005540 (0x0785) x15 0xffffffff
core   0: 0x80005542 (0x0000ffed) c.bnez  a5, pc - 6
core   0: 3 0x80005542 (0xffed)
core   0: 0x8000553c (0x00032ab3) slt     s5, t1, zero
core   0: 3 0x8000553c (0x00032ab3) x21 0x00000000
core   0: 0x80005540 (0x00000785) c.addi  a5, 1
core   0: 3 0x80005540 (0x0785) x15 0x00000000
core   0: 0x80005542 (0x0000ffed) c.bnez  a5, pc - 6
core   0: 3 0x80005542 (0xffed)
core   0: 0x80005544 (0xe043e0b7) lui     ra, 0xe043e
core   0: 3 0x80005544 (0xe043e0b7) x 1 0xe043e000
core   0: 0x80005548 (0x0000813e) c.mv    sp, a5
core   0: 3 0x80005548 (0x813e) x 2 0x00000000
core   0: 0x8000554a (0x00000001) c.nop
core   0: 3 0x8000554a (0x0001)
core   0: 0x8000554c (0x4094d233) sra     tp, s1, s1
core   0: 3 0x8000554c (0x4094d233) x 4 0x00000180
core   0: 0x80005550 (0x00085813) srli    a6, a6, 0
core   0: 3 0x80005550 (0x00085813) x16 0x00000000
core   0: 0x80005554 (0x03638eb3) mul     t4, t2, s6
core   0: 3 0x80005554 (0x03638eb3) x29 0x03e73ef0
core   0: 0x80005558 (0x00000c86) c.slli  s9, 1
core   0: 3 0x80005558 (0x0c86) x25 0x0000c466
core   0: 0x8000555a (0x0000ee8d) c.bnez  a3, pc + 58
core   0: 3 0x8000555a (0xee8d)
core   0: 0x8000555c (0x00008bd1) c.andi  a5, 20
core   0: 3 0x8000555c (0x8bd1) x15 0x00000000
core   0: 0x8000555e (0x0000c005) c.beqz  s0, pc + 32
core   0: 3 0x8000555e (0xc005)
core   0: 0x80005560 (0x00006309) c.lui   t1, 0x2
core   0: 3 0x80005560 (0x6309) x 6 0x00002000
core   0: 0x80005562 (0x011d1d93) slli    s11, s10, 17
core   0: 3 0x80005562 (0x011d1d93) x27 0xfeb60000
core   0: 0x80005566 (0x5df9e213) ori     tp, s3, 1503
core   0: 3 0x80005566 (0x5df9e213) x 4 0x80022fff
core   0: 0x8000556a (0x5d0ea493) slti    s1, t4, 1488
core   0: 3 0x8000556a (0x5d0ea493) x 9 0x00000000
core   0: 0x8000556e (0x2e3d3b17) auipc   s6, 0x2e3d3
core   0: 3 0x8000556e (0x2e3d3b17) x22 0xae3d856e
core   0: 0x80005572 (0x0166f463) bgeu    a3, s6, pc + 8
core   0: 3 0x80005572 (0x0166f463)
core   0: 0x80005576 (0x90b4fc93) andi    s9, s1, -1781
core   0: 3 0x80005576 (0x90b4fc93) x25 0x00000000
core   0: 0x8000557a (0x03451733) mulh    a4, a0, s4
core   0: 3 0x8000557a (0x03451733) x14 0x00000000
core   0: 0x8000557e (0x41b95593) srai    a1, s2, 27
core   0: 3 0x8000557e (0x41b95593) x11 0x00000000
core   0: 0x80005582 (0x00008e6d) c.and   a2, a1
core   0: 3 0x80005582 (0x8e6d) x12 0x00000000
core   0: 0x80005584 (0x01ff1893) slli    a7, t5, 31
core   0: 3 0x80005584 (0x01ff1893) x17 0x00000000
core   0: 0x80005588 (0x00008f45) c.or    a4, s1
core   0: 3 0x80005588 (0x8f45) x14 0x00000000
core   0: 0x8000558a (0x0195e933) or      s2, a1, s9
core   0: 3 0x8000558a (0x0195e933) x18 0x00000000
core   0: 0x8000558e (0x00006e95) c.lui   t4, 0x5
core   0: 3 0x8000558e (0x6e95) x29 0x00005000
core   0: 0x80005590 (0x02003bb3) mulhu   s7, zero, zero
core   0: 3 0x80005590 (0x02003bb3) x23 0x00000000
core   0: 0x80005594 (0x713ee613) ori     a2, t4, 1811
core   0: 3 0x80005594 (0x713ee613) x12 0x00005713
core   0: 0x80005598 (0x00008e25) c.xor   a2, s1
core   0: 3 0x80005598 (0x8e25) x12 0x00005713
core   0: 0x8000559a (0x00001d7d) c.addi  s10, -1
core   0: 3 0x8000559a (0x1d7d) x26 0xffffff5a
core   0: 0x8000559c (0x0000896d) c.andi  a0, 27
core   0: 3 0x8000559c (0x896d) x10 0x00000000
core   0: 0x8000559e (0x0000922a) c.add   tp, a0
core   0: 3 0x8000559e (0x922a) x 4 0x80022fff
core   0: 0x800055a0 (0x00008c8d) c.sub   s1, a1
core   0: 3 0x800055a0 (0x8c8d) x 9 0x00000000
core   0: 0x800055a2 (0x41e55113) srai    sp, a0, 30
core   0: 3 0x800055a2 (0x41e55113) x 2 0x00000000
core   0: 0x800055a6 (0x00000d15) c.addi  s10, 5
core   0: 3 0x800055a6 (0x0d15) x26 0xffffff5f
core   0: 0x800055a8 (0x00009bfd) c.andi  a5, -1
core   0: 3 0x800055a8 (0x9bfd) x15 0x00000000
core   0: 0x800055aa (0x00000001) c.nop
core   0: 3 0x800055aa (0x0001)
core   0: 0x800055ac (0x01c277b3) and     a5, tp, t3
core   0: 3 0x800055ac (0x01c277b3) x15 0x800024e8
core   0: 0x800055b0 (0x00008fd1) c.or    a5, a2
core   0: 3 0x800055b0 (0x8fd1) x15 0x800077fb
core   0: 0x800055b2 (0x414c8a33) sub     s4, s9, s4
core   0: 3 0x800055b2 (0x414c8a33) x20 0x00000000
core   0: 0x800055b6 (0x017f9563) bne     t6, s7, pc + 10
core   0: 3 0x800055b6 (0x017f9563)
core   0: 0x800055c0 (0x00008e39) c.xor   a2, a4
core   0: 3 0x800055c0 (0x8e39) x12 0x00005713
core   0: 0x800055c2 (0x035f4e63) blt     t5, s5, pc + 60
core   0: 3 0x800055c2 (0x035f4e63)
core   0: 0x800055fe (0x03cc3633) mulhu   a2, s8, t3
core   0: 3 0x800055fe (0x03cc3633) x12 0xbc77b48a
core   0: 0x80005602 (0x01330eb3) add     t4, t1, s3
core   0: 3 0x80005602 (0x01330eb3) x29 0x80024e64
core   0: 0x80005606 (0x008f1513) slli    a0, t5, 8
core   0: 3 0x80005606 (0x008f1513) x10 0xe2da4200
core   0: 0x8000560a (0x01246cb3) or      s9, s0, s2
core   0: 3 0x8000560a (0x01246cb3) x25 0x000171e7
core   0: 0x8000560e (0x00008e31) c.xor   a2, a2
core   0: 3 0x8000560e (0x8e31) x12 0x00000000
core   0: 0x80005610 (0x9bb6ab13) slti    s6, a3, -1605
core   0: 3 0x80005610 (0x9bb6ab13) x22 0x00000000
core   0: 0x80005614 (0x035c7433) remu    s0, s8, s5
core   0: 3 0x80005614 (0x035c7433) x 8 0xf7987000
core   0: 0x80005618 (0x00000001) c.nop
core   0: 3 0x80005618 (0x0001)
core   0: 0x8000561a (0x00008d69) c.and   a0, a0
core   0: 3 0x8000561a (0x8d69) x10 0xe2da4200
core   0: 0x8000561c (0x00008cb1) c.xor   s1, a2
core   0: 3 0x8000561c (0x8cb1) x 9 0x00000000
core   0: 0x8000561e (0x01f38cb3) add     s9, t2, t6
core   0: 3 0x8000561e (0x01f38cb3) x25 0x16b83126
core   0: 0x80005622 (0x0000ca0d) c.beqz  a2, pc + 50
core   0: 3 0x80005622 (0xca0d)
core   0: 0x80005654 (0x00000001) c.nop
core   0: 3 0x80005654 (0x0001)
core   0: 0x80005656 (0x019926b3) slt     a3, s2, s9
core   0: 3 0x80005656 (0x019926b3) x13 0x00000001
core   0: 0x8000565a (0x00857b63) bgeu    a0, s0, pc + 22
core   0: 3 0x8000565a (0x00857b63)
core   0: 0x8000565e (0x0001dc13) srli    s8, gp, 0
core   0: 3 0x8000565e (0x0001dc13) x24 0xffe2d800
core   0: 0x80005662 (0x000045dd) c.li    a1, 23
core   0: 3 0x80005662 (0x45dd) x11 0x00000017
core   0: 0x80005664 (0x00000b22) c.slli  s6, 8
core   0: 3 0x80005664 (0x0b22) x22 0x00000000
core   0: 0x80005666 (0x00409493) slli    s1, ra, 4
core   0: 3 0x80005666 (0x00409493) x 9 0x043e0000
core   0: 0x8000566a (0x00004c55) c.li    s8, 21
core   0: 3 0x8000566a (0x4c55) x24 0x00000015
core   0: 0x8000566c (0x0138f633) and     a2, a7, s3
core   0: 3 0x8000566c (0x0138f633) x12 0x00000000
core   0: 0x80005670 (0x417bddb3) sra     s11, s7, s7
core   0: 3 0x80005670 (0x417bddb3) x27 0x00000000
core   0: 0x80005674 (0x00e8ceb3) xor     t4, a7, a4
core   0: 3 0x80005674 (0x00e8ceb3) x29 0x00000000
core   0: 0x80005678 (0x290368b7) lui     a7, 0x29036
core   0: 3 0x80005678 (0x290368b7) x17 0x29036000
core   0: 0x8000567c (0x0ff0000f) fence   iorw,iorw
core   0: 3 0x8000567c (0x0ff0000f)
core   0: 0x80005680 (0x03aa7533) remu    a0, s4, s10
core   0: 3 0x80005680 (0x03aa7533) x10 0x00000000
core   0: 0x80005684 (0xbb386093) ori     ra, a6, -1101
core   0: 3 0x80005684 (0xbb386093) x 1 0xfffffbb3
core   0: 0x80005688 (0x01271193) slli    gp, a4, 18
core   0: 3 0x80005688 (0x01271193) x 3 0x00000000
core   0: 0x8000568c (0x00809733) sll     a4, ra, s0
core   0: 3 0x8000568c (0x00809733) x14 0xfffffbb3
core   0: 0x80005690 (0x02c0ad33) mulhsu  s10, ra, a2
core   0: 3 0x80005690 (0x02c0ad33) x26 0x00000000
core   0: 0x80005694 (0x024526b3) mulhsu  a3, a0, tp
core   0: 3 0x80005694 (0x024526b3) x13 0x00000000
core   0: 0x80005698 (0x403581b3) sub     gp, a1, gp
core   0: 3 0x80005698 (0x403581b3) x 3 0x00000017
core   0: 0x8000569c (0x00000e88) c.addi4spn a0, sp, 848
core   0: 3 0x8000569c (0x0e88) x10 0x00000350
core   0: 0x8000569e (0x016e8cb3) add     s9, t4, s6
core   0: 3 0x8000569e (0x016e8cb3) x25 0x00000000
core   0: 0x800056a2 (0x003e7033) and     zero, t3, gp
core   0: 3 0x800056a2 (0x003e7033)
core   0: 0x800056a6 (0x00000001) c.nop
core   0: 3 0x800056a6 (0x0001)
core   0: 0x800056a8 (0x0000c78d) c.beqz  a5, pc + 42
core   0: 3 0x800056a8 (0xc78d)
core   0: 0x800056aa (0x00004ce1) c.li    s9, 24
core   0: 3 0x800056aa (0x4ce1) x25 0x00000018
core   0: 0x800056ac (0x02b701b3) mul     gp, a4, a1
core   0: 3 0x800056ac (0x02b701b3) x 3 0xffff9d15
core   0: 0x800056b0 (0xc39afc93) andi    s9, s5, -967
core   0: 3 0x800056b0 (0xc39afc93) x25 0x00000000
core   0: 0x800056b4 (0x00008c35) c.xor   s0, a3
core   0: 3 0x800056b4 (0x8c35) x 8 0xf7987000
core   0: 0x800056b6 (0x01bb8d33) add     s10, s7, s11
core   0: 3 0x800056b6 (0x01bb8d33) x26 0x00000000
core   0: 0x800056ba (0x0000717d) c.addi16sp sp, -16
core   0: 3 0x800056ba (0x717d) x 2 0xfffffff0
core   0: 0x800056bc (0x0000c999) c.beqz  a1, pc + 22
core   0: 3 0x800056bc (0xc999)
core   0: 0x800056be (0x00008cdd) c.or    s1, a5
core   0: 3 0x800056be (0x8cdd) x 9 0x843e77fb
core   0: 0x800056c0 (0x0000717d) c.addi16sp sp, -16
core   0: 3 0x800056c0 (0x717d) x 2 0xffffffe0
core   0: 0x800056c2 (0x0294aab3) mulhsu  s5, s1, s1
core   0: 3 0x800056c2 (0x0294aab3) x21 0xc01202fe
core   0: 0x800056c6 (0x00008561) c.srai  a0, 24
core   0: 3 0x800056c6 (0x8561) x10 0x00000000
core   0: 0x800056c8 (0x02f25c33) divu    s8, tp, a5
core   0: 3 0x800056c8 (0x02f25c33) x24 0x00000001
core   0: 0x800056cc (0x000080fd) c.srli  s1, 31
core   0: 3 0x800056cc (0x80fd) x 9 0x00000001
core   0: 0x800056ce (0x02322bb3) mulhsu  s7, tp, gp
core   0: 3 0x800056ce (0x02322bb3) x23 0x80026173
core   0: 0x800056d2 (0x00008571) c.srai  a0, 28
core   0: 3 0x800056d2 (0x8571) x10 0x00000000
core   0: 0x800056d4 (0x02049fb3) mulh    t6, s1, zero
core   0: 3 0x800056d4 (0x02049fb3) x31 0x00000000
core   0: 0x800056d8 (0x00855413) srli    s0, a0, 8
core   0: 3 0x800056d8 (0x00855413) x 8 0x00000000
core   0: 0x800056dc (0x03e76733) rem     a4, a4, t5
core   0: 3 0x800056dc (0x03e76733) x14 0xfffffbb3
core   0: 0x800056e0 (0x00006e61) c.lui   t3, 0x18
core   0: 3 0x800056e0 (0x6e61) x28 0x00018000
core   0: 0x800056e2 (0x00008ca1) c.xor   s1, s0
core   0: 3 0x800056e2 (0x8ca1) x 9 0x00000001
core   0: 0x800056e4 (0x00008cb9) c.xor   s1, a4
core   0: 3 0x800056e4 (0x8cb9) x 9 0xfffffbb2
core   0: 0x800056e6 (0x00006d8d) c.lui   s11, 0x3
core   0: 3 0x800056e6 (0x6d8d) x27 0x00003000
core   0: 0x800056e8 (0x0000cd99) c.beqz  a1, pc + 30
core   0: 3 0x800056e8 (0xcd99)
core   0: 0x800056ea (0x1e4e95b7) lui     a1, 0x1e4e9
core   0: 3 0x800056ea (0x1e4e95b7) x11 0x1e4e9000
core   0: 0x800056ee (0x0385fdb3) remu    s11, a1, s8
core   0: 3 0x800056ee (0x0385fdb3) x27 0x00000000
core   0: 0x800056f2 (0x41ba56b3) sra     a3, s4, s11
core   0: 3 0x800056f2 (0x41ba56b3) x13 0x00000000
core   0: 0x800056f6 (0x415d0933) sub     s2, s10, s5
core   0: 3 0x800056f6 (0x415d0933) x18 0x3fedfd02
core   0: 0x800056fa (0xa6857213) andi    tp, a0, -1432
core   0: 3 0x800056fa (0xa6857213) x 4 0x00000000
core   0: 0x800056fe (0x408d0bb3) sub     s7, s10, s0
core   0: 3 0x800056fe (0x408d0bb3) x23 0x00000000
core   0: 0x80005702 (0x00129813) slli    a6, t0, 1
core   0: 3 0x80005702 (0x00129813) x16 0x00000004
core   0: 0x80005706 (0x40de5633) sra     a2, t3, a3
core   0: 3 0x80005706 (0x40de5633) x12 0x00018000
core   0: 0x8000570a (0x00eea233) slt     tp, t4, a4
core   0: 3 0x8000570a (0x00eea233) x 4 0x00000000
core   0: 0x8000570e (0x01fc4bb3) xor     s7, s8, t6
core   0: 3 0x8000570e (0x01fc4bb3) x23 0x00000001
core   0: 0x80005712 (0x00001bfd) c.addi  s7, -1
core   0: 3 0x80005712 (0x1bfd) x23 0x00000000
core   0: 0x80005714 (0x00009d1a) c.add   s10, t1
core   0: 3 0x80005714 (0x9d1a) x26 0x00002000
core   0: 0x80005716 (0x03bf0c63) beq     t5, s11, pc + 56
core   0: 3 0x80005716 (0x03bf0c63)
core   0: 0x8000571a (0x04338263) beq     t2, gp, pc + 68
core   0: 3 0x8000571a (0x04338263)
core   0: 0x8000571e (0x00005cfd) c.li    s9, -1
core   0: 3 0x8000571e (0x5cfd) x25 0xffffffff
core   0: 0x80005720 (0x4178d633) sra     a2, a7, s7
core   0: 3 0x80005720 (0x4178d633) x12 0x29036000
core   0: 0x80005724 (0x038f1f33) mulh    t5, t5, s8
core   0: 3 0x80005724 (0x038f1f33) x30 0xffffffff
core   0: 0x80005728 (0x0000100f) fence.i
core   0: 3 0x80005728 (0x0000100f)
core   0: 0x8000572c (0x00ab18b3) sll     a7, s6, a0
core   0: 3 0x8000572c (0x00ab18b3) x17 0x00000000
core   0: 0x80005730 (0xe598fa13) andi    s4, a7, -423
core   0: 3 0x80005730 (0xe598fa13) x20 0x00000000
core   0: 0x80005734 (0x0278cd63) blt     a7, t2, pc + 58
core   0: 3 0x80005734 (0x0278cd63)
core   0: 0x80005738 (0x00000001) c.nop
core   0: 3 0x80005738 (0x0001)
core   0: 0x8000573a (0xb8fbce13) xori    t3, s7, -1137
core   0: 3 0x8000573a (0xb8fbce13) x28 0xfffffb8f
core   0: 0x8000573e (0x0000992a) c.add   s2, a0
core   0: 3 0x8000573e (0x992a) x18 0x3fedfd02
core   0: 0x80005740 (0x0137bd33) sltu    s10, a5, s3
core   0: 3 0x80005740 (0x0137bd33) x26 0x00000001
core   0: 0x80005744 (0x00008d49) c.or    a0, a0
core   0: 3 0x80005744 (0x8d49) x10 0x00000000
core   0: 0x80005746 (0x02239763) bne     t2, sp, pc + 46
core   0: 3 0x80005746 (0x02239763)
core   0: 0x80005774 (0xaa87b797) auipc   a5, 0xaa87b
core   0: 3 0x80005774 (0xaa87b797) x15 0x2a880774
core   0: 0x80005778 (0x0171f133) and     sp, gp, s7
core   0: 3 0x80005778 (0x0171f133) x 2 0x00000000
core   0: 0x8000577c (0x00006f3d) c.lui   t5, 0xf
core   0: 3 0x8000577c (0x6f3d) x30 0x0000f000
core   0: 0x8000577e (0x00008dde) c.mv    s11, s7
core   0: 3 0x8000577e (0x8dde) x27 0x00000000
core   0: 0x80005780 (0x00008d1e) c.mv    s10, t2
core   0: 3 0x80005780 (0x8d1e) x26 0x80026ce4
core   0: 0x80005782 (0x00001a1c) c.addi4spn a5, sp, 304
core   0: 3 0x80005782 (0x1a1c) x15 0x00000130
core   0: 0x80005784 (0x02cc7fb3) remu    t6, s8, a2
core   0: 3 0x80005784 (0x02cc7fb3) x31 0x00000001
core   0: 0x80005788 (0x0315b4b3) mulhu   s1, a1, a7
core   0: 3 0x80005788 (0x0315b4b3) x 9 0x00000000
core   0: 0x8000578c (0x00000790) c.addi4spn a2, sp, 960
core   0: 3 0x8000578c (0x0790) x12 0x000003c0
core   0: 0x8000578e (0x00000f10) c.addi4spn a2, sp, 912
core   0: 3 0x8000578e (0x0f10) x12 0x00000390
core   0: 0x80005790 (0x01e926b3) slt     a3, s2, t5
core   0: 3 0x80005790 (0x01e926b3) x13 0x00000000
core   0: 0x80005794 (0x0ff0000f) fence   iorw,iorw
core   0: 3 0x80005794 (0x0ff0000f)
core   0: 0x80005798 (0x016b1db3) sll     s11, s6, s6
core   0: 3 0x80005798 (0x016b1db3) x27 0x00000000
core   0: 0x8000579c (0x00a336b3) sltu    a3, t1, a0
core   0: 3 0x8000579c (0x00a336b3) x13 0x00000000
core   0: 0x800057a0 (0x021befb3) rem     t6, s7, ra
core   0: 3 0x800057a0 (0x021befb3) x31 0x00000000
core   0: 0x800057a4 (0x00009b46) c.add   s6, a7
core   0: 3 0x800057a4 (0x9b46) x22 0x00000000
core   0: 0x800057a6 (0x01869513) slli    a0, a3, 24
core   0: 3 0x800057a6 (0x01869513) x10 0x00000000
core   0: 0x800057aa (0x00006345) c.lui   t1, 0x11
core   0: 3 0x800057aa (0x6345) x 6 0x00011000
core   0: 0x800057ac (0x00dd9563) bne     s11, a3, pc + 10
core   0: 3 0x800057ac (0x00dd9563)
core   0: 0x800057b0 (0x00008ca5) c.xor   s1, s1
core   0: 3 0x800057b0 (0x8ca5) x 9 0x00000000
core   0: 0x800057b2 (0x017a9cb3) sll     s9, s5, s7
core   0: 3 0x800057b2 (0x017a9cb3) x25 0xc01202fe
core   0: 0x800057b6 (0x00521263) bne     tp, t0, pc + 4
core   0: 3 0x800057b6 (0x00521263)
core   0: 0x800057ba (0x40225a93) srai    s5, tp, 2
core   0: 3 0x800057ba (0x40225a93) x21 0x00000000
core   0: 0x800057be (0x01902fb3) slt     t6, zero, s9
core   0: 3 0x800057be (0x01902fb3) x31 0x00000000
core   0: 0x800057c2 (0x0360f963) bgeu    ra, s6, pc + 50
core   0: 3 0x800057c2 (0x0360f963)
core   0: 0x800057f4 (0x03db8d63) beq     s7, t4, pc + 58
core   0: 3 0x800057f4 (0x03db8d63)
core   0: 0x8000582e (0x03d77933) remu    s2, a4, t4
core   0: 3 0x8000582e (0x03d77933) x18 0xfffffbb3
core   0: 0x80005832 (0x00c077b3) and     a5, zero, a2
core   0: 3 0x80005832 (0x00c077b3) x15 0x00000000
core   0: 0x80005836 (0x00000001) c.nop
core   0: 3 0x80005836 (0x0001)
core   0: 0x80005838 (0x00006139) c.addi16sp sp, 448
core   0: 3 0x80005838 (0x6139) x 2 0x000001c0
core   0: 0x8000583a (0x022cbcb3) mulhu   s9, s9, sp
core   0: 3 0x8000583a (0x022cbcb3) x25 0x00000150
core   0: 0x8000583e (0x03860963) beq     a2, s8, pc + 50
core   0: 3 0x8000583e (0x03860963)
core   0: 0x80005842 (0x00006119) c.addi16sp sp, 384
core   0: 3 0x80005842 (0x6119) x 2 0x00000340
core   0: 0x80005844 (0x000094e6) c.add   s1, s9
core   0: 3 0x80005844 (0x94e6) x 9 0x00000150
core   0: 0x80005846 (0x0186cb33) xor     s6, a3, s8
core   0: 3 0x80005846 (0x0186cb33) x22 0x00000001
core   0: 0x8000584a (0x01774c63) blt     a4, s7, pc + 24
core   0: 3 0x8000584a (0x01774c63)
core   0: 0x80005862 (0x0ff0000f) fence   iorw,iorw
core   0: 3 0x80005862 (0x0ff0000f)
core   0: 0x80005866 (0x404e5e93) srai    t4, t3, 4
core   0: 3 0x80005866 (0x404e5e93) x29 0xffffffb8
core   0: 0x8000586a (0x00000001) c.nop
core   0: 3 0x8000586a (0x0001)
core   0: 0x8000586c (0x0092e733) or      a4, t0, s1
core   0: 3 0x8000586c (0x0092e733) x14 0x00000152
core   0: 0x80005870 (0x0000e089) c.bnez  s1, pc + 2
core   0: 3 0x80005870 (0xe089)
core   0: 0x80005872 (0x41908fb3) sub     t6, ra, s9
core   0: 3 0x80005872 (0x41908fb3) x31 0xfffffa63
core   0: 0x80005876 (0x00001ffd) c.addi  t6, -1
core   0: 3 0x80005876 (0x1ffd) x31 0xfffffa62
core   0: 0x80005878 (0x00008bba) c.mv    s7, a4
core   0: 3 0x80005878 (0x8bba) x23 0x00000152
core   0: 0x8000587a (0x03803ab3) mulhu   s5, zero, s8
core   0: 3 0x8000587a (0x03803ab3) x21 0x00000000
core   0: 0x8000587e (0x41a05ab3) sra     s5, zero, s10
core   0: 3 0x8000587e (0x41a05ab3) x21 0x00000000
core   0: 0x80005882 (0x03fbfeb3) remu    t4, s7, t6
core   0: 3 0x80005882 (0x03fbfeb3) x29 0x00000152
core   0: 0x80005886 (0xc116eb93) ori     s7, a3, -1007
core   0: 3 0x80005886 (0xc116eb93) x23 0xfffffc11
core   0: 0x8000588a (0x000016fd) c.addi  a3, -1
core   0: 3 0x8000588a (0x16fd) x13 0xffffffff
core   0: 0x8000588c (0x00008799) c.srai  a5, 6
core   0: 3 0x8000588c (0x8799) x15 0x00000000
core   0: 0x8000588e (0x03bb1963) bne     s6, s11, pc + 50
core   0: 3 0x8000588e (0x03bb1963)
core   0: 0x800058c0 (0xd279e593) ori     a1, s3, -729
core   0: 3 0x800058c0 (0xd279e593) x11 0xffffff67
core   0: 0x800058c4 (0x00732a33) slt     s4, t1, t2
core   0: 3 0x800058c4 (0x00732a33) x20 0x00000000
core   0: 0x800058c8 (0x00008856) c.mv    a6, s5
core   0: 3 0x800058c8 (0x8856) x16 0x00000000
core   0: 0x800058ca (0x00008cf5) c.and   s1, a3
core   0: 3 0x800058ca (0x8cf5) x 9 0x00000150
core   0: 0x800058cc (0x012b9693) slli    a3, s7, 18
core   0: 3 0x800058cc (0x012b9693) x13 0xf0440000
core   0: 0x800058d0 (0x04cbae93) slti    t4, s7, 76
core   0: 3 0x800058d0 (0x04cbae93) x29 0x00000001
core   0: 0x800058d4 (0x00008e5d) c.or    a2, a5
core   0: 3 0x800058d4 (0x8e5d) x12 0x00000390
core   0: 0x800058d6 (0x02b077b3) remu    a5, zero, a1
core   0: 3 0x800058d6 (0x02b077b3) x15 0x00000000
core   0: 0x800058da (0x010f7833) and     a6, t5, a6
core   0: 3 0x800058da (0x010f7833) x16 0x00000000
core   0: 0x800058de (0x00008d71) c.and   a0, a2
core   0: 3 0x800058de (0x8d71) x10 0x00000000
core   0: 0x800058e0 (0x01ed58b3) srl     a7, s10, t5
core   0: 3 0x800058e0 (0x01ed58b3) x17 0x80026ce4
core   0: 0x800058e4 (0x333e3413) sltiu   s0, t3, 819
core   0: 3 0x800058e4 (0x333e3413) x 8 0x00000000
core   0: 0x800058e8 (0x01fd0a33) add     s4, s10, t6
core   0: 3 0x800058e8 (0x01fd0a33) x20 0x80026746
core   0: 0x800058ec (0x01a78db3) add     s11, a5, s10
core   0: 3 0x800058ec (0x01a78db3) x27 0x80026ce4
core   0: 0x800058f0 (0x006adb13) srli    s6, s5, 6
core   0: 3 0x800058f0 (0x006adb13) x22 0x00000000
core   0: 0x800058f4 (0x00000a00) c.addi4spn s0, sp, 272
core   0: 3 0x800058f4 (0x0a00) x 8 0x00000450
core   0: 0x800058f6 (0x0035a633) slt     a2, a1, gp
core   0: 3 0x800058f6 (0x0035a633) x12 0x00000000
core   0: 0x800058fa (0x00043db3) sltu    s11, s0, zero
core   0: 3 0x800058fa (0x00043db3) x27 0x00000000
core   0: 0x800058fe (0x0000e299) c.bnez  a3, pc + 6
core   0: 3 0x800058fe (0xe299)
core   0: 0x80005904 (0x00008cc5) c.or    s1, s1
core   0: 3 0x80005904 (0x8cc5) x 9 0x00000150
core   0: 0x80005906 (0x0124d4b3) srl     s1, s1, s2
core   0: 3 0x80005906 (0x0124d4b3) x 9 0x00000000
core   0: 0x8000590a (0x00008c09) c.sub   s0, a0
core   0: 3 0x8000590a (0x8c09) x 8 0x00000450
core   0: 0x8000590c (0x01b51ab3) sll     s5, a0, s11
core   0: 3 0x8000590c (0x01b51ab3) x21 0x00000000
core   0: 0x80005910 (0x00008ff1) c.and   a5, a2
core   0: 3 0x80005910 (0x8ff1) x15 0x00000000
core   0: 0x80005912 (0x0470e063) bltu    ra, t2, pc + 64
core   0: 3 0x80005912 (0x0470e063)
core   0: 0x80005916 (0x404cd813) srai    a6, s9, 4
core   0: 3 0x80005916 (0x404cd813) x16 0x00000015
core   0: 0x8000591a (0x000084ed) c.srai  s1, 27
core   0: 3 0x8000591a (0x84ed) x 9 0x00000000
core   0: 0x8000591c (0x0000981a) c.add   a6, t1
core   0: 3 0x8000591c (0x981a) x16 0x00011015
core   0: 0x8000591e (0x0000c81d) c.beqz  s0, pc + 54
core   0: 3 0x8000591e (0xc81d)
core   0: 0x80005920 (0x01b651b3) srl     gp, a2, s11
core   0: 3 0x80005920 (0x01b651b3) x 3 0x00000000
core   0: 0x80005924 (0x554d8493) addi    s1, s11, 1364
core   0: 3 0x80005924 (0x554d8493) x 9 0x00000554
core   0: 0x80005928 (0x01893e33) sltu    t3, s2, s8
core   0: 3 0x80005928 (0x01893e33) x28 0x00000000
core   0: 0x8000592c (0x000089ad) c.andi  a1, 11
core   0: 3 0x8000592c (0x89ad) x11 0x00000003
core   0: 0x8000592e (0x000088b5) c.andi  s1, 13
core   0: 3 0x8000592e (0x88b5) x 9 0x00000004
core   0: 0x80005930 (0x0000895e) c.mv    s2, s7
core   0: 3 0x80005930 (0x895e) x18 0xfffffc11
core   0: 0x80005932 (0x00005cfd) c.li    s9, -1
core   0: 3 0x80005932 (0x5cfd) x25 0xffffffff
core   0: 0x80005934 (0x034c1bb3) mulh    s7, s8, s4
core   0: 3 0x80005934 (0x034c1bb3) x23 0xffffffff
core   0: 0x80005938 (0x01409663) bne     ra, s4, pc + 12
core   0: 3 0x80005938 (0x01409663)
core   0: 0x80005944 (0x012ba1b3) slt     gp, s7, s2
core   0: 3 0x80005944 (0x012ba1b3) x 3 0x00000000
core   0: 0x80005948 (0x03c56d33) rem     s10, a0, t3
core   0: 3 0x80005948 (0x03c56d33) x26 0x00000000
core   0: 0x8000594c (0x0000680d) c.lui   a6, 0x3
core   0: 3 0x8000594c (0x680d) x16 0x00003000
core   0: 0x8000594e (0x0318de63) bge     a7, a7, pc + 60
core   0: 3 0x8000594e (0x0318de63)
core   0: 0x8000598a (0x00000bca) c.slli  s7, 18
core   0: 3 0x8000598a (0x0bca) x23 0xfffc0000
core   0: 0x8000598c (0x01139893) slli    a7, t2, 17
core   0: 3 0x8000598c (0x01139893) x17 0xd9c80000
core   0: 0x80005990 (0x0007cc63) bltz    a5, pc + 24
core   0: 3 0x80005990 (0x0007cc63)
core   0: 0x80005994 (0x41420833) sub     a6, tp, s4
core   0: 3 0x80005994 (0x41420833) x16 0x7ffd98ba
core   0: 0x80005998 (0x00576033) or      zero, a4, t0
core   0: 3 0x80005998 (0x00576033)
core   0: 0x8000599c (0x01e53f33) sltu    t5, a0, t5
core   0: 3 0x8000599c (0x01e53f33) x30 0x00000001
core   0: 0x800059a0 (0x000089f1) c.andi  a1, 28
core   0: 3 0x800059a0 (0x89f1) x11 0x00000000
core   0: 0x800059a2 (0x01a27133) and     sp, tp, s10
core   0: 3 0x800059a2 (0x01a27133) x 2 0x00000000
core   0: 0x800059a6 (0x00008146) c.mv    sp, a7
core   0: 3 0x800059a6 (0x8146) x 2 0xd9c80000
core   0: 0x800059a8 (0x018c98b3) sll     a7, s9, s8
core   0: 3 0x800059a8 (0x018c98b3) x17 0xfffffffe
core   0: 0x800059ac (0x02b57eb3) remu    t4, a0, a1
core   0: 3 0x800059ac (0x02b57eb3) x29 0x00000000
core   0: 0x800059b0 (0x1e388713) addi    a4, a7, 483
core   0: 3 0x800059b0 (0x1e388713) x14 0x000001e1
core   0: 0x800059b4 (0xcba48193) addi    gp, s1, -838
core   0: 3 0x800059b4 (0xcba48193) x 3 0xfffffcbe
core   0: 0x800059b8 (0x95d8af93) slti    t6, a7, -1699
core   0: 3 0x800059b8 (0x95d8af93) x31 0x00000000
core   0: 0x800059bc (0x00008731) c.srai  a4, 12
core   0: 3 0x800059bc (0x8731) x14 0x00000000
core   0: 0x800059be (0x00b8af33) slt     t5, a7, a1
core   0: 3 0x800059be (0x00b8af33) x30 0x00000001
core   0: 0x800059c2 (0x21c9ca13) xori    s4, s3, 540
core   0: 3 0x800059c2 (0x21c9ca13) x20 0x80022c78
core   0: 0x800059c6 (0x0000c089) c.beqz  s1, pc + 2
core   0: 3 0x800059c6 (0xc089)
core   0: 0x800059c8 (0x82efba93) sltiu   s5, t6, -2002
core   0: 3 0x800059c8 (0x82efba93) x21 0x00000001
core   0: 0x800059cc (0x01a92213) slti    tp, s2, 26
core   0: 3 0x800059cc (0x01a92213) x 4 0x00000001
core   0: 0x800059d0 (0x007656b3) srl     a3, a2, t2
core   0: 3 0x800059d0 (0x007656b3) x13 0x00000000
core   0: 0x800059d4 (0x47f36193) ori     gp, t1, 1151
core   0: 3 0x800059d4 (0x47f36193) x 3 0x0001147f
core   0: 0x800059d8 (0x01495e63) bge     s2, s4, pc + 28
core   0: 3 0x800059d8 (0x01495e63)
core   0: 0x800059f4 (0x004fe7b3) or      a5, t6, tp
core   0: 3 0x800059f4 (0x004fe7b3) x15 0x00000001
core   0: 0x800059f8 (0x40b88833) sub     a6, a7, a1
core   0: 3 0x800059f8 (0x40b88833) x16 0xfffffffe
core   0: 0x800059fc (0x00006c05) c.lui   s8, 0x1
core   0: 3 0x800059fc (0x6c05) x24 0x00001000
core   0: 0x800059fe (0x009aec63) bltu    s5, s1, pc + 24
core   0: 3 0x800059fe (0x009aec63)
core   0: 0x80005a16 (0x0000137d) c.addi  t1, -1
core   0: 3 0x80005a16 (0x137d) x 6 0x00010fff
core   0: 0x80005a18 (0x0000845e) c.mv    s0, s7
core   0: 3 0x80005a18 (0x845e) x 8 0xfffc0000
core   0: 0x80005a1a (0x00000001) c.nop
core   0: 3 0x80005a1a (0x0001)
core   0: 0x80005a1c (0x009a2a33) slt     s4, s4, s1
core   0: 3 0x80005a1c (0x009a2a33) x20 0x00000001
core   0: 0x80005a20 (0x0300f863) bgeu    ra, a6, pc + 48
core   0: 3 0x80005a20 (0x0300f863)
core   0: 0x80005a24 (0x0189feb3) and     t4, s3, s8
core   0: 3 0x80005a24 (0x0189feb3) x29 0x00000000
core   0: 0x80005a28 (0x00009d86) c.add   s11, ra
core   0: 3 0x80005a28 (0x9d86) x27 0xfffffbb3
core   0: 0x80005a2a (0x00009a56) c.add   s4, s5
core   0: 3 0x80005a2a (0x9a56) x20 0x00000002
core   0: 0x80005a2c (0x00740633) add     a2, s0, t2
core   0: 3 0x80005a2c (0x00740633) x12 0x7ffe6ce4
core   0: 0x80005a30 (0x0081ea33) or      s4, gp, s0
core   0: 3 0x80005a30 (0x0081ea33) x20 0xfffd147f
core   0: 0x80005a34 (0x02792f33) mulhsu  t5, s2, t2
core   0: 3 0x80005a34 (0x02792f33) x30 0xfffffe08
core   0: 0x80005a38 (0x03c8f7b3) remu    a5, a7, t3
core   0: 3 0x80005a38 (0x03c8f7b3) x15 0xfffffffe
core   0: 0x80005a3c (0x0372a533) mulhsu  a0, t0, s7
core   0: 3 0x80005a3c (0x0372a533) x10 0x00000001
core   0: 0x80005a40 (0x013127b3) slt     a5, sp, s3
core   0: 3 0x80005a40 (0x013127b3) x15 0x00000000
core   0: 0x80005a44 (0x41845193) srai    gp, s0, 24
core   0: 3 0x80005a44 (0x41845193) x 3 0xffffffff
core   0: 0x80005a48 (0x009cc463) blt     s9, s1, pc + 8
core   0: 3 0x80005a48 (0x009cc463)
core   0: 0x80005a50 (0x0329fe63) bgeu    s3, s2, pc + 60
core   0: 3 0x80005a50 (0x0329fe63)
core   0: 0x80005a54 (0x01835c63) bge     t1, s8, pc + 24
core   0: 3 0x80005a54 (0x01835c63)
core   0: 0x80005a6c (0x247c5a97) auipc   s5, 0x247c5
core   0: 3 0x80005a6c (0x247c5a97) x21 0xa47caa6c
core   0: 0x80005a70 (0x034690b3) mulh    ra, a3, s4
core   0: 3 0x80005a70 (0x034690b3) x 1 0x00000000
core   0: 0x80005a74 (0x0118dcb3) srl     s9, a7, a7
core   0: 3 0x80005a74 (0x0118dcb3) x25 0x00000003
core   0: 0x80005a78 (0x02e06d63) bltu    zero, a4, pc + 58
core   0: 3 0x80005a78 (0x02e06d63)
core   0: 0x80005a7c (0x00000e95) c.addi  t4, 5
core   0: 3 0x80005a7c (0x0e95) x29 0x00000005
core   0: 0x80005a7e (0x00008ec9) c.or    a3, a0
core   0: 3 0x80005a7e (0x8ec9) x13 0x00000001
core   0: 0x80005a80 (0x00006c91) c.lui   s9, 0x4
core   0: 3 0x80005a80 (0x6c91) x25 0x00004000
core   0: 0x80005a82 (0x002cd663) bge     s9, sp, pc + 12
core   0: 3 0x80005a82 (0x002cd663)
core   0: 0x80005a8e (0x000080e2) c.mv    ra, s8
core   0: 3 0x80005a8e (0x80e2) x 1 0x00001000
core   0: 0x80005a90 (0x03a72b33) mulhsu  s6, a4, s10
core   0: 3 0x80005a90 (0x03a72b33) x22 0x00000000
core   0: 0x80005a94 (0x03620663) beq     tp, s6, pc + 44
core   0: 3 0x80005a94 (0x03620663)
core   0: 0x80005a98 (0x4102d533) sra     a0, t0, a6
core   0: 3 0x80005a98 (0x4102d533) x10 0x00000000
core   0: 0x80005a9c (0x034c94b3) mulh    s1, s9, s4
core   0: 3 0x80005a9c (0x034c94b3) x 9 0xffffffff
core   0: 0x80005aa0 (0x02a340b3) div     ra, t1, a0
core   0: 3 0x80005aa0 (0x02a340b3) x 1 0xffffffff
core   0: 0x80005aa4 (0x000ff263) bgeu    t6, zero, pc + 4
core   0: 3 0x80005aa4 (0x000ff263)
core   0: 0x80005aa8 (0x0000891d) c.andi  a0, 7
core   0: 3 0x80005aa8 (0x891d) x10 0x00000000
core   0: 0x80005aaa (0x01f7ef33) or      t5, a5, t6
core   0: 3 0x80005aaa (0x01f7ef33) x30 0x00000000
core   0: 0x80005aae (0x83d12793) slti    a5, sp, -1987
core   0: 3 0x80005aae (0x83d12793) x15 0x00000001
core   0: 0x80005ab2 (0x01bc4633) xor     a2, s8, s11
core   0: 3 0x80005ab2 (0x01bc4633) x12 0xffffebb3
core   0: 0x80005ab6 (0x0000717d) c.addi16sp sp, -16
core   0: 3 0x80005ab6 (0x717d) x 2 0xd9c7fff0
core   0: 0x80005ab8 (0x02bdf833) remu    a6, s11, a1
core   0: 3 0x80005ab8 (0x02bdf833) x16 0xfffffbb3
core   0: 0x80005abc (0xf6836a13) ori     s4, t1, -152
core   0: 3 0x80005abc (0xf6836a13) x20 0xffffffff
core   0: 0x80005ac0 (0x00000001) c.nop
core   0: 3 0x80005ac0 (0x0001)
core   0: 0x80005ac2 (0x0128fd63) bgeu    a7, s2, pc + 26
core   0: 3 0x80005ac2 (0x0128fd63)
core   0: 0x80005adc (0x0000100f) fence.i
core   0: 3 0x80005adc (0x0000100f)
core   0: 0x80005ae0 (0x5eb63493) sltiu   s1, a2, 1515
core   0: 3 0x80005ae0 (0x5eb63493) x 9 0x00000000
core   0: 0x80005ae4 (0x00004885) c.li    a7, 1
core   0: 3 0x80005ae4 (0x4885) x17 0x00000001
core   0: 0x80005ae6 (0x006b4663) blt     s6, t1, pc + 12
core   0: 3 0x80005ae6 (0x006b4663)
core   0: 0x80005af2 (0x01d21263) bne     tp, t4, pc + 4
core   0: 3 0x80005af2 (0x01d21263)
core   0: 0x80005af6 (0x017b2033) slt     zero, s6, s7
core   0: 3 0x80005af6 (0x017b2033)
core   0: 0x80005afa (0x00000001) c.nop
core   0: 3 0x80005afa (0x0001)
core   0: 0x80005afc (0x000085f9) c.srai  a1, 30
core   0: 3 0x80005afc (0x85f9) x11 0x00000000
core   0: 0x80005afe (0x022d9763) bne     s11, sp, pc + 46
core   0: 3 0x80005afe (0x022d9763)
core   0: 0x80005b2c (0x03285363) bge     a6, s2, pc + 38
core   0: 3 0x80005b2c (0x03285363)
core   0: 0x80005b30 (0x00008f39) c.xor   a4, a4
core   0: 3 0x80005b30 (0x8f39) x14 0x00000000
core   0: 0x80005b32 (0x000084e5) c.srai  s1, 25
core   0: 3 0x80005b32 (0x84e5) x 9 0x00000000
core   0: 0x80005b34 (0x00008c49) c.or    s0, a0
core   0: 3 0x80005b34 (0x8c49) x 8 0xfffc0000
core   0: 0x80005b36 (0x40c58bb3) sub     s7, a1, a2
core   0: 3 0x80005b36 (0x40c58bb3) x23 0x0000144d
core   0: 0x80005b3a (0xcc3fcb17) auipc   s6, 0xcc3fc
core   0: 3 0x80005b3a (0xcc3fcb17) x22 0x4c401b3a
core   0: 0x80005b3e (0x00008d5d) c.or    a0, a5
core   0: 3 0x80005b3e (0x8d5d) x10 0x00000001
core   0: 0x80005b40 (0x015b1493) slli    s1, s6, 21
core   0: 3 0x80005b40 (0x015b1493) x 9 0x67400000
core   0: 0x80005b44 (0x00006845) c.lui   a6, 0x11
core   0: 3 0x80005b44 (0x6845) x16 0x00011000
core   0: 0x80005b46 (0x00d636b3) sltu    a3, a2, a3
core   0: 3 0x80005b46 (0x00d636b3) x13 0x00000000
core   0: 0x80005b4a (0x0376b433) mulhu   s0, a3, s7
core   0: 3 0x80005b4a (0x0376b433) x 8 0x00000000
core   0: 0x80005b4e (0x03151133) mulh    sp, a0, a7
core   0: 3 0x80005b4e (0x03151133) x 2 0x00000000
core   0: 0x80005b52 (0x016e1493) slli    s1, t3, 22
core   0: 3 0x80005b52 (0x016e1493) x 9 0x00000000
core   0: 0x80005b56 (0x00409663) bne     ra, tp, pc + 12
core   0: 3 0x80005b56 (0x00409663)
core   0: 0x80005b62 (0x00006415) c.lui   s0, 0x5
core   0: 3 0x80005b62 (0x6415) x 8 0x00005000
core   0: 0x80005b64 (0x00009b96) c.add   s7, t0
core   0: 3 0x80005b64 (0x9b96) x23 0x0000144f
core   0: 0x80005b66 (0x0000e695) c.bnez  a3, pc + 44
core   0: 3 0x80005b66 (0xe695)
core   0: 0x80005b68 (0x0367d563) bge     a5, s6, pc + 42
core   0: 3 0x80005b68 (0x0367d563)
core   0: 0x80005b6c (0x01139463) bne     t2, a7, pc + 8
core   0: 3 0x80005b6c (0x01139463)
core   0: 0x80005b74 (0x00008edd) c.or    a3, a5
core   0: 3 0x80005b74 (0x8edd) x13 0x00000001
core   0: 0x80005b76 (0x4195d733) sra     a4, a1, s9
core   0: 3 0x80005b76 (0x4195d733) x14 0x00000000
core   0: 0x80005b7a (0x03dcaab3) mulhsu  s5, s9, t4
core   0: 3 0x80005b7a (0x03dcaab3) x21 0x00000000
core   0: 0x80005b7e (0x0000100f) fence.i
core   0: 3 0x80005b7e (0x0000100f)
core   0: 0x80005b82 (0x00525c93) srli    s9, tp, 5
core   0: 3 0x80005b82 (0x00525c93) x25 0x00000000
core   0: 0x80005b86 (0x000056fd) c.li    a3, -1
core   0: 3 0x80005b86 (0x56fd) x13 0xffffffff
core   0: 0x80005b88 (0x039005b3) mul     a1, zero, s9
core   0: 3 0x80005b88 (0x039005b3) x11 0x00000000
core   0: 0x80005b8c (0x01f79ab3) sll     s5, a5, t6
core   0: 3 0x80005b8c (0x01f79ab3) x21 0x00000001
core   0: 0x80005b90 (0x00008c15) c.sub   s0, a3
core   0: 3 0x80005b90 (0x8c15) x 8 0x00005001
core   0: 0x80005b92 (0x01f91513) slli    a0, s2, 31
core   0: 3 0x80005b92 (0x01f91513) x10 0x80000000
core   0: 0x80005b96 (0x02a3f133) remu    sp, t2, a0
core   0: 3 0x80005b96 (0x02a3f133) x 2 0x00026ce4
core   0: 0x80005b9a (0x07c20263) beq     tp, t3, pc + 100
core   0: 3 0x80005b9a (0x07c20263)
core   0: 0x80005b9e (0xff900713) li      a4, -7
core   0: 3 0x80005b9e (0xff900713) x14 0xfffffff9
core   0: 0x80005ba2 (0x022370b3) remu    ra, t1, sp
core   0: 3 0x80005ba2 (0x022370b3) x 1 0x00010fff
core   0: 0x80005ba6 (0x00000001) c.nop
core   0: 3 0x80005ba6 (0x0001)
core   0: 0x80005ba8 (0x01220633) add     a2, tp, s2
core   0: 3 0x80005ba8 (0x01220633) x12 0xfffffc12
core   0: 0x80005bac (0x40ad5e13) srai    t3, s10, 10
core   0: 3 0x80005bac (0x40ad5e13) x28 0x00000000
core   0: 0x80005bb0 (0x00009afa) c.add   s5, t5
core   0: 3 0x80005bb0 (0x9afa) x21 0x00000001
core   0: 0x80005bb2 (0x030746b3) div     a3, a4, a6
core   0: 3 0x80005bb2 (0x030746b3) x13 0x00000000
core   0: 0x80005bb6 (0x029cd8b3) divu    a7, s9, s1
core   0: 3 0x80005bb6 (0x029cd8b3) x17 0xffffffff
core   0: 0x80005bba (0x00000001) c.nop
core   0: 3 0x80005bba (0x0001)
core   0: 0x80005bbc (0x000e1ab3) sll     s5, t3, zero
core   0: 3 0x80005bbc (0x000e1ab3) x21 0x00000000
core   0: 0x80005bc0 (0x00008499) c.srai  s1, 6
core   0: 3 0x80005bc0 (0x8499) x 9 0x00000000
core   0: 0x80005bc2 (0x00025433) srl     s0, tp, zero
core   0: 3 0x80005bc2 (0x00025433) x 8 0x00000001
core   0: 0x80005bc6 (0x414e8a33) sub     s4, t4, s4
core   0: 3 0x80005bc6 (0x414e8a33) x20 0x00000006
core   0: 0x80005bca (0x00008f91) c.sub   a5, a2
core   0: 3 0x80005bca (0x8f91) x15 0x000003ef
core   0: 0x80005bcc (0xe94d7a13) andi    s4, s10, -364
core   0: 3 0x80005bcc (0xe94d7a13) x20 0x00000000
core   0: 0x80005bd0 (0x00000705) c.addi  a4, 1
core   0: 3 0x80005bd0 (0x0705) x14 0xfffffffa
core   0: 0x80005bd2 (0x4b5e8093) addi    ra, t4, 1205
core   0: 3 0x80005bd2 (0x4b5e8093) x 1 0x000004ba
core   0: 0x80005bd6 (0x00000e4e) c.slli  t3, 19
core   0: 3 0x80005bd6 (0x0e4e) x28 0x00000000
core   0: 0x80005bd8 (0x025f0433) mul     s0, t5, t0
core   0: 3 0x80005bd8 (0x025f0433) x 8 0x00000000
core   0: 0x80005bdc (0x00000001) c.nop
core   0: 3 0x80005bdc (0x0001)
core   0: 0x80005bde (0x0000717d) c.addi16sp sp, -16
core   0: 3 0x80005bde (0x717d) x 2 0x00026cd4
core   0: 0x80005be0 (0x00267533) and     a0, a2, sp
core   0: 3 0x80005be0 (0x00267533) x10 0x00026c10
core   0: 0x80005be4 (0x0000f36d) c.bnez  a4, pc - 30
core   0: 3 0x80005be4 (0xf36d)
core   0: 0x80005bc6 (0x414e8a33) sub     s4, t4, s4
core   0: 3 0x80005bc6 (0x414e8a33) x20 0x00000005
core   0: 0x80005bca (0x00008f91) c.sub   a5, a2
core   0: 3 0x80005bca (0x8f91) x15 0x000007dd
core   0: 0x80005bcc (0xe94d7a13) andi    s4, s10, -364
core   0: 3 0x80005bcc (0xe94d7a13) x20 0x00000000
core   0: 0x80005bd0 (0x00000705) c.addi  a4, 1
core   0: 3 0x80005bd0 (0x0705) x14 0xfffffffb
core   0: 0x80005bd2 (0x4b5e8093) addi    ra, t4, 1205
core   0: 3 0x80005bd2 (0x4b5e8093) x 1 0x000004ba
core   0: 0x80005bd6 (0x00000e4e) c.slli  t3, 19
core   0: 3 0x80005bd6 (0x0e4e) x28 0x00000000
core   0: 0x80005bd8 (0x025f0433) mul     s0, t5, t0
core   0: 3 0x80005bd8 (0x025f0433) x 8 0x00000000
core   0: 0x80005bdc (0x00000001) c.nop
core   0: 3 0x80005bdc (0x0001)
core   0: 0x80005bde (0x0000717d) c.addi16sp sp, -16
core   0: 3 0x80005bde (0x717d) x 2 0x00026cc4
core   0: 0x80005be0 (0x00267533) and     a0, a2, sp
core   0: 3 0x80005be0 (0x00267533) x10 0x00026c00
core   0: 0x80005be4 (0x0000f36d) c.bnez  a4, pc - 30
core   0: 3 0x80005be4 (0xf36d)
core   0: 0x80005bc6 (0x414e8a33) sub     s4, t4, s4
core   0: 3 0x80005bc6 (0x414e8a33) x20 0x00000005
core   0: 0x80005bca (0x00008f91) c.sub   a5, a2
core   0: 3 0x80005bca (0x8f91) x15 0x00000bcb
core   0: 0x80005bcc (0xe94d7a13) andi    s4, s10, -364
core   0: 3 0x80005bcc (0xe94d7a13) x20 0x00000000
core   0: 0x80005bd0 (0x00000705) c.addi  a4, 1
core   0: 3 0x80005bd0 (0x0705) x14 0xfffffffc
core   0: 0x80005bd2 (0x4b5e8093) addi    ra, t4, 1205
core   0: 3 0x80005bd2 (0x4b5e8093) x 1 0x000004ba
core   0: 0x80005bd6 (0x00000e4e) c.slli  t3, 19
core   0: 3 0x80005bd6 (0x0e4e) x28 0x00000000
core   0: 0x80005bd8 (0x025f0433) mul     s0, t5, t0
core   0: 3 0x80005bd8 (0x025f0433) x 8 0x00000000
core   0: 0x80005bdc (0x00000001) c.nop
core   0: 3 0x80005bdc (0x0001)
core   0: 0x80005bde (0x0000717d) c.addi16sp sp, -16
core   0: 3 0x80005bde (0x717d) x 2 0x00026cb4
core   0: 0x80005be0 (0x00267533) and     a0, a2, sp
core   0: 3 0x80005be0 (0x00267533) x10 0x00026c10
core   0: 0x80005be4 (0x0000f36d) c.bnez  a4, pc - 30
core   0: 3 0x80005be4 (0xf36d)
core   0: 0x80005bc6 (0x414e8a33) sub     s4, t4, s4
core   0: 3 0x80005bc6 (0x414e8a33) x20 0x00000005
core   0: 0x80005bca (0x00008f91) c.sub   a5, a2
core   0: 3 0x80005bca (0x8f91) x15 0x00000fb9
core   0: 0x80005bcc (0xe94d7a13) andi    s4, s10, -364
core   0: 3 0x80005bcc (0xe94d7a13) x20 0x00000000
core   0: 0x80005bd0 (0x00000705) c.addi  a4, 1
core   0: 3 0x80005bd0 (0x0705) x14 0xfffffffd
core   0: 0x80005bd2 (0x4b5e8093) addi    ra, t4, 1205
core   0: 3 0x80005bd2 (0x4b5e8093) x 1 0x000004ba
core   0: 0x80005bd6 (0x00000e4e) c.slli  t3, 19
core   0: 3 0x80005bd6 (0x0e4e) x28 0x00000000
core   0: 0x80005bd8 (0x025f0433) mul     s0, t5, t0
core   0: 3 0x80005bd8 (0x025f0433) x 8 0x00000000
core   0: 0x80005bdc (0x00000001) c.nop
core   0: 3 0x80005bdc (0x0001)
core   0: 0x80005bde (0x0000717d) c.addi16sp sp, -16
core   0: 3 0x80005bde (0x717d) x 2 0x00026ca4
core   0: 0x80005be0 (0x00267533) and     a0, a2, sp
core   0: 3 0x80005be0 (0x00267533) x10 0x00026c00
core   0: 0x80005be4 (0x0000f36d) c.bnez  a4, pc - 30
core   0: 3 0x80005be4 (0xf36d)
core   0: 0x80005bc6 (0x414e8a33) sub     s4, t4, s4
core   0: 3 0x80005bc6 (0x414e8a33) x20 0x00000005
core   0: 0x80005bca (0x00008f91) c.sub   a5, a2
core   0: 3 0x80005bca (0x8f91) x15 0x000013a7
core   0: 0x80005bcc (0xe94d7a13) andi    s4, s10, -364
core   0: 3 0x80005bcc (0xe94d7a13) x20 0x00000000
core   0: 0x80005bd0 (0x00000705) c.addi  a4, 1
core   0: 3 0x80005bd0 (0x0705) x14 0xfffffffe
core   0: 0x80005bd2 (0x4b5e8093) addi    ra, t4, 1205
core   0: 3 0x80005bd2 (0x4b5e8093) x 1 0x000004ba
core   0: 0x80005bd6 (0x00000e4e) c.slli  t3, 19
core   0: 3 0x80005bd6 (0x0e4e) x28 0x00000000
core   0: 0x80005bd8 (0x025f0433) mul     s0, t5, t0
core   0: 3 0x80005bd8 (0x025f0433) x 8 0x00000000
core   0: 0x80005bdc (0x00000001) c.nop
core   0: 3 0x80005bdc (0x0001)
core   0: 0x80005bde (0x0000717d) c.addi16sp sp, -16
core   0: 3 0x80005bde (0x717d) x 2 0x00026c94
core   0: 0x80005be0 (0x00267533) and     a0, a2, sp
core   0: 3 0x80005be0 (0x00267533) x10 0x00026c10
core   0: 0x80005be4 (0x0000f36d) c.bnez  a4, pc - 30
core   0: 3 0x80005be4 (0xf36d)
core   0: 0x80005bc6 (0x414e8a33) sub     s4, t4, s4
core   0: 3 0x80005bc6 (0x414e8a33) x20 0x00000005
core   0: 0x80005bca (0x00008f91) c.sub   a5, a2
core   0: 3 0x80005bca (0x8f91) x15 0x00001795
core   0: 0x80005bcc (0xe94d7a13) andi    s4, s10, -364
core   0: 3 0x80005bcc (0xe94d7a13) x20 0x00000000
core   0: 0x80005bd0 (0x00000705) c.addi  a4, 1
core   0: 3 0x80005bd0 (0x0705) x14 0xffffffff
core   0: 0x80005bd2 (0x4b5e8093) addi    ra, t4, 1205
core   0: 3 0x80005bd2 (0x4b5e8093) x 1 0x000004ba
core   0: 0x80005bd6 (0x00000e4e) c.slli  t3, 19
core   0: 3 0x80005bd6 (0x0e4e) x28 0x00000000
core   0: 0x80005bd8 (0x025f0433) mul     s0, t5, t0
core   0: 3 0x80005bd8 (0x025f0433) x 8 0x00000000
core   0: 0x80005bdc (0x00000001) c.nop
core   0: 3 0x80005bdc (0x0001)
core   0: 0x80005bde (0x0000717d) c.addi16sp sp, -16
core   0: 3 0x80005bde (0x717d) x 2 0x00026c84
core   0: 0x80005be0 (0x00267533) and     a0, a2, sp
core   0: 3 0x80005be0 (0x00267533) x10 0x00026c00
core   0: 0x80005be4 (0x0000f36d) c.bnez  a4, pc - 30
core   0: 3 0x80005be4 (0xf36d)
core   0: 0x80005bc6 (0x414e8a33) sub     s4, t4, s4
core   0: 3 0x80005bc6 (0x414e8a33) x20 0x00000005
core   0: 0x80005bca (0x00008f91) c.sub   a5, a2
core   0: 3 0x80005bca (0x8f91) x15 0x00001b83
core   0: 0x80005bcc (0xe94d7a13) andi    s4, s10, -364
core   0: 3 0x80005bcc (0xe94d7a13) x20 0x00000000
core   0: 0x80005bd0 (0x00000705) c.addi  a4, 1
core   0: 3 0x80005bd0 (0x0705) x14 0x00000000
core   0: 0x80005bd2 (0x4b5e8093) addi    ra, t4, 1205
core   0: 3 0x80005bd2 (0x4b5e8093) x 1 0x000004ba
core   0: 0x80005bd6 (0x00000e4e) c.slli  t3, 19
core   0: 3 0x80005bd6 (0x0e4e) x28 0x00000000
core   0: 0x80005bd8 (0x025f0433) mul     s0, t5, t0
core   0: 3 0x80005bd8 (0x025f0433) x 8 0x00000000
core   0: 0x80005bdc (0x00000001) c.nop
core   0: 3 0x80005bdc (0x0001)
core   0: 0x80005bde (0x0000717d) c.addi16sp sp, -16
core   0: 3 0x80005bde (0x717d) x 2 0x00026c74
core   0: 0x80005be0 (0x00267533) and     a0, a2, sp
core   0: 3 0x80005be0 (0x00267533) x10 0x00026c10
core   0: 0x80005be4 (0x0000f36d) c.bnez  a4, pc - 30
core   0: 3 0x80005be4 (0xf36d)
core   0: 0x80005be6 (0x00000001) c.nop
core   0: 3 0x80005be6 (0x0001)
core   0: 0x80005be8 (0x01cd9813) slli    a6, s11, 28
core   0: 3 0x80005be8 (0x01cd9813) x16 0x30000000
core   0: 0x80005bec (0xb54f7513) andi    a0, t5, -1196
core   0: 3 0x80005bec (0xb54f7513) x10 0x00000000
core   0: 0x80005bf0 (0x0254de63) bge     s1, t0, pc + 60
core   0: 3 0x80005bf0 (0x0254de63)
core   0: 0x80005bf4 (0x00e39f63) bne     t2, a4, pc + 30
core   0: 3 0x80005bf4 (0x00e39f63)
core   0: 0x80005c12 (0x0000717d) c.addi16sp sp, -16
core   0: 3 0x80005c12 (0x717d) x 2 0x00026c64
core   0: 0x80005c14 (0x00009cae) c.add   s9, a1
core   0: 3 0x80005c14 (0x9cae) x25 0x00000000
core   0: 0x80005c16 (0x00008591) c.srai  a1, 4
core   0: 3 0x80005c16 (0x8591) x11 0x00000000
core   0: 0x80005c18 (0x02138a33) mul     s4, t2, ra
core   0: 3 0x80005c18 (0x02138a33) x20 0x0b76ada8
core   0: 0x80005c1c (0x0000cdd9) c.beqz  a1, pc + 158
core   0: 3 0x80005c1c (0xcdd9)
core   0: 0x80005cba (0x0ff0000f) fence   iorw,iorw
core   0: 3 0x80005cba (0x0ff0000f)
core   0: 0x80005cbe (0x01c988b3) add     a7, s3, t3
core   0: 3 0x80005cbe (0x01c988b3) x17 0x80022e64
core   0: 0x80005cc2 (0x00008fd1) c.or    a5, a2
core   0: 3 0x80005cc2 (0x8fd1) x15 0xffffff93
core   0: 0x80005cc4 (0x0000100f) fence.i
core   0: 3 0x80005cc4 (0x0000100f)
core   0: 0x80005cc8 (0x00008cd1) c.or    s1, a2
core   0: 3 0x80005cc8 (0x8cd1) x 9 0xfffffc12
core   0: 0x80005cca (0x040d9263) bnez    s11, pc + 68
core   0: 3 0x80005cca (0x040d9263)
core   0: 0x80005d0e (0x000087d9) c.srai  a5, 22
core   0: 3 0x80005d0e (0x87d9) x15 0xffffffff
core   0: 0x80005d10 (0x000082d5) c.srli  a3, 21
core   0: 3 0x80005d10 (0x82d5) x13 0x00000000
core   0: 0x80005d12 (0x0000c899) c.beqz  s1, pc + 22
core   0: 3 0x80005d12 (0xc899)
core   0: 0x80005d14 (0x0000922e) c.add   tp, a1
core   0: 3 0x80005d14 (0x922e) x 4 0x00000001
core   0: 0x80005d16 (0x402c5233) sra     tp, s8, sp
core   0: 3 0x80005d16 (0x402c5233) x 4 0x00000100
core   0: 0x80005d1a (0x029ed6b3) divu    a3, t4, s1
core   0: 3 0x80005d1a (0x029ed6b3) x13 0x00000000
core   0: 0x80005d1e (0x0181f263) bgeu    gp, s8, pc + 4
core   0: 3 0x80005d1e (0x0181f263)
core   0: 0x80005d22 (0x00008ea9) c.xor   a3, a0
core   0: 3 0x80005d22 (0x8ea9) x13 0x00000000
core   0: 0x80005d24 (0x02a7bbb3) mulhu   s7, a5, a0
core   0: 3 0x80005d24 (0x02a7bbb3) x23 0x00000000
core   0: 0x80005d28 (0x41828d33) sub     s10, t0, s8
core   0: 3 0x80005d28 (0x41828d33) x26 0xfffff002
core   0: 0x80005d2c (0x41a1d693) srai    a3, gp, 26
core   0: 3 0x80005d2c (0x41a1d693) x13 0xffffffff
core   0: 0x80005d30 (0x01621813) slli    a6, tp, 22
core   0: 3 0x80005d30 (0x01621813) x16 0x40000000
core   0: 0x80005d34 (0x15926b97) auipc   s7, 0x15926
core   0: 3 0x80005d34 (0x15926b97) x23 0x9592bd34
core   0: 0x80005d38 (0x02ecbcb3) mulhu   s9, s9, a4
core   0: 3 0x80005d38 (0x02ecbcb3) x25 0x00000000
core   0: 0x80005d3c (0x0000100f) fence.i
core   0: 3 0x80005d3c (0x0000100f)
core   0: 0x80005d40 (0x0049d863) bge     s3, tp, pc + 16
core   0: 3 0x80005d40 (0x0049d863)
core   0: 0x80005d44 (0x012e1463) bne     t3, s2, pc + 8
core   0: 3 0x80005d44 (0x012e1463)
core   0: 0x80005d4c (0x01599663) bne     s3, s5, pc + 12
core   0: 3 0x80005d4c (0x01599663)
core   0: 0x80005d58 (0x0ff0000f) fence   iorw,iorw
core   0: 3 0x80005d58 (0x0ff0000f)
core   0: 0x80005d5c (0x0ff0000f) fence   iorw,iorw
core   0: 3 0x80005d5c (0x0ff0000f)
core   0: 0x80005d60 (0x00001d80) c.addi4spn s0, sp, 752
core   0: 3 0x80005d60 (0x1d80) x 8 0x00026f54
core   0: 0x80005d62 (0x005f0663) beq     t5, t0, pc + 12
core   0: 3 0x80005d62 (0x005f0663)
core   0: 0x80005d66 (0x02262913) slti    s2, a2, 34
core   0: 3 0x80005d66 (0x02262913) x18 0x00000001
core   0: 0x80005d6a (0x00000001) c.nop
core   0: 3 0x80005d6a (0x0001)
core   0: 0x80005d6c (0x00001110) c.addi4spn a2, sp, 160
core   0: 3 0x80005d6c (0x1110) x12 0x00026d04
core   0: 0x80005d6e (0x596dbd37) lui     s10, 0x596db
core   0: 3 0x80005d6e (0x596dbd37) x26 0x596db000
core   0: 0x80005d72 (0x00001dfd) c.addi  s11, -1
core   0: 3 0x80005d72 (0x1dfd) x27 0xfffffbb2
core   0: 0x80005d74 (0x00008f2d) c.xor   a4, a1
core   0: 3 0x80005d74 (0x8f2d) x14 0x00000000
core   0: 0x80005d76 (0x00000001) c.nop
core   0: 3 0x80005d76 (0x0001)
core   0: 0x80005d78 (0x008bf1b3) and     gp, s7, s0
core   0: 3 0x80005d78 (0x008bf1b3) x 3 0x00022d14
core   0: 0x80005d7c (0x00000799) c.addi  a5, 6
core   0: 3 0x80005d7c (0x0799) x15 0x00000005
core   0: 0x80005d7e (0x40d85433) sra     s0, a6, a3
core   0: 3 0x80005d7e (0x40d85433) x 8 0x00000000
core   0: 0x80005d82 (0x01461933) sll     s2, a2, s4
core   0: 3 0x80005d82 (0x01461933) x18 0x026d0400
core   0: 0x80005d86 (0x00499f33) sll     t5, s3, tp
core   0: 3 0x80005d86 (0x00499f33) x30 0x80022e64
core   0: 0x80005d8a (0x0ff0000f) fence   iorw,iorw
core   0: 3 0x80005d8a (0x0ff0000f)
core   0: 0x80005d8e (0x00f3dbb3) srl     s7, t2, a5
core   0: 3 0x80005d8e (0x00f3dbb3) x23 0x04001367
core   0: 0x80005d92 (0x00008df1) c.and   a1, a2
core   0: 3 0x80005d92 (0x8df1) x11 0x00000000
core   0: 0x80005d94 (0x00009bfd) c.andi  a5, -1
core   0: 3 0x80005d94 (0x9bfd) x15 0x00000005
core   0: 0x80005d96 (0x00008e65) c.and   a2, s1
core   0: 3 0x80005d96 (0x8e65) x12 0x00026c00
core   0: 0x80005d98 (0x00000001) c.nop
core   0: 3 0x80005d98 (0x0001)
core   0: 0x80005d9a (0x0bd43613) sltiu   a2, s0, 189
core   0: 3 0x80005d9a (0x0bd43613) x12 0x00000001
core   0: 0x80005d9e (0x00000001) c.nop
core   0: 3 0x80005d9e (0x0001)
core   0: 0x80005da0 (0x00e77833) and     a6, a4, a4
core   0: 3 0x80005da0 (0x00e77833) x16 0x00000000
core   0: 0x80005da4 (0x03477833) remu    a6, a4, s4
core   0: 3 0x80005da4 (0x03477833) x16 0x00000000
core   0: 0x80005da8 (0x00000621) c.addi  a2, 8
core   0: 3 0x80005da8 (0x0621) x12 0x00000009
core   0: 0x80005daa (0x01bfec33) or      s8, t6, s11
core   0: 3 0x80005daa (0x01bfec33) x24 0xfffffbb2
core   0: 0x80005dae (0x00000001) c.nop
core   0: 3 0x80005dae (0x0001)
core   0: 0x80005db0 (0x033c6233) rem     tp, s8, s3
core   0: 3 0x80005db0 (0x033c6233) x 4 0xfffffbb2
core   0: 0x80005db4 (0x03342eb3) mulhsu  t4, s0, s3
core   0: 3 0x80005db4 (0x03342eb3) x29 0x00000000
core   0: 0x80005db8 (0x004c0bb3) add     s7, s8, tp
core   0: 3 0x80005db8 (0x004c0bb3) x23 0xfffff764
core   0: 0x80005dbc (0x00006529) c.lui   a0, 0xa
core   0: 3 0x80005dbc (0x6529) x10 0x0000a000
core   0: 0x80005dbe (0x0030a833) slt     a6, ra, gp
core   0: 3 0x80005dbe (0x0030a833) x16 0x00000001
core   0: 0x80005dc2 (0x00008ce5) c.and   s1, s1
core   0: 3 0x80005dc2 (0x8ce5) x 9 0xfffffc12
core   0: 0x80005dc4 (0x02ac7d33) remu    s10, s8, a0
core   0: 3 0x80005dc4 (0x02ac7d33) x26 0x00005bb2
core   0: 0x80005dc8 (0x0000920a) c.add   tp, sp
core   0: 3 0x80005dc8 (0x920a) x 4 0x00026816
core   0: 0x80005dca (0x0000cd15) c.beqz  a0, pc + 60
core   0: 3 0x80005dca (0xcd15)
core   0: 0x80005dcc (0x00729d63) bne     t0, t2, pc + 26
core   0: 3 0x80005dcc (0x00729d63)
core   0: 0x80005de6 (0x003f9c33) sll     s8, t6, gp
core   0: 3 0x80005de6 (0x003f9c33) x24 0x00000000
core   0: 0x80005dea (0x00000001) c.nop
core   0: 3 0x80005dea (0x0001)
core   0: 0x80005dec (0x028635b3) mulhu   a1, a2, s0
core   0: 3 0x80005dec (0x028635b3) x11 0x00000000
core   0: 0x80005df0 (0x00008121) c.srli  a0, 8
core   0: 3 0x80005df0 (0x8121) x10 0x000000a0
core   0: 0x80005df2 (0x0000051a) c.slli  a0, 6
core   0: 3 0x80005df2 (0x051a) x10 0x00002800
core   0: 0x80005df4 (0x0000ec95) c.bnez  s1, pc + 60
core   0: 3 0x80005df4 (0xec95)
core   0: 0x80005e30 (0x012a7133) and     sp, s4, s2
core   0: 3 0x80005e30 (0x012a7133) x 2 0x02640400
core   0: 0x80005e34 (0x0421d063) bge     gp, sp, pc + 64
core   0: 3 0x80005e34 (0x0421d063)
core   0: 0x80005e38 (0x0000044d) c.addi  s0, 19
core   0: 3 0x80005e38 (0x044d) x 8 0x00000013
core   0: 0x80005e3a (0x008e5613) srli    a2, t3, 8
core   0: 3 0x80005e3a (0x008e5613) x12 0x00000000
core   0: 0x80005e3e (0x00000852) c.slli  a6, 20
core   0: 3 0x80005e3e (0x0852) x16 0x00100000
core   0: 0x80005e40 (0x020f7c33) remu    s8, t5, zero
core   0: 3 0x80005e40 (0x020f7c33) x24 0x80022e64
core   0: 0x80005e44 (0x01da1f63) bne     s4, t4, pc + 30
core   0: 3 0x80005e44 (0x01da1f63)
core   0: 0x80005e62 (0x02ea7f63) bgeu    s4, a4, pc + 62
core   0: 3 0x80005e62 (0x02ea7f63)
core   0: 0x80005ea0 (0x00008192) c.mv    gp, tp
core   0: 3 0x80005ea0 (0x8192) x 3 0x00026816
core   0: 0x80005ea2 (0x0000c089) c.beqz  s1, pc + 2
core   0: 3 0x80005ea2 (0xc089)
core   0: 0x80005ea4 (0xf6adca13) xori    s4, s11, -150
core   0: 3 0x80005ea4 (0xf6adca13) x20 0x000004d8
core   0: 0x80005ea8 (0x41f95233) sra     tp, s2, t6
core   0: 3 0x80005ea8 (0x41f95233) x 4 0x026d0400
core   0: 0x80005eac (0x416c51b3) sra     gp, s8, s6
core   0: 3 0x80005eac (0x416c51b3) x 3 0xffffffe0
core   0: 0x80005eb0 (0x00006129) c.addi16sp sp, 192
core   0: 3 0x80005eb0 (0x6129) x 2 0x026404c0
core   0: 0x80005eb2 (0x000084ba) c.mv    s1, a4
core   0: 3 0x80005eb2 (0x84ba) x 9 0x00000000
core   0: 0x80005eb4 (0x00fda333) slt     t1, s11, a5
core   0: 3 0x80005eb4 (0x00fda333) x 6 0x00000001
core   0: 0x80005eb8 (0x04478b63) beq     a5, tp, pc + 86
core   0: 3 0x80005eb8 (0x04478b63)
core   0: 0x80005ebc (0x055ddf63) bge     s11, s5, pc + 94
core   0: 3 0x80005ebc (0x055ddf63)
core   0: 0x80005ec0 (0x00008f61) c.and   a4, s0
core   0: 3 0x80005ec0 (0x8f61) x14 0x00000000
core   0: 0x80005ec2 (0x01cd5e13) srli    t3, s10, 28
core   0: 3 0x80005ec2 (0x01cd5e13) x28 0x00000000
core   0: 0x80005ec6 (0x02e61833) mulh    a6, a2, a4
core   0: 3 0x80005ec6 (0x02e61833) x16 0x00000000
core   0: 0x80005eca (0xffb00a13) li      s4, -5
core   0: 3 0x80005eca (0xffb00a13) x20 0xfffffffb
core   0: 0x80005ece (0x01914333) xor     t1, sp, s9
core   0: 3 0x80005ece (0x01914333) x 6 0x026404c0
core   0: 0x80005ed2 (0xff500693) li      a3, -11
core   0: 3 0x80005ed2 (0xff500693) x13 0xfffffff5
core   0: 0x80005ed6 (0x0000882d) c.andi  s0, 11
core   0: 3 0x80005ed6 (0x882d) x 8 0x00000003
core   0: 0x80005ed8 (0x00008c71) c.and   s0, a2
core   0: 3 0x80005ed8 (0x8c71) x 8 0x00000000
core   0: 0x80005eda (0x00001a59) c.addi  s4, -10
core   0: 3 0x80005eda (0x1a59) x20 0xfffffff1
core   0: 0x80005edc (0x000083c5) c.srli  a5, 17
core   0: 3 0x80005edc (0x83c5) x15 0x00000000
core   0: 0x80005ede (0x00000593) li      a1, 0
core   0: 3 0x80005ede (0x00000593) x11 0x00000000
core   0: 0x80005ee2 (0x60ea8b93) addi    s7, s5, 1550
core   0: 3 0x80005ee2 (0x60ea8b93) x23 0x0000060e
core   0: 0x80005ee6 (0xfff00e13) li      t3, -1
core   0: 3 0x80005ee6 (0xfff00e13) x28 0xffffffff
core   0: 0x80005eea (0x00a8f4b3) and     s1, a7, a0
core   0: 3 0x80005eea (0x00a8f4b3) x 9 0x00002800
core   0: 0x80005eee (0x01c050b3) srl     ra, zero, t3
core   0: 3 0x80005eee (0x01c050b3) x 1 0x00000000
core   0: 0x80005ef2 (0x000015e5) c.addi  a1, -7
core   0: 3 0x80005ef2 (0x15e5) x11 0xfffffff9
core   0: 0x80005ef4 (0xc7127e93) andi    t4, tp, -911
core   0: 3 0x80005ef4 (0xc7127e93) x29 0x026d0400
core   0: 0x80005ef8 (0xffc5d9e3) bge     a1, t3, pc - 14
core   0: 3 0x80005ef8 (0xffc5d9e3)
core   0: 0x80005efc (0xfcda5ee3) bge     s4, a3, pc - 36
core   0: 3 0x80005efc (0xfcda5ee3)
core   0: 0x80005f00 (0x00001700) c.addi4spn s0, sp, 928
core   0: 3 0x80005f00 (0x1700) x 8 0x02640860
core   0: 0x80005f02 (0x03fec463) blt     t4, t6, pc + 40
core   0: 3 0x80005f02 (0x03fec463)
core   0: 0x80005f06 (0x00000001) c.nop
core   0: 3 0x80005f06 (0x0001)
core   0: 0x80005f08 (0x00386633) or      a2, a6, gp
core   0: 3 0x80005f08 (0x00386633) x12 0xffffffe0
core   0: 0x80005f0c (0x0000717d) c.addi16sp sp, -16
core   0: 3 0x80005f0c (0x717d) x 2 0x026404b0
core   0: 0x80005f0e (0x0000c111) c.beqz  a0, pc + 4
core   0: 3 0x80005f0e (0xc111)
core   0: 0x80005f10 (0x00008c35) c.xor   s0, a3
core   0: 3 0x80005f10 (0x8c35) x 8 0xfd9bf795
core   0: 0x80005f12 (0x00e8cd33) xor     s10, a7, a4
core   0: 3 0x80005f12 (0x00e8cd33) x26 0x80022e64
core   0: 0x80005f16 (0x41468533) sub     a0, a3, s4
core   0: 3 0x80005f16 (0x41468533) x10 0x00000004
core   0: 0x80005f1a (0x02ccda33) divu    s4, s9, a2
core   0: 3 0x80005f1a (0x02ccda33) x20 0x00000000
core   0: 0x80005f1e (0x41f20033) sub     zero, tp, t6
core   0: 3 0x80005f1e (0x41f20033)
core   0: 0x80005f22 (0x0000717d) c.addi16sp sp, -16
core   0: 3 0x80005f22 (0x717d) x 2 0x026404a0
core   0: 0x80005f24 (0x00008c79) c.and   s0, a4
core   0: 3 0x80005f24 (0x8c79) x 8 0x00000000
core   0: 0x80005f26 (0x03b5b4b3) mulhu   s1, a1, s11
core   0: 3 0x80005f26 (0x03b5b4b3) x 9 0xfffffbab
core   0: 0x80005f2a (0x00349513) slli    a0, s1, 3
core   0: 3 0x80005f2a (0x00349513) x10 0xffffdd58
core   0: 0x80005f2e (0x00000001) c.nop
core   0: 3 0x80005f2e (0x0001)
core   0: 0x80005f30 (0xde1e2217) auipc   tp, 0xde1e2
core   0: 3 0x80005f30 (0xde1e2217) x 4 0x5e1e7f30
core   0: 0x80005f34 (0x00008f61) c.and   a4, s0
core   0: 3 0x80005f34 (0x8f61) x14 0x00000000
core   0: 0x80005f36 (0x00008e8d) c.sub   a3, a1
core   0: 3 0x80005f36 (0x8e8d) x13 0xfffffffc
core   0: 0x80005f38 (0x000084a5) c.srai  s1, 9
core   0: 3 0x80005f38 (0x84a5) x 9 0xfffffffd
core   0: 0x80005f3a (0x00008c11) c.sub   s0, a2
core   0: 3 0x80005f3a (0x8c11) x 8 0x00000020
core   0: 0x80005f3c (0x6df6a117) auipc   sp, 0x6df6a
core   0: 3 0x80005f3c (0x6df6a117) x 2 0xedf6ff3c
core   0: 0x80005f40 (0x01cc1eb3) sll     t4, s8, t3
core   0: 3 0x80005f40 (0x01cc1eb3) x29 0x00000000
core   0: 0x80005f44 (0x00c5efb3) or      t6, a1, a2
core   0: 3 0x80005f44 (0x00c5efb3) x31 0xfffffff9
core   0: 0x80005f48 (0x00009ff6) c.add   t6, t4
core   0: 3 0x80005f48 (0x9ff6) x31 0xfffffff9
core   0: 0x80005f4a (0x000016fd) c.addi  a3, -1
core   0: 3 0x80005f4a (0x16fd) x13 0xfffffffb
core   0: 0x80005f4c (0x0ff0000f) fence   iorw,iorw
core   0: 3 0x80005f4c (0x0ff0000f)
core   0: 0x80005f50 (0x000087fd) c.srai  a5, 31
core   0: 3 0x80005f50 (0x87fd) x15 0x00000000
core   0: 0x80005f52 (0x001da133) slt     sp, s11, ra
core   0: 3 0x80005f52 (0x001da133) x 2 0x00000001
core   0: 0x80005f56 (0x029fe433) rem     s0, t6, s1
core   0: 3 0x80005f56 (0x029fe433) x 8 0xffffffff
core   0: 0x80005f5a (0x02d247b3) div     a5, tp, a3
core   0: 3 0x80005f5a (0x02d247b3) x15 0xed2d19c4
core   0: 0x80005f5e (0x401f5633) sra     a2, t5, ra
core   0: 3 0x80005f5e (0x401f5633) x12 0x80022e64
core   0: 0x80005f62 (0x0116fcb3) and     s9, a3, a7
core   0: 3 0x80005f62 (0x0116fcb3) x25 0x80022e60
core   0: 0x80005f66 (0x0000127d) c.addi  tp, -1
core   0: 3 0x80005f66 (0x127d) x 4 0x5e1e7f2f
core   0: 0x80005f68 (0x03281b63) bne     a6, s2, pc + 54
core   0: 3 0x80005f68 (0x03281b63)
core   0: 0x80005f9e (0xdd425e97) auipc   t4, 0xdd425
core   0: 3 0x80005f9e (0xdd425e97) x29 0x5d42af9e
core   0: 0x80005fa2 (0x41188433) sub     s0, a7, a7
core   0: 3 0x80005fa2 (0x41188433) x 8 0x00000000
core   0: 0x80005fa6 (0x0264fc33) remu    s8, s1, t1
core   0: 3 0x80005fa6 (0x0264fc33) x24 0x003203bd
core   0: 0x80005faa (0x03e75d63) bge     a4, t5, pc + 58
core   0: 3 0x80005faa (0x03e75d63)
core   0: 0x80005fe4 (0x024c9763) bne     s9, tp, pc + 46
core   0: 3 0x80005fe4 (0x024c9763)
core   0: 0x80006012 (0x00008592) c.mv    a1, tp
core   0: 3 0x80006012 (0x8592) x11 0x5e1e7f2f
core   0: 0x80006014 (0x00008692) c.mv    a3, tp
core   0: 3 0x80006014 (0x8692) x13 0x5e1e7f2f
core   0: 0x80006016 (0x005d06b3) add     a3, s10, t0
core   0: 3 0x80006016 (0x005d06b3) x13 0x80022e66
core   0: 0x8000601a (0x013bc333) xor     t1, s7, s3
core   0: 3 0x8000601a (0x013bc333) x 6 0x8002286a
core   0: 0x8000601e (0x03c9bcb3) mulhu   s9, s3, t3
core   0: 3 0x8000601e (0x03c9bcb3) x25 0x80022e63
core   0: 0x80006022 (0x01500133) add     sp, zero, s5
core   0: 3 0x80006022 (0x01500133) x 2 0x00000000
core   0: 0x80006026 (0x00008e59) c.or    a2, a4
core   0: 3 0x80006026 (0x8e59) x12 0x80022e64
core   0: 0x80006028 (0x41a30033) sub     zero, t1, s10
core   0: 3 0x80006028 (0x41a30033)
core   0: 0x8000602c (0x02545033) divu    zero, s0, t0
core   0: 3 0x8000602c (0x02545033)
core   0: 0x80006030 (0x9ba28317) auipc   t1, 0x9ba28
core   0: 3 0x80006030 (0x9ba28317) x 6 0x1ba2e030
core   0: 0x80006034 (0x01ae95b3) sll     a1, t4, s10
core   0: 3 0x80006034 (0x01ae95b3) x11 0xd42af9e0
core   0: 0x80006038 (0x9483b313) sltiu   t1, t2, -1720
core   0: 3 0x80006038 (0x9483b313) x 6 0x00000001
core   0: 0x8000603c (0x00006c75) c.lui   s8, 0x1d
core   0: 3 0x8000603c (0x6c75) x24 0x0001d000
core   0: 0x8000603e (0x00f6ec63) bltu    a3, a5, pc + 24
core   0: 3 0x8000603e (0x00f6ec63)
core   0: 0x80006056 (0x00008ea5) c.xor   a3, s1
core   0: 3 0x80006056 (0x8ea5) x13 0x7ffdd19b
core   0: 0x80006058 (0x000087dd) c.srai  a5, 23
core   0: 3 0x80006058 (0x87dd) x15 0xffffffda
core   0: 0x8000605a (0x0280acb3) mulhsu  s9, ra, s0
core   0: 3 0x8000605a (0x0280acb3) x25 0x00000000
core   0: 0x8000605e (0x0000100f) fence.i
core   0: 3 0x8000605e (0x0000100f)
core   0: 0x80006062 (0x03b92333) mulhsu  t1, s2, s11
core   0: 3 0x80006062 (0x03b92333) x 6 0x026d03f5
core   0: 0x80006066 (0x00000001) c.nop
core   0: 3 0x80006066 (0x0001)
core   0: 0x80006068 (0x00008c85) c.sub   s1, s1
core   0: 3 0x80006068 (0x8c85) x 9 0x00000000
core   0: 0x8000606a (0x013f3db7) lui     s11, 0x13f3
core   0: 3 0x8000606a (0x013f3db7) x27 0x013f3000
core   0: 0x8000606e (0x00621cb3) sll     s9, tp, t1
core   0: 3 0x8000606e (0x00621cb3) x25 0xe5e00000
core   0: 0x80006072 (0x407a5613) srai    a2, s4, 7
core   0: 3 0x80006072 (0x407a5613) x12 0x00000000
core   0: 0x80006076 (0x001ec4b3) xor     s1, t4, ra
core   0: 3 0x80006076 (0x001ec4b3) x 9 0x5d42af9e
core   0: 0x8000607a (0x0353ceb3) div     t4, t2, s5
core   0: 3 0x8000607a (0x0353ceb3) x29 0xffffffff
core   0: 0x8000607e (0x022cc933) div     s2, s9, sp
core   0: 3 0x8000607e (0x022cc933) x18 0xffffffff
core   0: 0x80006082 (0x00006931) c.lui   s2, 0xc
core   0: 3 0x80006082 (0x6931) x18 0x0000c000
core   0: 0x80006084 (0xe3354d13) xori    s10, a0, -461
core   0: 3 0x80006084 (0xe3354d13) x26 0x0000236b
core   0: 0x80006088 (0x03a900b3) mul     ra, s2, s10
core   0: 3 0x80006088 (0x03a900b3) x 1 0x1a904000
core   0: 0x8000608c (0x00000001) c.nop
core   0: 3 0x8000608c (0x0001)
core   0: 0x8000608e (0x01f6f8b3) and     a7, a3, t6
core   0: 3 0x8000608e (0x01f6f8b3) x17 0x7ffdd199
core   0: 0x80006092 (0x0000613d) c.addi16sp sp, 480
core   0: 3 0x80006092 (0x613d) x 2 0x000001e0
core   0: 0x80006094 (0x00008db5) c.xor   a1, a3
core   0: 3 0x80006094 (0x8db5) x11 0xabd7287b
core   0: 0x80006096 (0x000008e5) c.addi  a7, 25
core   0: 3 0x80006096 (0x08e5) x17 0x7ffdd1b2
core   0: 0x80006098 (0x75d86313) ori     t1, a6, 1885
core   0: 3 0x80006098 (0x75d86313) x 6 0x0000075d
core   0: 0x8000609c (0x0301e233) rem     tp, gp, a6
core   0: 3 0x8000609c (0x0301e233) x 4 0xffffffe0
core   0: 0x800060a0 (0x788b6a93) ori     s5, s6, 1928
core   0: 3 0x800060a0 (0x788b6a93) x21 0x4c401fba
core   0: 0x800060a4 (0x00001110) c.addi4spn a2, sp, 160
core   0: 3 0x800060a4 (0x1110) x12 0x00000280
core   0: 0x800060a6 (0x03767c33) remu    s8, a2, s7
core   0: 3 0x800060a6 (0x03767c33) x24 0x00000280
core   0: 0x800060aa (0x000068f1) c.lui   a7, 0x1c
core   0: 3 0x800060aa (0x68f1) x17 0x0001c000
core   0: 0x800060ac (0x000055fd) c.li    a1, -1
core   0: 3 0x800060ac (0x55fd) x11 0xffffffff
core   0: 0x800060ae (0x0076d833) srl     a6, a3, t2
core   0: 3 0x800060ae (0x0076d833) x16 0x07ffdd19
core   0: 0x800060b2 (0x02650363) beq     a0, t1, pc + 38
core   0: 3 0x800060b2 (0x02650363)
core   0: 0x800060b6 (0x00006365) c.lui   t1, 0x19
core   0: 3 0x800060b6 (0x6365) x 6 0x00019000
core   0: 0x800060b8 (0x01813333) sltu    t1, sp, s8
core   0: 3 0x800060b8 (0x01813333) x 6 0x00000001
core   0: 0x800060bc (0x1d44e313) ori     t1, s1, 468
core   0: 3 0x800060bc (0x1d44e313) x 6 0x5d42afde
core   0: 0x800060c0 (0x0000e1a1) c.bnez  a1, pc + 64
core   0: 3 0x800060c0 (0xe1a1)
core   0: 0x80006100 (0x1ce8f493) andi    s1, a7, 462
core   0: 3 0x80006100 (0x1ce8f493) x 9 0x00000000
core   0: 0x80006104 (0x4190d913) srai    s2, ra, 25
core   0: 3 0x80006104 (0x4190d913) x18 0x0000000d
core   0: 0x80006108 (0x00000001) c.nop
core   0: 3 0x80006108 (0x0001)
core   0: 0x8000610a (0x89aea893) slti    a7, t4, -1894
core   0: 3 0x8000610a (0x89aea893) x17 0x00000000
core   0: 0x8000610e (0x12806913) ori     s2, zero, 296
core   0: 3 0x8000610e (0x12806913) x18 0x00000128
core   0: 0x80006112 (0x03abe0b3) rem     ra, s7, s10
core   0: 3 0x80006112 (0x03abe0b3) x 1 0x0000060e
core   0: 0x80006116 (0x027f6933) rem     s2, t5, t2
core   0: 3 0x80006116 (0x027f6933) x18 0xffffc180
core   0: 0x8000611a (0x01888db3) add     s11, a7, s8
core   0: 3 0x8000611a (0x01888db3) x27 0x00000280
core   0: 0x8000611e (0x00008cf2) c.mv    s9, t3
core   0: 3 0x8000611e (0x8cf2) x25 0xffffffff
core   0: 0x80006120 (0x00940e63) beq     s0, s1, pc + 28
core   0: 3 0x80006120 (0x00940e63)
core   0: 0x8000613c (0x03134533) div     a0, t1, a7
core   0: 3 0x8000613c (0x03134533) x10 0xffffffff
core   0: 0x80006140 (0x0025dc33) srl     s8, a1, sp
core   0: 3 0x80006140 (0x0025dc33) x24 0xffffffff
core   0: 0x80006144 (0x03b3c663) blt     t2, s11, pc + 44
core   0: 3 0x80006144 (0x03b3c663)
core   0: 0x80006170 (0x0ff0000f) fence   iorw,iorw
core   0: 3 0x80006170 (0x0ff0000f)
core   0: 0x80006174 (0x02c4ab33) mulhsu  s6, s1, a2
core   0: 3 0x80006174 (0x02c4ab33) x22 0x00000000
core   0: 0x80006178 (0x08af3c93) sltiu   s9, t5, 138
core   0: 3 0x80006178 (0x08af3c93) x25 0x00000000
core   0: 0x8000617c (0x00000001) c.nop
core   0: 3 0x8000617c (0x0001)
core   0: 0x8000617e (0x0ff0000f) fence   iorw,iorw
core   0: 3 0x8000617e (0x0ff0000f)
core   0: 0x80006182 (0x00009da6) c.add   s11, s1
core   0: 3 0x80006182 (0x9da6) x27 0x00000280
core   0: 0x80006184 (0x0037b533) sltu    a0, a5, gp
core   0: 3 0x80006184 (0x0037b533) x10 0x00000001
core   0: 0x80006188 (0x01a9d763) bge     s3, s10, pc + 14
core   0: 3 0x80006188 (0x01a9d763)
core   0: 0x8000618c (0x01eeebb3) or      s7, t4, t5
core   0: 3 0x8000618c (0x01eeebb3) x23 0xffffffff
core   0: 0x80006190 (0x00008e85) c.sub   a3, s1
core   0: 3 0x80006190 (0x8e85) x13 0x7ffdd19b
core   0: 0x80006192 (0x415dd493) srai    s1, s11, 21
core   0: 3 0x80006192 (0x415dd493) x 9 0x00000000
core   0: 0x80006196 (0x98722617) auipc   a2, 0x98722
core   0: 3 0x80006196 (0x98722617) x12 0x18728196
core   0: 0x8000619a (0x02423533) mulhu   a0, tp, tp
core   0: 3 0x8000619a (0x02423533) x10 0xffffffc0
core   0: 0x8000619e (0x00008671) c.srai  a2, 28
core   0: 3 0x8000619e (0x8671) x12 0x00000001
core   0: 0x800061a0 (0xf9b50093) addi    ra, a0, -101
core   0: 3 0x800061a0 (0xf9b50093) x 1 0xffffff5b
core   0: 0x800061a4 (0x00fcca33) xor     s4, s9, a5
core   0: 3 0x800061a4 (0x00fcca33) x20 0xffffffda
core   0: 0x800061a8 (0x99cbe093) ori     ra, s7, -1636
core   0: 3 0x800061a8 (0x99cbe093) x 1 0xffffffff
core   0: 0x800061ac (0x399aad13) slti    s10, s5, 921
core   0: 3 0x800061ac (0x399aad13) x26 0x00000000
core   0: 0x800061b0 (0x024a3d33) mulhu   s10, s4, tp
core   0: 3 0x800061b0 (0x024a3d33) x26 0xffffffba
core   0: 0x800061b4 (0x00001104) c.addi4spn s1, sp, 160
core   0: 3 0x800061b4 (0x1104) x 9 0x00000280
core   0: 0x800061b6 (0x01bb6cb3) or      s9, s6, s11
core   0: 3 0x800061b6 (0x01bb6cb3) x25 0x00000280
core   0: 0x800061ba (0x025ebe33) mulhu   t3, t4, t0
core   0: 3 0x800061ba (0x025ebe33) x28 0x00000001
core   0: 0x800061be (0x000045c9) c.li    a1, 18
core   0: 3 0x800061be (0x45c9) x11 0x00000012
core   0: 0x800061c0 (0x01e74a33) xor     s4, a4, t5
core   0: 3 0x800061c0 (0x01e74a33) x20 0x80022e64
core   0: 0x800061c4 (0x0ff0000f) fence   iorw,iorw
core   0: 3 0x800061c4 (0x0ff0000f)
core   0: 0x800061c8 (0x00008e11) c.sub   a2, a2
core   0: 3 0x800061c8 (0x8e11) x12 0x00000000
core   0: 0x800061ca (0x00eb8263) beq     s7, a4, pc + 4
core   0: 3 0x800061ca (0x00eb8263)
core   0: 0x800061ce (0x41fcd693) srai    a3, s9, 31
core   0: 3 0x800061ce (0x41fcd693) x13 0x00000000
core   0: 0x800061d2 (0x0000c329) c.beqz  a4, pc + 66
core   0: 3 0x800061d2 (0xc329)
core   0: 0x80006214 (0x85c22013) slti    zero, tp, -1956
core   0: 3 0x80006214 (0x85c22013)
core   0: 0x80006218 (0x0000cc09) c.beqz  s0, pc + 26
core   0: 3 0x80006218 (0xcc09)
core   0: 0x80006232 (0x00005e7d) c.li    t3, -1
core   0: 3 0x80006232 (0x5e7d) x28 0xffffffff
core   0: 0x80006234 (0x03966233) rem     tp, a2, s9
core   0: 3 0x80006234 (0x03966233) x 4 0x00000000
core   0: 0x80006238 (0x14186013) ori     zero, a6, 321
core   0: 3 0x80006238 (0x14186013)
core   0: 0x8000623c (0x64f5a913) slti    s2, a1, 1615
core   0: 3 0x8000623c (0x64f5a913) x18 0x00000001
core   0: 0x80006240 (0x00009222) c.add   tp, s0
core   0: 3 0x80006240 (0x9222) x 4 0x00000000
core   0: 0x80006242 (0x0398c233) div     tp, a7, s9
core   0: 3 0x80006242 (0x0398c233) x 4 0x00000000
core   0: 0x80006246 (0x40735533) sra     a0, t1, t2
core   0: 3 0x80006246 (0x40735533) x10 0x05d42afd
core   0: 0x8000624a (0x00000146) c.slli  sp, 17
core   0: 3 0x8000624a (0x0146) x 2 0x03c00000
core   0: 0x8000624c (0x81a94d97) auipc   s11, 0x81a94
core   0: 3 0x8000624c (0x81a94d97) x27 0x01a9a24c
core   0: 0x80006250 (0x00000a00) c.addi4spn s0, sp, 272
core   0: 3 0x80006250 (0x0a00) x 8 0x03c00110
core   0: 0x80006252 (0xa7630e93) addi    t4, t1, -1418
core   0: 3 0x80006252 (0xa7630e93) x29 0x5d42aa54
core   0: 0x80006256 (0x00795e63) bge     s2, t2, pc + 28
core   0: 3 0x80006256 (0x00795e63)
core   0: 0x80006272 (0x40ec5bb3) sra     s7, s8, a4
core   0: 3 0x80006272 (0x40ec5bb3) x23 0xffffffff
core   0: 0x80006276 (0x02039533) mulh    a0, t2, zero
core   0: 3 0x80006276 (0x02039533) x10 0x00000000
core   0: 0x8000627a (0x005f9ab3) sll     s5, t6, t0
core   0: 3 0x8000627a (0x005f9ab3) x21 0xffffffe4
core   0: 0x8000627e (0x09770763) beq     a4, s7, pc + 142
core   0: 3 0x8000627e (0x09770763)
core   0: 0x80006282 (0x000016fd) c.addi  a3, -1
core   0: 3 0x80006282 (0x16fd) x13 0xffffffff
core   0: 0x80006284 (0x036c0233) mul     tp, s8, s6
core   0: 3 0x80006284 (0x036c0233) x 4 0x00000000
core   0: 0x80006288 (0x00001cfd) c.addi  s9, -1
core   0: 3 0x80006288 (0x1cfd) x25 0x0000027f
core   0: 0x8000628a (0x00000001) c.nop
core   0: 3 0x8000628a (0x0001)
core   0: 0x8000628c (0x01df4133) xor     sp, t5, t4
core   0: 3 0x8000628c (0x01df4133) x 2 0xdd408430
core   0: 0x80006290 (0x00e62d33) slt     s10, a2, a4
core   0: 3 0x80006290 (0x00e62d33) x26 0x00000000
core   0: 0x80006294 (0xff700713) li      a4, -9
core   0: 3 0x80006294 (0xff700713) x14 0xfffffff7
core   0: 0x80006298 (0x01d69893) slli    a7, a3, 29
core   0: 3 0x80006298 (0x01d69893) x17 0xe0000000
core   0: 0x8000629c (0x00008d3d) c.xor   a0, a5
core   0: 3 0x8000629c (0x8d3d) x10 0xffffffda
core   0: 0x8000629e (0x00000001) c.nop
core   0: 3 0x8000629e (0x0001)
core   0: 0x800062a0 (0x016fb5b3) sltu    a1, t6, s6
core   0: 3 0x800062a0 (0x016fb5b3) x11 0x00000000
core   0: 0x800062a4 (0x00008db5) c.xor   a1, a3
core   0: 3 0x800062a4 (0x8db5) x11 0xffffffff
core   0: 0x800062a6 (0x00000b88) c.addi4spn a0, sp, 464
core   0: 3 0x800062a6 (0x0b88) x10 0xdd408600
core   0: 0x800062a8 (0x40775a93) srai    s5, a4, 7
core   0: 3 0x800062a8 (0x40775a93) x21 0xffffffff
core   0: 0x800062ac (0x0000070d) c.addi  a4, 3
core   0: 3 0x800062ac (0x070d) x14 0xfffffffa
core   0: 0x800062ae (0x0259afb3) mulhsu  t6, s3, t0
core   0: 3 0x800062ae (0x0259afb3) x31 0xffffffff
core   0: 0x800062b2 (0xfff00613) li      a2, -1
core   0: 3 0x800062b2 (0xfff00613) x12 0xffffffff
core   0: 0x800062b6 (0x00f00813) li      a6, 15
core   0: 3 0x800062b6 (0x00f00813) x16 0x0000000f
core   0: 0x800062ba (0x6c349e37) lui     t3, 0x6c349
core   0: 3 0x800062ba (0x6c349e37) x28 0x6c349000
core   0: 0x800062be (0x0073a433) slt     s0, t2, t2
core   0: 3 0x800062be (0x0073a433) x 8 0x00000000
core   0: 0x800062c2 (0x0000868d) c.srai  a3, 3
core   0: 3 0x800062c2 (0x868d) x13 0xffffffff
core   0: 0x800062c4 (0x00008399) c.srli  a5, 6
core   0: 3 0x800062c4 (0x8399) x15 0x03ffffff
core   0: 0x800062c6 (0x00008ce1) c.and   s1, s0
core   0: 3 0x800062c6 (0x8ce1) x 9 0x00000000
core   0: 0x800062c8 (0x00000629) c.addi  a2, 10
core   0: 3 0x800062c8 (0x0629) x12 0x00000009
core   0: 0x800062ca (0xcaecba37) lui     s4, 0xcaecb
core   0: 3 0x800062ca (0xcaecba37) x20 0xcaecb000
core   0: 0x800062ce (0xff066ce3) bltu    a2, a6, pc - 8
core   0: 3 0x800062ce (0xff066ce3)
core   0: 0x800062c6 (0x00008ce1) c.and   s1, s0
core   0: 3 0x800062c6 (0x8ce1) x 9 0x00000000
core   0: 0x800062c8 (0x00000629) c.addi  a2, 10
core   0: 3 0x800062c8 (0x0629) x12 0x00000013
core   0: 0x800062ca (0xcaecba37) lui     s4, 0xcaecb
core   0: 3 0x800062ca (0xcaecba37) x20 0xcaecb000
core   0: 0x800062ce (0xff066ce3) bltu    a2, a6, pc - 8
core   0: 3 0x800062ce (0xff066ce3)
core   0: 0x800062d2 (0x00008165) c.srli  a0, 25
core   0: 3 0x800062d2 (0x8165) x10 0x0000006e
core   0: 0x800062d4 (0x0088c6b3) xor     a3, a7, s0
core   0: 3 0x800062d4 (0x0088c6b3) x13 0xe0000000
core   0: 0x800062d8 (0x0217e8b3) rem     a7, a5, ra
core   0: 3 0x800062d8 (0x0217e8b3) x17 0x00000000
core   0: 0x800062dc (0x00008dbd) c.xor   a1, a5
core   0: 3 0x800062dc (0x8dbd) x11 0xfc000000
core   0: 0x800062de (0x00000500) c.addi4spn s0, sp, 640
core   0: 3 0x800062de (0x0500) x 8 0xdd4086b0
core   0: 0x800062e0 (0x00008fed) c.and   a5, a1
core   0: 3 0x800062e0 (0x8fed) x15 0x00000000
core   0: 0x800062e2 (0x00401d33) sll     s10, zero, tp
core   0: 3 0x800062e2 (0x00401d33) x26 0x00000000
core   0: 0x800062e6 (0x0000ff5d) c.bnez  a4, pc - 66
core   0: 3 0x800062e6 (0xff5d)
core   0: 0x800062a4 (0x00008db5) c.xor   a1, a3
core   0: 3 0x800062a4 (0x8db5) x11 0x1c000000
core   0: 0x800062a6 (0x00000b88) c.addi4spn a0, sp, 464
core   0: 3 0x800062a6 (0x0b88) x10 0xdd408600
core   0: 0x800062a8 (0x40775a93) srai    s5, a4, 7
core   0: 3 0x800062a8 (0x40775a93) x21 0xffffffff
core   0: 0x800062ac (0x0000070d) c.addi  a4, 3
core   0: 3 0x800062ac (0x070d) x14 0xfffffffd
core   0: 0x800062ae (0x0259afb3) mulhsu  t6, s3, t0
core   0: 3 0x800062ae (0x0259afb3) x31 0xffffffff
core   0: 0x800062b2 (0xfff00613) li      a2, -1
core   0: 3 0x800062b2 (0xfff00613) x12 0xffffffff
core   0: 0x800062b6 (0x00f00813) li      a6, 15
core   0: 3 0x800062b6 (0x00f00813) x16 0x0000000f
core   0: 0x800062ba (0x6c349e37) lui     t3, 0x6c349
core   0: 3 0x800062ba (0x6c349e37) x28 0x6c349000
core   0: 0x800062be (0x0073a433) slt     s0, t2, t2
core   0: 3 0x800062be (0x0073a433) x 8 0x00000000
core   0: 0x800062c2 (0x0000868d) c.srai  a3, 3
core   0: 3 0x800062c2 (0x868d) x13 0xfc000000
core   0: 0x800062c4 (0x00008399) c.srli  a5, 6
core   0: 3 0x800062c4 (0x8399) x15 0x00000000
core   0: 0x800062c6 (0x00008ce1) c.and   s1, s0
core   0: 3 0x800062c6 (0x8ce1) x 9 0x00000000
core   0: 0x800062c8 (0x00000629) c.addi  a2, 10
core   0: 3 0x800062c8 (0x0629) x12 0x00000009
core   0: 0x800062ca (0xcaecba37) lui     s4, 0xcaecb
core   0: 3 0x800062ca (0xcaecba37) x20 0xcaecb000
core   0: 0x800062ce (0xff066ce3) bltu    a2, a6, pc - 8
core   0: 3 0x800062ce (0xff066ce3)
core   0: 0x800062c6 (0x00008ce1) c.and   s1, s0
core   0: 3 0x800062c6 (0x8ce1) x 9 0x00000000
core   0: 0x800062c8 (0x00000629) c.addi  a2, 10
core   0: 3 0x800062c8 (0x0629) x12 0x00000013
core   0: 0x800062ca (0xcaecba37) lui     s4, 0xcaecb
core   0: 3 0x800062ca (0xcaecba37) x20 0xcaecb000
core   0: 0x800062ce (0xff066ce3) bltu    a2, a6, pc - 8
core   0: 3 0x800062ce (0xff066ce3)
core   0: 0x800062d2 (0x00008165) c.srli  a0, 25
core   0: 3 0x800062d2 (0x8165) x10 0x0000006e
core   0: 0x800062d4 (0x0088c6b3) xor     a3, a7, s0
core   0: 3 0x800062d4 (0x0088c6b3) x13 0x00000000
core   0: 0x800062d8 (0x0217e8b3) rem     a7, a5, ra
core   0: 3 0x800062d8 (0x0217e8b3) x17 0x00000000
core   0: 0x800062dc (0x00008dbd) c.xor   a1, a5
core   0: 3 0x800062dc (0x8dbd) x11 0x1c000000
core   0: 0x800062de (0x00000500) c.addi4spn s0, sp, 640
core   0: 3 0x800062de (0x0500) x 8 0xdd4086b0
core   0: 0x800062e0 (0x00008fed) c.and   a5, a1
core   0: 3 0x800062e0 (0x8fed) x15 0x00000000
core   0: 0x800062e2 (0x00401d33) sll     s10, zero, tp
core   0: 3 0x800062e2 (0x00401d33) x26 0x00000000
core   0: 0x800062e6 (0x0000ff5d) c.bnez  a4, pc - 66
core   0: 3 0x800062e6 (0xff5d)
core   0: 0x800062a4 (0x00008db5) c.xor   a1, a3
core   0: 3 0x800062a4 (0x8db5) x11 0x1c000000
core   0: 0x800062a6 (0x00000b88) c.addi4spn a0, sp, 464
core   0: 3 0x800062a6 (0x0b88) x10 0xdd408600
core   0: 0x800062a8 (0x40775a93) srai    s5, a4, 7
core   0: 3 0x800062a8 (0x40775a93) x21 0xffffffff
core   0: 0x800062ac (0x0000070d) c.addi  a4, 3
core   0: 3 0x800062ac (0x070d) x14 0x00000000
core   0: 0x800062ae (0x0259afb3) mulhsu  t6, s3, t0
core   0: 3 0x800062ae (0x0259afb3) x31 0xffffffff
core   0: 0x800062b2 (0xfff00613) li      a2, -1
core   0: 3 0x800062b2 (0xfff00613) x12 0xffffffff
core   0: 0x800062b6 (0x00f00813) li      a6, 15
core   0: 3 0x800062b6 (0x00f00813) x16 0x0000000f
core   0: 0x800062ba (0x6c349e37) lui     t3, 0x6c349
core   0: 3 0x800062ba (0x6c349e37) x28 0x6c349000
core   0: 0x800062be (0x0073a433) slt     s0, t2, t2
core   0: 3 0x800062be (0x0073a433) x 8 0x00000000
core   0: 0x800062c2 (0x0000868d) c.srai  a3, 3
core   0: 3 0x800062c2 (0x868d) x13 0x00000000
core   0: 0x800062c4 (0x00008399) c.srli  a5, 6
core   0: 3 0x800062c4 (0x8399) x15 0x00000000
core   0: 0x800062c6 (0x00008ce1) c.and   s1, s0
core   0: 3 0x800062c6 (0x8ce1) x 9 0x00000000
core   0: 0x800062c8 (0x00000629) c.addi  a2, 10
core   0: 3 0x800062c8 (0x0629) x12 0x00000009
core   0: 0x800062ca (0xcaecba37) lui     s4, 0xcaecb
core   0: 3 0x800062ca (0xcaecba37) x20 0xcaecb000
core   0: 0x800062ce (0xff066ce3) bltu    a2, a6, pc - 8
core   0: 3 0x800062ce (0xff066ce3)
core   0: 0x800062c6 (0x00008ce1) c.and   s1, s0
core   0: 3 0x800062c6 (0x8ce1) x 9 0x00000000
core   0: 0x800062c8 (0x00000629) c.addi  a2, 10
core   0: 3 0x800062c8 (0x0629) x12 0x00000013
core   0: 0x800062ca (0xcaecba37) lui     s4, 0xcaecb
core   0: 3 0x800062ca (0xcaecba37) x20 0xcaecb000
core   0: 0x800062ce (0xff066ce3) bltu    a2, a6, pc - 8
core   0: 3 0x800062ce (0xff066ce3)
core   0: 0x800062d2 (0x00008165) c.srli  a0, 25
core   0: 3 0x800062d2 (0x8165) x10 0x0000006e
core   0: 0x800062d4 (0x0088c6b3) xor     a3, a7, s0
core   0: 3 0x800062d4 (0x0088c6b3) x13 0x00000000
core   0: 0x800062d8 (0x0217e8b3) rem     a7, a5, ra
core   0: 3 0x800062d8 (0x0217e8b3) x17 0x00000000
core   0: 0x800062dc (0x00008dbd) c.xor   a1, a5
core   0: 3 0x800062dc (0x8dbd) x11 0x1c000000
core   0: 0x800062de (0x00000500) c.addi4spn s0, sp, 640
core   0: 3 0x800062de (0x0500) x 8 0xdd4086b0
core   0: 0x800062e0 (0x00008fed) c.and   a5, a1
core   0: 3 0x800062e0 (0x8fed) x15 0x00000000
core   0: 0x800062e2 (0x00401d33) sll     s10, zero, tp
core   0: 3 0x800062e2 (0x00401d33) x26 0x00000000
core   0: 0x800062e6 (0x0000ff5d) c.bnez  a4, pc - 66
core   0: 3 0x800062e6 (0xff5d)
core   0: 0x800062e8 (0x41ccd133) sra     sp, s9, t3
core   0: 3 0x800062e8 (0x41ccd133) x 2 0x0000027f
core   0: 0x800062ec (0x3de52793) slti    a5, a0, 990
core   0: 3 0x800062ec (0x3de52793) x15 0x00000001
core   0: 0x800062f0 (0x0ff0000f) fence   iorw,iorw
core   0: 3 0x800062f0 (0x0ff0000f)
core   0: 0x800062f4 (0x0000c401) c.beqz  s0, pc + 8
core   0: 3 0x800062f4 (0xc401)
core   0: 0x800062f6 (0x00008bbd) c.andi  a5, 15
core   0: 3 0x800062f6 (0x8bbd) x15 0x00000001
core   0: 0x800062f8 (0x11b0bb13) sltiu   s6, ra, 283
core   0: 3 0x800062f8 (0x11b0bb13) x22 0x00000000
core   0: 0x800062fc (0xae7af193) andi    gp, s5, -1305
core   0: 3 0x800062fc (0xae7af193) x 3 0xfffffae7
core   0: 0x80006300 (0x018b9eb3) sll     t4, s7, s8
core   0: 3 0x80006300 (0x018b9eb3) x29 0x80000000
core   0: 0x80006304 (0x003c91b3) sll     gp, s9, gp
core   0: 3 0x80006304 (0x003c91b3) x 3 0x00013f80
core   0: 0x80006308 (0x00008815) c.andi  s0, 5
core   0: 3 0x80006308 (0x8815) x 8 0x00000000
core   0: 0x8000630a (0x000067f5) c.lui   a5, 0x1d
core   0: 3 0x8000630a (0x67f5) x15 0x0001d000
core   0: 0x8000630c (0x401856b3) sra     a3, a6, ra
core   0: 3 0x8000630c (0x401856b3) x13 0x00000000
core   0: 0x80006310 (0x00000815) c.addi  a6, 5
core   0: 3 0x80006310 (0x0815) x16 0x00000014
core   0: 0x80006312 (0x42970e13) addi    t3, a4, 1065
core   0: 3 0x80006312 (0x42970e13) x28 0x00000429
core   0: 0x80006316 (0x89543d13) sltiu   s10, s0, -1899
core   0: 3 0x80006316 (0x89543d13) x26 0x00000001
core   0: 0x8000631a (0x0000e489) c.bnez  s1, pc + 10
core   0: 3 0x8000631a (0xe489)
core   0: 0x8000631c (0x032f0933) mul     s2, t5, s2
core   0: 3 0x8000631c (0x032f0933) x18 0x80022e64
core   0: 0x80006320 (0x009c9433) sll     s0, s9, s1
core   0: 3 0x80006320 (0x009c9433) x 8 0x0000027f
core   0: 0x80006324 (0x00008c49) c.or    s0, a0
core   0: 3 0x80006324 (0x8c49) x 8 0x0000027f
core   0: 0x80006326 (0x0039d763) bge     s3, gp, pc + 14
core   0: 3 0x80006326 (0x0039d763)
core   0: 0x8000632a (0x029636b3) mulhu   a3, a2, s1
core   0: 3 0x8000632a (0x029636b3) x13 0x00000000
core   0: 0x8000632e (0x417e5cb3) sra     s9, t3, s7
core   0: 3 0x8000632e (0x417e5cb3) x25 0x00000000
core   0: 0x80006332 (0x0000855e) c.mv    a0, s7
core   0: 3 0x80006332 (0x855e) x10 0xffffffff
core   0: 0x80006334 (0x0162ec33) or      s8, t0, s6
core   0: 3 0x80006334 (0x0162ec33) x24 0x00000002
core   0: 0x80006338 (0x00008f21) c.xor   a4, s0
core   0: 3 0x80006338 (0x8f21) x14 0x0000027f
core   0: 0x8000633a (0x00966db3) or      s11, a2, s1
core   0: 3 0x8000633a (0x00966db3) x27 0x00000013
core   0: 0x8000633e (0x00000001) c.nop
core   0: 3 0x8000633e (0x0001)
core   0: 0x80006340 (0x01ed9593) slli    a1, s11, 30
core   0: 3 0x80006340 (0x01ed9593) x11 0xc0000000
core   0: 0x80006344 (0x0000e485) c.bnez  s1, pc + 40
core   0: 3 0x80006344 (0xe485)
core   0: 0x80006346 (0x01f70263) beq     a4, t6, pc + 4
core   0: 3 0x80006346 (0x01f70263)
core   0: 0x8000634a (0x00c900b3) add     ra, s2, a2
core   0: 3 0x8000634a (0x00c900b3) x 1 0x80022e77
core   0: 0x8000634e (0x00a65b13) srli    s6, a2, 10
core   0: 3 0x8000634e (0x00a65b13) x22 0x00000000
core   0: 0x80006352 (0x01b89b63) bne     a7, s11, pc + 22
core   0: 3 0x80006352 (0x01b89b63)
core   0: 0x80006368 (0x0ff0000f) fence   iorw,iorw
core   0: 3 0x80006368 (0x0ff0000f)
core   0: 0x8000636c (0x03229d33) mulh    s10, t0, s2
core   0: 3 0x8000636c (0x03229d33) x26 0xffffffff
core   0: 0x80006370 (0x02b47f33) remu    t5, s0, a1
core   0: 3 0x80006370 (0x02b47f33) x30 0x0000027f
core   0: 0x80006374 (0x03499ab3) mulh    s5, s3, s4
core   0: 3 0x80006374 (0x03499ab3) x21 0x1a89343b
core   0: 0x80006378 (0x00000001) c.nop
core   0: 3 0x80006378 (0x0001)
core   0: 0x8000637a (0x000087ad) c.srai  a5, 11
core   0: 3 0x8000637a (0x87ad) x15 0x0000003a
core   0: 0x8000637c (0x008b47b3) xor     a5, s6, s0
core   0: 3 0x8000637c (0x008b47b3) x15 0x0000027f
core   0: 0x80006380 (0x000098be) c.add   a7, a5
core   0: 3 0x80006380 (0x98be) x17 0x0000027f
core   0: 0x80006382 (0x0000ea19) c.bnez  a2, pc + 22
core   0: 3 0x80006382 (0xea19)
core   0: 0x80006398 (0x023c7d33) remu    s10, s8, gp
core   0: 3 0x80006398 (0x023c7d33) x26 0x00000002
core   0: 0x8000639c (0x015c5693) srli    a3, s8, 21
core   0: 3 0x8000639c (0x015c5693) x13 0x00000000
core   0: 0x800063a0 (0x0000c405) c.beqz  s0, pc + 40
core   0: 3 0x800063a0 (0xc405)
core   0: 0x800063a2 (0x0346ed33) rem     s10, a3, s4
core   0: 3 0x800063a2 (0x0346ed33) x26 0x00000000
core   0: 0x800063a6 (0x00008e3d) c.xor   a2, a5
core   0: 3 0x800063a6 (0x8e3d) x12 0x0000026c
core   0: 0x800063a8 (0x00009afd) c.andi  a3, -1
core   0: 3 0x800063a8 (0x9afd) x13 0x00000000
core   0: 0x800063aa (0x0159eab3) or      s5, s3, s5
core   0: 3 0x800063aa (0x0159eab3) x21 0x9a8b3e7f
core   0: 0x800063ae (0x06d2c363) blt     t0, a3, pc + 102
core   0: 3 0x800063ae (0x06d2c363)
core   0: 0x800063b2 (0x00008f2a) c.mv    t5, a0
core   0: 3 0x800063b2 (0x8f2a) x30 0xffffffff
core   0: 0x800063b4 (0x0476cb63) blt     a3, t2, pc + 86
core   0: 3 0x800063b4 (0x0476cb63)
core   0: 0x800063b8 (0x00000c18) c.addi4spn a4, sp, 528
core   0: 3 0x800063b8 (0x0c18) x14 0x0000048f
core   0: 0x800063ba (0x0000717d) c.addi16sp sp, -16
core   0: 3 0x800063ba (0x717d) x 2 0x0000026f
core   0: 0x800063bc (0x500a8493) addi    s1, s5, 1280
core   0: 3 0x800063bc (0x500a8493) x 9 0x9a8b437f
core   0: 0x800063c0 (0xefe03917) auipc   s2, 0xefe03
core   0: 3 0x800063c0 (0xefe03917) x18 0x6fe093c0
core   0: 0x800063c4 (0x04f4f863) bgeu    s1, a5, pc + 80
core   0: 3 0x800063c4 (0x04f4f863)
core   0: 0x80006414 (0x0137a733) slt     a4, a5, s3
core   0: 3 0x80006414 (0x0137a733) x14 0x00000000
core   0: 0x80006418 (0x0204b333) mulhu   t1, s1, zero
core   0: 3 0x80006418 (0x0204b333) x 6 0x00000000
core   0: 0x8000641c (0x40985db3) sra     s11, a6, s1
core   0: 3 0x8000641c (0x40985db3) x27 0x00000000
core   0: 0x80006420 (0x41fcd533) sra     a0, s9, t6
core   0: 3 0x80006420 (0x41fcd533) x10 0x00000000
core   0: 0x80006424 (0x00008d1d) c.sub   a0, a5
core   0: 3 0x80006424 (0x8d1d) x10 0xfffffd81
core   0: 0x80006426 (0x00009be2) c.add   s7, s8
core   0: 3 0x80006426 (0x9be2) x23 0x00000001
core   0: 0x80006428 (0x003eee63) bltu    t4, gp, pc + 28
core   0: 3 0x80006428 (0x003eee63)
core   0: 0x8000642c (0x404c0bb3) sub     s7, s8, tp
core   0: 3 0x8000642c (0x404c0bb3) x23 0x00000002
core   0: 0x80006430 (0x0000100f) fence.i
core   0: 3 0x80006430 (0x0000100f)
core   0: 0x80006434 (0x003fec63) bltu    t6, gp, pc + 24
core   0: 3 0x80006434 (0x003fec63)
core   0: 0x80006438 (0x020f9fb3) mulh    t6, t6, zero
core   0: 3 0x80006438 (0x020f9fb3) x31 0x00000000
core   0: 0x8000643c (0x4095d893) srai    a7, a1, 9
core   0: 3 0x8000643c (0x4095d893) x17 0xffe00000
core   0: 0x80006440 (0xd4bd2517) auipc   a0, 0xd4bd2
core   0: 3 0x80006440 (0xd4bd2517) x10 0x54bd8440
core   0: 0x80006444 (0x031f2633) mulhsu  a2, t5, a7
core   0: 3 0x80006444 (0x031f2633) x12 0xffffffff
core   0: 0x80006448 (0x0000e009) c.bnez  s0, pc + 2
core   0: 3 0x80006448 (0xe009)
core   0: 0x8000644a (0x000097a2) c.add   a5, s0
core   0: 3 0x8000644a (0x97a2) x15 0x000004fe
core   0: 0x8000644c (0x41f45b13) srai    s6, s0, 31
core   0: 3 0x8000644c (0x41f45b13) x22 0x00000000
core   0: 0x80006450 (0x0ff0000f) fence   iorw,iorw
core   0: 3 0x80006450 (0x0ff0000f)
core   0: 0x80006454 (0x615a6193) ori     gp, s4, 1557
core   0: 3 0x80006454 (0x615a6193) x 3 0xcaecb615
core   0: 0x80006458 (0x0ff0000f) fence   iorw,iorw
core   0: 3 0x80006458 (0x0ff0000f)
core   0: 0x8000645c (0x00009bfd) c.andi  a5, -1
core   0: 3 0x8000645c (0x9bfd) x15 0x000004fe
core   0: 0x8000645e (0x01c4e463) bltu    s1, t3, pc + 8
core   0: 3 0x8000645e (0x01c4e463)
core   0: 0x80006462 (0x032c0363) beq     s8, s2, pc + 38
core   0: 3 0x80006462 (0x032c0363)
core   0: 0x80006466 (0xe3c3bc97) auipc   s9, 0xe3c3b
core   0: 3 0x80006466 (0xe3c3bc97) x25 0x63c41466
core   0: 0x8000646a (0x00000d22) c.slli  s10, 8
core   0: 3 0x8000646a (0x0d22) x26 0x00000000
core   0: 0x8000646c (0x0000100f) fence.i
core   0: 3 0x8000646c (0x0000100f)
core   0: 0x80006470 (0x00cc2233) slt     tp, s8, a2
core   0: 3 0x80006470 (0x00cc2233) x 4 0x00000000
core   0: 0x80006474 (0x00000001) c.nop
core   0: 3 0x80006474 (0x0001)
core   0: 0x80006476 (0x0000826a) c.mv    tp, s10
core   0: 3 0x80006476 (0x826a) x 4 0x00000000
core   0: 0x80006478 (0x0000100f) fence.i
core   0: 3 0x80006478 (0x0000100f)
core   0: 0x8000647c (0x00008385) c.srli  a5, 1
core   0: 3 0x8000647c (0x8385) x15 0x0000027f
core   0: 0x8000647e (0x00006141) c.addi16sp sp, 16
core   0: 3 0x8000647e (0x6141) x 2 0x0000027f
core   0: 0x80006480 (0x02cd6f63) bltu    s10, a2, pc + 62
core   0: 3 0x80006480 (0x02cd6f63)
core   0: 0x800064be (0x00000001) c.nop
core   0: 3 0x800064be (0x0001)
core   0: 0x800064c0 (0x05d97263) bgeu    s2, t4, pc + 68
core   0: 3 0x800064c0 (0x05d97263)
core   0: 0x800064c4 (0x00008ed1) c.or    a3, a2
core   0: 3 0x800064c4 (0x8ed1) x13 0xffffffff
core   0: 0x800064c6 (0x0264a5b3) mulhsu  a1, s1, t1
core   0: 3 0x800064c6 (0x0264a5b3) x11 0x00000000
core   0: 0x800064ca (0x00008ca5) c.xor   s1, s1
core   0: 3 0x800064ca (0x8ca5) x 9 0x00000000
core   0: 0x800064cc (0x4ccff5b7) lui     a1, 0x4ccff
core   0: 3 0x800064cc (0x4ccff5b7) x11 0x4ccff000
core   0: 0x800064d0 (0x8f6d0e13) addi    t3, s10, -1802
core   0: 3 0x800064d0 (0x8f6d0e13) x28 0xfffff8f6
core   0: 0x800064d4 (0x03489333) mulh    t1, a7, s4
core   0: 3 0x800064d4 (0x03489333) x 6 0x0006a26a
core   0: 0x800064d8 (0x0000c089) c.beqz  s1, pc + 2
core   0: 3 0x800064d8 (0xc089)
core   0: 0x800064da (0x02dce033) rem     zero, s9, a3
core   0: 3 0x800064da (0x02dce033)
core   0: 0x800064de (0x01e6fd33) and     s10, a3, t5
core   0: 3 0x800064de (0x01e6fd33) x26 0xffffffff
core   0: 0x800064e2 (0x0000997d) c.andi  a0, -1
core   0: 3 0x800064e2 (0x997d) x10 0x54bd8440
core   0: 0x800064e4 (0x00fb1fb3) sll     t6, s6, a5
core   0: 3 0x800064e4 (0x00fb1fb3) x31 0x00000000
core   0: 0x800064e8 (0x00d8beb3) sltu    t4, a7, a3
core   0: 3 0x800064e8 (0x00d8beb3) x29 0x00000001
core   0: 0x800064ec (0x41f781b3) sub     gp, a5, t6
core   0: 3 0x800064ec (0x41f781b3) x 3 0x0000027f
core   0: 0x800064f0 (0x0151de13) srli    t3, gp, 21
core   0: 3 0x800064f0 (0x0151de13) x28 0x00000000
core   0: 0x800064f4 (0x00947c33) and     s8, s0, s1
core   0: 3 0x800064f4 (0x00947c33) x24 0x00000000
core   0: 0x800064f8 (0x00000001) c.nop
core   0: 3 0x800064f8 (0x0001)
core   0: 0x800064fa (0x0000e589) c.bnez  a1, pc + 10
core   0: 3 0x800064fa (0xe589)
core   0: 0x80006504 (0x033f8b33) mul     s6, t6, s3
core   0: 3 0x80006504 (0x033f8b33) x22 0x00000000
core   0: 0x80006508 (0x0000717d) c.addi16sp sp, -16
core   0: 3 0x80006508 (0x717d) x 2 0x0000026f
core   0: 0x8000650a (0x036d9fb3) mulh    t6, s11, s6
core   0: 3 0x8000650a (0x036d9fb3) x31 0x00000000
core   0: 0x8000650e (0x00000001) c.nop
core   0: 3 0x8000650e (0x0001)
core   0: 0x80006510 (0x0525e163) bltu    a1, s2, pc + 66
core   0: 3 0x80006510 (0x0525e163)
core   0: 0x80006552 (0x01020e33) add     t3, tp, a6
core   0: 3 0x80006552 (0x01020e33) x28 0x00000014
core   0: 0x80006556 (0x00008d3d) c.xor   a0, a5
core   0: 3 0x80006556 (0x8d3d) x10 0x54bd863f
core   0: 0x80006558 (0x00000001) c.nop
core   0: 3 0x80006558 (0x0001)
core   0: 0x8000655a (0x01fb9913) slli    s2, s7, 31
core   0: 3 0x8000655a (0x01fb9913) x18 0x00000000
core   0: 0x8000655e (0x51430413) addi    s0, t1, 1300
core   0: 3 0x8000655e (0x51430413) x 8 0x0006a77e
core   0: 0x80006562 (0x00001d14) c.addi4spn a3, sp, 688
core   0: 3 0x80006562 (0x1d14) x13 0x0000051f
core   0: 0x80006564 (0x00008166) c.mv    sp, s9
core   0: 3 0x80006564 (0x8166) x 2 0x63c41466
core   0: 0x80006566 (0x7c735c37) lui     s8, 0x7c735
core   0: 3 0x80006566 (0x7c735c37) x24 0x7c735000
core   0: 0x8000656a (0x00008bf9) c.andi  a5, 30
core   0: 3 0x8000656a (0x8bf9) x15 0x0000001e
core   0: 0x8000656c (0x417f5313) srai    t1, t5, 23
core   0: 3 0x8000656c (0x417f5313) x 6 0xffffffff
core   0: 0x80006570 (0x4301d437) lui     s0, 0x4301d
core   0: 3 0x80006570 (0x4301d437) x 8 0x4301d000
core   0: 0x80006574 (0x01c67533) and     a0, a2, t3
core   0: 3 0x80006574 (0x01c67533) x10 0x00000014
core   0: 0x80006578 (0x405f58b3) sra     a7, t5, t0
core   0: 3 0x80006578 (0x405f58b3) x17 0xffffffff
core   0: 0x8000657c (0x03ad9833) mulh    a6, s11, s10
core   0: 3 0x8000657c (0x03ad9833) x16 0x00000000
core   0: 0x80006580 (0x00006479) c.lui   s0, 0x1e
core   0: 3 0x80006580 (0x6479) x 8 0x0001e000
core   0: 0x80006582 (0x03212db3) mulhsu  s11, sp, s2
core   0: 3 0x80006582 (0x03212db3) x27 0x00000000
core   0: 0x80006586 (0x00ccf363) bgeu    s9, a2, pc + 6
core   0: 3 0x80006586 (0x00ccf363)
core   0: 0x8000658a (0x00000001) c.nop
core   0: 3 0x8000658a (0x0001)
core   0: 0x8000658c (0x05745463) bge     s0, s7, pc + 72
core   0: 3 0x8000658c (0x05745463)
core   0: 0x800065d4 (0x0373bdb3) mulhu   s11, t2, s7
core   0: 3 0x800065d4 (0x0373bdb3) x27 0x00000001
core   0: 0x800065d8 (0x41678893) addi    a7, a5, 1046
core   0: 3 0x800065d8 (0x41678893) x17 0x00000434
core   0: 0x800065dc (0x0000717d) c.addi16sp sp, -16
core   0: 3 0x800065dc (0x717d) x 2 0x63c41456
core   0: 0x800065de (0x00006d71) c.lui   s10, 0x1c
core   0: 3 0x800065de (0x6d71) x26 0x0001c000
core   0: 0x800065e0 (0x00829b93) slli    s7, t0, 8
core   0: 3 0x800065e0 (0x00829b93) x23 0x00000200
core   0: 0x800065e4 (0x00008a19) c.andi  a2, 6
core   0: 3 0x800065e4 (0x8a19) x12 0x00000006
core   0: 0x800065e6 (0x00000dbe) c.slli  s11, 15
core   0: 3 0x800065e6 (0x0dbe) x27 0x00008000
core   0: 0x800065e8 (0x00000312) c.slli  t1, 4
core   0: 3 0x800065e8 (0x0312) x 6 0xfffffff0
core   0: 0x800065ea (0x000087d1) c.srai  a5, 20
core   0: 3 0x800065ea (0x87d1) x15 0x00000000
core   0: 0x800065ec (0x867d0637) lui     a2, 0x867d0
core   0: 3 0x800065ec (0x867d0637) x12 0x867d0000
core   0: 0x800065f0 (0x030ba5b3) mulhsu  a1, s7, a6
core   0: 3 0x800065f0 (0x030ba5b3) x11 0x00000000
core   0: 0x800065f4 (0x3cfaad93) slti    s11, s5, 975
core   0: 3 0x800065f4 (0x3cfaad93) x27 0x00000001
core   0: 0x800065f8 (0x00008ace) c.mv    s5, s3
core   0: 3 0x800065f8 (0x8ace) x21 0x80022e64
core   0: 0x800065fa (0x41bddd93) srai    s11, s11, 27
core   0: 3 0x800065fa (0x41bddd93) x27 0x00000000
core   0: 0x800065fe (0x00008f91) c.sub   a5, a2
core   0: 3 0x800065fe (0x8f91) x15 0x79830000
core   0: 0x80006600 (0x038e6db3) rem     s11, t3, s8
core   0: 3 0x80006600 (0x038e6db3) x27 0x00000014
core   0: 0x80006604 (0x02cdfab3) remu    s5, s11, a2
core   0: 3 0x80006604 (0x02cdfab3) x21 0x00000014
core   0: 0x80006608 (0x00008ec9) c.or    a3, a0
core   0: 3 0x80006608 (0x8ec9) x13 0x0000051f
core   0: 0x8000660a (0x00000001) c.nop
core   0: 3 0x8000660a (0x0001)
core   0: 0x8000660c (0x0ff0000f) fence   iorw,iorw
core   0: 3 0x8000660c (0x0ff0000f)
core   0: 0x80006610 (0xd14a2c93) slti    s9, s4, -748
core   0: 3 0x80006610 (0xd14a2c93) x25 0x00000001
core   0: 0x80006614 (0x033dc563) blt     s11, s3, pc + 42
core   0: 3 0x80006614 (0x033dc563)
core   0: 0x80006618 (0x00000001) c.nop
core   0: 3 0x80006618 (0x0001)
core   0: 0x8000661a (0x02056c63) bltu    a0, zero, pc + 56
core   0: 3 0x8000661a (0x02056c63)
core   0: 0x8000661e (0x00008bbd) c.andi  a5, 15
core   0: 3 0x8000661e (0x8bbd) x15 0x00000000
core   0: 0x80006620 (0x031baeb3) mulhsu  t4, s7, a7
core   0: 3 0x80006620 (0x031baeb3) x29 0x00000000
core   0: 0x80006624 (0x01fb5d13) srli    s10, s6, 31
core   0: 3 0x80006624 (0x01fb5d13) x26 0x00000000
core   0: 0x80006628 (0x9808f313) andi    t1, a7, -1664
core   0: 3 0x80006628 (0x9808f313) x 6 0x00000000
core   0: 0x8000662c (0xd7b0bf13) sltiu   t5, ra, -645
core   0: 3 0x8000662c (0xd7b0bf13) x30 0x00000001
core   0: 0x80006630 (0x01e18d63) beq     gp, t5, pc + 26
core   0: 3 0x80006630 (0x01e18d63)
core   0: 0x80006634 (0xef5f4093) xori    ra, t5, -267
core   0: 3 0x80006634 (0xef5f4093) x 1 0xfffffef4
core   0: 0x80006638 (0x000099fd) c.andi  a1, -1
core   0: 3 0x80006638 (0x99fd) x11 0x00000000
core   0: 0x8000663a (0x01aa9f33) sll     t5, s5, s10
core   0: 3 0x8000663a (0x01aa9f33) x30 0x00000014
core   0: 0x8000663e (0x0ff0000f) fence   iorw,iorw
core   0: 3 0x8000663e (0x0ff0000f)
core   0: 0x80006642 (0x61052d13) slti    s10, a0, 1552
core   0: 3 0x80006642 (0x61052d13) x26 0x00000001
core   0: 0x80006646 (0x01074863) blt     a4, a6, pc + 16
core   0: 3 0x80006646 (0x01074863)
core   0: 0x8000664a (0x00b296b3) sll     a3, t0, a1
core   0: 3 0x8000664a (0x00b296b3) x13 0x00000002
core   0: 0x8000664e (0x02101763) bne     zero, ra, pc + 46
core   0: 3 0x8000664e (0x02101763)
core   0: 0x8000667c (0x01fba933) slt     s2, s7, t6
core   0: 3 0x8000667c (0x01fba933) x18 0x00000000
core   0: 0x80006680 (0x00000136) c.slli  sp, 13
core   0: 3 0x80006680 (0x0136) x 2 0x828ac000
core   0: 0x80006682 (0x0000527d) c.li    tp, -1
core   0: 3 0x80006682 (0x527d) x 4 0xffffffff
core   0: 0x80006684 (0x000087a9) c.srai  a5, 10
core   0: 3 0x80006684 (0x87a9) x15 0x00000000
core   0: 0x80006686 (0x00518763) beq     gp, t0, pc + 14
core   0: 3 0x80006686 (0x00518763)
core   0: 0x8000668a (0x00000001) c.nop
core   0: 3 0x8000668a (0x0001)
core   0: 0x8000668c (0x03d34b33) div     s6, t1, t4
core   0: 3 0x8000668c (0x03d34b33) x22 0xffffffff
core   0: 0x80006690 (0x03fcc5b3) div     a1, s9, t6
core   0: 3 0x80006690 (0x03fcc5b3) x11 0xffffffff
core   0: 0x80006694 (0x00166e63) bltu    a2, ra, pc + 28
core   0: 3 0x80006694 (0x00166e63)
core   0: 0x800066b0 (0x00989713) slli    a4, a7, 9
core   0: 3 0x800066b0 (0x00989713) x14 0x00086800
core   0: 0x800066b4 (0x010e5563) bge     t3, a6, pc + 10
core   0: 3 0x800066b4 (0x010e5563)
core   0: 0x800066be (0x00004b1d) c.li    s6, 7
core   0: 3 0x800066be (0x4b1d) x22 0x00000007
core   0: 0x800066c0 (0x00008831) c.andi  s0, 12
core   0: 3 0x800066c0 (0x8831) x 8 0x00000000
core   0: 0x800066c2 (0x00738f33) add     t5, t2, t2
core   0: 3 0x800066c2 (0x00738f33) x30 0x0004d9c8
core   0: 0x800066c6 (0x01925d33) srl     s10, tp, s9
core   0: 3 0x800066c6 (0x01925d33) x26 0x7fffffff
core   0: 0x800066ca (0x02468863) beq     a3, tp, pc + 48
core   0: 3 0x800066ca (0x02468863)
core   0: 0x800066ce (0x000083bd) c.srli  a5, 15
core   0: 3 0x800066ce (0x83bd) x15 0x00000000
core   0: 0x800066d0 (0x03f5ae33) mulhsu  t3, a1, t6
core   0: 3 0x800066d0 (0x03f5ae33) x28 0x00000000
core   0: 0x800066d4 (0x40bc5e33) sra     t3, s8, a1
core   0: 3 0x800066d4 (0x40bc5e33) x28 0x00000000
core   0: 0x800066d8 (0x000089d9) c.andi  a1, 22
core   0: 3 0x800066d8 (0x89d9) x11 0x00000016
core   0: 0x800066da (0x0000013a) c.slli  sp, 14
core   0: 3 0x800066da (0x013a) x 2 0xb0000000
core   0: 0x800066dc (0x04404163) blt     zero, tp, pc + 66
core   0: 3 0x800066dc (0x04404163)
core   0: 0x800066e0 (0x02db0f63) beq     s6, a3, pc + 62
core   0: 3 0x800066e0 (0x02db0f63)
core   0: 0x800066e4 (0x0093cd33) xor     s10, t2, s1
core   0: 3 0x800066e4 (0x0093cd33) x26 0x80026ce4
core   0: 0x800066e8 (0x03651c63) bne     a0, s6, pc + 56
core   0: 3 0x800066e8 (0x03651c63)
core   0: 0x80006720 (0x40890eb3) sub     t4, s2, s0
core   0: 3 0x80006720 (0x40890eb3) x29 0x00000000
core   0: 0x80006724 (0x16f32a13) slti    s4, t1, 367
core   0: 3 0x80006724 (0x16f32a13) x20 0x00000001
core   0: 0x80006728 (0x0000ed91) c.bnez  a1, pc + 28
core   0: 3 0x80006728 (0xed91)
core   0: 0x80006744 (0x08ab7263) bgeu    s6, a0, pc + 132
core   0: 3 0x80006744 (0x08ab7263)
core   0: 0x80006748 (0x00008db1) c.xor   a1, a2
core   0: 3 0x80006748 (0x8db1) x11 0x867d0016
core   0: 0x8000674a (0x1d58fb93) andi    s7, a7, 469
core   0: 3 0x8000674a (0x1d58fb93) x23 0x00000014
core   0: 0x8000674e (0x02e9b933) mulhu   s2, s3, a4
core   0: 3 0x8000674e (0x02e9b933) x18 0x00043412
core   0: 0x80006752 (0x00008e59) c.or    a2, a4
core   0: 3 0x80006752 (0x8e59) x12 0x867d6800
core   0: 0x80006754 (0x03293a33) mulhu   s4, s2, s2
core   0: 3 0x80006754 (0x03293a33) x20 0x00000011
core   0: 0x80006758 (0x025d7233) remu    tp, s10, t0
core   0: 3 0x80006758 (0x025d7233) x 4 0x00000000
core   0: 0x8000675c (0x0051d6b3) srl     a3, gp, t0
core   0: 3 0x8000675c (0x0051d6b3) x13 0x0000009f
core   0: 0x80006760 (0x0000717d) c.addi16sp sp, -16
core   0: 3 0x80006760 (0x717d) x 2 0xaffffff0
core   0: 0x80006762 (0x03f6aab3) mulhsu  s5, a3, t6
core   0: 3 0x80006762 (0x03f6aab3) x21 0x00000000
core   0: 0x80006766 (0x00008a0e) c.mv    s4, gp
core   0: 3 0x80006766 (0x8a0e) x20 0x0000027f
core   0: 0x80006768 (0x533ac893) xori    a7, s5, 1331
core   0: 3 0x80006768 (0x533ac893) x17 0x00000533
core   0: 0x8000676c (0x00008299) c.srli  a3, 6
core   0: 3 0x8000676c (0x8299) x13 0x00000002
core   0: 0x8000676e (0x026958b3) divu    a7, s2, t1
core   0: 3 0x8000676e (0x026958b3) x17 0xffffffff
core   0: 0x80006772 (0x00008519) c.srai  a0, 6
core   0: 3 0x80006772 (0x8519) x10 0x00000000
core   0: 0x80006774 (0x0050ceb3) xor     t4, ra, t0
core   0: 3 0x80006774 (0x0050ceb3) x29 0xfffffef6
core   0: 0x80006778 (0x3bd2f793) andi    a5, t0, 957
core   0: 3 0x80006778 (0x3bd2f793) x15 0x00000000
core   0: 0x8000677c (0x06ab1d63) bne     s6, a0, pc + 122
core   0: 3 0x8000677c (0x06ab1d63)
core   0: 0x800067f6 (0xeed08a93) addi    s5, ra, -275
core   0: 3 0x800067f6 (0xeed08a93) x21 0xfffffde1
core   0: 0x800067fa (0x00000af5) c.addi  s5, 29
core   0: 3 0x800067fa (0x0af5) x21 0xfffffdfe
core   0: 0x800067fc (0x03674b33) div     s6, a4, s6
core   0: 3 0x800067fc (0x03674b33) x22 0x0001336d
core   0: 0x80006800 (0x000080e6) c.mv    ra, s9
core   0: 3 0x80006800 (0x80e6) x 1 0x00000001
core   0: 0x80006802 (0x00b26263) bltu    tp, a1, pc + 4
core   0: 3 0x80006802 (0x00b26263)
core   0: 0x80006806 (0x00000980) c.addi4spn s0, sp, 208
core   0: 3 0x80006806 (0x0980) x 8 0xb00000c0
core   0: 0x80006808 (0x00006569) c.lui   a0, 0x1a
core   0: 3 0x80006808 (0x6569) x10 0x0001a000
core   0: 0x8000680a (0x02e1a033) mulhsu  zero, gp, a4
core   0: 3 0x8000680a (0x02e1a033)
core   0: 0x8000680e (0x00f471b3) and     gp, s0, a5
core   0: 3 0x8000680e (0x00f471b3) x 3 0x00000000
core   0: 0x80006812 (0x01ed5e93) srli    t4, s10, 30
core   0: 3 0x80006812 (0x01ed5e93) x29 0x00000002
core   0: 0x80006816 (0x013016b3) sll     a3, zero, s3
core   0: 3 0x80006816 (0x013016b3) x13 0x00000000
core   0: 0x8000681a (0x01221c13) slli    s8, tp, 18
core   0: 3 0x8000681a (0x01221c13) x24 0x00000000
core   0: 0x8000681e (0x00d10263) beq     sp, a3, pc + 4
core   0: 3 0x8000681e (0x00d10263)
core   0: 0x80006822 (0x00ea4333) xor     t1, s4, a4
core   0: 3 0x80006822 (0x00ea4333) x 6 0x00086a7f
core   0: 0x80006826 (0x0073fd33) and     s10, t2, t2
core   0: 3 0x80006826 (0x0073fd33) x26 0x80026ce4
core   0: 0x8000682a (0x0000953a) c.add   a0, a4
core   0: 3 0x8000682a (0x953a) x10 0x000a0800
core   0: 0x8000682c (0x00e001b3) add     gp, zero, a4
core   0: 3 0x8000682c (0x00e001b3) x 3 0x00086800
core   0: 0x80006830 (0x00008a76) c.mv    s4, t4
core   0: 3 0x80006830 (0x8a76) x20 0x00000002
core   0: 0x80006832 (0x00004451) c.li    s0, 20
core   0: 3 0x80006832 (0x4451) x 8 0x00000014
core   0: 0x80006834 (0x00a43db3) sltu    s11, s0, a0
core   0: 3 0x80006834 (0x00a43db3) x27 0x00000001
core   0: 0x80006838 (0x029ec933) div     s2, t4, s1
core   0: 3 0x80006838 (0x029ec933) x18 0xffffffff
core   0: 0x8000683c (0x000016fd) c.addi  a3, -1
core   0: 3 0x8000683c (0x16fd) x13 0xffffffff
core   0: 0x8000683e (0x0000100f) fence.i
core   0: 3 0x8000683e (0x0000100f)
core   0: 0x80006842 (0x00000001) c.nop
core   0: 3 0x80006842 (0x0001)
core   0: 0x80006844 (0x0002e333) or      t1, t0, zero
core   0: 3 0x80006844 (0x0002e333) x 6 0x00000002
core   0: 0x80006848 (0x042ec463) blt     t4, sp, pc + 72
core   0: 3 0x80006848 (0x042ec463)
core   0: 0x8000684c (0x39672e13) slti    t3, a4, 918
core   0: 3 0x8000684c (0x39672e13) x28 0x00000000
core   0: 0x80006850 (0x000007f9) c.addi  a5, 30
core   0: 3 0x80006850 (0x07f9) x15 0x0000001e
core   0: 0x80006852 (0xa48a6113) ori     sp, s4, -1464
core   0: 3 0x80006852 (0xa48a6113) x 2 0xfffffa4a
core   0: 0x80006856 (0x0364a833) mulhsu  a6, s1, s6
core   0: 3 0x80006856 (0x0364a833) x16 0x00000000
core   0: 0x8000685a (0x0257b933) mulhu   s2, a5, t0
core   0: 3 0x8000685a (0x0257b933) x18 0x00000000
core   0: 0x8000685e (0x016e9913) slli    s2, t4, 22
core   0: 3 0x8000685e (0x016e9913) x18 0x00800000
core   0: 0x80006862 (0x61e27797) auipc   a5, 0x61e27
core   0: 3 0x80006862 (0x61e27797) x15 0xe1e2d862
core   0: 0x80006866 (0x00008db2) c.mv    s11, a2
core   0: 3 0x80006866 (0x8db2) x27 0x867d6800
core   0: 0x80006868 (0x0ff0000f) fence   iorw,iorw
core   0: 3 0x80006868 (0x0ff0000f)
core   0: 0x8000686c (0xb4bee117) auipc   sp, 0xb4bee
core   0: 3 0x8000686c (0xb4bee117) x 2 0x34bf486c
core   0: 0x80006870 (0x03cbc8b3) div     a7, s7, t3
core   0: 3 0x80006870 (0x03cbc8b3) x17 0xffffffff
core   0: 0x80006874 (0x027ddbb3) divu    s7, s11, t2
core   0: 3 0x80006874 (0x027ddbb3) x23 0x00000001
core   0: 0x80006878 (0x01680313) addi    t1, a6, 22
core   0: 3 0x80006878 (0x01680313) x 6 0x00000016
core   0: 0x8000687c (0x00001588) c.addi4spn a0, sp, 736
core   0: 3 0x8000687c (0x1588) x10 0x34bf4b4c
core   0: 0x8000687e (0xbbfdfa93) andi    s5, s11, -1089
core   0: 3 0x8000687e (0xbbfdfa93) x21 0x867d6800
core   0: 0x80006882 (0x4131d0b3) sra     ra, gp, s3
core   0: 3 0x80006882 (0x4131d0b3) x 1 0x00008680
core   0: 0x80006886 (0x03858e63) beq     a1, s8, pc + 60
core   0: 3 0x80006886 (0x03858e63)
core   0: 0x8000688a (0x018b55b3) srl     a1, s6, s8
core   0: 3 0x8000688a (0x018b55b3) x11 0x0001336d
core   0: 0x8000688e (0x0000035a) c.slli  t1, 22
core   0: 3 0x8000688e (0x035a) x 6 0x05800000
core   0: 0x80006890 (0x00c10433) add     s0, sp, a2
core   0: 3 0x80006890 (0x00c10433) x 8 0xbb3cb06c
core   0: 0x80006894 (0x01d48433) add     s0, s1, t4
core   0: 3 0x80006894 (0x01d48433) x 8 0x00000002
core   0: 0x80006898 (0x03a68db3) mul     s11, a3, s10
core   0: 3 0x80006898 (0x03a68db3) x27 0x7ffd931c
core   0: 0x8000689c (0x0a11bdb7) lui     s11, 0xa11b
core   0: 3 0x8000689c (0x0a11bdb7) x27 0x0a11b000
core   0: 0x800068a0 (0x0000100f) fence.i
core   0: 3 0x800068a0 (0x0000100f)
core   0: 0x800068a4 (0x80c49717) auipc   a4, 0x80c49
core   0: 3 0x800068a4 (0x80c49717) x14 0x00c4f8a4
core   0: 0x800068a8 (0x00e2d763) bge     t0, a4, pc + 14
core   0: 3 0x800068a8 (0x00e2d763)
core   0: 0x800068ac (0x00000001) c.nop
core   0: 3 0x800068ac (0x0001)
core   0: 0x800068ae (0x026aaf33) mulhsu  t5, s5, t1
core   0: 3 0x800068ae (0x026aaf33) x30 0xfd63b1bc
core   0: 0x800068b2 (0x086dfe63) bgeu    s11, t1, pc + 156
core   0: 3 0x800068b2 (0x086dfe63)
core   0: 0x8000694e (0x00008d6d) c.and   a0, a1
core   0: 3 0x8000694e (0x8d6d) x10 0x0001034c
core   0: 0x80006950 (0x01fb96b3) sll     a3, s7, t6
core   0: 3 0x80006950 (0x01fb96b3) x13 0x00000001
core   0: 0x80006954 (0xe1553bb7) lui     s7, 0xe1553
core   0: 3 0x80006954 (0xe1553bb7) x23 0xe1553000
core   0: 0x80006958 (0x5e40b313) sltiu   t1, ra, 1508
core   0: 3 0x80006958 (0x5e40b313) x 6 0x00000000
core   0: 0x8000695c (0x00000001) c.nop
core   0: 3 0x8000695c (0x0001)
core   0: 0x8000695e (0x00008d01) c.sub   a0, s0
core   0: 3 0x8000695e (0x8d01) x10 0x0001034a
core   0: 0x80006960 (0x01eb3db3) sltu    s11, s6, t5
core   0: 3 0x80006960 (0x01eb3db3) x27 0x00000001
core   0: 0x80006964 (0x016a71b3) and     gp, s4, s6
core   0: 3 0x80006964 (0x016a71b3) x 3 0x00000000
core   0: 0x80006968 (0x0536c463) blt     a3, s3, pc + 72
core   0: 3 0x80006968 (0x0536c463)
core   0: 0x8000696c (0x03bcca63) blt     s9, s11, pc + 52
core   0: 3 0x8000696c (0x03bcca63)
core   0: 0x80006970 (0xc9bfe617) auipc   a2, 0xc9bfe
core   0: 3 0x80006970 (0xc9bfe617) x12 0x49c04970
core   0: 0x80006974 (0x3079b493) sltiu   s1, s3, 775
core   0: 3 0x80006974 (0x3079b493) x 9 0x00000000
core   0: 0x80006978 (0xde0f8493) addi    s1, t6, -544
core   0: 3 0x80006978 (0xde0f8493) x 9 0xfffffde0
core   0: 0x8000697c (0x003ddcb3) srl     s9, s11, gp
core   0: 3 0x8000697c (0x003ddcb3) x25 0x00000001
core   0: 0x80006980 (0x0000517d) c.li    sp, -1
core   0: 3 0x80006980 (0x517d) x 2 0xffffffff
core   0: 0x80006982 (0x0105ed63) bltu    a1, a6, pc + 26
core   0: 3 0x80006982 (0x0105ed63)
core   0: 0x80006986 (0x00008fa1) c.xor   a5, s0
core   0: 3 0x80006986 (0x8fa1) x15 0xe1e2d860
core   0: 0x80006988 (0x00000001) c.nop
core   0: 3 0x80006988 (0x0001)
core   0: 0x8000698a (0x00008c05) c.sub   s0, s1
core   0: 3 0x8000698a (0x8c05) x 8 0x00000222
core   0: 0x8000698c (0x01334cb3) xor     s9, t1, s3
core   0: 3 0x8000698c (0x01334cb3) x25 0x80022e64
core   0: 0x80006990 (0x02979f63) bne     a5, s1, pc + 62
core   0: 3 0x80006990 (0x02979f63)
core   0: 0x800069ce (0x0151a933) slt     s2, gp, s5
core   0: 3 0x800069ce (0x0151a933) x18 0x00000000
core   0: 0x800069d2 (0xe4cf8f13) addi    t5, t6, -436
core   0: 3 0x800069d2 (0xe4cf8f13) x30 0xfffffe4c
core   0: 0x800069d6 (0xea0ff193) andi    gp, t6, -352
core   0: 3 0x800069d6 (0xea0ff193) x 3 0x00000000
core   0: 0x800069da (0xa3e4ed37) lui     s10, 0xa3e4e
core   0: 3 0x800069da (0xa3e4ed37) x26 0xa3e4e000
core   0: 0x800069de (0x0000c689) c.beqz  a3, pc + 10
core   0: 3 0x800069de (0xc689)
core   0: 0x800069e0 (0x0343a433) mulhsu  s0, t2, s4
core   0: 3 0x800069e0 (0x0343a433) x 8 0xffffffff
core   0: 0x800069e4 (0x011b9013) slli    zero, s7, 17
core   0: 3 0x800069e4 (0x011b9013)
core   0: 0x800069e8 (0x00000556) c.slli  a0, 21
core   0: 3 0x800069e8 (0x0556) x10 0x69400000
core   0: 0x800069ea (0x03baf333) remu    t1, s5, s11
core   0: 3 0x800069ea (0x03baf333) x 6 0x00000000
core   0: 0x800069ee (0x01cd2fb3) slt     t6, s10, t3
core   0: 3 0x800069ee (0x01cd2fb3) x31 0x00000001
core   0: 0x800069f2 (0x00763e33) sltu    t3, a2, t2
core   0: 3 0x800069f2 (0x00763e33) x28 0x00000001
core   0: 0x800069f6 (0x000085ad) c.srai  a1, 11
core   0: 3 0x800069f6 (0x85ad) x11 0x00000026
core   0: 0x800069f8 (0x00008c4e) c.mv    s8, s3
core   0: 3 0x800069f8 (0x8c4e) x24 0x80022e64
core   0: 0x800069fa (0x00008c35) c.xor   s0, a3
core   0: 3 0x800069fa (0x8c35) x 8 0xfffffffe
core   0: 0x800069fc (0x00d59f93) slli    t6, a1, 13
core   0: 3 0x800069fc (0x00d59f93) x31 0x0004c000
core   0: 0x80006a00 (0x1b0c1f37) lui     t5, 0x1b0c1
core   0: 3 0x80006a00 (0x1b0c1f37) x30 0x1b0c1000
core   0: 0x80006a04 (0x00008f71) c.and   a4, a2
core   0: 3 0x80006a04 (0x8f71) x14 0x00c04820
core   0: 0x80006a06 (0x00000001) c.nop
core   0: 3 0x80006a06 (0x0001)
core   0: 0x80006a08 (0x00008d2d) c.xor   a0, a1
core   0: 3 0x80006a08 (0x8d2d) x10 0x69400026
core   0: 0x80006a0a (0x00005c7d) c.li    s8, -1
core   0: 3 0x80006a0a (0x5c7d) x24 0xffffffff
core   0: 0x80006a0c (0x01221db3) sll     s11, tp, s2
core   0: 3 0x80006a0c (0x01221db3) x27 0x00000000
core   0: 0x80006a10 (0x0252eb33) rem     s6, t0, t0
core   0: 3 0x80006a10 (0x0252eb33) x22 0x00000000
core   0: 0x80006a14 (0x00ac0633) add     a2, s8, a0
core   0: 3 0x80006a14 (0x00ac0633) x12 0x69400025
core   0: 0x80006a18 (0x41bcd913) srai    s2, s9, 27
core   0: 3 0x80006a18 (0x41bcd913) x18 0xfffffff0
core   0: 0x80006a1c (0x0216b6b3) mulhu   a3, a3, ra
core   0: 3 0x80006a1c (0x0216b6b3) x13 0x00000000
core   0: 0x80006a20 (0x0fcf4613) xori    a2, t5, 252
core   0: 3 0x80006a20 (0x0fcf4613) x12 0x1b0c10fc
core   0: 0x80006a24 (0x031b37b3) mulhu   a5, s6, a7
core   0: 3 0x80006a24 (0x031b37b3) x15 0x00000000
core   0: 0x80006a28 (0x035ec433) div     s0, t4, s5
core   0: 3 0x80006a28 (0x035ec433) x 8 0x00000000
core   0: 0x80006a2c (0xe1f37793) andi    a5, t1, -481
core   0: 3 0x80006a2c (0xe1f37793) x15 0x00000000
core   0: 0x80006a30 (0x030d7a33) remu    s4, s10, a6
core   0: 3 0x80006a30 (0x030d7a33) x20 0xa3e4e000
core   0: 0x80006a34 (0x02c2b1b3) mulhu   gp, t0, a2
core   0: 3 0x80006a34 (0x02c2b1b3) x 3 0x00000000
core   0: 0x80006a38 (0x0000717d) c.addi16sp sp, -16
core   0: 3 0x80006a38 (0x717d) x 2 0xffffffef
core   0: 0x80006a3a (0x02d77133) remu    sp, a4, a3
core   0: 3 0x80006a3a (0x02d77133) x 2 0x00c04820
core   0: 0x80006a3e (0x0025b933) sltu    s2, a1, sp
core   0: 3 0x80006a3e (0x0025b933) x18 0x00000001
core   0: 0x80006a42 (0xbea3edb7) lui     s11, 0xbea3e
core   0: 3 0x80006a42 (0xbea3edb7) x27 0xbea3e000
core   0: 0x80006a46 (0x0095da93) srli    s5, a1, 9
core   0: 3 0x80006a46 (0x0095da93) x21 0x00000000
core   0: 0x80006a4a (0x2d38c813) xori    a6, a7, 723
core   0: 3 0x80006a4a (0x2d38c813) x16 0xfffffd2c
core   0: 0x80006a4e (0x034d1533) mulh    a0, s10, s4
core   0: 3 0x80006a4e (0x034d1533) x10 0x212381df
core   0: 0x80006a52 (0xa753f613) andi    a2, t2, -1419
core   0: 3 0x80006a52 (0xa753f613) x12 0x80026864
core   0: 0x80006a56 (0x55614a13) xori    s4, sp, 1366
core   0: 3 0x80006a56 (0x55614a13) x20 0x00c04d76
core   0: 0x80006a5a (0x02e4f0b3) remu    ra, s1, a4
core   0: 3 0x80006a5a (0x02e4f0b3) x 1 0x00a03360
core   0: 0x80006a5e (0x0063c1b3) xor     gp, t2, t1
core   0: 3 0x80006a5e (0x0063c1b3) x 3 0x80026ce4
core   0: 0x80006a62 (0x00d86133) or      sp, a6, a3
core   0: 3 0x80006a62 (0x00d86133) x 2 0xfffffd2c
core   0: 0x80006a66 (0x0000517d) c.li    sp, -1
core   0: 3 0x80006a66 (0x517d) x 2 0xffffffff
core   0: 0x80006a68 (0x011d2833) slt     a6, s10, a7
core   0: 3 0x80006a68 (0x011d2833) x16 0x00000001
core   0: 0x80006a6c (0x02275633) divu    a2, a4, sp
core   0: 3 0x80006a6c (0x02275633) x12 0x00000000
core   0: 0x80006a70 (0x000086a1) c.srai  a3, 8
core   0: 3 0x80006a70 (0x86a1) x13 0x00000000
core   0: 0x80006a72 (0xdef42713) slti    a4, s0, -529
core   0: 3 0x80006a72 (0xdef42713) x14 0x00000000
core   0: 0x80006a76 (0x01666863) bltu    a2, s6, pc + 16
core   0: 3 0x80006a76 (0x01666863)
core   0: 0x80006a7a (0x03425d33) divu    s10, tp, s4
core   0: 3 0x80006a7a (0x03425d33) x26 0x00000000
core   0: 0x80006a7e (0x7caf4a93) xori    s5, t5, 1994
core   0: 3 0x80006a7e (0x7caf4a93) x21 0x1b0c17ca
core   0: 0x80006a82 (0x0ff0000f) fence   iorw,iorw
core   0: 3 0x80006a82 (0x0ff0000f)
core   0: 0x80006a86 (0x01fabe33) sltu    t3, s5, t6
core   0: 3 0x80006a86 (0x01fabe33) x28 0x00000000
core   0: 0x80006a8a (0x00008185) c.srli  a1, 1
core   0: 3 0x80006a8a (0x8185) x11 0x00000013
core   0: 0x80006a8c (0x01d82b33) slt     s6, a6, t4
core   0: 3 0x80006a8c (0x01d82b33) x22 0x00000001
core   0: 0x80006a90 (0x025908b3) mul     a7, s2, t0
core   0: 3 0x80006a90 (0x025908b3) x17 0x00000002
core   0: 0x80006a94 (0x00000d46) c.slli  s10, 17
core   0: 3 0x80006a94 (0x0d46) x26 0x00000000
core   0: 0x80006a96 (0x00008031) c.srli  s0, 12
core   0: 3 0x80006a96 (0x8031) x 8 0x00000000
core   0: 0x80006a98 (0x027a6db3) rem     s11, s4, t2
core   0: 3 0x80006a98 (0x027a6db3) x27 0x00c04d76
core   0: 0x80006a9c (0x00008c29) c.xor   s0, a0
core   0: 3 0x80006a9c (0x8c29) x 8 0x212381df
core   0: 0x80006a9e (0x004c7a63) bgeu    s8, tp, pc + 20
core   0: 3 0x80006a9e (0x004c7a63)
core   0: 0x80006ab2 (0x0ff0000f) fence   iorw,iorw
core   0: 3 0x80006ab2 (0x0ff0000f)
core   0: 0x80006ab6 (0x00006455) c.lui   s0, 0x15
core   0: 3 0x80006ab6 (0x6455) x 8 0x00015000
core   0: 0x80006ab8 (0x0ff0000f) fence   iorw,iorw
core   0: 3 0x80006ab8 (0x0ff0000f)
core   0: 0x80006abc (0x013a7463) bgeu    s4, s3, pc + 8
core   0: 3 0x80006abc (0x013a7463)
core   0: 0x80006ac0 (0x00006125) c.addi16sp sp, 96
core   0: 3 0x80006ac0 (0x6125) x 2 0x0000005f
core   0: 0x80006ac2 (0x00009afd) c.andi  a3, -1
core   0: 3 0x80006ac2 (0x9afd) x13 0x00000000
core   0: 0x80006ac4 (0x0f542193) slti    gp, s0, 245
core   0: 3 0x80006ac4 (0x0f542193) x 3 0x00000000
core   0: 0x80006ac8 (0x055bea17) auipc   s4, 0x55be
core   0: 3 0x80006ac8 (0x055bea17) x20 0x855c4ac8
core   0: 0x80006acc (0x00008add) c.andi  a3, 23
core   0: 3 0x80006acc (0x8add) x13 0x00000000
core   0: 0x80006ace (0x000006f9) c.addi  a3, 30
core   0: 3 0x80006ace (0x06f9) x13 0x0000001e
core   0: 0x80006ad0 (0x0000597d) c.li    s2, -1
core   0: 3 0x80006ad0 (0x597d) x18 0xffffffff
core   0: 0x80006ad2 (0x67aba793) slti    a5, s7, 1658
core   0: 3 0x80006ad2 (0x67aba793) x15 0x00000001
core   0: 0x80006ad6 (0x03647b33) remu    s6, s0, s6
core   0: 3 0x80006ad6 (0x03647b33) x22 0x00000000
core   0: 0x80006ada (0x02a2c563) blt     t0, a0, pc + 42
core   0: 3 0x80006ada (0x02a2c563)
core   0: 0x80006b04 (0x4606b117) auipc   sp, 0x4606b
core   0: 3 0x80006b04 (0x4606b117) x 2 0xc6071b04
core   0: 0x80006b08 (0x0000100f) fence.i
core   0: 3 0x80006b08 (0x0000100f)
core   0: 0x80006b0c (0x02141463) bne     s0, ra, pc + 40
core   0: 3 0x80006b0c (0x02141463)
core   0: 0x80006b34 (0xb7de6213) ori     tp, t3, -1155
core   0: 3 0x80006b34 (0xb7de6213) x 4 0xfffffb7d
core   0: 0x80006b38 (0x98454f13) xori    t5, a0, -1660
core   0: 3 0x80006b38 (0x98454f13) x30 0xdedc785b
core   0: 0x80006b3c (0x0221f333) remu    t1, gp, sp
core   0: 3 0x80006b3c (0x0221f333) x 6 0x00000000
core   0: 0x80006b40 (0x00008e01) c.sub   a2, s0
core   0: 3 0x80006b40 (0x8e01) x12 0xfffeb000
core   0: 0x80006b42 (0x0ff0000f) fence   iorw,iorw
core   0: 3 0x80006b42 (0x0ff0000f)
core   0: 0x80006b46 (0xa7878197) auipc   gp, 0xa7878
core   0: 3 0x80006b46 (0xa7878197) x 3 0x2787eb46
core   0: 0x80006b4a (0x00009dce) c.add   s11, s3
core   0: 3 0x80006b4a (0x9dce) x27 0x80c27bda
core   0: 0x80006b4c (0x01620ab3) add     s5, tp, s6
core   0: 3 0x80006b4c (0x01620ab3) x21 0xfffffb7d
core   0: 0x80006b50 (0x407ad913) srai    s2, s5, 7
core   0: 3 0x80006b50 (0x407ad913) x18 0xfffffff6
core   0: 0x80006b54 (0x715aec93) ori     s9, s5, 1813
core   0: 3 0x80006b54 (0x715aec93) x25 0xffffff7d
core   0: 0x80006b58 (0x038f57b3) divu    a5, t5, s8
core   0: 3 0x80006b58 (0x038f57b3) x15 0x00000000
core   0: 0x80006b5c (0x00000821) c.addi  a6, 8
core   0: 3 0x80006b5c (0x0821) x16 0x00000009
core   0: 0x80006b5e (0x0b530213) addi    tp, t1, 181
core   0: 3 0x80006b5e (0x0b530213) x 4 0x000000b5
core   0: 0x80006b62 (0x0000ca85) c.beqz  a3, pc + 48
core   0: 3 0x80006b62 (0xca85)
core   0: 0x80006b64 (0x00006151) c.addi16sp sp, 272
core   0: 3 0x80006b64 (0x6151) x 2 0xc6071c14
core   0: 0x80006b66 (0x0000100f) fence.i
core   0: 3 0x80006b66 (0x0000100f)
core   0: 0x80006b6a (0x01b0c0b3) xor     ra, ra, s11
core   0: 3 0x80006b6a (0x01b0c0b3) x 1 0x806248ba
core   0: 0x80006b6e (0x03129fb3) mulh    t6, t0, a7
core   0: 3 0x80006b6e (0x03129fb3) x31 0x00000000
core   0: 0x80006b72 (0x00008c01) c.sub   s0, s0
core   0: 3 0x80006b72 (0x8c01) x 8 0x00000000
core   0: 0x80006b74 (0x00008dad) c.xor   a1, a1
core   0: 3 0x80006b74 (0x8dad) x11 0x00000000
core   0: 0x80006b76 (0x00004e79) c.li    t3, 30
core   0: 3 0x80006b76 (0x4e79) x28 0x0000001e
core   0: 0x80006b78 (0x3a578493) addi    s1, a5, 933
core   0: 3 0x80006b78 (0x3a578493) x 9 0x000003a5
core   0: 0x80006b7c (0x01379c93) slli    s9, a5, 19
core   0: 3 0x80006b7c (0x01379c93) x25 0x00000000
core   0: 0x80006b80 (0x991f8793) addi    a5, t6, -1647
core   0: 3 0x80006b80 (0x991f8793) x15 0xfffff991
core   0: 0x80006b84 (0x41d0ddb3) sra     s11, ra, t4
core   0: 3 0x80006b84 (0x41d0ddb3) x27 0xe018922e
core   0: 0x80006b88 (0x0202e6b3) rem     a3, t0, zero
core   0: 3 0x80006b88 (0x0202e6b3) x13 0x00000002
core   0: 0x80006b8c (0x007ac263) blt     s5, t2, pc + 4
core   0: 3 0x80006b8c (0x007ac263)
core   0: 0x80006b90 (0x0000eb95) c.bnez  a5, pc + 52
core   0: 3 0x80006b90 (0xeb95)
core   0: 0x80006bc4 (0x00000294) c.addi4spn a3, sp, 320
core   0: 3 0x80006bc4 (0x0294) x13 0xc6071d54
core   0: 0x80006bc6 (0x000004a6) c.slli  s1, 9
core   0: 3 0x80006bc6 (0x04a6) x 9 0x00074a00
core   0: 0x80006bc8 (0x01814cb3) xor     s9, sp, s8
core   0: 3 0x80006bc8 (0x01814cb3) x25 0x39f8e3eb
core   0: 0x80006bcc (0xff8dfa93) andi    s5, s11, -8
core   0: 3 0x80006bcc (0xff8dfa93) x21 0xe0189228
core   0: 0x80006bd0 (0x410addb3) sra     s11, s5, a6
core   0: 3 0x80006bd0 (0x410addb3) x27 0xfff00c49
core   0: 0x80006bd4 (0x0040ed33) or      s10, ra, tp
core   0: 3 0x80006bd4 (0x0040ed33) x26 0x806248bf
core   0: 0x80006bd8 (0x03240563) beq     s0, s2, pc + 42
core   0: 3 0x80006bd8 (0x03240563)
core   0: 0x80006bdc (0x0000527d) c.li    tp, -1
core   0: 3 0x80006bdc (0x527d) x 4 0xffffffff
core   0: 0x80006bde (0x01487233) and     tp, a6, s4
core   0: 3 0x80006bde (0x01487233) x 4 0x00000008
core   0: 0x80006be2 (0x86d98f13) addi    t5, s3, -1939
core   0: 3 0x80006be2 (0x86d98f13) x30 0x800226d1
core   0: 0x80006be6 (0x00008b5d) c.andi  a4, 23
core   0: 3 0x80006be6 (0x8b5d) x14 0x00000000
core   0: 0x80006be8 (0x01149013) slli    zero, s1, 17
core   0: 3 0x80006be8 (0x01149013)
core   0: 0x80006bec (0x01f67263) bgeu    a2, t6, pc + 4
core   0: 3 0x80006bec (0x01f67263)
core   0: 0x80006bf0 (0x00009e7a) c.add   t3, t5
core   0: 3 0x80006bf0 (0x9e7a) x28 0x800226ef
core   0: 0x80006bf2 (0x2b8ca813) slti    a6, s9, 696
core   0: 3 0x80006bf2 (0x2b8ca813) x16 0x00000000
core   0: 0x80006bf6 (0x40df5a93) srai    s5, t5, 13
core   0: 3 0x80006bf6 (0x40df5a93) x21 0xfffc0011
core   0: 0x80006bfa (0x03137733) remu    a4, t1, a7
core   0: 3 0x80006bfa (0x03137733) x14 0x00000000
core   0: 0x80006bfe (0x04a03197) auipc   gp, 0x4a03
core   0: 3 0x80006bfe (0x04a03197) x 3 0x84a09bfe
core   0: 0x80006c02 (0x7079c813) xori    a6, s3, 1799
core   0: 3 0x80006c02 (0x7079c813) x16 0x80022963
core   0: 0x80006c06 (0x0154c333) xor     t1, s1, s5
core   0: 3 0x80006c06 (0x0154c333) x 6 0xfffb4a11
core   0: 0x80006c0a (0x00008bfd) c.andi  a5, 31
core   0: 3 0x80006c0a (0x8bfd) x15 0x00000011
core   0: 0x80006c0c (0x021dd933) divu    s2, s11, ra
core   0: 3 0x80006c0c (0x021dd933) x18 0x00000001
core   0: 0x80006c10 (0x00000001) c.nop
core   0: 3 0x80006c10 (0x0001)
core   0: 0x80006c12 (0x00001b7d) c.addi  s6, -1
core   0: 3 0x80006c12 (0x1b7d) x22 0xffffffff
core   0: 0x80006c14 (0x00008e01) c.sub   a2, s0
core   0: 3 0x80006c14 (0x8e01) x12 0xfffeb000
core   0: 0x80006c16 (0x000082a9) c.srli  a3, 10
core   0: 3 0x80006c16 (0x82a9) x13 0x003181c7
core   0: 0x80006c18 (0x00001f10) c.addi4spn a2, sp, 944
core   0: 3 0x80006c18 (0x1f10) x12 0xc6071fc4
core   0: 0x80006c1a (0x00008f5d) c.or    a4, a5
core   0: 3 0x80006c1a (0x8f5d) x14 0x00000011
core   0: 0x80006c1c (0x412fd633) sra     a2, t6, s2
core   0: 3 0x80006c1c (0x412fd633) x12 0x00000000
core   0: 0x80006c20 (0x0141ca33) xor     s4, gp, s4
core   0: 3 0x80006c20 (0x0141ca33) x20 0x01fcd136
core   0: 0x80006c24 (0x00a9ec63) bltu    s3, a0, pc + 24
core   0: 3 0x80006c24 (0x00a9ec63)
core   0: 0x80006c28 (0x015d6b63) bltu    s10, s5, pc + 22
core   0: 3 0x80006c28 (0x015d6b63)
core   0: 0x80006c3e (0x00008ec1) c.or    a3, s0
core   0: 3 0x80006c3e (0x8ec1) x13 0x003181c7
core   0: 0x80006c40 (0x0000c331) c.beqz  a4, pc + 68
core   0: 3 0x80006c40 (0xc331)
core   0: 0x80006c42 (0x0110cc63) blt     ra, a7, pc + 24
core   0: 3 0x80006c42 (0x0110cc63)
core   0: 0x80006c5a (0x02add533) divu    a0, s11, a0
core   0: 3 0x80006c5a (0x02add533) x10 0x00000007
core   0: 0x80006c5e (0x02747433) remu    s0, s0, t2
core   0: 3 0x80006c5e (0x02747433) x 8 0x00000000
core   0: 0x80006c62 (0x4138d333) sra     t1, a7, s3
core   0: 3 0x80006c62 (0x4138d333) x 6 0x00000000
core   0: 0x80006c66 (0xa66e7413) andi    s0, t3, -1434
core   0: 3 0x80006c66 (0xa66e7413) x 8 0x80022266
core   0: 0x80006c6a (0x01570463) beq     a4, s5, pc + 8
core   0: 3 0x80006c6a (0x01570463)
core   0: 0x80006c6e (0xe6a94693) xori    a3, s2, -406
core   0: 3 0x80006c6e (0xe6a94693) x13 0xfffffe6b
core   0: 0x80006c72 (0x00008425) c.srai  s0, 9
core   0: 3 0x80006c72 (0x8425) x 8 0xffc00111
core   0: 0x80006c74 (0x00008409) c.srai  s0, 2
core   0: 3 0x80006c74 (0x8409) x 8 0xfff00044
core   0: 0x80006c76 (0x412a5913) srai    s2, s4, 18
core   0: 3 0x80006c76 (0x412a5913) x18 0x0000007f
core   0: 0x80006c7a (0xee424693) xori    a3, tp, -284
core   0: 3 0x80006c7a (0xee424693) x13 0xfffffeec
core   0: 0x80006c7e (0x00008e11) c.sub   a2, a2
core   0: 3 0x80006c7e (0x8e11) x12 0x00000000
core   0: 0x80006c80 (0x0370da33) divu    s4, ra, s7
core   0: 3 0x80006c80 (0x0370da33) x20 0x00000000
core   0: 0x80006c84 (0x0000c805) c.beqz  s0, pc + 48
core   0: 3 0x80006c84 (0xc805)
core   0: 0x80006c86 (0x038ef233) remu    tp, t4, s8
core   0: 3 0x80006c86 (0x038ef233) x 4 0x00000002
core   0: 0x80006c8a (0x0000100f) fence.i
core   0: 3 0x80006c8a (0x0000100f)
core   0: 0x80006c8e (0x40dd5613) srai    a2, s10, 13
core   0: 3 0x80006c8e (0x40dd5613) x12 0xfffc0312
core   0: 0x80006c92 (0x03638133) mul     sp, t2, s6
core   0: 3 0x80006c92 (0x03638133) x 2 0x7ffd931c
core   0: 0x80006c96 (0x3b710f93) addi    t6, sp, 951
core   0: 3 0x80006c96 (0x3b710f93) x31 0x7ffd96d3
core   0: 0x80006c9a (0x7d457193) andi    gp, a0, 2004
core   0: 3 0x80006c9a (0x7d457193) x 3 0x00000004
core   0: 0x80006c9e (0x02495033) divu    zero, s2, tp
core   0: 3 0x80006c9e (0x02495033)
core   0: 0x80006ca2 (0xb329a197) auipc   gp, 0xb329a
core   0: 3 0x80006ca2 (0xb329a197) x 3 0x332a0ca2
core   0: 0x80006ca6 (0x00bc5893) srli    a7, s8, 11
core   0: 3 0x80006ca6 (0x00bc5893) x17 0x001fffff
core   0: 0x80006caa (0x000040f1) c.li    ra, 28
core   0: 3 0x80006caa (0x40f1) x 1 0x0000001c
core   0: 0x80006cac (0x003c1e13) slli    t3, s8, 3
core   0: 3 0x80006cac (0x003c1e13) x28 0xfffffff8
core   0: 0x80006cb0 (0x02f78fb3) mul     t6, a5, a5
core   0: 3 0x80006cb0 (0x02f78fb3) x31 0x00000121
core   0: 0x80006cb4 (0x3ca9bc13) sltiu   s8, s3, 970
core   0: 3 0x80006cb4 (0x3ca9bc13) x24 0x00000000
core   0: 0x80006cb8 (0x00d855b3) srl     a1, a6, a3
core   0: 3 0x80006cb8 (0x00d855b3) x11 0x00080022
core   0: 0x80006cbc (0x668da213) slti    tp, s11, 1640
core   0: 3 0x80006cbc (0x668da213) x 4 0x00000001
core   0: 0x80006cc0 (0x00300693) li      a3, 3
core   0: 3 0x80006cc0 (0x00300693) x13 0x00000003
core   0: 0x80006cc4 (0x5b8bcc13) xori    s8, s7, 1464
core   0: 3 0x80006cc4 (0x5b8bcc13) x24 0xe15535b8
core   0: 0x80006cc8 (0x00fdd893) srli    a7, s11, 15
core   0: 3 0x80006cc8 (0x00fdd893) x17 0x0001ffe0
core   0: 0x80006ccc (0x02c78633) mul     a2, a5, a2
core   0: 3 0x80006ccc (0x02c78633) x12 0xffbc3432
core   0: 0x80006cd0 (0x030b6633) rem     a2, s6, a6
core   0: 3 0x80006cd0 (0x030b6633) x12 0xffffffff
core   0: 0x80006cd4 (0x01a74633) xor     a2, a4, s10
core   0: 3 0x80006cd4 (0x01a74633) x12 0x806248ae
core   0: 0x80006cd8 (0x00000001) c.nop
core   0: 3 0x80006cd8 (0x0001)
core   0: 0x80006cda (0x02da8d33) mul     s10, s5, a3
core   0: 3 0x80006cda (0x02da8d33) x26 0xfff40033
core   0: 0x80006cde (0x00008c66) c.mv    s8, s9
core   0: 3 0x80006cde (0x8c66) x24 0x39f8e3eb
core   0: 0x80006ce0 (0x00008f5d) c.or    a4, a5
core   0: 3 0x80006ce0 (0x8f5d) x14 0x00000011
core   0: 0x80006ce2 (0x000004e2) c.slli  s1, 24
core   0: 3 0x80006ce2 (0x04e2) x 9 0x00000000
core   0: 0x80006ce4 (0x000005b2) c.slli  a1, 12
core   0: 3 0x80006ce4 (0x05b2) x11 0x80022000
core   0: 0x80006ce6 (0x000016fd) c.addi  a3, -1
core   0: 3 0x80006ce6 (0x16fd) x13 0x00000002
core   0: 0x80006ce8 (0x01941a13) slli    s4, s0, 25
core   0: 3 0x80006ce8 (0x01941a13) x20 0x88000000
core   0: 0x80006cec (0x00200b13) li      s6, 2
core   0: 3 0x80006cec (0x00200b13) x22 0x00000002
core   0: 0x80006cf0 (0x0ff0000f) fence   iorw,iorw
core   0: 3 0x80006cf0 (0x0ff0000f)
core   0: 0x80006cf4 (0x00a00093) li      ra, 10
core   0: 3 0x80006cf4 (0x00a00093) x 1 0x0000000a
core   0: 0x80006cf8 (0x00000001) c.nop
core   0: 3 0x80006cf8 (0x0001)
core   0: 0x80006cfa (0x0000100f) fence.i
core   0: 3 0x80006cfa (0x0000100f)
core   0: 0x80006cfe (0x00000b05) c.addi  s6, 1
core   0: 3 0x80006cfe (0x0b05) x22 0x00000003
core   0: 0x80006d00 (0x00006145) c.addi16sp sp, 48
core   0: 3 0x80006d00 (0x6145) x 2 0x7ffd934c
core   0: 0x80006d02 (0x3d404937) lui     s2, 0x3d404
core   0: 3 0x80006d02 (0x3d404937) x18 0x3d404000
core   0: 0x80006d06 (0xfe1b69e3) bltu    s6, ra, pc - 14
core   0: 3 0x80006d06 (0xfe1b69e3)
core   0: 0x80006cf8 (0x00000001) c.nop
core   0: 3 0x80006cf8 (0x0001)
core   0: 0x80006cfa (0x0000100f) fence.i
core   0: 3 0x80006cfa (0x0000100f)
core   0: 0x80006cfe (0x00000b05) c.addi  s6, 1
core   0: 3 0x80006cfe (0x0b05) x22 0x00000004
core   0: 0x80006d00 (0x00006145) c.addi16sp sp, 48
core   0: 3 0x80006d00 (0x6145) x 2 0x7ffd937c
core   0: 0x80006d02 (0x3d404937) lui     s2, 0x3d404
core   0: 3 0x80006d02 (0x3d404937) x18 0x3d404000
core   0: 0x80006d06 (0xfe1b69e3) bltu    s6, ra, pc - 14
core   0: 3 0x80006d06 (0xfe1b69e3)
core   0: 0x80006cf8 (0x00000001) c.nop
core   0: 3 0x80006cf8 (0x0001)
core   0: 0x80006cfa (0x0000100f) fence.i
core   0: 3 0x80006cfa (0x0000100f)
core   0: 0x80006cfe (0x00000b05) c.addi  s6, 1
core   0: 3 0x80006cfe (0x0b05) x22 0x00000005
core   0: 0x80006d00 (0x00006145) c.addi16sp sp, 48
core   0: 3 0x80006d00 (0x6145) x 2 0x7ffd93ac
core   0: 0x80006d02 (0x3d404937) lui     s2, 0x3d404
core   0: 3 0x80006d02 (0x3d404937) x18 0x3d404000
core   0: 0x80006d06 (0xfe1b69e3) bltu    s6, ra, pc - 14
core   0: 3 0x80006d06 (0xfe1b69e3)
core   0: 0x80006cf8 (0x00000001) c.nop
core   0: 3 0x80006cf8 (0x0001)
core   0: 0x80006cfa (0x0000100f) fence.i
core   0: 3 0x80006cfa (0x0000100f)
core   0: 0x80006cfe (0x00000b05) c.addi  s6, 1
core   0: 3 0x80006cfe (0x0b05) x22 0x00000006
core   0: 0x80006d00 (0x00006145) c.addi16sp sp, 48
core   0: 3 0x80006d00 (0x6145) x 2 0x7ffd93dc
core   0: 0x80006d02 (0x3d404937) lui     s2, 0x3d404
core   0: 3 0x80006d02 (0x3d404937) x18 0x3d404000
core   0: 0x80006d06 (0xfe1b69e3) bltu    s6, ra, pc - 14
core   0: 3 0x80006d06 (0xfe1b69e3)
core   0: 0x80006cf8 (0x00000001) c.nop
core   0: 3 0x80006cf8 (0x0001)
core   0: 0x80006cfa (0x0000100f) fence.i
core   0: 3 0x80006cfa (0x0000100f)
core   0: 0x80006cfe (0x00000b05) c.addi  s6, 1
core   0: 3 0x80006cfe (0x0b05) x22 0x00000007
core   0: 0x80006d00 (0x00006145) c.addi16sp sp, 48
core   0: 3 0x80006d00 (0x6145) x 2 0x7ffd940c
core   0: 0x80006d02 (0x3d404937) lui     s2, 0x3d404
core   0: 3 0x80006d02 (0x3d404937) x18 0x3d404000
core   0: 0x80006d06 (0xfe1b69e3) bltu    s6, ra, pc - 14
core   0: 3 0x80006d06 (0xfe1b69e3)
core   0: 0x80006cf8 (0x00000001) c.nop
core   0: 3 0x80006cf8 (0x0001)
core   0: 0x80006cfa (0x0000100f) fence.i
core   0: 3 0x80006cfa (0x0000100f)
core   0: 0x80006cfe (0x00000b05) c.addi  s6, 1
core   0: 3 0x80006cfe (0x0b05) x22 0x00000008
core   0: 0x80006d00 (0x00006145) c.addi16sp sp, 48
core   0: 3 0x80006d00 (0x6145) x 2 0x7ffd943c
core   0: 0x80006d02 (0x3d404937) lui     s2, 0x3d404
core   0: 3 0x80006d02 (0x3d404937) x18 0x3d404000
core   0: 0x80006d06 (0xfe1b69e3) bltu    s6, ra, pc - 14
core   0: 3 0x80006d06 (0xfe1b69e3)
core   0: 0x80006cf8 (0x00000001) c.nop
core   0: 3 0x80006cf8 (0x0001)
core   0: 0x80006cfa (0x0000100f) fence.i
core   0: 3 0x80006cfa (0x0000100f)
core   0: 0x80006cfe (0x00000b05) c.addi  s6, 1
core   0: 3 0x80006cfe (0x0b05) x22 0x00000009
core   0: 0x80006d00 (0x00006145) c.addi16sp sp, 48
core   0: 3 0x80006d00 (0x6145) x 2 0x7ffd946c
core   0: 0x80006d02 (0x3d404937) lui     s2, 0x3d404
core   0: 3 0x80006d02 (0x3d404937) x18 0x3d404000
core   0: 0x80006d06 (0xfe1b69e3) bltu    s6, ra, pc - 14
core   0: 3 0x80006d06 (0xfe1b69e3)
core   0: 0x80006cf8 (0x00000001) c.nop
core   0: 3 0x80006cf8 (0x0001)
core   0: 0x80006cfa (0x0000100f) fence.i
core   0: 3 0x80006cfa (0x0000100f)
core   0: 0x80006cfe (0x00000b05) c.addi  s6, 1
core   0: 3 0x80006cfe (0x0b05) x22 0x0000000a
core   0: 0x80006d00 (0x00006145) c.addi16sp sp, 48
core   0: 3 0x80006d00 (0x6145) x 2 0x7ffd949c
core   0: 0x80006d02 (0x3d404937) lui     s2, 0x3d404
core   0: 3 0x80006d02 (0x3d404937) x18 0x3d404000
core   0: 0x80006d06 (0xfe1b69e3) bltu    s6, ra, pc - 14
core   0: 3 0x80006d06 (0xfe1b69e3)
core   0: 0x80006d0a (0x86ad0f93) addi    t6, s10, -1942
core   0: 3 0x80006d0a (0x86ad0f93) x31 0xfff3f89d
core   0: 0x80006d0e (0x00000659) c.addi  a2, 22
core   0: 3 0x80006d0e (0x0659) x12 0x806248c4
core   0: 0x80006d10 (0xf22d7497) auipc   s1, 0xf22d7
core   0: 3 0x80006d10 (0xf22d7497) x 9 0x722ddd10
core   0: 0x80006d14 (0x02006633) rem     a2, zero, zero
core   0: 3 0x80006d14 (0x02006633) x12 0x00000000
core   0: 0x80006d18 (0x0000855d) c.srai  a0, 23
core   0: 3 0x80006d18 (0x855d) x10 0x00000000
core   0: 0x80006d1a (0x0000f2e1) c.bnez  a3, pc - 64
core   0: 3 0x80006d1a (0xf2e1)
core   0: 0x80006cda (0x02da8d33) mul     s10, s5, a3
core   0: 3 0x80006cda (0x02da8d33) x26 0xfff80022
core   0: 0x80006cde (0x00008c66) c.mv    s8, s9
core   0: 3 0x80006cde (0x8c66) x24 0x39f8e3eb
core   0: 0x80006ce0 (0x00008f5d) c.or    a4, a5
core   0: 3 0x80006ce0 (0x8f5d) x14 0x00000011
core   0: 0x80006ce2 (0x000004e2) c.slli  s1, 24
core   0: 3 0x80006ce2 (0x04e2) x 9 0x10000000
core   0: 0x80006ce4 (0x000005b2) c.slli  a1, 12
core   0: 3 0x80006ce4 (0x05b2) x11 0x22000000
core   0: 0x80006ce6 (0x000016fd) c.addi  a3, -1
core   0: 3 0x80006ce6 (0x16fd) x13 0x00000001
core   0: 0x80006ce8 (0x01941a13) slli    s4, s0, 25
core   0: 3 0x80006ce8 (0x01941a13) x20 0x88000000
core   0: 0x80006cec (0x00200b13) li      s6, 2
core   0: 3 0x80006cec (0x00200b13) x22 0x00000002
core   0: 0x80006cf0 (0x0ff0000f) fence   iorw,iorw
core   0: 3 0x80006cf0 (0x0ff0000f)
core   0: 0x80006cf4 (0x00a00093) li      ra, 10
core   0: 3 0x80006cf4 (0x00a00093) x 1 0x0000000a
core   0: 0x80006cf8 (0x00000001) c.nop
core   0: 3 0x80006cf8 (0x0001)
core   0: 0x80006cfa (0x0000100f) fence.i
core   0: 3 0x80006cfa (0x0000100f)
core   0: 0x80006cfe (0x00000b05) c.addi  s6, 1
core   0: 3 0x80006cfe (0x0b05) x22 0x00000003
core   0: 0x80006d00 (0x00006145) c.addi16sp sp, 48
core   0: 3 0x80006d00 (0x6145) x 2 0x7ffd94cc
core   0: 0x80006d02 (0x3d404937) lui     s2, 0x3d404
core   0: 3 0x80006d02 (0x3d404937) x18 0x3d404000
core   0: 0x80006d06 (0xfe1b69e3) bltu    s6, ra, pc - 14
core   0: 3 0x80006d06 (0xfe1b69e3)
core   0: 0x80006cf8 (0x00000001) c.nop
core   0: 3 0x80006cf8 (0x0001)
core   0: 0x80006cfa (0x0000100f) fence.i
core   0: 3 0x80006cfa (0x0000100f)
core   0: 0x80006cfe (0x00000b05) c.addi  s6, 1
core   0: 3 0x80006cfe (0x0b05) x22 0x00000004
core   0: 0x80006d00 (0x00006145) c.addi16sp sp, 48
core   0: 3 0x80006d00 (0x6145) x 2 0x7ffd94fc
core   0: 0x80006d02 (0x3d404937) lui     s2, 0x3d404
core   0: 3 0x80006d02 (0x3d404937) x18 0x3d404000
core   0: 0x80006d06 (0xfe1b69e3) bltu    s6, ra, pc - 14
core   0: 3 0x80006d06 (0xfe1b69e3)
core   0: 0x80006cf8 (0x00000001) c.nop
core   0: 3 0x80006cf8 (0x0001)
core   0: 0x80006cfa (0x0000100f) fence.i
core   0: 3 0x80006cfa (0x0000100f)
core   0: 0x80006cfe (0x00000b05) c.addi  s6, 1
core   0: 3 0x80006cfe (0x0b05) x22 0x00000005
core   0: 0x80006d00 (0x00006145) c.addi16sp sp, 48
core   0: 3 0x80006d00 (0x6145) x 2 0x7ffd952c
core   0: 0x80006d02 (0x3d404937) lui     s2, 0x3d404
core   0: 3 0x80006d02 (0x3d404937) x18 0x3d404000
core   0: 0x80006d06 (0xfe1b69e3) bltu    s6, ra, pc - 14
core   0: 3 0x80006d06 (0xfe1b69e3)
core   0: 0x80006cf8 (0x00000001) c.nop
core   0: 3 0x80006cf8 (0x0001)
core   0: 0x80006cfa (0x0000100f) fence.i
core   0: 3 0x80006cfa (0x0000100f)
core   0: 0x80006cfe (0x00000b05) c.addi  s6, 1
core   0: 3 0x80006cfe (0x0b05) x22 0x00000006
core   0: 0x80006d00 (0x00006145) c.addi16sp sp, 48
core   0: 3 0x80006d00 (0x6145) x 2 0x7ffd955c
core   0: 0x80006d02 (0x3d404937) lui     s2, 0x3d404
core   0: 3 0x80006d02 (0x3d404937) x18 0x3d404000
core   0: 0x80006d06 (0xfe1b69e3) bltu    s6, ra, pc - 14
core   0: 3 0x80006d06 (0xfe1b69e3)
core   0: 0x80006cf8 (0x00000001) c.nop
core   0: 3 0x80006cf8 (0x0001)
core   0: 0x80006cfa (0x0000100f) fence.i
core   0: 3 0x80006cfa (0x0000100f)
core   0: 0x80006cfe (0x00000b05) c.addi  s6, 1
core   0: 3 0x80006cfe (0x0b05) x22 0x00000007
core   0: 0x80006d00 (0x00006145) c.addi16sp sp, 48
core   0: 3 0x80006d00 (0x6145) x 2 0x7ffd958c
core   0: 0x80006d02 (0x3d404937) lui     s2, 0x3d404
core   0: 3 0x80006d02 (0x3d404937) x18 0x3d404000
core   0: 0x80006d06 (0xfe1b69e3) bltu    s6, ra, pc - 14
core   0: 3 0x80006d06 (0xfe1b69e3)
core   0: 0x80006cf8 (0x00000001) c.nop
core   0: 3 0x80006cf8 (0x0001)
core   0: 0x80006cfa (0x0000100f) fence.i
core   0: 3 0x80006cfa (0x0000100f)
core   0: 0x80006cfe (0x00000b05) c.addi  s6, 1
core   0: 3 0x80006cfe (0x0b05) x22 0x00000008
core   0: 0x80006d00 (0x00006145) c.addi16sp sp, 48
core   0: 3 0x80006d00 (0x6145) x 2 0x7ffd95bc
core   0: 0x80006d02 (0x3d404937) lui     s2, 0x3d404
core   0: 3 0x80006d02 (0x3d404937) x18 0x3d404000
core   0: 0x80006d06 (0xfe1b69e3) bltu    s6, ra, pc - 14
core   0: 3 0x80006d06 (0xfe1b69e3)
core   0: 0x80006cf8 (0x00000001) c.nop
core   0: 3 0x80006cf8 (0x0001)
core   0: 0x80006cfa (0x0000100f) fence.i
core   0: 3 0x80006cfa (0x0000100f)
core   0: 0x80006cfe (0x00000b05) c.addi  s6, 1
core   0: 3 0x80006cfe (0x0b05) x22 0x00000009
core   0: 0x80006d00 (0x00006145) c.addi16sp sp, 48
core   0: 3 0x80006d00 (0x6145) x 2 0x7ffd95ec
core   0: 0x80006d02 (0x3d404937) lui     s2, 0x3d404
core   0: 3 0x80006d02 (0x3d404937) x18 0x3d404000
core   0: 0x80006d06 (0xfe1b69e3) bltu    s6, ra, pc - 14
core   0: 3 0x80006d06 (0xfe1b69e3)
core   0: 0x80006cf8 (0x00000001) c.nop
core   0: 3 0x80006cf8 (0x0001)
core   0: 0x80006cfa (0x0000100f) fence.i
core   0: 3 0x80006cfa (0x0000100f)
core   0: 0x80006cfe (0x00000b05) c.addi  s6, 1
core   0: 3 0x80006cfe (0x0b05) x22 0x0000000a
core   0: 0x80006d00 (0x00006145) c.addi16sp sp, 48
core   0: 3 0x80006d00 (0x6145) x 2 0x7ffd961c
core   0: 0x80006d02 (0x3d404937) lui     s2, 0x3d404
core   0: 3 0x80006d02 (0x3d404937) x18 0x3d404000
core   0: 0x80006d06 (0xfe1b69e3) bltu    s6, ra, pc - 14
core   0: 3 0x80006d06 (0xfe1b69e3)
core   0: 0x80006d0a (0x86ad0f93) addi    t6, s10, -1942
core   0: 3 0x80006d0a (0x86ad0f93) x31 0xfff7f88c
core   0: 0x80006d0e (0x00000659) c.addi  a2, 22
core   0: 3 0x80006d0e (0x0659) x12 0x00000016
core   0: 0x80006d10 (0xf22d7497) auipc   s1, 0xf22d7
core   0: 3 0x80006d10 (0xf22d7497) x 9 0x722ddd10
core   0: 0x80006d14 (0x02006633) rem     a2, zero, zero
core   0: 3 0x80006d14 (0x02006633) x12 0x00000000
core   0: 0x80006d18 (0x0000855d) c.srai  a0, 23
core   0: 3 0x80006d18 (0x855d) x10 0x00000000
core   0: 0x80006d1a (0x0000f2e1) c.bnez  a3, pc - 64
core   0: 3 0x80006d1a (0xf2e1)
core   0: 0x80006cda (0x02da8d33) mul     s10, s5, a3
core   0: 3 0x80006cda (0x02da8d33) x26 0xfffc0011
core   0: 0x80006cde (0x00008c66) c.mv    s8, s9
core   0: 3 0x80006cde (0x8c66) x24 0x39f8e3eb
core   0: 0x80006ce0 (0x00008f5d) c.or    a4, a5
core   0: 3 0x80006ce0 (0x8f5d) x14 0x00000011
core   0: 0x80006ce2 (0x000004e2) c.slli  s1, 24
core   0: 3 0x80006ce2 (0x04e2) x 9 0x10000000
core   0: 0x80006ce4 (0x000005b2) c.slli  a1, 12
core   0: 3 0x80006ce4 (0x05b2) x11 0x00000000
core   0: 0x80006ce6 (0x000016fd) c.addi  a3, -1
core   0: 3 0x80006ce6 (0x16fd) x13 0x00000000
core   0: 0x80006ce8 (0x01941a13) slli    s4, s0, 25
core   0: 3 0x80006ce8 (0x01941a13) x20 0x88000000
core   0: 0x80006cec (0x00200b13) li      s6, 2
core   0: 3 0x80006cec (0x00200b13) x22 0x00000002
core   0: 0x80006cf0 (0x0ff0000f) fence   iorw,iorw
core   0: 3 0x80006cf0 (0x0ff0000f)
core   0: 0x80006cf4 (0x00a00093) li      ra, 10
core   0: 3 0x80006cf4 (0x00a00093) x 1 0x0000000a
core   0: 0x80006cf8 (0x00000001) c.nop
core   0: 3 0x80006cf8 (0x0001)
core   0: 0x80006cfa (0x0000100f) fence.i
core   0: 3 0x80006cfa (0x0000100f)
core   0: 0x80006cfe (0x00000b05) c.addi  s6, 1
core   0: 3 0x80006cfe (0x0b05) x22 0x00000003
core   0: 0x80006d00 (0x00006145) c.addi16sp sp, 48
core   0: 3 0x80006d00 (0x6145) x 2 0x7ffd964c
core   0: 0x80006d02 (0x3d404937) lui     s2, 0x3d404
core   0: 3 0x80006d02 (0x3d404937) x18 0x3d404000
core   0: 0x80006d06 (0xfe1b69e3) bltu    s6, ra, pc - 14
core   0: 3 0x80006d06 (0xfe1b69e3)
core   0: 0x80006cf8 (0x00000001) c.nop
core   0: 3 0x80006cf8 (0x0001)
core   0: 0x80006cfa (0x0000100f) fence.i
core   0: 3 0x80006cfa (0x0000100f)
core   0: 0x80006cfe (0x00000b05) c.addi  s6, 1
core   0: 3 0x80006cfe (0x0b05) x22 0x00000004
core   0: 0x80006d00 (0x00006145) c.addi16sp sp, 48
core   0: 3 0x80006d00 (0x6145) x 2 0x7ffd967c
core   0: 0x80006d02 (0x3d404937) lui     s2, 0x3d404
core   0: 3 0x80006d02 (0x3d404937) x18 0x3d404000
core   0: 0x80006d06 (0xfe1b69e3) bltu    s6, ra, pc - 14
core   0: 3 0x80006d06 (0xfe1b69e3)
core   0: 0x80006cf8 (0x00000001) c.nop
core   0: 3 0x80006cf8 (0x0001)
core   0: 0x80006cfa (0x0000100f) fence.i
core   0: 3 0x80006cfa (0x0000100f)
core   0: 0x80006cfe (0x00000b05) c.addi  s6, 1
core   0: 3 0x80006cfe (0x0b05) x22 0x00000005
core   0: 0x80006d00 (0x00006145) c.addi16sp sp, 48
core   0: 3 0x80006d00 (0x6145) x 2 0x7ffd96ac
core   0: 0x80006d02 (0x3d404937) lui     s2, 0x3d404
core   0: 3 0x80006d02 (0x3d404937) x18 0x3d404000
core   0: 0x80006d06 (0xfe1b69e3) bltu    s6, ra, pc - 14
core   0: 3 0x80006d06 (0xfe1b69e3)
core   0: 0x80006cf8 (0x00000001) c.nop
core   0: 3 0x80006cf8 (0x0001)
core   0: 0x80006cfa (0x0000100f) fence.i
core   0: 3 0x80006cfa (0x0000100f)
core   0: 0x80006cfe (0x00000b05) c.addi  s6, 1
core   0: 3 0x80006cfe (0x0b05) x22 0x00000006
core   0: 0x80006d00 (0x00006145) c.addi16sp sp, 48
core   0: 3 0x80006d00 (0x6145) x 2 0x7ffd96dc
core   0: 0x80006d02 (0x3d404937) lui     s2, 0x3d404
core   0: 3 0x80006d02 (0x3d404937) x18 0x3d404000
core   0: 0x80006d06 (0xfe1b69e3) bltu    s6, ra, pc - 14
core   0: 3 0x80006d06 (0xfe1b69e3)
core   0: 0x80006cf8 (0x00000001) c.nop
core   0: 3 0x80006cf8 (0x0001)
core   0: 0x80006cfa (0x0000100f) fence.i
core   0: 3 0x80006cfa (0x0000100f)
core   0: 0x80006cfe (0x00000b05) c.addi  s6, 1
core   0: 3 0x80006cfe (0x0b05) x22 0x00000007
core   0: 0x80006d00 (0x00006145) c.addi16sp sp, 48
core   0: 3 0x80006d00 (0x6145) x 2 0x7ffd970c
core   0: 0x80006d02 (0x3d404937) lui     s2, 0x3d404
core   0: 3 0x80006d02 (0x3d404937) x18 0x3d404000
core   0: 0x80006d06 (0xfe1b69e3) bltu    s6, ra, pc - 14
core   0: 3 0x80006d06 (0xfe1b69e3)
core   0: 0x80006cf8 (0x00000001) c.nop
core   0: 3 0x80006cf8 (0x0001)
core   0: 0x80006cfa (0x0000100f) fence.i
core   0: 3 0x80006cfa (0x0000100f)
core   0: 0x80006cfe (0x00000b05) c.addi  s6, 1
core   0: 3 0x80006cfe (0x0b05) x22 0x00000008
core   0: 0x80006d00 (0x00006145) c.addi16sp sp, 48
core   0: 3 0x80006d00 (0x6145) x 2 0x7ffd973c
core   0: 0x80006d02 (0x3d404937) lui     s2, 0x3d404
core   0: 3 0x80006d02 (0x3d404937) x18 0x3d404000
core   0: 0x80006d06 (0xfe1b69e3) bltu    s6, ra, pc - 14
core   0: 3 0x80006d06 (0xfe1b69e3)
core   0: 0x80006cf8 (0x00000001) c.nop
core   0: 3 0x80006cf8 (0x0001)
core   0: 0x80006cfa (0x0000100f) fence.i
core   0: 3 0x80006cfa (0x0000100f)
core   0: 0x80006cfe (0x00000b05) c.addi  s6, 1
core   0: 3 0x80006cfe (0x0b05) x22 0x00000009
core   0: 0x80006d00 (0x00006145) c.addi16sp sp, 48
core   0: 3 0x80006d00 (0x6145) x 2 0x7ffd976c
core   0: 0x80006d02 (0x3d404937) lui     s2, 0x3d404
core   0: 3 0x80006d02 (0x3d404937) x18 0x3d404000
core   0: 0x80006d06 (0xfe1b69e3) bltu    s6, ra, pc - 14
core   0: 3 0x80006d06 (0xfe1b69e3)
core   0: 0x80006cf8 (0x00000001) c.nop
core   0: 3 0x80006cf8 (0x0001)
core   0: 0x80006cfa (0x0000100f) fence.i
core   0: 3 0x80006cfa (0x0000100f)
core   0: 0x80006cfe (0x00000b05) c.addi  s6, 1
core   0: 3 0x80006cfe (0x0b05) x22 0x0000000a
core   0: 0x80006d00 (0x00006145) c.addi16sp sp, 48
core   0: 3 0x80006d00 (0x6145) x 2 0x7ffd979c
core   0: 0x80006d02 (0x3d404937) lui     s2, 0x3d404
core   0: 3 0x80006d02 (0x3d404937) x18 0x3d404000
core   0: 0x80006d06 (0xfe1b69e3) bltu    s6, ra, pc - 14
core   0: 3 0x80006d06 (0xfe1b69e3)
core   0: 0x80006d0a (0x86ad0f93) addi    t6, s10, -1942
core   0: 3 0x80006d0a (0x86ad0f93) x31 0xfffbf87b
core   0: 0x80006d0e (0x00000659) c.addi  a2, 22
core   0: 3 0x80006d0e (0x0659) x12 0x00000016
core   0: 0x80006d10 (0xf22d7497) auipc   s1, 0xf22d7
core   0: 3 0x80006d10 (0xf22d7497) x 9 0x722ddd10
core   0: 0x80006d14 (0x02006633) rem     a2, zero, zero
core   0: 3 0x80006d14 (0x02006633) x12 0x00000000
core   0: 0x80006d18 (0x0000855d) c.srai  a0, 23
core   0: 3 0x80006d18 (0x855d) x10 0x00000000
core   0: 0x80006d1a (0x0000f2e1) c.bnez  a3, pc - 64
core   0: 3 0x80006d1a (0xf2e1)
core   0: 0x80006d1c (0x005091b3) sll     gp, ra, t0
core   0: 3 0x80006d1c (0x005091b3) x 3 0x00000028
core   0: 0x80006d20 (0x04407163) bgeu    zero, tp, pc + 66
core   0: 3 0x80006d20 (0x04407163)
core   0: 0x80006d24 (0x02a40a33) mul     s4, s0, a0
core   0: 3 0x80006d24 (0x02a40a33) x20 0x00000000
core   0: 0x80006d28 (0x02837b63) bgeu    t1, s0, pc + 54
core   0: 3 0x80006d28 (0x02837b63)
core   0: 0x80006d2c (0x00008e79) c.and   a2, a4
core   0: 3 0x80006d2c (0x8e79) x12 0x00000000
core   0: 0x80006d2e (0x00000001) c.nop
core   0: 3 0x80006d2e (0x0001)
core   0: 0x80006d30 (0x09b151b7) lui     gp, 0x9b15
core   0: 3 0x80006d30 (0x09b151b7) x 3 0x09b15000
core   0: 0x80006d34 (0x01179e63) bne     a5, a7, pc + 28
core   0: 3 0x80006d34 (0x01179e63)
core   0: 0x80006d50 (0x005365b3) or      a1, t1, t0
core   0: 3 0x80006d50 (0x005365b3) x11 0x00000002
core   0: 0x80006d54 (0x0000717d) c.addi16sp sp, -16
core   0: 3 0x80006d54 (0x717d) x 2 0x7ffd978c
core   0: 0x80006d56 (0xef387517) auipc   a0, 0xef387
core   0: 3 0x80006d56 (0xef387517) x10 0x6f38dd56
core   0: 0x80006d5a (0x02a15bb3) divu    s7, sp, a0
core   0: 3 0x80006d5a (0x02a15bb3) x23 0x00000001
core   0: 0x80006d5e (0x01cca4b3) slt     s1, s9, t3
core   0: 3 0x80006d5e (0x01cca4b3) x 9 0x00000000
core   0: 0x80006d62 (0x021c5633) divu    a2, s8, ra
core   0: 3 0x80006d62 (0x021c5633) x12 0x05cc16ca
core   0: 0x80006d66 (0x0000e121) c.bnez  a0, pc + 64
core   0: 3 0x80006d66 (0xe121)
core   0: 0x80006da6 (0x009f5913) srli    s2, t5, 9
core   0: 3 0x80006da6 (0x009f5913) x18 0x00400113
core   0: 0x80006daa (0x02f3e8b3) rem     a7, t2, a5
core   0: 3 0x80006daa (0x02f3e8b3) x17 0xfffffff5
core   0: 0x80006dae (0x03585bb3) divu    s7, a6, s5
core   0: 3 0x80006dae (0x03585bb3) x23 0x00000000
core   0: 0x80006db2 (0x05240063) beq     s0, s2, pc + 64
core   0: 3 0x80006db2 (0x05240063)
core   0: 0x80006db6 (0x000084f5) c.srai  s1, 29
core   0: 3 0x80006db6 (0x84f5) x 9 0x00000000
core   0: 0x80006db8 (0x00bc7e33) and     t3, s8, a1
core   0: 3 0x80006db8 (0x00bc7e33) x28 0x00000002
core   0: 0x80006dbc (0x02eb0233) mul     tp, s6, a4
core   0: 3 0x80006dbc (0x02eb0233) x 4 0x000000aa
core   0: 0x80006dc0 (0x00008ebd) c.xor   a3, a5
core   0: 3 0x80006dc0 (0x8ebd) x13 0x00000011
core   0: 0x80006dc2 (0x17462737) lui     a4, 0x17462
core   0: 3 0x80006dc2 (0x17462737) x14 0x17462000
core   0: 0x80006dc6 (0xf652bb13) sltiu   s6, t0, -155
core   0: 3 0x80006dc6 (0xf652bb13) x22 0x00000001
core   0: 0x80006dca (0x00008f4d) c.or    a4, a1
core   0: 3 0x80006dca (0x8f4d) x14 0x17462002
core   0: 0x80006dcc (0x00000001) c.nop
core   0: 3 0x80006dcc (0x0001)
core   0: 0x80006dce (0x011b1c13) slli    s8, s6, 17
core   0: 3 0x80006dce (0x011b1c13) x24 0x00020000
core   0: 0x80006dd2 (0x35112113) slti    sp, sp, 849
core   0: 3 0x80006dd2 (0x35112113) x 2 0x00000000
core   0: 0x80006dd6 (0x40cc8f33) sub     t5, s9, a2
core   0: 3 0x80006dd6 (0x40cc8f33) x30 0x342ccd21
core   0: 0x80006dda (0x00006161) c.addi16sp sp, 80
core   0: 3 0x80006dda (0x6161) x 2 0x00000050
core   0: 0x80006ddc (0x0000ed9d) c.bnez  a1, pc + 62
core   0: 3 0x80006ddc (0xed9d)
core   0: 0x80006e1a (0x026b28b3) mulhsu  a7, s6, t1
core   0: 3 0x80006e1a (0x026b28b3) x17 0x00000000
core   0: 0x80006e1e (0x02035ab3) divu    s5, t1, zero
core   0: 3 0x80006e1e (0x02035ab3) x21 0xffffffff
core   0: 0x80006e22 (0x41975113) srai    sp, a4, 25
core   0: 3 0x80006e22 (0x41975113) x 2 0x0000000b
core   0: 0x80006e26 (0x000086fd) c.srai  a3, 31
core   0: 3 0x80006e26 (0x86fd) x13 0x00000000
core   0: 0x80006e28 (0x0334b933) mulhu   s2, s1, s3
core   0: 3 0x80006e28 (0x0334b933) x18 0x00000000
core   0: 0x80006e2c (0x00008319) c.srli  a4, 6
core   0: 3 0x80006e2c (0x8319) x14 0x005d1880
core   0: 0x80006e2e (0x00008cd9) c.or    s1, a4
core   0: 3 0x80006e2e (0x8cd9) x 9 0x005d1880
core   0: 0x80006e30 (0x4d70b613) sltiu   a2, ra, 1239
core   0: 3 0x80006e30 (0x4d70b613) x12 0x00000001
core   0: 0x80006e34 (0x014bc6b3) xor     a3, s7, s4
core   0: 3 0x80006e34 (0x014bc6b3) x13 0x00000000
core   0: 0x80006e38 (0xe1e7f697) auipc   a3, 0xe1e7f
core   0: 3 0x80006e38 (0xe1e7f697) x13 0x61e85e38
core   0: 0x80006e3c (0x41f75213) srai    tp, a4, 31
core   0: 3 0x80006e3c (0x41f75213) x 4 0x00000000
core   0: 0x80006e40 (0x0189e6b3) or      a3, s3, s8
core   0: 3 0x80006e40 (0x0189e6b3) x13 0x80022e64
core   0: 0x80006e44 (0x0368e4b3) rem     s1, a7, s6
core   0: 3 0x80006e44 (0x0368e4b3) x 9 0x00000000
core   0: 0x80006e48 (0x405251b3) sra     gp, tp, t0
core   0: 3 0x80006e48 (0x405251b3) x 3 0x00000000
core   0: 0x80006e4c (0x03e78ab3) mul     s5, a5, t5
core   0: 3 0x80006e4c (0x03e78ab3) x21 0x76f99f31
core   0: 0x80006e50 (0x0000c511) c.beqz  a0, pc + 12
core   0: 3 0x80006e50 (0xc511)
core   0: 0x80006e52 (0x000096ba) c.add   a3, a4
core   0: 3 0x80006e52 (0x96ba) x13 0x805f46e4
core   0: 0x80006e54 (0xd98c0c93) addi    s9, s8, -616
core   0: 3 0x80006e54 (0xd98c0c93) x25 0x0001fd98
core   0: 0x80006e58 (0x4067de93) srai    t4, a5, 6
core   0: 3 0x80006e58 (0x4067de93) x29 0x00000000
core   0: 0x80006e5c (0x0000cb39) c.beqz  a4, pc + 86
core   0: 3 0x80006e5c (0xcb39)
core   0: 0x80006e5e (0x04b28763) beq     t0, a1, pc + 78
core   0: 3 0x80006e5e (0x04b28763)
core   0: 0x80006eac (0x00008afd) c.andi  a3, 31
core   0: 3 0x80006eac (0x8afd) x13 0x00000004
core   0: 0x80006eae (0x032fed33) rem     s10, t6, s2
core   0: 3 0x80006eae (0x032fed33) x26 0xfffbf87b
core   0: 0x80006eb2 (0x016bdcb3) srl     s9, s7, s6
core   0: 3 0x80006eb2 (0x016bdcb3) x25 0x00000000
core   0: 0x80006eb6 (0x02359d63) bne     a1, gp, pc + 58
core   0: 3 0x80006eb6 (0x02359d63)
core   0: 0x80006ef0 (0x7b5db313) sltiu   t1, s11, 1973
core   0: 3 0x80006ef0 (0x7b5db313) x 6 0x00000000
core   0: 0x80006ef4 (0x000061c5) c.lui   gp, 0x11
core   0: 3 0x80006ef4 (0x61c5) x 3 0x00011000
core   0: 0x80006ef6 (0x00257233) and     tp, a0, sp
core   0: 3 0x80006ef6 (0x00257233) x 4 0x00000002
core   0: 0x80006efa (0x00000fb6) c.slli  t6, 13
core   0: 3 0x80006efa (0x0fb6) x31 0x7f0f6000
core   0: 0x80006efc (0x00000688) c.addi4spn a0, sp, 832
core   0: 3 0x80006efc (0x0688) x10 0x0000034b
core   0: 0x80006efe (0xdf0a0f13) addi    t5, s4, -528
core   0: 3 0x80006efe (0xdf0a0f13) x30 0xfffffdf0
core   0: 0x80006f02 (0x03310db3) mul     s11, sp, s3
core   0: 3 0x80006f02 (0x03310db3) x27 0x8017fe4c
core   0: 0x80006f06 (0x028a0633) mul     a2, s4, s0
core   0: 3 0x80006f06 (0x028a0633) x12 0x00000000
core   0: 0x80006f0a (0x0ff0000f) fence   iorw,iorw
core   0: 3 0x80006f0a (0x0ff0000f)
core   0: 0x80006f0e (0x95b94e13) xori    t3, s2, -1701
core   0: 3 0x80006f0e (0x95b94e13) x28 0xfffff95b
core   0: 0x80006f12 (0x00008f05) c.sub   a4, s1
core   0: 3 0x80006f12 (0x8f05) x14 0x005d1880
core   0: 0x80006f14 (0x00008ec5) c.or    a3, s1
core   0: 3 0x80006f14 (0x8ec5) x13 0x00000004
core   0: 0x80006f16 (0x0ff0000f) fence   iorw,iorw
core   0: 3 0x80006f16 (0x0ff0000f)
core   0: 0x80006f1a (0x02405063) bge     zero, tp, pc + 32
core   0: 3 0x80006f1a (0x02405063)
core   0: 0x80006f1e (0x0000ca05) c.beqz  a2, pc + 48
core   0: 3 0x80006f1e (0xca05)
core   0: 0x80006f4e (0x0196cd33) xor     s10, a3, s9
core   0: 3 0x80006f4e (0x0196cd33) x26 0x00000004
core   0: 0x80006f52 (0x30790793) addi    a5, s2, 775
core   0: 3 0x80006f52 (0x30790793) x15 0x00000307
core   0: 0x80006f56 (0x00008c1e) c.mv    s8, t2
core   0: 3 0x80006f56 (0x8c1e) x24 0x80026ce4
core   0: 0x80006f58 (0x9bacfd93) andi    s11, s9, -1606
core   0: 3 0x80006f58 (0x9bacfd93) x27 0x00000000
core   0: 0x80006f5c (0x0000818a) c.mv    gp, sp
core   0: 3 0x80006f5c (0x818a) x 3 0x0000000b
core   0: 0x80006f5e (0xbbae7713) andi    a4, t3, -1094
core   0: 3 0x80006f5e (0xbbae7713) x14 0xfffff91a
core   0: 0x80006f62 (0x0171cbb3) xor     s7, gp, s7
core   0: 3 0x80006f62 (0x0171cbb3) x23 0x0000000b
core   0: 0x80006f66 (0x02223333) mulhu   t1, tp, sp
core   0: 3 0x80006f66 (0x02223333) x 6 0x00000000
core   0: 0x80006f6a (0x00008a2a) c.mv    s4, a0
core   0: 3 0x80006f6a (0x8a2a) x20 0x0000034b
core   0: 0x80006f6c (0xb7148d13) addi    s10, s1, -1167
core   0: 3 0x80006f6c (0xb7148d13) x26 0xfffffb71
core   0: 0x80006f70 (0x000099fd) c.andi  a1, -1
core   0: 3 0x80006f70 (0x99fd) x11 0x00000002
core   0: 0x80006f72 (0xfc6e7d97) auipc   s11, 0xfc6e7
core   0: 3 0x80006f72 (0xfc6e7d97) x27 0x7c6edf72
core   0: 0x80006f76 (0x6208df17) auipc   t5, 0x6208d
core   0: 3 0x80006f76 (0x6208df17) x30 0xe2093f76
core   0: 0x80006f7a (0x01aa4263) blt     s4, s10, pc + 4
core   0: 3 0x80006f7a (0x01aa4263)
core   0: 0x80006f7e (0x02cf87b3) mul     a5, t6, a2
core   0: 3 0x80006f7e (0x02cf87b3) x15 0x00000000
core   0: 0x80006f82 (0x0000614d) c.addi16sp sp, 176
core   0: 3 0x80006f82 (0x614d) x 2 0x000000bb
core   0: 0x80006f84 (0x0000100f) fence.i
core   0: 3 0x80006f84 (0x0000100f)
core   0: 0x80006f88 (0x05322e97) auipc   t4, 0x5322
core   0: 3 0x80006f88 (0x05322e97) x29 0x85328f88
core   0: 0x80006f8c (0x00008735) c.srai  a4, 13
core   0: 3 0x80006f8c (0x8735) x14 0xffffffff
core   0: 0x80006f8e (0x03d0fd33) remu    s10, ra, t4
core   0: 3 0x80006f8e (0x03d0fd33) x26 0x0000000a
core   0: 0x80006f92 (0x00008f11) c.sub   a4, a2
core   0: 3 0x80006f92 (0x8f11) x14 0xffffffff
core   0: 0x80006f94 (0x01bb1d93) slli    s11, s6, 27
core   0: 3 0x80006f94 (0x01bb1d93) x27 0x08000000
core   0: 0x80006f98 (0x01b29193) slli    gp, t0, 27
core   0: 3 0x80006f98 (0x01b29193) x 3 0x10000000
core   0: 0x80006f9c (0x00000984) c.addi4spn s1, sp, 208
core   0: 3 0x80006f9c (0x0984) x 9 0x0000018b
core   0: 0x80006f9e (0x00008db1) c.xor   a1, a2
core   0: 3 0x80006f9e (0x8db1) x11 0x00000002
core   0: 0x80006fa0 (0x000098ea) c.add   a7, s10
core   0: 3 0x80006fa0 (0x98ea) x17 0x0000000a
core   0: 0x80006fa2 (0x031c4133) div     sp, s8, a7
core   0: 3 0x80006fa2 (0x031c4133) x 2 0xf333714a
core   0: 0x80006fa6 (0x01529233) sll     tp, t0, s5
core   0: 3 0x80006fa6 (0x01529233) x 4 0x00040000
core   0: 0x80006faa (0x7b8aac97) auipc   s9, 0x7b8aa
core   0: 3 0x80006faa (0x7b8aac97) x25 0xfb8b0faa
core   0: 0x80006fae (0x00c6c0b3) xor     ra, a3, a2
core   0: 3 0x80006fae (0x00c6c0b3) x 1 0x00000004
core   0: 0x80006fb2 (0x02846e63) bltu    s0, s0, pc + 60
core   0: 3 0x80006fb2 (0x02846e63)
core   0: 0x80006fb6 (0x000087d9) c.srai  a5, 22
core   0: 3 0x80006fb6 (0x87d9) x15 0x00000000
core   0: 0x80006fb8 (0x41b20bb3) sub     s7, tp, s11
core   0: 3 0x80006fb8 (0x41b20bb3) x23 0xf8040000
core   0: 0x80006fbc (0x00008c9d) c.sub   s1, a5
core   0: 3 0x80006fbc (0x8c9d) x 9 0x0000018b
core   0: 0x80006fbe (0x0000e411) c.bnez  s0, pc + 12
core   0: 3 0x80006fbe (0xe411)
core   0: 0x80006fca (0x00004ce5) c.li    s9, 25
core   0: 3 0x80006fca (0x4ce5) x25 0x00000019
core   0: 0x80006fcc (0x03471c33) mulh    s8, a4, s4
core   0: 3 0x80006fcc (0x03471c33) x24 0xffffffff
core   0: 0x80006fd0 (0x00008e51) c.or    a2, a2
core   0: 3 0x80006fd0 (0x8e51) x12 0x00000000
core   0: 0x80006fd2 (0x000055fd) c.li    a1, -1
core   0: 3 0x80006fd2 (0x55fd) x11 0xffffffff
core   0: 0x80006fd4 (0x02ccf563) bgeu    s9, a2, pc + 42
core   0: 3 0x80006fd4 (0x02ccf563)
core   0: 0x80006ffe (0x0000100f) fence.i
core   0: 3 0x80006ffe (0x0000100f)
core   0: 0x80007002 (0x016d3f33) sltu    t5, s10, s6
core   0: 3 0x80007002 (0x016d3f33) x30 0x00000000
core   0: 0x80007006 (0x0ff0000f) fence   iorw,iorw
core   0: 3 0x80007006 (0x0ff0000f)
core   0: 0x8000700a (0x27da4913) xori    s2, s4, 637
core   0: 3 0x8000700a (0x27da4913) x18 0x00000136
core   0: 0x8000700e (0xef97ce13) xori    t3, a5, -263
core   0: 3 0x8000700e (0xef97ce13) x28 0xfffffef9
core   0: 0x80007012 (0x02a47ab3) remu    s5, s0, a0
core   0: 3 0x80007012 (0x02a47ab3) x21 0x000001f4
core   0: 0x80007016 (0x02fa28b3) mulhsu  a7, s4, a5
core   0: 3 0x80007016 (0x02fa28b3) x17 0x00000000
core   0: 0x8000701a (0x006291b3) sll     gp, t0, t1
core   0: 3 0x8000701a (0x006291b3) x 3 0x00000002
core   0: 0x8000701e (0x017ee6b3) or      a3, t4, s7
core   0: 3 0x8000701e (0x017ee6b3) x13 0xfd368f88
core   0: 0x80007022 (0x00008f2d) c.xor   a4, a1
core   0: 3 0x80007022 (0x8f2d) x14 0x00000000
core   0: 0x80007024 (0x00008d05) c.sub   a0, s1
core   0: 3 0x80007024 (0x8d05) x10 0x000001c0
core   0: 0x80007026 (0x00000001) c.nop
core   0: 3 0x80007026 (0x0001)
core   0: 0x80007028 (0x01628733) add     a4, t0, s6
core   0: 3 0x80007028 (0x01628733) x14 0x00000003
core   0: 0x8000702c (0x02f58433) mul     s0, a1, a5
core   0: 3 0x8000702c (0x02f58433) x 8 0x00000000
core   0: 0x80007030 (0x416786b3) sub     a3, a5, s6
core   0: 3 0x80007030 (0x416786b3) x13 0xffffffff
core   0: 0x80007034 (0x000081f2) c.mv    gp, t3
core   0: 3 0x80007034 (0x81f2) x 3 0xfffffef9
core   0: 0x80007036 (0x03e74e63) blt     a4, t5, pc + 60
core   0: 3 0x80007036 (0x03e74e63)
core   0: 0x8000703a (0x00000001) c.nop
core   0: 3 0x8000703a (0x0001)
core   0: 0x8000703c (0x010ee733) or      a4, t4, a6
core   0: 3 0x8000703c (0x010ee733) x14 0x8532afeb
core   0: 0x80007040 (0x0151cab3) xor     s5, gp, s5
core   0: 3 0x80007040 (0x0151cab3) x21 0xffffff0d
core   0: 0x80007044 (0x02898433) mul     s0, s3, s0
core   0: 3 0x80007044 (0x02898433) x 8 0x00000000
core   0: 0x80007048 (0x01ba1693) slli    a3, s4, 27
core   0: 3 0x80007048 (0x01ba1693) x13 0x58000000
core   0: 0x8000704c (0x0318d7b3) divu    a5, a7, a7
core   0: 3 0x8000704c (0x0318d7b3) x15 0xffffffff
core   0: 0x80007050 (0x0ff0000f) fence   iorw,iorw
core   0: 3 0x80007050 (0x0ff0000f)
core   0: 0x80007054 (0x02dfd963) bge     t6, a3, pc + 50
core   0: 3 0x80007054 (0x02dfd963)
core   0: 0x80007086 (0x0ff0000f) fence   iorw,iorw
core   0: 3 0x80007086 (0x0ff0000f)
core   0: 0x8000708a (0x0000e3a9) c.bnez  a5, pc + 66
core   0: 3 0x8000708a (0xe3a9)
core   0: 0x800070cc (0x000001c2) c.slli  gp, 16
core   0: 3 0x800070cc (0x01c2) x 3 0xfef90000
core   0: 0x800070ce (0x00001dfd) c.addi  s11, -1
core   0: 3 0x800070ce (0x1dfd) x27 0x07ffffff
core   0: 0x800070d0 (0x00001310) c.addi4spn a2, sp, 416
core   0: 3 0x800070d0 (0x1310) x12 0xf33372ea
core   0: 0x800070d2 (0x00f79593) slli    a1, a5, 15
core   0: 3 0x800070d2 (0x00f79593) x11 0xffff8000
core   0: 0x800070d6 (0x013b7fb3) and     t6, s6, s3
core   0: 3 0x800070d6 (0x013b7fb3) x31 0x00000000
core   0: 0x800070da (0x032ef433) remu    s0, t4, s2
core   0: 3 0x800070da (0x032ef433) x 8 0x000000de
core   0: 0x800070de (0x00008e35) c.xor   a2, a3
core   0: 3 0x800070de (0x8e35) x12 0xab3372ea
core   0: 0x800070e0 (0x003bf233) and     tp, s7, gp
core   0: 3 0x800070e0 (0x003bf233) x 4 0xf8000000
core   0: 0x800070e4 (0x006a7d33) and     s10, s4, t1
core   0: 3 0x800070e4 (0x006a7d33) x26 0x00000000
core   0: 0x800070e8 (0x0000e681) c.bnez  a3, pc + 8
core   0: 3 0x800070e8 (0xe681)
core   0: 0x800070f0 (0x00009fe6) c.add   t6, s9
core   0: 3 0x800070f0 (0x9fe6) x31 0x00000019
core   0: 0x800070f2 (0x00001498) c.addi4spn a4, sp, 608
core   0: 3 0x800070f2 (0x1498) x14 0xf33373aa
core   0: 0x800070f4 (0x01cd8b33) add     s6, s11, t3
core   0: 3 0x800070f4 (0x01cd8b33) x22 0x07fffef8
core   0: 0x800070f8 (0x00005afd) c.li    s5, -1
core   0: 3 0x800070f8 (0x5afd) x21 0xffffffff
core   0: 0x800070fa (0x0183c1b3) xor     gp, t2, s8
core   0: 3 0x800070fa (0x0183c1b3) x 3 0x7ffd931b
core   0: 0x800070fe (0x01cfeeb3) or      t4, t6, t3
core   0: 3 0x800070fe (0x01cfeeb3) x29 0xfffffef9
core   0: 0x80007102 (0x00006fad) c.lui   t6, 0xb
core   0: 3 0x80007102 (0x6fad) x31 0x0000b000
core   0: 0x80007104 (0x0000157d) c.addi  a0, -1
core   0: 3 0x80007104 (0x157d) x10 0x000001bf
core   0: 0x80007106 (0x00008bc5) c.andi  a5, 17
core   0: 3 0x80007106 (0x8bc5) x15 0x00000011
core   0: 0x80007108 (0x00000f14) c.addi4spn a3, sp, 912
core   0: 3 0x80007108 (0x0f14) x13 0xf33374da
core   0: 0x8000710a (0x028e6db3) rem     s11, t3, s0
core   0: 3 0x8000710a (0x028e6db3) x27 0xffffffd7
core   0: 0x8000710e (0x00000cba) c.slli  s9, 14
core   0: 3 0x8000710e (0x0cba) x25 0x00064000
core   0: 0x80007110 (0x0280f963) bgeu    ra, s0, pc + 50
core   0: 3 0x80007110 (0x0280f963)
core   0: 0x80007114 (0x00008d21) c.xor   a0, s0
core   0: 3 0x80007114 (0x8d21) x10 0x00000161
core   0: 0x80007116 (0x011ac263) blt     s5, a7, pc + 4
core   0: 3 0x80007116 (0x011ac263)
core   0: 0x8000711a (0x00005cfd) c.li    s9, -1
core   0: 3 0x8000711a (0x5cfd) x25 0xffffffff
core   0: 0x8000711c (0x008b1f13) slli    t5, s6, 8
core   0: 3 0x8000711c (0x008b1f13) x30 0xfffef800
core   0: 0x80007120 (0x00008331) c.srli  a4, 12
core   0: 3 0x80007120 (0x8331) x14 0x000f3337
core   0: 0x80007122 (0xda986db7) lui     s11, 0xda986
core   0: 3 0x80007122 (0xda986db7) x27 0xda986000
core   0: 0x80007126 (0xe32b2713) slti    a4, s6, -462
core   0: 3 0x80007126 (0xe32b2713) x14 0x00000000
core   0: 0x8000712a (0x00000af5) c.addi  s5, 29
core   0: 3 0x8000712a (0x0af5) x21 0x0000001c
core   0: 0x8000712c (0x00008e15) c.sub   a2, a3
core   0: 3 0x8000712c (0x8e15) x12 0xb7fffe10
core   0: 0x8000712e (0x00000001) c.nop
core   0: 3 0x8000712e (0x0001)
core   0: 0x80007130 (0x0264afb3) mulhsu  t6, s1, t1
core   0: 3 0x80007130 (0x0264afb3) x31 0x00000000
core   0: 0x80007134 (0x00008209) c.srli  a2, 2
core   0: 3 0x80007134 (0x8209) x12 0x2dffff84
core   0: 0x80007136 (0x0000cc01) c.beqz  s0, pc + 24
core   0: 3 0x80007136 (0xcc01)
core   0: 0x80007138 (0x00006c75) c.lui   s8, 0x1d
core   0: 3 0x80007138 (0x6c75) x24 0x0001d000
core   0: 0x8000713a (0x00008a4e) c.mv    s4, s3
core   0: 3 0x8000713a (0x8a4e) x20 0x80022e64
core   0: 0x8000713c (0x004cf0b3) and     ra, s9, tp
core   0: 3 0x8000713c (0x004cf0b3) x 1 0xf8000000
core   0: 0x80007140 (0x0000e39d) c.bnez  a5, pc + 38
core   0: 3 0x80007140 (0xe39d)
core   0: 0x80007166 (0x414157b3) sra     a5, sp, s4
core   0: 3 0x80007166 (0x414157b3) x15 0xff333714
core   0: 0x8000716a (0x03303e33) mulhu   t3, zero, s3
core   0: 3 0x8000716a (0x03303e33) x28 0x00000000
core   0: 0x8000716e (0x00008d66) c.mv    s10, s9
core   0: 3 0x8000716e (0x8d66) x26 0xffffffff
core   0: 0x80007170 (0x0220c363) blt     ra, sp, pc + 38
core   0: 3 0x80007170 (0x0220c363)
core   0: 0x80007174 (0x0000ca19) c.beqz  a2, pc + 22
core   0: 3 0x80007174 (0xca19)
core   0: 0x80007176 (0x024e5fb3) divu    t6, t3, tp
core   0: 3 0x80007176 (0x024e5fb3) x31 0x00000000
core   0: 0x8000717a (0x41938cb3) sub     s9, t2, s9
core   0: 3 0x8000717a (0x41938cb3) x25 0x80026ce5
core   0: 0x8000717e (0x00008f01) c.sub   a4, s0
core   0: 3 0x8000717e (0x8f01) x14 0xffffff22
core   0: 0x80007180 (0x0000043e) c.slli  s0, 15
core   0: 3 0x80007180 (0x043e) x 8 0x006f0000
core   0: 0x80007182 (0x00c55563) bge     a0, a2, pc + 10
core   0: 3 0x80007182 (0x00c55563)
core   0: 0x80007186 (0x028f8533) mul     a0, t6, s0
core   0: 3 0x80007186 (0x028f8533) x10 0x00000000
core   0: 0x8000718a (0x00000b98) c.addi4spn a4, sp, 464
core   0: 3 0x8000718a (0x0b98) x14 0xf333731a
core   0: 0x8000718c (0x00008d79) c.and   a0, a4
core   0: 3 0x8000718c (0x8d79) x10 0x00000000
core   0: 0x8000718e (0x03ab3433) mulhu   s0, s6, s10
core   0: 3 0x8000718e (0x03ab3433) x 8 0x07fffef7
core   0: 0x80007192 (0xa73e8c13) addi    s8, t4, -1421
core   0: 3 0x80007192 (0xa73e8c13) x24 0xfffff96c
core   0: 0x80007196 (0x00009f0e) c.add   t5, gp
core   0: 3 0x80007196 (0x9f0e) x30 0x7ffc8b1b
core   0: 0x80007198 (0x00000f26) c.slli  t5, 9
core   0: 3 0x80007198 (0x0f26) x30 0xf9163600
core   0: 0x8000719a (0x00009332) c.add   t1, a2
core   0: 3 0x8000719a (0x9332) x 6 0x2dffff84
core   0: 0x8000719c (0x996e6d13) ori     s10, t3, -1642
core   0: 3 0x8000719c (0x996e6d13) x26 0xfffff996
core   0: 0x800071a0 (0x89e88337) lui     t1, 0x89e88
core   0: 3 0x800071a0 (0x89e88337) x 6 0x89e88000
core   0: 0x800071a4 (0x0000610d) c.addi16sp sp, 160
core   0: 3 0x800071a4 (0x610d) x 2 0xf33371ea
core   0: 0x800071a6 (0x193e0637) lui     a2, 0x193e0
core   0: 3 0x800071a6 (0x193e0637) x12 0x193e0000
core   0: 0x800071aa (0x02c1eb33) rem     s6, gp, a2
core   0: 3 0x800071aa (0x02c1eb33) x22 0x01c7931b
core   0: 0x800071ae (0x321d8713) addi    a4, s11, 801
core   0: 3 0x800071ae (0x321d8713) x14 0xda986321
core   0: 0x800071b2 (0x3a2c0b13) addi    s6, s8, 930
core   0: 3 0x800071b2 (0x3a2c0b13) x22 0xfffffd0e
core   0: 0x800071b6 (0x72da4513) xori    a0, s4, 1837
core   0: 3 0x800071b6 (0x72da4513) x10 0x80022949
core   0: 0x800071ba (0x03a7ce63) blt     a5, s10, pc + 60
core   0: 3 0x800071ba (0x03a7ce63)
core   0: 0x800071f6 (0x000086b6) c.mv    a3, a3
core   0: 3 0x800071f6 (0x86b6) x13 0xf33374da
core   0: 0x800071f8 (0x0ff0000f) fence   iorw,iorw
core   0: 3 0x800071f8 (0x0ff0000f)
core   0: 0x800071fc (0x8b572eb7) lui     t4, 0x8b572
core   0: 3 0x800071fc (0x8b572eb7) x29 0x8b572000
core   0: 0x80007200 (0x01881ab3) sll     s5, a6, s8
core   0: 3 0x80007200 (0x01881ab3) x21 0x22963000
core   0: 0x80007204 (0x418dda33) sra     s4, s11, s8
core   0: 3 0x80007204 (0x418dda33) x20 0xfffda986
core   0: 0x80007208 (0x0000717d) c.addi16sp sp, -16
core   0: 3 0x80007208 (0x717d) x 2 0xf33371da
core   0: 0x8000720a (0xe52cbe97) auipc   t4, 0xe52cb
core   0: 3 0x8000720a (0xe52cbe97) x29 0x652d220a
core   0: 0x8000720e (0x00008cf1) c.and   s1, a2
core   0: 3 0x8000720e (0x8cf1) x 9 0x00000000
core   0: 0x80007210 (0x00008886) c.mv    a7, ra
core   0: 3 0x80007210 (0x8886) x17 0xf8000000
core   0: 0x80007212 (0x03e6fd63) bgeu    a3, t5, pc + 58
core   0: 3 0x80007212 (0x03e6fd63)
core   0: 0x80007216 (0x00008c8d) c.sub   s1, a1
core   0: 3 0x80007216 (0x8c8d) x 9 0x00008000
core   0: 0x80007218 (0x00bdef63) bltu    s11, a1, pc + 30
core   0: 3 0x80007218 (0x00bdef63)
core   0: 0x80007236 (0x00008a75) c.andi  a2, 29
core   0: 3 0x80007236 (0x8a75) x12 0x00000000
core   0: 0x80007238 (0x934b4b93) xori    s7, s6, -1740
core   0: 3 0x80007238 (0x934b4b93) x23 0x0000043a
core   0: 0x8000723c (0x02a51eb3) mulh    t4, a0, a0
core   0: 3 0x8000723c (0x02a51eb3) x29 0x3ffdd6bb
core   0: 0x80007240 (0x0000cf8d) c.beqz  a5, pc + 58
core   0: 3 0x80007240 (0xcf8d)
core   0: 0x80007242 (0x00006721) c.lui   a4, 0x8
core   0: 3 0x80007242 (0x6721) x14 0x00008000
core   0: 0x80007244 (0x41955313) srai    t1, a0, 25
core   0: 3 0x80007244 (0x41955313) x 6 0xffffffc0
core   0: 0x80007248 (0x01743fb3) sltu    t6, s0, s7
core   0: 3 0x80007248 (0x01743fb3) x31 0x00000000
core   0: 0x8000724c (0x000006d9) c.addi  a3, 22
core   0: 3 0x8000724c (0x06d9) x13 0xf33374f0
core   0: 0x8000724e (0x02470863) beq     a4, tp, pc + 48
core   0: 3 0x8000724e (0x02470863)
core   0: 0x80007252 (0x00ee4b63) blt     t3, a4, pc + 22
core   0: 3 0x80007252 (0x00ee4b63)
core   0: 0x80007268 (0x0000100f) fence.i
core   0: 3 0x80007268 (0x0000100f)
core   0: 0x8000726c (0x0000100f) fence.i
core   0: 3 0x8000726c (0x0000100f)
core   0: 0x80007270 (0x00000001) c.nop
core   0: 3 0x80007270 (0x0001)
core   0: 0x80007272 (0x028f0433) mul     s0, t5, s0
core   0: 3 0x80007272 (0x028f0433) x 8 0x28021a00
core   0: 0x80007276 (0x03dbc133) div     sp, s7, t4
core   0: 3 0x80007276 (0x03dbc133) x 2 0x00000000
core   0: 0x8000727a (0x00000001) c.nop
core   0: 3 0x8000727a (0x0001)
core   0: 0x8000727c (0x00000c00) c.addi4spn s0, sp, 528
core   0: 3 0x8000727c (0x0c00) x 8 0x00000210
core   0: 0x8000727e (0x00008f35) c.xor   a4, a3
core   0: 3 0x8000727e (0x8f35) x14 0xf333f4f0
core   0: 0x80007280 (0x00005afd) c.li    s5, -1
core   0: 3 0x80007280 (0x5afd) x21 0xffffffff
core   0: 0x80007282 (0x056dc163) blt     s11, s6, pc + 66
core   0: 3 0x80007282 (0x056dc163)
core   0: 0x800072c4 (0x41ceedb7) lui     s11, 0x41cee
core   0: 3 0x800072c4 (0x41ceedb7) x27 0x41cee000
core   0: 0x800072c8 (0x02df9d63) bne     t6, a3, pc + 58
core   0: 3 0x800072c8 (0x02df9d63)
core   0: 0x80007302 (0x02ee6cb3) rem     s9, t3, a4
core   0: 3 0x80007302 (0x02ee6cb3) x25 0x00000000
core   0: 0x80007306 (0x83ccea13) ori     s4, s9, -1988
core   0: 3 0x80007306 (0x83ccea13) x20 0xfffff83c
core   0: 0x8000730a (0x002b1a13) slli    s4, s6, 2
core   0: 3 0x8000730a (0x002b1a13) x20 0xfffff438
core   0: 0x8000730e (0x02b3f7b3) remu    a5, t2, a1
core   0: 3 0x8000730e (0x02b3f7b3) x15 0x80026ce4
core   0: 0x80007312 (0x00008cb6) c.mv    s9, a3
core   0: 3 0x80007312 (0x8cb6) x25 0xf33374f0
core   0: 0x80007314 (0x00001198) c.addi4spn a4, sp, 224
core   0: 3 0x80007314 (0x1198) x14 0x000000e0
core   0: 0x80007316 (0x0000614d) c.addi16sp sp, 176
core   0: 3 0x80007316 (0x614d) x 2 0x000000b0
core   0: 0x80007318 (0x00006a1d) c.lui   s4, 0x7
core   0: 3 0x80007318 (0x6a1d) x20 0x00007000
core   0: 0x8000731a (0x00000d7d) c.addi  s10, 31
core   0: 3 0x8000731a (0x0d7d) x26 0xfffff9b5
core   0: 0x8000731c (0x00000001) c.nop
core   0: 3 0x8000731c (0x0001)
core   0: 0x8000731e (0x403adb33) sra     s6, s5, gp
core   0: 3 0x8000731e (0x403adb33) x22 0xffffffff
core   0: 0x80007322 (0x69d0e193) ori     gp, ra, 1693
core   0: 3 0x80007322 (0x69d0e193) x 3 0xf800069d
core   0: 0x80007326 (0x000080d5) c.srli  s1, 21
core   0: 3 0x80007326 (0x80d5) x 9 0x00000000
core   0: 0x80007328 (0x01909f63) bne     ra, s9, pc + 30
core   0: 3 0x80007328 (0x01909f63)
core   0: 0x80007346 (0x03b14433) div     s0, sp, s11
core   0: 3 0x80007346 (0x03b14433) x 8 0x00000000
core   0: 0x8000734a (0x000067b5) c.lui   a5, 0xd
core   0: 3 0x8000734a (0x67b5) x15 0x0000d000
core   0: 0x8000734c (0x01efbeb3) sltu    t4, t6, t5
core   0: 3 0x8000734c (0x01efbeb3) x29 0x00000001
core   0: 0x80007350 (0x00008fd1) c.or    a5, a2
core   0: 3 0x80007350 (0x8fd1) x15 0x0000d000
core   0: 0x80007352 (0x00000e0c) c.addi4spn a1, sp, 784
core   0: 3 0x80007352 (0x0e0c) x11 0x000003c0
core   0: 0x80007354 (0x01370f63) beq     a4, s3, pc + 30
core   0: 3 0x80007354 (0x01370f63)
core   0: 0x80007358 (0x02761ab3) mulh    s5, a2, t2
core   0: 3 0x80007358 (0x02761ab3) x21 0x00000000
core   0: 0x8000735c (0x6c133897) auipc   a7, 0x6c133
core   0: 3 0x8000735c (0x6c133897) x17 0xec13a35c
core   0: 0x80007360 (0x013861b3) or      gp, a6, s3
core   0: 3 0x80007360 (0x013861b3) x 3 0x80022f67
core   0: 0x80007364 (0x00335263) bge     t1, gp, pc + 4
core   0: 3 0x80007364 (0x00335263)
core   0: 0x80007368 (0x0123d8b3) srl     a7, t2, s2
core   0: 3 0x80007368 (0x0123d8b3) x17 0x00000200
core   0: 0x8000736c (0x00008db5) c.xor   a1, a3
core   0: 3 0x8000736c (0x8db5) x11 0xf3337730
core   0: 0x8000736e (0xe3b7bc93) sltiu   s9, a5, -453
core   0: 3 0x8000736e (0xe3b7bc93) x25 0x00000001
core   0: 0x80007372 (0x40638933) sub     s2, t2, t1
core   0: 3 0x80007372 (0x40638933) x18 0x80026d24
core   0: 0x80007376 (0x02615933) divu    s2, sp, t1
core   0: 3 0x80007376 (0x02615933) x18 0x00000000
core   0: 0x8000737a (0x0249e0b3) rem     ra, s3, tp
core   0: 3 0x8000737a (0x0249e0b3) x 1 0xf8022e64
core   0: 0x8000737e (0x00dc8563) beq     s9, a3, pc + 10
core   0: 3 0x8000737e (0x00dc8563)
core   0: 0x80007382 (0x00c02b33) slt     s6, zero, a2
core   0: 3 0x80007382 (0x00c02b33) x22 0x00000000
core   0: 0x80007386 (0x0000717d) c.addi16sp sp, -16
core   0: 3 0x80007386 (0x717d) x 2 0x000000a0
core   0: 0x80007388 (0x000080a5) c.srli  s1, 9
core   0: 3 0x80007388 (0x80a5) x 9 0x00000000
core   0: 0x8000738a (0x03bc1333) mulh    t1, s8, s11
core   0: 3 0x8000738a (0x03bc1333) x 6 0xfffffe4f
core   0: 0x8000738e (0x00000001) c.nop
core   0: 3 0x8000738e (0x0001)
core   0: 0x80007390 (0x018f1cb3) sll     s9, t5, s8
core   0: 3 0x80007390 (0x018f1cb3) x25 0x63600000
core   0: 0x80007394 (0x00001e0c) c.addi4spn a1, sp, 816
core   0: 3 0x80007394 (0x1e0c) x11 0x000003d0
core   0: 0x80007396 (0x026ff563) bgeu    t6, t1, pc + 42
core   0: 3 0x80007396 (0x026ff563)
core   0: 0x8000739a (0x000080c9) c.srli  s1, 18
core   0: 3 0x8000739a (0x80c9) x 9 0x00000000
core   0: 0x8000739c (0x0286dab3) divu    s5, a3, s0
core   0: 3 0x8000739c (0x0286dab3) x21 0xffffffff
core   0: 0x800073a0 (0x023cb8b3) mulhu   a7, s9, gp
core   0: 3 0x800073a0 (0x023cb8b3) x17 0x31b0d926
core   0: 0x800073a4 (0x01fec133) xor     sp, t4, t6
core   0: 3 0x800073a4 (0x01fec133) x 2 0x00000001
core   0: 0x800073a8 (0x00008d71) c.and   a0, a2
core   0: 3 0x800073a8 (0x8d71) x10 0x00000000
core   0: 0x800073aa (0x00008d99) c.sub   a1, a4
core   0: 3 0x800073aa (0x8d99) x11 0x000002f0
core   0: 0x800073ac (0x013ef733) and     a4, t4, s3
core   0: 3 0x800073ac (0x013ef733) x14 0x00000000
core   0: 0x800073b0 (0x0000cf81) c.beqz  a5, pc + 24
core   0: 3 0x800073b0 (0xcf81)
core   0: 0x800073b2 (0x0025b633) sltu    a2, a1, sp
core   0: 3 0x800073b2 (0x0025b633) x12 0x00000000
core   0: 0x800073b6 (0x4829a513) slti    a0, s3, 1154
core   0: 3 0x800073b6 (0x4829a513) x10 0x00000001
core   0: 0x800073ba (0x0000127d) c.addi  tp, -1
core   0: 3 0x800073ba (0x127d) x 4 0xf7ffffff
core   0: 0x800073bc (0x00c19093) slli    ra, gp, 12
core   0: 3 0x800073bc (0x00c19093) x 1 0x22f67000
core   0: 0x800073c0 (0x03cd6533) rem     a0, s10, t3
core   0: 3 0x800073c0 (0x03cd6533) x10 0xfffff9b5
core   0: 0x800073c4 (0xab0da797) auipc   a5, 0xab0da
core   0: 3 0x800073c4 (0xab0da797) x15 0x2b0e13c4
core   0: 0x800073c8 (0x0ff0000f) fence   iorw,iorw
core   0: 3 0x800073c8 (0x0ff0000f)
core   0: 0x800073cc (0x016bc6b3) xor     a3, s7, s6
core   0: 3 0x800073cc (0x016bc6b3) x13 0x0000043a
core   0: 0x800073d0 (0x00005bfd) c.li    s7, -1
core   0: 3 0x800073d0 (0x5bfd) x23 0xffffffff
core   0: 0x800073d2 (0x037b1d33) mulh    s10, s6, s7
core   0: 3 0x800073d2 (0x037b1d33) x26 0x00000000
core   0: 0x800073d6 (0x006fb8b3) sltu    a7, t6, t1
core   0: 3 0x800073d6 (0x006fb8b3) x17 0x00000001
core   0: 0x800073da (0x01aa0cb3) add     s9, s4, s10
core   0: 3 0x800073da (0x01aa0cb3) x25 0x00007000
core   0: 0x800073de (0x033280b3) mul     ra, t0, s3
core   0: 3 0x800073de (0x033280b3) x 1 0x00045cc8
core   0: 0x800073e2 (0x00005ffd) c.li    t6, -1
core   0: 3 0x800073e2 (0x5ffd) x31 0xffffffff
core   0: 0x800073e4 (0x000087e6) c.mv    a5, s9
core   0: 3 0x800073e4 (0x87e6) x15 0x00007000
core   0: 0x800073e6 (0x03393eb3) mulhu   t4, s2, s3
core   0: 3 0x800073e6 (0x03393eb3) x29 0x00000000
core   0: 0x800073ea (0x0000072e) c.slli  a4, 11
core   0: 3 0x800073ea (0x072e) x14 0x00000000
core   0: 0x800073ec (0x000084b1) c.srai  s1, 12
core   0: 3 0x800073ec (0x84b1) x 9 0x00000000
core   0: 0x800073ee (0x0000089c) c.addi4spn a5, sp, 80
core   0: 3 0x800073ee (0x089c) x15 0x00000051
core   0: 0x800073f0 (0x40328933) sub     s2, t0, gp
core   0: 3 0x800073f0 (0x40328933) x18 0x7ffdd09b
core   0: 0x800073f4 (0x001f2633) slt     a2, t5, ra
core   0: 3 0x800073f4 (0x001f2633) x12 0x00000001
core   0: 0x800073f8 (0x02bbcdb3) div     s11, s7, a1
core   0: 3 0x800073f8 (0x02bbcdb3) x27 0x00000000
core   0: 0x800073fc (0x00008e65) c.and   a2, s1
core   0: 3 0x800073fc (0x8e65) x12 0x00000000
core   0: 0x800073fe (0x015ce333) or      t1, s9, s5
core   0: 3 0x800073fe (0x015ce333) x 6 0xffffffff
core   0: 0x80007402 (0x01fc41b3) xor     gp, s8, t6
core   0: 3 0x80007402 (0x01fc41b3) x 3 0x00000693
core   0: 0x80007406 (0x05224263) blt     tp, s2, pc + 68
core   0: 3 0x80007406 (0x05224263)
core   0: 0x8000744a (0x02a8cc63) blt     a7, a0, pc + 56
core   0: 3 0x8000744a (0x02a8cc63)
core   0: 0x8000744e (0x00959ab3) sll     s5, a1, s1
core   0: 3 0x8000744e (0x00959ab3) x21 0x000002f0
core   0: 0x80007452 (0x40cad933) sra     s2, s5, a2
core   0: 3 0x80007452 (0x40cad933) x18 0x000002f0
core   0: 0x80007456 (0x00000236) c.slli  tp, 13
core   0: 3 0x80007456 (0x0236) x 4 0xffffe000
core   0: 0x80007458 (0x67f6c513) xori    a0, a3, 1663
core   0: 3 0x80007458 (0x67f6c513) x10 0x00000245
core   0: 0x8000745c (0x0ff0000f) fence   iorw,iorw
core   0: 3 0x8000745c (0x0ff0000f)
core   0: 0x80007460 (0x007ccbb3) xor     s7, s9, t2
core   0: 3 0x80007460 (0x007ccbb3) x23 0x80021ce4
core   0: 0x80007464 (0x050c5563) bge     s8, a6, pc + 74
core   0: 3 0x80007464 (0x050c5563)
core   0: 0x800074ae (0x015f0c33) add     s8, t5, s5
core   0: 3 0x800074ae (0x015f0c33) x24 0xf91638f0
core   0: 0x800074b2 (0x03f9f4b3) remu    s1, s3, t6
core   0: 3 0x800074b2 (0x03f9f4b3) x 9 0x80022e64
core   0: 0x800074b6 (0x00008555) c.srai  a0, 21
core   0: 3 0x800074b6 (0x8555) x10 0x00000000
core   0: 0x800074b8 (0x0000100f) fence.i
core   0: 3 0x800074b8 (0x0000100f)
core   0: 0x800074bc (0x00009962) c.add   s2, s8
core   0: 3 0x800074bc (0x9962) x18 0xf9163be0
core   0: 0x800074be (0x02294ab3) div     s5, s2, sp
core   0: 3 0x800074be (0x02294ab3) x21 0xf9163be0
core   0: 0x800074c2 (0x00009b4e) c.add   s6, s3
core   0: 3 0x800074c2 (0x9b4e) x22 0x80022e64
core   0: 0x800074c4 (0x037cd463) bge     s9, s7, pc + 40
core   0: 3 0x800074c4 (0x037cd463)
core   0: 0x800074ec (0xb40a2d97) auipc   s11, 0xb40a2
core   0: 3 0x800074ec (0xb40a2d97) x27 0x340a94ec
core   0: 0x800074f0 (0x00008321) c.srli  a4, 8
core   0: 3 0x800074f0 (0x8321) x14 0x00000000
core   0: 0x800074f2 (0x0ff0000f) fence   iorw,iorw
core   0: 3 0x800074f2 (0x0ff0000f)
core   0: 0x800074f6 (0x0000c699) c.beqz  a3, pc + 14
core   0: 3 0x800074f6 (0xc699)
core   0: 0x800074f8 (0x03814733) div     a4, sp, s8
core   0: 3 0x800074f8 (0x03814733) x14 0x00000000
core   0: 0x800074fc (0x01e6f333) and     t1, a3, t5
core   0: 3 0x800074fc (0x01e6f333) x 6 0x00000400
core   0: 0x80007500 (0xc925f593) andi    a1, a1, -878
core   0: 3 0x80007500 (0xc925f593) x11 0x00000090
core   0: 0x80007504 (0x0ff0000f) fence   iorw,iorw
core   0: 3 0x80007504 (0x0ff0000f)
core   0: 0x80007508 (0x0000ee0d) c.bnez  a2, pc + 58
core   0: 3 0x80007508 (0xee0d)
core   0: 0x8000750a (0x0000e309) c.bnez  a4, pc + 2
core   0: 3 0x8000750a (0xe309)
core   0: 0x8000750c (0x00f24633) xor     a2, tp, a5
core   0: 3 0x8000750c (0x00f24633) x12 0xffffe051
core   0: 0x80007510 (0x0000030c) c.addi4spn a1, sp, 384
core   0: 3 0x80007510 (0x030c) x11 0x00000181
core   0: 0x80007512 (0xe66a8e93) addi    t4, s5, -410
core   0: 3 0x80007512 (0xe66a8e93) x29 0xf9163a46
core   0: 0x80007516 (0x00008d59) c.or    a0, a4
core   0: 3 0x80007516 (0x8d59) x10 0x00000000
core   0: 0x80007518 (0x00fc5093) srli    ra, s8, 15
core   0: 3 0x80007518 (0x00fc5093) x 1 0x0001f22c
core   0: 0x8000751c (0x0000976a) c.add   a4, s10
core   0: 3 0x8000751c (0x976a) x14 0x00000000
core   0: 0x8000751e (0x0000450d) c.li    a0, 3
core   0: 3 0x8000751e (0x450d) x10 0x00000003
core   0: 0x80007520 (0x00008ee9) c.and   a3, a0
core   0: 3 0x80007520 (0x8ee9) x13 0x00000002
core   0: 0x80007522 (0x00000f56) c.slli  t5, 21
core   0: 3 0x80007522 (0x0f56) x30 0xc0000000
core   0: 0x80007524 (0x01c61c93) slli    s9, a2, 28
core   0: 3 0x80007524 (0x01c61c93) x25 0x10000000
core   0: 0x80007528 (0x03929fb3) mulh    t6, t0, s9
core   0: 3 0x80007528 (0x03929fb3) x31 0x00000000
core   0: 0x8000752c (0x0000717d) c.addi16sp sp, -16
core   0: 3 0x8000752c (0x717d) x 2 0xfffffff1
core   0: 0x8000752e (0x01cb50b3) srl     ra, s6, t3
core   0: 3 0x8000752e (0x01cb50b3) x 1 0x80022e64
core   0: 0x80007532 (0x0000883e) c.mv    a6, a5
core   0: 3 0x80007532 (0x883e) x16 0x00000051
core   0: 0x80007534 (0x41995533) sra     a0, s2, s9
core   0: 3 0x80007534 (0x41995533) x10 0xf9163be0
core   0: 0x80007538 (0x016087b3) add     a5, ra, s6
core   0: 3 0x80007538 (0x016087b3) x15 0x00045cc8
core   0: 0x8000753c (0x94542893) slti    a7, s0, -1723
core   0: 3 0x8000753c (0x94542893) x17 0x00000000
core   0: 0x80007540 (0x0000418d) c.li    gp, 3
core   0: 3 0x80007540 (0x418d) x 3 0x00000003
core   0: 0x80007542 (0x04d93893) sltiu   a7, s2, 77
core   0: 3 0x80007542 (0x04d93893) x17 0x00000000
core   0: 0x80007546 (0x5483deb7) lui     t4, 0x5483d
core   0: 3 0x80007546 (0x5483deb7) x29 0x5483d000
core   0: 0x8000754a (0x02870833) mul     a6, a4, s0
core   0: 3 0x8000754a (0x02870833) x16 0x00000000
core   0: 0x8000754e (0x304f0093) addi    ra, t5, 772
core   0: 3 0x8000754e (0x304f0093) x 1 0xc0000304
core   0: 0x80007552 (0x00008d11) c.sub   a0, a2
core   0: 3 0x80007552 (0x8d11) x10 0xf9165b8f
core   0: 0x80007554 (0x039a4763) blt     s4, s9, pc + 46
core   0: 3 0x80007554 (0x039a4763)
core   0: 0x80007582 (0x00009caa) c.add   s9, a0
core   0: 3 0x80007582 (0x9caa) x25 0x09165b8f
core   0: 0x80007584 (0x0000157d) c.addi  a0, -1
core   0: 3 0x80007584 (0x157d) x10 0xf9165b8e
core   0: 0x80007586 (0xd115c193) xori    gp, a1, -751
core   0: 3 0x80007586 (0xd115c193) x 3 0xfffffc90
core   0: 0x8000758a (0x000082bd) c.srli  a3, 15
core   0: 3 0x8000758a (0x82bd) x13 0x00000000
core   0: 0x8000758c (0x00008e15) c.sub   a2, a3
core   0: 3 0x8000758c (0x8e15) x12 0xffffe051
core   0: 0x8000758e (0x9e510093) addi    ra, sp, -1563
core   0: 3 0x8000758e (0x9e510093) x 1 0xfffff9d6
core   0: 0x80007592 (0x03f05563) bge     zero, t6, pc + 42
core   0: 3 0x80007592 (0x03f05563)
core   0: 0x800075bc (0x02f17b63) bgeu    sp, a5, pc + 54
core   0: 3 0x800075bc (0x02f17b63)
core   0: 0x800075f2 (0x02035c33) divu    s8, t1, zero
core   0: 3 0x800075f2 (0x02035c33) x24 0xffffffff
core   0: 0x800075f6 (0x01e4c463) blt     s1, t5, pc + 8
core   0: 3 0x800075f6 (0x01e4c463)
core   0: 0x800075fe (0x02f79fb3) mulh    t6, a5, a5
core   0: 3 0x800075fe (0x02f79fb3) x31 0x00000013
core   0: 0x80007602 (0x00008ebd) c.xor   a3, a5
core   0: 3 0x80007602 (0x8ebd) x13 0x00045cc8
core   0: 0x80007604 (0x00121cb3) sll     s9, tp, ra
core   0: 3 0x80007604 (0x00121cb3) x25 0x00000000
core   0: 0x80007608 (0x01fdd133) srl     sp, s11, t6
core   0: 3 0x80007608 (0x01fdd133) x 2 0x00000681
core   0: 0x8000760c (0x01513eb3) sltu    t4, sp, s5
core   0: 3 0x8000760c (0x01513eb3) x29 0x00000001
core   0: 0x80007610 (0x00896433) or      s0, s2, s0
core   0: 3 0x80007610 (0x00896433) x 8 0xf9163be0
core   0: 0x80007614 (0x0000cd01) c.beqz  a0, pc + 24
core   0: 3 0x80007614 (0xcd01)
core   0: 0x80007616 (0x0000717d) c.addi16sp sp, -16
core   0: 3 0x80007616 (0x717d) x 2 0x00000671
core   0: 0x80007618 (0x00df8033) add     zero, t6, a3
core   0: 3 0x80007618 (0x00df8033)
core   0: 0x8000761c (0x056d1363) bne     s10, s6, pc + 70
core   0: 3 0x8000761c (0x056d1363)
core   0: 0x80007662 (0x40a05833) sra     a6, zero, a0
core   0: 3 0x80007662 (0x40a05833) x16 0x00000000
core   0: 0x80007666 (0x0000866a) c.mv    a2, s10
core   0: 3 0x80007666 (0x866a) x12 0x00000000
core   0: 0x80007668 (0x34052037) lui     zero, 0x34052
core   0: 3 0x80007668 (0x34052037)
core   0: 0x8000766c (0x01b75c93) srli    s9, a4, 27
core   0: 3 0x8000766c (0x01b75c93) x25 0x00000000
core   0: 0x80007670 (0x00dddd93) srli    s11, s11, 13
core   0: 3 0x80007670 (0x00dddd93) x27 0x0001a054
core   0: 0x80007674 (0x00008005) c.srli  s0, 1
core   0: 3 0x80007674 (0x8005) x 8 0x7c8b1df0
core   0: 0x80007676 (0x012381b3) add     gp, t2, s2
core   0: 3 0x80007676 (0x012381b3) x 3 0x7918a8c4
core   0: 0x8000767a (0x01469713) slli    a4, a3, 20
core   0: 3 0x8000767a (0x01469713) x14 0xcc800000
core   0: 0x8000767e (0x00b25263) bge     tp, a1, pc + 4
core   0: 3 0x8000767e (0x00b25263)
core   0: 0x80007682 (0x01554fb3) xor     t6, a0, s5
core   0: 3 0x80007682 (0x01554fb3) x31 0x0000606e
core   0: 0x80007686 (0x034d7b33) remu    s6, s10, s4
core   0: 3 0x80007686 (0x034d7b33) x22 0x00000000
core   0: 0x8000768a (0x01c40833) add     a6, s0, t3
core   0: 3 0x8000768a (0x01c40833) x16 0x7c8b1df0
core   0: 0x8000768e (0x00008cb9) c.xor   s1, a4
core   0: 3 0x8000768e (0x8cb9) x 9 0x4c822e64
core   0: 0x80007690 (0x00000c52) c.slli  s8, 20
core   0: 3 0x80007690 (0x0c52) x24 0xfff00000
core   0: 0x80007692 (0x00d44e33) xor     t3, s0, a3
core   0: 3 0x80007692 (0x00d44e33) x28 0x7c8f4138
core   0: 0x80007696 (0x00a16bb3) or      s7, sp, a0
core   0: 3 0x80007696 (0x00a16bb3) x23 0xf9165fff
core   0: 0x8000769a (0x00001d8c) c.addi4spn a1, sp, 752
core   0: 3 0x8000769a (0x1d8c) x11 0x00000961
core   0: 0x8000769c (0x00008d41) c.or    a0, s0
core   0: 3 0x8000769c (0x8d41) x10 0xfd9f5ffe
core   0: 0x8000769e (0xc8a47c93) andi    s9, s0, -886
core   0: 3 0x8000769e (0xc8a47c93) x25 0x7c8b1c80
core   0: 0x800076a2 (0x013f5263) bge     t5, s3, pc + 4
core   0: 3 0x800076a2 (0x013f5263)
core   0: 0x800076a6 (0x000081e6) c.mv    gp, s9
core   0: 3 0x800076a6 (0x81e6) x 3 0x7c8b1c80
core   0: 0x800076a8 (0x00f52117) auipc   sp, 0xf52
core   0: 3 0x800076a8 (0x00f52117) x 2 0x80f596a8
core   0: 0x800076ac (0x0000819d) c.srli  a1, 7
core   0: 3 0x800076ac (0x819d) x11 0x00000012
core   0: 0x800076ae (0x00008f55) c.or    a4, a3
core   0: 3 0x800076ae (0x8f55) x14 0xcc845cc8
core   0: 0x800076b0 (0x7cce7893) andi    a7, t3, 1996
core   0: 3 0x800076b0 (0x7cce7893) x17 0x00000108
core   0: 0x800076b4 (0x02a1b433) mulhu   s0, gp, a0
core   0: 3 0x800076b4 (0x02a1b433) x 8 0x7b630444
core   0: 0x800076b8 (0x03f901b3) mul     gp, s2, t6
core   0: 3 0x800076b8 (0x03f901b3) x 3 0x5e01ba40
core   0: 0x800076bc (0x01c49f13) slli    t5, s1, 28
core   0: 3 0x800076bc (0x01c49f13) x30 0x40000000
core   0: 0x800076c0 (0x000b5c33) srl     s8, s6, zero
core   0: 3 0x800076c0 (0x000b5c33) x24 0x00000000
core   0: 0x800076c4 (0x01581b63) bne     a6, s5, pc + 22
core   0: 3 0x800076c4 (0x01581b63)
core   0: 0x800076da (0x0000100f) fence.i
core   0: 3 0x800076da (0x0000100f)
core   0: 0x800076de (0x0000717d) c.addi16sp sp, -16
core   0: 3 0x800076de (0x717d) x 2 0x80f59698
core   0: 0x800076e0 (0x40f5d033) sra     zero, a1, a5
core   0: 3 0x800076e0 (0x40f5d033)
core   0: 0x800076e4 (0x00008ef9) c.and   a3, a4
core   0: 3 0x800076e4 (0x8ef9) x13 0x00045cc8
core   0: 0x800076e6 (0x0000100f) fence.i
core   0: 3 0x800076e6 (0x0000100f)
core   0: 0x800076ea (0x00008075) c.srli  s0, 29
core   0: 3 0x800076ea (0x8075) x 8 0x00000003
core   0: 0x800076ec (0x002b5c93) srli    s9, s6, 2
core   0: 3 0x800076ec (0x002b5c93) x25 0x00000000
core   0: 0x800076f0 (0x0000c609) c.beqz  a2, pc + 10
core   0: 3 0x800076f0 (0xc609)
core   0: 0x800076fa (0x00006ab1) c.lui   s5, 0xc
core   0: 3 0x800076fa (0x6ab1) x21 0x0000c000
core   0: 0x800076fc (0xc4e88b93) addi    s7, a7, -946
core   0: 3 0x800076fc (0xc4e88b93) x23 0xfffffd56
core   0: 0x80007700 (0x004ef563) bgeu    t4, tp, pc + 10
core   0: 3 0x80007700 (0x004ef563)
core   0: 0x80007704 (0x00008f55) c.or    a4, a3
core   0: 3 0x80007704 (0x8f55) x14 0xcc845cc8
core   0: 0x80007706 (0x00000c9e) c.slli  s9, 7
core   0: 3 0x80007706 (0x0c9e) x25 0x00000000
core   0: 0x80007708 (0x00006639) c.lui   a2, 0xe
core   0: 3 0x80007708 (0x6639) x12 0x0000e000
core   0: 0x8000770a (0x205df813) andi    a6, s11, 517
core   0: 3 0x8000770a (0x205df813) x16 0x00000004
core   0: 0x8000770e (0x00008536) c.mv    a0, a3
core   0: 3 0x8000770e (0x8536) x10 0x00045cc8
core   0: 0x80007710 (0x00006ea5) c.lui   t4, 0x9
core   0: 3 0x80007710 (0x6ea5) x29 0x00009000
core   0: 0x80007712 (0x02201a33) mulh    s4, zero, sp
core   0: 3 0x80007712 (0x02201a33) x20 0x00000000
core   0: 0x80007716 (0x00567b63) bgeu    a2, t0, pc + 22
core   0: 3 0x80007716 (0x00567b63)
core   0: 0x8000772c (0x00008aad) c.andi  a3, 11
core   0: 3 0x8000772c (0x8aad) x13 0x00000008
core   0: 0x8000772e (0x0000888e) c.mv    a7, gp
core   0: 3 0x8000772e (0x888e) x17 0x5e01ba40
core   0: 0x80007730 (0x0058ea33) or      s4, a7, t0
core   0: 3 0x80007730 (0x0058ea33) x20 0x5e01ba42
core   0: 0x80007734 (0x00820d63) beq     tp, s0, pc + 26
core   0: 3 0x80007734 (0x00820d63)
core   0: 0x80007738 (0x1ebb0e93) addi    t4, s6, 491
core   0: 3 0x80007738 (0x1ebb0e93) x29 0x000001eb
core   0: 0x8000773c (0xbb44a213) slti    tp, s1, -1100
core   0: 3 0x8000773c (0xbb44a213) x 4 0x00000000
core   0: 0x80007740 (0xfeb64437) lui     s0, 0xfeb64
core   0: 3 0x80007740 (0xfeb64437) x 8 0xfeb64000
core   0: 0x80007744 (0x00009166) c.add   sp, s9
core   0: 3 0x80007744 (0x9166) x 2 0x80f59698
core   0: 0x80007746 (0x01fb28b3) slt     a7, s6, t6
core   0: 3 0x80007746 (0x01fb28b3) x17 0x00000001
core   0: 0x8000774a (0x45eabd93) sltiu   s11, s5, 1118
core   0: 3 0x8000774a (0x45eabd93) x27 0x00000000
core   0: 0x8000774e (0x6a526a93) ori     s5, tp, 1701
core   0: 3 0x8000774e (0x6a526a93) x21 0x000006a5
core   0: 0x80007752 (0x010c00b3) add     ra, s8, a6
core   0: 3 0x80007752 (0x010c00b3) x 1 0x00000004
core   0: 0x80007756 (0x00008135) c.srli  a0, 13
core   0: 3 0x80007756 (0x8135) x10 0x00000022
core   0: 0x80007758 (0x1070c313) xori    t1, ra, 263
core   0: 3 0x80007758 (0x1070c313) x 6 0x00000103
core   0: 0x8000775c (0x00000aad) c.addi  s5, 11
core   0: 3 0x8000775c (0x0aad) x21 0x000006b0
core   0: 0x8000775e (0x01bfbdb3) sltu    s11, t6, s11
core   0: 3 0x8000775e (0x01bfbdb3) x27 0x00000000
core   0: 0x80007762 (0x6601f593) andi    a1, gp, 1632
core   0: 3 0x80007762 (0x6601f593) x11 0x00000240
core   0: 0x80007766 (0x00f01463) bne     zero, a5, pc + 8
core   0: 3 0x80007766 (0x00f01463)
core   0: 0x8000776e (0x034d15b3) mulh    a1, s10, s4
core   0: 3 0x8000776e (0x034d15b3) x11 0x00000000
core   0: 0x80007772 (0x882c1c97) auipc   s9, 0x882c1
core   0: 3 0x80007772 (0x882c1c97) x25 0x082c8772
core   0: 0x80007776 (0x03e22b33) mulhsu  s6, tp, t5
core   0: 3 0x80007776 (0x03e22b33) x22 0x00000000
core   0: 0x8000777a (0x0000e409) c.bnez  s0, pc + 10
core   0: 3 0x8000777a (0xe409)
core   0: 0x80007784 (0x00008096) c.mv    ra, t0
core   0: 3 0x80007784 (0x8096) x 1 0x00000002
core   0: 0x80007786 (0x00008cb9) c.xor   s1, a4
core   0: 3 0x80007786 (0x8cb9) x 9 0x800672ac
core   0: 0x80007788 (0x0237b133) mulhu   sp, a5, gp
core   0: 3 0x80007788 (0x0237b133) x 2 0x00019a18
core   0: 0x8000778c (0x000085a6) c.mv    a1, s1
core   0: 3 0x8000778c (0x85a6) x11 0x800672ac
core   0: 0x8000778e (0x01db8d63) beq     s7, t4, pc + 26
core   0: 3 0x8000778e (0x01db8d63)
core   0: 0x80007792 (0x00000926) c.slli  s2, 9
core   0: 3 0x80007792 (0x0926) x18 0x2c77c000
core   0: 0x80007794 (0x0ff0000f) fence   iorw,iorw
core   0: 3 0x80007794 (0x0ff0000f)
core   0: 0x80007798 (0xa4ad8b13) addi    s6, s11, -1462
core   0: 3 0x80007798 (0xa4ad8b13) x22 0xfffffa4a
core   0: 0x8000779c (0x000099fd) c.andi  a1, -1
core   0: 3 0x8000779c (0x99fd) x11 0x800672ac
core   0: 0x8000779e (0x03f77433) remu    s0, a4, t6
core   0: 3 0x8000779e (0x03f77433) x 8 0x000050cc
core   0: 0x800077a2 (0x3893e213) ori     tp, t2, 905
core   0: 3 0x800077a2 (0x3893e213) x 4 0x80026fed
core   0: 0x800077a6 (0x0000717d) c.addi16sp sp, -16
core   0: 3 0x800077a6 (0x717d) x 2 0x00019a08
core   0: 0x800077a8 (0x02612133) mulhsu  sp, sp, t1
core   0: 3 0x800077a8 (0x02612133) x 2 0x00000000
core   0: 0x800077ac (0x00008159) c.srli  a0, 22
core   0: 3 0x800077ac (0x8159) x10 0x00000000
core   0: 0x800077ae (0x40020433) sub     s0, tp, zero
core   0: 3 0x800077ae (0x40020433) x 8 0x80026fed
core   0: 0x800077b2 (0x03fbb233) mulhu   tp, s7, t6
core   0: 3 0x800077b2 (0x03fbb233) x 4 0x0000606d
core   0: 0x800077b6 (0x039e97b3) mulh    a5, t4, s9
core   0: 3 0x800077b6 (0x039e97b3) x15 0x0000000f
core   0: 0x800077ba (0x000082ad) c.srli  a3, 11
core   0: 3 0x800077ba (0x82ad) x13 0x00000000
core   0: 0x800077bc (0x004aff33) and     t5, s5, tp
core   0: 3 0x800077bc (0x004aff33) x30 0x00000020
core   0: 0x800077c0 (0x022bd5b3) divu    a1, s7, sp
core   0: 3 0x800077c0 (0x022bd5b3) x11 0xffffffff
core   0: 0x800077c4 (0x00009f26) c.add   t5, s1
core   0: 3 0x800077c4 (0x9f26) x30 0x800672cc
core   0: 0x800077c6 (0xcddfdbb7) lui     s7, 0xcddfd
core   0: 3 0x800077c6 (0xcddfdbb7) x23 0xcddfd000
core   0: 0x800077ca (0x0107d333) srl     t1, a5, a6
core   0: 3 0x800077ca (0x0107d333) x 6 0x00000000
core   0: 0x800077ce (0x029ec563) blt     t4, s1, pc + 42
core   0: 3 0x800077ce (0x029ec563)
core   0: 0x800077d2 (0x02605233) divu    tp, zero, t1
core   0: 3 0x800077d2 (0x02605233) x 4 0xffffffff
core   0: 0x800077d6 (0x567e0c93) addi    s9, t3, 1383
core   0: 3 0x800077d6 (0x567e0c93) x25 0x7c8f469f
core   0: 0x800077da (0x7062bc13) sltiu   s8, t0, 1798
core   0: 3 0x800077da (0x7062bc13) x24 0x00000001
core   0: 0x800077de (0x005c9bb3) sll     s7, s9, t0
core   0: 3 0x800077de (0x005c9bb3) x23 0xf23d1a7c
core   0: 0x800077e2 (0x00001bfd) c.addi  s7, -1
core   0: 3 0x800077e2 (0x1bfd) x23 0xf23d1a7b
core   0: 0x800077e4 (0x36cfa193) slti    gp, t6, 876
core   0: 3 0x800077e4 (0x36cfa193) x 3 0x00000000
core   0: 0x800077e8 (0x01009193) slli    gp, ra, 16
core   0: 3 0x800077e8 (0x01009193) x 3 0x00020000
core   0: 0x800077ec (0x03ea7e33) remu    t3, s4, t5
core   0: 3 0x800077ec (0x03ea7e33) x28 0x5e01ba42
core   0: 0x800077f0 (0x0000912e) c.add   sp, a1
core   0: 3 0x800077f0 (0x912e) x 2 0xffffffff
core   0: 0x800077f2 (0x0079a433) slt     s0, s3, t2
core   0: 3 0x800077f2 (0x0079a433) x 8 0x00000001
core   0: 0x800077f6 (0x0000ec89) c.bnez  s1, pc + 26
core   0: 3 0x800077f6 (0xec89)
core   0: 0x80007810 (0x00001e7d) c.addi  t3, -1
core   0: 3 0x80007810 (0x1e7d) x28 0x5e01ba41
core   0: 0x80007812 (0x00000290) c.addi4spn a2, sp, 320
core   0: 3 0x80007812 (0x0290) x12 0x0000013f
core   0: 0x80007814 (0x0128a7b3) slt     a5, a7, s2
core   0: 3 0x80007814 (0x0128a7b3) x15 0x00000001
core   0: 0x80007818 (0x01f8d933) srl     s2, a7, t6
core   0: 3 0x80007818 (0x01f8d933) x18 0x00000000
core   0: 0x8000781c (0x41210333) sub     t1, sp, s2
core   0: 3 0x8000781c (0x41210333) x 6 0xffffffff
core   0: 0x80007820 (0x006d6533) or      a0, s10, t1
core   0: 3 0x80007820 (0x006d6533) x10 0xffffffff
core   0: 0x80007824 (0x0000717d) c.addi16sp sp, -16
core   0: 3 0x80007824 (0x717d) x 2 0xffffffef
core   0: 0x80007826 (0x00008e0e) c.mv    t3, gp
core   0: 3 0x80007826 (0x8e0e) x28 0x00020000
core   0: 0x80007828 (0x0284c1b3) div     gp, s1, s0
core   0: 3 0x80007828 (0x0284c1b3) x 3 0x800672ac
core   0: 0x8000782c (0x03698eb3) mul     t4, s3, s6
core   0: 3 0x8000782c (0x03698eb3) x29 0xf38b10e8
core   0: 0x80007830 (0x0000826e) c.mv    tp, s11
core   0: 3 0x80007830 (0x826e) x 4 0x00000000
core   0: 0x80007832 (0x02e768b3) rem     a7, a4, a4
core   0: 3 0x80007832 (0x02e768b3) x17 0x00000000
core   0: 0x80007836 (0x0383e333) rem     t1, t2, s8
core   0: 3 0x80007836 (0x0383e333) x 6 0x00000000
core   0: 0x8000783a (0x052a7463) bgeu    s4, s2, pc + 72
core   0: 3 0x8000783a (0x052a7463)
core   0: 0x80007882 (0x03268833) mul     a6, a3, s2
core   0: 3 0x80007882 (0x03268833) x16 0x00000000
core   0: 0x80007886 (0x03ee88b3) mul     a7, t4, t5
core   0: 3 0x80007886 (0x03ee88b3) x17 0x65c8c8e0
core   0: 0x8000788a (0x156e0893) addi    a7, t3, 342
core   0: 3 0x8000788a (0x156e0893) x17 0x00020156
core   0: 0x8000788e (0x00609c13) slli    s8, ra, 6
core   0: 3 0x8000788e (0x00609c13) x24 0x00000080
core   0: 0x80007892 (0x008b9e93) slli    t4, s7, 8
core   0: 3 0x80007892 (0x008b9e93) x29 0x3d1a7b00
core   0: 0x80007896 (0x0000039c) c.addi4spn a5, sp, 448
core   0: 3 0x80007896 (0x039c) x15 0x000001af
core   0: 0x80007898 (0x00008da1) c.xor   a1, s0
core   0: 3 0x80007898 (0x8da1) x11 0xfffffffe
core   0: 0x8000789a (0x00000001) c.nop
core   0: 3 0x8000789a (0x0001)
core   0: 0x8000789c (0x01a24663) blt     tp, s10, pc + 12
core   0: 3 0x8000789c (0x01a24663)
core   0: 0x800078a0 (0x41855833) sra     a6, a0, s8
core   0: 3 0x800078a0 (0x41855833) x16 0xffffffff
core   0: 0x800078a4 (0x89408213) addi    tp, ra, -1900
core   0: 3 0x800078a4 (0x89408213) x 4 0xfffff896
core   0: 0x800078a8 (0x4008d213) srai    tp, a7, 0
core   0: 3 0x800078a8 (0x4008d213) x 4 0x00020156
core   0: 0x800078ac (0x00128263) beq     t0, ra, pc + 4
core   0: 3 0x800078ac (0x00128263)
core   0: 0x800078b0 (0x03649db3) mulh    s11, s1, s6
core   0: 3 0x800078b0 (0x03649db3) x27 0x000002da
core   0: 0x800078b4 (0x00008245) c.srli  a2, 17
core   0: 3 0x800078b4 (0x8245) x12 0x00000000
core   0: 0x800078b6 (0x023fb7b3) mulhu   a5, t6, gp
core   0: 3 0x800078b6 (0x023fb7b3) x15 0x00003039
core   0: 0x800078ba (0x038c2133) mulhsu  sp, s8, s8
core   0: 3 0x800078ba (0x038c2133) x 2 0x00000000
core   0: 0x800078be (0x00008df9) c.and   a1, a4
core   0: 3 0x800078be (0x8df9) x11 0xcc845cc8
core   0: 0x800078c0 (0x00005bfd) c.li    s7, -1
core   0: 3 0x800078c0 (0x5bfd) x23 0xffffffff
core   0: 0x800078c2 (0x00000001) c.nop
core   0: 3 0x800078c2 (0x0001)
core   0: 0x800078c4 (0x0000c399) c.beqz  a5, pc + 6
core   0: 3 0x800078c4 (0xc399)
core   0: 0x800078c6 (0x00394a33) xor     s4, s2, gp
core   0: 3 0x800078c6 (0x00394a33) x20 0x800672ac
core   0: 0x800078ca (0x02993033) mulhu   zero, s2, s1
core   0: 3 0x800078ca (0x02993033)
core   0: 0x800078ce (0x0033f933) and     s2, t2, gp
core   0: 3 0x800078ce (0x0033f933) x18 0x800260a4
core   0: 0x800078d2 (0x3bd147b7) lui     a5, 0x3bd14
core   0: 3 0x800078d2 (0x3bd147b7) x15 0x3bd14000
core   0: 0x800078d6 (0x00000001) c.nop
core   0: 3 0x800078d6 (0x0001)
core   0: 0x800078d8 (0x4d00cdb7) lui     s11, 0x4d00c
core   0: 3 0x800078d8 (0x4d00cdb7) x27 0x4d00c000
core   0: 0x800078dc (0x67d1b213) sltiu   tp, gp, 1661
core   0: 3 0x800078dc (0x67d1b213) x 4 0x00000000
core   0: 0x800078e0 (0x0000862d) c.srai  a2, 11
core   0: 3 0x800078e0 (0x862d) x12 0x00000000
core   0: 0x800078e2 (0x01ae5433) srl     s0, t3, s10
core   0: 3 0x800078e2 (0x01ae5433) x 8 0x00020000
core   0: 0x800078e6 (0x408007b3) sub     a5, zero, s0
core   0: 3 0x800078e6 (0x408007b3) x15 0xfffe0000
core   0: 0x800078ea (0x02155e33) divu    t3, a0, ra
core   0: 3 0x800078ea (0x02155e33) x28 0x7fffffff
core   0: 0x800078ee (0x02eb30b3) mulhu   ra, s6, a4
core   0: 3 0x800078ee (0x02eb30b3) x 1 0xcc845838
core   0: 0x800078f2 (0x8c312e93) slti    t4, sp, -1853
core   0: 3 0x800078f2 (0x8c312e93) x29 0x00000000
core   0: 0x800078f6 (0x021d47b3) div     a5, s10, ra
core   0: 3 0x800078f6 (0x021d47b3) x15 0x00000000
core   0: 0x800078fa (0x009e5133) srl     sp, t3, s1
core   0: 3 0x800078fa (0x009e5133) x 2 0x0007ffff
core   0: 0x800078fe (0x01aaf663) bgeu    s5, s10, pc + 12
core   0: 3 0x800078fe (0x01aaf663)
core   0: 0x8000790a (0x0000100f) fence.i
core   0: 3 0x8000790a (0x0000100f)
core   0: 0x8000790e (0x03cb54b3) divu    s1, s6, t3
core   0: 3 0x8000790e (0x03cb54b3) x 9 0x00000001
core   0: 0x80007912 (0x0000c691) c.beqz  a3, pc + 12
core   0: 3 0x80007912 (0xc691)
core   0: 0x8000791e (0x0000717d) c.addi16sp sp, -16
core   0: 3 0x8000791e (0x717d) x 2 0x0007ffef
core   0: 0x80007920 (0x000085ad) c.srai  a1, 11
core   0: 3 0x80007920 (0x85ad) x11 0xfff9908b
core   0: 0x80007922 (0x00008ce5) c.and   s1, s1
core   0: 3 0x80007922 (0x8ce5) x 9 0x00000001
core   0: 0x80007924 (0x0000672d) c.lui   a4, 0xb
core   0: 3 0x80007924 (0x672d) x14 0x0000b000
core   0: 0x80007926 (0x000097c2) c.add   a5, a6
core   0: 3 0x80007926 (0x97c2) x15 0xffffffff
core   0: 0x80007928 (0x00965a93) srli    s5, a2, 9
core   0: 3 0x80007928 (0x00965a93) x21 0x00000000
core   0: 0x8000792c (0x41615093) srai    ra, sp, 22
core   0: 3 0x8000792c (0x41615093) x 1 0x00000000
core   0: 0x80007930 (0x001bdb63) bge     s7, ra, pc + 22
core   0: 3 0x80007930 (0x001bdb63)
core   0: 0x80007934 (0x02a2cb63) blt     t0, a0, pc + 54
core   0: 3 0x80007934 (0x02a2cb63)
core   0: 0x80007938 (0x0000491d) c.li    s2, 7
core   0: 3 0x80007938 (0x491d) x18 0x00000007
core   0: 0x8000793a (0x00004e81) c.li    t4, 0
core   0: 3 0x8000793a (0x4e81) x29 0x00000000
core   0: 0x8000793c (0x40795e33) sra     t3, s2, t2
core   0: 3 0x8000793c (0x40795e33) x28 0x00000000
core   0: 0x80007940 (0x00008b99) c.andi  a5, 6
core   0: 3 0x80007940 (0x8b99) x15 0x00000006
core   0: 0x80007942 (0x0ff0000f) fence   iorw,iorw
core   0: 3 0x80007942 (0x0ff0000f)
core   0: 0x80007946 (0x00000896) c.slli  a7, 5
core   0: 3 0x80007946 (0x0896) x17 0x00402ac0
core   0: 0x80007948 (0x0000854e) c.mv    a0, s3
core   0: 3 0x80007948 (0x854e) x10 0x80022e64
core   0: 0x8000794a (0x41715693) srai    a3, sp, 23
core   0: 3 0x8000794a (0x41715693) x13 0x00000000
core   0: 0x8000794e (0x00008d3a) c.mv    s10, a4
core   0: 3 0x8000794e (0x8d3a) x26 0x0000b000
core   0: 0x80007950 (0x017d0c63) beq     s10, s7, pc + 24
core   0: 3 0x80007950 (0x017d0c63)
core   0: 0x80007954 (0x03621b33) mulh    s6, tp, s6
core   0: 3 0x80007954 (0x03621b33) x22 0x00000000
core   0: 0x80007958 (0x005c1513) slli    a0, s8, 5
core   0: 3 0x80007958 (0x005c1513) x10 0x00001000
core   0: 0x8000795c (0x00008045) c.srli  s0, 17
core   0: 3 0x8000795c (0x8045) x 8 0x00000001
core   0: 0x8000795e (0x025d9e33) mulh    t3, s11, t0
core   0: 3 0x8000795e (0x025d9e33) x28 0x00000000
core   0: 0x80007962 (0x0345abb3) mulhsu  s7, a1, s4
core   0: 3 0x80007962 (0x0345abb3) x23 0xfffcc81c
core   0: 0x80007966 (0x00000001) c.nop
core   0: 3 0x80007966 (0x0001)
core   0: 0x80007968 (0x00006125) c.addi16sp sp, 96
core   0: 3 0x80007968 (0x6125) x 2 0x0008004f
core   0: 0x8000796a (0x012c8633) add     a2, s9, s2
core   0: 3 0x8000796a (0x012c8633) x12 0x7c8f46a6
core   0: 0x8000796e (0x0119d263) bge     s3, a7, pc + 4
core   0: 3 0x8000796e (0x0119d263)
core   0: 0x80007972 (0xe0da3db7) lui     s11, 0xe0da3
core   0: 3 0x80007972 (0xe0da3db7) x27 0xe0da3000
core   0: 0x80007976 (0x00008d01) c.sub   a0, s0
core   0: 3 0x80007976 (0x8d01) x10 0x00000fff
core   0: 0x80007978 (0x0000100f) fence.i
core   0: 3 0x80007978 (0x0000100f)
core   0: 0x8000797c (0x01e034b3) snez    s1, t5
core   0: 3 0x8000797c (0x01e034b3) x 9 0x00000001
core   0: 0x80007980 (0x022edb33) divu    s6, t4, sp
core   0: 3 0x80007980 (0x022edb33) x22 0x00000000
core   0: 0x80007984 (0xcda08513) addi    a0, ra, -806
core   0: 3 0x80007984 (0xcda08513) x10 0xfffffcda
core   0: 0x80007988 (0x0000717d) c.addi16sp sp, -16
core   0: 3 0x80007988 (0x717d) x 2 0x0008003f
core   0: 0x8000798a (0x01d64ab3) xor     s5, a2, t4
core   0: 3 0x8000798a (0x01d64ab3) x21 0x7c8f46a6
core   0: 0x8000798e (0x40885193) srai    gp, a6, 8
core   0: 3 0x8000798e (0x40885193) x 3 0xffffffff
core   0: 0x80007992 (0x0000814d) c.srli  a0, 19
core   0: 3 0x80007992 (0x814d) x10 0x00001fff
core   0: 0x80007994 (0x22f86817) auipc   a6, 0x22f86
core   0: 3 0x80007994 (0x22f86817) x16 0xa2f8d994
core   0: 0x80007998 (0x00000001) c.nop
core   0: 3 0x80007998 (0x0001)
core   0: 0x8000799a (0x00be41b3) xor     gp, t3, a1
core   0: 3 0x8000799a (0x00be41b3) x 3 0xfff9908b
core   0: 0x8000799e (0x00f5f1b3) and     gp, a1, a5
core   0: 3 0x8000799e (0x00f5f1b3) x 3 0x00000002
core   0: 0x800079a2 (0x00000001) c.nop
core   0: 3 0x800079a2 (0x0001)
core   0: 0x800079a4 (0x00006869) c.lui   a6, 0x1a
core   0: 3 0x800079a4 (0x6869) x16 0x0001a000
core   0: 0x800079a6 (0xa856dd17) auipc   s10, 0xa856d
core   0: 3 0x800079a6 (0xa856dd17) x26 0x285749a6
core   0: 0x800079aa (0x0000100f) fence.i
core   0: 3 0x800079aa (0x0000100f)
core   0: 0x800079ae (0x00006e91) c.lui   t4, 0x4
core   0: 3 0x800079ae (0x6e91) x29 0x00004000
core   0: 0x800079b0 (0x00000172) c.slli  sp, 28
core   0: 3 0x800079b0 (0x0172) x 2 0xf0000000
core   0: 0x800079b2 (0x0000091a) c.slli  s2, 6
core   0: 3 0x800079b2 (0x091a) x18 0x000001c0
core   0: 0x800079b4 (0x0000c915) c.beqz  a0, pc + 52
core   0: 3 0x800079b4 (0xc915)
core   0: 0x800079b6 (0x033e8833) mul     a6, t4, s3
core   0: 3 0x800079b6 (0x033e8833) x16 0x8b990000
core   0: 0x800079ba (0x0000100f) fence.i
core   0: 3 0x800079ba (0x0000100f)
core   0: 0x800079be (0x039661b3) rem     gp, a2, s9
core   0: 3 0x800079be (0x039661b3) x 3 0x00000007
core   0: 0x800079c2 (0x03771163) bne     a4, s7, pc + 34
core   0: 3 0x800079c2 (0x03771163)
core   0: 0x800079e4 (0x40845113) srai    sp, s0, 8
core   0: 3 0x800079e4 (0x40845113) x 2 0x00000000
core   0: 0x800079e8 (0x0124c033) xor     zero, s1, s2
core   0: 3 0x800079e8 (0x0124c033)
core   0: 0x800079ec (0x016e6263) bltu    t3, s6, pc + 4
core   0: 3 0x800079ec (0x016e6263)
core   0: 0x800079f0 (0x41db81b3) sub     gp, s7, t4
core   0: 3 0x800079f0 (0x41db81b3) x 3 0xfffc881c
core   0: 0x800079f4 (0x233cff93) andi    t6, s9, 563
core   0: 3 0x800079f4 (0x233cff93) x31 0x00000213
core   0: 0x800079f8 (0x00000f10) c.addi4spn a2, sp, 912
core   0: 3 0x800079f8 (0x0f10) x12 0x00000390
core   0: 0x800079fa (0x00008e69) c.and   a2, a0
core   0: 3 0x800079fa (0x8e69) x12 0x00000390
core   0: 0x800079fc (0x02d475b3) remu    a1, s0, a3
core   0: 3 0x800079fc (0x02d475b3) x11 0x00000001
core   0: 0x80007a00 (0xa90e4c93) xori    s9, t3, -1392
core   0: 3 0x80007a00 (0xa90e4c93) x25 0xfffffa90
core   0: 0x80007a04 (0x41f98bb3) sub     s7, s3, t6
core   0: 3 0x80007a04 (0x41f98bb3) x23 0x80022c51
core   0: 0x80007a08 (0x016727b3) slt     a5, a4, s6
core   0: 3 0x80007a08 (0x016727b3) x15 0x00000000
core   0: 0x80007a0c (0x00009bfd) c.andi  a5, -1
core   0: 3 0x80007a0c (0x9bfd) x15 0x00000000
core   0: 0x80007a0e (0x00006105) c.addi16sp sp, 32
core   0: 3 0x80007a0e (0x6105) x 2 0x00000020
core   0: 0x80007a10 (0x0108bdb3) sltu    s11, a7, a6
core   0: 3 0x80007a10 (0x0108bdb3) x27 0x00000001
core   0: 0x80007a14 (0x3d543e93) sltiu   t4, s0, 981
core   0: 3 0x80007a14 (0x3d543e93) x29 0x00000001
core   0: 0x80007a18 (0x00008fd5) c.or    a5, a3
core   0: 3 0x80007a18 (0x8fd5) x15 0x00000000
core   0: 0x80007a1a (0x0294f933) remu    s2, s1, s1
core   0: 3 0x80007a1a (0x0294f933) x18 0x00000000
core   0: 0x80007a1e (0x0361f463) bgeu    gp, s6, pc + 40
core   0: 3 0x80007a1e (0x0361f463)
core   0: 0x80007a46 (0x0ff0000f) fence   iorw,iorw
core   0: 3 0x80007a46 (0x0ff0000f)
core   0: 0x80007a4a (0x00009a72) c.add   s4, t3
core   0: 3 0x80007a4a (0x9a72) x20 0x800672ac
core   0: 0x80007a4c (0x00821463) bne     tp, s0, pc + 8
core   0: 3 0x80007a4c (0x00821463)
core   0: 0x80007a54 (0x00001580) c.addi4spn s0, sp, 736
core   0: 3 0x80007a54 (0x1580) x 8 0x00000300
core   0: 0x80007a56 (0x4013d233) sra     tp, t2, ra
core   0: 3 0x80007a56 (0x4013d233) x 4 0x80026ce4
core   0: 0x80007a5a (0x4144d913) srai    s2, s1, 20
core   0: 3 0x80007a5a (0x4144d913) x18 0x00000000
core   0: 0x80007a5e (0x00008e39) c.xor   a2, a4
core   0: 3 0x80007a5e (0x8e39) x12 0x0000b390
core   0: 0x80007a60 (0x41acd8b3) sra     a7, s9, s10
core   0: 3 0x80007a60 (0x41acd8b3) x17 0xffffffea
core   0: 0x80007a64 (0x03515d63) bge     sp, s5, pc + 58
core   0: 3 0x80007a64 (0x03515d63)
core   0: 0x80007a68 (0x0000e701) c.bnez  a4, pc + 8
core   0: 3 0x80007a68 (0xe701)
core   0: 0x80007a70 (0x000095ca) c.add   a1, s2
core   0: 3 0x80007a70 (0x95ca) x11 0x00000001
core   0: 0x80007a72 (0x038e4b33) div     s6, t3, s8
core   0: 3 0x80007a72 (0x038e4b33) x22 0x00000000
core   0: 0x80007a76 (0x0000cd85) c.beqz  a1, pc + 56
core   0: 3 0x80007a76 (0xcd85)
core   0: 0x80007a78 (0xde29e893) ori     a7, s3, -542
core   0: 3 0x80007a78 (0xde29e893) x17 0xffffffe6
core   0: 0x80007a7c (0x028bfb63) bgeu    s7, s0, pc + 54
core   0: 3 0x80007a7c (0x028bfb63)
core   0: 0x80007ab2 (0x00361893) slli    a7, a2, 3
core   0: 3 0x80007ab2 (0x00361893) x17 0x00059c80
core   0: 0x80007ab6 (0x00008422) c.mv    s0, s0
core   0: 3 0x80007ab6 (0x8422) x 8 0x00000300
core   0: 0x80007ab8 (0x37f32837) lui     a6, 0x37f32
core   0: 3 0x80007ab8 (0x37f32837) x16 0x37f32000
core   0: 0x80007abc (0x030cf733) remu    a4, s9, a6
core   0: 3 0x80007abc (0x030cf733) x14 0x20337a90
core   0: 0x80007ac0 (0x41f85613) srai    a2, a6, 31
core   0: 3 0x80007ac0 (0x41f85613) x12 0x00000000
core   0: 0x80007ac4 (0x023d8d63) beq     s11, gp, pc + 58
core   0: 3 0x80007ac4 (0x023d8d63)
core   0: 0x80007ac8 (0x014d9eb3) sll     t4, s11, s4
core   0: 3 0x80007ac8 (0x014d9eb3) x29 0x00001000
core   0: 0x80007acc (0x011ef933) and     s2, t4, a7
core   0: 3 0x80007acc (0x011ef933) x18 0x00001000
core   0: 0x80007ad0 (0x0000100f) fence.i
core   0: 3 0x80007ad0 (0x0000100f)
core   0: 0x80007ad4 (0x00008dc1) c.or    a1, s0
core   0: 3 0x80007ad4 (0x8dc1) x11 0x00000301
core   0: 0x80007ad6 (0x00008279) c.srli  a2, 30
core   0: 3 0x80007ad6 (0x8279) x12 0x00000000
core   0: 0x80007ad8 (0x00008c19) c.sub   s0, a4
core   0: 3 0x80007ad8 (0x8c19) x 8 0xdfcc8870
core   0: 0x80007ada (0x0000100f) fence.i
core   0: 3 0x80007ada (0x0000100f)
core   0: 0x80007ade (0x88c32813) slti    a6, t1, -1908
core   0: 3 0x80007ade (0x88c32813) x16 0x00000000
core   0: 0x80007ae2 (0x0000823a) c.mv    tp, a4
core   0: 3 0x80007ae2 (0x823a) x 4 0x20337a90
core   0: 0x80007ae4 (0x41df0fb3) sub     t6, t5, t4
core   0: 3 0x80007ae4 (0x41df0fb3) x31 0x800662cc
core   0: 0x80007ae8 (0x41eed633) sra     a2, t4, t5
core   0: 3 0x80007ae8 (0x41eed633) x12 0x00000001
core   0: 0x80007aec (0x03fafe63) bgeu    s5, t6, pc + 60
core   0: 3 0x80007aec (0x03fafe63)
core   0: 0x80007af0 (0x016ede13) srli    t3, t4, 22
core   0: 3 0x80007af0 (0x016ede13) x28 0x00000000
core   0: 0x80007af4 (0x41f888b3) sub     a7, a7, t6
core   0: 3 0x80007af4 (0x41f888b3) x17 0x7fff39b4
core   0: 0x80007af8 (0x003ed793) srli    a5, t4, 3
core   0: 3 0x80007af8 (0x003ed793) x15 0x00000200
core   0: 0x80007afc (0x0000137d) c.addi  t1, -1
core   0: 3 0x80007afc (0x137d) x 6 0xffffffff
core   0: 0x80007afe (0x000089a9) c.andi  a1, 10
core   0: 3 0x80007afe (0x89a9) x11 0x00000000
core   0: 0x80007b00 (0x01638763) beq     t2, s6, pc + 14
core   0: 3 0x80007b00 (0x01638763)
core   0: 0x80007b04 (0x00b41913) slli    s2, s0, 11
core   0: 3 0x80007b04 (0x00b41913) x18 0x64438000
core   0: 0x80007b08 (0x0ff0000f) fence   iorw,iorw
core   0: 3 0x80007b08 (0x0ff0000f)
core   0: 0x80007b0c (0x00008711) c.srai  a4, 4
core   0: 3 0x80007b0c (0x8711) x14 0x020337a9
core   0: 0x80007b0e (0x2e313d93) sltiu   s11, sp, 739
core   0: 3 0x80007b0e (0x2e313d93) x27 0x00000001
core   0: 0x80007b12 (0x000085c9) c.srai  a1, 18
core   0: 3 0x80007b12 (0x85c9) x11 0x00000000
core   0: 0x80007b14 (0x00000e9a) c.slli  t4, 6
core   0: 3 0x80007b14 (0x0e9a) x29 0x00040000
core   0: 0x80007b16 (0x000081c1) c.srli  a1, 16
core   0: 3 0x80007b16 (0x81c1) x11 0x00000000
core   0: 0x80007b18 (0x000000b9) c.addi  ra, 14
core   0: 3 0x80007b18 (0x00b9) x 1 0x0000000e
core   0: 0x80007b1a (0x00000001) c.nop
core   0: 3 0x80007b1a (0x0001)
core   0: 0x80007b1c (0x017c9863) bne     s9, s7, pc + 16
core   0: 3 0x80007b1c (0x017c9863)
core   0: 0x80007b2c (0x02d91163) bne     s2, a3, pc + 34
core   0: 3 0x80007b2c (0x02d91163)
core   0: 0x80007b4e (0x00008c21) c.xor   s0, s0
core   0: 3 0x80007b4e (0x8c21) x 8 0x00000000
core   0: 0x80007b50 (0x55523e13) sltiu   t3, tp, 1365
core   0: 3 0x80007b50 (0x55523e13) x28 0x00000000
core   0: 0x80007b54 (0x03875133) divu    sp, a4, s8
core   0: 3 0x80007b54 (0x03875133) x 2 0x0004066f
core   0: 0x80007b58 (0x1cb93313) sltiu   t1, s2, 459
core   0: 3 0x80007b58 (0x1cb93313) x 6 0x00000000
core   0: 0x80007b5c (0x94050f13) addi    t5, a0, -1728
core   0: 3 0x80007b5c (0x94050f13) x30 0x0000193f
core   0: 0x80007b60 (0x029fc633) div     a2, t6, s1
core   0: 3 0x80007b60 (0x029fc633) x12 0x800662cc
core   0: 0x80007b64 (0x0000496d) c.li    s2, 27
core   0: 3 0x80007b64 (0x496d) x18 0x0000001b
core   0: 0x80007b66 (0x01402c33) slt     s8, zero, s4
core   0: 3 0x80007b66 (0x01402c33) x24 0x00000000
core   0: 0x80007b6a (0x31d5f837) lui     a6, 0x31d5f
core   0: 3 0x80007b6a (0x31d5f837) x16 0x31d5f000
core   0: 0x80007b6e (0x00001400) c.addi4spn s0, sp, 544
core   0: 3 0x80007b6e (0x1400) x 8 0x0004088f
core   0: 0x80007b70 (0x03457533) remu    a0, a0, s4
core   0: 3 0x80007b70 (0x03457533) x10 0x00001fff
core   0: 0x80007b74 (0x02f03a33) mulhu   s4, zero, a5
core   0: 3 0x80007b74 (0x02f03a33) x20 0x00000000
core   0: 0x80007b78 (0x000084b1) c.srai  s1, 12
core   0: 3 0x80007b78 (0x84b1) x 9 0x00000000
core   0: 0x80007b7a (0x00009afd) c.andi  a3, -1
core   0: 3 0x80007b7a (0x9afd) x13 0x00000000
core   0: 0x80007b7c (0x0000e809) c.bnez  s0, pc + 18
core   0: 3 0x80007b7c (0xe809)
core   0: 0x80007b8e (0x0000717d) c.addi16sp sp, -16
core   0: 3 0x80007b8e (0x717d) x 2 0x0004065f
core   0: 0x80007b90 (0x00fc5893) srli    a7, s8, 15
core   0: 3 0x80007b90 (0x00fc5893) x17 0x00000000
core   0: 0x80007b94 (0x03f21c63) bne     tp, t6, pc + 56
core   0: 3 0x80007b94 (0x03f21c63)
core   0: 0x80007bcc (0x00955d63) bge     a0, s1, pc + 26
core   0: 3 0x80007bcc (0x00955d63)
core   0: 0x80007be6 (0x02d97d93) andi    s11, s2, 45
core   0: 3 0x80007be6 (0x02d97d93) x27 0x00000009
core   0: 0x80007bea (0x01458d63) beq     a1, s4, pc + 26
core   0: 3 0x80007bea (0x01458d63)
core   0: 0x80007c04 (0x00006c69) c.lui   s8, 0x1a
core   0: 3 0x80007c04 (0x6c69) x24 0x0001a000
core   0: 0x80007c06 (0x00008df5) c.and   a1, a3
core   0: 3 0x80007c06 (0x8df5) x11 0x00000000
core   0: 0x80007c08 (0x02155d33) divu    s10, a0, ra
core   0: 3 0x80007c08 (0x02155d33) x26 0x00000249
core   0: 0x80007c0c (0x00000c66) c.slli  s8, 25
core   0: 3 0x80007c0c (0x0c66) x24 0x00000000
core   0: 0x80007c0e (0x00b9da33) srl     s4, s3, a1
core   0: 3 0x80007c0e (0x00b9da33) x20 0x80022e64
core   0: 0x80007c12 (0x9cf86893) ori     a7, a6, -1585
core   0: 3 0x80007c12 (0x9cf86893) x17 0xfffff9cf
core   0: 0x80007c16 (0x01625333) srl     t1, tp, s6
core   0: 3 0x80007c16 (0x01625333) x 6 0x20337a90
core   0: 0x80007c1a (0x0000084e) c.slli  a6, 19
core   0: 3 0x80007c1a (0x084e) x16 0x80000000
core   0: 0x80007c1c (0x4e307b93) andi    s7, zero, 1251
core   0: 3 0x80007c1c (0x4e307b93) x23 0x00000000
core   0: 0x80007c20 (0x415fd313) srai    t1, t6, 21
core   0: 3 0x80007c20 (0x415fd313) x 6 0xfffffc00
core   0: 0x80007c24 (0xd15fc313) xori    t1, t6, -747
core   0: 3 0x80007c24 (0xd15fc313) x 6 0x7ff99fd9
core   0: 0x80007c28 (0x00006c75) c.lui   s8, 0x1d
core   0: 3 0x80007c28 (0x6c75) x24 0x0001d000
core   0: 0x80007c2a (0x00008c3d) c.xor   s0, a5
core   0: 3 0x80007c2a (0x8c3d) x 8 0x00040a8f
core   0: 0x80007c2c (0x00833bb3) sltu    s7, t1, s0
core   0: 3 0x80007c2c (0x00833bb3) x23 0x00000000
core   0: 0x80007c30 (0x00009906) c.add   s2, ra
core   0: 3 0x80007c30 (0x9906) x18 0x00000029
core   0: 0x80007c32 (0x000080d9) c.srli  s1, 22
core   0: 3 0x80007c32 (0x80d9) x 9 0x00000000
core   0: 0x80007c34 (0x7f722913) slti    s2, tp, 2039
core   0: 3 0x80007c34 (0x7f722913) x18 0x00000000
core   0: 0x80007c38 (0x00000235) c.addi  tp, 13
core   0: 3 0x80007c38 (0x0235) x 4 0x20337a9d
core   0: 0x80007c3a (0x000098ba) c.add   a7, a4
core   0: 3 0x80007c3a (0x98ba) x17 0x02033178
core   0: 0x80007c3c (0x0000864d) c.srai  a2, 19
core   0: 3 0x80007c3c (0x864d) x12 0xfffff000
core   0: 0x80007c3e (0x0000831d) c.srli  a4, 7
core   0: 3 0x80007c3e (0x831d) x14 0x0004066f
core   0: 0x80007c40 (0xb1a86b13) ori     s6, a6, -1254
core   0: 3 0x80007c40 (0xb1a86b13) x22 0xfffffb1a
core   0: 0x80007c44 (0x0000017a) c.slli  sp, 30
core   0: 3 0x80007c44 (0x017a) x 2 0xc0000000
core   0: 0x80007c46 (0x0000e391) c.bnez  a5, pc + 4
core   0: 3 0x80007c46 (0xe391)
core   0: 0x80007c4a (0x0000c089) c.beqz  s1, pc + 2
core   0: 3 0x80007c4a (0xc089)
core   0: 0x80007c4c (0x00008ee5) c.and   a3, s1
core   0: 3 0x80007c4c (0x8ee5) x13 0x00000000
core   0: 0x80007c4e (0x00008fc9) c.or    a5, a0
core   0: 3 0x80007c4e (0x8fc9) x15 0x00001fff
core   0: 0x80007c50 (0x00008275) c.srli  a2, 29
core   0: 3 0x80007c50 (0x8275) x12 0x00000007
core   0: 0x80007c52 (0x0066ac33) slt     s8, a3, t1
core   0: 3 0x80007c52 (0x0066ac33) x24 0x00000001
core   0: 0x80007c56 (0x031e1433) mulh    s0, t3, a7
core   0: 3 0x80007c56 (0x031e1433) x 8 0x00000000
core   0: 0x80007c5a (0x03d9c8b3) div     a7, s3, t4
core   0: 3 0x80007c5a (0x03d9c8b3) x17 0xffffe001
core   0: 0x80007c5e (0x03b6d933) divu    s2, a3, s11
core   0: 3 0x80007c5e (0x03b6d933) x18 0x00000000
core   0: 0x80007c62 (0x00000001) c.nop
core   0: 3 0x80007c62 (0x0001)
core   0: 0x80007c64 (0x03905b63) bge     zero, s9, pc + 54
core   0: 3 0x80007c64 (0x03905b63)
core   0: 0x80007c9a (0xa82ce693) ori     a3, s9, -1406
core   0: 3 0x80007c9a (0xa82ce693) x13 0xfffffa92
core   0: 0x80007c9e (0x00008155) c.srli  a0, 21
core   0: 3 0x80007c9e (0x8155) x10 0x00000000
core   0: 0x80007ca0 (0x02d164b3) rem     s1, sp, a3
core   0: 3 0x80007ca0 (0x02d164b3) x 9 0xffffff48
core   0: 0x80007ca4 (0x00e2d333) srl     t1, t0, a4
core   0: 3 0x80007ca4 (0x00e2d333) x 6 0x00000000
core   0: 0x80007ca8 (0x9669f593) andi    a1, s3, -1690
core   0: 3 0x80007ca8 (0x9669f593) x11 0x80022864
core   0: 0x80007cac (0x00000894) c.addi4spn a3, sp, 80
core   0: 3 0x80007cac (0x0894) x13 0xc0000050
core   0: 0x80007cae (0x032ae663) bltu    s5, s2, pc + 44
core   0: 3 0x80007cae (0x032ae663)
core   0: 0x80007cb2 (0xcc0165b7) lui     a1, 0xcc016
core   0: 3 0x80007cb2 (0xcc0165b7) x11 0xcc016000
core   0: 0x80007cb6 (0x0157e463) bltu    a5, s5, pc + 8
core   0: 3 0x80007cb6 (0x0157e463)
core   0: 0x80007cbe (0x038afdb3) remu    s11, s5, s8
core   0: 3 0x80007cbe (0x038afdb3) x27 0x00000000
core   0: 0x80007cc2 (0x0191dcb3) srl     s9, gp, s9
core   0: 3 0x80007cc2 (0x0191dcb3) x25 0x0000fffc
core   0: 0x80007cc6 (0x0217c8b3) div     a7, a5, ra
core   0: 3 0x80007cc6 (0x0217c8b3) x17 0x00000249
core   0: 0x80007cca (0x000084f5) c.srai  s1, 29
core   0: 3 0x80007cca (0x84f5) x 9 0xffffffff
core   0: 0x80007ccc (0x00008575) c.srai  a0, 29
core   0: 3 0x80007ccc (0x8575) x10 0x00000000
core   0: 0x80007cce (0x000045f5) c.li    a1, 29
core   0: 3 0x80007cce (0x45f5) x11 0x0000001d
core   0: 0x80007cd0 (0x7aa44a17) auipc   s4, 0x7aa44
core   0: 3 0x80007cd0 (0x7aa44a17) x20 0xfaa4bcd0
core   0: 0x80007cd4 (0x0000100f) fence.i
core   0: 3 0x80007cd4 (0x0000100f)
core   0: 0x80007cd8 (0x0000861d) c.srai  a2, 7
core   0: 3 0x80007cd8 (0x861d) x12 0x00000000
core   0: 0x80007cda (0x37e86813) ori     a6, a6, 894
core   0: 3 0x80007cda (0x37e86813) x16 0x8000037e
core   0: 0x80007cde (0x000001f2) c.slli  gp, 28
core   0: 3 0x80007cde (0x01f2) x 3 0xc0000000
core   0: 0x80007ce0 (0x03c30eb3) mul     t4, t1, t3
core   0: 3 0x80007ce0 (0x03c30eb3) x29 0x00000000
core   0: 0x80007ce4 (0x02286963) bltu    a6, sp, pc + 50
core   0: 3 0x80007ce4 (0x02286963)
core   0: 0x80007d16 (0x01a99933) sll     s2, s3, s10
core   0: 3 0x80007d16 (0x01a99933) x18 0x045cc800
core   0: 0x80007d1a (0x0000717d) c.addi16sp sp, -16
core   0: 3 0x80007d1a (0x717d) x 2 0xbffffff0
core   0: 0x80007d1c (0x004a0533) add     a0, s4, tp
core   0: 3 0x80007d1c (0x004a0533) x10 0x1ad8376d
core   0: 0x80007d20 (0x001351b3) srl     gp, t1, ra
core   0: 3 0x80007d20 (0x001351b3) x 3 0x00000000
core   0: 0x80007d24 (0x00006179) c.addi16sp sp, 464
core   0: 3 0x80007d24 (0x6179) x 2 0xc00001c0
core   0: 0x80007d26 (0x01969913) slli    s2, a3, 25
core   0: 3 0x80007d26 (0x01969913) x18 0xa0000000
core   0: 0x80007d2a (0x01b2e533) or      a0, t0, s11
core   0: 3 0x80007d2a (0x01b2e533) x10 0x00000002
core   0: 0x80007d2e (0x00000001) c.nop
core   0: 3 0x80007d2e (0x0001)
core   0: 0x80007d30 (0x02c57d33) remu    s10, a0, a2
core   0: 3 0x80007d30 (0x02c57d33) x26 0x00000002
core   0: 0x80007d34 (0x41025413) srai    s0, tp, 16
core   0: 3 0x80007d34 (0x41025413) x 8 0x00002033
core   0: 0x80007d38 (0x0577d063) bge     a5, s7, pc + 64
core   0: 3 0x80007d38 (0x0577d063)
core   0: 0x80007d78 (0x00008472) c.mv    s0, t3
core   0: 3 0x80007d78 (0x8472) x 8 0x00000000
core   0: 0x80007d7a (0x00005dfd) c.li    s11, -1
core   0: 3 0x80007d7a (0x5dfd) x27 0xffffffff
core   0: 0x80007d7c (0x024b41b3) div     gp, s6, tp
core   0: 3 0x80007d7c (0x024b41b3) x 3 0x00000000
core   0: 0x80007d80 (0x0139b0b3) sltu    ra, s3, s3
core   0: 3 0x80007d80 (0x0139b0b3) x 1 0x00000000
core   0: 0x80007d84 (0x0000717d) c.addi16sp sp, -16
core   0: 3 0x80007d84 (0x717d) x 2 0xc00001b0
core   0: 0x80007d86 (0x01e1b6b3) sltu    a3, gp, t5
core   0: 3 0x80007d86 (0x01e1b6b3) x13 0x00000001
core   0: 0x80007d8a (0x00008bd2) c.mv    s7, s4
core   0: 3 0x80007d8a (0x8bd2) x23 0xfaa4bcd0
core   0: 0x80007d8c (0x000082f9) c.srli  a3, 30
core   0: 3 0x80007d8c (0x82f9) x13 0x00000000
core   0: 0x80007d8e (0x033c0633) mul     a2, s8, s3
core   0: 3 0x80007d8e (0x033c0633) x12 0x80022e64
core   0: 0x80007d92 (0x00009092) c.add   ra, tp
core   0: 3 0x80007d92 (0x9092) x 1 0x20337a9d
core   0: 0x80007d94 (0x01692a33) slt     s4, s2, s6
core   0: 3 0x80007d94 (0x01692a33) x20 0x00000001
core   0: 0x80007d98 (0x00000001) c.nop
core   0: 3 0x80007d98 (0x0001)
core   0: 0x80007d9a (0x030ecd33) div     s10, t4, a6
core   0: 3 0x80007d9a (0x030ecd33) x26 0x00000000
core   0: 0x80007d9e (0x00008c61) c.and   s0, s0
core   0: 3 0x80007d9e (0x8c61) x 8 0x00000000
core   0: 0x80007da0 (0x01a9ec63) bltu    s3, s10, pc + 24
core   0: 3 0x80007da0 (0x01a9ec63)
core   0: 0x80007da4 (0x01e00fb3) add     t6, zero, t5
core   0: 3 0x80007da4 (0x01e00fb3) x31 0x0000193f
core   0: 0x80007da8 (0x02c517b3) mulh    a5, a0, a2
core   0: 3 0x80007da8 (0x02c517b3) x15 0xffffffff
core   0: 0x80007dac (0x00001818) c.addi4spn a4, sp, 48
core   0: 3 0x80007dac (0x1818) x14 0xc00001e0
core   0: 0x80007dae (0x02b8f1b3) remu    gp, a7, a1
core   0: 3 0x80007dae (0x02b8f1b3) x 3 0x00000005
core   0: 0x80007db2 (0x01f277b3) and     a5, tp, t6
core   0: 3 0x80007db2 (0x01f277b3) x15 0x0000181d
core   0: 0x80007db6 (0x000041a5) c.li    gp, 9
core   0: 3 0x80007db6 (0x41a5) x 3 0x00000009
core   0: 0x80007db8 (0x28800437) lui     s0, 0x28800
core   0: 3 0x80007db8 (0x28800437) x 8 0x28800000
core   0: 0x80007dbc (0x01518563) beq     gp, s5, pc + 10
core   0: 3 0x80007dbc (0x01518563)
core   0: 0x80007dc0 (0x000017fd) c.addi  a5, -1
core   0: 3 0x80007dc0 (0x17fd) x15 0x0000181c
core   0: 0x80007dc2 (0x015e64b3) or      s1, t3, s5
core   0: 3 0x80007dc2 (0x015e64b3) x 9 0x7c8f46a6
core   0: 0x80007dc6 (0x02ff1733) mulh    a4, t5, a5
core   0: 3 0x80007dc6 (0x02ff1733) x14 0x00000000
core   0: 0x80007dca (0x00000001) c.nop
core   0: 3 0x80007dca (0x0001)
core   0: 0x80007dcc (0xef46a613) slti    a2, a3, -268
core   0: 3 0x80007dcc (0xef46a613) x12 0x00000000
core   0: 0x80007dd0 (0x00008fbd) c.xor   a5, a5
core   0: 3 0x80007dd0 (0x8fbd) x15 0x00000000
core   0: 0x80007dd2 (0x0000180c) c.addi4spn a1, sp, 48
core   0: 3 0x80007dd2 (0x180c) x11 0xc00001e0
core   0: 0x80007dd4 (0x4a68ef93) ori     t6, a7, 1190
core   0: 3 0x80007dd4 (0x4a68ef93) x31 0x000006ef
core   0: 0x80007dd8 (0x0000e509) c.bnez  a0, pc + 10
core   0: 3 0x80007dd8 (0xe509)
core   0: 0x80007de2 (0x02c0b033) mulhu   zero, ra, a2
core   0: 3 0x80007de2 (0x02c0b033)
core   0: 0x80007de6 (0x00000297) auipc   t0, 0x0
core   0: 3 0x80007de6 (0x00000297) x 5 0x80007de6
core   0: 0x80007dea (0x00c28293) addi    t0, t0, 12
core   0: 3 0x80007dea (0x00c28293) x 5 0x80007df2
core   0: 0x80007dee (0x00028067) jr      t0
core   0: 3 0x80007dee (0x00028067)
core   0: 0x80007df2 (0x00004185) c.li    gp, 1
core   0: 3 0x80007df2 (0x4185) x 3 0x00000001
core   0: 0x80007df4 (0x00000073) ecall
core   0: exception trap_machine_ecall, epc 0x80007df4
core   0: >>>>  mtvec_handler
core   0: 0x8000c1b0 (0x0400006f) j       pc + 0x40
core   0: 3 0x8000c1b0 (0x0400006f)
core   0: 0x8000c1f0 (0x000013f1) c.addi  t2, -4
core   0: 3 0x8000c1f0 (0x13f1) x 7 0x80026ce0
core   0: 0x8000c1f2 (0x0133a023) sw      s3, 0(t2)
core   0: 3 0x8000c1f2 (0x0133a023) mem 0x80026ce0 0x80022e64
core   0: 0x8000c1f6 (0x000389b3) add     s3, t2, zero
core   0: 3 0x8000c1f6 (0x000389b3) x19 0x80026ce0
core   0: 0x8000c1fa (0xf8098993) addi    s3, s3, -128
core   0: 3 0x8000c1fa (0xf8098993) x19 0x80026c60
core   0: 0x8000c1fe (0x0019a223) sw      ra, 4(s3)
core   0: 3 0x8000c1fe (0x0019a223) mem 0x80026c64 0x20337a9d
core   0: 0x8000c202 (0x0029a423) sw      sp, 8(s3)
core   0: 3 0x8000c202 (0x0029a423) mem 0x80026c68 0xc00001b0
core   0: 0x8000c206 (0x0039a623) sw      gp, 12(s3)
core   0: 3 0x8000c206 (0x0039a623) mem 0x80026c6c 0x00000001
core   0: 0x8000c20a (0x0049a823) sw      tp, 16(s3)
core   0: 3 0x8000c20a (0x0049a823) mem 0x80026c70 0x20337a9d
core   0: 0x8000c20e (0x0059aa23) sw      t0, 20(s3)
core   0: 3 0x8000c20e (0x0059aa23) mem 0x80026c74 0x80007df2
core   0: 0x8000c212 (0x0069ac23) sw      t1, 24(s3)
core   0: 3 0x8000c212 (0x0069ac23) mem 0x80026c78 0x00000000
core   0: 0x8000c216 (0x0079ae23) sw      t2, 28(s3)
core   0: 3 0x8000c216 (0x0079ae23) mem 0x80026c7c 0x80026ce0
core   0: 0x8000c21a (0x0289a023) sw      s0, 32(s3)
core   0: 3 0x8000c21a (0x0289a023) mem 0x80026c80 0x28800000
core   0: 0x8000c21e (0x0299a223) sw      s1, 36(s3)
core   0: 3 0x8000c21e (0x0299a223) mem 0x80026c84 0x7c8f46a6
core   0: 0x8000c222 (0x02a9a423) sw      a0, 40(s3)
core   0: 3 0x8000c222 (0x02a9a423) mem 0x80026c88 0x00000002
core   0: 0x8000c226 (0x02b9a623) sw      a1, 44(s3)
core   0: 3 0x8000c226 (0x02b9a623) mem 0x80026c8c 0xc00001e0
core   0: 0x8000c22a (0x02c9a823) sw      a2, 48(s3)
core   0: 3 0x8000c22a (0x02c9a823) mem 0x80026c90 0x00000000
core   0: 0x8000c22e (0x02d9aa23) sw      a3, 52(s3)
core   0: 3 0x8000c22e (0x02d9aa23) mem 0x80026c94 0x00000000
core   0: 0x8000c232 (0x02e9ac23) sw      a4, 56(s3)
core   0: 3 0x8000c232 (0x02e9ac23) mem 0x80026c98 0x00000000
core   0: 0x8000c236 (0x02f9ae23) sw      a5, 60(s3)
core   0: 3 0x8000c236 (0x02f9ae23) mem 0x80026c9c 0x00000000
core   0: 0x8000c23a (0x0509a023) sw      a6, 64(s3)
core   0: 3 0x8000c23a (0x0509a023) mem 0x80026ca0 0x8000037e
core   0: 0x8000c23e (0x0519a223) sw      a7, 68(s3)
core   0: 3 0x8000c23e (0x0519a223) mem 0x80026ca4 0x00000249
core   0: 0x8000c242 (0x0529a423) sw      s2, 72(s3)
core   0: 3 0x8000c242 (0x0529a423) mem 0x80026ca8 0xa0000000
core   0: 0x8000c246 (0x0539a623) sw      s3, 76(s3)
core   0: 3 0x8000c246 (0x0539a623) mem 0x80026cac 0x80026c60
core   0: 0x8000c24a (0x0549a823) sw      s4, 80(s3)
core   0: 3 0x8000c24a (0x0549a823) mem 0x80026cb0 0x00000001
core   0: 0x8000c24e (0x0559aa23) sw      s5, 84(s3)
core   0: 3 0x8000c24e (0x0559aa23) mem 0x80026cb4 0x7c8f46a6
core   0: 0x8000c252 (0x0569ac23) sw      s6, 88(s3)
core   0: 3 0x8000c252 (0x0569ac23) mem 0x80026cb8 0xfffffb1a
core   0: 0x8000c256 (0x0579ae23) sw      s7, 92(s3)
core   0: 3 0x8000c256 (0x0579ae23) mem 0x80026cbc 0xfaa4bcd0
core   0: 0x8000c25a (0x0789a023) sw      s8, 96(s3)
core   0: 3 0x8000c25a (0x0789a023) mem 0x80026cc0 0x00000001
core   0: 0x8000c25e (0x0799a223) sw      s9, 100(s3)
core   0: 3 0x8000c25e (0x0799a223) mem 0x80026cc4 0x0000fffc
core   0: 0x8000c262 (0x07a9a423) sw      s10, 104(s3)
core   0: 3 0x8000c262 (0x07a9a423) mem 0x80026cc8 0x00000000
core   0: 0x8000c266 (0x07b9a623) sw      s11, 108(s3)
core   0: 3 0x8000c266 (0x07b9a623) mem 0x80026ccc 0xffffffff
core   0: 0x8000c26a (0x07c9a823) sw      t3, 112(s3)
core   0: 3 0x8000c26a (0x07c9a823) mem 0x80026cd0 0x00000000
core   0: 0x8000c26e (0x07d9aa23) sw      t4, 116(s3)
core   0: 3 0x8000c26e (0x07d9aa23) mem 0x80026cd4 0x00000000
core   0: 0x8000c272 (0x07e9ac23) sw      t5, 120(s3)
core   0: 3 0x8000c272 (0x07e9ac23) mem 0x80026cd8 0x0000193f
core   0: 0x8000c276 (0x07f9ae23) sw      t6, 124(s3)
core   0: 3 0x8000c276 (0x07f9ae23) mem 0x80026cdc 0x000006ef
core   0: 0x8000c27a (0x000983b3) add     t2, s3, zero
core   0: 3 0x8000c27a (0x000983b3) x 7 0x80026c60
core   0: 0x8000c27e (0x34102e73) csrr    t3, mepc
core   0: 3 0x8000c27e (0x34102e73) x28 0x80007df4
core   0: 0x8000c282 (0x34202e73) csrr    t3, mcause
core   0: 3 0x8000c282 (0x34202e73) x28 0x0000000b
core   0: 0x8000c286 (0x0000430d) c.li    t1, 3
core   0: 3 0x8000c286 (0x430d) x 6 0x00000003
core   0: 0x8000c288 (0x286e0d63) beq     t3, t1, pc + 666
core   0: 3 0x8000c288 (0x286e0d63)
core   0: 0x8000c28c (0x00004321) c.li    t1, 8
core   0: 3 0x8000c28c (0x4321) x 6 0x00000008
core   0: 0x8000c28e (0x046e0563) beq     t3, t1, pc + 74
core   0: 3 0x8000c28e (0x046e0563)
core   0: 0x8000c292 (0x00004325) c.li    t1, 9
core   0: 3 0x8000c292 (0x4325) x 6 0x00000009
core   0: 0x8000c294 (0x046e0263) beq     t3, t1, pc + 68
core   0: 3 0x8000c294 (0x046e0263)
core   0: 0x8000c298 (0x0000432d) c.li    t1, 11
core   0: 3 0x8000c298 (0x432d) x 6 0x0000000b
core   0: 0x8000c29a (0x026e0f63) beq     t3, t1, pc + 62
core   0: 3 0x8000c29a (0x026e0f63)
core   0: 0x8000c2d8 (0xffff4e17) auipc   t3, 0xffff4
core   0: 3 0x8000c2d8 (0xffff4e17) x28 0x800002d8
core   0: 0x8000c2dc (0xd28e0e13) addi    t3, t3, -728
core   0: 3 0x8000c2dc (0xd28e0e13) x28 0x80000000
core   0: 0x8000c2e0 (0x000e2023) sw      zero, 0(t3)
core   0: 3 0x8000c2e0 (0x000e2023) mem 0x80000000 0x00000000
core   0: 0x8000c2e4 (0x001e2223) sw      ra, 4(t3)
core   0: 3 0x8000c2e4 (0x001e2223) mem 0x80000004 0x20337a9d
core   0: 0x8000c2e8 (0x002e2423) sw      sp, 8(t3)
core   0: 3 0x8000c2e8 (0x002e2423) mem 0x80000008 0xc00001b0
core   0: 0x8000c2ec (0x003e2623) sw      gp, 12(t3)
core   0: 3 0x8000c2ec (0x003e2623) mem 0x8000000c 0x00000001
core   0: 0x8000c2f0 (0x004e2823) sw      tp, 16(t3)
core   0: 3 0x8000c2f0 (0x004e2823) mem 0x80000010 0x20337a9d
core   0: 0x8000c2f4 (0x005e2a23) sw      t0, 20(t3)
core   0: 3 0x8000c2f4 (0x005e2a23) mem 0x80000014 0x80007df2
core   0: 0x8000c2f8 (0x006e2c23) sw      t1, 24(t3)
core   0: 3 0x8000c2f8 (0x006e2c23) mem 0x80000018 0x0000000b
core   0: 0x8000c2fc (0x007e2e23) sw      t2, 28(t3)
core   0: 3 0x8000c2fc (0x007e2e23) mem 0x8000001c 0x80026c60
core   0: 0x8000c300 (0x028e2023) sw      s0, 32(t3)
core   0: 3 0x8000c300 (0x028e2023) mem 0x80000020 0x28800000
core   0: 0x8000c304 (0x029e2223) sw      s1, 36(t3)
core   0: 3 0x8000c304 (0x029e2223) mem 0x80000024 0x7c8f46a6
core   0: 0x8000c308 (0x02ae2423) sw      a0, 40(t3)
core   0: 3 0x8000c308 (0x02ae2423) mem 0x80000028 0x00000002
core   0: 0x8000c30c (0x02be2623) sw      a1, 44(t3)
core   0: 3 0x8000c30c (0x02be2623) mem 0x8000002c 0xc00001e0
core   0: 0x8000c310 (0x02ce2823) sw      a2, 48(t3)
core   0: 3 0x8000c310 (0x02ce2823) mem 0x80000030 0x00000000
core   0: 0x8000c314 (0x02de2a23) sw      a3, 52(t3)
core   0: 3 0x8000c314 (0x02de2a23) mem 0x80000034 0x00000000
core   0: 0x8000c318 (0x02ee2c23) sw      a4, 56(t3)
core   0: 3 0x8000c318 (0x02ee2c23) mem 0x80000038 0x00000000
core   0: 0x8000c31c (0x02fe2e23) sw      a5, 60(t3)
core   0: 3 0x8000c31c (0x02fe2e23) mem 0x8000003c 0x00000000
core   0: 0x8000c320 (0x050e2023) sw      a6, 64(t3)
core   0: 3 0x8000c320 (0x050e2023) mem 0x80000040 0x8000037e
core   0: 0x8000c324 (0x051e2223) sw      a7, 68(t3)
core   0: 3 0x8000c324 (0x051e2223) mem 0x80000044 0x00000249
core   0: 0x8000c328 (0x052e2423) sw      s2, 72(t3)
core   0: 3 0x8000c328 (0x052e2423) mem 0x80000048 0xa0000000
core   0: 0x8000c32c (0x053e2623) sw      s3, 76(t3)
core   0: 3 0x8000c32c (0x053e2623) mem 0x8000004c 0x80026c60
core   0: 0x8000c330 (0x054e2823) sw      s4, 80(t3)
core   0: 3 0x8000c330 (0x054e2823) mem 0x80000050 0x00000001
core   0: 0x8000c334 (0x055e2a23) sw      s5, 84(t3)
core   0: 3 0x8000c334 (0x055e2a23) mem 0x80000054 0x7c8f46a6
core   0: 0x8000c338 (0x056e2c23) sw      s6, 88(t3)
core   0: 3 0x8000c338 (0x056e2c23) mem 0x80000058 0xfffffb1a
core   0: 0x8000c33c (0x057e2e23) sw      s7, 92(t3)
core   0: 3 0x8000c33c (0x057e2e23) mem 0x8000005c 0xfaa4bcd0
core   0: 0x8000c340 (0x078e2023) sw      s8, 96(t3)
core   0: 3 0x8000c340 (0x078e2023) mem 0x80000060 0x00000001
core   0: 0x8000c344 (0x079e2223) sw      s9, 100(t3)
core   0: 3 0x8000c344 (0x079e2223) mem 0x80000064 0x0000fffc
core   0: 0x8000c348 (0x07ae2423) sw      s10, 104(t3)
core   0: 3 0x8000c348 (0x07ae2423) mem 0x80000068 0x00000000
core   0: 0x8000c34c (0x07be2623) sw      s11, 108(t3)
core   0: 3 0x8000c34c (0x07be2623) mem 0x8000006c 0xffffffff
core   0: 0x8000c350 (0x07ce2823) sw      t3, 112(t3)
core   0: 3 0x8000c350 (0x07ce2823) mem 0x80000070 0x80000000
core   0: 0x8000c354 (0x07de2a23) sw      t4, 116(t3)
core   0: 3 0x8000c354 (0x07de2a23) mem 0x80000074 0x00000000
core   0: 0x8000c358 (0x07ee2c23) sw      t5, 120(t3)
core   0: 3 0x8000c358 (0x07ee2c23) mem 0x80000078 0x0000193f
core   0: 0x8000c35c (0x07fe2e23) sw      t6, 124(t3)
core   0: 3 0x8000c35c (0x07fe2e23) mem 0x8000007c 0x000006ef
core   0: 0x8000c360 (0xfffff297) auipc   t0, 0xfffff
core   0: 3 0x8000c360 (0xfffff297) x 5 0x8000b360
core   0: 0x8000c364 (0x45628293) addi    t0, t0, 1110
core   0: 3 0x8000c364 (0x45628293) x 5 0x8000b7b6
core   0: 0x8000c368 (0x00028067) jr      t0
core   0: 3 0x8000c368 (0x00028067)
core   0: 0x8000b7b6 (0x00002f17) auipc   t5, 0x2
core   0: 3 0x8000b7b6 (0x00002f17) x30 0x8000d7b6
core   0: 0x8000b7ba (0x843f2523) sw      gp, -1974(t5)
core   0: 3 0x8000b7ba (0x843f2523) mem 0x8000d000 0x00000001
core   0: 0x8000b7be (0x0000bfe5) c.j     pc - 8
core   0: 3 0x8000b7be (0xbfe5)
core   0: 0x8000b7b6 (0x00002f17) auipc   t5, 0x2
core   0: 3 0x8000b7b6 (0x00002f17) x30 0x8000d7b6
core   0: 0x8000b7ba (0x843f2523) sw      gp, -1974(t5)
core   0: 3 0x8000b7ba (0x843f2523) mem 0x8000d000 0x00000001
core   0: 0x8000b7be (0x0000bfe5) c.j     pc - 8
core   0: 3 0x8000b7be (0xbfe5)
core   0: 0x8000b7b6 (0x00002f17) auipc   t5, 0x2
core   0: 3 0x8000b7b6 (0x00002f17) x30 0x8000d7b6
core   0: 0x8000b7ba (0x843f2523) sw      gp, -1974(t5)
core   0: 3 0x8000b7ba (0x843f2523) mem 0x8000d000 0x00000001
core   0: 0x8000b7be (0x0000bfe5) c.j     pc - 8
core   0: 3 0x8000b7be (0xbfe5)
core   0: 0x8000b7b6 (0x00002f17) auipc   t5, 0x2
core   0: 3 0x8000b7b6 (0x00002f17) x30 0x8000d7b6
core   0: 0x8000b7ba (0x843f2523) sw      gp, -1974(t5)
core   0: 3 0x8000b7ba (0x843f2523) mem 0x8000d000 0x00000001
core   0: 0x8000b7be (0x0000bfe5) c.j     pc - 8
core   0: 3 0x8000b7be (0xbfe5)
core   0: 0x8000b7b6 (0x00002f17) auipc   t5, 0x2
core   0: 3 0x8000b7b6 (0x00002f17) x30 0x8000d7b6
core   0: 0x8000b7ba (0x843f2523) sw      gp, -1974(t5)
core   0: 3 0x8000b7ba (0x843f2523) mem 0x8000d000 0x00000001
core   0: 0x8000b7be (0x0000bfe5) c.j     pc - 8
core   0: 3 0x8000b7be (0xbfe5)
core   0: 0x8000b7b6 (0x00002f17) auipc   t5, 0x2
core   0: 3 0x8000b7b6 (0x00002f17) x30 0x8000d7b6
core   0: 0x8000b7ba (0x843f2523) sw      gp, -1974(t5)
core   0: 3 0x8000b7ba (0x843f2523) mem 0x8000d000 0x00000001
core   0: 0x8000b7be (0x0000bfe5) c.j     pc - 8
core   0: 3 0x8000b7be (0xbfe5)
core   0: 0x8000b7b6 (0x00002f17) auipc   t5, 0x2
core   0: 3 0x8000b7b6 (0x00002f17) x30 0x8000d7b6
core   0: 0x8000b7ba (0x843f2523) sw      gp, -1974(t5)
core   0: 3 0x8000b7ba (0x843f2523) mem 0x8000d000 0x00000001
core   0: 0x8000b7be (0x0000bfe5) c.j     pc - 8
core   0: 3 0x8000b7be (0xbfe5)
core   0: 0x8000b7b6 (0x00002f17) auipc   t5, 0x2
core   0: 3 0x8000b7b6 (0x00002f17) x30 0x8000d7b6
core   0: 0x8000b7ba (0x843f2523) sw      gp, -1974(t5)
core   0: 3 0x8000b7ba (0x843f2523) mem 0x8000d000 0x00000001
core   0: 0x8000b7be (0x0000bfe5) c.j     pc - 8
core   0: 3 0x8000b7be (0xbfe5)
core   0: 0x8000b7b6 (0x00002f17) auipc   t5, 0x2
core   0: 3 0x8000b7b6 (0x00002f17) x30 0x8000d7b6
core   0: 0x8000b7ba (0x843f2523) sw      gp, -1974(t5)
core   0: 3 0x8000b7ba (0x843f2523) mem 0x8000d000 0x00000001
core   0: 0x8000b7be (0x0000bfe5) c.j     pc - 8
core   0: 3 0x8000b7be (0xbfe5)
core   0: 0x8000b7b6 (0x00002f17) auipc   t5, 0x2
core   0: 3 0x8000b7b6 (0x00002f17) x30 0x8000d7b6
core   0: 0x8000b7ba (0x843f2523) sw      gp, -1974(t5)
core   0: 3 0x8000b7ba (0x843f2523) mem 0x8000d000 0x00000001
core   0: 0x8000b7be (0x0000bfe5) c.j     pc - 8
core   0: 3 0x8000b7be (0xbfe5)
core   0: 0x8000b7b6 (0x00002f17) auipc   t5, 0x2
core   0: 3 0x8000b7b6 (0x00002f17) x30 0x8000d7b6
core   0: 0x8000b7ba (0x843f2523) sw      gp, -1974(t5)
core   0: 3 0x8000b7ba (0x843f2523) mem 0x8000d000 0x00000001
core   0: 0x8000b7be (0x0000bfe5) c.j     pc - 8
core   0: 3 0x8000b7be (0xbfe5)
core   0: 0x8000b7b6 (0x00002f17) auipc   t5, 0x2
core   0: 3 0x8000b7b6 (0x00002f17) x30 0x8000d7b6
core   0: 0x8000b7ba (0x843f2523) sw      gp, -1974(t5)
core   0: 3 0x8000b7ba (0x843f2523) mem 0x8000d000 0x00000001
core   0: 0x8000b7be (0x0000bfe5) c.j     pc - 8
core   0: 3 0x8000b7be (0xbfe5)
core   0: 0x8000b7b6 (0x00002f17) auipc   t5, 0x2
core   0: 3 0x8000b7b6 (0x00002f17) x30 0x8000d7b6
core   0: 0x8000b7ba (0x843f2523) sw      gp, -1974(t5)
core   0: 3 0x8000b7ba (0x843f2523) mem 0x8000d000 0x00000001
core   0: 0x8000b7be (0x0000bfe5) c.j     pc - 8
core   0: 3 0x8000b7be (0xbfe5)
core   0: 0x8000b7b6 (0x00002f17) auipc   t5, 0x2
core   0: 3 0x8000b7b6 (0x00002f17) x30 0x8000d7b6
core   0: 0x8000b7ba (0x843f2523) sw      gp, -1974(t5)
core   0: 3 0x8000b7ba (0x843f2523) mem 0x8000d000 0x00000001
core   0: 0x8000b7be (0x0000bfe5) c.j     pc - 8
core   0: 3 0x8000b7be (0xbfe5)
core   0: 0x8000b7b6 (0x00002f17) auipc   t5, 0x2
core   0: 3 0x8000b7b6 (0x00002f17) x30 0x8000d7b6
core   0: 0x8000b7ba (0x843f2523) sw      gp, -1974(t5)
core   0: 3 0x8000b7ba (0x843f2523) mem 0x8000d000 0x00000001
core   0: 0x8000b7be (0x0000bfe5) c.j     pc - 8
core   0: 3 0x8000b7be (0xbfe5)
core   0: 0x8000b7b6 (0x00002f17) auipc   t5, 0x2
core   0: 3 0x8000b7b6 (0x00002f17) x30 0x8000d7b6
core   0: 0x8000b7ba (0x843f2523) sw      gp, -1974(t5)
core   0: 3 0x8000b7ba (0x843f2523) mem 0x8000d000 0x00000001
core   0: 0x8000b7be (0x0000bfe5) c.j     pc - 8
core   0: 3 0x8000b7be (0xbfe5)
core   0: 0x8000b7b6 (0x00002f17) auipc   t5, 0x2
core   0: 3 0x8000b7b6 (0x00002f17) x30 0x8000d7b6
core   0: 0x8000b7ba (0x843f2523) sw      gp, -1974(t5)
core   0: 3 0x8000b7ba (0x843f2523) mem 0x8000d000 0x00000001
core   0: 0x8000b7be (0x0000bfe5) c.j     pc - 8
core   0: 3 0x8000b7be (0xbfe5)
core   0: 0x8000b7b6 (0x00002f17) auipc   t5, 0x2
core   0: 3 0x8000b7b6 (0x00002f17) x30 0x8000d7b6
core   0: 0x8000b7ba (0x843f2523) sw      gp, -1974(t5)
core   0: 3 0x8000b7ba (0x843f2523) mem 0x8000d000 0x00000001
core   0: 0x8000b7be (0x0000bfe5) c.j     pc - 8
core   0: 3 0x8000b7be (0xbfe5)
core   0: 0x8000b7b6 (0x00002f17) auipc   t5, 0x2
core   0: 3 0x8000b7b6 (0x00002f17) x30 0x8000d7b6
core   0: 0x8000b7ba (0x843f2523) sw      gp, -1974(t5)
core   0: 3 0x8000b7ba (0x843f2523) mem 0x8000d000 0x00000001
core   0: 0x8000b7be (0x0000bfe5) c.j     pc - 8
core   0: 3 0x8000b7be (0xbfe5)
core   0: 0x8000b7b6 (0x00002f17) auipc   t5, 0x2
core   0: 3 0x8000b7b6 (0x00002f17) x30 0x8000d7b6
core   0: 0x8000b7ba (0x843f2523) sw      gp, -1974(t5)
core   0: 3 0x8000b7ba (0x843f2523) mem 0x8000d000 0x00000001
core   0: 0x8000b7be (0x0000bfe5) c.j     pc - 8
core   0: 3 0x8000b7be (0xbfe5)
core   0: 0x8000b7b6 (0x00002f17) auipc   t5, 0x2
core   0: 3 0x8000b7b6 (0x00002f17) x30 0x8000d7b6
core   0: 0x8000b7ba (0x843f2523) sw      gp, -1974(t5)
core   0: 3 0x8000b7ba (0x843f2523) mem 0x8000d000 0x00000001
core   0: 0x8000b7be (0x0000bfe5) c.j     pc - 8
core   0: 3 0x8000b7be (0xbfe5)
core   0: 0x8000b7b6 (0x00002f17) auipc   t5, 0x2
core   0: 3 0x8000b7b6 (0x00002f17) x30 0x8000d7b6
core   0: 0x8000b7ba (0x843f2523) sw      gp, -1974(t5)
core   0: 3 0x8000b7ba (0x843f2523) mem 0x8000d000 0x00000001
core   0: 0x8000b7be (0x0000bfe5) c.j     pc - 8
core   0: 3 0x8000b7be (0xbfe5)
core   0: 0x8000b7b6 (0x00002f17) auipc   t5, 0x2
core   0: 3 0x8000b7b6 (0x00002f17) x30 0x8000d7b6
core   0: 0x8000b7ba (0x843f2523) sw      gp, -1974(t5)
core   0: 3 0x8000b7ba (0x843f2523) mem 0x8000d000 0x00000001
core   0: 0x8000b7be (0x0000bfe5) c.j     pc - 8
core   0: 3 0x8000b7be (0xbfe5)
core   0: 0x8000b7b6 (0x00002f17) auipc   t5, 0x2
core   0: 3 0x8000b7b6 (0x00002f17) x30 0x8000d7b6
core   0: 0x8000b7ba (0x843f2523) sw      gp, -1974(t5)
core   0: 3 0x8000b7ba (0x843f2523) mem 0x8000d000 0x00000001
core   0: 0x8000b7be (0x0000bfe5) c.j     pc - 8
core   0: 3 0x8000b7be (0xbfe5)
core   0: 0x8000b7b6 (0x00002f17) auipc   t5, 0x2
core   0: 3 0x8000b7b6 (0x00002f17) x30 0x8000d7b6
core   0: 0x8000b7ba (0x843f2523) sw      gp, -1974(t5)
core   0: 3 0x8000b7ba (0x843f2523) mem 0x8000d000 0x00000001
core   0: 0x8000b7be (0x0000bfe5) c.j     pc - 8
core   0: 3 0x8000b7be (0xbfe5)
core   0: 0x8000b7b6 (0x00002f17) auipc   t5, 0x2
core   0: 3 0x8000b7b6 (0x00002f17) x30 0x8000d7b6
core   0: 0x8000b7ba (0x843f2523) sw      gp, -1974(t5)
core   0: 3 0x8000b7ba (0x843f2523) mem 0x8000d000 0x00000001
core   0: 0x8000b7be (0x0000bfe5) c.j     pc - 8
core   0: 3 0x8000b7be (0xbfe5)
core   0: 0x8000b7b6 (0x00002f17) auipc   t5, 0x2
core   0: 3 0x8000b7b6 (0x00002f17) x30 0x8000d7b6
core   0: 0x8000b7ba (0x843f2523) sw      gp, -1974(t5)
core   0: 3 0x8000b7ba (0x843f2523) mem 0x8000d000 0x00000001
core   0: 0x8000b7be (0x0000bfe5) c.j     pc - 8
core   0: 3 0x8000b7be (0xbfe5)
core   0: 0x8000b7b6 (0x00002f17) auipc   t5, 0x2
core   0: 3 0x8000b7b6 (0x00002f17) x30 0x8000d7b6
core   0: 0x8000b7ba (0x843f2523) sw      gp, -1974(t5)
core   0: 3 0x8000b7ba (0x843f2523) mem 0x8000d000 0x00000001
core   0: 0x8000b7be (0x0000bfe5) c.j     pc - 8
core   0: 3 0x8000b7be (0xbfe5)
core   0: 0x8000b7b6 (0x00002f17) auipc   t5, 0x2
core   0: 3 0x8000b7b6 (0x00002f17) x30 0x8000d7b6
core   0: 0x8000b7ba (0x843f2523) sw      gp, -1974(t5)
core   0: 3 0x8000b7ba (0x843f2523) mem 0x8000d000 0x00000001
core   0: 0x8000b7be (0x0000bfe5) c.j     pc - 8
core   0: 3 0x8000b7be (0xbfe5)
core   0: 0x8000b7b6 (0x00002f17) auipc   t5, 0x2
core   0: 3 0x8000b7b6 (0x00002f17) x30 0x8000d7b6
core   0: 0x8000b7ba (0x843f2523) sw      gp, -1974(t5)
core   0: 3 0x8000b7ba (0x843f2523) mem 0x8000d000 0x00000001
core   0: 0x8000b7be (0x0000bfe5) c.j     pc - 8
core   0: 3 0x8000b7be (0xbfe5)
core   0: 0x8000b7b6 (0x00002f17) auipc   t5, 0x2
core   0: 3 0x8000b7b6 (0x00002f17) x30 0x8000d7b6
core   0: 0x8000b7ba (0x843f2523) sw      gp, -1974(t5)
core   0: 3 0x8000b7ba (0x843f2523) mem 0x8000d000 0x00000001
core   0: 0x8000b7be (0x0000bfe5) c.j     pc - 8
core   0: 3 0x8000b7be (0xbfe5)
core   0: 0x8000b7b6 (0x00002f17) auipc   t5, 0x2
core   0: 3 0x8000b7b6 (0x00002f17) x30 0x8000d7b6
core   0: 0x8000b7ba (0x843f2523) sw      gp, -1974(t5)
core   0: 3 0x8000b7ba (0x843f2523) mem 0x8000d000 0x00000001
core   0: 0x8000b7be (0x0000bfe5) c.j     pc - 8
core   0: 3 0x8000b7be (0xbfe5)
core   0: 0x8000b7b6 (0x00002f17) auipc   t5, 0x2
core   0: 3 0x8000b7b6 (0x00002f17) x30 0x8000d7b6
core   0: 0x8000b7ba (0x843f2523) sw      gp, -1974(t5)
core   0: 3 0x8000b7ba (0x843f2523) mem 0x8000d000 0x00000001
core   0: 0x8000b7be (0x0000bfe5) c.j     pc - 8
core   0: 3 0x8000b7be (0xbfe5)
core   0: 0x8000b7b6 (0x00002f17) auipc   t5, 0x2
core   0: 3 0x8000b7b6 (0x00002f17) x30 0x8000d7b6
core   0: 0x8000b7ba (0x843f2523) sw      gp, -1974(t5)
core   0: 3 0x8000b7ba (0x843f2523) mem 0x8000d000 0x00000001
core   0: 0x8000b7be (0x0000bfe5) c.j     pc - 8
core   0: 3 0x8000b7be (0xbfe5)
core   0: 0x8000b7b6 (0x00002f17) auipc   t5, 0x2
core   0: 3 0x8000b7b6 (0x00002f17) x30 0x8000d7b6
core   0: 0x8000b7ba (0x843f2523) sw      gp, -1974(t5)
core   0: 3 0x8000b7ba (0x843f2523) mem 0x8000d000 0x00000001
core   0: 0x8000b7be (0x0000bfe5) c.j     pc - 8
core   0: 3 0x8000b7be (0xbfe5)
core   0: 0x8000b7b6 (0x00002f17) auipc   t5, 0x2
core   0: 3 0x8000b7b6 (0x00002f17) x30 0x8000d7b6
core   0: 0x8000b7ba (0x843f2523) sw      gp, -1974(t5)
core   0: 3 0x8000b7ba (0x843f2523) mem 0x8000d000 0x00000001
core   0: 0x8000b7be (0x0000bfe5) c.j     pc - 8
core   0: 3 0x8000b7be (0xbfe5)
core   0: 0x8000b7b6 (0x00002f17) auipc   t5, 0x2
core   0: 3 0x8000b7b6 (0x00002f17) x30 0x8000d7b6
core   0: 0x8000b7ba (0x843f2523) sw      gp, -1974(t5)
core   0: 3 0x8000b7ba (0x843f2523) mem 0x8000d000 0x00000001
core   0: 0x8000b7be (0x0000bfe5) c.j     pc - 8
core   0: 3 0x8000b7be (0xbfe5)
core   0: 0x8000b7b6 (0x00002f17) auipc   t5, 0x2
core   0: 3 0x8000b7b6 (0x00002f17) x30 0x8000d7b6
core   0: 0x8000b7ba (0x843f2523) sw      gp, -1974(t5)
core   0: 3 0x8000b7ba (0x843f2523) mem 0x8000d000 0x00000001
core   0: 0x8000b7be (0x0000bfe5) c.j     pc - 8
core   0: 3 0x8000b7be (0xbfe5)
core   0: 0x8000b7b6 (0x00002f17) auipc   t5, 0x2
core   0: 3 0x8000b7b6 (0x00002f17) x30 0x8000d7b6
core   0: 0x8000b7ba (0x843f2523) sw      gp, -1974(t5)
core   0: 3 0x8000b7ba (0x843f2523) mem 0x8000d000 0x00000001
core   0: 0x8000b7be (0x0000bfe5) c.j     pc - 8
core   0: 3 0x8000b7be (0xbfe5)
core   0: 0x8000b7b6 (0x00002f17) auipc   t5, 0x2
core   0: 3 0x8000b7b6 (0x00002f17) x30 0x8000d7b6
core   0: 0x8000b7ba (0x843f2523) sw      gp, -1974(t5)
core   0: 3 0x8000b7ba (0x843f2523) mem 0x8000d000 0x00000001
core   0: 0x8000b7be (0x0000bfe5) c.j     pc - 8
core   0: 3 0x8000b7be (0xbfe5)
core   0: 0x8000b7b6 (0x00002f17) auipc   t5, 0x2
core   0: 3 0x8000b7b6 (0x00002f17) x30 0x8000d7b6
core   0: 0x8000b7ba (0x843f2523) sw      gp, -1974(t5)
core   0: 3 0x8000b7ba (0x843f2523) mem 0x8000d000 0x00000001
core   0: 0x8000b7be (0x0000bfe5) c.j     pc - 8
core   0: 3 0x8000b7be (0xbfe5)
core   0: 0x8000b7b6 (0x00002f17) auipc   t5, 0x2
core   0: 3 0x8000b7b6 (0x00002f17) x30 0x8000d7b6
core   0: 0x8000b7ba (0x843f2523) sw      gp, -1974(t5)
core   0: 3 0x8000b7ba (0x843f2523) mem 0x8000d000 0x00000001
core   0: 0x8000b7be (0x0000bfe5) c.j     pc - 8
core   0: 3 0x8000b7be (0xbfe5)
core   0: 0x8000b7b6 (0x00002f17) auipc   t5, 0x2
core   0: 3 0x8000b7b6 (0x00002f17) x30 0x8000d7b6
core   0: 0x8000b7ba (0x843f2523) sw      gp, -1974(t5)
core   0: 3 0x8000b7ba (0x843f2523) mem 0x8000d000 0x00000001
core   0: 0x8000b7be (0x0000bfe5) c.j     pc - 8
core   0: 3 0x8000b7be (0xbfe5)
core   0: 0x8000b7b6 (0x00002f17) auipc   t5, 0x2
core   0: 3 0x8000b7b6 (0x00002f17) x30 0x8000d7b6
core   0: 0x8000b7ba (0x843f2523) sw      gp, -1974(t5)
core   0: 3 0x8000b7ba (0x843f2523) mem 0x8000d000 0x00000001
core   0: 0x8000b7be (0x0000bfe5) c.j     pc - 8
core   0: 3 0x8000b7be (0xbfe5)
core   0: 0x8000b7b6 (0x00002f17) auipc   t5, 0x2
core   0: 3 0x8000b7b6 (0x00002f17) x30 0x8000d7b6
core   0: 0x8000b7ba (0x843f2523) sw      gp, -1974(t5)
core   0: 3 0x8000b7ba (0x843f2523) mem 0x8000d000 0x00000001
core   0: 0x8000b7be (0x0000bfe5) c.j     pc - 8
core   0: 3 0x8000b7be (0xbfe5)
core   0: 0x8000b7b6 (0x00002f17) auipc   t5, 0x2
core   0: 3 0x8000b7b6 (0x00002f17) x30 0x8000d7b6
core   0: 0x8000b7ba (0x843f2523) sw      gp, -1974(t5)
core   0: 3 0x8000b7ba (0x843f2523) mem 0x8000d000 0x00000001
core   0: 0x8000b7be (0x0000bfe5) c.j     pc - 8
core   0: 3 0x8000b7be (0xbfe5)
core   0: 0x8000b7b6 (0x00002f17) auipc   t5, 0x2
core   0: 3 0x8000b7b6 (0x00002f17) x30 0x8000d7b6
core   0: 0x8000b7ba (0x843f2523) sw      gp, -1974(t5)
core   0: 3 0x8000b7ba (0x843f2523) mem 0x8000d000 0x00000001
core   0: 0x8000b7be (0x0000bfe5) c.j     pc - 8
core   0: 3 0x8000b7be (0xbfe5)
core   0: 0x8000b7b6 (0x00002f17) auipc   t5, 0x2
core   0: 3 0x8000b7b6 (0x00002f17) x30 0x8000d7b6
core   0: 0x8000b7ba (0x843f2523) sw      gp, -1974(t5)
core   0: 3 0x8000b7ba (0x843f2523) mem 0x8000d000 0x00000001
core   0: 0x8000b7be (0x0000bfe5) c.j     pc - 8
core   0: 3 0x8000b7be (0xbfe5)
core   0: 0x8000b7b6 (0x00002f17) auipc   t5, 0x2
core   0: 3 0x8000b7b6 (0x00002f17) x30 0x8000d7b6
core   0: 0x8000b7ba (0x843f2523) sw      gp, -1974(t5)
core   0: 3 0x8000b7ba (0x843f2523) mem 0x8000d000 0x00000001
core   0: 0x8000b7be (0x0000bfe5) c.j     pc - 8
core   0: 3 0x8000b7be (0xbfe5)
core   0: 0x8000b7b6 (0x00002f17) auipc   t5, 0x2
core   0: 3 0x8000b7b6 (0x00002f17) x30 0x8000d7b6
core   0: 0x8000b7ba (0x843f2523) sw      gp, -1974(t5)
core   0: 3 0x8000b7ba (0x843f2523) mem 0x8000d000 0x00000001
core   0: 0x8000b7be (0x0000bfe5) c.j     pc - 8
core   0: 3 0x8000b7be (0xbfe5)
core   0: 0x8000b7b6 (0x00002f17) auipc   t5, 0x2
core   0: 3 0x8000b7b6 (0x00002f17) x30 0x8000d7b6
core   0: 0x8000b7ba (0x843f2523) sw      gp, -1974(t5)
core   0: 3 0x8000b7ba (0x843f2523) mem 0x8000d000 0x00000001
core   0: 0x8000b7be (0x0000bfe5) c.j     pc - 8
core   0: 3 0x8000b7be (0xbfe5)
core   0: 0x8000b7b6 (0x00002f17) auipc   t5, 0x2
core   0: 3 0x8000b7b6 (0x00002f17) x30 0x8000d7b6
core   0: 0x8000b7ba (0x843f2523) sw      gp, -1974(t5)
core   0: 3 0x8000b7ba (0x843f2523) mem 0x8000d000 0x00000001
core   0: 0x8000b7be (0x0000bfe5) c.j     pc - 8
core   0: 3 0x8000b7be (0xbfe5)
core   0: 0x8000b7b6 (0x00002f17) auipc   t5, 0x2
core   0: 3 0x8000b7b6 (0x00002f17) x30 0x8000d7b6
core   0: 0x8000b7ba (0x843f2523) sw      gp, -1974(t5)
core   0: 3 0x8000b7ba (0x843f2523) mem 0x8000d000 0x00000001
core   0: 0x8000b7be (0x0000bfe5) c.j     pc - 8
core   0: 3 0x8000b7be (0xbfe5)
core   0: 0x8000b7b6 (0x00002f17) auipc   t5, 0x2
core   0: 3 0x8000b7b6 (0x00002f17) x30 0x8000d7b6
core   0: 0x8000b7ba (0x843f2523) sw      gp, -1974(t5)
core   0: 3 0x8000b7ba (0x843f2523) mem 0x8000d000 0x00000001
core   0: 0x8000b7be (0x0000bfe5) c.j     pc - 8
core   0: 3 0x8000b7be (0xbfe5)
core   0: 0x8000b7b6 (0x00002f17) auipc   t5, 0x2
core   0: 3 0x8000b7b6 (0x00002f17) x30 0x8000d7b6
core   0: 0x8000b7ba (0x843f2523) sw      gp, -1974(t5)
core   0: 3 0x8000b7ba (0x843f2523) mem 0x8000d000 0x00000001
core   0: 0x8000b7be (0x0000bfe5) c.j     pc - 8
core   0: 3 0x8000b7be (0xbfe5)
core   0: 0x8000b7b6 (0x00002f17) auipc   t5, 0x2
core   0: 3 0x8000b7b6 (0x00002f17) x30 0x8000d7b6
core   0: 0x8000b7ba (0x843f2523) sw      gp, -1974(t5)
core   0: 3 0x8000b7ba (0x843f2523) mem 0x8000d000 0x00000001
core   0: 0x8000b7be (0x0000bfe5) c.j     pc - 8
core   0: 3 0x8000b7be (0xbfe5)
core   0: 0x8000b7b6 (0x00002f17) auipc   t5, 0x2
core   0: 3 0x8000b7b6 (0x00002f17) x30 0x8000d7b6
core   0: 0x8000b7ba (0x843f2523) sw      gp, -1974(t5)
core   0: 3 0x8000b7ba (0x843f2523) mem 0x8000d000 0x00000001
core   0: 0x8000b7be (0x0000bfe5) c.j     pc - 8
core   0: 3 0x8000b7be (0xbfe5)
core   0: 0x8000b7b6 (0x00002f17) auipc   t5, 0x2
core   0: 3 0x8000b7b6 (0x00002f17) x30 0x8000d7b6
core   0: 0x8000b7ba (0x843f2523) sw      gp, -1974(t5)
core   0: 3 0x8000b7ba (0x843f2523) mem 0x8000d000 0x00000001
core   0: 0x8000b7be (0x0000bfe5) c.j     pc - 8
core   0: 3 0x8000b7be (0xbfe5)
core   0: 0x8000b7b6 (0x00002f17) auipc   t5, 0x2
core   0: 3 0x8000b7b6 (0x00002f17) x30 0x8000d7b6
core   0: 0x8000b7ba (0x843f2523) sw      gp, -1974(t5)
core   0: 3 0x8000b7ba (0x843f2523) mem 0x8000d000 0x00000001
core   0: 0x8000b7be (0x0000bfe5) c.j     pc - 8
core   0: 3 0x8000b7be (0xbfe5)
core   0: 0x8000b7b6 (0x00002f17) auipc   t5, 0x2
core   0: 3 0x8000b7b6 (0x00002f17) x30 0x8000d7b6
core   0: 0x8000b7ba (0x843f2523) sw      gp, -1974(t5)
core   0: 3 0x8000b7ba (0x843f2523) mem 0x8000d000 0x00000001
core   0: 0x8000b7be (0x0000bfe5) c.j     pc - 8
core   0: 3 0x8000b7be (0xbfe5)
core   0: 0x8000b7b6 (0x00002f17) auipc   t5, 0x2
core   0: 3 0x8000b7b6 (0x00002f17) x30 0x8000d7b6
core   0: 0x8000b7ba (0x843f2523) sw      gp, -1974(t5)
core   0: 3 0x8000b7ba (0x843f2523) mem 0x8000d000 0x00000001
core   0: 0x8000b7be (0x0000bfe5) c.j     pc - 8
core   0: 3 0x8000b7be (0xbfe5)
core   0: 0x8000b7b6 (0x00002f17) auipc   t5, 0x2
core   0: 3 0x8000b7b6 (0x00002f17) x30 0x8000d7b6
core   0: 0x8000b7ba (0x843f2523) sw      gp, -1974(t5)
core   0: 3 0x8000b7ba (0x843f2523) mem 0x8000d000 0x00000001
core   0: 0x8000b7be (0x0000bfe5) c.j     pc - 8
core   0: 3 0x8000b7be (0xbfe5)
core   0: 0x8000b7b6 (0x00002f17) auipc   t5, 0x2
core   0: 3 0x8000b7b6 (0x00002f17) x30 0x8000d7b6
core   0: 0x8000b7ba (0x843f2523) sw      gp, -1974(t5)
core   0: 3 0x8000b7ba (0x843f2523) mem 0x8000d000 0x00000001
core   0: 0x8000b7be (0x0000bfe5) c.j     pc - 8
core   0: 3 0x8000b7be (0xbfe5)
core   0: 0x8000b7b6 (0x00002f17) auipc   t5, 0x2
core   0: 3 0x8000b7b6 (0x00002f17) x30 0x8000d7b6
core   0: 0x8000b7ba (0x843f2523) sw      gp, -1974(t5)
core   0: 3 0x8000b7ba (0x843f2523) mem 0x8000d000 0x00000001
core   0: 0x8000b7be (0x0000bfe5) c.j     pc - 8
core   0: 3 0x8000b7be (0xbfe5)
core   0: 0x8000b7b6 (0x00002f17) auipc   t5, 0x2
core   0: 3 0x8000b7b6 (0x00002f17) x30 0x8000d7b6
core   0: 0x8000b7ba (0x843f2523) sw      gp, -1974(t5)
core   0: 3 0x8000b7ba (0x843f2523) mem 0x8000d000 0x00000001
core   0: 0x8000b7be (0x0000bfe5) c.j     pc - 8
core   0: 3 0x8000b7be (0xbfe5)
core   0: 0x8000b7b6 (0x00002f17) auipc   t5, 0x2
core   0: 3 0x8000b7b6 (0x00002f17) x30 0x8000d7b6
core   0: 0x8000b7ba (0x843f2523) sw      gp, -1974(t5)
core   0: 3 0x8000b7ba (0x843f2523) mem 0x8000d000 0x00000001
core   0: 0x8000b7be (0x0000bfe5) c.j     pc - 8
core   0: 3 0x8000b7be (0xbfe5)
core   0: 0x8000b7b6 (0x00002f17) auipc   t5, 0x2
core   0: 3 0x8000b7b6 (0x00002f17) x30 0x8000d7b6
core   0: 0x8000b7ba (0x843f2523) sw      gp, -1974(t5)
core   0: 3 0x8000b7ba (0x843f2523) mem 0x8000d000 0x00000001
core   0: 0x8000b7be (0x0000bfe5) c.j     pc - 8
core   0: 3 0x8000b7be (0xbfe5)
core   0: 0x8000b7b6 (0x00002f17) auipc   t5, 0x2
core   0: 3 0x8000b7b6 (0x00002f17) x30 0x8000d7b6
core   0: 0x8000b7ba (0x843f2523) sw      gp, -1974(t5)
core   0: 3 0x8000b7ba (0x843f2523) mem 0x8000d000 0x00000001
core   0: 0x8000b7be (0x0000bfe5) c.j     pc - 8
core   0: 3 0x8000b7be (0xbfe5)
core   0: 0x8000b7b6 (0x00002f17) auipc   t5, 0x2
core   0: 3 0x8000b7b6 (0x00002f17) x30 0x8000d7b6
core   0: 0x8000b7ba (0x843f2523) sw      gp, -1974(t5)
core   0: 3 0x8000b7ba (0x843f2523) mem 0x8000d000 0x00000001
core   0: 0x8000b7be (0x0000bfe5) c.j     pc - 8
core   0: 3 0x8000b7be (0xbfe5)
core   0: 0x8000b7b6 (0x00002f17) auipc   t5, 0x2
core   0: 3 0x8000b7b6 (0x00002f17) x30 0x8000d7b6
core   0: 0x8000b7ba (0x843f2523) sw      gp, -1974(t5)
core   0: 3 0x8000b7ba (0x843f2523) mem 0x8000d000 0x00000001
core   0: 0x8000b7be (0x0000bfe5) c.j     pc - 8
core   0: 3 0x8000b7be (0xbfe5)
core   0: 0x8000b7b6 (0x00002f17) auipc   t5, 0x2
core   0: 3 0x8000b7b6 (0x00002f17) x30 0x8000d7b6
core   0: 0x8000b7ba (0x843f2523) sw      gp, -1974(t5)
core   0: 3 0x8000b7ba (0x843f2523) mem 0x8000d000 0x00000001
core   0: 0x8000b7be (0x0000bfe5) c.j     pc - 8
core   0: 3 0x8000b7be (0xbfe5)
core   0: 0x8000b7b6 (0x00002f17) auipc   t5, 0x2
core   0: 3 0x8000b7b6 (0x00002f17) x30 0x8000d7b6
core   0: 0x8000b7ba (0x843f2523) sw      gp, -1974(t5)
core   0: 3 0x8000b7ba (0x843f2523) mem 0x8000d000 0x00000001
core   0: 0x8000b7be (0x0000bfe5) c.j     pc - 8
core   0: 3 0x8000b7be (0xbfe5)
core   0: 0x8000b7b6 (0x00002f17) auipc   t5, 0x2
core   0: 3 0x8000b7b6 (0x00002f17) x30 0x8000d7b6
core   0: 0x8000b7ba (0x843f2523) sw      gp, -1974(t5)
core   0: 3 0x8000b7ba (0x843f2523) mem 0x8000d000 0x00000001
core   0: 0x8000b7be (0x0000bfe5) c.j     pc - 8
core   0: 3 0x8000b7be (0xbfe5)
core   0: 0x8000b7b6 (0x00002f17) auipc   t5, 0x2
core   0: 3 0x8000b7b6 (0x00002f17) x30 0x8000d7b6
core   0: 0x8000b7ba (0x843f2523) sw      gp, -1974(t5)
core   0: 3 0x8000b7ba (0x843f2523) mem 0x8000d000 0x00000001
core   0: 0x8000b7be (0x0000bfe5) c.j     pc - 8
core   0: 3 0x8000b7be (0xbfe5)
core   0: 0x8000b7b6 (0x00002f17) auipc   t5, 0x2
core   0: 3 0x8000b7b6 (0x00002f17) x30 0x8000d7b6
core   0: 0x8000b7ba (0x843f2523) sw      gp, -1974(t5)
core   0: 3 0x8000b7ba (0x843f2523) mem 0x8000d000 0x00000001
core   0: 0x8000b7be (0x0000bfe5) c.j     pc - 8
core   0: 3 0x8000b7be (0xbfe5)
core   0: 0x8000b7b6 (0x00002f17) auipc   t5, 0x2
core   0: 3 0x8000b7b6 (0x00002f17) x30 0x8000d7b6
core   0: 0x8000b7ba (0x843f2523) sw      gp, -1974(t5)
core   0: 3 0x8000b7ba (0x843f2523) mem 0x8000d000 0x00000001
core   0: 0x8000b7be (0x0000bfe5) c.j     pc - 8
core   0: 3 0x8000b7be (0xbfe5)
core   0: 0x8000b7b6 (0x00002f17) auipc   t5, 0x2
core   0: 3 0x8000b7b6 (0x00002f17) x30 0x8000d7b6
core   0: 0x8000b7ba (0x843f2523) sw      gp, -1974(t5)
core   0: 3 0x8000b7ba (0x843f2523) mem 0x8000d000 0x00000001
core   0: 0x8000b7be (0x0000bfe5) c.j     pc - 8
core   0: 3 0x8000b7be (0xbfe5)
core   0: 0x8000b7b6 (0x00002f17) auipc   t5, 0x2
core   0: 3 0x8000b7b6 (0x00002f17) x30 0x8000d7b6
core   0: 0x8000b7ba (0x843f2523) sw      gp, -1974(t5)
core   0: 3 0x8000b7ba (0x843f2523) mem 0x8000d000 0x00000001
core   0: 0x8000b7be (0x0000bfe5) c.j     pc - 8
core   0: 3 0x8000b7be (0xbfe5)
core   0: 0x8000b7b6 (0x00002f17) auipc   t5, 0x2
core   0: 3 0x8000b7b6 (0x00002f17) x30 0x8000d7b6
core   0: 0x8000b7ba (0x843f2523) sw      gp, -1974(t5)
core   0: 3 0x8000b7ba (0x843f2523) mem 0x8000d000 0x00000001
core   0: 0x8000b7be (0x0000bfe5) c.j     pc - 8
core   0: 3 0x8000b7be (0xbfe5)
core   0: 0x8000b7b6 (0x00002f17) auipc   t5, 0x2
core   0: 3 0x8000b7b6 (0x00002f17) x30 0x8000d7b6
core   0: 0x8000b7ba (0x843f2523) sw      gp, -1974(t5)
core   0: 3 0x8000b7ba (0x843f2523) mem 0x8000d000 0x00000001
core   0: 0x8000b7be (0x0000bfe5) c.j     pc - 8
core   0: 3 0x8000b7be (0xbfe5)
core   0: 0x8000b7b6 (0x00002f17) auipc   t5, 0x2
core   0: 3 0x8000b7b6 (0x00002f17) x30 0x8000d7b6
core   0: 0x8000b7ba (0x843f2523) sw      gp, -1974(t5)
core   0: 3 0x8000b7ba (0x843f2523) mem 0x8000d000 0x00000001
core   0: 0x8000b7be (0x0000bfe5) c.j     pc - 8
core   0: 3 0x8000b7be (0xbfe5)
core   0: 0x8000b7b6 (0x00002f17) auipc   t5, 0x2
core   0: 3 0x8000b7b6 (0x00002f17) x30 0x8000d7b6
core   0: 0x8000b7ba (0x843f2523) sw      gp, -1974(t5)
core   0: 3 0x8000b7ba (0x843f2523) mem 0x8000d000 0x00000001
core   0: 0x8000b7be (0x0000bfe5) c.j     pc - 8
core   0: 3 0x8000b7be (0xbfe5)
core   0: 0x8000b7b6 (0x00002f17) auipc   t5, 0x2
core   0: 3 0x8000b7b6 (0x00002f17) x30 0x8000d7b6
core   0: 0x8000b7ba (0x843f2523) sw      gp, -1974(t5)
core   0: 3 0x8000b7ba (0x843f2523) mem 0x8000d000 0x00000001
core   0: 0x8000b7be (0x0000bfe5) c.j     pc - 8
core   0: 3 0x8000b7be (0xbfe5)
core   0: 0x8000b7b6 (0x00002f17) auipc   t5, 0x2
core   0: 3 0x8000b7b6 (0x00002f17) x30 0x8000d7b6
core   0: 0x8000b7ba (0x843f2523) sw      gp, -1974(t5)
core   0: 3 0x8000b7ba (0x843f2523) mem 0x8000d000 0x00000001
core   0: 0x8000b7be (0x0000bfe5) c.j     pc - 8
core   0: 3 0x8000b7be (0xbfe5)
core   0: 0x8000b7b6 (0x00002f17) auipc   t5, 0x2
core   0: 3 0x8000b7b6 (0x00002f17) x30 0x8000d7b6
core   0: 0x8000b7ba (0x843f2523) sw      gp, -1974(t5)
core   0: 3 0x8000b7ba (0x843f2523) mem 0x8000d000 0x00000001
core   0: 0x8000b7be (0x0000bfe5) c.j     pc - 8
core   0: 3 0x8000b7be (0xbfe5)
core   0: 0x8000b7b6 (0x00002f17) auipc   t5, 0x2
core   0: 3 0x8000b7b6 (0x00002f17) x30 0x8000d7b6
core   0: 0x8000b7ba (0x843f2523) sw      gp, -1974(t5)
core   0: 3 0x8000b7ba (0x843f2523) mem 0x8000d000 0x00000001
core   0: 0x8000b7be (0x0000bfe5) c.j     pc - 8
core   0: 3 0x8000b7be (0xbfe5)
core   0: 0x8000b7b6 (0x00002f17) auipc   t5, 0x2
core   0: 3 0x8000b7b6 (0x00002f17) x30 0x8000d7b6
core   0: 0x8000b7ba (0x843f2523) sw      gp, -1974(t5)
core   0: 3 0x8000b7ba (0x843f2523) mem 0x8000d000 0x00000001
core   0: 0x8000b7be (0x0000bfe5) c.j     pc - 8
core   0: 3 0x8000b7be (0xbfe5)
core   0: 0x8000b7b6 (0x00002f17) auipc   t5, 0x2
core   0: 3 0x8000b7b6 (0x00002f17) x30 0x8000d7b6
core   0: 0x8000b7ba (0x843f2523) sw      gp, -1974(t5)
core   0: 3 0x8000b7ba (0x843f2523) mem 0x8000d000 0x00000001
core   0: 0x8000b7be (0x0000bfe5) c.j     pc - 8
core   0: 3 0x8000b7be (0xbfe5)
core   0: 0x8000b7b6 (0x00002f17) auipc   t5, 0x2
core   0: 3 0x8000b7b6 (0x00002f17) x30 0x8000d7b6
core   0: 0x8000b7ba (0x843f2523) sw      gp, -1974(t5)
core   0: 3 0x8000b7ba (0x843f2523) mem 0x8000d000 0x00000001
core   0: 0x8000b7be (0x0000bfe5) c.j     pc - 8
core   0: 3 0x8000b7be (0xbfe5)
core   0: 0x8000b7b6 (0x00002f17) auipc   t5, 0x2
core   0: 3 0x8000b7b6 (0x00002f17) x30 0x8000d7b6
core   0: 0x8000b7ba (0x843f2523) sw      gp, -1974(t5)
core   0: 3 0x8000b7ba (0x843f2523) mem 0x8000d000 0x00000001
core   0: 0x8000b7be (0x0000bfe5) c.j     pc - 8
core   0: 3 0x8000b7be (0xbfe5)
core   0: 0x8000b7b6 (0x00002f17) auipc   t5, 0x2
core   0: 3 0x8000b7b6 (0x00002f17) x30 0x8000d7b6
core   0: 0x8000b7ba (0x843f2523) sw      gp, -1974(t5)
core   0: 3 0x8000b7ba (0x843f2523) mem 0x8000d000 0x00000001
core   0: 0x8000b7be (0x0000bfe5) c.j     pc - 8
core   0: 3 0x8000b7be (0xbfe5)
core   0: 0x8000b7b6 (0x00002f17) auipc   t5, 0x2
core   0: 3 0x8000b7b6 (0x00002f17) x30 0x8000d7b6
core   0: 0x8000b7ba (0x843f2523) sw      gp, -1974(t5)
core   0: 3 0x8000b7ba (0x843f2523) mem 0x8000d000 0x00000001
core   0: 0x8000b7be (0x0000bfe5) c.j     pc - 8
core   0: 3 0x8000b7be (0xbfe5)
core   0: 0x8000b7b6 (0x00002f17) auipc   t5, 0x2
core   0: 3 0x8000b7b6 (0x00002f17) x30 0x8000d7b6
core   0: 0x8000b7ba (0x843f2523) sw      gp, -1974(t5)
core   0: 3 0x8000b7ba (0x843f2523) mem 0x8000d000 0x00000001
core   0: 0x8000b7be (0x0000bfe5) c.j     pc - 8
core   0: 3 0x8000b7be (0xbfe5)
core   0: 0x8000b7b6 (0x00002f17) auipc   t5, 0x2
core   0: 3 0x8000b7b6 (0x00002f17) x30 0x8000d7b6
core   0: 0x8000b7ba (0x843f2523) sw      gp, -1974(t5)
core   0: 3 0x8000b7ba (0x843f2523) mem 0x8000d000 0x00000001
core   0: 0x8000b7be (0x0000bfe5) c.j     pc - 8
core   0: 3 0x8000b7be (0xbfe5)
core   0: 0x8000b7b6 (0x00002f17) auipc   t5, 0x2
core   0: 3 0x8000b7b6 (0x00002f17) x30 0x8000d7b6
core   0: 0x8000b7ba (0x843f2523) sw      gp, -1974(t5)
core   0: 3 0x8000b7ba (0x843f2523) mem 0x8000d000 0x00000001
core   0: 0x8000b7be (0x0000bfe5) c.j     pc - 8
core   0: 3 0x8000b7be (0xbfe5)
core   0: 0x8000b7b6 (0x00002f17) auipc   t5, 0x2
core   0: 3 0x8000b7b6 (0x00002f17) x30 0x8000d7b6
core   0: 0x8000b7ba (0x843f2523) sw      gp, -1974(t5)
core   0: 3 0x8000b7ba (0x843f2523) mem 0x8000d000 0x00000001
core   0: 0x8000b7be (0x0000bfe5) c.j     pc - 8
core   0: 3 0x8000b7be (0xbfe5)
core   0: 0x8000b7b6 (0x00002f17) auipc   t5, 0x2
core   0: 3 0x8000b7b6 (0x00002f17) x30 0x8000d7b6
core   0: 0x8000b7ba (0x843f2523) sw      gp, -1974(t5)
core   0: 3 0x8000b7ba (0x843f2523) mem 0x8000d000 0x00000001
core   0: 0x8000b7be (0x0000bfe5) c.j     pc - 8
core   0: 3 0x8000b7be (0xbfe5)
core   0: 0x8000b7b6 (0x00002f17) auipc   t5, 0x2
core   0: 3 0x8000b7b6 (0x00002f17) x30 0x8000d7b6
core   0: 0x8000b7ba (0x843f2523) sw      gp, -1974(t5)
core   0: 3 0x8000b7ba (0x843f2523) mem 0x8000d000 0x00000001
core   0: 0x8000b7be (0x0000bfe5) c.j     pc - 8
core   0: 3 0x8000b7be (0xbfe5)
core   0: 0x8000b7b6 (0x00002f17) auipc   t5, 0x2
core   0: 3 0x8000b7b6 (0x00002f17) x30 0x8000d7b6
core   0: 0x8000b7ba (0x843f2523) sw      gp, -1974(t5)
core   0: 3 0x8000b7ba (0x843f2523) mem 0x8000d000 0x00000001
core   0: 0x8000b7be (0x0000bfe5) c.j     pc - 8
core   0: 3 0x8000b7be (0xbfe5)
core   0: 0x8000b7b6 (0x00002f17) auipc   t5, 0x2
core   0: 3 0x8000b7b6 (0x00002f17) x30 0x8000d7b6
core   0: 0x8000b7ba (0x843f2523) sw      gp, -1974(t5)
core   0: 3 0x8000b7ba (0x843f2523) mem 0x8000d000 0x00000001
core   0: 0x8000b7be (0x0000bfe5) c.j     pc - 8
core   0: 3 0x8000b7be (0xbfe5)
core   0: 0x8000b7b6 (0x00002f17) auipc   t5, 0x2
core   0: 3 0x8000b7b6 (0x00002f17) x30 0x8000d7b6
core   0: 0x8000b7ba (0x843f2523) sw      gp, -1974(t5)
core   0: 3 0x8000b7ba (0x843f2523) mem 0x8000d000 0x00000001
core   0: 0x8000b7be (0x0000bfe5) c.j     pc - 8
core   0: 3 0x8000b7be (0xbfe5)
core   0: 0x8000b7b6 (0x00002f17) auipc   t5, 0x2
core   0: 3 0x8000b7b6 (0x00002f17) x30 0x8000d7b6
core   0: 0x8000b7ba (0x843f2523) sw      gp, -1974(t5)
core   0: 3 0x8000b7ba (0x843f2523) mem 0x8000d000 0x00000001
core   0: 0x8000b7be (0x0000bfe5) c.j     pc - 8
core   0: 3 0x8000b7be (0xbfe5)
core   0: 0x8000b7b6 (0x00002f17) auipc   t5, 0x2
core   0: 3 0x8000b7b6 (0x00002f17) x30 0x8000d7b6
core   0: 0x8000b7ba (0x843f2523) sw      gp, -1974(t5)
core   0: 3 0x8000b7ba (0x843f2523) mem 0x8000d000 0x00000001
core   0: 0x8000b7be (0x0000bfe5) c.j     pc - 8
core   0: 3 0x8000b7be (0xbfe5)
core   0: 0x8000b7b6 (0x00002f17) auipc   t5, 0x2
core   0: 3 0x8000b7b6 (0x00002f17) x30 0x8000d7b6
core   0: 0x8000b7ba (0x843f2523) sw      gp, -1974(t5)
core   0: 3 0x8000b7ba (0x843f2523) mem 0x8000d000 0x00000001
core   0: 0x8000b7be (0x0000bfe5) c.j     pc - 8
core   0: 3 0x8000b7be (0xbfe5)
core   0: 0x8000b7b6 (0x00002f17) auipc   t5, 0x2
core   0: 3 0x8000b7b6 (0x00002f17) x30 0x8000d7b6
core   0: 0x8000b7ba (0x843f2523) sw      gp, -1974(t5)
core   0: 3 0x8000b7ba (0x843f2523) mem 0x8000d000 0x00000001
core   0: 0x8000b7be (0x0000bfe5) c.j     pc - 8
core   0: 3 0x8000b7be (0xbfe5)
core   0: 0x8000b7b6 (0x00002f17) auipc   t5, 0x2
core   0: 3 0x8000b7b6 (0x00002f17) x30 0x8000d7b6
core   0: 0x8000b7ba (0x843f2523) sw      gp, -1974(t5)
core   0: 3 0x8000b7ba (0x843f2523) mem 0x8000d000 0x00000001
core   0: 0x8000b7be (0x0000bfe5) c.j     pc - 8
core   0: 3 0x8000b7be (0xbfe5)
core   0: 0x8000b7b6 (0x00002f17) auipc   t5, 0x2
core   0: 3 0x8000b7b6 (0x00002f17) x30 0x8000d7b6
core   0: 0x8000b7ba (0x843f2523) sw      gp, -1974(t5)
core   0: 3 0x8000b7ba (0x843f2523) mem 0x8000d000 0x00000001
core   0: 0x8000b7be (0x0000bfe5) c.j     pc - 8
core   0: 3 0x8000b7be (0xbfe5)
core   0: 0x8000b7b6 (0x00002f17) auipc   t5, 0x2
core   0: 3 0x8000b7b6 (0x00002f17) x30 0x8000d7b6
core   0: 0x8000b7ba (0x843f2523) sw      gp, -1974(t5)
core   0: 3 0x8000b7ba (0x843f2523) mem 0x8000d000 0x00000001
core   0: 0x8000b7be (0x0000bfe5) c.j     pc - 8
core   0: 3 0x8000b7be (0xbfe5)
core   0: 0x8000b7b6 (0x00002f17) auipc   t5, 0x2
core   0: 3 0x8000b7b6 (0x00002f17) x30 0x8000d7b6
core   0: 0x8000b7ba (0x843f2523) sw      gp, -1974(t5)
core   0: 3 0x8000b7ba (0x843f2523) mem 0x8000d000 0x00000001
core   0: 0x8000b7be (0x0000bfe5) c.j     pc - 8
core   0: 3 0x8000b7be (0xbfe5)
core   0: 0x8000b7b6 (0x00002f17) auipc   t5, 0x2
core   0: 3 0x8000b7b6 (0x00002f17) x30 0x8000d7b6
core   0: 0x8000b7ba (0x843f2523) sw      gp, -1974(t5)
core   0: 3 0x8000b7ba (0x843f2523) mem 0x8000d000 0x00000001
core   0: 0x8000b7be (0x0000bfe5) c.j     pc - 8
core   0: 3 0x8000b7be (0xbfe5)
core   0: 0x8000b7b6 (0x00002f17) auipc   t5, 0x2
core   0: 3 0x8000b7b6 (0x00002f17) x30 0x8000d7b6
core   0: 0x8000b7ba (0x843f2523) sw      gp, -1974(t5)
core   0: 3 0x8000b7ba (0x843f2523) mem 0x8000d000 0x00000001
core   0: 0x8000b7be (0x0000bfe5) c.j     pc - 8
core   0: 3 0x8000b7be (0xbfe5)
core   0: 0x8000b7b6 (0x00002f17) auipc   t5, 0x2
core   0: 3 0x8000b7b6 (0x00002f17) x30 0x8000d7b6
core   0: 0x8000b7ba (0x843f2523) sw      gp, -1974(t5)
core   0: 3 0x8000b7ba (0x843f2523) mem 0x8000d000 0x00000001
core   0: 0x8000b7be (0x0000bfe5) c.j     pc - 8
core   0: 3 0x8000b7be (0xbfe5)
core   0: 0x8000b7b6 (0x00002f17) auipc   t5, 0x2
core   0: 3 0x8000b7b6 (0x00002f17) x30 0x8000d7b6
core   0: 0x8000b7ba (0x843f2523) sw      gp, -1974(t5)
core   0: 3 0x8000b7ba (0x843f2523) mem 0x8000d000 0x00000001
core   0: 0x8000b7be (0x0000bfe5) c.j     pc - 8
core   0: 3 0x8000b7be (0xbfe5)
core   0: 0x8000b7b6 (0x00002f17) auipc   t5, 0x2
core   0: 3 0x8000b7b6 (0x00002f17) x30 0x8000d7b6
core   0: 0x8000b7ba (0x843f2523) sw      gp, -1974(t5)
core   0: 3 0x8000b7ba (0x843f2523) mem 0x8000d000 0x00000001
core   0: 0x8000b7be (0x0000bfe5) c.j     pc - 8
core   0: 3 0x8000b7be (0xbfe5)
core   0: 0x8000b7b6 (0x00002f17) auipc   t5, 0x2
core   0: 3 0x8000b7b6 (0x00002f17) x30 0x8000d7b6
core   0: 0x8000b7ba (0x843f2523) sw      gp, -1974(t5)
core   0: 3 0x8000b7ba (0x843f2523) mem 0x8000d000 0x00000001
core   0: 0x8000b7be (0x0000bfe5) c.j     pc - 8
core   0: 3 0x8000b7be (0xbfe5)
core   0: 0x8000b7b6 (0x00002f17) auipc   t5, 0x2
core   0: 3 0x8000b7b6 (0x00002f17) x30 0x8000d7b6
core   0: 0x8000b7ba (0x843f2523) sw      gp, -1974(t5)
core   0: 3 0x8000b7ba (0x843f2523) mem 0x8000d000 0x00000001
core   0: 0x8000b7be (0x0000bfe5) c.j     pc - 8
core   0: 3 0x8000b7be (0xbfe5)
core   0: 0x8000b7b6 (0x00002f17) auipc   t5, 0x2
core   0: 3 0x8000b7b6 (0x00002f17) x30 0x8000d7b6
core   0: 0x8000b7ba (0x843f2523) sw      gp, -1974(t5)
core   0: 3 0x8000b7ba (0x843f2523) mem 0x8000d000 0x00000001
core   0: 0x8000b7be (0x0000bfe5) c.j     pc - 8
core   0: 3 0x8000b7be (0xbfe5)
core   0: 0x8000b7b6 (0x00002f17) auipc   t5, 0x2
core   0: 3 0x8000b7b6 (0x00002f17) x30 0x8000d7b6
core   0: 0x8000b7ba (0x843f2523) sw      gp, -1974(t5)
core   0: 3 0x8000b7ba (0x843f2523) mem 0x8000d000 0x00000001
core   0: 0x8000b7be (0x0000bfe5) c.j     pc - 8
core   0: 3 0x8000b7be (0xbfe5)
core   0: 0x8000b7b6 (0x00002f17) auipc   t5, 0x2
core   0: 3 0x8000b7b6 (0x00002f17) x30 0x8000d7b6
core   0: 0x8000b7ba (0x843f2523) sw      gp, -1974(t5)
core   0: 3 0x8000b7ba (0x843f2523) mem 0x8000d000 0x00000001
core   0: 0x8000b7be (0x0000bfe5) c.j     pc - 8
core   0: 3 0x8000b7be (0xbfe5)
core   0: 0x8000b7b6 (0x00002f17) auipc   t5, 0x2
core   0: 3 0x8000b7b6 (0x00002f17) x30 0x8000d7b6
core   0: 0x8000b7ba (0x843f2523) sw      gp, -1974(t5)
core   0: 3 0x8000b7ba (0x843f2523) mem 0x8000d000 0x00000001
core   0: 0x8000b7be (0x0000bfe5) c.j     pc - 8
core   0: 3 0x8000b7be (0xbfe5)
core   0: 0x8000b7b6 (0x00002f17) auipc   t5, 0x2
core   0: 3 0x8000b7b6 (0x00002f17) x30 0x8000d7b6
core   0: 0x8000b7ba (0x843f2523) sw      gp, -1974(t5)
core   0: 3 0x8000b7ba (0x843f2523) mem 0x8000d000 0x00000001
core   0: 0x8000b7be (0x0000bfe5) c.j     pc - 8
core   0: 3 0x8000b7be (0xbfe5)
core   0: 0x8000b7b6 (0x00002f17) auipc   t5, 0x2
core   0: 3 0x8000b7b6 (0x00002f17) x30 0x8000d7b6
core   0: 0x8000b7ba (0x843f2523) sw      gp, -1974(t5)
core   0: 3 0x8000b7ba (0x843f2523) mem 0x8000d000 0x00000001
core   0: 0x8000b7be (0x0000bfe5) c.j     pc - 8
core   0: 3 0x8000b7be (0xbfe5)
core   0: 0x8000b7b6 (0x00002f17) auipc   t5, 0x2
core   0: 3 0x8000b7b6 (0x00002f17) x30 0x8000d7b6
core   0: 0x8000b7ba (0x843f2523) sw      gp, -1974(t5)
core   0: 3 0x8000b7ba (0x843f2523) mem 0x8000d000 0x00000001
core   0: 0x8000b7be (0x0000bfe5) c.j     pc - 8
core   0: 3 0x8000b7be (0xbfe5)
core   0: 0x8000b7b6 (0x00002f17) auipc   t5, 0x2
core   0: 3 0x8000b7b6 (0x00002f17) x30 0x8000d7b6
core   0: 0x8000b7ba (0x843f2523) sw      gp, -1974(t5)
core   0: 3 0x8000b7ba (0x843f2523) mem 0x8000d000 0x00000001
core   0: 0x8000b7be (0x0000bfe5) c.j     pc - 8
core   0: 3 0x8000b7be (0xbfe5)
core   0: 0x8000b7b6 (0x00002f17) auipc   t5, 0x2
core   0: 3 0x8000b7b6 (0x00002f17) x30 0x8000d7b6
core   0: 0x8000b7ba (0x843f2523) sw      gp, -1974(t5)
core   0: 3 0x8000b7ba (0x843f2523) mem 0x8000d000 0x00000001
core   0: 0x8000b7be (0x0000bfe5) c.j     pc - 8
core   0: 3 0x8000b7be (0xbfe5)
core   0: 0x8000b7b6 (0x00002f17) auipc   t5, 0x2
core   0: 3 0x8000b7b6 (0x00002f17) x30 0x8000d7b6
core   0: 0x8000b7ba (0x843f2523) sw      gp, -1974(t5)
core   0: 3 0x8000b7ba (0x843f2523) mem 0x8000d000 0x00000001
core   0: 0x8000b7be (0x0000bfe5) c.j     pc - 8
core   0: 3 0x8000b7be (0xbfe5)
core   0: 0x8000b7b6 (0x00002f17) auipc   t5, 0x2
core   0: 3 0x8000b7b6 (0x00002f17) x30 0x8000d7b6
core   0: 0x8000b7ba (0x843f2523) sw      gp, -1974(t5)
core   0: 3 0x8000b7ba (0x843f2523) mem 0x8000d000 0x00000001
core   0: 0x8000b7be (0x0000bfe5) c.j     pc - 8
core   0: 3 0x8000b7be (0xbfe5)
core   0: 0x8000b7b6 (0x00002f17) auipc   t5, 0x2
core   0: 3 0x8000b7b6 (0x00002f17) x30 0x8000d7b6
core   0: 0x8000b7ba (0x843f2523) sw      gp, -1974(t5)
core   0: 3 0x8000b7ba (0x843f2523) mem 0x8000d000 0x00000001
core   0: 0x8000b7be (0x0000bfe5) c.j     pc - 8
core   0: 3 0x8000b7be (0xbfe5)
core   0: 0x8000b7b6 (0x00002f17) auipc   t5, 0x2
core   0: 3 0x8000b7b6 (0x00002f17) x30 0x8000d7b6
core   0: 0x8000b7ba (0x843f2523) sw      gp, -1974(t5)
core   0: 3 0x8000b7ba (0x843f2523) mem 0x8000d000 0x00000001
core   0: 0x8000b7be (0x0000bfe5) c.j     pc - 8
core   0: 3 0x8000b7be (0xbfe5)
core   0: 0x8000b7b6 (0x00002f17) auipc   t5, 0x2
core   0: 3 0x8000b7b6 (0x00002f17) x30 0x8000d7b6
core   0: 0x8000b7ba (0x843f2523) sw      gp, -1974(t5)
core   0: 3 0x8000b7ba (0x843f2523) mem 0x8000d000 0x00000001
core   0: 0x8000b7be (0x0000bfe5) c.j     pc - 8
core   0: 3 0x8000b7be (0xbfe5)
core   0: 0x8000b7b6 (0x00002f17) auipc   t5, 0x2
core   0: 3 0x8000b7b6 (0x00002f17) x30 0x8000d7b6
core   0: 0x8000b7ba (0x843f2523) sw      gp, -1974(t5)
core   0: 3 0x8000b7ba (0x843f2523) mem 0x8000d000 0x00000001
core   0: 0x8000b7be (0x0000bfe5) c.j     pc - 8
core   0: 3 0x8000b7be (0xbfe5)
core   0: 0x8000b7b6 (0x00002f17) auipc   t5, 0x2
core   0: 3 0x8000b7b6 (0x00002f17) x30 0x8000d7b6
core   0: 0x8000b7ba (0x843f2523) sw      gp, -1974(t5)
core   0: 3 0x8000b7ba (0x843f2523) mem 0x8000d000 0x00000001
core   0: 0x8000b7be (0x0000bfe5) c.j     pc - 8
core   0: 3 0x8000b7be (0xbfe5)
core   0: 0x8000b7b6 (0x00002f17) auipc   t5, 0x2
core   0: 3 0x8000b7b6 (0x00002f17) x30 0x8000d7b6
core   0: 0x8000b7ba (0x843f2523) sw      gp, -1974(t5)
core   0: 3 0x8000b7ba (0x843f2523) mem 0x8000d000 0x00000001
core   0: 0x8000b7be (0x0000bfe5) c.j     pc - 8
core   0: 3 0x8000b7be (0xbfe5)
core   0: 0x8000b7b6 (0x00002f17) auipc   t5, 0x2
core   0: 3 0x8000b7b6 (0x00002f17) x30 0x8000d7b6
core   0: 0x8000b7ba (0x843f2523) sw      gp, -1974(t5)
core   0: 3 0x8000b7ba (0x843f2523) mem 0x8000d000 0x00000001
core   0: 0x8000b7be (0x0000bfe5) c.j     pc - 8
core   0: 3 0x8000b7be (0xbfe5)
core   0: 0x8000b7b6 (0x00002f17) auipc   t5, 0x2
core   0: 3 0x8000b7b6 (0x00002f17) x30 0x8000d7b6
core   0: 0x8000b7ba (0x843f2523) sw      gp, -1974(t5)
core   0: 3 0x8000b7ba (0x843f2523) mem 0x8000d000 0x00000001
core   0: 0x8000b7be (0x0000bfe5) c.j     pc - 8
core   0: 3 0x8000b7be (0xbfe5)
core   0: 0x8000b7b6 (0x00002f17) auipc   t5, 0x2
core   0: 3 0x8000b7b6 (0x00002f17) x30 0x8000d7b6
core   0: 0x8000b7ba (0x843f2523) sw      gp, -1974(t5)
core   0: 3 0x8000b7ba (0x843f2523) mem 0x8000d000 0x00000001
core   0: 0x8000b7be (0x0000bfe5) c.j     pc - 8
core   0: 3 0x8000b7be (0xbfe5)
core   0: 0x8000b7b6 (0x00002f17) auipc   t5, 0x2
core   0: 3 0x8000b7b6 (0x00002f17) x30 0x8000d7b6
core   0: 0x8000b7ba (0x843f2523) sw      gp, -1974(t5)
core   0: 3 0x8000b7ba (0x843f2523) mem 0x8000d000 0x00000001
core   0: 0x8000b7be (0x0000bfe5) c.j     pc - 8
core   0: 3 0x8000b7be (0xbfe5)
core   0: 0x8000b7b6 (0x00002f17) auipc   t5, 0x2
core   0: 3 0x8000b7b6 (0x00002f17) x30 0x8000d7b6
core   0: 0x8000b7ba (0x843f2523) sw      gp, -1974(t5)
core   0: 3 0x8000b7ba (0x843f2523) mem 0x8000d000 0x00000001
core   0: 0x8000b7be (0x0000bfe5) c.j     pc - 8
core   0: 3 0x8000b7be (0xbfe5)
core   0: 0x8000b7b6 (0x00002f17) auipc   t5, 0x2
core   0: 3 0x8000b7b6 (0x00002f17) x30 0x8000d7b6
core   0: 0x8000b7ba (0x843f2523) sw      gp, -1974(t5)
core   0: 3 0x8000b7ba (0x843f2523) mem 0x8000d000 0x00000001
core   0: 0x8000b7be (0x0000bfe5) c.j     pc - 8
core   0: 3 0x8000b7be (0xbfe5)
core   0: 0x8000b7b6 (0x00002f17) auipc   t5, 0x2
core   0: 3 0x8000b7b6 (0x00002f17) x30 0x8000d7b6
core   0: 0x8000b7ba (0x843f2523) sw      gp, -1974(t5)
core   0: 3 0x8000b7ba (0x843f2523) mem 0x8000d000 0x00000001
core   0: 0x8000b7be (0x0000bfe5) c.j     pc - 8
core   0: 3 0x8000b7be (0xbfe5)
core   0: 0x8000b7b6 (0x00002f17) auipc   t5, 0x2
core   0: 3 0x8000b7b6 (0x00002f17) x30 0x8000d7b6
core   0: 0x8000b7ba (0x843f2523) sw      gp, -1974(t5)
core   0: 3 0x8000b7ba (0x843f2523) mem 0x8000d000 0x00000001
core   0: 0x8000b7be (0x0000bfe5) c.j     pc - 8
core   0: 3 0x8000b7be (0xbfe5)
core   0: 0x8000b7b6 (0x00002f17) auipc   t5, 0x2
core   0: 3 0x8000b7b6 (0x00002f17) x30 0x8000d7b6
core   0: 0x8000b7ba (0x843f2523) sw      gp, -1974(t5)
core   0: 3 0x8000b7ba (0x843f2523) mem 0x8000d000 0x00000001
core   0: 0x8000b7be (0x0000bfe5) c.j     pc - 8
core   0: 3 0x8000b7be (0xbfe5)
core   0: 0x8000b7b6 (0x00002f17) auipc   t5, 0x2
core   0: 3 0x8000b7b6 (0x00002f17) x30 0x8000d7b6
core   0: 0x8000b7ba (0x843f2523) sw      gp, -1974(t5)
core   0: 3 0x8000b7ba (0x843f2523) mem 0x8000d000 0x00000001
core   0: 0x8000b7be (0x0000bfe5) c.j     pc - 8
core   0: 3 0x8000b7be (0xbfe5)
core   0: 0x8000b7b6 (0x00002f17) auipc   t5, 0x2
core   0: 3 0x8000b7b6 (0x00002f17) x30 0x8000d7b6
core   0: 0x8000b7ba (0x843f2523) sw      gp, -1974(t5)
core   0: 3 0x8000b7ba (0x843f2523) mem 0x8000d000 0x00000001
core   0: 0x8000b7be (0x0000bfe5) c.j     pc - 8
core   0: 3 0x8000b7be (0xbfe5)
core   0: 0x8000b7b6 (0x00002f17) auipc   t5, 0x2
core   0: 3 0x8000b7b6 (0x00002f17) x30 0x8000d7b6
core   0: 0x8000b7ba (0x843f2523) sw      gp, -1974(t5)
core   0: 3 0x8000b7ba (0x843f2523) mem 0x8000d000 0x00000001
core   0: 0x8000b7be (0x0000bfe5) c.j     pc - 8
core   0: 3 0x8000b7be (0xbfe5)
core   0: 0x8000b7b6 (0x00002f17) auipc   t5, 0x2
core   0: 3 0x8000b7b6 (0x00002f17) x30 0x8000d7b6
core   0: 0x8000b7ba (0x843f2523) sw      gp, -1974(t5)
core   0: 3 0x8000b7ba (0x843f2523) mem 0x8000d000 0x00000001
core   0: 0x8000b7be (0x0000bfe5) c.j     pc - 8
core   0: 3 0x8000b7be (0xbfe5)
core   0: 0x8000b7b6 (0x00002f17) auipc   t5, 0x2
core   0: 3 0x8000b7b6 (0x00002f17) x30 0x8000d7b6
core   0: 0x8000b7ba (0x843f2523) sw      gp, -1974(t5)
core   0: 3 0x8000b7ba (0x843f2523) mem 0x8000d000 0x00000001
core   0: 0x8000b7be (0x0000bfe5) c.j     pc - 8
core   0: 3 0x8000b7be (0xbfe5)
core   0: 0x8000b7b6 (0x00002f17) auipc   t5, 0x2
core   0: 3 0x8000b7b6 (0x00002f17) x30 0x8000d7b6
core   0: 0x8000b7ba (0x843f2523) sw      gp, -1974(t5)
core   0: 3 0x8000b7ba (0x843f2523) mem 0x8000d000 0x00000001
core   0: 0x8000b7be (0x0000bfe5) c.j     pc - 8
core   0: 3 0x8000b7be (0xbfe5)
core   0: 0x8000b7b6 (0x00002f17) auipc   t5, 0x2
core   0: 3 0x8000b7b6 (0x00002f17) x30 0x8000d7b6
core   0: 0x8000b7ba (0x843f2523) sw      gp, -1974(t5)
core   0: 3 0x8000b7ba (0x843f2523) mem 0x8000d000 0x00000001
core   0: 0x8000b7be (0x0000bfe5) c.j     pc - 8
core   0: 3 0x8000b7be (0xbfe5)
core   0: 0x8000b7b6 (0x00002f17) auipc   t5, 0x2
core   0: 3 0x8000b7b6 (0x00002f17) x30 0x8000d7b6
core   0: 0x8000b7ba (0x843f2523) sw      gp, -1974(t5)
core   0: 3 0x8000b7ba (0x843f2523) mem 0x8000d000 0x00000001
core   0: 0x8000b7be (0x0000bfe5) c.j     pc - 8
core   0: 3 0x8000b7be (0xbfe5)
core   0: 0x8000b7b6 (0x00002f17) auipc   t5, 0x2
core   0: 3 0x8000b7b6 (0x00002f17) x30 0x8000d7b6
core   0: 0x8000b7ba (0x843f2523) sw      gp, -1974(t5)
core   0: 3 0x8000b7ba (0x843f2523) mem 0x8000d000 0x00000001
core   0: 0x8000b7be (0x0000bfe5) c.j     pc - 8
core   0: 3 0x8000b7be (0xbfe5)
core   0: 0x8000b7b6 (0x00002f17) auipc   t5, 0x2
core   0: 3 0x8000b7b6 (0x00002f17) x30 0x8000d7b6
core   0: 0x8000b7ba (0x843f2523) sw      gp, -1974(t5)
core   0: 3 0x8000b7ba (0x843f2523) mem 0x8000d000 0x00000001
core   0: 0x8000b7be (0x0000bfe5) c.j     pc - 8
core   0: 3 0x8000b7be (0xbfe5)
core   0: 0x8000b7b6 (0x00002f17) auipc   t5, 0x2
core   0: 3 0x8000b7b6 (0x00002f17) x30 0x8000d7b6
core   0: 0x8000b7ba (0x843f2523) sw      gp, -1974(t5)
core   0: 3 0x8000b7ba (0x843f2523) mem 0x8000d000 0x00000001
core   0: 0x8000b7be (0x0000bfe5) c.j     pc - 8
core   0: 3 0x8000b7be (0xbfe5)
core   0: 0x8000b7b6 (0x00002f17) auipc   t5, 0x2
core   0: 3 0x8000b7b6 (0x00002f17) x30 0x8000d7b6
core   0: 0x8000b7ba (0x843f2523) sw      gp, -1974(t5)
core   0: 3 0x8000b7ba (0x843f2523) mem 0x8000d000 0x00000001
core   0: 0x8000b7be (0x0000bfe5) c.j     pc - 8
core   0: 3 0x8000b7be (0xbfe5)
core   0: 0x8000b7b6 (0x00002f17) auipc   t5, 0x2
core   0: 3 0x8000b7b6 (0x00002f17) x30 0x8000d7b6
core   0: 0x8000b7ba (0x843f2523) sw      gp, -1974(t5)
core   0: 3 0x8000b7ba (0x843f2523) mem 0x8000d000 0x00000001
core   0: 0x8000b7be (0x0000bfe5) c.j     pc - 8
core   0: 3 0x8000b7be (0xbfe5)
core   0: 0x8000b7b6 (0x00002f17) auipc   t5, 0x2
core   0: 3 0x8000b7b6 (0x00002f17) x30 0x8000d7b6
core   0: 0x8000b7ba (0x843f2523) sw      gp, -1974(t5)
core   0: 3 0x8000b7ba (0x843f2523) mem 0x8000d000 0x00000001
core   0: 0x8000b7be (0x0000bfe5) c.j     pc - 8
core   0: 3 0x8000b7be (0xbfe5)
core   0: 0x8000b7b6 (0x00002f17) auipc   t5, 0x2
core   0: 3 0x8000b7b6 (0x00002f17) x30 0x8000d7b6
core   0: 0x8000b7ba (0x843f2523) sw      gp, -1974(t5)
core   0: 3 0x8000b7ba (0x843f2523) mem 0x8000d000 0x00000001
core   0: 0x8000b7be (0x0000bfe5) c.j     pc - 8
core   0: 3 0x8000b7be (0xbfe5)
core   0: 0x8000b7b6 (0x00002f17) auipc   t5, 0x2
core   0: 3 0x8000b7b6 (0x00002f17) x30 0x8000d7b6
core   0: 0x8000b7ba (0x843f2523) sw      gp, -1974(t5)
core   0: 3 0x8000b7ba (0x843f2523) mem 0x8000d000 0x00000001
core   0: 0x8000b7be (0x0000bfe5) c.j     pc - 8
core   0: 3 0x8000b7be (0xbfe5)
core   0: 0x8000b7b6 (0x00002f17) auipc   t5, 0x2
core   0: 3 0x8000b7b6 (0x00002f17) x30 0x8000d7b6
core   0: 0x8000b7ba (0x843f2523) sw      gp, -1974(t5)
core   0: 3 0x8000b7ba (0x843f2523) mem 0x8000d000 0x00000001
core   0: 0x8000b7be (0x0000bfe5) c.j     pc - 8
core   0: 3 0x8000b7be (0xbfe5)
core   0: 0x8000b7b6 (0x00002f17) auipc   t5, 0x2
core   0: 3 0x8000b7b6 (0x00002f17) x30 0x8000d7b6
core   0: 0x8000b7ba (0x843f2523) sw      gp, -1974(t5)
core   0: 3 0x8000b7ba (0x843f2523) mem 0x8000d000 0x00000001
core   0: 0x8000b7be (0x0000bfe5) c.j     pc - 8
core   0: 3 0x8000b7be (0xbfe5)
core   0: 0x8000b7b6 (0x00002f17) auipc   t5, 0x2
core   0: 3 0x8000b7b6 (0x00002f17) x30 0x8000d7b6
core   0: 0x8000b7ba (0x843f2523) sw      gp, -1974(t5)
core   0: 3 0x8000b7ba (0x843f2523) mem 0x8000d000 0x00000001
core   0: 0x8000b7be (0x0000bfe5) c.j     pc - 8
core   0: 3 0x8000b7be (0xbfe5)
core   0: 0x8000b7b6 (0x00002f17) auipc   t5, 0x2
core   0: 3 0x8000b7b6 (0x00002f17) x30 0x8000d7b6
core   0: 0x8000b7ba (0x843f2523) sw      gp, -1974(t5)
core   0: 3 0x8000b7ba (0x843f2523) mem 0x8000d000 0x00000001
core   0: 0x8000b7be (0x0000bfe5) c.j     pc - 8
core   0: 3 0x8000b7be (0xbfe5)
core   0: 0x8000b7b6 (0x00002f17) auipc   t5, 0x2
core   0: 3 0x8000b7b6 (0x00002f17) x30 0x8000d7b6
core   0: 0x8000b7ba (0x843f2523) sw      gp, -1974(t5)
core   0: 3 0x8000b7ba (0x843f2523) mem 0x8000d000 0x00000001
core   0: 0x8000b7be (0x0000bfe5) c.j     pc - 8
core   0: 3 0x8000b7be (0xbfe5)
core   0: 0x8000b7b6 (0x00002f17) auipc   t5, 0x2
core   0: 3 0x8000b7b6 (0x00002f17) x30 0x8000d7b6
core   0: 0x8000b7ba (0x843f2523) sw      gp, -1974(t5)
core   0: 3 0x8000b7ba (0x843f2523) mem 0x8000d000 0x00000001
core   0: 0x8000b7be (0x0000bfe5) c.j     pc - 8
core   0: 3 0x8000b7be (0xbfe5)
core   0: 0x8000b7b6 (0x00002f17) auipc   t5, 0x2
core   0: 3 0x8000b7b6 (0x00002f17) x30 0x8000d7b6
core   0: 0x8000b7ba (0x843f2523) sw      gp, -1974(t5)
core   0: 3 0x8000b7ba (0x843f2523) mem 0x8000d000 0x00000001
core   0: 0x8000b7be (0x0000bfe5) c.j     pc - 8
core   0: 3 0x8000b7be (0xbfe5)
core   0: 0x8000b7b6 (0x00002f17) auipc   t5, 0x2
core   0: 3 0x8000b7b6 (0x00002f17) x30 0x8000d7b6
core   0: 0x8000b7ba (0x843f2523) sw      gp, -1974(t5)
core   0: 3 0x8000b7ba (0x843f2523) mem 0x8000d000 0x00000001
core   0: 0x8000b7be (0x0000bfe5) c.j     pc - 8
core   0: 3 0x8000b7be (0xbfe5)
core   0: 0x8000b7b6 (0x00002f17) auipc   t5, 0x2
core   0: 3 0x8000b7b6 (0x00002f17) x30 0x8000d7b6
core   0: 0x8000b7ba (0x843f2523) sw      gp, -1974(t5)
core   0: 3 0x8000b7ba (0x843f2523) mem 0x8000d000 0x00000001
core   0: 0x8000b7be (0x0000bfe5) c.j     pc - 8
core   0: 3 0x8000b7be (0xbfe5)
core   0: 0x8000b7b6 (0x00002f17) auipc   t5, 0x2
core   0: 3 0x8000b7b6 (0x00002f17) x30 0x8000d7b6
core   0: 0x8000b7ba (0x843f2523) sw      gp, -1974(t5)
core   0: 3 0x8000b7ba (0x843f2523) mem 0x8000d000 0x00000001
core   0: 0x8000b7be (0x0000bfe5) c.j     pc - 8
core   0: 3 0x8000b7be (0xbfe5)
core   0: 0x8000b7b6 (0x00002f17) auipc   t5, 0x2
core   0: 3 0x8000b7b6 (0x00002f17) x30 0x8000d7b6
core   0: 0x8000b7ba (0x843f2523) sw      gp, -1974(t5)
core   0: 3 0x8000b7ba (0x843f2523) mem 0x8000d000 0x00000001
core   0: 0x8000b7be (0x0000bfe5) c.j     pc - 8
core   0: 3 0x8000b7be (0xbfe5)
core   0: 0x8000b7b6 (0x00002f17) auipc   t5, 0x2
core   0: 3 0x8000b7b6 (0x00002f17) x30 0x8000d7b6
core   0: 0x8000b7ba (0x843f2523) sw      gp, -1974(t5)
core   0: 3 0x8000b7ba (0x843f2523) mem 0x8000d000 0x00000001
core   0: 0x8000b7be (0x0000bfe5) c.j     pc - 8
core   0: 3 0x8000b7be (0xbfe5)
core   0: 0x8000b7b6 (0x00002f17) auipc   t5, 0x2
core   0: 3 0x8000b7b6 (0x00002f17) x30 0x8000d7b6
core   0: 0x8000b7ba (0x843f2523) sw      gp, -1974(t5)
core   0: 3 0x8000b7ba (0x843f2523) mem 0x8000d000 0x00000001
core   0: 0x8000b7be (0x0000bfe5) c.j     pc - 8
core   0: 3 0x8000b7be (0xbfe5)
core   0: 0x8000b7b6 (0x00002f17) auipc   t5, 0x2
core   0: 3 0x8000b7b6 (0x00002f17) x30 0x8000d7b6
core   0: 0x8000b7ba (0x843f2523) sw      gp, -1974(t5)
core   0: 3 0x8000b7ba (0x843f2523) mem 0x8000d000 0x00000001
core   0: 0x8000b7be (0x0000bfe5) c.j     pc - 8
core   0: 3 0x8000b7be (0xbfe5)
core   0: 0x8000b7b6 (0x00002f17) auipc   t5, 0x2
core   0: 3 0x8000b7b6 (0x00002f17) x30 0x8000d7b6
core   0: 0x8000b7ba (0x843f2523) sw      gp, -1974(t5)
core   0: 3 0x8000b7ba (0x843f2523) mem 0x8000d000 0x00000001
core   0: 0x8000b7be (0x0000bfe5) c.j     pc - 8
core   0: 3 0x8000b7be (0xbfe5)
core   0: 0x8000b7b6 (0x00002f17) auipc   t5, 0x2
core   0: 3 0x8000b7b6 (0x00002f17) x30 0x8000d7b6
core   0: 0x8000b7ba (0x843f2523) sw      gp, -1974(t5)
core   0: 3 0x8000b7ba (0x843f2523) mem 0x8000d000 0x00000001
core   0: 0x8000b7be (0x0000bfe5) c.j     pc - 8
core   0: 3 0x8000b7be (0xbfe5)
core   0: 0x8000b7b6 (0x00002f17) auipc   t5, 0x2
core   0: 3 0x8000b7b6 (0x00002f17) x30 0x8000d7b6
core   0: 0x8000b7ba (0x843f2523) sw      gp, -1974(t5)
core   0: 3 0x8000b7ba (0x843f2523) mem 0x8000d000 0x00000001
core   0: 0x8000b7be (0x0000bfe5) c.j     pc - 8
core   0: 3 0x8000b7be (0xbfe5)
core   0: 0x8000b7b6 (0x00002f17) auipc   t5, 0x2
core   0: 3 0x8000b7b6 (0x00002f17) x30 0x8000d7b6
core   0: 0x8000b7ba (0x843f2523) sw      gp, -1974(t5)
core   0: 3 0x8000b7ba (0x843f2523) mem 0x8000d000 0x00000001
core   0: 0x8000b7be (0x0000bfe5) c.j     pc - 8
core   0: 3 0x8000b7be (0xbfe5)
core   0: 0x8000b7b6 (0x00002f17) auipc   t5, 0x2
core   0: 3 0x8000b7b6 (0x00002f17) x30 0x8000d7b6
core   0: 0x8000b7ba (0x843f2523) sw      gp, -1974(t5)
core   0: 3 0x8000b7ba (0x843f2523) mem 0x8000d000 0x00000001
core   0: 0x8000b7be (0x0000bfe5) c.j     pc - 8
core   0: 3 0x8000b7be (0xbfe5)
core   0: 0x8000b7b6 (0x00002f17) auipc   t5, 0x2
core   0: 3 0x8000b7b6 (0x00002f17) x30 0x8000d7b6
core   0: 0x8000b7ba (0x843f2523) sw      gp, -1974(t5)
core   0: 3 0x8000b7ba (0x843f2523) mem 0x8000d000 0x00000001
core   0: 0x8000b7be (0x0000bfe5) c.j     pc - 8
core   0: 3 0x8000b7be (0xbfe5)
core   0: 0x8000b7b6 (0x00002f17) auipc   t5, 0x2
core   0: 3 0x8000b7b6 (0x00002f17) x30 0x8000d7b6
core   0: 0x8000b7ba (0x843f2523) sw      gp, -1974(t5)
core   0: 3 0x8000b7ba (0x843f2523) mem 0x8000d000 0x00000001
core   0: 0x8000b7be (0x0000bfe5) c.j     pc - 8
core   0: 3 0x8000b7be (0xbfe5)
core   0: 0x8000b7b6 (0x00002f17) auipc   t5, 0x2
core   0: 3 0x8000b7b6 (0x00002f17) x30 0x8000d7b6
core   0: 0x8000b7ba (0x843f2523) sw      gp, -1974(t5)
core   0: 3 0x8000b7ba (0x843f2523) mem 0x8000d000 0x00000001
core   0: 0x8000b7be (0x0000bfe5) c.j     pc - 8
core   0: 3 0x8000b7be (0xbfe5)
core   0: 0x8000b7b6 (0x00002f17) auipc   t5, 0x2
core   0: 3 0x8000b7b6 (0x00002f17) x30 0x8000d7b6
core   0: 0x8000b7ba (0x843f2523) sw      gp, -1974(t5)
core   0: 3 0x8000b7ba (0x843f2523) mem 0x8000d000 0x00000001
core   0: 0x8000b7be (0x0000bfe5) c.j     pc - 8
core   0: 3 0x8000b7be (0xbfe5)
core   0: 0x8000b7b6 (0x00002f17) auipc   t5, 0x2
core   0: 3 0x8000b7b6 (0x00002f17) x30 0x8000d7b6
core   0: 0x8000b7ba (0x843f2523) sw      gp, -1974(t5)
core   0: 3 0x8000b7ba (0x843f2523) mem 0x8000d000 0x00000001
core   0: 0x8000b7be (0x0000bfe5) c.j     pc - 8
core   0: 3 0x8000b7be (0xbfe5)
core   0: 0x8000b7b6 (0x00002f17) auipc   t5, 0x2
core   0: 3 0x8000b7b6 (0x00002f17) x30 0x8000d7b6
core   0: 0x8000b7ba (0x843f2523) sw      gp, -1974(t5)
core   0: 3 0x8000b7ba (0x843f2523) mem 0x8000d000 0x00000001
core   0: 0x8000b7be (0x0000bfe5) c.j     pc - 8
core   0: 3 0x8000b7be (0xbfe5)
core   0: 0x8000b7b6 (0x00002f17) auipc   t5, 0x2
core   0: 3 0x8000b7b6 (0x00002f17) x30 0x8000d7b6
core   0: 0x8000b7ba (0x843f2523) sw      gp, -1974(t5)
core   0: 3 0x8000b7ba (0x843f2523) mem 0x8000d000 0x00000001
core   0: 0x8000b7be (0x0000bfe5) c.j     pc - 8
core   0: 3 0x8000b7be (0xbfe5)
core   0: 0x8000b7b6 (0x00002f17) auipc   t5, 0x2
core   0: 3 0x8000b7b6 (0x00002f17) x30 0x8000d7b6
core   0: 0x8000b7ba (0x843f2523) sw      gp, -1974(t5)
core   0: 3 0x8000b7ba (0x843f2523) mem 0x8000d000 0x00000001
core   0: 0x8000b7be (0x0000bfe5) c.j     pc - 8
core   0: 3 0x8000b7be (0xbfe5)
core   0: 0x8000b7b6 (0x00002f17) auipc   t5, 0x2
core   0: 3 0x8000b7b6 (0x00002f17) x30 0x8000d7b6
core   0: 0x8000b7ba (0x843f2523) sw      gp, -1974(t5)
core   0: 3 0x8000b7ba (0x843f2523) mem 0x8000d000 0x00000001
core   0: 0x8000b7be (0x0000bfe5) c.j     pc - 8
core   0: 3 0x8000b7be (0xbfe5)
core   0: 0x8000b7b6 (0x00002f17) auipc   t5, 0x2
core   0: 3 0x8000b7b6 (0x00002f17) x30 0x8000d7b6
core   0: 0x8000b7ba (0x843f2523) sw      gp, -1974(t5)
core   0: 3 0x8000b7ba (0x843f2523) mem 0x8000d000 0x00000001
core   0: 0x8000b7be (0x0000bfe5) c.j     pc - 8
core   0: 3 0x8000b7be (0xbfe5)
core   0: 0x8000b7b6 (0x00002f17) auipc   t5, 0x2
core   0: 3 0x8000b7b6 (0x00002f17) x30 0x8000d7b6
core   0: 0x8000b7ba (0x843f2523) sw      gp, -1974(t5)
core   0: 3 0x8000b7ba (0x843f2523) mem 0x8000d000 0x00000001
core   0: 0x8000b7be (0x0000bfe5) c.j     pc - 8
core   0: 3 0x8000b7be (0xbfe5)
core   0: 0x8000b7b6 (0x00002f17) auipc   t5, 0x2
core   0: 3 0x8000b7b6 (0x00002f17) x30 0x8000d7b6
core   0: 0x8000b7ba (0x843f2523) sw      gp, -1974(t5)
core   0: 3 0x8000b7ba (0x843f2523) mem 0x8000d000 0x00000001
core   0: 0x8000b7be (0x0000bfe5) c.j     pc - 8
core   0: 3 0x8000b7be (0xbfe5)
core   0: 0x8000b7b6 (0x00002f17) auipc   t5, 0x2
core   0: 3 0x8000b7b6 (0x00002f17) x30 0x8000d7b6
core   0: 0x8000b7ba (0x843f2523) sw      gp, -1974(t5)
core   0: 3 0x8000b7ba (0x843f2523) mem 0x8000d000 0x00000001
core   0: 0x8000b7be (0x0000bfe5) c.j     pc - 8
core   0: 3 0x8000b7be (0xbfe5)
core   0: 0x8000b7b6 (0x00002f17) auipc   t5, 0x2
core   0: 3 0x8000b7b6 (0x00002f17) x30 0x8000d7b6
core   0: 0x8000b7ba (0x843f2523) sw      gp, -1974(t5)
core   0: 3 0x8000b7ba (0x843f2523) mem 0x8000d000 0x00000001
core   0: 0x8000b7be (0x0000bfe5) c.j     pc - 8
core   0: 3 0x8000b7be (0xbfe5)
core   0: 0x8000b7b6 (0x00002f17) auipc   t5, 0x2
core   0: 3 0x8000b7b6 (0x00002f17) x30 0x8000d7b6
core   0: 0x8000b7ba (0x843f2523) sw      gp, -1974(t5)
core   0: 3 0x8000b7ba (0x843f2523) mem 0x8000d000 0x00000001
core   0: 0x8000b7be (0x0000bfe5) c.j     pc - 8
core   0: 3 0x8000b7be (0xbfe5)
core   0: 0x8000b7b6 (0x00002f17) auipc   t5, 0x2
core   0: 3 0x8000b7b6 (0x00002f17) x30 0x8000d7b6
core   0: 0x8000b7ba (0x843f2523) sw      gp, -1974(t5)
core   0: 3 0x8000b7ba (0x843f2523) mem 0x8000d000 0x00000001
core   0: 0x8000b7be (0x0000bfe5) c.j     pc - 8
core   0: 3 0x8000b7be (0xbfe5)
core   0: 0x8000b7b6 (0x00002f17) auipc   t5, 0x2
core   0: 3 0x8000b7b6 (0x00002f17) x30 0x8000d7b6
core   0: 0x8000b7ba (0x843f2523) sw      gp, -1974(t5)
core   0: 3 0x8000b7ba (0x843f2523) mem 0x8000d000 0x00000001
core   0: 0x8000b7be (0x0000bfe5) c.j     pc - 8
core   0: 3 0x8000b7be (0xbfe5)
core   0: 0x8000b7b6 (0x00002f17) auipc   t5, 0x2
core   0: 3 0x8000b7b6 (0x00002f17) x30 0x8000d7b6
core   0: 0x8000b7ba (0x843f2523) sw      gp, -1974(t5)
core   0: 3 0x8000b7ba (0x843f2523) mem 0x8000d000 0x00000001
core   0: 0x8000b7be (0x0000bfe5) c.j     pc - 8
core   0: 3 0x8000b7be (0xbfe5)
core   0: 0x8000b7b6 (0x00002f17) auipc   t5, 0x2
core   0: 3 0x8000b7b6 (0x00002f17) x30 0x8000d7b6
core   0: 0x8000b7ba (0x843f2523) sw      gp, -1974(t5)
core   0: 3 0x8000b7ba (0x843f2523) mem 0x8000d000 0x00000001
core   0: 0x8000b7be (0x0000bfe5) c.j     pc - 8
core   0: 3 0x8000b7be (0xbfe5)
core   0: 0x8000b7b6 (0x00002f17) auipc   t5, 0x2
core   0: 3 0x8000b7b6 (0x00002f17) x30 0x8000d7b6
core   0: 0x8000b7ba (0x843f2523) sw      gp, -1974(t5)
core   0: 3 0x8000b7ba (0x843f2523) mem 0x8000d000 0x00000001
core   0: 0x8000b7be (0x0000bfe5) c.j     pc - 8
core   0: 3 0x8000b7be (0xbfe5)
core   0: 0x8000b7b6 (0x00002f17) auipc   t5, 0x2
core   0: 3 0x8000b7b6 (0x00002f17) x30 0x8000d7b6
core   0: 0x8000b7ba (0x843f2523) sw      gp, -1974(t5)
core   0: 3 0x8000b7ba (0x843f2523) mem 0x8000d000 0x00000001
core   0: 0x8000b7be (0x0000bfe5) c.j     pc - 8
core   0: 3 0x8000b7be (0xbfe5)
core   0: 0x8000b7b6 (0x00002f17) auipc   t5, 0x2
core   0: 3 0x8000b7b6 (0x00002f17) x30 0x8000d7b6
core   0: 0x8000b7ba (0x843f2523) sw      gp, -1974(t5)
core   0: 3 0x8000b7ba (0x843f2523) mem 0x8000d000 0x00000001
core   0: 0x8000b7be (0x0000bfe5) c.j     pc - 8
core   0: 3 0x8000b7be (0xbfe5)
core   0: 0x8000b7b6 (0x00002f17) auipc   t5, 0x2
core   0: 3 0x8000b7b6 (0x00002f17) x30 0x8000d7b6
core   0: 0x8000b7ba (0x843f2523) sw      gp, -1974(t5)
core   0: 3 0x8000b7ba (0x843f2523) mem 0x8000d000 0x00000001
core   0: 0x8000b7be (0x0000bfe5) c.j     pc - 8
core   0: 3 0x8000b7be (0xbfe5)
core   0: 0x8000b7b6 (0x00002f17) auipc   t5, 0x2
core   0: 3 0x8000b7b6 (0x00002f17) x30 0x8000d7b6
core   0: 0x8000b7ba (0x843f2523) sw      gp, -1974(t5)
core   0: 3 0x8000b7ba (0x843f2523) mem 0x8000d000 0x00000001
core   0: 0x8000b7be (0x0000bfe5) c.j     pc - 8
core   0: 3 0x8000b7be (0xbfe5)
core   0: 0x8000b7b6 (0x00002f17) auipc   t5, 0x2
core   0: 3 0x8000b7b6 (0x00002f17) x30 0x8000d7b6
core   0: 0x8000b7ba (0x843f2523) sw      gp, -1974(t5)
core   0: 3 0x8000b7ba (0x843f2523) mem 0x8000d000 0x00000001
core   0: 0x8000b7be (0x0000bfe5) c.j     pc - 8
core   0: 3 0x8000b7be (0xbfe5)
core   0: 0x8000b7b6 (0x00002f17) auipc   t5, 0x2
core   0: 3 0x8000b7b6 (0x00002f17) x30 0x8000d7b6
core   0: 0x8000b7ba (0x843f2523) sw      gp, -1974(t5)
core   0: 3 0x8000b7ba (0x843f2523) mem 0x8000d000 0x00000001
core   0: 0x8000b7be (0x0000bfe5) c.j     pc - 8
core   0: 3 0x8000b7be (0xbfe5)
core   0: 0x8000b7b6 (0x00002f17) auipc   t5, 0x2
core   0: 3 0x8000b7b6 (0x00002f17) x30 0x8000d7b6
core   0: 0x8000b7ba (0x843f2523) sw      gp, -1974(t5)
core   0: 3 0x8000b7ba (0x843f2523) mem 0x8000d000 0x00000001
core   0: 0x8000b7be (0x0000bfe5) c.j     pc - 8
core   0: 3 0x8000b7be (0xbfe5)
core   0: 0x8000b7b6 (0x00002f17) auipc   t5, 0x2
core   0: 3 0x8000b7b6 (0x00002f17) x30 0x8000d7b6
core   0: 0x8000b7ba (0x843f2523) sw      gp, -1974(t5)
core   0: 3 0x8000b7ba (0x843f2523) mem 0x8000d000 0x00000001
core   0: 0x8000b7be (0x0000bfe5) c.j     pc - 8
core   0: 3 0x8000b7be (0xbfe5)
core   0: 0x8000b7b6 (0x00002f17) auipc   t5, 0x2
core   0: 3 0x8000b7b6 (0x00002f17) x30 0x8000d7b6
core   0: 0x8000b7ba (0x843f2523) sw      gp, -1974(t5)
core   0: 3 0x8000b7ba (0x843f2523) mem 0x8000d000 0x00000001
core   0: 0x8000b7be (0x0000bfe5) c.j     pc - 8
core   0: 3 0x8000b7be (0xbfe5)
core   0: 0x8000b7b6 (0x00002f17) auipc   t5, 0x2
core   0: 3 0x8000b7b6 (0x00002f17) x30 0x8000d7b6
core   0: 0x8000b7ba (0x843f2523) sw      gp, -1974(t5)
core   0: 3 0x8000b7ba (0x843f2523) mem 0x8000d000 0x00000001
core   0: 0x8000b7be (0x0000bfe5) c.j     pc - 8
core   0: 3 0x8000b7be (0xbfe5)
core   0: 0x8000b7b6 (0x00002f17) auipc   t5, 0x2
core   0: 3 0x8000b7b6 (0x00002f17) x30 0x8000d7b6
core   0: 0x8000b7ba (0x843f2523) sw      gp, -1974(t5)
core   0: 3 0x8000b7ba (0x843f2523) mem 0x8000d000 0x00000001
core   0: 0x8000b7be (0x0000bfe5) c.j     pc - 8
core   0: 3 0x8000b7be (0xbfe5)
core   0: 0x8000b7b6 (0x00002f17) auipc   t5, 0x2
core   0: 3 0x8000b7b6 (0x00002f17) x30 0x8000d7b6
core   0: 0x8000b7ba (0x843f2523) sw      gp, -1974(t5)
core   0: 3 0x8000b7ba (0x843f2523) mem 0x8000d000 0x00000001
core   0: 0x8000b7be (0x0000bfe5) c.j     pc - 8
core   0: 3 0x8000b7be (0xbfe5)
core   0: 0x8000b7b6 (0x00002f17) auipc   t5, 0x2
core   0: 3 0x8000b7b6 (0x00002f17) x30 0x8000d7b6
core   0: 0x8000b7ba (0x843f2523) sw      gp, -1974(t5)
core   0: 3 0x8000b7ba (0x843f2523) mem 0x8000d000 0x00000001
core   0: 0x8000b7be (0x0000bfe5) c.j     pc - 8
core   0: 3 0x8000b7be (0xbfe5)
core   0: 0x8000b7b6 (0x00002f17) auipc   t5, 0x2
core   0: 3 0x8000b7b6 (0x00002f17) x30 0x8000d7b6
core   0: 0x8000b7ba (0x843f2523) sw      gp, -1974(t5)
core   0: 3 0x8000b7ba (0x843f2523) mem 0x8000d000 0x00000001
core   0: 0x8000b7be (0x0000bfe5) c.j     pc - 8
core   0: 3 0x8000b7be (0xbfe5)
core   0: 0x8000b7b6 (0x00002f17) auipc   t5, 0x2
core   0: 3 0x8000b7b6 (0x00002f17) x30 0x8000d7b6
core   0: 0x8000b7ba (0x843f2523) sw      gp, -1974(t5)
core   0: 3 0x8000b7ba (0x843f2523) mem 0x8000d000 0x00000001
core   0: 0x8000b7be (0x0000bfe5) c.j     pc - 8
core   0: 3 0x8000b7be (0xbfe5)
core   0: 0x8000b7b6 (0x00002f17) auipc   t5, 0x2
core   0: 3 0x8000b7b6 (0x00002f17) x30 0x8000d7b6
core   0: 0x8000b7ba (0x843f2523) sw      gp, -1974(t5)
core   0: 3 0x8000b7ba (0x843f2523) mem 0x8000d000 0x00000001
core   0: 0x8000b7be (0x0000bfe5) c.j     pc - 8
core   0: 3 0x8000b7be (0xbfe5)
core   0: 0x8000b7b6 (0x00002f17) auipc   t5, 0x2
core   0: 3 0x8000b7b6 (0x00002f17) x30 0x8000d7b6
core   0: 0x8000b7ba (0x843f2523) sw      gp, -1974(t5)
core   0: 3 0x8000b7ba (0x843f2523) mem 0x8000d000 0x00000001
core   0: 0x8000b7be (0x0000bfe5) c.j     pc - 8
core   0: 3 0x8000b7be (0xbfe5)
core   0: 0x8000b7b6 (0x00002f17) auipc   t5, 0x2
core   0: 3 0x8000b7b6 (0x00002f17) x30 0x8000d7b6
core   0: 0x8000b7ba (0x843f2523) sw      gp, -1974(t5)
core   0: 3 0x8000b7ba (0x843f2523) mem 0x8000d000 0x00000001
core   0: 0x8000b7be (0x0000bfe5) c.j     pc - 8
core   0: 3 0x8000b7be (0xbfe5)
core   0: 0x8000b7b6 (0x00002f17) auipc   t5, 0x2
core   0: 3 0x8000b7b6 (0x00002f17) x30 0x8000d7b6
core   0: 0x8000b7ba (0x843f2523) sw      gp, -1974(t5)
core   0: 3 0x8000b7ba (0x843f2523) mem 0x8000d000 0x00000001
core   0: 0x8000b7be (0x0000bfe5) c.j     pc - 8
core   0: 3 0x8000b7be (0xbfe5)
core   0: 0x8000b7b6 (0x00002f17) auipc   t5, 0x2
core   0: 3 0x8000b7b6 (0x00002f17) x30 0x8000d7b6
core   0: 0x8000b7ba (0x843f2523) sw      gp, -1974(t5)
core   0: 3 0x8000b7ba (0x843f2523) mem 0x8000d000 0x00000001
core   0: 0x8000b7be (0x0000bfe5) c.j     pc - 8
core   0: 3 0x8000b7be (0xbfe5)
core   0: 0x8000b7b6 (0x00002f17) auipc   t5, 0x2
core   0: 3 0x8000b7b6 (0x00002f17) x30 0x8000d7b6
core   0: 0x8000b7ba (0x843f2523) sw      gp, -1974(t5)
core   0: 3 0x8000b7ba (0x843f2523) mem 0x8000d000 0x00000001
core   0: 0x8000b7be (0x0000bfe5) c.j     pc - 8
core   0: 3 0x8000b7be (0xbfe5)
core   0: 0x8000b7b6 (0x00002f17) auipc   t5, 0x2
core   0: 3 0x8000b7b6 (0x00002f17) x30 0x8000d7b6
core   0: 0x8000b7ba (0x843f2523) sw      gp, -1974(t5)
core   0: 3 0x8000b7ba (0x843f2523) mem 0x8000d000 0x00000001
core   0: 0x8000b7be (0x0000bfe5) c.j     pc - 8
core   0: 3 0x8000b7be (0xbfe5)
core   0: 0x8000b7b6 (0x00002f17) auipc   t5, 0x2
core   0: 3 0x8000b7b6 (0x00002f17) x30 0x8000d7b6
core   0: 0x8000b7ba (0x843f2523) sw      gp, -1974(t5)
core   0: 3 0x8000b7ba (0x843f2523) mem 0x8000d000 0x00000001
core   0: 0x8000b7be (0x0000bfe5) c.j     pc - 8
core   0: 3 0x8000b7be (0xbfe5)
core   0: 0x8000b7b6 (0x00002f17) auipc   t5, 0x2
core   0: 3 0x8000b7b6 (0x00002f17) x30 0x8000d7b6
core   0: 0x8000b7ba (0x843f2523) sw      gp, -1974(t5)
core   0: 3 0x8000b7ba (0x843f2523) mem 0x8000d000 0x00000001
core   0: 0x8000b7be (0x0000bfe5) c.j     pc - 8
core   0: 3 0x8000b7be (0xbfe5)
core   0: 0x8000b7b6 (0x00002f17) auipc   t5, 0x2
core   0: 3 0x8000b7b6 (0x00002f17) x30 0x8000d7b6
core   0: 0x8000b7ba (0x843f2523) sw      gp, -1974(t5)
core   0: 3 0x8000b7ba (0x843f2523) mem 0x8000d000 0x00000001
core   0: 0x8000b7be (0x0000bfe5) c.j     pc - 8
core   0: 3 0x8000b7be (0xbfe5)
core   0: 0x8000b7b6 (0x00002f17) auipc   t5, 0x2
core   0: 3 0x8000b7b6 (0x00002f17) x30 0x8000d7b6
core   0: 0x8000b7ba (0x843f2523) sw      gp, -1974(t5)
core   0: 3 0x8000b7ba (0x843f2523) mem 0x8000d000 0x00000001
core   0: 0x8000b7be (0x0000bfe5) c.j     pc - 8
core   0: 3 0x8000b7be (0xbfe5)
core   0: 0x8000b7b6 (0x00002f17) auipc   t5, 0x2
core   0: 3 0x8000b7b6 (0x00002f17) x30 0x8000d7b6
core   0: 0x8000b7ba (0x843f2523) sw      gp, -1974(t5)
core   0: 3 0x8000b7ba (0x843f2523) mem 0x8000d000 0x00000001
core   0: 0x8000b7be (0x0000bfe5) c.j     pc - 8
core   0: 3 0x8000b7be (0xbfe5)
core   0: 0x8000b7b6 (0x00002f17) auipc   t5, 0x2
core   0: 3 0x8000b7b6 (0x00002f17) x30 0x8000d7b6
core   0: 0x8000b7ba (0x843f2523) sw      gp, -1974(t5)
core   0: 3 0x8000b7ba (0x843f2523) mem 0x8000d000 0x00000001
core   0: 0x8000b7be (0x0000bfe5) c.j     pc - 8
core   0: 3 0x8000b7be (0xbfe5)
core   0: 0x8000b7b6 (0x00002f17) auipc   t5, 0x2
core   0: 3 0x8000b7b6 (0x00002f17) x30 0x8000d7b6
core   0: 0x8000b7ba (0x843f2523) sw      gp, -1974(t5)
core   0: 3 0x8000b7ba (0x843f2523) mem 0x8000d000 0x00000001
core   0: 0x8000b7be (0x0000bfe5) c.j     pc - 8
core   0: 3 0x8000b7be (0xbfe5)
core   0: 0x8000b7b6 (0x00002f17) auipc   t5, 0x2
core   0: 3 0x8000b7b6 (0x00002f17) x30 0x8000d7b6
core   0: 0x8000b7ba (0x843f2523) sw      gp, -1974(t5)
core   0: 3 0x8000b7ba (0x843f2523) mem 0x8000d000 0x00000001
core   0: 0x8000b7be (0x0000bfe5) c.j     pc - 8
core   0: 3 0x8000b7be (0xbfe5)
core   0: 0x8000b7b6 (0x00002f17) auipc   t5, 0x2
core   0: 3 0x8000b7b6 (0x00002f17) x30 0x8000d7b6
core   0: 0x8000b7ba (0x843f2523) sw      gp, -1974(t5)
core   0: 3 0x8000b7ba (0x843f2523) mem 0x8000d000 0x00000001
core   0: 0x8000b7be (0x0000bfe5) c.j     pc - 8
core   0: 3 0x8000b7be (0xbfe5)
core   0: 0x8000b7b6 (0x00002f17) auipc   t5, 0x2
core   0: 3 0x8000b7b6 (0x00002f17) x30 0x8000d7b6
core   0: 0x8000b7ba (0x843f2523) sw      gp, -1974(t5)
core   0: 3 0x8000b7ba (0x843f2523) mem 0x8000d000 0x00000001
core   0: 0x8000b7be (0x0000bfe5) c.j     pc - 8
core   0: 3 0x8000b7be (0xbfe5)
core   0: 0x8000b7b6 (0x00002f17) auipc   t5, 0x2
core   0: 3 0x8000b7b6 (0x00002f17) x30 0x8000d7b6
core   0: 0x8000b7ba (0x843f2523) sw      gp, -1974(t5)
core   0: 3 0x8000b7ba (0x843f2523) mem 0x8000d000 0x00000001
core   0: 0x8000b7be (0x0000bfe5) c.j     pc - 8
core   0: 3 0x8000b7be (0xbfe5)
core   0: 0x8000b7b6 (0x00002f17) auipc   t5, 0x2
core   0: 3 0x8000b7b6 (0x00002f17) x30 0x8000d7b6
core   0: 0x8000b7ba (0x843f2523) sw      gp, -1974(t5)
core   0: 3 0x8000b7ba (0x843f2523) mem 0x8000d000 0x00000001
core   0: 0x8000b7be (0x0000bfe5) c.j     pc - 8
core   0: 3 0x8000b7be (0xbfe5)
core   0: 0x8000b7b6 (0x00002f17) auipc   t5, 0x2
core   0: 3 0x8000b7b6 (0x00002f17) x30 0x8000d7b6
core   0: 0x8000b7ba (0x843f2523) sw      gp, -1974(t5)
core   0: 3 0x8000b7ba (0x843f2523) mem 0x8000d000 0x00000001
core   0: 0x8000b7be (0x0000bfe5) c.j     pc - 8
core   0: 3 0x8000b7be (0xbfe5)
core   0: 0x8000b7b6 (0x00002f17) auipc   t5, 0x2
core   0: 3 0x8000b7b6 (0x00002f17) x30 0x8000d7b6
core   0: 0x8000b7ba (0x843f2523) sw      gp, -1974(t5)
core   0: 3 0x8000b7ba (0x843f2523) mem 0x8000d000 0x00000001
core   0: 0x8000b7be (0x0000bfe5) c.j     pc - 8
core   0: 3 0x8000b7be (0xbfe5)
core   0: 0x8000b7b6 (0x00002f17) auipc   t5, 0x2
core   0: 3 0x8000b7b6 (0x00002f17) x30 0x8000d7b6
core   0: 0x8000b7ba (0x843f2523) sw      gp, -1974(t5)
core   0: 3 0x8000b7ba (0x843f2523) mem 0x8000d000 0x00000001
core   0: 0x8000b7be (0x0000bfe5) c.j     pc - 8
core   0: 3 0x8000b7be (0xbfe5)
core   0: 0x8000b7b6 (0x00002f17) auipc   t5, 0x2
core   0: 3 0x8000b7b6 (0x00002f17) x30 0x8000d7b6
core   0: 0x8000b7ba (0x843f2523) sw      gp, -1974(t5)
core   0: 3 0x8000b7ba (0x843f2523) mem 0x8000d000 0x00000001
core   0: 0x8000b7be (0x0000bfe5) c.j     pc - 8
core   0: 3 0x8000b7be (0xbfe5)
core   0: 0x8000b7b6 (0x00002f17) auipc   t5, 0x2
core   0: 3 0x8000b7b6 (0x00002f17) x30 0x8000d7b6
core   0: 0x8000b7ba (0x843f2523) sw      gp, -1974(t5)
core   0: 3 0x8000b7ba (0x843f2523) mem 0x8000d000 0x00000001
core   0: 0x8000b7be (0x0000bfe5) c.j     pc - 8
core   0: 3 0x8000b7be (0xbfe5)
core   0: 0x8000b7b6 (0x00002f17) auipc   t5, 0x2
core   0: 3 0x8000b7b6 (0x00002f17) x30 0x8000d7b6
core   0: 0x8000b7ba (0x843f2523) sw      gp, -1974(t5)
core   0: 3 0x8000b7ba (0x843f2523) mem 0x8000d000 0x00000001
core   0: 0x8000b7be (0x0000bfe5) c.j     pc - 8
core   0: 3 0x8000b7be (0xbfe5)
core   0: 0x8000b7b6 (0x00002f17) auipc   t5, 0x2
core   0: 3 0x8000b7b6 (0x00002f17) x30 0x8000d7b6
core   0: 0x8000b7ba (0x843f2523) sw      gp, -1974(t5)
core   0: 3 0x8000b7ba (0x843f2523) mem 0x8000d000 0x00000001
core   0: 0x8000b7be (0x0000bfe5) c.j     pc - 8
core   0: 3 0x8000b7be (0xbfe5)
core   0: 0x8000b7b6 (0x00002f17) auipc   t5, 0x2
core   0: 3 0x8000b7b6 (0x00002f17) x30 0x8000d7b6
core   0: 0x8000b7ba (0x843f2523) sw      gp, -1974(t5)
core   0: 3 0x8000b7ba (0x843f2523) mem 0x8000d000 0x00000001
core   0: 0x8000b7be (0x0000bfe5) c.j     pc - 8
core   0: 3 0x8000b7be (0xbfe5)
core   0: 0x8000b7b6 (0x00002f17) auipc   t5, 0x2
core   0: 3 0x8000b7b6 (0x00002f17) x30 0x8000d7b6
core   0: 0x8000b7ba (0x843f2523) sw      gp, -1974(t5)
core   0: 3 0x8000b7ba (0x843f2523) mem 0x8000d000 0x00000001
core   0: 0x8000b7be (0x0000bfe5) c.j     pc - 8
core   0: 3 0x8000b7be (0xbfe5)
core   0: 0x8000b7b6 (0x00002f17) auipc   t5, 0x2
core   0: 3 0x8000b7b6 (0x00002f17) x30 0x8000d7b6
core   0: 0x8000b7ba (0x843f2523) sw      gp, -1974(t5)
core   0: 3 0x8000b7ba (0x843f2523) mem 0x8000d000 0x00000001
core   0: 0x8000b7be (0x0000bfe5) c.j     pc - 8
core   0: 3 0x8000b7be (0xbfe5)
core   0: 0x8000b7b6 (0x00002f17) auipc   t5, 0x2
core   0: 3 0x8000b7b6 (0x00002f17) x30 0x8000d7b6
core   0: 0x8000b7ba (0x843f2523) sw      gp, -1974(t5)
core   0: 3 0x8000b7ba (0x843f2523) mem 0x8000d000 0x00000001
core   0: 0x8000b7be (0x0000bfe5) c.j     pc - 8
core   0: 3 0x8000b7be (0xbfe5)
core   0: 0x8000b7b6 (0x00002f17) auipc   t5, 0x2
core   0: 3 0x8000b7b6 (0x00002f17) x30 0x8000d7b6
core   0: 0x8000b7ba (0x843f2523) sw      gp, -1974(t5)
core   0: 3 0x8000b7ba (0x843f2523) mem 0x8000d000 0x00000001
core   0: 0x8000b7be (0x0000bfe5) c.j     pc - 8
core   0: 3 0x8000b7be (0xbfe5)
core   0: 0x8000b7b6 (0x00002f17) auipc   t5, 0x2
core   0: 3 0x8000b7b6 (0x00002f17) x30 0x8000d7b6
core   0: 0x8000b7ba (0x843f2523) sw      gp, -1974(t5)
core   0: 3 0x8000b7ba (0x843f2523) mem 0x8000d000 0x00000001
core   0: 0x8000b7be (0x0000bfe5) c.j     pc - 8
core   0: 3 0x8000b7be (0xbfe5)
core   0: 0x8000b7b6 (0x00002f17) auipc   t5, 0x2
core   0: 3 0x8000b7b6 (0x00002f17) x30 0x8000d7b6
core   0: 0x8000b7ba (0x843f2523) sw      gp, -1974(t5)
core   0: 3 0x8000b7ba (0x843f2523) mem 0x8000d000 0x00000001
core   0: 0x8000b7be (0x0000bfe5) c.j     pc - 8
core   0: 3 0x8000b7be (0xbfe5)
core   0: 0x8000b7b6 (0x00002f17) auipc   t5, 0x2
core   0: 3 0x8000b7b6 (0x00002f17) x30 0x8000d7b6
core   0: 0x8000b7ba (0x843f2523) sw      gp, -1974(t5)
core   0: 3 0x8000b7ba (0x843f2523) mem 0x8000d000 0x00000001
core   0: 0x8000b7be (0x0000bfe5) c.j     pc - 8
core   0: 3 0x8000b7be (0xbfe5)
core   0: 0x8000b7b6 (0x00002f17) auipc   t5, 0x2
core   0: 3 0x8000b7b6 (0x00002f17) x30 0x8000d7b6
core   0: 0x8000b7ba (0x843f2523) sw      gp, -1974(t5)
core   0: 3 0x8000b7ba (0x843f2523) mem 0x8000d000 0x00000001
core   0: 0x8000b7be (0x0000bfe5) c.j     pc - 8
core   0: 3 0x8000b7be (0xbfe5)
core   0: 0x8000b7b6 (0x00002f17) auipc   t5, 0x2
core   0: 3 0x8000b7b6 (0x00002f17) x30 0x8000d7b6
core   0: 0x8000b7ba (0x843f2523) sw      gp, -1974(t5)
core   0: 3 0x8000b7ba (0x843f2523) mem 0x8000d000 0x00000001
core   0: 0x8000b7be (0x0000bfe5) c.j     pc - 8
core   0: 3 0x8000b7be (0xbfe5)
core   0: 0x8000b7b6 (0x00002f17) auipc   t5, 0x2
core   0: 3 0x8000b7b6 (0x00002f17) x30 0x8000d7b6
core   0: 0x8000b7ba (0x843f2523) sw      gp, -1974(t5)
core   0: 3 0x8000b7ba (0x843f2523) mem 0x8000d000 0x00000001
core   0: 0x8000b7be (0x0000bfe5) c.j     pc - 8
core   0: 3 0x8000b7be (0xbfe5)
core   0: 0x8000b7b6 (0x00002f17) auipc   t5, 0x2
core   0: 3 0x8000b7b6 (0x00002f17) x30 0x8000d7b6
core   0: 0x8000b7ba (0x843f2523) sw      gp, -1974(t5)
core   0: 3 0x8000b7ba (0x843f2523) mem 0x8000d000 0x00000001
core   0: 0x8000b7be (0x0000bfe5) c.j     pc - 8
core   0: 3 0x8000b7be (0xbfe5)
core   0: 0x8000b7b6 (0x00002f17) auipc   t5, 0x2
core   0: 3 0x8000b7b6 (0x00002f17) x30 0x8000d7b6
core   0: 0x8000b7ba (0x843f2523) sw      gp, -1974(t5)
core   0: 3 0x8000b7ba (0x843f2523) mem 0x8000d000 0x00000001
core   0: 0x8000b7be (0x0000bfe5) c.j     pc - 8
core   0: 3 0x8000b7be (0xbfe5)
core   0: 0x8000b7b6 (0x00002f17) auipc   t5, 0x2
core   0: 3 0x8000b7b6 (0x00002f17) x30 0x8000d7b6
core   0: 0x8000b7ba (0x843f2523) sw      gp, -1974(t5)
core   0: 3 0x8000b7ba (0x843f2523) mem 0x8000d000 0x00000001
core   0: 0x8000b7be (0x0000bfe5) c.j     pc - 8
core   0: 3 0x8000b7be (0xbfe5)
core   0: 0x8000b7b6 (0x00002f17) auipc   t5, 0x2
core   0: 3 0x8000b7b6 (0x00002f17) x30 0x8000d7b6
core   0: 0x8000b7ba (0x843f2523) sw      gp, -1974(t5)
core   0: 3 0x8000b7ba (0x843f2523) mem 0x8000d000 0x00000001
core   0: 0x8000b7be (0x0000bfe5) c.j     pc - 8
core   0: 3 0x8000b7be (0xbfe5)
core   0: 0x8000b7b6 (0x00002f17) auipc   t5, 0x2
core   0: 3 0x8000b7b6 (0x00002f17) x30 0x8000d7b6
core   0: 0x8000b7ba (0x843f2523) sw      gp, -1974(t5)
core   0: 3 0x8000b7ba (0x843f2523) mem 0x8000d000 0x00000001
core   0: 0x8000b7be (0x0000bfe5) c.j     pc - 8
core   0: 3 0x8000b7be (0xbfe5)
core   0: 0x8000b7b6 (0x00002f17) auipc   t5, 0x2
core   0: 3 0x8000b7b6 (0x00002f17) x30 0x8000d7b6
core   0: 0x8000b7ba (0x843f2523) sw      gp, -1974(t5)
core   0: 3 0x8000b7ba (0x843f2523) mem 0x8000d000 0x00000001
core   0: 0x8000b7be (0x0000bfe5) c.j     pc - 8
core   0: 3 0x8000b7be (0xbfe5)
core   0: 0x8000b7b6 (0x00002f17) auipc   t5, 0x2
core   0: 3 0x8000b7b6 (0x00002f17) x30 0x8000d7b6
core   0: 0x8000b7ba (0x843f2523) sw      gp, -1974(t5)
core   0: 3 0x8000b7ba (0x843f2523) mem 0x8000d000 0x00000001
core   0: 0x8000b7be (0x0000bfe5) c.j     pc - 8
core   0: 3 0x8000b7be (0xbfe5)
core   0: 0x8000b7b6 (0x00002f17) auipc   t5, 0x2
core   0: 3 0x8000b7b6 (0x00002f17) x30 0x8000d7b6
core   0: 0x8000b7ba (0x843f2523) sw      gp, -1974(t5)
core   0: 3 0x8000b7ba (0x843f2523) mem 0x8000d000 0x00000001
core   0: 0x8000b7be (0x0000bfe5) c.j     pc - 8
core   0: 3 0x8000b7be (0xbfe5)
core   0: 0x8000b7b6 (0x00002f17) auipc   t5, 0x2
core   0: 3 0x8000b7b6 (0x00002f17) x30 0x8000d7b6
core   0: 0x8000b7ba (0x843f2523) sw      gp, -1974(t5)
core   0: 3 0x8000b7ba (0x843f2523) mem 0x8000d000 0x00000001
core   0: 0x8000b7be (0x0000bfe5) c.j     pc - 8
core   0: 3 0x8000b7be (0xbfe5)
core   0: 0x8000b7b6 (0x00002f17) auipc   t5, 0x2
core   0: 3 0x8000b7b6 (0x00002f17) x30 0x8000d7b6
core   0: 0x8000b7ba (0x843f2523) sw      gp, -1974(t5)
core   0: 3 0x8000b7ba (0x843f2523) mem 0x8000d000 0x00000001
core   0: 0x8000b7be (0x0000bfe5) c.j     pc - 8
core   0: 3 0x8000b7be (0xbfe5)
core   0: 0x8000b7b6 (0x00002f17) auipc   t5, 0x2
core   0: 3 0x8000b7b6 (0x00002f17) x30 0x8000d7b6
core   0: 0x8000b7ba (0x843f2523) sw      gp, -1974(t5)
core   0: 3 0x8000b7ba (0x843f2523) mem 0x8000d000 0x00000001
core   0: 0x8000b7be (0x0000bfe5) c.j     pc - 8
core   0: 3 0x8000b7be (0xbfe5)
core   0: 0x8000b7b6 (0x00002f17) auipc   t5, 0x2
core   0: 3 0x8000b7b6 (0x00002f17) x30 0x8000d7b6
core   0: 0x8000b7ba (0x843f2523) sw      gp, -1974(t5)
core   0: 3 0x8000b7ba (0x843f2523) mem 0x8000d000 0x00000001
core   0: 0x8000b7be (0x0000bfe5) c.j     pc - 8
core   0: 3 0x8000b7be (0xbfe5)
core   0: 0x8000b7b6 (0x00002f17) auipc   t5, 0x2
core   0: 3 0x8000b7b6 (0x00002f17) x30 0x8000d7b6
core   0: 0x8000b7ba (0x843f2523) sw      gp, -1974(t5)
core   0: 3 0x8000b7ba (0x843f2523) mem 0x8000d000 0x00000001
core   0: 0x8000b7be (0x0000bfe5) c.j     pc - 8
core   0: 3 0x8000b7be (0xbfe5)
core   0: 0x8000b7b6 (0x00002f17) auipc   t5, 0x2
core   0: 3 0x8000b7b6 (0x00002f17) x30 0x8000d7b6
core   0: 0x8000b7ba (0x843f2523) sw      gp, -1974(t5)
core   0: 3 0x8000b7ba (0x843f2523) mem 0x8000d000 0x00000001
core   0: 0x8000b7be (0x0000bfe5) c.j     pc - 8
core   0: 3 0x8000b7be (0xbfe5)
core   0: 0x8000b7b6 (0x00002f17) auipc   t5, 0x2
core   0: 3 0x8000b7b6 (0x00002f17) x30 0x8000d7b6
core   0: 0x8000b7ba (0x843f2523) sw      gp, -1974(t5)
core   0: 3 0x8000b7ba (0x843f2523) mem 0x8000d000 0x00000001
core   0: 0x8000b7be (0x0000bfe5) c.j     pc - 8
core   0: 3 0x8000b7be (0xbfe5)
core   0: 0x8000b7b6 (0x00002f17) auipc   t5, 0x2
core   0: 3 0x8000b7b6 (0x00002f17) x30 0x8000d7b6
core   0: 0x8000b7ba (0x843f2523) sw      gp, -1974(t5)
core   0: 3 0x8000b7ba (0x843f2523) mem 0x8000d000 0x00000001
core   0: 0x8000b7be (0x0000bfe5) c.j     pc - 8
core   0: 3 0x8000b7be (0xbfe5)
core   0: 0x8000b7b6 (0x00002f17) auipc   t5, 0x2
core   0: 3 0x8000b7b6 (0x00002f17) x30 0x8000d7b6
core   0: 0x8000b7ba (0x843f2523) sw      gp, -1974(t5)
core   0: 3 0x8000b7ba (0x843f2523) mem 0x8000d000 0x00000001
core   0: 0x8000b7be (0x0000bfe5) c.j     pc - 8
core   0: 3 0x8000b7be (0xbfe5)
core   0: 0x8000b7b6 (0x00002f17) auipc   t5, 0x2
core   0: 3 0x8000b7b6 (0x00002f17) x30 0x8000d7b6
core   0: 0x8000b7ba (0x843f2523) sw      gp, -1974(t5)
core   0: 3 0x8000b7ba (0x843f2523) mem 0x8000d000 0x00000001
core   0: 0x8000b7be (0x0000bfe5) c.j     pc - 8
core   0: 3 0x8000b7be (0xbfe5)
core   0: 0x8000b7b6 (0x00002f17) auipc   t5, 0x2
core   0: 3 0x8000b7b6 (0x00002f17) x30 0x8000d7b6
core   0: 0x8000b7ba (0x843f2523) sw      gp, -1974(t5)
core   0: 3 0x8000b7ba (0x843f2523) mem 0x8000d000 0x00000001
core   0: 0x8000b7be (0x0000bfe5) c.j     pc - 8
core   0: 3 0x8000b7be (0xbfe5)
core   0: 0x8000b7b6 (0x00002f17) auipc   t5, 0x2
core   0: 3 0x8000b7b6 (0x00002f17) x30 0x8000d7b6
core   0: 0x8000b7ba (0x843f2523) sw      gp, -1974(t5)
core   0: 3 0x8000b7ba (0x843f2523) mem 0x8000d000 0x00000001
core   0: 0x8000b7be (0x0000bfe5) c.j     pc - 8
core   0: 3 0x8000b7be (0xbfe5)
core   0: 0x8000b7b6 (0x00002f17) auipc   t5, 0x2
core   0: 3 0x8000b7b6 (0x00002f17) x30 0x8000d7b6
core   0: 0x8000b7ba (0x843f2523) sw      gp, -1974(t5)
core   0: 3 0x8000b7ba (0x843f2523) mem 0x8000d000 0x00000001
core   0: 0x8000b7be (0x0000bfe5) c.j     pc - 8
core   0: 3 0x8000b7be (0xbfe5)
core   0: 0x8000b7b6 (0x00002f17) auipc   t5, 0x2
core   0: 3 0x8000b7b6 (0x00002f17) x30 0x8000d7b6
core   0: 0x8000b7ba (0x843f2523) sw      gp, -1974(t5)
core   0: 3 0x8000b7ba (0x843f2523) mem 0x8000d000 0x00000001
core   0: 0x8000b7be (0x0000bfe5) c.j     pc - 8
core   0: 3 0x8000b7be (0xbfe5)
core   0: 0x8000b7b6 (0x00002f17) auipc   t5, 0x2
core   0: 3 0x8000b7b6 (0x00002f17) x30 0x8000d7b6
core   0: 0x8000b7ba (0x843f2523) sw      gp, -1974(t5)
core   0: 3 0x8000b7ba (0x843f2523) mem 0x8000d000 0x00000001
core   0: 0x8000b7be (0x0000bfe5) c.j     pc - 8
core   0: 3 0x8000b7be (0xbfe5)
core   0: 0x8000b7b6 (0x00002f17) auipc   t5, 0x2
core   0: 3 0x8000b7b6 (0x00002f17) x30 0x8000d7b6
core   0: 0x8000b7ba (0x843f2523) sw      gp, -1974(t5)
core   0: 3 0x8000b7ba (0x843f2523) mem 0x8000d000 0x00000001
core   0: 0x8000b7be (0x0000bfe5) c.j     pc - 8
core   0: 3 0x8000b7be (0xbfe5)
core   0: 0x8000b7b6 (0x00002f17) auipc   t5, 0x2
core   0: 3 0x8000b7b6 (0x00002f17) x30 0x8000d7b6
core   0: 0x8000b7ba (0x843f2523) sw      gp, -1974(t5)
core   0: 3 0x8000b7ba (0x843f2523) mem 0x8000d000 0x00000001
core   0: 0x8000b7be (0x0000bfe5) c.j     pc - 8
core   0: 3 0x8000b7be (0xbfe5)
core   0: 0x8000b7b6 (0x00002f17) auipc   t5, 0x2
core   0: 3 0x8000b7b6 (0x00002f17) x30 0x8000d7b6
core   0: 0x8000b7ba (0x843f2523) sw      gp, -1974(t5)
core   0: 3 0x8000b7ba (0x843f2523) mem 0x8000d000 0x00000001
core   0: 0x8000b7be (0x0000bfe5) c.j     pc - 8
core   0: 3 0x8000b7be (0xbfe5)
core   0: 0x8000b7b6 (0x00002f17) auipc   t5, 0x2
core   0: 3 0x8000b7b6 (0x00002f17) x30 0x8000d7b6
core   0: 0x8000b7ba (0x843f2523) sw      gp, -1974(t5)
core   0: 3 0x8000b7ba (0x843f2523) mem 0x8000d000 0x00000001
core   0: 0x8000b7be (0x0000bfe5) c.j     pc - 8
core   0: 3 0x8000b7be (0xbfe5)
core   0: 0x8000b7b6 (0x00002f17) auipc   t5, 0x2
core   0: 3 0x8000b7b6 (0x00002f17) x30 0x8000d7b6
core   0: 0x8000b7ba (0x843f2523) sw      gp, -1974(t5)
core   0: 3 0x8000b7ba (0x843f2523) mem 0x8000d000 0x00000001
core   0: 0x8000b7be (0x0000bfe5) c.j     pc - 8
core   0: 3 0x8000b7be (0xbfe5)
core   0: 0x8000b7b6 (0x00002f17) auipc   t5, 0x2
core   0: 3 0x8000b7b6 (0x00002f17) x30 0x8000d7b6
core   0: 0x8000b7ba (0x843f2523) sw      gp, -1974(t5)
core   0: 3 0x8000b7ba (0x843f2523) mem 0x8000d000 0x00000001
core   0: 0x8000b7be (0x0000bfe5) c.j     pc - 8
core   0: 3 0x8000b7be (0xbfe5)
core   0: 0x8000b7b6 (0x00002f17) auipc   t5, 0x2
core   0: 3 0x8000b7b6 (0x00002f17) x30 0x8000d7b6
core   0: 0x8000b7ba (0x843f2523) sw      gp, -1974(t5)
core   0: 3 0x8000b7ba (0x843f2523) mem 0x8000d000 0x00000001
core   0: 0x8000b7be (0x0000bfe5) c.j     pc - 8
core   0: 3 0x8000b7be (0xbfe5)
core   0: 0x8000b7b6 (0x00002f17) auipc   t5, 0x2
core   0: 3 0x8000b7b6 (0x00002f17) x30 0x8000d7b6
core   0: 0x8000b7ba (0x843f2523) sw      gp, -1974(t5)
core   0: 3 0x8000b7ba (0x843f2523) mem 0x8000d000 0x00000001
core   0: 0x8000b7be (0x0000bfe5) c.j     pc - 8
core   0: 3 0x8000b7be (0xbfe5)
core   0: 0x8000b7b6 (0x00002f17) auipc   t5, 0x2
core   0: 3 0x8000b7b6 (0x00002f17) x30 0x8000d7b6
core   0: 0x8000b7ba (0x843f2523) sw      gp, -1974(t5)
core   0: 3 0x8000b7ba (0x843f2523) mem 0x8000d000 0x00000001
core   0: 0x8000b7be (0x0000bfe5) c.j     pc - 8
core   0: 3 0x8000b7be (0xbfe5)
core   0: 0x8000b7b6 (0x00002f17) auipc   t5, 0x2
core   0: 3 0x8000b7b6 (0x00002f17) x30 0x8000d7b6
core   0: 0x8000b7ba (0x843f2523) sw      gp, -1974(t5)
core   0: 3 0x8000b7ba (0x843f2523) mem 0x8000d000 0x00000001
core   0: 0x8000b7be (0x0000bfe5) c.j     pc - 8
core   0: 3 0x8000b7be (0xbfe5)
core   0: 0x8000b7b6 (0x00002f17) auipc   t5, 0x2
core   0: 3 0x8000b7b6 (0x00002f17) x30 0x8000d7b6
core   0: 0x8000b7ba (0x843f2523) sw      gp, -1974(t5)
core   0: 3 0x8000b7ba (0x843f2523) mem 0x8000d000 0x00000001
core   0: 0x8000b7be (0x0000bfe5) c.j     pc - 8
core   0: 3 0x8000b7be (0xbfe5)
core   0: 0x8000b7b6 (0x00002f17) auipc   t5, 0x2
core   0: 3 0x8000b7b6 (0x00002f17) x30 0x8000d7b6
core   0: 0x8000b7ba (0x843f2523) sw      gp, -1974(t5)
core   0: 3 0x8000b7ba (0x843f2523) mem 0x8000d000 0x00000001
core   0: 0x8000b7be (0x0000bfe5) c.j     pc - 8
core   0: 3 0x8000b7be (0xbfe5)
core   0: 0x8000b7b6 (0x00002f17) auipc   t5, 0x2
core   0: 3 0x8000b7b6 (0x00002f17) x30 0x8000d7b6
core   0: 0x8000b7ba (0x843f2523) sw      gp, -1974(t5)
core   0: 3 0x8000b7ba (0x843f2523) mem 0x8000d000 0x00000001
core   0: 0x8000b7be (0x0000bfe5) c.j     pc - 8
core   0: 3 0x8000b7be (0xbfe5)
core   0: 0x8000b7b6 (0x00002f17) auipc   t5, 0x2
core   0: 3 0x8000b7b6 (0x00002f17) x30 0x8000d7b6
core   0: 0x8000b7ba (0x843f2523) sw      gp, -1974(t5)
core   0: 3 0x8000b7ba (0x843f2523) mem 0x8000d000 0x00000001
core   0: 0x8000b7be (0x0000bfe5) c.j     pc - 8
core   0: 3 0x8000b7be (0xbfe5)
core   0: 0x8000b7b6 (0x00002f17) auipc   t5, 0x2
core   0: 3 0x8000b7b6 (0x00002f17) x30 0x8000d7b6
core   0: 0x8000b7ba (0x843f2523) sw      gp, -1974(t5)
core   0: 3 0x8000b7ba (0x843f2523) mem 0x8000d000 0x00000001
core   0: 0x8000b7be (0x0000bfe5) c.j     pc - 8
core   0: 3 0x8000b7be (0xbfe5)
core   0: 0x8000b7b6 (0x00002f17) auipc   t5, 0x2
core   0: 3 0x8000b7b6 (0x00002f17) x30 0x8000d7b6
core   0: 0x8000b7ba (0x843f2523) sw      gp, -1974(t5)
core   0: 3 0x8000b7ba (0x843f2523) mem 0x8000d000 0x00000001
core   0: 0x8000b7be (0x0000bfe5) c.j     pc - 8
core   0: 3 0x8000b7be (0xbfe5)
core   0: 0x8000b7b6 (0x00002f17) auipc   t5, 0x2
core   0: 3 0x8000b7b6 (0x00002f17) x30 0x8000d7b6
core   0: 0x8000b7ba (0x843f2523) sw      gp, -1974(t5)
core   0: 3 0x8000b7ba (0x843f2523) mem 0x8000d000 0x00000001
core   0: 0x8000b7be (0x0000bfe5) c.j     pc - 8
core   0: 3 0x8000b7be (0xbfe5)
core   0: 0x8000b7b6 (0x00002f17) auipc   t5, 0x2
core   0: 3 0x8000b7b6 (0x00002f17) x30 0x8000d7b6
core   0: 0x8000b7ba (0x843f2523) sw      gp, -1974(t5)
core   0: 3 0x8000b7ba (0x843f2523) mem 0x8000d000 0x00000001
core   0: 0x8000b7be (0x0000bfe5) c.j     pc - 8
core   0: 3 0x8000b7be (0xbfe5)
core   0: 0x8000b7b6 (0x00002f17) auipc   t5, 0x2
core   0: 3 0x8000b7b6 (0x00002f17) x30 0x8000d7b6
core   0: 0x8000b7ba (0x843f2523) sw      gp, -1974(t5)
core   0: 3 0x8000b7ba (0x843f2523) mem 0x8000d000 0x00000001
core   0: 0x8000b7be (0x0000bfe5) c.j     pc - 8
core   0: 3 0x8000b7be (0xbfe5)
core   0: 0x8000b7b6 (0x00002f17) auipc   t5, 0x2
core   0: 3 0x8000b7b6 (0x00002f17) x30 0x8000d7b6
core   0: 0x8000b7ba (0x843f2523) sw      gp, -1974(t5)
core   0: 3 0x8000b7ba (0x843f2523) mem 0x8000d000 0x00000001
core   0: 0x8000b7be (0x0000bfe5) c.j     pc - 8
core   0: 3 0x8000b7be (0xbfe5)
core   0: 0x8000b7b6 (0x00002f17) auipc   t5, 0x2
core   0: 3 0x8000b7b6 (0x00002f17) x30 0x8000d7b6
core   0: 0x8000b7ba (0x843f2523) sw      gp, -1974(t5)
core   0: 3 0x8000b7ba (0x843f2523) mem 0x8000d000 0x00000001
core   0: 0x8000b7be (0x0000bfe5) c.j     pc - 8
core   0: 3 0x8000b7be (0xbfe5)
core   0: 0x8000b7b6 (0x00002f17) auipc   t5, 0x2
core   0: 3 0x8000b7b6 (0x00002f17) x30 0x8000d7b6
core   0: 0x8000b7ba (0x843f2523) sw      gp, -1974(t5)
core   0: 3 0x8000b7ba (0x843f2523) mem 0x8000d000 0x00000001
core   0: 0x8000b7be (0x0000bfe5) c.j     pc - 8
core   0: 3 0x8000b7be (0xbfe5)
core   0: 0x8000b7b6 (0x00002f17) auipc   t5, 0x2
core   0: 3 0x8000b7b6 (0x00002f17) x30 0x8000d7b6
core   0: 0x8000b7ba (0x843f2523) sw      gp, -1974(t5)
core   0: 3 0x8000b7ba (0x843f2523) mem 0x8000d000 0x00000001
core   0: 0x8000b7be (0x0000bfe5) c.j     pc - 8
core   0: 3 0x8000b7be (0xbfe5)
core   0: 0x8000b7b6 (0x00002f17) auipc   t5, 0x2
core   0: 3 0x8000b7b6 (0x00002f17) x30 0x8000d7b6
core   0: 0x8000b7ba (0x843f2523) sw      gp, -1974(t5)
core   0: 3 0x8000b7ba (0x843f2523) mem 0x8000d000 0x00000001
core   0: 0x8000b7be (0x0000bfe5) c.j     pc - 8
core   0: 3 0x8000b7be (0xbfe5)
core   0: 0x8000b7b6 (0x00002f17) auipc   t5, 0x2
core   0: 3 0x8000b7b6 (0x00002f17) x30 0x8000d7b6
core   0: 0x8000b7ba (0x843f2523) sw      gp, -1974(t5)
core   0: 3 0x8000b7ba (0x843f2523) mem 0x8000d000 0x00000001
core   0: 0x8000b7be (0x0000bfe5) c.j     pc - 8
core   0: 3 0x8000b7be (0xbfe5)
core   0: 0x8000b7b6 (0x00002f17) auipc   t5, 0x2
core   0: 3 0x8000b7b6 (0x00002f17) x30 0x8000d7b6
core   0: 0x8000b7ba (0x843f2523) sw      gp, -1974(t5)
core   0: 3 0x8000b7ba (0x843f2523) mem 0x8000d000 0x00000001
core   0: 0x8000b7be (0x0000bfe5) c.j     pc - 8
core   0: 3 0x8000b7be (0xbfe5)
core   0: 0x8000b7b6 (0x00002f17) auipc   t5, 0x2
core   0: 3 0x8000b7b6 (0x00002f17) x30 0x8000d7b6
core   0: 0x8000b7ba (0x843f2523) sw      gp, -1974(t5)
core   0: 3 0x8000b7ba (0x843f2523) mem 0x8000d000 0x00000001
core   0: 0x8000b7be (0x0000bfe5) c.j     pc - 8
core   0: 3 0x8000b7be (0xbfe5)
core   0: 0x8000b7b6 (0x00002f17) auipc   t5, 0x2
core   0: 3 0x8000b7b6 (0x00002f17) x30 0x8000d7b6
core   0: 0x8000b7ba (0x843f2523) sw      gp, -1974(t5)
core   0: 3 0x8000b7ba (0x843f2523) mem 0x8000d000 0x00000001
core   0: 0x8000b7be (0x0000bfe5) c.j     pc - 8
core   0: 3 0x8000b7be (0xbfe5)
core   0: 0x8000b7b6 (0x00002f17) auipc   t5, 0x2
core   0: 3 0x8000b7b6 (0x00002f17) x30 0x8000d7b6
core   0: 0x8000b7ba (0x843f2523) sw      gp, -1974(t5)
core   0: 3 0x8000b7ba (0x843f2523) mem 0x8000d000 0x00000001
core   0: 0x8000b7be (0x0000bfe5) c.j     pc - 8
core   0: 3 0x8000b7be (0xbfe5)
core   0: 0x8000b7b6 (0x00002f17) auipc   t5, 0x2
core   0: 3 0x8000b7b6 (0x00002f17) x30 0x8000d7b6
core   0: 0x8000b7ba (0x843f2523) sw      gp, -1974(t5)
core   0: 3 0x8000b7ba (0x843f2523) mem 0x8000d000 0x00000001
core   0: 0x8000b7be (0x0000bfe5) c.j     pc - 8
core   0: 3 0x8000b7be (0xbfe5)
core   0: 0x8000b7b6 (0x00002f17) auipc   t5, 0x2
core   0: 3 0x8000b7b6 (0x00002f17) x30 0x8000d7b6
core   0: 0x8000b7ba (0x843f2523) sw      gp, -1974(t5)
core   0: 3 0x8000b7ba (0x843f2523) mem 0x8000d000 0x00000001
core   0: 0x8000b7be (0x0000bfe5) c.j     pc - 8
core   0: 3 0x8000b7be (0xbfe5)
core   0: 0x8000b7b6 (0x00002f17) auipc   t5, 0x2
core   0: 3 0x8000b7b6 (0x00002f17) x30 0x8000d7b6
core   0: 0x8000b7ba (0x843f2523) sw      gp, -1974(t5)
core   0: 3 0x8000b7ba (0x843f2523) mem 0x8000d000 0x00000001
core   0: 0x8000b7be (0x0000bfe5) c.j     pc - 8
core   0: 3 0x8000b7be (0xbfe5)
core   0: 0x8000b7b6 (0x00002f17) auipc   t5, 0x2
core   0: 3 0x8000b7b6 (0x00002f17) x30 0x8000d7b6
core   0: 0x8000b7ba (0x843f2523) sw      gp, -1974(t5)
core   0: 3 0x8000b7ba (0x843f2523) mem 0x8000d000 0x00000001
core   0: 0x8000b7be (0x0000bfe5) c.j     pc - 8
core   0: 3 0x8000b7be (0xbfe5)
core   0: 0x8000b7b6 (0x00002f17) auipc   t5, 0x2
core   0: 3 0x8000b7b6 (0x00002f17) x30 0x8000d7b6
core   0: 0x8000b7ba (0x843f2523) sw      gp, -1974(t5)
core   0: 3 0x8000b7ba (0x843f2523) mem 0x8000d000 0x00000001
core   0: 0x8000b7be (0x0000bfe5) c.j     pc - 8
core   0: 3 0x8000b7be (0xbfe5)
core   0: 0x8000b7b6 (0x00002f17) auipc   t5, 0x2
core   0: 3 0x8000b7b6 (0x00002f17) x30 0x8000d7b6
core   0: 0x8000b7ba (0x843f2523) sw      gp, -1974(t5)
core   0: 3 0x8000b7ba (0x843f2523) mem 0x8000d000 0x00000001
core   0: 0x8000b7be (0x0000bfe5) c.j     pc - 8
core   0: 3 0x8000b7be (0xbfe5)
core   0: 0x8000b7b6 (0x00002f17) auipc   t5, 0x2
core   0: 3 0x8000b7b6 (0x00002f17) x30 0x8000d7b6
core   0: 0x8000b7ba (0x843f2523) sw      gp, -1974(t5)
core   0: 3 0x8000b7ba (0x843f2523) mem 0x8000d000 0x00000001
core   0: 0x8000b7be (0x0000bfe5) c.j     pc - 8
core   0: 3 0x8000b7be (0xbfe5)
core   0: 0x8000b7b6 (0x00002f17) auipc   t5, 0x2
core   0: 3 0x8000b7b6 (0x00002f17) x30 0x8000d7b6
core   0: 0x8000b7ba (0x843f2523) sw      gp, -1974(t5)
core   0: 3 0x8000b7ba (0x843f2523) mem 0x8000d000 0x00000001
core   0: 0x8000b7be (0x0000bfe5) c.j     pc - 8
core   0: 3 0x8000b7be (0xbfe5)
core   0: 0x8000b7b6 (0x00002f17) auipc   t5, 0x2
core   0: 3 0x8000b7b6 (0x00002f17) x30 0x8000d7b6
core   0: 0x8000b7ba (0x843f2523) sw      gp, -1974(t5)
core   0: 3 0x8000b7ba (0x843f2523) mem 0x8000d000 0x00000001
core   0: 0x8000b7be (0x0000bfe5) c.j     pc - 8
core   0: 3 0x8000b7be (0xbfe5)
core   0: 0x8000b7b6 (0x00002f17) auipc   t5, 0x2
core   0: 3 0x8000b7b6 (0x00002f17) x30 0x8000d7b6
core   0: 0x8000b7ba (0x843f2523) sw      gp, -1974(t5)
core   0: 3 0x8000b7ba (0x843f2523) mem 0x8000d000 0x00000001
core   0: 0x8000b7be (0x0000bfe5) c.j     pc - 8
core   0: 3 0x8000b7be (0xbfe5)
core   0: 0x8000b7b6 (0x00002f17) auipc   t5, 0x2
core   0: 3 0x8000b7b6 (0x00002f17) x30 0x8000d7b6
core   0: 0x8000b7ba (0x843f2523) sw      gp, -1974(t5)
core   0: 3 0x8000b7ba (0x843f2523) mem 0x8000d000 0x00000001
core   0: 0x8000b7be (0x0000bfe5) c.j     pc - 8
core   0: 3 0x8000b7be (0xbfe5)
core   0: 0x8000b7b6 (0x00002f17) auipc   t5, 0x2
core   0: 3 0x8000b7b6 (0x00002f17) x30 0x8000d7b6
core   0: 0x8000b7ba (0x843f2523) sw      gp, -1974(t5)
core   0: 3 0x8000b7ba (0x843f2523) mem 0x8000d000 0x00000001
core   0: 0x8000b7be (0x0000bfe5) c.j     pc - 8
core   0: 3 0x8000b7be (0xbfe5)
core   0: 0x8000b7b6 (0x00002f17) auipc   t5, 0x2
core   0: 3 0x8000b7b6 (0x00002f17) x30 0x8000d7b6
core   0: 0x8000b7ba (0x843f2523) sw      gp, -1974(t5)
core   0: 3 0x8000b7ba (0x843f2523) mem 0x8000d000 0x00000001
core   0: 0x8000b7be (0x0000bfe5) c.j     pc - 8
core   0: 3 0x8000b7be (0xbfe5)
core   0: 0x8000b7b6 (0x00002f17) auipc   t5, 0x2
core   0: 3 0x8000b7b6 (0x00002f17) x30 0x8000d7b6
core   0: 0x8000b7ba (0x843f2523) sw      gp, -1974(t5)
core   0: 3 0x8000b7ba (0x843f2523) mem 0x8000d000 0x00000001
core   0: 0x8000b7be (0x0000bfe5) c.j     pc - 8
core   0: 3 0x8000b7be (0xbfe5)
core   0: 0x8000b7b6 (0x00002f17) auipc   t5, 0x2
core   0: 3 0x8000b7b6 (0x00002f17) x30 0x8000d7b6
core   0: 0x8000b7ba (0x843f2523) sw      gp, -1974(t5)
core   0: 3 0x8000b7ba (0x843f2523) mem 0x8000d000 0x00000001
core   0: 0x8000b7be (0x0000bfe5) c.j     pc - 8
core   0: 3 0x8000b7be (0xbfe5)
core   0: 0x8000b7b6 (0x00002f17) auipc   t5, 0x2
core   0: 3 0x8000b7b6 (0x00002f17) x30 0x8000d7b6
core   0: 0x8000b7ba (0x843f2523) sw      gp, -1974(t5)
core   0: 3 0x8000b7ba (0x843f2523) mem 0x8000d000 0x00000001
core   0: 0x8000b7be (0x0000bfe5) c.j     pc - 8
core   0: 3 0x8000b7be (0xbfe5)
core   0: 0x8000b7b6 (0x00002f17) auipc   t5, 0x2
core   0: 3 0x8000b7b6 (0x00002f17) x30 0x8000d7b6
core   0: 0x8000b7ba (0x843f2523) sw      gp, -1974(t5)
core   0: 3 0x8000b7ba (0x843f2523) mem 0x8000d000 0x00000001
core   0: 0x8000b7be (0x0000bfe5) c.j     pc - 8
core   0: 3 0x8000b7be (0xbfe5)
core   0: 0x8000b7b6 (0x00002f17) auipc   t5, 0x2
core   0: 3 0x8000b7b6 (0x00002f17) x30 0x8000d7b6
core   0: 0x8000b7ba (0x843f2523) sw      gp, -1974(t5)
core   0: 3 0x8000b7ba (0x843f2523) mem 0x8000d000 0x00000001
core   0: 0x8000b7be (0x0000bfe5) c.j     pc - 8
core   0: 3 0x8000b7be (0xbfe5)
core   0: 0x8000b7b6 (0x00002f17) auipc   t5, 0x2
core   0: 3 0x8000b7b6 (0x00002f17) x30 0x8000d7b6
core   0: 0x8000b7ba (0x843f2523) sw      gp, -1974(t5)
core   0: 3 0x8000b7ba (0x843f2523) mem 0x8000d000 0x00000001
core   0: 0x8000b7be (0x0000bfe5) c.j     pc - 8
core   0: 3 0x8000b7be (0xbfe5)
core   0: 0x8000b7b6 (0x00002f17) auipc   t5, 0x2
core   0: 3 0x8000b7b6 (0x00002f17) x30 0x8000d7b6
core   0: 0x8000b7ba (0x843f2523) sw      gp, -1974(t5)
core   0: 3 0x8000b7ba (0x843f2523) mem 0x8000d000 0x00000001
core   0: 0x8000b7be (0x0000bfe5) c.j     pc - 8
core   0: 3 0x8000b7be (0xbfe5)
core   0: 0x8000b7b6 (0x00002f17) auipc   t5, 0x2
core   0: 3 0x8000b7b6 (0x00002f17) x30 0x8000d7b6
core   0: 0x8000b7ba (0x843f2523) sw      gp, -1974(t5)
core   0: 3 0x8000b7ba (0x843f2523) mem 0x8000d000 0x00000001
core   0: 0x8000b7be (0x0000bfe5) c.j     pc - 8
core   0: 3 0x8000b7be (0xbfe5)
core   0: 0x8000b7b6 (0x00002f17) auipc   t5, 0x2
core   0: 3 0x8000b7b6 (0x00002f17) x30 0x8000d7b6
core   0: 0x8000b7ba (0x843f2523) sw      gp, -1974(t5)
core   0: 3 0x8000b7ba (0x843f2523) mem 0x8000d000 0x00000001
core   0: 0x8000b7be (0x0000bfe5) c.j     pc - 8
core   0: 3 0x8000b7be (0xbfe5)
core   0: 0x8000b7b6 (0x00002f17) auipc   t5, 0x2
core   0: 3 0x8000b7b6 (0x00002f17) x30 0x8000d7b6
core   0: 0x8000b7ba (0x843f2523) sw      gp, -1974(t5)
core   0: 3 0x8000b7ba (0x843f2523) mem 0x8000d000 0x00000001
core   0: 0x8000b7be (0x0000bfe5) c.j     pc - 8
core   0: 3 0x8000b7be (0xbfe5)
core   0: 0x8000b7b6 (0x00002f17) auipc   t5, 0x2
core   0: 3 0x8000b7b6 (0x00002f17) x30 0x8000d7b6
core   0: 0x8000b7ba (0x843f2523) sw      gp, -1974(t5)
core   0: 3 0x8000b7ba (0x843f2523) mem 0x8000d000 0x00000001
core   0: 0x8000b7be (0x0000bfe5) c.j     pc - 8
core   0: 3 0x8000b7be (0xbfe5)
core   0: 0x8000b7b6 (0x00002f17) auipc   t5, 0x2
core   0: 3 0x8000b7b6 (0x00002f17) x30 0x8000d7b6
core   0: 0x8000b7ba (0x843f2523) sw      gp, -1974(t5)
core   0: 3 0x8000b7ba (0x843f2523) mem 0x8000d000 0x00000001
core   0: 0x8000b7be (0x0000bfe5) c.j     pc - 8
core   0: 3 0x8000b7be (0xbfe5)
core   0: 0x8000b7b6 (0x00002f17) auipc   t5, 0x2
core   0: 3 0x8000b7b6 (0x00002f17) x30 0x8000d7b6
core   0: 0x8000b7ba (0x843f2523) sw      gp, -1974(t5)
core   0: 3 0x8000b7ba (0x843f2523) mem 0x8000d000 0x00000001
core   0: 0x8000b7be (0x0000bfe5) c.j     pc - 8
core   0: 3 0x8000b7be (0xbfe5)
core   0: 0x8000b7b6 (0x00002f17) auipc   t5, 0x2
core   0: 3 0x8000b7b6 (0x00002f17) x30 0x8000d7b6
core   0: 0x8000b7ba (0x843f2523) sw      gp, -1974(t5)
core   0: 3 0x8000b7ba (0x843f2523) mem 0x8000d000 0x00000001
core   0: 0x8000b7be (0x0000bfe5) c.j     pc - 8
core   0: 3 0x8000b7be (0xbfe5)
core   0: 0x8000b7b6 (0x00002f17) auipc   t5, 0x2
core   0: 3 0x8000b7b6 (0x00002f17) x30 0x8000d7b6
core   0: 0x8000b7ba (0x843f2523) sw      gp, -1974(t5)
core   0: 3 0x8000b7ba (0x843f2523) mem 0x8000d000 0x00000001
core   0: 0x8000b7be (0x0000bfe5) c.j     pc - 8
core   0: 3 0x8000b7be (0xbfe5)
core   0: 0x8000b7b6 (0x00002f17) auipc   t5, 0x2
core   0: 3 0x8000b7b6 (0x00002f17) x30 0x8000d7b6
core   0: 0x8000b7ba (0x843f2523) sw      gp, -1974(t5)
core   0: 3 0x8000b7ba (0x843f2523) mem 0x8000d000 0x00000001
core   0: 0x8000b7be (0x0000bfe5) c.j     pc - 8
core   0: 3 0x8000b7be (0xbfe5)
core   0: 0x8000b7b6 (0x00002f17) auipc   t5, 0x2
core   0: 3 0x8000b7b6 (0x00002f17) x30 0x8000d7b6
core   0: 0x8000b7ba (0x843f2523) sw      gp, -1974(t5)
core   0: 3 0x8000b7ba (0x843f2523) mem 0x8000d000 0x00000001
core   0: 0x8000b7be (0x0000bfe5) c.j     pc - 8
core   0: 3 0x8000b7be (0xbfe5)
core   0: 0x8000b7b6 (0x00002f17) auipc   t5, 0x2
core   0: 3 0x8000b7b6 (0x00002f17) x30 0x8000d7b6
core   0: 0x8000b7ba (0x843f2523) sw      gp, -1974(t5)
core   0: 3 0x8000b7ba (0x843f2523) mem 0x8000d000 0x00000001
core   0: 0x8000b7be (0x0000bfe5) c.j     pc - 8
core   0: 3 0x8000b7be (0xbfe5)
core   0: 0x8000b7b6 (0x00002f17) auipc   t5, 0x2
core   0: 3 0x8000b7b6 (0x00002f17) x30 0x8000d7b6
core   0: 0x8000b7ba (0x843f2523) sw      gp, -1974(t5)
core   0: 3 0x8000b7ba (0x843f2523) mem 0x8000d000 0x00000001
core   0: 0x8000b7be (0x0000bfe5) c.j     pc - 8
core   0: 3 0x8000b7be (0xbfe5)
core   0: 0x8000b7b6 (0x00002f17) auipc   t5, 0x2
core   0: 3 0x8000b7b6 (0x00002f17) x30 0x8000d7b6
core   0: 0x8000b7ba (0x843f2523) sw      gp, -1974(t5)
core   0: 3 0x8000b7ba (0x843f2523) mem 0x8000d000 0x00000001
core   0: 0x8000b7be (0x0000bfe5) c.j     pc - 8
core   0: 3 0x8000b7be (0xbfe5)
core   0: 0x8000b7b6 (0x00002f17) auipc   t5, 0x2
core   0: 3 0x8000b7b6 (0x00002f17) x30 0x8000d7b6
core   0: 0x8000b7ba (0x843f2523) sw      gp, -1974(t5)
core   0: 3 0x8000b7ba (0x843f2523) mem 0x8000d000 0x00000001
core   0: 0x8000b7be (0x0000bfe5) c.j     pc - 8
core   0: 3 0x8000b7be (0xbfe5)
core   0: 0x8000b7b6 (0x00002f17) auipc   t5, 0x2
core   0: 3 0x8000b7b6 (0x00002f17) x30 0x8000d7b6
core   0: 0x8000b7ba (0x843f2523) sw      gp, -1974(t5)
core   0: 3 0x8000b7ba (0x843f2523) mem 0x8000d000 0x00000001
core   0: 0x8000b7be (0x0000bfe5) c.j     pc - 8
core   0: 3 0x8000b7be (0xbfe5)
core   0: 0x8000b7b6 (0x00002f17) auipc   t5, 0x2
core   0: 3 0x8000b7b6 (0x00002f17) x30 0x8000d7b6
core   0: 0x8000b7ba (0x843f2523) sw      gp, -1974(t5)
core   0: 3 0x8000b7ba (0x843f2523) mem 0x8000d000 0x00000001
core   0: 0x8000b7be (0x0000bfe5) c.j     pc - 8
core   0: 3 0x8000b7be (0xbfe5)
core   0: 0x8000b7b6 (0x00002f17) auipc   t5, 0x2
core   0: 3 0x8000b7b6 (0x00002f17) x30 0x8000d7b6
core   0: 0x8000b7ba (0x843f2523) sw      gp, -1974(t5)
core   0: 3 0x8000b7ba (0x843f2523) mem 0x8000d000 0x00000001
core   0: 0x8000b7be (0x0000bfe5) c.j     pc - 8
core   0: 3 0x8000b7be (0xbfe5)
core   0: 0x8000b7b6 (0x00002f17) auipc   t5, 0x2
core   0: 3 0x8000b7b6 (0x00002f17) x30 0x8000d7b6
core   0: 0x8000b7ba (0x843f2523) sw      gp, -1974(t5)
core   0: 3 0x8000b7ba (0x843f2523) mem 0x8000d000 0x00000001
core   0: 0x8000b7be (0x0000bfe5) c.j     pc - 8
core   0: 3 0x8000b7be (0xbfe5)
core   0: 0x8000b7b6 (0x00002f17) auipc   t5, 0x2
core   0: 3 0x8000b7b6 (0x00002f17) x30 0x8000d7b6
core   0: 0x8000b7ba (0x843f2523) sw      gp, -1974(t5)
core   0: 3 0x8000b7ba (0x843f2523) mem 0x8000d000 0x00000001
core   0: 0x8000b7be (0x0000bfe5) c.j     pc - 8
core   0: 3 0x8000b7be (0xbfe5)
core   0: 0x8000b7b6 (0x00002f17) auipc   t5, 0x2
core   0: 3 0x8000b7b6 (0x00002f17) x30 0x8000d7b6
core   0: 0x8000b7ba (0x843f2523) sw      gp, -1974(t5)
core   0: 3 0x8000b7ba (0x843f2523) mem 0x8000d000 0x00000001
core   0: 0x8000b7be (0x0000bfe5) c.j     pc - 8
core   0: 3 0x8000b7be (0xbfe5)
core   0: 0x8000b7b6 (0x00002f17) auipc   t5, 0x2
core   0: 3 0x8000b7b6 (0x00002f17) x30 0x8000d7b6
core   0: 0x8000b7ba (0x843f2523) sw      gp, -1974(t5)
core   0: 3 0x8000b7ba (0x843f2523) mem 0x8000d000 0x00000001
core   0: 0x8000b7be (0x0000bfe5) c.j     pc - 8
core   0: 3 0x8000b7be (0xbfe5)
core   0: 0x8000b7b6 (0x00002f17) auipc   t5, 0x2
core   0: 3 0x8000b7b6 (0x00002f17) x30 0x8000d7b6
core   0: 0x8000b7ba (0x843f2523) sw      gp, -1974(t5)
core   0: 3 0x8000b7ba (0x843f2523) mem 0x8000d000 0x00000001
core   0: 0x8000b7be (0x0000bfe5) c.j     pc - 8
core   0: 3 0x8000b7be (0xbfe5)
core   0: 0x8000b7b6 (0x00002f17) auipc   t5, 0x2
core   0: 3 0x8000b7b6 (0x00002f17) x30 0x8000d7b6
core   0: 0x8000b7ba (0x843f2523) sw      gp, -1974(t5)
core   0: 3 0x8000b7ba (0x843f2523) mem 0x8000d000 0x00000001
core   0: 0x8000b7be (0x0000bfe5) c.j     pc - 8
core   0: 3 0x8000b7be (0xbfe5)
core   0: 0x8000b7b6 (0x00002f17) auipc   t5, 0x2
core   0: 3 0x8000b7b6 (0x00002f17) x30 0x8000d7b6
core   0: 0x8000b7ba (0x843f2523) sw      gp, -1974(t5)
core   0: 3 0x8000b7ba (0x843f2523) mem 0x8000d000 0x00000001
core   0: 0x8000b7be (0x0000bfe5) c.j     pc - 8
core   0: 3 0x8000b7be (0xbfe5)
core   0: 0x8000b7b6 (0x00002f17) auipc   t5, 0x2
core   0: 3 0x8000b7b6 (0x00002f17) x30 0x8000d7b6
core   0: 0x8000b7ba (0x843f2523) sw      gp, -1974(t5)
core   0: 3 0x8000b7ba (0x843f2523) mem 0x8000d000 0x00000001
core   0: 0x8000b7be (0x0000bfe5) c.j     pc - 8
core   0: 3 0x8000b7be (0xbfe5)
core   0: 0x8000b7b6 (0x00002f17) auipc   t5, 0x2
core   0: 3 0x8000b7b6 (0x00002f17) x30 0x8000d7b6
core   0: 0x8000b7ba (0x843f2523) sw      gp, -1974(t5)
core   0: 3 0x8000b7ba (0x843f2523) mem 0x8000d000 0x00000001
core   0: 0x8000b7be (0x0000bfe5) c.j     pc - 8
core   0: 3 0x8000b7be (0xbfe5)
core   0: 0x8000b7b6 (0x00002f17) auipc   t5, 0x2
core   0: 3 0x8000b7b6 (0x00002f17) x30 0x8000d7b6
core   0: 0x8000b7ba (0x843f2523) sw      gp, -1974(t5)
core   0: 3 0x8000b7ba (0x843f2523) mem 0x8000d000 0x00000001
core   0: 0x8000b7be (0x0000bfe5) c.j     pc - 8
core   0: 3 0x8000b7be (0xbfe5)
core   0: 0x8000b7b6 (0x00002f17) auipc   t5, 0x2
core   0: 3 0x8000b7b6 (0x00002f17) x30 0x8000d7b6
core   0: 0x8000b7ba (0x843f2523) sw      gp, -1974(t5)
core   0: 3 0x8000b7ba (0x843f2523) mem 0x8000d000 0x00000001
core   0: 0x8000b7be (0x0000bfe5) c.j     pc - 8
core   0: 3 0x8000b7be (0xbfe5)
core   0: 0x8000b7b6 (0x00002f17) auipc   t5, 0x2
core   0: 3 0x8000b7b6 (0x00002f17) x30 0x8000d7b6
core   0: 0x8000b7ba (0x843f2523) sw      gp, -1974(t5)
core   0: 3 0x8000b7ba (0x843f2523) mem 0x8000d000 0x00000001
core   0: 0x8000b7be (0x0000bfe5) c.j     pc - 8
core   0: 3 0x8000b7be (0xbfe5)
core   0: 0x8000b7b6 (0x00002f17) auipc   t5, 0x2
core   0: 3 0x8000b7b6 (0x00002f17) x30 0x8000d7b6
core   0: 0x8000b7ba (0x843f2523) sw      gp, -1974(t5)
core   0: 3 0x8000b7ba (0x843f2523) mem 0x8000d000 0x00000001
core   0: 0x8000b7be (0x0000bfe5) c.j     pc - 8
core   0: 3 0x8000b7be (0xbfe5)
core   0: 0x8000b7b6 (0x00002f17) auipc   t5, 0x2
core   0: 3 0x8000b7b6 (0x00002f17) x30 0x8000d7b6
core   0: 0x8000b7ba (0x843f2523) sw      gp, -1974(t5)
core   0: 3 0x8000b7ba (0x843f2523) mem 0x8000d000 0x00000001
core   0: 0x8000b7be (0x0000bfe5) c.j     pc - 8
core   0: 3 0x8000b7be (0xbfe5)
core   0: 0x8000b7b6 (0x00002f17) auipc   t5, 0x2
core   0: 3 0x8000b7b6 (0x00002f17) x30 0x8000d7b6
core   0: 0x8000b7ba (0x843f2523) sw      gp, -1974(t5)
core   0: 3 0x8000b7ba (0x843f2523) mem 0x8000d000 0x00000001
core   0: 0x8000b7be (0x0000bfe5) c.j     pc - 8
core   0: 3 0x8000b7be (0xbfe5)
core   0: 0x8000b7b6 (0x00002f17) auipc   t5, 0x2
core   0: 3 0x8000b7b6 (0x00002f17) x30 0x8000d7b6
core   0: 0x8000b7ba (0x843f2523) sw      gp, -1974(t5)
core   0: 3 0x8000b7ba (0x843f2523) mem 0x8000d000 0x00000001
core   0: 0x8000b7be (0x0000bfe5) c.j     pc - 8
core   0: 3 0x8000b7be (0xbfe5)
core   0: 0x8000b7b6 (0x00002f17) auipc   t5, 0x2
core   0: 3 0x8000b7b6 (0x00002f17) x30 0x8000d7b6
core   0: 0x8000b7ba (0x843f2523) sw      gp, -1974(t5)
core   0: 3 0x8000b7ba (0x843f2523) mem 0x8000d000 0x00000001
core   0: 0x8000b7be (0x0000bfe5) c.j     pc - 8
core   0: 3 0x8000b7be (0xbfe5)
core   0: 0x8000b7b6 (0x00002f17) auipc   t5, 0x2
core   0: 3 0x8000b7b6 (0x00002f17) x30 0x8000d7b6
core   0: 0x8000b7ba (0x843f2523) sw      gp, -1974(t5)
core   0: 3 0x8000b7ba (0x843f2523) mem 0x8000d000 0x00000001
core   0: 0x8000b7be (0x0000bfe5) c.j     pc - 8
core   0: 3 0x8000b7be (0xbfe5)
core   0: 0x8000b7b6 (0x00002f17) auipc   t5, 0x2
core   0: 3 0x8000b7b6 (0x00002f17) x30 0x8000d7b6
core   0: 0x8000b7ba (0x843f2523) sw      gp, -1974(t5)
core   0: 3 0x8000b7ba (0x843f2523) mem 0x8000d000 0x00000001
core   0: 0x8000b7be (0x0000bfe5) c.j     pc - 8
core   0: 3 0x8000b7be (0xbfe5)
core   0: 0x8000b7b6 (0x00002f17) auipc   t5, 0x2
core   0: 3 0x8000b7b6 (0x00002f17) x30 0x8000d7b6
core   0: 0x8000b7ba (0x843f2523) sw      gp, -1974(t5)
core   0: 3 0x8000b7ba (0x843f2523) mem 0x8000d000 0x00000001
core   0: 0x8000b7be (0x0000bfe5) c.j     pc - 8
core   0: 3 0x8000b7be (0xbfe5)
core   0: 0x8000b7b6 (0x00002f17) auipc   t5, 0x2
core   0: 3 0x8000b7b6 (0x00002f17) x30 0x8000d7b6
core   0: 0x8000b7ba (0x843f2523) sw      gp, -1974(t5)
core   0: 3 0x8000b7ba (0x843f2523) mem 0x8000d000 0x00000001
core   0: 0x8000b7be (0x0000bfe5) c.j     pc - 8
core   0: 3 0x8000b7be (0xbfe5)
core   0: 0x8000b7b6 (0x00002f17) auipc   t5, 0x2
core   0: 3 0x8000b7b6 (0x00002f17) x30 0x8000d7b6
core   0: 0x8000b7ba (0x843f2523) sw      gp, -1974(t5)
core   0: 3 0x8000b7ba (0x843f2523) mem 0x8000d000 0x00000001
core   0: 0x8000b7be (0x0000bfe5) c.j     pc - 8
core   0: 3 0x8000b7be (0xbfe5)
core   0: 0x8000b7b6 (0x00002f17) auipc   t5, 0x2
core   0: 3 0x8000b7b6 (0x00002f17) x30 0x8000d7b6
core   0: 0x8000b7ba (0x843f2523) sw      gp, -1974(t5)
core   0: 3 0x8000b7ba (0x843f2523) mem 0x8000d000 0x00000001
core   0: 0x8000b7be (0x0000bfe5) c.j     pc - 8
core   0: 3 0x8000b7be (0xbfe5)
core   0: 0x8000b7b6 (0x00002f17) auipc   t5, 0x2
core   0: 3 0x8000b7b6 (0x00002f17) x30 0x8000d7b6
core   0: 0x8000b7ba (0x843f2523) sw      gp, -1974(t5)
core   0: 3 0x8000b7ba (0x843f2523) mem 0x8000d000 0x00000001
core   0: 0x8000b7be (0x0000bfe5) c.j     pc - 8
core   0: 3 0x8000b7be (0xbfe5)
core   0: 0x8000b7b6 (0x00002f17) auipc   t5, 0x2
core   0: 3 0x8000b7b6 (0x00002f17) x30 0x8000d7b6
core   0: 0x8000b7ba (0x843f2523) sw      gp, -1974(t5)
core   0: 3 0x8000b7ba (0x843f2523) mem 0x8000d000 0x00000001
core   0: 0x8000b7be (0x0000bfe5) c.j     pc - 8
core   0: 3 0x8000b7be (0xbfe5)
core   0: 0x8000b7b6 (0x00002f17) auipc   t5, 0x2
core   0: 3 0x8000b7b6 (0x00002f17) x30 0x8000d7b6
core   0: 0x8000b7ba (0x843f2523) sw      gp, -1974(t5)
core   0: 3 0x8000b7ba (0x843f2523) mem 0x8000d000 0x00000001
core   0: 0x8000b7be (0x0000bfe5) c.j     pc - 8
core   0: 3 0x8000b7be (0xbfe5)
core   0: 0x8000b7b6 (0x00002f17) auipc   t5, 0x2
core   0: 3 0x8000b7b6 (0x00002f17) x30 0x8000d7b6
core   0: 0x8000b7ba (0x843f2523) sw      gp, -1974(t5)
core   0: 3 0x8000b7ba (0x843f2523) mem 0x8000d000 0x00000001
core   0: 0x8000b7be (0x0000bfe5) c.j     pc - 8
core   0: 3 0x8000b7be (0xbfe5)
core   0: 0x8000b7b6 (0x00002f17) auipc   t5, 0x2
core   0: 3 0x8000b7b6 (0x00002f17) x30 0x8000d7b6
core   0: 0x8000b7ba (0x843f2523) sw      gp, -1974(t5)
core   0: 3 0x8000b7ba (0x843f2523) mem 0x8000d000 0x00000001
core   0: 0x8000b7be (0x0000bfe5) c.j     pc - 8
core   0: 3 0x8000b7be (0xbfe5)
core   0: 0x8000b7b6 (0x00002f17) auipc   t5, 0x2
core   0: 3 0x8000b7b6 (0x00002f17) x30 0x8000d7b6
core   0: 0x8000b7ba (0x843f2523) sw      gp, -1974(t5)
core   0: 3 0x8000b7ba (0x843f2523) mem 0x8000d000 0x00000001
core   0: 0x8000b7be (0x0000bfe5) c.j     pc - 8
core   0: 3 0x8000b7be (0xbfe5)
core   0: 0x8000b7b6 (0x00002f17) auipc   t5, 0x2
core   0: 3 0x8000b7b6 (0x00002f17) x30 0x8000d7b6
core   0: 0x8000b7ba (0x843f2523) sw      gp, -1974(t5)
core   0: 3 0x8000b7ba (0x843f2523) mem 0x8000d000 0x00000001
core   0: 0x8000b7be (0x0000bfe5) c.j     pc - 8
core   0: 3 0x8000b7be (0xbfe5)
core   0: 0x8000b7b6 (0x00002f17) auipc   t5, 0x2
core   0: 3 0x8000b7b6 (0x00002f17) x30 0x8000d7b6
core   0: 0x8000b7ba (0x843f2523) sw      gp, -1974(t5)
core   0: 3 0x8000b7ba (0x843f2523) mem 0x8000d000 0x00000001
core   0: 0x8000b7be (0x0000bfe5) c.j     pc - 8
core   0: 3 0x8000b7be (0xbfe5)
core   0: 0x8000b7b6 (0x00002f17) auipc   t5, 0x2
core   0: 3 0x8000b7b6 (0x00002f17) x30 0x8000d7b6
core   0: 0x8000b7ba (0x843f2523) sw      gp, -1974(t5)
core   0: 3 0x8000b7ba (0x843f2523) mem 0x8000d000 0x00000001
core   0: 0x8000b7be (0x0000bfe5) c.j     pc - 8
core   0: 3 0x8000b7be (0xbfe5)
core   0: 0x8000b7b6 (0x00002f17) auipc   t5, 0x2
core   0: 3 0x8000b7b6 (0x00002f17) x30 0x8000d7b6
core   0: 0x8000b7ba (0x843f2523) sw      gp, -1974(t5)
core   0: 3 0x8000b7ba (0x843f2523) mem 0x8000d000 0x00000001
core   0: 0x8000b7be (0x0000bfe5) c.j     pc - 8
core   0: 3 0x8000b7be (0xbfe5)
core   0: 0x8000b7b6 (0x00002f17) auipc   t5, 0x2
core   0: 3 0x8000b7b6 (0x00002f17) x30 0x8000d7b6
core   0: 0x8000b7ba (0x843f2523) sw      gp, -1974(t5)
core   0: 3 0x8000b7ba (0x843f2523) mem 0x8000d000 0x00000001
core   0: 0x8000b7be (0x0000bfe5) c.j     pc - 8
core   0: 3 0x8000b7be (0xbfe5)
core   0: 0x8000b7b6 (0x00002f17) auipc   t5, 0x2
core   0: 3 0x8000b7b6 (0x00002f17) x30 0x8000d7b6
core   0: 0x8000b7ba (0x843f2523) sw      gp, -1974(t5)
core   0: 3 0x8000b7ba (0x843f2523) mem 0x8000d000 0x00000001
core   0: 0x8000b7be (0x0000bfe5) c.j     pc - 8
core   0: 3 0x8000b7be (0xbfe5)
core   0: 0x8000b7b6 (0x00002f17) auipc   t5, 0x2
core   0: 3 0x8000b7b6 (0x00002f17) x30 0x8000d7b6
core   0: 0x8000b7ba (0x843f2523) sw      gp, -1974(t5)
core   0: 3 0x8000b7ba (0x843f2523) mem 0x8000d000 0x00000001
core   0: 0x8000b7be (0x0000bfe5) c.j     pc - 8
core   0: 3 0x8000b7be (0xbfe5)
core   0: 0x8000b7b6 (0x00002f17) auipc   t5, 0x2
core   0: 3 0x8000b7b6 (0x00002f17) x30 0x8000d7b6
core   0: 0x8000b7ba (0x843f2523) sw      gp, -1974(t5)
core   0: 3 0x8000b7ba (0x843f2523) mem 0x8000d000 0x00000001
core   0: 0x8000b7be (0x0000bfe5) c.j     pc - 8
core   0: 3 0x8000b7be (0xbfe5)
core   0: 0x8000b7b6 (0x00002f17) auipc   t5, 0x2
core   0: 3 0x8000b7b6 (0x00002f17) x30 0x8000d7b6
core   0: 0x8000b7ba (0x843f2523) sw      gp, -1974(t5)
core   0: 3 0x8000b7ba (0x843f2523) mem 0x8000d000 0x00000001
core   0: 0x8000b7be (0x0000bfe5) c.j     pc - 8
core   0: 3 0x8000b7be (0xbfe5)
core   0: 0x8000b7b6 (0x00002f17) auipc   t5, 0x2
core   0: 3 0x8000b7b6 (0x00002f17) x30 0x8000d7b6
core   0: 0x8000b7ba (0x843f2523) sw      gp, -1974(t5)
core   0: 3 0x8000b7ba (0x843f2523) mem 0x8000d000 0x00000001
core   0: 0x8000b7be (0x0000bfe5) c.j     pc - 8
core   0: 3 0x8000b7be (0xbfe5)
core   0: 0x8000b7b6 (0x00002f17) auipc   t5, 0x2
core   0: 3 0x8000b7b6 (0x00002f17) x30 0x8000d7b6
core   0: 0x8000b7ba (0x843f2523) sw      gp, -1974(t5)
core   0: 3 0x8000b7ba (0x843f2523) mem 0x8000d000 0x00000001
core   0: 0x8000b7be (0x0000bfe5) c.j     pc - 8
core   0: 3 0x8000b7be (0xbfe5)
core   0: 0x8000b7b6 (0x00002f17) auipc   t5, 0x2
core   0: 3 0x8000b7b6 (0x00002f17) x30 0x8000d7b6
core   0: 0x8000b7ba (0x843f2523) sw      gp, -1974(t5)
core   0: 3 0x8000b7ba (0x843f2523) mem 0x8000d000 0x00000001
core   0: 0x8000b7be (0x0000bfe5) c.j     pc - 8
core   0: 3 0x8000b7be (0xbfe5)
core   0: 0x8000b7b6 (0x00002f17) auipc   t5, 0x2
core   0: 3 0x8000b7b6 (0x00002f17) x30 0x8000d7b6
core   0: 0x8000b7ba (0x843f2523) sw      gp, -1974(t5)
core   0: 3 0x8000b7ba (0x843f2523) mem 0x8000d000 0x00000001
core   0: 0x8000b7be (0x0000bfe5) c.j     pc - 8
core   0: 3 0x8000b7be (0xbfe5)
core   0: 0x8000b7b6 (0x00002f17) auipc   t5, 0x2
core   0: 3 0x8000b7b6 (0x00002f17) x30 0x8000d7b6
core   0: 0x8000b7ba (0x843f2523) sw      gp, -1974(t5)
core   0: 3 0x8000b7ba (0x843f2523) mem 0x8000d000 0x00000001
core   0: 0x8000b7be (0x0000bfe5) c.j     pc - 8
core   0: 3 0x8000b7be (0xbfe5)
core   0: 0x8000b7b6 (0x00002f17) auipc   t5, 0x2
core   0: 3 0x8000b7b6 (0x00002f17) x30 0x8000d7b6
core   0: 0x8000b7ba (0x843f2523) sw      gp, -1974(t5)
core   0: 3 0x8000b7ba (0x843f2523) mem 0x8000d000 0x00000001
core   0: 0x8000b7be (0x0000bfe5) c.j     pc - 8
core   0: 3 0x8000b7be (0xbfe5)
core   0: 0x8000b7b6 (0x00002f17) auipc   t5, 0x2
core   0: 3 0x8000b7b6 (0x00002f17) x30 0x8000d7b6
core   0: 0x8000b7ba (0x843f2523) sw      gp, -1974(t5)
core   0: 3 0x8000b7ba (0x843f2523) mem 0x8000d000 0x00000001
core   0: 0x8000b7be (0x0000bfe5) c.j     pc - 8
core   0: 3 0x8000b7be (0xbfe5)
core   0: 0x8000b7b6 (0x00002f17) auipc   t5, 0x2
core   0: 3 0x8000b7b6 (0x00002f17) x30 0x8000d7b6
core   0: 0x8000b7ba (0x843f2523) sw      gp, -1974(t5)
core   0: 3 0x8000b7ba (0x843f2523) mem 0x8000d000 0x00000001
core   0: 0x8000b7be (0x0000bfe5) c.j     pc - 8
core   0: 3 0x8000b7be (0xbfe5)
core   0: 0x8000b7b6 (0x00002f17) auipc   t5, 0x2
core   0: 3 0x8000b7b6 (0x00002f17) x30 0x8000d7b6
core   0: 0x8000b7ba (0x843f2523) sw      gp, -1974(t5)
core   0: 3 0x8000b7ba (0x843f2523) mem 0x8000d000 0x00000001
core   0: 0x8000b7be (0x0000bfe5) c.j     pc - 8
core   0: 3 0x8000b7be (0xbfe5)
core   0: 0x8000b7b6 (0x00002f17) auipc   t5, 0x2
core   0: 3 0x8000b7b6 (0x00002f17) x30 0x8000d7b6
core   0: 0x8000b7ba (0x843f2523) sw      gp, -1974(t5)
core   0: 3 0x8000b7ba (0x843f2523) mem 0x8000d000 0x00000001
core   0: 0x8000b7be (0x0000bfe5) c.j     pc - 8
core   0: 3 0x8000b7be (0xbfe5)
core   0: 0x8000b7b6 (0x00002f17) auipc   t5, 0x2
core   0: 3 0x8000b7b6 (0x00002f17) x30 0x8000d7b6
core   0: 0x8000b7ba (0x843f2523) sw      gp, -1974(t5)
core   0: 3 0x8000b7ba (0x843f2523) mem 0x8000d000 0x00000001
core   0: 0x8000b7be (0x0000bfe5) c.j     pc - 8
core   0: 3 0x8000b7be (0xbfe5)
core   0: 0x8000b7b6 (0x00002f17) auipc   t5, 0x2
core   0: 3 0x8000b7b6 (0x00002f17) x30 0x8000d7b6
core   0: 0x8000b7ba (0x843f2523) sw      gp, -1974(t5)
core   0: 3 0x8000b7ba (0x843f2523) mem 0x8000d000 0x00000001
core   0: 0x8000b7be (0x0000bfe5) c.j     pc - 8
core   0: 3 0x8000b7be (0xbfe5)
core   0: 0x8000b7b6 (0x00002f17) auipc   t5, 0x2
core   0: 3 0x8000b7b6 (0x00002f17) x30 0x8000d7b6
core   0: 0x8000b7ba (0x843f2523) sw      gp, -1974(t5)
core   0: 3 0x8000b7ba (0x843f2523) mem 0x8000d000 0x00000001
core   0: 0x8000b7be (0x0000bfe5) c.j     pc - 8
core   0: 3 0x8000b7be (0xbfe5)
core   0: 0x8000b7b6 (0x00002f17) auipc   t5, 0x2
core   0: 3 0x8000b7b6 (0x00002f17) x30 0x8000d7b6
core   0: 0x8000b7ba (0x843f2523) sw      gp, -1974(t5)
core   0: 3 0x8000b7ba (0x843f2523) mem 0x8000d000 0x00000001
core   0: 0x8000b7be (0x0000bfe5) c.j     pc - 8
core   0: 3 0x8000b7be (0xbfe5)
core   0: 0x8000b7b6 (0x00002f17) auipc   t5, 0x2
core   0: 3 0x8000b7b6 (0x00002f17) x30 0x8000d7b6
core   0: 0x8000b7ba (0x843f2523) sw      gp, -1974(t5)
core   0: 3 0x8000b7ba (0x843f2523) mem 0x8000d000 0x00000001
core   0: 0x8000b7be (0x0000bfe5) c.j     pc - 8
core   0: 3 0x8000b7be (0xbfe5)
core   0: 0x8000b7b6 (0x00002f17) auipc   t5, 0x2
core   0: 3 0x8000b7b6 (0x00002f17) x30 0x8000d7b6
core   0: 0x8000b7ba (0x843f2523) sw      gp, -1974(t5)
core   0: 3 0x8000b7ba (0x843f2523) mem 0x8000d000 0x00000001
core   0: 0x8000b7be (0x0000bfe5) c.j     pc - 8
core   0: 3 0x8000b7be (0xbfe5)
core   0: 0x8000b7b6 (0x00002f17) auipc   t5, 0x2
core   0: 3 0x8000b7b6 (0x00002f17) x30 0x8000d7b6
core   0: 0x8000b7ba (0x843f2523) sw      gp, -1974(t5)
core   0: 3 0x8000b7ba (0x843f2523) mem 0x8000d000 0x00000001
core   0: 0x8000b7be (0x0000bfe5) c.j     pc - 8
core   0: 3 0x8000b7be (0xbfe5)
core   0: 0x8000b7b6 (0x00002f17) auipc   t5, 0x2
core   0: 3 0x8000b7b6 (0x00002f17) x30 0x8000d7b6
core   0: 0x8000b7ba (0x843f2523) sw      gp, -1974(t5)
core   0: 3 0x8000b7ba (0x843f2523) mem 0x8000d000 0x00000001
core   0: 0x8000b7be (0x0000bfe5) c.j     pc - 8
core   0: 3 0x8000b7be (0xbfe5)
core   0: 0x8000b7b6 (0x00002f17) auipc   t5, 0x2
core   0: 3 0x8000b7b6 (0x00002f17) x30 0x8000d7b6
core   0: 0x8000b7ba (0x843f2523) sw      gp, -1974(t5)
core   0: 3 0x8000b7ba (0x843f2523) mem 0x8000d000 0x00000001
core   0: 0x8000b7be (0x0000bfe5) c.j     pc - 8
core   0: 3 0x8000b7be (0xbfe5)
core   0: 0x8000b7b6 (0x00002f17) auipc   t5, 0x2
core   0: 3 0x8000b7b6 (0x00002f17) x30 0x8000d7b6
core   0: 0x8000b7ba (0x843f2523) sw      gp, -1974(t5)
core   0: 3 0x8000b7ba (0x843f2523) mem 0x8000d000 0x00000001
core   0: 0x8000b7be (0x0000bfe5) c.j     pc - 8
core   0: 3 0x8000b7be (0xbfe5)
core   0: 0x8000b7b6 (0x00002f17) auipc   t5, 0x2
core   0: 3 0x8000b7b6 (0x00002f17) x30 0x8000d7b6
core   0: 0x8000b7ba (0x843f2523) sw      gp, -1974(t5)
core   0: 3 0x8000b7ba (0x843f2523) mem 0x8000d000 0x00000001
core   0: 0x8000b7be (0x0000bfe5) c.j     pc - 8
core   0: 3 0x8000b7be (0xbfe5)
core   0: 0x8000b7b6 (0x00002f17) auipc   t5, 0x2
core   0: 3 0x8000b7b6 (0x00002f17) x30 0x8000d7b6
core   0: 0x8000b7ba (0x843f2523) sw      gp, -1974(t5)
core   0: 3 0x8000b7ba (0x843f2523) mem 0x8000d000 0x00000001
core   0: 0x8000b7be (0x0000bfe5) c.j     pc - 8
core   0: 3 0x8000b7be (0xbfe5)
core   0: 0x8000b7b6 (0x00002f17) auipc   t5, 0x2
core   0: 3 0x8000b7b6 (0x00002f17) x30 0x8000d7b6
core   0: 0x8000b7ba (0x843f2523) sw      gp, -1974(t5)
core   0: 3 0x8000b7ba (0x843f2523) mem 0x8000d000 0x00000001
core   0: 0x8000b7be (0x0000bfe5) c.j     pc - 8
core   0: 3 0x8000b7be (0xbfe5)
core   0: 0x8000b7b6 (0x00002f17) auipc   t5, 0x2
core   0: 3 0x8000b7b6 (0x00002f17) x30 0x8000d7b6
core   0: 0x8000b7ba (0x843f2523) sw      gp, -1974(t5)
core   0: 3 0x8000b7ba (0x843f2523) mem 0x8000d000 0x00000001
core   0: 0x8000b7be (0x0000bfe5) c.j     pc - 8
core   0: 3 0x8000b7be (0xbfe5)
core   0: 0x8000b7b6 (0x00002f17) auipc   t5, 0x2
core   0: 3 0x8000b7b6 (0x00002f17) x30 0x8000d7b6
core   0: 0x8000b7ba (0x843f2523) sw      gp, -1974(t5)
core   0: 3 0x8000b7ba (0x843f2523) mem 0x8000d000 0x00000001
core   0: 0x8000b7be (0x0000bfe5) c.j     pc - 8
core   0: 3 0x8000b7be (0xbfe5)
core   0: 0x8000b7b6 (0x00002f17) auipc   t5, 0x2
core   0: 3 0x8000b7b6 (0x00002f17) x30 0x8000d7b6
core   0: 0x8000b7ba (0x843f2523) sw      gp, -1974(t5)
core   0: 3 0x8000b7ba (0x843f2523) mem 0x8000d000 0x00000001
core   0: 0x8000b7be (0x0000bfe5) c.j     pc - 8
core   0: 3 0x8000b7be (0xbfe5)
core   0: 0x8000b7b6 (0x00002f17) auipc   t5, 0x2
core   0: 3 0x8000b7b6 (0x00002f17) x30 0x8000d7b6
core   0: 0x8000b7ba (0x843f2523) sw      gp, -1974(t5)
core   0: 3 0x8000b7ba (0x843f2523) mem 0x8000d000 0x00000001
core   0: 0x8000b7be (0x0000bfe5) c.j     pc - 8
core   0: 3 0x8000b7be (0xbfe5)
core   0: 0x8000b7b6 (0x00002f17) auipc   t5, 0x2
core   0: 3 0x8000b7b6 (0x00002f17) x30 0x8000d7b6
core   0: 0x8000b7ba (0x843f2523) sw      gp, -1974(t5)
core   0: 3 0x8000b7ba (0x843f2523) mem 0x8000d000 0x00000001
core   0: 0x8000b7be (0x0000bfe5) c.j     pc - 8
core   0: 3 0x8000b7be (0xbfe5)
core   0: 0x8000b7b6 (0x00002f17) auipc   t5, 0x2
core   0: 3 0x8000b7b6 (0x00002f17) x30 0x8000d7b6
core   0: 0x8000b7ba (0x843f2523) sw      gp, -1974(t5)
core   0: 3 0x8000b7ba (0x843f2523) mem 0x8000d000 0x00000001
core   0: 0x8000b7be (0x0000bfe5) c.j     pc - 8
core   0: 3 0x8000b7be (0xbfe5)
core   0: 0x8000b7b6 (0x00002f17) auipc   t5, 0x2
core   0: 3 0x8000b7b6 (0x00002f17) x30 0x8000d7b6
core   0: 0x8000b7ba (0x843f2523) sw      gp, -1974(t5)
core   0: 3 0x8000b7ba (0x843f2523) mem 0x8000d000 0x00000001
core   0: 0x8000b7be (0x0000bfe5) c.j     pc - 8
core   0: 3 0x8000b7be (0xbfe5)
core   0: 0x8000b7b6 (0x00002f17) auipc   t5, 0x2
core   0: 3 0x8000b7b6 (0x00002f17) x30 0x8000d7b6
core   0: 0x8000b7ba (0x843f2523) sw      gp, -1974(t5)
core   0: 3 0x8000b7ba (0x843f2523) mem 0x8000d000 0x00000001
core   0: 0x8000b7be (0x0000bfe5) c.j     pc - 8
core   0: 3 0x8000b7be (0xbfe5)
core   0: 0x8000b7b6 (0x00002f17) auipc   t5, 0x2
core   0: 3 0x8000b7b6 (0x00002f17) x30 0x8000d7b6
core   0: 0x8000b7ba (0x843f2523) sw      gp, -1974(t5)
core   0: 3 0x8000b7ba (0x843f2523) mem 0x8000d000 0x00000001
core   0: 0x8000b7be (0x0000bfe5) c.j     pc - 8
core   0: 3 0x8000b7be (0xbfe5)
core   0: 0x8000b7b6 (0x00002f17) auipc   t5, 0x2
core   0: 3 0x8000b7b6 (0x00002f17) x30 0x8000d7b6
core   0: 0x8000b7ba (0x843f2523) sw      gp, -1974(t5)
core   0: 3 0x8000b7ba (0x843f2523) mem 0x8000d000 0x00000001
core   0: 0x8000b7be (0x0000bfe5) c.j     pc - 8
core   0: 3 0x8000b7be (0xbfe5)
core   0: 0x8000b7b6 (0x00002f17) auipc   t5, 0x2
core   0: 3 0x8000b7b6 (0x00002f17) x30 0x8000d7b6
core   0: 0x8000b7ba (0x843f2523) sw      gp, -1974(t5)
core   0: 3 0x8000b7ba (0x843f2523) mem 0x8000d000 0x00000001
core   0: 0x8000b7be (0x0000bfe5) c.j     pc - 8
core   0: 3 0x8000b7be (0xbfe5)
core   0: 0x8000b7b6 (0x00002f17) auipc   t5, 0x2
core   0: 3 0x8000b7b6 (0x00002f17) x30 0x8000d7b6
core   0: 0x8000b7ba (0x843f2523) sw      gp, -1974(t5)
core   0: 3 0x8000b7ba (0x843f2523) mem 0x8000d000 0x00000001
core   0: 0x8000b7be (0x0000bfe5) c.j     pc - 8
core   0: 3 0x8000b7be (0xbfe5)
core   0: 0x8000b7b6 (0x00002f17) auipc   t5, 0x2
core   0: 3 0x8000b7b6 (0x00002f17) x30 0x8000d7b6
core   0: 0x8000b7ba (0x843f2523) sw      gp, -1974(t5)
core   0: 3 0x8000b7ba (0x843f2523) mem 0x8000d000 0x00000001
core   0: 0x8000b7be (0x0000bfe5) c.j     pc - 8
core   0: 3 0x8000b7be (0xbfe5)
core   0: 0x8000b7b6 (0x00002f17) auipc   t5, 0x2
core   0: 3 0x8000b7b6 (0x00002f17) x30 0x8000d7b6
core   0: 0x8000b7ba (0x843f2523) sw      gp, -1974(t5)
core   0: 3 0x8000b7ba (0x843f2523) mem 0x8000d000 0x00000001
core   0: 0x8000b7be (0x0000bfe5) c.j     pc - 8
core   0: 3 0x8000b7be (0xbfe5)
core   0: 0x8000b7b6 (0x00002f17) auipc   t5, 0x2
core   0: 3 0x8000b7b6 (0x00002f17) x30 0x8000d7b6
core   0: 0x8000b7ba (0x843f2523) sw      gp, -1974(t5)
core   0: 3 0x8000b7ba (0x843f2523) mem 0x8000d000 0x00000001
core   0: 0x8000b7be (0x0000bfe5) c.j     pc - 8
core   0: 3 0x8000b7be (0xbfe5)
core   0: 0x8000b7b6 (0x00002f17) auipc   t5, 0x2
core   0: 3 0x8000b7b6 (0x00002f17) x30 0x8000d7b6
core   0: 0x8000b7ba (0x843f2523) sw      gp, -1974(t5)
core   0: 3 0x8000b7ba (0x843f2523) mem 0x8000d000 0x00000001
core   0: 0x8000b7be (0x0000bfe5) c.j     pc - 8
core   0: 3 0x8000b7be (0xbfe5)
core   0: 0x8000b7b6 (0x00002f17) auipc   t5, 0x2
core   0: 3 0x8000b7b6 (0x00002f17) x30 0x8000d7b6
core   0: 0x8000b7ba (0x843f2523) sw      gp, -1974(t5)
core   0: 3 0x8000b7ba (0x843f2523) mem 0x8000d000 0x00000001
core   0: 0x8000b7be (0x0000bfe5) c.j     pc - 8
core   0: 3 0x8000b7be (0xbfe5)
core   0: 0x8000b7b6 (0x00002f17) auipc   t5, 0x2
core   0: 3 0x8000b7b6 (0x00002f17) x30 0x8000d7b6
core   0: 0x8000b7ba (0x843f2523) sw      gp, -1974(t5)
core   0: 3 0x8000b7ba (0x843f2523) mem 0x8000d000 0x00000001
core   0: 0x8000b7be (0x0000bfe5) c.j     pc - 8
core   0: 3 0x8000b7be (0xbfe5)
core   0: 0x8000b7b6 (0x00002f17) auipc   t5, 0x2
core   0: 3 0x8000b7b6 (0x00002f17) x30 0x8000d7b6
core   0: 0x8000b7ba (0x843f2523) sw      gp, -1974(t5)
core   0: 3 0x8000b7ba (0x843f2523) mem 0x8000d000 0x00000001
core   0: 0x8000b7be (0x0000bfe5) c.j     pc - 8
core   0: 3 0x8000b7be (0xbfe5)
core   0: 0x8000b7b6 (0x00002f17) auipc   t5, 0x2
core   0: 3 0x8000b7b6 (0x00002f17) x30 0x8000d7b6
core   0: 0x8000b7ba (0x843f2523) sw      gp, -1974(t5)
core   0: 3 0x8000b7ba (0x843f2523) mem 0x8000d000 0x00000001
core   0: 0x8000b7be (0x0000bfe5) c.j     pc - 8
core   0: 3 0x8000b7be (0xbfe5)
core   0: 0x8000b7b6 (0x00002f17) auipc   t5, 0x2
core   0: 3 0x8000b7b6 (0x00002f17) x30 0x8000d7b6
core   0: 0x8000b7ba (0x843f2523) sw      gp, -1974(t5)
core   0: 3 0x8000b7ba (0x843f2523) mem 0x8000d000 0x00000001
core   0: 0x8000b7be (0x0000bfe5) c.j     pc - 8
core   0: 3 0x8000b7be (0xbfe5)
core   0: 0x8000b7b6 (0x00002f17) auipc   t5, 0x2
core   0: 3 0x8000b7b6 (0x00002f17) x30 0x8000d7b6
core   0: 0x8000b7ba (0x843f2523) sw      gp, -1974(t5)
core   0: 3 0x8000b7ba (0x843f2523) mem 0x8000d000 0x00000001
core   0: 0x8000b7be (0x0000bfe5) c.j     pc - 8
core   0: 3 0x8000b7be (0xbfe5)
core   0: 0x8000b7b6 (0x00002f17) auipc   t5, 0x2
core   0: 3 0x8000b7b6 (0x00002f17) x30 0x8000d7b6
core   0: 0x8000b7ba (0x843f2523) sw      gp, -1974(t5)
core   0: 3 0x8000b7ba (0x843f2523) mem 0x8000d000 0x00000001
core   0: 0x8000b7be (0x0000bfe5) c.j     pc - 8
core   0: 3 0x8000b7be (0xbfe5)
core   0: 0x8000b7b6 (0x00002f17) auipc   t5, 0x2
core   0: 3 0x8000b7b6 (0x00002f17) x30 0x8000d7b6
core   0: 0x8000b7ba (0x843f2523) sw      gp, -1974(t5)
core   0: 3 0x8000b7ba (0x843f2523) mem 0x8000d000 0x00000001
core   0: 0x8000b7be (0x0000bfe5) c.j     pc - 8
core   0: 3 0x8000b7be (0xbfe5)
core   0: 0x8000b7b6 (0x00002f17) auipc   t5, 0x2
core   0: 3 0x8000b7b6 (0x00002f17) x30 0x8000d7b6
core   0: 0x8000b7ba (0x843f2523) sw      gp, -1974(t5)
core   0: 3 0x8000b7ba (0x843f2523) mem 0x8000d000 0x00000001
core   0: 0x8000b7be (0x0000bfe5) c.j     pc - 8
core   0: 3 0x8000b7be (0xbfe5)
core   0: 0x8000b7b6 (0x00002f17) auipc   t5, 0x2
core   0: 3 0x8000b7b6 (0x00002f17) x30 0x8000d7b6
core   0: 0x8000b7ba (0x843f2523) sw      gp, -1974(t5)
core   0: 3 0x8000b7ba (0x843f2523) mem 0x8000d000 0x00000001
core   0: 0x8000b7be (0x0000bfe5) c.j     pc - 8
core   0: 3 0x8000b7be (0xbfe5)
core   0: 0x8000b7b6 (0x00002f17) auipc   t5, 0x2
core   0: 3 0x8000b7b6 (0x00002f17) x30 0x8000d7b6
core   0: 0x8000b7ba (0x843f2523) sw      gp, -1974(t5)
core   0: 3 0x8000b7ba (0x843f2523) mem 0x8000d000 0x00000001
core   0: 0x8000b7be (0x0000bfe5) c.j     pc - 8
core   0: 3 0x8000b7be (0xbfe5)
core   0: 0x8000b7b6 (0x00002f17) auipc   t5, 0x2
core   0: 3 0x8000b7b6 (0x00002f17) x30 0x8000d7b6
core   0: 0x8000b7ba (0x843f2523) sw      gp, -1974(t5)
core   0: 3 0x8000b7ba (0x843f2523) mem 0x8000d000 0x00000001
core   0: 0x8000b7be (0x0000bfe5) c.j     pc - 8
core   0: 3 0x8000b7be (0xbfe5)
core   0: 0x8000b7b6 (0x00002f17) auipc   t5, 0x2
core   0: 3 0x8000b7b6 (0x00002f17) x30 0x8000d7b6
core   0: 0x8000b7ba (0x843f2523) sw      gp, -1974(t5)
core   0: 3 0x8000b7ba (0x843f2523) mem 0x8000d000 0x00000001
core   0: 0x8000b7be (0x0000bfe5) c.j     pc - 8
core   0: 3 0x8000b7be (0xbfe5)
core   0: 0x8000b7b6 (0x00002f17) auipc   t5, 0x2
core   0: 3 0x8000b7b6 (0x00002f17) x30 0x8000d7b6
core   0: 0x8000b7ba (0x843f2523) sw      gp, -1974(t5)
core   0: 3 0x8000b7ba (0x843f2523) mem 0x8000d000 0x00000001
core   0: 0x8000b7be (0x0000bfe5) c.j     pc - 8
core   0: 3 0x8000b7be (0xbfe5)
core   0: 0x8000b7b6 (0x00002f17) auipc   t5, 0x2
core   0: 3 0x8000b7b6 (0x00002f17) x30 0x8000d7b6
core   0: 0x8000b7ba (0x843f2523) sw      gp, -1974(t5)
core   0: 3 0x8000b7ba (0x843f2523) mem 0x8000d000 0x00000001
core   0: 0x8000b7be (0x0000bfe5) c.j     pc - 8
core   0: 3 0x8000b7be (0xbfe5)
core   0: 0x8000b7b6 (0x00002f17) auipc   t5, 0x2
core   0: 3 0x8000b7b6 (0x00002f17) x30 0x8000d7b6
core   0: 0x8000b7ba (0x843f2523) sw      gp, -1974(t5)
core   0: 3 0x8000b7ba (0x843f2523) mem 0x8000d000 0x00000001
core   0: 0x8000b7be (0x0000bfe5) c.j     pc - 8
core   0: 3 0x8000b7be (0xbfe5)
core   0: 0x8000b7b6 (0x00002f17) auipc   t5, 0x2
core   0: 3 0x8000b7b6 (0x00002f17) x30 0x8000d7b6
core   0: 0x8000b7ba (0x843f2523) sw      gp, -1974(t5)
core   0: 3 0x8000b7ba (0x843f2523) mem 0x8000d000 0x00000001
core   0: 0x8000b7be (0x0000bfe5) c.j     pc - 8
core   0: 3 0x8000b7be (0xbfe5)
core   0: 0x8000b7b6 (0x00002f17) auipc   t5, 0x2
core   0: 3 0x8000b7b6 (0x00002f17) x30 0x8000d7b6
core   0: 0x8000b7ba (0x843f2523) sw      gp, -1974(t5)
core   0: 3 0x8000b7ba (0x843f2523) mem 0x8000d000 0x00000001
core   0: 0x8000b7be (0x0000bfe5) c.j     pc - 8
core   0: 3 0x8000b7be (0xbfe5)
core   0: 0x8000b7b6 (0x00002f17) auipc   t5, 0x2
core   0: 3 0x8000b7b6 (0x00002f17) x30 0x8000d7b6
core   0: 0x8000b7ba (0x843f2523) sw      gp, -1974(t5)
core   0: 3 0x8000b7ba (0x843f2523) mem 0x8000d000 0x00000001
core   0: 0x8000b7be (0x0000bfe5) c.j     pc - 8
core   0: 3 0x8000b7be (0xbfe5)
core   0: 0x8000b7b6 (0x00002f17) auipc   t5, 0x2
core   0: 3 0x8000b7b6 (0x00002f17) x30 0x8000d7b6
core   0: 0x8000b7ba (0x843f2523) sw      gp, -1974(t5)
core   0: 3 0x8000b7ba (0x843f2523) mem 0x8000d000 0x00000001
core   0: 0x8000b7be (0x0000bfe5) c.j     pc - 8
core   0: 3 0x8000b7be (0xbfe5)
core   0: 0x8000b7b6 (0x00002f17) auipc   t5, 0x2
core   0: 3 0x8000b7b6 (0x00002f17) x30 0x8000d7b6
core   0: 0x8000b7ba (0x843f2523) sw      gp, -1974(t5)
core   0: 3 0x8000b7ba (0x843f2523) mem 0x8000d000 0x00000001
core   0: 0x8000b7be (0x0000bfe5) c.j     pc - 8
core   0: 3 0x8000b7be (0xbfe5)
core   0: 0x8000b7b6 (0x00002f17) auipc   t5, 0x2
core   0: 3 0x8000b7b6 (0x00002f17) x30 0x8000d7b6
core   0: 0x8000b7ba (0x843f2523) sw      gp, -1974(t5)
core   0: 3 0x8000b7ba (0x843f2523) mem 0x8000d000 0x00000001
core   0: 0x8000b7be (0x0000bfe5) c.j     pc - 8
core   0: 3 0x8000b7be (0xbfe5)
core   0: 0x8000b7b6 (0x00002f17) auipc   t5, 0x2
core   0: 3 0x8000b7b6 (0x00002f17) x30 0x8000d7b6
core   0: 0x8000b7ba (0x843f2523) sw      gp, -1974(t5)
core   0: 3 0x8000b7ba (0x843f2523) mem 0x8000d000 0x00000001
core   0: 0x8000b7be (0x0000bfe5) c.j     pc - 8
core   0: 3 0x8000b7be (0xbfe5)
core   0: 0x8000b7b6 (0x00002f17) auipc   t5, 0x2
core   0: 3 0x8000b7b6 (0x00002f17) x30 0x8000d7b6
core   0: 0x8000b7ba (0x843f2523) sw      gp, -1974(t5)
core   0: 3 0x8000b7ba (0x843f2523) mem 0x8000d000 0x00000001
core   0: 0x8000b7be (0x0000bfe5) c.j     pc - 8
core   0: 3 0x8000b7be (0xbfe5)
core   0: 0x8000b7b6 (0x00002f17) auipc   t5, 0x2
core   0: 3 0x8000b7b6 (0x00002f17) x30 0x8000d7b6
core   0: 0x8000b7ba (0x843f2523) sw      gp, -1974(t5)
core   0: 3 0x8000b7ba (0x843f2523) mem 0x8000d000 0x00000001
core   0: 0x8000b7be (0x0000bfe5) c.j     pc - 8
core   0: 3 0x8000b7be (0xbfe5)
core   0: 0x8000b7b6 (0x00002f17) auipc   t5, 0x2
core   0: 3 0x8000b7b6 (0x00002f17) x30 0x8000d7b6
core   0: 0x8000b7ba (0x843f2523) sw      gp, -1974(t5)
core   0: 3 0x8000b7ba (0x843f2523) mem 0x8000d000 0x00000001
core   0: 0x8000b7be (0x0000bfe5) c.j     pc - 8
core   0: 3 0x8000b7be (0xbfe5)
core   0: 0x8000b7b6 (0x00002f17) auipc   t5, 0x2
core   0: 3 0x8000b7b6 (0x00002f17) x30 0x8000d7b6
core   0: 0x8000b7ba (0x843f2523) sw      gp, -1974(t5)
core   0: 3 0x8000b7ba (0x843f2523) mem 0x8000d000 0x00000001
core   0: 0x8000b7be (0x0000bfe5) c.j     pc - 8
core   0: 3 0x8000b7be (0xbfe5)
core   0: 0x8000b7b6 (0x00002f17) auipc   t5, 0x2
core   0: 3 0x8000b7b6 (0x00002f17) x30 0x8000d7b6
core   0: 0x8000b7ba (0x843f2523) sw      gp, -1974(t5)
core   0: 3 0x8000b7ba (0x843f2523) mem 0x8000d000 0x00000001
core   0: 0x8000b7be (0x0000bfe5) c.j     pc - 8
core   0: 3 0x8000b7be (0xbfe5)
core   0: 0x8000b7b6 (0x00002f17) auipc   t5, 0x2
core   0: 3 0x8000b7b6 (0x00002f17) x30 0x8000d7b6
core   0: 0x8000b7ba (0x843f2523) sw      gp, -1974(t5)
core   0: 3 0x8000b7ba (0x843f2523) mem 0x8000d000 0x00000001
core   0: 0x8000b7be (0x0000bfe5) c.j     pc - 8
core   0: 3 0x8000b7be (0xbfe5)
core   0: 0x8000b7b6 (0x00002f17) auipc   t5, 0x2
core   0: 3 0x8000b7b6 (0x00002f17) x30 0x8000d7b6
core   0: 0x8000b7ba (0x843f2523) sw      gp, -1974(t5)
core   0: 3 0x8000b7ba (0x843f2523) mem 0x8000d000 0x00000001
core   0: 0x8000b7be (0x0000bfe5) c.j     pc - 8
core   0: 3 0x8000b7be (0xbfe5)
core   0: 0x8000b7b6 (0x00002f17) auipc   t5, 0x2
core   0: 3 0x8000b7b6 (0x00002f17) x30 0x8000d7b6
core   0: 0x8000b7ba (0x843f2523) sw      gp, -1974(t5)
core   0: 3 0x8000b7ba (0x843f2523) mem 0x8000d000 0x00000001
core   0: 0x8000b7be (0x0000bfe5) c.j     pc - 8
core   0: 3 0x8000b7be (0xbfe5)
core   0: 0x8000b7b6 (0x00002f17) auipc   t5, 0x2
core   0: 3 0x8000b7b6 (0x00002f17) x30 0x8000d7b6
core   0: 0x8000b7ba (0x843f2523) sw      gp, -1974(t5)
core   0: 3 0x8000b7ba (0x843f2523) mem 0x8000d000 0x00000001
core   0: 0x8000b7be (0x0000bfe5) c.j     pc - 8
core   0: 3 0x8000b7be (0xbfe5)
core   0: 0x8000b7b6 (0x00002f17) auipc   t5, 0x2
core   0: 3 0x8000b7b6 (0x00002f17) x30 0x8000d7b6
core   0: 0x8000b7ba (0x843f2523) sw      gp, -1974(t5)
core   0: 3 0x8000b7ba (0x843f2523) mem 0x8000d000 0x00000001
core   0: 0x8000b7be (0x0000bfe5) c.j     pc - 8
core   0: 3 0x8000b7be (0xbfe5)
core   0: 0x8000b7b6 (0x00002f17) auipc   t5, 0x2
core   0: 3 0x8000b7b6 (0x00002f17) x30 0x8000d7b6
core   0: 0x8000b7ba (0x843f2523) sw      gp, -1974(t5)
core   0: 3 0x8000b7ba (0x843f2523) mem 0x8000d000 0x00000001
core   0: 0x8000b7be (0x0000bfe5) c.j     pc - 8
core   0: 3 0x8000b7be (0xbfe5)
core   0: 0x8000b7b6 (0x00002f17) auipc   t5, 0x2
core   0: 3 0x8000b7b6 (0x00002f17) x30 0x8000d7b6
core   0: 0x8000b7ba (0x843f2523) sw      gp, -1974(t5)
core   0: 3 0x8000b7ba (0x843f2523) mem 0x8000d000 0x00000001
core   0: 0x8000b7be (0x0000bfe5) c.j     pc - 8
core   0: 3 0x8000b7be (0xbfe5)
core   0: 0x8000b7b6 (0x00002f17) auipc   t5, 0x2
core   0: 3 0x8000b7b6 (0x00002f17) x30 0x8000d7b6
core   0: 0x8000b7ba (0x843f2523) sw      gp, -1974(t5)
core   0: 3 0x8000b7ba (0x843f2523) mem 0x8000d000 0x00000001
core   0: 0x8000b7be (0x0000bfe5) c.j     pc - 8
core   0: 3 0x8000b7be (0xbfe5)
core   0: 0x8000b7b6 (0x00002f17) auipc   t5, 0x2
core   0: 3 0x8000b7b6 (0x00002f17) x30 0x8000d7b6
core   0: 0x8000b7ba (0x843f2523) sw      gp, -1974(t5)
core   0: 3 0x8000b7ba (0x843f2523) mem 0x8000d000 0x00000001
core   0: 0x8000b7be (0x0000bfe5) c.j     pc - 8
core   0: 3 0x8000b7be (0xbfe5)
core   0: 0x8000b7b6 (0x00002f17) auipc   t5, 0x2
core   0: 3 0x8000b7b6 (0x00002f17) x30 0x8000d7b6
core   0: 0x8000b7ba (0x843f2523) sw      gp, -1974(t5)
core   0: 3 0x8000b7ba (0x843f2523) mem 0x8000d000 0x00000001
core   0: 0x8000b7be (0x0000bfe5) c.j     pc - 8
core   0: 3 0x8000b7be (0xbfe5)
core   0: 0x8000b7b6 (0x00002f17) auipc   t5, 0x2
core   0: 3 0x8000b7b6 (0x00002f17) x30 0x8000d7b6
core   0: 0x8000b7ba (0x843f2523) sw      gp, -1974(t5)
core   0: 3 0x8000b7ba (0x843f2523) mem 0x8000d000 0x00000001
core   0: 0x8000b7be (0x0000bfe5) c.j     pc - 8
core   0: 3 0x8000b7be (0xbfe5)
core   0: 0x8000b7b6 (0x00002f17) auipc   t5, 0x2
core   0: 3 0x8000b7b6 (0x00002f17) x30 0x8000d7b6
core   0: 0x8000b7ba (0x843f2523) sw      gp, -1974(t5)
core   0: 3 0x8000b7ba (0x843f2523) mem 0x8000d000 0x00000001
core   0: 0x8000b7be (0x0000bfe5) c.j     pc - 8
core   0: 3 0x8000b7be (0xbfe5)
core   0: 0x8000b7b6 (0x00002f17) auipc   t5, 0x2
core   0: 3 0x8000b7b6 (0x00002f17) x30 0x8000d7b6
core   0: 0x8000b7ba (0x843f2523) sw      gp, -1974(t5)
core   0: 3 0x8000b7ba (0x843f2523) mem 0x8000d000 0x00000001
core   0: 0x8000b7be (0x0000bfe5) c.j     pc - 8
core   0: 3 0x8000b7be (0xbfe5)
core   0: 0x8000b7b6 (0x00002f17) auipc   t5, 0x2
core   0: 3 0x8000b7b6 (0x00002f17) x30 0x8000d7b6
core   0: 0x8000b7ba (0x843f2523) sw      gp, -1974(t5)
core   0: 3 0x8000b7ba (0x843f2523) mem 0x8000d000 0x00000001
core   0: 0x8000b7be (0x0000bfe5) c.j     pc - 8
core   0: 3 0x8000b7be (0xbfe5)
core   0: 0x8000b7b6 (0x00002f17) auipc   t5, 0x2
core   0: 3 0x8000b7b6 (0x00002f17) x30 0x8000d7b6
core   0: 0x8000b7ba (0x843f2523) sw      gp, -1974(t5)
core   0: 3 0x8000b7ba (0x843f2523) mem 0x8000d000 0x00000001
core   0: 0x8000b7be (0x0000bfe5) c.j     pc - 8
core   0: 3 0x8000b7be (0xbfe5)
core   0: 0x8000b7b6 (0x00002f17) auipc   t5, 0x2
core   0: 3 0x8000b7b6 (0x00002f17) x30 0x8000d7b6
core   0: 0x8000b7ba (0x843f2523) sw      gp, -1974(t5)
core   0: 3 0x8000b7ba (0x843f2523) mem 0x8000d000 0x00000001
core   0: 0x8000b7be (0x0000bfe5) c.j     pc - 8
core   0: 3 0x8000b7be (0xbfe5)
core   0: 0x8000b7b6 (0x00002f17) auipc   t5, 0x2
core   0: 3 0x8000b7b6 (0x00002f17) x30 0x8000d7b6
core   0: 0x8000b7ba (0x843f2523) sw      gp, -1974(t5)
core   0: 3 0x8000b7ba (0x843f2523) mem 0x8000d000 0x00000001
core   0: 0x8000b7be (0x0000bfe5) c.j     pc - 8
core   0: 3 0x8000b7be (0xbfe5)
core   0: 0x8000b7b6 (0x00002f17) auipc   t5, 0x2
core   0: 3 0x8000b7b6 (0x00002f17) x30 0x8000d7b6
core   0: 0x8000b7ba (0x843f2523) sw      gp, -1974(t5)
core   0: 3 0x8000b7ba (0x843f2523) mem 0x8000d000 0x00000001
core   0: 0x8000b7be (0x0000bfe5) c.j     pc - 8
core   0: 3 0x8000b7be (0xbfe5)
core   0: 0x8000b7b6 (0x00002f17) auipc   t5, 0x2
core   0: 3 0x8000b7b6 (0x00002f17) x30 0x8000d7b6
core   0: 0x8000b7ba (0x843f2523) sw      gp, -1974(t5)
core   0: 3 0x8000b7ba (0x843f2523) mem 0x8000d000 0x00000001
core   0: 0x8000b7be (0x0000bfe5) c.j     pc - 8
core   0: 3 0x8000b7be (0xbfe5)
core   0: 0x8000b7b6 (0x00002f17) auipc   t5, 0x2
core   0: 3 0x8000b7b6 (0x00002f17) x30 0x8000d7b6
core   0: 0x8000b7ba (0x843f2523) sw      gp, -1974(t5)
core   0: 3 0x8000b7ba (0x843f2523) mem 0x8000d000 0x00000001
core   0: 0x8000b7be (0x0000bfe5) c.j     pc - 8
core   0: 3 0x8000b7be (0xbfe5)
core   0: 0x8000b7b6 (0x00002f17) auipc   t5, 0x2
core   0: 3 0x8000b7b6 (0x00002f17) x30 0x8000d7b6
core   0: 0x8000b7ba (0x843f2523) sw      gp, -1974(t5)
core   0: 3 0x8000b7ba (0x843f2523) mem 0x8000d000 0x00000001
core   0: 0x8000b7be (0x0000bfe5) c.j     pc - 8
core   0: 3 0x8000b7be (0xbfe5)
core   0: 0x8000b7b6 (0x00002f17) auipc   t5, 0x2
core   0: 3 0x8000b7b6 (0x00002f17) x30 0x8000d7b6
core   0: 0x8000b7ba (0x843f2523) sw      gp, -1974(t5)
core   0: 3 0x8000b7ba (0x843f2523) mem 0x8000d000 0x00000001
core   0: 0x8000b7be (0x0000bfe5) c.j     pc - 8
core   0: 3 0x8000b7be (0xbfe5)
core   0: 0x8000b7b6 (0x00002f17) auipc   t5, 0x2
core   0: 3 0x8000b7b6 (0x00002f17) x30 0x8000d7b6
core   0: 0x8000b7ba (0x843f2523) sw      gp, -1974(t5)
core   0: 3 0x8000b7ba (0x843f2523) mem 0x8000d000 0x00000001
core   0: 0x8000b7be (0x0000bfe5) c.j     pc - 8
core   0: 3 0x8000b7be (0xbfe5)
core   0: 0x8000b7b6 (0x00002f17) auipc   t5, 0x2
core   0: 3 0x8000b7b6 (0x00002f17) x30 0x8000d7b6
core   0: 0x8000b7ba (0x843f2523) sw      gp, -1974(t5)
core   0: 3 0x8000b7ba (0x843f2523) mem 0x8000d000 0x00000001
core   0: 0x8000b7be (0x0000bfe5) c.j     pc - 8
core   0: 3 0x8000b7be (0xbfe5)
core   0: 0x8000b7b6 (0x00002f17) auipc   t5, 0x2
core   0: 3 0x8000b7b6 (0x00002f17) x30 0x8000d7b6
core   0: 0x8000b7ba (0x843f2523) sw      gp, -1974(t5)
core   0: 3 0x8000b7ba (0x843f2523) mem 0x8000d000 0x00000001
core   0: 0x8000b7be (0x0000bfe5) c.j     pc - 8
core   0: 3 0x8000b7be (0xbfe5)
core   0: 0x8000b7b6 (0x00002f17) auipc   t5, 0x2
core   0: 3 0x8000b7b6 (0x00002f17) x30 0x8000d7b6
core   0: 0x8000b7ba (0x843f2523) sw      gp, -1974(t5)
core   0: 3 0x8000b7ba (0x843f2523) mem 0x8000d000 0x00000001
core   0: 0x8000b7be (0x0000bfe5) c.j     pc - 8
core   0: 3 0x8000b7be (0xbfe5)
core   0: 0x8000b7b6 (0x00002f17) auipc   t5, 0x2
core   0: 3 0x8000b7b6 (0x00002f17) x30 0x8000d7b6
core   0: 0x8000b7ba (0x843f2523) sw      gp, -1974(t5)
core   0: 3 0x8000b7ba (0x843f2523) mem 0x8000d000 0x00000001
core   0: 0x8000b7be (0x0000bfe5) c.j     pc - 8
core   0: 3 0x8000b7be (0xbfe5)
core   0: 0x8000b7b6 (0x00002f17) auipc   t5, 0x2
core   0: 3 0x8000b7b6 (0x00002f17) x30 0x8000d7b6
core   0: 0x8000b7ba (0x843f2523) sw      gp, -1974(t5)
core   0: 3 0x8000b7ba (0x843f2523) mem 0x8000d000 0x00000001
core   0: 0x8000b7be (0x0000bfe5) c.j     pc - 8
core   0: 3 0x8000b7be (0xbfe5)
core   0: 0x8000b7b6 (0x00002f17) auipc   t5, 0x2
core   0: 3 0x8000b7b6 (0x00002f17) x30 0x8000d7b6
core   0: 0x8000b7ba (0x843f2523) sw      gp, -1974(t5)
core   0: 3 0x8000b7ba (0x843f2523) mem 0x8000d000 0x00000001
core   0: 0x8000b7be (0x0000bfe5) c.j     pc - 8
core   0: 3 0x8000b7be (0xbfe5)
core   0: 0x8000b7b6 (0x00002f17) auipc   t5, 0x2
core   0: 3 0x8000b7b6 (0x00002f17) x30 0x8000d7b6
core   0: 0x8000b7ba (0x843f2523) sw      gp, -1974(t5)
core   0: 3 0x8000b7ba (0x843f2523) mem 0x8000d000 0x00000001
core   0: 0x8000b7be (0x0000bfe5) c.j     pc - 8
core   0: 3 0x8000b7be (0xbfe5)
core   0: 0x8000b7b6 (0x00002f17) auipc   t5, 0x2
core   0: 3 0x8000b7b6 (0x00002f17) x30 0x8000d7b6
core   0: 0x8000b7ba (0x843f2523) sw      gp, -1974(t5)
core   0: 3 0x8000b7ba (0x843f2523) mem 0x8000d000 0x00000001
core   0: 0x8000b7be (0x0000bfe5) c.j     pc - 8
core   0: 3 0x8000b7be (0xbfe5)
core   0: 0x8000b7b6 (0x00002f17) auipc   t5, 0x2
core   0: 3 0x8000b7b6 (0x00002f17) x30 0x8000d7b6
core   0: 0x8000b7ba (0x843f2523) sw      gp, -1974(t5)
core   0: 3 0x8000b7ba (0x843f2523) mem 0x8000d000 0x00000001
core   0: 0x8000b7be (0x0000bfe5) c.j     pc - 8
core   0: 3 0x8000b7be (0xbfe5)
core   0: 0x8000b7b6 (0x00002f17) auipc   t5, 0x2
core   0: 3 0x8000b7b6 (0x00002f17) x30 0x8000d7b6
core   0: 0x8000b7ba (0x843f2523) sw      gp, -1974(t5)
core   0: 3 0x8000b7ba (0x843f2523) mem 0x8000d000 0x00000001
core   0: 0x8000b7be (0x0000bfe5) c.j     pc - 8
core   0: 3 0x8000b7be (0xbfe5)
core   0: 0x8000b7b6 (0x00002f17) auipc   t5, 0x2
core   0: 3 0x8000b7b6 (0x00002f17) x30 0x8000d7b6
core   0: 0x8000b7ba (0x843f2523) sw      gp, -1974(t5)
core   0: 3 0x8000b7ba (0x843f2523) mem 0x8000d000 0x00000001
core   0: 0x8000b7be (0x0000bfe5) c.j     pc - 8
core   0: 3 0x8000b7be (0xbfe5)
core   0: 0x8000b7b6 (0x00002f17) auipc   t5, 0x2
core   0: 3 0x8000b7b6 (0x00002f17) x30 0x8000d7b6
core   0: 0x8000b7ba (0x843f2523) sw      gp, -1974(t5)
core   0: 3 0x8000b7ba (0x843f2523) mem 0x8000d000 0x00000001
core   0: 0x8000b7be (0x0000bfe5) c.j     pc - 8
core   0: 3 0x8000b7be (0xbfe5)
core   0: 0x8000b7b6 (0x00002f17) auipc   t5, 0x2
core   0: 3 0x8000b7b6 (0x00002f17) x30 0x8000d7b6
core   0: 0x8000b7ba (0x843f2523) sw      gp, -1974(t5)
core   0: 3 0x8000b7ba (0x843f2523) mem 0x8000d000 0x00000001
core   0: 0x8000b7be (0x0000bfe5) c.j     pc - 8
core   0: 3 0x8000b7be (0xbfe5)
core   0: 0x8000b7b6 (0x00002f17) auipc   t5, 0x2
core   0: 3 0x8000b7b6 (0x00002f17) x30 0x8000d7b6
core   0: 0x8000b7ba (0x843f2523) sw      gp, -1974(t5)
core   0: 3 0x8000b7ba (0x843f2523) mem 0x8000d000 0x00000001
core   0: 0x8000b7be (0x0000bfe5) c.j     pc - 8
core   0: 3 0x8000b7be (0xbfe5)
core   0: 0x8000b7b6 (0x00002f17) auipc   t5, 0x2
core   0: 3 0x8000b7b6 (0x00002f17) x30 0x8000d7b6
core   0: 0x8000b7ba (0x843f2523) sw      gp, -1974(t5)
core   0: 3 0x8000b7ba (0x843f2523) mem 0x8000d000 0x00000001
core   0: 0x8000b7be (0x0000bfe5) c.j     pc - 8
core   0: 3 0x8000b7be (0xbfe5)
core   0: 0x8000b7b6 (0x00002f17) auipc   t5, 0x2
core   0: 3 0x8000b7b6 (0x00002f17) x30 0x8000d7b6
core   0: 0x8000b7ba (0x843f2523) sw      gp, -1974(t5)
core   0: 3 0x8000b7ba (0x843f2523) mem 0x8000d000 0x00000001
core   0: 0x8000b7be (0x0000bfe5) c.j     pc - 8
core   0: 3 0x8000b7be (0xbfe5)
core   0: 0x8000b7b6 (0x00002f17) auipc   t5, 0x2
core   0: 3 0x8000b7b6 (0x00002f17) x30 0x8000d7b6
core   0: 0x8000b7ba (0x843f2523) sw      gp, -1974(t5)
core   0: 3 0x8000b7ba (0x843f2523) mem 0x8000d000 0x00000001
core   0: 0x8000b7be (0x0000bfe5) c.j     pc - 8
core   0: 3 0x8000b7be (0xbfe5)
core   0: 0x8000b7b6 (0x00002f17) auipc   t5, 0x2
core   0: 3 0x8000b7b6 (0x00002f17) x30 0x8000d7b6
core   0: 0x8000b7ba (0x843f2523) sw      gp, -1974(t5)
core   0: 3 0x8000b7ba (0x843f2523) mem 0x8000d000 0x00000001
core   0: 0x8000b7be (0x0000bfe5) c.j     pc - 8
core   0: 3 0x8000b7be (0xbfe5)
core   0: 0x8000b7b6 (0x00002f17) auipc   t5, 0x2
core   0: 3 0x8000b7b6 (0x00002f17) x30 0x8000d7b6
core   0: 0x8000b7ba (0x843f2523) sw      gp, -1974(t5)
core   0: 3 0x8000b7ba (0x843f2523) mem 0x8000d000 0x00000001
core   0: 0x8000b7be (0x0000bfe5) c.j     pc - 8
core   0: 3 0x8000b7be (0xbfe5)
core   0: 0x8000b7b6 (0x00002f17) auipc   t5, 0x2
core   0: 3 0x8000b7b6 (0x00002f17) x30 0x8000d7b6
core   0: 0x8000b7ba (0x843f2523) sw      gp, -1974(t5)
core   0: 3 0x8000b7ba (0x843f2523) mem 0x8000d000 0x00000001
core   0: 0x8000b7be (0x0000bfe5) c.j     pc - 8
core   0: 3 0x8000b7be (0xbfe5)
core   0: 0x8000b7b6 (0x00002f17) auipc   t5, 0x2
core   0: 3 0x8000b7b6 (0x00002f17) x30 0x8000d7b6
core   0: 0x8000b7ba (0x843f2523) sw      gp, -1974(t5)
core   0: 3 0x8000b7ba (0x843f2523) mem 0x8000d000 0x00000001
core   0: 0x8000b7be (0x0000bfe5) c.j     pc - 8
core   0: 3 0x8000b7be (0xbfe5)
core   0: 0x8000b7b6 (0x00002f17) auipc   t5, 0x2
core   0: 3 0x8000b7b6 (0x00002f17) x30 0x8000d7b6
core   0: 0x8000b7ba (0x843f2523) sw      gp, -1974(t5)
core   0: 3 0x8000b7ba (0x843f2523) mem 0x8000d000 0x00000001
core   0: 0x8000b7be (0x0000bfe5) c.j     pc - 8
core   0: 3 0x8000b7be (0xbfe5)
core   0: 0x8000b7b6 (0x00002f17) auipc   t5, 0x2
core   0: 3 0x8000b7b6 (0x00002f17) x30 0x8000d7b6
core   0: 0x8000b7ba (0x843f2523) sw      gp, -1974(t5)
core   0: 3 0x8000b7ba (0x843f2523) mem 0x8000d000 0x00000001
core   0: 0x8000b7be (0x0000bfe5) c.j     pc - 8
core   0: 3 0x8000b7be (0xbfe5)
core   0: 0x8000b7b6 (0x00002f17) auipc   t5, 0x2
core   0: 3 0x8000b7b6 (0x00002f17) x30 0x8000d7b6
core   0: 0x8000b7ba (0x843f2523) sw      gp, -1974(t5)
core   0: 3 0x8000b7ba (0x843f2523) mem 0x8000d000 0x00000001
core   0: 0x8000b7be (0x0000bfe5) c.j     pc - 8
core   0: 3 0x8000b7be (0xbfe5)
core   0: 0x8000b7b6 (0x00002f17) auipc   t5, 0x2
core   0: 3 0x8000b7b6 (0x00002f17) x30 0x8000d7b6
core   0: 0x8000b7ba (0x843f2523) sw      gp, -1974(t5)
core   0: 3 0x8000b7ba (0x843f2523) mem 0x8000d000 0x00000001
core   0: 0x8000b7be (0x0000bfe5) c.j     pc - 8
core   0: 3 0x8000b7be (0xbfe5)
core   0: 0x8000b7b6 (0x00002f17) auipc   t5, 0x2
core   0: 3 0x8000b7b6 (0x00002f17) x30 0x8000d7b6
core   0: 0x8000b7ba (0x843f2523) sw      gp, -1974(t5)
core   0: 3 0x8000b7ba (0x843f2523) mem 0x8000d000 0x00000001
core   0: 0x8000b7be (0x0000bfe5) c.j     pc - 8
core   0: 3 0x8000b7be (0xbfe5)
core   0: 0x8000b7b6 (0x00002f17) auipc   t5, 0x2
core   0: 3 0x8000b7b6 (0x00002f17) x30 0x8000d7b6
core   0: 0x8000b7ba (0x843f2523) sw      gp, -1974(t5)
core   0: 3 0x8000b7ba (0x843f2523) mem 0x8000d000 0x00000001
core   0: 0x8000b7be (0x0000bfe5) c.j     pc - 8
core   0: 3 0x8000b7be (0xbfe5)
core   0: 0x8000b7b6 (0x00002f17) auipc   t5, 0x2
core   0: 3 0x8000b7b6 (0x00002f17) x30 0x8000d7b6
core   0: 0x8000b7ba (0x843f2523) sw      gp, -1974(t5)
core   0: 3 0x8000b7ba (0x843f2523) mem 0x8000d000 0x00000001
core   0: 0x8000b7be (0x0000bfe5) c.j     pc - 8
core   0: 3 0x8000b7be (0xbfe5)
core   0: 0x8000b7b6 (0x00002f17) auipc   t5, 0x2
core   0: 3 0x8000b7b6 (0x00002f17) x30 0x8000d7b6
core   0: 0x8000b7ba (0x843f2523) sw      gp, -1974(t5)
core   0: 3 0x8000b7ba (0x843f2523) mem 0x8000d000 0x00000001
core   0: 0x8000b7be (0x0000bfe5) c.j     pc - 8
core   0: 3 0x8000b7be (0xbfe5)
core   0: 0x8000b7b6 (0x00002f17) auipc   t5, 0x2
core   0: 3 0x8000b7b6 (0x00002f17) x30 0x8000d7b6
core   0: 0x8000b7ba (0x843f2523) sw      gp, -1974(t5)
core   0: 3 0x8000b7ba (0x843f2523) mem 0x8000d000 0x00000001
core   0: 0x8000b7be (0x0000bfe5) c.j     pc - 8
core   0: 3 0x8000b7be (0xbfe5)
core   0: 0x8000b7b6 (0x00002f17) auipc   t5, 0x2
core   0: 3 0x8000b7b6 (0x00002f17) x30 0x8000d7b6
core   0: 0x8000b7ba (0x843f2523) sw      gp, -1974(t5)
core   0: 3 0x8000b7ba (0x843f2523) mem 0x8000d000 0x00000001
core   0: 0x8000b7be (0x0000bfe5) c.j     pc - 8
core   0: 3 0x8000b7be (0xbfe5)
core   0: 0x8000b7b6 (0x00002f17) auipc   t5, 0x2
core   0: 3 0x8000b7b6 (0x00002f17) x30 0x8000d7b6
core   0: 0x8000b7ba (0x843f2523) sw      gp, -1974(t5)
core   0: 3 0x8000b7ba (0x843f2523) mem 0x8000d000 0x00000001
core   0: 0x8000b7be (0x0000bfe5) c.j     pc - 8
core   0: 3 0x8000b7be (0xbfe5)
core   0: 0x8000b7b6 (0x00002f17) auipc   t5, 0x2
core   0: 3 0x8000b7b6 (0x00002f17) x30 0x8000d7b6
core   0: 0x8000b7ba (0x843f2523) sw      gp, -1974(t5)
core   0: 3 0x8000b7ba (0x843f2523) mem 0x8000d000 0x00000001
core   0: 0x8000b7be (0x0000bfe5) c.j     pc - 8
core   0: 3 0x8000b7be (0xbfe5)
core   0: 0x8000b7b6 (0x00002f17) auipc   t5, 0x2
core   0: 3 0x8000b7b6 (0x00002f17) x30 0x8000d7b6
core   0: 0x8000b7ba (0x843f2523) sw      gp, -1974(t5)
core   0: 3 0x8000b7ba (0x843f2523) mem 0x8000d000 0x00000001
core   0: 0x8000b7be (0x0000bfe5) c.j     pc - 8
core   0: 3 0x8000b7be (0xbfe5)
core   0: 0x8000b7b6 (0x00002f17) auipc   t5, 0x2
core   0: 3 0x8000b7b6 (0x00002f17) x30 0x8000d7b6
core   0: 0x8000b7ba (0x843f2523) sw      gp, -1974(t5)
core   0: 3 0x8000b7ba (0x843f2523) mem 0x8000d000 0x00000001
core   0: 0x8000b7be (0x0000bfe5) c.j     pc - 8
core   0: 3 0x8000b7be (0xbfe5)
core   0: 0x8000b7b6 (0x00002f17) auipc   t5, 0x2
core   0: 3 0x8000b7b6 (0x00002f17) x30 0x8000d7b6
core   0: 0x8000b7ba (0x843f2523) sw      gp, -1974(t5)
core   0: 3 0x8000b7ba (0x843f2523) mem 0x8000d000 0x00000001
core   0: 0x8000b7be (0x0000bfe5) c.j     pc - 8
core   0: 3 0x8000b7be (0xbfe5)
core   0: 0x8000b7b6 (0x00002f17) auipc   t5, 0x2
core   0: 3 0x8000b7b6 (0x00002f17) x30 0x8000d7b6
core   0: 0x8000b7ba (0x843f2523) sw      gp, -1974(t5)
core   0: 3 0x8000b7ba (0x843f2523) mem 0x8000d000 0x00000001
core   0: 0x8000b7be (0x0000bfe5) c.j     pc - 8
core   0: 3 0x8000b7be (0xbfe5)
core   0: 0x8000b7b6 (0x00002f17) auipc   t5, 0x2
core   0: 3 0x8000b7b6 (0x00002f17) x30 0x8000d7b6
core   0: 0x8000b7ba (0x843f2523) sw      gp, -1974(t5)
core   0: 3 0x8000b7ba (0x843f2523) mem 0x8000d000 0x00000001
core   0: 0x8000b7be (0x0000bfe5) c.j     pc - 8
core   0: 3 0x8000b7be (0xbfe5)
core   0: 0x8000b7b6 (0x00002f17) auipc   t5, 0x2
core   0: 3 0x8000b7b6 (0x00002f17) x30 0x8000d7b6
core   0: 0x8000b7ba (0x843f2523) sw      gp, -1974(t5)
core   0: 3 0x8000b7ba (0x843f2523) mem 0x8000d000 0x00000001
core   0: 0x8000b7be (0x0000bfe5) c.j     pc - 8
core   0: 3 0x8000b7be (0xbfe5)
core   0: 0x8000b7b6 (0x00002f17) auipc   t5, 0x2
core   0: 3 0x8000b7b6 (0x00002f17) x30 0x8000d7b6
core   0: 0x8000b7ba (0x843f2523) sw      gp, -1974(t5)
core   0: 3 0x8000b7ba (0x843f2523) mem 0x8000d000 0x00000001
core   0: 0x8000b7be (0x0000bfe5) c.j     pc - 8
core   0: 3 0x8000b7be (0xbfe5)
core   0: 0x8000b7b6 (0x00002f17) auipc   t5, 0x2
core   0: 3 0x8000b7b6 (0x00002f17) x30 0x8000d7b6
core   0: 0x8000b7ba (0x843f2523) sw      gp, -1974(t5)
core   0: 3 0x8000b7ba (0x843f2523) mem 0x8000d000 0x00000001
core   0: 0x8000b7be (0x0000bfe5) c.j     pc - 8
core   0: 3 0x8000b7be (0xbfe5)
core   0: 0x8000b7b6 (0x00002f17) auipc   t5, 0x2
core   0: 3 0x8000b7b6 (0x00002f17) x30 0x8000d7b6
core   0: 0x8000b7ba (0x843f2523) sw      gp, -1974(t5)
core   0: 3 0x8000b7ba (0x843f2523) mem 0x8000d000 0x00000001
core   0: 0x8000b7be (0x0000bfe5) c.j     pc - 8
core   0: 3 0x8000b7be (0xbfe5)
core   0: 0x8000b7b6 (0x00002f17) auipc   t5, 0x2
core   0: 3 0x8000b7b6 (0x00002f17) x30 0x8000d7b6
core   0: 0x8000b7ba (0x843f2523) sw      gp, -1974(t5)
core   0: 3 0x8000b7ba (0x843f2523) mem 0x8000d000 0x00000001
core   0: 0x8000b7be (0x0000bfe5) c.j     pc - 8
core   0: 3 0x8000b7be (0xbfe5)
core   0: 0x8000b7b6 (0x00002f17) auipc   t5, 0x2
core   0: 3 0x8000b7b6 (0x00002f17) x30 0x8000d7b6
core   0: 0x8000b7ba (0x843f2523) sw      gp, -1974(t5)
core   0: 3 0x8000b7ba (0x843f2523) mem 0x8000d000 0x00000001
core   0: 0x8000b7be (0x0000bfe5) c.j     pc - 8
core   0: 3 0x8000b7be (0xbfe5)
core   0: 0x8000b7b6 (0x00002f17) auipc   t5, 0x2
core   0: 3 0x8000b7b6 (0x00002f17) x30 0x8000d7b6
core   0: 0x8000b7ba (0x843f2523) sw      gp, -1974(t5)
core   0: 3 0x8000b7ba (0x843f2523) mem 0x8000d000 0x00000001
core   0: 0x8000b7be (0x0000bfe5) c.j     pc - 8
core   0: 3 0x8000b7be (0xbfe5)
core   0: 0x8000b7b6 (0x00002f17) auipc   t5, 0x2
core   0: 3 0x8000b7b6 (0x00002f17) x30 0x8000d7b6
core   0: 0x8000b7ba (0x843f2523) sw      gp, -1974(t5)
core   0: 3 0x8000b7ba (0x843f2523) mem 0x8000d000 0x00000001
core   0: 0x8000b7be (0x0000bfe5) c.j     pc - 8
core   0: 3 0x8000b7be (0xbfe5)
core   0: 0x8000b7b6 (0x00002f17) auipc   t5, 0x2
core   0: 3 0x8000b7b6 (0x00002f17) x30 0x8000d7b6
core   0: 0x8000b7ba (0x843f2523) sw      gp, -1974(t5)
core   0: 3 0x8000b7ba (0x843f2523) mem 0x8000d000 0x00000001
core   0: 0x8000b7be (0x0000bfe5) c.j     pc - 8
core   0: 3 0x8000b7be (0xbfe5)
core   0: 0x8000b7b6 (0x00002f17) auipc   t5, 0x2
core   0: 3 0x8000b7b6 (0x00002f17) x30 0x8000d7b6
core   0: 0x8000b7ba (0x843f2523) sw      gp, -1974(t5)
core   0: 3 0x8000b7ba (0x843f2523) mem 0x8000d000 0x00000001
core   0: 0x8000b7be (0x0000bfe5) c.j     pc - 8
core   0: 3 0x8000b7be (0xbfe5)
core   0: 0x8000b7b6 (0x00002f17) auipc   t5, 0x2
core   0: 3 0x8000b7b6 (0x00002f17) x30 0x8000d7b6
core   0: 0x8000b7ba (0x843f2523) sw      gp, -1974(t5)
core   0: 3 0x8000b7ba (0x843f2523) mem 0x8000d000 0x00000001
core   0: 0x8000b7be (0x0000bfe5) c.j     pc - 8
core   0: 3 0x8000b7be (0xbfe5)
core   0: 0x8000b7b6 (0x00002f17) auipc   t5, 0x2
core   0: 3 0x8000b7b6 (0x00002f17) x30 0x8000d7b6
core   0: 0x8000b7ba (0x843f2523) sw      gp, -1974(t5)
core   0: 3 0x8000b7ba (0x843f2523) mem 0x8000d000 0x00000001
core   0: 0x8000b7be (0x0000bfe5) c.j     pc - 8
core   0: 3 0x8000b7be (0xbfe5)
core   0: 0x8000b7b6 (0x00002f17) auipc   t5, 0x2
core   0: 3 0x8000b7b6 (0x00002f17) x30 0x8000d7b6
core   0: 0x8000b7ba (0x843f2523) sw      gp, -1974(t5)
core   0: 3 0x8000b7ba (0x843f2523) mem 0x8000d000 0x00000001
core   0: 0x8000b7be (0x0000bfe5) c.j     pc - 8
core   0: 3 0x8000b7be (0xbfe5)
core   0: 0x8000b7b6 (0x00002f17) auipc   t5, 0x2
core   0: 3 0x8000b7b6 (0x00002f17) x30 0x8000d7b6
core   0: 0x8000b7ba (0x843f2523) sw      gp, -1974(t5)
core   0: 3 0x8000b7ba (0x843f2523) mem 0x8000d000 0x00000001
core   0: 0x8000b7be (0x0000bfe5) c.j     pc - 8
core   0: 3 0x8000b7be (0xbfe5)
core   0: 0x8000b7b6 (0x00002f17) auipc   t5, 0x2
core   0: 3 0x8000b7b6 (0x00002f17) x30 0x8000d7b6
core   0: 0x8000b7ba (0x843f2523) sw      gp, -1974(t5)
core   0: 3 0x8000b7ba (0x843f2523) mem 0x8000d000 0x00000001
core   0: 0x8000b7be (0x0000bfe5) c.j     pc - 8
core   0: 3 0x8000b7be (0xbfe5)
core   0: 0x8000b7b6 (0x00002f17) auipc   t5, 0x2
core   0: 3 0x8000b7b6 (0x00002f17) x30 0x8000d7b6
core   0: 0x8000b7ba (0x843f2523) sw      gp, -1974(t5)
core   0: 3 0x8000b7ba (0x843f2523) mem 0x8000d000 0x00000001
core   0: 0x8000b7be (0x0000bfe5) c.j     pc - 8
core   0: 3 0x8000b7be (0xbfe5)
core   0: 0x8000b7b6 (0x00002f17) auipc   t5, 0x2
core   0: 3 0x8000b7b6 (0x00002f17) x30 0x8000d7b6
core   0: 0x8000b7ba (0x843f2523) sw      gp, -1974(t5)
core   0: 3 0x8000b7ba (0x843f2523) mem 0x8000d000 0x00000001
core   0: 0x8000b7be (0x0000bfe5) c.j     pc - 8
core   0: 3 0x8000b7be (0xbfe5)
core   0: 0x8000b7b6 (0x00002f17) auipc   t5, 0x2
core   0: 3 0x8000b7b6 (0x00002f17) x30 0x8000d7b6
core   0: 0x8000b7ba (0x843f2523) sw      gp, -1974(t5)
core   0: 3 0x8000b7ba (0x843f2523) mem 0x8000d000 0x00000001
core   0: 0x8000b7be (0x0000bfe5) c.j     pc - 8
core   0: 3 0x8000b7be (0xbfe5)
core   0: 0x8000b7b6 (0x00002f17) auipc   t5, 0x2
core   0: 3 0x8000b7b6 (0x00002f17) x30 0x8000d7b6
core   0: 0x8000b7ba (0x843f2523) sw      gp, -1974(t5)
core   0: 3 0x8000b7ba (0x843f2523) mem 0x8000d000 0x00000001
core   0: 0x8000b7be (0x0000bfe5) c.j     pc - 8
core   0: 3 0x8000b7be (0xbfe5)
core   0: 0x8000b7b6 (0x00002f17) auipc   t5, 0x2
core   0: 3 0x8000b7b6 (0x00002f17) x30 0x8000d7b6
core   0: 0x8000b7ba (0x843f2523) sw      gp, -1974(t5)
core   0: 3 0x8000b7ba (0x843f2523) mem 0x8000d000 0x00000001
core   0: 0x8000b7be (0x0000bfe5) c.j     pc - 8
core   0: 3 0x8000b7be (0xbfe5)
core   0: 0x8000b7b6 (0x00002f17) auipc   t5, 0x2
core   0: 3 0x8000b7b6 (0x00002f17) x30 0x8000d7b6
core   0: 0x8000b7ba (0x843f2523) sw      gp, -1974(t5)
core   0: 3 0x8000b7ba (0x843f2523) mem 0x8000d000 0x00000001
core   0: 0x8000b7be (0x0000bfe5) c.j     pc - 8
core   0: 3 0x8000b7be (0xbfe5)
core   0: 0x8000b7b6 (0x00002f17) auipc   t5, 0x2
core   0: 3 0x8000b7b6 (0x00002f17) x30 0x8000d7b6
core   0: 0x8000b7ba (0x843f2523) sw      gp, -1974(t5)
core   0: 3 0x8000b7ba (0x843f2523) mem 0x8000d000 0x00000001
core   0: 0x8000b7be (0x0000bfe5) c.j     pc - 8
core   0: 3 0x8000b7be (0xbfe5)
core   0: 0x8000b7b6 (0x00002f17) auipc   t5, 0x2
core   0: 3 0x8000b7b6 (0x00002f17) x30 0x8000d7b6
core   0: 0x8000b7ba (0x843f2523) sw      gp, -1974(t5)
core   0: 3 0x8000b7ba (0x843f2523) mem 0x8000d000 0x00000001
core   0: 0x8000b7be (0x0000bfe5) c.j     pc - 8
core   0: 3 0x8000b7be (0xbfe5)
core   0: 0x8000b7b6 (0x00002f17) auipc   t5, 0x2
core   0: 3 0x8000b7b6 (0x00002f17) x30 0x8000d7b6
core   0: 0x8000b7ba (0x843f2523) sw      gp, -1974(t5)
core   0: 3 0x8000b7ba (0x843f2523) mem 0x8000d000 0x00000001
core   0: 0x8000b7be (0x0000bfe5) c.j     pc - 8
core   0: 3 0x8000b7be (0xbfe5)
core   0: 0x8000b7b6 (0x00002f17) auipc   t5, 0x2
core   0: 3 0x8000b7b6 (0x00002f17) x30 0x8000d7b6
core   0: 0x8000b7ba (0x843f2523) sw      gp, -1974(t5)
core   0: 3 0x8000b7ba (0x843f2523) mem 0x8000d000 0x00000001
core   0: 0x8000b7be (0x0000bfe5) c.j     pc - 8
core   0: 3 0x8000b7be (0xbfe5)
core   0: 0x8000b7b6 (0x00002f17) auipc   t5, 0x2
core   0: 3 0x8000b7b6 (0x00002f17) x30 0x8000d7b6
core   0: 0x8000b7ba (0x843f2523) sw      gp, -1974(t5)
core   0: 3 0x8000b7ba (0x843f2523) mem 0x8000d000 0x00000001
core   0: 0x8000b7be (0x0000bfe5) c.j     pc - 8
core   0: 3 0x8000b7be (0xbfe5)
core   0: 0x8000b7b6 (0x00002f17) auipc   t5, 0x2
core   0: 3 0x8000b7b6 (0x00002f17) x30 0x8000d7b6
core   0: 0x8000b7ba (0x843f2523) sw      gp, -1974(t5)
core   0: 3 0x8000b7ba (0x843f2523) mem 0x8000d000 0x00000001
core   0: 0x8000b7be (0x0000bfe5) c.j     pc - 8
core   0: 3 0x8000b7be (0xbfe5)
core   0: 0x8000b7b6 (0x00002f17) auipc   t5, 0x2
core   0: 3 0x8000b7b6 (0x00002f17) x30 0x8000d7b6
core   0: 0x8000b7ba (0x843f2523) sw      gp, -1974(t5)
core   0: 3 0x8000b7ba (0x843f2523) mem 0x8000d000 0x00000001
core   0: 0x8000b7be (0x0000bfe5) c.j     pc - 8
core   0: 3 0x8000b7be (0xbfe5)
core   0: 0x8000b7b6 (0x00002f17) auipc   t5, 0x2
core   0: 3 0x8000b7b6 (0x00002f17) x30 0x8000d7b6
core   0: 0x8000b7ba (0x843f2523) sw      gp, -1974(t5)
core   0: 3 0x8000b7ba (0x843f2523) mem 0x8000d000 0x00000001
core   0: 0x8000b7be (0x0000bfe5) c.j     pc - 8
core   0: 3 0x8000b7be (0xbfe5)
core   0: 0x8000b7b6 (0x00002f17) auipc   t5, 0x2
core   0: 3 0x8000b7b6 (0x00002f17) x30 0x8000d7b6
core   0: 0x8000b7ba (0x843f2523) sw      gp, -1974(t5)
core   0: 3 0x8000b7ba (0x843f2523) mem 0x8000d000 0x00000001
core   0: 0x8000b7be (0x0000bfe5) c.j     pc - 8
core   0: 3 0x8000b7be (0xbfe5)
core   0: 0x8000b7b6 (0x00002f17) auipc   t5, 0x2
core   0: 3 0x8000b7b6 (0x00002f17) x30 0x8000d7b6
core   0: 0x8000b7ba (0x843f2523) sw      gp, -1974(t5)
core   0: 3 0x8000b7ba (0x843f2523) mem 0x8000d000 0x00000001
core   0: 0x8000b7be (0x0000bfe5) c.j     pc - 8
core   0: 3 0x8000b7be (0xbfe5)
core   0: 0x8000b7b6 (0x00002f17) auipc   t5, 0x2
core   0: 3 0x8000b7b6 (0x00002f17) x30 0x8000d7b6
core   0: 0x8000b7ba (0x843f2523) sw      gp, -1974(t5)
core   0: 3 0x8000b7ba (0x843f2523) mem 0x8000d000 0x00000001
core   0: 0x8000b7be (0x0000bfe5) c.j     pc - 8
core   0: 3 0x8000b7be (0xbfe5)
core   0: 0x8000b7b6 (0x00002f17) auipc   t5, 0x2
core   0: 3 0x8000b7b6 (0x00002f17) x30 0x8000d7b6
core   0: 0x8000b7ba (0x843f2523) sw      gp, -1974(t5)
core   0: 3 0x8000b7ba (0x843f2523) mem 0x8000d000 0x00000001
core   0: 0x8000b7be (0x0000bfe5) c.j     pc - 8
core   0: 3 0x8000b7be (0xbfe5)
core   0: 0x8000b7b6 (0x00002f17) auipc   t5, 0x2
core   0: 3 0x8000b7b6 (0x00002f17) x30 0x8000d7b6
core   0: 0x8000b7ba (0x843f2523) sw      gp, -1974(t5)
core   0: 3 0x8000b7ba (0x843f2523) mem 0x8000d000 0x00000001
core   0: 0x8000b7be (0x0000bfe5) c.j     pc - 8
core   0: 3 0x8000b7be (0xbfe5)
core   0: 0x8000b7b6 (0x00002f17) auipc   t5, 0x2
core   0: 3 0x8000b7b6 (0x00002f17) x30 0x8000d7b6
core   0: 0x8000b7ba (0x843f2523) sw      gp, -1974(t5)
core   0: 3 0x8000b7ba (0x843f2523) mem 0x8000d000 0x00000001
core   0: 0x8000b7be (0x0000bfe5) c.j     pc - 8
core   0: 3 0x8000b7be (0xbfe5)
core   0: 0x8000b7b6 (0x00002f17) auipc   t5, 0x2
core   0: 3 0x8000b7b6 (0x00002f17) x30 0x8000d7b6
core   0: 0x8000b7ba (0x843f2523) sw      gp, -1974(t5)
core   0: 3 0x8000b7ba (0x843f2523) mem 0x8000d000 0x00000001
core   0: 0x8000b7be (0x0000bfe5) c.j     pc - 8
core   0: 3 0x8000b7be (0xbfe5)
core   0: 0x8000b7b6 (0x00002f17) auipc   t5, 0x2
core   0: 3 0x8000b7b6 (0x00002f17) x30 0x8000d7b6
core   0: 0x8000b7ba (0x843f2523) sw      gp, -1974(t5)
core   0: 3 0x8000b7ba (0x843f2523) mem 0x8000d000 0x00000001
core   0: 0x8000b7be (0x0000bfe5) c.j     pc - 8
core   0: 3 0x8000b7be (0xbfe5)
core   0: 0x8000b7b6 (0x00002f17) auipc   t5, 0x2
core   0: 3 0x8000b7b6 (0x00002f17) x30 0x8000d7b6
core   0: 0x8000b7ba (0x843f2523) sw      gp, -1974(t5)
core   0: 3 0x8000b7ba (0x843f2523) mem 0x8000d000 0x00000001
core   0: 0x8000b7be (0x0000bfe5) c.j     pc - 8
core   0: 3 0x8000b7be (0xbfe5)
core   0: 0x8000b7b6 (0x00002f17) auipc   t5, 0x2
core   0: 3 0x8000b7b6 (0x00002f17) x30 0x8000d7b6
core   0: 0x8000b7ba (0x843f2523) sw      gp, -1974(t5)
core   0: 3 0x8000b7ba (0x843f2523) mem 0x8000d000 0x00000001
core   0: 0x8000b7be (0x0000bfe5) c.j     pc - 8
core   0: 3 0x8000b7be (0xbfe5)
core   0: 0x8000b7b6 (0x00002f17) auipc   t5, 0x2
core   0: 3 0x8000b7b6 (0x00002f17) x30 0x8000d7b6
core   0: 0x8000b7ba (0x843f2523) sw      gp, -1974(t5)
core   0: 3 0x8000b7ba (0x843f2523) mem 0x8000d000 0x00000001
core   0: 0x8000b7be (0x0000bfe5) c.j     pc - 8
core   0: 3 0x8000b7be (0xbfe5)
core   0: 0x8000b7b6 (0x00002f17) auipc   t5, 0x2
core   0: 3 0x8000b7b6 (0x00002f17) x30 0x8000d7b6
core   0: 0x8000b7ba (0x843f2523) sw      gp, -1974(t5)
core   0: 3 0x8000b7ba (0x843f2523) mem 0x8000d000 0x00000001
core   0: 0x8000b7be (0x0000bfe5) c.j     pc - 8
core   0: 3 0x8000b7be (0xbfe5)
core   0: 0x8000b7b6 (0x00002f17) auipc   t5, 0x2
core   0: 3 0x8000b7b6 (0x00002f17) x30 0x8000d7b6
core   0: 0x8000b7ba (0x843f2523) sw      gp, -1974(t5)
core   0: 3 0x8000b7ba (0x843f2523) mem 0x8000d000 0x00000001
core   0: 0x8000b7be (0x0000bfe5) c.j     pc - 8
core   0: 3 0x8000b7be (0xbfe5)
core   0: 0x8000b7b6 (0x00002f17) auipc   t5, 0x2
core   0: 3 0x8000b7b6 (0x00002f17) x30 0x8000d7b6
core   0: 0x8000b7ba (0x843f2523) sw      gp, -1974(t5)
core   0: 3 0x8000b7ba (0x843f2523) mem 0x8000d000 0x00000001
core   0: 0x8000b7be (0x0000bfe5) c.j     pc - 8
core   0: 3 0x8000b7be (0xbfe5)
core   0: 0x8000b7b6 (0x00002f17) auipc   t5, 0x2
core   0: 3 0x8000b7b6 (0x00002f17) x30 0x8000d7b6
core   0: 0x8000b7ba (0x843f2523) sw      gp, -1974(t5)
core   0: 3 0x8000b7ba (0x843f2523) mem 0x8000d000 0x00000001
core   0: 0x8000b7be (0x0000bfe5) c.j     pc - 8
core   0: 3 0x8000b7be (0xbfe5)
core   0: 0x8000b7b6 (0x00002f17) auipc   t5, 0x2
core   0: 3 0x8000b7b6 (0x00002f17) x30 0x8000d7b6
core   0: 0x8000b7ba (0x843f2523) sw      gp, -1974(t5)
core   0: 3 0x8000b7ba (0x843f2523) mem 0x8000d000 0x00000001
core   0: 0x8000b7be (0x0000bfe5) c.j     pc - 8
core   0: 3 0x8000b7be (0xbfe5)
core   0: 0x8000b7b6 (0x00002f17) auipc   t5, 0x2
core   0: 3 0x8000b7b6 (0x00002f17) x30 0x8000d7b6
core   0: 0x8000b7ba (0x843f2523) sw      gp, -1974(t5)
core   0: 3 0x8000b7ba (0x843f2523) mem 0x8000d000 0x00000001
core   0: 0x8000b7be (0x0000bfe5) c.j     pc - 8
core   0: 3 0x8000b7be (0xbfe5)
core   0: 0x8000b7b6 (0x00002f17) auipc   t5, 0x2
core   0: 3 0x8000b7b6 (0x00002f17) x30 0x8000d7b6
core   0: 0x8000b7ba (0x843f2523) sw      gp, -1974(t5)
core   0: 3 0x8000b7ba (0x843f2523) mem 0x8000d000 0x00000001
core   0: 0x8000b7be (0x0000bfe5) c.j     pc - 8
core   0: 3 0x8000b7be (0xbfe5)
core   0: 0x8000b7b6 (0x00002f17) auipc   t5, 0x2
core   0: 3 0x8000b7b6 (0x00002f17) x30 0x8000d7b6
core   0: 0x8000b7ba (0x843f2523) sw      gp, -1974(t5)
core   0: 3 0x8000b7ba (0x843f2523) mem 0x8000d000 0x00000001
core   0: 0x8000b7be (0x0000bfe5) c.j     pc - 8
core   0: 3 0x8000b7be (0xbfe5)
core   0: 0x8000b7b6 (0x00002f17) auipc   t5, 0x2
core   0: 3 0x8000b7b6 (0x00002f17) x30 0x8000d7b6
core   0: 0x8000b7ba (0x843f2523) sw      gp, -1974(t5)
core   0: 3 0x8000b7ba (0x843f2523) mem 0x8000d000 0x00000001
core   0: 0x8000b7be (0x0000bfe5) c.j     pc - 8
core   0: 3 0x8000b7be (0xbfe5)
core   0: 0x8000b7b6 (0x00002f17) auipc   t5, 0x2
core   0: 3 0x8000b7b6 (0x00002f17) x30 0x8000d7b6
core   0: 0x8000b7ba (0x843f2523) sw      gp, -1974(t5)
core   0: 3 0x8000b7ba (0x843f2523) mem 0x8000d000 0x00000001
core   0: 0x8000b7be (0x0000bfe5) c.j     pc - 8
core   0: 3 0x8000b7be (0xbfe5)
core   0: 0x8000b7b6 (0x00002f17) auipc   t5, 0x2
core   0: 3 0x8000b7b6 (0x00002f17) x30 0x8000d7b6
core   0: 0x8000b7ba (0x843f2523) sw      gp, -1974(t5)
core   0: 3 0x8000b7ba (0x843f2523) mem 0x8000d000 0x00000001
core   0: 0x8000b7be (0x0000bfe5) c.j     pc - 8
core   0: 3 0x8000b7be (0xbfe5)
core   0: 0x8000b7b6 (0x00002f17) auipc   t5, 0x2
core   0: 3 0x8000b7b6 (0x00002f17) x30 0x8000d7b6
core   0: 0x8000b7ba (0x843f2523) sw      gp, -1974(t5)
core   0: 3 0x8000b7ba (0x843f2523) mem 0x8000d000 0x00000001
core   0: 0x8000b7be (0x0000bfe5) c.j     pc - 8
core   0: 3 0x8000b7be (0xbfe5)
core   0: 0x8000b7b6 (0x00002f17) auipc   t5, 0x2
core   0: 3 0x8000b7b6 (0x00002f17) x30 0x8000d7b6
core   0: 0x8000b7ba (0x843f2523) sw      gp, -1974(t5)
core   0: 3 0x8000b7ba (0x843f2523) mem 0x8000d000 0x00000001
core   0: 0x8000b7be (0x0000bfe5) c.j     pc - 8
core   0: 3 0x8000b7be (0xbfe5)
core   0: 0x8000b7b6 (0x00002f17) auipc   t5, 0x2
core   0: 3 0x8000b7b6 (0x00002f17) x30 0x8000d7b6
core   0: 0x8000b7ba (0x843f2523) sw      gp, -1974(t5)
core   0: 3 0x8000b7ba (0x843f2523) mem 0x8000d000 0x00000001
core   0: 0x8000b7be (0x0000bfe5) c.j     pc - 8
core   0: 3 0x8000b7be (0xbfe5)
core   0: 0x8000b7b6 (0x00002f17) auipc   t5, 0x2
core   0: 3 0x8000b7b6 (0x00002f17) x30 0x8000d7b6
core   0: 0x8000b7ba (0x843f2523) sw      gp, -1974(t5)
core   0: 3 0x8000b7ba (0x843f2523) mem 0x8000d000 0x00000001
core   0: 0x8000b7be (0x0000bfe5) c.j     pc - 8
core   0: 3 0x8000b7be (0xbfe5)
core   0: 0x8000b7b6 (0x00002f17) auipc   t5, 0x2
core   0: 3 0x8000b7b6 (0x00002f17) x30 0x8000d7b6
core   0: 0x8000b7ba (0x843f2523) sw      gp, -1974(t5)
core   0: 3 0x8000b7ba (0x843f2523) mem 0x8000d000 0x00000001
core   0: 0x8000b7be (0x0000bfe5) c.j     pc - 8
core   0: 3 0x8000b7be (0xbfe5)
core   0: 0x8000b7b6 (0x00002f17) auipc   t5, 0x2
core   0: 3 0x8000b7b6 (0x00002f17) x30 0x8000d7b6
core   0: 0x8000b7ba (0x843f2523) sw      gp, -1974(t5)
core   0: 3 0x8000b7ba (0x843f2523) mem 0x8000d000 0x00000001
core   0: 0x8000b7be (0x0000bfe5) c.j     pc - 8
core   0: 3 0x8000b7be (0xbfe5)
core   0: 0x8000b7b6 (0x00002f17) auipc   t5, 0x2
core   0: 3 0x8000b7b6 (0x00002f17) x30 0x8000d7b6
core   0: 0x8000b7ba (0x843f2523) sw      gp, -1974(t5)
core   0: 3 0x8000b7ba (0x843f2523) mem 0x8000d000 0x00000001
core   0: 0x8000b7be (0x0000bfe5) c.j     pc - 8
core   0: 3 0x8000b7be (0xbfe5)
core   0: 0x8000b7b6 (0x00002f17) auipc   t5, 0x2
core   0: 3 0x8000b7b6 (0x00002f17) x30 0x8000d7b6
core   0: 0x8000b7ba (0x843f2523) sw      gp, -1974(t5)
core   0: 3 0x8000b7ba (0x843f2523) mem 0x8000d000 0x00000001
core   0: 0x8000b7be (0x0000bfe5) c.j     pc - 8
core   0: 3 0x8000b7be (0xbfe5)
core   0: 0x8000b7b6 (0x00002f17) auipc   t5, 0x2
core   0: 3 0x8000b7b6 (0x00002f17) x30 0x8000d7b6
core   0: 0x8000b7ba (0x843f2523) sw      gp, -1974(t5)
core   0: 3 0x8000b7ba (0x843f2523) mem 0x8000d000 0x00000001
core   0: 0x8000b7be (0x0000bfe5) c.j     pc - 8
core   0: 3 0x8000b7be (0xbfe5)
core   0: 0x8000b7b6 (0x00002f17) auipc   t5, 0x2
core   0: 3 0x8000b7b6 (0x00002f17) x30 0x8000d7b6
core   0: 0x8000b7ba (0x843f2523) sw      gp, -1974(t5)
core   0: 3 0x8000b7ba (0x843f2523) mem 0x8000d000 0x00000001
core   0: 0x8000b7be (0x0000bfe5) c.j     pc - 8
core   0: 3 0x8000b7be (0xbfe5)
core   0: 0x8000b7b6 (0x00002f17) auipc   t5, 0x2
core   0: 3 0x8000b7b6 (0x00002f17) x30 0x8000d7b6
core   0: 0x8000b7ba (0x843f2523) sw      gp, -1974(t5)
core   0: 3 0x8000b7ba (0x843f2523) mem 0x8000d000 0x00000001
core   0: 0x8000b7be (0x0000bfe5) c.j     pc - 8
core   0: 3 0x8000b7be (0xbfe5)
core   0: 0x8000b7b6 (0x00002f17) auipc   t5, 0x2
core   0: 3 0x8000b7b6 (0x00002f17) x30 0x8000d7b6
core   0: 0x8000b7ba (0x843f2523) sw      gp, -1974(t5)
core   0: 3 0x8000b7ba (0x843f2523) mem 0x8000d000 0x00000001
core   0: 0x8000b7be (0x0000bfe5) c.j     pc - 8
core   0: 3 0x8000b7be (0xbfe5)
core   0: 0x8000b7b6 (0x00002f17) auipc   t5, 0x2
core   0: 3 0x8000b7b6 (0x00002f17) x30 0x8000d7b6
core   0: 0x8000b7ba (0x843f2523) sw      gp, -1974(t5)
core   0: 3 0x8000b7ba (0x843f2523) mem 0x8000d000 0x00000001
core   0: 0x8000b7be (0x0000bfe5) c.j     pc - 8
core   0: 3 0x8000b7be (0xbfe5)
core   0: 0x8000b7b6 (0x00002f17) auipc   t5, 0x2
core   0: 3 0x8000b7b6 (0x00002f17) x30 0x8000d7b6
core   0: 0x8000b7ba (0x843f2523) sw      gp, -1974(t5)
core   0: 3 0x8000b7ba (0x843f2523) mem 0x8000d000 0x00000001
core   0: 0x8000b7be (0x0000bfe5) c.j     pc - 8
core   0: 3 0x8000b7be (0xbfe5)
core   0: 0x8000b7b6 (0x00002f17) auipc   t5, 0x2
core   0: 3 0x8000b7b6 (0x00002f17) x30 0x8000d7b6
core   0: 0x8000b7ba (0x843f2523) sw      gp, -1974(t5)
core   0: 3 0x8000b7ba (0x843f2523) mem 0x8000d000 0x00000001
core   0: 0x8000b7be (0x0000bfe5) c.j     pc - 8
core   0: 3 0x8000b7be (0xbfe5)
core   0: 0x8000b7b6 (0x00002f17) auipc   t5, 0x2
core   0: 3 0x8000b7b6 (0x00002f17) x30 0x8000d7b6
core   0: 0x8000b7ba (0x843f2523) sw      gp, -1974(t5)
core   0: 3 0x8000b7ba (0x843f2523) mem 0x8000d000 0x00000001
core   0: 0x8000b7be (0x0000bfe5) c.j     pc - 8
core   0: 3 0x8000b7be (0xbfe5)
core   0: 0x8000b7b6 (0x00002f17) auipc   t5, 0x2
core   0: 3 0x8000b7b6 (0x00002f17) x30 0x8000d7b6
core   0: 0x8000b7ba (0x843f2523) sw      gp, -1974(t5)
core   0: 3 0x8000b7ba (0x843f2523) mem 0x8000d000 0x00000001
core   0: 0x8000b7be (0x0000bfe5) c.j     pc - 8
core   0: 3 0x8000b7be (0xbfe5)
core   0: 0x8000b7b6 (0x00002f17) auipc   t5, 0x2
core   0: 3 0x8000b7b6 (0x00002f17) x30 0x8000d7b6
core   0: 0x8000b7ba (0x843f2523) sw      gp, -1974(t5)
core   0: 3 0x8000b7ba (0x843f2523) mem 0x8000d000 0x00000001
core   0: 0x8000b7be (0x0000bfe5) c.j     pc - 8
core   0: 3 0x8000b7be (0xbfe5)
core   0: 0x8000b7b6 (0x00002f17) auipc   t5, 0x2
core   0: 3 0x8000b7b6 (0x00002f17) x30 0x8000d7b6
core   0: 0x8000b7ba (0x843f2523) sw      gp, -1974(t5)
core   0: 3 0x8000b7ba (0x843f2523) mem 0x8000d000 0x00000001
core   0: 0x8000b7be (0x0000bfe5) c.j     pc - 8
core   0: 3 0x8000b7be (0xbfe5)
core   0: 0x8000b7b6 (0x00002f17) auipc   t5, 0x2
core   0: 3 0x8000b7b6 (0x00002f17) x30 0x8000d7b6
core   0: 0x8000b7ba (0x843f2523) sw      gp, -1974(t5)
core   0: 3 0x8000b7ba (0x843f2523) mem 0x8000d000 0x00000001
core   0: 0x8000b7be (0x0000bfe5) c.j     pc - 8
core   0: 3 0x8000b7be (0xbfe5)
core   0: 0x8000b7b6 (0x00002f17) auipc   t5, 0x2
core   0: 3 0x8000b7b6 (0x00002f17) x30 0x8000d7b6
core   0: 0x8000b7ba (0x843f2523) sw      gp, -1974(t5)
core   0: 3 0x8000b7ba (0x843f2523) mem 0x8000d000 0x00000001
core   0: 0x8000b7be (0x0000bfe5) c.j     pc - 8
core   0: 3 0x8000b7be (0xbfe5)
core   0: 0x8000b7b6 (0x00002f17) auipc   t5, 0x2
core   0: 3 0x8000b7b6 (0x00002f17) x30 0x8000d7b6
core   0: 0x8000b7ba (0x843f2523) sw      gp, -1974(t5)
core   0: 3 0x8000b7ba (0x843f2523) mem 0x8000d000 0x00000001
core   0: 0x8000b7be (0x0000bfe5) c.j     pc - 8
core   0: 3 0x8000b7be (0xbfe5)
core   0: 0x8000b7b6 (0x00002f17) auipc   t5, 0x2
core   0: 3 0x8000b7b6 (0x00002f17) x30 0x8000d7b6
core   0: 0x8000b7ba (0x843f2523) sw      gp, -1974(t5)
core   0: 3 0x8000b7ba (0x843f2523) mem 0x8000d000 0x00000001
core   0: 0x8000b7be (0x0000bfe5) c.j     pc - 8
core   0: 3 0x8000b7be (0xbfe5)
core   0: 0x8000b7b6 (0x00002f17) auipc   t5, 0x2
core   0: 3 0x8000b7b6 (0x00002f17) x30 0x8000d7b6
core   0: 0x8000b7ba (0x843f2523) sw      gp, -1974(t5)
core   0: 3 0x8000b7ba (0x843f2523) mem 0x8000d000 0x00000001
core   0: 0x8000b7be (0x0000bfe5) c.j     pc - 8
core   0: 3 0x8000b7be (0xbfe5)
core   0: 0x8000b7b6 (0x00002f17) auipc   t5, 0x2
core   0: 3 0x8000b7b6 (0x00002f17) x30 0x8000d7b6
core   0: 0x8000b7ba (0x843f2523) sw      gp, -1974(t5)
core   0: 3 0x8000b7ba (0x843f2523) mem 0x8000d000 0x00000001
core   0: 0x8000b7be (0x0000bfe5) c.j     pc - 8
core   0: 3 0x8000b7be (0xbfe5)
core   0: 0x8000b7b6 (0x00002f17) auipc   t5, 0x2
core   0: 3 0x8000b7b6 (0x00002f17) x30 0x8000d7b6
core   0: 0x8000b7ba (0x843f2523) sw      gp, -1974(t5)
core   0: 3 0x8000b7ba (0x843f2523) mem 0x8000d000 0x00000001
core   0: 0x8000b7be (0x0000bfe5) c.j     pc - 8
core   0: 3 0x8000b7be (0xbfe5)
core   0: 0x8000b7b6 (0x00002f17) auipc   t5, 0x2
core   0: 3 0x8000b7b6 (0x00002f17) x30 0x8000d7b6
core   0: 0x8000b7ba (0x843f2523) sw      gp, -1974(t5)
core   0: 3 0x8000b7ba (0x843f2523) mem 0x8000d000 0x00000001
core   0: 0x8000b7be (0x0000bfe5) c.j     pc - 8
core   0: 3 0x8000b7be (0xbfe5)
core   0: 0x8000b7b6 (0x00002f17) auipc   t5, 0x2
core   0: 3 0x8000b7b6 (0x00002f17) x30 0x8000d7b6
core   0: 0x8000b7ba (0x843f2523) sw      gp, -1974(t5)
core   0: 3 0x8000b7ba (0x843f2523) mem 0x8000d000 0x00000001
core   0: 0x8000b7be (0x0000bfe5) c.j     pc - 8
core   0: 3 0x8000b7be (0xbfe5)
core   0: 0x8000b7b6 (0x00002f17) auipc   t5, 0x2
core   0: 3 0x8000b7b6 (0x00002f17) x30 0x8000d7b6
core   0: 0x8000b7ba (0x843f2523) sw      gp, -1974(t5)
core   0: 3 0x8000b7ba (0x843f2523) mem 0x8000d000 0x00000001
core   0: 0x8000b7be (0x0000bfe5) c.j     pc - 8
core   0: 3 0x8000b7be (0xbfe5)
core   0: 0x8000b7b6 (0x00002f17) auipc   t5, 0x2
core   0: 3 0x8000b7b6 (0x00002f17) x30 0x8000d7b6
core   0: 0x8000b7ba (0x843f2523) sw      gp, -1974(t5)
core   0: 3 0x8000b7ba (0x843f2523) mem 0x8000d000 0x00000001
core   0: 0x8000b7be (0x0000bfe5) c.j     pc - 8
core   0: 3 0x8000b7be (0xbfe5)
core   0: 0x8000b7b6 (0x00002f17) auipc   t5, 0x2
core   0: 3 0x8000b7b6 (0x00002f17) x30 0x8000d7b6
core   0: 0x8000b7ba (0x843f2523) sw      gp, -1974(t5)
core   0: 3 0x8000b7ba (0x843f2523) mem 0x8000d000 0x00000001
core   0: 0x8000b7be (0x0000bfe5) c.j     pc - 8
core   0: 3 0x8000b7be (0xbfe5)
core   0: 0x8000b7b6 (0x00002f17) auipc   t5, 0x2
core   0: 3 0x8000b7b6 (0x00002f17) x30 0x8000d7b6
core   0: 0x8000b7ba (0x843f2523) sw      gp, -1974(t5)
core   0: 3 0x8000b7ba (0x843f2523) mem 0x8000d000 0x00000001
core   0: 0x8000b7be (0x0000bfe5) c.j     pc - 8
core   0: 3 0x8000b7be (0xbfe5)
core   0: 0x8000b7b6 (0x00002f17) auipc   t5, 0x2
core   0: 3 0x8000b7b6 (0x00002f17) x30 0x8000d7b6
core   0: 0x8000b7ba (0x843f2523) sw      gp, -1974(t5)
core   0: 3 0x8000b7ba (0x843f2523) mem 0x8000d000 0x00000001
core   0: 0x8000b7be (0x0000bfe5) c.j     pc - 8
core   0: 3 0x8000b7be (0xbfe5)
core   0: 0x8000b7b6 (0x00002f17) auipc   t5, 0x2
core   0: 3 0x8000b7b6 (0x00002f17) x30 0x8000d7b6
core   0: 0x8000b7ba (0x843f2523) sw      gp, -1974(t5)
core   0: 3 0x8000b7ba (0x843f2523) mem 0x8000d000 0x00000001
core   0: 0x8000b7be (0x0000bfe5) c.j     pc - 8
core   0: 3 0x8000b7be (0xbfe5)
core   0: 0x8000b7b6 (0x00002f17) auipc   t5, 0x2
core   0: 3 0x8000b7b6 (0x00002f17) x30 0x8000d7b6
core   0: 0x8000b7ba (0x843f2523) sw      gp, -1974(t5)
core   0: 3 0x8000b7ba (0x843f2523) mem 0x8000d000 0x00000001
core   0: 0x8000b7be (0x0000bfe5) c.j     pc - 8
core   0: 3 0x8000b7be (0xbfe5)
core   0: 0x8000b7b6 (0x00002f17) auipc   t5, 0x2
core   0: 3 0x8000b7b6 (0x00002f17) x30 0x8000d7b6
core   0: 0x8000b7ba (0x843f2523) sw      gp, -1974(t5)
core   0: 3 0x8000b7ba (0x843f2523) mem 0x8000d000 0x00000001
core   0: 0x8000b7be (0x0000bfe5) c.j     pc - 8
core   0: 3 0x8000b7be (0xbfe5)
core   0: 0x8000b7b6 (0x00002f17) auipc   t5, 0x2
core   0: 3 0x8000b7b6 (0x00002f17) x30 0x8000d7b6
core   0: 0x8000b7ba (0x843f2523) sw      gp, -1974(t5)
core   0: 3 0x8000b7ba (0x843f2523) mem 0x8000d000 0x00000001
core   0: 0x8000b7be (0x0000bfe5) c.j     pc - 8
core   0: 3 0x8000b7be (0xbfe5)
core   0: 0x8000b7b6 (0x00002f17) auipc   t5, 0x2
core   0: 3 0x8000b7b6 (0x00002f17) x30 0x8000d7b6
core   0: 0x8000b7ba (0x843f2523) sw      gp, -1974(t5)
core   0: 3 0x8000b7ba (0x843f2523) mem 0x8000d000 0x00000001
core   0: 0x8000b7be (0x0000bfe5) c.j     pc - 8
core   0: 3 0x8000b7be (0xbfe5)
core   0: 0x8000b7b6 (0x00002f17) auipc   t5, 0x2
core   0: 3 0x8000b7b6 (0x00002f17) x30 0x8000d7b6
core   0: 0x8000b7ba (0x843f2523) sw      gp, -1974(t5)
core   0: 3 0x8000b7ba (0x843f2523) mem 0x8000d000 0x00000001
core   0: 0x8000b7be (0x0000bfe5) c.j     pc - 8
core   0: 3 0x8000b7be (0xbfe5)
core   0: 0x8000b7b6 (0x00002f17) auipc   t5, 0x2
core   0: 3 0x8000b7b6 (0x00002f17) x30 0x8000d7b6
core   0: 0x8000b7ba (0x843f2523) sw      gp, -1974(t5)
core   0: 3 0x8000b7ba (0x843f2523) mem 0x8000d000 0x00000001
core   0: 0x8000b7be (0x0000bfe5) c.j     pc - 8
core   0: 3 0x8000b7be (0xbfe5)
core   0: 0x8000b7b6 (0x00002f17) auipc   t5, 0x2
core   0: 3 0x8000b7b6 (0x00002f17) x30 0x8000d7b6
core   0: 0x8000b7ba (0x843f2523) sw      gp, -1974(t5)
core   0: 3 0x8000b7ba (0x843f2523) mem 0x8000d000 0x00000001
core   0: 0x8000b7be (0x0000bfe5) c.j     pc - 8
core   0: 3 0x8000b7be (0xbfe5)
core   0: 0x8000b7b6 (0x00002f17) auipc   t5, 0x2
core   0: 3 0x8000b7b6 (0x00002f17) x30 0x8000d7b6
core   0: 0x8000b7ba (0x843f2523) sw      gp, -1974(t5)
core   0: 3 0x8000b7ba (0x843f2523) mem 0x8000d000 0x00000001
core   0: 0x8000b7be (0x0000bfe5) c.j     pc - 8
core   0: 3 0x8000b7be (0xbfe5)
core   0: 0x8000b7b6 (0x00002f17) auipc   t5, 0x2
core   0: 3 0x8000b7b6 (0x00002f17) x30 0x8000d7b6
core   0: 0x8000b7ba (0x843f2523) sw      gp, -1974(t5)
core   0: 3 0x8000b7ba (0x843f2523) mem 0x8000d000 0x00000001
core   0: 0x8000b7be (0x0000bfe5) c.j     pc - 8
core   0: 3 0x8000b7be (0xbfe5)
core   0: 0x8000b7b6 (0x00002f17) auipc   t5, 0x2
core   0: 3 0x8000b7b6 (0x00002f17) x30 0x8000d7b6
core   0: 0x8000b7ba (0x843f2523) sw      gp, -1974(t5)
core   0: 3 0x8000b7ba (0x843f2523) mem 0x8000d000 0x00000001
core   0: 0x8000b7be (0x0000bfe5) c.j     pc - 8
core   0: 3 0x8000b7be (0xbfe5)
core   0: 0x8000b7b6 (0x00002f17) auipc   t5, 0x2
core   0: 3 0x8000b7b6 (0x00002f17) x30 0x8000d7b6
core   0: 0x8000b7ba (0x843f2523) sw      gp, -1974(t5)
core   0: 3 0x8000b7ba (0x843f2523) mem 0x8000d000 0x00000001
core   0: 0x8000b7be (0x0000bfe5) c.j     pc - 8
core   0: 3 0x8000b7be (0xbfe5)
core   0: 0x8000b7b6 (0x00002f17) auipc   t5, 0x2
core   0: 3 0x8000b7b6 (0x00002f17) x30 0x8000d7b6
core   0: 0x8000b7ba (0x843f2523) sw      gp, -1974(t5)
core   0: 3 0x8000b7ba (0x843f2523) mem 0x8000d000 0x00000001
core   0: 0x8000b7be (0x0000bfe5) c.j     pc - 8
core   0: 3 0x8000b7be (0xbfe5)
core   0: 0x8000b7b6 (0x00002f17) auipc   t5, 0x2
core   0: 3 0x8000b7b6 (0x00002f17) x30 0x8000d7b6
core   0: 0x8000b7ba (0x843f2523) sw      gp, -1974(t5)
core   0: 3 0x8000b7ba (0x843f2523) mem 0x8000d000 0x00000001
core   0: 0x8000b7be (0x0000bfe5) c.j     pc - 8
core   0: 3 0x8000b7be (0xbfe5)
core   0: 0x8000b7b6 (0x00002f17) auipc   t5, 0x2
core   0: 3 0x8000b7b6 (0x00002f17) x30 0x8000d7b6
core   0: 0x8000b7ba (0x843f2523) sw      gp, -1974(t5)
core   0: 3 0x8000b7ba (0x843f2523) mem 0x8000d000 0x00000001
core   0: 0x8000b7be (0x0000bfe5) c.j     pc - 8
core   0: 3 0x8000b7be (0xbfe5)
core   0: 0x8000b7b6 (0x00002f17) auipc   t5, 0x2
core   0: 3 0x8000b7b6 (0x00002f17) x30 0x8000d7b6
core   0: 0x8000b7ba (0x843f2523) sw      gp, -1974(t5)
core   0: 3 0x8000b7ba (0x843f2523) mem 0x8000d000 0x00000001
core   0: 0x8000b7be (0x0000bfe5) c.j     pc - 8
core   0: 3 0x8000b7be (0xbfe5)
core   0: 0x8000b7b6 (0x00002f17) auipc   t5, 0x2
core   0: 3 0x8000b7b6 (0x00002f17) x30 0x8000d7b6
core   0: 0x8000b7ba (0x843f2523) sw      gp, -1974(t5)
core   0: 3 0x8000b7ba (0x843f2523) mem 0x8000d000 0x00000001
core   0: 0x8000b7be (0x0000bfe5) c.j     pc - 8
core   0: 3 0x8000b7be (0xbfe5)
core   0: 0x8000b7b6 (0x00002f17) auipc   t5, 0x2
core   0: 3 0x8000b7b6 (0x00002f17) x30 0x8000d7b6
core   0: 0x8000b7ba (0x843f2523) sw      gp, -1974(t5)
core   0: 3 0x8000b7ba (0x843f2523) mem 0x8000d000 0x00000001
core   0: 0x8000b7be (0x0000bfe5) c.j     pc - 8
core   0: 3 0x8000b7be (0xbfe5)
core   0: 0x8000b7b6 (0x00002f17) auipc   t5, 0x2
core   0: 3 0x8000b7b6 (0x00002f17) x30 0x8000d7b6
core   0: 0x8000b7ba (0x843f2523) sw      gp, -1974(t5)
core   0: 3 0x8000b7ba (0x843f2523) mem 0x8000d000 0x00000001
core   0: 0x8000b7be (0x0000bfe5) c.j     pc - 8
core   0: 3 0x8000b7be (0xbfe5)
core   0: 0x8000b7b6 (0x00002f17) auipc   t5, 0x2
core   0: 3 0x8000b7b6 (0x00002f17) x30 0x8000d7b6
core   0: 0x8000b7ba (0x843f2523) sw      gp, -1974(t5)
core   0: 3 0x8000b7ba (0x843f2523) mem 0x8000d000 0x00000001
core   0: 0x8000b7be (0x0000bfe5) c.j     pc - 8
core   0: 3 0x8000b7be (0xbfe5)
core   0: 0x8000b7b6 (0x00002f17) auipc   t5, 0x2
core   0: 3 0x8000b7b6 (0x00002f17) x30 0x8000d7b6
core   0: 0x8000b7ba (0x843f2523) sw      gp, -1974(t5)
core   0: 3 0x8000b7ba (0x843f2523) mem 0x8000d000 0x00000001
core   0: 0x8000b7be (0x0000bfe5) c.j     pc - 8
core   0: 3 0x8000b7be (0xbfe5)
core   0: 0x8000b7b6 (0x00002f17) auipc   t5, 0x2
core   0: 3 0x8000b7b6 (0x00002f17) x30 0x8000d7b6
core   0: 0x8000b7ba (0x843f2523) sw      gp, -1974(t5)
core   0: 3 0x8000b7ba (0x843f2523) mem 0x8000d000 0x00000001
core   0: 0x8000b7be (0x0000bfe5) c.j     pc - 8
core   0: 3 0x8000b7be (0xbfe5)
core   0: 0x8000b7b6 (0x00002f17) auipc   t5, 0x2
core   0: 3 0x8000b7b6 (0x00002f17) x30 0x8000d7b6
core   0: 0x8000b7ba (0x843f2523) sw      gp, -1974(t5)
core   0: 3 0x8000b7ba (0x843f2523) mem 0x8000d000 0x00000001
core   0: 0x8000b7be (0x0000bfe5) c.j     pc - 8
core   0: 3 0x8000b7be (0xbfe5)
core   0: 0x8000b7b6 (0x00002f17) auipc   t5, 0x2
core   0: 3 0x8000b7b6 (0x00002f17) x30 0x8000d7b6
core   0: 0x8000b7ba (0x843f2523) sw      gp, -1974(t5)
core   0: 3 0x8000b7ba (0x843f2523) mem 0x8000d000 0x00000001
core   0: 0x8000b7be (0x0000bfe5) c.j     pc - 8
core   0: 3 0x8000b7be (0xbfe5)
core   0: 0x8000b7b6 (0x00002f17) auipc   t5, 0x2
core   0: 3 0x8000b7b6 (0x00002f17) x30 0x8000d7b6
core   0: 0x8000b7ba (0x843f2523) sw      gp, -1974(t5)
core   0: 3 0x8000b7ba (0x843f2523) mem 0x8000d000 0x00000001
core   0: 0x8000b7be (0x0000bfe5) c.j     pc - 8
core   0: 3 0x8000b7be (0xbfe5)
core   0: 0x8000b7b6 (0x00002f17) auipc   t5, 0x2
core   0: 3 0x8000b7b6 (0x00002f17) x30 0x8000d7b6
core   0: 0x8000b7ba (0x843f2523) sw      gp, -1974(t5)
core   0: 3 0x8000b7ba (0x843f2523) mem 0x8000d000 0x00000001
core   0: 0x8000b7be (0x0000bfe5) c.j     pc - 8
core   0: 3 0x8000b7be (0xbfe5)
core   0: 0x8000b7b6 (0x00002f17) auipc   t5, 0x2
core   0: 3 0x8000b7b6 (0x00002f17) x30 0x8000d7b6
core   0: 0x8000b7ba (0x843f2523) sw      gp, -1974(t5)
core   0: 3 0x8000b7ba (0x843f2523) mem 0x8000d000 0x00000001
core   0: 0x8000b7be (0x0000bfe5) c.j     pc - 8
core   0: 3 0x8000b7be (0xbfe5)
core   0: 0x8000b7b6 (0x00002f17) auipc   t5, 0x2
core   0: 3 0x8000b7b6 (0x00002f17) x30 0x8000d7b6
core   0: 0x8000b7ba (0x843f2523) sw      gp, -1974(t5)
core   0: 3 0x8000b7ba (0x843f2523) mem 0x8000d000 0x00000001
core   0: 0x8000b7be (0x0000bfe5) c.j     pc - 8
core   0: 3 0x8000b7be (0xbfe5)
core   0: 0x8000b7b6 (0x00002f17) auipc   t5, 0x2
core   0: 3 0x8000b7b6 (0x00002f17) x30 0x8000d7b6
core   0: 0x8000b7ba (0x843f2523) sw      gp, -1974(t5)
core   0: 3 0x8000b7ba (0x843f2523) mem 0x8000d000 0x00000001
core   0: 0x8000b7be (0x0000bfe5) c.j     pc - 8
core   0: 3 0x8000b7be (0xbfe5)
core   0: 0x8000b7b6 (0x00002f17) auipc   t5, 0x2
core   0: 3 0x8000b7b6 (0x00002f17) x30 0x8000d7b6
core   0: 0x8000b7ba (0x843f2523) sw      gp, -1974(t5)
core   0: 3 0x8000b7ba (0x843f2523) mem 0x8000d000 0x00000001
core   0: 0x8000b7be (0x0000bfe5) c.j     pc - 8
core   0: 3 0x8000b7be (0xbfe5)
core   0: 0x8000b7b6 (0x00002f17) auipc   t5, 0x2
core   0: 3 0x8000b7b6 (0x00002f17) x30 0x8000d7b6
core   0: 0x8000b7ba (0x843f2523) sw      gp, -1974(t5)
core   0: 3 0x8000b7ba (0x843f2523) mem 0x8000d000 0x00000001
core   0: 0x8000b7be (0x0000bfe5) c.j     pc - 8
core   0: 3 0x8000b7be (0xbfe5)
core   0: 0x8000b7b6 (0x00002f17) auipc   t5, 0x2
core   0: 3 0x8000b7b6 (0x00002f17) x30 0x8000d7b6
core   0: 0x8000b7ba (0x843f2523) sw      gp, -1974(t5)
core   0: 3 0x8000b7ba (0x843f2523) mem 0x8000d000 0x00000001
core   0: 0x8000b7be (0x0000bfe5) c.j     pc - 8
core   0: 3 0x8000b7be (0xbfe5)
core   0: 0x8000b7b6 (0x00002f17) auipc   t5, 0x2
core   0: 3 0x8000b7b6 (0x00002f17) x30 0x8000d7b6
core   0: 0x8000b7ba (0x843f2523) sw      gp, -1974(t5)
core   0: 3 0x8000b7ba (0x843f2523) mem 0x8000d000 0x00000001
core   0: 0x8000b7be (0x0000bfe5) c.j     pc - 8
core   0: 3 0x8000b7be (0xbfe5)
core   0: 0x8000b7b6 (0x00002f17) auipc   t5, 0x2
core   0: 3 0x8000b7b6 (0x00002f17) x30 0x8000d7b6
core   0: 0x8000b7ba (0x843f2523) sw      gp, -1974(t5)
core   0: 3 0x8000b7ba (0x843f2523) mem 0x8000d000 0x00000001
core   0: 0x8000b7be (0x0000bfe5) c.j     pc - 8
core   0: 3 0x8000b7be (0xbfe5)
core   0: 0x8000b7b6 (0x00002f17) auipc   t5, 0x2
core   0: 3 0x8000b7b6 (0x00002f17) x30 0x8000d7b6
core   0: 0x8000b7ba (0x843f2523) sw      gp, -1974(t5)
core   0: 3 0x8000b7ba (0x843f2523) mem 0x8000d000 0x00000001
core   0: 0x8000b7be (0x0000bfe5) c.j     pc - 8
core   0: 3 0x8000b7be (0xbfe5)
core   0: 0x8000b7b6 (0x00002f17) auipc   t5, 0x2
core   0: 3 0x8000b7b6 (0x00002f17) x30 0x8000d7b6
core   0: 0x8000b7ba (0x843f2523) sw      gp, -1974(t5)
core   0: 3 0x8000b7ba (0x843f2523) mem 0x8000d000 0x00000001
core   0: 0x8000b7be (0x0000bfe5) c.j     pc - 8
core   0: 3 0x8000b7be (0xbfe5)
core   0: 0x8000b7b6 (0x00002f17) auipc   t5, 0x2
core   0: 3 0x8000b7b6 (0x00002f17) x30 0x8000d7b6
core   0: 0x8000b7ba (0x843f2523) sw      gp, -1974(t5)
core   0: 3 0x8000b7ba (0x843f2523) mem 0x8000d000 0x00000001
core   0: 0x8000b7be (0x0000bfe5) c.j     pc - 8
core   0: 3 0x8000b7be (0xbfe5)
core   0: 0x8000b7b6 (0x00002f17) auipc   t5, 0x2
core   0: 3 0x8000b7b6 (0x00002f17) x30 0x8000d7b6
core   0: 0x8000b7ba (0x843f2523) sw      gp, -1974(t5)
core   0: 3 0x8000b7ba (0x843f2523) mem 0x8000d000 0x00000001
core   0: 0x8000b7be (0x0000bfe5) c.j     pc - 8
core   0: 3 0x8000b7be (0xbfe5)
core   0: 0x8000b7b6 (0x00002f17) auipc   t5, 0x2
core   0: 3 0x8000b7b6 (0x00002f17) x30 0x8000d7b6
core   0: 0x8000b7ba (0x843f2523) sw      gp, -1974(t5)
core   0: 3 0x8000b7ba (0x843f2523) mem 0x8000d000 0x00000001
core   0: 0x8000b7be (0x0000bfe5) c.j     pc - 8
core   0: 3 0x8000b7be (0xbfe5)
core   0: 0x8000b7b6 (0x00002f17) auipc   t5, 0x2
core   0: 3 0x8000b7b6 (0x00002f17) x30 0x8000d7b6
core   0: 0x8000b7ba (0x843f2523) sw      gp, -1974(t5)
core   0: 3 0x8000b7ba (0x843f2523) mem 0x8000d000 0x00000001
core   0: 0x8000b7be (0x0000bfe5) c.j     pc - 8
core   0: 3 0x8000b7be (0xbfe5)
core   0: 0x8000b7b6 (0x00002f17) auipc   t5, 0x2
core   0: 3 0x8000b7b6 (0x00002f17) x30 0x8000d7b6
core   0: 0x8000b7ba (0x843f2523) sw      gp, -1974(t5)
core   0: 3 0x8000b7ba (0x843f2523) mem 0x8000d000 0x00000001
core   0: 0x8000b7be (0x0000bfe5) c.j     pc - 8
core   0: 3 0x8000b7be (0xbfe5)
core   0: 0x8000b7b6 (0x00002f17) auipc   t5, 0x2
core   0: 3 0x8000b7b6 (0x00002f17) x30 0x8000d7b6
core   0: 0x8000b7ba (0x843f2523) sw      gp, -1974(t5)
core   0: 3 0x8000b7ba (0x843f2523) mem 0x8000d000 0x00000001
core   0: 0x8000b7be (0x0000bfe5) c.j     pc - 8
core   0: 3 0x8000b7be (0xbfe5)
core   0: 0x8000b7b6 (0x00002f17) auipc   t5, 0x2
core   0: 3 0x8000b7b6 (0x00002f17) x30 0x8000d7b6
core   0: 0x8000b7ba (0x843f2523) sw      gp, -1974(t5)
core   0: 3 0x8000b7ba (0x843f2523) mem 0x8000d000 0x00000001
core   0: 0x8000b7be (0x0000bfe5) c.j     pc - 8
core   0: 3 0x8000b7be (0xbfe5)
core   0: 0x8000b7b6 (0x00002f17) auipc   t5, 0x2
core   0: 3 0x8000b7b6 (0x00002f17) x30 0x8000d7b6
core   0: 0x8000b7ba (0x843f2523) sw      gp, -1974(t5)
core   0: 3 0x8000b7ba (0x843f2523) mem 0x8000d000 0x00000001
core   0: 0x8000b7be (0x0000bfe5) c.j     pc - 8
core   0: 3 0x8000b7be (0xbfe5)
core   0: 0x8000b7b6 (0x00002f17) auipc   t5, 0x2
core   0: 3 0x8000b7b6 (0x00002f17) x30 0x8000d7b6
core   0: 0x8000b7ba (0x843f2523) sw      gp, -1974(t5)
core   0: 3 0x8000b7ba (0x843f2523) mem 0x8000d000 0x00000001
core   0: 0x8000b7be (0x0000bfe5) c.j     pc - 8
core   0: 3 0x8000b7be (0xbfe5)
core   0: 0x8000b7b6 (0x00002f17) auipc   t5, 0x2
core   0: 3 0x8000b7b6 (0x00002f17) x30 0x8000d7b6
core   0: 0x8000b7ba (0x843f2523) sw      gp, -1974(t5)
core   0: 3 0x8000b7ba (0x843f2523) mem 0x8000d000 0x00000001
core   0: 0x8000b7be (0x0000bfe5) c.j     pc - 8
core   0: 3 0x8000b7be (0xbfe5)
core   0: 0x8000b7b6 (0x00002f17) auipc   t5, 0x2
core   0: 3 0x8000b7b6 (0x00002f17) x30 0x8000d7b6
core   0: 0x8000b7ba (0x843f2523) sw      gp, -1974(t5)
core   0: 3 0x8000b7ba (0x843f2523) mem 0x8000d000 0x00000001
core   0: 0x8000b7be (0x0000bfe5) c.j     pc - 8
core   0: 3 0x8000b7be (0xbfe5)
core   0: 0x8000b7b6 (0x00002f17) auipc   t5, 0x2
core   0: 3 0x8000b7b6 (0x00002f17) x30 0x8000d7b6
core   0: 0x8000b7ba (0x843f2523) sw      gp, -1974(t5)
core   0: 3 0x8000b7ba (0x843f2523) mem 0x8000d000 0x00000001
core   0: 0x8000b7be (0x0000bfe5) c.j     pc - 8
core   0: 3 0x8000b7be (0xbfe5)
core   0: 0x8000b7b6 (0x00002f17) auipc   t5, 0x2
core   0: 3 0x8000b7b6 (0x00002f17) x30 0x8000d7b6
core   0: 0x8000b7ba (0x843f2523) sw      gp, -1974(t5)
core   0: 3 0x8000b7ba (0x843f2523) mem 0x8000d000 0x00000001
core   0: 0x8000b7be (0x0000bfe5) c.j     pc - 8
core   0: 3 0x8000b7be (0xbfe5)
core   0: 0x8000b7b6 (0x00002f17) auipc   t5, 0x2
core   0: 3 0x8000b7b6 (0x00002f17) x30 0x8000d7b6
core   0: 0x8000b7ba (0x843f2523) sw      gp, -1974(t5)
core   0: 3 0x8000b7ba (0x843f2523) mem 0x8000d000 0x00000001
core   0: 0x8000b7be (0x0000bfe5) c.j     pc - 8
core   0: 3 0x8000b7be (0xbfe5)
core   0: 0x8000b7b6 (0x00002f17) auipc   t5, 0x2
core   0: 3 0x8000b7b6 (0x00002f17) x30 0x8000d7b6
core   0: 0x8000b7ba (0x843f2523) sw      gp, -1974(t5)
core   0: 3 0x8000b7ba (0x843f2523) mem 0x8000d000 0x00000001
core   0: 0x8000b7be (0x0000bfe5) c.j     pc - 8
core   0: 3 0x8000b7be (0xbfe5)
core   0: 0x8000b7b6 (0x00002f17) auipc   t5, 0x2
core   0: 3 0x8000b7b6 (0x00002f17) x30 0x8000d7b6
core   0: 0x8000b7ba (0x843f2523) sw      gp, -1974(t5)
core   0: 3 0x8000b7ba (0x843f2523) mem 0x8000d000 0x00000001
core   0: 0x8000b7be (0x0000bfe5) c.j     pc - 8
core   0: 3 0x8000b7be (0xbfe5)
core   0: 0x8000b7b6 (0x00002f17) auipc   t5, 0x2
core   0: 3 0x8000b7b6 (0x00002f17) x30 0x8000d7b6
core   0: 0x8000b7ba (0x843f2523) sw      gp, -1974(t5)
core   0: 3 0x8000b7ba (0x843f2523) mem 0x8000d000 0x00000001
core   0: 0x8000b7be (0x0000bfe5) c.j     pc - 8
core   0: 3 0x8000b7be (0xbfe5)
core   0: 0x8000b7b6 (0x00002f17) auipc   t5, 0x2
core   0: 3 0x8000b7b6 (0x00002f17) x30 0x8000d7b6
core   0: 0x8000b7ba (0x843f2523) sw      gp, -1974(t5)
core   0: 3 0x8000b7ba (0x843f2523) mem 0x8000d000 0x00000001
core   0: 0x8000b7be (0x0000bfe5) c.j     pc - 8
core   0: 3 0x8000b7be (0xbfe5)
core   0: 0x8000b7b6 (0x00002f17) auipc   t5, 0x2
core   0: 3 0x8000b7b6 (0x00002f17) x30 0x8000d7b6
core   0: 0x8000b7ba (0x843f2523) sw      gp, -1974(t5)
core   0: 3 0x8000b7ba (0x843f2523) mem 0x8000d000 0x00000001
core   0: 0x8000b7be (0x0000bfe5) c.j     pc - 8
core   0: 3 0x8000b7be (0xbfe5)
core   0: 0x8000b7b6 (0x00002f17) auipc   t5, 0x2
core   0: 3 0x8000b7b6 (0x00002f17) x30 0x8000d7b6
core   0: 0x8000b7ba (0x843f2523) sw      gp, -1974(t5)
core   0: 3 0x8000b7ba (0x843f2523) mem 0x8000d000 0x00000001
core   0: 0x8000b7be (0x0000bfe5) c.j     pc - 8
core   0: 3 0x8000b7be (0xbfe5)
core   0: 0x8000b7b6 (0x00002f17) auipc   t5, 0x2
core   0: 3 0x8000b7b6 (0x00002f17) x30 0x8000d7b6
core   0: 0x8000b7ba (0x843f2523) sw      gp, -1974(t5)
core   0: 3 0x8000b7ba (0x843f2523) mem 0x8000d000 0x00000001
core   0: 0x8000b7be (0x0000bfe5) c.j     pc - 8
core   0: 3 0x8000b7be (0xbfe5)
core   0: 0x8000b7b6 (0x00002f17) auipc   t5, 0x2
core   0: 3 0x8000b7b6 (0x00002f17) x30 0x8000d7b6
core   0: 0x8000b7ba (0x843f2523) sw      gp, -1974(t5)
core   0: 3 0x8000b7ba (0x843f2523) mem 0x8000d000 0x00000001
core   0: 0x8000b7be (0x0000bfe5) c.j     pc - 8
core   0: 3 0x8000b7be (0xbfe5)
core   0: 0x8000b7b6 (0x00002f17) auipc   t5, 0x2
core   0: 3 0x8000b7b6 (0x00002f17) x30 0x8000d7b6
core   0: 0x8000b7ba (0x843f2523) sw      gp, -1974(t5)
core   0: 3 0x8000b7ba (0x843f2523) mem 0x8000d000 0x00000001
core   0: 0x8000b7be (0x0000bfe5) c.j     pc - 8
core   0: 3 0x8000b7be (0xbfe5)
core   0: 0x8000b7b6 (0x00002f17) auipc   t5, 0x2
core   0: 3 0x8000b7b6 (0x00002f17) x30 0x8000d7b6
core   0: 0x8000b7ba (0x843f2523) sw      gp, -1974(t5)
core   0: 3 0x8000b7ba (0x843f2523) mem 0x8000d000 0x00000001
core   0: 0x8000b7be (0x0000bfe5) c.j     pc - 8
core   0: 3 0x8000b7be (0xbfe5)
core   0: 0x8000b7b6 (0x00002f17) auipc   t5, 0x2
core   0: 3 0x8000b7b6 (0x00002f17) x30 0x8000d7b6
core   0: 0x8000b7ba (0x843f2523) sw      gp, -1974(t5)
core   0: 3 0x8000b7ba (0x843f2523) mem 0x8000d000 0x00000001
core   0: 0x8000b7be (0x0000bfe5) c.j     pc - 8
core   0: 3 0x8000b7be (0xbfe5)
core   0: 0x8000b7b6 (0x00002f17) auipc   t5, 0x2
core   0: 3 0x8000b7b6 (0x00002f17) x30 0x8000d7b6
core   0: 0x8000b7ba (0x843f2523) sw      gp, -1974(t5)
core   0: 3 0x8000b7ba (0x843f2523) mem 0x8000d000 0x00000001
core   0: 0x8000b7be (0x0000bfe5) c.j     pc - 8
core   0: 3 0x8000b7be (0xbfe5)
core   0: 0x8000b7b6 (0x00002f17) auipc   t5, 0x2
core   0: 3 0x8000b7b6 (0x00002f17) x30 0x8000d7b6
core   0: 0x8000b7ba (0x843f2523) sw      gp, -1974(t5)
core   0: 3 0x8000b7ba (0x843f2523) mem 0x8000d000 0x00000001
core   0: 0x8000b7be (0x0000bfe5) c.j     pc - 8
core   0: 3 0x8000b7be (0xbfe5)
core   0: 0x8000b7b6 (0x00002f17) auipc   t5, 0x2
core   0: 3 0x8000b7b6 (0x00002f17) x30 0x8000d7b6
core   0: 0x8000b7ba (0x843f2523) sw      gp, -1974(t5)
core   0: 3 0x8000b7ba (0x843f2523) mem 0x8000d000 0x00000001
core   0: 0x8000b7be (0x0000bfe5) c.j     pc - 8
core   0: 3 0x8000b7be (0xbfe5)
core   0: 0x8000b7b6 (0x00002f17) auipc   t5, 0x2
core   0: 3 0x8000b7b6 (0x00002f17) x30 0x8000d7b6
core   0: 0x8000b7ba (0x843f2523) sw      gp, -1974(t5)
core   0: 3 0x8000b7ba (0x843f2523) mem 0x8000d000 0x00000001
core   0: 0x8000b7be (0x0000bfe5) c.j     pc - 8
core   0: 3 0x8000b7be (0xbfe5)
core   0: 0x8000b7b6 (0x00002f17) auipc   t5, 0x2
core   0: 3 0x8000b7b6 (0x00002f17) x30 0x8000d7b6
core   0: 0x8000b7ba (0x843f2523) sw      gp, -1974(t5)
core   0: 3 0x8000b7ba (0x843f2523) mem 0x8000d000 0x00000001
core   0: 0x8000b7be (0x0000bfe5) c.j     pc - 8
core   0: 3 0x8000b7be (0xbfe5)
core   0: 0x8000b7b6 (0x00002f17) auipc   t5, 0x2
core   0: 3 0x8000b7b6 (0x00002f17) x30 0x8000d7b6
core   0: 0x8000b7ba (0x843f2523) sw      gp, -1974(t5)
core   0: 3 0x8000b7ba (0x843f2523) mem 0x8000d000 0x00000001
core   0: 0x8000b7be (0x0000bfe5) c.j     pc - 8
core   0: 3 0x8000b7be (0xbfe5)
core   0: 0x8000b7b6 (0x00002f17) auipc   t5, 0x2
core   0: 3 0x8000b7b6 (0x00002f17) x30 0x8000d7b6
core   0: 0x8000b7ba (0x843f2523) sw      gp, -1974(t5)
core   0: 3 0x8000b7ba (0x843f2523) mem 0x8000d000 0x00000001
core   0: 0x8000b7be (0x0000bfe5) c.j     pc - 8
core   0: 3 0x8000b7be (0xbfe5)
core   0: 0x8000b7b6 (0x00002f17) auipc   t5, 0x2
core   0: 3 0x8000b7b6 (0x00002f17) x30 0x8000d7b6
core   0: 0x8000b7ba (0x843f2523) sw      gp, -1974(t5)
core   0: 3 0x8000b7ba (0x843f2523) mem 0x8000d000 0x00000001
core   0: 0x8000b7be (0x0000bfe5) c.j     pc - 8
core   0: 3 0x8000b7be (0xbfe5)
core   0: 0x8000b7b6 (0x00002f17) auipc   t5, 0x2
core   0: 3 0x8000b7b6 (0x00002f17) x30 0x8000d7b6
core   0: 0x8000b7ba (0x843f2523) sw      gp, -1974(t5)
core   0: 3 0x8000b7ba (0x843f2523) mem 0x8000d000 0x00000001
core   0: 0x8000b7be (0x0000bfe5) c.j     pc - 8
core   0: 3 0x8000b7be (0xbfe5)
core   0: 0x8000b7b6 (0x00002f17) auipc   t5, 0x2
core   0: 3 0x8000b7b6 (0x00002f17) x30 0x8000d7b6
core   0: 0x8000b7ba (0x843f2523) sw      gp, -1974(t5)
core   0: 3 0x8000b7ba (0x843f2523) mem 0x8000d000 0x00000001
core   0: 0x8000b7be (0x0000bfe5) c.j     pc - 8
core   0: 3 0x8000b7be (0xbfe5)
core   0: 0x8000b7b6 (0x00002f17) auipc   t5, 0x2
core   0: 3 0x8000b7b6 (0x00002f17) x30 0x8000d7b6
core   0: 0x8000b7ba (0x843f2523) sw      gp, -1974(t5)
core   0: 3 0x8000b7ba (0x843f2523) mem 0x8000d000 0x00000001
core   0: 0x8000b7be (0x0000bfe5) c.j     pc - 8
core   0: 3 0x8000b7be (0xbfe5)
core   0: 0x8000b7b6 (0x00002f17) auipc   t5, 0x2
core   0: 3 0x8000b7b6 (0x00002f17) x30 0x8000d7b6
core   0: 0x8000b7ba (0x843f2523) sw      gp, -1974(t5)
core   0: 3 0x8000b7ba (0x843f2523) mem 0x8000d000 0x00000001
core   0: 0x8000b7be (0x0000bfe5) c.j     pc - 8
core   0: 3 0x8000b7be (0xbfe5)
core   0: 0x8000b7b6 (0x00002f17) auipc   t5, 0x2
core   0: 3 0x8000b7b6 (0x00002f17) x30 0x8000d7b6
core   0: 0x8000b7ba (0x843f2523) sw      gp, -1974(t5)
core   0: 3 0x8000b7ba (0x843f2523) mem 0x8000d000 0x00000001
core   0: 0x8000b7be (0x0000bfe5) c.j     pc - 8
core   0: 3 0x8000b7be (0xbfe5)
core   0: 0x8000b7b6 (0x00002f17) auipc   t5, 0x2
core   0: 3 0x8000b7b6 (0x00002f17) x30 0x8000d7b6
core   0: 0x8000b7ba (0x843f2523) sw      gp, -1974(t5)
core   0: 3 0x8000b7ba (0x843f2523) mem 0x8000d000 0x00000001
core   0: 0x8000b7be (0x0000bfe5) c.j     pc - 8
core   0: 3 0x8000b7be (0xbfe5)
core   0: 0x8000b7b6 (0x00002f17) auipc   t5, 0x2
core   0: 3 0x8000b7b6 (0x00002f17) x30 0x8000d7b6
core   0: 0x8000b7ba (0x843f2523) sw      gp, -1974(t5)
core   0: 3 0x8000b7ba (0x843f2523) mem 0x8000d000 0x00000001
core   0: 0x8000b7be (0x0000bfe5) c.j     pc - 8
core   0: 3 0x8000b7be (0xbfe5)
core   0: 0x8000b7b6 (0x00002f17) auipc   t5, 0x2
core   0: 3 0x8000b7b6 (0x00002f17) x30 0x8000d7b6
core   0: 0x8000b7ba (0x843f2523) sw      gp, -1974(t5)
core   0: 3 0x8000b7ba (0x843f2523) mem 0x8000d000 0x00000001
core   0: 0x8000b7be (0x0000bfe5) c.j     pc - 8
core   0: 3 0x8000b7be (0xbfe5)
core   0: 0x8000b7b6 (0x00002f17) auipc   t5, 0x2
core   0: 3 0x8000b7b6 (0x00002f17) x30 0x8000d7b6
core   0: 0x8000b7ba (0x843f2523) sw      gp, -1974(t5)
core   0: 3 0x8000b7ba (0x843f2523) mem 0x8000d000 0x00000001
core   0: 0x8000b7be (0x0000bfe5) c.j     pc - 8
core   0: 3 0x8000b7be (0xbfe5)
core   0: 0x8000b7b6 (0x00002f17) auipc   t5, 0x2
core   0: 3 0x8000b7b6 (0x00002f17) x30 0x8000d7b6
core   0: 0x8000b7ba (0x843f2523) sw      gp, -1974(t5)
core   0: 3 0x8000b7ba (0x843f2523) mem 0x8000d000 0x00000001
core   0: 0x8000b7be (0x0000bfe5) c.j     pc - 8
core   0: 3 0x8000b7be (0xbfe5)
core   0: 0x8000b7b6 (0x00002f17) auipc   t5, 0x2
core   0: 3 0x8000b7b6 (0x00002f17) x30 0x8000d7b6
core   0: 0x8000b7ba (0x843f2523) sw      gp, -1974(t5)
core   0: 3 0x8000b7ba (0x843f2523) mem 0x8000d000 0x00000001
core   0: 0x8000b7be (0x0000bfe5) c.j     pc - 8
core   0: 3 0x8000b7be (0xbfe5)
core   0: 0x8000b7b6 (0x00002f17) auipc   t5, 0x2
core   0: 3 0x8000b7b6 (0x00002f17) x30 0x8000d7b6
core   0: 0x8000b7ba (0x843f2523) sw      gp, -1974(t5)
core   0: 3 0x8000b7ba (0x843f2523) mem 0x8000d000 0x00000001
core   0: 0x8000b7be (0x0000bfe5) c.j     pc - 8
core   0: 3 0x8000b7be (0xbfe5)
core   0: 0x8000b7b6 (0x00002f17) auipc   t5, 0x2
core   0: 3 0x8000b7b6 (0x00002f17) x30 0x8000d7b6
core   0: 0x8000b7ba (0x843f2523) sw      gp, -1974(t5)
core   0: 3 0x8000b7ba (0x843f2523) mem 0x8000d000 0x00000001
core   0: 0x8000b7be (0x0000bfe5) c.j     pc - 8
core   0: 3 0x8000b7be (0xbfe5)
core   0: 0x8000b7b6 (0x00002f17) auipc   t5, 0x2
core   0: 3 0x8000b7b6 (0x00002f17) x30 0x8000d7b6
core   0: 0x8000b7ba (0x843f2523) sw      gp, -1974(t5)
core   0: 3 0x8000b7ba (0x843f2523) mem 0x8000d000 0x00000001
core   0: 0x8000b7be (0x0000bfe5) c.j     pc - 8
core   0: 3 0x8000b7be (0xbfe5)
core   0: 0x8000b7b6 (0x00002f17) auipc   t5, 0x2
core   0: 3 0x8000b7b6 (0x00002f17) x30 0x8000d7b6
core   0: 0x8000b7ba (0x843f2523) sw      gp, -1974(t5)
core   0: 3 0x8000b7ba (0x843f2523) mem 0x8000d000 0x00000001
core   0: 0x8000b7be (0x0000bfe5) c.j     pc - 8
core   0: 3 0x8000b7be (0xbfe5)
core   0: 0x8000b7b6 (0x00002f17) auipc   t5, 0x2
core   0: 3 0x8000b7b6 (0x00002f17) x30 0x8000d7b6
core   0: 0x8000b7ba (0x843f2523) sw      gp, -1974(t5)
core   0: 3 0x8000b7ba (0x843f2523) mem 0x8000d000 0x00000001
core   0: 0x8000b7be (0x0000bfe5) c.j     pc - 8
core   0: 3 0x8000b7be (0xbfe5)
core   0: 0x8000b7b6 (0x00002f17) auipc   t5, 0x2
core   0: 3 0x8000b7b6 (0x00002f17) x30 0x8000d7b6
core   0: 0x8000b7ba (0x843f2523) sw      gp, -1974(t5)
core   0: 3 0x8000b7ba (0x843f2523) mem 0x8000d000 0x00000001
core   0: 0x8000b7be (0x0000bfe5) c.j     pc - 8
core   0: 3 0x8000b7be (0xbfe5)
core   0: 0x8000b7b6 (0x00002f17) auipc   t5, 0x2
core   0: 3 0x8000b7b6 (0x00002f17) x30 0x8000d7b6
core   0: 0x8000b7ba (0x843f2523) sw      gp, -1974(t5)
core   0: 3 0x8000b7ba (0x843f2523) mem 0x8000d000 0x00000001
core   0: 0x8000b7be (0x0000bfe5) c.j     pc - 8
core   0: 3 0x8000b7be (0xbfe5)
core   0: 0x8000b7b6 (0x00002f17) auipc   t5, 0x2
core   0: 3 0x8000b7b6 (0x00002f17) x30 0x8000d7b6
core   0: 0x8000b7ba (0x843f2523) sw      gp, -1974(t5)
core   0: 3 0x8000b7ba (0x843f2523) mem 0x8000d000 0x00000001
core   0: 0x8000b7be (0x0000bfe5) c.j     pc - 8
core   0: 3 0x8000b7be (0xbfe5)
core   0: 0x8000b7b6 (0x00002f17) auipc   t5, 0x2
core   0: 3 0x8000b7b6 (0x00002f17) x30 0x8000d7b6
core   0: 0x8000b7ba (0x843f2523) sw      gp, -1974(t5)
core   0: 3 0x8000b7ba (0x843f2523) mem 0x8000d000 0x00000001
core   0: 0x8000b7be (0x0000bfe5) c.j     pc - 8
core   0: 3 0x8000b7be (0xbfe5)
core   0: 0x8000b7b6 (0x00002f17) auipc   t5, 0x2
core   0: 3 0x8000b7b6 (0x00002f17) x30 0x8000d7b6
core   0: 0x8000b7ba (0x843f2523) sw      gp, -1974(t5)
core   0: 3 0x8000b7ba (0x843f2523) mem 0x8000d000 0x00000001
core   0: 0x8000b7be (0x0000bfe5) c.j     pc - 8
core   0: 3 0x8000b7be (0xbfe5)
core   0: 0x8000b7b6 (0x00002f17) auipc   t5, 0x2
core   0: 3 0x8000b7b6 (0x00002f17) x30 0x8000d7b6
core   0: 0x8000b7ba (0x843f2523) sw      gp, -1974(t5)
core   0: 3 0x8000b7ba (0x843f2523) mem 0x8000d000 0x00000001
core   0: 0x8000b7be (0x0000bfe5) c.j     pc - 8
core   0: 3 0x8000b7be (0xbfe5)
core   0: 0x8000b7b6 (0x00002f17) auipc   t5, 0x2
core   0: 3 0x8000b7b6 (0x00002f17) x30 0x8000d7b6
core   0: 0x8000b7ba (0x843f2523) sw      gp, -1974(t5)
core   0: 3 0x8000b7ba (0x843f2523) mem 0x8000d000 0x00000001
core   0: 0x8000b7be (0x0000bfe5) c.j     pc - 8
core   0: 3 0x8000b7be (0xbfe5)
core   0: 0x8000b7b6 (0x00002f17) auipc   t5, 0x2
core   0: 3 0x8000b7b6 (0x00002f17) x30 0x8000d7b6
core   0: 0x8000b7ba (0x843f2523) sw      gp, -1974(t5)
core   0: 3 0x8000b7ba (0x843f2523) mem 0x8000d000 0x00000001
core   0: 0x8000b7be (0x0000bfe5) c.j     pc - 8
core   0: 3 0x8000b7be (0xbfe5)
core   0: 0x8000b7b6 (0x00002f17) auipc   t5, 0x2
core   0: 3 0x8000b7b6 (0x00002f17) x30 0x8000d7b6
core   0: 0x8000b7ba (0x843f2523) sw      gp, -1974(t5)
core   0: 3 0x8000b7ba (0x843f2523) mem 0x8000d000 0x00000001
core   0: 0x8000b7be (0x0000bfe5) c.j     pc - 8
core   0: 3 0x8000b7be (0xbfe5)
core   0: 0x8000b7b6 (0x00002f17) auipc   t5, 0x2
core   0: 3 0x8000b7b6 (0x00002f17) x30 0x8000d7b6
core   0: 0x8000b7ba (0x843f2523) sw      gp, -1974(t5)
core   0: 3 0x8000b7ba (0x843f2523) mem 0x8000d000 0x00000001
core   0: 0x8000b7be (0x0000bfe5) c.j     pc - 8
core   0: 3 0x8000b7be (0xbfe5)
core   0: 0x8000b7b6 (0x00002f17) auipc   t5, 0x2
core   0: 3 0x8000b7b6 (0x00002f17) x30 0x8000d7b6
core   0: 0x8000b7ba (0x843f2523) sw      gp, -1974(t5)
core   0: 3 0x8000b7ba (0x843f2523) mem 0x8000d000 0x00000001
core   0: 0x8000b7be (0x0000bfe5) c.j     pc - 8
core   0: 3 0x8000b7be (0xbfe5)
core   0: 0x8000b7b6 (0x00002f17) auipc   t5, 0x2
core   0: 3 0x8000b7b6 (0x00002f17) x30 0x8000d7b6
core   0: 0x8000b7ba (0x843f2523) sw      gp, -1974(t5)
core   0: 3 0x8000b7ba (0x843f2523) mem 0x8000d000 0x00000001
core   0: 0x8000b7be (0x0000bfe5) c.j     pc - 8
core   0: 3 0x8000b7be (0xbfe5)
core   0: 0x8000b7b6 (0x00002f17) auipc   t5, 0x2
core   0: 3 0x8000b7b6 (0x00002f17) x30 0x8000d7b6
core   0: 0x8000b7ba (0x843f2523) sw      gp, -1974(t5)
core   0: 3 0x8000b7ba (0x843f2523) mem 0x8000d000 0x00000001
core   0: 0x8000b7be (0x0000bfe5) c.j     pc - 8
core   0: 3 0x8000b7be (0xbfe5)
core   0: 0x8000b7b6 (0x00002f17) auipc   t5, 0x2
core   0: 3 0x8000b7b6 (0x00002f17) x30 0x8000d7b6
core   0: 0x8000b7ba (0x843f2523) sw      gp, -1974(t5)
core   0: 3 0x8000b7ba (0x843f2523) mem 0x8000d000 0x00000001
core   0: 0x8000b7be (0x0000bfe5) c.j     pc - 8
core   0: 3 0x8000b7be (0xbfe5)
core   0: 0x8000b7b6 (0x00002f17) auipc   t5, 0x2
core   0: 3 0x8000b7b6 (0x00002f17) x30 0x8000d7b6
core   0: 0x8000b7ba (0x843f2523) sw      gp, -1974(t5)
core   0: 3 0x8000b7ba (0x843f2523) mem 0x8000d000 0x00000001
core   0: 0x8000b7be (0x0000bfe5) c.j     pc - 8
core   0: 3 0x8000b7be (0xbfe5)
core   0: 0x8000b7b6 (0x00002f17) auipc   t5, 0x2
core   0: 3 0x8000b7b6 (0x00002f17) x30 0x8000d7b6
core   0: 0x8000b7ba (0x843f2523) sw      gp, -1974(t5)
core   0: 3 0x8000b7ba (0x843f2523) mem 0x8000d000 0x00000001
core   0: 0x8000b7be (0x0000bfe5) c.j     pc - 8
core   0: 3 0x8000b7be (0xbfe5)
core   0: 0x8000b7b6 (0x00002f17) auipc   t5, 0x2
core   0: 3 0x8000b7b6 (0x00002f17) x30 0x8000d7b6
core   0: 0x8000b7ba (0x843f2523) sw      gp, -1974(t5)
core   0: 3 0x8000b7ba (0x843f2523) mem 0x8000d000 0x00000001
core   0: 0x8000b7be (0x0000bfe5) c.j     pc - 8
core   0: 3 0x8000b7be (0xbfe5)
core   0: 0x8000b7b6 (0x00002f17) auipc   t5, 0x2
core   0: 3 0x8000b7b6 (0x00002f17) x30 0x8000d7b6
core   0: 0x8000b7ba (0x843f2523) sw      gp, -1974(t5)
core   0: 3 0x8000b7ba (0x843f2523) mem 0x8000d000 0x00000001
core   0: 0x8000b7be (0x0000bfe5) c.j     pc - 8
core   0: 3 0x8000b7be (0xbfe5)
core   0: 0x8000b7b6 (0x00002f17) auipc   t5, 0x2
core   0: 3 0x8000b7b6 (0x00002f17) x30 0x8000d7b6
core   0: 0x8000b7ba (0x843f2523) sw      gp, -1974(t5)
core   0: 3 0x8000b7ba (0x843f2523) mem 0x8000d000 0x00000001
core   0: 0x8000b7be (0x0000bfe5) c.j     pc - 8
core   0: 3 0x8000b7be (0xbfe5)
core   0: 0x8000b7b6 (0x00002f17) auipc   t5, 0x2
core   0: 3 0x8000b7b6 (0x00002f17) x30 0x8000d7b6
core   0: 0x8000b7ba (0x843f2523) sw      gp, -1974(t5)
core   0: 3 0x8000b7ba (0x843f2523) mem 0x8000d000 0x00000001
core   0: 0x8000b7be (0x0000bfe5) c.j     pc - 8
core   0: 3 0x8000b7be (0xbfe5)
core   0: 0x8000b7b6 (0x00002f17) auipc   t5, 0x2
core   0: 3 0x8000b7b6 (0x00002f17) x30 0x8000d7b6
core   0: 0x8000b7ba (0x843f2523) sw      gp, -1974(t5)
core   0: 3 0x8000b7ba (0x843f2523) mem 0x8000d000 0x00000001
core   0: 0x8000b7be (0x0000bfe5) c.j     pc - 8
core   0: 3 0x8000b7be (0xbfe5)
core   0: 0x8000b7b6 (0x00002f17) auipc   t5, 0x2
core   0: 3 0x8000b7b6 (0x00002f17) x30 0x8000d7b6
core   0: 0x8000b7ba (0x843f2523) sw      gp, -1974(t5)
core   0: 3 0x8000b7ba (0x843f2523) mem 0x8000d000 0x00000001
core   0: 0x8000b7be (0x0000bfe5) c.j     pc - 8
core   0: 3 0x8000b7be (0xbfe5)
core   0: 0x8000b7b6 (0x00002f17) auipc   t5, 0x2
core   0: 3 0x8000b7b6 (0x00002f17) x30 0x8000d7b6
core   0: 0x8000b7ba (0x843f2523) sw      gp, -1974(t5)
core   0: 3 0x8000b7ba (0x843f2523) mem 0x8000d000 0x00000001
core   0: 0x8000b7be (0x0000bfe5) c.j     pc - 8
core   0: 3 0x8000b7be (0xbfe5)
core   0: 0x8000b7b6 (0x00002f17) auipc   t5, 0x2
core   0: 3 0x8000b7b6 (0x00002f17) x30 0x8000d7b6
core   0: 0x8000b7ba (0x843f2523) sw      gp, -1974(t5)
core   0: 3 0x8000b7ba (0x843f2523) mem 0x8000d000 0x00000001
core   0: 0x8000b7be (0x0000bfe5) c.j     pc - 8
core   0: 3 0x8000b7be (0xbfe5)
core   0: 0x8000b7b6 (0x00002f17) auipc   t5, 0x2
core   0: 3 0x8000b7b6 (0x00002f17) x30 0x8000d7b6
core   0: 0x8000b7ba (0x843f2523) sw      gp, -1974(t5)
core   0: 3 0x8000b7ba (0x843f2523) mem 0x8000d000 0x00000001
core   0: 0x8000b7be (0x0000bfe5) c.j     pc - 8
core   0: 3 0x8000b7be (0xbfe5)
core   0: 0x8000b7b6 (0x00002f17) auipc   t5, 0x2
core   0: 3 0x8000b7b6 (0x00002f17) x30 0x8000d7b6
core   0: 0x8000b7ba (0x843f2523) sw      gp, -1974(t5)
core   0: 3 0x8000b7ba (0x843f2523) mem 0x8000d000 0x00000001
core   0: 0x8000b7be (0x0000bfe5) c.j     pc - 8
core   0: 3 0x8000b7be (0xbfe5)
core   0: 0x8000b7b6 (0x00002f17) auipc   t5, 0x2
core   0: 3 0x8000b7b6 (0x00002f17) x30 0x8000d7b6
core   0: 0x8000b7ba (0x843f2523) sw      gp, -1974(t5)
core   0: 3 0x8000b7ba (0x843f2523) mem 0x8000d000 0x00000001
core   0: 0x8000b7be (0x0000bfe5) c.j     pc - 8
core   0: 3 0x8000b7be (0xbfe5)
core   0: 0x8000b7b6 (0x00002f17) auipc   t5, 0x2
core   0: 3 0x8000b7b6 (0x00002f17) x30 0x8000d7b6
core   0: 0x8000b7ba (0x843f2523) sw      gp, -1974(t5)
core   0: 3 0x8000b7ba (0x843f2523) mem 0x8000d000 0x00000001
core   0: 0x8000b7be (0x0000bfe5) c.j     pc - 8
core   0: 3 0x8000b7be (0xbfe5)
core   0: 0x8000b7b6 (0x00002f17) auipc   t5, 0x2
core   0: 3 0x8000b7b6 (0x00002f17) x30 0x8000d7b6
core   0: 0x8000b7ba (0x843f2523) sw      gp, -1974(t5)
core   0: 3 0x8000b7ba (0x843f2523) mem 0x8000d000 0x00000001
core   0: 0x8000b7be (0x0000bfe5) c.j     pc - 8
core   0: 3 0x8000b7be (0xbfe5)
core   0: 0x8000b7b6 (0x00002f17) auipc   t5, 0x2
core   0: 3 0x8000b7b6 (0x00002f17) x30 0x8000d7b6
core   0: 0x8000b7ba (0x843f2523) sw      gp, -1974(t5)
core   0: 3 0x8000b7ba (0x843f2523) mem 0x8000d000 0x00000001
core   0: 0x8000b7be (0x0000bfe5) c.j     pc - 8
core   0: 3 0x8000b7be (0xbfe5)
core   0: 0x8000b7b6 (0x00002f17) auipc   t5, 0x2
core   0: 3 0x8000b7b6 (0x00002f17) x30 0x8000d7b6
core   0: 0x8000b7ba (0x843f2523) sw      gp, -1974(t5)
core   0: 3 0x8000b7ba (0x843f2523) mem 0x8000d000 0x00000001
core   0: 0x8000b7be (0x0000bfe5) c.j     pc - 8
core   0: 3 0x8000b7be (0xbfe5)
core   0: 0x8000b7b6 (0x00002f17) auipc   t5, 0x2
core   0: 3 0x8000b7b6 (0x00002f17) x30 0x8000d7b6
core   0: 0x8000b7ba (0x843f2523) sw      gp, -1974(t5)
core   0: 3 0x8000b7ba (0x843f2523) mem 0x8000d000 0x00000001
core   0: 0x8000b7be (0x0000bfe5) c.j     pc - 8
core   0: 3 0x8000b7be (0xbfe5)
core   0: 0x8000b7b6 (0x00002f17) auipc   t5, 0x2
core   0: 3 0x8000b7b6 (0x00002f17) x30 0x8000d7b6
core   0: 0x8000b7ba (0x843f2523) sw      gp, -1974(t5)
core   0: 3 0x8000b7ba (0x843f2523) mem 0x8000d000 0x00000001
core   0: 0x8000b7be (0x0000bfe5) c.j     pc - 8
core   0: 3 0x8000b7be (0xbfe5)
core   0: 0x8000b7b6 (0x00002f17) auipc   t5, 0x2
core   0: 3 0x8000b7b6 (0x00002f17) x30 0x8000d7b6
core   0: 0x8000b7ba (0x843f2523) sw      gp, -1974(t5)
core   0: 3 0x8000b7ba (0x843f2523) mem 0x8000d000 0x00000001
core   0: 0x8000b7be (0x0000bfe5) c.j     pc - 8
core   0: 3 0x8000b7be (0xbfe5)
core   0: 0x8000b7b6 (0x00002f17) auipc   t5, 0x2
core   0: 3 0x8000b7b6 (0x00002f17) x30 0x8000d7b6
core   0: 0x8000b7ba (0x843f2523) sw      gp, -1974(t5)
core   0: 3 0x8000b7ba (0x843f2523) mem 0x8000d000 0x00000001
core   0: 0x8000b7be (0x0000bfe5) c.j     pc - 8
core   0: 3 0x8000b7be (0xbfe5)
core   0: 0x8000b7b6 (0x00002f17) auipc   t5, 0x2
core   0: 3 0x8000b7b6 (0x00002f17) x30 0x8000d7b6
core   0: 0x8000b7ba (0x843f2523) sw      gp, -1974(t5)
core   0: 3 0x8000b7ba (0x843f2523) mem 0x8000d000 0x00000001
core   0: 0x8000b7be (0x0000bfe5) c.j     pc - 8
core   0: 3 0x8000b7be (0xbfe5)
core   0: 0x8000b7b6 (0x00002f17) auipc   t5, 0x2
core   0: 3 0x8000b7b6 (0x00002f17) x30 0x8000d7b6
core   0: 0x8000b7ba (0x843f2523) sw      gp, -1974(t5)
core   0: 3 0x8000b7ba (0x843f2523) mem 0x8000d000 0x00000001
core   0: 0x8000b7be (0x0000bfe5) c.j     pc - 8
core   0: 3 0x8000b7be (0xbfe5)
core   0: 0x8000b7b6 (0x00002f17) auipc   t5, 0x2
core   0: 3 0x8000b7b6 (0x00002f17) x30 0x8000d7b6
core   0: 0x8000b7ba (0x843f2523) sw      gp, -1974(t5)
core   0: 3 0x8000b7ba (0x843f2523) mem 0x8000d000 0x00000001
core   0: 0x8000b7be (0x0000bfe5) c.j     pc - 8
core   0: 3 0x8000b7be (0xbfe5)
core   0: 0x8000b7b6 (0x00002f17) auipc   t5, 0x2
core   0: 3 0x8000b7b6 (0x00002f17) x30 0x8000d7b6
core   0: 0x8000b7ba (0x843f2523) sw      gp, -1974(t5)
core   0: 3 0x8000b7ba (0x843f2523) mem 0x8000d000 0x00000001
core   0: 0x8000b7be (0x0000bfe5) c.j     pc - 8
core   0: 3 0x8000b7be (0xbfe5)
core   0: 0x8000b7b6 (0x00002f17) auipc   t5, 0x2
core   0: 3 0x8000b7b6 (0x00002f17) x30 0x8000d7b6
core   0: 0x8000b7ba (0x843f2523) sw      gp, -1974(t5)
core   0: 3 0x8000b7ba (0x843f2523) mem 0x8000d000 0x00000001
core   0: 0x8000b7be (0x0000bfe5) c.j     pc - 8
core   0: 3 0x8000b7be (0xbfe5)
core   0: 0x8000b7b6 (0x00002f17) auipc   t5, 0x2
core   0: 3 0x8000b7b6 (0x00002f17) x30 0x8000d7b6
core   0: 0x8000b7ba (0x843f2523) sw      gp, -1974(t5)
core   0: 3 0x8000b7ba (0x843f2523) mem 0x8000d000 0x00000001
core   0: 0x8000b7be (0x0000bfe5) c.j     pc - 8
core   0: 3 0x8000b7be (0xbfe5)
core   0: 0x8000b7b6 (0x00002f17) auipc   t5, 0x2
core   0: 3 0x8000b7b6 (0x00002f17) x30 0x8000d7b6
core   0: 0x8000b7ba (0x843f2523) sw      gp, -1974(t5)
core   0: 3 0x8000b7ba (0x843f2523) mem 0x8000d000 0x00000001
core   0: 0x8000b7be (0x0000bfe5) c.j     pc - 8
core   0: 3 0x8000b7be (0xbfe5)
core   0: 0x8000b7b6 (0x00002f17) auipc   t5, 0x2
core   0: 3 0x8000b7b6 (0x00002f17) x30 0x8000d7b6
core   0: 0x8000b7ba (0x843f2523) sw      gp, -1974(t5)
core   0: 3 0x8000b7ba (0x843f2523) mem 0x8000d000 0x00000001
core   0: 0x8000b7be (0x0000bfe5) c.j     pc - 8
core   0: 3 0x8000b7be (0xbfe5)
core   0: 0x8000b7b6 (0x00002f17) auipc   t5, 0x2
core   0: 3 0x8000b7b6 (0x00002f17) x30 0x8000d7b6
core   0: 0x8000b7ba (0x843f2523) sw      gp, -1974(t5)
core   0: 3 0x8000b7ba (0x843f2523) mem 0x8000d000 0x00000001
core   0: 0x8000b7be (0x0000bfe5) c.j     pc - 8
core   0: 3 0x8000b7be (0xbfe5)
core   0: 0x8000b7b6 (0x00002f17) auipc   t5, 0x2
core   0: 3 0x8000b7b6 (0x00002f17) x30 0x8000d7b6
core   0: 0x8000b7ba (0x843f2523) sw      gp, -1974(t5)
core   0: 3 0x8000b7ba (0x843f2523) mem 0x8000d000 0x00000001
core   0: 0x8000b7be (0x0000bfe5) c.j     pc - 8
core   0: 3 0x8000b7be (0xbfe5)
core   0: 0x8000b7b6 (0x00002f17) auipc   t5, 0x2
core   0: 3 0x8000b7b6 (0x00002f17) x30 0x8000d7b6
core   0: 0x8000b7ba (0x843f2523) sw      gp, -1974(t5)
core   0: 3 0x8000b7ba (0x843f2523) mem 0x8000d000 0x00000001
core   0: 0x8000b7be (0x0000bfe5) c.j     pc - 8
core   0: 3 0x8000b7be (0xbfe5)
core   0: 0x8000b7b6 (0x00002f17) auipc   t5, 0x2
core   0: 3 0x8000b7b6 (0x00002f17) x30 0x8000d7b6
core   0: 0x8000b7ba (0x843f2523) sw      gp, -1974(t5)
core   0: 3 0x8000b7ba (0x843f2523) mem 0x8000d000 0x00000001
core   0: 0x8000b7be (0x0000bfe5) c.j     pc - 8
core   0: 3 0x8000b7be (0xbfe5)
core   0: 0x8000b7b6 (0x00002f17) auipc   t5, 0x2
core   0: 3 0x8000b7b6 (0x00002f17) x30 0x8000d7b6
core   0: 0x8000b7ba (0x843f2523) sw      gp, -1974(t5)
core   0: 3 0x8000b7ba (0x843f2523) mem 0x8000d000 0x00000001
core   0: 0x8000b7be (0x0000bfe5) c.j     pc - 8
core   0: 3 0x8000b7be (0xbfe5)
core   0: 0x8000b7b6 (0x00002f17) auipc   t5, 0x2
core   0: 3 0x8000b7b6 (0x00002f17) x30 0x8000d7b6
core   0: 0x8000b7ba (0x843f2523) sw      gp, -1974(t5)
core   0: 3 0x8000b7ba (0x843f2523) mem 0x8000d000 0x00000001
core   0: 0x8000b7be (0x0000bfe5) c.j     pc - 8
core   0: 3 0x8000b7be (0xbfe5)
core   0: 0x8000b7b6 (0x00002f17) auipc   t5, 0x2
core   0: 3 0x8000b7b6 (0x00002f17) x30 0x8000d7b6
core   0: 0x8000b7ba (0x843f2523) sw      gp, -1974(t5)
core   0: 3 0x8000b7ba (0x843f2523) mem 0x8000d000 0x00000001
core   0: 0x8000b7be (0x0000bfe5) c.j     pc - 8
core   0: 3 0x8000b7be (0xbfe5)
core   0: 0x8000b7b6 (0x00002f17) auipc   t5, 0x2
core   0: 3 0x8000b7b6 (0x00002f17) x30 0x8000d7b6
core   0: 0x8000b7ba (0x843f2523) sw      gp, -1974(t5)
core   0: 3 0x8000b7ba (0x843f2523) mem 0x8000d000 0x00000001
core   0: 0x8000b7be (0x0000bfe5) c.j     pc - 8
core   0: 3 0x8000b7be (0xbfe5)
core   0: 0x8000b7b6 (0x00002f17) auipc   t5, 0x2
core   0: 3 0x8000b7b6 (0x00002f17) x30 0x8000d7b6
core   0: 0x8000b7ba (0x843f2523) sw      gp, -1974(t5)
core   0: 3 0x8000b7ba (0x843f2523) mem 0x8000d000 0x00000001
core   0: 0x8000b7be (0x0000bfe5) c.j     pc - 8
core   0: 3 0x8000b7be (0xbfe5)
core   0: 0x8000b7b6 (0x00002f17) auipc   t5, 0x2
core   0: 3 0x8000b7b6 (0x00002f17) x30 0x8000d7b6
core   0: 0x8000b7ba (0x843f2523) sw      gp, -1974(t5)
core   0: 3 0x8000b7ba (0x843f2523) mem 0x8000d000 0x00000001
core   0: 0x8000b7be (0x0000bfe5) c.j     pc - 8
core   0: 3 0x8000b7be (0xbfe5)
core   0: 0x8000b7b6 (0x00002f17) auipc   t5, 0x2
core   0: 3 0x8000b7b6 (0x00002f17) x30 0x8000d7b6
core   0: 0x8000b7ba (0x843f2523) sw      gp, -1974(t5)
core   0: 3 0x8000b7ba (0x843f2523) mem 0x8000d000 0x00000001
core   0: 0x8000b7be (0x0000bfe5) c.j     pc - 8
core   0: 3 0x8000b7be (0xbfe5)
core   0: 0x8000b7b6 (0x00002f17) auipc   t5, 0x2
core   0: 3 0x8000b7b6 (0x00002f17) x30 0x8000d7b6
core   0: 0x8000b7ba (0x843f2523) sw      gp, -1974(t5)
core   0: 3 0x8000b7ba (0x843f2523) mem 0x8000d000 0x00000001
core   0: 0x8000b7be (0x0000bfe5) c.j     pc - 8
core   0: 3 0x8000b7be (0xbfe5)
core   0: 0x8000b7b6 (0x00002f17) auipc   t5, 0x2
core   0: 3 0x8000b7b6 (0x00002f17) x30 0x8000d7b6
core   0: 0x8000b7ba (0x843f2523) sw      gp, -1974(t5)
core   0: 3 0x8000b7ba (0x843f2523) mem 0x8000d000 0x00000001
core   0: 0x8000b7be (0x0000bfe5) c.j     pc - 8
core   0: 3 0x8000b7be (0xbfe5)
core   0: 0x8000b7b6 (0x00002f17) auipc   t5, 0x2
core   0: 3 0x8000b7b6 (0x00002f17) x30 0x8000d7b6
core   0: 0x8000b7ba (0x843f2523) sw      gp, -1974(t5)
core   0: 3 0x8000b7ba (0x843f2523) mem 0x8000d000 0x00000001
core   0: 0x8000b7be (0x0000bfe5) c.j     pc - 8
core   0: 3 0x8000b7be (0xbfe5)
core   0: 0x8000b7b6 (0x00002f17) auipc   t5, 0x2
core   0: 3 0x8000b7b6 (0x00002f17) x30 0x8000d7b6
core   0: 0x8000b7ba (0x843f2523) sw      gp, -1974(t5)
core   0: 3 0x8000b7ba (0x843f2523) mem 0x8000d000 0x00000001
core   0: 0x8000b7be (0x0000bfe5) c.j     pc - 8
core   0: 3 0x8000b7be (0xbfe5)
core   0: 0x8000b7b6 (0x00002f17) auipc   t5, 0x2
core   0: 3 0x8000b7b6 (0x00002f17) x30 0x8000d7b6
core   0: 0x8000b7ba (0x843f2523) sw      gp, -1974(t5)
core   0: 3 0x8000b7ba (0x843f2523) mem 0x8000d000 0x00000001
core   0: 0x8000b7be (0x0000bfe5) c.j     pc - 8
core   0: 3 0x8000b7be (0xbfe5)
core   0: 0x8000b7b6 (0x00002f17) auipc   t5, 0x2
core   0: 3 0x8000b7b6 (0x00002f17) x30 0x8000d7b6
core   0: 0x8000b7ba (0x843f2523) sw      gp, -1974(t5)
core   0: 3 0x8000b7ba (0x843f2523) mem 0x8000d000 0x00000001
core   0: 0x8000b7be (0x0000bfe5) c.j     pc - 8
core   0: 3 0x8000b7be (0xbfe5)
core   0: 0x8000b7b6 (0x00002f17) auipc   t5, 0x2
core   0: 3 0x8000b7b6 (0x00002f17) x30 0x8000d7b6
core   0: 0x8000b7ba (0x843f2523) sw      gp, -1974(t5)
core   0: 3 0x8000b7ba (0x843f2523) mem 0x8000d000 0x00000001
core   0: 0x8000b7be (0x0000bfe5) c.j     pc - 8
core   0: 3 0x8000b7be (0xbfe5)
core   0: 0x8000b7b6 (0x00002f17) auipc   t5, 0x2
core   0: 3 0x8000b7b6 (0x00002f17) x30 0x8000d7b6
core   0: 0x8000b7ba (0x843f2523) sw      gp, -1974(t5)
core   0: 3 0x8000b7ba (0x843f2523) mem 0x8000d000 0x00000001
core   0: 0x8000b7be (0x0000bfe5) c.j     pc - 8
core   0: 3 0x8000b7be (0xbfe5)
core   0: 0x8000b7b6 (0x00002f17) auipc   t5, 0x2
core   0: 3 0x8000b7b6 (0x00002f17) x30 0x8000d7b6
core   0: 0x8000b7ba (0x843f2523) sw      gp, -1974(t5)
core   0: 3 0x8000b7ba (0x843f2523) mem 0x8000d000 0x00000001
core   0: 0x8000b7be (0x0000bfe5) c.j     pc - 8
core   0: 3 0x8000b7be (0xbfe5)
core   0: 0x8000b7b6 (0x00002f17) auipc   t5, 0x2
core   0: 3 0x8000b7b6 (0x00002f17) x30 0x8000d7b6
core   0: 0x8000b7ba (0x843f2523) sw      gp, -1974(t5)
core   0: 3 0x8000b7ba (0x843f2523) mem 0x8000d000 0x00000001
core   0: 0x8000b7be (0x0000bfe5) c.j     pc - 8
core   0: 3 0x8000b7be (0xbfe5)
core   0: 0x8000b7b6 (0x00002f17) auipc   t5, 0x2
core   0: 3 0x8000b7b6 (0x00002f17) x30 0x8000d7b6
core   0: 0x8000b7ba (0x843f2523) sw      gp, -1974(t5)
core   0: 3 0x8000b7ba (0x843f2523) mem 0x8000d000 0x00000001
core   0: 0x8000b7be (0x0000bfe5) c.j     pc - 8
core   0: 3 0x8000b7be (0xbfe5)
core   0: 0x8000b7b6 (0x00002f17) auipc   t5, 0x2
core   0: 3 0x8000b7b6 (0x00002f17) x30 0x8000d7b6
core   0: 0x8000b7ba (0x843f2523) sw      gp, -1974(t5)
core   0: 3 0x8000b7ba (0x843f2523) mem 0x8000d000 0x00000001
core   0: 0x8000b7be (0x0000bfe5) c.j     pc - 8
core   0: 3 0x8000b7be (0xbfe5)
core   0: 0x8000b7b6 (0x00002f17) auipc   t5, 0x2
core   0: 3 0x8000b7b6 (0x00002f17) x30 0x8000d7b6
core   0: 0x8000b7ba (0x843f2523) sw      gp, -1974(t5)
core   0: 3 0x8000b7ba (0x843f2523) mem 0x8000d000 0x00000001
core   0: 0x8000b7be (0x0000bfe5) c.j     pc - 8
core   0: 3 0x8000b7be (0xbfe5)
core   0: 0x8000b7b6 (0x00002f17) auipc   t5, 0x2
core   0: 3 0x8000b7b6 (0x00002f17) x30 0x8000d7b6
core   0: 0x8000b7ba (0x843f2523) sw      gp, -1974(t5)
core   0: 3 0x8000b7ba (0x843f2523) mem 0x8000d000 0x00000001
core   0: 0x8000b7be (0x0000bfe5) c.j     pc - 8
core   0: 3 0x8000b7be (0xbfe5)
core   0: 0x8000b7b6 (0x00002f17) auipc   t5, 0x2
core   0: 3 0x8000b7b6 (0x00002f17) x30 0x8000d7b6
core   0: 0x8000b7ba (0x843f2523) sw      gp, -1974(t5)
core   0: 3 0x8000b7ba (0x843f2523) mem 0x8000d000 0x00000001
core   0: 0x8000b7be (0x0000bfe5) c.j     pc - 8
core   0: 3 0x8000b7be (0xbfe5)
core   0: 0x8000b7b6 (0x00002f17) auipc   t5, 0x2
core   0: 3 0x8000b7b6 (0x00002f17) x30 0x8000d7b6
core   0: 0x8000b7ba (0x843f2523) sw      gp, -1974(t5)
core   0: 3 0x8000b7ba (0x843f2523) mem 0x8000d000 0x00000001
core   0: 0x8000b7be (0x0000bfe5) c.j     pc - 8
core   0: 3 0x8000b7be (0xbfe5)
core   0: 0x8000b7b6 (0x00002f17) auipc   t5, 0x2
core   0: 3 0x8000b7b6 (0x00002f17) x30 0x8000d7b6
core   0: 0x8000b7ba (0x843f2523) sw      gp, -1974(t5)
core   0: 3 0x8000b7ba (0x843f2523) mem 0x8000d000 0x00000001
core   0: 0x8000b7be (0x0000bfe5) c.j     pc - 8
core   0: 3 0x8000b7be (0xbfe5)
core   0: 0x8000b7b6 (0x00002f17) auipc   t5, 0x2
core   0: 3 0x8000b7b6 (0x00002f17) x30 0x8000d7b6
core   0: 0x8000b7ba (0x843f2523) sw      gp, -1974(t5)
core   0: 3 0x8000b7ba (0x843f2523) mem 0x8000d000 0x00000001
core   0: 0x8000b7be (0x0000bfe5) c.j     pc - 8
core   0: 3 0x8000b7be (0xbfe5)
core   0: 0x8000b7b6 (0x00002f17) auipc   t5, 0x2
core   0: 3 0x8000b7b6 (0x00002f17) x30 0x8000d7b6
core   0: 0x8000b7ba (0x843f2523) sw      gp, -1974(t5)
core   0: 3 0x8000b7ba (0x843f2523) mem 0x8000d000 0x00000001
core   0: 0x8000b7be (0x0000bfe5) c.j     pc - 8
core   0: 3 0x8000b7be (0xbfe5)
core   0: 0x8000b7b6 (0x00002f17) auipc   t5, 0x2
core   0: 3 0x8000b7b6 (0x00002f17) x30 0x8000d7b6
core   0: 0x8000b7ba (0x843f2523) sw      gp, -1974(t5)
core   0: 3 0x8000b7ba (0x843f2523) mem 0x8000d000 0x00000001
core   0: 0x8000b7be (0x0000bfe5) c.j     pc - 8
core   0: 3 0x8000b7be (0xbfe5)
core   0: 0x8000b7b6 (0x00002f17) auipc   t5, 0x2
core   0: 3 0x8000b7b6 (0x00002f17) x30 0x8000d7b6
core   0: 0x8000b7ba (0x843f2523) sw      gp, -1974(t5)
core   0: 3 0x8000b7ba (0x843f2523) mem 0x8000d000 0x00000001
core   0: 0x8000b7be (0x0000bfe5) c.j     pc - 8
core   0: 3 0x8000b7be (0xbfe5)
core   0: 0x8000b7b6 (0x00002f17) auipc   t5, 0x2
core   0: 3 0x8000b7b6 (0x00002f17) x30 0x8000d7b6
core   0: 0x8000b7ba (0x843f2523) sw      gp, -1974(t5)
core   0: 3 0x8000b7ba (0x843f2523) mem 0x8000d000 0x00000001
core   0: 0x8000b7be (0x0000bfe5) c.j     pc - 8
core   0: 3 0x8000b7be (0xbfe5)
core   0: 0x8000b7b6 (0x00002f17) auipc   t5, 0x2
core   0: 3 0x8000b7b6 (0x00002f17) x30 0x8000d7b6
core   0: 0x8000b7ba (0x843f2523) sw      gp, -1974(t5)
core   0: 3 0x8000b7ba (0x843f2523) mem 0x8000d000 0x00000001
core   0: 0x8000b7be (0x0000bfe5) c.j     pc - 8
core   0: 3 0x8000b7be (0xbfe5)
core   0: 0x8000b7b6 (0x00002f17) auipc   t5, 0x2
core   0: 3 0x8000b7b6 (0x00002f17) x30 0x8000d7b6
core   0: 0x8000b7ba (0x843f2523) sw      gp, -1974(t5)
core   0: 3 0x8000b7ba (0x843f2523) mem 0x8000d000 0x00000001
core   0: 0x8000b7be (0x0000bfe5) c.j     pc - 8
core   0: 3 0x8000b7be (0xbfe5)
core   0: 0x8000b7b6 (0x00002f17) auipc   t5, 0x2
core   0: 3 0x8000b7b6 (0x00002f17) x30 0x8000d7b6
core   0: 0x8000b7ba (0x843f2523) sw      gp, -1974(t5)
core   0: 3 0x8000b7ba (0x843f2523) mem 0x8000d000 0x00000001
core   0: 0x8000b7be (0x0000bfe5) c.j     pc - 8
core   0: 3 0x8000b7be (0xbfe5)
core   0: 0x8000b7b6 (0x00002f17) auipc   t5, 0x2
core   0: 3 0x8000b7b6 (0x00002f17) x30 0x8000d7b6
core   0: 0x8000b7ba (0x843f2523) sw      gp, -1974(t5)
core   0: 3 0x8000b7ba (0x843f2523) mem 0x8000d000 0x00000001
core   0: 0x8000b7be (0x0000bfe5) c.j     pc - 8
core   0: 3 0x8000b7be (0xbfe5)
core   0: 0x8000b7b6 (0x00002f17) auipc   t5, 0x2
core   0: 3 0x8000b7b6 (0x00002f17) x30 0x8000d7b6
core   0: 0x8000b7ba (0x843f2523) sw      gp, -1974(t5)
core   0: 3 0x8000b7ba (0x843f2523) mem 0x8000d000 0x00000001
core   0: 0x8000b7be (0x0000bfe5) c.j     pc - 8
core   0: 3 0x8000b7be (0xbfe5)
core   0: 0x8000b7b6 (0x00002f17) auipc   t5, 0x2
core   0: 3 0x8000b7b6 (0x00002f17) x30 0x8000d7b6
core   0: 0x8000b7ba (0x843f2523) sw      gp, -1974(t5)
core   0: 3 0x8000b7ba (0x843f2523) mem 0x8000d000 0x00000001
core   0: 0x8000b7be (0x0000bfe5) c.j     pc - 8
core   0: 3 0x8000b7be (0xbfe5)
core   0: 0x8000b7b6 (0x00002f17) auipc   t5, 0x2
core   0: 3 0x8000b7b6 (0x00002f17) x30 0x8000d7b6
core   0: 0x8000b7ba (0x843f2523) sw      gp, -1974(t5)
core   0: 3 0x8000b7ba (0x843f2523) mem 0x8000d000 0x00000001
core   0: 0x8000b7be (0x0000bfe5) c.j     pc - 8
core   0: 3 0x8000b7be (0xbfe5)
core   0: 0x8000b7b6 (0x00002f17) auipc   t5, 0x2
core   0: 3 0x8000b7b6 (0x00002f17) x30 0x8000d7b6
core   0: 0x8000b7ba (0x843f2523) sw      gp, -1974(t5)
core   0: 3 0x8000b7ba (0x843f2523) mem 0x8000d000 0x00000001
core   0: 0x8000b7be (0x0000bfe5) c.j     pc - 8
core   0: 3 0x8000b7be (0xbfe5)
core   0: 0x8000b7b6 (0x00002f17) auipc   t5, 0x2
core   0: 3 0x8000b7b6 (0x00002f17) x30 0x8000d7b6
core   0: 0x8000b7ba (0x843f2523) sw      gp, -1974(t5)
core   0: 3 0x8000b7ba (0x843f2523) mem 0x8000d000 0x00000001
core   0: 0x8000b7be (0x0000bfe5) c.j     pc - 8
core   0: 3 0x8000b7be (0xbfe5)
core   0: 0x8000b7b6 (0x00002f17) auipc   t5, 0x2
core   0: 3 0x8000b7b6 (0x00002f17) x30 0x8000d7b6
core   0: 0x8000b7ba (0x843f2523) sw      gp, -1974(t5)
core   0: 3 0x8000b7ba (0x843f2523) mem 0x8000d000 0x00000001
core   0: 0x8000b7be (0x0000bfe5) c.j     pc - 8
core   0: 3 0x8000b7be (0xbfe5)
core   0: 0x8000b7b6 (0x00002f17) auipc   t5, 0x2
core   0: 3 0x8000b7b6 (0x00002f17) x30 0x8000d7b6
core   0: 0x8000b7ba (0x843f2523) sw      gp, -1974(t5)
core   0: 3 0x8000b7ba (0x843f2523) mem 0x8000d000 0x00000001
core   0: 0x8000b7be (0x0000bfe5) c.j     pc - 8
core   0: 3 0x8000b7be (0xbfe5)
core   0: 0x8000b7b6 (0x00002f17) auipc   t5, 0x2
core   0: 3 0x8000b7b6 (0x00002f17) x30 0x8000d7b6
core   0: 0x8000b7ba (0x843f2523) sw      gp, -1974(t5)
core   0: 3 0x8000b7ba (0x843f2523) mem 0x8000d000 0x00000001
core   0: 0x8000b7be (0x0000bfe5) c.j     pc - 8
core   0: 3 0x8000b7be (0xbfe5)
core   0: 0x8000b7b6 (0x00002f17) auipc   t5, 0x2
core   0: 3 0x8000b7b6 (0x00002f17) x30 0x8000d7b6
core   0: 0x8000b7ba (0x843f2523) sw      gp, -1974(t5)
core   0: 3 0x8000b7ba (0x843f2523) mem 0x8000d000 0x00000001
core   0: 0x8000b7be (0x0000bfe5) c.j     pc - 8
core   0: 3 0x8000b7be (0xbfe5)
core   0: 0x8000b7b6 (0x00002f17) auipc   t5, 0x2
core   0: 3 0x8000b7b6 (0x00002f17) x30 0x8000d7b6
core   0: 0x8000b7ba (0x843f2523) sw      gp, -1974(t5)
core   0: 3 0x8000b7ba (0x843f2523) mem 0x8000d000 0x00000001
core   0: 0x8000b7be (0x0000bfe5) c.j     pc - 8
core   0: 3 0x8000b7be (0xbfe5)
core   0: 0x8000b7b6 (0x00002f17) auipc   t5, 0x2
core   0: 3 0x8000b7b6 (0x00002f17) x30 0x8000d7b6
core   0: 0x8000b7ba (0x843f2523) sw      gp, -1974(t5)
core   0: 3 0x8000b7ba (0x843f2523) mem 0x8000d000 0x00000001
core   0: 0x8000b7be (0x0000bfe5) c.j     pc - 8
core   0: 3 0x8000b7be (0xbfe5)
core   0: 0x8000b7b6 (0x00002f17) auipc   t5, 0x2
core   0: 3 0x8000b7b6 (0x00002f17) x30 0x8000d7b6
core   0: 0x8000b7ba (0x843f2523) sw      gp, -1974(t5)
core   0: 3 0x8000b7ba (0x843f2523) mem 0x8000d000 0x00000001
core   0: 0x8000b7be (0x0000bfe5) c.j     pc - 8
core   0: 3 0x8000b7be (0xbfe5)
core   0: 0x8000b7b6 (0x00002f17) auipc   t5, 0x2
core   0: 3 0x8000b7b6 (0x00002f17) x30 0x8000d7b6
core   0: 0x8000b7ba (0x843f2523) sw      gp, -1974(t5)
core   0: 3 0x8000b7ba (0x843f2523) mem 0x8000d000 0x00000001
core   0: 0x8000b7be (0x0000bfe5) c.j     pc - 8
core   0: 3 0x8000b7be (0xbfe5)
core   0: 0x8000b7b6 (0x00002f17) auipc   t5, 0x2
core   0: 3 0x8000b7b6 (0x00002f17) x30 0x8000d7b6
core   0: 0x8000b7ba (0x843f2523) sw      gp, -1974(t5)
core   0: 3 0x8000b7ba (0x843f2523) mem 0x8000d000 0x00000001
core   0: 0x8000b7be (0x0000bfe5) c.j     pc - 8
core   0: 3 0x8000b7be (0xbfe5)
core   0: 0x8000b7b6 (0x00002f17) auipc   t5, 0x2
core   0: 3 0x8000b7b6 (0x00002f17) x30 0x8000d7b6
core   0: 0x8000b7ba (0x843f2523) sw      gp, -1974(t5)
core   0: 3 0x8000b7ba (0x843f2523) mem 0x8000d000 0x00000001
core   0: 0x8000b7be (0x0000bfe5) c.j     pc - 8
core   0: 3 0x8000b7be (0xbfe5)
core   0: 0x8000b7b6 (0x00002f17) auipc   t5, 0x2
core   0: 3 0x8000b7b6 (0x00002f17) x30 0x8000d7b6
core   0: 0x8000b7ba (0x843f2523) sw      gp, -1974(t5)
core   0: 3 0x8000b7ba (0x843f2523) mem 0x8000d000 0x00000001
core   0: 0x8000b7be (0x0000bfe5) c.j     pc - 8
core   0: 3 0x8000b7be (0xbfe5)
core   0: 0x8000b7b6 (0x00002f17) auipc   t5, 0x2
core   0: 3 0x8000b7b6 (0x00002f17) x30 0x8000d7b6
core   0: 0x8000b7ba (0x843f2523) sw      gp, -1974(t5)
core   0: 3 0x8000b7ba (0x843f2523) mem 0x8000d000 0x00000001
core   0: 0x8000b7be (0x0000bfe5) c.j     pc - 8
core   0: 3 0x8000b7be (0xbfe5)
core   0: 0x8000b7b6 (0x00002f17) auipc   t5, 0x2
core   0: 3 0x8000b7b6 (0x00002f17) x30 0x8000d7b6
core   0: 0x8000b7ba (0x843f2523) sw      gp, -1974(t5)
core   0: 3 0x8000b7ba (0x843f2523) mem 0x8000d000 0x00000001
core   0: 0x8000b7be (0x0000bfe5) c.j     pc - 8
core   0: 3 0x8000b7be (0xbfe5)
core   0: 0x8000b7b6 (0x00002f17) auipc   t5, 0x2
core   0: 3 0x8000b7b6 (0x00002f17) x30 0x8000d7b6
core   0: 0x8000b7ba (0x843f2523) sw      gp, -1974(t5)
core   0: 3 0x8000b7ba (0x843f2523) mem 0x8000d000 0x00000001
core   0: 0x8000b7be (0x0000bfe5) c.j     pc - 8
core   0: 3 0x8000b7be (0xbfe5)
core   0: 0x8000b7b6 (0x00002f17) auipc   t5, 0x2
core   0: 3 0x8000b7b6 (0x00002f17) x30 0x8000d7b6
core   0: 0x8000b7ba (0x843f2523) sw      gp, -1974(t5)
core   0: 3 0x8000b7ba (0x843f2523) mem 0x8000d000 0x00000001
core   0: 0x8000b7be (0x0000bfe5) c.j     pc - 8
core   0: 3 0x8000b7be (0xbfe5)
core   0: 0x8000b7b6 (0x00002f17) auipc   t5, 0x2
core   0: 3 0x8000b7b6 (0x00002f17) x30 0x8000d7b6
core   0: 0x8000b7ba (0x843f2523) sw      gp, -1974(t5)
core   0: 3 0x8000b7ba (0x843f2523) mem 0x8000d000 0x00000001
core   0: 0x8000b7be (0x0000bfe5) c.j     pc - 8
core   0: 3 0x8000b7be (0xbfe5)
core   0: 0x8000b7b6 (0x00002f17) auipc   t5, 0x2
core   0: 3 0x8000b7b6 (0x00002f17) x30 0x8000d7b6
core   0: 0x8000b7ba (0x843f2523) sw      gp, -1974(t5)
core   0: 3 0x8000b7ba (0x843f2523) mem 0x8000d000 0x00000001
core   0: 0x8000b7be (0x0000bfe5) c.j     pc - 8
core   0: 3 0x8000b7be (0xbfe5)
core   0: 0x8000b7b6 (0x00002f17) auipc   t5, 0x2
core   0: 3 0x8000b7b6 (0x00002f17) x30 0x8000d7b6
core   0: 0x8000b7ba (0x843f2523) sw      gp, -1974(t5)
core   0: 3 0x8000b7ba (0x843f2523) mem 0x8000d000 0x00000001
core   0: 0x8000b7be (0x0000bfe5) c.j     pc - 8
core   0: 3 0x8000b7be (0xbfe5)
core   0: 0x8000b7b6 (0x00002f17) auipc   t5, 0x2
core   0: 3 0x8000b7b6 (0x00002f17) x30 0x8000d7b6
core   0: 0x8000b7ba (0x843f2523) sw      gp, -1974(t5)
core   0: 3 0x8000b7ba (0x843f2523) mem 0x8000d000 0x00000001
core   0: 0x8000b7be (0x0000bfe5) c.j     pc - 8
core   0: 3 0x8000b7be (0xbfe5)
core   0: 0x8000b7b6 (0x00002f17) auipc   t5, 0x2
core   0: 3 0x8000b7b6 (0x00002f17) x30 0x8000d7b6
core   0: 0x8000b7ba (0x843f2523) sw      gp, -1974(t5)
core   0: 3 0x8000b7ba (0x843f2523) mem 0x8000d000 0x00000001
core   0: 0x8000b7be (0x0000bfe5) c.j     pc - 8
core   0: 3 0x8000b7be (0xbfe5)
core   0: 0x8000b7b6 (0x00002f17) auipc   t5, 0x2
core   0: 3 0x8000b7b6 (0x00002f17) x30 0x8000d7b6
core   0: 0x8000b7ba (0x843f2523) sw      gp, -1974(t5)
core   0: 3 0x8000b7ba (0x843f2523) mem 0x8000d000 0x00000001
core   0: 0x8000b7be (0x0000bfe5) c.j     pc - 8
core   0: 3 0x8000b7be (0xbfe5)
core   0: 0x8000b7b6 (0x00002f17) auipc   t5, 0x2
core   0: 3 0x8000b7b6 (0x00002f17) x30 0x8000d7b6
core   0: 0x8000b7ba (0x843f2523) sw      gp, -1974(t5)
core   0: 3 0x8000b7ba (0x843f2523) mem 0x8000d000 0x00000001
core   0: 0x8000b7be (0x0000bfe5) c.j     pc - 8
core   0: 3 0x8000b7be (0xbfe5)
core   0: 0x8000b7b6 (0x00002f17) auipc   t5, 0x2
core   0: 3 0x8000b7b6 (0x00002f17) x30 0x8000d7b6
core   0: 0x8000b7ba (0x843f2523) sw      gp, -1974(t5)
core   0: 3 0x8000b7ba (0x843f2523) mem 0x8000d000 0x00000001
core   0: 0x8000b7be (0x0000bfe5) c.j     pc - 8
core   0: 3 0x8000b7be (0xbfe5)
core   0: 0x8000b7b6 (0x00002f17) auipc   t5, 0x2
core   0: 3 0x8000b7b6 (0x00002f17) x30 0x8000d7b6
core   0: 0x8000b7ba (0x843f2523) sw      gp, -1974(t5)
core   0: 3 0x8000b7ba (0x843f2523) mem 0x8000d000 0x00000001
core   0: 0x8000b7be (0x0000bfe5) c.j     pc - 8
core   0: 3 0x8000b7be (0xbfe5)
core   0: 0x8000b7b6 (0x00002f17) auipc   t5, 0x2
core   0: 3 0x8000b7b6 (0x00002f17) x30 0x8000d7b6
core   0: 0x8000b7ba (0x843f2523) sw      gp, -1974(t5)
core   0: 3 0x8000b7ba (0x843f2523) mem 0x8000d000 0x00000001
core   0: 0x8000b7be (0x0000bfe5) c.j     pc - 8
core   0: 3 0x8000b7be (0xbfe5)
core   0: 0x8000b7b6 (0x00002f17) auipc   t5, 0x2
core   0: 3 0x8000b7b6 (0x00002f17) x30 0x8000d7b6
core   0: 0x8000b7ba (0x843f2523) sw      gp, -1974(t5)
core   0: 3 0x8000b7ba (0x843f2523) mem 0x8000d000 0x00000001
core   0: 0x8000b7be (0x0000bfe5) c.j     pc - 8
core   0: 3 0x8000b7be (0xbfe5)
core   0: 0x8000b7b6 (0x00002f17) auipc   t5, 0x2
core   0: 3 0x8000b7b6 (0x00002f17) x30 0x8000d7b6
core   0: 0x8000b7ba (0x843f2523) sw      gp, -1974(t5)
core   0: 3 0x8000b7ba (0x843f2523) mem 0x8000d000 0x00000001
core   0: 0x8000b7be (0x0000bfe5) c.j     pc - 8
core   0: 3 0x8000b7be (0xbfe5)
core   0: 0x8000b7b6 (0x00002f17) auipc   t5, 0x2
core   0: 3 0x8000b7b6 (0x00002f17) x30 0x8000d7b6
core   0: 0x8000b7ba (0x843f2523) sw      gp, -1974(t5)
core   0: 3 0x8000b7ba (0x843f2523) mem 0x8000d000 0x00000001
core   0: 0x8000b7be (0x0000bfe5) c.j     pc - 8
core   0: 3 0x8000b7be (0xbfe5)
core   0: 0x8000b7b6 (0x00002f17) auipc   t5, 0x2
core   0: 3 0x8000b7b6 (0x00002f17) x30 0x8000d7b6
core   0: 0x8000b7ba (0x843f2523) sw      gp, -1974(t5)
core   0: 3 0x8000b7ba (0x843f2523) mem 0x8000d000 0x00000001
core   0: 0x8000b7be (0x0000bfe5) c.j     pc - 8
core   0: 3 0x8000b7be (0xbfe5)
core   0: 0x8000b7b6 (0x00002f17) auipc   t5, 0x2
core   0: 3 0x8000b7b6 (0x00002f17) x30 0x8000d7b6
core   0: 0x8000b7ba (0x843f2523) sw      gp, -1974(t5)
core   0: 3 0x8000b7ba (0x843f2523) mem 0x8000d000 0x00000001
core   0: 0x8000b7be (0x0000bfe5) c.j     pc - 8
core   0: 3 0x8000b7be (0xbfe5)
core   0: 0x8000b7b6 (0x00002f17) auipc   t5, 0x2
core   0: 3 0x8000b7b6 (0x00002f17) x30 0x8000d7b6
core   0: 0x8000b7ba (0x843f2523) sw      gp, -1974(t5)
core   0: 3 0x8000b7ba (0x843f2523) mem 0x8000d000 0x00000001
core   0: 0x8000b7be (0x0000bfe5) c.j     pc - 8
core   0: 3 0x8000b7be (0xbfe5)
core   0: 0x8000b7b6 (0x00002f17) auipc   t5, 0x2
core   0: 3 0x8000b7b6 (0x00002f17) x30 0x8000d7b6
core   0: 0x8000b7ba (0x843f2523) sw      gp, -1974(t5)
core   0: 3 0x8000b7ba (0x843f2523) mem 0x8000d000 0x00000001
core   0: 0x8000b7be (0x0000bfe5) c.j     pc - 8
core   0: 3 0x8000b7be (0xbfe5)
core   0: 0x8000b7b6 (0x00002f17) auipc   t5, 0x2
core   0: 3 0x8000b7b6 (0x00002f17) x30 0x8000d7b6
core   0: 0x8000b7ba (0x843f2523) sw      gp, -1974(t5)
core   0: 3 0x8000b7ba (0x843f2523) mem 0x8000d000 0x00000001
core   0: 0x8000b7be (0x0000bfe5) c.j     pc - 8
core   0: 3 0x8000b7be (0xbfe5)
core   0: 0x8000b7b6 (0x00002f17) auipc   t5, 0x2
core   0: 3 0x8000b7b6 (0x00002f17) x30 0x8000d7b6
core   0: 0x8000b7ba (0x843f2523) sw      gp, -1974(t5)
core   0: 3 0x8000b7ba (0x843f2523) mem 0x8000d000 0x00000001
core   0: 0x8000b7be (0x0000bfe5) c.j     pc - 8
core   0: 3 0x8000b7be (0xbfe5)
core   0: 0x8000b7b6 (0x00002f17) auipc   t5, 0x2
core   0: 3 0x8000b7b6 (0x00002f17) x30 0x8000d7b6
core   0: 0x8000b7ba (0x843f2523) sw      gp, -1974(t5)
core   0: 3 0x8000b7ba (0x843f2523) mem 0x8000d000 0x00000001
core   0: 0x8000b7be (0x0000bfe5) c.j     pc - 8
core   0: 3 0x8000b7be (0xbfe5)
core   0: 0x8000b7b6 (0x00002f17) auipc   t5, 0x2
core   0: 3 0x8000b7b6 (0x00002f17) x30 0x8000d7b6
core   0: 0x8000b7ba (0x843f2523) sw      gp, -1974(t5)
core   0: 3 0x8000b7ba (0x843f2523) mem 0x8000d000 0x00000001
core   0: 0x8000b7be (0x0000bfe5) c.j     pc - 8
core   0: 3 0x8000b7be (0xbfe5)
core   0: 0x8000b7b6 (0x00002f17) auipc   t5, 0x2
core   0: 3 0x8000b7b6 (0x00002f17) x30 0x8000d7b6
core   0: 0x8000b7ba (0x843f2523) sw      gp, -1974(t5)
core   0: 3 0x8000b7ba (0x843f2523) mem 0x8000d000 0x00000001
core   0: 0x8000b7be (0x0000bfe5) c.j     pc - 8
core   0: 3 0x8000b7be (0xbfe5)
core   0: 0x8000b7b6 (0x00002f17) auipc   t5, 0x2
core   0: 3 0x8000b7b6 (0x00002f17) x30 0x8000d7b6
core   0: 0x8000b7ba (0x843f2523) sw      gp, -1974(t5)
core   0: 3 0x8000b7ba (0x843f2523) mem 0x8000d000 0x00000001
core   0: 0x8000b7be (0x0000bfe5) c.j     pc - 8
core   0: 3 0x8000b7be (0xbfe5)
core   0: 0x8000b7b6 (0x00002f17) auipc   t5, 0x2
core   0: 3 0x8000b7b6 (0x00002f17) x30 0x8000d7b6
core   0: 0x8000b7ba (0x843f2523) sw      gp, -1974(t5)
core   0: 3 0x8000b7ba (0x843f2523) mem 0x8000d000 0x00000001
core   0: 0x8000b7be (0x0000bfe5) c.j     pc - 8
core   0: 3 0x8000b7be (0xbfe5)
core   0: 0x8000b7b6 (0x00002f17) auipc   t5, 0x2
core   0: 3 0x8000b7b6 (0x00002f17) x30 0x8000d7b6
core   0: 0x8000b7ba (0x843f2523) sw      gp, -1974(t5)
core   0: 3 0x8000b7ba (0x843f2523) mem 0x8000d000 0x00000001
core   0: 0x8000b7be (0x0000bfe5) c.j     pc - 8
core   0: 3 0x8000b7be (0xbfe5)
core   0: 0x8000b7b6 (0x00002f17) auipc   t5, 0x2
core   0: 3 0x8000b7b6 (0x00002f17) x30 0x8000d7b6
core   0: 0x8000b7ba (0x843f2523) sw      gp, -1974(t5)
core   0: 3 0x8000b7ba (0x843f2523) mem 0x8000d000 0x00000001
core   0: 0x8000b7be (0x0000bfe5) c.j     pc - 8
core   0: 3 0x8000b7be (0xbfe5)
core   0: 0x8000b7b6 (0x00002f17) auipc   t5, 0x2
core   0: 3 0x8000b7b6 (0x00002f17) x30 0x8000d7b6
core   0: 0x8000b7ba (0x843f2523) sw      gp, -1974(t5)
core   0: 3 0x8000b7ba (0x843f2523) mem 0x8000d000 0x00000001
core   0: 0x8000b7be (0x0000bfe5) c.j     pc - 8
core   0: 3 0x8000b7be (0xbfe5)
core   0: 0x8000b7b6 (0x00002f17) auipc   t5, 0x2
core   0: 3 0x8000b7b6 (0x00002f17) x30 0x8000d7b6
core   0: 0x8000b7ba (0x843f2523) sw      gp, -1974(t5)
core   0: 3 0x8000b7ba (0x843f2523) mem 0x8000d000 0x00000001
core   0: 0x8000b7be (0x0000bfe5) c.j     pc - 8
core   0: 3 0x8000b7be (0xbfe5)
core   0: 0x8000b7b6 (0x00002f17) auipc   t5, 0x2
core   0: 3 0x8000b7b6 (0x00002f17) x30 0x8000d7b6
core   0: 0x8000b7ba (0x843f2523) sw      gp, -1974(t5)
core   0: 3 0x8000b7ba (0x843f2523) mem 0x8000d000 0x00000001
core   0: 0x8000b7be (0x0000bfe5) c.j     pc - 8
core   0: 3 0x8000b7be (0xbfe5)
core   0: 0x8000b7b6 (0x00002f17) auipc   t5, 0x2
core   0: 3 0x8000b7b6 (0x00002f17) x30 0x8000d7b6
core   0: 0x8000b7ba (0x843f2523) sw      gp, -1974(t5)
core   0: 3 0x8000b7ba (0x843f2523) mem 0x8000d000 0x00000001
core   0: 0x8000b7be (0x0000bfe5) c.j     pc - 8
core   0: 3 0x8000b7be (0xbfe5)
core   0: 0x8000b7b6 (0x00002f17) auipc   t5, 0x2
core   0: 3 0x8000b7b6 (0x00002f17) x30 0x8000d7b6
core   0: 0x8000b7ba (0x843f2523) sw      gp, -1974(t5)
core   0: 3 0x8000b7ba (0x843f2523) mem 0x8000d000 0x00000001
core   0: 0x8000b7be (0x0000bfe5) c.j     pc - 8
core   0: 3 0x8000b7be (0xbfe5)
core   0: 0x8000b7b6 (0x00002f17) auipc   t5, 0x2
core   0: 3 0x8000b7b6 (0x00002f17) x30 0x8000d7b6
core   0: 0x8000b7ba (0x843f2523) sw      gp, -1974(t5)
core   0: 3 0x8000b7ba (0x843f2523) mem 0x8000d000 0x00000001
core   0: 0x8000b7be (0x0000bfe5) c.j     pc - 8
core   0: 3 0x8000b7be (0xbfe5)
core   0: 0x8000b7b6 (0x00002f17) auipc   t5, 0x2
core   0: 3 0x8000b7b6 (0x00002f17) x30 0x8000d7b6
core   0: 0x8000b7ba (0x843f2523) sw      gp, -1974(t5)
core   0: 3 0x8000b7ba (0x843f2523) mem 0x8000d000 0x00000001
core   0: 0x8000b7be (0x0000bfe5) c.j     pc - 8
core   0: 3 0x8000b7be (0xbfe5)
core   0: 0x8000b7b6 (0x00002f17) auipc   t5, 0x2
core   0: 3 0x8000b7b6 (0x00002f17) x30 0x8000d7b6
core   0: 0x8000b7ba (0x843f2523) sw      gp, -1974(t5)
core   0: 3 0x8000b7ba (0x843f2523) mem 0x8000d000 0x00000001
core   0: 0x8000b7be (0x0000bfe5) c.j     pc - 8
core   0: 3 0x8000b7be (0xbfe5)
core   0: 0x8000b7b6 (0x00002f17) auipc   t5, 0x2
core   0: 3 0x8000b7b6 (0x00002f17) x30 0x8000d7b6
core   0: 0x8000b7ba (0x843f2523) sw      gp, -1974(t5)
core   0: 3 0x8000b7ba (0x843f2523) mem 0x8000d000 0x00000001
core   0: 0x8000b7be (0x0000bfe5) c.j     pc - 8
core   0: 3 0x8000b7be (0xbfe5)
core   0: 0x8000b7b6 (0x00002f17) auipc   t5, 0x2
core   0: 3 0x8000b7b6 (0x00002f17) x30 0x8000d7b6
core   0: 0x8000b7ba (0x843f2523) sw      gp, -1974(t5)
core   0: 3 0x8000b7ba (0x843f2523) mem 0x8000d000 0x00000001
core   0: 0x8000b7be (0x0000bfe5) c.j     pc - 8
core   0: 3 0x8000b7be (0xbfe5)
core   0: 0x8000b7b6 (0x00002f17) auipc   t5, 0x2
core   0: 3 0x8000b7b6 (0x00002f17) x30 0x8000d7b6
core   0: 0x8000b7ba (0x843f2523) sw      gp, -1974(t5)
core   0: 3 0x8000b7ba (0x843f2523) mem 0x8000d000 0x00000001
core   0: 0x8000b7be (0x0000bfe5) c.j     pc - 8
core   0: 3 0x8000b7be (0xbfe5)
core   0: 0x8000b7b6 (0x00002f17) auipc   t5, 0x2
core   0: 3 0x8000b7b6 (0x00002f17) x30 0x8000d7b6
core   0: 0x8000b7ba (0x843f2523) sw      gp, -1974(t5)
core   0: 3 0x8000b7ba (0x843f2523) mem 0x8000d000 0x00000001
core   0: 0x8000b7be (0x0000bfe5) c.j     pc - 8
core   0: 3 0x8000b7be (0xbfe5)
core   0: 0x8000b7b6 (0x00002f17) auipc   t5, 0x2
core   0: 3 0x8000b7b6 (0x00002f17) x30 0x8000d7b6
core   0: 0x8000b7ba (0x843f2523) sw      gp, -1974(t5)
core   0: 3 0x8000b7ba (0x843f2523) mem 0x8000d000 0x00000001
core   0: 0x8000b7be (0x0000bfe5) c.j     pc - 8
core   0: 3 0x8000b7be (0xbfe5)
core   0: 0x8000b7b6 (0x00002f17) auipc   t5, 0x2
core   0: 3 0x8000b7b6 (0x00002f17) x30 0x8000d7b6
core   0: 0x8000b7ba (0x843f2523) sw      gp, -1974(t5)
core   0: 3 0x8000b7ba (0x843f2523) mem 0x8000d000 0x00000001
core   0: 0x8000b7be (0x0000bfe5) c.j     pc - 8
core   0: 3 0x8000b7be (0xbfe5)
core   0: 0x8000b7b6 (0x00002f17) auipc   t5, 0x2
core   0: 3 0x8000b7b6 (0x00002f17) x30 0x8000d7b6
core   0: 0x8000b7ba (0x843f2523) sw      gp, -1974(t5)
core   0: 3 0x8000b7ba (0x843f2523) mem 0x8000d000 0x00000001
core   0: 0x8000b7be (0x0000bfe5) c.j     pc - 8
core   0: 3 0x8000b7be (0xbfe5)
core   0: 0x8000b7b6 (0x00002f17) auipc   t5, 0x2
core   0: 3 0x8000b7b6 (0x00002f17) x30 0x8000d7b6
core   0: 0x8000b7ba (0x843f2523) sw      gp, -1974(t5)
core   0: 3 0x8000b7ba (0x843f2523) mem 0x8000d000 0x00000001
core   0: 0x8000b7be (0x0000bfe5) c.j     pc - 8
core   0: 3 0x8000b7be (0xbfe5)
core   0: 0x8000b7b6 (0x00002f17) auipc   t5, 0x2
core   0: 3 0x8000b7b6 (0x00002f17) x30 0x8000d7b6
core   0: 0x8000b7ba (0x843f2523) sw      gp, -1974(t5)
core   0: 3 0x8000b7ba (0x843f2523) mem 0x8000d000 0x00000001
core   0: 0x8000b7be (0x0000bfe5) c.j     pc - 8
core   0: 3 0x8000b7be (0xbfe5)
core   0: 0x8000b7b6 (0x00002f17) auipc   t5, 0x2
core   0: 3 0x8000b7b6 (0x00002f17) x30 0x8000d7b6
core   0: 0x8000b7ba (0x843f2523) sw      gp, -1974(t5)
core   0: 3 0x8000b7ba (0x843f2523) mem 0x8000d000 0x00000001
core   0: 0x8000b7be (0x0000bfe5) c.j     pc - 8
core   0: 3 0x8000b7be (0xbfe5)
core   0: 0x8000b7b6 (0x00002f17) auipc   t5, 0x2
core   0: 3 0x8000b7b6 (0x00002f17) x30 0x8000d7b6
core   0: 0x8000b7ba (0x843f2523) sw      gp, -1974(t5)
core   0: 3 0x8000b7ba (0x843f2523) mem 0x8000d000 0x00000001
core   0: 0x8000b7be (0x0000bfe5) c.j     pc - 8
core   0: 3 0x8000b7be (0xbfe5)
core   0: 0x8000b7b6 (0x00002f17) auipc   t5, 0x2
core   0: 3 0x8000b7b6 (0x00002f17) x30 0x8000d7b6
core   0: 0x8000b7ba (0x843f2523) sw      gp, -1974(t5)
core   0: 3 0x8000b7ba (0x843f2523) mem 0x8000d000 0x00000001
core   0: 0x8000b7be (0x0000bfe5) c.j     pc - 8
core   0: 3 0x8000b7be (0xbfe5)
core   0: 0x8000b7b6 (0x00002f17) auipc   t5, 0x2
core   0: 3 0x8000b7b6 (0x00002f17) x30 0x8000d7b6
core   0: 0x8000b7ba (0x843f2523) sw      gp, -1974(t5)
core   0: 3 0x8000b7ba (0x843f2523) mem 0x8000d000 0x00000001
core   0: 0x8000b7be (0x0000bfe5) c.j     pc - 8
core   0: 3 0x8000b7be (0xbfe5)
core   0: 0x8000b7b6 (0x00002f17) auipc   t5, 0x2
core   0: 3 0x8000b7b6 (0x00002f17) x30 0x8000d7b6
core   0: 0x8000b7ba (0x843f2523) sw      gp, -1974(t5)
core   0: 3 0x8000b7ba (0x843f2523) mem 0x8000d000 0x00000001
core   0: 0x8000b7be (0x0000bfe5) c.j     pc - 8
core   0: 3 0x8000b7be (0xbfe5)
core   0: 0x8000b7b6 (0x00002f17) auipc   t5, 0x2
core   0: 3 0x8000b7b6 (0x00002f17) x30 0x8000d7b6
core   0: 0x8000b7ba (0x843f2523) sw      gp, -1974(t5)
core   0: 3 0x8000b7ba (0x843f2523) mem 0x8000d000 0x00000001
core   0: 0x8000b7be (0x0000bfe5) c.j     pc - 8
core   0: 3 0x8000b7be (0xbfe5)
core   0: 0x8000b7b6 (0x00002f17) auipc   t5, 0x2
core   0: 3 0x8000b7b6 (0x00002f17) x30 0x8000d7b6
core   0: 0x8000b7ba (0x843f2523) sw      gp, -1974(t5)
core   0: 3 0x8000b7ba (0x843f2523) mem 0x8000d000 0x00000001
core   0: 0x8000b7be (0x0000bfe5) c.j     pc - 8
core   0: 3 0x8000b7be (0xbfe5)
core   0: 0x8000b7b6 (0x00002f17) auipc   t5, 0x2
core   0: 3 0x8000b7b6 (0x00002f17) x30 0x8000d7b6
core   0: 0x8000b7ba (0x843f2523) sw      gp, -1974(t5)
core   0: 3 0x8000b7ba (0x843f2523) mem 0x8000d000 0x00000001
core   0: 0x8000b7be (0x0000bfe5) c.j     pc - 8
core   0: 3 0x8000b7be (0xbfe5)
core   0: 0x8000b7b6 (0x00002f17) auipc   t5, 0x2
core   0: 3 0x8000b7b6 (0x00002f17) x30 0x8000d7b6
core   0: 0x8000b7ba (0x843f2523) sw      gp, -1974(t5)
core   0: 3 0x8000b7ba (0x843f2523) mem 0x8000d000 0x00000001
core   0: 0x8000b7be (0x0000bfe5) c.j     pc - 8
core   0: 3 0x8000b7be (0xbfe5)
core   0: 0x8000b7b6 (0x00002f17) auipc   t5, 0x2
core   0: 3 0x8000b7b6 (0x00002f17) x30 0x8000d7b6
core   0: 0x8000b7ba (0x843f2523) sw      gp, -1974(t5)
core   0: 3 0x8000b7ba (0x843f2523) mem 0x8000d000 0x00000001
core   0: 0x8000b7be (0x0000bfe5) c.j     pc - 8
core   0: 3 0x8000b7be (0xbfe5)
core   0: 0x8000b7b6 (0x00002f17) auipc   t5, 0x2
core   0: 3 0x8000b7b6 (0x00002f17) x30 0x8000d7b6
core   0: 0x8000b7ba (0x843f2523) sw      gp, -1974(t5)
core   0: 3 0x8000b7ba (0x843f2523) mem 0x8000d000 0x00000001
core   0: 0x8000b7be (0x0000bfe5) c.j     pc - 8
core   0: 3 0x8000b7be (0xbfe5)
core   0: 0x8000b7b6 (0x00002f17) auipc   t5, 0x2
core   0: 3 0x8000b7b6 (0x00002f17) x30 0x8000d7b6
core   0: 0x8000b7ba (0x843f2523) sw      gp, -1974(t5)
core   0: 3 0x8000b7ba (0x843f2523) mem 0x8000d000 0x00000001
core   0: 0x8000b7be (0x0000bfe5) c.j     pc - 8
core   0: 3 0x8000b7be (0xbfe5)
core   0: 0x8000b7b6 (0x00002f17) auipc   t5, 0x2
core   0: 3 0x8000b7b6 (0x00002f17) x30 0x8000d7b6
core   0: 0x8000b7ba (0x843f2523) sw      gp, -1974(t5)
core   0: 3 0x8000b7ba (0x843f2523) mem 0x8000d000 0x00000001
core   0: 0x8000b7be (0x0000bfe5) c.j     pc - 8
core   0: 3 0x8000b7be (0xbfe5)
core   0: 0x8000b7b6 (0x00002f17) auipc   t5, 0x2
core   0: 3 0x8000b7b6 (0x00002f17) x30 0x8000d7b6
core   0: 0x8000b7ba (0x843f2523) sw      gp, -1974(t5)
core   0: 3 0x8000b7ba (0x843f2523) mem 0x8000d000 0x00000001
core   0: 0x8000b7be (0x0000bfe5) c.j     pc - 8
core   0: 3 0x8000b7be (0xbfe5)
core   0: 0x8000b7b6 (0x00002f17) auipc   t5, 0x2
core   0: 3 0x8000b7b6 (0x00002f17) x30 0x8000d7b6
core   0: 0x8000b7ba (0x843f2523) sw      gp, -1974(t5)
core   0: 3 0x8000b7ba (0x843f2523) mem 0x8000d000 0x00000001
core   0: 0x8000b7be (0x0000bfe5) c.j     pc - 8
core   0: 3 0x8000b7be (0xbfe5)
core   0: 0x8000b7b6 (0x00002f17) auipc   t5, 0x2
core   0: 3 0x8000b7b6 (0x00002f17) x30 0x8000d7b6
core   0: 0x8000b7ba (0x843f2523) sw      gp, -1974(t5)
core   0: 3 0x8000b7ba (0x843f2523) mem 0x8000d000 0x00000001
core   0: 0x8000b7be (0x0000bfe5) c.j     pc - 8
core   0: 3 0x8000b7be (0xbfe5)
core   0: 0x8000b7b6 (0x00002f17) auipc   t5, 0x2
core   0: 3 0x8000b7b6 (0x00002f17) x30 0x8000d7b6
core   0: 0x8000b7ba (0x843f2523) sw      gp, -1974(t5)
core   0: 3 0x8000b7ba (0x843f2523) mem 0x8000d000 0x00000001
core   0: 0x8000b7be (0x0000bfe5) c.j     pc - 8
core   0: 3 0x8000b7be (0xbfe5)
core   0: 0x8000b7b6 (0x00002f17) auipc   t5, 0x2
core   0: 3 0x8000b7b6 (0x00002f17) x30 0x8000d7b6
core   0: 0x8000b7ba (0x843f2523) sw      gp, -1974(t5)
core   0: 3 0x8000b7ba (0x843f2523) mem 0x8000d000 0x00000001
core   0: 0x8000b7be (0x0000bfe5) c.j     pc - 8
core   0: 3 0x8000b7be (0xbfe5)
core   0: 0x8000b7b6 (0x00002f17) auipc   t5, 0x2
core   0: 3 0x8000b7b6 (0x00002f17) x30 0x8000d7b6
core   0: 0x8000b7ba (0x843f2523) sw      gp, -1974(t5)
core   0: 3 0x8000b7ba (0x843f2523) mem 0x8000d000 0x00000001
core   0: 0x8000b7be (0x0000bfe5) c.j     pc - 8
core   0: 3 0x8000b7be (0xbfe5)
core   0: 0x8000b7b6 (0x00002f17) auipc   t5, 0x2
core   0: 3 0x8000b7b6 (0x00002f17) x30 0x8000d7b6
core   0: 0x8000b7ba (0x843f2523) sw      gp, -1974(t5)
core   0: 3 0x8000b7ba (0x843f2523) mem 0x8000d000 0x00000001
core   0: 0x8000b7be (0x0000bfe5) c.j     pc - 8
core   0: 3 0x8000b7be (0xbfe5)
core   0: 0x8000b7b6 (0x00002f17) auipc   t5, 0x2
core   0: 3 0x8000b7b6 (0x00002f17) x30 0x8000d7b6
core   0: 0x8000b7ba (0x843f2523) sw      gp, -1974(t5)
core   0: 3 0x8000b7ba (0x843f2523) mem 0x8000d000 0x00000001
core   0: 0x8000b7be (0x0000bfe5) c.j     pc - 8
core   0: 3 0x8000b7be (0xbfe5)
core   0: 0x8000b7b6 (0x00002f17) auipc   t5, 0x2
core   0: 3 0x8000b7b6 (0x00002f17) x30 0x8000d7b6
core   0: 0x8000b7ba (0x843f2523) sw      gp, -1974(t5)
core   0: 3 0x8000b7ba (0x843f2523) mem 0x8000d000 0x00000001
core   0: 0x8000b7be (0x0000bfe5) c.j     pc - 8
core   0: 3 0x8000b7be (0xbfe5)
core   0: 0x8000b7b6 (0x00002f17) auipc   t5, 0x2
core   0: 3 0x8000b7b6 (0x00002f17) x30 0x8000d7b6
core   0: 0x8000b7ba (0x843f2523) sw      gp, -1974(t5)
core   0: 3 0x8000b7ba (0x843f2523) mem 0x8000d000 0x00000001
core   0: 0x8000b7be (0x0000bfe5) c.j     pc - 8
core   0: 3 0x8000b7be (0xbfe5)
core   0: 0x8000b7b6 (0x00002f17) auipc   t5, 0x2
core   0: 3 0x8000b7b6 (0x00002f17) x30 0x8000d7b6
core   0: 0x8000b7ba (0x843f2523) sw      gp, -1974(t5)
core   0: 3 0x8000b7ba (0x843f2523) mem 0x8000d000 0x00000001
core   0: 0x8000b7be (0x0000bfe5) c.j     pc - 8
core   0: 3 0x8000b7be (0xbfe5)
core   0: 0x8000b7b6 (0x00002f17) auipc   t5, 0x2
core   0: 3 0x8000b7b6 (0x00002f17) x30 0x8000d7b6
core   0: 0x8000b7ba (0x843f2523) sw      gp, -1974(t5)
core   0: 3 0x8000b7ba (0x843f2523) mem 0x8000d000 0x00000001
core   0: 0x8000b7be (0x0000bfe5) c.j     pc - 8
core   0: 3 0x8000b7be (0xbfe5)
core   0: 0x8000b7b6 (0x00002f17) auipc   t5, 0x2
core   0: 3 0x8000b7b6 (0x00002f17) x30 0x8000d7b6
core   0: 0x8000b7ba (0x843f2523) sw      gp, -1974(t5)
core   0: 3 0x8000b7ba (0x843f2523) mem 0x8000d000 0x00000001
core   0: 0x8000b7be (0x0000bfe5) c.j     pc - 8
core   0: 3 0x8000b7be (0xbfe5)
core   0: 0x8000b7b6 (0x00002f17) auipc   t5, 0x2
core   0: 3 0x8000b7b6 (0x00002f17) x30 0x8000d7b6
core   0: 0x8000b7ba (0x843f2523) sw      gp, -1974(t5)
core   0: 3 0x8000b7ba (0x843f2523) mem 0x8000d000 0x00000001
core   0: 0x8000b7be (0x0000bfe5) c.j     pc - 8
core   0: 3 0x8000b7be (0xbfe5)
core   0: 0x8000b7b6 (0x00002f17) auipc   t5, 0x2
core   0: 3 0x8000b7b6 (0x00002f17) x30 0x8000d7b6
core   0: 0x8000b7ba (0x843f2523) sw      gp, -1974(t5)
core   0: 3 0x8000b7ba (0x843f2523) mem 0x8000d000 0x00000001
core   0: 0x8000b7be (0x0000bfe5) c.j     pc - 8
core   0: 3 0x8000b7be (0xbfe5)
core   0: 0x8000b7b6 (0x00002f17) auipc   t5, 0x2
core   0: 3 0x8000b7b6 (0x00002f17) x30 0x8000d7b6
core   0: 0x8000b7ba (0x843f2523) sw      gp, -1974(t5)
core   0: 3 0x8000b7ba (0x843f2523) mem 0x8000d000 0x00000001
core   0: 0x8000b7be (0x0000bfe5) c.j     pc - 8
core   0: 3 0x8000b7be (0xbfe5)
core   0: 0x8000b7b6 (0x00002f17) auipc   t5, 0x2
core   0: 3 0x8000b7b6 (0x00002f17) x30 0x8000d7b6
core   0: 0x8000b7ba (0x843f2523) sw      gp, -1974(t5)
core   0: 3 0x8000b7ba (0x843f2523) mem 0x8000d000 0x00000001
core   0: 0x8000b7be (0x0000bfe5) c.j     pc - 8
core   0: 3 0x8000b7be (0xbfe5)
core   0: 0x8000b7b6 (0x00002f17) auipc   t5, 0x2
core   0: 3 0x8000b7b6 (0x00002f17) x30 0x8000d7b6
core   0: 0x8000b7ba (0x843f2523) sw      gp, -1974(t5)
core   0: 3 0x8000b7ba (0x843f2523) mem 0x8000d000 0x00000001
core   0: 0x8000b7be (0x0000bfe5) c.j     pc - 8
core   0: 3 0x8000b7be (0xbfe5)
core   0: 0x8000b7b6 (0x00002f17) auipc   t5, 0x2
core   0: 3 0x8000b7b6 (0x00002f17) x30 0x8000d7b6
core   0: 0x8000b7ba (0x843f2523) sw      gp, -1974(t5)
core   0: 3 0x8000b7ba (0x843f2523) mem 0x8000d000 0x00000001
core   0: 0x8000b7be (0x0000bfe5) c.j     pc - 8
core   0: 3 0x8000b7be (0xbfe5)
core   0: 0x8000b7b6 (0x00002f17) auipc   t5, 0x2
core   0: 3 0x8000b7b6 (0x00002f17) x30 0x8000d7b6
core   0: 0x8000b7ba (0x843f2523) sw      gp, -1974(t5)
core   0: 3 0x8000b7ba (0x843f2523) mem 0x8000d000 0x00000001
core   0: 0x8000b7be (0x0000bfe5) c.j     pc - 8
core   0: 3 0x8000b7be (0xbfe5)
core   0: 0x8000b7b6 (0x00002f17) auipc   t5, 0x2
core   0: 3 0x8000b7b6 (0x00002f17) x30 0x8000d7b6
core   0: 0x8000b7ba (0x843f2523) sw      gp, -1974(t5)
core   0: 3 0x8000b7ba (0x843f2523) mem 0x8000d000 0x00000001
core   0: 0x8000b7be (0x0000bfe5) c.j     pc - 8
core   0: 3 0x8000b7be (0xbfe5)
core   0: 0x8000b7b6 (0x00002f17) auipc   t5, 0x2
core   0: 3 0x8000b7b6 (0x00002f17) x30 0x8000d7b6
core   0: 0x8000b7ba (0x843f2523) sw      gp, -1974(t5)
core   0: 3 0x8000b7ba (0x843f2523) mem 0x8000d000 0x00000001
core   0: 0x8000b7be (0x0000bfe5) c.j     pc - 8
core   0: 3 0x8000b7be (0xbfe5)
core   0: 0x8000b7b6 (0x00002f17) auipc   t5, 0x2
core   0: 3 0x8000b7b6 (0x00002f17) x30 0x8000d7b6
core   0: 0x8000b7ba (0x843f2523) sw      gp, -1974(t5)
core   0: 3 0x8000b7ba (0x843f2523) mem 0x8000d000 0x00000001
core   0: 0x8000b7be (0x0000bfe5) c.j     pc - 8
core   0: 3 0x8000b7be (0xbfe5)
core   0: 0x8000b7b6 (0x00002f17) auipc   t5, 0x2
core   0: 3 0x8000b7b6 (0x00002f17) x30 0x8000d7b6
core   0: 0x8000b7ba (0x843f2523) sw      gp, -1974(t5)
core   0: 3 0x8000b7ba (0x843f2523) mem 0x8000d000 0x00000001
core   0: 0x8000b7be (0x0000bfe5) c.j     pc - 8
core   0: 3 0x8000b7be (0xbfe5)
core   0: 0x8000b7b6 (0x00002f17) auipc   t5, 0x2
core   0: 3 0x8000b7b6 (0x00002f17) x30 0x8000d7b6
core   0: 0x8000b7ba (0x843f2523) sw      gp, -1974(t5)
core   0: 3 0x8000b7ba (0x843f2523) mem 0x8000d000 0x00000001
core   0: 0x8000b7be (0x0000bfe5) c.j     pc - 8
core   0: 3 0x8000b7be (0xbfe5)
core   0: 0x8000b7b6 (0x00002f17) auipc   t5, 0x2
core   0: 3 0x8000b7b6 (0x00002f17) x30 0x8000d7b6
core   0: 0x8000b7ba (0x843f2523) sw      gp, -1974(t5)
core   0: 3 0x8000b7ba (0x843f2523) mem 0x8000d000 0x00000001
core   0: 0x8000b7be (0x0000bfe5) c.j     pc - 8
core   0: 3 0x8000b7be (0xbfe5)
core   0: 0x8000b7b6 (0x00002f17) auipc   t5, 0x2
core   0: 3 0x8000b7b6 (0x00002f17) x30 0x8000d7b6
core   0: 0x8000b7ba (0x843f2523) sw      gp, -1974(t5)
core   0: 3 0x8000b7ba (0x843f2523) mem 0x8000d000 0x00000001
core   0: 0x8000b7be (0x0000bfe5) c.j     pc - 8
core   0: 3 0x8000b7be (0xbfe5)
core   0: 0x8000b7b6 (0x00002f17) auipc   t5, 0x2
core   0: 3 0x8000b7b6 (0x00002f17) x30 0x8000d7b6
core   0: 0x8000b7ba (0x843f2523) sw      gp, -1974(t5)
core   0: 3 0x8000b7ba (0x843f2523) mem 0x8000d000 0x00000001
core   0: 0x8000b7be (0x0000bfe5) c.j     pc - 8
core   0: 3 0x8000b7be (0xbfe5)
core   0: 0x8000b7b6 (0x00002f17) auipc   t5, 0x2
core   0: 3 0x8000b7b6 (0x00002f17) x30 0x8000d7b6
core   0: 0x8000b7ba (0x843f2523) sw      gp, -1974(t5)
core   0: 3 0x8000b7ba (0x843f2523) mem 0x8000d000 0x00000001
core   0: 0x8000b7be (0x0000bfe5) c.j     pc - 8
core   0: 3 0x8000b7be (0xbfe5)
core   0: 0x8000b7b6 (0x00002f17) auipc   t5, 0x2
core   0: 3 0x8000b7b6 (0x00002f17) x30 0x8000d7b6
core   0: 0x8000b7ba (0x843f2523) sw      gp, -1974(t5)
core   0: 3 0x8000b7ba (0x843f2523) mem 0x8000d000 0x00000001
core   0: 0x8000b7be (0x0000bfe5) c.j     pc - 8
core   0: 3 0x8000b7be (0xbfe5)
core   0: 0x8000b7b6 (0x00002f17) auipc   t5, 0x2
core   0: 3 0x8000b7b6 (0x00002f17) x30 0x8000d7b6
core   0: 0x8000b7ba (0x843f2523) sw      gp, -1974(t5)
core   0: 3 0x8000b7ba (0x843f2523) mem 0x8000d000 0x00000001
core   0: 0x8000b7be (0x0000bfe5) c.j     pc - 8
core   0: 3 0x8000b7be (0xbfe5)
core   0: 0x8000b7b6 (0x00002f17) auipc   t5, 0x2
core   0: 3 0x8000b7b6 (0x00002f17) x30 0x8000d7b6
core   0: 0x8000b7ba (0x843f2523) sw      gp, -1974(t5)
core   0: 3 0x8000b7ba (0x843f2523) mem 0x8000d000 0x00000001
core   0: 0x8000b7be (0x0000bfe5) c.j     pc - 8
core   0: 3 0x8000b7be (0xbfe5)
core   0: 0x8000b7b6 (0x00002f17) auipc   t5, 0x2
core   0: 3 0x8000b7b6 (0x00002f17) x30 0x8000d7b6
core   0: 0x8000b7ba (0x843f2523) sw      gp, -1974(t5)
core   0: 3 0x8000b7ba (0x843f2523) mem 0x8000d000 0x00000001
core   0: 0x8000b7be (0x0000bfe5) c.j     pc - 8
core   0: 3 0x8000b7be (0xbfe5)
core   0: 0x8000b7b6 (0x00002f17) auipc   t5, 0x2
core   0: 3 0x8000b7b6 (0x00002f17) x30 0x8000d7b6
core   0: 0x8000b7ba (0x843f2523) sw      gp, -1974(t5)
core   0: 3 0x8000b7ba (0x843f2523) mem 0x8000d000 0x00000001
core   0: 0x8000b7be (0x0000bfe5) c.j     pc - 8
core   0: 3 0x8000b7be (0xbfe5)
core   0: 0x8000b7b6 (0x00002f17) auipc   t5, 0x2
core   0: 3 0x8000b7b6 (0x00002f17) x30 0x8000d7b6
core   0: 0x8000b7ba (0x843f2523) sw      gp, -1974(t5)
core   0: 3 0x8000b7ba (0x843f2523) mem 0x8000d000 0x00000001
core   0: 0x8000b7be (0x0000bfe5) c.j     pc - 8
core   0: 3 0x8000b7be (0xbfe5)
core   0: 0x8000b7b6 (0x00002f17) auipc   t5, 0x2
core   0: 3 0x8000b7b6 (0x00002f17) x30 0x8000d7b6
core   0: 0x8000b7ba (0x843f2523) sw      gp, -1974(t5)
core   0: 3 0x8000b7ba (0x843f2523) mem 0x8000d000 0x00000001
core   0: 0x8000b7be (0x0000bfe5) c.j     pc - 8
core   0: 3 0x8000b7be (0xbfe5)
core   0: 0x8000b7b6 (0x00002f17) auipc   t5, 0x2
core   0: 3 0x8000b7b6 (0x00002f17) x30 0x8000d7b6
core   0: 0x8000b7ba (0x843f2523) sw      gp, -1974(t5)
core   0: 3 0x8000b7ba (0x843f2523) mem 0x8000d000 0x00000001
core   0: 0x8000b7be (0x0000bfe5) c.j     pc - 8
core   0: 3 0x8000b7be (0xbfe5)
core   0: 0x8000b7b6 (0x00002f17) auipc   t5, 0x2
core   0: 3 0x8000b7b6 (0x00002f17) x30 0x8000d7b6
core   0: 0x8000b7ba (0x843f2523) sw      gp, -1974(t5)
core   0: 3 0x8000b7ba (0x843f2523) mem 0x8000d000 0x00000001
core   0: 0x8000b7be (0x0000bfe5) c.j     pc - 8
core   0: 3 0x8000b7be (0xbfe5)
core   0: 0x8000b7b6 (0x00002f17) auipc   t5, 0x2
core   0: 3 0x8000b7b6 (0x00002f17) x30 0x8000d7b6
core   0: 0x8000b7ba (0x843f2523) sw      gp, -1974(t5)
core   0: 3 0x8000b7ba (0x843f2523) mem 0x8000d000 0x00000001
core   0: 0x8000b7be (0x0000bfe5) c.j     pc - 8
core   0: 3 0x8000b7be (0xbfe5)
core   0: 0x8000b7b6 (0x00002f17) auipc   t5, 0x2
core   0: 3 0x8000b7b6 (0x00002f17) x30 0x8000d7b6
core   0: 0x8000b7ba (0x843f2523) sw      gp, -1974(t5)
core   0: 3 0x8000b7ba (0x843f2523) mem 0x8000d000 0x00000001
core   0: 0x8000b7be (0x0000bfe5) c.j     pc - 8
core   0: 3 0x8000b7be (0xbfe5)
core   0: 0x8000b7b6 (0x00002f17) auipc   t5, 0x2
core   0: 3 0x8000b7b6 (0x00002f17) x30 0x8000d7b6
core   0: 0x8000b7ba (0x843f2523) sw      gp, -1974(t5)
core   0: 3 0x8000b7ba (0x843f2523) mem 0x8000d000 0x00000001
core   0: 0x8000b7be (0x0000bfe5) c.j     pc - 8
core   0: 3 0x8000b7be (0xbfe5)
core   0: 0x8000b7b6 (0x00002f17) auipc   t5, 0x2
core   0: 3 0x8000b7b6 (0x00002f17) x30 0x8000d7b6
core   0: 0x8000b7ba (0x843f2523) sw      gp, -1974(t5)
core   0: 3 0x8000b7ba (0x843f2523) mem 0x8000d000 0x00000001
core   0: 0x8000b7be (0x0000bfe5) c.j     pc - 8
core   0: 3 0x8000b7be (0xbfe5)
core   0: 0x8000b7b6 (0x00002f17) auipc   t5, 0x2
core   0: 3 0x8000b7b6 (0x00002f17) x30 0x8000d7b6
core   0: 0x8000b7ba (0x843f2523) sw      gp, -1974(t5)
core   0: 3 0x8000b7ba (0x843f2523) mem 0x8000d000 0x00000001
core   0: 0x8000b7be (0x0000bfe5) c.j     pc - 8
core   0: 3 0x8000b7be (0xbfe5)
core   0: 0x8000b7b6 (0x00002f17) auipc   t5, 0x2
core   0: 3 0x8000b7b6 (0x00002f17) x30 0x8000d7b6
core   0: 0x8000b7ba (0x843f2523) sw      gp, -1974(t5)
core   0: 3 0x8000b7ba (0x843f2523) mem 0x8000d000 0x00000001
core   0: 0x8000b7be (0x0000bfe5) c.j     pc - 8
core   0: 3 0x8000b7be (0xbfe5)
core   0: 0x8000b7b6 (0x00002f17) auipc   t5, 0x2
core   0: 3 0x8000b7b6 (0x00002f17) x30 0x8000d7b6
core   0: 0x8000b7ba (0x843f2523) sw      gp, -1974(t5)
core   0: 3 0x8000b7ba (0x843f2523) mem 0x8000d000 0x00000001
core   0: 0x8000b7be (0x0000bfe5) c.j     pc - 8
core   0: 3 0x8000b7be (0xbfe5)
core   0: 0x8000b7b6 (0x00002f17) auipc   t5, 0x2
core   0: 3 0x8000b7b6 (0x00002f17) x30 0x8000d7b6
core   0: 0x8000b7ba (0x843f2523) sw      gp, -1974(t5)
core   0: 3 0x8000b7ba (0x843f2523) mem 0x8000d000 0x00000001
core   0: 0x8000b7be (0x0000bfe5) c.j     pc - 8
core   0: 3 0x8000b7be (0xbfe5)
core   0: 0x8000b7b6 (0x00002f17) auipc   t5, 0x2
core   0: 3 0x8000b7b6 (0x00002f17) x30 0x8000d7b6
core   0: 0x8000b7ba (0x843f2523) sw      gp, -1974(t5)
core   0: 3 0x8000b7ba (0x843f2523) mem 0x8000d000 0x00000001
core   0: 0x8000b7be (0x0000bfe5) c.j     pc - 8
core   0: 3 0x8000b7be (0xbfe5)
core   0: 0x8000b7b6 (0x00002f17) auipc   t5, 0x2
core   0: 3 0x8000b7b6 (0x00002f17) x30 0x8000d7b6
core   0: 0x8000b7ba (0x843f2523) sw      gp, -1974(t5)
core   0: 3 0x8000b7ba (0x843f2523) mem 0x8000d000 0x00000001
core   0: 0x8000b7be (0x0000bfe5) c.j     pc - 8
core   0: 3 0x8000b7be (0xbfe5)
core   0: 0x8000b7b6 (0x00002f17) auipc   t5, 0x2
core   0: 3 0x8000b7b6 (0x00002f17) x30 0x8000d7b6
core   0: 0x8000b7ba (0x843f2523) sw      gp, -1974(t5)
core   0: 3 0x8000b7ba (0x843f2523) mem 0x8000d000 0x00000001
core   0: 0x8000b7be (0x0000bfe5) c.j     pc - 8
core   0: 3 0x8000b7be (0xbfe5)
core   0: 0x8000b7b6 (0x00002f17) auipc   t5, 0x2
core   0: 3 0x8000b7b6 (0x00002f17) x30 0x8000d7b6
core   0: 0x8000b7ba (0x843f2523) sw      gp, -1974(t5)
core   0: 3 0x8000b7ba (0x843f2523) mem 0x8000d000 0x00000001
core   0: 0x8000b7be (0x0000bfe5) c.j     pc - 8
core   0: 3 0x8000b7be (0xbfe5)
core   0: 0x8000b7b6 (0x00002f17) auipc   t5, 0x2
core   0: 3 0x8000b7b6 (0x00002f17) x30 0x8000d7b6
core   0: 0x8000b7ba (0x843f2523) sw      gp, -1974(t5)
core   0: 3 0x8000b7ba (0x843f2523) mem 0x8000d000 0x00000001
core   0: 0x8000b7be (0x0000bfe5) c.j     pc - 8
core   0: 3 0x8000b7be (0xbfe5)
core   0: 0x8000b7b6 (0x00002f17) auipc   t5, 0x2
core   0: 3 0x8000b7b6 (0x00002f17) x30 0x8000d7b6
core   0: 0x8000b7ba (0x843f2523) sw      gp, -1974(t5)
core   0: 3 0x8000b7ba (0x843f2523) mem 0x8000d000 0x00000001
core   0: 0x8000b7be (0x0000bfe5) c.j     pc - 8
core   0: 3 0x8000b7be (0xbfe5)
core   0: 0x8000b7b6 (0x00002f17) auipc   t5, 0x2
core   0: 3 0x8000b7b6 (0x00002f17) x30 0x8000d7b6
core   0: 0x8000b7ba (0x843f2523) sw      gp, -1974(t5)
core   0: 3 0x8000b7ba (0x843f2523) mem 0x8000d000 0x00000001
core   0: 0x8000b7be (0x0000bfe5) c.j     pc - 8
core   0: 3 0x8000b7be (0xbfe5)
core   0: 0x8000b7b6 (0x00002f17) auipc   t5, 0x2
core   0: 3 0x8000b7b6 (0x00002f17) x30 0x8000d7b6
core   0: 0x8000b7ba (0x843f2523) sw      gp, -1974(t5)
core   0: 3 0x8000b7ba (0x843f2523) mem 0x8000d000 0x00000001
core   0: 0x8000b7be (0x0000bfe5) c.j     pc - 8
core   0: 3 0x8000b7be (0xbfe5)
core   0: 0x8000b7b6 (0x00002f17) auipc   t5, 0x2
core   0: 3 0x8000b7b6 (0x00002f17) x30 0x8000d7b6
core   0: 0x8000b7ba (0x843f2523) sw      gp, -1974(t5)
core   0: 3 0x8000b7ba (0x843f2523) mem 0x8000d000 0x00000001
core   0: 0x8000b7be (0x0000bfe5) c.j     pc - 8
core   0: 3 0x8000b7be (0xbfe5)
core   0: 0x8000b7b6 (0x00002f17) auipc   t5, 0x2
core   0: 3 0x8000b7b6 (0x00002f17) x30 0x8000d7b6
core   0: 0x8000b7ba (0x843f2523) sw      gp, -1974(t5)
core   0: 3 0x8000b7ba (0x843f2523) mem 0x8000d000 0x00000001
core   0: 0x8000b7be (0x0000bfe5) c.j     pc - 8
core   0: 3 0x8000b7be (0xbfe5)
core   0: 0x8000b7b6 (0x00002f17) auipc   t5, 0x2
core   0: 3 0x8000b7b6 (0x00002f17) x30 0x8000d7b6
core   0: 0x8000b7ba (0x843f2523) sw      gp, -1974(t5)
core   0: 3 0x8000b7ba (0x843f2523) mem 0x8000d000 0x00000001
core   0: 0x8000b7be (0x0000bfe5) c.j     pc - 8
core   0: 3 0x8000b7be (0xbfe5)
core   0: 0x8000b7b6 (0x00002f17) auipc   t5, 0x2
core   0: 3 0x8000b7b6 (0x00002f17) x30 0x8000d7b6
core   0: 0x8000b7ba (0x843f2523) sw      gp, -1974(t5)
core   0: 3 0x8000b7ba (0x843f2523) mem 0x8000d000 0x00000001
core   0: 0x8000b7be (0x0000bfe5) c.j     pc - 8
core   0: 3 0x8000b7be (0xbfe5)
core   0: 0x8000b7b6 (0x00002f17) auipc   t5, 0x2
core   0: 3 0x8000b7b6 (0x00002f17) x30 0x8000d7b6
core   0: 0x8000b7ba (0x843f2523) sw      gp, -1974(t5)
core   0: 3 0x8000b7ba (0x843f2523) mem 0x8000d000 0x00000001
core   0: 0x8000b7be (0x0000bfe5) c.j     pc - 8
core   0: 3 0x8000b7be (0xbfe5)
core   0: 0x8000b7b6 (0x00002f17) auipc   t5, 0x2
core   0: 3 0x8000b7b6 (0x00002f17) x30 0x8000d7b6
core   0: 0x8000b7ba (0x843f2523) sw      gp, -1974(t5)
core   0: 3 0x8000b7ba (0x843f2523) mem 0x8000d000 0x00000001
core   0: 0x8000b7be (0x0000bfe5) c.j     pc - 8
core   0: 3 0x8000b7be (0xbfe5)
core   0: 0x8000b7b6 (0x00002f17) auipc   t5, 0x2
core   0: 3 0x8000b7b6 (0x00002f17) x30 0x8000d7b6
core   0: 0x8000b7ba (0x843f2523) sw      gp, -1974(t5)
core   0: 3 0x8000b7ba (0x843f2523) mem 0x8000d000 0x00000001
core   0: 0x8000b7be (0x0000bfe5) c.j     pc - 8
core   0: 3 0x8000b7be (0xbfe5)
core   0: 0x8000b7b6 (0x00002f17) auipc   t5, 0x2
core   0: 3 0x8000b7b6 (0x00002f17) x30 0x8000d7b6
core   0: 0x8000b7ba (0x843f2523) sw      gp, -1974(t5)
core   0: 3 0x8000b7ba (0x843f2523) mem 0x8000d000 0x00000001
core   0: 0x8000b7be (0x0000bfe5) c.j     pc - 8
core   0: 3 0x8000b7be (0xbfe5)
core   0: 0x8000b7b6 (0x00002f17) auipc   t5, 0x2
core   0: 3 0x8000b7b6 (0x00002f17) x30 0x8000d7b6
core   0: 0x8000b7ba (0x843f2523) sw      gp, -1974(t5)
core   0: 3 0x8000b7ba (0x843f2523) mem 0x8000d000 0x00000001
core   0: 0x8000b7be (0x0000bfe5) c.j     pc - 8
core   0: 3 0x8000b7be (0xbfe5)
core   0: 0x8000b7b6 (0x00002f17) auipc   t5, 0x2
core   0: 3 0x8000b7b6 (0x00002f17) x30 0x8000d7b6
core   0: 0x8000b7ba (0x843f2523) sw      gp, -1974(t5)
core   0: 3 0x8000b7ba (0x843f2523) mem 0x8000d000 0x00000001
core   0: 0x8000b7be (0x0000bfe5) c.j     pc - 8
core   0: 3 0x8000b7be (0xbfe5)
core   0: 0x8000b7b6 (0x00002f17) auipc   t5, 0x2
core   0: 3 0x8000b7b6 (0x00002f17) x30 0x8000d7b6
core   0: 0x8000b7ba (0x843f2523) sw      gp, -1974(t5)
core   0: 3 0x8000b7ba (0x843f2523) mem 0x8000d000 0x00000001
core   0: 0x8000b7be (0x0000bfe5) c.j     pc - 8
core   0: 3 0x8000b7be (0xbfe5)
core   0: 0x8000b7b6 (0x00002f17) auipc   t5, 0x2
core   0: 3 0x8000b7b6 (0x00002f17) x30 0x8000d7b6
core   0: 0x8000b7ba (0x843f2523) sw      gp, -1974(t5)
core   0: 3 0x8000b7ba (0x843f2523) mem 0x8000d000 0x00000001
core   0: 0x8000b7be (0x0000bfe5) c.j     pc - 8
core   0: 3 0x8000b7be (0xbfe5)
core   0: 0x8000b7b6 (0x00002f17) auipc   t5, 0x2
core   0: 3 0x8000b7b6 (0x00002f17) x30 0x8000d7b6
core   0: 0x8000b7ba (0x843f2523) sw      gp, -1974(t5)
core   0: 3 0x8000b7ba (0x843f2523) mem 0x8000d000 0x00000001
core   0: 0x8000b7be (0x0000bfe5) c.j     pc - 8
core   0: 3 0x8000b7be (0xbfe5)
core   0: 0x8000b7b6 (0x00002f17) auipc   t5, 0x2
core   0: 3 0x8000b7b6 (0x00002f17) x30 0x8000d7b6
core   0: 0x8000b7ba (0x843f2523) sw      gp, -1974(t5)
core   0: 3 0x8000b7ba (0x843f2523) mem 0x8000d000 0x00000001
core   0: 0x8000b7be (0x0000bfe5) c.j     pc - 8
core   0: 3 0x8000b7be (0xbfe5)
core   0: 0x8000b7b6 (0x00002f17) auipc   t5, 0x2
core   0: 3 0x8000b7b6 (0x00002f17) x30 0x8000d7b6
core   0: 0x8000b7ba (0x843f2523) sw      gp, -1974(t5)
core   0: 3 0x8000b7ba (0x843f2523) mem 0x8000d000 0x00000001
core   0: 0x8000b7be (0x0000bfe5) c.j     pc - 8
core   0: 3 0x8000b7be (0xbfe5)
core   0: 0x8000b7b6 (0x00002f17) auipc   t5, 0x2
core   0: 3 0x8000b7b6 (0x00002f17) x30 0x8000d7b6
core   0: 0x8000b7ba (0x843f2523) sw      gp, -1974(t5)
core   0: 3 0x8000b7ba (0x843f2523) mem 0x8000d000 0x00000001
core   0: 0x8000b7be (0x0000bfe5) c.j     pc - 8
core   0: 3 0x8000b7be (0xbfe5)
core   0: 0x8000b7b6 (0x00002f17) auipc   t5, 0x2
core   0: 3 0x8000b7b6 (0x00002f17) x30 0x8000d7b6
core   0: 0x8000b7ba (0x843f2523) sw      gp, -1974(t5)
core   0: 3 0x8000b7ba (0x843f2523) mem 0x8000d000 0x00000001
core   0: 0x8000b7be (0x0000bfe5) c.j     pc - 8
core   0: 3 0x8000b7be (0xbfe5)
core   0: 0x8000b7b6 (0x00002f17) auipc   t5, 0x2
core   0: 3 0x8000b7b6 (0x00002f17) x30 0x8000d7b6
core   0: 0x8000b7ba (0x843f2523) sw      gp, -1974(t5)
core   0: 3 0x8000b7ba (0x843f2523) mem 0x8000d000 0x00000001
core   0: 0x8000b7be (0x0000bfe5) c.j     pc - 8
core   0: 3 0x8000b7be (0xbfe5)
core   0: 0x8000b7b6 (0x00002f17) auipc   t5, 0x2
core   0: 3 0x8000b7b6 (0x00002f17) x30 0x8000d7b6
core   0: 0x8000b7ba (0x843f2523) sw      gp, -1974(t5)
core   0: 3 0x8000b7ba (0x843f2523) mem 0x8000d000 0x00000001
core   0: 0x8000b7be (0x0000bfe5) c.j     pc - 8
core   0: 3 0x8000b7be (0xbfe5)
core   0: 0x8000b7b6 (0x00002f17) auipc   t5, 0x2
core   0: 3 0x8000b7b6 (0x00002f17) x30 0x8000d7b6
core   0: 0x8000b7ba (0x843f2523) sw      gp, -1974(t5)
core   0: 3 0x8000b7ba (0x843f2523) mem 0x8000d000 0x00000001
core   0: 0x8000b7be (0x0000bfe5) c.j     pc - 8
core   0: 3 0x8000b7be (0xbfe5)
core   0: 0x8000b7b6 (0x00002f17) auipc   t5, 0x2
core   0: 3 0x8000b7b6 (0x00002f17) x30 0x8000d7b6
core   0: 0x8000b7ba (0x843f2523) sw      gp, -1974(t5)
core   0: 3 0x8000b7ba (0x843f2523) mem 0x8000d000 0x00000001
core   0: 0x8000b7be (0x0000bfe5) c.j     pc - 8
core   0: 3 0x8000b7be (0xbfe5)
core   0: 0x8000b7b6 (0x00002f17) auipc   t5, 0x2
core   0: 3 0x8000b7b6 (0x00002f17) x30 0x8000d7b6
core   0: 0x8000b7ba (0x843f2523) sw      gp, -1974(t5)
core   0: 3 0x8000b7ba (0x843f2523) mem 0x8000d000 0x00000001
core   0: 0x8000b7be (0x0000bfe5) c.j     pc - 8
core   0: 3 0x8000b7be (0xbfe5)
core   0: 0x8000b7b6 (0x00002f17) auipc   t5, 0x2
core   0: 3 0x8000b7b6 (0x00002f17) x30 0x8000d7b6
core   0: 0x8000b7ba (0x843f2523) sw      gp, -1974(t5)
core   0: 3 0x8000b7ba (0x843f2523) mem 0x8000d000 0x00000001
core   0: 0x8000b7be (0x0000bfe5) c.j     pc - 8
core   0: 3 0x8000b7be (0xbfe5)
core   0: 0x8000b7b6 (0x00002f17) auipc   t5, 0x2
core   0: 3 0x8000b7b6 (0x00002f17) x30 0x8000d7b6
core   0: 0x8000b7ba (0x843f2523) sw      gp, -1974(t5)
core   0: 3 0x8000b7ba (0x843f2523) mem 0x8000d000 0x00000001
core   0: 0x8000b7be (0x0000bfe5) c.j     pc - 8
core   0: 3 0x8000b7be (0xbfe5)
core   0: 0x8000b7b6 (0x00002f17) auipc   t5, 0x2
core   0: 3 0x8000b7b6 (0x00002f17) x30 0x8000d7b6
core   0: 0x8000b7ba (0x843f2523) sw      gp, -1974(t5)
core   0: 3 0x8000b7ba (0x843f2523) mem 0x8000d000 0x00000001
core   0: 0x8000b7be (0x0000bfe5) c.j     pc - 8
core   0: 3 0x8000b7be (0xbfe5)
core   0: 0x8000b7b6 (0x00002f17) auipc   t5, 0x2
core   0: 3 0x8000b7b6 (0x00002f17) x30 0x8000d7b6
core   0: 0x8000b7ba (0x843f2523) sw      gp, -1974(t5)
core   0: 3 0x8000b7ba (0x843f2523) mem 0x8000d000 0x00000001
core   0: 0x8000b7be (0x0000bfe5) c.j     pc - 8
core   0: 3 0x8000b7be (0xbfe5)
core   0: 0x8000b7b6 (0x00002f17) auipc   t5, 0x2
core   0: 3 0x8000b7b6 (0x00002f17) x30 0x8000d7b6
core   0: 0x8000b7ba (0x843f2523) sw      gp, -1974(t5)
core   0: 3 0x8000b7ba (0x843f2523) mem 0x8000d000 0x00000001
core   0: 0x8000b7be (0x0000bfe5) c.j     pc - 8
core   0: 3 0x8000b7be (0xbfe5)
core   0: 0x8000b7b6 (0x00002f17) auipc   t5, 0x2
core   0: 3 0x8000b7b6 (0x00002f17) x30 0x8000d7b6
core   0: 0x8000b7ba (0x843f2523) sw      gp, -1974(t5)
core   0: 3 0x8000b7ba (0x843f2523) mem 0x8000d000 0x00000001
core   0: 0x8000b7be (0x0000bfe5) c.j     pc - 8
core   0: 3 0x8000b7be (0xbfe5)
core   0: 0x8000b7b6 (0x00002f17) auipc   t5, 0x2
core   0: 3 0x8000b7b6 (0x00002f17) x30 0x8000d7b6
core   0: 0x8000b7ba (0x843f2523) sw      gp, -1974(t5)
core   0: 3 0x8000b7ba (0x843f2523) mem 0x8000d000 0x00000001
core   0: 0x8000b7be (0x0000bfe5) c.j     pc - 8
core   0: 3 0x8000b7be (0xbfe5)
core   0: 0x8000b7b6 (0x00002f17) auipc   t5, 0x2
core   0: 3 0x8000b7b6 (0x00002f17) x30 0x8000d7b6
core   0: 0x8000b7ba (0x843f2523) sw      gp, -1974(t5)
core   0: 3 0x8000b7ba (0x843f2523) mem 0x8000d000 0x00000001
core   0: 0x8000b7be (0x0000bfe5) c.j     pc - 8
core   0: 3 0x8000b7be (0xbfe5)
core   0: 0x8000b7b6 (0x00002f17) auipc   t5, 0x2
core   0: 3 0x8000b7b6 (0x00002f17) x30 0x8000d7b6
core   0: 0x8000b7ba (0x843f2523) sw      gp, -1974(t5)
core   0: 3 0x8000b7ba (0x843f2523) mem 0x8000d000 0x00000001
core   0: 0x8000b7be (0x0000bfe5) c.j     pc - 8
core   0: 3 0x8000b7be (0xbfe5)
core   0: 0x8000b7b6 (0x00002f17) auipc   t5, 0x2
core   0: 3 0x8000b7b6 (0x00002f17) x30 0x8000d7b6
core   0: 0x8000b7ba (0x843f2523) sw      gp, -1974(t5)
core   0: 3 0x8000b7ba (0x843f2523) mem 0x8000d000 0x00000001
core   0: 0x8000b7be (0x0000bfe5) c.j     pc - 8
core   0: 3 0x8000b7be (0xbfe5)
core   0: 0x8000b7b6 (0x00002f17) auipc   t5, 0x2
core   0: 3 0x8000b7b6 (0x00002f17) x30 0x8000d7b6
core   0: 0x8000b7ba (0x843f2523) sw      gp, -1974(t5)
core   0: 3 0x8000b7ba (0x843f2523) mem 0x8000d000 0x00000001
core   0: 0x8000b7be (0x0000bfe5) c.j     pc - 8
core   0: 3 0x8000b7be (0xbfe5)
core   0: 0x8000b7b6 (0x00002f17) auipc   t5, 0x2
core   0: 3 0x8000b7b6 (0x00002f17) x30 0x8000d7b6
core   0: 0x8000b7ba (0x843f2523) sw      gp, -1974(t5)
core   0: 3 0x8000b7ba (0x843f2523) mem 0x8000d000 0x00000001
core   0: 0x8000b7be (0x0000bfe5) c.j     pc - 8
core   0: 3 0x8000b7be (0xbfe5)
core   0: 0x8000b7b6 (0x00002f17) auipc   t5, 0x2
core   0: 3 0x8000b7b6 (0x00002f17) x30 0x8000d7b6
core   0: 0x8000b7ba (0x843f2523) sw      gp, -1974(t5)
core   0: 3 0x8000b7ba (0x843f2523) mem 0x8000d000 0x00000001
core   0: 0x8000b7be (0x0000bfe5) c.j     pc - 8
core   0: 3 0x8000b7be (0xbfe5)
core   0: 0x8000b7b6 (0x00002f17) auipc   t5, 0x2
core   0: 3 0x8000b7b6 (0x00002f17) x30 0x8000d7b6
core   0: 0x8000b7ba (0x843f2523) sw      gp, -1974(t5)
core   0: 3 0x8000b7ba (0x843f2523) mem 0x8000d000 0x00000001
core   0: 0x8000b7be (0x0000bfe5) c.j     pc - 8
core   0: 3 0x8000b7be (0xbfe5)
core   0: 0x8000b7b6 (0x00002f17) auipc   t5, 0x2
core   0: 3 0x8000b7b6 (0x00002f17) x30 0x8000d7b6
core   0: 0x8000b7ba (0x843f2523) sw      gp, -1974(t5)
core   0: 3 0x8000b7ba (0x843f2523) mem 0x8000d000 0x00000001
core   0: 0x8000b7be (0x0000bfe5) c.j     pc - 8
core   0: 3 0x8000b7be (0xbfe5)
core   0: 0x8000b7b6 (0x00002f17) auipc   t5, 0x2
core   0: 3 0x8000b7b6 (0x00002f17) x30 0x8000d7b6
core   0: 0x8000b7ba (0x843f2523) sw      gp, -1974(t5)
core   0: 3 0x8000b7ba (0x843f2523) mem 0x8000d000 0x00000001
core   0: 0x8000b7be (0x0000bfe5) c.j     pc - 8
core   0: 3 0x8000b7be (0xbfe5)
core   0: 0x8000b7b6 (0x00002f17) auipc   t5, 0x2
core   0: 3 0x8000b7b6 (0x00002f17) x30 0x8000d7b6
core   0: 0x8000b7ba (0x843f2523) sw      gp, -1974(t5)
core   0: 3 0x8000b7ba (0x843f2523) mem 0x8000d000 0x00000001
core   0: 0x8000b7be (0x0000bfe5) c.j     pc - 8
core   0: 3 0x8000b7be (0xbfe5)
core   0: 0x8000b7b6 (0x00002f17) auipc   t5, 0x2
core   0: 3 0x8000b7b6 (0x00002f17) x30 0x8000d7b6
core   0: 0x8000b7ba (0x843f2523) sw      gp, -1974(t5)
core   0: 3 0x8000b7ba (0x843f2523) mem 0x8000d000 0x00000001
core   0: 0x8000b7be (0x0000bfe5) c.j     pc - 8
core   0: 3 0x8000b7be (0xbfe5)
core   0: 0x8000b7b6 (0x00002f17) auipc   t5, 0x2
core   0: 3 0x8000b7b6 (0x00002f17) x30 0x8000d7b6
core   0: 0x8000b7ba (0x843f2523) sw      gp, -1974(t5)
core   0: 3 0x8000b7ba (0x843f2523) mem 0x8000d000 0x00000001
core   0: 0x8000b7be (0x0000bfe5) c.j     pc - 8
core   0: 3 0x8000b7be (0xbfe5)
core   0: 0x8000b7b6 (0x00002f17) auipc   t5, 0x2
core   0: 3 0x8000b7b6 (0x00002f17) x30 0x8000d7b6
core   0: 0x8000b7ba (0x843f2523) sw      gp, -1974(t5)
core   0: 3 0x8000b7ba (0x843f2523) mem 0x8000d000 0x00000001
core   0: 0x8000b7be (0x0000bfe5) c.j     pc - 8
core   0: 3 0x8000b7be (0xbfe5)
core   0: 0x8000b7b6 (0x00002f17) auipc   t5, 0x2
core   0: 3 0x8000b7b6 (0x00002f17) x30 0x8000d7b6
core   0: 0x8000b7ba (0x843f2523) sw      gp, -1974(t5)
core   0: 3 0x8000b7ba (0x843f2523) mem 0x8000d000 0x00000001
core   0: 0x8000b7be (0x0000bfe5) c.j     pc - 8
core   0: 3 0x8000b7be (0xbfe5)
core   0: 0x8000b7b6 (0x00002f17) auipc   t5, 0x2
core   0: 3 0x8000b7b6 (0x00002f17) x30 0x8000d7b6
core   0: 0x8000b7ba (0x843f2523) sw      gp, -1974(t5)
core   0: 3 0x8000b7ba (0x843f2523) mem 0x8000d000 0x00000001
core   0: 0x8000b7be (0x0000bfe5) c.j     pc - 8
core   0: 3 0x8000b7be (0xbfe5)
core   0: 0x8000b7b6 (0x00002f17) auipc   t5, 0x2
core   0: 3 0x8000b7b6 (0x00002f17) x30 0x8000d7b6
core   0: 0x8000b7ba (0x843f2523) sw      gp, -1974(t5)
core   0: 3 0x8000b7ba (0x843f2523) mem 0x8000d000 0x00000001
core   0: 0x8000b7be (0x0000bfe5) c.j     pc - 8
core   0: 3 0x8000b7be (0xbfe5)
core   0: 0x8000b7b6 (0x00002f17) auipc   t5, 0x2
core   0: 3 0x8000b7b6 (0x00002f17) x30 0x8000d7b6
core   0: 0x8000b7ba (0x843f2523) sw      gp, -1974(t5)
core   0: 3 0x8000b7ba (0x843f2523) mem 0x8000d000 0x00000001
core   0: 0x8000b7be (0x0000bfe5) c.j     pc - 8
core   0: 3 0x8000b7be (0xbfe5)
core   0: 0x8000b7b6 (0x00002f17) auipc   t5, 0x2
core   0: 3 0x8000b7b6 (0x00002f17) x30 0x8000d7b6
core   0: 0x8000b7ba (0x843f2523) sw      gp, -1974(t5)
core   0: 3 0x8000b7ba (0x843f2523) mem 0x8000d000 0x00000001
core   0: 0x8000b7be (0x0000bfe5) c.j     pc - 8
core   0: 3 0x8000b7be (0xbfe5)
core   0: 0x8000b7b6 (0x00002f17) auipc   t5, 0x2
core   0: 3 0x8000b7b6 (0x00002f17) x30 0x8000d7b6
core   0: 0x8000b7ba (0x843f2523) sw      gp, -1974(t5)
core   0: 3 0x8000b7ba (0x843f2523) mem 0x8000d000 0x00000001
core   0: 0x8000b7be (0x0000bfe5) c.j     pc - 8
core   0: 3 0x8000b7be (0xbfe5)
core   0: 0x8000b7b6 (0x00002f17) auipc   t5, 0x2
core   0: 3 0x8000b7b6 (0x00002f17) x30 0x8000d7b6
core   0: 0x8000b7ba (0x843f2523) sw      gp, -1974(t5)
core   0: 3 0x8000b7ba (0x843f2523) mem 0x8000d000 0x00000001
core   0: 0x8000b7be (0x0000bfe5) c.j     pc - 8
core   0: 3 0x8000b7be (0xbfe5)
core   0: 0x8000b7b6 (0x00002f17) auipc   t5, 0x2
core   0: 3 0x8000b7b6 (0x00002f17) x30 0x8000d7b6
core   0: 0x8000b7ba (0x843f2523) sw      gp, -1974(t5)
core   0: 3 0x8000b7ba (0x843f2523) mem 0x8000d000 0x00000001
core   0: 0x8000b7be (0x0000bfe5) c.j     pc - 8
core   0: 3 0x8000b7be (0xbfe5)
core   0: 0x8000b7b6 (0x00002f17) auipc   t5, 0x2
core   0: 3 0x8000b7b6 (0x00002f17) x30 0x8000d7b6
core   0: 0x8000b7ba (0x843f2523) sw      gp, -1974(t5)
core   0: 3 0x8000b7ba (0x843f2523) mem 0x8000d000 0x00000001
core   0: 0x8000b7be (0x0000bfe5) c.j     pc - 8
core   0: 3 0x8000b7be (0xbfe5)
core   0: 0x8000b7b6 (0x00002f17) auipc   t5, 0x2
core   0: 3 0x8000b7b6 (0x00002f17) x30 0x8000d7b6
core   0: 0x8000b7ba (0x843f2523) sw      gp, -1974(t5)
core   0: 3 0x8000b7ba (0x843f2523) mem 0x8000d000 0x00000001
core   0: 0x8000b7be (0x0000bfe5) c.j     pc - 8
core   0: 3 0x8000b7be (0xbfe5)
core   0: 0x8000b7b6 (0x00002f17) auipc   t5, 0x2
core   0: 3 0x8000b7b6 (0x00002f17) x30 0x8000d7b6
core   0: 0x8000b7ba (0x843f2523) sw      gp, -1974(t5)
core   0: 3 0x8000b7ba (0x843f2523) mem 0x8000d000 0x00000001
core   0: 0x8000b7be (0x0000bfe5) c.j     pc - 8
core   0: 3 0x8000b7be (0xbfe5)
core   0: 0x8000b7b6 (0x00002f17) auipc   t5, 0x2
core   0: 3 0x8000b7b6 (0x00002f17) x30 0x8000d7b6
core   0: 0x8000b7ba (0x843f2523) sw      gp, -1974(t5)
core   0: 3 0x8000b7ba (0x843f2523) mem 0x8000d000 0x00000001
core   0: 0x8000b7be (0x0000bfe5) c.j     pc - 8
core   0: 3 0x8000b7be (0xbfe5)
core   0: 0x8000b7b6 (0x00002f17) auipc   t5, 0x2
core   0: 3 0x8000b7b6 (0x00002f17) x30 0x8000d7b6
core   0: 0x8000b7ba (0x843f2523) sw      gp, -1974(t5)
core   0: 3 0x8000b7ba (0x843f2523) mem 0x8000d000 0x00000001
core   0: 0x8000b7be (0x0000bfe5) c.j     pc - 8
core   0: 3 0x8000b7be (0xbfe5)
core   0: 0x8000b7b6 (0x00002f17) auipc   t5, 0x2
core   0: 3 0x8000b7b6 (0x00002f17) x30 0x8000d7b6
core   0: 0x8000b7ba (0x843f2523) sw      gp, -1974(t5)
core   0: 3 0x8000b7ba (0x843f2523) mem 0x8000d000 0x00000001
core   0: 0x8000b7be (0x0000bfe5) c.j     pc - 8
core   0: 3 0x8000b7be (0xbfe5)
core   0: 0x8000b7b6 (0x00002f17) auipc   t5, 0x2
core   0: 3 0x8000b7b6 (0x00002f17) x30 0x8000d7b6
core   0: 0x8000b7ba (0x843f2523) sw      gp, -1974(t5)
core   0: 3 0x8000b7ba (0x843f2523) mem 0x8000d000 0x00000001
core   0: 0x8000b7be (0x0000bfe5) c.j     pc - 8
core   0: 3 0x8000b7be (0xbfe5)
core   0: 0x8000b7b6 (0x00002f17) auipc   t5, 0x2
core   0: 3 0x8000b7b6 (0x00002f17) x30 0x8000d7b6
core   0: 0x8000b7ba (0x843f2523) sw      gp, -1974(t5)
core   0: 3 0x8000b7ba (0x843f2523) mem 0x8000d000 0x00000001
core   0: 0x8000b7be (0x0000bfe5) c.j     pc - 8
core   0: 3 0x8000b7be (0xbfe5)
core   0: 0x8000b7b6 (0x00002f17) auipc   t5, 0x2
core   0: 3 0x8000b7b6 (0x00002f17) x30 0x8000d7b6
core   0: 0x8000b7ba (0x843f2523) sw      gp, -1974(t5)
core   0: 3 0x8000b7ba (0x843f2523) mem 0x8000d000 0x00000001
core   0: 0x8000b7be (0x0000bfe5) c.j     pc - 8
core   0: 3 0x8000b7be (0xbfe5)
core   0: 0x8000b7b6 (0x00002f17) auipc   t5, 0x2
core   0: 3 0x8000b7b6 (0x00002f17) x30 0x8000d7b6
core   0: 0x8000b7ba (0x843f2523) sw      gp, -1974(t5)
core   0: 3 0x8000b7ba (0x843f2523) mem 0x8000d000 0x00000001
core   0: 0x8000b7be (0x0000bfe5) c.j     pc - 8
core   0: 3 0x8000b7be (0xbfe5)
core   0: 0x8000b7b6 (0x00002f17) auipc   t5, 0x2
core   0: 3 0x8000b7b6 (0x00002f17) x30 0x8000d7b6
core   0: 0x8000b7ba (0x843f2523) sw      gp, -1974(t5)
core   0: 3 0x8000b7ba (0x843f2523) mem 0x8000d000 0x00000001
core   0: 0x8000b7be (0x0000bfe5) c.j     pc - 8
core   0: 3 0x8000b7be (0xbfe5)
core   0: 0x8000b7b6 (0x00002f17) auipc   t5, 0x2
core   0: 3 0x8000b7b6 (0x00002f17) x30 0x8000d7b6
core   0: 0x8000b7ba (0x843f2523) sw      gp, -1974(t5)
core   0: 3 0x8000b7ba (0x843f2523) mem 0x8000d000 0x00000001
core   0: 0x8000b7be (0x0000bfe5) c.j     pc - 8
core   0: 3 0x8000b7be (0xbfe5)
core   0: 0x8000b7b6 (0x00002f17) auipc   t5, 0x2
core   0: 3 0x8000b7b6 (0x00002f17) x30 0x8000d7b6
core   0: 0x8000b7ba (0x843f2523) sw      gp, -1974(t5)
core   0: 3 0x8000b7ba (0x843f2523) mem 0x8000d000 0x00000001
core   0: 0x8000b7be (0x0000bfe5) c.j     pc - 8
core   0: 3 0x8000b7be (0xbfe5)
core   0: 0x8000b7b6 (0x00002f17) auipc   t5, 0x2
core   0: 3 0x8000b7b6 (0x00002f17) x30 0x8000d7b6
core   0: 0x8000b7ba (0x843f2523) sw      gp, -1974(t5)
core   0: 3 0x8000b7ba (0x843f2523) mem 0x8000d000 0x00000001
core   0: 0x8000b7be (0x0000bfe5) c.j     pc - 8
core   0: 3 0x8000b7be (0xbfe5)
core   0: 0x8000b7b6 (0x00002f17) auipc   t5, 0x2
core   0: 3 0x8000b7b6 (0x00002f17) x30 0x8000d7b6
core   0: 0x8000b7ba (0x843f2523) sw      gp, -1974(t5)
core   0: 3 0x8000b7ba (0x843f2523) mem 0x8000d000 0x00000001
core   0: 0x8000b7be (0x0000bfe5) c.j     pc - 8
core   0: 3 0x8000b7be (0xbfe5)
core   0: 0x8000b7b6 (0x00002f17) auipc   t5, 0x2
core   0: 3 0x8000b7b6 (0x00002f17) x30 0x8000d7b6
core   0: 0x8000b7ba (0x843f2523) sw      gp, -1974(t5)
core   0: 3 0x8000b7ba (0x843f2523) mem 0x8000d000 0x00000001
core   0: 0x8000b7be (0x0000bfe5) c.j     pc - 8
core   0: 3 0x8000b7be (0xbfe5)
core   0: 0x8000b7b6 (0x00002f17) auipc   t5, 0x2
core   0: 3 0x8000b7b6 (0x00002f17) x30 0x8000d7b6
core   0: 0x8000b7ba (0x843f2523) sw      gp, -1974(t5)
core   0: 3 0x8000b7ba (0x843f2523) mem 0x8000d000 0x00000001
core   0: 0x8000b7be (0x0000bfe5) c.j     pc - 8
core   0: 3 0x8000b7be (0xbfe5)
core   0: 0x8000b7b6 (0x00002f17) auipc   t5, 0x2
core   0: 3 0x8000b7b6 (0x00002f17) x30 0x8000d7b6
core   0: 0x8000b7ba (0x843f2523) sw      gp, -1974(t5)
core   0: 3 0x8000b7ba (0x843f2523) mem 0x8000d000 0x00000001
core   0: 0x8000b7be (0x0000bfe5) c.j     pc - 8
core   0: 3 0x8000b7be (0xbfe5)
core   0: 0x8000b7b6 (0x00002f17) auipc   t5, 0x2
core   0: 3 0x8000b7b6 (0x00002f17) x30 0x8000d7b6
core   0: 0x8000b7ba (0x843f2523) sw      gp, -1974(t5)
core   0: 3 0x8000b7ba (0x843f2523) mem 0x8000d000 0x00000001
core   0: 0x8000b7be (0x0000bfe5) c.j     pc - 8
core   0: 3 0x8000b7be (0xbfe5)
core   0: 0x8000b7b6 (0x00002f17) auipc   t5, 0x2
core   0: 3 0x8000b7b6 (0x00002f17) x30 0x8000d7b6
core   0: 0x8000b7ba (0x843f2523) sw      gp, -1974(t5)
core   0: 3 0x8000b7ba (0x843f2523) mem 0x8000d000 0x00000001
core   0: 0x8000b7be (0x0000bfe5) c.j     pc - 8
core   0: 3 0x8000b7be (0xbfe5)
core   0: 0x8000b7b6 (0x00002f17) auipc   t5, 0x2
core   0: 3 0x8000b7b6 (0x00002f17) x30 0x8000d7b6
core   0: 0x8000b7ba (0x843f2523) sw      gp, -1974(t5)
core   0: 3 0x8000b7ba (0x843f2523) mem 0x8000d000 0x00000001
core   0: 0x8000b7be (0x0000bfe5) c.j     pc - 8
core   0: 3 0x8000b7be (0xbfe5)
core   0: 0x8000b7b6 (0x00002f17) auipc   t5, 0x2
core   0: 3 0x8000b7b6 (0x00002f17) x30 0x8000d7b6
core   0: 0x8000b7ba (0x843f2523) sw      gp, -1974(t5)
core   0: 3 0x8000b7ba (0x843f2523) mem 0x8000d000 0x00000001
core   0: 0x8000b7be (0x0000bfe5) c.j     pc - 8
core   0: 3 0x8000b7be (0xbfe5)
core   0: 0x8000b7b6 (0x00002f17) auipc   t5, 0x2
core   0: 3 0x8000b7b6 (0x00002f17) x30 0x8000d7b6
core   0: 0x8000b7ba (0x843f2523) sw      gp, -1974(t5)
core   0: 3 0x8000b7ba (0x843f2523) mem 0x8000d000 0x00000001
core   0: 0x8000b7be (0x0000bfe5) c.j     pc - 8
core   0: 3 0x8000b7be (0xbfe5)
core   0: 0x8000b7b6 (0x00002f17) auipc   t5, 0x2
core   0: 3 0x8000b7b6 (0x00002f17) x30 0x8000d7b6
core   0: 0x8000b7ba (0x843f2523) sw      gp, -1974(t5)
core   0: 3 0x8000b7ba (0x843f2523) mem 0x8000d000 0x00000001
core   0: 0x8000b7be (0x0000bfe5) c.j     pc - 8
core   0: 3 0x8000b7be (0xbfe5)
core   0: 0x8000b7b6 (0x00002f17) auipc   t5, 0x2
core   0: 3 0x8000b7b6 (0x00002f17) x30 0x8000d7b6
core   0: 0x8000b7ba (0x843f2523) sw      gp, -1974(t5)
core   0: 3 0x8000b7ba (0x843f2523) mem 0x8000d000 0x00000001
core   0: 0x8000b7be (0x0000bfe5) c.j     pc - 8
core   0: 3 0x8000b7be (0xbfe5)
core   0: 0x8000b7b6 (0x00002f17) auipc   t5, 0x2
core   0: 3 0x8000b7b6 (0x00002f17) x30 0x8000d7b6
core   0: 0x8000b7ba (0x843f2523) sw      gp, -1974(t5)
core   0: 3 0x8000b7ba (0x843f2523) mem 0x8000d000 0x00000001
core   0: 0x8000b7be (0x0000bfe5) c.j     pc - 8
core   0: 3 0x8000b7be (0xbfe5)
core   0: 0x8000b7b6 (0x00002f17) auipc   t5, 0x2
core   0: 3 0x8000b7b6 (0x00002f17) x30 0x8000d7b6
core   0: 0x8000b7ba (0x843f2523) sw      gp, -1974(t5)
core   0: 3 0x8000b7ba (0x843f2523) mem 0x8000d000 0x00000001
core   0: 0x8000b7be (0x0000bfe5) c.j     pc - 8
core   0: 3 0x8000b7be (0xbfe5)
core   0: 0x8000b7b6 (0x00002f17) auipc   t5, 0x2
core   0: 3 0x8000b7b6 (0x00002f17) x30 0x8000d7b6
core   0: 0x8000b7ba (0x843f2523) sw      gp, -1974(t5)
core   0: 3 0x8000b7ba (0x843f2523) mem 0x8000d000 0x00000001
core   0: 0x8000b7be (0x0000bfe5) c.j     pc - 8
core   0: 3 0x8000b7be (0xbfe5)
core   0: 0x8000b7b6 (0x00002f17) auipc   t5, 0x2
core   0: 3 0x8000b7b6 (0x00002f17) x30 0x8000d7b6
core   0: 0x8000b7ba (0x843f2523) sw      gp, -1974(t5)
core   0: 3 0x8000b7ba (0x843f2523) mem 0x8000d000 0x00000001
core   0: 0x8000b7be (0x0000bfe5) c.j     pc - 8
core   0: 3 0x8000b7be (0xbfe5)
core   0: 0x8000b7b6 (0x00002f17) auipc   t5, 0x2
core   0: 3 0x8000b7b6 (0x00002f17) x30 0x8000d7b6
core   0: 0x8000b7ba (0x843f2523) sw      gp, -1974(t5)
core   0: 3 0x8000b7ba (0x843f2523) mem 0x8000d000 0x00000001
core   0: 0x8000b7be (0x0000bfe5) c.j     pc - 8
core   0: 3 0x8000b7be (0xbfe5)
core   0: 0x8000b7b6 (0x00002f17) auipc   t5, 0x2
core   0: 3 0x8000b7b6 (0x00002f17) x30 0x8000d7b6
core   0: 0x8000b7ba (0x843f2523) sw      gp, -1974(t5)
core   0: 3 0x8000b7ba (0x843f2523) mem 0x8000d000 0x00000001
core   0: 0x8000b7be (0x0000bfe5) c.j     pc - 8
core   0: 3 0x8000b7be (0xbfe5)
core   0: 0x8000b7b6 (0x00002f17) auipc   t5, 0x2
core   0: 3 0x8000b7b6 (0x00002f17) x30 0x8000d7b6
core   0: 0x8000b7ba (0x843f2523) sw      gp, -1974(t5)
core   0: 3 0x8000b7ba (0x843f2523) mem 0x8000d000 0x00000001
core   0: 0x8000b7be (0x0000bfe5) c.j     pc - 8
core   0: 3 0x8000b7be (0xbfe5)
core   0: 0x8000b7b6 (0x00002f17) auipc   t5, 0x2
core   0: 3 0x8000b7b6 (0x00002f17) x30 0x8000d7b6
core   0: 0x8000b7ba (0x843f2523) sw      gp, -1974(t5)
core   0: 3 0x8000b7ba (0x843f2523) mem 0x8000d000 0x00000001
core   0: 0x8000b7be (0x0000bfe5) c.j     pc - 8
core   0: 3 0x8000b7be (0xbfe5)
core   0: 0x8000b7b6 (0x00002f17) auipc   t5, 0x2
core   0: 3 0x8000b7b6 (0x00002f17) x30 0x8000d7b6
core   0: 0x8000b7ba (0x843f2523) sw      gp, -1974(t5)
core   0: 3 0x8000b7ba (0x843f2523) mem 0x8000d000 0x00000001
core   0: 0x8000b7be (0x0000bfe5) c.j     pc - 8
core   0: 3 0x8000b7be (0xbfe5)
core   0: 0x8000b7b6 (0x00002f17) auipc   t5, 0x2
core   0: 3 0x8000b7b6 (0x00002f17) x30 0x8000d7b6
core   0: 0x8000b7ba (0x843f2523) sw      gp, -1974(t5)
core   0: 3 0x8000b7ba (0x843f2523) mem 0x8000d000 0x00000001
core   0: 0x8000b7be (0x0000bfe5) c.j     pc - 8
core   0: 3 0x8000b7be (0xbfe5)
core   0: 0x8000b7b6 (0x00002f17) auipc   t5, 0x2
core   0: 3 0x8000b7b6 (0x00002f17) x30 0x8000d7b6
core   0: 0x8000b7ba (0x843f2523) sw      gp, -1974(t5)
core   0: 3 0x8000b7ba (0x843f2523) mem 0x8000d000 0x00000001
core   0: 0x8000b7be (0x0000bfe5) c.j     pc - 8
core   0: 3 0x8000b7be (0xbfe5)
core   0: 0x8000b7b6 (0x00002f17) auipc   t5, 0x2
core   0: 3 0x8000b7b6 (0x00002f17) x30 0x8000d7b6
core   0: 0x8000b7ba (0x843f2523) sw      gp, -1974(t5)
core   0: 3 0x8000b7ba (0x843f2523) mem 0x8000d000 0x00000001
core   0: 0x8000b7be (0x0000bfe5) c.j     pc - 8
core   0: 3 0x8000b7be (0xbfe5)
core   0: 0x8000b7b6 (0x00002f17) auipc   t5, 0x2
core   0: 3 0x8000b7b6 (0x00002f17) x30 0x8000d7b6
core   0: 0x8000b7ba (0x843f2523) sw      gp, -1974(t5)
core   0: 3 0x8000b7ba (0x843f2523) mem 0x8000d000 0x00000001
core   0: 0x8000b7be (0x0000bfe5) c.j     pc - 8
core   0: 3 0x8000b7be (0xbfe5)
core   0: 0x8000b7b6 (0x00002f17) auipc   t5, 0x2
core   0: 3 0x8000b7b6 (0x00002f17) x30 0x8000d7b6
core   0: 0x8000b7ba (0x843f2523) sw      gp, -1974(t5)
core   0: 3 0x8000b7ba (0x843f2523) mem 0x8000d000 0x00000001
core   0: 0x8000b7be (0x0000bfe5) c.j     pc - 8
core   0: 3 0x8000b7be (0xbfe5)
core   0: 0x8000b7b6 (0x00002f17) auipc   t5, 0x2
core   0: 3 0x8000b7b6 (0x00002f17) x30 0x8000d7b6
core   0: 0x8000b7ba (0x843f2523) sw      gp, -1974(t5)
core   0: 3 0x8000b7ba (0x843f2523) mem 0x8000d000 0x00000001
core   0: 0x8000b7be (0x0000bfe5) c.j     pc - 8
core   0: 3 0x8000b7be (0xbfe5)
core   0: 0x8000b7b6 (0x00002f17) auipc   t5, 0x2
core   0: 3 0x8000b7b6 (0x00002f17) x30 0x8000d7b6
core   0: 0x8000b7ba (0x843f2523) sw      gp, -1974(t5)
core   0: 3 0x8000b7ba (0x843f2523) mem 0x8000d000 0x00000001
core   0: 0x8000b7be (0x0000bfe5) c.j     pc - 8
core   0: 3 0x8000b7be (0xbfe5)
core   0: 0x8000b7b6 (0x00002f17) auipc   t5, 0x2
core   0: 3 0x8000b7b6 (0x00002f17) x30 0x8000d7b6
core   0: 0x8000b7ba (0x843f2523) sw      gp, -1974(t5)
core   0: 3 0x8000b7ba (0x843f2523) mem 0x8000d000 0x00000001
core   0: 0x8000b7be (0x0000bfe5) c.j     pc - 8
core   0: 3 0x8000b7be (0xbfe5)
core   0: 0x8000b7b6 (0x00002f17) auipc   t5, 0x2
core   0: 3 0x8000b7b6 (0x00002f17) x30 0x8000d7b6
core   0: 0x8000b7ba (0x843f2523) sw      gp, -1974(t5)
core   0: 3 0x8000b7ba (0x843f2523) mem 0x8000d000 0x00000001
core   0: 0x8000b7be (0x0000bfe5) c.j     pc - 8
core   0: 3 0x8000b7be (0xbfe5)
core   0: 0x8000b7b6 (0x00002f17) auipc   t5, 0x2
core   0: 3 0x8000b7b6 (0x00002f17) x30 0x8000d7b6
core   0: 0x8000b7ba (0x843f2523) sw      gp, -1974(t5)
core   0: 3 0x8000b7ba (0x843f2523) mem 0x8000d000 0x00000001
core   0: 0x8000b7be (0x0000bfe5) c.j     pc - 8
core   0: 3 0x8000b7be (0xbfe5)
core   0: 0x8000b7b6 (0x00002f17) auipc   t5, 0x2
core   0: 3 0x8000b7b6 (0x00002f17) x30 0x8000d7b6
core   0: 0x8000b7ba (0x843f2523) sw      gp, -1974(t5)
core   0: 3 0x8000b7ba (0x843f2523) mem 0x8000d000 0x00000001
core   0: 0x8000b7be (0x0000bfe5) c.j     pc - 8
core   0: 3 0x8000b7be (0xbfe5)
core   0: 0x8000b7b6 (0x00002f17) auipc   t5, 0x2
core   0: 3 0x8000b7b6 (0x00002f17) x30 0x8000d7b6
core   0: 0x8000b7ba (0x843f2523) sw      gp, -1974(t5)
core   0: 3 0x8000b7ba (0x843f2523) mem 0x8000d000 0x00000001
core   0: 0x8000b7be (0x0000bfe5) c.j     pc - 8
core   0: 3 0x8000b7be (0xbfe5)
core   0: 0x8000b7b6 (0x00002f17) auipc   t5, 0x2
core   0: 3 0x8000b7b6 (0x00002f17) x30 0x8000d7b6
core   0: 0x8000b7ba (0x843f2523) sw      gp, -1974(t5)
core   0: 3 0x8000b7ba (0x843f2523) mem 0x8000d000 0x00000001
core   0: 0x8000b7be (0x0000bfe5) c.j     pc - 8
core   0: 3 0x8000b7be (0xbfe5)
core   0: 0x8000b7b6 (0x00002f17) auipc   t5, 0x2
core   0: 3 0x8000b7b6 (0x00002f17) x30 0x8000d7b6
core   0: 0x8000b7ba (0x843f2523) sw      gp, -1974(t5)
core   0: 3 0x8000b7ba (0x843f2523) mem 0x8000d000 0x00000001
core   0: 0x8000b7be (0x0000bfe5) c.j     pc - 8
core   0: 3 0x8000b7be (0xbfe5)
core   0: 0x8000b7b6 (0x00002f17) auipc   t5, 0x2
core   0: 3 0x8000b7b6 (0x00002f17) x30 0x8000d7b6
core   0: 0x8000b7ba (0x843f2523) sw      gp, -1974(t5)
core   0: 3 0x8000b7ba (0x843f2523) mem 0x8000d000 0x00000001
core   0: 0x8000b7be (0x0000bfe5) c.j     pc - 8
core   0: 3 0x8000b7be (0xbfe5)
core   0: 0x8000b7b6 (0x00002f17) auipc   t5, 0x2
core   0: 3 0x8000b7b6 (0x00002f17) x30 0x8000d7b6
core   0: 0x8000b7ba (0x843f2523) sw      gp, -1974(t5)
core   0: 3 0x8000b7ba (0x843f2523) mem 0x8000d000 0x00000001
core   0: 0x8000b7be (0x0000bfe5) c.j     pc - 8
core   0: 3 0x8000b7be (0xbfe5)
core   0: 0x8000b7b6 (0x00002f17) auipc   t5, 0x2
core   0: 3 0x8000b7b6 (0x00002f17) x30 0x8000d7b6
core   0: 0x8000b7ba (0x843f2523) sw      gp, -1974(t5)
core   0: 3 0x8000b7ba (0x843f2523) mem 0x8000d000 0x00000001
core   0: 0x8000b7be (0x0000bfe5) c.j     pc - 8
core   0: 3 0x8000b7be (0xbfe5)
core   0: 0x8000b7b6 (0x00002f17) auipc   t5, 0x2
core   0: 3 0x8000b7b6 (0x00002f17) x30 0x8000d7b6
core   0: 0x8000b7ba (0x843f2523) sw      gp, -1974(t5)
core   0: 3 0x8000b7ba (0x843f2523) mem 0x8000d000 0x00000001
core   0: 0x8000b7be (0x0000bfe5) c.j     pc - 8
core   0: 3 0x8000b7be (0xbfe5)
core   0: 0x8000b7b6 (0x00002f17) auipc   t5, 0x2
core   0: 3 0x8000b7b6 (0x00002f17) x30 0x8000d7b6
core   0: 0x8000b7ba (0x843f2523) sw      gp, -1974(t5)
core   0: 3 0x8000b7ba (0x843f2523) mem 0x8000d000 0x00000001
core   0: 0x8000b7be (0x0000bfe5) c.j     pc - 8
core   0: 3 0x8000b7be (0xbfe5)
core   0: 0x8000b7b6 (0x00002f17) auipc   t5, 0x2
core   0: 3 0x8000b7b6 (0x00002f17) x30 0x8000d7b6
core   0: 0x8000b7ba (0x843f2523) sw      gp, -1974(t5)
core   0: 3 0x8000b7ba (0x843f2523) mem 0x8000d000 0x00000001
core   0: 0x8000b7be (0x0000bfe5) c.j     pc - 8
core   0: 3 0x8000b7be (0xbfe5)
core   0: 0x8000b7b6 (0x00002f17) auipc   t5, 0x2
core   0: 3 0x8000b7b6 (0x00002f17) x30 0x8000d7b6
core   0: 0x8000b7ba (0x843f2523) sw      gp, -1974(t5)
core   0: 3 0x8000b7ba (0x843f2523) mem 0x8000d000 0x00000001
core   0: 0x8000b7be (0x0000bfe5) c.j     pc - 8
core   0: 3 0x8000b7be (0xbfe5)
core   0: 0x8000b7b6 (0x00002f17) auipc   t5, 0x2
core   0: 3 0x8000b7b6 (0x00002f17) x30 0x8000d7b6
core   0: 0x8000b7ba (0x843f2523) sw      gp, -1974(t5)
core   0: 3 0x8000b7ba (0x843f2523) mem 0x8000d000 0x00000001
core   0: 0x8000b7be (0x0000bfe5) c.j     pc - 8
core   0: 3 0x8000b7be (0xbfe5)
core   0: 0x8000b7b6 (0x00002f17) auipc   t5, 0x2
core   0: 3 0x8000b7b6 (0x00002f17) x30 0x8000d7b6
core   0: 0x8000b7ba (0x843f2523) sw      gp, -1974(t5)
core   0: 3 0x8000b7ba (0x843f2523) mem 0x8000d000 0x00000001
core   0: 0x8000b7be (0x0000bfe5) c.j     pc - 8
core   0: 3 0x8000b7be (0xbfe5)
core   0: 0x8000b7b6 (0x00002f17) auipc   t5, 0x2
core   0: 3 0x8000b7b6 (0x00002f17) x30 0x8000d7b6
core   0: 0x8000b7ba (0x843f2523) sw      gp, -1974(t5)
core   0: 3 0x8000b7ba (0x843f2523) mem 0x8000d000 0x00000001
core   0: 0x8000b7be (0x0000bfe5) c.j     pc - 8
core   0: 3 0x8000b7be (0xbfe5)
core   0: 0x8000b7b6 (0x00002f17) auipc   t5, 0x2
core   0: 3 0x8000b7b6 (0x00002f17) x30 0x8000d7b6
core   0: 0x8000b7ba (0x843f2523) sw      gp, -1974(t5)
core   0: 3 0x8000b7ba (0x843f2523) mem 0x8000d000 0x00000001
core   0: 0x8000b7be (0x0000bfe5) c.j     pc - 8
core   0: 3 0x8000b7be (0xbfe5)
core   0: 0x8000b7b6 (0x00002f17) auipc   t5, 0x2
core   0: 3 0x8000b7b6 (0x00002f17) x30 0x8000d7b6
core   0: 0x8000b7ba (0x843f2523) sw      gp, -1974(t5)
core   0: 3 0x8000b7ba (0x843f2523) mem 0x8000d000 0x00000001
core   0: 0x8000b7be (0x0000bfe5) c.j     pc - 8
core   0: 3 0x8000b7be (0xbfe5)
core   0: 0x8000b7b6 (0x00002f17) auipc   t5, 0x2
core   0: 3 0x8000b7b6 (0x00002f17) x30 0x8000d7b6
core   0: 0x8000b7ba (0x843f2523) sw      gp, -1974(t5)
core   0: 3 0x8000b7ba (0x843f2523) mem 0x8000d000 0x00000001
core   0: 0x8000b7be (0x0000bfe5) c.j     pc - 8
core   0: 3 0x8000b7be (0xbfe5)
core   0: 0x8000b7b6 (0x00002f17) auipc   t5, 0x2
core   0: 3 0x8000b7b6 (0x00002f17) x30 0x8000d7b6
core   0: 0x8000b7ba (0x843f2523) sw      gp, -1974(t5)
core   0: 3 0x8000b7ba (0x843f2523) mem 0x8000d000 0x00000001
core   0: 0x8000b7be (0x0000bfe5) c.j     pc - 8
core   0: 3 0x8000b7be (0xbfe5)
core   0: 0x8000b7b6 (0x00002f17) auipc   t5, 0x2
core   0: 3 0x8000b7b6 (0x00002f17) x30 0x8000d7b6
core   0: 0x8000b7ba (0x843f2523) sw      gp, -1974(t5)
core   0: 3 0x8000b7ba (0x843f2523) mem 0x8000d000 0x00000001
core   0: 0x8000b7be (0x0000bfe5) c.j     pc - 8
core   0: 3 0x8000b7be (0xbfe5)
core   0: 0x8000b7b6 (0x00002f17) auipc   t5, 0x2
core   0: 3 0x8000b7b6 (0x00002f17) x30 0x8000d7b6
core   0: 0x8000b7ba (0x843f2523) sw      gp, -1974(t5)
core   0: 3 0x8000b7ba (0x843f2523) mem 0x8000d000 0x00000001
core   0: 0x8000b7be (0x0000bfe5) c.j     pc - 8
core   0: 3 0x8000b7be (0xbfe5)
core   0: 0x8000b7b6 (0x00002f17) auipc   t5, 0x2
core   0: 3 0x8000b7b6 (0x00002f17) x30 0x8000d7b6
core   0: 0x8000b7ba (0x843f2523) sw      gp, -1974(t5)
core   0: 3 0x8000b7ba (0x843f2523) mem 0x8000d000 0x00000001
core   0: 0x8000b7be (0x0000bfe5) c.j     pc - 8
core   0: 3 0x8000b7be (0xbfe5)
core   0: 0x8000b7b6 (0x00002f17) auipc   t5, 0x2
core   0: 3 0x8000b7b6 (0x00002f17) x30 0x8000d7b6
core   0: 0x8000b7ba (0x843f2523) sw      gp, -1974(t5)
core   0: 3 0x8000b7ba (0x843f2523) mem 0x8000d000 0x00000001
core   0: 0x8000b7be (0x0000bfe5) c.j     pc - 8
core   0: 3 0x8000b7be (0xbfe5)
core   0: 0x8000b7b6 (0x00002f17) auipc   t5, 0x2
core   0: 3 0x8000b7b6 (0x00002f17) x30 0x8000d7b6
core   0: 0x8000b7ba (0x843f2523) sw      gp, -1974(t5)
core   0: 3 0x8000b7ba (0x843f2523) mem 0x8000d000 0x00000001
core   0: 0x8000b7be (0x0000bfe5) c.j     pc - 8
core   0: 3 0x8000b7be (0xbfe5)
core   0: 0x8000b7b6 (0x00002f17) auipc   t5, 0x2
core   0: 3 0x8000b7b6 (0x00002f17) x30 0x8000d7b6
core   0: 0x8000b7ba (0x843f2523) sw      gp, -1974(t5)
core   0: 3 0x8000b7ba (0x843f2523) mem 0x8000d000 0x00000001
core   0: 0x8000b7be (0x0000bfe5) c.j     pc - 8
core   0: 3 0x8000b7be (0xbfe5)
core   0: 0x8000b7b6 (0x00002f17) auipc   t5, 0x2
core   0: 3 0x8000b7b6 (0x00002f17) x30 0x8000d7b6
core   0: 0x8000b7ba (0x843f2523) sw      gp, -1974(t5)
core   0: 3 0x8000b7ba (0x843f2523) mem 0x8000d000 0x00000001
core   0: 0x8000b7be (0x0000bfe5) c.j     pc - 8
core   0: 3 0x8000b7be (0xbfe5)
core   0: 0x8000b7b6 (0x00002f17) auipc   t5, 0x2
core   0: 3 0x8000b7b6 (0x00002f17) x30 0x8000d7b6
core   0: 0x8000b7ba (0x843f2523) sw      gp, -1974(t5)
core   0: 3 0x8000b7ba (0x843f2523) mem 0x8000d000 0x00000001
core   0: 0x8000b7be (0x0000bfe5) c.j     pc - 8
core   0: 3 0x8000b7be (0xbfe5)
core   0: 0x8000b7b6 (0x00002f17) auipc   t5, 0x2
core   0: 3 0x8000b7b6 (0x00002f17) x30 0x8000d7b6
core   0: 0x8000b7ba (0x843f2523) sw      gp, -1974(t5)
core   0: 3 0x8000b7ba (0x843f2523) mem 0x8000d000 0x00000001
core   0: 0x8000b7be (0x0000bfe5) c.j     pc - 8
core   0: 3 0x8000b7be (0xbfe5)
core   0: 0x8000b7b6 (0x00002f17) auipc   t5, 0x2
core   0: 3 0x8000b7b6 (0x00002f17) x30 0x8000d7b6
core   0: 0x8000b7ba (0x843f2523) sw      gp, -1974(t5)
core   0: 3 0x8000b7ba (0x843f2523) mem 0x8000d000 0x00000001
core   0: 0x8000b7be (0x0000bfe5) c.j     pc - 8
core   0: 3 0x8000b7be (0xbfe5)
core   0: 0x8000b7b6 (0x00002f17) auipc   t5, 0x2
core   0: 3 0x8000b7b6 (0x00002f17) x30 0x8000d7b6
core   0: 0x8000b7ba (0x843f2523) sw      gp, -1974(t5)
core   0: 3 0x8000b7ba (0x843f2523) mem 0x8000d000 0x00000001
core   0: 0x8000b7be (0x0000bfe5) c.j     pc - 8
core   0: 3 0x8000b7be (0xbfe5)
core   0: 0x8000b7b6 (0x00002f17) auipc   t5, 0x2
core   0: 3 0x8000b7b6 (0x00002f17) x30 0x8000d7b6
core   0: 0x8000b7ba (0x843f2523) sw      gp, -1974(t5)
core   0: 3 0x8000b7ba (0x843f2523) mem 0x8000d000 0x00000001
core   0: 0x8000b7be (0x0000bfe5) c.j     pc - 8
core   0: 3 0x8000b7be (0xbfe5)
core   0: 0x8000b7b6 (0x00002f17) auipc   t5, 0x2
core   0: 3 0x8000b7b6 (0x00002f17) x30 0x8000d7b6
core   0: 0x8000b7ba (0x843f2523) sw      gp, -1974(t5)
core   0: 3 0x8000b7ba (0x843f2523) mem 0x8000d000 0x00000001
core   0: 0x8000b7be (0x0000bfe5) c.j     pc - 8
core   0: 3 0x8000b7be (0xbfe5)
core   0: 0x8000b7b6 (0x00002f17) auipc   t5, 0x2
core   0: 3 0x8000b7b6 (0x00002f17) x30 0x8000d7b6
core   0: 0x8000b7ba (0x843f2523) sw      gp, -1974(t5)
core   0: 3 0x8000b7ba (0x843f2523) mem 0x8000d000 0x00000001
core   0: 0x8000b7be (0x0000bfe5) c.j     pc - 8
core   0: 3 0x8000b7be (0xbfe5)
core   0: 0x8000b7b6 (0x00002f17) auipc   t5, 0x2
core   0: 3 0x8000b7b6 (0x00002f17) x30 0x8000d7b6
core   0: 0x8000b7ba (0x843f2523) sw      gp, -1974(t5)
core   0: 3 0x8000b7ba (0x843f2523) mem 0x8000d000 0x00000001
core   0: 0x8000b7be (0x0000bfe5) c.j     pc - 8
core   0: 3 0x8000b7be (0xbfe5)
core   0: 0x8000b7b6 (0x00002f17) auipc   t5, 0x2
core   0: 3 0x8000b7b6 (0x00002f17) x30 0x8000d7b6
core   0: 0x8000b7ba (0x843f2523) sw      gp, -1974(t5)
core   0: 3 0x8000b7ba (0x843f2523) mem 0x8000d000 0x00000001
core   0: 0x8000b7be (0x0000bfe5) c.j     pc - 8
core   0: 3 0x8000b7be (0xbfe5)
core   0: 0x8000b7b6 (0x00002f17) auipc   t5, 0x2
core   0: 3 0x8000b7b6 (0x00002f17) x30 0x8000d7b6
core   0: 0x8000b7ba (0x843f2523) sw      gp, -1974(t5)
core   0: 3 0x8000b7ba (0x843f2523) mem 0x8000d000 0x00000001
core   0: 0x8000b7be (0x0000bfe5) c.j     pc - 8
core   0: 3 0x8000b7be (0xbfe5)
core   0: 0x8000b7b6 (0x00002f17) auipc   t5, 0x2
core   0: 3 0x8000b7b6 (0x00002f17) x30 0x8000d7b6
core   0: 0x8000b7ba (0x843f2523) sw      gp, -1974(t5)
core   0: 3 0x8000b7ba (0x843f2523) mem 0x8000d000 0x00000001
core   0: 0x8000b7be (0x0000bfe5) c.j     pc - 8
core   0: 3 0x8000b7be (0xbfe5)
core   0: 0x8000b7b6 (0x00002f17) auipc   t5, 0x2
core   0: 3 0x8000b7b6 (0x00002f17) x30 0x8000d7b6
core   0: 0x8000b7ba (0x843f2523) sw      gp, -1974(t5)
core   0: 3 0x8000b7ba (0x843f2523) mem 0x8000d000 0x00000001
core   0: 0x8000b7be (0x0000bfe5) c.j     pc - 8
core   0: 3 0x8000b7be (0xbfe5)
core   0: 0x8000b7b6 (0x00002f17) auipc   t5, 0x2
core   0: 3 0x8000b7b6 (0x00002f17) x30 0x8000d7b6
core   0: 0x8000b7ba (0x843f2523) sw      gp, -1974(t5)
core   0: 3 0x8000b7ba (0x843f2523) mem 0x8000d000 0x00000001
core   0: 0x8000b7be (0x0000bfe5) c.j     pc - 8
core   0: 3 0x8000b7be (0xbfe5)
core   0: 0x8000b7b6 (0x00002f17) auipc   t5, 0x2
core   0: 3 0x8000b7b6 (0x00002f17) x30 0x8000d7b6
core   0: 0x8000b7ba (0x843f2523) sw      gp, -1974(t5)
core   0: 3 0x8000b7ba (0x843f2523) mem 0x8000d000 0x00000001
core   0: 0x8000b7be (0x0000bfe5) c.j     pc - 8
core   0: 3 0x8000b7be (0xbfe5)
core   0: 0x8000b7b6 (0x00002f17) auipc   t5, 0x2
core   0: 3 0x8000b7b6 (0x00002f17) x30 0x8000d7b6
core   0: 0x8000b7ba (0x843f2523) sw      gp, -1974(t5)
core   0: 3 0x8000b7ba (0x843f2523) mem 0x8000d000 0x00000001
core   0: 0x8000b7be (0x0000bfe5) c.j     pc - 8
core   0: 3 0x8000b7be (0xbfe5)
core   0: 0x8000b7b6 (0x00002f17) auipc   t5, 0x2
core   0: 3 0x8000b7b6 (0x00002f17) x30 0x8000d7b6
core   0: 0x8000b7ba (0x843f2523) sw      gp, -1974(t5)
core   0: 3 0x8000b7ba (0x843f2523) mem 0x8000d000 0x00000001
core   0: 0x8000b7be (0x0000bfe5) c.j     pc - 8
core   0: 3 0x8000b7be (0xbfe5)
core   0: 0x8000b7b6 (0x00002f17) auipc   t5, 0x2
core   0: 3 0x8000b7b6 (0x00002f17) x30 0x8000d7b6
core   0: 0x8000b7ba (0x843f2523) sw      gp, -1974(t5)
core   0: 3 0x8000b7ba (0x843f2523) mem 0x8000d000 0x00000001
core   0: 0x8000b7be (0x0000bfe5) c.j     pc - 8
core   0: 3 0x8000b7be (0xbfe5)
core   0: 0x8000b7b6 (0x00002f17) auipc   t5, 0x2
core   0: 3 0x8000b7b6 (0x00002f17) x30 0x8000d7b6
core   0: 0x8000b7ba (0x843f2523) sw      gp, -1974(t5)
core   0: 3 0x8000b7ba (0x843f2523) mem 0x8000d000 0x00000001
core   0: 0x8000b7be (0x0000bfe5) c.j     pc - 8
core   0: 3 0x8000b7be (0xbfe5)
core   0: 0x8000b7b6 (0x00002f17) auipc   t5, 0x2
core   0: 3 0x8000b7b6 (0x00002f17) x30 0x8000d7b6
core   0: 0x8000b7ba (0x843f2523) sw      gp, -1974(t5)
core   0: 3 0x8000b7ba (0x843f2523) mem 0x8000d000 0x00000001
core   0: 0x8000b7be (0x0000bfe5) c.j     pc - 8
core   0: 3 0x8000b7be (0xbfe5)
core   0: 0x8000b7b6 (0x00002f17) auipc   t5, 0x2
core   0: 3 0x8000b7b6 (0x00002f17) x30 0x8000d7b6
core   0: 0x8000b7ba (0x843f2523) sw      gp, -1974(t5)
core   0: 3 0x8000b7ba (0x843f2523) mem 0x8000d000 0x00000001
core   0: 0x8000b7be (0x0000bfe5) c.j     pc - 8
core   0: 3 0x8000b7be (0xbfe5)
core   0: 0x8000b7b6 (0x00002f17) auipc   t5, 0x2
core   0: 3 0x8000b7b6 (0x00002f17) x30 0x8000d7b6
core   0: 0x8000b7ba (0x843f2523) sw      gp, -1974(t5)
core   0: 3 0x8000b7ba (0x843f2523) mem 0x8000d000 0x00000001
core   0: 0x8000b7be (0x0000bfe5) c.j     pc - 8
core   0: 3 0x8000b7be (0xbfe5)
core   0: 0x8000b7b6 (0x00002f17) auipc   t5, 0x2
core   0: 3 0x8000b7b6 (0x00002f17) x30 0x8000d7b6
core   0: 0x8000b7ba (0x843f2523) sw      gp, -1974(t5)
core   0: 3 0x8000b7ba (0x843f2523) mem 0x8000d000 0x00000001
core   0: 0x8000b7be (0x0000bfe5) c.j     pc - 8
core   0: 3 0x8000b7be (0xbfe5)
core   0: 0x8000b7b6 (0x00002f17) auipc   t5, 0x2
core   0: 3 0x8000b7b6 (0x00002f17) x30 0x8000d7b6
core   0: 0x8000b7ba (0x843f2523) sw      gp, -1974(t5)
core   0: 3 0x8000b7ba (0x843f2523) mem 0x8000d000 0x00000001
core   0: 0x8000b7be (0x0000bfe5) c.j     pc - 8
core   0: 3 0x8000b7be (0xbfe5)
core   0: 0x8000b7b6 (0x00002f17) auipc   t5, 0x2
core   0: 3 0x8000b7b6 (0x00002f17) x30 0x8000d7b6
core   0: 0x8000b7ba (0x843f2523) sw      gp, -1974(t5)
core   0: 3 0x8000b7ba (0x843f2523) mem 0x8000d000 0x00000001
core   0: 0x8000b7be (0x0000bfe5) c.j     pc - 8
core   0: 3 0x8000b7be (0xbfe5)
core   0: 0x8000b7b6 (0x00002f17) auipc   t5, 0x2
core   0: 3 0x8000b7b6 (0x00002f17) x30 0x8000d7b6
core   0: 0x8000b7ba (0x843f2523) sw      gp, -1974(t5)
core   0: 3 0x8000b7ba (0x843f2523) mem 0x8000d000 0x00000001
core   0: 0x8000b7be (0x0000bfe5) c.j     pc - 8
core   0: 3 0x8000b7be (0xbfe5)
core   0: 0x8000b7b6 (0x00002f17) auipc   t5, 0x2
core   0: 3 0x8000b7b6 (0x00002f17) x30 0x8000d7b6
core   0: 0x8000b7ba (0x843f2523) sw      gp, -1974(t5)
core   0: 3 0x8000b7ba (0x843f2523) mem 0x8000d000 0x00000001
core   0: 0x8000b7be (0x0000bfe5) c.j     pc - 8
core   0: 3 0x8000b7be (0xbfe5)
core   0: 0x8000b7b6 (0x00002f17) auipc   t5, 0x2
core   0: 3 0x8000b7b6 (0x00002f17) x30 0x8000d7b6
core   0: 0x8000b7ba (0x843f2523) sw      gp, -1974(t5)
core   0: 3 0x8000b7ba (0x843f2523) mem 0x8000d000 0x00000001
core   0: 0x8000b7be (0x0000bfe5) c.j     pc - 8
core   0: 3 0x8000b7be (0xbfe5)
core   0: 0x8000b7b6 (0x00002f17) auipc   t5, 0x2
core   0: 3 0x8000b7b6 (0x00002f17) x30 0x8000d7b6
core   0: 0x8000b7ba (0x843f2523) sw      gp, -1974(t5)
core   0: 3 0x8000b7ba (0x843f2523) mem 0x8000d000 0x00000001
core   0: 0x8000b7be (0x0000bfe5) c.j     pc - 8
core   0: 3 0x8000b7be (0xbfe5)
core   0: 0x8000b7b6 (0x00002f17) auipc   t5, 0x2
core   0: 3 0x8000b7b6 (0x00002f17) x30 0x8000d7b6
core   0: 0x8000b7ba (0x843f2523) sw      gp, -1974(t5)
core   0: 3 0x8000b7ba (0x843f2523) mem 0x8000d000 0x00000001
core   0: 0x8000b7be (0x0000bfe5) c.j     pc - 8
core   0: 3 0x8000b7be (0xbfe5)
core   0: 0x8000b7b6 (0x00002f17) auipc   t5, 0x2
core   0: 3 0x8000b7b6 (0x00002f17) x30 0x8000d7b6
core   0: 0x8000b7ba (0x843f2523) sw      gp, -1974(t5)
core   0: 3 0x8000b7ba (0x843f2523) mem 0x8000d000 0x00000001
core   0: 0x8000b7be (0x0000bfe5) c.j     pc - 8
core   0: 3 0x8000b7be (0xbfe5)
core   0: 0x8000b7b6 (0x00002f17) auipc   t5, 0x2
core   0: 3 0x8000b7b6 (0x00002f17) x30 0x8000d7b6
core   0: 0x8000b7ba (0x843f2523) sw      gp, -1974(t5)
core   0: 3 0x8000b7ba (0x843f2523) mem 0x8000d000 0x00000001
core   0: 0x8000b7be (0x0000bfe5) c.j     pc - 8
core   0: 3 0x8000b7be (0xbfe5)
core   0: 0x8000b7b6 (0x00002f17) auipc   t5, 0x2
core   0: 3 0x8000b7b6 (0x00002f17) x30 0x8000d7b6
core   0: 0x8000b7ba (0x843f2523) sw      gp, -1974(t5)
core   0: 3 0x8000b7ba (0x843f2523) mem 0x8000d000 0x00000001
core   0: 0x8000b7be (0x0000bfe5) c.j     pc - 8
core   0: 3 0x8000b7be (0xbfe5)
core   0: 0x8000b7b6 (0x00002f17) auipc   t5, 0x2
core   0: 3 0x8000b7b6 (0x00002f17) x30 0x8000d7b6
core   0: 0x8000b7ba (0x843f2523) sw      gp, -1974(t5)
core   0: 3 0x8000b7ba (0x843f2523) mem 0x8000d000 0x00000001
core   0: 0x8000b7be (0x0000bfe5) c.j     pc - 8
core   0: 3 0x8000b7be (0xbfe5)
core   0: 0x8000b7b6 (0x00002f17) auipc   t5, 0x2
core   0: 3 0x8000b7b6 (0x00002f17) x30 0x8000d7b6
core   0: 0x8000b7ba (0x843f2523) sw      gp, -1974(t5)
core   0: 3 0x8000b7ba (0x843f2523) mem 0x8000d000 0x00000001
core   0: 0x8000b7be (0x0000bfe5) c.j     pc - 8
core   0: 3 0x8000b7be (0xbfe5)
core   0: 0x8000b7b6 (0x00002f17) auipc   t5, 0x2
core   0: 3 0x8000b7b6 (0x00002f17) x30 0x8000d7b6
core   0: 0x8000b7ba (0x843f2523) sw      gp, -1974(t5)
core   0: 3 0x8000b7ba (0x843f2523) mem 0x8000d000 0x00000001
core   0: 0x8000b7be (0x0000bfe5) c.j     pc - 8
core   0: 3 0x8000b7be (0xbfe5)
core   0: 0x8000b7b6 (0x00002f17) auipc   t5, 0x2
core   0: 3 0x8000b7b6 (0x00002f17) x30 0x8000d7b6
core   0: 0x8000b7ba (0x843f2523) sw      gp, -1974(t5)
core   0: 3 0x8000b7ba (0x843f2523) mem 0x8000d000 0x00000001
core   0: 0x8000b7be (0x0000bfe5) c.j     pc - 8
core   0: 3 0x8000b7be (0xbfe5)
core   0: 0x8000b7b6 (0x00002f17) auipc   t5, 0x2
core   0: 3 0x8000b7b6 (0x00002f17) x30 0x8000d7b6
core   0: 0x8000b7ba (0x843f2523) sw      gp, -1974(t5)
core   0: 3 0x8000b7ba (0x843f2523) mem 0x8000d000 0x00000001
core   0: 0x8000b7be (0x0000bfe5) c.j     pc - 8
core   0: 3 0x8000b7be (0xbfe5)
core   0: 0x8000b7b6 (0x00002f17) auipc   t5, 0x2
core   0: 3 0x8000b7b6 (0x00002f17) x30 0x8000d7b6
core   0: 0x8000b7ba (0x843f2523) sw      gp, -1974(t5)
core   0: 3 0x8000b7ba (0x843f2523) mem 0x8000d000 0x00000001
core   0: 0x8000b7be (0x0000bfe5) c.j     pc - 8
core   0: 3 0x8000b7be (0xbfe5)
core   0: 0x8000b7b6 (0x00002f17) auipc   t5, 0x2
core   0: 3 0x8000b7b6 (0x00002f17) x30 0x8000d7b6
core   0: 0x8000b7ba (0x843f2523) sw      gp, -1974(t5)
core   0: 3 0x8000b7ba (0x843f2523) mem 0x8000d000 0x00000001
core   0: 0x8000b7be (0x0000bfe5) c.j     pc - 8
core   0: 3 0x8000b7be (0xbfe5)
core   0: 0x8000b7b6 (0x00002f17) auipc   t5, 0x2
core   0: 3 0x8000b7b6 (0x00002f17) x30 0x8000d7b6
core   0: 0x8000b7ba (0x843f2523) sw      gp, -1974(t5)
core   0: 3 0x8000b7ba (0x843f2523) mem 0x8000d000 0x00000001
core   0: 0x8000b7be (0x0000bfe5) c.j     pc - 8
core   0: 3 0x8000b7be (0xbfe5)
core   0: 0x8000b7b6 (0x00002f17) auipc   t5, 0x2
core   0: 3 0x8000b7b6 (0x00002f17) x30 0x8000d7b6
core   0: 0x8000b7ba (0x843f2523) sw      gp, -1974(t5)
core   0: 3 0x8000b7ba (0x843f2523) mem 0x8000d000 0x00000001
core   0: 0x8000b7be (0x0000bfe5) c.j     pc - 8
core   0: 3 0x8000b7be (0xbfe5)
core   0: 0x8000b7b6 (0x00002f17) auipc   t5, 0x2
core   0: 3 0x8000b7b6 (0x00002f17) x30 0x8000d7b6
core   0: 0x8000b7ba (0x843f2523) sw      gp, -1974(t5)
core   0: 3 0x8000b7ba (0x843f2523) mem 0x8000d000 0x00000001
core   0: 0x8000b7be (0x0000bfe5) c.j     pc - 8
core   0: 3 0x8000b7be (0xbfe5)
core   0: 0x8000b7b6 (0x00002f17) auipc   t5, 0x2
core   0: 3 0x8000b7b6 (0x00002f17) x30 0x8000d7b6
core   0: 0x8000b7ba (0x843f2523) sw      gp, -1974(t5)
core   0: 3 0x8000b7ba (0x843f2523) mem 0x8000d000 0x00000001
core   0: 0x8000b7be (0x0000bfe5) c.j     pc - 8
core   0: 3 0x8000b7be (0xbfe5)
core   0: 0x8000b7b6 (0x00002f17) auipc   t5, 0x2
core   0: 3 0x8000b7b6 (0x00002f17) x30 0x8000d7b6
core   0: 0x8000b7ba (0x843f2523) sw      gp, -1974(t5)
core   0: 3 0x8000b7ba (0x843f2523) mem 0x8000d000 0x00000001
core   0: 0x8000b7be (0x0000bfe5) c.j     pc - 8
core   0: 3 0x8000b7be (0xbfe5)
core   0: 0x8000b7b6 (0x00002f17) auipc   t5, 0x2
core   0: 3 0x8000b7b6 (0x00002f17) x30 0x8000d7b6
core   0: 0x8000b7ba (0x843f2523) sw      gp, -1974(t5)
core   0: 3 0x8000b7ba (0x843f2523) mem 0x8000d000 0x00000001
core   0: 0x8000b7be (0x0000bfe5) c.j     pc - 8
core   0: 3 0x8000b7be (0xbfe5)
core   0: 0x8000b7b6 (0x00002f17) auipc   t5, 0x2
core   0: 3 0x8000b7b6 (0x00002f17) x30 0x8000d7b6
core   0: 0x8000b7ba (0x843f2523) sw      gp, -1974(t5)
core   0: 3 0x8000b7ba (0x843f2523) mem 0x8000d000 0x00000001
core   0: 0x8000b7be (0x0000bfe5) c.j     pc - 8
core   0: 3 0x8000b7be (0xbfe5)
core   0: 0x8000b7b6 (0x00002f17) auipc   t5, 0x2
core   0: 3 0x8000b7b6 (0x00002f17) x30 0x8000d7b6
core   0: 0x8000b7ba (0x843f2523) sw      gp, -1974(t5)
core   0: 3 0x8000b7ba (0x843f2523) mem 0x8000d000 0x00000001
core   0: 0x8000b7be (0x0000bfe5) c.j     pc - 8
core   0: 3 0x8000b7be (0xbfe5)
core   0: 0x8000b7b6 (0x00002f17) auipc   t5, 0x2
core   0: 3 0x8000b7b6 (0x00002f17) x30 0x8000d7b6
core   0: 0x8000b7ba (0x843f2523) sw      gp, -1974(t5)
core   0: 3 0x8000b7ba (0x843f2523) mem 0x8000d000 0x00000001
core   0: 0x8000b7be (0x0000bfe5) c.j     pc - 8
core   0: 3 0x8000b7be (0xbfe5)
core   0: 0x8000b7b6 (0x00002f17) auipc   t5, 0x2
core   0: 3 0x8000b7b6 (0x00002f17) x30 0x8000d7b6
core   0: 0x8000b7ba (0x843f2523) sw      gp, -1974(t5)
core   0: 3 0x8000b7ba (0x843f2523) mem 0x8000d000 0x00000001
core   0: 0x8000b7be (0x0000bfe5) c.j     pc - 8
core   0: 3 0x8000b7be (0xbfe5)
core   0: 0x8000b7b6 (0x00002f17) auipc   t5, 0x2
core   0: 3 0x8000b7b6 (0x00002f17) x30 0x8000d7b6
core   0: 0x8000b7ba (0x843f2523) sw      gp, -1974(t5)
core   0: 3 0x8000b7ba (0x843f2523) mem 0x8000d000 0x00000001
core   0: 0x8000b7be (0x0000bfe5) c.j     pc - 8
core   0: 3 0x8000b7be (0xbfe5)
core   0: 0x8000b7b6 (0x00002f17) auipc   t5, 0x2
core   0: 3 0x8000b7b6 (0x00002f17) x30 0x8000d7b6
core   0: 0x8000b7ba (0x843f2523) sw      gp, -1974(t5)
core   0: 3 0x8000b7ba (0x843f2523) mem 0x8000d000 0x00000001
core   0: 0x8000b7be (0x0000bfe5) c.j     pc - 8
core   0: 3 0x8000b7be (0xbfe5)
core   0: 0x8000b7b6 (0x00002f17) auipc   t5, 0x2
core   0: 3 0x8000b7b6 (0x00002f17) x30 0x8000d7b6
core   0: 0x8000b7ba (0x843f2523) sw      gp, -1974(t5)
core   0: 3 0x8000b7ba (0x843f2523) mem 0x8000d000 0x00000001
core   0: 0x8000b7be (0x0000bfe5) c.j     pc - 8
core   0: 3 0x8000b7be (0xbfe5)
core   0: 0x8000b7b6 (0x00002f17) auipc   t5, 0x2
core   0: 3 0x8000b7b6 (0x00002f17) x30 0x8000d7b6
core   0: 0x8000b7ba (0x843f2523) sw      gp, -1974(t5)
core   0: 3 0x8000b7ba (0x843f2523) mem 0x8000d000 0x00000001
core   0: 0x8000b7be (0x0000bfe5) c.j     pc - 8
core   0: 3 0x8000b7be (0xbfe5)
core   0: 0x8000b7b6 (0x00002f17) auipc   t5, 0x2
core   0: 3 0x8000b7b6 (0x00002f17) x30 0x8000d7b6
core   0: 0x8000b7ba (0x843f2523) sw      gp, -1974(t5)
core   0: 3 0x8000b7ba (0x843f2523) mem 0x8000d000 0x00000001
core   0: 0x8000b7be (0x0000bfe5) c.j     pc - 8
core   0: 3 0x8000b7be (0xbfe5)
core   0: 0x8000b7b6 (0x00002f17) auipc   t5, 0x2
core   0: 3 0x8000b7b6 (0x00002f17) x30 0x8000d7b6
core   0: 0x8000b7ba (0x843f2523) sw      gp, -1974(t5)
core   0: 3 0x8000b7ba (0x843f2523) mem 0x8000d000 0x00000001
core   0: 0x8000b7be (0x0000bfe5) c.j     pc - 8
core   0: 3 0x8000b7be (0xbfe5)
core   0: 0x8000b7b6 (0x00002f17) auipc   t5, 0x2
core   0: 3 0x8000b7b6 (0x00002f17) x30 0x8000d7b6
core   0: 0x8000b7ba (0x843f2523) sw      gp, -1974(t5)
core   0: 3 0x8000b7ba (0x843f2523) mem 0x8000d000 0x00000001
core   0: 0x8000b7be (0x0000bfe5) c.j     pc - 8
core   0: 3 0x8000b7be (0xbfe5)
core   0: 0x8000b7b6 (0x00002f17) auipc   t5, 0x2
core   0: 3 0x8000b7b6 (0x00002f17) x30 0x8000d7b6
core   0: 0x8000b7ba (0x843f2523) sw      gp, -1974(t5)
core   0: 3 0x8000b7ba (0x843f2523) mem 0x8000d000 0x00000001
core   0: 0x8000b7be (0x0000bfe5) c.j     pc - 8
core   0: 3 0x8000b7be (0xbfe5)
core   0: 0x8000b7b6 (0x00002f17) auipc   t5, 0x2
core   0: 3 0x8000b7b6 (0x00002f17) x30 0x8000d7b6
core   0: 0x8000b7ba (0x843f2523) sw      gp, -1974(t5)
core   0: 3 0x8000b7ba (0x843f2523) mem 0x8000d000 0x00000001
core   0: 0x8000b7be (0x0000bfe5) c.j     pc - 8
core   0: 3 0x8000b7be (0xbfe5)
core   0: 0x8000b7b6 (0x00002f17) auipc   t5, 0x2
core   0: 3 0x8000b7b6 (0x00002f17) x30 0x8000d7b6
core   0: 0x8000b7ba (0x843f2523) sw      gp, -1974(t5)
core   0: 3 0x8000b7ba (0x843f2523) mem 0x8000d000 0x00000001
core   0: 0x8000b7be (0x0000bfe5) c.j     pc - 8
core   0: 3 0x8000b7be (0xbfe5)
core   0: 0x8000b7b6 (0x00002f17) auipc   t5, 0x2
core   0: 3 0x8000b7b6 (0x00002f17) x30 0x8000d7b6
core   0: 0x8000b7ba (0x843f2523) sw      gp, -1974(t5)
core   0: 3 0x8000b7ba (0x843f2523) mem 0x8000d000 0x00000001
core   0: 0x8000b7be (0x0000bfe5) c.j     pc - 8
core   0: 3 0x8000b7be (0xbfe5)
core   0: 0x8000b7b6 (0x00002f17) auipc   t5, 0x2
core   0: 3 0x8000b7b6 (0x00002f17) x30 0x8000d7b6
core   0: 0x8000b7ba (0x843f2523) sw      gp, -1974(t5)
core   0: 3 0x8000b7ba (0x843f2523) mem 0x8000d000 0x00000001
core   0: 0x8000b7be (0x0000bfe5) c.j     pc - 8
core   0: 3 0x8000b7be (0xbfe5)
core   0: 0x8000b7b6 (0x00002f17) auipc   t5, 0x2
core   0: 3 0x8000b7b6 (0x00002f17) x30 0x8000d7b6
core   0: 0x8000b7ba (0x843f2523) sw      gp, -1974(t5)
core   0: 3 0x8000b7ba (0x843f2523) mem 0x8000d000 0x00000001
core   0: 0x8000b7be (0x0000bfe5) c.j     pc - 8
core   0: 3 0x8000b7be (0xbfe5)
core   0: 0x8000b7b6 (0x00002f17) auipc   t5, 0x2
core   0: 3 0x8000b7b6 (0x00002f17) x30 0x8000d7b6
core   0: 0x8000b7ba (0x843f2523) sw      gp, -1974(t5)
core   0: 3 0x8000b7ba (0x843f2523) mem 0x8000d000 0x00000001
core   0: 0x8000b7be (0x0000bfe5) c.j     pc - 8
core   0: 3 0x8000b7be (0xbfe5)
core   0: 0x8000b7b6 (0x00002f17) auipc   t5, 0x2
core   0: 3 0x8000b7b6 (0x00002f17) x30 0x8000d7b6
core   0: 0x8000b7ba (0x843f2523) sw      gp, -1974(t5)
core   0: 3 0x8000b7ba (0x843f2523) mem 0x8000d000 0x00000001
core   0: 0x8000b7be (0x0000bfe5) c.j     pc - 8
core   0: 3 0x8000b7be (0xbfe5)
core   0: 0x8000b7b6 (0x00002f17) auipc   t5, 0x2
core   0: 3 0x8000b7b6 (0x00002f17) x30 0x8000d7b6
core   0: 0x8000b7ba (0x843f2523) sw      gp, -1974(t5)
core   0: 3 0x8000b7ba (0x843f2523) mem 0x8000d000 0x00000001
core   0: 0x8000b7be (0x0000bfe5) c.j     pc - 8
core   0: 3 0x8000b7be (0xbfe5)
core   0: 0x8000b7b6 (0x00002f17) auipc   t5, 0x2
core   0: 3 0x8000b7b6 (0x00002f17) x30 0x8000d7b6
core   0: 0x8000b7ba (0x843f2523) sw      gp, -1974(t5)
core   0: 3 0x8000b7ba (0x843f2523) mem 0x8000d000 0x00000001
core   0: 0x8000b7be (0x0000bfe5) c.j     pc - 8
core   0: 3 0x8000b7be (0xbfe5)
core   0: 0x8000b7b6 (0x00002f17) auipc   t5, 0x2
core   0: 3 0x8000b7b6 (0x00002f17) x30 0x8000d7b6
core   0: 0x8000b7ba (0x843f2523) sw      gp, -1974(t5)
core   0: 3 0x8000b7ba (0x843f2523) mem 0x8000d000 0x00000001
core   0: 0x8000b7be (0x0000bfe5) c.j     pc - 8
core   0: 3 0x8000b7be (0xbfe5)
core   0: 0x8000b7b6 (0x00002f17) auipc   t5, 0x2
core   0: 3 0x8000b7b6 (0x00002f17) x30 0x8000d7b6
core   0: 0x8000b7ba (0x843f2523) sw      gp, -1974(t5)
core   0: 3 0x8000b7ba (0x843f2523) mem 0x8000d000 0x00000001
core   0: 0x8000b7be (0x0000bfe5) c.j     pc - 8
core   0: 3 0x8000b7be (0xbfe5)
core   0: 0x8000b7b6 (0x00002f17) auipc   t5, 0x2
core   0: 3 0x8000b7b6 (0x00002f17) x30 0x8000d7b6
core   0: 0x8000b7ba (0x843f2523) sw      gp, -1974(t5)
core   0: 3 0x8000b7ba (0x843f2523) mem 0x8000d000 0x00000001
core   0: 0x8000b7be (0x0000bfe5) c.j     pc - 8
core   0: 3 0x8000b7be (0xbfe5)
core   0: 0x8000b7b6 (0x00002f17) auipc   t5, 0x2
core   0: 3 0x8000b7b6 (0x00002f17) x30 0x8000d7b6
core   0: 0x8000b7ba (0x843f2523) sw      gp, -1974(t5)
core   0: 3 0x8000b7ba (0x843f2523) mem 0x8000d000 0x00000001
core   0: 0x8000b7be (0x0000bfe5) c.j     pc - 8
core   0: 3 0x8000b7be (0xbfe5)
core   0: 0x8000b7b6 (0x00002f17) auipc   t5, 0x2
core   0: 3 0x8000b7b6 (0x00002f17) x30 0x8000d7b6
core   0: 0x8000b7ba (0x843f2523) sw      gp, -1974(t5)
core   0: 3 0x8000b7ba (0x843f2523) mem 0x8000d000 0x00000001
core   0: 0x8000b7be (0x0000bfe5) c.j     pc - 8
core   0: 3 0x8000b7be (0xbfe5)
core   0: 0x8000b7b6 (0x00002f17) auipc   t5, 0x2
core   0: 3 0x8000b7b6 (0x00002f17) x30 0x8000d7b6
core   0: 0x8000b7ba (0x843f2523) sw      gp, -1974(t5)
core   0: 3 0x8000b7ba (0x843f2523) mem 0x8000d000 0x00000001
core   0: 0x8000b7be (0x0000bfe5) c.j     pc - 8
core   0: 3 0x8000b7be (0xbfe5)
core   0: 0x8000b7b6 (0x00002f17) auipc   t5, 0x2
core   0: 3 0x8000b7b6 (0x00002f17) x30 0x8000d7b6
core   0: 0x8000b7ba (0x843f2523) sw      gp, -1974(t5)
core   0: 3 0x8000b7ba (0x843f2523) mem 0x8000d000 0x00000001
core   0: 0x8000b7be (0x0000bfe5) c.j     pc - 8
core   0: 3 0x8000b7be (0xbfe5)
core   0: 0x8000b7b6 (0x00002f17) auipc   t5, 0x2
core   0: 3 0x8000b7b6 (0x00002f17) x30 0x8000d7b6
core   0: 0x8000b7ba (0x843f2523) sw      gp, -1974(t5)
core   0: 3 0x8000b7ba (0x843f2523) mem 0x8000d000 0x00000001
core   0: 0x8000b7be (0x0000bfe5) c.j     pc - 8
core   0: 3 0x8000b7be (0xbfe5)
core   0: 0x8000b7b6 (0x00002f17) auipc   t5, 0x2
core   0: 3 0x8000b7b6 (0x00002f17) x30 0x8000d7b6
core   0: 0x8000b7ba (0x843f2523) sw      gp, -1974(t5)
core   0: 3 0x8000b7ba (0x843f2523) mem 0x8000d000 0x00000001
core   0: 0x8000b7be (0x0000bfe5) c.j     pc - 8
core   0: 3 0x8000b7be (0xbfe5)
core   0: 0x8000b7b6 (0x00002f17) auipc   t5, 0x2
core   0: 3 0x8000b7b6 (0x00002f17) x30 0x8000d7b6
core   0: 0x8000b7ba (0x843f2523) sw      gp, -1974(t5)
core   0: 3 0x8000b7ba (0x843f2523) mem 0x8000d000 0x00000001
core   0: 0x8000b7be (0x0000bfe5) c.j     pc - 8
core   0: 3 0x8000b7be (0xbfe5)
core   0: 0x8000b7b6 (0x00002f17) auipc   t5, 0x2
core   0: 3 0x8000b7b6 (0x00002f17) x30 0x8000d7b6
core   0: 0x8000b7ba (0x843f2523) sw      gp, -1974(t5)
core   0: 3 0x8000b7ba (0x843f2523) mem 0x8000d000 0x00000001
core   0: 0x8000b7be (0x0000bfe5) c.j     pc - 8
core   0: 3 0x8000b7be (0xbfe5)
core   0: 0x8000b7b6 (0x00002f17) auipc   t5, 0x2
core   0: 3 0x8000b7b6 (0x00002f17) x30 0x8000d7b6
core   0: 0x8000b7ba (0x843f2523) sw      gp, -1974(t5)
core   0: 3 0x8000b7ba (0x843f2523) mem 0x8000d000 0x00000001
core   0: 0x8000b7be (0x0000bfe5) c.j     pc - 8
core   0: 3 0x8000b7be (0xbfe5)
core   0: 0x8000b7b6 (0x00002f17) auipc   t5, 0x2
core   0: 3 0x8000b7b6 (0x00002f17) x30 0x8000d7b6
core   0: 0x8000b7ba (0x843f2523) sw      gp, -1974(t5)
core   0: 3 0x8000b7ba (0x843f2523) mem 0x8000d000 0x00000001
core   0: 0x8000b7be (0x0000bfe5) c.j     pc - 8
core   0: 3 0x8000b7be (0xbfe5)
core   0: 0x8000b7b6 (0x00002f17) auipc   t5, 0x2
core   0: 3 0x8000b7b6 (0x00002f17) x30 0x8000d7b6
core   0: 0x8000b7ba (0x843f2523) sw      gp, -1974(t5)
core   0: 3 0x8000b7ba (0x843f2523) mem 0x8000d000 0x00000001
core   0: 0x8000b7be (0x0000bfe5) c.j     pc - 8
core   0: 3 0x8000b7be (0xbfe5)
core   0: 0x8000b7b6 (0x00002f17) auipc   t5, 0x2
core   0: 3 0x8000b7b6 (0x00002f17) x30 0x8000d7b6
core   0: 0x8000b7ba (0x843f2523) sw      gp, -1974(t5)
core   0: 3 0x8000b7ba (0x843f2523) mem 0x8000d000 0x00000001
core   0: 0x8000b7be (0x0000bfe5) c.j     pc - 8
core   0: 3 0x8000b7be (0xbfe5)
core   0: 0x8000b7b6 (0x00002f17) auipc   t5, 0x2
core   0: 3 0x8000b7b6 (0x00002f17) x30 0x8000d7b6
core   0: 0x8000b7ba (0x843f2523) sw      gp, -1974(t5)
core   0: 3 0x8000b7ba (0x843f2523) mem 0x8000d000 0x00000001
core   0: 0x8000b7be (0x0000bfe5) c.j     pc - 8
core   0: 3 0x8000b7be (0xbfe5)
core   0: 0x8000b7b6 (0x00002f17) auipc   t5, 0x2
core   0: 3 0x8000b7b6 (0x00002f17) x30 0x8000d7b6
core   0: 0x8000b7ba (0x843f2523) sw      gp, -1974(t5)
core   0: 3 0x8000b7ba (0x843f2523) mem 0x8000d000 0x00000001
core   0: 0x8000b7be (0x0000bfe5) c.j     pc - 8
core   0: 3 0x8000b7be (0xbfe5)
core   0: 0x8000b7b6 (0x00002f17) auipc   t5, 0x2
core   0: 3 0x8000b7b6 (0x00002f17) x30 0x8000d7b6
core   0: 0x8000b7ba (0x843f2523) sw      gp, -1974(t5)
core   0: 3 0x8000b7ba (0x843f2523) mem 0x8000d000 0x00000001
core   0: 0x8000b7be (0x0000bfe5) c.j     pc - 8
core   0: 3 0x8000b7be (0xbfe5)
core   0: 0x8000b7b6 (0x00002f17) auipc   t5, 0x2
core   0: 3 0x8000b7b6 (0x00002f17) x30 0x8000d7b6
core   0: 0x8000b7ba (0x843f2523) sw      gp, -1974(t5)
core   0: 3 0x8000b7ba (0x843f2523) mem 0x8000d000 0x00000001
core   0: 0x8000b7be (0x0000bfe5) c.j     pc - 8
core   0: 3 0x8000b7be (0xbfe5)
core   0: 0x8000b7b6 (0x00002f17) auipc   t5, 0x2
core   0: 3 0x8000b7b6 (0x00002f17) x30 0x8000d7b6
core   0: 0x8000b7ba (0x843f2523) sw      gp, -1974(t5)
core   0: 3 0x8000b7ba (0x843f2523) mem 0x8000d000 0x00000001
core   0: 0x8000b7be (0x0000bfe5) c.j     pc - 8
core   0: 3 0x8000b7be (0xbfe5)
core   0: 0x8000b7b6 (0x00002f17) auipc   t5, 0x2
core   0: 3 0x8000b7b6 (0x00002f17) x30 0x8000d7b6
core   0: 0x8000b7ba (0x843f2523) sw      gp, -1974(t5)
core   0: 3 0x8000b7ba (0x843f2523) mem 0x8000d000 0x00000001
core   0: 0x8000b7be (0x0000bfe5) c.j     pc - 8
core   0: 3 0x8000b7be (0xbfe5)
core   0: 0x8000b7b6 (0x00002f17) auipc   t5, 0x2
core   0: 3 0x8000b7b6 (0x00002f17) x30 0x8000d7b6
core   0: 0x8000b7ba (0x843f2523) sw      gp, -1974(t5)
core   0: 3 0x8000b7ba (0x843f2523) mem 0x8000d000 0x00000001
core   0: 0x8000b7be (0x0000bfe5) c.j     pc - 8
core   0: 3 0x8000b7be (0xbfe5)
core   0: 0x8000b7b6 (0x00002f17) auipc   t5, 0x2
core   0: 3 0x8000b7b6 (0x00002f17) x30 0x8000d7b6
core   0: 0x8000b7ba (0x843f2523) sw      gp, -1974(t5)
core   0: 3 0x8000b7ba (0x843f2523) mem 0x8000d000 0x00000001
core   0: 0x8000b7be (0x0000bfe5) c.j     pc - 8
core   0: 3 0x8000b7be (0xbfe5)
core   0: 0x8000b7b6 (0x00002f17) auipc   t5, 0x2
core   0: 3 0x8000b7b6 (0x00002f17) x30 0x8000d7b6
core   0: 0x8000b7ba (0x843f2523) sw      gp, -1974(t5)
core   0: 3 0x8000b7ba (0x843f2523) mem 0x8000d000 0x00000001
core   0: 0x8000b7be (0x0000bfe5) c.j     pc - 8
core   0: 3 0x8000b7be (0xbfe5)
core   0: 0x8000b7b6 (0x00002f17) auipc   t5, 0x2
core   0: 3 0x8000b7b6 (0x00002f17) x30 0x8000d7b6
core   0: 0x8000b7ba (0x843f2523) sw      gp, -1974(t5)
core   0: 3 0x8000b7ba (0x843f2523) mem 0x8000d000 0x00000001
core   0: 0x8000b7be (0x0000bfe5) c.j     pc - 8
core   0: 3 0x8000b7be (0xbfe5)
core   0: 0x8000b7b6 (0x00002f17) auipc   t5, 0x2
core   0: 3 0x8000b7b6 (0x00002f17) x30 0x8000d7b6
core   0: 0x8000b7ba (0x843f2523) sw      gp, -1974(t5)
core   0: 3 0x8000b7ba (0x843f2523) mem 0x8000d000 0x00000001
core   0: 0x8000b7be (0x0000bfe5) c.j     pc - 8
core   0: 3 0x8000b7be (0xbfe5)
core   0: 0x8000b7b6 (0x00002f17) auipc   t5, 0x2
core   0: 3 0x8000b7b6 (0x00002f17) x30 0x8000d7b6
core   0: 0x8000b7ba (0x843f2523) sw      gp, -1974(t5)
core   0: 3 0x8000b7ba (0x843f2523) mem 0x8000d000 0x00000001
core   0: 0x8000b7be (0x0000bfe5) c.j     pc - 8
core   0: 3 0x8000b7be (0xbfe5)
core   0: 0x8000b7b6 (0x00002f17) auipc   t5, 0x2
core   0: 3 0x8000b7b6 (0x00002f17) x30 0x8000d7b6
core   0: 0x8000b7ba (0x843f2523) sw      gp, -1974(t5)
core   0: 3 0x8000b7ba (0x843f2523) mem 0x8000d000 0x00000001
core   0: 0x8000b7be (0x0000bfe5) c.j     pc - 8
core   0: 3 0x8000b7be (0xbfe5)
core   0: 0x8000b7b6 (0x00002f17) auipc   t5, 0x2
core   0: 3 0x8000b7b6 (0x00002f17) x30 0x8000d7b6
core   0: 0x8000b7ba (0x843f2523) sw      gp, -1974(t5)
core   0: 3 0x8000b7ba (0x843f2523) mem 0x8000d000 0x00000001
core   0: 0x8000b7be (0x0000bfe5) c.j     pc - 8
core   0: 3 0x8000b7be (0xbfe5)
core   0: 0x8000b7b6 (0x00002f17) auipc   t5, 0x2
core   0: 3 0x8000b7b6 (0x00002f17) x30 0x8000d7b6
core   0: 0x8000b7ba (0x843f2523) sw      gp, -1974(t5)
core   0: 3 0x8000b7ba (0x843f2523) mem 0x8000d000 0x00000001
core   0: 0x8000b7be (0x0000bfe5) c.j     pc - 8
core   0: 3 0x8000b7be (0xbfe5)
core   0: 0x8000b7b6 (0x00002f17) auipc   t5, 0x2
core   0: 3 0x8000b7b6 (0x00002f17) x30 0x8000d7b6
core   0: 0x8000b7ba (0x843f2523) sw      gp, -1974(t5)
core   0: 3 0x8000b7ba (0x843f2523) mem 0x8000d000 0x00000001
core   0: 0x8000b7be (0x0000bfe5) c.j     pc - 8
core   0: 3 0x8000b7be (0xbfe5)
core   0: 0x8000b7b6 (0x00002f17) auipc   t5, 0x2
core   0: 3 0x8000b7b6 (0x00002f17) x30 0x8000d7b6
core   0: 0x8000b7ba (0x843f2523) sw      gp, -1974(t5)
core   0: 3 0x8000b7ba (0x843f2523) mem 0x8000d000 0x00000001
core   0: 0x8000b7be (0x0000bfe5) c.j     pc - 8
core   0: 3 0x8000b7be (0xbfe5)
core   0: 0x8000b7b6 (0x00002f17) auipc   t5, 0x2
core   0: 3 0x8000b7b6 (0x00002f17) x30 0x8000d7b6
core   0: 0x8000b7ba (0x843f2523) sw      gp, -1974(t5)
core   0: 3 0x8000b7ba (0x843f2523) mem 0x8000d000 0x00000001
core   0: 0x8000b7be (0x0000bfe5) c.j     pc - 8
core   0: 3 0x8000b7be (0xbfe5)
core   0: 0x8000b7b6 (0x00002f17) auipc   t5, 0x2
core   0: 3 0x8000b7b6 (0x00002f17) x30 0x8000d7b6
core   0: 0x8000b7ba (0x843f2523) sw      gp, -1974(t5)
core   0: 3 0x8000b7ba (0x843f2523) mem 0x8000d000 0x00000001
core   0: 0x8000b7be (0x0000bfe5) c.j     pc - 8
core   0: 3 0x8000b7be (0xbfe5)
core   0: 0x8000b7b6 (0x00002f17) auipc   t5, 0x2
core   0: 3 0x8000b7b6 (0x00002f17) x30 0x8000d7b6
core   0: 0x8000b7ba (0x843f2523) sw      gp, -1974(t5)
core   0: 3 0x8000b7ba (0x843f2523) mem 0x8000d000 0x00000001
core   0: 0x8000b7be (0x0000bfe5) c.j     pc - 8
core   0: 3 0x8000b7be (0xbfe5)
core   0: 0x8000b7b6 (0x00002f17) auipc   t5, 0x2
core   0: 3 0x8000b7b6 (0x00002f17) x30 0x8000d7b6
core   0: 0x8000b7ba (0x843f2523) sw      gp, -1974(t5)
core   0: 3 0x8000b7ba (0x843f2523) mem 0x8000d000 0x00000001
core   0: 0x8000b7be (0x0000bfe5) c.j     pc - 8
core   0: 3 0x8000b7be (0xbfe5)
core   0: 0x8000b7b6 (0x00002f17) auipc   t5, 0x2
core   0: 3 0x8000b7b6 (0x00002f17) x30 0x8000d7b6
core   0: 0x8000b7ba (0x843f2523) sw      gp, -1974(t5)
core   0: 3 0x8000b7ba (0x843f2523) mem 0x8000d000 0x00000001
core   0: 0x8000b7be (0x0000bfe5) c.j     pc - 8
core   0: 3 0x8000b7be (0xbfe5)
core   0: 0x8000b7b6 (0x00002f17) auipc   t5, 0x2
core   0: 3 0x8000b7b6 (0x00002f17) x30 0x8000d7b6
core   0: 0x8000b7ba (0x843f2523) sw      gp, -1974(t5)
core   0: 3 0x8000b7ba (0x843f2523) mem 0x8000d000 0x00000001
core   0: 0x8000b7be (0x0000bfe5) c.j     pc - 8
core   0: 3 0x8000b7be (0xbfe5)
core   0: 0x8000b7b6 (0x00002f17) auipc   t5, 0x2
core   0: 3 0x8000b7b6 (0x00002f17) x30 0x8000d7b6
core   0: 0x8000b7ba (0x843f2523) sw      gp, -1974(t5)
core   0: 3 0x8000b7ba (0x843f2523) mem 0x8000d000 0x00000001
core   0: 0x8000b7be (0x0000bfe5) c.j     pc - 8
core   0: 3 0x8000b7be (0xbfe5)
core   0: 0x8000b7b6 (0x00002f17) auipc   t5, 0x2
core   0: 3 0x8000b7b6 (0x00002f17) x30 0x8000d7b6
core   0: 0x8000b7ba (0x843f2523) sw      gp, -1974(t5)
core   0: 3 0x8000b7ba (0x843f2523) mem 0x8000d000 0x00000001
core   0: 0x8000b7be (0x0000bfe5) c.j     pc - 8
core   0: 3 0x8000b7be (0xbfe5)
core   0: 0x8000b7b6 (0x00002f17) auipc   t5, 0x2
core   0: 3 0x8000b7b6 (0x00002f17) x30 0x8000d7b6
core   0: 0x8000b7ba (0x843f2523) sw      gp, -1974(t5)
core   0: 3 0x8000b7ba (0x843f2523) mem 0x8000d000 0x00000001
core   0: 0x8000b7be (0x0000bfe5) c.j     pc - 8
core   0: 3 0x8000b7be (0xbfe5)
core   0: 0x8000b7b6 (0x00002f17) auipc   t5, 0x2
core   0: 3 0x8000b7b6 (0x00002f17) x30 0x8000d7b6
core   0: 0x8000b7ba (0x843f2523) sw      gp, -1974(t5)
core   0: 3 0x8000b7ba (0x843f2523) mem 0x8000d000 0x00000001
core   0: 0x8000b7be (0x0000bfe5) c.j     pc - 8
core   0: 3 0x8000b7be (0xbfe5)
core   0: 0x8000b7b6 (0x00002f17) auipc   t5, 0x2
core   0: 3 0x8000b7b6 (0x00002f17) x30 0x8000d7b6
core   0: 0x8000b7ba (0x843f2523) sw      gp, -1974(t5)
core   0: 3 0x8000b7ba (0x843f2523) mem 0x8000d000 0x00000001
core   0: 0x8000b7be (0x0000bfe5) c.j     pc - 8
core   0: 3 0x8000b7be (0xbfe5)
core   0: 0x8000b7b6 (0x00002f17) auipc   t5, 0x2
core   0: 3 0x8000b7b6 (0x00002f17) x30 0x8000d7b6
core   0: 0x8000b7ba (0x843f2523) sw      gp, -1974(t5)
core   0: 3 0x8000b7ba (0x843f2523) mem 0x8000d000 0x00000001
core   0: 0x8000b7be (0x0000bfe5) c.j     pc - 8
core   0: 3 0x8000b7be (0xbfe5)
core   0: 0x8000b7b6 (0x00002f17) auipc   t5, 0x2
core   0: 3 0x8000b7b6 (0x00002f17) x30 0x8000d7b6
core   0: 0x8000b7ba (0x843f2523) sw      gp, -1974(t5)
core   0: 3 0x8000b7ba (0x843f2523) mem 0x8000d000 0x00000001
core   0: 0x8000b7be (0x0000bfe5) c.j     pc - 8
core   0: 3 0x8000b7be (0xbfe5)
core   0: 0x8000b7b6 (0x00002f17) auipc   t5, 0x2
core   0: 3 0x8000b7b6 (0x00002f17) x30 0x8000d7b6
core   0: 0x8000b7ba (0x843f2523) sw      gp, -1974(t5)
core   0: 3 0x8000b7ba (0x843f2523) mem 0x8000d000 0x00000001
core   0: 0x8000b7be (0x0000bfe5) c.j     pc - 8
core   0: 3 0x8000b7be (0xbfe5)
core   0: 0x8000b7b6 (0x00002f17) auipc   t5, 0x2
core   0: 3 0x8000b7b6 (0x00002f17) x30 0x8000d7b6
core   0: 0x8000b7ba (0x843f2523) sw      gp, -1974(t5)
core   0: 3 0x8000b7ba (0x843f2523) mem 0x8000d000 0x00000001
core   0: 0x8000b7be (0x0000bfe5) c.j     pc - 8
core   0: 3 0x8000b7be (0xbfe5)
core   0: 0x8000b7b6 (0x00002f17) auipc   t5, 0x2
core   0: 3 0x8000b7b6 (0x00002f17) x30 0x8000d7b6
core   0: 0x8000b7ba (0x843f2523) sw      gp, -1974(t5)
core   0: 3 0x8000b7ba (0x843f2523) mem 0x8000d000 0x00000001
core   0: 0x8000b7be (0x0000bfe5) c.j     pc - 8
core   0: 3 0x8000b7be (0xbfe5)
core   0: 0x8000b7b6 (0x00002f17) auipc   t5, 0x2
core   0: 3 0x8000b7b6 (0x00002f17) x30 0x8000d7b6
core   0: 0x8000b7ba (0x843f2523) sw      gp, -1974(t5)
core   0: 3 0x8000b7ba (0x843f2523) mem 0x8000d000 0x00000001
core   0: 0x8000b7be (0x0000bfe5) c.j     pc - 8
core   0: 3 0x8000b7be (0xbfe5)
core   0: 0x8000b7b6 (0x00002f17) auipc   t5, 0x2
core   0: 3 0x8000b7b6 (0x00002f17) x30 0x8000d7b6
core   0: 0x8000b7ba (0x843f2523) sw      gp, -1974(t5)
core   0: 3 0x8000b7ba (0x843f2523) mem 0x8000d000 0x00000001
core   0: 0x8000b7be (0x0000bfe5) c.j     pc - 8
core   0: 3 0x8000b7be (0xbfe5)
core   0: 0x8000b7b6 (0x00002f17) auipc   t5, 0x2
core   0: 3 0x8000b7b6 (0x00002f17) x30 0x8000d7b6
core   0: 0x8000b7ba (0x843f2523) sw      gp, -1974(t5)
core   0: 3 0x8000b7ba (0x843f2523) mem 0x8000d000 0x00000001
core   0: 0x8000b7be (0x0000bfe5) c.j     pc - 8
core   0: 3 0x8000b7be (0xbfe5)
core   0: 0x8000b7b6 (0x00002f17) auipc   t5, 0x2
core   0: 3 0x8000b7b6 (0x00002f17) x30 0x8000d7b6
core   0: 0x8000b7ba (0x843f2523) sw      gp, -1974(t5)
core   0: 3 0x8000b7ba (0x843f2523) mem 0x8000d000 0x00000001
core   0: 0x8000b7be (0x0000bfe5) c.j     pc - 8
core   0: 3 0x8000b7be (0xbfe5)
core   0: 0x8000b7b6 (0x00002f17) auipc   t5, 0x2
core   0: 3 0x8000b7b6 (0x00002f17) x30 0x8000d7b6
core   0: 0x8000b7ba (0x843f2523) sw      gp, -1974(t5)
core   0: 3 0x8000b7ba (0x843f2523) mem 0x8000d000 0x00000001
core   0: 0x8000b7be (0x0000bfe5) c.j     pc - 8
core   0: 3 0x8000b7be (0xbfe5)
core   0: 0x8000b7b6 (0x00002f17) auipc   t5, 0x2
core   0: 3 0x8000b7b6 (0x00002f17) x30 0x8000d7b6
core   0: 0x8000b7ba (0x843f2523) sw      gp, -1974(t5)
core   0: 3 0x8000b7ba (0x843f2523) mem 0x8000d000 0x00000001
core   0: 0x8000b7be (0x0000bfe5) c.j     pc - 8
core   0: 3 0x8000b7be (0xbfe5)
core   0: 0x8000b7b6 (0x00002f17) auipc   t5, 0x2
core   0: 3 0x8000b7b6 (0x00002f17) x30 0x8000d7b6
core   0: 0x8000b7ba (0x843f2523) sw      gp, -1974(t5)
core   0: 3 0x8000b7ba (0x843f2523) mem 0x8000d000 0x00000001
core   0: 0x8000b7be (0x0000bfe5) c.j     pc - 8
core   0: 3 0x8000b7be (0xbfe5)
core   0: 0x8000b7b6 (0x00002f17) auipc   t5, 0x2
core   0: 3 0x8000b7b6 (0x00002f17) x30 0x8000d7b6
core   0: 0x8000b7ba (0x843f2523) sw      gp, -1974(t5)
core   0: 3 0x8000b7ba (0x843f2523) mem 0x8000d000 0x00000001
core   0: 0x8000b7be (0x0000bfe5) c.j     pc - 8
core   0: 3 0x8000b7be (0xbfe5)
core   0: 0x8000b7b6 (0x00002f17) auipc   t5, 0x2
core   0: 3 0x8000b7b6 (0x00002f17) x30 0x8000d7b6
core   0: 0x8000b7ba (0x843f2523) sw      gp, -1974(t5)
core   0: 3 0x8000b7ba (0x843f2523) mem 0x8000d000 0x00000001
core   0: 0x8000b7be (0x0000bfe5) c.j     pc - 8
core   0: 3 0x8000b7be (0xbfe5)
core   0: 0x8000b7b6 (0x00002f17) auipc   t5, 0x2
core   0: 3 0x8000b7b6 (0x00002f17) x30 0x8000d7b6
core   0: 0x8000b7ba (0x843f2523) sw      gp, -1974(t5)
core   0: 3 0x8000b7ba (0x843f2523) mem 0x8000d000 0x00000001
core   0: 0x8000b7be (0x0000bfe5) c.j     pc - 8
core   0: 3 0x8000b7be (0xbfe5)
core   0: 0x8000b7b6 (0x00002f17) auipc   t5, 0x2
core   0: 3 0x8000b7b6 (0x00002f17) x30 0x8000d7b6
core   0: 0x8000b7ba (0x843f2523) sw      gp, -1974(t5)
core   0: 3 0x8000b7ba (0x843f2523) mem 0x8000d000 0x00000001
core   0: 0x8000b7be (0x0000bfe5) c.j     pc - 8
core   0: 3 0x8000b7be (0xbfe5)
core   0: 0x8000b7b6 (0x00002f17) auipc   t5, 0x2
core   0: 3 0x8000b7b6 (0x00002f17) x30 0x8000d7b6
core   0: 0x8000b7ba (0x843f2523) sw      gp, -1974(t5)
core   0: 3 0x8000b7ba (0x843f2523) mem 0x8000d000 0x00000001
core   0: 0x8000b7be (0x0000bfe5) c.j     pc - 8
core   0: 3 0x8000b7be (0xbfe5)
core   0: 0x8000b7b6 (0x00002f17) auipc   t5, 0x2
core   0: 3 0x8000b7b6 (0x00002f17) x30 0x8000d7b6
core   0: 0x8000b7ba (0x843f2523) sw      gp, -1974(t5)
core   0: 3 0x8000b7ba (0x843f2523) mem 0x8000d000 0x00000001
core   0: 0x8000b7be (0x0000bfe5) c.j     pc - 8
core   0: 3 0x8000b7be (0xbfe5)
core   0: 0x8000b7b6 (0x00002f17) auipc   t5, 0x2
core   0: 3 0x8000b7b6 (0x00002f17) x30 0x8000d7b6
core   0: 0x8000b7ba (0x843f2523) sw      gp, -1974(t5)
core   0: 3 0x8000b7ba (0x843f2523) mem 0x8000d000 0x00000001
core   0: 0x8000b7be (0x0000bfe5) c.j     pc - 8
core   0: 3 0x8000b7be (0xbfe5)
core   0: 0x8000b7b6 (0x00002f17) auipc   t5, 0x2
core   0: 3 0x8000b7b6 (0x00002f17) x30 0x8000d7b6
core   0: 0x8000b7ba (0x843f2523) sw      gp, -1974(t5)
core   0: 3 0x8000b7ba (0x843f2523) mem 0x8000d000 0x00000001
core   0: 0x8000b7be (0x0000bfe5) c.j     pc - 8
core   0: 3 0x8000b7be (0xbfe5)
core   0: 0x8000b7b6 (0x00002f17) auipc   t5, 0x2
core   0: 3 0x8000b7b6 (0x00002f17) x30 0x8000d7b6
core   0: 0x8000b7ba (0x843f2523) sw      gp, -1974(t5)
core   0: 3 0x8000b7ba (0x843f2523) mem 0x8000d000 0x00000001
core   0: 0x8000b7be (0x0000bfe5) c.j     pc - 8
core   0: 3 0x8000b7be (0xbfe5)
core   0: 0x8000b7b6 (0x00002f17) auipc   t5, 0x2
core   0: 3 0x8000b7b6 (0x00002f17) x30 0x8000d7b6
core   0: 0x8000b7ba (0x843f2523) sw      gp, -1974(t5)
core   0: 3 0x8000b7ba (0x843f2523) mem 0x8000d000 0x00000001
core   0: 0x8000b7be (0x0000bfe5) c.j     pc - 8
core   0: 3 0x8000b7be (0xbfe5)
core   0: 0x8000b7b6 (0x00002f17) auipc   t5, 0x2
core   0: 3 0x8000b7b6 (0x00002f17) x30 0x8000d7b6
core   0: 0x8000b7ba (0x843f2523) sw      gp, -1974(t5)
core   0: 3 0x8000b7ba (0x843f2523) mem 0x8000d000 0x00000001
core   0: 0x8000b7be (0x0000bfe5) c.j     pc - 8
core   0: 3 0x8000b7be (0xbfe5)
core   0: 0x8000b7b6 (0x00002f17) auipc   t5, 0x2
core   0: 3 0x8000b7b6 (0x00002f17) x30 0x8000d7b6
core   0: 0x8000b7ba (0x843f2523) sw      gp, -1974(t5)
core   0: 3 0x8000b7ba (0x843f2523) mem 0x8000d000 0x00000001
core   0: 0x8000b7be (0x0000bfe5) c.j     pc - 8
core   0: 3 0x8000b7be (0xbfe5)
core   0: 0x8000b7b6 (0x00002f17) auipc   t5, 0x2
core   0: 3 0x8000b7b6 (0x00002f17) x30 0x8000d7b6
core   0: 0x8000b7ba (0x843f2523) sw      gp, -1974(t5)
core   0: 3 0x8000b7ba (0x843f2523) mem 0x8000d000 0x00000001
core   0: 0x8000b7be (0x0000bfe5) c.j     pc - 8
core   0: 3 0x8000b7be (0xbfe5)
core   0: 0x8000b7b6 (0x00002f17) auipc   t5, 0x2
core   0: 3 0x8000b7b6 (0x00002f17) x30 0x8000d7b6
core   0: 0x8000b7ba (0x843f2523) sw      gp, -1974(t5)
core   0: 3 0x8000b7ba (0x843f2523) mem 0x8000d000 0x00000001
core   0: 0x8000b7be (0x0000bfe5) c.j     pc - 8
core   0: 3 0x8000b7be (0xbfe5)
core   0: 0x8000b7b6 (0x00002f17) auipc   t5, 0x2
core   0: 3 0x8000b7b6 (0x00002f17) x30 0x8000d7b6
core   0: 0x8000b7ba (0x843f2523) sw      gp, -1974(t5)
core   0: 3 0x8000b7ba (0x843f2523) mem 0x8000d000 0x00000001
core   0: 0x8000b7be (0x0000bfe5) c.j     pc - 8
core   0: 3 0x8000b7be (0xbfe5)
core   0: 0x8000b7b6 (0x00002f17) auipc   t5, 0x2
core   0: 3 0x8000b7b6 (0x00002f17) x30 0x8000d7b6
core   0: 0x8000b7ba (0x843f2523) sw      gp, -1974(t5)
core   0: 3 0x8000b7ba (0x843f2523) mem 0x8000d000 0x00000001
core   0: 0x8000b7be (0x0000bfe5) c.j     pc - 8
core   0: 3 0x8000b7be (0xbfe5)
core   0: 0x8000b7b6 (0x00002f17) auipc   t5, 0x2
core   0: 3 0x8000b7b6 (0x00002f17) x30 0x8000d7b6
core   0: 0x8000b7ba (0x843f2523) sw      gp, -1974(t5)
core   0: 3 0x8000b7ba (0x843f2523) mem 0x8000d000 0x00000001
core   0: 0x8000b7be (0x0000bfe5) c.j     pc - 8
core   0: 3 0x8000b7be (0xbfe5)
core   0: 0x8000b7b6 (0x00002f17) auipc   t5, 0x2
core   0: 3 0x8000b7b6 (0x00002f17) x30 0x8000d7b6
core   0: 0x8000b7ba (0x843f2523) sw      gp, -1974(t5)
core   0: 3 0x8000b7ba (0x843f2523) mem 0x8000d000 0x00000001
core   0: 0x8000b7be (0x0000bfe5) c.j     pc - 8
core   0: 3 0x8000b7be (0xbfe5)
core   0: 0x8000b7b6 (0x00002f17) auipc   t5, 0x2
core   0: 3 0x8000b7b6 (0x00002f17) x30 0x8000d7b6
core   0: 0x8000b7ba (0x843f2523) sw      gp, -1974(t5)
core   0: 3 0x8000b7ba (0x843f2523) mem 0x8000d000 0x00000001
core   0: 0x8000b7be (0x0000bfe5) c.j     pc - 8
core   0: 3 0x8000b7be (0xbfe5)
core   0: 0x8000b7b6 (0x00002f17) auipc   t5, 0x2
core   0: 3 0x8000b7b6 (0x00002f17) x30 0x8000d7b6
core   0: 0x8000b7ba (0x843f2523) sw      gp, -1974(t5)
core   0: 3 0x8000b7ba (0x843f2523) mem 0x8000d000 0x00000001
core   0: 0x8000b7be (0x0000bfe5) c.j     pc - 8
core   0: 3 0x8000b7be (0xbfe5)
core   0: 0x8000b7b6 (0x00002f17) auipc   t5, 0x2
core   0: 3 0x8000b7b6 (0x00002f17) x30 0x8000d7b6
core   0: 0x8000b7ba (0x843f2523) sw      gp, -1974(t5)
core   0: 3 0x8000b7ba (0x843f2523) mem 0x8000d000 0x00000001
core   0: 0x8000b7be (0x0000bfe5) c.j     pc - 8
core   0: 3 0x8000b7be (0xbfe5)
core   0: 0x8000b7b6 (0x00002f17) auipc   t5, 0x2
core   0: 3 0x8000b7b6 (0x00002f17) x30 0x8000d7b6
core   0: 0x8000b7ba (0x843f2523) sw      gp, -1974(t5)
core   0: 3 0x8000b7ba (0x843f2523) mem 0x8000d000 0x00000001
core   0: 0x8000b7be (0x0000bfe5) c.j     pc - 8
core   0: 3 0x8000b7be (0xbfe5)
core   0: 0x8000b7b6 (0x00002f17) auipc   t5, 0x2
core   0: 3 0x8000b7b6 (0x00002f17) x30 0x8000d7b6
core   0: 0x8000b7ba (0x843f2523) sw      gp, -1974(t5)
core   0: 3 0x8000b7ba (0x843f2523) mem 0x8000d000 0x00000001
core   0: 0x8000b7be (0x0000bfe5) c.j     pc - 8
core   0: 3 0x8000b7be (0xbfe5)
core   0: 0x8000b7b6 (0x00002f17) auipc   t5, 0x2
core   0: 3 0x8000b7b6 (0x00002f17) x30 0x8000d7b6
core   0: 0x8000b7ba (0x843f2523) sw      gp, -1974(t5)
core   0: 3 0x8000b7ba (0x843f2523) mem 0x8000d000 0x00000001
core   0: 0x8000b7be (0x0000bfe5) c.j     pc - 8
core   0: 3 0x8000b7be (0xbfe5)
core   0: 0x8000b7b6 (0x00002f17) auipc   t5, 0x2
core   0: 3 0x8000b7b6 (0x00002f17) x30 0x8000d7b6
core   0: 0x8000b7ba (0x843f2523) sw      gp, -1974(t5)
core   0: 3 0x8000b7ba (0x843f2523) mem 0x8000d000 0x00000001
core   0: 0x8000b7be (0x0000bfe5) c.j     pc - 8
core   0: 3 0x8000b7be (0xbfe5)
core   0: 0x8000b7b6 (0x00002f17) auipc   t5, 0x2
core   0: 3 0x8000b7b6 (0x00002f17) x30 0x8000d7b6
core   0: 0x8000b7ba (0x843f2523) sw      gp, -1974(t5)
core   0: 3 0x8000b7ba (0x843f2523) mem 0x8000d000 0x00000001
core   0: 0x8000b7be (0x0000bfe5) c.j     pc - 8
core   0: 3 0x8000b7be (0xbfe5)
core   0: 0x8000b7b6 (0x00002f17) auipc   t5, 0x2
core   0: 3 0x8000b7b6 (0x00002f17) x30 0x8000d7b6
core   0: 0x8000b7ba (0x843f2523) sw      gp, -1974(t5)
core   0: 3 0x8000b7ba (0x843f2523) mem 0x8000d000 0x00000001
core   0: 0x8000b7be (0x0000bfe5) c.j     pc - 8
core   0: 3 0x8000b7be (0xbfe5)
core   0: 0x8000b7b6 (0x00002f17) auipc   t5, 0x2
core   0: 3 0x8000b7b6 (0x00002f17) x30 0x8000d7b6
core   0: 0x8000b7ba (0x843f2523) sw      gp, -1974(t5)
core   0: 3 0x8000b7ba (0x843f2523) mem 0x8000d000 0x00000001
core   0: 0x8000b7be (0x0000bfe5) c.j     pc - 8
core   0: 3 0x8000b7be (0xbfe5)
core   0: 0x8000b7b6 (0x00002f17) auipc   t5, 0x2
core   0: 3 0x8000b7b6 (0x00002f17) x30 0x8000d7b6
core   0: 0x8000b7ba (0x843f2523) sw      gp, -1974(t5)
core   0: 3 0x8000b7ba (0x843f2523) mem 0x8000d000 0x00000001
core   0: 0x8000b7be (0x0000bfe5) c.j     pc - 8
core   0: 3 0x8000b7be (0xbfe5)
core   0: 0x8000b7b6 (0x00002f17) auipc   t5, 0x2
core   0: 3 0x8000b7b6 (0x00002f17) x30 0x8000d7b6
core   0: 0x8000b7ba (0x843f2523) sw      gp, -1974(t5)
core   0: 3 0x8000b7ba (0x843f2523) mem 0x8000d000 0x00000001
core   0: 0x8000b7be (0x0000bfe5) c.j     pc - 8
core   0: 3 0x8000b7be (0xbfe5)
core   0: 0x8000b7b6 (0x00002f17) auipc   t5, 0x2
core   0: 3 0x8000b7b6 (0x00002f17) x30 0x8000d7b6
core   0: 0x8000b7ba (0x843f2523) sw      gp, -1974(t5)
core   0: 3 0x8000b7ba (0x843f2523) mem 0x8000d000 0x00000001
core   0: 0x8000b7be (0x0000bfe5) c.j     pc - 8
core   0: 3 0x8000b7be (0xbfe5)
core   0: 0x8000b7b6 (0x00002f17) auipc   t5, 0x2
core   0: 3 0x8000b7b6 (0x00002f17) x30 0x8000d7b6
core   0: 0x8000b7ba (0x843f2523) sw      gp, -1974(t5)
core   0: 3 0x8000b7ba (0x843f2523) mem 0x8000d000 0x00000001
core   0: 0x8000b7be (0x0000bfe5) c.j     pc - 8
core   0: 3 0x8000b7be (0xbfe5)
core   0: 0x8000b7b6 (0x00002f17) auipc   t5, 0x2
core   0: 3 0x8000b7b6 (0x00002f17) x30 0x8000d7b6
core   0: 0x8000b7ba (0x843f2523) sw      gp, -1974(t5)
core   0: 3 0x8000b7ba (0x843f2523) mem 0x8000d000 0x00000001
core   0: 0x8000b7be (0x0000bfe5) c.j     pc - 8
core   0: 3 0x8000b7be (0xbfe5)
core   0: 0x8000b7b6 (0x00002f17) auipc   t5, 0x2
core   0: 3 0x8000b7b6 (0x00002f17) x30 0x8000d7b6
core   0: 0x8000b7ba (0x843f2523) sw      gp, -1974(t5)
core   0: 3 0x8000b7ba (0x843f2523) mem 0x8000d000 0x00000001
core   0: 0x8000b7be (0x0000bfe5) c.j     pc - 8
core   0: 3 0x8000b7be (0xbfe5)
core   0: 0x8000b7b6 (0x00002f17) auipc   t5, 0x2
core   0: 3 0x8000b7b6 (0x00002f17) x30 0x8000d7b6
core   0: 0x8000b7ba (0x843f2523) sw      gp, -1974(t5)
core   0: 3 0x8000b7ba (0x843f2523) mem 0x8000d000 0x00000001
core   0: 0x8000b7be (0x0000bfe5) c.j     pc - 8
core   0: 3 0x8000b7be (0xbfe5)
core   0: 0x8000b7b6 (0x00002f17) auipc   t5, 0x2
core   0: 3 0x8000b7b6 (0x00002f17) x30 0x8000d7b6
core   0: 0x8000b7ba (0x843f2523) sw      gp, -1974(t5)
core   0: 3 0x8000b7ba (0x843f2523) mem 0x8000d000 0x00000001
core   0: 0x8000b7be (0x0000bfe5) c.j     pc - 8
core   0: 3 0x8000b7be (0xbfe5)
core   0: 0x8000b7b6 (0x00002f17) auipc   t5, 0x2
core   0: 3 0x8000b7b6 (0x00002f17) x30 0x8000d7b6
core   0: 0x8000b7ba (0x843f2523) sw      gp, -1974(t5)
core   0: 3 0x8000b7ba (0x843f2523) mem 0x8000d000 0x00000001
core   0: 0x8000b7be (0x0000bfe5) c.j     pc - 8
core   0: 3 0x8000b7be (0xbfe5)
core   0: 0x8000b7b6 (0x00002f17) auipc   t5, 0x2
core   0: 3 0x8000b7b6 (0x00002f17) x30 0x8000d7b6
core   0: 0x8000b7ba (0x843f2523) sw      gp, -1974(t5)
core   0: 3 0x8000b7ba (0x843f2523) mem 0x8000d000 0x00000001
core   0: 0x8000b7be (0x0000bfe5) c.j     pc - 8
core   0: 3 0x8000b7be (0xbfe5)
core   0: 0x8000b7b6 (0x00002f17) auipc   t5, 0x2
core   0: 3 0x8000b7b6 (0x00002f17) x30 0x8000d7b6
core   0: 0x8000b7ba (0x843f2523) sw      gp, -1974(t5)
core   0: 3 0x8000b7ba (0x843f2523) mem 0x8000d000 0x00000001
core   0: 0x8000b7be (0x0000bfe5) c.j     pc - 8
core   0: 3 0x8000b7be (0xbfe5)
core   0: 0x8000b7b6 (0x00002f17) auipc   t5, 0x2
core   0: 3 0x8000b7b6 (0x00002f17) x30 0x8000d7b6
core   0: 0x8000b7ba (0x843f2523) sw      gp, -1974(t5)
core   0: 3 0x8000b7ba (0x843f2523) mem 0x8000d000 0x00000001
core   0: 0x8000b7be (0x0000bfe5) c.j     pc - 8
core   0: 3 0x8000b7be (0xbfe5)
core   0: 0x8000b7b6 (0x00002f17) auipc   t5, 0x2
core   0: 3 0x8000b7b6 (0x00002f17) x30 0x8000d7b6
core   0: 0x8000b7ba (0x843f2523) sw      gp, -1974(t5)
core   0: 3 0x8000b7ba (0x843f2523) mem 0x8000d000 0x00000001
core   0: 0x8000b7be (0x0000bfe5) c.j     pc - 8
core   0: 3 0x8000b7be (0xbfe5)
core   0: 0x8000b7b6 (0x00002f17) auipc   t5, 0x2
core   0: 3 0x8000b7b6 (0x00002f17) x30 0x8000d7b6
core   0: 0x8000b7ba (0x843f2523) sw      gp, -1974(t5)
core   0: 3 0x8000b7ba (0x843f2523) mem 0x8000d000 0x00000001
core   0: 0x8000b7be (0x0000bfe5) c.j     pc - 8
core   0: 3 0x8000b7be (0xbfe5)
core   0: 0x8000b7b6 (0x00002f17) auipc   t5, 0x2
core   0: 3 0x8000b7b6 (0x00002f17) x30 0x8000d7b6
core   0: 0x8000b7ba (0x843f2523) sw      gp, -1974(t5)
core   0: 3 0x8000b7ba (0x843f2523) mem 0x8000d000 0x00000001
core   0: 0x8000b7be (0x0000bfe5) c.j     pc - 8
core   0: 3 0x8000b7be (0xbfe5)
core   0: 0x8000b7b6 (0x00002f17) auipc   t5, 0x2
core   0: 3 0x8000b7b6 (0x00002f17) x30 0x8000d7b6
core   0: 0x8000b7ba (0x843f2523) sw      gp, -1974(t5)
core   0: 3 0x8000b7ba (0x843f2523) mem 0x8000d000 0x00000001
core   0: 0x8000b7be (0x0000bfe5) c.j     pc - 8
core   0: 3 0x8000b7be (0xbfe5)
core   0: 0x8000b7b6 (0x00002f17) auipc   t5, 0x2
core   0: 3 0x8000b7b6 (0x00002f17) x30 0x8000d7b6
core   0: 0x8000b7ba (0x843f2523) sw      gp, -1974(t5)
core   0: 3 0x8000b7ba (0x843f2523) mem 0x8000d000 0x00000001
core   0: 0x8000b7be (0x0000bfe5) c.j     pc - 8
core   0: 3 0x8000b7be (0xbfe5)
core   0: 0x8000b7b6 (0x00002f17) auipc   t5, 0x2
core   0: 3 0x8000b7b6 (0x00002f17) x30 0x8000d7b6
core   0: 0x8000b7ba (0x843f2523) sw      gp, -1974(t5)
core   0: 3 0x8000b7ba (0x843f2523) mem 0x8000d000 0x00000001
core   0: 0x8000b7be (0x0000bfe5) c.j     pc - 8
core   0: 3 0x8000b7be (0xbfe5)
core   0: 0x8000b7b6 (0x00002f17) auipc   t5, 0x2
core   0: 3 0x8000b7b6 (0x00002f17) x30 0x8000d7b6
core   0: 0x8000b7ba (0x843f2523) sw      gp, -1974(t5)
core   0: 3 0x8000b7ba (0x843f2523) mem 0x8000d000 0x00000001
core   0: 0x8000b7be (0x0000bfe5) c.j     pc - 8
core   0: 3 0x8000b7be (0xbfe5)
core   0: 0x8000b7b6 (0x00002f17) auipc   t5, 0x2
core   0: 3 0x8000b7b6 (0x00002f17) x30 0x8000d7b6
core   0: 0x8000b7ba (0x843f2523) sw      gp, -1974(t5)
core   0: 3 0x8000b7ba (0x843f2523) mem 0x8000d000 0x00000001
core   0: 0x8000b7be (0x0000bfe5) c.j     pc - 8
core   0: 3 0x8000b7be (0xbfe5)
core   0: 0x8000b7b6 (0x00002f17) auipc   t5, 0x2
core   0: 3 0x8000b7b6 (0x00002f17) x30 0x8000d7b6
core   0: 0x8000b7ba (0x843f2523) sw      gp, -1974(t5)
core   0: 3 0x8000b7ba (0x843f2523) mem 0x8000d000 0x00000001
core   0: 0x8000b7be (0x0000bfe5) c.j     pc - 8
core   0: 3 0x8000b7be (0xbfe5)
core   0: 0x8000b7b6 (0x00002f17) auipc   t5, 0x2
core   0: 3 0x8000b7b6 (0x00002f17) x30 0x8000d7b6
core   0: 0x8000b7ba (0x843f2523) sw      gp, -1974(t5)
core   0: 3 0x8000b7ba (0x843f2523) mem 0x8000d000 0x00000001
core   0: 0x8000b7be (0x0000bfe5) c.j     pc - 8
core   0: 3 0x8000b7be (0xbfe5)
core   0: 0x8000b7b6 (0x00002f17) auipc   t5, 0x2
core   0: 3 0x8000b7b6 (0x00002f17) x30 0x8000d7b6
core   0: 0x8000b7ba (0x843f2523) sw      gp, -1974(t5)
core   0: 3 0x8000b7ba (0x843f2523) mem 0x8000d000 0x00000001
core   0: 0x8000b7be (0x0000bfe5) c.j     pc - 8
core   0: 3 0x8000b7be (0xbfe5)
core   0: 0x8000b7b6 (0x00002f17) auipc   t5, 0x2
core   0: 3 0x8000b7b6 (0x00002f17) x30 0x8000d7b6
core   0: 0x8000b7ba (0x843f2523) sw      gp, -1974(t5)
core   0: 3 0x8000b7ba (0x843f2523) mem 0x8000d000 0x00000001
core   0: 0x8000b7be (0x0000bfe5) c.j     pc - 8
core   0: 3 0x8000b7be (0xbfe5)
core   0: 0x8000b7b6 (0x00002f17) auipc   t5, 0x2
core   0: 3 0x8000b7b6 (0x00002f17) x30 0x8000d7b6
core   0: 0x8000b7ba (0x843f2523) sw      gp, -1974(t5)
core   0: 3 0x8000b7ba (0x843f2523) mem 0x8000d000 0x00000001
core   0: 0x8000b7be (0x0000bfe5) c.j     pc - 8
core   0: 3 0x8000b7be (0xbfe5)
core   0: 0x8000b7b6 (0x00002f17) auipc   t5, 0x2
core   0: 3 0x8000b7b6 (0x00002f17) x30 0x8000d7b6
core   0: 0x8000b7ba (0x843f2523) sw      gp, -1974(t5)
core   0: 3 0x8000b7ba (0x843f2523) mem 0x8000d000 0x00000001
core   0: 0x8000b7be (0x0000bfe5) c.j     pc - 8
core   0: 3 0x8000b7be (0xbfe5)
core   0: 0x8000b7b6 (0x00002f17) auipc   t5, 0x2
core   0: 3 0x8000b7b6 (0x00002f17) x30 0x8000d7b6
core   0: 0x8000b7ba (0x843f2523) sw      gp, -1974(t5)
core   0: 3 0x8000b7ba (0x843f2523) mem 0x8000d000 0x00000001
core   0: 0x8000b7be (0x0000bfe5) c.j     pc - 8
core   0: 3 0x8000b7be (0xbfe5)
core   0: 0x8000b7b6 (0x00002f17) auipc   t5, 0x2
core   0: 3 0x8000b7b6 (0x00002f17) x30 0x8000d7b6
core   0: 0x8000b7ba (0x843f2523) sw      gp, -1974(t5)
core   0: 3 0x8000b7ba (0x843f2523) mem 0x8000d000 0x00000001
core   0: 0x8000b7be (0x0000bfe5) c.j     pc - 8
core   0: 3 0x8000b7be (0xbfe5)
core   0: 0x8000b7b6 (0x00002f17) auipc   t5, 0x2
core   0: 3 0x8000b7b6 (0x00002f17) x30 0x8000d7b6
core   0: 0x8000b7ba (0x843f2523) sw      gp, -1974(t5)
core   0: 3 0x8000b7ba (0x843f2523) mem 0x8000d000 0x00000001
core   0: 0x8000b7be (0x0000bfe5) c.j     pc - 8
core   0: 3 0x8000b7be (0xbfe5)
core   0: 0x8000b7b6 (0x00002f17) auipc   t5, 0x2
core   0: 3 0x8000b7b6 (0x00002f17) x30 0x8000d7b6
core   0: 0x8000b7ba (0x843f2523) sw      gp, -1974(t5)
core   0: 3 0x8000b7ba (0x843f2523) mem 0x8000d000 0x00000001
core   0: 0x8000b7be (0x0000bfe5) c.j     pc - 8
core   0: 3 0x8000b7be (0xbfe5)
core   0: 0x8000b7b6 (0x00002f17) auipc   t5, 0x2
core   0: 3 0x8000b7b6 (0x00002f17) x30 0x8000d7b6
core   0: 0x8000b7ba (0x843f2523) sw      gp, -1974(t5)
core   0: 3 0x8000b7ba (0x843f2523) mem 0x8000d000 0x00000001
core   0: 0x8000b7be (0x0000bfe5) c.j     pc - 8
core   0: 3 0x8000b7be (0xbfe5)
core   0: 0x8000b7b6 (0x00002f17) auipc   t5, 0x2
core   0: 3 0x8000b7b6 (0x00002f17) x30 0x8000d7b6
core   0: 0x8000b7ba (0x843f2523) sw      gp, -1974(t5)
core   0: 3 0x8000b7ba (0x843f2523) mem 0x8000d000 0x00000001
core   0: 0x8000b7be (0x0000bfe5) c.j     pc - 8
core   0: 3 0x8000b7be (0xbfe5)
core   0: 0x8000b7b6 (0x00002f17) auipc   t5, 0x2
core   0: 3 0x8000b7b6 (0x00002f17) x30 0x8000d7b6
core   0: 0x8000b7ba (0x843f2523) sw      gp, -1974(t5)
core   0: 3 0x8000b7ba (0x843f2523) mem 0x8000d000 0x00000001
core   0: 0x8000b7be (0x0000bfe5) c.j     pc - 8
core   0: 3 0x8000b7be (0xbfe5)
core   0: 0x8000b7b6 (0x00002f17) auipc   t5, 0x2
core   0: 3 0x8000b7b6 (0x00002f17) x30 0x8000d7b6
core   0: 0x8000b7ba (0x843f2523) sw      gp, -1974(t5)
core   0: 3 0x8000b7ba (0x843f2523) mem 0x8000d000 0x00000001
core   0: 0x8000b7be (0x0000bfe5) c.j     pc - 8
core   0: 3 0x8000b7be (0xbfe5)
core   0: 0x8000b7b6 (0x00002f17) auipc   t5, 0x2
core   0: 3 0x8000b7b6 (0x00002f17) x30 0x8000d7b6
core   0: 0x8000b7ba (0x843f2523) sw      gp, -1974(t5)
core   0: 3 0x8000b7ba (0x843f2523) mem 0x8000d000 0x00000001
core   0: 0x8000b7be (0x0000bfe5) c.j     pc - 8
core   0: 3 0x8000b7be (0xbfe5)
core   0: 0x8000b7b6 (0x00002f17) auipc   t5, 0x2
core   0: 3 0x8000b7b6 (0x00002f17) x30 0x8000d7b6
core   0: 0x8000b7ba (0x843f2523) sw      gp, -1974(t5)
core   0: 3 0x8000b7ba (0x843f2523) mem 0x8000d000 0x00000001
core   0: 0x8000b7be (0x0000bfe5) c.j     pc - 8
core   0: 3 0x8000b7be (0xbfe5)
core   0: 0x8000b7b6 (0x00002f17) auipc   t5, 0x2
core   0: 3 0x8000b7b6 (0x00002f17) x30 0x8000d7b6
core   0: 0x8000b7ba (0x843f2523) sw      gp, -1974(t5)
core   0: 3 0x8000b7ba (0x843f2523) mem 0x8000d000 0x00000001
core   0: 0x8000b7be (0x0000bfe5) c.j     pc - 8
core   0: 3 0x8000b7be (0xbfe5)
core   0: 0x8000b7b6 (0x00002f17) auipc   t5, 0x2
core   0: 3 0x8000b7b6 (0x00002f17) x30 0x8000d7b6
core   0: 0x8000b7ba (0x843f2523) sw      gp, -1974(t5)
core   0: 3 0x8000b7ba (0x843f2523) mem 0x8000d000 0x00000001
core   0: 0x8000b7be (0x0000bfe5) c.j     pc - 8
core   0: 3 0x8000b7be (0xbfe5)
core   0: 0x8000b7b6 (0x00002f17) auipc   t5, 0x2
core   0: 3 0x8000b7b6 (0x00002f17) x30 0x8000d7b6
core   0: 0x8000b7ba (0x843f2523) sw      gp, -1974(t5)
core   0: 3 0x8000b7ba (0x843f2523) mem 0x8000d000 0x00000001
core   0: 0x8000b7be (0x0000bfe5) c.j     pc - 8
core   0: 3 0x8000b7be (0xbfe5)
core   0: 0x8000b7b6 (0x00002f17) auipc   t5, 0x2
core   0: 3 0x8000b7b6 (0x00002f17) x30 0x8000d7b6
core   0: 0x8000b7ba (0x843f2523) sw      gp, -1974(t5)
core   0: 3 0x8000b7ba (0x843f2523) mem 0x8000d000 0x00000001
core   0: 0x8000b7be (0x0000bfe5) c.j     pc - 8
core   0: 3 0x8000b7be (0xbfe5)
core   0: 0x8000b7b6 (0x00002f17) auipc   t5, 0x2
core   0: 3 0x8000b7b6 (0x00002f17) x30 0x8000d7b6
core   0: 0x8000b7ba (0x843f2523) sw      gp, -1974(t5)
core   0: 3 0x8000b7ba (0x843f2523) mem 0x8000d000 0x00000001
core   0: 0x8000b7be (0x0000bfe5) c.j     pc - 8
core   0: 3 0x8000b7be (0xbfe5)
core   0: 0x8000b7b6 (0x00002f17) auipc   t5, 0x2
core   0: 3 0x8000b7b6 (0x00002f17) x30 0x8000d7b6
core   0: 0x8000b7ba (0x843f2523) sw      gp, -1974(t5)
core   0: 3 0x8000b7ba (0x843f2523) mem 0x8000d000 0x00000001
core   0: 0x8000b7be (0x0000bfe5) c.j     pc - 8
core   0: 3 0x8000b7be (0xbfe5)
core   0: 0x8000b7b6 (0x00002f17) auipc   t5, 0x2
core   0: 3 0x8000b7b6 (0x00002f17) x30 0x8000d7b6
core   0: 0x8000b7ba (0x843f2523) sw      gp, -1974(t5)
core   0: 3 0x8000b7ba (0x843f2523) mem 0x8000d000 0x00000001
core   0: 0x8000b7be (0x0000bfe5) c.j     pc - 8
core   0: 3 0x8000b7be (0xbfe5)
core   0: 0x8000b7b6 (0x00002f17) auipc   t5, 0x2
core   0: 3 0x8000b7b6 (0x00002f17) x30 0x8000d7b6
core   0: 0x8000b7ba (0x843f2523) sw      gp, -1974(t5)
core   0: 3 0x8000b7ba (0x843f2523) mem 0x8000d000 0x00000001
core   0: 0x8000b7be (0x0000bfe5) c.j     pc - 8
core   0: 3 0x8000b7be (0xbfe5)
core   0: 0x8000b7b6 (0x00002f17) auipc   t5, 0x2
core   0: 3 0x8000b7b6 (0x00002f17) x30 0x8000d7b6
core   0: 0x8000b7ba (0x843f2523) sw      gp, -1974(t5)
core   0: 3 0x8000b7ba (0x843f2523) mem 0x8000d000 0x00000001
core   0: 0x8000b7be (0x0000bfe5) c.j     pc - 8
core   0: 3 0x8000b7be (0xbfe5)
core   0: 0x8000b7b6 (0x00002f17) auipc   t5, 0x2
core   0: 3 0x8000b7b6 (0x00002f17) x30 0x8000d7b6
core   0: 0x8000b7ba (0x843f2523) sw      gp, -1974(t5)
core   0: 3 0x8000b7ba (0x843f2523) mem 0x8000d000 0x00000001
core   0: 0x8000b7be (0x0000bfe5) c.j     pc - 8
core   0: 3 0x8000b7be (0xbfe5)
core   0: 0x8000b7b6 (0x00002f17) auipc   t5, 0x2
core   0: 3 0x8000b7b6 (0x00002f17) x30 0x8000d7b6
core   0: 0x8000b7ba (0x843f2523) sw      gp, -1974(t5)
core   0: 3 0x8000b7ba (0x843f2523) mem 0x8000d000 0x00000001
core   0: 0x8000b7be (0x0000bfe5) c.j     pc - 8
core   0: 3 0x8000b7be (0xbfe5)
core   0: 0x8000b7b6 (0x00002f17) auipc   t5, 0x2
core   0: 3 0x8000b7b6 (0x00002f17) x30 0x8000d7b6
core   0: 0x8000b7ba (0x843f2523) sw      gp, -1974(t5)
core   0: 3 0x8000b7ba (0x843f2523) mem 0x8000d000 0x00000001
core   0: 0x8000b7be (0x0000bfe5) c.j     pc - 8
core   0: 3 0x8000b7be (0xbfe5)
core   0: 0x8000b7b6 (0x00002f17) auipc   t5, 0x2
core   0: 3 0x8000b7b6 (0x00002f17) x30 0x8000d7b6
core   0: 0x8000b7ba (0x843f2523) sw      gp, -1974(t5)
core   0: 3 0x8000b7ba (0x843f2523) mem 0x8000d000 0x00000001
core   0: 0x8000b7be (0x0000bfe5) c.j     pc - 8
core   0: 3 0x8000b7be (0xbfe5)
core   0: 0x8000b7b6 (0x00002f17) auipc   t5, 0x2
core   0: 3 0x8000b7b6 (0x00002f17) x30 0x8000d7b6
core   0: 0x8000b7ba (0x843f2523) sw      gp, -1974(t5)
core   0: 3 0x8000b7ba (0x843f2523) mem 0x8000d000 0x00000001
core   0: 0x8000b7be (0x0000bfe5) c.j     pc - 8
core   0: 3 0x8000b7be (0xbfe5)
core   0: 0x8000b7b6 (0x00002f17) auipc   t5, 0x2
core   0: 3 0x8000b7b6 (0x00002f17) x30 0x8000d7b6
core   0: 0x8000b7ba (0x843f2523) sw      gp, -1974(t5)
core   0: 3 0x8000b7ba (0x843f2523) mem 0x8000d000 0x00000001
core   0: 0x8000b7be (0x0000bfe5) c.j     pc - 8
core   0: 3 0x8000b7be (0xbfe5)
core   0: 0x8000b7b6 (0x00002f17) auipc   t5, 0x2
core   0: 3 0x8000b7b6 (0x00002f17) x30 0x8000d7b6
core   0: 0x8000b7ba (0x843f2523) sw      gp, -1974(t5)
core   0: 3 0x8000b7ba (0x843f2523) mem 0x8000d000 0x00000001
core   0: 0x8000b7be (0x0000bfe5) c.j     pc - 8
core   0: 3 0x8000b7be (0xbfe5)
core   0: 0x8000b7b6 (0x00002f17) auipc   t5, 0x2
core   0: 3 0x8000b7b6 (0x00002f17) x30 0x8000d7b6
core   0: 0x8000b7ba (0x843f2523) sw      gp, -1974(t5)
core   0: 3 0x8000b7ba (0x843f2523) mem 0x8000d000 0x00000001
core   0: 0x8000b7be (0x0000bfe5) c.j     pc - 8
core   0: 3 0x8000b7be (0xbfe5)
core   0: 0x8000b7b6 (0x00002f17) auipc   t5, 0x2
core   0: 3 0x8000b7b6 (0x00002f17) x30 0x8000d7b6
core   0: 0x8000b7ba (0x843f2523) sw      gp, -1974(t5)
core   0: 3 0x8000b7ba (0x843f2523) mem 0x8000d000 0x00000001
core   0: 0x8000b7be (0x0000bfe5) c.j     pc - 8
core   0: 3 0x8000b7be (0xbfe5)
core   0: 0x8000b7b6 (0x00002f17) auipc   t5, 0x2
core   0: 3 0x8000b7b6 (0x00002f17) x30 0x8000d7b6
core   0: 0x8000b7ba (0x843f2523) sw      gp, -1974(t5)
core   0: 3 0x8000b7ba (0x843f2523) mem 0x8000d000 0x00000001
core   0: 0x8000b7be (0x0000bfe5) c.j     pc - 8
core   0: 3 0x8000b7be (0xbfe5)
core   0: 0x8000b7b6 (0x00002f17) auipc   t5, 0x2
core   0: 3 0x8000b7b6 (0x00002f17) x30 0x8000d7b6
core   0: 0x8000b7ba (0x843f2523) sw      gp, -1974(t5)
core   0: 3 0x8000b7ba (0x843f2523) mem 0x8000d000 0x00000001
core   0: 0x8000b7be (0x0000bfe5) c.j     pc - 8
core   0: 3 0x8000b7be (0xbfe5)
core   0: 0x8000b7b6 (0x00002f17) auipc   t5, 0x2
core   0: 3 0x8000b7b6 (0x00002f17) x30 0x8000d7b6
core   0: 0x8000b7ba (0x843f2523) sw      gp, -1974(t5)
core   0: 3 0x8000b7ba (0x843f2523) mem 0x8000d000 0x00000001
core   0: 0x8000b7be (0x0000bfe5) c.j     pc - 8
core   0: 3 0x8000b7be (0xbfe5)
core   0: 0x8000b7b6 (0x00002f17) auipc   t5, 0x2
core   0: 3 0x8000b7b6 (0x00002f17) x30 0x8000d7b6
core   0: 0x8000b7ba (0x843f2523) sw      gp, -1974(t5)
core   0: 3 0x8000b7ba (0x843f2523) mem 0x8000d000 0x00000001
core   0: 0x8000b7be (0x0000bfe5) c.j     pc - 8
core   0: 3 0x8000b7be (0xbfe5)
core   0: 0x8000b7b6 (0x00002f17) auipc   t5, 0x2
core   0: 3 0x8000b7b6 (0x00002f17) x30 0x8000d7b6
core   0: 0x8000b7ba (0x843f2523) sw      gp, -1974(t5)
core   0: 3 0x8000b7ba (0x843f2523) mem 0x8000d000 0x00000001
core   0: 0x8000b7be (0x0000bfe5) c.j     pc - 8
core   0: 3 0x8000b7be (0xbfe5)
core   0: 0x8000b7b6 (0x00002f17) auipc   t5, 0x2
core   0: 3 0x8000b7b6 (0x00002f17) x30 0x8000d7b6
core   0: 0x8000b7ba (0x843f2523) sw      gp, -1974(t5)
core   0: 3 0x8000b7ba (0x843f2523) mem 0x8000d000 0x00000001
core   0: 0x8000b7be (0x0000bfe5) c.j     pc - 8
core   0: 3 0x8000b7be (0xbfe5)
core   0: 0x8000b7b6 (0x00002f17) auipc   t5, 0x2
core   0: 3 0x8000b7b6 (0x00002f17) x30 0x8000d7b6
core   0: 0x8000b7ba (0x843f2523) sw      gp, -1974(t5)
core   0: 3 0x8000b7ba (0x843f2523) mem 0x8000d000 0x00000001
core   0: 0x8000b7be (0x0000bfe5) c.j     pc - 8
core   0: 3 0x8000b7be (0xbfe5)
core   0: 0x8000b7b6 (0x00002f17) auipc   t5, 0x2
core   0: 3 0x8000b7b6 (0x00002f17) x30 0x8000d7b6
core   0: 0x8000b7ba (0x843f2523) sw      gp, -1974(t5)
core   0: 3 0x8000b7ba (0x843f2523) mem 0x8000d000 0x00000001
core   0: 0x8000b7be (0x0000bfe5) c.j     pc - 8
core   0: 3 0x8000b7be (0xbfe5)
core   0: 0x8000b7b6 (0x00002f17) auipc   t5, 0x2
core   0: 3 0x8000b7b6 (0x00002f17) x30 0x8000d7b6
core   0: 0x8000b7ba (0x843f2523) sw      gp, -1974(t5)
core   0: 3 0x8000b7ba (0x843f2523) mem 0x8000d000 0x00000001
core   0: 0x8000b7be (0x0000bfe5) c.j     pc - 8
core   0: 3 0x8000b7be (0xbfe5)
core   0: 0x8000b7b6 (0x00002f17) auipc   t5, 0x2
core   0: 3 0x8000b7b6 (0x00002f17) x30 0x8000d7b6
core   0: 0x8000b7ba (0x843f2523) sw      gp, -1974(t5)
core   0: 3 0x8000b7ba (0x843f2523) mem 0x8000d000 0x00000001
core   0: 0x8000b7be (0x0000bfe5) c.j     pc - 8
core   0: 3 0x8000b7be (0xbfe5)
core   0: 0x8000b7b6 (0x00002f17) auipc   t5, 0x2
core   0: 3 0x8000b7b6 (0x00002f17) x30 0x8000d7b6
core   0: 0x8000b7ba (0x843f2523) sw      gp, -1974(t5)
core   0: 3 0x8000b7ba (0x843f2523) mem 0x8000d000 0x00000001
core   0: 0x8000b7be (0x0000bfe5) c.j     pc - 8
core   0: 3 0x8000b7be (0xbfe5)
core   0: 0x8000b7b6 (0x00002f17) auipc   t5, 0x2
core   0: 3 0x8000b7b6 (0x00002f17) x30 0x8000d7b6
core   0: 0x8000b7ba (0x843f2523) sw      gp, -1974(t5)
core   0: 3 0x8000b7ba (0x843f2523) mem 0x8000d000 0x00000001
core   0: 0x8000b7be (0x0000bfe5) c.j     pc - 8
core   0: 3 0x8000b7be (0xbfe5)
core   0: 0x8000b7b6 (0x00002f17) auipc   t5, 0x2
core   0: 3 0x8000b7b6 (0x00002f17) x30 0x8000d7b6
core   0: 0x8000b7ba (0x843f2523) sw      gp, -1974(t5)
core   0: 3 0x8000b7ba (0x843f2523) mem 0x8000d000 0x00000001
core   0: 0x8000b7be (0x0000bfe5) c.j     pc - 8
core   0: 3 0x8000b7be (0xbfe5)
core   0: 0x8000b7b6 (0x00002f17) auipc   t5, 0x2
core   0: 3 0x8000b7b6 (0x00002f17) x30 0x8000d7b6
core   0: 0x8000b7ba (0x843f2523) sw      gp, -1974(t5)
core   0: 3 0x8000b7ba (0x843f2523) mem 0x8000d000 0x00000001
core   0: 0x8000b7be (0x0000bfe5) c.j     pc - 8
core   0: 3 0x8000b7be (0xbfe5)
core   0: 0x8000b7b6 (0x00002f17) auipc   t5, 0x2
core   0: 3 0x8000b7b6 (0x00002f17) x30 0x8000d7b6
core   0: 0x8000b7ba (0x843f2523) sw      gp, -1974(t5)
core   0: 3 0x8000b7ba (0x843f2523) mem 0x8000d000 0x00000001
core   0: 0x8000b7be (0x0000bfe5) c.j     pc - 8
core   0: 3 0x8000b7be (0xbfe5)
core   0: 0x8000b7b6 (0x00002f17) auipc   t5, 0x2
core   0: 3 0x8000b7b6 (0x00002f17) x30 0x8000d7b6
core   0: 0x8000b7ba (0x843f2523) sw      gp, -1974(t5)
core   0: 3 0x8000b7ba (0x843f2523) mem 0x8000d000 0x00000001
core   0: 0x8000b7be (0x0000bfe5) c.j     pc - 8
core   0: 3 0x8000b7be (0xbfe5)
core   0: 0x8000b7b6 (0x00002f17) auipc   t5, 0x2
core   0: 3 0x8000b7b6 (0x00002f17) x30 0x8000d7b6
core   0: 0x8000b7ba (0x843f2523) sw      gp, -1974(t5)
core   0: 3 0x8000b7ba (0x843f2523) mem 0x8000d000 0x00000001
core   0: 0x8000b7be (0x0000bfe5) c.j     pc - 8
core   0: 3 0x8000b7be (0xbfe5)
core   0: 0x8000b7b6 (0x00002f17) auipc   t5, 0x2
core   0: 3 0x8000b7b6 (0x00002f17) x30 0x8000d7b6
core   0: 0x8000b7ba (0x843f2523) sw      gp, -1974(t5)
core   0: 3 0x8000b7ba (0x843f2523) mem 0x8000d000 0x00000001
core   0: 0x8000b7be (0x0000bfe5) c.j     pc - 8
core   0: 3 0x8000b7be (0xbfe5)
core   0: 0x8000b7b6 (0x00002f17) auipc   t5, 0x2
core   0: 3 0x8000b7b6 (0x00002f17) x30 0x8000d7b6
core   0: 0x8000b7ba (0x843f2523) sw      gp, -1974(t5)
core   0: 3 0x8000b7ba (0x843f2523) mem 0x8000d000 0x00000001
core   0: 0x8000b7be (0x0000bfe5) c.j     pc - 8
core   0: 3 0x8000b7be (0xbfe5)
core   0: 0x8000b7b6 (0x00002f17) auipc   t5, 0x2
core   0: 3 0x8000b7b6 (0x00002f17) x30 0x8000d7b6
core   0: 0x8000b7ba (0x843f2523) sw      gp, -1974(t5)
core   0: 3 0x8000b7ba (0x843f2523) mem 0x8000d000 0x00000001
core   0: 0x8000b7be (0x0000bfe5) c.j     pc - 8
core   0: 3 0x8000b7be (0xbfe5)
core   0: 0x8000b7b6 (0x00002f17) auipc   t5, 0x2
core   0: 3 0x8000b7b6 (0x00002f17) x30 0x8000d7b6
core   0: 0x8000b7ba (0x843f2523) sw      gp, -1974(t5)
core   0: 3 0x8000b7ba (0x843f2523) mem 0x8000d000 0x00000001
core   0: 0x8000b7be (0x0000bfe5) c.j     pc - 8
core   0: 3 0x8000b7be (0xbfe5)
core   0: 0x8000b7b6 (0x00002f17) auipc   t5, 0x2
core   0: 3 0x8000b7b6 (0x00002f17) x30 0x8000d7b6
core   0: 0x8000b7ba (0x843f2523) sw      gp, -1974(t5)
core   0: 3 0x8000b7ba (0x843f2523) mem 0x8000d000 0x00000001
core   0: 0x8000b7be (0x0000bfe5) c.j     pc - 8
core   0: 3 0x8000b7be (0xbfe5)
core   0: 0x8000b7b6 (0x00002f17) auipc   t5, 0x2
core   0: 3 0x8000b7b6 (0x00002f17) x30 0x8000d7b6
core   0: 0x8000b7ba (0x843f2523) sw      gp, -1974(t5)
core   0: 3 0x8000b7ba (0x843f2523) mem 0x8000d000 0x00000001
core   0: 0x8000b7be (0x0000bfe5) c.j     pc - 8
core   0: 3 0x8000b7be (0xbfe5)
core   0: 0x8000b7b6 (0x00002f17) auipc   t5, 0x2
core   0: 3 0x8000b7b6 (0x00002f17) x30 0x8000d7b6
core   0: 0x8000b7ba (0x843f2523) sw      gp, -1974(t5)
core   0: 3 0x8000b7ba (0x843f2523) mem 0x8000d000 0x00000001
core   0: 0x8000b7be (0x0000bfe5) c.j     pc - 8
core   0: 3 0x8000b7be (0xbfe5)
core   0: 0x8000b7b6 (0x00002f17) auipc   t5, 0x2
core   0: 3 0x8000b7b6 (0x00002f17) x30 0x8000d7b6
core   0: 0x8000b7ba (0x843f2523) sw      gp, -1974(t5)
core   0: 3 0x8000b7ba (0x843f2523) mem 0x8000d000 0x00000001
core   0: 0x8000b7be (0x0000bfe5) c.j     pc - 8
core   0: 3 0x8000b7be (0xbfe5)
core   0: 0x8000b7b6 (0x00002f17) auipc   t5, 0x2
core   0: 3 0x8000b7b6 (0x00002f17) x30 0x8000d7b6
core   0: 0x8000b7ba (0x843f2523) sw      gp, -1974(t5)
core   0: 3 0x8000b7ba (0x843f2523) mem 0x8000d000 0x00000001
core   0: 0x8000b7be (0x0000bfe5) c.j     pc - 8
core   0: 3 0x8000b7be (0xbfe5)
core   0: 0x8000b7b6 (0x00002f17) auipc   t5, 0x2
core   0: 3 0x8000b7b6 (0x00002f17) x30 0x8000d7b6
core   0: 0x8000b7ba (0x843f2523) sw      gp, -1974(t5)
core   0: 3 0x8000b7ba (0x843f2523) mem 0x8000d000 0x00000001
core   0: 0x8000b7be (0x0000bfe5) c.j     pc - 8
core   0: 3 0x8000b7be (0xbfe5)
core   0: 0x8000b7b6 (0x00002f17) auipc   t5, 0x2
core   0: 3 0x8000b7b6 (0x00002f17) x30 0x8000d7b6
core   0: 0x8000b7ba (0x843f2523) sw      gp, -1974(t5)
core   0: 3 0x8000b7ba (0x843f2523) mem 0x8000d000 0x00000001
core   0: 0x8000b7be (0x0000bfe5) c.j     pc - 8
core   0: 3 0x8000b7be (0xbfe5)
core   0: 0x8000b7b6 (0x00002f17) auipc   t5, 0x2
core   0: 3 0x8000b7b6 (0x00002f17) x30 0x8000d7b6
core   0: 0x8000b7ba (0x843f2523) sw      gp, -1974(t5)
core   0: 3 0x8000b7ba (0x843f2523) mem 0x8000d000 0x00000001
core   0: 0x8000b7be (0x0000bfe5) c.j     pc - 8
core   0: 3 0x8000b7be (0xbfe5)
core   0: 0x8000b7b6 (0x00002f17) auipc   t5, 0x2
core   0: 3 0x8000b7b6 (0x00002f17) x30 0x8000d7b6
core   0: 0x8000b7ba (0x843f2523) sw      gp, -1974(t5)
core   0: 3 0x8000b7ba (0x843f2523) mem 0x8000d000 0x00000001
core   0: 0x8000b7be (0x0000bfe5) c.j     pc - 8
core   0: 3 0x8000b7be (0xbfe5)
core   0: 0x8000b7b6 (0x00002f17) auipc   t5, 0x2
core   0: 3 0x8000b7b6 (0x00002f17) x30 0x8000d7b6
core   0: 0x8000b7ba (0x843f2523) sw      gp, -1974(t5)
core   0: 3 0x8000b7ba (0x843f2523) mem 0x8000d000 0x00000001
core   0: 0x8000b7be (0x0000bfe5) c.j     pc - 8
core   0: 3 0x8000b7be (0xbfe5)
core   0: 0x8000b7b6 (0x00002f17) auipc   t5, 0x2
core   0: 3 0x8000b7b6 (0x00002f17) x30 0x8000d7b6
core   0: 0x8000b7ba (0x843f2523) sw      gp, -1974(t5)
core   0: 3 0x8000b7ba (0x843f2523) mem 0x8000d000 0x00000001
core   0: 0x8000b7be (0x0000bfe5) c.j     pc - 8
core   0: 3 0x8000b7be (0xbfe5)
core   0: 0x8000b7b6 (0x00002f17) auipc   t5, 0x2
core   0: 3 0x8000b7b6 (0x00002f17) x30 0x8000d7b6
core   0: 0x8000b7ba (0x843f2523) sw      gp, -1974(t5)
core   0: 3 0x8000b7ba (0x843f2523) mem 0x8000d000 0x00000001
core   0: 0x8000b7be (0x0000bfe5) c.j     pc - 8
core   0: 3 0x8000b7be (0xbfe5)
core   0: 0x8000b7b6 (0x00002f17) auipc   t5, 0x2
core   0: 3 0x8000b7b6 (0x00002f17) x30 0x8000d7b6
core   0: 0x8000b7ba (0x843f2523) sw      gp, -1974(t5)
core   0: 3 0x8000b7ba (0x843f2523) mem 0x8000d000 0x00000001
core   0: 0x8000b7be (0x0000bfe5) c.j     pc - 8
core   0: 3 0x8000b7be (0xbfe5)
core   0: 0x8000b7b6 (0x00002f17) auipc   t5, 0x2
core   0: 3 0x8000b7b6 (0x00002f17) x30 0x8000d7b6
core   0: 0x8000b7ba (0x843f2523) sw      gp, -1974(t5)
core   0: 3 0x8000b7ba (0x843f2523) mem 0x8000d000 0x00000001
core   0: 0x8000b7be (0x0000bfe5) c.j     pc - 8
core   0: 3 0x8000b7be (0xbfe5)
core   0: 0x8000b7b6 (0x00002f17) auipc   t5, 0x2
core   0: 3 0x8000b7b6 (0x00002f17) x30 0x8000d7b6
core   0: 0x8000b7ba (0x843f2523) sw      gp, -1974(t5)
core   0: 3 0x8000b7ba (0x843f2523) mem 0x8000d000 0x00000001
core   0: 0x8000b7be (0x0000bfe5) c.j     pc - 8
core   0: 3 0x8000b7be (0xbfe5)
core   0: 0x8000b7b6 (0x00002f17) auipc   t5, 0x2
core   0: 3 0x8000b7b6 (0x00002f17) x30 0x8000d7b6
core   0: 0x8000b7ba (0x843f2523) sw      gp, -1974(t5)
core   0: 3 0x8000b7ba (0x843f2523) mem 0x8000d000 0x00000001
core   0: 0x8000b7be (0x0000bfe5) c.j     pc - 8
core   0: 3 0x8000b7be (0xbfe5)
core   0: 0x8000b7b6 (0x00002f17) auipc   t5, 0x2
core   0: 3 0x8000b7b6 (0x00002f17) x30 0x8000d7b6
core   0: 0x8000b7ba (0x843f2523) sw      gp, -1974(t5)
core   0: 3 0x8000b7ba (0x843f2523) mem 0x8000d000 0x00000001
core   0: 0x8000b7be (0x0000bfe5) c.j     pc - 8
core   0: 3 0x8000b7be (0xbfe5)
core   0: 0x8000b7b6 (0x00002f17) auipc   t5, 0x2
core   0: 3 0x8000b7b6 (0x00002f17) x30 0x8000d7b6
core   0: 0x8000b7ba (0x843f2523) sw      gp, -1974(t5)
core   0: 3 0x8000b7ba (0x843f2523) mem 0x8000d000 0x00000001
core   0: 0x8000b7be (0x0000bfe5) c.j     pc - 8
core   0: 3 0x8000b7be (0xbfe5)
core   0: 0x8000b7b6 (0x00002f17) auipc   t5, 0x2
core   0: 3 0x8000b7b6 (0x00002f17) x30 0x8000d7b6
core   0: 0x8000b7ba (0x843f2523) sw      gp, -1974(t5)
core   0: 3 0x8000b7ba (0x843f2523) mem 0x8000d000 0x00000001
core   0: 0x8000b7be (0x0000bfe5) c.j     pc - 8
core   0: 3 0x8000b7be (0xbfe5)
core   0: 0x8000b7b6 (0x00002f17) auipc   t5, 0x2
core   0: 3 0x8000b7b6 (0x00002f17) x30 0x8000d7b6
core   0: 0x8000b7ba (0x843f2523) sw      gp, -1974(t5)
core   0: 3 0x8000b7ba (0x843f2523) mem 0x8000d000 0x00000001
core   0: 0x8000b7be (0x0000bfe5) c.j     pc - 8
core   0: 3 0x8000b7be (0xbfe5)
core   0: 0x8000b7b6 (0x00002f17) auipc   t5, 0x2
core   0: 3 0x8000b7b6 (0x00002f17) x30 0x8000d7b6
core   0: 0x8000b7ba (0x843f2523) sw      gp, -1974(t5)
core   0: 3 0x8000b7ba (0x843f2523) mem 0x8000d000 0x00000001
core   0: 0x8000b7be (0x0000bfe5) c.j     pc - 8
core   0: 3 0x8000b7be (0xbfe5)
core   0: 0x8000b7b6 (0x00002f17) auipc   t5, 0x2
core   0: 3 0x8000b7b6 (0x00002f17) x30 0x8000d7b6
core   0: 0x8000b7ba (0x843f2523) sw      gp, -1974(t5)
core   0: 3 0x8000b7ba (0x843f2523) mem 0x8000d000 0x00000001
core   0: 0x8000b7be (0x0000bfe5) c.j     pc - 8
core   0: 3 0x8000b7be (0xbfe5)
core   0: 0x8000b7b6 (0x00002f17) auipc   t5, 0x2
core   0: 3 0x8000b7b6 (0x00002f17) x30 0x8000d7b6
core   0: 0x8000b7ba (0x843f2523) sw      gp, -1974(t5)
core   0: 3 0x8000b7ba (0x843f2523) mem 0x8000d000 0x00000001
core   0: 0x8000b7be (0x0000bfe5) c.j     pc - 8
core   0: 3 0x8000b7be (0xbfe5)
core   0: 0x8000b7b6 (0x00002f17) auipc   t5, 0x2
core   0: 3 0x8000b7b6 (0x00002f17) x30 0x8000d7b6
core   0: 0x8000b7ba (0x843f2523) sw      gp, -1974(t5)
core   0: 3 0x8000b7ba (0x843f2523) mem 0x8000d000 0x00000001
core   0: 0x8000b7be (0x0000bfe5) c.j     pc - 8
core   0: 3 0x8000b7be (0xbfe5)
core   0: 0x8000b7b6 (0x00002f17) auipc   t5, 0x2
core   0: 3 0x8000b7b6 (0x00002f17) x30 0x8000d7b6
core   0: 0x8000b7ba (0x843f2523) sw      gp, -1974(t5)
core   0: 3 0x8000b7ba (0x843f2523) mem 0x8000d000 0x00000001
core   0: 0x8000b7be (0x0000bfe5) c.j     pc - 8
core   0: 3 0x8000b7be (0xbfe5)
core   0: 0x8000b7b6 (0x00002f17) auipc   t5, 0x2
core   0: 3 0x8000b7b6 (0x00002f17) x30 0x8000d7b6
core   0: 0x8000b7ba (0x843f2523) sw      gp, -1974(t5)
core   0: 3 0x8000b7ba (0x843f2523) mem 0x8000d000 0x00000001
core   0: 0x8000b7be (0x0000bfe5) c.j     pc - 8
core   0: 3 0x8000b7be (0xbfe5)
core   0: 0x8000b7b6 (0x00002f17) auipc   t5, 0x2
core   0: 3 0x8000b7b6 (0x00002f17) x30 0x8000d7b6
core   0: 0x8000b7ba (0x843f2523) sw      gp, -1974(t5)
core   0: 3 0x8000b7ba (0x843f2523) mem 0x8000d000 0x00000001
core   0: 0x8000b7be (0x0000bfe5) c.j     pc - 8
core   0: 3 0x8000b7be (0xbfe5)
core   0: 0x8000b7b6 (0x00002f17) auipc   t5, 0x2
core   0: 3 0x8000b7b6 (0x00002f17) x30 0x8000d7b6
core   0: 0x8000b7ba (0x843f2523) sw      gp, -1974(t5)
core   0: 3 0x8000b7ba (0x843f2523) mem 0x8000d000 0x00000001
core   0: 0x8000b7be (0x0000bfe5) c.j     pc - 8
core   0: 3 0x8000b7be (0xbfe5)
core   0: 0x8000b7b6 (0x00002f17) auipc   t5, 0x2
core   0: 3 0x8000b7b6 (0x00002f17) x30 0x8000d7b6
core   0: 0x8000b7ba (0x843f2523) sw      gp, -1974(t5)
core   0: 3 0x8000b7ba (0x843f2523) mem 0x8000d000 0x00000001
core   0: 0x8000b7be (0x0000bfe5) c.j     pc - 8
core   0: 3 0x8000b7be (0xbfe5)
core   0: 0x8000b7b6 (0x00002f17) auipc   t5, 0x2
core   0: 3 0x8000b7b6 (0x00002f17) x30 0x8000d7b6
core   0: 0x8000b7ba (0x843f2523) sw      gp, -1974(t5)
core   0: 3 0x8000b7ba (0x843f2523) mem 0x8000d000 0x00000001
core   0: 0x8000b7be (0x0000bfe5) c.j     pc - 8
core   0: 3 0x8000b7be (0xbfe5)
core   0: 0x8000b7b6 (0x00002f17) auipc   t5, 0x2
core   0: 3 0x8000b7b6 (0x00002f17) x30 0x8000d7b6
core   0: 0x8000b7ba (0x843f2523) sw      gp, -1974(t5)
core   0: 3 0x8000b7ba (0x843f2523) mem 0x8000d000 0x00000001
core   0: 0x8000b7be (0x0000bfe5) c.j     pc - 8
core   0: 3 0x8000b7be (0xbfe5)
core   0: 0x8000b7b6 (0x00002f17) auipc   t5, 0x2
core   0: 3 0x8000b7b6 (0x00002f17) x30 0x8000d7b6
core   0: 0x8000b7ba (0x843f2523) sw      gp, -1974(t5)
core   0: 3 0x8000b7ba (0x843f2523) mem 0x8000d000 0x00000001
core   0: 0x8000b7be (0x0000bfe5) c.j     pc - 8
core   0: 3 0x8000b7be (0xbfe5)
core   0: 0x8000b7b6 (0x00002f17) auipc   t5, 0x2
core   0: 3 0x8000b7b6 (0x00002f17) x30 0x8000d7b6
core   0: 0x8000b7ba (0x843f2523) sw      gp, -1974(t5)
core   0: 3 0x8000b7ba (0x843f2523) mem 0x8000d000 0x00000001
core   0: 0x8000b7be (0x0000bfe5) c.j     pc - 8
core   0: 3 0x8000b7be (0xbfe5)
core   0: 0x8000b7b6 (0x00002f17) auipc   t5, 0x2
core   0: 3 0x8000b7b6 (0x00002f17) x30 0x8000d7b6
core   0: 0x8000b7ba (0x843f2523) sw      gp, -1974(t5)
core   0: 3 0x8000b7ba (0x843f2523) mem 0x8000d000 0x00000001
core   0: 0x8000b7be (0x0000bfe5) c.j     pc - 8
core   0: 3 0x8000b7be (0xbfe5)
core   0: 0x8000b7b6 (0x00002f17) auipc   t5, 0x2
core   0: 3 0x8000b7b6 (0x00002f17) x30 0x8000d7b6
core   0: 0x8000b7ba (0x843f2523) sw      gp, -1974(t5)
core   0: 3 0x8000b7ba (0x843f2523) mem 0x8000d000 0x00000001
core   0: 0x8000b7be (0x0000bfe5) c.j     pc - 8
core   0: 3 0x8000b7be (0xbfe5)
core   0: 0x8000b7b6 (0x00002f17) auipc   t5, 0x2
core   0: 3 0x8000b7b6 (0x00002f17) x30 0x8000d7b6
core   0: 0x8000b7ba (0x843f2523) sw      gp, -1974(t5)
core   0: 3 0x8000b7ba (0x843f2523) mem 0x8000d000 0x00000001
core   0: 0x8000b7be (0x0000bfe5) c.j     pc - 8
core   0: 3 0x8000b7be (0xbfe5)
core   0: 0x8000b7b6 (0x00002f17) auipc   t5, 0x2
core   0: 3 0x8000b7b6 (0x00002f17) x30 0x8000d7b6
core   0: 0x8000b7ba (0x843f2523) sw      gp, -1974(t5)
core   0: 3 0x8000b7ba (0x843f2523) mem 0x8000d000 0x00000001
core   0: 0x8000b7be (0x0000bfe5) c.j     pc - 8
core   0: 3 0x8000b7be (0xbfe5)
core   0: 0x8000b7b6 (0x00002f17) auipc   t5, 0x2
core   0: 3 0x8000b7b6 (0x00002f17) x30 0x8000d7b6
core   0: 0x8000b7ba (0x843f2523) sw      gp, -1974(t5)
core   0: 3 0x8000b7ba (0x843f2523) mem 0x8000d000 0x00000001
core   0: 0x8000b7be (0x0000bfe5) c.j     pc - 8
core   0: 3 0x8000b7be (0xbfe5)
core   0: 0x8000b7b6 (0x00002f17) auipc   t5, 0x2
core   0: 3 0x8000b7b6 (0x00002f17) x30 0x8000d7b6
core   0: 0x8000b7ba (0x843f2523) sw      gp, -1974(t5)
core   0: 3 0x8000b7ba (0x843f2523) mem 0x8000d000 0x00000001
core   0: 0x8000b7be (0x0000bfe5) c.j     pc - 8
core   0: 3 0x8000b7be (0xbfe5)
core   0: 0x8000b7b6 (0x00002f17) auipc   t5, 0x2
core   0: 3 0x8000b7b6 (0x00002f17) x30 0x8000d7b6
core   0: 0x8000b7ba (0x843f2523) sw      gp, -1974(t5)
core   0: 3 0x8000b7ba (0x843f2523) mem 0x8000d000 0x00000001
core   0: 0x8000b7be (0x0000bfe5) c.j     pc - 8
core   0: 3 0x8000b7be (0xbfe5)
core   0: 0x8000b7b6 (0x00002f17) auipc   t5, 0x2
core   0: 3 0x8000b7b6 (0x00002f17) x30 0x8000d7b6
core   0: 0x8000b7ba (0x843f2523) sw      gp, -1974(t5)
core   0: 3 0x8000b7ba (0x843f2523) mem 0x8000d000 0x00000001
core   0: 0x8000b7be (0x0000bfe5) c.j     pc - 8
core   0: 3 0x8000b7be (0xbfe5)
core   0: 0x8000b7b6 (0x00002f17) auipc   t5, 0x2
core   0: 3 0x8000b7b6 (0x00002f17) x30 0x8000d7b6
core   0: 0x8000b7ba (0x843f2523) sw      gp, -1974(t5)
core   0: 3 0x8000b7ba (0x843f2523) mem 0x8000d000 0x00000001
core   0: 0x8000b7be (0x0000bfe5) c.j     pc - 8
core   0: 3 0x8000b7be (0xbfe5)
core   0: 0x8000b7b6 (0x00002f17) auipc   t5, 0x2
core   0: 3 0x8000b7b6 (0x00002f17) x30 0x8000d7b6
core   0: 0x8000b7ba (0x843f2523) sw      gp, -1974(t5)
core   0: 3 0x8000b7ba (0x843f2523) mem 0x8000d000 0x00000001
core   0: 0x8000b7be (0x0000bfe5) c.j     pc - 8
core   0: 3 0x8000b7be (0xbfe5)
core   0: 0x8000b7b6 (0x00002f17) auipc   t5, 0x2
core   0: 3 0x8000b7b6 (0x00002f17) x30 0x8000d7b6
core   0: 0x8000b7ba (0x843f2523) sw      gp, -1974(t5)
core   0: 3 0x8000b7ba (0x843f2523) mem 0x8000d000 0x00000001
core   0: 0x8000b7be (0x0000bfe5) c.j     pc - 8
core   0: 3 0x8000b7be (0xbfe5)
core   0: 0x8000b7b6 (0x00002f17) auipc   t5, 0x2
core   0: 3 0x8000b7b6 (0x00002f17) x30 0x8000d7b6
core   0: 0x8000b7ba (0x843f2523) sw      gp, -1974(t5)
core   0: 3 0x8000b7ba (0x843f2523) mem 0x8000d000 0x00000001
core   0: 0x8000b7be (0x0000bfe5) c.j     pc - 8
core   0: 3 0x8000b7be (0xbfe5)
core   0: 0x8000b7b6 (0x00002f17) auipc   t5, 0x2
core   0: 3 0x8000b7b6 (0x00002f17) x30 0x8000d7b6
core   0: 0x8000b7ba (0x843f2523) sw      gp, -1974(t5)
core   0: 3 0x8000b7ba (0x843f2523) mem 0x8000d000 0x00000001
core   0: 0x8000b7be (0x0000bfe5) c.j     pc - 8
core   0: 3 0x8000b7be (0xbfe5)
core   0: 0x8000b7b6 (0x00002f17) auipc   t5, 0x2
core   0: 3 0x8000b7b6 (0x00002f17) x30 0x8000d7b6
core   0: 0x8000b7ba (0x843f2523) sw      gp, -1974(t5)
core   0: 3 0x8000b7ba (0x843f2523) mem 0x8000d000 0x00000001
core   0: 0x8000b7be (0x0000bfe5) c.j     pc - 8
core   0: 3 0x8000b7be (0xbfe5)
core   0: 0x8000b7b6 (0x00002f17) auipc   t5, 0x2
core   0: 3 0x8000b7b6 (0x00002f17) x30 0x8000d7b6
core   0: 0x8000b7ba (0x843f2523) sw      gp, -1974(t5)
core   0: 3 0x8000b7ba (0x843f2523) mem 0x8000d000 0x00000001
core   0: 0x8000b7be (0x0000bfe5) c.j     pc - 8
core   0: 3 0x8000b7be (0xbfe5)
core   0: 0x8000b7b6 (0x00002f17) auipc   t5, 0x2
core   0: 3 0x8000b7b6 (0x00002f17) x30 0x8000d7b6
core   0: 0x8000b7ba (0x843f2523) sw      gp, -1974(t5)
core   0: 3 0x8000b7ba (0x843f2523) mem 0x8000d000 0x00000001
core   0: 0x8000b7be (0x0000bfe5) c.j     pc - 8
core   0: 3 0x8000b7be (0xbfe5)
core   0: 0x8000b7b6 (0x00002f17) auipc   t5, 0x2
core   0: 3 0x8000b7b6 (0x00002f17) x30 0x8000d7b6
core   0: 0x8000b7ba (0x843f2523) sw      gp, -1974(t5)
core   0: 3 0x8000b7ba (0x843f2523) mem 0x8000d000 0x00000001
core   0: 0x8000b7be (0x0000bfe5) c.j     pc - 8
core   0: 3 0x8000b7be (0xbfe5)
core   0: 0x8000b7b6 (0x00002f17) auipc   t5, 0x2
core   0: 3 0x8000b7b6 (0x00002f17) x30 0x8000d7b6
core   0: 0x8000b7ba (0x843f2523) sw      gp, -1974(t5)
core   0: 3 0x8000b7ba (0x843f2523) mem 0x8000d000 0x00000001
core   0: 0x8000b7be (0x0000bfe5) c.j     pc - 8
core   0: 3 0x8000b7be (0xbfe5)
core   0: 0x8000b7b6 (0x00002f17) auipc   t5, 0x2
core   0: 3 0x8000b7b6 (0x00002f17) x30 0x8000d7b6
core   0: 0x8000b7ba (0x843f2523) sw      gp, -1974(t5)
core   0: 3 0x8000b7ba (0x843f2523) mem 0x8000d000 0x00000001
core   0: 0x8000b7be (0x0000bfe5) c.j     pc - 8
core   0: 3 0x8000b7be (0xbfe5)
core   0: 0x8000b7b6 (0x00002f17) auipc   t5, 0x2
core   0: 3 0x8000b7b6 (0x00002f17) x30 0x8000d7b6
core   0: 0x8000b7ba (0x843f2523) sw      gp, -1974(t5)
core   0: 3 0x8000b7ba (0x843f2523) mem 0x8000d000 0x00000001
core   0: 0x8000b7be (0x0000bfe5) c.j     pc - 8
core   0: 3 0x8000b7be (0xbfe5)
core   0: 0x8000b7b6 (0x00002f17) auipc   t5, 0x2
core   0: 3 0x8000b7b6 (0x00002f17) x30 0x8000d7b6
core   0: 0x8000b7ba (0x843f2523) sw      gp, -1974(t5)
core   0: 3 0x8000b7ba (0x843f2523) mem 0x8000d000 0x00000001
core   0: 0x8000b7be (0x0000bfe5) c.j     pc - 8
core   0: 3 0x8000b7be (0xbfe5)
core   0: 0x8000b7b6 (0x00002f17) auipc   t5, 0x2
core   0: 3 0x8000b7b6 (0x00002f17) x30 0x8000d7b6
core   0: 0x8000b7ba (0x843f2523) sw      gp, -1974(t5)
core   0: 3 0x8000b7ba (0x843f2523) mem 0x8000d000 0x00000001
core   0: 0x8000b7be (0x0000bfe5) c.j     pc - 8
core   0: 3 0x8000b7be (0xbfe5)
core   0: 0x8000b7b6 (0x00002f17) auipc   t5, 0x2
core   0: 3 0x8000b7b6 (0x00002f17) x30 0x8000d7b6
core   0: 0x8000b7ba (0x843f2523) sw      gp, -1974(t5)
core   0: 3 0x8000b7ba (0x843f2523) mem 0x8000d000 0x00000001
core   0: 0x8000b7be (0x0000bfe5) c.j     pc - 8
core   0: 3 0x8000b7be (0xbfe5)
core   0: 0x8000b7b6 (0x00002f17) auipc   t5, 0x2
core   0: 3 0x8000b7b6 (0x00002f17) x30 0x8000d7b6
core   0: 0x8000b7ba (0x843f2523) sw      gp, -1974(t5)
core   0: 3 0x8000b7ba (0x843f2523) mem 0x8000d000 0x00000001
core   0: 0x8000b7be (0x0000bfe5) c.j     pc - 8
core   0: 3 0x8000b7be (0xbfe5)
core   0: 0x8000b7b6 (0x00002f17) auipc   t5, 0x2
core   0: 3 0x8000b7b6 (0x00002f17) x30 0x8000d7b6
core   0: 0x8000b7ba (0x843f2523) sw      gp, -1974(t5)
core   0: 3 0x8000b7ba (0x843f2523) mem 0x8000d000 0x00000001
core   0: 0x8000b7be (0x0000bfe5) c.j     pc - 8
core   0: 3 0x8000b7be (0xbfe5)
core   0: 0x8000b7b6 (0x00002f17) auipc   t5, 0x2
core   0: 3 0x8000b7b6 (0x00002f17) x30 0x8000d7b6
core   0: 0x8000b7ba (0x843f2523) sw      gp, -1974(t5)
core   0: 3 0x8000b7ba (0x843f2523) mem 0x8000d000 0x00000001
core   0: 0x8000b7be (0x0000bfe5) c.j     pc - 8
core   0: 3 0x8000b7be (0xbfe5)
core   0: 0x8000b7b6 (0x00002f17) auipc   t5, 0x2
core   0: 3 0x8000b7b6 (0x00002f17) x30 0x8000d7b6
core   0: 0x8000b7ba (0x843f2523) sw      gp, -1974(t5)
core   0: 3 0x8000b7ba (0x843f2523) mem 0x8000d000 0x00000001
core   0: 0x8000b7be (0x0000bfe5) c.j     pc - 8
core   0: 3 0x8000b7be (0xbfe5)
core   0: 0x8000b7b6 (0x00002f17) auipc   t5, 0x2
core   0: 3 0x8000b7b6 (0x00002f17) x30 0x8000d7b6
core   0: 0x8000b7ba (0x843f2523) sw      gp, -1974(t5)
core   0: 3 0x8000b7ba (0x843f2523) mem 0x8000d000 0x00000001
core   0: 0x8000b7be (0x0000bfe5) c.j     pc - 8
core   0: 3 0x8000b7be (0xbfe5)
core   0: 0x8000b7b6 (0x00002f17) auipc   t5, 0x2
core   0: 3 0x8000b7b6 (0x00002f17) x30 0x8000d7b6
core   0: 0x8000b7ba (0x843f2523) sw      gp, -1974(t5)
core   0: 3 0x8000b7ba (0x843f2523) mem 0x8000d000 0x00000001
core   0: 0x8000b7be (0x0000bfe5) c.j     pc - 8
core   0: 3 0x8000b7be (0xbfe5)
core   0: 0x8000b7b6 (0x00002f17) auipc   t5, 0x2
core   0: 3 0x8000b7b6 (0x00002f17) x30 0x8000d7b6
core   0: 0x8000b7ba (0x843f2523) sw      gp, -1974(t5)
core   0: 3 0x8000b7ba (0x843f2523) mem 0x8000d000 0x00000001
core   0: 0x8000b7be (0x0000bfe5) c.j     pc - 8
core   0: 3 0x8000b7be (0xbfe5)
core   0: 0x8000b7b6 (0x00002f17) auipc   t5, 0x2
core   0: 3 0x8000b7b6 (0x00002f17) x30 0x8000d7b6
core   0: 0x8000b7ba (0x843f2523) sw      gp, -1974(t5)
core   0: 3 0x8000b7ba (0x843f2523) mem 0x8000d000 0x00000001
core   0: 0x8000b7be (0x0000bfe5) c.j     pc - 8
core   0: 3 0x8000b7be (0xbfe5)
core   0: 0x8000b7b6 (0x00002f17) auipc   t5, 0x2
core   0: 3 0x8000b7b6 (0x00002f17) x30 0x8000d7b6
core   0: 0x8000b7ba (0x843f2523) sw      gp, -1974(t5)
core   0: 3 0x8000b7ba (0x843f2523) mem 0x8000d000 0x00000001
core   0: 0x8000b7be (0x0000bfe5) c.j     pc - 8
core   0: 3 0x8000b7be (0xbfe5)
core   0: 0x8000b7b6 (0x00002f17) auipc   t5, 0x2
core   0: 3 0x8000b7b6 (0x00002f17) x30 0x8000d7b6
core   0: 0x8000b7ba (0x843f2523) sw      gp, -1974(t5)
core   0: 3 0x8000b7ba (0x843f2523) mem 0x8000d000 0x00000001
core   0: 0x8000b7be (0x0000bfe5) c.j     pc - 8
core   0: 3 0x8000b7be (0xbfe5)
core   0: 0x8000b7b6 (0x00002f17) auipc   t5, 0x2
core   0: 3 0x8000b7b6 (0x00002f17) x30 0x8000d7b6
core   0: 0x8000b7ba (0x843f2523) sw      gp, -1974(t5)
core   0: 3 0x8000b7ba (0x843f2523) mem 0x8000d000 0x00000001
core   0: 0x8000b7be (0x0000bfe5) c.j     pc - 8
core   0: 3 0x8000b7be (0xbfe5)
core   0: 0x8000b7b6 (0x00002f17) auipc   t5, 0x2
core   0: 3 0x8000b7b6 (0x00002f17) x30 0x8000d7b6
core   0: 0x8000b7ba (0x843f2523) sw      gp, -1974(t5)
core   0: 3 0x8000b7ba (0x843f2523) mem 0x8000d000 0x00000001
core   0: 0x8000b7be (0x0000bfe5) c.j     pc - 8
core   0: 3 0x8000b7be (0xbfe5)
core   0: 0x8000b7b6 (0x00002f17) auipc   t5, 0x2
core   0: 3 0x8000b7b6 (0x00002f17) x30 0x8000d7b6
core   0: 0x8000b7ba (0x843f2523) sw      gp, -1974(t5)
core   0: 3 0x8000b7ba (0x843f2523) mem 0x8000d000 0x00000001
core   0: 0x8000b7be (0x0000bfe5) c.j     pc - 8
core   0: 3 0x8000b7be (0xbfe5)
core   0: 0x8000b7b6 (0x00002f17) auipc   t5, 0x2
core   0: 3 0x8000b7b6 (0x00002f17) x30 0x8000d7b6
core   0: 0x8000b7ba (0x843f2523) sw      gp, -1974(t5)
core   0: 3 0x8000b7ba (0x843f2523) mem 0x8000d000 0x00000001
core   0: 0x8000b7be (0x0000bfe5) c.j     pc - 8
core   0: 3 0x8000b7be (0xbfe5)
core   0: 0x8000b7b6 (0x00002f17) auipc   t5, 0x2
core   0: 3 0x8000b7b6 (0x00002f17) x30 0x8000d7b6
core   0: 0x8000b7ba (0x843f2523) sw      gp, -1974(t5)
core   0: 3 0x8000b7ba (0x843f2523) mem 0x8000d000 0x00000001
core   0: 0x8000b7be (0x0000bfe5) c.j     pc - 8
core   0: 3 0x8000b7be (0xbfe5)
core   0: 0x8000b7b6 (0x00002f17) auipc   t5, 0x2
core   0: 3 0x8000b7b6 (0x00002f17) x30 0x8000d7b6
core   0: 0x8000b7ba (0x843f2523) sw      gp, -1974(t5)
core   0: 3 0x8000b7ba (0x843f2523) mem 0x8000d000 0x00000001
core   0: 0x8000b7be (0x0000bfe5) c.j     pc - 8
core   0: 3 0x8000b7be (0xbfe5)
core   0: 0x8000b7b6 (0x00002f17) auipc   t5, 0x2
core   0: 3 0x8000b7b6 (0x00002f17) x30 0x8000d7b6
core   0: 0x8000b7ba (0x843f2523) sw      gp, -1974(t5)
core   0: 3 0x8000b7ba (0x843f2523) mem 0x8000d000 0x00000001
core   0: 0x8000b7be (0x0000bfe5) c.j     pc - 8
core   0: 3 0x8000b7be (0xbfe5)
core   0: 0x8000b7b6 (0x00002f17) auipc   t5, 0x2
core   0: 3 0x8000b7b6 (0x00002f17) x30 0x8000d7b6
core   0: 0x8000b7ba (0x843f2523) sw      gp, -1974(t5)
core   0: 3 0x8000b7ba (0x843f2523) mem 0x8000d000 0x00000001
core   0: 0x8000b7be (0x0000bfe5) c.j     pc - 8
core   0: 3 0x8000b7be (0xbfe5)
core   0: 0x8000b7b6 (0x00002f17) auipc   t5, 0x2
core   0: 3 0x8000b7b6 (0x00002f17) x30 0x8000d7b6
core   0: 0x8000b7ba (0x843f2523) sw      gp, -1974(t5)
core   0: 3 0x8000b7ba (0x843f2523) mem 0x8000d000 0x00000001
core   0: 0x8000b7be (0x0000bfe5) c.j     pc - 8
core   0: 3 0x8000b7be (0xbfe5)
core   0: 0x8000b7b6 (0x00002f17) auipc   t5, 0x2
core   0: 3 0x8000b7b6 (0x00002f17) x30 0x8000d7b6
core   0: 0x8000b7ba (0x843f2523) sw      gp, -1974(t5)
core   0: 3 0x8000b7ba (0x843f2523) mem 0x8000d000 0x00000001
core   0: 0x8000b7be (0x0000bfe5) c.j     pc - 8
core   0: 3 0x8000b7be (0xbfe5)
core   0: 0x8000b7b6 (0x00002f17) auipc   t5, 0x2
core   0: 3 0x8000b7b6 (0x00002f17) x30 0x8000d7b6
core   0: 0x8000b7ba (0x843f2523) sw      gp, -1974(t5)
core   0: 3 0x8000b7ba (0x843f2523) mem 0x8000d000 0x00000001
core   0: 0x8000b7be (0x0000bfe5) c.j     pc - 8
core   0: 3 0x8000b7be (0xbfe5)
core   0: 0x8000b7b6 (0x00002f17) auipc   t5, 0x2
core   0: 3 0x8000b7b6 (0x00002f17) x30 0x8000d7b6
core   0: 0x8000b7ba (0x843f2523) sw      gp, -1974(t5)
core   0: 3 0x8000b7ba (0x843f2523) mem 0x8000d000 0x00000001
core   0: 0x8000b7be (0x0000bfe5) c.j     pc - 8
core   0: 3 0x8000b7be (0xbfe5)
core   0: 0x8000b7b6 (0x00002f17) auipc   t5, 0x2
core   0: 3 0x8000b7b6 (0x00002f17) x30 0x8000d7b6
core   0: 0x8000b7ba (0x843f2523) sw      gp, -1974(t5)
core   0: 3 0x8000b7ba (0x843f2523) mem 0x8000d000 0x00000001
core   0: 0x8000b7be (0x0000bfe5) c.j     pc - 8
core   0: 3 0x8000b7be (0xbfe5)
core   0: 0x8000b7b6 (0x00002f17) auipc   t5, 0x2
core   0: 3 0x8000b7b6 (0x00002f17) x30 0x8000d7b6
core   0: 0x8000b7ba (0x843f2523) sw      gp, -1974(t5)
core   0: 3 0x8000b7ba (0x843f2523) mem 0x8000d000 0x00000001
core   0: 0x8000b7be (0x0000bfe5) c.j     pc - 8
core   0: 3 0x8000b7be (0xbfe5)
core   0: 0x8000b7b6 (0x00002f17) auipc   t5, 0x2
core   0: 3 0x8000b7b6 (0x00002f17) x30 0x8000d7b6
core   0: 0x8000b7ba (0x843f2523) sw      gp, -1974(t5)
core   0: 3 0x8000b7ba (0x843f2523) mem 0x8000d000 0x00000001
core   0: 0x8000b7be (0x0000bfe5) c.j     pc - 8
core   0: 3 0x8000b7be (0xbfe5)
core   0: 0x8000b7b6 (0x00002f17) auipc   t5, 0x2
core   0: 3 0x8000b7b6 (0x00002f17) x30 0x8000d7b6
core   0: 0x8000b7ba (0x843f2523) sw      gp, -1974(t5)
core   0: 3 0x8000b7ba (0x843f2523) mem 0x8000d000 0x00000001
core   0: 0x8000b7be (0x0000bfe5) c.j     pc - 8
core   0: 3 0x8000b7be (0xbfe5)
core   0: 0x8000b7b6 (0x00002f17) auipc   t5, 0x2
core   0: 3 0x8000b7b6 (0x00002f17) x30 0x8000d7b6
core   0: 0x8000b7ba (0x843f2523) sw      gp, -1974(t5)
core   0: 3 0x8000b7ba (0x843f2523) mem 0x8000d000 0x00000001
core   0: 0x8000b7be (0x0000bfe5) c.j     pc - 8
core   0: 3 0x8000b7be (0xbfe5)
core   0: 0x8000b7b6 (0x00002f17) auipc   t5, 0x2
core   0: 3 0x8000b7b6 (0x00002f17) x30 0x8000d7b6
core   0: 0x8000b7ba (0x843f2523) sw      gp, -1974(t5)
core   0: 3 0x8000b7ba (0x843f2523) mem 0x8000d000 0x00000001
core   0: 0x8000b7be (0x0000bfe5) c.j     pc - 8
core   0: 3 0x8000b7be (0xbfe5)
core   0: 0x8000b7b6 (0x00002f17) auipc   t5, 0x2
core   0: 3 0x8000b7b6 (0x00002f17) x30 0x8000d7b6
core   0: 0x8000b7ba (0x843f2523) sw      gp, -1974(t5)
core   0: 3 0x8000b7ba (0x843f2523) mem 0x8000d000 0x00000001
core   0: 0x8000b7be (0x0000bfe5) c.j     pc - 8
core   0: 3 0x8000b7be (0xbfe5)
core   0: 0x8000b7b6 (0x00002f17) auipc   t5, 0x2
core   0: 3 0x8000b7b6 (0x00002f17) x30 0x8000d7b6
core   0: 0x8000b7ba (0x843f2523) sw      gp, -1974(t5)
core   0: 3 0x8000b7ba (0x843f2523) mem 0x8000d000 0x00000001
core   0: 0x8000b7be (0x0000bfe5) c.j     pc - 8
core   0: 3 0x8000b7be (0xbfe5)
core   0: 0x8000b7b6 (0x00002f17) auipc   t5, 0x2
core   0: 3 0x8000b7b6 (0x00002f17) x30 0x8000d7b6
core   0: 0x8000b7ba (0x843f2523) sw      gp, -1974(t5)
core   0: 3 0x8000b7ba (0x843f2523) mem 0x8000d000 0x00000001
core   0: 0x8000b7be (0x0000bfe5) c.j     pc - 8
core   0: 3 0x8000b7be (0xbfe5)
core   0: 0x8000b7b6 (0x00002f17) auipc   t5, 0x2
core   0: 3 0x8000b7b6 (0x00002f17) x30 0x8000d7b6
core   0: 0x8000b7ba (0x843f2523) sw      gp, -1974(t5)
core   0: 3 0x8000b7ba (0x843f2523) mem 0x8000d000 0x00000001
core   0: 0x8000b7be (0x0000bfe5) c.j     pc - 8
core   0: 3 0x8000b7be (0xbfe5)
core   0: 0x8000b7b6 (0x00002f17) auipc   t5, 0x2
core   0: 3 0x8000b7b6 (0x00002f17) x30 0x8000d7b6
core   0: 0x8000b7ba (0x843f2523) sw      gp, -1974(t5)
core   0: 3 0x8000b7ba (0x843f2523) mem 0x8000d000 0x00000001
core   0: 0x8000b7be (0x0000bfe5) c.j     pc - 8
core   0: 3 0x8000b7be (0xbfe5)
core   0: 0x8000b7b6 (0x00002f17) auipc   t5, 0x2
core   0: 3 0x8000b7b6 (0x00002f17) x30 0x8000d7b6
core   0: 0x8000b7ba (0x843f2523) sw      gp, -1974(t5)
core   0: 3 0x8000b7ba (0x843f2523) mem 0x8000d000 0x00000001
core   0: 0x8000b7be (0x0000bfe5) c.j     pc - 8
core   0: 3 0x8000b7be (0xbfe5)
core   0: 0x8000b7b6 (0x00002f17) auipc   t5, 0x2
core   0: 3 0x8000b7b6 (0x00002f17) x30 0x8000d7b6
core   0: 0x8000b7ba (0x843f2523) sw      gp, -1974(t5)
core   0: 3 0x8000b7ba (0x843f2523) mem 0x8000d000 0x00000001
core   0: 0x8000b7be (0x0000bfe5) c.j     pc - 8
core   0: 3 0x8000b7be (0xbfe5)
core   0: 0x8000b7b6 (0x00002f17) auipc   t5, 0x2
core   0: 3 0x8000b7b6 (0x00002f17) x30 0x8000d7b6
core   0: 0x8000b7ba (0x843f2523) sw      gp, -1974(t5)
core   0: 3 0x8000b7ba (0x843f2523) mem 0x8000d000 0x00000001
core   0: 0x8000b7be (0x0000bfe5) c.j     pc - 8
core   0: 3 0x8000b7be (0xbfe5)
core   0: 0x8000b7b6 (0x00002f17) auipc   t5, 0x2
core   0: 3 0x8000b7b6 (0x00002f17) x30 0x8000d7b6
core   0: 0x8000b7ba (0x843f2523) sw      gp, -1974(t5)
core   0: 3 0x8000b7ba (0x843f2523) mem 0x8000d000 0x00000001
core   0: 0x8000b7be (0x0000bfe5) c.j     pc - 8
core   0: 3 0x8000b7be (0xbfe5)
core   0: 0x8000b7b6 (0x00002f17) auipc   t5, 0x2
core   0: 3 0x8000b7b6 (0x00002f17) x30 0x8000d7b6
core   0: 0x8000b7ba (0x843f2523) sw      gp, -1974(t5)
core   0: 3 0x8000b7ba (0x843f2523) mem 0x8000d000 0x00000001
core   0: 0x8000b7be (0x0000bfe5) c.j     pc - 8
core   0: 3 0x8000b7be (0xbfe5)
core   0: 0x8000b7b6 (0x00002f17) auipc   t5, 0x2
core   0: 3 0x8000b7b6 (0x00002f17) x30 0x8000d7b6
core   0: 0x8000b7ba (0x843f2523) sw      gp, -1974(t5)
core   0: 3 0x8000b7ba (0x843f2523) mem 0x8000d000 0x00000001
core   0: 0x8000b7be (0x0000bfe5) c.j     pc - 8
core   0: 3 0x8000b7be (0xbfe5)
core   0: 0x8000b7b6 (0x00002f17) auipc   t5, 0x2
core   0: 3 0x8000b7b6 (0x00002f17) x30 0x8000d7b6
core   0: 0x8000b7ba (0x843f2523) sw      gp, -1974(t5)
core   0: 3 0x8000b7ba (0x843f2523) mem 0x8000d000 0x00000001
core   0: 0x8000b7be (0x0000bfe5) c.j     pc - 8
core   0: 3 0x8000b7be (0xbfe5)
core   0: 0x8000b7b6 (0x00002f17) auipc   t5, 0x2
core   0: 3 0x8000b7b6 (0x00002f17) x30 0x8000d7b6
core   0: 0x8000b7ba (0x843f2523) sw      gp, -1974(t5)
core   0: 3 0x8000b7ba (0x843f2523) mem 0x8000d000 0x00000001
core   0: 0x8000b7be (0x0000bfe5) c.j     pc - 8
core   0: 3 0x8000b7be (0xbfe5)
core   0: 0x8000b7b6 (0x00002f17) auipc   t5, 0x2
core   0: 3 0x8000b7b6 (0x00002f17) x30 0x8000d7b6
core   0: 0x8000b7ba (0x843f2523) sw      gp, -1974(t5)
core   0: 3 0x8000b7ba (0x843f2523) mem 0x8000d000 0x00000001
core   0: 0x8000b7be (0x0000bfe5) c.j     pc - 8
core   0: 3 0x8000b7be (0xbfe5)
core   0: 0x8000b7b6 (0x00002f17) auipc   t5, 0x2
core   0: 3 0x8000b7b6 (0x00002f17) x30 0x8000d7b6
core   0: 0x8000b7ba (0x843f2523) sw      gp, -1974(t5)
core   0: 3 0x8000b7ba (0x843f2523) mem 0x8000d000 0x00000001
core   0: 0x8000b7be (0x0000bfe5) c.j     pc - 8
core   0: 3 0x8000b7be (0xbfe5)
core   0: 0x8000b7b6 (0x00002f17) auipc   t5, 0x2
core   0: 3 0x8000b7b6 (0x00002f17) x30 0x8000d7b6
core   0: 0x8000b7ba (0x843f2523) sw      gp, -1974(t5)
core   0: 3 0x8000b7ba (0x843f2523) mem 0x8000d000 0x00000001
core   0: 0x8000b7be (0x0000bfe5) c.j     pc - 8
core   0: 3 0x8000b7be (0xbfe5)
core   0: 0x8000b7b6 (0x00002f17) auipc   t5, 0x2
core   0: 3 0x8000b7b6 (0x00002f17) x30 0x8000d7b6
core   0: 0x8000b7ba (0x843f2523) sw      gp, -1974(t5)
core   0: 3 0x8000b7ba (0x843f2523) mem 0x8000d000 0x00000001
core   0: 0x8000b7be (0x0000bfe5) c.j     pc - 8
core   0: 3 0x8000b7be (0xbfe5)
core   0: 0x8000b7b6 (0x00002f17) auipc   t5, 0x2
core   0: 3 0x8000b7b6 (0x00002f17) x30 0x8000d7b6
core   0: 0x8000b7ba (0x843f2523) sw      gp, -1974(t5)
core   0: 3 0x8000b7ba (0x843f2523) mem 0x8000d000 0x00000001
core   0: 0x8000b7be (0x0000bfe5) c.j     pc - 8
core   0: 3 0x8000b7be (0xbfe5)
core   0: 0x8000b7b6 (0x00002f17) auipc   t5, 0x2
core   0: 3 0x8000b7b6 (0x00002f17) x30 0x8000d7b6
core   0: 0x8000b7ba (0x843f2523) sw      gp, -1974(t5)
core   0: 3 0x8000b7ba (0x843f2523) mem 0x8000d000 0x00000001
core   0: 0x8000b7be (0x0000bfe5) c.j     pc - 8
core   0: 3 0x8000b7be (0xbfe5)
core   0: 0x8000b7b6 (0x00002f17) auipc   t5, 0x2
core   0: 3 0x8000b7b6 (0x00002f17) x30 0x8000d7b6
core   0: 0x8000b7ba (0x843f2523) sw      gp, -1974(t5)
core   0: 3 0x8000b7ba (0x843f2523) mem 0x8000d000 0x00000001
core   0: 0x8000b7be (0x0000bfe5) c.j     pc - 8
core   0: 3 0x8000b7be (0xbfe5)
core   0: 0x8000b7b6 (0x00002f17) auipc   t5, 0x2
core   0: 3 0x8000b7b6 (0x00002f17) x30 0x8000d7b6
core   0: 0x8000b7ba (0x843f2523) sw      gp, -1974(t5)
core   0: 3 0x8000b7ba (0x843f2523) mem 0x8000d000 0x00000001
core   0: 0x8000b7be (0x0000bfe5) c.j     pc - 8
core   0: 3 0x8000b7be (0xbfe5)
core   0: 0x8000b7b6 (0x00002f17) auipc   t5, 0x2
core   0: 3 0x8000b7b6 (0x00002f17) x30 0x8000d7b6
core   0: 0x8000b7ba (0x843f2523) sw      gp, -1974(t5)
core   0: 3 0x8000b7ba (0x843f2523) mem 0x8000d000 0x00000001
core   0: 0x8000b7be (0x0000bfe5) c.j     pc - 8
core   0: 3 0x8000b7be (0xbfe5)
core   0: 0x8000b7b6 (0x00002f17) auipc   t5, 0x2
core   0: 3 0x8000b7b6 (0x00002f17) x30 0x8000d7b6
core   0: 0x8000b7ba (0x843f2523) sw      gp, -1974(t5)
core   0: 3 0x8000b7ba (0x843f2523) mem 0x8000d000 0x00000001
core   0: 0x8000b7be (0x0000bfe5) c.j     pc - 8
core   0: 3 0x8000b7be (0xbfe5)
core   0: 0x8000b7b6 (0x00002f17) auipc   t5, 0x2
core   0: 3 0x8000b7b6 (0x00002f17) x30 0x8000d7b6
core   0: 0x8000b7ba (0x843f2523) sw      gp, -1974(t5)
core   0: 3 0x8000b7ba (0x843f2523) mem 0x8000d000 0x00000001
core   0: 0x8000b7be (0x0000bfe5) c.j     pc - 8
core   0: 3 0x8000b7be (0xbfe5)
core   0: 0x8000b7b6 (0x00002f17) auipc   t5, 0x2
core   0: 3 0x8000b7b6 (0x00002f17) x30 0x8000d7b6
core   0: 0x8000b7ba (0x843f2523) sw      gp, -1974(t5)
core   0: 3 0x8000b7ba (0x843f2523) mem 0x8000d000 0x00000001
core   0: 0x8000b7be (0x0000bfe5) c.j     pc - 8
core   0: 3 0x8000b7be (0xbfe5)
core   0: 0x8000b7b6 (0x00002f17) auipc   t5, 0x2
core   0: 3 0x8000b7b6 (0x00002f17) x30 0x8000d7b6
core   0: 0x8000b7ba (0x843f2523) sw      gp, -1974(t5)
core   0: 3 0x8000b7ba (0x843f2523) mem 0x8000d000 0x00000001
core   0: 0x8000b7be (0x0000bfe5) c.j     pc - 8
core   0: 3 0x8000b7be (0xbfe5)
core   0: 0x8000b7b6 (0x00002f17) auipc   t5, 0x2
core   0: 3 0x8000b7b6 (0x00002f17) x30 0x8000d7b6
core   0: 0x8000b7ba (0x843f2523) sw      gp, -1974(t5)
core   0: 3 0x8000b7ba (0x843f2523) mem 0x8000d000 0x00000001
core   0: 0x8000b7be (0x0000bfe5) c.j     pc - 8
core   0: 3 0x8000b7be (0xbfe5)
core   0: 0x8000b7b6 (0x00002f17) auipc   t5, 0x2
core   0: 3 0x8000b7b6 (0x00002f17) x30 0x8000d7b6
core   0: 0x8000b7ba (0x843f2523) sw      gp, -1974(t5)
core   0: 3 0x8000b7ba (0x843f2523) mem 0x8000d000 0x00000001
core   0: 0x8000b7be (0x0000bfe5) c.j     pc - 8
core   0: 3 0x8000b7be (0xbfe5)
core   0: 0x8000b7b6 (0x00002f17) auipc   t5, 0x2
core   0: 3 0x8000b7b6 (0x00002f17) x30 0x8000d7b6
core   0: 0x8000b7ba (0x843f2523) sw      gp, -1974(t5)
core   0: 3 0x8000b7ba (0x843f2523) mem 0x8000d000 0x00000001
core   0: 0x8000b7be (0x0000bfe5) c.j     pc - 8
core   0: 3 0x8000b7be (0xbfe5)
core   0: 0x8000b7b6 (0x00002f17) auipc   t5, 0x2
core   0: 3 0x8000b7b6 (0x00002f17) x30 0x8000d7b6
core   0: 0x8000b7ba (0x843f2523) sw      gp, -1974(t5)
core   0: 3 0x8000b7ba (0x843f2523) mem 0x8000d000 0x00000001
core   0: 0x8000b7be (0x0000bfe5) c.j     pc - 8
core   0: 3 0x8000b7be (0xbfe5)
core   0: 0x8000b7b6 (0x00002f17) auipc   t5, 0x2
core   0: 3 0x8000b7b6 (0x00002f17) x30 0x8000d7b6
core   0: 0x8000b7ba (0x843f2523) sw      gp, -1974(t5)
core   0: 3 0x8000b7ba (0x843f2523) mem 0x8000d000 0x00000001
core   0: 0x8000b7be (0x0000bfe5) c.j     pc - 8
core   0: 3 0x8000b7be (0xbfe5)
core   0: 0x8000b7b6 (0x00002f17) auipc   t5, 0x2
core   0: 3 0x8000b7b6 (0x00002f17) x30 0x8000d7b6
core   0: 0x8000b7ba (0x843f2523) sw      gp, -1974(t5)
core   0: 3 0x8000b7ba (0x843f2523) mem 0x8000d000 0x00000001
core   0: 0x8000b7be (0x0000bfe5) c.j     pc - 8
core   0: 3 0x8000b7be (0xbfe5)
core   0: 0x8000b7b6 (0x00002f17) auipc   t5, 0x2
core   0: 3 0x8000b7b6 (0x00002f17) x30 0x8000d7b6
core   0: 0x8000b7ba (0x843f2523) sw      gp, -1974(t5)
core   0: 3 0x8000b7ba (0x843f2523) mem 0x8000d000 0x00000001
core   0: 0x8000b7be (0x0000bfe5) c.j     pc - 8
core   0: 3 0x8000b7be (0xbfe5)
core   0: 0x8000b7b6 (0x00002f17) auipc   t5, 0x2
core   0: 3 0x8000b7b6 (0x00002f17) x30 0x8000d7b6
core   0: 0x8000b7ba (0x843f2523) sw      gp, -1974(t5)
core   0: 3 0x8000b7ba (0x843f2523) mem 0x8000d000 0x00000001
core   0: 0x8000b7be (0x0000bfe5) c.j     pc - 8
core   0: 3 0x8000b7be (0xbfe5)
core   0: 0x8000b7b6 (0x00002f17) auipc   t5, 0x2
core   0: 3 0x8000b7b6 (0x00002f17) x30 0x8000d7b6
core   0: 0x8000b7ba (0x843f2523) sw      gp, -1974(t5)
core   0: 3 0x8000b7ba (0x843f2523) mem 0x8000d000 0x00000001
core   0: 0x8000b7be (0x0000bfe5) c.j     pc - 8
core   0: 3 0x8000b7be (0xbfe5)
core   0: 0x8000b7b6 (0x00002f17) auipc   t5, 0x2
core   0: 3 0x8000b7b6 (0x00002f17) x30 0x8000d7b6
core   0: 0x8000b7ba (0x843f2523) sw      gp, -1974(t5)
core   0: 3 0x8000b7ba (0x843f2523) mem 0x8000d000 0x00000001
core   0: 0x8000b7be (0x0000bfe5) c.j     pc - 8
core   0: 3 0x8000b7be (0xbfe5)
core   0: 0x8000b7b6 (0x00002f17) auipc   t5, 0x2
core   0: 3 0x8000b7b6 (0x00002f17) x30 0x8000d7b6
core   0: 0x8000b7ba (0x843f2523) sw      gp, -1974(t5)
core   0: 3 0x8000b7ba (0x843f2523) mem 0x8000d000 0x00000001
core   0: 0x8000b7be (0x0000bfe5) c.j     pc - 8
core   0: 3 0x8000b7be (0xbfe5)
core   0: 0x8000b7b6 (0x00002f17) auipc   t5, 0x2
core   0: 3 0x8000b7b6 (0x00002f17) x30 0x8000d7b6
core   0: 0x8000b7ba (0x843f2523) sw      gp, -1974(t5)
core   0: 3 0x8000b7ba (0x843f2523) mem 0x8000d000 0x00000001
core   0: 0x8000b7be (0x0000bfe5) c.j     pc - 8
core   0: 3 0x8000b7be (0xbfe5)
core   0: 0x8000b7b6 (0x00002f17) auipc   t5, 0x2
core   0: 3 0x8000b7b6 (0x00002f17) x30 0x8000d7b6
core   0: 0x8000b7ba (0x843f2523) sw      gp, -1974(t5)
core   0: 3 0x8000b7ba (0x843f2523) mem 0x8000d000 0x00000001
core   0: 0x8000b7be (0x0000bfe5) c.j     pc - 8
core   0: 3 0x8000b7be (0xbfe5)
core   0: 0x8000b7b6 (0x00002f17) auipc   t5, 0x2
core   0: 3 0x8000b7b6 (0x00002f17) x30 0x8000d7b6
core   0: 0x8000b7ba (0x843f2523) sw      gp, -1974(t5)
core   0: 3 0x8000b7ba (0x843f2523) mem 0x8000d000 0x00000001
core   0: 0x8000b7be (0x0000bfe5) c.j     pc - 8
core   0: 3 0x8000b7be (0xbfe5)
core   0: 0x8000b7b6 (0x00002f17) auipc   t5, 0x2
core   0: 3 0x8000b7b6 (0x00002f17) x30 0x8000d7b6
core   0: 0x8000b7ba (0x843f2523) sw      gp, -1974(t5)
core   0: 3 0x8000b7ba (0x843f2523) mem 0x8000d000 0x00000001
core   0: 0x8000b7be (0x0000bfe5) c.j     pc - 8
core   0: 3 0x8000b7be (0xbfe5)
core   0: 0x8000b7b6 (0x00002f17) auipc   t5, 0x2
core   0: 3 0x8000b7b6 (0x00002f17) x30 0x8000d7b6
core   0: 0x8000b7ba (0x843f2523) sw      gp, -1974(t5)
core   0: 3 0x8000b7ba (0x843f2523) mem 0x8000d000 0x00000001
core   0: 0x8000b7be (0x0000bfe5) c.j     pc - 8
core   0: 3 0x8000b7be (0xbfe5)
core   0: 0x8000b7b6 (0x00002f17) auipc   t5, 0x2
core   0: 3 0x8000b7b6 (0x00002f17) x30 0x8000d7b6
core   0: 0x8000b7ba (0x843f2523) sw      gp, -1974(t5)
core   0: 3 0x8000b7ba (0x843f2523) mem 0x8000d000 0x00000001
core   0: 0x8000b7be (0x0000bfe5) c.j     pc - 8
core   0: 3 0x8000b7be (0xbfe5)
core   0: 0x8000b7b6 (0x00002f17) auipc   t5, 0x2
core   0: 3 0x8000b7b6 (0x00002f17) x30 0x8000d7b6
core   0: 0x8000b7ba (0x843f2523) sw      gp, -1974(t5)
core   0: 3 0x8000b7ba (0x843f2523) mem 0x8000d000 0x00000001
core   0: 0x8000b7be (0x0000bfe5) c.j     pc - 8
core   0: 3 0x8000b7be (0xbfe5)
core   0: 0x8000b7b6 (0x00002f17) auipc   t5, 0x2
core   0: 3 0x8000b7b6 (0x00002f17) x30 0x8000d7b6
core   0: 0x8000b7ba (0x843f2523) sw      gp, -1974(t5)
core   0: 3 0x8000b7ba (0x843f2523) mem 0x8000d000 0x00000001
core   0: 0x8000b7be (0x0000bfe5) c.j     pc - 8
core   0: 3 0x8000b7be (0xbfe5)
core   0: 0x8000b7b6 (0x00002f17) auipc   t5, 0x2
core   0: 3 0x8000b7b6 (0x00002f17) x30 0x8000d7b6
core   0: 0x8000b7ba (0x843f2523) sw      gp, -1974(t5)
core   0: 3 0x8000b7ba (0x843f2523) mem 0x8000d000 0x00000001
core   0: 0x8000b7be (0x0000bfe5) c.j     pc - 8
core   0: 3 0x8000b7be (0xbfe5)
core   0: 0x8000b7b6 (0x00002f17) auipc   t5, 0x2
core   0: 3 0x8000b7b6 (0x00002f17) x30 0x8000d7b6
core   0: 0x8000b7ba (0x843f2523) sw      gp, -1974(t5)
core   0: 3 0x8000b7ba (0x843f2523) mem 0x8000d000 0x00000001
core   0: 0x8000b7be (0x0000bfe5) c.j     pc - 8
core   0: 3 0x8000b7be (0xbfe5)
core   0: 0x8000b7b6 (0x00002f17) auipc   t5, 0x2
core   0: 3 0x8000b7b6 (0x00002f17) x30 0x8000d7b6
core   0: 0x8000b7ba (0x843f2523) sw      gp, -1974(t5)
core   0: 3 0x8000b7ba (0x843f2523) mem 0x8000d000 0x00000001
core   0: 0x8000b7be (0x0000bfe5) c.j     pc - 8
core   0: 3 0x8000b7be (0xbfe5)
core   0: 0x8000b7b6 (0x00002f17) auipc   t5, 0x2
core   0: 3 0x8000b7b6 (0x00002f17) x30 0x8000d7b6
core   0: 0x8000b7ba (0x843f2523) sw      gp, -1974(t5)
core   0: 3 0x8000b7ba (0x843f2523) mem 0x8000d000 0x00000001
core   0: 0x8000b7be (0x0000bfe5) c.j     pc - 8
core   0: 3 0x8000b7be (0xbfe5)
core   0: 0x8000b7b6 (0x00002f17) auipc   t5, 0x2
core   0: 3 0x8000b7b6 (0x00002f17) x30 0x8000d7b6
core   0: 0x8000b7ba (0x843f2523) sw      gp, -1974(t5)
core   0: 3 0x8000b7ba (0x843f2523) mem 0x8000d000 0x00000001
core   0: 0x8000b7be (0x0000bfe5) c.j     pc - 8
core   0: 3 0x8000b7be (0xbfe5)
core   0: 0x8000b7b6 (0x00002f17) auipc   t5, 0x2
core   0: 3 0x8000b7b6 (0x00002f17) x30 0x8000d7b6
core   0: 0x8000b7ba (0x843f2523) sw      gp, -1974(t5)
core   0: 3 0x8000b7ba (0x843f2523) mem 0x8000d000 0x00000001
core   0: 0x8000b7be (0x0000bfe5) c.j     pc - 8
core   0: 3 0x8000b7be (0xbfe5)
core   0: 0x8000b7b6 (0x00002f17) auipc   t5, 0x2
core   0: 3 0x8000b7b6 (0x00002f17) x30 0x8000d7b6
core   0: 0x8000b7ba (0x843f2523) sw      gp, -1974(t5)
core   0: 3 0x8000b7ba (0x843f2523) mem 0x8000d000 0x00000001
core   0: 0x8000b7be (0x0000bfe5) c.j     pc - 8
core   0: 3 0x8000b7be (0xbfe5)
core   0: 0x8000b7b6 (0x00002f17) auipc   t5, 0x2
core   0: 3 0x8000b7b6 (0x00002f17) x30 0x8000d7b6
core   0: 0x8000b7ba (0x843f2523) sw      gp, -1974(t5)
core   0: 3 0x8000b7ba (0x843f2523) mem 0x8000d000 0x00000001
core   0: 0x8000b7be (0x0000bfe5) c.j     pc - 8
core   0: 3 0x8000b7be (0xbfe5)
core   0: 0x8000b7b6 (0x00002f17) auipc   t5, 0x2
core   0: 3 0x8000b7b6 (0x00002f17) x30 0x8000d7b6
core   0: 0x8000b7ba (0x843f2523) sw      gp, -1974(t5)
core   0: 3 0x8000b7ba (0x843f2523) mem 0x8000d000 0x00000001
core   0: 0x8000b7be (0x0000bfe5) c.j     pc - 8
core   0: 3 0x8000b7be (0xbfe5)
core   0: 0x8000b7b6 (0x00002f17) auipc   t5, 0x2
core   0: 3 0x8000b7b6 (0x00002f17) x30 0x8000d7b6
core   0: 0x8000b7ba (0x843f2523) sw      gp, -1974(t5)
core   0: 3 0x8000b7ba (0x843f2523) mem 0x8000d000 0x00000001
core   0: 0x8000b7be (0x0000bfe5) c.j     pc - 8
core   0: 3 0x8000b7be (0xbfe5)
core   0: 0x8000b7b6 (0x00002f17) auipc   t5, 0x2
core   0: 3 0x8000b7b6 (0x00002f17) x30 0x8000d7b6
core   0: 0x8000b7ba (0x843f2523) sw      gp, -1974(t5)
core   0: 3 0x8000b7ba (0x843f2523) mem 0x8000d000 0x00000001
core   0: 0x8000b7be (0x0000bfe5) c.j     pc - 8
core   0: 3 0x8000b7be (0xbfe5)
core   0: 0x8000b7b6 (0x00002f17) auipc   t5, 0x2
core   0: 3 0x8000b7b6 (0x00002f17) x30 0x8000d7b6
core   0: 0x8000b7ba (0x843f2523) sw      gp, -1974(t5)
core   0: 3 0x8000b7ba (0x843f2523) mem 0x8000d000 0x00000001
core   0: 0x8000b7be (0x0000bfe5) c.j     pc - 8
core   0: 3 0x8000b7be (0xbfe5)
core   0: 0x8000b7b6 (0x00002f17) auipc   t5, 0x2
core   0: 3 0x8000b7b6 (0x00002f17) x30 0x8000d7b6
core   0: 0x8000b7ba (0x843f2523) sw      gp, -1974(t5)
core   0: 3 0x8000b7ba (0x843f2523) mem 0x8000d000 0x00000001
core   0: 0x8000b7be (0x0000bfe5) c.j     pc - 8
core   0: 3 0x8000b7be (0xbfe5)
core   0: 0x8000b7b6 (0x00002f17) auipc   t5, 0x2
core   0: 3 0x8000b7b6 (0x00002f17) x30 0x8000d7b6
core   0: 0x8000b7ba (0x843f2523) sw      gp, -1974(t5)
core   0: 3 0x8000b7ba (0x843f2523) mem 0x8000d000 0x00000001
core   0: 0x8000b7be (0x0000bfe5) c.j     pc - 8
core   0: 3 0x8000b7be (0xbfe5)
core   0: 0x8000b7b6 (0x00002f17) auipc   t5, 0x2
core   0: 3 0x8000b7b6 (0x00002f17) x30 0x8000d7b6
core   0: 0x8000b7ba (0x843f2523) sw      gp, -1974(t5)
core   0: 3 0x8000b7ba (0x843f2523) mem 0x8000d000 0x00000001
core   0: 0x8000b7be (0x0000bfe5) c.j     pc - 8
core   0: 3 0x8000b7be (0xbfe5)
core   0: 0x8000b7b6 (0x00002f17) auipc   t5, 0x2
core   0: 3 0x8000b7b6 (0x00002f17) x30 0x8000d7b6
core   0: 0x8000b7ba (0x843f2523) sw      gp, -1974(t5)
core   0: 3 0x8000b7ba (0x843f2523) mem 0x8000d000 0x00000001
core   0: 0x8000b7be (0x0000bfe5) c.j     pc - 8
core   0: 3 0x8000b7be (0xbfe5)
core   0: 0x8000b7b6 (0x00002f17) auipc   t5, 0x2
core   0: 3 0x8000b7b6 (0x00002f17) x30 0x8000d7b6
core   0: 0x8000b7ba (0x843f2523) sw      gp, -1974(t5)
core   0: 3 0x8000b7ba (0x843f2523) mem 0x8000d000 0x00000001
core   0: 0x8000b7be (0x0000bfe5) c.j     pc - 8
core   0: 3 0x8000b7be (0xbfe5)
core   0: 0x8000b7b6 (0x00002f17) auipc   t5, 0x2
core   0: 3 0x8000b7b6 (0x00002f17) x30 0x8000d7b6
core   0: 0x8000b7ba (0x843f2523) sw      gp, -1974(t5)
core   0: 3 0x8000b7ba (0x843f2523) mem 0x8000d000 0x00000001
core   0: 0x8000b7be (0x0000bfe5) c.j     pc - 8
core   0: 3 0x8000b7be (0xbfe5)
core   0: 0x8000b7b6 (0x00002f17) auipc   t5, 0x2
core   0: 3 0x8000b7b6 (0x00002f17) x30 0x8000d7b6
core   0: 0x8000b7ba (0x843f2523) sw      gp, -1974(t5)
core   0: 3 0x8000b7ba (0x843f2523) mem 0x8000d000 0x00000001
core   0: 0x8000b7be (0x0000bfe5) c.j     pc - 8
core   0: 3 0x8000b7be (0xbfe5)
core   0: 0x8000b7b6 (0x00002f17) auipc   t5, 0x2
core   0: 3 0x8000b7b6 (0x00002f17) x30 0x8000d7b6
core   0: 0x8000b7ba (0x843f2523) sw      gp, -1974(t5)
core   0: 3 0x8000b7ba (0x843f2523) mem 0x8000d000 0x00000001
core   0: 0x8000b7be (0x0000bfe5) c.j     pc - 8
core   0: 3 0x8000b7be (0xbfe5)
core   0: 0x8000b7b6 (0x00002f17) auipc   t5, 0x2
core   0: 3 0x8000b7b6 (0x00002f17) x30 0x8000d7b6
core   0: 0x8000b7ba (0x843f2523) sw      gp, -1974(t5)
core   0: 3 0x8000b7ba (0x843f2523) mem 0x8000d000 0x00000001
core   0: 0x8000b7be (0x0000bfe5) c.j     pc - 8
core   0: 3 0x8000b7be (0xbfe5)
core   0: 0x8000b7b6 (0x00002f17) auipc   t5, 0x2
core   0: 3 0x8000b7b6 (0x00002f17) x30 0x8000d7b6
core   0: 0x8000b7ba (0x843f2523) sw      gp, -1974(t5)
core   0: 3 0x8000b7ba (0x843f2523) mem 0x8000d000 0x00000001
core   0: 0x8000b7be (0x0000bfe5) c.j     pc - 8
core   0: 3 0x8000b7be (0xbfe5)
core   0: 0x8000b7b6 (0x00002f17) auipc   t5, 0x2
core   0: 3 0x8000b7b6 (0x00002f17) x30 0x8000d7b6
core   0: 0x8000b7ba (0x843f2523) sw      gp, -1974(t5)
core   0: 3 0x8000b7ba (0x843f2523) mem 0x8000d000 0x00000001
core   0: 0x8000b7be (0x0000bfe5) c.j     pc - 8
core   0: 3 0x8000b7be (0xbfe5)
core   0: 0x8000b7b6 (0x00002f17) auipc   t5, 0x2
core   0: 3 0x8000b7b6 (0x00002f17) x30 0x8000d7b6
core   0: 0x8000b7ba (0x843f2523) sw      gp, -1974(t5)
core   0: 3 0x8000b7ba (0x843f2523) mem 0x8000d000 0x00000001
core   0: 0x8000b7be (0x0000bfe5) c.j     pc - 8
core   0: 3 0x8000b7be (0xbfe5)
core   0: 0x8000b7b6 (0x00002f17) auipc   t5, 0x2
core   0: 3 0x8000b7b6 (0x00002f17) x30 0x8000d7b6
core   0: 0x8000b7ba (0x843f2523) sw      gp, -1974(t5)
core   0: 3 0x8000b7ba (0x843f2523) mem 0x8000d000 0x00000001
core   0: 0x8000b7be (0x0000bfe5) c.j     pc - 8
core   0: 3 0x8000b7be (0xbfe5)
core   0: 0x8000b7b6 (0x00002f17) auipc   t5, 0x2
core   0: 3 0x8000b7b6 (0x00002f17) x30 0x8000d7b6
core   0: 0x8000b7ba (0x843f2523) sw      gp, -1974(t5)
core   0: 3 0x8000b7ba (0x843f2523) mem 0x8000d000 0x00000001
core   0: 0x8000b7be (0x0000bfe5) c.j     pc - 8
core   0: 3 0x8000b7be (0xbfe5)
core   0: 0x8000b7b6 (0x00002f17) auipc   t5, 0x2
core   0: 3 0x8000b7b6 (0x00002f17) x30 0x8000d7b6
core   0: 0x8000b7ba (0x843f2523) sw      gp, -1974(t5)
core   0: 3 0x8000b7ba (0x843f2523) mem 0x8000d000 0x00000001
core   0: 0x8000b7be (0x0000bfe5) c.j     pc - 8
core   0: 3 0x8000b7be (0xbfe5)
core   0: 0x8000b7b6 (0x00002f17) auipc   t5, 0x2
core   0: 3 0x8000b7b6 (0x00002f17) x30 0x8000d7b6
core   0: 0x8000b7ba (0x843f2523) sw      gp, -1974(t5)
core   0: 3 0x8000b7ba (0x843f2523) mem 0x8000d000 0x00000001
core   0: 0x8000b7be (0x0000bfe5) c.j     pc - 8
core   0: 3 0x8000b7be (0xbfe5)
core   0: 0x8000b7b6 (0x00002f17) auipc   t5, 0x2
core   0: 3 0x8000b7b6 (0x00002f17) x30 0x8000d7b6
core   0: 0x8000b7ba (0x843f2523) sw      gp, -1974(t5)
core   0: 3 0x8000b7ba (0x843f2523) mem 0x8000d000 0x00000001
core   0: 0x8000b7be (0x0000bfe5) c.j     pc - 8
core   0: 3 0x8000b7be (0xbfe5)
core   0: 0x8000b7b6 (0x00002f17) auipc   t5, 0x2
core   0: 3 0x8000b7b6 (0x00002f17) x30 0x8000d7b6
core   0: 0x8000b7ba (0x843f2523) sw      gp, -1974(t5)
core   0: 3 0x8000b7ba (0x843f2523) mem 0x8000d000 0x00000001
core   0: 0x8000b7be (0x0000bfe5) c.j     pc - 8
core   0: 3 0x8000b7be (0xbfe5)
core   0: 0x8000b7b6 (0x00002f17) auipc   t5, 0x2
core   0: 3 0x8000b7b6 (0x00002f17) x30 0x8000d7b6
core   0: 0x8000b7ba (0x843f2523) sw      gp, -1974(t5)
core   0: 3 0x8000b7ba (0x843f2523) mem 0x8000d000 0x00000001
core   0: 0x8000b7be (0x0000bfe5) c.j     pc - 8
core   0: 3 0x8000b7be (0xbfe5)
core   0: 0x8000b7b6 (0x00002f17) auipc   t5, 0x2
core   0: 3 0x8000b7b6 (0x00002f17) x30 0x8000d7b6
core   0: 0x8000b7ba (0x843f2523) sw      gp, -1974(t5)
core   0: 3 0x8000b7ba (0x843f2523) mem 0x8000d000 0x00000001
core   0: 0x8000b7be (0x0000bfe5) c.j     pc - 8
core   0: 3 0x8000b7be (0xbfe5)
core   0: 0x8000b7b6 (0x00002f17) auipc   t5, 0x2
core   0: 3 0x8000b7b6 (0x00002f17) x30 0x8000d7b6
core   0: 0x8000b7ba (0x843f2523) sw      gp, -1974(t5)
core   0: 3 0x8000b7ba (0x843f2523) mem 0x8000d000 0x00000001
core   0: 0x8000b7be (0x0000bfe5) c.j     pc - 8
core   0: 3 0x8000b7be (0xbfe5)
core   0: 0x8000b7b6 (0x00002f17) auipc   t5, 0x2
core   0: 3 0x8000b7b6 (0x00002f17) x30 0x8000d7b6
core   0: 0x8000b7ba (0x843f2523) sw      gp, -1974(t5)
core   0: 3 0x8000b7ba (0x843f2523) mem 0x8000d000 0x00000001
core   0: 0x8000b7be (0x0000bfe5) c.j     pc - 8
core   0: 3 0x8000b7be (0xbfe5)
core   0: 0x8000b7b6 (0x00002f17) auipc   t5, 0x2
core   0: 3 0x8000b7b6 (0x00002f17) x30 0x8000d7b6
core   0: 0x8000b7ba (0x843f2523) sw      gp, -1974(t5)
core   0: 3 0x8000b7ba (0x843f2523) mem 0x8000d000 0x00000001
core   0: 0x8000b7be (0x0000bfe5) c.j     pc - 8
core   0: 3 0x8000b7be (0xbfe5)
core   0: 0x8000b7b6 (0x00002f17) auipc   t5, 0x2
core   0: 3 0x8000b7b6 (0x00002f17) x30 0x8000d7b6
core   0: 0x8000b7ba (0x843f2523) sw      gp, -1974(t5)
core   0: 3 0x8000b7ba (0x843f2523) mem 0x8000d000 0x00000001
core   0: 0x8000b7be (0x0000bfe5) c.j     pc - 8
core   0: 3 0x8000b7be (0xbfe5)
core   0: 0x8000b7b6 (0x00002f17) auipc   t5, 0x2
core   0: 3 0x8000b7b6 (0x00002f17) x30 0x8000d7b6
core   0: 0x8000b7ba (0x843f2523) sw      gp, -1974(t5)
core   0: 3 0x8000b7ba (0x843f2523) mem 0x8000d000 0x00000001
core   0: 0x8000b7be (0x0000bfe5) c.j     pc - 8
core   0: 3 0x8000b7be (0xbfe5)
core   0: 0x8000b7b6 (0x00002f17) auipc   t5, 0x2
core   0: 3 0x8000b7b6 (0x00002f17) x30 0x8000d7b6
core   0: 0x8000b7ba (0x843f2523) sw      gp, -1974(t5)
core   0: 3 0x8000b7ba (0x843f2523) mem 0x8000d000 0x00000001
core   0: 0x8000b7be (0x0000bfe5) c.j     pc - 8
core   0: 3 0x8000b7be (0xbfe5)
core   0: 0x8000b7b6 (0x00002f17) auipc   t5, 0x2
core   0: 3 0x8000b7b6 (0x00002f17) x30 0x8000d7b6
core   0: 0x8000b7ba (0x843f2523) sw      gp, -1974(t5)
core   0: 3 0x8000b7ba (0x843f2523) mem 0x8000d000 0x00000001
core   0: 0x8000b7be (0x0000bfe5) c.j     pc - 8
core   0: 3 0x8000b7be (0xbfe5)
core   0: 0x8000b7b6 (0x00002f17) auipc   t5, 0x2
core   0: 3 0x8000b7b6 (0x00002f17) x30 0x8000d7b6
core   0: 0x8000b7ba (0x843f2523) sw      gp, -1974(t5)
core   0: 3 0x8000b7ba (0x843f2523) mem 0x8000d000 0x00000001
core   0: 0x8000b7be (0x0000bfe5) c.j     pc - 8
core   0: 3 0x8000b7be (0xbfe5)
core   0: 0x8000b7b6 (0x00002f17) auipc   t5, 0x2
core   0: 3 0x8000b7b6 (0x00002f17) x30 0x8000d7b6
core   0: 0x8000b7ba (0x843f2523) sw      gp, -1974(t5)
core   0: 3 0x8000b7ba (0x843f2523) mem 0x8000d000 0x00000001
core   0: 0x8000b7be (0x0000bfe5) c.j     pc - 8
core   0: 3 0x8000b7be (0xbfe5)
core   0: 0x8000b7b6 (0x00002f17) auipc   t5, 0x2
core   0: 3 0x8000b7b6 (0x00002f17) x30 0x8000d7b6
core   0: 0x8000b7ba (0x843f2523) sw      gp, -1974(t5)
core   0: 3 0x8000b7ba (0x843f2523) mem 0x8000d000 0x00000001
core   0: 0x8000b7be (0x0000bfe5) c.j     pc - 8
core   0: 3 0x8000b7be (0xbfe5)
core   0: 0x8000b7b6 (0x00002f17) auipc   t5, 0x2
core   0: 3 0x8000b7b6 (0x00002f17) x30 0x8000d7b6
core   0: 0x8000b7ba (0x843f2523) sw      gp, -1974(t5)
core   0: 3 0x8000b7ba (0x843f2523) mem 0x8000d000 0x00000001
core   0: 0x8000b7be (0x0000bfe5) c.j     pc - 8
core   0: 3 0x8000b7be (0xbfe5)
core   0: 0x8000b7b6 (0x00002f17) auipc   t5, 0x2
core   0: 3 0x8000b7b6 (0x00002f17) x30 0x8000d7b6
core   0: 0x8000b7ba (0x843f2523) sw      gp, -1974(t5)
core   0: 3 0x8000b7ba (0x843f2523) mem 0x8000d000 0x00000001
core   0: 0x8000b7be (0x0000bfe5) c.j     pc - 8
core   0: 3 0x8000b7be (0xbfe5)
core   0: 0x8000b7b6 (0x00002f17) auipc   t5, 0x2
core   0: 3 0x8000b7b6 (0x00002f17) x30 0x8000d7b6
core   0: 0x8000b7ba (0x843f2523) sw      gp, -1974(t5)
core   0: 3 0x8000b7ba (0x843f2523) mem 0x8000d000 0x00000001
core   0: 0x8000b7be (0x0000bfe5) c.j     pc - 8
core   0: 3 0x8000b7be (0xbfe5)
core   0: 0x8000b7b6 (0x00002f17) auipc   t5, 0x2
core   0: 3 0x8000b7b6 (0x00002f17) x30 0x8000d7b6
core   0: 0x8000b7ba (0x843f2523) sw      gp, -1974(t5)
core   0: 3 0x8000b7ba (0x843f2523) mem 0x8000d000 0x00000001
core   0: 0x8000b7be (0x0000bfe5) c.j     pc - 8
core   0: 3 0x8000b7be (0xbfe5)
core   0: 0x8000b7b6 (0x00002f17) auipc   t5, 0x2
core   0: 3 0x8000b7b6 (0x00002f17) x30 0x8000d7b6
core   0: 0x8000b7ba (0x843f2523) sw      gp, -1974(t5)
core   0: 3 0x8000b7ba (0x843f2523) mem 0x8000d000 0x00000001
core   0: 0x8000b7be (0x0000bfe5) c.j     pc - 8
core   0: 3 0x8000b7be (0xbfe5)
core   0: 0x8000b7b6 (0x00002f17) auipc   t5, 0x2
core   0: 3 0x8000b7b6 (0x00002f17) x30 0x8000d7b6
core   0: 0x8000b7ba (0x843f2523) sw      gp, -1974(t5)
core   0: 3 0x8000b7ba (0x843f2523) mem 0x8000d000 0x00000001
core   0: 0x8000b7be (0x0000bfe5) c.j     pc - 8
core   0: 3 0x8000b7be (0xbfe5)
core   0: 0x8000b7b6 (0x00002f17) auipc   t5, 0x2
core   0: 3 0x8000b7b6 (0x00002f17) x30 0x8000d7b6
core   0: 0x8000b7ba (0x843f2523) sw      gp, -1974(t5)
core   0: 3 0x8000b7ba (0x843f2523) mem 0x8000d000 0x00000001
core   0: 0x8000b7be (0x0000bfe5) c.j     pc - 8
core   0: 3 0x8000b7be (0xbfe5)
core   0: 0x8000b7b6 (0x00002f17) auipc   t5, 0x2
core   0: 3 0x8000b7b6 (0x00002f17) x30 0x8000d7b6
core   0: 0x8000b7ba (0x843f2523) sw      gp, -1974(t5)
core   0: 3 0x8000b7ba (0x843f2523) mem 0x8000d000 0x00000001
core   0: 0x8000b7be (0x0000bfe5) c.j     pc - 8
core   0: 3 0x8000b7be (0xbfe5)
core   0: 0x8000b7b6 (0x00002f17) auipc   t5, 0x2
core   0: 3 0x8000b7b6 (0x00002f17) x30 0x8000d7b6
core   0: 0x8000b7ba (0x843f2523) sw      gp, -1974(t5)
core   0: 3 0x8000b7ba (0x843f2523) mem 0x8000d000 0x00000001
core   0: 0x8000b7be (0x0000bfe5) c.j     pc - 8
core   0: 3 0x8000b7be (0xbfe5)
core   0: 0x8000b7b6 (0x00002f17) auipc   t5, 0x2
core   0: 3 0x8000b7b6 (0x00002f17) x30 0x8000d7b6
core   0: 0x8000b7ba (0x843f2523) sw      gp, -1974(t5)
core   0: 3 0x8000b7ba (0x843f2523) mem 0x8000d000 0x00000001
core   0: 0x8000b7be (0x0000bfe5) c.j     pc - 8
core   0: 3 0x8000b7be (0xbfe5)
core   0: 0x8000b7b6 (0x00002f17) auipc   t5, 0x2
core   0: 3 0x8000b7b6 (0x00002f17) x30 0x8000d7b6
core   0: 0x8000b7ba (0x843f2523) sw      gp, -1974(t5)
core   0: 3 0x8000b7ba (0x843f2523) mem 0x8000d000 0x00000001
core   0: 0x8000b7be (0x0000bfe5) c.j     pc - 8
core   0: 3 0x8000b7be (0xbfe5)
core   0: 0x8000b7b6 (0x00002f17) auipc   t5, 0x2
core   0: 3 0x8000b7b6 (0x00002f17) x30 0x8000d7b6
core   0: 0x8000b7ba (0x843f2523) sw      gp, -1974(t5)
core   0: 3 0x8000b7ba (0x843f2523) mem 0x8000d000 0x00000001
core   0: 0x8000b7be (0x0000bfe5) c.j     pc - 8
core   0: 3 0x8000b7be (0xbfe5)
core   0: 0x8000b7b6 (0x00002f17) auipc   t5, 0x2
core   0: 3 0x8000b7b6 (0x00002f17) x30 0x8000d7b6
core   0: 0x8000b7ba (0x843f2523) sw      gp, -1974(t5)
core   0: 3 0x8000b7ba (0x843f2523) mem 0x8000d000 0x00000001
core   0: 0x8000b7be (0x0000bfe5) c.j     pc - 8
core   0: 3 0x8000b7be (0xbfe5)
core   0: 0x8000b7b6 (0x00002f17) auipc   t5, 0x2
core   0: 3 0x8000b7b6 (0x00002f17) x30 0x8000d7b6
core   0: 0x8000b7ba (0x843f2523) sw      gp, -1974(t5)
core   0: 3 0x8000b7ba (0x843f2523) mem 0x8000d000 0x00000001
core   0: 0x8000b7be (0x0000bfe5) c.j     pc - 8
core   0: 3 0x8000b7be (0xbfe5)
core   0: 0x8000b7b6 (0x00002f17) auipc   t5, 0x2
core   0: 3 0x8000b7b6 (0x00002f17) x30 0x8000d7b6
core   0: 0x8000b7ba (0x843f2523) sw      gp, -1974(t5)
core   0: 3 0x8000b7ba (0x843f2523) mem 0x8000d000 0x00000001
core   0: 0x8000b7be (0x0000bfe5) c.j     pc - 8
core   0: 3 0x8000b7be (0xbfe5)
core   0: 0x8000b7b6 (0x00002f17) auipc   t5, 0x2
core   0: 3 0x8000b7b6 (0x00002f17) x30 0x8000d7b6
core   0: 0x8000b7ba (0x843f2523) sw      gp, -1974(t5)
core   0: 3 0x8000b7ba (0x843f2523) mem 0x8000d000 0x00000001
core   0: 0x8000b7be (0x0000bfe5) c.j     pc - 8
core   0: 3 0x8000b7be (0xbfe5)
core   0: 0x8000b7b6 (0x00002f17) auipc   t5, 0x2
core   0: 3 0x8000b7b6 (0x00002f17) x30 0x8000d7b6
core   0: 0x8000b7ba (0x843f2523) sw      gp, -1974(t5)
core   0: 3 0x8000b7ba (0x843f2523) mem 0x8000d000 0x00000001
core   0: 0x8000b7be (0x0000bfe5) c.j     pc - 8
core   0: 3 0x8000b7be (0xbfe5)
core   0: 0x8000b7b6 (0x00002f17) auipc   t5, 0x2
core   0: 3 0x8000b7b6 (0x00002f17) x30 0x8000d7b6
core   0: 0x8000b7ba (0x843f2523) sw      gp, -1974(t5)
core   0: 3 0x8000b7ba (0x843f2523) mem 0x8000d000 0x00000001
core   0: 0x8000b7be (0x0000bfe5) c.j     pc - 8
core   0: 3 0x8000b7be (0xbfe5)
core   0: 0x8000b7b6 (0x00002f17) auipc   t5, 0x2
core   0: 3 0x8000b7b6 (0x00002f17) x30 0x8000d7b6
core   0: 0x8000b7ba (0x843f2523) sw      gp, -1974(t5)
core   0: 3 0x8000b7ba (0x843f2523) mem 0x8000d000 0x00000001
core   0: 0x8000b7be (0x0000bfe5) c.j     pc - 8
core   0: 3 0x8000b7be (0xbfe5)
core   0: 0x8000b7b6 (0x00002f17) auipc   t5, 0x2
core   0: 3 0x8000b7b6 (0x00002f17) x30 0x8000d7b6
core   0: 0x8000b7ba (0x843f2523) sw      gp, -1974(t5)
core   0: 3 0x8000b7ba (0x843f2523) mem 0x8000d000 0x00000001
core   0: 0x8000b7be (0x0000bfe5) c.j     pc - 8
core   0: 3 0x8000b7be (0xbfe5)
core   0: 0x8000b7b6 (0x00002f17) auipc   t5, 0x2
core   0: 3 0x8000b7b6 (0x00002f17) x30 0x8000d7b6
core   0: 0x8000b7ba (0x843f2523) sw      gp, -1974(t5)
core   0: 3 0x8000b7ba (0x843f2523) mem 0x8000d000 0x00000001
core   0: 0x8000b7be (0x0000bfe5) c.j     pc - 8
core   0: 3 0x8000b7be (0xbfe5)
core   0: 0x8000b7b6 (0x00002f17) auipc   t5, 0x2
core   0: 3 0x8000b7b6 (0x00002f17) x30 0x8000d7b6
core   0: 0x8000b7ba (0x843f2523) sw      gp, -1974(t5)
core   0: 3 0x8000b7ba (0x843f2523) mem 0x8000d000 0x00000001
core   0: 0x8000b7be (0x0000bfe5) c.j     pc - 8
core   0: 3 0x8000b7be (0xbfe5)
core   0: 0x8000b7b6 (0x00002f17) auipc   t5, 0x2
core   0: 3 0x8000b7b6 (0x00002f17) x30 0x8000d7b6
core   0: 0x8000b7ba (0x843f2523) sw      gp, -1974(t5)
core   0: 3 0x8000b7ba (0x843f2523) mem 0x8000d000 0x00000001
core   0: 0x8000b7be (0x0000bfe5) c.j     pc - 8
core   0: 3 0x8000b7be (0xbfe5)
core   0: 0x8000b7b6 (0x00002f17) auipc   t5, 0x2
core   0: 3 0x8000b7b6 (0x00002f17) x30 0x8000d7b6
core   0: 0x8000b7ba (0x843f2523) sw      gp, -1974(t5)
core   0: 3 0x8000b7ba (0x843f2523) mem 0x8000d000 0x00000001
core   0: 0x8000b7be (0x0000bfe5) c.j     pc - 8
core   0: 3 0x8000b7be (0xbfe5)
core   0: 0x8000b7b6 (0x00002f17) auipc   t5, 0x2
core   0: 3 0x8000b7b6 (0x00002f17) x30 0x8000d7b6
core   0: 0x8000b7ba (0x843f2523) sw      gp, -1974(t5)
core   0: 3 0x8000b7ba (0x843f2523) mem 0x8000d000 0x00000001
core   0: 0x8000b7be (0x0000bfe5) c.j     pc - 8
core   0: 3 0x8000b7be (0xbfe5)
core   0: 0x8000b7b6 (0x00002f17) auipc   t5, 0x2
core   0: 3 0x8000b7b6 (0x00002f17) x30 0x8000d7b6
core   0: 0x8000b7ba (0x843f2523) sw      gp, -1974(t5)
core   0: 3 0x8000b7ba (0x843f2523) mem 0x8000d000 0x00000001
core   0: 0x8000b7be (0x0000bfe5) c.j     pc - 8
core   0: 3 0x8000b7be (0xbfe5)
core   0: 0x8000b7b6 (0x00002f17) auipc   t5, 0x2
core   0: 3 0x8000b7b6 (0x00002f17) x30 0x8000d7b6
core   0: 0x8000b7ba (0x843f2523) sw      gp, -1974(t5)
core   0: 3 0x8000b7ba (0x843f2523) mem 0x8000d000 0x00000001
core   0: 0x8000b7be (0x0000bfe5) c.j     pc - 8
core   0: 3 0x8000b7be (0xbfe5)
core   0: 0x8000b7b6 (0x00002f17) auipc   t5, 0x2
core   0: 3 0x8000b7b6 (0x00002f17) x30 0x8000d7b6
core   0: 0x8000b7ba (0x843f2523) sw      gp, -1974(t5)
core   0: 3 0x8000b7ba (0x843f2523) mem 0x8000d000 0x00000001
core   0: 0x8000b7be (0x0000bfe5) c.j     pc - 8
core   0: 3 0x8000b7be (0xbfe5)
core   0: 0x8000b7b6 (0x00002f17) auipc   t5, 0x2
core   0: 3 0x8000b7b6 (0x00002f17) x30 0x8000d7b6
core   0: 0x8000b7ba (0x843f2523) sw      gp, -1974(t5)
core   0: 3 0x8000b7ba (0x843f2523) mem 0x8000d000 0x00000001
core   0: 0x8000b7be (0x0000bfe5) c.j     pc - 8
core   0: 3 0x8000b7be (0xbfe5)
core   0: 0x8000b7b6 (0x00002f17) auipc   t5, 0x2
core   0: 3 0x8000b7b6 (0x00002f17) x30 0x8000d7b6
core   0: 0x8000b7ba (0x843f2523) sw      gp, -1974(t5)
core   0: 3 0x8000b7ba (0x843f2523) mem 0x8000d000 0x00000001
core   0: 0x8000b7be (0x0000bfe5) c.j     pc - 8
core   0: 3 0x8000b7be (0xbfe5)
core   0: 0x8000b7b6 (0x00002f17) auipc   t5, 0x2
core   0: 3 0x8000b7b6 (0x00002f17) x30 0x8000d7b6
core   0: 0x8000b7ba (0x843f2523) sw      gp, -1974(t5)
core   0: 3 0x8000b7ba (0x843f2523) mem 0x8000d000 0x00000001
core   0: 0x8000b7be (0x0000bfe5) c.j     pc - 8
core   0: 3 0x8000b7be (0xbfe5)
core   0: 0x8000b7b6 (0x00002f17) auipc   t5, 0x2
core   0: 3 0x8000b7b6 (0x00002f17) x30 0x8000d7b6
core   0: 0x8000b7ba (0x843f2523) sw      gp, -1974(t5)
core   0: 3 0x8000b7ba (0x843f2523) mem 0x8000d000 0x00000001
core   0: 0x8000b7be (0x0000bfe5) c.j     pc - 8
core   0: 3 0x8000b7be (0xbfe5)
core   0: 0x8000b7b6 (0x00002f17) auipc   t5, 0x2
core   0: 3 0x8000b7b6 (0x00002f17) x30 0x8000d7b6
core   0: 0x8000b7ba (0x843f2523) sw      gp, -1974(t5)
core   0: 3 0x8000b7ba (0x843f2523) mem 0x8000d000 0x00000001
core   0: 0x8000b7be (0x0000bfe5) c.j     pc - 8
core   0: 3 0x8000b7be (0xbfe5)
core   0: 0x8000b7b6 (0x00002f17) auipc   t5, 0x2
core   0: 3 0x8000b7b6 (0x00002f17) x30 0x8000d7b6
core   0: 0x8000b7ba (0x843f2523) sw      gp, -1974(t5)
core   0: 3 0x8000b7ba (0x843f2523) mem 0x8000d000 0x00000001
core   0: 0x8000b7be (0x0000bfe5) c.j     pc - 8
core   0: 3 0x8000b7be (0xbfe5)
core   0: 0x8000b7b6 (0x00002f17) auipc   t5, 0x2
core   0: 3 0x8000b7b6 (0x00002f17) x30 0x8000d7b6
core   0: 0x8000b7ba (0x843f2523) sw      gp, -1974(t5)
core   0: 3 0x8000b7ba (0x843f2523) mem 0x8000d000 0x00000001
core   0: 0x8000b7be (0x0000bfe5) c.j     pc - 8
core   0: 3 0x8000b7be (0xbfe5)
core   0: 0x8000b7b6 (0x00002f17) auipc   t5, 0x2
core   0: 3 0x8000b7b6 (0x00002f17) x30 0x8000d7b6
core   0: 0x8000b7ba (0x843f2523) sw      gp, -1974(t5)
core   0: 3 0x8000b7ba (0x843f2523) mem 0x8000d000 0x00000001
core   0: 0x8000b7be (0x0000bfe5) c.j     pc - 8
core   0: 3 0x8000b7be (0xbfe5)
core   0: 0x8000b7b6 (0x00002f17) auipc   t5, 0x2
core   0: 3 0x8000b7b6 (0x00002f17) x30 0x8000d7b6
core   0: 0x8000b7ba (0x843f2523) sw      gp, -1974(t5)
core   0: 3 0x8000b7ba (0x843f2523) mem 0x8000d000 0x00000001
core   0: 0x8000b7be (0x0000bfe5) c.j     pc - 8
core   0: 3 0x8000b7be (0xbfe5)
core   0: 0x8000b7b6 (0x00002f17) auipc   t5, 0x2
core   0: 3 0x8000b7b6 (0x00002f17) x30 0x8000d7b6
core   0: 0x8000b7ba (0x843f2523) sw      gp, -1974(t5)
core   0: 3 0x8000b7ba (0x843f2523) mem 0x8000d000 0x00000001
core   0: 0x8000b7be (0x0000bfe5) c.j     pc - 8
core   0: 3 0x8000b7be (0xbfe5)
core   0: 0x8000b7b6 (0x00002f17) auipc   t5, 0x2
core   0: 3 0x8000b7b6 (0x00002f17) x30 0x8000d7b6
core   0: 0x8000b7ba (0x843f2523) sw      gp, -1974(t5)
core   0: 3 0x8000b7ba (0x843f2523) mem 0x8000d000 0x00000001
core   0: 0x8000b7be (0x0000bfe5) c.j     pc - 8
core   0: 3 0x8000b7be (0xbfe5)
core   0: 0x8000b7b6 (0x00002f17) auipc   t5, 0x2
core   0: 3 0x8000b7b6 (0x00002f17) x30 0x8000d7b6
core   0: 0x8000b7ba (0x843f2523) sw      gp, -1974(t5)
core   0: 3 0x8000b7ba (0x843f2523) mem 0x8000d000 0x00000001
core   0: 0x8000b7be (0x0000bfe5) c.j     pc - 8
core   0: 3 0x8000b7be (0xbfe5)
core   0: 0x8000b7b6 (0x00002f17) auipc   t5, 0x2
core   0: 3 0x8000b7b6 (0x00002f17) x30 0x8000d7b6
core   0: 0x8000b7ba (0x843f2523) sw      gp, -1974(t5)
core   0: 3 0x8000b7ba (0x843f2523) mem 0x8000d000 0x00000001
core   0: 0x8000b7be (0x0000bfe5) c.j     pc - 8
core   0: 3 0x8000b7be (0xbfe5)
core   0: 0x8000b7b6 (0x00002f17) auipc   t5, 0x2
core   0: 3 0x8000b7b6 (0x00002f17) x30 0x8000d7b6
core   0: 0x8000b7ba (0x843f2523) sw      gp, -1974(t5)
core   0: 3 0x8000b7ba (0x843f2523) mem 0x8000d000 0x00000001
core   0: 0x8000b7be (0x0000bfe5) c.j     pc - 8
core   0: 3 0x8000b7be (0xbfe5)
core   0: 0x8000b7b6 (0x00002f17) auipc   t5, 0x2
core   0: 3 0x8000b7b6 (0x00002f17) x30 0x8000d7b6
core   0: 0x8000b7ba (0x843f2523) sw      gp, -1974(t5)
core   0: 3 0x8000b7ba (0x843f2523) mem 0x8000d000 0x00000001
core   0: 0x8000b7be (0x0000bfe5) c.j     pc - 8
core   0: 3 0x8000b7be (0xbfe5)
core   0: 0x8000b7b6 (0x00002f17) auipc   t5, 0x2
core   0: 3 0x8000b7b6 (0x00002f17) x30 0x8000d7b6
core   0: 0x8000b7ba (0x843f2523) sw      gp, -1974(t5)
core   0: 3 0x8000b7ba (0x843f2523) mem 0x8000d000 0x00000001
core   0: 0x8000b7be (0x0000bfe5) c.j     pc - 8
core   0: 3 0x8000b7be (0xbfe5)
core   0: 0x8000b7b6 (0x00002f17) auipc   t5, 0x2
core   0: 3 0x8000b7b6 (0x00002f17) x30 0x8000d7b6
core   0: 0x8000b7ba (0x843f2523) sw      gp, -1974(t5)
core   0: 3 0x8000b7ba (0x843f2523) mem 0x8000d000 0x00000001
core   0: 0x8000b7be (0x0000bfe5) c.j     pc - 8
core   0: 3 0x8000b7be (0xbfe5)
core   0: 0x8000b7b6 (0x00002f17) auipc   t5, 0x2
core   0: 3 0x8000b7b6 (0x00002f17) x30 0x8000d7b6
core   0: 0x8000b7ba (0x843f2523) sw      gp, -1974(t5)
core   0: 3 0x8000b7ba (0x843f2523) mem 0x8000d000 0x00000001
core   0: 0x8000b7be (0x0000bfe5) c.j     pc - 8
core   0: 3 0x8000b7be (0xbfe5)
core   0: 0x8000b7b6 (0x00002f17) auipc   t5, 0x2
core   0: 3 0x8000b7b6 (0x00002f17) x30 0x8000d7b6
core   0: 0x8000b7ba (0x843f2523) sw      gp, -1974(t5)
core   0: 3 0x8000b7ba (0x843f2523) mem 0x8000d000 0x00000001
core   0: 0x8000b7be (0x0000bfe5) c.j     pc - 8
core   0: 3 0x8000b7be (0xbfe5)
core   0: 0x8000b7b6 (0x00002f17) auipc   t5, 0x2
core   0: 3 0x8000b7b6 (0x00002f17) x30 0x8000d7b6
core   0: 0x8000b7ba (0x843f2523) sw      gp, -1974(t5)
core   0: 3 0x8000b7ba (0x843f2523) mem 0x8000d000 0x00000001
core   0: 0x8000b7be (0x0000bfe5) c.j     pc - 8
core   0: 3 0x8000b7be (0xbfe5)
core   0: 0x8000b7b6 (0x00002f17) auipc   t5, 0x2
core   0: 3 0x8000b7b6 (0x00002f17) x30 0x8000d7b6
core   0: 0x8000b7ba (0x843f2523) sw      gp, -1974(t5)
core   0: 3 0x8000b7ba (0x843f2523) mem 0x8000d000 0x00000001
core   0: 0x8000b7be (0x0000bfe5) c.j     pc - 8
core   0: 3 0x8000b7be (0xbfe5)
core   0: 0x8000b7b6 (0x00002f17) auipc   t5, 0x2
core   0: 3 0x8000b7b6 (0x00002f17) x30 0x8000d7b6
core   0: 0x8000b7ba (0x843f2523) sw      gp, -1974(t5)
core   0: 3 0x8000b7ba (0x843f2523) mem 0x8000d000 0x00000001
core   0: 0x8000b7be (0x0000bfe5) c.j     pc - 8
core   0: 3 0x8000b7be (0xbfe5)
core   0: 0x8000b7b6 (0x00002f17) auipc   t5, 0x2
core   0: 3 0x8000b7b6 (0x00002f17) x30 0x8000d7b6
core   0: 0x8000b7ba (0x843f2523) sw      gp, -1974(t5)
core   0: 3 0x8000b7ba (0x843f2523) mem 0x8000d000 0x00000001
core   0: 0x8000b7be (0x0000bfe5) c.j     pc - 8
core   0: 3 0x8000b7be (0xbfe5)
core   0: 0x8000b7b6 (0x00002f17) auipc   t5, 0x2
core   0: 3 0x8000b7b6 (0x00002f17) x30 0x8000d7b6
core   0: 0x8000b7ba (0x843f2523) sw      gp, -1974(t5)
core   0: 3 0x8000b7ba (0x843f2523) mem 0x8000d000 0x00000001
core   0: 0x8000b7be (0x0000bfe5) c.j     pc - 8
core   0: 3 0x8000b7be (0xbfe5)
core   0: 0x8000b7b6 (0x00002f17) auipc   t5, 0x2
core   0: 3 0x8000b7b6 (0x00002f17) x30 0x8000d7b6
core   0: 0x8000b7ba (0x843f2523) sw      gp, -1974(t5)
core   0: 3 0x8000b7ba (0x843f2523) mem 0x8000d000 0x00000001
core   0: 0x8000b7be (0x0000bfe5) c.j     pc - 8
core   0: 3 0x8000b7be (0xbfe5)
core   0: 0x8000b7b6 (0x00002f17) auipc   t5, 0x2
core   0: 3 0x8000b7b6 (0x00002f17) x30 0x8000d7b6
core   0: 0x8000b7ba (0x843f2523) sw      gp, -1974(t5)
core   0: 3 0x8000b7ba (0x843f2523) mem 0x8000d000 0x00000001
core   0: 0x8000b7be (0x0000bfe5) c.j     pc - 8
core   0: 3 0x8000b7be (0xbfe5)
core   0: 0x8000b7b6 (0x00002f17) auipc   t5, 0x2
core   0: 3 0x8000b7b6 (0x00002f17) x30 0x8000d7b6
core   0: 0x8000b7ba (0x843f2523) sw      gp, -1974(t5)
core   0: 3 0x8000b7ba (0x843f2523) mem 0x8000d000 0x00000001
core   0: 0x8000b7be (0x0000bfe5) c.j     pc - 8
core   0: 3 0x8000b7be (0xbfe5)
core   0: 0x8000b7b6 (0x00002f17) auipc   t5, 0x2
core   0: 3 0x8000b7b6 (0x00002f17) x30 0x8000d7b6
core   0: 0x8000b7ba (0x843f2523) sw      gp, -1974(t5)
core   0: 3 0x8000b7ba (0x843f2523) mem 0x8000d000 0x00000001
core   0: 0x8000b7be (0x0000bfe5) c.j     pc - 8
core   0: 3 0x8000b7be (0xbfe5)
core   0: 0x8000b7b6 (0x00002f17) auipc   t5, 0x2
core   0: 3 0x8000b7b6 (0x00002f17) x30 0x8000d7b6
core   0: 0x8000b7ba (0x843f2523) sw      gp, -1974(t5)
core   0: 3 0x8000b7ba (0x843f2523) mem 0x8000d000 0x00000001
core   0: 0x8000b7be (0x0000bfe5) c.j     pc - 8
core   0: 3 0x8000b7be (0xbfe5)
core   0: 0x8000b7b6 (0x00002f17) auipc   t5, 0x2
core   0: 3 0x8000b7b6 (0x00002f17) x30 0x8000d7b6
core   0: 0x8000b7ba (0x843f2523) sw      gp, -1974(t5)
core   0: 3 0x8000b7ba (0x843f2523) mem 0x8000d000 0x00000001
core   0: 0x8000b7be (0x0000bfe5) c.j     pc - 8
core   0: 3 0x8000b7be (0xbfe5)
core   0: 0x8000b7b6 (0x00002f17) auipc   t5, 0x2
core   0: 3 0x8000b7b6 (0x00002f17) x30 0x8000d7b6
core   0: 0x8000b7ba (0x843f2523) sw      gp, -1974(t5)
core   0: 3 0x8000b7ba (0x843f2523) mem 0x8000d000 0x00000001
core   0: 0x8000b7be (0x0000bfe5) c.j     pc - 8
core   0: 3 0x8000b7be (0xbfe5)
core   0: 0x8000b7b6 (0x00002f17) auipc   t5, 0x2
core   0: 3 0x8000b7b6 (0x00002f17) x30 0x8000d7b6
core   0: 0x8000b7ba (0x843f2523) sw      gp, -1974(t5)
core   0: 3 0x8000b7ba (0x843f2523) mem 0x8000d000 0x00000001
core   0: 0x8000b7be (0x0000bfe5) c.j     pc - 8
core   0: 3 0x8000b7be (0xbfe5)
core   0: 0x8000b7b6 (0x00002f17) auipc   t5, 0x2
core   0: 3 0x8000b7b6 (0x00002f17) x30 0x8000d7b6
core   0: 0x8000b7ba (0x843f2523) sw      gp, -1974(t5)
core   0: 3 0x8000b7ba (0x843f2523) mem 0x8000d000 0x00000001
core   0: 0x8000b7be (0x0000bfe5) c.j     pc - 8
core   0: 3 0x8000b7be (0xbfe5)
core   0: 0x8000b7b6 (0x00002f17) auipc   t5, 0x2
core   0: 3 0x8000b7b6 (0x00002f17) x30 0x8000d7b6
core   0: 0x8000b7ba (0x843f2523) sw      gp, -1974(t5)
core   0: 3 0x8000b7ba (0x843f2523) mem 0x8000d000 0x00000001
core   0: 0x8000b7be (0x0000bfe5) c.j     pc - 8
core   0: 3 0x8000b7be (0xbfe5)
core   0: 0x8000b7b6 (0x00002f17) auipc   t5, 0x2
core   0: 3 0x8000b7b6 (0x00002f17) x30 0x8000d7b6
core   0: 0x8000b7ba (0x843f2523) sw      gp, -1974(t5)
core   0: 3 0x8000b7ba (0x843f2523) mem 0x8000d000 0x00000001
core   0: 0x8000b7be (0x0000bfe5) c.j     pc - 8
core   0: 3 0x8000b7be (0xbfe5)
core   0: 0x8000b7b6 (0x00002f17) auipc   t5, 0x2
core   0: 3 0x8000b7b6 (0x00002f17) x30 0x8000d7b6
core   0: 0x8000b7ba (0x843f2523) sw      gp, -1974(t5)
core   0: 3 0x8000b7ba (0x843f2523) mem 0x8000d000 0x00000001
core   0: 0x8000b7be (0x0000bfe5) c.j     pc - 8
core   0: 3 0x8000b7be (0xbfe5)
core   0: 0x8000b7b6 (0x00002f17) auipc   t5, 0x2
core   0: 3 0x8000b7b6 (0x00002f17) x30 0x8000d7b6
core   0: 0x8000b7ba (0x843f2523) sw      gp, -1974(t5)
core   0: 3 0x8000b7ba (0x843f2523) mem 0x8000d000 0x00000001
core   0: 0x8000b7be (0x0000bfe5) c.j     pc - 8
core   0: 3 0x8000b7be (0xbfe5)
core   0: 0x8000b7b6 (0x00002f17) auipc   t5, 0x2
core   0: 3 0x8000b7b6 (0x00002f17) x30 0x8000d7b6
core   0: 0x8000b7ba (0x843f2523) sw      gp, -1974(t5)
core   0: 3 0x8000b7ba (0x843f2523) mem 0x8000d000 0x00000001
core   0: 0x8000b7be (0x0000bfe5) c.j     pc - 8
core   0: 3 0x8000b7be (0xbfe5)
core   0: 0x8000b7b6 (0x00002f17) auipc   t5, 0x2
core   0: 3 0x8000b7b6 (0x00002f17) x30 0x8000d7b6
core   0: 0x8000b7ba (0x843f2523) sw      gp, -1974(t5)
core   0: 3 0x8000b7ba (0x843f2523) mem 0x8000d000 0x00000001
core   0: 0x8000b7be (0x0000bfe5) c.j     pc - 8
core   0: 3 0x8000b7be (0xbfe5)
core   0: 0x8000b7b6 (0x00002f17) auipc   t5, 0x2
core   0: 3 0x8000b7b6 (0x00002f17) x30 0x8000d7b6
core   0: 0x8000b7ba (0x843f2523) sw      gp, -1974(t5)
core   0: 3 0x8000b7ba (0x843f2523) mem 0x8000d000 0x00000001
core   0: 0x8000b7be (0x0000bfe5) c.j     pc - 8
core   0: 3 0x8000b7be (0xbfe5)
core   0: 0x8000b7b6 (0x00002f17) auipc   t5, 0x2
core   0: 3 0x8000b7b6 (0x00002f17) x30 0x8000d7b6
core   0: 0x8000b7ba (0x843f2523) sw      gp, -1974(t5)
core   0: 3 0x8000b7ba (0x843f2523) mem 0x8000d000 0x00000001
core   0: 0x8000b7be (0x0000bfe5) c.j     pc - 8
core   0: 3 0x8000b7be (0xbfe5)
core   0: 0x8000b7b6 (0x00002f17) auipc   t5, 0x2
core   0: 3 0x8000b7b6 (0x00002f17) x30 0x8000d7b6
core   0: 0x8000b7ba (0x843f2523) sw      gp, -1974(t5)
core   0: 3 0x8000b7ba (0x843f2523) mem 0x8000d000 0x00000001
core   0: 0x8000b7be (0x0000bfe5) c.j     pc - 8
core   0: 3 0x8000b7be (0xbfe5)
core   0: 0x8000b7b6 (0x00002f17) auipc   t5, 0x2
core   0: 3 0x8000b7b6 (0x00002f17) x30 0x8000d7b6
core   0: 0x8000b7ba (0x843f2523) sw      gp, -1974(t5)
core   0: 3 0x8000b7ba (0x843f2523) mem 0x8000d000 0x00000001
core   0: 0x8000b7be (0x0000bfe5) c.j     pc - 8
core   0: 3 0x8000b7be (0xbfe5)
core   0: 0x8000b7b6 (0x00002f17) auipc   t5, 0x2
core   0: 3 0x8000b7b6 (0x00002f17) x30 0x8000d7b6
core   0: 0x8000b7ba (0x843f2523) sw      gp, -1974(t5)
core   0: 3 0x8000b7ba (0x843f2523) mem 0x8000d000 0x00000001
core   0: 0x8000b7be (0x0000bfe5) c.j     pc - 8
core   0: 3 0x8000b7be (0xbfe5)
core   0: 0x8000b7b6 (0x00002f17) auipc   t5, 0x2
core   0: 3 0x8000b7b6 (0x00002f17) x30 0x8000d7b6
core   0: 0x8000b7ba (0x843f2523) sw      gp, -1974(t5)
core   0: 3 0x8000b7ba (0x843f2523) mem 0x8000d000 0x00000001
core   0: 0x8000b7be (0x0000bfe5) c.j     pc - 8
core   0: 3 0x8000b7be (0xbfe5)
core   0: 0x8000b7b6 (0x00002f17) auipc   t5, 0x2
core   0: 3 0x8000b7b6 (0x00002f17) x30 0x8000d7b6
core   0: 0x8000b7ba (0x843f2523) sw      gp, -1974(t5)
core   0: 3 0x8000b7ba (0x843f2523) mem 0x8000d000 0x00000001
core   0: 0x8000b7be (0x0000bfe5) c.j     pc - 8
core   0: 3 0x8000b7be (0xbfe5)
core   0: 0x8000b7b6 (0x00002f17) auipc   t5, 0x2
core   0: 3 0x8000b7b6 (0x00002f17) x30 0x8000d7b6
core   0: 0x8000b7ba (0x843f2523) sw      gp, -1974(t5)
core   0: 3 0x8000b7ba (0x843f2523) mem 0x8000d000 0x00000001
core   0: 0x8000b7be (0x0000bfe5) c.j     pc - 8
core   0: 3 0x8000b7be (0xbfe5)
core   0: 0x8000b7b6 (0x00002f17) auipc   t5, 0x2
core   0: 3 0x8000b7b6 (0x00002f17) x30 0x8000d7b6
core   0: 0x8000b7ba (0x843f2523) sw      gp, -1974(t5)
core   0: 3 0x8000b7ba (0x843f2523) mem 0x8000d000 0x00000001
core   0: 0x8000b7be (0x0000bfe5) c.j     pc - 8
core   0: 3 0x8000b7be (0xbfe5)
core   0: 0x8000b7b6 (0x00002f17) auipc   t5, 0x2
core   0: 3 0x8000b7b6 (0x00002f17) x30 0x8000d7b6
core   0: 0x8000b7ba (0x843f2523) sw      gp, -1974(t5)
core   0: 3 0x8000b7ba (0x843f2523) mem 0x8000d000 0x00000001
core   0: 0x8000b7be (0x0000bfe5) c.j     pc - 8
core   0: 3 0x8000b7be (0xbfe5)
core   0: 0x8000b7b6 (0x00002f17) auipc   t5, 0x2
core   0: 3 0x8000b7b6 (0x00002f17) x30 0x8000d7b6
core   0: 0x8000b7ba (0x843f2523) sw      gp, -1974(t5)
core   0: 3 0x8000b7ba (0x843f2523) mem 0x8000d000 0x00000001
core   0: 0x8000b7be (0x0000bfe5) c.j     pc - 8
core   0: 3 0x8000b7be (0xbfe5)
core   0: 0x8000b7b6 (0x00002f17) auipc   t5, 0x2
core   0: 3 0x8000b7b6 (0x00002f17) x30 0x8000d7b6
core   0: 0x8000b7ba (0x843f2523) sw      gp, -1974(t5)
core   0: 3 0x8000b7ba (0x843f2523) mem 0x8000d000 0x00000001
core   0: 0x8000b7be (0x0000bfe5) c.j     pc - 8
core   0: 3 0x8000b7be (0xbfe5)
core   0: 0x8000b7b6 (0x00002f17) auipc   t5, 0x2
core   0: 3 0x8000b7b6 (0x00002f17) x30 0x8000d7b6
core   0: 0x8000b7ba (0x843f2523) sw      gp, -1974(t5)
core   0: 3 0x8000b7ba (0x843f2523) mem 0x8000d000 0x00000001
core   0: 0x8000b7be (0x0000bfe5) c.j     pc - 8
core   0: 3 0x8000b7be (0xbfe5)
core   0: 0x8000b7b6 (0x00002f17) auipc   t5, 0x2
core   0: 3 0x8000b7b6 (0x00002f17) x30 0x8000d7b6
core   0: 0x8000b7ba (0x843f2523) sw      gp, -1974(t5)
core   0: 3 0x8000b7ba (0x843f2523) mem 0x8000d000 0x00000001
core   0: 0x8000b7be (0x0000bfe5) c.j     pc - 8
core   0: 3 0x8000b7be (0xbfe5)
core   0: 0x8000b7b6 (0x00002f17) auipc   t5, 0x2
core   0: 3 0x8000b7b6 (0x00002f17) x30 0x8000d7b6
core   0: 0x8000b7ba (0x843f2523) sw      gp, -1974(t5)
core   0: 3 0x8000b7ba (0x843f2523) mem 0x8000d000 0x00000001
core   0: 0x8000b7be (0x0000bfe5) c.j     pc - 8
core   0: 3 0x8000b7be (0xbfe5)
core   0: 0x8000b7b6 (0x00002f17) auipc   t5, 0x2
core   0: 3 0x8000b7b6 (0x00002f17) x30 0x8000d7b6
core   0: 0x8000b7ba (0x843f2523) sw      gp, -1974(t5)
core   0: 3 0x8000b7ba (0x843f2523) mem 0x8000d000 0x00000001
core   0: 0x8000b7be (0x0000bfe5) c.j     pc - 8
core   0: 3 0x8000b7be (0xbfe5)
core   0: 0x8000b7b6 (0x00002f17) auipc   t5, 0x2
core   0: 3 0x8000b7b6 (0x00002f17) x30 0x8000d7b6
core   0: 0x8000b7ba (0x843f2523) sw      gp, -1974(t5)
core   0: 3 0x8000b7ba (0x843f2523) mem 0x8000d000 0x00000001
core   0: 0x8000b7be (0x0000bfe5) c.j     pc - 8
core   0: 3 0x8000b7be (0xbfe5)
core   0: 0x8000b7b6 (0x00002f17) auipc   t5, 0x2
core   0: 3 0x8000b7b6 (0x00002f17) x30 0x8000d7b6
core   0: 0x8000b7ba (0x843f2523) sw      gp, -1974(t5)
core   0: 3 0x8000b7ba (0x843f2523) mem 0x8000d000 0x00000001
core   0: 0x8000b7be (0x0000bfe5) c.j     pc - 8
core   0: 3 0x8000b7be (0xbfe5)
core   0: 0x8000b7b6 (0x00002f17) auipc   t5, 0x2
core   0: 3 0x8000b7b6 (0x00002f17) x30 0x8000d7b6
core   0: 0x8000b7ba (0x843f2523) sw      gp, -1974(t5)
core   0: 3 0x8000b7ba (0x843f2523) mem 0x8000d000 0x00000001
core   0: 0x8000b7be (0x0000bfe5) c.j     pc - 8
core   0: 3 0x8000b7be (0xbfe5)
core   0: 0x8000b7b6 (0x00002f17) auipc   t5, 0x2
core   0: 3 0x8000b7b6 (0x00002f17) x30 0x8000d7b6
core   0: 0x8000b7ba (0x843f2523) sw      gp, -1974(t5)
core   0: 3 0x8000b7ba (0x843f2523) mem 0x8000d000 0x00000001
core   0: 0x8000b7be (0x0000bfe5) c.j     pc - 8
core   0: 3 0x8000b7be (0xbfe5)
core   0: 0x8000b7b6 (0x00002f17) auipc   t5, 0x2
core   0: 3 0x8000b7b6 (0x00002f17) x30 0x8000d7b6
core   0: 0x8000b7ba (0x843f2523) sw      gp, -1974(t5)
core   0: 3 0x8000b7ba (0x843f2523) mem 0x8000d000 0x00000001
core   0: 0x8000b7be (0x0000bfe5) c.j     pc - 8
core   0: 3 0x8000b7be (0xbfe5)
core   0: 0x8000b7b6 (0x00002f17) auipc   t5, 0x2
core   0: 3 0x8000b7b6 (0x00002f17) x30 0x8000d7b6
core   0: 0x8000b7ba (0x843f2523) sw      gp, -1974(t5)
core   0: 3 0x8000b7ba (0x843f2523) mem 0x8000d000 0x00000001
core   0: 0x8000b7be (0x0000bfe5) c.j     pc - 8
core   0: 3 0x8000b7be (0xbfe5)
core   0: 0x8000b7b6 (0x00002f17) auipc   t5, 0x2
core   0: 3 0x8000b7b6 (0x00002f17) x30 0x8000d7b6
core   0: 0x8000b7ba (0x843f2523) sw      gp, -1974(t5)
core   0: 3 0x8000b7ba (0x843f2523) mem 0x8000d000 0x00000001
core   0: 0x8000b7be (0x0000bfe5) c.j     pc - 8
core   0: 3 0x8000b7be (0xbfe5)
core   0: 0x8000b7b6 (0x00002f17) auipc   t5, 0x2
core   0: 3 0x8000b7b6 (0x00002f17) x30 0x8000d7b6
core   0: 0x8000b7ba (0x843f2523) sw      gp, -1974(t5)
core   0: 3 0x8000b7ba (0x843f2523) mem 0x8000d000 0x00000001
core   0: 0x8000b7be (0x0000bfe5) c.j     pc - 8
core   0: 3 0x8000b7be (0xbfe5)
core   0: 0x8000b7b6 (0x00002f17) auipc   t5, 0x2
core   0: 3 0x8000b7b6 (0x00002f17) x30 0x8000d7b6
core   0: 0x8000b7ba (0x843f2523) sw      gp, -1974(t5)
core   0: 3 0x8000b7ba (0x843f2523) mem 0x8000d000 0x00000001
core   0: 0x8000b7be (0x0000bfe5) c.j     pc - 8
core   0: 3 0x8000b7be (0xbfe5)
core   0: 0x8000b7b6 (0x00002f17) auipc   t5, 0x2
core   0: 3 0x8000b7b6 (0x00002f17) x30 0x8000d7b6
core   0: 0x8000b7ba (0x843f2523) sw      gp, -1974(t5)
core   0: 3 0x8000b7ba (0x843f2523) mem 0x8000d000 0x00000001
core   0: 0x8000b7be (0x0000bfe5) c.j     pc - 8
core   0: 3 0x8000b7be (0xbfe5)
core   0: 0x8000b7b6 (0x00002f17) auipc   t5, 0x2
core   0: 3 0x8000b7b6 (0x00002f17) x30 0x8000d7b6
core   0: 0x8000b7ba (0x843f2523) sw      gp, -1974(t5)
core   0: 3 0x8000b7ba (0x843f2523) mem 0x8000d000 0x00000001
core   0: 0x8000b7be (0x0000bfe5) c.j     pc - 8
core   0: 3 0x8000b7be (0xbfe5)
core   0: 0x8000b7b6 (0x00002f17) auipc   t5, 0x2
core   0: 3 0x8000b7b6 (0x00002f17) x30 0x8000d7b6
core   0: 0x8000b7ba (0x843f2523) sw      gp, -1974(t5)
core   0: 3 0x8000b7ba (0x843f2523) mem 0x8000d000 0x00000001
core   0: 0x8000b7be (0x0000bfe5) c.j     pc - 8
core   0: 3 0x8000b7be (0xbfe5)
core   0: 0x8000b7b6 (0x00002f17) auipc   t5, 0x2
core   0: 3 0x8000b7b6 (0x00002f17) x30 0x8000d7b6
core   0: 0x8000b7ba (0x843f2523) sw      gp, -1974(t5)
core   0: 3 0x8000b7ba (0x843f2523) mem 0x8000d000 0x00000001
core   0: 0x8000b7be (0x0000bfe5) c.j     pc - 8
core   0: 3 0x8000b7be (0xbfe5)
core   0: 0x8000b7b6 (0x00002f17) auipc   t5, 0x2
core   0: 3 0x8000b7b6 (0x00002f17) x30 0x8000d7b6
core   0: 0x8000b7ba (0x843f2523) sw      gp, -1974(t5)
core   0: 3 0x8000b7ba (0x843f2523) mem 0x8000d000 0x00000001
core   0: 0x8000b7be (0x0000bfe5) c.j     pc - 8
core   0: 3 0x8000b7be (0xbfe5)
core   0: 0x8000b7b6 (0x00002f17) auipc   t5, 0x2
core   0: 3 0x8000b7b6 (0x00002f17) x30 0x8000d7b6
core   0: 0x8000b7ba (0x843f2523) sw      gp, -1974(t5)
core   0: 3 0x8000b7ba (0x843f2523) mem 0x8000d000 0x00000001
core   0: 0x8000b7be (0x0000bfe5) c.j     pc - 8
core   0: 3 0x8000b7be (0xbfe5)
core   0: 0x8000b7b6 (0x00002f17) auipc   t5, 0x2
core   0: 3 0x8000b7b6 (0x00002f17) x30 0x8000d7b6
core   0: 0x8000b7ba (0x843f2523) sw      gp, -1974(t5)
core   0: 3 0x8000b7ba (0x843f2523) mem 0x8000d000 0x00000001
core   0: 0x8000b7be (0x0000bfe5) c.j     pc - 8
core   0: 3 0x8000b7be (0xbfe5)
core   0: 0x8000b7b6 (0x00002f17) auipc   t5, 0x2
core   0: 3 0x8000b7b6 (0x00002f17) x30 0x8000d7b6
core   0: 0x8000b7ba (0x843f2523) sw      gp, -1974(t5)
core   0: 3 0x8000b7ba (0x843f2523) mem 0x8000d000 0x00000001
core   0: 0x8000b7be (0x0000bfe5) c.j     pc - 8
core   0: 3 0x8000b7be (0xbfe5)
core   0: 0x8000b7b6 (0x00002f17) auipc   t5, 0x2
core   0: 3 0x8000b7b6 (0x00002f17) x30 0x8000d7b6
core   0: 0x8000b7ba (0x843f2523) sw      gp, -1974(t5)
core   0: 3 0x8000b7ba (0x843f2523) mem 0x8000d000 0x00000001
core   0: 0x8000b7be (0x0000bfe5) c.j     pc - 8
core   0: 3 0x8000b7be (0xbfe5)
core   0: 0x8000b7b6 (0x00002f17) auipc   t5, 0x2
core   0: 3 0x8000b7b6 (0x00002f17) x30 0x8000d7b6
core   0: 0x8000b7ba (0x843f2523) sw      gp, -1974(t5)
core   0: 3 0x8000b7ba (0x843f2523) mem 0x8000d000 0x00000001
core   0: 0x8000b7be (0x0000bfe5) c.j     pc - 8
core   0: 3 0x8000b7be (0xbfe5)
core   0: 0x8000b7b6 (0x00002f17) auipc   t5, 0x2
core   0: 3 0x8000b7b6 (0x00002f17) x30 0x8000d7b6
core   0: 0x8000b7ba (0x843f2523) sw      gp, -1974(t5)
core   0: 3 0x8000b7ba (0x843f2523) mem 0x8000d000 0x00000001
core   0: 0x8000b7be (0x0000bfe5) c.j     pc - 8
core   0: 3 0x8000b7be (0xbfe5)
core   0: 0x8000b7b6 (0x00002f17) auipc   t5, 0x2
core   0: 3 0x8000b7b6 (0x00002f17) x30 0x8000d7b6
core   0: 0x8000b7ba (0x843f2523) sw      gp, -1974(t5)
core   0: 3 0x8000b7ba (0x843f2523) mem 0x8000d000 0x00000001
core   0: 0x8000b7be (0x0000bfe5) c.j     pc - 8
core   0: 3 0x8000b7be (0xbfe5)
core   0: 0x8000b7b6 (0x00002f17) auipc   t5, 0x2
core   0: 3 0x8000b7b6 (0x00002f17) x30 0x8000d7b6
core   0: 0x8000b7ba (0x843f2523) sw      gp, -1974(t5)
core   0: 3 0x8000b7ba (0x843f2523) mem 0x8000d000 0x00000001
core   0: 0x8000b7be (0x0000bfe5) c.j     pc - 8
core   0: 3 0x8000b7be (0xbfe5)
core   0: 0x8000b7b6 (0x00002f17) auipc   t5, 0x2
core   0: 3 0x8000b7b6 (0x00002f17) x30 0x8000d7b6
core   0: 0x8000b7ba (0x843f2523) sw      gp, -1974(t5)
core   0: 3 0x8000b7ba (0x843f2523) mem 0x8000d000 0x00000001
core   0: 0x8000b7be (0x0000bfe5) c.j     pc - 8
core   0: 3 0x8000b7be (0xbfe5)
core   0: 0x8000b7b6 (0x00002f17) auipc   t5, 0x2
core   0: 3 0x8000b7b6 (0x00002f17) x30 0x8000d7b6
core   0: 0x8000b7ba (0x843f2523) sw      gp, -1974(t5)
core   0: 3 0x8000b7ba (0x843f2523) mem 0x8000d000 0x00000001
core   0: 0x8000b7be (0x0000bfe5) c.j     pc - 8
core   0: 3 0x8000b7be (0xbfe5)
core   0: 0x8000b7b6 (0x00002f17) auipc   t5, 0x2
core   0: 3 0x8000b7b6 (0x00002f17) x30 0x8000d7b6
core   0: 0x8000b7ba (0x843f2523) sw      gp, -1974(t5)
core   0: 3 0x8000b7ba (0x843f2523) mem 0x8000d000 0x00000001
core   0: 0x8000b7be (0x0000bfe5) c.j     pc - 8
core   0: 3 0x8000b7be (0xbfe5)
core   0: 0x8000b7b6 (0x00002f17) auipc   t5, 0x2
core   0: 3 0x8000b7b6 (0x00002f17) x30 0x8000d7b6
core   0: 0x8000b7ba (0x843f2523) sw      gp, -1974(t5)
core   0: 3 0x8000b7ba (0x843f2523) mem 0x8000d000 0x00000001
core   0: 0x8000b7be (0x0000bfe5) c.j     pc - 8
core   0: 3 0x8000b7be (0xbfe5)
core   0: 0x8000b7b6 (0x00002f17) auipc   t5, 0x2
core   0: 3 0x8000b7b6 (0x00002f17) x30 0x8000d7b6
core   0: 0x8000b7ba (0x843f2523) sw      gp, -1974(t5)
core   0: 3 0x8000b7ba (0x843f2523) mem 0x8000d000 0x00000001
core   0: 0x8000b7be (0x0000bfe5) c.j     pc - 8
core   0: 3 0x8000b7be (0xbfe5)
core   0: 0x8000b7b6 (0x00002f17) auipc   t5, 0x2
core   0: 3 0x8000b7b6 (0x00002f17) x30 0x8000d7b6
core   0: 0x8000b7ba (0x843f2523) sw      gp, -1974(t5)
core   0: 3 0x8000b7ba (0x843f2523) mem 0x8000d000 0x00000001
core   0: 0x8000b7be (0x0000bfe5) c.j     pc - 8
core   0: 3 0x8000b7be (0xbfe5)
core   0: 0x8000b7b6 (0x00002f17) auipc   t5, 0x2
core   0: 3 0x8000b7b6 (0x00002f17) x30 0x8000d7b6
core   0: 0x8000b7ba (0x843f2523) sw      gp, -1974(t5)
core   0: 3 0x8000b7ba (0x843f2523) mem 0x8000d000 0x00000001
core   0: 0x8000b7be (0x0000bfe5) c.j     pc - 8
core   0: 3 0x8000b7be (0xbfe5)
core   0: 0x8000b7b6 (0x00002f17) auipc   t5, 0x2
core   0: 3 0x8000b7b6 (0x00002f17) x30 0x8000d7b6
core   0: 0x8000b7ba (0x843f2523) sw      gp, -1974(t5)
core   0: 3 0x8000b7ba (0x843f2523) mem 0x8000d000 0x00000001
core   0: 0x8000b7be (0x0000bfe5) c.j     pc - 8
core   0: 3 0x8000b7be (0xbfe5)
core   0: 0x8000b7b6 (0x00002f17) auipc   t5, 0x2
core   0: 3 0x8000b7b6 (0x00002f17) x30 0x8000d7b6
core   0: 0x8000b7ba (0x843f2523) sw      gp, -1974(t5)
core   0: 3 0x8000b7ba (0x843f2523) mem 0x8000d000 0x00000001
core   0: 0x8000b7be (0x0000bfe5) c.j     pc - 8
core   0: 3 0x8000b7be (0xbfe5)
core   0: 0x8000b7b6 (0x00002f17) auipc   t5, 0x2
core   0: 3 0x8000b7b6 (0x00002f17) x30 0x8000d7b6
core   0: 0x8000b7ba (0x843f2523) sw      gp, -1974(t5)
core   0: 3 0x8000b7ba (0x843f2523) mem 0x8000d000 0x00000001
core   0: 0x8000b7be (0x0000bfe5) c.j     pc - 8
core   0: 3 0x8000b7be (0xbfe5)
core   0: 0x8000b7b6 (0x00002f17) auipc   t5, 0x2
core   0: 3 0x8000b7b6 (0x00002f17) x30 0x8000d7b6
core   0: 0x8000b7ba (0x843f2523) sw      gp, -1974(t5)
core   0: 3 0x8000b7ba (0x843f2523) mem 0x8000d000 0x00000001
core   0: 0x8000b7be (0x0000bfe5) c.j     pc - 8
core   0: 3 0x8000b7be (0xbfe5)
core   0: 0x8000b7b6 (0x00002f17) auipc   t5, 0x2
core   0: 3 0x8000b7b6 (0x00002f17) x30 0x8000d7b6
core   0: 0x8000b7ba (0x843f2523) sw      gp, -1974(t5)
core   0: 3 0x8000b7ba (0x843f2523) mem 0x8000d000 0x00000001
core   0: 0x8000b7be (0x0000bfe5) c.j     pc - 8
core   0: 3 0x8000b7be (0xbfe5)
core   0: 0x8000b7b6 (0x00002f17) auipc   t5, 0x2
core   0: 3 0x8000b7b6 (0x00002f17) x30 0x8000d7b6
core   0: 0x8000b7ba (0x843f2523) sw      gp, -1974(t5)
core   0: 3 0x8000b7ba (0x843f2523) mem 0x8000d000 0x00000001
core   0: 0x8000b7be (0x0000bfe5) c.j     pc - 8
core   0: 3 0x8000b7be (0xbfe5)
core   0: 0x8000b7b6 (0x00002f17) auipc   t5, 0x2
core   0: 3 0x8000b7b6 (0x00002f17) x30 0x8000d7b6
core   0: 0x8000b7ba (0x843f2523) sw      gp, -1974(t5)
core   0: 3 0x8000b7ba (0x843f2523) mem 0x8000d000 0x00000001
core   0: 0x8000b7be (0x0000bfe5) c.j     pc - 8
core   0: 3 0x8000b7be (0xbfe5)
core   0: 0x8000b7b6 (0x00002f17) auipc   t5, 0x2
core   0: 3 0x8000b7b6 (0x00002f17) x30 0x8000d7b6
core   0: 0x8000b7ba (0x843f2523) sw      gp, -1974(t5)
core   0: 3 0x8000b7ba (0x843f2523) mem 0x8000d000 0x00000001
core   0: 0x8000b7be (0x0000bfe5) c.j     pc - 8
core   0: 3 0x8000b7be (0xbfe5)
core   0: 0x8000b7b6 (0x00002f17) auipc   t5, 0x2
core   0: 3 0x8000b7b6 (0x00002f17) x30 0x8000d7b6
core   0: 0x8000b7ba (0x843f2523) sw      gp, -1974(t5)
core   0: 3 0x8000b7ba (0x843f2523) mem 0x8000d000 0x00000001
core   0: 0x8000b7be (0x0000bfe5) c.j     pc - 8
core   0: 3 0x8000b7be (0xbfe5)
core   0: 0x8000b7b6 (0x00002f17) auipc   t5, 0x2
core   0: 3 0x8000b7b6 (0x00002f17) x30 0x8000d7b6
core   0: 0x8000b7ba (0x843f2523) sw      gp, -1974(t5)
core   0: 3 0x8000b7ba (0x843f2523) mem 0x8000d000 0x00000001
core   0: 0x8000b7be (0x0000bfe5) c.j     pc - 8
core   0: 3 0x8000b7be (0xbfe5)
core   0: 0x8000b7b6 (0x00002f17) auipc   t5, 0x2
core   0: 3 0x8000b7b6 (0x00002f17) x30 0x8000d7b6
core   0: 0x8000b7ba (0x843f2523) sw      gp, -1974(t5)
core   0: 3 0x8000b7ba (0x843f2523) mem 0x8000d000 0x00000001
core   0: 0x8000b7be (0x0000bfe5) c.j     pc - 8
core   0: 3 0x8000b7be (0xbfe5)
core   0: 0x8000b7b6 (0x00002f17) auipc   t5, 0x2
core   0: 3 0x8000b7b6 (0x00002f17) x30 0x8000d7b6
core   0: 0x8000b7ba (0x843f2523) sw      gp, -1974(t5)
core   0: 3 0x8000b7ba (0x843f2523) mem 0x8000d000 0x00000001
core   0: 0x8000b7be (0x0000bfe5) c.j     pc - 8
core   0: 3 0x8000b7be (0xbfe5)
core   0: 0x8000b7b6 (0x00002f17) auipc   t5, 0x2
core   0: 3 0x8000b7b6 (0x00002f17) x30 0x8000d7b6
core   0: 0x8000b7ba (0x843f2523) sw      gp, -1974(t5)
core   0: 3 0x8000b7ba (0x843f2523) mem 0x8000d000 0x00000001
core   0: 0x8000b7be (0x0000bfe5) c.j     pc - 8
core   0: 3 0x8000b7be (0xbfe5)
core   0: 0x8000b7b6 (0x00002f17) auipc   t5, 0x2
core   0: 3 0x8000b7b6 (0x00002f17) x30 0x8000d7b6
core   0: 0x8000b7ba (0x843f2523) sw      gp, -1974(t5)
core   0: 3 0x8000b7ba (0x843f2523) mem 0x8000d000 0x00000001
core   0: 0x8000b7be (0x0000bfe5) c.j     pc - 8
core   0: 3 0x8000b7be (0xbfe5)
core   0: 0x8000b7b6 (0x00002f17) auipc   t5, 0x2
core   0: 3 0x8000b7b6 (0x00002f17) x30 0x8000d7b6
core   0: 0x8000b7ba (0x843f2523) sw      gp, -1974(t5)
core   0: 3 0x8000b7ba (0x843f2523) mem 0x8000d000 0x00000001
core   0: 0x8000b7be (0x0000bfe5) c.j     pc - 8
core   0: 3 0x8000b7be (0xbfe5)
core   0: 0x8000b7b6 (0x00002f17) auipc   t5, 0x2
core   0: 3 0x8000b7b6 (0x00002f17) x30 0x8000d7b6
core   0: 0x8000b7ba (0x843f2523) sw      gp, -1974(t5)
core   0: 3 0x8000b7ba (0x843f2523) mem 0x8000d000 0x00000001
core   0: 0x8000b7be (0x0000bfe5) c.j     pc - 8
core   0: 3 0x8000b7be (0xbfe5)
core   0: 0x8000b7b6 (0x00002f17) auipc   t5, 0x2
core   0: 3 0x8000b7b6 (0x00002f17) x30 0x8000d7b6
core   0: 0x8000b7ba (0x843f2523) sw      gp, -1974(t5)
core   0: 3 0x8000b7ba (0x843f2523) mem 0x8000d000 0x00000001
core   0: 0x8000b7be (0x0000bfe5) c.j     pc - 8
core   0: 3 0x8000b7be (0xbfe5)
core   0: 0x8000b7b6 (0x00002f17) auipc   t5, 0x2
core   0: 3 0x8000b7b6 (0x00002f17) x30 0x8000d7b6
core   0: 0x8000b7ba (0x843f2523) sw      gp, -1974(t5)
core   0: 3 0x8000b7ba (0x843f2523) mem 0x8000d000 0x00000001
core   0: 0x8000b7be (0x0000bfe5) c.j     pc - 8
core   0: 3 0x8000b7be (0xbfe5)
core   0: 0x8000b7b6 (0x00002f17) auipc   t5, 0x2
core   0: 3 0x8000b7b6 (0x00002f17) x30 0x8000d7b6
core   0: 0x8000b7ba (0x843f2523) sw      gp, -1974(t5)
core   0: 3 0x8000b7ba (0x843f2523) mem 0x8000d000 0x00000001
core   0: 0x8000b7be (0x0000bfe5) c.j     pc - 8
core   0: 3 0x8000b7be (0xbfe5)
core   0: 0x8000b7b6 (0x00002f17) auipc   t5, 0x2
core   0: 3 0x8000b7b6 (0x00002f17) x30 0x8000d7b6
core   0: 0x8000b7ba (0x843f2523) sw      gp, -1974(t5)
core   0: 3 0x8000b7ba (0x843f2523) mem 0x8000d000 0x00000001
core   0: 0x8000b7be (0x0000bfe5) c.j     pc - 8
core   0: 3 0x8000b7be (0xbfe5)
core   0: 0x8000b7b6 (0x00002f17) auipc   t5, 0x2
core   0: 3 0x8000b7b6 (0x00002f17) x30 0x8000d7b6
core   0: 0x8000b7ba (0x843f2523) sw      gp, -1974(t5)
core   0: 3 0x8000b7ba (0x843f2523) mem 0x8000d000 0x00000001
core   0: 0x8000b7be (0x0000bfe5) c.j     pc - 8
core   0: 3 0x8000b7be (0xbfe5)
core   0: 0x8000b7b6 (0x00002f17) auipc   t5, 0x2
core   0: 3 0x8000b7b6 (0x00002f17) x30 0x8000d7b6
core   0: 0x8000b7ba (0x843f2523) sw      gp, -1974(t5)
core   0: 3 0x8000b7ba (0x843f2523) mem 0x8000d000 0x00000001
core   0: 0x8000b7be (0x0000bfe5) c.j     pc - 8
core   0: 3 0x8000b7be (0xbfe5)
core   0: 0x8000b7b6 (0x00002f17) auipc   t5, 0x2
core   0: 3 0x8000b7b6 (0x00002f17) x30 0x8000d7b6
core   0: 0x8000b7ba (0x843f2523) sw      gp, -1974(t5)
core   0: 3 0x8000b7ba (0x843f2523) mem 0x8000d000 0x00000001
core   0: 0x8000b7be (0x0000bfe5) c.j     pc - 8
core   0: 3 0x8000b7be (0xbfe5)
core   0: 0x8000b7b6 (0x00002f17) auipc   t5, 0x2
core   0: 3 0x8000b7b6 (0x00002f17) x30 0x8000d7b6
core   0: 0x8000b7ba (0x843f2523) sw      gp, -1974(t5)
core   0: 3 0x8000b7ba (0x843f2523) mem 0x8000d000 0x00000001
core   0: 0x8000b7be (0x0000bfe5) c.j     pc - 8
core   0: 3 0x8000b7be (0xbfe5)
core   0: 0x8000b7b6 (0x00002f17) auipc   t5, 0x2
core   0: 3 0x8000b7b6 (0x00002f17) x30 0x8000d7b6
core   0: 0x8000b7ba (0x843f2523) sw      gp, -1974(t5)
core   0: 3 0x8000b7ba (0x843f2523) mem 0x8000d000 0x00000001
core   0: 0x8000b7be (0x0000bfe5) c.j     pc - 8
core   0: 3 0x8000b7be (0xbfe5)
core   0: 0x8000b7b6 (0x00002f17) auipc   t5, 0x2
core   0: 3 0x8000b7b6 (0x00002f17) x30 0x8000d7b6
core   0: 0x8000b7ba (0x843f2523) sw      gp, -1974(t5)
core   0: 3 0x8000b7ba (0x843f2523) mem 0x8000d000 0x00000001
core   0: 0x8000b7be (0x0000bfe5) c.j     pc - 8
core   0: 3 0x8000b7be (0xbfe5)
core   0: 0x8000b7b6 (0x00002f17) auipc   t5, 0x2
core   0: 3 0x8000b7b6 (0x00002f17) x30 0x8000d7b6
core   0: 0x8000b7ba (0x843f2523) sw      gp, -1974(t5)
core   0: 3 0x8000b7ba (0x843f2523) mem 0x8000d000 0x00000001
core   0: 0x8000b7be (0x0000bfe5) c.j     pc - 8
core   0: 3 0x8000b7be (0xbfe5)
core   0: 0x8000b7b6 (0x00002f17) auipc   t5, 0x2
core   0: 3 0x8000b7b6 (0x00002f17) x30 0x8000d7b6
core   0: 0x8000b7ba (0x843f2523) sw      gp, -1974(t5)
core   0: 3 0x8000b7ba (0x843f2523) mem 0x8000d000 0x00000001
core   0: 0x8000b7be (0x0000bfe5) c.j     pc - 8
core   0: 3 0x8000b7be (0xbfe5)
core   0: 0x8000b7b6 (0x00002f17) auipc   t5, 0x2
core   0: 3 0x8000b7b6 (0x00002f17) x30 0x8000d7b6
core   0: 0x8000b7ba (0x843f2523) sw      gp, -1974(t5)
core   0: 3 0x8000b7ba (0x843f2523) mem 0x8000d000 0x00000001
core   0: 0x8000b7be (0x0000bfe5) c.j     pc - 8
core   0: 3 0x8000b7be (0xbfe5)
core   0: 0x8000b7b6 (0x00002f17) auipc   t5, 0x2
core   0: 3 0x8000b7b6 (0x00002f17) x30 0x8000d7b6
core   0: 0x8000b7ba (0x843f2523) sw      gp, -1974(t5)
core   0: 3 0x8000b7ba (0x843f2523) mem 0x8000d000 0x00000001
core   0: 0x8000b7be (0x0000bfe5) c.j     pc - 8
core   0: 3 0x8000b7be (0xbfe5)
core   0: 0x8000b7b6 (0x00002f17) auipc   t5, 0x2
core   0: 3 0x8000b7b6 (0x00002f17) x30 0x8000d7b6
core   0: 0x8000b7ba (0x843f2523) sw      gp, -1974(t5)
core   0: 3 0x8000b7ba (0x843f2523) mem 0x8000d000 0x00000001
core   0: 0x8000b7be (0x0000bfe5) c.j     pc - 8
core   0: 3 0x8000b7be (0xbfe5)
core   0: 0x8000b7b6 (0x00002f17) auipc   t5, 0x2
core   0: 3 0x8000b7b6 (0x00002f17) x30 0x8000d7b6
core   0: 0x8000b7ba (0x843f2523) sw      gp, -1974(t5)
core   0: 3 0x8000b7ba (0x843f2523) mem 0x8000d000 0x00000001
core   0: 0x8000b7be (0x0000bfe5) c.j     pc - 8
core   0: 3 0x8000b7be (0xbfe5)
core   0: 0x8000b7b6 (0x00002f17) auipc   t5, 0x2
core   0: 3 0x8000b7b6 (0x00002f17) x30 0x8000d7b6
core   0: 0x8000b7ba (0x843f2523) sw      gp, -1974(t5)
core   0: 3 0x8000b7ba (0x843f2523) mem 0x8000d000 0x00000001
core   0: 0x8000b7be (0x0000bfe5) c.j     pc - 8
core   0: 3 0x8000b7be (0xbfe5)
core   0: 0x8000b7b6 (0x00002f17) auipc   t5, 0x2
core   0: 3 0x8000b7b6 (0x00002f17) x30 0x8000d7b6
core   0: 0x8000b7ba (0x843f2523) sw      gp, -1974(t5)
core   0: 3 0x8000b7ba (0x843f2523) mem 0x8000d000 0x00000001
core   0: 0x8000b7be (0x0000bfe5) c.j     pc - 8
core   0: 3 0x8000b7be (0xbfe5)
core   0: 0x8000b7b6 (0x00002f17) auipc   t5, 0x2
core   0: 3 0x8000b7b6 (0x00002f17) x30 0x8000d7b6
core   0: 0x8000b7ba (0x843f2523) sw      gp, -1974(t5)
core   0: 3 0x8000b7ba (0x843f2523) mem 0x8000d000 0x00000001
core   0: 0x8000b7be (0x0000bfe5) c.j     pc - 8
core   0: 3 0x8000b7be (0xbfe5)
core   0: 0x8000b7b6 (0x00002f17) auipc   t5, 0x2
core   0: 3 0x8000b7b6 (0x00002f17) x30 0x8000d7b6
core   0: 0x8000b7ba (0x843f2523) sw      gp, -1974(t5)
core   0: 3 0x8000b7ba (0x843f2523) mem 0x8000d000 0x00000001
core   0: 0x8000b7be (0x0000bfe5) c.j     pc - 8
core   0: 3 0x8000b7be (0xbfe5)
core   0: 0x8000b7b6 (0x00002f17) auipc   t5, 0x2
core   0: 3 0x8000b7b6 (0x00002f17) x30 0x8000d7b6
core   0: 0x8000b7ba (0x843f2523) sw      gp, -1974(t5)
core   0: 3 0x8000b7ba (0x843f2523) mem 0x8000d000 0x00000001
core   0: 0x8000b7be (0x0000bfe5) c.j     pc - 8
core   0: 3 0x8000b7be (0xbfe5)
core   0: 0x8000b7b6 (0x00002f17) auipc   t5, 0x2
core   0: 3 0x8000b7b6 (0x00002f17) x30 0x8000d7b6
core   0: 0x8000b7ba (0x843f2523) sw      gp, -1974(t5)
core   0: 3 0x8000b7ba (0x843f2523) mem 0x8000d000 0x00000001
core   0: 0x8000b7be (0x0000bfe5) c.j     pc - 8
core   0: 3 0x8000b7be (0xbfe5)
core   0: 0x8000b7b6 (0x00002f17) auipc   t5, 0x2
core   0: 3 0x8000b7b6 (0x00002f17) x30 0x8000d7b6
core   0: 0x8000b7ba (0x843f2523) sw      gp, -1974(t5)
core   0: 3 0x8000b7ba (0x843f2523) mem 0x8000d000 0x00000001
core   0: 0x8000b7be (0x0000bfe5) c.j     pc - 8
core   0: 3 0x8000b7be (0xbfe5)
core   0: 0x8000b7b6 (0x00002f17) auipc   t5, 0x2
core   0: 3 0x8000b7b6 (0x00002f17) x30 0x8000d7b6
core   0: 0x8000b7ba (0x843f2523) sw      gp, -1974(t5)
core   0: 3 0x8000b7ba (0x843f2523) mem 0x8000d000 0x00000001
core   0: 0x8000b7be (0x0000bfe5) c.j     pc - 8
core   0: 3 0x8000b7be (0xbfe5)
core   0: 0x8000b7b6 (0x00002f17) auipc   t5, 0x2
core   0: 3 0x8000b7b6 (0x00002f17) x30 0x8000d7b6
core   0: 0x8000b7ba (0x843f2523) sw      gp, -1974(t5)
core   0: 3 0x8000b7ba (0x843f2523) mem 0x8000d000 0x00000001
core   0: 0x8000b7be (0x0000bfe5) c.j     pc - 8
core   0: 3 0x8000b7be (0xbfe5)
core   0: 0x8000b7b6 (0x00002f17) auipc   t5, 0x2
core   0: 3 0x8000b7b6 (0x00002f17) x30 0x8000d7b6
core   0: 0x8000b7ba (0x843f2523) sw      gp, -1974(t5)
core   0: 3 0x8000b7ba (0x843f2523) mem 0x8000d000 0x00000001
core   0: 0x8000b7be (0x0000bfe5) c.j     pc - 8
core   0: 3 0x8000b7be (0xbfe5)
core   0: 0x8000b7b6 (0x00002f17) auipc   t5, 0x2
core   0: 3 0x8000b7b6 (0x00002f17) x30 0x8000d7b6
core   0: 0x8000b7ba (0x843f2523) sw      gp, -1974(t5)
core   0: 3 0x8000b7ba (0x843f2523) mem 0x8000d000 0x00000001
core   0: 0x8000b7be (0x0000bfe5) c.j     pc - 8
core   0: 3 0x8000b7be (0xbfe5)
core   0: 0x8000b7b6 (0x00002f17) auipc   t5, 0x2
core   0: 3 0x8000b7b6 (0x00002f17) x30 0x8000d7b6
core   0: 0x8000b7ba (0x843f2523) sw      gp, -1974(t5)
core   0: 3 0x8000b7ba (0x843f2523) mem 0x8000d000 0x00000001
core   0: 0x8000b7be (0x0000bfe5) c.j     pc - 8
core   0: 3 0x8000b7be (0xbfe5)
core   0: 0x8000b7b6 (0x00002f17) auipc   t5, 0x2
core   0: 3 0x8000b7b6 (0x00002f17) x30 0x8000d7b6
core   0: 0x8000b7ba (0x843f2523) sw      gp, -1974(t5)
core   0: 3 0x8000b7ba (0x843f2523) mem 0x8000d000 0x00000001
core   0: 0x8000b7be (0x0000bfe5) c.j     pc - 8
core   0: 3 0x8000b7be (0xbfe5)
core   0: 0x8000b7b6 (0x00002f17) auipc   t5, 0x2
core   0: 3 0x8000b7b6 (0x00002f17) x30 0x8000d7b6
core   0: 0x8000b7ba (0x843f2523) sw      gp, -1974(t5)
core   0: 3 0x8000b7ba (0x843f2523) mem 0x8000d000 0x00000001
core   0: 0x8000b7be (0x0000bfe5) c.j     pc - 8
core   0: 3 0x8000b7be (0xbfe5)
core   0: 0x8000b7b6 (0x00002f17) auipc   t5, 0x2
core   0: 3 0x8000b7b6 (0x00002f17) x30 0x8000d7b6
core   0: 0x8000b7ba (0x843f2523) sw      gp, -1974(t5)
core   0: 3 0x8000b7ba (0x843f2523) mem 0x8000d000 0x00000001
core   0: 0x8000b7be (0x0000bfe5) c.j     pc - 8
core   0: 3 0x8000b7be (0xbfe5)
core   0: 0x8000b7b6 (0x00002f17) auipc   t5, 0x2
core   0: 3 0x8000b7b6 (0x00002f17) x30 0x8000d7b6
core   0: 0x8000b7ba (0x843f2523) sw      gp, -1974(t5)
core   0: 3 0x8000b7ba (0x843f2523) mem 0x8000d000 0x00000001
core   0: 0x8000b7be (0x0000bfe5) c.j     pc - 8
core   0: 3 0x8000b7be (0xbfe5)
core   0: 0x8000b7b6 (0x00002f17) auipc   t5, 0x2
core   0: 3 0x8000b7b6 (0x00002f17) x30 0x8000d7b6
core   0: 0x8000b7ba (0x843f2523) sw      gp, -1974(t5)
core   0: 3 0x8000b7ba (0x843f2523) mem 0x8000d000 0x00000001
core   0: 0x8000b7be (0x0000bfe5) c.j     pc - 8
core   0: 3 0x8000b7be (0xbfe5)
core   0: 0x8000b7b6 (0x00002f17) auipc   t5, 0x2
core   0: 3 0x8000b7b6 (0x00002f17) x30 0x8000d7b6
core   0: 0x8000b7ba (0x843f2523) sw      gp, -1974(t5)
core   0: 3 0x8000b7ba (0x843f2523) mem 0x8000d000 0x00000001
core   0: 0x8000b7be (0x0000bfe5) c.j     pc - 8
core   0: 3 0x8000b7be (0xbfe5)
core   0: 0x8000b7b6 (0x00002f17) auipc   t5, 0x2
core   0: 3 0x8000b7b6 (0x00002f17) x30 0x8000d7b6
core   0: 0x8000b7ba (0x843f2523) sw      gp, -1974(t5)
core   0: 3 0x8000b7ba (0x843f2523) mem 0x8000d000 0x00000001
core   0: 0x8000b7be (0x0000bfe5) c.j     pc - 8
core   0: 3 0x8000b7be (0xbfe5)
core   0: 0x8000b7b6 (0x00002f17) auipc   t5, 0x2
core   0: 3 0x8000b7b6 (0x00002f17) x30 0x8000d7b6
core   0: 0x8000b7ba (0x843f2523) sw      gp, -1974(t5)
core   0: 3 0x8000b7ba (0x843f2523) mem 0x8000d000 0x00000001
core   0: 0x8000b7be (0x0000bfe5) c.j     pc - 8
core   0: 3 0x8000b7be (0xbfe5)
core   0: 0x8000b7b6 (0x00002f17) auipc   t5, 0x2
core   0: 3 0x8000b7b6 (0x00002f17) x30 0x8000d7b6
core   0: 0x8000b7ba (0x843f2523) sw      gp, -1974(t5)
core   0: 3 0x8000b7ba (0x843f2523) mem 0x8000d000 0x00000001
core   0: 0x8000b7be (0x0000bfe5) c.j     pc - 8
core   0: 3 0x8000b7be (0xbfe5)
core   0: 0x8000b7b6 (0x00002f17) auipc   t5, 0x2
core   0: 3 0x8000b7b6 (0x00002f17) x30 0x8000d7b6
core   0: 0x8000b7ba (0x843f2523) sw      gp, -1974(t5)
core   0: 3 0x8000b7ba (0x843f2523) mem 0x8000d000 0x00000001
core   0: 0x8000b7be (0x0000bfe5) c.j     pc - 8
core   0: 3 0x8000b7be (0xbfe5)
core   0: 0x8000b7b6 (0x00002f17) auipc   t5, 0x2
core   0: 3 0x8000b7b6 (0x00002f17) x30 0x8000d7b6
core   0: 0x8000b7ba (0x843f2523) sw      gp, -1974(t5)
core   0: 3 0x8000b7ba (0x843f2523) mem 0x8000d000 0x00000001
core   0: 0x8000b7be (0x0000bfe5) c.j     pc - 8
core   0: 3 0x8000b7be (0xbfe5)
core   0: 0x8000b7b6 (0x00002f17) auipc   t5, 0x2
core   0: 3 0x8000b7b6 (0x00002f17) x30 0x8000d7b6
core   0: 0x8000b7ba (0x843f2523) sw      gp, -1974(t5)
core   0: 3 0x8000b7ba (0x843f2523) mem 0x8000d000 0x00000001
core   0: 0x8000b7be (0x0000bfe5) c.j     pc - 8
core   0: 3 0x8000b7be (0xbfe5)
core   0: 0x8000b7b6 (0x00002f17) auipc   t5, 0x2
core   0: 3 0x8000b7b6 (0x00002f17) x30 0x8000d7b6
core   0: 0x8000b7ba (0x843f2523) sw      gp, -1974(t5)
core   0: 3 0x8000b7ba (0x843f2523) mem 0x8000d000 0x00000001
core   0: 0x8000b7be (0x0000bfe5) c.j     pc - 8
core   0: 3 0x8000b7be (0xbfe5)
core   0: 0x8000b7b6 (0x00002f17) auipc   t5, 0x2
core   0: 3 0x8000b7b6 (0x00002f17) x30 0x8000d7b6
core   0: 0x8000b7ba (0x843f2523) sw      gp, -1974(t5)
core   0: 3 0x8000b7ba (0x843f2523) mem 0x8000d000 0x00000001
core   0: 0x8000b7be (0x0000bfe5) c.j     pc - 8
core   0: 3 0x8000b7be (0xbfe5)
core   0: 0x8000b7b6 (0x00002f17) auipc   t5, 0x2
core   0: 3 0x8000b7b6 (0x00002f17) x30 0x8000d7b6
core   0: 0x8000b7ba (0x843f2523) sw      gp, -1974(t5)
core   0: 3 0x8000b7ba (0x843f2523) mem 0x8000d000 0x00000001
core   0: 0x8000b7be (0x0000bfe5) c.j     pc - 8
core   0: 3 0x8000b7be (0xbfe5)
core   0: 0x8000b7b6 (0x00002f17) auipc   t5, 0x2
core   0: 3 0x8000b7b6 (0x00002f17) x30 0x8000d7b6
core   0: 0x8000b7ba (0x843f2523) sw      gp, -1974(t5)
core   0: 3 0x8000b7ba (0x843f2523) mem 0x8000d000 0x00000001
core   0: 0x8000b7be (0x0000bfe5) c.j     pc - 8
core   0: 3 0x8000b7be (0xbfe5)
core   0: 0x8000b7b6 (0x00002f17) auipc   t5, 0x2
core   0: 3 0x8000b7b6 (0x00002f17) x30 0x8000d7b6
core   0: 0x8000b7ba (0x843f2523) sw      gp, -1974(t5)
core   0: 3 0x8000b7ba (0x843f2523) mem 0x8000d000 0x00000001
core   0: 0x8000b7be (0x0000bfe5) c.j     pc - 8
core   0: 3 0x8000b7be (0xbfe5)
core   0: 0x8000b7b6 (0x00002f17) auipc   t5, 0x2
core   0: 3 0x8000b7b6 (0x00002f17) x30 0x8000d7b6
core   0: 0x8000b7ba (0x843f2523) sw      gp, -1974(t5)
core   0: 3 0x8000b7ba (0x843f2523) mem 0x8000d000 0x00000001
core   0: 0x8000b7be (0x0000bfe5) c.j     pc - 8
core   0: 3 0x8000b7be (0xbfe5)
core   0: 0x8000b7b6 (0x00002f17) auipc   t5, 0x2
core   0: 3 0x8000b7b6 (0x00002f17) x30 0x8000d7b6
core   0: 0x8000b7ba (0x843f2523) sw      gp, -1974(t5)
core   0: 3 0x8000b7ba (0x843f2523) mem 0x8000d000 0x00000001
core   0: 0x8000b7be (0x0000bfe5) c.j     pc - 8
core   0: 3 0x8000b7be (0xbfe5)
core   0: 0x8000b7b6 (0x00002f17) auipc   t5, 0x2
core   0: 3 0x8000b7b6 (0x00002f17) x30 0x8000d7b6
core   0: 0x8000b7ba (0x843f2523) sw      gp, -1974(t5)
core   0: 3 0x8000b7ba (0x843f2523) mem 0x8000d000 0x00000001
core   0: 0x8000b7be (0x0000bfe5) c.j     pc - 8
core   0: 3 0x8000b7be (0xbfe5)
core   0: 0x8000b7b6 (0x00002f17) auipc   t5, 0x2
core   0: 3 0x8000b7b6 (0x00002f17) x30 0x8000d7b6
core   0: 0x8000b7ba (0x843f2523) sw      gp, -1974(t5)
core   0: 3 0x8000b7ba (0x843f2523) mem 0x8000d000 0x00000001
core   0: 0x8000b7be (0x0000bfe5) c.j     pc - 8
core   0: 3 0x8000b7be (0xbfe5)
core   0: 0x8000b7b6 (0x00002f17) auipc   t5, 0x2
core   0: 3 0x8000b7b6 (0x00002f17) x30 0x8000d7b6
core   0: 0x8000b7ba (0x843f2523) sw      gp, -1974(t5)
core   0: 3 0x8000b7ba (0x843f2523) mem 0x8000d000 0x00000001
core   0: 0x8000b7be (0x0000bfe5) c.j     pc - 8
core   0: 3 0x8000b7be (0xbfe5)
core   0: 0x8000b7b6 (0x00002f17) auipc   t5, 0x2
core   0: 3 0x8000b7b6 (0x00002f17) x30 0x8000d7b6
core   0: 0x8000b7ba (0x843f2523) sw      gp, -1974(t5)
core   0: 3 0x8000b7ba (0x843f2523) mem 0x8000d000 0x00000001
core   0: 0x8000b7be (0x0000bfe5) c.j     pc - 8
core   0: 3 0x8000b7be (0xbfe5)
core   0: 0x8000b7b6 (0x00002f17) auipc   t5, 0x2
core   0: 3 0x8000b7b6 (0x00002f17) x30 0x8000d7b6
core   0: 0x8000b7ba (0x843f2523) sw      gp, -1974(t5)
core   0: 3 0x8000b7ba (0x843f2523) mem 0x8000d000 0x00000001
core   0: 0x8000b7be (0x0000bfe5) c.j     pc - 8
core   0: 3 0x8000b7be (0xbfe5)
core   0: 0x8000b7b6 (0x00002f17) auipc   t5, 0x2
core   0: 3 0x8000b7b6 (0x00002f17) x30 0x8000d7b6
core   0: 0x8000b7ba (0x843f2523) sw      gp, -1974(t5)
core   0: 3 0x8000b7ba (0x843f2523) mem 0x8000d000 0x00000001
core   0: 0x8000b7be (0x0000bfe5) c.j     pc - 8
core   0: 3 0x8000b7be (0xbfe5)
core   0: 0x8000b7b6 (0x00002f17) auipc   t5, 0x2
core   0: 3 0x8000b7b6 (0x00002f17) x30 0x8000d7b6
core   0: 0x8000b7ba (0x843f2523) sw      gp, -1974(t5)
core   0: 3 0x8000b7ba (0x843f2523) mem 0x8000d000 0x00000001
core   0: 0x8000b7be (0x0000bfe5) c.j     pc - 8
core   0: 3 0x8000b7be (0xbfe5)
core   0: 0x8000b7b6 (0x00002f17) auipc   t5, 0x2
core   0: 3 0x8000b7b6 (0x00002f17) x30 0x8000d7b6
core   0: 0x8000b7ba (0x843f2523) sw      gp, -1974(t5)
core   0: 3 0x8000b7ba (0x843f2523) mem 0x8000d000 0x00000001
core   0: 0x8000b7be (0x0000bfe5) c.j     pc - 8
core   0: 3 0x8000b7be (0xbfe5)
core   0: 0x8000b7b6 (0x00002f17) auipc   t5, 0x2
core   0: 3 0x8000b7b6 (0x00002f17) x30 0x8000d7b6
core   0: 0x8000b7ba (0x843f2523) sw      gp, -1974(t5)
core   0: 3 0x8000b7ba (0x843f2523) mem 0x8000d000 0x00000001
core   0: 0x8000b7be (0x0000bfe5) c.j     pc - 8
core   0: 3 0x8000b7be (0xbfe5)
core   0: 0x8000b7b6 (0x00002f17) auipc   t5, 0x2
core   0: 3 0x8000b7b6 (0x00002f17) x30 0x8000d7b6
core   0: 0x8000b7ba (0x843f2523) sw      gp, -1974(t5)
core   0: 3 0x8000b7ba (0x843f2523) mem 0x8000d000 0x00000001
core   0: 0x8000b7be (0x0000bfe5) c.j     pc - 8
core   0: 3 0x8000b7be (0xbfe5)
core   0: 0x8000b7b6 (0x00002f17) auipc   t5, 0x2
core   0: 3 0x8000b7b6 (0x00002f17) x30 0x8000d7b6
core   0: 0x8000b7ba (0x843f2523) sw      gp, -1974(t5)
core   0: 3 0x8000b7ba (0x843f2523) mem 0x8000d000 0x00000001
core   0: 0x8000b7be (0x0000bfe5) c.j     pc - 8
core   0: 3 0x8000b7be (0xbfe5)
core   0: 0x8000b7b6 (0x00002f17) auipc   t5, 0x2
core   0: 3 0x8000b7b6 (0x00002f17) x30 0x8000d7b6
core   0: 0x8000b7ba (0x843f2523) sw      gp, -1974(t5)
core   0: 3 0x8000b7ba (0x843f2523) mem 0x8000d000 0x00000001
core   0: 0x8000b7be (0x0000bfe5) c.j     pc - 8
core   0: 3 0x8000b7be (0xbfe5)
core   0: 0x8000b7b6 (0x00002f17) auipc   t5, 0x2
core   0: 3 0x8000b7b6 (0x00002f17) x30 0x8000d7b6
core   0: 0x8000b7ba (0x843f2523) sw      gp, -1974(t5)
core   0: 3 0x8000b7ba (0x843f2523) mem 0x8000d000 0x00000001
core   0: 0x8000b7be (0x0000bfe5) c.j     pc - 8
core   0: 3 0x8000b7be (0xbfe5)
core   0: 0x8000b7b6 (0x00002f17) auipc   t5, 0x2
core   0: 3 0x8000b7b6 (0x00002f17) x30 0x8000d7b6
core   0: 0x8000b7ba (0x843f2523) sw      gp, -1974(t5)
core   0: 3 0x8000b7ba (0x843f2523) mem 0x8000d000 0x00000001
core   0: 0x8000b7be (0x0000bfe5) c.j     pc - 8
core   0: 3 0x8000b7be (0xbfe5)
core   0: 0x8000b7b6 (0x00002f17) auipc   t5, 0x2
core   0: 3 0x8000b7b6 (0x00002f17) x30 0x8000d7b6
core   0: 0x8000b7ba (0x843f2523) sw      gp, -1974(t5)
core   0: 3 0x8000b7ba (0x843f2523) mem 0x8000d000 0x00000001
core   0: 0x8000b7be (0x0000bfe5) c.j     pc - 8
core   0: 3 0x8000b7be (0xbfe5)
core   0: 0x8000b7b6 (0x00002f17) auipc   t5, 0x2
core   0: 3 0x8000b7b6 (0x00002f17) x30 0x8000d7b6
core   0: 0x8000b7ba (0x843f2523) sw      gp, -1974(t5)
core   0: 3 0x8000b7ba (0x843f2523) mem 0x8000d000 0x00000001
core   0: 0x8000b7be (0x0000bfe5) c.j     pc - 8
core   0: 3 0x8000b7be (0xbfe5)
core   0: 0x8000b7b6 (0x00002f17) auipc   t5, 0x2
core   0: 3 0x8000b7b6 (0x00002f17) x30 0x8000d7b6
core   0: 0x8000b7ba (0x843f2523) sw      gp, -1974(t5)
core   0: 3 0x8000b7ba (0x843f2523) mem 0x8000d000 0x00000001
core   0: 0x8000b7be (0x0000bfe5) c.j     pc - 8
core   0: 3 0x8000b7be (0xbfe5)
core   0: 0x8000b7b6 (0x00002f17) auipc   t5, 0x2
core   0: 3 0x8000b7b6 (0x00002f17) x30 0x8000d7b6
core   0: 0x8000b7ba (0x843f2523) sw      gp, -1974(t5)
core   0: 3 0x8000b7ba (0x843f2523) mem 0x8000d000 0x00000001
core   0: 0x8000b7be (0x0000bfe5) c.j     pc - 8
core   0: 3 0x8000b7be (0xbfe5)
core   0: 0x8000b7b6 (0x00002f17) auipc   t5, 0x2
core   0: 3 0x8000b7b6 (0x00002f17) x30 0x8000d7b6
core   0: 0x8000b7ba (0x843f2523) sw      gp, -1974(t5)
core   0: 3 0x8000b7ba (0x843f2523) mem 0x8000d000 0x00000001
core   0: 0x8000b7be (0x0000bfe5) c.j     pc - 8
core   0: 3 0x8000b7be (0xbfe5)
core   0: 0x8000b7b6 (0x00002f17) auipc   t5, 0x2
core   0: 3 0x8000b7b6 (0x00002f17) x30 0x8000d7b6
core   0: 0x8000b7ba (0x843f2523) sw      gp, -1974(t5)
core   0: 3 0x8000b7ba (0x843f2523) mem 0x8000d000 0x00000001
core   0: 0x8000b7be (0x0000bfe5) c.j     pc - 8
core   0: 3 0x8000b7be (0xbfe5)
core   0: 0x8000b7b6 (0x00002f17) auipc   t5, 0x2
core   0: 3 0x8000b7b6 (0x00002f17) x30 0x8000d7b6
core   0: 0x8000b7ba (0x843f2523) sw      gp, -1974(t5)
core   0: 3 0x8000b7ba (0x843f2523) mem 0x8000d000 0x00000001
core   0: 0x8000b7be (0x0000bfe5) c.j     pc - 8
core   0: 3 0x8000b7be (0xbfe5)
core   0: 0x8000b7b6 (0x00002f17) auipc   t5, 0x2
core   0: 3 0x8000b7b6 (0x00002f17) x30 0x8000d7b6
core   0: 0x8000b7ba (0x843f2523) sw      gp, -1974(t5)
core   0: 3 0x8000b7ba (0x843f2523) mem 0x8000d000 0x00000001
core   0: 0x8000b7be (0x0000bfe5) c.j     pc - 8
core   0: 3 0x8000b7be (0xbfe5)
core   0: 0x8000b7b6 (0x00002f17) auipc   t5, 0x2
core   0: 3 0x8000b7b6 (0x00002f17) x30 0x8000d7b6
core   0: 0x8000b7ba (0x843f2523) sw      gp, -1974(t5)
core   0: 3 0x8000b7ba (0x843f2523) mem 0x8000d000 0x00000001
core   0: 0x8000b7be (0x0000bfe5) c.j     pc - 8
core   0: 3 0x8000b7be (0xbfe5)
core   0: 0x8000b7b6 (0x00002f17) auipc   t5, 0x2
core   0: 3 0x8000b7b6 (0x00002f17) x30 0x8000d7b6
core   0: 0x8000b7ba (0x843f2523) sw      gp, -1974(t5)
core   0: 3 0x8000b7ba (0x843f2523) mem 0x8000d000 0x00000001
core   0: 0x8000b7be (0x0000bfe5) c.j     pc - 8
core   0: 3 0x8000b7be (0xbfe5)
core   0: 0x8000b7b6 (0x00002f17) auipc   t5, 0x2
core   0: 3 0x8000b7b6 (0x00002f17) x30 0x8000d7b6
core   0: 0x8000b7ba (0x843f2523) sw      gp, -1974(t5)
core   0: 3 0x8000b7ba (0x843f2523) mem 0x8000d000 0x00000001
core   0: 0x8000b7be (0x0000bfe5) c.j     pc - 8
core   0: 3 0x8000b7be (0xbfe5)
core   0: 0x8000b7b6 (0x00002f17) auipc   t5, 0x2
core   0: 3 0x8000b7b6 (0x00002f17) x30 0x8000d7b6
core   0: 0x8000b7ba (0x843f2523) sw      gp, -1974(t5)
core   0: 3 0x8000b7ba (0x843f2523) mem 0x8000d000 0x00000001
core   0: 0x8000b7be (0x0000bfe5) c.j     pc - 8
core   0: 3 0x8000b7be (0xbfe5)
core   0: 0x8000b7b6 (0x00002f17) auipc   t5, 0x2
core   0: 3 0x8000b7b6 (0x00002f17) x30 0x8000d7b6
core   0: 0x8000b7ba (0x843f2523) sw      gp, -1974(t5)
core   0: 3 0x8000b7ba (0x843f2523) mem 0x8000d000 0x00000001
core   0: 0x8000b7be (0x0000bfe5) c.j     pc - 8
core   0: 3 0x8000b7be (0xbfe5)
core   0: 0x8000b7b6 (0x00002f17) auipc   t5, 0x2
core   0: 3 0x8000b7b6 (0x00002f17) x30 0x8000d7b6
core   0: 0x8000b7ba (0x843f2523) sw      gp, -1974(t5)
core   0: 3 0x8000b7ba (0x843f2523) mem 0x8000d000 0x00000001
core   0: 0x8000b7be (0x0000bfe5) c.j     pc - 8
core   0: 3 0x8000b7be (0xbfe5)
core   0: 0x8000b7b6 (0x00002f17) auipc   t5, 0x2
core   0: 3 0x8000b7b6 (0x00002f17) x30 0x8000d7b6
core   0: 0x8000b7ba (0x843f2523) sw      gp, -1974(t5)
core   0: 3 0x8000b7ba (0x843f2523) mem 0x8000d000 0x00000001
core   0: 0x8000b7be (0x0000bfe5) c.j     pc - 8
core   0: 3 0x8000b7be (0xbfe5)
core   0: 0x8000b7b6 (0x00002f17) auipc   t5, 0x2
core   0: 3 0x8000b7b6 (0x00002f17) x30 0x8000d7b6
core   0: 0x8000b7ba (0x843f2523) sw      gp, -1974(t5)
core   0: 3 0x8000b7ba (0x843f2523) mem 0x8000d000 0x00000001
core   0: 0x8000b7be (0x0000bfe5) c.j     pc - 8
core   0: 3 0x8000b7be (0xbfe5)
core   0: 0x8000b7b6 (0x00002f17) auipc   t5, 0x2
core   0: 3 0x8000b7b6 (0x00002f17) x30 0x8000d7b6
core   0: 0x8000b7ba (0x843f2523) sw      gp, -1974(t5)
core   0: 3 0x8000b7ba (0x843f2523) mem 0x8000d000 0x00000001
core   0: 0x8000b7be (0x0000bfe5) c.j     pc - 8
core   0: 3 0x8000b7be (0xbfe5)
core   0: 0x8000b7b6 (0x00002f17) auipc   t5, 0x2
core   0: 3 0x8000b7b6 (0x00002f17) x30 0x8000d7b6
core   0: 0x8000b7ba (0x843f2523) sw      gp, -1974(t5)
core   0: 3 0x8000b7ba (0x843f2523) mem 0x8000d000 0x00000001
core   0: 0x8000b7be (0x0000bfe5) c.j     pc - 8
core   0: 3 0x8000b7be (0xbfe5)
core   0: 0x8000b7b6 (0x00002f17) auipc   t5, 0x2
core   0: 3 0x8000b7b6 (0x00002f17) x30 0x8000d7b6
core   0: 0x8000b7ba (0x843f2523) sw      gp, -1974(t5)
core   0: 3 0x8000b7ba (0x843f2523) mem 0x8000d000 0x00000001
core   0: 0x8000b7be (0x0000bfe5) c.j     pc - 8
core   0: 3 0x8000b7be (0xbfe5)
core   0: 0x8000b7b6 (0x00002f17) auipc   t5, 0x2
core   0: 3 0x8000b7b6 (0x00002f17) x30 0x8000d7b6
core   0: 0x8000b7ba (0x843f2523) sw      gp, -1974(t5)
core   0: 3 0x8000b7ba (0x843f2523) mem 0x8000d000 0x00000001
core   0: 0x8000b7be (0x0000bfe5) c.j     pc - 8
core   0: 3 0x8000b7be (0xbfe5)
core   0: 0x8000b7b6 (0x00002f17) auipc   t5, 0x2
core   0: 3 0x8000b7b6 (0x00002f17) x30 0x8000d7b6
core   0: 0x8000b7ba (0x843f2523) sw      gp, -1974(t5)
core   0: 3 0x8000b7ba (0x843f2523) mem 0x8000d000 0x00000001
core   0: 0x8000b7be (0x0000bfe5) c.j     pc - 8
core   0: 3 0x8000b7be (0xbfe5)
core   0: 0x8000b7b6 (0x00002f17) auipc   t5, 0x2
core   0: 3 0x8000b7b6 (0x00002f17) x30 0x8000d7b6
core   0: 0x8000b7ba (0x843f2523) sw      gp, -1974(t5)
core   0: 3 0x8000b7ba (0x843f2523) mem 0x8000d000 0x00000001
core   0: 0x8000b7be (0x0000bfe5) c.j     pc - 8
core   0: 3 0x8000b7be (0xbfe5)
core   0: 0x8000b7b6 (0x00002f17) auipc   t5, 0x2
core   0: 3 0x8000b7b6 (0x00002f17) x30 0x8000d7b6
core   0: 0x8000b7ba (0x843f2523) sw      gp, -1974(t5)
core   0: 3 0x8000b7ba (0x843f2523) mem 0x8000d000 0x00000001
core   0: 0x8000b7be (0x0000bfe5) c.j     pc - 8
core   0: 3 0x8000b7be (0xbfe5)
core   0: 0x8000b7b6 (0x00002f17) auipc   t5, 0x2
core   0: 3 0x8000b7b6 (0x00002f17) x30 0x8000d7b6
core   0: 0x8000b7ba (0x843f2523) sw      gp, -1974(t5)
core   0: 3 0x8000b7ba (0x843f2523) mem 0x8000d000 0x00000001
core   0: 0x8000b7be (0x0000bfe5) c.j     pc - 8
core   0: 3 0x8000b7be (0xbfe5)
core   0: 0x8000b7b6 (0x00002f17) auipc   t5, 0x2
core   0: 3 0x8000b7b6 (0x00002f17) x30 0x8000d7b6
core   0: 0x8000b7ba (0x843f2523) sw      gp, -1974(t5)
core   0: 3 0x8000b7ba (0x843f2523) mem 0x8000d000 0x00000001
core   0: 0x8000b7be (0x0000bfe5) c.j     pc - 8
core   0: 3 0x8000b7be (0xbfe5)
core   0: 0x8000b7b6 (0x00002f17) auipc   t5, 0x2
core   0: 3 0x8000b7b6 (0x00002f17) x30 0x8000d7b6
core   0: 0x8000b7ba (0x843f2523) sw      gp, -1974(t5)
core   0: 3 0x8000b7ba (0x843f2523) mem 0x8000d000 0x00000001
core   0: 0x8000b7be (0x0000bfe5) c.j     pc - 8
core   0: 3 0x8000b7be (0xbfe5)
core   0: 0x8000b7b6 (0x00002f17) auipc   t5, 0x2
core   0: 3 0x8000b7b6 (0x00002f17) x30 0x8000d7b6
core   0: 0x8000b7ba (0x843f2523) sw      gp, -1974(t5)
core   0: 3 0x8000b7ba (0x843f2523) mem 0x8000d000 0x00000001
core   0: 0x8000b7be (0x0000bfe5) c.j     pc - 8
core   0: 3 0x8000b7be (0xbfe5)
core   0: 0x8000b7b6 (0x00002f17) auipc   t5, 0x2
core   0: 3 0x8000b7b6 (0x00002f17) x30 0x8000d7b6
core   0: 0x8000b7ba (0x843f2523) sw      gp, -1974(t5)
core   0: 3 0x8000b7ba (0x843f2523) mem 0x8000d000 0x00000001
core   0: 0x8000b7be (0x0000bfe5) c.j     pc - 8
core   0: 3 0x8000b7be (0xbfe5)
core   0: 0x8000b7b6 (0x00002f17) auipc   t5, 0x2
core   0: 3 0x8000b7b6 (0x00002f17) x30 0x8000d7b6
core   0: 0x8000b7ba (0x843f2523) sw      gp, -1974(t5)
core   0: 3 0x8000b7ba (0x843f2523) mem 0x8000d000 0x00000001
core   0: 0x8000b7be (0x0000bfe5) c.j     pc - 8
core   0: 3 0x8000b7be (0xbfe5)
core   0: 0x8000b7b6 (0x00002f17) auipc   t5, 0x2
core   0: 3 0x8000b7b6 (0x00002f17) x30 0x8000d7b6
core   0: 0x8000b7ba (0x843f2523) sw      gp, -1974(t5)
core   0: 3 0x8000b7ba (0x843f2523) mem 0x8000d000 0x00000001
core   0: 0x8000b7be (0x0000bfe5) c.j     pc - 8
core   0: 3 0x8000b7be (0xbfe5)
core   0: 0x8000b7b6 (0x00002f17) auipc   t5, 0x2
core   0: 3 0x8000b7b6 (0x00002f17) x30 0x8000d7b6
core   0: 0x8000b7ba (0x843f2523) sw      gp, -1974(t5)
core   0: 3 0x8000b7ba (0x843f2523) mem 0x8000d000 0x00000001
core   0: 0x8000b7be (0x0000bfe5) c.j     pc - 8
core   0: 3 0x8000b7be (0xbfe5)
core   0: 0x8000b7b6 (0x00002f17) auipc   t5, 0x2
core   0: 3 0x8000b7b6 (0x00002f17) x30 0x8000d7b6
core   0: 0x8000b7ba (0x843f2523) sw      gp, -1974(t5)
core   0: 3 0x8000b7ba (0x843f2523) mem 0x8000d000 0x00000001
core   0: 0x8000b7be (0x0000bfe5) c.j     pc - 8
core   0: 3 0x8000b7be (0xbfe5)
core   0: 0x8000b7b6 (0x00002f17) auipc   t5, 0x2
core   0: 3 0x8000b7b6 (0x00002f17) x30 0x8000d7b6
core   0: 0x8000b7ba (0x843f2523) sw      gp, -1974(t5)
core   0: 3 0x8000b7ba (0x843f2523) mem 0x8000d000 0x00000001
core   0: 0x8000b7be (0x0000bfe5) c.j     pc - 8
core   0: 3 0x8000b7be (0xbfe5)
core   0: 0x8000b7b6 (0x00002f17) auipc   t5, 0x2
core   0: 3 0x8000b7b6 (0x00002f17) x30 0x8000d7b6
core   0: 0x8000b7ba (0x843f2523) sw      gp, -1974(t5)
core   0: 3 0x8000b7ba (0x843f2523) mem 0x8000d000 0x00000001
core   0: 0x8000b7be (0x0000bfe5) c.j     pc - 8
core   0: 3 0x8000b7be (0xbfe5)
core   0: 0x8000b7b6 (0x00002f17) auipc   t5, 0x2
core   0: 3 0x8000b7b6 (0x00002f17) x30 0x8000d7b6
core   0: 0x8000b7ba (0x843f2523) sw      gp, -1974(t5)
core   0: 3 0x8000b7ba (0x843f2523) mem 0x8000d000 0x00000001
core   0: 0x8000b7be (0x0000bfe5) c.j     pc - 8
core   0: 3 0x8000b7be (0xbfe5)
core   0: 0x8000b7b6 (0x00002f17) auipc   t5, 0x2
core   0: 3 0x8000b7b6 (0x00002f17) x30 0x8000d7b6
core   0: 0x8000b7ba (0x843f2523) sw      gp, -1974(t5)
core   0: 3 0x8000b7ba (0x843f2523) mem 0x8000d000 0x00000001
core   0: 0x8000b7be (0x0000bfe5) c.j     pc - 8
core   0: 3 0x8000b7be (0xbfe5)
core   0: 0x8000b7b6 (0x00002f17) auipc   t5, 0x2
core   0: 3 0x8000b7b6 (0x00002f17) x30 0x8000d7b6
core   0: 0x8000b7ba (0x843f2523) sw      gp, -1974(t5)
core   0: 3 0x8000b7ba (0x843f2523) mem 0x8000d000 0x00000001
core   0: 0x8000b7be (0x0000bfe5) c.j     pc - 8
core   0: 3 0x8000b7be (0xbfe5)
core   0: 0x8000b7b6 (0x00002f17) auipc   t5, 0x2
core   0: 3 0x8000b7b6 (0x00002f17) x30 0x8000d7b6
core   0: 0x8000b7ba (0x843f2523) sw      gp, -1974(t5)
core   0: 3 0x8000b7ba (0x843f2523) mem 0x8000d000 0x00000001
core   0: 0x8000b7be (0x0000bfe5) c.j     pc - 8
core   0: 3 0x8000b7be (0xbfe5)
core   0: 0x8000b7b6 (0x00002f17) auipc   t5, 0x2
core   0: 3 0x8000b7b6 (0x00002f17) x30 0x8000d7b6
core   0: 0x8000b7ba (0x843f2523) sw      gp, -1974(t5)
core   0: 3 0x8000b7ba (0x843f2523) mem 0x8000d000 0x00000001
core   0: 0x8000b7be (0x0000bfe5) c.j     pc - 8
core   0: 3 0x8000b7be (0xbfe5)
core   0: 0x8000b7b6 (0x00002f17) auipc   t5, 0x2
core   0: 3 0x8000b7b6 (0x00002f17) x30 0x8000d7b6
core   0: 0x8000b7ba (0x843f2523) sw      gp, -1974(t5)
core   0: 3 0x8000b7ba (0x843f2523) mem 0x8000d000 0x00000001
core   0: 0x8000b7be (0x0000bfe5) c.j     pc - 8
core   0: 3 0x8000b7be (0xbfe5)
core   0: 0x8000b7b6 (0x00002f17) auipc   t5, 0x2
core   0: 3 0x8000b7b6 (0x00002f17) x30 0x8000d7b6
core   0: 0x8000b7ba (0x843f2523) sw      gp, -1974(t5)
core   0: 3 0x8000b7ba (0x843f2523) mem 0x8000d000 0x00000001
core   0: 0x8000b7be (0x0000bfe5) c.j     pc - 8
core   0: 3 0x8000b7be (0xbfe5)
core   0: 0x8000b7b6 (0x00002f17) auipc   t5, 0x2
core   0: 3 0x8000b7b6 (0x00002f17) x30 0x8000d7b6
core   0: 0x8000b7ba (0x843f2523) sw      gp, -1974(t5)
core   0: 3 0x8000b7ba (0x843f2523) mem 0x8000d000 0x00000001
core   0: 0x8000b7be (0x0000bfe5) c.j     pc - 8
core   0: 3 0x8000b7be (0xbfe5)
core   0: 0x8000b7b6 (0x00002f17) auipc   t5, 0x2
core   0: 3 0x8000b7b6 (0x00002f17) x30 0x8000d7b6
core   0: 0x8000b7ba (0x843f2523) sw      gp, -1974(t5)
core   0: 3 0x8000b7ba (0x843f2523) mem 0x8000d000 0x00000001
core   0: 0x8000b7be (0x0000bfe5) c.j     pc - 8
core   0: 3 0x8000b7be (0xbfe5)
core   0: 0x8000b7b6 (0x00002f17) auipc   t5, 0x2
core   0: 3 0x8000b7b6 (0x00002f17) x30 0x8000d7b6
core   0: 0x8000b7ba (0x843f2523) sw      gp, -1974(t5)
core   0: 3 0x8000b7ba (0x843f2523) mem 0x8000d000 0x00000001
core   0: 0x8000b7be (0x0000bfe5) c.j     pc - 8
core   0: 3 0x8000b7be (0xbfe5)
core   0: 0x8000b7b6 (0x00002f17) auipc   t5, 0x2
core   0: 3 0x8000b7b6 (0x00002f17) x30 0x8000d7b6
core   0: 0x8000b7ba (0x843f2523) sw      gp, -1974(t5)
core   0: 3 0x8000b7ba (0x843f2523) mem 0x8000d000 0x00000001
core   0: 0x8000b7be (0x0000bfe5) c.j     pc - 8
core   0: 3 0x8000b7be (0xbfe5)
core   0: 0x8000b7b6 (0x00002f17) auipc   t5, 0x2
core   0: 3 0x8000b7b6 (0x00002f17) x30 0x8000d7b6
core   0: 0x8000b7ba (0x843f2523) sw      gp, -1974(t5)
core   0: 3 0x8000b7ba (0x843f2523) mem 0x8000d000 0x00000001
core   0: 0x8000b7be (0x0000bfe5) c.j     pc - 8
core   0: 3 0x8000b7be (0xbfe5)
core   0: 0x8000b7b6 (0x00002f17) auipc   t5, 0x2
core   0: 3 0x8000b7b6 (0x00002f17) x30 0x8000d7b6
core   0: 0x8000b7ba (0x843f2523) sw      gp, -1974(t5)
core   0: 3 0x8000b7ba (0x843f2523) mem 0x8000d000 0x00000001
core   0: 0x8000b7be (0x0000bfe5) c.j     pc - 8
core   0: 3 0x8000b7be (0xbfe5)
core   0: 0x8000b7b6 (0x00002f17) auipc   t5, 0x2
core   0: 3 0x8000b7b6 (0x00002f17) x30 0x8000d7b6
core   0: 0x8000b7ba (0x843f2523) sw      gp, -1974(t5)
core   0: 3 0x8000b7ba (0x843f2523) mem 0x8000d000 0x00000001
core   0: 0x8000b7be (0x0000bfe5) c.j     pc - 8
core   0: 3 0x8000b7be (0xbfe5)
core   0: 0x8000b7b6 (0x00002f17) auipc   t5, 0x2
core   0: 3 0x8000b7b6 (0x00002f17) x30 0x8000d7b6
core   0: 0x8000b7ba (0x843f2523) sw      gp, -1974(t5)
core   0: 3 0x8000b7ba (0x843f2523) mem 0x8000d000 0x00000001
core   0: 0x8000b7be (0x0000bfe5) c.j     pc - 8
core   0: 3 0x8000b7be (0xbfe5)
core   0: 0x8000b7b6 (0x00002f17) auipc   t5, 0x2
core   0: 3 0x8000b7b6 (0x00002f17) x30 0x8000d7b6
core   0: 0x8000b7ba (0x843f2523) sw      gp, -1974(t5)
core   0: 3 0x8000b7ba (0x843f2523) mem 0x8000d000 0x00000001
core   0: 0x8000b7be (0x0000bfe5) c.j     pc - 8
core   0: 3 0x8000b7be (0xbfe5)
core   0: 0x8000b7b6 (0x00002f17) auipc   t5, 0x2
core   0: 3 0x8000b7b6 (0x00002f17) x30 0x8000d7b6
core   0: 0x8000b7ba (0x843f2523) sw      gp, -1974(t5)
core   0: 3 0x8000b7ba (0x843f2523) mem 0x8000d000 0x00000001
core   0: 0x8000b7be (0x0000bfe5) c.j     pc - 8
core   0: 3 0x8000b7be (0xbfe5)
core   0: 0x8000b7b6 (0x00002f17) auipc   t5, 0x2
core   0: 3 0x8000b7b6 (0x00002f17) x30 0x8000d7b6
core   0: 0x8000b7ba (0x843f2523) sw      gp, -1974(t5)
core   0: 3 0x8000b7ba (0x843f2523) mem 0x8000d000 0x00000001
core   0: 0x8000b7be (0x0000bfe5) c.j     pc - 8
core   0: 3 0x8000b7be (0xbfe5)
core   0: 0x8000b7b6 (0x00002f17) auipc   t5, 0x2
core   0: 3 0x8000b7b6 (0x00002f17) x30 0x8000d7b6
core   0: 0x8000b7ba (0x843f2523) sw      gp, -1974(t5)
core   0: 3 0x8000b7ba (0x843f2523) mem 0x8000d000 0x00000001
