core   0: 0x00001000 (0x00000297) auipc   t0, 0x0
core   0: 3 0x00001000 (0x00000297) x 5 0x00001000
core   0: 0x00001004 (0x02028593) addi    a1, t0, 32
core   0: 3 0x00001004 (0x02028593) x11 0x00001020
core   0: 0x00001008 (0xf1402573) csrr    a0, mhartid
core   0: 3 0x00001008 (0xf1402573) x10 0x00000000
core   0: 0x0000100c (0x0182a283) lw      t0, 24(t0)
core   0: 3 0x0000100c (0x0182a283) x 5 0x80000000 mem 0x00001018
core   0: 0x00001010 (0x00028067) jr      t0
core   0: 3 0x00001010 (0x00028067)
core   0: 0x80000000 (0xf14022f3) csrr    t0, mhartid
core   0: 3 0x80000000 (0xf14022f3) x 5 0x00000000
core   0: 0x80000004 (0x00004301) c.li    t1, 0
core   0: 3 0x80000004 (0x4301) x 6 0x00000000
core   0: 0x80000006 (0x00628263) beq     t0, t1, pc + 4
core   0: 3 0x80000006 (0x00628263)
core   0: 0x8000000a (0x00000997) auipc   s3, 0x0
core   0: 3 0x8000000a (0x00000997) x19 0x8000000a
core   0: 0x8000000e (0x00c98993) addi    s3, s3, 12
core   0: 3 0x8000000e (0x00c98993) x19 0x80000016
core   0: 0x80000012 (0x00098067) jr      s3
core   0: 3 0x80000012 (0x00098067)
core   0: 0x80000016 (0x40001f37) lui     t5, 0x40001
core   0: 3 0x80000016 (0x40001f37) x30 0x40001000
core   0: 0x8000001a (0x104f0f13) addi    t5, t5, 260
core   0: 3 0x8000001a (0x104f0f13) x30 0x40001104
core   0: 0x8000001e (0x301f1073) csrw    misa, t5
core   0: 3 0x8000001e (0x301f1073) c769_misa 0x40141104
core   0: 0x80000022 (0x0002ad97) auipc   s11, 0x2a
core   0: 3 0x80000022 (0x0002ad97) x27 0x8002a022
core   0: 0x80000026 (0xcc2d8d93) addi    s11, s11, -830
core   0: 3 0x80000026 (0xcc2d8d93) x27 0x80029ce4
core   0: 0x8000002a (0x00010f17) auipc   t5, 0x10
core   0: 3 0x8000002a (0x00010f17) x30 0x8001002a
core   0: 0x8000002e (0xa06f0f13) addi    t5, t5, -1530
core   0: 3 0x8000002e (0xa06f0f13) x30 0x8000fa30
core   0: 0x80000032 (0x001f6f13) ori     t5, t5, 1
core   0: 3 0x80000032 (0x001f6f13) x30 0x8000fa31
core   0: 0x80000036 (0x305f1073) csrw    mtvec, t5
core   0: 3 0x80000036 (0x305f1073) c773_mtvec 0x8000fa31
core   0: 0x8000003a (0x00000f17) auipc   t5, 0x0
core   0: 3 0x8000003a (0x00000f17) x30 0x8000003a
core   0: 0x8000003e (0x024f0f13) addi    t5, t5, 36
core   0: 3 0x8000003e (0x024f0f13) x30 0x8000005e
core   0: 0x80000042 (0x341f1073) csrw    mepc, t5
core   0: 3 0x80000042 (0x341f1073) c833_mepc 0x8000005e
core   0: 0x80000046 (0x00000001) c.nop
core   0: 3 0x80000046 (0x0001)
core   0: 0x80000048 (0x00002f37) lui     t5, 0x2
core   0: 3 0x80000048 (0x00002f37) x30 0x00002000
core   0: 0x8000004c (0x800f0f13) addi    t5, t5, -2048
core   0: 3 0x8000004c (0x800f0f13) x30 0x00001800
core   0: 0x80000050 (0x300f1073) csrw    mstatus, t5
core   0: 3 0x80000050 (0x300f1073) c768_mstatus 0x00001800
core   0: 0x80000054 (0x00004f01) c.li    t5, 0
core   0: 3 0x80000054 (0x4f01) x30 0x00000000
core   0: 0x80000056 (0x304f1073) csrw    mie, t5
core   0: 3 0x80000056 (0x304f1073) c772_mie 0x00000000
core   0: 0x8000005a (0x30200073) mret
core   0: 3 0x8000005a (0x30200073) c768_mstatus 0x00000080
core   0: >>>>  init
core   0: 0x8000005e (0x00000013) nop
core   0: 3 0x8000005e (0x00000013)
core   0: 0x80000062 (0x800000b7) lui     ra, 0x80000
core   0: 3 0x80000062 (0x800000b7) x 1 0x80000000
core   0: 0x80000066 (0xf9762137) lui     sp, 0xf9762
core   0: 3 0x80000066 (0xf9762137) x 2 0xf9762000
core   0: 0x8000006a (0x07210113) addi    sp, sp, 114
core   0: 3 0x8000006a (0x07210113) x 2 0xf9762072
core   0: 0x8000006e (0x00004181) c.li    gp, 0
core   0: 3 0x8000006e (0x4181) x 3 0x00000000
core   0: 0x80000070 (0x80000237) lui     tp, 0x80000
core   0: 3 0x80000070 (0x80000237) x 4 0x80000000
core   0: 0x80000074 (0x006c92b7) lui     t0, 0x6c9
core   0: 3 0x80000074 (0x006c92b7) x 5 0x006c9000
core   0: 0x80000078 (0xf0028293) addi    t0, t0, -256
core   0: 3 0x80000078 (0xf0028293) x 5 0x006c8f00
core   0: 0x8000007c (0x80000337) lui     t1, 0x80000
core   0: 3 0x8000007c (0x80000337) x 6 0x80000000
core   0: 0x80000080 (0x000043ad) c.li    t2, 11
core   0: 3 0x80000080 (0x43ad) x 7 0x0000000b
core   0: 0x80000082 (0x00004439) c.li    s0, 14
core   0: 3 0x80000082 (0x4439) x 8 0x0000000e
core   0: 0x80000084 (0x00004495) c.li    s1, 5
core   0: 3 0x80000084 (0x4495) x 9 0x00000005
core   0: 0x80000086 (0x00004535) c.li    a0, 13
core   0: 3 0x80000086 (0x4535) x10 0x0000000d
core   0: 0x80000088 (0xfcad85b7) lui     a1, 0xfcad8
core   0: 3 0x80000088 (0xfcad85b7) x11 0xfcad8000
core   0: 0x8000008c (0x1f958593) addi    a1, a1, 505
core   0: 3 0x8000008c (0x1f958593) x11 0xfcad81f9
core   0: 0x80000090 (0x00004601) c.li    a2, 0
core   0: 3 0x80000090 (0x4601) x12 0x00000000
core   0: 0x80000092 (0x584a26b7) lui     a3, 0x584a2
core   0: 3 0x80000092 (0x584a26b7) x13 0x584a2000
core   0: 0x80000096 (0x5c068693) addi    a3, a3, 1472
core   0: 3 0x80000096 (0x5c068693) x13 0x584a25c0
core   0: 0x8000009a (0x00004739) c.li    a4, 14
core   0: 3 0x8000009a (0x4739) x14 0x0000000e
core   0: 0x8000009c (0x800007b7) lui     a5, 0x80000
core   0: 3 0x8000009c (0x800007b7) x15 0x80000000
core   0: 0x800000a0 (0x00004821) c.li    a6, 8
core   0: 3 0x800000a0 (0x4821) x16 0x00000008
core   0: 0x800000a2 (0x800008b7) lui     a7, 0x80000
core   0: 3 0x800000a2 (0x800008b7) x17 0x80000000
core   0: 0x800000a6 (0x7ac3e937) lui     s2, 0x7ac3e
core   0: 3 0x800000a6 (0x7ac3e937) x18 0x7ac3e000
core   0: 0x800000aa (0x60590913) addi    s2, s2, 1541
core   0: 3 0x800000aa (0x60590913) x18 0x7ac3e605
core   0: 0x800000ae (0x000049a1) c.li    s3, 8
core   0: 3 0x800000ae (0x49a1) x19 0x00000008
core   0: 0x800000b0 (0xae26ea37) lui     s4, 0xae26e
core   0: 3 0x800000b0 (0xae26ea37) x20 0xae26e000
core   0: 0x800000b4 (0xe6ca0a13) addi    s4, s4, -404
core   0: 3 0x800000b4 (0xe6ca0a13) x20 0xae26de6c
core   0: 0x800000b8 (0x66838ab7) lui     s5, 0x66838
core   0: 3 0x800000b8 (0x66838ab7) x21 0x66838000
core   0: 0x800000bc (0x7dda8a93) addi    s5, s5, 2013
core   0: 3 0x800000bc (0x7dda8a93) x21 0x668387dd
core   0: 0x800000c0 (0x48171bb7) lui     s7, 0x48171
core   0: 3 0x800000c0 (0x48171bb7) x23 0x48171000
core   0: 0x800000c4 (0xfa0b8b93) addi    s7, s7, -96
core   0: 3 0x800000c4 (0xfa0b8b93) x23 0x48170fa0
core   0: 0x800000c8 (0x00004c01) c.li    s8, 0
core   0: 3 0x800000c8 (0x4c01) x24 0x00000000
core   0: 0x800000ca (0xf4be8cb7) lui     s9, 0xf4be8
core   0: 3 0x800000ca (0xf4be8cb7) x25 0xf4be8000
core   0: 0x800000ce (0x869c8c93) addi    s9, s9, -1943
core   0: 3 0x800000ce (0x869c8c93) x25 0xf4be7869
core   0: 0x800000d2 (0xa2b09d37) lui     s10, 0xa2b09
core   0: 3 0x800000d2 (0xa2b09d37) x26 0xa2b09000
core   0: 0x800000d6 (0x455d0d13) addi    s10, s10, 1109
core   0: 3 0x800000d6 (0x455d0d13) x26 0xa2b09455
core   0: 0x800000da (0x00004e01) c.li    t3, 0
core   0: 3 0x800000da (0x4e01) x28 0x00000000
core   0: 0x800000dc (0xf4030eb7) lui     t4, 0xf4030
core   0: 3 0x800000dc (0xf4030eb7) x29 0xf4030000
core   0: 0x800000e0 (0x2c8e8e93) addi    t4, t4, 712
core   0: 3 0x800000e0 (0x2c8e8e93) x29 0xf40302c8
core   0: 0x800000e4 (0x00004f01) c.li    t5, 0
core   0: 3 0x800000e4 (0x4f01) x30 0x00000000
core   0: 0x800000e6 (0x5f6c4fb7) lui     t6, 0x5f6c4
core   0: 3 0x800000e6 (0x5f6c4fb7) x31 0x5f6c4000
core   0: 0x800000ea (0x9cef8f93) addi    t6, t6, -1586
core   0: 3 0x800000ea (0x9cef8f93) x31 0x5f6c39ce
core   0: 0x800000ee (0x00026b17) auipc   s6, 0x26
core   0: 3 0x800000ee (0x00026b17) x22 0x800260ee
core   0: 0x800000f2 (0xd76b0b13) addi    s6, s6, -650
core   0: 3 0x800000f2 (0xd76b0b13) x22 0x80025e64
core   0: 0x800000f6 (0x00011117) auipc   sp, 0x11
core   0: 3 0x800000f6 (0x00011117) x 2 0x800110f6
core   0: 0x800000fa (0x98710113) addi    sp, sp, -1657
core   0: 3 0x800000fa (0x98710113) x 2 0x80010a7d
core   0: 0x800000fe (0xb8710623) sb      t2, -1140(sp)
core   0: 3 0x800000fe (0xb8710623) mem 0x80010609 0xb
core   0: 0x80000102 (0xb3711183) lh      gp, -1225(sp)
core   0: 3 0x80000102 (0xb3711183) x 3 0x00006e6f mem 0x800105b4
core   0: 0x80000106 (0x00006bf1) c.lui   s7, 0x1c
core   0: 3 0x80000106 (0x6bf1) x23 0x0001c000
core   0: 0x80000108 (0xb3a11ba3) sh      s10, -1225(sp)
core   0: 3 0x80000108 (0xb3a11ba3) mem 0x800105b4 0x9455
core   0: 0x8000010c (0x33bd3b93) sltiu   s7, s10, 827
core   0: 3 0x8000010c (0x33bd3b93) x23 0x00000000
core   0: 0x80000110 (0xb3812ba3) sw      s8, -1225(sp)
core   0: 3 0x80000110 (0xb3812ba3) mem 0x800105b4 0x00000000
core   0: 0x80000114 (0xb3c11ba3) sh      t3, -1225(sp)
core   0: 3 0x80000114 (0xb3c11ba3) mem 0x800105b4 0x0000
core   0: 0x80000118 (0x03706bb3) rem     s7, zero, s7
core   0: 3 0x80000118 (0x03706bb3) x23 0x00000000
core   0: 0x8000011c (0xbe910ea3) sb      s1, -1027(sp)
core   0: 3 0x8000011c (0xbe910ea3) mem 0x8001067a 0x5
core   0: 0x80000120 (0x8a8117a3) sh      s0, -1873(sp)
core   0: 3 0x80000120 (0x8a8117a3) mem 0x8001032c 0x000e
core   0: 0x80000124 (0x9de10e23) sb      t5, -1572(sp)
core   0: 3 0x80000124 (0x9de10e23) mem 0x80010459 0x0
core   0: 0x80000128 (0xf7c118a3) sh      t3, -143(sp)
core   0: 3 0x80000128 (0xf7c118a3) mem 0x800109ee 0x0000
core   0: 0x8000012c (0xadb88e13) addi    t3, a7, -1317
core   0: 3 0x8000012c (0xadb88e13) x28 0x7ffffadb
core   0: 0x80000130 (0x21b11583) lh      a1, 539(sp)
core   0: 3 0x80000130 (0x21b11583) x11 0x00005253 mem 0x80010c98
core   0: 0x80000134 (0xeba118a3) sh      s10, -335(sp)
core   0: 3 0x80000134 (0xeba118a3) mem 0x8001092e 0x9455
core   0: 0x80000138 (0x040003ef) jal     t2, pc + 0x40
core   0: 3 0x80000138 (0x040003ef) x 7 0x8000013c
core   0: 0x80000178 (0x0000a029) c.j     pc + 10
core   0: 3 0x80000178 (0xa029)
core   0: 0x80000182 (0x0000bff1) c.j     pc - 36
core   0: 3 0x80000182 (0xbff1)
core   0: 0x8000015e (0x0000b7f5) c.j     pc - 20
core   0: 3 0x8000015e (0xb7f5)
core   0: 0x8000014a (0xffdff36f) jal     t1, pc - 0x4
core   0: 3 0x8000014a (0xffdff36f) x 6 0x8000014e
core   0: 0x80000146 (0x02a0036f) jal     t1, pc + 0x2a
core   0: 3 0x80000146 (0x02a0036f) x 6 0x8000014a
core   0: 0x80000170 (0x0000a009) c.j     pc + 2
core   0: 3 0x80000170 (0xa009)
core   0: 0x80000172 (0x000037e5) c.jal   pc - 24
core   0: 3 0x80000172 (0x37e5) x 1 0x80000174
core   0: 0x8000015a (0xfe9fff6f) jal     t5, pc - 0x18
core   0: 3 0x8000015a (0xfe9fff6f) x30 0x8000015e
core   0: 0x80000142 (0x00003ffd) c.jal   pc - 2
core   0: 3 0x80000142 (0x3ffd) x 1 0x80000144
core   0: 0x80000140 (0x0000a821) c.j     pc + 24
core   0: 3 0x80000140 (0xa821)
core   0: 0x80000158 (0x0000b7d5) c.j     pc - 28
core   0: 3 0x80000158 (0xb7d5)
core   0: 0x8000013c (0x00002091) c.jal   pc + 68
core   0: 3 0x8000013c (0x2091) x 1 0x8000013e
core   0: 0x80000180 (0x000037d1) c.jal   pc - 60
core   0: 3 0x80000180 (0x37d1) x 1 0x80000182
core   0: 0x80000144 (0x0000a809) c.j     pc + 18
core   0: 3 0x80000144 (0xa809)
core   0: 0x80000156 (0x0000a029) c.j     pc + 10
core   0: 3 0x80000156 (0xa029)
core   0: 0x80000160 (0x0000a831) c.j     pc + 28
core   0: 3 0x80000160 (0xa831)
core   0: 0x8000017c (0x000037e5) c.jal   pc - 24
core   0: 3 0x8000017c (0x37e5) x 1 0x8000017e
core   0: 0x80000164 (0x0160036f) jal     t1, pc + 0x16
core   0: 3 0x80000164 (0x0160036f) x 6 0x80000168
core   0: 0x8000017a (0x0000b7d1) c.j     pc - 60
core   0: 3 0x8000017a (0xb7d1)
core   0: 0x8000013e (0x0000a015) c.j     pc + 36
core   0: 3 0x8000013e (0xa015)
core   0: 0x80000162 (0x00002019) c.jal   pc + 6
core   0: 3 0x80000162 (0x2019) x 1 0x80000164
core   0: 0x80000168 (0x00c001ef) jal     gp, pc + 0xc
core   0: 3 0x80000168 (0x00c001ef) x 3 0x8000016c
core   0: 0x80000174 (0xfdbff36f) jal     t1, pc - 0x26
core   0: 3 0x80000174 (0xfdbff36f) x 6 0x80000178
core   0: 0x8000014e (0x00002009) c.jal   pc + 2
core   0: 3 0x8000014e (0x2009) x 1 0x80000150
core   0: 0x80000150 (0x00002831) c.jal   pc + 28
core   0: 3 0x80000150 (0x2831) x 1 0x80000152
core   0: 0x8000016c (0x012002ef) jal     t0, pc + 0x12
core   0: 3 0x8000016c (0x012002ef) x 5 0x80000170
core   0: 0x8000017e (0x0000bfd1) c.j     pc - 44
core   0: 3 0x8000017e (0xbfd1)
core   0: 0x80000152 (0x032000ef) jal     pc + 0x32
core   0: 3 0x80000152 (0x032000ef) x 1 0x80000156
core   0: 0x80000184 (0x325c7a13) andi    s4, s8, 805
core   0: 3 0x80000184 (0x325c7a13) x20 0x00000000
core   0: 0x80000188 (0x020003ef) jal     t2, pc + 0x20
core   0: 3 0x80000188 (0x020003ef) x 7 0x8000018c
core   0: 0x800001a8 (0x0000bffd) c.j     pc - 2
core   0: 3 0x800001a8 (0xbffd)
core   0: 0x800001a6 (0x00002801) c.jal   pc + 16
core   0: 3 0x800001a6 (0x2801) x 1 0x800001a8
core   0: 0x800001b6 (0xfe7ff0ef) jal     pc - 0x1a
core   0: 3 0x800001b6 (0xfe7ff0ef) x 1 0x800001ba
core   0: 0x8000019c (0x0000bff5) c.j     pc - 4
core   0: 3 0x8000019c (0xbff5)
core   0: 0x80000198 (0x0000200d) c.jal   pc + 34
core   0: 3 0x80000198 (0x200d) x 1 0x8000019a
core   0: 0x800001ba (0x0000bfe9) c.j     pc - 38
core   0: 3 0x800001ba (0xbfe9)
core   0: 0x80000194 (0x00002005) c.jal   pc + 32
core   0: 3 0x80000194 (0x2005) x 1 0x80000196
core   0: 0x800001b4 (0x000037fd) c.jal   pc - 18
core   0: 3 0x800001b4 (0x37fd) x 1 0x800001b6
core   0: 0x800001a2 (0x00c005ef) jal     a1, pc + 0xc
core   0: 3 0x800001a2 (0x00c005ef) x11 0x800001a6
core   0: 0x800001ae (0xfe5ff36f) jal     t1, pc - 0x1c
core   0: 3 0x800001ae (0xfe5ff36f) x 6 0x800001b2
core   0: 0x80000192 (0x0000a02d) c.j     pc + 42
core   0: 3 0x80000192 (0xa02d)
core   0: 0x800001bc (0x0000b7cd) c.j     pc - 30
core   0: 3 0x800001bc (0xb7cd)
core   0: 0x8000019e (0xfefff0ef) jal     pc - 0x12
core   0: 3 0x8000019e (0xfefff0ef) x 1 0x800001a2
core   0: 0x8000018c (0x0000a005) c.j     pc + 32
core   0: 3 0x8000018c (0xa005)
core   0: 0x800001ac (0x00002019) c.jal   pc + 6
core   0: 3 0x800001ac (0x2019) x 1 0x800001ae
core   0: 0x800001b2 (0x00002031) c.jal   pc + 12
core   0: 3 0x800001b2 (0x2031) x 1 0x800001b4
core   0: 0x800001be (0xfd9ff36f) jal     t1, pc - 0x28
core   0: 3 0x800001be (0xfd9ff36f) x 6 0x800001c2
core   0: 0x80000196 (0x0000a811) c.j     pc + 20
core   0: 3 0x80000196 (0xa811)
core   0: 0x800001aa (0x00003fc5) c.jal   pc - 16
core   0: 3 0x800001aa (0x3fc5) x 1 0x800001ac
core   0: 0x8000019a (0x0000bfd5) c.j     pc - 12
core   0: 3 0x8000019a (0xbfd5)
core   0: 0x8000018e (0x034000ef) jal     pc + 0x34
core   0: 3 0x8000018e (0x034000ef) x 1 0x80000192
core   0: 0x800001c2 (0x00008f0d) c.sub   a4, a1
core   0: 3 0x800001c2 (0x8f0d) x14 0x7ffffe68
core   0: 0x800001c4 (0x00010497) auipc   s1, 0x10
core   0: 3 0x800001c4 (0x00010497) x 9 0x800101c4
core   0: 0x800001c8 (0x05148493) addi    s1, s1, 81
core   0: 3 0x800001c8 (0x05148493) x 9 0x80010215
core   0: 0x800001cc (0x0001fd17) auipc   s10, 0x1f
core   0: 3 0x800001cc (0x0001fd17) x26 0x8001f1cc
core   0: 0x800001d0 (0x008d0d13) addi    s10, s10, 8
core   0: 3 0x800001d0 (0x008d0d13) x26 0x8001f1d4
core   0: 0x800001d4 (0xf5d485a3) sb      t4, -181(s1)
core   0: 3 0x800001d4 (0xf5d485a3) mem 0x80010160 0xc8
core   0: 0x800001d8 (0x0c648703) lb      a4, 198(s1)
core   0: 3 0x800001d8 (0x0c648703) x14 0xffffff90 mem 0x800102db
core   0: 0x800001dc (0x02cd5903) lhu     s2, 44(s10)
core   0: 3 0x800001dc (0x02cd5903) x18 0x0000babb mem 0x8001f200
core   0: 0x800001e0 (0xfead1c23) sh      a0, -8(s10)
core   0: 3 0x800001e0 (0xfead1c23) mem 0x8001f1cc 0x000d
core   0: 0x800001e4 (0xf994c883) lbu     a7, -103(s1)
core   0: 3 0x800001e4 (0xf994c883) x17 0x00000065 mem 0x800101ae
core   0: 0x800001e8 (0x09a48423) sb      s10, 136(s1)
core   0: 3 0x800001e8 (0x09a48423) mem 0x8001029d 0xd4
core   0: 0x800001ec (0xfd9d00a3) sb      s9, -63(s10)
core   0: 3 0x800001ec (0xfd9d00a3) mem 0x8001f195 0x69
core   0: 0x800001f0 (0xfc8d08a3) sb      s0, -47(s10)
core   0: 3 0x800001f0 (0xfc8d08a3) mem 0x8001f1a5 0xe
core   0: 0x800001f4 (0xfd2d0c83) lb      s9, -46(s10)
core   0: 3 0x800001f4 (0xfd2d0c83) x25 0x0000005d mem 0x8001f1a6
core   0: 0x800001f8 (0x0d648a03) lb      s4, 214(s1)
core   0: 3 0x800001f8 (0x0d648a03) x20 0xffffffa0 mem 0x800102eb
core   0: 0x800001fc (0xfcf4a703) lw      a4, -49(s1)
core   0: 3 0x800001fc (0xfcf4a703) x14 0x9c9d9e9f mem 0x800101e4
core   0: 0x80000200 (0xfccd2623) sw      a2, -52(s10)
core   0: 3 0x80000200 (0xfccd2623) mem 0x8001f1a0 0x00000000
core   0: 0x80000204 (0x00010117) auipc   sp, 0x10
core   0: 3 0x80000204 (0x00010117) x 2 0x80010204
core   0: 0x80000208 (0x28110113) addi    sp, sp, 641
core   0: 3 0x80000208 (0x28110113) x 2 0x80010485
core   0: 0x8000020c (0x00008095) c.srli  s1, 5
core   0: 3 0x8000020c (0x8095) x 9 0x04000810
core   0: 0x8000020e (0x00008d0d) c.sub   a0, a1
core   0: 3 0x8000020e (0x8d0d) x10 0x7ffffe67
core   0: 0x80000210 (0x52610283) lb      t0, 1318(sp)
core   0: 3 0x80000210 (0x52610283) x 5 0x00000060 mem 0x800109ab
core   0: 0x80000214 (0x03370a33) mul     s4, a4, s3
core   0: 3 0x80000214 (0x03370a33) x20 0xe4ecf4f8
core   0: 0x80000218 (0x01c31c33) sll     s8, t1, t3
core   0: 3 0x80000218 (0x01c31c33) x24 0x10000000
core   0: 0x8000021c (0x71f15f83) lhu     t6, 1823(sp)
core   0: 3 0x8000021c (0x71f15f83) x31 0x00005e5f mem 0x80010ba4
core   0: 0x80000220 (0x000080b6) c.mv    ra, a3
core   0: 3 0x80000220 (0x80b6) x 1 0x584a25c0
core   0: 0x80000222 (0x98e68213) addi    tp, a3, -1650
core   0: 3 0x80000222 (0x98e68213) x 4 0x584a1f4e
core   0: 0x80000226 (0xcec10ba3) sb      a2, -777(sp)
core   0: 3 0x80000226 (0xcec10ba3) mem 0x8001017c 0x0
core   0: 0x8000022a (0x6d810603) lb      a2, 1752(sp)
core   0: 3 0x8000022a (0x6d810603) x12 0x00000016 mem 0x80010b5d
core   0: 0x8000022e (0x69111e83) lh      t4, 1681(sp)
core   0: 3 0x8000022e (0x69111e83) x29 0xffffcccd mem 0x80010b16
core   0: 0x80000232 (0xe8586d17) auipc   s10, 0xe8586
core   0: 3 0x80000232 (0xe8586d17) x26 0x68586232
core   0: 0x80000236 (0x77410183) lb      gp, 1908(sp)
core   0: 3 0x80000236 (0x77410183) x 3 0xffffffb2 mem 0x80010bf9
core   0: 0x8000023a (0x69d10483) lb      s1, 1693(sp)
core   0: 3 0x8000023a (0x69d10483) x 9 0xffffffd9 mem 0x80010b22
core   0: 0x8000023e (0x4fe14c83) lbu     s9, 1278(sp)
core   0: 3 0x8000023e (0x4fe14c83) x25 0x00000038 mem 0x80010983
core   0: 0x80000242 (0x2b910223) sb      s9, 676(sp)
core   0: 3 0x80000242 (0x2b910223) mem 0x80010729 0x38
core   0: 0x80000246 (0x75010523) sb      a6, 1866(sp)
core   0: 3 0x80000246 (0x75010523) mem 0x80010bcf 0x8
core   0: 0x8000024a (0xe0810883) lb      a7, -504(sp)
core   0: 3 0x8000024a (0xe0810883) x17 0x00000046 mem 0x8001028d
core   0: 0x8000024e (0xd5911d03) lh      s10, -679(sp)
core   0: 3 0x8000024e (0xd5911d03) x26 0xffff9495 mem 0x800101de
core   0: 0x80000252 (0xfd610023) sb      s6, -64(sp)
core   0: 3 0x80000252 (0xfd610023) mem 0x80010445 0x64
core   0: 0x80000256 (0x72d15f83) lhu     t6, 1837(sp)
core   0: 3 0x80000256 (0x72d15f83) x31 0x00006869 mem 0x80010bb2
core   0: 0x8000025a (0xbce67c93) andi    s9, a2, -1074
core   0: 3 0x8000025a (0xbce67c93) x25 0x00000006
core   0: 0x8000025e (0x50610c23) sb      t1, 1304(sp)
core   0: 3 0x8000025e (0x50610c23) mem 0x8001099d 0xc2
core   0: 0x80000262 (0x33311403) lh      s0, 819(sp)
core   0: 3 0x80000262 (0x33311403) x 8 0x00007273 mem 0x800107b8
core   0: 0x80000266 (0xeff10ba3) sb      t6, -265(sp)
core   0: 3 0x80000266 (0xeff10ba3) mem 0x8001037c 0x69
core   0: 0x8000026a (0x75810c83) lb      s9, 1880(sp)
core   0: 3 0x8000026a (0x75810c83) x25 0xffffff96 mem 0x80010bdd
core   0: 0x8000026e (0x4e810183) lb      gp, 1256(sp)
core   0: 3 0x8000026e (0x4e810183) x 3 0x00000026 mem 0x8001096d
core   0: 0x80000272 (0xc0312e83) lw      t4, -1021(sp)
core   0: 3 0x80000272 (0xc0312e83) x29 0x40414243 mem 0x80010088
core   0: 0x80000276 (0x000050fd) c.li    ra, -1
core   0: 3 0x80000276 (0x50fd) x 1 0xffffffff
core   0: 0x80000278 (0x12f10223) sb      a5, 292(sp)
core   0: 3 0x80000278 (0x12f10223) mem 0x800105a9 0x0
core   0: 0x8000027c (0x4092d7b3) sra     a5, t0, s1
core   0: 3 0x8000027c (0x4092d7b3) x15 0x00000000
core   0: 0x80000280 (0x25110203) lb      tp, 593(sp)
core   0: 3 0x80000280 (0x25110203) x 4 0xffffff8d mem 0x800106d6
core   0: 0x80000284 (0x6fe10a03) lb      s4, 1790(sp)
core   0: 3 0x80000284 (0x6fe10a03) x20 0x00000038 mem 0x80010b83
core   0: 0x80000288 (0x6b3106a3) sb      s3, 1709(sp)
core   0: 3 0x80000288 (0x6b3106a3) mem 0x80010b32 0x8
core   0: 0x8000028c (0x31d11683) lh      a3, 797(sp)
core   0: 3 0x8000028c (0x31d11683) x13 0x00005859 mem 0x800107a2
core   0: 0x80000290 (0xc3010723) sb      a6, -978(sp)
core   0: 3 0x80000290 (0xc3010723) mem 0x800100b3 0x8
core   0: 0x80000294 (0x00e222b3) slt     t0, tp, a4
core   0: 3 0x80000294 (0x00e222b3) x 5 0x00000000
core   0: 0x80000298 (0x36014603) lbu     a2, 864(sp)
core   0: 3 0x80000298 (0x36014603) x12 0x0000009e mem 0x800107e5
core   0: 0x8000029c (0x24d2e597) auipc   a1, 0x24d2e
core   0: 3 0x8000029c (0x24d2e597) x11 0xa4d2e29c
core   0: 0x800002a0 (0x0225b833) mulhu   a6, a1, sp
core   0: 3 0x800002a0 (0x0225b833) x16 0x526a1909
core   0: 0x800002a4 (0x2ea10c23) sb      a0, 760(sp)
core   0: 3 0x800002a4 (0x2ea10c23) mem 0x8001077d 0x67
core   0: 0x800002a8 (0xdaf14503) lbu     a0, -593(sp)
core   0: 3 0x800002a8 (0xdaf14503) x10 0x000000ef mem 0x80010234
core   0: 0x800002ac (0x012003ef) jal     t2, pc + 0x12
core   0: 3 0x800002ac (0x012003ef) x 7 0x800002b0
core   0: 0x800002be (0x0000bfed) c.j     pc - 6
core   0: 3 0x800002be (0xbfed)
core   0: 0x800002b8 (0x0000bffd) c.j     pc - 2
core   0: 3 0x800002b8 (0xbffd)
core   0: 0x800002b6 (0x0000a031) c.j     pc + 12
core   0: 3 0x800002b6 (0xa031)
core   0: 0x800002c2 (0x0000bfcd) c.j     pc - 14
core   0: 3 0x800002c2 (0xbfcd)
core   0: 0x800002b4 (0x00002031) c.jal   pc + 12
core   0: 3 0x800002b4 (0x2031) x 1 0x800002b6
core   0: 0x800002c0 (0x00003fc5) c.jal   pc - 16
core   0: 3 0x800002c0 (0x3fc5) x 1 0x800002c2
core   0: 0x800002b0 (0x018000ef) jal     pc + 0x18
core   0: 3 0x800002b0 (0x018000ef) x 1 0x800002b4
core   0: 0x800002c8 (0x00003fcd) c.jal   pc - 14
core   0: 3 0x800002c8 (0x3fcd) x 1 0x800002ca
core   0: 0x800002ba (0x00a000ef) jal     pc + 0xa
core   0: 3 0x800002ba (0x00a000ef) x 1 0x800002be
core   0: 0x800002c4 (0x0060036f) jal     t1, pc + 0x6
core   0: 3 0x800002c4 (0x0060036f) x 6 0x800002c8
core   0: 0x800002ca (0x00002009) c.jal   pc + 2
core   0: 3 0x800002ca (0x2009) x 1 0x800002cc
core   0: 0x800002cc (0x000068e1) c.lui   a7, 0x18
core   0: 3 0x800002cc (0x68e1) x17 0x00018000
core   0: 0x800002ce (0x00010117) auipc   sp, 0x10
core   0: 3 0x800002ce (0x00010117) x 2 0x800102ce
core   0: 0x800002d2 (0x52710113) addi    sp, sp, 1319
core   0: 3 0x800002d2 (0x52710113) x 2 0x800107f5
core   0: 0x800002d6 (0x21414f03) lbu     t5, 532(sp)
core   0: 3 0x800002d6 (0x21414f03) x30 0x000000c2 mem 0x80010a09
core   0: 0x800002da (0x007d55b3) srl     a1, s10, t2
core   0: 3 0x800002da (0x007d55b3) x11 0x0000ffff
core   0: 0x800002de (0x6fb10783) lb      a5, 1787(sp)
core   0: 3 0x800002de (0x6fb10783) x15 0xffffffab mem 0x80010ef0
core   0: 0x800002e2 (0x33014383) lbu     t2, 816(sp)
core   0: 3 0x800002e2 (0x33014383) x 7 0x000000de mem 0x80010b25
core   0: 0x800002e6 (0x0b911583) lh      a1, 185(sp)
core   0: 3 0x800002e6 (0x0b911583) x11 0x00006465 mem 0x800108ae
core   0: 0x800002ea (0xc7e10f23) sb      t5, -898(sp)
core   0: 3 0x800002ea (0xc7e10f23) mem 0x80010473 0xc2
core   0: 0x800002ee (0x1fb11d03) lh      s10, 507(sp)
core   0: 3 0x800002ee (0x1fb11d03) x26 0xffffaaab mem 0x800109f0
core   0: 0x800002f2 (0x2b014f03) lbu     t5, 688(sp)
core   0: 3 0x800002f2 (0x2b014f03) x30 0x0000005e mem 0x80010aa5
core   0: 0x800002f6 (0x00755d33) srl     s10, a0, t2
core   0: 3 0x800002f6 (0x00755d33) x26 0x00000000
core   0: 0x800002fa (0x94a10523) sb      a0, -1718(sp)
core   0: 3 0x800002fa (0x94a10523) mem 0x8001013f 0xef
core   0: 0x800002fe (0x000093aa) c.add   t2, a0
core   0: 3 0x800002fe (0x93aa) x 7 0x000001cd
core   0: 0x80000300 (0x1da10c23) sb      s10, 472(sp)
core   0: 3 0x80000300 (0x1da10c23) mem 0x800109cd 0x0
core   0: 0x80000304 (0x8fa10f23) sb      s10, -1794(sp)
core   0: 3 0x80000304 (0x8fa10f23) mem 0x800100f3 0x0
core   0: 0x80000308 (0xba315583) lhu     a1, -1117(sp)
core   0: 3 0x80000308 (0xba315583) x11 0x00005253 mem 0x80010398
core   0: 0x8000030c (0x42a113a3) sh      a0, 1063(sp)
core   0: 3 0x8000030c (0x42a113a3) mem 0x80010c1c 0x00ef
core   0: 0x80000310 (0x44114503) lbu     a0, 1089(sp)
core   0: 3 0x80000310 (0x44114503) x10 0x000000ed mem 0x80010c36
core   0: 0x80000314 (0x00b12383) lw      t2, 11(sp)
core   0: 3 0x80000314 (0x00b12383) x 7 0xb8b9babb mem 0x80010800
core   0: 0x80000318 (0x21a10a23) sb      s10, 532(sp)
core   0: 3 0x80000318 (0x21a10a23) mem 0x80010a09 0x0
core   0: 0x8000031c (0x1ba14583) lbu     a1, 442(sp)
core   0: 3 0x8000031c (0x1ba14583) x11 0x00000064 mem 0x800109af
core   0: 0x80000320 (0x000081a9) c.srli  a1, 10
core   0: 3 0x80000320 (0x81a9) x11 0x00000000
core   0: 0x80000322 (0xcae14503) lbu     a0, -850(sp)
core   0: 3 0x80000322 (0xcae14503) x10 0x00000058 mem 0x800104a3
core   0: 0x80000326 (0x00009d7a) c.add   s10, t5
core   0: 3 0x80000326 (0x9d7a) x26 0x0000005e
core   0: 0x80000328 (0x22b10523) sb      a1, 554(sp)
core   0: 3 0x80000328 (0x22b10523) mem 0x80010a1f 0x0
core   0: 0x8000032c (0x00010583) lb      a1, 0(sp)
core   0: 3 0x8000032c (0x00010583) x11 0xffffffae mem 0x800107f5
core   0: 0x80000330 (0x00006d31) c.lui   s10, 0xc
core   0: 3 0x80000330 (0x6d31) x26 0x0000c000
core   0: 0x80000332 (0x00c5d513) srli    a0, a1, 12
core   0: 3 0x80000332 (0x00c5d513) x10 0x000fffff
core   0: 0x80000336 (0x00659513) slli    a0, a1, 6
core   0: 3 0x80000336 (0x00659513) x10 0xffffeb80
core   0: 0x8000033a (0xfb315d03) lhu     s10, -77(sp)
core   0: 3 0x8000033a (0xfb315d03) x26 0x00006263 mem 0x800107a8
core   0: 0x8000033e (0x24f100a3) sb      a5, 577(sp)
core   0: 3 0x8000033e (0x24f100a3) mem 0x80010a36 0xab
core   0: 0x80000342 (0x96a10423) sb      a0, -1688(sp)
core   0: 3 0x80000342 (0x96a10423) mem 0x8001015d 0x80
core   0: 0x80000346 (0x78610383) lb      t2, 1926(sp)
core   0: 3 0x80000346 (0x78610383) x 7 0x00000030 mem 0x80010f7b
core   0: 0x8000034a (0x0000100f) fence.i
core   0: 3 0x8000034a (0x0000100f)
core   0: 0x8000034e (0x000007f9) c.addi  a5, 30
core   0: 3 0x8000034e (0x07f9) x15 0xffffffc9
core   0: 0x80000350 (0x46314383) lbu     t2, 1123(sp)
core   0: 3 0x80000350 (0x46314383) x 7 0x00000013 mem 0x80010c58
core   0: 0x80000354 (0xa0f129a3) sw      a5, -1517(sp)
core   0: 3 0x80000354 (0xa0f129a3) mem 0x80010208 0xffffffc9
core   0: 0x80000358 (0x03e39f33) mulh    t5, t2, t5
core   0: 3 0x80000358 (0x03e39f33) x30 0x00000000
core   0: 0x8000035c (0x00f3ed33) or      s10, t2, a5
core   0: 3 0x8000035c (0x00f3ed33) x26 0xffffffdb
core   0: 0x80000360 (0x549d0f13) addi    t5, s10, 1353
core   0: 3 0x80000360 (0x549d0f13) x30 0x00000524
core   0: 0x80000364 (0x00000001) c.nop
core   0: 3 0x80000364 (0x0001)
core   0: 0x80000366 (0x027507b3) mul     a5, a0, t2
core   0: 3 0x80000366 (0x027507b3) x15 0xfffe7a80
core   0: 0x8000036a (0x02f55f33) divu    t5, a0, a5
core   0: 3 0x8000036a (0x02f55f33) x30 0x00000001
core   0: 0x8000036e (0xf9c14f03) lbu     t5, -100(sp)
core   0: 3 0x8000036e (0xf9c14f03) x30 0x0000004a mem 0x80010791
core   0: 0x80000372 (0x9a714383) lbu     t2, -1625(sp)
core   0: 3 0x80000372 (0x9a714383) x 7 0x00000057 mem 0x8001019c
core   0: 0x80000376 (0x40bf5f33) sra     t5, t5, a1
core   0: 3 0x80000376 (0x40bf5f33) x30 0x00000000
core   0: 0x8000037a (0x37814d03) lbu     s10, 888(sp)
core   0: 3 0x8000037a (0x37814d03) x26 0x00000026 mem 0x80010b6d
core   0: 0x8000037e (0x00008d3d) c.xor   a0, a5
core   0: 3 0x8000037e (0x8d3d) x10 0x00019100
core   0: 0x80000380 (0xb1715583) lhu     a1, -1257(sp)
core   0: 3 0x80000380 (0xb1715583) x11 0x0000c6c7 mem 0x8001030c
core   0: 0x80000384 (0x000007c9) c.addi  a5, 18
core   0: 3 0x80000384 (0x07c9) x15 0xfffe7a92
core   0: 0x80000386 (0xd2b10da3) sb      a1, -709(sp)
core   0: 3 0x80000386 (0xd2b10da3) mem 0x80010530 0xc7
core   0: 0x8000038a (0x0001bd17) auipc   s10, 0x1b
core   0: 3 0x8000038a (0x0001bd17) x26 0x8001b38a
core   0: 0x8000038e (0x22fd0d13) addi    s10, s10, 559
core   0: 3 0x8000038e (0x22fd0d13) x26 0x8001b5b9
core   0: 0x80000392 (0x885d0e23) sb      t0, -1892(s10)
core   0: 3 0x80000392 (0x885d0e23) mem 0x8001ae55 0x0
core   0: 0x80000396 (0x59bd5583) lhu     a1, 1435(s10)
core   0: 3 0x80000396 (0x59bd5583) x11 0x00000e0f mem 0x8001bb54
core   0: 0x8000039a (0x59bd4183) lbu     gp, 1435(s10)
core   0: 3 0x8000039a (0x59bd4183) x 3 0x0000000f mem 0x8001bb54
core   0: 0x8000039e (0x59ad0da3) sb      s10, 1435(s10)
core   0: 3 0x8000039e (0x59ad0da3) mem 0x8001bb54 0xb9
core   0: 0x800003a2 (0xa44d4103) lbu     sp, -1468(s10)
core   0: 3 0x800003a2 (0xa44d4103) x 2 0x000000b6 mem 0x8001affd
core   0: 0x800003a6 (0xa4ad0223) sb      a0, -1468(s10)
core   0: 3 0x800003a6 (0xa4ad0223) mem 0x8001affd 0x0
core   0: 0x800003aa (0xa5ad0223) sb      s10, -1468(s10)
core   0: 3 0x800003aa (0xa5ad0223) mem 0x8001affd 0xb9
core   0: 0x800003ae (0xa4cd0223) sb      a2, -1468(s10)
core   0: 3 0x800003ae (0xa4cd0223) mem 0x8001affd 0x9e
core   0: 0x800003b2 (0xa44d0e03) lb      t3, -1468(s10)
core   0: 3 0x800003b2 (0xa44d0e03) x28 0xffffff9e mem 0x8001affd
core   0: 0x800003b6 (0xa44d4e83) lbu     t4, -1468(s10)
core   0: 3 0x800003b6 (0xa44d4e83) x29 0x0000009e mem 0x8001affd
core   0: 0x800003ba (0xa44d4303) lbu     t1, -1468(s10)
core   0: 3 0x800003ba (0xa44d4303) x 6 0x0000009e mem 0x8001affd
core   0: 0x800003be (0xa44d4a83) lbu     s5, -1468(s10)
core   0: 3 0x800003be (0xa44d4a83) x21 0x0000009e mem 0x8001affd
core   0: 0x800003c2 (0x002d1513) slli    a0, s10, 2
core   0: 3 0x800003c2 (0x002d1513) x10 0x0006d6e4
core   0: 0x800003c6 (0xa52d0223) sb      s2, -1468(s10)
core   0: 3 0x800003c6 (0xa52d0223) mem 0x8001affd 0xbb
core   0: 0x800003ca (0xa55d0223) sb      s5, -1468(s10)
core   0: 3 0x800003ca (0xa55d0223) mem 0x8001affd 0x9e
core   0: 0x800003ce (0x01e003ef) jal     t2, pc + 0x1e
core   0: 3 0x800003ce (0x01e003ef) x 7 0x800003d2
core   0: 0x800003ec (0x01a000ef) jal     pc + 0x1a
core   0: 3 0x800003ec (0x01a000ef) x 1 0x800003f0
core   0: 0x80000406 (0x0000bfcd) c.j     pc - 14
core   0: 3 0x80000406 (0xbfcd)
core   0: 0x800003f8 (0xfe1ff36f) jal     t1, pc - 0x20
core   0: 3 0x800003f8 (0xfe1ff36f) x 6 0x800003fc
core   0: 0x800003d8 (0x01e00e6f) jal     t3, pc + 0x1e
core   0: 3 0x800003d8 (0x01e00e6f) x28 0x800003dc
core   0: 0x800003f6 (0x00002811) c.jal   pc + 20
core   0: 3 0x800003f6 (0x2811) x 1 0x800003f8
core   0: 0x8000040a (0x00003fd1) c.jal   pc - 44
core   0: 3 0x8000040a (0x3fd1) x 1 0x8000040c
core   0: 0x800003de (0x0000a01d) c.j     pc + 38
core   0: 3 0x800003de (0xa01d)
core   0: 0x80000404 (0x00003fe1) c.jal   pc - 40
core   0: 3 0x80000404 (0x3fe1) x 1 0x80000406
core   0: 0x800003dc (0x0000a819) c.j     pc + 22
core   0: 3 0x800003dc (0xa819)
core   0: 0x800003f2 (0x0000bfd5) c.j     pc - 12
core   0: 3 0x800003f2 (0xbfd5)
core   0: 0x800003e6 (0x0000bffd) c.j     pc - 2
core   0: 3 0x800003e6 (0xbffd)
core   0: 0x800003e4 (0x0000a02d) c.j     pc + 42
core   0: 3 0x800003e4 (0xa02d)
core   0: 0x8000040e (0x0000b7e1) c.j     pc - 56
core   0: 3 0x8000040e (0xb7e1)
core   0: 0x800003d6 (0x0000202d) c.jal   pc + 42
core   0: 3 0x800003d6 (0x202d) x 1 0x800003d8
core   0: 0x80000400 (0xfd3ff36f) jal     t1, pc - 0x2e
core   0: 3 0x80000400 (0xfd3ff36f) x 6 0x80000404
core   0: 0x800003d2 (0x01e000ef) jal     pc + 0x1e
core   0: 3 0x800003d2 (0x01e000ef) x 1 0x800003d6
core   0: 0x800003f0 (0x00003fed) c.jal   pc - 6
core   0: 3 0x800003f0 (0x3fed) x 1 0x800003f2
core   0: 0x800003ea (0x0000200d) c.jal   pc + 34
core   0: 3 0x800003ea (0x200d) x 1 0x800003ec
core   0: 0x8000040c (0x0000bff5) c.j     pc - 4
core   0: 3 0x8000040c (0xbff5)
core   0: 0x80000408 (0x0000b7c5) c.j     pc - 32
core   0: 3 0x80000408 (0xb7c5)
core   0: 0x800003e8 (0x00003fe5) c.jal   pc - 8
core   0: 3 0x800003e8 (0x3fe5) x 1 0x800003ea
core   0: 0x800003e0 (0x01c000ef) jal     pc + 0x1c
core   0: 3 0x800003e0 (0x01c000ef) x 1 0x800003e4
core   0: 0x800003fc (0xff9ff0ef) jal     pc - 0x8
core   0: 3 0x800003fc (0xff9ff0ef) x 1 0x80000400
core   0: 0x800003f4 (0x0000a831) c.j     pc + 28
core   0: 3 0x800003f4 (0xa831)
core   0: 0x80000410 (0x03e2a633) mulhsu  a2, t0, t5
core   0: 3 0x80000410 (0x03e2a633) x12 0x00000000
core   0: 0x80000414 (0x0001de97) auipc   t4, 0x1d
core   0: 3 0x80000414 (0x0001de97) x29 0x8001d414
core   0: 0x80000418 (0x8b0e8e93) addi    t4, t4, -1872
core   0: 3 0x80000418 (0x8b0e8e93) x29 0x8001ccc4
core   0: 0x8000041c (0xf4fe8f23) sb      a5, -162(t4)
core   0: 3 0x8000041c (0xf4fe8f23) mem 0x8001cc22 0x92
core   0: 0x80000420 (0x02e5dfb3) divu    t6, a1, a4
core   0: 3 0x80000420 (0x02e5dfb3) x31 0x00000000
core   0: 0x80000424 (0x01c25633) srl     a2, tp, t3
core   0: 3 0x80000424 (0x01c25633) x12 0x0000000f
core   0: 0x80000428 (0x022e5bb3) divu    s7, t3, sp
core   0: 3 0x80000428 (0x022e5bb3) x23 0x00b40b46
core   0: 0x8000042c (0xfc9e8103) lb      sp, -55(t4)
core   0: 3 0x8000042c (0xfc9e8103) x 2 0x00000046 mem 0x8001cc8d
core   0: 0x80000430 (0x00008f4d) c.or    a4, a1
core   0: 3 0x80000430 (0x8f4d) x14 0x9c9d9e9f
core   0: 0x80000432 (0x2428ab93) slti    s7, a7, 578
core   0: 3 0x80000432 (0x2428ab93) x23 0x00000000
core   0: 0x80000436 (0x01b97a33) and     s4, s2, s11
core   0: 3 0x80000436 (0x01b97a33) x20 0x000098a0
core   0: 0x8000043a (0xff8ec203) lbu     tp, -8(t4)
core   0: 3 0x8000043a (0xff8ec203) x 4 0x00000077 mem 0x8001ccbc
core   0: 0x8000043e (0x01ce9583) lh      a1, 28(t4)
core   0: 3 0x8000043e (0x01ce9583) x11 0xffff9a9b mem 0x8001cce0
core   0: 0x80000442 (0x02458f33) mul     t5, a1, tp
core   0: 3 0x80000442 (0x02458f33) x30 0xffd0de0d
core   0: 0x80000446 (0x00009fd2) c.add   t6, s4
core   0: 3 0x80000446 (0x9fd2) x31 0x000098a0
core   0: 0x80000448 (0x41cdd833) sra     a6, s11, t3
core   0: 3 0x80000448 (0x41cdd833) x16 0xfffffff8
core   0: 0x8000044c (0x0ff0000f) fence   iorw,iorw
core   0: 3 0x8000044c (0x0ff0000f)
core   0: 0x80000450 (0x00008d5d) c.or    a0, a5
core   0: 3 0x80000450 (0x8d5d) x10 0xfffefef6
core   0: 0x80000452 (0x037ac7b3) div     a5, s5, s7
core   0: 3 0x80000452 (0x037ac7b3) x15 0xffffffff
core   0: 0x80000456 (0x00009bfd) c.andi  a5, -1
core   0: 3 0x80000456 (0x9bfd) x15 0xffffffff
core   0: 0x80000458 (0xfa8e8aa3) sb      s0, -75(t4)
core   0: 3 0x80000458 (0xfa8e8aa3) mem 0x8001cc79 0x73
core   0: 0x8000045c (0x0ff0000f) fence   iorw,iorw
core   0: 3 0x8000045c (0x0ff0000f)
core   0: 0x80000460 (0xf4de88a3) sb      a3, -175(t4)
core   0: 3 0x80000460 (0xf4de88a3) mem 0x8001cc15 0x59
core   0: 0x80000464 (0x03b94ab3) div     s5, s2, s11
core   0: 3 0x80000464 (0x03b94ab3) x21 0x00000000
core   0: 0x80000468 (0x416ed293) srai    t0, t4, 22
core   0: 3 0x80000468 (0x416ed293) x 5 0xfffffe00
core   0: 0x8000046c (0x038512b3) mulh    t0, a0, s8
core   0: 3 0x8000046c (0x038512b3) x 5 0xffffefef
core   0: 0x80000470 (0x005a1733) sll     a4, s4, t0
core   0: 3 0x80000470 (0x005a1733) x14 0x4c500000
core   0: 0x80000474 (0x39400617) auipc   a2, 0x39400
core   0: 3 0x80000474 (0x39400617) x12 0xb9400474
core   0: 0x80000478 (0xd44cca93) xori    s5, s9, -700
core   0: 3 0x80000478 (0xd44cca93) x21 0x000002d2
core   0: 0x8000047c (0xf71e8a83) lb      s5, -143(t4)
core   0: 3 0x8000047c (0xf71e8a83) x21 0xffffffee mem 0x8001cc35
core   0: 0x80000480 (0x0000050c) c.addi4spn a1, sp, 640
core   0: 3 0x80000480 (0x050c) x11 0x000002c6
core   0: 0x80000482 (0x00008985) c.andi  a1, 1
core   0: 3 0x80000482 (0x8985) x11 0x00000000
core   0: 0x80000484 (0x00008fa9) c.xor   a5, a0
core   0: 3 0x80000484 (0x8fa9) x15 0x00010109
core   0: 0x80000486 (0x04decf03) lbu     t5, 77(t4)
core   0: 3 0x80000486 (0x04decf03) x30 0x000000ca mem 0x8001cd11
core   0: 0x8000048a (0x000061cd) c.lui   gp, 0x13
core   0: 3 0x8000048a (0x61cd) x 3 0x00013000
core   0: 0x8000048c (0x09bec583) lbu     a1, 155(t4)
core   0: 3 0x8000048c (0x09bec583) x11 0x00000014 mem 0x8001cd5f
core   0: 0x80000490 (0x00ef6c33) or      s8, t5, a4
core   0: 3 0x80000490 (0x00ef6c33) x24 0x4c5000ca
core   0: 0x80000494 (0xf03ec783) lbu     a5, -253(t4)
core   0: 3 0x80000494 (0xf03ec783) x15 0x0000007c mem 0x8001cbc7
core   0: 0x80000498 (0xf5be8a03) lb      s4, -165(t4)
core   0: 3 0x80000498 (0xf5be8a03) x20 0xffffffd4 mem 0x8001cc1f
core   0: 0x8000049c (0x00008d65) c.and   a0, s1
core   0: 3 0x8000049c (0x8d65) x10 0xfffefed0
core   0: 0x8000049e (0x0d7ec883) lbu     a7, 215(t4)
core   0: 3 0x8000049e (0x0d7ec883) x17 0x00000050 mem 0x8001cd9b
core   0: 0x800004a2 (0x00009b9a) c.add   s7, t1
core   0: 3 0x800004a2 (0x9b9a) x23 0x80000404
core   0: 0x800004a4 (0xf1beca03) lbu     s4, -229(t4)
core   0: 3 0x800004a4 (0xf1beca03) x20 0x00000094 mem 0x8001cbdf
core   0: 0x800004a8 (0xff2e8503) lb      a0, -14(t4)
core   0: 3 0x800004a8 (0xff2e8503) x10 0x0000006d mem 0x8001ccb6
core   0: 0x800004ac (0x0001fe97) auipc   t4, 0x1f
core   0: 3 0x800004ac (0x0001fe97) x29 0x8001f4ac
core   0: 0x800004b0 (0x9b8e8e93) addi    t4, t4, -1608
core   0: 3 0x800004b0 (0x9b8e8e93) x29 0x8001ee64
core   0: 0x800004b4 (0x00018c97) auipc   s9, 0x18
core   0: 3 0x800004b4 (0x00018c97) x25 0x800184b4
core   0: 0x800004b8 (0xd30c8c93) addi    s9, s9, -720
core   0: 3 0x800004b8 (0xd30c8c93) x25 0x800181e4
core   0: 0x800004bc (0x615cc203) lbu     tp, 1557(s9)
core   0: 3 0x800004bc (0x615cc203) x 4 0x000000b2 mem 0x800187f9
core   0: 0x800004c0 (0x00012317) auipc   t1, 0x12
core   0: 3 0x800004c0 (0x00012317) x 6 0x800124c0
core   0: 0x800004c4 (0x36030313) addi    t1, t1, 864
core   0: 3 0x800004c4 (0x36030313) x 6 0x80012820
core   0: 0x800004c8 (0x51534f83) lbu     t6, 1301(t1)
core   0: 3 0x800004c8 (0x51534f83) x31 0x000000ee mem 0x80012d35
core   0: 0x800004cc (0xcfac9383) lh      t2, -774(s9)
core   0: 3 0x800004cc (0xcfac9383) x 7 0xffff9495 mem 0x80017ede
core   0: 0x800004d0 (0xd5931023) sh      s9, -704(t1)
core   0: 3 0x800004d0 (0xd5931023) mem 0x80012560 0x81e4
core   0: 0x800004d4 (0x2b5e8103) lb      sp, 693(t4)
core   0: 3 0x800004d4 (0x2b5e8103) x 2 0xffffffd2 mem 0x8001f119
core   0: 0x800004d8 (0x804c8523) sb      tp, -2038(s9)
core   0: 3 0x800004d8 (0x804c8523) mem 0x800179ee 0xb2
core   0: 0x800004dc (0xd3034703) lbu     a4, -720(t1)
core   0: 3 0x800004dc (0xd3034703) x14 0x0000000b mem 0x80012550
core   0: 0x800004e0 (0xb48e8603) lb      a2, -1208(t4)
core   0: 3 0x800004e0 (0xb48e8603) x12 0x00000067 mem 0x8001e9ac
core   0: 0x800004e4 (0x446c89a3) sb      t1, 1107(s9)
core   0: 3 0x800004e4 (0x446c89a3) mem 0x80018637 0x20
core   0: 0x800004e8 (0x216c8023) sb      s6, 512(s9)
core   0: 3 0x800004e8 (0x216c8023) mem 0x800183e4 0x64
core   0: 0x800004ec (0x413cc083) lbu     ra, 1043(s9)
core   0: 3 0x800004ec (0x413cc083) x 1 0x000000ac mem 0x800185f7
core   0: 0x800004f0 (0xdab32023) sw      a1, -608(t1)
core   0: 3 0x800004f0 (0xdab32023) mem 0x800125c0 0x00000014
core   0: 0x800004f4 (0xd1b34f83) lbu     t6, -741(t1)
core   0: 3 0x800004f4 (0xd1b34f83) x31 0x000000f0 mem 0x8001253b
core   0: 0x800004f8 (0x510e8ea3) sb      a6, 1309(t4)
core   0: 3 0x800004f8 (0x510e8ea3) mem 0x8001f381 0xf8
core   0: 0x800004fc (0xcd3cc883) lbu     a7, -813(s9)
core   0: 3 0x800004fc (0xcd3cc883) x17 0x0000006c mem 0x80017eb7
core   0: 0x80000500 (0xfa9ece03) lbu     t3, -87(t4)
core   0: 3 0x80000500 (0xfa9ece03) x28 0x000000c6 mem 0x8001ee0d
core   0: 0x80000504 (0xb61ec083) lbu     ra, -1183(t4)
core   0: 3 0x80000504 (0xb61ec083) x 1 0x0000007e mem 0x8001e9c5
core   0: 0x80000508 (0xf9934a83) lbu     s5, -103(t1)
core   0: 3 0x80000508 (0xf9934a83) x21 0x00000072 mem 0x800127b9
core   0: 0x8000050c (0x569e8903) lb      s2, 1385(t4)
core   0: 3 0x8000050c (0x569e8903) x18 0xffffff86 mem 0x8001f3cd
core   0: 0x80000510 (0xa57c8783) lb      a5, -1449(s9)
core   0: 3 0x80000510 (0xa57c8783) x15 0xfffffff0 mem 0x80017c3b
core   0: 0x80000514 (0x026ece03) lbu     t3, 38(t4)
core   0: 3 0x80000514 (0x026ece03) x28 0x00000041 mem 0x8001ee8a
core   0: 0x80000518 (0x8b930ca3) sb      s9, -1863(t1)
core   0: 3 0x80000518 (0x8b930ca3) mem 0x800120d9 0xe4
core   0: 0x8000051c (0x70434903) lbu     s2, 1796(t1)
core   0: 3 0x8000051c (0x70434903) x18 0x000000df mem 0x80012f24
core   0: 0x80000520 (0x00012117) auipc   sp, 0x12
core   0: 3 0x80000520 (0x00012117) x 2 0x80012520
core   0: 0x80000524 (0xb0210113) addi    sp, sp, -1278
core   0: 3 0x80000524 (0xb0210113) x 2 0x80012022
core   0: 0x80000528 (0x03510e03) lb      t3, 53(sp)
core   0: 3 0x80000528 (0x03510e03) x28 0x0000000c mem 0x80012057
core   0: 0x8000052c (0x00008c29) c.xor   s0, a0
core   0: 3 0x8000052c (0x8c29) x 8 0x0000721e
core   0: 0x8000052e (0x03510483) lb      s1, 53(sp)
core   0: 3 0x8000052e (0x03510483) x 9 0x0000000c mem 0x80012057
core   0: 0x80000532 (0x02510703) lb      a4, 37(sp)
core   0: 3 0x80000532 (0x02510703) x14 0xfffffffc mem 0x80012047
core   0: 0x80000536 (0x02a102a3) sb      a0, 37(sp)
core   0: 3 0x80000536 (0x02a102a3) mem 0x80012047 0x6d
core   0: 0x8000053a (0x02510303) lb      t1, 37(sp)
core   0: 3 0x8000053a (0x02510303) x 6 0x0000006d mem 0x80012047
core   0: 0x8000053e (0x40010233) sub     tp, sp, zero
core   0: 3 0x8000053e (0x40010233) x 4 0x80012022
core   0: 0x80000542 (0x02811083) lh      ra, 40(sp)
core   0: 3 0x80000542 (0x02811083) x 1 0x00000001 mem 0x8001204a
core   0: 0x80000546 (0xfea11903) lh      s2, -22(sp)
core   0: 3 0x80000546 (0xfea11903) x18 0xffffc6c7 mem 0x8001200c
core   0: 0x8000054a (0xff514b83) lbu     s7, -11(sp)
core   0: 3 0x8000054a (0xff514b83) x23 0x000000cc mem 0x80012017
core   0: 0x8000054e (0xff514783) lbu     a5, -11(sp)
core   0: 3 0x8000054e (0xff514783) x15 0x000000cc mem 0x80012017
core   0: 0x80000552 (0xff710e83) lb      t4, -9(sp)
core   0: 3 0x80000552 (0xff710e83) x29 0xffffffd2 mem 0x80012019
core   0: 0x80000556 (0x03a100a3) sb      s10, 33(sp)
core   0: 3 0x80000556 (0x03a100a3) mem 0x80012043 0xb9
core   0: 0x8000055a (0x01514f83) lbu     t6, 21(sp)
core   0: 3 0x8000055a (0x01514f83) x31 0x000000ec mem 0x80012037
core   0: 0x8000055e (0x01210e23) sb      s2, 28(sp)
core   0: 3 0x8000055e (0x01210e23) mem 0x8001203e 0xc7
core   0: 0x80000562 (0x00004a39) c.li    s4, 14
core   0: 3 0x80000562 (0x4a39) x20 0x0000000e
core   0: 0x80000564 (0xff614303) lbu     t1, -10(sp)
core   0: 3 0x80000564 (0xff614303) x 6 0x000000d3 mem 0x80012018
core   0: 0x80000568 (0x00100593) li      a1, 1
core   0: 3 0x80000568 (0x00100593) x11 0x00000001
core   0: 0x8000056c (0x014a5193) srli    gp, s4, 20
core   0: 3 0x8000056c (0x014a5193) x 3 0x00000000
core   0: 0x80000570 (0x415dd893) srai    a7, s11, 21
core   0: 3 0x80000570 (0x415dd893) x17 0xfffffc00
core   0: 0x80000574 (0x00000001) c.nop
core   0: 3 0x80000574 (0x0001)
core   0: 0x80000576 (0x03316133) rem     sp, sp, s3
core   0: 3 0x80000576 (0x03316133) x 2 0xfffffffa
core   0: 0x8000057a (0x004b5a13) srli    s4, s6, 4
core   0: 3 0x8000057a (0x004b5a13) x20 0x080025e6
core   0: 0x8000057e (0x11c9cf93) xori    t6, s3, 284
core   0: 3 0x8000057e (0x11c9cf93) x31 0x00000114
core   0: 0x80000582 (0x00008ce9) c.and   s1, a0
core   0: 3 0x80000582 (0x8ce9) x 9 0x0000000c
core   0: 0x80000584 (0x027a27b3) mulhsu  a5, s4, t2
core   0: 3 0x80000584 (0x027a27b3) x15 0x0800228a
core   0: 0x80000588 (0x406bd933) sra     s2, s7, t1
core   0: 3 0x80000588 (0x406bd933) x18 0x00000000
core   0: 0x8000058c (0x000015fd) c.addi  a1, -1
core   0: 3 0x8000058c (0x15fd) x11 0x00000000
core   0: 0x8000058e (0x004c9a33) sll     s4, s9, tp
core   0: 3 0x8000058e (0x004c9a33) x20 0x00060790
core   0: 0x80000592 (0x00000666) c.slli  a2, 25
core   0: 3 0x80000592 (0x0666) x12 0xce000000
core   0: 0x80000594 (0x0ff0000f) fence   iorw,iorw
core   0: 3 0x80000594 (0x0ff0000f)
core   0: 0x80000598 (0x023a0433) mul     s0, s4, gp
core   0: 3 0x80000598 (0x023a0433) x 8 0x00000000
core   0: 0x8000059c (0xa09f8513) addi    a0, t6, -1527
core   0: 3 0x8000059c (0xa09f8513) x10 0xfffffb1d
core   0: 0x800005a0 (0x00008899) c.andi  s1, 6
core   0: 3 0x800005a0 (0x8899) x 9 0x00000004
core   0: 0x800005a2 (0x0000fdf1) c.bnez  a1, pc - 36
core   0: 3 0x800005a2 (0xfdf1)
core   0: 0x800005a4 (0x00008d1d) c.sub   a0, a5
core   0: 3 0x800005a4 (0x8d1d) x10 0xf7ffd893
core   0: 0x800005a6 (0x00012117) auipc   sp, 0x12
core   0: 3 0x800005a6 (0x00012117) x 2 0x800125a6
core   0: 0x800005aa (0x14710113) addi    sp, sp, 327
core   0: 3 0x800005aa (0x14710113) x 2 0x800126ed
core   0: 0x800005ae (0x0001f797) auipc   a5, 0x1f
core   0: 3 0x800005ae (0x0001f797) x15 0x8001f5ae
core   0: 0x800005b2 (0x4e478793) addi    a5, a5, 1252
core   0: 3 0x800005b2 (0x4e478793) x15 0x8001fa92
core   0: 0x800005b6 (0x35710ea3) sb      s7, 861(sp)
core   0: 3 0x800005b6 (0x35710ea3) mem 0x80012a4a 0xcc
core   0: 0x800005ba (0x00013697) auipc   a3, 0x13
core   0: 3 0x800005ba (0x00013697) x13 0x800135ba
core   0: 0x800005be (0xbde68693) addi    a3, a3, -1058
core   0: 3 0x800005be (0xbde68693) x13 0x80013198
core   0: 0x800005c2 (0x52a10303) lb      t1, 1322(sp)
core   0: 3 0x800005c2 (0x52a10303) x 6 0xffffffcc mem 0x80012c17
core   0: 0x800005c6 (0x2056c483) lbu     s1, 517(a3)
core   0: 3 0x800005c6 (0x2056c483) x 9 0x00000056 mem 0x8001339d
core   0: 0x800005ca (0x00578083) lb      ra, 5(a5)
core   0: 3 0x800005ca (0x00578083) x 1 0x0000004c mem 0x8001fa97
core   0: 0x800005ce (0xf5511503) lh      a0, -171(sp)
core   0: 3 0x800005ce (0xf5511503) x10 0xfffff8f9 mem 0x80012642
core   0: 0x800005d2 (0xd8b12403) lw      s0, -629(sp)
core   0: 3 0x800005d2 (0xd8b12403) x 8 0x30313233 mem 0x80012478
core   0: 0x800005d6 (0x0001f717) auipc   a4, 0x1f
core   0: 3 0x800005d6 (0x0001f717) x14 0x8001f5d6
core   0: 0x800005da (0x18e70713) addi    a4, a4, 398
core   0: 3 0x800005da (0x18e70713) x14 0x8001f764
core   0: 0x800005de (0xae768283) lb      t0, -1305(a3)
core   0: 3 0x800005de (0xae768283) x 5 0x00000034 mem 0x80012c7f
core   0: 0x800005e2 (0x08d70923) sb      a3, 146(a4)
core   0: 3 0x800005e2 (0x08d70923) mem 0x8001f7f6 0x98
core   0: 0x800005e6 (0x4a610923) sb      t1, 1202(sp)
core   0: 3 0x800005e6 (0x4a610923) mem 0x80012b9f 0xcc
core   0: 0x800005ea (0x0e470323) sb      tp, 230(a4)
core   0: 3 0x800005ea (0x0e470323) mem 0x8001f84a 0x22
core   0: 0x800005ee (0x2ef69d23) sh      a5, 762(a3)
core   0: 3 0x800005ee (0x2ef69d23) mem 0x80013492 0xfa92
core   0: 0x800005f2 (0x0197cb83) lbu     s7, 25(a5)
core   0: 3 0x800005f2 (0x0197cb83) x23 0x00000060 mem 0x8001faab
core   0: 0x800005f6 (0xd2c6a403) lw      s0, -724(a3)
core   0: 3 0x800005f6 (0xd2c6a403) x 8 0x7c7d7e7f mem 0x80012ec4
core   0: 0x800005fa (0xb0a10603) lb      a2, -1270(sp)
core   0: 3 0x800005fa (0xb0a10603) x12 0xffffffac mem 0x800121f7
core   0: 0x800005fe (0x0e174583) lbu     a1, 225(a4)
core   0: 3 0x800005fe (0x0e174583) x11 0x000000fe mem 0x8001f845
core   0: 0x80000602 (0xd8368883) lb      a7, -637(a3)
core   0: 3 0x80000602 (0xd8368883) x17 0xffffffd0 mem 0x80012f1b
core   0: 0x80000606 (0xf3470a83) lb      s5, -204(a4)
core   0: 3 0x80000606 (0xf3470a83) x21 0x00000053 mem 0x8001f698
core   0: 0x8000060a (0xfc978383) lb      t2, -55(a5)
core   0: 3 0x8000060a (0xfc978383) x 7 0x00000010 mem 0x8001fa5b
core   0: 0x8000060e (0xb9068ca3) sb      a6, -1127(a3)
core   0: 3 0x8000060e (0xb9068ca3) mem 0x80012d31 0xf8
core   0: 0x80000612 (0x01378883) lb      a7, 19(a5)
core   0: 3 0x80000612 (0x01378883) x17 0x0000005e mem 0x8001faa5
core   0: 0x80000616 (0xf9c702a3) sb      t3, -123(a4)
core   0: 3 0x80000616 (0xf9c702a3) mem 0x8001f6e9 0xc
core   0: 0x8000061a (0x3e810623) sb      s0, 1004(sp)
core   0: 3 0x8000061a (0x3e810623) mem 0x80012ad9 0x7f
core   0: 0x8000061e (0xfeb78003) lb      zero, -21(a5)
core   0: 3 0x8000061e (0xfeb78003) mem 0x8001fa7d
core   0: 0x80000622 (0xf7f74f83) lbu     t6, -129(a4)
core   0: 3 0x80000622 (0xf7f74f83) x31 0x00000098 mem 0x8001f6e3
core   0: 0x80000626 (0x5a168903) lb      s2, 1441(a3)
core   0: 3 0x80000626 (0x5a168903) x18 0xfffffff2 mem 0x80013739
core   0: 0x8000062a (0x01b78f83) lb      t6, 27(a5)
core   0: 3 0x8000062a (0x01b78f83) x31 0x00000066 mem 0x8001faad
core   0: 0x8000062e (0xf4a68e03) lb      t3, -182(a3)
core   0: 3 0x8000062e (0xf4a68e03) x28 0xffffff99 mem 0x800130e2
core   0: 0x80000632 (0x66e68903) lb      s2, 1646(a3)
core   0: 3 0x80000632 (0x66e68903) x18 0xffffffbd mem 0x80013806
core   0: 0x80000636 (0xfe17c603) lbu     a2, -31(a5)
core   0: 3 0x80000636 (0xfe17c603) x12 0x00000028 mem 0x8001fa73
core   0: 0x8000063a (0xfc679923) sh      t1, -46(a5)
core   0: 3 0x8000063a (0xfc679923) mem 0x8001fa64 0xffcc
core   0: 0x8000063e (0x00014717) auipc   a4, 0x14
core   0: 3 0x8000063e (0x00014717) x14 0x8001463e
core   0: 0x80000642 (0xff170713) addi    a4, a4, -15
core   0: 3 0x80000642 (0xff170713) x14 0x8001462f
core   0: 0x80000646 (0x312d82b7) lui     t0, 0x312d8
core   0: 3 0x80000646 (0x312d82b7) x 5 0x312d8000
core   0: 0x8000064a (0xd8874803) lbu     a6, -632(a4)
core   0: 3 0x8000064a (0xd8874803) x16 0x0000006c mem 0x800143b7
core   0: 0x8000064e (0x65970803) lb      a6, 1625(a4)
core   0: 3 0x8000064e (0x65970803) x16 0x00000043 mem 0x80014c88
core   0: 0x80000652 (0x031290b3) mulh    ra, t0, a7
core   0: 3 0x80000652 (0x031290b3) x 1 0x00000012
core   0: 0x80000656 (0x8dd86593) ori     a1, a6, -1827
core   0: 3 0x80000656 (0x8dd86593) x11 0xfffff8df
core   0: 0x8000065a (0x000018fd) c.addi  a7, -1
core   0: 3 0x8000065a (0x18fd) x17 0x0000005d
core   0: 0x8000065c (0x00381833) sll     a6, a6, gp
core   0: 3 0x8000065c (0x00381833) x16 0x00000043
core   0: 0x80000660 (0x0000882e) c.mv    a6, a1
core   0: 3 0x80000660 (0x882e) x16 0xfffff8df
core   0: 0x80000662 (0x7ac70583) lb      a1, 1964(a4)
core   0: 3 0x80000662 (0x7ac70583) x11 0xffffff90 mem 0x80014ddb
core   0: 0x80000666 (0x3c570c23) sb      t0, 984(a4)
core   0: 3 0x80000666 (0x3c570c23) mem 0x80014a07 0x0
core   0: 0x8000066a (0x4b771283) lh      t0, 1207(a4)
core   0: 3 0x8000066a (0x4b771283) x 5 0xffff9c9d mem 0x80014ae6
core   0: 0x8000066e (0x89670283) lb      t0, -1898(a4)
core   0: 3 0x8000066e (0x89670283) x 5 0x0000007e mem 0x80013ec5
core   0: 0x80000672 (0x00008ded) c.and   a1, a1
core   0: 3 0x80000672 (0x8ded) x11 0xffffff90
core   0: 0x80000674 (0x0211f8b3) remu    a7, gp, ra
core   0: 3 0x80000674 (0x0211f8b3) x17 0x00000000
core   0: 0x80000678 (0x60b70ba3) sb      a1, 1559(a4)
core   0: 3 0x80000678 (0x60b70ba3) mem 0x80014c46 0x90
core   0: 0x8000067c (0x000099fd) c.andi  a1, -1
core   0: 3 0x8000067c (0x99fd) x11 0xffffff90
core   0: 0x8000067e (0x33775583) lhu     a1, 823(a4)
core   0: 3 0x8000067e (0x33775583) x11 0x00001c1d mem 0x80014966
core   0: 0x80000682 (0x00000185) c.addi  gp, 1
core   0: 3 0x80000682 (0x0185) x 3 0x00000001
core   0: 0x80000684 (0x63074883) lbu     a7, 1584(a4)
core   0: 3 0x80000684 (0x63074883) x17 0x00000014 mem 0x80014c5f
core   0: 0x80000688 (0xed070a23) sb      a6, -300(a4)
core   0: 3 0x80000688 (0xed070a23) mem 0x80014503 0xdf
core   0: 0x8000068c (0xd4274083) lbu     ra, -702(a4)
core   0: 3 0x8000068c (0xd4274083) x 1 0x0000002a mem 0x80014371
core   0: 0x80000690 (0xe1170ca3) sb      a7, -487(a4)
core   0: 3 0x80000690 (0xe1170ca3) mem 0x80014448 0x14
core   0: 0x80000694 (0x00008dcd) c.or    a1, a1
core   0: 3 0x80000694 (0x8dcd) x11 0x00001c1d
core   0: 0x80000696 (0x80a74283) lbu     t0, -2038(a4)
core   0: 3 0x80000696 (0x80a74283) x 5 0x000000f2 mem 0x80013e39
core   0: 0x8000069a (0x000048dd) c.li    a7, 23
core   0: 3 0x8000069a (0x48dd) x17 0x00000017
core   0: 0x8000069c (0x000002f2) c.slli  t0, 28
core   0: 3 0x8000069c (0x02f2) x 5 0x20000000
core   0: 0x8000069e (0x3ba74283) lbu     t0, 954(a4)
core   0: 3 0x8000069e (0x3ba74283) x 5 0x000000a2 mem 0x800149e9
core   0: 0x800006a2 (0xc2172ca3) sw      ra, -967(a4)
core   0: 3 0x800006a2 (0xc2172ca3) mem 0x80014268 0x0000002a
core   0: 0x800006a6 (0xb412c193) xori    gp, t0, -1215
core   0: 3 0x800006a6 (0xb412c193) x 3 0xfffffbe3
core   0: 0x800006aa (0x1f770583) lb      a1, 503(a4)
core   0: 3 0x800006aa (0x1f770583) x11 0xffffffdd mem 0x80014826
core   0: 0x800006ae (0x79d74283) lbu     t0, 1949(a4)
core   0: 3 0x800006ae (0x79d74283) x 5 0x00000087 mem 0x80014dcc
core   0: 0x800006b2 (0x023875b3) remu    a1, a6, gp
core   0: 3 0x800006b2 (0x023875b3) x11 0xfffff8df
core   0: 0x800006b6 (0xfd370583) lb      a1, -45(a4)
core   0: 3 0x800006b6 (0xfd370583) x11 0xffffffb9 mem 0x80014602
core   0: 0x800006ba (0xc4172aa3) sw      ra, -939(a4)
core   0: 3 0x800006ba (0xc4172aa3) mem 0x80014284 0x0000002a
core   0: 0x800006be (0x000085a9) c.srai  a1, 10
core   0: 3 0x800006be (0x85a9) x11 0xffffffff
core   0: 0x800006c0 (0x0030c1b3) xor     gp, ra, gp
core   0: 3 0x800006c0 (0x0030c1b3) x 3 0xfffffbc9
core   0: 0x800006c4 (0x35b71883) lh      a7, 859(a4)
core   0: 3 0x800006c4 (0x35b71883) x17 0x00004041 mem 0x8001498a
core   0: 0x800006c8 (0x000001e6) c.slli  gp, 25
core   0: 3 0x800006c8 (0x01e6) x 3 0x92000000
core   0: 0x800006ca (0x2aa70583) lb      a1, 682(a4)
core   0: 3 0x800006ca (0x2aa70583) x11 0xffffff92 mem 0x800148d9
core   0: 0x800006ce (0x2ff70803) lb      a6, 767(a4)
core   0: 3 0x800006ce (0x2ff70803) x16 0xffffffe5 mem 0x8001492e
core   0: 0x800006d2 (0x1ee74083) lbu     ra, 494(a4)
core   0: 3 0x800006d2 (0x1ee74083) x 1 0x000000d6 mem 0x8001481d
core   0: 0x800006d6 (0xc0371803) lh      a6, -1021(a4)
core   0: 3 0x800006d6 (0xc0371803) x16 0xffffe8e9 mem 0x80014232
core   0: 0x800006da (0x09170d23) sb      a7, 154(a4)
core   0: 3 0x800006da (0x09170d23) mem 0x800146c9 0x41
core   0: 0x800006de (0x00000001) c.nop
core   0: 3 0x800006de (0x0001)
core   0: 0x800006e0 (0x0ff0000f) fence   iorw,iorw
core   0: 3 0x800006e0 (0x0ff0000f)
core   0: 0x800006e4 (0x01119813) slli    a6, gp, 17
core   0: 3 0x800006e4 (0x01119813) x16 0x00000000
core   0: 0x800006e8 (0x17274083) lbu     ra, 370(a4)
core   0: 3 0x800006e8 (0x17274083) x 1 0x0000005a mem 0x800147a1
core   0: 0x800006ec (0x4ea74803) lbu     a6, 1258(a4)
core   0: 3 0x800006ec (0x4ea74803) x16 0x000000d2 mem 0x80014b19
core   0: 0x800006f0 (0x64170583) lb      a1, 1601(a4)
core   0: 3 0x800006f0 (0x64170583) x11 0x0000002b mem 0x80014c70
core   0: 0x800006f4 (0x48570223) sb      t0, 1156(a4)
core   0: 3 0x800006f4 (0x48570223) mem 0x80014ab3 0x87
core   0: 0x800006f8 (0x0f874803) lbu     a6, 248(a4)
core   0: 3 0x800006f8 (0x0f874803) x16 0x000000dc mem 0x80014727
core   0: 0x800006fc (0x00900093) li      ra, 9
core   0: 3 0x800006fc (0x00900093) x 1 0x00000009
core   0: 0x80000700 (0x07ec4413) xori    s0, s8, 126
core   0: 3 0x80000700 (0x07ec4413) x 8 0x4c5000b4
core   0: 0x80000704 (0x00500393) li      t2, 5
core   0: 3 0x80000704 (0x00500393) x 7 0x00000005
core   0: 0x80000708 (0x40465013) srai    zero, a2, 4
core   0: 3 0x80000708 (0x40465013)
core   0: 0x8000070c (0x017c1c93) slli    s9, s8, 23
core   0: 3 0x8000070c (0x017c1c93) x25 0x65000000
core   0: 0x80000710 (0x0362fcb3) remu    s9, t0, s6
core   0: 3 0x80000710 (0x0362fcb3) x25 0x00000087
core   0: 0x80000714 (0x0000147d) c.addi  s0, -1
core   0: 3 0x80000714 (0x147d) x 8 0x4c5000b3
core   0: 0x80000716 (0x03c06ab3) rem     s5, zero, t3
core   0: 3 0x80000716 (0x03c06ab3) x21 0x00000000
core   0: 0x8000071a (0x03c7bbb3) mulhu   s7, a5, t3
core   0: 3 0x8000071a (0x03c7bbb3) x23 0x8001fa5e
core   0: 0x8000071e (0x00000001) c.nop
core   0: 3 0x8000071e (0x0001)
core   0: 0x80000720 (0x00000001) c.nop
core   0: 3 0x80000720 (0x0001)
core   0: 0x80000722 (0x02b45fb3) divu    t6, s0, a1
core   0: 3 0x80000722 (0x02b45fb3) x31 0x01c6535d
core   0: 0x80000726 (0x0029c133) xor     sp, s3, sp
core   0: 3 0x80000726 (0x0029c133) x 2 0x800126e5
core   0: 0x8000072a (0x0000117d) c.addi  sp, -1
core   0: 3 0x8000072a (0x117d) x 2 0x800126e4
core   0: 0x8000072c (0x00004b9d) c.li    s7, 7
core   0: 3 0x8000072c (0x4b9d) x23 0x00000007
core   0: 0x8000072e (0x00000001) c.nop
core   0: 3 0x8000072e (0x0001)
core   0: 0x80000730 (0x02f14033) div     zero, sp, a5
core   0: 3 0x80000730 (0x02f14033)
core   0: 0x80000734 (0x0ff0000f) fence   iorw,iorw
core   0: 3 0x80000734 (0x0ff0000f)
core   0: 0x80000738 (0x000010f5) c.addi  ra, -3
core   0: 3 0x80000738 (0x10f5) x 1 0x00000006
core   0: 0x8000073a (0x95190193) addi    gp, s2, -1711
core   0: 3 0x8000073a (0x95190193) x 3 0xfffff90e
core   0: 0x8000073e (0xffc00593) li      a1, -4
core   0: 3 0x8000073e (0xffc00593) x11 0xfffffffc
core   0: 0x80000742 (0x00800a13) li      s4, 8
core   0: 3 0x80000742 (0x00800a13) x20 0x00000008
core   0: 0x80000746 (0x00008d31) c.xor   a0, a2
core   0: 3 0x80000746 (0x8d31) x10 0xfffff8d1
core   0: 0x80000748 (0x02dc1d33) mulh    s10, s8, a3
core   0: 3 0x80000748 (0x02dc1d33) x26 0xd9d85ab3
core   0: 0x8000074c (0x00000591) c.addi  a1, 4
core   0: 3 0x8000074c (0x0591) x11 0x00000000
core   0: 0x8000074e (0x010c1033) sll     zero, s8, a6
core   0: 3 0x8000074e (0x010c1033)
core   0: 0x80000752 (0xff458ae3) beq     a1, s4, pc - 12
core   0: 3 0x80000752 (0xff458ae3)
core   0: 0x80000756 (0x00178d33) add     s10, a5, ra
core   0: 3 0x80000756 (0x00178d33) x26 0x8001fa98
core   0: 0x8000075a (0x00000001) c.nop
core   0: 3 0x8000075a (0x0001)
core   0: 0x8000075c (0x000061d9) c.lui   gp, 0x16
core   0: 3 0x8000075c (0x61d9) x 3 0x00016000
core   0: 0x8000075e (0x0000862d) c.srai  a2, 11
core   0: 3 0x8000075e (0x862d) x12 0x00000000
core   0: 0x80000760 (0xfa70fae3) bgeu    ra, t2, pc - 76
core   0: 3 0x80000760 (0xfa70fae3)
core   0: 0x80000714 (0x0000147d) c.addi  s0, -1
core   0: 3 0x80000714 (0x147d) x 8 0x4c5000b2
core   0: 0x80000716 (0x03c06ab3) rem     s5, zero, t3
core   0: 3 0x80000716 (0x03c06ab3) x21 0x00000000
core   0: 0x8000071a (0x03c7bbb3) mulhu   s7, a5, t3
core   0: 3 0x8000071a (0x03c7bbb3) x23 0x8001fa5e
core   0: 0x8000071e (0x00000001) c.nop
core   0: 3 0x8000071e (0x0001)
core   0: 0x80000720 (0x00000001) c.nop
core   0: 3 0x80000720 (0x0001)
core   0: 0x80000722 (0x02b45fb3) divu    t6, s0, a1
core   0: 3 0x80000722 (0x02b45fb3) x31 0xffffffff
core   0: 0x80000726 (0x0029c133) xor     sp, s3, sp
core   0: 3 0x80000726 (0x0029c133) x 2 0x800126ec
core   0: 0x8000072a (0x0000117d) c.addi  sp, -1
core   0: 3 0x8000072a (0x117d) x 2 0x800126eb
core   0: 0x8000072c (0x00004b9d) c.li    s7, 7
core   0: 3 0x8000072c (0x4b9d) x23 0x00000007
core   0: 0x8000072e (0x00000001) c.nop
core   0: 3 0x8000072e (0x0001)
core   0: 0x80000730 (0x02f14033) div     zero, sp, a5
core   0: 3 0x80000730 (0x02f14033)
core   0: 0x80000734 (0x0ff0000f) fence   iorw,iorw
core   0: 3 0x80000734 (0x0ff0000f)
core   0: 0x80000738 (0x000010f5) c.addi  ra, -3
core   0: 3 0x80000738 (0x10f5) x 1 0x00000003
core   0: 0x8000073a (0x95190193) addi    gp, s2, -1711
core   0: 3 0x8000073a (0x95190193) x 3 0xfffff90e
core   0: 0x8000073e (0xffc00593) li      a1, -4
core   0: 3 0x8000073e (0xffc00593) x11 0xfffffffc
core   0: 0x80000742 (0x00800a13) li      s4, 8
core   0: 3 0x80000742 (0x00800a13) x20 0x00000008
core   0: 0x80000746 (0x00008d31) c.xor   a0, a2
core   0: 3 0x80000746 (0x8d31) x10 0xfffff8d1
core   0: 0x80000748 (0x02dc1d33) mulh    s10, s8, a3
core   0: 3 0x80000748 (0x02dc1d33) x26 0xd9d85ab3
core   0: 0x8000074c (0x00000591) c.addi  a1, 4
core   0: 3 0x8000074c (0x0591) x11 0x00000000
core   0: 0x8000074e (0x010c1033) sll     zero, s8, a6
core   0: 3 0x8000074e (0x010c1033)
core   0: 0x80000752 (0xff458ae3) beq     a1, s4, pc - 12
core   0: 3 0x80000752 (0xff458ae3)
core   0: 0x80000756 (0x00178d33) add     s10, a5, ra
core   0: 3 0x80000756 (0x00178d33) x26 0x8001fa95
core   0: 0x8000075a (0x00000001) c.nop
core   0: 3 0x8000075a (0x0001)
core   0: 0x8000075c (0x000061d9) c.lui   gp, 0x16
core   0: 3 0x8000075c (0x61d9) x 3 0x00016000
core   0: 0x8000075e (0x0000862d) c.srai  a2, 11
core   0: 3 0x8000075e (0x862d) x12 0x00000000
core   0: 0x80000760 (0xfa70fae3) bgeu    ra, t2, pc - 76
core   0: 3 0x80000760 (0xfa70fae3)
core   0: 0x80000764 (0x0000717d) c.addi16sp sp, -16
core   0: 3 0x80000764 (0x717d) x 2 0x800126db
core   0: 0x80000766 (0x00700513) li      a0, 7
core   0: 3 0x80000766 (0x00700513) x10 0x00000007
core   0: 0x8000076a (0x00700613) li      a2, 7
core   0: 3 0x8000076a (0x00700613) x12 0x00000007
core   0: 0x8000076e (0x001757b3) srl     a5, a4, ra
core   0: 3 0x8000076e (0x001757b3) x15 0x100028c5
core   0: 0x80000772 (0x00f872b3) and     t0, a6, a5
core   0: 3 0x80000772 (0x00f872b3) x 5 0x000000c4
core   0: 0x80000776 (0xa8936413) ori     s0, t1, -1399
core   0: 3 0x80000776 (0xa8936413) x 8 0xffffffcd
core   0: 0x8000077a (0x0189aab3) slt     s5, s3, s8
core   0: 3 0x8000077a (0x0189aab3) x21 0x00000001
core   0: 0x8000077e (0x417a5013) srai    zero, s4, 23
core   0: 3 0x8000077e (0x417a5013)
core   0: 0x80000782 (0x00008c91) c.sub   s1, a2
core   0: 3 0x80000782 (0x8c91) x 9 0x0000004f
core   0: 0x80000784 (0x000092a6) c.add   t0, s1
core   0: 3 0x80000784 (0x92a6) x 5 0x00000113
core   0: 0x80000786 (0x011bc233) xor     tp, s7, a7
core   0: 3 0x80000786 (0x011bc233) x 4 0x00004046
core   0: 0x8000078a (0x00001575) c.addi  a0, -3
core   0: 3 0x8000078a (0x1575) x10 0x00000004
core   0: 0x8000078c (0x00700693) li      a3, 7
core   0: 3 0x8000078c (0x00700693) x13 0x00000007
core   0: 0x80000790 (0x0000834d) c.srli  a4, 19
core   0: 3 0x80000790 (0x834d) x14 0x00001000
core   0: 0x80000792 (0xff900893) li      a7, -7
core   0: 3 0x80000792 (0xff900893) x17 0xfffffff9
core   0: 0x80000796 (0x01ff4eb3) xor     t4, t5, t6
core   0: 3 0x80000796 (0x01ff4eb3) x29 0xffffff35
core   0: 0x8000079a (0xe5c0ba13) sltiu   s4, ra, -420
core   0: 3 0x8000079a (0xe5c0ba13) x20 0x00000001
core   0: 0x8000079e (0x4157dbb3) sra     s7, a5, s5
core   0: 3 0x8000079e (0x4157dbb3) x23 0x08001462
core   0: 0x800007a2 (0x000016e5) c.addi  a3, -7
core   0: 3 0x800007a2 (0x16e5) x13 0x00000000
core   0: 0x800007a4 (0xff168be3) beq     a3, a7, pc - 10
core   0: 3 0x800007a4 (0xff168be3)
core   0: 0x800007a8 (0x00008dfd) c.and   a1, a5
core   0: 3 0x800007a8 (0x8dfd) x11 0x00000000
core   0: 0x800007aa (0xfcc57de3) bgeu    a0, a2, pc - 38
core   0: 3 0x800007aa (0xfcc57de3)
core   0: 0x800007ae (0x023eaa33) mulhsu  s4, t4, gp
core   0: 3 0x800007ae (0x023eaa33) x20 0xffffffff
core   0: 0x800007b2 (0x00010717) auipc   a4, 0x10
core   0: 3 0x800007b2 (0x00010717) x14 0x800107b2
core   0: 0x800007b6 (0x2f170713) addi    a4, a4, 753
core   0: 3 0x800007b6 (0x2f170713) x14 0x80010aa3
core   0: 0x800007ba (0x00014817) auipc   a6, 0x14
core   0: 3 0x800007ba (0x00014817) x16 0x800147ba
core   0: 0x800007be (0x34380813) addi    a6, a6, 835
core   0: 3 0x800007be (0x34380813) x16 0x80014afd
core   0: 0x800007c2 (0x09985c83) lhu     s9, 153(a6)
core   0: 3 0x800007c2 (0x09985c83) x25 0x00004c4d mem 0x80014b96
core   0: 0x800007c6 (0x05b80c03) lb      s8, 91(a6)
core   0: 3 0x800007c6 (0x05b80c03) x24 0x00000013 mem 0x80014b58
core   0: 0x800007ca (0x0c180e03) lb      t3, 193(a6)
core   0: 3 0x800007ca (0x0c180e03) x28 0x00000075 mem 0x80014bbe
core   0: 0x800007ce (0xf0f71e03) lh      t3, -241(a4)
core   0: 3 0x800007ce (0xf0f71e03) x28 0x00006869 mem 0x800109b2
core   0: 0x800007d2 (0x090805a3) sb      a6, 139(a6)
core   0: 3 0x800007d2 (0x090805a3) mem 0x80014b88 0xfd
core   0: 0x800007d6 (0x06a80503) lb      a0, 106(a6)
core   0: 3 0x800007d6 (0x06a80503) x10 0x0000001c mem 0x80014b67
core   0: 0x800007da (0xf5870323) sb      s8, -186(a4)
core   0: 3 0x800007da (0xf5870323) mem 0x800109e9 0x13
core   0: 0x800007de (0x0b572083) lw      ra, 181(a4)
core   0: 3 0x800007de (0x0b572083) x 1 0x10111213 mem 0x80010b58
core   0: 0x800007e2 (0xfca84a83) lbu     s5, -54(a6)
core   0: 3 0x800007e2 (0xfca84a83) x21 0x0000007c mem 0x80014ac7
core   0: 0x800007e6 (0xf2f807a3) sb      a5, -209(a6)
core   0: 3 0x800007e6 (0xf2f807a3) mem 0x80014a2c 0xc5
core   0: 0x800007ea (0xf0d70f83) lb      t6, -243(a4)
core   0: 3 0x800007ea (0xf0d70f83) x31 0x0000006b mem 0x800109b0
core   0: 0x800007ee (0x05375903) lhu     s2, 83(a4)
core   0: 3 0x800007ee (0x05375903) x18 0x0000acad mem 0x80010af6
core   0: 0x800007f2 (0xf7e84283) lbu     t0, -130(a6)
core   0: 3 0x800007f2 (0xf7e84283) x 5 0x00000030 mem 0x80014a7b
core   0: 0x800007f6 (0xffc80023) sb      t3, -32(a6)
core   0: 3 0x800007f6 (0xffc80023) mem 0x80014add 0x69
core   0: 0x800007fa (0x00014f97) auipc   t6, 0x14
core   0: 3 0x800007fa (0x00014f97) x31 0x800147fa
core   0: 0x800007fe (0x055f8f93) addi    t6, t6, 85
core   0: 3 0x800007fe (0x055f8f93) x31 0x8001484f
core   0: 0x80000802 (0x7fef8203) lb      tp, 2046(t6)
core   0: 3 0x80000802 (0x7fef8203) x 4 0x00000006 mem 0x8001504d
core   0: 0x80000806 (0x03297233) remu    tp, s2, s2
core   0: 3 0x80000806 (0x03297233) x 4 0x00000000
core   0: 0x8000080a (0x03020933) mul     s2, tp, a6
core   0: 3 0x8000080a (0x03020933) x18 0x00000000
core   0: 0x8000080e (0x03153933) mulhu   s2, a0, a7
core   0: 3 0x8000080e (0x03153933) x18 0x0000001b
core   0: 0x80000812 (0xe72fa4a3) sw      s2, -407(t6)
core   0: 3 0x80000812 (0xe72fa4a3) mem 0x800146b8 0x0000001b
core   0: 0x80000816 (0x00008242) c.mv    tp, a6
core   0: 3 0x80000816 (0x8242) x 4 0x80014afd
core   0: 0x80000818 (0x000008d6) c.slli  a7, 21
core   0: 3 0x80000818 (0x08d6) x17 0xff200000
core   0: 0x8000081a (0x41090533) sub     a0, s2, a6
core   0: 3 0x8000081a (0x41090533) x10 0x7ffeb51e
core   0: 0x8000081e (0x3c6fc203) lbu     tp, 966(t6)
core   0: 3 0x8000081e (0x3c6fc203) x 4 0x000000ce mem 0x80014c15
core   0: 0x80000822 (0x008938b3) sltu    a7, s2, s0
core   0: 3 0x80000822 (0x008938b3) x17 0x00000001
core   0: 0x80000826 (0x00000001) c.nop
core   0: 3 0x80000826 (0x0001)
core   0: 0x80000828 (0x61ef8203) lb      tp, 1566(t6)
core   0: 3 0x80000828 (0x61ef8203) x 4 0x00000026 mem 0x80014e6d
core   0: 0x8000082c (0xe998b893) sltiu   a7, a7, -359
core   0: 3 0x8000082c (0xe998b893) x17 0x00000001
core   0: 0x80000830 (0x0000100f) fence.i
core   0: 3 0x80000830 (0x0000100f)
core   0: 0x80000834 (0x493f8503) lb      a0, 1171(t6)
core   0: 3 0x80000834 (0x493f8503) x10 0xffffff99 mem 0x80014ce2
core   0: 0x80000838 (0xf70f8503) lb      a0, -144(t6)
core   0: 3 0x80000838 (0xf70f8503) x10 0x00000074 mem 0x800147bf
core   0: 0x8000083c (0x577f8503) lb      a0, 1399(t6)
core   0: 3 0x8000083c (0x577f8503) x10 0x0000007d mem 0x80014dc6
core   0: 0x80000840 (0x00009822) c.add   a6, s0
core   0: 3 0x80000840 (0x9822) x16 0x80014aca
core   0: 0x80000842 (0x59ef8903) lb      s2, 1438(t6)
core   0: 3 0x80000842 (0x59ef8903) x18 0xffffffa6 mem 0x80014ded
core   0: 0x80000846 (0xba4f8723) sb      tp, -1106(t6)
core   0: 3 0x80000846 (0xba4f8723) mem 0x800143fd 0x26
core   0: 0x8000084a (0x00000001) c.nop
core   0: 3 0x8000084a (0x0001)
core   0: 0x8000084c (0xa10f89a3) sb      a6, -1517(t6)
core   0: 3 0x8000084c (0xa10f89a3) mem 0x80014262 0xca
core   0: 0x80000850 (0x8aef8903) lb      s2, -1874(t6)
core   0: 3 0x80000850 (0x8aef8903) x18 0xffffffb6 mem 0x800140fd
core   0: 0x80000854 (0x0000100f) fence.i
core   0: 3 0x80000854 (0x0000100f)
core   0: 0x80000858 (0x072f9ea3) sh      s2, 125(t6)
core   0: 3 0x80000858 (0x072f9ea3) mem 0x800148cc 0xffb6
core   0: 0x8000085c (0x408958b3) sra     a7, s2, s0
core   0: 3 0x8000085c (0x408958b3) x17 0xffffffff
core   0: 0x80000860 (0x4f2f8a23) sb      s2, 1268(t6)
core   0: 3 0x80000860 (0x4f2f8a23) mem 0x80014d43 0xb6
core   0: 0x80000864 (0x3a746893) ori     a7, s0, 935
core   0: 3 0x80000864 (0x3a746893) x17 0xffffffef
core   0: 0x80000868 (0xaa4f93a3) sh      tp, -1369(t6)
core   0: 3 0x80000868 (0xaa4f93a3) mem 0x800142f6 0x0026
core   0: 0x8000086c (0x457fc503) lbu     a0, 1111(t6)
core   0: 3 0x8000086c (0x457fc503) x10 0x0000005d mem 0x80014ca6
core   0: 0x80000870 (0x008258b3) srl     a7, tp, s0
core   0: 3 0x80000870 (0x008258b3) x17 0x00000000
core   0: 0x80000874 (0xb10f8203) lb      tp, -1264(t6)
core   0: 3 0x80000874 (0xb10f8203) x 4 0x00000014 mem 0x8001435f
core   0: 0x80000878 (0x00a8d533) srl     a0, a7, a0
core   0: 3 0x80000878 (0x00a8d533) x10 0x00000000
core   0: 0x8000087c (0x272fc503) lbu     a0, 626(t6)
core   0: 3 0x8000087c (0x272fc503) x10 0x0000007a mem 0x80014ac1
core   0: 0x80000880 (0x804f8503) lb      a0, -2044(t6)
core   0: 3 0x80000880 (0x804f8503) x10 0x00000008 mem 0x80014053
core   0: 0x80000884 (0x413fd203) lhu     tp, 1043(t6)
core   0: 3 0x80000884 (0x413fd203) x 4 0x00001819 mem 0x80014c62
core   0: 0x80000888 (0x362f8883) lb      a7, 866(t6)
core   0: 3 0x80000888 (0x362f8883) x17 0x0000006a mem 0x80014bb1
core   0: 0x8000088c (0x408f9fa3) sh      s0, 1055(t6)
core   0: 3 0x8000088c (0x408f9fa3) mem 0x80014c6e 0xffcd
core   0: 0x80000890 (0xeaaf80a3) sb      a0, -351(t6)
core   0: 3 0x80000890 (0xeaaf80a3) mem 0x800146f0 0x8
core   0: 0x80000894 (0x163fd903) lhu     s2, 355(t6)
core   0: 3 0x80000894 (0x163fd903) x18 0x00006869 mem 0x800149b2
core   0: 0x80000898 (0xb5bf9503) lh      a0, -1189(t6)
core   0: 3 0x80000898 (0xb5bf9503) x10 0x00006061 mem 0x800143aa
core   0: 0x8000089c (0x01043233) sltu    tp, s0, a6
core   0: 3 0x8000089c (0x01043233) x 4 0x00000000
core   0: 0x800008a0 (0x00a21433) sll     s0, tp, a0
core   0: 3 0x800008a0 (0x00a21433) x 8 0x00000000
core   0: 0x800008a4 (0x03090533) mul     a0, s2, a6
core   0: 3 0x800008a4 (0x03090533) x10 0x06e9bcda
core   0: 0x800008a8 (0x510f9ba3) sh      a6, 1303(t6)
core   0: 3 0x800008a8 (0x510f9ba3) mem 0x80014d66 0x4aca
core   0: 0x800008ac (0x0308b8b3) mulhu   a7, a7, a6
core   0: 3 0x800008ac (0x0308b8b3) x17 0x00000035
core   0: 0x800008b0 (0xd75fa203) lw      tp, -651(t6)
core   0: 3 0x800008b0 (0xd75fa203) x 4 0x7c7d7e7f mem 0x800145c4
core   0: 0x800008b4 (0x00a23933) sltu    s2, tp, a0
core   0: 3 0x800008b4 (0x00a23933) x18 0x00000000
core   0: 0x800008b8 (0x00008d29) c.xor   a0, a0
core   0: 3 0x800008b8 (0x8d29) x10 0x00000000
core   0: 0x800008ba (0x2e4f8b23) sb      tp, 758(t6)
core   0: 3 0x800008ba (0x2e4f8b23) mem 0x80014b45 0x7f
core   0: 0x800008be (0x00a548b3) xor     a7, a0, a0
core   0: 3 0x800008be (0x00a548b3) x17 0x00000000
core   0: 0x800008c2 (0x918fc203) lbu     tp, -1768(t6)
core   0: 3 0x800008c2 (0x918fc203) x 4 0x0000001c mem 0x80014167
core   0: 0x800008c6 (0x006003ef) jal     t2, pc + 0x6
core   0: 3 0x800008c6 (0x006003ef) x 7 0x800008ca
core   0: 0x800008cc (0x00002011) c.jal   pc + 4
core   0: 3 0x800008cc (0x2011) x 1 0x800008ce
core   0: 0x800008d0 (0x024002ef) jal     t0, pc + 0x24
core   0: 3 0x800008d0 (0x024002ef) x 5 0x800008d4
core   0: 0x800008f4 (0x0000b7f5) c.j     pc - 20
core   0: 3 0x800008f4 (0xb7f5)
core   0: 0x800008e0 (0x010000ef) jal     pc + 0x10
core   0: 3 0x800008e0 (0x010000ef) x 1 0x800008e4
core   0: 0x800008f0 (0x00a000ef) jal     pc + 0xa
core   0: 3 0x800008f0 (0x00a000ef) x 1 0x800008f4
core   0: 0x800008fa (0x00003ff9) c.jal   pc - 34
core   0: 3 0x800008fa (0x3ff9) x 1 0x800008fc
core   0: 0x800008d8 (0x004000ef) jal     pc + 0x4
core   0: 3 0x800008d8 (0x004000ef) x 1 0x800008dc
core   0: 0x800008dc (0x01c00cef) jal     s9, pc + 0x1c
core   0: 3 0x800008dc (0x01c00cef) x25 0x800008e0
core   0: 0x800008f8 (0x0000b7fd) c.j     pc - 18
core   0: 3 0x800008f8 (0xb7fd)
core   0: 0x800008e6 (0x000037e5) c.jal   pc - 24
core   0: 3 0x800008e6 (0x37e5) x 1 0x800008e8
core   0: 0x800008ce (0x00002021) c.jal   pc + 8
core   0: 3 0x800008ce (0x2021) x 1 0x800008d0
core   0: 0x800008d6 (0x00002819) c.jal   pc + 22
core   0: 3 0x800008d6 (0x2819) x 1 0x800008d8
core   0: 0x800008ec (0x00003ff9) c.jal   pc - 34
core   0: 3 0x800008ec (0x3ff9) x 1 0x800008ee
core   0: 0x800008ca (0x00002839) c.jal   pc + 30
core   0: 3 0x800008ca (0x2839) x 1 0x800008cc
core   0: 0x800008e8 (0xfedff0ef) jal     pc - 0x14
core   0: 3 0x800008e8 (0xfedff0ef) x 1 0x800008ec
core   0: 0x800008d4 (0x00002829) c.jal   pc + 26
core   0: 3 0x800008d4 (0x2829) x 1 0x800008d6
core   0: 0x800008ee (0x00002021) c.jal   pc + 8
core   0: 3 0x800008ee (0x2021) x 1 0x800008f0
core   0: 0x800008f6 (0x00002019) c.jal   pc + 6
core   0: 3 0x800008f6 (0x2019) x 1 0x800008f8
core   0: 0x800008fc (0x000037e5) c.jal   pc - 24
core   0: 3 0x800008fc (0x37e5) x 1 0x800008fe
core   0: 0x800008e4 (0x0000a829) c.j     pc + 26
core   0: 3 0x800008e4 (0xa829)
core   0: 0x800008fe (0x03892fb3) mulhsu  t6, s2, s8
core   0: 3 0x800008fe (0x03892fb3) x31 0x00000000
core   0: 0x80000902 (0x00010117) auipc   sp, 0x10
core   0: 3 0x80000902 (0x00010117) x 2 0x80010902
core   0: 0x80000906 (0xf3a10113) addi    sp, sp, -198
core   0: 3 0x80000906 (0xf3a10113) x 2 0x8001083c
core   0: 0x8000090a (0xff011203) lh      tp, -16(sp)
core   0: 3 0x8000090a (0xff011203) x 4 0xffffe6e7 mem 0x8001082c
core   0: 0x8000090e (0xfff11a23) sh      t6, -12(sp)
core   0: 3 0x8000090e (0xfff11a23) mem 0x80010830 0x0000
core   0: 0x80000912 (0xff015c03) lhu     s8, -16(sp)
core   0: 3 0x80000912 (0xff015c03) x24 0x0000e6e7 mem 0x8001082c
core   0: 0x80000916 (0xffa11483) lh      s1, -6(sp)
core   0: 3 0x80000916 (0xffa11483) x 9 0xffffeced mem 0x80010836
core   0: 0x8000091a (0x00310c03) lb      s8, 3(sp)
core   0: 3 0x8000091a (0x00310c03) x24 0xfffffff4 mem 0x8001083f
core   0: 0x8000091e (0x00004fb2) c.lwsp  t6, 12(sp)
core   0: 3 0x8000091e (0x4fb2) x31 0x00010203 mem 0x80010848
core   0: 0x80000920 (0x00008cf5) c.and   s1, a3
core   0: 3 0x80000920 (0x8cf5) x 9 0x00000000
core   0: 0x80000922 (0x000081e9) c.srli  a1, 26
core   0: 3 0x80000922 (0x81e9) x11 0x00000000
core   0: 0x80000924 (0x7c424593) xori    a1, tp, 1988
core   0: 3 0x80000924 (0x7c424593) x11 0xffffe123
core   0: 0x80000928 (0xffe10c03) lb      s8, -2(sp)
core   0: 3 0x80000928 (0xffe10c03) x24 0xfffffff1 mem 0x8001083a
core   0: 0x8000092c (0x02d4afb3) mulhsu  t6, s1, a3
core   0: 3 0x8000092c (0x02d4afb3) x31 0x00000000
core   0: 0x80000930 (0x9ffc7f93) andi    t6, s8, -1537
core   0: 3 0x80000930 (0x9ffc7f93) x31 0xfffff9f1
core   0: 0x80000934 (0xfff14583) lbu     a1, -1(sp)
core   0: 3 0x80000934 (0xfff14583) x11 0x000000f0 mem 0x8001083b
core   0: 0x80000938 (0x4104dc13) srai    s8, s1, 16
core   0: 3 0x80000938 (0x4104dc13) x24 0x00000000
core   0: 0x8000093c (0xfeb10f23) sb      a1, -2(sp)
core   0: 3 0x8000093c (0xfeb10f23) mem 0x8001083a 0xf0
core   0: 0x80000940 (0x0095bc33) sltu    s8, a1, s1
core   0: 3 0x80000940 (0x0095bc33) x24 0x00000000
core   0: 0x80000944 (0x00008ccd) c.or    s1, a1
core   0: 3 0x80000944 (0x8ccd) x 9 0x000000f0
core   0: 0x80000946 (0xfff10ea3) sb      t6, -3(sp)
core   0: 3 0x80000946 (0xfff10ea3) mem 0x80010839 0xf1
core   0: 0x8000094a (0xff211c03) lh      s8, -14(sp)
core   0: 3 0x8000094a (0xff211c03) x24 0xffffe4e5 mem 0x8001082e
core   0: 0x8000094e (0x00310c03) lb      s8, 3(sp)
core   0: 3 0x8000094e (0x00310c03) x24 0xfffffff4 mem 0x8001083f
core   0: 0x80000952 (0x00611f83) lh      t6, 6(sp)
core   0: 3 0x80000952 (0x00611f83) x31 0xfffff8f9 mem 0x80010842
core   0: 0x80000956 (0x02d5ec33) rem     s8, a1, a3
core   0: 3 0x80000956 (0x02d5ec33) x24 0x000000f0
core   0: 0x8000095a (0xfff11f23) sh      t6, -2(sp)
core   0: 3 0x8000095a (0xfff11f23) mem 0x8001083a 0xf8f9
core   0: 0x8000095e (0xfff10c23) sb      t6, -8(sp)
core   0: 3 0x8000095e (0xfff10c23) mem 0x80010834 0xf9
core   0: 0x80000962 (0xff011203) lh      tp, -16(sp)
core   0: 3 0x80000962 (0xff011203) x 4 0xffffe6e7 mem 0x8001082c
core   0: 0x80000966 (0x000089cd) c.andi  a1, 19
core   0: 3 0x80000966 (0x89cd) x11 0x00000010
core   0: 0x80000968 (0x000005b6) c.slli  a1, 13
core   0: 3 0x80000968 (0x05b6) x11 0x00020000
core   0: 0x8000096a (0xffd14583) lbu     a1, -3(sp)
core   0: 3 0x8000096a (0xffd14583) x11 0x000000f1 mem 0x80010839
core   0: 0x8000096e (0x018fdfb3) srl     t6, t6, s8
core   0: 3 0x8000096e (0x018fdfb3) x31 0x0000ffff
core   0: 0x80000972 (0x00004692) c.lwsp  a3, 4(sp)
core   0: 3 0x80000972 (0x4692) x13 0xf8f9fafb mem 0x80010840
core   0: 0x80000974 (0xff810fa3) sb      s8, -1(sp)
core   0: 3 0x80000974 (0xff810fa3) mem 0x8001083b 0xf0
core   0: 0x80000978 (0x6ca0f5b7) lui     a1, 0x6ca0f
core   0: 3 0x80000978 (0x6ca0f5b7) x11 0x6ca0f000
core   0: 0x8000097c (0xce85af93) slti    t6, a1, -792
core   0: 3 0x8000097c (0xce85af93) x31 0x00000000
core   0: 0x80000980 (0x00d10123) sb      a3, 2(sp)
core   0: 3 0x80000980 (0x00d10123) mem 0x8001083e 0xfb
core   0: 0x80000984 (0x00008d85) c.sub   a1, s1
core   0: 3 0x80000984 (0x8d85) x11 0x6ca0ef10
core   0: 0x80000986 (0x403c5c13) srai    s8, s8, 3
core   0: 3 0x80000986 (0x403c5c13) x24 0x0000001e
core   0: 0x8000098a (0xffa15583) lhu     a1, -6(sp)
core   0: 3 0x8000098a (0xffa15583) x11 0x0000eced mem 0x80010836
core   0: 0x8000098e (0x41b4d593) srai    a1, s1, 27
core   0: 3 0x8000098e (0x41b4d593) x11 0x00000000
core   0: 0x80000992 (0x000084ae) c.mv    s1, a1
core   0: 3 0x80000992 (0x84ae) x 9 0x00000000
core   0: 0x80000994 (0xe46e1fb7) lui     t6, 0xe46e1
core   0: 3 0x80000994 (0xe46e1fb7) x31 0xe46e1000
core   0: 0x80000998 (0x00910323) sb      s1, 6(sp)
core   0: 3 0x80000998 (0x00910323) mem 0x80010842 0x0
core   0: 0x8000099c (0x00924233) xor     tp, tp, s1
core   0: 3 0x8000099c (0x00924233) x 4 0xffffe6e7
core   0: 0x800009a0 (0x00000c29) c.addi  s8, 10
core   0: 3 0x800009a0 (0x0c29) x24 0x00000028
core   0: 0x800009a2 (0x00000001) c.nop
core   0: 3 0x800009a2 (0x0001)
core   0: 0x800009a4 (0xff810f23) sb      s8, -2(sp)
core   0: 3 0x800009a4 (0xff810f23) mem 0x8001083a 0x28
core   0: 0x800009a8 (0xff810a23) sb      s8, -12(sp)
core   0: 3 0x800009a8 (0xff810a23) mem 0x80010830 0x28
core   0: 0x800009ac (0x00310203) lb      tp, 3(sp)
core   0: 3 0x800009ac (0x00310203) x 4 0xfffffff4 mem 0x8001083f
core   0: 0x800009b0 (0x00011f17) auipc   t5, 0x11
core   0: 3 0x800009b0 (0x00011f17) x30 0x800119b0
core   0: 0x800009b4 (0x62cf0f13) addi    t5, t5, 1580
core   0: 3 0x800009b4 (0x62cf0f13) x30 0x80011fdc
core   0: 0x800009b8 (0x00013217) auipc   tp, 0x13
core   0: 3 0x800009b8 (0x00013217) x 4 0x800139b8
core   0: 0x800009bc (0x30a20213) addi    tp, tp, 778
core   0: 3 0x800009bc (0x30a20213) x 4 0x80013cc2
core   0: 0x800009c0 (0x7bdf4803) lbu     a6, 1981(t5)
core   0: 3 0x800009c0 (0x7bdf4803) x16 0x00000052 mem 0x80012799
core   0: 0x800009c4 (0x1d9f1523) sh      s9, 458(t5)
core   0: 3 0x800009c4 (0x1d9f1523) mem 0x800121a6 0x08e0
core   0: 0x800009c8 (0xf33200a3) sb      s3, -223(tp)
core   0: 3 0x800009c8 (0xf33200a3) mem 0x80013be3 0x8
core   0: 0x800009cc (0xfcef5083) lhu     ra, -50(t5)
core   0: 3 0x800009cc (0xfcef5083) x 1 0x00006061 mem 0x80011faa
core   0: 0x800009d0 (0xf1720e23) sb      s7, -228(tp)
core   0: 3 0x800009d0 (0xf1720e23) mem 0x80013bde 0x62
core   0: 0x800009d4 (0xc08f4903) lbu     s2, -1016(t5)
core   0: 3 0x800009d4 (0xc08f4903) x18 0x0000009f mem 0x80011be4
core   0: 0x800009d8 (0x62bf0a23) sb      a1, 1588(t5)
core   0: 3 0x800009d8 (0x62bf0a23) mem 0x80012610 0x0
core   0: 0x800009dc (0xfd7200a3) sb      s7, -63(tp)
core   0: 3 0x800009dc (0xfd7200a3) mem 0x80013c83 0x62
core   0: 0x800009e0 (0xf4021023) sh      zero, -192(tp)
core   0: 3 0x800009e0 (0xf4021023) mem 0x80013c02 0x0000
core   0: 0x800009e4 (0xc46f1903) lh      s2, -954(t5)
core   0: 3 0x800009e4 (0xc46f1903) x18 0xffffd8d9 mem 0x80011c22
core   0: 0x800009e8 (0xf0024c03) lbu     s8, -256(tp)
core   0: 3 0x800009e8 (0xf0024c03) x24 0x00000079 mem 0x80013bc2
core   0: 0x800009ec (0x09d24703) lbu     a4, 157(tp)
core   0: 3 0x800009ec (0x09d24703) x14 0x00000014 mem 0x80013d5f
core   0: 0x800009f0 (0x849f09a3) sb      s1, -1965(t5)
core   0: 3 0x800009f0 (0x849f09a3) mem 0x8001182f 0x0
core   0: 0x800009f4 (0x01124b83) lbu     s7, 17(tp)
core   0: 3 0x800009f4 (0x01124b83) x23 0x00000088 mem 0x80013cd3
core   0: 0x800009f8 (0x3d0f0703) lb      a4, 976(t5)
core   0: 3 0x800009f8 (0x3d0f0703) x14 0x00000067 mem 0x800123ac
core   0: 0x800009fc (0x08d20a23) sb      a3, 148(tp)
core   0: 3 0x800009fc (0x08d20a23) mem 0x80013d56 0xfb
core   0: 0x80000a00 (0x00019117) auipc   sp, 0x19
core   0: 3 0x80000a00 (0x00019117) x 2 0x80019a00
core   0: 0x80000a04 (0xa1910113) addi    sp, sp, -1511
core   0: 3 0x80000a04 (0xa1910113) x 2 0x80019419
core   0: 0x80000a08 (0x65012ba3) sw      a6, 1623(sp)
core   0: 3 0x80000a08 (0x65012ba3) mem 0x80019a70 0x00000052
core   0: 0x80000a0c (0x03787833) remu    a6, a6, s7
core   0: 3 0x80000a0c (0x03787833) x16 0x00000052
core   0: 0x80000a10 (0x408bd833) sra     a6, s7, s0
core   0: 3 0x80000a10 (0x408bd833) x16 0x00000088
core   0: 0x80000a14 (0x5cf10ea3) sb      a5, 1501(sp)
core   0: 3 0x80000a14 (0x5cf10ea3) mem 0x800199f6 0xc5
core   0: 0x80000a18 (0x00000001) c.nop
core   0: 3 0x80000a18 (0x0001)
core   0: 0x80000a1a (0x0000100f) fence.i
core   0: 3 0x80000a1a (0x0000100f)
core   0: 0x80000a1e (0x030104a3) sb      a6, 41(sp)
core   0: 3 0x80000a1e (0x030104a3) mem 0x80019442 0x88
core   0: 0x80000a22 (0x028466b3) rem     a3, s0, s0
core   0: 3 0x80000a22 (0x028466b3) x13 0x00000000
core   0: 0x80000a26 (0xe8010f83) lb      t6, -384(sp)
core   0: 3 0x80000a26 (0xe8010f83) x31 0x00000052 mem 0x80019299
core   0: 0x80000a2a (0x82d10123) sb      a3, -2014(sp)
core   0: 3 0x80000a2a (0x82d10123) mem 0x80018c3b 0x0
core   0: 0x80000a2e (0x03f437b3) mulhu   a5, s0, t6
core   0: 3 0x80000a2e (0x03f437b3) x15 0x00000000
core   0: 0x80000a32 (0x271fbb93) sltiu   s7, t6, 625
core   0: 3 0x80000a32 (0x271fbb93) x23 0x00000001
core   0: 0x80000a36 (0x81014403) lbu     s0, -2032(sp)
core   0: 3 0x80000a36 (0x81014403) x 8 0x000000e2 mem 0x80018c29
core   0: 0x80000a3a (0xbaf107a3) sb      a5, -1105(sp)
core   0: 3 0x80000a3a (0xbaf107a3) mem 0x80018fc8 0x0
core   0: 0x80000a3e (0xdc410803) lb      a6, -572(sp)
core   0: 3 0x80000a3e (0xdc410803) x16 0xffffff96 mem 0x800191dd
core   0: 0x80000a42 (0x95d10f83) lb      t6, -1699(sp)
core   0: 3 0x80000a42 (0x95d10f83) x31 0x0000002d mem 0x80018d76
core   0: 0x80000a46 (0xd9010123) sb      a6, -638(sp)
core   0: 3 0x80000a46 (0xd9010123) mem 0x8001919b 0x96
core   0: 0x80000a4a (0x57d6ef93) ori     t6, a3, 1405
core   0: 3 0x80000a4a (0x57d6ef93) x31 0x0000057d
core   0: 0x80000a4e (0x00006861) c.lui   a6, 0x18
core   0: 3 0x80000a4e (0x6861) x16 0x00018000
core   0: 0x80000a50 (0x00004bfd) c.li    s7, 31
core   0: 3 0x80000a50 (0x4bfd) x23 0x0000001f
core   0: 0x80000a52 (0x60310803) lb      a6, 1539(sp)
core   0: 3 0x80000a52 (0x60310803) x16 0xffffffd7 mem 0x80019a1c
core   0: 0x80000a56 (0x1be10683) lb      a3, 446(sp)
core   0: 3 0x80000a56 (0x1be10683) x13 0xffffff8c mem 0x800195d7
core   0: 0x80000a5a (0x4f610403) lb      s0, 1270(sp)
core   0: 3 0x80000a5a (0x4f610403) x 8 0xffffffc4 mem 0x8001990f
core   0: 0x80000a5e (0xa0d111a3) sh      a3, -1533(sp)
core   0: 3 0x80000a5e (0xa0d111a3) mem 0x80018e1c 0xff8c
core   0: 0x80000a62 (0x2a614f83) lbu     t6, 678(sp)
core   0: 3 0x80000a62 (0x2a614f83) x31 0x00000074 mem 0x800196bf
core   0: 0x80000a66 (0xb4010783) lb      a5, -1216(sp)
core   0: 3 0x80000a66 (0xb4010783) x15 0x00000012 mem 0x80018f59
core   0: 0x80000a6a (0x18210b83) lb      s7, 386(sp)
core   0: 3 0x80000a6a (0x18210b83) x23 0x00000050 mem 0x8001959b
core   0: 0x80000a6e (0x88b6fb93) andi    s7, a3, -1909
core   0: 3 0x80000a6e (0x88b6fb93) x23 0xfffff888
core   0: 0x80000a72 (0x40df8bb3) sub     s7, t6, a3
core   0: 3 0x80000a72 (0x40df8bb3) x23 0x000000e8
core   0: 0x80000a76 (0x31e10783) lb      a5, 798(sp)
core   0: 3 0x80000a76 (0x31e10783) x15 0xffffffec mem 0x80019737
core   0: 0x80000a7a (0x00018417) auipc   s0, 0x18
core   0: 3 0x80000a7a (0x00018417) x 8 0x80018a7a
core   0: 0x80000a7e (0xc9c40413) addi    s0, s0, -868
core   0: 3 0x80000a7e (0xc9c40413) x 8 0x80018716
core   0: 0x80000a82 (0x02144a83) lbu     s5, 33(s0)
core   0: 3 0x80000a82 (0x02144a83) x21 0x000000ec mem 0x80018737
core   0: 0x80000a86 (0x00006e0d) c.lui   t3, 0x3
core   0: 3 0x80000a86 (0x6e0d) x28 0x00003000
core   0: 0x80000a88 (0xfcb44283) lbu     t0, -53(s0)
core   0: 3 0x80000a88 (0xfcb44283) x 5 0x0000009a mem 0x800186e1
core   0: 0x80000a8c (0xfd9401a3) sb      s9, -61(s0)
core   0: 3 0x80000a8c (0xfd9401a3) mem 0x800186d9 0xe0
core   0: 0x80000a90 (0x0000117d) c.addi  sp, -1
core   0: 3 0x80000a90 (0x117d) x 2 0x80019418
core   0: 0x80000a92 (0x00006bd5) c.lui   s7, 0x15
core   0: 3 0x80000a92 (0x6bd5) x23 0x00015000
core   0: 0x80000a94 (0xfd640723) sb      s6, -50(s0)
core   0: 3 0x80000a94 (0xfd640723) mem 0x800186e4 0x64
core   0: 0x80000a98 (0x03245c83) lhu     s9, 50(s0)
core   0: 3 0x80000a98 (0x03245c83) x25 0x00000203 mem 0x80018748
core   0: 0x80000a9c (0xc4a93b93) sltiu   s7, s2, -950
core   0: 3 0x80000a9c (0xc4a93b93) x23 0x00000001
core   0: 0x80000aa0 (0xffe40aa3) sb      t5, -11(s0)
core   0: 3 0x80000aa0 (0xffe40aa3) mem 0x8001870b 0xdc
core   0: 0x80000aa4 (0x0000615d) c.addi16sp sp, 432
core   0: 3 0x80000aa4 (0x615d) x 2 0x800195c8
core   0: 0x80000aa6 (0x01f36333) or      t1, t1, t6
core   0: 3 0x80000aa6 (0x01f36333) x 6 0xfffffffc
core   0: 0x80000aaa (0x02382cb3) mulhsu  s9, a6, gp
core   0: 3 0x80000aaa (0x02382cb3) x25 0xffffffff
core   0: 0x80000aae (0xfc940603) lb      a2, -55(s0)
core   0: 3 0x80000aae (0xfc940603) x12 0xffffff94 mem 0x800186df
core   0: 0x80000ab2 (0xfe4403a3) sb      tp, -25(s0)
core   0: 3 0x80000ab2 (0xfe4403a3) mem 0x800186fd 0xc2
core   0: 0x80000ab6 (0xfc7402a3) sb      t2, -59(s0)
core   0: 3 0x80000ab6 (0xfc7402a3) mem 0x800186db 0xca
core   0: 0x80000aba (0x00740703) lb      a4, 7(s0)
core   0: 3 0x80000aba (0x00740703) x14 0xffffffd6 mem 0x8001871d
core   0: 0x80000abe (0x41735fb3) sra     t6, t1, s7
core   0: 3 0x80000abe (0x41735fb3) x31 0xfffffffe
core   0: 0x80000ac2 (0x013dacb3) slt     s9, s11, s3
core   0: 3 0x80000ac2 (0x013dacb3) x25 0x00000001
core   0: 0x80000ac6 (0x00004499) c.li    s1, 6
core   0: 3 0x80000ac6 (0x4499) x 9 0x00000006
core   0: 0x80000ac8 (0xfe340b83) lb      s7, -29(s0)
core   0: 3 0x80000ac8 (0xfe340b83) x23 0xffffffb2 mem 0x800186f9
core   0: 0x80000acc (0xff940583) lb      a1, -7(s0)
core   0: 3 0x80000acc (0xff940583) x11 0xffffffc4 mem 0x8001870f
core   0: 0x80000ad0 (0x00009afd) c.andi  a3, -1
core   0: 3 0x80000ad0 (0x9afd) x13 0xffffff8c
core   0: 0x80000ad2 (0x007406a3) sb      t2, 13(s0)
core   0: 3 0x80000ad2 (0x007406a3) mem 0x80018723 0xca
core   0: 0x80000ad6 (0x00010117) auipc   sp, 0x10
core   0: 3 0x80000ad6 (0x00010117) x 2 0x80010ad6
core   0: 0x80000ada (0xf6610113) addi    sp, sp, -154
core   0: 3 0x80000ada (0xf6610113) x 2 0x80010a3c
core   0: 0x80000ade (0x28310b83) lb      s7, 643(sp)
core   0: 3 0x80000ade (0x28310b83) x23 0x00000074 mem 0x80010cbf
core   0: 0x80000ae2 (0x0000c66a) c.swsp  s10, 12(sp)
core   0: 3 0x80000ae2 (0xc66a) mem 0x80010a48 0x8001fa95
core   0: 0x80000ae4 (0x01e285b3) add     a1, t0, t5
core   0: 3 0x80000ae4 (0x01e285b3) x11 0x80012076
core   0: 0x80000ae8 (0x000046b2) c.lwsp  a3, 12(sp)
core   0: 3 0x80000ae8 (0x46b2) x13 0x8001fa95 mem 0x80010a48
core   0: 0x80000aea (0xbc8107a3) sb      s0, -1073(sp)
core   0: 3 0x80000aea (0xbc8107a3) mem 0x8001060b 0x16
core   0: 0x80000aee (0xbcf14c03) lbu     s8, -1073(sp)
core   0: 3 0x80000aee (0xbcf14c03) x24 0x00000016 mem 0x8001060b
core   0: 0x80000af2 (0x004f41b3) xor     gp, t5, tp
core   0: 3 0x80000af2 (0x004f41b3) x 3 0x0000231e
core   0: 0x80000af6 (0x032f6f33) rem     t5, t5, s2
core   0: 3 0x80000af6 (0x032f6f33) x30 0xfffff734
core   0: 0x80000afa (0x3b814783) lbu     a5, 952(sp)
core   0: 3 0x80000afa (0x3b814783) x15 0x000000af mem 0x80010df4
core   0: 0x80000afe (0x000082f6) c.mv    t0, t4
core   0: 3 0x80000afe (0x82f6) x 5 0xffffff35
core   0: 0x80000b00 (0x018a3bb3) sltu    s7, s4, s8
core   0: 3 0x80000b00 (0x018a3bb3) x23 0x00000000
core   0: 0x80000b04 (0x29a104a3) sb      s10, 649(sp)
core   0: 3 0x80000b04 (0x29a104a3) mem 0x80010cc5 0x95
core   0: 0x80000b08 (0xbc214783) lbu     a5, -1086(sp)
core   0: 3 0x80000b08 (0xbc214783) x15 0x000000b5 mem 0x800105fe
core   0: 0x80000b0c (0x36e1b913) sltiu   s2, gp, 878
core   0: 3 0x80000b0c (0x36e1b913) x18 0x00000000
core   0: 0x80000b10 (0xbc215903) lhu     s2, -1086(sp)
core   0: 3 0x80000b10 (0xbc215903) x18 0x0000b4b5 mem 0x800105fe
core   0: 0x80000b14 (0xbc211803) lh      a6, -1086(sp)
core   0: 3 0x80000b14 (0xbc211803) x16 0xffffb4b5 mem 0x800105fe
core   0: 0x80000b18 (0x00008ced) c.and   s1, a1
core   0: 3 0x80000b18 (0x8ced) x 9 0x00000006
core   0: 0x80000b1a (0x50011b23) sh      zero, 1302(sp)
core   0: 3 0x80000b1a (0x50011b23) mem 0x80010f52 0x0000
core   0: 0x80000b1e (0x51610903) lb      s2, 1302(sp)
core   0: 3 0x80000b1e (0x51610903) x18 0x00000000 mem 0x80010f52
core   0: 0x80000b22 (0x50011b23) sh      zero, 1302(sp)
core   0: 3 0x80000b22 (0x50011b23) mem 0x80010f52 0x0000
core   0: 0x80000b26 (0xe6314d03) lbu     s10, -413(sp)
core   0: 3 0x80000b26 (0xe6314d03) x26 0x00000054 mem 0x8001089f
core   0: 0x80000b2a (0xc0214003) lbu     zero, -1022(sp)
core   0: 3 0x80000b2a (0xc0214003) mem 0x8001063e
core   0: 0x80000b2e (0xc0214703) lbu     a4, -1022(sp)
core   0: 3 0x80000b2e (0xc0214703) x14 0x000000f5 mem 0x8001063e
core   0: 0x80000b32 (0xc0a10123) sb      a0, -1022(sp)
core   0: 3 0x80000b32 (0xc0a10123) mem 0x8001063e 0x0
core   0: 0x80000b36 (0x04c003ef) jal     t2, pc + 0x4c
core   0: 3 0x80000b36 (0x04c003ef) x 7 0x80000b3a
core   0: 0x80000b82 (0x000037c1) c.jal   pc - 64
core   0: 3 0x80000b82 (0x37c1) x 1 0x80000b84
core   0: 0x80000b42 (0x00003ff5) c.jal   pc - 4
core   0: 3 0x80000b42 (0x3ff5) x 1 0x80000b44
core   0: 0x80000b3e (0x00002021) c.jal   pc + 8
core   0: 3 0x80000b3e (0x2021) x 1 0x80000b40
core   0: 0x80000b46 (0x0080036f) jal     t1, pc + 0x8
core   0: 3 0x80000b46 (0x0080036f) x 6 0x80000b4a
core   0: 0x80000b4e (0x02c000ef) jal     pc + 0x2c
core   0: 3 0x80000b4e (0x02c000ef) x 1 0x80000b52
core   0: 0x80000b7a (0x0000bff9) c.j     pc - 34
core   0: 3 0x80000b7a (0xbff9)
core   0: 0x80000b58 (0x01200f6f) jal     t5, pc + 0x12
core   0: 3 0x80000b58 (0x01200f6f) x30 0x80000b5c
core   0: 0x80000b6a (0x01a000ef) jal     pc + 0x1a
core   0: 3 0x80000b6a (0x01a000ef) x 1 0x80000b6e
core   0: 0x80000b84 (0x0000bff9) c.j     pc - 34
core   0: 3 0x80000b84 (0xbff9)
core   0: 0x80000b62 (0x00400a6f) jal     s4, pc + 0x4
core   0: 3 0x80000b62 (0x00400a6f) x20 0x80000b66
core   0: 0x80000b66 (0x022000ef) jal     pc + 0x22
core   0: 3 0x80000b66 (0x022000ef) x 1 0x80000b6a
core   0: 0x80000b88 (0x000037e9) c.jal   pc - 54
core   0: 3 0x80000b88 (0x37e9) x 1 0x80000b8a
core   0: 0x80000b52 (0x00002015) c.jal   pc + 36
core   0: 3 0x80000b52 (0x2015) x 1 0x80000b54
core   0: 0x80000b76 (0x01000bef) jal     s7, pc + 0x10
core   0: 3 0x80000b76 (0x01000bef) x23 0x80000b7a
core   0: 0x80000b86 (0x00003fdd) c.jal   pc - 10
core   0: 3 0x80000b86 (0x3fdd) x 1 0x80000b88
core   0: 0x80000b7c (0xff5fffef) jal     t6, pc - 0xc
core   0: 3 0x80000b7c (0xff5fffef) x31 0x80000b80
core   0: 0x80000b70 (0x00002009) c.jal   pc + 2
core   0: 3 0x80000b70 (0x2009) x 1 0x80000b72
core   0: 0x80000b72 (0xffdff0ef) jal     pc - 0x4
core   0: 3 0x80000b72 (0xffdff0ef) x 1 0x80000b76
core   0: 0x80000b6e (0x0000b7dd) c.j     pc - 26
core   0: 3 0x80000b6e (0xb7dd)
core   0: 0x80000b54 (0xff9ff36f) jal     t1, pc - 0x8
core   0: 3 0x80000b54 (0xff9ff36f) x 6 0x80000b58
core   0: 0x80000b4c (0x00002809) c.jal   pc + 18
core   0: 3 0x80000b4c (0x2809) x 1 0x80000b4e
core   0: 0x80000b5e (0xfedff1ef) jal     gp, pc - 0x14
core   0: 3 0x80000b5e (0xfedff1ef) x 3 0x80000b62
core   0: 0x80000b4a (0x00002809) c.jal   pc + 18
core   0: 3 0x80000b4a (0x2809) x 1 0x80000b4c
core   0: 0x80000b5c (0x0000bff9) c.j     pc - 34
core   0: 3 0x80000b5c (0xbff9)
core   0: 0x80000b3a (0x046000ef) jal     pc + 0x46
core   0: 3 0x80000b3a (0x046000ef) x 1 0x80000b3e
core   0: 0x80000b80 (0x000037d1) c.jal   pc - 60
core   0: 3 0x80000b80 (0x37d1) x 1 0x80000b82
core   0: 0x80000b44 (0x0000bff5) c.j     pc - 4
core   0: 3 0x80000b44 (0xbff5)
core   0: 0x80000b40 (0x000020a9) c.jal   pc + 74
core   0: 3 0x80000b40 (0x20a9) x 1 0x80000b42
core   0: 0x80000b8a (0x0ff0000f) fence   iorw,iorw
core   0: 3 0x80000b8a (0x0ff0000f)
core   0: 0x80000b8e (0x00010117) auipc   sp, 0x10
core   0: 3 0x80000b8e (0x00010117) x 2 0x80010b8e
core   0: 0x80000b92 (0x2ec10113) addi    sp, sp, 748
core   0: 3 0x80000b92 (0x2ec10113) x 2 0x80010e7a
core   0: 0x80000b96 (0x02114783) lbu     a5, 33(sp)
core   0: 3 0x80000b96 (0x02114783) x15 0x00000050 mem 0x80010e9b
core   0: 0x80000b9a (0x02510183) lb      gp, 37(sp)
core   0: 3 0x80000b9a (0x02510183) x 3 0x00000054 mem 0x80010e9f
core   0: 0x80000b9e (0x019b1693) slli    a3, s6, 25
core   0: 3 0x80000b9e (0x019b1693) x13 0xc8000000
core   0: 0x80000ba2 (0x03e66c33) rem     s8, a2, t5
core   0: 3 0x80000ba2 (0x03e66c33) x24 0xffffff94
core   0: 0x80000ba6 (0x02c31333) mulh    t1, t1, a2
core   0: 3 0x80000ba6 (0x02c31333) x 6 0x00000035
core   0: 0x80000baa (0x00b14c03) lbu     s8, 11(sp)
core   0: 3 0x80000baa (0x00b14c03) x24 0x0000003e mem 0x80010e85
core   0: 0x80000bae (0xd830dc97) auipc   s9, 0xd830d
core   0: 3 0x80000bae (0xd830dc97) x25 0x5830dbae
core   0: 0x80000bb2 (0x02a12e83) lw      t4, 42(sp)
core   0: 3 0x80000bb2 (0x02a12e83) x29 0x5c5d5e5f mem 0x80010ea4
core   0: 0x80000bb6 (0xfd411f03) lh      t5, -44(sp)
core   0: 3 0x80000bb6 (0xfd411f03) x30 0x00000405 mem 0x80010e4e
core   0: 0x80000bba (0x0000881d) c.andi  s0, 7
core   0: 3 0x80000bba (0x881d) x 8 0x00000006
core   0: 0x80000bbc (0x030018b3) mulh    a7, zero, a6
core   0: 3 0x80000bbc (0x030018b3) x17 0x00000000
core   0: 0x80000bc0 (0xa832ed37) lui     s10, 0xa832e
core   0: 3 0x80000bc0 (0xa832ed37) x26 0xa832e000
core   0: 0x80000bc4 (0x03015f83) lhu     t6, 48(sp)
core   0: 3 0x80000bc4 (0x03015f83) x31 0x00006061 mem 0x80010eaa
core   0: 0x80000bc8 (0x00008c05) c.sub   s0, s1
core   0: 3 0x80000bc8 (0x8c05) x 8 0x00000000
core   0: 0x80000bca (0xffa11383) lh      t2, -6(sp)
core   0: 3 0x80000bca (0xffa11383) x 7 0x00002e2f mem 0x80010e74
core   0: 0x80000bce (0x00008ffd) c.and   a5, a5
core   0: 3 0x80000bce (0x8ffd) x15 0x00000050
core   0: 0x80000bd0 (0x03d14803) lbu     a6, 61(sp)
core   0: 3 0x80000bd0 (0x03d14803) x16 0x0000006c mem 0x80010eb7
core   0: 0x80000bd4 (0x00006bed) c.lui   s7, 0x1b
core   0: 3 0x80000bd4 (0x6bed) x23 0x0001b000
core   0: 0x80000bd6 (0x011871b3) and     gp, a6, a7
core   0: 3 0x80000bd6 (0x011871b3) x 3 0x00000000
core   0: 0x80000bda (0x02a663b3) rem     t2, a2, a0
core   0: 3 0x80000bda (0x02a663b3) x 7 0xffffff94
core   0: 0x80000bde (0xdfc3ba13) sltiu   s4, t2, -516
core   0: 3 0x80000bde (0xdfc3ba13) x20 0x00000000
core   0: 0x80000be2 (0xffd105a3) sb      t4, -21(sp)
core   0: 3 0x80000be2 (0xffd105a3) mem 0x80010e65 0x5f
core   0: 0x80000be6 (0x00001cfd) c.addi  s9, -1
core   0: 3 0x80000be6 (0x1cfd) x25 0x5830dbad
core   0: 0x80000be8 (0xee9b8793) addi    a5, s7, -279
core   0: 3 0x80000be8 (0xee9b8793) x15 0x0001aee9
core   0: 0x80000bec (0xfe414f83) lbu     t6, -28(sp)
core   0: 3 0x80000bec (0xfe414f83) x31 0x00000015 mem 0x80010e5e
core   0: 0x80000bf0 (0xfca11e03) lh      t3, -54(sp)
core   0: 3 0x80000bf0 (0xfca11e03) x28 0xfffffeff mem 0x80010e44
core   0: 0x80000bf4 (0x00615d03) lhu     s10, 6(sp)
core   0: 3 0x80000bf4 (0x00615d03) x26 0x00003a3b mem 0x80010e80
core   0: 0x80000bf8 (0xfc910b23) sb      s1, -42(sp)
core   0: 3 0x80000bf8 (0xfc910b23) mem 0x80010e50 0x6
core   0: 0x80000bfc (0xfee14a03) lbu     s4, -18(sp)
core   0: 3 0x80000bfc (0xfee14a03) x20 0x00000023 mem 0x80010e68
core   0: 0x80000c00 (0x021ab733) mulhu   a4, s5, ra
core   0: 3 0x80000c00 (0x021ab733) x14 0x00000076
core   0: 0x80000c04 (0x02ac3933) mulhu   s2, s8, a0
core   0: 3 0x80000c04 (0x02ac3933) x18 0x00000000
core   0: 0x80000c08 (0x01114783) lbu     a5, 17(sp)
core   0: 3 0x80000c08 (0x01114783) x15 0x00000040 mem 0x80010e8b
core   0: 0x80000c0c (0x00e06033) or      zero, zero, a4
core   0: 3 0x80000c0c (0x00e06033)
core   0: 0x80000c10 (0x40408c33) sub     s8, ra, tp
core   0: 3 0x80000c10 (0x40408c33) x24 0xfffece80
core   0: 0x80000c14 (0x18ff0f93) addi    t6, t5, 399
core   0: 3 0x80000c14 (0x18ff0f93) x31 0x00000594
core   0: 0x80000c18 (0x0247f233) remu    tp, a5, tp
core   0: 3 0x80000c18 (0x0247f233) x 4 0x00000040
core   0: 0x80000c1c (0x01910603) lb      a2, 25(sp)
core   0: 3 0x80000c1c (0x01910603) x12 0x00000048 mem 0x80010e93
core   0: 0x80000c20 (0xfc012b23) sw      zero, -42(sp)
core   0: 3 0x80000c20 (0xfc012b23) mem 0x80010e50 0x00000000
core   0: 0x80000c24 (0xff910183) lb      gp, -7(sp)
core   0: 3 0x80000c24 (0xff910183) x 3 0x00000028 mem 0x80010e73
core   0: 0x80000c28 (0xfca11223) sh      a0, -60(sp)
core   0: 3 0x80000c28 (0xfca11223) mem 0x80010e3e 0x0000
core   0: 0x80000c2c (0x00005e7d) c.li    t3, -1
core   0: 3 0x80000c2c (0x5e7d) x28 0xffffffff
core   0: 0x80000c2e (0xdb766a93) ori     s5, a2, -585
core   0: 3 0x80000c2e (0xdb766a93) x21 0xfffffdff
core   0: 0x80000c32 (0xca26ac13) slti    s8, a3, -862
core   0: 3 0x80000c32 (0xca26ac13) x24 0x00000001
core   0: 0x80000c36 (0x00c14b83) lbu     s7, 12(sp)
core   0: 3 0x80000c36 (0x00c14b83) x23 0x0000003d mem 0x80010e86
core   0: 0x80000c3a (0x0243d4b3) divu    s1, t2, tp
core   0: 3 0x80000c3a (0x0243d4b3) x 9 0x03fffffe
core   0: 0x80000c3e (0x00008f79) c.and   a4, a4
core   0: 3 0x80000c3e (0x8f79) x14 0x00000076
core   0: 0x80000c40 (0xbb4be593) ori     a1, s7, -1100
core   0: 3 0x80000c40 (0xbb4be593) x11 0xfffffbbd
core   0: 0x80000c44 (0x4198df33) sra     t5, a7, s9
core   0: 3 0x80000c44 (0x4198df33) x30 0x00000000
core   0: 0x80000c48 (0xfda10203) lb      tp, -38(sp)
core   0: 3 0x80000c48 (0xfda10203) x 4 0x0000000f mem 0x80010e54
core   0: 0x80000c4c (0xfff10083) lb      ra, -1(sp)
core   0: 3 0x80000c4c (0xfff10083) x 1 0x00000032 mem 0x80010e79
core   0: 0x80000c50 (0x012101a3) sb      s2, 3(sp)
core   0: 3 0x80000c50 (0x012101a3) mem 0x80010e7d 0x0
core   0: 0x80000c54 (0xfc015f03) lhu     t5, -64(sp)
core   0: 3 0x80000c54 (0xfc015f03) x30 0x0000f0f1 mem 0x80010e3a
core   0: 0x80000c58 (0x93d58093) addi    ra, a1, -1731
core   0: 3 0x80000c58 (0x93d58093) x 1 0xfffff4fa
core   0: 0x80000c5c (0xfc212303) lw      t1, -62(sp)
core   0: 3 0x80000c5c (0xfc212303) x 6 0x0000f6f7 mem 0x80010e3c
core   0: 0x80000c60 (0x00010117) auipc   sp, 0x10
core   0: 3 0x80000c60 (0x00010117) x 2 0x80010c60
core   0: 0x80000c64 (0x84f10113) addi    sp, sp, -1969
core   0: 3 0x80000c64 (0x84f10113) x 2 0x800104af
core   0: 0x80000c68 (0xcc957e13) andi    t3, a0, -823
core   0: 3 0x80000c68 (0xcc957e13) x28 0x00000000
core   0: 0x80000c6c (0x017c7a33) and     s4, s8, s7
core   0: 3 0x80000c6c (0x017c7a33) x20 0x00000001
core   0: 0x80000c70 (0x03811da3) sh      s8, 59(sp)
core   0: 3 0x80000c70 (0x03811da3) mem 0x800104ea 0x0001
core   0: 0x80000c74 (0x013e8833) add     a6, t4, s3
core   0: 3 0x80000c74 (0x013e8833) x16 0x5c5d5e67
core   0: 0x80000c78 (0x00000bfd) c.addi  s7, 31
core   0: 3 0x80000c78 (0x0bfd) x23 0x0000005c
core   0: 0x80000c7a (0xfe0122a3) sw      zero, -27(sp)
core   0: 3 0x80000c7a (0xfe0122a3) mem 0x80010494 0x00000000
core   0: 0x80000c7e (0x00000001) c.nop
core   0: 3 0x80000c7e (0x0001)
core   0: 0x80000c80 (0x4a5fbe13) sltiu   t3, t6, 1189
core   0: 3 0x80000c80 (0x4a5fbe13) x28 0x00000000
core   0: 0x80000c84 (0x008107a3) sb      s0, 15(sp)
core   0: 3 0x80000c84 (0x008107a3) mem 0x800104be 0x0
core   0: 0x80000c88 (0xfea14083) lbu     ra, -22(sp)
core   0: 3 0x80000c88 (0xfea14083) x 1 0x00000052 mem 0x80010499
core   0: 0x80000c8c (0xfe410423) sb      tp, -24(sp)
core   0: 3 0x80000c8c (0xfe410423) mem 0x80010497 0xf
core   0: 0x80000c90 (0xff614683) lbu     a3, -10(sp)
core   0: 3 0x80000c90 (0xff614683) x13 0x0000005e mem 0x800104a5
core   0: 0x80000c94 (0x03b7ef33) rem     t5, a5, s11
core   0: 3 0x80000c94 (0x03b7ef33) x30 0x00000040
core   0: 0x80000c98 (0x00008cad) c.xor   s1, a1
core   0: 3 0x80000c98 (0x8cad) x 9 0xfc000443
core   0: 0x80000c9a (0xfe210303) lb      t1, -30(sp)
core   0: 3 0x80000c9a (0xfe210303) x 6 0x0000004a mem 0x80010491
core   0: 0x80000c9e (0xfe214483) lbu     s1, -30(sp)
core   0: 3 0x80000c9e (0xfe214483) x 9 0x0000004a mem 0x80010491
core   0: 0x80000ca2 (0x00000ed6) c.slli  t4, 21
core   0: 3 0x80000ca2 (0x0ed6) x29 0xcbe00000
core   0: 0x80000ca4 (0x025061b3) rem     gp, zero, t0
core   0: 3 0x80000ca4 (0x025061b3) x 3 0x00000000
core   0: 0x80000ca8 (0x03cb18b3) mulh    a7, s6, t3
core   0: 3 0x80000ca8 (0x03cb18b3) x17 0x00000000
core   0: 0x80000cac (0x00008d09) c.sub   a0, a0
core   0: 3 0x80000cac (0x8d09) x10 0x00000000
core   0: 0x80000cae (0x03edafb3) mulhsu  t6, s11, t5
core   0: 3 0x80000cae (0x03edafb3) x31 0xffffffe0
core   0: 0x80000cb2 (0xfe010d03) lb      s10, -32(sp)
core   0: 3 0x80000cb2 (0xfe010d03) x26 0x00000044 mem 0x8001048f
core   0: 0x80000cb6 (0x17044eb7) lui     t4, 0x17044
core   0: 3 0x80000cb6 (0x17044eb7) x29 0x17044000
core   0: 0x80000cba (0x0206e833) rem     a6, a3, zero
core   0: 3 0x80000cba (0x0206e833) x16 0x0000005e
core   0: 0x80000cbe (0x03b14a83) lbu     s5, 59(sp)
core   0: 3 0x80000cbe (0x03b14a83) x21 0x00000001 mem 0x800104ea
core   0: 0x80000cc2 (0x00c14a03) lbu     s4, 12(sp)
core   0: 3 0x80000cc2 (0x00c14a03) x20 0x00000070 mem 0x800104bb
core   0: 0x80000cc6 (0x00004195) c.li    gp, 5
core   0: 3 0x80000cc6 (0x4195) x 3 0x00000005
core   0: 0x80000cc8 (0xfc710883) lb      a7, -57(sp)
core   0: 3 0x80000cc8 (0xfc710883) x17 0x0000002d mem 0x80010476
core   0: 0x80000ccc (0x00db45b3) xor     a1, s6, a3
core   0: 3 0x80000ccc (0x00db45b3) x11 0x80025e3a
core   0: 0x80000cd0 (0x00c14283) lbu     t0, 12(sp)
core   0: 3 0x80000cd0 (0x00c14283) x 5 0x00000070 mem 0x800104bb
core   0: 0x80000cd4 (0xff114883) lbu     a7, -15(sp)
core   0: 3 0x80000cd4 (0xff114883) x17 0x0000005b mem 0x800104a0
core   0: 0x80000cd8 (0xfc810b83) lb      s7, -56(sp)
core   0: 3 0x80000cd8 (0xfc810b83) x23 0x0000002c mem 0x80010477
core   0: 0x80000cdc (0x00008e29) c.xor   a2, a0
core   0: 3 0x80000cdc (0x8e29) x12 0x00000048
core   0: 0x80000cde (0xff4103a3) sb      s4, -25(sp)
core   0: 3 0x80000cde (0xff4103a3) mem 0x80010496 0x70
core   0: 0x80000ce2 (0x00f115a3) sh      a5, 11(sp)
core   0: 3 0x80000ce2 (0x00f115a3) mem 0x800104ba 0x0040
core   0: 0x80000ce6 (0x040003ef) jal     t2, pc + 0x40
core   0: 3 0x80000ce6 (0x040003ef) x 7 0x80000cea
core   0: 0x80000d26 (0x0000b7f9) c.j     pc - 50
core   0: 3 0x80000d26 (0xb7f9)
core   0: 0x80000cf4 (0x00002009) c.jal   pc + 2
core   0: 3 0x80000cf4 (0x2009) x 1 0x80000cf6
core   0: 0x80000cf6 (0x00002829) c.jal   pc + 26
core   0: 3 0x80000cf6 (0x2829) x 1 0x80000cf8
core   0: 0x80000d10 (0x00002031) c.jal   pc + 12
core   0: 3 0x80000d10 (0x2031) x 1 0x80000d12
core   0: 0x80000d1c (0x00003ff9) c.jal   pc - 34
core   0: 3 0x80000d1c (0x3ff9) x 1 0x80000d1e
core   0: 0x80000cfa (0x00002009) c.jal   pc + 2
core   0: 3 0x80000cfa (0x2009) x 1 0x80000cfc
core   0: 0x80000cfc (0x0100036f) jal     t1, pc + 0x10
core   0: 3 0x80000cfc (0x0100036f) x 6 0x80000d00
core   0: 0x80000d0c (0x0000a809) c.j     pc + 18
core   0: 3 0x80000d0c (0xa809)
core   0: 0x80000d1e (0x00a000ef) jal     pc + 0xa
core   0: 3 0x80000d1e (0x00a000ef) x 1 0x80000d22
core   0: 0x80000d28 (0x0000b7d1) c.j     pc - 60
core   0: 3 0x80000d28 (0xb7d1)
core   0: 0x80000cec (0x00002009) c.jal   pc + 2
core   0: 3 0x80000cec (0x2009) x 1 0x80000cee
core   0: 0x80000cee (0x01a000ef) jal     pc + 0x1a
core   0: 3 0x80000cee (0x01a000ef) x 1 0x80000cf2
core   0: 0x80000d08 (0x00c0036f) jal     t1, pc + 0xc
core   0: 3 0x80000d08 (0x00c0036f) x 6 0x80000d0c
core   0: 0x80000d14 (0x006002ef) jal     t0, pc + 0x6
core   0: 3 0x80000d14 (0x006002ef) x 5 0x80000d18
core   0: 0x80000d1a (0x00003ffd) c.jal   pc - 2
core   0: 3 0x80000d1a (0x3ffd) x 1 0x80000d1c
core   0: 0x80000d18 (0x00003fed) c.jal   pc - 6
core   0: 3 0x80000d18 (0x3fed) x 1 0x80000d1a
core   0: 0x80000d12 (0x000037dd) c.jal   pc - 26
core   0: 3 0x80000d12 (0x37dd) x 1 0x80000d14
core   0: 0x80000cf8 (0x0000a80d) c.j     pc + 50
core   0: 3 0x80000cf8 (0xa80d)
core   0: 0x80000d2a (0x00003fd9) c.jal   pc - 42
core   0: 3 0x80000d2a (0x3fd9) x 1 0x80000d2c
core   0: 0x80000d00 (0x00e0056f) jal     a0, pc + 0xe
core   0: 3 0x80000d00 (0x00e0056f) x10 0x80000d04
core   0: 0x80000d0e (0x000037d5) c.jal   pc - 28
core   0: 3 0x80000d0e (0x37d5) x 1 0x80000d10
core   0: 0x80000cf2 (0x00003fe5) c.jal   pc - 8
core   0: 3 0x80000cf2 (0x3fe5) x 1 0x80000cf4
core   0: 0x80000cea (0x0000a829) c.j     pc + 26
core   0: 3 0x80000cea (0xa829)
core   0: 0x80000d04 (0x01e004ef) jal     s1, pc + 0x1e
core   0: 3 0x80000d04 (0x01e004ef) x 9 0x80000d08
core   0: 0x80000d22 (0x00a00bef) jal     s7, pc + 0xa
core   0: 3 0x80000d22 (0x00a00bef) x23 0x80000d26
core   0: 0x80000d2c (0x00008551) c.srai  a0, 20
core   0: 3 0x80000d2c (0x8551) x10 0xfffff800
core   0: 0x80000d2e (0x00010117) auipc   sp, 0x10
core   0: 3 0x80000d2e (0x00010117) x 2 0x80010d2e
core   0: 0x80000d32 (0xffb10113) addi    sp, sp, -5
core   0: 3 0x80000d32 (0xffb10113) x 2 0x80010d29
core   0: 0x80000d36 (0x01bf7bb3) and     s7, t5, s11
core   0: 3 0x80000d36 (0x01bf7bb3) x23 0x00000040
core   0: 0x80000d3a (0xff8104a3) sb      s8, -23(sp)
core   0: 3 0x80000d3a (0xff8104a3) mem 0x80010d12 0x1
core   0: 0x80000d3e (0x660afc13) andi    s8, s5, 1632
core   0: 3 0x80000d3e (0x660afc13) x24 0x00000000
core   0: 0x80000d42 (0xfe914003) lbu     zero, -23(sp)
core   0: 3 0x80000d42 (0xfe914003) mem 0x80010d12
core   0: 0x80000d46 (0xff5114a3) sh      s5, -23(sp)
core   0: 3 0x80000d46 (0xff5114a3) mem 0x80010d12 0x0001
core   0: 0x80000d4a (0xfff114a3) sh      t6, -23(sp)
core   0: 3 0x80000d4a (0xfff114a3) mem 0x80010d12 0xffe0
core   0: 0x80000d4e (0x005bfcb3) and     s9, s7, t0
core   0: 3 0x80000d4e (0x005bfcb3) x25 0x00000000
core   0: 0x80000d52 (0xfe5104a3) sb      t0, -23(sp)
core   0: 3 0x80000d52 (0xfe5104a3) mem 0x80010d12 0x18
core   0: 0x80000d56 (0xfeb114a3) sh      a1, -23(sp)
core   0: 3 0x80000d56 (0xfeb114a3) mem 0x80010d12 0x5e3a
core   0: 0x80000d5a (0x03ed0bb3) mul     s7, s10, t5
core   0: 3 0x80000d5a (0x03ed0bb3) x23 0x00001100
core   0: 0x80000d5e (0xfe5104a3) sb      t0, -23(sp)
core   0: 3 0x80000d5e (0xfe5104a3) mem 0x80010d12 0x18
core   0: 0x80000d62 (0xfe915503) lhu     a0, -23(sp)
core   0: 3 0x80000d62 (0xfe915503) x10 0x00005e18 mem 0x80010d12
core   0: 0x80000d66 (0x4034d313) srai    t1, s1, 3
core   0: 3 0x80000d66 (0x4034d313) x 6 0xf00001a1
core   0: 0x80000d6a (0xfe914f03) lbu     t5, -23(sp)
core   0: 3 0x80000d6a (0xfe914f03) x30 0x00000018 mem 0x80010d12
core   0: 0x80000d6e (0x00006d41) c.lui   s10, 0x10
core   0: 3 0x80000d6e (0x6d41) x26 0x00010000
core   0: 0x80000d70 (0xfe910283) lb      t0, -23(sp)
core   0: 3 0x80000d70 (0xfe910283) x 5 0x00000018 mem 0x80010d12
core   0: 0x80000d74 (0xfd010d23) sb      a6, -38(sp)
core   0: 3 0x80000d74 (0xfd010d23) mem 0x80010d03 0x5e
core   0: 0x80000d78 (0xfda10003) lb      zero, -38(sp)
core   0: 3 0x80000d78 (0xfda10003) mem 0x80010d03
core   0: 0x80000d7c (0xfd510d23) sb      s5, -38(sp)
core   0: 3 0x80000d7c (0xfd510d23) mem 0x80010d03 0x1
core   0: 0x80000d80 (0xfda10d23) sb      s10, -38(sp)
core   0: 3 0x80000d80 (0xfda10d23) mem 0x80010d03 0x0
core   0: 0x80000d84 (0xfda14403) lbu     s0, -38(sp)
core   0: 3 0x80000d84 (0xfda14403) x 8 0x00000000 mem 0x80010d03
core   0: 0x80000d88 (0x01d15d03) lhu     s10, 29(sp)
core   0: 3 0x80000d88 (0x01d15d03) x26 0x0000fcfd mem 0x80010d46
core   0: 0x80000d8c (0x01d11f03) lh      t5, 29(sp)
core   0: 3 0x80000d8c (0x01d11f03) x30 0xfffffcfd mem 0x80010d46
core   0: 0x80000d90 (0x01d14803) lbu     a6, 29(sp)
core   0: 3 0x80000d90 (0x01d14803) x16 0x000000fd mem 0x80010d46
core   0: 0x80000d94 (0x01d11203) lh      tp, 29(sp)
core   0: 3 0x80000d94 (0x01d11203) x 4 0xfffffcfd mem 0x80010d46
core   0: 0x80000d98 (0x000093b2) c.add   t2, a2
core   0: 3 0x80000d98 (0x93b2) x 7 0x80000d32
core   0: 0x80000d9a (0x01d15303) lhu     t1, 29(sp)
core   0: 3 0x80000d9a (0x01d15303) x 6 0x0000fcfd mem 0x80010d46
core   0: 0x80000d9e (0x00012497) auipc   s1, 0x12
core   0: 3 0x80000d9e (0x00012497) x 9 0x80012d9e
core   0: 0x80000da2 (0x6f348493) addi    s1, s1, 1779
core   0: 3 0x80000da2 (0x6f348493) x 9 0x80013491
core   0: 0x80000da6 (0x0001e317) auipc   t1, 0x1e
core   0: 3 0x80000da6 (0x0001e317) x 6 0x8001eda6
core   0: 0x80000daa (0xa0a30313) addi    t1, t1, -1526
core   0: 3 0x80000daa (0xa0a30313) x 6 0x8001e7b0
core   0: 0x80000dae (0x00432783) lw      a5, 4(t1)
core   0: 3 0x80000dae (0x00432783) x15 0x6c6d6e6f mem 0x8001e7b4
core   0: 0x80000db2 (0x0dc48fa3) sb      t3, 223(s1)
core   0: 3 0x80000db2 (0x0dc48fa3) mem 0x80013570 0x0
core   0: 0x80000db6 (0x00b30803) lb      a6, 11(t1)
core   0: 3 0x80000db6 (0x00b30803) x16 0x00000070 mem 0x8001e7bb
core   0: 0x80000dba (0x0ec4c683) lbu     a3, 236(s1)
core   0: 3 0x80000dba (0x0ec4c683) x13 0x00000036 mem 0x8001357d
core   0: 0x80000dbe (0xff048223) sb      a6, -28(s1)
core   0: 3 0x80000dbe (0xff048223) mem 0x80013475 0x70
core   0: 0x80000dc2 (0xff832f83) lw      t6, -8(t1)
core   0: 3 0x80000dc2 (0xff832f83) x31 0x60616263 mem 0x8001e7a8
core   0: 0x80000dc6 (0xffb30b23) sb      s11, -10(t1)
core   0: 3 0x80000dc6 (0xffb30b23) mem 0x8001e7a6 0xe4
core   0: 0x80000dca (0xf8448083) lb      ra, -124(s1)
core   0: 3 0x80000dca (0xf8448083) x 1 0xffffffce mem 0x80013415
core   0: 0x80000dce (0x00e35603) lhu     a2, 14(t1)
core   0: 3 0x80000dce (0x00e35603) x12 0x00007475 mem 0x8001e7be
core   0: 0x80000dd2 (0xff348fa3) sb      s3, -1(s1)
core   0: 3 0x80000dd2 (0xff348fa3) mem 0x80013490 0x8
core   0: 0x80000dd6 (0xffe31c23) sh      t5, -8(t1)
core   0: 3 0x80000dd6 (0xffe31c23) mem 0x8001e7a8 0xfcfd
core   0: 0x80000dda (0x0594d203) lhu     tp, 89(s1)
core   0: 3 0x80000dda (0x0594d203) x 4 0x0000a0a1 mem 0x800134ea
core   0: 0x80000dde (0xff430f23) sb      s4, -2(t1)
core   0: 3 0x80000dde (0xff430f23) mem 0x8001e7ae 0x70
core   0: 0x80000de2 (0x05d49683) lh      a3, 93(s1)
core   0: 3 0x80000de2 (0x05d49683) x13 0xffffa4a5 mem 0x800134ee
core   0: 0x80000de6 (0x00130583) lb      a1, 1(t1)
core   0: 3 0x80000de6 (0x00130583) x11 0x0000006a mem 0x8001e7b1
core   0: 0x80000dea (0xfe331b23) sh      gp, -10(t1)
core   0: 3 0x80000dea (0xfe331b23) mem 0x8001e7a6 0x0005
core   0: 0x80000dee (0x0000f817) auipc   a6, 0xf
core   0: 3 0x80000dee (0x0000f817) x16 0x8000fdee
core   0: 0x80000df2 (0x2cc80813) addi    a6, a6, 716
core   0: 3 0x80000df2 (0x2cc80813) x16 0x800100ba
core   0: 0x80000df6 (0x00010a97) auipc   s5, 0x10
core   0: 3 0x80000df6 (0x00010a97) x21 0x80010df6
core   0: 0x80000dfa (0xb18a8a93) addi    s5, s5, -1256
core   0: 3 0x80000dfa (0xb18a8a93) x21 0x8001090e
core   0: 0x80000dfe (0x00010717) auipc   a4, 0x10
core   0: 3 0x80000dfe (0x00010717) x14 0x80010dfe
core   0: 0x80000e02 (0xa2e70713) addi    a4, a4, -1490
core   0: 3 0x80000e02 (0xa2e70713) x14 0x8001082c
core   0: 0x80000e06 (0x0000f417) auipc   s0, 0xf
core   0: 3 0x80000e06 (0x0000f417) x 8 0x8000fe06
core   0: 0x80000e0a (0x59140413) addi    s0, s0, 1425
core   0: 3 0x80000e0a (0x59140413) x 8 0x80010397
core   0: 0x80000e0e (0x613ac083) lbu     ra, 1555(s5)
core   0: 3 0x80000e0e (0x613ac083) x 1 0x000000da mem 0x80010f21
core   0: 0x80000e12 (0x00010617) auipc   a2, 0x10
core   0: 3 0x80000e12 (0x00010617) x12 0x80010e12
core   0: 0x80000e16 (0xd7960613) addi    a2, a2, -647
core   0: 3 0x80000e16 (0xd7960613) x12 0x80010b8b
core   0: 0x80000e1a (0x4c9a8aa3) sb      s1, 1237(s5)
core   0: 3 0x80000e1a (0x4c9a8aa3) mem 0x80010de3 0x91
core   0: 0x80000e1e (0x00980aa3) sb      s1, 21(a6)
core   0: 3 0x80000e1e (0x00980aa3) mem 0x800100cf 0x91
core   0: 0x80000e22 (0xfcd84a03) lbu     s4, -51(a6)
core   0: 3 0x80000e22 (0xfcd84a03) x20 0x0000003c mem 0x80010087
core   0: 0x80000e26 (0xffd45303) lhu     t1, -3(s0)
core   0: 3 0x80000e26 (0xffd45303) x 6 0x00004e4f mem 0x80010394
core   0: 0x80000e2a (0x00970e03) lb      t3, 9(a4)
core   0: 3 0x80000e2a (0x00970e03) x28 0xffffffee mem 0x80010835
core   0: 0x80000e2e (0x03f606a3) sb      t6, 45(a2)
core   0: 3 0x80000e2e (0x03f606a3) mem 0x80010bb8 0x63
core   0: 0x80000e32 (0x01b40283) lb      t0, 27(s0)
core   0: 3 0x80000e32 (0x01b40283) x 5 0x00000069 mem 0x800103b2
core   0: 0x80000e36 (0xfed80083) lb      ra, -19(a6)
core   0: 3 0x80000e36 (0xfed80083) x 1 0x0000005c mem 0x800100a7
core   0: 0x80000e3a (0x01584203) lbu     tp, 21(a6)
core   0: 3 0x80000e3a (0x01584203) x 4 0x00000091 mem 0x800100cf
core   0: 0x80000e3e (0xff670683) lb      a3, -10(a4)
core   0: 3 0x80000e3e (0xff670683) x13 0xffffffd9 mem 0x80010822
core   0: 0x80000e42 (0xa96a82a3) sb      s6, -1403(s5)
core   0: 3 0x80000e42 (0xa96a82a3) mem 0x80010393 0x64
core   0: 0x80000e46 (0x00004308) c.lw    a0, 0(a4)
core   0: 3 0x80000e46 (0x4308) x10 0xe4e5e6e7 mem 0x8001082c
core   0: 0x80000e48 (0xf4745f03) lhu     t5, -185(s0)
core   0: 3 0x80000e48 (0xf4745f03) x30 0x00009495 mem 0x800102de
core   0: 0x80000e4c (0x003806a3) sb      gp, 13(a6)
core   0: 3 0x80000e4c (0x003806a3) mem 0x800100c7 0x5
core   0: 0x80000e50 (0xb19a8b83) lb      s7, -1255(s5)
core   0: 3 0x80000e50 (0xb19a8b83) x23 0xffffffdc mem 0x80010427
core   0: 0x80000e54 (0x098a9323) sh      s8, 134(s5)
core   0: 3 0x80000e54 (0x098a9323) mem 0x80010994 0x0000
core   0: 0x80000e58 (0x01c700a3) sb      t3, 1(a4)
core   0: 3 0x80000e58 (0x01c700a3) mem 0x8001082d 0xee
core   0: 0x80000e5c (0xf7040203) lb      tp, -144(s0)
core   0: 3 0x80000e5c (0xf7040203) x 4 0xffffffbc mem 0x80010307
core   0: 0x80000e60 (0x0000c30c) c.sw    a1, 0(a4)
core   0: 3 0x80000e60 (0xc30c) mem 0x8001082c 0x0000006a
core   0: 0x80000e62 (0xfe080f83) lb      t6, -32(a6)
core   0: 3 0x80000e62 (0xfe080f83) x31 0x00000051 mem 0x8001009a
core   0: 0x80000e66 (0x00970583) lb      a1, 9(a4)
core   0: 3 0x80000e66 (0x00970583) x11 0xffffffee mem 0x80010835
core   0: 0x80000e6a (0xf9840003) lb      zero, -104(s0)
core   0: 3 0x80000e6a (0xf9840003) mem 0x8001032f
core   0: 0x80000e6e (0x01b61f03) lh      t5, 27(a2)
core   0: 3 0x80000e6e (0x01b61f03) x30 0x00005c5d mem 0x80010ba6
core   0: 0x80000e72 (0x00081083) lh      ra, 0(a6)
core   0: 3 0x80000e72 (0x00081083) x 1 0x00007071 mem 0x800100ba
core   0: 0x80000e76 (0x00970f03) lb      t5, 9(a4)
core   0: 3 0x80000e76 (0x00970f03) x30 0xffffffee mem 0x80010835
core   0: 0x80000e7a (0xf2a40f23) sb      a0, -194(s0)
core   0: 3 0x80000e7a (0xf2a40f23) mem 0x800102d5 0xe7
core   0: 0x80000e7e (0x01960aa3) sb      s9, 21(a2)
core   0: 3 0x80000e7e (0x01960aa3) mem 0x80010ba0 0x0
core   0: 0x80000e82 (0xfbc40003) lb      zero, -68(s0)
core   0: 3 0x80000e82 (0xfbc40003) mem 0x80010353
core   0: 0x80000e86 (0x00860c83) lb      s9, 8(a2)
core   0: 3 0x80000e86 (0x00860c83) x25 0x00000048 mem 0x80010b93
core   0: 0x80000e8a (0xffa81d03) lh      s10, -6(a6)
core   0: 3 0x80000e8a (0xffa81d03) x26 0x00006e6f mem 0x800100b4
core   0: 0x80000e8e (0x00e71a03) lh      s4, 14(a4)
core   0: 3 0x80000e8e (0x00e71a03) x20 0xfffff028 mem 0x8001083a
core   0: 0x80000e92 (0x736a8ba3) sb      s6, 1847(s5)
core   0: 3 0x80000e92 (0x736a8ba3) mem 0x80011045 0x64
core   0: 0x80000e96 (0x015802a3) sb      s5, 5(a6)
core   0: 3 0x80000e96 (0x015802a3) mem 0x800100bf 0xe
core   0: 0x80000e9a (0x02345b83) lhu     s7, 35(s0)
core   0: 3 0x80000e9a (0x02345b83) x23 0x00007071 mem 0x800103ba
core   0: 0x80000e9e (0x573a8e83) lb      t4, 1395(s5)
core   0: 3 0x80000e9e (0x573a8e83) x29 0x0000003a mem 0x80010e81
core   0: 0x80000ea2 (0xff885583) lhu     a1, -8(a6)
core   0: 3 0x80000ea2 (0xff885583) x11 0x00000869 mem 0x800100b2
core   0: 0x80000ea6 (0xf7840e83) lb      t4, -136(s0)
core   0: 3 0x80000ea6 (0xf7840e83) x29 0xffffffc4 mem 0x8001030f
core   0: 0x80000eaa (0xfec60f23) sb      a2, -2(a2)
core   0: 3 0x80000eaa (0xfec60f23) mem 0x80010b89 0x8b
core   0: 0x80000eae (0x00014197) auipc   gp, 0x14
core   0: 3 0x80000eae (0x00014197) x 3 0x80014eae
core   0: 0x80000eb2 (0x4a718193) addi    gp, gp, 1191
core   0: 3 0x80000eb2 (0x4a718193) x 3 0x80015355
core   0: 0x80000eb6 (0x00015217) auipc   tp, 0x15
core   0: 3 0x80000eb6 (0x00015217) x 4 0x80015eb6
core   0: 0x80000eba (0xe7820213) addi    tp, tp, -392
core   0: 3 0x80000eba (0xe7820213) x 4 0x80015d2e
core   0: 0x80000ebe (0x58421523) sh      tp, 1418(tp)
core   0: 3 0x80000ebe (0x58421523) mem 0x800162b8 0x5d2e
core   0: 0x80000ec2 (0x0e918e23) sb      s1, 252(gp)
core   0: 3 0x80000ec2 (0x0e918e23) mem 0x80015451 0x91
core   0: 0x80000ec6 (0x00718fa3) sb      t2, 31(gp)
core   0: 3 0x80000ec6 (0x00718fa3) mem 0x80015374 0x32
core   0: 0x80000eca (0x3ed20e23) sb      a3, 1020(tp)
core   0: 3 0x80000eca (0x3ed20e23) mem 0x8001612a 0xd9
core   0: 0x80000ece (0x73b24a03) lbu     s4, 1851(tp)
core   0: 3 0x80000ece (0x73b24a03) x20 0x00000022 mem 0x80016469
core   0: 0x80000ed2 (0x0631cd03) lbu     s10, 99(gp)
core   0: 3 0x80000ed2 (0x0631cd03) x26 0x00000073 mem 0x800153b8
core   0: 0x80000ed6 (0xd1021b23) sh      a6, -746(tp)
core   0: 3 0x80000ed6 (0xd1021b23) mem 0x80015a44 0x00ba
core   0: 0x80000eda (0x0ba1ca83) lbu     s5, 186(gp)
core   0: 3 0x80000eda (0x0ba1ca83) x21 0x000000c4 mem 0x8001540f
core   0: 0x80000ede (0xb6324f03) lbu     t5, -1181(tp)
core   0: 3 0x80000ede (0xb6324f03) x30 0x0000004a mem 0x80015891
core   0: 0x80000ee2 (0x0a018b83) lb      s7, 160(gp)
core   0: 3 0x80000ee2 (0x0a018b83) x23 0xffffffae mem 0x800153f5
core   0: 0x80000ee6 (0xc5324583) lbu     a1, -941(tp)
core   0: 3 0x80000ee6 (0xc5324583) x11 0x0000003a mem 0x80015981
core   0: 0x80000eea (0x27724e83) lbu     t4, 631(tp)
core   0: 3 0x80000eea (0x27724e83) x29 0x0000005e mem 0x80015fa5
core   0: 0x80000eee (0x73e25e83) lhu     t4, 1854(tp)
core   0: 3 0x80000eee (0x73e25e83) x29 0x00002627 mem 0x8001646c
core   0: 0x80000ef2 (0xe5220a03) lb      s4, -430(tp)
core   0: 3 0x80000ef2 (0xe5220a03) x20 0x0000003b mem 0x80015b80
core   0: 0x80000ef6 (0x95920223) sb      s9, -1724(tp)
core   0: 3 0x80000ef6 (0x95920223) mem 0x80015672 0x48
core   0: 0x80000efa (0x0001bd17) auipc   s10, 0x1b
core   0: 3 0x80000efa (0x0001bd17) x26 0x8001befa
core   0: 0x80000efe (0x803d0d13) addi    s10, s10, -2045
core   0: 3 0x80000efe (0x803d0d13) x26 0x8001b6fd
core   0: 0x80000f02 (0x0000f697) auipc   a3, 0xf
core   0: 3 0x80000f02 (0x0000f697) x13 0x8000ff02
core   0: 0x80000f06 (0x48c68693) addi    a3, a3, 1164
core   0: 3 0x80000f06 (0x48c68693) x13 0x8001038e
core   0: 0x80000f0a (0x039d00a3) sb      s9, 33(s10)
core   0: 3 0x80000f0a (0x039d00a3) mem 0x8001b71e 0x48
core   0: 0x80000f0e (0xff7d5a83) lhu     s5, -9(s10)
core   0: 3 0x80000f0e (0xff7d5a83) x21 0x0000aeaf mem 0x8001b6f4
core   0: 0x80000f12 (0xffb6ca03) lbu     s4, -5(a3)
core   0: 3 0x80000f12 (0xffb6ca03) x20 0x00000042 mem 0x80010389
core   0: 0x80000f16 (0x03bd25a3) sw      s11, 43(s10)
core   0: 3 0x80000f16 (0x03bd25a3) mem 0x8001b728 0x80029ce4
core   0: 0x80000f1a (0xfc2d4503) lbu     a0, -62(s10)
core   0: 3 0x80000f1a (0xfc2d4503) x10 0x00000074 mem 0x8001b6bf
core   0: 0x80000f1e (0x00f6a523) sw      a5, 10(a3)
core   0: 3 0x80000f1e (0x00f6a523) mem 0x80010398 0x6c6d6e6f
core   0: 0x80000f22 (0xfff6c183) lbu     gp, -1(a3)
core   0: 3 0x80000f22 (0xfff6c183) x 3 0x00000046 mem 0x8001038d
core   0: 0x80000f26 (0x02ad0123) sb      a0, 34(s10)
core   0: 3 0x80000f26 (0x02ad0123) mem 0x8001b71f 0x74
core   0: 0x80000f2a (0xffbd1703) lh      a4, -5(s10)
core   0: 3 0x80000f2a (0xffbd1703) x14 0xffffb2b3 mem 0x8001b6f8
core   0: 0x80000f2e (0xff968703) lb      a4, -7(a3)
core   0: 3 0x80000f2e (0xff968703) x14 0x0000003c mem 0x80010387
core   0: 0x80000f32 (0x025d0103) lb      sp, 37(s10)
core   0: 3 0x80000f32 (0x025d0103) x 2 0xffffffd9 mem 0x8001b722
core   0: 0x80000f36 (0x01dd5003) lhu     zero, 29(s10)
core   0: 3 0x80000f36 (0x01dd5003) mem 0x8001b71a
core   0: 0x80000f3a (0x00f684a3) sb      a5, 9(a3)
core   0: 3 0x80000f3a (0x00f684a3) mem 0x80010397 0x6f
core   0: 0x80000f3e (0x029d5e03) lhu     t3, 41(s10)
core   0: 3 0x80000f3e (0x029d5e03) x28 0x0000dcdd mem 0x8001b726
core   0: 0x80000f42 (0x03ad0383) lb      t2, 58(s10)
core   0: 3 0x80000f42 (0x03ad0383) x 7 0xffffffec mem 0x8001b737
core   0: 0x80000f46 (0x0001a197) auipc   gp, 0x1a
core   0: 3 0x80000f46 (0x0001a197) x 3 0x8001af46
core   0: 0x80000f4a (0x6df18193) addi    gp, gp, 1759
core   0: 3 0x80000f4a (0x6df18193) x 3 0x8001b625
core   0: 0x80000f4e (0x0001ca17) auipc   s4, 0x1c
core   0: 3 0x80000f4e (0x0001ca17) x20 0x8001cf4e
core   0: 0x80000f52 (0x187a0a13) addi    s4, s4, 391
core   0: 3 0x80000f52 (0x187a0a13) x20 0x8001d0d5
core   0: 0x80000f56 (0x04da0723) sb      a3, 78(s4)
core   0: 3 0x80000f56 (0x04da0723) mem 0x8001d123 0x8e
core   0: 0x80000f5a (0x0001b617) auipc   a2, 0x1b
core   0: 3 0x80000f5a (0x0001b617) x12 0x8001bf5a
core   0: 0x80000f5e (0x38560613) addi    a2, a2, 901
core   0: 3 0x80000f5e (0x38560613) x12 0x8001c2df
core   0: 0x80000f62 (0x00017117) auipc   sp, 0x17
core   0: 3 0x80000f62 (0x00017117) x 2 0x80017f62
core   0: 0x80000f66 (0xbaa10113) addi    sp, sp, -1110
core   0: 3 0x80000f66 (0xbaa10113) x 2 0x80017b0c
core   0: 0x80000f6a (0x02c18f83) lb      t6, 44(gp)
core   0: 3 0x80000f6a (0x02c18f83) x31 0x0000000a mem 0x8001b651
core   0: 0x80000f6e (0x00a15383) lhu     t2, 10(sp)
core   0: 3 0x80000f6e (0x00a15383) x 7 0x0000cccd mem 0x80017b16
core   0: 0x80000f72 (0xb7d60583) lb      a1, -1155(a2)
core   0: 3 0x80000f72 (0xb7d60583) x11 0x00000017 mem 0x8001be5c
core   0: 0x80000f76 (0x007a1303) lh      t1, 7(s4)
core   0: 3 0x80000f76 (0x007a1303) x 6 0xffff9697 mem 0x8001d0dc
core   0: 0x80000f7a (0x03d18b83) lb      s7, 61(gp)
core   0: 3 0x80000f7a (0x03d18b83) x23 0x00000019 mem 0x8001b662
core   0: 0x80000f7e (0x08260a23) sb      sp, 148(a2)
core   0: 3 0x80000f7e (0x08260a23) mem 0x8001c373 0xc
core   0: 0x80000f82 (0xfee18b23) sb      a4, -10(gp)
core   0: 3 0x80000f82 (0xfee18b23) mem 0x8001b61b 0x3c
core   0: 0x80000f86 (0x5bd64483) lbu     s1, 1469(a2)
core   0: 3 0x80000f86 (0x5bd64483) x 9 0x00000057 mem 0x8001c89c
core   0: 0x80000f8a (0x06ba4083) lbu     ra, 107(s4)
core   0: 3 0x80000f8a (0x06ba4083) x 1 0x000000fb mem 0x8001d140
core   0: 0x80000f8e (0xfcb10c83) lb      s9, -53(sp)
core   0: 3 0x80000f8e (0xfcb10c83) x25 0xffffff8c mem 0x80017ad7
core   0: 0x80000f92 (0xce660f03) lb      t5, -794(a2)
core   0: 3 0x80000f92 (0xce660f03) x30 0x0000007e mem 0x8001bfc5
core   0: 0x80000f96 (0xff110ea3) sb      a7, -3(sp)
core   0: 3 0x80000f96 (0xff110ea3) mem 0x80017b09 0x5b
core   0: 0x80000f9a (0x037a5c03) lhu     s8, 55(s4)
core   0: 3 0x80000f9a (0x037a5c03) x24 0x0000c6c7 mem 0x8001d10c
core   0: 0x80000f9e (0x03214b83) lbu     s7, 50(sp)
core   0: 3 0x80000f9e (0x03214b83) x23 0x000000f5 mem 0x80017b3e
core   0: 0x80000fa2 (0xc2460923) sb      tp, -974(a2)
core   0: 3 0x80000fa2 (0xc2460923) mem 0x8001bf11 0x2e
core   0: 0x80000fa6 (0x00718323) sb      t2, 6(gp)
core   0: 3 0x80000fa6 (0x00718323) mem 0x8001b62b 0xcd
core   0: 0x80000faa (0x0cda1203) lh      tp, 205(s4)
core   0: 3 0x80000faa (0x0cda1203) x 4 0x00005859 mem 0x8001d1a2
core   0: 0x80000fae (0xfd410883) lb      a7, -44(sp)
core   0: 3 0x80000fae (0xfd410883) x17 0xffffff9b mem 0x80017ae0
core   0: 0x80000fb2 (0xfd118203) lb      tp, -47(gp)
core   0: 3 0x80000fb2 (0xfd118203) x 4 0xffffffad mem 0x8001b5f6
core   0: 0x80000fb6 (0x0bfa1583) lh      a1, 191(s4)
core   0: 3 0x80000fb6 (0x0bfa1583) x11 0x00004e4f mem 0x8001d194
core   0: 0x80000fba (0xf93613a3) sh      s3, -121(a2)
core   0: 3 0x80000fba (0xf93613a3) mem 0x8001c266 0x0008
core   0: 0x80000fbe (0xfec15c83) lhu     s9, -20(sp)
core   0: 3 0x80000fbe (0xfec15c83) x25 0x0000b2b3 mem 0x80017af8
core   0: 0x80000fc2 (0x03a11583) lh      a1, 58(sp)
core   0: 3 0x80000fc2 (0x03a11583) x11 0xfffffcfd mem 0x80017b46
core   0: 0x80000fc6 (0x00005242) c.lwsp  tp, 48(sp)
core   0: 3 0x80000fc6 (0x5242) x 4 0xf4f5f6f7 mem 0x80017b3c
core   0: 0x80000fc8 (0xfd91c383) lbu     t2, -39(gp)
core   0: 3 0x80000fc8 (0xfd91c383) x 7 0x000000b5 mem 0x8001b5fe
core   0: 0x80000fcc (0x000184a3) sb      zero, 9(gp)
core   0: 3 0x80000fcc (0x000184a3) mem 0x8001b62e 0x0
core   0: 0x80000fd0 (0xfca14b83) lbu     s7, -54(sp)
core   0: 3 0x80000fd0 (0xfca14b83) x23 0x0000008d mem 0x80017ad6
core   0: 0x80000fd4 (0x55860f03) lb      t5, 1368(a2)
core   0: 3 0x80000fd4 (0x55860f03) x30 0xffffffec mem 0x8001c837
core   0: 0x80000fd8 (0xfcc1c803) lbu     a6, -52(gp)
core   0: 3 0x80000fd8 (0xfcc1c803) x16 0x000000aa mem 0x8001b5f1
core   0: 0x80000fdc (0xf38a4883) lbu     a7, -200(s4)
core   0: 3 0x80000fdc (0xf38a4883) x17 0x000000c6 mem 0x8001d00d
core   0: 0x80000fe0 (0x01c1ce83) lbu     t4, 28(gp)
core   0: 3 0x80000fe0 (0x01c1ce83) x29 0x000000fa mem 0x8001b641
core   0: 0x80000fe4 (0xfcc10203) lb      tp, -52(sp)
core   0: 3 0x80000fe4 (0xfcc10203) x 4 0xffffff93 mem 0x80017ad8
core   0: 0x80000fe8 (0xf72a0403) lb      s0, -142(s4)
core   0: 3 0x80000fe8 (0xf72a0403) x 8 0xfffffffc mem 0x8001d047
core   0: 0x80000fec (0x042a0583) lb      a1, 66(s4)
core   0: 3 0x80000fec (0x042a0583) x11 0xffffffcc mem 0x8001d117
core   0: 0x80000ff0 (0x00014a97) auipc   s5, 0x14
core   0: 3 0x80000ff0 (0x00014a97) x21 0x80014ff0
core   0: 0x80000ff4 (0x5eca8a93) addi    s5, s5, 1516
core   0: 3 0x80000ff4 (0x5eca8a93) x21 0x800155dc
core   0: 0x80000ff8 (0x00008455) c.srai  s0, 21
core   0: 3 0x80000ff8 (0x8455) x 8 0xffffffff
core   0: 0x80000ffa (0x00008646) c.mv    a2, a7
core   0: 3 0x80000ffa (0x8646) x12 0x000000c6
core   0: 0x80000ffc (0xffaa84a3) sb      s10, -23(s5)
core   0: 3 0x80000ffc (0xffaa84a3) mem 0x800155c5 0xfd
core   0: 0x80001000 (0x00000f98) c.addi4spn a4, sp, 976
core   0: 3 0x80001000 (0x0f98) x14 0x80017edc
core   0: 0x80001002 (0xc1ceca13) xori    s4, t4, -996
core   0: 3 0x80001002 (0xc1ceca13) x20 0xfffffce6
core   0: 0x80001006 (0x008aebb3) or      s7, s5, s0
core   0: 3 0x80001006 (0x008aebb3) x23 0xffffffff
core   0: 0x8000100a (0x1bc96f13) ori     t5, s2, 444
core   0: 3 0x8000100a (0x1bc96f13) x30 0x000001bc
core   0: 0x8000100e (0xf2eadb83) lhu     s7, -210(s5)
core   0: 3 0x8000100e (0xf2eadb83) x23 0x0000c0c1 mem 0x8001550a
core   0: 0x80001012 (0x00000001) c.nop
core   0: 3 0x80001012 (0x0001)
core   0: 0x80001014 (0x00008e3d) c.xor   a2, a5
core   0: 3 0x80001014 (0x8e3d) x12 0x6c6d6ea9
core   0: 0x80001016 (0x3e8bfa13) andi    s4, s7, 1000
core   0: 3 0x80001016 (0x3e8bfa13) x20 0x000000c0
core   0: 0x8000101a (0x40485093) srai    ra, a6, 4
core   0: 3 0x8000101a (0x40485093) x 1 0x0000000a
core   0: 0x8000101e (0x00005a33) srl     s4, zero, zero
core   0: 3 0x8000101e (0x00005a33) x20 0x00000000
core   0: 0x80001022 (0x40c48c33) sub     s8, s1, a2
core   0: 3 0x80001022 (0x40c48c33) x24 0x939291ae
core   0: 0x80001026 (0x15b5b793) sltiu   a5, a1, 347
core   0: 3 0x80001026 (0x15b5b793) x15 0x00000000
core   0: 0x8000102a (0xfa6a8383) lb      t2, -90(s5)
core   0: 3 0x8000102a (0xfa6a8383) x 7 0x00000039 mem 0x80015582
core   0: 0x8000102e (0x401c07b3) sub     a5, s8, ra
core   0: 3 0x8000102e (0x401c07b3) x15 0x939291a4
core   0: 0x80001032 (0x0eba8f83) lb      t6, 235(s5)
core   0: 3 0x80001032 (0x0eba8f83) x31 0x0000007c mem 0x800156c7
core   0: 0x80001036 (0xa294c897) auipc   a7, 0xa294c
core   0: 3 0x80001036 (0xa294c897) x17 0x2294d036
core   0: 0x8000103a (0x00000001) c.nop
core   0: 3 0x8000103a (0x0001)
core   0: 0x8000103c (0x57b427b7) lui     a5, 0x57b42
core   0: 3 0x8000103c (0x57b427b7) x15 0x57b42000
core   0: 0x80001040 (0x023ac503) lbu     a0, 35(s5)
core   0: 3 0x80001040 (0x023ac503) x10 0x000000b4 mem 0x800155ff
core   0: 0x80001044 (0xfdca8903) lb      s2, -36(s5)
core   0: 3 0x80001044 (0xfdca8903) x18 0x00000073 mem 0x800155b8
core   0: 0x80001048 (0x021293b3) mulh    t2, t0, ra
core   0: 3 0x80001048 (0x021293b3) x 7 0x00000000
core   0: 0x8000104c (0xfaea8603) lb      a2, -82(s5)
core   0: 3 0x8000104c (0xfaea8603) x12 0x00000041 mem 0x8001558a
core   0: 0x80001050 (0x0000100f) fence.i
core   0: 3 0x80001050 (0x0000100f)
core   0: 0x80001054 (0xf1bac683) lbu     a3, -229(s5)
core   0: 3 0x80001054 (0xf1bac683) x13 0x000000ac mem 0x800154f7
core   0: 0x80001058 (0x00e5a733) slt     a4, a1, a4
core   0: 3 0x80001058 (0x00e5a733) x14 0x00000000
core   0: 0x8000105c (0x000085a1) c.srai  a1, 8
core   0: 3 0x8000105c (0x85a1) x11 0xffffffff
core   0: 0x8000105e (0x00008db1) c.xor   a1, a2
core   0: 3 0x8000105e (0x8db1) x11 0xffffffbe
core   0: 0x80001060 (0x00000001) c.nop
core   0: 3 0x80001060 (0x0001)
core   0: 0x80001062 (0x0c3a82a3) sb      gp, 197(s5)
core   0: 3 0x80001062 (0x0c3a82a3) mem 0x800156a1 0x25
core   0: 0x80001066 (0x04aade83) lhu     t4, 74(s5)
core   0: 3 0x80001066 (0x04aade83) x29 0x0000dcdd mem 0x80015626
core   0: 0x8000106a (0x00010617) auipc   a2, 0x10
core   0: 3 0x8000106a (0x00010617) x12 0x8001106a
core   0: 0x8000106e (0xe9760613) addi    a2, a2, -361
core   0: 3 0x8000106e (0xe9760613) x12 0x80010f01
core   0: 0x80001072 (0x0000f397) auipc   t2, 0xf
core   0: 3 0x80001072 (0x0000f397) x 7 0x80010072
core   0: 0x80001076 (0x7dd38393) addi    t2, t2, 2013
core   0: 3 0x80001076 (0x7dd38393) x 7 0x8001084f
core   0: 0x8000107a (0xff560403) lb      s0, -11(a2)
core   0: 3 0x8000107a (0xff560403) x 8 0xffffffad mem 0x80010ef6
core   0: 0x8000107e (0xfd760823) sb      s7, -48(a2)
core   0: 3 0x8000107e (0xfd760823) mem 0x80010ed1 0xc1
core   0: 0x80001082 (0x02f3d303) lhu     t1, 47(t2)
core   0: 3 0x80001082 (0x02f3d303) x 6 0x00003435 mem 0x8001087e
core   0: 0x80001086 (0xfe438403) lb      s0, -28(t2)
core   0: 3 0x80001086 (0xfe438403) x 8 0xffffffe8 mem 0x80010833
core   0: 0x8000108a (0x00838fa3) sb      s0, 31(t2)
core   0: 3 0x8000108a (0x00838fa3) mem 0x8001086e 0xe8
core   0: 0x8000108e (0x03a60ca3) sb      s10, 57(a2)
core   0: 3 0x8000108e (0x03a60ca3) mem 0x80010f3a 0xfd
core   0: 0x80001092 (0x0033c903) lbu     s2, 3(t2)
core   0: 3 0x80001092 (0x0033c903) x18 0x00000009 mem 0x80010852
core   0: 0x80001096 (0xff460c83) lb      s9, -12(a2)
core   0: 3 0x80001096 (0xff460c83) x25 0xffffffae mem 0x80010ef5
core   0: 0x8000109a (0x01d3d303) lhu     t1, 29(t2)
core   0: 3 0x8000109a (0x01d3d303) x 6 0x00002627 mem 0x8001086c
core   0: 0x8000109e (0x009387a3) sb      s1, 15(t2)
core   0: 3 0x8000109e (0x009387a3) mem 0x8001085e 0x57
core   0: 0x800010a2 (0x01438283) lb      t0, 20(t2)
core   0: 3 0x800010a2 (0x01438283) x 5 0x00000018 mem 0x80010863
core   0: 0x800010a6 (0x03460683) lb      a3, 52(a2)
core   0: 3 0x800010a6 (0x03460683) x13 0xffffffee mem 0x80010f35
core   0: 0x800010aa (0xfe360c03) lb      s8, -29(a2)
core   0: 3 0x800010aa (0xfe360c03) x24 0xffffff9f mem 0x80010ee4
core   0: 0x800010ae (0x01038123) sb      a6, 2(t2)
core   0: 3 0x800010ae (0x01038123) mem 0x80010851 0xaa
core   0: 0x800010b2 (0x012003ef) jal     t2, pc + 0x12
core   0: 3 0x800010b2 (0x012003ef) x 7 0x800010b6
core   0: 0x800010c4 (0x0000bfed) c.j     pc - 6
core   0: 3 0x800010c4 (0xbfed)
core   0: 0x800010be (0xff9ff0ef) jal     pc - 0x8
core   0: 3 0x800010be (0xff9ff0ef) x 1 0x800010c2
core   0: 0x800010b6 (0x00002809) c.jal   pc + 18
core   0: 3 0x800010b6 (0x2809) x 1 0x800010b8
core   0: 0x800010c8 (0x00003fed) c.jal   pc - 6
core   0: 3 0x800010c8 (0x3fed) x 1 0x800010ca
core   0: 0x800010c2 (0x00003fed) c.jal   pc - 6
core   0: 3 0x800010c2 (0x3fed) x 1 0x800010c4
core   0: 0x800010bc (0x0000a039) c.j     pc + 14
core   0: 3 0x800010bc (0xa039)
core   0: 0x800010ca (0x0000bff5) c.j     pc - 4
core   0: 3 0x800010ca (0xbff5)
core   0: 0x800010c6 (0x00003fd5) c.jal   pc - 12
core   0: 3 0x800010c6 (0x3fd5) x 1 0x800010c8
core   0: 0x800010ba (0x00003ffd) c.jal   pc - 2
core   0: 3 0x800010ba (0x3ffd) x 1 0x800010bc
core   0: 0x800010b8 (0x0000a811) c.j     pc + 20
core   0: 3 0x800010b8 (0xa811)
core   0: 0x800010cc (0x02673333) mulhu   t1, a4, t1
core   0: 3 0x800010cc (0x02673333) x 6 0x00000000
core   0: 0x800010d0 (0x0001b617) auipc   a2, 0x1b
core   0: 3 0x800010d0 (0x0001b617) x12 0x8001c0d0
core   0: 0x800010d4 (0x24460613) addi    a2, a2, 580
core   0: 3 0x800010d4 (0x24460613) x12 0x8001c314
core   0: 0x800010d8 (0xce764003) lbu     zero, -793(a2)
core   0: 3 0x800010d8 (0xce764003) mem 0x8001bffb
core   0: 0x800010dc (0x419d8fb3) sub     t6, s11, s9
core   0: 3 0x800010dc (0x419d8fb3) x31 0x80029d36
core   0: 0x800010e0 (0x66c60ba3) sb      a2, 1655(a2)
core   0: 3 0x800010e0 (0x66c60ba3) mem 0x8001c98b 0x14
core   0: 0x800010e4 (0x67e64a03) lbu     s4, 1662(a2)
core   0: 3 0x800010e4 (0x67e64a03) x20 0x00000049 mem 0x8001c992
core   0: 0x800010e8 (0x72665703) lhu     a4, 1830(a2)
core   0: 3 0x800010e8 (0x72665703) x14 0x0000f0f1 mem 0x8001ca3a
core   0: 0x800010ec (0x31c65003) lhu     zero, 796(a2)
core   0: 3 0x800010ec (0x31c65003) mem 0x8001c630
core   0: 0x800010f0 (0x11e61783) lh      a5, 286(a2)
core   0: 3 0x800010f0 (0x11e61783) x15 0xffffe8e9 mem 0x8001c432
core   0: 0x800010f4 (0x99660883) lb      a7, -1642(a2)
core   0: 3 0x800010f4 (0x99660883) x17 0x00000061 mem 0x8001bcaa
core   0: 0x800010f8 (0x69aeee93) ori     t4, t4, 1690
core   0: 3 0x800010f8 (0x69aeee93) x29 0x0000dedf
core   0: 0x800010fc (0x012284b3) add     s1, t0, s2
core   0: 3 0x800010fc (0x012284b3) x 9 0x00000021
core   0: 0x80001100 (0x03600bb3) mul     s7, zero, s6
core   0: 3 0x80001100 (0x03600bb3) x23 0x00000000
core   0: 0x80001104 (0x00000c21) c.addi  s8, 8
core   0: 3 0x80001104 (0x0c21) x24 0xffffffa7
core   0: 0x80001106 (0x0000da58) c.sw    a4, 52(a2)
core   0: 3 0x80001106 (0xda58) mem 0x8001c348 0x0000f0f1
core   0: 0x80001108 (0x54261723) sh      sp, 1358(a2)
core   0: 3 0x80001108 (0x54261723) mem 0x8001c862 0x7b0c
core   0: 0x8000110c (0x001b0033) add     zero, s6, ra
core   0: 3 0x8000110c (0x001b0033)
core   0: 0x80001110 (0x6dd60ca3) sb      t4, 1753(a2)
core   0: 3 0x80001110 (0x6dd60ca3) mem 0x8001c9ed 0xdf
core   0: 0x80001114 (0x54d606a3) sb      a3, 1357(a2)
core   0: 3 0x80001114 (0x54d606a3) mem 0x8001c861 0xee
core   0: 0x80001118 (0x50b60b23) sb      a1, 1302(a2)
core   0: 3 0x80001118 (0x50b60b23) mem 0x8001c82a 0xbe
core   0: 0x8000111c (0x403651b3) sra     gp, a2, gp
core   0: 3 0x8000111c (0x403651b3) x 3 0xfc000e18
core   0: 0x80001120 (0xfcf60323) sb      a5, -58(a2)
core   0: 3 0x80001120 (0xfcf60323) mem 0x8001c2da 0xe9
core   0: 0x80001124 (0x0d760923) sb      s7, 210(a2)
core   0: 3 0x80001124 (0x0d760923) mem 0x8001c3e6 0x0
core   0: 0x80001128 (0x01101693) slli    a3, zero, 17
core   0: 3 0x80001128 (0x01101693) x13 0x00000000
core   0: 0x8000112c (0x7afd4413) xori    s0, s10, 1967
core   0: 3 0x8000112c (0x7afd4413) x 8 0x8001b152
core   0: 0x80001130 (0xe64600a3) sb      tp, -415(a2)
core   0: 3 0x80001130 (0xe64600a3) mem 0x8001c175 0x93
core   0: 0x80001134 (0xcbd60003) lb      zero, -835(a2)
core   0: 3 0x80001134 (0xcbd60003) mem 0x8001bfd1
core   0: 0x80001138 (0x40164503) lbu     a0, 1025(a2)
core   0: 3 0x80001138 (0x40164503) x10 0x000000ce mem 0x8001c715
core   0: 0x8000113c (0xe4c62223) sw      a2, -444(a2)
core   0: 3 0x8000113c (0xe4c62223) mem 0x8001c158 0x8001c314
core   0: 0x80001140 (0xa5b64a03) lbu     s4, -1445(a2)
core   0: 3 0x80001140 (0xa5b64a03) x20 0x00000024 mem 0x8001bd6f
core   0: 0x80001144 (0x013b21b3) slt     gp, s6, s3
core   0: 3 0x80001144 (0x013b21b3) x 3 0x00000001
core   0: 0x80001148 (0xe4461203) lh      tp, -444(a2)
core   0: 3 0x80001148 (0xe4461203) x 4 0xffffc314 mem 0x8001c158
core   0: 0x8000114c (0x76c64a83) lbu     s5, 1900(a2)
core   0: 3 0x8000114c (0x76c64a83) x21 0x0000003b mem 0x8001ca80
core   0: 0x80001150 (0x00012b97) auipc   s7, 0x12
core   0: 3 0x80001150 (0x00012b97) x23 0x80013150
core   0: 0x80001154 (0x679b8b93) addi    s7, s7, 1657
core   0: 3 0x80001154 (0x679b8b93) x23 0x800137c9
core   0: 0x80001158 (0x043ba403) lw      s0, 67(s7)
core   0: 3 0x80001158 (0x043ba403) x 8 0xc4c5c6c7 mem 0x8001380c
core   0: 0x8000115c (0x0000fd17) auipc   s10, 0xf
core   0: 3 0x8000115c (0x0000fd17) x26 0x8001015c
core   0: 0x80001160 (0xf61d0d13) addi    s10, s10, -159
core   0: 3 0x80001160 (0xf61d0d13) x26 0x800100bd
core   0: 0x80001164 (0xf8cb8783) lb      a5, -116(s7)
core   0: 3 0x80001164 (0xf8cb8783) x15 0x0000000e mem 0x80013755
core   0: 0x80001168 (0xfc0b8883) lb      a7, -64(s7)
core   0: 3 0x80001168 (0xfc0b8883) x17 0x00000042 mem 0x80013789
core   0: 0x8000116c (0x3dbd1203) lh      tp, 987(s10)
core   0: 3 0x8000116c (0x3dbd1203) x 4 0x00005253 mem 0x80010498
core   0: 0x80001170 (0x10ed4403) lbu     s0, 270(s10)
core   0: 3 0x80001170 (0x10ed4403) x 8 0x00000080 mem 0x800101cb
core   0: 0x80001174 (0x0f5b9183) lh      gp, 245(s7)
core   0: 3 0x80001174 (0x0f5b9183) x 3 0x00007475 mem 0x800138be
core   0: 0x80001178 (0x01fbd803) lhu     a6, 31(s7)
core   0: 3 0x80001178 (0x01fbd803) x16 0x0000a2a3 mem 0x800137e8
core   0: 0x8000117c (0x43cd16a3) sh      t3, 1069(s10)
core   0: 3 0x8000117c (0x43cd16a3) mem 0x800104ea 0xdcdd
core   0: 0x80001180 (0x1ddd08a3) sb      t4, 465(s10)
core   0: 3 0x80001180 (0x1ddd08a3) mem 0x8001028e 0xdf
core   0: 0x80001184 (0x4c9d0023) sb      s1, 1216(s10)
core   0: 3 0x80001184 (0x4c9d0023) mem 0x8001057d 0x21
core   0: 0x80001188 (0x007b8783) lb      a5, 7(s7)
core   0: 3 0x80001188 (0x007b8783) x15 0xffffff8b mem 0x800137d0
core   0: 0x8000118c (0x44cd4883) lbu     a7, 1100(s10)
core   0: 3 0x8000118c (0x44cd4883) x17 0x000000c2 mem 0x80010509
core   0: 0x80001190 (0x0e9b86a3) sb      s1, 237(s7)
core   0: 3 0x80001190 (0x0e9b86a3) mem 0x800138b6 0x21
core   0: 0x80001194 (0x235d4a03) lbu     s4, 565(s10)
core   0: 3 0x80001194 (0x235d4a03) x20 0x000000a9 mem 0x800102f2
core   0: 0x80001198 (0x34cd02a3) sb      a2, 837(s10)
core   0: 3 0x80001198 (0x34cd02a3) mem 0x80010402 0x14
core   0: 0x8000119c (0xf7fb8d23) sb      t6, -134(s7)
core   0: 3 0x8000119c (0xf7fb8d23) mem 0x80013743 0x36
core   0: 0x800011a0 (0x0b4bcf83) lbu     t6, 180(s7)
core   0: 3 0x800011a0 (0x0b4bcf83) x31 0x00000036 mem 0x8001387d
core   0: 0x800011a4 (0x390d4f83) lbu     t6, 912(s10)
core   0: 3 0x800011a4 (0x390d4f83) x31 0x00000006 mem 0x8001044d
core   0: 0x800011a8 (0x565d10a3) sh      t0, 1377(s10)
core   0: 3 0x800011a8 (0x565d10a3) mem 0x8001061e 0x0018
core   0: 0x800011ac (0x012003ef) jal     t2, pc + 0x12
core   0: 3 0x800011ac (0x012003ef) x 7 0x800011b0
core   0: 0x800011be (0x0000a829) c.j     pc + 26
core   0: 3 0x800011be (0xa829)
core   0: 0x800011d8 (0xfddff0ef) jal     pc - 0x24
core   0: 3 0x800011d8 (0xfddff0ef) x 1 0x800011dc
core   0: 0x800011b4 (0x0000a005) c.j     pc + 32
core   0: 3 0x800011b4 (0xa005)
core   0: 0x800011d4 (0x0000bfc5) c.j     pc - 16
core   0: 3 0x800011d4 (0xbfc5)
core   0: 0x800011c4 (0x00003fdd) c.jal   pc - 10
core   0: 3 0x800011c4 (0x3fdd) x 1 0x800011c6
core   0: 0x800011ba (0x016000ef) jal     pc + 0x16
core   0: 3 0x800011ba (0x016000ef) x 1 0x800011be
core   0: 0x800011d0 (0x012000ef) jal     pc + 0x12
core   0: 3 0x800011d0 (0x012000ef) x 1 0x800011d4
core   0: 0x800011e2 (0xfedff0ef) jal     pc - 0x14
core   0: 3 0x800011e2 (0xfedff0ef) x 1 0x800011e6
core   0: 0x800011ce (0x0000bfe5) c.j     pc - 8
core   0: 3 0x800011ce (0xbfe5)
core   0: 0x800011c6 (0x0000a819) c.j     pc + 22
core   0: 3 0x800011c6 (0xa819)
core   0: 0x800011dc (0xfefffe6f) jal     t3, pc - 0x12
core   0: 3 0x800011dc (0xfefffe6f) x28 0x800011e0
core   0: 0x800011ca (0xfffff0ef) jal     pc - 0x2
core   0: 3 0x800011ca (0xfffff0ef) x 1 0x800011ce
core   0: 0x800011c8 (0x00003fe5) c.jal   pc - 8
core   0: 3 0x800011c8 (0x3fe5) x 1 0x800011ca
core   0: 0x800011c0 (0xff7ffcef) jal     s9, pc - 0xa
core   0: 3 0x800011c0 (0xff7ffcef) x25 0x800011c4
core   0: 0x800011b6 (0x0000202d) c.jal   pc + 42
core   0: 3 0x800011b6 (0x202d) x 1 0x800011b8
core   0: 0x800011e0 (0x0000bfc1) c.j     pc - 48
core   0: 3 0x800011e0 (0xbfc1)
core   0: 0x800011b0 (0x008000ef) jal     pc + 0x8
core   0: 3 0x800011b0 (0x008000ef) x 1 0x800011b4
core   0: 0x800011b8 (0x0000a839) c.j     pc + 30
core   0: 3 0x800011b8 (0xa839)
core   0: 0x800011d6 (0x0000a801) c.j     pc + 16
core   0: 3 0x800011d6 (0xa801)
core   0: 0x800011e6 (0xe36b6d13) ori     s10, s6, -458
core   0: 3 0x800011e6 (0xe36b6d13) x26 0xfffffe76
core   0: 0x800011ea (0xffb00593) li      a1, -5
core   0: 3 0x800011ea (0xffb00593) x11 0xfffffffb
core   0: 0x800011ee (0xff600a93) li      s5, -10
core   0: 3 0x800011ee (0xff600a93) x21 0xfffffff6
core   0: 0x800011f2 (0x00008bf5) c.andi  a5, 29
core   0: 3 0x800011f2 (0x8bf5) x15 0x00000009
core   0: 0x800011f4 (0x033eb633) mulhu   a2, t4, s3
core   0: 3 0x800011f4 (0x033eb633) x12 0x00000000
core   0: 0x800011f8 (0x000015fd) c.addi  a1, -1
core   0: 3 0x800011f8 (0x15fd) x11 0xfffffffa
core   0: 0x800011fa (0xff558ce3) beq     a1, s5, pc - 8
core   0: 3 0x800011fa (0xff558ce3)
core   0: 0x800011fe (0x031be333) rem     t1, s7, a7
core   0: 3 0x800011fe (0x031be333) x 6 0xffffff4f
core   0: 0x80001202 (0x00a00693) li      a3, 10
core   0: 3 0x80001202 (0x00a00693) x13 0x0000000a
core   0: 0x80001206 (0x00508f33) add     t5, ra, t0
core   0: 3 0x80001206 (0x00508f33) x30 0x800011cc
core   0: 0x8000120a (0x00008a6d) c.andi  a2, 27
core   0: 3 0x8000120a (0x8a6d) x12 0x00000000
core   0: 0x8000120c (0x00000001) c.nop
core   0: 3 0x8000120c (0x0001)
core   0: 0x8000120e (0x00005afd) c.li    s5, -1
core   0: 3 0x8000120e (0x5afd) x21 0xffffffff
core   0: 0x80001210 (0x00009bfd) c.andi  a5, -1
core   0: 3 0x80001210 (0x9bfd) x15 0x00000009
core   0: 0x80001212 (0x000016d9) c.addi  a3, -10
core   0: 3 0x80001212 (0x16d9) x13 0x00000000
core   0: 0x80001214 (0x0000820e) c.mv    tp, gp
core   0: 3 0x80001214 (0x820e) x 4 0x00007475
core   0: 0x80001216 (0xfff00513) li      a0, -1
core   0: 3 0x80001216 (0xfff00513) x10 0xffffffff
core   0: 0x8000121a (0x00579f13) slli    t5, a5, 5
core   0: 3 0x8000121a (0x00579f13) x30 0x00000120
core   0: 0x8000121e (0x00000bda) c.slli  s7, 22
core   0: 3 0x8000121e (0x0bda) x23 0xf2400000
core   0: 0x80001220 (0xfed00f93) li      t6, -19
core   0: 3 0x80001220 (0xfed00f93) x31 0xffffffed
core   0: 0x80001224 (0x026ae233) rem     tp, s5, t1
core   0: 3 0x80001224 (0x026ae233) x 4 0xffffffff
core   0: 0x80001228 (0x7e9d7813) andi    a6, s10, 2025
core   0: 3 0x80001228 (0x7e9d7813) x16 0x00000660
core   0: 0x8000122c (0x00001575) c.addi  a0, -3
core   0: 3 0x8000122c (0x1575) x10 0xfffffffc
core   0: 0x8000122e (0x415a85b3) sub     a1, s5, s5
core   0: 3 0x8000122e (0x415a85b3) x11 0x00000000
core   0: 0x80001232 (0x00a55793) srli    a5, a0, 10
core   0: 3 0x80001232 (0x00a55793) x15 0x003fffff
core   0: 0x80001236 (0x03cdccb3) div     s9, s11, t3
core   0: 3 0x80001236 (0x03cdccb3) x25 0x00000000
core   0: 0x8000123a (0x02af5333) divu    t1, t5, a0
core   0: 3 0x8000123a (0x02af5333) x 6 0x00000000
core   0: 0x8000123e (0x008d1bb3) sll     s7, s10, s0
core   0: 3 0x8000123e (0x008d1bb3) x23 0xfffffe76
core   0: 0x80001242 (0xfff511e3) bne     a0, t6, pc - 30
core   0: 3 0x80001242 (0xfff511e3)
core   0: 0x80001224 (0x026ae233) rem     tp, s5, t1
core   0: 3 0x80001224 (0x026ae233) x 4 0xffffffff
core   0: 0x80001228 (0x7e9d7813) andi    a6, s10, 2025
core   0: 3 0x80001228 (0x7e9d7813) x16 0x00000660
core   0: 0x8000122c (0x00001575) c.addi  a0, -3
core   0: 3 0x8000122c (0x1575) x10 0xfffffff9
core   0: 0x8000122e (0x415a85b3) sub     a1, s5, s5
core   0: 3 0x8000122e (0x415a85b3) x11 0x00000000
core   0: 0x80001232 (0x00a55793) srli    a5, a0, 10
core   0: 3 0x80001232 (0x00a55793) x15 0x003fffff
core   0: 0x80001236 (0x03cdccb3) div     s9, s11, t3
core   0: 3 0x80001236 (0x03cdccb3) x25 0x00000000
core   0: 0x8000123a (0x02af5333) divu    t1, t5, a0
core   0: 3 0x8000123a (0x02af5333) x 6 0x00000000
core   0: 0x8000123e (0x008d1bb3) sll     s7, s10, s0
core   0: 3 0x8000123e (0x008d1bb3) x23 0xfffffe76
core   0: 0x80001242 (0xfff511e3) bne     a0, t6, pc - 30
core   0: 3 0x80001242 (0xfff511e3)
core   0: 0x80001224 (0x026ae233) rem     tp, s5, t1
core   0: 3 0x80001224 (0x026ae233) x 4 0xffffffff
core   0: 0x80001228 (0x7e9d7813) andi    a6, s10, 2025
core   0: 3 0x80001228 (0x7e9d7813) x16 0x00000660
core   0: 0x8000122c (0x00001575) c.addi  a0, -3
core   0: 3 0x8000122c (0x1575) x10 0xfffffff6
core   0: 0x8000122e (0x415a85b3) sub     a1, s5, s5
core   0: 3 0x8000122e (0x415a85b3) x11 0x00000000
core   0: 0x80001232 (0x00a55793) srli    a5, a0, 10
core   0: 3 0x80001232 (0x00a55793) x15 0x003fffff
core   0: 0x80001236 (0x03cdccb3) div     s9, s11, t3
core   0: 3 0x80001236 (0x03cdccb3) x25 0x00000000
core   0: 0x8000123a (0x02af5333) divu    t1, t5, a0
core   0: 3 0x8000123a (0x02af5333) x 6 0x00000000
core   0: 0x8000123e (0x008d1bb3) sll     s7, s10, s0
core   0: 3 0x8000123e (0x008d1bb3) x23 0xfffffe76
core   0: 0x80001242 (0xfff511e3) bne     a0, t6, pc - 30
core   0: 3 0x80001242 (0xfff511e3)
core   0: 0x80001224 (0x026ae233) rem     tp, s5, t1
core   0: 3 0x80001224 (0x026ae233) x 4 0xffffffff
core   0: 0x80001228 (0x7e9d7813) andi    a6, s10, 2025
core   0: 3 0x80001228 (0x7e9d7813) x16 0x00000660
core   0: 0x8000122c (0x00001575) c.addi  a0, -3
core   0: 3 0x8000122c (0x1575) x10 0xfffffff3
core   0: 0x8000122e (0x415a85b3) sub     a1, s5, s5
core   0: 3 0x8000122e (0x415a85b3) x11 0x00000000
core   0: 0x80001232 (0x00a55793) srli    a5, a0, 10
core   0: 3 0x80001232 (0x00a55793) x15 0x003fffff
core   0: 0x80001236 (0x03cdccb3) div     s9, s11, t3
core   0: 3 0x80001236 (0x03cdccb3) x25 0x00000000
core   0: 0x8000123a (0x02af5333) divu    t1, t5, a0
core   0: 3 0x8000123a (0x02af5333) x 6 0x00000000
core   0: 0x8000123e (0x008d1bb3) sll     s7, s10, s0
core   0: 3 0x8000123e (0x008d1bb3) x23 0xfffffe76
core   0: 0x80001242 (0xfff511e3) bne     a0, t6, pc - 30
core   0: 3 0x80001242 (0xfff511e3)
core   0: 0x80001224 (0x026ae233) rem     tp, s5, t1
core   0: 3 0x80001224 (0x026ae233) x 4 0xffffffff
core   0: 0x80001228 (0x7e9d7813) andi    a6, s10, 2025
core   0: 3 0x80001228 (0x7e9d7813) x16 0x00000660
core   0: 0x8000122c (0x00001575) c.addi  a0, -3
core   0: 3 0x8000122c (0x1575) x10 0xfffffff0
core   0: 0x8000122e (0x415a85b3) sub     a1, s5, s5
core   0: 3 0x8000122e (0x415a85b3) x11 0x00000000
core   0: 0x80001232 (0x00a55793) srli    a5, a0, 10
core   0: 3 0x80001232 (0x00a55793) x15 0x003fffff
core   0: 0x80001236 (0x03cdccb3) div     s9, s11, t3
core   0: 3 0x80001236 (0x03cdccb3) x25 0x00000000
core   0: 0x8000123a (0x02af5333) divu    t1, t5, a0
core   0: 3 0x8000123a (0x02af5333) x 6 0x00000000
core   0: 0x8000123e (0x008d1bb3) sll     s7, s10, s0
core   0: 3 0x8000123e (0x008d1bb3) x23 0xfffffe76
core   0: 0x80001242 (0xfff511e3) bne     a0, t6, pc - 30
core   0: 3 0x80001242 (0xfff511e3)
core   0: 0x80001224 (0x026ae233) rem     tp, s5, t1
core   0: 3 0x80001224 (0x026ae233) x 4 0xffffffff
core   0: 0x80001228 (0x7e9d7813) andi    a6, s10, 2025
core   0: 3 0x80001228 (0x7e9d7813) x16 0x00000660
core   0: 0x8000122c (0x00001575) c.addi  a0, -3
core   0: 3 0x8000122c (0x1575) x10 0xffffffed
core   0: 0x8000122e (0x415a85b3) sub     a1, s5, s5
core   0: 3 0x8000122e (0x415a85b3) x11 0x00000000
core   0: 0x80001232 (0x00a55793) srli    a5, a0, 10
core   0: 3 0x80001232 (0x00a55793) x15 0x003fffff
core   0: 0x80001236 (0x03cdccb3) div     s9, s11, t3
core   0: 3 0x80001236 (0x03cdccb3) x25 0x00000000
core   0: 0x8000123a (0x02af5333) divu    t1, t5, a0
core   0: 3 0x8000123a (0x02af5333) x 6 0x00000000
core   0: 0x8000123e (0x008d1bb3) sll     s7, s10, s0
core   0: 3 0x8000123e (0x008d1bb3) x23 0xfffffe76
core   0: 0x80001242 (0xfff511e3) bne     a0, t6, pc - 30
core   0: 3 0x80001242 (0xfff511e3)
core   0: 0x80001246 (0x0177fe33) and     t3, a5, s7
core   0: 3 0x80001246 (0x0177fe33) x28 0x003ffe76
core   0: 0x8000124a (0x00009c0a) c.add   s8, sp
core   0: 3 0x8000124a (0x9c0a) x24 0x80017ab3
core   0: 0x8000124c (0x83b8c413) xori    s0, a7, -1989
core   0: 3 0x8000124c (0x83b8c413) x 8 0xfffff8f9
core   0: 0x80001250 (0x0000fedd) c.bnez  a3, pc - 66
core   0: 3 0x80001250 (0xfedd)
core   0: 0x80001252 (0x9599ed13) ori     s10, s3, -1703
core   0: 3 0x80001252 (0x9599ed13) x26 0xfffff959
core   0: 0x80001256 (0x0000f517) auipc   a0, 0xf
core   0: 3 0x80001256 (0x0000f517) x10 0x80010256
core   0: 0x8000125a (0xf4350513) addi    a0, a0, -189
core   0: 3 0x8000125a (0xf4350513) x10 0x80010199
core   0: 0x8000125e (0x00015817) auipc   a6, 0x15
core   0: 3 0x8000125e (0x00015817) x16 0x8001625e
core   0: 0x80001262 (0x31280813) addi    a6, a6, 786
core   0: 3 0x80001262 (0x31280813) x16 0x80016570
core   0: 0x80001266 (0xd6a84583) lbu     a1, -662(a6)
core   0: 3 0x80001266 (0xd6a84583) x11 0x00000091 mem 0x800162da
core   0: 0x8000126a (0x4ee50303) lb      t1, 1262(a0)
core   0: 3 0x8000126a (0x4ee50303) x 6 0x0000003c mem 0x80010687
core   0: 0x8000126e (0x56a50a23) sb      a0, 1396(a0)
core   0: 3 0x8000126e (0x56a50a23) mem 0x8001070d 0x99
core   0: 0x80001272 (0x38685783) lhu     a5, 902(a6)
core   0: 3 0x80001272 (0x38685783) x15 0x0000acad mem 0x800168f6
core   0: 0x80001276 (0x2a750523) sb      t2, 682(a0)
core   0: 3 0x80001276 (0x2a750523) mem 0x80010443 0xb0
core   0: 0x8000127a (0x62254683) lbu     a3, 1570(a0)
core   0: 3 0x8000127a (0x62254683) x13 0x00000070 mem 0x800107bb
core   0: 0x8000127e (0x68482003) lw      zero, 1668(a6)
core   0: 3 0x8000127e (0x68482003) mem 0x80016bf4
core   0: 0x80001282 (0x958806a3) sb      s8, -1715(a6)
core   0: 3 0x80001282 (0x958806a3) mem 0x80015ebd 0xb3
core   0: 0x80001286 (0x749507a3) sb      s1, 1871(a0)
core   0: 3 0x80001286 (0x749507a3) mem 0x800108e8 0x21
core   0: 0x8000128a (0xdd784003) lbu     zero, -553(a6)
core   0: 3 0x8000128a (0xdd784003) mem 0x80016347
core   0: 0x8000128e (0xfb750da3) sb      s7, -69(a0)
core   0: 3 0x8000128e (0xfb750da3) mem 0x80010154 0x76
core   0: 0x80001292 (0x4cf51883) lh      a7, 1231(a0)
core   0: 3 0x80001292 (0x4cf51883) x17 0x00002223 mem 0x80010668
core   0: 0x80001296 (0xa8684283) lbu     t0, -1402(a6)
core   0: 3 0x80001296 (0xa8684283) x 5 0x000000ad mem 0x80015ff6
core   0: 0x8000129a (0x00013397) auipc   t2, 0x13
core   0: 3 0x8000129a (0x00013397) x 7 0x8001429a
core   0: 0x8000129e (0x42438393) addi    t2, t2, 1060
core   0: 3 0x8000129e (0x42438393) x 7 0x800146be
core   0: 0x800012a2 (0x07839683) lh      a3, 120(t2)
core   0: 3 0x800012a2 (0x07839683) x13 0xffffeced mem 0x80014736
core   0: 0x800012a6 (0x00008fb9) c.xor   a5, a4
core   0: 3 0x800012a6 (0x8fb9) x15 0x00005c5c
core   0: 0x800012a8 (0x03e5ed33) rem     s10, a1, t5
core   0: 3 0x800012a8 (0x03e5ed33) x26 0x00000091
core   0: 0x800012ac (0x00000001) c.nop
core   0: 3 0x800012ac (0x0001)
core   0: 0x800012ae (0x0783dc83) lhu     s9, 120(t2)
core   0: 3 0x800012ae (0x0783dc83) x25 0x0000eced mem 0x80014736
core   0: 0x800012b2 (0x07839003) lh      zero, 120(t2)
core   0: 3 0x800012b2 (0x07839003) mem 0x80014736
core   0: 0x800012b6 (0x00006169) c.addi16sp sp, 208
core   0: 3 0x800012b6 (0x6169) x 2 0x80017bdc
core   0: 0x800012b8 (0x0783ce03) lbu     t3, 120(t2)
core   0: 3 0x800012b8 (0x0783ce03) x28 0x000000ed mem 0x80014736
core   0: 0x800012bc (0x0783c883) lbu     a7, 120(t2)
core   0: 3 0x800012bc (0x0783c883) x17 0x000000ed mem 0x80014736
core   0: 0x800012c0 (0x0783d883) lhu     a7, 120(t2)
core   0: 3 0x800012c0 (0x0783d883) x17 0x0000eced mem 0x80014736
core   0: 0x800012c4 (0x017aebb3) or      s7, s5, s7
core   0: 3 0x800012c4 (0x017aebb3) x23 0xffffffff
core   0: 0x800012c8 (0x00008ced) c.and   s1, a1
core   0: 3 0x800012c8 (0x8ced) x 9 0x00000001
core   0: 0x800012ca (0x0783cf83) lbu     t6, 120(t2)
core   0: 3 0x800012ca (0x0783cf83) x31 0x000000ed mem 0x80014736
core   0: 0x800012ce (0x0783d783) lhu     a5, 120(t2)
core   0: 3 0x800012ce (0x0783d783) x15 0x0000eced mem 0x80014736
core   0: 0x800012d2 (0x03ebc4b3) div     s1, s7, t5
core   0: 3 0x800012d2 (0x03ebc4b3) x 9 0x00000000
core   0: 0x800012d6 (0x07839f83) lh      t6, 120(t2)
core   0: 3 0x800012d6 (0x07839f83) x31 0xffffeced mem 0x80014736
core   0: 0x800012da (0x07839103) lh      sp, 120(t2)
core   0: 3 0x800012da (0x07839103) x 2 0xffffeced mem 0x80014736
core   0: 0x800012de (0xf1338f03) lb      t5, -237(t2)
core   0: 3 0x800012de (0xf1338f03) x30 0xffffff8a mem 0x800145d1
core   0: 0x800012e2 (0x00010817) auipc   a6, 0x10
core   0: 3 0x800012e2 (0x00010817) x16 0x800112e2
core   0: 0x800012e6 (0xbb380813) addi    a6, a6, -1101
core   0: 3 0x800012e6 (0xbb380813) x16 0x80010e95
core   0: 0x800012ea (0x0001d217) auipc   tp, 0x1d
core   0: 3 0x800012ea (0x0001d217) x 4 0x8001e2ea
core   0: 0x800012ee (0xf0420213) addi    tp, tp, -252
core   0: 3 0x800012ee (0xf0420213) x 4 0x8001e1ee
core   0: 0x800012f2 (0xbc180a83) lb      s5, -1087(a6)
core   0: 3 0x800012f2 (0xbc180a83) x21 0x0000000d mem 0x80010a56
core   0: 0x800012f6 (0x00520303) lb      t1, 5(tp)
core   0: 3 0x800012f6 (0x00520303) x 6 0xffffffa8 mem 0x8001e1f3
core   0: 0x800012fa (0xb9f82783) lw      a5, -1121(a6)
core   0: 3 0x800012fa (0xb9f82783) x15 0xecabeeef mem 0x80010a34
core   0: 0x800012fe (0xff924403) lbu     s0, -7(tp)
core   0: 3 0x800012fe (0xff924403) x 8 0x0000009c mem 0x8001e1e7
core   0: 0x80001302 (0xff021e23) sh      a6, -4(tp)
core   0: 3 0x80001302 (0xff021e23) mem 0x8001e1ea 0x0e95
core   0: 0x80001306 (0x01025903) lhu     s2, 16(tp)
core   0: 3 0x80001306 (0x01025903) x18 0x0000b4b5 mem 0x8001e1fe
core   0: 0x8000130a (0xff425a03) lhu     s4, -12(tp)
core   0: 3 0x8000130a (0xff425a03) x20 0x00009899 mem 0x8001e1e2
core   0: 0x8000130e (0x01a84183) lbu     gp, 26(a6)
core   0: 3 0x8000130e (0x01a84183) x 3 0x00000064 mem 0x80010eaf
core   0: 0x80001312 (0xe2c80b23) sb      a2, -458(a6)
core   0: 3 0x80001312 (0xe2c80b23) mem 0x80010ccb 0x0
core   0: 0x80001316 (0x01020903) lb      s2, 16(tp)
core   0: 3 0x80001316 (0x01020903) x18 0xffffffb5 mem 0x8001e1fe
core   0: 0x8000131a (0xbb780ea3) sb      s7, -1091(a6)
core   0: 3 0x8000131a (0xbb780ea3) mem 0x80010a52 0xff
core   0: 0x8000131e (0x89782883) lw      a7, -1897(a6)
core   0: 3 0x8000131e (0x89782883) x17 0xe4e5e6e7 mem 0x8001072c
core   0: 0x80001322 (0x014204a3) sb      s4, 9(tp)
core   0: 3 0x80001322 (0x014204a3) mem 0x8001e1f7 0x99
core   0: 0x80001326 (0x00e21583) lh      a1, 14(tp)
core   0: 3 0x80001326 (0x00e21583) x11 0xffffb6b7 mem 0x8001e1fc
core   0: 0x8000132a (0x8e680003) lb      zero, -1818(a6)
core   0: 3 0x8000132a (0x8e680003) mem 0x8001077b
core   0: 0x8000132e (0xff821f23) sh      s8, -2(tp)
core   0: 3 0x8000132e (0xff821f23) mem 0x8001e1ec 0x7ab3
core   0: 0x80001332 (0xff524f83) lbu     t6, -11(tp)
core   0: 3 0x80001332 (0xff524f83) x31 0x00000098 mem 0x8001e1e3
core   0: 0x80001336 (0x0000fd17) auipc   s10, 0xf
core   0: 3 0x80001336 (0x0000fd17) x26 0x80010336
core   0: 0x8000133a (0x323d0d13) addi    s10, s10, 803
core   0: 3 0x8000133a (0x323d0d13) x26 0x80010659
core   0: 0x8000133e (0x00010c97) auipc   s9, 0x10
core   0: 3 0x8000133e (0x00010c97) x25 0x8001133e
core   0: 0x80001342 (0x9bcc8c93) addi    s9, s9, -1604
core   0: 3 0x80001342 (0x9bcc8c93) x25 0x80010cfa
core   0: 0x80001346 (0x0000f597) auipc   a1, 0xf
core   0: 3 0x80001346 (0x0000f597) x11 0x80010346
core   0: 0x8000134a (0xede58593) addi    a1, a1, -290
core   0: 3 0x8000134a (0xede58593) x11 0x80010224
core   0: 0x8000134e (0x0000f697) auipc   a3, 0xf
core   0: 3 0x8000134e (0x0000f697) x13 0x8001034e
core   0: 0x80001352 (0x05468693) addi    a3, a3, 84
core   0: 3 0x80001352 (0x05468693) x13 0x800103a2
core   0: 0x80001356 (0xfccd4f83) lbu     t6, -52(s10)
core   0: 3 0x80001356 (0xfccd4f83) x31 0x000000de mem 0x80010625
core   0: 0x8000135a (0xfdbd2183) lw      gp, -37(s10)
core   0: 3 0x8000135a (0xfdbd2183) x 3 0xecedeeef mem 0x80010634
core   0: 0x8000135e (0xfd168403) lb      s0, -47(a3)
core   0: 3 0x8000135e (0xfd168403) x 8 0x00000028 mem 0x80010373
core   0: 0x80001362 (0x022c9023) sh      sp, 32(s9)
core   0: 3 0x80001362 (0x022c9023) mem 0x80010d1a 0xeced
core   0: 0x80001366 (0x02f687a3) sb      a5, 47(a3)
core   0: 3 0x80001366 (0x02f687a3) mem 0x800103d1 0xef
core   0: 0x8000136a (0x25958883) lb      a7, 601(a1)
core   0: 3 0x8000136a (0x25958883) x17 0x00000036 mem 0x8001047d
core   0: 0x8000136e (0x35458c03) lb      s8, 852(a1)
core   0: 3 0x8000136e (0x35458c03) x24 0x00000033 mem 0x80010578
core   0: 0x80001372 (0xff0d01a3) sb      a6, -29(s10)
core   0: 3 0x80001372 (0xff0d01a3) mem 0x8001063c 0x95
core   0: 0x80001376 (0x015683a3) sb      s5, 7(a3)
core   0: 3 0x80001376 (0x015683a3) mem 0x800103a9 0xd
core   0: 0x8000137a (0x6e658ba3) sb      t1, 1783(a1)
core   0: 3 0x8000137a (0x6e658ba3) mem 0x8001091b 0xa8
core   0: 0x8000137e (0x028d4483) lbu     s1, 40(s10)
core   0: 3 0x8000137e (0x028d4483) x 9 0x0000003a mem 0x80010681
core   0: 0x80001382 (0xfeac8da3) sb      a0, -5(s9)
core   0: 3 0x80001382 (0xfeac8da3) mem 0x80010cf5 0x99
core   0: 0x80001386 (0x00e6af83) lw      t6, 14(a3)
core   0: 3 0x80001386 (0x00e6af83) x31 0x68696a6b mem 0x800103b0
core   0: 0x8000138a (0x03868c03) lb      s8, 56(a3)
core   0: 3 0x8000138a (0x03868c03) x24 0xffffff91 mem 0x800103da
core   0: 0x8000138e (0x028d0203) lb      tp, 40(s10)
core   0: 3 0x8000138e (0x028d0203) x 4 0x0000003a mem 0x80010681
core   0: 0x80001392 (0x4e058923) sb      zero, 1266(a1)
core   0: 3 0x80001392 (0x4e058923) mem 0x80010716 0x0
core   0: 0x80001396 (0xfe4d4a83) lbu     s5, -28(s10)
core   0: 3 0x80001396 (0xfe4d4a83) x21 0x000000f6 mem 0x8001063d
core   0: 0x8000139a (0x2975cf83) lbu     t6, 663(a1)
core   0: 3 0x8000139a (0x2975cf83) x31 0x00000000 mem 0x800104bb
core   0: 0x8000139e (0xfd96c503) lbu     a0, -39(a3)
core   0: 3 0x8000139e (0xfd96c503) x10 0x00000030 mem 0x8001037b
core   0: 0x800013a2 (0xff068123) sb      a6, -30(a3)
core   0: 3 0x800013a2 (0xff068123) mem 0x80010384 0x95
core   0: 0x800013a6 (0x004cc283) lbu     t0, 4(s9)
core   0: 3 0x800013a6 (0x004cc283) x 5 0x000000b5 mem 0x80010cfe
core   0: 0x800013aa (0xfc158aa3) sb      ra, -43(a1)
core   0: 3 0x800013aa (0xfc158aa3) mem 0x800101f9 0xb4
core   0: 0x800013ae (0x0286a923) sw      s0, 50(a3)
core   0: 3 0x800013ae (0x0286a923) mem 0x800103d4 0x00000028
core   0: 0x800013b2 (0x034d0ea3) sb      s4, 61(s10)
core   0: 3 0x800013b2 (0x034d0ea3) mem 0x80010696 0x99
core   0: 0x800013b6 (0x01b68a83) lb      s5, 27(a3)
core   0: 3 0x800013b6 (0x01b68a83) x21 0x00000076 mem 0x800103bd
core   0: 0x800013ba (0xfcdd0223) sb      a3, -60(s10)
core   0: 3 0x800013ba (0xfcdd0223) mem 0x8001061d 0xa2
core   0: 0x800013be (0x035c8b83) lb      s7, 53(s9)
core   0: 3 0x800013be (0x035c8b83) x23 0xffffffe4 mem 0x80010d2f
core   0: 0x800013c2 (0xf10580a3) sb      a6, -255(a1)
core   0: 3 0x800013c2 (0xf10580a3) mem 0x80010125 0x95
core   0: 0x800013c6 (0xfd768ea3) sb      s7, -35(a3)
core   0: 3 0x800013c6 (0xfd768ea3) mem 0x8001037f 0xe4
core   0: 0x800013ca (0x034c8183) lb      gp, 52(s9)
core   0: 3 0x800013ca (0x034c8183) x 3 0xffffffe5 mem 0x80010d2e
core   0: 0x800013ce (0x003d2603) lw      a2, 3(s10)
core   0: 3 0x800013ce (0x003d2603) x12 0x14151617 mem 0x8001065c
core   0: 0x800013d2 (0xfc9d1883) lh      a7, -55(s10)
core   0: 3 0x800013d2 (0xfc9d1883) x17 0xffffd8d9 mem 0x80010622
core   0: 0x800013d6 (0x0001a117) auipc   sp, 0x1a
core   0: 3 0x800013d6 (0x0001a117) x 2 0x8001b3d6
core   0: 0x800013da (0x25d10113) addi    sp, sp, 605
core   0: 3 0x800013da (0x25d10113) x 2 0x8001b633
core   0: 0x800013de (0xff410883) lb      a7, -12(sp)
core   0: 3 0x800013de (0xff410883) x17 0xffffffdc mem 0x8001b627
core   0: 0x800013e2 (0x00010b83) lb      s7, 0(sp)
core   0: 3 0x800013e2 (0x00010b83) x23 0xffffffe8 mem 0x8001b633
core   0: 0x800013e6 (0x00008ddd) c.or    a1, a5
core   0: 3 0x800013e6 (0x8ddd) x11 0xecabeeef
core   0: 0x800013e8 (0x40b588b3) sub     a7, a1, a1
core   0: 3 0x800013e8 (0x40b588b3) x17 0x00000000
core   0: 0x800013ec (0xff810783) lb      a5, -8(sp)
core   0: 3 0x800013ec (0xff810783) x15 0xffffffcd mem 0x8001b62b
core   0: 0x800013f0 (0x011113a3) sh      a7, 7(sp)
core   0: 3 0x800013f0 (0x011113a3) mem 0x8001b63a 0x0000
core   0: 0x800013f4 (0x00a14883) lbu     a7, 10(sp)
core   0: 3 0x800013f4 (0x00a14883) x17 0x000000f6 mem 0x8001b63d
core   0: 0x800013f8 (0xfeb10aa3) sb      a1, -11(sp)
core   0: 3 0x800013f8 (0xfeb10aa3) mem 0x8001b628 0xef
core   0: 0x800013fc (0x41e7d393) srai    t2, a5, 30
core   0: 3 0x800013fc (0x41e7d393) x 7 0xffffffff
core   0: 0x80001400 (0xffe10583) lb      a1, -2(sp)
core   0: 3 0x80001400 (0xffe10583) x11 0xffffffea mem 0x8001b631
core   0: 0x80001404 (0xfff11783) lh      a5, -1(sp)
core   0: 3 0x80001404 (0xfff11783) x15 0xffffe8e9 mem 0x8001b632
core   0: 0x80001408 (0x000003d1) c.addi  t2, 20
core   0: 3 0x80001408 (0x03d1) x 7 0x00000013
core   0: 0x8000140a (0xfff14b83) lbu     s7, -1(sp)
core   0: 3 0x8000140a (0xfff14b83) x23 0x000000e9 mem 0x8001b632
core   0: 0x8000140e (0x00f102a3) sb      a5, 5(sp)
core   0: 3 0x8000140e (0x00f102a3) mem 0x8001b638 0xe9
core   0: 0x80001412 (0x000007ca) c.slli  a5, 18
core   0: 3 0x80001412 (0x07ca) x15 0xa3a40000
core   0: 0x80001414 (0xfef10c23) sb      a5, -8(sp)
core   0: 3 0x80001414 (0xfef10c23) mem 0x8001b62b 0x0
core   0: 0x80001418 (0x000005b5) c.addi  a1, 13
core   0: 3 0x80001418 (0x05b5) x11 0xfffffff7
core   0: 0x8000141a (0x7221f193) andi    gp, gp, 1826
core   0: 3 0x8000141a (0x7221f193) x 3 0x00000720
core   0: 0x8000141e (0x00710323) sb      t2, 6(sp)
core   0: 3 0x8000141e (0x00710323) mem 0x8001b639 0x13
core   0: 0x80001422 (0xff511783) lh      a5, -11(sp)
core   0: 3 0x80001422 (0xff511783) x15 0xffffe2ef mem 0x8001b628
core   0: 0x80001426 (0x40f5d1b3) sra     gp, a1, a5
core   0: 3 0x80001426 (0x40f5d1b3) x 3 0xffffffff
core   0: 0x8000142a (0x00f105a3) sb      a5, 11(sp)
core   0: 3 0x8000142a (0x00f105a3) mem 0x8001b63e 0xef
core   0: 0x8000142e (0xfe311ba3) sh      gp, -9(sp)
core   0: 3 0x8000142e (0xfe311ba3) mem 0x8001b62a 0xffff
core   0: 0x80001432 (0xff210b83) lb      s7, -14(sp)
core   0: 3 0x80001432 (0xff210b83) x23 0xffffffde mem 0x8001b625
core   0: 0x80001436 (0x00010183) lb      gp, 0(sp)
core   0: 3 0x80001436 (0x00010183) x 3 0xffffffe8 mem 0x8001b633
core   0: 0x8000143a (0xfef10e23) sb      a5, -4(sp)
core   0: 3 0x8000143a (0xfef10e23) mem 0x8001b62f 0xef
core   0: 0x8000143e (0x847bf793) andi    a5, s7, -1977
core   0: 3 0x8000143e (0x847bf793) x15 0xfffff846
core   0: 0x80001442 (0xff810183) lb      gp, -8(sp)
core   0: 3 0x80001442 (0xff810183) x 3 0xffffffff mem 0x8001b62b
core   0: 0x80001446 (0x74fbf893) andi    a7, s7, 1871
core   0: 3 0x80001446 (0x74fbf893) x17 0x0000074e
core   0: 0x8000144a (0x00f14183) lbu     gp, 15(sp)
core   0: 3 0x8000144a (0x00f14183) x 3 0x000000f9 mem 0x8001b642
core   0: 0x8000144e (0xffe10b83) lb      s7, -2(sp)
core   0: 3 0x8000144e (0xffe10b83) x23 0xffffffea mem 0x8001b631
core   0: 0x80001452 (0x00310323) sb      gp, 6(sp)
core   0: 3 0x80001452 (0x00310323) mem 0x8001b639 0xf9
core   0: 0x80001456 (0x00114883) lbu     a7, 1(sp)
core   0: 3 0x80001456 (0x00114883) x17 0x000000ef mem 0x8001b634
core   0: 0x8000145a (0x00f10723) sb      a5, 14(sp)
core   0: 3 0x8000145a (0x00f10723) mem 0x8001b641 0x46
core   0: 0x8000145e (0xffb10583) lb      a1, -5(sp)
core   0: 3 0x8000145e (0xffb10583) x11 0x00000000 mem 0x8001b62e
core   0: 0x80001462 (0x0075a3b3) slt     t2, a1, t2
core   0: 3 0x80001462 (0x0075a3b3) x 7 0x00000001
core   0: 0x80001466 (0x00711783) lh      a5, 7(sp)
core   0: 3 0x80001466 (0x00711783) x15 0x00000000 mem 0x8001b63a
core   0: 0x8000146a (0x00c14383) lbu     t2, 12(sp)
core   0: 3 0x8000146a (0x00c14383) x 7 0x000000f4 mem 0x8001b63f
core   0: 0x8000146e (0x01014583) lbu     a1, 16(sp)
core   0: 3 0x8000146e (0x01014583) x11 0x000000f8 mem 0x8001b643
core   0: 0x80001472 (0x00310783) lb      a5, 3(sp)
core   0: 3 0x80001472 (0x00310783) x15 0xffffffed mem 0x8001b636
core   0: 0x80001476 (0x0ff0000f) fence   iorw,iorw
core   0: 3 0x80001476 (0x0ff0000f)
core   0: 0x8000147a (0x01010783) lb      a5, 16(sp)
core   0: 3 0x8000147a (0x01010783) x15 0xfffffff8 mem 0x8001b643
core   0: 0x8000147e (0x00500913) li      s2, 5
core   0: 3 0x8000147e (0x00500913) x18 0x00000005
core   0: 0x80001482 (0x02aeb3b3) mulhu   t2, t4, a0
core   0: 3 0x80001482 (0x02aeb3b3) x 7 0x00000000
core   0: 0x80001486 (0xffd00b93) li      s7, -3
core   0: 3 0x80001486 (0xffd00b93) x23 0xfffffffd
core   0: 0x8000148a (0x0000898d) c.andi  a1, 3
core   0: 3 0x8000148a (0x898d) x11 0x00000000
core   0: 0x8000148c (0x00000001) c.nop
core   0: 3 0x8000148c (0x0001)
core   0: 0x8000148e (0x01e33d33) sltu    s10, t1, t5
core   0: 3 0x8000148e (0x01e33d33) x26 0x00000000
core   0: 0x80001492 (0x00001961) c.addi  s2, -8
core   0: 3 0x80001492 (0x1961) x18 0xfffffffd
core   0: 0x80001494 (0x0234c3b3) div     t2, s1, gp
core   0: 3 0x80001494 (0x0234c3b3) x 7 0x00000000
core   0: 0x80001498 (0xff7909e3) beq     s2, s7, pc - 14
core   0: 3 0x80001498 (0xff7909e3)
core   0: 0x8000148a (0x0000898d) c.andi  a1, 3
core   0: 3 0x8000148a (0x898d) x11 0x00000000
core   0: 0x8000148c (0x00000001) c.nop
core   0: 3 0x8000148c (0x0001)
core   0: 0x8000148e (0x01e33d33) sltu    s10, t1, t5
core   0: 3 0x8000148e (0x01e33d33) x26 0x00000000
core   0: 0x80001492 (0x00001961) c.addi  s2, -8
core   0: 3 0x80001492 (0x1961) x18 0xfffffff5
core   0: 0x80001494 (0x0234c3b3) div     t2, s1, gp
core   0: 3 0x80001494 (0x0234c3b3) x 7 0x00000000
core   0: 0x80001498 (0xff7909e3) beq     s2, s7, pc - 14
core   0: 3 0x80001498 (0xff7909e3)
core   0: 0x8000149c (0x01ca16b3) sll     a3, s4, t3
core   0: 3 0x8000149c (0x01ca16b3) x13 0x13132000
core   0: 0x800014a0 (0x0000f617) auipc   a2, 0xf
core   0: 3 0x800014a0 (0x0000f617) x12 0x800104a0
core   0: 0x800014a4 (0xce560613) addi    a2, a2, -795
core   0: 3 0x800014a4 (0xce560613) x12 0x80010185
core   0: 0x800014a8 (0x00018c17) auipc   s8, 0x18
core   0: 3 0x800014a8 (0x00018c17) x24 0x800194a8
core   0: 0x800014ac (0xd84c0c13) addi    s8, s8, -636
core   0: 3 0x800014ac (0xd84c0c13) x24 0x8001922c
core   0: 0x800014b0 (0x00365783) lhu     a5, 3(a2)
core   0: 3 0x800014b0 (0x00365783) x15 0x00004243 mem 0x80010188
core   0: 0x800014b4 (0x007c0623) sb      t2, 12(s8)
core   0: 3 0x800014b4 (0x007c0623) mem 0x80019238 0x0
core   0: 0x800014b8 (0xfedc0e23) sb      a3, -4(s8)
core   0: 3 0x800014b8 (0xfedc0e23) mem 0x80019228 0x0
core   0: 0x800014bc (0xffbc1423) sh      s11, -24(s8)
core   0: 3 0x800014bc (0xffbc1423) mem 0x80019214 0x9ce4
core   0: 0x800014c0 (0xff260703) lb      a4, -14(a2)
core   0: 3 0x800014c0 (0xff260703) x14 0x0000002c mem 0x80010177
core   0: 0x800014c4 (0x034c0083) lb      ra, 52(s8)
core   0: 3 0x800014c4 (0x034c0083) x 1 0x0000001b mem 0x80019260
core   0: 0x800014c8 (0x00560723) sb      t0, 14(a2)
core   0: 3 0x800014c8 (0x00560723) mem 0x80010193 0xb5
core   0: 0x800014cc (0xff5c0703) lb      a4, -11(s8)
core   0: 3 0x800014cc (0xff5c0703) x14 0xffffffda mem 0x80019221
core   0: 0x800014d0 (0xffa60503) lb      a0, -6(a2)
core   0: 3 0x800014d0 (0xffa60503) x10 0x00000034 mem 0x8001017f
core   0: 0x800014d4 (0x036c4483) lbu     s1, 54(s8)
core   0: 3 0x800014d4 (0x036c4483) x 9 0x00000019 mem 0x80019262
core   0: 0x800014d8 (0xfebc0183) lb      gp, -21(s8)
core   0: 3 0x800014d8 (0xfebc0183) x 3 0xffffffcc mem 0x80019217
core   0: 0x800014dc (0x029c0583) lb      a1, 41(s8)
core   0: 3 0x800014dc (0x029c0583) x11 0x0000000e mem 0x80019255
core   0: 0x800014e0 (0xffb618a3) sh      s11, -15(a2)
core   0: 3 0x800014e0 (0xffb618a3) mem 0x80010176 0x9ce4
core   0: 0x800014e4 (0xfc8c08a3) sb      s0, -47(s8)
core   0: 3 0x800014e4 (0xfc8c08a3) mem 0x800191fd 0x28
core   0: 0x800014e8 (0x01a613a3) sh      s10, 7(a2)
core   0: 3 0x800014e8 (0x01a613a3) mem 0x8001018c 0x0000
core   0: 0x800014ec (0xff260a83) lb      s5, -14(a2)
core   0: 3 0x800014ec (0xff260a83) x21 0xffffff9c mem 0x80010177
core   0: 0x800014f0 (0x00015797) auipc   a5, 0x15
core   0: 3 0x800014f0 (0x00015797) x15 0x800164f0
core   0: 0x800014f4 (0x67b78793) addi    a5, a5, 1659
core   0: 3 0x800014f4 (0x67b78793) x15 0x80016b6b
core   0: 0x800014f8 (0x0000f897) auipc   a7, 0xf
core   0: 3 0x800014f8 (0x0000f897) x17 0x800104f8
core   0: 0x800014fc (0x03088893) addi    a7, a7, 48
core   0: 3 0x800014fc (0x03088893) x17 0x80010528
core   0: 0x80001500 (0xff678e83) lb      t4, -10(a5)
core   0: 3 0x80001500 (0xff678e83) x29 0x0000001a mem 0x80016b61
core   0: 0x80001504 (0xfef89d23) sh      a5, -6(a7)
core   0: 3 0x80001504 (0xfef89d23) mem 0x80010522 0x6b6b
core   0: 0x80001508 (0x00f78283) lb      t0, 15(a5)
core   0: 3 0x80001508 (0x00f78283) x 5 0x00000031 mem 0x80016b7a
core   0: 0x8000150c (0xffa7c583) lbu     a1, -6(a5)
core   0: 3 0x8000150c (0xffa7c583) x11 0x0000001e mem 0x80016b65
core   0: 0x80001510 (0xff188303) lb      t1, -15(a7)
core   0: 3 0x80001510 (0xff188303) x 6 0xffffffd2 mem 0x80010519
core   0: 0x80001514 (0x004792a3) sh      tp, 5(a5)
core   0: 3 0x80001514 (0x004792a3) mem 0x80016b70 0x003a
core   0: 0x80001518 (0xfe079ea3) sh      zero, -3(a5)
core   0: 3 0x80001518 (0xfe079ea3) mem 0x80016b68 0x0000
core   0: 0x8000151c (0xff888aa3) sb      s8, -11(a7)
core   0: 3 0x8000151c (0xff888aa3) mem 0x8001051d 0x2c
core   0: 0x80001520 (0xff878c83) lb      s9, -8(a5)
core   0: 3 0x80001520 (0xff878c83) x25 0x00000018 mem 0x80016b63
core   0: 0x80001524 (0xff17da03) lhu     s4, -15(a5)
core   0: 3 0x80001524 (0xff17da03) x20 0x00001617 mem 0x80016b5c
core   0: 0x80001528 (0xfe879fa3) sh      s0, -1(a5)
core   0: 3 0x80001528 (0xfe879fa3) mem 0x80016b6a 0x0028
core   0: 0x8000152c (0x00289023) sh      sp, 0(a7)
core   0: 3 0x8000152c (0x00289023) mem 0x80010528 0xb633
core   0: 0x80001530 (0xffd8c083) lbu     ra, -3(a7)
core   0: 3 0x80001530 (0xffd8c083) x 1 0x000000de mem 0x80010525
core   0: 0x80001534 (0xff67c083) lbu     ra, -10(a5)
core   0: 3 0x80001534 (0xff67c083) x 1 0x0000001a mem 0x80016b61
core   0: 0x80001538 (0xffe79fa3) sh      t5, -1(a5)
core   0: 3 0x80001538 (0xffe79fa3) mem 0x80016b6a 0xff8a
core   0: 0x8000153c (0x0058c303) lbu     t1, 5(a7)
core   0: 3 0x8000153c (0x0058c303) x 6 0x000000e6 mem 0x8001052d
core   0: 0x80001540 (0x0001d197) auipc   gp, 0x1d
core   0: 3 0x80001540 (0x0001d197) x 3 0x8001e540
core   0: 0x80001544 (0x13a18193) addi    gp, gp, 314
core   0: 3 0x80001544 (0x13a18193) x 3 0x8001e67a
core   0: 0x80001548 (0x0000527d) c.li    tp, -1
core   0: 3 0x80001548 (0x527d) x 4 0xffffffff
core   0: 0x8000154a (0x034f8eb3) mul     t4, t6, s4
core   0: 3 0x8000154a (0x034f8eb3) x29 0x00000000
core   0: 0x8000154e (0x0051cf03) lbu     t5, 5(gp)
core   0: 3 0x8000154e (0x0051cf03) x30 0x00000034 mem 0x8001e67f
core   0: 0x80001552 (0x93f3fe13) andi    t3, t2, -1729
core   0: 3 0x80001552 (0x93f3fe13) x28 0x00000000
core   0: 0x80001556 (0xc78d8a93) addi    s5, s11, -904
core   0: 3 0x80001556 (0xc78d8a93) x21 0x8002995c
core   0: 0x8000155a (0x009cd293) srli    t0, s9, 9
core   0: 3 0x8000155a (0x009cd293) x 5 0x00000000
core   0: 0x8000155e (0xff318383) lb      t2, -13(gp)
core   0: 3 0x8000155e (0xff318383) x 7 0x00000026 mem 0x8001e66d
core   0: 0x80001562 (0x036603b3) mul     t2, a2, s6
core   0: 3 0x80001562 (0x036603b3) x 7 0xe1fd6df4
core   0: 0x80001566 (0x02e1d733) divu    a4, gp, a4
core   0: 3 0x80001566 (0x02e1d733) x14 0x00000000
core   0: 0x8000156a (0x0ff0000f) fence   iorw,iorw
core   0: 3 0x8000156a (0x0ff0000f)
core   0: 0x8000156e (0x032d9bb3) mulh    s7, s11, s2
core   0: 3 0x8000156e (0x032d9bb3) x23 0x00000005
core   0: 0x80001572 (0x02a9fe33) remu    t3, s3, a0
core   0: 3 0x80001572 (0x02a9fe33) x28 0x00000008
core   0: 0x80001576 (0x00001a1c) c.addi4spn a5, sp, 304
core   0: 3 0x80001576 (0x1a1c) x15 0x8001b763
core   0: 0x80001578 (0x00766bb3) or      s7, a2, t2
core   0: 3 0x80001578 (0x00766bb3) x23 0xe1fd6df5
core   0: 0x8000157c (0x0000100f) fence.i
core   0: 3 0x8000157c (0x0000100f)
core   0: 0x80001580 (0x0eb7ea93) ori     s5, a5, 235
core   0: 3 0x80001580 (0x0eb7ea93) x21 0x8001b7eb
core   0: 0x80001584 (0x01c18823) sb      t3, 16(gp)
core   0: 3 0x80001584 (0x01c18823) mem 0x8001e68a 0x8
core   0: 0x80001588 (0x00008252) c.mv    tp, s4
core   0: 3 0x80001588 (0x8252) x 4 0x00001617
core   0: 0x8000158a (0x00008cc5) c.or    s1, s1
core   0: 3 0x8000158a (0x8cc5) x 9 0x00000019
core   0: 0x8000158c (0x0000097d) c.addi  s2, 31
core   0: 3 0x8000158c (0x097d) x18 0x00000014
core   0: 0x8000158e (0x0101cd03) lbu     s10, 16(gp)
core   0: 3 0x8000158e (0x0101cd03) x26 0x00000008 mem 0x8001e68a
core   0: 0x80001592 (0xff91c903) lbu     s2, -7(gp)
core   0: 3 0x80001592 (0xff91c903) x18 0x00000028 mem 0x8001e673
core   0: 0x80001596 (0x016186a3) sb      s6, 13(gp)
core   0: 3 0x80001596 (0x016186a3) mem 0x8001e687 0x64
core   0: 0x8000159a (0x00e19103) lh      sp, 14(gp)
core   0: 3 0x8000159a (0x00e19103) x 2 0x00004243 mem 0x8001e688
core   0: 0x8000159e (0x005dffb3) and     t6, s11, t0
core   0: 3 0x8000159e (0x005dffb3) x31 0x00000000
core   0: 0x800015a2 (0x02fe0133) mul     sp, t3, a5
core   0: 3 0x800015a2 (0x02fe0133) x 2 0x000dbb18
core   0: 0x800015a6 (0x0011cf83) lbu     t6, 1(gp)
core   0: 3 0x800015a6 (0x0011cf83) x31 0x00000030 mem 0x8001e67b
core   0: 0x800015aa (0x391c8693) addi    a3, s9, 913
core   0: 3 0x800015aa (0x391c8693) x13 0x000003a9
core   0: 0x800015ae (0x0102a5b3) slt     a1, t0, a6
core   0: 3 0x800015ae (0x0102a5b3) x11 0x00000000
core   0: 0x800015b2 (0x00f18203) lb      tp, 15(gp)
core   0: 3 0x800015b2 (0x00f18203) x 4 0x00000042 mem 0x8001e689
core   0: 0x800015b6 (0x942dc893) xori    a7, s11, -1726
core   0: 3 0x800015b6 (0x942dc893) x17 0x7ffd65a6
core   0: 0x800015ba (0xf06b4117) auipc   sp, 0xf06b4
core   0: 3 0x800015ba (0xf06b4117) x 2 0x706b55ba
core   0: 0x800015be (0x00000d06) c.slli  s10, 1
core   0: 3 0x800015be (0x0d06) x26 0x00000010
core   0: 0x800015c0 (0xffd1cc03) lbu     s8, -3(gp)
core   0: 3 0x800015c0 (0xffd1cc03) x24 0x0000002c mem 0x8001e677
core   0: 0x800015c4 (0x00015f97) auipc   t6, 0x15
core   0: 3 0x800015c4 (0x00015f97) x31 0x800165c4
core   0: 0x800015c8 (0x737f8f93) addi    t6, t6, 1847
core   0: 3 0x800015c8 (0x737f8f93) x31 0x80016cfb
core   0: 0x800015cc (0xff2fca83) lbu     s5, -14(t6)
core   0: 3 0x800015cc (0xff2fca83) x21 0x000000a6 mem 0x80016ced
core   0: 0x800015d0 (0x06dfa883) lw      a7, 109(t6)
core   0: 3 0x800015d0 (0x06dfa883) x17 0x20212223 mem 0x80016d68
core   0: 0x800015d4 (0x0000f597) auipc   a1, 0xf
core   0: 3 0x800015d4 (0x0000f597) x11 0x800105d4
core   0: 0x800015d8 (0xcee58593) addi    a1, a1, -786
core   0: 3 0x800015d8 (0xcee58593) x11 0x800102c2
core   0: 0x800015dc (0x050fc303) lbu     t1, 80(t6)
core   0: 3 0x800015dc (0x050fc303) x 6 0x00000000 mem 0x80016d4b
core   0: 0x800015e0 (0x0035c003) lbu     zero, 3(a1)
core   0: 3 0x800015e0 (0x0035c003) mem 0x800102c5
core   0: 0x800015e4 (0xffafcf03) lbu     t5, -6(t6)
core   0: 3 0x800015e4 (0xffafcf03) x30 0x000000ae mem 0x80016cf5
core   0: 0x800015e8 (0xf245d603) lhu     a2, -220(a1)
core   0: 3 0x800015e8 (0xf245d603) x12 0x00009c9d mem 0x800101e6
core   0: 0x800015ec (0x0cc59223) sh      a2, 196(a1)
core   0: 3 0x800015ec (0x0cc59223) mem 0x80010386 0x9c9d
core   0: 0x800015f0 (0xf9bf8d23) sb      s11, -102(t6)
core   0: 3 0x800015f0 (0xf9bf8d23) mem 0x80016c95 0xe4
core   0: 0x800015f4 (0xfe158e23) sb      ra, -4(a1)
core   0: 3 0x800015f4 (0xfe158e23) mem 0x800102be 0x1a
core   0: 0x800015f8 (0xfecf8e83) lb      t4, -20(t6)
core   0: 3 0x800015f8 (0xfecf8e83) x29 0xffffff9c mem 0x80016ce7
core   0: 0x800015fc (0x0515c903) lbu     s2, 81(a1)
core   0: 3 0x800015fc (0x0515c903) x18 0x000000c8 mem 0x80010313
core   0: 0x80001600 (0x05af9ea3) sh      s10, 93(t6)
core   0: 3 0x80001600 (0x05af9ea3) mem 0x80016d58 0x0010
core   0: 0x80001604 (0x0ef58d03) lb      s10, 239(a1)
core   0: 3 0x80001604 (0x0ef58d03) x26 0x0000006a mem 0x800103b1
core   0: 0x80001608 (0xfb7fa4a3) sw      s7, -87(t6)
core   0: 3 0x80001608 (0xfb7fa4a3) mem 0x80016ca4 0xe1fd6df5
core   0: 0x8000160c (0x0615c403) lbu     s0, 97(a1)
core   0: 3 0x8000160c (0x0615c403) x 8 0x000000d8 mem 0x80010323
core   0: 0x80001610 (0x029f8923) sb      s1, 50(t6)
core   0: 3 0x80001610 (0x029f8923) mem 0x80016d2d 0x19
core   0: 0x80001614 (0xfe95cc83) lbu     s9, -23(a1)
core   0: 3 0x80001614 (0xfe95cc83) x25 0x00000060 mem 0x800102ab
core   0: 0x80001618 (0x00010117) auipc   sp, 0x10
core   0: 3 0x80001618 (0x00010117) x 2 0x80011618
core   0: 0x8000161c (0x9d410113) addi    sp, sp, -1580
core   0: 3 0x8000161c (0x9d410113) x 2 0x80010fec
core   0: 0x80001620 (0xfc314f03) lbu     t5, -61(sp)
core   0: 3 0x80001620 (0xfc314f03) x30 0x00000064 mem 0x80010faf
core   0: 0x80001624 (0xd2510023) sb      t0, -736(sp)
core   0: 3 0x80001624 (0xd2510023) mem 0x80010d0c 0x0
core   0: 0x80001628 (0x00000001) c.nop
core   0: 3 0x80001628 (0x0001)
core   0: 0x8000162a (0x03e797b3) mulh    a5, a5, t5
core   0: 3 0x8000162a (0x03e797b3) x15 0xffffffce
core   0: 0x8000162e (0xe6e14783) lbu     a5, -402(sp)
core   0: 3 0x8000162e (0xe6e14783) x15 0x00000011 mem 0x80010e5a
core   0: 0x80001632 (0xefe11083) lh      ra, -258(sp)
core   0: 3 0x80001632 (0xefe11083) x 1 0xffffa0a1 mem 0x80010eea
core   0: 0x80001636 (0x000098fd) c.andi  s1, -1
core   0: 3 0x80001636 (0x98fd) x 9 0x00000019
core   0: 0x80001638 (0x02f082b3) mul     t0, ra, a5
core   0: 3 0x80001638 (0x02f082b3) x 5 0xfff9aab1
core   0: 0x8000163c (0xddd10f03) lb      t5, -547(sp)
core   0: 3 0x8000163c (0xddd10f03) x30 0xffffff82 mem 0x80010dc9
core   0: 0x80001640 (0xf1c11f03) lh      t5, -228(sp)
core   0: 3 0x80001640 (0xf1c11f03) x30 0xffffc2c3 mem 0x80010f08
core   0: 0x80001644 (0x9af14083) lbu     ra, -1617(sp)
core   0: 3 0x80001644 (0x9af14083) x 1 0x00000050 mem 0x8001099b
core   0: 0x80001648 (0xae614f03) lbu     t5, -1306(sp)
core   0: 3 0x80001648 (0xae614f03) x30 0x00000089 mem 0x80010ad2
core   0: 0x8000164c (0x0ff0000f) fence   iorw,iorw
core   0: 3 0x8000164c (0x0ff0000f)
core   0: 0x80001650 (0xb2982297) auipc   t0, 0xb2982
core   0: 3 0x80001650 (0xb2982297) x 5 0x32983650
core   0: 0x80001654 (0x8e510483) lb      s1, -1819(sp)
core   0: 3 0x80001654 (0x8e510483) x 9 0xffffff8a mem 0x800108d1
core   0: 0x80001658 (0xab9f6f13) ori     t5, t5, -1351
core   0: 3 0x80001658 (0xab9f6f13) x30 0xfffffab9
core   0: 0x8000165c (0x00511323) sh      t0, 6(sp)
core   0: 3 0x8000165c (0x00511323) mem 0x80010ff2 0x3650
core   0: 0x80001660 (0xe9b10f03) lb      t5, -357(sp)
core   0: 3 0x80001660 (0xe9b10f03) x30 0x0000003c mem 0x80010e87
core   0: 0x80001664 (0x009795b3) sll     a1, a5, s1
core   0: 3 0x80001664 (0x009795b3) x11 0x00004400
core   0: 0x80001668 (0x00ff47b3) xor     a5, t5, a5
core   0: 3 0x80001668 (0x00ff47b3) x15 0x0000002d
core   0: 0x8000166c (0xc0110ea3) sb      ra, -995(sp)
core   0: 3 0x8000166c (0xc0110ea3) mem 0x80010c09 0x50
core   0: 0x80001670 (0xdd215583) lhu     a1, -558(sp)
core   0: 3 0x80001670 (0xdd215583) x11 0x00007475 mem 0x80010dbe
core   0: 0x80001674 (0xd29105a3) sb      s1, -725(sp)
core   0: 3 0x80001674 (0xd29105a3) mem 0x80010d17 0x8a
core   0: 0x80001678 (0x1007ff13) andi    t5, a5, 256
core   0: 3 0x80001678 (0x1007ff13) x30 0x00000000
core   0: 0x8000167c (0xd4914083) lbu     ra, -695(sp)
core   0: 3 0x8000167c (0xd4914083) x 1 0x000000ee mem 0x80010d35
core   0: 0x80001680 (0x0257f4b3) remu    s1, a5, t0
core   0: 3 0x80001680 (0x0257f4b3) x 9 0x0000002d
core   0: 0x80001684 (0x000081e9) c.srli  a1, 26
core   0: 3 0x80001684 (0x81e9) x11 0x00000000
core   0: 0x80001686 (0xb5215f03) lhu     t5, -1198(sp)
core   0: 3 0x80001686 (0xb5215f03) x30 0x0000f4f5 mem 0x80010b3e
core   0: 0x8000168a (0xf0111023) sh      ra, -256(sp)
core   0: 3 0x8000168a (0xf0111023) mem 0x80010eec 0x00ee
core   0: 0x8000168e (0xf7114f03) lbu     t5, -143(sp)
core   0: 3 0x8000168e (0xf7114f03) x30 0x00000016 mem 0x80010f5d
core   0: 0x80001692 (0xb4615083) lhu     ra, -1210(sp)
core   0: 3 0x80001692 (0xb4615083) x 1 0x0000e808 mem 0x80010b32
core   0: 0x80001696 (0xaf314f03) lbu     t5, -1293(sp)
core   0: 3 0x80001696 (0xaf314f03) x30 0x00000094 mem 0x80010adf
core   0: 0x8000169a (0xb4111b23) sh      ra, -1194(sp)
core   0: 3 0x8000169a (0xb4111b23) mem 0x80010b42 0xe808
core   0: 0x8000169e (0xf2510123) sb      t0, -222(sp)
core   0: 3 0x8000169e (0xf2510123) mem 0x80010f0e 0x50
core   0: 0x800016a2 (0xb0f10483) lb      s1, -1265(sp)
core   0: 3 0x800016a2 (0xb0f10483) x 9 0xffffffb0 mem 0x80010afb
core   0: 0x800016a6 (0x99710f03) lb      t5, -1641(sp)
core   0: 3 0x800016a6 (0x99710f03) x30 0x00000038 mem 0x80010983
core   0: 0x800016aa (0x89e10aa3) sb      t5, -1899(sp)
core   0: 3 0x800016aa (0x89e10aa3) mem 0x80010881 0x38
core   0: 0x800016ae (0x000002c6) c.slli  t0, 17
core   0: 3 0x800016ae (0x02c6) x 5 0x6ca00000
core   0: 0x800016b0 (0x00008fdd) c.or    a5, a5
core   0: 3 0x800016b0 (0x8fdd) x15 0x0000002d
core   0: 0x800016b2 (0x00b5f2b3) and     t0, a1, a1
core   0: 3 0x800016b2 (0x00b5f2b3) x 5 0x00000000
core   0: 0x800016b6 (0x05510083) lb      ra, 85(sp)
core   0: 3 0x800016b6 (0x05510083) x 1 0xfffffffa mem 0x80011041
core   0: 0x800016ba (0x0054c7b3) xor     a5, s1, t0
core   0: 3 0x800016ba (0x0054c7b3) x15 0xffffffb0
core   0: 0x800016be (0xb0510923) sb      t0, -1262(sp)
core   0: 3 0x800016be (0xb0510923) mem 0x80010afe 0x0
core   0: 0x800016c2 (0xd21101a3) sb      ra, -733(sp)
core   0: 3 0x800016c2 (0xd21101a3) mem 0x80010d0f 0xfa
core   0: 0x800016c6 (0xa3415083) lhu     ra, -1484(sp)
core   0: 3 0x800016c6 (0xa3415083) x 1 0x0000dadb mem 0x80010a20
core   0: 0x800016ca (0x00009f16) c.add   t5, t0
core   0: 3 0x800016ca (0x9f16) x30 0x00000038
core   0: 0x800016cc (0xcfe10b23) sb      t5, -778(sp)
core   0: 3 0x800016cc (0xcfe10b23) mem 0x80010ce2 0x38
core   0: 0x800016d0 (0x0000f697) auipc   a3, 0xf
core   0: 3 0x800016d0 (0x0000f697) x13 0x800106d0
core   0: 0x800016d4 (0xe9868693) addi    a3, a3, -360
core   0: 3 0x800016d4 (0xe9868693) x13 0x80010568
core   0: 0x800016d8 (0x0000f917) auipc   s2, 0xf
core   0: 3 0x800016d8 (0x0000f917) x18 0x800106d8
core   0: 0x800016dc (0xbcb90913) addi    s2, s2, -1077
core   0: 3 0x800016dc (0xbcb90913) x18 0x800102a3
core   0: 0x800016e0 (0x00010897) auipc   a7, 0x10
core   0: 3 0x800016e0 (0x00010897) x17 0x800116e0
core   0: 0x800016e4 (0x94088893) addi    a7, a7, -1728
core   0: 3 0x800016e4 (0x94088893) x17 0x80011020
core   0: 0x800016e8 (0xf9a90803) lb      a6, -102(s2)
core   0: 3 0x800016e8 (0xf9a90803) x16 0xfffffff6 mem 0x8001023d
core   0: 0x800016ec (0x0000fe97) auipc   t4, 0xf
core   0: 3 0x800016ec (0x0000fe97) x29 0x800106ec
core   0: 0x800016f0 (0x4f3e8e93) addi    t4, t4, 1267
core   0: 3 0x800016f0 (0x4f3e8e93) x29 0x80010bdf
core   0: 0x800016f4 (0xfca88aa3) sb      a0, -43(a7)
core   0: 3 0x800016f4 (0xfca88aa3) mem 0x80010ff5 0x34
core   0: 0x800016f8 (0x0000ff17) auipc   t5, 0xf
core   0: 3 0x800016f8 (0x0000ff17) x30 0x800106f8
core   0: 0x800016fc (0x18bf0f13) addi    t5, t5, 395
core   0: 3 0x800016fc (0x18bf0f13) x30 0x80010883
core   0: 0x80001700 (0x00f68323) sb      a5, 6(a3)
core   0: 3 0x80001700 (0x00f68323) mem 0x8001056e 0xb0
core   0: 0x80001704 (0xf93e9483) lh      s1, -109(t4)
core   0: 3 0x80001704 (0xf93e9483) x 9 0x00002829 mem 0x80010b72
core   0: 0x80001708 (0xfcff4c83) lbu     s9, -49(t5)
core   0: 3 0x80001708 (0xfcff4c83) x25 0x00000009 mem 0x80010852
core   0: 0x8000170c (0x0cbe9f83) lh      t6, 203(t4)
core   0: 3 0x8000170c (0x0cbe9f83) x31 0x00006061 mem 0x80010caa
core   0: 0x80001710 (0x0a092aa3) sw      zero, 181(s2)
core   0: 3 0x80001710 (0x0a092aa3) mem 0x80010358 0x00000000
core   0: 0x80001714 (0x00d6c483) lbu     s1, 13(a3)
core   0: 3 0x80001714 (0x00d6c483) x 9 0x0000002e mem 0x80010575
core   0: 0x80001718 (0xfebf1f83) lh      t6, -21(t5)
core   0: 3 0x80001718 (0xfebf1f83) x31 0x000024e8 mem 0x8001086e
core   0: 0x8000171c (0x00669283) lh      t0, 6(a3)
core   0: 3 0x8000171c (0x00669283) x 5 0x000024b0 mem 0x8001056e
core   0: 0x80001720 (0x06aeca83) lbu     s5, 106(t4)
core   0: 3 0x80001720 (0x06aeca83) x21 0x00000002 mem 0x80010c49
core   0: 0x80001724 (0xfd888303) lb      t1, -40(a7)
core   0: 3 0x80001724 (0xfd888303) x 6 0xffffffb3 mem 0x80010ff8
core   0: 0x80001728 (0xfa890f23) sb      s0, -66(s2)
core   0: 3 0x80001728 (0xfa890f23) mem 0x80010261 0xd8
core   0: 0x8000172c (0x042e8583) lb      a1, 66(t4)
core   0: 3 0x8000172c (0x042e8583) x11 0xffffffda mem 0x80010c21
core   0: 0x80001730 (0xff6f10a3) sh      s6, -31(t5)
core   0: 3 0x80001730 (0xff6f10a3) mem 0x80010864 0x5e64
core   0: 0x80001734 (0x02488583) lb      a1, 36(a7)
core   0: 3 0x80001734 (0x02488583) x11 0xffffffff mem 0x80011044
core   0: 0x80001738 (0x032f0483) lb      s1, 50(t5)
core   0: 3 0x80001738 (0x032f0483) x 9 0x0000006e mem 0x800108b5
core   0: 0x8000173c (0x08a94583) lbu     a1, 138(s2)
core   0: 3 0x8000173c (0x08a94583) x11 0x00000000 mem 0x8001032d
core   0: 0x80001740 (0xf0de8d03) lb      s10, -243(t4)
core   0: 3 0x80001740 (0xf0de8d03) x26 0xffffffa7 mem 0x80010aec
core   0: 0x80001744 (0x0ee90383) lb      t2, 238(s2)
core   0: 3 0x80001744 (0x0ee90383) x 7 0x0000004a mem 0x80010391
core   0: 0x80001748 (0xfff8c103) lbu     sp, -1(a7)
core   0: 3 0x80001748 (0xfff8c103) x 2 0x000000d4 mem 0x8001101f
core   0: 0x8000174c (0xfed6ac23) sw      a3, -8(a3)
core   0: 3 0x8000174c (0xfed6ac23) mem 0x80010560 0x80010568
core   0: 0x80001750 (0xff8f0ba3) sb      s8, -9(t5)
core   0: 3 0x80001750 (0xff8f0ba3) mem 0x8001087a 0x2c
core   0: 0x80001754 (0x0ac91ca3) sh      a2, 185(s2)
core   0: 3 0x80001754 (0x0ac91ca3) mem 0x8001035c 0x9c9d
core   0: 0x80001758 (0xfd592583) lw      a1, -43(s2)
core   0: 3 0x80001758 (0xfd592583) x11 0x30313233 mem 0x80010278
core   0: 0x8000175c (0xffe89803) lh      a6, -2(a7)
core   0: 3 0x8000175c (0xffe89803) x16 0xffffd4d5 mem 0x8001101e
core   0: 0x80001760 (0xfebed603) lhu     a2, -21(t4)
core   0: 3 0x80001760 (0xfebed603) x12 0x00008081 mem 0x80010bca
core   0: 0x80001764 (0x039f20a3) sw      s9, 33(t5)
core   0: 3 0x80001764 (0x039f20a3) mem 0x800108a4 0x00000009
core   0: 0x80001768 (0x00f88fa3) sb      a5, 31(a7)
core   0: 3 0x80001768 (0x00f88fa3) mem 0x8001103f 0xb0
core   0: 0x8000176c (0xfc4f0283) lb      t0, -60(t5)
core   0: 3 0x8000176c (0xfc4f0283) x 5 0xfffffffc mem 0x80010847
core   0: 0x80001770 (0x0026a223) sw      sp, 4(a3)
core   0: 3 0x80001770 (0x0026a223) mem 0x8001056c 0x000000d4
core   0: 0x80001774 (0xfc5e8e23) sb      t0, -36(t4)
core   0: 3 0x80001774 (0xfc5e8e23) mem 0x80010bbb 0xfc
core   0: 0x80001778 (0xfde94803) lbu     a6, -34(s2)
core   0: 3 0x80001778 (0xfde94803) x16 0x0000003a mem 0x80010281
core   0: 0x8000177c (0xff96c303) lbu     t1, -7(a3)
core   0: 3 0x8000177c (0xff96c303) x 6 0x00000005 mem 0x80010561
core   0: 0x80001780 (0xfff88da3) sb      t6, -5(a7)
core   0: 3 0x80001780 (0xfff88da3) mem 0x8001101b 0xe8
core   0: 0x80001784 (0xf4192603) lw      a2, -191(s2)
core   0: 3 0x80001784 (0xf4192603) x12 0x9c9d9e9f mem 0x800101e4
core   0: 0x80001788 (0xfed68c23) sb      a3, -8(a3)
core   0: 3 0x80001788 (0xfed68c23) mem 0x80010560 0x68
core   0: 0x8000178c (0x025f1583) lh      a1, 37(t5)
core   0: 3 0x8000178c (0x025f1583) x11 0x00006263 mem 0x800108a8
core   0: 0x80001790 (0x01df1803) lh      a6, 29(t5)
core   0: 3 0x80001790 (0x01df1803) x16 0x00005a5b mem 0x800108a0
core   0: 0x80001794 (0x0fee8423) sb      t5, 232(t4)
core   0: 3 0x80001794 (0x0fee8423) mem 0x80010cc7 0x83
core   0: 0x80001798 (0x00010d17) auipc   s10, 0x10
core   0: 3 0x80001798 (0x00010d17) x26 0x80011798
core   0: 0x8000179c (0x32ed0d13) addi    s10, s10, 814
core   0: 3 0x8000179c (0x32ed0d13) x26 0x80011ac6
core   0: 0x800017a0 (0x0001bf17) auipc   t5, 0x1b
core   0: 3 0x800017a0 (0x0001bf17) x30 0x8001c7a0
core   0: 0x800017a4 (0x035f0f13) addi    t5, t5, 53
core   0: 3 0x800017a4 (0x035f0f13) x30 0x8001c7d5
core   0: 0x800017a8 (0x00018b97) auipc   s7, 0x18
core   0: 3 0x800017a8 (0x00018b97) x23 0x800197a8
core   0: 0x800017ac (0x6fcb8b93) addi    s7, s7, 1788
core   0: 3 0x800017ac (0x6fcb8b93) x23 0x80019ea4
core   0: 0x800017b0 (0x00fb9323) sh      a5, 6(s7)
core   0: 3 0x800017b0 (0x00fb9323) mem 0x80019eaa 0xffb0
core   0: 0x800017b4 (0xf52d2383) lw      t2, -174(s10)
core   0: 3 0x800017b4 (0xf52d2383) x 7 0xd0d1d2d3 mem 0x80011a18
core   0: 0x800017b8 (0x02df5883) lhu     a7, 45(t5)
core   0: 3 0x800017b8 (0x02df5883) x17 0x0000b8b9 mem 0x8001c802
core   0: 0x800017bc (0xff6d4e03) lbu     t3, -10(s10)
core   0: 3 0x800017bc (0xff6d4e03) x28 0x00000077 mem 0x80011abc
core   0: 0x800017c0 (0x06cd1423) sh      a2, 104(s10)
core   0: 3 0x800017c0 (0x06cd1423) mem 0x80011b2e 0x9e9f
core   0: 0x800017c4 (0xff7b8583) lb      a1, -9(s7)
core   0: 3 0x800017c4 (0xff7b8583) x11 0x00000050 mem 0x80019e9b
core   0: 0x800017c8 (0x001b83a3) sb      ra, 7(s7)
core   0: 3 0x800017c8 (0x001b83a3) mem 0x80019eab 0xdb
core   0: 0x800017cc (0xffcbaa23) sw      t3, -12(s7)
core   0: 3 0x800017cc (0xffcbaa23) mem 0x80019e98 0x00000077
core   0: 0x800017d0 (0xffcf4283) lbu     t0, -4(t5)
core   0: 3 0x800017d0 (0xffcf4283) x 5 0x0000008a mem 0x8001c7d1
core   0: 0x800017d4 (0x020f0f23) sb      zero, 62(t5)
core   0: 3 0x800017d4 (0x020f0f23) mem 0x8001c813 0x0
core   0: 0x800017d8 (0x022f4083) lbu     ra, 34(t5)
core   0: 3 0x800017d8 (0x022f4083) x 1 0x000000ac mem 0x8001c7f7
core   0: 0x800017dc (0xff4b8303) lb      t1, -12(s7)
core   0: 3 0x800017dc (0xff4b8303) x 6 0x00000077 mem 0x80019e98
core   0: 0x800017e0 (0x002f0503) lb      a0, 2(t5)
core   0: 3 0x800017e0 (0x002f0503) x10 0xffffff8c mem 0x8001c7d7
core   0: 0x800017e4 (0xfffb8683) lb      a3, -1(s7)
core   0: 3 0x800017e4 (0xfffb8683) x13 0x00000058 mem 0x80019ea3
core   0: 0x800017e8 (0xf21d4403) lbu     s0, -223(s10)
core   0: 3 0x800017e8 (0xf21d4403) x 8 0x0000009c mem 0x800119e7
core   0: 0x800017ec (0xff8b89a3) sb      s8, -13(s7)
core   0: 3 0x800017ec (0xff8b89a3) mem 0x80019e97 0x2c
core   0: 0x800017f0 (0xfcff1aa3) sh      a5, -43(t5)
core   0: 3 0x800017f0 (0xfcff1aa3) mem 0x8001c7aa 0xffb0
core   0: 0x800017f4 (0xf36d0123) sb      s6, -222(s10)
core   0: 3 0x800017f4 (0xf36d0123) mem 0x800119e8 0x64
core   0: 0x800017f8 (0xf8ff0c23) sb      a5, -104(t5)
core   0: 3 0x800017f8 (0xf8ff0c23) mem 0x8001c76d 0xb0
core   0: 0x800017fc (0x0ddd4c83) lbu     s9, 221(s10)
core   0: 3 0x800017fc (0x0ddd4c83) x25 0x00000058 mem 0x80011ba3
core   0: 0x80001800 (0xff6b8903) lb      s2, -10(s7)
core   0: 3 0x80001800 (0xff6b8903) x18 0x00000000 mem 0x80019e9a
core   0: 0x80001804 (0xfb1f0123) sb      a7, -94(t5)
core   0: 3 0x80001804 (0xfb1f0123) mem 0x8001c777 0xb9
core   0: 0x80001808 (0xff3b8c83) lb      s9, -13(s7)
core   0: 3 0x80001808 (0xff3b8c83) x25 0x0000002c mem 0x80019e97
core   0: 0x8000180c (0xff9b8ca3) sb      s9, -7(s7)
core   0: 3 0x8000180c (0xff9b8ca3) mem 0x80019e9d 0x2c
core   0: 0x80001810 (0x0000f917) auipc   s2, 0xf
core   0: 3 0x80001810 (0x0000f917) x18 0x80010810
core   0: 0x80001814 (0xed190913) addi    s2, s2, -303
core   0: 3 0x80001814 (0xed190913) x18 0x800106e1
core   0: 0x80001818 (0xfc995e03) lhu     t3, -55(s2)
core   0: 3 0x80001818 (0xfc995e03) x28 0x00006061 mem 0x800106aa
core   0: 0x8000181c (0xfcd914a3) sh      a3, -55(s2)
core   0: 3 0x8000181c (0xfcd914a3) mem 0x800106aa 0x0058
core   0: 0x80001820 (0x01534d33) xor     s10, t1, s5
core   0: 3 0x80001820 (0x01534d33) x26 0x00000075
core   0: 0x80001824 (0x1d453513) sltiu   a0, a0, 468
core   0: 3 0x80001824 (0x1d453513) x10 0x00000000
core   0: 0x80001828 (0xfc995383) lhu     t2, -55(s2)
core   0: 3 0x80001828 (0xfc995383) x 7 0x00000058 mem 0x800106aa
core   0: 0x8000182c (0xfd2904a3) sb      s2, -55(s2)
core   0: 3 0x8000182c (0xfd2904a3) mem 0x800106aa 0xe1
core   0: 0x80001830 (0xfc991703) lh      a4, -55(s2)
core   0: 3 0x80001830 (0xfc991703) x14 0x000000e1 mem 0x800106aa
core   0: 0x80001834 (0xfc994003) lbu     zero, -55(s2)
core   0: 3 0x80001834 (0xfc994003) mem 0x800106aa
core   0: 0x80001838 (0xfdf904a3) sb      t6, -55(s2)
core   0: 3 0x80001838 (0xfdf904a3) mem 0x800106aa 0xe8
core   0: 0x8000183c (0x00004bc1) c.li    s7, 16
core   0: 3 0x8000183c (0x4bc1) x23 0x00000010
core   0: 0x8000183e (0xfc991e83) lh      t4, -55(s2)
core   0: 3 0x8000183e (0xfc991e83) x29 0x000000e8 mem 0x800106aa
core   0: 0x80001842 (0xfc994183) lbu     gp, -55(s2)
core   0: 3 0x80001842 (0xfc994183) x 3 0x000000e8 mem 0x800106aa
core   0: 0x80001846 (0xfc5904a3) sb      t0, -55(s2)
core   0: 3 0x80001846 (0xfc5904a3) mem 0x800106aa 0x8a
core   0: 0x8000184a (0x03727233) remu    tp, tp, s7
core   0: 3 0x8000184a (0x03727233) x 4 0x00000002
core   0: 0x8000184e (0x05591c83) lh      s9, 85(s2)
core   0: 3 0x8000184e (0x05591c83) x25 0xffffeced mem 0x80010736
core   0: 0x80001852 (0x00000001) c.nop
core   0: 3 0x80001852 (0x0001)
core   0: 0x80001854 (0x05595d03) lhu     s10, 85(s2)
core   0: 3 0x80001854 (0x05595d03) x26 0x0000eced mem 0x80010736
core   0: 0x80001858 (0x00400513) li      a0, 4
core   0: 3 0x80001858 (0x00400513) x10 0x00000004
core   0: 0x8000185c (0x0000100f) fence.i
core   0: 3 0x8000185c (0x0000100f)
core   0: 0x80001860 (0x02ad9e33) mulh    t3, s11, a0
core   0: 3 0x80001860 (0x02ad9e33) x28 0xfffffffe
core   0: 0x80001864 (0x261e5297) auipc   t0, 0x261e5
core   0: 3 0x80001864 (0x261e5297) x 5 0xa61e6864
core   0: 0x80001868 (0xd4362413) slti    s0, a2, -701
core   0: 3 0x80001868 (0xd4362413) x 8 0x00000001
core   0: 0x8000186c (0x16868193) addi    gp, a3, 360
core   0: 3 0x8000186c (0x16868193) x 3 0x000001c0
core   0: 0x80001870 (0x00a00f93) li      t6, 10
core   0: 3 0x80001870 (0x00a00f93) x31 0x0000000a
core   0: 0x80001874 (0x720aed13) ori     s10, s5, 1824
core   0: 3 0x80001874 (0x720aed13) x26 0x00000722
core   0: 0x80001878 (0xd9d3ca93) xori    s5, t2, -611
core   0: 3 0x80001878 (0xd9d3ca93) x21 0xfffffdc5
core   0: 0x8000187c (0x00000505) c.addi  a0, 1
core   0: 3 0x8000187c (0x0505) x10 0x00000005
core   0: 0x8000187e (0x00009c22) c.add   s8, s0
core   0: 3 0x8000187e (0x9c22) x24 0x0000002d
core   0: 0x80001880 (0x00000721) c.addi  a4, 8
core   0: 3 0x80001880 (0x0721) x14 0x000000e9
core   0: 0x80001882 (0x00069733) sll     a4, a3, zero
core   0: 3 0x80001882 (0x00069733) x14 0x00000058
core   0: 0x80001886 (0x00900613) li      a2, 9
core   0: 3 0x80001886 (0x00900613) x12 0x00000009
core   0: 0x8000188a (0x02cfa8b3) mulhsu  a7, t6, a2
core   0: 3 0x8000188a (0x02cfa8b3) x17 0x00000000
core   0: 0x8000188e (0xda13a813) slti    a6, t2, -607
core   0: 3 0x8000188e (0xda13a813) x16 0x00000000
core   0: 0x80001892 (0xff300c93) li      s9, -13
core   0: 3 0x80001892 (0xff300c93) x25 0xfffffff3
core   0: 0x80001896 (0x0378cd33) div     s10, a7, s7
core   0: 3 0x80001896 (0x0378cd33) x26 0x00000000
core   0: 0x8000189a (0x000086e9) c.srai  a3, 26
core   0: 3 0x8000189a (0x86e9) x13 0x00000000
core   0: 0x8000189c (0x00008f5d) c.or    a4, a5
core   0: 3 0x8000189c (0x8f5d) x14 0xfffffff8
core   0: 0x8000189e (0x0000165d) c.addi  a2, -9
core   0: 3 0x8000189e (0x165d) x12 0x00000000
core   0: 0x800018a0 (0xff965be3) bge     a2, s9, pc - 10
core   0: 3 0x800018a0 (0xff965be3)
core   0: 0x80001896 (0x0378cd33) div     s10, a7, s7
core   0: 3 0x80001896 (0x0378cd33) x26 0x00000000
core   0: 0x8000189a (0x000086e9) c.srai  a3, 26
core   0: 3 0x8000189a (0x86e9) x13 0x00000000
core   0: 0x8000189c (0x00008f5d) c.or    a4, a5
core   0: 3 0x8000189c (0x8f5d) x14 0xfffffff8
core   0: 0x8000189e (0x0000165d) c.addi  a2, -9
core   0: 3 0x8000189e (0x165d) x12 0xfffffff7
core   0: 0x800018a0 (0xff965be3) bge     a2, s9, pc - 10
core   0: 3 0x800018a0 (0xff965be3)
core   0: 0x80001896 (0x0378cd33) div     s10, a7, s7
core   0: 3 0x80001896 (0x0378cd33) x26 0x00000000
core   0: 0x8000189a (0x000086e9) c.srai  a3, 26
core   0: 3 0x8000189a (0x86e9) x13 0x00000000
core   0: 0x8000189c (0x00008f5d) c.or    a4, a5
core   0: 3 0x8000189c (0x8f5d) x14 0xfffffff8
core   0: 0x8000189e (0x0000165d) c.addi  a2, -9
core   0: 3 0x8000189e (0x165d) x12 0xffffffee
core   0: 0x800018a0 (0xff965be3) bge     a2, s9, pc - 10
core   0: 3 0x800018a0 (0xff965be3)
core   0: 0x800018a4 (0x024bd933) divu    s2, s7, tp
core   0: 3 0x800018a4 (0x024bd933) x18 0x00000008
core   0: 0x800018a8 (0x00000001) c.nop
core   0: 3 0x800018a8 (0x0001)
core   0: 0x800018aa (0xfdf505e3) beq     a0, t6, pc - 54
core   0: 3 0x800018aa (0xfdf505e3)
core   0: 0x800018ae (0x00000001) c.nop
core   0: 3 0x800018ae (0x0001)
core   0: 0x800018b0 (0x00013397) auipc   t2, 0x13
core   0: 3 0x800018b0 (0x00013397) x 7 0x800148b0
core   0: 0x800018b4 (0xa9638393) addi    t2, t2, -1386
core   0: 3 0x800018b4 (0xa9638393) x 7 0x80014346
core   0: 0x800018b8 (0x00006179) c.addi16sp sp, 464
core   0: 3 0x800018b8 (0x6179) x 2 0x000002a4
core   0: 0x800018ba (0x000015fd) c.addi  a1, -1
core   0: 3 0x800018ba (0x15fd) x11 0x0000004f
core   0: 0x800018bc (0xffe387a3) sb      t5, -17(t2)
core   0: 3 0x800018bc (0xffe387a3) mem 0x80014335 0xd5
core   0: 0x800018c0 (0x014c1033) sll     zero, s8, s4
core   0: 3 0x800018c0 (0x014c1033)
core   0: 0x800018c4 (0x0223d603) lhu     a2, 34(t2)
core   0: 3 0x800018c4 (0x0223d603) x12 0x00002223 mem 0x80014368
core   0: 0x800018c8 (0x01d39c23) sh      t4, 24(t2)
core   0: 3 0x800018c8 (0x01d39c23) mem 0x8001435e 0x00e8
core   0: 0x800018cc (0x0203c503) lbu     a0, 32(t2)
core   0: 3 0x800018cc (0x0203c503) x10 0x0000001d mem 0x80014366
core   0: 0x800018d0 (0x000087fe) c.mv    a5, t6
core   0: 3 0x800018d0 (0x87fe) x15 0x0000000a
core   0: 0x800018d2 (0x00c3cd03) lbu     s10, 12(t2)
core   0: 3 0x800018d2 (0x00c3cd03) x26 0x00000009 mem 0x80014352
core   0: 0x800018d6 (0x41e458b3) sra     a7, s0, t5
core   0: 3 0x800018d6 (0x41e458b3) x17 0x00000000
core   0: 0x800018da (0x01f38f23) sb      t6, 30(t2)
core   0: 3 0x800018da (0x01f38f23) mem 0x80014364 0xa
core   0: 0x800018de (0x02715233) divu    tp, sp, t2
core   0: 3 0x800018de (0x02715233) x 4 0x00000000
core   0: 0x800018e2 (0xfe73cd03) lbu     s10, -25(t2)
core   0: 3 0x800018e2 (0xfe73cd03) x26 0x000000e6 mem 0x8001432d
core   0: 0x800018e6 (0x413c8133) sub     sp, s9, s3
core   0: 3 0x800018e6 (0x413c8133) x 2 0xffffffeb
core   0: 0x800018ea (0x0393c683) lbu     a3, 57(t2)
core   0: 3 0x800018ea (0x0393c683) x13 0x00000034 mem 0x8001437f
core   0: 0x800018ee (0xfdd38783) lb      a5, -35(t2)
core   0: 3 0x800018ee (0xfdd38783) x15 0xffffffd8 mem 0x80014323
core   0: 0x800018f2 (0xff138883) lb      a7, -15(t2)
core   0: 3 0x800018f2 (0xff138883) x17 0xffffffec mem 0x80014337
core   0: 0x800018f6 (0x0373cc83) lbu     s9, 55(t2)
core   0: 3 0x800018f6 (0x0373cc83) x25 0x00000036 mem 0x8001437d
core   0: 0x800018fa (0xfde38323) sb      t5, -58(t2)
core   0: 3 0x800018fa (0xfde38323) mem 0x8001430c 0xd5
core   0: 0x800018fe (0x01c38ea3) sb      t3, 29(t2)
core   0: 3 0x800018fe (0x01c38ea3) mem 0x80014363 0xfe
core   0: 0x80001902 (0xfd23ac83) lw      s9, -46(t2)
core   0: 3 0x80001902 (0xfd23ac83) x25 0xd0d1d2d3 mem 0x80014318
core   0: 0x80001906 (0x0000100f) fence.i
core   0: 3 0x80001906 (0x0000100f)
core   0: 0x8000190a (0x02b38903) lb      s2, 43(t2)
core   0: 3 0x8000190a (0x02b38903) x18 0x0000002a mem 0x80014371
core   0: 0x8000190e (0x000082d9) c.srli  a3, 22
core   0: 3 0x8000190e (0x82d9) x13 0x00000000
core   0: 0x80001910 (0x000e0933) add     s2, t3, zero
core   0: 3 0x80001910 (0x000e0933) x18 0xfffffffe
core   0: 0x80001914 (0x01b38903) lb      s2, 27(t2)
core   0: 3 0x80001914 (0x01b38903) x18 0x0000001a mem 0x80014361
core   0: 0x80001918 (0x000082e5) c.srli  a3, 25
core   0: 3 0x80001918 (0x82e5) x13 0x00000000
core   0: 0x8000191a (0xfdb39a23) sh      s11, -44(t2)
core   0: 3 0x8000191a (0xfdb39a23) mem 0x8001431a 0x9ce4
core   0: 0x8000191e (0x0253c483) lbu     s1, 37(t2)
core   0: 3 0x8000191e (0x0253c483) x 9 0x00000020 mem 0x8001436b
core   0: 0x80001922 (0x2267f013) andi    zero, a5, 550
core   0: 3 0x80001922 (0x2267f013)
core   0: 0x80001926 (0xff13cf03) lbu     t5, -15(t2)
core   0: 3 0x80001926 (0xff13cf03) x30 0x000000ec mem 0x80014337
core   0: 0x8000192a (0x00008de5) c.and   a1, s1
core   0: 3 0x8000192a (0x8de5) x11 0x00000000
core   0: 0x8000192c (0x02338203) lb      tp, 35(t2)
core   0: 3 0x8000192c (0x02338203) x 4 0x00000022 mem 0x80014369
core   0: 0x80001930 (0x41ed5f33) sra     t5, s10, t5
core   0: 3 0x80001930 (0x41ed5f33) x30 0x00000000
core   0: 0x80001934 (0x0393c803) lbu     a6, 57(t2)
core   0: 3 0x80001934 (0x0393c803) x16 0x00000034 mem 0x8001437f
core   0: 0x80001938 (0xfe73cd03) lbu     s10, -25(t2)
core   0: 3 0x80001938 (0xfe73cd03) x26 0x000000e6 mem 0x8001432d
core   0: 0x8000193c (0xfc938083) lb      ra, -55(t2)
core   0: 3 0x8000193c (0xfc938083) x 1 0xffffffc4 mem 0x8001430f
core   0: 0x80001940 (0x030003ef) jal     t2, pc + 0x30
core   0: 3 0x80001940 (0x030003ef) x 7 0x80001944
core   0: 0x80001970 (0x010001ef) jal     gp, pc + 0x10
core   0: 3 0x80001970 (0x010001ef) x 3 0x80001974
core   0: 0x80001980 (0x000037cd) c.jal   pc - 30
core   0: 3 0x80001980 (0x37cd) x 1 0x80001982
core   0: 0x80001962 (0x0000a029) c.j     pc + 10
core   0: 3 0x80001962 (0xa029)
core   0: 0x8000196c (0x0100016f) jal     sp, pc + 0x10
core   0: 3 0x8000196c (0x0100016f) x 2 0x80001970
core   0: 0x8000197c (0x000037c5) c.jal   pc - 32
core   0: 3 0x8000197c (0x37c5) x 1 0x8000197e
core   0: 0x8000195c (0x0000b7fd) c.j     pc - 18
core   0: 3 0x8000195c (0xb7fd)
core   0: 0x8000194a (0x0140016f) jal     sp, pc + 0x14
core   0: 3 0x8000194a (0x0140016f) x 2 0x8000194e
core   0: 0x8000195e (0x00002009) c.jal   pc + 2
core   0: 3 0x8000195e (0x2009) x 1 0x80001960
core   0: 0x80001960 (0x0000a839) c.j     pc + 30
core   0: 3 0x80001960 (0xa839)
core   0: 0x8000197e (0x0000a011) c.j     pc + 4
core   0: 3 0x8000197e (0xa011)
core   0: 0x80001982 (0x000037f9) c.jal   pc - 50
core   0: 3 0x80001982 (0x37f9) x 1 0x80001984
core   0: 0x80001950 (0x00002021) c.jal   pc + 8
core   0: 3 0x80001950 (0x2021) x 1 0x80001952
core   0: 0x80001958 (0x0000bfed) c.j     pc - 6
core   0: 3 0x80001958 (0xbfed)
core   0: 0x80001952 (0x00003fd5) c.jal   pc - 12
core   0: 3 0x80001952 (0x3fd5) x 1 0x80001954
core   0: 0x80001946 (0x03400eef) jal     t4, pc + 0x34
core   0: 3 0x80001946 (0x03400eef) x29 0x8000194a
core   0: 0x8000197a (0x0000b7f5) c.j     pc - 20
core   0: 3 0x8000197a (0xb7f5)
core   0: 0x80001966 (0xfdfff0ef) jal     pc - 0x22
core   0: 3 0x80001966 (0xfdfff0ef) x 1 0x8000196a
core   0: 0x80001944 (0x0000a01d) c.j     pc + 38
core   0: 3 0x80001944 (0xa01d)
core   0: 0x8000196a (0x0000a039) c.j     pc + 14
core   0: 3 0x8000196a (0xa039)
core   0: 0x80001978 (0x00003ff9) c.jal   pc - 34
core   0: 3 0x80001978 (0x3ff9) x 1 0x8000197a
core   0: 0x80001956 (0x00002005) c.jal   pc + 32
core   0: 3 0x80001956 (0x2005) x 1 0x80001958
core   0: 0x80001976 (0x000037d5) c.jal   pc - 28
core   0: 3 0x80001976 (0x37d5) x 1 0x80001978
core   0: 0x8000195a (0x0000a029) c.j     pc + 10
core   0: 3 0x8000195a (0xa029)
core   0: 0x80001964 (0x0000a801) c.j     pc + 16
core   0: 3 0x80001964 (0xa801)
core   0: 0x80001974 (0x0000b7c5) c.j     pc - 32
core   0: 3 0x80001974 (0xb7c5)
core   0: 0x80001954 (0x0000bfed) c.j     pc - 6
core   0: 3 0x80001954 (0xbfed)
core   0: 0x8000194e (0x0000281d) c.jal   pc + 54
core   0: 3 0x8000194e (0x281d) x 1 0x80001950
core   0: 0x80001984 (0x02edb333) mulhu   t1, s11, a4
core   0: 3 0x80001984 (0x02edb333) x 6 0x80029cdf
core   0: 0x80001988 (0x00014117) auipc   sp, 0x14
core   0: 3 0x80001988 (0x00014117) x 2 0x80015988
core   0: 0x8000198c (0xca110113) addi    sp, sp, -863
core   0: 3 0x8000198c (0xca110113) x 2 0x80015629
core   0: 0x80001990 (0x0000f317) auipc   t1, 0xf
core   0: 3 0x80001990 (0x0000f317) x 6 0x80010990
core   0: 0x80001994 (0x5de30313) addi    t1, t1, 1502
core   0: 3 0x80001994 (0x5de30313) x 6 0x80010f6e
core   0: 0x80001998 (0xfc715083) lhu     ra, -57(sp)
core   0: 3 0x80001998 (0xfc715083) x 1 0x0000aaab mem 0x800155f0
core   0: 0x8000199c (0xffe32f03) lw      t5, -2(t1)
core   0: 3 0x8000199c (0xffe32f03) x30 0x24252627 mem 0x80010f6c
core   0: 0x800019a0 (0xffc12da3) sw      t3, -5(sp)
core   0: 3 0x800019a0 (0xffc12da3) mem 0x80015624 0xfffffffe
core   0: 0x800019a4 (0xff530d03) lb      s10, -11(t1)
core   0: 3 0x800019a4 (0xff530d03) x26 0x00000018 mem 0x80010f63
core   0: 0x800019a8 (0xff130e23) sb      a7, -4(t1)
core   0: 3 0x800019a8 (0xff130e23) mem 0x80010f6a 0xec
core   0: 0x800019ac (0x01832323) sw      s8, 6(t1)
core   0: 3 0x800019ac (0x01832323) mem 0x80010f74 0x0000002d
core   0: 0x800019b0 (0x01511b83) lh      s7, 21(sp)
core   0: 3 0x800019b0 (0x01511b83) x23 0xfffff4f5 mem 0x8001563e
core   0: 0x800019b4 (0x00b30c83) lb      s9, 11(t1)
core   0: 3 0x800019b4 (0x00b30c83) x25 0x00000032 mem 0x80010f79
core   0: 0x800019b8 (0x02e14903) lbu     s2, 46(sp)
core   0: 3 0x800019b8 (0x02e14903) x18 0x0000000c mem 0x80015657
core   0: 0x800019bc (0x00c34003) lbu     zero, 12(t1)
core   0: 3 0x800019bc (0x00c34003) mem 0x80010f7a
core   0: 0x800019c0 (0x01c14783) lbu     a5, 28(sp)
core   0: 3 0x800019c0 (0x01c14783) x15 0x000000fe mem 0x80015645
core   0: 0x800019c4 (0x00d30503) lb      a0, 13(t1)
core   0: 3 0x800019c4 (0x00d30503) x10 0x00000030 mem 0x80010f7b
core   0: 0x800019c8 (0x02312903) lw      s2, 35(sp)
core   0: 3 0x800019c8 (0x02312903) x18 0x04050607 mem 0x8001564c
core   0: 0x800019cc (0x00734603) lbu     a2, 7(t1)
core   0: 3 0x800019cc (0x00734603) x12 0x00000000 mem 0x80010f75
core   0: 0x800019d0 (0xff830203) lb      tp, -8(t1)
core   0: 3 0x800019d0 (0xff830203) x 4 0x0000001d mem 0x80010f66
core   0: 0x800019d4 (0x0000f497) auipc   s1, 0xf
core   0: 3 0x800019d4 (0x0000f497) x 9 0x800109d4
core   0: 0x800019d8 (0x29548493) addi    s1, s1, 661
core   0: 3 0x800019d8 (0x29548493) x 9 0x80010c69
core   0: 0x800019dc (0x01fadc93) srli    s9, s5, 31
core   0: 3 0x800019dc (0x01fadc93) x25 0x00000001
core   0: 0x800019e0 (0x419a8ab3) sub     s5, s5, s9
core   0: 3 0x800019e0 (0x419a8ab3) x21 0xfffffdc4
core   0: 0x800019e4 (0x00faeab3) or      s5, s5, a5
core   0: 3 0x800019e4 (0x00faeab3) x21 0xfffffdfe
core   0: 0x800019e8 (0x0ff0000f) fence   iorw,iorw
core   0: 3 0x800019e8 (0x0ff0000f)
core   0: 0x800019ec (0xf1548ba3) sb      s5, -233(s1)
core   0: 3 0x800019ec (0xf1548ba3) mem 0x80010b80 0xfe
core   0: 0x800019f0 (0xf8f4ca83) lbu     s5, -113(s1)
core   0: 3 0x800019f0 (0xf8f4ca83) x21 0x000000b3 mem 0x80010bf8
core   0: 0x800019f4 (0x00fae7b3) or      a5, s5, a5
core   0: 3 0x800019f4 (0x00fae7b3) x15 0x000000ff
core   0: 0x800019f8 (0x0287f7b3) remu    a5, a5, s0
core   0: 3 0x800019f8 (0x0287f7b3) x15 0x00000000
core   0: 0x800019fc (0x6d77b793) sltiu   a5, a5, 1751
core   0: 3 0x800019fc (0x6d77b793) x15 0x00000001
core   0: 0x80001a00 (0x00008f5d) c.or    a4, a5
core   0: 3 0x80001a00 (0x8f5d) x14 0xfffffff9
core   0: 0x80001a02 (0x0000987d) c.andi  s0, -1
core   0: 3 0x80001a02 (0x987d) x 8 0x00000001
core   0: 0x80001a04 (0xfc148c83) lb      s9, -63(s1)
core   0: 3 0x80001a04 (0xfc148c83) x25 0xffffffe1 mem 0x80010c2a
core   0: 0x80001a08 (0x419407b3) sub     a5, s0, s9
core   0: 3 0x80001a08 (0x419407b3) x15 0x00000020
core   0: 0x80001a0c (0x015abcb3) sltu    s9, s5, s5
core   0: 3 0x80001a0c (0x015abcb3) x25 0x00000000
core   0: 0x80001a10 (0xfce4cc83) lbu     s9, -50(s1)
core   0: 3 0x80001a10 (0xfce4cc83) x25 0x000000ec mem 0x80010c37
core   0: 0x80001a14 (0x02fcacb3) mulhsu  s9, s9, a5
core   0: 3 0x80001a14 (0x02fcacb3) x25 0x00000000
core   0: 0x80001a18 (0x00008c5d) c.or    s0, a5
core   0: 3 0x80001a18 (0x8c5d) x 8 0x00000021
core   0: 0x80001a1a (0x08e48703) lb      a4, 142(s1)
core   0: 3 0x80001a1a (0x08e48703) x14 0xffffffac mem 0x80010cf7
core   0: 0x80001a1e (0x008aa7b3) slt     a5, s5, s0
core   0: 3 0x80001a1e (0x008aa7b3) x15 0x00000000
core   0: 0x80001a22 (0x00ea9eb3) sll     t4, s5, a4
core   0: 3 0x80001a22 (0x00ea9eb3) x29 0x000b3000
core   0: 0x80001a26 (0xfae48023) sb      a4, -96(s1)
core   0: 3 0x80001a26 (0xfae48023) mem 0x80010c09 0xac
core   0: 0x80001a2a (0x00006779) c.lui   a4, 0x1e
core   0: 3 0x80001a2a (0x6779) x14 0x0001e000
core   0: 0x80001a2c (0x00000436) c.slli  s0, 13
core   0: 3 0x80001a2c (0x0436) x 8 0x00042000
core   0: 0x80001a2e (0x1a379ab7) lui     s5, 0x1a379
core   0: 3 0x80001a2e (0x1a379ab7) x21 0x1a379000
core   0: 0x80001a32 (0xf2e48623) sb      a4, -212(s1)
core   0: 3 0x80001a32 (0xf2e48623) mem 0x80010b95 0x0
core   0: 0x80001a36 (0x0357b7b3) mulhu   a5, a5, s5
core   0: 3 0x80001a36 (0x0357b7b3) x15 0x00000000
core   0: 0x80001a3a (0x00fa9ab3) sll     s5, s5, a5
core   0: 3 0x80001a3a (0x00fa9ab3) x21 0x1a379000
core   0: 0x80001a3e (0x00008341) c.srli  a4, 16
core   0: 3 0x80001a3e (0x8341) x14 0x00000001
core   0: 0x80001a40 (0x02f76433) rem     s0, a4, a5
core   0: 3 0x80001a40 (0x02f76433) x 8 0x00000001
core   0: 0x80001a44 (0x019c9ab3) sll     s5, s9, s9
core   0: 3 0x80001a44 (0x019c9ab3) x21 0x00000000
core   0: 0x80001a48 (0x02870433) mul     s0, a4, s0
core   0: 3 0x80001a48 (0x02870433) x 8 0x00000001
core   0: 0x80001a4c (0x0197f733) and     a4, a5, s9
core   0: 3 0x80001a4c (0x0197f733) x14 0x00000000
core   0: 0x80001a50 (0x03d43433) mulhu   s0, s0, t4
core   0: 3 0x80001a50 (0x03d43433) x 8 0x00000000
core   0: 0x80001a54 (0x035ae433) rem     s0, s5, s5
core   0: 3 0x80001a54 (0x035ae433) x 8 0x00000000
core   0: 0x80001a58 (0x00e41a93) slli    s5, s0, 14
core   0: 3 0x80001a58 (0x00e41a93) x21 0x00000000
core   0: 0x80001a5c (0x035a8733) mul     a4, s5, s5
core   0: 3 0x80001a5c (0x035a8733) x14 0x00000000
core   0: 0x80001a60 (0x0e44cc83) lbu     s9, 228(s1)
core   0: 3 0x80001a60 (0x0e44cc83) x25 0x00000006 mem 0x80010d4d
core   0: 0x80001a64 (0x00008f9d) c.sub   a5, a5
core   0: 3 0x80001a64 (0x8f9d) x15 0x00000000
core   0: 0x80001a66 (0x0964ca83) lbu     s5, 150(s1)
core   0: 3 0x80001a66 (0x0964ca83) x21 0x000000b4 mem 0x80010cff
core   0: 0x80001a6a (0x0224c783) lbu     a5, 34(s1)
core   0: 3 0x80001a6a (0x0224c783) x15 0x00000040 mem 0x80010c8b
core   0: 0x80001a6e (0x0000fd17) auipc   s10, 0xf
core   0: 3 0x80001a6e (0x0000fd17) x26 0x80010a6e
core   0: 0x80001a72 (0x24dd0d13) addi    s10, s10, 589
core   0: 3 0x80001a72 (0x24dd0d13) x26 0x80010cbb
core   0: 0x80001a76 (0x005a5593) srli    a1, s4, 5
core   0: 3 0x80001a76 (0x005a5593) x11 0x000000b0
core   0: 0x80001a7a (0xfc6d4a03) lbu     s4, -58(s10)
core   0: 3 0x80001a7a (0xfc6d4a03) x20 0x0000003a mem 0x80010c81
core   0: 0x80001a7e (0xfd3d0503) lb      a0, -45(s10)
core   0: 3 0x80001a7e (0xfd3d0503) x10 0x00000045 mem 0x80010c8e
core   0: 0x80001a82 (0xff8d17a3) sh      s8, -17(s10)
core   0: 3 0x80001a82 (0xff8d17a3) mem 0x80010caa 0x002d
core   0: 0x80001a86 (0x000085a5) c.srai  a1, 9
core   0: 3 0x80001a86 (0x85a5) x11 0x00000000
core   0: 0x80001a88 (0xfd8d4c03) lbu     s8, -40(s10)
core   0: 3 0x80001a88 (0xfd8d4c03) x24 0x00000048 mem 0x80010c93
core   0: 0x80001a8c (0xff7d5c03) lhu     s8, -9(s10)
core   0: 3 0x80001a8c (0xff7d5c03) x24 0x00006869 mem 0x80010cb2
core   0: 0x80001a90 (0xfe2d4503) lbu     a0, -30(s10)
core   0: 3 0x80001a90 (0xfe2d4503) x10 0x00000056 mem 0x80010c9d
core   0: 0x80001a94 (0xedec4a13) xori    s4, s8, -290
core   0: 3 0x80001a94 (0xedec4a13) x20 0xffff96b7
core   0: 0x80001a98 (0x00bd0323) sb      a1, 6(s10)
core   0: 3 0x80001a98 (0x00bd0323) mem 0x80010cc1 0x0
core   0: 0x80001a9c (0x017cfbb3) and     s7, s9, s7
core   0: 3 0x80001a9c (0x017cfbb3) x23 0x00000004
core   0: 0x80001aa0 (0x4185dbb3) sra     s7, a1, s8
core   0: 3 0x80001aa0 (0x4185dbb3) x23 0x00000000
core   0: 0x80001aa4 (0x017bfbb3) and     s7, s7, s7
core   0: 3 0x80001aa4 (0x017bfbb3) x23 0x00000000
core   0: 0x80001aa8 (0x57cbfb93) andi    s7, s7, 1404
core   0: 3 0x80001aa8 (0x57cbfb93) x23 0x00000000
core   0: 0x80001aac (0x010d4c03) lbu     s8, 16(s10)
core   0: 3 0x80001aac (0x010d4c03) x24 0x00000000 mem 0x80010ccb
core   0: 0x80001ab0 (0x03951c33) mulh    s8, a0, s9
core   0: 3 0x80001ab0 (0x03951c33) x24 0x00000000
core   0: 0x80001ab4 (0x019bda33) srl     s4, s7, s9
core   0: 3 0x80001ab4 (0x019bda33) x20 0x00000000
core   0: 0x80001ab8 (0x02ba6c33) rem     s8, s4, a1
core   0: 3 0x80001ab8 (0x02ba6c33) x24 0x00000000
core   0: 0x80001abc (0xfcbd0b83) lb      s7, -53(s10)
core   0: 3 0x80001abc (0xfcbd0b83) x23 0x0000003d mem 0x80010c86
core   0: 0x80001ac0 (0x037d0d23) sb      s7, 58(s10)
core   0: 3 0x80001ac0 (0x037d0d23) mem 0x80010cf5 0x3d
core   0: 0x80001ac4 (0x01cd0a03) lb      s4, 28(s10)
core   0: 3 0x80001ac4 (0x01cd0a03) x20 0xffffff8c mem 0x80010cd7
core   0: 0x80001ac8 (0xfd9d0ea3) sb      s9, -35(s10)
core   0: 3 0x80001ac8 (0xfd9d0ea3) mem 0x80010c98 0x6
core   0: 0x80001acc (0x014d0823) sb      s4, 16(s10)
core   0: 3 0x80001acc (0x014d0823) mem 0x80010ccb 0x8c
core   0: 0x80001ad0 (0x00000c62) c.slli  s8, 24
core   0: 3 0x80001ad0 (0x0c62) x24 0x00000000
core   0: 0x80001ad2 (0x0000100f) fence.i
core   0: 3 0x80001ad2 (0x0000100f)
core   0: 0x80001ad6 (0xffad4c83) lbu     s9, -6(s10)
core   0: 3 0x80001ad6 (0xffad4c83) x25 0x0000006e mem 0x80010cb5
core   0: 0x80001ada (0x034c5533) divu    a0, s8, s4
core   0: 3 0x80001ada (0x034c5533) x10 0x00000000
core   0: 0x80001ade (0x02bd0e23) sb      a1, 60(s10)
core   0: 3 0x80001ade (0x02bd0e23) mem 0x80010cf7 0x0
core   0: 0x80001ae2 (0x021d0a03) lb      s4, 33(s10)
core   0: 3 0x80001ae2 (0x021d0a03) x20 0xffffff97 mem 0x80010cdc
core   0: 0x80001ae6 (0x022d4583) lbu     a1, 34(s10)
core   0: 3 0x80001ae6 (0x022d4583) x11 0x00000096 mem 0x80010cdd
core   0: 0x80001aea (0x7eecf593) andi    a1, s9, 2030
core   0: 3 0x80001aea (0x7eecf593) x11 0x0000006e
core   0: 0x80001aee (0x019d0723) sb      s9, 14(s10)
core   0: 3 0x80001aee (0x019d0723) mem 0x80010cc9 0x6e
core   0: 0x80001af2 (0xfd8d05a3) sb      s8, -53(s10)
core   0: 3 0x80001af2 (0xfd8d05a3) mem 0x80010c86 0x0
core   0: 0x80001af6 (0x00004bbd) c.li    s7, 15
core   0: 3 0x80001af6 (0x4bbd) x23 0x0000000f
core   0: 0x80001af8 (0x00008161) c.srli  a0, 24
core   0: 3 0x80001af8 (0x8161) x10 0x00000000
core   0: 0x80001afa (0x00008d8d) c.sub   a1, a1
core   0: 3 0x80001afa (0x8d8d) x11 0x00000000
core   0: 0x80001afc (0x00b59a33) sll     s4, a1, a1
core   0: 3 0x80001afc (0x00b59a33) x20 0x00000000
core   0: 0x80001b00 (0xfe6d4c83) lbu     s9, -26(s10)
core   0: 3 0x80001b00 (0xfe6d4c83) x25 0x0000005a mem 0x80010ca1
core   0: 0x80001b04 (0x038b8cb3) mul     s9, s7, s8
core   0: 3 0x80001b04 (0x038b8cb3) x25 0x00000000
core   0: 0x80001b08 (0xba6a0593) addi    a1, s4, -1114
core   0: 3 0x80001b08 (0xba6a0593) x11 0xfffffba6
core   0: 0x80001b0c (0x03856bb3) rem     s7, a0, s8
core   0: 3 0x80001b0c (0x03856bb3) x23 0x00000000
core   0: 0x80001b10 (0x02bd0e23) sb      a1, 60(s10)
core   0: 3 0x80001b10 (0x02bd0e23) mem 0x80010cf7 0xa6
core   0: 0x80001b14 (0xff8d0823) sb      s8, -16(s10)
core   0: 3 0x80001b14 (0xff8d0823) mem 0x80010cab 0x0
core   0: 0x80001b18 (0x034c1bb3) mulh    s7, s8, s4
core   0: 3 0x80001b18 (0x034c1bb3) x23 0x00000000
core   0: 0x80001b1c (0x00008125) c.srli  a0, 9
core   0: 3 0x80001b1c (0x8125) x10 0x00000000
core   0: 0x80001b1e (0x00000a5e) c.slli  s4, 23
core   0: 3 0x80001b1e (0x0a5e) x20 0x00000000
core   0: 0x80001b20 (0x033d0583) lb      a1, 51(s10)
core   0: 3 0x80001b20 (0x033d0583) x11 0xffffffa5 mem 0x80010cee
core   0: 0x80001b24 (0x02dd5c03) lhu     s8, 45(s10)
core   0: 3 0x80001b24 (0x02dd5c03) x24 0x0000a2a3 mem 0x80010ce8
core   0: 0x80001b28 (0xff8d0523) sb      s8, -22(s10)
core   0: 3 0x80001b28 (0xff8d0523) mem 0x80010ca5 0xa3
core   0: 0x80001b2c (0x00005a7d) c.li    s4, -1
core   0: 3 0x80001b2c (0x5a7d) x20 0xffffffff
core   0: 0x80001b2e (0x00cd4a03) lbu     s4, 12(s10)
core   0: 3 0x80001b2e (0x00cd4a03) x20 0x00000083 mem 0x80010cc7
core   0: 0x80001b32 (0x011d2b83) lw      s7, 17(s10)
core   0: 3 0x80001b32 (0x011d2b83) x23 0x84858687 mem 0x80010ccc
core   0: 0x80001b36 (0xfd7d1b83) lh      s7, -41(s10)
core   0: 3 0x80001b36 (0xfd7d1b83) x23 0x00004849 mem 0x80010c92
core   0: 0x80001b3a (0x0345bbb3) mulhu   s7, a1, s4
core   0: 3 0x80001b3a (0x0345bbb3) x23 0x00000082
core   0: 0x80001b3e (0x034a35b3) mulhu   a1, s4, s4
core   0: 3 0x80001b3e (0x034a35b3) x11 0x00000000
core   0: 0x80001b42 (0x019d2a03) lw      s4, 25(s10)
core   0: 3 0x80001b42 (0x019d2a03) x20 0x8c8d8e8f mem 0x80010cd4
core   0: 0x80001b46 (0xffbd4b83) lbu     s7, -5(s10)
core   0: 3 0x80001b46 (0xffbd4b83) x23 0x0000006d mem 0x80010cb6
core   0: 0x80001b4a (0x00018a97) auipc   s5, 0x18
core   0: 3 0x80001b4a (0x00018a97) x21 0x80019b4a
core   0: 0x80001b4e (0x18ca8a93) addi    s5, s5, 396
core   0: 3 0x80001b4e (0x18ca8a93) x21 0x80019cd6
core   0: 0x80001b52 (0x239ac283) lbu     t0, 569(s5)
core   0: 3 0x80001b52 (0x239ac283) x 5 0x000000c4 mem 0x80019f0f
core   0: 0x80001b56 (0x253a8f03) lb      t5, 595(s5)
core   0: 3 0x80001b56 (0x253a8f03) x30 0xffffffe2 mem 0x80019f29
core   0: 0x80001b5a (0x27aadf03) lhu     t5, 634(s5)
core   0: 3 0x80001b5a (0x27aadf03) x30 0x00000a0b mem 0x80019f50
core   0: 0x80001b5e (0x833a8c83) lb      s9, -1997(s5)
core   0: 3 0x80001b5e (0x833a8c83) x25 0xffffffc2 mem 0x80019509
core   0: 0x80001b62 (0xce2a89a3) sb      sp, -781(s5)
core   0: 3 0x80001b62 (0xce2a89a3) mem 0x800199c9 0x29
core   0: 0x80001b66 (0x00008c31) c.xor   s0, a2
core   0: 3 0x80001b66 (0x8c31) x 8 0x00000000
core   0: 0x80001b68 (0x021f7333) remu    t1, t5, ra
core   0: 3 0x80001b68 (0x021f7333) x 6 0x00000a0b
core   0: 0x80001b6c (0x023f9033) mulh    zero, t6, gp
core   0: 3 0x80001b6c (0x023f9033)
core   0: 0x80001b70 (0x16aa8e23) sb      a0, 380(s5)
core   0: 3 0x80001b70 (0x16aa8e23) mem 0x80019e52 0x0
core   0: 0x80001b74 (0xfe6a8b83) lb      s7, -26(s5)
core   0: 3 0x80001b74 (0xfe6a8b83) x23 0x00000077 mem 0x80019cbc
core   0: 0x80001b78 (0xcdd64c17) auipc   s8, 0xcdd64
core   0: 3 0x80001b78 (0xcdd64c17) x24 0x4dd65b78
core   0: 0x80001b7c (0x01e372b3) and     t0, t1, t5
core   0: 3 0x80001b7c (0x01e372b3) x 5 0x00000a0b
core   0: 0x80001b80 (0x7bba8a03) lb      s4, 1979(s5)
core   0: 3 0x80001b80 (0x7bba8a03) x20 0x0000004a mem 0x8001a491
core   0: 0x80001b84 (0x0000997d) c.andi  a0, -1
core   0: 3 0x80001b84 (0x997d) x10 0x00000000
core   0: 0x80001b86 (0x9b90e5b7) lui     a1, 0x9b90e
core   0: 3 0x80001b86 (0x9b90e5b7) x11 0x9b90e000
core   0: 0x80001b8a (0x00e9f833) and     a6, s3, a4
core   0: 3 0x80001b8a (0x00e9f833) x16 0x00000000
core   0: 0x80001b8e (0x46697f93) andi    t6, s2, 1126
core   0: 3 0x80001b8e (0x46697f93) x31 0x00000406
core   0: 0x80001b92 (0x1dba8e03) lb      t3, 475(s5)
core   0: 3 0x80001b92 (0x1dba8e03) x28 0x0000006a mem 0x80019eb1
core   0: 0x80001b96 (0xdc1a8483) lb      s1, -575(s5)
core   0: 3 0x80001b96 (0xdc1a8483) x 9 0x0000004c mem 0x80019a97
core   0: 0x80001b9a (0xf62a9923) sh      sp, -142(s5)
core   0: 3 0x80001b9a (0xf62a9923) mem 0x80019c48 0x5629
core   0: 0x80001b9e (0xf14ac403) lbu     s0, -236(s5)
core   0: 3 0x80001b9e (0xf14ac403) x 8 0x000000a1 mem 0x80019bea
core   0: 0x80001ba2 (0x479ac103) lbu     sp, 1145(s5)
core   0: 3 0x80001ba2 (0x479ac103) x 2 0x00000004 mem 0x8001a14f
core   0: 0x80001ba6 (0x2b908193) addi    gp, ra, 697
core   0: 3 0x80001ba6 (0x2b908193) x 3 0x0000ad64
core   0: 0x80001baa (0x0000008d) c.addi  ra, 3
core   0: 3 0x80001baa (0x008d) x 1 0x0000aaae
core   0: 0x80001bac (0x01035293) srli    t0, t1, 16
core   0: 3 0x80001bac (0x01035293) x 5 0x00000000
core   0: 0x80001bb0 (0x00000112) c.slli  sp, 4
core   0: 3 0x80001bb0 (0x0112) x 2 0x00000040
core   0: 0x80001bb2 (0x000008b2) c.slli  a7, 12
core   0: 3 0x80001bb2 (0x08b2) x17 0xfffec000
core   0: 0x80001bb4 (0x00009bbe) c.add   s7, a5
core   0: 3 0x80001bb4 (0x9bbe) x23 0x000000b7
core   0: 0x80001bb6 (0x00008e1d) c.sub   a2, a5
core   0: 3 0x80001bb6 (0x8e1d) x12 0xffffffc0
core   0: 0x80001bb8 (0x40b68333) sub     t1, a3, a1
core   0: 3 0x80001bb8 (0x40b68333) x 6 0x646f2000
core   0: 0x80001bbc (0x00006471) c.lui   s0, 0x1c
core   0: 3 0x80001bbc (0x6471) x 8 0x0001c000
core   0: 0x80001bbe (0xb5ca8423) sb      t3, -1208(s5)
core   0: 3 0x80001bbe (0xb5ca8423) mem 0x8001981e 0x6a
core   0: 0x80001bc2 (0x00000001) c.nop
core   0: 3 0x80001bc2 (0x0001)
core   0: 0x80001bc4 (0x0000633d) c.lui   t1, 0xf
core   0: 3 0x80001bc4 (0x633d) x 6 0x0000f000
core   0: 0x80001bc6 (0xa6aaae03) lw      t3, -1430(s5)
core   0: 3 0x80001bc6 (0xa6aaae03) x28 0xf8f9fafb mem 0x80019740
core   0: 0x80001bca (0x41c4dd33) sra     s10, s1, t3
core   0: 3 0x80001bca (0x41c4dd33) x26 0x00000000
core   0: 0x80001bce (0x00008085) c.srli  s1, 1
core   0: 3 0x80001bce (0x8085) x 9 0x00000026
core   0: 0x80001bd0 (0x021f1c33) mulh    s8, t5, ra
core   0: 3 0x80001bd0 (0x021f1c33) x24 0x00000000
core   0: 0x80001bd4 (0x00c77533) and     a0, a4, a2
core   0: 3 0x80001bd4 (0x00c77533) x10 0x00000000
core   0: 0x80001bd8 (0xcb6aa723) sw      s6, -850(s5)
core   0: 3 0x80001bd8 (0xcb6aa723) mem 0x80019984 0x80025e64
core   0: 0x80001bdc (0x57ca9103) lh      sp, 1404(s5)
core   0: 3 0x80001bdc (0x57ca9103) x 2 0x00000809 mem 0x8001a252
core   0: 0x80001be0 (0x862a8ba3) sb      sp, -1929(s5)
core   0: 3 0x80001be0 (0x862a8ba3) mem 0x8001954d 0x9
core   0: 0x80001be4 (0x950a8fa3) sb      a6, -1697(s5)
core   0: 3 0x80001be4 (0x950a8fa3) mem 0x80019635 0x0
core   0: 0x80001be8 (0x000001b6) c.slli  gp, 13
core   0: 3 0x80001be8 (0x01b6) x 3 0x15ac8000
core   0: 0x80001bea (0x00001d7d) c.addi  s10, -1
core   0: 3 0x80001bea (0x1d7d) x26 0xffffffff
core   0: 0x80001bec (0x00009a7e) c.add   s4, t6
core   0: 3 0x80001bec (0x9a7e) x20 0x00000450
core   0: 0x80001bee (0x0000449d) c.li    s1, 7
core   0: 3 0x80001bee (0x449d) x 9 0x00000007
core   0: 0x80001bf0 (0xcc8ad783) lhu     a5, -824(s5)
core   0: 3 0x80001bf0 (0xcc8ad783) x15 0x00005455 mem 0x8001999e
core   0: 0x80001bf4 (0x01c003ef) jal     t2, pc + 0x1c
core   0: 3 0x80001bf4 (0x01c003ef) x 7 0x80001bf8
core   0: 0x80001c10 (0xff1ff96f) jal     s2, pc - 0x10
core   0: 3 0x80001c10 (0xff1ff96f) x18 0x80001c14
core   0: 0x80001c00 (0x0000bff5) c.j     pc - 4
core   0: 3 0x80001c00 (0xbff5)
core   0: 0x80001bfc (0x0000bff5) c.j     pc - 4
core   0: 3 0x80001bfc (0xbff5)
core   0: 0x80001bf8 (0x00002009) c.jal   pc + 2
core   0: 3 0x80001bf8 (0x2009) x 1 0x80001bfa
core   0: 0x80001bfa (0x0000a029) c.j     pc + 10
core   0: 3 0x80001bfa (0xa029)
core   0: 0x80001c04 (0x00002801) c.jal   pc + 16
core   0: 3 0x80001c04 (0x2801) x 1 0x80001c06
core   0: 0x80001c14 (0xff5ff36f) jal     t1, pc - 0xc
core   0: 3 0x80001c14 (0xff5ff36f) x 6 0x80001c18
core   0: 0x80001c08 (0x0040026f) jal     tp, pc + 0x4
core   0: 3 0x80001c08 (0x0040026f) x 4 0x80001c0c
core   0: 0x80001c0c (0x00003fcd) c.jal   pc - 14
core   0: 3 0x80001c0c (0x3fcd) x 1 0x80001c0e
core   0: 0x80001bfe (0x0000a801) c.j     pc + 16
core   0: 3 0x80001bfe (0xa801)
core   0: 0x80001c0e (0x0000bfe5) c.j     pc - 8
core   0: 3 0x80001c0e (0xbfe5)
core   0: 0x80001c06 (0x0000a819) c.j     pc + 22
core   0: 3 0x80001c06 (0xa819)
core   0: 0x80001c1c (0x0040036f) jal     t1, pc + 0x4
core   0: 3 0x80001c1c (0x0040036f) x 6 0x80001c20
core   0: 0x80001c20 (0xff9ff0ef) jal     pc - 0x8
core   0: 3 0x80001c20 (0xff9ff0ef) x 1 0x80001c24
core   0: 0x80001c18 (0xfebff16f) jal     sp, pc - 0x16
core   0: 3 0x80001c18 (0xfebff16f) x 2 0x80001c1c
core   0: 0x80001c02 (0x0000200d) c.jal   pc + 34
core   0: 3 0x80001c02 (0x200d) x 1 0x80001c04
core   0: 0x80001c24 (0x0301e0b3) rem     ra, gp, a6
core   0: 3 0x80001c24 (0x0301e0b3) x 1 0x15ac8000
core   0: 0x80001c28 (0x0000fa17) auipc   s4, 0xf
core   0: 3 0x80001c28 (0x0000fa17) x20 0x80010c28
core   0: 0x80001c2c (0x239a0a13) addi    s4, s4, 569
core   0: 3 0x80001c2c (0x239a0a13) x20 0x80010e61
core   0: 0x80001c30 (0x00000362) c.slli  t1, 24
core   0: 3 0x80001c30 (0x0362) x 6 0x20000000
core   0: 0x80001c32 (0xfeaa0223) sb      a0, -28(s4)
core   0: 3 0x80001c32 (0xfeaa0223) mem 0x80010e45 0x0
core   0: 0x80001c36 (0x90c695b7) lui     a1, 0x90c69
core   0: 3 0x80001c36 (0x90c695b7) x11 0x90c69000
core   0: 0x80001c3a (0x036cb133) mulhu   sp, s9, s6
core   0: 3 0x80001c3a (0x036cb133) x 2 0x80025e44
core   0: 0x80001c3e (0x02b21fb3) mulh    t6, tp, a1
core   0: 3 0x80001c3e (0x02b21fb3) x31 0x379cabd0
core   0: 0x80001c42 (0x018a0303) lb      t1, 24(s4)
core   0: 3 0x80001c42 (0x018a0303) x 6 0x00000032 mem 0x80010e79
core   0: 0x80001c46 (0xfc3a0423) sb      gp, -56(s4)
core   0: 3 0x80001c46 (0xfc3a0423) mem 0x80010e29 0x0
core   0: 0x80001c4a (0x016210b3) sll     ra, tp, s6
core   0: 3 0x80001c4a (0x016210b3) x 1 0x0001c0c0
core   0: 0x80001c4e (0xfdda0703) lb      a4, -35(s4)
core   0: 3 0x80001c4e (0xfdda0703) x14 0x00000000 mem 0x80010e3e
core   0: 0x80001c52 (0xfb85ec97) auipc   s9, 0xfb85e
core   0: 3 0x80001c52 (0xfb85ec97) x25 0x7b85fc52
core   0: 0x80001c56 (0x01fa0083) lb      ra, 31(s4)
core   0: 3 0x80001c56 (0x01fa0083) x 1 0x0000003b mem 0x80010e80
core   0: 0x80001c5a (0xfbe28893) addi    a7, t0, -66
core   0: 3 0x80001c5a (0xfbe28893) x17 0xffffffbe
core   0: 0x80001c5e (0x000573b3) and     t2, a0, zero
core   0: 3 0x80001c5e (0x000573b3) x 7 0x00000000
core   0: 0x80001c62 (0x014a10a3) sh      s4, 1(s4)
core   0: 3 0x80001c62 (0x014a10a3) mem 0x80010e62 0x0e61
core   0: 0x80001c66 (0x0371f733) remu    a4, gp, s7
core   0: 3 0x80001c66 (0x0371f733) x14 0x00000006
core   0: 0x80001c6a (0xffca4603) lbu     a2, -4(s4)
core   0: 3 0x80001c6a (0xffca4603) x12 0x00000016 mem 0x80010e5d
core   0: 0x80001c6e (0x0000051d) c.addi  a0, 7
core   0: 3 0x80001c6e (0x051d) x10 0x00000007
core   0: 0x80001c70 (0xfdaa4703) lbu     a4, -38(s4)
core   0: 3 0x80001c70 (0xfdaa4703) x14 0x000000f0 mem 0x80010e3b
core   0: 0x80001c74 (0x00004f49) c.li    t5, 18
core   0: 3 0x80001c74 (0x4f49) x30 0x00000012
core   0: 0x80001c76 (0x0000928a) c.add   t0, sp
core   0: 3 0x80001c76 (0x928a) x 5 0x80025e44
core   0: 0x80001c78 (0xfc5a4103) lbu     sp, -59(s4)
core   0: 3 0x80001c78 (0xfc5a4103) x 2 0x000000dd mem 0x80010e26
core   0: 0x80001c7c (0x45870c93) addi    s9, a4, 1112
core   0: 3 0x80001c7c (0x45870c93) x25 0x00000548
core   0: 0x80001c80 (0x032a02a3) sb      s2, 37(s4)
core   0: 3 0x80001c80 (0x032a02a3) mem 0x80010e86 0x14
core   0: 0x80001c84 (0x01a2f833) and     a6, t0, s10
core   0: 3 0x80001c84 (0x01a2f833) x16 0x80025e44
core   0: 0x80001c88 (0x000a1ba3) sh      zero, 23(s4)
core   0: 3 0x80001c88 (0x000a1ba3) mem 0x80010e78 0x0000
core   0: 0x80001c8c (0x027a4c83) lbu     s9, 39(s4)
core   0: 3 0x80001c8c (0x027a4c83) x25 0x00000043 mem 0x80010e88
core   0: 0x80001c90 (0x01ba0c23) sb      s11, 24(s4)
core   0: 3 0x80001c90 (0x01ba0c23) mem 0x80010e79 0xe4
core   0: 0x80001c94 (0xfd2a4e03) lbu     t3, -46(s4)
core   0: 3 0x80001c94 (0xfd2a4e03) x28 0x000000e8 mem 0x80010e33
core   0: 0x80001c98 (0x00000001) c.nop
core   0: 3 0x80001c98 (0x0001)
core   0: 0x80001c9a (0xfcfa0b23) sb      a5, -42(s4)
core   0: 3 0x80001c9a (0xfcfa0b23) mem 0x80010e37 0x55
core   0: 0x80001c9e (0x02fa2483) lw      s1, 47(s4)
core   0: 3 0x80001c9e (0x02fa2483) x 9 0x48494a4b mem 0x80010e90
core   0: 0x80001ca2 (0xfcaa0b83) lb      s7, -54(s4)
core   0: 3 0x80001ca2 (0xfcaa0b83) x23 0xffffffe0 mem 0x80010e2b
core   0: 0x80001ca6 (0xfcaa0d03) lb      s10, -54(s4)
core   0: 3 0x80001ca6 (0xfcaa0d03) x26 0xffffffe0 mem 0x80010e2b
core   0: 0x80001caa (0x000005e1) c.addi  a1, 24
core   0: 3 0x80001caa (0x05e1) x11 0x90c69018
core   0: 0x80001cac (0x018a4f03) lbu     t5, 24(s4)
core   0: 3 0x80001cac (0x018a4f03) x30 0x000000e4 mem 0x80010e79
core   0: 0x80001cb0 (0x038a4003) lbu     zero, 56(s4)
core   0: 3 0x80001cb0 (0x038a4003) mem 0x80010e99
core   0: 0x80001cb4 (0x01e1d293) srli    t0, gp, 30
core   0: 3 0x80001cb4 (0x01e1d293) x 5 0x00000000
core   0: 0x80001cb8 (0x01da0483) lb      s1, 29(s4)
core   0: 3 0x80001cb8 (0x01da0483) x 9 0x00000035 mem 0x80010e7e
core   0: 0x80001cbc (0x038a4c03) lbu     s8, 56(s4)
core   0: 3 0x80001cbc (0x038a4c03) x24 0x00000052 mem 0x80010e99
core   0: 0x80001cc0 (0x0ff0000f) fence   iorw,iorw
core   0: 3 0x80001cc0 (0x0ff0000f)
core   0: 0x80001cc4 (0x90985fb7) lui     t6, 0x90985
core   0: 3 0x80001cc4 (0x90985fb7) x31 0x90985000
core   0: 0x80001cc8 (0x029c5c33) divu    s8, s8, s1
core   0: 3 0x80001cc8 (0x029c5c33) x24 0x00000001
core   0: 0x80001ccc (0xfc5a23a3) sw      t0, -57(s4)
core   0: 3 0x80001ccc (0xfc5a23a3) mem 0x80010e28 0x00000000
core   0: 0x80001cd0 (0xfd0a0e03) lb      t3, -48(s4)
core   0: 3 0x80001cd0 (0xfd0a0e03) x28 0xffffffea mem 0x80010e31
core   0: 0x80001cd4 (0x4af2af13) slti    t5, t0, 1199
core   0: 3 0x80001cd4 (0x4af2af13) x30 0x00000001
core   0: 0x80001cd8 (0xe4d5d217) auipc   tp, 0xe4d5d
core   0: 3 0x80001cd8 (0xe4d5d217) x 4 0x64d5ecd8
core   0: 0x80001cdc (0x025a0583) lb      a1, 37(s4)
core   0: 3 0x80001cdc (0x025a0583) x11 0x00000014 mem 0x80010e86
core   0: 0x80001ce0 (0xfeaa10a3) sh      a0, -31(s4)
core   0: 3 0x80001ce0 (0xfeaa10a3) mem 0x80010e42 0x0007
core   0: 0x80001ce4 (0xfdda0203) lb      tp, -35(s4)
core   0: 3 0x80001ce4 (0xfdda0203) x 4 0x00000000 mem 0x80010e3e
core   0: 0x80001ce8 (0x036a4883) lbu     a7, 54(s4)
core   0: 3 0x80001ce8 (0x036a4883) x17 0x0000004c mem 0x80010e97
core   0: 0x80001cec (0x0001e117) auipc   sp, 0x1e
core   0: 3 0x80001cec (0x0001e117) x 2 0x8001fcec
core   0: 0x80001cf0 (0xfaf10113) addi    sp, sp, -81
core   0: 3 0x80001cf0 (0xfaf10113) x 2 0x8001fc9b
core   0: 0x80001cf4 (0x3646aa13) slti    s4, a3, 868
core   0: 3 0x80001cf4 (0x3646aa13) x20 0x00000001
core   0: 0x80001cf8 (0x4080d2b3) sra     t0, ra, s0
core   0: 3 0x80001cf8 (0x4080d2b3) x 5 0x0000003b
core   0: 0x80001cfc (0x62a10323) sb      a0, 1574(sp)
core   0: 3 0x80001cfc (0x62a10323) mem 0x800202c1 0x7
core   0: 0x80001d00 (0xcb610483) lb      s1, -842(sp)
core   0: 3 0x80001d00 (0xcb610483) x 9 0x0000000a mem 0x8001f951
core   0: 0x80001d04 (0xafe106a3) sb      t5, -1299(sp)
core   0: 3 0x80001d04 (0xafe106a3) mem 0x8001f788 0x1
core   0: 0x80001d08 (0x034ee533) rem     a0, t4, s4
core   0: 3 0x80001d08 (0x034ee533) x10 0x00000000
core   0: 0x80001d0c (0x017f5bb3) srl     s7, t5, s7
core   0: 3 0x80001d0c (0x017f5bb3) x23 0x00000001
core   0: 0x80001d10 (0x6d115503) lhu     a0, 1745(sp)
core   0: 3 0x80001d10 (0x6d115503) x10 0x00002627 mem 0x8002036c
core   0: 0x80001d14 (0x0ff0000f) fence   iorw,iorw
core   0: 3 0x80001d14 (0x0ff0000f)
core   0: 0x80001d18 (0x87914483) lbu     s1, -1927(sp)
core   0: 3 0x80001d18 (0x87914483) x 9 0x000000cf mem 0x8001f514
core   0: 0x80001d1c (0x64210e03) lb      t3, 1602(sp)
core   0: 3 0x80001d1c (0x64210e03) x28 0xffffff96 mem 0x800202dd
core   0: 0x80001d20 (0x00006c41) c.lui   s8, 0x10
core   0: 3 0x80001d20 (0x6c41) x24 0x00010000
core   0: 0x80001d22 (0x00e13033) sltu    zero, sp, a4
core   0: 3 0x80001d22 (0x00e13033)
core   0: 0x80001d26 (0x00009bd2) c.add   s7, s4
core   0: 3 0x80001d26 (0x9bd2) x23 0x00000002
core   0: 0x80001d28 (0x00008545) c.srai  a0, 17
core   0: 3 0x80001d28 (0x8545) x10 0x00000000
core   0: 0x80001d2a (0x00009cbe) c.add   s9, a5
core   0: 3 0x80001d2a (0x9cbe) x25 0x00005498
core   0: 0x80001d2c (0x57a10b83) lb      s7, 1402(sp)
core   0: 3 0x80001d2c (0x57a10b83) x23 0xffffffce mem 0x80020215
core   0: 0x80001d30 (0x00043eb3) sltu    t4, s0, zero
core   0: 3 0x80001d30 (0x00043eb3) x29 0x00000000
core   0: 0x80001d34 (0xa25df013) andi    zero, s11, -1499
core   0: 3 0x80001d34 (0xa25df013)
core   0: 0x80001d38 (0xa3b14003) lbu     zero, -1477(sp)
core   0: 3 0x80001d38 (0xa3b14003) mem 0x8001f6d6
core   0: 0x80001d3c (0x53810303) lb      t1, 1336(sp)
core   0: 3 0x80001d3c (0x53810303) x 6 0xffffff88 mem 0x800201d3
core   0: 0x80001d40 (0x02e64933) div     s2, a2, a4
core   0: 3 0x80001d40 (0x02e64933) x18 0x00000000
core   0: 0x80001d44 (0x93e10383) lb      t2, -1730(sp)
core   0: 3 0x80001d44 (0x93e10383) x 7 0xffffff92 mem 0x8001f5d9
core   0: 0x80001d48 (0xdc711283) lh      t0, -569(sp)
core   0: 3 0x80001d48 (0xdc711283) x 5 0x00001819 mem 0x8001fa62
core   0: 0x80001d4c (0x02acdd33) divu    s10, s9, a0
core   0: 3 0x80001d4c (0x02acdd33) x26 0xffffffff
core   0: 0x80001d50 (0xa7210123) sb      s2, -1438(sp)
core   0: 3 0x80001d50 (0xa7210123) mem 0x8001f6fd 0x0
core   0: 0x80001d54 (0x4120d033) sra     zero, ra, s2
core   0: 3 0x80001d54 (0x4120d033)
core   0: 0x80001d58 (0x01603ab3) snez    s5, s6
core   0: 3 0x80001d58 (0x01603ab3) x21 0x00000001
core   0: 0x80001d5c (0x0ff0000f) fence   iorw,iorw
core   0: 3 0x80001d5c (0x0ff0000f)
core   0: 0x80001d60 (0x93d111a3) sh      t4, -1757(sp)
core   0: 3 0x80001d60 (0x93d111a3) mem 0x8001f5be 0x0000
core   0: 0x80001d64 (0x21c14003) lbu     zero, 540(sp)
core   0: 3 0x80001d64 (0x21c14003) mem 0x8001feb7
core   0: 0x80001d68 (0xd4414283) lbu     t0, -700(sp)
core   0: 3 0x80001d68 (0xd4414283) x 5 0x00000094 mem 0x8001f9df
core   0: 0x80001d6c (0x000058fd) c.li    a7, -1
core   0: 3 0x80001d6c (0x58fd) x17 0xffffffff
core   0: 0x80001d6e (0xb8d15183) lhu     gp, -1139(sp)
core   0: 3 0x80001d6e (0xb8d15183) x 3 0x0000e2e3 mem 0x8001f828
core   0: 0x80001d72 (0x7f710323) sb      s7, 2022(sp)
core   0: 3 0x80001d72 (0x7f710323) mem 0x80020481 0xce
core   0: 0x80001d76 (0x404c51b3) sra     gp, s8, tp
core   0: 3 0x80001d76 (0x404c51b3) x 3 0x00010000
core   0: 0x80001d7a (0x8c6117a3) sh      t1, -1841(sp)
core   0: 3 0x80001d7a (0x8c6117a3) mem 0x8001f56a 0xff88
core   0: 0x80001d7e (0xc7811ba3) sh      s8, -905(sp)
core   0: 3 0x80001d7e (0xc7811ba3) mem 0x8001f912 0x0000
core   0: 0x80001d82 (0xb6810883) lb      a7, -1176(sp)
core   0: 3 0x80001d82 (0xb6810883) x17 0xffffffb8 mem 0x8001f803
core   0: 0x80001d86 (0xb52100a3) sb      s2, -1215(sp)
core   0: 3 0x80001d86 (0xb52100a3) mem 0x8001f7dc 0x0
core   0: 0x80001d8a (0xf7110a83) lb      s5, -143(sp)
core   0: 3 0x80001d8a (0xf7110a83) x21 0xffffffc7 mem 0x8001fc0c
core   0: 0x80001d8e (0x28912d03) lw      s10, 649(sp)
core   0: 3 0x80001d8e (0x28912d03) x26 0xdcdddedf mem 0x8001ff24
core   0: 0x80001d92 (0x012003ef) jal     t2, pc + 0x12
core   0: 3 0x80001d92 (0x012003ef) x 7 0x80001d96
core   0: 0x80001da4 (0x0000a009) c.j     pc + 2
core   0: 3 0x80001da4 (0xa009)
core   0: 0x80001da6 (0xff9ff86f) jal     a6, pc - 0x8
core   0: 3 0x80001da6 (0xff9ff86f) x16 0x80001daa
core   0: 0x80001d9e (0x026000ef) jal     pc + 0x26
core   0: 3 0x80001d9e (0x026000ef) x 1 0x80001da2
core   0: 0x80001dc4 (0x00003fcd) c.jal   pc - 14
core   0: 3 0x80001dc4 (0x3fcd) x 1 0x80001dc6
core   0: 0x80001db6 (0x0000a029) c.j     pc + 10
core   0: 3 0x80001db6 (0xa029)
core   0: 0x80001dc0 (0xfebff0ef) jal     pc - 0x16
core   0: 3 0x80001dc0 (0xfebff0ef) x 1 0x80001dc4
core   0: 0x80001daa (0x0000a011) c.j     pc + 4
core   0: 3 0x80001daa (0xa011)
core   0: 0x80001dae (0x020000ef) jal     pc + 0x20
core   0: 3 0x80001dae (0x020000ef) x 1 0x80001db2
core   0: 0x80001dce (0xfedff36f) jal     t1, pc - 0x14
core   0: 3 0x80001dce (0xfedff36f) x 6 0x80001dd2
core   0: 0x80001dba (0xff3ff0ef) jal     pc - 0xe
core   0: 3 0x80001dba (0xff3ff0ef) x 1 0x80001dbe
core   0: 0x80001dac (0x0000b7ed) c.j     pc - 22
core   0: 3 0x80001dac (0xb7ed)
core   0: 0x80001d96 (0x0000a00d) c.j     pc + 34
core   0: 3 0x80001d96 (0xa00d)
core   0: 0x80001db8 (0x0000b7d5) c.j     pc - 28
core   0: 3 0x80001db8 (0xb7d5)
core   0: 0x80001d9c (0x00003ff5) c.jal   pc - 4
core   0: 3 0x80001d9c (0x3ff5) x 1 0x80001d9e
core   0: 0x80001d98 (0x0000a80d) c.j     pc + 50
core   0: 3 0x80001d98 (0xa80d)
core   0: 0x80001dca (0x00003fd5) c.jal   pc - 12
core   0: 3 0x80001dca (0x3fd5) x 1 0x80001dcc
core   0: 0x80001dbe (0x0000a039) c.j     pc + 14
core   0: 3 0x80001dbe (0xa039)
core   0: 0x80001dcc (0x000037f9) c.jal   pc - 50
core   0: 3 0x80001dcc (0x37f9) x 1 0x80001dce
core   0: 0x80001d9a (0x00002021) c.jal   pc + 8
core   0: 3 0x80001d9a (0x2021) x 1 0x80001d9c
core   0: 0x80001da2 (0x00002015) c.jal   pc + 36
core   0: 3 0x80001da2 (0x2015) x 1 0x80001da4
core   0: 0x80001dc6 (0xfedff36f) jal     t1, pc - 0x14
core   0: 3 0x80001dc6 (0xfedff36f) x 6 0x80001dca
core   0: 0x80001db2 (0x020005ef) jal     a1, pc + 0x20
core   0: 3 0x80001db2 (0x020005ef) x11 0x80001db6
core   0: 0x80001dd2 (0x406a56b3) sra     a3, s4, t1
core   0: 3 0x80001dd2 (0x406a56b3) x13 0x00000000
core   0: 0x80001dd6 (0x0000f117) auipc   sp, 0xf
core   0: 3 0x80001dd6 (0x0000f117) x 2 0x80010dd6
core   0: 0x80001dda (0xfef10113) addi    sp, sp, -17
core   0: 3 0x80001dda (0xfef10113) x 2 0x80010dc5
core   0: 0x80001dde (0xdc34ee13) ori     t3, s1, -573
core   0: 3 0x80001dde (0xdc34ee13) x28 0xfffffdcf
core   0: 0x80001de2 (0x0277c693) xori    a3, a5, 39
core   0: 3 0x80001de2 (0x0277c693) x13 0x00005472
core   0: 0x80001de6 (0xfdb15783) lhu     a5, -37(sp)
core   0: 3 0x80001de6 (0xfdb15783) x15 0x00005a5b mem 0x80010da0
core   0: 0x80001dea (0x01410803) lb      a6, 20(sp)
core   0: 3 0x80001dea (0x01410803) x16 0xffffff92 mem 0x80010dd9
core   0: 0x80001dee (0x01414903) lbu     s2, 20(sp)
core   0: 3 0x80001dee (0x01414903) x18 0x00000092 mem 0x80010dd9
core   0: 0x80001df2 (0x01410a03) lb      s4, 20(sp)
core   0: 3 0x80001df2 (0x01410a03) x20 0xffffff92 mem 0x80010dd9
core   0: 0x80001df6 (0xfe711f03) lh      t5, -25(sp)
core   0: 3 0x80001df6 (0xfe711f03) x30 0x00006667 mem 0x80010dac
core   0: 0x80001dfa (0xfed103a3) sb      a3, -25(sp)
core   0: 3 0x80001dfa (0xfed103a3) mem 0x80010dac 0x72
core   0: 0x80001dfe (0xff410b83) lb      s7, -12(sp)
core   0: 3 0x80001dfe (0xff410b83) x23 0x00000072 mem 0x80010db9
core   0: 0x80001e02 (0xfd1114a3) sh      a7, -55(sp)
core   0: 3 0x80001e02 (0xfd1114a3) mem 0x80010d8e 0xffb8
core   0: 0x80001e06 (0x0000100f) fence.i
core   0: 3 0x80001e06 (0x0000100f)
core   0: 0x80001e0a (0x00000001) c.nop
core   0: 3 0x80001e0a (0x0001)
core   0: 0x80001e0c (0x016cb833) sltu    a6, s9, s6
core   0: 3 0x80001e0c (0x016cb833) x16 0x00000001
core   0: 0x80001e10 (0xff214c83) lbu     s9, -14(sp)
core   0: 3 0x80001e10 (0xff214c83) x25 0x0000006c mem 0x80010db7
core   0: 0x80001e14 (0xff214203) lbu     tp, -14(sp)
core   0: 3 0x80001e14 (0xff214203) x 4 0x0000006c mem 0x80010db7
core   0: 0x80001e18 (0xfee10923) sb      a4, -14(sp)
core   0: 3 0x80001e18 (0xfee10923) mem 0x80010db7 0xf0
core   0: 0x80001e1c (0xfd712903) lw      s2, -41(sp)
core   0: 3 0x80001e1c (0xfd712903) x18 0x54555657 mem 0x80010d9c
core   0: 0x80001e20 (0x00000001) c.nop
core   0: 3 0x80001e20 (0x0001)
core   0: 0x80001e22 (0x03414b83) lbu     s7, 52(sp)
core   0: 3 0x80001e22 (0x03414b83) x23 0x000000b2 mem 0x80010df9
core   0: 0x80001e26 (0x03414583) lbu     a1, 52(sp)
core   0: 3 0x80001e26 (0x03414583) x11 0x000000b2 mem 0x80010df9
core   0: 0x80001e2a (0xfd610223) sb      s6, -60(sp)
core   0: 3 0x80001e2a (0xfd610223) mem 0x80010d89 0x64
core   0: 0x80001e2e (0x00012117) auipc   sp, 0x12
core   0: 3 0x80001e2e (0x00012117) x 2 0x80013e2e
core   0: 0x80001e32 (0xebb10113) addi    sp, sp, -325
core   0: 3 0x80001e32 (0xebb10113) x 2 0x80013ce9
core   0: 0x80001e36 (0x314a8513) addi    a0, s5, 788
core   0: 3 0x80001e36 (0x314a8513) x10 0x000002db
core   0: 0x80001e3a (0x418ade93) srai    t4, s5, 24
core   0: 3 0x80001e3a (0x418ade93) x29 0xffffffff
core   0: 0x80001e3e (0x02c10383) lb      t2, 44(sp)
core   0: 3 0x80001e3e (0x02c10383) x 7 0xffffffce mem 0x80013d15
core   0: 0x80001e42 (0x0198df33) srl     t5, a7, s9
core   0: 3 0x80001e42 (0x0198df33) x30 0x000fffff
core   0: 0x80001e46 (0x00410723) sb      tp, 14(sp)
core   0: 3 0x80001e46 (0x00410723) mem 0x80013cf7 0x6c
core   0: 0x80001e4a (0x00000001) c.nop
core   0: 3 0x80001e4a (0x0001)
core   0: 0x80001e4c (0x03a14f03) lbu     t5, 58(sp)
core   0: 3 0x80001e4c (0x03a14f03) x30 0x000000d8 mem 0x80013d23
core   0: 0x80001e50 (0xa63eb813) sltiu   a6, t4, -1437
core   0: 3 0x80001e50 (0xa63eb813) x16 0x00000000
core   0: 0x80001e54 (0x01312703) lw      a4, 19(sp)
core   0: 3 0x80001e54 (0x01312703) x14 0xb4b5b6b7 mem 0x80013cfc
core   0: 0x80001e58 (0x1db94493) xori    s1, s2, 475
core   0: 3 0x80001e58 (0x1db94493) x 9 0x5455578c
core   0: 0x80001e5c (0x000042dd) c.li    t0, 23
core   0: 3 0x80001e5c (0x42dd) x 5 0x00000017
core   0: 0x80001e5e (0x027443b3) div     t2, s0, t2
core   0: 3 0x80001e5e (0x027443b3) x 7 0xfffff70b
core   0: 0x80001e62 (0x00008e85) c.sub   a3, s1
core   0: 3 0x80001e62 (0x8e85) x13 0xabaafce6
core   0: 0x80001e64 (0x03a14603) lbu     a2, 58(sp)
core   0: 3 0x80001e64 (0x03a14603) x12 0x000000d8 mem 0x80013d23
core   0: 0x80001e68 (0x023116a3) sh      gp, 45(sp)
core   0: 3 0x80001e68 (0x023116a3) mem 0x80013d16 0x0000
core   0: 0x80001e6c (0x00008c2d) c.xor   s0, a1
core   0: 3 0x80001e6c (0x8c2d) x 8 0x0001c0b2
core   0: 0x80001e6e (0x00000001) c.nop
core   0: 3 0x80001e6e (0x0001)
core   0: 0x80001e70 (0x00a08eb3) add     t4, ra, a0
core   0: 3 0x80001e70 (0x00a08eb3) x29 0x8000207f
core   0: 0x80001e74 (0x010107a3) sb      a6, 15(sp)
core   0: 3 0x80001e74 (0x010107a3) mem 0x80013cf8 0x0
core   0: 0x80001e78 (0x01410b83) lb      s7, 20(sp)
core   0: 3 0x80001e78 (0x01410b83) x23 0xffffffb6 mem 0x80013cfd
core   0: 0x80001e7c (0x415ddb93) srai    s7, s11, 21
core   0: 3 0x80001e7c (0x415ddb93) x23 0xfffffc00
core   0: 0x80001e80 (0xfe715d03) lhu     s10, -25(sp)
core   0: 3 0x80001e80 (0xfe715d03) x26 0x00008a8b mem 0x80013cd0
core   0: 0x80001e84 (0x03210523) sb      s2, 42(sp)
core   0: 3 0x80001e84 (0x03210523) mem 0x80013d13 0x57
core   0: 0x80001e88 (0x0000100f) fence.i
core   0: 3 0x80001e88 (0x0000100f)
core   0: 0x80001e8c (0xfc214403) lbu     s0, -62(sp)
core   0: 3 0x80001e8c (0xfc214403) x 8 0x00000060 mem 0x80013cab
core   0: 0x80001e90 (0x7f0ebf13) sltiu   t5, t4, 2032
core   0: 3 0x80001e90 (0x7f0ebf13) x30 0x00000000
core   0: 0x80001e94 (0x00006fc1) c.lui   t6, 0x10
core   0: 3 0x80001e94 (0x6fc1) x31 0x00010000
core   0: 0x80001e96 (0x02514083) lbu     ra, 37(sp)
core   0: 3 0x80001e96 (0x02514083) x 1 0x000000c5 mem 0x80013d0e
core   0: 0x80001e9a (0x01f79fb3) sll     t6, a5, t6
core   0: 3 0x80001e9a (0x01f79fb3) x31 0x00005a5b
core   0: 0x80001e9e (0x012e7533) and     a0, t3, s2
core   0: 3 0x80001e9e (0x012e7533) x10 0x54555447
core   0: 0x80001ea2 (0x00246bb3) or      s7, s0, sp
core   0: 3 0x80001ea2 (0x00246bb3) x23 0x80013ce9
core   0: 0x80001ea6 (0xfd814e83) lbu     t4, -40(sp)
core   0: 3 0x80001ea6 (0xfd814e83) x29 0x0000007a mem 0x80013cc1
core   0: 0x80001eaa (0x03810423) sb      s8, 40(sp)
core   0: 3 0x80001eaa (0x03810423) mem 0x80013d11 0x0
core   0: 0x80001eae (0x00cfae33) slt     t3, t6, a2
core   0: 3 0x80001eae (0x00cfae33) x28 0x00000000
core   0: 0x80001eb2 (0x3a850c93) addi    s9, a0, 936
core   0: 3 0x80001eb2 (0x3a850c93) x25 0x545557ef
core   0: 0x80001eb6 (0xfdf10923) sb      t6, -46(sp)
core   0: 3 0x80001eb6 (0xfdf10923) mem 0x80013cbb 0x5b
core   0: 0x80001eba (0x00006849) c.lui   a6, 0x12
core   0: 3 0x80001eba (0x6849) x16 0x00012000
core   0: 0x80001ebc (0x036116a3) sh      s6, 45(sp)
core   0: 3 0x80001ebc (0x036116a3) mem 0x80013d16 0x5e64
core   0: 0x80001ec0 (0x01eab3b3) sltu    t2, s5, t5
core   0: 3 0x80001ec0 (0x01eab3b3) x 7 0x00000000
core   0: 0x80001ec4 (0x028911b3) mulh    gp, s2, s0
core   0: 3 0x80001ec4 (0x028911b3) x 3 0x0000001f
core   0: 0x80001ec8 (0x45800a93) li      s5, 1112
core   0: 3 0x80001ec8 (0x45800a93) x21 0x00000458
core   0: 0x80001ecc (0xfcb12583) lw      a1, -53(sp)
core   0: 3 0x80001ecc (0xfcb12583) x11 0x6c6d6e6f mem 0x80013cb4
core   0: 0x80001ed0 (0x02310f83) lb      t6, 35(sp)
core   0: 3 0x80001ed0 (0x02310f83) x31 0xffffffc7 mem 0x80013d0c
core   0: 0x80001ed4 (0x2911fa93) andi    s5, gp, 657
core   0: 3 0x80001ed4 (0x2911fa93) x21 0x00000011
core   0: 0x80001ed8 (0x00000232) c.slli  tp, 12
core   0: 3 0x80001ed8 (0x0232) x 4 0x0006c000
core   0: 0x80001eda (0x00008b09) c.andi  a4, 2
core   0: 3 0x80001eda (0x8b09) x14 0x00000002
core   0: 0x80001edc (0x01c10403) lb      s0, 28(sp)
core   0: 3 0x80001edc (0x01c10403) x 8 0xffffffbe mem 0x80013d05
core   0: 0x80001ee0 (0x03eec433) div     s0, t4, t5
core   0: 3 0x80001ee0 (0x03eec433) x 8 0xffffffff
core   0: 0x80001ee4 (0x00008599) c.srai  a1, 6
core   0: 3 0x80001ee4 (0x8599) x11 0x01b1b5b9
core   0: 0x80001ee6 (0x02310523) sb      gp, 42(sp)
core   0: 3 0x80001ee6 (0x02310523) mem 0x80013d13 0x1f
core   0: 0x80001eea (0x00a00693) li      a3, 10
core   0: 3 0x80001eea (0x00a00693) x13 0x0000000a
core   0: 0x80001eee (0x82f49317) auipc   t1, 0x82f49
core   0: 3 0x80001eee (0x82f49317) x 6 0x02f4aeee
core   0: 0x80001ef2 (0x00000f93) li      t6, 0
core   0: 3 0x80001ef2 (0x00000f93) x31 0x00000000
core   0: 0x80001ef6 (0x408d01b3) sub     gp, s10, s0
core   0: 3 0x80001ef6 (0x408d01b3) x 3 0x00008a8c
core   0: 0x80001efa (0x00000001) c.nop
core   0: 3 0x80001efa (0x0001)
core   0: 0x80001efc (0x00008089) c.srli  s1, 2
core   0: 3 0x80001efc (0x8089) x 9 0x151555e3
core   0: 0x80001efe (0x002e5393) srli    t2, t3, 2
core   0: 3 0x80001efe (0x002e5393) x 7 0x00000000
core   0: 0x80001f02 (0x03eaf633) remu    a2, s5, t5
core   0: 3 0x80001f02 (0x03eaf633) x12 0x00000011
core   0: 0x80001f06 (0x029fe1b3) rem     gp, t6, s1
core   0: 3 0x80001f06 (0x029fe1b3) x 3 0x00000000
core   0: 0x80001f0a (0x000016f9) c.addi  a3, -2
core   0: 3 0x80001f0a (0x16f9) x13 0x00000008
core   0: 0x80001f0c (0xfff00e93) li      t4, -1
core   0: 3 0x80001f0c (0xfff00e93) x29 0xffffffff
core   0: 0x80001f10 (0x810778b7) lui     a7, 0x81077
core   0: 3 0x80001f10 (0x810778b7) x17 0x81077000
core   0: 0x80001f14 (0xe74ca713) slti    a4, s9, -396
core   0: 3 0x80001f14 (0xe74ca713) x14 0x00000000
core   0: 0x80001f18 (0xff700913) li      s2, -9
core   0: 3 0x80001f18 (0xff700913) x18 0xfffffff7
core   0: 0x80001f1c (0x0183d193) srli    gp, t2, 24
core   0: 3 0x80001f1c (0x0183d193) x 3 0x00000000
core   0: 0x80001f20 (0x00004839) c.li    a6, 14
core   0: 3 0x80001f20 (0x4839) x16 0x0000000e
core   0: 0x80001f22 (0x0ff0000f) fence   iorw,iorw
core   0: 3 0x80001f22 (0x0ff0000f)
core   0: 0x80001f26 (0x00001ee1) c.addi  t4, -8
core   0: 3 0x80001f26 (0x1ee1) x29 0xfffffff7
core   0: 0x80001f28 (0x02d3c4b3) div     s1, t2, a3
core   0: 3 0x80001f28 (0x02d3c4b3) x 9 0x00000000
core   0: 0x80001f2c (0xff2e8ae3) beq     t4, s2, pc - 12
core   0: 3 0x80001f2c (0xff2e8ae3)
core   0: 0x80001f20 (0x00004839) c.li    a6, 14
core   0: 3 0x80001f20 (0x4839) x16 0x0000000e
core   0: 0x80001f22 (0x0ff0000f) fence   iorw,iorw
core   0: 3 0x80001f22 (0x0ff0000f)
core   0: 0x80001f26 (0x00001ee1) c.addi  t4, -8
core   0: 3 0x80001f26 (0x1ee1) x29 0xffffffef
core   0: 0x80001f28 (0x02d3c4b3) div     s1, t2, a3
core   0: 3 0x80001f28 (0x02d3c4b3) x 9 0x00000000
core   0: 0x80001f2c (0xff2e8ae3) beq     t4, s2, pc - 12
core   0: 3 0x80001f2c (0xff2e8ae3)
core   0: 0x80001f30 (0x03fe3533) mulhu   a0, t3, t6
core   0: 3 0x80001f30 (0x03fe3533) x10 0x00000000
core   0: 0x80001f34 (0xfdf693e3) bne     a3, t6, pc - 58
core   0: 3 0x80001f34 (0xfdf693e3)
core   0: 0x80001efa (0x00000001) c.nop
core   0: 3 0x80001efa (0x0001)
core   0: 0x80001efc (0x00008089) c.srli  s1, 2
core   0: 3 0x80001efc (0x8089) x 9 0x00000000
core   0: 0x80001efe (0x002e5393) srli    t2, t3, 2
core   0: 3 0x80001efe (0x002e5393) x 7 0x00000000
core   0: 0x80001f02 (0x03eaf633) remu    a2, s5, t5
core   0: 3 0x80001f02 (0x03eaf633) x12 0x00000011
core   0: 0x80001f06 (0x029fe1b3) rem     gp, t6, s1
core   0: 3 0x80001f06 (0x029fe1b3) x 3 0x00000000
core   0: 0x80001f0a (0x000016f9) c.addi  a3, -2
core   0: 3 0x80001f0a (0x16f9) x13 0x00000006
core   0: 0x80001f0c (0xfff00e93) li      t4, -1
core   0: 3 0x80001f0c (0xfff00e93) x29 0xffffffff
core   0: 0x80001f10 (0x810778b7) lui     a7, 0x81077
core   0: 3 0x80001f10 (0x810778b7) x17 0x81077000
core   0: 0x80001f14 (0xe74ca713) slti    a4, s9, -396
core   0: 3 0x80001f14 (0xe74ca713) x14 0x00000000
core   0: 0x80001f18 (0xff700913) li      s2, -9
core   0: 3 0x80001f18 (0xff700913) x18 0xfffffff7
core   0: 0x80001f1c (0x0183d193) srli    gp, t2, 24
core   0: 3 0x80001f1c (0x0183d193) x 3 0x00000000
core   0: 0x80001f20 (0x00004839) c.li    a6, 14
core   0: 3 0x80001f20 (0x4839) x16 0x0000000e
core   0: 0x80001f22 (0x0ff0000f) fence   iorw,iorw
core   0: 3 0x80001f22 (0x0ff0000f)
core   0: 0x80001f26 (0x00001ee1) c.addi  t4, -8
core   0: 3 0x80001f26 (0x1ee1) x29 0xfffffff7
core   0: 0x80001f28 (0x02d3c4b3) div     s1, t2, a3
core   0: 3 0x80001f28 (0x02d3c4b3) x 9 0x00000000
core   0: 0x80001f2c (0xff2e8ae3) beq     t4, s2, pc - 12
core   0: 3 0x80001f2c (0xff2e8ae3)
core   0: 0x80001f20 (0x00004839) c.li    a6, 14
core   0: 3 0x80001f20 (0x4839) x16 0x0000000e
core   0: 0x80001f22 (0x0ff0000f) fence   iorw,iorw
core   0: 3 0x80001f22 (0x0ff0000f)
core   0: 0x80001f26 (0x00001ee1) c.addi  t4, -8
core   0: 3 0x80001f26 (0x1ee1) x29 0xffffffef
core   0: 0x80001f28 (0x02d3c4b3) div     s1, t2, a3
core   0: 3 0x80001f28 (0x02d3c4b3) x 9 0x00000000
core   0: 0x80001f2c (0xff2e8ae3) beq     t4, s2, pc - 12
core   0: 3 0x80001f2c (0xff2e8ae3)
core   0: 0x80001f30 (0x03fe3533) mulhu   a0, t3, t6
core   0: 3 0x80001f30 (0x03fe3533) x10 0x00000000
core   0: 0x80001f34 (0xfdf693e3) bne     a3, t6, pc - 58
core   0: 3 0x80001f34 (0xfdf693e3)
core   0: 0x80001efa (0x00000001) c.nop
core   0: 3 0x80001efa (0x0001)
core   0: 0x80001efc (0x00008089) c.srli  s1, 2
core   0: 3 0x80001efc (0x8089) x 9 0x00000000
core   0: 0x80001efe (0x002e5393) srli    t2, t3, 2
core   0: 3 0x80001efe (0x002e5393) x 7 0x00000000
core   0: 0x80001f02 (0x03eaf633) remu    a2, s5, t5
core   0: 3 0x80001f02 (0x03eaf633) x12 0x00000011
core   0: 0x80001f06 (0x029fe1b3) rem     gp, t6, s1
core   0: 3 0x80001f06 (0x029fe1b3) x 3 0x00000000
core   0: 0x80001f0a (0x000016f9) c.addi  a3, -2
core   0: 3 0x80001f0a (0x16f9) x13 0x00000004
core   0: 0x80001f0c (0xfff00e93) li      t4, -1
core   0: 3 0x80001f0c (0xfff00e93) x29 0xffffffff
core   0: 0x80001f10 (0x810778b7) lui     a7, 0x81077
core   0: 3 0x80001f10 (0x810778b7) x17 0x81077000
core   0: 0x80001f14 (0xe74ca713) slti    a4, s9, -396
core   0: 3 0x80001f14 (0xe74ca713) x14 0x00000000
core   0: 0x80001f18 (0xff700913) li      s2, -9
core   0: 3 0x80001f18 (0xff700913) x18 0xfffffff7
core   0: 0x80001f1c (0x0183d193) srli    gp, t2, 24
core   0: 3 0x80001f1c (0x0183d193) x 3 0x00000000
core   0: 0x80001f20 (0x00004839) c.li    a6, 14
core   0: 3 0x80001f20 (0x4839) x16 0x0000000e
core   0: 0x80001f22 (0x0ff0000f) fence   iorw,iorw
core   0: 3 0x80001f22 (0x0ff0000f)
core   0: 0x80001f26 (0x00001ee1) c.addi  t4, -8
core   0: 3 0x80001f26 (0x1ee1) x29 0xfffffff7
core   0: 0x80001f28 (0x02d3c4b3) div     s1, t2, a3
core   0: 3 0x80001f28 (0x02d3c4b3) x 9 0x00000000
core   0: 0x80001f2c (0xff2e8ae3) beq     t4, s2, pc - 12
core   0: 3 0x80001f2c (0xff2e8ae3)
core   0: 0x80001f20 (0x00004839) c.li    a6, 14
core   0: 3 0x80001f20 (0x4839) x16 0x0000000e
core   0: 0x80001f22 (0x0ff0000f) fence   iorw,iorw
core   0: 3 0x80001f22 (0x0ff0000f)
core   0: 0x80001f26 (0x00001ee1) c.addi  t4, -8
core   0: 3 0x80001f26 (0x1ee1) x29 0xffffffef
core   0: 0x80001f28 (0x02d3c4b3) div     s1, t2, a3
core   0: 3 0x80001f28 (0x02d3c4b3) x 9 0x00000000
core   0: 0x80001f2c (0xff2e8ae3) beq     t4, s2, pc - 12
core   0: 3 0x80001f2c (0xff2e8ae3)
core   0: 0x80001f30 (0x03fe3533) mulhu   a0, t3, t6
core   0: 3 0x80001f30 (0x03fe3533) x10 0x00000000
core   0: 0x80001f34 (0xfdf693e3) bne     a3, t6, pc - 58
core   0: 3 0x80001f34 (0xfdf693e3)
core   0: 0x80001efa (0x00000001) c.nop
core   0: 3 0x80001efa (0x0001)
core   0: 0x80001efc (0x00008089) c.srli  s1, 2
core   0: 3 0x80001efc (0x8089) x 9 0x00000000
core   0: 0x80001efe (0x002e5393) srli    t2, t3, 2
core   0: 3 0x80001efe (0x002e5393) x 7 0x00000000
core   0: 0x80001f02 (0x03eaf633) remu    a2, s5, t5
core   0: 3 0x80001f02 (0x03eaf633) x12 0x00000011
core   0: 0x80001f06 (0x029fe1b3) rem     gp, t6, s1
core   0: 3 0x80001f06 (0x029fe1b3) x 3 0x00000000
core   0: 0x80001f0a (0x000016f9) c.addi  a3, -2
core   0: 3 0x80001f0a (0x16f9) x13 0x00000002
core   0: 0x80001f0c (0xfff00e93) li      t4, -1
core   0: 3 0x80001f0c (0xfff00e93) x29 0xffffffff
core   0: 0x80001f10 (0x810778b7) lui     a7, 0x81077
core   0: 3 0x80001f10 (0x810778b7) x17 0x81077000
core   0: 0x80001f14 (0xe74ca713) slti    a4, s9, -396
core   0: 3 0x80001f14 (0xe74ca713) x14 0x00000000
core   0: 0x80001f18 (0xff700913) li      s2, -9
core   0: 3 0x80001f18 (0xff700913) x18 0xfffffff7
core   0: 0x80001f1c (0x0183d193) srli    gp, t2, 24
core   0: 3 0x80001f1c (0x0183d193) x 3 0x00000000
core   0: 0x80001f20 (0x00004839) c.li    a6, 14
core   0: 3 0x80001f20 (0x4839) x16 0x0000000e
core   0: 0x80001f22 (0x0ff0000f) fence   iorw,iorw
core   0: 3 0x80001f22 (0x0ff0000f)
core   0: 0x80001f26 (0x00001ee1) c.addi  t4, -8
core   0: 3 0x80001f26 (0x1ee1) x29 0xfffffff7
core   0: 0x80001f28 (0x02d3c4b3) div     s1, t2, a3
core   0: 3 0x80001f28 (0x02d3c4b3) x 9 0x00000000
core   0: 0x80001f2c (0xff2e8ae3) beq     t4, s2, pc - 12
core   0: 3 0x80001f2c (0xff2e8ae3)
core   0: 0x80001f20 (0x00004839) c.li    a6, 14
core   0: 3 0x80001f20 (0x4839) x16 0x0000000e
core   0: 0x80001f22 (0x0ff0000f) fence   iorw,iorw
core   0: 3 0x80001f22 (0x0ff0000f)
core   0: 0x80001f26 (0x00001ee1) c.addi  t4, -8
core   0: 3 0x80001f26 (0x1ee1) x29 0xffffffef
core   0: 0x80001f28 (0x02d3c4b3) div     s1, t2, a3
core   0: 3 0x80001f28 (0x02d3c4b3) x 9 0x00000000
core   0: 0x80001f2c (0xff2e8ae3) beq     t4, s2, pc - 12
core   0: 3 0x80001f2c (0xff2e8ae3)
core   0: 0x80001f30 (0x03fe3533) mulhu   a0, t3, t6
core   0: 3 0x80001f30 (0x03fe3533) x10 0x00000000
core   0: 0x80001f34 (0xfdf693e3) bne     a3, t6, pc - 58
core   0: 3 0x80001f34 (0xfdf693e3)
core   0: 0x80001efa (0x00000001) c.nop
core   0: 3 0x80001efa (0x0001)
core   0: 0x80001efc (0x00008089) c.srli  s1, 2
core   0: 3 0x80001efc (0x8089) x 9 0x00000000
core   0: 0x80001efe (0x002e5393) srli    t2, t3, 2
core   0: 3 0x80001efe (0x002e5393) x 7 0x00000000
core   0: 0x80001f02 (0x03eaf633) remu    a2, s5, t5
core   0: 3 0x80001f02 (0x03eaf633) x12 0x00000011
core   0: 0x80001f06 (0x029fe1b3) rem     gp, t6, s1
core   0: 3 0x80001f06 (0x029fe1b3) x 3 0x00000000
core   0: 0x80001f0a (0x000016f9) c.addi  a3, -2
core   0: 3 0x80001f0a (0x16f9) x13 0x00000000
core   0: 0x80001f0c (0xfff00e93) li      t4, -1
core   0: 3 0x80001f0c (0xfff00e93) x29 0xffffffff
core   0: 0x80001f10 (0x810778b7) lui     a7, 0x81077
core   0: 3 0x80001f10 (0x810778b7) x17 0x81077000
core   0: 0x80001f14 (0xe74ca713) slti    a4, s9, -396
core   0: 3 0x80001f14 (0xe74ca713) x14 0x00000000
core   0: 0x80001f18 (0xff700913) li      s2, -9
core   0: 3 0x80001f18 (0xff700913) x18 0xfffffff7
core   0: 0x80001f1c (0x0183d193) srli    gp, t2, 24
core   0: 3 0x80001f1c (0x0183d193) x 3 0x00000000
core   0: 0x80001f20 (0x00004839) c.li    a6, 14
core   0: 3 0x80001f20 (0x4839) x16 0x0000000e
core   0: 0x80001f22 (0x0ff0000f) fence   iorw,iorw
core   0: 3 0x80001f22 (0x0ff0000f)
core   0: 0x80001f26 (0x00001ee1) c.addi  t4, -8
core   0: 3 0x80001f26 (0x1ee1) x29 0xfffffff7
core   0: 0x80001f28 (0x02d3c4b3) div     s1, t2, a3
core   0: 3 0x80001f28 (0x02d3c4b3) x 9 0xffffffff
core   0: 0x80001f2c (0xff2e8ae3) beq     t4, s2, pc - 12
core   0: 3 0x80001f2c (0xff2e8ae3)
core   0: 0x80001f20 (0x00004839) c.li    a6, 14
core   0: 3 0x80001f20 (0x4839) x16 0x0000000e
core   0: 0x80001f22 (0x0ff0000f) fence   iorw,iorw
core   0: 3 0x80001f22 (0x0ff0000f)
core   0: 0x80001f26 (0x00001ee1) c.addi  t4, -8
core   0: 3 0x80001f26 (0x1ee1) x29 0xffffffef
core   0: 0x80001f28 (0x02d3c4b3) div     s1, t2, a3
core   0: 3 0x80001f28 (0x02d3c4b3) x 9 0xffffffff
core   0: 0x80001f2c (0xff2e8ae3) beq     t4, s2, pc - 12
core   0: 3 0x80001f2c (0xff2e8ae3)
core   0: 0x80001f30 (0x03fe3533) mulhu   a0, t3, t6
core   0: 3 0x80001f30 (0x03fe3533) x10 0x00000000
core   0: 0x80001f34 (0xfdf693e3) bne     a3, t6, pc - 58
core   0: 3 0x80001f34 (0xfdf693e3)
core   0: 0x80001f38 (0x01915bb3) srl     s7, sp, s9
core   0: 3 0x80001f38 (0x01915bb3) x23 0x00010002
core   0: 0x80001f3c (0xff700693) li      a3, -9
core   0: 3 0x80001f3c (0xff700693) x13 0xfffffff7
core   0: 0x80001f40 (0x000085c5) c.srai  a1, 17
core   0: 3 0x80001f40 (0x85c5) x11 0x000000d8
core   0: 0x80001f42 (0x00207033) and     zero, zero, sp
core   0: 3 0x80001f42 (0x00207033)
core   0: 0x80001f46 (0x000080e1) c.srli  s1, 24
core   0: 3 0x80001f46 (0x80e1) x 9 0x000000ff
core   0: 0x80001f48 (0x00008785) c.srai  a5, 1
core   0: 3 0x80001f48 (0x8785) x15 0x00002d2d
core   0: 0x80001f4a (0x01100613) li      a2, 17
core   0: 3 0x80001f4a (0x01100613) x12 0x00000011
core   0: 0x80001f4e (0x0174d313) srli    t1, s1, 23
core   0: 3 0x80001f4e (0x0174d313) x 6 0x00000000
core   0: 0x80001f52 (0x00763fb3) sltu    t6, a2, t2
core   0: 3 0x80001f52 (0x00763fb3) x31 0x00000000
core   0: 0x80001f56 (0x6d8b3893) sltiu   a7, s6, 1752
core   0: 3 0x80001f56 (0x6d8b3893) x17 0x00000000
core   0: 0x80001f5a (0x01614cb3) xor     s9, sp, s6
core   0: 3 0x80001f5a (0x01614cb3) x25 0x0003628d
core   0: 0x80001f5e (0x391db713) sltiu   a4, s11, 913
core   0: 3 0x80001f5e (0x391db713) x14 0x00000000
core   0: 0x80001f62 (0x000006a9) c.addi  a3, 10
core   0: 3 0x80001f62 (0x06a9) x13 0x00000001
core   0: 0x80001f64 (0x00000d45) c.addi  s10, 17
core   0: 3 0x80001f64 (0x0d45) x26 0x00008a9c
core   0: 0x80001f66 (0x7d664393) xori    t2, a2, 2006
core   0: 3 0x80001f66 (0x7d664393) x 7 0x000007c7
core   0: 0x80001f6a (0xffc00413) li      s0, -4
core   0: 3 0x80001f6a (0xffc00413) x 8 0xfffffffc
core   0: 0x80001f6e (0x3b3c4313) xori    t1, s8, 947
core   0: 3 0x80001f6e (0x3b3c4313) x 6 0x000103b3
core   0: 0x80001f72 (0x00700293) li      t0, 7
core   0: 3 0x80001f72 (0x00700293) x 5 0x00000007
core   0: 0x80001f76 (0x60940b93) addi    s7, s0, 1545
core   0: 3 0x80001f76 (0x60940b93) x23 0x00000605
core   0: 0x80001f7a (0x00006831) c.lui   a6, 0xc
core   0: 3 0x80001f7a (0x6831) x16 0x0000c000
core   0: 0x80001f7c (0x00008f45) c.or    a4, s1
core   0: 3 0x80001f7c (0x8f45) x14 0x000000ff
core   0: 0x80001f7e (0xae44ad13) slti    s10, s1, -1308
core   0: 3 0x80001f7e (0xae44ad13) x26 0x00000000
core   0: 0x80001f82 (0x00735793) srli    a5, t1, 7
core   0: 3 0x80001f82 (0x00735793) x15 0x00000207
core   0: 0x80001f86 (0x00000405) c.addi  s0, 1
core   0: 3 0x80001f86 (0x0405) x 8 0xfffffffd
core   0: 0x80001f88 (0x00008d65) c.and   a0, s1
core   0: 3 0x80001f88 (0x8d65) x10 0x00000000
core   0: 0x80001f8a (0xfe5406e3) beq     s0, t0, pc - 20
core   0: 3 0x80001f8a (0xfe5406e3)
core   0: 0x80001f8e (0x8c0fc393) xori    t2, t6, -1856
core   0: 3 0x80001f8e (0x8c0fc393) x 7 0xfffff8c0
core   0: 0x80001f92 (0x01fe21b3) slt     gp, t3, t6
core   0: 3 0x80001f92 (0x01fe21b3) x 3 0x00000000
core   0: 0x80001f96 (0x012c6a17) auipc   s4, 0x12c6
core   0: 3 0x80001f96 (0x012c6a17) x20 0x812c7f96
core   0: 0x80001f9a (0x000090ba) c.add   ra, a4
core   0: 3 0x80001f9a (0x90ba) x 1 0x000001c4
core   0: 0x80001f9c (0xfcc6e1e3) bltu    a3, a2, pc - 62
core   0: 3 0x80001f9c (0xfcc6e1e3)
core   0: 0x80001f5e (0x391db713) sltiu   a4, s11, 913
core   0: 3 0x80001f5e (0x391db713) x14 0x00000000
core   0: 0x80001f62 (0x000006a9) c.addi  a3, 10
core   0: 3 0x80001f62 (0x06a9) x13 0x0000000b
core   0: 0x80001f64 (0x00000d45) c.addi  s10, 17
core   0: 3 0x80001f64 (0x0d45) x26 0x00000011
core   0: 0x80001f66 (0x7d664393) xori    t2, a2, 2006
core   0: 3 0x80001f66 (0x7d664393) x 7 0x000007c7
core   0: 0x80001f6a (0xffc00413) li      s0, -4
core   0: 3 0x80001f6a (0xffc00413) x 8 0xfffffffc
core   0: 0x80001f6e (0x3b3c4313) xori    t1, s8, 947
core   0: 3 0x80001f6e (0x3b3c4313) x 6 0x000103b3
core   0: 0x80001f72 (0x00700293) li      t0, 7
core   0: 3 0x80001f72 (0x00700293) x 5 0x00000007
core   0: 0x80001f76 (0x60940b93) addi    s7, s0, 1545
core   0: 3 0x80001f76 (0x60940b93) x23 0x00000605
core   0: 0x80001f7a (0x00006831) c.lui   a6, 0xc
core   0: 3 0x80001f7a (0x6831) x16 0x0000c000
core   0: 0x80001f7c (0x00008f45) c.or    a4, s1
core   0: 3 0x80001f7c (0x8f45) x14 0x000000ff
core   0: 0x80001f7e (0xae44ad13) slti    s10, s1, -1308
core   0: 3 0x80001f7e (0xae44ad13) x26 0x00000000
core   0: 0x80001f82 (0x00735793) srli    a5, t1, 7
core   0: 3 0x80001f82 (0x00735793) x15 0x00000207
core   0: 0x80001f86 (0x00000405) c.addi  s0, 1
core   0: 3 0x80001f86 (0x0405) x 8 0xfffffffd
core   0: 0x80001f88 (0x00008d65) c.and   a0, s1
core   0: 3 0x80001f88 (0x8d65) x10 0x00000000
core   0: 0x80001f8a (0xfe5406e3) beq     s0, t0, pc - 20
core   0: 3 0x80001f8a (0xfe5406e3)
core   0: 0x80001f8e (0x8c0fc393) xori    t2, t6, -1856
core   0: 3 0x80001f8e (0x8c0fc393) x 7 0xfffff8c0
core   0: 0x80001f92 (0x01fe21b3) slt     gp, t3, t6
core   0: 3 0x80001f92 (0x01fe21b3) x 3 0x00000000
core   0: 0x80001f96 (0x012c6a17) auipc   s4, 0x12c6
core   0: 3 0x80001f96 (0x012c6a17) x20 0x812c7f96
core   0: 0x80001f9a (0x000090ba) c.add   ra, a4
core   0: 3 0x80001f9a (0x90ba) x 1 0x000002c3
core   0: 0x80001f9c (0xfcc6e1e3) bltu    a3, a2, pc - 62
core   0: 3 0x80001f9c (0xfcc6e1e3)
core   0: 0x80001f5e (0x391db713) sltiu   a4, s11, 913
core   0: 3 0x80001f5e (0x391db713) x14 0x00000000
core   0: 0x80001f62 (0x000006a9) c.addi  a3, 10
core   0: 3 0x80001f62 (0x06a9) x13 0x00000015
core   0: 0x80001f64 (0x00000d45) c.addi  s10, 17
core   0: 3 0x80001f64 (0x0d45) x26 0x00000011
core   0: 0x80001f66 (0x7d664393) xori    t2, a2, 2006
core   0: 3 0x80001f66 (0x7d664393) x 7 0x000007c7
core   0: 0x80001f6a (0xffc00413) li      s0, -4
core   0: 3 0x80001f6a (0xffc00413) x 8 0xfffffffc
core   0: 0x80001f6e (0x3b3c4313) xori    t1, s8, 947
core   0: 3 0x80001f6e (0x3b3c4313) x 6 0x000103b3
core   0: 0x80001f72 (0x00700293) li      t0, 7
core   0: 3 0x80001f72 (0x00700293) x 5 0x00000007
core   0: 0x80001f76 (0x60940b93) addi    s7, s0, 1545
core   0: 3 0x80001f76 (0x60940b93) x23 0x00000605
core   0: 0x80001f7a (0x00006831) c.lui   a6, 0xc
core   0: 3 0x80001f7a (0x6831) x16 0x0000c000
core   0: 0x80001f7c (0x00008f45) c.or    a4, s1
core   0: 3 0x80001f7c (0x8f45) x14 0x000000ff
core   0: 0x80001f7e (0xae44ad13) slti    s10, s1, -1308
core   0: 3 0x80001f7e (0xae44ad13) x26 0x00000000
core   0: 0x80001f82 (0x00735793) srli    a5, t1, 7
core   0: 3 0x80001f82 (0x00735793) x15 0x00000207
core   0: 0x80001f86 (0x00000405) c.addi  s0, 1
core   0: 3 0x80001f86 (0x0405) x 8 0xfffffffd
core   0: 0x80001f88 (0x00008d65) c.and   a0, s1
core   0: 3 0x80001f88 (0x8d65) x10 0x00000000
core   0: 0x80001f8a (0xfe5406e3) beq     s0, t0, pc - 20
core   0: 3 0x80001f8a (0xfe5406e3)
core   0: 0x80001f8e (0x8c0fc393) xori    t2, t6, -1856
core   0: 3 0x80001f8e (0x8c0fc393) x 7 0xfffff8c0
core   0: 0x80001f92 (0x01fe21b3) slt     gp, t3, t6
core   0: 3 0x80001f92 (0x01fe21b3) x 3 0x00000000
core   0: 0x80001f96 (0x012c6a17) auipc   s4, 0x12c6
core   0: 3 0x80001f96 (0x012c6a17) x20 0x812c7f96
core   0: 0x80001f9a (0x000090ba) c.add   ra, a4
core   0: 3 0x80001f9a (0x90ba) x 1 0x000003c2
core   0: 0x80001f9c (0xfcc6e1e3) bltu    a3, a2, pc - 62
core   0: 3 0x80001f9c (0xfcc6e1e3)
core   0: 0x80001fa0 (0x03d5d133) divu    sp, a1, t4
core   0: 3 0x80001fa0 (0x03d5d133) x 2 0x00000000
core   0: 0x80001fa4 (0x0000fd17) auipc   s10, 0xf
core   0: 3 0x80001fa4 (0x0000fd17) x26 0x80010fa4
core   0: 0x80001fa8 (0xbf9d0d13) addi    s10, s10, -1031
core   0: 3 0x80001fa8 (0xbf9d0d13) x26 0x80010b9d
core   0: 0x80001fac (0x00006ccd) c.lui   s9, 0x13
core   0: 3 0x80001fac (0x6ccd) x25 0x00013000
core   0: 0x80001fae (0xc6a43637) lui     a2, 0xc6a43
core   0: 3 0x80001fae (0xc6a43637) x12 0xc6a43000
core   0: 0x80001fb2 (0x011d4f83) lbu     t6, 17(s10)
core   0: 3 0x80001fb2 (0x011d4f83) x31 0x00000065 mem 0x80010bae
core   0: 0x80001fb6 (0x028d4703) lbu     a4, 40(s10)
core   0: 3 0x80001fb6 (0x028d4703) x14 0x0000007e mem 0x80010bc5
core   0: 0x80001fba (0x48a77f93) andi    t6, a4, 1162
core   0: 3 0x80001fba (0x48a77f93) x31 0x0000000a
core   0: 0x80001fbe (0x00004ca5) c.li    s9, 9
core   0: 3 0x80001fbe (0x4ca5) x25 0x00000009
core   0: 0x80001fc0 (0x0000100f) fence.i
core   0: 3 0x80001fc0 (0x0000100f)
core   0: 0x80001fc4 (0x00fd4f83) lbu     t6, 15(s10)
core   0: 3 0x80001fc4 (0x00fd4f83) x31 0x00000067 mem 0x80010bac
core   0: 0x80001fc8 (0x03ad0c83) lb      s9, 58(s10)
core   0: 3 0x80001fc8 (0x03ad0c83) x25 0xffffff8c mem 0x80010bd7
core   0: 0x80001fcc (0x005d0c83) lb      s9, 5(s10)
core   0: 3 0x80001fcc (0x005d0c83) x25 0x00000059 mem 0x80010ba2
core   0: 0x80001fd0 (0xfecd0703) lb      a4, -20(s10)
core   0: 3 0x80001fd0 (0xfecd0703) x14 0xffffff8b mem 0x80010b89
core   0: 0x80001fd4 (0xfebd1803) lh      a6, -21(s10)
core   0: 3 0x80001fd4 (0xfebd1803) x16 0xffff8b43 mem 0x80010b88
core   0: 0x80001fd8 (0x00006fed) c.lui   t6, 0x1b
core   0: 3 0x80001fd8 (0x6fed) x31 0x0001b000
core   0: 0x80001fda (0xffad4503) lbu     a0, -6(s10)
core   0: 3 0x80001fda (0xffad4503) x10 0x0000004c mem 0x80010b97
core   0: 0x80001fde (0x0000100f) fence.i
core   0: 3 0x80001fde (0x0000100f)
core   0: 0x80001fe2 (0x00000626) c.slli  a2, 9
core   0: 3 0x80001fe2 (0x0626) x12 0x48600000
core   0: 0x80001fe4 (0x010f8633) add     a2, t6, a6
core   0: 3 0x80001fe4 (0x010f8633) x12 0x00013b43
core   0: 0x80001fe8 (0x01955c93) srli    s9, a0, 25
core   0: 3 0x80001fe8 (0x01955c93) x25 0x00000000
core   0: 0x80001fec (0x01ffdfb3) srl     t6, t6, t6
core   0: 3 0x80001fec (0x01ffdfb3) x31 0x0001b000
core   0: 0x80001ff0 (0xfd7d2503) lw      a0, -41(s10)
core   0: 3 0x80001ff0 (0xfd7d2503) x10 0x2c2d2e2f mem 0x80010b74
core   0: 0x80001ff4 (0x00008f31) c.xor   a4, a2
core   0: 3 0x80001ff4 (0x8f31) x14 0xfffec4c8
core   0: 0x80001ff6 (0x0000577d) c.li    a4, -1
core   0: 3 0x80001ff6 (0x577d) x14 0xffffffff
core   0: 0x80001ff8 (0x017d1803) lh      a6, 23(s10)
core   0: 3 0x80001ff8 (0x017d1803) x16 0x00006e6f mem 0x80010bb4
core   0: 0x80001ffc (0x0000f097) auipc   ra, 0xf
core   0: 3 0x80001ffc (0x0000f097) x 1 0x80010ffc
core   0: 0x80002000 (0x8eb08093) addi    ra, ra, -1813
core   0: 3 0x80002000 (0x8eb08093) x 1 0x800108e7
core   0: 0x80002004 (0x0000100f) fence.i
core   0: 3 0x80002004 (0x0000100f)
core   0: 0x80002008 (0xc9809da3) sh      s8, -869(ra)
core   0: 3 0x80002008 (0xc9809da3) mem 0x80010582 0x0000
core   0: 0x8000200c (0x0ff0000f) fence   iorw,iorw
core   0: 3 0x8000200c (0x0ff0000f)
core   0: 0x80002010 (0xc9b09603) lh      a2, -869(ra)
core   0: 3 0x80002010 (0xc9b09603) x12 0x00000000 mem 0x80010582
core   0: 0x80002014 (0x02e9afb3) mulhsu  t6, s3, a4
core   0: 3 0x80002014 (0x02e9afb3) x31 0x00000007
core   0: 0x80002018 (0xc8f09da3) sh      a5, -869(ra)
core   0: 3 0x80002018 (0xc8f09da3) mem 0x80010582 0x0207
core   0: 0x8000201c (0x0000823d) c.srli  a2, 15
core   0: 3 0x8000201c (0x823d) x12 0x00000000
core   0: 0x8000201e (0xc9b0ce03) lbu     t3, -869(ra)
core   0: 3 0x8000201e (0xc9b0ce03) x28 0x00000007 mem 0x80010582
core   0: 0x80002022 (0xb1553893) sltiu   a7, a0, -1259
core   0: 3 0x80002022 (0xb1553893) x17 0x00000001
core   0: 0x80002026 (0xc8908da3) sb      s1, -869(ra)
core   0: 3 0x80002026 (0xc8908da3) mem 0x80010582 0xff
core   0: 0x8000202a (0xc9b0ca83) lbu     s5, -869(ra)
core   0: 3 0x8000202a (0xc9b0ca83) x21 0x000000ff mem 0x80010582
core   0: 0x8000202e (0xc8509da3) sh      t0, -869(ra)
core   0: 3 0x8000202e (0xc8509da3) mem 0x80010582 0x0007
core   0: 0x80002032 (0xc9b0d183) lhu     gp, -869(ra)
core   0: 3 0x80002032 (0xc9b0d183) x 3 0x00000007 mem 0x80010582
core   0: 0x80002036 (0x8640c683) lbu     a3, -1948(ra)
core   0: 3 0x80002036 (0x8640c683) x13 0x00000000 mem 0x8001014b
core   0: 0x8000203a (0x00008f31) c.xor   a4, a2
core   0: 3 0x8000203a (0x8f31) x14 0xffffffff
core   0: 0x8000203c (0x00008745) c.srai  a4, 17
core   0: 3 0x8000203c (0x8745) x14 0xffffffff
core   0: 0x8000203e (0x8640c003) lbu     zero, -1948(ra)
core   0: 3 0x8000203e (0x8640c003) mem 0x8001014b
core   0: 0x80002042 (0x0001eb97) auipc   s7, 0x1e
core   0: 3 0x80002042 (0x0001eb97) x23 0x80020042
core   0: 0x80002046 (0x2e7b8b93) addi    s7, s7, 743
core   0: 3 0x80002046 (0x2e7b8b93) x23 0x80020329
core   0: 0x8000204a (0x954bc203) lbu     tp, -1708(s7)
core   0: 3 0x8000204a (0x954bc203) x 4 0x00000036 mem 0x8001fc7d
core   0: 0x8000204e (0xe5eb8403) lb      s0, -418(s7)
core   0: 3 0x8000204e (0xe5eb8403) x 8 0x0000003c mem 0x80020187
core   0: 0x80002052 (0x19cb8503) lb      a0, 412(s7)
core   0: 3 0x80002052 (0x19cb8503) x10 0x0000007e mem 0x800204c5
core   0: 0x80002056 (0x0ff0000f) fence   iorw,iorw
core   0: 3 0x80002056 (0x0ff0000f)
core   0: 0x8000205a (0x341bdc03) lhu     s8, 833(s7)
core   0: 3 0x8000205a (0x341bdc03) x24 0x00002021 mem 0x8002066a
core   0: 0x8000205e (0x00141333) sll     t1, s0, ra
core   0: 3 0x8000205e (0x00141333) x 6 0x00001e00
core   0: 0x80002062 (0x1096f597) auipc   a1, 0x1096f
core   0: 3 0x80002062 (0x1096f597) x11 0x90971062
core   0: 0x80002066 (0xae8b8483) lb      s1, -1304(s7)
core   0: 3 0x80002066 (0xae8b8483) x 9 0xffffffca mem 0x8001fe11
core   0: 0x8000206a (0xef5b8c23) sb      s5, -264(s7)
core   0: 3 0x8000206a (0xef5b8c23) mem 0x80020221 0xff
core   0: 0x8000206e (0x5bab8283) lb      t0, 1466(s7)
core   0: 3 0x8000206e (0x5bab8283) x 5 0xffffff98 mem 0x800208e3
core   0: 0x80002072 (0xdc9b9c83) lh      s9, -567(s7)
core   0: 3 0x80002072 (0xdc9b9c83) x25 0xffffa8a9 mem 0x800200f2
core   0: 0x80002076 (0x00008c35) c.xor   s0, a3
core   0: 3 0x80002076 (0x8c35) x 8 0x0000003c
core   0: 0x80002078 (0x022c6933) rem     s2, s8, sp
core   0: 3 0x80002078 (0x022c6933) x18 0x00002021
core   0: 0x8000207c (0x01fcf6b3) and     a3, s9, t6
core   0: 3 0x8000207c (0x01fcf6b3) x13 0x00000001
core   0: 0x80002080 (0xaa5b8c03) lb      s8, -1371(s7)
core   0: 3 0x80002080 (0xaa5b8c03) x24 0xffffff85 mem 0x8001fdce
core   0: 0x80002084 (0x01901013) slli    zero, zero, 25
core   0: 3 0x80002084 (0x01901013)
core   0: 0x80002088 (0x00c70533) add     a0, a4, a2
core   0: 3 0x80002088 (0x00c70533) x10 0xffffffff
core   0: 0x8000208c (0xec4b8a83) lb      s5, -316(s7)
core   0: 3 0x8000208c (0xec4b8a83) x21 0xffffffa6 mem 0x800201ed
core   0: 0x80002090 (0x8c81a893) slti    a7, gp, -1848
core   0: 3 0x80002090 (0x8c81a893) x17 0x00000000
core   0: 0x80002094 (0xb15bd103) lhu     sp, -1259(s7)
core   0: 3 0x80002094 (0xb15bd103) x 2 0x0000f4f5 mem 0x8001fe3e
core   0: 0x80002098 (0x18cb8403) lb      s0, 396(s7)
core   0: 3 0x80002098 (0x18cb8403) x 8 0x0000006e mem 0x800204b5
core   0: 0x8000209c (0x01979933) sll     s2, a5, s9
core   0: 3 0x8000209c (0x01979933) x18 0x00040e00
core   0: 0x800020a0 (0x00008e35) c.xor   a2, a3
core   0: 3 0x800020a0 (0x8e35) x12 0x00000001
core   0: 0x800020a2 (0x01a316b3) sll     a3, t1, s10
core   0: 3 0x800020a2 (0x01a316b3) x13 0x00000000
core   0: 0x800020a6 (0xc5ebc183) lbu     gp, -930(s7)
core   0: 3 0x800020a6 (0xc5ebc183) x 3 0x0000003c mem 0x8001ff87
core   0: 0x800020aa (0x03e5d1b3) divu    gp, a1, t5
core   0: 3 0x800020aa (0x03e5d1b3) x 3 0xffffffff
core   0: 0x800020ae (0x8d9b9303) lh      t1, -1831(s7)
core   0: 3 0x800020ae (0x8d9b9303) x 6 0xffffb8b9 mem 0x8001fc02
core   0: 0x800020b2 (0x00006831) c.lui   a6, 0xc
core   0: 3 0x800020b2 (0x6831) x16 0x0000c000
core   0: 0x800020b4 (0x00008ae1) c.andi  a3, 24
core   0: 3 0x800020b4 (0x8ae1) x13 0x00000000
core   0: 0x800020b6 (0xed4b8e23) sb      s4, -292(s7)
core   0: 3 0x800020b6 (0xed4b8e23) mem 0x80020205 0x96
core   0: 0x800020ba (0x00000726) c.slli  a4, 9
core   0: 3 0x800020ba (0x0726) x14 0xfffffe00
core   0: 0x800020bc (0x02a893b3) mulh    t2, a7, a0
core   0: 3 0x800020bc (0x02a893b3) x 7 0x00000000
core   0: 0x800020c0 (0x02e53cb3) mulhu   s9, a0, a4
core   0: 3 0x800020c0 (0x02e53cb3) x25 0xfffffdff
core   0: 0x800020c4 (0x00000001) c.nop
core   0: 3 0x800020c4 (0x0001)
core   0: 0x800020c6 (0xfd7b90a3) sh      s7, -63(s7)
core   0: 3 0x800020c6 (0xfd7b90a3) mem 0x800202ea 0x0329
core   0: 0x800020ca (0x150bc203) lbu     tp, 336(s7)
core   0: 3 0x800020ca (0x150bc203) x 4 0x00000032 mem 0x80020479
core   0: 0x800020ce (0x085bd583) lhu     a1, 133(s7)
core   0: 3 0x800020ce (0x085bd583) x11 0x00006465 mem 0x800203ae
core   0: 0x800020d2 (0x0000668d) c.lui   a3, 0x3
core   0: 3 0x800020d2 (0x668d) x13 0x00003000
core   0: 0x800020d4 (0x873b8c03) lb      s8, -1933(s7)
core   0: 3 0x800020d4 (0x873b8c03) x24 0x00000057 mem 0x8001fb9c
core   0: 0x800020d8 (0x02bc5cb3) divu    s9, s8, a1
core   0: 3 0x800020d8 (0x02bc5cb3) x25 0x00000000
core   0: 0x800020dc (0xf2b2f913) andi    s2, t0, -213
core   0: 3 0x800020dc (0xf2b2f913) x18 0xffffff08
core   0: 0x800020e0 (0x00000a89) c.addi  s5, 2
core   0: 3 0x800020e0 (0x0a89) x21 0xffffffa8
core   0: 0x800020e2 (0x41060033) sub     zero, a2, a6
core   0: 3 0x800020e2 (0x41060033)
core   0: 0x800020e6 (0x007231b3) sltu    gp, tp, t2
core   0: 3 0x800020e6 (0x007231b3) x 3 0x00000000
core   0: 0x800020ea (0x417bd003) lhu     zero, 1047(s7)
core   0: 3 0x800020ea (0x417bd003) mem 0x80020740
core   0: 0x800020ee (0x60eb8923) sb      a4, 1554(s7)
core   0: 3 0x800020ee (0x60eb8923) mem 0x8002093b 0x0
core   0: 0x800020f2 (0x01f7afb3) slt     t6, a5, t6
core   0: 3 0x800020f2 (0x01f7afb3) x31 0x00000000
core   0: 0x800020f6 (0x161b9d03) lh      s10, 353(s7)
core   0: 3 0x800020f6 (0x161b9d03) x26 0x00004041 mem 0x8002048a
core   0: 0x800020fa (0x03e003ef) jal     t2, pc + 0x3e
core   0: 3 0x800020fa (0x03e003ef) x 7 0x800020fe
core   0: 0x80002138 (0x00003ffd) c.jal   pc - 2
core   0: 3 0x80002138 (0x3ffd) x 1 0x8000213a
core   0: 0x80002136 (0x0000b7e5) c.j     pc - 24
core   0: 3 0x80002136 (0xb7e5)
core   0: 0x8000211e (0x00002039) c.jal   pc + 14
core   0: 3 0x8000211e (0x2039) x 1 0x80002120
core   0: 0x8000212c (0x0000b7ed) c.j     pc - 22
core   0: 3 0x8000212c (0xb7ed)
core   0: 0x80002116 (0x000037e5) c.jal   pc - 24
core   0: 3 0x80002116 (0x37e5) x 1 0x80002118
core   0: 0x800020fe (0x00002805) c.jal   pc + 48
core   0: 3 0x800020fe (0x2805) x 1 0x80002100
core   0: 0x8000212e (0x0000a039) c.j     pc + 14
core   0: 3 0x8000212e (0xa039)
core   0: 0x8000213c (0xfd3ff0ef) jal     pc - 0x2e
core   0: 3 0x8000213c (0xfd3ff0ef) x 1 0x80002140
core   0: 0x8000210e (0x012000ef) jal     pc + 0x12
core   0: 3 0x8000210e (0x012000ef) x 1 0x80002112
core   0: 0x80002120 (0x014000ef) jal     pc + 0x14
core   0: 3 0x80002120 (0x014000ef) x 1 0x80002124
core   0: 0x80002134 (0x0000b7f1) c.j     pc - 52
core   0: 3 0x80002134 (0xb7f1)
core   0: 0x80002100 (0x0000202d) c.jal   pc + 42
core   0: 3 0x80002100 (0x202d) x 1 0x80002102
core   0: 0x8000212a (0x00002019) c.jal   pc + 6
core   0: 3 0x8000212a (0x2019) x 1 0x8000212c
core   0: 0x80002130 (0xfdbff36f) jal     t1, pc - 0x26
core   0: 3 0x80002130 (0xfdbff36f) x 6 0x80002134
core   0: 0x8000210a (0x01e000ef) jal     pc + 0x1e
core   0: 3 0x8000210a (0x01e000ef) x 1 0x8000210e
core   0: 0x80002128 (0x00002809) c.jal   pc + 18
core   0: 3 0x80002128 (0x2809) x 1 0x8000212a
core   0: 0x8000213a (0x0000bff9) c.j     pc - 34
core   0: 3 0x8000213a (0xbff9)
core   0: 0x80002118 (0x00002009) c.jal   pc + 2
core   0: 3 0x80002118 (0x2009) x 1 0x8000211a
core   0: 0x8000211a (0xfe9ff86f) jal     a6, pc - 0x18
core   0: 3 0x8000211a (0xfe9ff86f) x16 0x8000211e
core   0: 0x80002102 (0x0000a009) c.j     pc + 2
core   0: 3 0x80002102 (0xa009)
core   0: 0x80002104 (0x00002011) c.jal   pc + 4
core   0: 3 0x80002104 (0x2011) x 1 0x80002106
core   0: 0x80002108 (0x0000a831) c.j     pc + 28
core   0: 3 0x80002108 (0xa831)
core   0: 0x80002124 (0x000037fd) c.jal   pc - 18
core   0: 3 0x80002124 (0x37fd) x 1 0x80002126
core   0: 0x80002112 (0xff5ff0ef) jal     pc - 0xc
core   0: 3 0x80002112 (0xff5ff0ef) x 1 0x80002116
core   0: 0x80002106 (0x00002005) c.jal   pc + 32
core   0: 3 0x80002106 (0x2005) x 1 0x80002108
core   0: 0x80002126 (0x0000a829) c.j     pc + 26
core   0: 3 0x80002126 (0xa829)
core   0: 0x80002140 (0x01196133) or      sp, s2, a7
core   0: 3 0x80002140 (0x01196133) x 2 0xffffff08
core   0: 0x80002144 (0x0000e117) auipc   sp, 0xe
core   0: 3 0x80002144 (0x0000e117) x 2 0x80010144
core   0: 0x80002148 (0x0bf10113) addi    sp, sp, 191
core   0: 3 0x80002148 (0x0bf10113) x 2 0x80010203
core   0: 0x8000214c (0x01810523) sb      s8, 10(sp)
core   0: 3 0x8000214c (0x01810523) mem 0x8001020d 0x57
core   0: 0x80002150 (0xfee128a3) sw      a4, -15(sp)
core   0: 3 0x80002150 (0xfee128a3) mem 0x800101f4 0xfffffe00
core   0: 0x80002154 (0x01095cb3) srl     s9, s2, a6
core   0: 3 0x80002154 (0x01095cb3) x25 0x00000003
core   0: 0x80002158 (0x03b10183) lb      gp, 59(sp)
core   0: 3 0x80002158 (0x03b10183) x 3 0xfffffff5 mem 0x8001023e
core   0: 0x8000215c (0xfed10e23) sb      a3, -4(sp)
core   0: 3 0x8000215c (0xfed10e23) mem 0x800101ff 0x0
core   0: 0x80002160 (0xfe110423) sb      ra, -24(sp)
core   0: 3 0x80002160 (0xfe110423) mem 0x800101eb 0x8
core   0: 0x80002164 (0x00010923) sb      zero, 18(sp)
core   0: 3 0x80002164 (0x00010923) mem 0x80010215 0x0
core   0: 0x80002168 (0x00769cb3) sll     s9, a3, t2
core   0: 3 0x80002168 (0x00769cb3) x25 0x00000000
core   0: 0x8000216c (0x0000863d) c.srai  a2, 15
core   0: 3 0x8000216c (0x863d) x12 0x00000000
core   0: 0x8000216e (0x00005c7d) c.li    s8, -1
core   0: 3 0x8000216e (0x5c7d) x24 0xffffffff
core   0: 0x80002170 (0x03915383) lhu     t2, 57(sp)
core   0: 3 0x80002170 (0x03915383) x 7 0x0000f6f7 mem 0x8001023c
core   0: 0x80002174 (0x00008d51) c.or    a0, a2
core   0: 3 0x80002174 (0x8d51) x10 0xffffffff
core   0: 0x80002176 (0xfff15f03) lhu     t5, -1(sp)
core   0: 3 0x80002176 (0xfff15f03) x30 0x0000b8b9 mem 0x80010202
core   0: 0x8000217a (0x03810f83) lb      t6, 56(sp)
core   0: 3 0x8000217a (0x03810f83) x31 0xfffffff0 mem 0x8001023b
core   0: 0x8000217e (0x00410223) sb      tp, 4(sp)
core   0: 3 0x8000217e (0x00410223) mem 0x80010207 0x32
core   0: 0x80002182 (0xff414e83) lbu     t4, -12(sp)
core   0: 3 0x80002182 (0xff414e83) x29 0x000000ff mem 0x800101f7
core   0: 0x80002186 (0x000082bd) c.srli  a3, 15
core   0: 3 0x80002186 (0x82bd) x13 0x00000000
core   0: 0x80002188 (0x00000001) c.nop
core   0: 3 0x80002188 (0x0001)
core   0: 0x8000218a (0x02610a23) sb      t1, 52(sp)
core   0: 3 0x8000218a (0x02610a23) mem 0x80010237 0x34
core   0: 0x8000218e (0x03b4df33) divu    t5, s1, s11
core   0: 3 0x8000218e (0x03b4df33) x30 0x00000001
core   0: 0x80002192 (0x03610903) lb      s2, 54(sp)
core   0: 3 0x80002192 (0x03610903) x18 0xfffffff2 mem 0x80010239
core   0: 0x80002196 (0xf1d97593) andi    a1, s2, -227
core   0: 3 0x80002196 (0xf1d97593) x11 0xffffff10
core   0: 0x8000219a (0xfcd10503) lb      a0, -51(sp)
core   0: 3 0x8000219a (0xfcd10503) x10 0xffffff8b mem 0x800101d0
core   0: 0x8000219e (0xebed3b93) sltiu   s7, s10, -322
core   0: 3 0x8000219e (0xebed3b93) x23 0x00000001
core   0: 0x800021a2 (0xfcd11203) lh      tp, -51(sp)
core   0: 3 0x800021a2 (0xfcd11203) x 4 0xffff8a8b mem 0x800101d0
core   0: 0x800021a6 (0xfff15583) lhu     a1, -1(sp)
core   0: 3 0x800021a6 (0xfff15583) x11 0x0000b8b9 mem 0x80010202
core   0: 0x800021aa (0x0000483d) c.li    a6, 15
core   0: 3 0x800021aa (0x483d) x16 0x0000000f
core   0: 0x800021ac (0x0096dfb3) srl     t6, a3, s1
core   0: 3 0x800021ac (0x0096dfb3) x31 0x00000000
core   0: 0x800021b0 (0x03810283) lb      t0, 56(sp)
core   0: 3 0x800021b0 (0x03810283) x 5 0xfffffff0 mem 0x8001023b
core   0: 0x800021b4 (0x0011b4b3) sltu    s1, gp, ra
core   0: 3 0x800021b4 (0x0011b4b3) x 9 0x00000000
core   0: 0x800021b8 (0x03b10b83) lb      s7, 59(sp)
core   0: 3 0x800021b8 (0x03b10b83) x23 0xfffffff5 mem 0x8001023e
core   0: 0x800021bc (0x9ae05837) lui     a6, 0x9ae05
core   0: 3 0x800021bc (0x9ae05837) x16 0x9ae05000
core   0: 0x800021c0 (0x993c8b93) addi    s7, s9, -1645
core   0: 3 0x800021c0 (0x993c8b93) x23 0xfffff993
core   0: 0x800021c4 (0x025aa6b3) mulhsu  a3, s5, t0
core   0: 3 0x800021c4 (0x025aa6b3) x13 0xffffffa8
core   0: 0x800021c8 (0xfce10a83) lb      s5, -50(sp)
core   0: 3 0x800021c8 (0xfce10a83) x21 0xffffff8a mem 0x800101d1
core   0: 0x800021cc (0x03b31f33) mulh    t5, t1, s11
core   0: 3 0x800021cc (0x03b31f33) x30 0x3ffea0f4
core   0: 0x800021d0 (0x02c10603) lb      a2, 44(sp)
core   0: 3 0x800021d0 (0x02c10603) x12 0xffffffe4 mem 0x8001022f
core   0: 0x800021d4 (0x02c10f83) lb      t6, 44(sp)
core   0: 3 0x800021d4 (0x02c10f83) x31 0xffffffe4 mem 0x8001022f
core   0: 0x800021d8 (0x00510aa3) sb      t0, 21(sp)
core   0: 3 0x800021d8 (0x00510aa3) mem 0x80010218 0xf0
core   0: 0x800021dc (0x02c14b83) lbu     s7, 44(sp)
core   0: 3 0x800021dc (0x02c14b83) x23 0x000000e4 mem 0x8001022f
core   0: 0x800021e0 (0xff810883) lb      a7, -8(sp)
core   0: 3 0x800021e0 (0xff810883) x17 0xffffffb0 mem 0x800101fb
core   0: 0x800021e4 (0x00008d11) c.sub   a0, a2
core   0: 3 0x800021e4 (0x8d11) x10 0xffffffa7
core   0: 0x800021e6 (0x06d5c313) xori    t1, a1, 109
core   0: 3 0x800021e6 (0x06d5c313) x 6 0x0000b8d4
core   0: 0x800021ea (0xfe210c83) lb      s9, -30(sp)
core   0: 3 0x800021ea (0xfe210c83) x25 0xffffff9e mem 0x800101e5
core   0: 0x800021ee (0x00e14483) lbu     s1, 14(sp)
core   0: 3 0x800021ee (0x00e14483) x 9 0x000000ca mem 0x80010211
core   0: 0x800021f2 (0x01112383) lw      t2, 17(sp)
core   0: 3 0x800021f2 (0x01112383) x 7 0xcccd00cf mem 0x80010214
core   0: 0x800021f6 (0xfc512003) lw      zero, -59(sp)
core   0: 3 0x800021f6 (0xfc512003) mem 0x800101c8
core   0: 0x800021fa (0x01210a23) sb      s2, 20(sp)
core   0: 3 0x800021fa (0x01210a23) mem 0x80010217 0xf2
core   0: 0x800021fe (0x00500593) li      a1, 5
core   0: 3 0x800021fe (0x00500593) x11 0x00000005
core   0: 0x80002202 (0x0000100f) fence.i
core   0: 3 0x80002202 (0x0000100f)
core   0: 0x80002206 (0xcadcc293) xori    t0, s9, -851
core   0: 3 0x80002206 (0xcadcc293) x 5 0x00000333
core   0: 0x8000220a (0x0000100f) fence.i
core   0: 3 0x8000220a (0x0000100f)
core   0: 0x8000220e (0x017eb433) sltu    s0, t4, s7
core   0: 3 0x8000220e (0x017eb433) x 8 0x00000000
core   0: 0x80002212 (0x00000245) c.addi  tp, 17
core   0: 3 0x80002212 (0x0245) x 4 0xffff8a9c
core   0: 0x80002214 (0x00500313) li      t1, 5
core   0: 3 0x80002214 (0x00500313) x 6 0x00000005
core   0: 0x80002218 (0x021ec3b3) div     t2, t4, ra
core   0: 3 0x80002218 (0x021ec3b3) x 7 0x00000000
core   0: 0x8000221c (0xb73c0813) addi    a6, s8, -1165
core   0: 3 0x8000221c (0xb73c0813) x16 0xfffffb72
core   0: 0x80002220 (0x000097e2) c.add   a5, s8
core   0: 3 0x80002220 (0x97e2) x15 0x00000206
core   0: 0x80002222 (0xc7bc6c93) ori     s9, s8, -901
core   0: 3 0x80002222 (0xc7bc6c93) x25 0xffffffff
core   0: 0x80002226 (0x000015fd) c.addi  a1, -1
core   0: 3 0x80002226 (0x15fd) x11 0x00000004
core   0: 0x80002228 (0x00008f05) c.sub   a4, s1
core   0: 3 0x80002228 (0x8f05) x14 0xfffffd36
core   0: 0x8000222a (0x26002093) slti    ra, zero, 608
core   0: 3 0x8000222a (0x26002093) x 1 0x00000001
core   0: 0x8000222e (0x0000100f) fence.i
core   0: 3 0x8000222e (0x0000100f)
core   0: 0x80002232 (0xfe65f5e3) bgeu    a1, t1, pc - 22
core   0: 3 0x80002232 (0xfe65f5e3)
core   0: 0x80002236 (0x00650433) add     s0, a0, t1
core   0: 3 0x80002236 (0x00650433) x 8 0xffffffac
core   0: 0x8000223a (0x00012117) auipc   sp, 0x12
core   0: 3 0x8000223a (0x00012117) x 2 0x8001423a
core   0: 0x8000223e (0x1c710113) addi    sp, sp, 455
core   0: 3 0x8000223e (0x1c710113) x 2 0x80014401
core   0: 0x80002242 (0x0f6111a3) sh      s6, 227(sp)
core   0: 3 0x80002242 (0x0f6111a3) mem 0x800144e4 0x5e64
core   0: 0x80002246 (0xf1210383) lb      t2, -238(sp)
core   0: 3 0x80002246 (0xf1210383) x 7 0xffffffc8 mem 0x80014313
core   0: 0x8000224a (0x00000001) c.nop
core   0: 3 0x8000224a (0x0001)
core   0: 0x8000224c (0xf1214503) lbu     a0, -238(sp)
core   0: 3 0x8000224c (0xf1214503) x10 0x000000c8 mem 0x80014313
core   0: 0x80002250 (0x0fd14a03) lbu     s4, 253(sp)
core   0: 3 0x80002250 (0x0fd14a03) x20 0x000000b5 mem 0x800144fe
core   0: 0x80002254 (0x0fd14e83) lbu     t4, 253(sp)
core   0: 3 0x80002254 (0x0fd14e83) x29 0x000000b5 mem 0x800144fe
core   0: 0x80002258 (0x03712483) lw      s1, 55(sp)
core   0: 3 0x80002258 (0x03712483) x 9 0xf0f1f2f3 mem 0x80014438
core   0: 0x8000225c (0x0e010aa3) sb      zero, 245(sp)
core   0: 3 0x8000225c (0x0e010aa3) mem 0x800144f6 0x0
core   0: 0x80002260 (0x09d15c03) lhu     s8, 157(sp)
core   0: 3 0x80002260 (0x09d15c03) x24 0x00005455 mem 0x8001449e
core   0: 0x80002264 (0x09d14b83) lbu     s7, 157(sp)
core   0: 3 0x80002264 (0x09d14b83) x23 0x00000055 mem 0x8001449e
core   0: 0x80002268 (0x09d15c83) lhu     s9, 157(sp)
core   0: 3 0x80002268 (0x09d15c83) x25 0x00005455 mem 0x8001449e
core   0: 0x8000226c (0x07810323) sb      s8, 102(sp)
core   0: 3 0x8000226c (0x07810323) mem 0x80014467 0x55
core   0: 0x80002270 (0x06610783) lb      a5, 102(sp)
core   0: 3 0x80002270 (0x06610783) x15 0x00000055 mem 0x80014467
core   0: 0x80002274 (0xf7712203) lw      tp, -137(sp)
core   0: 3 0x80002274 (0xf7712203) x 4 0x30313233 mem 0x80014378
core   0: 0x80002278 (0x0000ee17) auipc   t3, 0xe
core   0: 3 0x80002278 (0x0000ee17) x28 0x80010278
core   0: 0x8000227c (0x413e0e13) addi    t3, t3, 1043
core   0: 3 0x8000227c (0x413e0e13) x28 0x8001068b
core   0: 0x80002280 (0x01f878b3) and     a7, a6, t6
core   0: 3 0x80002280 (0x01f878b3) x17 0xfffffb60
core   0: 0x80002284 (0x00001200) c.addi4spn s0, sp, 288
core   0: 3 0x80002284 (0x1200) x 8 0x80014521
core   0: 0x80002286 (0xff5e4f03) lbu     t5, -11(t3)
core   0: 3 0x80002286 (0xff5e4f03) x30 0x0000003b mem 0x80010680
core   0: 0x8000228a (0xff4e4d03) lbu     s10, -12(t3)
core   0: 3 0x8000228a (0xff4e4d03) x26 0x00000034 mem 0x8001067f
core   0: 0x8000228e (0x027e1683) lh      a3, 39(t3)
core   0: 3 0x8000228e (0x027e1683) x13 0x00006869 mem 0x800106b2
core   0: 0x80002292 (0x022e0b83) lb      s7, 34(t3)
core   0: 3 0x80002292 (0x022e0b83) x23 0x00000066 mem 0x800106ad
core   0: 0x80002296 (0x00009a76) c.add   s4, t4
core   0: 3 0x80002296 (0x9a76) x20 0x0000016a
core   0: 0x80002298 (0xdc6b0593) addi    a1, s6, -570
core   0: 3 0x80002298 (0xdc6b0593) x11 0x80025c2a
core   0: 0x8000229c (0x00b74133) xor     sp, a4, a1
core   0: 3 0x8000229c (0x00b74133) x 2 0x7ffda11c
core   0: 0x800022a0 (0xcddb9637) lui     a2, 0xcddb9
core   0: 3 0x800022a0 (0xcddb9637) x12 0xcddb9000
core   0: 0x800022a4 (0x01006533) or      a0, zero, a6
core   0: 3 0x800022a4 (0x01006533) x10 0xfffffb72
core   0: 0x800022a8 (0x000087be) c.mv    a5, a5
core   0: 3 0x800022a8 (0x87be) x15 0x00000055
core   0: 0x800022aa (0x039e2b83) lw      s7, 57(t3)
core   0: 3 0x800022aa (0x039e2b83) x23 0x7c7d7e7f mem 0x800106c4
core   0: 0x800022ae (0xfcde08a3) sb      a3, -47(t3)
core   0: 3 0x800022ae (0xfcde08a3) mem 0x8001065c 0x69
core   0: 0x800022b2 (0x0000845a) c.mv    s0, s6
core   0: 3 0x800022b2 (0x845a) x 8 0x80025e64
core   0: 0x800022b4 (0x01ae4503) lbu     a0, 26(t3)
core   0: 3 0x800022b4 (0x01ae4503) x10 0x0000005e mem 0x800106a5
core   0: 0x800022b8 (0x0308d533) divu    a0, a7, a6
core   0: 3 0x800022b8 (0x0308d533) x10 0x00000000
core   0: 0x800022bc (0x0295f333) remu    t1, a1, s1
core   0: 3 0x800022bc (0x0295f333) x 6 0x80025c2a
core   0: 0x800022c0 (0x02b1dab3) divu    s5, gp, a1
core   0: 3 0x800022c0 (0x02b1dab3) x21 0x00000001
core   0: 0x800022c4 (0xfc6e4f03) lbu     t5, -58(t3)
core   0: 3 0x800022c4 (0xfc6e4f03) x30 0x0000000a mem 0x80010651
core   0: 0x800022c8 (0x0384bab3) mulhu   s5, s1, s8
core   0: 3 0x800022c8 (0x0384bab3) x21 0x00004f5f
core   0: 0x800022cc (0x00009ee6) c.add   t4, s9
core   0: 3 0x800022cc (0x9ee6) x29 0x0000550a
core   0: 0x800022ce (0x01faa433) slt     s0, s5, t6
core   0: 3 0x800022ce (0x01faa433) x 8 0x00000000
core   0: 0x800022d2 (0xfc7e03a3) sb      t2, -57(t3)
core   0: 3 0x800022d2 (0xfc7e03a3) mem 0x80010652 0xc8
core   0: 0x800022d6 (0x03be5c83) lhu     s9, 59(t3)
core   0: 3 0x800022d6 (0x03be5c83) x25 0x00007c7d mem 0x800106c6
core   0: 0x800022da (0x035e0e83) lb      t4, 53(t3)
core   0: 3 0x800022da (0x035e0e83) x29 0x0000007b mem 0x800106c0
core   0: 0x800022de (0x00008959) c.andi  a0, 22
core   0: 3 0x800022de (0x8959) x10 0x00000000
core   0: 0x800022e0 (0x00008d25) c.xor   a0, s1
core   0: 3 0x800022e0 (0x8d25) x10 0xf0f1f2f3
core   0: 0x800022e2 (0x036e0c23) sb      s6, 56(t3)
core   0: 3 0x800022e2 (0x036e0c23) mem 0x800106c3 0x64
core   0: 0x800022e6 (0x1a1d7313) andi    t1, s10, 417
core   0: 3 0x800022e6 (0x1a1d7313) x 6 0x00000020
core   0: 0x800022ea (0xfcae0b83) lb      s7, -54(t3)
core   0: 3 0x800022ea (0xfcae0b83) x23 0x0000000e mem 0x80010655
core   0: 0x800022ee (0x008e0103) lb      sp, 8(t3)
core   0: 3 0x800022ee (0x008e0103) x 2 0x00000048 mem 0x80010693
core   0: 0x800022f2 (0x5f8a3893) sltiu   a7, s4, 1528
core   0: 3 0x800022f2 (0x5f8a3893) x17 0x00000001
core   0: 0x800022f6 (0xfdae0703) lb      a4, -38(t3)
core   0: 3 0x800022f6 (0xfdae0703) x14 0x0000001e mem 0x80010665
core   0: 0x800022fa (0x021e0fa3) sb      ra, 63(t3)
core   0: 3 0x800022fa (0x021e0fa3) mem 0x800106ca 0x1
core   0: 0x800022fe (0x015047b3) xor     a5, zero, s5
core   0: 3 0x800022fe (0x015047b3) x15 0x00004f5f
core   0: 0x80002302 (0xfd0e0d23) sb      a6, -38(t3)
core   0: 3 0x80002302 (0xfd0e0d23) mem 0x80010665 0x72
core   0: 0x80002306 (0xfd9e4803) lbu     a6, -39(t3)
core   0: 3 0x80002306 (0xfd9e4803) x16 0x0000001f mem 0x80010664
core   0: 0x8000230a (0xffbe1ba3) sh      s11, -9(t3)
core   0: 3 0x8000230a (0xffbe1ba3) mem 0x80010682 0x9ce4
core   0: 0x8000230e (0xfeee1aa3) sh      a4, -11(t3)
core   0: 3 0x8000230e (0xfeee1aa3) mem 0x80010680 0x001e
core   0: 0x80002312 (0x70a73913) sltiu   s2, a4, 1802
core   0: 3 0x80002312 (0x70a73913) x18 0x00000001
core   0: 0x80002316 (0x016e4a03) lbu     s4, 22(t3)
core   0: 3 0x80002316 (0x016e4a03) x20 0x0000005a mem 0x800106a1
core   0: 0x8000231a (0x00de0ea3) sb      a3, 29(t3)
core   0: 3 0x8000231a (0x00de0ea3) mem 0x800106a8 0x69
core   0: 0x8000231e (0x012e4f83) lbu     t6, 18(t3)
core   0: 3 0x8000231e (0x012e4f83) x31 0x00000056 mem 0x8001069d
core   0: 0x80002322 (0xfffe0723) sb      t6, -18(t3)
core   0: 3 0x80002322 (0xfffe0723) mem 0x80010679 0x56
core   0: 0x80002326 (0x38281197) auipc   gp, 0x38281
core   0: 3 0x80002326 (0x38281197) x 3 0xb8283326
core   0: 0x8000232a (0xff0e0b83) lb      s7, -16(t3)
core   0: 3 0x8000232a (0xff0e0b83) x23 0x00000030 mem 0x8001067b
core   0: 0x8000232e (0xfc2e0183) lb      gp, -62(t3)
core   0: 3 0x8000232e (0xfc2e0183) x 3 0x00000006 mem 0x8001064d
core   0: 0x80002332 (0xfff00193) li      gp, -1
core   0: 3 0x80002332 (0xfff00193) x 3 0xffffffff
core   0: 0x80002336 (0x00500a13) li      s4, 5
core   0: 3 0x80002336 (0x00500a13) x20 0x00000005
core   0: 0x8000233a (0x000090da) c.add   ra, s6
core   0: 3 0x8000233a (0x90da) x 1 0x80025e65
core   0: 0x8000233c (0x038d5433) divu    s0, s10, s8
core   0: 3 0x8000233c (0x038d5433) x 8 0x00000000
core   0: 0x80002340 (0x00000199) c.addi  gp, 6
core   0: 3 0x80002340 (0x0199) x 3 0x00000005
core   0: 0x80002342 (0x00000613) li      a2, 0
core   0: 3 0x80002342 (0x00000613) x12 0x00000000
core   0: 0x80002346 (0x00f00f13) li      t5, 15
core   0: 3 0x80002346 (0x00f00f13) x30 0x0000000f
core   0: 0x8000234a (0x034d80b3) mul     ra, s11, s4
core   0: 3 0x8000234a (0x034d80b3) x 1 0x800d1074
core   0: 0x8000234e (0x3d0be313) ori     t1, s7, 976
core   0: 3 0x8000234e (0x3d0be313) x 6 0x000003f0
core   0: 0x80002352 (0x00000629) c.addi  a2, 10
core   0: 3 0x80002352 (0x0629) x12 0x0000000a
core   0: 0x80002354 (0xffe66be3) bltu    a2, t5, pc - 10
core   0: 3 0x80002354 (0xffe66be3)
core   0: 0x8000234a (0x034d80b3) mul     ra, s11, s4
core   0: 3 0x8000234a (0x034d80b3) x 1 0x800d1074
core   0: 0x8000234e (0x3d0be313) ori     t1, s7, 976
core   0: 3 0x8000234e (0x3d0be313) x 6 0x000003f0
core   0: 0x80002352 (0x00000629) c.addi  a2, 10
core   0: 3 0x80002352 (0x0629) x12 0x00000014
core   0: 0x80002354 (0xffe66be3) bltu    a2, t5, pc - 10
core   0: 3 0x80002354 (0xffe66be3)
core   0: 0x80002358 (0xff4181e3) beq     gp, s4, pc - 30
core   0: 3 0x80002358 (0xff4181e3)
core   0: 0x8000233a (0x000090da) c.add   ra, s6
core   0: 3 0x8000233a (0x90da) x 1 0x000f6ed8
core   0: 0x8000233c (0x038d5433) divu    s0, s10, s8
core   0: 3 0x8000233c (0x038d5433) x 8 0x00000000
core   0: 0x80002340 (0x00000199) c.addi  gp, 6
core   0: 3 0x80002340 (0x0199) x 3 0x0000000b
core   0: 0x80002342 (0x00000613) li      a2, 0
core   0: 3 0x80002342 (0x00000613) x12 0x00000000
core   0: 0x80002346 (0x00f00f13) li      t5, 15
core   0: 3 0x80002346 (0x00f00f13) x30 0x0000000f
core   0: 0x8000234a (0x034d80b3) mul     ra, s11, s4
core   0: 3 0x8000234a (0x034d80b3) x 1 0x800d1074
core   0: 0x8000234e (0x3d0be313) ori     t1, s7, 976
core   0: 3 0x8000234e (0x3d0be313) x 6 0x000003f0
core   0: 0x80002352 (0x00000629) c.addi  a2, 10
core   0: 3 0x80002352 (0x0629) x12 0x0000000a
core   0: 0x80002354 (0xffe66be3) bltu    a2, t5, pc - 10
core   0: 3 0x80002354 (0xffe66be3)
core   0: 0x8000234a (0x034d80b3) mul     ra, s11, s4
core   0: 3 0x8000234a (0x034d80b3) x 1 0x800d1074
core   0: 0x8000234e (0x3d0be313) ori     t1, s7, 976
core   0: 3 0x8000234e (0x3d0be313) x 6 0x000003f0
core   0: 0x80002352 (0x00000629) c.addi  a2, 10
core   0: 3 0x80002352 (0x0629) x12 0x00000014
core   0: 0x80002354 (0xffe66be3) bltu    a2, t5, pc - 10
core   0: 3 0x80002354 (0xffe66be3)
core   0: 0x80002358 (0xff4181e3) beq     gp, s4, pc - 30
core   0: 3 0x80002358 (0xff4181e3)
core   0: 0x8000235c (0xdee53f93) sltiu   t6, a0, -530
core   0: 3 0x8000235c (0xdee53f93) x31 0x00000001
core   0: 0x80002360 (0x03e003ef) jal     t2, pc + 0x3e
core   0: 3 0x80002360 (0x03e003ef) x 7 0x80002364
core   0: 0x8000239e (0x00003ffd) c.jal   pc - 2
core   0: 3 0x8000239e (0x3ffd) x 1 0x800023a0
core   0: 0x8000239c (0x00003fdd) c.jal   pc - 10
core   0: 3 0x8000239c (0x3fdd) x 1 0x8000239e
core   0: 0x80002392 (0x0000a011) c.j     pc + 4
core   0: 3 0x80002392 (0xa011)
core   0: 0x80002396 (0x00002011) c.jal   pc + 4
core   0: 3 0x80002396 (0x2011) x 1 0x80002398
core   0: 0x8000239a (0x0000b7cd) c.j     pc - 30
core   0: 3 0x8000239a (0xb7cd)
core   0: 0x8000237c (0x0000a809) c.j     pc + 18
core   0: 3 0x8000237c (0xa809)
core   0: 0x8000238e (0xfebff0ef) jal     pc - 0x16
core   0: 3 0x8000238e (0xfebff0ef) x 1 0x80002392
core   0: 0x80002378 (0x0000a831) c.j     pc + 28
core   0: 3 0x80002378 (0xa831)
core   0: 0x80002394 (0x00003ff1) c.jal   pc - 36
core   0: 3 0x80002394 (0x3ff1) x 1 0x80002396
core   0: 0x80002370 (0xff7ff36f) jal     t1, pc - 0xa
core   0: 3 0x80002370 (0xff7ff36f) x 6 0x80002374
core   0: 0x80002366 (0x0000a839) c.j     pc + 30
core   0: 3 0x80002366 (0xa839)
core   0: 0x80002384 (0x0000bffd) c.j     pc - 2
core   0: 3 0x80002384 (0xbffd)
core   0: 0x80002382 (0x0000b7f5) c.j     pc - 20
core   0: 3 0x80002382 (0xb7f5)
core   0: 0x8000236e (0x0000a02d) c.j     pc + 42
core   0: 3 0x8000236e (0xa02d)
core   0: 0x80002398 (0x00003fc1) c.jal   pc - 48
core   0: 3 0x80002398 (0x3fc1) x 1 0x8000239a
core   0: 0x80002368 (0x0000200d) c.jal   pc + 34
core   0: 3 0x80002368 (0x200d) x 1 0x8000236a
core   0: 0x8000238a (0xffdff0ef) jal     pc - 0x4
core   0: 3 0x8000238a (0xffdff0ef) x 1 0x8000238e
core   0: 0x80002386 (0x01c000ef) jal     pc + 0x1c
core   0: 3 0x80002386 (0x01c000ef) x 1 0x8000238a
core   0: 0x800023a2 (0x00003ff9) c.jal   pc - 34
core   0: 3 0x800023a2 (0x3ff9) x 1 0x800023a4
core   0: 0x80002380 (0x0000bfed) c.j     pc - 6
core   0: 3 0x80002380 (0xbfed)
core   0: 0x8000237a (0x00003fed) c.jal   pc - 6
core   0: 3 0x8000237a (0x3fed) x 1 0x8000237c
core   0: 0x80002374 (0x00002029) c.jal   pc + 10
core   0: 3 0x80002374 (0x2029) x 1 0x80002376
core   0: 0x8000237e (0x0000a00d) c.j     pc + 34
core   0: 3 0x8000237e (0xa00d)
core   0: 0x800023a0 (0x000037e9) c.jal   pc - 54
core   0: 3 0x800023a0 (0x37e9) x 1 0x800023a2
core   0: 0x8000236a (0x0000a009) c.j     pc + 2
core   0: 3 0x8000236a (0xa009)
core   0: 0x8000236c (0x0000bfe5) c.j     pc - 8
core   0: 3 0x8000236c (0xbfe5)
core   0: 0x80002364 (0x0000a081) c.j     pc + 64
core   0: 3 0x80002364 (0xa081)
core   0: 0x800023a4 (0x00003fc9) c.jal   pc - 46
core   0: 3 0x800023a4 (0x3fc9) x 1 0x800023a6
core   0: 0x80002376 (0x0000a805) c.j     pc + 48
core   0: 3 0x80002376 (0xa805)
core   0: 0x800023a6 (0x01f532b3) sltu    t0, a0, t6
core   0: 3 0x800023a6 (0x01f532b3) x 5 0x00000000
core   0: 0x800023aa (0xffd00513) li      a0, -3
core   0: 3 0x800023aa (0xffd00513) x10 0xfffffffd
core   0: 0x800023ae (0x01300b93) li      s7, 19
core   0: 3 0x800023ae (0x01300b93) x23 0x00000013
core   0: 0x800023b2 (0x00008fb9) c.xor   a5, a4
core   0: 3 0x800023b2 (0x8fb9) x15 0x00004f41
core   0: 0x800023b4 (0x00000529) c.addi  a0, 10
core   0: 3 0x800023b4 (0x0529) x10 0x00000007
core   0: 0x800023b6 (0x00a00e93) li      t4, 10
core   0: 3 0x800023b6 (0x00a00e93) x29 0x0000000a
core   0: 0x800023ba (0x00800913) li      s2, 8
core   0: 3 0x800023ba (0x00800913) x18 0x00000008
core   0: 0x800023be (0x00008c85) c.sub   s1, s1
core   0: 3 0x800023be (0x8c85) x 9 0x00000000
core   0: 0x800023c0 (0x00001ef9) c.addi  t4, -2
core   0: 3 0x800023c0 (0x1ef9) x29 0x00000008
core   0: 0x800023c2 (0xff2efee3) bgeu    t4, s2, pc - 4
core   0: 3 0x800023c2 (0xff2efee3)
core   0: 0x800023be (0x00008c85) c.sub   s1, s1
core   0: 3 0x800023be (0x8c85) x 9 0x00000000
core   0: 0x800023c0 (0x00001ef9) c.addi  t4, -2
core   0: 3 0x800023c0 (0x1ef9) x29 0x00000006
core   0: 0x800023c2 (0xff2efee3) bgeu    t4, s2, pc - 4
core   0: 3 0x800023c2 (0xff2efee3)
core   0: 0x800023c6 (0xff7566e3) bltu    a0, s7, pc - 20
core   0: 3 0x800023c6 (0xff7566e3)
core   0: 0x800023b2 (0x00008fb9) c.xor   a5, a4
core   0: 3 0x800023b2 (0x8fb9) x15 0x00004f5f
core   0: 0x800023b4 (0x00000529) c.addi  a0, 10
core   0: 3 0x800023b4 (0x0529) x10 0x00000011
core   0: 0x800023b6 (0x00a00e93) li      t4, 10
core   0: 3 0x800023b6 (0x00a00e93) x29 0x0000000a
core   0: 0x800023ba (0x00800913) li      s2, 8
core   0: 3 0x800023ba (0x00800913) x18 0x00000008
core   0: 0x800023be (0x00008c85) c.sub   s1, s1
core   0: 3 0x800023be (0x8c85) x 9 0x00000000
core   0: 0x800023c0 (0x00001ef9) c.addi  t4, -2
core   0: 3 0x800023c0 (0x1ef9) x29 0x00000008
core   0: 0x800023c2 (0xff2efee3) bgeu    t4, s2, pc - 4
core   0: 3 0x800023c2 (0xff2efee3)
core   0: 0x800023be (0x00008c85) c.sub   s1, s1
core   0: 3 0x800023be (0x8c85) x 9 0x00000000
core   0: 0x800023c0 (0x00001ef9) c.addi  t4, -2
core   0: 3 0x800023c0 (0x1ef9) x29 0x00000006
core   0: 0x800023c2 (0xff2efee3) bgeu    t4, s2, pc - 4
core   0: 3 0x800023c2 (0xff2efee3)
core   0: 0x800023c6 (0xff7566e3) bltu    a0, s7, pc - 20
core   0: 3 0x800023c6 (0xff7566e3)
core   0: 0x800023b2 (0x00008fb9) c.xor   a5, a4
core   0: 3 0x800023b2 (0x8fb9) x15 0x00004f41
core   0: 0x800023b4 (0x00000529) c.addi  a0, 10
core   0: 3 0x800023b4 (0x0529) x10 0x0000001b
core   0: 0x800023b6 (0x00a00e93) li      t4, 10
core   0: 3 0x800023b6 (0x00a00e93) x29 0x0000000a
core   0: 0x800023ba (0x00800913) li      s2, 8
core   0: 3 0x800023ba (0x00800913) x18 0x00000008
core   0: 0x800023be (0x00008c85) c.sub   s1, s1
core   0: 3 0x800023be (0x8c85) x 9 0x00000000
core   0: 0x800023c0 (0x00001ef9) c.addi  t4, -2
core   0: 3 0x800023c0 (0x1ef9) x29 0x00000008
core   0: 0x800023c2 (0xff2efee3) bgeu    t4, s2, pc - 4
core   0: 3 0x800023c2 (0xff2efee3)
core   0: 0x800023be (0x00008c85) c.sub   s1, s1
core   0: 3 0x800023be (0x8c85) x 9 0x00000000
core   0: 0x800023c0 (0x00001ef9) c.addi  t4, -2
core   0: 3 0x800023c0 (0x1ef9) x29 0x00000006
core   0: 0x800023c2 (0xff2efee3) bgeu    t4, s2, pc - 4
core   0: 3 0x800023c2 (0xff2efee3)
core   0: 0x800023c6 (0xff7566e3) bltu    a0, s7, pc - 20
core   0: 3 0x800023c6 (0xff7566e3)
core   0: 0x800023ca (0x00300833) add     a6, zero, gp
core   0: 3 0x800023ca (0x00300833) x16 0x0000000b
core   0: 0x800023ce (0x00014c97) auipc   s9, 0x14
core   0: 3 0x800023ce (0x00014c97) x25 0x800163ce
core   0: 0x800023d2 (0x08dc8c93) addi    s9, s9, 141
core   0: 3 0x800023d2 (0x08dc8c93) x25 0x8001645b
core   0: 0x800023d6 (0x02fc8323) sb      a5, 38(s9)
core   0: 3 0x800023d6 (0x02fc8323) mem 0x80016481 0x41
core   0: 0x800023da (0x0000ed17) auipc   s10, 0xe
core   0: 3 0x800023da (0x0000ed17) x26 0x800103da
core   0: 0x800023de (0x467d0d13) addi    s10, s10, 1127
core   0: 3 0x800023de (0x467d0d13) x26 0x80010841
core   0: 0x800023e2 (0x02fcc803) lbu     a6, 47(s9)
core   0: 3 0x800023e2 (0x02fcc803) x16 0x00000041 mem 0x8001648a
core   0: 0x800023e6 (0x006cc483) lbu     s1, 6(s9)
core   0: 3 0x800023e6 (0x006cc483) x 9 0x0000001a mem 0x80016461
core   0: 0x800023ea (0xfc2cc903) lbu     s2, -62(s9)
core   0: 3 0x800023ea (0xfc2cc903) x18 0x000000d6 mem 0x8001641d
core   0: 0x800023ee (0x011ca503) lw      a0, 17(s9)
core   0: 3 0x800023ee (0x011ca503) x10 0x24252627 mem 0x8001646c
core   0: 0x800023f2 (0x074d4a03) lbu     s4, 116(s10)
core   0: 3 0x800023f2 (0x074d4a03) x20 0x0000006e mem 0x800108b5
core   0: 0x800023f6 (0x06bd06a3) sb      a1, 109(s10)
core   0: 3 0x800023f6 (0x06bd06a3) mem 0x800108ae 0x2a
core   0: 0x800023fa (0x022c8b83) lb      s7, 34(s9)
core   0: 3 0x800023fa (0x022c8b83) x23 0x00000036 mem 0x8001647d
core   0: 0x800023fe (0x01ac8583) lb      a1, 26(s9)
core   0: 3 0x800023fe (0x01ac8583) x11 0x0000002e mem 0x80016475
core   0: 0x80002402 (0x65ed0d23) sb      t5, 1626(s10)
core   0: 3 0x80002402 (0x65ed0d23) mem 0x80010e9b 0xf
core   0: 0x80002406 (0x23cd0183) lb      gp, 572(s10)
core   0: 3 0x80002406 (0x23cd0183) x 3 0x00000036 mem 0x80010a7d
core   0: 0x8000240a (0x00dc9ea3) sh      a3, 29(s9)
core   0: 3 0x8000240a (0x00dc9ea3) mem 0x80016478 0x6869
core   0: 0x8000240e (0x50ed0883) lb      a7, 1294(s10)
core   0: 3 0x8000240e (0x50ed0883) x17 0x00000004 mem 0x80010d4f
core   0: 0x80002412 (0xec5d5703) lhu     a4, -315(s10)
core   0: 3 0x80002412 (0xec5d5703) x14 0x0000bcbd mem 0x80010706
core   0: 0x80002416 (0xfe8c8a23) sb      s0, -12(s9)
core   0: 3 0x80002416 (0xfe8c8a23) mem 0x8001644f 0x0
core   0: 0x8000241a (0xfcbc8f03) lb      t5, -53(s9)
core   0: 3 0x8000241a (0xfcbc8f03) x30 0xffffffdd mem 0x80016426
core   0: 0x8000241e (0x0000e897) auipc   a7, 0xe
core   0: 3 0x8000241e (0x0000e897) x17 0x8001041e
core   0: 0x80002422 (0x41488893) addi    a7, a7, 1044
core   0: 3 0x80002422 (0x41488893) x17 0x80010832
core   0: 0x80002426 (0x2bc8d483) lhu     s1, 700(a7)
core   0: 3 0x80002426 (0x2bc8d483) x 9 0x0000a4a5 mem 0x80010aee
core   0: 0x8000242a (0x03842433) mulhsu  s0, s0, s8
core   0: 3 0x8000242a (0x03842433) x 8 0x00000000
core   0: 0x8000242e (0x2d289e83) lh      t4, 722(a7)
core   0: 3 0x8000242e (0x2d289e83) x29 0xffffbebf mem 0x80010b04
core   0: 0x80002432 (0xa138ca83) lbu     s5, -1517(a7)
core   0: 3 0x80002432 (0xa138ca83) x21 0x000000fe mem 0x80010245
core   0: 0x80002436 (0x6fc8dc03) lhu     s8, 1788(a7)
core   0: 3 0x80002436 (0x6fc8dc03) x24 0x0000e4e5 mem 0x80010f2e
core   0: 0x8000243a (0x5328ce83) lbu     t4, 1330(a7)
core   0: 3 0x8000243a (0x5328ce83) x29 0x0000001f mem 0x80010d64
core   0: 0x8000243e (0x0293e4b3) rem     s1, t2, s1
core   0: 3 0x8000243e (0x0293e4b3) x 9 0xffff9d9d
core   0: 0x80002442 (0x4bb3fa93) andi    s5, t2, 1211
core   0: 3 0x80002442 (0x4bb3fa93) x21 0x00000020
core   0: 0x80002446 (0x01d4e3b3) or      t2, s1, t4
core   0: 3 0x80002446 (0x01d4e3b3) x 7 0xffff9d9f
core   0: 0x8000244a (0xdaf88e83) lb      t4, -593(a7)
core   0: 3 0x8000244a (0xdaf88e83) x29 0xffffff9a mem 0x800105e1
core   0: 0x8000244e (0x00008c41) c.or    s0, s0
core   0: 3 0x8000244e (0x8c41) x 8 0x00000000
core   0: 0x80002450 (0xa6888423) sb      s0, -1432(a7)
core   0: 3 0x80002450 (0xa6888423) mem 0x8001029a 0x0
core   0: 0x80002454 (0x009c2c33) slt     s8, s8, s1
core   0: 3 0x80002454 (0x009c2c33) x24 0x00000000
core   0: 0x80002458 (0x38288483) lb      s1, 898(a7)
core   0: 3 0x80002458 (0x38288483) x 9 0x0000006f mem 0x80010bb4
core   0: 0x8000245c (0x00008c45) c.or    s0, s1
core   0: 3 0x8000245c (0x8c45) x 8 0x0000006f
core   0: 0x8000245e (0x0853c493) xori    s1, t2, 133
core   0: 3 0x8000245e (0x0853c493) x 9 0xffff9d1a
core   0: 0x80002462 (0x2a98ca83) lbu     s5, 681(a7)
core   0: 3 0x80002462 (0x2a98ca83) x21 0x00000090 mem 0x80010adb
core   0: 0x80002466 (0x000003f5) c.addi  t2, 29
core   0: 3 0x80002466 (0x03f5) x 7 0xffff9dbc
core   0: 0x80002468 (0x768888a3) sb      s0, 1905(a7)
core   0: 3 0x80002468 (0x768888a3) mem 0x80010fa3 0x6f
core   0: 0x8000246c (0x0000987d) c.andi  s0, -1
core   0: 3 0x8000246c (0x987d) x 8 0x0000006f
core   0: 0x8000246e (0x57089403) lh      s0, 1392(a7)
core   0: 3 0x8000246e (0x57089403) x 8 0x00005859 mem 0x80010da2
core   0: 0x80002472 (0xcd58a123) sw      s5, -830(a7)
core   0: 3 0x80002472 (0xcd58a123) mem 0x800104f4 0x00000090
core   0: 0x80002476 (0x02943c33) mulhu   s8, s0, s1
core   0: 3 0x80002476 (0x02943c33) x24 0x00005858
core   0: 0x8000247a (0x5b08c383) lbu     t2, 1456(a7)
core   0: 3 0x8000247a (0x5b08c383) x 7 0x00000099 mem 0x80010de2
core   0: 0x8000247e (0x05c8c383) lbu     t2, 92(a7)
core   0: 3 0x8000247e (0x05c8c383) x 7 0x00000045 mem 0x8001088e
core   0: 0x80002482 (0x000084a6) c.mv    s1, s1
core   0: 3 0x80002482 (0x84a6) x 9 0xffff9d1a
core   0: 0x80002484 (0x5f8883a3) sb      s8, 1511(a7)
core   0: 3 0x80002484 (0x5f8883a3) mem 0x80010e19 0x58
core   0: 0x80002488 (0x835885a3) sb      s5, -2005(a7)
core   0: 3 0x80002488 (0x835885a3) mem 0x8001005d 0x90
core   0: 0x8000248c (0x00008c45) c.or    s0, s1
core   0: 3 0x8000248c (0x8c45) x 8 0xffffdd5b
core   0: 0x8000248e (0x1258c383) lbu     t2, 293(a7)
core   0: 3 0x8000248e (0x1258c383) x 7 0x0000000c mem 0x80010957
core   0: 0x80002492 (0x00946c33) or      s8, s0, s1
core   0: 3 0x80002492 (0x00946c33) x24 0xffffdd5b
core   0: 0x80002496 (0xd3d8cc03) lbu     s8, -707(a7)
core   0: 3 0x80002496 (0xd3d8cc03) x24 0x00000000 mem 0x8001056f
core   0: 0x8000249a (0x0ff0000f) fence   iorw,iorw
core   0: 3 0x8000249a (0x0ff0000f)
core   0: 0x8000249e (0x00000001) c.nop
core   0: 3 0x8000249e (0x0001)
core   0: 0x800024a0 (0x018ecc33) xor     s8, t4, s8
core   0: 3 0x800024a0 (0x018ecc33) x24 0xffffff9a
core   0: 0x800024a4 (0x00000ac1) c.addi  s5, 16
core   0: 3 0x800024a4 (0x0ac1) x21 0x000000a0
core   0: 0x800024a6 (0x000003a2) c.slli  t2, 8
core   0: 3 0x800024a6 (0x03a2) x 7 0x00000c00
core   0: 0x800024a8 (0x0378c383) lbu     t2, 55(a7)
core   0: 3 0x800024a8 (0x0378c383) x 7 0x00000022 mem 0x80010869
core   0: 0x800024ac (0x000083e2) c.mv    t2, s8
core   0: 3 0x800024ac (0x83e2) x 7 0xffffff9a
core   0: 0x800024ae (0x00008ea2) c.mv    t4, s0
core   0: 3 0x800024ae (0x8ea2) x29 0xffffdd5b
core   0: 0x800024b0 (0x03dc44b3) div     s1, s8, t4
core   0: 3 0x800024b0 (0x03dc44b3) x 9 0x00000000
core   0: 0x800024b4 (0xe728aa83) lw      s5, -398(a7)
core   0: 3 0x800024b4 (0xe728aa83) x21 0x5c5d5e5f mem 0x800106a4
core   0: 0x800024b8 (0x029c6ab3) rem     s5, s8, s1
core   0: 3 0x800024b8 (0x029c6ab3) x21 0xffffff9a
core   0: 0x800024bc (0xdfd886a3) sb      t4, -531(a7)
core   0: 3 0x800024bc (0xdfd886a3) mem 0x8001061f 0x5b
core   0: 0x800024c0 (0x0000646d) c.lui   s0, 0x1b
core   0: 3 0x800024c0 (0x646d) x 8 0x0001b000
core   0: 0x800024c2 (0x2e489c03) lh      s8, 740(a7)
core   0: 3 0x800024c2 (0x2e489c03) x24 0xffffcccd mem 0x80010b16
core   0: 0x800024c6 (0xba188c03) lb      s8, -1119(a7)
core   0: 3 0x800024c6 (0xba188c03) x24 0xffffff88 mem 0x800103d3
core   0: 0x800024ca (0xea18c403) lbu     s0, -351(a7)
core   0: 3 0x800024ca (0xea18c403) x 8 0x00000088 mem 0x800106d3
core   0: 0x800024ce (0x409883a3) sb      s1, 1031(a7)
core   0: 3 0x800024ce (0x409883a3) mem 0x80010c39 0x0
core   0: 0x800024d2 (0x408ed413) srai    s0, t4, 8
core   0: 3 0x800024d2 (0x408ed413) x 8 0xffffffdd
core   0: 0x800024d6 (0x000080ed) c.srli  s1, 27
core   0: 3 0x800024d6 (0x80ed) x 9 0x00000000
core   0: 0x800024d8 (0x000084f5) c.srai  s1, 29
core   0: 3 0x800024d8 (0x84f5) x 9 0x00000000
core   0: 0x800024da (0x58989e23) sh      s1, 1436(a7)
core   0: 3 0x800024da (0x58989e23) mem 0x80010dce 0x0000
core   0: 0x800024de (0x769889a3) sb      s1, 1907(a7)
core   0: 3 0x800024de (0x769889a3) mem 0x80010fa5 0x0
core   0: 0x800024e2 (0x0000ef17) auipc   t5, 0xe
core   0: 3 0x800024e2 (0x0000ef17) x30 0x800104e2
core   0: 0x800024e6 (0x1bcf0f13) addi    t5, t5, 444
core   0: 3 0x800024e6 (0x1bcf0f13) x30 0x8001069e
core   0: 0x800024ea (0x00013917) auipc   s2, 0x13
core   0: 3 0x800024ea (0x00013917) x18 0x800154ea
core   0: 0x800024ee (0x2c990913) addi    s2, s2, 713
core   0: 3 0x800024ee (0x2c990913) x18 0x800157b3
core   0: 0x800024f2 (0x02490d03) lb      s10, 36(s2)
core   0: 3 0x800024f2 (0x02490d03) x26 0xffffff8c mem 0x800157d7
core   0: 0x800024f6 (0xfe991703) lh      a4, -23(s2)
core   0: 3 0x800024f6 (0xfe991703) x14 0x00005657 mem 0x8001579c
core   0: 0x800024fa (0xaa5f1a23) sh      t0, -1356(t5)
core   0: 3 0x800024fa (0xaa5f1a23) mem 0x80010152 0x0000
core   0: 0x800024fe (0xfc4924a3) sw      tp, -55(s2)
core   0: 3 0x800024fe (0xfc4924a3) mem 0x8001577c 0x30313233
core   0: 0x80002502 (0x25af5c83) lhu     s9, 602(t5)
core   0: 3 0x80002502 (0x25af5c83) x25 0x0000b2b3 mem 0x800108f8
core   0: 0x80002506 (0x01e90323) sb      t5, 6(s2)
core   0: 3 0x80002506 (0x01e90323) mem 0x800157b9 0x9e
core   0: 0x8000250a (0x058f4403) lbu     s0, 88(t5)
core   0: 3 0x8000250a (0x058f4403) x 8 0x000000ad mem 0x800106f6
core   0: 0x8000250e (0xfd192603) lw      a2, -47(s2)
core   0: 3 0x8000250e (0xfd192603) x12 0x3c3d3e3f mem 0x80015784
core   0: 0x80002512 (0xdbff1623) sh      t6, -596(t5)
core   0: 3 0x80002512 (0xdbff1623) mem 0x8001044a 0x0001
core   0: 0x80002516 (0x230f0da3) sb      a6, 571(t5)
core   0: 3 0x80002516 (0x230f0da3) mem 0x800108d9 0x41
core   0: 0x8000251a (0x026926a3) sw      t1, 45(s2)
core   0: 3 0x8000251a (0x026926a3) mem 0x800157e0 0x80002374
core   0: 0x8000251e (0x1f2f0a03) lb      s4, 498(t5)
core   0: 3 0x8000251e (0x1f2f0a03) x20 0x0000004b mem 0x80010890
core   0: 0x80002522 (0xfec90223) sb      a2, -28(s2)
core   0: 3 0x80002522 (0xfec90223) mem 0x80015797 0x3f
core   0: 0x80002526 (0x00018e97) auipc   t4, 0x18
core   0: 3 0x80002526 (0x00018e97) x29 0x8001a526
core   0: 0x8000252a (0xae0e8e93) addi    t4, t4, -1312
core   0: 3 0x8000252a (0xae0e8e93) x29 0x8001a006
core   0: 0x8000252e (0x027e84a3) sb      t2, 41(t4)
core   0: 3 0x8000252e (0x027e84a3) mem 0x8001a02f 0x9a
core   0: 0x80002532 (0x02c64c33) div     s8, a2, a2
core   0: 3 0x80002532 (0x02c64c33) x24 0x00000001
core   0: 0x80002536 (0x01ee83a3) sb      t5, 7(t4)
core   0: 3 0x80002536 (0x01ee83a3) mem 0x8001a00d 0x9e
core   0: 0x8000253a (0xfc2edc03) lhu     s8, -62(t4)
core   0: 3 0x8000253a (0xfc2edc03) x24 0x00008283 mem 0x80019fc8
core   0: 0x8000253e (0x00ce8423) sb      a2, 8(t4)
core   0: 3 0x8000253e (0x00ce8423) mem 0x8001a00e 0x3f
core   0: 0x80002542 (0x029e8f83) lb      t6, 41(t4)
core   0: 3 0x80002542 (0x029e8f83) x31 0xffffff9a mem 0x8001a02f
core   0: 0x80002546 (0x01ce9f83) lh      t6, 28(t4)
core   0: 3 0x80002546 (0x01ce9f83) x31 0xffffd8d9 mem 0x8001a022
core   0: 0x8000254a (0x019fdf93) srli    t6, t6, 25
core   0: 3 0x8000254a (0x019fdf93) x31 0x0000007f
core   0: 0x8000254e (0x007c23b3) slt     t2, s8, t2
core   0: 3 0x8000254e (0x007c23b3) x 7 0x00000000
core   0: 0x80002552 (0x016eaf83) lw      t6, 22(t4)
core   0: 3 0x80002552 (0x016eaf83) x31 0xd4d5d6d7 mem 0x8001a01c
core   0: 0x80002556 (0x00008e31) c.xor   a2, a2
core   0: 3 0x80002556 (0x8e31) x12 0x00000000
core   0: 0x80002558 (0xfe5ec603) lbu     a2, -27(t4)
core   0: 3 0x80002558 (0xfe5ec603) x12 0x000000a0 mem 0x80019feb
core   0: 0x8000255c (0x01be8f83) lb      t6, 27(t4)
core   0: 3 0x8000255c (0x01be8f83) x31 0xffffffda mem 0x8001a021
core   0: 0x80002560 (0x001e8f83) lb      t6, 1(t4)
core   0: 3 0x80002560 (0x001e8f83) x31 0xffffffbc mem 0x8001a007
core   0: 0x80002564 (0xfc7ecf83) lbu     t6, -57(t4)
core   0: 3 0x80002564 (0xfc7ecf83) x31 0x00000086 mem 0x80019fcd
core   0: 0x80002568 (0xfc5ec383) lbu     t2, -59(t4)
core   0: 3 0x80002568 (0xfc5ec383) x 7 0x00000080 mem 0x80019fcb
core   0: 0x8000256c (0x01c65633) srl     a2, a2, t3
core   0: 3 0x8000256c (0x01c65633) x12 0x00000000
core   0: 0x80002570 (0x038ea923) sw      s8, 50(t4)
core   0: 3 0x80002570 (0x038ea923) mem 0x8001a038 0x00008283
core   0: 0x80002574 (0x00008f62) c.mv    t5, s8
core   0: 3 0x80002574 (0x8f62) x30 0x00008283
core   0: 0x80002576 (0x035ecc03) lbu     s8, 53(t4)
core   0: 3 0x80002576 (0x035ecc03) x24 0x00000000 mem 0x8001a03b
core   0: 0x8000257a (0xff0e9f03) lh      t5, -16(t4)
core   0: 3 0x8000257a (0xff0e9f03) x30 0xffffacad mem 0x80019ff6
core   0: 0x8000257e (0xff07a3b7) lui     t2, 0xff07a
core   0: 3 0x8000257e (0xff07a3b7) x 7 0xff07a000
core   0: 0x80002582 (0xfcce8da3) sb      a2, -37(t4)
core   0: 3 0x80002582 (0xfcce8da3) mem 0x80019fe1 0x0
core   0: 0x80002586 (0x00008e11) c.sub   a2, a2
core   0: 3 0x80002586 (0x8e11) x12 0x00000000
core   0: 0x80002588 (0xd7155c37) lui     s8, 0xd7155
core   0: 3 0x80002588 (0xd7155c37) x24 0xd7155000
core   0: 0x8000258c (0x00008a49) c.andi  a2, 18
core   0: 3 0x8000258c (0x8a49) x12 0x00000000
core   0: 0x8000258e (0x00fe8383) lb      t2, 15(t4)
core   0: 3 0x8000258e (0x00fe8383) x 7 0xffffffce mem 0x8001a015
core   0: 0x80002592 (0xffee8aa3) sb      t5, -11(t4)
core   0: 3 0x80002592 (0xffee8aa3) mem 0x80019ffb 0xad
core   0: 0x80002596 (0xfe1ec383) lbu     t2, -31(t4)
core   0: 3 0x80002596 (0xfe1ec383) x 7 0x0000009c mem 0x80019fe7
core   0: 0x8000259a (0xfede8f83) lb      t6, -19(t4)
core   0: 3 0x8000259a (0xfede8f83) x31 0xffffffa8 mem 0x80019ff3
core   0: 0x8000259e (0xff5e8f83) lb      t6, -11(t4)
core   0: 3 0x8000259e (0xff5e8f83) x31 0xffffffad mem 0x80019ffb
core   0: 0x800025a2 (0x000083f2) c.mv    t2, t3
core   0: 3 0x800025a2 (0x83f2) x 7 0x8001068b
core   0: 0x800025a4 (0xfdee85a3) sb      t5, -53(t4)
core   0: 3 0x800025a4 (0xfdee85a3) mem 0x80019fd1 0xad
core   0: 0x800025a8 (0x01ac5f13) srli    t5, s8, 26
core   0: 3 0x800025a8 (0x01ac5f13) x30 0x00000035
core   0: 0x800025ac (0xfe2e8f83) lb      t6, -30(t4)
core   0: 3 0x800025ac (0xfe2e8f83) x31 0xffffffa3 mem 0x80019fe8
core   0: 0x800025b0 (0xfdbecf03) lbu     t5, -37(t4)
core   0: 3 0x800025b0 (0xfdbecf03) x30 0x00000000 mem 0x80019fe1
core   0: 0x800025b4 (0xffdecc03) lbu     s8, -3(t4)
core   0: 3 0x800025b4 (0xffdecc03) x24 0x000000b8 mem 0x8001a003
core   0: 0x800025b8 (0x007e85a3) sb      t2, 11(t4)
core   0: 3 0x800025b8 (0x007e85a3) mem 0x8001a011 0x8b
core   0: 0x800025bc (0xfe7e9323) sh      t2, -26(t4)
core   0: 3 0x800025bc (0xfe7e9323) mem 0x80019fec 0x068b
core   0: 0x800025c0 (0x01ee9823) sh      t5, 16(t4)
core   0: 3 0x800025c0 (0x01ee9823) mem 0x8001a016 0x0000
core   0: 0x800025c4 (0xff600693) li      a3, -10
core   0: 3 0x800025c4 (0xff600693) x13 0xfffffff6
core   0: 0x800025c8 (0x00008f0d) c.sub   a4, a1
core   0: 3 0x800025c8 (0x8f0d) x14 0x00005629
core   0: 0x800025ca (0x000087b2) c.mv    a5, a2
core   0: 3 0x800025ca (0x87b2) x15 0x00000000
core   0: 0x800025cc (0x0ff0000f) fence   iorw,iorw
core   0: 3 0x800025cc (0x0ff0000f)
core   0: 0x800025d0 (0xfed00d13) li      s10, -19
core   0: 3 0x800025d0 (0xfed00d13) x26 0xffffffed
core   0: 0x800025d4 (0x01eb6433) or      s0, s6, t5
core   0: 3 0x800025d4 (0x01eb6433) x 8 0x80025e64
core   0: 0x800025d8 (0x56f1a093) slti    ra, gp, 1391
core   0: 3 0x800025d8 (0x56f1a093) x 1 0x00000001
core   0: 0x800025dc (0x568f4293) xori    t0, t5, 1384
core   0: 3 0x800025dc (0x568f4293) x 5 0x00000568
core   0: 0x800025e0 (0x00008cf9) c.and   s1, a4
core   0: 3 0x800025e0 (0x8cf9) x 9 0x00000000
core   0: 0x800025e2 (0x003a0633) add     a2, s4, gp
core   0: 3 0x800025e2 (0x003a0633) x12 0x00000081
core   0: 0x800025e6 (0x00635913) srli    s2, t1, 6
core   0: 3 0x800025e6 (0x00635913) x18 0x0200008d
core   0: 0x800025ea (0x00008e49) c.or    a2, a0
core   0: 3 0x800025ea (0x8e49) x12 0x242526a7
core   0: 0x800025ec (0x000016dd) c.addi  a3, -9
core   0: 3 0x800025ec (0x16dd) x13 0xffffffed
core   0: 0x800025ee (0x00000d00) c.addi4spn s0, sp, 656
core   0: 3 0x800025ee (0x0d00) x 8 0x000002d8
core   0: 0x800025f0 (0x000063c5) c.lui   t2, 0x11
core   0: 3 0x800025f0 (0x63c5) x 7 0x00011000
core   0: 0x800025f2 (0x03707333) remu    t1, zero, s7
core   0: 3 0x800025f2 (0x03707333) x 6 0x00000000
core   0: 0x800025f6 (0x00000001) c.nop
core   0: 3 0x800025f6 (0x0001)
core   0: 0x800025f8 (0x00000001) c.nop
core   0: 3 0x800025f8 (0x0001)
core   0: 0x800025fa (0x02680cb3) mul     s9, a6, t1
core   0: 3 0x800025fa (0x02680cb3) x25 0x00000000
core   0: 0x800025fe (0x000083a5) c.srli  a5, 9
core   0: 3 0x800025fe (0x83a5) x15 0x00000000
core   0: 0x80002600 (0x0c70e293) ori     t0, ra, 199
core   0: 3 0x80002600 (0x0c70e293) x 5 0x000000c7
core   0: 0x80002604 (0x000005f1) c.addi  a1, 28
core   0: 3 0x80002604 (0x05f1) x11 0x0000004a
core   0: 0x80002606 (0x0000717d) c.addi16sp sp, -16
core   0: 3 0x80002606 (0x717d) x 2 0x00000038
core   0: 0x80002608 (0x00006a59) c.lui   s4, 0x16
core   0: 3 0x80002608 (0x6a59) x20 0x00016000
core   0: 0x8000260a (0x000080ed) c.srli  s1, 27
core   0: 3 0x8000260a (0x80ed) x 9 0x00000000
core   0: 0x8000260c (0x0ff0000f) fence   iorw,iorw
core   0: 3 0x8000260c (0x0ff0000f)
core   0: 0x80002610 (0xfda68de3) beq     a3, s10, pc - 38
core   0: 3 0x80002610 (0xfda68de3)
core   0: 0x800025ea (0x00008e49) c.or    a2, a0
core   0: 3 0x800025ea (0x8e49) x12 0x242526a7
core   0: 0x800025ec (0x000016dd) c.addi  a3, -9
core   0: 3 0x800025ec (0x16dd) x13 0xffffffe4
core   0: 0x800025ee (0x00000d00) c.addi4spn s0, sp, 656
core   0: 3 0x800025ee (0x0d00) x 8 0x000002c8
core   0: 0x800025f0 (0x000063c5) c.lui   t2, 0x11
core   0: 3 0x800025f0 (0x63c5) x 7 0x00011000
core   0: 0x800025f2 (0x03707333) remu    t1, zero, s7
core   0: 3 0x800025f2 (0x03707333) x 6 0x00000000
core   0: 0x800025f6 (0x00000001) c.nop
core   0: 3 0x800025f6 (0x0001)
core   0: 0x800025f8 (0x00000001) c.nop
core   0: 3 0x800025f8 (0x0001)
core   0: 0x800025fa (0x02680cb3) mul     s9, a6, t1
core   0: 3 0x800025fa (0x02680cb3) x25 0x00000000
core   0: 0x800025fe (0x000083a5) c.srli  a5, 9
core   0: 3 0x800025fe (0x83a5) x15 0x00000000
core   0: 0x80002600 (0x0c70e293) ori     t0, ra, 199
core   0: 3 0x80002600 (0x0c70e293) x 5 0x000000c7
core   0: 0x80002604 (0x000005f1) c.addi  a1, 28
core   0: 3 0x80002604 (0x05f1) x11 0x00000066
core   0: 0x80002606 (0x0000717d) c.addi16sp sp, -16
core   0: 3 0x80002606 (0x717d) x 2 0x00000028
core   0: 0x80002608 (0x00006a59) c.lui   s4, 0x16
core   0: 3 0x80002608 (0x6a59) x20 0x00016000
core   0: 0x8000260a (0x000080ed) c.srli  s1, 27
core   0: 3 0x8000260a (0x80ed) x 9 0x00000000
core   0: 0x8000260c (0x0ff0000f) fence   iorw,iorw
core   0: 3 0x8000260c (0x0ff0000f)
core   0: 0x80002610 (0xfda68de3) beq     a3, s10, pc - 38
core   0: 3 0x80002610 (0xfda68de3)
core   0: 0x80002614 (0x00000c52) c.slli  s8, 20
core   0: 3 0x80002614 (0x0c52) x24 0x0b800000
core   0: 0x80002616 (0x00018197) auipc   gp, 0x18
core   0: 3 0x80002616 (0x00018197) x 3 0x8001a616
core   0: 0x8000261a (0xc1f18193) addi    gp, gp, -993
core   0: 3 0x8000261a (0xc1f18193) x 3 0x8001a235
core   0: 0x8000261e (0x00018a97) auipc   s5, 0x18
core   0: 3 0x8000261e (0x00018a97) x21 0x8001a61e
core   0: 0x80002622 (0x530a8a93) addi    s5, s5, 1328
core   0: 3 0x80002622 (0x530a8a93) x21 0x8001ab4e
core   0: 0x80002626 (0x00014697) auipc   a3, 0x14
core   0: 3 0x80002626 (0x00014697) x13 0x80016626
core   0: 0x8000262a (0xb6268693) addi    a3, a3, -1182
core   0: 3 0x8000262a (0xb6268693) x13 0x80016188
core   0: 0x8000262e (0xf8268ca3) sb      sp, -103(a3)
core   0: 3 0x8000262e (0xf8268ca3) mem 0x80016121 0x28
core   0: 0x80002632 (0x00aaa583) lw      a1, 10(s5)
core   0: 3 0x80002632 (0x00aaa583) x11 0x10111213 mem 0x8001ab58
core   0: 0x80002636 (0x0ec6d603) lhu     a2, 236(a3)
core   0: 3 0x80002636 (0x0ec6d603) x12 0x00002e2f mem 0x80016274
core   0: 0x8000263a (0xd661c303) lbu     t1, -666(gp)
core   0: 3 0x8000263a (0xd661c303) x 6 0x00000050 mem 0x80019f9b
core   0: 0x8000263e (0xff7ac083) lbu     ra, -9(s5)
core   0: 3 0x8000263e (0xff7ac083) x 1 0x000000fe mem 0x8001ab45
core   0: 0x80002642 (0xf2269783) lh      a5, -222(a3)
core   0: 3 0x80002642 (0xf2269783) x15 0x00006061 mem 0x800160aa
core   0: 0x80002646 (0x00018217) auipc   tp, 0x18
core   0: 3 0x80002646 (0x00018217) x 4 0x8001a646
core   0: 0x8000264a (0x4a320213) addi    tp, tp, 1187
core   0: 3 0x8000264a (0x4a320213) x 4 0x8001aae9
core   0: 0x8000264e (0x0b669703) lh      a4, 182(a3)
core   0: 3 0x8000264e (0x0b669703) x14 0xfffff4f5 mem 0x8001623e
core   0: 0x80002652 (0xe631d883) lhu     a7, -413(gp)
core   0: 3 0x80002652 (0xe631d883) x17 0x00005253 mem 0x8001a098
core   0: 0x80002656 (0xf2e18e03) lb      t3, -210(gp)
core   0: 3 0x80002656 (0xf2e18e03) x28 0x00000018 mem 0x8001a163
core   0: 0x8000265a (0x24520ea3) sb      t0, 605(tp)
core   0: 3 0x8000265a (0x24520ea3) mem 0x8001ad46 0xc7
core   0: 0x8000265e (0x6d9221a3) sw      s9, 1731(tp)
core   0: 3 0x8000265e (0x6d9221a3) mem 0x8001b1ac 0x00000000
core   0: 0x80002662 (0x8b918f23) sb      s9, -1858(gp)
core   0: 3 0x80002662 (0x8b918f23) mem 0x80019af3 0x0
core   0: 0x80002666 (0x0731cd03) lbu     s10, 115(gp)
core   0: 3 0x80002666 (0x0731cd03) x26 0x00000063 mem 0x8001a2a8
core   0: 0x8000266a (0xc2a200a3) sb      a0, -991(tp)
core   0: 3 0x8000266a (0xc2a200a3) mem 0x8001a70a 0x27
core   0: 0x8000266e (0xf5d1c603) lbu     a2, -163(gp)
core   0: 3 0x8000266e (0xf5d1c603) x12 0x00000049 mem 0x8001a192
core   0: 0x80002672 (0xf18684a3) sb      s8, -247(a3)
core   0: 3 0x80002672 (0xf18684a3) mem 0x80016091 0x0
core   0: 0x80002676 (0xff0a8da3) sb      a6, -5(s5)
core   0: 3 0x80002676 (0xff0a8da3) mem 0x8001ab49 0x41
core   0: 0x8000267a (0xf9418c03) lb      s8, -108(gp)
core   0: 3 0x8000267a (0xf9418c03) x24 0xffffff82 mem 0x8001a1c9
core   0: 0x8000267e (0x017a9023) sh      s7, 0(s5)
core   0: 3 0x8000267e (0x017a9023) mem 0x8001ab4e 0x0036
core   0: 0x80002682 (0xf4e69503) lh      a0, -178(a3)
core   0: 3 0x80002682 (0xf4e69503) x10 0xffff8c8d mem 0x800160d6
core   0: 0x80002686 (0xf2268e83) lb      t4, -222(a3)
core   0: 3 0x80002686 (0xf2268e83) x29 0x00000061 mem 0x800160aa
core   0: 0x8000268a (0xe3f20723) sb      t6, -466(tp)
core   0: 3 0x8000268a (0xe3f20723) mem 0x8001a917 0xa3
core   0: 0x8000268e (0xa2120c83) lb      s9, -1503(tp)
core   0: 3 0x8000268e (0xa2120c83) x25 0xffffffc1 mem 0x8001a50a
core   0: 0x80002692 (0xfbb6c503) lbu     a0, -69(a3)
core   0: 3 0x80002692 (0xfbb6c503) x10 0x000000f8 mem 0x80016143
core   0: 0x80002696 (0xff8ad383) lhu     t2, -8(s5)
core   0: 3 0x80002696 (0xff8ad383) x 7 0x0000fcfd mem 0x8001ab46
core   0: 0x8000269a (0xb2618723) sb      t1, -1234(gp)
core   0: 3 0x8000269a (0xb2618723) mem 0x80019d63 0x50
core   0: 0x8000269e (0x9e820523) sb      s0, -1558(tp)
core   0: 3 0x8000269e (0x9e820523) mem 0x8001a4d3 0xc8
core   0: 0x800026a2 (0x0a3688a3) sb      gp, 177(a3)
core   0: 3 0x800026a2 (0x0a3688a3) mem 0x80016239 0x35
core   0: 0x800026a6 (0xf0b1ad03) lw      s10, -245(gp)
core   0: 3 0x800026a6 (0xf0b1ad03) x26 0xf8f9fafb mem 0x8001a140
core   0: 0x800026aa (0x0000e197) auipc   gp, 0xe
core   0: 3 0x800026aa (0x0000e197) x 3 0x800106aa
core   0: 0x800026ae (0xfeb18193) addi    gp, gp, -21
core   0: 3 0x800026ae (0xfeb18193) x 3 0x80010695
core   0: 0x800026b2 (0xfad18c23) sb      a3, -72(gp)
core   0: 3 0x800026b2 (0xfad18c23) mem 0x8001064d 0x88
core   0: 0x800026b6 (0xfbb18c23) sb      s11, -72(gp)
core   0: 3 0x800026b6 (0xfbb18c23) mem 0x8001064d 0xe4
core   0: 0x800026ba (0xfb818a03) lb      s4, -72(gp)
core   0: 3 0x800026ba (0xfb818a03) x20 0xffffffe4 mem 0x8001064d
core   0: 0x800026be (0xfb818003) lb      zero, -72(gp)
core   0: 3 0x800026be (0xfb818003) mem 0x8001064d
core   0: 0x800026c2 (0x04d18323) sb      a3, 70(gp)
core   0: 3 0x800026c2 (0x04d18323) mem 0x800106db 0x88
core   0: 0x800026c6 (0x0379c5b3) div     a1, s3, s7
core   0: 3 0x800026c6 (0x0379c5b3) x11 0x00000000
core   0: 0x800026ca (0x015270b3) and     ra, tp, s5
core   0: 3 0x800026ca (0x015270b3) x 1 0x8001aa48
core   0: 0x800026ce (0x00000001) c.nop
core   0: 3 0x800026ce (0x0001)
core   0: 0x800026d0 (0x04618703) lb      a4, 70(gp)
core   0: 3 0x800026d0 (0x04618703) x14 0xffffff88 mem 0x800106db
core   0: 0x800026d4 (0x06319803) lh      a6, 99(gp)
core   0: 3 0x800026d4 (0x06319803) x16 0xffffb2b3 mem 0x800106f8
core   0: 0x800026d8 (0x00f18b23) sb      a5, 22(gp)
core   0: 3 0x800026d8 (0x00f18b23) mem 0x800106ab 0x61
core   0: 0x800026dc (0xc1a23697) auipc   a3, 0xc1a23
core   0: 3 0x800026dc (0xc1a23697) x13 0x41a256dc
core   0: 0x800026e0 (0x0161cd03) lbu     s10, 22(gp)
core   0: 3 0x800026e0 (0x0161cd03) x26 0x00000061 mem 0x800106ab
core   0: 0x800026e4 (0x01618683) lb      a3, 22(gp)
core   0: 3 0x800026e4 (0x01618683) x13 0x00000061 mem 0x800106ab
core   0: 0x800026e8 (0x00017f17) auipc   t5, 0x17
core   0: 3 0x800026e8 (0x00017f17) x30 0x800196e8
core   0: 0x800026ec (0x3c3f0f13) addi    t5, t5, 963
core   0: 3 0x800026ec (0x3c3f0f13) x30 0x80019aab
core   0: 0x800026f0 (0xf32f0903) lb      s2, -206(t5)
core   0: 3 0x800026f0 (0xf32f0903) x18 0xffffff96 mem 0x800199dd
core   0: 0x800026f4 (0x3ebf0483) lb      s1, 1003(t5)
core   0: 3 0x800026f4 (0x3ebf0483) x 9 0x0000004d mem 0x80019e96
core   0: 0x800026f8 (0x0000e817) auipc   a6, 0xe
core   0: 3 0x800026f8 (0x0000e817) x16 0x800106f8
core   0: 0x800026fc (0x00e80813) addi    a6, a6, 14
core   0: 3 0x800026fc (0x00e80813) x16 0x80010706
core   0: 0x80002700 (0xff282323) sw      s2, -26(a6)
core   0: 3 0x80002700 (0xff282323) mem 0x800106ec 0xffffff96
core   0: 0x80002704 (0x886f0683) lb      a3, -1914(t5)
core   0: 3 0x80002704 (0x886f0683) x13 0xffffffea mem 0x80019331
core   0: 0x80002708 (0x698f0e03) lb      t3, 1688(t5)
core   0: 3 0x80002708 (0x698f0e03) x28 0xfffffff8 mem 0x8001a143
core   0: 0x8000270c (0xfed84603) lbu     a2, -19(a6)
core   0: 3 0x8000270c (0xfed84603) x12 0x000000a8 mem 0x800106f3
core   0: 0x80002710 (0xcb6f4583) lbu     a1, -842(t5)
core   0: 3 0x80002710 (0xcb6f4583) x11 0x0000001a mem 0x80019761
core   0: 0x80002714 (0xfc280923) sb      sp, -46(a6)
core   0: 3 0x80002714 (0xfc280923) mem 0x800106d8 0x28
core   0: 0x80002718 (0x00682c83) lw      s9, 6(a6)
core   0: 3 0x80002718 (0x00682c83) x25 0xc4c599c7 mem 0x8001070c
core   0: 0x8000271c (0x1e0f0823) sb      zero, 496(t5)
core   0: 3 0x8000271c (0x1e0f0823) mem 0x80019c9b 0x0
core   0: 0x80002720 (0xeabf0ba3) sb      a1, -329(t5)
core   0: 3 0x80002720 (0xeabf0ba3) mem 0x80019962 0x1a
core   0: 0x80002724 (0x681f0223) sb      ra, 1668(t5)
core   0: 3 0x80002724 (0x681f0223) mem 0x8001a12f 0x48
core   0: 0x80002728 (0xa4af4903) lbu     s2, -1462(t5)
core   0: 3 0x80002728 (0xa4af4903) x18 0x000000ae mem 0x800194f5
core   0: 0x8000272c (0xfd0808a3) sb      a6, -47(a6)
core   0: 3 0x8000272c (0xfd0808a3) mem 0x800106d7 0x6
core   0: 0x80002730 (0x0001a517) auipc   a0, 0x1a
core   0: 3 0x80002730 (0x0001a517) x10 0x8001c730
core   0: 0x80002734 (0x11950513) addi    a0, a0, 281
core   0: 3 0x80002734 (0x11950513) x10 0x8001c849
core   0: 0x80002738 (0x0000fd17) auipc   s10, 0xf
core   0: 3 0x80002738 (0x0000fd17) x26 0x80011738
core   0: 0x8000273c (0xee2d0d13) addi    s10, s10, -286
core   0: 3 0x8000273c (0xee2d0d13) x26 0x8001161a
core   0: 0x80002740 (0x01e54b83) lbu     s7, 30(a0)
core   0: 3 0x80002740 (0x01e54b83) x23 0x0000001c mem 0x8001c867
core   0: 0x80002744 (0xfe8d0c23) sb      s0, -8(s10)
core   0: 3 0x80002744 (0xfe8d0c23) mem 0x80011612 0xc8
core   0: 0x80002748 (0x006521a3) sw      t1, 3(a0)
core   0: 3 0x80002748 (0x006521a3) mem 0x8001c84c 0x00000050
core   0: 0x8000274c (0xfef50923) sb      a5, -14(a0)
core   0: 3 0x8000274c (0xfef50923) mem 0x8001c83b 0x61
core   0: 0x80002750 (0xfe850823) sb      s0, -16(a0)
core   0: 3 0x80002750 (0xfe850823) mem 0x8001c839 0xc8
core   0: 0x80002754 (0xffbd4703) lbu     a4, -5(s10)
core   0: 3 0x80002754 (0xffbd4703) x14 0x000000ce mem 0x80011615
core   0: 0x80002758 (0xffcd0703) lb      a4, -4(s10)
core   0: 3 0x80002758 (0xffcd0703) x14 0xffffffcd mem 0x80011616
core   0: 0x8000275c (0x004d5903) lhu     s2, 4(s10)
core   0: 3 0x8000275c (0x004d5903) x18 0x0000d4d5 mem 0x8001161e
core   0: 0x80002760 (0xffcd4883) lbu     a7, -4(s10)
core   0: 3 0x80002760 (0xffcd4883) x17 0x000000cd mem 0x80011616
core   0: 0x80002764 (0xf9c50083) lb      ra, -100(a0)
core   0: 3 0x80002764 (0xf9c50083) x 1 0xffffff9e mem 0x8001c7e5
core   0: 0x80002768 (0xff250003) lb      zero, -14(a0)
core   0: 3 0x80002768 (0xff250003) mem 0x8001c83b
core   0: 0x8000276c (0xfe7d0823) sb      t2, -16(s10)
core   0: 3 0x8000276c (0xfe7d0823) mem 0x8001160a 0xfd
core   0: 0x80002770 (0xf5155703) lhu     a4, -175(a0)
core   0: 3 0x80002770 (0xf5155703) x14 0x00005051 mem 0x8001c79a
core   0: 0x80002774 (0x002d1523) sh      sp, 10(s10)
core   0: 3 0x80002774 (0x002d1523) mem 0x80011624 0x0028
core   0: 0x80002778 (0x0001cb97) auipc   s7, 0x1c
core   0: 3 0x80002778 (0x0001cb97) x23 0x8001e778
core   0: 0x8000277c (0x13ab8b93) addi    s7, s7, 314
core   0: 3 0x8000277c (0x13ab8b93) x23 0x8001e8b2
core   0: 0x80002780 (0x0efbc103) lbu     sp, 239(s7)
core   0: 3 0x80002780 (0x0efbc103) x 2 0x0000005a mem 0x8001e9a1
core   0: 0x80002784 (0x094b83a3) sb      s4, 135(s7)
core   0: 3 0x80002784 (0x094b83a3) mem 0x8001e939 0xe4
core   0: 0x80002788 (0x0000e817) auipc   a6, 0xe
core   0: 3 0x80002788 (0x0000e817) x16 0x80010788
core   0: 0x8000278c (0x40680813) addi    a6, a6, 1030
core   0: 3 0x8000278c (0x40680813) x16 0x80010b8e
core   0: 0x80002790 (0x045bc883) lbu     a7, 69(s7)
core   0: 3 0x80002790 (0x045bc883) x17 0x000000ac mem 0x8001e8f7
core   0: 0x80002794 (0x01f807a3) sb      t6, 15(a6)
core   0: 3 0x80002794 (0x01f807a3) mem 0x80010b9d 0xa3
core   0: 0x80002798 (0xf99b8ca3) sb      s9, -103(s7)
core   0: 3 0x80002798 (0xf99b8ca3) mem 0x8001e84b 0xc7
core   0: 0x8000279c (0xfb1b9823) sh      a7, -80(s7)
core   0: 3 0x8000279c (0xfb1b9823) mem 0x8001e862 0x00ac
core   0: 0x800027a0 (0xfc8bd083) lhu     ra, -56(s7)
core   0: 3 0x800027a0 (0xfc8bd083) x 1 0x00003031 mem 0x8001e87a
core   0: 0x800027a4 (0x00184e03) lbu     t3, 1(a6)
core   0: 3 0x800027a4 (0x00184e03) x28 0x00000044 mem 0x80010b8f
core   0: 0x800027a8 (0x03cbc283) lbu     t0, 60(s7)
core   0: 3 0x800027a8 (0x03cbc283) x 5 0x000000a5 mem 0x8001e8ee
core   0: 0x800027ac (0xff984603) lbu     a2, -7(a6)
core   0: 3 0x800027ac (0xff984603) x12 0x0000003c mem 0x80010b87
core   0: 0x800027b0 (0x09ab81a3) sb      s10, 131(s7)
core   0: 3 0x800027b0 (0x09ab81a3) mem 0x8001e935 0x1a
core   0: 0x800027b4 (0xff081603) lh      a2, -16(a6)
core   0: 3 0x800027b4 (0xff081603) x12 0x00003435 mem 0x80010b7e
core   0: 0x800027b8 (0xff685a03) lhu     s4, -10(a6)
core   0: 3 0x800027b8 (0xff685a03) x20 0x00003e3f mem 0x80010b84
core   0: 0x800027bc (0x0000e817) auipc   a6, 0xe
core   0: 3 0x800027bc (0x0000e817) x16 0x800107bc
core   0: 0x800027c0 (0x46d80813) addi    a6, a6, 1133
core   0: 3 0x800027c0 (0x46d80813) x16 0x80010c29
core   0: 0x800027c4 (0x0000e197) auipc   gp, 0xe
core   0: 3 0x800027c4 (0x0000e197) x 3 0x800107c4
core   0: 0x800027c8 (0x07018193) addi    gp, gp, 112
core   0: 3 0x800027c8 (0x07018193) x 3 0x80010834
core   0: 0x800027cc (0x3e080403) lb      s0, 992(a6)
core   0: 3 0x800027cc (0x3e080403) x 8 0xffffffc2 mem 0x80011009
core   0: 0x800027d0 (0xfde181a3) sb      t5, -61(gp)
core   0: 3 0x800027d0 (0xfde181a3) mem 0x800107f7 0xab
core   0: 0x800027d4 (0x02b18823) sb      a1, 48(gp)
core   0: 3 0x800027d4 (0x02b18823) mem 0x80010864 0x1a
core   0: 0x800027d8 (0x12a84a03) lbu     s4, 298(a6)
core   0: 3 0x800027d8 (0x12a84a03) x20 0x00000008 mem 0x80010d53
core   0: 0x800027dc (0xfd21cc83) lbu     s9, -46(gp)
core   0: 3 0x800027dc (0xfd21cc83) x25 0x000000bd mem 0x80010806
core   0: 0x800027e0 (0xff31cf83) lbu     t6, -13(gp)
core   0: 3 0x800027e0 (0xff31cf83) x31 0x000000dc mem 0x80010827
core   0: 0x800027e4 (0xfce1c383) lbu     t2, -50(gp)
core   0: 3 0x800027e4 (0xfce1c383) x 7 0x000000b9 mem 0x80010802
core   0: 0x800027e8 (0x0281af03) lw      t5, 40(gp)
core   0: 3 0x800027e8 (0x0281af03) x30 0x14571617 mem 0x8001085c
core   0: 0x800027ec (0xfef1cc83) lbu     s9, -17(gp)
core   0: 3 0x800027ec (0xfef1cc83) x25 0x000000d8 mem 0x80010823
core   0: 0x800027f0 (0x8e480683) lb      a3, -1820(a6)
core   0: 3 0x800027f0 (0x8e480683) x13 0xffffffc6 mem 0x8001050d
core   0: 0x800027f4 (0xadf80523) sb      t6, -1334(a6)
core   0: 3 0x800027f4 (0xadf80523) mem 0x800106f3 0xdc
core   0: 0x800027f8 (0xfee18383) lb      t2, -18(gp)
core   0: 3 0x800027f8 (0xfee18383) x 7 0xffffffd9 mem 0x80010822
core   0: 0x800027fc (0xffc1d203) lhu     tp, -4(gp)
core   0: 3 0x800027fc (0xffc1d203) x 4 0x00000028 mem 0x80010830
core   0: 0x80002800 (0xe7981483) lh      s1, -391(a6)
core   0: 3 0x80002800 (0xe7981483) x 9 0x00005859 mem 0x80010aa2
core   0: 0x80002804 (0xff21c683) lbu     a3, -14(gp)
core   0: 3 0x80002804 (0xff21c683) x13 0x000000dd mem 0x80010826
core   0: 0x80002808 (0x0000ea17) auipc   s4, 0xe
core   0: 3 0x80002808 (0x0000ea17) x20 0x80010808
core   0: 0x8000280c (0x110a0a13) addi    s4, s4, 272
core   0: 3 0x8000280c (0x110a0a13) x20 0x80010918
core   0: 0x80002810 (0x09fa0f03) lb      t5, 159(s4)
core   0: 3 0x80002810 (0x09fa0f03) x30 0x0000006c mem 0x800109b7
core   0: 0x80002814 (0x00012e17) auipc   t3, 0x12
core   0: 3 0x80002814 (0x00012e17) x28 0x80014814
core   0: 0x80002818 (0x30ee0e13) addi    t3, t3, 782
core   0: 3 0x80002818 (0x30ee0e13) x28 0x80014b22
core   0: 0x8000281c (0xf72a4f03) lbu     t5, -142(s4)
core   0: 3 0x8000281c (0xf72a4f03) x30 0x00000041 mem 0x8001088a
core   0: 0x80002820 (0xf7ca2803) lw      a6, -132(s4)
core   0: 3 0x80002820 (0xf7ca2803) x16 0x4c4d4e4f mem 0x80010894
core   0: 0x80002824 (0x027a0aa3) sb      t2, 53(s4)
core   0: 3 0x80002824 (0x027a0aa3) mem 0x8001094d 0xd9
core   0: 0x80002828 (0x03fe0a23) sb      t6, 52(t3)
core   0: 3 0x80002828 (0x03fe0a23) mem 0x80014b56 0xdc
core   0: 0x8000282c (0xfd0e4d03) lbu     s10, -48(t3)
core   0: 3 0x8000282c (0xfd0e4d03) x26 0x000000a9 mem 0x80014af2
core   0: 0x80002830 (0x0bea1d03) lh      s10, 190(s4)
core   0: 3 0x80002830 (0x0bea1d03) x26 0xffff8c8d mem 0x800109d6
core   0: 0x80002834 (0x0a3a0183) lb      gp, 163(s4)
core   0: 3 0x80002834 (0x0a3a0183) x 3 0x00000070 mem 0x800109bb
core   0: 0x80002838 (0x00be0c03) lb      s8, 11(t3)
core   0: 3 0x80002838 (0x00be0c03) x24 0xffffffe6 mem 0x80014b2d
core   0: 0x8000283c (0xf34a4683) lbu     a3, -204(s4)
core   0: 3 0x8000283c (0xf34a4683) x13 0x00000007 mem 0x8001084c
core   0: 0x80002840 (0x015e0703) lb      a4, 21(t3)
core   0: 3 0x80002840 (0x015e0703) x14 0xffffffec mem 0x80014b37
core   0: 0x80002844 (0x026a5203) lhu     tp, 38(s4)
core   0: 3 0x80002844 (0x026a5203) x 4 0x0000f4f5 mem 0x8001093e
core   0: 0x80002848 (0x014e1c83) lh      s9, 20(t3)
core   0: 3 0x80002848 (0x014e1c83) x25 0xffffeced mem 0x80014b36
core   0: 0x8000284c (0x0d0a5603) lhu     a2, 208(s4)
core   0: 3 0x8000284c (0x0d0a5603) x12 0x000013a3 mem 0x800109e8
core   0: 0x80002850 (0x00011117) auipc   sp, 0x11
core   0: 3 0x80002850 (0x00011117) x 2 0x80013850
core   0: 0x80002854 (0xf1310113) addi    sp, sp, -237
core   0: 3 0x80002854 (0xf1310113) x 2 0x80013763
core   0: 0x80002858 (0x00000001) c.nop
core   0: 3 0x80002858 (0x0001)
core   0: 0x8000285a (0x64410b83) lb      s7, 1604(sp)
core   0: 3 0x8000285a (0x64410b83) x23 0x0000005c mem 0x80013da7
core   0: 0x8000285e (0xc1810223) sb      s8, -1020(sp)
core   0: 3 0x8000285e (0xc1810223) mem 0x80013367 0xe6
core   0: 0x80002862 (0x6f310203) lb      tp, 1779(sp)
core   0: 3 0x80002862 (0x6f310203) x 4 0x0000000d mem 0x80013e56
core   0: 0x80002866 (0x75214303) lbu     t1, 1874(sp)
core   0: 3 0x80002866 (0x75214303) x 6 0x0000006e mem 0x80013eb5
core   0: 0x8000286a (0x036a6633) rem     a2, s4, s6
core   0: 3 0x8000286a (0x036a6633) x12 0xfffeaab4
core   0: 0x8000286e (0x00000001) c.nop
core   0: 3 0x8000286e (0x0001)
core   0: 0x80002870 (0x192e4a13) xori    s4, t3, 402
core   0: 3 0x80002870 (0x192e4a13) x20 0x80014ab0
core   0: 0x80002874 (0xd0214b83) lbu     s7, -766(sp)
core   0: 3 0x80002874 (0xd0214b83) x23 0x0000001e mem 0x80013465
core   0: 0x80002878 (0xccb118a3) sh      a1, -815(sp)
core   0: 3 0x80002878 (0xccb118a3) mem 0x80013434 0x001a
core   0: 0x8000287c (0x00459fb3) sll     t6, a1, tp
core   0: 3 0x8000287c (0x00459fb3) x31 0x00034000
core   0: 0x80002880 (0x00000e0e) c.slli  t3, 3
core   0: 3 0x80002880 (0x0e0e) x28 0x000a5910
core   0: 0x80002882 (0x46412ea3) sw      tp, 1149(sp)
core   0: 3 0x80002882 (0x46412ea3) mem 0x80013be0 0x0000000d
core   0: 0x80002886 (0x3a7115a3) sh      t2, 939(sp)
core   0: 3 0x80002886 (0x3a7115a3) mem 0x80013b0e 0xffd9
core   0: 0x8000288a (0xd5e10203) lb      tp, -674(sp)
core   0: 3 0x8000288a (0xd5e10203) x 4 0x0000007a mem 0x800134c1
core   0: 0x8000288e (0xd7232bb7) lui     s7, 0xd7232
core   0: 3 0x8000288e (0xd7232bb7) x23 0xd7232000
core   0: 0x80002892 (0x02daa1b3) mulhsu  gp, s5, a3
core   0: 3 0x80002892 (0x02daa1b3) x 3 0xfffffffc
core   0: 0x80002896 (0x0018dbb3) srl     s7, a7, ra
core   0: 3 0x80002896 (0x0018dbb3) x23 0x00000000
core   0: 0x8000289a (0x00008fcd) c.or    a5, a1
core   0: 3 0x8000289a (0x8fcd) x15 0x0000607b
core   0: 0x8000289c (0xcaf14683) lbu     a3, -849(sp)
core   0: 3 0x8000289c (0xcaf14683) x13 0x000000c9 mem 0x80013412
core   0: 0x800028a0 (0x25410ca3) sb      s4, 601(sp)
core   0: 3 0x800028a0 (0x25410ca3) mem 0x800139bc 0xb0
core   0: 0x800028a4 (0xb7010403) lb      s0, -1168(sp)
core   0: 3 0x800028a4 (0xb7010403) x 8 0xffffff88 mem 0x800132d3
core   0: 0x800028a8 (0xcaf116a3) sh      a5, -851(sp)
core   0: 3 0x800028a8 (0xcaf116a3) mem 0x80013410 0x607b
core   0: 0x800028ac (0x81414503) lbu     a0, -2028(sp)
core   0: 3 0x800028ac (0x81414503) x10 0x0000002c mem 0x80012f77
core   0: 0x800028b0 (0x24115883) lhu     a7, 577(sp)
core   0: 3 0x800028b0 (0x24115883) x17 0x00005e5f mem 0x800139a4
core   0: 0x800028b4 (0x000043e5) c.li    t2, 25
core   0: 3 0x800028b4 (0x43e5) x 7 0x00000019
core   0: 0x800028b6 (0x3ad113a3) sh      a3, 935(sp)
core   0: 3 0x800028b6 (0x3ad113a3) mem 0x80013b0a 0x00c9
core   0: 0x800028ba (0xc92ce893) ori     a7, s9, -878
core   0: 3 0x800028ba (0xc92ce893) x17 0xfffffcff
core   0: 0x800028be (0x029e93b3) mulh    t2, t4, s1
core   0: 3 0x800028be (0x029e93b3) x 7 0x00000000
core   0: 0x800028c2 (0xec714903) lbu     s2, -313(sp)
core   0: 3 0x800028c2 (0xec714903) x18 0x000000e1 mem 0x8001362a
core   0: 0x800028c6 (0xfdc83c97) auipc   s9, 0xfdc83
core   0: 3 0x800028c6 (0xfdc83c97) x25 0x7dc858c6
core   0: 0x800028ca (0x01ecb7b3) sltu    a5, s9, t5
core   0: 3 0x800028ca (0x01ecb7b3) x15 0x00000000
core   0: 0x800028ce (0xe28b8a13) addi    s4, s7, -472
core   0: 3 0x800028ce (0xe28b8a13) x20 0xfffffe28
core   0: 0x800028d2 (0x00008531) c.srai  a0, 12
core   0: 3 0x800028d2 (0x8531) x10 0x00000000
core   0: 0x800028d4 (0x4f8128a3) sw      s8, 1265(sp)
core   0: 3 0x800028d4 (0x4f8128a3) mem 0x80013c54 0xffffffe6
core   0: 0x800028d8 (0x2cd12703) lw      a4, 717(sp)
core   0: 3 0x800028d8 (0x2cd12703) x14 0xe8e9eaeb mem 0x80013a30
core   0: 0x800028dc (0xe98112a3) sh      s8, -379(sp)
core   0: 3 0x800028dc (0xe98112a3) mem 0x800135e8 0xffe6
core   0: 0x800028e0 (0xd6214c03) lbu     s8, -670(sp)
core   0: 3 0x800028e0 (0xd6214c03) x24 0x0000007e mem 0x800134c5
core   0: 0x800028e4 (0xf2610523) sb      t1, -214(sp)
core   0: 3 0x800028e4 (0xf2610523) mem 0x8001368d 0x6e
core   0: 0x800028e8 (0x003586b3) add     a3, a1, gp
core   0: 3 0x800028e8 (0x003586b3) x13 0x00000016
core   0: 0x800028ec (0x013163b3) or      t2, sp, s3
core   0: 3 0x800028ec (0x013163b3) x 7 0x8001376b
core   0: 0x800028f0 (0x3fb10003) lb      zero, 1019(sp)
core   0: 3 0x800028f0 (0x3fb10003) mem 0x80013b5e
core   0: 0x800028f4 (0x0f810a23) sb      s8, 244(sp)
core   0: 3 0x800028f4 (0x0f810a23) mem 0x80013857 0x7e
core   0: 0x800028f8 (0x02000633) mul     a2, zero, zero
core   0: 3 0x800028f8 (0x02000633) x12 0x00000000
core   0: 0x800028fc (0xff27e913) ori     s2, a5, -14
core   0: 3 0x800028fc (0xff27e913) x18 0xfffffff2
core   0: 0x80002900 (0x01b2b3b3) sltu    t2, t0, s11
core   0: 3 0x80002900 (0x01b2b3b3) x 7 0x00000001
core   0: 0x80002904 (0x00001e7d) c.addi  t3, -1
core   0: 3 0x80002904 (0x1e7d) x28 0x000a590f
core   0: 0x80002906 (0x0ed10323) sb      a3, 230(sp)
core   0: 3 0x80002906 (0x0ed10323) mem 0x80013849 0x16
core   0: 0x8000290a (0x01870d33) add     s10, a4, s8
core   0: 3 0x8000290a (0x01870d33) x26 0xe8e9eb69
core   0: 0x8000290e (0x48b11c83) lh      s9, 1163(sp)
core   0: 3 0x8000290e (0x48b11c83) x25 0xffffa4a5 mem 0x80013bee
core   0: 0x80002912 (0x31912903) lw      s2, 793(sp)
core   0: 3 0x80002912 (0x31912903) x18 0x34353637 mem 0x80013a7c
core   0: 0x80002916 (0xe1814c03) lbu     s8, -488(sp)
core   0: 3 0x80002916 (0xe1814c03) x24 0x00000030 mem 0x8001357b
core   0: 0x8000291a (0x403c8633) sub     a2, s9, gp
core   0: 3 0x8000291a (0x403c8633) x12 0xffffa4a9
core   0: 0x8000291e (0x54a14583) lbu     a1, 1354(sp)
core   0: 3 0x8000291e (0x54a14583) x11 0x00000066 mem 0x80013cad
core   0: 0x80002922 (0x00c598b3) sll     a7, a1, a2
core   0: 3 0x80002922 (0x00c598b3) x17 0x0000cc00
core   0: 0x80002926 (0x038e80b3) mul     ra, t4, s8
core   0: 3 0x80002926 (0x038e80b3) x 1 0x00001230
core   0: 0x8000292a (0x0152c033) xor     zero, t0, s5
core   0: 3 0x8000292a (0x0152c033)
core   0: 0x8000292e (0x4af42013) slti    zero, s0, 1199
core   0: 3 0x8000292e (0x4af42013)
core   0: 0x80002932 (0xa3e10f03) lb      t5, -1474(sp)
core   0: 3 0x80002932 (0xa3e10f03) x30 0x0000005a mem 0x800131a1
core   0: 0x80002936 (0x00014f17) auipc   t5, 0x14
core   0: 3 0x80002936 (0x00014f17) x30 0x80016936
core   0: 0x8000293a (0xd96f0f13) addi    t5, t5, -618
core   0: 3 0x8000293a (0xd96f0f13) x30 0x800166cc
core   0: 0x8000293e (0x4c4f0923) sb      tp, 1234(t5)
core   0: 3 0x8000293e (0x4c4f0923) mem 0x80016b9e 0x7a
core   0: 0x80002942 (0x531f4d03) lbu     s10, 1329(t5)
core   0: 3 0x80002942 (0x531f4d03) x26 0x000000b6 mem 0x80016bfd
core   0: 0x80002946 (0x00010717) auipc   a4, 0x10
core   0: 3 0x80002946 (0x00010717) x14 0x80012946
core   0: 0x8000294a (0x54b70713) addi    a4, a4, 1355
core   0: 3 0x8000294a (0x54b70713) x14 0x80012e91
core   0: 0x8000294e (0x0000fb97) auipc   s7, 0xf
core   0: 3 0x8000294e (0x0000fb97) x23 0x8001194e
core   0: 0x80002952 (0x473b8b93) addi    s7, s7, 1139
core   0: 3 0x80002952 (0x473b8b93) x23 0x80011dc1
core   0: 0x80002956 (0x317f0903) lb      s2, 791(t5)
core   0: 3 0x80002956 (0x317f0903) x18 0xffffff98 mem 0x800169e3
core   0: 0x8000295a (0x00cbca83) lbu     s5, 12(s7)
core   0: 3 0x8000295a (0x00cbca83) x21 0x00000086 mem 0x80011dcd
core   0: 0x8000295e (0x3cff4d03) lbu     s10, 975(t5)
core   0: 3 0x8000295e (0x3cff4d03) x26 0x00000050 mem 0x80016a9b
core   0: 0x80002962 (0xe1e70783) lb      a5, -482(a4)
core   0: 3 0x80002962 (0xe1e70783) x15 0x00000064 mem 0x80012caf
core   0: 0x80002966 (0x00db9183) lh      gp, 13(s7)
core   0: 3 0x80002966 (0x00db9183) x 3 0xffff8485 mem 0x80011dce
core   0: 0x8000296a (0x60e70083) lb      ra, 1550(a4)
core   0: 3 0x8000296a (0x60e70083) x 1 0x00000054 mem 0x8001349f
core   0: 0x8000296e (0xc5cf2223) sw      t3, -956(t5)
core   0: 3 0x8000296e (0xc5cf2223) mem 0x80016310 0x000a590f
core   0: 0x80002972 (0x1d771383) lh      t2, 471(a4)
core   0: 3 0x80002972 (0x1d771383) x 7 0x00002223 mem 0x80013068
core   0: 0x80002976 (0x7c5f0e83) lb      t4, 1989(t5)
core   0: 3 0x80002976 (0x7c5f0e83) x29 0x0000004a mem 0x80016e91
core   0: 0x8000297a (0x00abce03) lbu     t3, 10(s7)
core   0: 3 0x8000297a (0x00abce03) x28 0x00000080 mem 0x80011dcb
core   0: 0x8000297e (0xb23f0103) lb      sp, -1245(t5)
core   0: 3 0x8000297e (0xb23f0103) x 2 0xffffffa4 mem 0x800161ef
core   0: 0x80002982 (0x18174183) lbu     gp, 385(a4)
core   0: 3 0x80002982 (0x18174183) x 3 0x000000c9 mem 0x80013012
core   0: 0x80002986 (0xff0b8203) lb      tp, -16(s7)
core   0: 3 0x80002986 (0xff0b8203) x 4 0x0000006a mem 0x80011db1
core   0: 0x8000298a (0x8fef5383) lhu     t2, -1794(t5)
core   0: 3 0x8000298a (0x8fef5383) x 7 0x00008081 mem 0x80015fca
core   0: 0x8000298e (0x3ea700a3) sb      a0, 993(a4)
core   0: 3 0x8000298e (0x3ea700a3) mem 0x80013272 0x0
core   0: 0x80002992 (0x070f08a3) sb      a6, 113(t5)
core   0: 3 0x80002992 (0x070f08a3) mem 0x8001673d 0x4f
core   0: 0x80002996 (0x019b95a3) sh      s9, 11(s7)
core   0: 3 0x80002996 (0x019b95a3) mem 0x80011dcc 0xa4a5
core   0: 0x8000299a (0x99074883) lbu     a7, -1648(a4)
core   0: 3 0x8000299a (0x99074883) x17 0x000000da mem 0x80012821
core   0: 0x8000299e (0x354f4583) lbu     a1, 852(t5)
core   0: 3 0x8000299e (0x354f4583) x11 0x000000db mem 0x80016a20
core   0: 0x800029a2 (0x01fb8123) sb      t6, 2(s7)
core   0: 3 0x800029a2 (0x01fb8123) mem 0x80011dc3 0x0
core   0: 0x800029a6 (0x0000e197) auipc   gp, 0xe
core   0: 3 0x800029a6 (0x0000e197) x 3 0x800109a6
core   0: 0x800029aa (0x56b18193) addi    gp, gp, 1387
core   0: 3 0x800029aa (0x56b18193) x 3 0x80010f11
core   0: 0x800029ae (0x06a199a3) sh      a0, 115(gp)
core   0: 3 0x800029ae (0x06a199a3) mem 0x80010f84 0x0000
core   0: 0x800029b2 (0x0000ec17) auipc   s8, 0xe
core   0: 3 0x800029b2 (0x0000ec17) x24 0x800109b2
core   0: 0x800029b6 (0x501c0c13) addi    s8, s8, 1281
core   0: 3 0x800029b6 (0x501c0c13) x24 0x80010eb3
core   0: 0x800029ba (0x13bc0123) sb      s11, 290(s8)
core   0: 3 0x800029ba (0x13bc0123) mem 0x80010fd5 0xe4
core   0: 0x800029be (0x09d1d083) lhu     ra, 157(gp)
core   0: 3 0x800029be (0x09d1d083) x 1 0x00006465 mem 0x80010fae
core   0: 0x800029c2 (0x0e3183a3) sb      gp, 231(gp)
core   0: 3 0x800029c2 (0x0e3183a3) mem 0x80010ff8 0x11
core   0: 0x800029c6 (0x0381c403) lbu     s0, 56(gp)
core   0: 3 0x800029c6 (0x0381c403) x 8 0x00000002 mem 0x80010f49
core   0: 0x800029ca (0x14cc0aa3) sb      a2, 341(s8)
core   0: 3 0x800029ca (0x14cc0aa3) mem 0x80011008 0xa9
core   0: 0x800029ce (0x85dc4e03) lbu     t3, -1955(s8)
core   0: 3 0x800029ce (0x85dc4e03) x28 0x000000cb mem 0x80010710
core   0: 0x800029d2 (0xc50c0c83) lb      s9, -944(s8)
core   0: 3 0x800029d2 (0xc50c0c83) x25 0xffffffb8 mem 0x80010b03
core   0: 0x800029d6 (0xb74c4903) lbu     s2, -1164(s8)
core   0: 3 0x800029d6 (0xb74c4903) x18 0x000000dc mem 0x80010a27
core   0: 0x800029da (0xfd418683) lb      a3, -44(gp)
core   0: 3 0x800029da (0xfd418683) x13 0xffffff9e mem 0x80010ee5
core   0: 0x800029de (0xf16c0923) sb      s6, -238(s8)
core   0: 3 0x800029de (0xf16c0923) mem 0x80010dc5 0x64
core   0: 0x800029e2 (0x0e118a03) lb      s4, 225(gp)
core   0: 3 0x800029e2 (0x0e118a03) x20 0x00000050 mem 0x80010ff2
core   0: 0x800029e6 (0xa34c2aa3) sw      s4, -1483(s8)
core   0: 3 0x800029e6 (0xa34c2aa3) mem 0x800108e8 0x00000050
core   0: 0x800029ea (0xfc11c483) lbu     s1, -63(gp)
core   0: 3 0x800029ea (0xfc11c483) x 9 0x00000089 mem 0x80010ed2
core   0: 0x800029ee (0xe2ec0c83) lb      s9, -466(s8)
core   0: 3 0x800029ee (0xe2ec0c83) x25 0xffffff9a mem 0x80010ce1
core   0: 0x800029f2 (0xfd01ca03) lbu     s4, -48(gp)
core   0: 3 0x800029f2 (0xfd01ca03) x20 0x0000009a mem 0x80010ee1
core   0: 0x800029f6 (0xf9b1cd03) lbu     s10, -101(gp)
core   0: 3 0x800029f6 (0xf9b1cd03) x26 0x00000067 mem 0x80010eac
core   0: 0x800029fa (0xd20c0503) lb      a0, -736(s8)
core   0: 3 0x800029fa (0xd20c0503) x10 0xffffff88 mem 0x80010bd3
core   0: 0x800029fe (0xbb8c4683) lbu     a3, -1096(s8)
core   0: 3 0x800029fe (0xbb8c4683) x13 0x00000020 mem 0x80010a6b
core   0: 0x80002a02 (0xfa71c383) lbu     t2, -89(gp)
core   0: 3 0x80002a02 (0xfa71c383) x 7 0x00000073 mem 0x80010eb8
core   0: 0x80002a06 (0x0000e117) auipc   sp, 0xe
core   0: 3 0x80002a06 (0x0000e117) x 2 0x80010a06
core   0: 0x80002a0a (0x04210113) addi    sp, sp, 66
core   0: 3 0x80002a0a (0x04210113) x 2 0x80010a48
core   0: 0x80002a0e (0x000084c9) c.srai  s1, 18
core   0: 3 0x80002a0e (0x84c9) x 9 0x00000000
core   0: 0x80002a10 (0xff114803) lbu     a6, -15(sp)
core   0: 3 0x80002a10 (0xff114803) x16 0x000000f2 mem 0x80010a39
core   0: 0x80002a14 (0x014100a3) sb      s4, 1(sp)
core   0: 3 0x80002a14 (0x014100a3) mem 0x80010a49 0x9a
core   0: 0x80002a18 (0x000083cd) c.srli  a5, 19
core   0: 3 0x80002a18 (0x83cd) x15 0x00000000
core   0: 0x80002a1a (0x00598d33) add     s10, s3, t0
core   0: 3 0x80002a1a (0x00598d33) x26 0x000000ad
core   0: 0x80002a1e (0x00008e19) c.sub   a2, a4
core   0: 3 0x80002a1e (0x8e19) x12 0x7ffe7618
core   0: 0x80002a20 (0x00ab1793) slli    a5, s6, 10
core   0: 3 0x80002a20 (0x00ab1793) x15 0x09799000
core   0: 0x80002a24 (0x00114703) lbu     a4, 1(sp)
core   0: 3 0x80002a24 (0x00114703) x14 0x0000009a mem 0x80010a49
core   0: 0x80002a28 (0x0000c256) c.swsp  s5, 4(sp)
core   0: 3 0x80002a28 (0xc256) mem 0x80010a4c 0x00000086
core   0: 0x80002a2a (0x00008fdd) c.or    a5, a5
core   0: 3 0x80002a2a (0x8fdd) x15 0x09799000
core   0: 0x80002a2c (0x00004392) c.lwsp  t2, 4(sp)
core   0: 3 0x80002a2c (0x4392) x 7 0x00000086 mem 0x80010a4c
core   0: 0x80002a2e (0x0000c84a) c.swsp  s2, 16(sp)
core   0: 3 0x80002a2e (0xc84a) mem 0x80010a58 0x000000dc
core   0: 0x80002a30 (0x00611683) lh      a3, 6(sp)
core   0: 3 0x80002a30 (0x00611683) x13 0x00000000 mem 0x80010a4e
core   0: 0x80002a34 (0x00610303) lb      t1, 6(sp)
core   0: 3 0x80002a34 (0x00610303) x 6 0x00000000 mem 0x80010a4e
core   0: 0x80002a38 (0xfa6e8f13) addi    t5, t4, -90
core   0: 3 0x80002a38 (0xfa6e8f13) x30 0xfffffff0
core   0: 0x80002a3c (0xff710783) lb      a5, -9(sp)
core   0: 3 0x80002a3c (0xff710783) x15 0xfffffff4 mem 0x80010a3f
core   0: 0x80002a40 (0xff714d03) lbu     s10, -9(sp)
core   0: 3 0x80002a40 (0xff714d03) x26 0x000000f4 mem 0x80010a3f
core   0: 0x80002a44 (0xfe210ba3) sb      sp, -9(sp)
core   0: 3 0x80002a44 (0xfe210ba3) mem 0x80010a3f 0x48
core   0: 0x80002a48 (0x00004a02) c.lwsp  s4, 0(sp)
core   0: 3 0x80002a48 (0x4a02) x20 0x80019a95 mem 0x80010a48
core   0: 0x80002a4a (0x0000c246) c.swsp  a7, 4(sp)
core   0: 3 0x80002a4a (0xc246) mem 0x80010a4c 0x000000da
core   0: 0x80002a4c (0x0000d117) auipc   sp, 0xd
core   0: 3 0x80002a4c (0x0000d117) x 2 0x8000fa4c
core   0: 0x80002a50 (0x78a10113) addi    sp, sp, 1930
core   0: 3 0x80002a50 (0x78a10113) x 2 0x800101d6
core   0: 0x80002a54 (0x000007f6) c.slli  a5, 29
core   0: 3 0x80002a54 (0x07f6) x15 0x80000000
core   0: 0x80002a56 (0x03811783) lh      a5, 56(sp)
core   0: 3 0x80002a56 (0x03811783) x15 0xffffc4c5 mem 0x8001020e
core   0: 0x80002a5a (0x021a7733) remu    a4, s4, ra
core   0: 3 0x80002a5a (0x021a7733) x14 0x0000338d
core   0: 0x80002a5e (0x02e7a7b3) mulhsu  a5, a5, a4
core   0: 3 0x80002a5e (0x02e7a7b3) x15 0xffffffff
core   0: 0x80002a62 (0x024a57b3) divu    a5, s4, tp
core   0: 3 0x80002a62 (0x024a57b3) x15 0x013525af
core   0: 0x80002a66 (0x00410783) lb      a5, 4(sp)
core   0: 3 0x80002a66 (0x00410783) x15 0xffffff91 mem 0x800101da
core   0: 0x80002a6a (0x0000077e) c.slli  a4, 31
core   0: 3 0x80002a6a (0x077e) x14 0x80000000
core   0: 0x80002a6c (0xfe411e23) sh      tp, -4(sp)
core   0: 3 0x80002a6c (0xfe411e23) mem 0x800101d2 0x006a
core   0: 0x80002a70 (0x0240ba33) mulhu   s4, ra, tp
core   0: 3 0x80002a70 (0x0240ba33) x20 0x00000000
core   0: 0x80002a74 (0x034102a3) sb      s4, 37(sp)
core   0: 3 0x80002a74 (0x034102a3) mem 0x800101fb 0x0
core   0: 0x80002a78 (0x000007de) c.slli  a5, 23
core   0: 3 0x80002a78 (0x07de) x15 0xc8800000
core   0: 0x80002a7a (0x0117d713) srli    a4, a5, 17
core   0: 3 0x80002a7a (0x0117d713) x14 0x00006440
core   0: 0x80002a7e (0x4047d733) sra     a4, a5, tp
core   0: 3 0x80002a7e (0x4047d733) x14 0xfff22000
core   0: 0x80002a82 (0x0252ca33) div     s4, t0, t0
core   0: 3 0x80002a82 (0x0252ca33) x20 0x00000001
core   0: 0x80002a86 (0x001a10b3) sll     ra, s4, ra
core   0: 3 0x80002a86 (0x001a10b3) x 1 0x00000020
core   0: 0x80002a8a (0x0000973a) c.add   a4, a4
core   0: 3 0x80002a8a (0x973a) x14 0xffe44000
core   0: 0x80002a8c (0x00000001) c.nop
core   0: 3 0x80002a8c (0x0001)
core   0: 0x80002a8e (0xfc110083) lb      ra, -63(sp)
core   0: 3 0x80002a8e (0xfc110083) x 1 0x0000004c mem 0x80010197
core   0: 0x80002a92 (0xfde11083) lh      ra, -34(sp)
core   0: 3 0x80002a92 (0xfde11083) x 1 0x00006e6f mem 0x800101b4
core   0: 0x80002a96 (0x00421233) sll     tp, tp, tp
core   0: 3 0x80002a96 (0x00421233) x 4 0x0001a800
core   0: 0x80002a9a (0xfe110aa3) sb      ra, -11(sp)
core   0: 3 0x80002a9a (0xfe110aa3) mem 0x800101cb 0x6f
core   0: 0x80002a9e (0x0140e0b3) or      ra, ra, s4
core   0: 3 0x80002a9e (0x0140e0b3) x 1 0x00006e6f
core   0: 0x80002aa2 (0x00f75733) srl     a4, a4, a5
core   0: 3 0x80002aa2 (0x00f75733) x14 0xffe44000
core   0: 0x80002aa6 (0xb29a4213) xori    tp, s4, -1239
core   0: 3 0x80002aa6 (0xb29a4213) x 4 0xfffffb28
core   0: 0x80002aaa (0xfce10f23) sb      a4, -34(sp)
core   0: 3 0x80002aaa (0xfce10f23) mem 0x800101b4 0x0
core   0: 0x80002aae (0xbf8a3793) sltiu   a5, s4, -1032
core   0: 3 0x80002aae (0xbf8a3793) x15 0x00000001
core   0: 0x80002ab2 (0xfc910703) lb      a4, -55(sp)
core   0: 3 0x80002ab2 (0xfc910703) x14 0x00000054 mem 0x8001019f
core   0: 0x80002ab6 (0x0120d293) srli    t0, ra, 18
core   0: 3 0x80002ab6 (0x0120d293) x 5 0x00000000
core   0: 0x80002aba (0x024097b3) mulh    a5, ra, tp
core   0: 3 0x80002aba (0x024097b3) x15 0xffffffff
core   0: 0x80002abe (0x00110ca3) sb      ra, 25(sp)
core   0: 3 0x80002abe (0x00110ca3) mem 0x800101ef 0x6f
core   0: 0x80002ac2 (0xfc815283) lhu     t0, -56(sp)
core   0: 3 0x80002ac2 (0xfc815283) x 5 0x00005455 mem 0x8001019e
core   0: 0x80002ac6 (0x00110203) lb      tp, 1(sp)
core   0: 3 0x80002ac6 (0x00110203) x 4 0xffffff8c mem 0x800101d7
core   0: 0x80002aca (0x03475733) divu    a4, a4, s4
core   0: 3 0x80002aca (0x03475733) x14 0x00000054
core   0: 0x80002ace (0x00411a23) sh      tp, 20(sp)
core   0: 3 0x80002ace (0x00411a23) mem 0x800101ea 0xff8c
core   0: 0x80002ad2 (0x01114783) lbu     a5, 17(sp)
core   0: 3 0x80002ad2 (0x01114783) x15 0x0000009c mem 0x800101e7
core   0: 0x80002ad6 (0x03114203) lbu     tp, 49(sp)
core   0: 3 0x80002ad6 (0x03114203) x 4 0x00000032 mem 0x80010207
core   0: 0x80002ada (0x000002e2) c.slli  t0, 24
core   0: 3 0x80002ada (0x02e2) x 5 0x55000000
core   0: 0x80002adc (0x0ff0000f) fence   iorw,iorw
core   0: 3 0x80002adc (0x0ff0000f)
core   0: 0x80002ae0 (0xff314a03) lbu     s4, -13(sp)
core   0: 3 0x80002ae0 (0xff314a03) x20 0x00000082 mem 0x800101c9
core   0: 0x80002ae4 (0x0ff0000f) fence   iorw,iorw
core   0: 3 0x80002ae4 (0x0ff0000f)
core   0: 0x80002ae8 (0x411a5a13) srai    s4, s4, 17
core   0: 3 0x80002ae8 (0x411a5a13) x20 0x00000000
core   0: 0x80002aec (0x0040d233) srl     tp, ra, tp
core   0: 3 0x80002aec (0x0040d233) x 4 0x00000000
core   0: 0x80002af0 (0x00008f9d) c.sub   a5, a5
core   0: 3 0x80002af0 (0x8f9d) x15 0x00000000
core   0: 0x80002af2 (0x00000001) c.nop
core   0: 3 0x80002af2 (0x0001)
core   0: 0x80002af4 (0xff410ca3) sb      s4, -7(sp)
core   0: 3 0x80002af4 (0xff410ca3) mem 0x800101cf 0x0
core   0: 0x80002af8 (0x0000ea97) auipc   s5, 0xe
core   0: 3 0x80002af8 (0x0000ea97) x21 0x80010af8
core   0: 0x80002afc (0x8a1a8a93) addi    s5, s5, -1887
core   0: 3 0x80002afc (0x8a1a8a93) x21 0x80010399
core   0: 0x80002b00 (0x387a9f83) lh      t6, 903(s5)
core   0: 3 0x80002b00 (0x387a9f83) x31 0xffffdadb mem 0x80010720
core   0: 0x80002b04 (0x00013d17) auipc   s10, 0x13
core   0: 3 0x80002b04 (0x00013d17) x26 0x80015b04
core   0: 0x80002b08 (0x0c7d0d13) addi    s10, s10, 199
core   0: 3 0x80002b08 (0x0c7d0d13) x26 0x80015bcb
core   0: 0x80002b0c (0x538a8583) lb      a1, 1336(s5)
core   0: 3 0x80002b0c (0x538a8583) x11 0xffffff8a mem 0x800108d1
core   0: 0x80002b10 (0x88ad4683) lbu     a3, -1910(s10)
core   0: 3 0x80002b10 (0x88ad4683) x13 0x0000000e mem 0x80015455
core   0: 0x80002b14 (0x1a2d0803) lb      a6, 418(s10)
core   0: 3 0x80002b14 (0x1a2d0803) x16 0x00000026 mem 0x80015d6d
core   0: 0x80002b18 (0xb3dd0203) lb      tp, -1219(s10)
core   0: 3 0x80002b18 (0xb3dd0203) x 4 0xffffffc3 mem 0x80015708
core   0: 0x80002b1c (0x4e0d0103) lb      sp, 1248(s10)
core   0: 3 0x80002b1c (0x4e0d0103) x 2 0x00000060 mem 0x800160ab
core   0: 0x80002b20 (0x52ed4503) lbu     a0, 1326(s10)
core   0: 3 0x80002b20 (0x52ed4503) x10 0x000000b2 mem 0x800160f9
core   0: 0x80002b24 (0x1f5d0903) lb      s2, 501(s10)
core   0: 3 0x80002b24 (0x1f5d0903) x18 0x0000007b mem 0x80015dc0
core   0: 0x80002b28 (0xfd5a8c23) sb      s5, -40(s5)
core   0: 3 0x80002b28 (0xfd5a8c23) mem 0x80010371 0x99
core   0: 0x80002b2c (0xd60d0e03) lb      t3, -672(s10)
core   0: 3 0x80002b2c (0xd60d0e03) x28 0xffffffe0 mem 0x8001592b
core   0: 0x80002b30 (0xc9fd07a3) sb      t6, -881(s10)
core   0: 3 0x80002b30 (0xc9fd07a3) mem 0x8001585a 0xdb
core   0: 0x80002b34 (0x6b5d1da3) sh      s5, 1723(s10)
core   0: 3 0x80002b34 (0x6b5d1da3) mem 0x80016286 0x0399
core   0: 0x80002b38 (0x619a8203) lb      tp, 1561(s5)
core   0: 3 0x80002b38 (0x619a8203) x 4 0x00000069 mem 0x800109b2
core   0: 0x80002b3c (0xe35ac583) lbu     a1, -459(s5)
core   0: 3 0x80002b3c (0xe35ac583) x11 0x00000085 mem 0x800101ce
core   0: 0x80002b40 (0x947d09a3) sb      t2, -1709(s10)
core   0: 3 0x80002b40 (0x947d09a3) mem 0x8001551e 0x86
core   0: 0x80002b44 (0x0001e297) auipc   t0, 0x1e
core   0: 3 0x80002b44 (0x0001e297) x 5 0x80020b44
core   0: 0x80002b48 (0xc6c28293) addi    t0, t0, -916
core   0: 3 0x80002b48 (0xc6c28293) x 5 0x800207b0
core   0: 0x80002b4c (0x00010197) auipc   gp, 0x10
core   0: 3 0x80002b4c (0x00010197) x 3 0x80012b4c
core   0: 0x80002b50 (0x84f18193) addi    gp, gp, -1969
core   0: 3 0x80002b50 (0x84f18193) x 3 0x8001239b
core   0: 0x80002b54 (0x00015317) auipc   t1, 0x15
core   0: 3 0x80002b54 (0x00015317) x 6 0x80017b54
core   0: 0x80002b58 (0x2a630313) addi    t1, t1, 678
core   0: 3 0x80002b58 (0x2a630313) x 6 0x80017dfa
core   0: 0x80002b5c (0x00428f83) lb      t6, 4(t0)
core   0: 3 0x80002b5c (0x00428f83) x31 0x0000006f mem 0x800207b4
core   0: 0x80002b60 (0x87631a83) lh      s5, -1930(t1)
core   0: 3 0x80002b60 (0x87631a83) x21 0x00002a2b mem 0x80017670
core   0: 0x80002b64 (0xd5818523) sb      s8, -694(gp)
core   0: 3 0x80002b64 (0xd5818523) mem 0x800120e5 0xb3
core   0: 0x80002b68 (0xc3730ca3) sb      s7, -967(t1)
core   0: 3 0x80002b68 (0xc3730ca3) mem 0x80017a33 0xc1
core   0: 0x80002b6c (0x4a4309a3) sb      tp, 1203(t1)
core   0: 3 0x80002b6c (0x4a4309a3) mem 0x800182ad 0x69
core   0: 0x80002b70 (0x01e29423) sh      t5, 8(t0)
core   0: 3 0x80002b70 (0x01e29423) mem 0x800207b8 0xfff0
core   0: 0x80002b74 (0x00012417) auipc   s0, 0x12
core   0: 3 0x80002b74 (0x00012417) x 8 0x80014b74
core   0: 0x80002b78 (0x6a540413) addi    s0, s0, 1701
core   0: 3 0x80002b78 (0x6a540413) x 8 0x80015219
core   0: 0x80002b7c (0x27034583) lbu     a1, 624(t1)
core   0: 3 0x80002b7c (0x27034583) x11 0x00000021 mem 0x8001806a
core   0: 0x80002b80 (0x1db19903) lh      s2, 475(gp)
core   0: 3 0x80002b80 (0x1db19903) x18 0x00002c2d mem 0x80012576
core   0: 0x80002b84 (0xe4d18a23) sb      a3, -428(gp)
core   0: 3 0x80002b84 (0xe4d18a23) mem 0x800121ef 0xe
core   0: 0x80002b88 (0x00e2c603) lbu     a2, 14(t0)
core   0: 3 0x80002b88 (0x00e2c603) x12 0x00000075 mem 0x800207be
core   0: 0x80002b8c (0x00f42f03) lw      t5, 15(s0)
core   0: 3 0x80002b8c (0x00f42f03) x30 0xe0e1e2e3 mem 0x80015228
core   0: 0x80002b90 (0x2e11d203) lhu     tp, 737(gp)
core   0: 3 0x80002b90 (0x2e11d203) x 4 0x00003637 mem 0x8001267c
core   0: 0x80002b94 (0x4ba35503) lhu     a0, 1210(t1)
core   0: 3 0x80002b94 (0x4ba35503) x10 0x00006e6f mem 0x800182b4
core   0: 0x80002b98 (0xd8c34683) lbu     a3, -628(t1)
core   0: 3 0x80002b98 (0xd8c34683) x13 0x0000003d mem 0x80017b86
core   0: 0x80002b9c (0xae918523) sb      s1, -1302(gp)
core   0: 3 0x80002b9c (0xae918523) mem 0x80011e85 0x0
core   0: 0x80002ba0 (0x00128783) lb      a5, 1(t0)
core   0: 3 0x80002ba0 (0x00128783) x15 0x0000006a mem 0x800207b1
core   0: 0x80002ba4 (0xf9a40723) sb      s10, -114(s0)
core   0: 3 0x80002ba4 (0xf9a40723) mem 0x800151a7 0xcb
core   0: 0x80002ba8 (0x00440703) lb      a4, 4(s0)
core   0: 3 0x80002ba8 (0x00440703) x14 0xffffffd6 mem 0x8001521d
core   0: 0x80002bac (0xfd944083) lbu     ra, -39(s0)
core   0: 3 0x80002bac (0xfd944083) x 1 0x000000a9 mem 0x800151f2
core   0: 0x80002bb0 (0x5a818103) lb      sp, 1448(gp)
core   0: 3 0x80002bb0 (0x5a818103) x 2 0xfffffff8 mem 0x80012943
core   0: 0x80002bb4 (0x00e2c503) lbu     a0, 14(t0)
core   0: 3 0x80002bb4 (0x00e2c503) x10 0x00000075 mem 0x800207be
core   0: 0x80002bb8 (0x00c2d903) lhu     s2, 12(t0)
core   0: 3 0x80002bb8 (0x00c2d903) x18 0x00007677 mem 0x800207bc
core   0: 0x80002bbc (0xfa61c503) lbu     a0, -90(gp)
core   0: 3 0x80002bbc (0xfa61c503) x10 0x000000fa mem 0x80012341
core   0: 0x80002bc0 (0xff040023) sb      a6, -32(s0)
core   0: 3 0x80002bc0 (0xff040023) mem 0x800151f9 0x26
core   0: 0x80002bc4 (0x0000e497) auipc   s1, 0xe
core   0: 3 0x80002bc4 (0x0000e497) x 9 0x80010bc4
core   0: 0x80002bc8 (0x0dc48493) addi    s1, s1, 220
core   0: 3 0x80002bc8 (0x0dc48493) x 9 0x80010ca0
core   0: 0x80002bcc (0xf7e48da3) sb      t5, -133(s1)
core   0: 3 0x80002bcc (0xf7e48da3) mem 0x80010c1b 0xe3
core   0: 0x80002bd0 (0x0f54ca03) lbu     s4, 245(s1)
core   0: 3 0x80002bd0 (0x0f54ca03) x20 0x0000004e mem 0x80010d95
core   0: 0x80002bd4 (0x00011797) auipc   a5, 0x11
core   0: 3 0x80002bd4 (0x00011797) x15 0x80013bd4
core   0: 0x80002bd8 (0x08578793) addi    a5, a5, 133
core   0: 3 0x80002bd8 (0x08578793) x15 0x80013c59
core   0: 0x80002bdc (0xfd94c303) lbu     t1, -39(s1)
core   0: 3 0x80002bdc (0xfd94c303) x 6 0x00000032 mem 0x80010c79
core   0: 0x80002be0 (0x00f79f03) lh      t5, 15(a5)
core   0: 3 0x80002be0 (0x00f79f03) x30 0x00002223 mem 0x80013c68
core   0: 0x80002be4 (0xf4b484a3) sb      a1, -183(s1)
core   0: 3 0x80002be4 (0xf4b484a3) mem 0x80010be9 0x21
core   0: 0x80002be8 (0x06648c83) lb      s9, 102(s1)
core   0: 3 0x80002be8 (0x06648c83) x25 0xffffffbd mem 0x80010d06
core   0: 0x80002bec (0xffa4c403) lbu     s0, -6(s1)
core   0: 3 0x80002bec (0xffa4c403) x 8 0x00000051 mem 0x80010c9a
core   0: 0x80002bf0 (0xff878a03) lb      s4, -8(a5)
core   0: 3 0x80002bf0 (0xff878a03) x20 0x0000000a mem 0x80013c51
core   0: 0x80002bf4 (0x0c649423) sh      t1, 200(s1)
core   0: 3 0x80002bf4 (0x0c649423) mem 0x80010d68 0x0032
core   0: 0x80002bf8 (0x0ac48183) lb      gp, 172(s1)
core   0: 3 0x80002bf8 (0x0ac48183) x 3 0x00000007 mem 0x80010d4c
core   0: 0x80002bfc (0xffa78f83) lb      t6, -6(a5)
core   0: 3 0x80002bfc (0xffa78f83) x31 0x00000008 mem 0x80013c53
core   0: 0x80002c00 (0xffe78283) lb      t0, -2(a5)
core   0: 3 0x80002c00 (0xffe78283) x 5 0xffffffff mem 0x80013c57
core   0: 0x80002c04 (0xfd4480a3) sb      s4, -63(s1)
core   0: 3 0x80002c04 (0xfd4480a3) mem 0x80010c61 0xa
core   0: 0x80002c08 (0x00578023) sb      t0, 0(a5)
core   0: 3 0x80002c08 (0x00578023) mem 0x80013c59 0xff
core   0: 0x80002c0c (0x0001a117) auipc   sp, 0x1a
core   0: 3 0x80002c0c (0x0001a117) x 2 0x8001cc0c
core   0: 0x80002c10 (0xa4110113) addi    sp, sp, -1471
core   0: 3 0x80002c10 (0xa4110113) x 2 0x8001c64d
core   0: 0x80002c14 (0xfd610283) lb      t0, -42(sp)
core   0: 3 0x80002c14 (0xfd610283) x 5 0xffffffd8 mem 0x8001c623
core   0: 0x80002c18 (0xfd610503) lb      a0, -42(sp)
core   0: 3 0x80002c18 (0xfd610503) x10 0xffffffd8 mem 0x8001c623
core   0: 0x80002c1c (0xff110f23) sb      a7, -2(sp)
core   0: 3 0x80002c1c (0xff110f23) mem 0x8001c64b 0xda
core   0: 0x80002c20 (0xffe14783) lbu     a5, -2(sp)
core   0: 3 0x80002c20 (0xffe14783) x15 0x000000da mem 0x8001c64b
core   0: 0x80002c24 (0xfff10f23) sb      t6, -2(sp)
core   0: 3 0x80002c24 (0xfff10f23) mem 0x8001c64b 0x8
core   0: 0x80002c28 (0xfe510f23) sb      t0, -2(sp)
core   0: 3 0x80002c28 (0xfe510f23) mem 0x8001c64b 0xd8
core   0: 0x80002c2c (0xfe010f23) sb      zero, -2(sp)
core   0: 3 0x80002c2c (0xfe010f23) mem 0x8001c64b 0x0
core   0: 0x80002c30 (0xfc310083) lb      ra, -61(sp)
core   0: 3 0x80002c30 (0xfc310083) x 1 0xffffffcb mem 0x8001c610
core   0: 0x80002c34 (0x03c9f0b3) remu    ra, s3, t3
core   0: 3 0x80002c34 (0x03c9f0b3) x 1 0x00000008
core   0: 0x80002c38 (0x030125a3) sw      a6, 43(sp)
core   0: 3 0x80002c38 (0x030125a3) mem 0x8001c678 0x00000026
core   0: 0x80002c3c (0x0153f1b3) and     gp, t2, s5
core   0: 3 0x80002c3c (0x0153f1b3) x 3 0x00000002
core   0: 0x80002c40 (0x02b14403) lbu     s0, 43(sp)
core   0: 3 0x80002c40 (0x02b14403) x 8 0x00000026 mem 0x8001c678
core   0: 0x80002c44 (0x02b12c03) lw      s8, 43(sp)
core   0: 3 0x80002c44 (0x02b12c03) x24 0x00000026 mem 0x8001c678
core   0: 0x80002c48 (0x0280be33) mulhu   t3, ra, s0
core   0: 3 0x80002c48 (0x0280be33) x28 0x00000000
core   0: 0x80002c4c (0x02f15e03) lhu     t3, 47(sp)
core   0: 3 0x80002c4c (0x02f15e03) x28 0x00003637 mem 0x8001c67c
core   0: 0x80002c50 (0x00018517) auipc   a0, 0x18
core   0: 3 0x80002c50 (0x00018517) x10 0x8001ac50
core   0: 0x80002c54 (0x04d50513) addi    a0, a0, 77
core   0: 3 0x80002c54 (0x04d50513) x10 0x8001ac9d
core   0: 0x80002c58 (0x02250f03) lb      t5, 34(a0)
core   0: 3 0x80002c58 (0x02250f03) x30 0x00000074 mem 0x8001acbf
core   0: 0x80002c5c (0xef254e03) lbu     t3, -270(a0)
core   0: 3 0x80002c5c (0xef254e03) x28 0x00000044 mem 0x8001ab8f
core   0: 0x80002c60 (0x1fd55e83) lhu     t4, 509(a0)
core   0: 3 0x80002c60 (0x1fd55e83) x29 0x00005051 mem 0x8001ae9a
core   0: 0x80002c64 (0x0000100f) fence.i
core   0: 3 0x80002c64 (0x0000100f)
core   0: 0x80002c68 (0x01c086b3) add     a3, ra, t3
core   0: 3 0x80002c68 (0x01c086b3) x13 0x0000004c
core   0: 0x80002c6c (0xb4850123) sb      s0, -1214(a0)
core   0: 3 0x80002c6c (0xb4850123) mem 0x8001a7df 0x26
core   0: 0x80002c70 (0x0f550103) lb      sp, 245(a0)
core   0: 3 0x80002c70 (0x0f550103) x 2 0x00000049 mem 0x8001ad92
core   0: 0x80002c74 (0xae7514a3) sh      t2, -1303(a0)
core   0: 3 0x80002c74 (0xae7514a3) mem 0x8001a786 0x0086
core   0: 0x80002c78 (0x0000100f) fence.i
core   0: 3 0x80002c78 (0x0000100f)
core   0: 0x80002c7c (0xae950c03) lb      s8, -1303(a0)
core   0: 3 0x80002c7c (0xae950c03) x24 0xffffff86 mem 0x8001a786
core   0: 0x80002c80 (0xae951403) lh      s0, -1303(a0)
core   0: 3 0x80002c80 (0xae951403) x 8 0x00000086 mem 0x8001a786
core   0: 0x80002c84 (0xb9150ca3) sb      a7, -1127(a0)
core   0: 3 0x80002c84 (0xb9150ca3) mem 0x8001a836 0xda
core   0: 0x80002c88 (0x00511133) sll     sp, sp, t0
core   0: 3 0x80002c88 (0x00511133) x 2 0x49000000
core   0: 0x80002c8c (0xb8351ca3) sh      gp, -1127(a0)
core   0: 3 0x80002c8c (0xb8351ca3) mem 0x8001a836 0x0002
core   0: 0x80002c90 (0xb9950103) lb      sp, -1127(a0)
core   0: 3 0x80002c90 (0xb9950103) x 2 0x00000002 mem 0x8001a836
core   0: 0x80002c94 (0x05650323) sb      s6, 70(a0)
core   0: 3 0x80002c94 (0x05650323) mem 0x8001ace3 0x64
core   0: 0x80002c98 (0x04650683) lb      a3, 70(a0)
core   0: 3 0x80002c98 (0x04650683) x13 0x00000064 mem 0x8001ace3
core   0: 0x80002c9c (0x04650683) lb      a3, 70(a0)
core   0: 3 0x80002c9c (0x04650683) x13 0x00000064 mem 0x8001ace3
core   0: 0x80002ca0 (0xdd654713) xori    a4, a0, -554
core   0: 3 0x80002ca0 (0xdd654713) x14 0x7ffe514b
core   0: 0x80002ca4 (0x35950823) sb      s9, 848(a0)
core   0: 3 0x80002ca4 (0x35950823) mem 0x8001afed 0xbd
core   0: 0x80002ca8 (0xa6c50023) sb      a2, -1440(a0)
core   0: 3 0x80002ca8 (0xa6c50023) mem 0x8001a6fd 0x75
core   0: 0x80002cac (0x82b50823) sb      a1, -2000(a0)
core   0: 3 0x80002cac (0x82b50823) mem 0x8001a4cd 0x21
core   0: 0x80002cb0 (0x00013217) auipc   tp, 0x13
core   0: 3 0x80002cb0 (0x00013217) x 4 0x80015cb0
core   0: 0x80002cb4 (0xdb620213) addi    tp, tp, -586
core   0: 3 0x80002cb4 (0xdb620213) x 4 0x80015a66
core   0: 0x80002cb8 (0xfd020aa3) sb      a6, -43(tp)
core   0: 3 0x80002cb8 (0xfd020aa3) mem 0x80015a3b 0x26
core   0: 0x80002cbc (0x0000e917) auipc   s2, 0xe
core   0: 3 0x80002cbc (0x0000e917) x18 0x80010cbc
core   0: 0x80002cc0 (0x92990913) addi    s2, s2, -1751
core   0: 3 0x80002cc0 (0x92990913) x18 0x800105e5
core   0: 0x80002cc4 (0xff620da3) sb      s6, -5(tp)
core   0: 3 0x80002cc4 (0xff620da3) mem 0x80015a61 0x64
core   0: 0x80002cc8 (0xff324b83) lbu     s7, -13(tp)
core   0: 3 0x80002cc8 (0xff324b83) x23 0x00000012 mem 0x80015a59
core   0: 0x80002ccc (0xf3e90c03) lb      s8, -194(s2)
core   0: 3 0x80002ccc (0xf3e90c03) x24 0x0000006b mem 0x80010523
core   0: 0x80002cd0 (0x37c90703) lb      a4, 892(s2)
core   0: 3 0x80002cd0 (0x37c90703) x14 0x0000001a mem 0x80010961
core   0: 0x80002cd4 (0xf0795c03) lhu     s8, -249(s2)
core   0: 3 0x80002cd4 (0xf0795c03) x24 0x0000a6a7 mem 0x800104ec
core   0: 0x80002cd8 (0x00421603) lh      a2, 4(tp)
core   0: 3 0x80002cd8 (0x00421603) x12 0x00002021 mem 0x80015a6a
core   0: 0x80002cdc (0xed090a03) lb      s4, -304(s2)
core   0: 3 0x80002cdc (0xed090a03) x20 0x0000006e mem 0x800104b5
core   0: 0x80002ce0 (0xfcd20003) lb      zero, -51(tp)
core   0: 3 0x80002ce0 (0xfcd20003) mem 0x80015a33
core   0: 0x80002ce4 (0x5a690303) lb      t1, 1446(s2)
core   0: 3 0x80002ce4 (0x5a690303) x 6 0x00000040 mem 0x80010b8b
core   0: 0x80002ce8 (0xcdb90aa3) sb      s11, -811(s2)
core   0: 3 0x80002ce8 (0xcdb90aa3) mem 0x800102ba 0xe4
core   0: 0x80002cec (0x00221323) sh      sp, 6(tp)
core   0: 3 0x80002cec (0x00221323) mem 0x80015a6c 0x0002
core   0: 0x80002cf0 (0x26994403) lbu     s0, 617(s2)
core   0: 3 0x80002cf0 (0x26994403) x 8 0x00000005 mem 0x8001084e
core   0: 0x80002cf4 (0xfef20323) sb      a5, -26(tp)
core   0: 3 0x80002cf4 (0xfef20323) mem 0x80015a4c 0xda
core   0: 0x80002cf8 (0x4db91183) lh      gp, 1243(s2)
core   0: 3 0x80002cf8 (0x4db91183) x 3 0x00007a7b mem 0x80010ac0
core   0: 0x80002cfc (0xfe025d03) lhu     s10, -32(tp)
core   0: 3 0x80002cfc (0xfe025d03) x26 0x0000fcfd mem 0x80015a46
core   0: 0x80002d00 (0x014003ef) jal     t2, pc + 0x14
core   0: 3 0x80002d00 (0x014003ef) x 7 0x80002d04
core   0: 0x80002d14 (0x02800f6f) jal     t5, pc + 0x28
core   0: 3 0x80002d14 (0x02800f6f) x30 0x80002d18
core   0: 0x80002d3c (0xfc9ff0ef) jal     pc - 0x38
core   0: 3 0x80002d3c (0xfc9ff0ef) x 1 0x80002d40
core   0: 0x80002d04 (0x0000a811) c.j     pc + 20
core   0: 3 0x80002d04 (0xa811)
core   0: 0x80002d18 (0x0000200d) c.jal   pc + 34
core   0: 3 0x80002d18 (0x200d) x 1 0x80002d1a
core   0: 0x80002d3a (0x0000b7fd) c.j     pc - 18
core   0: 3 0x80002d3a (0xb7fd)
core   0: 0x80002d28 (0xfffff0ef) jal     pc - 0x2
core   0: 3 0x80002d28 (0xfffff0ef) x 1 0x80002d2c
core   0: 0x80002d26 (0x000037e5) c.jal   pc - 24
core   0: 3 0x80002d26 (0x37e5) x 1 0x80002d28
core   0: 0x80002d0e (0x00002005) c.jal   pc + 32
core   0: 3 0x80002d0e (0x2005) x 1 0x80002d10
core   0: 0x80002d2e (0xff1ff66f) jal     a2, pc - 0x10
core   0: 3 0x80002d2e (0xff1ff66f) x12 0x80002d32
core   0: 0x80002d1e (0xff3ff0ef) jal     pc - 0xe
core   0: 3 0x80002d1e (0xff3ff0ef) x 1 0x80002d22
core   0: 0x80002d10 (0x0000a831) c.j     pc + 28
core   0: 3 0x80002d10 (0xa831)
core   0: 0x80002d2c (0x0000b7fd) c.j     pc - 18
core   0: 3 0x80002d2c (0xb7fd)
core   0: 0x80002d1a (0x008000ef) jal     pc + 0x8
core   0: 3 0x80002d1a (0x008000ef) x 1 0x80002d1e
core   0: 0x80002d22 (0x010001ef) jal     gp, pc + 0x10
core   0: 3 0x80002d22 (0x010001ef) x 3 0x80002d26
core   0: 0x80002d32 (0xfd5ff0ef) jal     pc - 0x2c
core   0: 3 0x80002d32 (0xfd5ff0ef) x 1 0x80002d36
core   0: 0x80002d06 (0x0000a805) c.j     pc + 48
core   0: 3 0x80002d06 (0xa805)
core   0: 0x80002d36 (0x00003fd9) c.jal   pc - 42
core   0: 3 0x80002d36 (0x3fd9) x 1 0x80002d38
core   0: 0x80002d0c (0x00002035) c.jal   pc + 44
core   0: 3 0x80002d0c (0x2035) x 1 0x80002d0e
core   0: 0x80002d38 (0x00003fe9) c.jal   pc - 38
core   0: 3 0x80002d38 (0x3fe9) x 1 0x80002d3a
core   0: 0x80002d12 (0x00003fdd) c.jal   pc - 10
core   0: 3 0x80002d12 (0x3fdd) x 1 0x80002d14
core   0: 0x80002d08 (0x038001ef) jal     gp, pc + 0x38
core   0: 3 0x80002d08 (0x038001ef) x 3 0x80002d0c
core   0: 0x80002d40 (0x02edf433) remu    s0, s11, a4
core   0: 3 0x80002d40 (0x02edf433) x 8 0x00000018
core   0: 0x80002d44 (0x00c003ef) jal     t2, pc + 0xc
core   0: 3 0x80002d44 (0x00c003ef) x 7 0x80002d48
core   0: 0x80002d50 (0x00e000ef) jal     pc + 0xe
core   0: 3 0x80002d50 (0x00e000ef) x 1 0x80002d54
core   0: 0x80002d5e (0x0000202d) c.jal   pc + 42
core   0: 3 0x80002d5e (0x202d) x 1 0x80002d60
core   0: 0x80002d88 (0x0000a011) c.j     pc + 4
core   0: 3 0x80002d88 (0xa011)
core   0: 0x80002d8c (0xfc9ff0ef) jal     pc - 0x38
core   0: 3 0x80002d8c (0xfc9ff0ef) x 1 0x80002d90
core   0: 0x80002d54 (0x0000203d) c.jal   pc + 46
core   0: 3 0x80002d54 (0x203d) x 1 0x80002d56
core   0: 0x80002d82 (0x0000bffd) c.j     pc - 2
core   0: 3 0x80002d82 (0xbffd)
core   0: 0x80002d80 (0x0000b7dd) c.j     pc - 26
core   0: 3 0x80002d80 (0xb7dd)
core   0: 0x80002d66 (0x00003ffd) c.jal   pc - 2
core   0: 3 0x80002d66 (0x3ffd) x 1 0x80002d68
core   0: 0x80002d64 (0x00003ff5) c.jal   pc - 4
core   0: 3 0x80002d64 (0x3ff5) x 1 0x80002d66
core   0: 0x80002d60 (0x00002031) c.jal   pc + 12
core   0: 3 0x80002d60 (0x2031) x 1 0x80002d62
core   0: 0x80002d6c (0x0000b7c5) c.j     pc - 32
core   0: 3 0x80002d6c (0xb7c5)
core   0: 0x80002d4c (0x0000bff5) c.j     pc - 4
core   0: 3 0x80002d4c (0xbff5)
core   0: 0x80002d48 (0x020000ef) jal     pc + 0x20
core   0: 3 0x80002d48 (0x020000ef) x 1 0x80002d4c
core   0: 0x80002d68 (0x016000ef) jal     pc + 0x16
core   0: 3 0x80002d68 (0x016000ef) x 1 0x80002d6c
core   0: 0x80002d7e (0x00002021) c.jal   pc + 8
core   0: 3 0x80002d7e (0x2021) x 1 0x80002d80
core   0: 0x80002d86 (0x000037fd) c.jal   pc - 18
core   0: 3 0x80002d86 (0x37fd) x 1 0x80002d88
core   0: 0x80002d74 (0x0040036f) jal     t1, pc + 0x4
core   0: 3 0x80002d74 (0x0040036f) x 6 0x80002d78
core   0: 0x80002d78 (0xfebff0ef) jal     pc - 0x16
core   0: 3 0x80002d78 (0xfebff0ef) x 1 0x80002d7c
core   0: 0x80002d62 (0x0000200d) c.jal   pc + 34
core   0: 3 0x80002d62 (0x200d) x 1 0x80002d64
core   0: 0x80002d84 (0x00003fe5) c.jal   pc - 8
core   0: 3 0x80002d84 (0x3fe5) x 1 0x80002d86
core   0: 0x80002d7c (0x0000a039) c.j     pc + 14
core   0: 3 0x80002d7c (0xa039)
core   0: 0x80002d8a (0x000037d5) c.jal   pc - 28
core   0: 3 0x80002d8a (0x37d5) x 1 0x80002d8c
core   0: 0x80002d6e (0x0000a009) c.j     pc + 2
core   0: 3 0x80002d6e (0xa009)
core   0: 0x80002d70 (0xfe9ff0ef) jal     pc - 0x18
core   0: 3 0x80002d70 (0xfe9ff0ef) x 1 0x80002d74
core   0: 0x80002d58 (0x0000a825) c.j     pc + 56
core   0: 3 0x80002d58 (0xa825)
core   0: 0x80002d90 (0xfbfff0ef) jal     pc - 0x42
core   0: 3 0x80002d90 (0xfbfff0ef) x 1 0x80002d94
core   0: 0x80002d4e (0x0000a021) c.j     pc + 8
core   0: 3 0x80002d4e (0xa021)
core   0: 0x80002d56 (0x0000a011) c.j     pc + 4
core   0: 3 0x80002d56 (0xa011)
core   0: 0x80002d5a (0x03a00c6f) jal     s8, pc + 0x3a
core   0: 3 0x80002d5a (0x03a00c6f) x24 0x80002d5e
core   0: 0x80002d94 (0x00008f39) c.xor   a4, a4
core   0: 3 0x80002d94 (0x8f39) x14 0x00000000
core   0: 0x80002d96 (0x00019d17) auipc   s10, 0x19
core   0: 3 0x80002d96 (0x00019d17) x26 0x8001bd96
core   0: 0x80002d9a (0xe84d0d13) addi    s10, s10, -380
core   0: 3 0x80002d9a (0xe84d0d13) x26 0x8001bc1a
core   0: 0x80002d9e (0x0000844d) c.srai  s0, 19
core   0: 3 0x80002d9e (0x844d) x 8 0x00000000
core   0: 0x80002da0 (0x000000ae) c.slli  ra, 11
core   0: 3 0x80002da0 (0x00ae) x 1 0x016ca000
core   0: 0x80002da2 (0x028d09a3) sb      s0, 51(s10)
core   0: 3 0x80002da2 (0x028d09a3) mem 0x8001bc4d 0x0
core   0: 0x80002da6 (0xfd1d0403) lb      s0, -47(s10)
core   0: 3 0x80002da6 (0xfd1d0403) x 8 0xffffffa0 mem 0x8001bbeb
core   0: 0x80002daa (0xfc8d4883) lbu     a7, -56(s10)
core   0: 3 0x80002daa (0xfc8d4883) x17 0x00000099 mem 0x8001bbe2
core   0: 0x80002dae (0x00008d29) c.xor   a0, a0
core   0: 3 0x80002dae (0x8d29) x10 0x00000000
core   0: 0x80002db0 (0x012d0403) lb      s0, 18(s10)
core   0: 3 0x80002db0 (0x012d0403) x 8 0xffffffe7 mem 0x8001bc2c
core   0: 0x80002db4 (0x6de53193) sltiu   gp, a0, 1758
core   0: 3 0x80002db4 (0x6de53193) x 3 0x00000001
core   0: 0x80002db8 (0x031d0f23) sb      a7, 62(s10)
core   0: 3 0x80002db8 (0x031d0f23) mem 0x8001bc58 0x99
core   0: 0x80002dbc (0xfc8d0ba3) sb      s0, -41(s10)
core   0: 3 0x80002dbc (0xfc8d0ba3) mem 0x8001bbf1 0xe7
core   0: 0x80002dc0 (0x01bd0183) lb      gp, 27(s10)
core   0: 3 0x80002dc0 (0x01bd0183) x 3 0xffffffee mem 0x8001bc35
core   0: 0x80002dc4 (0xfd5d4403) lbu     s0, -43(s10)
core   0: 3 0x80002dc4 (0xfd5d4403) x 8 0x000000a4 mem 0x8001bbef
core   0: 0x80002dc8 (0x020d5883) lhu     a7, 32(s10)
core   0: 3 0x80002dc8 (0x020d5883) x17 0x0000f0f1 mem 0x8001bc3a
core   0: 0x80002dcc (0x043d0023) sb      gp, 64(s10)
core   0: 3 0x80002dcc (0x043d0023) mem 0x8001bc5a 0xee
core   0: 0x80002dd0 (0x01fd4883) lbu     a7, 31(s10)
core   0: 3 0x80002dd0 (0x01fd4883) x17 0x000000f2 mem 0x8001bc39
core   0: 0x80002dd4 (0x023d0823) sb      gp, 48(s10)
core   0: 3 0x80002dd4 (0x023d0823) mem 0x8001bc4a 0xee
core   0: 0x80002dd8 (0x017d0183) lb      gp, 23(s10)
core   0: 3 0x80002dd8 (0x017d0183) x 3 0xffffffea mem 0x8001bc31
core   0: 0x80002ddc (0x0080c033) xor     zero, ra, s0
core   0: 3 0x80002ddc (0x0080c033)
core   0: 0x80002de0 (0x0018d013) srli    zero, a7, 1
core   0: 3 0x80002de0 (0x0018d013)
core   0: 0x80002de4 (0x0080c533) xor     a0, ra, s0
core   0: 3 0x80002de4 (0x0080c533) x10 0x016ca0a4
core   0: 0x80002de8 (0x0000547d) c.li    s0, -1
core   0: 3 0x80002de8 (0x547d) x 8 0xffffffff
core   0: 0x80002dea (0x00008c21) c.xor   s0, s0
core   0: 3 0x80002dea (0x8c21) x 8 0x00000000
core   0: 0x80002dec (0x003d00a3) sb      gp, 1(s10)
core   0: 3 0x80002dec (0x003d00a3) mem 0x8001bc1b 0xea
core   0: 0x80002df0 (0x017d4403) lbu     s0, 23(s10)
core   0: 3 0x80002df0 (0x017d4403) x 8 0x000000ea mem 0x8001bc31
core   0: 0x80002df4 (0xfcfd4503) lbu     a0, -49(s10)
core   0: 3 0x80002df4 (0xfcfd4503) x10 0x000000a2 mem 0x8001bbe9
core   0: 0x80002df8 (0x000d06a3) sb      zero, 13(s10)
core   0: 3 0x80002df8 (0x000d06a3) mem 0x8001bc27 0x0
core   0: 0x80002dfc (0x028400b3) mul     ra, s0, s0
core   0: 3 0x80002dfc (0x028400b3) x 1 0x0000d5e4
core   0: 0x80002e00 (0x008531b3) sltu    gp, a0, s0
core   0: 3 0x80002e00 (0x008531b3) x 3 0x00000001
core   0: 0x80002e04 (0x019d0083) lb      ra, 25(s10)
core   0: 3 0x80002e04 (0x019d0083) x 1 0xffffffe8 mem 0x8001bc33
core   0: 0x80002e08 (0xfdfd4183) lbu     gp, -33(s10)
core   0: 3 0x80002e08 (0xfdfd4183) x 3 0x000000b2 mem 0x8001bbf9
core   0: 0x80002e0c (0x0010d8b3) srl     a7, ra, ra
core   0: 3 0x80002e0c (0x0010d8b3) x17 0x00ffffff
core   0: 0x80002e10 (0x077ea0b7) lui     ra, 0x77ea
core   0: 3 0x80002e10 (0x077ea0b7) x 1 0x077ea000
core   0: 0x80002e14 (0x00008d61) c.and   a0, s0
core   0: 3 0x80002e14 (0x8d61) x10 0x000000a2
core   0: 0x80002e16 (0xea252013) slti    zero, a0, -350
core   0: 3 0x80002e16 (0xea252013)
core   0: 0x80002e1a (0x003898b3) sll     a7, a7, gp
core   0: 3 0x80002e1a (0x003898b3) x17 0xfffc0000
core   0: 0x80002e1e (0x0238f533) remu    a0, a7, gp
core   0: 3 0x80002e1e (0x0238f533) x10 0x00000006
core   0: 0x80002e22 (0xffed2403) lw      s0, -2(s10)
core   0: 3 0x80002e22 (0xffed2403) x 8 0xead1d2d3 mem 0x8001bc18
core   0: 0x80002e26 (0x457dc517) auipc   a0, 0x457dc
core   0: 3 0x80002e26 (0x457dc517) x10 0xc57dee26
core   0: 0x80002e2a (0x0018b8b3) sltu    a7, a7, ra
core   0: 3 0x80002e2a (0x0018b8b3) x17 0x00000000
core   0: 0x80002e2e (0x0008d433) srl     s0, a7, zero
core   0: 3 0x80002e2e (0x0008d433) x 8 0x00000000
core   0: 0x80002e32 (0x47957093) andi    ra, a0, 1145
core   0: 3 0x80002e32 (0x47957093) x 1 0x00000420
core   0: 0x80002e36 (0x000098a2) c.add   a7, s0
core   0: 3 0x80002e36 (0x98a2) x17 0x00000000
core   0: 0x80002e38 (0x02ed2403) lw      s0, 46(s10)
core   0: 3 0x80002e38 (0x02ed2403) x 8 0x00ee0203 mem 0x8001bc48
core   0: 0x80002e3c (0x02188433) mul     s0, a7, ra
core   0: 3 0x80002e3c (0x02188433) x 8 0x00000000
core   0: 0x80002e40 (0xfcfd0503) lb      a0, -49(s10)
core   0: 3 0x80002e40 (0xfcfd0503) x10 0xffffffa2 mem 0x8001bbe9
core   0: 0x80002e44 (0x00008c49) c.or    s0, a0
core   0: 3 0x80002e44 (0x8c49) x 8 0xffffffa2
core   0: 0x80002e46 (0x00ad05a3) sb      a0, 11(s10)
core   0: 3 0x80002e46 (0x00ad05a3) mem 0x8001bc25 0xa2
core   0: 0x80002e4a (0x000050fd) c.li    ra, -1
core   0: 3 0x80002e4a (0x50fd) x 1 0xffffffff
core   0: 0x80002e4c (0x03fd4883) lbu     a7, 63(s10)
core   0: 3 0x80002e4c (0x03fd4883) x17 0x00000012 mem 0x8001bc59
core   0: 0x80002e50 (0x01146433) or      s0, s0, a7
core   0: 3 0x80002e50 (0x01146433) x 8 0xffffffb2
core   0: 0x80002e54 (0x0230c533) div     a0, ra, gp
core   0: 3 0x80002e54 (0x0230c533) x10 0x00000000
core   0: 0x80002e58 (0x011d05a3) sb      a7, 11(s10)
core   0: 3 0x80002e58 (0x011d05a3) mem 0x8001bc25 0x12
core   0: 0x80002e5c (0x00500913) li      s2, 5
core   0: 3 0x80002e5c (0x00500913) x18 0x00000005
core   0: 0x80002e60 (0x0191f633) and     a2, gp, s9
core   0: 3 0x80002e60 (0x0191f633) x12 0x000000b0
core   0: 0x80002e64 (0x0042ed33) or      s10, t0, tp
core   0: 3 0x80002e64 (0x0042ed33) x26 0xfffffffe
core   0: 0x80002e68 (0x03d04233) div     tp, zero, t4
core   0: 3 0x80002e68 (0x03d04233) x 4 0x00000000
core   0: 0x80002e6c (0x0000836a) c.mv    t1, s10
core   0: 3 0x80002e6c (0x836a) x 6 0xfffffffe
core   0: 0x80002e6e (0x00006251) c.lui   tp, 0x14
core   0: 3 0x80002e6e (0x6251) x 4 0x00014000
core   0: 0x80002e70 (0x4a71a213) slti    tp, gp, 1191
core   0: 3 0x80002e70 (0x4a71a213) x 4 0x00000001
core   0: 0x80002e74 (0x02c47eb3) remu    t4, s0, a2
core   0: 3 0x80002e74 (0x02c47eb3) x29 0x00000092
core   0: 0x80002e78 (0xbff52f17) auipc   t5, 0xbff52
core   0: 3 0x80002e78 (0xbff52f17) x30 0x3ff54e78
core   0: 0x80002e7c (0x00b00b93) li      s7, 11
core   0: 3 0x80002e7c (0x00b00b93) x23 0x0000000b
core   0: 0x80002e80 (0x00001b88) c.addi4spn a0, sp, 496
core   0: 3 0x80002e80 (0x1b88) x10 0x000001f2
core   0: 0x80002e82 (0x022ca7b3) mulhsu  a5, s9, sp
core   0: 3 0x80002e82 (0x022ca7b3) x15 0xffffffff
core   0: 0x80002e86 (0xf4372813) slti    a6, a4, -189
core   0: 3 0x80002e86 (0xf4372813) x16 0x00000000
core   0: 0x80002e8a (0x00000905) c.addi  s2, 1
core   0: 3 0x80002e8a (0x0905) x18 0x00000006
core   0: 0x80002e8c (0x00008a61) c.andi  a2, 24
core   0: 3 0x80002e8c (0x8a61) x12 0x00000010
core   0: 0x80002e8e (0x00008f5d) c.or    a4, a5
core   0: 3 0x80002e8e (0x8f5d) x14 0xffffffff
core   0: 0x80002e90 (0xa2378a93) addi    s5, a5, -1501
core   0: 3 0x80002e90 (0xa2378a93) x21 0xfffffa22
core   0: 0x80002e94 (0xff7967e3) bltu    s2, s7, pc - 18
core   0: 3 0x80002e94 (0xff7967e3)
core   0: 0x80002e82 (0x022ca7b3) mulhsu  a5, s9, sp
core   0: 3 0x80002e82 (0x022ca7b3) x15 0xffffffff
core   0: 0x80002e86 (0xf4372813) slti    a6, a4, -189
core   0: 3 0x80002e86 (0xf4372813) x16 0x00000000
core   0: 0x80002e8a (0x00000905) c.addi  s2, 1
core   0: 3 0x80002e8a (0x0905) x18 0x00000007
core   0: 0x80002e8c (0x00008a61) c.andi  a2, 24
core   0: 3 0x80002e8c (0x8a61) x12 0x00000010
core   0: 0x80002e8e (0x00008f5d) c.or    a4, a5
core   0: 3 0x80002e8e (0x8f5d) x14 0xffffffff
core   0: 0x80002e90 (0xa2378a93) addi    s5, a5, -1501
core   0: 3 0x80002e90 (0xa2378a93) x21 0xfffffa22
core   0: 0x80002e94 (0xff7967e3) bltu    s2, s7, pc - 18
core   0: 3 0x80002e94 (0xff7967e3)
core   0: 0x80002e82 (0x022ca7b3) mulhsu  a5, s9, sp
core   0: 3 0x80002e82 (0x022ca7b3) x15 0xffffffff
core   0: 0x80002e86 (0xf4372813) slti    a6, a4, -189
core   0: 3 0x80002e86 (0xf4372813) x16 0x00000000
core   0: 0x80002e8a (0x00000905) c.addi  s2, 1
core   0: 3 0x80002e8a (0x0905) x18 0x00000008
core   0: 0x80002e8c (0x00008a61) c.andi  a2, 24
core   0: 3 0x80002e8c (0x8a61) x12 0x00000010
core   0: 0x80002e8e (0x00008f5d) c.or    a4, a5
core   0: 3 0x80002e8e (0x8f5d) x14 0xffffffff
core   0: 0x80002e90 (0xa2378a93) addi    s5, a5, -1501
core   0: 3 0x80002e90 (0xa2378a93) x21 0xfffffa22
core   0: 0x80002e94 (0xff7967e3) bltu    s2, s7, pc - 18
core   0: 3 0x80002e94 (0xff7967e3)
core   0: 0x80002e82 (0x022ca7b3) mulhsu  a5, s9, sp
core   0: 3 0x80002e82 (0x022ca7b3) x15 0xffffffff
core   0: 0x80002e86 (0xf4372813) slti    a6, a4, -189
core   0: 3 0x80002e86 (0xf4372813) x16 0x00000000
core   0: 0x80002e8a (0x00000905) c.addi  s2, 1
core   0: 3 0x80002e8a (0x0905) x18 0x00000009
core   0: 0x80002e8c (0x00008a61) c.andi  a2, 24
core   0: 3 0x80002e8c (0x8a61) x12 0x00000010
core   0: 0x80002e8e (0x00008f5d) c.or    a4, a5
core   0: 3 0x80002e8e (0x8f5d) x14 0xffffffff
core   0: 0x80002e90 (0xa2378a93) addi    s5, a5, -1501
core   0: 3 0x80002e90 (0xa2378a93) x21 0xfffffa22
core   0: 0x80002e94 (0xff7967e3) bltu    s2, s7, pc - 18
core   0: 3 0x80002e94 (0xff7967e3)
core   0: 0x80002e82 (0x022ca7b3) mulhsu  a5, s9, sp
core   0: 3 0x80002e82 (0x022ca7b3) x15 0xffffffff
core   0: 0x80002e86 (0xf4372813) slti    a6, a4, -189
core   0: 3 0x80002e86 (0xf4372813) x16 0x00000000
core   0: 0x80002e8a (0x00000905) c.addi  s2, 1
core   0: 3 0x80002e8a (0x0905) x18 0x0000000a
core   0: 0x80002e8c (0x00008a61) c.andi  a2, 24
core   0: 3 0x80002e8c (0x8a61) x12 0x00000010
core   0: 0x80002e8e (0x00008f5d) c.or    a4, a5
core   0: 3 0x80002e8e (0x8f5d) x14 0xffffffff
core   0: 0x80002e90 (0xa2378a93) addi    s5, a5, -1501
core   0: 3 0x80002e90 (0xa2378a93) x21 0xfffffa22
core   0: 0x80002e94 (0xff7967e3) bltu    s2, s7, pc - 18
core   0: 3 0x80002e94 (0xff7967e3)
core   0: 0x80002e82 (0x022ca7b3) mulhsu  a5, s9, sp
core   0: 3 0x80002e82 (0x022ca7b3) x15 0xffffffff
core   0: 0x80002e86 (0xf4372813) slti    a6, a4, -189
core   0: 3 0x80002e86 (0xf4372813) x16 0x00000000
core   0: 0x80002e8a (0x00000905) c.addi  s2, 1
core   0: 3 0x80002e8a (0x0905) x18 0x0000000b
core   0: 0x80002e8c (0x00008a61) c.andi  a2, 24
core   0: 3 0x80002e8c (0x8a61) x12 0x00000010
core   0: 0x80002e8e (0x00008f5d) c.or    a4, a5
core   0: 3 0x80002e8e (0x8f5d) x14 0xffffffff
core   0: 0x80002e90 (0xa2378a93) addi    s5, a5, -1501
core   0: 3 0x80002e90 (0xa2378a93) x21 0xfffffa22
core   0: 0x80002e94 (0xff7967e3) bltu    s2, s7, pc - 18
core   0: 3 0x80002e94 (0xff7967e3)
core   0: 0x80002e98 (0x02b723b3) mulhsu  t2, a4, a1
core   0: 3 0x80002e98 (0x02b723b3) x 7 0xffffffff
core   0: 0x80002e9c (0x0000f217) auipc   tp, 0xf
core   0: 3 0x80002e9c (0x0000f217) x 4 0x80011e9c
core   0: 0x80002ea0 (0x7d920213) addi    tp, tp, 2009
core   0: 3 0x80002ea0 (0x7d920213) x 4 0x80012675
core   0: 0x80002ea4 (0x02b20123) sb      a1, 34(tp)
core   0: 3 0x80002ea4 (0x02b20123) mem 0x80012697 0x21
core   0: 0x80002ea8 (0xff920683) lb      a3, -7(tp)
core   0: 3 0x80002ea8 (0xff920683) x13 0x00000025 mem 0x8001266e
core   0: 0x80002eac (0x0000100f) fence.i
core   0: 3 0x80002eac (0x0000100f)
core   0: 0x80002eb0 (0x02d5d933) divu    s2, a1, a3
core   0: 3 0x80002eb0 (0x02d5d933) x18 0x00000000
core   0: 0x80002eb4 (0xfeb210a3) sh      a1, -31(tp)
core   0: 3 0x80002eb4 (0xfeb210a3) mem 0x80012656 0x0021
core   0: 0x80002eb8 (0xff0219a3) sh      a6, -13(tp)
core   0: 3 0x80002eb8 (0xff0219a3) mem 0x80012668 0x0000
core   0: 0x80002ebc (0xb1568593) addi    a1, a3, -1259
core   0: 3 0x80002ebc (0xb1568593) x11 0xfffffb3a
core   0: 0x80002ec0 (0x000099fd) c.andi  a1, -1
core   0: 3 0x80002ec0 (0x99fd) x11 0xfffffb3a
core   0: 0x80002ec2 (0x841e8837) lui     a6, 0x841e8
core   0: 3 0x80002ec2 (0x841e8837) x16 0x841e8000
core   0: 0x80002ec6 (0x02b20f23) sb      a1, 62(tp)
core   0: 3 0x80002ec6 (0x02b20f23) mem 0x800126b3 0x3a
core   0: 0x80002eca (0xfc521583) lh      a1, -59(tp)
core   0: 3 0x80002eca (0xfc521583) x11 0xfffff0f1 mem 0x8001263a
core   0: 0x80002ece (0x012214a3) sh      s2, 9(tp)
core   0: 3 0x80002ece (0x012214a3) mem 0x8001267e 0x0000
core   0: 0x80002ed2 (0x00008495) c.srai  s1, 5
core   0: 3 0x80002ed2 (0x8495) x 9 0xfc000865
core   0: 0x80002ed4 (0x029955b3) divu    a1, s2, s1
core   0: 3 0x80002ed4 (0x029955b3) x11 0x00000000
core   0: 0x80002ed8 (0x01d92833) slt     a6, s2, t4
core   0: 3 0x80002ed8 (0x01d92833) x16 0x00000001
core   0: 0x80002edc (0xcc180693) addi    a3, a6, -831
core   0: 3 0x80002edc (0xcc180693) x13 0xfffffcc2
core   0: 0x80002ee0 (0x0000100f) fence.i
core   0: 3 0x80002ee0 (0x0000100f)
core   0: 0x80002ee4 (0xfcb20d23) sb      a1, -38(tp)
core   0: 3 0x80002ee4 (0xfcb20d23) mem 0x8001264f 0x0
core   0: 0x80002ee8 (0xfcb20323) sb      a1, -58(tp)
core   0: 3 0x80002ee8 (0xfcb20323) mem 0x8001263b 0x0
core   0: 0x80002eec (0x66293493) sltiu   s1, s2, 1634
core   0: 3 0x80002eec (0x66293493) x 9 0x00000001
core   0: 0x80002ef0 (0x0ff0000f) fence   iorw,iorw
core   0: 3 0x80002ef0 (0x0ff0000f)
core   0: 0x80002ef4 (0x02b20723) sb      a1, 46(tp)
core   0: 3 0x80002ef4 (0x02b20723) mem 0x800126a3 0x0
core   0: 0x80002ef8 (0x012ef5b3) and     a1, t4, s2
core   0: 3 0x80002ef8 (0x012ef5b3) x11 0x00000000
core   0: 0x80002efc (0x01d6f5b3) and     a1, a3, t4
core   0: 3 0x80002efc (0x01d6f5b3) x11 0x00000082
core   0: 0x80002f00 (0x00b4a5b3) slt     a1, s1, a1
core   0: 3 0x80002f00 (0x00b4a5b3) x11 0x00000001
core   0: 0x80002f04 (0x00224583) lbu     a1, 2(tp)
core   0: 3 0x80002f04 (0x00224583) x11 0x0000002c mem 0x80012677
core   0: 0x80002f08 (0x00985eb3) srl     t4, a6, s1
core   0: 3 0x80002f08 (0x00985eb3) x29 0x00000000
core   0: 0x80002f0c (0x000096a6) c.add   a3, s1
core   0: 3 0x80002f0c (0x96a6) x13 0xfffffcc3
core   0: 0x80002f0e (0x03220ca3) sb      s2, 57(tp)
core   0: 3 0x80002f0e (0x03220ca3) mem 0x800126ae 0x0
core   0: 0x80002f12 (0x0000100f) fence.i
core   0: 3 0x80002f12 (0x0000100f)
core   0: 0x80002f16 (0x63e6c593) xori    a1, a3, 1598
core   0: 3 0x80002f16 (0x63e6c593) x11 0xfffffafd
core   0: 0x80002f1a (0x0295a833) mulhsu  a6, a1, s1
core   0: 3 0x80002f1a (0x0295a833) x16 0xffffffff
core   0: 0x80002f1e (0x03020723) sb      a6, 46(tp)
core   0: 3 0x80002f1e (0x03020723) mem 0x800126a3 0xff
core   0: 0x80002f22 (0x00008da5) c.xor   a1, s1
core   0: 3 0x80002f22 (0x8da5) x11 0xfffffafc
core   0: 0x80002f24 (0xfd2208a3) sb      s2, -47(tp)
core   0: 3 0x80002f24 (0xfd2208a3) mem 0x80012646 0x0
core   0: 0x80002f28 (0x000055fd) c.li    a1, -1
core   0: 3 0x80002f28 (0x55fd) x11 0xffffffff
core   0: 0x80002f2a (0xd89ed817) auipc   a6, 0xd89ed
core   0: 3 0x80002f2a (0xd89ed817) x16 0x589eff2a
core   0: 0x80002f2e (0x00325e83) lhu     t4, 3(tp)
core   0: 3 0x80002f2e (0x00325e83) x29 0x00003233 mem 0x80012678
core   0: 0x80002f32 (0x00d20223) sb      a3, 4(tp)
core   0: 3 0x80002f32 (0x00d20223) mem 0x80012679 0xc3
core   0: 0x80002f36 (0x41d68933) sub     s2, a3, t4
core   0: 3 0x80002f36 (0x41d68933) x18 0xffffca90
core   0: 0x80002f3a (0x000085a6) c.mv    a1, s1
core   0: 3 0x80002f3a (0x85a6) x11 0x00000001
core   0: 0x80002f3c (0xfcb20823) sb      a1, -48(tp)
core   0: 3 0x80002f3c (0xfcb20823) mem 0x80012645 0x1
core   0: 0x80002f40 (0x0000100f) fence.i
core   0: 3 0x80002f40 (0x0000100f)
core   0: 0x80002f44 (0xff220b23) sb      s2, -10(tp)
core   0: 3 0x80002f44 (0xff220b23) mem 0x8001266b 0x90
core   0: 0x80002f48 (0xfc722583) lw      a1, -57(tp)
core   0: 3 0x80002f48 (0xfc722583) x11 0xf4f5f6f7 mem 0x8001263c
core   0: 0x80002f4c (0x02920323) sb      s1, 38(tp)
core   0: 3 0x80002f4c (0x02920323) mem 0x8001269b 0x1
core   0: 0x80002f50 (0x01e24683) lbu     a3, 30(tp)
core   0: 3 0x80002f50 (0x01e24683) x13 0x00000048 mem 0x80012693
core   0: 0x80002f54 (0xfd624e83) lbu     t4, -42(tp)
core   0: 3 0x80002f54 (0xfd624e83) x29 0x00000000 mem 0x8001264b
core   0: 0x80002f58 (0x00125683) lhu     a3, 1(tp)
core   0: 3 0x80002f58 (0x00125683) x13 0x00002c2d mem 0x80012676
core   0: 0x80002f5c (0xfcd25e83) lhu     t4, -51(tp)
core   0: 3 0x80002f5c (0xfcd25e83) x29 0x0000f8f9 mem 0x80012642
core   0: 0x80002f60 (0x03c96593) ori     a1, s2, 60
core   0: 3 0x80002f60 (0x03c96593) x11 0xffffcabc
core   0: 0x80002f64 (0xfd820583) lb      a1, -40(tp)
core   0: 3 0x80002f64 (0xfd820583) x11 0x00000006 mem 0x8001264d
core   0: 0x80002f68 (0x02920423) sb      s1, 40(tp)
core   0: 3 0x80002f68 (0x02920423) mem 0x8001269d 0x1
core   0: 0x80002f6c (0x01269933) sll     s2, a3, s2
core   0: 3 0x80002f6c (0x01269933) x18 0x2c2d0000
core   0: 0x80002f70 (0x00820683) lb      a3, 8(tp)
core   0: 3 0x80002f70 (0x00820683) x13 0x00000036 mem 0x8001267d
core   0: 0x80002f74 (0x15d68813) addi    a6, a3, 349
core   0: 3 0x80002f74 (0x15d68813) x16 0x00000193
core   0: 0x80002f78 (0x03d87833) remu    a6, a6, t4
core   0: 3 0x80002f78 (0x03d87833) x16 0x00000193
core   0: 0x80002f7c (0x01d20723) sb      t4, 14(tp)
core   0: 3 0x80002f7c (0x01d20723) mem 0x80012683 0xf9
core   0: 0x80002f80 (0x0000f117) auipc   sp, 0xf
core   0: 3 0x80002f80 (0x0000f117) x 2 0x80011f80
core   0: 0x80002f84 (0x1bb10113) addi    sp, sp, 443
core   0: 3 0x80002f84 (0x1bb10113) x 2 0x8001213b
core   0: 0x80002f88 (0x3e315e83) lhu     t4, 995(sp)
core   0: 3 0x80002f88 (0x3e315e83) x29 0x0000d4d5 mem 0x8001251e
core   0: 0x80002f8c (0xb3b10003) lb      zero, -1221(sp)
core   0: 3 0x80002f8c (0xb3b10003) mem 0x80011c76
core   0: 0x80002f90 (0x96612aa3) sw      t1, -1675(sp)
core   0: 3 0x80002f90 (0x96612aa3) mem 0x80011ab0 0xfffffffe
core   0: 0x80002f94 (0x00006375) c.lui   t1, 0x1d
core   0: 3 0x80002f94 (0x6375) x 6 0x0001d000
core   0: 0x80002f96 (0xf6315503) lhu     a0, -157(sp)
core   0: 3 0x80002f96 (0xf6315503) x10 0x00005455 mem 0x8001209e
core   0: 0x80002f9a (0x78512c83) lw      s9, 1925(sp)
core   0: 3 0x80002f9a (0x78512c83) x25 0x78797a7b mem 0x800128c0
core   0: 0x80002f9e (0x004b6333) or      t1, s6, tp
core   0: 3 0x80002f9e (0x004b6333) x 6 0x80037e75
core   0: 0x80002fa2 (0x018927b3) slt     a5, s2, s8
core   0: 3 0x80002fa2 (0x018927b3) x15 0x00000000
core   0: 0x80002fa6 (0x00710e23) sb      t2, 28(sp)
core   0: 3 0x80002fa6 (0x00710e23) mem 0x80012157 0xff
core   0: 0x80002faa (0xa3210003) lb      zero, -1486(sp)
core   0: 3 0x80002faa (0xa3210003) mem 0x80011b6d
core   0: 0x80002fae (0xc00124a3) sw      zero, -1015(sp)
core   0: 3 0x80002fae (0xc00124a3) mem 0x80011d44 0x00000000
core   0: 0x80002fb2 (0xaf114383) lbu     t2, -1295(sp)
core   0: 3 0x80002fb2 (0xaf114383) x 7 0x000000e7 mem 0x80011c2c
core   0: 0x80002fb6 (0xc4c126a3) sw      a2, -947(sp)
core   0: 3 0x80002fb6 (0xc4c126a3) mem 0x80011d88 0x00000010
core   0: 0x80002fba (0x30714503) lbu     a0, 775(sp)
core   0: 3 0x80002fba (0x30714503) x10 0x000000f9 mem 0x80012442
core   0: 0x80002fbe (0x00006855) c.lui   a6, 0x15
core   0: 3 0x80002fbe (0x6855) x16 0x00015000
core   0: 0x80002fc0 (0xf1986917) auipc   s2, 0xf1986
core   0: 3 0x80002fc0 (0xf1986917) x18 0x71988fc0
core   0: 0x80002fc4 (0xd3e14c83) lbu     s9, -706(sp)
core   0: 3 0x80002fc4 (0xd3e14c83) x25 0x00000032 mem 0x80011e79
core   0: 0x80002fc8 (0xc9d11ea3) sh      t4, -867(sp)
core   0: 3 0x80002fc8 (0xc9d11ea3) mem 0x80011dd8 0xd4d5
core   0: 0x80002fcc (0x11414f83) lbu     t6, 276(sp)
core   0: 3 0x80002fcc (0x11414f83) x31 0x00000004 mem 0x8001224f
core   0: 0x80002fd0 (0x0000956e) c.add   a0, s11
core   0: 3 0x80002fd0 (0x956e) x10 0x80029ddd
core   0: 0x80002fd2 (0x4079dc13) srai    s8, s3, 7
core   0: 3 0x80002fd2 (0x4079dc13) x24 0x00000000
core   0: 0x80002fd6 (0x94d10f83) lb      t6, -1715(sp)
core   0: 3 0x80002fd6 (0x94d10f83) x31 0x00000043 mem 0x80011a88
core   0: 0x80002fda (0x00971d13) slli    s10, a4, 9
core   0: 3 0x80002fda (0x00971d13) x26 0xfffffe00
core   0: 0x80002fde (0x3c110023) sb      ra, 960(sp)
core   0: 3 0x80002fde (0x3c110023) mem 0x800124fb 0xff
core   0: 0x80002fe2 (0x00000001) c.nop
core   0: 3 0x80002fe2 (0x0001)
core   0: 0x80002fe4 (0xfd3e2613) slti    a2, t3, -45
core   0: 3 0x80002fe4 (0xfd3e2613) x12 0x00000000
core   0: 0x80002fe8 (0xaee10403) lb      s0, -1298(sp)
core   0: 3 0x80002fe8 (0xaee10403) x 8 0xffffffe2 mem 0x80011c29
core   0: 0x80002fec (0x00000315) c.addi  t1, 5
core   0: 3 0x80002fec (0x0315) x 6 0x80037e7a
core   0: 0x80002fee (0xd8f111a3) sh      a5, -637(sp)
core   0: 3 0x80002fee (0xd8f111a3) mem 0x80011ebe 0x0000
core   0: 0x80002ff2 (0x94614b83) lbu     s7, -1722(sp)
core   0: 3 0x80002ff2 (0x94614b83) x23 0x0000003a mem 0x80011a81
core   0: 0x80002ff6 (0x94d10903) lb      s2, -1715(sp)
core   0: 3 0x80002ff6 (0x94d10903) x18 0x00000043 mem 0x80011a88
core   0: 0x80002ffa (0x08310b83) lb      s7, 131(sp)
core   0: 3 0x80002ffa (0x08310b83) x23 0x00000075 mem 0x800121be
core   0: 0x80002ffe (0x41c35013) srai    zero, t1, 28
core   0: 3 0x80002ffe (0x41c35013)
core   0: 0x80003002 (0x010202b3) add     t0, tp, a6
core   0: 3 0x80003002 (0x010202b3) x 5 0x80027675
core   0: 0x80003006 (0xd3310223) sb      s3, -732(sp)
core   0: 3 0x80003006 (0xd3310223) mem 0x80011e5f 0x8
core   0: 0x8000300a (0xa9a10f03) lb      t5, -1382(sp)
core   0: 3 0x8000300a (0xa9a10f03) x30 0xffffff8e mem 0x80011bd5
core   0: 0x8000300e (0x0000db97) auipc   s7, 0xd
core   0: 3 0x8000300e (0x0000db97) x23 0x8001000e
core   0: 0x80003012 (0x686b8b93) addi    s7, s7, 1670
core   0: 3 0x80003012 (0x686b8b93) x23 0x80010694
core   0: 0x80003016 (0xf72b81a3) sb      s2, -157(s7)
core   0: 3 0x80003016 (0xf72b81a3) mem 0x800105f7 0x43
core   0: 0x8000301a (0xf63bcf03) lbu     t5, -157(s7)
core   0: 3 0x8000301a (0xf63bcf03) x30 0x00000043 mem 0x800105f7
core   0: 0x8000301e (0x03abd083) lhu     ra, 58(s7)
core   0: 3 0x8000301e (0x03abd083) x 1 0x00008485 mem 0x800106ce
core   0: 0x80003022 (0x039b8d23) sb      s9, 58(s7)
core   0: 3 0x80003022 (0x039b8d23) mem 0x800106ce 0x32
core   0: 0x80003026 (0x03ab9f83) lh      t6, 58(s7)
core   0: 3 0x80003026 (0x03ab9f83) x31 0xffff8432 mem 0x800106ce
core   0: 0x8000302a (0x03ab9a83) lh      s5, 58(s7)
core   0: 3 0x8000302a (0x03ab9a83) x21 0xffff8432 mem 0x800106ce
core   0: 0x8000302e (0xfb7b8203) lb      tp, -73(s7)
core   0: 3 0x8000302e (0xfb7b8203) x 4 0x00000000 mem 0x8001064b
core   0: 0x80003032 (0xfb7b8083) lb      ra, -73(s7)
core   0: 3 0x80003032 (0xfb7b8083) x 1 0x00000000 mem 0x8001064b
core   0: 0x80003036 (0xfb9bc883) lbu     a7, -71(s7)
core   0: 3 0x80003036 (0xfb9bc883) x17 0x000000e4 mem 0x8001064d
core   0: 0x8000303a (0xfb9bce83) lbu     t4, -71(s7)
core   0: 3 0x8000303a (0xfb9bce83) x29 0x000000e4 mem 0x8001064d
core   0: 0x8000303e (0xf26bc203) lbu     tp, -218(s7)
core   0: 3 0x8000303e (0xf26bc203) x 4 0x00000071 mem 0x800105ba
core   0: 0x80003042 (0xfbdb8aa3) sb      t4, -75(s7)
core   0: 3 0x80003042 (0xfbdb8aa3) mem 0x80010649 0xe4
core   0: 0x80003046 (0x418a57b3) sra     a5, s4, s8
core   0: 3 0x80003046 (0x418a57b3) x15 0x0000006e
core   0: 0x8000304a (0xfb5b8703) lb      a4, -75(s7)
core   0: 3 0x8000304a (0xfb5b8703) x14 0xffffffe4 mem 0x80010649
core   0: 0x8000304e (0x02eb9123) sh      a4, 34(s7)
core   0: 3 0x8000304e (0x02eb9123) mem 0x800106b6 0xffe4
core   0: 0x80003052 (0x024b9123) sh      tp, 34(s7)
core   0: 3 0x80003052 (0x024b9123) mem 0x800106b6 0x0071
core   0: 0x80003056 (0x00a003ef) jal     t2, pc + 0xa
core   0: 3 0x80003056 (0x00a003ef) x 7 0x8000305a
core   0: 0x80003060 (0x00002811) c.jal   pc + 20
core   0: 3 0x80003060 (0x2811) x 1 0x80003062
core   0: 0x80003074 (0x00003fcd) c.jal   pc - 14
core   0: 3 0x80003074 (0x3fcd) x 1 0x80003076
core   0: 0x80003066 (0x00003ff5) c.jal   pc - 4
core   0: 3 0x80003066 (0x3ff5) x 1 0x80003068
core   0: 0x80003062 (0x00003fe5) c.jal   pc - 8
core   0: 3 0x80003062 (0x3fe5) x 1 0x80003064
core   0: 0x8000305a (0x012000ef) jal     pc + 0x12
core   0: 3 0x8000305a (0x012000ef) x 1 0x8000305e
core   0: 0x8000306c (0x0000a019) c.j     pc + 6
core   0: 3 0x8000306c (0xa019)
core   0: 0x80003072 (0x0000bfcd) c.j     pc - 14
core   0: 3 0x80003072 (0xbfcd)
core   0: 0x80003064 (0x00002029) c.jal   pc + 10
core   0: 3 0x80003064 (0x2029) x 1 0x80003066
core   0: 0x8000306e (0x00002009) c.jal   pc + 2
core   0: 3 0x8000306e (0x2009) x 1 0x80003070
core   0: 0x80003070 (0x00003fed) c.jal   pc - 6
core   0: 3 0x80003070 (0x3fed) x 1 0x80003072
core   0: 0x8000306a (0x00003ffd) c.jal   pc - 2
core   0: 3 0x8000306a (0x3ffd) x 1 0x8000306c
core   0: 0x80003068 (0x00003fdd) c.jal   pc - 10
core   0: 3 0x80003068 (0x3fdd) x 1 0x8000306a
core   0: 0x8000305e (0x0000a821) c.j     pc + 24
core   0: 3 0x8000305e (0xa821)
core   0: 0x80003076 (0x000046d1) c.li    a3, 20
core   0: 3 0x80003076 (0x46d1) x13 0x00000014
core   0: 0x80003078 (0x00013d17) auipc   s10, 0x13
core   0: 3 0x80003078 (0x00013d17) x26 0x80016078
core   0: 0x8000307c (0xd66d0d13) addi    s10, s10, -666
core   0: 3 0x8000307c (0xd66d0d13) x26 0x80015dde
core   0: 0x80003080 (0x00016917) auipc   s2, 0x16
core   0: 3 0x80003080 (0x00016917) x18 0x80019080
core   0: 0x80003084 (0x15a90913) addi    s2, s2, 346
core   0: 3 0x80003084 (0x15a90913) x18 0x800191da
core   0: 0x80003088 (0x00010517) auipc   a0, 0x10
core   0: 3 0x80003088 (0x00010517) x10 0x80013088
core   0: 0x8000308c (0x01d50513) addi    a0, a0, 29
core   0: 3 0x8000308c (0x01d50513) x10 0x800130a5
core   0: 0x80003090 (0x0001d697) auipc   a3, 0x1d
core   0: 3 0x80003090 (0x0001d697) x13 0x80020090
core   0: 0x80003094 (0xae868693) addi    a3, a3, -1304
core   0: 3 0x80003094 (0xae868693) x13 0x8001fb78
core   0: 0x80003098 (0x01c909a3) sb      t3, 19(s2)
core   0: 3 0x80003098 (0x01c909a3) mem 0x800191ed 0x44
core   0: 0x8000309c (0x1f650a83) lb      s5, 502(a0)
core   0: 3 0x8000309c (0x1f650a83) x21 0x00000050 mem 0x8001329b
core   0: 0x800030a0 (0x3906ae83) lw      t4, 912(a3)
core   0: 3 0x800030a0 (0x3906ae83) x29 0xc0c1c2c3 mem 0x8001ff08
core   0: 0x800030a4 (0x14d6cf03) lbu     t5, 333(a3)
core   0: 3 0x800030a4 (0x14d6cf03) x30 0x0000007e mem 0x8001fcc5
core   0: 0x800030a8 (0xabc511a3) sh      t3, -1373(a0)
core   0: 3 0x800030a8 (0xabc511a3) mem 0x80012b48 0x0044
core   0: 0x800030ac (0xf8668a83) lb      s5, -122(a3)
core   0: 3 0x800030ac (0xf8668a83) x21 0xffffffb5 mem 0x8001fafe
core   0: 0x800030b0 (0x02b90483) lb      s1, 43(s2)
core   0: 3 0x800030b0 (0x02b90483) x 9 0xffffffbe mem 0x80019205
core   0: 0x800030b4 (0xa6a54703) lbu     a4, -1430(a0)
core   0: 3 0x800030b4 (0xa6a54703) x14 0x000000c4 mem 0x80012b0f
core   0: 0x800030b8 (0x0e350583) lb      a1, 227(a0)
core   0: 3 0x800030b8 (0x0e350583) x11 0x00000043 mem 0x80013188
core   0: 0x800030bc (0x03b94103) lbu     sp, 59(s2)
core   0: 3 0x800030bc (0x03b94103) x 2 0x0000009c mem 0x80019215
core   0: 0x800030c0 (0x009d4e03) lbu     t3, 9(s10)
core   0: 3 0x800030c0 (0x009d4e03) x28 0x0000009c mem 0x80015de7
core   0: 0x800030c4 (0x1cb502a3) sb      a1, 453(a0)
core   0: 3 0x800030c4 (0x1cb502a3) mem 0x8001326a 0x43
core   0: 0x800030c8 (0xff3d4303) lbu     t1, -13(s10)
core   0: 3 0x800030c8 (0xff3d4303) x 6 0x0000008a mem 0x80015dd1
core   0: 0x800030cc (0xfc994483) lbu     s1, -55(s2)
core   0: 3 0x800030cc (0xfc994483) x 9 0x00000058 mem 0x800191a3
core   0: 0x800030d0 (0x03e92f83) lw      t6, 62(s2)
core   0: 3 0x800030d0 (0x03e92f83) x31 0xd0d1d2d3 mem 0x80019218
core   0: 0x800030d4 (0x005d4b83) lbu     s7, 5(s10)
core   0: 3 0x800030d4 (0x005d4b83) x23 0x00000098 mem 0x80015de3
core   0: 0x800030d8 (0x02c909a3) sb      a2, 51(s2)
core   0: 3 0x800030d8 (0x02c909a3) mem 0x8001920d 0x0
core   0: 0x800030dc (0xf0568203) lb      tp, -251(a3)
core   0: 3 0x800030dc (0xf0568203) x 4 0x00000036 mem 0x8001fa7d
core   0: 0x800030e0 (0x41054183) lbu     gp, 1040(a0)
core   0: 3 0x800030e0 (0x41054183) x 3 0x0000006e mem 0x800134b5
core   0: 0x800030e4 (0x00bd0f03) lb      t5, 11(s10)
core   0: 3 0x800030e4 (0x00bd0f03) x30 0xffffffa2 mem 0x80015de9
core   0: 0x800030e8 (0x005d4183) lbu     gp, 5(s10)
core   0: 3 0x800030e8 (0x005d4183) x 3 0x00000098 mem 0x80015de3
core   0: 0x800030ec (0x4fd50f23) sb      t4, 1278(a0)
core   0: 3 0x800030ec (0x4fd50f23) mem 0x800135a3 0xc3
core   0: 0x800030f0 (0xfdb94083) lbu     ra, -37(s2)
core   0: 3 0x800030f0 (0xfdb94083) x 1 0x0000006e mem 0x800191b5
core   0: 0x800030f4 (0x00390ca3) sb      gp, 25(s2)
core   0: 3 0x800030f4 (0x00390ca3) mem 0x800191f3 0x98
core   0: 0x800030f8 (0x6726ae23) sw      s2, 1660(a3)
core   0: 3 0x800030f8 (0x6726ae23) mem 0x800201f4 0x800191da
core   0: 0x800030fc (0x03f90a03) lb      s4, 63(s2)
core   0: 3 0x800030fc (0x03f90a03) x20 0xffffffd2 mem 0x80019219
core   0: 0x80003100 (0x03d90a03) lb      s4, 61(s2)
core   0: 3 0x80003100 (0x03d90a03) x20 0xffffffcc mem 0x80019217
core   0: 0x80003104 (0xbf069e83) lh      t4, -1040(a3)
core   0: 3 0x80003104 (0xbf069e83) x29 0x00002223 mem 0x8001f768
core   0: 0x80003108 (0x0000df97) auipc   t6, 0xd
core   0: 3 0x80003108 (0x0000df97) x31 0x80010108
core   0: 0x8000310c (0x74ef8f93) addi    t6, t6, 1870
core   0: 3 0x8000310c (0x74ef8f93) x31 0x80010856
core   0: 0x80003110 (0x00af9283) lh      t0, 10(t6)
core   0: 3 0x80003110 (0x00af9283) x 5 0x00001a1b mem 0x80010860
core   0: 0x80003114 (0x005f8503) lb      a0, 5(t6)
core   0: 3 0x80003114 (0x005f8503) x10 0x00000010 mem 0x8001085b
core   0: 0x80003118 (0xffdfc383) lbu     t2, -3(t6)
core   0: 3 0x80003118 (0xffdfc383) x 7 0x00000008 mem 0x80010853
core   0: 0x8000311c (0x00afc683) lbu     a3, 10(t6)
core   0: 3 0x8000311c (0x00afc683) x13 0x0000001b mem 0x80010860
core   0: 0x80003120 (0x017f9423) sh      s7, 8(t6)
core   0: 3 0x80003120 (0x017f9423) mem 0x8001085e 0x0098
core   0: 0x80003124 (0xda747bb7) lui     s7, 0xda747
core   0: 3 0x80003124 (0xda747bb7) x23 0xda747000
core   0: 0x80003128 (0x00b68a33) add     s4, a3, a1
core   0: 3 0x80003128 (0x00b68a33) x20 0x0000005e
core   0: 0x8000312c (0x001fc083) lbu     ra, 1(t6)
core   0: 3 0x8000312c (0x001fc083) x 1 0x0000000c mem 0x80010857
core   0: 0x80003130 (0x00bfc083) lbu     ra, 11(t6)
core   0: 3 0x80003130 (0x00bfc083) x 1 0x0000001a mem 0x80010861
core   0: 0x80003134 (0x008f9203) lh      tp, 8(t6)
core   0: 3 0x80003134 (0x008f9203) x 4 0x00000098 mem 0x8001085e
core   0: 0x80003138 (0x03b3c133) div     sp, t2, s11
core   0: 3 0x80003138 (0x03b3c133) x 2 0x00000000
core   0: 0x8000313c (0xffcfdb83) lhu     s7, -4(t6)
core   0: 3 0x8000313c (0xffcfdb83) x23 0x00000809 mem 0x80010852
core   0: 0x80003140 (0x024ba5b3) mulhsu  a1, s7, tp
core   0: 3 0x80003140 (0x024ba5b3) x11 0x00000000
core   0: 0x80003144 (0x02bdd2b3) divu    t0, s11, a1
core   0: 3 0x80003144 (0x02bdd2b3) x 5 0xffffffff
core   0: 0x80003148 (0xffbfce83) lbu     t4, -5(t6)
core   0: 3 0x80003148 (0xffbfce83) x29 0x000000aa mem 0x80010851
core   0: 0x8000314c (0x000f9203) lh      tp, 0(t6)
core   0: 3 0x8000314c (0x000f9203) x 4 0x00000c0d mem 0x80010856
core   0: 0x80003150 (0x00000001) c.nop
core   0: 3 0x80003150 (0x0001)
core   0: 0x80003152 (0x026c6333) rem     t1, s8, t1
core   0: 3 0x80003152 (0x026c6333) x 6 0x00000000
core   0: 0x80003156 (0x003fa723) sw      gp, 14(t6)
core   0: 3 0x80003156 (0x003fa723) mem 0x80010864 0x00000098
core   0: 0x8000315a (0x0000611d) c.addi16sp sp, 416
core   0: 3 0x8000315a (0x611d) x 2 0x000001a0
core   0: 0x8000315c (0x00df8e03) lb      t3, 13(t6)
core   0: 3 0x8000315c (0x00df8e03) x28 0x00000018 mem 0x80010863
core   0: 0x80003160 (0x007f8823) sb      t2, 16(t6)
core   0: 3 0x80003160 (0x007f8823) mem 0x80010866 0x8
core   0: 0x80003164 (0xff1fc783) lbu     a5, -15(t6)
core   0: 3 0x80003164 (0xff1fc783) x15 0x000000fc mem 0x80010847
core   0: 0x80003168 (0x00000001) c.nop
core   0: 3 0x80003168 (0x0001)
core   0: 0x8000316a (0xff5f8b83) lb      s7, -11(t6)
core   0: 3 0x8000316a (0xff5f8b83) x23 0x00000000 mem 0x8001084b
core   0: 0x8000316e (0x004fdb83) lhu     s7, 4(t6)
core   0: 3 0x8000316e (0x004fdb83) x23 0x00001011 mem 0x8001085a
core   0: 0x80003172 (0x01cf8123) sb      t3, 2(t6)
core   0: 3 0x80003172 (0x01cf8123) mem 0x80010858 0x18
core   0: 0x80003176 (0xfeef88a3) sb      a4, -15(t6)
core   0: 3 0x80003176 (0xfeef88a3) mem 0x80010847 0xc4
core   0: 0x8000317a (0x00ffa523) sw      a5, 10(t6)
core   0: 3 0x8000317a (0x00ffa523) mem 0x80010860 0x000000fc
core   0: 0x8000317e (0x00008e85) c.sub   a3, s1
core   0: 3 0x8000317e (0x8e85) x13 0xffffffc3
core   0: 0x80003180 (0x0000100f) fence.i
core   0: 3 0x80003180 (0x0000100f)
core   0: 0x80003184 (0xfe0fa923) sw      zero, -14(t6)
core   0: 3 0x80003184 (0xfe0fa923) mem 0x80010848 0x00000000
core   0: 0x80003188 (0x02ccfe33) remu    t3, s9, a2
core   0: 3 0x80003188 (0x02ccfe33) x28 0x00000032
core   0: 0x8000318c (0x01ff9623) sh      t6, 12(t6)
core   0: 3 0x8000318c (0x01ff9623) mem 0x80010862 0x0856
core   0: 0x80003190 (0x00006cbd) c.lui   s9, 0xf
core   0: 3 0x80003190 (0x6cbd) x25 0x0000f000
core   0: 0x80003192 (0x0256dd33) divu    s10, a3, t0
core   0: 3 0x80003192 (0x0256dd33) x26 0x00000000
core   0: 0x80003196 (0xff2fa683) lw      a3, -14(t6)
core   0: 3 0x80003196 (0xff2fa683) x13 0x00000000 mem 0x80010848
core   0: 0x8000319a (0x00efcb83) lbu     s7, 14(t6)
core   0: 3 0x8000319a (0x00efcb83) x23 0x00000098 mem 0x80010864
core   0: 0x8000319e (0x00ef8b83) lb      s7, 14(t6)
core   0: 3 0x8000319e (0x00ef8b83) x23 0xffffff98 mem 0x80010864
core   0: 0x800031a2 (0x01195cb3) srl     s9, s2, a7
core   0: 3 0x800031a2 (0x01195cb3) x25 0x0800191d
core   0: 0x800031a6 (0xff6f9b83) lh      s7, -10(t6)
core   0: 3 0x800031a6 (0xff6f9b83) x23 0x00000607 mem 0x8001084c
core   0: 0x800031aa (0x00008695) c.srai  a3, 5
core   0: 3 0x800031aa (0x8695) x13 0x00000000
core   0: 0x800031ac (0x00008f61) c.and   a4, s0
core   0: 3 0x800031ac (0x8f61) x14 0x000000c0
core   0: 0x800031ae (0x00cfc683) lbu     a3, 12(t6)
core   0: 3 0x800031ae (0x00cfc683) x13 0x00000056 mem 0x80010862
core   0: 0x800031b2 (0xfe9f8d23) sb      s1, -6(t6)
core   0: 3 0x800031b2 (0xfe9f8d23) mem 0x80010850 0x58
core   0: 0x800031b6 (0xffcf9483) lh      s1, -4(t6)
core   0: 3 0x800031b6 (0xffcf9483) x 9 0x00000809 mem 0x80010852
core   0: 0x800031ba (0x0297e0b3) rem     ra, a5, s1
core   0: 3 0x800031ba (0x0297e0b3) x 1 0x000000fc
core   0: 0x800031be (0x03450833) mul     a6, a0, s4
core   0: 3 0x800031be (0x03450833) x16 0x000005e0
core   0: 0x800031c2 (0x00bfc103) lbu     sp, 11(t6)
core   0: 3 0x800031c2 (0x00bfc103) x 2 0x00000000 mem 0x80010861
core   0: 0x800031c6 (0x0000e797) auipc   a5, 0xe
core   0: 3 0x800031c6 (0x0000e797) x15 0x800111c6
core   0: 0x800031ca (0xc7a78793) addi    a5, a5, -902
core   0: 3 0x800031ca (0xc7a78793) x15 0x80010e40
core   0: 0x800031ce (0x000082e9) c.srli  a3, 26
core   0: 3 0x800031ce (0x82e9) x13 0x00000000
core   0: 0x800031d0 (0x0247af83) lw      t6, 36(a5)
core   0: 3 0x800031d0 (0x0247af83) x31 0x1c1d5f1f mem 0x80010e64
core   0: 0x800031d4 (0x00008271) c.srli  a2, 28
core   0: 3 0x800031d4 (0x8271) x12 0x00000000
core   0: 0x800031d6 (0xfcb78f03) lb      t5, -53(a5)
core   0: 3 0x800031d6 (0xfcb78f03) x30 0xffffffc0 mem 0x80010e0b
core   0: 0x800031da (0x71b10813) addi    a6, sp, 1819
core   0: 3 0x800031da (0x71b10813) x16 0x0000071b
core   0: 0x800031de (0xff478c23) sb      s4, -8(a5)
core   0: 3 0x800031de (0xff478c23) mem 0x80010e38 0x5e
core   0: 0x800031e2 (0xfda789a3) sb      s10, -45(a5)
core   0: 3 0x800031e2 (0xfda789a3) mem 0x80010e13 0x0
core   0: 0x800031e6 (0xfd37ce03) lbu     t3, -45(a5)
core   0: 3 0x800031e6 (0xfd37ce03) x28 0x00000000 mem 0x80010e13
core   0: 0x800031ea (0x02e78623) sb      a4, 44(a5)
core   0: 3 0x800031ea (0x02e78623) mem 0x80010e6c 0xc0
core   0: 0x800031ee (0x02c79603) lh      a2, 44(a5)
core   0: 3 0x800031ee (0x02c79603) x12 0x000026c0 mem 0x80010e6c
core   0: 0x800031f2 (0x02c78583) lb      a1, 44(a5)
core   0: 3 0x800031f2 (0x02c78583) x11 0xffffffc0 mem 0x80010e6c
core   0: 0x800031f6 (0x03478b23) sb      s4, 54(a5)
core   0: 3 0x800031f6 (0x03478b23) mem 0x80010e76 0x5e
core   0: 0x800031fa (0x02579323) sh      t0, 38(a5)
core   0: 3 0x800031fa (0x02579323) mem 0x80010e66 0xffff
core   0: 0x800031fe (0x03378323) sb      s3, 38(a5)
core   0: 3 0x800031fe (0x03378323) mem 0x80010e66 0x8
core   0: 0x80003202 (0x00001d7d) c.addi  s10, -1
core   0: 3 0x80003202 (0x1d7d) x26 0xffffffff
core   0: 0x80003204 (0xff778fa3) sb      s7, -1(a5)
core   0: 3 0x80003204 (0xff778fa3) mem 0x80010e3f 0x7
core   0: 0x80003208 (0x36c13c93) sltiu   s9, sp, 876
core   0: 3 0x80003208 (0x36c13c93) x25 0x00000001
core   0: 0x8000320c (0xfff78c83) lb      s9, -1(a5)
core   0: 3 0x8000320c (0xfff78c83) x25 0x00000007 mem 0x80010e3f
core   0: 0x80003210 (0xffe00513) li      a0, -2
core   0: 3 0x80003210 (0xffe00513) x10 0xfffffffe
core   0: 0x80003214 (0x0caa26b7) lui     a3, 0xcaa2
core   0: 3 0x80003214 (0x0caa26b7) x13 0x0caa2000
core   0: 0x80003218 (0x00008f55) c.or    a4, a3
core   0: 3 0x80003218 (0x8f55) x14 0x0caa20c0
core   0: 0x8000321a (0x03a862b3) rem     t0, a6, s10
core   0: 3 0x8000321a (0x03a862b3) x 5 0x00000000
core   0: 0x8000321e (0x0273ac33) mulhsu  s8, t2, t2
core   0: 3 0x8000321e (0x0273ac33) x24 0x00000000
core   0: 0x80003222 (0x408f8c33) sub     s8, t6, s0
core   0: 3 0x80003222 (0x408f8c33) x24 0x1c1d5f3d
core   0: 0x80003226 (0xff200813) li      a6, -14
core   0: 3 0x80003226 (0xff200813) x16 0xfffffff2
core   0: 0x8000322a (0x000004a2) c.slli  s1, 8
core   0: 3 0x8000322a (0x04a2) x 9 0x00080900
core   0: 0x8000322c (0x032e7d33) remu    s10, t3, s2
core   0: 3 0x8000322c (0x032e7d33) x26 0x00000000
core   0: 0x80003230 (0x003448b3) xor     a7, s0, gp
core   0: 3 0x80003230 (0x003448b3) x17 0xffffff7a
core   0: 0x80003234 (0x0cb72713) slti    a4, a4, 203
core   0: 3 0x80003234 (0x0cb72713) x14 0x00000000
core   0: 0x80003238 (0x00001569) c.addi  a0, -6
core   0: 3 0x80003238 (0x1569) x10 0xfffffff8
core   0: 0x8000323a (0x02c79033) mulh    zero, a5, a2
core   0: 3 0x8000323a (0x02c79033)
core   0: 0x8000323e (0xff700f93) li      t6, -9
core   0: 3 0x8000323e (0xff700f93) x31 0xfffffff7
core   0: 0x80003242 (0x0000963a) c.add   a2, a4
core   0: 3 0x80003242 (0x963a) x12 0x000026c0
core   0: 0x80003244 (0x00008bfe) c.mv    s7, t6
core   0: 3 0x80003244 (0x8bfe) x23 0xfffffff7
core   0: 0x80003246 (0x000060bd) c.lui   ra, 0xf
core   0: 3 0x80003246 (0x60bd) x 1 0x0000f000
core   0: 0x80003248 (0x00500a93) li      s5, 5
core   0: 3 0x80003248 (0x00500a93) x21 0x00000005
core   0: 0x8000324c (0x01c1f633) and     a2, gp, t3
core   0: 3 0x8000324c (0x01c1f633) x12 0x00000000
core   0: 0x80003250 (0x0000872d) c.srai  a4, 11
core   0: 3 0x80003250 (0x872d) x14 0x00000000
core   0: 0x80003252 (0x00000f85) c.addi  t6, 1
core   0: 3 0x80003252 (0x0f85) x31 0xfffffff8
core   0: 0x80003254 (0x00006105) c.addi16sp sp, 32
core   0: 3 0x80003254 (0x6105) x 2 0x00000020
core   0: 0x80003256 (0x00445093) srli    ra, s0, 4
core   0: 3 0x80003256 (0x00445093) x 1 0x0ffffffe
core   0: 0x8000325a (0x01594c33) xor     s8, s2, s5
core   0: 3 0x8000325a (0x01594c33) x24 0x800191df
core   0: 0x8000325e (0xff5f97e3) bne     t6, s5, pc - 18
core   0: 3 0x8000325e (0xff5f97e3)
core   0: 0x8000324c (0x01c1f633) and     a2, gp, t3
core   0: 3 0x8000324c (0x01c1f633) x12 0x00000000
core   0: 0x80003250 (0x0000872d) c.srai  a4, 11
core   0: 3 0x80003250 (0x872d) x14 0x00000000
core   0: 0x80003252 (0x00000f85) c.addi  t6, 1
core   0: 3 0x80003252 (0x0f85) x31 0xfffffff9
core   0: 0x80003254 (0x00006105) c.addi16sp sp, 32
core   0: 3 0x80003254 (0x6105) x 2 0x00000040
core   0: 0x80003256 (0x00445093) srli    ra, s0, 4
core   0: 3 0x80003256 (0x00445093) x 1 0x0ffffffe
core   0: 0x8000325a (0x01594c33) xor     s8, s2, s5
core   0: 3 0x8000325a (0x01594c33) x24 0x800191df
core   0: 0x8000325e (0xff5f97e3) bne     t6, s5, pc - 18
core   0: 3 0x8000325e (0xff5f97e3)
core   0: 0x8000324c (0x01c1f633) and     a2, gp, t3
core   0: 3 0x8000324c (0x01c1f633) x12 0x00000000
core   0: 0x80003250 (0x0000872d) c.srai  a4, 11
core   0: 3 0x80003250 (0x872d) x14 0x00000000
core   0: 0x80003252 (0x00000f85) c.addi  t6, 1
core   0: 3 0x80003252 (0x0f85) x31 0xfffffffa
core   0: 0x80003254 (0x00006105) c.addi16sp sp, 32
core   0: 3 0x80003254 (0x6105) x 2 0x00000060
core   0: 0x80003256 (0x00445093) srli    ra, s0, 4
core   0: 3 0x80003256 (0x00445093) x 1 0x0ffffffe
core   0: 0x8000325a (0x01594c33) xor     s8, s2, s5
core   0: 3 0x8000325a (0x01594c33) x24 0x800191df
core   0: 0x8000325e (0xff5f97e3) bne     t6, s5, pc - 18
core   0: 3 0x8000325e (0xff5f97e3)
core   0: 0x8000324c (0x01c1f633) and     a2, gp, t3
core   0: 3 0x8000324c (0x01c1f633) x12 0x00000000
core   0: 0x80003250 (0x0000872d) c.srai  a4, 11
core   0: 3 0x80003250 (0x872d) x14 0x00000000
core   0: 0x80003252 (0x00000f85) c.addi  t6, 1
core   0: 3 0x80003252 (0x0f85) x31 0xfffffffb
core   0: 0x80003254 (0x00006105) c.addi16sp sp, 32
core   0: 3 0x80003254 (0x6105) x 2 0x00000080
core   0: 0x80003256 (0x00445093) srli    ra, s0, 4
core   0: 3 0x80003256 (0x00445093) x 1 0x0ffffffe
core   0: 0x8000325a (0x01594c33) xor     s8, s2, s5
core   0: 3 0x8000325a (0x01594c33) x24 0x800191df
core   0: 0x8000325e (0xff5f97e3) bne     t6, s5, pc - 18
core   0: 3 0x8000325e (0xff5f97e3)
core   0: 0x8000324c (0x01c1f633) and     a2, gp, t3
core   0: 3 0x8000324c (0x01c1f633) x12 0x00000000
core   0: 0x80003250 (0x0000872d) c.srai  a4, 11
core   0: 3 0x80003250 (0x872d) x14 0x00000000
core   0: 0x80003252 (0x00000f85) c.addi  t6, 1
core   0: 3 0x80003252 (0x0f85) x31 0xfffffffc
core   0: 0x80003254 (0x00006105) c.addi16sp sp, 32
core   0: 3 0x80003254 (0x6105) x 2 0x000000a0
core   0: 0x80003256 (0x00445093) srli    ra, s0, 4
core   0: 3 0x80003256 (0x00445093) x 1 0x0ffffffe
core   0: 0x8000325a (0x01594c33) xor     s8, s2, s5
core   0: 3 0x8000325a (0x01594c33) x24 0x800191df
core   0: 0x8000325e (0xff5f97e3) bne     t6, s5, pc - 18
core   0: 3 0x8000325e (0xff5f97e3)
core   0: 0x8000324c (0x01c1f633) and     a2, gp, t3
core   0: 3 0x8000324c (0x01c1f633) x12 0x00000000
core   0: 0x80003250 (0x0000872d) c.srai  a4, 11
core   0: 3 0x80003250 (0x872d) x14 0x00000000
core   0: 0x80003252 (0x00000f85) c.addi  t6, 1
core   0: 3 0x80003252 (0x0f85) x31 0xfffffffd
core   0: 0x80003254 (0x00006105) c.addi16sp sp, 32
core   0: 3 0x80003254 (0x6105) x 2 0x000000c0
core   0: 0x80003256 (0x00445093) srli    ra, s0, 4
core   0: 3 0x80003256 (0x00445093) x 1 0x0ffffffe
core   0: 0x8000325a (0x01594c33) xor     s8, s2, s5
core   0: 3 0x8000325a (0x01594c33) x24 0x800191df
core   0: 0x8000325e (0xff5f97e3) bne     t6, s5, pc - 18
core   0: 3 0x8000325e (0xff5f97e3)
core   0: 0x8000324c (0x01c1f633) and     a2, gp, t3
core   0: 3 0x8000324c (0x01c1f633) x12 0x00000000
core   0: 0x80003250 (0x0000872d) c.srai  a4, 11
core   0: 3 0x80003250 (0x872d) x14 0x00000000
core   0: 0x80003252 (0x00000f85) c.addi  t6, 1
core   0: 3 0x80003252 (0x0f85) x31 0xfffffffe
core   0: 0x80003254 (0x00006105) c.addi16sp sp, 32
core   0: 3 0x80003254 (0x6105) x 2 0x000000e0
core   0: 0x80003256 (0x00445093) srli    ra, s0, 4
core   0: 3 0x80003256 (0x00445093) x 1 0x0ffffffe
core   0: 0x8000325a (0x01594c33) xor     s8, s2, s5
core   0: 3 0x8000325a (0x01594c33) x24 0x800191df
core   0: 0x8000325e (0xff5f97e3) bne     t6, s5, pc - 18
core   0: 3 0x8000325e (0xff5f97e3)
core   0: 0x8000324c (0x01c1f633) and     a2, gp, t3
core   0: 3 0x8000324c (0x01c1f633) x12 0x00000000
core   0: 0x80003250 (0x0000872d) c.srai  a4, 11
core   0: 3 0x80003250 (0x872d) x14 0x00000000
core   0: 0x80003252 (0x00000f85) c.addi  t6, 1
core   0: 3 0x80003252 (0x0f85) x31 0xffffffff
core   0: 0x80003254 (0x00006105) c.addi16sp sp, 32
core   0: 3 0x80003254 (0x6105) x 2 0x00000100
core   0: 0x80003256 (0x00445093) srli    ra, s0, 4
core   0: 3 0x80003256 (0x00445093) x 1 0x0ffffffe
core   0: 0x8000325a (0x01594c33) xor     s8, s2, s5
core   0: 3 0x8000325a (0x01594c33) x24 0x800191df
core   0: 0x8000325e (0xff5f97e3) bne     t6, s5, pc - 18
core   0: 3 0x8000325e (0xff5f97e3)
core   0: 0x8000324c (0x01c1f633) and     a2, gp, t3
core   0: 3 0x8000324c (0x01c1f633) x12 0x00000000
core   0: 0x80003250 (0x0000872d) c.srai  a4, 11
core   0: 3 0x80003250 (0x872d) x14 0x00000000
core   0: 0x80003252 (0x00000f85) c.addi  t6, 1
core   0: 3 0x80003252 (0x0f85) x31 0x00000000
core   0: 0x80003254 (0x00006105) c.addi16sp sp, 32
core   0: 3 0x80003254 (0x6105) x 2 0x00000120
core   0: 0x80003256 (0x00445093) srli    ra, s0, 4
core   0: 3 0x80003256 (0x00445093) x 1 0x0ffffffe
core   0: 0x8000325a (0x01594c33) xor     s8, s2, s5
core   0: 3 0x8000325a (0x01594c33) x24 0x800191df
core   0: 0x8000325e (0xff5f97e3) bne     t6, s5, pc - 18
core   0: 3 0x8000325e (0xff5f97e3)
core   0: 0x8000324c (0x01c1f633) and     a2, gp, t3
core   0: 3 0x8000324c (0x01c1f633) x12 0x00000000
core   0: 0x80003250 (0x0000872d) c.srai  a4, 11
core   0: 3 0x80003250 (0x872d) x14 0x00000000
core   0: 0x80003252 (0x00000f85) c.addi  t6, 1
core   0: 3 0x80003252 (0x0f85) x31 0x00000001
core   0: 0x80003254 (0x00006105) c.addi16sp sp, 32
core   0: 3 0x80003254 (0x6105) x 2 0x00000140
core   0: 0x80003256 (0x00445093) srli    ra, s0, 4
core   0: 3 0x80003256 (0x00445093) x 1 0x0ffffffe
core   0: 0x8000325a (0x01594c33) xor     s8, s2, s5
core   0: 3 0x8000325a (0x01594c33) x24 0x800191df
core   0: 0x8000325e (0xff5f97e3) bne     t6, s5, pc - 18
core   0: 3 0x8000325e (0xff5f97e3)
core   0: 0x8000324c (0x01c1f633) and     a2, gp, t3
core   0: 3 0x8000324c (0x01c1f633) x12 0x00000000
core   0: 0x80003250 (0x0000872d) c.srai  a4, 11
core   0: 3 0x80003250 (0x872d) x14 0x00000000
core   0: 0x80003252 (0x00000f85) c.addi  t6, 1
core   0: 3 0x80003252 (0x0f85) x31 0x00000002
core   0: 0x80003254 (0x00006105) c.addi16sp sp, 32
core   0: 3 0x80003254 (0x6105) x 2 0x00000160
core   0: 0x80003256 (0x00445093) srli    ra, s0, 4
core   0: 3 0x80003256 (0x00445093) x 1 0x0ffffffe
core   0: 0x8000325a (0x01594c33) xor     s8, s2, s5
core   0: 3 0x8000325a (0x01594c33) x24 0x800191df
core   0: 0x8000325e (0xff5f97e3) bne     t6, s5, pc - 18
core   0: 3 0x8000325e (0xff5f97e3)
core   0: 0x8000324c (0x01c1f633) and     a2, gp, t3
core   0: 3 0x8000324c (0x01c1f633) x12 0x00000000
core   0: 0x80003250 (0x0000872d) c.srai  a4, 11
core   0: 3 0x80003250 (0x872d) x14 0x00000000
core   0: 0x80003252 (0x00000f85) c.addi  t6, 1
core   0: 3 0x80003252 (0x0f85) x31 0x00000003
core   0: 0x80003254 (0x00006105) c.addi16sp sp, 32
core   0: 3 0x80003254 (0x6105) x 2 0x00000180
core   0: 0x80003256 (0x00445093) srli    ra, s0, 4
core   0: 3 0x80003256 (0x00445093) x 1 0x0ffffffe
core   0: 0x8000325a (0x01594c33) xor     s8, s2, s5
core   0: 3 0x8000325a (0x01594c33) x24 0x800191df
core   0: 0x8000325e (0xff5f97e3) bne     t6, s5, pc - 18
core   0: 3 0x8000325e (0xff5f97e3)
core   0: 0x8000324c (0x01c1f633) and     a2, gp, t3
core   0: 3 0x8000324c (0x01c1f633) x12 0x00000000
core   0: 0x80003250 (0x0000872d) c.srai  a4, 11
core   0: 3 0x80003250 (0x872d) x14 0x00000000
core   0: 0x80003252 (0x00000f85) c.addi  t6, 1
core   0: 3 0x80003252 (0x0f85) x31 0x00000004
core   0: 0x80003254 (0x00006105) c.addi16sp sp, 32
core   0: 3 0x80003254 (0x6105) x 2 0x000001a0
core   0: 0x80003256 (0x00445093) srli    ra, s0, 4
core   0: 3 0x80003256 (0x00445093) x 1 0x0ffffffe
core   0: 0x8000325a (0x01594c33) xor     s8, s2, s5
core   0: 3 0x8000325a (0x01594c33) x24 0x800191df
core   0: 0x8000325e (0xff5f97e3) bne     t6, s5, pc - 18
core   0: 3 0x8000325e (0xff5f97e3)
core   0: 0x8000324c (0x01c1f633) and     a2, gp, t3
core   0: 3 0x8000324c (0x01c1f633) x12 0x00000000
core   0: 0x80003250 (0x0000872d) c.srai  a4, 11
core   0: 3 0x80003250 (0x872d) x14 0x00000000
core   0: 0x80003252 (0x00000f85) c.addi  t6, 1
core   0: 3 0x80003252 (0x0f85) x31 0x00000005
core   0: 0x80003254 (0x00006105) c.addi16sp sp, 32
core   0: 3 0x80003254 (0x6105) x 2 0x000001c0
core   0: 0x80003256 (0x00445093) srli    ra, s0, 4
core   0: 3 0x80003256 (0x00445093) x 1 0x0ffffffe
core   0: 0x8000325a (0x01594c33) xor     s8, s2, s5
core   0: 3 0x8000325a (0x01594c33) x24 0x800191df
core   0: 0x8000325e (0xff5f97e3) bne     t6, s5, pc - 18
core   0: 3 0x8000325e (0xff5f97e3)
core   0: 0x80003262 (0x14a34117) auipc   sp, 0x14a34
core   0: 3 0x80003262 (0x14a34117) x 2 0x94a37262
core   0: 0x80003266 (0x03a253b3) divu    t2, tp, s10
core   0: 3 0x80003266 (0x03a253b3) x 7 0xffffffff
core   0: 0x8000326a (0xfd0503e3) beq     a0, a6, pc - 58
core   0: 3 0x8000326a (0xfd0503e3)
core   0: 0x8000326e (0x1c367493) andi    s1, a2, 451
core   0: 3 0x8000326e (0x1c367493) x 9 0x00000000
core   0: 0x80003272 (0x00014b97) auipc   s7, 0x14
core   0: 3 0x80003272 (0x00014b97) x23 0x80017272
core   0: 0x80003276 (0x2d8b8b93) addi    s7, s7, 728
core   0: 3 0x80003276 (0x2d8b8b93) x23 0x8001754a
core   0: 0x8000327a (0x0000ee97) auipc   t4, 0xe
core   0: 3 0x8000327a (0x0000ee97) x29 0x8001127a
core   0: 0x8000327e (0xb5ae8e93) addi    t4, t4, -1190
core   0: 3 0x8000327e (0xb5ae8e93) x29 0x80010dd4
core   0: 0x80003282 (0xd0de8503) lb      a0, -755(t4)
core   0: 3 0x80003282 (0xd0de8503) x10 0xffffff9a mem 0x80010ae1
core   0: 0x80003286 (0xbc7eaa23) sw      t2, -1068(t4)
core   0: 3 0x80003286 (0xbc7eaa23) mem 0x800109a8 0xffffffff
core   0: 0x8000328a (0xffabdf03) lhu     t5, -6(s7)
core   0: 3 0x8000328a (0xffabdf03) x30 0x0000feff mem 0x80017544
core   0: 0x8000328e (0xfdfec803) lbu     a6, -33(t4)
core   0: 3 0x8000328e (0xfdfec803) x16 0x00000068 mem 0x80010db3
core   0: 0x80003292 (0xd26e9003) lh      zero, -730(t4)
core   0: 3 0x80003292 (0xd26e9003) mem 0x80010afa
core   0: 0x80003296 (0xe72e8da3) sb      s2, -389(t4)
core   0: 3 0x80003296 (0xe72e8da3) mem 0x80010c4f 0xda
core   0: 0x8000329a (0xf88bdd03) lhu     s10, -120(s7)
core   0: 3 0x8000329a (0xf88bdd03) x26 0x00008889 mem 0x800174d2
core   0: 0x8000329e (0x076b85a3) sb      s6, 107(s7)
core   0: 3 0x8000329e (0x076b85a3) mem 0x800175b5 0x64
core   0: 0x800032a2 (0xa8cea003) lw      zero, -1396(t4)
core   0: 3 0x800032a2 (0xa8cea003) mem 0x80010860
core   0: 0x800032a6 (0xfa3b89a3) sb      gp, -77(s7)
core   0: 3 0x800032a6 (0xfa3b89a3) mem 0x800174fd 0x98
core   0: 0x800032aa (0x906e88a3) sb      t1, -1775(t4)
core   0: 3 0x800032aa (0x906e88a3) mem 0x800106e5 0x0
core   0: 0x800032ae (0x8a8e9623) sh      s0, -1876(t4)
core   0: 3 0x800032ae (0x8a8e9623) mem 0x80010680 0xffe2
core   0: 0x800032b2 (0x08ebcf03) lbu     t5, 142(s7)
core   0: 3 0x800032b2 (0x08ebcf03) x30 0x00000093 mem 0x800175d8
core   0: 0x800032b6 (0xcfde8d03) lb      s10, -771(t4)
core   0: 3 0x800032b6 (0xcfde8d03) x26 0xffffff8a mem 0x80010ad1
core   0: 0x800032ba (0x027e8d03) lb      s10, 39(t4)
core   0: 3 0x800032ba (0x027e8d03) x26 0xffffffb0 mem 0x80010dfb
core   0: 0x800032be (0x030b8a03) lb      s4, 48(s7)
core   0: 3 0x800032be (0x030b8a03) x20 0x00000031 mem 0x8001757a
core   0: 0x800032c2 (0x0000f117) auipc   sp, 0xf
core   0: 3 0x800032c2 (0x0000f117) x 2 0x800122c2
core   0: 0x800032c6 (0xfba10113) addi    sp, sp, -70
core   0: 3 0x800032c6 (0xfba10113) x 2 0x8001227c
core   0: 0x800032ca (0x000042b2) c.lwsp  t0, 12(sp)
core   0: 3 0x800032ca (0x42b2) x 5 0x40414243 mem 0x80012288
core   0: 0x800032cc (0x0000c60a) c.swsp  sp, 12(sp)
core   0: 3 0x800032cc (0xc60a) mem 0x80012288 0x8001227c
core   0: 0x800032ce (0x0000c636) c.swsp  a3, 12(sp)
core   0: 3 0x800032ce (0xc636) mem 0x80012288 0x0caa2000
core   0: 0x800032d0 (0x000043b2) c.lwsp  t2, 12(sp)
core   0: 3 0x800032d0 (0x43b2) x 7 0x0caa2000 mem 0x80012288
core   0: 0x800032d2 (0x0000845d) c.srai  s0, 23
core   0: 3 0x800032d2 (0x845d) x 8 0xffffffff
core   0: 0x800032d4 (0x0000c60e) c.swsp  gp, 12(sp)
core   0: 3 0x800032d4 (0xc60e) mem 0x80012288 0x00000098
core   0: 0x800032d6 (0x000043b2) c.lwsp  t2, 12(sp)
core   0: 3 0x800032d6 (0x43b2) x 7 0x00000098 mem 0x80012288
core   0: 0x800032d8 (0x7f697293) andi    t0, s2, 2038
core   0: 3 0x800032d8 (0x7f697293) x 5 0x000001d2
core   0: 0x800032dc (0x0000c65a) c.swsp  s6, 12(sp)
core   0: 3 0x800032dc (0xc65a) mem 0x80012288 0x80025e64
core   0: 0x800032de (0x0094cfb3) xor     t6, s1, s1
core   0: 3 0x800032de (0x0094cfb3) x31 0x00000000
core   0: 0x800032e2 (0x0000c656) c.swsp  s5, 12(sp)
core   0: 3 0x800032e2 (0xc656) mem 0x80012288 0x00000005
core   0: 0x800032e4 (0x00004eb2) c.lwsp  t4, 12(sp)
core   0: 3 0x800032e4 (0x4eb2) x29 0x00000005 mem 0x80012288
core   0: 0x800032e6 (0x0000c61e) c.swsp  t2, 12(sp)
core   0: 3 0x800032e6 (0xc61e) mem 0x80012288 0x00000098
core   0: 0x800032e8 (0x00008e21) c.xor   a2, s0
core   0: 3 0x800032e8 (0x8e21) x12 0xffffffff
core   0: 0x800032ea (0x0000c64a) c.swsp  s2, 12(sp)
core   0: 3 0x800032ea (0xc64a) mem 0x80012288 0x800191da
core   0: 0x800032ec (0x00004532) c.lwsp  a0, 12(sp)
core   0: 3 0x800032ec (0x4532) x10 0x800191da mem 0x80012288
core   0: 0x800032ee (0x0000c676) c.swsp  t4, 12(sp)
core   0: 3 0x800032ee (0xc676) mem 0x80012288 0x00000005
core   0: 0x800032f0 (0x0000c60a) c.swsp  sp, 12(sp)
core   0: 3 0x800032f0 (0xc60a) mem 0x80012288 0x8001227c
core   0: 0x800032f2 (0x00004e32) c.lwsp  t3, 12(sp)
core   0: 3 0x800032f2 (0x4e32) x28 0x8001227c mem 0x80012288
core   0: 0x800032f4 (0x00004332) c.lwsp  t1, 12(sp)
core   0: 3 0x800032f4 (0x4332) x 6 0x8001227c mem 0x80012288
core   0: 0x800032f6 (0x00019517) auipc   a0, 0x19
core   0: 3 0x800032f6 (0x00019517) x10 0x8001c2f6
core   0: 0x800032fa (0xb1450513) addi    a0, a0, -1260
core   0: 3 0x800032fa (0xb1450513) x10 0x8001be0a
core   0: 0x800032fe (0x01054203) lbu     tp, 16(a0)
core   0: 3 0x800032fe (0x01054203) x 4 0x000000d1 mem 0x8001be1a
core   0: 0x80003302 (0x00e55f03) lhu     t5, 14(a0)
core   0: 3 0x80003302 (0x00e55f03) x30 0x0000d2d3 mem 0x8001be18
core   0: 0x80003306 (0xfe650e23) sb      t1, -4(a0)
core   0: 3 0x80003306 (0xfe650e23) mem 0x8001be06 0x7c
core   0: 0x8000330a (0x0000117d) c.addi  sp, -1
core   0: 3 0x8000330a (0x117d) x 2 0x8001227b
core   0: 0x8000330c (0xff250ea3) sb      s2, -3(a0)
core   0: 3 0x8000330c (0xff250ea3) mem 0x8001be07 0xda
core   0: 0x80003310 (0xffe50aa3) sb      t5, -11(a0)
core   0: 3 0x80003310 (0xffe50aa3) mem 0x8001bdff 0xd3
core   0: 0x80003314 (0x020e55b3) divu    a1, t3, zero
core   0: 3 0x80003314 (0x020e55b3) x11 0xffffffff
core   0: 0x80003318 (0x010a2433) slt     s0, s4, a6
core   0: 3 0x80003318 (0x010a2433) x 8 0x00000001
core   0: 0x8000331c (0x00b34133) xor     sp, t1, a1
core   0: 3 0x8000331c (0x00b34133) x 2 0x7ffedd83
core   0: 0x80003320 (0xff252923) sw      s2, -14(a0)
core   0: 3 0x80003320 (0xff252923) mem 0x8001bdfc 0x800191da
core   0: 0x80003324 (0x41610cb3) sub     s9, sp, s6
core   0: 3 0x80003324 (0x41610cb3) x25 0xfffc7f1f
core   0: 0x80003328 (0x00963033) sltu    zero, a2, s1
core   0: 3 0x80003328 (0x00963033)
core   0: 0x8000332c (0x00a45bb3) srl     s7, s0, a0
core   0: 3 0x8000332c (0x00a45bb3) x23 0x00000000
core   0: 0x80003330 (0xfea51923) sh      a0, -14(a0)
core   0: 3 0x80003330 (0xfea51923) mem 0x8001bdfc 0xbe0a
core   0: 0x80003334 (0x41bddb93) srai    s7, s11, 27
core   0: 3 0x80003334 (0x41bddb93) x23 0xfffffff0
core   0: 0x80003338 (0x0088f3b3) and     t2, a7, s0
core   0: 3 0x80003338 (0x0088f3b3) x 7 0x00000000
core   0: 0x8000333c (0xfff50003) lb      zero, -1(a0)
core   0: 3 0x8000333c (0xfff50003) mem 0x8001be09
core   0: 0x80003340 (0x02c3c2b3) div     t0, t2, a2
core   0: 3 0x80003340 (0x02c3c2b3) x 5 0x00000000
core   0: 0x80003344 (0xff754083) lbu     ra, -9(a0)
core   0: 3 0x80003344 (0xff754083) x 1 0x000000ba mem 0x8001be01
core   0: 0x80003348 (0x00008f41) c.or    a4, s0
core   0: 3 0x80003348 (0x8f41) x14 0x00000001
core   0: 0x8000334a (0x011822b3) slt     t0, a6, a7
core   0: 3 0x8000334a (0x011822b3) x 5 0x00000000
core   0: 0x8000334e (0xcd9cea13) ori     s4, s9, -807
core   0: 3 0x8000334e (0xcd9cea13) x20 0xffffffdf
core   0: 0x80003352 (0x00454903) lbu     s2, 4(a0)
core   0: 3 0x80003352 (0x00454903) x18 0x000000c5 mem 0x8001be0e
core   0: 0x80003356 (0x00550883) lb      a7, 5(a0)
core   0: 3 0x80003356 (0x00550883) x17 0xffffffc4 mem 0x8001be0f
core   0: 0x8000335a (0x01050723) sb      a6, 14(a0)
core   0: 3 0x8000335a (0x01050723) mem 0x8001be18 0x68
core   0: 0x8000335e (0x00008cb9) c.xor   s1, a4
core   0: 3 0x8000335e (0x8cb9) x 9 0x00000001
core   0: 0x80003360 (0xff354203) lbu     tp, -13(a0)
core   0: 3 0x80003360 (0xff354203) x 4 0x000000be mem 0x8001bdfd
core   0: 0x80003364 (0x40718033) sub     zero, gp, t2
core   0: 3 0x80003364 (0x40718033)
core   0: 0x80003368 (0x00008f6d) c.and   a4, a1
core   0: 3 0x80003368 (0x8f6d) x14 0x00000001
core   0: 0x8000336a (0x00a505a3) sb      a0, 11(a0)
core   0: 3 0x8000336a (0x00a505a3) mem 0x8001be15 0xa
core   0: 0x8000336e (0x00014e17) auipc   t3, 0x14
core   0: 3 0x8000336e (0x00014e17) x28 0x8001736e
core   0: 0x80003372 (0x8c0e0e13) addi    t3, t3, -1856
core   0: 3 0x80003372 (0x8c0e0e13) x28 0x80016c2e
core   0: 0x80003376 (0xff2e4583) lbu     a1, -14(t3)
core   0: 3 0x80003376 (0xff2e4583) x11 0x000000db mem 0x80016c20
core   0: 0x8000337a (0xff3e4f83) lbu     t6, -13(t3)
core   0: 3 0x8000337a (0xff3e4f83) x31 0x000000da mem 0x80016c21
core   0: 0x8000337e (0x027775b3) remu    a1, a4, t2
core   0: 3 0x8000337e (0x027775b3) x11 0x00000001
core   0: 0x80003382 (0x00ae0383) lb      t2, 10(t3)
core   0: 3 0x80003382 (0x00ae0383) x 7 0xfffffff3 mem 0x80016c38
core   0: 0x80003386 (0xa9570593) addi    a1, a4, -1387
core   0: 3 0x80003386 (0xa9570593) x11 0xfffffa96
core   0: 0x8000338a (0x0ff0000f) fence   iorw,iorw
core   0: 3 0x8000338a (0x0ff0000f)
core   0: 0x8000338e (0xfebe0ba3) sb      a1, -9(t3)
core   0: 3 0x8000338e (0xfebe0ba3) mem 0x80016c25 0x96
core   0: 0x80003392 (0x007e0f83) lb      t6, 7(t3)
core   0: 3 0x80003392 (0x007e0f83) x31 0xffffffee mem 0x80016c35
core   0: 0x80003396 (0x010e0903) lb      s2, 16(t3)
core   0: 3 0x80003396 (0x010e0903) x18 0xfffffff5 mem 0x80016c3e
core   0: 0x8000339a (0x40e75fb3) sra     t6, a4, a4
core   0: 3 0x8000339a (0x40e75fb3) x31 0x00000000
core   0: 0x8000339e (0x0ff0000f) fence   iorw,iorw
core   0: 3 0x8000339e (0x0ff0000f)
core   0: 0x800033a2 (0x5421c397) auipc   t2, 0x5421c
core   0: 3 0x800033a2 (0x5421c397) x 7 0xd421f3a2
core   0: 0x800033a6 (0x00008741) c.srai  a4, 16
core   0: 3 0x800033a6 (0x8741) x14 0x00000000
core   0: 0x800033a8 (0x40e95733) sra     a4, s2, a4
core   0: 3 0x800033a8 (0x40e95733) x14 0xfffffff5
core   0: 0x800033ac (0x034a4fb3) div     t6, s4, s4
core   0: 3 0x800033ac (0x034a4fb3) x31 0x00000001
core   0: 0x800033b0 (0x02e5a733) mulhsu  a4, a1, a4
core   0: 3 0x800033b0 (0x02e5a733) x14 0xfffffa96
core   0: 0x800033b4 (0x010e0a03) lb      s4, 16(t3)
core   0: 3 0x800033b4 (0x010e0a03) x20 0xfffffff5 mem 0x80016c3e
core   0: 0x800033b8 (0x007e2723) sw      t2, 14(t3)
core   0: 3 0x800033b8 (0x007e2723) mem 0x80016c3c 0xd421f3a2
core   0: 0x800033bc (0xfeee0a23) sb      a4, -12(t3)
core   0: 3 0x800033bc (0xfeee0a23) mem 0x80016c22 0x96
core   0: 0x800033c0 (0x007e1623) sh      t2, 12(t3)
core   0: 3 0x800033c0 (0x007e1623) mem 0x80016c3a 0xf3a2
core   0: 0x800033c4 (0x75da4a13) xori    s4, s4, 1885
core   0: 3 0x800033c4 (0x75da4a13) x20 0xfffff8a8
core   0: 0x800033c8 (0x00ee1583) lh      a1, 14(t3)
core   0: 3 0x800033c8 (0x00ee1583) x11 0xfffff3a2 mem 0x80016c3c
core   0: 0x800033cc (0x00008d99) c.sub   a1, a4
core   0: 3 0x800033cc (0x8d99) x11 0xfffff90c
core   0: 0x800033ce (0xff5e4f83) lbu     t6, -11(t3)
core   0: 3 0x800033ce (0xff5e4f83) x31 0x000000d8 mem 0x80016c23
core   0: 0x800033d2 (0x00776733) or      a4, a4, t2
core   0: 3 0x800033d2 (0x00776733) x14 0xfffffbb6
core   0: 0x800033d6 (0xfffe4a03) lbu     s4, -1(t3)
core   0: 3 0x800033d6 (0xfffe4a03) x20 0x000000e6 mem 0x80016c2d
core   0: 0x800033da (0xff9e4583) lbu     a1, -7(t3)
core   0: 3 0x800033da (0xff9e4583) x11 0x000000dc mem 0x80016c27
core   0: 0x800033de (0xfffe4903) lbu     s2, -1(t3)
core   0: 3 0x800033de (0xfffe4903) x18 0x000000e6 mem 0x80016c2d
core   0: 0x800033e2 (0x00bfea33) or      s4, t6, a1
core   0: 3 0x800033e2 (0x00bfea33) x20 0x000000dc
core   0: 0x800033e6 (0xff3e0a03) lb      s4, -13(t3)
core   0: 3 0x800033e6 (0xff3e0a03) x20 0xffffffda mem 0x80016c21
core   0: 0x800033ea (0x0000672d) c.lui   a4, 0xb
core   0: 3 0x800033ea (0x672d) x14 0x0000b000
core   0: 0x800033ec (0x00de0583) lb      a1, 13(t3)
core   0: 3 0x800033ec (0x00de0583) x11 0xfffffff3 mem 0x80016c3b
core   0: 0x800033f0 (0xfebe1f23) sh      a1, -2(t3)
core   0: 3 0x800033f0 (0xfebe1f23) mem 0x80016c2c 0xfff3
core   0: 0x800033f4 (0x00efa3b3) slt     t2, t6, a4
core   0: 3 0x800033f4 (0x00efa3b3) x 7 0x00000001
core   0: 0x800033f8 (0xff9e0583) lb      a1, -7(t3)
core   0: 3 0x800033f8 (0xff9e0583) x11 0xffffffdc mem 0x80016c27
core   0: 0x800033fc (0x007e0703) lb      a4, 7(t3)
core   0: 3 0x800033fc (0x007e0703) x14 0xffffffee mem 0x80016c35
core   0: 0x80003400 (0xfffe0ba3) sb      t6, -9(t3)
core   0: 3 0x80003400 (0xfffe0ba3) mem 0x80016c25 0xd8
core   0: 0x80003404 (0x008e4a03) lbu     s4, 8(t3)
core   0: 3 0x80003404 (0x008e4a03) x20 0x000000ed mem 0x80016c36
core   0: 0x80003408 (0x000005a9) c.addi  a1, 10
core   0: 3 0x80003408 (0x05a9) x11 0xffffffe6
core   0: 0x8000340a (0x012a3fb3) sltu    t6, s4, s2
core   0: 3 0x8000340a (0x012a3fb3) x31 0x00000000
core   0: 0x8000340e (0xff8e4f83) lbu     t6, -8(t3)
core   0: 3 0x8000340e (0xff8e4f83) x31 0x000000dd mem 0x80016c26
core   0: 0x80003412 (0x012e05a3) sb      s2, 11(t3)
core   0: 3 0x80003412 (0x012e05a3) mem 0x80016c39 0xe6
core   0: 0x80003416 (0x020003ef) jal     t2, pc + 0x20
core   0: 3 0x80003416 (0x020003ef) x 7 0x8000341a
core   0: 0x80003436 (0x0000bfc5) c.j     pc - 16
core   0: 3 0x80003436 (0xbfc5)
core   0: 0x80003426 (0x00002039) c.jal   pc + 14
core   0: 3 0x80003426 (0x2039) x 1 0x80003428
core   0: 0x80003434 (0x00003fe5) c.jal   pc - 8
core   0: 3 0x80003434 (0x3fe5) x 1 0x80003436
core   0: 0x8000342c (0x01c000ef) jal     pc + 0x1c
core   0: 3 0x8000342c (0x01c000ef) x 1 0x80003430
core   0: 0x80003448 (0xfe9ff0ef) jal     pc - 0x18
core   0: 3 0x80003448 (0xfe9ff0ef) x 1 0x8000344c
core   0: 0x80003430 (0x0000a021) c.j     pc + 8
core   0: 3 0x80003430 (0xa021)
core   0: 0x80003438 (0x0040036f) jal     t1, pc + 0x4
core   0: 3 0x80003438 (0x0040036f) x 6 0x8000343c
core   0: 0x8000343c (0x004003ef) jal     t2, pc + 0x4
core   0: 3 0x8000343c (0x004003ef) x 7 0x80003440
core   0: 0x80003440 (0x00002019) c.jal   pc + 6
core   0: 3 0x80003440 (0x2019) x 1 0x80003442
core   0: 0x80003446 (0x0000a029) c.j     pc + 10
core   0: 3 0x80003446 (0xa029)
core   0: 0x80003450 (0x00003fd1) c.jal   pc - 44
core   0: 3 0x80003450 (0x3fd1) x 1 0x80003452
core   0: 0x80003424 (0x00003ffd) c.jal   pc - 2
core   0: 3 0x80003424 (0x3ffd) x 1 0x80003426
core   0: 0x80003422 (0x0000bfe5) c.j     pc - 8
core   0: 3 0x80003422 (0xbfe5)
core   0: 0x8000341a (0x038000ef) jal     pc + 0x38
core   0: 3 0x8000341a (0x038000ef) x 1 0x8000341e
core   0: 0x80003452 (0xffbff0ef) jal     pc - 0x6
core   0: 3 0x80003452 (0xffbff0ef) x 1 0x80003456
core   0: 0x8000344c (0x0000a009) c.j     pc + 2
core   0: 3 0x8000344c (0xa009)
core   0: 0x8000344e (0x0000b7d5) c.j     pc - 28
core   0: 3 0x8000344e (0xb7d5)
core   0: 0x80003432 (0x00003fdd) c.jal   pc - 10
core   0: 3 0x80003432 (0x3fdd) x 1 0x80003434
core   0: 0x80003428 (0xff7ff0ef) jal     pc - 0xa
core   0: 3 0x80003428 (0xff7ff0ef) x 1 0x8000342c
core   0: 0x8000341e (0x0240036f) jal     t1, pc + 0x24
core   0: 3 0x8000341e (0x0240036f) x 6 0x80003422
core   0: 0x80003442 (0x014000ef) jal     pc + 0x14
core   0: 3 0x80003442 (0x014000ef) x 1 0x80003446
core   0: 0x80003456 (0x9d507913) andi    s2, zero, -1579
core   0: 3 0x80003456 (0x9d507913) x18 0x00000000
core   0: 0x8000345a (0x00011117) auipc   sp, 0x11
core   0: 3 0x8000345a (0x00011117) x 2 0x8001445a
core   0: 0x8000345e (0x97e10113) addi    sp, sp, -1666
core   0: 3 0x8000345e (0x97e10113) x 2 0x80013dd8
core   0: 0x80003462 (0x0000093e) c.slli  s2, 15
core   0: 3 0x80003462 (0x093e) x18 0x00000000
core   0: 0x80003464 (0xfdd104a3) sb      t4, -55(sp)
core   0: 3 0x80003464 (0xfdd104a3) mem 0x80013da1 0x5
core   0: 0x80003468 (0x407006b3) sub     a3, zero, t2
core   0: 3 0x80003468 (0x407006b3) x13 0x7fffcbc0
core   0: 0x8000346c (0x02810d23) sb      s0, 58(sp)
core   0: 3 0x8000346c (0x02810d23) mem 0x80013e12 0x1
core   0: 0x80003470 (0x0ff0000f) fence   iorw,iorw
core   0: 3 0x80003470 (0x0ff0000f)
core   0: 0x80003474 (0x01215703) lhu     a4, 18(sp)
core   0: 3 0x80003474 (0x01215703) x14 0x0000a0a1 mem 0x80013dea
core   0: 0x80003478 (0x01710f23) sb      s7, 30(sp)
core   0: 3 0x80003478 (0x01710f23) mem 0x80013df6 0xf0
core   0: 0x8000347c (0x00008395) c.srli  a5, 5
core   0: 3 0x8000347c (0x8395) x15 0x04000872
core   0: 0x8000347e (0x9515fe93) andi    t4, a1, -1711
core   0: 3 0x8000347e (0x9515fe93) x29 0xfffff940
core   0: 0x80003482 (0x000487b3) add     a5, s1, zero
core   0: 3 0x80003482 (0x000487b3) x15 0x00000001
core   0: 0x80003486 (0xfca10183) lb      gp, -54(sp)
core   0: 3 0x80003486 (0xfca10183) x 3 0x00000059 mem 0x80013da2
core   0: 0x8000348a (0x00731a33) sll     s4, t1, t2
core   0: 3 0x8000348a (0x00731a33) x20 0x80003422
core   0: 0x8000348e (0x00008f05) c.sub   a4, s1
core   0: 3 0x8000348e (0x8f05) x14 0x0000a0a0
core   0: 0x80003490 (0x0090a7b3) slt     a5, ra, s1
core   0: 3 0x80003490 (0x0090a7b3) x15 0x00000001
core   0: 0x80003494 (0x000054e2) c.lwsp  s1, 56(sp)
core   0: 3 0x80003494 (0x54e2) x 9 0xc801cacb mem 0x80013e10
core   0: 0x80003496 (0x00798d33) add     s10, s3, t2
core   0: 3 0x80003496 (0x00798d33) x26 0x80003448
core   0: 0x8000349a (0x0000811d) c.srli  a0, 7
core   0: 3 0x8000349a (0x811d) x10 0x0100037c
core   0: 0x8000349c (0xff910fa3) sb      s9, -1(sp)
core   0: 3 0x8000349c (0xff910fa3) mem 0x80013dd7 0x1f
core   0: 0x800034a0 (0x01215f03) lhu     t5, 18(sp)
core   0: 3 0x800034a0 (0x01215f03) x30 0x0000a0a1 mem 0x80013dea
core   0: 0x800034a4 (0x00a10083) lb      ra, 10(sp)
core   0: 3 0x800034a4 (0x00a10083) x 1 0xffffff99 mem 0x80013de2
core   0: 0x800034a8 (0xff215883) lhu     a7, -14(sp)
core   0: 3 0x800034a8 (0xff215883) x17 0x00008081 mem 0x80013dca
core   0: 0x800034ac (0xfd710da3) sb      s7, -37(sp)
core   0: 3 0x800034ac (0xfd710da3) mem 0x80013db3 0xf0
core   0: 0x800034b0 (0xfc910283) lb      t0, -55(sp)
core   0: 3 0x800034b0 (0xfc910283) x 5 0x00000005 mem 0x80013da1
core   0: 0x800034b4 (0x02cba333) mulhsu  t1, s7, a2
core   0: 3 0x800034b4 (0x02cba333) x 6 0xfffffff0
core   0: 0x800034b8 (0x0000418d) c.li    gp, 3
core   0: 3 0x800034b8 (0x418d) x 3 0x00000003
core   0: 0x800034ba (0x01808433) add     s0, ra, s8
core   0: 3 0x800034ba (0x01808433) x 8 0x80019178
core   0: 0x800034be (0x038102a3) sb      s8, 37(sp)
core   0: 3 0x800034be (0x038102a3) mem 0x80013dfd 0xdf
core   0: 0x800034c2 (0x6a48f293) andi    t0, a7, 1700
core   0: 3 0x800034c2 (0x6a48f293) x 5 0x00000080
core   0: 0x800034c6 (0xfcf14403) lbu     s0, -49(sp)
core   0: 3 0x800034c6 (0xfcf14403) x 8 0x0000005c mem 0x80013da7
core   0: 0x800034ca (0xffc10b23) sb      t3, -10(sp)
core   0: 3 0x800034ca (0xffc10b23) mem 0x80013dce 0x2e
core   0: 0x800034ce (0x00d10003) lb      zero, 13(sp)
core   0: 3 0x800034ce (0x00d10003) mem 0x80013de5
core   0: 0x800034d2 (0x000017fd) c.addi  a5, -1
core   0: 3 0x800034d2 (0x17fd) x15 0x00000000
core   0: 0x800034d4 (0xfe914183) lbu     gp, -23(sp)
core   0: 3 0x800034d4 (0xfe914183) x 3 0x0000007a mem 0x80013dc1
core   0: 0x800034d8 (0xc23fe693) ori     a3, t6, -989
core   0: 3 0x800034d8 (0xc23fe693) x13 0xfffffcff
core   0: 0x800034dc (0x0091d913) srli    s2, gp, 9
core   0: 3 0x800034dc (0x0091d913) x18 0x00000000
core   0: 0x800034e0 (0xfd812a23) sw      s8, -44(sp)
core   0: 3 0x800034e0 (0xfd812a23) mem 0x80013dac 0x800191df
core   0: 0x800034e4 (0x00008211) c.srli  a2, 4
core   0: 3 0x800034e4 (0x8211) x12 0x0fffffff
core   0: 0x800034e6 (0x03510703) lb      a4, 53(sp)
core   0: 3 0x800034e6 (0x03510703) x14 0xffffffc6 mem 0x80013e0d
core   0: 0x800034ea (0xfd714583) lbu     a1, -41(sp)
core   0: 3 0x800034ea (0xfd714583) x11 0x00000080 mem 0x80013daf
core   0: 0x800034ee (0xfe310da3) sb      gp, -5(sp)
core   0: 3 0x800034ee (0xfe310da3) mem 0x80013dd3 0x7a
core   0: 0x800034f2 (0x000046fd) c.li    a3, 31
core   0: 3 0x800034f2 (0x46fd) x13 0x0000001f
core   0: 0x800034f4 (0xfe814503) lbu     a0, -24(sp)
core   0: 3 0x800034f4 (0xfe814503) x10 0x0000007b mem 0x80013dc0
core   0: 0x800034f8 (0x045dd097) auipc   ra, 0x45dd
core   0: 3 0x800034f8 (0x045dd097) x 1 0x845e04f8
core   0: 0x800034fc (0x00000001) c.nop
core   0: 3 0x800034fc (0x0001)
core   0: 0x800034fe (0x02310783) lb      a5, 35(sp)
core   0: 3 0x800034fe (0x02310783) x15 0xffffffb0 mem 0x80013dfb
core   0: 0x80003502 (0x0000100f) fence.i
core   0: 3 0x80003502 (0x0000100f)
core   0: 0x80003506 (0x03720d33) mul     s10, tp, s7
core   0: 3 0x80003506 (0x03720d33) x26 0xfffff420
core   0: 0x8000350a (0x0000127d) c.addi  tp, -1
core   0: 3 0x8000350a (0x127d) x 4 0x000000bd
core   0: 0x8000350c (0xfe615883) lhu     a7, -26(sp)
core   0: 3 0x8000350c (0xfe615883) x17 0x00007475 mem 0x80013dbe
core   0: 0x80003510 (0x00000893) li      a7, 0
core   0: 3 0x80003510 (0x00000893) x17 0x00000000
core   0: 0x80003514 (0x00008c61) c.and   s0, s0
core   0: 3 0x80003514 (0x8c61) x 8 0x0000005c
core   0: 0x80003516 (0x0ff0000f) fence   iorw,iorw
core   0: 3 0x80003516 (0x0ff0000f)
core   0: 0x8000351a (0x03945d33) divu    s10, s0, s9
core   0: 3 0x8000351a (0x03945d33) x26 0x00000000
core   0: 0x8000351e (0xbebb7c93) andi    s9, s6, -1045
core   0: 3 0x8000351e (0xbebb7c93) x25 0x80025a60
core   0: 0x80003522 (0x01000113) li      sp, 16
core   0: 3 0x80003522 (0x01000113) x 2 0x00000010
core   0: 0x80003526 (0x000082a9) c.srli  a3, 10
core   0: 3 0x80003526 (0x82a9) x13 0x00000000
core   0: 0x80003528 (0xe87a4293) xori    t0, s4, -377
core   0: 3 0x80003528 (0xe87a4293) x 5 0x7fffcaa5
core   0: 0x8000352c (0x00000891) c.addi  a7, 4
core   0: 3 0x8000352c (0x0891) x17 0x00000004
core   0: 0x8000352e (0x026e3bb3) mulhu   s7, t3, t1
core   0: 3 0x8000352e (0x026e3bb3) x23 0x80016c25
core   0: 0x80003532 (0x41100733) sub     a4, zero, a7
core   0: 3 0x80003532 (0x41100733) x14 0xfffffffc
core   0: 0x80003536 (0x00000e26) c.slli  t3, 9
core   0: 3 0x80003536 (0x0e26) x28 0x02d85c00
core   0: 0x80003538 (0x0ff0000f) fence   iorw,iorw
core   0: 3 0x80003538 (0x0ff0000f)
core   0: 0x8000353c (0xf1882717) auipc   a4, 0xf1882
core   0: 3 0x8000353c (0xf1882717) x14 0x7188553c
core   0: 0x80003540 (0x00009bfd) c.andi  a5, -1
core   0: 3 0x80003540 (0x9bfd) x15 0xffffffb0
core   0: 0x80003542 (0x00008db9) c.xor   a1, a4
core   0: 3 0x80003542 (0x8db9) x11 0x718855bc
core   0: 0x80003544 (0x413d04b3) sub     s1, s10, s3
core   0: 3 0x80003544 (0x413d04b3) x 9 0xfffffff8
core   0: 0x80003548 (0xfe28e0e3) bltu    a7, sp, pc - 32
core   0: 3 0x80003548 (0xfe28e0e3)
core   0: 0x80003528 (0xe87a4293) xori    t0, s4, -377
core   0: 3 0x80003528 (0xe87a4293) x 5 0x7fffcaa5
core   0: 0x8000352c (0x00000891) c.addi  a7, 4
core   0: 3 0x8000352c (0x0891) x17 0x00000008
core   0: 0x8000352e (0x026e3bb3) mulhu   s7, t3, t1
core   0: 3 0x8000352e (0x026e3bb3) x23 0x02d85bff
core   0: 0x80003532 (0x41100733) sub     a4, zero, a7
core   0: 3 0x80003532 (0x41100733) x14 0xfffffff8
core   0: 0x80003536 (0x00000e26) c.slli  t3, 9
core   0: 3 0x80003536 (0x0e26) x28 0xb0b80000
core   0: 0x80003538 (0x0ff0000f) fence   iorw,iorw
core   0: 3 0x80003538 (0x0ff0000f)
core   0: 0x8000353c (0xf1882717) auipc   a4, 0xf1882
core   0: 3 0x8000353c (0xf1882717) x14 0x7188553c
core   0: 0x80003540 (0x00009bfd) c.andi  a5, -1
core   0: 3 0x80003540 (0x9bfd) x15 0xffffffb0
core   0: 0x80003542 (0x00008db9) c.xor   a1, a4
core   0: 3 0x80003542 (0x8db9) x11 0x00000080
core   0: 0x80003544 (0x413d04b3) sub     s1, s10, s3
core   0: 3 0x80003544 (0x413d04b3) x 9 0xfffffff8
core   0: 0x80003548 (0xfe28e0e3) bltu    a7, sp, pc - 32
core   0: 3 0x80003548 (0xfe28e0e3)
core   0: 0x80003528 (0xe87a4293) xori    t0, s4, -377
core   0: 3 0x80003528 (0xe87a4293) x 5 0x7fffcaa5
core   0: 0x8000352c (0x00000891) c.addi  a7, 4
core   0: 3 0x8000352c (0x0891) x17 0x0000000c
core   0: 0x8000352e (0x026e3bb3) mulhu   s7, t3, t1
core   0: 3 0x8000352e (0x026e3bb3) x23 0xb0b7fff4
core   0: 0x80003532 (0x41100733) sub     a4, zero, a7
core   0: 3 0x80003532 (0x41100733) x14 0xfffffff4
core   0: 0x80003536 (0x00000e26) c.slli  t3, 9
core   0: 3 0x80003536 (0x0e26) x28 0x70000000
core   0: 0x80003538 (0x0ff0000f) fence   iorw,iorw
core   0: 3 0x80003538 (0x0ff0000f)
core   0: 0x8000353c (0xf1882717) auipc   a4, 0xf1882
core   0: 3 0x8000353c (0xf1882717) x14 0x7188553c
core   0: 0x80003540 (0x00009bfd) c.andi  a5, -1
core   0: 3 0x80003540 (0x9bfd) x15 0xffffffb0
core   0: 0x80003542 (0x00008db9) c.xor   a1, a4
core   0: 3 0x80003542 (0x8db9) x11 0x718855bc
core   0: 0x80003544 (0x413d04b3) sub     s1, s10, s3
core   0: 3 0x80003544 (0x413d04b3) x 9 0xfffffff8
core   0: 0x80003548 (0xfe28e0e3) bltu    a7, sp, pc - 32
core   0: 3 0x80003548 (0xfe28e0e3)
core   0: 0x80003528 (0xe87a4293) xori    t0, s4, -377
core   0: 3 0x80003528 (0xe87a4293) x 5 0x7fffcaa5
core   0: 0x8000352c (0x00000891) c.addi  a7, 4
core   0: 3 0x8000352c (0x0891) x17 0x00000010
core   0: 0x8000352e (0x026e3bb3) mulhu   s7, t3, t1
core   0: 3 0x8000352e (0x026e3bb3) x23 0x6ffffff9
core   0: 0x80003532 (0x41100733) sub     a4, zero, a7
core   0: 3 0x80003532 (0x41100733) x14 0xfffffff0
core   0: 0x80003536 (0x00000e26) c.slli  t3, 9
core   0: 3 0x80003536 (0x0e26) x28 0x00000000
core   0: 0x80003538 (0x0ff0000f) fence   iorw,iorw
core   0: 3 0x80003538 (0x0ff0000f)
core   0: 0x8000353c (0xf1882717) auipc   a4, 0xf1882
core   0: 3 0x8000353c (0xf1882717) x14 0x7188553c
core   0: 0x80003540 (0x00009bfd) c.andi  a5, -1
core   0: 3 0x80003540 (0x9bfd) x15 0xffffffb0
core   0: 0x80003542 (0x00008db9) c.xor   a1, a4
core   0: 3 0x80003542 (0x8db9) x11 0x00000080
core   0: 0x80003544 (0x413d04b3) sub     s1, s10, s3
core   0: 3 0x80003544 (0x413d04b3) x 9 0xfffffff8
core   0: 0x80003548 (0xfe28e0e3) bltu    a7, sp, pc - 32
core   0: 3 0x80003548 (0xfe28e0e3)
core   0: 0x8000354c (0x00751f13) slli    t5, a0, 7
core   0: 3 0x8000354c (0x00751f13) x30 0x00003d80
core   0: 0x80003550 (0x00011117) auipc   sp, 0x11
core   0: 3 0x80003550 (0x00011117) x 2 0x80014550
core   0: 0x80003554 (0xb4910113) addi    sp, sp, -1207
core   0: 3 0x80003554 (0xb4910113) x 2 0x80014099
core   0: 0x80003558 (0xf6614f03) lbu     t5, -154(sp)
core   0: 3 0x80003558 (0xf6614f03) x30 0x000000b4 mem 0x80013fff
core   0: 0x8000355c (0x0b915a03) lhu     s4, 185(sp)
core   0: 3 0x8000355c (0x0b915a03) x20 0x00000809 mem 0x80014152
core   0: 0x80003560 (0x0f610c23) sb      s6, 248(sp)
core   0: 3 0x80003560 (0x0f610c23) mem 0x80014191 0x64
core   0: 0x80003564 (0x00000e1a) c.slli  t3, 6
core   0: 3 0x80003564 (0x0e1a) x28 0x00000000
core   0: 0x80003566 (0x0f810783) lb      a5, 248(sp)
core   0: 3 0x80003566 (0x0f810783) x15 0x00000064 mem 0x80014191
core   0: 0x8000356a (0x40c580b3) sub     ra, a1, a2
core   0: 3 0x8000356a (0x40c580b3) x 1 0xf0000081
core   0: 0x8000356e (0x00c09713) slli    a4, ra, 12
core   0: 3 0x8000356e (0x00c09713) x14 0x00081000
core   0: 0x80003572 (0x0ea10c23) sb      a0, 248(sp)
core   0: 3 0x80003572 (0x0ea10c23) mem 0x80014191 0x7b
core   0: 0x80003576 (0x0f810003) lb      zero, 248(sp)
core   0: 3 0x80003576 (0x0f810003) mem 0x80014191
core   0: 0x8000357a (0xa77c3193) sltiu   gp, s8, -1417
core   0: 3 0x8000357a (0xa77c3193) x 3 0x00000001
core   0: 0x8000357e (0x02710d23) sb      t2, 58(sp)
core   0: 3 0x8000357e (0x02710d23) mem 0x800140d3 0x40
core   0: 0x80003582 (0x02e46a33) rem     s4, s0, a4
core   0: 3 0x80003582 (0x02e46a33) x20 0x0000005c
core   0: 0x80003586 (0x0f2daa97) auipc   s5, 0xf2da
core   0: 3 0x80003586 (0x0f2daa97) x21 0x8f2dd586
core   0: 0x8000358a (0x024119a3) sh      tp, 51(sp)
core   0: 3 0x8000358a (0x024119a3) mem 0x800140cc 0x00bd
core   0: 0x8000358e (0x025129a3) sw      t0, 51(sp)
core   0: 3 0x8000358e (0x025129a3) mem 0x800140cc 0x7fffcaa5
core   0: 0x80003592 (0xf3014903) lbu     s2, -208(sp)
core   0: 3 0x80003592 (0xf3014903) x18 0x00000082 mem 0x80013fc9
core   0: 0x80003596 (0x0000de17) auipc   t3, 0xd
core   0: 3 0x80003596 (0x0000de17) x28 0x80010596
core   0: 0x8000359a (0xbb4e0e13) addi    t3, t3, -1100
core   0: 3 0x8000359a (0xbb4e0e13) x28 0x8001014a
core   0: 0x8000359e (0x00be4603) lbu     a2, 11(t3)
core   0: 3 0x8000359e (0x00be4603) x12 0x0000000e mem 0x80010155
core   0: 0x800035a2 (0x00012c97) auipc   s9, 0x12
core   0: 3 0x800035a2 (0x00012c97) x25 0x800155a2
core   0: 0x800035a6 (0x384c8c93) addi    s9, s9, 900
core   0: 3 0x800035a6 (0x384c8c93) x25 0x80015926
core   0: 0x800035aa (0x00fc8a83) lb      s5, 15(s9)
core   0: 3 0x800035aa (0x00fc8a83) x21 0xffffffee mem 0x80015935
core   0: 0x800035ae (0x00ee4f03) lbu     t5, 14(t3)
core   0: 3 0x800035ae (0x00ee4f03) x30 0x00000013 mem 0x80010158
core   0: 0x800035b2 (0xff3cc203) lbu     tp, -13(s9)
core   0: 3 0x800035b2 (0xff3cc203) x 4 0x000000d2 mem 0x80015919
core   0: 0x800035b6 (0xffbcc783) lbu     a5, -5(s9)
core   0: 3 0x800035b6 (0xffbcc783) x15 0x000000da mem 0x80015921
core   0: 0x800035ba (0xfffe0283) lb      t0, -1(t3)
core   0: 3 0x800035ba (0xfffe0283) x 5 0x00000002 mem 0x80010149
core   0: 0x800035be (0xff4c8383) lb      t2, -12(s9)
core   0: 3 0x800035be (0xff4c8383) x 7 0xffffffd1 mem 0x8001591a
core   0: 0x800035c2 (0x001c8303) lb      t1, 1(s9)
core   0: 3 0x800035c2 (0x001c8303) x 6 0xffffffdc mem 0x80015927
core   0: 0x800035c6 (0xfe0c8ca3) sb      zero, -7(s9)
core   0: 3 0x800035c6 (0xfe0c8ca3) mem 0x8001591f 0x0
core   0: 0x800035ca (0xff5e0603) lb      a2, -11(t3)
core   0: 3 0x800035ca (0xff5e0603) x12 0xffffffef mem 0x8001013f
core   0: 0x800035ce (0xffec9603) lh      a2, -2(s9)
core   0: 3 0x800035ce (0xffec9603) x12 0xffffdedf mem 0x80015924
core   0: 0x800035d2 (0x008e5903) lhu     s2, 8(t3)
core   0: 3 0x800035d2 (0x008e5903) x18 0x00000000 mem 0x80010152
core   0: 0x800035d6 (0xff8e0823) sb      s8, -16(t3)
core   0: 3 0x800035d6 (0xff8e0823) mem 0x8001013a 0xdf
core   0: 0x800035da (0x00ae0c03) lb      s8, 10(t3)
core   0: 3 0x800035da (0x00ae0c03) x24 0x00000076 mem 0x80010154
core   0: 0x800035de (0x004cc283) lbu     t0, 4(s9)
core   0: 3 0x800035de (0x004cc283) x 5 0x000000e1 mem 0x8001592a
core   0: 0x800035e2 (0x00fe0f03) lb      t5, 15(t3)
core   0: 3 0x800035e2 (0x00fe0f03) x30 0x00000012 mem 0x80010159
core   0: 0x800035e6 (0x003e0223) sb      gp, 4(t3)
core   0: 3 0x800035e6 (0x003e0223) mem 0x8001014e 0x1
core   0: 0x800035ea (0x00bc8f83) lb      t6, 11(s9)
core   0: 3 0x800035ea (0x00bc8f83) x31 0xffffffea mem 0x80015931
core   0: 0x800035ee (0x016e07a3) sb      s6, 15(t3)
core   0: 3 0x800035ee (0x016e07a3) mem 0x80010159 0x64
core   0: 0x800035f2 (0x010c9283) lh      t0, 16(s9)
core   0: 3 0x800035f2 (0x010c9283) x 5 0xffffeced mem 0x80015936
core   0: 0x800035f6 (0x0000de97) auipc   t4, 0xd
core   0: 3 0x800035f6 (0x0000de97) x29 0x800105f6
core   0: 0x800035fa (0xd83e8e93) addi    t4, t4, -637
core   0: 3 0x800035fa (0xd83e8e93) x29 0x80010379
core   0: 0x800035fe (0x0000d317) auipc   t1, 0xd
core   0: 3 0x800035fe (0x0000d317) x 6 0x800105fe
core   0: 0x80003602 (0x4f830313) addi    t1, t1, 1272
core   0: 3 0x80003602 (0x4f830313) x 6 0x80010af6
core   0: 0x80003606 (0xffbe98a3) sh      s11, -15(t4)
core   0: 3 0x80003606 (0xffbe98a3) mem 0x8001036a 0x9ce4
core   0: 0x8000360a (0x0000e617) auipc   a2, 0xe
core   0: 3 0x8000360a (0x0000e617) x12 0x8001160a
core   0: 0x8000360e (0x81960613) addi    a2, a2, -2023
core   0: 3 0x8000360e (0x81960613) x12 0x80010e23
core   0: 0x80003612 (0xf26300a3) sb      t1, -223(t1)
core   0: 3 0x80003612 (0xf26300a3) mem 0x80010a17 0xf6
core   0: 0x80003616 (0xff2e98a3) sh      s2, -15(t4)
core   0: 3 0x80003616 (0xff2e98a3) mem 0x8001036a 0x0000
core   0: 0x8000361a (0xf4631623) sh      t1, -180(t1)
core   0: 3 0x8000361a (0xf4631623) mem 0x80010a42 0x0af6
core   0: 0x8000361e (0x019e8323) sb      s9, 6(t4)
core   0: 3 0x8000361e (0x019e8323) mem 0x8001037f 0x26
core   0: 0x80003622 (0xd0260403) lb      s0, -766(a2)
core   0: 3 0x80003622 (0xd0260403) x 8 0xffffffde mem 0x80010b25
core   0: 0x80003626 (0x07235a83) lhu     s5, 114(t1)
core   0: 3 0x80003626 (0x07235a83) x21 0x00002223 mem 0x80010b68
core   0: 0x8000362a (0xff5e8c23) sb      s5, -8(t4)
core   0: 3 0x8000362a (0xff5e8c23) mem 0x80010371 0x23
core   0: 0x8000362e (0x0000e717) auipc   a4, 0xe
core   0: 3 0x8000362e (0x0000e717) x14 0x8001162e
core   0: 0x80003632 (0x90f70713) addi    a4, a4, -1777
core   0: 3 0x80003632 (0x90f70713) x14 0x80010f3d
core   0: 0x80003636 (0xc0664c83) lbu     s9, -1018(a2)
core   0: 3 0x80003636 (0xc0664c83) x25 0x000000e2 mem 0x80010a29
core   0: 0x8000363a (0x0000ee17) auipc   t3, 0xe
core   0: 3 0x8000363a (0x0000ee17) x28 0x8001163a
core   0: 0x8000363e (0x8f1e0e13) addi    t3, t3, -1807
core   0: 3 0x8000363e (0x8f1e0e13) x28 0x80010f2b
core   0: 0x80003642 (0xa1670103) lb      sp, -1514(a4)
core   0: 3 0x80003642 (0xa1670103) x 2 0x00000008 mem 0x80010953
core   0: 0x80003646 (0x063305a3) sb      gp, 107(t1)
core   0: 3 0x80003646 (0x063305a3) mem 0x80010b61 0x1
core   0: 0x8000364a (0xfa6e0a83) lb      s5, -90(t3)
core   0: 3 0x8000364a (0xfa6e0a83) x21 0xffffffc1 mem 0x80010ed1
core   0: 0x8000364e (0x100e4f03) lbu     t5, 256(t3)
core   0: 3 0x8000364e (0x100e4f03) x30 0x000000e0 mem 0x8001102b
core   0: 0x80003652 (0xff4e8103) lb      sp, -12(t4)
core   0: 3 0x80003652 (0xff4e8103) x 2 0x00000026 mem 0x8001036d
core   0: 0x80003656 (0x0f5e0423) sb      s5, 232(t3)
core   0: 3 0x80003656 (0x0f5e0423) mem 0x80011013 0xc1
core   0: 0x8000365a (0x05de28a3) sw      t4, 81(t3)
core   0: 3 0x8000365a (0x05de28a3) mem 0x80010f7c 0x80010379
core   0: 0x8000365e (0x02fe1a83) lh      s5, 47(t3)
core   0: 3 0x8000365e (0x02fe1a83) x21 0x00001011 mem 0x80010f5a
core   0: 0x80003662 (0xb6e64283) lbu     t0, -1170(a2)
core   0: 3 0x80003662 (0xb6e64283) x 5 0x0000004a mem 0x80010991
core   0: 0x80003666 (0x09330f83) lb      t6, 147(t1)
core   0: 3 0x80003666 (0x09330f83) x31 0xffffff8b mem 0x80010b89
core   0: 0x8000366a (0xc8070203) lb      tp, -896(a4)
core   0: 3 0x8000366a (0xc8070203) x 4 0x00000076 mem 0x80010bbd
core   0: 0x8000366e (0xff0ecd03) lbu     s10, -16(t4)
core   0: 3 0x8000366e (0xff0ecd03) x26 0x00000022 mem 0x80010369
core   0: 0x80003672 (0x003ed503) lhu     a0, 3(t4)
core   0: 3 0x80003672 (0x003ed503) x10 0x00003669 mem 0x8001037c
core   0: 0x80003676 (0xf4a60583) lb      a1, -182(a2)
core   0: 3 0x80003676 (0xf4a60583) x11 0x00000026 mem 0x80010d6d
core   0: 0x8000367a (0xfe8e8823) sb      s0, -16(t4)
core   0: 3 0x8000367a (0xfe8e8823) mem 0x80010369 0xde
core   0: 0x8000367e (0xfc0e0503) lb      a0, -64(t3)
core   0: 3 0x8000367e (0xfc0e0503) x10 0xffffffa0 mem 0x80010eeb
core   0: 0x80003682 (0xf6c31683) lh      a3, -148(t1)
core   0: 3 0x80003682 (0xf6c31683) x13 0x00001819 mem 0x80010a62
core   0: 0x80003686 (0x962601a3) sb      sp, -1693(a2)
core   0: 3 0x80003686 (0x962601a3) mem 0x80010786 0x26
core   0: 0x8000368a (0x05830d03) lb      s10, 88(t1)
core   0: 3 0x8000368a (0x05830d03) x26 0x00000005 mem 0x80010b4e
core   0: 0x8000368e (0x8a370b83) lb      s7, -1885(a4)
core   0: 3 0x8000368e (0x8a370b83) x23 0xffffff9b mem 0x800107e0
core   0: 0x80003692 (0xe4f71383) lh      t2, -433(a4)
core   0: 3 0x80003692 (0xe4f71383) x 7 0x00004647 mem 0x80010d8c
core   0: 0x80003696 (0x9a460903) lb      s2, -1628(a2)
core   0: 3 0x80003696 (0x9a460903) x18 0x0000007c mem 0x800107c7
core   0: 0x8000369a (0xb49719a3) sh      s1, -1197(a4)
core   0: 3 0x8000369a (0xb49719a3) mem 0x80010a90 0xfff8
core   0: 0x8000369e (0x0000d117) auipc   sp, 0xd
core   0: 3 0x8000369e (0x0000d117) x 2 0x8001069e
core   0: 0x800036a2 (0x5db10113) addi    sp, sp, 1499
core   0: 3 0x800036a2 (0x5db10113) x 2 0x80010c79
core   0: 0x800036a6 (0x00008ba1) c.andi  a5, 8
core   0: 3 0x800036a6 (0x8ba1) x15 0x00000008
core   0: 0x800036a8 (0x00000001) c.nop
core   0: 3 0x800036a8 (0x0001)
core   0: 0x800036aa (0x377cf297) auipc   t0, 0x377cf
core   0: 3 0x800036aa (0x377cf297) x 5 0xb77d26aa
core   0: 0x800036ae (0x0ff0000f) fence   iorw,iorw
core   0: 3 0x800036ae (0x0ff0000f)
core   0: 0x800036b2 (0x03310283) lb      t0, 51(sp)
core   0: 3 0x800036b2 (0x03310283) x 5 0x00000067 mem 0x80010cac
core   0: 0x800036b6 (0x0000929e) c.add   t0, t2
core   0: 3 0x800036b6 (0x929e) x 5 0x000046ae
core   0: 0x800036b8 (0x0272f2b3) remu    t0, t0, t2
core   0: 3 0x800036b8 (0x0272f2b3) x 5 0x00000067
core   0: 0x800036bc (0x000083c5) c.srli  a5, 17
core   0: 3 0x800036bc (0x83c5) x15 0x00000000
core   0: 0x800036be (0xfec10c03) lb      s8, -20(sp)
core   0: 3 0x800036be (0xfec10c03) x24 0x0000001e mem 0x80010c65
core   0: 0x800036c2 (0x038114a3) sh      s8, 41(sp)
core   0: 3 0x800036c2 (0x038114a3) mem 0x80010ca2 0x001e
core   0: 0x800036c6 (0x0000100f) fence.i
core   0: 3 0x800036c6 (0x0000100f)
core   0: 0x800036ca (0x02c14c03) lbu     s8, 44(sp)
core   0: 3 0x800036ca (0x02c14c03) x24 0x000000a3 mem 0x80010ca5
core   0: 0x800036ce (0xfd315c03) lhu     s8, -45(sp)
core   0: 3 0x800036ce (0xfd315c03) x24 0x00000607 mem 0x80010c4c
core   0: 0x800036d2 (0x000002aa) c.slli  t0, 10
core   0: 3 0x800036d2 (0x02aa) x 5 0x00019c00
core   0: 0x800036d4 (0xfed14183) lbu     gp, -19(sp)
core   0: 3 0x800036d4 (0xfed14183) x 3 0x0000001d mem 0x80010c66
core   0: 0x800036d8 (0xfcf11783) lh      a5, -49(sp)
core   0: 3 0x800036d8 (0xfcf11783) x15 0x00000203 mem 0x80010c48
core   0: 0x800036dc (0x025c0c33) mul     s8, s8, t0
core   0: 3 0x800036dc (0x025c0c33) x24 0x09b34400
core   0: 0x800036e0 (0x03e10f23) sb      t5, 62(sp)
core   0: 3 0x800036e0 (0x03e10f23) mem 0x80010cb7 0xe0
core   0: 0x800036e4 (0x0071d3b3) srl     t2, gp, t2
core   0: 3 0x800036e4 (0x0071d3b3) x 7 0x00000000
core   0: 0x800036e8 (0x000083f5) c.srli  a5, 29
core   0: 3 0x800036e8 (0x83f5) x15 0x00000000
core   0: 0x800036ea (0x00000001) c.nop
core   0: 3 0x800036ea (0x0001)
core   0: 0x800036ec (0xfec467b7) lui     a5, 0xfec46
core   0: 3 0x800036ec (0xfec467b7) x15 0xfec46000
core   0: 0x800036f0 (0xfe711ea3) sh      t2, -3(sp)
core   0: 3 0x800036f0 (0xfe711ea3) mem 0x80010c76 0x0000
core   0: 0x800036f4 (0x40f7df33) sra     t5, a5, a5
core   0: 3 0x800036f4 (0x40f7df33) x30 0xfec46000
core   0: 0x800036f8 (0x00008f9d) c.sub   a5, a5
core   0: 3 0x800036f8 (0x8f9d) x15 0x00000000
core   0: 0x800036fa (0xfcd10c03) lb      s8, -51(sp)
core   0: 3 0x800036fa (0xfcd10c03) x24 0xfffffffd mem 0x80010c46
core   0: 0x800036fe (0x03810f23) sb      s8, 62(sp)
core   0: 3 0x800036fe (0x03810f23) mem 0x80010cb7 0xfd
core   0: 0x80003702 (0xcfa7ec13) ori     s8, a5, -774
core   0: 3 0x80003702 (0xcfa7ec13) x24 0xfffffcfa
core   0: 0x80003706 (0x00008fdd) c.or    a5, a5
core   0: 3 0x80003706 (0x8fdd) x15 0x00000000
core   0: 0x80003708 (0xa8f1bf13) sltiu   t5, gp, -1393
core   0: 3 0x80003708 (0xa8f1bf13) x30 0x00000001
core   0: 0x8000370c (0x4842b293) sltiu   t0, t0, 1156
core   0: 3 0x8000370c (0x4842b293) x 5 0x00000000
core   0: 0x80003710 (0x01315383) lhu     t2, 19(sp)
core   0: 3 0x80003710 (0x01315383) x 7 0x00004647 mem 0x80010c8c
core   0: 0x80003714 (0xff810c03) lb      s8, -8(sp)
core   0: 3 0x80003714 (0xff810c03) x24 0x0000002a mem 0x80010c71
core   0: 0x80003718 (0x03715c03) lhu     s8, 55(sp)
core   0: 3 0x80003718 (0x03715c03) x24 0x00006a6b mem 0x80010cb0
core   0: 0x8000371c (0x2b3c7393) andi    t2, s8, 691
core   0: 3 0x8000371c (0x2b3c7393) x 7 0x00000223
core   0: 0x80003720 (0x0041dc13) srli    s8, gp, 4
core   0: 3 0x80003720 (0x0041dc13) x24 0x00000001
core   0: 0x80003724 (0x00711c03) lh      s8, 7(sp)
core   0: 3 0x80003724 (0x00711c03) x24 0x00003a3b mem 0x80010c80
core   0: 0x80003728 (0xfca10f03) lb      t5, -54(sp)
core   0: 3 0x80003728 (0xfca10f03) x30 0xfffffff8 mem 0x80010c43
core   0: 0x8000372c (0x022003ef) jal     t2, pc + 0x22
core   0: 3 0x8000372c (0x022003ef) x 7 0x80003730
core   0: 0x8000374e (0x0000b7cd) c.j     pc - 30
core   0: 3 0x8000374e (0xb7cd)
core   0: 0x80003730 (0x00002039) c.jal   pc + 14
core   0: 3 0x80003730 (0x2039) x 1 0x80003732
core   0: 0x8000373e (0x0000bffd) c.j     pc - 2
core   0: 3 0x8000373e (0xbffd)
core   0: 0x8000373c (0x0000a011) c.j     pc + 4
core   0: 3 0x8000373c (0xa011)
core   0: 0x80003740 (0x0000a011) c.j     pc + 4
core   0: 3 0x80003740 (0xa011)
core   0: 0x80003744 (0xff7ffeef) jal     t4, pc - 0xa
core   0: 3 0x80003744 (0xff7ffeef) x29 0x80003748
core   0: 0x8000373a (0x0000a039) c.j     pc + 14
core   0: 3 0x8000373a (0xa039)
core   0: 0x80003748 (0x00002009) c.jal   pc + 2
core   0: 3 0x80003748 (0x2009) x 1 0x8000374a
core   0: 0x8000374a (0x0000b7f5) c.j     pc - 20
core   0: 3 0x8000374a (0xb7f5)
core   0: 0x80003736 (0x00c000ef) jal     pc + 0xc
core   0: 3 0x80003736 (0x00c000ef) x 1 0x8000373a
core   0: 0x80003742 (0x00002029) c.jal   pc + 10
core   0: 3 0x80003742 (0x2029) x 1 0x80003744
core   0: 0x8000374c (0x00002029) c.jal   pc + 10
core   0: 3 0x8000374c (0x2029) x 1 0x8000374e
core   0: 0x80003756 (0x0000a019) c.j     pc + 6
core   0: 3 0x80003756 (0xa019)
core   0: 0x8000375c (0x00003ff5) c.jal   pc - 4
core   0: 3 0x8000375c (0x3ff5) x 1 0x8000375e
core   0: 0x80003758 (0xfdbff0ef) jal     pc - 0x26
core   0: 3 0x80003758 (0xfdbff0ef) x 1 0x8000375c
core   0: 0x80003732 (0x022000ef) jal     pc + 0x22
core   0: 3 0x80003732 (0x022000ef) x 1 0x80003736
core   0: 0x80003754 (0x00003ff5) c.jal   pc - 4
core   0: 3 0x80003754 (0x3ff5) x 1 0x80003756
core   0: 0x80003750 (0x00e000ef) jal     pc + 0xe
core   0: 3 0x80003750 (0x00e000ef) x 1 0x80003754
core   0: 0x8000375e (0x0316b7b3) mulhu   a5, a3, a7
core   0: 3 0x8000375e (0x0316b7b3) x15 0x00000000
core   0: 0x80003762 (0xff700f13) li      t5, -9
core   0: 3 0x80003762 (0xff700f13) x30 0xfffffff7
core   0: 0x80003766 (0xfee00b93) li      s7, -18
core   0: 3 0x80003766 (0xfee00b93) x23 0xffffffee
core   0: 0x8000376a (0x03eec933) div     s2, t4, t5
core   0: 3 0x8000376a (0x03eec933) x18 0x0e38dd69
core   0: 0x8000376e (0x00001f7d) c.addi  t5, -1
core   0: 3 0x8000376e (0x1f7d) x30 0xfffffff6
core   0: 0x80003770 (0xff7f1de3) bne     t5, s7, pc - 6
core   0: 3 0x80003770 (0xff7f1de3)
core   0: 0x8000376a (0x03eec933) div     s2, t4, t5
core   0: 3 0x8000376a (0x03eec933) x18 0x0cccc745
core   0: 0x8000376e (0x00001f7d) c.addi  t5, -1
core   0: 3 0x8000376e (0x1f7d) x30 0xfffffff5
core   0: 0x80003770 (0xff7f1de3) bne     t5, s7, pc - 6
core   0: 3 0x80003770 (0xff7f1de3)
core   0: 0x8000376a (0x03eec933) div     s2, t4, t5
core   0: 3 0x8000376a (0x03eec933) x18 0x0ba2e3b3
core   0: 0x8000376e (0x00001f7d) c.addi  t5, -1
core   0: 3 0x8000376e (0x1f7d) x30 0xfffffff4
core   0: 0x80003770 (0xff7f1de3) bne     t5, s7, pc - 6
core   0: 3 0x80003770 (0xff7f1de3)
core   0: 0x8000376a (0x03eec933) div     s2, t4, t5
core   0: 3 0x8000376a (0x03eec933) x18 0x0aaaa60f
core   0: 0x8000376e (0x00001f7d) c.addi  t5, -1
core   0: 3 0x8000376e (0x1f7d) x30 0xfffffff3
core   0: 0x80003770 (0xff7f1de3) bne     t5, s7, pc - 6
core   0: 3 0x80003770 (0xff7f1de3)
core   0: 0x8000376a (0x03eec933) div     s2, t4, t5
core   0: 3 0x8000376a (0x03eec933) x18 0x09d89949
core   0: 0x8000376e (0x00001f7d) c.addi  t5, -1
core   0: 3 0x8000376e (0x1f7d) x30 0xfffffff2
core   0: 0x80003770 (0xff7f1de3) bne     t5, s7, pc - 6
core   0: 3 0x80003770 (0xff7f1de3)
core   0: 0x8000376a (0x03eec933) div     s2, t4, t5
core   0: 3 0x8000376a (0x03eec933) x18 0x09248e56
core   0: 0x8000376e (0x00001f7d) c.addi  t5, -1
core   0: 3 0x8000376e (0x1f7d) x30 0xfffffff1
core   0: 0x80003770 (0xff7f1de3) bne     t5, s7, pc - 6
core   0: 3 0x80003770 (0xff7f1de3)
core   0: 0x8000376a (0x03eec933) div     s2, t4, t5
core   0: 3 0x8000376a (0x03eec933) x18 0x088884d9
core   0: 0x8000376e (0x00001f7d) c.addi  t5, -1
core   0: 3 0x8000376e (0x1f7d) x30 0xfffffff0
core   0: 0x80003770 (0xff7f1de3) bne     t5, s7, pc - 6
core   0: 3 0x80003770 (0xff7f1de3)
core   0: 0x8000376a (0x03eec933) div     s2, t4, t5
core   0: 3 0x8000376a (0x03eec933) x18 0x07fffc8b
core   0: 0x8000376e (0x00001f7d) c.addi  t5, -1
core   0: 3 0x8000376e (0x1f7d) x30 0xffffffef
core   0: 0x80003770 (0xff7f1de3) bne     t5, s7, pc - 6
core   0: 3 0x80003770 (0xff7f1de3)
core   0: 0x8000376a (0x03eec933) div     s2, t4, t5
core   0: 3 0x8000376a (0x03eec933) x18 0x07878447
core   0: 0x8000376e (0x00001f7d) c.addi  t5, -1
core   0: 3 0x8000376e (0x1f7d) x30 0xffffffee
core   0: 0x80003770 (0xff7f1de3) bne     t5, s7, pc - 6
core   0: 3 0x80003770 (0xff7f1de3)
core   0: 0x80003774 (0x03a88cb3) mul     s9, a7, s10
core   0: 3 0x80003774 (0x03a88cb3) x25 0x00000050
core   0: 0x80003778 (0x0001d117) auipc   sp, 0x1d
core   0: 3 0x80003778 (0x0001d117) x 2 0x80020778
core   0: 0x8000377c (0xc8d10113) addi    sp, sp, -883
core   0: 3 0x8000377c (0xc8d10113) x 2 0x80020405
core   0: 0x80003780 (0x02e43533) mulhu   a0, s0, a4
core   0: 3 0x80003780 (0x02e43533) x10 0x80010f2b
core   0: 0x80003784 (0x05f11583) lh      a1, 95(sp)
core   0: 3 0x80003784 (0x05f11583) x11 0x00001e1f mem 0x80020464
core   0: 0x80003788 (0x41845593) srai    a1, s0, 24
core   0: 3 0x80003788 (0x41845593) x11 0xffffffff
core   0: 0x8000378c (0x008eceb3) xor     t4, t4, s0
core   0: 3 0x8000378c (0x008eceb3) x29 0x7fffc896
core   0: 0x80003790 (0x0a610703) lb      a4, 166(sp)
core   0: 3 0x80003790 (0x0a610703) x14 0x00000060 mem 0x800204ab
core   0: 0x80003794 (0x01155593) srli    a1, a0, 17
core   0: 3 0x80003794 (0x01155593) x11 0x00004000
core   0: 0x80003798 (0xff514403) lbu     s0, -11(sp)
core   0: 3 0x80003798 (0xff514403) x 8 0x000000b1 mem 0x800203fa
core   0: 0x8000379c (0x0000877a) c.mv    a4, t5
core   0: 3 0x8000379c (0x877a) x14 0xffffffee
core   0: 0x8000379e (0x02af35b3) mulhu   a1, t5, a0
core   0: 3 0x8000379e (0x02af35b3) x11 0x80010f21
core   0: 0x800037a2 (0x58851517) auipc   a0, 0x58851
core   0: 3 0x800037a2 (0x58851517) x10 0xd88547a2
core   0: 0x800037a6 (0xfad15e83) lhu     t4, -83(sp)
core   0: 3 0x800037a6 (0xfad15e83) x29 0x00006869 mem 0x800203b2
core   0: 0x800037aa (0x000095ae) c.add   a1, a1
core   0: 3 0x800037aa (0x95ae) x11 0x00021e42
core   0: 0x800037ac (0x0ff0000f) fence   iorw,iorw
core   0: 3 0x800037ac (0x0ff0000f)
core   0: 0x800037b0 (0x0000147d) c.addi  s0, -1
core   0: 3 0x800037b0 (0x147d) x 8 0x000000b0
core   0: 0x800037b2 (0x04110f03) lb      t5, 65(sp)
core   0: 3 0x800037b2 (0x04110f03) x30 0xfffffffd mem 0x80020446
core   0: 0x800037b6 (0x02610703) lb      a4, 38(sp)
core   0: 3 0x800037b6 (0x02610703) x14 0xffffffe0 mem 0x8002042b
core   0: 0x800037ba (0x02e5a733) mulhsu  a4, a1, a4
core   0: 3 0x800037ba (0x02e5a733) x14 0x00021e41
core   0: 0x800037be (0x03ee95b3) mulh    a1, t4, t5
core   0: 3 0x800037be (0x03ee95b3) x11 0xffffffff
core   0: 0x800037c2 (0x0000147d) c.addi  s0, -1
core   0: 3 0x800037c2 (0x147d) x 8 0x000000af
core   0: 0x800037c4 (0xf8e10ca3) sb      a4, -103(sp)
core   0: 3 0x800037c4 (0xf8e10ca3) mem 0x8002039e 0x41
core   0: 0x800037c8 (0x2fd44713) xori    a4, s0, 765
core   0: 3 0x800037c8 (0x2fd44713) x14 0x00000252
core   0: 0x800037cc (0x00006eb5) c.lui   t4, 0xd
core   0: 3 0x800037cc (0x6eb5) x29 0x0000d000
core   0: 0x800037ce (0x00008f3a) c.mv    t5, a4
core   0: 3 0x800037ce (0x8f3a) x30 0x00000252
core   0: 0x800037d0 (0x6fee8f13) addi    t5, t4, 1790
core   0: 3 0x800037d0 (0x6fee8f13) x30 0x0000d6fe
core   0: 0x800037d4 (0x00005efd) c.li    t4, -1
core   0: 3 0x800037d4 (0x5efd) x29 0xffffffff
core   0: 0x800037d6 (0xf5e12da3) sw      t5, -165(sp)
core   0: 3 0x800037d6 (0xf5e12da3) mem 0x80020360 0x0000d6fe
core   0: 0x800037da (0x00009b7d) c.andi  a4, -1
core   0: 3 0x800037da (0x9b7d) x14 0x00000252
core   0: 0x800037dc (0x07814583) lbu     a1, 120(sp)
core   0: 3 0x800037dc (0x07814583) x11 0x00000036 mem 0x8002047d
core   0: 0x800037e0 (0xf4f10403) lb      s0, -177(sp)
core   0: 3 0x800037e0 (0xf4f10403) x 8 0x0000000f mem 0x80020354
core   0: 0x800037e4 (0x00a43f33) sltu    t5, s0, a0
core   0: 3 0x800037e4 (0x00a43f33) x30 0x00000001
core   0: 0x800037e8 (0x07014e83) lbu     t4, 112(sp)
core   0: 3 0x800037e8 (0x07014e83) x29 0x0000002e mem 0x80020475
core   0: 0x800037ec (0xf9d15f03) lhu     t5, -99(sp)
core   0: 3 0x800037ec (0xf9d15f03) x30 0x00005859 mem 0x800203a2
core   0: 0x800037f0 (0x0000942e) c.add   s0, a1
core   0: 3 0x800037f0 (0x942e) x 8 0x00000045
core   0: 0x800037f2 (0xfd712403) lw      s0, -41(sp)
core   0: 3 0x800037f2 (0xfd712403) x 8 0x94959697 mem 0x800203dc
core   0: 0x800037f6 (0x0bf10703) lb      a4, 191(sp)
core   0: 3 0x800037f6 (0x0bf10703) x14 0x0000007f mem 0x800204c4
core   0: 0x800037fa (0x00008c01) c.sub   s0, s0
core   0: 3 0x800037fa (0x8c01) x 8 0x00000000
core   0: 0x800037fc (0x00000001) c.nop
core   0: 3 0x800037fc (0x0001)
core   0: 0x800037fe (0xf2214503) lbu     a0, -222(sp)
core   0: 3 0x800037fe (0xf2214503) x10 0x000000dc mem 0x80020327
core   0: 0x80003802 (0x0000d697) auipc   a3, 0xd
core   0: 3 0x80003802 (0x0000d697) x13 0x80010802
core   0: 0x80003806 (0x63b68693) addi    a3, a3, 1595
core   0: 3 0x80003806 (0x63b68693) x13 0x80010e3d
core   0: 0x8000380a (0x01cf1e93) slli    t4, t5, 28
core   0: 3 0x8000380a (0x01cf1e93) x29 0x90000000
core   0: 0x8000380e (0x52585eb7) lui     t4, 0x52585
core   0: 3 0x8000380e (0x52585eb7) x29 0x52585000
core   0: 0x80003812 (0x0df6c303) lbu     t1, 223(a3)
core   0: 3 0x80003812 (0x0df6c303) x 6 0x000000d7 mem 0x80010f1c
core   0: 0x80003816 (0x0d16c003) lbu     zero, 209(a3)
core   0: 3 0x80003816 (0x0d16c003) mem 0x80010f0e
core   0: 0x8000381a (0xffa68723) sb      s10, -18(a3)
core   0: 3 0x8000381a (0xffa68723) mem 0x80010e2b 0x5
core   0: 0x8000381e (0xf9268e23) sb      s2, -100(a3)
core   0: 3 0x8000381e (0xf9268e23) mem 0x80010dd9 0x47
core   0: 0x80003822 (0xfe468203) lb      tp, -28(a3)
core   0: 3 0x80003822 (0xfe468203) x 4 0xffffffda mem 0x80010e21
core   0: 0x80003826 (0x0221ceb3) div     t4, gp, sp
core   0: 3 0x80003826 (0x0221ceb3) x29 0x00000000
core   0: 0x8000382a (0xf0b6c483) lbu     s1, -245(a3)
core   0: 3 0x8000382a (0xf0b6c483) x 9 0x00000003 mem 0x80010d48
core   0: 0x8000382e (0x0c768123) sb      t2, 194(a3)
core   0: 3 0x8000382e (0x0c768123) mem 0x80010eff 0x30
core   0: 0x80003832 (0x0000992a) c.add   s2, a0
core   0: 3 0x80003832 (0x992a) x18 0x07878523
core   0: 0x80003834 (0x02e68d03) lb      s10, 46(a3)
core   0: 3 0x80003834 (0x02e68d03) x26 0x00000020 mem 0x80010e6b
core   0: 0x80003838 (0x000088c9) c.andi  s1, 18
core   0: 3 0x80003838 (0x88c9) x 9 0x00000002
core   0: 0x8000383a (0x404758b3) sra     a7, a4, tp
core   0: 3 0x8000383a (0x404758b3) x17 0x00000000
core   0: 0x8000383e (0x073bb893) sltiu   a7, s7, 115
core   0: 3 0x8000383e (0x073bb893) x17 0x00000000
core   0: 0x80003842 (0xf926cf03) lbu     t5, -110(a3)
core   0: 3 0x80003842 (0xf926cf03) x30 0x00000000 mem 0x80010dcf
core   0: 0x80003846 (0x0ad68323) sb      a3, 166(a3)
core   0: 3 0x80003846 (0x0ad68323) mem 0x80010ee3 0x3d
core   0: 0x8000384a (0x00008fb5) c.xor   a5, a3
core   0: 3 0x8000384a (0x8fb5) x15 0x80010e3d
core   0: 0x8000384c (0x0d768323) sb      s7, 198(a3)
core   0: 3 0x8000384c (0x0d768323) mem 0x80010f03 0xee
core   0: 0x80003850 (0xf2868c03) lb      s8, -216(a3)
core   0: 3 0x80003850 (0xf2868c03) x24 0x0000001e mem 0x80010d65
core   0: 0x80003854 (0xf9f69aa3) sh      t6, -107(a3)
core   0: 3 0x80003854 (0xf9f69aa3) mem 0x80010dd2 0xff8b
core   0: 0x80003858 (0x01456633) or      a2, a0, s4
core   0: 3 0x80003858 (0x01456633) x12 0x000000dc
core   0: 0x8000385c (0xf1868023) sb      s8, -256(a3)
core   0: 3 0x8000385c (0xf1868023) mem 0x80010d3d 0x1e
core   0: 0x80003860 (0x00368823) sb      gp, 16(a3)
core   0: 3 0x80003860 (0x00368823) mem 0x80010e4d 0x1d
core   0: 0x80003864 (0x0fe697a3) sh      t5, 239(a3)
core   0: 3 0x80003864 (0x0fe697a3) mem 0x80010f2c 0x0000
core   0: 0x80003868 (0xfca6c583) lbu     a1, -54(a3)
core   0: 3 0x80003868 (0xfca6c583) x11 0x000000bc mem 0x80010e07
core   0: 0x8000386c (0x00c6cd03) lbu     s10, 12(a3)
core   0: 3 0x8000386c (0x00c6cd03) x26 0x00000002 mem 0x80010e49
core   0: 0x80003870 (0x40fbd093) srai    ra, s7, 15
core   0: 3 0x80003870 (0x40fbd093) x 1 0xffffffff
core   0: 0x80003874 (0xf5068c03) lb      s8, -176(a3)
core   0: 3 0x80003874 (0xf5068c03) x24 0x00000046 mem 0x80010d8d
core   0: 0x80003878 (0x0e9693a3) sh      s1, 231(a3)
core   0: 3 0x80003878 (0x0e9693a3) mem 0x80010f24 0x0002
core   0: 0x8000387c (0x00c68e23) sb      a2, 28(a3)
core   0: 3 0x8000387c (0x00c68e23) mem 0x80010e59 0xdc
core   0: 0x80003880 (0xfdc693a3) sh      t3, -57(a3)
core   0: 3 0x80003880 (0xfdc693a3) mem 0x80010e04 0x0f2b
core   0: 0x80003884 (0xffb00413) li      s0, -5
core   0: 3 0x80003884 (0xffb00413) x 8 0xfffffffb
core   0: 0x80003888 (0xdee75017) auipc   zero, 0xdee75
core   0: 3 0x80003888 (0xdee75017)
core   0: 0x8000388c (0x000003c6) c.slli  t2, 17
core   0: 3 0x8000388c (0x03c6) x 7 0x6e600000
core   0: 0x8000388e (0x0ff0000f) fence   iorw,iorw
core   0: 3 0x8000388e (0x0ff0000f)
core   0: 0x80003892 (0x0000717d) c.addi16sp sp, -16
core   0: 3 0x80003892 (0x717d) x 2 0x800203f5
core   0: 0x80003894 (0x039894b3) mulh    s1, a7, s9
core   0: 3 0x80003894 (0x039894b3) x 9 0x00000000
core   0: 0x80003898 (0x00700193) li      gp, 7
core   0: 3 0x80003898 (0x00700193) x 3 0x00000007
core   0: 0x8000389c (0x02fd1fb3) mulh    t6, s10, a5
core   0: 3 0x8000389c (0x02fd1fb3) x31 0xffffffff
core   0: 0x800038a0 (0x0060d4b3) srl     s1, ra, t1
core   0: 3 0x800038a0 (0x0060d4b3) x 9 0x000001ff
core   0: 0x800038a4 (0x00000001) c.nop
core   0: 3 0x800038a4 (0x0001)
core   0: 0x800038a6 (0x00000405) c.addi  s0, 1
core   0: 3 0x800038a6 (0x0405) x 8 0xfffffffc
core   0: 0x800038a8 (0x41db0eb3) sub     t4, s6, t4
core   0: 3 0x800038a8 (0x41db0eb3) x29 0x80025e64
core   0: 0x800038ac (0x0000100f) fence.i
core   0: 3 0x800038ac (0x0000100f)
core   0: 0x800038b0 (0x4fd53f93) sltiu   t6, a0, 1277
core   0: 3 0x800038b0 (0x4fd53f93) x31 0x00000001
core   0: 0x800038b4 (0x000097a6) c.add   a5, s1
core   0: 3 0x800038b4 (0x97a6) x15 0x8001103c
core   0: 0x800038b6 (0x0000100f) fence.i
core   0: 3 0x800038b6 (0x0000100f)
core   0: 0x800038ba (0x03298cb3) mul     s9, s3, s2
core   0: 3 0x800038ba (0x03298cb3) x25 0x3c3c2918
core   0: 0x800038be (0x0000052d) c.addi  a0, 11
core   0: 3 0x800038be (0x052d) x10 0x000000e7
core   0: 0x800038c0 (0x00008785) c.srai  a5, 1
core   0: 3 0x800038c0 (0x8785) x15 0xc000881e
core   0: 0x800038c2 (0x026c4a33) div     s4, s8, t1
core   0: 3 0x800038c2 (0x026c4a33) x20 0x00000000
core   0: 0x800038c6 (0x00008cad) c.xor   s1, a1
core   0: 3 0x800038c6 (0x8cad) x 9 0x00000143
core   0: 0x800038c8 (0x00008cb1) c.xor   s1, a2
core   0: 3 0x800038c8 (0x8cb1) x 9 0x0000019f
core   0: 0x800038ca (0x02fec933) div     s2, t4, a5
core   0: 3 0x800038ca (0x02fec933) x18 0x00000001
core   0: 0x800038ce (0xfc340be3) beq     s0, gp, pc - 42
core   0: 3 0x800038ce (0xfc340be3)
core   0: 0x800038d2 (0x021b83b3) mul     t2, s7, ra
core   0: 3 0x800038d2 (0x021b83b3) x 7 0x00000012
core   0: 0x800038d6 (0x0001d597) auipc   a1, 0x1d
core   0: 3 0x800038d6 (0x0001d597) x11 0x800208d6
core   0: 0x800038da (0x0ee58593) addi    a1, a1, 238
core   0: 3 0x800038da (0x0ee58593) x11 0x800209c4
core   0: 0x800038de (0x0125c783) lbu     a5, 18(a1)
core   0: 3 0x800038de (0x0125c783) x15 0x0000008d mem 0x800209d6
core   0: 0x800038e2 (0x00058923) sb      zero, 18(a1)
core   0: 3 0x800038e2 (0x00058923) mem 0x800209d6 0x0
core   0: 0x800038e6 (0x01758923) sb      s7, 18(a1)
core   0: 3 0x800038e6 (0x01758923) mem 0x800209d6 0xee
core   0: 0x800038ea (0x00c58923) sb      a2, 18(a1)
core   0: 3 0x800038ea (0x00c58923) mem 0x800209d6 0xdc
core   0: 0x800038ee (0x01258303) lb      t1, 18(a1)
core   0: 3 0x800038ee (0x01258303) x 6 0xffffffdc mem 0x800209d6
core   0: 0x800038f2 (0x000040f5) c.li    ra, 29
core   0: 3 0x800038f2 (0x40f5) x 1 0x0000001d
core   0: 0x800038f4 (0x00e58923) sb      a4, 18(a1)
core   0: 3 0x800038f4 (0x00e58923) mem 0x800209d6 0x7f
core   0: 0x800038f8 (0x01258b83) lb      s7, 18(a1)
core   0: 3 0x800038f8 (0x01258b83) x23 0x0000007f mem 0x800209d6
core   0: 0x800038fc (0x00259923) sh      sp, 18(a1)
core   0: 3 0x800038fc (0x00259923) mem 0x800209d6 0x03f5
core   0: 0x80003900 (0x01258603) lb      a2, 18(a1)
core   0: 3 0x80003900 (0x01258603) x12 0xfffffff5 mem 0x800209d6
core   0: 0x80003904 (0x00459923) sh      tp, 18(a1)
core   0: 3 0x80003904 (0x00459923) mem 0x800209d6 0xffda
core   0: 0x80003908 (0x01258403) lb      s0, 18(a1)
core   0: 3 0x80003908 (0x01258403) x 8 0xffffffda mem 0x800209d6
core   0: 0x8000390c (0x01258b83) lb      s7, 18(a1)
core   0: 3 0x8000390c (0x01258b83) x23 0xffffffda mem 0x800209d6
core   0: 0x80003910 (0x0125d183) lhu     gp, 18(a1)
core   0: 3 0x80003910 (0x0125d183) x 3 0x0000ffda mem 0x800209d6
core   0: 0x80003914 (0x01759923) sh      s7, 18(a1)
core   0: 3 0x80003914 (0x01759923) mem 0x800209d6 0xffda
core   0: 0x80003918 (0x01258103) lb      sp, 18(a1)
core   0: 3 0x80003918 (0x01258103) x 2 0xffffffda mem 0x800209d6
core   0: 0x8000391c (0x01258903) lb      s2, 18(a1)
core   0: 3 0x8000391c (0x01258903) x18 0xffffffda mem 0x800209d6
core   0: 0x80003920 (0x01058923) sb      a6, 18(a1)
core   0: 3 0x80003920 (0x01058923) mem 0x800209d6 0x68
core   0: 0x80003924 (0x01259c83) lh      s9, 18(a1)
core   0: 3 0x80003924 (0x01259c83) x25 0xffffff68 mem 0x800209d6
core   0: 0x80003928 (0x01259d03) lh      s10, 18(a1)
core   0: 3 0x80003928 (0x01259d03) x26 0xffffff68 mem 0x800209d6
core   0: 0x8000392c (0x0000d417) auipc   s0, 0xd
core   0: 3 0x8000392c (0x0000d417) x 8 0x8001092c
core   0: 0x80003930 (0x25340413) addi    s0, s0, 595
core   0: 3 0x80003930 (0x25340413) x 8 0x80010b7f
core   0: 0x80003934 (0x0000d797) auipc   a5, 0xd
core   0: 3 0x80003934 (0x0000d797) x15 0x80010934
core   0: 0x80003938 (0x56d78793) addi    a5, a5, 1389
core   0: 3 0x80003938 (0x56d78793) x15 0x80010ea1
core   0: 0x8000393c (0x00b44a83) lbu     s5, 11(s0)
core   0: 3 0x8000393c (0x00b44a83) x21 0x00000041 mem 0x80010b8a
core   0: 0x80003940 (0x0000dc97) auipc   s9, 0xd
core   0: 3 0x80003940 (0x0000dc97) x25 0x80010940
core   0: 0x80003944 (0xcf5c8c93) addi    s9, s9, -779
core   0: 3 0x80003944 (0xcf5c8c93) x25 0x80010635
core   0: 0x80003948 (0xf8dcc883) lbu     a7, -115(s9)
core   0: 3 0x80003948 (0xf8dcc883) x17 0x00000079 mem 0x800105c2
core   0: 0x8000394c (0x05fc9203) lh      tp, 95(s9)
core   0: 3 0x8000394c (0x05fc9203) x 4 0x00004e4f mem 0x80010694
core   0: 0x80003950 (0xfb3c8003) lb      zero, -77(s9)
core   0: 3 0x80003950 (0xfb3c8003) mem 0x800105e8
core   0: 0x80003954 (0xff840603) lb      a2, -8(s0)
core   0: 3 0x80003954 (0xff840603) x12 0x0000002c mem 0x80010b77
core   0: 0x80003958 (0x0e1cdd03) lhu     s10, 225(s9)
core   0: 3 0x80003958 (0x0e1cdd03) x26 0x0000cc00 mem 0x80010716
core   0: 0x8000395c (0x00940c03) lb      s8, 9(s0)
core   0: 3 0x8000395c (0x00940c03) x24 0x00000043 mem 0x80010b88
core   0: 0x80003960 (0xf4cca5a3) sw      a2, -181(s9)
core   0: 3 0x80003960 (0xf4cca5a3) mem 0x80010580 0x0000002c
core   0: 0x80003964 (0x053ca9a3) sw      s3, 83(s9)
core   0: 3 0x80003964 (0x053ca9a3) mem 0x80010688 0x00000008
core   0: 0x80003968 (0x03a78483) lb      s1, 58(a5)
core   0: 3 0x80003968 (0x03a78483) x 9 0xffffff90 mem 0x80010edb
core   0: 0x8000396c (0xfd8cc483) lbu     s1, -40(s9)
core   0: 3 0x8000396c (0xfd8cc483) x 9 0x000000c6 mem 0x8001060d
core   0: 0x80003970 (0xfec40b23) sb      a2, -10(s0)
core   0: 3 0x80003970 (0xfec40b23) mem 0x80010b75 0x2c
core   0: 0x80003974 (0x00478503) lb      a0, 4(a5)
core   0: 3 0x80003974 (0x00478503) x10 0x0000005e mem 0x80010ea5
core   0: 0x80003978 (0x00b7a603) lw      a2, 11(a5)
core   0: 3 0x80003978 (0x00b7a603) x12 0x64656667 mem 0x80010eac
core   0: 0x8000397c (0x011c8023) sb      a7, 0(s9)
core   0: 3 0x8000397c (0x011c8023) mem 0x80010635 0x79
core   0: 0x80003980 (0x00f40003) lb      zero, 15(s0)
core   0: 3 0x80003980 (0x00f40003) mem 0x80010b8e
core   0: 0x80003984 (0xfe57cb83) lbu     s7, -27(a5)
core   0: 3 0x80003984 (0xfe57cb83) x23 0x00000014 mem 0x80010e86
core   0: 0x80003988 (0x00c78b83) lb      s7, 12(a5)
core   0: 3 0x80003988 (0x00c78b83) x23 0x00000066 mem 0x80010ead
core   0: 0x8000398c (0x00744103) lbu     sp, 7(s0)
core   0: 3 0x8000398c (0x00744103) x 2 0x0000003d mem 0x80010b86
core   0: 0x80003990 (0x0e4cc083) lbu     ra, 228(s9)
core   0: 3 0x80003990 (0x0e4cc083) x 1 0x000000d2 mem 0x80010719
core   0: 0x80003994 (0xffe7a7a3) sw      t5, -17(a5)
core   0: 3 0x80003994 (0xffe7a7a3) mem 0x80010e90 0x00000000
core   0: 0x80003998 (0x007401a3) sb      t2, 3(s0)
core   0: 3 0x80003998 (0x007401a3) mem 0x80010b82 0x12
core   0: 0x8000399c (0xfccc98a3) sh      a2, -47(s9)
core   0: 3 0x8000399c (0xfccc98a3) mem 0x80010606 0x6667
core   0: 0x800039a0 (0x0000d117) auipc   sp, 0xd
core   0: 3 0x800039a0 (0x0000d117) x 2 0x800109a0
core   0: 0x800039a4 (0xb0810113) addi    sp, sp, -1272
core   0: 3 0x800039a4 (0xb0810113) x 2 0x800104a8
core   0: 0x800039a8 (0x87946893) ori     a7, s0, -1927
core   0: 3 0x800039a8 (0x87946893) x17 0xfffffb7f
core   0: 0x800039ac (0xe7c12883) lw      a7, -388(sp)
core   0: 3 0x800039ac (0xe7c12883) x17 0xdcdddedf mem 0x80010324
core   0: 0x800039b0 (0x00008f59) c.or    a4, a4
core   0: 3 0x800039b0 (0x8f59) x14 0x0000007f
core   0: 0x800039b2 (0x01e3e8b3) or      a7, t2, t5
core   0: 3 0x800039b2 (0x01e3e8b3) x17 0x00000012
core   0: 0x800039b6 (0x49110d23) sb      a7, 1178(sp)
core   0: 3 0x800039b6 (0x49110d23) mem 0x80010942 0x12
core   0: 0x800039ba (0xba710aa3) sb      t2, -1099(sp)
core   0: 3 0x800039ba (0xba710aa3) mem 0x8001005d 0x12
core   0: 0x800039be (0x00000001) c.nop
core   0: 3 0x800039be (0x0001)
core   0: 0x800039c0 (0x20e14403) lbu     s0, 526(sp)
core   0: 3 0x800039c0 (0x20e14403) x 8 0x00000071 mem 0x800106b6
core   0: 0x800039c4 (0x00e473b3) and     t2, s0, a4
core   0: 3 0x800039c4 (0x00e473b3) x 7 0x00000071
core   0: 0x800039c8 (0x371101a3) sb      a7, 867(sp)
core   0: 3 0x800039c8 (0x371101a3) mem 0x8001080b 0x12
core   0: 0x800039cc (0x47010703) lb      a4, 1136(sp)
core   0: 3 0x800039cc (0x47010703) x14 0xffffffd3 mem 0x80010918
core   0: 0x800039d0 (0x43e11d23) sh      t5, 1082(sp)
core   0: 3 0x800039d0 (0x43e11d23) mem 0x800108e2 0x0000
core   0: 0x800039d4 (0x15111523) sh      a7, 330(sp)
core   0: 3 0x800039d4 (0x15111523) mem 0x800105f2 0x0012
core   0: 0x800039d8 (0x43010803) lb      a6, 1072(sp)
core   0: 3 0x800039d8 (0x43010803) x16 0xffffff93 mem 0x800108d8
core   0: 0x800039dc (0x56b10803) lb      a6, 1387(sp)
core   0: 3 0x800039dc (0x56b10803) x16 0xffffffc8 mem 0x80010a13
core   0: 0x800039e0 (0x30514f03) lbu     t5, 773(sp)
core   0: 3 0x800039e0 (0x30514f03) x30 0x00000066 mem 0x800107ad
core   0: 0x800039e4 (0x031f38b3) mulhu   a7, t5, a7
core   0: 3 0x800039e4 (0x031f38b3) x17 0x00000000
core   0: 0x800039e8 (0x7a614703) lbu     a4, 1958(sp)
core   0: 3 0x800039e8 (0x7a614703) x14 0x00000005 mem 0x80010c4e
core   0: 0x800039ec (0x6e110703) lb      a4, 1761(sp)
core   0: 3 0x800039ec (0x6e110703) x14 0xffffff8b mem 0x80010b89
core   0: 0x800039f0 (0x00000459) c.addi  s0, 22
core   0: 3 0x800039f0 (0x0459) x 8 0x00000087
core   0: 0x800039f2 (0x02839733) mulh    a4, t2, s0
core   0: 3 0x800039f2 (0x02839733) x14 0x00000000
core   0: 0x800039f6 (0xcdd14703) lbu     a4, -803(sp)
core   0: 3 0x800039f6 (0xcdd14703) x14 0x0000003e mem 0x80010185
core   0: 0x800039fa (0xd0f10883) lb      a7, -753(sp)
core   0: 3 0x800039fa (0xd0f10883) x17 0x0000006c mem 0x800101b7
core   0: 0x800039fe (0xd0f14403) lbu     s0, -753(sp)
core   0: 3 0x800039fe (0xd0f14403) x 8 0x0000006c mem 0x800101b7
core   0: 0x80003a02 (0x030388b3) mul     a7, t2, a6
core   0: 3 0x80003a02 (0x030388b3) x17 0xffffe748
core   0: 0x80003a06 (0x54072893) slti    a7, a4, 1344
core   0: 3 0x80003a06 (0x54072893) x17 0x00000001
core   0: 0x80003a0a (0x0d111e23) sh      a7, 220(sp)
core   0: 3 0x80003a0a (0x0d111e23) mem 0x80010584 0x0001
core   0: 0x80003a0e (0x0000881e) c.mv    a6, t2
core   0: 3 0x80003a0e (0x881e) x16 0x00000071
core   0: 0x80003a10 (0x000058a6) c.lwsp  a7, 104(sp)
core   0: 3 0x80003a10 (0x58a6) x17 0xc8c9cacb mem 0x80010510
core   0: 0x80003a12 (0x00004415) c.li    s0, 5
core   0: 3 0x80003a12 (0x4415) x 8 0x00000005
core   0: 0x80003a14 (0x0288f433) remu    s0, a7, s0
core   0: 3 0x80003a14 (0x0288f433) x 8 0x00000001
core   0: 0x80003a18 (0xf3e14403) lbu     s0, -194(sp)
core   0: 3 0x80003a18 (0xf3e14403) x 8 0x0000009d mem 0x800103e6
core   0: 0x80003a1c (0x62e11423) sh      a4, 1576(sp)
core   0: 3 0x80003a1c (0x62e11423) mem 0x80010ad0 0x003e
core   0: 0x80003a20 (0x727106a3) sb      t2, 1837(sp)
core   0: 3 0x80003a20 (0x727106a3) mem 0x80010bd5 0x71
core   0: 0x80003a24 (0x0000d397) auipc   t2, 0xd
core   0: 3 0x80003a24 (0x0000d397) x 7 0x80010a24
core   0: 0x80003a28 (0x2b238393) addi    t2, t2, 690
core   0: 3 0x80003a28 (0x2b238393) x 7 0x80010cd6
core   0: 0x80003a2c (0x0000dc17) auipc   s8, 0xd
core   0: 3 0x80003a2c (0x0000dc17) x24 0x80010a2c
core   0: 0x80003a30 (0x3aec0c13) addi    s8, s8, 942
core   0: 3 0x80003a30 (0x3aec0c13) x24 0x80010dda
core   0: 0x80003a34 (0x0000da17) auipc   s4, 0xd
core   0: 3 0x80003a34 (0x0000da17) x20 0x80010a34
core   0: 0x80003a38 (0x022a0a13) addi    s4, s4, 34
core   0: 3 0x80003a38 (0x022a0a13) x20 0x80010a56
core   0: 0x80003a3c (0x05d38da3) sb      t4, 91(t2)
core   0: 3 0x80003a3c (0x05d38da3) mem 0x80010d31 0x64
core   0: 0x80003a40 (0x0e838c23) sb      s0, 248(t2)
core   0: 3 0x80003a40 (0x0e838c23) mem 0x80010dce 0x9d
core   0: 0x80003a44 (0x014c1783) lh      a5, 20(s8)
core   0: 3 0x80003a44 (0x014c1783) x15 0xffffa4a5 mem 0x80010dee
core   0: 0x80003a48 (0xf613c703) lbu     a4, -159(t2)
core   0: 3 0x80003a48 (0xf613c703) x14 0x000000ec mem 0x80010c37
core   0: 0x80003a4c (0x069a0103) lb      sp, 105(s4)
core   0: 3 0x80003a4c (0x069a0103) x 2 0x00000074 mem 0x80010abf
core   0: 0x80003a50 (0xf7ba0803) lb      a6, -133(s4)
core   0: 3 0x80003a50 (0xf7ba0803) x16 0xffffff8a mem 0x800109d1
core   0: 0x80003a54 (0x036c01a3) sb      s6, 35(s8)
core   0: 3 0x80003a54 (0x036c01a3) mem 0x80010dfd 0x64
core   0: 0x80003a58 (0x003c4e03) lbu     t3, 3(s8)
core   0: 3 0x80003a58 (0x003c4e03) x28 0x00000096 mem 0x80010ddd
core   0: 0x80003a5c (0x06b3ce03) lbu     t3, 107(t2)
core   0: 3 0x80003a5c (0x06b3ce03) x28 0x000000fa mem 0x80010d41
core   0: 0x80003a60 (0x0000d897) auipc   a7, 0xd
core   0: 3 0x80003a60 (0x0000d897) x17 0x80010a60
core   0: 0x80003a64 (0x10e88893) addi    a7, a7, 270
core   0: 3 0x80003a64 (0x10e88893) x17 0x80010b6e
core   0: 0x80003a68 (0x057a4183) lbu     gp, 87(s4)
core   0: 3 0x80003a68 (0x057a4183) x 3 0x00000066 mem 0x80010aad
core   0: 0x80003a6c (0xff7c0e03) lb      t3, -9(s8)
core   0: 3 0x80003a6c (0xff7c0e03) x28 0xffffff8a mem 0x80010dd1
core   0: 0x80003a70 (0x03cc5903) lhu     s2, 60(s8)
core   0: 3 0x80003a70 (0x03cc5903) x18 0x0000cccd mem 0x80010e16
core   0: 0x80003a74 (0xffa88fa3) sb      s10, -1(a7)
core   0: 3 0x80003a74 (0xffa88fa3) mem 0x80010b6d 0x0
core   0: 0x80003a78 (0x005a00a3) sb      t0, 1(s4)
core   0: 3 0x80003a78 (0x005a00a3) mem 0x80010a57 0x0
core   0: 0x80003a7c (0x032a5703) lhu     a4, 50(s4)
core   0: 3 0x80003a7c (0x032a5703) x14 0x00004243 mem 0x80010a88
core   0: 0x80003a80 (0x01c3af23) sw      t3, 30(t2)
core   0: 3 0x80003a80 (0x01c3af23) mem 0x80010cf4 0xffffff8a
core   0: 0x80003a84 (0x03ec1123) sh      t5, 34(s8)
core   0: 3 0x80003a84 (0x03ec1123) mem 0x80010dfc 0x0066
core   0: 0x80003a88 (0x0773c703) lbu     a4, 119(t2)
core   0: 3 0x80003a88 (0x0773c703) x14 0x00000006 mem 0x80010d4d
core   0: 0x80003a8c (0xfc6a2f23) sw      t1, -34(s4)
core   0: 3 0x80003a8c (0xfc6a2f23) mem 0x80010a34 0xffffffdc
core   0: 0x80003a90 (0x0b839b83) lh      s7, 184(t2)
core   0: 3 0x80003a90 (0x0b839b83) x23 0xffffffb8 mem 0x80010d8e
core   0: 0x80003a94 (0xfed882a3) sb      a3, -27(a7)
core   0: 3 0x80003a94 (0xfed882a3) mem 0x80010b53 0x3d
core   0: 0x80003a98 (0x043a0e83) lb      t4, 67(s4)
core   0: 3 0x80003a98 (0x043a0e83) x29 0x00000052 mem 0x80010a99
core   0: 0x80003a9c (0xf50a5683) lhu     a3, -176(s4)
core   0: 3 0x80003a9c (0xf50a5683) x13 0x00005c5d mem 0x800109a6
core   0: 0x80003aa0 (0xff28ca83) lbu     s5, -14(a7)
core   0: 3 0x80003aa0 (0xff28ca83) x21 0x0000001b mem 0x80010b60
core   0: 0x80003aa4 (0xfe7c0aa3) sb      t2, -11(s8)
core   0: 3 0x80003aa4 (0xfe7c0aa3) mem 0x80010dcf 0xd6
core   0: 0x80003aa8 (0xfb9a2723) sw      s9, -82(s4)
core   0: 3 0x80003aa8 (0xfb9a2723) mem 0x80010a04 0x80010635
core   0: 0x80003aac (0x01f8c083) lbu     ra, 31(a7)
core   0: 3 0x80003aac (0x01f8c083) x 1 0x00000046 mem 0x80010b8d
core   0: 0x80003ab0 (0x01488c23) sb      s4, 24(a7)
core   0: 3 0x80003ab0 (0x01488c23) mem 0x80010b86 0x56
core   0: 0x80003ab4 (0xf55a4583) lbu     a1, -171(s4)
core   0: 3 0x80003ab4 (0xf55a4583) x11 0x000000ff mem 0x800109ab
core   0: 0x80003ab8 (0x0000d117) auipc   sp, 0xd
core   0: 3 0x80003ab8 (0x0000d117) x 2 0x80010ab8
core   0: 0x80003abc (0x9a210113) addi    sp, sp, -1630
core   0: 3 0x80003abc (0x9a210113) x 2 0x8001045a
core   0: 0x80003ac0 (0x0000100f) fence.i
core   0: 3 0x80003ac0 (0x0000100f)
core   0: 0x80003ac4 (0x418383b3) sub     t2, t2, s8
core   0: 3 0x80003ac4 (0x418383b3) x 7 0xfffffefc
core   0: 0x80003ac8 (0x41a48cb3) sub     s9, s1, s10
core   0: 3 0x80003ac8 (0x41a48cb3) x25 0xffff34c6
core   0: 0x80003acc (0x0296cf33) div     t5, a3, s1
core   0: 3 0x80003acc (0x0296cf33) x30 0x00000077
core   0: 0x80003ad0 (0x020345b3) div     a1, t1, zero
core   0: 3 0x80003ad0 (0x020345b3) x11 0xffffffff
core   0: 0x80003ad4 (0x00f651b3) srl     gp, a2, a5
core   0: 3 0x80003ad4 (0x00f651b3) x 3 0x03232b33
core   0: 0x80003ad8 (0x41c9d333) sra     t1, s3, t3
core   0: 3 0x80003ad8 (0x41c9d333) x 6 0x00000000
core   0: 0x80003adc (0x03a331b3) mulhu   gp, t1, s10
core   0: 3 0x80003adc (0x03a331b3) x 3 0x00000000
core   0: 0x80003ae0 (0x40bed093) srai    ra, t4, 11
core   0: 3 0x80003ae0 (0x40bed093) x 1 0x00000000
core   0: 0x80003ae4 (0x4048d1b3) sra     gp, a7, tp
core   0: 3 0x80003ae4 (0x4048d1b3) x 3 0xffff0002
core   0: 0x80003ae8 (0x00008939) c.andi  a0, 14
core   0: 3 0x80003ae8 (0x8939) x10 0x0000000e
core   0: 0x80003aea (0x000067bd) c.lui   a5, 0xf
core   0: 3 0x80003aea (0x67bd) x15 0x0000f000
core   0: 0x80003aec (0x0c815a03) lhu     s4, 200(sp)
core   0: 3 0x80003aec (0x0c815a03) x20 0x00006b6b mem 0x80010522
core   0: 0x80003af0 (0x0251af33) mulhsu  t5, gp, t0
core   0: 3 0x80003af0 (0x0251af33) x30 0x00000000
core   0: 0x80003af4 (0xf6310503) lb      a0, -157(sp)
core   0: 3 0x80003af4 (0xf6310503) x10 0x00000076 mem 0x800103bd
core   0: 0x80003af8 (0x0ff0000f) fence   iorw,iorw
core   0: 3 0x80003af8 (0x0ff0000f)
core   0: 0x80003afc (0x032ba2b3) mulhsu  t0, s7, s2
core   0: 3 0x80003afc (0x032ba2b3) x 5 0xffffffff
core   0: 0x80003b00 (0xf3611f83) lh      t6, -202(sp)
core   0: 3 0x80003b00 (0xf3611f83) x31 0x00004a4b mem 0x80010390
core   0: 0x80003b04 (0xfb011223) sh      a6, -92(sp)
core   0: 3 0x80003b04 (0xfb011223) mem 0x800103fe 0xff8a
core   0: 0x80003b08 (0x08b12d23) sw      a1, 154(sp)
core   0: 3 0x80003b08 (0x08b12d23) mem 0x800104f4 0xffffffff
core   0: 0x80003b0c (0xbf670c13) addi    s8, a4, -1034
core   0: 3 0x80003b0c (0xbf670c13) x24 0xfffffbfc
core   0: 0x80003b10 (0x411355b3) sra     a1, t1, a7
core   0: 3 0x80003b10 (0x411355b3) x11 0x00000000
core   0: 0x80003b14 (0xff610ea3) sb      s6, -3(sp)
core   0: 3 0x80003b14 (0xff610ea3) mem 0x80010457 0x64
core   0: 0x80003b18 (0x00000001) c.nop
core   0: 3 0x80003b18 (0x0001)
core   0: 0x80003b1a (0xf2c11423) sh      a2, -216(sp)
core   0: 3 0x80003b1a (0xf2c11423) mem 0x80010382 0x6667
core   0: 0x80003b1e (0xfc010523) sb      zero, -54(sp)
core   0: 3 0x80003b1e (0xfc010523) mem 0x80010424 0x0
core   0: 0x80003b22 (0x75311e97) auipc   t4, 0x75311
core   0: 3 0x80003b22 (0x75311e97) x29 0xf5314b22
core   0: 0x80003b26 (0xfac10d23) sb      a2, -70(sp)
core   0: 3 0x80003b26 (0xfac10d23) mem 0x80010414 0x67
core   0: 0x80003b2a (0x07914603) lbu     a2, 121(sp)
core   0: 3 0x80003b2a (0x07914603) x12 0x00000088 mem 0x800104d3
core   0: 0x80003b2e (0x000010fd) c.addi  ra, -1
core   0: 3 0x80003b2e (0x10fd) x 1 0xffffffff
core   0: 0x80003b30 (0x00008f4a) c.mv    t5, s2
core   0: 3 0x80003b30 (0x8f4a) x30 0x0000cccd
core   0: 0x80003b32 (0x07210d03) lb      s10, 114(sp)
core   0: 3 0x80003b32 (0x07210d03) x26 0xffffff87 mem 0x800104cc
core   0: 0x80003b36 (0x00008c49) c.or    s0, a0
core   0: 3 0x80003b36 (0x8c49) x 8 0x000000ff
core   0: 0x80003b38 (0x00b256b3) srl     a3, tp, a1
core   0: 3 0x80003b38 (0x00b256b3) x13 0x00004e4f
core   0: 0x80003b3c (0x02397ab3) remu    s5, s2, gp
core   0: 3 0x80003b3c (0x02397ab3) x21 0x0000cccd
core   0: 0x80003b40 (0x07f10e23) sb      t6, 124(sp)
core   0: 3 0x80003b40 (0x07f10e23) mem 0x800104d6 0x4b
core   0: 0x80003b44 (0x00c11603) lh      a2, 12(sp)
core   0: 3 0x80003b44 (0x00c11603) x12 0x00001c1d mem 0x80010466
core   0: 0x80003b48 (0x0000d317) auipc   t1, 0xd
core   0: 3 0x80003b48 (0x0000d317) x 6 0x80010b48
core   0: 0x80003b4c (0x00830313) addi    t1, t1, 8
core   0: 3 0x80003b4c (0x00830313) x 6 0x80010b50
core   0: 0x80003b50 (0xbbf307a3) sb      t6, -1105(t1)
core   0: 3 0x80003b50 (0xbbf307a3) mem 0x800106ff 0x4b
core   0: 0x80003b54 (0xd4d30a03) lb      s4, -691(t1)
core   0: 3 0x80003b54 (0xd4d30a03) x20 0x00000056 mem 0x8001089d
core   0: 0x80003b58 (0x00014797) auipc   a5, 0x14
core   0: 3 0x80003b58 (0x00014797) x15 0x80017b58
core   0: 0x80003b5c (0xd9278793) addi    a5, a5, -622
core   0: 3 0x80003b5c (0xd9278793) x15 0x800178ea
core   0: 0x80003b60 (0x8fc34e83) lbu     t4, -1796(t1)
core   0: 3 0x80003b60 (0x8fc34e83) x29 0x00000007 mem 0x8001044c
core   0: 0x80003b64 (0xff778183) lb      gp, -9(a5)
core   0: 3 0x80003b64 (0xff778183) x 3 0xffffff9a mem 0x800178e1
core   0: 0x80003b68 (0x0077c603) lbu     a2, 7(a5)
core   0: 3 0x80003b68 (0x0077c603) x12 0x000000aa mem 0x800178f1
core   0: 0x80003b6c (0xb6631223) sh      t1, -1180(t1)
core   0: 3 0x80003b6c (0xb6631223) mem 0x800106b4 0x0b50
core   0: 0x80003b70 (0xffc78c23) sb      t3, -8(a5)
core   0: 3 0x80003b70 (0xffc78c23) mem 0x800178e2 0x8a
core   0: 0x80003b74 (0x88b30703) lb      a4, -1909(t1)
core   0: 3 0x80003b74 (0x88b30703) x14 0xffffff90 mem 0x800103db
core   0: 0x80003b78 (0xcc832023) sw      s0, -832(t1)
core   0: 3 0x80003b78 (0xcc832023) mem 0x80010810 0x000000ff
core   0: 0x80003b7c (0x4db306a3) sb      s11, 1229(t1)
core   0: 3 0x80003b7c (0x4db306a3) mem 0x8001101d 0xe4
core   0: 0x80003b80 (0x00778423) sb      t2, 8(a5)
core   0: 3 0x80003b80 (0x00778423) mem 0x800178f2 0xfc
core   0: 0x80003b84 (0x86831703) lh      a4, -1944(t1)
core   0: 3 0x80003b84 (0x86831703) x14 0x00007273 mem 0x800103b8
core   0: 0x80003b88 (0x00779323) sh      t2, 6(a5)
core   0: 3 0x80003b88 (0x00779323) mem 0x800178f0 0xfefc
core   0: 0x80003b8c (0x00018597) auipc   a1, 0x18
core   0: 3 0x80003b8c (0x00018597) x11 0x8001bb8c
core   0: 0x80003b90 (0x42358593) addi    a1, a1, 1059
core   0: 3 0x80003b90 (0x42358593) x11 0x8001bfaf
core   0: 0x80003b94 (0x0000100f) fence.i
core   0: 3 0x80003b94 (0x0000100f)
core   0: 0x80003b98 (0x00008bf9) c.andi  a5, 30
core   0: 3 0x80003b98 (0x8bf9) x15 0x0000000a
core   0: 0x80003b9a (0x49853313) sltiu   t1, a0, 1176
core   0: 3 0x80003b9a (0x49853313) x 6 0x00000001
core   0: 0x80003b9e (0x41735793) srai    a5, t1, 23
core   0: 3 0x80003b9e (0x41735793) x15 0x00000000
core   0: 0x80003ba2 (0x00f52233) slt     tp, a0, a5
core   0: 3 0x80003ba2 (0x00f52233) x 4 0x00000000
core   0: 0x80003ba6 (0x00a58503) lb      a0, 10(a1)
core   0: 3 0x80003ba6 (0x00a58503) x10 0x00000072 mem 0x8001bfb9
core   0: 0x80003baa (0x00958323) sb      s1, 6(a1)
core   0: 3 0x80003baa (0x00958323) mem 0x8001bfb5 0xc6
core   0: 0x80003bae (0x00009496) c.add   s1, t0
core   0: 3 0x80003bae (0x9496) x 9 0x000000c5
core   0: 0x80003bb0 (0x029544b3) div     s1, a0, s1
core   0: 3 0x80003bb0 (0x029544b3) x 9 0x00000000
core   0: 0x80003bb4 (0x00009512) c.add   a0, tp
core   0: 3 0x80003bb4 (0x9512) x10 0x00000072
core   0: 0x80003bb6 (0x00a5c503) lbu     a0, 10(a1)
core   0: 3 0x80003bb6 (0x00a5c503) x10 0x00000072 mem 0x8001bfb9
core   0: 0x80003bba (0x95e6e4b7) lui     s1, 0x95e6e
core   0: 3 0x80003bba (0x95e6e4b7) x 9 0x95e6e000
core   0: 0x80003bbe (0x00008109) c.srli  a0, 2
core   0: 3 0x80003bbe (0x8109) x10 0x0000001c
core   0: 0x80003bc0 (0xfd822493) slti    s1, tp, -40
core   0: 3 0x80003bc0 (0xfd822493) x 9 0x00000000
core   0: 0x80003bc4 (0x00d5c783) lbu     a5, 13(a1)
core   0: 3 0x80003bc4 (0x00d5c783) x15 0x00000077 mem 0x8001bfbc
core   0: 0x80003bc8 (0xff35d483) lhu     s1, -13(a1)
core   0: 3 0x80003bc8 (0xff35d483) x 9 0x00005859 mem 0x8001bfa2
core   0: 0x80003bcc (0x339ad217) auipc   tp, 0x339ad
core   0: 3 0x80003bcc (0x339ad217) x 4 0xb39b0bcc
core   0: 0x80003bd0 (0x00f78333) add     t1, a5, a5
core   0: 3 0x80003bd0 (0x00f78333) x 6 0x000000ee
core   0: 0x80003bd4 (0x00008785) c.srai  a5, 1
core   0: 3 0x80003bd4 (0x8785) x15 0x0000003b
core   0: 0x80003bd6 (0x1402b793) sltiu   a5, t0, 320
core   0: 3 0x80003bd6 (0x1402b793) x15 0x00000000
core   0: 0x80003bda (0x000084f5) c.srai  s1, 29
core   0: 3 0x80003bda (0x84f5) x 9 0x00000000
core   0: 0x80003bdc (0xffb58303) lb      t1, -5(a1)
core   0: 3 0x80003bdc (0xffb58303) x 6 0x00000061 mem 0x8001bfaa
core   0: 0x80003be0 (0x40a20233) sub     tp, tp, a0
core   0: 3 0x80003be0 (0x40a20233) x 4 0xb39b0bb0
core   0: 0x80003be4 (0x01058503) lb      a0, 16(a1)
core   0: 3 0x80003be4 (0x01058503) x10 0x00000074 mem 0x8001bfbf
core   0: 0x80003be8 (0xffa58203) lb      tp, -6(a1)
core   0: 3 0x80003be8 (0xffa58203) x 4 0x00000062 mem 0x8001bfa9
core   0: 0x80003bec (0x02926333) rem     t1, tp, s1
core   0: 3 0x80003bec (0x02926333) x 6 0x00000062
core   0: 0x80003bf0 (0xff35c503) lbu     a0, -13(a1)
core   0: 3 0x80003bf0 (0xff35c503) x10 0x00000059 mem 0x8001bfa2
core   0: 0x80003bf4 (0x00000001) c.nop
core   0: 3 0x80003bf4 (0x0001)
core   0: 0x80003bf6 (0x00258303) lb      t1, 2(a1)
core   0: 3 0x80003bf6 (0x00258303) x 6 0x0000006a mem 0x8001bfb1
core   0: 0x80003bfa (0x0000997d) c.andi  a0, -1
core   0: 3 0x80003bfa (0x997d) x10 0x00000059
core   0: 0x80003bfc (0xfef58823) sb      a5, -16(a1)
core   0: 3 0x80003bfc (0xfef58823) mem 0x8001bf9f 0x0
core   0: 0x80003c00 (0x00008f9d) c.sub   a5, a5
core   0: 3 0x80003c00 (0x8f9d) x15 0x00000000
core   0: 0x80003c02 (0x00558503) lb      a0, 5(a1)
core   0: 3 0x80003c02 (0x00558503) x10 0x0000006f mem 0x8001bfb4
core   0: 0x80003c06 (0x000087b1) c.srai  a5, 12
core   0: 3 0x80003c06 (0x87b1) x15 0x00000000
core   0: 0x80003c08 (0xff25c203) lbu     tp, -14(a1)
core   0: 3 0x80003c08 (0xff25c203) x 4 0x0000005a mem 0x8001bfa1
core   0: 0x80003c0c (0xffd5c483) lbu     s1, -3(a1)
core   0: 3 0x80003c0c (0xffd5c483) x 9 0x00000067 mem 0x8001bfac
core   0: 0x80003c10 (0x409304b3) sub     s1, t1, s1
core   0: 3 0x80003c10 (0x409304b3) x 9 0x00000003
core   0: 0x80003c14 (0x00008ca5) c.xor   s1, s1
core   0: 3 0x80003c14 (0x8ca5) x 9 0x00000000
core   0: 0x80003c16 (0xfe658d23) sb      t1, -6(a1)
core   0: 3 0x80003c16 (0xfe658d23) mem 0x8001bfa9 0x6a
core   0: 0x80003c1a (0x66f4e513) ori     a0, s1, 1647
core   0: 3 0x80003c1a (0x66f4e513) x10 0x0000066f
core   0: 0x80003c1e (0x0000851a) c.mv    a0, t1
core   0: 3 0x80003c1e (0x851a) x10 0x0000006a
core   0: 0x80003c20 (0x009595a3) sh      s1, 11(a1)
core   0: 3 0x80003c20 (0x009595a3) mem 0x8001bfba 0x0000
core   0: 0x80003c24 (0x004217b3) sll     a5, tp, tp
core   0: 3 0x80003c24 (0x004217b3) x15 0x68000000
core   0: 0x80003c28 (0x01058303) lb      t1, 16(a1)
core   0: 3 0x80003c28 (0x01058303) x 6 0x00000074 mem 0x8001bfbf
core   0: 0x80003c2c (0x00017117) auipc   sp, 0x17
core   0: 3 0x80003c2c (0x00017117) x 2 0x8001ac2c
core   0: 0x80003c30 (0xee610113) addi    sp, sp, -282
core   0: 3 0x80003c30 (0xee610113) x 2 0x8001ab12
core   0: 0x80003c34 (0x00000001) c.nop
core   0: 3 0x80003c34 (0x0001)
core   0: 0x80003c36 (0x00312323) sw      gp, 6(sp)
core   0: 3 0x80003c36 (0x00312323) mem 0x8001ab18 0xffffff9a
core   0: 0x80003c3a (0x02914383) lbu     t2, 41(sp)
core   0: 3 0x80003c3a (0x02914383) x 7 0x000000f0 mem 0x8001ab3b
core   0: 0x80003c3e (0x0000100f) fence.i
core   0: 3 0x80003c3e (0x0000100f)
core   0: 0x80003c42 (0x00014603) lbu     a2, 0(sp)
core   0: 3 0x80003c42 (0x00014603) x12 0x000000c9 mem 0x8001ab12
core   0: 0x80003c46 (0xff815683) lhu     a3, -8(sp)
core   0: 3 0x80003c46 (0xff815683) x13 0x0000c0c1 mem 0x8001ab0a
core   0: 0x80003c4a (0x023105a3) sb      gp, 43(sp)
core   0: 3 0x80003c4a (0x023105a3) mem 0x8001ab3d 0x9a
core   0: 0x80003c4e (0x02c15183) lhu     gp, 44(sp)
core   0: 3 0x80003c4e (0x02c15183) x 3 0x0000f4f5 mem 0x8001ab3e
core   0: 0x80003c52 (0xfd412523) sw      s4, -54(sp)
core   0: 3 0x80003c52 (0xfd412523) mem 0x8001aadc 0x00000056
core   0: 0x80003c56 (0x03d842b3) div     t0, a6, t4
core   0: 3 0x80003c56 (0x03d842b3) x 5 0xfffffff0
core   0: 0x80003c5a (0xfd010923) sb      a6, -46(sp)
core   0: 3 0x80003c5a (0xfd010923) mem 0x8001aae4 0x8a
core   0: 0x80003c5e (0x02210883) lb      a7, 34(sp)
core   0: 3 0x80003c5e (0x02210883) x17 0xffffffef mem 0x8001ab34
core   0: 0x80003c62 (0x02e106a3) sb      a4, 45(sp)
core   0: 3 0x80003c62 (0x02e106a3) mem 0x8001ab3f 0x73
core   0: 0x80003c66 (0x00008ed5) c.or    a3, a3
core   0: 3 0x80003c66 (0x8ed5) x13 0x0000c0c1
core   0: 0x80003c68 (0x00110883) lb      a7, 1(sp)
core   0: 3 0x80003c68 (0x00110883) x17 0xffffffc8 mem 0x8001ab13
core   0: 0x80003c6c (0x02114403) lbu     s0, 33(sp)
core   0: 3 0x80003c6c (0x02114403) x 8 0x000000e8 mem 0x8001ab33
core   0: 0x80003c70 (0xff614c03) lbu     s8, -10(sp)
core   0: 3 0x80003c70 (0xff614c03) x24 0x000000c3 mem 0x8001ab08
core   0: 0x80003c74 (0x01f11323) sh      t6, 6(sp)
core   0: 3 0x80003c74 (0x01f11323) mem 0x8001ab18 0x4a4b
core   0: 0x80003c78 (0x01efa933) slt     s2, t6, t5
core   0: 3 0x80003c78 (0x01efa933) x18 0x00000001
core   0: 0x80003c7c (0x0375ff33) remu    t5, a1, s7
core   0: 3 0x80003c7c (0x0375ff33) x30 0x8001bfaf
core   0: 0x80003c80 (0x033864b3) rem     s1, a6, s3
core   0: 3 0x80003c80 (0x033864b3) x 9 0xfffffffa
core   0: 0x80003c84 (0xfd411523) sh      s4, -54(sp)
core   0: 3 0x80003c84 (0xfd411523) mem 0x8001aadc 0x0056
core   0: 0x80003c88 (0xff010783) lb      a5, -16(sp)
core   0: 3 0x80003c88 (0xff010783) x15 0xffffffb9 mem 0x8001ab02
core   0: 0x80003c8c (0xff311323) sh      s3, -26(sp)
core   0: 3 0x80003c8c (0xff311323) mem 0x8001aaf8 0x0008
core   0: 0x80003c90 (0x685838b7) lui     a7, 0x68583
core   0: 3 0x80003c90 (0x685838b7) x17 0x68583000
core   0: 0x80003c94 (0x02b14303) lbu     t1, 43(sp)
core   0: 3 0x80003c94 (0x02b14303) x 6 0x0000009a mem 0x8001ab3d
core   0: 0x80003c98 (0xfec15c83) lhu     s9, -20(sp)
core   0: 3 0x80003c98 (0xfec15c83) x25 0x0000b4b5 mem 0x8001aafe
core   0: 0x80003c9c (0x02e10a03) lb      s4, 46(sp)
core   0: 3 0x80003c9c (0x02e10a03) x20 0xfffffffb mem 0x8001ab40
core   0: 0x80003ca0 (0x00000001) c.nop
core   0: 3 0x80003ca0 (0x0001)
core   0: 0x80003ca2 (0x01614703) lbu     a4, 22(sp)
core   0: 3 0x80003ca2 (0x01614703) x14 0x000000e3 mem 0x8001ab28
core   0: 0x80003ca6 (0x03e11403) lh      s0, 62(sp)
core   0: 3 0x80003ca6 (0x03e11403) x 8 0x00000a0b mem 0x8001ab50
core   0: 0x80003caa (0x03910083) lb      ra, 57(sp)
core   0: 3 0x80003caa (0x03910083) x 1 0x00000000 mem 0x8001ab4b
core   0: 0x80003cae (0xfe914203) lbu     tp, -23(sp)
core   0: 3 0x80003cae (0xfe914203) x 4 0x000000b0 mem 0x8001aafb
core   0: 0x80003cb2 (0x01614b83) lbu     s7, 22(sp)
core   0: 3 0x80003cb2 (0x01614b83) x23 0x000000e3 mem 0x8001ab28
core   0: 0x80003cb6 (0xffb14f83) lbu     t6, -5(sp)
core   0: 3 0x80003cb6 (0xffb14f83) x31 0x000000c6 mem 0x8001ab0d
core   0: 0x80003cba (0x30657a17) auipc   s4, 0x30657
core   0: 3 0x80003cba (0x30657a17) x20 0xb065acba
core   0: 0x80003cbe (0x00009cd6) c.add   s9, s5
core   0: 3 0x80003cbe (0x9cd6) x25 0x00018182
core   0: 0x80003cc0 (0xff710da3) sb      s7, -5(sp)
core   0: 3 0x80003cc0 (0xff710da3) mem 0x8001ab0d 0xe3
core   0: 0x80003cc4 (0x0000c317) auipc   t1, 0xc
core   0: 3 0x80003cc4 (0x0000c317) x 6 0x8000fcc4
core   0: 0x80003cc8 (0x78b30313) addi    t1, t1, 1931
core   0: 3 0x80003cc8 (0x78b30313) x 6 0x8001044f
core   0: 0x80003ccc (0x00634c83) lbu     s9, 6(t1)
core   0: 3 0x80003ccc (0x00634c83) x25 0x0000000e mem 0x80010455
core   0: 0x80003cd0 (0x01530323) sb      s5, 6(t1)
core   0: 3 0x80003cd0 (0x01530323) mem 0x80010455 0xcd
core   0: 0x80003cd4 (0x00634483) lbu     s1, 6(t1)
core   0: 3 0x80003cd4 (0x00634483) x 9 0x000000cd mem 0x80010455
core   0: 0x80003cd8 (0x00730323) sb      t2, 6(t1)
core   0: 3 0x80003cd8 (0x00730323) mem 0x80010455 0xf0
core   0: 0x80003cdc (0x00630683) lb      a3, 6(t1)
core   0: 3 0x80003cdc (0x00630683) x13 0xfffffff0 mem 0x80010455
core   0: 0x80003ce0 (0x0ff0000f) fence   iorw,iorw
core   0: 3 0x80003ce0 (0x0ff0000f)
core   0: 0x80003ce4 (0x030eebb3) rem     s7, t4, a6
core   0: 3 0x80003ce4 (0x030eebb3) x23 0x00000007
core   0: 0x80003ce8 (0x00630a83) lb      s5, 6(t1)
core   0: 3 0x80003ce8 (0x00630a83) x21 0xfffffff0 mem 0x80010455
core   0: 0x80003cec (0x01d30323) sb      t4, 6(t1)
core   0: 3 0x80003cec (0x01d30323) mem 0x80010455 0x7
core   0: 0x80003cf0 (0xfe730923) sb      t2, -14(t1)
core   0: 3 0x80003cf0 (0xfe730923) mem 0x80010441 0xf0
core   0: 0x80003cf4 (0xfec31fa3) sh      a2, -1(t1)
core   0: 3 0x80003cf4 (0xfec31fa3) mem 0x8001044e 0x00c9
core   0: 0x80003cf8 (0x00a30503) lb      a0, 10(t1)
core   0: 3 0x80003cf8 (0x00a30503) x10 0x00000000 mem 0x80010459
core   0: 0x80003cfc (0x00c4d133) srl     sp, s1, a2
core   0: 3 0x80003cfc (0x00c4d133) x 2 0x00000000
core   0: 0x80003d00 (0x00a30483) lb      s1, 10(t1)
core   0: 3 0x80003d00 (0x00a30483) x 9 0x00000000 mem 0x80010459
core   0: 0x80003d04 (0x01e8c633) xor     a2, a7, t5
core   0: 3 0x80003d04 (0x01e8c633) x12 0xe8598faf
core   0: 0x80003d08 (0x00a30c03) lb      s8, 10(t1)
core   0: 3 0x80003d08 (0x00a30c03) x24 0x00000000 mem 0x80010459
core   0: 0x80003d0c (0x00c003ef) jal     t2, pc + 0xc
core   0: 3 0x80003d0c (0x00c003ef) x 7 0x80003d10
core   0: 0x80003d18 (0x00002801) c.jal   pc + 16
core   0: 3 0x80003d18 (0x2801) x 1 0x80003d1a
core   0: 0x80003d28 (0x0000bfe5) c.j     pc - 8
core   0: 3 0x80003d28 (0xbfe5)
core   0: 0x80003d20 (0x0000a019) c.j     pc + 6
core   0: 3 0x80003d20 (0xa019)
core   0: 0x80003d26 (0x000037ed) c.jal   pc - 22
core   0: 3 0x80003d26 (0x37ed) x 1 0x80003d28
core   0: 0x80003d10 (0x0120036f) jal     t1, pc + 0x12
core   0: 3 0x80003d10 (0x0120036f) x 6 0x80003d14
core   0: 0x80003d22 (0x0000bfd5) c.j     pc - 12
core   0: 3 0x80003d22 (0xbfd5)
core   0: 0x80003d16 (0x0000a011) c.j     pc + 4
core   0: 3 0x80003d16 (0xa011)
core   0: 0x80003d1a (0x00002029) c.jal   pc + 10
core   0: 3 0x80003d1a (0x2029) x 1 0x80003d1c
core   0: 0x80003d24 (0x00003fe5) c.jal   pc - 8
core   0: 3 0x80003d24 (0x3fe5) x 1 0x80003d26
core   0: 0x80003d1c (0xff9ff1ef) jal     gp, pc - 0x8
core   0: 3 0x80003d1c (0xff9ff1ef) x 3 0x80003d20
core   0: 0x80003d14 (0x0000a819) c.j     pc + 22
core   0: 3 0x80003d14 (0xa819)
core   0: 0x80003d2a (0x01191c93) slli    s9, s2, 17
core   0: 3 0x80003d2a (0x01191c93) x25 0x00020000
core   0: 0x80003d2e (0x0000d117) auipc   sp, 0xd
core   0: 3 0x80003d2e (0x0000d117) x 2 0x80010d2e
core   0: 0x80003d32 (0xe1510113) addi    sp, sp, -491
core   0: 3 0x80003d32 (0xe1510113) x 2 0x80010b43
core   0: 0x80003d36 (0x03a0a6b3) mulhsu  a3, ra, s10
core   0: 3 0x80003d36 (0x03a0a6b3) x13 0x80003d62
core   0: 0x80003d3a (0x02321f33) mulh    t5, tp, gp
core   0: 3 0x80003d3a (0x02321f33) x30 0xffffffa8
core   0: 0x80003d3e (0x0000852d) c.srai  a0, 11
core   0: 3 0x80003d3e (0x852d) x10 0x00000000
core   0: 0x80003d40 (0xaceb3193) sltiu   gp, s6, -1330
core   0: 3 0x80003d40 (0xaceb3193) x 3 0x00000001
core   0: 0x80003d44 (0x004a17b3) sll     a5, s4, tp
core   0: 3 0x80003d44 (0x004a17b3) x15 0xacba0000
core   0: 0x80003d48 (0x0000863d) c.srai  a2, 15
core   0: 3 0x80003d48 (0x863d) x12 0xffffd0b3
core   0: 0x80003d4a (0x0b814c83) lbu     s9, 184(sp)
core   0: 3 0x80003d4a (0x0b814c83) x25 0x000000b0 mem 0x80010bfb
core   0: 0x80003d4e (0xf2c120a3) sw      a2, -223(sp)
core   0: 3 0x80003d4e (0xf2c120a3) mem 0x80010a64 0xffffd0b3
core   0: 0x80003d52 (0xf0810383) lb      t2, -248(sp)
core   0: 3 0x80003d52 (0xf0810383) x 7 0xffffff80 mem 0x80010a4b
core   0: 0x80003d56 (0x031edf33) divu    t5, t4, a7
core   0: 3 0x80003d56 (0x031edf33) x30 0x00000000
core   0: 0x80003d5a (0x0ff0000f) fence   iorw,iorw
core   0: 3 0x80003d5a (0x0ff0000f)
core   0: 0x80003d5e (0x05212aa3) sw      s2, 85(sp)
core   0: 3 0x80003d5e (0x05212aa3) mem 0x80010b98 0x00000001
core   0: 0x80003d62 (0x00008de9) c.and   a1, a0
core   0: 3 0x80003d62 (0x8de9) x11 0x00000000
core   0: 0x80003d64 (0x00305313) srli    t1, zero, 3
core   0: 3 0x80003d64 (0x00305313) x 6 0x00000000
core   0: 0x80003d68 (0x046104a3) sb      t1, 73(sp)
core   0: 3 0x80003d68 (0x046104a3) mem 0x80010b8c 0x0
core   0: 0x80003d6c (0x03814883) lbu     a7, 56(sp)
core   0: 3 0x80003d6c (0x03814883) x17 0x00000030 mem 0x80010b7b
core   0: 0x80003d70 (0x0000100f) fence.i
core   0: 3 0x80003d70 (0x0000100f)
core   0: 0x80003d74 (0x0f110c03) lb      s8, 241(sp)
core   0: 3 0x80003d74 (0x0f110c03) x24 0xffffffef mem 0x80010c34
core   0: 0x80003d78 (0xf90113a3) sh      a6, -121(sp)
core   0: 3 0x80003d78 (0xf90113a3) mem 0x80010aca 0xff8a
core   0: 0x80003d7c (0x016264b3) or      s1, tp, s6
core   0: 3 0x80003d7c (0x016264b3) x 9 0x80025ef4
core   0: 0x80003d80 (0x03aba4b3) mulhsu  s1, s7, s10
core   0: 3 0x80003d80 (0x03aba4b3) x 9 0x00000006
core   0: 0x80003d84 (0x0c515383) lhu     t2, 197(sp)
core   0: 3 0x80003d84 (0x0c515383) x 7 0x0000acc3 mem 0x80010c08
core   0: 0x80003d88 (0x40455033) sra     zero, a0, tp
core   0: 3 0x80003d88 (0x40455033)
core   0: 0x80003d8c (0x000001e9) c.addi  gp, 26
core   0: 3 0x80003d8c (0x01e9) x 3 0x0000001b
core   0: 0x80003d8e (0xffd12583) lw      a1, -3(sp)
core   0: 3 0x80003d8e (0xffd12583) x11 0xe808fafb mem 0x80010b40
core   0: 0x80003d92 (0x0000100f) fence.i
core   0: 3 0x80003d92 (0x0000100f)
core   0: 0x80003d96 (0x00008e55) c.or    a2, a3
core   0: 3 0x80003d96 (0x8e55) x12 0xfffffdf3
core   0: 0x80003d98 (0x033b84b3) mul     s1, s7, s3
core   0: 3 0x80003d98 (0x033b84b3) x 9 0x00000038
core   0: 0x80003d9c (0xf1515783) lhu     a5, -235(sp)
core   0: 3 0x80003d9c (0xf1515783) x15 0x000000dc mem 0x80010a58
core   0: 0x80003da0 (0x00000001) c.nop
core   0: 3 0x80003da0 (0x0001)
core   0: 0x80003da2 (0xf9210e83) lb      t4, -110(sp)
core   0: 3 0x80003da2 (0xf9210e83) x29 0xffffff8e mem 0x80010ad5
core   0: 0x80003da6 (0x09f10c23) sb      t6, 152(sp)
core   0: 3 0x80003da6 (0x09f10c23) mem 0x80010bdb 0xc6
core   0: 0x80003daa (0x0000100f) fence.i
core   0: 3 0x80003daa (0x0000100f)
core   0: 0x80003dae (0x03715b83) lhu     s7, 55(sp)
core   0: 3 0x80003dae (0x03715b83) x23 0x00003031 mem 0x80010b7a
core   0: 0x80003db2 (0x39cbc693) xori    a3, s7, 924
core   0: 3 0x80003db2 (0x39cbc693) x13 0x000033ad
core   0: 0x80003db6 (0x433d6093) ori     ra, s10, 1075
core   0: 3 0x80003db6 (0x433d6093) x 1 0xffffffb7
core   0: 0x80003dba (0x01742d33) slt     s10, s0, s7
core   0: 3 0x80003dba (0x01742d33) x26 0x00000001
core   0: 0x80003dbe (0x01db0bb3) add     s7, s6, t4
core   0: 3 0x80003dbe (0x01db0bb3) x23 0x80025df2
core   0: 0x80003dc2 (0x0d715a03) lhu     s4, 215(sp)
core   0: 3 0x80003dc2 (0x0d715a03) x20 0x0000e3d1 mem 0x80010c1a
core   0: 0x80003dc6 (0x40150733) sub     a4, a0, ra
core   0: 3 0x80003dc6 (0x40150733) x14 0x00000049
core   0: 0x80003dca (0xfda10823) sb      s10, -48(sp)
core   0: 3 0x80003dca (0xfda10823) mem 0x80010b13 0x1
core   0: 0x80003dce (0x00008fa1) c.xor   a5, s0
core   0: 3 0x80003dce (0x8fa1) x15 0x00000ad7
core   0: 0x80003dd0 (0xf5a14383) lbu     t2, -166(sp)
core   0: 3 0x80003dd0 (0xf5a14383) x 7 0x00000056 mem 0x80010a9d
core   0: 0x80003dd4 (0x010003ef) jal     t2, pc + 0x10
core   0: 3 0x80003dd4 (0x010003ef) x 7 0x80003dd8
core   0: 0x80003de4 (0x0000bff5) c.j     pc - 4
core   0: 3 0x80003de4 (0xbff5)
core   0: 0x80003de0 (0x0000a839) c.j     pc + 30
core   0: 3 0x80003de0 (0xa839)
core   0: 0x80003dfe (0xfe9ff76f) jal     a4, pc - 0x18
core   0: 3 0x80003dfe (0xfe9ff76f) x14 0x80003e02
core   0: 0x80003de6 (0xff3ff0ef) jal     pc - 0xe
core   0: 3 0x80003de6 (0xff3ff0ef) x 1 0x80003dea
core   0: 0x80003dd8 (0x00002819) c.jal   pc + 22
core   0: 3 0x80003dd8 (0x2819) x 1 0x80003dda
core   0: 0x80003dee (0x00002019) c.jal   pc + 6
core   0: 3 0x80003dee (0x2019) x 1 0x80003df0
core   0: 0x80003df4 (0x00003fe5) c.jal   pc - 8
core   0: 3 0x80003df4 (0x3fe5) x 1 0x80003df6
core   0: 0x80003dec (0x00002801) c.jal   pc + 16
core   0: 3 0x80003dec (0x2801) x 1 0x80003dee
core   0: 0x80003dfc (0x00003ff9) c.jal   pc - 34
core   0: 3 0x80003dfc (0x3ff9) x 1 0x80003dfe
core   0: 0x80003dda (0x0000a839) c.j     pc + 30
core   0: 3 0x80003dda (0xa839)
core   0: 0x80003df8 (0xff9ff36f) jal     t1, pc - 0x8
core   0: 3 0x80003df8 (0xff9ff36f) x 6 0x80003dfc
core   0: 0x80003df0 (0xfedff36f) jal     t1, pc - 0x14
core   0: 3 0x80003df0 (0xfedff36f) x 6 0x80003df4
core   0: 0x80003ddc (0x0000a829) c.j     pc + 26
core   0: 3 0x80003ddc (0xa829)
core   0: 0x80003df6 (0x0000bfd5) c.j     pc - 12
core   0: 3 0x80003df6 (0xbfd5)
core   0: 0x80003dea (0x00003fe5) c.jal   pc - 8
core   0: 3 0x80003dea (0x3fe5) x 1 0x80003dec
core   0: 0x80003de2 (0x0000bff5) c.j     pc - 4
core   0: 3 0x80003de2 (0xbff5)
core   0: 0x80003dde (0x0000a015) c.j     pc + 36
core   0: 3 0x80003dde (0xa015)
core   0: 0x80003e02 (0x0000717d) c.addi16sp sp, -16
core   0: 3 0x80003e02 (0x717d) x 2 0x80010b33
core   0: 0x80003e04 (0x00017317) auipc   t1, 0x17
core   0: 3 0x80003e04 (0x00017317) x 6 0x8001ae04
core   0: 0x80003e08 (0x4fe30313) addi    t1, t1, 1278
core   0: 3 0x80003e08 (0x4fe30313) x 6 0x8001b302
core   0: 0x80003e0c (0x00000f91) c.addi  t6, 4
core   0: 3 0x80003e0c (0x0f91) x31 0x000000ca
core   0: 0x80003e0e (0x66281d37) lui     s10, 0x66281
core   0: 3 0x80003e0e (0x66281d37) x26 0x66281000
core   0: 0x80003e12 (0x021155b3) divu    a1, sp, ra
core   0: 3 0x80003e12 (0x021155b3) x11 0x00000001
core   0: 0x80003e16 (0x00a34903) lbu     s2, 10(t1)
core   0: 3 0x80003e16 (0x00a34903) x18 0x000000c7 mem 0x8001b30c
core   0: 0x80003e1a (0x40ae5fb3) sra     t6, t3, a0
core   0: 3 0x80003e1a (0x40ae5fb3) x31 0xffffff8a
core   0: 0x80003e1e (0xfff30ca3) sb      t6, -7(t1)
core   0: 3 0x80003e1e (0xfff30ca3) mem 0x8001b2fb 0x8a
core   0: 0x80003e22 (0xffe32c03) lw      s8, -2(t1)
core   0: 3 0x80003e22 (0xffe32c03) x24 0xb8b9babb mem 0x8001b300
core   0: 0x80003e26 (0xff730e83) lb      t4, -9(t1)
core   0: 3 0x80003e26 (0xff730e83) x29 0xffffffb2 mem 0x8001b2f9
core   0: 0x80003e2a (0xffa35f03) lhu     t5, -6(t1)
core   0: 3 0x80003e2a (0xffa35f03) x30 0x0000b6b7 mem 0x8001b2fc
core   0: 0x80003e2e (0x00093cb3) sltu    s9, s2, zero
core   0: 3 0x80003e2e (0x00093cb3) x25 0x00000000
core   0: 0x80003e32 (0x00bdd113) srli    sp, s11, 11
core   0: 3 0x80003e32 (0x00bdd113) x 2 0x00100053
core   0: 0x80003e36 (0x01993933) sltu    s2, s2, s9
core   0: 3 0x80003e36 (0x01993933) x18 0x00000000
core   0: 0x80003e3a (0xae55c497) auipc   s1, 0xae55c
core   0: 3 0x80003e3a (0xae55c497) x 9 0x2e55fe3a
core   0: 0x80003e3e (0x00008dd1) c.or    a1, a2
core   0: 3 0x80003e3e (0x8dd1) x11 0xfffffdf3
core   0: 0x80003e40 (0x01f305a3) sb      t6, 11(t1)
core   0: 3 0x80003e40 (0x01f305a3) mem 0x8001b30d 0x8a
core   0: 0x80003e44 (0x01d58bb3) add     s7, a1, t4
core   0: 3 0x80003e44 (0x01d58bb3) x23 0xfffffda5
core   0: 0x80003e48 (0x00a4ccb3) xor     s9, s1, a0
core   0: 3 0x80003e48 (0x00a4ccb3) x25 0x2e55fe3a
core   0: 0x80003e4c (0x00f301a3) sb      a5, 3(t1)
core   0: 3 0x80003e4c (0x00f301a3) mem 0x8001b305 0xd7
core   0: 0x80003e50 (0x00d8feb3) and     t4, a7, a3
core   0: 3 0x80003e50 (0x00d8feb3) x29 0x00000020
core   0: 0x80003e54 (0x00008d6d) c.and   a0, a1
core   0: 3 0x80003e54 (0x8d6d) x10 0x00000000
core   0: 0x80003e56 (0x00831223) sh      s0, 4(t1)
core   0: 3 0x80003e56 (0x00831223) mem 0x8001b306 0x0a0b
core   0: 0x80003e5a (0x1d973093) sltiu   ra, a4, 473
core   0: 3 0x80003e5a (0x1d973093) x 1 0x00000000
core   0: 0x80003e5e (0x00632203) lw      tp, 6(t1)
core   0: 3 0x80003e5e (0x00632203) x 4 0xc0c1c2c3 mem 0x8001b308
core   0: 0x80003e62 (0x86b5a237) lui     tp, 0x86b5a
core   0: 3 0x80003e62 (0x86b5a237) x 4 0x86b5a000
core   0: 0x80003e66 (0xff934383) lbu     t2, -7(t1)
core   0: 3 0x80003e66 (0xff934383) x 7 0x0000008a mem 0x8001b2fb
core   0: 0x80003e6a (0x69a46a13) ori     s4, s0, 1690
core   0: 3 0x80003e6a (0x69a46a13) x20 0x00000e9b
core   0: 0x80003e6e (0xff234083) lbu     ra, -14(t1)
core   0: 3 0x80003e6e (0xff234083) x 1 0x000000af mem 0x8001b2f4
core   0: 0x80003e72 (0x02c027b3) mulhsu  a5, zero, a2
core   0: 3 0x80003e72 (0x02c027b3) x15 0x00000000
core   0: 0x80003e76 (0x01225f13) srli    t5, tp, 18
core   0: 3 0x80003e76 (0x01225f13) x30 0x000021ad
core   0: 0x80003e7a (0xb1f38413) addi    s0, t2, -1249
core   0: 3 0x80003e7a (0xb1f38413) x 8 0xfffffba9
core   0: 0x80003e7e (0x25e17c13) andi    s8, sp, 606
core   0: 3 0x80003e7e (0x25e17c13) x24 0x00000052
core   0: 0x80003e82 (0x00534b83) lbu     s7, 5(t1)
core   0: 3 0x80003e82 (0x00534b83) x23 0x0000000a mem 0x8001b307
core   0: 0x80003e86 (0x00589f13) slli    t5, a7, 5
core   0: 3 0x80003e86 (0x00589f13) x30 0x00000600
core   0: 0x80003e8a (0x00134a83) lbu     s5, 1(t1)
core   0: 3 0x80003e8a (0x00134a83) x21 0x000000b8 mem 0x8001b303
core   0: 0x80003e8e (0x8f7fd4b7) lui     s1, 0x8f7fd
core   0: 3 0x80003e8e (0x8f7fd4b7) x 9 0x8f7fd000
core   0: 0x80003e92 (0x00d31423) sh      a3, 8(t1)
core   0: 3 0x80003e92 (0x00d31423) mem 0x8001b30a 0x33ad
core   0: 0x80003e96 (0xffb34283) lbu     t0, -5(t1)
core   0: 3 0x80003e96 (0xffb34283) x 5 0x000000b6 mem 0x8001b2fd
core   0: 0x80003e9a (0x00500693) li      a3, 5
core   0: 3 0x80003e9a (0x00500693) x13 0x00000005
core   0: 0x80003e9e (0x01300813) li      a6, 19
core   0: 3 0x80003e9e (0x01300813) x16 0x00000013
core   0: 0x80003ea2 (0xf859ee13) ori     t3, s3, -123
core   0: 3 0x80003ea2 (0xf859ee13) x28 0xffffff8d
core   0: 0x80003ea6 (0x00000685) c.addi  a3, 1
core   0: 3 0x80003ea6 (0x0685) x13 0x00000006
core   0: 0x80003ea8 (0x00500393) li      t2, 5
core   0: 3 0x80003ea8 (0x00500393) x 7 0x00000005
core   0: 0x80003eac (0x00700113) li      sp, 7
core   0: 3 0x80003eac (0x00700113) x 2 0x00000007
core   0: 0x80003eb0 (0x0000149c) c.addi4spn a5, sp, 608
core   0: 3 0x80003eb0 (0x149c) x15 0x00000267
core   0: 0x80003eb2 (0x00000391) c.addi  t2, 4
core   0: 3 0x80003eb2 (0x0391) x 7 0x00000009
core   0: 0x80003eb4 (0xfe23eee3) bltu    t2, sp, pc - 4
core   0: 3 0x80003eb4 (0xfe23eee3)
core   0: 0x80003eb8 (0xff06c5e3) blt     a3, a6, pc - 22
core   0: 3 0x80003eb8 (0xff06c5e3)
core   0: 0x80003ea2 (0xf859ee13) ori     t3, s3, -123
core   0: 3 0x80003ea2 (0xf859ee13) x28 0xffffff8d
core   0: 0x80003ea6 (0x00000685) c.addi  a3, 1
core   0: 3 0x80003ea6 (0x0685) x13 0x00000007
core   0: 0x80003ea8 (0x00500393) li      t2, 5
core   0: 3 0x80003ea8 (0x00500393) x 7 0x00000005
core   0: 0x80003eac (0x00700113) li      sp, 7
core   0: 3 0x80003eac (0x00700113) x 2 0x00000007
core   0: 0x80003eb0 (0x0000149c) c.addi4spn a5, sp, 608
core   0: 3 0x80003eb0 (0x149c) x15 0x00000267
core   0: 0x80003eb2 (0x00000391) c.addi  t2, 4
core   0: 3 0x80003eb2 (0x0391) x 7 0x00000009
core   0: 0x80003eb4 (0xfe23eee3) bltu    t2, sp, pc - 4
core   0: 3 0x80003eb4 (0xfe23eee3)
core   0: 0x80003eb8 (0xff06c5e3) blt     a3, a6, pc - 22
core   0: 3 0x80003eb8 (0xff06c5e3)
core   0: 0x80003ea2 (0xf859ee13) ori     t3, s3, -123
core   0: 3 0x80003ea2 (0xf859ee13) x28 0xffffff8d
core   0: 0x80003ea6 (0x00000685) c.addi  a3, 1
core   0: 3 0x80003ea6 (0x0685) x13 0x00000008
core   0: 0x80003ea8 (0x00500393) li      t2, 5
core   0: 3 0x80003ea8 (0x00500393) x 7 0x00000005
core   0: 0x80003eac (0x00700113) li      sp, 7
core   0: 3 0x80003eac (0x00700113) x 2 0x00000007
core   0: 0x80003eb0 (0x0000149c) c.addi4spn a5, sp, 608
core   0: 3 0x80003eb0 (0x149c) x15 0x00000267
core   0: 0x80003eb2 (0x00000391) c.addi  t2, 4
core   0: 3 0x80003eb2 (0x0391) x 7 0x00000009
core   0: 0x80003eb4 (0xfe23eee3) bltu    t2, sp, pc - 4
core   0: 3 0x80003eb4 (0xfe23eee3)
core   0: 0x80003eb8 (0xff06c5e3) blt     a3, a6, pc - 22
core   0: 3 0x80003eb8 (0xff06c5e3)
core   0: 0x80003ea2 (0xf859ee13) ori     t3, s3, -123
core   0: 3 0x80003ea2 (0xf859ee13) x28 0xffffff8d
core   0: 0x80003ea6 (0x00000685) c.addi  a3, 1
core   0: 3 0x80003ea6 (0x0685) x13 0x00000009
core   0: 0x80003ea8 (0x00500393) li      t2, 5
core   0: 3 0x80003ea8 (0x00500393) x 7 0x00000005
core   0: 0x80003eac (0x00700113) li      sp, 7
core   0: 3 0x80003eac (0x00700113) x 2 0x00000007
core   0: 0x80003eb0 (0x0000149c) c.addi4spn a5, sp, 608
core   0: 3 0x80003eb0 (0x149c) x15 0x00000267
core   0: 0x80003eb2 (0x00000391) c.addi  t2, 4
core   0: 3 0x80003eb2 (0x0391) x 7 0x00000009
core   0: 0x80003eb4 (0xfe23eee3) bltu    t2, sp, pc - 4
core   0: 3 0x80003eb4 (0xfe23eee3)
core   0: 0x80003eb8 (0xff06c5e3) blt     a3, a6, pc - 22
core   0: 3 0x80003eb8 (0xff06c5e3)
core   0: 0x80003ea2 (0xf859ee13) ori     t3, s3, -123
core   0: 3 0x80003ea2 (0xf859ee13) x28 0xffffff8d
core   0: 0x80003ea6 (0x00000685) c.addi  a3, 1
core   0: 3 0x80003ea6 (0x0685) x13 0x0000000a
core   0: 0x80003ea8 (0x00500393) li      t2, 5
core   0: 3 0x80003ea8 (0x00500393) x 7 0x00000005
core   0: 0x80003eac (0x00700113) li      sp, 7
core   0: 3 0x80003eac (0x00700113) x 2 0x00000007
core   0: 0x80003eb0 (0x0000149c) c.addi4spn a5, sp, 608
core   0: 3 0x80003eb0 (0x149c) x15 0x00000267
core   0: 0x80003eb2 (0x00000391) c.addi  t2, 4
core   0: 3 0x80003eb2 (0x0391) x 7 0x00000009
core   0: 0x80003eb4 (0xfe23eee3) bltu    t2, sp, pc - 4
core   0: 3 0x80003eb4 (0xfe23eee3)
core   0: 0x80003eb8 (0xff06c5e3) blt     a3, a6, pc - 22
core   0: 3 0x80003eb8 (0xff06c5e3)
core   0: 0x80003ea2 (0xf859ee13) ori     t3, s3, -123
core   0: 3 0x80003ea2 (0xf859ee13) x28 0xffffff8d
core   0: 0x80003ea6 (0x00000685) c.addi  a3, 1
core   0: 3 0x80003ea6 (0x0685) x13 0x0000000b
core   0: 0x80003ea8 (0x00500393) li      t2, 5
core   0: 3 0x80003ea8 (0x00500393) x 7 0x00000005
core   0: 0x80003eac (0x00700113) li      sp, 7
core   0: 3 0x80003eac (0x00700113) x 2 0x00000007
core   0: 0x80003eb0 (0x0000149c) c.addi4spn a5, sp, 608
core   0: 3 0x80003eb0 (0x149c) x15 0x00000267
core   0: 0x80003eb2 (0x00000391) c.addi  t2, 4
core   0: 3 0x80003eb2 (0x0391) x 7 0x00000009
core   0: 0x80003eb4 (0xfe23eee3) bltu    t2, sp, pc - 4
core   0: 3 0x80003eb4 (0xfe23eee3)
core   0: 0x80003eb8 (0xff06c5e3) blt     a3, a6, pc - 22
core   0: 3 0x80003eb8 (0xff06c5e3)
core   0: 0x80003ea2 (0xf859ee13) ori     t3, s3, -123
core   0: 3 0x80003ea2 (0xf859ee13) x28 0xffffff8d
core   0: 0x80003ea6 (0x00000685) c.addi  a3, 1
core   0: 3 0x80003ea6 (0x0685) x13 0x0000000c
core   0: 0x80003ea8 (0x00500393) li      t2, 5
core   0: 3 0x80003ea8 (0x00500393) x 7 0x00000005
core   0: 0x80003eac (0x00700113) li      sp, 7
core   0: 3 0x80003eac (0x00700113) x 2 0x00000007
core   0: 0x80003eb0 (0x0000149c) c.addi4spn a5, sp, 608
core   0: 3 0x80003eb0 (0x149c) x15 0x00000267
core   0: 0x80003eb2 (0x00000391) c.addi  t2, 4
core   0: 3 0x80003eb2 (0x0391) x 7 0x00000009
core   0: 0x80003eb4 (0xfe23eee3) bltu    t2, sp, pc - 4
core   0: 3 0x80003eb4 (0xfe23eee3)
core   0: 0x80003eb8 (0xff06c5e3) blt     a3, a6, pc - 22
core   0: 3 0x80003eb8 (0xff06c5e3)
core   0: 0x80003ea2 (0xf859ee13) ori     t3, s3, -123
core   0: 3 0x80003ea2 (0xf859ee13) x28 0xffffff8d
core   0: 0x80003ea6 (0x00000685) c.addi  a3, 1
core   0: 3 0x80003ea6 (0x0685) x13 0x0000000d
core   0: 0x80003ea8 (0x00500393) li      t2, 5
core   0: 3 0x80003ea8 (0x00500393) x 7 0x00000005
core   0: 0x80003eac (0x00700113) li      sp, 7
core   0: 3 0x80003eac (0x00700113) x 2 0x00000007
core   0: 0x80003eb0 (0x0000149c) c.addi4spn a5, sp, 608
core   0: 3 0x80003eb0 (0x149c) x15 0x00000267
core   0: 0x80003eb2 (0x00000391) c.addi  t2, 4
core   0: 3 0x80003eb2 (0x0391) x 7 0x00000009
core   0: 0x80003eb4 (0xfe23eee3) bltu    t2, sp, pc - 4
core   0: 3 0x80003eb4 (0xfe23eee3)
core   0: 0x80003eb8 (0xff06c5e3) blt     a3, a6, pc - 22
core   0: 3 0x80003eb8 (0xff06c5e3)
core   0: 0x80003ea2 (0xf859ee13) ori     t3, s3, -123
core   0: 3 0x80003ea2 (0xf859ee13) x28 0xffffff8d
core   0: 0x80003ea6 (0x00000685) c.addi  a3, 1
core   0: 3 0x80003ea6 (0x0685) x13 0x0000000e
core   0: 0x80003ea8 (0x00500393) li      t2, 5
core   0: 3 0x80003ea8 (0x00500393) x 7 0x00000005
core   0: 0x80003eac (0x00700113) li      sp, 7
core   0: 3 0x80003eac (0x00700113) x 2 0x00000007
core   0: 0x80003eb0 (0x0000149c) c.addi4spn a5, sp, 608
core   0: 3 0x80003eb0 (0x149c) x15 0x00000267
core   0: 0x80003eb2 (0x00000391) c.addi  t2, 4
core   0: 3 0x80003eb2 (0x0391) x 7 0x00000009
core   0: 0x80003eb4 (0xfe23eee3) bltu    t2, sp, pc - 4
core   0: 3 0x80003eb4 (0xfe23eee3)
core   0: 0x80003eb8 (0xff06c5e3) blt     a3, a6, pc - 22
core   0: 3 0x80003eb8 (0xff06c5e3)
core   0: 0x80003ea2 (0xf859ee13) ori     t3, s3, -123
core   0: 3 0x80003ea2 (0xf859ee13) x28 0xffffff8d
core   0: 0x80003ea6 (0x00000685) c.addi  a3, 1
core   0: 3 0x80003ea6 (0x0685) x13 0x0000000f
core   0: 0x80003ea8 (0x00500393) li      t2, 5
core   0: 3 0x80003ea8 (0x00500393) x 7 0x00000005
core   0: 0x80003eac (0x00700113) li      sp, 7
core   0: 3 0x80003eac (0x00700113) x 2 0x00000007
core   0: 0x80003eb0 (0x0000149c) c.addi4spn a5, sp, 608
core   0: 3 0x80003eb0 (0x149c) x15 0x00000267
core   0: 0x80003eb2 (0x00000391) c.addi  t2, 4
core   0: 3 0x80003eb2 (0x0391) x 7 0x00000009
core   0: 0x80003eb4 (0xfe23eee3) bltu    t2, sp, pc - 4
core   0: 3 0x80003eb4 (0xfe23eee3)
core   0: 0x80003eb8 (0xff06c5e3) blt     a3, a6, pc - 22
core   0: 3 0x80003eb8 (0xff06c5e3)
core   0: 0x80003ea2 (0xf859ee13) ori     t3, s3, -123
core   0: 3 0x80003ea2 (0xf859ee13) x28 0xffffff8d
core   0: 0x80003ea6 (0x00000685) c.addi  a3, 1
core   0: 3 0x80003ea6 (0x0685) x13 0x00000010
core   0: 0x80003ea8 (0x00500393) li      t2, 5
core   0: 3 0x80003ea8 (0x00500393) x 7 0x00000005
core   0: 0x80003eac (0x00700113) li      sp, 7
core   0: 3 0x80003eac (0x00700113) x 2 0x00000007
core   0: 0x80003eb0 (0x0000149c) c.addi4spn a5, sp, 608
core   0: 3 0x80003eb0 (0x149c) x15 0x00000267
core   0: 0x80003eb2 (0x00000391) c.addi  t2, 4
core   0: 3 0x80003eb2 (0x0391) x 7 0x00000009
core   0: 0x80003eb4 (0xfe23eee3) bltu    t2, sp, pc - 4
core   0: 3 0x80003eb4 (0xfe23eee3)
core   0: 0x80003eb8 (0xff06c5e3) blt     a3, a6, pc - 22
core   0: 3 0x80003eb8 (0xff06c5e3)
core   0: 0x80003ea2 (0xf859ee13) ori     t3, s3, -123
core   0: 3 0x80003ea2 (0xf859ee13) x28 0xffffff8d
core   0: 0x80003ea6 (0x00000685) c.addi  a3, 1
core   0: 3 0x80003ea6 (0x0685) x13 0x00000011
core   0: 0x80003ea8 (0x00500393) li      t2, 5
core   0: 3 0x80003ea8 (0x00500393) x 7 0x00000005
core   0: 0x80003eac (0x00700113) li      sp, 7
core   0: 3 0x80003eac (0x00700113) x 2 0x00000007
core   0: 0x80003eb0 (0x0000149c) c.addi4spn a5, sp, 608
core   0: 3 0x80003eb0 (0x149c) x15 0x00000267
core   0: 0x80003eb2 (0x00000391) c.addi  t2, 4
core   0: 3 0x80003eb2 (0x0391) x 7 0x00000009
core   0: 0x80003eb4 (0xfe23eee3) bltu    t2, sp, pc - 4
core   0: 3 0x80003eb4 (0xfe23eee3)
core   0: 0x80003eb8 (0xff06c5e3) blt     a3, a6, pc - 22
core   0: 3 0x80003eb8 (0xff06c5e3)
core   0: 0x80003ea2 (0xf859ee13) ori     t3, s3, -123
core   0: 3 0x80003ea2 (0xf859ee13) x28 0xffffff8d
core   0: 0x80003ea6 (0x00000685) c.addi  a3, 1
core   0: 3 0x80003ea6 (0x0685) x13 0x00000012
core   0: 0x80003ea8 (0x00500393) li      t2, 5
core   0: 3 0x80003ea8 (0x00500393) x 7 0x00000005
core   0: 0x80003eac (0x00700113) li      sp, 7
core   0: 3 0x80003eac (0x00700113) x 2 0x00000007
core   0: 0x80003eb0 (0x0000149c) c.addi4spn a5, sp, 608
core   0: 3 0x80003eb0 (0x149c) x15 0x00000267
core   0: 0x80003eb2 (0x00000391) c.addi  t2, 4
core   0: 3 0x80003eb2 (0x0391) x 7 0x00000009
core   0: 0x80003eb4 (0xfe23eee3) bltu    t2, sp, pc - 4
core   0: 3 0x80003eb4 (0xfe23eee3)
core   0: 0x80003eb8 (0xff06c5e3) blt     a3, a6, pc - 22
core   0: 3 0x80003eb8 (0xff06c5e3)
core   0: 0x80003ea2 (0xf859ee13) ori     t3, s3, -123
core   0: 3 0x80003ea2 (0xf859ee13) x28 0xffffff8d
core   0: 0x80003ea6 (0x00000685) c.addi  a3, 1
core   0: 3 0x80003ea6 (0x0685) x13 0x00000013
core   0: 0x80003ea8 (0x00500393) li      t2, 5
core   0: 3 0x80003ea8 (0x00500393) x 7 0x00000005
core   0: 0x80003eac (0x00700113) li      sp, 7
core   0: 3 0x80003eac (0x00700113) x 2 0x00000007
core   0: 0x80003eb0 (0x0000149c) c.addi4spn a5, sp, 608
core   0: 3 0x80003eb0 (0x149c) x15 0x00000267
core   0: 0x80003eb2 (0x00000391) c.addi  t2, 4
core   0: 3 0x80003eb2 (0x0391) x 7 0x00000009
core   0: 0x80003eb4 (0xfe23eee3) bltu    t2, sp, pc - 4
core   0: 3 0x80003eb4 (0xfe23eee3)
core   0: 0x80003eb8 (0xff06c5e3) blt     a3, a6, pc - 22
core   0: 3 0x80003eb8 (0xff06c5e3)
core   0: 0x80003ebc (0x00209bb3) sll     s7, ra, sp
core   0: 3 0x80003ebc (0x00209bb3) x23 0x00005780
core   0: 0x80003ec0 (0x0001a617) auipc   a2, 0x1a
core   0: 3 0x80003ec0 (0x0001a617) x12 0x8001dec0
core   0: 0x80003ec4 (0x94f60613) addi    a2, a2, -1713
core   0: 3 0x80003ec4 (0x94f60613) x12 0x8001d80f
core   0: 0x80003ec8 (0x0000c897) auipc   a7, 0xc
core   0: 3 0x80003ec8 (0x0000c897) x17 0x8000fec8
core   0: 0x80003ecc (0x71888893) addi    a7, a7, 1816
core   0: 3 0x80003ecc (0x71888893) x17 0x800105e0
core   0: 0x80003ed0 (0x4508cb83) lbu     s7, 1104(a7)
core   0: 3 0x80003ed0 (0x4508cb83) x23 0x000000eb mem 0x80010a30
core   0: 0x80003ed4 (0x00360503) lb      a0, 3(a2)
core   0: 3 0x80003ed4 (0x00360503) x10 0xffffffc9 mem 0x8001d812
core   0: 0x80003ed8 (0x65d8c503) lbu     a0, 1629(a7)
core   0: 3 0x80003ed8 (0x65d8c503) x10 0x000000f6 mem 0x80010c3d
core   0: 0x80003edc (0x00260683) lb      a3, 2(a2)
core   0: 3 0x80003edc (0x00260683) x13 0xffffffca mem 0x8001d811
core   0: 0x80003ee0 (0x00a60823) sb      a0, 16(a2)
core   0: 3 0x80003ee0 (0x00a60823) mem 0x8001d81f 0xf6
core   0: 0x80003ee4 (0xffd60803) lb      a6, -3(a2)
core   0: 3 0x80003ee4 (0xffd60803) x16 0xffffffc7 mem 0x8001d80c
core   0: 0x80003ee8 (0xff560183) lb      gp, -11(a2)
core   0: 3 0x80003ee8 (0xff560183) x 3 0xffffffbf mem 0x8001d804
core   0: 0x80003eec (0x59288483) lb      s1, 1426(a7)
core   0: 3 0x80003eec (0x59288483) x 9 0x00000029 mem 0x80010b72
core   0: 0x80003ef0 (0x315888a3) sb      s5, 785(a7)
core   0: 3 0x80003ef0 (0x315888a3) mem 0x800108f1 0xb8
core   0: 0x80003ef4 (0x6d288903) lb      s2, 1746(a7)
core   0: 3 0x80003ef4 (0x6d288903) x18 0x00000069 mem 0x80010cb2
core   0: 0x80003ef8 (0x00660f03) lb      t5, 6(a2)
core   0: 3 0x80003ef8 (0x00660f03) x30 0xffffffce mem 0x8001d815
core   0: 0x80003efc (0x47f88903) lb      s2, 1151(a7)
core   0: 3 0x80003efc (0x47f88903) x18 0x00000014 mem 0x80010a5f
core   0: 0x80003f00 (0x00a64203) lbu     tp, 10(a2)
core   0: 3 0x80003f00 (0x00a64203) x 4 0x000000d2 mem 0x8001d819
core   0: 0x80003f04 (0xf4188703) lb      a4, -191(a7)
core   0: 3 0x80003f04 (0xf4188703) x14 0xffffffda mem 0x80010521
core   0: 0x80003f08 (0x00d62c03) lw      s8, 13(a2)
core   0: 3 0x80003f08 (0x00d62c03) x24 0xf6d5d6d7 mem 0x8001d81c
core   0: 0x80003f0c (0x3848a503) lw      a0, 900(a7)
core   0: 3 0x80003f0c (0x3848a503) x10 0x1c1d1e1f mem 0x80010964
core   0: 0x80003f10 (0x01060483) lb      s1, 16(a2)
core   0: 3 0x80003f10 (0x01060483) x 9 0xfffffff6 mem 0x8001d81f
core   0: 0x80003f14 (0x5348dc83) lhu     s9, 1332(a7)
core   0: 3 0x80003f14 (0x5348dc83) x25 0x0000cecf mem 0x80010b14
core   0: 0x80003f18 (0x7fd88903) lb      s2, 2045(a7)
core   0: 3 0x80003f18 (0x7fd88903) x18 0xffffff96 mem 0x80010ddd
core   0: 0x80003f1c (0x0000df97) auipc   t6, 0xd
core   0: 3 0x80003f1c (0x0000df97) x31 0x80010f1c
core   0: 0x80003f20 (0xde3f8f93) addi    t6, t6, -541
core   0: 3 0x80003f20 (0xde3f8f93) x31 0x80010cff
core   0: 0x80003f24 (0x0001c097) auipc   ra, 0x1c
core   0: 3 0x80003f24 (0x0001c097) x 1 0x8001ff24
core   0: 0x80003f28 (0xf7d08093) addi    ra, ra, -131
core   0: 3 0x80003f28 (0xf7d08093) x 1 0x8001fea1
core   0: 0x80003f2c (0x00ffc483) lbu     s1, 15(t6)
core   0: 3 0x80003f2c (0x00ffc483) x 9 0x000000c5 mem 0x80010d0e
core   0: 0x80003f30 (0xb31f8d23) sb      a7, -1222(t6)
core   0: 3 0x80003f30 (0xb31f8d23) mem 0x80010839 0xe0
core   0: 0x80003f34 (0xf3e08b23) sb      t5, -202(ra)
core   0: 3 0x80003f34 (0xf3e08b23) mem 0x8001fdd7 0xce
core   0: 0x80003f38 (0x0b60c103) lbu     sp, 182(ra)
core   0: 3 0x80003f38 (0x0b60c103) x 2 0x0000000c mem 0x8001ff57
core   0: 0x80003f3c (0x22cfcb83) lbu     s7, 556(t6)
core   0: 3 0x80003f3c (0x22cfcb83) x23 0x000000e0 mem 0x80010f2b
core   0: 0x80003f40 (0x02df8b83) lb      s7, 45(t6)
core   0: 3 0x80003f40 (0x02df8b83) x23 0xffffffe7 mem 0x80010d2c
core   0: 0x80003f44 (0xc90fc203) lbu     tp, -880(t6)
core   0: 3 0x80003f44 (0xc90fc203) x 4 0x00000044 mem 0x8001098f
core   0: 0x80003f48 (0x09b09703) lh      a4, 155(ra)
core   0: 3 0x80003f48 (0x09b09703) x14 0xfffff6f7 mem 0x8001ff3c
core   0: 0x80003f4c (0xcecfc283) lbu     t0, -788(t6)
core   0: 3 0x80003f4c (0xcecfc283) x 5 0x000000a0 mem 0x800109eb
core   0: 0x80003f50 (0xf530aa83) lw      s5, -173(ra)
core   0: 3 0x80003f50 (0xf530aa83) x21 0xacadaeaf mem 0x8001fdf4
core   0: 0x80003f54 (0x81cf8883) lb      a7, -2020(t6)
core   0: 3 0x80003f54 (0x81cf8883) x17 0xffffffd0 mem 0x8001051b
core   0: 0x80003f58 (0xd13f8283) lb      t0, -749(t6)
core   0: 3 0x80003f58 (0xd13f8283) x 5 0xffffffc9 mem 0x80010a12
core   0: 0x80003f5c (0xf7a08183) lb      gp, -134(ra)
core   0: 3 0x80003f5c (0xf7a08183) x 3 0xffffffd0 mem 0x8001fe1b
core   0: 0x80003f60 (0x0fe0c803) lbu     a6, 254(ra)
core   0: 3 0x80003f60 (0x0fe0c803) x16 0x00000054 mem 0x8001ff9f
core   0: 0x80003f64 (0x256f8e03) lb      t3, 598(t6)
core   0: 3 0x80003f64 (0x256f8e03) x28 0x0000000e mem 0x80010f55
core   0: 0x80003f68 (0xc40fc583) lbu     a1, -960(t6)
core   0: 3 0x80003f68 (0xc40fc583) x11 0x000000f4 mem 0x8001093f
core   0: 0x80003f6c (0x0ce08723) sb      a4, 206(ra)
core   0: 3 0x80003f6c (0x0ce08723) mem 0x8001ff6f 0xf7
core   0: 0x80003f70 (0x0000df17) auipc   t5, 0xd
core   0: 3 0x80003f70 (0x0000df17) x30 0x80010f70
core   0: 0x80003f74 (0xb8ff0f13) addi    t5, t5, -1137
core   0: 3 0x80003f74 (0xb8ff0f13) x30 0x80010aff
core   0: 0x80003f78 (0x0000d217) auipc   tp, 0xd
core   0: 3 0x80003f78 (0x0000d217) x 4 0x80010f78
core   0: 0x80003f7c (0xbac20213) addi    tp, tp, -1108
core   0: 3 0x80003f7c (0xbac20213) x 4 0x80010b24
core   0: 0x80003f80 (0x0000d117) auipc   sp, 0xd
core   0: 3 0x80003f80 (0x0000d117) x 2 0x80010f80
core   0: 0x80003f84 (0xc2110113) addi    sp, sp, -991
core   0: 3 0x80003f84 (0xc2110113) x 2 0x80010ba1
core   0: 0x80003f88 (0x33524c83) lbu     s9, 821(tp)
core   0: 3 0x80003f88 (0x33524c83) x25 0x000000dc mem 0x80010e59
core   0: 0x80003f8c (0xff6f0383) lb      t2, -10(t5)
core   0: 3 0x80003f8c (0xff6f0383) x 7 0xffffffae mem 0x80010af5
core   0: 0x80003f90 (0x0000db97) auipc   s7, 0xd
core   0: 3 0x80003f90 (0x0000db97) x23 0x80010f90
core   0: 0x80003f94 (0xaaeb8b93) addi    s7, s7, -1362
core   0: 3 0x80003f94 (0xaaeb8b93) x23 0x80010a3e
core   0: 0x80003f98 (0xff3f28a3) sw      s3, -15(t5)
core   0: 3 0x80003f98 (0xff3f28a3) mem 0x80010af0 0x00000008
core   0: 0x80003f9c (0x99e14c03) lbu     s8, -1634(sp)
core   0: 3 0x80003f9c (0x99e14c03) x24 0x000000f4 mem 0x8001053f
core   0: 0x80003fa0 (0x41c24183) lbu     gp, 1052(tp)
core   0: 3 0x80003fa0 (0x41c24183) x 3 0x000000fb mem 0x80010f40
core   0: 0x80003fa4 (0x01fb8303) lb      t1, 31(s7)
core   0: 3 0x80003fa4 (0x01fb8303) x 6 0x00000016 mem 0x80010a5d
core   0: 0x80003fa8 (0x010f0023) sb      a6, 0(t5)
core   0: 3 0x80003fa8 (0x010f0023) mem 0x80010aff 0x54
core   0: 0x80003fac (0x0000de97) auipc   t4, 0xd
core   0: 3 0x80003fac (0x0000de97) x29 0x80010fac
core   0: 0x80003fb0 (0x83de8e93) addi    t4, t4, -1987
core   0: 3 0x80003fb0 (0x83de8e93) x29 0x800107e9
core   0: 0x80003fb4 (0xf5bbc883) lbu     a7, -165(s7)
core   0: 3 0x80003fb4 (0xf5bbc883) x17 0x00000052 mem 0x80010999
core   0: 0x80003fb8 (0xbd324803) lbu     a6, -1069(tp)
core   0: 3 0x80003fb8 (0xbd324803) x16 0x000000ac mem 0x800106f7
core   0: 0x80003fbc (0xac810e03) lb      t3, -1336(sp)
core   0: 3 0x80003fbc (0xac810e03) x28 0x00000022 mem 0x80010669
core   0: 0x80003fc0 (0x005f0423) sb      t0, 8(t5)
core   0: 3 0x80003fc0 (0x005f0423) mem 0x80010b07 0xc9
core   0: 0x80003fc4 (0xf48b8ea3) sb      s0, -163(s7)
core   0: 3 0x80003fc4 (0xf48b8ea3) mem 0x8001099b 0xa9
core   0: 0x80003fc8 (0x11b10023) sb      s11, 256(sp)
core   0: 3 0x80003fc8 (0x11b10023) mem 0x80010ca1 0xe4
core   0: 0x80003fcc (0x4f724c03) lbu     s8, 1271(tp)
core   0: 3 0x80003fcc (0x4f724c03) x24 0x000000e8 mem 0x8001101b
core   0: 0x80003fd0 (0x142e8623) sb      sp, 332(t4)
core   0: 3 0x80003fd0 (0x142e8623) mem 0x80010935 0xa1
core   0: 0x80003fd4 (0x2a624183) lbu     gp, 678(tp)
core   0: 3 0x80003fd4 (0x2a624183) x 3 0x00000081 mem 0x80010dca
core   0: 0x80003fd8 (0x0e7b89a3) sb      t2, 243(s7)
core   0: 3 0x80003fd8 (0x0e7b89a3) mem 0x80010b31 0xae
core   0: 0x80003fdc (0xdcd14283) lbu     t0, -563(sp)
core   0: 3 0x80003fdc (0xdcd14283) x 5 0x00000025 mem 0x8001096e
core   0: 0x80003fe0 (0x04cbc083) lbu     ra, 76(s7)
core   0: 3 0x80003fe0 (0x04cbc083) x 1 0x00000041 mem 0x80010a8a
core   0: 0x80003fe4 (0x002f0023) sb      sp, 0(t5)
core   0: 3 0x80003fe4 (0x002f0023) mem 0x80010aff 0xa1
core   0: 0x80003fe8 (0x268ec483) lbu     s1, 616(t4)
core   0: 3 0x80003fe8 (0x268ec483) x 9 0x0000000a mem 0x80010a51
core   0: 0x80003fec (0x0f8b9f83) lh      t6, 248(s7)
core   0: 3 0x80003fec (0x0f8b9f83) x31 0xffffeced mem 0x80010b36
core   0: 0x80003ff0 (0x18f24903) lbu     s2, 399(tp)
core   0: 3 0x80003ff0 (0x18f24903) x18 0x00000068 mem 0x80010cb3
core   0: 0x80003ff4 (0x000f0a03) lb      s4, 0(t5)
core   0: 3 0x80003ff4 (0x000f0a03) x20 0xffffffa1 mem 0x80010aff
core   0: 0x80003ff8 (0x44f20823) sb      a5, 1104(tp)
core   0: 3 0x80003ff8 (0x44f20823) mem 0x80010f74 0x67
core   0: 0x80003ffc (0x056e8383) lb      t2, 86(t4)
core   0: 3 0x80003ffc (0x056e8383) x 7 0xfffffff4 mem 0x8001083f
core   0: 0x80004000 (0xd7614783) lbu     a5, -650(sp)
core   0: 3 0x80004000 (0xd7614783) x15 0x000000cc mem 0x80010917
core   0: 0x80004004 (0xffcf0903) lb      s2, -4(t5)
core   0: 3 0x80004004 (0xffcf0903) x18 0xffffffb0 mem 0x80010afb
core   0: 0x80004008 (0x8ba10003) lb      zero, -1862(sp)
core   0: 3 0x80004008 (0x8ba10003) mem 0x8001045b
core   0: 0x8000400c (0x3c911ea3) sh      s1, 989(sp)
core   0: 3 0x8000400c (0x3c911ea3) mem 0x80010f7e 0x000a
core   0: 0x80004010 (0xff3f0aa3) sb      s3, -11(t5)
core   0: 3 0x80004010 (0xff3f0aa3) mem 0x80010af4 0x8
core   0: 0x80004014 (0xd97e8603) lb      a2, -617(t4)
core   0: 3 0x80004014 (0xd97e8603) x12 0x0000002c mem 0x80010580
core   0: 0x80004018 (0x6c5e90a3) sh      t0, 1729(t4)
core   0: 3 0x80004018 (0x6c5e90a3) mem 0x80010eaa 0x0025
core   0: 0x8000401c (0xf4711503) lh      a0, -185(sp)
core   0: 3 0x8000401c (0xf4711503) x10 0xffffa2a3 mem 0x80010ae8
core   0: 0x80004020 (0x00018d17) auipc   s10, 0x18
core   0: 3 0x80004020 (0x00018d17) x26 0x8001c020
core   0: 0x80004024 (0x385d0d13) addi    s10, s10, 901
core   0: 3 0x80004024 (0x385d0d13) x26 0x8001c3a5
core   0: 0x80004028 (0xff2d4303) lbu     t1, -14(s10)
core   0: 3 0x80004028 (0xff2d4303) x 6 0x0000004c mem 0x8001c397
core   0: 0x8000402c (0x0000cb97) auipc   s7, 0xc
core   0: 3 0x8000402c (0x0000cb97) x23 0x8001002c
core   0: 0x80004030 (0x656b8b93) addi    s7, s7, 1622
core   0: 3 0x80004030 (0x656b8b93) x23 0x80010682
core   0: 0x80004034 (0xf46bcc83) lbu     s9, -186(s7)
core   0: 3 0x80004034 (0xf46bcc83) x25 0x00000083 mem 0x800105c8
core   0: 0x80004038 (0x008b9b23) sh      s0, 22(s7)
core   0: 3 0x80004038 (0x008b9b23) mem 0x80010698 0xfba9
core   0: 0x8000403c (0x00dd0d23) sb      a3, 26(s10)
core   0: 3 0x8000403c (0x00dd0d23) mem 0x8001c3bf 0xca
core   0: 0x80004040 (0x036b9a83) lh      s5, 54(s7)
core   0: 3 0x80004040 (0x036b9a83) x21 0x00007273 mem 0x800106b8
core   0: 0x80004044 (0x021d0f23) sb      ra, 62(s10)
core   0: 3 0x80004044 (0x021d0f23) mem 0x8001c3e3 0x41
core   0: 0x80004048 (0xf4bbcf83) lbu     t6, -181(s7)
core   0: 3 0x80004048 (0xf4bbcf83) x31 0x00000086 mem 0x800105cd
core   0: 0x8000404c (0x005d0803) lb      a6, 5(s10)
core   0: 3 0x8000404c (0x005d0803) x16 0x00000061 mem 0x8001c3aa
core   0: 0x80004050 (0xff6b9103) lh      sp, -10(s7)
core   0: 3 0x80004050 (0xff6b9103) x 2 0x00005633 mem 0x80010678
core   0: 0x80004054 (0x016ba803) lw      a6, 22(s7)
core   0: 3 0x80004054 (0x016ba803) x16 0x5051fba9 mem 0x80010698
core   0: 0x80004058 (0x020bc103) lbu     sp, 32(s7)
core   0: 3 0x80004058 (0x020bc103) x 2 0x00000059 mem 0x800106a2
core   0: 0x8000405c (0xfc1d5903) lhu     s2, -63(s10)
core   0: 3 0x8000405c (0xfc1d5903) x18 0x00001c1d mem 0x8001c366
core   0: 0x80004060 (0xfa3b8003) lb      zero, -93(s7)
core   0: 3 0x80004060 (0xfa3b8003) mem 0x80010625
core   0: 0x80004064 (0xfd2b9483) lh      s1, -46(s7)
core   0: 3 0x80004064 (0xfd2b9483) x 9 0x00000e0f mem 0x80010654
core   0: 0x80004068 (0xf01bc383) lbu     t2, -255(s7)
core   0: 3 0x80004068 (0xf01bc383) x 7 0x00000000 mem 0x80010583
core   0: 0x8000406c (0xfcdd1183) lh      gp, -51(s10)
core   0: 3 0x8000406c (0xfcdd1183) x 3 0x00000c29 mem 0x8001c372
core   0: 0x80004070 (0x0000c117) auipc   sp, 0xc
core   0: 3 0x80004070 (0x0000c117) x 2 0x80010070
core   0: 0x80004074 (0x34f10113) addi    sp, sp, 847
core   0: 3 0x80004074 (0x34f10113) x 2 0x800103bf
core   0: 0x80004078 (0xbc1f5417) auipc   s0, 0xbc1f5
core   0: 3 0x80004078 (0xbc1f5417) x 8 0x3c1f9078
core   0: 0x8000407c (0x22311603) lh      a2, 547(sp)
core   0: 3 0x8000407c (0x22311603) x12 0xffff9899 mem 0x800105e2
core   0: 0x80004080 (0x01ba62b3) or      t0, s4, s11
core   0: 3 0x80004080 (0x01ba62b3) x 5 0xffffffe5
core   0: 0x80004084 (0x22314e03) lbu     t3, 547(sp)
core   0: 3 0x80004084 (0x22314e03) x28 0x00000099 mem 0x800105e2
core   0: 0x80004088 (0x22315683) lhu     a3, 547(sp)
core   0: 3 0x80004088 (0x22315683) x13 0x00009899 mem 0x800105e2
core   0: 0x8000408c (0x3938f913) andi    s2, a7, 915
core   0: 3 0x8000408c (0x3938f913) x18 0x00000012
core   0: 0x80004090 (0x22311683) lh      a3, 547(sp)
core   0: 3 0x80004090 (0x22311683) x13 0xffff9899 mem 0x800105e2
core   0: 0x80004094 (0x22310a03) lb      s4, 547(sp)
core   0: 3 0x80004094 (0x22310a03) x20 0xffffff99 mem 0x800105e2
core   0: 0x80004098 (0x22315f03) lhu     t5, 547(sp)
core   0: 3 0x80004098 (0x22315f03) x30 0x00009899 mem 0x800105e2
core   0: 0x8000409c (0x39b10123) sb      s11, 898(sp)
core   0: 3 0x8000409c (0x39b10123) mem 0x80010741 0xe4
core   0: 0x800040a0 (0x00001cfd) c.addi  s9, -1
core   0: 3 0x800040a0 (0x1cfd) x25 0x00000082
core   0: 0x800040a2 (0x38214403) lbu     s0, 898(sp)
core   0: 3 0x800040a2 (0x38214403) x 8 0x000000e4 mem 0x80010741
core   0: 0x800040a6 (0xd4411aa3) sh      tp, -683(sp)
core   0: 3 0x800040a6 (0xd4411aa3) mem 0x80010114 0x0b24
core   0: 0x800040aa (0xd4010d03) lb      s10, -704(sp)
core   0: 3 0x800040aa (0xd4010d03) x26 0xffffffb4 mem 0x800100ff
core   0: 0x800040ae (0xf9c10783) lb      a5, -100(sp)
core   0: 3 0x800040ae (0xf9c10783) x15 0x00000000 mem 0x8001035b
core   0: 0x800040b2 (0x71614283) lbu     t0, 1814(sp)
core   0: 3 0x800040b2 (0x71614283) x 5 0x0000008e mem 0x80010ad5
core   0: 0x800040b6 (0x71614183) lbu     gp, 1814(sp)
core   0: 3 0x800040b6 (0x71614183) x 3 0x0000008e mem 0x80010ad5
core   0: 0x800040ba (0x0de10f23) sb      t5, 222(sp)
core   0: 3 0x800040ba (0x0de10f23) mem 0x8001049d 0x99
core   0: 0x800040be (0x0001bf17) auipc   t5, 0x1b
core   0: 3 0x800040be (0x0001bf17) x30 0x8001f0be
core   0: 0x800040c2 (0x761f0f13) addi    t5, t5, 1889
core   0: 3 0x800040c2 (0x761f0f13) x30 0x8001f81f
core   0: 0x800040c6 (0x41cfd493) srai    s1, t6, 28
core   0: 3 0x800040c6 (0x41cfd493) x 9 0x00000000
core   0: 0x800040ca (0xdeaf4e03) lbu     t3, -534(t5)
core   0: 3 0x800040ca (0xdeaf4e03) x28 0x000000c2 mem 0x8001f609
core   0: 0x800040ce (0x904f4283) lbu     t0, -1788(t5)
core   0: 3 0x800040ce (0x904f4283) x 5 0x000000d8 mem 0x8001f123
core   0: 0x800040d2 (0x66cf0123) sb      a2, 1634(t5)
core   0: 3 0x800040d2 (0x66cf0123) mem 0x8001fe81 0x99
core   0: 0x800040d6 (0xeb4f4f83) lbu     t6, -332(t5)
core   0: 3 0x800040d6 (0xeb4f4f83) x31 0x00000088 mem 0x8001f6d3
core   0: 0x800040da (0x022e1d33) mulh    s10, t3, sp
core   0: 3 0x800040da (0x022e1d33) x26 0xffffff9f
core   0: 0x800040de (0x875f0c23) sb      s5, -1928(t5)
core   0: 3 0x800040de (0x875f0c23) mem 0x8001f097 0x73
core   0: 0x800040e2 (0x650f4583) lbu     a1, 1616(t5)
core   0: 3 0x800040e2 (0x650f4583) x11 0x00000024 mem 0x8001fe6f
core   0: 0x800040e6 (0x62cf4a83) lbu     s5, 1580(t5)
core   0: 3 0x800040e6 (0x62cf4a83) x21 0x00000000 mem 0x8001fe4b
core   0: 0x800040ea (0x62cf0203) lb      tp, 1580(t5)
core   0: 3 0x800040ea (0x62cf0203) x 4 0x00000000 mem 0x8001fe4b
core   0: 0x800040ee (0x7e5f2783) lw      a5, 2021(t5)
core   0: 3 0x800040ee (0x7e5f2783) x15 0xbcbdbebf mem 0x80020004
core   0: 0x800040f2 (0xe4bf11a3) sh      a1, -445(t5)
core   0: 3 0x800040f2 (0xe4bf11a3) mem 0x8001f662 0x0024
core   0: 0x800040f6 (0x78ef0203) lb      tp, 1934(t5)
core   0: 3 0x800040f6 (0x78ef0203) x 4 0x00000066 mem 0x8001ffad
core   0: 0x800040fa (0xcc3f5783) lhu     a5, -829(t5)
core   0: 3 0x800040fa (0xcc3f5783) x15 0x00009899 mem 0x8001f4e2
core   0: 0x800040fe (0x0000c097) auipc   ra, 0xc
core   0: 3 0x800040fe (0x0000c097) x 1 0x800100fe
core   0: 0x80004102 (0x4cd08093) addi    ra, ra, 1229
core   0: 3 0x80004102 (0x4cd08093) x 1 0x800105cb
core   0: 0x80004106 (0x0000d417) auipc   s0, 0xd
core   0: 3 0x80004106 (0x0000d417) x 8 0x80011106
core   0: 0x8000410a (0xb6140413) addi    s0, s0, -1183
core   0: 3 0x8000410a (0xb6140413) x 8 0x80010c67
core   0: 0x8000410e (0x0000df97) auipc   t6, 0xd
core   0: 3 0x8000410e (0x0000df97) x31 0x8001110e
core   0: 0x80004112 (0xd0bf8f93) addi    t6, t6, -757
core   0: 3 0x80004112 (0xd0bf8f93) x31 0x80010e19
core   0: 0x80004116 (0x19c40503) lb      a0, 412(s0)
core   0: 3 0x80004116 (0x19c40503) x10 0xffffffb8 mem 0x80010e03
core   0: 0x8000411a (0xf0ff9a03) lh      s4, -241(t6)
core   0: 3 0x8000411a (0xf0ff9a03) x20 0xffffe2e3 mem 0x80010d28
core   0: 0x8000411e (0x0000c697) auipc   a3, 0xc
core   0: 3 0x8000411e (0x0000c697) x13 0x8001011e
core   0: 0x80004122 (0x48168693) addi    a3, a3, 1153
core   0: 3 0x80004122 (0x48168693) x13 0x8001059f
core   0: 0x80004126 (0xffe68a83) lb      s5, -2(a3)
core   0: 3 0x80004126 (0xffe68a83) x21 0x00000056 mem 0x8001059d
core   0: 0x8000412a (0xfce0c103) lbu     sp, -50(ra)
core   0: 3 0x8000412a (0xfce0c103) x 2 0x00000052 mem 0x80010599
core   0: 0x8000412e (0x90e41da3) sh      a4, -1765(s0)
core   0: 3 0x8000412e (0x90e41da3) mem 0x80010582 0xf6f7
core   0: 0x80004132 (0xafcf8023) sb      t3, -1312(t6)
core   0: 3 0x80004132 (0xafcf8023) mem 0x800108f9 0xc2
core   0: 0x80004136 (0xbaf40723) sb      a5, -1106(s0)
core   0: 3 0x80004136 (0xbaf40723) mem 0x80010815 0x99
core   0: 0x8000413a (0xffa68883) lb      a7, -6(a3)
core   0: 3 0x8000413a (0xffa68883) x17 0x00000052 mem 0x80010599
core   0: 0x8000413e (0xf30f8283) lb      t0, -208(t6)
core   0: 3 0x8000413e (0xf30f8283) x 5 0x00000002 mem 0x80010d49
core   0: 0x80004142 (0xef241ba3) sh      s2, -265(s0)
core   0: 3 0x80004142 (0xef241ba3) mem 0x80010b5e 0x0012
core   0: 0x80004146 (0x00c68b83) lb      s7, 12(a3)
core   0: 3 0x80004146 (0x00c68b83) x23 0x00000060 mem 0x800105ab
core   0: 0x8000414a (0xf49f8003) lb      zero, -183(t6)
core   0: 3 0x8000414a (0xf49f8003) mem 0x80010d62
core   0: 0x8000414e (0x0200cc83) lbu     s9, 32(ra)
core   0: 3 0x8000414e (0x0200cc83) x25 0x000000a0 mem 0x800105eb
core   0: 0x80004152 (0xfd709803) lh      a6, -41(ra)
core   0: 3 0x80004152 (0xfd709803) x16 0x00005859 mem 0x800105a2
core   0: 0x80004156 (0x8c2f8323) sb      sp, -1850(t6)
core   0: 3 0x80004156 (0x8c2f8323) mem 0x800106df 0x52
core   0: 0x8000415a (0x0016ac83) lw      s9, 1(a3)
core   0: 3 0x8000415a (0x0016ac83) x25 0x58595a5b mem 0x800105a0
core   0: 0x8000415e (0x1ea40123) sb      a0, 482(s0)
core   0: 3 0x8000415e (0x1ea40123) mem 0x80010e49 0xb8
core   0: 0x80004162 (0x0006a4a3) sw      zero, 9(a3)
core   0: 3 0x80004162 (0x0006a4a3) mem 0x800105a8 0x00000000
core   0: 0x80004166 (0xfe16a8a3) sw      ra, -15(a3)
core   0: 3 0x80004166 (0xfe16a8a3) mem 0x80010590 0x800105cb
core   0: 0x8000416a (0x01068003) lb      zero, 16(a3)
core   0: 3 0x8000416a (0x01068003) mem 0x800105af
core   0: 0x8000416e (0x00f085a3) sb      a5, 11(ra)
core   0: 3 0x8000416e (0x00f085a3) mem 0x800105d6 0x99
core   0: 0x80004172 (0xd6cf8283) lb      t0, -660(t6)
core   0: 3 0x80004172 (0xd6cf8283) x 5 0x0000003e mem 0x80010b85
core   0: 0x80004176 (0xd7040903) lb      s2, -656(s0)
core   0: 3 0x80004176 (0xd7040903) x18 0xffffff8c mem 0x800109d7
core   0: 0x8000417a (0x03408303) lb      t1, 52(ra)
core   0: 3 0x8000417a (0x03408303) x 6 0xffffffb4 mem 0x800105ff
core   0: 0x8000417e (0xff768603) lb      a2, -9(a3)
core   0: 3 0x8000417e (0xff768603) x12 0x0000004d mem 0x80010596
core   0: 0x80004182 (0x85e44d03) lbu     s10, -1954(s0)
core   0: 3 0x80004182 (0x85e44d03) x26 0x0000007e mem 0x800104c5
core   0: 0x80004186 (0x1c1fdb83) lhu     s7, 449(t6)
core   0: 3 0x80004186 (0x1c1fdb83) x23 0x00009091 mem 0x80010fda
core   0: 0x8000418a (0xff9698a3) sh      s9, -15(a3)
core   0: 3 0x8000418a (0xff9698a3) mem 0x80010590 0x5a5b
core   0: 0x8000418e (0x876fc503) lbu     a0, -1930(t6)
core   0: 3 0x8000418e (0x876fc503) x10 0x00000044 mem 0x8001068f
core   0: 0x80004192 (0xfdf0d383) lhu     t2, -33(ra)
core   0: 3 0x80004192 (0xfdf0d383) x 7 0x00000000 mem 0x800105aa
core   0: 0x80004196 (0xfed0c203) lbu     tp, -19(ra)
core   0: 3 0x80004196 (0xfed0c203) x 4 0x00000073 mem 0x800105b8
core   0: 0x8000419a (0xb9941da3) sh      s9, -1125(s0)
core   0: 3 0x8000419a (0xb9941da3) mem 0x80010802 0x5a5b
core   0: 0x8000419e (0xe9efcb83) lbu     s7, -354(t6)
core   0: 3 0x8000419e (0xe9efcb83) x23 0x000000fd mem 0x80010cb7
core   0: 0x800041a2 (0x00e68803) lb      a6, 14(a3)
core   0: 3 0x800041a2 (0x00e68803) x16 0x00000066 mem 0x800105ad
core   0: 0x800041a6 (0x032003ef) jal     t2, pc + 0x32
core   0: 3 0x800041a6 (0x032003ef) x 7 0x800041aa
core   0: 0x800041d8 (0x0000bff9) c.j     pc - 34
core   0: 3 0x800041d8 (0xbff9)
core   0: 0x800041b6 (0x0000bfd5) c.j     pc - 12
core   0: 3 0x800041b6 (0xbfd5)
core   0: 0x800041aa (0x00400c6f) jal     s8, pc + 0x4
core   0: 3 0x800041aa (0x00400c6f) x24 0x800041ae
core   0: 0x800041ae (0x0000a829) c.j     pc + 26
core   0: 3 0x800041ae (0xa829)
core   0: 0x800041c8 (0x016000ef) jal     pc + 0x16
core   0: 3 0x800041c8 (0x016000ef) x 1 0x800041cc
core   0: 0x800041de (0x00003ff9) c.jal   pc - 34
core   0: 3 0x800041de (0x3ff9) x 1 0x800041e0
core   0: 0x800041bc (0x0000201d) c.jal   pc + 38
core   0: 3 0x800041bc (0x201d) x 1 0x800041be
core   0: 0x800041e2 (0xff9ff0ef) jal     pc - 0x8
core   0: 3 0x800041e2 (0xff9ff0ef) x 1 0x800041e6
core   0: 0x800041da (0x00003fed) c.jal   pc - 6
core   0: 3 0x800041da (0x3fed) x 1 0x800041dc
core   0: 0x800041d4 (0xfedff0ef) jal     pc - 0x14
core   0: 3 0x800041d4 (0xfedff0ef) x 1 0x800041d8
core   0: 0x800041c0 (0xff9ff0ef) jal     pc - 0x8
core   0: 3 0x800041c0 (0xff9ff0ef) x 1 0x800041c4
core   0: 0x800041b8 (0xff9ff36f) jal     t1, pc - 0x8
core   0: 3 0x800041b8 (0xff9ff36f) x 6 0x800041bc
core   0: 0x800041b0 (0x020000ef) jal     pc + 0x20
core   0: 3 0x800041b0 (0x020000ef) x 1 0x800041b4
core   0: 0x800041d0 (0x00c000ef) jal     pc + 0xc
core   0: 3 0x800041d0 (0x00c000ef) x 1 0x800041d4
core   0: 0x800041dc (0x00003fc5) c.jal   pc - 16
core   0: 3 0x800041dc (0x3fc5) x 1 0x800041de
core   0: 0x800041cc (0x0000bfe5) c.j     pc - 8
core   0: 3 0x800041cc (0xbfe5)
core   0: 0x800041c4 (0x01c0026f) jal     tp, pc + 0x1c
core   0: 3 0x800041c4 (0x01c0026f) x 4 0x800041c8
core   0: 0x800041e0 (0x000037fd) c.jal   pc - 18
core   0: 3 0x800041e0 (0x37fd) x 1 0x800041e2
core   0: 0x800041ce (0x0000bfc5) c.j     pc - 16
core   0: 3 0x800041ce (0xbfc5)
core   0: 0x800041be (0x00003fdd) c.jal   pc - 10
core   0: 3 0x800041be (0x3fdd) x 1 0x800041c0
core   0: 0x800041b4 (0x0000280d) c.jal   pc + 50
core   0: 3 0x800041b4 (0x280d) x 1 0x800041b6
core   0: 0x800041e6 (0x012bdab3) srl     s5, s7, s2
core   0: 3 0x800041e6 (0x012bdab3) x21 0x00000000
core   0: 0x800041ea (0x0000dc17) auipc   s8, 0xd
core   0: 3 0x800041ea (0x0000dc17) x24 0x800111ea
core   0: 0x800041ee (0x069c0c13) addi    s8, s8, 105
core   0: 3 0x800041ee (0x069c0c13) x24 0x80011253
core   0: 0x800041f2 (0xc58fb913) sltiu   s2, t6, -936
core   0: 3 0x800041f2 (0xc58fb913) x18 0x00000001
core   0: 0x800041f6 (0x03f72fb3) mulhsu  t6, a4, t6
core   0: 3 0x800041f6 (0x03f72fb3) x31 0xfffffb7b
core   0: 0x800041fa (0x02fc4f83) lbu     t6, 47(s8)
core   0: 3 0x800041fa (0x02fc4f83) x31 0x00000039 mem 0x80011282
core   0: 0x800041fe (0xfdfc0323) sb      t6, -58(s8)
core   0: 3 0x800041fe (0xfdfc0323) mem 0x80011219 0x39
core   0: 0x80004202 (0xfcec0b23) sb      a4, -42(s8)
core   0: 3 0x80004202 (0xfcec0b23) mem 0x80011229 0xf7
core   0: 0x80004206 (0xfdec0e23) sb      t5, -36(s8)
core   0: 3 0x80004206 (0xfdec0e23) mem 0x8001122f 0x1f
core   0: 0x8000420a (0xff0c4f83) lbu     t6, -16(s8)
core   0: 3 0x8000420a (0xff0c4f83) x31 0x000000f8 mem 0x80011243
core   0: 0x8000420e (0x0000897d) c.andi  a0, 31
core   0: 3 0x8000420e (0x897d) x10 0x00000004
core   0: 0x80004210 (0x00e90fb3) add     t6, s2, a4
core   0: 3 0x80004210 (0x00e90fb3) x31 0xfffff6f8
core   0: 0x80004214 (0x15b92513) slti    a0, s2, 347
core   0: 3 0x80004214 (0x15b92513) x10 0x00000001
core   0: 0x80004218 (0x03afdfb3) divu    t6, t6, s10
core   0: 3 0x80004218 (0x03afdfb3) x31 0x0208206f
core   0: 0x8000421c (0x00008311) c.srli  a4, 4
core   0: 3 0x8000421c (0x8311) x14 0x0fffff6f
core   0: 0x8000421e (0xa4b0f537) lui     a0, 0xa4b0f
core   0: 3 0x8000421e (0xa4b0f537) x10 0xa4b0f000
core   0: 0x80004222 (0x03ec0b23) sb      t5, 54(s8)
core   0: 3 0x80004222 (0x03ec0b23) mem 0x80011289 0x1f
core   0: 0x80004226 (0x03fc0ca3) sb      t6, 57(s8)
core   0: 3 0x80004226 (0x03fc0ca3) mem 0x8001128c 0x6f
core   0: 0x8000422a (0x05fc0023) sb      t6, 64(s8)
core   0: 3 0x8000422a (0x05fc0023) mem 0x80011293 0x6f
core   0: 0x8000422e (0x03ec0e23) sb      t5, 60(s8)
core   0: 3 0x8000422e (0x03ec0e23) mem 0x8001128f 0x1f
core   0: 0x80004232 (0x041f8d13) addi    s10, t6, 65
core   0: 3 0x80004232 (0x041f8d13) x26 0x020820b0
core   0: 0x80004236 (0x0000956a) c.add   a0, s10
core   0: 3 0x80004236 (0x956a) x10 0xa6b910b0
core   0: 0x80004238 (0x41f70933) sub     s2, a4, t6
core   0: 3 0x80004238 (0x41f70933) x18 0x0df7df00
core   0: 0x8000423c (0x41b75f93) srai    t6, a4, 27
core   0: 3 0x8000423c (0x41b75f93) x31 0x00000001
core   0: 0x80004240 (0xffcc4503) lbu     a0, -4(s8)
core   0: 3 0x80004240 (0xffcc4503) x10 0x00000004 mem 0x8001124f
core   0: 0x80004244 (0x02ac00a3) sb      a0, 33(s8)
core   0: 3 0x80004244 (0x02ac00a3) mem 0x80011274 0x4
core   0: 0x80004248 (0x03e92733) mulhsu  a4, s2, t5
core   0: 3 0x80004248 (0x03e92733) x14 0x06fc0b01
core   0: 0x8000424c (0x02af0fb3) mul     t6, t5, a0
core   0: 3 0x8000424c (0x02af0fb3) x31 0x0007e07c
core   0: 0x80004250 (0x03fc0f23) sb      t6, 62(s8)
core   0: 3 0x80004250 (0x03fc0f23) mem 0x80011291 0x7c
core   0: 0x80004254 (0x03f71d33) mulh    s10, a4, t6
core   0: 3 0x80004254 (0x03f71d33) x26 0x00003704
core   0: 0x80004258 (0x02ac0723) sb      a0, 46(s8)
core   0: 3 0x80004258 (0x02ac0723) mem 0x80011281 0x4
core   0: 0x8000425c (0x195fe913) ori     s2, t6, 405
core   0: 3 0x8000425c (0x195fe913) x18 0x0007e1fd
core   0: 0x80004260 (0xfe9c1f83) lh      t6, -23(s8)
core   0: 3 0x80004260 (0xfe9c1f83) x31 0xfffff6f7 mem 0x8001123c
core   0: 0x80004264 (0xd45f8913) addi    s2, t6, -699
core   0: 3 0x80004264 (0xd45f8913) x18 0xfffff43c
core   0: 0x80004268 (0xfdec18a3) sh      t5, -47(s8)
core   0: 3 0x80004268 (0xfdec18a3) mem 0x80011224 0xf81f
core   0: 0x8000426c (0x01dc0503) lb      a0, 29(s8)
core   0: 3 0x8000426c (0x01dc0503) x10 0x0000002b mem 0x80011270
core   0: 0x80004270 (0xdddfef13) ori     t5, t6, -547
core   0: 3 0x80004270 (0xdddfef13) x30 0xffffffff
core   0: 0x80004274 (0x038c4903) lbu     s2, 56(s8)
core   0: 3 0x80004274 (0x038c4903) x18 0x00000040 mem 0x8001128b
core   0: 0x80004278 (0xfe4c0f83) lb      t6, -28(s8)
core   0: 3 0x80004278 (0xfe4c0f83) x31 0xffffffec mem 0x80011237
core   0: 0x8000427c (0xfdac0923) sb      s10, -46(s8)
core   0: 3 0x8000427c (0xfdac0923) mem 0x80011225 0x4
core   0: 0x80004280 (0xffac13a3) sh      s10, -25(s8)
core   0: 3 0x80004280 (0xffac13a3) mem 0x8001123a 0x3704
core   0: 0x80004284 (0xfc1c4903) lbu     s2, -63(s8)
core   0: 3 0x80004284 (0xfc1c4903) x18 0x000000cf mem 0x80011214
core   0: 0x80004288 (0x02a94933) div     s2, s2, a0
core   0: 3 0x80004288 (0x02a94933) x18 0x00000004
core   0: 0x8000428c (0x41a75733) sra     a4, a4, s10
core   0: 3 0x8000428c (0x41a75733) x14 0x006fc0b0
core   0: 0x80004290 (0x024c0f83) lb      t6, 36(s8)
core   0: 3 0x80004290 (0x024c0f83) x31 0x0000002c mem 0x80011277
core   0: 0x80004294 (0x00000ff6) c.slli  t6, 29
core   0: 3 0x80004294 (0x0ff6) x31 0x80000000
core   0: 0x80004296 (0xfe3c4f83) lbu     t6, -29(s8)
core   0: 3 0x80004296 (0xfe3c4f83) x31 0x000000ed mem 0x80011236
core   0: 0x8000429a (0xfeac0fa3) sb      a0, -1(s8)
core   0: 3 0x8000429a (0xfeac0fa3) mem 0x80011252 0x2b
core   0: 0x8000429e (0xff5c0f83) lb      t6, -11(s8)
core   0: 3 0x8000429e (0xff5c0f83) x31 0x00000003 mem 0x80011248
core   0: 0x800042a2 (0xff2c1ba3) sh      s2, -9(s8)
core   0: 3 0x800042a2 (0xff2c1ba3) mem 0x8001124a 0x0004
core   0: 0x800042a6 (0x02ec4f03) lbu     t5, 46(s8)
core   0: 3 0x800042a6 (0x02ec4f03) x30 0x00000004 mem 0x80011281
core   0: 0x800042aa (0x01f53533) sltu    a0, a0, t6
core   0: 3 0x800042aa (0x01f53533) x10 0x00000000
core   0: 0x800042ae (0x00000001) c.nop
core   0: 3 0x800042ae (0x0001)
core   0: 0x800042b0 (0x41af0fb3) sub     t6, t5, s10
core   0: 3 0x800042b0 (0x41af0fb3) x31 0xffffc900
core   0: 0x800042b4 (0xfcec0c23) sb      a4, -40(s8)
core   0: 3 0x800042b4 (0xfcec0c23) mem 0x8001122b 0xb0
core   0: 0x800042b8 (0x0000c817) auipc   a6, 0xc
core   0: 3 0x800042b8 (0x0000c817) x16 0x800102b8
core   0: 0x800042bc (0x08980813) addi    a6, a6, 137
core   0: 3 0x800042bc (0x08980813) x16 0x80010341
core   0: 0x800042c0 (0xfc4818a3) sh      tp, -47(a6)
core   0: 3 0x800042c0 (0xfc4818a3) mem 0x80010312 0x41c8
core   0: 0x800042c4 (0xf7c802a3) sb      t3, -155(a6)
core   0: 3 0x800042c4 (0xf7c802a3) mem 0x800102a6 0xc2
core   0: 0x800042c8 (0xfaa84203) lbu     tp, -86(a6)
core   0: 3 0x800042c8 (0xfaa84203) x 4 0x000000a0 mem 0x800102eb
core   0: 0x800042cc (0x038e4d33) div     s10, t3, s8
core   0: 3 0x800042cc (0x038e4d33) x26 0x00000000
core   0: 0x800042d0 (0x03984d03) lbu     s10, 57(a6)
core   0: 3 0x800042d0 (0x03984d03) x26 0x00000031 mem 0x8001037a
core   0: 0x800042d4 (0xf0880503) lb      a0, -248(a6)
core   0: 3 0x800042d4 (0xf0880503) x10 0x00000002 mem 0x80010249
core   0: 0x800042d8 (0xfd080203) lb      tp, -48(a6)
core   0: 3 0x800042d8 (0xfd080203) x 4 0xffffffca mem 0x80010311
core   0: 0x800042dc (0xf2a84203) lbu     tp, -214(a6)
core   0: 3 0x800042dc (0xf2a84203) x 4 0x00000020 mem 0x8001026b
core   0: 0x800042e0 (0xf4581503) lh      a0, -187(a6)
core   0: 3 0x800042e0 (0xf4581503) x10 0x00003c3d mem 0x80010286
core   0: 0x800042e4 (0x409c5c13) srai    s8, s8, 9
core   0: 3 0x800042e4 (0x409c5c13) x24 0xffc00089
core   0: 0x800042e8 (0x41425e33) sra     t3, tp, s4
core   0: 3 0x800042e8 (0x41425e33) x28 0x00000004
core   0: 0x800042ec (0x02e84a03) lbu     s4, 46(a6)
core   0: 3 0x800042ec (0x02e84a03) x20 0x00000024 mem 0x8001036f
core   0: 0x800042f0 (0x00008165) c.srli  a0, 25
core   0: 3 0x800042f0 (0x8165) x10 0x00000000
core   0: 0x800042f2 (0xfb4825a3) sw      s4, -85(a6)
core   0: 3 0x800042f2 (0xfb4825a3) mem 0x800102ec 0x00000024
core   0: 0x800042f6 (0xf2e84503) lbu     a0, -210(a6)
core   0: 3 0x800042f6 (0xf2e84503) x10 0x00000024 mem 0x8001026f
core   0: 0x800042fa (0xf5d84c03) lbu     s8, -163(a6)
core   0: 3 0x800042fa (0xf5d84c03) x24 0x00000055 mem 0x8001029e
core   0: 0x800042fe (0x03a20a33) mul     s4, tp, s10
core   0: 3 0x800042fe (0x03a20a33) x20 0x00000620
core   0: 0x80004302 (0x02456233) rem     tp, a0, tp
core   0: 3 0x80004302 (0x02456233) x 4 0x00000004
core   0: 0x80004306 (0x0d080c03) lb      s8, 208(a6)
core   0: 3 0x80004306 (0x0d080c03) x24 0xffffffca mem 0x80010411
core   0: 0x8000430a (0x0f284e03) lbu     t3, 242(a6)
core   0: 3 0x8000430a (0x0f284e03) x28 0x000000e8 mem 0x80010433
core   0: 0x8000430e (0x014e5533) srl     a0, t3, s4
core   0: 3 0x8000430e (0x014e5533) x10 0x000000e8
core   0: 0x80004312 (0x0000026e) c.slli  tp, 27
core   0: 3 0x80004312 (0x026e) x 4 0x20000000
core   0: 0x80004314 (0xf6481aa3) sh      tp, -139(a6)
core   0: 3 0x80004314 (0xf6481aa3) mem 0x800102b6 0x0000
core   0: 0x80004318 (0x0f084503) lbu     a0, 240(a6)
core   0: 3 0x80004318 (0x0f084503) x10 0x000000ea mem 0x80010431
core   0: 0x8000431c (0x08a81ea3) sh      a0, 157(a6)
core   0: 3 0x8000431c (0x08a81ea3) mem 0x800103de 0x00ea
core   0: 0x80004320 (0xf82d6e13) ori     t3, s10, -126
core   0: 3 0x80004320 (0xf82d6e13) x28 0xffffffb3
core   0: 0x80004324 (0x03457d33) remu    s10, a0, s4
core   0: 3 0x80004324 (0x03457d33) x26 0x000000ea
core   0: 0x80004328 (0xfaa81ba3) sh      a0, -73(a6)
core   0: 3 0x80004328 (0xfaa81ba3) mem 0x800102f8 0x00ea
core   0: 0x8000432c (0x0ef82d03) lw      s10, 239(a6)
core   0: 3 0x8000432c (0x0ef82d03) x26 0xe8e9eaeb mem 0x80010430
core   0: 0x80004330 (0x03857e33) remu    t3, a0, s8
core   0: 3 0x80004330 (0x03857e33) x28 0x000000ea
core   0: 0x80004334 (0x02a53c33) mulhu   s8, a0, a0
core   0: 3 0x80004334 (0x02a53c33) x24 0x00000000
core   0: 0x80004338 (0xff984203) lbu     tp, -7(a6)
core   0: 3 0x80004338 (0xff984203) x 4 0x000000f1 mem 0x8001033a
core   0: 0x8000433c (0xfee84d03) lbu     s10, -18(a6)
core   0: 3 0x8000433c (0xfee84d03) x26 0x000000e4 mem 0x8001032f
core   0: 0x80004340 (0xd0052213) slti    tp, a0, -768
core   0: 3 0x80004340 (0xd0052213) x 4 0x00000000
core   0: 0x80004344 (0xf3f85203) lhu     tp, -193(a6)
core   0: 3 0x80004344 (0xf3f85203) x 4 0x00003a3b mem 0x80010280
core   0: 0x80004348 (0x03c80023) sb      t3, 32(a6)
core   0: 3 0x80004348 (0x03c80023) mem 0x80010361 0xea
core   0: 0x8000434c (0x00008175) c.srli  a0, 29
core   0: 3 0x8000434c (0x8175) x10 0x00000000
core   0: 0x8000434e (0x094817a3) sh      s4, 143(a6)
core   0: 3 0x8000434e (0x094817a3) mem 0x800103d0 0x0620
core   0: 0x80004352 (0xf3c80423) sb      t3, -216(a6)
core   0: 3 0x80004352 (0xf3c80423) mem 0x80010269 0xea
core   0: 0x80004356 (0x11480023) sb      s4, 256(a6)
core   0: 3 0x80004356 (0x11480023) mem 0x80010441 0x20
core   0: 0x8000435a (0xf6554e13) xori    t3, a0, -155
core   0: 3 0x8000435a (0xf6554e13) x28 0xffffff65
core   0: 0x8000435e (0x05784d03) lbu     s10, 87(a6)
core   0: 3 0x8000435e (0x05784d03) x26 0x0000006f mem 0x80010398
core   0: 0x80004362 (0xff900693) li      a3, -7
core   0: 3 0x80004362 (0xff900693) x13 0xfffffff9
core   0: 0x80004366 (0x404f0eb3) sub     t4, t5, tp
core   0: 3 0x80004366 (0x404f0eb3) x29 0xffffc5c9
core   0: 0x8000436a (0x0266c8b3) div     a7, a3, t1
core   0: 3 0x8000436a (0x0266c8b3) x17 0x00000000
core   0: 0x8000436e (0x3ce7f093) andi    ra, a5, 974
core   0: 3 0x8000436e (0x3ce7f093) x 1 0x00000088
core   0: 0x80004372 (0x03eac4b3) div     s1, s5, t5
core   0: 3 0x80004372 (0x03eac4b3) x 9 0x00000000
core   0: 0x80004376 (0x00008f62) c.mv    t5, s8
core   0: 3 0x80004376 (0x8f62) x30 0x00000000
core   0: 0x80004378 (0x02d162b3) rem     t0, sp, a3
core   0: 3 0x80004378 (0x02d162b3) x 5 0x00000005
core   0: 0x8000437c (0x03030233) mul     tp, t1, a6
core   0: 3 0x8000437c (0x03030233) x 4 0xc291e4bc
core   0: 0x80004380 (0x0153eab3) or      s5, t2, s5
core   0: 3 0x80004380 (0x0153eab3) x21 0x800041aa
core   0: 0x80004384 (0x038ca8b3) mulhsu  a7, s9, s8
core   0: 3 0x80004384 (0x038ca8b3) x17 0x00000000
core   0: 0x80004388 (0x000087cd) c.srai  a5, 19
core   0: 3 0x80004388 (0x87cd) x15 0x00000000
core   0: 0x8000438a (0x00000001) c.nop
core   0: 3 0x8000438a (0x0001)
core   0: 0x8000438c (0x41ccd293) srai    t0, s9, 28
core   0: 3 0x8000438c (0x41ccd293) x 5 0x00000005
core   0: 0x80004390 (0x00008fed) c.and   a5, a1
core   0: 3 0x80004390 (0x8fed) x15 0x00000000
core   0: 0x80004392 (0x00008f35) c.xor   a4, a3
core   0: 3 0x80004392 (0x8f35) x14 0xff903f49
core   0: 0x80004394 (0x6a1b0197) auipc   gp, 0x6a1b0
core   0: 3 0x80004394 (0x6a1b0197) x 3 0xea1b4394
core   0: 0x80004398 (0x016c6333) or      t1, s8, s6
core   0: 3 0x80004398 (0x016c6333) x 6 0x80025e64
core   0: 0x8000439c (0x00000685) c.addi  a3, 1
core   0: 3 0x8000439c (0x0685) x13 0xfffffffa
core   0: 0x8000439e (0x00000290) c.addi4spn a2, sp, 320
core   0: 3 0x8000439e (0x0290) x12 0x00000192
core   0: 0x800043a0 (0xf284ca97) auipc   s5, 0xf284c
core   0: 3 0x800043a0 (0xf284ca97) x21 0x728503a0
core   0: 0x800043a4 (0x000007da) c.slli  a5, 22
core   0: 3 0x800043a4 (0x07da) x15 0x00000000
core   0: 0x800043a6 (0x0207a933) mulhsu  s2, a5, zero
core   0: 3 0x800043a6 (0x0207a933) x18 0x00000000
core   0: 0x800043aa (0x000087f1) c.srai  a5, 28
core   0: 3 0x800043aa (0x87f1) x15 0x00000000
core   0: 0x800043ac (0x0000d2fd) c.beqz  a3, pc - 26
core   0: 3 0x800043ac (0xd2fd)
core   0: 0x800043ae (0x00008159) c.srli  a0, 22
core   0: 3 0x800043ae (0x8159) x10 0x00000000
core   0: 0x800043b0 (0x00700893) li      a7, 7
core   0: 3 0x800043b0 (0x00700893) x17 0x00000007
core   0: 0x800043b4 (0x01de6933) or      s2, t3, t4
core   0: 3 0x800043b4 (0x01de6933) x18 0xffffffed
core   0: 0x800043b8 (0x00e39f93) slli    t6, t2, 14
core   0: 3 0x800043b8 (0x00e39f93) x31 0x106a8000
core   0: 0x800043bc (0x00500493) li      s1, 5
core   0: 3 0x800043bc (0x00500493) x 9 0x00000005
core   0: 0x800043c0 (0x000043f9) c.li    t2, 30
core   0: 3 0x800043c0 (0x43f9) x 7 0x0000001e
core   0: 0x800043c2 (0x02b2aeb3) mulhsu  t4, t0, a1
core   0: 3 0x800043c2 (0x02b2aeb3) x29 0x00000000
core   0: 0x800043c6 (0x000018fd) c.addi  a7, -1
core   0: 3 0x800043c6 (0x18fd) x17 0x00000006
core   0: 0x800043c8 (0x010a5e33) srl     t3, s4, a6
core   0: 3 0x800043c8 (0x010a5e33) x28 0x00000310
core   0: 0x800043cc (0x00600293) li      t0, 6
core   0: 3 0x800043cc (0x00600293) x 5 0x00000006
core   0: 0x800043d0 (0xbd897e93) andi    t4, s2, -1064
core   0: 3 0x800043d0 (0xbd897e93) x29 0xfffffbc8
core   0: 0x800043d4 (0x00000972) c.slli  s2, 28
core   0: 3 0x800043d4 (0x0972) x18 0xd0000000
core   0: 0x800043d6 (0x0000068e) c.slli  a3, 3
core   0: 3 0x800043d6 (0x068e) x13 0xffffffd0
core   0: 0x800043d8 (0x02d77933) remu    s2, a4, a3
core   0: 3 0x800043d8 (0x02d77933) x18 0xff903f49
core   0: 0x800043dc (0x00008c31) c.xor   s0, a2
core   0: 3 0x800043dc (0x8c31) x 8 0x80010df5
core   0: 0x800043de (0x01a78333) add     t1, a5, s10
core   0: 3 0x800043de (0x01a78333) x 6 0x0000006f
core   0: 0x800043e2 (0x0000082e) c.slli  a6, 11
core   0: 3 0x800043e2 (0x082e) x16 0x081a0800
core   0: 0x800043e4 (0x033b3bb3) mulhu   s7, s6, s3
core   0: 3 0x800043e4 (0x033b3bb3) x23 0x00000004
core   0: 0x800043e8 (0x032f6eb3) rem     t4, t5, s2
core   0: 3 0x800043e8 (0x032f6eb3) x29 0x00000000
core   0: 0x800043ec (0x41ae01b3) sub     gp, t3, s10
core   0: 3 0x800043ec (0x41ae01b3) x 3 0x000002a1
core   0: 0x800043f0 (0x00009a7d) c.andi  a2, -1
core   0: 3 0x800043f0 (0x9a7d) x12 0x00000192
core   0: 0x800043f2 (0x03f86033) rem     zero, a6, t6
core   0: 3 0x800043f2 (0x03f86033)
core   0: 0x800043f6 (0x00300093) li      ra, 3
core   0: 3 0x800043f6 (0x00300093) x 1 0x00000003
core   0: 0x800043fa (0x000011fd) c.addi  gp, -1
core   0: 3 0x800043fa (0x11fd) x 3 0x000002a0
core   0: 0x800043fc (0x0050e833) or      a6, ra, t0
core   0: 3 0x800043fc (0x0050e833) x16 0x00000007
core   0: 0x80004400 (0x000012f9) c.addi  t0, -2
core   0: 3 0x80004400 (0x12f9) x 5 0x00000004
core   0: 0x80004402 (0x41ecd113) srai    sp, s9, 30
core   0: 3 0x80004402 (0x41ecd113) x 2 0x00000001
core   0: 0x80004406 (0xd30ebc93) sltiu   s9, t4, -720
core   0: 3 0x80004406 (0xd30ebc93) x25 0x00000001
core   0: 0x8000440a (0x0000717d) c.addi16sp sp, -16
core   0: 3 0x8000440a (0x717d) x 2 0xfffffff1
core   0: 0x8000440c (0xfe12f8e3) bgeu    t0, ra, pc - 16
core   0: 3 0x8000440c (0xfe12f8e3)
core   0: 0x800043fc (0x0050e833) or      a6, ra, t0
core   0: 3 0x800043fc (0x0050e833) x16 0x00000007
core   0: 0x80004400 (0x000012f9) c.addi  t0, -2
core   0: 3 0x80004400 (0x12f9) x 5 0x00000002
core   0: 0x80004402 (0x41ecd113) srai    sp, s9, 30
core   0: 3 0x80004402 (0x41ecd113) x 2 0x00000000
core   0: 0x80004406 (0xd30ebc93) sltiu   s9, t4, -720
core   0: 3 0x80004406 (0xd30ebc93) x25 0x00000001
core   0: 0x8000440a (0x0000717d) c.addi16sp sp, -16
core   0: 3 0x8000440a (0x717d) x 2 0xfffffff0
core   0: 0x8000440c (0xfe12f8e3) bgeu    t0, ra, pc - 16
core   0: 3 0x8000440c (0xfe12f8e3)
core   0: 0x80004410 (0x95ab4b93) xori    s7, s6, -1702
core   0: 3 0x80004410 (0x95ab4b93) x23 0x7ffda73e
core   0: 0x80004414 (0x00008c75) c.and   s0, a3
core   0: 3 0x80004414 (0x8c75) x 8 0x80010dd0
core   0: 0x80004416 (0xfa98f6e3) bgeu    a7, s1, pc - 84
core   0: 3 0x80004416 (0xfa98f6e3)
core   0: 0x800043c2 (0x02b2aeb3) mulhsu  t4, t0, a1
core   0: 3 0x800043c2 (0x02b2aeb3) x29 0x00000000
core   0: 0x800043c6 (0x000018fd) c.addi  a7, -1
core   0: 3 0x800043c6 (0x18fd) x17 0x00000005
core   0: 0x800043c8 (0x010a5e33) srl     t3, s4, a6
core   0: 3 0x800043c8 (0x010a5e33) x28 0x0000000c
core   0: 0x800043cc (0x00600293) li      t0, 6
core   0: 3 0x800043cc (0x00600293) x 5 0x00000006
core   0: 0x800043d0 (0xbd897e93) andi    t4, s2, -1064
core   0: 3 0x800043d0 (0xbd897e93) x29 0xff903b48
core   0: 0x800043d4 (0x00000972) c.slli  s2, 28
core   0: 3 0x800043d4 (0x0972) x18 0x90000000
core   0: 0x800043d6 (0x0000068e) c.slli  a3, 3
core   0: 3 0x800043d6 (0x068e) x13 0xfffffe80
core   0: 0x800043d8 (0x02d77933) remu    s2, a4, a3
core   0: 3 0x800043d8 (0x02d77933) x18 0xff903f49
core   0: 0x800043dc (0x00008c31) c.xor   s0, a2
core   0: 3 0x800043dc (0x8c31) x 8 0x80010c42
core   0: 0x800043de (0x01a78333) add     t1, a5, s10
core   0: 3 0x800043de (0x01a78333) x 6 0x0000006f
core   0: 0x800043e2 (0x0000082e) c.slli  a6, 11
core   0: 3 0x800043e2 (0x082e) x16 0x00003800
core   0: 0x800043e4 (0x033b3bb3) mulhu   s7, s6, s3
core   0: 3 0x800043e4 (0x033b3bb3) x23 0x00000004
core   0: 0x800043e8 (0x032f6eb3) rem     t4, t5, s2
core   0: 3 0x800043e8 (0x032f6eb3) x29 0x00000000
core   0: 0x800043ec (0x41ae01b3) sub     gp, t3, s10
core   0: 3 0x800043ec (0x41ae01b3) x 3 0xffffff9d
core   0: 0x800043f0 (0x00009a7d) c.andi  a2, -1
core   0: 3 0x800043f0 (0x9a7d) x12 0x00000192
core   0: 0x800043f2 (0x03f86033) rem     zero, a6, t6
core   0: 3 0x800043f2 (0x03f86033)
core   0: 0x800043f6 (0x00300093) li      ra, 3
core   0: 3 0x800043f6 (0x00300093) x 1 0x00000003
core   0: 0x800043fa (0x000011fd) c.addi  gp, -1
core   0: 3 0x800043fa (0x11fd) x 3 0xffffff9c
core   0: 0x800043fc (0x0050e833) or      a6, ra, t0
core   0: 3 0x800043fc (0x0050e833) x16 0x00000007
core   0: 0x80004400 (0x000012f9) c.addi  t0, -2
core   0: 3 0x80004400 (0x12f9) x 5 0x00000004
core   0: 0x80004402 (0x41ecd113) srai    sp, s9, 30
core   0: 3 0x80004402 (0x41ecd113) x 2 0x00000000
core   0: 0x80004406 (0xd30ebc93) sltiu   s9, t4, -720
core   0: 3 0x80004406 (0xd30ebc93) x25 0x00000001
core   0: 0x8000440a (0x0000717d) c.addi16sp sp, -16
core   0: 3 0x8000440a (0x717d) x 2 0xfffffff0
core   0: 0x8000440c (0xfe12f8e3) bgeu    t0, ra, pc - 16
core   0: 3 0x8000440c (0xfe12f8e3)
core   0: 0x800043fc (0x0050e833) or      a6, ra, t0
core   0: 3 0x800043fc (0x0050e833) x16 0x00000007
core   0: 0x80004400 (0x000012f9) c.addi  t0, -2
core   0: 3 0x80004400 (0x12f9) x 5 0x00000002
core   0: 0x80004402 (0x41ecd113) srai    sp, s9, 30
core   0: 3 0x80004402 (0x41ecd113) x 2 0x00000000
core   0: 0x80004406 (0xd30ebc93) sltiu   s9, t4, -720
core   0: 3 0x80004406 (0xd30ebc93) x25 0x00000001
core   0: 0x8000440a (0x0000717d) c.addi16sp sp, -16
core   0: 3 0x8000440a (0x717d) x 2 0xfffffff0
core   0: 0x8000440c (0xfe12f8e3) bgeu    t0, ra, pc - 16
core   0: 3 0x8000440c (0xfe12f8e3)
core   0: 0x80004410 (0x95ab4b93) xori    s7, s6, -1702
core   0: 3 0x80004410 (0x95ab4b93) x23 0x7ffda73e
core   0: 0x80004414 (0x00008c75) c.and   s0, a3
core   0: 3 0x80004414 (0x8c75) x 8 0x80010c00
core   0: 0x80004416 (0xfa98f6e3) bgeu    a7, s1, pc - 84
core   0: 3 0x80004416 (0xfa98f6e3)
core   0: 0x800043c2 (0x02b2aeb3) mulhsu  t4, t0, a1
core   0: 3 0x800043c2 (0x02b2aeb3) x29 0x00000000
core   0: 0x800043c6 (0x000018fd) c.addi  a7, -1
core   0: 3 0x800043c6 (0x18fd) x17 0x00000004
core   0: 0x800043c8 (0x010a5e33) srl     t3, s4, a6
core   0: 3 0x800043c8 (0x010a5e33) x28 0x0000000c
core   0: 0x800043cc (0x00600293) li      t0, 6
core   0: 3 0x800043cc (0x00600293) x 5 0x00000006
core   0: 0x800043d0 (0xbd897e93) andi    t4, s2, -1064
core   0: 3 0x800043d0 (0xbd897e93) x29 0xff903b48
core   0: 0x800043d4 (0x00000972) c.slli  s2, 28
core   0: 3 0x800043d4 (0x0972) x18 0x90000000
core   0: 0x800043d6 (0x0000068e) c.slli  a3, 3
core   0: 3 0x800043d6 (0x068e) x13 0xfffff400
core   0: 0x800043d8 (0x02d77933) remu    s2, a4, a3
core   0: 3 0x800043d8 (0x02d77933) x18 0xff903f49
core   0: 0x800043dc (0x00008c31) c.xor   s0, a2
core   0: 3 0x800043dc (0x8c31) x 8 0x80010d92
core   0: 0x800043de (0x01a78333) add     t1, a5, s10
core   0: 3 0x800043de (0x01a78333) x 6 0x0000006f
core   0: 0x800043e2 (0x0000082e) c.slli  a6, 11
core   0: 3 0x800043e2 (0x082e) x16 0x00003800
core   0: 0x800043e4 (0x033b3bb3) mulhu   s7, s6, s3
core   0: 3 0x800043e4 (0x033b3bb3) x23 0x00000004
core   0: 0x800043e8 (0x032f6eb3) rem     t4, t5, s2
core   0: 3 0x800043e8 (0x032f6eb3) x29 0x00000000
core   0: 0x800043ec (0x41ae01b3) sub     gp, t3, s10
core   0: 3 0x800043ec (0x41ae01b3) x 3 0xffffff9d
core   0: 0x800043f0 (0x00009a7d) c.andi  a2, -1
core   0: 3 0x800043f0 (0x9a7d) x12 0x00000192
core   0: 0x800043f2 (0x03f86033) rem     zero, a6, t6
core   0: 3 0x800043f2 (0x03f86033)
core   0: 0x800043f6 (0x00300093) li      ra, 3
core   0: 3 0x800043f6 (0x00300093) x 1 0x00000003
core   0: 0x800043fa (0x000011fd) c.addi  gp, -1
core   0: 3 0x800043fa (0x11fd) x 3 0xffffff9c
core   0: 0x800043fc (0x0050e833) or      a6, ra, t0
core   0: 3 0x800043fc (0x0050e833) x16 0x00000007
core   0: 0x80004400 (0x000012f9) c.addi  t0, -2
core   0: 3 0x80004400 (0x12f9) x 5 0x00000004
core   0: 0x80004402 (0x41ecd113) srai    sp, s9, 30
core   0: 3 0x80004402 (0x41ecd113) x 2 0x00000000
core   0: 0x80004406 (0xd30ebc93) sltiu   s9, t4, -720
core   0: 3 0x80004406 (0xd30ebc93) x25 0x00000001
core   0: 0x8000440a (0x0000717d) c.addi16sp sp, -16
core   0: 3 0x8000440a (0x717d) x 2 0xfffffff0
core   0: 0x8000440c (0xfe12f8e3) bgeu    t0, ra, pc - 16
core   0: 3 0x8000440c (0xfe12f8e3)
core   0: 0x800043fc (0x0050e833) or      a6, ra, t0
core   0: 3 0x800043fc (0x0050e833) x16 0x00000007
core   0: 0x80004400 (0x000012f9) c.addi  t0, -2
core   0: 3 0x80004400 (0x12f9) x 5 0x00000002
core   0: 0x80004402 (0x41ecd113) srai    sp, s9, 30
core   0: 3 0x80004402 (0x41ecd113) x 2 0x00000000
core   0: 0x80004406 (0xd30ebc93) sltiu   s9, t4, -720
core   0: 3 0x80004406 (0xd30ebc93) x25 0x00000001
core   0: 0x8000440a (0x0000717d) c.addi16sp sp, -16
core   0: 3 0x8000440a (0x717d) x 2 0xfffffff0
core   0: 0x8000440c (0xfe12f8e3) bgeu    t0, ra, pc - 16
core   0: 3 0x8000440c (0xfe12f8e3)
core   0: 0x80004410 (0x95ab4b93) xori    s7, s6, -1702
core   0: 3 0x80004410 (0x95ab4b93) x23 0x7ffda73e
core   0: 0x80004414 (0x00008c75) c.and   s0, a3
core   0: 3 0x80004414 (0x8c75) x 8 0x80010400
core   0: 0x80004416 (0xfa98f6e3) bgeu    a7, s1, pc - 84
core   0: 3 0x80004416 (0xfa98f6e3)
core   0: 0x8000441a (0x00000c2d) c.addi  s8, 11
core   0: 3 0x8000441a (0x0c2d) x24 0x0000000b
core   0: 0x8000441c (0x0000d117) auipc   sp, 0xd
core   0: 3 0x8000441c (0x0000d117) x 2 0x8001141c
core   0: 0x80004420 (0xb3c10113) addi    sp, sp, -1220
core   0: 3 0x80004420 (0xb3c10113) x 2 0x80010f58
core   0: 0x80004424 (0x00000001) c.nop
core   0: 3 0x80004424 (0x0001)
core   0: 0x80004426 (0x968ab213) sltiu   tp, s5, -1688
core   0: 3 0x80004426 (0x968ab213) x 4 0x00000001
core   0: 0x8000442a (0x01c24ab3) xor     s5, tp, t3
core   0: 3 0x8000442a (0x01c24ab3) x21 0x0000000d
core   0: 0x8000442e (0x02615a83) lhu     s5, 38(sp)
core   0: 3 0x8000442e (0x02615a83) x21 0x0000000a mem 0x80010f7e
core   0: 0x80004432 (0x02de2fb3) mulhsu  t6, t3, a3
core   0: 3 0x80004432 (0x02de2fb3) x31 0x0000000b
core   0: 0x80004436 (0x2ffacf93) xori    t6, s5, 767
core   0: 3 0x80004436 (0x2ffacf93) x31 0x000002f5
core   0: 0x8000443a (0xfdf10e03) lb      t3, -33(sp)
core   0: 3 0x8000443a (0xfdf10e03) x28 0xffffffec mem 0x80010f37
core   0: 0x8000443e (0x01615f83) lhu     t6, 22(sp)
core   0: 3 0x8000443e (0x01615f83) x31 0x00002425 mem 0x80010f6e
core   0: 0x80004442 (0x0ff0000f) fence   iorw,iorw
core   0: 3 0x80004442 (0x0ff0000f)
core   0: 0x80004446 (0x0ff0000f) fence   iorw,iorw
core   0: 3 0x80004446 (0x0ff0000f)
core   0: 0x8000444a (0x89d70213) addi    tp, a4, -1891
core   0: 3 0x8000444a (0x89d70213) x 4 0xff9037e6
core   0: 0x8000444e (0xcfaaaf93) slti    t6, s5, -774
core   0: 3 0x8000444e (0xcfaaaf93) x31 0x00000000
core   0: 0x80004452 (0x03c10923) sb      t3, 50(sp)
core   0: 3 0x80004452 (0x03c10923) mem 0x80010f8a 0xec
core   0: 0x80004456 (0x93ca8713) addi    a4, s5, -1732
core   0: 3 0x80004456 (0x93ca8713) x14 0xfffff946
core   0: 0x8000445a (0x00211f83) lh      t6, 2(sp)
core   0: 3 0x8000445a (0x00211f83) x31 0x00001011 mem 0x80010f5a
core   0: 0x8000445e (0xfd514f83) lbu     t6, -43(sp)
core   0: 3 0x8000445e (0xfd514f83) x31 0x00000000 mem 0x80010f2d
core   0: 0x80004462 (0xfe415a83) lhu     s5, -28(sp)
core   0: 3 0x80004462 (0xfe415a83) x21 0x0000f6f7 mem 0x80010f3c
core   0: 0x80004466 (0x03c68233) mul     tp, a3, t3
core   0: 3 0x80004466 (0x03c68233) x 4 0x0000f000
core   0: 0x8000446a (0x00d6d233) srl     tp, a3, a3
core   0: 3 0x8000446a (0x00d6d233) x 4 0xfffff400
core   0: 0x8000446e (0xfce102a3) sb      a4, -59(sp)
core   0: 3 0x8000446e (0xfce102a3) mem 0x80010f1d 0x46
core   0: 0x80004472 (0x01125693) srli    a3, tp, 17
core   0: 3 0x80004472 (0x01125693) x13 0x00007fff
core   0: 0x80004476 (0xfd910a83) lb      s5, -39(sp)
core   0: 3 0x80004476 (0xfd910a83) x21 0xffffffea mem 0x80010f31
core   0: 0x8000447a (0x01b10203) lb      tp, 27(sp)
core   0: 3 0x8000447a (0x01b10203) x 4 0x00000028 mem 0x80010f73
core   0: 0x8000447e (0x03fe7fb3) remu    t6, t3, t6
core   0: 3 0x8000447e (0x03fe7fb3) x31 0xffffffec
core   0: 0x80004482 (0x00008379) c.srli  a4, 30
core   0: 3 0x80004482 (0x8379) x14 0x00000003
core   0: 0x80004484 (0x00005fd2) c.lwsp  t6, 52(sp)
core   0: 3 0x80004484 (0x5fd2) x31 0x44454647 mem 0x80010f8c
core   0: 0x80004486 (0x00000a96) c.slli  s5, 5
core   0: 3 0x80004486 (0x0a96) x21 0xfffffd40
core   0: 0x80004488 (0x00d22233) slt     tp, tp, a3
core   0: 3 0x80004488 (0x00d22233) x 4 0x00000001
core   0: 0x8000448c (0x00005ff2) c.lwsp  t6, 60(sp)
core   0: 3 0x8000448c (0x5ff2) x31 0x4c4d4e4f mem 0x80010f94
core   0: 0x8000448e (0xef9afa93) andi    s5, s5, -263
core   0: 3 0x8000448e (0xef9afa93) x21 0xfffffc40
core   0: 0x80004492 (0x02411b23) sh      tp, 54(sp)
core   0: 3 0x80004492 (0x02411b23) mem 0x80010f8e 0x0001
core   0: 0x80004496 (0x0cbfcf93) xori    t6, t6, 203
core   0: 3 0x80004496 (0x0cbfcf93) x31 0x4c4d4e84
core   0: 0x8000449a (0x03f11b23) sh      t6, 54(sp)
core   0: 3 0x8000449a (0x03f11b23) mem 0x80010f8e 0x4e84
core   0: 0x8000449e (0x035109a3) sb      s5, 51(sp)
core   0: 3 0x8000449e (0x035109a3) mem 0x80010f8b 0x40
core   0: 0x800044a2 (0x00000001) c.nop
core   0: 3 0x800044a2 (0x0001)
core   0: 0x800044a4 (0x00005232) c.lwsp  tp, 44(sp)
core   0: 3 0x800044a4 (0x5232) x 4 0x3c3d0000 mem 0x80010f84
core   0: 0x800044a6 (0xfd215a83) lhu     s5, -46(sp)
core   0: 3 0x800044a6 (0xfd215a83) x21 0x0000e0e1 mem 0x80010f2a
core   0: 0x800044aa (0x004fdfb3) srl     t6, t6, tp
core   0: 3 0x800044aa (0x004fdfb3) x31 0x4c4d4e84
core   0: 0x800044ae (0x015fbab3) sltu    s5, t6, s5
core   0: 3 0x800044ae (0x015fbab3) x21 0x00000000
core   0: 0x800044b2 (0x00411523) sh      tp, 10(sp)
core   0: 3 0x800044b2 (0x00411523) mem 0x80010f62 0x0000
core   0: 0x800044b6 (0x02d11723) sh      a3, 46(sp)
core   0: 3 0x800044b6 (0x02d11723) mem 0x80010f86 0x7fff
core   0: 0x800044ba (0x024f86b3) mul     a3, t6, tp
core   0: 3 0x800044ba (0x024f86b3) x13 0xa5740000
core   0: 0x800044be (0x4156dab3) sra     s5, a3, s5
core   0: 3 0x800044be (0x4156dab3) x21 0xa5740000
core   0: 0x800044c2 (0x01e15e03) lhu     t3, 30(sp)
core   0: 3 0x800044c2 (0x01e15e03) x28 0x00000000 mem 0x80010f76
core   0: 0x800044c6 (0xff510023) sb      s5, -32(sp)
core   0: 3 0x800044c6 (0xff510023) mem 0x80010f38 0x0
core   0: 0x800044ca (0x00008f39) c.xor   a4, a4
core   0: 3 0x800044ca (0x8f39) x14 0x00000000
core   0: 0x800044cc (0x0000100f) fence.i
core   0: 3 0x800044cc (0x0000100f)
core   0: 0x800044d0 (0x0000100f) fence.i
core   0: 3 0x800044d0 (0x0000100f)
core   0: 0x800044d4 (0x00d77fb3) and     t6, a4, a3
core   0: 3 0x800044d4 (0x00d77fb3) x31 0x00000000
core   0: 0x800044d8 (0x02b10203) lb      tp, 43(sp)
core   0: 3 0x800044d8 (0x02b10203) x 4 0x00000038 mem 0x80010f83
core   0: 0x800044dc (0x00008ffe) c.mv    t6, t6
core   0: 3 0x800044dc (0x8ffe) x31 0x00000000
core   0: 0x800044de (0x0000d43a) c.swsp  a4, 40(sp)
core   0: 3 0x800044de (0xd43a) mem 0x80010f80 0x00000000
core   0: 0x800044e0 (0x02114683) lbu     a3, 33(sp)
core   0: 3 0x800044e0 (0x02114683) x13 0x00000032 mem 0x80010f79
core   0: 0x800044e4 (0x00019117) auipc   sp, 0x19
core   0: 3 0x800044e4 (0x00019117) x 2 0x8001d4e4
core   0: 0x800044e8 (0xb0110113) addi    sp, sp, -1279
core   0: 3 0x800044e8 (0xb0110113) x 2 0x8001cfe5
core   0: 0x800044ec (0x00b10823) sb      a1, 16(sp)
core   0: 3 0x800044ec (0x00b10823) mem 0x8001cff5 0x24
core   0: 0x800044f0 (0x00511d03) lh      s10, 5(sp)
core   0: 3 0x800044f0 (0x00511d03) x26 0xffffa0a1 mem 0x8001cfea
core   0: 0x800044f4 (0x00510383) lb      t2, 5(sp)
core   0: 3 0x800044f4 (0x00510383) x 7 0xffffffa1 mem 0x8001cfea
core   0: 0x800044f8 (0xffb15903) lhu     s2, -5(sp)
core   0: 3 0x800044f8 (0xffb15903) x18 0x00009a9b mem 0x8001cfe0
core   0: 0x800044fc (0x02ab36b3) mulhu   a3, s6, a0
core   0: 3 0x800044fc (0x02ab36b3) x13 0x00000000
core   0: 0x80004500 (0x01010583) lb      a1, 16(sp)
core   0: 3 0x80004500 (0x01010583) x11 0x00000024 mem 0x8001cff5
core   0: 0x80004504 (0x01010703) lb      a4, 16(sp)
core   0: 3 0x80004504 (0x01010703) x14 0x00000024 mem 0x8001cff5
core   0: 0x80004508 (0xff010f23) sb      a6, -2(sp)
core   0: 3 0x80004508 (0xff010f23) mem 0x8001cfe3 0x7
core   0: 0x8000450c (0xffe14f03) lbu     t5, -2(sp)
core   0: 3 0x8000450c (0xffe14f03) x30 0x00000007 mem 0x8001cfe3
core   0: 0x80004510 (0x0000865d) c.srai  a2, 23
core   0: 3 0x80004510 (0x865d) x12 0x00000000
core   0: 0x80004512 (0x00e123a3) sw      a4, 7(sp)
core   0: 3 0x80004512 (0x00e123a3) mem 0x8001cfec 0x00000024
core   0: 0x80004516 (0x3d022517) auipc   a0, 0x3d022
core   0: 3 0x80004516 (0x3d022517) x10 0xbd026516
core   0: 0x8000451a (0xff410923) sb      s4, -14(sp)
core   0: 3 0x8000451a (0xff410923) mem 0x8001cfd7 0x20
core   0: 0x8000451e (0x00a29213) slli    tp, t0, 10
core   0: 3 0x8000451e (0x00a29213) x 4 0x00000800
core   0: 0x80004522 (0xffc14183) lbu     gp, -4(sp)
core   0: 3 0x80004522 (0xffc14183) x 3 0x0000009a mem 0x8001cfe1
core   0: 0x80004526 (0x00105513) srli    a0, zero, 1
core   0: 3 0x80004526 (0x00105513) x10 0x00000000
core   0: 0x8000452a (0x00e10b83) lb      s7, 14(sp)
core   0: 3 0x8000452a (0x00e10b83) x23 0xffffffa8 mem 0x8001cff3
core   0: 0x8000452e (0x00018117) auipc   sp, 0x18
core   0: 3 0x8000452e (0x00018117) x 2 0x8001c52e
core   0: 0x80004532 (0xca910113) addi    sp, sp, -855
core   0: 3 0x80004532 (0xca910113) x 2 0x8001c1d7
core   0: 0x80004536 (0x00000001) c.nop
core   0: 3 0x80004536 (0x0001)
core   0: 0x80004538 (0x00e10903) lb      s2, 14(sp)
core   0: 3 0x80004538 (0x00e10903) x18 0xffffff9e mem 0x8001c1e5
core   0: 0x8000453c (0x00f10723) sb      a5, 14(sp)
core   0: 3 0x8000453c (0x00f10723) mem 0x8001c1e5 0x0
core   0: 0x80004540 (0x00e10403) lb      s0, 14(sp)
core   0: 3 0x80004540 (0x00e10403) x 8 0x00000000 mem 0x8001c1e5
core   0: 0x80004544 (0x00000001) c.nop
core   0: 3 0x80004544 (0x0001)
core   0: 0x80004546 (0x01010723) sb      a6, 14(sp)
core   0: 3 0x80004546 (0x01010723) mem 0x8001c1e5 0x7
core   0: 0x8000454a (0xbcfc0b93) addi    s7, s8, -1073
core   0: 3 0x8000454a (0xbcfc0b93) x23 0xfffffbda
core   0: 0x8000454e (0xfe210083) lb      ra, -30(sp)
core   0: 3 0x8000454e (0xfe210083) x 1 0x00000072 mem 0x8001c1b9
core   0: 0x80004552 (0x01414e83) lbu     t4, 20(sp)
core   0: 3 0x80004552 (0x01414e83) x29 0x000000a0 mem 0x8001c1eb
core   0: 0x80004556 (0x01410f83) lb      t6, 20(sp)
core   0: 3 0x80004556 (0x01410f83) x31 0xffffffa0 mem 0x8001c1eb
core   0: 0x8000455a (0x01410e83) lb      t4, 20(sp)
core   0: 3 0x8000455a (0x01410e83) x29 0xffffffa0 mem 0x8001c1eb
core   0: 0x8000455e (0x0028e233) or      tp, a7, sp
core   0: 3 0x8000455e (0x0028e233) x 4 0x8001c1d7
core   0: 0x80004562 (0x01410483) lb      s1, 20(sp)
core   0: 3 0x80004562 (0x01410483) x 9 0xffffffa0 mem 0x8001c1eb
core   0: 0x80004566 (0x01510a23) sb      s5, 20(sp)
core   0: 3 0x80004566 (0x01510a23) mem 0x8001c1eb 0x0
core   0: 0x8000456a (0x01410583) lb      a1, 20(sp)
core   0: 3 0x8000456a (0x01410583) x11 0x00000000 mem 0x8001c1eb
core   0: 0x8000456e (0x01410183) lb      gp, 20(sp)
core   0: 3 0x8000456e (0x01410183) x 3 0x00000000 mem 0x8001c1eb
core   0: 0x80004572 (0x00000001) c.nop
core   0: 3 0x80004572 (0x0001)
core   0: 0x80004574 (0x00e10a23) sb      a4, 20(sp)
core   0: 3 0x80004574 (0x00e10a23) mem 0x8001c1eb 0x24
core   0: 0x80004578 (0x01414583) lbu     a1, 20(sp)
core   0: 3 0x80004578 (0x01414583) x11 0x00000024 mem 0x8001c1eb
core   0: 0x8000457c (0x17850f93) addi    t6, a0, 376
core   0: 3 0x8000457c (0x17850f93) x31 0x00000178
core   0: 0x80004580 (0x01410883) lb      a7, 20(sp)
core   0: 3 0x80004580 (0x01410883) x17 0x00000024 mem 0x8001c1eb
core   0: 0x80004584 (0x00005cfd) c.li    s9, -1
core   0: 3 0x80004584 (0x5cfd) x25 0xffffffff
core   0: 0x80004586 (0x00b10a23) sb      a1, 20(sp)
core   0: 3 0x80004586 (0x00b10a23) mem 0x8001c1eb 0x24
core   0: 0x8000458a (0x030003ef) jal     t2, pc + 0x30
core   0: 3 0x8000458a (0x030003ef) x 7 0x8000458e
core   0: 0x800045ba (0xfd9ff36f) jal     t1, pc - 0x28
core   0: 3 0x800045ba (0xfd9ff36f) x 6 0x800045be
core   0: 0x80004592 (0x0000a021) c.j     pc + 8
core   0: 3 0x80004592 (0xa021)
core   0: 0x8000459a (0x00003ffd) c.jal   pc - 2
core   0: 3 0x8000459a (0x3ffd) x 1 0x8000459c
core   0: 0x80004598 (0x0000bffd) c.j     pc - 2
core   0: 3 0x80004598 (0xbffd)
core   0: 0x80004596 (0x00003ffd) c.jal   pc - 2
core   0: 3 0x80004596 (0x3ffd) x 1 0x80004598
core   0: 0x80004594 (0x0000a039) c.j     pc + 14
core   0: 3 0x80004594 (0xa039)
core   0: 0x800045a2 (0x00e0036f) jal     t1, pc + 0xe
core   0: 3 0x800045a2 (0x00e0036f) x 6 0x800045a6
core   0: 0x800045b0 (0xffdff36f) jal     t1, pc - 0x4
core   0: 3 0x800045b0 (0xffdff36f) x 6 0x800045b4
core   0: 0x800045ac (0x00c000ef) jal     pc + 0xc
core   0: 3 0x800045ac (0x00c000ef) x 1 0x800045b0
core   0: 0x800045b8 (0x0000b7d5) c.j     pc - 28
core   0: 3 0x800045b8 (0xb7d5)
core   0: 0x8000459c (0x00003fcd) c.jal   pc - 14
core   0: 3 0x8000459c (0x3fcd) x 1 0x8000459e
core   0: 0x8000458e (0x026000ef) jal     pc + 0x26
core   0: 3 0x8000458e (0x026000ef) x 1 0x80004592
core   0: 0x800045b4 (0xfebff36f) jal     t1, pc - 0x16
core   0: 3 0x800045b4 (0xfebff36f) x 6 0x800045b8
core   0: 0x8000459e (0x008000ef) jal     pc + 0x8
core   0: 3 0x8000459e (0x008000ef) x 1 0x800045a2
core   0: 0x800045a6 (0x00002009) c.jal   pc + 2
core   0: 3 0x800045a6 (0x2009) x 1 0x800045a8
core   0: 0x800045a8 (0x016000ef) jal     pc + 0x16
core   0: 3 0x800045a8 (0x016000ef) x 1 0x800045ac
core   0: 0x800045be (0x00ca9a13) slli    s4, s5, 12
core   0: 3 0x800045be (0x00ca9a13) x20 0x40000000
core   0: 0x800045c2 (0x0000c297) auipc   t0, 0xc
core   0: 3 0x800045c2 (0x0000c297) x 5 0x800105c2
core   0: 0x800045c6 (0xad128293) addi    t0, t0, -1327
core   0: 3 0x800045c6 (0xad128293) x 5 0x80010093
core   0: 0x800045ca (0x00017097) auipc   ra, 0x17
core   0: 3 0x800045ca (0x00017097) x 1 0x8001b5ca
core   0: 0x800045ce (0x31408093) addi    ra, ra, 788
core   0: 3 0x800045ce (0x31408093) x 1 0x8001b8de
core   0: 0x800045d2 (0x06328b83) lb      s7, 99(t0)
core   0: 3 0x800045d2 (0x06328b83) x23 0xffffffad mem 0x800100f6
core   0: 0x800045d6 (0xff70ca83) lbu     s5, -9(ra)
core   0: 3 0x800045d6 (0xff70ca83) x21 0x0000008e mem 0x8001b8d5
core   0: 0x800045da (0xfcb08683) lb      a3, -53(ra)
core   0: 3 0x800045da (0xfcb08683) x13 0x00000062 mem 0x8001b8a9
core   0: 0x800045de (0x5aa2cd03) lbu     s10, 1450(t0)
core   0: 3 0x800045de (0x5aa2cd03) x26 0x000000f6 mem 0x8001063d
core   0: 0x800045e2 (0x02008903) lb      s2, 32(ra)
core   0: 3 0x800045e2 (0x02008903) x18 0xffffffb5 mem 0x8001b8fe
core   0: 0x800045e6 (0x6db2d683) lhu     a3, 1755(t0)
core   0: 3 0x800045e6 (0x6db2d683) x13 0x00002425 mem 0x8001076e
core   0: 0x800045ea (0x6eb284a3) sb      a1, 1769(t0)
core   0: 3 0x800045ea (0x6eb284a3) mem 0x8001077c 0x24
core   0: 0x800045ee (0x1d32c883) lbu     a7, 467(t0)
core   0: 3 0x800045ee (0x1d32c883) x17 0x0000001d mem 0x80010266
core   0: 0x800045f2 (0x0ce2c803) lbu     a6, 206(t0)
core   0: 3 0x800045f2 (0x0ce2c803) x16 0x0000001a mem 0x80010161
core   0: 0x800045f6 (0x5db29503) lh      a0, 1499(t0)
core   0: 3 0x800045f6 (0x5db29503) x10 0x00002425 mem 0x8001066e
core   0: 0x800045fa (0x0300ca83) lbu     s5, 48(ra)
core   0: 3 0x800045fa (0x0300ca83) x21 0x000000c5 mem 0x8001b90e
core   0: 0x800045fe (0x03408a23) sb      s4, 52(ra)
core   0: 3 0x800045fe (0x03408a23) mem 0x8001b912 0x0
core   0: 0x80004602 (0x38728003) lb      zero, 903(t0)
core   0: 3 0x80004602 (0x38728003) mem 0x8001041a
core   0: 0x80004606 (0x1c128ea3) sb      ra, 477(t0)
core   0: 3 0x80004606 (0x1c128ea3) mem 0x80010270 0xde
core   0: 0x8000460a (0x0000cc97) auipc   s9, 0xc
core   0: 3 0x8000460a (0x0000cc97) x25 0x8001060a
core   0: 0x8000460e (0xb15c8c93) addi    s9, s9, -1259
core   0: 3 0x8000460e (0xb15c8c93) x25 0x8001011f
core   0: 0x80004612 (0x0000cf97) auipc   t6, 0xc
core   0: 3 0x80004612 (0x0000cf97) x31 0x80010612
core   0: 0x80004616 (0x5eef8f93) addi    t6, t6, 1518
core   0: 3 0x80004616 (0x5eef8f93) x31 0x80010c00
core   0: 0x8000461a (0x0000c497) auipc   s1, 0xc
core   0: 3 0x8000461a (0x0000c497) x 9 0x8001061a
core   0: 0x8000461e (0x04948493) addi    s1, s1, 73
core   0: 3 0x8000461e (0x04948493) x 9 0x80010663
core   0: 0x80004622 (0x003f8103) lb      sp, 3(t6)
core   0: 3 0x80004622 (0x003f8103) x 2 0xffffffb8 mem 0x80010c03
core   0: 0x80004626 (0x001c8883) lb      a7, 1(s9)
core   0: 3 0x80004626 (0x001c8883) x17 0xffffffdb mem 0x80010120
core   0: 0x8000462a (0x00ff8123) sb      a5, 2(t6)
core   0: 3 0x8000462a (0x00ff8123) mem 0x80010c02 0x0
core   0: 0x8000462e (0x00fc8203) lb      tp, 15(s9)
core   0: 3 0x8000462e (0x00fc8203) x 4 0xffffffe5 mem 0x8001012e
core   0: 0x80004632 (0x02148583) lb      a1, 33(s1)
core   0: 3 0x80004632 (0x02148583) x11 0x0000003f mem 0x80010684
core   0: 0x80004636 (0xfe4f8ba3) sb      tp, -9(t6)
core   0: 3 0x80004636 (0xfe4f8ba3) mem 0x80010bf7 0xe5
core   0: 0x8000463a (0xfd14c683) lbu     a3, -47(s1)
core   0: 3 0x8000463a (0xfd14c683) x13 0x000000ef mem 0x80010634
core   0: 0x8000463e (0x00fcdd03) lhu     s10, 15(s9)
core   0: 3 0x8000463e (0x00fcdd03) x26 0x0000e4e5 mem 0x8001012e
core   0: 0x80004642 (0xffac8183) lb      gp, -6(s9)
core   0: 3 0x80004642 (0xffac8183) x 3 0xffffffd2 mem 0x80010119
core   0: 0x80004646 (0x00ffc783) lbu     a5, 15(t6)
core   0: 3 0x80004646 (0x00ffc783) x15 0x000000c4 mem 0x80010c0f
core   0: 0x8000464a (0x0194d883) lhu     a7, 25(s1)
core   0: 3 0x8000464a (0x0194d883) x17 0x00003637 mem 0x8001067c
core   0: 0x8000464e (0xfde48a83) lb      s5, -34(s1)
core   0: 3 0x8000464e (0xfde48a83) x21 0xfffffffa mem 0x80010641
core   0: 0x80004652 (0xffcc98a3) sh      t3, -15(s9)
core   0: 3 0x80004652 (0xffcc98a3) mem 0x80010110 0x0000
core   0: 0x80004656 (0x02948f23) sb      s1, 62(s1)
core   0: 3 0x80004656 (0x02948f23) mem 0x800106a1 0x63
core   0: 0x8000465a (0xff3caca3) sw      s3, -7(s9)
core   0: 3 0x8000465a (0xff3caca3) mem 0x80010118 0x00000008
core   0: 0x8000465e (0x009ccb83) lbu     s7, 9(s9)
core   0: 3 0x8000465e (0x009ccb83) x23 0x000000e3 mem 0x80010128
core   0: 0x80004662 (0x003cc603) lbu     a2, 3(s9)
core   0: 3 0x80004662 (0x003cc603) x12 0x000000d9 mem 0x80010122
core   0: 0x80004666 (0xfdb49283) lh      t0, -37(s1)
core   0: 3 0x80004666 (0xfdb49283) x 5 0xfffff400 mem 0x8001063e
core   0: 0x8000466a (0xff8cc883) lbu     a7, -8(s9)
core   0: 3 0x8000466a (0xff8cc883) x17 0x000000cc mem 0x80010117
core   0: 0x8000466e (0x024490a3) sh      tp, 33(s1)
core   0: 3 0x8000466e (0x024490a3) mem 0x80010684 0xffe5
core   0: 0x80004672 (0x008f8f03) lb      t5, 8(t6)
core   0: 3 0x80004672 (0x008f8f03) x30 0xffffffc3 mem 0x80010c08
core   0: 0x80004676 (0x00dc9303) lh      t1, 13(s9)
core   0: 3 0x80004676 (0x00dc9303) x 6 0xffffe6e7 mem 0x8001012c
core   0: 0x8000467a (0xffd00f93) li      t6, -3
core   0: 3 0x8000467a (0xffd00f93) x31 0xfffffffd
core   0: 0x8000467e (0x09048513) addi    a0, s1, 144
core   0: 3 0x8000467e (0x09048513) x10 0x800106f3
core   0: 0x80004682 (0x00f00293) li      t0, 15
core   0: 3 0x80004682 (0x00f00293) x 5 0x0000000f
core   0: 0x80004686 (0x00008c51) c.or    s0, a2
core   0: 3 0x80004686 (0x8c51) x 8 0x000000d9
core   0: 0x80004688 (0x0c6a6393) ori     t2, s4, 198
core   0: 3 0x80004688 (0x0c6a6393) x 7 0x400000c6
core   0: 0x8000468c (0x02dfcab3) div     s5, t6, a3
core   0: 3 0x8000468c (0x02dfcab3) x21 0x00000000
core   0: 0x80004690 (0x0000717d) c.addi16sp sp, -16
core   0: 3 0x80004690 (0x717d) x 2 0xffffffa8
core   0: 0x80004692 (0x00000fa5) c.addi  t6, 9
core   0: 3 0x80004692 (0x0fa5) x31 0x00000006
core   0: 0x80004694 (0xfff00b93) li      s7, -1
core   0: 3 0x80004694 (0xfff00b93) x23 0xffffffff
core   0: 0x80004698 (0x01ad1193) slli    gp, s10, 26
core   0: 3 0x80004698 (0x01ad1193) x 3 0x94000000
core   0: 0x8000469c (0x03482433) mulhsu  s0, a6, s4
core   0: 3 0x8000469c (0x03482433) x 8 0x00000006
core   0: 0x800046a0 (0x01d31eb3) sll     t4, t1, t4
core   0: 3 0x800046a0 (0x01d31eb3) x29 0xffffe6e7
core   0: 0x800046a4 (0x00c00813) li      a6, 12
core   0: 3 0x800046a4 (0x00c00813) x16 0x0000000c
core   0: 0x800046a8 (0x00cceab3) or      s5, s9, a2
core   0: 3 0x800046a8 (0x00cceab3) x21 0x800101df
core   0: 0x800046ac (0x00000b91) c.addi  s7, 4
core   0: 3 0x800046ac (0x0b91) x23 0x00000003
core   0: 0x800046ae (0x014c17b3) sll     a5, s8, s4
core   0: 3 0x800046ae (0x014c17b3) x15 0x0000000b
core   0: 0x800046b2 (0xff0bebe3) bltu    s7, a6, pc - 10
core   0: 3 0x800046b2 (0xff0bebe3)
core   0: 0x800046a8 (0x00cceab3) or      s5, s9, a2
core   0: 3 0x800046a8 (0x00cceab3) x21 0x800101df
core   0: 0x800046ac (0x00000b91) c.addi  s7, 4
core   0: 3 0x800046ac (0x0b91) x23 0x00000007
core   0: 0x800046ae (0x014c17b3) sll     a5, s8, s4
core   0: 3 0x800046ae (0x014c17b3) x15 0x0000000b
core   0: 0x800046b2 (0xff0bebe3) bltu    s7, a6, pc - 10
core   0: 3 0x800046b2 (0xff0bebe3)
core   0: 0x800046a8 (0x00cceab3) or      s5, s9, a2
core   0: 3 0x800046a8 (0x00cceab3) x21 0x800101df
core   0: 0x800046ac (0x00000b91) c.addi  s7, 4
core   0: 3 0x800046ac (0x0b91) x23 0x0000000b
core   0: 0x800046ae (0x014c17b3) sll     a5, s8, s4
core   0: 3 0x800046ae (0x014c17b3) x15 0x0000000b
core   0: 0x800046b2 (0xff0bebe3) bltu    s7, a6, pc - 10
core   0: 3 0x800046b2 (0xff0bebe3)
core   0: 0x800046a8 (0x00cceab3) or      s5, s9, a2
core   0: 3 0x800046a8 (0x00cceab3) x21 0x800101df
core   0: 0x800046ac (0x00000b91) c.addi  s7, 4
core   0: 3 0x800046ac (0x0b91) x23 0x0000000f
core   0: 0x800046ae (0x014c17b3) sll     a5, s8, s4
core   0: 3 0x800046ae (0x014c17b3) x15 0x0000000b
core   0: 0x800046b2 (0xff0bebe3) bltu    s7, a6, pc - 10
core   0: 3 0x800046b2 (0xff0bebe3)
core   0: 0x800046b6 (0x01f05793) srli    a5, zero, 31
core   0: 3 0x800046b6 (0x01f05793) x15 0x00000000
core   0: 0x800046ba (0x00008ee5) c.and   a3, s1
core   0: 3 0x800046ba (0x8ee5) x13 0x00000063
core   0: 0x800046bc (0x83f76593) ori     a1, a4, -1985
core   0: 3 0x800046bc (0x83f76593) x11 0xfffff83f
core   0: 0x800046c0 (0x00009a7d) c.andi  a2, -1
core   0: 3 0x800046c0 (0x9a7d) x12 0x000000d9
core   0: 0x800046c2 (0x01dc4033) xor     zero, s8, t4
core   0: 3 0x800046c2 (0x01dc4033)
core   0: 0x800046c6 (0x00000001) c.nop
core   0: 3 0x800046c6 (0x0001)
core   0: 0x800046c8 (0x0000876d) c.srai  a4, 27
core   0: 3 0x800046c8 (0x876d) x14 0x00000000
core   0: 0x800046ca (0x0000717d) c.addi16sp sp, -16
core   0: 3 0x800046ca (0x717d) x 2 0xffffff98
core   0: 0x800046cc (0x0000832d) c.srli  a4, 11
core   0: 3 0x800046cc (0x832d) x14 0x00000000
core   0: 0x800046ce (0x003d7933) and     s2, s10, gp
core   0: 3 0x800046ce (0x003d7933) x18 0x00000000
core   0: 0x800046d2 (0x0254bc33) mulhu   s8, s1, t0
core   0: 3 0x800046d2 (0x0254bc33) x24 0x00000007
core   0: 0x800046d6 (0x03c52033) mulhsu  zero, a0, t3
core   0: 3 0x800046d6 (0x03c52033)
core   0: 0x800046da (0x00008e65) c.and   a2, s1
core   0: 3 0x800046da (0x8e65) x12 0x00000041
core   0: 0x800046dc (0x00000001) c.nop
core   0: 3 0x800046dc (0x0001)
core   0: 0x800046de (0x5cfef597) auipc   a1, 0x5cfef
core   0: 3 0x800046de (0x5cfef597) x11 0xdcff36de
core   0: 0x800046e2 (0xfa5fc5e3) blt     t6, t0, pc - 86
core   0: 3 0x800046e2 (0xfa5fc5e3)
core   0: 0x8000468c (0x02dfcab3) div     s5, t6, a3
core   0: 3 0x8000468c (0x02dfcab3) x21 0x00000000
core   0: 0x80004690 (0x0000717d) c.addi16sp sp, -16
core   0: 3 0x80004690 (0x717d) x 2 0xffffff88
core   0: 0x80004692 (0x00000fa5) c.addi  t6, 9
core   0: 3 0x80004692 (0x0fa5) x31 0x0000000f
core   0: 0x80004694 (0xfff00b93) li      s7, -1
core   0: 3 0x80004694 (0xfff00b93) x23 0xffffffff
core   0: 0x80004698 (0x01ad1193) slli    gp, s10, 26
core   0: 3 0x80004698 (0x01ad1193) x 3 0x94000000
core   0: 0x8000469c (0x03482433) mulhsu  s0, a6, s4
core   0: 3 0x8000469c (0x03482433) x 8 0x00000003
core   0: 0x800046a0 (0x01d31eb3) sll     t4, t1, t4
core   0: 3 0x800046a0 (0x01d31eb3) x29 0xfff37380
core   0: 0x800046a4 (0x00c00813) li      a6, 12
core   0: 3 0x800046a4 (0x00c00813) x16 0x0000000c
core   0: 0x800046a8 (0x00cceab3) or      s5, s9, a2
core   0: 3 0x800046a8 (0x00cceab3) x21 0x8001015f
core   0: 0x800046ac (0x00000b91) c.addi  s7, 4
core   0: 3 0x800046ac (0x0b91) x23 0x00000003
core   0: 0x800046ae (0x014c17b3) sll     a5, s8, s4
core   0: 3 0x800046ae (0x014c17b3) x15 0x00000007
core   0: 0x800046b2 (0xff0bebe3) bltu    s7, a6, pc - 10
core   0: 3 0x800046b2 (0xff0bebe3)
core   0: 0x800046a8 (0x00cceab3) or      s5, s9, a2
core   0: 3 0x800046a8 (0x00cceab3) x21 0x8001015f
core   0: 0x800046ac (0x00000b91) c.addi  s7, 4
core   0: 3 0x800046ac (0x0b91) x23 0x00000007
core   0: 0x800046ae (0x014c17b3) sll     a5, s8, s4
core   0: 3 0x800046ae (0x014c17b3) x15 0x00000007
core   0: 0x800046b2 (0xff0bebe3) bltu    s7, a6, pc - 10
core   0: 3 0x800046b2 (0xff0bebe3)
core   0: 0x800046a8 (0x00cceab3) or      s5, s9, a2
core   0: 3 0x800046a8 (0x00cceab3) x21 0x8001015f
core   0: 0x800046ac (0x00000b91) c.addi  s7, 4
core   0: 3 0x800046ac (0x0b91) x23 0x0000000b
core   0: 0x800046ae (0x014c17b3) sll     a5, s8, s4
core   0: 3 0x800046ae (0x014c17b3) x15 0x00000007
core   0: 0x800046b2 (0xff0bebe3) bltu    s7, a6, pc - 10
core   0: 3 0x800046b2 (0xff0bebe3)
core   0: 0x800046a8 (0x00cceab3) or      s5, s9, a2
core   0: 3 0x800046a8 (0x00cceab3) x21 0x8001015f
core   0: 0x800046ac (0x00000b91) c.addi  s7, 4
core   0: 3 0x800046ac (0x0b91) x23 0x0000000f
core   0: 0x800046ae (0x014c17b3) sll     a5, s8, s4
core   0: 3 0x800046ae (0x014c17b3) x15 0x00000007
core   0: 0x800046b2 (0xff0bebe3) bltu    s7, a6, pc - 10
core   0: 3 0x800046b2 (0xff0bebe3)
core   0: 0x800046b6 (0x01f05793) srli    a5, zero, 31
core   0: 3 0x800046b6 (0x01f05793) x15 0x00000000
core   0: 0x800046ba (0x00008ee5) c.and   a3, s1
core   0: 3 0x800046ba (0x8ee5) x13 0x00000063
core   0: 0x800046bc (0x83f76593) ori     a1, a4, -1985
core   0: 3 0x800046bc (0x83f76593) x11 0xfffff83f
core   0: 0x800046c0 (0x00009a7d) c.andi  a2, -1
core   0: 3 0x800046c0 (0x9a7d) x12 0x00000041
core   0: 0x800046c2 (0x01dc4033) xor     zero, s8, t4
core   0: 3 0x800046c2 (0x01dc4033)
core   0: 0x800046c6 (0x00000001) c.nop
core   0: 3 0x800046c6 (0x0001)
core   0: 0x800046c8 (0x0000876d) c.srai  a4, 27
core   0: 3 0x800046c8 (0x876d) x14 0x00000000
core   0: 0x800046ca (0x0000717d) c.addi16sp sp, -16
core   0: 3 0x800046ca (0x717d) x 2 0xffffff78
core   0: 0x800046cc (0x0000832d) c.srli  a4, 11
core   0: 3 0x800046cc (0x832d) x14 0x00000000
core   0: 0x800046ce (0x003d7933) and     s2, s10, gp
core   0: 3 0x800046ce (0x003d7933) x18 0x00000000
core   0: 0x800046d2 (0x0254bc33) mulhu   s8, s1, t0
core   0: 3 0x800046d2 (0x0254bc33) x24 0x00000007
core   0: 0x800046d6 (0x03c52033) mulhsu  zero, a0, t3
core   0: 3 0x800046d6 (0x03c52033)
core   0: 0x800046da (0x00008e65) c.and   a2, s1
core   0: 3 0x800046da (0x8e65) x12 0x00000041
core   0: 0x800046dc (0x00000001) c.nop
core   0: 3 0x800046dc (0x0001)
core   0: 0x800046de (0x5cfef597) auipc   a1, 0x5cfef
core   0: 3 0x800046de (0x5cfef597) x11 0xdcff36de
core   0: 0x800046e2 (0xfa5fc5e3) blt     t6, t0, pc - 86
core   0: 3 0x800046e2 (0xfa5fc5e3)
core   0: 0x800046e6 (0x00008f52) c.mv    t5, s4
core   0: 3 0x800046e6 (0x8f52) x30 0x40000000
core   0: 0x800046e8 (0xfff00293) li      t0, -1
core   0: 3 0x800046e8 (0xfff00293) x 5 0xffffffff
core   0: 0x800046ec (0xff000893) li      a7, -16
core   0: 3 0x800046ec (0xff000893) x17 0xfffffff0
core   0: 0x800046f0 (0x00008f05) c.sub   a4, s1
core   0: 3 0x800046f0 (0x8f05) x14 0x7ffef99d
core   0: 0x800046f2 (0x03ad1233) mulh    tp, s10, s10
core   0: 3 0x800046f2 (0x03ad1233) x 4 0x00000000
core   0: 0x800046f6 (0x000012ed) c.addi  t0, -5
core   0: 3 0x800046f6 (0x12ed) x 5 0xfffffffa
core   0: 0x800046f8 (0x00008fe1) c.and   a5, s0
core   0: 3 0x800046f8 (0x8fe1) x15 0x00000000
core   0: 0x800046fa (0x00600593) li      a1, 6
core   0: 3 0x800046fa (0x00600593) x11 0x00000006
core   0: 0x800046fe (0x00008cd9) c.or    s1, a4
core   0: 3 0x800046fe (0x8cd9) x 9 0xffffffff
core   0: 0x80004700 (0x01300513) li      a0, 19
core   0: 3 0x80004700 (0x01300513) x10 0x00000013
core   0: 0x80004704 (0x00b190b3) sll     ra, gp, a1
core   0: 3 0x80004704 (0x00b190b3) x 1 0x00000000
core   0: 0x80004708 (0x70c7c193) xori    gp, a5, 1804
core   0: 3 0x80004708 (0x70c7c193) x 3 0x0000070c
core   0: 0x8000470c (0x40c85393) srai    t2, a6, 12
core   0: 3 0x8000470c (0x40c85393) x 7 0x00000000
core   0: 0x80004710 (0x00000585) c.addi  a1, 1
core   0: 3 0x80004710 (0x0585) x11 0x00000007
core   0: 0x80004712 (0x036bfab3) remu    s5, s7, s6
core   0: 3 0x80004712 (0x036bfab3) x21 0x0000000f
core   0: 0x80004716 (0xfea589e3) beq     a1, a0, pc - 14
core   0: 3 0x80004716 (0xfea589e3)
core   0: 0x8000471a (0xfd12dce3) bge     t0, a7, pc - 40
core   0: 3 0x8000471a (0xfd12dce3)
core   0: 0x800046f2 (0x03ad1233) mulh    tp, s10, s10
core   0: 3 0x800046f2 (0x03ad1233) x 4 0x00000000
core   0: 0x800046f6 (0x000012ed) c.addi  t0, -5
core   0: 3 0x800046f6 (0x12ed) x 5 0xfffffff5
core   0: 0x800046f8 (0x00008fe1) c.and   a5, s0
core   0: 3 0x800046f8 (0x8fe1) x15 0x00000000
core   0: 0x800046fa (0x00600593) li      a1, 6
core   0: 3 0x800046fa (0x00600593) x11 0x00000006
core   0: 0x800046fe (0x00008cd9) c.or    s1, a4
core   0: 3 0x800046fe (0x8cd9) x 9 0xffffffff
core   0: 0x80004700 (0x01300513) li      a0, 19
core   0: 3 0x80004700 (0x01300513) x10 0x00000013
core   0: 0x80004704 (0x00b190b3) sll     ra, gp, a1
core   0: 3 0x80004704 (0x00b190b3) x 1 0x0001c300
core   0: 0x80004708 (0x70c7c193) xori    gp, a5, 1804
core   0: 3 0x80004708 (0x70c7c193) x 3 0x0000070c
core   0: 0x8000470c (0x40c85393) srai    t2, a6, 12
core   0: 3 0x8000470c (0x40c85393) x 7 0x00000000
core   0: 0x80004710 (0x00000585) c.addi  a1, 1
core   0: 3 0x80004710 (0x0585) x11 0x00000007
core   0: 0x80004712 (0x036bfab3) remu    s5, s7, s6
core   0: 3 0x80004712 (0x036bfab3) x21 0x0000000f
core   0: 0x80004716 (0xfea589e3) beq     a1, a0, pc - 14
core   0: 3 0x80004716 (0xfea589e3)
core   0: 0x8000471a (0xfd12dce3) bge     t0, a7, pc - 40
core   0: 3 0x8000471a (0xfd12dce3)
core   0: 0x800046f2 (0x03ad1233) mulh    tp, s10, s10
core   0: 3 0x800046f2 (0x03ad1233) x 4 0x00000000
core   0: 0x800046f6 (0x000012ed) c.addi  t0, -5
core   0: 3 0x800046f6 (0x12ed) x 5 0xfffffff0
core   0: 0x800046f8 (0x00008fe1) c.and   a5, s0
core   0: 3 0x800046f8 (0x8fe1) x15 0x00000000
core   0: 0x800046fa (0x00600593) li      a1, 6
core   0: 3 0x800046fa (0x00600593) x11 0x00000006
core   0: 0x800046fe (0x00008cd9) c.or    s1, a4
core   0: 3 0x800046fe (0x8cd9) x 9 0xffffffff
core   0: 0x80004700 (0x01300513) li      a0, 19
core   0: 3 0x80004700 (0x01300513) x10 0x00000013
core   0: 0x80004704 (0x00b190b3) sll     ra, gp, a1
core   0: 3 0x80004704 (0x00b190b3) x 1 0x0001c300
core   0: 0x80004708 (0x70c7c193) xori    gp, a5, 1804
core   0: 3 0x80004708 (0x70c7c193) x 3 0x0000070c
core   0: 0x8000470c (0x40c85393) srai    t2, a6, 12
core   0: 3 0x8000470c (0x40c85393) x 7 0x00000000
core   0: 0x80004710 (0x00000585) c.addi  a1, 1
core   0: 3 0x80004710 (0x0585) x11 0x00000007
core   0: 0x80004712 (0x036bfab3) remu    s5, s7, s6
core   0: 3 0x80004712 (0x036bfab3) x21 0x0000000f
core   0: 0x80004716 (0xfea589e3) beq     a1, a0, pc - 14
core   0: 3 0x80004716 (0xfea589e3)
core   0: 0x8000471a (0xfd12dce3) bge     t0, a7, pc - 40
core   0: 3 0x8000471a (0xfd12dce3)
core   0: 0x800046f2 (0x03ad1233) mulh    tp, s10, s10
core   0: 3 0x800046f2 (0x03ad1233) x 4 0x00000000
core   0: 0x800046f6 (0x000012ed) c.addi  t0, -5
core   0: 3 0x800046f6 (0x12ed) x 5 0xffffffeb
core   0: 0x800046f8 (0x00008fe1) c.and   a5, s0
core   0: 3 0x800046f8 (0x8fe1) x15 0x00000000
core   0: 0x800046fa (0x00600593) li      a1, 6
core   0: 3 0x800046fa (0x00600593) x11 0x00000006
core   0: 0x800046fe (0x00008cd9) c.or    s1, a4
core   0: 3 0x800046fe (0x8cd9) x 9 0xffffffff
core   0: 0x80004700 (0x01300513) li      a0, 19
core   0: 3 0x80004700 (0x01300513) x10 0x00000013
core   0: 0x80004704 (0x00b190b3) sll     ra, gp, a1
core   0: 3 0x80004704 (0x00b190b3) x 1 0x0001c300
core   0: 0x80004708 (0x70c7c193) xori    gp, a5, 1804
core   0: 3 0x80004708 (0x70c7c193) x 3 0x0000070c
core   0: 0x8000470c (0x40c85393) srai    t2, a6, 12
core   0: 3 0x8000470c (0x40c85393) x 7 0x00000000
core   0: 0x80004710 (0x00000585) c.addi  a1, 1
core   0: 3 0x80004710 (0x0585) x11 0x00000007
core   0: 0x80004712 (0x036bfab3) remu    s5, s7, s6
core   0: 3 0x80004712 (0x036bfab3) x21 0x0000000f
core   0: 0x80004716 (0xfea589e3) beq     a1, a0, pc - 14
core   0: 3 0x80004716 (0xfea589e3)
core   0: 0x8000471a (0xfd12dce3) bge     t0, a7, pc - 40
core   0: 3 0x8000471a (0xfd12dce3)
core   0: 0x8000471e (0x0ff0000f) fence   iorw,iorw
core   0: 3 0x8000471e (0x0ff0000f)
core   0: 0x80004722 (0x00015897) auipc   a7, 0x15
core   0: 3 0x80004722 (0x00015897) x17 0x80019722
core   0: 0x80004726 (0xdf388893) addi    a7, a7, -525
core   0: 3 0x80004726 (0xdf388893) x17 0x80019515
core   0: 0x8000472a (0x0000c817) auipc   a6, 0xc
core   0: 3 0x8000472a (0x0000c817) x16 0x8001072a
core   0: 0x8000472e (0x4a880813) addi    a6, a6, 1192
core   0: 3 0x8000472e (0x4a880813) x16 0x80010bd2
core   0: 0x80004732 (0x07c81183) lh      gp, 124(a6)
core   0: 3 0x80004732 (0x07c81183) x 3 0xffffda05 mem 0x80010c4e
core   0: 0x80004736 (0x07584f03) lbu     t5, 117(a6)
core   0: 3 0x80004736 (0x07584f03) x30 0x000000fc mem 0x80010c47
core   0: 0x8000473a (0x06481283) lh      t0, 100(a6)
core   0: 3 0x8000473a (0x06481283) x 5 0xffffeced mem 0x80010c36
core   0: 0x8000473e (0x00588223) sb      t0, 4(a7)
core   0: 3 0x8000473e (0x00588223) mem 0x80019519 0xed
core   0: 0x80004742 (0xf2488da3) sb      tp, -197(a7)
core   0: 3 0x80004742 (0xf2488da3) mem 0x80019450 0x0
core   0: 0x80004746 (0xfbd84503) lbu     a0, -67(a6)
core   0: 3 0x80004746 (0xfbd84503) x10 0x00000044 mem 0x80010b8f
core   0: 0x8000474a (0x07e82f83) lw      t6, 126(a6)
core   0: 3 0x8000474a (0x07e82f83) x31 0x08090a0b mem 0x80010c50
core   0: 0x8000474e (0x04580903) lb      s2, 69(a6)
core   0: 3 0x8000474e (0x04580903) x18 0xffffffcc mem 0x80010c17
core   0: 0x80004752 (0x06688003) lb      zero, 102(a7)
core   0: 3 0x80004752 (0x06688003) mem 0x8001957b
core   0: 0x80004756 (0x03f84683) lbu     a3, 63(a6)
core   0: 3 0x80004756 (0x03f84683) x13 0x000000ca mem 0x80010c11
core   0: 0x8000475a (0xf8e8c603) lbu     a2, -114(a7)
core   0: 3 0x8000475a (0xf8e8c603) x12 0x00000058 mem 0x800194a3
core   0: 0x8000475e (0x0f680e03) lb      t3, 246(a6)
core   0: 3 0x8000475e (0x0f680e03) x28 0xffffff83 mem 0x80010cc8
core   0: 0x80004762 (0x02684f03) lbu     t5, 38(a6)
core   0: 3 0x80004762 (0x02684f03) x30 0x000000b3 mem 0x80010bf8
core   0: 0x80004766 (0xf308c183) lbu     gp, -208(a7)
core   0: 3 0x80004766 (0xf308c183) x 3 0x000000fe mem 0x80019445
core   0: 0x8000476a (0x0000c517) auipc   a0, 0xc
core   0: 3 0x8000476a (0x0000c517) x10 0x8001076a
core   0: 0x8000476e (0x23f50513) addi    a0, a0, 575
core   0: 3 0x8000476e (0x23f50513) x10 0x800109a9
core   0: 0x80004772 (0x00018b97) auipc   s7, 0x18
core   0: 3 0x80004772 (0x00018b97) x23 0x8001c772
core   0: 0x80004776 (0xbcfb8b93) addi    s7, s7, -1073
core   0: 3 0x80004776 (0xbcfb8b93) x23 0x8001c341
core   0: 0x8000477a (0xf5ab8183) lb      gp, -166(s7)
core   0: 3 0x8000477a (0xf5ab8183) x 3 0x00000050 mem 0x8001c29b
core   0: 0x8000477e (0x0a1bc583) lbu     a1, 161(s7)
core   0: 3 0x8000477e (0x0a1bc583) x11 0x00000099 mem 0x8001c3e2
core   0: 0x80004782 (0x89951183) lh      gp, -1895(a0)
core   0: 3 0x80004782 (0x89951183) x 3 0xfffff8f9 mem 0x80010242
core   0: 0x80004786 (0xf71b9ca3) sh      a7, -135(s7)
core   0: 3 0x80004786 (0xf71b9ca3) mem 0x8001c2ba 0x9515
core   0: 0x8000478a (0xf3f52403) lw      s0, -193(a0)
core   0: 3 0x8000478a (0xf3f52403) x 8 0x00000050 mem 0x800108e8
core   0: 0x8000478e (0x33854803) lbu     a6, 824(a0)
core   0: 3 0x8000478e (0x33854803) x16 0x0000009a mem 0x80010ce1
core   0: 0x80004792 (0xe7e54a83) lbu     s5, -386(a0)
core   0: 3 0x80004792 (0xe7e54a83) x21 0x000000dc mem 0x80010827
core   0: 0x80004796 (0xf31bcf83) lbu     t6, -207(s7)
core   0: 3 0x80004796 (0xf31bcf83) x31 0x00000029 mem 0x8001c272
core   0: 0x8000479a (0x48454683) lbu     a3, 1156(a0)
core   0: 3 0x8000479a (0x48454683) x13 0x000000e6 mem 0x80010e2d
core   0: 0x8000479e (0x0fe54e03) lbu     t3, 254(a0)
core   0: 3 0x8000479e (0x0fe54e03) x28 0x0000005c mem 0x80010aa7
core   0: 0x800047a2 (0xf8cbc203) lbu     tp, -116(s7)
core   0: 3 0x800047a2 (0xf8cbc203) x 4 0x00000086 mem 0x8001c2cd
core   0: 0x800047a6 (0x5aa54703) lbu     a4, 1450(a0)
core   0: 3 0x800047a6 (0x5aa54703) x14 0x00000000 mem 0x80010f53
core   0: 0x800047aa (0x67d54d03) lbu     s10, 1661(a0)
core   0: 3 0x800047aa (0x67d54d03) x26 0x000000dd mem 0x80011026
core   0: 0x800047ae (0x35550123) sb      s5, 834(a0)
core   0: 3 0x800047ae (0x35550123) mem 0x80010ceb 0xdc
core   0: 0x800047b2 (0xf78b8f23) sb      s8, -130(s7)
core   0: 3 0x800047b2 (0xf78b8f23) mem 0x8001c2bf 0x7
core   0: 0x800047b6 (0x018003ef) jal     t2, pc + 0x18
core   0: 3 0x800047b6 (0x018003ef) x 7 0x800047ba
core   0: 0x800047ce (0xff3ff5ef) jal     a1, pc - 0xe
core   0: 3 0x800047ce (0xff3ff5ef) x11 0x800047d2
core   0: 0x800047c0 (0x032000ef) jal     pc + 0x32
core   0: 3 0x800047c0 (0x032000ef) x 1 0x800047c4
core   0: 0x800047f2 (0xfcbff36f) jal     t1, pc - 0x36
core   0: 3 0x800047f2 (0xfcbff36f) x 6 0x800047f6
core   0: 0x800047bc (0x00003ffd) c.jal   pc - 2
core   0: 3 0x800047bc (0x3ffd) x 1 0x800047be
core   0: 0x800047ba (0x00002039) c.jal   pc + 14
core   0: 3 0x800047ba (0x2039) x 1 0x800047bc
core   0: 0x800047c8 (0x00002821) c.jal   pc + 24
core   0: 3 0x800047c8 (0x2821) x 1 0x800047ca
core   0: 0x800047e0 (0xfffff36f) jal     t1, pc - 0x2
core   0: 3 0x800047e0 (0xfffff36f) x 6 0x800047e4
core   0: 0x800047de (0x00003fe5) c.jal   pc - 8
core   0: 3 0x800047de (0x3fe5) x 1 0x800047e0
core   0: 0x800047d6 (0x0060036f) jal     t1, pc + 0x6
core   0: 3 0x800047d6 (0x0060036f) x 6 0x800047da
core   0: 0x800047dc (0x0000b7cd) c.j     pc - 30
core   0: 3 0x800047dc (0xb7cd)
core   0: 0x800047be (0x00002819) c.jal   pc + 22
core   0: 3 0x800047be (0x2819) x 1 0x800047c0
core   0: 0x800047d4 (0x0000a811) c.j     pc + 20
core   0: 3 0x800047d4 (0xa811)
core   0: 0x800047e8 (0x00003ffd) c.jal   pc - 2
core   0: 3 0x800047e8 (0x3ffd) x 1 0x800047ea
core   0: 0x800047e6 (0x0000bfd5) c.j     pc - 12
core   0: 3 0x800047e6 (0xbfd5)
core   0: 0x800047da (0x0000a819) c.j     pc + 22
core   0: 3 0x800047da (0xa819)
core   0: 0x800047f0 (0x00003fd5) c.jal   pc - 12
core   0: 3 0x800047f0 (0x3fd5) x 1 0x800047f2
core   0: 0x800047e4 (0x00002019) c.jal   pc + 6
core   0: 3 0x800047e4 (0x2019) x 1 0x800047e6
core   0: 0x800047ea (0xfdbff0ef) jal     pc - 0x26
core   0: 3 0x800047ea (0xfdbff0ef) x 1 0x800047ee
core   0: 0x800047c4 (0x0060076f) jal     a4, pc + 0x6
core   0: 3 0x800047c4 (0x0060076f) x14 0x800047c8
core   0: 0x800047ca (0x0240096f) jal     s2, pc + 0x24
core   0: 3 0x800047ca (0x0240096f) x18 0x800047ce
core   0: 0x800047ee (0x0000b7d5) c.j     pc - 28
core   0: 3 0x800047ee (0xb7d5)
core   0: 0x800047d2 (0x00002015) c.jal   pc + 36
core   0: 3 0x800047d2 (0x2015) x 1 0x800047d4
core   0: 0x800047f6 (0x017edc33) srl     s8, t4, s7
core   0: 3 0x800047f6 (0x017edc33) x24 0x7ff9b9c0
core   0: 0x800047fa (0x0000ce17) auipc   t3, 0xc
core   0: 3 0x800047fa (0x0000ce17) x28 0x800107fa
core   0: 0x800047fe (0x763e0e13) addi    t3, t3, 1891
core   0: 3 0x800047fe (0x763e0e13) x28 0x80010f5d
core   0: 0x80004802 (0x0000054a) c.slli  a0, 18
core   0: 3 0x80004802 (0x054a) x10 0x26a40000
core   0: 0x80004804 (0xf68e0683) lb      a3, -152(t3)
core   0: 3 0x80004804 (0xf68e0683) x13 0x0000007e mem 0x80010ec5
core   0: 0x80004808 (0xf82e4483) lbu     s1, -126(t3)
core   0: 3 0x80004808 (0xf82e4483) x 9 0x00000094 mem 0x80010edf
core   0: 0x8000480c (0x00008c95) c.sub   s1, a3
core   0: 3 0x8000480c (0x8c95) x 9 0x00000016
core   0: 0x8000480e (0xf2ae29a3) sw      a0, -205(t3)
core   0: 3 0x8000480e (0xf2ae29a3) mem 0x80010e90 0x26a40000
core   0: 0x80004812 (0x00251893) slli    a7, a0, 2
core   0: 3 0x80004812 (0x00251893) x17 0x9a900000
core   0: 0x80004816 (0xfe9e1ca3) sh      s1, -7(t3)
core   0: 3 0x80004816 (0xfe9e1ca3) mem 0x80010f56 0x0016
core   0: 0x8000481a (0x009e16a3) sh      s1, 13(t3)
core   0: 3 0x8000481a (0x009e16a3) mem 0x80010f6a 0x0016
core   0: 0x8000481e (0xfd1e14a3) sh      a7, -55(t3)
core   0: 3 0x8000481e (0xfd1e14a3) mem 0x80010f26 0x0000
core   0: 0x80004822 (0x000044ed) c.li    s1, 27
core   0: 3 0x80004822 (0x44ed) x 9 0x0000001b
core   0: 0x80004824 (0xf35e1503) lh      a0, -203(t3)
core   0: 3 0x80004824 (0xf35e1503) x10 0x000026a4 mem 0x80010e92
core   0: 0x80004828 (0x0a4e4883) lbu     a7, 164(t3)
core   0: 3 0x80004828 (0x0a4e4883) x17 0x000000ba mem 0x80011001
core   0: 0x8000482c (0x0098e633) or      a2, a7, s1
core   0: 3 0x8000482c (0x0098e633) x12 0x000000bb
core   0: 0x80004830 (0x00c48533) add     a0, s1, a2
core   0: 3 0x80004830 (0x00c48533) x10 0x000000d6
core   0: 0x80004834 (0x00008c35) c.xor   s0, a3
core   0: 3 0x80004834 (0x8c35) x 8 0x0000002e
core   0: 0x80004836 (0x98f57513) andi    a0, a0, -1649
core   0: 3 0x80004836 (0x98f57513) x10 0x00000086
core   0: 0x8000483a (0x0000100f) fence.i
core   0: 3 0x8000483a (0x0000100f)
core   0: 0x8000483e (0x00004611) c.li    a2, 4
core   0: 3 0x8000483e (0x4611) x12 0x00000004
core   0: 0x80004840 (0x023e5483) lhu     s1, 35(t3)
core   0: 3 0x80004840 (0x023e5483) x 9 0x00000000 mem 0x80010f80
core   0: 0x80004844 (0x00000001) c.nop
core   0: 3 0x80004844 (0x0001)
core   0: 0x80004846 (0x0088f6b3) and     a3, a7, s0
core   0: 3 0x80004846 (0x0088f6b3) x13 0x0000002a
core   0: 0x8000484a (0xf58e4503) lbu     a0, -168(t3)
core   0: 3 0x8000484a (0xf58e4503) x10 0x0000006e mem 0x80010eb5
core   0: 0x8000484e (0x01156433) or      s0, a0, a7
core   0: 3 0x8000484e (0x01156433) x 8 0x000000fe
core   0: 0x80004852 (0x00008d25) c.xor   a0, s1
core   0: 3 0x80004852 (0x8d25) x10 0x0000006e
core   0: 0x80004854 (0x01c8d413) srli    s0, a7, 28
core   0: 3 0x80004854 (0x01c8d413) x 8 0x00000000
core   0: 0x80004858 (0x02d4f533) remu    a0, s1, a3
core   0: 3 0x80004858 (0x02d4f533) x10 0x00000000
core   0: 0x8000485c (0x096e0883) lb      a7, 150(t3)
core   0: 3 0x8000485c (0x096e0883) x17 0x00000036 mem 0x80010ff3
core   0: 0x80004860 (0xf77e2883) lw      a7, -137(t3)
core   0: 3 0x80004860 (0xf77e2883) x17 0x8c8d8e8f mem 0x80010ed4
core   0: 0x80004864 (0xfc9e0ea3) sb      s1, -35(t3)
core   0: 3 0x80004864 (0xfc9e0ea3) mem 0x80010f3a 0x0
core   0: 0x80004868 (0xfcde0e23) sb      a3, -36(t3)
core   0: 3 0x80004868 (0xfcde0e23) mem 0x80010f39 0x2a
core   0: 0x8000486c (0xfade0b23) sb      a3, -74(t3)
core   0: 3 0x8000486c (0xfade0b23) mem 0x80010f13 0x2a
core   0: 0x80004870 (0xf04e4883) lbu     a7, -252(t3)
core   0: 3 0x80004870 (0xf04e4883) x17 0x0000001a mem 0x80010e61
core   0: 0x80004874 (0xf0ae0d23) sb      a0, -230(t3)
core   0: 3 0x80004874 (0xf0ae0d23) mem 0x80010e77 0x0
core   0: 0x80004878 (0xf5de1403) lh      s0, -163(t3)
core   0: 3 0x80004878 (0xf5de1403) x 8 0x00007071 mem 0x80010eba
core   0: 0x8000487c (0x000082cd) c.srli  a3, 19
core   0: 3 0x8000487c (0x82cd) x13 0x00000000
core   0: 0x8000487e (0x02c8f533) remu    a0, a7, a2
core   0: 3 0x8000487e (0x02c8f533) x10 0x00000002
core   0: 0x80004882 (0x00d448b3) xor     a7, s0, a3
core   0: 3 0x80004882 (0x00d448b3) x17 0x00007071
core   0: 0x80004886 (0x0b7e4503) lbu     a0, 183(t3)
core   0: 3 0x80004886 (0x0b7e4503) x10 0x000000cf mem 0x80011014
core   0: 0x8000488a (0x02d8a8b3) mulhsu  a7, a7, a3
core   0: 3 0x8000488a (0x02d8a8b3) x17 0x00000000
core   0: 0x8000488e (0x04ce29a3) sw      a2, 83(t3)
core   0: 3 0x8000488e (0x04ce29a3) mem 0x80010fb0 0x00000004
core   0: 0x80004892 (0x000064a9) c.lui   s1, 0xa
core   0: 3 0x80004892 (0x64a9) x 9 0x0000a000
core   0: 0x80004894 (0x02d8a8b3) mulhsu  a7, a7, a3
core   0: 3 0x80004894 (0x02d8a8b3) x17 0x00000000
core   0: 0x80004898 (0x088e0c23) sb      s0, 152(t3)
core   0: 3 0x80004898 (0x088e0c23) mem 0x80010ff5 0x71
core   0: 0x8000489c (0x00008c21) c.xor   s0, s0
core   0: 3 0x8000489c (0x8c21) x 8 0x00000000
core   0: 0x8000489e (0xf0ae1aa3) sh      a0, -235(t3)
core   0: 3 0x8000489e (0xf0ae1aa3) mem 0x80010e72 0x00cf
core   0: 0x800048a2 (0xface0123) sb      a2, -94(t3)
core   0: 3 0x800048a2 (0xface0123) mem 0x80010eff 0x4
core   0: 0x800048a6 (0xfdee4503) lbu     a0, -34(t3)
core   0: 3 0x800048a6 (0xfdee4503) x10 0x000000f0 mem 0x80010f3b
core   0: 0x800048aa (0xf04e0883) lb      a7, -252(t3)
core   0: 3 0x800048aa (0xf04e0883) x17 0x0000001a mem 0x80010e61
core   0: 0x800048ae (0x0aee4883) lbu     a7, 174(t3)
core   0: 3 0x800048ae (0x0aee4883) x17 0x000000c0 mem 0x8001100b
core   0: 0x800048b2 (0xf08e0223) sb      s0, -252(t3)
core   0: 3 0x800048b2 (0xf08e0223) mem 0x80010e61 0x0
core   0: 0x800048b6 (0x00011117) auipc   sp, 0x11
core   0: 3 0x800048b6 (0x00011117) x 2 0x800158b6
core   0: 0x800048ba (0x96010113) addi    sp, sp, -1696
core   0: 3 0x800048ba (0x96010113) x 2 0x80015216
core   0: 0x800048be (0x53fd2893) slti    a7, s10, 1343
core   0: 3 0x800048be (0x53fd2893) x17 0x00000001
core   0: 0x800048c2 (0xffa10223) sb      s10, -28(sp)
core   0: 3 0x800048c2 (0xffa10223) mem 0x800151fa 0xdd
core   0: 0x800048c6 (0x02a12883) lw      a7, 42(sp)
core   0: 3 0x800048c6 (0x02a12883) x17 0xf8f9fafb mem 0x80015240
core   0: 0x800048ca (0x00008e29) c.xor   a2, a0
core   0: 3 0x800048ca (0x8e29) x12 0x000000f4
core   0: 0x800048cc (0xfda11883) lh      a7, -38(sp)
core   0: 3 0x800048cc (0xfda11883) x17 0xffffaaab mem 0x800151f0
core   0: 0x800048d0 (0x86fd4893) xori    a7, s10, -1937
core   0: 3 0x800048d0 (0x86fd4893) x17 0xfffff8b2
core   0: 0x800048d4 (0x00ad5d33) srl     s10, s10, a0
core   0: 3 0x800048d4 (0x00ad5d33) x26 0x00000000
core   0: 0x800048d8 (0x000104a3) sb      zero, 9(sp)
core   0: 3 0x800048d8 (0x000104a3) mem 0x8001521f 0x0
core   0: 0x800048dc (0x0000065e) c.slli  a2, 23
core   0: 3 0x800048dc (0x065e) x12 0x7a000000
core   0: 0x800048de (0xe2e1b737) lui     a4, 0xe2e1b
core   0: 3 0x800048de (0xe2e1b737) x14 0xe2e1b000
core   0: 0x800048e2 (0x01a77d33) and     s10, a4, s10
core   0: 3 0x800048e2 (0x01a77d33) x26 0x00000000
core   0: 0x800048e6 (0x01405893) srli    a7, zero, 20
core   0: 3 0x800048e6 (0x01405893) x17 0x00000000
core   0: 0x800048ea (0x74b73d13) sltiu   s10, a4, 1867
core   0: 3 0x800048ea (0x74b73d13) x26 0x00000000
core   0: 0x800048ee (0xff415703) lhu     a4, -12(sp)
core   0: 3 0x800048ee (0xff415703) x14 0x0000c0c1 mem 0x8001520a
core   0: 0x800048f2 (0x02c73733) mulhu   a4, a4, a2
core   0: 3 0x800048f2 (0x02c73733) x14 0x00005bdb
core   0: 0x800048f6 (0x03815703) lhu     a4, 56(sp)
core   0: 3 0x800048f6 (0x03815703) x14 0x00000405 mem 0x8001524e
core   0: 0x800048fa (0x0000177d) c.addi  a4, -1
core   0: 3 0x800048fa (0x177d) x14 0x00000404
core   0: 0x800048fc (0x400d0633) sub     a2, s10, zero
core   0: 3 0x800048fc (0x400d0633) x12 0x00000000
core   0: 0x80004900 (0x03014003) lbu     zero, 48(sp)
core   0: 3 0x80004900 (0x03014003) mem 0x80015246
core   0: 0x80004904 (0x00008d59) c.or    a0, a4
core   0: 3 0x80004904 (0x8d59) x10 0x000004f4
core   0: 0x80004906 (0x00000001) c.nop
core   0: 3 0x80004906 (0x0001)
core   0: 0x80004908 (0xfee11c23) sh      a4, -8(sp)
core   0: 3 0x80004908 (0xfee11c23) mem 0x8001520e 0x0404
core   0: 0x8000490c (0x41ad58b3) sra     a7, s10, s10
core   0: 3 0x8000490c (0x41ad58b3) x17 0x00000000
core   0: 0x80004910 (0xfd811d03) lh      s10, -40(sp)
core   0: 3 0x80004910 (0xfd811d03) x26 0xffffa4a5 mem 0x800151ee
core   0: 0x80004914 (0x0ff0000f) fence   iorw,iorw
core   0: 3 0x80004914 (0x0ff0000f)
core   0: 0x80004918 (0x0ff0000f) fence   iorw,iorw
core   0: 3 0x80004918 (0x0ff0000f)
core   0: 0x8000491c (0x01414603) lbu     a2, 20(sp)
core   0: 3 0x8000491c (0x01414603) x12 0x000000e1 mem 0x8001522a
core   0: 0x80004920 (0xafd8e013) ori     zero, a7, -1283
core   0: 3 0x80004920 (0xafd8e013)
core   0: 0x80004924 (0x0000177d) c.addi  a4, -1
core   0: 3 0x80004924 (0x177d) x14 0x00000403
core   0: 0x80004926 (0xfe0108a3) sb      zero, -15(sp)
core   0: 3 0x80004926 (0xfe0108a3) mem 0x80015207 0x0
core   0: 0x8000492a (0x000738b3) sltu    a7, a4, zero
core   0: 3 0x8000492a (0x000738b3) x17 0x00000000
core   0: 0x8000492e (0xfe114603) lbu     a2, -31(sp)
core   0: 3 0x8000492e (0xfe114603) x12 0x000000ac mem 0x800151f7
core   0: 0x80004932 (0x02010da3) sb      zero, 59(sp)
core   0: 3 0x80004932 (0x02010da3) mem 0x80015251 0x0
core   0: 0x80004936 (0x00008e31) c.xor   a2, a2
core   0: 3 0x80004936 (0x8e31) x12 0x00000000
core   0: 0x80004938 (0xd4425d37) lui     s10, 0xd4425
core   0: 3 0x80004938 (0xd4425d37) x26 0xd4425000
core   0: 0x8000493c (0x00008e49) c.or    a2, a0
core   0: 3 0x8000493c (0x8e49) x12 0x000004f4
core   0: 0x8000493e (0x00914d03) lbu     s10, 9(sp)
core   0: 3 0x8000493e (0x00914d03) x26 0x00000000 mem 0x8001521f
core   0: 0x80004942 (0x41160033) sub     zero, a2, a7
core   0: 3 0x80004942 (0x41160033)
core   0: 0x80004946 (0xfca108a3) sb      a0, -47(sp)
core   0: 3 0x80004946 (0xfca108a3) mem 0x800151e7 0xf4
core   0: 0x8000494a (0x02910503) lb      a0, 41(sp)
core   0: 3 0x8000494a (0x02910503) x10 0xfffffff4 mem 0x8001523f
core   0: 0x8000494e (0x00010797) auipc   a5, 0x10
core   0: 3 0x8000494e (0x00010797) x15 0x8001494e
core   0: 0x80004952 (0xbfc78793) addi    a5, a5, -1028
core   0: 3 0x80004952 (0xbfc78793) x15 0x8001454a
core   0: 0x80004956 (0x2237c703) lbu     a4, 547(a5)
core   0: 3 0x80004956 (0x2237c703) x14 0x00000026 mem 0x8001476d
core   0: 0x8000495a (0x48e79623) sh      a4, 1164(a5)
core   0: 3 0x8000495a (0x48e79623) mem 0x800149d6 0x0026
core   0: 0x8000495e (0x0000100f) fence.i
core   0: 3 0x8000495e (0x0000100f)
core   0: 0x80004962 (0x00355d13) srli    s10, a0, 3
core   0: 3 0x80004962 (0x00355d13) x26 0x1ffffffe
core   0: 0x80004966 (0x48f78d03) lb      s10, 1167(a5)
core   0: 3 0x80004966 (0x48f78d03) x26 0xffffff92 mem 0x800149d9
core   0: 0x8000496a (0x000005fa) c.slli  a1, 30
core   0: 3 0x8000496a (0x05fa) x11 0x80000000
core   0: 0x8000496c (0x02b51733) mulh    a4, a0, a1
core   0: 3 0x8000496c (0x02b51733) x14 0x00000006
core   0: 0x80004970 (0x00008da9) c.xor   a1, a0
core   0: 3 0x80004970 (0x8da9) x11 0x7ffffff4
core   0: 0x80004972 (0x00359613) slli    a2, a1, 3
core   0: 3 0x80004972 (0x00359613) x12 0xffffffa0
core   0: 0x80004976 (0x00008e39) c.xor   a2, a4
core   0: 3 0x80004976 (0x8e39) x12 0xffffffa6
core   0: 0x80004978 (0x02e5ea33) rem     s4, a1, a4
core   0: 3 0x80004978 (0x02e5ea33) x20 0x00000002
core   0: 0x8000497c (0x66c78823) sb      a2, 1648(a5)
core   0: 3 0x8000497c (0x66c78823) mem 0x80014bba 0xa6
core   0: 0x80004980 (0x02ca4d33) div     s10, s4, a2
core   0: 3 0x80004980 (0x02ca4d33) x26 0x00000000
core   0: 0x80004984 (0x00008a2e) c.mv    s4, a1
core   0: 3 0x80004984 (0x8a2e) x20 0x7ffffff4
core   0: 0x80004986 (0x02e62a33) mulhsu  s4, a2, a4
core   0: 3 0x80004986 (0x02e62a33) x20 0xffffffff
core   0: 0x8000498a (0x00005a7d) c.li    s4, -1
core   0: 3 0x8000498a (0x5a7d) x20 0xffffffff
core   0: 0x8000498c (0x00f55a13) srli    s4, a0, 15
core   0: 3 0x8000498c (0x00f55a13) x20 0x0001ffff
core   0: 0x80004990 (0x00009a52) c.add   s4, s4
core   0: 3 0x80004990 (0x9a52) x20 0x0003fffe
core   0: 0x80004992 (0x00008921) c.andi  a0, 8
core   0: 3 0x80004992 (0x8921) x10 0x00000000
core   0: 0x80004994 (0x0ff0000f) fence   iorw,iorw
core   0: 3 0x80004994 (0x0ff0000f)
core   0: 0x80004998 (0x40a70a33) sub     s4, a4, a0
core   0: 3 0x80004998 (0x40a70a33) x20 0x00000006
core   0: 0x8000499c (0x00008d51) c.or    a0, a2
core   0: 3 0x8000499c (0x8d51) x10 0xffffffa6
core   0: 0x8000499e (0x31a7c603) lbu     a2, 794(a5)
core   0: 3 0x8000499e (0x31a7c603) x12 0x0000001f mem 0x80014864
core   0: 0x800049a2 (0xb6e78a03) lb      s4, -1170(a5)
core   0: 3 0x800049a2 (0xb6e78a03) x20 0x00000073 mem 0x800140b8
core   0: 0x800049a6 (0x62e5bd13) sltiu   s10, a1, 1582
core   0: 3 0x800049a6 (0x62e5bd13) x26 0x00000000
core   0: 0x800049aa (0x00000001) c.nop
core   0: 3 0x800049aa (0x0001)
core   0: 0x800049ac (0xec87ca03) lbu     s4, -312(a5)
core   0: 3 0x800049ac (0xec87ca03) x20 0x000000c9 mem 0x80014412
core   0: 0x800049b0 (0x414555b3) sra     a1, a0, s4
core   0: 3 0x800049b0 (0x414555b3) x11 0xffffffff
core   0: 0x800049b4 (0x50a79703) lh      a4, 1290(a5)
core   0: 3 0x800049b4 (0x50a79703) x14 0x00000e0f mem 0x80014a54
core   0: 0x800049b8 (0xbba784a3) sb      s10, -1111(a5)
core   0: 3 0x800049b8 (0xbba784a3) mem 0x800140f3 0x0
core   0: 0x800049bc (0x51e7c583) lbu     a1, 1310(a5)
core   0: 3 0x800049bc (0x51e7c583) x11 0x00000023 mem 0x80014a68
core   0: 0x800049c0 (0x243c5617) auipc   a2, 0x243c5
core   0: 3 0x800049c0 (0x243c5617) x12 0xa43c99c0
core   0: 0x800049c4 (0x0ff0000f) fence   iorw,iorw
core   0: 3 0x800049c4 (0x0ff0000f)
core   0: 0x800049c8 (0x4de78583) lb      a1, 1246(a5)
core   0: 3 0x800049c8 (0x4de78583) x11 0xffffffe3 mem 0x80014a28
core   0: 0x800049cc (0xfe35e593) ori     a1, a1, -29
core   0: 3 0x800049cc (0xfe35e593) x11 0xffffffe3
core   0: 0x800049d0 (0x00008df1) c.and   a1, a2
core   0: 3 0x800049d0 (0x8df1) x11 0xa43c99c0
core   0: 0x800049d2 (0x30674d17) auipc   s10, 0x30674
core   0: 3 0x800049d2 (0x30674d17) x26 0xb06789d2
core   0: 0x800049d6 (0x9e07d603) lhu     a2, -1568(a5)
core   0: 3 0x800049d6 (0x9e07d603) x12 0x0000e0e1 mem 0x80013f2a
core   0: 0x800049da (0x40ca0d33) sub     s10, s4, a2
core   0: 3 0x800049da (0x40ca0d33) x26 0xffff1fe8
core   0: 0x800049de (0x7ed5ba13) sltiu   s4, a1, 2029
core   0: 3 0x800049de (0x7ed5ba13) x20 0x00000000
core   0: 0x800049e2 (0x6127da03) lhu     s4, 1554(a5)
core   0: 3 0x800049e2 (0x6127da03) x20 0x00001617 mem 0x80014b5c
core   0: 0x800049e6 (0x0000c117) auipc   sp, 0xc
core   0: 3 0x800049e6 (0x0000c117) x 2 0x800109e6
core   0: 0x800049ea (0xf6b10113) addi    sp, sp, -149
core   0: 3 0x800049ea (0xf6b10113) x 2 0x80010951
core   0: 0x800049ee (0x410f5f93) srai    t6, t5, 16
core   0: 3 0x800049ee (0x410f5f93) x31 0x00000000
core   0: 0x800049f2 (0xe99ca413) slti    s0, s9, -359
core   0: 3 0x800049f2 (0xe99ca413) x 8 0x00000001
core   0: 0x800049f6 (0x00f11283) lh      t0, 15(sp)
core   0: 3 0x800049f6 (0x00f11283) x 5 0x00001a1b mem 0x80010960
core   0: 0x800049fa (0x00f107a3) sb      a5, 15(sp)
core   0: 3 0x800049fa (0x00f107a3) mem 0x80010960 0x4a
core   0: 0x800049fe (0x00f11f83) lh      t6, 15(sp)
core   0: 3 0x800049fe (0x00f11f83) x31 0x00001a4a mem 0x80010960
core   0: 0x80004a02 (0xffa14c03) lbu     s8, -6(sp)
core   0: 3 0x80004a02 (0xffa14c03) x24 0x00000000 mem 0x8001094b
core   0: 0x80004a06 (0x0000100f) fence.i
core   0: 3 0x80004a06 (0x0000100f)
core   0: 0x80004a0a (0x00008595) c.srai  a1, 5
core   0: 3 0x80004a0a (0x8595) x11 0xfd21e4ce
core   0: 0x80004a0c (0xffa10e83) lb      t4, -6(sp)
core   0: 3 0x80004a0c (0xffa10e83) x29 0x00000000 mem 0x8001094b
core   0: 0x80004a10 (0x00915283) lhu     t0, 9(sp)
core   0: 3 0x80004a10 (0x00915283) x 5 0x00001011 mem 0x8001095a
core   0: 0x80004a14 (0xfe610c23) sb      t1, -8(sp)
core   0: 3 0x80004a14 (0xfe610c23) mem 0x80010949 0xda
core   0: 0x80004a18 (0x03c51fb3) mulh    t6, a0, t3
core   0: 3 0x80004a18 (0x03c51fb3) x31 0x0000002c
core   0: 0x80004a1c (0xffe14d03) lbu     s10, -2(sp)
core   0: 3 0x80004a1c (0xffe14d03) x26 0x00000004 mem 0x8001094f
core   0: 0x80004a20 (0xffe10a83) lb      s5, -2(sp)
core   0: 3 0x80004a20 (0xffe10a83) x21 0x00000004 mem 0x8001094f
core   0: 0x80004a24 (0xfe810f23) sb      s0, -2(sp)
core   0: 3 0x80004a24 (0xfe810f23) mem 0x8001094f 0x1
core   0: 0x80004a28 (0x0000097e) c.slli  s2, 31
core   0: 3 0x80004a28 (0x097e) x18 0x00000000
core   0: 0x80004a2a (0x00210723) sb      sp, 14(sp)
core   0: 3 0x80004a2a (0x00210723) mem 0x8001095f 0x51
core   0: 0x80004a2e (0x01e10723) sb      t5, 14(sp)
core   0: 3 0x80004a2e (0x01e10723) mem 0x8001095f 0xb3
core   0: 0x80004a32 (0x01510723) sb      s5, 14(sp)
core   0: 3 0x80004a32 (0x01510723) mem 0x8001095f 0x4
core   0: 0x80004a36 (0x00210723) sb      sp, 14(sp)
core   0: 3 0x80004a36 (0x00210723) mem 0x8001095f 0x51
core   0: 0x80004a3a (0x0000b617) auipc   a2, 0xb
core   0: 3 0x80004a3a (0x0000b617) x12 0x8000fa3a
core   0: 0x80004a3e (0x63d60613) addi    a2, a2, 1597
core   0: 3 0x80004a3e (0x63d60613) x12 0x80010077
core   0: 0x80004a42 (0x0000c417) auipc   s0, 0xc
core   0: 3 0x80004a42 (0x0000c417) x 8 0x80010a42
core   0: 0x80004a46 (0xa5640413) addi    s0, s0, -1450
core   0: 3 0x80004a46 (0xa5640413) x 8 0x80010498
core   0: 0x80004a4a (0x01360e03) lb      t3, 19(a2)
core   0: 3 0x80004a4a (0x01360e03) x28 0x00000041 mem 0x8001008a
core   0: 0x80004a4e (0xf3b44e03) lbu     t3, -197(s0)
core   0: 3 0x80004a4e (0xf3b44e03) x28 0x00000088 mem 0x800103d3
core   0: 0x80004a52 (0x00060523) sb      zero, 10(a2)
core   0: 3 0x80004a52 (0x00060523) mem 0x80010081 0x0
core   0: 0x80004a56 (0xfee45783) lhu     a5, -18(s0)
core   0: 3 0x80004a56 (0xfee45783) x15 0x00003c3d mem 0x80010486
core   0: 0x80004a5a (0xfd940883) lb      a7, -39(s0)
core   0: 3 0x80004a5a (0xfd940883) x17 0x0000002a mem 0x80010471
core   0: 0x80004a5e (0xfe361883) lh      a7, -29(a2)
core   0: 3 0x80004a5e (0xfe361883) x17 0x00001011 mem 0x8001005a
core   0: 0x80004a62 (0xf3b40483) lb      s1, -197(s0)
core   0: 3 0x80004a62 (0xf3b40483) x 9 0xffffff88 mem 0x800103d3
core   0: 0x80004a66 (0xf9942e23) sw      s9, -100(s0)
core   0: 3 0x80004a66 (0xf9942e23) mem 0x80010434 0x8001011f
core   0: 0x80004a6a (0x02a408a3) sb      a0, 49(s0)
core   0: 3 0x80004a6a (0x02a408a3) mem 0x800104c9 0xa6
core   0: 0x80004a6e (0x03860483) lb      s1, 56(a2)
core   0: 3 0x80004a6e (0x03860483) x 9 0x00000064 mem 0x800100af
core   0: 0x80004a72 (0xf1241583) lh      a1, -238(s0)
core   0: 3 0x80004a72 (0xf1241583) x11 0x00006061 mem 0x800103aa
core   0: 0x80004a76 (0x0af42423) sw      a5, 168(s0)
core   0: 3 0x80004a76 (0x0af42423) mem 0x80010540 0x00003c3d
core   0: 0x80004a7a (0xfdf60e23) sb      t6, -36(a2)
core   0: 3 0x80004a7a (0xfdf60e23) mem 0x80010053 0x2c
core   0: 0x80004a7e (0x0000fb97) auipc   s7, 0xf
core   0: 3 0x80004a7e (0x0000fb97) x23 0x80013a7e
core   0: 0x80004a82 (0x1bdb8b93) addi    s7, s7, 445
core   0: 3 0x80004a82 (0x1bdb8b93) x23 0x80013c3b
core   0: 0x80004a86 (0xff1baea3) sw      a7, -3(s7)
core   0: 3 0x80004a86 (0xff1baea3) mem 0x80013c38 0x00001011
core   0: 0x80004a8a (0x03175333) divu    t1, a4, a7
core   0: 3 0x80004a8a (0x03175333) x 6 0x00000000
core   0: 0x80004a8e (0x0000100f) fence.i
core   0: 3 0x80004a8e (0x0000100f)
core   0: 0x80004a92 (0x008b8003) lb      zero, 8(s7)
core   0: 3 0x80004a92 (0x008b8003) mem 0x80013c43
core   0: 0x80004a96 (0xff6b8103) lb      sp, -10(s7)
core   0: 3 0x80004a96 (0xff6b8103) x 2 0xffffffea mem 0x80013c31
core   0: 0x80004a9a (0x02e458b3) divu    a7, s0, a4
core   0: 3 0x80004a9a (0x02e458b3) x17 0x00091ae3
core   0: 0x80004a9e (0x000b8883) lb      a7, 0(s7)
core   0: 3 0x80004a9e (0x000b8883) x17 0x00000000 mem 0x80013c3b
core   0: 0x80004aa2 (0x00000001) c.nop
core   0: 3 0x80004aa2 (0x0001)
core   0: 0x80004aa4 (0xfe6baaa3) sw      t1, -11(s7)
core   0: 3 0x80004aa4 (0xfe6baaa3) mem 0x80013c30 0x00000000
core   0: 0x80004aa8 (0xfe8b89a3) sb      s0, -13(s7)
core   0: 3 0x80004aa8 (0xfe8b89a3) mem 0x80013c2e 0x98
core   0: 0x80004aac (0x00030033) add     zero, t1, zero
core   0: 3 0x80004aac (0x00030033)
core   0: 0x80004ab0 (0x006b8323) sb      t1, 6(s7)
core   0: 3 0x80004ab0 (0x006b8323) mem 0x80013c41 0x0
core   0: 0x80004ab4 (0x0000877d) c.srai  a4, 31
core   0: 3 0x80004ab4 (0x877d) x14 0x00000000
core   0: 0x80004ab6 (0x40235133) sra     sp, t1, sp
core   0: 3 0x80004ab6 (0x40235133) x 2 0x00000000
core   0: 0x80004aba (0x00bbd883) lhu     a7, 11(s7)
core   0: 3 0x80004aba (0x00bbd883) x17 0x0000fcfd mem 0x80013c46
core   0: 0x80004abe (0xff6bc403) lbu     s0, -10(s7)
core   0: 3 0x80004abe (0xff6bc403) x 8 0x00000000 mem 0x80013c31
core   0: 0x80004ac2 (0x002bc883) lbu     a7, 2(s7)
core   0: 3 0x80004ac2 (0x002bc883) x17 0x000000f6 mem 0x80013c3d
core   0: 0x80004ac6 (0x73e8c313) xori    t1, a7, 1854
core   0: 3 0x80004ac6 (0x73e8c313) x 6 0x000007c8
core   0: 0x80004aca (0x0208e333) rem     t1, a7, zero
core   0: 3 0x80004aca (0x0208e333) x 6 0x000000f6
core   0: 0x80004ace (0x00e46033) or      zero, s0, a4
core   0: 3 0x80004ace (0x00e46033)
core   0: 0x80004ad2 (0x011338b3) sltu    a7, t1, a7
core   0: 3 0x80004ad2 (0x011338b3) x17 0x00000000
core   0: 0x80004ad6 (0xf6947113) andi    sp, s0, -151
core   0: 3 0x80004ad6 (0xf6947113) x 2 0x00000000
core   0: 0x80004ada (0x00eb93a3) sh      a4, 7(s7)
core   0: 3 0x80004ada (0x00eb93a3) mem 0x80013c42 0x0000
core   0: 0x80004ade (0xdddb7437) lui     s0, 0xdddb7
core   0: 3 0x80004ade (0xdddb7437) x 8 0xdddb7000
core   0: 0x80004ae2 (0x00eb94a3) sh      a4, 9(s7)
core   0: 3 0x80004ae2 (0x00eb94a3) mem 0x80013c44 0x0000
core   0: 0x80004ae6 (0x00008759) c.srai  a4, 22
core   0: 3 0x80004ae6 (0x8759) x14 0x00000000
core   0: 0x80004ae8 (0x11707313) andi    t1, zero, 279
core   0: 3 0x80004ae8 (0x11707313) x 6 0x00000000
core   0: 0x80004aec (0xff6bc303) lbu     t1, -10(s7)
core   0: 3 0x80004aec (0xff6bc303) x 6 0x00000000 mem 0x80013c31
core   0: 0x80004af0 (0xff9bc303) lbu     t1, -7(s7)
core   0: 3 0x80004af0 (0xff9bc303) x 6 0x000000ef mem 0x80013c34
core   0: 0x80004af4 (0x408358b3) sra     a7, t1, s0
core   0: 3 0x80004af4 (0x408358b3) x17 0x000000ef
core   0: 0x80004af8 (0x006b8003) lb      zero, 6(s7)
core   0: 3 0x80004af8 (0x006b8003) mem 0x80013c41
core   0: 0x80004afc (0x00e003ef) jal     t2, pc + 0xe
core   0: 3 0x80004afc (0x00e003ef) x 7 0x80004b00
core   0: 0x80004b0a (0x0000bff5) c.j     pc - 4
core   0: 3 0x80004b0a (0xbff5)
core   0: 0x80004b06 (0x00003ff5) c.jal   pc - 4
core   0: 3 0x80004b06 (0x3ff5) x 1 0x80004b08
core   0: 0x80004b02 (0x0240036f) jal     t1, pc + 0x24
core   0: 3 0x80004b02 (0x0240036f) x 6 0x80004b06
core   0: 0x80004b26 (0xfdbff0ef) jal     pc - 0x26
core   0: 3 0x80004b26 (0xfdbff0ef) x 1 0x80004b2a
core   0: 0x80004b00 (0x00002801) c.jal   pc + 16
core   0: 3 0x80004b00 (0x2801) x 1 0x80004b02
core   0: 0x80004b10 (0x0000a811) c.j     pc + 20
core   0: 3 0x80004b10 (0xa811)
core   0: 0x80004b24 (0x0000bff5) c.j     pc - 4
core   0: 3 0x80004b24 (0xbff5)
core   0: 0x80004b20 (0x0000bff5) c.j     pc - 4
core   0: 3 0x80004b20 (0xbff5)
core   0: 0x80004b1c (0xff9ff36f) jal     t1, pc - 0x8
core   0: 3 0x80004b1c (0xff9ff36f) x 6 0x80004b20
core   0: 0x80004b14 (0x00003fe5) c.jal   pc - 8
core   0: 3 0x80004b14 (0x3fe5) x 1 0x80004b16
core   0: 0x80004b0c (0x0000bff5) c.j     pc - 4
core   0: 3 0x80004b0c (0xbff5)
core   0: 0x80004b08 (0x0000a829) c.j     pc + 26
core   0: 3 0x80004b08 (0xa829)
core   0: 0x80004b22 (0x00003fd5) c.jal   pc - 12
core   0: 3 0x80004b22 (0x3fd5) x 1 0x80004b24
core   0: 0x80004b16 (0x0000bfe5) c.j     pc - 8
core   0: 3 0x80004b16 (0xbfe5)
core   0: 0x80004b0e (0x0000a011) c.j     pc + 4
core   0: 3 0x80004b0e (0xa011)
core   0: 0x80004b12 (0x0000a019) c.j     pc + 6
core   0: 3 0x80004b12 (0xa019)
core   0: 0x80004b18 (0x012000ef) jal     pc + 0x12
core   0: 3 0x80004b18 (0x012000ef) x 1 0x80004b1c
core   0: 0x80004b2a (0x000007bd) c.addi  a5, 15
core   0: 3 0x80004b2a (0x07bd) x15 0x00003c4c
core   0: 0x80004b2c (0x00a00493) li      s1, 10
core   0: 3 0x80004b2c (0x00a00493) x 9 0x0000000a
core   0: 0x80004b30 (0x0ff0000f) fence   iorw,iorw
core   0: 3 0x80004b30 (0x0ff0000f)
core   0: 0x80004b34 (0x00400a13) li      s4, 4
core   0: 3 0x80004b34 (0x00400a13) x20 0x00000004
core   0: 0x80004b38 (0xb3698113) addi    sp, s3, -1226
core   0: 3 0x80004b38 (0xb3698113) x 2 0xfffffb3e
core   0: 0x80004b3c (0x02c87833) remu    a6, a6, a2
core   0: 3 0x80004b3c (0x02c87833) x16 0x0000009a
core   0: 0x80004b40 (0x02c30633) mul     a2, t1, a2
core   0: 3 0x80004b40 (0x02c30633) x12 0xcb42ebe0
core   0: 0x80004b44 (0x000083f5) c.srli  a5, 29
core   0: 3 0x80004b44 (0x83f5) x15 0x00000000
core   0: 0x80004b46 (0x000014fd) c.addi  s1, -1
core   0: 3 0x80004b46 (0x14fd) x 9 0x00000009
core   0: 0x80004b48 (0x344f3093) sltiu   ra, t5, 836
core   0: 3 0x80004b48 (0x344f3093) x 1 0x00000001
core   0: 0x80004b4c (0xff44f6e3) bgeu    s1, s4, pc - 20
core   0: 3 0x80004b4c (0xff44f6e3)
core   0: 0x80004b38 (0xb3698113) addi    sp, s3, -1226
core   0: 3 0x80004b38 (0xb3698113) x 2 0xfffffb3e
core   0: 0x80004b3c (0x02c87833) remu    a6, a6, a2
core   0: 3 0x80004b3c (0x02c87833) x16 0x0000009a
core   0: 0x80004b40 (0x02c30633) mul     a2, t1, a2
core   0: 3 0x80004b40 (0x02c30633) x12 0x03781c00
core   0: 0x80004b44 (0x000083f5) c.srli  a5, 29
core   0: 3 0x80004b44 (0x83f5) x15 0x00000000
core   0: 0x80004b46 (0x000014fd) c.addi  s1, -1
core   0: 3 0x80004b46 (0x14fd) x 9 0x00000008
core   0: 0x80004b48 (0x344f3093) sltiu   ra, t5, 836
core   0: 3 0x80004b48 (0x344f3093) x 1 0x00000001
core   0: 0x80004b4c (0xff44f6e3) bgeu    s1, s4, pc - 20
core   0: 3 0x80004b4c (0xff44f6e3)
core   0: 0x80004b38 (0xb3698113) addi    sp, s3, -1226
core   0: 3 0x80004b38 (0xb3698113) x 2 0xfffffb3e
core   0: 0x80004b3c (0x02c87833) remu    a6, a6, a2
core   0: 3 0x80004b3c (0x02c87833) x16 0x0000009a
core   0: 0x80004b40 (0x02c30633) mul     a2, t1, a2
core   0: 3 0x80004b40 (0x02c30633) x12 0x9f378000
core   0: 0x80004b44 (0x000083f5) c.srli  a5, 29
core   0: 3 0x80004b44 (0x83f5) x15 0x00000000
core   0: 0x80004b46 (0x000014fd) c.addi  s1, -1
core   0: 3 0x80004b46 (0x14fd) x 9 0x00000007
core   0: 0x80004b48 (0x344f3093) sltiu   ra, t5, 836
core   0: 3 0x80004b48 (0x344f3093) x 1 0x00000001
core   0: 0x80004b4c (0xff44f6e3) bgeu    s1, s4, pc - 20
core   0: 3 0x80004b4c (0xff44f6e3)
core   0: 0x80004b38 (0xb3698113) addi    sp, s3, -1226
core   0: 3 0x80004b38 (0xb3698113) x 2 0xfffffb3e
core   0: 0x80004b3c (0x02c87833) remu    a6, a6, a2
core   0: 3 0x80004b3c (0x02c87833) x16 0x0000009a
core   0: 0x80004b40 (0x02c30633) mul     a2, t1, a2
core   0: 3 0x80004b40 (0x02c30633) x12 0x29700000
core   0: 0x80004b44 (0x000083f5) c.srli  a5, 29
core   0: 3 0x80004b44 (0x83f5) x15 0x00000000
core   0: 0x80004b46 (0x000014fd) c.addi  s1, -1
core   0: 3 0x80004b46 (0x14fd) x 9 0x00000006
core   0: 0x80004b48 (0x344f3093) sltiu   ra, t5, 836
core   0: 3 0x80004b48 (0x344f3093) x 1 0x00000001
core   0: 0x80004b4c (0xff44f6e3) bgeu    s1, s4, pc - 20
core   0: 3 0x80004b4c (0xff44f6e3)
core   0: 0x80004b38 (0xb3698113) addi    sp, s3, -1226
core   0: 3 0x80004b38 (0xb3698113) x 2 0xfffffb3e
core   0: 0x80004b3c (0x02c87833) remu    a6, a6, a2
core   0: 3 0x80004b3c (0x02c87833) x16 0x0000009a
core   0: 0x80004b40 (0x02c30633) mul     a2, t1, a2
core   0: 3 0x80004b40 (0x02c30633) x12 0xfe000000
core   0: 0x80004b44 (0x000083f5) c.srli  a5, 29
core   0: 3 0x80004b44 (0x83f5) x15 0x00000000
core   0: 0x80004b46 (0x000014fd) c.addi  s1, -1
core   0: 3 0x80004b46 (0x14fd) x 9 0x00000005
core   0: 0x80004b48 (0x344f3093) sltiu   ra, t5, 836
core   0: 3 0x80004b48 (0x344f3093) x 1 0x00000001
core   0: 0x80004b4c (0xff44f6e3) bgeu    s1, s4, pc - 20
core   0: 3 0x80004b4c (0xff44f6e3)
core   0: 0x80004b38 (0xb3698113) addi    sp, s3, -1226
core   0: 3 0x80004b38 (0xb3698113) x 2 0xfffffb3e
core   0: 0x80004b3c (0x02c87833) remu    a6, a6, a2
core   0: 3 0x80004b3c (0x02c87833) x16 0x0000009a
core   0: 0x80004b40 (0x02c30633) mul     a2, t1, a2
core   0: 3 0x80004b40 (0x02c30633) x12 0xc0000000
core   0: 0x80004b44 (0x000083f5) c.srli  a5, 29
core   0: 3 0x80004b44 (0x83f5) x15 0x00000000
core   0: 0x80004b46 (0x000014fd) c.addi  s1, -1
core   0: 3 0x80004b46 (0x14fd) x 9 0x00000004
core   0: 0x80004b48 (0x344f3093) sltiu   ra, t5, 836
core   0: 3 0x80004b48 (0x344f3093) x 1 0x00000001
core   0: 0x80004b4c (0xff44f6e3) bgeu    s1, s4, pc - 20
core   0: 3 0x80004b4c (0xff44f6e3)
core   0: 0x80004b38 (0xb3698113) addi    sp, s3, -1226
core   0: 3 0x80004b38 (0xb3698113) x 2 0xfffffb3e
core   0: 0x80004b3c (0x02c87833) remu    a6, a6, a2
core   0: 3 0x80004b3c (0x02c87833) x16 0x0000009a
core   0: 0x80004b40 (0x02c30633) mul     a2, t1, a2
core   0: 3 0x80004b40 (0x02c30633) x12 0x00000000
core   0: 0x80004b44 (0x000083f5) c.srli  a5, 29
core   0: 3 0x80004b44 (0x83f5) x15 0x00000000
core   0: 0x80004b46 (0x000014fd) c.addi  s1, -1
core   0: 3 0x80004b46 (0x14fd) x 9 0x00000003
core   0: 0x80004b48 (0x344f3093) sltiu   ra, t5, 836
core   0: 3 0x80004b48 (0x344f3093) x 1 0x00000001
core   0: 0x80004b4c (0xff44f6e3) bgeu    s1, s4, pc - 20
core   0: 3 0x80004b4c (0xff44f6e3)
core   0: 0x80004b50 (0x03586233) rem     tp, a6, s5
core   0: 3 0x80004b50 (0x03586233) x 4 0x00000002
core   0: 0x80004b54 (0x006003ef) jal     t2, pc + 0x6
core   0: 3 0x80004b54 (0x006003ef) x 7 0x80004b58
core   0: 0x80004b5a (0x01c0036f) jal     t1, pc + 0x1c
core   0: 3 0x80004b5a (0x01c0036f) x 6 0x80004b5e
core   0: 0x80004b76 (0x0000bfcd) c.j     pc - 14
core   0: 3 0x80004b76 (0xbfcd)
core   0: 0x80004b68 (0x00003fed) c.jal   pc - 6
core   0: 3 0x80004b68 (0x3fed) x 1 0x80004b6a
core   0: 0x80004b62 (0x0080086f) jal     a6, pc + 0x8
core   0: 3 0x80004b62 (0x0080086f) x16 0x80004b66
core   0: 0x80004b6a (0x0000a021) c.j     pc + 8
core   0: 3 0x80004b6a (0xa021)
core   0: 0x80004b72 (0xfedffa6f) jal     s4, pc - 0x14
core   0: 3 0x80004b72 (0xfedffa6f) x20 0x80004b76
core   0: 0x80004b5e (0x008000ef) jal     pc + 0x8
core   0: 3 0x80004b5e (0x008000ef) x 1 0x80004b62
core   0: 0x80004b66 (0x00002809) c.jal   pc + 18
core   0: 3 0x80004b66 (0x2809) x 1 0x80004b68
core   0: 0x80004b78 (0x004000ef) jal     pc + 0x4
core   0: 3 0x80004b78 (0x004000ef) x 1 0x80004b7c
core   0: 0x80004b7c (0x00003fc5) c.jal   pc - 16
core   0: 3 0x80004b7c (0x3fc5) x 1 0x80004b7e
core   0: 0x80004b6c (0x000037f5) c.jal   pc - 20
core   0: 3 0x80004b6c (0x37f5) x 1 0x80004b6e
core   0: 0x80004b58 (0x0000a819) c.j     pc + 22
core   0: 3 0x80004b58 (0xa819)
core   0: 0x80004b6e (0x010000ef) jal     pc + 0x10
core   0: 3 0x80004b6e (0x010000ef) x 1 0x80004b72
core   0: 0x80004b7e (0x0243cfb3) div     t6, t2, tp
core   0: 3 0x80004b7e (0x0243cfb3) x31 0xc00025ac
core   0: 0x80004b82 (0x0000bb97) auipc   s7, 0xb
core   0: 3 0x80004b82 (0x0000bb97) x23 0x8000fb82
core   0: 0x80004b86 (0x5fcb8b93) addi    s7, s7, 1532
core   0: 3 0x80004b86 (0x5fcb8b93) x23 0x8001017e
core   0: 0x80004b8a (0x0000cf97) auipc   t6, 0xc
core   0: 3 0x80004b8a (0x0000cf97) x31 0x80010b8a
core   0: 0x80004b8e (0xa88f8f93) addi    t6, t6, -1400
core   0: 3 0x80004b8e (0xa88f8f93) x31 0x80010612
core   0: 0x80004b92 (0xfc9b8483) lb      s1, -55(s7)
core   0: 3 0x80004b92 (0xfc9b8483) x 9 0xfffffffc mem 0x80010147
core   0: 0x80004b96 (0x0000c917) auipc   s2, 0xc
core   0: 3 0x80004b96 (0x0000c917) x18 0x80010b96
core   0: 0x80004b9a (0xb4c90913) addi    s2, s2, -1204
core   0: 3 0x80004b9a (0xb4c90913) x18 0x800106e2
core   0: 0x80004b9e (0xfefb8583) lb      a1, -17(s7)
core   0: 3 0x80004b9e (0xfefb8583) x11 0x00000026 mem 0x8001016d
core   0: 0x80004ba2 (0xfd4f8803) lb      a6, -44(t6)
core   0: 3 0x80004ba2 (0xfd4f8803) x16 0xffffff9d mem 0x800105e6
core   0: 0x80004ba6 (0x00c90503) lb      a0, 12(s2)
core   0: 3 0x80004ba6 (0x00c90503) x10 0xffffffff mem 0x800106ee
core   0: 0x80004baa (0x02dfc383) lbu     t2, 45(t6)
core   0: 3 0x80004baa (0x02dfc383) x 7 0x000000f4 mem 0x8001063f
core   0: 0x80004bae (0x013f8703) lb      a4, 19(t6)
core   0: 3 0x80004bae (0x013f8703) x14 0xffffffde mem 0x80010625
core   0: 0x80004bb2 (0xfd7b8003) lb      zero, -41(s7)
core   0: 3 0x80004bb2 (0xfd7b8003) mem 0x80010155
core   0: 0x80004bb6 (0x002f85a3) sb      sp, 11(t6)
core   0: 3 0x80004bb6 (0x002f85a3) mem 0x8001061d 0x3e
core   0: 0x80004bba (0x02994d03) lbu     s10, 41(s2)
core   0: 3 0x80004bba (0x02994d03) x26 0x000000c0 mem 0x8001070b
core   0: 0x80004bbe (0xfccbc203) lbu     tp, -52(s7)
core   0: 3 0x80004bbe (0xfccbc203) x 4 0x00000001 mem 0x8001014a
core   0: 0x80004bc2 (0xfd2bc583) lbu     a1, -46(s7)
core   0: 3 0x80004bc2 (0xfd2bc583) x11 0x0000000b mem 0x80010150
core   0: 0x80004bc6 (0x025bc183) lbu     gp, 37(s7)
core   0: 3 0x80004bc6 (0x025bc183) x 3 0x00000058 mem 0x800101a3
core   0: 0x80004bca (0x030f8e03) lb      t3, 48(t6)
core   0: 3 0x80004bca (0x030f8e03) x28 0xfffffff9 mem 0x80010642
core   0: 0x80004bce (0xfd3fc483) lbu     s1, -45(t6)
core   0: 3 0x80004bce (0xfd3fc483) x 9 0x0000009e mem 0x800105e5
core   0: 0x80004bd2 (0xfc490e83) lb      t4, -60(s2)
core   0: 3 0x80004bd2 (0xfc490e83) x29 0x0000005d mem 0x800106a6
core   0: 0x80004bd6 (0x024bc383) lbu     t2, 36(s7)
core   0: 3 0x80004bd6 (0x024bc383) x 7 0x00000059 mem 0x800101a2
core   0: 0x80004bda (0xfe4b8303) lb      t1, -28(s7)
core   0: 3 0x80004bda (0xfe4b8303) x 6 0x00000019 mem 0x80010162
core   0: 0x80004bde (0x01f94203) lbu     tp, 31(s2)
core   0: 3 0x80004bde (0x01f94203) x 4 0x000000ba mem 0x80010701
core   0: 0x80004be2 (0x000b8583) lb      a1, 0(s7)
core   0: 3 0x80004be2 (0x000b8583) x11 0x00000035 mem 0x8001017e
core   0: 0x80004be6 (0x009f8883) lb      a7, 9(t6)
core   0: 3 0x80004be6 (0x009f8883) x17 0xffffffd0 mem 0x8001061b
core   0: 0x80004bea (0xfe090183) lb      gp, -32(s2)
core   0: 3 0x80004bea (0xfe090183) x 3 0x00000079 mem 0x800106c2
core   0: 0x80004bee (0x0000e917) auipc   s2, 0xe
core   0: 3 0x80004bee (0x0000e917) x18 0x80012bee
core   0: 0x80004bf2 (0x16790913) addi    s2, s2, 359
core   0: 3 0x80004bf2 (0x16790913) x18 0x80012d55
core   0: 0x80004bf6 (0x8da94a03) lbu     s4, -1830(s2)
core   0: 3 0x80004bf6 (0x8da94a03) x20 0x000000e4 mem 0x8001262f
core   0: 0x80004bfa (0x00011117) auipc   sp, 0x11
core   0: 3 0x80004bfa (0x00011117) x 2 0x80015bfa
core   0: 0x80004bfe (0x40d10113) addi    sp, sp, 1037
core   0: 3 0x80004bfe (0x40d10113) x 2 0x80016007
core   0: 0x80004c02 (0x00015e17) auipc   t3, 0x15
core   0: 3 0x80004c02 (0x00015e17) x28 0x80019c02
core   0: 0x80004c06 (0x92fe0e13) addi    t3, t3, -1745
core   0: 3 0x80004c06 (0x92fe0e13) x28 0x80019531
core   0: 0x80004c0a (0xfe014083) lbu     ra, -32(sp)
core   0: 3 0x80004c0a (0xfe014083) x 1 0x0000009c mem 0x80015fe7
core   0: 0x80004c0e (0xc4fe00a3) sb      a5, -959(t3)
core   0: 3 0x80004c0e (0xc4fe00a3) mem 0x80019172 0x0
core   0: 0x80004c12 (0x28890283) lb      t0, 648(s2)
core   0: 3 0x80004c12 (0x28890283) x 5 0xffffff96 mem 0x80012fdd
core   0: 0x80004c16 (0xdd8e4b83) lbu     s7, -552(t3)
core   0: 3 0x80004c16 (0xdd8e4b83) x23 0x000000c2 mem 0x80019309
core   0: 0x80004c1a (0xdff92f03) lw      t5, -513(s2)
core   0: 3 0x80004c1a (0xdff92f03) x30 0x0c0d0e0f mem 0x80012b54
core   0: 0x80004c1e (0x0b714083) lbu     ra, 183(sp)
core   0: 3 0x80004c1e (0x0b714083) x 1 0x00000075 mem 0x800160be
core   0: 0x80004c22 (0xf9110223) sb      a7, -124(sp)
core   0: 3 0x80004c22 (0xf9110223) mem 0x80015f8b 0xd0
core   0: 0x80004c26 (0x010e4303) lbu     t1, 16(t3)
core   0: 3 0x80004c26 (0x010e4303) x 6 0x000000fa mem 0x80019541
core   0: 0x80004c2a (0xfa290183) lb      gp, -94(s2)
core   0: 3 0x80004c2a (0xfa290183) x 3 0xffffffac mem 0x80012cf7
core   0: 0x80004c2e (0x01b117a3) sh      s11, 15(sp)
core   0: 3 0x80004c2e (0x01b117a3) mem 0x80016016 0x9ce4
core   0: 0x80004c32 (0xa9294303) lbu     t1, -1390(s2)
core   0: 3 0x80004c32 (0xa9294303) x 6 0x0000009c mem 0x800127e7
core   0: 0x80004c36 (0xcd0e4b83) lbu     s7, -816(t3)
core   0: 3 0x80004c36 (0xcd0e4b83) x23 0x000000ba mem 0x80019201
core   0: 0x80004c3a (0x91be5403) lhu     s0, -1765(t3)
core   0: 3 0x80004c3a (0x91be5403) x 8 0x00000607 mem 0x80018e4c
core   0: 0x80004c3e (0x29294803) lbu     a6, 658(s2)
core   0: 3 0x80004c3e (0x29294803) x16 0x0000009c mem 0x80012fe7
core   0: 0x80004c42 (0x2ef94883) lbu     a7, 751(s2)
core   0: 3 0x80004c42 (0x2ef94883) x17 0x000000ff mem 0x80013044
core   0: 0x80004c46 (0x08314b83) lbu     s7, 131(sp)
core   0: 3 0x80004c46 (0x08314b83) x23 0x00000041 mem 0x8001608a
core   0: 0x80004c4a (0xb31e0c03) lb      s8, -1231(t3)
core   0: 3 0x80004c4a (0xb31e0c03) x24 0x00000019 mem 0x80019062
core   0: 0x80004c4e (0x0f110003) lb      zero, 241(sp)
core   0: 3 0x80004c4e (0x0f110003) mem 0x800160f8
core   0: 0x80004c52 (0xc0694083) lbu     ra, -1018(s2)
core   0: 3 0x80004c52 (0xc0694083) x 1 0x00000010 mem 0x8001295b
core   0: 0x80004c56 (0xf4d15883) lhu     a7, -179(sp)
core   0: 3 0x80004c56 (0xf4d15883) x17 0x00000e0f mem 0x80015f54
core   0: 0x80004c5a (0x00410183) lb      gp, 4(sp)
core   0: 3 0x80004c5a (0x00410183) x 3 0xffffffc0 mem 0x8001600b
core   0: 0x80004c5e (0xfdf91d03) lh      s10, -33(s2)
core   0: 3 0x80004c5e (0xfdf91d03) x26 0xffffeeef mem 0x80012d34
core   0: 0x80004c62 (0xf44e0703) lb      a4, -188(t3)
core   0: 3 0x80004c62 (0xf44e0703) x14 0x0000002e mem 0x80019475
core   0: 0x80004c66 (0xfad92da3) sw      a3, -69(s2)
core   0: 3 0x80004c66 (0xfad92da3) mem 0x80012d10 0x00000000
core   0: 0x80004c6a (0xf69e1303) lh      t1, -151(t3)
core   0: 3 0x80004c6a (0xf69e1303) x 6 0x00005051 mem 0x8001949a
core   0: 0x80004c6e (0xf1be0123) sb      s11, -254(t3)
core   0: 3 0x80004c6e (0xf1be0123) mem 0x80019433 0xe4
core   0: 0x80004c72 (0x00400813) li      a6, 4
core   0: 3 0x80004c72 (0x00400813) x16 0x00000004
core   0: 0x80004c76 (0x00f6beb3) sltu    t4, a3, a5
core   0: 3 0x80004c76 (0x00f6beb3) x29 0x00000000
core   0: 0x80004c7a (0x00200a93) li      s5, 2
core   0: 3 0x80004c7a (0x00200a93) x21 0x00000002
core   0: 0x80004c7e (0x0216c033) div     zero, a3, ra
core   0: 3 0x80004c7e (0x0216c033)
core   0: 0x80004c82 (0x00000cc6) c.slli  s9, 17
core   0: 3 0x80004c82 (0x0cc6) x25 0x023e0000
core   0: 0x80004c84 (0x00001865) c.addi  a6, -7
core   0: 3 0x80004c84 (0x1865) x16 0xfffffffd
core   0: 0x80004c86 (0x00008f41) c.or    a4, s0
core   0: 3 0x80004c86 (0x8f41) x14 0x0000062f
core   0: 0x80004c88 (0xff700913) li      s2, -9
core   0: 3 0x80004c88 (0xff700913) x18 0xfffffff7
core   0: 0x80004c8c (0x76740f13) addi    t5, s0, 1895
core   0: 3 0x80004c8c (0x76740f13) x30 0x00000d6e
core   0: 0x80004c90 (0x00008a76) c.mv    s4, t4
core   0: 3 0x80004c90 (0x8a76) x20 0x00000000
core   0: 0x80004c92 (0x00008ea9) c.xor   a3, a0
core   0: 3 0x80004c92 (0x8ea9) x13 0xffffffff
core   0: 0x80004c94 (0x01f043b3) xor     t2, zero, t6
core   0: 3 0x80004c94 (0x01f043b3) x 7 0x80010612
core   0: 0x80004c98 (0x024966b3) rem     a3, s2, tp
core   0: 3 0x80004c98 (0x024966b3) x13 0xfffffff7
core   0: 0x80004c9c (0x00008d59) c.or    a0, a4
core   0: 3 0x80004c9c (0x8d59) x10 0xffffffff
core   0: 0x80004c9e (0x01400413) li      s0, 20
core   0: 3 0x80004c9e (0x01400413) x 8 0x00000014
core   0: 0x80004ca2 (0x0216ac33) mulhsu  s8, a3, ra
core   0: 3 0x80004ca2 (0x0216ac33) x24 0xffffffff
core   0: 0x80004ca6 (0xc69800b7) lui     ra, 0xc6980
core   0: 3 0x80004ca6 (0xc69800b7) x 1 0xc6980000
core   0: 0x80004caa (0x2e1bf013) andi    zero, s7, 737
core   0: 3 0x80004caa (0x2e1bf013)
core   0: 0x80004cae (0x00000905) c.addi  s2, 1
core   0: 3 0x80004cae (0x0905) x18 0xfffffff8
core   0: 0x80004cb0 (0x00ce4633) xor     a2, t3, a2
core   0: 3 0x80004cb0 (0x00ce4633) x12 0x80019531
core   0: 0x80004cb4 (0xfe8917e3) bne     s2, s0, pc - 18
core   0: 3 0x80004cb4 (0xfe8917e3)
core   0: 0x80004ca2 (0x0216ac33) mulhsu  s8, a3, ra
core   0: 3 0x80004ca2 (0x0216ac33) x24 0xfffffff9
core   0: 0x80004ca6 (0xc69800b7) lui     ra, 0xc6980
core   0: 3 0x80004ca6 (0xc69800b7) x 1 0xc6980000
core   0: 0x80004caa (0x2e1bf013) andi    zero, s7, 737
core   0: 3 0x80004caa (0x2e1bf013)
core   0: 0x80004cae (0x00000905) c.addi  s2, 1
core   0: 3 0x80004cae (0x0905) x18 0xfffffff9
core   0: 0x80004cb0 (0x00ce4633) xor     a2, t3, a2
core   0: 3 0x80004cb0 (0x00ce4633) x12 0x00000000
core   0: 0x80004cb4 (0xfe8917e3) bne     s2, s0, pc - 18
core   0: 3 0x80004cb4 (0xfe8917e3)
core   0: 0x80004ca2 (0x0216ac33) mulhsu  s8, a3, ra
core   0: 3 0x80004ca2 (0x0216ac33) x24 0xfffffff9
core   0: 0x80004ca6 (0xc69800b7) lui     ra, 0xc6980
core   0: 3 0x80004ca6 (0xc69800b7) x 1 0xc6980000
core   0: 0x80004caa (0x2e1bf013) andi    zero, s7, 737
core   0: 3 0x80004caa (0x2e1bf013)
core   0: 0x80004cae (0x00000905) c.addi  s2, 1
core   0: 3 0x80004cae (0x0905) x18 0xfffffffa
core   0: 0x80004cb0 (0x00ce4633) xor     a2, t3, a2
core   0: 3 0x80004cb0 (0x00ce4633) x12 0x80019531
core   0: 0x80004cb4 (0xfe8917e3) bne     s2, s0, pc - 18
core   0: 3 0x80004cb4 (0xfe8917e3)
core   0: 0x80004ca2 (0x0216ac33) mulhsu  s8, a3, ra
core   0: 3 0x80004ca2 (0x0216ac33) x24 0xfffffff9
core   0: 0x80004ca6 (0xc69800b7) lui     ra, 0xc6980
core   0: 3 0x80004ca6 (0xc69800b7) x 1 0xc6980000
core   0: 0x80004caa (0x2e1bf013) andi    zero, s7, 737
core   0: 3 0x80004caa (0x2e1bf013)
core   0: 0x80004cae (0x00000905) c.addi  s2, 1
core   0: 3 0x80004cae (0x0905) x18 0xfffffffb
core   0: 0x80004cb0 (0x00ce4633) xor     a2, t3, a2
core   0: 3 0x80004cb0 (0x00ce4633) x12 0x00000000
core   0: 0x80004cb4 (0xfe8917e3) bne     s2, s0, pc - 18
core   0: 3 0x80004cb4 (0xfe8917e3)
core   0: 0x80004ca2 (0x0216ac33) mulhsu  s8, a3, ra
core   0: 3 0x80004ca2 (0x0216ac33) x24 0xfffffff9
core   0: 0x80004ca6 (0xc69800b7) lui     ra, 0xc6980
core   0: 3 0x80004ca6 (0xc69800b7) x 1 0xc6980000
core   0: 0x80004caa (0x2e1bf013) andi    zero, s7, 737
core   0: 3 0x80004caa (0x2e1bf013)
core   0: 0x80004cae (0x00000905) c.addi  s2, 1
core   0: 3 0x80004cae (0x0905) x18 0xfffffffc
core   0: 0x80004cb0 (0x00ce4633) xor     a2, t3, a2
core   0: 3 0x80004cb0 (0x00ce4633) x12 0x80019531
core   0: 0x80004cb4 (0xfe8917e3) bne     s2, s0, pc - 18
core   0: 3 0x80004cb4 (0xfe8917e3)
core   0: 0x80004ca2 (0x0216ac33) mulhsu  s8, a3, ra
core   0: 3 0x80004ca2 (0x0216ac33) x24 0xfffffff9
core   0: 0x80004ca6 (0xc69800b7) lui     ra, 0xc6980
core   0: 3 0x80004ca6 (0xc69800b7) x 1 0xc6980000
core   0: 0x80004caa (0x2e1bf013) andi    zero, s7, 737
core   0: 3 0x80004caa (0x2e1bf013)
core   0: 0x80004cae (0x00000905) c.addi  s2, 1
core   0: 3 0x80004cae (0x0905) x18 0xfffffffd
core   0: 0x80004cb0 (0x00ce4633) xor     a2, t3, a2
core   0: 3 0x80004cb0 (0x00ce4633) x12 0x00000000
core   0: 0x80004cb4 (0xfe8917e3) bne     s2, s0, pc - 18
core   0: 3 0x80004cb4 (0xfe8917e3)
core   0: 0x80004ca2 (0x0216ac33) mulhsu  s8, a3, ra
core   0: 3 0x80004ca2 (0x0216ac33) x24 0xfffffff9
core   0: 0x80004ca6 (0xc69800b7) lui     ra, 0xc6980
core   0: 3 0x80004ca6 (0xc69800b7) x 1 0xc6980000
core   0: 0x80004caa (0x2e1bf013) andi    zero, s7, 737
core   0: 3 0x80004caa (0x2e1bf013)
core   0: 0x80004cae (0x00000905) c.addi  s2, 1
core   0: 3 0x80004cae (0x0905) x18 0xfffffffe
core   0: 0x80004cb0 (0x00ce4633) xor     a2, t3, a2
core   0: 3 0x80004cb0 (0x00ce4633) x12 0x80019531
core   0: 0x80004cb4 (0xfe8917e3) bne     s2, s0, pc - 18
core   0: 3 0x80004cb4 (0xfe8917e3)
core   0: 0x80004ca2 (0x0216ac33) mulhsu  s8, a3, ra
core   0: 3 0x80004ca2 (0x0216ac33) x24 0xfffffff9
core   0: 0x80004ca6 (0xc69800b7) lui     ra, 0xc6980
core   0: 3 0x80004ca6 (0xc69800b7) x 1 0xc6980000
core   0: 0x80004caa (0x2e1bf013) andi    zero, s7, 737
core   0: 3 0x80004caa (0x2e1bf013)
core   0: 0x80004cae (0x00000905) c.addi  s2, 1
core   0: 3 0x80004cae (0x0905) x18 0xffffffff
core   0: 0x80004cb0 (0x00ce4633) xor     a2, t3, a2
core   0: 3 0x80004cb0 (0x00ce4633) x12 0x00000000
core   0: 0x80004cb4 (0xfe8917e3) bne     s2, s0, pc - 18
core   0: 3 0x80004cb4 (0xfe8917e3)
core   0: 0x80004ca2 (0x0216ac33) mulhsu  s8, a3, ra
core   0: 3 0x80004ca2 (0x0216ac33) x24 0xfffffff9
core   0: 0x80004ca6 (0xc69800b7) lui     ra, 0xc6980
core   0: 3 0x80004ca6 (0xc69800b7) x 1 0xc6980000
core   0: 0x80004caa (0x2e1bf013) andi    zero, s7, 737
core   0: 3 0x80004caa (0x2e1bf013)
core   0: 0x80004cae (0x00000905) c.addi  s2, 1
core   0: 3 0x80004cae (0x0905) x18 0x00000000
core   0: 0x80004cb0 (0x00ce4633) xor     a2, t3, a2
core   0: 3 0x80004cb0 (0x00ce4633) x12 0x80019531
core   0: 0x80004cb4 (0xfe8917e3) bne     s2, s0, pc - 18
core   0: 3 0x80004cb4 (0xfe8917e3)
core   0: 0x80004ca2 (0x0216ac33) mulhsu  s8, a3, ra
core   0: 3 0x80004ca2 (0x0216ac33) x24 0xfffffff9
core   0: 0x80004ca6 (0xc69800b7) lui     ra, 0xc6980
core   0: 3 0x80004ca6 (0xc69800b7) x 1 0xc6980000
core   0: 0x80004caa (0x2e1bf013) andi    zero, s7, 737
core   0: 3 0x80004caa (0x2e1bf013)
core   0: 0x80004cae (0x00000905) c.addi  s2, 1
core   0: 3 0x80004cae (0x0905) x18 0x00000001
core   0: 0x80004cb0 (0x00ce4633) xor     a2, t3, a2
core   0: 3 0x80004cb0 (0x00ce4633) x12 0x00000000
core   0: 0x80004cb4 (0xfe8917e3) bne     s2, s0, pc - 18
core   0: 3 0x80004cb4 (0xfe8917e3)
core   0: 0x80004ca2 (0x0216ac33) mulhsu  s8, a3, ra
core   0: 3 0x80004ca2 (0x0216ac33) x24 0xfffffff9
core   0: 0x80004ca6 (0xc69800b7) lui     ra, 0xc6980
core   0: 3 0x80004ca6 (0xc69800b7) x 1 0xc6980000
core   0: 0x80004caa (0x2e1bf013) andi    zero, s7, 737
core   0: 3 0x80004caa (0x2e1bf013)
core   0: 0x80004cae (0x00000905) c.addi  s2, 1
core   0: 3 0x80004cae (0x0905) x18 0x00000002
core   0: 0x80004cb0 (0x00ce4633) xor     a2, t3, a2
core   0: 3 0x80004cb0 (0x00ce4633) x12 0x80019531
core   0: 0x80004cb4 (0xfe8917e3) bne     s2, s0, pc - 18
core   0: 3 0x80004cb4 (0xfe8917e3)
core   0: 0x80004ca2 (0x0216ac33) mulhsu  s8, a3, ra
core   0: 3 0x80004ca2 (0x0216ac33) x24 0xfffffff9
core   0: 0x80004ca6 (0xc69800b7) lui     ra, 0xc6980
core   0: 3 0x80004ca6 (0xc69800b7) x 1 0xc6980000
core   0: 0x80004caa (0x2e1bf013) andi    zero, s7, 737
core   0: 3 0x80004caa (0x2e1bf013)
core   0: 0x80004cae (0x00000905) c.addi  s2, 1
core   0: 3 0x80004cae (0x0905) x18 0x00000003
core   0: 0x80004cb0 (0x00ce4633) xor     a2, t3, a2
core   0: 3 0x80004cb0 (0x00ce4633) x12 0x00000000
core   0: 0x80004cb4 (0xfe8917e3) bne     s2, s0, pc - 18
core   0: 3 0x80004cb4 (0xfe8917e3)
core   0: 0x80004ca2 (0x0216ac33) mulhsu  s8, a3, ra
core   0: 3 0x80004ca2 (0x0216ac33) x24 0xfffffff9
core   0: 0x80004ca6 (0xc69800b7) lui     ra, 0xc6980
core   0: 3 0x80004ca6 (0xc69800b7) x 1 0xc6980000
core   0: 0x80004caa (0x2e1bf013) andi    zero, s7, 737
core   0: 3 0x80004caa (0x2e1bf013)
core   0: 0x80004cae (0x00000905) c.addi  s2, 1
core   0: 3 0x80004cae (0x0905) x18 0x00000004
core   0: 0x80004cb0 (0x00ce4633) xor     a2, t3, a2
core   0: 3 0x80004cb0 (0x00ce4633) x12 0x80019531
core   0: 0x80004cb4 (0xfe8917e3) bne     s2, s0, pc - 18
core   0: 3 0x80004cb4 (0xfe8917e3)
core   0: 0x80004ca2 (0x0216ac33) mulhsu  s8, a3, ra
core   0: 3 0x80004ca2 (0x0216ac33) x24 0xfffffff9
core   0: 0x80004ca6 (0xc69800b7) lui     ra, 0xc6980
core   0: 3 0x80004ca6 (0xc69800b7) x 1 0xc6980000
core   0: 0x80004caa (0x2e1bf013) andi    zero, s7, 737
core   0: 3 0x80004caa (0x2e1bf013)
core   0: 0x80004cae (0x00000905) c.addi  s2, 1
core   0: 3 0x80004cae (0x0905) x18 0x00000005
core   0: 0x80004cb0 (0x00ce4633) xor     a2, t3, a2
core   0: 3 0x80004cb0 (0x00ce4633) x12 0x00000000
core   0: 0x80004cb4 (0xfe8917e3) bne     s2, s0, pc - 18
core   0: 3 0x80004cb4 (0xfe8917e3)
core   0: 0x80004ca2 (0x0216ac33) mulhsu  s8, a3, ra
core   0: 3 0x80004ca2 (0x0216ac33) x24 0xfffffff9
core   0: 0x80004ca6 (0xc69800b7) lui     ra, 0xc6980
core   0: 3 0x80004ca6 (0xc69800b7) x 1 0xc6980000
core   0: 0x80004caa (0x2e1bf013) andi    zero, s7, 737
core   0: 3 0x80004caa (0x2e1bf013)
core   0: 0x80004cae (0x00000905) c.addi  s2, 1
core   0: 3 0x80004cae (0x0905) x18 0x00000006
core   0: 0x80004cb0 (0x00ce4633) xor     a2, t3, a2
core   0: 3 0x80004cb0 (0x00ce4633) x12 0x80019531
core   0: 0x80004cb4 (0xfe8917e3) bne     s2, s0, pc - 18
core   0: 3 0x80004cb4 (0xfe8917e3)
core   0: 0x80004ca2 (0x0216ac33) mulhsu  s8, a3, ra
core   0: 3 0x80004ca2 (0x0216ac33) x24 0xfffffff9
core   0: 0x80004ca6 (0xc69800b7) lui     ra, 0xc6980
core   0: 3 0x80004ca6 (0xc69800b7) x 1 0xc6980000
core   0: 0x80004caa (0x2e1bf013) andi    zero, s7, 737
core   0: 3 0x80004caa (0x2e1bf013)
core   0: 0x80004cae (0x00000905) c.addi  s2, 1
core   0: 3 0x80004cae (0x0905) x18 0x00000007
core   0: 0x80004cb0 (0x00ce4633) xor     a2, t3, a2
core   0: 3 0x80004cb0 (0x00ce4633) x12 0x00000000
core   0: 0x80004cb4 (0xfe8917e3) bne     s2, s0, pc - 18
core   0: 3 0x80004cb4 (0xfe8917e3)
core   0: 0x80004ca2 (0x0216ac33) mulhsu  s8, a3, ra
core   0: 3 0x80004ca2 (0x0216ac33) x24 0xfffffff9
core   0: 0x80004ca6 (0xc69800b7) lui     ra, 0xc6980
core   0: 3 0x80004ca6 (0xc69800b7) x 1 0xc6980000
core   0: 0x80004caa (0x2e1bf013) andi    zero, s7, 737
core   0: 3 0x80004caa (0x2e1bf013)
core   0: 0x80004cae (0x00000905) c.addi  s2, 1
core   0: 3 0x80004cae (0x0905) x18 0x00000008
core   0: 0x80004cb0 (0x00ce4633) xor     a2, t3, a2
core   0: 3 0x80004cb0 (0x00ce4633) x12 0x80019531
core   0: 0x80004cb4 (0xfe8917e3) bne     s2, s0, pc - 18
core   0: 3 0x80004cb4 (0xfe8917e3)
core   0: 0x80004ca2 (0x0216ac33) mulhsu  s8, a3, ra
core   0: 3 0x80004ca2 (0x0216ac33) x24 0xfffffff9
core   0: 0x80004ca6 (0xc69800b7) lui     ra, 0xc6980
core   0: 3 0x80004ca6 (0xc69800b7) x 1 0xc6980000
core   0: 0x80004caa (0x2e1bf013) andi    zero, s7, 737
core   0: 3 0x80004caa (0x2e1bf013)
core   0: 0x80004cae (0x00000905) c.addi  s2, 1
core   0: 3 0x80004cae (0x0905) x18 0x00000009
core   0: 0x80004cb0 (0x00ce4633) xor     a2, t3, a2
core   0: 3 0x80004cb0 (0x00ce4633) x12 0x00000000
core   0: 0x80004cb4 (0xfe8917e3) bne     s2, s0, pc - 18
core   0: 3 0x80004cb4 (0xfe8917e3)
core   0: 0x80004ca2 (0x0216ac33) mulhsu  s8, a3, ra
core   0: 3 0x80004ca2 (0x0216ac33) x24 0xfffffff9
core   0: 0x80004ca6 (0xc69800b7) lui     ra, 0xc6980
core   0: 3 0x80004ca6 (0xc69800b7) x 1 0xc6980000
core   0: 0x80004caa (0x2e1bf013) andi    zero, s7, 737
core   0: 3 0x80004caa (0x2e1bf013)
core   0: 0x80004cae (0x00000905) c.addi  s2, 1
core   0: 3 0x80004cae (0x0905) x18 0x0000000a
core   0: 0x80004cb0 (0x00ce4633) xor     a2, t3, a2
core   0: 3 0x80004cb0 (0x00ce4633) x12 0x80019531
core   0: 0x80004cb4 (0xfe8917e3) bne     s2, s0, pc - 18
core   0: 3 0x80004cb4 (0xfe8917e3)
core   0: 0x80004ca2 (0x0216ac33) mulhsu  s8, a3, ra
core   0: 3 0x80004ca2 (0x0216ac33) x24 0xfffffff9
core   0: 0x80004ca6 (0xc69800b7) lui     ra, 0xc6980
core   0: 3 0x80004ca6 (0xc69800b7) x 1 0xc6980000
core   0: 0x80004caa (0x2e1bf013) andi    zero, s7, 737
core   0: 3 0x80004caa (0x2e1bf013)
core   0: 0x80004cae (0x00000905) c.addi  s2, 1
core   0: 3 0x80004cae (0x0905) x18 0x0000000b
core   0: 0x80004cb0 (0x00ce4633) xor     a2, t3, a2
core   0: 3 0x80004cb0 (0x00ce4633) x12 0x00000000
core   0: 0x80004cb4 (0xfe8917e3) bne     s2, s0, pc - 18
core   0: 3 0x80004cb4 (0xfe8917e3)
core   0: 0x80004ca2 (0x0216ac33) mulhsu  s8, a3, ra
core   0: 3 0x80004ca2 (0x0216ac33) x24 0xfffffff9
core   0: 0x80004ca6 (0xc69800b7) lui     ra, 0xc6980
core   0: 3 0x80004ca6 (0xc69800b7) x 1 0xc6980000
core   0: 0x80004caa (0x2e1bf013) andi    zero, s7, 737
core   0: 3 0x80004caa (0x2e1bf013)
core   0: 0x80004cae (0x00000905) c.addi  s2, 1
core   0: 3 0x80004cae (0x0905) x18 0x0000000c
core   0: 0x80004cb0 (0x00ce4633) xor     a2, t3, a2
core   0: 3 0x80004cb0 (0x00ce4633) x12 0x80019531
core   0: 0x80004cb4 (0xfe8917e3) bne     s2, s0, pc - 18
core   0: 3 0x80004cb4 (0xfe8917e3)
core   0: 0x80004ca2 (0x0216ac33) mulhsu  s8, a3, ra
core   0: 3 0x80004ca2 (0x0216ac33) x24 0xfffffff9
core   0: 0x80004ca6 (0xc69800b7) lui     ra, 0xc6980
core   0: 3 0x80004ca6 (0xc69800b7) x 1 0xc6980000
core   0: 0x80004caa (0x2e1bf013) andi    zero, s7, 737
core   0: 3 0x80004caa (0x2e1bf013)
core   0: 0x80004cae (0x00000905) c.addi  s2, 1
core   0: 3 0x80004cae (0x0905) x18 0x0000000d
core   0: 0x80004cb0 (0x00ce4633) xor     a2, t3, a2
core   0: 3 0x80004cb0 (0x00ce4633) x12 0x00000000
core   0: 0x80004cb4 (0xfe8917e3) bne     s2, s0, pc - 18
core   0: 3 0x80004cb4 (0xfe8917e3)
core   0: 0x80004ca2 (0x0216ac33) mulhsu  s8, a3, ra
core   0: 3 0x80004ca2 (0x0216ac33) x24 0xfffffff9
core   0: 0x80004ca6 (0xc69800b7) lui     ra, 0xc6980
core   0: 3 0x80004ca6 (0xc69800b7) x 1 0xc6980000
core   0: 0x80004caa (0x2e1bf013) andi    zero, s7, 737
core   0: 3 0x80004caa (0x2e1bf013)
core   0: 0x80004cae (0x00000905) c.addi  s2, 1
core   0: 3 0x80004cae (0x0905) x18 0x0000000e
core   0: 0x80004cb0 (0x00ce4633) xor     a2, t3, a2
core   0: 3 0x80004cb0 (0x00ce4633) x12 0x80019531
core   0: 0x80004cb4 (0xfe8917e3) bne     s2, s0, pc - 18
core   0: 3 0x80004cb4 (0xfe8917e3)
core   0: 0x80004ca2 (0x0216ac33) mulhsu  s8, a3, ra
core   0: 3 0x80004ca2 (0x0216ac33) x24 0xfffffff9
core   0: 0x80004ca6 (0xc69800b7) lui     ra, 0xc6980
core   0: 3 0x80004ca6 (0xc69800b7) x 1 0xc6980000
core   0: 0x80004caa (0x2e1bf013) andi    zero, s7, 737
core   0: 3 0x80004caa (0x2e1bf013)
core   0: 0x80004cae (0x00000905) c.addi  s2, 1
core   0: 3 0x80004cae (0x0905) x18 0x0000000f
core   0: 0x80004cb0 (0x00ce4633) xor     a2, t3, a2
core   0: 3 0x80004cb0 (0x00ce4633) x12 0x00000000
core   0: 0x80004cb4 (0xfe8917e3) bne     s2, s0, pc - 18
core   0: 3 0x80004cb4 (0xfe8917e3)
core   0: 0x80004ca2 (0x0216ac33) mulhsu  s8, a3, ra
core   0: 3 0x80004ca2 (0x0216ac33) x24 0xfffffff9
core   0: 0x80004ca6 (0xc69800b7) lui     ra, 0xc6980
core   0: 3 0x80004ca6 (0xc69800b7) x 1 0xc6980000
core   0: 0x80004caa (0x2e1bf013) andi    zero, s7, 737
core   0: 3 0x80004caa (0x2e1bf013)
core   0: 0x80004cae (0x00000905) c.addi  s2, 1
core   0: 3 0x80004cae (0x0905) x18 0x00000010
core   0: 0x80004cb0 (0x00ce4633) xor     a2, t3, a2
core   0: 3 0x80004cb0 (0x00ce4633) x12 0x80019531
core   0: 0x80004cb4 (0xfe8917e3) bne     s2, s0, pc - 18
core   0: 3 0x80004cb4 (0xfe8917e3)
core   0: 0x80004ca2 (0x0216ac33) mulhsu  s8, a3, ra
core   0: 3 0x80004ca2 (0x0216ac33) x24 0xfffffff9
core   0: 0x80004ca6 (0xc69800b7) lui     ra, 0xc6980
core   0: 3 0x80004ca6 (0xc69800b7) x 1 0xc6980000
core   0: 0x80004caa (0x2e1bf013) andi    zero, s7, 737
core   0: 3 0x80004caa (0x2e1bf013)
core   0: 0x80004cae (0x00000905) c.addi  s2, 1
core   0: 3 0x80004cae (0x0905) x18 0x00000011
core   0: 0x80004cb0 (0x00ce4633) xor     a2, t3, a2
core   0: 3 0x80004cb0 (0x00ce4633) x12 0x00000000
core   0: 0x80004cb4 (0xfe8917e3) bne     s2, s0, pc - 18
core   0: 3 0x80004cb4 (0xfe8917e3)
core   0: 0x80004ca2 (0x0216ac33) mulhsu  s8, a3, ra
core   0: 3 0x80004ca2 (0x0216ac33) x24 0xfffffff9
core   0: 0x80004ca6 (0xc69800b7) lui     ra, 0xc6980
core   0: 3 0x80004ca6 (0xc69800b7) x 1 0xc6980000
core   0: 0x80004caa (0x2e1bf013) andi    zero, s7, 737
core   0: 3 0x80004caa (0x2e1bf013)
core   0: 0x80004cae (0x00000905) c.addi  s2, 1
core   0: 3 0x80004cae (0x0905) x18 0x00000012
core   0: 0x80004cb0 (0x00ce4633) xor     a2, t3, a2
core   0: 3 0x80004cb0 (0x00ce4633) x12 0x80019531
core   0: 0x80004cb4 (0xfe8917e3) bne     s2, s0, pc - 18
core   0: 3 0x80004cb4 (0xfe8917e3)
core   0: 0x80004ca2 (0x0216ac33) mulhsu  s8, a3, ra
core   0: 3 0x80004ca2 (0x0216ac33) x24 0xfffffff9
core   0: 0x80004ca6 (0xc69800b7) lui     ra, 0xc6980
core   0: 3 0x80004ca6 (0xc69800b7) x 1 0xc6980000
core   0: 0x80004caa (0x2e1bf013) andi    zero, s7, 737
core   0: 3 0x80004caa (0x2e1bf013)
core   0: 0x80004cae (0x00000905) c.addi  s2, 1
core   0: 3 0x80004cae (0x0905) x18 0x00000013
core   0: 0x80004cb0 (0x00ce4633) xor     a2, t3, a2
core   0: 3 0x80004cb0 (0x00ce4633) x12 0x00000000
core   0: 0x80004cb4 (0xfe8917e3) bne     s2, s0, pc - 18
core   0: 3 0x80004cb4 (0xfe8917e3)
core   0: 0x80004ca2 (0x0216ac33) mulhsu  s8, a3, ra
core   0: 3 0x80004ca2 (0x0216ac33) x24 0xfffffff9
core   0: 0x80004ca6 (0xc69800b7) lui     ra, 0xc6980
core   0: 3 0x80004ca6 (0xc69800b7) x 1 0xc6980000
core   0: 0x80004caa (0x2e1bf013) andi    zero, s7, 737
core   0: 3 0x80004caa (0x2e1bf013)
core   0: 0x80004cae (0x00000905) c.addi  s2, 1
core   0: 3 0x80004cae (0x0905) x18 0x00000014
core   0: 0x80004cb0 (0x00ce4633) xor     a2, t3, a2
core   0: 3 0x80004cb0 (0x00ce4633) x12 0x80019531
core   0: 0x80004cb4 (0xfe8917e3) bne     s2, s0, pc - 18
core   0: 3 0x80004cb4 (0xfe8917e3)
core   0: 0x80004cb8 (0x000001b1) c.addi  gp, 12
core   0: 3 0x80004cb8 (0x01b1) x 3 0xffffffcc
core   0: 0x80004cba (0xfd5852e3) bge     a6, s5, pc - 60
core   0: 3 0x80004cba (0xfd5852e3)
core   0: 0x80004cbe (0x000080c1) c.srli  s1, 16
core   0: 3 0x80004cbe (0x80c1) x 9 0x00000000
core   0: 0x80004cc0 (0xff900493) li      s1, -7
core   0: 3 0x80004cc0 (0xff900493) x 9 0xfffffff9
core   0: 0x80004cc4 (0x0000717d) c.addi16sp sp, -16
core   0: 3 0x80004cc4 (0x717d) x 2 0x80015ff7
core   0: 0x80004cc6 (0x00000001) c.nop
core   0: 3 0x80004cc6 (0x0001)
core   0: 0x80004cc8 (0x000081f1) c.srli  a1, 28
core   0: 3 0x80004cc8 (0x81f1) x11 0x00000000
core   0: 0x80004cca (0x013e5fb3) srl     t6, t3, s3
core   0: 3 0x80004cca (0x013e5fb3) x31 0x00800195
core   0: 0x80004cce (0x41f903b3) sub     t2, s2, t6
core   0: 3 0x80004cce (0x41f903b3) x 7 0xff7ffe7f
core   0: 0x80004cd2 (0x0196e3b3) or      t2, a3, s9
core   0: 3 0x80004cd2 (0x0196e3b3) x 7 0xfffffff7
core   0: 0x80004cd6 (0x0257dab3) divu    s5, a5, t0
core   0: 3 0x80004cd6 (0x0257dab3) x21 0x00000000
core   0: 0x80004cda (0x00000485) c.addi  s1, 1
core   0: 3 0x80004cda (0x0485) x 9 0xfffffffa
core   0: 0x80004cdc (0x414e0233) sub     tp, t3, s4
core   0: 3 0x80004cdc (0x414e0233) x 4 0x80019531
core   0: 0x80004ce0 (0xffe00193) li      gp, -2
core   0: 3 0x80004ce0 (0xffe00193) x 3 0xfffffffe
core   0: 0x80004ce4 (0x29e62a93) slti    s5, a2, 670
core   0: 3 0x80004ce4 (0x29e62a93) x21 0x00000001
core   0: 0x80004ce8 (0x00900b93) li      s7, 9
core   0: 3 0x80004ce8 (0x00900b93) x23 0x00000009
core   0: 0x80004cec (0x0015b633) sltu    a2, a1, ra
core   0: 3 0x80004cec (0x0015b633) x12 0x00000001
core   0: 0x80004cf0 (0x0000100f) fence.i
core   0: 3 0x80004cf0 (0x0000100f)
core   0: 0x80004cf4 (0x0000158c) c.addi4spn a1, sp, 736
core   0: 3 0x80004cf4 (0x158c) x11 0x800162d7
core   0: 0x80004cf6 (0xc8b52817) auipc   a6, 0xc8b52
core   0: 3 0x80004cf6 (0xc8b52817) x16 0x48b56cf6
core   0: 0x80004cfa (0x00008f65) c.and   a4, s1
core   0: 3 0x80004cfa (0x8f65) x14 0x0000062a
core   0: 0x80004cfc (0x00000001) c.nop
core   0: 3 0x80004cfc (0x0001)
core   0: 0x80004cfe (0x019cf2b3) and     t0, s9, s9
core   0: 3 0x80004cfe (0x019cf2b3) x 5 0x023e0000
core   0: 0x80004d02 (0x0000457d) c.li    a0, 31
core   0: 3 0x80004d02 (0x457d) x10 0x0000001f
core   0: 0x80004d04 (0x0000018d) c.addi  gp, 3
core   0: 3 0x80004d04 (0x018d) x 3 0x00000001
core   0: 0x80004d06 (0xff71cae3) blt     gp, s7, pc - 12
core   0: 3 0x80004d06 (0xff71cae3)
core   0: 0x80004cfa (0x00008f65) c.and   a4, s1
core   0: 3 0x80004cfa (0x8f65) x14 0x0000062a
core   0: 0x80004cfc (0x00000001) c.nop
core   0: 3 0x80004cfc (0x0001)
core   0: 0x80004cfe (0x019cf2b3) and     t0, s9, s9
core   0: 3 0x80004cfe (0x019cf2b3) x 5 0x023e0000
core   0: 0x80004d02 (0x0000457d) c.li    a0, 31
core   0: 3 0x80004d02 (0x457d) x10 0x0000001f
core   0: 0x80004d04 (0x0000018d) c.addi  gp, 3
core   0: 3 0x80004d04 (0x018d) x 3 0x00000004
core   0: 0x80004d06 (0xff71cae3) blt     gp, s7, pc - 12
core   0: 3 0x80004d06 (0xff71cae3)
core   0: 0x80004cfa (0x00008f65) c.and   a4, s1
core   0: 3 0x80004cfa (0x8f65) x14 0x0000062a
core   0: 0x80004cfc (0x00000001) c.nop
core   0: 3 0x80004cfc (0x0001)
core   0: 0x80004cfe (0x019cf2b3) and     t0, s9, s9
core   0: 3 0x80004cfe (0x019cf2b3) x 5 0x023e0000
core   0: 0x80004d02 (0x0000457d) c.li    a0, 31
core   0: 3 0x80004d02 (0x457d) x10 0x0000001f
core   0: 0x80004d04 (0x0000018d) c.addi  gp, 3
core   0: 3 0x80004d04 (0x018d) x 3 0x00000007
core   0: 0x80004d06 (0xff71cae3) blt     gp, s7, pc - 12
core   0: 3 0x80004d06 (0xff71cae3)
core   0: 0x80004cfa (0x00008f65) c.and   a4, s1
core   0: 3 0x80004cfa (0x8f65) x14 0x0000062a
core   0: 0x80004cfc (0x00000001) c.nop
core   0: 3 0x80004cfc (0x0001)
core   0: 0x80004cfe (0x019cf2b3) and     t0, s9, s9
core   0: 3 0x80004cfe (0x019cf2b3) x 5 0x023e0000
core   0: 0x80004d02 (0x0000457d) c.li    a0, 31
core   0: 3 0x80004d02 (0x457d) x10 0x0000001f
core   0: 0x80004d04 (0x0000018d) c.addi  gp, 3
core   0: 3 0x80004d04 (0x018d) x 3 0x0000000a
core   0: 0x80004d06 (0xff71cae3) blt     gp, s7, pc - 12
core   0: 3 0x80004d06 (0xff71cae3)
core   0: 0x80004d0a (0x00f11913) slli    s2, sp, 15
core   0: 3 0x80004d0a (0x00f11913) x18 0xaffb8000
core   0: 0x80004d0e (0x00000ee1) c.addi  t4, 24
core   0: 3 0x80004d0e (0x0ee1) x29 0x00000018
core   0: 0x80004d10 (0x03b34433) div     s0, t1, s11
core   0: 3 0x80004d10 (0x03b34433) x 8 0x00000000
core   0: 0x80004d14 (0x024ea833) mulhsu  a6, t4, tp
core   0: 3 0x80004d14 (0x024ea833) x16 0x0000000c
core   0: 0x80004d18 (0x0000fcdd) c.bnez  s1, pc - 66
core   0: 3 0x80004d18 (0xfcdd)
core   0: 0x80004cd6 (0x0257dab3) divu    s5, a5, t0
core   0: 3 0x80004cd6 (0x0257dab3) x21 0x00000000
core   0: 0x80004cda (0x00000485) c.addi  s1, 1
core   0: 3 0x80004cda (0x0485) x 9 0xfffffffb
core   0: 0x80004cdc (0x414e0233) sub     tp, t3, s4
core   0: 3 0x80004cdc (0x414e0233) x 4 0x80019531
core   0: 0x80004ce0 (0xffe00193) li      gp, -2
core   0: 3 0x80004ce0 (0xffe00193) x 3 0xfffffffe
core   0: 0x80004ce4 (0x29e62a93) slti    s5, a2, 670
core   0: 3 0x80004ce4 (0x29e62a93) x21 0x00000001
core   0: 0x80004ce8 (0x00900b93) li      s7, 9
core   0: 3 0x80004ce8 (0x00900b93) x23 0x00000009
core   0: 0x80004cec (0x0015b633) sltu    a2, a1, ra
core   0: 3 0x80004cec (0x0015b633) x12 0x00000001
core   0: 0x80004cf0 (0x0000100f) fence.i
core   0: 3 0x80004cf0 (0x0000100f)
core   0: 0x80004cf4 (0x0000158c) c.addi4spn a1, sp, 736
core   0: 3 0x80004cf4 (0x158c) x11 0x800162d7
core   0: 0x80004cf6 (0xc8b52817) auipc   a6, 0xc8b52
core   0: 3 0x80004cf6 (0xc8b52817) x16 0x48b56cf6
core   0: 0x80004cfa (0x00008f65) c.and   a4, s1
core   0: 3 0x80004cfa (0x8f65) x14 0x0000062a
core   0: 0x80004cfc (0x00000001) c.nop
core   0: 3 0x80004cfc (0x0001)
core   0: 0x80004cfe (0x019cf2b3) and     t0, s9, s9
core   0: 3 0x80004cfe (0x019cf2b3) x 5 0x023e0000
core   0: 0x80004d02 (0x0000457d) c.li    a0, 31
core   0: 3 0x80004d02 (0x457d) x10 0x0000001f
core   0: 0x80004d04 (0x0000018d) c.addi  gp, 3
core   0: 3 0x80004d04 (0x018d) x 3 0x00000001
core   0: 0x80004d06 (0xff71cae3) blt     gp, s7, pc - 12
core   0: 3 0x80004d06 (0xff71cae3)
core   0: 0x80004cfa (0x00008f65) c.and   a4, s1
core   0: 3 0x80004cfa (0x8f65) x14 0x0000062a
core   0: 0x80004cfc (0x00000001) c.nop
core   0: 3 0x80004cfc (0x0001)
core   0: 0x80004cfe (0x019cf2b3) and     t0, s9, s9
core   0: 3 0x80004cfe (0x019cf2b3) x 5 0x023e0000
core   0: 0x80004d02 (0x0000457d) c.li    a0, 31
core   0: 3 0x80004d02 (0x457d) x10 0x0000001f
core   0: 0x80004d04 (0x0000018d) c.addi  gp, 3
core   0: 3 0x80004d04 (0x018d) x 3 0x00000004
core   0: 0x80004d06 (0xff71cae3) blt     gp, s7, pc - 12
core   0: 3 0x80004d06 (0xff71cae3)
core   0: 0x80004cfa (0x00008f65) c.and   a4, s1
core   0: 3 0x80004cfa (0x8f65) x14 0x0000062a
core   0: 0x80004cfc (0x00000001) c.nop
core   0: 3 0x80004cfc (0x0001)
core   0: 0x80004cfe (0x019cf2b3) and     t0, s9, s9
core   0: 3 0x80004cfe (0x019cf2b3) x 5 0x023e0000
core   0: 0x80004d02 (0x0000457d) c.li    a0, 31
core   0: 3 0x80004d02 (0x457d) x10 0x0000001f
core   0: 0x80004d04 (0x0000018d) c.addi  gp, 3
core   0: 3 0x80004d04 (0x018d) x 3 0x00000007
core   0: 0x80004d06 (0xff71cae3) blt     gp, s7, pc - 12
core   0: 3 0x80004d06 (0xff71cae3)
core   0: 0x80004cfa (0x00008f65) c.and   a4, s1
core   0: 3 0x80004cfa (0x8f65) x14 0x0000062a
core   0: 0x80004cfc (0x00000001) c.nop
core   0: 3 0x80004cfc (0x0001)
core   0: 0x80004cfe (0x019cf2b3) and     t0, s9, s9
core   0: 3 0x80004cfe (0x019cf2b3) x 5 0x023e0000
core   0: 0x80004d02 (0x0000457d) c.li    a0, 31
core   0: 3 0x80004d02 (0x457d) x10 0x0000001f
core   0: 0x80004d04 (0x0000018d) c.addi  gp, 3
core   0: 3 0x80004d04 (0x018d) x 3 0x0000000a
core   0: 0x80004d06 (0xff71cae3) blt     gp, s7, pc - 12
core   0: 3 0x80004d06 (0xff71cae3)
core   0: 0x80004d0a (0x00f11913) slli    s2, sp, 15
core   0: 3 0x80004d0a (0x00f11913) x18 0xaffb8000
core   0: 0x80004d0e (0x00000ee1) c.addi  t4, 24
core   0: 3 0x80004d0e (0x0ee1) x29 0x00000030
core   0: 0x80004d10 (0x03b34433) div     s0, t1, s11
core   0: 3 0x80004d10 (0x03b34433) x 8 0x00000000
core   0: 0x80004d14 (0x024ea833) mulhsu  a6, t4, tp
core   0: 3 0x80004d14 (0x024ea833) x16 0x00000018
core   0: 0x80004d18 (0x0000fcdd) c.bnez  s1, pc - 66
core   0: 3 0x80004d18 (0xfcdd)
core   0: 0x80004cd6 (0x0257dab3) divu    s5, a5, t0
core   0: 3 0x80004cd6 (0x0257dab3) x21 0x00000000
core   0: 0x80004cda (0x00000485) c.addi  s1, 1
core   0: 3 0x80004cda (0x0485) x 9 0xfffffffc
core   0: 0x80004cdc (0x414e0233) sub     tp, t3, s4
core   0: 3 0x80004cdc (0x414e0233) x 4 0x80019531
core   0: 0x80004ce0 (0xffe00193) li      gp, -2
core   0: 3 0x80004ce0 (0xffe00193) x 3 0xfffffffe
core   0: 0x80004ce4 (0x29e62a93) slti    s5, a2, 670
core   0: 3 0x80004ce4 (0x29e62a93) x21 0x00000001
core   0: 0x80004ce8 (0x00900b93) li      s7, 9
core   0: 3 0x80004ce8 (0x00900b93) x23 0x00000009
core   0: 0x80004cec (0x0015b633) sltu    a2, a1, ra
core   0: 3 0x80004cec (0x0015b633) x12 0x00000001
core   0: 0x80004cf0 (0x0000100f) fence.i
core   0: 3 0x80004cf0 (0x0000100f)
core   0: 0x80004cf4 (0x0000158c) c.addi4spn a1, sp, 736
core   0: 3 0x80004cf4 (0x158c) x11 0x800162d7
core   0: 0x80004cf6 (0xc8b52817) auipc   a6, 0xc8b52
core   0: 3 0x80004cf6 (0xc8b52817) x16 0x48b56cf6
core   0: 0x80004cfa (0x00008f65) c.and   a4, s1
core   0: 3 0x80004cfa (0x8f65) x14 0x00000628
core   0: 0x80004cfc (0x00000001) c.nop
core   0: 3 0x80004cfc (0x0001)
core   0: 0x80004cfe (0x019cf2b3) and     t0, s9, s9
core   0: 3 0x80004cfe (0x019cf2b3) x 5 0x023e0000
core   0: 0x80004d02 (0x0000457d) c.li    a0, 31
core   0: 3 0x80004d02 (0x457d) x10 0x0000001f
core   0: 0x80004d04 (0x0000018d) c.addi  gp, 3
core   0: 3 0x80004d04 (0x018d) x 3 0x00000001
core   0: 0x80004d06 (0xff71cae3) blt     gp, s7, pc - 12
core   0: 3 0x80004d06 (0xff71cae3)
core   0: 0x80004cfa (0x00008f65) c.and   a4, s1
core   0: 3 0x80004cfa (0x8f65) x14 0x00000628
core   0: 0x80004cfc (0x00000001) c.nop
core   0: 3 0x80004cfc (0x0001)
core   0: 0x80004cfe (0x019cf2b3) and     t0, s9, s9
core   0: 3 0x80004cfe (0x019cf2b3) x 5 0x023e0000
core   0: 0x80004d02 (0x0000457d) c.li    a0, 31
core   0: 3 0x80004d02 (0x457d) x10 0x0000001f
core   0: 0x80004d04 (0x0000018d) c.addi  gp, 3
core   0: 3 0x80004d04 (0x018d) x 3 0x00000004
core   0: 0x80004d06 (0xff71cae3) blt     gp, s7, pc - 12
core   0: 3 0x80004d06 (0xff71cae3)
core   0: 0x80004cfa (0x00008f65) c.and   a4, s1
core   0: 3 0x80004cfa (0x8f65) x14 0x00000628
core   0: 0x80004cfc (0x00000001) c.nop
core   0: 3 0x80004cfc (0x0001)
core   0: 0x80004cfe (0x019cf2b3) and     t0, s9, s9
core   0: 3 0x80004cfe (0x019cf2b3) x 5 0x023e0000
core   0: 0x80004d02 (0x0000457d) c.li    a0, 31
core   0: 3 0x80004d02 (0x457d) x10 0x0000001f
core   0: 0x80004d04 (0x0000018d) c.addi  gp, 3
core   0: 3 0x80004d04 (0x018d) x 3 0x00000007
core   0: 0x80004d06 (0xff71cae3) blt     gp, s7, pc - 12
core   0: 3 0x80004d06 (0xff71cae3)
core   0: 0x80004cfa (0x00008f65) c.and   a4, s1
core   0: 3 0x80004cfa (0x8f65) x14 0x00000628
core   0: 0x80004cfc (0x00000001) c.nop
core   0: 3 0x80004cfc (0x0001)
core   0: 0x80004cfe (0x019cf2b3) and     t0, s9, s9
core   0: 3 0x80004cfe (0x019cf2b3) x 5 0x023e0000
core   0: 0x80004d02 (0x0000457d) c.li    a0, 31
core   0: 3 0x80004d02 (0x457d) x10 0x0000001f
core   0: 0x80004d04 (0x0000018d) c.addi  gp, 3
core   0: 3 0x80004d04 (0x018d) x 3 0x0000000a
core   0: 0x80004d06 (0xff71cae3) blt     gp, s7, pc - 12
core   0: 3 0x80004d06 (0xff71cae3)
core   0: 0x80004d0a (0x00f11913) slli    s2, sp, 15
core   0: 3 0x80004d0a (0x00f11913) x18 0xaffb8000
core   0: 0x80004d0e (0x00000ee1) c.addi  t4, 24
core   0: 3 0x80004d0e (0x0ee1) x29 0x00000048
core   0: 0x80004d10 (0x03b34433) div     s0, t1, s11
core   0: 3 0x80004d10 (0x03b34433) x 8 0x00000000
core   0: 0x80004d14 (0x024ea833) mulhsu  a6, t4, tp
core   0: 3 0x80004d14 (0x024ea833) x16 0x00000024
core   0: 0x80004d18 (0x0000fcdd) c.bnez  s1, pc - 66
core   0: 3 0x80004d18 (0xfcdd)
core   0: 0x80004cd6 (0x0257dab3) divu    s5, a5, t0
core   0: 3 0x80004cd6 (0x0257dab3) x21 0x00000000
core   0: 0x80004cda (0x00000485) c.addi  s1, 1
core   0: 3 0x80004cda (0x0485) x 9 0xfffffffd
core   0: 0x80004cdc (0x414e0233) sub     tp, t3, s4
core   0: 3 0x80004cdc (0x414e0233) x 4 0x80019531
core   0: 0x80004ce0 (0xffe00193) li      gp, -2
core   0: 3 0x80004ce0 (0xffe00193) x 3 0xfffffffe
core   0: 0x80004ce4 (0x29e62a93) slti    s5, a2, 670
core   0: 3 0x80004ce4 (0x29e62a93) x21 0x00000001
core   0: 0x80004ce8 (0x00900b93) li      s7, 9
core   0: 3 0x80004ce8 (0x00900b93) x23 0x00000009
core   0: 0x80004cec (0x0015b633) sltu    a2, a1, ra
core   0: 3 0x80004cec (0x0015b633) x12 0x00000001
core   0: 0x80004cf0 (0x0000100f) fence.i
core   0: 3 0x80004cf0 (0x0000100f)
core   0: 0x80004cf4 (0x0000158c) c.addi4spn a1, sp, 736
core   0: 3 0x80004cf4 (0x158c) x11 0x800162d7
core   0: 0x80004cf6 (0xc8b52817) auipc   a6, 0xc8b52
core   0: 3 0x80004cf6 (0xc8b52817) x16 0x48b56cf6
core   0: 0x80004cfa (0x00008f65) c.and   a4, s1
core   0: 3 0x80004cfa (0x8f65) x14 0x00000628
core   0: 0x80004cfc (0x00000001) c.nop
core   0: 3 0x80004cfc (0x0001)
core   0: 0x80004cfe (0x019cf2b3) and     t0, s9, s9
core   0: 3 0x80004cfe (0x019cf2b3) x 5 0x023e0000
core   0: 0x80004d02 (0x0000457d) c.li    a0, 31
core   0: 3 0x80004d02 (0x457d) x10 0x0000001f
core   0: 0x80004d04 (0x0000018d) c.addi  gp, 3
core   0: 3 0x80004d04 (0x018d) x 3 0x00000001
core   0: 0x80004d06 (0xff71cae3) blt     gp, s7, pc - 12
core   0: 3 0x80004d06 (0xff71cae3)
core   0: 0x80004cfa (0x00008f65) c.and   a4, s1
core   0: 3 0x80004cfa (0x8f65) x14 0x00000628
core   0: 0x80004cfc (0x00000001) c.nop
core   0: 3 0x80004cfc (0x0001)
core   0: 0x80004cfe (0x019cf2b3) and     t0, s9, s9
core   0: 3 0x80004cfe (0x019cf2b3) x 5 0x023e0000
core   0: 0x80004d02 (0x0000457d) c.li    a0, 31
core   0: 3 0x80004d02 (0x457d) x10 0x0000001f
core   0: 0x80004d04 (0x0000018d) c.addi  gp, 3
core   0: 3 0x80004d04 (0x018d) x 3 0x00000004
core   0: 0x80004d06 (0xff71cae3) blt     gp, s7, pc - 12
core   0: 3 0x80004d06 (0xff71cae3)
core   0: 0x80004cfa (0x00008f65) c.and   a4, s1
core   0: 3 0x80004cfa (0x8f65) x14 0x00000628
core   0: 0x80004cfc (0x00000001) c.nop
core   0: 3 0x80004cfc (0x0001)
core   0: 0x80004cfe (0x019cf2b3) and     t0, s9, s9
core   0: 3 0x80004cfe (0x019cf2b3) x 5 0x023e0000
core   0: 0x80004d02 (0x0000457d) c.li    a0, 31
core   0: 3 0x80004d02 (0x457d) x10 0x0000001f
core   0: 0x80004d04 (0x0000018d) c.addi  gp, 3
core   0: 3 0x80004d04 (0x018d) x 3 0x00000007
core   0: 0x80004d06 (0xff71cae3) blt     gp, s7, pc - 12
core   0: 3 0x80004d06 (0xff71cae3)
core   0: 0x80004cfa (0x00008f65) c.and   a4, s1
core   0: 3 0x80004cfa (0x8f65) x14 0x00000628
core   0: 0x80004cfc (0x00000001) c.nop
core   0: 3 0x80004cfc (0x0001)
core   0: 0x80004cfe (0x019cf2b3) and     t0, s9, s9
core   0: 3 0x80004cfe (0x019cf2b3) x 5 0x023e0000
core   0: 0x80004d02 (0x0000457d) c.li    a0, 31
core   0: 3 0x80004d02 (0x457d) x10 0x0000001f
core   0: 0x80004d04 (0x0000018d) c.addi  gp, 3
core   0: 3 0x80004d04 (0x018d) x 3 0x0000000a
core   0: 0x80004d06 (0xff71cae3) blt     gp, s7, pc - 12
core   0: 3 0x80004d06 (0xff71cae3)
core   0: 0x80004d0a (0x00f11913) slli    s2, sp, 15
core   0: 3 0x80004d0a (0x00f11913) x18 0xaffb8000
core   0: 0x80004d0e (0x00000ee1) c.addi  t4, 24
core   0: 3 0x80004d0e (0x0ee1) x29 0x00000060
core   0: 0x80004d10 (0x03b34433) div     s0, t1, s11
core   0: 3 0x80004d10 (0x03b34433) x 8 0x00000000
core   0: 0x80004d14 (0x024ea833) mulhsu  a6, t4, tp
core   0: 3 0x80004d14 (0x024ea833) x16 0x00000030
core   0: 0x80004d18 (0x0000fcdd) c.bnez  s1, pc - 66
core   0: 3 0x80004d18 (0xfcdd)
core   0: 0x80004cd6 (0x0257dab3) divu    s5, a5, t0
core   0: 3 0x80004cd6 (0x0257dab3) x21 0x00000000
core   0: 0x80004cda (0x00000485) c.addi  s1, 1
core   0: 3 0x80004cda (0x0485) x 9 0xfffffffe
core   0: 0x80004cdc (0x414e0233) sub     tp, t3, s4
core   0: 3 0x80004cdc (0x414e0233) x 4 0x80019531
core   0: 0x80004ce0 (0xffe00193) li      gp, -2
core   0: 3 0x80004ce0 (0xffe00193) x 3 0xfffffffe
core   0: 0x80004ce4 (0x29e62a93) slti    s5, a2, 670
core   0: 3 0x80004ce4 (0x29e62a93) x21 0x00000001
core   0: 0x80004ce8 (0x00900b93) li      s7, 9
core   0: 3 0x80004ce8 (0x00900b93) x23 0x00000009
core   0: 0x80004cec (0x0015b633) sltu    a2, a1, ra
core   0: 3 0x80004cec (0x0015b633) x12 0x00000001
core   0: 0x80004cf0 (0x0000100f) fence.i
core   0: 3 0x80004cf0 (0x0000100f)
core   0: 0x80004cf4 (0x0000158c) c.addi4spn a1, sp, 736
core   0: 3 0x80004cf4 (0x158c) x11 0x800162d7
core   0: 0x80004cf6 (0xc8b52817) auipc   a6, 0xc8b52
core   0: 3 0x80004cf6 (0xc8b52817) x16 0x48b56cf6
core   0: 0x80004cfa (0x00008f65) c.and   a4, s1
core   0: 3 0x80004cfa (0x8f65) x14 0x00000628
core   0: 0x80004cfc (0x00000001) c.nop
core   0: 3 0x80004cfc (0x0001)
core   0: 0x80004cfe (0x019cf2b3) and     t0, s9, s9
core   0: 3 0x80004cfe (0x019cf2b3) x 5 0x023e0000
core   0: 0x80004d02 (0x0000457d) c.li    a0, 31
core   0: 3 0x80004d02 (0x457d) x10 0x0000001f
core   0: 0x80004d04 (0x0000018d) c.addi  gp, 3
core   0: 3 0x80004d04 (0x018d) x 3 0x00000001
core   0: 0x80004d06 (0xff71cae3) blt     gp, s7, pc - 12
core   0: 3 0x80004d06 (0xff71cae3)
core   0: 0x80004cfa (0x00008f65) c.and   a4, s1
core   0: 3 0x80004cfa (0x8f65) x14 0x00000628
core   0: 0x80004cfc (0x00000001) c.nop
core   0: 3 0x80004cfc (0x0001)
core   0: 0x80004cfe (0x019cf2b3) and     t0, s9, s9
core   0: 3 0x80004cfe (0x019cf2b3) x 5 0x023e0000
core   0: 0x80004d02 (0x0000457d) c.li    a0, 31
core   0: 3 0x80004d02 (0x457d) x10 0x0000001f
core   0: 0x80004d04 (0x0000018d) c.addi  gp, 3
core   0: 3 0x80004d04 (0x018d) x 3 0x00000004
core   0: 0x80004d06 (0xff71cae3) blt     gp, s7, pc - 12
core   0: 3 0x80004d06 (0xff71cae3)
core   0: 0x80004cfa (0x00008f65) c.and   a4, s1
core   0: 3 0x80004cfa (0x8f65) x14 0x00000628
core   0: 0x80004cfc (0x00000001) c.nop
core   0: 3 0x80004cfc (0x0001)
core   0: 0x80004cfe (0x019cf2b3) and     t0, s9, s9
core   0: 3 0x80004cfe (0x019cf2b3) x 5 0x023e0000
core   0: 0x80004d02 (0x0000457d) c.li    a0, 31
core   0: 3 0x80004d02 (0x457d) x10 0x0000001f
core   0: 0x80004d04 (0x0000018d) c.addi  gp, 3
core   0: 3 0x80004d04 (0x018d) x 3 0x00000007
core   0: 0x80004d06 (0xff71cae3) blt     gp, s7, pc - 12
core   0: 3 0x80004d06 (0xff71cae3)
core   0: 0x80004cfa (0x00008f65) c.and   a4, s1
core   0: 3 0x80004cfa (0x8f65) x14 0x00000628
core   0: 0x80004cfc (0x00000001) c.nop
core   0: 3 0x80004cfc (0x0001)
core   0: 0x80004cfe (0x019cf2b3) and     t0, s9, s9
core   0: 3 0x80004cfe (0x019cf2b3) x 5 0x023e0000
core   0: 0x80004d02 (0x0000457d) c.li    a0, 31
core   0: 3 0x80004d02 (0x457d) x10 0x0000001f
core   0: 0x80004d04 (0x0000018d) c.addi  gp, 3
core   0: 3 0x80004d04 (0x018d) x 3 0x0000000a
core   0: 0x80004d06 (0xff71cae3) blt     gp, s7, pc - 12
core   0: 3 0x80004d06 (0xff71cae3)
core   0: 0x80004d0a (0x00f11913) slli    s2, sp, 15
core   0: 3 0x80004d0a (0x00f11913) x18 0xaffb8000
core   0: 0x80004d0e (0x00000ee1) c.addi  t4, 24
core   0: 3 0x80004d0e (0x0ee1) x29 0x00000078
core   0: 0x80004d10 (0x03b34433) div     s0, t1, s11
core   0: 3 0x80004d10 (0x03b34433) x 8 0x00000000
core   0: 0x80004d14 (0x024ea833) mulhsu  a6, t4, tp
core   0: 3 0x80004d14 (0x024ea833) x16 0x0000003c
core   0: 0x80004d18 (0x0000fcdd) c.bnez  s1, pc - 66
core   0: 3 0x80004d18 (0xfcdd)
core   0: 0x80004cd6 (0x0257dab3) divu    s5, a5, t0
core   0: 3 0x80004cd6 (0x0257dab3) x21 0x00000000
core   0: 0x80004cda (0x00000485) c.addi  s1, 1
core   0: 3 0x80004cda (0x0485) x 9 0xffffffff
core   0: 0x80004cdc (0x414e0233) sub     tp, t3, s4
core   0: 3 0x80004cdc (0x414e0233) x 4 0x80019531
core   0: 0x80004ce0 (0xffe00193) li      gp, -2
core   0: 3 0x80004ce0 (0xffe00193) x 3 0xfffffffe
core   0: 0x80004ce4 (0x29e62a93) slti    s5, a2, 670
core   0: 3 0x80004ce4 (0x29e62a93) x21 0x00000001
core   0: 0x80004ce8 (0x00900b93) li      s7, 9
core   0: 3 0x80004ce8 (0x00900b93) x23 0x00000009
core   0: 0x80004cec (0x0015b633) sltu    a2, a1, ra
core   0: 3 0x80004cec (0x0015b633) x12 0x00000001
core   0: 0x80004cf0 (0x0000100f) fence.i
core   0: 3 0x80004cf0 (0x0000100f)
core   0: 0x80004cf4 (0x0000158c) c.addi4spn a1, sp, 736
core   0: 3 0x80004cf4 (0x158c) x11 0x800162d7
core   0: 0x80004cf6 (0xc8b52817) auipc   a6, 0xc8b52
core   0: 3 0x80004cf6 (0xc8b52817) x16 0x48b56cf6
core   0: 0x80004cfa (0x00008f65) c.and   a4, s1
core   0: 3 0x80004cfa (0x8f65) x14 0x00000628
core   0: 0x80004cfc (0x00000001) c.nop
core   0: 3 0x80004cfc (0x0001)
core   0: 0x80004cfe (0x019cf2b3) and     t0, s9, s9
core   0: 3 0x80004cfe (0x019cf2b3) x 5 0x023e0000
core   0: 0x80004d02 (0x0000457d) c.li    a0, 31
core   0: 3 0x80004d02 (0x457d) x10 0x0000001f
core   0: 0x80004d04 (0x0000018d) c.addi  gp, 3
core   0: 3 0x80004d04 (0x018d) x 3 0x00000001
core   0: 0x80004d06 (0xff71cae3) blt     gp, s7, pc - 12
core   0: 3 0x80004d06 (0xff71cae3)
core   0: 0x80004cfa (0x00008f65) c.and   a4, s1
core   0: 3 0x80004cfa (0x8f65) x14 0x00000628
core   0: 0x80004cfc (0x00000001) c.nop
core   0: 3 0x80004cfc (0x0001)
core   0: 0x80004cfe (0x019cf2b3) and     t0, s9, s9
core   0: 3 0x80004cfe (0x019cf2b3) x 5 0x023e0000
core   0: 0x80004d02 (0x0000457d) c.li    a0, 31
core   0: 3 0x80004d02 (0x457d) x10 0x0000001f
core   0: 0x80004d04 (0x0000018d) c.addi  gp, 3
core   0: 3 0x80004d04 (0x018d) x 3 0x00000004
core   0: 0x80004d06 (0xff71cae3) blt     gp, s7, pc - 12
core   0: 3 0x80004d06 (0xff71cae3)
core   0: 0x80004cfa (0x00008f65) c.and   a4, s1
core   0: 3 0x80004cfa (0x8f65) x14 0x00000628
core   0: 0x80004cfc (0x00000001) c.nop
core   0: 3 0x80004cfc (0x0001)
core   0: 0x80004cfe (0x019cf2b3) and     t0, s9, s9
core   0: 3 0x80004cfe (0x019cf2b3) x 5 0x023e0000
core   0: 0x80004d02 (0x0000457d) c.li    a0, 31
core   0: 3 0x80004d02 (0x457d) x10 0x0000001f
core   0: 0x80004d04 (0x0000018d) c.addi  gp, 3
core   0: 3 0x80004d04 (0x018d) x 3 0x00000007
core   0: 0x80004d06 (0xff71cae3) blt     gp, s7, pc - 12
core   0: 3 0x80004d06 (0xff71cae3)
core   0: 0x80004cfa (0x00008f65) c.and   a4, s1
core   0: 3 0x80004cfa (0x8f65) x14 0x00000628
core   0: 0x80004cfc (0x00000001) c.nop
core   0: 3 0x80004cfc (0x0001)
core   0: 0x80004cfe (0x019cf2b3) and     t0, s9, s9
core   0: 3 0x80004cfe (0x019cf2b3) x 5 0x023e0000
core   0: 0x80004d02 (0x0000457d) c.li    a0, 31
core   0: 3 0x80004d02 (0x457d) x10 0x0000001f
core   0: 0x80004d04 (0x0000018d) c.addi  gp, 3
core   0: 3 0x80004d04 (0x018d) x 3 0x0000000a
core   0: 0x80004d06 (0xff71cae3) blt     gp, s7, pc - 12
core   0: 3 0x80004d06 (0xff71cae3)
core   0: 0x80004d0a (0x00f11913) slli    s2, sp, 15
core   0: 3 0x80004d0a (0x00f11913) x18 0xaffb8000
core   0: 0x80004d0e (0x00000ee1) c.addi  t4, 24
core   0: 3 0x80004d0e (0x0ee1) x29 0x00000090
core   0: 0x80004d10 (0x03b34433) div     s0, t1, s11
core   0: 3 0x80004d10 (0x03b34433) x 8 0x00000000
core   0: 0x80004d14 (0x024ea833) mulhsu  a6, t4, tp
core   0: 3 0x80004d14 (0x024ea833) x16 0x00000048
core   0: 0x80004d18 (0x0000fcdd) c.bnez  s1, pc - 66
core   0: 3 0x80004d18 (0xfcdd)
core   0: 0x80004cd6 (0x0257dab3) divu    s5, a5, t0
core   0: 3 0x80004cd6 (0x0257dab3) x21 0x00000000
core   0: 0x80004cda (0x00000485) c.addi  s1, 1
core   0: 3 0x80004cda (0x0485) x 9 0x00000000
core   0: 0x80004cdc (0x414e0233) sub     tp, t3, s4
core   0: 3 0x80004cdc (0x414e0233) x 4 0x80019531
core   0: 0x80004ce0 (0xffe00193) li      gp, -2
core   0: 3 0x80004ce0 (0xffe00193) x 3 0xfffffffe
core   0: 0x80004ce4 (0x29e62a93) slti    s5, a2, 670
core   0: 3 0x80004ce4 (0x29e62a93) x21 0x00000001
core   0: 0x80004ce8 (0x00900b93) li      s7, 9
core   0: 3 0x80004ce8 (0x00900b93) x23 0x00000009
core   0: 0x80004cec (0x0015b633) sltu    a2, a1, ra
core   0: 3 0x80004cec (0x0015b633) x12 0x00000001
core   0: 0x80004cf0 (0x0000100f) fence.i
core   0: 3 0x80004cf0 (0x0000100f)
core   0: 0x80004cf4 (0x0000158c) c.addi4spn a1, sp, 736
core   0: 3 0x80004cf4 (0x158c) x11 0x800162d7
core   0: 0x80004cf6 (0xc8b52817) auipc   a6, 0xc8b52
core   0: 3 0x80004cf6 (0xc8b52817) x16 0x48b56cf6
core   0: 0x80004cfa (0x00008f65) c.and   a4, s1
core   0: 3 0x80004cfa (0x8f65) x14 0x00000000
core   0: 0x80004cfc (0x00000001) c.nop
core   0: 3 0x80004cfc (0x0001)
core   0: 0x80004cfe (0x019cf2b3) and     t0, s9, s9
core   0: 3 0x80004cfe (0x019cf2b3) x 5 0x023e0000
core   0: 0x80004d02 (0x0000457d) c.li    a0, 31
core   0: 3 0x80004d02 (0x457d) x10 0x0000001f
core   0: 0x80004d04 (0x0000018d) c.addi  gp, 3
core   0: 3 0x80004d04 (0x018d) x 3 0x00000001
core   0: 0x80004d06 (0xff71cae3) blt     gp, s7, pc - 12
core   0: 3 0x80004d06 (0xff71cae3)
core   0: 0x80004cfa (0x00008f65) c.and   a4, s1
core   0: 3 0x80004cfa (0x8f65) x14 0x00000000
core   0: 0x80004cfc (0x00000001) c.nop
core   0: 3 0x80004cfc (0x0001)
core   0: 0x80004cfe (0x019cf2b3) and     t0, s9, s9
core   0: 3 0x80004cfe (0x019cf2b3) x 5 0x023e0000
core   0: 0x80004d02 (0x0000457d) c.li    a0, 31
core   0: 3 0x80004d02 (0x457d) x10 0x0000001f
core   0: 0x80004d04 (0x0000018d) c.addi  gp, 3
core   0: 3 0x80004d04 (0x018d) x 3 0x00000004
core   0: 0x80004d06 (0xff71cae3) blt     gp, s7, pc - 12
core   0: 3 0x80004d06 (0xff71cae3)
core   0: 0x80004cfa (0x00008f65) c.and   a4, s1
core   0: 3 0x80004cfa (0x8f65) x14 0x00000000
core   0: 0x80004cfc (0x00000001) c.nop
core   0: 3 0x80004cfc (0x0001)
core   0: 0x80004cfe (0x019cf2b3) and     t0, s9, s9
core   0: 3 0x80004cfe (0x019cf2b3) x 5 0x023e0000
core   0: 0x80004d02 (0x0000457d) c.li    a0, 31
core   0: 3 0x80004d02 (0x457d) x10 0x0000001f
core   0: 0x80004d04 (0x0000018d) c.addi  gp, 3
core   0: 3 0x80004d04 (0x018d) x 3 0x00000007
core   0: 0x80004d06 (0xff71cae3) blt     gp, s7, pc - 12
core   0: 3 0x80004d06 (0xff71cae3)
core   0: 0x80004cfa (0x00008f65) c.and   a4, s1
core   0: 3 0x80004cfa (0x8f65) x14 0x00000000
core   0: 0x80004cfc (0x00000001) c.nop
core   0: 3 0x80004cfc (0x0001)
core   0: 0x80004cfe (0x019cf2b3) and     t0, s9, s9
core   0: 3 0x80004cfe (0x019cf2b3) x 5 0x023e0000
core   0: 0x80004d02 (0x0000457d) c.li    a0, 31
core   0: 3 0x80004d02 (0x457d) x10 0x0000001f
core   0: 0x80004d04 (0x0000018d) c.addi  gp, 3
core   0: 3 0x80004d04 (0x018d) x 3 0x0000000a
core   0: 0x80004d06 (0xff71cae3) blt     gp, s7, pc - 12
core   0: 3 0x80004d06 (0xff71cae3)
core   0: 0x80004d0a (0x00f11913) slli    s2, sp, 15
core   0: 3 0x80004d0a (0x00f11913) x18 0xaffb8000
core   0: 0x80004d0e (0x00000ee1) c.addi  t4, 24
core   0: 3 0x80004d0e (0x0ee1) x29 0x000000a8
core   0: 0x80004d10 (0x03b34433) div     s0, t1, s11
core   0: 3 0x80004d10 (0x03b34433) x 8 0x00000000
core   0: 0x80004d14 (0x024ea833) mulhsu  a6, t4, tp
core   0: 3 0x80004d14 (0x024ea833) x16 0x00000054
core   0: 0x80004d18 (0x0000fcdd) c.bnez  s1, pc - 66
core   0: 3 0x80004d18 (0xfcdd)
core   0: 0x80004d1a (0xa0514a13) xori    s4, sp, -1531
core   0: 3 0x80004d1a (0xa0514a13) x20 0x7ffea5f2
core   0: 0x80004d1e (0x00019797) auipc   a5, 0x19
core   0: 3 0x80004d1e (0x00019797) x15 0x8001dd1e
core   0: 0x80004d22 (0x35978793) addi    a5, a5, 857
core   0: 3 0x80004d22 (0x35978793) x15 0x8001e077
core   0: 0x80004d26 (0x0000c097) auipc   ra, 0xc
core   0: 3 0x80004d26 (0x0000c097) x 1 0x80010d26
core   0: 0x80004d2a (0x1c708093) addi    ra, ra, 455
core   0: 3 0x80004d2a (0x1c708093) x 1 0x80010eed
core   0: 0x80004d2e (0x06c0c883) lbu     a7, 108(ra)
core   0: 3 0x80004d2e (0x06c0c883) x17 0x00000012 mem 0x80010f59
core   0: 0x80004d32 (0xffc79ca3) sh      t3, -7(a5)
core   0: 3 0x80004d32 (0xffc79ca3) mem 0x8001e070 0x9531
core   0: 0x80004d36 (0x07108a23) sb      a7, 116(ra)
core   0: 3 0x80004d36 (0x07108a23) mem 0x80010f61 0x12
core   0: 0x80004d3a (0xffe79fa3) sh      t5, -1(a5)
core   0: 3 0x80004d3a (0xffe79fa3) mem 0x8001e076 0x0d6e
core   0: 0x80004d3e (0xf0e08183) lb      gp, -242(ra)
core   0: 3 0x80004d3e (0xf0e08183) x 3 0xffffffb0 mem 0x80010dfb
core   0: 0x80004d42 (0xff07cf83) lbu     t6, -16(a5)
core   0: 3 0x80004d42 (0xff07cf83) x31 0x0000001c mem 0x8001e067
core   0: 0x80004d46 (0xffc7c283) lbu     t0, -4(a5)
core   0: 3 0x80004d46 (0xffc7c283) x 5 0x00000028 mem 0x8001e073
core   0: 0x80004d4a (0x0f108e83) lb      t4, 241(ra)
core   0: 3 0x80004d4a (0x0f108e83) x29 0xffffff95 mem 0x80010fde
core   0: 0x80004d4e (0x00978d03) lb      s10, 9(a5)
core   0: 3 0x80004d4e (0x00978d03) x26 0x0000003b mem 0x8001e080
core   0: 0x80004d52 (0xfff79583) lh      a1, -1(a5)
core   0: 3 0x80004d52 (0xfff79583) x11 0x00000d6e mem 0x8001e076
core   0: 0x80004d56 (0xfdc08423) sb      t3, -56(ra)
core   0: 3 0x80004d56 (0xfdc08423) mem 0x80010eb5 0x31
core   0: 0x80004d5a (0x0007c103) lbu     sp, 0(a5)
core   0: 3 0x80004d5a (0x0007c103) x 2 0x0000000d mem 0x8001e077
core   0: 0x80004d5e (0xfbd0c403) lbu     s0, -67(ra)
core   0: 3 0x80004d5e (0xfbd0c403) x 8 0x00000025 mem 0x80010eaa
core   0: 0x80004d62 (0x01178523) sb      a7, 10(a5)
core   0: 3 0x80004d62 (0x01178523) mem 0x8001e081 0x12
core   0: 0x80004d66 (0xfd208c23) sb      s2, -40(ra)
core   0: 3 0x80004d66 (0xfd208c23) mem 0x80010ec5 0x0
core   0: 0x80004d6a (0x00b79603) lh      a2, 11(a5)
core   0: 3 0x80004d6a (0x00b79603) x12 0x00003839 mem 0x8001e082
core   0: 0x80004d6e (0xf170af83) lw      t6, -233(ra)
core   0: 3 0x80004d6e (0xf170af83) x31 0xbcbd0f2b mem 0x80010e04
core   0: 0x80004d72 (0x00900893) li      a7, 9
core   0: 3 0x80004d72 (0x00900893) x17 0x00000009
core   0: 0x80004d76 (0x00600c13) li      s8, 6
core   0: 3 0x80004d76 (0x00600c13) x24 0x00000006
core   0: 0x80004d7a (0x01b744b3) xor     s1, a4, s11
core   0: 3 0x80004d7a (0x01b744b3) x 9 0x80029ce4
core   0: 0x80004d7e (0x000018f5) c.addi  a7, -3
core   0: 3 0x80004d7e (0x18f5) x17 0x00000006
core   0: 0x80004d80 (0xff88fde3) bgeu    a7, s8, pc - 6
core   0: 3 0x80004d80 (0xff88fde3)
core   0: 0x80004d7a (0x01b744b3) xor     s1, a4, s11
core   0: 3 0x80004d7a (0x01b744b3) x 9 0x80029ce4
core   0: 0x80004d7e (0x000018f5) c.addi  a7, -3
core   0: 3 0x80004d7e (0x18f5) x17 0x00000003
core   0: 0x80004d80 (0xff88fde3) bgeu    a7, s8, pc - 6
core   0: 3 0x80004d80 (0xff88fde3)
core   0: 0x80004d84 (0x93a1f793) andi    a5, gp, -1734
core   0: 3 0x80004d84 (0x93a1f793) x15 0xfffff930
core   0: 0x80004d88 (0x03aaf733) remu    a4, s5, s10
core   0: 3 0x80004d88 (0x03aaf733) x14 0x00000001
core   0: 0x80004d8c (0x00000001) c.nop
core   0: 3 0x80004d8c (0x0001)
core   0: 0x80004d8e (0x0000c805) c.beqz  s0, pc + 48
core   0: 3 0x80004d8e (0xc805)
core   0: 0x80004d90 (0xe6d2eb93) ori     s7, t0, -403
core   0: 3 0x80004d90 (0xe6d2eb93) x23 0xfffffe6d
core   0: 0x80004d94 (0x00008fc1) c.or    a5, s0
core   0: 3 0x80004d94 (0x8fc1) x15 0xfffff935
core   0: 0x80004d96 (0x02d35e63) bge     t1, a3, pc + 60
core   0: 3 0x80004d96 (0x02d35e63)
core   0: 0x80004dd2 (0x003854b3) srl     s1, a6, gp
core   0: 3 0x80004dd2 (0x003854b3) x 9 0x00000000
core   0: 0x80004dd6 (0x346a7f93) andi    t6, s4, 838
core   0: 3 0x80004dd6 (0x346a7f93) x31 0x00000142
core   0: 0x80004dda (0x40e15a13) srai    s4, sp, 14
core   0: 3 0x80004dda (0x40e15a13) x20 0x00000000
core   0: 0x80004dde (0xa50b4f93) xori    t6, s6, -1456
core   0: 3 0x80004dde (0xa50b4f93) x31 0x7ffda434
core   0: 0x80004de2 (0x0000977a) c.add   a4, t5
core   0: 3 0x80004de2 (0x977a) x14 0x00000d6f
core   0: 0x80004de4 (0x4130d933) sra     s2, ra, s3
core   0: 3 0x80004de4 (0x4130d933) x18 0xff80010e
core   0: 0x80004de8 (0x0000860a) c.mv    a2, sp
core   0: 3 0x80004de8 (0x860a) x12 0x0000000d
core   0: 0x80004dea (0x0000943a) c.add   s0, a4
core   0: 3 0x80004dea (0x943a) x 8 0x00000d94
core   0: 0x80004dec (0x96b4c713) xori    a4, s1, -1685
core   0: 3 0x80004dec (0x96b4c713) x14 0xfffff96b
core   0: 0x80004df0 (0x0000100f) fence.i
core   0: 3 0x80004df0 (0x0000100f)
core   0: 0x80004df4 (0x00008e51) c.or    a2, a2
core   0: 3 0x80004df4 (0x8e51) x12 0x0000000d
core   0: 0x80004df6 (0x8a560413) addi    s0, a2, -1883
core   0: 3 0x80004df6 (0x8a560413) x 8 0xfffff8b2
core   0: 0x80004dfa (0x00006171) c.addi16sp sp, 336
core   0: 3 0x80004dfa (0x6171) x 2 0x0000015d
core   0: 0x80004dfc (0x03ab07b3) mul     a5, s6, s10
core   0: 3 0x80004dfc (0x03ab07b3) x15 0x808bc10c
core   0: 0x80004e00 (0xae4de937) lui     s2, 0xae4de
core   0: 3 0x80004e00 (0xae4de937) x18 0xae4de000
core   0: 0x80004e04 (0x00000001) c.nop
core   0: 3 0x80004e04 (0x0001)
core   0: 0x80004e06 (0x9e597393) andi    t2, s2, -1563
core   0: 3 0x80004e06 (0x9e597393) x 7 0xae4de000
core   0: 0x80004e0a (0x00008f7d) c.and   a4, a5
core   0: 3 0x80004e0a (0x8f7d) x14 0x808bc108
core   0: 0x80004e0c (0x0000645d) c.lui   s0, 0x17
core   0: 3 0x80004e0c (0x645d) x 8 0x00017000
core   0: 0x80004e0e (0xddb94cb7) lui     s9, 0xddb94
core   0: 3 0x80004e0e (0xddb94cb7) x25 0xddb94000
core   0: 0x80004e12 (0x0000878d) c.srai  a5, 3
core   0: 3 0x80004e12 (0x878d) x15 0xf0117821
core   0: 0x80004e14 (0x00006be5) c.lui   s7, 0x19
core   0: 3 0x80004e14 (0x6be5) x23 0x00019000
core   0: 0x80004e16 (0xb74fb493) sltiu   s1, t6, -1164
core   0: 3 0x80004e16 (0xb74fb493) x 9 0x00000001
core   0: 0x80004e1a (0x032a12b3) mulh    t0, s4, s2
core   0: 3 0x80004e1a (0x032a12b3) x 5 0x00000000
core   0: 0x80004e1e (0x00001e14) c.addi4spn a3, sp, 816
core   0: 3 0x80004e1e (0x1e14) x13 0x0000048d
core   0: 0x80004e20 (0x00006179) c.addi16sp sp, 464
core   0: 3 0x80004e20 (0x6179) x 2 0x0000032d
core   0: 0x80004e22 (0x412d5913) srai    s2, s10, 18
core   0: 3 0x80004e22 (0x412d5913) x18 0x00000000
core   0: 0x80004e26 (0x02e69f37) lui     t5, 0x2e69
core   0: 3 0x80004e26 (0x02e69f37) x30 0x02e69000
core   0: 0x80004e2a (0x00f69793) slli    a5, a3, 15
core   0: 3 0x80004e2a (0x00f69793) x15 0x02468000
core   0: 0x80004e2e (0x000006da) c.slli  a3, 22
core   0: 3 0x80004e2e (0x06da) x13 0x23400000
core   0: 0x80004e30 (0x028471b3) remu    gp, s0, s0
core   0: 3 0x80004e30 (0x028471b3) x 3 0x00000000
core   0: 0x80004e34 (0x0000987d) c.andi  s0, -1
core   0: 3 0x80004e34 (0x987d) x 8 0x00017000
core   0: 0x80004e36 (0x0000c48d) c.beqz  s1, pc + 42
core   0: 3 0x80004e36 (0xc48d)
core   0: 0x80004e38 (0x412a8bb3) sub     s7, s5, s2
core   0: 3 0x80004e38 (0x412a8bb3) x23 0x00000001
core   0: 0x80004e3c (0x04026f63) bltu    tp, zero, pc + 94
core   0: 3 0x80004e3c (0x04026f63)
core   0: 0x80004e40 (0x02def333) remu    t1, t4, a3
core   0: 3 0x80004e40 (0x02def333) x 6 0x093fff95
core   0: 0x80004e44 (0x01fcd093) srli    ra, s9, 31
core   0: 3 0x80004e44 (0x01fcd093) x 1 0x00000001
core   0: 0x80004e48 (0x75863a13) sltiu   s4, a2, 1880
core   0: 3 0x80004e48 (0x75863a13) x20 0x00000001
core   0: 0x80004e4c (0x2504c293) xori    t0, s1, 592
core   0: 3 0x80004e4c (0x2504c293) x 5 0x00000251
core   0: 0x80004e50 (0x05e7c763) blt     a5, t5, pc + 78
core   0: 3 0x80004e50 (0x05e7c763)
core   0: 0x80004e9e (0x00009efe) c.add   t4, t6
core   0: 3 0x80004e9e (0x9efe) x29 0x7ffda3c9
core   0: 0x80004ea0 (0x006b3f33) sltu    t5, s6, t1
core   0: 3 0x80004ea0 (0x006b3f33) x30 0x00000000
core   0: 0x80004ea4 (0x0000482d) c.li    a6, 11
core   0: 3 0x80004ea4 (0x482d) x16 0x0000000b
core   0: 0x80004ea6 (0x00001010) c.addi4spn a2, sp, 32
core   0: 3 0x80004ea6 (0x1010) x12 0x0000034d
core   0: 0x80004ea8 (0x00000001) c.nop
core   0: 3 0x80004ea8 (0x0001)
core   0: 0x80004eaa (0x00000480) c.addi4spn s0, sp, 576
core   0: 3 0x80004eaa (0x0480) x 8 0x0000056d
core   0: 0x80004eac (0x00376663) bltu    a4, gp, pc + 12
core   0: 3 0x80004eac (0x00376663)
core   0: 0x80004eb0 (0x401c06b3) sub     a3, s8, ra
core   0: 3 0x80004eb0 (0x401c06b3) x13 0x00000005
core   0: 0x80004eb4 (0x02e4d433) divu    s0, s1, a4
core   0: 3 0x80004eb4 (0x02e4d433) x 8 0x00000000
core   0: 0x80004eb8 (0x8582b493) sltiu   s1, t0, -1960
core   0: 3 0x80004eb8 (0x8582b493) x 9 0x00000001
core   0: 0x80004ebc (0x02fada33) divu    s4, s5, a5
core   0: 3 0x80004ebc (0x02fada33) x20 0x00000000
core   0: 0x80004ec0 (0xa14233b7) lui     t2, 0xa1423
core   0: 3 0x80004ec0 (0xa14233b7) x 7 0xa1423000
core   0: 0x80004ec4 (0x01414663) blt     sp, s4, pc + 12
core   0: 3 0x80004ec4 (0x01414663)
core   0: 0x80004ec8 (0x0000c481) c.beqz  s1, pc + 8
core   0: 3 0x80004ec8 (0xc481)
core   0: 0x80004eca (0x023d0cb3) mul     s9, s10, gp
core   0: 3 0x80004eca (0x023d0cb3) x25 0x00000000
core   0: 0x80004ece (0x00008cd5) c.or    s1, a3
core   0: 3 0x80004ece (0x8cd5) x 9 0x00000005
core   0: 0x80004ed0 (0x019e08b3) add     a7, t3, s9
core   0: 3 0x80004ed0 (0x019e08b3) x17 0x80019531
core   0: 0x80004ed4 (0x16876293) ori     t0, a4, 360
core   0: 3 0x80004ed4 (0x16876293) x 5 0x808bc168
core   0: 0x80004ed8 (0x00008c01) c.sub   s0, s0
core   0: 3 0x80004ed8 (0x8c01) x 8 0x00000000
core   0: 0x80004eda (0x0000ca99) c.beqz  a3, pc + 22
core   0: 3 0x80004eda (0xca99)
core   0: 0x80004edc (0x01609793) slli    a5, ra, 22
core   0: 3 0x80004edc (0x01609793) x15 0x00400000
core   0: 0x80004ee0 (0x02402cb3) mulhsu  s9, zero, tp
core   0: 3 0x80004ee0 (0x02402cb3) x25 0x00000000
core   0: 0x80004ee4 (0x00008206) c.mv    tp, ra
core   0: 3 0x80004ee4 (0x8206) x 4 0x00000001
core   0: 0x80004ee6 (0x00008319) c.srli  a4, 6
core   0: 3 0x80004ee6 (0x8319) x14 0x02022f04
core   0: 0x80004ee8 (0x0000717d) c.addi16sp sp, -16
core   0: 3 0x80004ee8 (0x717d) x 2 0x0000031d
core   0: 0x80004eea (0x0000651d) c.lui   a0, 0x7
core   0: 3 0x80004eea (0x651d) x10 0x00007000
core   0: 0x80004eec (0xf4733813) sltiu   a6, t1, -185
core   0: 3 0x80004eec (0xf4733813) x16 0x00000001
core   0: 0x80004ef0 (0x00008ea9) c.xor   a3, a0
core   0: 3 0x80004ef0 (0x8ea9) x13 0x00007005
core   0: 0x80004ef2 (0x000085f5) c.srai  a1, 29
core   0: 3 0x80004ef2 (0x85f5) x11 0x00000000
core   0: 0x80004ef4 (0x00008e01) c.sub   a2, s0
core   0: 3 0x80004ef4 (0x8e01) x12 0x0000034d
core   0: 0x80004ef6 (0x09968593) addi    a1, a3, 153
core   0: 3 0x80004ef6 (0x09968593) x11 0x0000709e
core   0: 0x80004efa (0x00597263) bgeu    s2, t0, pc + 4
core   0: 3 0x80004efa (0x00597263)
core   0: 0x80004efe (0x022d4a33) div     s4, s10, sp
core   0: 3 0x80004efe (0x022d4a33) x20 0x00000000
core   0: 0x80004f02 (0x00751c63) bne     a0, t2, pc + 24
core   0: 3 0x80004f02 (0x00751c63)
core   0: 0x80004f1a (0x00008a79) c.andi  a2, 30
core   0: 3 0x80004f1a (0x8a79) x12 0x0000000c
core   0: 0x80004f1c (0x009bd693) srli    a3, s7, 9
core   0: 3 0x80004f1c (0x009bd693) x13 0x00000000
core   0: 0x80004f20 (0x40f20cb3) sub     s9, tp, a5
core   0: 3 0x80004f20 (0x40f20cb3) x25 0xffc00001
core   0: 0x80004f24 (0x03858fb3) mul     t6, a1, s8
core   0: 3 0x80004f24 (0x03858fb3) x31 0x0002a3b4
core   0: 0x80004f28 (0x0000869d) c.srai  a3, 7
core   0: 3 0x80004f28 (0x869d) x13 0x00000000
core   0: 0x80004f2a (0xa6a93b93) sltiu   s7, s2, -1430
core   0: 3 0x80004f2a (0xa6a93b93) x23 0x00000001
core   0: 0x80004f2e (0x2a0b7f93) andi    t6, s6, 672
core   0: 3 0x80004f2e (0x2a0b7f93) x31 0x00000220
core   0: 0x80004f32 (0x1b690c93) addi    s9, s2, 438
core   0: 3 0x80004f32 (0x1b690c93) x25 0x000001b6
core   0: 0x80004f36 (0x0171ad33) slt     s10, gp, s7
core   0: 3 0x80004f36 (0x0171ad33) x26 0x00000001
core   0: 0x80004f3a (0x00008da5) c.xor   a1, s1
core   0: 3 0x80004f3a (0x8da5) x11 0x0000709b
core   0: 0x80004f3c (0x01ad9f63) bne     s11, s10, pc + 30
core   0: 3 0x80004f3c (0x01ad9f63)
core   0: 0x80004f5a (0x01becbb3) xor     s7, t4, s11
core   0: 3 0x80004f5a (0x01becbb3) x23 0xffff3f2d
core   0: 0x80004f5e (0x0076ac33) slt     s8, a3, t2
core   0: 3 0x80004f5e (0x0076ac33) x24 0x00000000
core   0: 0x80004f62 (0x0000816e) c.mv    sp, s11
core   0: 3 0x80004f62 (0x816e) x 2 0x80029ce4
core   0: 0x80004f64 (0x00008fdd) c.or    a5, a5
core   0: 3 0x80004f64 (0x8fdd) x15 0x00400000
core   0: 0x80004f66 (0x0000100f) fence.i
core   0: 3 0x80004f66 (0x0000100f)
core   0: 0x80004f6a (0x4165dc93) srai    s9, a1, 22
core   0: 3 0x80004f6a (0x4165dc93) x25 0x00000000
core   0: 0x80004f6e (0x0000100f) fence.i
core   0: 3 0x80004f6e (0x0000100f)
core   0: 0x80004f72 (0x02011163) bnez    sp, pc + 34
core   0: 3 0x80004f72 (0x02011163)
core   0: 0x80004f94 (0x67a1e693) ori     a3, gp, 1658
core   0: 3 0x80004f94 (0x67a1e693) x13 0x0000067a
core   0: 0x80004f98 (0x0000885e) c.mv    a6, s7
core   0: 3 0x80004f98 (0x885e) x16 0xffff3f2d
core   0: 0x80004f9a (0x006108b3) add     a7, sp, t1
core   0: 3 0x80004f9a (0x006108b3) x17 0x89429c79
core   0: 0x80004f9e (0x03857d33) remu    s10, a0, s8
core   0: 3 0x80004f9e (0x03857d33) x26 0x00007000
core   0: 0x80004fa2 (0xb4798c93) addi    s9, s3, -1209
core   0: 3 0x80004fa2 (0xb4798c93) x25 0xfffffb4f
core   0: 0x80004fa6 (0x0000cd6d) c.beqz  a0, pc + 250
core   0: 3 0x80004fa6 (0xcd6d)
core   0: 0x80004fa8 (0x6266cb97) auipc   s7, 0x6266c
core   0: 3 0x80004fa8 (0x6266cb97) x23 0xe2670fa8
core   0: 0x80004fac (0x00c384b3) add     s1, t2, a2
core   0: 3 0x80004fac (0x00c384b3) x 9 0xa142300c
core   0: 0x80004fb0 (0x000081c9) c.srli  a1, 18
core   0: 3 0x80004fb0 (0x81c9) x11 0x00000000
core   0: 0x80004fb2 (0xe20ef213) andi    tp, t4, -480
core   0: 3 0x80004fb2 (0xe20ef213) x 4 0x7ffda200
core   0: 0x80004fb6 (0x002d7b63) bgeu    s10, sp, pc + 22
core   0: 3 0x80004fb6 (0x002d7b63)
core   0: 0x80004fba (0x00008321) c.srli  a4, 8
core   0: 3 0x80004fba (0x8321) x14 0x0002022f
core   0: 0x80004fbc (0x0f4b0b63) beq     s6, s4, pc + 246
core   0: 3 0x80004fbc (0x0f4b0b63)
core   0: 0x80004fc0 (0x0e781a63) bne     a6, t2, pc + 244
core   0: 3 0x80004fc0 (0x0e781a63)
core   0: 0x800050b4 (0x41e9da33) sra     s4, s3, t5
core   0: 3 0x800050b4 (0x41e9da33) x20 0x00000008
core   0: 0x800050b8 (0x00000001) c.nop
core   0: 3 0x800050b8 (0x0001)
core   0: 0x800050ba (0x00008fd9) c.or    a5, a4
core   0: 3 0x800050ba (0x8fd9) x15 0x0042022f
core   0: 0x800050bc (0x037a4663) blt     s4, s7, pc + 44
core   0: 3 0x800050bc (0x037a4663)
core   0: 0x800050c0 (0x00b37963) bgeu    t1, a1, pc + 18
core   0: 3 0x800050c0 (0x00b37963)
core   0: 0x800050d2 (0x000008d6) c.slli  a7, 21
core   0: 3 0x800050d2 (0x08d6) x17 0x8f200000
core   0: 0x800050d4 (0x02e79133) mulh    sp, a5, a4
core   0: 3 0x800050d4 (0x02e79133) x 2 0x00000084
core   0: 0x800050d8 (0x029ecfb3) div     t6, t4, s1
core   0: 3 0x800050d8 (0x029ecfb3) x31 0xffffffff
core   0: 0x800050dc (0x024cbc13) sltiu   s8, s9, 36
core   0: 3 0x800050dc (0x024cbc13) x24 0x00000000
core   0: 0x800050e0 (0x0000ea19) c.bnez  a2, pc + 22
core   0: 3 0x800050e0 (0xea19)
core   0: 0x800050f6 (0x29482c93) slti    s9, a6, 660
core   0: 3 0x800050f6 (0x29482c93) x25 0x00000001
core   0: 0x800050fa (0x022787b3) mul     a5, a5, sp
core   0: 3 0x800050fa (0x022787b3) x15 0x2209203c
core   0: 0x800050fe (0x0000cd81) c.beqz  a1, pc + 24
core   0: 3 0x800050fe (0xcd81)
core   0: 0x80005116 (0x0000100f) fence.i
core   0: 3 0x80005116 (0x0000100f)
core   0: 0x8000511a (0x95f46213) ori     tp, s0, -1697
core   0: 3 0x8000511a (0x95f46213) x 4 0xfffff95f
core   0: 0x8000511e (0x41535a13) srai    s4, t1, 21
core   0: 3 0x8000511e (0x41535a13) x20 0x00000049
core   0: 0x80005122 (0x00008dd5) c.or    a1, a3
core   0: 3 0x80005122 (0x8dd5) x11 0x0000067a
core   0: 0x80005124 (0x001a1cb3) sll     s9, s4, ra
core   0: 3 0x80005124 (0x001a1cb3) x25 0x00000092
core   0: 0x80005128 (0x00008cc6) c.mv    s9, a7
core   0: 3 0x80005128 (0x8cc6) x25 0x8f200000
core   0: 0x8000512a (0x000095ce) c.add   a1, s3
core   0: 3 0x8000512a (0x95ce) x11 0x00000682
core   0: 0x8000512c (0x41990833) sub     a6, s2, s9
core   0: 3 0x8000512c (0x41990833) x16 0x70e00000
core   0: 0x80005130 (0x34fe2b93) slti    s7, t3, 847
core   0: 3 0x80005130 (0x34fe2b93) x23 0x00000001
core   0: 0x80005134 (0x0192d8b3) srl     a7, t0, s9
core   0: 3 0x80005134 (0x0192d8b3) x17 0x808bc168
core   0: 0x80005138 (0x715dc713) xori    a4, s11, 1813
core   0: 3 0x80005138 (0x715dc713) x14 0x80029bf1
core   0: 0x8000513c (0x00008ee9) c.and   a3, a0
core   0: 3 0x8000513c (0x8ee9) x13 0x00000000
core   0: 0x8000513e (0x00008d0d) c.sub   a0, a1
core   0: 3 0x8000513e (0x8d0d) x10 0x0000697e
core   0: 0x80005140 (0x0244dfb3) divu    t6, s1, tp
core   0: 3 0x80005140 (0x0244dfb3) x31 0x00000000
core   0: 0x80005144 (0x0000cd9d) c.beqz  a1, pc + 62
core   0: 3 0x80005144 (0xcd9d)
core   0: 0x80005146 (0x01383433) sltu    s0, a6, s3
core   0: 3 0x80005146 (0x01383433) x 8 0x00000000
core   0: 0x8000514a (0x00db01b3) add     gp, s6, a3
core   0: 3 0x8000514a (0x00db01b3) x 3 0x80025e64
core   0: 0x8000514e (0x04d48063) beq     s1, a3, pc + 64
core   0: 3 0x8000514e (0x04d48063)
core   0: 0x80005152 (0x00671f93) slli    t6, a4, 6
core   0: 3 0x80005152 (0x00671f93) x31 0x00a6fc40
core   0: 0x80005156 (0x0105fc63) bgeu    a1, a6, pc + 24
core   0: 3 0x80005156 (0x0105fc63)
core   0: 0x8000515a (0x00000001) c.nop
core   0: 3 0x8000515a (0x0001)
core   0: 0x8000515c (0x00006355) c.lui   t1, 0x15
core   0: 3 0x8000515c (0x6355) x 6 0x00015000
core   0: 0x8000515e (0x02527233) remu    tp, tp, t0
core   0: 3 0x8000515e (0x02527233) x 4 0x7f7437f7
core   0: 0x80005162 (0x00008e6d) c.and   a2, a1
core   0: 3 0x80005162 (0x8e6d) x12 0x00000000
core   0: 0x80005164 (0x000068b9) c.lui   a7, 0xe
core   0: 3 0x80005164 (0x68b9) x17 0x0000e000
core   0: 0x80005166 (0x01c31513) slli    a0, t1, 28
core   0: 3 0x80005166 (0x01c31513) x10 0x00000000
core   0: 0x8000516a (0x01c09713) slli    a4, ra, 28
core   0: 3 0x8000516a (0x01c09713) x14 0x10000000
core   0: 0x8000516e (0x0323dbb3) divu    s7, t2, s2
core   0: 3 0x8000516e (0x0323dbb3) x23 0xffffffff
core   0: 0x80005172 (0x01e39613) slli    a2, t2, 30
core   0: 3 0x80005172 (0x01e39613) x12 0x00000000
core   0: 0x80005176 (0x41668fb3) sub     t6, a3, s6
core   0: 3 0x80005176 (0x41668fb3) x31 0x7ffda19c
core   0: 0x8000517a (0x015b8e33) add     t3, s7, s5
core   0: 3 0x8000517a (0x015b8e33) x28 0x00000000
core   0: 0x8000517e (0x00a8ef33) or      t5, a7, a0
core   0: 3 0x8000517e (0x00a8ef33) x30 0x0000e000
core   0: 0x80005182 (0x03d10e33) mul     t3, sp, t4
core   0: 3 0x80005182 (0x03d10e33) x28 0xfec873a4
core   0: 0x80005186 (0x783ce417) auipc   s0, 0x783ce
core   0: 3 0x80005186 (0x783ce417) x 8 0xf83d3186
core   0: 0x8000518a (0x00012733) slt     a4, sp, zero
core   0: 3 0x8000518a (0x00012733) x14 0x00000000
core   0: 0x8000518e (0x00006159) c.addi16sp sp, 400
core   0: 3 0x8000518e (0x6159) x 2 0x00000214
core   0: 0x80005190 (0x020f7733) remu    a4, t5, zero
core   0: 3 0x80005190 (0x020f7733) x14 0x0000e000
core   0: 0x80005194 (0x00000001) c.nop
core   0: 3 0x80005194 (0x0001)
core   0: 0x80005196 (0x6716f193) andi    gp, a3, 1649
core   0: 3 0x80005196 (0x6716f193) x 3 0x00000000
core   0: 0x8000519a (0x0068dc63) bge     a7, t1, pc + 24
core   0: 3 0x8000519a (0x0068dc63)
core   0: 0x8000519e (0x00a6f563) bgeu    a3, a0, pc + 10
core   0: 3 0x8000519e (0x00a6f563)
core   0: 0x800051a8 (0x00008c69) c.and   s0, a0
core   0: 3 0x800051a8 (0x8c69) x 8 0x00000000
core   0: 0x800051aa (0xd5382293) slti    t0, a6, -685
core   0: 3 0x800051aa (0xd5382293) x 5 0x00000000
core   0: 0x800051ae (0x00a6e5b3) or      a1, a3, a0
core   0: 3 0x800051ae (0x00a6e5b3) x11 0x00000000
core   0: 0x800051b2 (0x0345d8b3) divu    a7, a1, s4
core   0: 3 0x800051b2 (0x0345d8b3) x17 0x00000000
core   0: 0x800051b6 (0x025828b3) mulhsu  a7, a6, t0
core   0: 3 0x800051b6 (0x025828b3) x17 0x00000000
core   0: 0x800051ba (0x00008f51) c.or    a4, a2
core   0: 3 0x800051ba (0x8f51) x14 0x0000e000
core   0: 0x800051bc (0x02337863) bgeu    t1, gp, pc + 48
core   0: 3 0x800051bc (0x02337863)
core   0: 0x800051ec (0x00564633) xor     a2, a2, t0
core   0: 3 0x800051ec (0x00564633) x12 0x00000000
core   0: 0x800051f0 (0x000c1093) slli    ra, s8, 0
core   0: 3 0x800051f0 (0x000c1093) x 1 0x00000000
core   0: 0x800051f4 (0x0000086d) c.addi  a6, 27
core   0: 3 0x800051f4 (0x086d) x16 0x70e0001b
core   0: 0x800051f6 (0x0194f533) and     a0, s1, s9
core   0: 3 0x800051f6 (0x0194f533) x10 0x81000000
core   0: 0x800051fa (0x00129ab3) sll     s5, t0, ra
core   0: 3 0x800051fa (0x00129ab3) x21 0x00000000
core   0: 0x800051fe (0x00000f86) c.slli  t6, 1
core   0: 3 0x800051fe (0x0f86) x31 0xfffb4338
core   0: 0x80005200 (0x00000001) c.nop
core   0: 3 0x80005200 (0x0001)
core   0: 0x80005202 (0x41ce83b3) sub     t2, t4, t3
core   0: 3 0x80005202 (0x41ce83b3) x 7 0x81353025
core   0: 0x80005206 (0xd915b413) sltiu   s0, a1, -623
core   0: 3 0x80005206 (0xd915b413) x 8 0x00000001
core   0: 0x8000520a (0x008ca1b3) slt     gp, s9, s0
core   0: 3 0x8000520a (0x008ca1b3) x 3 0x00000001
core   0: 0x8000520e (0x015efa63) bgeu    t4, s5, pc + 20
core   0: 3 0x8000520e (0x015efa63)
core   0: 0x80005222 (0x008fac33) slt     s8, t6, s0
core   0: 3 0x80005222 (0x008fac33) x24 0x00000001
core   0: 0x80005226 (0x024ba8b3) mulhsu  a7, s7, tp
core   0: 3 0x80005226 (0x024ba8b3) x17 0xffffffff
core   0: 0x8000522a (0x016613b3) sll     t2, a2, s6
core   0: 3 0x8000522a (0x016613b3) x 7 0x00000000
core   0: 0x8000522e (0x02ee6e63) bltu    t3, a4, pc + 60
core   0: 3 0x8000522e (0x02ee6e63)
core   0: 0x80005232 (0x00008b0d) c.andi  a4, 3
core   0: 3 0x80005232 (0x8b0d) x14 0x00000000
core   0: 0x80005234 (0xea058f93) addi    t6, a1, -352
core   0: 3 0x80005234 (0xea058f93) x31 0xfffffea0
core   0: 0x80005238 (0x415408b3) sub     a7, s0, s5
core   0: 3 0x80005238 (0x415408b3) x17 0x00000001
core   0: 0x8000523c (0x005f58b3) srl     a7, t5, t0
core   0: 3 0x8000523c (0x005f58b3) x17 0x0000e000
core   0: 0x80005240 (0x004661b3) or      gp, a2, tp
core   0: 3 0x80005240 (0x004661b3) x 3 0x7f7437f7
core   0: 0x80005244 (0x00008ff9) c.and   a5, a4
core   0: 3 0x80005244 (0x8ff9) x15 0x00000000
core   0: 0x80005246 (0x01091c93) slli    s9, s2, 16
core   0: 3 0x80005246 (0x01091c93) x25 0x00000000
core   0: 0x8000524a (0x01f4e5b3) or      a1, s1, t6
core   0: 3 0x8000524a (0x01f4e5b3) x11 0xfffffeac
core   0: 0x8000524e (0x0364f033) remu    zero, s1, s6
core   0: 3 0x8000524e (0x0364f033)
core   0: 0x80005252 (0x000087ba) c.mv    a5, a4
core   0: 3 0x80005252 (0x87ba) x15 0x00000000
core   0: 0x80005254 (0x03019933) mulh    s2, gp, a6
core   0: 3 0x80005254 (0x03019933) x18 0x38325e3a
core   0: 0x80005258 (0x00008fb1) c.xor   a5, a2
core   0: 3 0x80005258 (0x8fb1) x15 0x00000000
core   0: 0x8000525a (0x00131a93) slli    s5, t1, 1
core   0: 3 0x8000525a (0x00131a93) x21 0x0002a000
core   0: 0x8000525e (0x00255c13) srli    s8, a0, 2
core   0: 3 0x8000525e (0x00255c13) x24 0x20400000
core   0: 0x80005262 (0x037266b3) rem     a3, tp, s7
core   0: 3 0x80005262 (0x037266b3) x13 0x00000000
core   0: 0x80005266 (0xc8205197) auipc   gp, 0xc8205
core   0: 3 0x80005266 (0xc8205197) x 3 0x4820a266
core   0: 0x8000526a (0x01cdae33) slt     t3, s11, t3
core   0: 3 0x8000526a (0x01cdae33) x28 0x00000001
core   0: 0x8000526e (0x0297ee63) bltu    a5, s1, pc + 60
core   0: 3 0x8000526e (0x0297ee63)
core   0: 0x800052aa (0x414e5693) srai    a3, t3, 20
core   0: 3 0x800052aa (0x414e5693) x13 0x00000000
core   0: 0x800052ae (0x00571033) sll     zero, a4, t0
core   0: 3 0x800052ae (0x00571033)
core   0: 0x800052b2 (0x018003ef) jal     t2, pc + 0x18
core   0: 3 0x800052b2 (0x018003ef) x 7 0x800052b6
core   0: 0x800052ca (0xffdffeef) jal     t4, pc - 0x4
core   0: 3 0x800052ca (0xffdffeef) x29 0x800052ce
core   0: 0x800052c6 (0x0000bfdd) c.j     pc - 10
core   0: 3 0x800052c6 (0xbfdd)
core   0: 0x800052bc (0x0000bffd) c.j     pc - 2
core   0: 3 0x800052bc (0xbffd)
core   0: 0x800052ba (0x00002029) c.jal   pc + 10
core   0: 3 0x800052ba (0x2029) x 1 0x800052bc
core   0: 0x800052c4 (0x0000a011) c.j     pc + 4
core   0: 3 0x800052c4 (0xa011)
core   0: 0x800052c8 (0x0000bfc5) c.j     pc - 16
core   0: 3 0x800052c8 (0xbfc5)
core   0: 0x800052b8 (0x00002021) c.jal   pc + 8
core   0: 3 0x800052b8 (0x2021) x 1 0x800052ba
core   0: 0x800052c0 (0xfffff0ef) jal     pc - 0x2
core   0: 3 0x800052c0 (0xfffff0ef) x 1 0x800052c4
core   0: 0x800052be (0x0000bfe5) c.j     pc - 8
core   0: 3 0x800052be (0xbfe5)
core   0: 0x800052b6 (0x00002829) c.jal   pc + 26
core   0: 3 0x800052b6 (0x2829) x 1 0x800052b8
core   0: 0x800052d0 (0x00003ffd) c.jal   pc - 2
core   0: 3 0x800052d0 (0x3ffd) x 1 0x800052d2
core   0: 0x800052ce (0x0000a011) c.j     pc + 4
core   0: 3 0x800052ce (0xa011)
core   0: 0x800052d2 (0x0000a009) c.j     pc + 2
core   0: 3 0x800052d2 (0xa009)
core   0: 0x800052d4 (0x0000147d) c.addi  s0, -1
core   0: 3 0x800052d4 (0x147d) x 8 0x00000000
core   0: 0x800052d6 (0x0000838d) c.srli  a5, 3
core   0: 3 0x800052d6 (0x838d) x15 0x00000000
core   0: 0x800052d8 (0x40098733) sub     a4, s3, zero
core   0: 3 0x800052d8 (0x40098733) x14 0x00000008
core   0: 0x800052dc (0x457c4d13) xori    s10, s8, 1111
core   0: 3 0x800052dc (0x457c4d13) x26 0x20400457
core   0: 0x800052e0 (0xebefac13) slti    s8, t6, -322
core   0: 3 0x800052e0 (0xebefac13) x24 0x00000001
core   0: 0x800052e4 (0x000003f2) c.slli  t2, 28
core   0: 3 0x800052e4 (0x03f2) x 7 0x60000000
core   0: 0x800052e6 (0x00008ef2) c.mv    t4, t3
core   0: 3 0x800052e6 (0x8ef2) x29 0x00000001
core   0: 0x800052e8 (0x0385ac33) mulhsu  s8, a1, s8
core   0: 3 0x800052e8 (0x0385ac33) x24 0xffffffff
core   0: 0x800052ec (0x01bf52b3) srl     t0, t5, s11
core   0: 3 0x800052ec (0x01bf52b3) x 5 0x00000e00
core   0: 0x800052f0 (0x00f02cb3) slt     s9, zero, a5
core   0: 3 0x800052f0 (0x00f02cb3) x25 0x00000000
core   0: 0x800052f4 (0x0c29cf63) blt     s3, sp, pc + 222
core   0: 3 0x800052f4 (0x0c29cf63)
core   0: 0x800053d2 (0x000084d1) c.srai  s1, 20
core   0: 3 0x800053d2 (0x84d1) x 9 0xfffffa14
core   0: 0x800053d4 (0x00bfb5b3) sltu    a1, t6, a1
core   0: 3 0x800053d4 (0x00bfb5b3) x11 0x00000001
core   0: 0x800053d8 (0x0027d413) srli    s0, a5, 2
core   0: 3 0x800053d8 (0x0027d413) x 8 0x00000000
core   0: 0x800053dc (0x017c5713) srli    a4, s8, 23
core   0: 3 0x800053dc (0x017c5713) x14 0x000001ff
core   0: 0x800053e0 (0x01cb9413) slli    s0, s7, 28
core   0: 3 0x800053e0 (0x01cb9413) x 8 0xf0000000
core   0: 0x800053e4 (0x010b3eb3) sltu    t4, s6, a6
core   0: 3 0x800053e4 (0x010b3eb3) x29 0x00000000
core   0: 0x800053e8 (0x0001dd33) srl     s10, gp, zero
core   0: 3 0x800053e8 (0x0001dd33) x26 0x4820a266
core   0: 0x800053ec (0x2806a813) slti    a6, a3, 640
core   0: 3 0x800053ec (0x2806a813) x16 0x00000001
core   0: 0x800053f0 (0x00008c85) c.sub   s1, s1
core   0: 3 0x800053f0 (0x8c85) x 9 0x00000000
core   0: 0x800053f2 (0x0335d0b3) divu    ra, a1, s3
core   0: 3 0x800053f2 (0x0335d0b3) x 1 0x00000000
core   0: 0x800053f6 (0x00008615) c.srai  a2, 5
core   0: 3 0x800053f6 (0x8615) x12 0x00000000
core   0: 0x800053f8 (0xd9df8e93) addi    t4, t6, -611
core   0: 3 0x800053f8 (0xd9df8e93) x29 0xfffffc3d
core   0: 0x800053fc (0x02c1a8b3) mulhsu  a7, gp, a2
core   0: 3 0x800053fc (0x02c1a8b3) x17 0x00000000
core   0: 0x80005400 (0x00000285) c.addi  t0, 1
core   0: 3 0x80005400 (0x0285) x 5 0x00000e01
core   0: 0x80005402 (0x0022fd33) and     s10, t0, sp
core   0: 3 0x80005402 (0x0022fd33) x26 0x00000200
core   0: 0x80005406 (0xe4093717) auipc   a4, 0xe4093
core   0: 3 0x80005406 (0xe4093717) x14 0x64098406
core   0: 0x8000540a (0xa9dcfe93) andi    t4, s9, -1379
core   0: 3 0x8000540a (0xa9dcfe93) x29 0x00000000
core   0: 0x8000540e (0x00008fa5) c.xor   a5, s1
core   0: 3 0x8000540e (0x8fa5) x15 0x00000000
core   0: 0x80005410 (0x0000e791) c.bnez  a5, pc + 12
core   0: 3 0x80005410 (0xe791)
core   0: 0x80005412 (0x0000100f) fence.i
core   0: 3 0x80005412 (0x0000100f)
core   0: 0x80005416 (0x03a79263) bne     a5, s10, pc + 36
core   0: 3 0x80005416 (0x03a79263)
core   0: 0x8000543a (0x00d9e733) or      a4, s3, a3
core   0: 3 0x8000543a (0x00d9e733) x14 0x00000008
core   0: 0x8000543e (0x00008b51) c.andi  a4, 20
core   0: 3 0x8000543e (0x8b51) x14 0x00000000
core   0: 0x80005440 (0x4175d193) srai    gp, a1, 23
core   0: 3 0x80005440 (0x4175d193) x 3 0x00000000
core   0: 0x80005444 (0x00000001) c.nop
core   0: 3 0x80005444 (0x0001)
core   0: 0x80005446 (0x03b962b3) rem     t0, s2, s11
core   0: 3 0x80005446 (0x03b962b3) x 5 0x38325e3a
core   0: 0x8000544a (0x00000f0c) c.addi4spn a1, sp, 912
core   0: 3 0x8000544a (0x0f0c) x11 0x000005a4
core   0: 0x8000544c (0x01971e33) sll     t3, a4, s9
core   0: 3 0x8000544c (0x01971e33) x28 0x00000000
core   0: 0x80005450 (0xfe728893) addi    a7, t0, -25
core   0: 3 0x80005450 (0xfe728893) x17 0x38325e21
core   0: 0x80005454 (0x00649a63) bne     s1, t1, pc + 20
core   0: 3 0x80005454 (0x00649a63)
core   0: 0x80005468 (0x012d8733) add     a4, s11, s2
core   0: 3 0x80005468 (0x012d8733) x14 0xb834fb1e
core   0: 0x8000546c (0x00001618) c.addi4spn a4, sp, 800
core   0: 3 0x8000546c (0x1618) x14 0x00000534
core   0: 0x8000546e (0x01d22933) slt     s2, tp, t4
core   0: 3 0x8000546e (0x01d22933) x18 0x00000000
core   0: 0x80005472 (0x0062e0b3) or      ra, t0, t1
core   0: 3 0x80005472 (0x0062e0b3) x 1 0x38335e3a
core   0: 0x80005476 (0x84d7e3b7) lui     t2, 0x84d7e
core   0: 3 0x80005476 (0x84d7e3b7) x 7 0x84d7e000
core   0: 0x8000547a (0x41e101b3) sub     gp, sp, t5
core   0: 3 0x8000547a (0x41e101b3) x 3 0xffff2214
core   0: 0x8000547e (0x00534b63) blt     t1, t0, pc + 22
core   0: 3 0x8000547e (0x00534b63)
core   0: 0x80005494 (0x01dc7963) bgeu    s8, t4, pc + 18
core   0: 3 0x80005494 (0x01dc7963)
core   0: 0x800054a6 (0x00000d46) c.slli  s10, 17
core   0: 3 0x800054a6 (0x0d46) x26 0x04000000
core   0: 0x800054a8 (0x00000598) c.addi4spn a4, sp, 704
core   0: 3 0x800054a8 (0x0598) x14 0x000004d4
core   0: 0x800054aa (0x0000e799) c.bnez  a5, pc + 14
core   0: 3 0x800054aa (0xe799)
core   0: 0x800054ac (0x0199f663) bgeu    s3, s9, pc + 12
core   0: 3 0x800054ac (0x0199f663)
core   0: 0x800054b8 (0x0ff0000f) fence   iorw,iorw
core   0: 3 0x800054b8 (0x0ff0000f)
core   0: 0x800054bc (0x01a05f93) srli    t6, zero, 26
core   0: 3 0x800054bc (0x01a05f93) x31 0x00000000
core   0: 0x800054c0 (0x00009bfd) c.andi  a5, -1
core   0: 3 0x800054c0 (0x9bfd) x15 0x00000000
core   0: 0x800054c2 (0x00e71413) slli    s0, a4, 14
core   0: 3 0x800054c2 (0x00e71413) x 8 0x01350000
core   0: 0x800054c6 (0x00011397) auipc   t2, 0x11
core   0: 3 0x800054c6 (0x00011397) x 7 0x800164c6
core   0: 0x800054ca (0xd2a38393) addi    t2, t2, -726
core   0: 3 0x800054ca (0xd2a38393) x 7 0x800161f0
core   0: 0x800054ce (0x0000b597) auipc   a1, 0xb
core   0: 3 0x800054ce (0x0000b597) x11 0x800104ce
core   0: 0x800054d2 (0xca958593) addi    a1, a1, -855
core   0: 3 0x800054d2 (0xca958593) x11 0x80010177
core   0: 0x800054d6 (0x00d3c183) lbu     gp, 13(t2)
core   0: 3 0x800054d6 (0x00d3c183) x 3 0x000000b6 mem 0x800161fd
core   0: 0x800054da (0x0153c083) lbu     ra, 21(t2)
core   0: 3 0x800054da (0x0153c083) x 1 0x000000be mem 0x80016205
core   0: 0x800054de (0x03c382a3) sb      t3, 37(t2)
core   0: 3 0x800054de (0x03c382a3) mem 0x80016215 0x0
core   0: 0x800054e2 (0xfec58c83) lb      s9, -20(a1)
core   0: 3 0x800054e2 (0xfec58c83) x25 0x00000018 mem 0x80010163
core   0: 0x800054e6 (0x03839623) sh      s8, 44(t2)
core   0: 3 0x800054e6 (0x03839623) mem 0x8001621c 0xffff
core   0: 0x800054ea (0xff35da03) lhu     s4, -13(a1)
core   0: 3 0x800054ea (0xff35da03) x20 0x00002021 mem 0x8001016a
core   0: 0x800054ee (0x01d3ce03) lbu     t3, 29(t2)
core   0: 3 0x800054ee (0x01d3ce03) x28 0x000000c6 mem 0x8001620d
core   0: 0x800054f2 (0xfe658023) sb      t1, -32(a1)
core   0: 3 0x800054f2 (0xfe658023) mem 0x80010157 0x0
core   0: 0x800054f6 (0xfd838f23) sb      s8, -34(t2)
core   0: 3 0x800054f6 (0xfd838f23) mem 0x800161ce 0xff
core   0: 0x800054fa (0xff15d303) lhu     t1, -15(a1)
core   0: 3 0x800054fa (0xff15d303) x 6 0x00002223 mem 0x80010168
core   0: 0x800054fe (0xfc85c003) lbu     zero, -56(a1)
core   0: 3 0x800054fe (0xfc85c003) mem 0x8001013f
core   0: 0x80005502 (0xfe538303) lb      t1, -27(t2)
core   0: 3 0x80005502 (0xfe538303) x 6 0xffffff8e mem 0x800161d5
core   0: 0x80005506 (0xfd83d783) lhu     a5, -40(t2)
core   0: 3 0x80005506 (0xfd83d783) x15 0x00008283 mem 0x800161c8
core   0: 0x8000550a (0x01c25493) srli    s1, tp, 28
core   0: 3 0x8000550a (0x01c25493) x 9 0x00000007
core   0: 0x8000550e (0x01b9ec33) or      s8, s3, s11
core   0: 3 0x8000550e (0x01b9ec33) x24 0x80029cec
core   0: 0x80005512 (0x03b50663) beq     a0, s11, pc + 44
core   0: 3 0x80005512 (0x03b50663)
core   0: 0x80005516 (0x00008d7d) c.and   a0, a5
core   0: 3 0x80005516 (0x8d7d) x10 0x00000000
core   0: 0x80005518 (0x00008019) c.srli  s0, 6
core   0: 3 0x80005518 (0x8019) x 8 0x0004d400
core   0: 0x8000551a (0x47db8813) addi    a6, s7, 1149
core   0: 3 0x8000551a (0x47db8813) x16 0x0000047c
core   0: 0x8000551e (0x25883013) sltiu   zero, a6, 600
core   0: 3 0x8000551e (0x25883013)
core   0: 0x80005522 (0x02ef2933) mulhsu  s2, t5, a4
core   0: 3 0x80005522 (0x02ef2933) x18 0x00000000
core   0: 0x80005526 (0x256bf513) andi    a0, s7, 598
core   0: 3 0x80005526 (0x256bf513) x10 0x00000256
core   0: 0x8000552a (0xcb308ab7) lui     s5, 0xcb308
core   0: 3 0x8000552a (0xcb308ab7) x21 0xcb308000
core   0: 0x8000552e (0x41b15813) srai    a6, sp, 27
core   0: 3 0x8000552e (0x41b15813) x16 0x00000000
core   0: 0x80005532 (0x01bce2b3) or      t0, s9, s11
core   0: 3 0x80005532 (0x01bce2b3) x 5 0x80029cfc
core   0: 0x80005536 (0x03b3ca33) div     s4, t2, s11
core   0: 3 0x80005536 (0x03b3ca33) x20 0x00000001
core   0: 0x8000553a (0x01399563) bne     s3, s3, pc + 10
core   0: 3 0x8000553a (0x01399563)
core   0: 0x8000553e (0x405ad213) srai    tp, s5, 5
core   0: 3 0x8000553e (0x405ad213) x 4 0xfe598400
core   0: 0x80005542 (0x00000001) c.nop
core   0: 3 0x80005542 (0x0001)
core   0: 0x80005544 (0x000082cd) c.srli  a3, 19
core   0: 3 0x80005544 (0x82cd) x13 0x00000000
core   0: 0x80005546 (0x00000a8a) c.slli  s5, 2
core   0: 3 0x80005546 (0x0a8a) x21 0x2cc20000
core   0: 0x80005548 (0x0410b313) sltiu   t1, ra, 65
core   0: 3 0x80005548 (0x0410b313) x 6 0x00000000
core   0: 0x8000554c (0x4f103f13) sltiu   t5, zero, 1265
core   0: 3 0x8000554c (0x4f103f13) x30 0x00000001
core   0: 0x80005550 (0x00c1d693) srli    a3, gp, 12
core   0: 3 0x80005550 (0x00c1d693) x13 0x00000000
core   0: 0x80005554 (0x012d1763) bne     s10, s2, pc + 14
core   0: 3 0x80005554 (0x012d1763)
core   0: 0x80005562 (0x60e2a193) slti    gp, t0, 1550
core   0: 3 0x80005562 (0x60e2a193) x 3 0x00000001
core   0: 0x80005566 (0x0575e063) bltu    a1, s7, pc + 64
core   0: 3 0x80005566 (0x0575e063)
core   0: 0x800055a6 (0x020ab3b3) mulhu   t2, s5, zero
core   0: 3 0x800055a6 (0x020ab3b3) x 7 0x00000000
core   0: 0x800055aa (0x7439e613) ori     a2, s3, 1859
core   0: 3 0x800055aa (0x7439e613) x12 0x0000074b
core   0: 0x800055ae (0x8b178493) addi    s1, a5, -1871
core   0: 3 0x800055ae (0x8b178493) x 9 0x00007b34
core   0: 0x800055b2 (0x00365f33) srl     t5, a2, gp
core   0: 3 0x800055b2 (0x00365f33) x30 0x000003a5
core   0: 0x800055b6 (0xb4983113) sltiu   sp, a6, -1207
core   0: 3 0x800055b6 (0xb4983113) x 2 0x00000001
core   0: 0x800055ba (0x0ff0000f) fence   iorw,iorw
core   0: 3 0x800055ba (0x0ff0000f)
core   0: 0x800055be (0x00006935) c.lui   s2, 0xd
core   0: 3 0x800055be (0x6935) x18 0x0000d000
core   0: 0x800055c0 (0x01811e63) bne     sp, s8, pc + 28
core   0: 3 0x800055c0 (0x01811e63)
core   0: 0x800055dc (0x00006749) c.lui   a4, 0x12
core   0: 3 0x800055dc (0x6749) x14 0x00012000
core   0: 0x800055de (0x42ef6313) ori     t1, t5, 1070
core   0: 3 0x800055de (0x42ef6313) x 6 0x000007af
core   0: 0x800055e2 (0x01124fb3) xor     t6, tp, a7
core   0: 3 0x800055e2 (0x01124fb3) x31 0xc66bda21
core   0: 0x800055e6 (0x006d9a13) slli    s4, s11, 6
core   0: 3 0x800055e6 (0x006d9a13) x20 0x00a73900
core   0: 0x800055ea (0x0000cc95) c.beqz  s1, pc + 60
core   0: 3 0x800055ea (0xcc95)
core   0: 0x800055ec (0x02ba88b3) mul     a7, s5, a1
core   0: 3 0x800055ec (0x02ba88b3) x17 0x902e0000
core   0: 0x800055f0 (0x0000137d) c.addi  t1, -1
core   0: 3 0x800055f0 (0x137d) x 6 0x000007ae
core   0: 0x800055f2 (0x0088fbb3) and     s7, a7, s0
core   0: 3 0x800055f2 (0x0088fbb3) x23 0x00040000
core   0: 0x800055f6 (0x03a1e5b3) rem     a1, gp, s10
core   0: 3 0x800055f6 (0x03a1e5b3) x11 0x00000001
core   0: 0x800055fa (0x02137b63) bgeu    t1, ra, pc + 54
core   0: 3 0x800055fa (0x02137b63)
core   0: 0x80005630 (0x4029c217) auipc   tp, 0x4029c
core   0: 3 0x80005630 (0x4029c217) x 4 0xc02a1630
core   0: 0x80005634 (0x19988c93) addi    s9, a7, 409
core   0: 3 0x80005634 (0x19988c93) x25 0x902e0199
core   0: 0x80005638 (0x00000869) c.addi  a6, 26
core   0: 3 0x80005638 (0x0869) x16 0x0000001a
core   0: 0x8000563a (0x00008c85) c.sub   s1, s1
core   0: 3 0x8000563a (0x8c85) x 9 0x00000000
core   0: 0x8000563c (0x798ebb93) sltiu   s7, t4, 1944
core   0: 3 0x8000563c (0x798ebb93) x23 0x00000001
core   0: 0x80005640 (0x00e87fb3) and     t6, a6, a4
core   0: 3 0x80005640 (0x00e87fb3) x31 0x00000000
core   0: 0x80005644 (0x0ff0000f) fence   iorw,iorw
core   0: 3 0x80005644 (0x0ff0000f)
core   0: 0x80005648 (0x0000c909) c.beqz  a0, pc + 18
core   0: 3 0x80005648 (0xc909)
core   0: 0x8000564a (0x02a0cbb3) div     s7, ra, a0
core   0: 3 0x8000564a (0x02a0cbb3) x23 0x00000000
core   0: 0x8000564e (0x03974a33) div     s4, a4, s9
core   0: 3 0x8000564e (0x03974a33) x20 0x00000000
core   0: 0x80005652 (0x0000ef89) c.bnez  a5, pc + 26
core   0: 3 0x80005652 (0xef89)
core   0: 0x8000566c (0x016d4ab3) xor     s5, s10, s6
core   0: 3 0x8000566c (0x016d4ab3) x21 0x84025e64
core   0: 0x80005670 (0x00006129) c.addi16sp sp, 192
core   0: 3 0x80005670 (0x6129) x 2 0x000000c1
core   0: 0x80005672 (0x025f50b3) divu    ra, t5, t0
core   0: 3 0x80005672 (0x025f50b3) x 1 0x00000000
core   0: 0x80005676 (0x0000717d) c.addi16sp sp, -16
core   0: 3 0x80005676 (0x717d) x 2 0x000000b1
core   0: 0x80005678 (0x03ec1fb3) mulh    t6, s8, t5
core   0: 3 0x80005678 (0x03ec1fb3) x31 0xfffffe2d
core   0: 0x8000567c (0x017363b3) or      t2, t1, s7
core   0: 3 0x8000567c (0x017363b3) x 7 0x000007ae
core   0: 0x80005680 (0x0ff0000f) fence   iorw,iorw
core   0: 3 0x80005680 (0x0ff0000f)
core   0: 0x80005684 (0x0396c263) blt     a3, s9, pc + 36
core   0: 3 0x80005684 (0x0396c263)
core   0: 0x80005688 (0x01919a33) sll     s4, gp, s9
core   0: 3 0x80005688 (0x01919a33) x20 0x02000000
core   0: 0x8000568c (0x00008bd6) c.mv    s7, s5
core   0: 3 0x8000568c (0x8bd6) x23 0x84025e64
core   0: 0x8000568e (0x00008cb5) c.xor   s1, a3
core   0: 3 0x8000568e (0x8cb5) x 9 0x00000000
core   0: 0x80005690 (0x03264c63) blt     a2, s2, pc + 56
core   0: 3 0x80005690 (0x03264c63)
core   0: 0x800056c8 (0x0000100f) fence.i
core   0: 3 0x800056c8 (0x0000100f)
core   0: 0x800056cc (0x0000717d) c.addi16sp sp, -16
core   0: 3 0x800056cc (0x717d) x 2 0x000000a1
core   0: 0x800056ce (0x03b69f63) bne     a3, s11, pc + 62
core   0: 3 0x800056ce (0x03b69f63)
core   0: 0x8000570c (0x0164a2b3) slt     t0, s1, s6
core   0: 3 0x8000570c (0x0164a2b3) x 5 0x00000000
core   0: 0x80005710 (0xaa18c893) xori    a7, a7, -1375
core   0: 3 0x80005710 (0xaa18c893) x17 0x6fd1faa1
core   0: 0x80005714 (0x00000001) c.nop
core   0: 3 0x80005714 (0x0001)
core   0: 0x80005716 (0xdeecdeb7) lui     t4, 0xdeecd
core   0: 3 0x80005716 (0xdeecdeb7) x29 0xdeecd000
core   0: 0x8000571a (0x00001118) c.addi4spn a4, sp, 160
core   0: 3 0x8000571a (0x1118) x14 0x00000141
core   0: 0x8000571c (0x00004309) c.li    t1, 2
core   0: 3 0x8000571c (0x4309) x 6 0x00000002
core   0: 0x8000571e (0x8772fb93) andi    s7, t0, -1929
core   0: 3 0x8000571e (0x8772fb93) x23 0x00000000
core   0: 0x80005722 (0x02bec363) blt     t4, a1, pc + 38
core   0: 3 0x80005722 (0x02bec363)
core   0: 0x80005748 (0x99b3ae13) slti    t3, t2, -1637
core   0: 3 0x80005748 (0x99b3ae13) x28 0x00000000
core   0: 0x8000574c (0x00008c95) c.sub   s1, a3
core   0: 3 0x8000574c (0x8c95) x 9 0x00000000
core   0: 0x8000574e (0x03d99263) bne     s3, t4, pc + 36
core   0: 3 0x8000574e (0x03d99263)
core   0: 0x80005772 (0x03ff1f33) mulh    t5, t5, t6
core   0: 3 0x80005772 (0x03ff1f33) x30 0xffffffff
core   0: 0x80005776 (0x00000001) c.nop
core   0: 3 0x80005776 (0x0001)
core   0: 0x80005778 (0x0253d233) divu    tp, t2, t0
core   0: 3 0x80005778 (0x0253d233) x 4 0xffffffff
core   0: 0x8000577c (0x004767b3) or      a5, a4, tp
core   0: 3 0x8000577c (0x004767b3) x15 0xffffffff
core   0: 0x80005780 (0xe32e6813) ori     a6, t3, -462
core   0: 3 0x80005780 (0xe32e6813) x16 0xfffffe32
core   0: 0x80005784 (0x03e001b3) mul     gp, zero, t5
core   0: 3 0x80005784 (0x03e001b3) x 3 0x00000000
core   0: 0x80005788 (0xbc523713) sltiu   a4, tp, -1083
core   0: 3 0x80005788 (0xbc523713) x14 0x00000000
core   0: 0x8000578c (0x02adc3b3) div     t2, s11, a0
core   0: 3 0x8000578c (0x02adc3b3) x 7 0xffc93559
core   0: 0x80005790 (0x00008ebe) c.mv    t4, a5
core   0: 3 0x80005790 (0x8ebe) x29 0xffffffff
core   0: 0x80005792 (0x00f5abb3) slt     s7, a1, a5
core   0: 3 0x80005792 (0x00f5abb3) x23 0x00000000
core   0: 0x80005796 (0x00009afd) c.andi  a3, -1
core   0: 3 0x80005796 (0x9afd) x13 0x00000000
core   0: 0x80005798 (0x86b0e713) ori     a4, ra, -1941
core   0: 3 0x80005798 (0x86b0e713) x14 0xfffff86b
core   0: 0x8000579c (0x03da05b3) mul     a1, s4, t4
core   0: 3 0x8000579c (0x03da05b3) x11 0xfe000000
core   0: 0x800057a0 (0x00588eb3) add     t4, a7, t0
core   0: 3 0x800057a0 (0x00588eb3) x29 0x6fd1faa1
core   0: 0x800057a4 (0x816a7593) andi    a1, s4, -2026
core   0: 3 0x800057a4 (0x816a7593) x11 0x02000000
core   0: 0x800057a8 (0x0000ea05) c.bnez  a2, pc + 48
core   0: 3 0x800057a8 (0xea05)
core   0: 0x800057d8 (0x23b16613) ori     a2, sp, 571
core   0: 3 0x800057d8 (0x23b16613) x12 0x000002bb
core   0: 0x800057dc (0x00000b8c) c.addi4spn a1, sp, 464
core   0: 3 0x800057dc (0x0b8c) x11 0x00000271
core   0: 0x800057de (0x2200a293) slti    t0, ra, 544
core   0: 3 0x800057de (0x2200a293) x 5 0x00000001
core   0: 0x800057e2 (0x0039e563) bltu    s3, gp, pc + 10
core   0: 3 0x800057e2 (0x0039e563)
core   0: 0x800057e6 (0x00008fdd) c.or    a5, a5
core   0: 3 0x800057e6 (0x8fdd) x15 0xffffffff
core   0: 0x800057e8 (0x0149fa33) and     s4, s3, s4
core   0: 3 0x800057e8 (0x0149fa33) x20 0x00000000
core   0: 0x800057ec (0x03eddc33) divu    s8, s11, t5
core   0: 3 0x800057ec (0x03eddc33) x24 0x00000000
core   0: 0x800057f0 (0x0000e58d) c.bnez  a1, pc + 42
core   0: 3 0x800057f0 (0xe58d)
core   0: 0x8000581a (0x00008775) c.srai  a4, 29
core   0: 3 0x8000581a (0x8775) x14 0xffffffff
core   0: 0x8000581c (0x1d8e2893) slti    a7, t3, 472
core   0: 3 0x8000581c (0x1d8e2893) x17 0x00000001
core   0: 0x80005820 (0x00000308) c.addi4spn a0, sp, 384
core   0: 3 0x80005820 (0x0308) x10 0x00000221
core   0: 0x80005822 (0x727d1737) lui     a4, 0x727d1
core   0: 3 0x80005822 (0x727d1737) x14 0x727d1000
core   0: 0x80005826 (0x0115c4b3) xor     s1, a1, a7
core   0: 3 0x80005826 (0x0115c4b3) x 9 0x00000270
core   0: 0x8000582a (0x031c5d63) bge     s8, a7, pc + 58
core   0: 3 0x8000582a (0x031c5d63)
core   0: 0x8000582e (0x017b5b93) srli    s7, s6, 23
core   0: 3 0x8000582e (0x017b5b93) x23 0x00000100
core   0: 0x80005832 (0x00008411) c.srai  s0, 4
core   0: 3 0x80005832 (0x8411) x 8 0x00004d40
core   0: 0x80005834 (0x7d77e413) ori     s0, a5, 2007
core   0: 3 0x80005834 (0x7d77e413) x 8 0xffffffff
core   0: 0x80005838 (0x40f95a93) srai    s5, s2, 15
core   0: 3 0x80005838 (0x40f95a93) x21 0x00000001
core   0: 0x8000583c (0x000005be) c.slli  a1, 15
core   0: 3 0x8000583c (0x05be) x11 0x01388000
core   0: 0x8000583e (0x0284c3b3) div     t2, s1, s0
core   0: 3 0x8000583e (0x0284c3b3) x 7 0xfffffd90
core   0: 0x80005842 (0x00008999) c.andi  a1, 6
core   0: 3 0x80005842 (0x8999) x11 0x00000000
core   0: 0x80005844 (0x8074a693) slti    a3, s1, -2041
core   0: 3 0x80005844 (0x8074a693) x13 0x00000000
core   0: 0x80005848 (0x3ca12893) slti    a7, sp, 970
core   0: 3 0x80005848 (0x3ca12893) x17 0x00000001
core   0: 0x8000584c (0x00008871) c.andi  s0, 28
core   0: 3 0x8000584c (0x8871) x 8 0x0000001c
core   0: 0x8000584e (0x03cc2fb3) mulhsu  t6, s8, t3
core   0: 3 0x8000584e (0x03cc2fb3) x31 0x00000000
core   0: 0x80005852 (0x024578b3) remu    a7, a0, tp
core   0: 3 0x80005852 (0x024578b3) x17 0x00000221
core   0: 0x80005856 (0x00be48b3) xor     a7, t3, a1
core   0: 3 0x80005856 (0x00be48b3) x17 0x00000000
core   0: 0x8000585a (0x00008fb1) c.xor   a5, a2
core   0: 3 0x8000585a (0x8fb1) x15 0xfffffd44
core   0: 0x8000585c (0x0389be33) mulhu   t3, s3, s8
core   0: 3 0x8000585c (0x0389be33) x28 0x00000000
core   0: 0x80005860 (0x01782033) slt     zero, a6, s7
core   0: 3 0x80005860 (0x01782033)
core   0: 0x80005864 (0x01d155b3) srl     a1, sp, t4
core   0: 3 0x80005864 (0x01d155b3) x11 0x00000050
core   0: 0x80005868 (0x005a0a63) beq     s4, t0, pc + 20
core   0: 3 0x80005868 (0x005a0a63)
core   0: 0x8000586c (0x00f3d6b3) srl     a3, t2, a5
core   0: 3 0x8000586c (0x00f3d6b3) x13 0x0fffffd9
core   0: 0x80005870 (0x6c2f0813) addi    a6, t5, 1730
core   0: 3 0x80005870 (0x6c2f0813) x16 0x000006c1
core   0: 0x80005874 (0x00000001) c.nop
core   0: 3 0x80005874 (0x0001)
core   0: 0x80005876 (0xcc9d4593) xori    a1, s10, -823
core   0: 3 0x80005876 (0xcc9d4593) x11 0xfbfffcc9
core   0: 0x8000587a (0x00008e19) c.sub   a2, a4
core   0: 3 0x8000587a (0x8e19) x12 0x8d82f2bb
core   0: 0x8000587c (0x02fed533) divu    a0, t4, a5
core   0: 3 0x8000587c (0x02fed533) x10 0x00000000
core   0: 0x80005880 (0x0000717d) c.addi16sp sp, -16
core   0: 3 0x80005880 (0x717d) x 2 0x00000091
core   0: 0x80005882 (0x00008db1) c.xor   a1, a2
core   0: 3 0x80005882 (0x8db1) x11 0x767d0e72
core   0: 0x80005884 (0x00000001) c.nop
core   0: 3 0x80005884 (0x0001)
core   0: 0x80005886 (0x01bbf633) and     a2, s7, s11
core   0: 3 0x80005886 (0x01bbf633) x12 0x00000000
core   0: 0x8000588a (0x0361bc33) mulhu   s8, gp, s6
core   0: 3 0x8000588a (0x0361bc33) x24 0x00000000
core   0: 0x8000588e (0x0260ad33) mulhsu  s10, ra, t1
core   0: 3 0x8000588e (0x0260ad33) x26 0x00000000
core   0: 0x80005892 (0x2ff8e397) auipc   t2, 0x2ff8e
core   0: 3 0x80005892 (0x2ff8e397) x 7 0xaff93892
core   0: 0x80005896 (0x407fdc93) srai    s9, t6, 7
core   0: 3 0x80005896 (0x407fdc93) x25 0x00000000
core   0: 0x8000589a (0x021451b3) divu    gp, s0, ra
core   0: 3 0x8000589a (0x021451b3) x 3 0xffffffff
core   0: 0x8000589e (0x02613133) mulhu   sp, sp, t1
core   0: 3 0x8000589e (0x02613133) x 2 0x00000000
core   0: 0x800058a2 (0x020952b3) divu    t0, s2, zero
core   0: 3 0x800058a2 (0x020952b3) x 5 0xffffffff
core   0: 0x800058a6 (0x01029793) slli    a5, t0, 16
core   0: 3 0x800058a6 (0x01029793) x15 0xffff0000
core   0: 0x800058aa (0x006e0a33) add     s4, t3, t1
core   0: 3 0x800058aa (0x006e0a33) x20 0x00000002
core   0: 0x800058ae (0x03846633) rem     a2, s0, s8
core   0: 3 0x800058ae (0x03846633) x12 0x0000001c
core   0: 0x800058b2 (0x400f8333) sub     t1, t6, zero
core   0: 3 0x800058b2 (0x400f8333) x 6 0x00000000
core   0: 0x800058b6 (0x01064f63) blt     a2, a6, pc + 30
core   0: 3 0x800058b6 (0x01064f63)
core   0: 0x800058d4 (0x0000100f) fence.i
core   0: 3 0x800058d4 (0x0000100f)
core   0: 0x800058d8 (0x3f640213) addi    tp, s0, 1014
core   0: 3 0x800058d8 (0x3f640213) x 4 0x00000412
core   0: 0x800058dc (0x1a7df413) andi    s0, s11, 423
core   0: 3 0x800058dc (0x1a7df413) x 8 0x000000a4
core   0: 0x800058e0 (0x024ecab3) div     s5, t4, tp
core   0: 3 0x800058e0 (0x024ecab3) x21 0x001b78de
core   0: 0x800058e4 (0x0049dd13) srli    s10, s3, 4
core   0: 3 0x800058e4 (0x0049dd13) x26 0x00000000
core   0: 0x800058e8 (0x01add933) srl     s2, s11, s10
core   0: 3 0x800058e8 (0x01add933) x18 0x80029ce4
core   0: 0x800058ec (0x010d5893) srli    a7, s10, 16
core   0: 3 0x800058ec (0x010d5893) x17 0x00000000
core   0: 0x800058f0 (0x0000840a) c.mv    s0, sp
core   0: 3 0x800058f0 (0x840a) x 8 0x00000000
core   0: 0x800058f2 (0x017355b3) srl     a1, t1, s7
core   0: 3 0x800058f2 (0x017355b3) x11 0x00000000
core   0: 0x800058f6 (0x99932613) slti    a2, t1, -1639
core   0: 3 0x800058f6 (0x99932613) x12 0x00000000
core   0: 0x800058fa (0x0000717d) c.addi16sp sp, -16
core   0: 3 0x800058fa (0x717d) x 2 0xfffffff0
core   0: 0x800058fc (0x02431bb3) mulh    s7, t1, tp
core   0: 3 0x800058fc (0x02431bb3) x23 0x00000000
core   0: 0x80005900 (0x00da7bb3) and     s7, s4, a3
core   0: 3 0x80005900 (0x00da7bb3) x23 0x00000000
core   0: 0x80005904 (0x0000e7e9) c.bnez  a5, pc + 202
core   0: 3 0x80005904 (0xe7e9)
core   0: 0x800059ce (0x40ded213) srai    tp, t4, 13
core   0: 3 0x800059ce (0x40ded213) x 4 0x00037e8f
core   0: 0x800059d2 (0x00008f95) c.sub   a5, a3
core   0: 3 0x800059d2 (0x8f95) x15 0xefff0027
core   0: 0x800059d4 (0x000083a5) c.srli  a5, 9
core   0: 3 0x800059d4 (0x83a5) x15 0x0077ff80
core   0: 0x800059d6 (0x00008166) c.mv    sp, s9
core   0: 3 0x800059d6 (0x8166) x 2 0x00000000
core   0: 0x800059d8 (0x0ff0000f) fence   iorw,iorw
core   0: 3 0x800059d8 (0x0ff0000f)
core   0: 0x800059dc (0x0097ebb3) or      s7, a5, s1
core   0: 3 0x800059dc (0x0097ebb3) x23 0x0077fff0
core   0: 0x800059e0 (0x026763b3) rem     t2, a4, t1
core   0: 3 0x800059e0 (0x026763b3) x 7 0x727d1000
core   0: 0x800059e4 (0x994b3913) sltiu   s2, s6, -1644
core   0: 3 0x800059e4 (0x994b3913) x18 0x00000001
core   0: 0x800059e8 (0x00008569) c.srai  a0, 26
core   0: 3 0x800059e8 (0x8569) x10 0x00000000
core   0: 0x800059ea (0x00000d52) c.slli  s10, 20
core   0: 3 0x800059ea (0x0d52) x26 0x00000000
core   0: 0x800059ec (0x9919b913) sltiu   s2, s3, -1647
core   0: 3 0x800059ec (0x9919b913) x18 0x00000001
core   0: 0x800059f0 (0x95f17513) andi    a0, sp, -1697
core   0: 3 0x800059f0 (0x95f17513) x10 0x00000000
core   0: 0x800059f4 (0x00000001) c.nop
core   0: 3 0x800059f4 (0x0001)
core   0: 0x800059f6 (0x00000001) c.nop
core   0: 3 0x800059f6 (0x0001)
core   0: 0x800059f8 (0x7944ff13) andi    t5, s1, 1940
core   0: 3 0x800059f8 (0x7944ff13) x30 0x00000210
core   0: 0x800059fc (0x00009372) c.add   t1, t3
core   0: 3 0x800059fc (0x9372) x 6 0x00000000
core   0: 0x800059fe (0x03bf07b3) mul     a5, t5, s11
core   0: 3 0x800059fe (0x03bf07b3) x15 0x05639640
core   0: 0x80005a02 (0x0000109c) c.addi4spn a5, sp, 96
core   0: 3 0x80005a02 (0x109c) x15 0x00000060
core   0: 0x80005a04 (0x01539cb3) sll     s9, t2, s5
core   0: 3 0x80005a04 (0x01539cb3) x25 0x00000000
core   0: 0x80005a08 (0x02925433) divu    s0, tp, s1
core   0: 3 0x80005a08 (0x02925433) x 8 0x0000016e
core   0: 0x80005a0c (0x026c8f33) mul     t5, s9, t1
core   0: 3 0x80005a0c (0x026c8f33) x30 0x00000000
core   0: 0x80005a10 (0x86913293) sltiu   t0, sp, -1943
core   0: 3 0x80005a10 (0x86913293) x 5 0x00000001
core   0: 0x80005a14 (0x00008ebd) c.xor   a3, a5
core   0: 3 0x80005a14 (0x8ebd) x13 0x0fffffb9
core   0: 0x80005a16 (0x03abe333) rem     t1, s7, s10
core   0: 3 0x80005a16 (0x03abe333) x 6 0x0077fff0
core   0: 0x80005a1a (0x00b1afb3) slt     t6, gp, a1
core   0: 3 0x80005a1a (0x00b1afb3) x31 0x00000001
core   0: 0x80005a1e (0x00008eed) c.and   a3, a1
core   0: 3 0x80005a1e (0x8eed) x13 0x00000000
core   0: 0x80005a20 (0x5c278213) addi    tp, a5, 1474
core   0: 3 0x80005a20 (0x5c278213) x 4 0x00000622
core   0: 0x80005a24 (0x04ae9263) bne     t4, a0, pc + 68
core   0: 3 0x80005a24 (0x04ae9263)
core   0: 0x80005a68 (0x0000ce81) c.beqz  a3, pc + 24
core   0: 3 0x80005a68 (0xce81)
core   0: 0x80005a80 (0x0000809a) c.mv    ra, t1
core   0: 3 0x80005a80 (0x809a) x 1 0x0077fff0
core   0: 0x80005a82 (0x023b7d63) bgeu    s6, gp, pc + 58
core   0: 3 0x80005a82 (0x023b7d63)
core   0: 0x80005a86 (0x00006091) c.lui   ra, 0x4
core   0: 3 0x80005a86 (0x6091) x 1 0x00004000
core   0: 0x80005a88 (0x50e24737) lui     a4, 0x50e24
core   0: 3 0x80005a88 (0x50e24737) x14 0x50e24000
core   0: 0x80005a8c (0x000018fd) c.addi  a7, -1
core   0: 3 0x80005a8c (0x18fd) x17 0xffffffff
core   0: 0x80005a8e (0x0000e799) c.bnez  a5, pc + 14
core   0: 3 0x80005a8e (0xe799)
core   0: 0x80005a9c (0x00000946) c.slli  s2, 17
core   0: 3 0x80005a9c (0x0946) x18 0x00020000
core   0: 0x80005a9e (0x022bc4b3) div     s1, s7, sp
core   0: 3 0x80005a9e (0x022bc4b3) x 9 0xffffffff
core   0: 0x80005aa2 (0x00008fb9) c.xor   a5, a4
core   0: 3 0x80005aa2 (0x8fb9) x15 0x50e24060
core   0: 0x80005aa4 (0x006a9cb3) sll     s9, s5, t1
core   0: 3 0x80005aa4 (0x006a9cb3) x25 0x78de0000
core   0: 0x80005aa8 (0x00008e51) c.or    a2, a2
core   0: 3 0x80005aa8 (0x8e51) x12 0x00000000
core   0: 0x80005aaa (0x02bdcd33) div     s10, s11, a1
core   0: 3 0x80005aaa (0x02bdcd33) x26 0xffffffff
core   0: 0x80005aae (0x00008dc9) c.or    a1, a0
core   0: 3 0x80005aae (0x8dc9) x11 0x00000000
core   0: 0x80005ab0 (0x0349e433) rem     s0, s3, s4
core   0: 3 0x80005ab0 (0x0349e433) x 8 0x00000000
core   0: 0x80005ab4 (0x02188f33) mul     t5, a7, ra
core   0: 3 0x80005ab4 (0x02188f33) x30 0xffffc000
core   0: 0x80005ab8 (0x42eb8013) addi    zero, s7, 1070
core   0: 3 0x80005ab8 (0x42eb8013)
core   0: 0x80005abc (0x00008fad) c.xor   a5, a1
core   0: 3 0x80005abc (0x8fad) x15 0x50e24060
core   0: 0x80005abe (0x00001afd) c.addi  s5, -1
core   0: 3 0x80005abe (0x1afd) x21 0x001b78dd
core   0: 0x80005ac0 (0x00009afd) c.andi  a3, -1
core   0: 3 0x80005ac0 (0x9afd) x13 0x00000000
core   0: 0x80005ac2 (0x0080abb3) slt     s7, ra, s0
core   0: 3 0x80005ac2 (0x0080abb3) x23 0x00000000
core   0: 0x80005ac6 (0x02b46933) rem     s2, s0, a1
core   0: 3 0x80005ac6 (0x02b46933) x18 0x00000000
core   0: 0x80005aca (0x02f21e33) mulh    t3, tp, a5
core   0: 3 0x80005aca (0x02f21e33) x28 0x000001f0
core   0: 0x80005ace (0x0000187d) c.addi  a6, -1
core   0: 3 0x80005ace (0x187d) x16 0x000006c0
core   0: 0x80005ad0 (0x0213ec63) bltu    t2, ra, pc + 56
core   0: 3 0x80005ad0 (0x0213ec63)
core   0: 0x80005ad4 (0x030a43b3) div     t2, s4, a6
core   0: 3 0x80005ad4 (0x030a43b3) x 7 0x00000000
core   0: 0x80005ad8 (0x007023b3) slt     t2, zero, t2
core   0: 3 0x80005ad8 (0x007023b3) x 7 0x00000000
core   0: 0x80005adc (0x021da8b3) mulhsu  a7, s11, ra
core   0: 3 0x80005adc (0x021da8b3) x17 0xffffe000
core   0: 0x80005ae0 (0x00006869) c.lui   a6, 0x1a
core   0: 3 0x80005ae0 (0x6869) x16 0x0001a000
core   0: 0x80005ae2 (0x000089c9) c.andi  a1, 18
core   0: 3 0x80005ae2 (0x89c9) x11 0x00000000
core   0: 0x80005ae4 (0x007ee933) or      s2, t4, t2
core   0: 3 0x80005ae4 (0x007ee933) x18 0x6fd1faa1
core   0: 0x80005ae8 (0x010e2133) slt     sp, t3, a6
core   0: 3 0x80005ae8 (0x010e2133) x 2 0x00000001
core   0: 0x80005aec (0x41748cb3) sub     s9, s1, s7
core   0: 3 0x80005aec (0x41748cb3) x25 0xffffffff
core   0: 0x80005af0 (0x00008bf9) c.andi  a5, 30
core   0: 3 0x80005af0 (0x8bf9) x15 0x00000000
core   0: 0x80005af2 (0x4095df93) srai    t6, a1, 9
core   0: 3 0x80005af2 (0x4095df93) x31 0x00000000
core   0: 0x80005af6 (0x8bceab93) slti    s7, t4, -1860
core   0: 3 0x80005af6 (0x8bceab93) x23 0x00000000
core   0: 0x80005afa (0x0000141c) c.addi4spn a5, sp, 544
core   0: 3 0x80005afa (0x141c) x15 0x00000221
core   0: 0x80005afc (0x00008db9) c.xor   a1, a4
core   0: 3 0x80005afc (0x8db9) x11 0x50e24000
core   0: 0x80005afe (0x0ff0000f) fence   iorw,iorw
core   0: 3 0x80005afe (0x0ff0000f)
core   0: 0x80005b02 (0x039b3833) mulhu   a6, s6, s9
core   0: 3 0x80005b02 (0x039b3833) x16 0x80025e63
core   0: 0x80005b06 (0x00009e1e) c.add   t3, t2
core   0: 3 0x80005b06 (0x9e1e) x28 0x000001f0
core   0: 0x80005b08 (0x03edba33) mulhu   s4, s11, t5
core   0: 3 0x80005b08 (0x03edba33) x20 0x80027ce3
core   0: 0x80005b0c (0x02f97d33) remu    s10, s2, a5
core   0: 3 0x80005b0c (0x02f97d33) x26 0x000001cd
core   0: 0x80005b10 (0x00f71763) bne     a4, a5, pc + 14
core   0: 3 0x80005b10 (0x00f71763)
core   0: 0x80005b1e (0xba95e693) ori     a3, a1, -1111
core   0: 3 0x80005b1e (0xba95e693) x13 0xfffffba9
core   0: 0x80005b22 (0x00008f75) c.and   a4, a3
core   0: 3 0x80005b22 (0x8f75) x14 0x50e24000
core   0: 0x80005b24 (0x031af133) remu    sp, s5, a7
core   0: 3 0x80005b24 (0x031af133) x 2 0x001b78dd
core   0: 0x80005b28 (0x02efcab3) div     s5, t6, a4
core   0: 3 0x80005b28 (0x02efcab3) x21 0x00000000
core   0: 0x80005b2c (0x9c85cd37) lui     s10, 0x9c85c
core   0: 3 0x80005b2c (0x9c85cd37) x26 0x9c85c000
core   0: 0x80005b30 (0x00944333) xor     t1, s0, s1
core   0: 3 0x80005b30 (0x00944333) x 6 0xffffffff
core   0: 0x80005b34 (0x038487b3) mul     a5, s1, s8
core   0: 3 0x80005b34 (0x038487b3) x15 0x00000000
core   0: 0x80005b38 (0x018c08b3) add     a7, s8, s8
core   0: 3 0x80005b38 (0x018c08b3) x17 0x00000000
core   0: 0x80005b3c (0x03285fb3) divu    t6, a6, s2
core   0: 3 0x80005b3c (0x03285fb3) x31 0x00000001
core   0: 0x80005b40 (0x00008e91) c.sub   a3, a2
core   0: 3 0x80005b40 (0x8e91) x13 0xfffffba9
core   0: 0x80005b42 (0x0000ea15) c.bnez  a2, pc + 52
core   0: 3 0x80005b42 (0xea15)
core   0: 0x80005b44 (0x7d962413) slti    s0, a2, 2009
core   0: 3 0x80005b44 (0x7d962413) x 8 0x00000001
core   0: 0x80005b48 (0x00009bfd) c.andi  a5, -1
core   0: 3 0x80005b48 (0x9bfd) x15 0x00000000
core   0: 0x80005b4a (0x0000ec19) c.bnez  s0, pc + 30
core   0: 3 0x80005b4a (0xec19)
core   0: 0x80005b68 (0x0000959a) c.add   a1, t1
core   0: 3 0x80005b68 (0x959a) x11 0x50e23fff
core   0: 0x80005b6a (0x000065f9) c.lui   a1, 0x1e
core   0: 3 0x80005b6a (0x65f9) x11 0x0001e000
core   0: 0x80005b6c (0x02d21033) mulh    zero, tp, a3
core   0: 3 0x80005b6c (0x02d21033)
core   0: 0x80005b70 (0x0000717d) c.addi16sp sp, -16
core   0: 3 0x80005b70 (0x717d) x 2 0x001b78cd
core   0: 0x80005b72 (0x00fc5893) srli    a7, s8, 15
core   0: 3 0x80005b72 (0x00fc5893) x17 0x00000000
core   0: 0x80005b76 (0x00009493) slli    s1, ra, 0
core   0: 3 0x80005b76 (0x00009493) x 9 0x00004000
core   0: 0x80005b7a (0xb38ada37) lui     s4, 0xb38ad
core   0: 3 0x80005b7a (0xb38ada37) x20 0xb38ad000
core   0: 0x80005b7e (0x00008c55) c.or    s0, a3
core   0: 3 0x80005b7e (0x8c55) x 8 0xfffffba9
core   0: 0x80005b80 (0x0f3fa913) slti    s2, t6, 243
core   0: 3 0x80005b80 (0x0f3fa913) x18 0x00000001
core   0: 0x80005b84 (0x00008e61) c.and   a2, s0
core   0: 3 0x80005b84 (0x8e61) x12 0x00000000
core   0: 0x80005b86 (0x00000001) c.nop
core   0: 3 0x80005b86 (0x0001)
core   0: 0x80005b88 (0x0297d163) bge     a5, s1, pc + 34
core   0: 3 0x80005b88 (0x0297d163)
core   0: 0x80005b8c (0x0000e991) c.bnez  a1, pc + 20
core   0: 3 0x80005b8c (0xe991)
core   0: 0x80005ba0 (0x0256acb3) mulhsu  s9, a3, t0
core   0: 3 0x80005ba0 (0x0256acb3) x25 0xffffffff
core   0: 0x80005ba4 (0x0000ca9d) c.beqz  a3, pc + 54
core   0: 3 0x80005ba4 (0xca9d)
core   0: 0x80005ba6 (0x00005d7d) c.li    s10, -1
core   0: 3 0x80005ba6 (0x5d7d) x26 0xffffffff
core   0: 0x80005ba8 (0x00000001) c.nop
core   0: 3 0x80005ba8 (0x0001)
core   0: 0x80005baa (0xa8e29cb7) lui     s9, 0xa8e29
core   0: 3 0x80005baa (0xa8e29cb7) x25 0xa8e29000
core   0: 0x80005bae (0x01caaf33) slt     t5, s5, t3
core   0: 3 0x80005bae (0x01caaf33) x30 0x00000001
core   0: 0x80005bb2 (0x01be1563) bne     t3, s11, pc + 10
core   0: 3 0x80005bb2 (0x01be1563)
core   0: 0x80005bbc (0x00b7a933) slt     s2, a5, a1
core   0: 3 0x80005bbc (0x00b7a933) x18 0x00000001
core   0: 0x80005bc0 (0x0041afb3) slt     t6, gp, tp
core   0: 3 0x80005bc0 (0x0041afb3) x31 0x00000001
core   0: 0x80005bc4 (0x0000100f) fence.i
core   0: 3 0x80005bc4 (0x0000100f)
core   0: 0x80005bc8 (0x0000717d) c.addi16sp sp, -16
core   0: 3 0x80005bc8 (0x717d) x 2 0x001b78bd
core   0: 0x80005bca (0x0fdf8613) addi    a2, t6, 253
core   0: 3 0x80005bca (0x0fdf8613) x12 0x000000fe
core   0: 0x80005bce (0x02eb6533) rem     a0, s6, a4
core   0: 3 0x80005bce (0x02eb6533) x10 0xd0e49e64
core   0: 0x80005bd2 (0x61f9f513) andi    a0, s3, 1567
core   0: 3 0x80005bd2 (0x61f9f513) x10 0x00000008
core   0: 0x80005bd6 (0x0000147d) c.addi  s0, -1
core   0: 3 0x80005bd6 (0x147d) x 8 0xfffffba8
core   0: 0x80005bd8 (0x0000c485) c.beqz  s1, pc + 40
core   0: 3 0x80005bd8 (0xc485)
core   0: 0x80005bda (0x025b1a33) mulh    s4, s6, t0
core   0: 3 0x80005bda (0x025b1a33) x20 0xffffffff
core   0: 0x80005bde (0x00660913) addi    s2, a2, 6
core   0: 3 0x80005bde (0x00660913) x18 0x00000104
core   0: 0x80005be2 (0x029ca633) mulhsu  a2, s9, s1
core   0: 3 0x80005be2 (0x029ca633) x12 0xffffea38
core   0: 0x80005be6 (0x034766b3) rem     a3, a4, s4
core   0: 3 0x80005be6 (0x034766b3) x13 0x00000000
core   0: 0x80005bea (0x00004759) c.li    a4, 22
core   0: 3 0x80005bea (0x4759) x14 0x00000016
core   0: 0x80005bec (0x000088e1) c.andi  s1, 24
core   0: 3 0x80005bec (0x88e1) x 9 0x00000000
core   0: 0x80005bee (0x0000c611) c.beqz  a2, pc + 12
core   0: 3 0x80005bee (0xc611)
core   0: 0x80005bf0 (0x01226a33) or      s4, tp, s2
core   0: 3 0x80005bf0 (0x01226a33) x20 0x00000726
core   0: 0x80005bf4 (0xc9a1b493) sltiu   s1, gp, -870
core   0: 3 0x80005bf4 (0xc9a1b493) x 9 0x00000000
core   0: 0x80005bf8 (0x00001b18) c.addi4spn a4, sp, 432
core   0: 3 0x80005bf8 (0x1b18) x14 0x001b7a6d
core   0: 0x80005bfa (0x0000e585) c.bnez  a1, pc + 40
core   0: 3 0x80005bfa (0xe585)
core   0: 0x80005c22 (0x00008c35) c.xor   s0, a3
core   0: 3 0x80005c22 (0x8c35) x 8 0xfffffba8
core   0: 0x80005c24 (0x00008fbe) c.mv    t6, a5
core   0: 3 0x80005c24 (0x8fbe) x31 0x00000000
core   0: 0x80005c26 (0x000086f1) c.srai  a3, 28
core   0: 3 0x80005c26 (0x86f1) x13 0x00000000
core   0: 0x80005c28 (0x0000011a) c.slli  sp, 6
core   0: 3 0x80005c28 (0x011a) x 2 0x06de2f40
core   0: 0x80005c2a (0x00009afd) c.andi  a3, -1
core   0: 3 0x80005c2a (0x9afd) x13 0x00000000
core   0: 0x80005c2c (0x40bddc93) srai    s9, s11, 11
core   0: 3 0x80005c2c (0x40bddc93) x25 0xfff00053
core   0: 0x80005c30 (0x037ce263) bltu    s9, s7, pc + 36
core   0: 3 0x80005c30 (0x037ce263)
core   0: 0x80005c34 (0xa8c6f393) andi    t2, a3, -1396
core   0: 3 0x80005c34 (0xa8c6f393) x 7 0x00000000
core   0: 0x80005c38 (0x40805213) srai    tp, zero, 8
core   0: 3 0x80005c38 (0x40805213) x 4 0x00000000
core   0: 0x80005c3c (0x0000801d) c.srli  s0, 7
core   0: 3 0x80005c3c (0x801d) x 8 0x01fffff7
core   0: 0x80005c3e (0x01d0e333) or      t1, ra, t4
core   0: 3 0x80005c3e (0x01d0e333) x 6 0x6fd1faa1
core   0: 0x80005c42 (0x000040ad) c.li    ra, 11
core   0: 3 0x80005c42 (0x40ad) x 1 0x0000000b
core   0: 0x80005c44 (0x03ba31b3) mulhu   gp, s4, s11
core   0: 3 0x80005c44 (0x03ba31b3) x 3 0x00000393
core   0: 0x80005c48 (0x00008e61) c.and   a2, s0
core   0: 3 0x80005c48 (0x8e61) x12 0x01ffea30
core   0: 0x80005c4a (0x00001308) c.addi4spn a0, sp, 416
core   0: 3 0x80005c4a (0x1308) x10 0x06de30e0
core   0: 0x80005c4c (0x91834593) xori    a1, t1, -1768
core   0: 3 0x80005c4c (0x91834593) x11 0x902e03b9
core   0: 0x80005c50 (0x01049e63) bne     s1, a6, pc + 28
core   0: 3 0x80005c50 (0x01049e63)
core   0: 0x80005c6c (0x0000813d) c.srli  a0, 15
core   0: 3 0x80005c6c (0x813d) x10 0x00000dbc
core   0: 0x80005c6e (0xcfa17513) andi    a0, sp, -774
core   0: 3 0x80005c6e (0xcfa17513) x10 0x06de2c40
core   0: 0x80005c72 (0x019e9633) sll     a2, t4, s9
core   0: 3 0x80005c72 (0x019e9633) x12 0xd5080000
core   0: 0x80005c76 (0x005b5c93) srli    s9, s6, 5
core   0: 3 0x80005c76 (0x005b5c93) x25 0x040012f3
core   0: 0x80005c7a (0x00000890) c.addi4spn a2, sp, 80
core   0: 3 0x80005c7a (0x0890) x12 0x06de2f90
core   0: 0x80005c7c (0x094e1863) bne     t3, s4, pc + 144
core   0: 3 0x80005c7c (0x094e1863)
core   0: 0x80005d0c (0x00000726) c.slli  a4, 9
core   0: 3 0x80005d0c (0x0726) x14 0x36f4da00
core   0: 0x80005d0e (0x00008eb9) c.xor   a3, a4
core   0: 3 0x80005d0e (0x8eb9) x13 0x36f4da00
core   0: 0x80005d10 (0x005d5963) bge     s10, t0, pc + 18
core   0: 3 0x80005d10 (0x005d5963)
core   0: 0x80005d14 (0x40958833) sub     a6, a1, s1
core   0: 3 0x80005d14 (0x40958833) x16 0x902e03b9
core   0: 0x80005d18 (0x00aa4133) xor     sp, s4, a0
core   0: 3 0x80005d18 (0x00aa4133) x 2 0x06de2b66
core   0: 0x80005d1c (0x00000001) c.nop
core   0: 3 0x80005d1c (0x0001)
core   0: 0x80005d1e (0x0000855d) c.srai  a0, 23
core   0: 3 0x80005d1e (0x855d) x10 0x0000000d
core   0: 0x80005d20 (0x0000866d) c.srai  a2, 27
core   0: 3 0x80005d20 (0x866d) x12 0x00000000
core   0: 0x80005d22 (0x00008d65) c.and   a0, s1
core   0: 3 0x80005d22 (0x8d65) x10 0x00000000
core   0: 0x80005d24 (0x02bb7463) bgeu    s6, a1, pc + 40
core   0: 3 0x80005d24 (0x02bb7463)
core   0: 0x80005d28 (0xb14ca197) auipc   gp, 0xb14ca
core   0: 3 0x80005d28 (0xb14ca197) x 3 0x314cfd28
core   0: 0x80005d2c (0x00000001) c.nop
core   0: 3 0x80005d2c (0x0001)
core   0: 0x80005d2e (0x00921593) slli    a1, tp, 9
core   0: 3 0x80005d2e (0x00921593) x11 0x00000000
core   0: 0x80005d32 (0x4042dd13) srai    s10, t0, 4
core   0: 3 0x80005d32 (0x4042dd13) x26 0x00000000
core   0: 0x80005d36 (0x00780e63) beq     a6, t2, pc + 28
core   0: 3 0x80005d36 (0x00780e63)
core   0: 0x80005d3a (0x00008f31) c.xor   a4, a2
core   0: 3 0x80005d3a (0x8f31) x14 0x36f4da00
core   0: 0x80005d3c (0x016e8633) add     a2, t4, s6
core   0: 3 0x80005d3c (0x016e8633) x12 0xefd45905
core   0: 0x80005d40 (0x03a7b3b3) mulhu   t2, a5, s10
core   0: 3 0x80005d40 (0x03a7b3b3) x 7 0x00000000
core   0: 0x80005d44 (0x03b95933) divu    s2, s2, s11
core   0: 3 0x80005d44 (0x03b95933) x18 0x00000000
core   0: 0x80005d48 (0x010bfd63) bgeu    s7, a6, pc + 26
core   0: 3 0x80005d48 (0x010bfd63)
core   0: 0x80005d4c (0x00000001) c.nop
core   0: 3 0x80005d4c (0x0001)
core   0: 0x80005d4e (0x0337e063) bltu    a5, s3, pc + 32
core   0: 3 0x80005d4e (0x0337e063)
core   0: 0x80005d6e (0x000041e5) c.li    gp, 25
core   0: 3 0x80005d6e (0x41e5) x 3 0x00000019
core   0: 0x80005d70 (0xa483c513) xori    a0, t2, -1464
core   0: 3 0x80005d70 (0xa483c513) x10 0xfffffa48
core   0: 0x80005d74 (0x00dba933) slt     s2, s7, a3
core   0: 3 0x80005d74 (0x00dba933) x18 0x00000001
core   0: 0x80005d78 (0x027625b3) mulhsu  a1, a2, t2
core   0: 3 0x80005d78 (0x027625b3) x11 0x00000000
core   0: 0x80005d7c (0x008fd933) srl     s2, t6, s0
core   0: 3 0x80005d7c (0x008fd933) x18 0x00000000
core   0: 0x80005d80 (0x031db133) mulhu   sp, s11, a7
core   0: 3 0x80005d80 (0x031db133) x 2 0x00000000
core   0: 0x80005d84 (0x0000611d) c.addi16sp sp, 416
core   0: 3 0x80005d84 (0x611d) x 2 0x000001a0
core   0: 0x80005d86 (0x0046d793) srli    a5, a3, 4
core   0: 3 0x80005d86 (0x0046d793) x15 0x036f4da0
core   0: 0x80005d8a (0x9403f093) andi    ra, t2, -1728
core   0: 3 0x80005d8a (0x9403f093) x 1 0x00000000
core   0: 0x80005d8e (0x0155b233) sltu    tp, a1, s5
core   0: 3 0x80005d8e (0x0155b233) x 4 0x00000000
core   0: 0x80005d92 (0x99514517) auipc   a0, 0x99514
core   0: 3 0x80005d92 (0x99514517) x10 0x19519d92
core   0: 0x80005d96 (0x0000ee05) c.bnez  a2, pc + 56
core   0: 3 0x80005d96 (0xee05)
core   0: 0x80005dce (0x036db5b3) mulhu   a1, s11, s6
core   0: 3 0x80005dce (0x036db5b3) x11 0x40027daa
core   0: 0x80005dd2 (0x011a8fb3) add     t6, s5, a7
core   0: 3 0x80005dd2 (0x011a8fb3) x31 0x00000000
core   0: 0x80005dd6 (0x000010fd) c.addi  ra, -1
core   0: 3 0x80005dd6 (0x10fd) x 1 0xffffffff
core   0: 0x80005dd8 (0x00000001) c.nop
core   0: 3 0x80005dd8 (0x0001)
core   0: 0x80005dda (0x005745b3) xor     a1, a4, t0
core   0: 3 0x80005dda (0x005745b3) x11 0x36f4da01
core   0: 0x80005dde (0x00000001) c.nop
core   0: 3 0x80005dde (0x0001)
core   0: 0x80005de0 (0x83c07e93) andi    t4, zero, -1988
core   0: 3 0x80005de0 (0x83c07e93) x29 0x00000000
core   0: 0x80005de4 (0x002a4563) blt     s4, sp, pc + 10
core   0: 3 0x80005de4 (0x002a4563)
core   0: 0x80005de8 (0x0000987d) c.andi  s0, -1
core   0: 3 0x80005de8 (0x987d) x 8 0x01fffff7
core   0: 0x80005dea (0x00008ee1) c.and   a3, s0
core   0: 3 0x80005dea (0x8ee1) x13 0x00f4da00
core   0: 0x80005dec (0x00008e61) c.and   a2, s0
core   0: 3 0x80005dec (0x8e61) x12 0x01d45905
core   0: 0x80005dee (0x00006619) c.lui   a2, 0x6
core   0: 3 0x80005dee (0x6619) x12 0x00006000
core   0: 0x80005df0 (0x0349f0b3) remu    ra, s3, s4
core   0: 3 0x80005df0 (0x0349f0b3) x 1 0x00000008
core   0: 0x80005df4 (0x006748b3) xor     a7, a4, t1
core   0: 3 0x80005df4 (0x006748b3) x17 0x592520a1
core   0: 0x80005df8 (0x000055fd) c.li    a1, -1
core   0: 3 0x80005df8 (0x55fd) x11 0xffffffff
core   0: 0x80005dfa (0x00c05d33) srl     s10, zero, a2
core   0: 3 0x80005dfa (0x00c05d33) x26 0x00000000
core   0: 0x80005dfe (0x03b05333) divu    t1, zero, s11
core   0: 3 0x80005dfe (0x03b05333) x 6 0x00000000
core   0: 0x80005e02 (0x039ae833) rem     a6, s5, s9
core   0: 3 0x80005e02 (0x039ae833) x16 0x00000000
core   0: 0x80005e06 (0x05160063) beq     a2, a7, pc + 64
core   0: 3 0x80005e06 (0x05160063)
core   0: 0x80005e0a (0x03f99e63) bne     s3, t6, pc + 60
core   0: 3 0x80005e0a (0x03f99e63)
core   0: 0x80005e46 (0x9f462093) slti    ra, a2, -1548
core   0: 3 0x80005e46 (0x9f462093) x 1 0x00000000
core   0: 0x80005e4a (0x00008e89) c.sub   a3, a0
core   0: 3 0x80005e4a (0x8e89) x13 0xe7a33c6e
core   0: 0x80005e4c (0x41b1d293) srai    t0, gp, 27
core   0: 3 0x80005e4c (0x41b1d293) x 5 0x00000000
core   0: 0x80005e50 (0x18067813) andi    a6, a2, 384
core   0: 3 0x80005e50 (0x18067813) x16 0x00000000
core   0: 0x80005e54 (0x00009fde) c.add   t6, s7
core   0: 3 0x80005e54 (0x9fde) x31 0x00000000
core   0: 0x80005e56 (0x0000099c) c.addi4spn a5, sp, 208
core   0: 3 0x80005e56 (0x099c) x15 0x00000270
core   0: 0x80005e58 (0x00008fe1) c.and   a5, s0
core   0: 3 0x80005e58 (0x8fe1) x15 0x00000270
core   0: 0x80005e5a (0x03419033) mulh    zero, gp, s4
core   0: 3 0x80005e5a (0x03419033)
core   0: 0x80005e5e (0x11214937) lui     s2, 0x11214
core   0: 3 0x80005e5e (0x11214937) x18 0x11214000
core   0: 0x80005e62 (0x000057fd) c.li    a5, -1
core   0: 3 0x80005e62 (0x57fd) x15 0xffffffff
core   0: 0x80005e64 (0x01511263) bne     sp, s5, pc + 4
core   0: 3 0x80005e64 (0x01511263)
core   0: 0x80005e68 (0x0ff0000f) fence   iorw,iorw
core   0: 3 0x80005e68 (0x0ff0000f)
core   0: 0x80005e6c (0x000095ae) c.add   a1, a1
core   0: 3 0x80005e6c (0x95ae) x11 0xfffffffe
core   0: 0x80005e6e (0x40520cb3) sub     s9, tp, t0
core   0: 3 0x80005e6e (0x40520cb3) x25 0x00000000
core   0: 0x80005e72 (0x00691213) slli    tp, s2, 6
core   0: 3 0x80005e72 (0x00691213) x 4 0x48500000
core   0: 0x80005e76 (0x00c89f33) sll     t5, a7, a2
core   0: 3 0x80005e76 (0x00c89f33) x30 0x592520a1
core   0: 0x80005e7a (0x00811463) bne     sp, s0, pc + 8
core   0: 3 0x80005e7a (0x00811463)
core   0: 0x80005e82 (0x018664b3) or      s1, a2, s8
core   0: 3 0x80005e82 (0x018664b3) x 9 0x00006000
core   0: 0x80005e86 (0x00009ca6) c.add   s9, s1
core   0: 3 0x80005e86 (0x9ca6) x25 0x00006000
core   0: 0x80005e88 (0x00001684) c.addi4spn s1, sp, 864
core   0: 3 0x80005e88 (0x1684) x 9 0x00000500
core   0: 0x80005e8a (0x01add4b3) srl     s1, s11, s10
core   0: 3 0x80005e8a (0x01add4b3) x 9 0x80029ce4
core   0: 0x80005e8e (0x015ed493) srli    s1, t4, 21
core   0: 3 0x80005e8e (0x015ed493) x 9 0x00000000
core   0: 0x80005e92 (0x0000875d) c.srai  a4, 23
core   0: 3 0x80005e92 (0x875d) x14 0x0000006d
core   0: 0x80005e94 (0x41ee8cb3) sub     s9, t4, t5
core   0: 3 0x80005e94 (0x41ee8cb3) x25 0xa6dadf5f
core   0: 0x80005e98 (0x00008fb5) c.xor   a5, a3
core   0: 3 0x80005e98 (0x8fb5) x15 0x185cc391
core   0: 0x80005e9a (0x0000085a) c.slli  a6, 22
core   0: 3 0x80005e9a (0x085a) x16 0x00000000
core   0: 0x80005e9c (0x037de2b3) rem     t0, s11, s7
core   0: 3 0x80005e9c (0x037de2b3) x 5 0x80029ce4
core   0: 0x80005ea0 (0x00008571) c.srai  a0, 28
core   0: 3 0x80005ea0 (0x8571) x10 0x00000001
core   0: 0x80005ea2 (0xd21dcf17) auipc   t5, 0xd21dc
core   0: 3 0x80005ea2 (0xd21dcf17) x30 0x521e1ea2
core   0: 0x80005ea6 (0x00515d63) bge     sp, t0, pc + 26
core   0: 3 0x80005ea6 (0x00515d63)
core   0: 0x80005ec0 (0x01570263) beq     a4, s5, pc + 4
core   0: 3 0x80005ec0 (0x01570263)
core   0: 0x80005ec4 (0x00001918) c.addi4spn a4, sp, 176
core   0: 3 0x80005ec4 (0x1918) x14 0x00000250
core   0: 0x80005ec6 (0x00b56d63) bltu    a0, a1, pc + 26
core   0: 3 0x80005ec6 (0x00b56d63)
core   0: 0x80005ee0 (0x02d8ed63) bltu    a7, a3, pc + 58
core   0: 3 0x80005ee0 (0x02d8ed63)
core   0: 0x80005f1a (0x000088c5) c.andi  s1, 17
core   0: 3 0x80005f1a (0x88c5) x 9 0x00000000
core   0: 0x80005f1c (0x0148f533) and     a0, a7, s4
core   0: 3 0x80005f1c (0x0148f533) x10 0x00000020
core   0: 0x80005f20 (0x7c6af193) andi    gp, s5, 1990
core   0: 3 0x80005f20 (0x7c6af193) x 3 0x00000000
core   0: 0x80005f24 (0x0332f1b3) remu    gp, t0, s3
core   0: 3 0x80005f24 (0x0332f1b3) x 3 0x00000004
core   0: 0x80005f28 (0x012a97b3) sll     a5, s5, s2
core   0: 3 0x80005f28 (0x012a97b3) x15 0x00000000
core   0: 0x80005f2c (0x019182b3) add     t0, gp, s9
core   0: 3 0x80005f2c (0x019182b3) x 5 0xa6dadf63
core   0: 0x80005f30 (0x00009c2e) c.add   s8, a1
core   0: 3 0x80005f30 (0x9c2e) x24 0xfffffffe
core   0: 0x80005f32 (0x00b8d693) srli    a3, a7, 11
core   0: 3 0x80005f32 (0x00b8d693) x13 0x000b24a4
core   0: 0x80005f36 (0x00009d2e) c.add   s10, a1
core   0: 3 0x80005f36 (0x9d2e) x26 0xfffffffe
core   0: 0x80005f38 (0x0000100f) fence.i
core   0: 3 0x80005f38 (0x0000100f)
core   0: 0x80005f3c (0x03b79a63) bne     a5, s11, pc + 52
core   0: 3 0x80005f3c (0x03b79a63)
core   0: 0x80005f70 (0x018bf033) and     zero, s7, s8
core   0: 3 0x80005f70 (0x018bf033)
core   0: 0x80005f74 (0x032ef533) remu    a0, t4, s2
core   0: 3 0x80005f74 (0x032ef533) x10 0x00000000
core   0: 0x80005f78 (0x03b413b3) mulh    t2, s0, s11
core   0: 3 0x80005f78 (0x03b413b3) x 7 0xff00053e
core   0: 0x80005f7c (0x0132bab3) sltu    s5, t0, s3
core   0: 3 0x80005f7c (0x0132bab3) x21 0x00000000
core   0: 0x80005f80 (0x0000100f) fence.i
core   0: 3 0x80005f80 (0x0000100f)
core   0: 0x80005f84 (0x01a60c63) beq     a2, s10, pc + 24
core   0: 3 0x80005f84 (0x01a60c63)
core   0: 0x80005f88 (0x00000f66) c.slli  t5, 25
core   0: 3 0x80005f88 (0x0f66) x30 0x44000000
core   0: 0x80005f8a (0x000098fd) c.andi  s1, -1
core   0: 3 0x80005f8a (0x98fd) x 9 0x00000000
core   0: 0x80005f8c (0x0315d863) bge     a1, a7, pc + 48
core   0: 3 0x80005f8c (0x0315d863)
core   0: 0x80005f90 (0x02158b63) beq     a1, ra, pc + 54
core   0: 3 0x80005f90 (0x02158b63)
core   0: 0x80005f94 (0x0000845d) c.srai  s0, 23
core   0: 3 0x80005f94 (0x845d) x 8 0x00000003
core   0: 0x80005f96 (0x03afc1b3) div     gp, t6, s10
core   0: 3 0x80005f96 (0x03afc1b3) x 3 0x00000000
core   0: 0x80005f9a (0x00006d19) c.lui   s10, 0x6
core   0: 3 0x80005f9a (0x6d19) x26 0x00006000
core   0: 0x80005f9c (0x0000100f) fence.i
core   0: 3 0x80005f9c (0x0000100f)
core   0: 0x80005fa0 (0x0042c533) xor     a0, t0, tp
core   0: 3 0x80005fa0 (0x0042c533) x10 0xee8adf63
core   0: 0x80005fa4 (0x0513c593) xori    a1, t2, 81
core   0: 3 0x80005fa4 (0x0513c593) x11 0xff00056f
core   0: 0x80005fa8 (0x000099fd) c.andi  a1, -1
core   0: 3 0x80005fa8 (0x99fd) x11 0xff00056f
core   0: 0x80005faa (0x01d071b3) and     gp, zero, t4
core   0: 3 0x80005faa (0x01d071b3) x 3 0x00000000
core   0: 0x80005fae (0x028c5463) bge     s8, s0, pc + 40
core   0: 3 0x80005fae (0x028c5463)
core   0: 0x80005fb2 (0x381c88b7) lui     a7, 0x381c8
core   0: 3 0x80005fb2 (0x381c88b7) x17 0x381c8000
core   0: 0x80005fb6 (0x00008c8d) c.sub   s1, a1
core   0: 3 0x80005fb6 (0x8c8d) x 9 0x00fffa91
core   0: 0x80005fb8 (0x00da1f13) slli    t5, s4, 13
core   0: 3 0x80005fb8 (0x00da1f13) x30 0x00e4c000
core   0: 0x80005fbc (0x00008e19) c.sub   a2, a4
core   0: 3 0x80005fbc (0x8e19) x12 0x00005db0
core   0: 0x80005fbe (0x0000954a) c.add   a0, s2
core   0: 3 0x80005fbe (0x954a) x10 0xffac1f63
core   0: 0x80005fc0 (0x907ff893) andi    a7, t6, -1785
core   0: 3 0x80005fc0 (0x907ff893) x17 0x00000000
core   0: 0x80005fc4 (0x0000ce8d) c.beqz  a3, pc + 58
core   0: 3 0x80005fc4 (0xce8d)
core   0: 0x80005fc6 (0x0000100f) fence.i
core   0: 3 0x80005fc6 (0x0000100f)
core   0: 0x80005fca (0x022032b3) mulhu   t0, zero, sp
core   0: 3 0x80005fca (0x022032b3) x 5 0x00000000
core   0: 0x80005fce (0x009bfb63) bgeu    s7, s1, pc + 22
core   0: 3 0x80005fce (0x009bfb63)
core   0: 0x80005fd2 (0x90e50093) addi    ra, a0, -1778
core   0: 3 0x80005fd2 (0x90e50093) x 1 0xffac1871
core   0: 0x80005fd6 (0x02106e63) bltu    zero, ra, pc + 60
core   0: 3 0x80005fd6 (0x02106e63)
core   0: 0x80006012 (0x02807b63) bgeu    zero, s0, pc + 54
core   0: 3 0x80006012 (0x02807b63)
core   0: 0x80006016 (0x00008c81) c.sub   s1, s0
core   0: 3 0x80006016 (0x8c81) x 9 0x00fffa8e
core   0: 0x80006018 (0x00008ebd) c.xor   a3, a5
core   0: 3 0x80006018 (0x8ebd) x13 0x000b24a4
core   0: 0x8000601a (0x01f045b3) xor     a1, zero, t6
core   0: 3 0x8000601a (0x01f045b3) x11 0x00000000
core   0: 0x8000601e (0x00000001) c.nop
core   0: 3 0x8000601e (0x0001)
core   0: 0x80006020 (0x037c8c63) beq     s9, s7, pc + 56
core   0: 3 0x80006020 (0x037c8c63)
core   0: 0x80006024 (0x03eb83b3) mul     t2, s7, t5
core   0: 3 0x80006024 (0x03eb83b3) x 7 0x00000000
core   0: 0x80006028 (0x000053fd) c.li    t2, -1
core   0: 3 0x80006028 (0x53fd) x 7 0xffffffff
core   0: 0x8000602a (0x78034513) xori    a0, t1, 1920
core   0: 3 0x8000602a (0x78034513) x10 0x00000780
core   0: 0x8000602e (0x6ac4b493) sltiu   s1, s1, 1708
core   0: 3 0x8000602e (0x6ac4b493) x 9 0x00000000
core   0: 0x80006032 (0x00008f51) c.or    a4, a2
core   0: 3 0x80006032 (0x8f51) x14 0x00005ff0
core   0: 0x80006034 (0x00000c9e) c.slli  s9, 7
core   0: 3 0x80006034 (0x0c9e) x25 0x6d6faf80
core   0: 0x80006036 (0x0000cb81) c.beqz  a5, pc + 16
core   0: 3 0x80006036 (0xcb81)
core   0: 0x80006046 (0x00008686) c.mv    a3, ra
core   0: 3 0x80006046 (0x8686) x13 0xffac1871
core   0: 0x80006048 (0x00008f61) c.and   a4, s0
core   0: 3 0x80006048 (0x8f61) x14 0x00000000
core   0: 0x8000604a (0x00000246) c.slli  tp, 17
core   0: 3 0x8000604a (0x0246) x 4 0x00000000
core   0: 0x8000604c (0x00795763) bge     s2, t2, pc + 14
core   0: 3 0x8000604c (0x00795763)
core   0: 0x8000605a (0x0000100f) fence.i
core   0: 3 0x8000605a (0x0000100f)
core   0: 0x8000605e (0x026275b3) remu    a1, tp, t1
core   0: 3 0x8000605e (0x026275b3) x11 0x00000000
core   0: 0x80006062 (0x027d8cb3) mul     s9, s11, t2
core   0: 3 0x80006062 (0x027d8cb3) x25 0x7ffd631c
core   0: 0x80006066 (0x00008ead) c.xor   a3, a1
core   0: 3 0x80006066 (0x8ead) x13 0xffac1871
core   0: 0x80006068 (0x000014fd) c.addi  s1, -1
core   0: 3 0x80006068 (0x14fd) x 9 0xffffffff
core   0: 0x8000606a (0x400d0433) sub     s0, s10, zero
core   0: 3 0x8000606a (0x400d0433) x 8 0x00006000
core   0: 0x8000606e (0x00008a9e) c.mv    s5, t2
core   0: 3 0x8000606e (0x8a9e) x21 0xffffffff
core   0: 0x80006070 (0x00000001) c.nop
core   0: 3 0x80006070 (0x0001)
core   0: 0x80006072 (0x65bf6493) ori     s1, t5, 1627
core   0: 3 0x80006072 (0x65bf6493) x 9 0x00e4c65b
core   0: 0x80006076 (0x013a64b3) or      s1, s4, s3
core   0: 3 0x80006076 (0x013a64b3) x 9 0x0000072e
core   0: 0x8000607a (0x950dbf93) sltiu   t6, s11, -1712
core   0: 3 0x8000607a (0x950dbf93) x31 0x00000001
core   0: 0x8000607e (0x00000ee2) c.slli  t4, 24
core   0: 3 0x8000607e (0x0ee2) x29 0x00000000
core   0: 0x80006080 (0x02721cb3) mulh    s9, tp, t2
core   0: 3 0x80006080 (0x02721cb3) x25 0x00000000
core   0: 0x80006084 (0x0000e601) c.bnez  a2, pc + 8
core   0: 3 0x80006084 (0xe601)
core   0: 0x8000608c (0x0ff0000f) fence   iorw,iorw
core   0: 3 0x8000608c (0x0ff0000f)
core   0: 0x80006090 (0x000061b9) c.lui   gp, 0xe
core   0: 3 0x80006090 (0x61b9) x 3 0x0000e000
core   0: 0x80006092 (0x6553a193) slti    gp, t2, 1621
core   0: 3 0x80006092 (0x6553a193) x 3 0x00000001
core   0: 0x80006096 (0x0000997d) c.andi  a0, -1
core   0: 3 0x80006096 (0x997d) x10 0x00000780
core   0: 0x80006098 (0x003968b3) or      a7, s2, gp
core   0: 3 0x80006098 (0x003968b3) x17 0x11214001
core   0: 0x8000609c (0x00008fc1) c.or    a5, s0
core   0: 3 0x8000609c (0x8fc1) x15 0x00006000
core   0: 0x8000609e (0x21604517) auipc   a0, 0x21604
core   0: 3 0x8000609e (0x21604517) x10 0xa160a09e
core   0: 0x800060a2 (0x03a71fb3) mulh    t6, a4, s10
core   0: 3 0x800060a2 (0x03a71fb3) x31 0x00000000
core   0: 0x800060a6 (0x015cb733) sltu    a4, s9, s5
core   0: 3 0x800060a6 (0x015cb733) x14 0x00000001
core   0: 0x800060aa (0x022f6d63) bltu    t5, sp, pc + 58
core   0: 3 0x800060aa (0x022f6d63)
core   0: 0x800060ae (0x00000942) c.slli  s2, 16
core   0: 3 0x800060ae (0x0942) x18 0x40000000
core   0: 0x800060b0 (0x0ff0000f) fence   iorw,iorw
core   0: 3 0x800060b0 (0x0ff0000f)
core   0: 0x800060b4 (0x00009c16) c.add   s8, t0
core   0: 3 0x800060b4 (0x9c16) x24 0xfffffffe
core   0: 0x800060b6 (0x00939913) slli    s2, t2, 9
core   0: 3 0x800060b6 (0x00939913) x18 0xfffffe00
core   0: 0x800060ba (0x03f5fa33) remu    s4, a1, t6
core   0: 3 0x800060ba (0x03f5fa33) x20 0x00000000
core   0: 0x800060be (0x00cb66b3) or      a3, s6, a2
core   0: 3 0x800060be (0x00cb66b3) x13 0x80025ff4
core   0: 0x800060c2 (0x08d4cc13) xori    s8, s1, 141
core   0: 3 0x800060c2 (0x08d4cc13) x24 0x000007a3
core   0: 0x800060c6 (0x001b5293) srli    t0, s6, 1
core   0: 3 0x800060c6 (0x001b5293) x 5 0x40012f32
core   0: 0x800060ca (0x809caa93) slti    s5, s9, -2039
core   0: 3 0x800060ca (0x809caa93) x21 0x00000000
core   0: 0x800060ce (0x0000100f) fence.i
core   0: 3 0x800060ce (0x0000100f)
core   0: 0x800060d2 (0x01197b63) bgeu    s2, a7, pc + 22
core   0: 3 0x800060d2 (0x01197b63)
core   0: 0x800060e8 (0x003cd8b3) srl     a7, s9, gp
core   0: 3 0x800060e8 (0x003cd8b3) x17 0x00000000
core   0: 0x800060ec (0x01e0f6b3) and     a3, ra, t5
core   0: 3 0x800060ec (0x01e0f6b3) x13 0x00a40000
core   0: 0x800060f0 (0x0000ef19) c.bnez  a4, pc + 30
core   0: 3 0x800060f0 (0xef19)
core   0: 0x8000610e (0x02500cb3) mul     s9, zero, t0
core   0: 3 0x8000610e (0x02500cb3) x25 0x00000000
core   0: 0x80006112 (0x40a3d113) srai    sp, t2, 10
core   0: 3 0x80006112 (0x40a3d113) x 2 0xffffffff
core   0: 0x80006116 (0x00000001) c.nop
core   0: 3 0x80006116 (0x0001)
core   0: 0x80006118 (0x0000717d) c.addi16sp sp, -16
core   0: 3 0x80006118 (0x717d) x 2 0xffffffef
core   0: 0x8000611a (0x0193cd63) blt     t2, s9, pc + 26
core   0: 3 0x8000611a (0x0193cd63)
core   0: 0x80006134 (0x0d4988b7) lui     a7, 0xd498
core   0: 3 0x80006134 (0x0d4988b7) x17 0x0d498000
core   0: 0x80006138 (0xecf14b93) xori    s7, sp, -305
core   0: 3 0x80006138 (0xecf14b93) x23 0x00000120
core   0: 0x8000613c (0x00008d85) c.sub   a1, s1
core   0: 3 0x8000613c (0x8d85) x11 0xfffff8d2
core   0: 0x8000613e (0x003f4d63) blt     t5, gp, pc + 26
core   0: 3 0x8000613e (0x003f4d63)
core   0: 0x80006142 (0x00008db5) c.xor   a1, a3
core   0: 3 0x80006142 (0x8db5) x11 0xff5bf8d2
core   0: 0x80006144 (0x00008bf1) c.andi  a5, 28
core   0: 3 0x80006144 (0x8bf1) x15 0x00000000
core   0: 0x80006146 (0x009fb7b3) sltu    a5, t6, s1
core   0: 3 0x80006146 (0x009fb7b3) x15 0x00000001
core   0: 0x8000614a (0x00006365) c.lui   t1, 0x19
core   0: 3 0x8000614a (0x6365) x 6 0x00019000
core   0: 0x8000614c (0x0075f2b3) and     t0, a1, t2
core   0: 3 0x8000614c (0x0075f2b3) x 5 0xff5bf8d2
core   0: 0x80006150 (0x0000100f) fence.i
core   0: 3 0x80006150 (0x0000100f)
core   0: 0x80006154 (0x01ebe3b3) or      t2, s7, t5
core   0: 3 0x80006154 (0x01ebe3b3) x 7 0x00e4c120
core   0: 0x80006158 (0x00008ec6) c.mv    t4, a7
core   0: 3 0x80006158 (0x8ec6) x29 0x0d498000
core   0: 0x8000615a (0x00f01f13) slli    t5, zero, 15
core   0: 3 0x8000615a (0x00f01f13) x30 0x00000000
core   0: 0x8000615e (0x0000100f) fence.i
core   0: 3 0x8000615e (0x0000100f)
core   0: 0x80006162 (0x00000001) c.nop
core   0: 3 0x80006162 (0x0001)
core   0: 0x80006164 (0x405cd5b3) sra     a1, s9, t0
core   0: 3 0x80006164 (0x405cd5b3) x11 0x00000000
core   0: 0x80006168 (0x00000001) c.nop
core   0: 3 0x80006168 (0x0001)
core   0: 0x8000616a (0x00001d7d) c.addi  s10, -1
core   0: 3 0x8000616a (0x1d7d) x26 0x00005fff
core   0: 0x8000616c (0x02bb7133) remu    sp, s6, a1
core   0: 3 0x8000616c (0x02bb7133) x 2 0x80025e64
core   0: 0x80006170 (0xab0561b7) lui     gp, 0xab056
core   0: 3 0x80006170 (0xab0561b7) x 3 0xab056000
core   0: 0x80006174 (0xfd5cff13) andi    t5, s9, -43
core   0: 3 0x80006174 (0xfd5cff13) x30 0x00000000
core   0: 0x80006178 (0x0000100f) fence.i
core   0: 3 0x80006178 (0x0000100f)
core   0: 0x8000617c (0x01c30763) beq     t1, t3, pc + 14
core   0: 3 0x8000617c (0x01c30763)
core   0: 0x80006180 (0x02001263) bnez    zero, pc + 36
core   0: 3 0x80006180 (0x02001263)
core   0: 0x80006184 (0x0000987d) c.andi  s0, -1
core   0: 3 0x80006184 (0x987d) x 8 0x00006000
core   0: 0x80006186 (0x16de82b7) lui     t0, 0x16de8
core   0: 3 0x80006186 (0x16de82b7) x 5 0x16de8000
core   0: 0x8000618a (0x0231eab3) rem     s5, gp, gp
core   0: 3 0x8000618a (0x0231eab3) x21 0x00000000
core   0: 0x8000618e (0x0000997d) c.andi  a0, -1
core   0: 3 0x8000618e (0x997d) x10 0xa160a09e
core   0: 0x80006190 (0x41f6d393) srai    t2, a3, 31
core   0: 3 0x80006190 (0x41f6d393) x 7 0x00000000
core   0: 0x80006194 (0x3a3e8793) addi    a5, t4, 931
core   0: 3 0x80006194 (0x3a3e8793) x15 0x0d4983a3
core   0: 0x80006198 (0x025efcb3) remu    s9, t4, t0
core   0: 3 0x80006198 (0x025efcb3) x25 0x0d498000
core   0: 0x8000619c (0x00000e90) c.addi4spn a2, sp, 848
core   0: 3 0x8000619c (0x0e90) x12 0x800261b4
core   0: 0x8000619e (0x00008d0d) c.sub   a0, a1
core   0: 3 0x8000619e (0x8d0d) x10 0xa160a09e
core   0: 0x800061a0 (0x00b17333) and     t1, sp, a1
core   0: 3 0x800061a0 (0x00b17333) x 6 0x00000000
core   0: 0x800061a4 (0x01e13333) sltu    t1, sp, t5
core   0: 3 0x800061a4 (0x01e13333) x 6 0x00000000
core   0: 0x800061a8 (0x00000001) c.nop
core   0: 3 0x800061a8 (0x0001)
core   0: 0x800061aa (0x01aa9013) slli    zero, s5, 26
core   0: 3 0x800061aa (0x01aa9013)
core   0: 0x800061ae (0x00008dcd) c.or    a1, a1
core   0: 3 0x800061ae (0x8dcd) x11 0x00000000
core   0: 0x800061b0 (0x50cd4093) xori    ra, s10, 1292
core   0: 3 0x800061b0 (0x50cd4093) x 1 0x00005af3
core   0: 0x800061b4 (0x61e90f13) addi    t5, s2, 1566
core   0: 3 0x800061b4 (0x61e90f13) x30 0x0000041e
core   0: 0x800061b8 (0x026146b3) div     a3, sp, t1
core   0: 3 0x800061b8 (0x026146b3) x13 0xffffffff
core   0: 0x800061bc (0x41e28333) sub     t1, t0, t5
core   0: 3 0x800061bc (0x41e28333) x 6 0x16de7be2
core   0: 0x800061c0 (0x01df35b3) sltu    a1, t5, t4
core   0: 3 0x800061c0 (0x01df35b3) x11 0x00000001
core   0: 0x800061c4 (0x0164f333) and     t1, s1, s6
core   0: 3 0x800061c4 (0x0164f333) x 6 0x00000624
core   0: 0x800061c8 (0x00249b93) slli    s7, s1, 2
core   0: 3 0x800061c8 (0x00249b93) x23 0x00001cb8
core   0: 0x800061cc (0x00006269) c.lui   tp, 0x1a
core   0: 3 0x800061cc (0x6269) x 4 0x0001a000
core   0: 0x800061ce (0x00de4c63) blt     t3, a3, pc + 24
core   0: 3 0x800061ce (0x00de4c63)
core   0: 0x800061d2 (0x00000001) c.nop
core   0: 3 0x800061d2 (0x0001)
core   0: 0x800061d4 (0x56c7b013) sltiu   zero, a5, 1388
core   0: 3 0x800061d4 (0x56c7b013)
core   0: 0x800061d8 (0x010377b3) and     a5, t1, a6
core   0: 3 0x800061d8 (0x010377b3) x15 0x00000000
core   0: 0x800061dc (0x00001618) c.addi4spn a4, sp, 800
core   0: 3 0x800061dc (0x1618) x14 0x80026184
core   0: 0x800061de (0x007ea3b3) slt     t2, t4, t2
core   0: 3 0x800061de (0x007ea3b3) x 7 0x00000000
core   0: 0x800061e2 (0x0000ce09) c.beqz  a2, pc + 26
core   0: 3 0x800061e2 (0xce09)
core   0: 0x800061e4 (0x0000ca99) c.beqz  a3, pc + 22
core   0: 3 0x800061e4 (0xca99)
core   0: 0x800061e6 (0x035a0133) mul     sp, s4, s5
core   0: 3 0x800061e6 (0x035a0133) x 2 0x00000000
core   0: 0x800061ea (0x89512317) auipc   t1, 0x89512
core   0: 3 0x800061ea (0x89512317) x 6 0x095181ea
core   0: 0x800061ee (0x00bd5fb3) srl     t6, s10, a1
core   0: 3 0x800061ee (0x00bd5fb3) x31 0x00002fff
core   0: 0x800061f2 (0x028e9c63) bne     t4, s0, pc + 56
core   0: 3 0x800061f2 (0x028e9c63)
core   0: 0x8000622a (0x00066463) bltu    a2, zero, pc + 8
core   0: 3 0x8000622a (0x00066463)
core   0: 0x8000622e (0x000087de) c.mv    a5, s7
core   0: 3 0x8000622e (0x87de) x15 0x00001cb8
core   0: 0x80006230 (0x000082d1) c.srli  a3, 20
core   0: 3 0x80006230 (0x82d1) x13 0x00000fff
core   0: 0x80006232 (0x00008b05) c.andi  a4, 1
core   0: 3 0x80006232 (0x8b05) x14 0x00000000
core   0: 0x80006234 (0x0000867e) c.mv    a2, t6
core   0: 3 0x80006234 (0x867e) x12 0x00002fff
core   0: 0x80006236 (0x40748c33) sub     s8, s1, t2
core   0: 3 0x80006236 (0x40748c33) x24 0x0000072e
core   0: 0x8000623a (0x01e286b3) add     a3, t0, t5
core   0: 3 0x8000623a (0x01e286b3) x13 0x16de841e
core   0: 0x8000623e (0x00008999) c.andi  a1, 6
core   0: 3 0x8000623e (0x8999) x11 0x00000000
core   0: 0x80006240 (0x74942e13) slti    t3, s0, 1865
core   0: 3 0x80006240 (0x74942e13) x28 0x00000000
core   0: 0x80006244 (0xb8252e13) slti    t3, a0, -1150
core   0: 3 0x80006244 (0xb8252e13) x28 0x00000001
core   0: 0x80006248 (0x02357fb3) remu    t6, a0, gp
core   0: 3 0x80006248 (0x02357fb3) x31 0xa160a09e
core   0: 0x8000624c (0xdc894013) xori    zero, s2, -568
core   0: 3 0x8000624c (0xdc894013)
core   0: 0x80006250 (0x00714633) xor     a2, sp, t2
core   0: 3 0x80006250 (0x00714633) x12 0x00000000
core   0: 0x80006254 (0x01087263) bgeu    a6, a6, pc + 4
core   0: 3 0x80006254 (0x01087263)
core   0: 0x80006258 (0x05811063) bne     sp, s8, pc + 64
core   0: 3 0x80006258 (0x05811063)
core   0: 0x80006298 (0x0109b933) sltu    s2, s3, a6
core   0: 3 0x80006298 (0x0109b933) x18 0x00000000
core   0: 0x8000629c (0x02feea63) bltu    t4, a5, pc + 52
core   0: 3 0x8000629c (0x02feea63)
core   0: 0x800062a0 (0x00008689) c.srai  a3, 2
core   0: 3 0x800062a0 (0x8689) x13 0x05b7a107
core   0: 0x800062a2 (0x03d4e233) rem     tp, s1, t4
core   0: 3 0x800062a2 (0x03d4e233) x 4 0x0000072e
core   0: 0x800062a6 (0xde754c93) xori    s9, a0, -537
core   0: 3 0x800062a6 (0xde754c93) x25 0x5e9f5d79
core   0: 0x800062aa (0x02882f33) mulhsu  t5, a6, s0
core   0: 3 0x800062aa (0x02882f33) x30 0x00000000
core   0: 0x800062ae (0x00001180) c.addi4spn s0, sp, 224
core   0: 3 0x800062ae (0x1180) x 8 0x000000e0
core   0: 0x800062b0 (0x000084d9) c.srai  s1, 22
core   0: 3 0x800062b0 (0x84d9) x 9 0x00000000
core   0: 0x800062b2 (0x00f21033) sll     zero, tp, a5
core   0: 3 0x800062b2 (0x00f21033)
core   0: 0x800062b6 (0x01c9f5b3) and     a1, s3, t3
core   0: 3 0x800062b6 (0x01c9f5b3) x11 0x00000000
core   0: 0x800062ba (0x00008292) c.mv    t0, tp
core   0: 3 0x800062ba (0x8292) x 5 0x0000072e
core   0: 0x800062bc (0x00008ece) c.mv    t4, s3
core   0: 3 0x800062bc (0x8ece) x29 0x00000008
core   0: 0x800062be (0x39d03913) sltiu   s2, zero, 925
core   0: 3 0x800062be (0x39d03913) x18 0x00000001
core   0: 0x800062c2 (0x00f3b433) sltu    s0, t2, a5
core   0: 3 0x800062c2 (0x00f3b433) x 8 0x00000001
core   0: 0x800062c6 (0x00000466) c.slli  s0, 25
core   0: 3 0x800062c6 (0x0466) x 8 0x02000000
core   0: 0x800062c8 (0x018cd663) bge     s9, s8, pc + 12
core   0: 3 0x800062c8 (0x018cd663)
core   0: 0x800062d4 (0xcf1a4d13) xori    s10, s4, -783
core   0: 3 0x800062d4 (0xcf1a4d13) x26 0xfffffcf1
core   0: 0x800062d8 (0x406cdc93) srai    s9, s9, 6
core   0: 3 0x800062d8 (0x406cdc93) x25 0x017a7d75
core   0: 0x800062dc (0x000053fd) c.li    t2, -1
core   0: 3 0x800062dc (0x53fd) x 7 0xffffffff
core   0: 0x800062de (0x0898f537) lui     a0, 0x898f
core   0: 3 0x800062de (0x0898f537) x10 0x0898f000
core   0: 0x800062e2 (0x0140b933) sltu    s2, ra, s4
core   0: 3 0x800062e2 (0x0140b933) x18 0x00000000
core   0: 0x800062e6 (0x00611193) slli    gp, sp, 6
core   0: 3 0x800062e6 (0x00611193) x 3 0x00000000
core   0: 0x800062ea (0x01c6ecb3) or      s9, a3, t3
core   0: 3 0x800062ea (0x01c6ecb3) x25 0x05b7a107
core   0: 0x800062ee (0x00c54563) blt     a0, a2, pc + 10
core   0: 3 0x800062ee (0x00c54563)
core   0: 0x800062f2 (0x00001714) c.addi4spn a3, sp, 928
core   0: 3 0x800062f2 (0x1714) x13 0x000003a0
core   0: 0x800062f4 (0x01e6ca63) blt     a3, t5, pc + 20
core   0: 3 0x800062f4 (0x01e6ca63)
core   0: 0x800062f8 (0x02e873b3) remu    t2, a6, a4
core   0: 3 0x800062f8 (0x02e873b3) x 7 0x00000000
core   0: 0x800062fc (0x403dd313) srai    t1, s11, 3
core   0: 3 0x800062fc (0x403dd313) x 6 0xf000539c
core   0: 0x80006300 (0x40b7de33) sra     t3, a5, a1
core   0: 3 0x80006300 (0x40b7de33) x28 0x00001cb8
core   0: 0x80006304 (0x3834a913) slti    s2, s1, 899
core   0: 3 0x80006304 (0x3834a913) x18 0x00000001
core   0: 0x80006308 (0x0349d333) divu    t1, s3, s4
core   0: 3 0x80006308 (0x0349d333) x 6 0xffffffff
core   0: 0x8000630c (0x0000c229) c.beqz  a2, pc + 66
core   0: 3 0x8000630c (0xc229)
core   0: 0x8000634e (0x011d7ab3) and     s5, s10, a7
core   0: 3 0x8000634e (0x011d7ab3) x21 0x0d498000
core   0: 0x80006352 (0x0187ee33) or      t3, a5, s8
core   0: 3 0x80006352 (0x0187ee33) x28 0x00001fbe
core   0: 0x80006356 (0x0ff0000f) fence   iorw,iorw
core   0: 3 0x80006356 (0x0ff0000f)
core   0: 0x8000635a (0x0082ca33) xor     s4, t0, s0
core   0: 3 0x8000635a (0x0082ca33) x20 0x0200072e
core   0: 0x8000635e (0x00006139) c.addi16sp sp, 448
core   0: 3 0x8000635e (0x6139) x 2 0x000001c0
core   0: 0x80006360 (0x008ba1b3) slt     gp, s7, s0
core   0: 3 0x80006360 (0x008ba1b3) x 3 0x00000001
core   0: 0x80006364 (0x0b28ef63) bltu    a7, s2, pc + 190
core   0: 3 0x80006364 (0x0b28ef63)
core   0: 0x80006368 (0x7fe93613) sltiu   a2, s2, 2046
core   0: 3 0x80006368 (0x7fe93613) x12 0x00000001
core   0: 0x8000636c (0x0239aeb3) mulhsu  t4, s3, gp
core   0: 3 0x8000636c (0x0239aeb3) x29 0x00000000
core   0: 0x80006370 (0x00013a97) auipc   s5, 0x13
core   0: 3 0x80006370 (0x00013a97) x21 0x80019370
core   0: 0x80006374 (0xa69a8a93) addi    s5, s5, -1431
core   0: 3 0x80006374 (0xa69a8a93) x21 0x80018dd9
core   0: 0x80006378 (0x000083bd) c.srli  a5, 15
core   0: 3 0x80006378 (0x83bd) x15 0x00000000
core   0: 0x8000637a (0x010acf83) lbu     t6, 16(s5)
core   0: 3 0x8000637a (0x010acf83) x31 0x000000a2 mem 0x80018de9
core   0: 0x8000637e (0x02730eb3) mul     t4, t1, t2
core   0: 3 0x8000637e (0x02730eb3) x29 0x00000000
core   0: 0x80006382 (0xff5a8483) lb      s1, -11(s5)
core   0: 3 0x80006382 (0xff5a8483) x 9 0xffffff85 mem 0x80018dce
core   0: 0x80006386 (0x3a3e8313) addi    t1, t4, 931
core   0: 3 0x80006386 (0x3a3e8313) x 6 0x000003a3
core   0: 0x8000638a (0x00937fb3) and     t6, t1, s1
core   0: 3 0x8000638a (0x00937fb3) x31 0x00000381
core   0: 0x8000638e (0x01f48eb3) add     t4, s1, t6
core   0: 3 0x8000638e (0x01f48eb3) x29 0x00000306
core   0: 0x80006392 (0x0ff0000f) fence   iorw,iorw
core   0: 3 0x80006392 (0x0ff0000f)
core   0: 0x80006396 (0x34336793) ori     a5, t1, 835
core   0: 3 0x80006396 (0x34336793) x15 0x000003e3
core   0: 0x8000639a (0x00008cdd) c.or    s1, a5
core   0: 3 0x8000639a (0x8cdd) x 9 0xffffffe7
core   0: 0x8000639c (0x00937fb3) and     t6, t1, s1
core   0: 3 0x8000639c (0x00937fb3) x31 0x000003a3
core   0: 0x800063a0 (0x1ee37393) andi    t2, t1, 494
core   0: 3 0x800063a0 (0x1ee37393) x 7 0x000001a2
core   0: 0x800063a4 (0x00000321) c.addi  t1, 8
core   0: 3 0x800063a4 (0x0321) x 6 0x000003ab
core   0: 0x800063a6 (0x022a8383) lb      t2, 34(s5)
core   0: 3 0x800063a6 (0x022a8383) x 7 0xffffffb0 mem 0x80018dfb
core   0: 0x800063aa (0x00631333) sll     t1, t1, t1
core   0: 3 0x800063aa (0x00631333) x 6 0x001d5800
core   0: 0x800063ae (0x02ea8783) lb      a5, 46(s5)
core   0: 3 0x800063ae (0x02ea8783) x15 0xffffffbc mem 0x80018e07
core   0: 0x800063b2 (0x41f48333) sub     t1, s1, t6
core   0: 3 0x800063b2 (0x41f48333) x 6 0xfffffc44
core   0: 0x800063b6 (0x003ade83) lhu     t4, 3(s5)
core   0: 3 0x800063b6 (0x003ade83) x29 0x00009697 mem 0x80018ddc
core   0: 0x800063ba (0x00009f9a) c.add   t6, t1
core   0: 3 0x800063ba (0x9f9a) x31 0xffffffe7
core   0: 0x800063bc (0x02f4d4b3) divu    s1, s1, a5
core   0: 3 0x800063bc (0x02f4d4b3) x 9 0x00000001
core   0: 0x800063c0 (0x03f353b3) divu    t2, t1, t6
core   0: 3 0x800063c0 (0x03f353b3) x 7 0x00000000
core   0: 0x800063c4 (0xfdaac383) lbu     t2, -38(s5)
core   0: 3 0x800063c4 (0xfdaac383) x 7 0x00000068 mem 0x80018db3
core   0: 0x800063c8 (0xfeaac483) lbu     s1, -22(s5)
core   0: 3 0x800063c8 (0xfeaac483) x 9 0x00000078 mem 0x80018dc3
core   0: 0x800063cc (0xfdfa8d23) sb      t6, -38(s5)
core   0: 3 0x800063cc (0xfdfa8d23) mem 0x80018db3 0xe7
core   0: 0x800063d0 (0x03f7cfb3) div     t6, a5, t6
core   0: 3 0x800063d0 (0x03f7cfb3) x31 0x00000002
core   0: 0x800063d4 (0x00008ef6) c.mv    t4, t4
core   0: 3 0x800063d4 (0x8ef6) x29 0x00009697
core   0: 0x800063d6 (0x00004fb1) c.li    t6, 12
core   0: 3 0x800063d6 (0x4fb1) x31 0x0000000c
core   0: 0x800063d8 (0x000094a6) c.add   s1, s1
core   0: 3 0x800063d8 (0x94a6) x 9 0x000000f0
core   0: 0x800063da (0x02fa8a23) sb      a5, 52(s5)
core   0: 3 0x800063da (0x02fa8a23) mem 0x80018e0d 0xbc
core   0: 0x800063de (0xfd3acf83) lbu     t6, -45(s5)
core   0: 3 0x800063de (0xfd3acf83) x31 0x00000067 mem 0x80018dac
core   0: 0x800063e2 (0x000067ed) c.lui   a5, 0x1b
core   0: 3 0x800063e2 (0x67ed) x15 0x0001b000
core   0: 0x800063e4 (0x006a87a3) sb      t1, 15(s5)
core   0: 3 0x800063e4 (0x006a87a3) mem 0x80018de8 0x44
core   0: 0x800063e8 (0x023a8483) lb      s1, 35(s5)
core   0: 3 0x800063e8 (0x023a8483) x 9 0xffffffb7 mem 0x80018dfc
core   0: 0x800063ec (0x00000001) c.nop
core   0: 3 0x800063ec (0x0001)
core   0: 0x800063ee (0xd06f93b7) lui     t2, 0xd06f9
core   0: 3 0x800063ee (0xd06f93b7) x 7 0xd06f9000
core   0: 0x800063f2 (0x02fa89a3) sb      a5, 51(s5)
core   0: 3 0x800063f2 (0x02fa89a3) mem 0x80018e0c 0x0
core   0: 0x800063f6 (0x03e62833) mulhsu  a6, a2, t5
core   0: 3 0x800063f6 (0x03e62833) x16 0x00000000
core   0: 0x800063fa (0x000007f1) c.addi  a5, 28
core   0: 3 0x800063fa (0x07f1) x15 0x0001b01c
core   0: 0x800063fc (0x000087bd) c.srai  a5, 15
core   0: 3 0x800063fc (0x87bd) x15 0x00000003
core   0: 0x800063fe (0x0000e289) c.bnez  a3, pc + 2
core   0: 3 0x800063fe (0xe289)
core   0: 0x80006400 (0x0000717d) c.addi16sp sp, -16
core   0: 3 0x80006400 (0x717d) x 2 0x000001b0
core   0: 0x80006402 (0x01c0d413) srli    s0, ra, 28
core   0: 3 0x80006402 (0x01c0d413) x 8 0x00000000
core   0: 0x80006406 (0x03d34763) blt     t1, t4, pc + 46
core   0: 3 0x80006406 (0x03d34763)
core   0: 0x80006434 (0x03cf9733) mulh    a4, t6, t3
core   0: 3 0x80006434 (0x03cf9733) x14 0x00000000
core   0: 0x80006438 (0x00000d5e) c.slli  s10, 23
core   0: 3 0x80006438 (0x0d5e) x26 0x78800000
core   0: 0x8000643a (0x000060f1) c.lui   ra, 0x1c
core   0: 3 0x8000643a (0x60f1) x 1 0x0001c000
core   0: 0x8000643c (0x00006605) c.lui   a2, 0x1
core   0: 3 0x8000643c (0x6605) x12 0x00001000
core   0: 0x8000643e (0x00fb9a63) bne     s7, a5, pc + 20
core   0: 3 0x8000643e (0x00fb9a63)
core   0: 0x80006452 (0x01ca3633) sltu    a2, s4, t3
core   0: 3 0x80006452 (0x01ca3633) x12 0x00000000
core   0: 0x80006456 (0x0368f933) remu    s2, a7, s6
core   0: 3 0x80006456 (0x0368f933) x18 0x0d498000
core   0: 0x8000645a (0x0000843d) c.srai  s0, 15
core   0: 3 0x8000645a (0x843d) x 8 0x00000000
core   0: 0x8000645c (0x00008d29) c.xor   a0, a0
core   0: 3 0x8000645c (0x8d29) x10 0x00000000
core   0: 0x8000645e (0x664de817) auipc   a6, 0x664de
core   0: 3 0x8000645e (0x664de817) x16 0xe64e445e
core   0: 0x80006462 (0x000057fd) c.li    a5, -1
core   0: 3 0x80006462 (0x57fd) x15 0xffffffff
core   0: 0x80006464 (0x001970b3) and     ra, s2, ra
core   0: 3 0x80006464 (0x001970b3) x 1 0x00018000
core   0: 0x80006468 (0x41538d33) sub     s10, t2, s5
core   0: 3 0x80006468 (0x41538d33) x26 0x506e0227
core   0: 0x8000646c (0x7b574e13) xori    t3, a4, 1973
core   0: 3 0x8000646c (0x7b574e13) x28 0x000007b5
core   0: 0x80006470 (0x008bb233) sltu    tp, s7, s0
core   0: 3 0x80006470 (0x008bb233) x 4 0x00000000
core   0: 0x80006474 (0x0000a117) auipc   sp, 0xa
core   0: 3 0x80006474 (0x0000a117) x 2 0x80010474
core   0: 0x80006478 (0xfc110113) addi    sp, sp, -63
core   0: 3 0x80006478 (0xfc110113) x 2 0x80010435
core   0: 0x8000647c (0xff610b83) lb      s7, -10(sp)
core   0: 3 0x8000647c (0xff610b83) x23 0xffffffe0 mem 0x8001042b
core   0: 0x80006480 (0x00c10903) lb      s2, 12(sp)
core   0: 3 0x80006480 (0x00c10903) x18 0x00000020 mem 0x80010441
core   0: 0x80006484 (0x00110703) lb      a4, 1(sp)
core   0: 3 0x80006484 (0x00110703) x14 0x00000001 mem 0x80010436
core   0: 0x80006488 (0x00410383) lb      t2, 4(sp)
core   0: 3 0x80006488 (0x00410383) x 7 0xfffffff2 mem 0x80010439
core   0: 0x8000648c (0x00f11383) lh      t2, 15(sp)
core   0: 3 0x8000648c (0x00f11383) x 7 0x000064ff mem 0x80010444
core   0: 0x80006490 (0x40e90033) sub     zero, s2, a4
core   0: 3 0x80006490 (0x40e90033)
core   0: 0x80006494 (0x0000475d) c.li    a4, 23
core   0: 3 0x80006494 (0x475d) x14 0x00000017
core   0: 0x80006496 (0x00910d03) lb      s10, 9(sp)
core   0: 3 0x80006496 (0x00910d03) x26 0xfffffff5 mem 0x8001043e
core   0: 0x8000649a (0x00091d33) sll     s10, s2, zero
core   0: 3 0x8000649a (0x00091d33) x26 0x00000020
core   0: 0x8000649e (0x00e01733) sll     a4, zero, a4
core   0: 3 0x8000649e (0x00e01733) x14 0x00000000
core   0: 0x800064a2 (0x000bebb3) or      s7, s7, zero
core   0: 3 0x800064a2 (0x000bebb3) x23 0xffffffe0
core   0: 0x800064a6 (0xff110b83) lb      s7, -15(sp)
core   0: 3 0x800064a6 (0xff110b83) x23 0xffffffdd mem 0x80010426
core   0: 0x800064aa (0x00710b83) lb      s7, 7(sp)
core   0: 3 0x800064aa (0x00710b83) x23 0xfffffff7 mem 0x8001043c
core   0: 0x800064ae (0x00511383) lh      t2, 5(sp)
core   0: 3 0x800064ae (0x00511383) x 7 0xfffff0f1 mem 0x8001043a
core   0: 0x800064b2 (0x00004701) c.li    a4, 0
core   0: 3 0x800064b2 (0x4701) x14 0x00000000
core   0: 0x800064b4 (0x020003b3) mul     t2, zero, zero
core   0: 3 0x800064b4 (0x020003b3) x 7 0x00000000
core   0: 0x800064b8 (0x3eff3937) lui     s2, 0x3eff3
core   0: 3 0x800064b8 (0x3eff3937) x18 0x3eff3000
core   0: 0x800064bc (0x00009b7d) c.andi  a4, -1
core   0: 3 0x800064bc (0x9b7d) x14 0x00000000
core   0: 0x800064be (0x007933b3) sltu    t2, s2, t2
core   0: 3 0x800064be (0x007933b3) x 7 0x00000000
core   0: 0x800064c2 (0x01a10523) sb      s10, 10(sp)
core   0: 3 0x800064c2 (0x01a10523) mem 0x8001043f 0x20
core   0: 0x800064c6 (0x01210623) sb      s2, 12(sp)
core   0: 3 0x800064c6 (0x01210623) mem 0x80010441 0x0
core   0: 0x800064ca (0x59fbf713) andi    a4, s7, 1439
core   0: 3 0x800064ca (0x59fbf713) x14 0x00000597
core   0: 0x800064ce (0x00008f59) c.or    a4, a4
core   0: 3 0x800064ce (0x8f59) x14 0x00000597
core   0: 0x800064d0 (0x00091393) slli    t2, s2, 0
core   0: 3 0x800064d0 (0x00091393) x 7 0x3eff3000
core   0: 0x800064d4 (0x007125a3) sw      t2, 11(sp)
core   0: 3 0x800064d4 (0x007125a3) mem 0x80010440 0x3eff3000
core   0: 0x800064d8 (0x0173d733) srl     a4, t2, s7
core   0: 3 0x800064d8 (0x0173d733) x14 0x0000007d
core   0: 0x800064dc (0x00006b95) c.lui   s7, 0x5
core   0: 3 0x800064dc (0x6b95) x23 0x00005000
core   0: 0x800064de (0x0000100f) fence.i
core   0: 3 0x800064de (0x0000100f)
core   0: 0x800064e2 (0xffd15703) lhu     a4, -3(sp)
core   0: 3 0x800064e2 (0xffd15703) x14 0x0000e8e9 mem 0x80010432
core   0: 0x800064e6 (0x00e10003) lb      zero, 14(sp)
core   0: 3 0x800064e6 (0x00e10003) mem 0x80010443
core   0: 0x800064ea (0x01a116a3) sh      s10, 13(sp)
core   0: 3 0x800064ea (0x01a116a3) mem 0x80010442 0x0020
core   0: 0x800064ee (0x00a10383) lb      t2, 10(sp)
core   0: 3 0x800064ee (0x00a10383) x 7 0x00000020 mem 0x8001043f
core   0: 0x800064f2 (0x03aac163) blt     s5, s10, pc + 34
core   0: 3 0x800064f2 (0x03aac163)
core   0: 0x80006514 (0xdbeef693) andi    a3, t4, -578
core   0: 3 0x80006514 (0xdbeef693) x13 0x00009496
core   0: 0x80006518 (0x000006f2) c.slli  a3, 28
core   0: 3 0x80006518 (0x06f2) x13 0x60000000
core   0: 0x8000651a (0x00a0d233) srl     tp, ra, a0
core   0: 3 0x8000651a (0x00a0d233) x 4 0x00018000
core   0: 0x8000651e (0x0000889e) c.mv    a7, t2
core   0: 3 0x8000651e (0x889e) x17 0x00000020
core   0: 0x80006520 (0x035eec33) rem     s8, t4, s5
core   0: 3 0x80006520 (0x035eec33) x24 0x00009697
core   0: 0x80006524 (0x00305813) srli    a6, zero, 3
core   0: 3 0x80006524 (0x00305813) x16 0x00000000
core   0: 0x80006528 (0x0ff0000f) fence   iorw,iorw
core   0: 3 0x80006528 (0x0ff0000f)
core   0: 0x8000652c (0x0210ee33) rem     t3, ra, ra
core   0: 3 0x8000652c (0x0210ee33) x28 0x00000000
core   0: 0x80006530 (0x01e2fb63) bgeu    t0, t5, pc + 22
core   0: 3 0x80006530 (0x01e2fb63)
core   0: 0x80006546 (0x41d1df93) srai    t6, gp, 29
core   0: 3 0x80006546 (0x41d1df93) x31 0x00000000
core   0: 0x8000654a (0x02633e33) mulhu   t3, t1, t1
core   0: 3 0x8000654a (0x02633e33) x28 0xfffff888
core   0: 0x8000654e (0x028ad7b3) divu    a5, s5, s0
core   0: 3 0x8000654e (0x028ad7b3) x15 0xffffffff
core   0: 0x80006552 (0x0ff0000f) fence   iorw,iorw
core   0: 3 0x80006552 (0x0ff0000f)
core   0: 0x80006556 (0x00008a11) c.andi  a2, 4
core   0: 3 0x80006556 (0x8a11) x12 0x00000000
core   0: 0x80006558 (0x00000001) c.nop
core   0: 3 0x80006558 (0x0001)
core   0: 0x8000655a (0x02f267b3) rem     a5, tp, a5
core   0: 3 0x8000655a (0x02f267b3) x15 0x00000000
core   0: 0x8000655e (0x019e76b3) and     a3, t3, s9
core   0: 3 0x8000655e (0x019e76b3) x13 0x05b7a000
core   0: 0x80006562 (0x2c02c813) xori    a6, t0, 704
core   0: 3 0x80006562 (0x2c02c813) x16 0x000005ee
core   0: 0x80006566 (0x043f5063) bge     t5, gp, pc + 64
core   0: 3 0x80006566 (0x043f5063)
core   0: 0x8000656a (0x001a14b3) sll     s1, s4, ra
core   0: 3 0x8000656a (0x001a14b3) x 9 0x0200072e
core   0: 0x8000656e (0x000decb3) or      s9, s11, zero
core   0: 3 0x8000656e (0x000decb3) x25 0x80029ce4
core   0: 0x80006572 (0x0ff0000f) fence   iorw,iorw
core   0: 3 0x80006572 (0x0ff0000f)
core   0: 0x80006576 (0x031998b3) mulh    a7, s3, a7
core   0: 3 0x80006576 (0x031998b3) x17 0x00000000
core   0: 0x8000657a (0x0000717d) c.addi16sp sp, -16
core   0: 3 0x8000657a (0x717d) x 2 0x80010425
core   0: 0x8000657c (0x0000849d) c.srai  s1, 7
core   0: 3 0x8000657c (0x849d) x 9 0x0004000e
core   0: 0x8000657e (0x0c528913) addi    s2, t0, 197
core   0: 3 0x8000657e (0x0c528913) x18 0x000007f3
core   0: 0x80006582 (0x403d5633) sra     a2, s10, gp
core   0: 3 0x80006582 (0x403d5633) x12 0x00000010
core   0: 0x80006586 (0x01354bb3) xor     s7, a0, s3
core   0: 3 0x80006586 (0x01354bb3) x23 0x00000008
core   0: 0x8000658a (0x9b452b97) auipc   s7, 0x9b452
core   0: 3 0x8000658a (0x9b452b97) x23 0x1b45858a
core   0: 0x8000658e (0x0206ac33) mulhsu  s8, a3, zero
core   0: 3 0x8000658e (0x0206ac33) x24 0x00000000
core   0: 0x80006592 (0x00008f45) c.or    a4, s1
core   0: 3 0x80006592 (0x8f45) x14 0x0004e8ef
core   0: 0x80006594 (0x0114bbb3) sltu    s7, s1, a7
core   0: 3 0x80006594 (0x0114bbb3) x23 0x00000000
core   0: 0x80006598 (0x0000100f) fence.i
core   0: 3 0x80006598 (0x0000100f)
core   0: 0x8000659c (0x77d1c593) xori    a1, gp, 1917
core   0: 3 0x8000659c (0x77d1c593) x11 0x0000077c
core   0: 0x800065a0 (0x0ff0000f) fence   iorw,iorw
core   0: 3 0x800065a0 (0x0ff0000f)
core   0: 0x800065a4 (0x00008d41) c.or    a0, s0
core   0: 3 0x800065a4 (0x8d41) x10 0x00000000
core   0: 0x800065a6 (0x40dd0033) sub     zero, s10, a3
core   0: 3 0x800065a6 (0x40dd0033)
core   0: 0x800065aa (0x0067d8b3) srl     a7, a5, t1
core   0: 3 0x800065aa (0x0067d8b3) x17 0x00000000
core   0: 0x800065ae (0x0000cc81) c.beqz  s1, pc + 24
core   0: 3 0x800065ae (0xcc81)
core   0: 0x800065b0 (0x0000612d) c.addi16sp sp, 224
core   0: 3 0x800065b0 (0x612d) x 2 0x80010505
core   0: 0x800065b2 (0x003b6fb3) or      t6, s6, gp
core   0: 3 0x800065b2 (0x003b6fb3) x31 0x80025e65
core   0: 0x800065b6 (0x00009a7d) c.andi  a2, -1
core   0: 3 0x800065b6 (0x9a7d) x12 0x00000010
core   0: 0x800065b8 (0x036cfa33) remu    s4, s9, s6
core   0: 3 0x800065b8 (0x036cfa33) x20 0x00003e80
core   0: 0x800065bc (0x3d72a013) slti    zero, t0, 983
core   0: 3 0x800065bc (0x3d72a013)
core   0: 0x800065c0 (0x00006d11) c.lui   s10, 0x4
core   0: 3 0x800065c0 (0x6d11) x26 0x00004000
core   0: 0x800065c2 (0x01d11893) slli    a7, sp, 29
core   0: 3 0x800065c2 (0x01d11893) x17 0xa0000000
core   0: 0x800065c6 (0x3619f513) andi    a0, s3, 865
core   0: 3 0x800065c6 (0x3619f513) x10 0x00000000
core   0: 0x800065ca (0x00006d25) c.lui   s10, 0x9
core   0: 3 0x800065ca (0x6d25) x26 0x00009000
core   0: 0x800065cc (0x00000001) c.nop
core   0: 3 0x800065cc (0x0001)
core   0: 0x800065ce (0x017a0eb3) add     t4, s4, s7
core   0: 3 0x800065ce (0x017a0eb3) x29 0x00003e80
core   0: 0x800065d2 (0x03d26eb3) rem     t4, tp, t4
core   0: 3 0x800065d2 (0x03d26eb3) x29 0x00000900
core   0: 0x800065d6 (0x0000e1a1) c.bnez  a1, pc + 64
core   0: 3 0x800065d6 (0xe1a1)
core   0: 0x80006616 (0x0000e511) c.bnez  a0, pc + 12
core   0: 3 0x80006616 (0xe511)
core   0: 0x80006618 (0x00009f52) c.add   t5, s4
core   0: 3 0x80006618 (0x9f52) x30 0x00003e80
core   0: 0x8000661a (0x02431d33) mulh    s10, t1, tp
core   0: 3 0x8000661a (0x02431d33) x26 0xffffffff
core   0: 0x8000661e (0xdd064c13) xori    s8, a2, -560
core   0: 3 0x8000661e (0xdd064c13) x24 0xfffffdc0
core   0: 0x80006622 (0x03e545b3) div     a1, a0, t5
core   0: 3 0x80006622 (0x03e545b3) x11 0x00000000
core   0: 0x80006626 (0x0049cf33) xor     t5, s3, tp
core   0: 3 0x80006626 (0x0049cf33) x30 0x00018008
core   0: 0x8000662a (0x038f4f33) div     t5, t5, s8
core   0: 3 0x8000662a (0x038f4f33) x30 0xffffff56
core   0: 0x8000662e (0x017c07b3) add     a5, s8, s7
core   0: 3 0x8000662e (0x017c07b3) x15 0xfffffdc0
core   0: 0x80006632 (0x000084d1) c.srai  s1, 20
core   0: 3 0x80006632 (0x84d1) x 9 0x00000000
core   0: 0x80006634 (0x0000157d) c.addi  a0, -1
core   0: 3 0x80006634 (0x157d) x10 0xffffffff
core   0: 0x80006636 (0x038fdf63) bge     t6, s8, pc + 62
core   0: 3 0x80006636 (0x038fdf63)
core   0: 0x8000663a (0x4b493d13) sltiu   s10, s2, 1204
core   0: 3 0x8000663a (0x4b493d13) x26 0x00000000
core   0: 0x8000663e (0x98887193) andi    gp, a6, -1656
core   0: 3 0x8000663e (0x98887193) x 3 0x00000188
core   0: 0x80006642 (0x000007ce) c.slli  a5, 19
core   0: 3 0x80006642 (0x07ce) x15 0xee000000
core   0: 0x80006644 (0x0000717d) c.addi16sp sp, -16
core   0: 3 0x80006644 (0x717d) x 2 0x800104f5
core   0: 0x80006646 (0x021617b3) mulh    a5, a2, ra
core   0: 3 0x80006646 (0x021617b3) x15 0x00000000
core   0: 0x8000664a (0x000086bd) c.srai  a3, 15
core   0: 3 0x8000664a (0x86bd) x13 0x00000b6f
core   0: 0x8000664c (0x00000001) c.nop
core   0: 3 0x8000664c (0x0001)
core   0: 0x8000664e (0x00008d46) c.mv    s10, a7
core   0: 3 0x8000664e (0x8d46) x26 0xa0000000
core   0: 0x80006650 (0xbb7b4f93) xori    t6, s6, -1097
core   0: 3 0x80006650 (0xbb7b4f93) x31 0x7ffda5d3
core   0: 0x80006654 (0x00e58a33) add     s4, a1, a4
core   0: 3 0x80006654 (0x00e58a33) x20 0x0004e8ef
core   0: 0x80006658 (0x02919563) bne     gp, s1, pc + 42
core   0: 3 0x80006658 (0x02919563)
core   0: 0x80006682 (0x1dd94c13) xori    s8, s2, 477
core   0: 3 0x80006682 (0x1dd94c13) x24 0x0000062e
core   0: 0x80006686 (0x56bd2c93) slti    s9, s10, 1387
core   0: 3 0x80006686 (0x56bd2c93) x25 0x00000001
core   0: 0x8000668a (0x43e7f4b7) lui     s1, 0x43e7f
core   0: 3 0x8000668a (0x43e7f4b7) x 9 0x43e7f000
core   0: 0x8000668e (0x00a266b3) or      a3, tp, a0
core   0: 3 0x8000668e (0x00a266b3) x13 0xffffffff
core   0: 0x80006692 (0x719cb837) lui     a6, 0x719cb
core   0: 3 0x80006692 (0x719cb837) x16 0x719cb000
core   0: 0x80006696 (0x01bf48b3) xor     a7, t5, s11
core   0: 3 0x80006696 (0x01bf48b3) x17 0x7ffd63b2
core   0: 0x8000669a (0x0000856d) c.srai  a0, 27
core   0: 3 0x8000669a (0x856d) x10 0xffffffff
core   0: 0x8000669c (0x28e4bfb7) lui     t6, 0x28e4b
core   0: 3 0x8000669c (0x28e4bfb7) x31 0x28e4b000
core   0: 0x800066a0 (0x0000c315) c.beqz  a4, pc + 36
core   0: 3 0x800066a0 (0xc315)
core   0: 0x800066a2 (0x04c59063) bne     a1, a2, pc + 64
core   0: 3 0x800066a2 (0x04c59063)
core   0: 0x800066e2 (0x001b3bb3) sltu    s7, s6, ra
core   0: 3 0x800066e2 (0x001b3bb3) x23 0x00000000
core   0: 0x800066e6 (0x0000c89d) c.beqz  s1, pc + 54
core   0: 3 0x800066e6 (0xc89d)
core   0: 0x800066e8 (0x02ab7d33) remu    s10, s6, a0
core   0: 3 0x800066e8 (0x02ab7d33) x26 0x80025e64
core   0: 0x800066ec (0x0000800d) c.srli  s0, 3
core   0: 3 0x800066ec (0x800d) x 8 0x00000000
core   0: 0x800066ee (0x00e16a33) or      s4, sp, a4
core   0: 3 0x800066ee (0x00e16a33) x20 0x8005ecff
core   0: 0x800066f2 (0xd4610713) addi    a4, sp, -698
core   0: 3 0x800066f2 (0xd4610713) x14 0x8001023b
core   0: 0x800066f6 (0x0000117d) c.addi  sp, -1
core   0: 3 0x800066f6 (0x117d) x 2 0x800104f4
core   0: 0x800066f8 (0x000062a9) c.lui   t0, 0xa
core   0: 3 0x800066f8 (0x62a9) x 5 0x0000a000
core   0: 0x800066fa (0x00000001) c.nop
core   0: 3 0x800066fa (0x0001)
core   0: 0x800066fc (0xab7ba913) slti    s2, s7, -1353
core   0: 3 0x800066fc (0xab7ba913) x18 0x00000000
core   0: 0x80006700 (0x00748533) add     a0, s1, t2
core   0: 3 0x80006700 (0x00748533) x10 0x43e7f020
core   0: 0x80006704 (0x03ffb233) mulhu   tp, t6, t6
core   0: 3 0x80006704 (0x03ffb233) x 4 0x06884349
core   0: 0x80006708 (0x22f5ec93) ori     s9, a1, 559
core   0: 3 0x80006708 (0x22f5ec93) x25 0x0000022f
core   0: 0x8000670c (0x409b0d33) sub     s10, s6, s1
core   0: 3 0x8000670c (0x409b0d33) x26 0x3c1a6e64
core   0: 0x80006710 (0x00008c0d) c.sub   s0, a1
core   0: 3 0x80006710 (0x8c0d) x 8 0x00000000
core   0: 0x80006712 (0x02a7cf33) div     t5, a5, a0
core   0: 3 0x80006712 (0x02a7cf33) x30 0x00000000
core   0: 0x80006716 (0x01e71263) bne     a4, t5, pc + 4
core   0: 3 0x80006716 (0x01e71263)
core   0: 0x8000671a (0x0000cd91) c.beqz  a1, pc + 28
core   0: 3 0x8000671a (0xcd91)
core   0: 0x80006736 (0x007af7b3) and     a5, s5, t2
core   0: 3 0x80006736 (0x007af7b3) x15 0x00000000
core   0: 0x8000673a (0x560f0813) addi    a6, t5, 1376
core   0: 3 0x8000673a (0x560f0813) x16 0x00000560
core   0: 0x8000673e (0x038be933) rem     s2, s7, s8
core   0: 3 0x8000673e (0x038be933) x18 0x00000000
core   0: 0x80006742 (0xd35f45b7) lui     a1, 0xd35f4
core   0: 3 0x80006742 (0xd35f45b7) x11 0xd35f4000
core   0: 0x80006746 (0x00000001) c.nop
core   0: 3 0x80006746 (0x0001)
core   0: 0x80006748 (0x00008d05) c.sub   a0, s1
core   0: 3 0x80006748 (0x8d05) x10 0x00000020
core   0: 0x8000674a (0x000062a1) c.lui   t0, 0x8
core   0: 3 0x8000674a (0x62a1) x 5 0x00008000
core   0: 0x8000674c (0x02cfb3b3) mulhu   t2, t6, a2
core   0: 3 0x8000674c (0x02cfb3b3) x 7 0x00000002
core   0: 0x80006750 (0x01529393) slli    t2, t0, 21
core   0: 3 0x80006750 (0x01529393) x 7 0x00000000
core   0: 0x80006754 (0x01731e13) slli    t3, t1, 23
core   0: 3 0x80006754 (0x01731e13) x28 0x22000000
core   0: 0x80006758 (0x0000717d) c.addi16sp sp, -16
core   0: 3 0x80006758 (0x717d) x 2 0x800104e4
core   0: 0x8000675a (0x00001304) c.addi4spn s1, sp, 416
core   0: 3 0x8000675a (0x1304) x 9 0x80010684
core   0: 0x8000675c (0x03156a63) bltu    a0, a7, pc + 52
core   0: 3 0x8000675c (0x03156a63)
core   0: 0x80006790 (0x035da0b3) mulhsu  ra, s11, s5
core   0: 3 0x80006790 (0x035da0b3) x 1 0xc0008789
core   0: 0x80006794 (0x00008efd) c.and   a3, a5
core   0: 3 0x80006794 (0x8efd) x13 0x00000000
core   0: 0x80006796 (0x0125a033) slt     zero, a1, s2
core   0: 3 0x80006796 (0x0125a033)
core   0: 0x8000679a (0x419ed433) sra     s0, t4, s9
core   0: 3 0x8000679a (0x419ed433) x 8 0x00000000
core   0: 0x8000679e (0x01ea9193) slli    gp, s5, 30
core   0: 3 0x8000679e (0x01ea9193) x 3 0x40000000
core   0: 0x800067a2 (0x00008f11) c.sub   a4, a2
core   0: 3 0x800067a2 (0x8f11) x14 0x8001022b
core   0: 0x800067a4 (0x9dfda213) slti    tp, s11, -1569
core   0: 3 0x800067a4 (0x9dfda213) x 4 0x00000001
core   0: 0x800067a8 (0x03068433) mul     s0, a3, a6
core   0: 3 0x800067a8 (0x03068433) x 8 0x00000000
core   0: 0x800067ac (0x00001bfd) c.addi  s7, -1
core   0: 3 0x800067ac (0x1bfd) x23 0xffffffff
core   0: 0x800067ae (0x01a7c233) xor     tp, a5, s10
core   0: 3 0x800067ae (0x01a7c233) x 4 0x3c1a6e64
core   0: 0x800067b2 (0x00739933) sll     s2, t2, t2
core   0: 3 0x800067b2 (0x00739933) x18 0x00000000
core   0: 0x800067b6 (0x02efe0b3) rem     ra, t6, a4
core   0: 3 0x800067b6 (0x02efe0b3) x 1 0x28e4b000
core   0: 0x800067ba (0x00000001) c.nop
core   0: 3 0x800067ba (0x0001)
core   0: 0x800067bc (0x40805093) srai    ra, zero, 8
core   0: 3 0x800067bc (0x40805093) x 1 0x00000000
core   0: 0x800067c0 (0x00006f8d) c.lui   t6, 0x3
core   0: 3 0x800067c0 (0x6f8d) x31 0x00003000
core   0: 0x800067c2 (0x00008fb9) c.xor   a5, a4
core   0: 3 0x800067c2 (0x8fb9) x15 0x8001022b
core   0: 0x800067c4 (0x01c74c33) xor     s8, a4, t3
core   0: 3 0x800067c4 (0x01c74c33) x24 0xa201022b
core   0: 0x800067c8 (0x00207c33) and     s8, zero, sp
core   0: 3 0x800067c8 (0x00207c33) x24 0x00000000
core   0: 0x800067cc (0x004300b3) add     ra, t1, tp
core   0: 3 0x800067cc (0x004300b3) x 1 0x3c1a6aa8
core   0: 0x800067d0 (0x0000987d) c.andi  s0, -1
core   0: 3 0x800067d0 (0x987d) x 8 0x00000000
core   0: 0x800067d2 (0x40e553b3) sra     t2, a0, a4
core   0: 3 0x800067d2 (0x40e553b3) x 7 0x00000000
core   0: 0x800067d6 (0xeaeecf93) xori    t6, t4, -338
core   0: 3 0x800067d6 (0xeaeecf93) x31 0xfffff7ae
core   0: 0x800067da (0x0266fbb3) remu    s7, a3, t1
core   0: 3 0x800067da (0x0266fbb3) x23 0x00000000
core   0: 0x800067de (0x012c1663) bne     s8, s2, pc + 12
core   0: 3 0x800067de (0x012c1663)
core   0: 0x800067e2 (0x00f71f13) slli    t5, a4, 15
core   0: 3 0x800067e2 (0x00f71f13) x30 0x81158000
core   0: 0x800067e6 (0x0f426d13) ori     s10, tp, 244
core   0: 3 0x800067e6 (0x0f426d13) x26 0x3c1a6ef4
core   0: 0x800067ea (0x00008935) c.andi  a0, 13
core   0: 3 0x800067ea (0x8935) x10 0x00000000
core   0: 0x800067ec (0x414b5ab3) sra     s5, s6, s4
core   0: 3 0x800067ec (0x414b5ab3) x21 0xffffffff
core   0: 0x800067f0 (0x00bc0f33) add     t5, s8, a1
core   0: 3 0x800067f0 (0x00bc0f33) x30 0xd35f4000
core   0: 0x800067f4 (0x00008d75) c.and   a0, a3
core   0: 3 0x800067f4 (0x8d75) x10 0x00000000
core   0: 0x800067f6 (0x01039793) slli    a5, t2, 16
core   0: 3 0x800067f6 (0x01039793) x15 0x00000000
core   0: 0x800067fa (0x000098fd) c.andi  s1, -1
core   0: 3 0x800067fa (0x98fd) x 9 0x80010684
core   0: 0x800067fc (0x0000717d) c.addi16sp sp, -16
core   0: 3 0x800067fc (0x717d) x 2 0x800104d4
core   0: 0x800067fe (0x01819a93) slli    s5, gp, 24
core   0: 3 0x800067fe (0x01819a93) x21 0x00000000
core   0: 0x80006802 (0x00000001) c.nop
core   0: 3 0x80006802 (0x0001)
core   0: 0x80006804 (0x039c6533) rem     a0, s8, s9
core   0: 3 0x80006804 (0x039c6533) x10 0x00000000
core   0: 0x80006808 (0x00008e29) c.xor   a2, a0
core   0: 3 0x80006808 (0x8e29) x12 0x00000010
core   0: 0x8000680a (0x40965913) srai    s2, a2, 9
core   0: 3 0x8000680a (0x40965913) x18 0x00000000
core   0: 0x8000680e (0x029e9433) mulh    s0, t4, s1
core   0: 3 0x8000680e (0x029e9433) x 8 0xfffffb80
core   0: 0x80006812 (0x00000001) c.nop
core   0: 3 0x80006812 (0x0001)
core   0: 0x80006814 (0x01f8c263) blt     a7, t6, pc + 4
core   0: 3 0x80006814 (0x01f8c263)
core   0: 0x80006818 (0x01722f33) slt     t5, tp, s7
core   0: 3 0x80006818 (0x01722f33) x30 0x00000000
core   0: 0x8000681c (0x0000100f) fence.i
core   0: 3 0x8000681c (0x0000100f)
core   0: 0x80006820 (0xf936f913) andi    s2, a3, -109
core   0: 3 0x80006820 (0xf936f913) x18 0x00000000
core   0: 0x80006824 (0x00004941) c.li    s2, 16
core   0: 3 0x80006824 (0x4941) x18 0x00000010
core   0: 0x80006826 (0x02469eb3) mulh    t4, a3, tp
core   0: 3 0x80006826 (0x02469eb3) x29 0x00000000
core   0: 0x8000682a (0x0ff0000f) fence   iorw,iorw
core   0: 3 0x8000682a (0x0ff0000f)
core   0: 0x8000682e (0x02a28f63) beq     t0, a0, pc + 62
core   0: 3 0x8000682e (0x02a28f63)
core   0: 0x80006832 (0x000007be) c.slli  a5, 15
core   0: 3 0x80006832 (0x07be) x15 0x00000000
core   0: 0x80006834 (0x00f193b3) sll     t2, gp, a5
core   0: 3 0x80006834 (0x00f193b3) x 7 0x40000000
core   0: 0x80006838 (0x00004d6d) c.li    s10, 27
core   0: 3 0x80006838 (0x4d6d) x26 0x0000001b
core   0: 0x8000683a (0x0097bf33) sltu    t5, a5, s1
core   0: 3 0x8000683a (0x0097bf33) x30 0x00000001
core   0: 0x8000683e (0x0000092a) c.slli  s2, 10
core   0: 3 0x8000683e (0x092a) x18 0x00004000
core   0: 0x80006840 (0x54b5f113) andi    sp, a1, 1355
core   0: 3 0x80006840 (0x54b5f113) x 2 0x00000000
core   0: 0x80006844 (0x40855c13) srai    s8, a0, 8
core   0: 3 0x80006844 (0x40855c13) x24 0x00000000
core   0: 0x80006848 (0x00008d49) c.or    a0, a0
core   0: 3 0x80006848 (0x8d49) x10 0x00000000
core   0: 0x8000684a (0x0194e8b3) or      a7, s1, s9
core   0: 3 0x8000684a (0x0194e8b3) x17 0x800106af
core   0: 0x8000684e (0x00008412) c.mv    s0, tp
core   0: 3 0x8000684e (0x8412) x 8 0x3c1a6e64
core   0: 0x80006850 (0x02d394b3) mulh    s1, t2, a3
core   0: 3 0x80006850 (0x02d394b3) x 9 0x00000000
core   0: 0x80006854 (0x00001a08) c.addi4spn a0, sp, 304
core   0: 3 0x80006854 (0x1a08) x10 0x00000130
core   0: 0x80006856 (0x018593b3) sll     t2, a1, s8
core   0: 3 0x80006856 (0x018593b3) x 7 0xd35f4000
core   0: 0x8000685a (0x0016c433) xor     s0, a3, ra
core   0: 3 0x8000685a (0x0016c433) x 8 0x3c1a6aa8
core   0: 0x8000685e (0x00008a5d) c.andi  a2, 23
core   0: 3 0x8000685e (0x8a5d) x12 0x00000010
core   0: 0x80006860 (0x0125ac33) slt     s8, a1, s2
core   0: 3 0x80006860 (0x0125ac33) x24 0x00000001
core   0: 0x80006864 (0x01892eb3) slt     t4, s2, s8
core   0: 3 0x80006864 (0x01892eb3) x29 0x00000000
core   0: 0x80006868 (0x02333533) mulhu   a0, t1, gp
core   0: 3 0x80006868 (0x02333533) x10 0x3fffff11
core   0: 0x8000686c (0x01841633) sll     a2, s0, s8
core   0: 3 0x8000686c (0x01841633) x12 0x7834d550
core   0: 0x80006870 (0x03b91463) bne     s2, s11, pc + 40
core   0: 3 0x80006870 (0x03b91463)
core   0: 0x80006898 (0x01d57c63) bgeu    a0, t4, pc + 24
core   0: 3 0x80006898 (0x01d57c63)
core   0: 0x800068b0 (0x0000614d) c.addi16sp sp, 176
core   0: 3 0x800068b0 (0x614d) x 2 0x000000b0
core   0: 0x800068b2 (0x0000c709) c.beqz  a4, pc + 10
core   0: 3 0x800068b2 (0xc709)
core   0: 0x800068b4 (0x0000836a) c.mv    t1, s10
core   0: 3 0x800068b4 (0x836a) x 6 0x0000001b
core   0: 0x800068b6 (0x00006169) c.addi16sp sp, 208
core   0: 3 0x800068b6 (0x6169) x 2 0x00000180
core   0: 0x800068b8 (0x410b5fb3) sra     t6, s6, a6
core   0: 3 0x800068b8 (0x410b5fb3) x31 0x80025e64
core   0: 0x800068bc (0x019f5613) srli    a2, t5, 25
core   0: 3 0x800068bc (0x019f5613) x12 0x00000000
core   0: 0x800068c0 (0x00e25863) bge     tp, a4, pc + 16
core   0: 3 0x800068c0 (0x00e25863)
core   0: 0x800068d0 (0x022b4ab3) div     s5, s6, sp
core   0: 3 0x800068d0 (0x022b4ab3) x21 0xffaaac3f
core   0: 0x800068d4 (0x41618233) sub     tp, gp, s6
core   0: 3 0x800068d4 (0x41618233) x 4 0xbffda19c
core   0: 0x800068d8 (0x0357f233) remu    tp, a5, s5
core   0: 3 0x800068d8 (0x0357f233) x 4 0x00000000
core   0: 0x800068dc (0x00c335b3) sltu    a1, t1, a2
core   0: 3 0x800068dc (0x00c335b3) x11 0x00000000
core   0: 0x800068e0 (0x98b44d13) xori    s10, s0, -1653
core   0: 3 0x800068e0 (0x98b44d13) x26 0xc3e59323
core   0: 0x800068e4 (0x033beeb3) rem     t4, s7, s3
core   0: 3 0x800068e4 (0x033beeb3) x29 0x00000000
core   0: 0x800068e8 (0x00006551) c.lui   a0, 0x14
core   0: 3 0x800068e8 (0x6551) x10 0x00014000
core   0: 0x800068ea (0x00348733) add     a4, s1, gp
core   0: 3 0x800068ea (0x00348733) x14 0x40000000
core   0: 0x800068ee (0x000085e9) c.srai  a1, 26
core   0: 3 0x800068ee (0x85e9) x11 0x00000000
core   0: 0x800068f0 (0x01c4ecb3) or      s9, s1, t3
core   0: 3 0x800068f0 (0x01c4ecb3) x25 0x22000000
core   0: 0x800068f4 (0x00008ff5) c.and   a5, a3
core   0: 3 0x800068f4 (0x8ff5) x15 0x00000000
core   0: 0x800068f6 (0x0111de33) srl     t3, gp, a7
core   0: 3 0x800068f6 (0x0111de33) x28 0x00008000
core   0: 0x800068fa (0x00000001) c.nop
core   0: 3 0x800068fa (0x0001)
core   0: 0x800068fc (0x419b0d33) sub     s10, s6, s9
core   0: 3 0x800068fc (0x419b0d33) x26 0x5e025e64
core   0: 0x80006900 (0x017cdf33) srl     t5, s9, s7
core   0: 3 0x80006900 (0x017cdf33) x30 0x22000000
core   0: 0x80006904 (0x024e8e63) beq     t4, tp, pc + 60
core   0: 3 0x80006904 (0x024e8e63)
core   0: 0x80006940 (0x01031fb3) sll     t6, t1, a6
core   0: 3 0x80006940 (0x01031fb3) x31 0x0000001b
core   0: 0x80006944 (0x0000717d) c.addi16sp sp, -16
core   0: 3 0x80006944 (0x717d) x 2 0x00000170
core   0: 0x80006946 (0x00008ff9) c.and   a5, a4
core   0: 3 0x80006946 (0x8ff9) x15 0x00000000
core   0: 0x80006948 (0x00000001) c.nop
core   0: 3 0x80006948 (0x0001)
core   0: 0x8000694a (0x0061d0b3) srl     ra, gp, t1
core   0: 3 0x8000694a (0x0061d0b3) x 1 0x00000008
core   0: 0x8000694e (0x193ecc93) xori    s9, t4, 403
core   0: 3 0x8000694e (0x193ecc93) x25 0x00000193
core   0: 0x80006952 (0x0000100f) fence.i
core   0: 3 0x80006952 (0x0000100f)
core   0: 0x80006956 (0x00000001) c.nop
core   0: 3 0x80006956 (0x0001)
core   0: 0x80006958 (0x00000001) c.nop
core   0: 3 0x80006958 (0x0001)
core   0: 0x8000695a (0x00008a92) c.mv    s5, tp
core   0: 3 0x8000695a (0x8a92) x21 0x00000000
core   0: 0x8000695c (0x000087e9) c.srai  a5, 26
core   0: 3 0x8000695c (0x87e9) x15 0x00000000
core   0: 0x8000695e (0x0378d533) divu    a0, a7, s7
core   0: 3 0x8000695e (0x0378d533) x10 0xffffffff
core   0: 0x80006962 (0x000065b1) c.lui   a1, 0xc
core   0: 3 0x80006962 (0x65b1) x11 0x0000c000
core   0: 0x80006964 (0x40390333) sub     t1, s2, gp
core   0: 3 0x80006964 (0x40390333) x 6 0xc0004000
core   0: 0x80006968 (0x03d8e7b3) rem     a5, a7, t4
core   0: 3 0x80006968 (0x03d8e7b3) x15 0x800106af
core   0: 0x8000696c (0x0000c10d) c.beqz  a0, pc + 34
core   0: 3 0x8000696c (0xc10d)
core   0: 0x8000696e (0x02cffe33) remu    t3, t6, a2
core   0: 3 0x8000696e (0x02cffe33) x28 0x0000001b
core   0: 0x80006972 (0x028a0933) mul     s2, s4, s0
core   0: 3 0x80006972 (0x028a0933) x18 0x4deb1d58
core   0: 0x80006976 (0x00001490) c.addi4spn a2, sp, 608
core   0: 3 0x80006976 (0x1490) x12 0x000003d0
core   0: 0x80006978 (0x03b1eb63) bltu    gp, s11, pc + 54
core   0: 3 0x80006978 (0x03b1eb63)
core   0: 0x800069ae (0x03e3d433) divu    s0, t2, t5
core   0: 3 0x800069ae (0x03e3d433) x 8 0x00000006
core   0: 0x800069b2 (0x00006809) c.lui   a6, 0x2
core   0: 3 0x800069b2 (0x6809) x16 0x00002000
core   0: 0x800069b4 (0x01464433) xor     s0, a2, s4
core   0: 3 0x800069b4 (0x01464433) x 8 0x8005ef2f
core   0: 0x800069b8 (0x00feff33) and     t5, t4, a5
core   0: 3 0x800069b8 (0x00feff33) x30 0x00000000
core   0: 0x800069bc (0x00849bb3) sll     s7, s1, s0
core   0: 3 0x800069bc (0x00849bb3) x23 0x00000000
core   0: 0x800069c0 (0x03d25633) divu    a2, tp, t4
core   0: 3 0x800069c0 (0x03d25633) x12 0xffffffff
core   0: 0x800069c4 (0x2644e137) lui     sp, 0x2644e
core   0: 3 0x800069c4 (0x2644e137) x 2 0x2644e000
core   0: 0x800069c8 (0x00008c11) c.sub   s0, a2
core   0: 3 0x800069c8 (0x8c11) x 8 0x8005ef30
core   0: 0x800069ca (0x0000939a) c.add   t2, t1
core   0: 3 0x800069ca (0x939a) x 7 0x935f8000
core   0: 0x800069cc (0x9596cd13) xori    s10, a3, -1703
core   0: 3 0x800069cc (0x9596cd13) x26 0xfffff959
core   0: 0x800069d0 (0x00008e4d) c.or    a2, a1
core   0: 3 0x800069d0 (0x8e4d) x12 0xffffffff
core   0: 0x800069d2 (0x35f03137) lui     sp, 0x35f03
core   0: 3 0x800069d2 (0x35f03137) x 2 0x35f03000
core   0: 0x800069d6 (0x70a55f97) auipc   t6, 0x70a55
core   0: 3 0x800069d6 (0x70a55f97) x31 0xf0a5b9d6
core   0: 0x800069da (0x01865f93) srli    t6, a2, 24
core   0: 3 0x800069da (0x01865f93) x31 0x000000ff
core   0: 0x800069de (0x02a93f33) mulhu   t5, s2, a0
core   0: 3 0x800069de (0x02a93f33) x30 0x4deb1d57
core   0: 0x800069e2 (0x00009afd) c.andi  a3, -1
core   0: 3 0x800069e2 (0x9afd) x13 0x00000000
core   0: 0x800069e4 (0x00647833) and     a6, s0, t1
core   0: 3 0x800069e4 (0x00647833) x16 0x80004000
core   0: 0x800069e8 (0x000082dd) c.srli  a3, 23
core   0: 3 0x800069e8 (0x82dd) x13 0x00000000
core   0: 0x800069ea (0x00008ef1) c.and   a3, a2
core   0: 3 0x800069ea (0x8ef1) x13 0x00000000
core   0: 0x800069ec (0x09674363) blt     a4, s6, pc + 134
core   0: 3 0x800069ec (0x09674363)
core   0: 0x800069f0 (0x01dcf8b3) and     a7, s9, t4
core   0: 3 0x800069f0 (0x01dcf8b3) x17 0x00000000
core   0: 0x800069f4 (0x002656b3) srl     a3, a2, sp
core   0: 3 0x800069f4 (0x002656b3) x13 0xffffffff
core   0: 0x800069f8 (0x00008db1) c.xor   a1, a2
core   0: 3 0x800069f8 (0x8db1) x11 0xffff3fff
core   0: 0x800069fa (0x41240633) sub     a2, s0, s2
core   0: 3 0x800069fa (0x41240633) x12 0x321ad1d8
core   0: 0x800069fe (0x000004f6) c.slli  s1, 29
core   0: 3 0x800069fe (0x04f6) x 9 0x00000000
core   0: 0x80006a00 (0x0000ac97) auipc   s9, 0xa
core   0: 3 0x80006a00 (0x0000ac97) x25 0x80010a00
core   0: 0x80006a04 (0x0d3c8c93) addi    s9, s9, 211
core   0: 3 0x80006a04 (0x0d3c8c93) x25 0x80010ad3
core   0: 0x80006a08 (0x00000001) c.nop
core   0: 3 0x80006a08 (0x0001)
core   0: 0x80006a0a (0x22fc8623) sb      a5, 556(s9)
core   0: 3 0x80006a0a (0x22fc8623) mem 0x80010cff 0xaf
core   0: 0x80006a0e (0x22cc8903) lb      s2, 556(s9)
core   0: 3 0x80006a0e (0x22cc8903) x18 0xffffffaf mem 0x80010cff
core   0: 0x80006a12 (0x22cccf83) lbu     t6, 556(s9)
core   0: 3 0x80006a12 (0x22cccf83) x31 0x000000af mem 0x80010cff
core   0: 0x80006a16 (0x23cc8623) sb      t3, 556(s9)
core   0: 3 0x80006a16 (0x23cc8623) mem 0x80010cff 0x1b
core   0: 0x80006a1a (0x228c8623) sb      s0, 556(s9)
core   0: 3 0x80006a1a (0x228c8623) mem 0x80010cff 0x30
core   0: 0x80006a1e (0x23bc8623) sb      s11, 556(s9)
core   0: 3 0x80006a1e (0x23bc8623) mem 0x80010cff 0xe4
core   0: 0x80006a22 (0x22cc8903) lb      s2, 556(s9)
core   0: 3 0x80006a22 (0x22cc8903) x18 0xffffffe4 mem 0x80010cff
core   0: 0x80006a26 (0x22cc8383) lb      t2, 556(s9)
core   0: 3 0x80006a26 (0x22cc8383) x 7 0xffffffe4 mem 0x80010cff
core   0: 0x80006a2a (0x22ccc903) lbu     s2, 556(s9)
core   0: 3 0x80006a2a (0x22ccc903) x18 0x000000e4 mem 0x80010cff
core   0: 0x80006a2e (0x229c8623) sb      s1, 556(s9)
core   0: 3 0x80006a2e (0x229c8623) mem 0x80010cff 0x0
core   0: 0x80006a32 (0xab167e17) auipc   t3, 0xab167
core   0: 3 0x80006a32 (0xab167e17) x28 0x2b16da32
core   0: 0x80006a36 (0x0335a7b3) mulhsu  a5, a1, s3
core   0: 3 0x80006a36 (0x0335a7b3) x15 0xffffffff
core   0: 0x80006a3a (0x019154b3) srl     s1, sp, s9
core   0: 3 0x80006a3a (0x019154b3) x 9 0x000006be
core   0: 0x80006a3e (0x228c8623) sb      s0, 556(s9)
core   0: 3 0x80006a3e (0x228c8623) mem 0x80010cff 0x30
core   0: 0x80006a42 (0x22ccc883) lbu     a7, 556(s9)
core   0: 3 0x80006a42 (0x22ccc883) x17 0x00000030 mem 0x80010cff
core   0: 0x80006a46 (0x230c8623) sb      a6, 556(s9)
core   0: 3 0x80006a46 (0x230c8623) mem 0x80010cff 0x0
core   0: 0x80006a4a (0x00001c7d) c.addi  s8, -1
core   0: 3 0x80006a4a (0x1c7d) x24 0x00000000
core   0: 0x80006a4c (0x22ccca83) lbu     s5, 556(s9)
core   0: 3 0x80006a4c (0x22ccca83) x21 0x00000000 mem 0x80010cff
core   0: 0x80006a50 (0x22ccc583) lbu     a1, 556(s9)
core   0: 3 0x80006a50 (0x22ccc583) x11 0x00000000 mem 0x80010cff
core   0: 0x80006a54 (0x000061b5) c.lui   gp, 0xd
core   0: 3 0x80006a54 (0x61b5) x 3 0x0000d000
core   0: 0x80006a56 (0x22cccc03) lbu     s8, 556(s9)
core   0: 3 0x80006a56 (0x22cccc03) x24 0x00000000 mem 0x80010cff
core   0: 0x80006a5a (0x22ccc283) lbu     t0, 556(s9)
core   0: 3 0x80006a5a (0x22ccc283) x 5 0x00000000 mem 0x80010cff
core   0: 0x80006a5e (0x22ccc803) lbu     a6, 556(s9)
core   0: 3 0x80006a5e (0x22ccc803) x16 0x00000000 mem 0x80010cff
core   0: 0x80006a62 (0x22cc8083) lb      ra, 556(s9)
core   0: 3 0x80006a62 (0x22cc8083) x 1 0x00000000 mem 0x80010cff
core   0: 0x80006a66 (0x22cc8a03) lb      s4, 556(s9)
core   0: 3 0x80006a66 (0x22cc8a03) x20 0x00000000 mem 0x80010cff
core   0: 0x80006a6a (0x5c902293) slti    t0, zero, 1481
core   0: 3 0x80006a6a (0x5c902293) x 5 0x00000001
core   0: 0x80006a6e (0x03c990b3) mulh    ra, s3, t3
core   0: 3 0x80006a6e (0x03c990b3) x 1 0x00000001
core   0: 0x80006a72 (0x038677b3) remu    a5, a2, s8
core   0: 3 0x80006a72 (0x038677b3) x15 0x321ad1d8
core   0: 0x80006a76 (0xc11af093) andi    ra, s5, -1007
core   0: 3 0x80006a76 (0xc11af093) x 1 0x00000000
core   0: 0x80006a7a (0xb6626893) ori     a7, tp, -1178
core   0: 3 0x80006a7a (0xb6626893) x17 0xfffffb66
core   0: 0x80006a7e (0x00da95b3) sll     a1, s5, a3
core   0: 3 0x80006a7e (0x00da95b3) x11 0x00000000
core   0: 0x80006a82 (0x00575f93) srli    t6, a4, 5
core   0: 3 0x80006a82 (0x00575f93) x31 0x02000000
core   0: 0x80006a86 (0x00006165) c.addi16sp sp, 112
core   0: 3 0x80006a86 (0x6165) x 2 0x35f03070
core   0: 0x80006a88 (0x00008d45) c.or    a0, s1
core   0: 3 0x80006a88 (0x8d45) x10 0xffffffff
core   0: 0x80006a8a (0xc6a8ca13) xori    s4, a7, -918
core   0: 3 0x80006a8a (0xc6a8ca13) x20 0x0000070c
core   0: 0x80006a8e (0x00000001) c.nop
core   0: 3 0x80006a8e (0x0001)
core   0: 0x80006a90 (0x004044b3) xor     s1, zero, tp
core   0: 3 0x80006a90 (0x004044b3) x 9 0x00000000
core   0: 0x80006a94 (0x00000001) c.nop
core   0: 3 0x80006a94 (0x0001)
core   0: 0x80006a96 (0x03cd1263) bne     s10, t3, pc + 36
core   0: 3 0x80006a96 (0x03cd1263)
core   0: 0x80006aba (0x026e7f33) remu    t5, t3, t1
core   0: 3 0x80006aba (0x026e7f33) x30 0x2b16da32
core   0: 0x80006abe (0x00b14533) xor     a0, sp, a1
core   0: 3 0x80006abe (0x00b14533) x10 0x35f03070
core   0: 0x80006ac2 (0x0ff0000f) fence   iorw,iorw
core   0: 3 0x80006ac2 (0x0ff0000f)
core   0: 0x80006ac6 (0x03887c63) bgeu    a6, s8, pc + 56
core   0: 3 0x80006ac6 (0x03887c63)
core   0: 0x80006afe (0x00008049) c.srli  s0, 18
core   0: 3 0x80006afe (0x8049) x 8 0x00002001
core   0: 0x80006b00 (0x0000854a) c.mv    a0, s2
core   0: 3 0x80006b00 (0x854a) x10 0x000000e4
core   0: 0x80006b02 (0x0000634d) c.lui   t1, 0x13
core   0: 3 0x80006b02 (0x634d) x 6 0x00013000
core   0: 0x80006b04 (0x40eb0233) sub     tp, s6, a4
core   0: 3 0x80006b04 (0x40eb0233) x 4 0x40025e64
core   0: 0x80006b08 (0x0061b2b3) sltu    t0, gp, t1
core   0: 3 0x80006b08 (0x0061b2b3) x 5 0x00000001
core   0: 0x80006b0c (0x00000001) c.nop
core   0: 3 0x80006b0c (0x0001)
core   0: 0x80006b0e (0x41de8733) sub     a4, t4, t4
core   0: 3 0x80006b0e (0x41de8733) x14 0x00000000
core   0: 0x80006b12 (0x02922233) mulhsu  tp, tp, s1
core   0: 3 0x80006b12 (0x02922233) x 4 0x00000000
core   0: 0x80006b16 (0x0183ca33) xor     s4, t2, s8
core   0: 3 0x80006b16 (0x0183ca33) x20 0xffffffe4
core   0: 0x80006b1a (0x00000a96) c.slli  s5, 5
core   0: 3 0x80006b1a (0x0a96) x21 0x00000000
core   0: 0x80006b1c (0x6c7d3393) sltiu   t2, s10, 1735
core   0: 3 0x80006b1c (0x6c7d3393) x 7 0x00000000
core   0: 0x80006b20 (0x01755a93) srli    s5, a0, 23
core   0: 3 0x80006b20 (0x01755a93) x21 0x00000000
core   0: 0x80006b24 (0xca013313) sltiu   t1, sp, -864
core   0: 3 0x80006b24 (0xca013313) x 6 0x00000001
core   0: 0x80006b28 (0x407851b3) sra     gp, a6, t2
core   0: 3 0x80006b28 (0x407851b3) x 3 0x00000000
core   0: 0x80006b2c (0x0322ceb3) div     t4, t0, s2
core   0: 3 0x80006b2c (0x0322ceb3) x29 0x00000000
core   0: 0x80006b30 (0x00008ff1) c.and   a5, a2
core   0: 3 0x80006b30 (0x8ff1) x15 0x321ad1d8
core   0: 0x80006b32 (0x000040bd) c.li    ra, 15
core   0: 3 0x80006b32 (0x40bd) x 1 0x0000000f
core   0: 0x80006b34 (0xf234eb93) ori     s7, s1, -221
core   0: 3 0x80006b34 (0xf234eb93) x23 0xffffff23
core   0: 0x80006b38 (0x0ff0000f) fence   iorw,iorw
core   0: 3 0x80006b38 (0x0ff0000f)
core   0: 0x80006b3c (0x01ac5333) srl     t1, s8, s10
core   0: 3 0x80006b3c (0x01ac5333) x 6 0x00000000
core   0: 0x80006b40 (0x407105b3) sub     a1, sp, t2
core   0: 3 0x80006b40 (0x407105b3) x11 0x35f03070
core   0: 0x80006b44 (0x000007da) c.slli  a5, 22
core   0: 3 0x80006b44 (0x07da) x15 0x76000000
core   0: 0x80006b46 (0x000095d6) c.add   a1, s5
core   0: 3 0x80006b46 (0x95d6) x11 0x35f03070
core   0: 0x80006b48 (0x03af7ab3) remu    s5, t5, s10
core   0: 3 0x80006b48 (0x03af7ab3) x21 0x2b16da32
core   0: 0x80006b4c (0x01ac5f93) srli    t6, s8, 26
core   0: 3 0x80006b4c (0x01ac5f93) x31 0x00000000
core   0: 0x80006b50 (0x01772033) slt     zero, a4, s7
core   0: 3 0x80006b50 (0x01772033)
core   0: 0x80006b54 (0x00008d89) c.sub   a1, a0
core   0: 3 0x80006b54 (0x8d89) x11 0x35f02f8c
core   0: 0x80006b56 (0x01d2f4b3) and     s1, t0, t4
core   0: 3 0x80006b56 (0x01d2f4b3) x 9 0x00000000
core   0: 0x80006b5a (0x02aa91b3) mulh    gp, s5, a0
core   0: 3 0x80006b5a (0x02aa91b3) x 3 0x00000026
core   0: 0x80006b5e (0x00000001) c.nop
core   0: 3 0x80006b5e (0x0001)
core   0: 0x80006b60 (0x168d7197) auipc   gp, 0x168d7
core   0: 3 0x80006b60 (0x168d7197) x 3 0x968ddb60
core   0: 0x80006b64 (0x0079bab3) sltu    s5, s3, t2
core   0: 3 0x80006b64 (0x0079bab3) x21 0x00000000
core   0: 0x80006b68 (0x8b72b737) lui     a4, 0x8b72b
core   0: 3 0x80006b68 (0x8b72b737) x14 0x8b72b000
core   0: 0x80006b6c (0x6e538413) addi    s0, t2, 1765
core   0: 3 0x80006b6c (0x6e538413) x 8 0x000006e5
core   0: 0x80006b70 (0x00008c91) c.sub   s1, a2
core   0: 3 0x80006b70 (0x8c91) x 9 0xcde52e28
core   0: 0x80006b72 (0x0000e39d) c.bnez  a5, pc + 38
core   0: 3 0x80006b72 (0xe39d)
core   0: 0x80006b98 (0x01d7ca63) blt     a5, t4, pc + 20
core   0: 3 0x80006b98 (0x01d7ca63)
core   0: 0x80006b9c (0x003ad813) srli    a6, s5, 3
core   0: 3 0x80006b9c (0x003ad813) x16 0x00000000
core   0: 0x80006ba0 (0xadc63713) sltiu   a4, a2, -1316
core   0: 3 0x80006ba0 (0xadc63713) x14 0x00000001
core   0: 0x80006ba4 (0x00000001) c.nop
core   0: 3 0x80006ba4 (0x0001)
core   0: 0x80006ba6 (0x02b4b7b3) mulhu   a5, s1, a1
core   0: 3 0x80006ba6 (0x02b4b7b3) x15 0x2b619fa7
core   0: 0x80006baa (0x0000868e) c.mv    a3, gp
core   0: 3 0x80006baa (0x868e) x13 0x968ddb60
core   0: 0x80006bac (0x028f5933) divu    s2, t5, s0
core   0: 3 0x80006bac (0x028f5933) x18 0x00063ff1
core   0: 0x80006bb0 (0x011dda33) srl     s4, s11, a7
core   0: 3 0x80006bb0 (0x011dda33) x20 0x02000a73
core   0: 0x80006bb4 (0x028c4b63) blt     s8, s0, pc + 54
core   0: 3 0x80006bb4 (0x028c4b63)
core   0: 0x80006bea (0x40b45393) srai    t2, s0, 11
core   0: 3 0x80006bea (0x40b45393) x 7 0x00000000
core   0: 0x80006bee (0x000d2a33) slt     s4, s10, zero
core   0: 3 0x80006bee (0x000d2a33) x20 0x00000001
core   0: 0x80006bf2 (0x000085f5) c.srai  a1, 29
core   0: 3 0x80006bf2 (0x85f5) x11 0x00000001
core   0: 0x80006bf4 (0x000e6f33) or      t5, t3, zero
core   0: 3 0x80006bf4 (0x000e6f33) x30 0x2b16da32
core   0: 0x80006bf8 (0xef1e2393) slti    t2, t3, -271
core   0: 3 0x80006bf8 (0xef1e2393) x 7 0x00000000
core   0: 0x80006bfc (0x403d5d13) srai    s10, s10, 3
core   0: 3 0x80006bfc (0x403d5d13) x26 0xffffff2b
core   0: 0x80006c00 (0x0251f963) bgeu    gp, t0, pc + 50
core   0: 3 0x80006c00 (0x0251f963)
core   0: 0x80006c32 (0x0000100f) fence.i
core   0: 3 0x80006c32 (0x0000100f)
core   0: 0x80006c36 (0x00006549) c.lui   a0, 0x12
core   0: 3 0x80006c36 (0x6549) x10 0x00012000
core   0: 0x80006c38 (0x01792433) slt     s0, s2, s7
core   0: 3 0x80006c38 (0x01792433) x 8 0x00000000
core   0: 0x80006c3c (0x00008d91) c.sub   a1, a2
core   0: 3 0x80006c3c (0x8d91) x11 0xcde52e29
core   0: 0x80006c3e (0x016412b3) sll     t0, s0, s6
core   0: 3 0x80006c3e (0x016412b3) x 5 0x00000000
core   0: 0x80006c42 (0x41548eb3) sub     t4, s1, s5
core   0: 3 0x80006c42 (0x41548eb3) x29 0xcde52e28
core   0: 0x80006c46 (0x000084c1) c.srai  s1, 16
core   0: 3 0x80006c46 (0x84c1) x 9 0xffffcde5
core   0: 0x80006c48 (0x00159793) slli    a5, a1, 1
core   0: 3 0x80006c48 (0x00159793) x15 0x9bca5c52
core   0: 0x80006c4c (0x005a1713) slli    a4, s4, 5
core   0: 3 0x80006c4c (0x005a1713) x14 0x00000020
core   0: 0x80006c50 (0x022fafb3) mulhsu  t6, t6, sp
core   0: 3 0x80006c50 (0x022fafb3) x31 0x00000000
core   0: 0x80006c54 (0x0000e289) c.bnez  a3, pc + 2
core   0: 3 0x80006c54 (0xe289)
core   0: 0x80006c56 (0x00008d31) c.xor   a0, a2
core   0: 3 0x80006c56 (0x8d31) x10 0x321bf1d8
core   0: 0x80006c58 (0x02569d17) auipc   s10, 0x2569
core   0: 3 0x80006c58 (0x02569d17) x26 0x8256fc58
core   0: 0x80006c5c (0x038e5333) divu    t1, t3, s8
core   0: 3 0x80006c5c (0x038e5333) x 6 0xffffffff
core   0: 0x80006c60 (0x02b947b3) div     a5, s2, a1
core   0: 3 0x80006c60 (0x02b947b3) x15 0x00000000
core   0: 0x80006c64 (0x41c85893) srai    a7, a6, 28
core   0: 3 0x80006c64 (0x41c85893) x17 0x00000000
core   0: 0x80006c68 (0x00679b63) bne     a5, t1, pc + 22
core   0: 3 0x80006c68 (0x00679b63)
core   0: 0x80006c7e (0x53d4e537) lui     a0, 0x53d4e
core   0: 3 0x80006c7e (0x53d4e537) x10 0x53d4e000
core   0: 0x80006c82 (0x00008e8d) c.sub   a3, a1
core   0: 3 0x80006c82 (0x8e8d) x13 0xc8a8ad37
core   0: 0x80006c84 (0x027a5a33) divu    s4, s4, t2
core   0: 3 0x80006c84 (0x027a5a33) x20 0xffffffff
core   0: 0x80006c88 (0xd3e50413) addi    s0, a0, -706
core   0: 3 0x80006c88 (0xd3e50413) x 8 0x53d4dd3e
core   0: 0x80006c8c (0x01fe0563) beq     t3, t6, pc + 10
core   0: 3 0x80006c8c (0x01fe0563)
core   0: 0x80006c90 (0x00008ded) c.and   a1, a1
core   0: 3 0x80006c90 (0x8ded) x11 0xcde52e29
core   0: 0x80006c92 (0x001dce63) blt     s11, ra, pc + 28
core   0: 3 0x80006c92 (0x001dce63)
core   0: 0x80006cae (0x029c2d37) lui     s10, 0x29c2
core   0: 3 0x80006cae (0x029c2d37) x26 0x029c2000
core   0: 0x80006cb2 (0x02ea6933) rem     s2, s4, a4
core   0: 3 0x80006cb2 (0x02ea6933) x18 0xffffffff
core   0: 0x80006cb6 (0x018c5613) srli    a2, s8, 24
core   0: 3 0x80006cb6 (0x018c5613) x12 0x00000000
core   0: 0x80006cba (0x0000e29d) c.bnez  a3, pc + 38
core   0: 3 0x80006cba (0xe29d)
core   0: 0x80006ce0 (0x0231cbb3) div     s7, gp, gp
core   0: 3 0x80006ce0 (0x0231cbb3) x23 0x00000001
core   0: 0x80006ce4 (0x002e9cb3) sll     s9, t4, sp
core   0: 3 0x80006ce4 (0x002e9cb3) x25 0x2e280000
core   0: 0x80006ce8 (0x03314633) div     a2, sp, s3
core   0: 3 0x80006ce8 (0x03314633) x12 0x06be060e
core   0: 0x80006cec (0x67304013) xori    zero, zero, 1651
core   0: 3 0x80006cec (0x67304013)
core   0: 0x80006cf0 (0x0cc9ec63) bltu    s3, a2, pc + 216
core   0: 3 0x80006cf0 (0x0cc9ec63)
core   0: 0x80006dc8 (0x0000717d) c.addi16sp sp, -16
core   0: 3 0x80006dc8 (0x717d) x 2 0x35f03060
core   0: 0x80006dca (0x41b60233) sub     tp, a2, s11
core   0: 3 0x80006dca (0x41b60233) x 4 0x86bb692a
core   0: 0x80006dce (0x8f7cabb7) lui     s7, 0x8f7ca
core   0: 3 0x80006dce (0x8f7cabb7) x23 0x8f7ca000
core   0: 0x80006dd2 (0x0249de63) bge     s3, tp, pc + 60
core   0: 3 0x80006dd2 (0x0249de63)
core   0: 0x80006e0e (0x00419a13) slli    s4, gp, 4
core   0: 3 0x80006e0e (0x00419a13) x20 0x68ddb600
core   0: 0x80006e12 (0x00f758b3) srl     a7, a4, a5
core   0: 3 0x80006e12 (0x00f758b3) x17 0x00000020
core   0: 0x80006e16 (0x00001d1c) c.addi4spn a5, sp, 688
core   0: 3 0x80006e16 (0x1d1c) x15 0x35f03310
core   0: 0x80006e18 (0x035b1f33) mulh    t5, s6, s5
core   0: 3 0x80006e18 (0x035b1f33) x30 0x00000000
core   0: 0x80006e1c (0x00008cf5) c.and   s1, a3
core   0: 3 0x80006e1c (0x8cf5) x 9 0xc8a88d25
core   0: 0x80006e1e (0x4eabfb93) andi    s7, s7, 1258
core   0: 3 0x80006e1e (0x4eabfb93) x23 0x00000000
core   0: 0x80006e22 (0x0000100f) fence.i
core   0: 3 0x80006e22 (0x0000100f)
core   0: 0x80006e26 (0x0000e105) c.bnez  a0, pc + 32
core   0: 3 0x80006e26 (0xe105)
core   0: 0x80006e46 (0x0000821d) c.srli  a2, 7
core   0: 3 0x80006e46 (0x821d) x12 0x000d7c0c
core   0: 0x80006e48 (0x03124a33) div     s4, tp, a7
core   0: 3 0x80006e48 (0x03124a33) x20 0xfc35db4a
core   0: 0x80006e4c (0x00006405) c.lui   s0, 0x1
core   0: 3 0x80006e4c (0x6405) x 8 0x00001000
core   0: 0x80006e4e (0x00d3d593) srli    a1, t2, 13
core   0: 3 0x80006e4e (0x00d3d593) x11 0x00000000
core   0: 0x80006e52 (0x00008cf5) c.and   s1, a3
core   0: 3 0x80006e52 (0x8cf5) x 9 0xc8a88d25
core   0: 0x80006e54 (0x0000100f) fence.i
core   0: 3 0x80006e54 (0x0000100f)
core   0: 0x80006e58 (0x000083fd) c.srli  a5, 31
core   0: 3 0x80006e58 (0x83fd) x15 0x00000000
core   0: 0x80006e5a (0x03ce9933) mulh    s2, t4, t3
core   0: 3 0x80006e5a (0x03ce9933) x18 0xf79105be
core   0: 0x80006e5e (0x0027d563) bge     a5, sp, pc + 10
core   0: 3 0x80006e5e (0x0027d563)
core   0: 0x80006e62 (0x01119bb3) sll     s7, gp, a7
core   0: 3 0x80006e62 (0x01119bb3) x23 0x968ddb60
core   0: 0x80006e66 (0x00000191) c.addi  gp, 4
core   0: 3 0x80006e66 (0x0191) x 3 0x968ddb64
core   0: 0x80006e68 (0x0000100f) fence.i
core   0: 3 0x80006e68 (0x0000100f)
core   0: 0x80006e6c (0x00008f8d) c.sub   a5, a1
core   0: 3 0x80006e6c (0x8f8d) x15 0x00000000
core   0: 0x80006e6e (0x000085a6) c.mv    a1, s1
core   0: 3 0x80006e6e (0x85a6) x11 0xc8a88d25
core   0: 0x80006e70 (0x78a14f93) xori    t6, sp, 1930
core   0: 3 0x80006e70 (0x78a14f93) x31 0x35f037ea
core   0: 0x80006e74 (0x00006f85) c.lui   t6, 0x1
core   0: 3 0x80006e74 (0x6f85) x31 0x00001000
core   0: 0x80006e76 (0x01843533) sltu    a0, s0, s8
core   0: 3 0x80006e76 (0x01843533) x10 0x00000000
core   0: 0x80006e7a (0xf1226093) ori     ra, tp, -238
core   0: 3 0x80006e7a (0xf1226093) x 1 0xffffff3a
core   0: 0x80006e7e (0x0000717d) c.addi16sp sp, -16
core   0: 3 0x80006e7e (0x717d) x 2 0x35f03050
core   0: 0x80006e80 (0x01ee8f63) beq     t4, t5, pc + 30
core   0: 3 0x80006e80 (0x01ee8f63)
core   0: 0x80006e84 (0x02e69f63) bne     a3, a4, pc + 62
core   0: 3 0x80006e84 (0x02e69f63)
core   0: 0x80006ec2 (0x12a34e93) xori    t4, t1, 298
core   0: 3 0x80006ec2 (0x12a34e93) x29 0xfffffed5
core   0: 0x80006ec6 (0x00006131) c.addi16sp sp, 320
core   0: 3 0x80006ec6 (0x6131) x 2 0x35f03190
core   0: 0x80006ec8 (0x000055fd) c.li    a1, -1
core   0: 3 0x80006ec8 (0x55fd) x11 0xffffffff
core   0: 0x80006eca (0x00566863) bltu    a2, t0, pc + 16
core   0: 3 0x80006eca (0x00566863)
core   0: 0x80006ece (0x00000001) c.nop
core   0: 3 0x80006ece (0x0001)
core   0: 0x80006ed0 (0x01d05d13) srli    s10, zero, 29
core   0: 3 0x80006ed0 (0x01d05d13) x26 0x00000000
core   0: 0x80006ed4 (0x01e068b3) or      a7, zero, t5
core   0: 3 0x80006ed4 (0x01e068b3) x17 0x00000000
core   0: 0x80006ed8 (0x000065c1) c.lui   a1, 0x10
core   0: 3 0x80006ed8 (0x65c1) x11 0x00010000
core   0: 0x80006eda (0x02915e63) bge     sp, s1, pc + 60
core   0: 3 0x80006eda (0x02915e63)
core   0: 0x80006f16 (0x00505563) bge     zero, t0, pc + 10
core   0: 3 0x80006f16 (0x00505563)
core   0: 0x80006f20 (0x14945637) lui     a2, 0x14945
core   0: 3 0x80006f20 (0x14945637) x12 0x14945000
core   0: 0x80006f24 (0x000083b1) c.srli  a5, 12
core   0: 3 0x80006f24 (0x83b1) x15 0x00000000
core   0: 0x80006f26 (0x0000100f) fence.i
core   0: 3 0x80006f26 (0x0000100f)
core   0: 0x80006f2a (0x00009242) c.add   tp, a6
core   0: 3 0x80006f2a (0x9242) x 4 0x86bb692a
core   0: 0x80006f2c (0x00009a9a) c.add   s5, t1
core   0: 3 0x80006f2c (0x9a9a) x21 0xffffffff
core   0: 0x80006f2e (0x02fa71b3) remu    gp, s4, a5
core   0: 3 0x80006f2e (0x02fa71b3) x 3 0xfc35db4a
core   0: 0x80006f32 (0x00a03ab3) snez    s5, a0
core   0: 3 0x80006f32 (0x00a03ab3) x21 0x00000000
core   0: 0x80006f36 (0x00009a7d) c.andi  a2, -1
core   0: 3 0x80006f36 (0x9a7d) x12 0x14945000
core   0: 0x80006f38 (0x00006591) c.lui   a1, 0x4
core   0: 3 0x80006f38 (0x6591) x11 0x00004000
core   0: 0x80006f3a (0x01d47833) and     a6, s0, t4
core   0: 3 0x80006f3a (0x01d47833) x16 0x00001000
core   0: 0x80006f3e (0x0000cd15) c.beqz  a0, pc + 60
core   0: 3 0x80006f3e (0xcd15)
core   0: 0x80006f7a (0x01838e33) add     t3, t2, s8
core   0: 3 0x80006f7a (0x01838e33) x28 0x00000000
core   0: 0x80006f7e (0x0012b3b3) sltu    t2, t0, ra
core   0: 3 0x80006f7e (0x0012b3b3) x 7 0x00000001
core   0: 0x80006f82 (0x00008c9d) c.sub   s1, a5
core   0: 3 0x80006f82 (0x8c9d) x 9 0xc8a88d25
core   0: 0x80006f84 (0x41488733) sub     a4, a7, s4
core   0: 3 0x80006f84 (0x41488733) x14 0x03ca24b6
core   0: 0x80006f88 (0x00006135) c.addi16sp sp, 352
core   0: 3 0x80006f88 (0x6135) x 2 0x35f032f0
core   0: 0x80006f8a (0x031f1c63) bne     t5, a7, pc + 56
core   0: 3 0x80006f8a (0x031f1c63)
core   0: 0x80006f8e (0x01add413) srli    s0, s11, 26
core   0: 3 0x80006f8e (0x01add413) x 8 0x00000020
core   0: 0x80006f92 (0x003fa8b3) slt     a7, t6, gp
core   0: 3 0x80006f92 (0x003fa8b3) x17 0x00000000
core   0: 0x80006f96 (0x0284eeb3) rem     t4, s1, s0
core   0: 3 0x80006f96 (0x0284eeb3) x29 0xffffffe5
core   0: 0x80006f9a (0x000e4d63) bltz    t3, pc + 26
core   0: 3 0x80006f9a (0x000e4d63)
core   0: 0x80006f9e (0x5d44a337) lui     t1, 0x5d44a
core   0: 3 0x80006f9e (0x5d44a337) x 6 0x5d44a000
core   0: 0x80006fa2 (0x0000e609) c.bnez  a2, pc + 10
core   0: 3 0x80006fa2 (0xe609)
core   0: 0x80006fac (0x56bb2493) slti    s1, s6, 1387
core   0: 3 0x80006fac (0x56bb2493) x 9 0x00000001
core   0: 0x80006fb0 (0x039bcf63) blt     s7, s9, pc + 62
core   0: 3 0x80006fb0 (0x039bcf63)
core   0: 0x80006fee (0x0000469d) c.li    a3, 7
core   0: 3 0x80006fee (0x469d) x13 0x00000007
core   0: 0x80006ff0 (0x00fe9b93) slli    s7, t4, 15
core   0: 3 0x80006ff0 (0x00fe9b93) x23 0xfff28000
core   0: 0x80006ff4 (0x00008619) c.srai  a2, 6
core   0: 3 0x80006ff4 (0x8619) x12 0x00525140
core   0: 0x80006ff6 (0x00008e4e) c.mv    t3, s3
core   0: 3 0x80006ff6 (0x8e4e) x28 0x00000008
core   0: 0x80006ff8 (0x00001b80) c.addi4spn s0, sp, 496
core   0: 3 0x80006ff8 (0x1b80) x 8 0x35f034e0
core   0: 0x80006ffa (0x0249fab3) remu    s5, s3, tp
core   0: 3 0x80006ffa (0x0249fab3) x21 0x00000008
core   0: 0x80006ffe (0x01f0d393) srli    t2, ra, 31
core   0: 3 0x80006ffe (0x01f0d393) x 7 0x00000001
core   0: 0x80007002 (0x00ed6433) or      s0, s10, a4
core   0: 3 0x80007002 (0x00ed6433) x 8 0x03ca24b6
core   0: 0x80007006 (0x00008ce9) c.and   s1, a0
core   0: 3 0x80007006 (0x8ce9) x 9 0x00000000
core   0: 0x80007008 (0x032c8cb3) mul     s9, s9, s2
core   0: 3 0x80007008 (0x032c8cb3) x25 0x09b00000
core   0: 0x8000700c (0x449cb013) sltiu   zero, s9, 1097
core   0: 3 0x8000700c (0x449cb013)
core   0: 0x80007010 (0xbb3bcf93) xori    t6, s7, -1101
core   0: 3 0x80007010 (0xbb3bcf93) x31 0x000d7bb3
core   0: 0x80007014 (0x00008e69) c.and   a2, a0
core   0: 3 0x80007014 (0x8e69) x12 0x00000000
core   0: 0x80007016 (0x5d072b93) slti    s7, a4, 1488
core   0: 3 0x80007016 (0x5d072b93) x23 0x00000000
core   0: 0x8000701a (0x000003be) c.slli  t2, 15
core   0: 3 0x8000701a (0x03be) x 7 0x00008000
core   0: 0x8000701c (0x00008ed6) c.mv    t4, s5
core   0: 3 0x8000701c (0x8ed6) x29 0x00000008
core   0: 0x8000701e (0x0391a7b3) mulhsu  a5, gp, s9
core   0: 3 0x8000701e (0x0391a7b3) x15 0xffdb49bc
core   0: 0x80007022 (0x03dadfb3) divu    t6, s5, t4
core   0: 3 0x80007022 (0x03dadfb3) x31 0x00000001
core   0: 0x80007026 (0x3388e813) ori     a6, a7, 824
core   0: 3 0x80007026 (0x3388e813) x16 0x00000338
core   0: 0x8000702a (0x00005e7d) c.li    t3, -1
core   0: 3 0x8000702a (0x5e7d) x28 0xffffffff
core   0: 0x8000702c (0x00008645) c.srai  a2, 17
core   0: 3 0x8000702c (0x8645) x12 0x00000000
core   0: 0x8000702e (0x00008cf9) c.and   s1, a4
core   0: 3 0x8000702e (0x8cf9) x 9 0x00000000
core   0: 0x80007030 (0x0095f133) and     sp, a1, s1
core   0: 3 0x80007030 (0x0095f133) x 2 0x00000000
core   0: 0x80007034 (0x0366d833) divu    a6, a3, s6
core   0: 3 0x80007034 (0x0366d833) x16 0x00000000
core   0: 0x80007038 (0x4d18a793) slti    a5, a7, 1233
core   0: 3 0x80007038 (0x4d18a793) x15 0x00000001
core   0: 0x8000703c (0x0ff0000f) fence   iorw,iorw
core   0: 3 0x8000703c (0x0ff0000f)
core   0: 0x80007040 (0x410401b3) sub     gp, s0, a6
core   0: 3 0x80007040 (0x410401b3) x 3 0x03ca24b6
core   0: 0x80007044 (0x00006ff9) c.lui   t6, 0x1e
core   0: 3 0x80007044 (0x6ff9) x31 0x0001e000
core   0: 0x80007046 (0x41a88533) sub     a0, a7, s10
core   0: 3 0x80007046 (0x41a88533) x10 0x00000000
core   0: 0x8000704a (0x0000c791) c.beqz  a5, pc + 12
core   0: 3 0x8000704a (0xc791)
core   0: 0x8000704c (0x0016cbb3) xor     s7, a3, ra
core   0: 3 0x8000704c (0x0016cbb3) x23 0xffffff3d
core   0: 0x80007050 (0x00e75963) bge     a4, a4, pc + 18
core   0: 3 0x80007050 (0x00e75963)
core   0: 0x80007062 (0x0000ca89) c.beqz  a3, pc + 18
core   0: 3 0x80007062 (0xca89)
core   0: 0x80007064 (0x00008729) c.srai  a4, 10
core   0: 3 0x80007064 (0x8729) x14 0x0000f289
core   0: 0x80007066 (0x0000009e) c.slli  ra, 7
core   0: 3 0x80007066 (0x009e) x 1 0xffff9d00
core   0: 0x80007068 (0x035ded63) bltu    s11, s5, pc + 58
core   0: 3 0x80007068 (0x035ded63)
core   0: 0x8000706c (0x04504163) blt     zero, t0, pc + 66
core   0: 3 0x8000706c (0x04504163)
core   0: 0x80007070 (0x4dbff893) andi    a7, t6, 1243
core   0: 3 0x80007070 (0x4dbff893) x17 0x00000000
core   0: 0x80007074 (0x00000001) c.nop
core   0: 3 0x80007074 (0x0001)
core   0: 0x80007076 (0x00008f51) c.or    a4, a2
core   0: 3 0x80007076 (0x8f51) x14 0x0000f289
core   0: 0x80007078 (0x00008061) c.srli  s0, 24
core   0: 3 0x80007078 (0x8061) x 8 0x00000003
core   0: 0x8000707a (0x023b7033) remu    zero, s6, gp
core   0: 3 0x8000707a (0x023b7033)
core   0: 0x8000707e (0x0ff0000f) fence   iorw,iorw
core   0: 3 0x8000707e (0x0ff0000f)
core   0: 0x80007082 (0x0000ef01) c.bnez  a4, pc + 24
core   0: 3 0x80007082 (0xef01)
core   0: 0x8000709a (0x001d8f63) beq     s11, ra, pc + 30
core   0: 3 0x8000709a (0x001d8f63)
core   0: 0x8000709e (0x036a7fb3) remu    t6, s4, s6
core   0: 3 0x8000709e (0x036a7fb3) x31 0x7c337ce6
core   0: 0x800070a2 (0x7b7e0613) addi    a2, t3, 1975
core   0: 3 0x800070a2 (0x7b7e0613) x12 0x000007b6
core   0: 0x800070a6 (0x0074cf33) xor     t5, s1, t2
core   0: 3 0x800070a6 (0x0074cf33) x30 0x00008000
core   0: 0x800070aa (0x03ab7363) bgeu    s6, s10, pc + 38
core   0: 3 0x800070aa (0x03ab7363)
core   0: 0x800070d0 (0x00c9f133) and     sp, s3, a2
core   0: 3 0x800070d0 (0x00c9f133) x 2 0x00000000
core   0: 0x800070d4 (0x41b8d313) srai    t1, a7, 27
core   0: 3 0x800070d4 (0x41b8d313) x 6 0x00000000
core   0: 0x800070d8 (0x00008249) c.srli  a2, 18
core   0: 3 0x800070d8 (0x8249) x12 0x00000000
core   0: 0x800070da (0x000083a9) c.srli  a5, 10
core   0: 3 0x800070da (0x83a9) x15 0x00000000
core   0: 0x800070dc (0x0cfd1663) bne     s10, a5, pc + 204
core   0: 3 0x800070dc (0x0cfd1663)
core   0: 0x800070e0 (0x00276233) or      tp, a4, sp
core   0: 3 0x800070e0 (0x00276233) x 4 0x0000f289
core   0: 0x800070e4 (0xb9c04413) xori    s0, zero, -1124
core   0: 3 0x800070e4 (0xb9c04413) x 8 0xfffffb9c
core   0: 0x800070e8 (0x00008949) c.andi  a0, 18
core   0: 3 0x800070e8 (0x8949) x10 0x00000000
core   0: 0x800070ea (0x00000001) c.nop
core   0: 3 0x800070ea (0x0001)
core   0: 0x800070ec (0x406f0fb3) sub     t6, t5, t1
core   0: 3 0x800070ec (0x406f0fb3) x31 0x00008000
core   0: 0x800070f0 (0x003540b3) xor     ra, a0, gp
core   0: 3 0x800070f0 (0x003540b3) x 1 0x03ca24b6
core   0: 0x800070f4 (0x01565813) srli    a6, a2, 21
core   0: 3 0x800070f4 (0x01565813) x16 0x00000000
core   0: 0x800070f8 (0x0000100f) fence.i
core   0: 3 0x800070f8 (0x0000100f)
core   0: 0x800070fc (0x0000a717) auipc   a4, 0xa
core   0: 3 0x800070fc (0x0000a717) x14 0x800110fc
core   0: 0x80007100 (0xde470713) addi    a4, a4, -540
core   0: 3 0x80007100 (0xde470713) x14 0x80010ee0
core   0: 0x80007104 (0x00009517) auipc   a0, 0x9
core   0: 3 0x80007104 (0x00009517) x10 0x80010104
core   0: 0x80007108 (0x7d850513) addi    a0, a0, 2008
core   0: 3 0x80007108 (0x7d850513) x10 0x800108dc
core   0: 0x8000710c (0x0000ae17) auipc   t3, 0xa
core   0: 3 0x8000710c (0x0000ae17) x28 0x8001110c
core   0: 0x80007110 (0xc0ee0e13) addi    t3, t3, -1010
core   0: 3 0x80007110 (0xc0ee0e13) x28 0x80010d1a
core   0: 0x80007114 (0x0000aa17) auipc   s4, 0xa
core   0: 3 0x80007114 (0x0000aa17) x20 0x80011114
core   0: 0x80007118 (0x8a0a0a13) addi    s4, s4, -1888
core   0: 3 0x80007118 (0x8a0a0a13) x20 0x800109b4
core   0: 0x8000711c (0xa1650b83) lb      s7, -1514(a0)
core   0: 3 0x8000711c (0xa1650b83) x23 0xffffffa9 mem 0x800102f2
core   0: 0x80007120 (0xff5e4283) lbu     t0, -11(t3)
core   0: 3 0x80007120 (0xff5e4283) x 5 0x000000fa mem 0x80010d0f
core   0: 0x80007124 (0x90350b83) lb      s7, -1789(a0)
core   0: 3 0x80007124 (0x90350b83) x23 0xffffff94 mem 0x800101df
core   0: 0x80007128 (0x00be04a3) sb      a1, 9(t3)
core   0: 3 0x80007128 (0x00be04a3) mem 0x80010d23 0x0
core   0: 0x8000712c (0x51350aa3) sb      s3, 1301(a0)
core   0: 3 0x8000712c (0x51350aa3) mem 0x80010df1 0x8
core   0: 0x80007130 (0xfc5703a3) sb      t0, -57(a4)
core   0: 3 0x80007130 (0xfc5703a3) mem 0x80010ea7 0xfa
core   0: 0x80007134 (0x22e54403) lbu     s0, 558(a0)
core   0: 3 0x80007134 (0x22e54403) x 8 0x000000c1 mem 0x80010b0a
core   0: 0x80007138 (0xffbe0203) lb      tp, -5(t3)
core   0: 3 0x80007138 (0xffbe0203) x 4 0xffffffce mem 0x80010d15
core   0: 0x8000713c (0x02fa1323) sh      a5, 38(s4)
core   0: 3 0x8000713c (0x02fa1323) mem 0x800109da 0x0000
core   0: 0x80007140 (0x00fe4103) lbu     sp, 15(t3)
core   0: 3 0x80007140 (0x00fe4103) x 2 0x000000e2 mem 0x80010d29
core   0: 0x80007144 (0x0ee70803) lb      a6, 238(a4)
core   0: 3 0x80007144 (0x0ee70803) x16 0xffffff85 mem 0x80010fce
core   0: 0x80007148 (0x00aa0f83) lb      t6, 10(s4)
core   0: 3 0x80007148 (0x00aa0f83) x31 0x00000075 mem 0x800109be
core   0: 0x8000714c (0xfe9a0883) lb      a7, -23(s4)
core   0: 3 0x8000714c (0xfe9a0883) x17 0xffffffc2 mem 0x8001099d
core   0: 0x80007150 (0xa1f501a3) sb      t6, -1533(a0)
core   0: 3 0x80007150 (0xa1f501a3) mem 0x800102df 0x75
core   0: 0x80007154 (0x023a2e23) sw      gp, 60(s4)
core   0: 3 0x80007154 (0x023a2e23) mem 0x800109f0 0x03ca24b6
core   0: 0x80007158 (0xff0e5403) lhu     s0, -16(t3)
core   0: 3 0x80007158 (0xff0e5403) x 8 0x0000c0c1 mem 0x80010d0a
core   0: 0x8000715c (0x0e671723) sh      t1, 238(a4)
core   0: 3 0x8000715c (0x0e671723) mem 0x80010fce 0x0000
core   0: 0x80007160 (0x03570aa3) sb      s5, 53(a4)
core   0: 3 0x80007160 (0x03570aa3) mem 0x80010f15 0x8
core   0: 0x80007164 (0xfe6a1823) sh      t1, -16(s4)
core   0: 3 0x80007164 (0xfe6a1823) mem 0x800109a4 0x0000
core   0: 0x80007168 (0x008e0723) sb      s0, 14(t3)
core   0: 3 0x80007168 (0x008e0723) mem 0x80010d28 0xc1
core   0: 0x8000716c (0x02950183) lb      gp, 41(a0)
core   0: 3 0x8000716c (0x02950183) x 3 0xffffffbe mem 0x80010905
core   0: 0x80007170 (0x08171623) sh      ra, 140(a4)
core   0: 3 0x80007170 (0x08171623) mem 0x80010f6c 0x24b6
core   0: 0x80007174 (0x01da07a3) sb      t4, 15(s4)
core   0: 3 0x80007174 (0x01da07a3) mem 0x800109c3 0x8
core   0: 0x80007178 (0xfe4e0823) sb      tp, -16(t3)
core   0: 3 0x80007178 (0xfe4e0823) mem 0x80010d0a 0xce
core   0: 0x8000717c (0x72b54603) lbu     a2, 1835(a0)
core   0: 3 0x8000717c (0x72b54603) x12 0x000000bc mem 0x80011007
core   0: 0x80007180 (0xf9072c83) lw      s9, -112(a4)
core   0: 3 0x80007180 (0xf9072c83) x25 0x00cf2a2b mem 0x80010e70
core   0: 0x80007184 (0xff3e4383) lbu     t2, -13(t3)
core   0: 3 0x80007184 (0xff3e4383) x 7 0x000000c6 mem 0x80010d0d
core   0: 0x80007188 (0x1a255783) lhu     a5, 418(a0)
core   0: 3 0x80007188 (0x1a255783) x15 0x00003435 mem 0x80010a7e
core   0: 0x8000718c (0x012e0623) sb      s2, 12(t3)
core   0: 3 0x8000718c (0x012e0623) mem 0x80010d26 0xbe
core   0: 0x80007190 (0xffe74403) lbu     s0, -2(a4)
core   0: 3 0x80007190 (0xffe74403) x 8 0x00000095 mem 0x80010ede
core   0: 0x80007194 (0x000e4083) lbu     ra, 0(t3)
core   0: 3 0x80007194 (0x000e4083) x 1 0x000000ed mem 0x80010d1a
core   0: 0x80007198 (0xfd051583) lh      a1, -48(a0)
core   0: 3 0x80007198 (0xfd051583) x11 0x00006667 mem 0x800108ac
core   0: 0x8000719c (0xfeba4d03) lbu     s10, -21(s4)
core   0: 3 0x8000719c (0xfeba4d03) x26 0x00000054 mem 0x8001099f
core   0: 0x800071a0 (0x02794a63) blt     s2, t2, pc + 52
core   0: 3 0x800071a0 (0x02794a63)
core   0: 0x800071d4 (0x03659c33) mulh    s8, a1, s6
core   0: 3 0x800071d4 (0x03659c33) x24 0xffffcccd
core   0: 0x800071d8 (0x00000001) c.nop
core   0: 3 0x800071d8 (0x0001)
core   0: 0x800071da (0x00006105) c.addi16sp sp, 32
core   0: 3 0x800071da (0x6105) x 2 0x00000102
core   0: 0x800071dc (0x0000623d) c.lui   tp, 0xf
core   0: 3 0x800071dc (0x623d) x 4 0x0000f000
core   0: 0x800071de (0x00c21513) slli    a0, tp, 12
core   0: 3 0x800071de (0x00c21513) x10 0x0f000000
core   0: 0x800071e2 (0x00ccb833) sltu    a6, s9, a2
core   0: 3 0x800071e2 (0x00ccb833) x16 0x00000000
core   0: 0x800071e6 (0x01f2c133) xor     sp, t0, t6
core   0: 3 0x800071e6 (0x01f2c133) x 2 0x0000008f
core   0: 0x800071ea (0x03185533) divu    a0, a6, a7
core   0: 3 0x800071ea (0x03185533) x10 0x00000000
core   0: 0x800071ee (0x01a34263) blt     t1, s10, pc + 4
core   0: 3 0x800071ee (0x01a34263)
core   0: 0x800071f2 (0x0000ce01) c.beqz  a2, pc + 24
core   0: 3 0x800071f2 (0xce01)
core   0: 0x800071f4 (0x00008fdd) c.or    a5, a5
core   0: 3 0x800071f4 (0x8fdd) x15 0x00003435
core   0: 0x800071f6 (0x023f25b3) mulhsu  a1, t5, gp
core   0: 3 0x800071f6 (0x023f25b3) x11 0x00007fff
core   0: 0x800071fa (0x143d0093) addi    ra, s10, 323
core   0: 3 0x800071fa (0x143d0093) x 1 0x00000197
core   0: 0x800071fe (0x0000c515) c.beqz  a0, pc + 44
core   0: 3 0x800071fe (0xc515)
core   0: 0x8000722a (0x000fce33) xor     t3, t6, zero
core   0: 3 0x8000722a (0x000fce33) x28 0x00000075
core   0: 0x8000722e (0x00008029) c.srli  s0, 10
core   0: 3 0x8000722e (0x8029) x 8 0x00000000
core   0: 0x80007230 (0x1cf4fe93) andi    t4, s1, 463
core   0: 3 0x80007230 (0x1cf4fe93) x29 0x00000000
core   0: 0x80007234 (0x598a8417) auipc   s0, 0x598a8
core   0: 3 0x80007234 (0x598a8417) x 8 0xd98af234
core   0: 0x80007238 (0x030c7bb3) remu    s7, s8, a6
core   0: 3 0x80007238 (0x030c7bb3) x23 0xffffcccd
core   0: 0x8000723c (0x0ff0000f) fence   iorw,iorw
core   0: 3 0x8000723c (0x0ff0000f)
core   0: 0x80007240 (0xe4913b93) sltiu   s7, sp, -439
core   0: 3 0x80007240 (0xe4913b93) x23 0x00000001
core   0: 0x80007244 (0x037a7263) bgeu    s4, s7, pc + 36
core   0: 3 0x80007244 (0x037a7263)
core   0: 0x80007268 (0x00006f6d) c.lui   t5, 0x1b
core   0: 3 0x80007268 (0x6f6d) x30 0x0001b000
core   0: 0x8000726a (0x00004409) c.li    s0, 2
core   0: 3 0x8000726a (0x4409) x 8 0x00000002
core   0: 0x8000726c (0x00008f0d) c.sub   a4, a1
core   0: 3 0x8000726c (0x8f0d) x14 0x80008ee1
core   0: 0x8000726e (0x00008ebd) c.xor   a3, a5
core   0: 3 0x8000726e (0x8ebd) x13 0x00003432
core   0: 0x80007270 (0x0000e619) c.bnez  a2, pc + 14
core   0: 3 0x80007270 (0xe619)
core   0: 0x8000727e (0x0000187d) c.addi  a6, -1
core   0: 3 0x8000727e (0x187d) x16 0xffffffff
core   0: 0x80007280 (0x41f05033) sra     zero, zero, t6
core   0: 3 0x80007280 (0x41f05033)
core   0: 0x80007284 (0x01be5933) srl     s2, t3, s11
core   0: 3 0x80007284 (0x01be5933) x18 0x00000007
core   0: 0x80007288 (0x0000e21d) c.bnez  a2, pc + 38
core   0: 3 0x80007288 (0xe21d)
core   0: 0x800072ae (0x02f411b3) mulh    gp, s0, a5
core   0: 3 0x800072ae (0x02f411b3) x 3 0x00000000
core   0: 0x800072b2 (0x0000e899) c.bnez  s1, pc + 22
core   0: 3 0x800072b2 (0xe899)
core   0: 0x800072b4 (0x00008ebd) c.xor   a3, a5
core   0: 3 0x800072b4 (0x8ebd) x13 0x00000007
core   0: 0x800072b6 (0x04c70163) beq     a4, a2, pc + 66
core   0: 3 0x800072b6 (0x04c70163)
core   0: 0x800072ba (0x00000001) c.nop
core   0: 3 0x800072ba (0x0001)
core   0: 0x800072bc (0x00ca9263) bne     s5, a2, pc + 4
core   0: 3 0x800072bc (0x00ca9263)
core   0: 0x800072c0 (0x00009b7d) c.andi  a4, -1
core   0: 3 0x800072c0 (0x9b7d) x14 0x80008ee1
core   0: 0x800072c2 (0x00000001) c.nop
core   0: 3 0x800072c2 (0x0001)
core   0: 0x800072c4 (0x0226b733) mulhu   a4, a3, sp
core   0: 3 0x800072c4 (0x0226b733) x14 0x00000000
core   0: 0x800072c8 (0x8e7c1617) auipc   a2, 0x8e7c1
core   0: 3 0x800072c8 (0x8e7c1617) x12 0x0e7c82c8
core   0: 0x800072cc (0x029f1d33) mulh    s10, t5, s1
core   0: 3 0x800072cc (0x029f1d33) x26 0x00000000
core   0: 0x800072d0 (0x0121d863) bge     gp, s2, pc + 16
core   0: 3 0x800072d0 (0x0121d863)
core   0: 0x800072d4 (0x412ad313) srai    t1, s5, 18
core   0: 3 0x800072d4 (0x412ad313) x 6 0x00000000
core   0: 0x800072d8 (0x6a927793) andi    a5, tp, 1705
core   0: 3 0x800072d8 (0x6a927793) x15 0x00000000
core   0: 0x800072dc (0x03e2df33) divu    t5, t0, t5
core   0: 3 0x800072dc (0x03e2df33) x30 0x00000000
core   0: 0x800072e0 (0x417cd813) srai    a6, s9, 23
core   0: 3 0x800072e0 (0x417cd813) x16 0x00000001
core   0: 0x800072e4 (0x00008aa5) c.andi  a3, 9
core   0: 3 0x800072e4 (0x8aa5) x13 0x00000001
core   0: 0x800072e6 (0x00b91b63) bne     s2, a1, pc + 22
core   0: 3 0x800072e6 (0x00b91b63)
core   0: 0x800072fc (0x0070e563) bltu    ra, t2, pc + 10
core   0: 3 0x800072fc (0x0070e563)
core   0: 0x80007300 (0x0000cd91) c.beqz  a1, pc + 28
core   0: 3 0x80007300 (0xcd91)
core   0: 0x80007302 (0x03d34ab3) div     s5, t1, t4
core   0: 3 0x80007302 (0x03d34ab3) x21 0xffffffff
core   0: 0x80007306 (0x00a69e13) slli    t3, a3, 10
core   0: 3 0x80007306 (0x00a69e13) x28 0x00000400
core   0: 0x8000730a (0x00009116) c.add   sp, t0
core   0: 3 0x8000730a (0x9116) x 2 0x00000189
core   0: 0x8000730c (0x0350fe33) remu    t3, ra, s5
core   0: 3 0x8000730c (0x0350fe33) x28 0x00000197
core   0: 0x80007310 (0x9d64f393) andi    t2, s1, -1578
core   0: 3 0x80007310 (0x9d64f393) x 7 0x00000000
core   0: 0x80007314 (0x41f25f93) srai    t6, tp, 31
core   0: 3 0x80007314 (0x41f25f93) x31 0x00000000
core   0: 0x80007318 (0x205b7913) andi    s2, s6, 517
core   0: 3 0x80007318 (0x205b7913) x18 0x00000204
core   0: 0x8000731c (0x00c131b3) sltu    gp, sp, a2
core   0: 3 0x8000731c (0x00c131b3) x 3 0x00000001
core   0: 0x80007320 (0x0325ed33) rem     s10, a1, s2
core   0: 3 0x80007320 (0x0325ed33) x26 0x00000103
core   0: 0x80007324 (0x00c5d693) srli    a3, a1, 12
core   0: 3 0x80007324 (0x00c5d693) x13 0x00000007
core   0: 0x80007328 (0x00008bbd) c.andi  a5, 15
core   0: 3 0x80007328 (0x8bbd) x15 0x00000000
core   0: 0x8000732a (0x0169d193) srli    gp, s3, 22
core   0: 3 0x8000732a (0x0169d193) x 3 0x00000000
core   0: 0x8000732e (0x0000858d) c.srai  a1, 3
core   0: 3 0x8000732e (0x858d) x11 0x00000fff
core   0: 0x80007330 (0x00008a36) c.mv    s4, a3
core   0: 3 0x80007330 (0x8a36) x20 0x00000007
core   0: 0x80007332 (0x026f8a33) mul     s4, t6, t1
core   0: 3 0x80007332 (0x026f8a33) x20 0x00000000
core   0: 0x80007336 (0x0000100f) fence.i
core   0: 3 0x80007336 (0x0000100f)
core   0: 0x8000733a (0xffd46613) ori     a2, s0, -3
core   0: 3 0x8000733a (0xffd46613) x12 0xffffffff
core   0: 0x8000733e (0x01b38633) add     a2, t2, s11
core   0: 3 0x8000733e (0x01b38633) x12 0x80029ce4
core   0: 0x80007342 (0x00269a13) slli    s4, a3, 2
core   0: 3 0x80007342 (0x00269a13) x20 0x0000001c
core   0: 0x80007346 (0x027fde63) bge     t6, t2, pc + 60
core   0: 3 0x80007346 (0x027fde63)
core   0: 0x80007382 (0x022bbf33) mulhu   t5, s7, sp
core   0: 3 0x80007382 (0x022bbf33) x30 0x00000000
core   0: 0x80007386 (0x02860f33) mul     t5, a2, s0
core   0: 3 0x80007386 (0x02860f33) x30 0x000539c8
core   0: 0x8000738a (0x00008d05) c.sub   a0, s1
core   0: 3 0x8000738a (0x8d05) x10 0x00000000
core   0: 0x8000738c (0x09500493) li      s1, 149
core   0: 3 0x8000738c (0x09500493) x 9 0x00000095
core   0: 0x80007390 (0x0130f233) and     tp, ra, s3
core   0: 3 0x80007390 (0x0130f233) x 4 0x00000000
core   0: 0x80007394 (0x01cc5d63) bge     s8, t3, pc + 26
core   0: 3 0x80007394 (0x01cc5d63)
core   0: 0x80007398 (0x00001884) c.addi4spn s1, sp, 112
core   0: 3 0x80007398 (0x1884) x 9 0x000001f9
core   0: 0x8000739a (0x03fc0ab3) mul     s5, s8, t6
core   0: 3 0x8000739a (0x03fc0ab3) x21 0x00000000
core   0: 0x8000739e (0x038de233) rem     tp, s11, s8
core   0: 3 0x8000739e (0x038de233) x 4 0xffffe9b3
core   0: 0x800073a2 (0x00008cc1) c.or    s1, s0
core   0: 3 0x800073a2 (0x8cc1) x 9 0x000001fb
core   0: 0x800073a4 (0x00000001) c.nop
core   0: 3 0x800073a4 (0x0001)
core   0: 0x800073a6 (0x05baf163) bgeu    s5, s11, pc + 66
core   0: 3 0x800073a6 (0x05baf163)
core   0: 0x800073aa (0x038c6d63) bltu    s8, s8, pc + 58
core   0: 3 0x800073aa (0x038c6d63)
core   0: 0x800073ae (0x015eb033) sltu    zero, t4, s5
core   0: 3 0x800073ae (0x015eb033)
core   0: 0x800073b2 (0x002d6233) or      tp, s10, sp
core   0: 3 0x800073b2 (0x002d6233) x 4 0x0000018b
core   0: 0x800073b6 (0x014bdab3) srl     s5, s7, s4
core   0: 3 0x800073b6 (0x014bdab3) x21 0x00000000
core   0: 0x800073ba (0x006aec33) or      s8, s5, t1
core   0: 3 0x800073ba (0x006aec33) x24 0x00000000
core   0: 0x800073be (0x01cc8633) add     a2, s9, t3
core   0: 3 0x800073be (0x01cc8633) x12 0x00cf2bc2
core   0: 0x800073c2 (0x00000e9c) c.addi4spn a5, sp, 848
core   0: 3 0x800073c2 (0x0e9c) x15 0x000004d9
core   0: 0x800073c4 (0x019c0d33) add     s10, s8, s9
core   0: 3 0x800073c4 (0x019c0d33) x26 0x00cf2a2b
core   0: 0x800073c8 (0x4cb57f13) andi    t5, a0, 1227
core   0: 3 0x800073c8 (0x4cb57f13) x30 0x00000000
core   0: 0x800073cc (0x02bd5833) divu    a6, s10, a1
core   0: 3 0x800073cc (0x02bd5833) x16 0x00000cf3
core   0: 0x800073d0 (0x000007da) c.slli  a5, 22
core   0: 3 0x800073d0 (0x07da) x15 0x36400000
core   0: 0x800073d2 (0x02fecf33) div     t5, t4, a5
core   0: 3 0x800073d2 (0x02fecf33) x30 0x00000000
core   0: 0x800073d6 (0x00000001) c.nop
core   0: 3 0x800073d6 (0x0001)
core   0: 0x800073d8 (0x0253cd63) blt     t2, t0, pc + 58
core   0: 3 0x800073d8 (0x0253cd63)
core   0: 0x80007412 (0x00000001) c.nop
core   0: 3 0x80007412 (0x0001)
core   0: 0x80007414 (0x00008d05) c.sub   a0, s1
core   0: 3 0x80007414 (0x8d05) x10 0xfffffe05
core   0: 0x80007416 (0x00897bb3) and     s7, s2, s0
core   0: 3 0x80007416 (0x00897bb3) x23 0x00000000
core   0: 0x8000741a (0x0000877e) c.mv    a4, t6
core   0: 3 0x8000741a (0x877e) x14 0x00000000
core   0: 0x8000741c (0x00000001) c.nop
core   0: 3 0x8000741c (0x0001)
core   0: 0x8000741e (0x0000717d) c.addi16sp sp, -16
core   0: 3 0x8000741e (0x717d) x 2 0x00000179
core   0: 0x80007420 (0x6cdc3d13) sltiu   s10, s8, 1741
core   0: 3 0x80007420 (0x6cdc3d13) x26 0x00000001
core   0: 0x80007424 (0x00001bfd) c.addi  s7, -1
core   0: 3 0x80007424 (0x1bfd) x23 0xffffffff
core   0: 0x80007426 (0x009e9c93) slli    s9, t4, 9
core   0: 3 0x80007426 (0x009e9c93) x25 0x00000000
core   0: 0x8000742a (0x00008db9) c.xor   a1, a4
core   0: 3 0x8000742a (0x8db9) x11 0x00000fff
core   0: 0x8000742c (0x00415e63) bge     sp, tp, pc + 28
core   0: 3 0x8000742c (0x00415e63)
core   0: 0x80007430 (0x41b90a33) sub     s4, s2, s11
core   0: 3 0x80007430 (0x41b90a33) x20 0x7ffd6520
core   0: 0x80007434 (0x01ce5eb3) srl     t4, t3, t3
core   0: 3 0x80007434 (0x01ce5eb3) x29 0x00000000
core   0: 0x80007438 (0x01ff7cb3) and     s9, t5, t6
core   0: 3 0x80007438 (0x01ff7cb3) x25 0x00000000
core   0: 0x8000743c (0x00008d3a) c.mv    s10, a4
core   0: 3 0x8000743c (0x8d3a) x26 0x00000000
core   0: 0x8000743e (0x00008261) c.srli  a2, 24
core   0: 3 0x8000743e (0x8261) x12 0x00000000
core   0: 0x80007440 (0x00008345) c.srli  a4, 17
core   0: 3 0x80007440 (0x8345) x14 0x00000000
core   0: 0x80007442 (0x000002ce) c.slli  t0, 19
core   0: 3 0x80007442 (0x02ce) x 5 0x07d00000
core   0: 0x80007444 (0x0000100f) fence.i
core   0: 3 0x80007444 (0x0000100f)
core   0: 0x80007448 (0x00465393) srli    t2, a2, 4
core   0: 3 0x80007448 (0x00465393) x 7 0x00000000
core   0: 0x8000744c (0x0200c233) div     tp, ra, zero
core   0: 3 0x8000744c (0x0200c233) x 4 0xffffffff
core   0: 0x80007450 (0x0078e633) or      a2, a7, t2
core   0: 3 0x80007450 (0x0078e633) x12 0xffffffc2
core   0: 0x80007454 (0x00cff0b3) and     ra, t6, a2
core   0: 3 0x80007454 (0x00cff0b3) x 1 0x00000000
core   0: 0x80007458 (0x74572893) slti    a7, a4, 1861
core   0: 3 0x80007458 (0x74572893) x17 0x00000001
core   0: 0x8000745c (0x034fdf63) bge     t6, s4, pc + 62
core   0: 3 0x8000745c (0x034fdf63)
core   0: 0x80007460 (0x011eb8b3) sltu    a7, t4, a7
core   0: 3 0x80007460 (0x011eb8b3) x17 0x00000001
core   0: 0x80007464 (0xc2982613) slti    a2, a6, -983
core   0: 3 0x80007464 (0xc2982613) x12 0x00000000
core   0: 0x80007468 (0x02a8fc63) bgeu    a7, a0, pc + 56
core   0: 3 0x80007468 (0x02a8fc63)
core   0: 0x8000746c (0x01813533) sltu    a0, sp, s8
core   0: 3 0x8000746c (0x01813533) x10 0x00000000
core   0: 0x80007470 (0x96416293) ori     t0, sp, -1692
core   0: 3 0x80007470 (0x96416293) x 5 0xfffff97d
core   0: 0x80007474 (0x013b5a33) srl     s4, s6, s3
core   0: 3 0x80007474 (0x013b5a33) x20 0x0080025e
core   0: 0x80007478 (0x001cf563) bgeu    s9, ra, pc + 10
core   0: 3 0x80007478 (0x001cf563)
core   0: 0x80007482 (0x00008e51) c.or    a2, a2
core   0: 3 0x80007482 (0x8e51) x12 0x00000000
core   0: 0x80007484 (0x000095d2) c.add   a1, s4
core   0: 3 0x80007484 (0x95d2) x11 0x0080125d
core   0: 0x80007486 (0x00a714b3) sll     s1, a4, a0
core   0: 3 0x80007486 (0x00a714b3) x 9 0x00000000
core   0: 0x8000748a (0x029f0163) beq     t5, s1, pc + 34
core   0: 3 0x8000748a (0x029f0163)
core   0: 0x800074ac (0x01993033) sltu    zero, s2, s9
core   0: 3 0x800074ac (0x01993033)
core   0: 0x800074b0 (0x02f1bd33) mulhu   s10, gp, a5
core   0: 3 0x800074b0 (0x02f1bd33) x26 0x00000000
core   0: 0x800074b4 (0x00008ab5) c.andi  a3, 13
core   0: 3 0x800074b4 (0x8ab5) x13 0x00000005
core   0: 0x800074b6 (0x000064d9) c.lui   s1, 0x16
core   0: 3 0x800074b6 (0x64d9) x 9 0x00016000
core   0: 0x800074b8 (0x400f5333) sra     t1, t5, zero
core   0: 3 0x800074b8 (0x400f5333) x 6 0x00000000
core   0: 0x800074bc (0x00008c89) c.sub   s1, a0
core   0: 3 0x800074bc (0x8c89) x 9 0x00016000
core   0: 0x800074be (0x0070de93) srli    t4, ra, 7
core   0: 3 0x800074be (0x0070de93) x29 0x00000000
core   0: 0x800074c2 (0x0028c7b3) xor     a5, a7, sp
core   0: 3 0x800074c2 (0x0028c7b3) x15 0x00000178
core   0: 0x800074c6 (0x00008e69) c.and   a2, a0
core   0: 3 0x800074c6 (0x8e69) x12 0x00000000
core   0: 0x800074c8 (0x00000a26) c.slli  s4, 9
core   0: 3 0x800074c8 (0x0a26) x20 0x0004bc00
core   0: 0x800074ca (0x02b41033) mulh    zero, s0, a1
core   0: 3 0x800074ca (0x02b41033)
core   0: 0x800074ce (0x03418f33) mul     t5, gp, s4
core   0: 3 0x800074ce (0x03418f33) x30 0x00000000
core   0: 0x800074d2 (0x00000b00) c.addi4spn s0, sp, 400
core   0: 3 0x800074d2 (0x0b00) x 8 0x00000309
core   0: 0x800074d4 (0x0154c8b3) xor     a7, s1, s5
core   0: 3 0x800074d4 (0x0154c8b3) x17 0x00016000
core   0: 0x800074d8 (0x01e98263) beq     s3, t5, pc + 4
core   0: 3 0x800074d8 (0x01e98263)
core   0: 0x800074dc (0x4115d513) srai    a0, a1, 17
core   0: 3 0x800074dc (0x4115d513) x10 0x00000040
core   0: 0x800074e0 (0x00000001) c.nop
core   0: 3 0x800074e0 (0x0001)
core   0: 0x800074e2 (0x01155313) srli    t1, a0, 17
core   0: 3 0x800074e2 (0x01155313) x 6 0x00000000
core   0: 0x800074e6 (0x14010e13) addi    t3, sp, 320
core   0: 3 0x800074e6 (0x14010e13) x28 0x000002b9
core   0: 0x800074ea (0x015c2e33) slt     t3, s8, s5
core   0: 3 0x800074ea (0x015c2e33) x28 0x00000000
core   0: 0x800074ee (0x40555e93) srai    t4, a0, 5
core   0: 3 0x800074ee (0x40555e93) x29 0x00000002
core   0: 0x800074f2 (0x00000001) c.nop
core   0: 3 0x800074f2 (0x0001)
core   0: 0x800074f4 (0x00dd33b3) sltu    t2, s10, a3
core   0: 3 0x800074f4 (0x00dd33b3) x 7 0x00000001
core   0: 0x800074f8 (0x01a34933) xor     s2, t1, s10
core   0: 3 0x800074f8 (0x01a34933) x18 0x00000000
core   0: 0x800074fc (0x039e0fb3) mul     t6, t3, s9
core   0: 3 0x800074fc (0x039e0fb3) x31 0x00000000
core   0: 0x80007500 (0x97f1b093) sltiu   ra, gp, -1665
core   0: 3 0x80007500 (0x97f1b093) x 1 0x00000001
core   0: 0x80007504 (0x02890b63) beq     s2, s0, pc + 54
core   0: 3 0x80007504 (0x02890b63)
core   0: 0x80007508 (0x0000717d) c.addi16sp sp, -16
core   0: 3 0x80007508 (0x717d) x 2 0x00000169
core   0: 0x8000750a (0x01fa0133) add     sp, s4, t6
core   0: 3 0x8000750a (0x01fa0133) x 2 0x0004bc00
core   0: 0x8000750e (0xed64a193) slti    gp, s1, -298
core   0: 3 0x8000750e (0xed64a193) x 3 0x00000000
core   0: 0x80007512 (0x01594d63) blt     s2, s5, pc + 26
core   0: 3 0x80007512 (0x01594d63)
core   0: 0x80007516 (0x0136a833) slt     a6, a3, s3
core   0: 3 0x80007516 (0x0136a833) x16 0x00000001
core   0: 0x8000751a (0xe93c2597) auipc   a1, 0xe93c2
core   0: 3 0x8000751a (0xe93c2597) x11 0x693c951a
core   0: 0x8000751e (0x40cad313) srai    t1, s5, 12
core   0: 3 0x8000751e (0x40cad313) x 6 0x00000000
core   0: 0x80007522 (0x0000008c) c.addi4spn a1, sp, 64
core   0: 3 0x80007522 (0x008c) x11 0x0004bc40
core   0: 0x80007524 (0x00008ce9) c.and   s1, a0
core   0: 3 0x80007524 (0x8ce9) x 9 0x00000000
core   0: 0x80007526 (0x00001a88) c.addi4spn a0, sp, 368
core   0: 3 0x80007526 (0x1a88) x10 0x0004bd70
core   0: 0x80007528 (0x020ade63) bgez    s5, pc + 60
core   0: 3 0x80007528 (0x020ade63)
core   0: 0x80007564 (0x00000001) c.nop
core   0: 3 0x80007564 (0x0001)
core   0: 0x80007566 (0x00000001) c.nop
core   0: 3 0x80007566 (0x0001)
core   0: 0x80007568 (0x6ef43913) sltiu   s2, s0, 1775
core   0: 3 0x80007568 (0x6ef43913) x18 0x00000001
core   0: 0x8000756c (0x01b50663) beq     a0, s11, pc + 12
core   0: 3 0x8000756c (0x01b50663)
core   0: 0x80007570 (0x5e663a13) sltiu   s4, a2, 1510
core   0: 3 0x80007570 (0x5e663a13) x20 0x00000001
core   0: 0x80007574 (0x78f5c593) xori    a1, a1, 1935
core   0: 3 0x80007574 (0x78f5c593) x11 0x0004bbcf
core   0: 0x80007578 (0x01259b63) bne     a1, s2, pc + 22
core   0: 3 0x80007578 (0x01259b63)
core   0: 0x8000758e (0x79d99417) auipc   s0, 0x79d99
core   0: 3 0x8000758e (0x79d99417) x 8 0xf9da058e
core   0: 0x80007592 (0x014488b3) add     a7, s1, s4
core   0: 3 0x80007592 (0x014488b3) x17 0x00000001
core   0: 0x80007596 (0x02a67563) bgeu    a2, a0, pc + 42
core   0: 3 0x80007596 (0x02a67563)
core   0: 0x8000759a (0x000008de) c.slli  a7, 23
core   0: 3 0x8000759a (0x08de) x17 0x00800000
core   0: 0x8000759c (0x45e20813) addi    a6, tp, 1118
core   0: 3 0x8000759c (0x45e20813) x16 0x0000045d
core   0: 0x800075a0 (0x00001bfd) c.addi  s7, -1
core   0: 3 0x800075a0 (0x1bfd) x23 0xfffffffe
core   0: 0x800075a2 (0x00000694) c.addi4spn a3, sp, 832
core   0: 3 0x800075a2 (0x0694) x13 0x0004bf40
core   0: 0x800075a4 (0x00000001) c.nop
core   0: 3 0x800075a4 (0x0001)
core   0: 0x800075a6 (0x0000717d) c.addi16sp sp, -16
core   0: 3 0x800075a6 (0x717d) x 2 0x0004bbf0
core   0: 0x800075a8 (0x0000e11d) c.bnez  a0, pc + 38
core   0: 3 0x800075a8 (0xe11d)
core   0: 0x800075ce (0x00ce4f33) xor     t5, t3, a2
core   0: 3 0x800075ce (0x00ce4f33) x30 0x00000000
core   0: 0x800075d2 (0x00008669) c.srai  a2, 26
core   0: 3 0x800075d2 (0x8669) x12 0x00000000
core   0: 0x800075d4 (0x41b25133) sra     sp, tp, s11
core   0: 3 0x800075d4 (0x41b25133) x 2 0xffffffff
core   0: 0x800075d8 (0x03d57933) remu    s2, a0, t4
core   0: 3 0x800075d8 (0x03d57933) x18 0x00000000
core   0: 0x800075dc (0x034c2d33) mulhsu  s10, s8, s4
core   0: 3 0x800075dc (0x034c2d33) x26 0x00000000
core   0: 0x800075e0 (0xd0966913) ori     s2, a2, -759
core   0: 3 0x800075e0 (0xd0966913) x18 0xfffffd09
core   0: 0x800075e4 (0x0000613d) c.addi16sp sp, 480
core   0: 3 0x800075e4 (0x613d) x 2 0x000001df
core   0: 0x800075e6 (0x000fee63) bltu    t6, zero, pc + 28
core   0: 3 0x800075e6 (0x000fee63)
core   0: 0x800075ea (0x0000936a) c.add   t1, s10
core   0: 3 0x800075ea (0x936a) x 6 0x00000000
core   0: 0x800075ec (0x00008ff1) c.and   a5, a2
core   0: 3 0x800075ec (0x8ff1) x15 0x00000000
core   0: 0x800075ee (0x00001090) c.addi4spn a2, sp, 96
core   0: 3 0x800075ee (0x1090) x12 0x0000023f
core   0: 0x800075f0 (0x017428b3) slt     a7, s0, s7
core   0: 3 0x800075f0 (0x017428b3) x17 0x00000001
core   0: 0x800075f4 (0x0000656d) c.lui   a0, 0x1b
core   0: 3 0x800075f4 (0x656d) x10 0x0001b000
core   0: 0x800075f6 (0x028deeb3) rem     t4, s11, s0
core   0: 3 0x800075f6 (0x028deeb3) x29 0xfafa2dcc
core   0: 0x800075fa (0x037fde63) bge     t6, s7, pc + 60
core   0: 3 0x800075fa (0x037fde63)
core   0: 0x80007636 (0x00008f49) c.or    a4, a0
core   0: 3 0x80007636 (0x8f49) x14 0x0001b000
core   0: 0x80007638 (0x412e8ab3) sub     s5, t4, s2
core   0: 3 0x80007638 (0x412e8ab3) x21 0xfafa30c3
core   0: 0x8000763c (0x032210b3) mulh    ra, tp, s2
core   0: 3 0x8000763c (0x032210b3) x 1 0x00000000
core   0: 0x80007640 (0x091fe963) bltu    t6, a7, pc + 146
core   0: 3 0x80007640 (0x091fe963)
core   0: 0x800076d2 (0x0ff0000f) fence   iorw,iorw
core   0: 3 0x800076d2 (0x0ff0000f)
core   0: 0x800076d6 (0x0593d563) bge     t2, s9, pc + 74
core   0: 3 0x800076d6 (0x0593d563)
core   0: 0x80007720 (0x0000717d) c.addi16sp sp, -16
core   0: 3 0x80007720 (0x717d) x 2 0x000001cf
core   0: 0x80007722 (0xc10ac593) xori    a1, s5, -1008
core   0: 3 0x80007722 (0xc10ac593) x11 0x0505ccd3
core   0: 0x80007726 (0x00008ccd) c.or    s1, a1
core   0: 3 0x80007726 (0x8ccd) x 9 0x0505ccd3
core   0: 0x80007728 (0x0000926a) c.add   tp, s10
core   0: 3 0x80007728 (0x926a) x 4 0xffffffff
core   0: 0x8000772a (0x40a9dbb3) sra     s7, s3, a0
core   0: 3 0x8000772a (0x40a9dbb3) x23 0x00000008
core   0: 0x8000772e (0x00008b85) c.andi  a5, 1
core   0: 3 0x8000772e (0x8b85) x15 0x00000000
core   0: 0x80007730 (0x00075763) bgez    a4, pc + 14
core   0: 3 0x80007730 (0x00075763)
core   0: 0x8000773e (0x000099fd) c.andi  a1, -1
core   0: 3 0x8000773e (0x99fd) x11 0x0505ccd3
core   0: 0x80007740 (0x00d35f13) srli    t5, t1, 13
core   0: 3 0x80007740 (0x00d35f13) x30 0x00000000
core   0: 0x80007744 (0x00009806) c.add   a6, ra
core   0: 3 0x80007744 (0x9806) x16 0x0000045d
core   0: 0x80007746 (0x00000c18) c.addi4spn a4, sp, 528
core   0: 3 0x80007746 (0x0c18) x14 0x000003df
core   0: 0x80007748 (0x40b3dfb3) sra     t6, t2, a1
core   0: 3 0x80007748 (0x40b3dfb3) x31 0x00000000
core   0: 0x8000774c (0x00000516) c.slli  a0, 5
core   0: 3 0x8000774c (0x0516) x10 0x00360000
core   0: 0x8000774e (0x0000c81d) c.beqz  s0, pc + 54
core   0: 3 0x8000774e (0xc81d)
core   0: 0x80007750 (0x0ff0000f) fence   iorw,iorw
core   0: 3 0x80007750 (0x0ff0000f)
core   0: 0x80007754 (0x0000717d) c.addi16sp sp, -16
core   0: 3 0x80007754 (0x717d) x 2 0x000001bf
core   0: 0x80007756 (0x0107dab3) srl     s5, a5, a6
core   0: 3 0x80007756 (0x0107dab3) x21 0x00000000
core   0: 0x8000775a (0x00008fe2) c.mv    t6, s8
core   0: 3 0x8000775a (0x8fe2) x31 0x00000000
core   0: 0x8000775c (0x0170cc63) blt     ra, s7, pc + 24
core   0: 3 0x8000775c (0x0170cc63)
core   0: 0x80007774 (0x0000717d) c.addi16sp sp, -16
core   0: 3 0x80007774 (0x717d) x 2 0x000001af
core   0: 0x80007776 (0x0000717d) c.addi16sp sp, -16
core   0: 3 0x80007776 (0x717d) x 2 0x0000019f
core   0: 0x80007778 (0x018a9963) bne     s5, s8, pc + 18
core   0: 3 0x80007778 (0x018a9963)
core   0: 0x8000777c (0x03e32e33) mulhsu  t3, t1, t5
core   0: 3 0x8000777c (0x03e32e33) x28 0x00000000
core   0: 0x80007780 (0x00e0bf33) sltu    t5, ra, a4
core   0: 3 0x80007780 (0x00e0bf33) x30 0x00000001
core   0: 0x80007784 (0x00009b86) c.add   s7, ra
core   0: 3 0x80007784 (0x9b86) x23 0x00000008
core   0: 0x80007786 (0x4179dd33) sra     s10, s3, s7
core   0: 3 0x80007786 (0x4179dd33) x26 0x00000000
core   0: 0x8000778a (0x00000001) c.nop
core   0: 3 0x8000778a (0x0001)
core   0: 0x8000778c (0x00491493) slli    s1, s2, 4
core   0: 3 0x8000778c (0x00491493) x 9 0xffffd090
core   0: 0x80007790 (0x014e9613) slli    a2, t4, 20
core   0: 3 0x80007790 (0x014e9613) x12 0xdcc00000
core   0: 0x80007794 (0x03fbac33) mulhsu  s8, s7, t6
core   0: 3 0x80007794 (0x03fbac33) x24 0x00000000
core   0: 0x80007798 (0x00102bb3) slt     s7, zero, ra
core   0: 3 0x80007798 (0x00102bb3) x23 0x00000000
core   0: 0x8000779c (0x2b086b93) ori     s7, a6, 688
core   0: 3 0x8000779c (0x2b086b93) x23 0x000006fd
core   0: 0x800077a0 (0x03370d63) beq     a4, s3, pc + 58
core   0: 3 0x800077a0 (0x03370d63)
core   0: 0x800077a4 (0x000080f1) c.srli  s1, 28
core   0: 3 0x800077a4 (0x80f1) x 9 0x0000000f
core   0: 0x800077a6 (0x412d54b3) sra     s1, s10, s2
core   0: 3 0x800077a6 (0x412d54b3) x 9 0x00000000
core   0: 0x800077aa (0x00000001) c.nop
core   0: 3 0x800077aa (0x0001)
core   0: 0x800077ac (0x404f8bb3) sub     s7, t6, tp
core   0: 3 0x800077ac (0x404f8bb3) x23 0x00000001
core   0: 0x800077b0 (0x00008b0d) c.andi  a4, 3
core   0: 3 0x800077b0 (0x8b0d) x14 0x00000003
core   0: 0x800077b2 (0x00cfc8b3) xor     a7, t6, a2
core   0: 3 0x800077b2 (0x00cfc8b3) x17 0xdcc00000
core   0: 0x800077b6 (0x00ae0bb3) add     s7, t3, a0
core   0: 3 0x800077b6 (0x00ae0bb3) x23 0x00360000
core   0: 0x800077ba (0x8bfcc913) xori    s2, s9, -1857
core   0: 3 0x800077ba (0x8bfcc913) x18 0xfffff8bf
core   0: 0x800077be (0x0121dc13) srli    s8, gp, 18
core   0: 3 0x800077be (0x0121dc13) x24 0x00000000
core   0: 0x800077c2 (0x00f61f93) slli    t6, a2, 15
core   0: 3 0x800077c2 (0x00f61f93) x31 0x00000000
core   0: 0x800077c6 (0x0ff0000f) fence   iorw,iorw
core   0: 3 0x800077c6 (0x0ff0000f)
core   0: 0x800077ca (0x00009f46) c.add   t5, a7
core   0: 3 0x800077ca (0x9f46) x30 0xdcc00001
core   0: 0x800077cc (0x00000001) c.nop
core   0: 3 0x800077cc (0x0001)
core   0: 0x800077ce (0x41f15d13) srai    s10, sp, 31
core   0: 3 0x800077ce (0x41f15d13) x26 0x00000000
core   0: 0x800077d2 (0x03002cb3) mulhsu  s9, zero, a6
core   0: 3 0x800077d2 (0x03002cb3) x25 0x00000000
core   0: 0x800077d6 (0xa1f3ce13) xori    t3, t2, -1505
core   0: 3 0x800077d6 (0xa1f3ce13) x28 0xfffffa1e
core   0: 0x800077da (0x0252aab3) mulhsu  s5, t0, t0
core   0: 3 0x800077da (0x0252aab3) x21 0xfffff97d
core   0: 0x800077de (0x4168d293) srai    t0, a7, 22
core   0: 3 0x800077de (0x4168d293) x 5 0xffffff73
core   0: 0x800077e2 (0x01b1c2b3) xor     t0, gp, s11
core   0: 3 0x800077e2 (0x01b1c2b3) x 5 0x80029ce4
core   0: 0x800077e6 (0x6301fd37) lui     s10, 0x6301f
core   0: 3 0x800077e6 (0x6301fd37) x26 0x6301f000
core   0: 0x800077ea (0x9951f913) andi    s2, gp, -1643
core   0: 3 0x800077ea (0x9951f913) x18 0x00000000
core   0: 0x800077ee (0x02028f63) beqz    t0, pc + 62
core   0: 3 0x800077ee (0x02028f63)
core   0: 0x800077f2 (0x0000100f) fence.i
core   0: 3 0x800077f2 (0x0000100f)
core   0: 0x800077f6 (0x00000001) c.nop
core   0: 3 0x800077f6 (0x0001)
core   0: 0x800077f8 (0x00006951) c.lui   s2, 0x14
core   0: 3 0x800077f8 (0x6951) x18 0x00014000
core   0: 0x800077fa (0x030da1b3) mulhsu  gp, s11, a6
core   0: 3 0x800077fa (0x030da1b3) x 3 0xfffffdd1
core   0: 0x800077fe (0x00008c75) c.and   s0, a3
core   0: 3 0x800077fe (0x8c75) x 8 0x00000500
core   0: 0x80007800 (0x00d4d313) srli    t1, s1, 13
core   0: 3 0x80007800 (0x00d4d313) x 6 0x00000000
core   0: 0x80007804 (0x41330c33) sub     s8, t1, s3
core   0: 3 0x80007804 (0x41330c33) x24 0xfffffff8
core   0: 0x80007808 (0x03584663) blt     a6, s5, pc + 44
core   0: 3 0x80007808 (0x03584663)
core   0: 0x8000780c (0x01284e63) blt     a6, s2, pc + 28
core   0: 3 0x8000780c (0x01284e63)
core   0: 0x80007828 (0x01730733) add     a4, t1, s7
core   0: 3 0x80007828 (0x01730733) x14 0x00360000
core   0: 0x8000782c (0x00009a7d) c.andi  a2, -1
core   0: 3 0x8000782c (0x9a7d) x12 0xdcc00000
core   0: 0x8000782e (0x00009876) c.add   a6, t4
core   0: 3 0x8000782e (0x9876) x16 0xfafa3229
core   0: 0x80007830 (0x000098fd) c.andi  s1, -1
core   0: 3 0x80007830 (0x98fd) x 9 0x00000000
core   0: 0x80007832 (0x00001388) c.addi4spn a0, sp, 480
core   0: 3 0x80007832 (0x1388) x10 0x0000037f
core   0: 0x80007834 (0x037d4363) blt     s10, s7, pc + 38
core   0: 3 0x80007834 (0x037d4363)
core   0: 0x80007838 (0x38d54293) xori    t0, a0, 909
core   0: 3 0x80007838 (0x38d54293) x 5 0x000000f2
core   0: 0x8000783c (0x0306d933) divu    s2, a3, a6
core   0: 3 0x8000783c (0x0306d933) x18 0x00000000
core   0: 0x80007840 (0x0239ce33) div     t3, s3, gp
core   0: 3 0x80007840 (0x0239ce33) x28 0x00000000
core   0: 0x80007844 (0x03a83a33) mulhu   s4, a6, s10
core   0: 3 0x80007844 (0x03a83a33) x20 0x6110a7aa
core   0: 0x80007848 (0x000005c2) c.slli  a1, 16
core   0: 3 0x80007848 (0x05c2) x11 0xccd30000
core   0: 0x8000784a (0x03160533) mul     a0, a2, a7
core   0: 3 0x8000784a (0x03160533) x10 0x00000000
core   0: 0x8000784e (0x0000c789) c.beqz  a5, pc + 10
core   0: 3 0x8000784e (0xc789)
core   0: 0x80007858 (0x00009c42) c.add   s8, a6
core   0: 3 0x80007858 (0x9c42) x24 0xfafa3221
core   0: 0x8000785a (0x00006129) c.addi16sp sp, 192
core   0: 3 0x8000785a (0x6129) x 2 0x0000025f
core   0: 0x8000785c (0x00006aa9) c.lui   s5, 0xa
core   0: 3 0x8000785c (0x6aa9) x21 0x0000a000
core   0: 0x8000785e (0x3088a737) lui     a4, 0x3088a
core   0: 3 0x8000785e (0x3088a737) x14 0x3088a000
core   0: 0x80007862 (0x00730e63) beq     t1, t2, pc + 28
core   0: 3 0x80007862 (0x00730e63)
core   0: 0x80007866 (0x008b5d13) srli    s10, s6, 8
core   0: 3 0x80007866 (0x008b5d13) x26 0x0080025e
core   0: 0x8000786a (0x037fc3b3) div     t2, t6, s7
core   0: 3 0x8000786a (0x037fc3b3) x 7 0x00000000
core   0: 0x8000786e (0x02cb7033) remu    zero, s6, a2
core   0: 3 0x8000786e (0x02cb7033)
core   0: 0x80007872 (0x00008ca5) c.xor   s1, s1
core   0: 3 0x80007872 (0x8ca5) x 9 0x00000000
core   0: 0x80007874 (0x0264ff63) bgeu    s1, t1, pc + 62
core   0: 3 0x80007874 (0x0264ff63)
core   0: 0x800078b2 (0x004b5263) bge     s6, tp, pc + 4
core   0: 3 0x800078b2 (0x004b5263)
core   0: 0x800078b6 (0x00008c31) c.xor   s0, a2
core   0: 3 0x800078b6 (0x8c31) x 8 0xdcc00500
core   0: 0x800078b8 (0x0a258893) addi    a7, a1, 162
core   0: 3 0x800078b8 (0x0a258893) x17 0xccd300a2
core   0: 0x800078bc (0x0000c699) c.beqz  a3, pc + 14
core   0: 3 0x800078bc (0xc699)
core   0: 0x800078be (0x038be8b3) rem     a7, s7, s8
core   0: 3 0x800078be (0x038be8b3) x17 0x00360000
core   0: 0x800078c2 (0x0085f0b3) and     ra, a1, s0
core   0: 3 0x800078c2 (0x0085f0b3) x 1 0xccc00000
core   0: 0x800078c6 (0x409c58b3) sra     a7, s8, s1
core   0: 3 0x800078c6 (0x409c58b3) x17 0xfafa3221
core   0: 0x800078ca (0x41c8d693) srai    a3, a7, 28
core   0: 3 0x800078ca (0x41c8d693) x13 0xffffffff
core   0: 0x800078ce (0x00000bd1) c.addi  s7, 20
core   0: 3 0x800078ce (0x0bd1) x23 0x00360014
core   0: 0x800078d0 (0x002e0b63) beq     t3, sp, pc + 22
core   0: 3 0x800078d0 (0x002e0b63)
core   0: 0x800078d4 (0x023e8d63) beq     t4, gp, pc + 58
core   0: 3 0x800078d4 (0x023e8d63)
core   0: 0x800078d8 (0x000056fd) c.li    a3, -1
core   0: 3 0x800078d8 (0x56fd) x13 0xffffffff
core   0: 0x800078da (0x40f30733) sub     a4, t1, a5
core   0: 3 0x800078da (0x40f30733) x14 0x00000000
core   0: 0x800078de (0xef8d4f93) xori    t6, s10, -264
core   0: 3 0x800078de (0xef8d4f93) x31 0xff7ffca6
core   0: 0x800078e2 (0x03f46733) rem     a4, s0, t6
core   0: 3 0x800078e2 (0x03f46733) x14 0xffc0ef9c
core   0: 0x800078e6 (0x00f57233) and     tp, a0, a5
core   0: 3 0x800078e6 (0x00f57233) x 4 0x00000000
core   0: 0x800078ea (0x40105513) srai    a0, zero, 1
core   0: 3 0x800078ea (0x40105513) x10 0x00000000
core   0: 0x800078ee (0x0398ecb3) rem     s9, a7, s9
core   0: 3 0x800078ee (0x0398ecb3) x25 0xfafa3221
core   0: 0x800078f2 (0x0000e819) c.bnez  s0, pc + 22
core   0: 3 0x800078f2 (0xe819)
core   0: 0x80007908 (0x000215b3) sll     a1, tp, zero
core   0: 3 0x80007908 (0x000215b3) x11 0x00000000
core   0: 0x8000790c (0x0000991a) c.add   s2, t1
core   0: 3 0x8000790c (0x991a) x18 0x00000000
core   0: 0x8000790e (0x000087f5) c.srai  a5, 29
core   0: 3 0x8000790e (0x87f5) x15 0x00000000
core   0: 0x80007910 (0x019e6933) or      s2, t3, s9
core   0: 3 0x80007910 (0x019e6933) x18 0xfafa3221
core   0: 0x80007914 (0x02f32633) mulhsu  a2, t1, a5
core   0: 3 0x80007914 (0x02f32633) x12 0x00000000
core   0: 0x80007918 (0x00800713) li      a4, 8
core   0: 3 0x80007918 (0x00800713) x14 0x00000008
core   0: 0x8000791c (0x007c56b3) srl     a3, s8, t2
core   0: 3 0x8000791c (0x007c56b3) x13 0xfafa3221
core   0: 0x80007920 (0x00c00f13) li      t5, 12
core   0: 3 0x80007920 (0x00c00f13) x30 0x0000000c
core   0: 0x80007924 (0x00009686) c.add   a3, ra
core   0: 3 0x80007924 (0x9686) x13 0xc7ba3221
core   0: 0x80007926 (0x00004531) c.li    a0, 12
core   0: 3 0x80007926 (0x4531) x10 0x0000000c
core   0: 0x80007928 (0x003c2233) slt     tp, s8, gp
core   0: 3 0x80007928 (0x003c2233) x 4 0x00000001
core   0: 0x8000792c (0x00001380) c.addi4spn s0, sp, 480
core   0: 3 0x8000792c (0x1380) x 8 0x0000043f
core   0: 0x8000792e (0x00000001) c.nop
core   0: 3 0x8000792e (0x0001)
core   0: 0x80007930 (0x00008c1d) c.sub   s0, a5
core   0: 3 0x80007930 (0x8c1d) x 8 0x0000043f
core   0: 0x80007932 (0x00008dd5) c.or    a1, a3
core   0: 3 0x80007932 (0x8dd5) x11 0xc7ba3221
core   0: 0x80007934 (0x00008dc9) c.or    a1, a0
core   0: 3 0x80007934 (0x8dc9) x11 0xc7ba322d
core   0: 0x80007936 (0x027f26b3) mulhsu  a3, t5, t2
core   0: 3 0x80007936 (0x027f26b3) x13 0x00000000
core   0: 0x8000793a (0x03ad0e33) mul     t3, s10, s10
core   0: 3 0x8000793a (0x03ad0e33) x28 0x5e059a84
core   0: 0x8000793e (0x41d38e33) sub     t3, t2, t4
core   0: 3 0x8000793e (0x41d38e33) x28 0x0505d234
core   0: 0x80007942 (0x00000711) c.addi  a4, 4
core   0: 3 0x80007942 (0x0711) x14 0x0000000c
core   0: 0x80007944 (0x00004781) c.li    a5, 0
core   0: 3 0x80007944 (0x4781) x15 0x00000000
core   0: 0x80007946 (0x00800493) li      s1, 8
core   0: 3 0x80007946 (0x00800493) x 9 0x00000008
core   0: 0x8000794a (0x024f92b3) mulh    t0, t6, tp
core   0: 3 0x8000794a (0x024f92b3) x 5 0xffffffff
core   0: 0x8000794e (0x00000001) c.nop
core   0: 3 0x8000794e (0x0001)
core   0: 0x80007950 (0x0000179c) c.addi4spn a5, sp, 992
core   0: 3 0x80007950 (0x179c) x15 0x0000063f
core   0: 0x80007952 (0x00008459) c.srai  s0, 22
core   0: 3 0x80007952 (0x8459) x 8 0x00000000
core   0: 0x80007954 (0x02ad1233) mulh    tp, s10, a0
core   0: 3 0x80007954 (0x02ad1233) x 4 0x00000000
core   0: 0x80007958 (0x02867833) remu    a6, a2, s0
core   0: 3 0x80007958 (0x02867833) x16 0x00000000
core   0: 0x8000795c (0x03bc56b3) divu    a3, s8, s11
core   0: 3 0x8000795c (0x03bc56b3) x13 0x00000001
core   0: 0x80007960 (0x02275533) divu    a0, a4, sp
core   0: 3 0x80007960 (0x02275533) x10 0x00000000
core   0: 0x80007964 (0x0015ce33) xor     t3, a1, ra
core   0: 3 0x80007964 (0x0015ce33) x28 0x0b7a322d
core   0: 0x80007968 (0x00000d26) c.slli  s10, 9
core   0: 3 0x80007968 (0x0d26) x26 0x0004bc00
core   0: 0x8000796a (0x000014e1) c.addi  s1, -8
core   0: 3 0x8000796a (0x14e1) x 9 0x00000000
core   0: 0x8000796c (0x00a9f5b3) and     a1, s3, a0
core   0: 3 0x8000796c (0x00a9f5b3) x11 0x00000000
core   0: 0x80007970 (0x0000d8e5) c.beqz  s1, pc - 16
core   0: 3 0x80007970 (0xd8e5)
core   0: 0x80007960 (0x02275533) divu    a0, a4, sp
core   0: 3 0x80007960 (0x02275533) x10 0x00000000
core   0: 0x80007964 (0x0015ce33) xor     t3, a1, ra
core   0: 3 0x80007964 (0x0015ce33) x28 0xccc00000
core   0: 0x80007968 (0x00000d26) c.slli  s10, 9
core   0: 3 0x80007968 (0x0d26) x26 0x09780000
core   0: 0x8000796a (0x000014e1) c.addi  s1, -8
core   0: 3 0x8000796a (0x14e1) x 9 0xfffffff8
core   0: 0x8000796c (0x00a9f5b3) and     a1, s3, a0
core   0: 3 0x8000796c (0x00a9f5b3) x11 0x00000000
core   0: 0x80007970 (0x0000d8e5) c.beqz  s1, pc - 16
core   0: 3 0x80007970 (0xd8e5)
core   0: 0x80007972 (0xfde760e3) bltu    a4, t5, pc - 64
core   0: 3 0x80007972 (0xfde760e3)
core   0: 0x80007976 (0x0057da33) srl     s4, a5, t0
core   0: 3 0x80007976 (0x0057da33) x20 0x00000000
core   0: 0x8000797a (0x000001be) c.slli  gp, 15
core   0: 3 0x8000797a (0x01be) x 3 0xfee88000
core   0: 0x8000797c (0xf289e813) ori     a6, s3, -216
core   0: 3 0x8000797c (0xf289e813) x16 0xffffff28
core   0: 0x80007980 (0x02490063) beq     s2, tp, pc + 32
core   0: 3 0x80007980 (0x02490063)
core   0: 0x80007984 (0x00008646) c.mv    a2, a7
core   0: 3 0x80007984 (0x8646) x12 0xfafa3221
core   0: 0x80007986 (0x000054fd) c.li    s1, -1
core   0: 3 0x80007986 (0x54fd) x 9 0xffffffff
core   0: 0x80007988 (0x01128333) add     t1, t0, a7
core   0: 3 0x80007988 (0x01128333) x 6 0xfafa3220
core   0: 0x8000798c (0x00004f19) c.li    t5, 6
core   0: 3 0x8000798c (0x4f19) x30 0x00000006
core   0: 0x8000798e (0x000007ba) c.slli  a5, 14
core   0: 3 0x8000798e (0x07ba) x15 0x018fc000
core   0: 0x80007990 (0x00009bfd) c.andi  a5, -1
core   0: 3 0x80007990 (0x9bfd) x15 0x018fc000
core   0: 0x80007992 (0x03251ab3) mulh    s5, a0, s2
core   0: 3 0x80007992 (0x03251ab3) x21 0x00000000
core   0: 0x80007996 (0x000088ea) c.mv    a7, s10
core   0: 3 0x80007996 (0x88ea) x17 0x09780000
core   0: 0x80007998 (0x00009b7d) c.andi  a4, -1
core   0: 3 0x80007998 (0x9b7d) x14 0x0000000c
core   0: 0x8000799a (0x0000c509) c.beqz  a0, pc + 10
core   0: 3 0x8000799a (0xc509)
core   0: 0x800079a4 (0x00000175) c.addi  sp, 29
core   0: 3 0x800079a4 (0x0175) x 2 0x0000027c
core   0: 0x800079a6 (0x036b6163) bltu    s6, s6, pc + 34
core   0: 3 0x800079a6 (0x036b6163)
core   0: 0x800079aa (0x03b9df33) divu    t5, s3, s11
core   0: 3 0x800079aa (0x03b9df33) x30 0x00000000
core   0: 0x800079ae (0x00008f01) c.sub   a4, s0
core   0: 3 0x800079ae (0x8f01) x14 0x0000000c
core   0: 0x800079b0 (0x0000094a) c.slli  s2, 18
core   0: 3 0x800079b0 (0x094a) x18 0xc8840000
core   0: 0x800079b2 (0x017e1a13) slli    s4, t3, 23
core   0: 3 0x800079b2 (0x017e1a13) x20 0x00000000
core   0: 0x800079b6 (0x03359eb3) mulh    t4, a1, s3
core   0: 3 0x800079b6 (0x03359eb3) x29 0x00000000
core   0: 0x800079ba (0x0000e609) c.bnez  a2, pc + 10
core   0: 3 0x800079ba (0xe609)
core   0: 0x800079c4 (0x03942bb3) mulhsu  s7, s0, s9
core   0: 3 0x800079c4 (0x03942bb3) x23 0x00000000
core   0: 0x800079c8 (0xa1c74813) xori    a6, a4, -1508
core   0: 3 0x800079c8 (0xa1c74813) x16 0xfffffa10
core   0: 0x800079cc (0x0032b5b3) sltu    a1, t0, gp
core   0: 3 0x800079cc (0x0032b5b3) x11 0x00000000
core   0: 0x800079d0 (0x0000100f) fence.i
core   0: 3 0x800079d0 (0x0000100f)
core   0: 0x800079d4 (0x00fcd7b3) srl     a5, s9, a5
core   0: 3 0x800079d4 (0x00fcd7b3) x15 0xfafa3221
core   0: 0x800079d8 (0x00008e59) c.or    a2, a4
core   0: 3 0x800079d8 (0x8e59) x12 0xfafa322d
core   0: 0x800079da (0x0255df63) bge     a1, t0, pc + 62
core   0: 3 0x800079da (0x0255df63)
core   0: 0x80007a18 (0x038a5fb3) divu    t6, s4, s8
core   0: 3 0x80007a18 (0x038a5fb3) x31 0x00000000
core   0: 0x80007a1c (0x02c64bb3) div     s7, a2, a2
core   0: 3 0x80007a1c (0x02c64bb3) x23 0x00000001
core   0: 0x80007a20 (0x00000001) c.nop
core   0: 3 0x80007a20 (0x0001)
core   0: 0x80007a22 (0x41674f13) xori    t5, a4, 1046
core   0: 3 0x80007a22 (0x41674f13) x30 0x0000041a
core   0: 0x80007a26 (0x00006c3d) c.lui   s8, 0xf
core   0: 3 0x80007a26 (0x6c3d) x24 0x0000f000
core   0: 0x80007a28 (0x0000936a) c.add   t1, s10
core   0: 3 0x80007a28 (0x936a) x 6 0x04723220
core   0: 0x80007a2a (0x00008c79) c.and   s0, a4
core   0: 3 0x80007a2a (0x8c79) x 8 0x00000000
core   0: 0x80007a2c (0x02224e33) div     t3, tp, sp
core   0: 3 0x80007a2c (0x02224e33) x28 0x00000000
core   0: 0x80007a30 (0x038d7e63) bgeu    s10, s8, pc + 60
core   0: 3 0x80007a30 (0x038d7e63)
core   0: 0x80007a6c (0x0ff0000f) fence   iorw,iorw
core   0: 3 0x80007a6c (0x0ff0000f)
core   0: 0x80007a70 (0xd6cd1297) auipc   t0, 0xd6cd1
core   0: 3 0x80007a70 (0xd6cd1297) x 5 0x56cd8a70
core   0: 0x80007a74 (0x03927763) bgeu    tp, s9, pc + 46
core   0: 3 0x80007a74 (0x03927763)
core   0: 0x80007a78 (0x0096e563) bltu    a3, s1, pc + 10
core   0: 3 0x80007a78 (0x0096e563)
core   0: 0x80007a82 (0x00000001) c.nop
core   0: 3 0x80007a82 (0x0001)
core   0: 0x80007a84 (0xf9a68213) addi    tp, a3, -102
core   0: 3 0x80007a84 (0xf9a68213) x 4 0xffffff9b
core   0: 0x80007a88 (0x00008f8d) c.sub   a5, a1
core   0: 3 0x80007a88 (0x8f8d) x15 0xfafa3221
core   0: 0x80007a8a (0x023debb3) rem     s7, s11, gp
core   0: 3 0x80007a8a (0x023debb3) x23 0xffc01ce4
core   0: 0x80007a8e (0x00008fb2) c.mv    t6, a2
core   0: 3 0x80007a8e (0x8fb2) x31 0xfafa322d
core   0: 0x80007a90 (0x00009b7d) c.andi  a4, -1
core   0: 3 0x80007a90 (0x9b7d) x14 0x0000000c
core   0: 0x80007a92 (0x0000557d) c.li    a0, -1
core   0: 3 0x80007a92 (0x557d) x10 0xffffffff
core   0: 0x80007a94 (0x02886d33) rem     s10, a6, s0
core   0: 3 0x80007a94 (0x02886d33) x26 0xfffffa10
core   0: 0x80007a98 (0x22a0b693) sltiu   a3, ra, 554
core   0: 3 0x80007a98 (0x22a0b693) x13 0x00000000
core   0: 0x80007a9c (0x0ff0000f) fence   iorw,iorw
core   0: 3 0x80007a9c (0x0ff0000f)
core   0: 0x80007aa0 (0x0000ed89) c.bnez  a1, pc + 26
core   0: 3 0x80007aa0 (0xed89)
core   0: 0x80007aa2 (0x00001410) c.addi4spn a2, sp, 544
core   0: 3 0x80007aa2 (0x1410) x12 0x0000049c
core   0: 0x80007aa4 (0x02d34eb3) div     t4, t1, a3
core   0: 3 0x80007aa4 (0x02d34eb3) x29 0xffffffff
core   0: 0x80007aa8 (0x000082d9) c.srli  a3, 22
core   0: 3 0x80007aa8 (0x82d9) x13 0x00000000
core   0: 0x80007aaa (0x0388f063) bgeu    a7, s8, pc + 32
core   0: 3 0x80007aaa (0x0388f063)
core   0: 0x80007aca (0x02aaa633) mulhsu  a2, s5, a0
core   0: 3 0x80007aca (0x02aaa633) x12 0x00000000
core   0: 0x80007ace (0x02daabb3) mulhsu  s7, s5, a3
core   0: 3 0x80007ace (0x02daabb3) x23 0x00000000
core   0: 0x80007ad2 (0x0ff0000f) fence   iorw,iorw
core   0: 3 0x80007ad2 (0x0ff0000f)
core   0: 0x80007ad6 (0x00009f6a) c.add   t5, s10
core   0: 3 0x80007ad6 (0x9f6a) x30 0xfffffe2a
core   0: 0x80007ad8 (0x00bec3b3) xor     t2, t4, a1
core   0: 3 0x80007ad8 (0x00bec3b3) x 7 0xffffffff
core   0: 0x80007adc (0x019aee63) bltu    s5, s9, pc + 28
core   0: 3 0x80007adc (0x019aee63)
core   0: 0x80007af8 (0x00000001) c.nop
core   0: 3 0x80007af8 (0x0001)
core   0: 0x80007afa (0x000096f6) c.add   a3, t4
core   0: 3 0x80007afa (0x96f6) x13 0xffffffff
core   0: 0x80007afc (0x00bfa1b3) slt     gp, t6, a1
core   0: 3 0x80007afc (0x00bfa1b3) x 3 0x00000001
core   0: 0x80007b00 (0x00495913) srli    s2, s2, 4
core   0: 3 0x80007b00 (0x00495913) x18 0x0c884000
core   0: 0x80007b04 (0x01a45b63) bge     s0, s10, pc + 22
core   0: 3 0x80007b04 (0x01a45b63)
core   0: 0x80007b1a (0x0000100f) fence.i
core   0: 3 0x80007b1a (0x0000100f)
core   0: 0x80007b1e (0x03288363) beq     a7, s2, pc + 38
core   0: 3 0x80007b1e (0x03288363)
core   0: 0x80007b22 (0x02f660b3) rem     ra, a2, a5
core   0: 3 0x80007b22 (0x02f660b3) x 1 0x00000000
core   0: 0x80007b26 (0x033db233) mulhu   tp, s11, s3
core   0: 3 0x80007b26 (0x033db233) x 4 0x00000004
core   0: 0x80007b2a (0x00000001) c.nop
core   0: 3 0x80007b2a (0x0001)
core   0: 0x80007b2c (0x02cd45b3) div     a1, s10, a2
core   0: 3 0x80007b2c (0x02cd45b3) x11 0xffffffff
core   0: 0x80007b30 (0x0000eab5) c.bnez  a3, pc + 116
core   0: 3 0x80007b30 (0xeab5)
core   0: 0x80007ba4 (0x41bc5093) srai    ra, s8, 27
core   0: 3 0x80007ba4 (0x41bc5093) x 1 0x00000000
core   0: 0x80007ba8 (0x4085d293) srai    t0, a1, 8
core   0: 3 0x80007ba8 (0x4085d293) x 5 0xffffffff
core   0: 0x80007bac (0x00162633) slt     a2, a2, ra
core   0: 3 0x80007bac (0x00162633) x12 0x00000000
core   0: 0x80007bb0 (0x02009c63) bnez    ra, pc + 56
core   0: 3 0x80007bb0 (0x02009c63)
core   0: 0x80007bb4 (0x00008c35) c.xor   s0, a3
core   0: 3 0x80007bb4 (0x8c35) x 8 0xffffffff
core   0: 0x80007bb6 (0xea97abb7) lui     s7, 0xea97a
core   0: 3 0x80007bb6 (0xea97abb7) x23 0xea97a000
core   0: 0x80007bba (0x0000e81d) c.bnez  s0, pc + 54
core   0: 3 0x80007bba (0xe81d)
core   0: 0x80007bf0 (0x00008d85) c.sub   a1, s1
core   0: 3 0x80007bf0 (0x8d85) x11 0x00000000
core   0: 0x80007bf2 (0x00775233) srl     tp, a4, t2
core   0: 3 0x80007bf2 (0x00775233) x 4 0x00000000
core   0: 0x80007bf6 (0x01277a33) and     s4, a4, s2
core   0: 3 0x80007bf6 (0x01277a33) x20 0x00000000
core   0: 0x80007bfa (0x0012abb3) slt     s7, t0, ra
core   0: 3 0x80007bfa (0x0012abb3) x23 0x00000001
core   0: 0x80007bfe (0x025fc033) div     zero, t6, t0
core   0: 3 0x80007bfe (0x025fc033)
core   0: 0x80007c02 (0x026bb5b3) mulhu   a1, s7, t1
core   0: 3 0x80007c02 (0x026bb5b3) x11 0x00000000
core   0: 0x80007c06 (0x00d78a33) add     s4, a5, a3
core   0: 3 0x80007c06 (0x00d78a33) x20 0xfafa3220
core   0: 0x80007c0a (0x0110d263) bge     ra, a7, pc + 4
core   0: 3 0x80007c0a (0x0110d263)
core   0: 0x80007c0e (0xb1000893) li      a7, -1264
core   0: 3 0x80007c0e (0xb1000893) x17 0xfffffb10
core   0: 0x80007c12 (0x00a24933) xor     s2, tp, a0
core   0: 3 0x80007c12 (0x00a24933) x18 0xffffffff
core   0: 0x80007c16 (0x00006d09) c.lui   s10, 0x2
core   0: 3 0x80007c16 (0x6d09) x26 0x00002000
core   0: 0x80007c18 (0xbd06ca13) xori    s4, a3, -1072
core   0: 3 0x80007c18 (0xbd06ca13) x20 0x0000042f
core   0: 0x80007c1c (0x00008015) c.srli  s0, 5
core   0: 3 0x80007c1c (0x8015) x 8 0x07ffffff
core   0: 0x80007c1e (0x00008dcd) c.or    a1, a1
core   0: 3 0x80007c1e (0x8dcd) x11 0x00000000
core   0: 0x80007c20 (0x8c62c293) xori    t0, t0, -1850
core   0: 3 0x80007c20 (0x8c62c293) x 5 0x00000739
core   0: 0x80007c24 (0x00008ec5) c.or    a3, s1
core   0: 3 0x80007c24 (0x8ec5) x13 0xffffffff
core   0: 0x80007c26 (0x8ac98093) addi    ra, s3, -1876
core   0: 3 0x80007c26 (0x8ac98093) x 1 0xfffff8b4
core   0: 0x80007c2a (0x019f9bb3) sll     s7, t6, s9
core   0: 3 0x80007c2a (0x019f9bb3) x23 0xf5f4645a
core   0: 0x80007c2e (0x02c1f563) bgeu    gp, a2, pc + 42
core   0: 3 0x80007c2e (0x02c1f563)
core   0: 0x80007c58 (0x000081d1) c.srli  a1, 20
core   0: 3 0x80007c58 (0x81d1) x11 0x00000000
core   0: 0x80007c5a (0x4d3a7e13) andi    t3, s4, 1235
core   0: 3 0x80007c5a (0x4d3a7e13) x28 0x00000403
core   0: 0x80007c5e (0x03d08c33) mul     s8, ra, t4
core   0: 3 0x80007c5e (0x03d08c33) x24 0x0000074c
core   0: 0x80007c62 (0x02d93f33) mulhu   t5, s2, a3
core   0: 3 0x80007c62 (0x02d93f33) x30 0xfffffffe
core   0: 0x80007c66 (0x03856e33) rem     t3, a0, s8
core   0: 3 0x80007c66 (0x03856e33) x28 0xffffffff
core   0: 0x80007c6a (0x18aac893) xori    a7, s5, 394
core   0: 3 0x80007c6a (0x18aac893) x17 0x0000018a
core   0: 0x80007c6e (0x013aa633) slt     a2, s5, s3
core   0: 3 0x80007c6e (0x013aa633) x12 0x00000001
core   0: 0x80007c72 (0x00008d7a) c.mv    s10, t5
core   0: 3 0x80007c72 (0x8d7a) x26 0xfffffffe
core   0: 0x80007c74 (0x016d5793) srli    a5, s10, 22
core   0: 3 0x80007c74 (0x016d5793) x15 0x000003ff
core   0: 0x80007c78 (0x03245c33) divu    s8, s0, s2
core   0: 3 0x80007c78 (0x03245c33) x24 0x00000000
core   0: 0x80007c7c (0x409853b3) sra     t2, a6, s1
core   0: 3 0x80007c7c (0x409853b3) x 7 0xffffffff
core   0: 0x80007c80 (0x013f9d13) slli    s10, t6, 19
core   0: 3 0x80007c80 (0x013f9d13) x26 0x91680000
core   0: 0x80007c84 (0x009a5413) srli    s0, s4, 9
core   0: 3 0x80007c84 (0x009a5413) x 8 0x00000002
core   0: 0x80007c88 (0x00008c89) c.sub   s1, a0
core   0: 3 0x80007c88 (0x8c89) x 9 0x00000000
core   0: 0x80007c8a (0x0000987d) c.andi  s0, -1
core   0: 3 0x80007c8a (0x987d) x 8 0x00000002
core   0: 0x80007c8c (0x019a6c63) bltu    s4, s9, pc + 24
core   0: 3 0x80007c8c (0x019a6c63)
core   0: 0x80007ca4 (0x00f0ff63) bgeu    ra, a5, pc + 30
core   0: 3 0x80007ca4 (0x00f0ff63)
core   0: 0x80007cc2 (0x0000854d) c.srai  a0, 19
core   0: 3 0x80007cc2 (0x854d) x10 0xffffffff
core   0: 0x80007cc4 (0x01359393) slli    t2, a1, 19
core   0: 3 0x80007cc4 (0x01359393) x 7 0x00000000
core   0: 0x80007cc8 (0x0000c205) c.beqz  a2, pc + 32
core   0: 3 0x80007cc8 (0xc205)
core   0: 0x80007cca (0x00000001) c.nop
core   0: 3 0x80007cca (0x0001)
core   0: 0x80007ccc (0x01f6e1b3) or      gp, a3, t6
core   0: 3 0x80007ccc (0x01f6e1b3) x 3 0xffffffff
core   0: 0x80007cd0 (0x41695bb3) sra     s7, s2, s6
core   0: 3 0x80007cd0 (0x41695bb3) x23 0xffffffff
core   0: 0x80007cd4 (0x01432bb3) slt     s7, t1, s4
core   0: 3 0x80007cd4 (0x01432bb3) x23 0x00000000
core   0: 0x80007cd8 (0x00000001) c.nop
core   0: 3 0x80007cd8 (0x0001)
core   0: 0x80007cda (0x00000001) c.nop
core   0: 3 0x80007cda (0x0001)
core   0: 0x80007cdc (0x0000517d) c.li    sp, -1
core   0: 3 0x80007cdc (0x517d) x 2 0xffffffff
core   0: 0x80007cde (0x01bfec33) or      s8, t6, s11
core   0: 3 0x80007cde (0x01bfec33) x24 0xfafabeed
core   0: 0x80007ce2 (0x000089a9) c.andi  a1, 10
core   0: 3 0x80007ce2 (0x89a9) x11 0x00000000
core   0: 0x80007ce4 (0x0000100f) fence.i
core   0: 3 0x80007ce4 (0x0000100f)
core   0: 0x80007ce8 (0x4030c413) xori    s0, ra, 1027
core   0: 3 0x80007ce8 (0x4030c413) x 8 0xfffffcb7
core   0: 0x80007cec (0x01ce9e33) sll     t3, t4, t3
core   0: 3 0x80007cec (0x01ce9e33) x28 0x80000000
core   0: 0x80007cf0 (0x0000c499) c.beqz  s1, pc + 14
core   0: 3 0x80007cf0 (0xc499)
core   0: 0x80007cfe (0x000083b9) c.srli  a5, 14
core   0: 3 0x80007cfe (0x83b9) x15 0x00000000
core   0: 0x80007d00 (0xad497293) andi    t0, s2, -1324
core   0: 3 0x80007d00 (0xad497293) x 5 0xfffffad4
core   0: 0x80007d04 (0x02efd833) divu    a6, t6, a4
core   0: 3 0x80007d04 (0x02efd833) x16 0x14ea2ed9
core   0: 0x80007d08 (0x0000717d) c.addi16sp sp, -16
core   0: 3 0x80007d08 (0x717d) x 2 0xffffffef
core   0: 0x80007d0a (0x00000001) c.nop
core   0: 3 0x80007d0a (0x0001)
core   0: 0x80007d0c (0x0000866d) c.srai  a2, 27
core   0: 3 0x80007d0c (0x866d) x12 0x00000000
core   0: 0x80007d0e (0x034e5933) divu    s2, t3, s4
core   0: 3 0x80007d0e (0x034e5933) x18 0x001e9880
core   0: 0x80007d12 (0x03e1e033) rem     zero, gp, t5
core   0: 3 0x80007d12 (0x03e1e033)
core   0: 0x80007d16 (0x02d50c63) beq     a0, a3, pc + 56
core   0: 3 0x80007d16 (0x02d50c63)
core   0: 0x80007d4e (0x00008fcd) c.or    a5, a1
core   0: 3 0x80007d4e (0x8fcd) x15 0x00000000
core   0: 0x80007d50 (0x01cc4833) xor     a6, s8, t3
core   0: 3 0x80007d50 (0x01cc4833) x16 0x7afabeed
core   0: 0x80007d54 (0x000010fd) c.addi  ra, -1
core   0: 3 0x80007d54 (0x10fd) x 1 0xfffff8b3
core   0: 0x80007d56 (0xf484f497) auipc   s1, 0xf484f
core   0: 3 0x80007d56 (0xf484f497) x 9 0x74856d56
core   0: 0x80007d5a (0x00008a09) c.andi  a2, 2
core   0: 3 0x80007d5a (0x8a09) x12 0x00000000
core   0: 0x80007d5c (0x03eef3b3) remu    t2, t4, t5
core   0: 3 0x80007d5c (0x03eef3b3) x 7 0x00000001
core   0: 0x80007d60 (0x00001880) c.addi4spn s0, sp, 112
core   0: 3 0x80007d60 (0x1880) x 8 0x0000005f
core   0: 0x80007d62 (0x00cf4c33) xor     s8, t5, a2
core   0: 3 0x80007d62 (0x00cf4c33) x24 0xfffffffe
core   0: 0x80007d66 (0x000068f9) c.lui   a7, 0x1e
core   0: 3 0x80007d66 (0x68f9) x17 0x0001e000
core   0: 0x80007d68 (0x031aa933) mulhsu  s2, s5, a7
core   0: 3 0x80007d68 (0x031aa933) x18 0x00000000
core   0: 0x80007d6c (0x007f11b3) sll     gp, t5, t2
core   0: 3 0x80007d6c (0x007f11b3) x 3 0xfffffffc
core   0: 0x80007d70 (0x000083c5) c.srli  a5, 17
core   0: 3 0x80007d70 (0x83c5) x15 0x00000000
core   0: 0x80007d72 (0x00008f3d) c.xor   a4, a5
core   0: 3 0x80007d72 (0x8f3d) x14 0x0000000c
core   0: 0x80007d74 (0x03764d33) div     s10, a2, s7
core   0: 3 0x80007d74 (0x03764d33) x26 0xffffffff
core   0: 0x80007d78 (0x030d5463) bge     s10, a6, pc + 40
core   0: 3 0x80007d78 (0x030d5463)
core   0: 0x80007d7c (0xad496d13) ori     s10, s2, -1324
core   0: 3 0x80007d7c (0xad496d13) x26 0xfffffad4
core   0: 0x80007d80 (0x59806a93) ori     s5, zero, 1432
core   0: 3 0x80007d80 (0x59806a93) x21 0x00000598
core   0: 0x80007d84 (0x000080ea) c.mv    ra, s10
core   0: 3 0x80007d84 (0x80ea) x 1 0xfffffad4
core   0: 0x80007d86 (0x00eb6463) bltu    s6, a4, pc + 8
core   0: 3 0x80007d86 (0x00eb6463)
core   0: 0x80007d8a (0x00008f69) c.and   a4, a0
core   0: 3 0x80007d8a (0x8f69) x14 0x0000000c
core   0: 0x80007d8c (0x00000d0a) c.slli  s10, 2
core   0: 3 0x80007d8c (0x0d0a) x26 0xffffeb50
core   0: 0x80007d8e (0x0000eb15) c.bnez  a4, pc + 52
core   0: 3 0x80007d8e (0xeb15)
core   0: 0x80007dc2 (0xeafe4097) auipc   ra, 0xeafe4
core   0: 3 0x80007dc2 (0xeafe4097) x 1 0x6afebdc2
core   0: 0x80007dc6 (0x00514d33) xor     s10, sp, t0
core   0: 3 0x80007dc6 (0x00514d33) x26 0x0000053b
core   0: 0x80007dca (0x00a41913) slli    s2, s0, 10
core   0: 3 0x80007dca (0x00a41913) x18 0x00017c00
core   0: 0x80007dce (0x00008bde) c.mv    s7, s7
core   0: 3 0x80007dce (0x8bde) x23 0x00000000
core   0: 0x80007dd0 (0x00000001) c.nop
core   0: 3 0x80007dd0 (0x0001)
core   0: 0x80007dd2 (0x03bbfe33) remu    t3, s7, s11
core   0: 3 0x80007dd2 (0x03bbfe33) x28 0x00000000
core   0: 0x80007dd6 (0x030a5ab3) divu    s5, s4, a6
core   0: 3 0x80007dd6 (0x030a5ab3) x21 0x00000000
core   0: 0x80007dda (0x000099fd) c.andi  a1, -1
core   0: 3 0x80007dda (0x99fd) x11 0x00000000
core   0: 0x80007ddc (0xfcf5a693) slti    a3, a1, -49
core   0: 3 0x80007ddc (0xfcf5a693) x13 0x00000000
core   0: 0x80007de0 (0x01458eb3) add     t4, a1, s4
core   0: 3 0x80007de0 (0x01458eb3) x29 0x0000042f
core   0: 0x80007de4 (0x034f0433) mul     s0, t5, s4
core   0: 3 0x80007de4 (0x034f0433) x 8 0xfffff7a2
core   0: 0x80007de8 (0x00dc5093) srli    ra, s8, 13
core   0: 3 0x80007de8 (0x00dc5093) x 1 0x0007ffff
core   0: 0x80007dec (0x033aef33) rem     t5, s5, s3
core   0: 3 0x80007dec (0x033aef33) x30 0x00000000
core   0: 0x80007df0 (0x00d42d33) slt     s10, s0, a3
core   0: 3 0x80007df0 (0x00d42d33) x26 0x00000001
core   0: 0x80007df4 (0xbc0e2237) lui     tp, 0xbc0e2
core   0: 3 0x80007df4 (0xbc0e2237) x 4 0xbc0e2000
core   0: 0x80007df8 (0x00004bc9) c.li    s7, 18
core   0: 3 0x80007df8 (0x4bc9) x23 0x00000012
core   0: 0x80007dfa (0x0000ee0d) c.bnez  a2, pc + 58
core   0: 3 0x80007dfa (0xee0d)
core   0: 0x80007dfc (0x00006749) c.lui   a4, 0x12
core   0: 3 0x80007dfc (0x6749) x14 0x00012000
core   0: 0x80007dfe (0x01bda2b3) slt     t0, s11, s11
core   0: 3 0x80007dfe (0x01bda2b3) x 5 0x00000000
core   0: 0x80007e02 (0xe947ae17) auipc   t3, 0xe947a
core   0: 3 0x80007e02 (0xe947ae17) x28 0x69481e02
core   0: 0x80007e06 (0x0406a493) slti    s1, a3, 64
core   0: 3 0x80007e06 (0x0406a493) x 9 0x00000001
core   0: 0x80007e0a (0x00008c95) c.sub   s1, a3
core   0: 3 0x80007e0a (0x8c95) x 9 0x00000001
core   0: 0x80007e0c (0x025add33) divu    s10, s5, t0
core   0: 3 0x80007e0c (0x025add33) x26 0xffffffff
core   0: 0x80007e10 (0x06774637) lui     a2, 0x6774
core   0: 3 0x80007e10 (0x06774637) x12 0x06774000
core   0: 0x80007e14 (0x024ba2b3) mulhsu  t0, s7, tp
core   0: 3 0x80007e14 (0x024ba2b3) x 5 0x0000000d
core   0: 0x80007e18 (0x0000ce15) c.beqz  a2, pc + 60
core   0: 3 0x80007e18 (0xce15)
core   0: 0x80007e1a (0x0ff0000f) fence   iorw,iorw
core   0: 3 0x80007e1a (0x0ff0000f)
core   0: 0x80007e1e (0x41c8dbb3) sra     s7, a7, t3
core   0: 3 0x80007e1e (0x41c8dbb3) x23 0x00007800
core   0: 0x80007e22 (0x0051f733) and     a4, gp, t0
core   0: 3 0x80007e22 (0x0051f733) x14 0x0000000c
core   0: 0x80007e26 (0x02f7c063) blt     a5, a5, pc + 32
core   0: 3 0x80007e26 (0x02f7c063)
core   0: 0x80007e2a (0x0000442d) c.li    s0, 11
core   0: 3 0x80007e2a (0x442d) x 8 0x0000000b
core   0: 0x80007e2c (0xdac6a897) auipc   a7, 0xdac6a
core   0: 3 0x80007e2c (0xdac6a897) x17 0x5ac71e2c
core   0: 0x80007e30 (0x036ffab3) remu    s5, t6, s6
core   0: 3 0x80007e30 (0x036ffab3) x21 0x7af7d3c9
core   0: 0x80007e34 (0x0000717d) c.addi16sp sp, -16
core   0: 3 0x80007e34 (0x717d) x 2 0xffffffdf
core   0: 0x80007e36 (0xeb86ee93) ori     t4, a3, -328
core   0: 3 0x80007e36 (0xeb86ee93) x29 0xfffffeb8
core   0: 0x80007e3a (0x021c95b3) mulh    a1, s9, ra
core   0: 3 0x80007e3a (0x021c95b3) x11 0xffffd7d1
core   0: 0x80007e3e (0x01488333) add     t1, a7, s4
core   0: 3 0x80007e3e (0x01488333) x 6 0x5ac7225b
core   0: 0x80007e42 (0x0ff0000f) fence   iorw,iorw
core   0: 3 0x80007e42 (0x0ff0000f)
core   0: 0x80007e46 (0x41e25913) srai    s2, tp, 30
core   0: 3 0x80007e46 (0x41e25913) x18 0xfffffffe
core   0: 0x80007e4a (0x00008add) c.andi  a3, 23
core   0: 3 0x80007e4a (0x8add) x13 0x00000000
core   0: 0x80007e4c (0x031ae963) bltu    s5, a7, pc + 50
core   0: 3 0x80007e4c (0x031ae963)
core   0: 0x80007e50 (0x00008e19) c.sub   a2, a4
core   0: 3 0x80007e50 (0x8e19) x12 0x06773ff4
core   0: 0x80007e52 (0x00001d84) c.addi4spn s1, sp, 752
core   0: 3 0x80007e52 (0x1d84) x 9 0x000002cf
core   0: 0x80007e54 (0x02ded463) bge     t4, a3, pc + 40
core   0: 3 0x80007e54 (0x02ded463)
core   0: 0x80007e58 (0x0000938e) c.add   t2, gp
core   0: 3 0x80007e58 (0x938e) x 7 0xfffffffd
core   0: 0x80007e5a (0x010652b3) srl     t0, a2, a6
core   0: 3 0x80007e5a (0x010652b3) x 5 0x000033b9
core   0: 0x80007e5e (0x00008e59) c.or    a2, a4
core   0: 3 0x80007e5e (0x8e59) x12 0x06773ffc
core   0: 0x80007e60 (0x0000cc09) c.beqz  s0, pc + 26
core   0: 3 0x80007e60 (0xcc09)
core   0: 0x80007e62 (0x0901b193) sltiu   gp, gp, 144
core   0: 3 0x80007e62 (0x0901b193) x 3 0x00000000
core   0: 0x80007e66 (0x0000100f) fence.i
core   0: 3 0x80007e66 (0x0000100f)
core   0: 0x80007e6a (0x7532a393) slti    t2, t0, 1875
core   0: 3 0x80007e6a (0x7532a393) x 7 0x00000000
core   0: 0x80007e6e (0x01326a33) or      s4, tp, s3
core   0: 3 0x80007e6e (0x01326a33) x20 0xbc0e2008
core   0: 0x80007e72 (0x00001ffd) c.addi  t6, -1
core   0: 3 0x80007e72 (0x1ffd) x31 0xfafa322c
core   0: 0x80007e74 (0x000095ce) c.add   a1, s3
core   0: 3 0x80007e74 (0x95ce) x11 0xffffd7d9
core   0: 0x80007e76 (0x03f9f163) bgeu    s3, t6, pc + 34
core   0: 3 0x80007e76 (0x03f9f163)
core   0: 0x80007e7a (0x00008f99) c.sub   a5, a4
core   0: 3 0x80007e7a (0x8f99) x15 0xfffffff4
core   0: 0x80007e7c (0x00004c91) c.li    s9, 4
core   0: 3 0x80007e7c (0x4c91) x25 0x00000004
core   0: 0x80007e7e (0x9eb71197) auipc   gp, 0x9eb71
core   0: 3 0x80007e7e (0x9eb71197) x 3 0x1eb78e7e
core   0: 0x80007e82 (0x02d58c33) mul     s8, a1, a3
core   0: 3 0x80007e82 (0x02d58c33) x24 0x00000000
core   0: 0x80007e86 (0x031a1633) mulh    a2, s4, a7
core   0: 3 0x80007e86 (0x031a1633) x12 0xe7e81e3b
core   0: 0x80007e8a (0x03241e33) mulh    t3, s0, s2
core   0: 3 0x80007e8a (0x03241e33) x28 0xffffffff
core   0: 0x80007e8e (0x02404b63) blt     zero, tp, pc + 54
core   0: 3 0x80007e8e (0x02404b63)
core   0: 0x80007e92 (0x0000897d) c.andi  a0, 31
core   0: 3 0x80007e92 (0x897d) x10 0x0000001f
core   0: 0x80007e94 (0x00000609) c.addi  a2, 2
core   0: 3 0x80007e94 (0x0609) x12 0xe7e81e3d
core   0: 0x80007e96 (0x00000001) c.nop
core   0: 3 0x80007e96 (0x0001)
core   0: 0x80007e98 (0x015c5eb3) srl     t4, s8, s5
core   0: 3 0x80007e98 (0x015c5eb3) x29 0x00000000
core   0: 0x80007e9c (0x00008c79) c.and   s0, a4
core   0: 3 0x80007e9c (0x8c79) x 8 0x00000008
core   0: 0x80007e9e (0x014c9a93) slli    s5, s9, 20
core   0: 3 0x80007e9e (0x014c9a93) x21 0x00400000
core   0: 0x80007ea2 (0x69022b93) slti    s7, tp, 1680
core   0: 3 0x80007ea2 (0x69022b93) x23 0x00000001
core   0: 0x80007ea6 (0x0309c8b3) div     a7, s3, a6
core   0: 3 0x80007ea6 (0x0309c8b3) x17 0x00000000
core   0: 0x80007eaa (0x405a57b3) sra     a5, s4, t0
core   0: 3 0x80007eaa (0x405a57b3) x15 0xffffffde
core   0: 0x80007eae (0x000002ea) c.slli  t0, 26
core   0: 3 0x80007eae (0x02ea) x 5 0xe4000000
core   0: 0x80007eb0 (0x00008c4d) c.or    s0, a1
core   0: 3 0x80007eb0 (0x8c4d) x 8 0xffffd7d9
core   0: 0x80007eb2 (0x008b9433) sll     s0, s7, s0
core   0: 3 0x80007eb2 (0x008b9433) x 8 0x02000000
core   0: 0x80007eb6 (0x0000cd0d) c.beqz  a0, pc + 58
core   0: 3 0x80007eb6 (0xcd0d)
core   0: 0x80007eb8 (0x03bc1c33) mulh    s8, s8, s11
core   0: 3 0x80007eb8 (0x03bc1c33) x24 0x00000000
core   0: 0x80007ebc (0x38eccf13) xori    t5, s9, 910
core   0: 3 0x80007ebc (0x38eccf13) x30 0x0000038a
core   0: 0x80007ec0 (0x0000693d) c.lui   s2, 0xf
core   0: 3 0x80007ec0 (0x693d) x18 0x0000f000
core   0: 0x80007ec2 (0x00008695) c.srai  a3, 5
core   0: 3 0x80007ec2 (0x8695) x13 0x00000000
core   0: 0x80007ec4 (0x69a4cd17) auipc   s10, 0x69a4c
core   0: 3 0x80007ec4 (0x69a4cd17) x26 0xe9a53ec4
core   0: 0x80007ec8 (0x0000717d) c.addi16sp sp, -16
core   0: 3 0x80007ec8 (0x717d) x 2 0xffffffcf
core   0: 0x80007eca (0x0ff0000f) fence   iorw,iorw
core   0: 3 0x80007eca (0x0ff0000f)
core   0: 0x80007ece (0x00009f96) c.add   t6, t0
core   0: 3 0x80007ece (0x9f96) x31 0xdefa322c
core   0: 0x80007ed0 (0x0118fbb3) and     s7, a7, a7
core   0: 3 0x80007ed0 (0x0118fbb3) x23 0x00000000
core   0: 0x80007ed4 (0x004fee63) bltu    t6, tp, pc + 28
core   0: 3 0x80007ed4 (0x004fee63)
core   0: 0x80007ed8 (0x00008356) c.mv    t1, s5
core   0: 3 0x80007ed8 (0x8356) x 6 0x00400000
core   0: 0x80007eda (0x406f52b3) sra     t0, t5, t1
core   0: 3 0x80007eda (0x406f52b3) x 5 0x0000038a
core   0: 0x80007ede (0x01201413) slli    s0, zero, 18
core   0: 3 0x80007ede (0x01201413) x 8 0x00000000
core   0: 0x80007ee2 (0x77567113) andi    sp, a2, 1909
core   0: 3 0x80007ee2 (0x77567113) x 2 0x00000635
core   0: 0x80007ee6 (0x00db8963) beq     s7, a3, pc + 18
core   0: 3 0x80007ee6 (0x00db8963)
core   0: 0x80007ef8 (0x00001118) c.addi4spn a4, sp, 160
core   0: 3 0x80007ef8 (0x1118) x14 0x000006d5
core   0: 0x80007efa (0x00000288) c.addi4spn a0, sp, 320
core   0: 3 0x80007efa (0x0288) x10 0x00000775
core   0: 0x80007efc (0x0000c599) c.beqz  a1, pc + 14
core   0: 3 0x80007efc (0xc599)
core   0: 0x80007efe (0x01b9e863) bltu    s3, s11, pc + 16
core   0: 3 0x80007efe (0x01b9e863)
core   0: 0x80007f0e (0x6f12c213) xori    tp, t0, 1777
core   0: 3 0x80007f0e (0x6f12c213) x 4 0x0000057b
core   0: 0x80007f12 (0x4bf92a93) slti    s5, s2, 1215
core   0: 3 0x80007f12 (0x4bf92a93) x21 0x00000000
core   0: 0x80007f16 (0x00008881) c.andi  s1, 0
core   0: 3 0x80007f16 (0x8881) x 9 0x00000000
core   0: 0x80007f18 (0x53d7c717) auipc   a4, 0x53d7c
core   0: 3 0x80007f18 (0x53d7c717) x14 0xd3d83f18
core   0: 0x80007f1c (0x00b66eb3) or      t4, a2, a1
core   0: 3 0x80007f1c (0x00b66eb3) x29 0xffffdffd
core   0: 0x80007f20 (0x02a82c33) mulhsu  s8, a6, a0
core   0: 3 0x80007f20 (0x02a82c33) x24 0x00000395
core   0: 0x80007f24 (0x3f30e313) ori     t1, ra, 1011
core   0: 3 0x80007f24 (0x3f30e313) x 6 0x0007ffff
core   0: 0x80007f28 (0x00000001) c.nop
core   0: 3 0x80007f28 (0x0001)
core   0: 0x80007f2a (0x00000acd) c.addi  s5, 19
core   0: 3 0x80007f2a (0x0acd) x21 0x00000013
core   0: 0x80007f2c (0x00008d76) c.mv    s10, t4
core   0: 3 0x80007f2c (0x8d76) x26 0xffffdffd
core   0: 0x80007f2e (0x413785b3) sub     a1, a5, s3
core   0: 3 0x80007f2e (0x413785b3) x11 0xffffffd6
core   0: 0x80007f32 (0x0ed3a093) slti    ra, t2, 237
core   0: 3 0x80007f32 (0x0ed3a093) x 1 0x00000001
core   0: 0x80007f36 (0x840dae93) slti    t4, s11, -1984
core   0: 3 0x80007f36 (0x840dae93) x29 0x00000001
core   0: 0x80007f3a (0x403303b3) sub     t2, t1, gp
core   0: 3 0x80007f3a (0x403303b3) x 7 0xe1507181
core   0: 0x80007f3e (0x028a0633) mul     a2, s4, s0
core   0: 3 0x80007f3e (0x028a0633) x12 0x00000000
core   0: 0x80007f42 (0xa0fa4913) xori    s2, s4, -1521
core   0: 3 0x80007f42 (0xa0fa4913) x18 0x43f1da07
core   0: 0x80007f46 (0x00008e05) c.sub   a2, s1
core   0: 3 0x80007f46 (0x8e05) x12 0x00000000
core   0: 0x80007f48 (0x0051d7b3) srl     a5, gp, t0
core   0: 3 0x80007f48 (0x0051d7b3) x15 0x0007ade3
core   0: 0x80007f4c (0x000080cd) c.srli  s1, 19
core   0: 3 0x80007f4c (0x80cd) x 9 0x00000000
core   0: 0x80007f4e (0x00001d00) c.addi4spn s0, sp, 688
core   0: 3 0x80007f4e (0x1d00) x 8 0x000008e5
core   0: 0x80007f50 (0xd42cb117) auipc   sp, 0xd42cb
core   0: 3 0x80007f50 (0xd42cb117) x 2 0x542d2f50
core   0: 0x80007f54 (0x03f2c463) blt     t0, t6, pc + 40
core   0: 3 0x80007f54 (0x03f2c463)
core   0: 0x80007f58 (0x025291b3) mulh    gp, t0, t0
core   0: 3 0x80007f58 (0x025291b3) x 3 0x00000000
core   0: 0x80007f5c (0x004a42b3) xor     t0, s4, tp
core   0: 3 0x80007f5c (0x004a42b3) x 5 0xbc0e2573
core   0: 0x80007f60 (0x9249a413) slti    s0, s3, -1756
core   0: 3 0x80007f60 (0x9249a413) x 8 0x00000000
core   0: 0x80007f64 (0x472d6713) ori     a4, s10, 1138
core   0: 3 0x80007f64 (0x472d6713) x14 0xffffdfff
core   0: 0x80007f68 (0x012adc93) srli    s9, s5, 18
core   0: 3 0x80007f68 (0x012adc93) x25 0x00000000
core   0: 0x80007f6c (0xb0833f93) sltiu   t6, t1, -1272
core   0: 3 0x80007f6c (0xb0833f93) x31 0x00000001
core   0: 0x80007f70 (0x021e9fb3) mulh    t6, t4, ra
core   0: 3 0x80007f70 (0x021e9fb3) x31 0x00000000
core   0: 0x80007f74 (0x93316e13) ori     t3, sp, -1741
core   0: 3 0x80007f74 (0x93316e13) x28 0xffffff73
core   0: 0x80007f78 (0x0000ef89) c.bnez  a5, pc + 26
core   0: 3 0x80007f78 (0xef89)
core   0: 0x80007f92 (0x01b65013) srli    zero, a2, 27
core   0: 3 0x80007f92 (0x01b65013)
core   0: 0x80007f96 (0x0e60b893) sltiu   a7, ra, 230
core   0: 3 0x80007f96 (0x0e60b893) x17 0x00000001
core   0: 0x80007f9a (0x01aa9bb3) sll     s7, s5, s10
core   0: 3 0x80007f9a (0x01aa9bb3) x23 0x60000000
core   0: 0x80007f9e (0x01319293) slli    t0, gp, 19
core   0: 3 0x80007f9e (0x01319293) x 5 0x00000000
core   0: 0x80007fa2 (0x0000899d) c.andi  a1, 7
core   0: 3 0x80007fa2 (0x899d) x11 0x00000006
core   0: 0x80007fa4 (0x0197da33) srl     s4, a5, s9
core   0: 3 0x80007fa4 (0x0197da33) x20 0x0007ade3
core   0: 0x80007fa8 (0x0000947a) c.add   s0, t5
core   0: 3 0x80007fa8 (0x947a) x 8 0x0000038a
core   0: 0x80007faa (0x01658f33) add     t5, a1, s6
core   0: 3 0x80007faa (0x01658f33) x30 0x80025e6a
core   0: 0x80007fae (0x01fa0bb3) add     s7, s4, t6
core   0: 3 0x80007fae (0x01fa0bb3) x23 0x0007ade3
core   0: 0x80007fb2 (0x00008e97) auipc   t4, 0x8
core   0: 3 0x80007fb2 (0x00008e97) x29 0x8000ffb2
core   0: 0x80007fb6 (0x76ae8e93) addi    t4, t4, 1898
core   0: 3 0x80007fb6 (0x76ae8e93) x29 0x8001071c
core   0: 0x80007fba (0x07ee8da3) sb      t5, 123(t4)
core   0: 3 0x80007fba (0x07ee8da3) mem 0x80010797 0x6a
core   0: 0x80007fbe (0x07bec403) lbu     s0, 123(t4)
core   0: 3 0x80007fbe (0x07bec403) x 8 0x0000006a mem 0x80010797
core   0: 0x80007fc2 (0x06be8da3) sb      a1, 123(t4)
core   0: 3 0x80007fc2 (0x06be8da3) mem 0x80010797 0x6
core   0: 0x80007fc6 (0x098edb83) lhu     s7, 152(t4)
core   0: 3 0x80007fc6 (0x098edb83) x23 0x00006e6f mem 0x800107b4
core   0: 0x80007fca (0x098ea003) lw      zero, 152(t4)
core   0: 3 0x80007fca (0x098ea003) mem 0x800107b4
core   0: 0x80007fce (0xf2de83a3) sb      a3, -217(t4)
core   0: 3 0x80007fce (0xf2de83a3) mem 0x80010643 0x0
core   0: 0x80007fd2 (0xf27ec083) lbu     ra, -217(t4)
core   0: 3 0x80007fd2 (0xf27ec083) x 1 0x00000000 mem 0x80010643
core   0: 0x80007fd6 (0xf27ecf83) lbu     t6, -217(t4)
core   0: 3 0x80007fd6 (0xf27ecf83) x31 0x00000000 mem 0x80010643
core   0: 0x80007fda (0x039766b3) rem     a3, a4, s9
core   0: 3 0x80007fda (0x039766b3) x13 0xffffdfff
core   0: 0x80007fde (0xf27ecb83) lbu     s7, -217(t4)
core   0: 3 0x80007fde (0xf27ecb83) x23 0x00000000 mem 0x80010643
core   0: 0x80007fe2 (0xf27ec903) lbu     s2, -217(t4)
core   0: 3 0x80007fe2 (0xf27ec903) x18 0x00000000 mem 0x80010643
core   0: 0x80007fe6 (0xf27e8383) lb      t2, -217(t4)
core   0: 3 0x80007fe6 (0xf27e8383) x 7 0x00000000 mem 0x80010643
core   0: 0x80007fea (0x0204f833) remu    a6, s1, zero
core   0: 3 0x80007fea (0x0204f833) x16 0x00000000
core   0: 0x80007fee (0x000091ce) c.add   gp, s3
core   0: 3 0x80007fee (0x91ce) x 3 0x00000008
core   0: 0x80007ff0 (0xf27e8503) lb      a0, -217(t4)
core   0: 3 0x80007ff0 (0xf27e8503) x10 0x00000000 mem 0x80010643
core   0: 0x80007ff4 (0xf23e83a3) sb      gp, -217(t4)
core   0: 3 0x80007ff4 (0xf23e83a3) mem 0x80010643 0x8
core   0: 0x80007ff8 (0xf27ec903) lbu     s2, -217(t4)
core   0: 3 0x80007ff8 (0xf27ec903) x18 0x00000008 mem 0x80010643
core   0: 0x80007ffc (0xf33e83a3) sb      s3, -217(t4)
core   0: 3 0x80007ffc (0xf33e83a3) mem 0x80010643 0x8
core   0: 0x80008000 (0xf27e8303) lb      t1, -217(t4)
core   0: 3 0x80008000 (0xf27e8303) x 6 0x00000008 mem 0x80010643
core   0: 0x80008004 (0xf30e83a3) sb      a6, -217(t4)
core   0: 3 0x80008004 (0xf30e83a3) mem 0x80010643 0x0
core   0: 0x80008008 (0xf27e8183) lb      gp, -217(t4)
core   0: 3 0x80008008 (0xf27e8183) x 3 0x00000000 mem 0x80010643
core   0: 0x8000800c (0x42361617) auipc   a2, 0x42361
core   0: 3 0x8000800c (0x42361617) x12 0xc236900c
core   0: 0x80008010 (0x8c092f93) slti    t6, s2, -1856
core   0: 3 0x80008010 (0x8c092f93) x31 0x00000000
core   0: 0x80008014 (0x00000a4e) c.slli  s4, 19
core   0: 3 0x80008014 (0x0a4e) x20 0x6f180000
core   0: 0x80008016 (0x00000001) c.nop
core   0: 3 0x80008016 (0x0001)
core   0: 0x80008018 (0x03924963) blt     tp, s9, pc + 50
core   0: 3 0x80008018 (0x03924963)
core   0: 0x8000801c (0x0ff0000f) fence   iorw,iorw
core   0: 3 0x8000801c (0x0ff0000f)
core   0: 0x80008020 (0x00008eb5) c.xor   a3, a3
core   0: 3 0x80008020 (0x8eb5) x13 0x00000000
core   0: 0x80008022 (0x00a46663) bltu    s0, a0, pc + 12
core   0: 3 0x80008022 (0x00a46663)
core   0: 0x80008026 (0x01e82933) slt     s2, a6, t5
core   0: 3 0x80008026 (0x01e82933) x18 0x00000000
core   0: 0x8000802a (0x00d4da63) bge     s1, a3, pc + 20
core   0: 3 0x8000802a (0x00d4da63)
core   0: 0x8000803e (0x00009bfd) c.andi  a5, -1
core   0: 3 0x8000803e (0x9bfd) x15 0x0007ade3
core   0: 0x80008040 (0x00008fe1) c.and   a5, s0
core   0: 3 0x80008040 (0x8fe1) x15 0x00000062
core   0: 0x80008042 (0x028714b3) mulh    s1, a4, s0
core   0: 3 0x80008042 (0x028714b3) x 9 0xffffffff
core   0: 0x80008046 (0x00605793) srli    a5, zero, 6
core   0: 3 0x80008046 (0x00605793) x15 0x00000000
core   0: 0x8000804a (0x024cefb3) rem     t6, s9, tp
core   0: 3 0x8000804a (0x024cefb3) x31 0x00000000
core   0: 0x8000804e (0x0ff0000f) fence   iorw,iorw
core   0: 3 0x8000804e (0x0ff0000f)
core   0: 0x80008052 (0x0000100f) fence.i
core   0: 3 0x80008052 (0x0000100f)
core   0: 0x80008056 (0x0375a233) mulhsu  tp, a1, s7
core   0: 3 0x80008056 (0x0375a233) x 4 0x00000000
core   0: 0x8000805a (0x00006175) c.addi16sp sp, 368
core   0: 3 0x8000805a (0x6175) x 2 0x542d30c0
core   0: 0x8000805c (0x00008d0d) c.sub   a0, a1
core   0: 3 0x8000805c (0x8d0d) x10 0xfffffffa
core   0: 0x8000805e (0x00df2133) slt     sp, t5, a3
core   0: 3 0x8000805e (0x00df2133) x 2 0x00000001
core   0: 0x80008062 (0x70710d37) lui     s10, 0x70710
core   0: 3 0x80008062 (0x70710d37) x26 0x70710000
core   0: 0x80008066 (0x03884d63) blt     a6, s8, pc + 58
core   0: 3 0x80008066 (0x03884d63)
core   0: 0x800080a0 (0x00006869) c.lui   a6, 0x1a
core   0: 3 0x800080a0 (0x6869) x16 0x0001a000
core   0: 0x800080a2 (0x01ba5913) srli    s2, s4, 27
core   0: 3 0x800080a2 (0x01ba5913) x18 0x0000000d
core   0: 0x800080a6 (0x0000c515) c.beqz  a0, pc + 44
core   0: 3 0x800080a6 (0xc515)
core   0: 0x800080a8 (0x0000e089) c.bnez  s1, pc + 2
core   0: 3 0x800080a8 (0xe089)
core   0: 0x800080aa (0x0012dd33) srl     s10, t0, ra
core   0: 3 0x800080aa (0x0012dd33) x26 0x00000000
core   0: 0x800080ae (0x039d1a63) bne     s10, s9, pc + 52
core   0: 3 0x800080ae (0x039d1a63)
core   0: 0x800080b2 (0xec8d6097) auipc   ra, 0xec8d6
core   0: 3 0x800080b2 (0xec8d6097) x 1 0x6c8de0b2
core   0: 0x800080b6 (0x2e6e0e13) addi    t3, t3, 742
core   0: 3 0x800080b6 (0x2e6e0e13) x28 0x00000259
core   0: 0x800080ba (0x02f45433) divu    s0, s0, a5
core   0: 3 0x800080ba (0x02f45433) x 8 0xffffffff
core   0: 0x800080be (0x02b0cc33) div     s8, ra, a1
core   0: 3 0x800080be (0x02b0cc33) x24 0x1217a573
core   0: 0x800080c2 (0x010d5733) srl     a4, s10, a6
core   0: 3 0x800080c2 (0x010d5733) x14 0x00000000
core   0: 0x800080c6 (0xe29c3693) sltiu   a3, s8, -471
core   0: 3 0x800080c6 (0xe29c3693) x13 0x00000001
core   0: 0x800080ca (0x0020deb3) srl     t4, ra, sp
core   0: 3 0x800080ca (0x0020deb3) x29 0x3646f059
core   0: 0x800080ce (0xafdb2293) slti    t0, s6, -1283
core   0: 3 0x800080ce (0xafdb2293) x 5 0x00000001
core   0: 0x800080d2 (0x000080d9) c.srli  s1, 22
core   0: 3 0x800080d2 (0x80d9) x 9 0x000003ff
core   0: 0x800080d4 (0x00006319) c.lui   t1, 0x6
core   0: 3 0x800080d4 (0x6319) x 6 0x00006000
core   0: 0x800080d6 (0x4efe2a13) slti    s4, t3, 1263
core   0: 3 0x800080d6 (0x4efe2a13) x20 0x00000001
core   0: 0x800080da (0x7129c713) xori    a4, s3, 1810
core   0: 3 0x800080da (0x7129c713) x14 0x0000071a
core   0: 0x800080de (0xb65c2713) slti    a4, s8, -1179
core   0: 3 0x800080de (0xb65c2713) x14 0x00000000
core   0: 0x800080e2 (0x00337cb3) and     s9, t1, gp
core   0: 3 0x800080e2 (0x00337cb3) x25 0x00000000
core   0: 0x800080e6 (0x031791b3) mulh    gp, a5, a7
core   0: 3 0x800080e6 (0x031791b3) x 3 0x00000000
core   0: 0x800080ea (0x039168b3) rem     a7, sp, s9
core   0: 3 0x800080ea (0x039168b3) x17 0x00000001
core   0: 0x800080ee (0x00000590) c.addi4spn a2, sp, 704
core   0: 3 0x800080ee (0x0590) x12 0x000002c1
core   0: 0x800080f0 (0xddfce813) ori     a6, s9, -545
core   0: 3 0x800080f0 (0xddfce813) x16 0xfffffddf
core   0: 0x800080f4 (0x000004bd) c.addi  s1, 15
core   0: 3 0x800080f4 (0x04bd) x 9 0x0000040e
core   0: 0x800080f6 (0x00008cd1) c.or    s1, a2
core   0: 3 0x800080f6 (0x8cd1) x 9 0x000006cf
core   0: 0x800080f8 (0x000091fe) c.add   gp, t6
core   0: 3 0x800080f8 (0x91fe) x 3 0x00000000
core   0: 0x800080fa (0x00000c04) c.addi4spn s1, sp, 528
core   0: 3 0x800080fa (0x0c04) x 9 0x00000211
core   0: 0x800080fc (0x00008d65) c.and   a0, s1
core   0: 3 0x800080fc (0x8d65) x10 0x00000210
core   0: 0x800080fe (0x006fd1b3) srl     gp, t6, t1
core   0: 3 0x800080fe (0x006fd1b3) x 3 0x00000000
core   0: 0x80008102 (0x413b8cb3) sub     s9, s7, s3
core   0: 3 0x80008102 (0x413b8cb3) x25 0xfffffff8
core   0: 0x80008106 (0x01ff7d63) bgeu    t5, t6, pc + 26
core   0: 3 0x80008106 (0x01ff7d63)
core   0: 0x80008120 (0x03b5c133) div     sp, a1, s11
core   0: 3 0x80008120 (0x03b5c133) x 2 0x00000000
core   0: 0x80008124 (0x00006115) c.addi16sp sp, 288
core   0: 3 0x80008124 (0x6115) x 2 0x00000120
core   0: 0x80008126 (0x05d47063) bgeu    s0, t4, pc + 64
core   0: 3 0x80008126 (0x05d47063)
core   0: 0x80008166 (0x0000717d) c.addi16sp sp, -16
core   0: 3 0x80008166 (0x717d) x 2 0x00000110
core   0: 0x80008168 (0x8e90c593) xori    a1, ra, -1815
core   0: 3 0x80008168 (0x8e90c593) x11 0x9372185b
core   0: 0x8000816c (0x0237cf63) blt     a5, gp, pc + 62
core   0: 3 0x8000816c (0x0237cf63)
core   0: 0x80008170 (0x00000001) c.nop
core   0: 3 0x80008170 (0x0001)
core   0: 0x80008172 (0x014725b3) slt     a1, a4, s4
core   0: 3 0x80008172 (0x014725b3) x11 0x00000001
core   0: 0x80008176 (0x412e5e13) srai    t3, t3, 18
core   0: 3 0x80008176 (0x412e5e13) x28 0x00000000
core   0: 0x8000817a (0x00000001) c.nop
core   0: 3 0x8000817a (0x0001)
core   0: 0x8000817c (0xe1d26793) ori     a5, tp, -483
core   0: 3 0x8000817c (0xe1d26793) x15 0xfffffe1d
core   0: 0x80008180 (0x0ff0000f) fence   iorw,iorw
core   0: 3 0x80008180 (0x0ff0000f)
core   0: 0x80008184 (0x02088763) beqz    a7, pc + 46
core   0: 3 0x80008184 (0x02088763)
core   0: 0x80008188 (0x00008839) c.andi  s0, 14
core   0: 3 0x80008188 (0x8839) x 8 0x0000000e
core   0: 0x8000818a (0x021428b3) mulhsu  a7, s0, ra
core   0: 3 0x8000818a (0x021428b3) x17 0x00000005
core   0: 0x8000818e (0x00569263) bne     a3, t0, pc + 4
core   0: 3 0x8000818e (0x00569263)
core   0: 0x80008192 (0x00346b63) bltu    s0, gp, pc + 22
core   0: 3 0x80008192 (0x00346b63)
core   0: 0x80008196 (0x006a8863) beq     s5, t1, pc + 16
core   0: 3 0x80008196 (0x006a8863)
core   0: 0x8000819a (0x20faf813) andi    a6, s5, 527
core   0: 3 0x8000819a (0x20faf813) x16 0x00000003
core   0: 0x8000819e (0x0196c633) xor     a2, a3, s9
core   0: 3 0x8000819e (0x0196c633) x12 0xfffffff9
core   0: 0x800081a2 (0x0102a833) slt     a6, t0, a6
core   0: 3 0x800081a2 (0x0102a833) x16 0x00000001
core   0: 0x800081a6 (0x000002d5) c.addi  t0, 21
core   0: 3 0x800081a6 (0x02d5) x 5 0x00000016
core   0: 0x800081a8 (0x00009cbe) c.add   s9, a5
core   0: 3 0x800081a8 (0x9cbe) x25 0xfffffe15
core   0: 0x800081aa (0x40d7dab3) sra     s5, a5, a3
core   0: 3 0x800081aa (0x40d7dab3) x21 0xffffff0e
core   0: 0x800081ae (0x4efe8093) addi    ra, t4, 1263
core   0: 3 0x800081ae (0x4efe8093) x 1 0x3646f548
core   0: 0x800081b2 (0x0ff0000f) fence   iorw,iorw
core   0: 3 0x800081b2 (0x0ff0000f)
core   0: 0x800081b6 (0x0000e109) c.bnez  a0, pc + 2
core   0: 3 0x800081b6 (0xe109)
core   0: 0x800081b8 (0x02525333) divu    t1, tp, t0
core   0: 3 0x800081b8 (0x02525333) x 6 0x00000000
core   0: 0x800081bc (0xd21a2213) slti    tp, s4, -735
core   0: 3 0x800081bc (0xd21a2213) x 4 0x00000000
core   0: 0x800081c0 (0x03cc3f33) mulhu   t5, s8, t3
core   0: 3 0x800081c0 (0x03cc3f33) x30 0x00000000
core   0: 0x800081c4 (0xa4062893) slti    a7, a2, -1472
core   0: 3 0x800081c4 (0xa4062893) x17 0x00000000
core   0: 0x800081c8 (0x000090be) c.add   ra, a5
core   0: 3 0x800081c8 (0x90be) x 1 0x3646f365
core   0: 0x800081ca (0x2e07fd13) andi    s10, a5, 736
core   0: 3 0x800081ca (0x2e07fd13) x26 0x00000200
core   0: 0x800081ce (0x00008339) c.srli  a4, 14
core   0: 3 0x800081ce (0x8339) x14 0x00000000
core   0: 0x800081d0 (0x0000929a) c.add   t0, t1
core   0: 3 0x800081d0 (0x929a) x 5 0x00000016
core   0: 0x800081d2 (0x00000001) c.nop
core   0: 3 0x800081d2 (0x0001)
core   0: 0x800081d4 (0xac967013) andi    zero, a2, -1335
core   0: 3 0x800081d4 (0xac967013)
core   0: 0x800081d8 (0x0279bcb3) mulhu   s9, s3, t2
core   0: 3 0x800081d8 (0x0279bcb3) x25 0x00000000
core   0: 0x800081dc (0x00ea1e63) bne     s4, a4, pc + 28
core   0: 3 0x800081dc (0x00ea1e63)
core   0: 0x800081f8 (0xf323f193) andi    gp, t2, -206
core   0: 3 0x800081f8 (0xf323f193) x 3 0x00000000
core   0: 0x800081fc (0x03bd4263) blt     s10, s11, pc + 36
core   0: 3 0x800081fc (0x03bd4263)
core   0: 0x80008200 (0x01d27cb3) and     s9, tp, t4
core   0: 3 0x80008200 (0x01d27cb3) x25 0x00000000
core   0: 0x80008204 (0x0000137d) c.addi  t1, -1
core   0: 3 0x80008204 (0x137d) x 6 0xffffffff
core   0: 0x80008206 (0x418a5593) srai    a1, s4, 24
core   0: 3 0x80008206 (0x418a5593) x11 0x00000000
core   0: 0x8000820a (0x0ff0000f) fence   iorw,iorw
core   0: 3 0x8000820a (0x0ff0000f)
core   0: 0x8000820e (0x01d36d63) bltu    t1, t4, pc + 26
core   0: 3 0x8000820e (0x01d36d63)
core   0: 0x80008212 (0x00008d71) c.and   a0, a2
core   0: 3 0x80008212 (0x8d71) x10 0x00000210
core   0: 0x80008214 (0xa8a5f713) andi    a4, a1, -1398
core   0: 3 0x80008214 (0xa8a5f713) x14 0x00000000
core   0: 0x80008218 (0x013f6533) or      a0, t5, s3
core   0: 3 0x80008218 (0x013f6533) x10 0x00000008
core   0: 0x8000821c (0x00008ef1) c.and   a3, a2
core   0: 3 0x8000821c (0x8ef1) x13 0x00000001
core   0: 0x8000821e (0x00000001) c.nop
core   0: 3 0x8000821e (0x0001)
core   0: 0x80008220 (0x4126d013) srai    zero, a3, 18
core   0: 3 0x80008220 (0x4126d013)
core   0: 0x80008224 (0x024c97b3) mulh    a5, s9, tp
core   0: 3 0x80008224 (0x024c97b3) x15 0x00000000
core   0: 0x80008228 (0x0058cd63) blt     a7, t0, pc + 26
core   0: 3 0x80008228 (0x0058cd63)
core   0: 0x80008242 (0x03aa4333) div     t1, s4, s10
core   0: 3 0x80008242 (0x03aa4333) x 6 0x00000000
core   0: 0x80008246 (0x03bf9933) mulh    s2, t6, s11
core   0: 3 0x80008246 (0x03bf9933) x18 0x00000000
core   0: 0x8000824a (0x030d0c63) beq     s10, a6, pc + 56
core   0: 3 0x8000824a (0x030d0c63)
core   0: 0x8000824e (0x0000e705) c.bnez  a4, pc + 40
core   0: 3 0x8000824e (0xe705)
core   0: 0x80008250 (0xc217f317) auipc   t1, 0xc217f
core   0: 3 0x80008250 (0xc217f317) x 6 0x42187250
core   0: 0x80008254 (0x00009fae) c.add   t6, a1
core   0: 3 0x80008254 (0x9fae) x31 0x00000000
core   0: 0x80008256 (0x02735d33) divu    s10, t1, t2
core   0: 3 0x80008256 (0x02735d33) x26 0xffffffff
core   0: 0x8000825a (0x02aaf1b3) remu    gp, s5, a0
core   0: 3 0x8000825a (0x02aaf1b3) x 3 0x00000006
core   0: 0x8000825e (0x00001afd) c.addi  s5, -1
core   0: 3 0x8000825e (0x1afd) x21 0xffffff0d
core   0: 0x80008260 (0x00008f5d) c.or    a4, a5
core   0: 3 0x80008260 (0x8f5d) x14 0x00000000
core   0: 0x80008262 (0x00497d33) and     s10, s2, tp
core   0: 3 0x80008262 (0x00497d33) x26 0x00000000
core   0: 0x80008266 (0x229ec213) xori    tp, t4, 553
core   0: 3 0x80008266 (0x229ec213) x 4 0x3646f270
core   0: 0x8000826a (0x005be733) or      a4, s7, t0
core   0: 3 0x8000826a (0x005be733) x14 0x00000016
core   0: 0x8000826e (0x00d71c13) slli    s8, a4, 13
core   0: 3 0x8000826e (0x00d71c13) x24 0x0002c000
core   0: 0x80008272 (0x4161dbb3) sra     s7, gp, s6
core   0: 3 0x80008272 (0x4161dbb3) x23 0x00000000
core   0: 0x80008276 (0x02c44a33) div     s4, s0, a2
core   0: 3 0x80008276 (0x02c44a33) x20 0xfffffffe
core   0: 0x8000827a (0x00006121) c.addi16sp sp, 64
core   0: 3 0x8000827a (0x6121) x 2 0x00000150
core   0: 0x8000827c (0x01c17033) and     zero, sp, t3
core   0: 3 0x8000827c (0x01c17033)
core   0: 0x80008280 (0x00000001) c.nop
core   0: 3 0x80008280 (0x0001)
core   0: 0x80008282 (0x005edd33) srl     s10, t4, t0
core   0: 3 0x80008282 (0x005edd33) x26 0x000000d9
core   0: 0x80008286 (0x00008b8d) c.andi  a5, 3
core   0: 3 0x80008286 (0x8b8d) x15 0x00000000
core   0: 0x80008288 (0x0ff0000f) fence   iorw,iorw
core   0: 3 0x80008288 (0x0ff0000f)
core   0: 0x8000828c (0x00008d29) c.xor   a0, a0
core   0: 3 0x8000828c (0x8d29) x10 0x00000000
core   0: 0x8000828e (0x00008cd5) c.or    s1, a3
core   0: 3 0x8000828e (0x8cd5) x 9 0x00000211
core   0: 0x80008290 (0x02856033) rem     zero, a0, s0
core   0: 3 0x80008290 (0x02856033)
core   0: 0x80008294 (0x000004d6) c.slli  s1, 21
core   0: 3 0x80008294 (0x04d6) x 9 0x42200000
core   0: 0x80008296 (0x7a837713) andi    a4, t1, 1960
core   0: 3 0x80008296 (0x7a837713) x14 0x00000200
core   0: 0x8000829a (0x00009817) auipc   a6, 0x9
core   0: 3 0x8000829a (0x00009817) x16 0x8001129a
core   0: 0x8000829e (0x54e80813) addi    a6, a6, 1358
core   0: 3 0x8000829e (0x54e80813) x16 0x800117e8
core   0: 0x800082a2 (0x009b11b3) sll     gp, s6, s1
core   0: 3 0x800082a2 (0x009b11b3) x 3 0x80025e64
core   0: 0x800082a6 (0x3c984583) lbu     a1, 969(a6)
core   0: 3 0x800082a6 (0x3c984583) x11 0x0000006a mem 0x80011bb1
core   0: 0x800082aa (0x21f80183) lb      gp, 543(a6)
core   0: 3 0x800082aa (0x21f80183) x 3 0xffffffbc mem 0x80011a07
core   0: 0x800082ae (0x7a5801a3) sb      t0, 1955(a6)
core   0: 3 0x800082ae (0x7a5801a3) mem 0x80011f8b 0x16
core   0: 0x800082b2 (0x76681823) sh      t1, 1904(a6)
core   0: 3 0x800082b2 (0x76681823) mem 0x80011f58 0x7250
core   0: 0x800082b6 (0x00009a7d) c.andi  a2, -1
core   0: 3 0x800082b6 (0x9a7d) x12 0xfffffff9
core   0: 0x800082b8 (0xb7e80b23) sb      t5, -1162(a6)
core   0: 3 0x800082b8 (0xb7e80b23) mem 0x8001135e 0x0
core   0: 0x800082bc (0x7a081683) lh      a3, 1952(a6)
core   0: 3 0x800082bc (0x7a081683) x13 0x00004243 mem 0x80011f88
core   0: 0x800082c0 (0xc5580fa3) sb      s5, -929(a6)
core   0: 3 0x800082c0 (0xc5580fa3) mem 0x80011447 0xd
core   0: 0x800082c4 (0x00008439) c.srai  s0, 14
core   0: 3 0x800082c4 (0x8439) x 8 0x00000000
core   0: 0x800082c6 (0xd3f84103) lbu     sp, -705(a6)
core   0: 3 0x800082c6 (0xd3f84103) x 2 0x000000dc mem 0x80011527
core   0: 0x800082ca (0x00009e5e) c.add   t3, s7
core   0: 3 0x800082ca (0x9e5e) x28 0x00000000
core   0: 0x800082cc (0xaea85c03) lhu     s8, -1302(a6)
core   0: 3 0x800082cc (0xaea85c03) x24 0x00008889 mem 0x800112d2
core   0: 0x800082d0 (0x007551b3) srl     gp, a0, t2
core   0: 3 0x800082d0 (0x007551b3) x 3 0x00000000
core   0: 0x800082d4 (0x4092d293) srai    t0, t0, 9
core   0: 3 0x800082d4 (0x4092d293) x 5 0x00000000
core   0: 0x800082d8 (0x0000717d) c.addi16sp sp, -16
core   0: 3 0x800082d8 (0x717d) x 2 0x000000cc
core   0: 0x800082da (0xac3ffd13) andi    s10, t6, -1341
core   0: 3 0x800082da (0xac3ffd13) x26 0x00000000
core   0: 0x800082de (0x016c24b3) slt     s1, s8, s6
core   0: 3 0x800082de (0x016c24b3) x 9 0x00000000
core   0: 0x800082e2 (0x00008cb5) c.xor   s1, a3
core   0: 3 0x800082e2 (0x8cb5) x 9 0x00004243
core   0: 0x800082e4 (0x03734433) div     s0, t1, s7
core   0: 3 0x800082e4 (0x03734433) x 8 0xffffffff
core   0: 0x800082e8 (0xe0274b93) xori    s7, a4, -510
core   0: 3 0x800082e8 (0xe0274b93) x23 0xfffffc02
core   0: 0x800082ec (0x00009d26) c.add   s10, s1
core   0: 3 0x800082ec (0x9d26) x26 0x00004243
core   0: 0x800082ee (0x00008111) c.srli  a0, 4
core   0: 3 0x800082ee (0x8111) x10 0x00000000
core   0: 0x800082f0 (0x4c184e83) lbu     t4, 1217(a6)
core   0: 3 0x800082f0 (0x4c184e83) x29 0x00000062 mem 0x80011ca9
core   0: 0x800082f4 (0x0250deb3) divu    t4, ra, t0
core   0: 3 0x800082f4 (0x0250deb3) x29 0xffffffff
core   0: 0x800082f8 (0xd5b81523) sh      s11, -694(a6)
core   0: 3 0x800082f8 (0xd5b81523) mem 0x80011532 0x9ce4
core   0: 0x800082fc (0x8bd80503) lb      a0, -1859(a6)
core   0: 3 0x800082fc (0x8bd80503) x10 0x0000005e mem 0x800110a5
core   0: 0x80008300 (0x00001d94) c.addi4spn a3, sp, 752
core   0: 3 0x80008300 (0x1d94) x13 0x000003bc
core   0: 0x80008302 (0x01f5fd33) and     s10, a1, t6
core   0: 3 0x80008302 (0x01f5fd33) x26 0x00000000
core   0: 0x80008306 (0xdd180503) lb      a0, -559(a6)
core   0: 3 0x80008306 (0xdd180503) x10 0x00000072 mem 0x800115b9
core   0: 0x8000830a (0x30b84303) lbu     t1, 779(a6)
core   0: 3 0x8000830a (0x30b84303) x 6 0x000000a8 mem 0x80011af3
core   0: 0x8000830e (0xb7081523) sh      a6, -1174(a6)
core   0: 3 0x8000830e (0xb7081523) mem 0x80011352 0x17e8
core   0: 0x80008312 (0xc1885503) lhu     a0, -1000(a6)
core   0: 3 0x80008312 (0xc1885503) x10 0x0000babb mem 0x80011400
core   0: 0x80008316 (0x02aea3b3) mulhsu  t2, t4, a0
core   0: 3 0x80008316 (0x02aea3b3) x 7 0xffffffff
core   0: 0x8000831a (0x00000fe9) c.addi  t6, 26
core   0: 3 0x8000831a (0x0fe9) x31 0x0000001a
core   0: 0x8000831c (0x00009ada) c.add   s5, s6
core   0: 3 0x8000831c (0x9ada) x21 0x80025d71
core   0: 0x8000831e (0x66881703) lh      a4, 1640(a6)
core   0: 3 0x8000831e (0x66881703) x14 0x00000a0b mem 0x80011e50
core   0: 0x80008322 (0xc4784783) lbu     a5, -953(a6)
core   0: 3 0x80008322 (0xc4784783) x15 0x000000e4 mem 0x8001142f
core   0: 0x80008326 (0x000015fd) c.addi  a1, -1
core   0: 3 0x80008326 (0x15fd) x11 0x00000069
core   0: 0x80008328 (0x417886b3) sub     a3, a7, s7
core   0: 3 0x80008328 (0x417886b3) x13 0x000003fe
core   0: 0x8000832c (0xfe882083) lw      ra, -24(a6)
core   0: 3 0x8000832c (0xfe882083) x 1 0x88898a8b mem 0x800117d0
core   0: 0x80008330 (0x0000916e) c.add   sp, s11
core   0: 3 0x80008330 (0x916e) x 2 0x80029db0
core   0: 0x80008332 (0x9a980503) lb      a0, -1623(a6)
core   0: 3 0x80008332 (0x9a980503) x10 0x0000004a mem 0x80011191
core   0: 0x80008336 (0x02ef2cb3) mulhsu  s9, t5, a4
core   0: 3 0x80008336 (0x02ef2cb3) x25 0x00000000
core   0: 0x8000833a (0x749808a3) sb      s1, 1873(a6)
core   0: 3 0x8000833a (0x749808a3) mem 0x80011f39 0x43
core   0: 0x8000833e (0x4f6809a3) sb      s6, 1267(a6)
core   0: 3 0x8000833e (0x4f6809a3) mem 0x80011cdb 0x64
core   0: 0x80008342 (0x2db3fe13) andi    t3, t2, 731
core   0: 3 0x80008342 (0x2db3fe13) x28 0x000002db
core   0: 0x80008346 (0x30d81623) sh      a3, 780(a6)
core   0: 3 0x80008346 (0x30d81623) mem 0x80011af4 0x03fe
core   0: 0x8000834a (0x55281a03) lh      s4, 1362(a6)
core   0: 3 0x8000834a (0x55281a03) x20 0xfffff0f1 mem 0x80011d3a
core   0: 0x8000834e (0xa3c80583) lb      a1, -1476(a6)
core   0: 3 0x8000834e (0xa3c80583) x11 0x0000001f mem 0x80011224
core   0: 0x80008352 (0x5cd80f03) lb      t5, 1485(a6)
core   0: 3 0x80008352 (0x5cd80f03) x30 0x0000006e mem 0x80011db5
core   0: 0x80008356 (0x3da81203) lh      tp, 986(a6)
core   0: 3 0x80008356 (0x3da81203) x 4 0x00007879 mem 0x80011bc2
core   0: 0x8000835a (0x77e80ba3) sb      t5, 1911(a6)
core   0: 3 0x8000835a (0x77e80ba3) mem 0x80011f5f 0x6e
core   0: 0x8000835e (0xd8384c83) lbu     s9, -637(a6)
core   0: 3 0x8000835e (0xd8384c83) x25 0x00000020 mem 0x8001156b
core   0: 0x80008362 (0x4042d613) srai    a2, t0, 4
core   0: 3 0x80008362 (0x4042d613) x12 0x00000000
core   0: 0x80008366 (0x00000001) c.nop
core   0: 3 0x80008366 (0x0001)
core   0: 0x80008368 (0x03320c63) beq     tp, s3, pc + 56
core   0: 3 0x80008368 (0x03320c63)
core   0: 0x8000836c (0x00008f65) c.and   a4, s1
core   0: 3 0x8000836c (0x8f65) x14 0x00000203
core   0: 0x8000836e (0x0000e88d) c.bnez  s1, pc + 50
core   0: 3 0x8000836e (0xe88d)
core   0: 0x800083a0 (0x03bb4ab3) div     s5, s6, s11
core   0: 3 0x800083a0 (0x03bb4ab3) x21 0x00000001
core   0: 0x800083a4 (0x40985013) srai    zero, a6, 9
core   0: 3 0x800083a4 (0x40985013)
core   0: 0x800083a8 (0x0000717d) c.addi16sp sp, -16
core   0: 3 0x800083a8 (0x717d) x 2 0x80029da0
core   0: 0x800083aa (0x00b99c33) sll     s8, s3, a1
core   0: 3 0x800083aa (0x00b99c33) x24 0x00000000
core   0: 0x800083ae (0x000054fd) c.li    s1, -1
core   0: 3 0x800083ae (0x54fd) x 9 0xffffffff
core   0: 0x800083b0 (0x0000cd1d) c.beqz  a0, pc + 62
core   0: 3 0x800083b0 (0xcd1d)
core   0: 0x800083b2 (0x0ff0000f) fence   iorw,iorw
core   0: 3 0x800083b2 (0x0ff0000f)
core   0: 0x800083b6 (0x000082b1) c.srli  a3, 12
core   0: 3 0x800083b6 (0x82b1) x13 0x00000000
core   0: 0x800083b8 (0x00482ab3) slt     s5, a6, tp
core   0: 3 0x800083b8 (0x00482ab3) x21 0x00000001
core   0: 0x800083bc (0x01634d63) blt     t1, s6, pc + 26
core   0: 3 0x800083bc (0x01634d63)
core   0: 0x800083c0 (0x00000a98) c.addi4spn a4, sp, 336
core   0: 3 0x800083c0 (0x0a98) x14 0x80029ef0
core   0: 0x800083c2 (0x037d4763) blt     s10, s7, pc + 46
core   0: 3 0x800083c2 (0x037d4763)
core   0: 0x800083c6 (0x02e5c0b3) div     ra, a1, a4
core   0: 3 0x800083c6 (0x02e5c0b3) x 1 0x00000000
core   0: 0x800083ca (0x01db3933) sltu    s2, s6, t4
core   0: 3 0x800083ca (0x01db3933) x18 0x00000001
core   0: 0x800083ce (0x01a8e563) bltu    a7, s10, pc + 10
core   0: 3 0x800083ce (0x01a8e563)
core   0: 0x800083d2 (0x02d61eb3) mulh    t4, a2, a3
core   0: 3 0x800083d2 (0x02d61eb3) x29 0x00000000
core   0: 0x800083d6 (0x00000001) c.nop
core   0: 3 0x800083d6 (0x0001)
core   0: 0x800083d8 (0x71bcf093) andi    ra, s9, 1819
core   0: 3 0x800083d8 (0x71bcf093) x 1 0x00000000
core   0: 0x800083dc (0x00008b9a) c.mv    s7, t1
core   0: 3 0x800083dc (0x8b9a) x23 0x000000a8
core   0: 0x800083de (0x0000059a) c.slli  a1, 6
core   0: 3 0x800083de (0x059a) x11 0x000007c0
core   0: 0x800083e0 (0x015b53b3) srl     t2, s6, s5
core   0: 3 0x800083e0 (0x015b53b3) x 7 0x40012f32
core   0: 0x800083e4 (0x0ff0000f) fence   iorw,iorw
core   0: 3 0x800083e4 (0x0ff0000f)
core   0: 0x800083e8 (0xaf0af713) andi    a4, s5, -1296
core   0: 3 0x800083e8 (0xaf0af713) x14 0x00000000
core   0: 0x800083ec (0x000085fd) c.srai  a1, 31
core   0: 3 0x800083ec (0x85fd) x11 0x00000000
core   0: 0x800083ee (0x00004469) c.li    s0, 26
core   0: 3 0x800083ee (0x4469) x 8 0x0000001a
core   0: 0x800083f0 (0x000083d9) c.srli  a5, 22
core   0: 3 0x800083f0 (0x83d9) x15 0x00000000
core   0: 0x800083f2 (0x02e27063) bgeu    tp, a4, pc + 32
core   0: 3 0x800083f2 (0x02e27063)
core   0: 0x80008412 (0x00005f7d) c.li    t5, -1
core   0: 3 0x80008412 (0x5f7d) x30 0xffffffff
core   0: 0x80008414 (0x402cd733) sra     a4, s9, sp
core   0: 3 0x80008414 (0x402cd733) x14 0x00000020
core   0: 0x80008418 (0x03148b63) beq     s1, a7, pc + 54
core   0: 3 0x80008418 (0x03148b63)
core   0: 0x8000841c (0x01d29533) sll     a0, t0, t4
core   0: 3 0x8000841c (0x01d29533) x10 0x00000000
core   0: 0x80008420 (0x03aed333) divu    t1, t4, s10
core   0: 3 0x80008420 (0x03aed333) x 6 0xffffffff
core   0: 0x80008424 (0xc7c9c713) xori    a4, s3, -900
core   0: 3 0x80008424 (0xc7c9c713) x14 0xfffffc74
core   0: 0x80008428 (0x04d3e063) bltu    t2, a3, pc + 64
core   0: 3 0x80008428 (0x04d3e063)
core   0: 0x8000842c (0x16182713) slti    a4, a6, 353
core   0: 3 0x8000842c (0x16182713) x14 0x00000001
core   0: 0x80008430 (0x000096c2) c.add   a3, a6
core   0: 3 0x80008430 (0x96c2) x13 0x800117e8
core   0: 0x80008432 (0x02fb12b3) mulh    t0, s6, a5
core   0: 3 0x80008432 (0x02fb12b3) x 5 0x00000000
core   0: 0x80008436 (0x0000e705) c.bnez  a4, pc + 40
core   0: 3 0x80008436 (0xe705)
core   0: 0x8000845e (0x00b303b3) add     t2, t1, a1
core   0: 3 0x8000845e (0x00b303b3) x 7 0xffffffff
core   0: 0x80008462 (0x00008fed) c.and   a5, a1
core   0: 3 0x80008462 (0x8fed) x15 0x00000000
core   0: 0x80008464 (0x01f41693) slli    a3, s0, 31
core   0: 3 0x80008464 (0x01f41693) x13 0x00000000
core   0: 0x80008468 (0x0081d963) bge     gp, s0, pc + 18
core   0: 3 0x80008468 (0x0081d963)
core   0: 0x8000846c (0x00006245) c.lui   tp, 0x11
core   0: 3 0x8000846c (0x6245) x 4 0x00011000
core   0: 0x8000846e (0x00000eb1) c.addi  t4, 12
core   0: 3 0x8000846e (0x0eb1) x29 0x0000000c
core   0: 0x80008470 (0x00000001) c.nop
core   0: 3 0x80008470 (0x0001)
core   0: 0x80008472 (0x92d6ff13) andi    t5, a3, -1747
core   0: 3 0x80008472 (0x92d6ff13) x30 0x00000000
core   0: 0x80008476 (0x01dc43b3) xor     t2, s8, t4
core   0: 3 0x80008476 (0x01dc43b3) x 7 0x0000000c
core   0: 0x8000847a (0x2a968117) auipc   sp, 0x2a968
core   0: 3 0x8000847a (0x2a968117) x 2 0xaa97047a
core   0: 0x8000847e (0x00008169) c.srli  a0, 26
core   0: 3 0x8000847e (0x8169) x10 0x00000000
core   0: 0x80008480 (0x03398033) mul     zero, s3, s3
core   0: 3 0x80008480 (0x03398033)
core   0: 0x80008484 (0x00000001) c.nop
core   0: 3 0x80008484 (0x0001)
core   0: 0x80008486 (0x00009bda) c.add   s7, s6
core   0: 3 0x80008486 (0x9bda) x23 0x80025f0c
core   0: 0x80008488 (0x75d83813) sltiu   a6, a6, 1885
core   0: 3 0x80008488 (0x75d83813) x16 0x00000000
core   0: 0x8000848c (0x01bf21b3) slt     gp, t5, s11
core   0: 3 0x8000848c (0x01bf21b3) x 3 0x00000000
core   0: 0x80008490 (0x00905913) srli    s2, zero, 9
core   0: 3 0x80008490 (0x00905913) x18 0x00000000
core   0: 0x80008494 (0x0000018a) c.slli  gp, 2
core   0: 3 0x80008494 (0x018a) x 3 0x00000000
core   0: 0x80008496 (0x00008de5) c.and   a1, s1
core   0: 3 0x80008496 (0x8de5) x11 0x00000000
core   0: 0x80008498 (0x4115dd33) sra     s10, a1, a7
core   0: 3 0x80008498 (0x4115dd33) x26 0x00000000
core   0: 0x8000849c (0x00000001) c.nop
core   0: 3 0x8000849c (0x0001)
core   0: 0x8000849e (0x00001908) c.addi4spn a0, sp, 176
core   0: 3 0x8000849e (0x1908) x10 0xaa97052a
core   0: 0x800084a0 (0x0094cf33) xor     t5, s1, s1
core   0: 3 0x800084a0 (0x0094cf33) x30 0x00000000
core   0: 0x800084a4 (0x41865793) srai    a5, a2, 24
core   0: 3 0x800084a4 (0x41865793) x15 0x00000000
core   0: 0x800084a8 (0x000088e1) c.andi  s1, 24
core   0: 3 0x800084a8 (0x88e1) x 9 0x00000018
core   0: 0x800084aa (0x0000100f) fence.i
core   0: 3 0x800084aa (0x0000100f)
core   0: 0x800084ae (0x36025a37) lui     s4, 0x36025
core   0: 3 0x800084ae (0x36025a37) x20 0x36025000
core   0: 0x800084b2 (0x013e1a33) sll     s4, t3, s3
core   0: 3 0x800084b2 (0x013e1a33) x20 0x0002db00
core   0: 0x800084b6 (0x01ab9433) sll     s0, s7, s10
core   0: 3 0x800084b6 (0x01ab9433) x 8 0x80025f0c
core   0: 0x800084ba (0x418bd1b3) sra     gp, s7, s8
core   0: 3 0x800084ba (0x418bd1b3) x 3 0x80025f0c
core   0: 0x800084be (0x00000514) c.addi4spn a3, sp, 640
core   0: 3 0x800084be (0x0514) x13 0xaa9706fa
core   0: 0x800084c0 (0x00008489) c.srai  s1, 2
core   0: 3 0x800084c0 (0x8489) x 9 0x00000006
core   0: 0x800084c2 (0x00008c19) c.sub   s0, a4
core   0: 3 0x800084c2 (0x8c19) x 8 0x80025f0b
core   0: 0x800084c4 (0x000067a9) c.lui   a5, 0xa
core   0: 3 0x800084c4 (0x67a9) x15 0x0000a000
core   0: 0x800084c6 (0x00000001) c.nop
core   0: 3 0x800084c6 (0x0001)
core   0: 0x800084c8 (0x00605263) bge     zero, t1, pc + 4
core   0: 3 0x800084c8 (0x00605263)
core   0: 0x800084cc (0x0000612d) c.addi16sp sp, 224
core   0: 3 0x800084cc (0x612d) x 2 0xaa97055a
core   0: 0x800084ce (0x01a60bb3) add     s7, a2, s10
core   0: 3 0x800084ce (0x01a60bb3) x23 0x00000000
core   0: 0x800084d2 (0x00492a33) slt     s4, s2, tp
core   0: 3 0x800084d2 (0x00492a33) x20 0x00000001
core   0: 0x800084d6 (0x0000100f) fence.i
core   0: 3 0x800084d6 (0x0000100f)
core   0: 0x800084da (0x00008c41) c.or    s0, s0
core   0: 3 0x800084da (0x8c41) x 8 0x80025f0b
core   0: 0x800084dc (0x03494fb3) div     t6, s2, s4
core   0: 3 0x800084dc (0x03494fb3) x31 0x00000000
core   0: 0x800084e0 (0x0000c595) c.beqz  a1, pc + 44
core   0: 3 0x800084e0 (0xc595)
core   0: 0x8000850c (0x001cefb3) or      t6, s9, ra
core   0: 3 0x8000850c (0x001cefb3) x31 0x00000020
core   0: 0x80008510 (0x00f09913) slli    s2, ra, 15
core   0: 3 0x80008510 (0x00f09913) x18 0x00000000
core   0: 0x80008514 (0x00006135) c.addi16sp sp, 352
core   0: 3 0x80008514 (0x6135) x 2 0xaa9706ba
core   0: 0x80008516 (0x36dc1c97) auipc   s9, 0x36dc1
core   0: 3 0x80008516 (0x36dc1c97) x25 0xb6dc9516
core   0: 0x8000851a (0x000087e9) c.srai  a5, 26
core   0: 3 0x8000851a (0x87e9) x15 0x00000000
core   0: 0x8000851c (0x00006249) c.lui   tp, 0x12
core   0: 3 0x8000851c (0x6249) x 4 0x00012000
core   0: 0x8000851e (0x00004f49) c.li    t5, 18
core   0: 3 0x8000851e (0x4f49) x30 0x00000012
core   0: 0x80008520 (0x012a9933) sll     s2, s5, s2
core   0: 3 0x80008520 (0x012a9933) x18 0x00000001
core   0: 0x80008524 (0x000089cd) c.andi  a1, 19
core   0: 3 0x80008524 (0x89cd) x11 0x00000000
core   0: 0x80008526 (0x00000001) c.nop
core   0: 3 0x80008526 (0x0001)
core   0: 0x80008528 (0x01b99a93) slli    s5, s3, 27
core   0: 3 0x80008528 (0x01b99a93) x21 0x40000000
core   0: 0x8000852c (0x016727b3) slt     a5, a4, s6
core   0: 3 0x8000852c (0x016727b3) x15 0x00000000
core   0: 0x80008530 (0x00008ced) c.and   s1, a1
core   0: 3 0x80008530 (0x8ced) x 9 0x00000000
core   0: 0x80008532 (0xdae4ea93) ori     s5, s1, -594
core   0: 3 0x80008532 (0xdae4ea93) x21 0xfffffdae
core   0: 0x80008536 (0x9554c0b7) lui     ra, 0x9554c
core   0: 3 0x80008536 (0x9554c0b7) x 1 0x9554c000
core   0: 0x8000853a (0x00009c62) c.add   s8, s8
core   0: 3 0x8000853a (0x9c62) x24 0x00000000
core   0: 0x8000853c (0x00006475) c.lui   s0, 0x1d
core   0: 3 0x8000853c (0x6475) x 8 0x0001d000
core   0: 0x8000853e (0x00008ce1) c.and   s1, s0
core   0: 3 0x8000853e (0x8ce1) x 9 0x00000000
core   0: 0x80008540 (0x03ee9d33) mulh    s10, t4, t5
core   0: 3 0x80008540 (0x03ee9d33) x26 0x00000000
core   0: 0x80008544 (0xee071ab7) lui     s5, 0xee071
core   0: 3 0x80008544 (0xee071ab7) x21 0xee071000
core   0: 0x80008548 (0x0ff0000f) fence   iorw,iorw
core   0: 3 0x80008548 (0x0ff0000f)
core   0: 0x8000854c (0x01c18cb3) add     s9, gp, t3
core   0: 3 0x8000854c (0x01c18cb3) x25 0x800261e7
core   0: 0x80008550 (0x016bac33) slt     s8, s7, s6
core   0: 3 0x80008550 (0x016bac33) x24 0x00000000
core   0: 0x80008554 (0x00006655) c.lui   a2, 0x15
core   0: 3 0x80008554 (0x6655) x12 0x00015000
core   0: 0x80008556 (0x00008a3e) c.mv    s4, a5
core   0: 3 0x80008556 (0x8a3e) x20 0x00000000
core   0: 0x80008558 (0x0125b2b3) sltu    t0, a1, s2
core   0: 3 0x80008558 (0x0125b2b3) x 5 0x00000001
core   0: 0x8000855c (0x03652a33) mulhsu  s4, a0, s6
core   0: 3 0x8000855c (0x03652a33) x20 0xd54ab845
core   0: 0x80008560 (0x0000100f) fence.i
core   0: 3 0x80008560 (0x0000100f)
core   0: 0x80008564 (0x0000ef01) c.bnez  a4, pc + 24
core   0: 3 0x80008564 (0xef01)
core   0: 0x8000857c (0x00000001) c.nop
core   0: 3 0x8000857c (0x0001)
core   0: 0x8000857e (0x7b37bc13) sltiu   s8, a5, 1971
core   0: 3 0x8000857e (0x7b37bc13) x24 0x00000001
core   0: 0x80008582 (0xecfa6e93) ori     t4, s4, -305
core   0: 3 0x80008582 (0xecfa6e93) x29 0xfffffecf
core   0: 0x80008586 (0x00000001) c.nop
core   0: 3 0x80008586 (0x0001)
core   0: 0x80008588 (0x03236863) bltu    t1, s2, pc + 48
core   0: 3 0x80008588 (0x03236863)
core   0: 0x8000858c (0xcfc6b897) auipc   a7, 0xcfc6b
core   0: 3 0x8000858c (0xcfc6b897) x17 0x4fc7358c
core   0: 0x80008590 (0x00008dad) c.xor   a1, a1
core   0: 3 0x80008590 (0x8dad) x11 0x00000000
core   0: 0x80008592 (0xb7f5e913) ori     s2, a1, -1153
core   0: 3 0x80008592 (0xb7f5e913) x18 0xfffffb7f
core   0: 0x80008596 (0x0000611d) c.addi16sp sp, 416
core   0: 3 0x80008596 (0x611d) x 2 0xaa97085a
core   0: 0x80008598 (0x00000001) c.nop
core   0: 3 0x80008598 (0x0001)
core   0: 0x8000859a (0x0000100f) fence.i
core   0: 3 0x8000859a (0x0000100f)
core   0: 0x8000859e (0x00000001) c.nop
core   0: 3 0x8000859e (0x0001)
core   0: 0x800085a0 (0x00008b3d) c.andi  a4, 15
core   0: 3 0x800085a0 (0x8b3d) x14 0x00000001
core   0: 0x800085a2 (0x02176f63) bltu    a4, ra, pc + 62
core   0: 3 0x800085a2 (0x02176f63)
core   0: 0x800085e0 (0x00008d95) c.sub   a1, a3
core   0: 3 0x800085e0 (0x8d95) x11 0x5568f906
core   0: 0x800085e2 (0x00008c05) c.sub   s0, s1
core   0: 3 0x800085e2 (0x8c05) x 8 0x0001d000
core   0: 0x800085e4 (0x4064d413) srai    s0, s1, 6
core   0: 3 0x800085e4 (0x4064d413) x 8 0x00000000
core   0: 0x800085e8 (0x015d20b3) slt     ra, s10, s5
core   0: 3 0x800085e8 (0x015d20b3) x 1 0x00000000
core   0: 0x800085ec (0x03bacf33) div     t5, s5, s11
core   0: 3 0x800085ec (0x03bacf33) x30 0x00000000
core   0: 0x800085f0 (0x010cef33) or      t5, s9, a6
core   0: 3 0x800085f0 (0x010cef33) x30 0x800261e7
core   0: 0x800085f4 (0x00abdb93) srli    s7, s7, 10
core   0: 3 0x800085f4 (0x00abdb93) x23 0x00000000
core   0: 0x800085f8 (0x41485f93) srai    t6, a6, 20
core   0: 3 0x800085f8 (0x41485f93) x31 0x00000000
core   0: 0x800085fc (0x03ba4b63) blt     s4, s11, pc + 54
core   0: 3 0x800085fc (0x03ba4b63)
core   0: 0x80008600 (0x00004529) c.li    a0, 10
core   0: 3 0x80008600 (0x4529) x10 0x0000000a
core   0: 0x80008602 (0x023cac33) mulhsu  s8, s9, gp
core   0: 3 0x80008602 (0x023cac33) x24 0xc0000173
core   0: 0x80008606 (0x000058fd) c.li    a7, -1
core   0: 3 0x80008606 (0x58fd) x17 0xffffffff
core   0: 0x80008608 (0x0223d3b3) divu    t2, t2, sp
core   0: 3 0x80008608 (0x0223d3b3) x 7 0x00000000
core   0: 0x8000860c (0x00ea5f13) srli    t5, s4, 14
core   0: 3 0x8000860c (0x00ea5f13) x30 0x0003552a
core   0: 0x80008610 (0x0000861e) c.mv    a2, t2
core   0: 3 0x80008610 (0x861e) x12 0x00000000
core   0: 0x80008612 (0x03454933) div     s2, a0, s4
core   0: 3 0x80008612 (0x03454933) x18 0x00000000
core   0: 0x80008616 (0x00fec513) xori    a0, t4, 15
core   0: 3 0x80008616 (0x00fec513) x10 0xfffffec0
core   0: 0x8000861a (0x0000e689) c.bnez  a3, pc + 10
core   0: 3 0x8000861a (0xe689)
core   0: 0x80008624 (0xeaafb713) sltiu   a4, t6, -342
core   0: 3 0x80008624 (0xeaafb713) x14 0x00000001
core   0: 0x80008628 (0x00008031) c.srli  s0, 12
core   0: 3 0x80008628 (0x8031) x 8 0x00000000
core   0: 0x8000862a (0x00000001) c.nop
core   0: 3 0x8000862a (0x0001)
core   0: 0x8000862c (0x01d4a333) slt     t1, s1, t4
core   0: 3 0x8000862c (0x01d4a333) x 6 0x00000000
core   0: 0x80008630 (0x000086ce) c.mv    a3, s3
core   0: 3 0x80008630 (0x86ce) x13 0x00000008
core   0: 0x80008632 (0x01ab7133) and     sp, s6, s10
core   0: 3 0x80008632 (0x01ab7133) x 2 0x00000000
core   0: 0x80008636 (0x0ff0000f) fence   iorw,iorw
core   0: 3 0x80008636 (0x0ff0000f)
core   0: 0x8000863a (0x028c3e33) mulhu   t3, s8, s0
core   0: 3 0x8000863a (0x028c3e33) x28 0x00000000
core   0: 0x8000863e (0x015bbd33) sltu    s10, s7, s5
core   0: 3 0x8000863e (0x015bbd33) x26 0x00000001
core   0: 0x80008642 (0x00bf9693) slli    a3, t6, 11
core   0: 3 0x80008642 (0x00bf9693) x13 0x00000000
core   0: 0x80008646 (0x00000ece) c.slli  t4, 19
core   0: 3 0x80008646 (0x0ece) x29 0xf6780000
core   0: 0x80008648 (0x0000863e) c.mv    a2, a5
core   0: 3 0x80008648 (0x863e) x12 0x00000000
core   0: 0x8000864a (0x00295a93) srli    s5, s2, 2
core   0: 3 0x8000864a (0x00295a93) x21 0x00000000
core   0: 0x8000864e (0x00008da1) c.xor   a1, s0
core   0: 3 0x8000864e (0x8da1) x11 0x5568f906
core   0: 0x80008650 (0x4079d033) sra     zero, s3, t2
core   0: 3 0x80008650 (0x4079d033)
core   0: 0x80008654 (0x0ff0000f) fence   iorw,iorw
core   0: 3 0x80008654 (0x0ff0000f)
core   0: 0x80008658 (0x03908033) mul     zero, ra, s9
core   0: 3 0x80008658 (0x03908033)
core   0: 0x8000865c (0x03e41eb3) mulh    t4, s0, t5
core   0: 3 0x8000865c (0x03e41eb3) x29 0x00000000
core   0: 0x80008660 (0x00000001) c.nop
core   0: 3 0x80008660 (0x0001)
core   0: 0x80008662 (0x0283f533) remu    a0, t2, s0
core   0: 3 0x80008662 (0x0283f533) x10 0x00000000
core   0: 0x80008666 (0x0000100f) fence.i
core   0: 3 0x80008666 (0x0000100f)
core   0: 0x8000866a (0x0cce9017) auipc   zero, 0xcce9
core   0: 3 0x8000866a (0x0cce9017)
core   0: 0x8000866e (0x00000576) c.slli  a0, 29
core   0: 3 0x8000866e (0x0576) x10 0x00000000
core   0: 0x80008670 (0x01321913) slli    s2, tp, 19
core   0: 3 0x80008670 (0x01321913) x18 0x00000000
core   0: 0x80008674 (0x00009b7d) c.andi  a4, -1
core   0: 3 0x80008674 (0x9b7d) x14 0x00000001
core   0: 0x80008676 (0x4f583113) sltiu   sp, a6, 1269
core   0: 3 0x80008676 (0x4f583113) x 2 0x00000001
core   0: 0x8000867a (0x01517433) and     s0, sp, s5
core   0: 3 0x8000867a (0x01517433) x 8 0x00000000
core   0: 0x8000867e (0x00008d11) c.sub   a0, a2
core   0: 3 0x8000867e (0x8d11) x10 0x00000000
core   0: 0x80008680 (0x00008e81) c.sub   a3, s0
core   0: 3 0x80008680 (0x8e81) x13 0x00000000
core   0: 0x80008682 (0x0ff0000f) fence   iorw,iorw
core   0: 3 0x80008682 (0x0ff0000f)
core   0: 0x80008686 (0x0ff0000f) fence   iorw,iorw
core   0: 3 0x80008686 (0x0ff0000f)
core   0: 0x8000868a (0x00006139) c.addi16sp sp, 448
core   0: 3 0x8000868a (0x6139) x 2 0x000001c1
core   0: 0x8000868c (0x00000001) c.nop
core   0: 3 0x8000868c (0x0001)
core   0: 0x8000868e (0x02eecbb3) div     s7, t4, a4
core   0: 3 0x8000868e (0x02eecbb3) x23 0x00000000
core   0: 0x80008692 (0x000085ad) c.srai  a1, 11
core   0: 3 0x80008692 (0x85ad) x11 0x000aad1f
core   0: 0x80008694 (0xaf1c9437) lui     s0, 0xaf1c9
core   0: 3 0x80008694 (0xaf1c9437) x 8 0xaf1c9000
core   0: 0x80008698 (0x01e95a63) bge     s2, t5, pc + 20
core   0: 3 0x80008698 (0x01e95a63)
core   0: 0x8000869c (0x00000001) c.nop
core   0: 3 0x8000869c (0x0001)
core   0: 0x8000869e (0x00701413) slli    s0, zero, 7
core   0: 3 0x8000869e (0x00701413) x 8 0x00000000
core   0: 0x800086a2 (0x0000940e) c.add   s0, gp
core   0: 3 0x800086a2 (0x940e) x 8 0x80025f0c
core   0: 0x800086a4 (0x0000fd63) bgeu    ra, zero, pc + 26
core   0: 3 0x800086a4 (0x0000fd63)
core   0: 0x800086be (0x0000615d) c.addi16sp sp, 432
core   0: 3 0x800086be (0x615d) x 2 0x00000371
core   0: 0x800086c0 (0x0000100f) fence.i
core   0: 3 0x800086c0 (0x0000100f)
core   0: 0x800086c4 (0x28b48093) addi    ra, s1, 651
core   0: 3 0x800086c4 (0x28b48093) x 1 0x0000028b
core   0: 0x800086c8 (0x000001dd) c.addi  gp, 23
core   0: 3 0x800086c8 (0x01dd) x 3 0x80025f23
core   0: 0x800086ca (0x0024ecb3) or      s9, s1, sp
core   0: 3 0x800086ca (0x0024ecb3) x25 0x00000371
core   0: 0x800086ce (0x03cef3b3) remu    t2, t4, t3
core   0: 3 0x800086ce (0x03cef3b3) x 7 0x00000000
core   0: 0x800086d2 (0x005b6033) or      zero, s6, t0
core   0: 3 0x800086d2 (0x005b6033)
core   0: 0x800086d6 (0x00001218) c.addi4spn a4, sp, 288
core   0: 3 0x800086d6 (0x1218) x14 0x00000491
core   0: 0x800086d8 (0x41525533) sra     a0, tp, s5
core   0: 3 0x800086d8 (0x41525533) x10 0x00012000
core   0: 0x800086dc (0x000083c5) c.srli  a5, 17
core   0: 3 0x800086dc (0x83c5) x15 0x00000000
core   0: 0x800086de (0xebeb1037) lui     zero, 0xebeb1
core   0: 3 0x800086de (0xebeb1037)
core   0: 0x800086e2 (0x00009afd) c.andi  a3, -1
core   0: 3 0x800086e2 (0x9afd) x13 0x00000000
core   0: 0x800086e4 (0x99984713) xori    a4, a6, -1639
core   0: 3 0x800086e4 (0x99984713) x14 0xfffff999
core   0: 0x800086e8 (0x031e8bb3) mul     s7, t4, a7
core   0: 3 0x800086e8 (0x031e8bb3) x23 0x00000000
core   0: 0x800086ec (0x03846533) rem     a0, s0, s8
core   0: 3 0x800086ec (0x03846533) x10 0xc0025d99
core   0: 0x800086f0 (0xccc9e793) ori     a5, s3, -820
core   0: 3 0x800086f0 (0xccc9e793) x15 0xfffffccc
core   0: 0x800086f4 (0x00008c71) c.and   s0, a2
core   0: 3 0x800086f4 (0x8c71) x 8 0x00000000
core   0: 0x800086f6 (0x02824e63) blt     tp, s0, pc + 60
core   0: 3 0x800086f6 (0x02824e63)
core   0: 0x800086fa (0x00008c1d) c.sub   s0, a5
core   0: 3 0x800086fa (0x8c1d) x 8 0x00000334
core   0: 0x800086fc (0x0000100f) fence.i
core   0: 3 0x800086fc (0x0000100f)
core   0: 0x80008700 (0x033b5d63) bge     s6, s3, pc + 58
core   0: 3 0x80008700 (0x033b5d63)
core   0: 0x80008704 (0x0000c781) c.beqz  a5, pc + 8
core   0: 3 0x80008704 (0xc781)
core   0: 0x80008706 (0x00008391) c.srli  a5, 4
core   0: 3 0x80008706 (0x8391) x15 0x0fffffcc
core   0: 0x80008708 (0x41525c93) srai    s9, tp, 21
core   0: 3 0x80008708 (0x41525c93) x25 0x00000000
core   0: 0x8000870c (0x02df9f33) mulh    t5, t6, a3
core   0: 3 0x8000870c (0x02df9f33) x30 0x00000000
core   0: 0x80008710 (0x03128563) beq     t0, a7, pc + 42
core   0: 3 0x80008710 (0x03128563)
core   0: 0x80008714 (0x00e87eb3) and     t4, a6, a4
core   0: 3 0x80008714 (0x00e87eb3) x29 0x00000000
core   0: 0x80008718 (0x00004111) c.li    sp, 4
core   0: 3 0x80008718 (0x4111) x 2 0x00000004
core   0: 0x8000871a (0x84a83293) sltiu   t0, a6, -1974
core   0: 3 0x8000871a (0x84a83293) x 5 0x00000001
core   0: 0x8000871e (0x00509833) sll     a6, ra, t0
core   0: 3 0x8000871e (0x00509833) x16 0x00000516
core   0: 0x80008722 (0x00e8df93) srli    t6, a7, 14
core   0: 3 0x80008722 (0x00e8df93) x31 0x0003ffff
core   0: 0x80008726 (0x009bd313) srli    t1, s7, 9
core   0: 3 0x80008726 (0x009bd313) x 6 0x00000000
core   0: 0x8000872a (0x0007c8b3) xor     a7, a5, zero
core   0: 3 0x8000872a (0x0007c8b3) x17 0x0fffffcc
core   0: 0x8000872e (0x0000e005) c.bnez  s0, pc + 32
core   0: 3 0x8000872e (0xe005)
core   0: 0x8000874e (0x01b49f33) sll     t5, s1, s11
core   0: 3 0x8000874e (0x01b49f33) x30 0x00000000
core   0: 0x80008752 (0x40635f13) srai    t5, t1, 6
core   0: 3 0x80008752 (0x40635f13) x30 0x00000000
core   0: 0x80008756 (0x8650bd13) sltiu   s10, ra, -1947
core   0: 3 0x80008756 (0x8650bd13) x26 0x00000001
core   0: 0x8000875a (0x03a1be33) mulhu   t3, gp, s10
core   0: 3 0x8000875a (0x03a1be33) x28 0x00000000
core   0: 0x8000875e (0x41cbde33) sra     t3, s7, t3
core   0: 3 0x8000875e (0x41cbde33) x28 0x00000000
core   0: 0x80008762 (0x00a3cab3) xor     s5, t2, a0
core   0: 3 0x80008762 (0x00a3cab3) x21 0xc0025d99
core   0: 0x80008766 (0x00006255) c.lui   tp, 0x15
core   0: 3 0x80008766 (0x6255) x 4 0x00015000
core   0: 0x80008768 (0x006bbcb3) sltu    s9, s7, t1
core   0: 3 0x80008768 (0x006bbcb3) x25 0x00000000
core   0: 0x8000876c (0x000061dd) c.lui   gp, 0x17
core   0: 3 0x8000876c (0x61dd) x 3 0x00017000
core   0: 0x8000876e (0x00008c35) c.xor   s0, a3
core   0: 3 0x8000876e (0x8c35) x 8 0x00000334
core   0: 0x80008770 (0xd4ece013) ori     zero, s9, -690
core   0: 3 0x80008770 (0xd4ece013)
core   0: 0x80008774 (0x037490b3) mulh    ra, s1, s7
core   0: 3 0x80008774 (0x037490b3) x 1 0x00000000
core   0: 0x80008778 (0x076cc813) xori    a6, s9, 118
core   0: 3 0x80008778 (0x076cc813) x16 0x00000076
core   0: 0x8000877c (0x032cd963) bge     s9, s2, pc + 50
core   0: 3 0x8000877c (0x032cd963)
core   0: 0x800087ae (0x02239763) bne     t2, sp, pc + 46
core   0: 3 0x800087ae (0x02239763)
core   0: 0x800087dc (0xed7c3513) sltiu   a0, s8, -297
core   0: 3 0x800087dc (0xed7c3513) x10 0x00000001
core   0: 0x800087e0 (0x023defb3) rem     t6, s11, gp
core   0: 3 0x800087e0 (0x023defb3) x31 0xffff8ce4
core   0: 0x800087e4 (0x0000ed01) c.bnez  a0, pc + 24
core   0: 3 0x800087e4 (0xed01)
core   0: 0x800087fc (0x00008c71) c.and   s0, a2
core   0: 3 0x800087fc (0x8c71) x 8 0x00000000
core   0: 0x800087fe (0x000082d9) c.srli  a3, 22
core   0: 3 0x800087fe (0x82d9) x13 0x00000000
core   0: 0x80008800 (0x00008375) c.srli  a4, 29
core   0: 3 0x80008800 (0x8375) x14 0x00000007
core   0: 0x80008802 (0x0ff0000f) fence   iorw,iorw
core   0: 3 0x80008802 (0x0ff0000f)
core   0: 0x80008806 (0x401f0233) sub     tp, t5, ra
core   0: 3 0x80008806 (0x401f0233) x 4 0x00000000
core   0: 0x8000880a (0x00008eb5) c.xor   a3, a3
core   0: 3 0x8000880a (0x8eb5) x13 0x00000000
core   0: 0x8000880c (0x00749333) sll     t1, s1, t2
core   0: 3 0x8000880c (0x00749333) x 6 0x00000000
core   0: 0x80008810 (0x0116da13) srli    s4, a3, 17
core   0: 3 0x80008810 (0x0116da13) x20 0x00000000
core   0: 0x80008814 (0x00009466) c.add   s0, s9
core   0: 3 0x80008814 (0x9466) x 8 0x00000000
core   0: 0x80008816 (0x0ff0000f) fence   iorw,iorw
core   0: 3 0x80008816 (0x0ff0000f)
core   0: 0x8000881a (0x01c924b3) slt     s1, s2, t3
core   0: 3 0x8000881a (0x01c924b3) x 9 0x00000000
core   0: 0x8000881e (0xad5af637) lui     a2, 0xad5af
core   0: 3 0x8000881e (0xad5af637) x12 0xad5af000
core   0: 0x80008822 (0x0ff0000f) fence   iorw,iorw
core   0: 3 0x80008822 (0x0ff0000f)
core   0: 0x80008826 (0x0ff0000f) fence   iorw,iorw
core   0: 3 0x80008826 (0x0ff0000f)
core   0: 0x8000882a (0x0089e263) bltu    s3, s0, pc + 4
core   0: 3 0x8000882a (0x0089e263)
core   0: 0x8000882e (0x00348563) beq     s1, gp, pc + 10
core   0: 3 0x8000882e (0x00348563)
core   0: 0x80008832 (0x01409893) slli    a7, ra, 20
core   0: 3 0x80008832 (0x01409893) x17 0x00000000
core   0: 0x80008836 (0x00000eee) c.slli  t4, 27
core   0: 3 0x80008836 (0x0eee) x29 0x00000000
core   0: 0x80008838 (0x0000e19d) c.bnez  a1, pc + 38
core   0: 3 0x80008838 (0xe19d)
core   0: 0x8000885e (0x00e3b1b3) sltu    gp, t2, a4
core   0: 3 0x8000885e (0x00e3b1b3) x 3 0x00000001
core   0: 0x80008862 (0x002d05b3) add     a1, s10, sp
core   0: 3 0x80008862 (0x002d05b3) x11 0x00000005
core   0: 0x80008866 (0x3de9e2b7) lui     t0, 0x3de9e
core   0: 3 0x80008866 (0x3de9e2b7) x 5 0x3de9e000
core   0: 0x8000886a (0x40fe5f93) srai    t6, t3, 15
core   0: 3 0x8000886a (0x40fe5f93) x31 0x00000000
core   0: 0x8000886e (0x0000e915) c.bnez  a0, pc + 52
core   0: 3 0x8000886e (0xe915)
core   0: 0x800088a2 (0x02d027b3) mulhsu  a5, zero, a3
core   0: 3 0x800088a2 (0x02d027b3) x15 0x00000000
core   0: 0x800088a6 (0x414ddbb3) sra     s7, s11, s4
core   0: 3 0x800088a6 (0x414ddbb3) x23 0x80029ce4
core   0: 0x800088aa (0x00000001) c.nop
core   0: 3 0x800088aa (0x0001)
core   0: 0x800088ac (0x00aa6a63) bltu    s4, a0, pc + 20
core   0: 3 0x800088ac (0x00aa6a63)
core   0: 0x800088c0 (0x00000001) c.nop
core   0: 3 0x800088c0 (0x0001)
core   0: 0x800088c2 (0x00008269) c.srli  a2, 26
core   0: 3 0x800088c2 (0x8269) x12 0x0000002b
core   0: 0x800088c4 (0x03cb95b3) mulh    a1, s7, t3
core   0: 3 0x800088c4 (0x03cb95b3) x11 0x00000000
core   0: 0x800088c8 (0x02980cb3) mul     s9, a6, s1
core   0: 3 0x800088c8 (0x02980cb3) x25 0x00000000
core   0: 0x800088cc (0x00008f55) c.or    a4, a3
core   0: 3 0x800088cc (0x8f55) x14 0x00000007
core   0: 0x800088ce (0x00006251) c.lui   tp, 0x14
core   0: 3 0x800088ce (0x6251) x 4 0x00014000
core   0: 0x800088d0 (0xfaab8c13) addi    s8, s7, -86
core   0: 3 0x800088d0 (0xfaab8c13) x24 0x80029c8e
core   0: 0x800088d4 (0x00009f26) c.add   t5, s1
core   0: 3 0x800088d4 (0x9f26) x30 0x00000000
core   0: 0x800088d6 (0x41bb8a33) sub     s4, s7, s11
core   0: 3 0x800088d6 (0x41bb8a33) x20 0x00000000
core   0: 0x800088da (0x00000c35) c.addi  s8, 13
core   0: 3 0x800088da (0x0c35) x24 0x80029c9b
core   0: 0x800088dc (0x013802b3) add     t0, a6, s3
core   0: 3 0x800088dc (0x013802b3) x 5 0x0000007e
core   0: 0x800088e0 (0x00b202b3) add     t0, tp, a1
core   0: 3 0x800088e0 (0x00b202b3) x 5 0x00014000
core   0: 0x800088e4 (0x01ac6763) bltu    s8, s10, pc + 14
core   0: 3 0x800088e4 (0x01ac6763)
core   0: 0x800088e8 (0x0000997d) c.andi  a0, -1
core   0: 3 0x800088e8 (0x997d) x10 0x00000001
core   0: 0x800088ea (0x06488793) addi    a5, a7, 100
core   0: 3 0x800088ea (0x06488793) x15 0x00000064
core   0: 0x800088ee (0x028bfa33) remu    s4, s7, s0
core   0: 3 0x800088ee (0x028bfa33) x20 0x80029ce4
core   0: 0x800088f2 (0x00000001) c.nop
core   0: 3 0x800088f2 (0x0001)
core   0: 0x800088f4 (0x01e34e33) xor     t3, t1, t5
core   0: 3 0x800088f4 (0x01e34e33) x28 0x00000000
core   0: 0x800088f8 (0x0015d913) srli    s2, a1, 1
core   0: 3 0x800088f8 (0x0015d913) x18 0x00000000
core   0: 0x800088fc (0x67869a37) lui     s4, 0x67869
core   0: 3 0x800088fc (0x67869a37) x20 0x67869000
core   0: 0x80008900 (0xfc978c93) addi    s9, a5, -55
core   0: 3 0x80008900 (0xfc978c93) x25 0x0000002d
core   0: 0x80008904 (0x9eb9b613) sltiu   a2, s3, -1557
core   0: 3 0x80008904 (0x9eb9b613) x12 0x00000001
core   0: 0x80008908 (0x0272f133) remu    sp, t0, t2
core   0: 3 0x80008908 (0x0272f133) x 2 0x00014000
core   0: 0x8000890c (0xe7e87213) andi    tp, a6, -386
core   0: 3 0x8000890c (0xe7e87213) x 4 0x00000076
core   0: 0x80008910 (0x000061a1) c.lui   gp, 0x8
core   0: 3 0x80008910 (0x61a1) x 3 0x00008000
core   0: 0x80008912 (0x03c73933) mulhu   s2, a4, t3
core   0: 3 0x80008912 (0x03c73933) x18 0x00000000
core   0: 0x80008916 (0x0975e563) bltu    a1, s7, pc + 138
core   0: 3 0x80008916 (0x0975e563)
core   0: 0x800089a0 (0x0000717d) c.addi16sp sp, -16
core   0: 3 0x800089a0 (0x717d) x 2 0x00013ff0
core   0: 0x800089a2 (0x000081de) c.mv    gp, s7
core   0: 3 0x800089a2 (0x81de) x 3 0x80029ce4
core   0: 0x800089a4 (0x07f3da63) bge     t2, t6, pc + 116
core   0: 3 0x800089a4 (0x07f3da63)
core   0: 0x80008a18 (0x01ff1b63) bne     t5, t6, pc + 22
core   0: 3 0x80008a18 (0x01ff1b63)
core   0: 0x80008a1c (0x0000717d) c.addi16sp sp, -16
core   0: 3 0x80008a1c (0x717d) x 2 0x00013fe0
core   0: 0x80008a1e (0x41d0d413) srai    s0, ra, 29
core   0: 3 0x80008a1e (0x41d0d413) x 8 0x00000000
core   0: 0x80008a22 (0x0000c515) c.beqz  a0, pc + 44
core   0: 3 0x80008a22 (0xc515)
core   0: 0x80008a24 (0x0000801d) c.srli  s0, 7
core   0: 3 0x80008a24 (0x801d) x 8 0x00000000
core   0: 0x80008a26 (0x00000001) c.nop
core   0: 3 0x80008a26 (0x0001)
core   0: 0x80008a28 (0x00006261) c.lui   tp, 0x18
core   0: 3 0x80008a28 (0x6261) x 4 0x00018000
core   0: 0x80008a2a (0x01029d33) sll     s10, t0, a6
core   0: 3 0x80008a2a (0x01029d33) x26 0x00000000
core   0: 0x80008a2e (0x01971113) slli    sp, a4, 25
core   0: 3 0x80008a2e (0x01971113) x 2 0x0e000000
core   0: 0x80008a32 (0x0192d2b3) srl     t0, t0, s9
core   0: 3 0x80008a32 (0x0192d2b3) x 5 0x0000000a
core   0: 0x80008a36 (0x02a8dc63) bge     a7, a0, pc + 56
core   0: 3 0x80008a36 (0x02a8dc63)
core   0: 0x80008a3a (0x01fe0563) beq     t3, t6, pc + 10
core   0: 3 0x80008a3a (0x01fe0563)
core   0: 0x80008a44 (0x015f0c63) beq     t5, s5, pc + 24
core   0: 3 0x80008a44 (0x015f0c63)
core   0: 0x80008a48 (0x40fc6837) lui     a6, 0x40fc6
core   0: 3 0x80008a48 (0x40fc6837) x16 0x40fc6000
core   0: 0x80008a4c (0x00000339) c.addi  t1, 14
core   0: 3 0x80008a4c (0x0339) x 6 0x0000000e
core   0: 0x80008a4e (0x00000001) c.nop
core   0: 3 0x80008a4e (0x0001)
core   0: 0x80008a50 (0x027d15b3) mulh    a1, s10, t2
core   0: 3 0x80008a50 (0x027d15b3) x11 0x00000000
core   0: 0x80008a54 (0x020eaa33) mulhsu  s4, t4, zero
core   0: 3 0x80008a54 (0x020eaa33) x20 0x00000000
core   0: 0x80008a58 (0xeb23ce37) lui     t3, 0xeb23c
core   0: 3 0x80008a58 (0xeb23ce37) x28 0xeb23c000
core   0: 0x80008a5c (0x0000100f) fence.i
core   0: 3 0x80008a5c (0x0000100f)
core   0: 0x80008a60 (0x00008ce5) c.and   s1, s1
core   0: 3 0x80008a60 (0x8ce5) x 9 0x00000000
core   0: 0x80008a62 (0x00f6efb3) or      t6, a3, a5
core   0: 3 0x80008a62 (0x00f6efb3) x31 0x00000064
core   0: 0x80008a66 (0x00001600) c.addi4spn s0, sp, 800
core   0: 3 0x80008a66 (0x1600) x 8 0x0e000320
core   0: 0x80008a68 (0x000006da) c.slli  a3, 22
core   0: 3 0x80008a68 (0x06da) x13 0x00000000
core   0: 0x80008a6a (0x033c1c33) mulh    s8, s8, s3
core   0: 3 0x80008a6a (0x033c1c33) x24 0xfffffffc
core   0: 0x80008a6e (0x00008515) c.srai  a0, 5
core   0: 3 0x80008a6e (0x8515) x10 0x00000000
core   0: 0x80008a70 (0x00008ccd) c.or    s1, a1
core   0: 3 0x80008a70 (0x8ccd) x 9 0x00000000
core   0: 0x80008a72 (0x0338a833) mulhsu  a6, a7, s3
core   0: 3 0x80008a72 (0x0338a833) x16 0x00000000
core   0: 0x80008a76 (0x00008359) c.srli  a4, 22
core   0: 3 0x80008a76 (0x8359) x14 0x00000000
core   0: 0x80008a78 (0x106e6f17) auipc   t5, 0x106e6
core   0: 3 0x80008a78 (0x106e6f17) x30 0x906eea78
core   0: 0x80008a7c (0x15fbe1b7) lui     gp, 0x15fbe
core   0: 3 0x80008a7c (0x15fbe1b7) x 3 0x15fbe000
core   0: 0x80008a80 (0x009d3cb3) sltu    s9, s10, s1
core   0: 3 0x80008a80 (0x009d3cb3) x25 0x00000000
core   0: 0x80008a84 (0x40e85193) srai    gp, a6, 14
core   0: 3 0x80008a84 (0x40e85193) x 3 0x00000000
core   0: 0x80008a88 (0x87a6b513) sltiu   a0, a3, -1926
core   0: 3 0x80008a88 (0x87a6b513) x10 0x00000001
core   0: 0x80008a8c (0x98bcca13) xori    s4, s9, -1653
core   0: 3 0x80008a8c (0x98bcca13) x20 0xfffff98b
core   0: 0x80008a90 (0x01ae5493) srli    s1, t3, 26
core   0: 3 0x80008a90 (0x01ae5493) x 9 0x0000003a
core   0: 0x80008a94 (0x0000cd29) c.beqz  a0, pc + 90
core   0: 3 0x80008a94 (0xcd29)
core   0: 0x80008a96 (0x00001088) c.addi4spn a0, sp, 96
core   0: 3 0x80008a96 (0x1088) x10 0x0e000060
core   0: 0x80008a98 (0x8d90ee13) ori     t3, ra, -1831
core   0: 3 0x80008a98 (0x8d90ee13) x28 0xfffff8d9
core   0: 0x80008a9c (0x00009bfd) c.andi  a5, -1
core   0: 3 0x80008a9c (0x9bfd) x15 0x00000064
core   0: 0x80008a9e (0xc712bd13) sltiu   s10, t0, -911
core   0: 3 0x80008a9e (0xc712bd13) x26 0x00000001
core   0: 0x80008aa2 (0xf7bdc893) xori    a7, s11, -133
core   0: 3 0x80008aa2 (0xf7bdc893) x17 0x7ffd639f
core   0: 0x80008aa6 (0x00006569) c.lui   a0, 0x1a
core   0: 3 0x80008aa6 (0x6569) x10 0x0001a000
core   0: 0x80008aa8 (0xffe00513) li      a0, -2
core   0: 3 0x80008aa8 (0xffe00513) x10 0xfffffffe
core   0: 0x80008aac (0x0000100f) fence.i
core   0: 3 0x80008aac (0x0000100f)
core   0: 0x80008ab0 (0x00f00393) li      t2, 15
core   0: 3 0x80008ab0 (0x00f00393) x 7 0x0000000f
core   0: 0x80008ab4 (0x3ab1bd13) sltiu   s10, gp, 939
core   0: 3 0x80008ab4 (0x3ab1bd13) x26 0x00000001
core   0: 0x80008ab8 (0x00000509) c.addi  a0, 2
core   0: 3 0x80008ab8 (0x0509) x10 0x00000000
core   0: 0x80008aba (0x00a93833) sltu    a6, s2, a0
core   0: 3 0x80008aba (0x00a93833) x16 0x00000000
core   0: 0x80008abe (0x00700613) li      a2, 7
core   0: 3 0x80008abe (0x00700613) x12 0x00000007
core   0: 0x80008ac2 (0x00000001) c.nop
core   0: 3 0x80008ac2 (0x0001)
core   0: 0x80008ac4 (0x0376c433) div     s0, a3, s7
core   0: 3 0x80008ac4 (0x0376c433) x 8 0x00000000
core   0: 0x80008ac8 (0x01291413) slli    s0, s2, 18
core   0: 3 0x80008ac8 (0x01291413) x 8 0x00000000
core   0: 0x80008acc (0x0000167d) c.addi  a2, -1
core   0: 3 0x80008acc (0x167d) x12 0x00000006
core   0: 0x80008ace (0x008ad433) srl     s0, s5, s0
core   0: 3 0x80008ace (0x008ad433) x 8 0xc0025d99
core   0: 0x80008ad2 (0x0000fa6d) c.bnez  a2, pc - 14
core   0: 3 0x80008ad2 (0xfa6d)
core   0: 0x80008ac4 (0x0376c433) div     s0, a3, s7
core   0: 3 0x80008ac4 (0x0376c433) x 8 0x00000000
core   0: 0x80008ac8 (0x01291413) slli    s0, s2, 18
core   0: 3 0x80008ac8 (0x01291413) x 8 0x00000000
core   0: 0x80008acc (0x0000167d) c.addi  a2, -1
core   0: 3 0x80008acc (0x167d) x12 0x00000005
core   0: 0x80008ace (0x008ad433) srl     s0, s5, s0
core   0: 3 0x80008ace (0x008ad433) x 8 0xc0025d99
core   0: 0x80008ad2 (0x0000fa6d) c.bnez  a2, pc - 14
core   0: 3 0x80008ad2 (0xfa6d)
core   0: 0x80008ac4 (0x0376c433) div     s0, a3, s7
core   0: 3 0x80008ac4 (0x0376c433) x 8 0x00000000
core   0: 0x80008ac8 (0x01291413) slli    s0, s2, 18
core   0: 3 0x80008ac8 (0x01291413) x 8 0x00000000
core   0: 0x80008acc (0x0000167d) c.addi  a2, -1
core   0: 3 0x80008acc (0x167d) x12 0x00000004
core   0: 0x80008ace (0x008ad433) srl     s0, s5, s0
core   0: 3 0x80008ace (0x008ad433) x 8 0xc0025d99
core   0: 0x80008ad2 (0x0000fa6d) c.bnez  a2, pc - 14
core   0: 3 0x80008ad2 (0xfa6d)
core   0: 0x80008ac4 (0x0376c433) div     s0, a3, s7
core   0: 3 0x80008ac4 (0x0376c433) x 8 0x00000000
core   0: 0x80008ac8 (0x01291413) slli    s0, s2, 18
core   0: 3 0x80008ac8 (0x01291413) x 8 0x00000000
core   0: 0x80008acc (0x0000167d) c.addi  a2, -1
core   0: 3 0x80008acc (0x167d) x12 0x00000003
core   0: 0x80008ace (0x008ad433) srl     s0, s5, s0
core   0: 3 0x80008ace (0x008ad433) x 8 0xc0025d99
core   0: 0x80008ad2 (0x0000fa6d) c.bnez  a2, pc - 14
core   0: 3 0x80008ad2 (0xfa6d)
core   0: 0x80008ac4 (0x0376c433) div     s0, a3, s7
core   0: 3 0x80008ac4 (0x0376c433) x 8 0x00000000
core   0: 0x80008ac8 (0x01291413) slli    s0, s2, 18
core   0: 3 0x80008ac8 (0x01291413) x 8 0x00000000
core   0: 0x80008acc (0x0000167d) c.addi  a2, -1
core   0: 3 0x80008acc (0x167d) x12 0x00000002
core   0: 0x80008ace (0x008ad433) srl     s0, s5, s0
core   0: 3 0x80008ace (0x008ad433) x 8 0xc0025d99
core   0: 0x80008ad2 (0x0000fa6d) c.bnez  a2, pc - 14
core   0: 3 0x80008ad2 (0xfa6d)
core   0: 0x80008ac4 (0x0376c433) div     s0, a3, s7
core   0: 3 0x80008ac4 (0x0376c433) x 8 0x00000000
core   0: 0x80008ac8 (0x01291413) slli    s0, s2, 18
core   0: 3 0x80008ac8 (0x01291413) x 8 0x00000000
core   0: 0x80008acc (0x0000167d) c.addi  a2, -1
core   0: 3 0x80008acc (0x167d) x12 0x00000001
core   0: 0x80008ace (0x008ad433) srl     s0, s5, s0
core   0: 3 0x80008ace (0x008ad433) x 8 0xc0025d99
core   0: 0x80008ad2 (0x0000fa6d) c.bnez  a2, pc - 14
core   0: 3 0x80008ad2 (0xfa6d)
core   0: 0x80008ac4 (0x0376c433) div     s0, a3, s7
core   0: 3 0x80008ac4 (0x0376c433) x 8 0x00000000
core   0: 0x80008ac8 (0x01291413) slli    s0, s2, 18
core   0: 3 0x80008ac8 (0x01291413) x 8 0x00000000
core   0: 0x80008acc (0x0000167d) c.addi  a2, -1
core   0: 3 0x80008acc (0x167d) x12 0x00000000
core   0: 0x80008ace (0x008ad433) srl     s0, s5, s0
core   0: 3 0x80008ace (0x008ad433) x 8 0xc0025d99
core   0: 0x80008ad2 (0x0000fa6d) c.bnez  a2, pc - 14
core   0: 3 0x80008ad2 (0xfa6d)
core   0: 0x80008ad4 (0x02026eb3) rem     t4, tp, zero
core   0: 3 0x80008ad4 (0x02026eb3) x29 0x00018000
core   0: 0x80008ad8 (0x0204cbb3) div     s7, s1, zero
core   0: 3 0x80008ad8 (0x0204cbb3) x23 0xffffffff
core   0: 0x80008adc (0x00008f75) c.and   a4, a3
core   0: 3 0x80008adc (0x8f75) x14 0x00000000
core   0: 0x80008ade (0xfc754be3) blt     a0, t2, pc - 42
core   0: 3 0x80008ade (0xfc754be3)
core   0: 0x80008ab4 (0x3ab1bd13) sltiu   s10, gp, 939
core   0: 3 0x80008ab4 (0x3ab1bd13) x26 0x00000001
core   0: 0x80008ab8 (0x00000509) c.addi  a0, 2
core   0: 3 0x80008ab8 (0x0509) x10 0x00000002
core   0: 0x80008aba (0x00a93833) sltu    a6, s2, a0
core   0: 3 0x80008aba (0x00a93833) x16 0x00000001
core   0: 0x80008abe (0x00700613) li      a2, 7
core   0: 3 0x80008abe (0x00700613) x12 0x00000007
core   0: 0x80008ac2 (0x00000001) c.nop
core   0: 3 0x80008ac2 (0x0001)
core   0: 0x80008ac4 (0x0376c433) div     s0, a3, s7
core   0: 3 0x80008ac4 (0x0376c433) x 8 0x00000000
core   0: 0x80008ac8 (0x01291413) slli    s0, s2, 18
core   0: 3 0x80008ac8 (0x01291413) x 8 0x00000000
core   0: 0x80008acc (0x0000167d) c.addi  a2, -1
core   0: 3 0x80008acc (0x167d) x12 0x00000006
core   0: 0x80008ace (0x008ad433) srl     s0, s5, s0
core   0: 3 0x80008ace (0x008ad433) x 8 0xc0025d99
core   0: 0x80008ad2 (0x0000fa6d) c.bnez  a2, pc - 14
core   0: 3 0x80008ad2 (0xfa6d)
core   0: 0x80008ac4 (0x0376c433) div     s0, a3, s7
core   0: 3 0x80008ac4 (0x0376c433) x 8 0x00000000
core   0: 0x80008ac8 (0x01291413) slli    s0, s2, 18
core   0: 3 0x80008ac8 (0x01291413) x 8 0x00000000
core   0: 0x80008acc (0x0000167d) c.addi  a2, -1
core   0: 3 0x80008acc (0x167d) x12 0x00000005
core   0: 0x80008ace (0x008ad433) srl     s0, s5, s0
core   0: 3 0x80008ace (0x008ad433) x 8 0xc0025d99
core   0: 0x80008ad2 (0x0000fa6d) c.bnez  a2, pc - 14
core   0: 3 0x80008ad2 (0xfa6d)
core   0: 0x80008ac4 (0x0376c433) div     s0, a3, s7
core   0: 3 0x80008ac4 (0x0376c433) x 8 0x00000000
core   0: 0x80008ac8 (0x01291413) slli    s0, s2, 18
core   0: 3 0x80008ac8 (0x01291413) x 8 0x00000000
core   0: 0x80008acc (0x0000167d) c.addi  a2, -1
core   0: 3 0x80008acc (0x167d) x12 0x00000004
core   0: 0x80008ace (0x008ad433) srl     s0, s5, s0
core   0: 3 0x80008ace (0x008ad433) x 8 0xc0025d99
core   0: 0x80008ad2 (0x0000fa6d) c.bnez  a2, pc - 14
core   0: 3 0x80008ad2 (0xfa6d)
core   0: 0x80008ac4 (0x0376c433) div     s0, a3, s7
core   0: 3 0x80008ac4 (0x0376c433) x 8 0x00000000
core   0: 0x80008ac8 (0x01291413) slli    s0, s2, 18
core   0: 3 0x80008ac8 (0x01291413) x 8 0x00000000
core   0: 0x80008acc (0x0000167d) c.addi  a2, -1
core   0: 3 0x80008acc (0x167d) x12 0x00000003
core   0: 0x80008ace (0x008ad433) srl     s0, s5, s0
core   0: 3 0x80008ace (0x008ad433) x 8 0xc0025d99
core   0: 0x80008ad2 (0x0000fa6d) c.bnez  a2, pc - 14
core   0: 3 0x80008ad2 (0xfa6d)
core   0: 0x80008ac4 (0x0376c433) div     s0, a3, s7
core   0: 3 0x80008ac4 (0x0376c433) x 8 0x00000000
core   0: 0x80008ac8 (0x01291413) slli    s0, s2, 18
core   0: 3 0x80008ac8 (0x01291413) x 8 0x00000000
core   0: 0x80008acc (0x0000167d) c.addi  a2, -1
core   0: 3 0x80008acc (0x167d) x12 0x00000002
core   0: 0x80008ace (0x008ad433) srl     s0, s5, s0
core   0: 3 0x80008ace (0x008ad433) x 8 0xc0025d99
core   0: 0x80008ad2 (0x0000fa6d) c.bnez  a2, pc - 14
core   0: 3 0x80008ad2 (0xfa6d)
core   0: 0x80008ac4 (0x0376c433) div     s0, a3, s7
core   0: 3 0x80008ac4 (0x0376c433) x 8 0x00000000
core   0: 0x80008ac8 (0x01291413) slli    s0, s2, 18
core   0: 3 0x80008ac8 (0x01291413) x 8 0x00000000
core   0: 0x80008acc (0x0000167d) c.addi  a2, -1
core   0: 3 0x80008acc (0x167d) x12 0x00000001
core   0: 0x80008ace (0x008ad433) srl     s0, s5, s0
core   0: 3 0x80008ace (0x008ad433) x 8 0xc0025d99
core   0: 0x80008ad2 (0x0000fa6d) c.bnez  a2, pc - 14
core   0: 3 0x80008ad2 (0xfa6d)
core   0: 0x80008ac4 (0x0376c433) div     s0, a3, s7
core   0: 3 0x80008ac4 (0x0376c433) x 8 0x00000000
core   0: 0x80008ac8 (0x01291413) slli    s0, s2, 18
core   0: 3 0x80008ac8 (0x01291413) x 8 0x00000000
core   0: 0x80008acc (0x0000167d) c.addi  a2, -1
core   0: 3 0x80008acc (0x167d) x12 0x00000000
core   0: 0x80008ace (0x008ad433) srl     s0, s5, s0
core   0: 3 0x80008ace (0x008ad433) x 8 0xc0025d99
core   0: 0x80008ad2 (0x0000fa6d) c.bnez  a2, pc - 14
core   0: 3 0x80008ad2 (0xfa6d)
core   0: 0x80008ad4 (0x02026eb3) rem     t4, tp, zero
core   0: 3 0x80008ad4 (0x02026eb3) x29 0x00018000
core   0: 0x80008ad8 (0x0204cbb3) div     s7, s1, zero
core   0: 3 0x80008ad8 (0x0204cbb3) x23 0xffffffff
core   0: 0x80008adc (0x00008f75) c.and   a4, a3
core   0: 3 0x80008adc (0x8f75) x14 0x00000000
core   0: 0x80008ade (0xfc754be3) blt     a0, t2, pc - 42
core   0: 3 0x80008ade (0xfc754be3)
core   0: 0x80008ab4 (0x3ab1bd13) sltiu   s10, gp, 939
core   0: 3 0x80008ab4 (0x3ab1bd13) x26 0x00000001
core   0: 0x80008ab8 (0x00000509) c.addi  a0, 2
core   0: 3 0x80008ab8 (0x0509) x10 0x00000004
core   0: 0x80008aba (0x00a93833) sltu    a6, s2, a0
core   0: 3 0x80008aba (0x00a93833) x16 0x00000001
core   0: 0x80008abe (0x00700613) li      a2, 7
core   0: 3 0x80008abe (0x00700613) x12 0x00000007
core   0: 0x80008ac2 (0x00000001) c.nop
core   0: 3 0x80008ac2 (0x0001)
core   0: 0x80008ac4 (0x0376c433) div     s0, a3, s7
core   0: 3 0x80008ac4 (0x0376c433) x 8 0x00000000
core   0: 0x80008ac8 (0x01291413) slli    s0, s2, 18
core   0: 3 0x80008ac8 (0x01291413) x 8 0x00000000
core   0: 0x80008acc (0x0000167d) c.addi  a2, -1
core   0: 3 0x80008acc (0x167d) x12 0x00000006
core   0: 0x80008ace (0x008ad433) srl     s0, s5, s0
core   0: 3 0x80008ace (0x008ad433) x 8 0xc0025d99
core   0: 0x80008ad2 (0x0000fa6d) c.bnez  a2, pc - 14
core   0: 3 0x80008ad2 (0xfa6d)
core   0: 0x80008ac4 (0x0376c433) div     s0, a3, s7
core   0: 3 0x80008ac4 (0x0376c433) x 8 0x00000000
core   0: 0x80008ac8 (0x01291413) slli    s0, s2, 18
core   0: 3 0x80008ac8 (0x01291413) x 8 0x00000000
core   0: 0x80008acc (0x0000167d) c.addi  a2, -1
core   0: 3 0x80008acc (0x167d) x12 0x00000005
core   0: 0x80008ace (0x008ad433) srl     s0, s5, s0
core   0: 3 0x80008ace (0x008ad433) x 8 0xc0025d99
core   0: 0x80008ad2 (0x0000fa6d) c.bnez  a2, pc - 14
core   0: 3 0x80008ad2 (0xfa6d)
core   0: 0x80008ac4 (0x0376c433) div     s0, a3, s7
core   0: 3 0x80008ac4 (0x0376c433) x 8 0x00000000
core   0: 0x80008ac8 (0x01291413) slli    s0, s2, 18
core   0: 3 0x80008ac8 (0x01291413) x 8 0x00000000
core   0: 0x80008acc (0x0000167d) c.addi  a2, -1
core   0: 3 0x80008acc (0x167d) x12 0x00000004
core   0: 0x80008ace (0x008ad433) srl     s0, s5, s0
core   0: 3 0x80008ace (0x008ad433) x 8 0xc0025d99
core   0: 0x80008ad2 (0x0000fa6d) c.bnez  a2, pc - 14
core   0: 3 0x80008ad2 (0xfa6d)
core   0: 0x80008ac4 (0x0376c433) div     s0, a3, s7
core   0: 3 0x80008ac4 (0x0376c433) x 8 0x00000000
core   0: 0x80008ac8 (0x01291413) slli    s0, s2, 18
core   0: 3 0x80008ac8 (0x01291413) x 8 0x00000000
core   0: 0x80008acc (0x0000167d) c.addi  a2, -1
core   0: 3 0x80008acc (0x167d) x12 0x00000003
core   0: 0x80008ace (0x008ad433) srl     s0, s5, s0
core   0: 3 0x80008ace (0x008ad433) x 8 0xc0025d99
core   0: 0x80008ad2 (0x0000fa6d) c.bnez  a2, pc - 14
core   0: 3 0x80008ad2 (0xfa6d)
core   0: 0x80008ac4 (0x0376c433) div     s0, a3, s7
core   0: 3 0x80008ac4 (0x0376c433) x 8 0x00000000
core   0: 0x80008ac8 (0x01291413) slli    s0, s2, 18
core   0: 3 0x80008ac8 (0x01291413) x 8 0x00000000
core   0: 0x80008acc (0x0000167d) c.addi  a2, -1
core   0: 3 0x80008acc (0x167d) x12 0x00000002
core   0: 0x80008ace (0x008ad433) srl     s0, s5, s0
core   0: 3 0x80008ace (0x008ad433) x 8 0xc0025d99
core   0: 0x80008ad2 (0x0000fa6d) c.bnez  a2, pc - 14
core   0: 3 0x80008ad2 (0xfa6d)
core   0: 0x80008ac4 (0x0376c433) div     s0, a3, s7
core   0: 3 0x80008ac4 (0x0376c433) x 8 0x00000000
core   0: 0x80008ac8 (0x01291413) slli    s0, s2, 18
core   0: 3 0x80008ac8 (0x01291413) x 8 0x00000000
core   0: 0x80008acc (0x0000167d) c.addi  a2, -1
core   0: 3 0x80008acc (0x167d) x12 0x00000001
core   0: 0x80008ace (0x008ad433) srl     s0, s5, s0
core   0: 3 0x80008ace (0x008ad433) x 8 0xc0025d99
core   0: 0x80008ad2 (0x0000fa6d) c.bnez  a2, pc - 14
core   0: 3 0x80008ad2 (0xfa6d)
core   0: 0x80008ac4 (0x0376c433) div     s0, a3, s7
core   0: 3 0x80008ac4 (0x0376c433) x 8 0x00000000
core   0: 0x80008ac8 (0x01291413) slli    s0, s2, 18
core   0: 3 0x80008ac8 (0x01291413) x 8 0x00000000
core   0: 0x80008acc (0x0000167d) c.addi  a2, -1
core   0: 3 0x80008acc (0x167d) x12 0x00000000
core   0: 0x80008ace (0x008ad433) srl     s0, s5, s0
core   0: 3 0x80008ace (0x008ad433) x 8 0xc0025d99
core   0: 0x80008ad2 (0x0000fa6d) c.bnez  a2, pc - 14
core   0: 3 0x80008ad2 (0xfa6d)
core   0: 0x80008ad4 (0x02026eb3) rem     t4, tp, zero
core   0: 3 0x80008ad4 (0x02026eb3) x29 0x00018000
core   0: 0x80008ad8 (0x0204cbb3) div     s7, s1, zero
core   0: 3 0x80008ad8 (0x0204cbb3) x23 0xffffffff
core   0: 0x80008adc (0x00008f75) c.and   a4, a3
core   0: 3 0x80008adc (0x8f75) x14 0x00000000
core   0: 0x80008ade (0xfc754be3) blt     a0, t2, pc - 42
core   0: 3 0x80008ade (0xfc754be3)
core   0: 0x80008ab4 (0x3ab1bd13) sltiu   s10, gp, 939
core   0: 3 0x80008ab4 (0x3ab1bd13) x26 0x00000001
core   0: 0x80008ab8 (0x00000509) c.addi  a0, 2
core   0: 3 0x80008ab8 (0x0509) x10 0x00000006
core   0: 0x80008aba (0x00a93833) sltu    a6, s2, a0
core   0: 3 0x80008aba (0x00a93833) x16 0x00000001
core   0: 0x80008abe (0x00700613) li      a2, 7
core   0: 3 0x80008abe (0x00700613) x12 0x00000007
core   0: 0x80008ac2 (0x00000001) c.nop
core   0: 3 0x80008ac2 (0x0001)
core   0: 0x80008ac4 (0x0376c433) div     s0, a3, s7
core   0: 3 0x80008ac4 (0x0376c433) x 8 0x00000000
core   0: 0x80008ac8 (0x01291413) slli    s0, s2, 18
core   0: 3 0x80008ac8 (0x01291413) x 8 0x00000000
core   0: 0x80008acc (0x0000167d) c.addi  a2, -1
core   0: 3 0x80008acc (0x167d) x12 0x00000006
core   0: 0x80008ace (0x008ad433) srl     s0, s5, s0
core   0: 3 0x80008ace (0x008ad433) x 8 0xc0025d99
core   0: 0x80008ad2 (0x0000fa6d) c.bnez  a2, pc - 14
core   0: 3 0x80008ad2 (0xfa6d)
core   0: 0x80008ac4 (0x0376c433) div     s0, a3, s7
core   0: 3 0x80008ac4 (0x0376c433) x 8 0x00000000
core   0: 0x80008ac8 (0x01291413) slli    s0, s2, 18
core   0: 3 0x80008ac8 (0x01291413) x 8 0x00000000
core   0: 0x80008acc (0x0000167d) c.addi  a2, -1
core   0: 3 0x80008acc (0x167d) x12 0x00000005
core   0: 0x80008ace (0x008ad433) srl     s0, s5, s0
core   0: 3 0x80008ace (0x008ad433) x 8 0xc0025d99
core   0: 0x80008ad2 (0x0000fa6d) c.bnez  a2, pc - 14
core   0: 3 0x80008ad2 (0xfa6d)
core   0: 0x80008ac4 (0x0376c433) div     s0, a3, s7
core   0: 3 0x80008ac4 (0x0376c433) x 8 0x00000000
core   0: 0x80008ac8 (0x01291413) slli    s0, s2, 18
core   0: 3 0x80008ac8 (0x01291413) x 8 0x00000000
core   0: 0x80008acc (0x0000167d) c.addi  a2, -1
core   0: 3 0x80008acc (0x167d) x12 0x00000004
core   0: 0x80008ace (0x008ad433) srl     s0, s5, s0
core   0: 3 0x80008ace (0x008ad433) x 8 0xc0025d99
core   0: 0x80008ad2 (0x0000fa6d) c.bnez  a2, pc - 14
core   0: 3 0x80008ad2 (0xfa6d)
core   0: 0x80008ac4 (0x0376c433) div     s0, a3, s7
core   0: 3 0x80008ac4 (0x0376c433) x 8 0x00000000
core   0: 0x80008ac8 (0x01291413) slli    s0, s2, 18
core   0: 3 0x80008ac8 (0x01291413) x 8 0x00000000
core   0: 0x80008acc (0x0000167d) c.addi  a2, -1
core   0: 3 0x80008acc (0x167d) x12 0x00000003
core   0: 0x80008ace (0x008ad433) srl     s0, s5, s0
core   0: 3 0x80008ace (0x008ad433) x 8 0xc0025d99
core   0: 0x80008ad2 (0x0000fa6d) c.bnez  a2, pc - 14
core   0: 3 0x80008ad2 (0xfa6d)
core   0: 0x80008ac4 (0x0376c433) div     s0, a3, s7
core   0: 3 0x80008ac4 (0x0376c433) x 8 0x00000000
core   0: 0x80008ac8 (0x01291413) slli    s0, s2, 18
core   0: 3 0x80008ac8 (0x01291413) x 8 0x00000000
core   0: 0x80008acc (0x0000167d) c.addi  a2, -1
core   0: 3 0x80008acc (0x167d) x12 0x00000002
core   0: 0x80008ace (0x008ad433) srl     s0, s5, s0
core   0: 3 0x80008ace (0x008ad433) x 8 0xc0025d99
core   0: 0x80008ad2 (0x0000fa6d) c.bnez  a2, pc - 14
core   0: 3 0x80008ad2 (0xfa6d)
core   0: 0x80008ac4 (0x0376c433) div     s0, a3, s7
core   0: 3 0x80008ac4 (0x0376c433) x 8 0x00000000
core   0: 0x80008ac8 (0x01291413) slli    s0, s2, 18
core   0: 3 0x80008ac8 (0x01291413) x 8 0x00000000
core   0: 0x80008acc (0x0000167d) c.addi  a2, -1
core   0: 3 0x80008acc (0x167d) x12 0x00000001
core   0: 0x80008ace (0x008ad433) srl     s0, s5, s0
core   0: 3 0x80008ace (0x008ad433) x 8 0xc0025d99
core   0: 0x80008ad2 (0x0000fa6d) c.bnez  a2, pc - 14
core   0: 3 0x80008ad2 (0xfa6d)
core   0: 0x80008ac4 (0x0376c433) div     s0, a3, s7
core   0: 3 0x80008ac4 (0x0376c433) x 8 0x00000000
core   0: 0x80008ac8 (0x01291413) slli    s0, s2, 18
core   0: 3 0x80008ac8 (0x01291413) x 8 0x00000000
core   0: 0x80008acc (0x0000167d) c.addi  a2, -1
core   0: 3 0x80008acc (0x167d) x12 0x00000000
core   0: 0x80008ace (0x008ad433) srl     s0, s5, s0
core   0: 3 0x80008ace (0x008ad433) x 8 0xc0025d99
core   0: 0x80008ad2 (0x0000fa6d) c.bnez  a2, pc - 14
core   0: 3 0x80008ad2 (0xfa6d)
core   0: 0x80008ad4 (0x02026eb3) rem     t4, tp, zero
core   0: 3 0x80008ad4 (0x02026eb3) x29 0x00018000
core   0: 0x80008ad8 (0x0204cbb3) div     s7, s1, zero
core   0: 3 0x80008ad8 (0x0204cbb3) x23 0xffffffff
core   0: 0x80008adc (0x00008f75) c.and   a4, a3
core   0: 3 0x80008adc (0x8f75) x14 0x00000000
core   0: 0x80008ade (0xfc754be3) blt     a0, t2, pc - 42
core   0: 3 0x80008ade (0xfc754be3)
core   0: 0x80008ab4 (0x3ab1bd13) sltiu   s10, gp, 939
core   0: 3 0x80008ab4 (0x3ab1bd13) x26 0x00000001
core   0: 0x80008ab8 (0x00000509) c.addi  a0, 2
core   0: 3 0x80008ab8 (0x0509) x10 0x00000008
core   0: 0x80008aba (0x00a93833) sltu    a6, s2, a0
core   0: 3 0x80008aba (0x00a93833) x16 0x00000001
core   0: 0x80008abe (0x00700613) li      a2, 7
core   0: 3 0x80008abe (0x00700613) x12 0x00000007
core   0: 0x80008ac2 (0x00000001) c.nop
core   0: 3 0x80008ac2 (0x0001)
core   0: 0x80008ac4 (0x0376c433) div     s0, a3, s7
core   0: 3 0x80008ac4 (0x0376c433) x 8 0x00000000
core   0: 0x80008ac8 (0x01291413) slli    s0, s2, 18
core   0: 3 0x80008ac8 (0x01291413) x 8 0x00000000
core   0: 0x80008acc (0x0000167d) c.addi  a2, -1
core   0: 3 0x80008acc (0x167d) x12 0x00000006
core   0: 0x80008ace (0x008ad433) srl     s0, s5, s0
core   0: 3 0x80008ace (0x008ad433) x 8 0xc0025d99
core   0: 0x80008ad2 (0x0000fa6d) c.bnez  a2, pc - 14
core   0: 3 0x80008ad2 (0xfa6d)
core   0: 0x80008ac4 (0x0376c433) div     s0, a3, s7
core   0: 3 0x80008ac4 (0x0376c433) x 8 0x00000000
core   0: 0x80008ac8 (0x01291413) slli    s0, s2, 18
core   0: 3 0x80008ac8 (0x01291413) x 8 0x00000000
core   0: 0x80008acc (0x0000167d) c.addi  a2, -1
core   0: 3 0x80008acc (0x167d) x12 0x00000005
core   0: 0x80008ace (0x008ad433) srl     s0, s5, s0
core   0: 3 0x80008ace (0x008ad433) x 8 0xc0025d99
core   0: 0x80008ad2 (0x0000fa6d) c.bnez  a2, pc - 14
core   0: 3 0x80008ad2 (0xfa6d)
core   0: 0x80008ac4 (0x0376c433) div     s0, a3, s7
core   0: 3 0x80008ac4 (0x0376c433) x 8 0x00000000
core   0: 0x80008ac8 (0x01291413) slli    s0, s2, 18
core   0: 3 0x80008ac8 (0x01291413) x 8 0x00000000
core   0: 0x80008acc (0x0000167d) c.addi  a2, -1
core   0: 3 0x80008acc (0x167d) x12 0x00000004
core   0: 0x80008ace (0x008ad433) srl     s0, s5, s0
core   0: 3 0x80008ace (0x008ad433) x 8 0xc0025d99
core   0: 0x80008ad2 (0x0000fa6d) c.bnez  a2, pc - 14
core   0: 3 0x80008ad2 (0xfa6d)
core   0: 0x80008ac4 (0x0376c433) div     s0, a3, s7
core   0: 3 0x80008ac4 (0x0376c433) x 8 0x00000000
core   0: 0x80008ac8 (0x01291413) slli    s0, s2, 18
core   0: 3 0x80008ac8 (0x01291413) x 8 0x00000000
core   0: 0x80008acc (0x0000167d) c.addi  a2, -1
core   0: 3 0x80008acc (0x167d) x12 0x00000003
core   0: 0x80008ace (0x008ad433) srl     s0, s5, s0
core   0: 3 0x80008ace (0x008ad433) x 8 0xc0025d99
core   0: 0x80008ad2 (0x0000fa6d) c.bnez  a2, pc - 14
core   0: 3 0x80008ad2 (0xfa6d)
core   0: 0x80008ac4 (0x0376c433) div     s0, a3, s7
core   0: 3 0x80008ac4 (0x0376c433) x 8 0x00000000
core   0: 0x80008ac8 (0x01291413) slli    s0, s2, 18
core   0: 3 0x80008ac8 (0x01291413) x 8 0x00000000
core   0: 0x80008acc (0x0000167d) c.addi  a2, -1
core   0: 3 0x80008acc (0x167d) x12 0x00000002
core   0: 0x80008ace (0x008ad433) srl     s0, s5, s0
core   0: 3 0x80008ace (0x008ad433) x 8 0xc0025d99
core   0: 0x80008ad2 (0x0000fa6d) c.bnez  a2, pc - 14
core   0: 3 0x80008ad2 (0xfa6d)
core   0: 0x80008ac4 (0x0376c433) div     s0, a3, s7
core   0: 3 0x80008ac4 (0x0376c433) x 8 0x00000000
core   0: 0x80008ac8 (0x01291413) slli    s0, s2, 18
core   0: 3 0x80008ac8 (0x01291413) x 8 0x00000000
core   0: 0x80008acc (0x0000167d) c.addi  a2, -1
core   0: 3 0x80008acc (0x167d) x12 0x00000001
core   0: 0x80008ace (0x008ad433) srl     s0, s5, s0
core   0: 3 0x80008ace (0x008ad433) x 8 0xc0025d99
core   0: 0x80008ad2 (0x0000fa6d) c.bnez  a2, pc - 14
core   0: 3 0x80008ad2 (0xfa6d)
core   0: 0x80008ac4 (0x0376c433) div     s0, a3, s7
core   0: 3 0x80008ac4 (0x0376c433) x 8 0x00000000
core   0: 0x80008ac8 (0x01291413) slli    s0, s2, 18
core   0: 3 0x80008ac8 (0x01291413) x 8 0x00000000
core   0: 0x80008acc (0x0000167d) c.addi  a2, -1
core   0: 3 0x80008acc (0x167d) x12 0x00000000
core   0: 0x80008ace (0x008ad433) srl     s0, s5, s0
core   0: 3 0x80008ace (0x008ad433) x 8 0xc0025d99
core   0: 0x80008ad2 (0x0000fa6d) c.bnez  a2, pc - 14
core   0: 3 0x80008ad2 (0xfa6d)
core   0: 0x80008ad4 (0x02026eb3) rem     t4, tp, zero
core   0: 3 0x80008ad4 (0x02026eb3) x29 0x00018000
core   0: 0x80008ad8 (0x0204cbb3) div     s7, s1, zero
core   0: 3 0x80008ad8 (0x0204cbb3) x23 0xffffffff
core   0: 0x80008adc (0x00008f75) c.and   a4, a3
core   0: 3 0x80008adc (0x8f75) x14 0x00000000
core   0: 0x80008ade (0xfc754be3) blt     a0, t2, pc - 42
core   0: 3 0x80008ade (0xfc754be3)
core   0: 0x80008ab4 (0x3ab1bd13) sltiu   s10, gp, 939
core   0: 3 0x80008ab4 (0x3ab1bd13) x26 0x00000001
core   0: 0x80008ab8 (0x00000509) c.addi  a0, 2
core   0: 3 0x80008ab8 (0x0509) x10 0x0000000a
core   0: 0x80008aba (0x00a93833) sltu    a6, s2, a0
core   0: 3 0x80008aba (0x00a93833) x16 0x00000001
core   0: 0x80008abe (0x00700613) li      a2, 7
core   0: 3 0x80008abe (0x00700613) x12 0x00000007
core   0: 0x80008ac2 (0x00000001) c.nop
core   0: 3 0x80008ac2 (0x0001)
core   0: 0x80008ac4 (0x0376c433) div     s0, a3, s7
core   0: 3 0x80008ac4 (0x0376c433) x 8 0x00000000
core   0: 0x80008ac8 (0x01291413) slli    s0, s2, 18
core   0: 3 0x80008ac8 (0x01291413) x 8 0x00000000
core   0: 0x80008acc (0x0000167d) c.addi  a2, -1
core   0: 3 0x80008acc (0x167d) x12 0x00000006
core   0: 0x80008ace (0x008ad433) srl     s0, s5, s0
core   0: 3 0x80008ace (0x008ad433) x 8 0xc0025d99
core   0: 0x80008ad2 (0x0000fa6d) c.bnez  a2, pc - 14
core   0: 3 0x80008ad2 (0xfa6d)
core   0: 0x80008ac4 (0x0376c433) div     s0, a3, s7
core   0: 3 0x80008ac4 (0x0376c433) x 8 0x00000000
core   0: 0x80008ac8 (0x01291413) slli    s0, s2, 18
core   0: 3 0x80008ac8 (0x01291413) x 8 0x00000000
core   0: 0x80008acc (0x0000167d) c.addi  a2, -1
core   0: 3 0x80008acc (0x167d) x12 0x00000005
core   0: 0x80008ace (0x008ad433) srl     s0, s5, s0
core   0: 3 0x80008ace (0x008ad433) x 8 0xc0025d99
core   0: 0x80008ad2 (0x0000fa6d) c.bnez  a2, pc - 14
core   0: 3 0x80008ad2 (0xfa6d)
core   0: 0x80008ac4 (0x0376c433) div     s0, a3, s7
core   0: 3 0x80008ac4 (0x0376c433) x 8 0x00000000
core   0: 0x80008ac8 (0x01291413) slli    s0, s2, 18
core   0: 3 0x80008ac8 (0x01291413) x 8 0x00000000
core   0: 0x80008acc (0x0000167d) c.addi  a2, -1
core   0: 3 0x80008acc (0x167d) x12 0x00000004
core   0: 0x80008ace (0x008ad433) srl     s0, s5, s0
core   0: 3 0x80008ace (0x008ad433) x 8 0xc0025d99
core   0: 0x80008ad2 (0x0000fa6d) c.bnez  a2, pc - 14
core   0: 3 0x80008ad2 (0xfa6d)
core   0: 0x80008ac4 (0x0376c433) div     s0, a3, s7
core   0: 3 0x80008ac4 (0x0376c433) x 8 0x00000000
core   0: 0x80008ac8 (0x01291413) slli    s0, s2, 18
core   0: 3 0x80008ac8 (0x01291413) x 8 0x00000000
core   0: 0x80008acc (0x0000167d) c.addi  a2, -1
core   0: 3 0x80008acc (0x167d) x12 0x00000003
core   0: 0x80008ace (0x008ad433) srl     s0, s5, s0
core   0: 3 0x80008ace (0x008ad433) x 8 0xc0025d99
core   0: 0x80008ad2 (0x0000fa6d) c.bnez  a2, pc - 14
core   0: 3 0x80008ad2 (0xfa6d)
core   0: 0x80008ac4 (0x0376c433) div     s0, a3, s7
core   0: 3 0x80008ac4 (0x0376c433) x 8 0x00000000
core   0: 0x80008ac8 (0x01291413) slli    s0, s2, 18
core   0: 3 0x80008ac8 (0x01291413) x 8 0x00000000
core   0: 0x80008acc (0x0000167d) c.addi  a2, -1
core   0: 3 0x80008acc (0x167d) x12 0x00000002
core   0: 0x80008ace (0x008ad433) srl     s0, s5, s0
core   0: 3 0x80008ace (0x008ad433) x 8 0xc0025d99
core   0: 0x80008ad2 (0x0000fa6d) c.bnez  a2, pc - 14
core   0: 3 0x80008ad2 (0xfa6d)
core   0: 0x80008ac4 (0x0376c433) div     s0, a3, s7
core   0: 3 0x80008ac4 (0x0376c433) x 8 0x00000000
core   0: 0x80008ac8 (0x01291413) slli    s0, s2, 18
core   0: 3 0x80008ac8 (0x01291413) x 8 0x00000000
core   0: 0x80008acc (0x0000167d) c.addi  a2, -1
core   0: 3 0x80008acc (0x167d) x12 0x00000001
core   0: 0x80008ace (0x008ad433) srl     s0, s5, s0
core   0: 3 0x80008ace (0x008ad433) x 8 0xc0025d99
core   0: 0x80008ad2 (0x0000fa6d) c.bnez  a2, pc - 14
core   0: 3 0x80008ad2 (0xfa6d)
core   0: 0x80008ac4 (0x0376c433) div     s0, a3, s7
core   0: 3 0x80008ac4 (0x0376c433) x 8 0x00000000
core   0: 0x80008ac8 (0x01291413) slli    s0, s2, 18
core   0: 3 0x80008ac8 (0x01291413) x 8 0x00000000
core   0: 0x80008acc (0x0000167d) c.addi  a2, -1
core   0: 3 0x80008acc (0x167d) x12 0x00000000
core   0: 0x80008ace (0x008ad433) srl     s0, s5, s0
core   0: 3 0x80008ace (0x008ad433) x 8 0xc0025d99
core   0: 0x80008ad2 (0x0000fa6d) c.bnez  a2, pc - 14
core   0: 3 0x80008ad2 (0xfa6d)
core   0: 0x80008ad4 (0x02026eb3) rem     t4, tp, zero
core   0: 3 0x80008ad4 (0x02026eb3) x29 0x00018000
core   0: 0x80008ad8 (0x0204cbb3) div     s7, s1, zero
core   0: 3 0x80008ad8 (0x0204cbb3) x23 0xffffffff
core   0: 0x80008adc (0x00008f75) c.and   a4, a3
core   0: 3 0x80008adc (0x8f75) x14 0x00000000
core   0: 0x80008ade (0xfc754be3) blt     a0, t2, pc - 42
core   0: 3 0x80008ade (0xfc754be3)
core   0: 0x80008ab4 (0x3ab1bd13) sltiu   s10, gp, 939
core   0: 3 0x80008ab4 (0x3ab1bd13) x26 0x00000001
core   0: 0x80008ab8 (0x00000509) c.addi  a0, 2
core   0: 3 0x80008ab8 (0x0509) x10 0x0000000c
core   0: 0x80008aba (0x00a93833) sltu    a6, s2, a0
core   0: 3 0x80008aba (0x00a93833) x16 0x00000001
core   0: 0x80008abe (0x00700613) li      a2, 7
core   0: 3 0x80008abe (0x00700613) x12 0x00000007
core   0: 0x80008ac2 (0x00000001) c.nop
core   0: 3 0x80008ac2 (0x0001)
core   0: 0x80008ac4 (0x0376c433) div     s0, a3, s7
core   0: 3 0x80008ac4 (0x0376c433) x 8 0x00000000
core   0: 0x80008ac8 (0x01291413) slli    s0, s2, 18
core   0: 3 0x80008ac8 (0x01291413) x 8 0x00000000
core   0: 0x80008acc (0x0000167d) c.addi  a2, -1
core   0: 3 0x80008acc (0x167d) x12 0x00000006
core   0: 0x80008ace (0x008ad433) srl     s0, s5, s0
core   0: 3 0x80008ace (0x008ad433) x 8 0xc0025d99
core   0: 0x80008ad2 (0x0000fa6d) c.bnez  a2, pc - 14
core   0: 3 0x80008ad2 (0xfa6d)
core   0: 0x80008ac4 (0x0376c433) div     s0, a3, s7
core   0: 3 0x80008ac4 (0x0376c433) x 8 0x00000000
core   0: 0x80008ac8 (0x01291413) slli    s0, s2, 18
core   0: 3 0x80008ac8 (0x01291413) x 8 0x00000000
core   0: 0x80008acc (0x0000167d) c.addi  a2, -1
core   0: 3 0x80008acc (0x167d) x12 0x00000005
core   0: 0x80008ace (0x008ad433) srl     s0, s5, s0
core   0: 3 0x80008ace (0x008ad433) x 8 0xc0025d99
core   0: 0x80008ad2 (0x0000fa6d) c.bnez  a2, pc - 14
core   0: 3 0x80008ad2 (0xfa6d)
core   0: 0x80008ac4 (0x0376c433) div     s0, a3, s7
core   0: 3 0x80008ac4 (0x0376c433) x 8 0x00000000
core   0: 0x80008ac8 (0x01291413) slli    s0, s2, 18
core   0: 3 0x80008ac8 (0x01291413) x 8 0x00000000
core   0: 0x80008acc (0x0000167d) c.addi  a2, -1
core   0: 3 0x80008acc (0x167d) x12 0x00000004
core   0: 0x80008ace (0x008ad433) srl     s0, s5, s0
core   0: 3 0x80008ace (0x008ad433) x 8 0xc0025d99
core   0: 0x80008ad2 (0x0000fa6d) c.bnez  a2, pc - 14
core   0: 3 0x80008ad2 (0xfa6d)
core   0: 0x80008ac4 (0x0376c433) div     s0, a3, s7
core   0: 3 0x80008ac4 (0x0376c433) x 8 0x00000000
core   0: 0x80008ac8 (0x01291413) slli    s0, s2, 18
core   0: 3 0x80008ac8 (0x01291413) x 8 0x00000000
core   0: 0x80008acc (0x0000167d) c.addi  a2, -1
core   0: 3 0x80008acc (0x167d) x12 0x00000003
core   0: 0x80008ace (0x008ad433) srl     s0, s5, s0
core   0: 3 0x80008ace (0x008ad433) x 8 0xc0025d99
core   0: 0x80008ad2 (0x0000fa6d) c.bnez  a2, pc - 14
core   0: 3 0x80008ad2 (0xfa6d)
core   0: 0x80008ac4 (0x0376c433) div     s0, a3, s7
core   0: 3 0x80008ac4 (0x0376c433) x 8 0x00000000
core   0: 0x80008ac8 (0x01291413) slli    s0, s2, 18
core   0: 3 0x80008ac8 (0x01291413) x 8 0x00000000
core   0: 0x80008acc (0x0000167d) c.addi  a2, -1
core   0: 3 0x80008acc (0x167d) x12 0x00000002
core   0: 0x80008ace (0x008ad433) srl     s0, s5, s0
core   0: 3 0x80008ace (0x008ad433) x 8 0xc0025d99
core   0: 0x80008ad2 (0x0000fa6d) c.bnez  a2, pc - 14
core   0: 3 0x80008ad2 (0xfa6d)
core   0: 0x80008ac4 (0x0376c433) div     s0, a3, s7
core   0: 3 0x80008ac4 (0x0376c433) x 8 0x00000000
core   0: 0x80008ac8 (0x01291413) slli    s0, s2, 18
core   0: 3 0x80008ac8 (0x01291413) x 8 0x00000000
core   0: 0x80008acc (0x0000167d) c.addi  a2, -1
core   0: 3 0x80008acc (0x167d) x12 0x00000001
core   0: 0x80008ace (0x008ad433) srl     s0, s5, s0
core   0: 3 0x80008ace (0x008ad433) x 8 0xc0025d99
core   0: 0x80008ad2 (0x0000fa6d) c.bnez  a2, pc - 14
core   0: 3 0x80008ad2 (0xfa6d)
core   0: 0x80008ac4 (0x0376c433) div     s0, a3, s7
core   0: 3 0x80008ac4 (0x0376c433) x 8 0x00000000
core   0: 0x80008ac8 (0x01291413) slli    s0, s2, 18
core   0: 3 0x80008ac8 (0x01291413) x 8 0x00000000
core   0: 0x80008acc (0x0000167d) c.addi  a2, -1
core   0: 3 0x80008acc (0x167d) x12 0x00000000
core   0: 0x80008ace (0x008ad433) srl     s0, s5, s0
core   0: 3 0x80008ace (0x008ad433) x 8 0xc0025d99
core   0: 0x80008ad2 (0x0000fa6d) c.bnez  a2, pc - 14
core   0: 3 0x80008ad2 (0xfa6d)
core   0: 0x80008ad4 (0x02026eb3) rem     t4, tp, zero
core   0: 3 0x80008ad4 (0x02026eb3) x29 0x00018000
core   0: 0x80008ad8 (0x0204cbb3) div     s7, s1, zero
core   0: 3 0x80008ad8 (0x0204cbb3) x23 0xffffffff
core   0: 0x80008adc (0x00008f75) c.and   a4, a3
core   0: 3 0x80008adc (0x8f75) x14 0x00000000
core   0: 0x80008ade (0xfc754be3) blt     a0, t2, pc - 42
core   0: 3 0x80008ade (0xfc754be3)
core   0: 0x80008ab4 (0x3ab1bd13) sltiu   s10, gp, 939
core   0: 3 0x80008ab4 (0x3ab1bd13) x26 0x00000001
core   0: 0x80008ab8 (0x00000509) c.addi  a0, 2
core   0: 3 0x80008ab8 (0x0509) x10 0x0000000e
core   0: 0x80008aba (0x00a93833) sltu    a6, s2, a0
core   0: 3 0x80008aba (0x00a93833) x16 0x00000001
core   0: 0x80008abe (0x00700613) li      a2, 7
core   0: 3 0x80008abe (0x00700613) x12 0x00000007
core   0: 0x80008ac2 (0x00000001) c.nop
core   0: 3 0x80008ac2 (0x0001)
core   0: 0x80008ac4 (0x0376c433) div     s0, a3, s7
core   0: 3 0x80008ac4 (0x0376c433) x 8 0x00000000
core   0: 0x80008ac8 (0x01291413) slli    s0, s2, 18
core   0: 3 0x80008ac8 (0x01291413) x 8 0x00000000
core   0: 0x80008acc (0x0000167d) c.addi  a2, -1
core   0: 3 0x80008acc (0x167d) x12 0x00000006
core   0: 0x80008ace (0x008ad433) srl     s0, s5, s0
core   0: 3 0x80008ace (0x008ad433) x 8 0xc0025d99
core   0: 0x80008ad2 (0x0000fa6d) c.bnez  a2, pc - 14
core   0: 3 0x80008ad2 (0xfa6d)
core   0: 0x80008ac4 (0x0376c433) div     s0, a3, s7
core   0: 3 0x80008ac4 (0x0376c433) x 8 0x00000000
core   0: 0x80008ac8 (0x01291413) slli    s0, s2, 18
core   0: 3 0x80008ac8 (0x01291413) x 8 0x00000000
core   0: 0x80008acc (0x0000167d) c.addi  a2, -1
core   0: 3 0x80008acc (0x167d) x12 0x00000005
core   0: 0x80008ace (0x008ad433) srl     s0, s5, s0
core   0: 3 0x80008ace (0x008ad433) x 8 0xc0025d99
core   0: 0x80008ad2 (0x0000fa6d) c.bnez  a2, pc - 14
core   0: 3 0x80008ad2 (0xfa6d)
core   0: 0x80008ac4 (0x0376c433) div     s0, a3, s7
core   0: 3 0x80008ac4 (0x0376c433) x 8 0x00000000
core   0: 0x80008ac8 (0x01291413) slli    s0, s2, 18
core   0: 3 0x80008ac8 (0x01291413) x 8 0x00000000
core   0: 0x80008acc (0x0000167d) c.addi  a2, -1
core   0: 3 0x80008acc (0x167d) x12 0x00000004
core   0: 0x80008ace (0x008ad433) srl     s0, s5, s0
core   0: 3 0x80008ace (0x008ad433) x 8 0xc0025d99
core   0: 0x80008ad2 (0x0000fa6d) c.bnez  a2, pc - 14
core   0: 3 0x80008ad2 (0xfa6d)
core   0: 0x80008ac4 (0x0376c433) div     s0, a3, s7
core   0: 3 0x80008ac4 (0x0376c433) x 8 0x00000000
core   0: 0x80008ac8 (0x01291413) slli    s0, s2, 18
core   0: 3 0x80008ac8 (0x01291413) x 8 0x00000000
core   0: 0x80008acc (0x0000167d) c.addi  a2, -1
core   0: 3 0x80008acc (0x167d) x12 0x00000003
core   0: 0x80008ace (0x008ad433) srl     s0, s5, s0
core   0: 3 0x80008ace (0x008ad433) x 8 0xc0025d99
core   0: 0x80008ad2 (0x0000fa6d) c.bnez  a2, pc - 14
core   0: 3 0x80008ad2 (0xfa6d)
core   0: 0x80008ac4 (0x0376c433) div     s0, a3, s7
core   0: 3 0x80008ac4 (0x0376c433) x 8 0x00000000
core   0: 0x80008ac8 (0x01291413) slli    s0, s2, 18
core   0: 3 0x80008ac8 (0x01291413) x 8 0x00000000
core   0: 0x80008acc (0x0000167d) c.addi  a2, -1
core   0: 3 0x80008acc (0x167d) x12 0x00000002
core   0: 0x80008ace (0x008ad433) srl     s0, s5, s0
core   0: 3 0x80008ace (0x008ad433) x 8 0xc0025d99
core   0: 0x80008ad2 (0x0000fa6d) c.bnez  a2, pc - 14
core   0: 3 0x80008ad2 (0xfa6d)
core   0: 0x80008ac4 (0x0376c433) div     s0, a3, s7
core   0: 3 0x80008ac4 (0x0376c433) x 8 0x00000000
core   0: 0x80008ac8 (0x01291413) slli    s0, s2, 18
core   0: 3 0x80008ac8 (0x01291413) x 8 0x00000000
core   0: 0x80008acc (0x0000167d) c.addi  a2, -1
core   0: 3 0x80008acc (0x167d) x12 0x00000001
core   0: 0x80008ace (0x008ad433) srl     s0, s5, s0
core   0: 3 0x80008ace (0x008ad433) x 8 0xc0025d99
core   0: 0x80008ad2 (0x0000fa6d) c.bnez  a2, pc - 14
core   0: 3 0x80008ad2 (0xfa6d)
core   0: 0x80008ac4 (0x0376c433) div     s0, a3, s7
core   0: 3 0x80008ac4 (0x0376c433) x 8 0x00000000
core   0: 0x80008ac8 (0x01291413) slli    s0, s2, 18
core   0: 3 0x80008ac8 (0x01291413) x 8 0x00000000
core   0: 0x80008acc (0x0000167d) c.addi  a2, -1
core   0: 3 0x80008acc (0x167d) x12 0x00000000
core   0: 0x80008ace (0x008ad433) srl     s0, s5, s0
core   0: 3 0x80008ace (0x008ad433) x 8 0xc0025d99
core   0: 0x80008ad2 (0x0000fa6d) c.bnez  a2, pc - 14
core   0: 3 0x80008ad2 (0xfa6d)
core   0: 0x80008ad4 (0x02026eb3) rem     t4, tp, zero
core   0: 3 0x80008ad4 (0x02026eb3) x29 0x00018000
core   0: 0x80008ad8 (0x0204cbb3) div     s7, s1, zero
core   0: 3 0x80008ad8 (0x0204cbb3) x23 0xffffffff
core   0: 0x80008adc (0x00008f75) c.and   a4, a3
core   0: 3 0x80008adc (0x8f75) x14 0x00000000
core   0: 0x80008ade (0xfc754be3) blt     a0, t2, pc - 42
core   0: 3 0x80008ade (0xfc754be3)
core   0: 0x80008ab4 (0x3ab1bd13) sltiu   s10, gp, 939
core   0: 3 0x80008ab4 (0x3ab1bd13) x26 0x00000001
core   0: 0x80008ab8 (0x00000509) c.addi  a0, 2
core   0: 3 0x80008ab8 (0x0509) x10 0x00000010
core   0: 0x80008aba (0x00a93833) sltu    a6, s2, a0
core   0: 3 0x80008aba (0x00a93833) x16 0x00000001
core   0: 0x80008abe (0x00700613) li      a2, 7
core   0: 3 0x80008abe (0x00700613) x12 0x00000007
core   0: 0x80008ac2 (0x00000001) c.nop
core   0: 3 0x80008ac2 (0x0001)
core   0: 0x80008ac4 (0x0376c433) div     s0, a3, s7
core   0: 3 0x80008ac4 (0x0376c433) x 8 0x00000000
core   0: 0x80008ac8 (0x01291413) slli    s0, s2, 18
core   0: 3 0x80008ac8 (0x01291413) x 8 0x00000000
core   0: 0x80008acc (0x0000167d) c.addi  a2, -1
core   0: 3 0x80008acc (0x167d) x12 0x00000006
core   0: 0x80008ace (0x008ad433) srl     s0, s5, s0
core   0: 3 0x80008ace (0x008ad433) x 8 0xc0025d99
core   0: 0x80008ad2 (0x0000fa6d) c.bnez  a2, pc - 14
core   0: 3 0x80008ad2 (0xfa6d)
core   0: 0x80008ac4 (0x0376c433) div     s0, a3, s7
core   0: 3 0x80008ac4 (0x0376c433) x 8 0x00000000
core   0: 0x80008ac8 (0x01291413) slli    s0, s2, 18
core   0: 3 0x80008ac8 (0x01291413) x 8 0x00000000
core   0: 0x80008acc (0x0000167d) c.addi  a2, -1
core   0: 3 0x80008acc (0x167d) x12 0x00000005
core   0: 0x80008ace (0x008ad433) srl     s0, s5, s0
core   0: 3 0x80008ace (0x008ad433) x 8 0xc0025d99
core   0: 0x80008ad2 (0x0000fa6d) c.bnez  a2, pc - 14
core   0: 3 0x80008ad2 (0xfa6d)
core   0: 0x80008ac4 (0x0376c433) div     s0, a3, s7
core   0: 3 0x80008ac4 (0x0376c433) x 8 0x00000000
core   0: 0x80008ac8 (0x01291413) slli    s0, s2, 18
core   0: 3 0x80008ac8 (0x01291413) x 8 0x00000000
core   0: 0x80008acc (0x0000167d) c.addi  a2, -1
core   0: 3 0x80008acc (0x167d) x12 0x00000004
core   0: 0x80008ace (0x008ad433) srl     s0, s5, s0
core   0: 3 0x80008ace (0x008ad433) x 8 0xc0025d99
core   0: 0x80008ad2 (0x0000fa6d) c.bnez  a2, pc - 14
core   0: 3 0x80008ad2 (0xfa6d)
core   0: 0x80008ac4 (0x0376c433) div     s0, a3, s7
core   0: 3 0x80008ac4 (0x0376c433) x 8 0x00000000
core   0: 0x80008ac8 (0x01291413) slli    s0, s2, 18
core   0: 3 0x80008ac8 (0x01291413) x 8 0x00000000
core   0: 0x80008acc (0x0000167d) c.addi  a2, -1
core   0: 3 0x80008acc (0x167d) x12 0x00000003
core   0: 0x80008ace (0x008ad433) srl     s0, s5, s0
core   0: 3 0x80008ace (0x008ad433) x 8 0xc0025d99
core   0: 0x80008ad2 (0x0000fa6d) c.bnez  a2, pc - 14
core   0: 3 0x80008ad2 (0xfa6d)
core   0: 0x80008ac4 (0x0376c433) div     s0, a3, s7
core   0: 3 0x80008ac4 (0x0376c433) x 8 0x00000000
core   0: 0x80008ac8 (0x01291413) slli    s0, s2, 18
core   0: 3 0x80008ac8 (0x01291413) x 8 0x00000000
core   0: 0x80008acc (0x0000167d) c.addi  a2, -1
core   0: 3 0x80008acc (0x167d) x12 0x00000002
core   0: 0x80008ace (0x008ad433) srl     s0, s5, s0
core   0: 3 0x80008ace (0x008ad433) x 8 0xc0025d99
core   0: 0x80008ad2 (0x0000fa6d) c.bnez  a2, pc - 14
core   0: 3 0x80008ad2 (0xfa6d)
core   0: 0x80008ac4 (0x0376c433) div     s0, a3, s7
core   0: 3 0x80008ac4 (0x0376c433) x 8 0x00000000
core   0: 0x80008ac8 (0x01291413) slli    s0, s2, 18
core   0: 3 0x80008ac8 (0x01291413) x 8 0x00000000
core   0: 0x80008acc (0x0000167d) c.addi  a2, -1
core   0: 3 0x80008acc (0x167d) x12 0x00000001
core   0: 0x80008ace (0x008ad433) srl     s0, s5, s0
core   0: 3 0x80008ace (0x008ad433) x 8 0xc0025d99
core   0: 0x80008ad2 (0x0000fa6d) c.bnez  a2, pc - 14
core   0: 3 0x80008ad2 (0xfa6d)
core   0: 0x80008ac4 (0x0376c433) div     s0, a3, s7
core   0: 3 0x80008ac4 (0x0376c433) x 8 0x00000000
core   0: 0x80008ac8 (0x01291413) slli    s0, s2, 18
core   0: 3 0x80008ac8 (0x01291413) x 8 0x00000000
core   0: 0x80008acc (0x0000167d) c.addi  a2, -1
core   0: 3 0x80008acc (0x167d) x12 0x00000000
core   0: 0x80008ace (0x008ad433) srl     s0, s5, s0
core   0: 3 0x80008ace (0x008ad433) x 8 0xc0025d99
core   0: 0x80008ad2 (0x0000fa6d) c.bnez  a2, pc - 14
core   0: 3 0x80008ad2 (0xfa6d)
core   0: 0x80008ad4 (0x02026eb3) rem     t4, tp, zero
core   0: 3 0x80008ad4 (0x02026eb3) x29 0x00018000
core   0: 0x80008ad8 (0x0204cbb3) div     s7, s1, zero
core   0: 3 0x80008ad8 (0x0204cbb3) x23 0xffffffff
core   0: 0x80008adc (0x00008f75) c.and   a4, a3
core   0: 3 0x80008adc (0x8f75) x14 0x00000000
core   0: 0x80008ade (0xfc754be3) blt     a0, t2, pc - 42
core   0: 3 0x80008ade (0xfc754be3)
core   0: 0x80008ae2 (0x00ba12b3) sll     t0, s4, a1
core   0: 3 0x80008ae2 (0x00ba12b3) x 5 0xfffff98b
core   0: 0x80008ae6 (0x0368fe33) remu    t3, a7, s6
core   0: 3 0x80008ae6 (0x0368fe33) x28 0x7ffd639f
core   0: 0x80008aea (0x01175613) srli    a2, a4, 17
core   0: 3 0x80008aea (0x01175613) x12 0x00000000
core   0: 0x80008aee (0x0113e633) or      a2, t2, a7
core   0: 3 0x80008aee (0x0113e633) x12 0x7ffd639f
core   0: 0x80008af2 (0x8b20b493) sltiu   s1, ra, -1870
core   0: 3 0x80008af2 (0x8b20b493) x 9 0x00000001
core   0: 0x80008af6 (0x00008c11) c.sub   s0, a2
core   0: 3 0x80008af6 (0x8c11) x 8 0x4004f9fa
core   0: 0x80008af8 (0x01aea793) slti    a5, t4, 26
core   0: 3 0x80008af8 (0x01aea793) x15 0x00000000
core   0: 0x80008afc (0x000007c5) c.addi  a5, 17
core   0: 3 0x80008afc (0x07c5) x15 0x00000011
core   0: 0x80008afe (0x239ffe93) andi    t4, t6, 569
core   0: 3 0x80008afe (0x239ffe93) x29 0x00000020
core   0: 0x80008b02 (0x03850a33) mul     s4, a0, s8
core   0: 3 0x80008b02 (0x03850a33) x20 0xffffffc0
core   0: 0x80008b06 (0x00008439) c.srai  s0, 14
core   0: 3 0x80008b06 (0x8439) x 8 0x00010013
core   0: 0x80008b08 (0x0241e263) bltu    gp, tp, pc + 36
core   0: 3 0x80008b08 (0x0241e263)
core   0: 0x80008b2c (0x00008fd5) c.or    a5, a3
core   0: 3 0x80008b2c (0x8fd5) x15 0x00000011
core   0: 0x80008b2e (0x03ba6c33) rem     s8, s4, s11
core   0: 3 0x80008b2e (0x03ba6c33) x24 0xffffffc0
core   0: 0x80008b32 (0x027e9a63) bne     t4, t2, pc + 52
core   0: 3 0x80008b32 (0x027e9a63)
core   0: 0x80008b66 (0x01671c13) slli    s8, a4, 22
core   0: 3 0x80008b66 (0x01671c13) x24 0x00000000
core   0: 0x80008b6a (0x03f855b3) divu    a1, a6, t6
core   0: 3 0x80008b6a (0x03f855b3) x11 0x00000000
core   0: 0x80008b6e (0x0000c009) c.beqz  s0, pc + 2
core   0: 3 0x80008b6e (0xc009)
core   0: 0x80008b70 (0xb43ba693) slti    a3, s7, -1213
core   0: 3 0x80008b70 (0xb43ba693) x13 0x00000000
core   0: 0x80008b74 (0x02258563) beq     a1, sp, pc + 42
core   0: 3 0x80008b74 (0x02258563)
core   0: 0x80008b78 (0x18c8af13) slti    t5, a7, 396
core   0: 3 0x80008b78 (0x18c8af13) x30 0x00000000
core   0: 0x80008b7c (0x02e3a133) mulhsu  sp, t2, a4
core   0: 3 0x80008b7c (0x02e3a133) x 2 0x00000000
core   0: 0x80008b80 (0x02319563) bne     gp, gp, pc + 42
core   0: 3 0x80008b80 (0x02319563)
core   0: 0x80008b84 (0x19d2fe13) andi    t3, t0, 413
core   0: 3 0x80008b84 (0x19d2fe13) x28 0x00000189
core   0: 0x80008b88 (0x0234aeb3) mulhsu  t4, s1, gp
core   0: 3 0x80008b88 (0x0234aeb3) x29 0x00000000
core   0: 0x80008b8c (0x0000819d) c.srli  a1, 7
core   0: 3 0x80008b8c (0x819d) x11 0x00000000
core   0: 0x80008b8e (0x03c18c63) beq     gp, t3, pc + 56
core   0: 3 0x80008b8e (0x03c18c63)
core   0: 0x80008b92 (0x00000001) c.nop
core   0: 3 0x80008b92 (0x0001)
core   0: 0x80008b94 (0x01c0db93) srli    s7, ra, 28
core   0: 3 0x80008b94 (0x01c0db93) x23 0x00000000
core   0: 0x80008b98 (0x0315fe63) bgeu    a1, a7, pc + 60
core   0: 3 0x80008b98 (0x0315fe63)
core   0: 0x80008b9c (0x00008e91) c.sub   a3, a2
core   0: 3 0x80008b9c (0x8e91) x13 0x80029c61
core   0: 0x80008b9e (0x000083e1) c.srli  a5, 24
core   0: 3 0x80008b9e (0x83e1) x15 0x00000000
core   0: 0x80008ba0 (0x00274e33) xor     t3, a4, sp
core   0: 3 0x80008ba0 (0x00274e33) x28 0x00000000
core   0: 0x80008ba4 (0x00000001) c.nop
core   0: 3 0x80008ba4 (0x0001)
core   0: 0x80008ba6 (0x01a2dc33) srl     s8, t0, s10
core   0: 3 0x80008ba6 (0x01a2dc33) x24 0x7ffffcc5
core   0: 0x80008baa (0x501c6b93) ori     s7, s8, 1281
core   0: 3 0x80008baa (0x501c6b93) x23 0x7ffffdc5
core   0: 0x80008bae (0xa0f0bd13) sltiu   s10, ra, -1521
core   0: 3 0x80008bae (0xa0f0bd13) x26 0x00000001
core   0: 0x80008bb2 (0x40c40133) sub     sp, s0, a2
core   0: 3 0x80008bb2 (0x40c40133) x 2 0x80039c74
core   0: 0x80008bb6 (0x00008fd1) c.or    a5, a2
core   0: 3 0x80008bb6 (0x8fd1) x15 0x7ffd639f
core   0: 0x80008bb8 (0x0000100f) fence.i
core   0: 3 0x80008bb8 (0x0000100f)
core   0: 0x80008bbc (0x00528663) beq     t0, t0, pc + 12
core   0: 3 0x80008bbc (0x00528663)
core   0: 0x80008bc8 (0x00739593) slli    a1, t2, 7
core   0: 3 0x80008bc8 (0x00739593) x11 0x00000780
core   0: 0x80008bcc (0x000061e5) c.lui   gp, 0x19
core   0: 3 0x80008bcc (0x61e5) x 3 0x00019000
core   0: 0x80008bce (0x0091e563) bltu    gp, s1, pc + 10
core   0: 3 0x80008bce (0x0091e563)
core   0: 0x80008bd2 (0x000081f9) c.srli  a1, 30
core   0: 3 0x80008bd2 (0x81f9) x11 0x00000000
core   0: 0x80008bd4 (0x014adc13) srli    s8, s5, 20
core   0: 3 0x80008bd4 (0x014adc13) x24 0x00000c00
core   0: 0x80008bd8 (0x000056fd) c.li    a3, -1
core   0: 3 0x80008bd8 (0x56fd) x13 0xffffffff
core   0: 0x80008bda (0x00000001) c.nop
core   0: 3 0x80008bda (0x0001)
core   0: 0x80008bdc (0x17caca93) xori    s5, s5, 380
core   0: 3 0x80008bdc (0x17caca93) x21 0xc0025ce5
core   0: 0x80008be0 (0x0ff0000f) fence   iorw,iorw
core   0: 3 0x80008be0 (0x0ff0000f)
core   0: 0x80008be4 (0x37ba9217) auipc   tp, 0x37ba9
core   0: 3 0x80008be4 (0x37ba9217) x 4 0xb7bb1be4
core   0: 0x80008be8 (0x023a46b3) div     a3, s4, gp
core   0: 3 0x80008be8 (0x023a46b3) x13 0x00000000
core   0: 0x80008bec (0x05300063) beq     zero, s3, pc + 64
core   0: 3 0x80008bec (0x05300063)
core   0: 0x80008bf0 (0x007a4cb3) xor     s9, s4, t2
core   0: 3 0x80008bf0 (0x007a4cb3) x25 0xffffffcf
core   0: 0x80008bf4 (0x024b22b3) mulhsu  t0, s6, tp
core   0: 3 0x80008bf4 (0x024b22b3) x 5 0xa4242542
core   0: 0x80008bf8 (0x004c5f63) bge     s8, tp, pc + 30
core   0: 3 0x80008bf8 (0x004c5f63)
core   0: 0x80008c16 (0x00006145) c.addi16sp sp, 48
core   0: 3 0x80008c16 (0x6145) x 2 0x80039ca4
core   0: 0x80008c18 (0x025f80b3) mul     ra, t6, t0
core   0: 3 0x80008c18 (0x025f80b3) x 1 0x1e1e8dc8
core   0: 0x80008c1c (0x00000001) c.nop
core   0: 3 0x80008c1c (0x0001)
core   0: 0x80008c1e (0x03989733) mulh    a4, a7, s9
core   0: 3 0x80008c1e (0x03989733) x14 0xffffffe7
core   0: 0x80008c22 (0x0e59f863) bgeu    s3, t0, pc + 240
core   0: 3 0x80008c22 (0x0e59f863)
core   0: 0x80008c26 (0x000091c2) c.add   gp, a6
core   0: 3 0x80008c26 (0x91c2) x 3 0x00019001
core   0: 0x80008c28 (0x02a530b3) mulhu   ra, a0, a0
core   0: 3 0x80008c28 (0x02a530b3) x 1 0x00000000
core   0: 0x80008c2c (0x155c4e13) xori    t3, s8, 341
core   0: 3 0x80008c2c (0x155c4e13) x28 0x00000d55
core   0: 0x80008c30 (0x00912233) slt     tp, sp, s1
core   0: 3 0x80008c30 (0x00912233) x 4 0x00000001
core   0: 0x80008c34 (0xcba07f93) andi    t6, zero, -838
core   0: 3 0x80008c34 (0xcba07f93) x31 0x00000000
core   0: 0x80008c38 (0x020b7ab3) remu    s5, s6, zero
core   0: 3 0x80008c38 (0x020b7ab3) x21 0x80025e64
core   0: 0x80008c3c (0x64bbf693) andi    a3, s7, 1611
core   0: 3 0x80008c3c (0x64bbf693) x13 0x00000441
core   0: 0x80008c40 (0xad574613) xori    a2, a4, -1323
core   0: 3 0x80008c40 (0xad574613) x12 0x00000532
core   0: 0x80008c44 (0x01d25f93) srli    t6, tp, 29
core   0: 3 0x80008c44 (0x01d25f93) x31 0x00000000
core   0: 0x80008c48 (0x13e43a93) sltiu   s5, s0, 318
core   0: 3 0x80008c48 (0x13e43a93) x21 0x00000000
core   0: 0x80008c4c (0x00007117) auipc   sp, 0x7
core   0: 3 0x80008c4c (0x00007117) x 2 0x8000fc4c
core   0: 0x80008c50 (0x7fb10113) addi    sp, sp, 2043
core   0: 3 0x80008c50 (0x7fb10113) x 2 0x80010447
core   0: 0x80008c54 (0x00000761) c.addi  a4, 24
core   0: 3 0x80008c54 (0x0761) x14 0xffffffff
core   0: 0x80008c56 (0x0ff0000f) fence   iorw,iorw
core   0: 3 0x80008c56 (0x0ff0000f)
core   0: 0x80008c5a (0x00110603) lb      a2, 1(sp)
core   0: 3 0x80008c5a (0x00110603) x12 0x00000003 mem 0x80010448
core   0: 0x80008c5e (0xc5570493) addi    s1, a4, -939
core   0: 3 0x80008c5e (0xc5570493) x 9 0xfffffc54
core   0: 0x80008c62 (0x00915203) lhu     tp, 9(sp)
core   0: 3 0x80008c62 (0x00915203) x 4 0x00000a0b mem 0x80010450
core   0: 0x80008c66 (0xc9938fb7) lui     t6, 0xc9938
core   0: 3 0x80008c66 (0xc9938fb7) x31 0xc9938000
core   0: 0x80008c6a (0x010f45b3) xor     a1, t5, a6
core   0: 3 0x80008c6a (0x010f45b3) x11 0x00000001
core   0: 0x80008c6e (0x00008e45) c.or    a2, s1
core   0: 3 0x80008c6e (0x8e45) x12 0xfffffc57
core   0: 0x80008c70 (0x00000001) c.nop
core   0: 3 0x80008c70 (0x0001)
core   0: 0x80008c72 (0xfff10e23) sb      t6, -4(sp)
core   0: 3 0x80008c72 (0xfff10e23) mem 0x80010443 0x0
core   0: 0x80008c76 (0x0388c033) div     zero, a7, s8
core   0: 3 0x80008c76 (0x0388c033)
core   0: 0x80008c7a (0x000084d6) c.mv    s1, s5
core   0: 3 0x80008c7a (0x84d6) x 9 0x00000000
core   0: 0x80008c7c (0xffe10503) lb      a0, -2(sp)
core   0: 3 0x80008c7c (0xffe10503) x10 0x00000064 mem 0x80010445
core   0: 0x80008c80 (0x00a10003) lb      zero, 10(sp)
core   0: 3 0x80008c80 (0x00a10003) mem 0x80010451
core   0: 0x80008c84 (0x00111503) lh      a0, 1(sp)
core   0: 3 0x80008c84 (0x00111503) x10 0x00000203 mem 0x80010448
core   0: 0x80008c88 (0x010107a3) sb      a6, 15(sp)
core   0: 3 0x80008c88 (0x010107a3) mem 0x80010456 0x1
core   0: 0x80008c8c (0xfe810923) sb      s0, -14(sp)
core   0: 3 0x80008c8c (0xfe810923) mem 0x80010439 0x13
core   0: 0x80008c90 (0xfe211ca3) sh      sp, -7(sp)
core   0: 3 0x80008c90 (0xfe211ca3) mem 0x80010440 0x0447
core   0: 0x80008c94 (0x021c1233) mulh    tp, s8, ra
core   0: 3 0x80008c94 (0x021c1233) x 4 0x00000000
core   0: 0x80008c98 (0x01829d33) sll     s10, t0, s8
core   0: 3 0x80008c98 (0x01829d33) x26 0xa4242542
core   0: 0x80008c9c (0xffa10c83) lb      s9, -6(sp)
core   0: 3 0x80008c9c (0xffa10c83) x25 0x00000004 mem 0x80010441
core   0: 0x80008ca0 (0x01bc8c33) add     s8, s9, s11
core   0: 3 0x80008ca0 (0x01bc8c33) x24 0x80029ce8
core   0: 0x80008ca4 (0x035fdcb3) divu    s9, t6, s5
core   0: 3 0x80008ca4 (0x035fdcb3) x25 0xffffffff
core   0: 0x80008ca8 (0x022dc833) div     a6, s11, sp
core   0: 3 0x80008ca8 (0x022dc833) x16 0x00000000
core   0: 0x80008cac (0x00000001) c.nop
core   0: 3 0x80008cac (0x0001)
core   0: 0x80008cae (0x000104a3) sb      zero, 9(sp)
core   0: 3 0x80008cae (0x000104a3) mem 0x80010450 0x0
core   0: 0x80008cb2 (0xff210da3) sb      s2, -5(sp)
core   0: 3 0x80008cb2 (0xff210da3) mem 0x80010442 0x0
core   0: 0x80008cb6 (0xffd14c83) lbu     s9, -3(sp)
core   0: 3 0x80008cb6 (0xffd14c83) x25 0x000000ff mem 0x80010444
core   0: 0x80008cba (0x00610a83) lb      s5, 6(sp)
core   0: 3 0x80008cba (0x00610a83) x21 0x00000006 mem 0x8001044d
core   0: 0x80008cbe (0x41cd8913) addi    s2, s11, 1052
core   0: 3 0x80008cbe (0x41cd8913) x18 0x8002a100
core   0: 0x80008cc2 (0x017100a3) sb      s7, 1(sp)
core   0: 3 0x80008cc2 (0x017100a3) mem 0x80010448 0xc5
core   0: 0x80008cc6 (0x015c18b3) sll     a7, s8, s5
core   0: 3 0x80008cc6 (0x015c18b3) x17 0x00a73a00
core   0: 0x80008cca (0x002b6fb3) or      t6, s6, sp
core   0: 3 0x80008cca (0x002b6fb3) x31 0x80035e67
core   0: 0x80008cce (0x000082b9) c.srli  a3, 14
core   0: 3 0x80008cce (0x82b9) x13 0x00000000
core   0: 0x80008cd0 (0x00008f21) c.xor   a4, s0
core   0: 3 0x80008cd0 (0x8f21) x14 0xfffeffec
core   0: 0x80008cd2 (0x00b10483) lb      s1, 11(sp)
core   0: 3 0x80008cd2 (0x00b10483) x 9 0x00000009 mem 0x80010452
core   0: 0x80008cd6 (0x41ff8bb3) sub     s7, t6, t6
core   0: 3 0x80008cd6 (0x41ff8bb3) x23 0x00000000
core   0: 0x80008cda (0x00910283) lb      t0, 9(sp)
core   0: 3 0x80008cda (0x00910283) x 5 0x00000000 mem 0x80010450
core   0: 0x80008cde (0x00a10403) lb      s0, 10(sp)
core   0: 3 0x80008cde (0x00a10403) x 8 0x0000000a mem 0x80010451
core   0: 0x80008ce2 (0x00814c83) lbu     s9, 8(sp)
core   0: 3 0x80008ce2 (0x00814c83) x25 0x00000000 mem 0x8001044f
core   0: 0x80008ce6 (0xffe14d03) lbu     s10, -2(sp)
core   0: 3 0x80008ce6 (0xffe14d03) x26 0x00000064 mem 0x80010445
core   0: 0x80008cea (0x0ff0000f) fence   iorw,iorw
core   0: 3 0x80008cea (0x0ff0000f)
core   0: 0x80008cee (0x016bc233) xor     tp, s7, s6
core   0: 3 0x80008cee (0x016bc233) x 4 0x80025e64
core   0: 0x80008cf2 (0xffb15603) lhu     a2, -5(sp)
core   0: 3 0x80008cf2 (0xffb15603) x12 0x00000000 mem 0x80010442
core   0: 0x80008cf6 (0x01014a03) lbu     s4, 16(sp)
core   0: 3 0x80008cf6 (0x01014a03) x20 0x00000064 mem 0x80010457
core   0: 0x80008cfa (0x03b66363) bltu    a2, s11, pc + 38
core   0: 3 0x80008cfa (0x03b66363)
core   0: 0x80008d20 (0x00cd3d33) sltu    s10, s10, a2
core   0: 3 0x80008d20 (0x00cd3d33) x26 0x00000000
core   0: 0x80008d24 (0x03df7363) bgeu    t5, t4, pc + 38
core   0: 3 0x80008d24 (0x03df7363)
core   0: 0x80008d4a (0x00000001) c.nop
core   0: 3 0x80008d4a (0x0001)
core   0: 0x80008d4c (0x738e6293) ori     t0, t3, 1848
core   0: 3 0x80008d4c (0x738e6293) x 5 0x00000f7d
core   0: 0x80008d50 (0x0a1cee93) ori     t4, s9, 161
core   0: 3 0x80008d50 (0x0a1cee93) x29 0x000000a1
core   0: 0x80008d54 (0x4194df33) sra     t5, s1, s9
core   0: 3 0x80008d54 (0x4194df33) x30 0x00000009
core   0: 0x80008d58 (0x02898333) mul     t1, s3, s0
core   0: 3 0x80008d58 (0x02898333) x 6 0x00000050
core   0: 0x80008d5c (0x0000c19d) c.beqz  a1, pc + 38
core   0: 3 0x80008d5c (0xc19d)
core   0: 0x80008d5e (0x00008c59) c.or    s0, a4
core   0: 3 0x80008d5e (0x8c59) x 8 0xfffeffee
core   0: 0x80008d60 (0x4053dab3) sra     s5, t2, t0
core   0: 3 0x80008d60 (0x4053dab3) x21 0x00000000
core   0: 0x80008d64 (0xf4a70593) addi    a1, a4, -182
core   0: 3 0x80008d64 (0xf4a70593) x11 0xfffeff36
core   0: 0x80008d68 (0x022015b3) mulh    a1, zero, sp
core   0: 3 0x80008d68 (0x022015b3) x11 0x00000000
core   0: 0x80008d6c (0x41c38ab3) sub     s5, t2, t3
core   0: 3 0x80008d6c (0x41c38ab3) x21 0xfffff2ba
core   0: 0x80008d70 (0xb1ab1137) lui     sp, 0xb1ab1
core   0: 3 0x80008d70 (0xb1ab1137) x 2 0xb1ab1000
core   0: 0x80008d74 (0x00bd1b93) slli    s7, s10, 11
core   0: 3 0x80008d74 (0x00bd1b93) x23 0x00000000
core   0: 0x80008d78 (0x0164b1b3) sltu    gp, s1, s6
core   0: 3 0x80008d78 (0x0164b1b3) x 3 0x00000001
core   0: 0x80008d7c (0x00008856) c.mv    a6, s5
core   0: 3 0x80008d7c (0x8856) x16 0xfffff2ba
core   0: 0x80008d7e (0x002cecb3) or      s9, s9, sp
core   0: 3 0x80008d7e (0x002cecb3) x25 0xb1ab1000
core   0: 0x80008d82 (0x41865313) srai    t1, a2, 24
core   0: 3 0x80008d82 (0x41865313) x 6 0x00000000
core   0: 0x80008d86 (0x03826bb3) rem     s7, tp, s8
core   0: 3 0x80008d86 (0x03826bb3) x23 0xffffc17c
core   0: 0x80008d8a (0x00006409) c.lui   s0, 0x2
core   0: 3 0x80008d8a (0x6409) x 8 0x00002000
core   0: 0x80008d8c (0xa54dfe13) andi    t3, s11, -1452
core   0: 3 0x80008d8c (0xa54dfe13) x28 0x80029844
core   0: 0x80008d90 (0x0000100f) fence.i
core   0: 3 0x80008d90 (0x0000100f)
core   0: 0x80008d94 (0x002dcbb3) xor     s7, s11, sp
core   0: 3 0x80008d94 (0x002dcbb3) x23 0x31a98ce4
core   0: 0x80008d98 (0x0000880e) c.mv    a6, gp
core   0: 3 0x80008d98 (0x880e) x16 0x00000001
core   0: 0x80008d9a (0x0004e263) bltu    s1, zero, pc + 4
core   0: 3 0x80008d9a (0x0004e263)
core   0: 0x80008d9e (0xcb232193) slti    gp, t1, -846
core   0: 3 0x80008d9e (0xcb232193) x 3 0x00000000
core   0: 0x80008da2 (0x035e4cb3) div     s9, t3, s5
core   0: 3 0x80008da2 (0x035e4cb3) x25 0x0009a47e
core   0: 0x80008da6 (0x00000296) c.slli  t0, 5
core   0: 3 0x80008da6 (0x0296) x 5 0x0001efa0
core   0: 0x80008da8 (0x01c11f63) bne     sp, t3, pc + 30
core   0: 3 0x80008da8 (0x01c11f63)
core   0: 0x80008dc6 (0x00720b63) beq     tp, t2, pc + 22
core   0: 3 0x80008dc6 (0x00720b63)
core   0: 0x80008dca (0x0ff0000f) fence   iorw,iorw
core   0: 3 0x80008dca (0x0ff0000f)
core   0: 0x80008dce (0xc7854013) xori    zero, a0, -904
core   0: 3 0x80008dce (0xc7854013)
core   0: 0x80008dd2 (0x00004fb5) c.li    t6, 13
core   0: 3 0x80008dd2 (0x4fb5) x31 0x0000000d
core   0: 0x80008dd4 (0x01de40b3) xor     ra, t3, t4
core   0: 3 0x80008dd4 (0x01de40b3) x 1 0x800298e5
core   0: 0x80008dd8 (0x02518c63) beq     gp, t0, pc + 56
core   0: 3 0x80008dd8 (0x02518c63)
core   0: 0x80008ddc (0x0000035a) c.slli  t1, 22
core   0: 3 0x80008ddc (0x035a) x 6 0x00000000
core   0: 0x80008dde (0x00008be2) c.mv    s7, s8
core   0: 3 0x80008dde (0x8be2) x23 0x80029ce8
core   0: 0x80008de0 (0x0000100f) fence.i
core   0: 3 0x80008de0 (0x0000100f)
core   0: 0x80008de4 (0x01467633) and     a2, a2, s4
core   0: 3 0x80008de4 (0x01467633) x12 0x00000000
core   0: 0x80008de8 (0x00008c0d) c.sub   s0, a1
core   0: 3 0x80008de8 (0x8c0d) x 8 0x00002000
core   0: 0x80008dea (0x01a18033) add     zero, gp, s10
core   0: 3 0x80008dea (0x01a18033)
core   0: 0x80008dee (0x00008366) c.mv    t1, s9
core   0: 3 0x80008dee (0x8366) x 6 0x0009a47e
core   0: 0x80008df0 (0x02612a33) mulhsu  s4, sp, t1
core   0: 3 0x80008df0 (0x02612a33) x20 0xfffd0cae
core   0: 0x80008df4 (0x00008e11) c.sub   a2, a2
core   0: 3 0x80008df4 (0x8e11) x12 0x00000000
core   0: 0x80008df6 (0x002a6b63) bltu    s4, sp, pc + 22
core   0: 3 0x80008df6 (0x002a6b63)
core   0: 0x80008dfa (0x00008c45) c.or    s0, s1
core   0: 3 0x80008dfa (0x8c45) x 8 0x00002009
core   0: 0x80008dfc (0x00008c26) c.mv    s8, s1
core   0: 3 0x80008dfc (0x8c26) x24 0x00000009
core   0: 0x80008dfe (0x0ff0000f) fence   iorw,iorw
core   0: 3 0x80008dfe (0x0ff0000f)
core   0: 0x80008e02 (0x794d05b7) lui     a1, 0x794d0
core   0: 3 0x80008e02 (0x794d05b7) x11 0x794d0000
core   0: 0x80008e06 (0x0000100f) fence.i
core   0: 3 0x80008e06 (0x0000100f)
core   0: 0x80008e0a (0x00000001) c.nop
core   0: 3 0x80008e0a (0x0001)
core   0: 0x80008e0c (0x2bff0a93) addi    s5, t5, 703
core   0: 3 0x80008e0c (0x2bff0a93) x21 0x000002c8
core   0: 0x80008e10 (0x0000100f) fence.i
core   0: 3 0x80008e10 (0x0000100f)
core   0: 0x80008e14 (0x03522133) mulhsu  sp, tp, s5
core   0: 3 0x80008e14 (0x03522133) x 2 0xfffffe9c
core   0: 0x80008e18 (0x018b8763) beq     s7, s8, pc + 14
core   0: 3 0x80008e18 (0x018b8763)
core   0: 0x80008e1c (0x000087f6) c.mv    a5, t4
core   0: 3 0x80008e1c (0x87f6) x15 0x000000a1
core   0: 0x80008e1e (0x28bb0e93) addi    t4, s6, 651
core   0: 3 0x80008e1e (0x28bb0e93) x29 0x800260ef
core   0: 0x80008e22 (0x00005bfd) c.li    s7, -1
core   0: 3 0x80008e22 (0x5bfd) x23 0xffffffff
core   0: 0x80008e24 (0x000092de) c.add   t0, s7
core   0: 3 0x80008e24 (0x92de) x 5 0x0001ef9f
core   0: 0x80008e26 (0x00000962) c.slli  s2, 24
core   0: 3 0x80008e26 (0x0962) x18 0x00000000
core   0: 0x80008e28 (0x000051fd) c.li    gp, -1
core   0: 3 0x80008e28 (0x51fd) x 3 0xffffffff
core   0: 0x80008e2a (0x01efafb3) slt     t6, t6, t5
core   0: 3 0x80008e2a (0x01efafb3) x31 0x00000000
core   0: 0x80008e2e (0x000099fd) c.andi  a1, -1
core   0: 3 0x80008e2e (0x99fd) x11 0x794d0000
core   0: 0x80008e30 (0x00aedf93) srli    t6, t4, 10
core   0: 3 0x80008e30 (0x00aedf93) x31 0x00200098
core   0: 0x80008e34 (0x409dd513) srai    a0, s11, 9
core   0: 3 0x80008e34 (0x409dd513) x10 0xffc0014e
core   0: 0x80008e38 (0x00008251) c.srli  a2, 20
core   0: 3 0x80008e38 (0x8251) x12 0x00000000
core   0: 0x80008e3a (0x029b7633) remu    a2, s6, s1
core   0: 3 0x80008e3a (0x029b7633) x12 0x00000006
core   0: 0x80008e3e (0x02865533) divu    a0, a2, s0
core   0: 3 0x80008e3e (0x02865533) x10 0x00000000
core   0: 0x80008e42 (0x02593a33) mulhu   s4, s2, t0
core   0: 3 0x80008e42 (0x02593a33) x20 0x00000000
core   0: 0x80008e46 (0x03aebd33) mulhu   s10, t4, s10
core   0: 3 0x80008e46 (0x03aebd33) x26 0x00000000
core   0: 0x80008e4a (0x000080ed) c.srli  s1, 27
core   0: 3 0x80008e4a (0x80ed) x 9 0x00000000
core   0: 0x80008e4c (0x00000efa) c.slli  t4, 30
core   0: 3 0x80008e4c (0x0efa) x29 0xc0000000
core   0: 0x80008e4e (0xc610ae13) slti    t3, ra, -927
core   0: 3 0x80008e4e (0xc610ae13) x28 0x00000001
core   0: 0x80008e52 (0x00008e32) c.mv    t3, a2
core   0: 3 0x80008e52 (0x8e32) x28 0x00000006
core   0: 0x80008e54 (0x41f4d4b3) sra     s1, s1, t6
core   0: 3 0x80008e54 (0x41f4d4b3) x 9 0x00000000
core   0: 0x80008e58 (0x84d04a13) xori    s4, zero, -1971
core   0: 3 0x80008e58 (0x84d04a13) x20 0xfffff84d
core   0: 0x80008e5c (0x00d31f33) sll     t5, t1, a3
core   0: 3 0x80008e5c (0x00d31f33) x30 0x0009a47e
core   0: 0x80008e60 (0x40ded2b3) sra     t0, t4, a3
core   0: 3 0x80008e60 (0x40ded2b3) x 5 0xc0000000
core   0: 0x80008e64 (0x00000891) c.addi  a7, 4
core   0: 3 0x80008e64 (0x0891) x17 0x00a73a04
core   0: 0x80008e66 (0x00008265) c.srli  a2, 25
core   0: 3 0x80008e66 (0x8265) x12 0x00000000
core   0: 0x80008e68 (0x000fd593) srli    a1, t6, 0
core   0: 3 0x80008e68 (0x000fd593) x11 0x00200098
core   0: 0x80008e6c (0x9b953b93) sltiu   s7, a0, -1607
core   0: 3 0x80008e6c (0x9b953b93) x23 0x00000001
core   0: 0x80008e70 (0x01cf71b3) and     gp, t5, t3
core   0: 3 0x80008e70 (0x01cf71b3) x 3 0x00000006
core   0: 0x80008e74 (0x01151493) slli    s1, a0, 17
core   0: 3 0x80008e74 (0x01151493) x 9 0x00000000
core   0: 0x80008e78 (0x01417bb3) and     s7, sp, s4
core   0: 3 0x80008e78 (0x01417bb3) x23 0xfffff80c
core   0: 0x80008e7c (0x00008ec1) c.or    a3, s0
core   0: 3 0x80008e7c (0x8ec1) x13 0x00002009
core   0: 0x80008e7e (0x00008469) c.srai  s0, 26
core   0: 3 0x80008e7e (0x8469) x 8 0x00000000
core   0: 0x80008e80 (0x03d9ebb3) rem     s7, s3, t4
core   0: 3 0x80008e80 (0x03d9ebb3) x23 0x00000008
core   0: 0x80008e84 (0x00000566) c.slli  a0, 25
core   0: 3 0x80008e84 (0x0566) x10 0x00000000
core   0: 0x80008e86 (0x03e5cfb3) div     t6, a1, t5
core   0: 3 0x80008e86 (0x03e5cfb3) x31 0x00000003
core   0: 0x80008e8a (0x0196a3b3) slt     t2, a3, s9
core   0: 3 0x80008e8a (0x0196a3b3) x 7 0x00000001
core   0: 0x80008e8e (0x020b7763) bgeu    s6, zero, pc + 46
core   0: 3 0x80008e8e (0x020b7763)
core   0: 0x80008ebc (0x01ba3fb3) sltu    t6, s4, s11
core   0: 3 0x80008ebc (0x01ba3fb3) x31 0x00000000
core   0: 0x80008ec0 (0x01f9d933) srl     s2, s3, t6
core   0: 3 0x80008ec0 (0x01f9d933) x18 0x00000008
core   0: 0x80008ec4 (0x0ff0000f) fence   iorw,iorw
core   0: 3 0x80008ec4 (0x0ff0000f)
core   0: 0x80008ec8 (0x00001a88) c.addi4spn a0, sp, 368
core   0: 3 0x80008ec8 (0x1a88) x10 0x0000000c
core   0: 0x80008eca (0x400b5ab3) sra     s5, s6, zero
core   0: 3 0x80008eca (0x400b5ab3) x21 0x80025e64
core   0: 0x80008ece (0x033b4233) div     tp, s6, s3
core   0: 3 0x80008ece (0x033b4233) x 4 0xf0004bcd
core   0: 0x80008ed2 (0x02c6d633) divu    a2, a3, a2
core   0: 3 0x80008ed2 (0x02c6d633) x12 0xffffffff
core   0: 0x80008ed6 (0x02a376b3) remu    a3, t1, a0
core   0: 3 0x80008ed6 (0x02a376b3) x13 0x00000002
core   0: 0x80008eda (0x0000ca09) c.beqz  a2, pc + 18
core   0: 3 0x80008eda (0xca09)
core   0: 0x80008edc (0xdfb78917) auipc   s2, 0xdfb78
core   0: 3 0x80008edc (0xdfb78917) x18 0x5fb80edc
core   0: 0x80008ee0 (0x00008061) c.srli  s0, 24
core   0: 3 0x80008ee0 (0x8061) x 8 0x00000000
core   0: 0x80008ee2 (0x00006969) c.lui   s2, 0x1a
core   0: 3 0x80008ee2 (0x6969) x18 0x0001a000
core   0: 0x80008ee4 (0x00008aae) c.mv    s5, a1
core   0: 3 0x80008ee4 (0x8aae) x21 0x00200098
core   0: 0x80008ee6 (0x00651cb3) sll     s9, a0, t1
core   0: 3 0x80008ee6 (0x00651cb3) x25 0x00000000
core   0: 0x80008eea (0x00000d66) c.slli  s10, 25
core   0: 3 0x80008eea (0x0d66) x26 0x00000000
core   0: 0x80008eec (0x03af80b3) mul     ra, t6, s10
core   0: 3 0x80008eec (0x03af80b3) x 1 0x00000000
core   0: 0x80008ef0 (0x01ae4263) blt     t3, s10, pc + 4
core   0: 3 0x80008ef0 (0x01ae4263)
core   0: 0x80008ef4 (0x009dd913) srli    s2, s11, 9
core   0: 3 0x80008ef4 (0x009dd913) x18 0x0040014e
core   0: 0x80008ef8 (0x02d36933) rem     s2, t1, a3
core   0: 3 0x80008ef8 (0x02d36933) x18 0x00000000
core   0: 0x80008efc (0x00008349) c.srli  a4, 18
core   0: 3 0x80008efc (0x8349) x14 0x00003fff
core   0: 0x80008efe (0x00e8a8b3) slt     a7, a7, a4
core   0: 3 0x80008efe (0x00e8a8b3) x17 0x00000000
core   0: 0x80008f02 (0x0000e705) c.bnez  a4, pc + 40
core   0: 3 0x80008f02 (0xe705)
core   0: 0x80008f2a (0x03345333) divu    t1, s0, s3
core   0: 3 0x80008f2a (0x03345333) x 6 0x00000000
core   0: 0x80008f2e (0x020053b3) divu    t2, zero, zero
core   0: 3 0x80008f2e (0x020053b3) x 7 0xffffffff
core   0: 0x80008f32 (0x00c180b3) add     ra, gp, a2
core   0: 3 0x80008f32 (0x00c180b3) x 1 0x00000005
core   0: 0x80008f36 (0x0000ef8d) c.bnez  a5, pc + 58
core   0: 3 0x80008f36 (0xef8d)
core   0: 0x80008f70 (0x00008e09) c.sub   a2, a0
core   0: 3 0x80008f70 (0x8e09) x12 0xfffffff3
core   0: 0x80008f72 (0x00008f49) c.or    a4, a0
core   0: 3 0x80008f72 (0x8f49) x14 0x00003fff
core   0: 0x80008f74 (0x4eaa7037) lui     zero, 0x4eaa7
core   0: 3 0x80008f74 (0x4eaa7037)
core   0: 0x80008f78 (0x005d4863) blt     s10, t0, pc + 16
core   0: 3 0x80008f78 (0x005d4863)
core   0: 0x80008f7c (0xb5004b93) xori    s7, zero, -1200
core   0: 3 0x80008f7c (0xb5004b93) x23 0xfffffb50
core   0: 0x80008f80 (0x008ac4b3) xor     s1, s5, s0
core   0: 3 0x80008f80 (0x008ac4b3) x 9 0x00200098
core   0: 0x80008f84 (0x01bb5933) srl     s2, s6, s11
core   0: 3 0x80008f84 (0x01bb5933) x18 0x080025e6
core   0: 0x80008f88 (0x282cf293) andi    t0, s9, 642
core   0: 3 0x80008f88 (0x282cf293) x 5 0x00000000
core   0: 0x80008f8c (0x0000993e) c.add   s2, a5
core   0: 3 0x80008f8c (0x993e) x18 0x08002687
core   0: 0x80008f8e (0x00ac0fb3) add     t6, s8, a0
core   0: 3 0x80008f8e (0x00ac0fb3) x31 0x00000015
core   0: 0x80008f92 (0x015c0d33) add     s10, s8, s5
core   0: 3 0x80008f92 (0x015c0d33) x26 0x002000a1
core   0: 0x80008f96 (0x01751b93) slli    s7, a0, 23
core   0: 3 0x80008f96 (0x01751b93) x23 0x06000000
core   0: 0x80008f9a (0x0000100f) fence.i
core   0: 3 0x80008f9a (0x0000100f)
core   0: 0x80008f9e (0x00391e63) bne     s2, gp, pc + 28
core   0: 3 0x80008f9e (0x00391e63)
core   0: 0x80008fba (0x01176563) bltu    a4, a7, pc + 10
core   0: 3 0x80008fba (0x01176563)
core   0: 0x80008fbe (0x41e90033) sub     zero, s2, t5
core   0: 3 0x80008fbe (0x41e90033)
core   0: 0x80008fc2 (0x00008c51) c.or    s0, a2
core   0: 3 0x80008fc2 (0x8c51) x 8 0xfffffff3
core   0: 0x80008fc4 (0x4192dd33) sra     s10, t0, s9
core   0: 3 0x80008fc4 (0x4192dd33) x26 0x00000000
core   0: 0x80008fc8 (0x05478513) addi    a0, a5, 84
core   0: 3 0x80008fc8 (0x05478513) x10 0x000000f5
core   0: 0x80008fcc (0x010b0263) beq     s6, a6, pc + 4
core   0: 3 0x80008fcc (0x010b0263)
core   0: 0x80008fd0 (0x02ebb933) mulhu   s2, s7, a4
core   0: 3 0x80008fd0 (0x02ebb933) x18 0x0000017f
core   0: 0x80008fd4 (0x004f9493) slli    s1, t6, 4
core   0: 3 0x80008fd4 (0x004f9493) x 9 0x00000150
core   0: 0x80008fd8 (0x00008845) c.andi  s0, 17
core   0: 3 0x80008fd8 (0x8845) x 8 0x00000011
core   0: 0x80008fda (0x00009f32) c.add   t5, a2
core   0: 3 0x80008fda (0x9f32) x30 0x0009a471
core   0: 0x80008fdc (0x03e97e33) remu    t3, s2, t5
core   0: 3 0x80008fdc (0x03e97e33) x28 0x0000017f
core   0: 0x80008fe0 (0x031a3a93) sltiu   s5, s4, 49
core   0: 3 0x80008fe0 (0x031a3a93) x21 0x00000000
core   0: 0x80008fe4 (0x03fccf33) div     t5, s9, t6
core   0: 3 0x80008fe4 (0x03fccf33) x30 0x00000000
core   0: 0x80008fe8 (0x2481a113) slti    sp, gp, 584
core   0: 3 0x80008fe8 (0x2481a113) x 2 0x00000001
core   0: 0x80008fec (0x0000855d) c.srai  a0, 23
core   0: 3 0x80008fec (0x855d) x10 0x00000000
core   0: 0x80008fee (0x037470b3) remu    ra, s0, s7
core   0: 3 0x80008fee (0x037470b3) x 1 0x00000011
core   0: 0x80008ff2 (0x407a5cb3) sra     s9, s4, t2
core   0: 3 0x80008ff2 (0x407a5cb3) x25 0xffffffff
core   0: 0x80008ff6 (0x0368df63) bge     a7, s6, pc + 62
core   0: 3 0x80008ff6 (0x0368df63)
core   0: 0x80009034 (0x000060cd) c.lui   ra, 0x13
core   0: 3 0x80009034 (0x60cd) x 1 0x00013000
core   0: 0x80009036 (0x0000997d) c.andi  a0, -1
core   0: 3 0x80009036 (0x997d) x10 0x00000000
core   0: 0x80009038 (0x00008e1d) c.sub   a2, a5
core   0: 3 0x80009038 (0x8e1d) x12 0xffffff52
core   0: 0x8000903a (0x00008de1) c.and   a1, s0
core   0: 3 0x8000903a (0x8de1) x11 0x00000010
core   0: 0x8000903c (0x0000cc0d) c.beqz  s0, pc + 58
core   0: 3 0x8000903c (0xcc0d)
core   0: 0x8000903e (0x014f66b3) or      a3, t5, s4
core   0: 3 0x8000903e (0x014f66b3) x13 0xfffff84d
core   0: 0x80009042 (0x014d6a63) bltu    s10, s4, pc + 20
core   0: 3 0x80009042 (0x014d6a63)
core   0: 0x80009056 (0x01cdd593) srli    a1, s11, 28
core   0: 3 0x80009056 (0x01cdd593) x11 0x00000008
core   0: 0x8000905a (0x0000987d) c.andi  s0, -1
core   0: 3 0x8000905a (0x987d) x 8 0x00000011
core   0: 0x8000905c (0x0299e433) rem     s0, s3, s1
core   0: 3 0x8000905c (0x0299e433) x 8 0x00000008
core   0: 0x80009060 (0x0412f463) bgeu    t0, ra, pc + 72
core   0: 3 0x80009060 (0x0412f463)
core   0: 0x80009064 (0x02961563) bne     a2, s1, pc + 42
core   0: 3 0x80009064 (0x02961563)
core   0: 0x8000908e (0x00581f63) bne     a6, t0, pc + 30
core   0: 3 0x8000908e (0x00581f63)
core   0: 0x800090ac (0x03a91833) mulh    a6, s2, s10
core   0: 3 0x800090ac (0x03a91833) x16 0x00000000
core   0: 0x800090b0 (0x0000861d) c.srai  a2, 7
core   0: 3 0x800090b0 (0x861d) x12 0xfffffffe
core   0: 0x800090b2 (0x0113c8b3) xor     a7, t2, a7
core   0: 3 0x800090b2 (0x0113c8b3) x17 0xffffffff
core   0: 0x800090b6 (0x0fa47d13) andi    s10, s0, 250
core   0: 3 0x800090b6 (0x0fa47d13) x26 0x00000008
core   0: 0x800090ba (0x0015b933) sltu    s2, a1, ra
core   0: 3 0x800090ba (0x0015b933) x18 0x00000001
core   0: 0x800090be (0x00b62fb3) slt     t6, a2, a1
core   0: 3 0x800090be (0x00b62fb3) x31 0x00000001
core   0: 0x800090c2 (0x009b6733) or      a4, s6, s1
core   0: 3 0x800090c2 (0x009b6733) x14 0x80025f74
core   0: 0x800090c6 (0x00000001) c.nop
core   0: 3 0x800090c6 (0x0001)
core   0: 0x800090c8 (0x98aacf13) xori    t5, s5, -1654
core   0: 3 0x800090c8 (0x98aacf13) x30 0xfffff98a
core   0: 0x800090cc (0x02254033) div     zero, a0, sp
core   0: 3 0x800090cc (0x02254033)
core   0: 0x800090d0 (0x410b5593) srai    a1, s6, 16
core   0: 3 0x800090d0 (0x410b5593) x11 0xffff8002
core   0: 0x800090d4 (0x00001cfd) c.addi  s9, -1
core   0: 3 0x800090d4 (0x1cfd) x25 0xfffffffe
core   0: 0x800090d6 (0x014e4663) blt     t3, s4, pc + 12
core   0: 3 0x800090d6 (0x014e4663)
core   0: 0x800090da (0x0107ea33) or      s4, a5, a6
core   0: 3 0x800090da (0x0107ea33) x20 0x000000a1
core   0: 0x800090de (0x00d41cb3) sll     s9, s0, a3
core   0: 3 0x800090de (0x00d41cb3) x25 0x00010000
core   0: 0x800090e2 (0x00008fb5) c.xor   a5, a3
core   0: 3 0x800090e2 (0x8fb5) x15 0xfffff8ec
core   0: 0x800090e4 (0xee692813) slti    a6, s2, -282
core   0: 3 0x800090e4 (0xee692813) x16 0x00000000
core   0: 0x800090e8 (0x00000001) c.nop
core   0: 3 0x800090e8 (0x0001)
core   0: 0x800090ea (0xfc56c493) xori    s1, a3, -59
core   0: 3 0x800090ea (0xfc56c493) x 9 0x00000788
core   0: 0x800090ee (0x11686797) auipc   a5, 0x11686
core   0: 3 0x800090ee (0x11686797) x15 0x9168f0ee
core   0: 0x800090f2 (0x01605a93) srli    s5, zero, 22
core   0: 3 0x800090f2 (0x01605a93) x21 0x00000000
core   0: 0x800090f6 (0x00000001) c.nop
core   0: 3 0x800090f6 (0x0001)
core   0: 0x800090f8 (0x000086f9) c.srai  a3, 30
core   0: 3 0x800090f8 (0x86f9) x13 0xffffffff
core   0: 0x800090fa (0x03f7c763) blt     a5, t6, pc + 46
core   0: 3 0x800090fa (0x03f7c763)
core   0: 0x80009128 (0x0000019c) c.addi4spn a5, sp, 192
core   0: 3 0x80009128 (0x019c) x15 0x000000c1
core   0: 0x8000912a (0x00700713) li      a4, 7
core   0: 3 0x8000912a (0x00700713) x14 0x00000007
core   0: 0x8000912e (0x0176bf13) sltiu   t5, a3, 23
core   0: 3 0x8000912e (0x0176bf13) x30 0x00000000
core   0: 0x80009132 (0x00000001) c.nop
core   0: 3 0x80009132 (0x0001)
core   0: 0x80009134 (0x03abcc33) div     s8, s7, s10
core   0: 3 0x80009134 (0x03abcc33) x24 0x00c00000
core   0: 0x80009138 (0x40b80a33) sub     s4, a6, a1
core   0: 3 0x80009138 (0x40b80a33) x20 0x00007ffe
core   0: 0x8000913c (0x03b80833) mul     a6, a6, s11
core   0: 3 0x8000913c (0x03b80833) x16 0x00000000
core   0: 0x80009140 (0x00008cc1) c.or    s1, s0
core   0: 3 0x80009140 (0x8cc1) x 9 0x00000788
core   0: 0x80009142 (0x00000001) c.nop
core   0: 3 0x80009142 (0x0001)
core   0: 0x80009144 (0x0000177d) c.addi  a4, -1
core   0: 3 0x80009144 (0x177d) x14 0x00000006
core   0: 0x80009146 (0x000099fd) c.andi  a1, -1
core   0: 3 0x80009146 (0x99fd) x11 0xffff8002
core   0: 0x80009148 (0x00008cc1) c.or    s1, s0
core   0: 3 0x80009148 (0x8cc1) x 9 0x00000788
core   0: 0x8000914a (0x00800e93) li      t4, 8
core   0: 3 0x8000914a (0x00800e93) x29 0x00000008
core   0: 0x8000914e (0x01200213) li      tp, 18
core   0: 3 0x8000914e (0x01200213) x 4 0x00000012
core   0: 0x80009152 (0x001ccbb3) xor     s7, s9, ra
core   0: 3 0x80009152 (0x001ccbb3) x23 0x00003000
core   0: 0x80009156 (0x00008bc6) c.mv    s7, a7
core   0: 3 0x80009156 (0x8bc6) x23 0xffffffff
core   0: 0x80009158 (0x00008476) c.mv    s0, t4
core   0: 3 0x80009158 (0x8476) x 8 0x00000008
core   0: 0x8000915a (0x0223f533) remu    a0, t2, sp
core   0: 3 0x8000915a (0x0223f533) x10 0x00000000
core   0: 0x8000915e (0x00000e95) c.addi  t4, 5
core   0: 3 0x8000915e (0x0e95) x29 0x0000000d
core   0: 0x80009160 (0x026768b3) rem     a7, a4, t1
core   0: 3 0x80009160 (0x026768b3) x17 0x00000006
core   0: 0x80009164 (0xfe4ecae3) blt     t4, tp, pc - 12
core   0: 3 0x80009164 (0xfe4ecae3)
core   0: 0x80009158 (0x00008476) c.mv    s0, t4
core   0: 3 0x80009158 (0x8476) x 8 0x0000000d
core   0: 0x8000915a (0x0223f533) remu    a0, t2, sp
core   0: 3 0x8000915a (0x0223f533) x10 0x00000000
core   0: 0x8000915e (0x00000e95) c.addi  t4, 5
core   0: 3 0x8000915e (0x0e95) x29 0x00000012
core   0: 0x80009160 (0x026768b3) rem     a7, a4, t1
core   0: 3 0x80009160 (0x026768b3) x17 0x00000006
core   0: 0x80009164 (0xfe4ecae3) blt     t4, tp, pc - 12
core   0: 3 0x80009164 (0xfe4ecae3)
core   0: 0x80009168 (0x020cd2b3) divu    t0, s9, zero
core   0: 3 0x80009168 (0x020cd2b3) x 5 0xffffffff
core   0: 0x8000916c (0x0000fb79) c.bnez  a4, pc - 42
core   0: 3 0x8000916c (0xfb79)
core   0: 0x80009142 (0x00000001) c.nop
core   0: 3 0x80009142 (0x0001)
core   0: 0x80009144 (0x0000177d) c.addi  a4, -1
core   0: 3 0x80009144 (0x177d) x14 0x00000005
core   0: 0x80009146 (0x000099fd) c.andi  a1, -1
core   0: 3 0x80009146 (0x99fd) x11 0xffff8002
core   0: 0x80009148 (0x00008cc1) c.or    s1, s0
core   0: 3 0x80009148 (0x8cc1) x 9 0x0000078d
core   0: 0x8000914a (0x00800e93) li      t4, 8
core   0: 3 0x8000914a (0x00800e93) x29 0x00000008
core   0: 0x8000914e (0x01200213) li      tp, 18
core   0: 3 0x8000914e (0x01200213) x 4 0x00000012
core   0: 0x80009152 (0x001ccbb3) xor     s7, s9, ra
core   0: 3 0x80009152 (0x001ccbb3) x23 0x00003000
core   0: 0x80009156 (0x00008bc6) c.mv    s7, a7
core   0: 3 0x80009156 (0x8bc6) x23 0x00000006
core   0: 0x80009158 (0x00008476) c.mv    s0, t4
core   0: 3 0x80009158 (0x8476) x 8 0x00000008
core   0: 0x8000915a (0x0223f533) remu    a0, t2, sp
core   0: 3 0x8000915a (0x0223f533) x10 0x00000000
core   0: 0x8000915e (0x00000e95) c.addi  t4, 5
core   0: 3 0x8000915e (0x0e95) x29 0x0000000d
core   0: 0x80009160 (0x026768b3) rem     a7, a4, t1
core   0: 3 0x80009160 (0x026768b3) x17 0x00000005
core   0: 0x80009164 (0xfe4ecae3) blt     t4, tp, pc - 12
core   0: 3 0x80009164 (0xfe4ecae3)
core   0: 0x80009158 (0x00008476) c.mv    s0, t4
core   0: 3 0x80009158 (0x8476) x 8 0x0000000d
core   0: 0x8000915a (0x0223f533) remu    a0, t2, sp
core   0: 3 0x8000915a (0x0223f533) x10 0x00000000
core   0: 0x8000915e (0x00000e95) c.addi  t4, 5
core   0: 3 0x8000915e (0x0e95) x29 0x00000012
core   0: 0x80009160 (0x026768b3) rem     a7, a4, t1
core   0: 3 0x80009160 (0x026768b3) x17 0x00000005
core   0: 0x80009164 (0xfe4ecae3) blt     t4, tp, pc - 12
core   0: 3 0x80009164 (0xfe4ecae3)
core   0: 0x80009168 (0x020cd2b3) divu    t0, s9, zero
core   0: 3 0x80009168 (0x020cd2b3) x 5 0xffffffff
core   0: 0x8000916c (0x0000fb79) c.bnez  a4, pc - 42
core   0: 3 0x8000916c (0xfb79)
core   0: 0x80009142 (0x00000001) c.nop
core   0: 3 0x80009142 (0x0001)
core   0: 0x80009144 (0x0000177d) c.addi  a4, -1
core   0: 3 0x80009144 (0x177d) x14 0x00000004
core   0: 0x80009146 (0x000099fd) c.andi  a1, -1
core   0: 3 0x80009146 (0x99fd) x11 0xffff8002
core   0: 0x80009148 (0x00008cc1) c.or    s1, s0
core   0: 3 0x80009148 (0x8cc1) x 9 0x0000078d
core   0: 0x8000914a (0x00800e93) li      t4, 8
core   0: 3 0x8000914a (0x00800e93) x29 0x00000008
core   0: 0x8000914e (0x01200213) li      tp, 18
core   0: 3 0x8000914e (0x01200213) x 4 0x00000012
core   0: 0x80009152 (0x001ccbb3) xor     s7, s9, ra
core   0: 3 0x80009152 (0x001ccbb3) x23 0x00003000
core   0: 0x80009156 (0x00008bc6) c.mv    s7, a7
core   0: 3 0x80009156 (0x8bc6) x23 0x00000005
core   0: 0x80009158 (0x00008476) c.mv    s0, t4
core   0: 3 0x80009158 (0x8476) x 8 0x00000008
core   0: 0x8000915a (0x0223f533) remu    a0, t2, sp
core   0: 3 0x8000915a (0x0223f533) x10 0x00000000
core   0: 0x8000915e (0x00000e95) c.addi  t4, 5
core   0: 3 0x8000915e (0x0e95) x29 0x0000000d
core   0: 0x80009160 (0x026768b3) rem     a7, a4, t1
core   0: 3 0x80009160 (0x026768b3) x17 0x00000004
core   0: 0x80009164 (0xfe4ecae3) blt     t4, tp, pc - 12
core   0: 3 0x80009164 (0xfe4ecae3)
core   0: 0x80009158 (0x00008476) c.mv    s0, t4
core   0: 3 0x80009158 (0x8476) x 8 0x0000000d
core   0: 0x8000915a (0x0223f533) remu    a0, t2, sp
core   0: 3 0x8000915a (0x0223f533) x10 0x00000000
core   0: 0x8000915e (0x00000e95) c.addi  t4, 5
core   0: 3 0x8000915e (0x0e95) x29 0x00000012
core   0: 0x80009160 (0x026768b3) rem     a7, a4, t1
core   0: 3 0x80009160 (0x026768b3) x17 0x00000004
core   0: 0x80009164 (0xfe4ecae3) blt     t4, tp, pc - 12
core   0: 3 0x80009164 (0xfe4ecae3)
core   0: 0x80009168 (0x020cd2b3) divu    t0, s9, zero
core   0: 3 0x80009168 (0x020cd2b3) x 5 0xffffffff
core   0: 0x8000916c (0x0000fb79) c.bnez  a4, pc - 42
core   0: 3 0x8000916c (0xfb79)
core   0: 0x80009142 (0x00000001) c.nop
core   0: 3 0x80009142 (0x0001)
core   0: 0x80009144 (0x0000177d) c.addi  a4, -1
core   0: 3 0x80009144 (0x177d) x14 0x00000003
core   0: 0x80009146 (0x000099fd) c.andi  a1, -1
core   0: 3 0x80009146 (0x99fd) x11 0xffff8002
core   0: 0x80009148 (0x00008cc1) c.or    s1, s0
core   0: 3 0x80009148 (0x8cc1) x 9 0x0000078d
core   0: 0x8000914a (0x00800e93) li      t4, 8
core   0: 3 0x8000914a (0x00800e93) x29 0x00000008
core   0: 0x8000914e (0x01200213) li      tp, 18
core   0: 3 0x8000914e (0x01200213) x 4 0x00000012
core   0: 0x80009152 (0x001ccbb3) xor     s7, s9, ra
core   0: 3 0x80009152 (0x001ccbb3) x23 0x00003000
core   0: 0x80009156 (0x00008bc6) c.mv    s7, a7
core   0: 3 0x80009156 (0x8bc6) x23 0x00000004
core   0: 0x80009158 (0x00008476) c.mv    s0, t4
core   0: 3 0x80009158 (0x8476) x 8 0x00000008
core   0: 0x8000915a (0x0223f533) remu    a0, t2, sp
core   0: 3 0x8000915a (0x0223f533) x10 0x00000000
core   0: 0x8000915e (0x00000e95) c.addi  t4, 5
core   0: 3 0x8000915e (0x0e95) x29 0x0000000d
core   0: 0x80009160 (0x026768b3) rem     a7, a4, t1
core   0: 3 0x80009160 (0x026768b3) x17 0x00000003
core   0: 0x80009164 (0xfe4ecae3) blt     t4, tp, pc - 12
core   0: 3 0x80009164 (0xfe4ecae3)
core   0: 0x80009158 (0x00008476) c.mv    s0, t4
core   0: 3 0x80009158 (0x8476) x 8 0x0000000d
core   0: 0x8000915a (0x0223f533) remu    a0, t2, sp
core   0: 3 0x8000915a (0x0223f533) x10 0x00000000
core   0: 0x8000915e (0x00000e95) c.addi  t4, 5
core   0: 3 0x8000915e (0x0e95) x29 0x00000012
core   0: 0x80009160 (0x026768b3) rem     a7, a4, t1
core   0: 3 0x80009160 (0x026768b3) x17 0x00000003
core   0: 0x80009164 (0xfe4ecae3) blt     t4, tp, pc - 12
core   0: 3 0x80009164 (0xfe4ecae3)
core   0: 0x80009168 (0x020cd2b3) divu    t0, s9, zero
core   0: 3 0x80009168 (0x020cd2b3) x 5 0xffffffff
core   0: 0x8000916c (0x0000fb79) c.bnez  a4, pc - 42
core   0: 3 0x8000916c (0xfb79)
core   0: 0x80009142 (0x00000001) c.nop
core   0: 3 0x80009142 (0x0001)
core   0: 0x80009144 (0x0000177d) c.addi  a4, -1
core   0: 3 0x80009144 (0x177d) x14 0x00000002
core   0: 0x80009146 (0x000099fd) c.andi  a1, -1
core   0: 3 0x80009146 (0x99fd) x11 0xffff8002
core   0: 0x80009148 (0x00008cc1) c.or    s1, s0
core   0: 3 0x80009148 (0x8cc1) x 9 0x0000078d
core   0: 0x8000914a (0x00800e93) li      t4, 8
core   0: 3 0x8000914a (0x00800e93) x29 0x00000008
core   0: 0x8000914e (0x01200213) li      tp, 18
core   0: 3 0x8000914e (0x01200213) x 4 0x00000012
core   0: 0x80009152 (0x001ccbb3) xor     s7, s9, ra
core   0: 3 0x80009152 (0x001ccbb3) x23 0x00003000
core   0: 0x80009156 (0x00008bc6) c.mv    s7, a7
core   0: 3 0x80009156 (0x8bc6) x23 0x00000003
core   0: 0x80009158 (0x00008476) c.mv    s0, t4
core   0: 3 0x80009158 (0x8476) x 8 0x00000008
core   0: 0x8000915a (0x0223f533) remu    a0, t2, sp
core   0: 3 0x8000915a (0x0223f533) x10 0x00000000
core   0: 0x8000915e (0x00000e95) c.addi  t4, 5
core   0: 3 0x8000915e (0x0e95) x29 0x0000000d
core   0: 0x80009160 (0x026768b3) rem     a7, a4, t1
core   0: 3 0x80009160 (0x026768b3) x17 0x00000002
core   0: 0x80009164 (0xfe4ecae3) blt     t4, tp, pc - 12
core   0: 3 0x80009164 (0xfe4ecae3)
core   0: 0x80009158 (0x00008476) c.mv    s0, t4
core   0: 3 0x80009158 (0x8476) x 8 0x0000000d
core   0: 0x8000915a (0x0223f533) remu    a0, t2, sp
core   0: 3 0x8000915a (0x0223f533) x10 0x00000000
core   0: 0x8000915e (0x00000e95) c.addi  t4, 5
core   0: 3 0x8000915e (0x0e95) x29 0x00000012
core   0: 0x80009160 (0x026768b3) rem     a7, a4, t1
core   0: 3 0x80009160 (0x026768b3) x17 0x00000002
core   0: 0x80009164 (0xfe4ecae3) blt     t4, tp, pc - 12
core   0: 3 0x80009164 (0xfe4ecae3)
core   0: 0x80009168 (0x020cd2b3) divu    t0, s9, zero
core   0: 3 0x80009168 (0x020cd2b3) x 5 0xffffffff
core   0: 0x8000916c (0x0000fb79) c.bnez  a4, pc - 42
core   0: 3 0x8000916c (0xfb79)
core   0: 0x80009142 (0x00000001) c.nop
core   0: 3 0x80009142 (0x0001)
core   0: 0x80009144 (0x0000177d) c.addi  a4, -1
core   0: 3 0x80009144 (0x177d) x14 0x00000001
core   0: 0x80009146 (0x000099fd) c.andi  a1, -1
core   0: 3 0x80009146 (0x99fd) x11 0xffff8002
core   0: 0x80009148 (0x00008cc1) c.or    s1, s0
core   0: 3 0x80009148 (0x8cc1) x 9 0x0000078d
core   0: 0x8000914a (0x00800e93) li      t4, 8
core   0: 3 0x8000914a (0x00800e93) x29 0x00000008
core   0: 0x8000914e (0x01200213) li      tp, 18
core   0: 3 0x8000914e (0x01200213) x 4 0x00000012
core   0: 0x80009152 (0x001ccbb3) xor     s7, s9, ra
core   0: 3 0x80009152 (0x001ccbb3) x23 0x00003000
core   0: 0x80009156 (0x00008bc6) c.mv    s7, a7
core   0: 3 0x80009156 (0x8bc6) x23 0x00000002
core   0: 0x80009158 (0x00008476) c.mv    s0, t4
core   0: 3 0x80009158 (0x8476) x 8 0x00000008
core   0: 0x8000915a (0x0223f533) remu    a0, t2, sp
core   0: 3 0x8000915a (0x0223f533) x10 0x00000000
core   0: 0x8000915e (0x00000e95) c.addi  t4, 5
core   0: 3 0x8000915e (0x0e95) x29 0x0000000d
core   0: 0x80009160 (0x026768b3) rem     a7, a4, t1
core   0: 3 0x80009160 (0x026768b3) x17 0x00000001
core   0: 0x80009164 (0xfe4ecae3) blt     t4, tp, pc - 12
core   0: 3 0x80009164 (0xfe4ecae3)
core   0: 0x80009158 (0x00008476) c.mv    s0, t4
core   0: 3 0x80009158 (0x8476) x 8 0x0000000d
core   0: 0x8000915a (0x0223f533) remu    a0, t2, sp
core   0: 3 0x8000915a (0x0223f533) x10 0x00000000
core   0: 0x8000915e (0x00000e95) c.addi  t4, 5
core   0: 3 0x8000915e (0x0e95) x29 0x00000012
core   0: 0x80009160 (0x026768b3) rem     a7, a4, t1
core   0: 3 0x80009160 (0x026768b3) x17 0x00000001
core   0: 0x80009164 (0xfe4ecae3) blt     t4, tp, pc - 12
core   0: 3 0x80009164 (0xfe4ecae3)
core   0: 0x80009168 (0x020cd2b3) divu    t0, s9, zero
core   0: 3 0x80009168 (0x020cd2b3) x 5 0xffffffff
core   0: 0x8000916c (0x0000fb79) c.bnez  a4, pc - 42
core   0: 3 0x8000916c (0xfb79)
core   0: 0x80009142 (0x00000001) c.nop
core   0: 3 0x80009142 (0x0001)
core   0: 0x80009144 (0x0000177d) c.addi  a4, -1
core   0: 3 0x80009144 (0x177d) x14 0x00000000
core   0: 0x80009146 (0x000099fd) c.andi  a1, -1
core   0: 3 0x80009146 (0x99fd) x11 0xffff8002
core   0: 0x80009148 (0x00008cc1) c.or    s1, s0
core   0: 3 0x80009148 (0x8cc1) x 9 0x0000078d
core   0: 0x8000914a (0x00800e93) li      t4, 8
core   0: 3 0x8000914a (0x00800e93) x29 0x00000008
core   0: 0x8000914e (0x01200213) li      tp, 18
core   0: 3 0x8000914e (0x01200213) x 4 0x00000012
core   0: 0x80009152 (0x001ccbb3) xor     s7, s9, ra
core   0: 3 0x80009152 (0x001ccbb3) x23 0x00003000
core   0: 0x80009156 (0x00008bc6) c.mv    s7, a7
core   0: 3 0x80009156 (0x8bc6) x23 0x00000001
core   0: 0x80009158 (0x00008476) c.mv    s0, t4
core   0: 3 0x80009158 (0x8476) x 8 0x00000008
core   0: 0x8000915a (0x0223f533) remu    a0, t2, sp
core   0: 3 0x8000915a (0x0223f533) x10 0x00000000
core   0: 0x8000915e (0x00000e95) c.addi  t4, 5
core   0: 3 0x8000915e (0x0e95) x29 0x0000000d
core   0: 0x80009160 (0x026768b3) rem     a7, a4, t1
core   0: 3 0x80009160 (0x026768b3) x17 0x00000000
core   0: 0x80009164 (0xfe4ecae3) blt     t4, tp, pc - 12
core   0: 3 0x80009164 (0xfe4ecae3)
core   0: 0x80009158 (0x00008476) c.mv    s0, t4
core   0: 3 0x80009158 (0x8476) x 8 0x0000000d
core   0: 0x8000915a (0x0223f533) remu    a0, t2, sp
core   0: 3 0x8000915a (0x0223f533) x10 0x00000000
core   0: 0x8000915e (0x00000e95) c.addi  t4, 5
core   0: 3 0x8000915e (0x0e95) x29 0x00000012
core   0: 0x80009160 (0x026768b3) rem     a7, a4, t1
core   0: 3 0x80009160 (0x026768b3) x17 0x00000000
core   0: 0x80009164 (0xfe4ecae3) blt     t4, tp, pc - 12
core   0: 3 0x80009164 (0xfe4ecae3)
core   0: 0x80009168 (0x020cd2b3) divu    t0, s9, zero
core   0: 3 0x80009168 (0x020cd2b3) x 5 0xffffffff
core   0: 0x8000916c (0x0000fb79) c.bnez  a4, pc - 42
core   0: 3 0x8000916c (0xfb79)
core   0: 0x8000916e (0x0153c5b3) xor     a1, t2, s5
core   0: 3 0x8000916e (0x0153c5b3) x11 0xffffffff
core   0: 0x80009172 (0x00599963) bne     s3, t0, pc + 18
core   0: 3 0x80009172 (0x00599963)
core   0: 0x80009184 (0x00008cf5) c.and   s1, a3
core   0: 3 0x80009184 (0x8cf5) x 9 0x0000078d
core   0: 0x80009186 (0x0281c033) div     zero, gp, s0
core   0: 3 0x80009186 (0x0281c033)
core   0: 0x8000918a (0x00523d33) sltu    s10, tp, t0
core   0: 3 0x8000918a (0x00523d33) x26 0x00000001
core   0: 0x8000918e (0x031f4533) div     a0, t5, a7
core   0: 3 0x8000918e (0x031f4533) x10 0xffffffff
core   0: 0x80009192 (0x01808f63) beq     ra, s8, pc + 30
core   0: 3 0x80009192 (0x01808f63)
core   0: 0x80009196 (0x0000ec09) c.bnez  s0, pc + 26
core   0: 3 0x80009196 (0xec09)
core   0: 0x800091b0 (0x000080f9) c.srli  s1, 30
core   0: 3 0x800091b0 (0x80f9) x 9 0x00000000
core   0: 0x800091b2 (0x03f2ba33) mulhu   s4, t0, t6
core   0: 3 0x800091b2 (0x03f2ba33) x20 0x00000000
core   0: 0x800091b6 (0x0ff0000f) fence   iorw,iorw
core   0: 3 0x800091b6 (0x0ff0000f)
core   0: 0x800091ba (0x00d460b3) or      ra, s0, a3
core   0: 3 0x800091ba (0x00d460b3) x 1 0xffffffff
core   0: 0x800091be (0x000094f2) c.add   s1, t3
core   0: 3 0x800091be (0x94f2) x 9 0x0000017f
core   0: 0x800091c0 (0x00489233) sll     tp, a7, tp
core   0: 3 0x800091c0 (0x00489233) x 4 0x00000000
core   0: 0x800091c4 (0x0281fd63) bgeu    gp, s0, pc + 58
core   0: 3 0x800091c4 (0x0281fd63)
core   0: 0x800091c8 (0x0000876d) c.srai  a4, 27
core   0: 3 0x800091c8 (0x876d) x14 0x00000000
core   0: 0x800091ca (0x000085b5) c.srai  a1, 13
core   0: 3 0x800091ca (0x85b5) x11 0xffffffff
core   0: 0x800091cc (0x00008f49) c.or    a4, a0
core   0: 3 0x800091cc (0x8f49) x14 0xffffffff
core   0: 0x800091ce (0xe3e93e13) sltiu   t3, s2, -450
core   0: 3 0x800091ce (0xe3e93e13) x28 0x00000001
core   0: 0x800091d2 (0x0000157d) c.addi  a0, -1
core   0: 3 0x800091d2 (0x157d) x10 0xfffffffe
core   0: 0x800091d4 (0x00000001) c.nop
core   0: 3 0x800091d4 (0x0001)
core   0: 0x800091d6 (0x00008d91) c.sub   a1, a2
core   0: 3 0x800091d6 (0x8d91) x11 0x00000001
core   0: 0x800091d8 (0x02ba5d63) bge     s4, a1, pc + 58
core   0: 3 0x800091d8 (0x02ba5d63)
core   0: 0x800091dc (0x03c4de63) bge     s1, t3, pc + 60
core   0: 3 0x800091dc (0x03c4de63)
core   0: 0x80009218 (0x2e63d797) auipc   a5, 0x2e63d
core   0: 3 0x80009218 (0x2e63d797) x15 0xae646218
core   0: 0x8000921c (0x0ff0000f) fence   iorw,iorw
core   0: 3 0x8000921c (0x0ff0000f)
core   0: 0x80009220 (0x01808033) add     zero, ra, s8
core   0: 3 0x80009220 (0x01808033)
core   0: 0x80009224 (0x00008d45) c.or    a0, s1
core   0: 3 0x80009224 (0x8d45) x10 0xffffffff
core   0: 0x80009226 (0x417a5493) srai    s1, s4, 23
core   0: 3 0x80009226 (0x417a5493) x 9 0x00000000
core   0: 0x8000922a (0xd611bf13) sltiu   t5, gp, -671
core   0: 3 0x8000922a (0xd611bf13) x30 0x00000001
core   0: 0x8000922e (0x0000c009) c.beqz  s0, pc + 2
core   0: 3 0x8000922e (0xc009)
core   0: 0x80009230 (0x3096e493) ori     s1, a3, 777
core   0: 3 0x80009230 (0x3096e493) x 9 0xffffffff
core   0: 0x80009234 (0x008f28b3) slt     a7, t5, s0
core   0: 3 0x80009234 (0x008f28b3) x17 0x00000001
core   0: 0x80009238 (0x0000839d) c.srli  a5, 7
core   0: 3 0x80009238 (0x839d) x15 0x015cc8c4
core   0: 0x8000923a (0x00000001) c.nop
core   0: 3 0x8000923a (0x0001)
core   0: 0x8000923c (0xe0ef07b7) lui     a5, 0xe0ef0
core   0: 3 0x8000923c (0xe0ef07b7) x15 0xe0ef0000
core   0: 0x80009240 (0x00000001) c.nop
core   0: 3 0x80009240 (0x0001)
core   0: 0x80009242 (0x02b49a33) mulh    s4, s1, a1
core   0: 3 0x80009242 (0x02b49a33) x20 0xffffffff
core   0: 0x80009246 (0x00000001) c.nop
core   0: 3 0x80009246 (0x0001)
core   0: 0x80009248 (0x0000e089) c.bnez  s1, pc + 2
core   0: 3 0x80009248 (0xe089)
core   0: 0x8000924a (0x00008041) c.srli  s0, 16
core   0: 3 0x8000924a (0x8041) x 8 0x00000000
core   0: 0x8000924c (0xbc626313) ori     t1, tp, -1082
core   0: 3 0x8000924c (0xbc626313) x 6 0xfffffbc6
core   0: 0x80009250 (0x00000001) c.nop
core   0: 3 0x80009250 (0x0001)
core   0: 0x80009252 (0x0000813d) c.srli  a0, 15
core   0: 3 0x80009252 (0x813d) x10 0x0001ffff
core   0: 0x80009254 (0x00006f1d) c.lui   t5, 0x7
core   0: 3 0x80009254 (0x6f1d) x30 0x00007000
core   0: 0x80009256 (0x00000001) c.nop
core   0: 3 0x80009256 (0x0001)
core   0: 0x80009258 (0x4117d8b3) sra     a7, a5, a7
core   0: 3 0x80009258 (0x4117d8b3) x17 0xf0778000
core   0: 0x8000925c (0x00000c1a) c.slli  s8, 6
core   0: 3 0x8000925c (0x0c1a) x24 0x30000000
core   0: 0x8000925e (0x4042d813) srai    a6, t0, 4
core   0: 3 0x8000925e (0x4042d813) x16 0xffffffff
core   0: 0x80009262 (0x0000c785) c.beqz  a5, pc + 40
core   0: 3 0x80009262 (0xc785)
core   0: 0x80009264 (0x02f57933) remu    s2, a0, a5
core   0: 3 0x80009264 (0x02f57933) x18 0x0001ffff
core   0: 0x80009268 (0x03550a63) beq     a0, s5, pc + 52
core   0: 3 0x80009268 (0x03550a63)
core   0: 0x8000926c (0x001e0233) add     tp, t3, ra
core   0: 3 0x8000926c (0x001e0233) x 4 0x00000000
core   0: 0x80009270 (0x00001b88) c.addi4spn a0, sp, 496
core   0: 3 0x80009270 (0x1b88) x10 0x000001f1
core   0: 0x80009272 (0x00000001) c.nop
core   0: 3 0x80009272 (0x0001)
core   0: 0x80009274 (0x01816d33) or      s10, sp, s8
core   0: 3 0x80009274 (0x01816d33) x26 0x30000001
core   0: 0x80009278 (0x0000c89d) c.beqz  s1, pc + 54
core   0: 3 0x80009278 (0xc89d)
core   0: 0x8000927a (0x00005cfd) c.li    s9, -1
core   0: 3 0x8000927a (0x5cfd) x25 0xffffffff
core   0: 0x8000927c (0x0000828a) c.mv    t0, sp
core   0: 3 0x8000927c (0x828a) x 5 0x00000001
core   0: 0x8000927e (0x00006be1) c.lui   s7, 0x18
core   0: 3 0x8000927e (0x6be1) x23 0x00018000
core   0: 0x80009280 (0x00001a7d) c.addi  s4, -1
core   0: 3 0x80009280 (0x1a7d) x20 0xfffffffe
core   0: 0x80009282 (0x00957663) bgeu    a0, s1, pc + 12
core   0: 3 0x80009282 (0x00957663)
core   0: 0x80009286 (0x006f0f63) beq     t5, t1, pc + 30
core   0: 3 0x80009286 (0x006f0f63)
core   0: 0x8000928a (0x612ff197) auipc   gp, 0x612ff
core   0: 3 0x8000928a (0x612ff197) x 3 0xe130828a
core   0: 0x8000928e (0x0000717d) c.addi16sp sp, -16
core   0: 3 0x8000928e (0x717d) x 2 0xfffffff1
core   0: 0x80009290 (0x0ff0000f) fence   iorw,iorw
core   0: 3 0x80009290 (0x0ff0000f)
core   0: 0x80009294 (0x0ef23e93) sltiu   t4, tp, 239
core   0: 3 0x80009294 (0x0ef23e93) x29 0x00000001
core   0: 0x80009298 (0x033e3133) mulhu   sp, t3, s3
core   0: 3 0x80009298 (0x033e3133) x 2 0x00000000
core   0: 0x8000929c (0xeecee417) auipc   s0, 0xeecee
core   0: 3 0x8000929c (0xeecee417) x 8 0x6ecf729c
core   0: 0x800092a0 (0x024b9233) mulh    tp, s7, tp
core   0: 3 0x800092a0 (0x024b9233) x 4 0x00000000
core   0: 0x800092a4 (0x408c0033) sub     zero, s8, s0
core   0: 3 0x800092a4 (0x408c0033)
core   0: 0x800092a8 (0x0000e691) c.bnez  a3, pc + 12
core   0: 3 0x800092a8 (0xe691)
core   0: 0x800092b4 (0x00269cb3) sll     s9, a3, sp
core   0: 3 0x800092b4 (0x00269cb3) x25 0xffffffff
core   0: 0x800092b8 (0x000062dd) c.lui   t0, 0x17
core   0: 3 0x800092b8 (0x62dd) x 5 0x00017000
core   0: 0x800092ba (0xe8ea3397) auipc   t2, 0xe8ea3
core   0: 3 0x800092ba (0xe8ea3397) x 7 0x68eac2ba
core   0: 0x800092be (0x03a396b3) mulh    a3, t2, s10
core   0: 3 0x800092be (0x03a396b3) x13 0x13ac0483
core   0: 0x800092c2 (0x40805813) srai    a6, zero, 8
core   0: 3 0x800092c2 (0x40805813) x16 0x00000000
core   0: 0x800092c6 (0x00008589) c.srai  a1, 2
core   0: 3 0x800092c6 (0x8589) x11 0x00000000
core   0: 0x800092c8 (0x00de75b3) and     a1, t3, a3
core   0: 3 0x800092c8 (0x00de75b3) x11 0x00000001
core   0: 0x800092cc (0x41120bb3) sub     s7, tp, a7
core   0: 3 0x800092cc (0x41120bb3) x23 0x0f888000
core   0: 0x800092d0 (0x0000138c) c.addi4spn a1, sp, 480
core   0: 3 0x800092d0 (0x138c) x11 0x000001e0
core   0: 0x800092d2 (0x033f0733) mul     a4, t5, s3
core   0: 3 0x800092d2 (0x033f0733) x14 0x00038000
core   0: 0x800092d6 (0x0000c881) c.beqz  s1, pc + 16
core   0: 3 0x800092d6 (0xc881)
core   0: 0x800092d8 (0x0000100f) fence.i
core   0: 3 0x800092d8 (0x0000100f)
core   0: 0x800092dc (0x00185c63) bge     a6, ra, pc + 24
core   0: 3 0x800092dc (0x00185c63)
core   0: 0x800092f4 (0x007c64b3) or      s1, s8, t2
core   0: 3 0x800092f4 (0x007c64b3) x 9 0x78eac2ba
core   0: 0x800092f8 (0x0311c4b3) div     s1, gp, a7
core   0: 3 0x800092f8 (0x0311c4b3) x 9 0x00000001
core   0: 0x800092fc (0x01e036b3) snez    a3, t5
core   0: 3 0x800092fc (0x01e036b3) x13 0x00000001
core   0: 0x80009300 (0x033f5363) bge     t5, s3, pc + 38
core   0: 3 0x80009300 (0x033f5363)
core   0: 0x80009326 (0x000087a2) c.mv    a5, s0
core   0: 3 0x80009326 (0x87a2) x15 0x6ecf729c
core   0: 0x80009328 (0x02d26eb3) rem     t4, tp, a3
core   0: 3 0x80009328 (0x02d26eb3) x29 0x00000000
core   0: 0x8000932c (0x82c7b013) sltiu   zero, a5, -2004
core   0: 3 0x8000932c (0x82c7b013)
core   0: 0x80009330 (0x00009906) c.add   s2, ra
core   0: 3 0x80009330 (0x9906) x18 0x0001fffe
core   0: 0x80009332 (0x027be463) bltu    s7, t2, pc + 40
core   0: 3 0x80009332 (0x027be463)
core   0: 0x8000935a (0x0ff0000f) fence   iorw,iorw
core   0: 3 0x8000935a (0x0ff0000f)
core   0: 0x8000935e (0x0000547d) c.li    s0, -1
core   0: 3 0x8000935e (0x547d) x 8 0xffffffff
core   0: 0x80009360 (0x20395497) auipc   s1, 0x20395
core   0: 3 0x80009360 (0x20395497) x 9 0xa039e360
core   0: 0x80009364 (0x0000167d) c.addi  a2, -1
core   0: 3 0x80009364 (0x167d) x12 0xfffffffd
core   0: 0x80009366 (0x00008e9d) c.sub   a3, a5
core   0: 3 0x80009366 (0x8e9d) x13 0x91308d65
core   0: 0x80009368 (0x033a1eb3) mulh    t4, s4, s3
core   0: 3 0x80009368 (0x033a1eb3) x29 0xffffffff
core   0: 0x8000936c (0x0374c563) blt     s1, s7, pc + 42
core   0: 3 0x8000936c (0x0374c563)
core   0: 0x80009396 (0x0000ca19) c.beqz  a2, pc + 22
core   0: 3 0x80009396 (0xca19)
core   0: 0x80009398 (0x033e2533) mulhsu  a0, t3, s3
core   0: 3 0x80009398 (0x033e2533) x10 0x00000000
core   0: 0x8000939c (0xa0117f13) andi    t5, sp, -1535
core   0: 3 0x8000939c (0xa0117f13) x30 0x00000000
core   0: 0x800093a0 (0x0156dab3) srl     s5, a3, s5
core   0: 3 0x800093a0 (0x0156dab3) x21 0x91308d65
core   0: 0x800093a4 (0x00855863) bge     a0, s0, pc + 16
core   0: 3 0x800093a4 (0x00855863)
core   0: 0x800093b4 (0x4076d613) srai    a2, a3, 7
core   0: 3 0x800093b4 (0x4076d613) x12 0xff22611a
core   0: 0x800093b8 (0x76e39c97) auipc   s9, 0x76e39
core   0: 3 0x800093b8 (0x76e39c97) x25 0xf6e423b8
core   0: 0x800093bc (0xf90aaa93) slti    s5, s5, -112
core   0: 3 0x800093bc (0xf90aaa93) x21 0x00000001
core   0: 0x800093c0 (0x00008d25) c.xor   a0, s1
core   0: 3 0x800093c0 (0x8d25) x10 0xa039e360
core   0: 0x800093c2 (0x02d79933) mulh    s2, a5, a3
core   0: 3 0x800093c2 (0x02d79933) x18 0xd0091167
core   0: 0x800093c6 (0x4189de33) sra     t3, s3, s8
core   0: 3 0x800093c6 (0x4189de33) x28 0x00000008
core   0: 0x800093ca (0x0ff0000f) fence   iorw,iorw
core   0: 3 0x800093ca (0x0ff0000f)
core   0: 0x800093ce (0x0000cc05) c.beqz  s0, pc + 56
core   0: 3 0x800093ce (0xcc05)
core   0: 0x800093d0 (0x0275a7b3) mulhsu  a5, a1, t2
core   0: 3 0x800093d0 (0x0275a7b3) x15 0x000000c4
core   0: 0x800093d4 (0x0000890d) c.andi  a0, 3
core   0: 3 0x800093d4 (0x890d) x10 0x00000000
core   0: 0x800093d6 (0x01caa433) slt     s0, s5, t3
core   0: 3 0x800093d6 (0x01caa433) x 8 0x00000001
core   0: 0x800093da (0x01e367b3) or      a5, t1, t5
core   0: 3 0x800093da (0x01e367b3) x15 0xfffffbc6
core   0: 0x800093de (0x01510e63) beq     sp, s5, pc + 28
core   0: 3 0x800093de (0x01510e63)
core   0: 0x800093e2 (0x00006d3d) c.lui   s10, 0xf
core   0: 3 0x800093e2 (0x6d3d) x26 0x0000f000
core   0: 0x800093e4 (0x0ff0000f) fence   iorw,iorw
core   0: 3 0x800093e4 (0x0ff0000f)
core   0: 0x800093e8 (0x03404e63) blt     zero, s4, pc + 60
core   0: 3 0x800093e8 (0x03404e63)
core   0: 0x800093ec (0x0128d7b3) srl     a5, a7, s2
core   0: 3 0x800093ec (0x0128d7b3) x15 0x01e0ef00
core   0: 0x800093f0 (0x0198d6b3) srl     a3, a7, s9
core   0: 3 0x800093f0 (0x0198d6b3) x13 0x000000f0
core   0: 0x800093f4 (0x00000001) c.nop
core   0: 3 0x800093f4 (0x0001)
core   0: 0x800093f6 (0x40c45ab3) sra     s5, s0, a2
core   0: 3 0x800093f6 (0x40c45ab3) x21 0x00000000
core   0: 0x800093fa (0x00001e7d) c.addi  t3, -1
core   0: 3 0x800093fa (0x1e7d) x28 0x00000007
core   0: 0x800093fc (0x016f3133) sltu    sp, t5, s6
core   0: 3 0x800093fc (0x016f3133) x 2 0x00000001
core   0: 0x80009400 (0x00006be5) c.lui   s7, 0x19
core   0: 3 0x80009400 (0x6be5) x23 0x00019000
core   0: 0x80009402 (0x5716f213) andi    tp, a3, 1393
core   0: 3 0x80009402 (0x5716f213) x 4 0x00000070
core   0: 0x80009406 (0x00001e7d) c.addi  t3, -1
core   0: 3 0x80009406 (0x1e7d) x28 0x00000006
core   0: 0x80009408 (0x0275d733) divu    a4, a1, t2
core   0: 3 0x80009408 (0x0275d733) x14 0x00000000
core   0: 0x8000940c (0x034702b3) mul     t0, a4, s4
core   0: 3 0x8000940c (0x034702b3) x 5 0x00000000
core   0: 0x80009410 (0x0128f2b3) and     t0, a7, s2
core   0: 3 0x80009410 (0x0128f2b3) x 5 0xd0010000
core   0: 0x80009414 (0x011e5013) srli    zero, t3, 17
core   0: 3 0x80009414 (0x011e5013)
core   0: 0x80009418 (0x4009deb3) sra     t4, s3, zero
core   0: 3 0x80009418 (0x4009deb3) x29 0x00000008
core   0: 0x8000941c (0x0000908a) c.add   ra, sp
core   0: 3 0x8000941c (0x908a) x 1 0x00000000
core   0: 0x8000941e (0x02ded063) bge     t4, a3, pc + 32
core   0: 3 0x8000941e (0x02ded063)
core   0: 0x80009422 (0x00006119) c.addi16sp sp, 384
core   0: 3 0x80009422 (0x6119) x 2 0x00000181
core   0: 0x80009424 (0x0ff0000f) fence   iorw,iorw
core   0: 3 0x80009424 (0x0ff0000f)
core   0: 0x80009428 (0x03b3cc63) blt     t2, s11, pc + 56
core   0: 3 0x80009428 (0x03b3cc63)
core   0: 0x8000942c (0x00009306) c.add   t1, ra
core   0: 3 0x8000942c (0x9306) x 6 0xfffffbc6
core   0: 0x8000942e (0x01339a33) sll     s4, t2, s3
core   0: 3 0x8000942e (0x01339a33) x20 0xeac2ba00
core   0: 0x80009432 (0x03527d63) bgeu    tp, s5, pc + 58
core   0: 3 0x80009432 (0x03527d63)
core   0: 0x8000946c (0x00008ee9) c.and   a3, a0
core   0: 3 0x8000946c (0x8ee9) x13 0x00000000
core   0: 0x8000946e (0x01b34a63) blt     t1, s11, pc + 20
core   0: 3 0x8000946e (0x01b34a63)
core   0: 0x80009472 (0x000083f6) c.mv    t2, t4
core   0: 3 0x80009472 (0x83f6) x 7 0x00000008
core   0: 0x80009474 (0x0118b5b3) sltu    a1, a7, a7
core   0: 3 0x80009474 (0x0118b5b3) x11 0x00000000
core   0: 0x80009478 (0x00008cd5) c.or    s1, a3
core   0: 3 0x80009478 (0x8cd5) x 9 0xa039e360
core   0: 0x8000947a (0x00008389) c.srli  a5, 2
core   0: 3 0x8000947a (0x8389) x15 0x00783bc0
core   0: 0x8000947c (0x03548633) mul     a2, s1, s5
core   0: 3 0x8000947c (0x03548633) x12 0x00000000
core   0: 0x80009480 (0x00008f86) c.mv    t6, ra
core   0: 3 0x80009480 (0x8f86) x31 0x00000000
core   0: 0x80009482 (0x00000001) c.nop
core   0: 3 0x80009482 (0x0001)
core   0: 0x80009484 (0xb33026b7) lui     a3, 0xb3302
core   0: 3 0x80009484 (0xb33026b7) x13 0xb3302000
core   0: 0x80009488 (0x00008e15) c.sub   a2, a3
core   0: 3 0x80009488 (0x8e15) x12 0x4ccfe000
core   0: 0x8000948a (0x021da933) mulhsu  s2, s11, ra
core   0: 3 0x8000948a (0x021da933) x18 0x00000000
core   0: 0x8000948e (0x5ee5b213) sltiu   tp, a1, 1518
core   0: 3 0x8000948e (0x5ee5b213) x 4 0x00000001
core   0: 0x80009492 (0x02e03d33) mulhu   s10, zero, a4
core   0: 3 0x80009492 (0x02e03d33) x26 0x00000000
core   0: 0x80009496 (0x000096e6) c.add   a3, s9
core   0: 3 0x80009496 (0x96e6) x13 0xaa1443b8
core   0: 0x80009498 (0x413e0cb3) sub     s9, t3, s3
core   0: 3 0x80009498 (0x413e0cb3) x25 0xfffffffe
core   0: 0x8000949c (0x00dc9713) slli    a4, s9, 13
core   0: 3 0x8000949c (0x00dc9713) x14 0xffffc000
core   0: 0x800094a0 (0x008e1c13) slli    s8, t3, 8
core   0: 3 0x800094a0 (0x008e1c13) x24 0x00000600
core   0: 0x800094a4 (0x03fbf463) bgeu    s7, t6, pc + 40
core   0: 3 0x800094a4 (0x03fbf463)
core   0: 0x800094cc (0x0000e989) c.bnez  a1, pc + 18
core   0: 3 0x800094cc (0xe989)
core   0: 0x800094ce (0x000055fd) c.li    a1, -1
core   0: 3 0x800094ce (0x55fd) x11 0xffffffff
core   0: 0x800094d0 (0x017c6763) bltu    s8, s7, pc + 14
core   0: 3 0x800094d0 (0x017c6763)
core   0: 0x800094de (0x03c35063) bge     t1, t3, pc + 32
core   0: 3 0x800094de (0x03c35063)
core   0: 0x800094e2 (0x00008c55) c.or    s0, a3
core   0: 3 0x800094e2 (0x8c55) x 8 0xaa1443b9
core   0: 0x800094e4 (0x40d45113) srai    sp, s0, 13
core   0: 3 0x800094e4 (0x40d45113) x 2 0xfffd50a2
core   0: 0x800094e8 (0x0037ad33) slt     s10, a5, gp
core   0: 3 0x800094e8 (0x0037ad33) x26 0x00000000
core   0: 0x800094ec (0x00008695) c.srai  a3, 5
core   0: 3 0x800094ec (0x8695) x13 0xfd50a21d
core   0: 0x800094ee (0x1dc22593) slti    a1, tp, 476
core   0: 3 0x800094ee (0x1dc22593) x11 0x00000001
core   0: 0x800094f2 (0x4104d4b3) sra     s1, s1, a6
core   0: 3 0x800094f2 (0x4104d4b3) x 9 0xa039e360
core   0: 0x800094f6 (0x0029a4b3) slt     s1, s3, sp
core   0: 3 0x800094f6 (0x0029a4b3) x 9 0x00000000
core   0: 0x800094fa (0x03cd31b3) mulhu   gp, s10, t3
core   0: 3 0x800094fa (0x03cd31b3) x 3 0x00000000
core   0: 0x800094fe (0x000045a9) c.li    a1, 10
core   0: 3 0x800094fe (0x45a9) x11 0x0000000a
core   0: 0x80009500 (0x71133c93) sltiu   s9, t1, 1809
core   0: 3 0x80009500 (0x71133c93) x25 0x00000000
core   0: 0x80009504 (0x0192f733) and     a4, t0, s9
core   0: 3 0x80009504 (0x0192f733) x14 0x00000000
core   0: 0x80009508 (0x00008c95) c.sub   s1, a3
core   0: 3 0x80009508 (0x8c95) x 9 0x02af5de3
core   0: 0x8000950a (0x0ff0000f) fence   iorw,iorw
core   0: 3 0x8000950a (0x0ff0000f)
core   0: 0x8000950e (0x62ece713) ori     a4, s9, 1582
core   0: 3 0x8000950e (0x62ece713) x14 0x0000062e
core   0: 0x80009512 (0x50e02113) slti    sp, zero, 1294
core   0: 3 0x80009512 (0x50e02113) x 2 0x00000001
core   0: 0x80009516 (0x00031c33) sll     s8, t1, zero
core   0: 3 0x80009516 (0x00031c33) x24 0xfffffbc6
core   0: 0x8000951a (0x03054933) div     s2, a0, a6
core   0: 3 0x8000951a (0x03054933) x18 0xffffffff
core   0: 0x8000951e (0x81fd4893) xori    a7, s10, -2017
core   0: 3 0x8000951e (0x81fd4893) x17 0xfffff81f
core   0: 0x80009522 (0x02d7b633) mulhu   a2, a5, a3
core   0: 3 0x80009522 (0x02d7b633) x12 0x0076f8eb
core   0: 0x80009526 (0x002e3bb3) sltu    s7, t3, sp
core   0: 3 0x80009526 (0x002e3bb3) x23 0x00000000
core   0: 0x8000952a (0x01c4b7b3) sltu    a5, s1, t3
core   0: 3 0x8000952a (0x01c4b7b3) x15 0x00000000
core   0: 0x8000952e (0x01d73eb3) sltu    t4, a4, t4
core   0: 3 0x8000952e (0x01d73eb3) x29 0x00000000
core   0: 0x80009532 (0x0113cbb3) xor     s7, t2, a7
core   0: 3 0x80009532 (0x0113cbb3) x23 0xfffff817
core   0: 0x80009536 (0x8d53e013) ori     zero, t2, -1835
core   0: 3 0x80009536 (0x8d53e013)
core   0: 0x8000953a (0x03ccaa33) mulhsu  s4, s9, t3
core   0: 3 0x8000953a (0x03ccaa33) x20 0x00000000
core   0: 0x8000953e (0x0000100f) fence.i
core   0: 3 0x8000953e (0x0000100f)
core   0: 0x80009542 (0x00004fe5) c.li    t6, 25
core   0: 3 0x80009542 (0x4fe5) x31 0x00000019
core   0: 0x80009544 (0x03bc47b3) div     a5, s8, s11
core   0: 3 0x80009544 (0x03bc47b3) x15 0x00000000
core   0: 0x80009548 (0x01068e33) add     t3, a3, a6
core   0: 3 0x80009548 (0x01068e33) x28 0xfd50a21d
core   0: 0x8000954c (0x03815863) bge     sp, s8, pc + 48
core   0: 3 0x8000954c (0x03815863)
core   0: 0x8000957c (0x03007033) remu    zero, zero, a6
core   0: 3 0x8000957c (0x03007033)
core   0: 0x80009580 (0x03d94733) div     a4, s2, t4
core   0: 3 0x80009580 (0x03d94733) x14 0xffffffff
core   0: 0x80009584 (0x00008fb5) c.xor   a5, a3
core   0: 3 0x80009584 (0x8fb5) x15 0xfd50a21d
core   0: 0x80009586 (0x0000c88d) c.beqz  s1, pc + 50
core   0: 3 0x80009586 (0xc88d)
core   0: 0x80009588 (0x0000717d) c.addi16sp sp, -16
core   0: 3 0x80009588 (0x717d) x 2 0xfffffff1
core   0: 0x8000958a (0x024e00b3) mul     ra, t3, tp
core   0: 3 0x8000958a (0x024e00b3) x 1 0xfd50a21d
core   0: 0x8000958e (0x00008f49) c.or    a4, a0
core   0: 3 0x8000958e (0x8f49) x14 0xffffffff
core   0: 0x80009590 (0x0062dc63) bge     t0, t1, pc + 24
core   0: 3 0x80009590 (0x0062dc63)
core   0: 0x80009594 (0x01d65a33) srl     s4, a2, t4
core   0: 3 0x80009594 (0x01d65a33) x20 0x0076f8eb
core   0: 0x80009598 (0x057f6363) bltu    t5, s7, pc + 70
core   0: 3 0x80009598 (0x057f6363)
core   0: 0x800095de (0x0000987d) c.andi  s0, -1
core   0: 3 0x800095de (0x987d) x 8 0xaa1443b9
core   0: 0x800095e0 (0x5bc1e613) ori     a2, gp, 1468
core   0: 3 0x800095e0 (0x5bc1e613) x12 0x000005bc
core   0: 0x800095e4 (0x00000252) c.slli  tp, 20
core   0: 3 0x800095e4 (0x0252) x 4 0x00100000
core   0: 0x800095e6 (0x0018a233) slt     tp, a7, ra
core   0: 3 0x800095e6 (0x0018a233) x 4 0x00000000
core   0: 0x800095ea (0x008615b3) sll     a1, a2, s0
core   0: 3 0x800095ea (0x008615b3) x11 0x78000000
core   0: 0x800095ee (0x01eebfb3) sltu    t6, t4, t5
core   0: 3 0x800095ee (0x01eebfb3) x31 0x00000000
core   0: 0x800095f2 (0x00008d31) c.xor   a0, a2
core   0: 3 0x800095f2 (0x8d31) x10 0x000005bc
core   0: 0x800095f4 (0x029ca3b3) mulhsu  t2, s9, s1
core   0: 3 0x800095f4 (0x029ca3b3) x 7 0x00000000
core   0: 0x800095f8 (0x41f953b3) sra     t2, s2, t6
core   0: 3 0x800095f8 (0x41f953b3) x 7 0xffffffff
core   0: 0x800095fc (0x03db6d33) rem     s10, s6, t4
core   0: 3 0x800095fc (0x03db6d33) x26 0x80025e64
core   0: 0x80009600 (0xa08f42b7) lui     t0, 0xa08f4
core   0: 3 0x80009600 (0xa08f42b7) x 5 0xa08f4000
core   0: 0x80009604 (0x01a008b3) add     a7, zero, s10
core   0: 3 0x80009604 (0x01a008b3) x17 0x80025e64
core   0: 0x80009608 (0x000081fe) c.mv    gp, t6
core   0: 3 0x80009608 (0x81fe) x 3 0x00000000
core   0: 0x8000960a (0x0000908a) c.add   ra, sp
core   0: 3 0x8000960a (0x908a) x 1 0xfd50a20e
core   0: 0x8000960c (0x0390d033) divu    zero, ra, s9
core   0: 3 0x8000960c (0x0390d033)
core   0: 0x80009610 (0x00000001) c.nop
core   0: 3 0x80009610 (0x0001)
core   0: 0x80009612 (0x2a496d13) ori     s10, s2, 676
core   0: 3 0x80009612 (0x2a496d13) x26 0xffffffff
core   0: 0x80009616 (0xf66d71b7) lui     gp, 0xf66d7
core   0: 3 0x80009616 (0xf66d71b7) x 3 0xf66d7000
core   0: 0x8000961a (0x027e9e33) mulh    t3, t4, t2
core   0: 3 0x8000961a (0x027e9e33) x28 0x00000000
core   0: 0x8000961e (0x0252ecb3) rem     s9, t0, t0
core   0: 3 0x8000961e (0x0252ecb3) x25 0x00000000
core   0: 0x80009622 (0x01439633) sll     a2, t2, s4
core   0: 3 0x80009622 (0x01439633) x12 0xfffff800
core   0: 0x80009626 (0x004c1293) slli    t0, s8, 4
core   0: 3 0x80009626 (0x004c1293) x 5 0xffffbc60
core   0: 0x8000962a (0x03615fb3) divu    t6, sp, s6
core   0: 3 0x8000962a (0x03615fb3) x31 0x00000001
core   0: 0x8000962e (0x00008099) c.srli  s1, 6
core   0: 3 0x8000962e (0x8099) x 9 0x000abd77
core   0: 0x80009630 (0x81a53b93) sltiu   s7, a0, -2022
core   0: 3 0x80009630 (0x81a53b93) x23 0x00000001
core   0: 0x80009634 (0x41125693) srai    a3, tp, 17
core   0: 3 0x80009634 (0x41125693) x13 0x00000000
core   0: 0x80009638 (0x2d70ca13) xori    s4, ra, 727
core   0: 3 0x80009638 (0x2d70ca13) x20 0xfd50a0d9
core   0: 0x8000963c (0x00000001) c.nop
core   0: 3 0x8000963c (0x0001)
core   0: 0x8000963e (0x0000045e) c.slli  s0, 23
core   0: 3 0x8000963e (0x045e) x 8 0xdc800000
core   0: 0x80009640 (0x00000001) c.nop
core   0: 3 0x80009640 (0x0001)
core   0: 0x80009642 (0x00008c55) c.or    s0, a3
core   0: 3 0x80009642 (0x8c55) x 8 0xdc800000
core   0: 0x80009644 (0x0130fe33) and     t3, ra, s3
core   0: 3 0x80009644 (0x0130fe33) x28 0x00000008
core   0: 0x80009648 (0x0327dc33) divu    s8, a5, s2
core   0: 3 0x80009648 (0x0327dc33) x24 0x00000000
core   0: 0x8000964c (0x00000001) c.nop
core   0: 3 0x8000964c (0x0001)
core   0: 0x8000964e (0xd8e8f417) auipc   s0, 0xd8e8f
core   0: 3 0x8000964e (0xd8e8f417) x 8 0x58e9864e
core   0: 0x80009652 (0x023bba33) mulhu   s4, s7, gp
core   0: 3 0x80009652 (0x023bba33) x20 0x00000000
core   0: 0x80009656 (0x0000cf05) c.beqz  a4, pc + 56
core   0: 3 0x80009656 (0xcf05)
core   0: 0x80009658 (0x03e22eb3) mulhsu  t4, tp, t5
core   0: 3 0x80009658 (0x03e22eb3) x29 0x00000000
core   0: 0x8000965c (0x0165deb3) srl     t4, a1, s6
core   0: 3 0x8000965c (0x0165deb3) x29 0x07800000
core   0: 0x80009660 (0x0000c81d) c.beqz  s0, pc + 54
core   0: 3 0x80009660 (0xc81d)
core   0: 0x80009662 (0x033fabb3) mulhsu  s7, t6, s3
core   0: 3 0x80009662 (0x033fabb3) x23 0x00000000
core   0: 0x80009666 (0x000087f9) c.srai  a5, 30
core   0: 3 0x80009666 (0x87f9) x15 0xffffffff
core   0: 0x80009668 (0x033fdb63) bge     t6, s3, pc + 54
core   0: 3 0x80009668 (0x033fdb63)
core   0: 0x8000966c (0x0000917a) c.add   sp, t5
core   0: 3 0x8000966c (0x917a) x 2 0xfffffff1
core   0: 0x8000966e (0x000089a9) c.andi  a1, 10
core   0: 3 0x8000966e (0x89a9) x11 0x00000000
core   0: 0x80009670 (0x0000ee91) c.bnez  a3, pc + 28
core   0: 3 0x80009670 (0xee91)
core   0: 0x80009672 (0x019e7a33) and     s4, t3, s9
core   0: 3 0x80009672 (0x019e7a33) x20 0x00000000
core   0: 0x80009676 (0x000082f1) c.srli  a3, 28
core   0: 3 0x80009676 (0x82f1) x13 0x00000000
core   0: 0x80009678 (0x0056cbb3) xor     s7, a3, t0
core   0: 3 0x80009678 (0x0056cbb3) x23 0xffffbc60
core   0: 0x8000967c (0x02a652b3) divu    t0, a2, a0
core   0: 3 0x8000967c (0x02a652b3) x 5 0x002ca49d
core   0: 0x80009680 (0xb4168c93) addi    s9, a3, -1215
core   0: 3 0x80009680 (0xb4168c93) x25 0xfffffb41
core   0: 0x80009684 (0x021644b3) div     s1, a2, ra
core   0: 3 0x80009684 (0x021644b3) x 9 0x00000000
core   0: 0x80009688 (0x02bba5b3) mulhsu  a1, s7, a1
core   0: 3 0x80009688 (0x02bba5b3) x11 0x00000000
core   0: 0x8000968c (0x00008565) c.srai  a0, 25
core   0: 3 0x8000968c (0x8565) x10 0x00000000
core   0: 0x8000968e (0x000068d9) c.lui   a7, 0x16
core   0: 3 0x8000968e (0x68d9) x17 0x00016000
core   0: 0x80009690 (0xbf39e293) ori     t0, s3, -1037
core   0: 3 0x80009690 (0xbf39e293) x 5 0xfffffbfb
core   0: 0x80009694 (0x0000c71d) c.beqz  a4, pc + 46
core   0: 3 0x80009694 (0xc71d)
core   0: 0x80009696 (0xe53ca613) slti    a2, s9, -429
core   0: 3 0x80009696 (0xe53ca613) x12 0x00000001
core   0: 0x8000969a (0x01a74f63) blt     a4, s10, pc + 30
core   0: 3 0x8000969a (0x01a74f63)
core   0: 0x8000969e (0x014d1733) sll     a4, s10, s4
core   0: 3 0x8000969e (0x014d1733) x14 0xffffffff
core   0: 0x800096a2 (0x032f2bb3) mulhsu  s7, t5, s2
core   0: 3 0x800096a2 (0x032f2bb3) x23 0x00000000
core   0: 0x800096a6 (0x0380d1b3) divu    gp, ra, s8
core   0: 3 0x800096a6 (0x0380d1b3) x 3 0xffffffff
core   0: 0x800096aa (0xe5fde813) ori     a6, s11, -417
core   0: 3 0x800096aa (0xe5fde813) x16 0xfffffeff
core   0: 0x800096ae (0xa65dff93) andi    t6, s11, -1435
core   0: 3 0x800096ae (0xa65dff93) x31 0x80029864
core   0: 0x800096b2 (0x00008c25) c.xor   s0, s1
core   0: 3 0x800096b2 (0x8c25) x 8 0x58e9864e
core   0: 0x800096b4 (0x0359e533) rem     a0, s3, s5
core   0: 3 0x800096b4 (0x0359e533) x10 0x00000008
core   0: 0x800096b8 (0x00f46ab3) or      s5, s0, a5
core   0: 3 0x800096b8 (0x00f46ab3) x21 0xffffffff
core   0: 0x800096bc (0x01169a33) sll     s4, a3, a7
core   0: 3 0x800096bc (0x01169a33) x20 0x00000000
core   0: 0x800096c0 (0x0000c089) c.beqz  s1, pc + 2
core   0: 3 0x800096c0 (0xc089)
core   0: 0x800096c2 (0x40cc0833) sub     a6, s8, a2
core   0: 3 0x800096c2 (0x40cc0833) x16 0xffffffff
core   0: 0x800096c6 (0x00008f45) c.or    a4, s1
core   0: 3 0x800096c6 (0x8f45) x14 0xffffffff
core   0: 0x800096c8 (0x013fde13) srli    t3, t6, 19
core   0: 3 0x800096c8 (0x013fde13) x28 0x00001000
core   0: 0x800096cc (0x00faf563) bgeu    s5, a5, pc + 10
core   0: 3 0x800096cc (0x00faf563)
core   0: 0x800096d6 (0x00000001) c.nop
core   0: 3 0x800096d6 (0x0001)
core   0: 0x800096d8 (0x02673833) mulhu   a6, a4, t1
core   0: 3 0x800096d8 (0x02673833) x16 0xfffffbc5
core   0: 0x800096dc (0x00482fb3) slt     t6, a6, tp
core   0: 3 0x800096dc (0x00482fb3) x31 0x00000001
core   0: 0x800096e0 (0x0000c719) c.beqz  a4, pc + 14
core   0: 3 0x800096e0 (0xc719)
core   0: 0x800096e2 (0x02136c33) rem     s8, t1, ra
core   0: 3 0x800096e2 (0x02136c33) x24 0xfffffbc6
core   0: 0x800096e6 (0x01d8d733) srl     a4, a7, t4
core   0: 3 0x800096e6 (0x01d8d733) x14 0x00016000
core   0: 0x800096ea (0x03b72cb3) mulhsu  s9, a4, s11
core   0: 3 0x800096ea (0x03b72cb3) x25 0x0000b003
core   0: 0x800096ee (0x0000100f) fence.i
core   0: 3 0x800096ee (0x0000100f)
core   0: 0x800096f2 (0x03cbabb3) mulhsu  s7, s7, t3
core   0: 3 0x800096f2 (0x03cbabb3) x23 0x00000000
core   0: 0x800096f6 (0x0000100f) fence.i
core   0: 3 0x800096f6 (0x0000100f)
core   0: 0x800096fa (0x008b6133) or      sp, s6, s0
core   0: 3 0x800096fa (0x008b6133) x 2 0xd8ebde6e
core   0: 0x800096fe (0x008a4bb3) xor     s7, s4, s0
core   0: 3 0x800096fe (0x008a4bb3) x23 0x58e9864e
core   0: 0x80009702 (0x02637063) bgeu    t1, t1, pc + 32
core   0: 3 0x80009702 (0x02637063)
core   0: 0x80009722 (0x00000106) c.slli  sp, 1
core   0: 3 0x80009722 (0x0106) x 2 0xb1d7bcdc
core   0: 0x80009724 (0x0000008c) c.addi4spn a1, sp, 64
core   0: 3 0x80009724 (0x008c) x11 0xb1d7bd1c
core   0: 0x80009726 (0x03efdf33) divu    t5, t6, t5
core   0: 3 0x80009726 (0x03efdf33) x30 0xffffffff
core   0: 0x8000972a (0x03beff33) remu    t5, t4, s11
core   0: 3 0x8000972a (0x03beff33) x30 0x07800000
core   0: 0x8000972e (0x00008ed9) c.or    a3, a4
core   0: 3 0x8000972e (0x8ed9) x13 0x00016000
core   0: 0x80009730 (0x00f19cb3) sll     s9, gp, a5
core   0: 3 0x80009730 (0x00f19cb3) x25 0x80000000
core   0: 0x80009734 (0x00008f7d) c.and   a4, a5
core   0: 3 0x80009734 (0x8f7d) x14 0x00016000
core   0: 0x80009736 (0x00009906) c.add   s2, ra
core   0: 3 0x80009736 (0x9906) x18 0xfd50a20d
core   0: 0x80009738 (0x00009722) c.add   a4, s0
core   0: 3 0x80009738 (0x9722) x14 0x58eae64e
core   0: 0x8000973a (0x00d5b1b3) sltu    gp, a1, a3
core   0: 3 0x8000973a (0x00d5b1b3) x 3 0x00000000
core   0: 0x8000973e (0xbeea0093) addi    ra, s4, -1042
core   0: 3 0x8000973e (0xbeea0093) x 1 0xfffffbee
core   0: 0x80009742 (0x000064b1) c.lui   s1, 0xc
core   0: 3 0x80009742 (0x64b1) x 9 0x0000c000
core   0: 0x80009744 (0x002c4d63) blt     s8, sp, pc + 26
core   0: 3 0x80009744 (0x002c4d63)
core   0: 0x80009748 (0x00d11193) slli    gp, sp, 13
core   0: 3 0x80009748 (0x00d11193) x 3 0xf79b8000
core   0: 0x8000974c (0x00008079) c.srli  s0, 30
core   0: 3 0x8000974c (0x8079) x 8 0x00000001
core   0: 0x8000974e (0x00006c89) c.lui   s9, 0x2
core   0: 3 0x8000974e (0x6c89) x25 0x00002000
core   0: 0x80009750 (0x01175c93) srli    s9, a4, 17
core   0: 3 0x80009750 (0x01175c93) x25 0x00002c75
core   0: 0x80009754 (0x00000001) c.nop
core   0: 3 0x80009754 (0x0001)
core   0: 0x80009756 (0x40dd5f93) srai    t6, s10, 13
core   0: 3 0x80009756 (0x40dd5f93) x31 0xffffffff
core   0: 0x8000975a (0x02406233) rem     tp, zero, tp
core   0: 3 0x8000975a (0x02406233) x 4 0x00000000
core   0: 0x8000975e (0x00820833) add     a6, tp, s0
core   0: 3 0x8000975e (0x00820833) x16 0x00000001
core   0: 0x80009762 (0x02a7cab3) div     s5, a5, a0
core   0: 3 0x80009762 (0x02a7cab3) x21 0x00000000
core   0: 0x80009766 (0x1dd17013) andi    zero, sp, 477
core   0: 3 0x80009766 (0x1dd17013)
core   0: 0x8000976a (0x0000100f) fence.i
core   0: 3 0x8000976a (0x0000100f)
core   0: 0x8000976e (0x02bd4d33) div     s10, s10, a1
core   0: 3 0x8000976e (0x02bd4d33) x26 0x00000000
core   0: 0x80009772 (0x0000057e) c.slli  a0, 31
core   0: 3 0x80009772 (0x057e) x10 0x00000000
core   0: 0x80009774 (0x00008f6d) c.and   a4, a1
core   0: 3 0x80009774 (0x8f6d) x14 0x10c2a40c
core   0: 0x80009776 (0x0000cd95) c.beqz  a1, pc + 60
core   0: 3 0x80009776 (0xcd95)
core   0: 0x80009778 (0x00008c7a) c.mv    s8, t5
core   0: 3 0x80009778 (0x8c7a) x24 0x07800000
core   0: 0x8000977a (0x0199c5b3) xor     a1, s3, s9
core   0: 3 0x8000977a (0x0199c5b3) x11 0x00002c7d
core   0: 0x8000977e (0x00831763) bne     t1, s0, pc + 14
core   0: 3 0x8000977e (0x00831763)
core   0: 0x8000978c (0x005990b3) sll     ra, s3, t0
core   0: 3 0x8000978c (0x005990b3) x 1 0x40000000
core   0: 0x80009790 (0x00008019) c.srli  s0, 6
core   0: 3 0x80009790 (0x8019) x 8 0x00000000
core   0: 0x80009792 (0x03428eb3) mul     t4, t0, s4
core   0: 3 0x80009792 (0x03428eb3) x29 0x00000000
core   0: 0x80009796 (0x039d51b3) divu    gp, s10, s9
core   0: 3 0x80009796 (0x039d51b3) x 3 0x00000000
core   0: 0x8000979a (0x0000807d) c.srli  s0, 31
core   0: 3 0x8000979a (0x807d) x 8 0x00000000
core   0: 0x8000979c (0x02690fb3) mul     t6, s2, t1
core   0: 3 0x8000979c (0x02690fb3) x31 0x5933150e
core   0: 0x800097a0 (0x0094de13) srli    t3, s1, 9
core   0: 3 0x800097a0 (0x0094de13) x28 0x00000060
core   0: 0x800097a4 (0x00008f3d) c.xor   a4, a5
core   0: 3 0x800097a4 (0x8f3d) x14 0xef3d5bf3
core   0: 0x800097a6 (0xe5003c37) lui     s8, 0xe5003
core   0: 3 0x800097a6 (0xe5003c37) x24 0xe5003000
core   0: 0x800097aa (0xb870c193) xori    gp, ra, -1145
core   0: 3 0x800097aa (0xb870c193) x 3 0xbffffb87
core   0: 0x800097ae (0x0000100f) fence.i
core   0: 3 0x800097ae (0x0000100f)
core   0: 0x800097b2 (0x00009a7d) c.andi  a2, -1
core   0: 3 0x800097b2 (0x9a7d) x12 0x00000001
core   0: 0x800097b4 (0x410c07b3) sub     a5, s8, a6
core   0: 3 0x800097b4 (0x410c07b3) x15 0xe5002fff
core   0: 0x800097b8 (0x3b137513) andi    a0, t1, 945
core   0: 3 0x800097b8 (0x3b137513) x10 0x00000380
core   0: 0x800097bc (0x00001c04) c.addi4spn s1, sp, 560
core   0: 3 0x800097bc (0x1c04) x 9 0xb1d7bf0c
core   0: 0x800097be (0x0101ba33) sltu    s4, gp, a6
core   0: 3 0x800097be (0x0101ba33) x20 0x00000000
core   0: 0x800097c2 (0x0044b0b3) sltu    ra, s1, tp
core   0: 3 0x800097c2 (0x0044b0b3) x 1 0x00000000
core   0: 0x800097c6 (0x0196c4b3) xor     s1, a3, s9
core   0: 3 0x800097c6 (0x0196c4b3) x 9 0x00014c75
core   0: 0x800097ca (0x0000100f) fence.i
core   0: 3 0x800097ca (0x0000100f)
core   0: 0x800097ce (0xff227b93) andi    s7, tp, -14
core   0: 3 0x800097ce (0xff227b93) x23 0x00000000
core   0: 0x800097d2 (0x00008e8e) c.mv    t4, gp
core   0: 3 0x800097d2 (0x8e8e) x29 0xbffffb87
core   0: 0x800097d4 (0xdaaaf1b7) lui     gp, 0xdaaaf
core   0: 3 0x800097d4 (0xdaaaf1b7) x 3 0xdaaaf000
core   0: 0x800097d8 (0x001e5813) srli    a6, t3, 1
core   0: 3 0x800097d8 (0x001e5813) x16 0x00000030
core   0: 0x800097dc (0x75c9a893) slti    a7, s3, 1884
core   0: 3 0x800097dc (0x75c9a893) x17 0x00000001
core   0: 0x800097e0 (0x924b8713) addi    a4, s7, -1756
core   0: 3 0x800097e0 (0x924b8713) x14 0xfffff924
core   0: 0x800097e4 (0x0000e51d) c.bnez  a0, pc + 46
core   0: 3 0x800097e4 (0xe51d)
core   0: 0x80009812 (0x41d35633) sra     a2, t1, t4
core   0: 3 0x80009812 (0x41d35633) x12 0xfffffff7
core   0: 0x80009816 (0x00006c41) c.lui   s8, 0x10
core   0: 3 0x80009816 (0x6c41) x24 0x00010000
core   0: 0x80009818 (0x00008069) c.srli  s0, 26
core   0: 3 0x80009818 (0x8069) x 8 0x00000000
core   0: 0x8000981a (0x00000001) c.nop
core   0: 3 0x8000981a (0x0001)
core   0: 0x8000981c (0x016ea7b3) slt     a5, t4, s6
core   0: 3 0x8000981c (0x016ea7b3) x15 0x00000000
core   0: 0x80009820 (0x412384b3) sub     s1, t2, s2
core   0: 3 0x80009820 (0x412384b3) x 9 0x02af5df2
core   0: 0x80009824 (0x01fa8a33) add     s4, s5, t6
core   0: 3 0x80009824 (0x01fa8a33) x20 0x5933150e
core   0: 0x80009828 (0x5395e693) ori     a3, a1, 1337
core   0: 3 0x80009828 (0x5395e693) x13 0x00002d7d
core   0: 0x8000982c (0x01f9eab3) or      s5, s3, t6
core   0: 3 0x8000982c (0x01f9eab3) x21 0x5933150e
core   0: 0x80009830 (0x00b55ab3) srl     s5, a0, a1
core   0: 3 0x80009830 (0x00b55ab3) x21 0x00000000
core   0: 0x80009834 (0xabe07c13) andi    s8, zero, -1346
core   0: 3 0x80009834 (0xabe07c13) x24 0x00000000
core   0: 0x80009838 (0x411603b3) sub     t2, a2, a7
core   0: 3 0x80009838 (0x411603b3) x 7 0xfffffff6
core   0: 0x8000983c (0x003b86b3) add     a3, s7, gp
core   0: 3 0x8000983c (0x003b86b3) x13 0xdaaaf000
core   0: 0x80009840 (0x000008ee) c.slli  a7, 27
core   0: 3 0x80009840 (0x08ee) x17 0x08000000
core   0: 0x80009842 (0x000081d1) c.srli  a1, 20
core   0: 3 0x80009842 (0x81d1) x11 0x00000000
core   0: 0x80009844 (0x00006add) c.lui   s5, 0x17
core   0: 3 0x80009844 (0x6add) x21 0x00017000
core   0: 0x80009846 (0x0253fa33) remu    s4, t2, t0
core   0: 3 0x80009846 (0x0253fa33) x20 0x000003fb
core   0: 0x8000984a (0x0000c991) c.beqz  a1, pc + 20
core   0: 3 0x8000984a (0xc991)
core   0: 0x8000985e (0x03aa7633) remu    a2, s4, s10
core   0: 3 0x8000985e (0x03aa7633) x12 0x000003fb
core   0: 0x80009862 (0x000093ea) c.add   t2, s10
core   0: 3 0x80009862 (0x93ea) x 7 0xfffffff6
core   0: 0x80009864 (0x0361ca33) div     s4, gp, s6
core   0: 3 0x80009864 (0x0361ca33) x20 0x00000000
core   0: 0x80009868 (0x018c6733) or      a4, s8, s8
core   0: 3 0x80009868 (0x018c6733) x14 0x00000000
core   0: 0x8000986c (0x0000c189) c.beqz  a1, pc + 2
core   0: 3 0x8000986c (0xc189)
core   0: 0x8000986e (0x0000ce99) c.beqz  a3, pc + 30
core   0: 3 0x8000986e (0xce99)
core   0: 0x80009870 (0x00392033) slt     zero, s2, gp
core   0: 3 0x80009870 (0x00392033)
core   0: 0x80009874 (0x01f6cf93) xori    t6, a3, 31
core   0: 3 0x80009874 (0x01f6cf93) x31 0xdaaaf01f
core   0: 0x80009878 (0x0137d0b3) srl     ra, a5, s3
core   0: 3 0x80009878 (0x0137d0b3) x 1 0x00000000
core   0: 0x8000987c (0x91cce013) ori     zero, s9, -1764
core   0: 3 0x8000987c (0x91cce013)
core   0: 0x80009880 (0x02c72933) mulhsu  s2, a4, a2
core   0: 3 0x80009880 (0x02c72933) x18 0x00000000
core   0: 0x80009884 (0x0000c499) c.beqz  s1, pc + 14
core   0: 3 0x80009884 (0xc499)
core   0: 0x80009886 (0x0375c963) blt     a1, s7, pc + 50
core   0: 3 0x80009886 (0x0375c963)
core   0: 0x8000988a (0x000018fd) c.addi  a7, -1
core   0: 3 0x8000988a (0x18fd) x17 0x07ffffff
core   0: 0x8000988c (0x3bc1e413) ori     s0, gp, 956
core   0: 3 0x8000988c (0x3bc1e413) x 8 0xdaaaf3bc
core   0: 0x80009890 (0x00000a7a) c.slli  s4, 30
core   0: 3 0x80009890 (0x0a7a) x20 0x00000000
core   0: 0x80009892 (0x00616333) or      t1, sp, t1
core   0: 3 0x80009892 (0x00616333) x 6 0xffffffde
core   0: 0x80009896 (0x00000001) c.nop
core   0: 3 0x80009896 (0x0001)
core   0: 0x80009898 (0x634c3293) sltiu   t0, s8, 1588
core   0: 3 0x80009898 (0x634c3293) x 5 0x00000001
core   0: 0x8000989c (0x00006155) c.addi16sp sp, 304
core   0: 3 0x8000989c (0x6155) x 2 0xb1d7be0c
core   0: 0x8000989e (0x0000527d) c.li    tp, -1
core   0: 3 0x8000989e (0x527d) x 4 0xffffffff
core   0: 0x800098a0 (0x02d58bb3) mul     s7, a1, a3
core   0: 3 0x800098a0 (0x02d58bb3) x23 0x00000000
core   0: 0x800098a4 (0x0000c38d) c.beqz  a5, pc + 34
core   0: 3 0x800098a4 (0xc38d)
core   0: 0x800098c6 (0x02e98f63) beq     s3, a4, pc + 62
core   0: 3 0x800098c6 (0x02e98f63)
core   0: 0x800098ca (0xc16f2eb7) lui     t4, 0xc16f2
core   0: 3 0x800098ca (0xc16f2eb7) x29 0xc16f2000
core   0: 0x800098ce (0x41f8d913) srai    s2, a7, 31
core   0: 3 0x800098ce (0x41f8d913) x18 0x00000000
core   0: 0x800098d2 (0xeee75c97) auipc   s9, 0xeee75
core   0: 3 0x800098d2 (0xeee75c97) x25 0x6ee7e8d2
core   0: 0x800098d6 (0x00005a7d) c.li    s4, -1
core   0: 3 0x800098d6 (0x5a7d) x20 0xffffffff
core   0: 0x800098d8 (0x000054fd) c.li    s1, -1
core   0: 3 0x800098d8 (0x54fd) x 9 0xffffffff
core   0: 0x800098da (0x58f8e313) ori     t1, a7, 1423
core   0: 3 0x800098da (0x58f8e313) x 6 0x07ffffff
core   0: 0x800098de (0x00f16e63) bltu    sp, a5, pc + 28
core   0: 3 0x800098de (0x00f16e63)
core   0: 0x800098e2 (0x02840563) beq     s0, s0, pc + 42
core   0: 3 0x800098e2 (0x02840563)
core   0: 0x8000990c (0x00008169) c.srli  a0, 26
core   0: 3 0x8000990c (0x8169) x10 0x00000000
core   0: 0x8000990e (0x00008c49) c.or    s0, a0
core   0: 3 0x8000990e (0x8c49) x 8 0xdaaaf3bc
core   0: 0x80009910 (0x01445f13) srli    t5, s0, 20
core   0: 3 0x80009910 (0x01445f13) x30 0x00000daa
core   0: 0x80009914 (0x01065f33) srl     t5, a2, a6
core   0: 3 0x80009914 (0x01065f33) x30 0x00000000
core   0: 0x80009918 (0x0073d333) srl     t1, t2, t2
core   0: 3 0x80009918 (0x0073d333) x 6 0x000003ff
core   0: 0x8000991c (0x03c55f63) bge     a0, t3, pc + 62
core   0: 3 0x8000991c (0x03c55f63)
core   0: 0x80009920 (0x00000001) c.nop
core   0: 3 0x80009920 (0x0001)
core   0: 0x80009922 (0x00d6eeb3) or      t4, a3, a3
core   0: 3 0x80009922 (0x00d6eeb3) x29 0xdaaaf000
core   0: 0x80009926 (0x0000e589) c.bnez  a1, pc + 10
core   0: 3 0x80009926 (0xe589)
core   0: 0x80009928 (0x037cc533) div     a0, s9, s7
core   0: 3 0x80009928 (0x037cc533) x10 0xffffffff
core   0: 0x8000992c (0x0000ce85) c.beqz  a3, pc + 56
core   0: 3 0x8000992c (0xce85)
core   0: 0x8000992e (0x000088bd) c.andi  s1, 15
core   0: 3 0x8000992e (0x88bd) x 9 0x0000000f
core   0: 0x80009930 (0x33a31737) lui     a4, 0x33a31
core   0: 3 0x80009930 (0x33a31737) x14 0x33a31000
core   0: 0x80009934 (0x05d27263) bgeu    tp, t4, pc + 68
core   0: 3 0x80009934 (0x05d27263)
core   0: 0x80009978 (0x0000e315) c.bnez  a4, pc + 36
core   0: 3 0x80009978 (0xe315)
core   0: 0x8000999c (0x038d2133) mulhsu  sp, s10, s8
core   0: 3 0x8000999c (0x038d2133) x 2 0x00000000
core   0: 0x800099a0 (0x40ca0cb3) sub     s9, s4, a2
core   0: 3 0x800099a0 (0x40ca0cb3) x25 0xfffffc04
core   0: 0x800099a4 (0x00d18cb3) add     s9, gp, a3
core   0: 3 0x800099a4 (0x00d18cb3) x25 0xb555e000
core   0: 0x800099a8 (0x0000615d) c.addi16sp sp, 432
core   0: 3 0x800099a8 (0x615d) x 2 0x000001b0
core   0: 0x800099aa (0x00000d11) c.addi  s10, 4
core   0: 3 0x800099aa (0x0d11) x26 0x00000004
core   0: 0x800099ac (0x02e01f33) mulh    t5, zero, a4
core   0: 3 0x800099ac (0x02e01f33) x30 0x00000000
core   0: 0x800099b0 (0x014950b3) srl     ra, s2, s4
core   0: 3 0x800099b0 (0x014950b3) x 1 0x00000000
core   0: 0x800099b4 (0x00006f55) c.lui   t5, 0x15
core   0: 3 0x800099b4 (0x6f55) x30 0x00015000
core   0: 0x800099b6 (0x03962933) mulhsu  s2, a2, s9
core   0: 3 0x800099b6 (0x03962933) x18 0x000002d1
core   0: 0x800099ba (0x01545663) bge     s0, s5, pc + 12
core   0: 3 0x800099ba (0x01545663)
core   0: 0x800099be (0x01789f93) slli    t6, a7, 23
core   0: 3 0x800099be (0x01789f93) x31 0xff800000
core   0: 0x800099c2 (0x00399bb3) sll     s7, s3, gp
core   0: 3 0x800099c2 (0x00399bb3) x23 0x00000008
core   0: 0x800099c6 (0x222bc693) xori    a3, s7, 546
core   0: 3 0x800099c6 (0x222bc693) x13 0x0000022a
core   0: 0x800099ca (0x0182c533) xor     a0, t0, s8
core   0: 3 0x800099ca (0x0182c533) x10 0x00000001
core   0: 0x800099ce (0x0000557d) c.li    a0, -1
core   0: 3 0x800099ce (0x557d) x10 0xffffffff
core   0: 0x800099d0 (0x0000100f) fence.i
core   0: 3 0x800099d0 (0x0000100f)
core   0: 0x800099d4 (0x0000137d) c.addi  t1, -1
core   0: 3 0x800099d4 (0x137d) x 6 0x000003fe
core   0: 0x800099d6 (0x2e56c713) xori    a4, a3, 741
core   0: 3 0x800099d6 (0x2e56c713) x14 0x000000cf
core   0: 0x800099da (0xea662513) slti    a0, a2, -346
core   0: 3 0x800099da (0xea662513) x10 0x00000000
core   0: 0x800099de (0x00000001) c.nop
core   0: 3 0x800099de (0x0001)
core   0: 0x800099e0 (0x02f5ce63) blt     a1, a5, pc + 60
core   0: 3 0x800099e0 (0x02f5ce63)
core   0: 0x800099e4 (0x024751b3) divu    gp, a4, tp
core   0: 3 0x800099e4 (0x024751b3) x 3 0x00000000
core   0: 0x800099e8 (0x00000001) c.nop
core   0: 3 0x800099e8 (0x0001)
core   0: 0x800099ea (0x01c4c233) xor     tp, s1, t3
core   0: 3 0x800099ea (0x01c4c233) x 4 0x0000006f
core   0: 0x800099ee (0x0000100f) fence.i
core   0: 3 0x800099ee (0x0000100f)
core   0: 0x800099f2 (0x014a5633) srl     a2, s4, s4
core   0: 3 0x800099f2 (0x014a5633) x12 0x00000001
core   0: 0x800099f6 (0x00000001) c.nop
core   0: 3 0x800099f6 (0x0001)
core   0: 0x800099f8 (0x003f6933) or      s2, t5, gp
core   0: 3 0x800099f8 (0x003f6933) x18 0x00015000
core   0: 0x800099fc (0x00b89933) sll     s2, a7, a1
core   0: 3 0x800099fc (0x00b89933) x18 0x07ffffff
core   0: 0x80009a00 (0x032fb933) mulhu   s2, t6, s2
core   0: 3 0x80009a00 (0x032fb933) x18 0x07fbffff
core   0: 0x80009a04 (0x00008e39) c.xor   a2, a4
core   0: 3 0x80009a04 (0x8e39) x12 0x000000ce
core   0: 0x80009a06 (0x00835863) bge     t1, s0, pc + 16
core   0: 3 0x80009a06 (0x00835863)
core   0: 0x80009a16 (0x02a41133) mulh    sp, s0, a0
core   0: 3 0x80009a16 (0x02a41133) x 2 0x00000000
core   0: 0x80009a1a (0x000042e1) c.li    t0, 24
core   0: 3 0x80009a1a (0x42e1) x 5 0x00000018
core   0: 0x80009a1c (0x41c95693) srai    a3, s2, 28
core   0: 3 0x80009a1c (0x41c95693) x13 0x00000000
core   0: 0x80009a20 (0x40fe05b3) sub     a1, t3, a5
core   0: 3 0x80009a20 (0x40fe05b3) x11 0x00000060
core   0: 0x80009a24 (0x00c75ab3) srl     s5, a4, a2
core   0: 3 0x80009a24 (0x00c75ab3) x21 0x00000000
core   0: 0x80009a28 (0x02b9b633) mulhu   a2, s3, a1
core   0: 3 0x80009a28 (0x02b9b633) x12 0x00000000
core   0: 0x80009a2c (0x03ecf533) remu    a0, s9, t5
core   0: 3 0x80009a2c (0x03ecf533) x10 0x00001000
core   0: 0x80009a30 (0x0363a3b3) mulhsu  t2, t2, s6
core   0: 3 0x80009a30 (0x0363a3b3) x 7 0xfffffffa
core   0: 0x80009a34 (0x0000100f) fence.i
core   0: 3 0x80009a34 (0x0000100f)
core   0: 0x80009a38 (0x0160a933) slt     s2, ra, s6
core   0: 3 0x80009a38 (0x0160a933) x18 0x00000000
core   0: 0x80009a3c (0x00005c7d) c.li    s8, -1
core   0: 3 0x80009a3c (0x5c7d) x24 0xffffffff
core   0: 0x80009a3e (0x00009a12) c.add   s4, tp
core   0: 3 0x80009a3e (0x9a12) x20 0x0000006e
core   0: 0x80009a40 (0x021a9133) mulh    sp, s5, ra
core   0: 3 0x80009a40 (0x021a9133) x 2 0x00000000
core   0: 0x80009a44 (0xdb6a7437) lui     s0, 0xdb6a7
core   0: 3 0x80009a44 (0xdb6a7437) x 8 0xdb6a7000
core   0: 0x80009a48 (0x0000814e) c.mv    sp, s3
core   0: 3 0x80009a48 (0x814e) x 2 0x00000008
core   0: 0x80009a4a (0x02169e33) mulh    t3, a3, ra
core   0: 3 0x80009a4a (0x02169e33) x28 0x00000000
core   0: 0x80009a4e (0xe243ff93) andi    t6, t2, -476
core   0: 3 0x80009a4e (0xe243ff93) x31 0xfffffe20
core   0: 0x80009a52 (0x0000821d) c.srli  a2, 7
core   0: 3 0x80009a52 (0x821d) x12 0x00000000
core   0: 0x80009a54 (0x008eb233) sltu    tp, t4, s0
core   0: 3 0x80009a54 (0x008eb233) x 4 0x00000001
core   0: 0x80009a58 (0x04ccf163) bgeu    s9, a2, pc + 66
core   0: 3 0x80009a58 (0x04ccf163)
core   0: 0x80009a9a (0x000040a1) c.li    ra, 8
core   0: 3 0x80009a9a (0x40a1) x 1 0x00000008
core   0: 0x80009a9c (0x009fd493) srli    s1, t6, 9
core   0: 3 0x80009a9c (0x009fd493) x 9 0x007fffff
core   0: 0x80009aa0 (0x000084ad) c.srai  s1, 11
core   0: 3 0x80009aa0 (0x84ad) x 9 0x00000fff
core   0: 0x80009aa2 (0x02b95c63) bge     s2, a1, pc + 56
core   0: 3 0x80009aa2 (0x02b95c63)
core   0: 0x80009aa6 (0x00008e09) c.sub   a2, a0
core   0: 3 0x80009aa6 (0x8e09) x12 0xfffff000
core   0: 0x80009aa8 (0x00008d09) c.sub   a0, a0
core   0: 3 0x80009aa8 (0x8d09) x10 0x00000000
core   0: 0x80009aaa (0x00008e75) c.and   a2, a3
core   0: 3 0x80009aaa (0x8e75) x12 0x00000000
core   0: 0x80009aac (0x0000850a) c.mv    a0, sp
core   0: 3 0x80009aac (0x850a) x10 0x00000008
core   0: 0x80009aae (0x03c3de33) divu    t3, t2, t3
core   0: 3 0x80009aae (0x03c3de33) x28 0xffffffff
core   0: 0x80009ab2 (0x03a56d33) rem     s10, a0, s10
core   0: 3 0x80009ab2 (0x03a56d33) x26 0x00000000
core   0: 0x80009ab6 (0x00996ab3) or      s5, s2, s1
core   0: 3 0x80009ab6 (0x00996ab3) x21 0x00000fff
core   0: 0x80009aba (0x00846c63) bltu    s0, s0, pc + 24
core   0: 3 0x80009aba (0x00846c63)
core   0: 0x80009abe (0x86677893) andi    a7, a4, -1946
core   0: 3 0x80009abe (0x86677893) x17 0x00000046
core   0: 0x80009ac2 (0x00008479) c.srai  s0, 30
core   0: 3 0x80009ac2 (0x8479) x 8 0xffffffff
core   0: 0x80009ac4 (0x0000e989) c.bnez  a1, pc + 18
core   0: 3 0x80009ac4 (0xe989)
core   0: 0x80009ad6 (0x0000100f) fence.i
core   0: 3 0x80009ad6 (0x0000100f)
core   0: 0x80009ada (0x0149d233) srl     tp, s3, s4
core   0: 3 0x80009ada (0x0149d233) x 4 0x00000000
core   0: 0x80009ade (0x017755b3) srl     a1, a4, s7
core   0: 3 0x80009ade (0x017755b3) x11 0x00000000
core   0: 0x80009ae2 (0x000098fd) c.andi  s1, -1
core   0: 3 0x80009ae2 (0x98fd) x 9 0x00000fff
core   0: 0x80009ae4 (0x019aa7b3) slt     a5, s5, s9
core   0: 3 0x80009ae4 (0x019aa7b3) x15 0x00000000
core   0: 0x80009ae8 (0x01e5b133) sltu    sp, a1, t5
core   0: 3 0x80009ae8 (0x01e5b133) x 2 0x00000001
core   0: 0x80009aec (0x00008fe1) c.and   a5, s0
core   0: 3 0x80009aec (0x8fe1) x15 0x00000000
core   0: 0x80009aee (0x00bc0563) beq     s8, a1, pc + 10
core   0: 3 0x80009aee (0x00bc0563)
core   0: 0x80009af2 (0x0219fbb3) remu    s7, s3, ra
core   0: 3 0x80009af2 (0x0219fbb3) x23 0x00000000
core   0: 0x80009af6 (0x0000ca2d) c.beqz  a2, pc + 114
core   0: 3 0x80009af6 (0xca2d)
core   0: 0x80009b68 (0x01ef81b3) add     gp, t6, t5
core   0: 3 0x80009b68 (0x01ef81b3) x 3 0x00014e20
core   0: 0x80009b6c (0x033b5833) divu    a6, s6, s3
core   0: 3 0x80009b6c (0x033b5833) x16 0x10004bcc
core   0: 0x80009b70 (0x0000100f) fence.i
core   0: 3 0x80009b70 (0x0000100f)
core   0: 0x80009b74 (0x584d7913) andi    s2, s10, 1412
core   0: 3 0x80009b74 (0x584d7913) x18 0x00000000
core   0: 0x80009b78 (0x020c1ab3) mulh    s5, s8, zero
core   0: 3 0x80009b78 (0x020c1ab3) x21 0x00000000
core   0: 0x80009b7c (0x0036d193) srli    gp, a3, 3
core   0: 3 0x80009b7c (0x0036d193) x 3 0x00000000
core   0: 0x80009b80 (0x00541eb3) sll     t4, s0, t0
core   0: 3 0x80009b80 (0x00541eb3) x29 0xff000000
core   0: 0x80009b84 (0xaa604793) xori    a5, zero, -1370
core   0: 3 0x80009b84 (0xaa604793) x15 0xfffffaa6
core   0: 0x80009b88 (0x40708cb3) sub     s9, ra, t2
core   0: 3 0x80009b88 (0x40708cb3) x25 0x0000000e
core   0: 0x80009b8c (0x00006c15) c.lui   s8, 0x5
core   0: 3 0x80009b8c (0x6c15) x24 0x00005000
core   0: 0x80009b8e (0x0206fb63) bgeu    a3, zero, pc + 54
core   0: 3 0x80009b8e (0x0206fb63)
core   0: 0x80009bc4 (0x01ee4b63) blt     t3, t5, pc + 22
core   0: 3 0x80009bc4 (0x01ee4b63)
core   0: 0x80009bda (0x0000019a) c.slli  gp, 6
core   0: 3 0x80009bda (0x019a) x 3 0x00000000
core   0: 0x80009bdc (0x01c3af33) slt     t5, t2, t3
core   0: 3 0x80009bdc (0x01c3af33) x30 0x00000001
core   0: 0x80009be0 (0x034c65b3) rem     a1, s8, s4
core   0: 3 0x80009be0 (0x034c65b3) x11 0x00000014
core   0: 0x80009be4 (0x012efe33) and     t3, t4, s2
core   0: 3 0x80009be4 (0x012efe33) x28 0x00000000
core   0: 0x80009be8 (0x02bc0d63) beq     s8, a1, pc + 58
core   0: 3 0x80009be8 (0x02bc0d63)
core   0: 0x80009bec (0x028ef0b3) remu    ra, t4, s0
core   0: 3 0x80009bec (0x028ef0b3) x 1 0xff000000
core   0: 0x80009bf0 (0xc4f8af13) slti    t5, a7, -945
core   0: 3 0x80009bf0 (0xc4f8af13) x30 0x00000000
core   0: 0x80009bf4 (0x00000001) c.nop
core   0: 3 0x80009bf4 (0x0001)
core   0: 0x80009bf6 (0x0000e29d) c.bnez  a3, pc + 38
core   0: 3 0x80009bf6 (0xe29d)
core   0: 0x80009bf8 (0x00000001) c.nop
core   0: 3 0x80009bf8 (0x0001)
core   0: 0x80009bfa (0x02fa2333) mulhsu  t1, s4, a5
core   0: 3 0x80009bfa (0x02fa2333) x 6 0x0000006d
core   0: 0x80009bfe (0x2d2518b7) lui     a7, 0x2d251
core   0: 3 0x80009bfe (0x2d2518b7) x17 0x2d251000
core   0: 0x80009c02 (0x0348dc33) divu    s8, a7, s4
core   0: 3 0x80009c02 (0x0348dc33) x24 0x0069106f
core   0: 0x80009c06 (0x0384e463) bltu    s1, s8, pc + 40
core   0: 3 0x80009c06 (0x0384e463)
core   0: 0x80009c2e (0x8259ba97) auipc   s5, 0x8259b
core   0: 3 0x80009c2e (0x8259ba97) x21 0x025a4c2e
core   0: 0x80009c32 (0x037af7b3) remu    a5, s5, s7
core   0: 3 0x80009c32 (0x037af7b3) x15 0x025a4c2e
core   0: 0x80009c36 (0x00009afd) c.andi  a3, -1
core   0: 3 0x80009c36 (0x9afd) x13 0x00000000
core   0: 0x80009c38 (0x03aedc33) divu    s8, t4, s10
core   0: 3 0x80009c38 (0x03aedc33) x24 0xffffffff
core   0: 0x80009c3c (0x00000132) c.slli  sp, 12
core   0: 3 0x80009c3c (0x0132) x 2 0x00001000
core   0: 0x80009c3e (0x01456733) or      a4, a0, s4
core   0: 3 0x80009c3e (0x01456733) x14 0x0000006e
core   0: 0x80009c42 (0x00008f2d) c.xor   a4, a1
core   0: 3 0x80009c42 (0x8f2d) x14 0x0000007a
core   0: 0x80009c44 (0x0000100f) fence.i
core   0: 3 0x80009c44 (0x0000100f)
core   0: 0x80009c48 (0x00000001) c.nop
core   0: 3 0x80009c48 (0x0001)
core   0: 0x80009c4a (0x038902b3) mul     t0, s2, s8
core   0: 3 0x80009c4a (0x038902b3) x 5 0x00000000
core   0: 0x80009c4e (0x00008db9) c.xor   a1, a4
core   0: 3 0x80009c4e (0x8db9) x11 0x0000006e
core   0: 0x80009c50 (0x00008c39) c.xor   s0, a4
core   0: 3 0x80009c50 (0x8c39) x 8 0xffffff85
core   0: 0x80009c52 (0x000001ea) c.slli  gp, 26
core   0: 3 0x80009c52 (0x01ea) x 3 0x00000000
core   0: 0x80009c54 (0x03ffb533) mulhu   a0, t6, t6
core   0: 3 0x80009c54 (0x03ffb533) x10 0xfffffc40
core   0: 0x80009c58 (0xc75605b7) lui     a1, 0xc7560
core   0: 3 0x80009c58 (0xc75605b7) x11 0xc7560000
core   0: 0x80009c5c (0x00008eed) c.and   a3, a1
core   0: 3 0x80009c5c (0x8eed) x13 0x00000000
core   0: 0x80009c5e (0x03431cb3) mulh    s9, t1, s4
core   0: 3 0x80009c5e (0x03431cb3) x25 0x00000000
core   0: 0x80009c62 (0x402b81b3) sub     gp, s7, sp
core   0: 3 0x80009c62 (0x402b81b3) x 3 0xfffff000
core   0: 0x80009c66 (0x02d572b3) remu    t0, a0, a3
core   0: 3 0x80009c66 (0x02d572b3) x 5 0xfffffc40
core   0: 0x80009c6a (0x01755e63) bge     a0, s7, pc + 28
core   0: 3 0x80009c6a (0x01755e63)
core   0: 0x80009c6e (0x0000ef89) c.bnez  a5, pc + 26
core   0: 3 0x80009c6e (0xef89)
core   0: 0x80009c88 (0x49ec6013) ori     zero, s8, 1182
core   0: 3 0x80009c88 (0x49ec6013)
core   0: 0x80009c8c (0x0ff0000f) fence   iorw,iorw
core   0: 3 0x80009c8c (0x0ff0000f)
core   0: 0x80009c90 (0x0238aeb3) mulhsu  t4, a7, gp
core   0: 3 0x80009c90 (0x0238aeb3) x29 0x2d250d2d
core   0: 0x80009c94 (0x01959113) slli    sp, a1, 25
core   0: 3 0x80009c94 (0x01959113) x 2 0x00000000
core   0: 0x80009c98 (0x019e1913) slli    s2, t3, 25
core   0: 3 0x80009c98 (0x019e1913) x18 0x00000000
core   0: 0x80009c9c (0x5d1eb193) sltiu   gp, t4, 1489
core   0: 3 0x80009c9c (0x5d1eb193) x 3 0x00000000
core   0: 0x80009ca0 (0xff017693) andi    a3, sp, -16
core   0: 3 0x80009ca0 (0xff017693) x13 0x00000000
core   0: 0x80009ca4 (0x039ce563) bltu    s9, s9, pc + 42
core   0: 3 0x80009ca4 (0x039ce563)
core   0: 0x80009ca8 (0x73ceaeb7) lui     t4, 0x73cea
core   0: 3 0x80009ca8 (0x73ceaeb7) x29 0x73cea000
core   0: 0x80009cac (0x0ff0000f) fence   iorw,iorw
core   0: 3 0x80009cac (0x0ff0000f)
core   0: 0x80009cb0 (0x00008105) c.srli  a0, 1
core   0: 3 0x80009cb0 (0x8105) x10 0x7ffffe20
core   0: 0x80009cb2 (0x0000914a) c.add   sp, s2
core   0: 3 0x80009cb2 (0x914a) x 2 0x00000000
core   0: 0x80009cb4 (0x41c353b3) sra     t2, t1, t3
core   0: 3 0x80009cb4 (0x41c353b3) x 7 0x0000006d
core   0: 0x80009cb8 (0x00008c65) c.and   s0, s1
core   0: 3 0x80009cb8 (0x8c65) x 8 0x00000f85
core   0: 0x80009cba (0xc8812293) slti    t0, sp, -888
core   0: 3 0x80009cba (0xc8812293) x 5 0x00000000
core   0: 0x80009cbe (0x01b9ec33) or      s8, s3, s11
core   0: 3 0x80009cbe (0x01b9ec33) x24 0x80029cec
core   0: 0x80009cc2 (0x02228463) beq     t0, sp, pc + 40
core   0: 3 0x80009cc2 (0x02228463)
core   0: 0x80009cea (0x00000105) c.addi  sp, 1
core   0: 3 0x80009cea (0x0105) x 2 0x00000001
core   0: 0x80009cec (0x00c6cbb3) xor     s7, a3, a2
core   0: 3 0x80009cec (0x00c6cbb3) x23 0x00000000
core   0: 0x80009cf0 (0x0ff0000f) fence   iorw,iorw
core   0: 3 0x80009cf0 (0x0ff0000f)
core   0: 0x80009cf4 (0x0000e781) c.bnez  a5, pc + 8
core   0: 3 0x80009cf4 (0xe781)
core   0: 0x80009cfc (0x00008411) c.srai  s0, 4
core   0: 3 0x80009cfc (0x8411) x 8 0x000000f8
core   0: 0x80009cfe (0xa5172c13) slti    s8, a4, -1455
core   0: 3 0x80009cfe (0xa5172c13) x24 0x00000000
core   0: 0x80009d02 (0x01f87633) and     a2, a6, t6
core   0: 3 0x80009d02 (0x01f87633) x12 0x10004a00
core   0: 0x80009d06 (0x00000d9c) c.addi4spn a5, sp, 720
core   0: 3 0x80009d06 (0x0d9c) x15 0x000002d1
core   0: 0x80009d08 (0x0000805d) c.srli  s0, 23
core   0: 3 0x80009d08 (0x805d) x 8 0x00000000
core   0: 0x80009d0a (0x005f67b3) or      a5, t5, t0
core   0: 3 0x80009d0a (0x005f67b3) x15 0x00000000
core   0: 0x80009d0e (0x00000001) c.nop
core   0: 3 0x80009d0e (0x0001)
core   0: 0x80009d10 (0x00008e29) c.xor   a2, a0
core   0: 3 0x80009d10 (0x8e29) x12 0x6fffb420
core   0: 0x80009d12 (0x01ea1613) slli    a2, s4, 30
core   0: 3 0x80009d12 (0x01ea1613) x12 0x80000000
core   0: 0x80009d16 (0x00001b80) c.addi4spn s0, sp, 496
core   0: 3 0x80009d16 (0x1b80) x 8 0x000001f1
core   0: 0x80009d18 (0x00008695) c.srai  a3, 5
core   0: 3 0x80009d18 (0x8695) x13 0x00000000
core   0: 0x80009d1a (0x02391633) mulh    a2, s2, gp
core   0: 3 0x80009d1a (0x02391633) x12 0x00000000
core   0: 0x80009d1e (0x000001a6) c.slli  gp, 9
core   0: 3 0x80009d1e (0x01a6) x 3 0x00000000
core   0: 0x80009d20 (0x003241b3) xor     gp, tp, gp
core   0: 3 0x80009d20 (0x003241b3) x 3 0x00000000
core   0: 0x80009d24 (0x8eb5ff13) andi    t5, a1, -1813
core   0: 3 0x80009d24 (0x8eb5ff13) x30 0xc7560000
core   0: 0x80009d28 (0x00dc7763) bgeu    s8, a3, pc + 14
core   0: 3 0x80009d28 (0x00dc7763)
core   0: 0x80009d36 (0x02415c63) bge     sp, tp, pc + 56
core   0: 3 0x80009d36 (0x02415c63)
core   0: 0x80009d6e (0x02bf88b3) mul     a7, t6, a1
core   0: 3 0x80009d6e (0x02bf88b3) x17 0x3ec00000
core   0: 0x80009d72 (0x007cc633) xor     a2, s9, t2
core   0: 3 0x80009d72 (0x007cc633) x12 0x0000006d
core   0: 0x80009d76 (0x17d03f13) sltiu   t5, zero, 381
core   0: 3 0x80009d76 (0x17d03f13) x30 0x00000001
core   0: 0x80009d7a (0x00f91433) sll     s0, s2, a5
core   0: 3 0x80009d7a (0x00f91433) x 8 0x00000000
core   0: 0x80009d7e (0x015a9d33) sll     s10, s5, s5
core   0: 3 0x80009d7e (0x015a9d33) x26 0x930b8000
core   0: 0x80009d82 (0x012caf33) slt     t5, s9, s2
core   0: 3 0x80009d82 (0x012caf33) x30 0x00000000
core   0: 0x80009d86 (0x02c56cb3) rem     s9, a0, a2
core   0: 3 0x80009d86 (0x02c56cb3) x25 0x00000030
core   0: 0x80009d8a (0x00000001) c.nop
core   0: 3 0x80009d8a (0x0001)
core   0: 0x80009d8c (0x00008d39) c.xor   a0, a4
core   0: 3 0x80009d8c (0x8d39) x10 0x7ffffe5a
core   0: 0x80009d8e (0x023ebf33) mulhu   t5, t4, gp
core   0: 3 0x80009d8e (0x023ebf33) x30 0x00000000
core   0: 0x80009d92 (0x412e04b3) sub     s1, t3, s2
core   0: 3 0x80009d92 (0x412e04b3) x 9 0x00000000
core   0: 0x80009d96 (0x016d7c33) and     s8, s10, s6
core   0: 3 0x80009d96 (0x016d7c33) x24 0x80020000
core   0: 0x80009d9a (0x41198133) sub     sp, s3, a7
core   0: 3 0x80009d9a (0x41198133) x 2 0xc1400008
core   0: 0x80009d9e (0x015f7eb3) and     t4, t5, s5
core   0: 3 0x80009d9e (0x015f7eb3) x29 0x00000000
core   0: 0x80009da2 (0x00000bc2) c.slli  s7, 16
core   0: 3 0x80009da2 (0x0bc2) x23 0x00000000
core   0: 0x80009da4 (0x4177d593) srai    a1, a5, 23
core   0: 3 0x80009da4 (0x4177d593) x11 0x00000000
core   0: 0x80009da8 (0x0000cd09) c.beqz  a0, pc + 26
core   0: 3 0x80009da8 (0xcd09)
core   0: 0x80009daa (0x41215a13) srai    s4, sp, 18
core   0: 3 0x80009daa (0x41215a13) x20 0xfffff050
core   0: 0x80009dae (0x000087ce) c.mv    a5, s3
core   0: 3 0x80009dae (0x87ce) x15 0x00000008
core   0: 0x80009db0 (0x00491433) sll     s0, s2, tp
core   0: 3 0x80009db0 (0x00491433) x 8 0x00000000
core   0: 0x80009db4 (0x415d5f13) srai    t5, s10, 21
core   0: 3 0x80009db4 (0x415d5f13) x30 0xfffffc98
core   0: 0x80009db8 (0x00008e21) c.xor   a2, s0
core   0: 3 0x80009db8 (0x8e21) x12 0x0000006d
core   0: 0x80009dba (0x12aac413) xori    s0, s5, 298
core   0: 3 0x80009dba (0x12aac413) x 8 0x025a4d04
core   0: 0x80009dbe (0x02bd0833) mul     a6, s10, a1
core   0: 3 0x80009dbe (0x02bd0833) x16 0x00000000
core   0: 0x80009dc2 (0x0000181c) c.addi4spn a5, sp, 48
core   0: 3 0x80009dc2 (0x181c) x15 0xc1400038
core   0: 0x80009dc4 (0x5da04913) xori    s2, zero, 1498
core   0: 3 0x80009dc4 (0x5da04913) x18 0x000005da
core   0: 0x80009dc8 (0x01f08733) add     a4, ra, t6
core   0: 3 0x80009dc8 (0x01f08733) x14 0xfefffe20
core   0: 0x80009dcc (0x03a40933) mul     s2, s0, s10
core   0: 3 0x80009dcc (0x03a40933) x18 0xc1ae0000
core   0: 0x80009dd0 (0x0330d333) divu    t1, ra, s3
core   0: 3 0x80009dd0 (0x0330d333) x 6 0x1fe00000
core   0: 0x80009dd4 (0x03e24e63) blt     tp, t5, pc + 60
core   0: 3 0x80009dd4 (0x03e24e63)
core   0: 0x80009dd8 (0x02a484b3) mul     s1, s1, a0
core   0: 3 0x80009dd8 (0x02a484b3) x 9 0x00000000
core   0: 0x80009ddc (0x0154cf33) xor     t5, s1, s5
core   0: 3 0x80009ddc (0x0154cf33) x30 0x025a4c2e
core   0: 0x80009de0 (0x0ff0000f) fence   iorw,iorw
core   0: 3 0x80009de0 (0x0ff0000f)
core   0: 0x80009de4 (0x0000857d) c.srai  a0, 31
core   0: 3 0x80009de4 (0x857d) x10 0x00000000
core   0: 0x80009de6 (0x03a34133) div     sp, t1, s10
core   0: 3 0x80009de6 (0x03a34133) x 2 0x00000000
core   0: 0x80009dea (0x01490c63) beq     s2, s4, pc + 24
core   0: 3 0x80009dea (0x01490c63)
core   0: 0x80009dee (0x00161663) bne     a2, ra, pc + 12
core   0: 3 0x80009dee (0x00161663)
core   0: 0x80009dfa (0x021f72b3) remu    t0, t5, ra
core   0: 3 0x80009dfa (0x021f72b3) x 5 0x025a4c2e
core   0: 0x80009dfe (0x0000832d) c.srli  a4, 11
core   0: 3 0x80009dfe (0x832d) x14 0x001fdfff
core   0: 0x80009e00 (0x0000982e) c.add   a6, a1
core   0: 3 0x80009e00 (0x982e) x16 0x00000000
core   0: 0x80009e02 (0x00008352) c.mv    t1, s4
core   0: 3 0x80009e02 (0x8352) x 6 0xfffff050
core   0: 0x80009e04 (0x40efb793) sltiu   a5, t6, 1038
core   0: 3 0x80009e04 (0x40efb793) x15 0x00000000
core   0: 0x80009e08 (0x03bc0cb3) mul     s9, s8, s11
core   0: 3 0x80009e08 (0x03bc0cb3) x25 0x39c80000
core   0: 0x80009e0c (0x8e4fb7b7) lui     a5, 0x8e4fb
core   0: 3 0x80009e0c (0x8e4fb7b7) x15 0x8e4fb000
core   0: 0x80009e10 (0x024c7633) remu    a2, s8, tp
core   0: 3 0x80009e10 (0x024c7633) x12 0x80020000
core   0: 0x80009e14 (0x0ff0000f) fence   iorw,iorw
core   0: 3 0x80009e14 (0x0ff0000f)
core   0: 0x80009e18 (0x00000a3a) c.slli  s4, 14
core   0: 3 0x80009e18 (0x0a3a) x20 0xfc140000
core   0: 0x80009e1a (0x005250b3) srl     ra, tp, t0
core   0: 3 0x80009e1a (0x005250b3) x 1 0x00000000
core   0: 0x80009e1e (0x03bacc63) blt     s5, s11, pc + 56
core   0: 3 0x80009e1e (0x03bacc63)
core   0: 0x80009e22 (0x00008f6d) c.and   a4, a1
core   0: 3 0x80009e22 (0x8f6d) x14 0x00000000
core   0: 0x80009e24 (0x0000e681) c.bnez  a3, pc + 8
core   0: 3 0x80009e24 (0xe681)
core   0: 0x80009e26 (0x00008d89) c.sub   a1, a0
core   0: 3 0x80009e26 (0x8d89) x11 0x00000000
core   0: 0x80009e28 (0x6636fe13) andi    t3, a3, 1635
core   0: 3 0x80009e28 (0x6636fe13) x28 0x00000000
core   0: 0x80009e2c (0x000088c2) c.mv    a7, a6
core   0: 3 0x80009e2c (0x88c2) x17 0x00000000
core   0: 0x80009e2e (0x0ff0000f) fence   iorw,iorw
core   0: 3 0x80009e2e (0x0ff0000f)
core   0: 0x80009e32 (0x00008d95) c.sub   a1, a3
core   0: 3 0x80009e32 (0x8d95) x11 0x00000000
core   0: 0x80009e34 (0x4057d4b3) sra     s1, a5, t0
core   0: 3 0x80009e34 (0x4057d4b3) x 9 0xfffe393e
core   0: 0x80009e38 (0x005e5f33) srl     t5, t3, t0
core   0: 3 0x80009e38 (0x005e5f33) x30 0x00000000
core   0: 0x80009e3c (0x01a81a13) slli    s4, a6, 26
core   0: 3 0x80009e3c (0x01a81a13) x20 0x00000000
core   0: 0x80009e40 (0x021f93b3) mulh    t2, t6, ra
core   0: 3 0x80009e40 (0x021f93b3) x 7 0x00000000
core   0: 0x80009e44 (0x018f2433) slt     s0, t5, s8
core   0: 3 0x80009e44 (0x018f2433) x 8 0x00000000
core   0: 0x80009e48 (0xa393f117) auipc   sp, 0xa393f
core   0: 3 0x80009e48 (0xa393f117) x 2 0x23948e48
core   0: 0x80009e4c (0x000066d1) c.lui   a3, 0x14
core   0: 3 0x80009e4c (0x66d1) x13 0x00014000
core   0: 0x80009e4e (0x0281d063) bge     gp, s0, pc + 32
core   0: 3 0x80009e4e (0x0281d063)
core   0: 0x80009e6e (0x00691533) sll     a0, s2, t1
core   0: 3 0x80009e6e (0x00691533) x10 0x00000000
core   0: 0x80009e72 (0x0319ebb3) rem     s7, s3, a7
core   0: 3 0x80009e72 (0x0319ebb3) x23 0x00000008
core   0: 0x80009e76 (0x009adcb3) srl     s9, s5, s1
core   0: 3 0x80009e76 (0x009adcb3) x25 0x00000000
core   0: 0x80009e7a (0x78163c13) sltiu   s8, a2, 1921
core   0: 3 0x80009e7a (0x78163c13) x24 0x00000000
core   0: 0x80009e7e (0x016ed413) srli    s0, t4, 22
core   0: 3 0x80009e7e (0x016ed413) x 8 0x00000000
core   0: 0x80009e82 (0x00008d1d) c.sub   a0, a5
core   0: 3 0x80009e82 (0x8d1d) x10 0x71b05000
core   0: 0x80009e84 (0x00004631) c.li    a2, 12
core   0: 3 0x80009e84 (0x4631) x12 0x0000000c
core   0: 0x80009e86 (0x10078863) beqz    a5, pc + 272
core   0: 3 0x80009e86 (0x10078863)
core   0: 0x80009e8a (0x0ecf7263) bgeu    t5, a2, pc + 228
core   0: 3 0x80009e8a (0x0ecf7263)
core   0: 0x80009e8e (0x10069063) bnez    a3, pc + 256
core   0: 3 0x80009e8e (0x10069063)
core   0: 0x80009f8e (0x00006421) c.lui   s0, 0x8
core   0: 3 0x80009f8e (0x6421) x 8 0x00008000
core   0: 0x80009f90 (0x7ba7f597) auipc   a1, 0x7ba7f
core   0: 3 0x80009f90 (0x7ba7f597) x11 0xfba88f90
core   0: 0x80009f94 (0x00008d71) c.and   a0, a2
core   0: 3 0x80009f94 (0x8d71) x10 0x00000000
core   0: 0x80009f96 (0x0000c1a9) c.beqz  a1, pc + 66
core   0: 3 0x80009f96 (0xc1a9)
core   0: 0x80009f98 (0x0ff0000f) fence   iorw,iorw
core   0: 3 0x80009f98 (0x0ff0000f)
core   0: 0x80009f9c (0x0000cb91) c.beqz  a5, pc + 20
core   0: 3 0x80009f9c (0xcb91)
core   0: 0x80009f9e (0x03617363) bgeu    sp, s6, pc + 38
core   0: 3 0x80009f9e (0x03617363)
core   0: 0x80009fa2 (0x0000e085) c.bnez  s1, pc + 32
core   0: 3 0x80009fa2 (0xe085)
core   0: 0x80009fc2 (0x00000001) c.nop
core   0: 3 0x80009fc2 (0x0001)
core   0: 0x80009fc4 (0x33f73f93) sltiu   t6, a4, 831
core   0: 3 0x80009fc4 (0x33f73f93) x31 0x00000001
core   0: 0x80009fc8 (0x008b3433) sltu    s0, s6, s0
core   0: 3 0x80009fc8 (0x008b3433) x 8 0x00000000
core   0: 0x80009fcc (0x01bdf833) and     a6, s11, s11
core   0: 3 0x80009fcc (0x01bdf833) x16 0x80029ce4
core   0: 0x80009fd0 (0x40fa8833) sub     a6, s5, a5
core   0: 3 0x80009fd0 (0x40fa8833) x16 0x740a9c2e
core   0: 0x80009fd4 (0x00f91d33) sll     s10, s2, a5
core   0: 3 0x80009fd4 (0x00f91d33) x26 0xc1ae0000
core   0: 0x80009fd8 (0x021f5033) divu    zero, t5, ra
core   0: 3 0x80009fd8 (0x021f5033)
core   0: 0x80009fdc (0x0187e4b3) or      s1, a5, s8
core   0: 3 0x80009fdc (0x0187e4b3) x 9 0x8e4fb000
core   0: 0x80009fe0 (0x02935933) divu    s2, t1, s1
core   0: 3 0x80009fe0 (0x02935933) x18 0x00000001
core   0: 0x80009fe4 (0x00610433) add     s0, sp, t1
core   0: 3 0x80009fe4 (0x00610433) x 8 0x23947e98
core   0: 0x80009fe8 (0x0107a4b3) slt     s1, a5, a6
core   0: 3 0x80009fe8 (0x0107a4b3) x 9 0x00000001
core   0: 0x80009fec (0x00001f88) c.addi4spn a0, sp, 1008
core   0: 3 0x80009fec (0x1f88) x10 0x23949238
core   0: 0x80009fee (0x87b64a13) xori    s4, a2, -1925
core   0: 3 0x80009fee (0x87b64a13) x20 0xfffff877
core   0: 0x80009ff2 (0x40cdd133) sra     sp, s11, a2
core   0: 3 0x80009ff2 (0x40cdd133) x 2 0xfff80029
core   0: 0x80009ff6 (0x01dcfbb3) and     s7, s9, t4
core   0: 3 0x80009ff6 (0x01dcfbb3) x23 0x00000000
core   0: 0x80009ffa (0x00001a7d) c.addi  s4, -1
core   0: 3 0x80009ffa (0x1a7d) x20 0xfffff876
core   0: 0x80009ffc (0x0000717d) c.addi16sp sp, -16
core   0: 3 0x80009ffc (0x717d) x 2 0xfff80019
core   0: 0x80009ffe (0x00f02333) slt     t1, zero, a5
core   0: 3 0x80009ffe (0x00f02333) x 6 0x00000000
core   0: 0x8000a002 (0x028632b3) mulhu   t0, a2, s0
core   0: 3 0x8000a002 (0x028632b3) x 5 0x00000001
core   0: 0x8000a006 (0x00000c69) c.addi  s8, 26
core   0: 3 0x8000a006 (0x0c69) x24 0x0000001a
core   0: 0x8000a008 (0x351d3513) sltiu   a0, s10, 849
core   0: 3 0x8000a008 (0x351d3513) x10 0x00000000
core   0: 0x8000a00c (0x00008489) c.srai  s1, 2
core   0: 3 0x8000a00c (0x8489) x 9 0x00000000
core   0: 0x8000a00e (0x02538633) mul     a2, t2, t0
core   0: 3 0x8000a00e (0x02538633) x12 0x00000000
core   0: 0x8000a012 (0x01389b63) bne     a7, s3, pc + 22
core   0: 3 0x8000a012 (0x01389b63)
core   0: 0x8000a028 (0x01d64e33) xor     t3, a2, t4
core   0: 3 0x8000a028 (0x01d64e33) x28 0x00000000
core   0: 0x8000a02c (0x0000100f) fence.i
core   0: 3 0x8000a02c (0x0000100f)
core   0: 0x8000a030 (0x00dcdd63) bge     s9, a3, pc + 26
core   0: 3 0x8000a030 (0x00dcdd63)
core   0: 0x8000a034 (0x00006741) c.lui   a4, 0x10
core   0: 3 0x8000a034 (0x6741) x14 0x00010000
core   0: 0x8000a036 (0x0026e263) bltu    a3, sp, pc + 4
core   0: 3 0x8000a036 (0x0026e263)
core   0: 0x8000a03a (0x00000001) c.nop
core   0: 3 0x8000a03a (0x0001)
core   0: 0x8000a03c (0x0000717d) c.addi16sp sp, -16
core   0: 3 0x8000a03c (0x717d) x 2 0xfff80009
core   0: 0x8000a03e (0x03490cb3) mul     s9, s2, s4
core   0: 3 0x8000a03e (0x03490cb3) x25 0xfffff876
core   0: 0x8000a042 (0x02f36563) bltu    t1, a5, pc + 42
core   0: 3 0x8000a042 (0x02f36563)
core   0: 0x8000a06c (0xbc7b4693) xori    a3, s6, -1081
core   0: 3 0x8000a06c (0xbc7b4693) x13 0x7ffda5a3
core   0: 0x8000a070 (0x0000c089) c.beqz  s1, pc + 2
core   0: 3 0x8000a070 (0xc089)
core   0: 0x8000a072 (0x00008c95) c.sub   s1, a3
core   0: 3 0x8000a072 (0x8c95) x 9 0x80025a5d
core   0: 0x8000a074 (0x01364733) xor     a4, a2, s3
core   0: 3 0x8000a074 (0x01364733) x14 0x00000008
core   0: 0x8000a078 (0x000080f9) c.srli  s1, 30
core   0: 3 0x8000a078 (0x80f9) x 9 0x00000002
core   0: 0x8000a07a (0x04207163) bgeu    zero, sp, pc + 66
core   0: 3 0x8000a07a (0x04207163)
core   0: 0x8000a07e (0x00000d5e) c.slli  s10, 23
core   0: 3 0x8000a07e (0x0d5e) x26 0x00000000
core   0: 0x8000a080 (0x0ff0000f) fence   iorw,iorw
core   0: 3 0x8000a080 (0x0ff0000f)
core   0: 0x8000a084 (0x036ab633) mulhu   a2, s5, s6
core   0: 3 0x8000a084 (0x036ab633) x12 0x012d2ba9
core   0: 0x8000a088 (0x00f8d613) srli    a2, a7, 15
core   0: 3 0x8000a088 (0x00f8d613) x12 0x00000000
core   0: 0x8000a08c (0x95ad3b93) sltiu   s7, s10, -1702
core   0: 3 0x8000a08c (0x95ad3b93) x23 0x00000001
core   0: 0x8000a090 (0x0000717d) c.addi16sp sp, -16
core   0: 3 0x8000a090 (0x717d) x 2 0xfff7fff9
core   0: 0x8000a092 (0x0182d6b3) srl     a3, t0, s8
core   0: 3 0x8000a092 (0x0182d6b3) x13 0x00000000
core   0: 0x8000a096 (0x404207b3) sub     a5, tp, tp
core   0: 3 0x8000a096 (0x404207b3) x15 0x00000000
core   0: 0x8000a09a (0x00a0e0b3) or      ra, ra, a0
core   0: 3 0x8000a09a (0x00a0e0b3) x 1 0x00000000
core   0: 0x8000a09e (0xba335b97) auipc   s7, 0xba335
core   0: 3 0x8000a09e (0xba335b97) x23 0x3a33f09e
core   0: 0x8000a0a2 (0x02ef8d33) mul     s10, t6, a4
core   0: 3 0x8000a0a2 (0x02ef8d33) x26 0x00000008
core   0: 0x8000a0a6 (0x0090ef63) bltu    ra, s1, pc + 30
core   0: 3 0x8000a0a6 (0x0090ef63)
core   0: 0x8000a0c4 (0x00008d7a) c.mv    s10, t5
core   0: 3 0x8000a0c4 (0x8d7a) x26 0x00000000
core   0: 0x8000a0c6 (0x03d918b3) mulh    a7, s2, t4
core   0: 3 0x8000a0c6 (0x03d918b3) x17 0x00000000
core   0: 0x8000a0ca (0x0123c933) xor     s2, t2, s2
core   0: 3 0x8000a0ca (0x0123c933) x18 0x00000001
core   0: 0x8000a0ce (0x0358d433) divu    s0, a7, s5
core   0: 3 0x8000a0ce (0x0358d433) x 8 0x00000000
core   0: 0x8000a0d2 (0x01511c13) slli    s8, sp, 21
core   0: 3 0x8000a0d2 (0x01511c13) x24 0xff200000
core   0: 0x8000a0d6 (0x00001c7d) c.addi  s8, -1
core   0: 3 0x8000a0d6 (0x1c7d) x24 0xff1fffff
core   0: 0x8000a0d8 (0x02db6c63) bltu    s6, a3, pc + 56
core   0: 3 0x8000a0d8 (0x02db6c63)
core   0: 0x8000a0dc (0x00008d0d) c.sub   a0, a1
core   0: 3 0x8000a0dc (0x8d0d) x10 0x04577070
core   0: 0x8000a0de (0x00001bfd) c.addi  s7, -1
core   0: 3 0x8000a0de (0x1bfd) x23 0x3a33f09d
core   0: 0x8000a0e0 (0xf158ad13) slti    s10, a7, -235
core   0: 3 0x8000a0e0 (0xf158ad13) x26 0x00000000
core   0: 0x8000a0e4 (0x4087d713) srai    a4, a5, 8
core   0: 3 0x8000a0e4 (0x4087d713) x14 0x00000000
core   0: 0x8000a0e8 (0x015e7d63) bgeu    t3, s5, pc + 26
core   0: 3 0x8000a0e8 (0x015e7d63)
core   0: 0x8000a0ec (0x03899963) bne     s3, s8, pc + 50
core   0: 3 0x8000a0ec (0x03899963)
core   0: 0x8000a11e (0x417f8a33) sub     s4, t6, s7
core   0: 3 0x8000a11e (0x417f8a33) x20 0xc5cc0f64
core   0: 0x8000a122 (0x01135633) srl     a2, t1, a7
core   0: 3 0x8000a122 (0x01135633) x12 0x00000000
core   0: 0x8000a126 (0xa6013f93) sltiu   t6, sp, -1440
core   0: 3 0x8000a126 (0xa6013f93) x31 0x00000001
core   0: 0x8000a12a (0x94128313) addi    t1, t0, -1727
core   0: 3 0x8000a12a (0x94128313) x 6 0xfffff942
core   0: 0x8000a12e (0x4c52b713) sltiu   a4, t0, 1221
core   0: 3 0x8000a12e (0x4c52b713) x14 0x00000001
core   0: 0x8000a132 (0x0000100f) fence.i
core   0: 3 0x8000a132 (0x0000100f)
core   0: 0x8000a136 (0x40755113) srai    sp, a0, 7
core   0: 3 0x8000a136 (0x40755113) x 2 0x0008aee0
core   0: 0x8000a13a (0x03f35cb3) divu    s9, t1, t6
core   0: 3 0x8000a13a (0x03f35cb3) x25 0xfffff942
core   0: 0x8000a13e (0x00f1da63) bge     gp, a5, pc + 20
core   0: 3 0x8000a13e (0x00f1da63)
core   0: 0x8000a152 (0xa8162297) auipc   t0, 0xa8162
core   0: 3 0x8000a152 (0xa8162297) x 5 0x2816c152
core   0: 0x8000a156 (0x00008c61) c.and   s0, s0
core   0: 3 0x8000a156 (0x8c61) x 8 0x00000000
core   0: 0x8000a158 (0x0000e231) c.bnez  a2, pc + 68
core   0: 3 0x8000a158 (0xe231)
core   0: 0x8000a15a (0x03ee2533) mulhsu  a0, t3, t5
core   0: 3 0x8000a15a (0x03ee2533) x10 0x00000000
core   0: 0x8000a15e (0x037dc1b3) div     gp, s11, s7
core   0: 3 0x8000a15e (0x037dc1b3) x 3 0xfffffffe
core   0: 0x8000a162 (0x03a75a33) divu    s4, a4, s10
core   0: 3 0x8000a162 (0x03a75a33) x20 0xffffffff
core   0: 0x8000a166 (0x01874263) blt     a4, s8, pc + 4
core   0: 3 0x8000a166 (0x01874263)
core   0: 0x8000a16a (0x92348113) addi    sp, s1, -1757
core   0: 3 0x8000a16a (0x92348113) x 2 0xfffff925
core   0: 0x8000a16e (0x00008cf5) c.and   s1, a3
core   0: 3 0x8000a16e (0x8cf5) x 9 0x00000000
core   0: 0x8000a170 (0x40bd0f33) sub     t5, s10, a1
core   0: 3 0x8000a170 (0x40bd0f33) x30 0x04577070
core   0: 0x8000a174 (0x0242aa33) mulhsu  s4, t0, tp
core   0: 3 0x8000a174 (0x0242aa33) x20 0x00000000
core   0: 0x8000a178 (0x019edf33) srl     t5, t4, s9
core   0: 3 0x8000a178 (0x019edf33) x30 0x00000000
core   0: 0x8000a17c (0x00008075) c.srli  s0, 29
core   0: 3 0x8000a17c (0x8075) x 8 0x00000000
core   0: 0x8000a17e (0x01dd8b63) beq     s11, t4, pc + 22
core   0: 3 0x8000a17e (0x01dd8b63)
core   0: 0x8000a182 (0x0026de63) bge     a3, sp, pc + 28
core   0: 3 0x8000a182 (0x0026de63)
core   0: 0x8000a19e (0x03711263) bne     sp, s7, pc + 36
core   0: 3 0x8000a19e (0x03711263)
core   0: 0x8000a1c2 (0x017f8eb3) add     t4, t6, s7
core   0: 3 0x8000a1c2 (0x017f8eb3) x29 0x3a33f09e
core   0: 0x8000a1c6 (0x037690b3) mulh    ra, a3, s7
core   0: 3 0x8000a1c6 (0x037690b3) x 1 0x00000000
core   0: 0x8000a1ca (0x0ff0000f) fence   iorw,iorw
core   0: 3 0x8000a1ca (0x0ff0000f)
core   0: 0x8000a1ce (0x00001c04) c.addi4spn s1, sp, 560
core   0: 3 0x8000a1ce (0x1c04) x 9 0xfffffb55
core   0: 0x8000a1d0 (0x00da9c33) sll     s8, s5, a3
core   0: 3 0x8000a1d0 (0x00da9c33) x24 0x025a4c2e
core   0: 0x8000a1d4 (0x00008ee5) c.and   a3, s1
core   0: 3 0x8000a1d4 (0x8ee5) x13 0x00000000
core   0: 0x8000a1d6 (0x00a79963) bne     a5, a0, pc + 18
core   0: 3 0x8000a1d6 (0x00a79963)
core   0: 0x8000a1da (0x000065e1) c.lui   a1, 0x18
core   0: 3 0x8000a1da (0x65e1) x11 0x00018000
core   0: 0x8000a1dc (0x02e5e863) bltu    a1, a4, pc + 48
core   0: 3 0x8000a1dc (0x02e5e863)
core   0: 0x8000a1e0 (0xd9a8e017) auipc   zero, 0xd9a8e
core   0: 3 0x8000a1e0 (0xd9a8e017)
core   0: 0x8000a1e4 (0x033c8f63) beq     s9, s3, pc + 62
core   0: 3 0x8000a1e4 (0x033c8f63)
core   0: 0x8000a1e8 (0xc5727593) andi    a1, tp, -937
core   0: 3 0x8000a1e8 (0xc5727593) x11 0x00000000
core   0: 0x8000a1ec (0x409a57b3) sra     a5, s4, s1
core   0: 3 0x8000a1ec (0x409a57b3) x15 0x00000000
core   0: 0x8000a1f0 (0x000007ed) c.addi  a5, 27
core   0: 3 0x8000a1f0 (0x07ed) x15 0x0000001b
core   0: 0x8000a1f2 (0x7986e693) ori     a3, a3, 1944
core   0: 3 0x8000a1f2 (0x7986e693) x13 0x00000798
core   0: 0x8000a1f6 (0x00004665) c.li    a2, 25
core   0: 3 0x8000a1f6 (0x4665) x12 0x00000019
core   0: 0x8000a1f8 (0x015bd433) srl     s0, s7, s5
core   0: 3 0x8000a1f8 (0x015bd433) x 8 0x0000e8cf
core   0: 0x8000a1fc (0x029bc433) div     s0, s7, s1
core   0: 3 0x8000a1fc (0x029bc433) x 8 0xfff3880c
core   0: 0x8000a200 (0x0000100f) fence.i
core   0: 3 0x8000a200 (0x0000100f)
core   0: 0x8000a204 (0x00199393) slli    t2, s3, 1
core   0: 3 0x8000a204 (0x00199393) x 7 0x00000010
core   0: 0x8000a208 (0x03ba7cb3) remu    s9, s4, s11
core   0: 3 0x8000a208 (0x03ba7cb3) x25 0x00000000
core   0: 0x8000a20c (0x01cd8563) beq     s11, t3, pc + 10
core   0: 3 0x8000a20c (0x01cd8563)
core   0: 0x8000a210 (0x0000537d) c.li    t1, -1
core   0: 3 0x8000a210 (0x537d) x 6 0xffffffff
core   0: 0x8000a212 (0x0251e3b3) rem     t2, gp, t0
core   0: 3 0x8000a212 (0x0251e3b3) x 7 0xfffffffe
core   0: 0x8000a216 (0x0042f233) and     tp, t0, tp
core   0: 3 0x8000a216 (0x0042f233) x 4 0x00000000
core   0: 0x8000a21a (0x00000bfe) c.slli  s7, 31
core   0: 3 0x8000a21a (0x0bfe) x23 0x80000000
core   0: 0x8000a21c (0x00009bfd) c.andi  a5, -1
core   0: 3 0x8000a21c (0x9bfd) x15 0x0000001b
core   0: 0x8000a21e (0x01ef6133) or      sp, t5, t5
core   0: 3 0x8000a21e (0x01ef6133) x 2 0x00000000
core   0: 0x8000a222 (0x00a5c833) xor     a6, a1, a0
core   0: 3 0x8000a222 (0x00a5c833) x16 0x00000000
core   0: 0x8000a226 (0x03707563) bgeu    zero, s7, pc + 42
core   0: 3 0x8000a226 (0x03707563)
core   0: 0x8000a22a (0x02c911b3) mulh    gp, s2, a2
core   0: 3 0x8000a22a (0x02c911b3) x 3 0x00000000
core   0: 0x8000a22e (0x00008ed1) c.or    a3, a2
core   0: 3 0x8000a22e (0x8ed1) x13 0x00000799
core   0: 0x8000a230 (0x0000615d) c.addi16sp sp, 432
core   0: 3 0x8000a230 (0x615d) x 2 0x000001b0
core   0: 0x8000a232 (0x00004a69) c.li    s4, 26
core   0: 3 0x8000a232 (0x4a69) x20 0x0000001a
core   0: 0x8000a234 (0x0352fbb3) remu    s7, t0, s5
core   0: 3 0x8000a234 (0x0352fbb3) x23 0x0017b244
core   0: 0x8000a238 (0x00008d89) c.sub   a1, a0
core   0: 3 0x8000a238 (0x8d89) x11 0x00000000
core   0: 0x8000a23a (0x0090fb63) bgeu    ra, s1, pc + 22
core   0: 3 0x8000a23a (0x0090fb63)
core   0: 0x8000a23e (0x03c885b3) mul     a1, a7, t3
core   0: 3 0x8000a23e (0x03c885b3) x11 0x00000000
core   0: 0x8000a242 (0x000002d2) c.slli  t0, 20
core   0: 3 0x8000a242 (0x02d2) x 5 0x15200000
core   0: 0x8000a244 (0x00008dd1) c.or    a1, a2
core   0: 3 0x8000a244 (0x8dd1) x11 0x00000019
core   0: 0x8000a246 (0x03d4e163) bltu    s1, t4, pc + 34
core   0: 3 0x8000a246 (0x03d4e163)
core   0: 0x8000a24a (0x0272b3b3) mulhu   t2, t0, t2
core   0: 3 0x8000a24a (0x0272b3b3) x 7 0x151fffff
core   0: 0x8000a24e (0x00008f89) c.sub   a5, a0
core   0: 3 0x8000a24e (0x8f89) x15 0x0000001b
core   0: 0x8000a250 (0x01bc5193) srli    gp, s8, 27
core   0: 3 0x8000a250 (0x01bc5193) x 3 0x00000000
core   0: 0x8000a254 (0x0000e609) c.bnez  a2, pc + 10
core   0: 3 0x8000a254 (0xe609)
core   0: 0x8000a25e (0x00008c16) c.mv    s8, t0
core   0: 3 0x8000a25e (0x8c16) x24 0x15200000
core   0: 0x8000a260 (0x0000ef05) c.bnez  a4, pc + 56
core   0: 3 0x8000a260 (0xef05)
core   0: 0x8000a298 (0x00001f14) c.addi4spn a3, sp, 944
core   0: 3 0x8000a298 (0x1f14) x13 0x00000560
core   0: 0x8000a29a (0x00008e91) c.sub   a3, a2
core   0: 3 0x8000a29a (0x8e91) x13 0x00000547
core   0: 0x8000a29c (0x00ab50b3) srl     ra, s6, a0
core   0: 3 0x8000a29c (0x00ab50b3) x 1 0x80025e64
core   0: 0x8000a2a0 (0x00000001) c.nop
core   0: 3 0x8000a2a0 (0x0001)
core   0: 0x8000a2a2 (0x02652933) mulhsu  s2, a0, t1
core   0: 3 0x8000a2a2 (0x02652933) x18 0x00000000
core   0: 0x8000a2a6 (0x02a8e763) bltu    a7, a0, pc + 46
core   0: 3 0x8000a2a6 (0x02a8e763)
core   0: 0x8000a2aa (0x00000bce) c.slli  s7, 19
core   0: 3 0x8000a2aa (0x0bce) x23 0x92200000
core   0: 0x8000a2ac (0x00001114) c.addi4spn a3, sp, 160
core   0: 3 0x8000a2ac (0x1114) x13 0x00000250
core   0: 0x8000a2ae (0x000a1d33) sll     s10, s4, zero
core   0: 3 0x8000a2ae (0x000a1d33) x26 0x0000001a
core   0: 0x8000a2b2 (0x00000001) c.nop
core   0: 3 0x8000a2b2 (0x0001)
core   0: 0x8000a2b4 (0x00008e75) c.and   a2, a3
core   0: 3 0x8000a2b4 (0x8e75) x12 0x00000010
core   0: 0x8000a2b6 (0x02e06e63) bltu    zero, a4, pc + 60
core   0: 3 0x8000a2b6 (0x02e06e63)
core   0: 0x8000a2f2 (0x41f8d633) sra     a2, a7, t6
core   0: 3 0x8000a2f2 (0x41f8d633) x12 0x00000000
core   0: 0x8000a2f6 (0x005737b3) sltu    a5, a4, t0
core   0: 3 0x8000a2f6 (0x005737b3) x15 0x00000001
core   0: 0x8000a2fa (0x0000612d) c.addi16sp sp, 224
core   0: 3 0x8000a2fa (0x612d) x 2 0x00000290
core   0: 0x8000a2fc (0xa8fe0b93) addi    s7, t3, -1393
core   0: 3 0x8000a2fc (0xa8fe0b93) x23 0xfffffa8f
core   0: 0x8000a300 (0x4000df13) srai    t5, ra, 0
core   0: 3 0x8000a300 (0x4000df13) x30 0x80025e64
core   0: 0x8000a304 (0x401ff893) andi    a7, t6, 1025
core   0: 3 0x8000a304 (0x401ff893) x17 0x00000001
core   0: 0x8000a308 (0x00000001) c.nop
core   0: 3 0x8000a308 (0x0001)
core   0: 0x8000a30a (0x006f9213) slli    tp, t6, 6
core   0: 3 0x8000a30a (0x006f9213) x 4 0x00000040
core   0: 0x8000a30e (0x00858633) add     a2, a1, s0
core   0: 3 0x8000a30e (0x00858633) x12 0xfff38825
core   0: 0x8000a312 (0x000d5c93) srli    s9, s10, 0
core   0: 3 0x8000a312 (0x000d5c93) x25 0x0000001a
core   0: 0x8000a316 (0x63347e13) andi    t3, s0, 1587
core   0: 3 0x8000a316 (0x63347e13) x28 0x00000000
core   0: 0x8000a31a (0x02b49133) mulh    sp, s1, a1
core   0: 3 0x8000a31a (0x02b49133) x 2 0xffffffff
core   0: 0x8000a31e (0x0000809d) c.srli  s1, 7
core   0: 3 0x8000a31e (0x809d) x 9 0x01fffff6
core   0: 0x8000a320 (0x01089693) slli    a3, a7, 16
core   0: 3 0x8000a320 (0x01089693) x13 0x00010000
core   0: 0x8000a324 (0x00008c9d) c.sub   s1, a5
core   0: 3 0x8000a324 (0x8c9d) x 9 0x01fffff5
core   0: 0x8000a326 (0x0142cfb3) xor     t6, t0, s4
core   0: 3 0x8000a326 (0x0142cfb3) x31 0x1520001a
core   0: 0x8000a32a (0x00008569) c.srai  a0, 26
core   0: 3 0x8000a32a (0x8569) x10 0x00000000
core   0: 0x8000a32c (0x00006219) c.lui   tp, 0x6
core   0: 3 0x8000a32c (0x6219) x 4 0x00006000
core   0: 0x8000a32e (0x1ee1f617) auipc   a2, 0x1ee1f
core   0: 3 0x8000a32e (0x1ee1f617) x12 0x9ee2932e
core   0: 0x8000a332 (0x036a2433) mulhsu  s0, s4, s6
core   0: 3 0x8000a332 (0x036a2433) x 8 0x0000000d
core   0: 0x8000a336 (0x01a915b3) sll     a1, s2, s10
core   0: 3 0x8000a336 (0x01a915b3) x11 0x00000000
core   0: 0x8000a33a (0x03419133) mulh    sp, gp, s4
core   0: 3 0x8000a33a (0x03419133) x 2 0x00000000
core   0: 0x8000a33e (0xa786a893) slti    a7, a3, -1416
core   0: 3 0x8000a33e (0xa786a893) x17 0x00000000
core   0: 0x8000a342 (0x02d026b3) mulhsu  a3, zero, a3
core   0: 3 0x8000a342 (0x02d026b3) x13 0x00000000
core   0: 0x8000a346 (0x00006d41) c.lui   s10, 0x10
core   0: 3 0x8000a346 (0x6d41) x26 0x00010000
core   0: 0x8000a348 (0x00cd0933) add     s2, s10, a2
core   0: 3 0x8000a348 (0x00cd0933) x18 0x9ee3932e
core   0: 0x8000a34c (0x6a132d13) slti    s10, t1, 1697
core   0: 3 0x8000a34c (0x6a132d13) x26 0x00000001
core   0: 0x8000a350 (0x96883a93) sltiu   s5, a6, -1688
core   0: 3 0x8000a350 (0x96883a93) x21 0x00000001
core   0: 0x8000a354 (0x03e2cbb3) div     s7, t0, t5
core   0: 3 0x8000a354 (0x03e2cbb3) x23 0x00000000
core   0: 0x8000a358 (0x00775233) srl     tp, a4, t2
core   0: 3 0x8000a358 (0x00775233) x 4 0x00000000
core   0: 0x8000a35c (0x00008c5d) c.or    s0, a5
core   0: 3 0x8000a35c (0x8c5d) x 8 0x0000000d
core   0: 0x8000a35e (0x005ba7b3) slt     a5, s7, t0
core   0: 3 0x8000a35e (0x005ba7b3) x15 0x00000001
core   0: 0x8000a362 (0xd2518613) addi    a2, gp, -731
core   0: 3 0x8000a362 (0xd2518613) x12 0xfffffd25
core   0: 0x8000a366 (0x00006109) c.addi16sp sp, 128
core   0: 3 0x8000a366 (0x6109) x 2 0x00000080
core   0: 0x8000a368 (0x03f897b3) mulh    a5, a7, t6
core   0: 3 0x8000a368 (0x03f897b3) x15 0x00000000
core   0: 0x8000a36c (0x00d91bb3) sll     s7, s2, a3
core   0: 3 0x8000a36c (0x00d91bb3) x23 0x9ee3932e
core   0: 0x8000a370 (0x0000100f) fence.i
core   0: 3 0x8000a370 (0x0000100f)
core   0: 0x8000a374 (0x0000ca11) c.beqz  a2, pc + 20
core   0: 3 0x8000a374 (0xca11)
core   0: 0x8000a376 (0x80e28f17) auipc   t5, 0x80e28
core   0: 3 0x8000a376 (0x80e28f17) x30 0x00e32376
core   0: 0x8000a37a (0x01345e63) bge     s0, s3, pc + 28
core   0: 3 0x8000a37a (0x01345e63)
core   0: 0x8000a396 (0x505caf93) slti    t6, s9, 1285
core   0: 3 0x8000a396 (0x505caf93) x31 0x00000001
core   0: 0x8000a39a (0x03290233) mul     tp, s2, s2
core   0: 3 0x8000a39a (0x03290233) x 4 0x2031dc44
core   0: 0x8000a39e (0x006e9033) sll     zero, t4, t1
core   0: 3 0x8000a39e (0x006e9033)
core   0: 0x8000a3a2 (0x00001008) c.addi4spn a0, sp, 32
core   0: 3 0x8000a3a2 (0x1008) x10 0x000000a0
core   0: 0x8000a3a4 (0x0000ea15) c.bnez  a2, pc + 52
core   0: 3 0x8000a3a4 (0xea15)
core   0: 0x8000a3d8 (0x0357ea33) rem     s4, a5, s5
core   0: 3 0x8000a3d8 (0x0357ea33) x20 0x00000000
core   0: 0x8000a3dc (0x00008839) c.andi  s0, 14
core   0: 3 0x8000a3dc (0x8839) x 8 0x0000000c
core   0: 0x8000a3de (0x00008cd1) c.or    s1, a2
core   0: 3 0x8000a3de (0x8cd1) x 9 0xfffffff5
core   0: 0x8000a3e0 (0x0000e711) c.bnez  a4, pc + 12
core   0: 3 0x8000a3e0 (0xe711)
core   0: 0x8000a3ec (0x00008d9d) c.sub   a1, a5
core   0: 3 0x8000a3ec (0x8d9d) x11 0x00000000
core   0: 0x8000a3ee (0x03992833) mulhsu  a6, s2, s9
core   0: 3 0x8000a3ee (0x03992833) x16 0xfffffff6
core   0: 0x8000a3f2 (0x000082d1) c.srli  a3, 20
core   0: 3 0x8000a3f2 (0x82d1) x13 0x00000000
core   0: 0x8000a3f4 (0x00008c95) c.sub   s1, a3
core   0: 3 0x8000a3f4 (0x8c95) x 9 0xfffffff5
core   0: 0x8000a3f6 (0x00008176) c.mv    sp, t4
core   0: 3 0x8000a3f6 (0x8176) x 2 0x3a33f09e
core   0: 0x8000a3f8 (0x0000051e) c.slli  a0, 7
core   0: 3 0x8000a3f8 (0x051e) x10 0x00005000
core   0: 0x8000a3fa (0x00008dcd) c.or    a1, a1
core   0: 3 0x8000a3fa (0x8dcd) x11 0x00000000
core   0: 0x8000a3fc (0x01a8dbb3) srl     s7, a7, s10
core   0: 3 0x8000a3fc (0x01a8dbb3) x23 0x00000000
core   0: 0x8000a400 (0x2464ae93) slti    t4, s1, 582
core   0: 3 0x8000a400 (0x2464ae93) x29 0x00000001
core   0: 0x8000a404 (0xdc034913) xori    s2, t1, -576
core   0: 3 0x8000a404 (0xdc034913) x18 0x0000023f
core   0: 0x8000a408 (0x40d487b3) sub     a5, s1, a3
core   0: 3 0x8000a408 (0x40d487b3) x15 0xfffffff5
core   0: 0x8000a40c (0x00006f61) c.lui   t5, 0x18
core   0: 3 0x8000a40c (0x6f61) x30 0x00018000
core   0: 0x8000a40e (0x00006145) c.addi16sp sp, 48
core   0: 3 0x8000a40e (0x6145) x 2 0x3a33f0ce
core   0: 0x8000a410 (0x81cfe193) ori     gp, t6, -2020
core   0: 3 0x8000a410 (0x81cfe193) x 3 0xfffff81d
core   0: 0x8000a414 (0x03865f33) divu    t5, a2, s8
core   0: 3 0x8000a414 (0x03865f33) x30 0x0000000c
core   0: 0x8000a418 (0x00059913) slli    s2, a1, 0
core   0: 3 0x8000a418 (0x00059913) x18 0x00000000
core   0: 0x8000a41c (0x00008cf5) c.and   s1, a3
core   0: 3 0x8000a41c (0x8cf5) x 9 0x00000000
core   0: 0x8000a41e (0x02283633) mulhu   a2, a6, sp
core   0: 3 0x8000a41e (0x02283633) x12 0x3a33f0cb
core   0: 0x8000a422 (0x01ba7fb3) and     t6, s4, s11
core   0: 3 0x8000a422 (0x01ba7fb3) x31 0x00000000
core   0: 0x8000a426 (0x02244633) div     a2, s0, sp
core   0: 3 0x8000a426 (0x02244633) x12 0x00000000
core   0: 0x8000a42a (0x034285b3) mul     a1, t0, s4
core   0: 3 0x8000a42a (0x034285b3) x11 0x00000000
core   0: 0x8000a42e (0x03bf00b3) mul     ra, t5, s11
core   0: 3 0x8000a42e (0x03bf00b3) x 1 0x001f5ab0
core   0: 0x8000a432 (0x018a5433) srl     s0, s4, s8
core   0: 3 0x8000a432 (0x018a5433) x 8 0x00000000
core   0: 0x8000a436 (0x012d7f33) and     t5, s10, s2
core   0: 3 0x8000a436 (0x012d7f33) x30 0x00000000
core   0: 0x8000a43a (0x020bb733) mulhu   a4, s7, zero
core   0: 3 0x8000a43a (0x020bb733) x14 0x00000000
core   0: 0x8000a43e (0x00d89a33) sll     s4, a7, a3
core   0: 3 0x8000a43e (0x00d89a33) x20 0x00000000
core   0: 0x8000a442 (0x0000c1a1) c.beqz  a1, pc + 64
core   0: 3 0x8000a442 (0xc1a1)
core   0: 0x8000a482 (0x006fa2b3) slt     t0, t6, t1
core   0: 3 0x8000a482 (0x006fa2b3) x 5 0x00000000
core   0: 0x8000a486 (0x0000ef05) c.bnez  a4, pc + 56
core   0: 3 0x8000a486 (0xef05)
core   0: 0x8000a488 (0x0ff0000f) fence   iorw,iorw
core   0: 3 0x8000a488 (0x0ff0000f)
core   0: 0x8000a48c (0x41d8d833) sra     a6, a7, t4
core   0: 3 0x8000a48c (0x41d8d833) x16 0x00000000
core   0: 0x8000a490 (0xad0cff13) andi    t5, s9, -1328
core   0: 3 0x8000a490 (0xad0cff13) x30 0x00000010
core   0: 0x8000a494 (0x0127e433) or      s0, a5, s2
core   0: 3 0x8000a494 (0x0127e433) x 8 0xfffffff5
core   0: 0x8000a498 (0x00008221) c.srli  a2, 8
core   0: 3 0x8000a498 (0x8221) x12 0x00000000
core   0: 0x8000a49a (0x02659063) bne     a1, t1, pc + 32
core   0: 3 0x8000a49a (0x02659063)
core   0: 0x8000a4ba (0xcae2c513) xori    a0, t0, -850
core   0: 3 0x8000a4ba (0xcae2c513) x10 0xfffffcae
core   0: 0x8000a4be (0x00000ce6) c.slli  s9, 25
core   0: 3 0x8000a4be (0x0ce6) x25 0x34000000
core   0: 0x8000a4c0 (0x00bcdb93) srli    s7, s9, 11
core   0: 3 0x8000a4c0 (0x00bcdb93) x23 0x00068000
core   0: 0x8000a4c4 (0x02a48c33) mul     s8, s1, a0
core   0: 3 0x8000a4c4 (0x02a48c33) x24 0x00000000
core   0: 0x8000a4c8 (0xac901817) auipc   a6, 0xac901
core   0: 3 0x8000a4c8 (0xac901817) x16 0x2c90b4c8
core   0: 0x8000a4cc (0x00000a26) c.slli  s4, 9
core   0: 3 0x8000a4cc (0x0a26) x20 0x00000000
core   0: 0x8000a4ce (0x015c4263) blt     s8, s5, pc + 4
core   0: 3 0x8000a4ce (0x015c4263)
core   0: 0x8000a4d2 (0x00bb4a63) blt     s6, a1, pc + 20
core   0: 3 0x8000a4d2 (0x00bb4a63)
core   0: 0x8000a4e6 (0x0000100f) fence.i
core   0: 3 0x8000a4e6 (0x0000100f)
core   0: 0x8000a4ea (0x010a8fb3) add     t6, s5, a6
core   0: 3 0x8000a4ea (0x010a8fb3) x31 0x2c90b4c9
core   0: 0x8000a4ee (0x00008011) c.srli  s0, 4
core   0: 3 0x8000a4ee (0x8011) x 8 0x0fffffff
core   0: 0x8000a4f0 (0x40c25c93) srai    s9, tp, 12
core   0: 3 0x8000a4f0 (0x40c25c93) x25 0x0002031d
core   0: 0x8000a4f4 (0x4dc7ae13) slti    t3, a5, 1244
core   0: 3 0x8000a4f4 (0x4dc7ae13) x28 0x00000001
core   0: 0x8000a4f8 (0x038cb3b3) mulhu   t2, s9, s8
core   0: 3 0x8000a4f8 (0x038cb3b3) x 7 0x00000000
core   0: 0x8000a4fc (0x034d3fb3) mulhu   t6, s10, s4
core   0: 3 0x8000a4fc (0x034d3fb3) x31 0x00000000
core   0: 0x8000a500 (0x40e88e33) sub     t3, a7, a4
core   0: 3 0x8000a500 (0x40e88e33) x28 0x00000000
core   0: 0x8000a504 (0x006c1463) bne     s8, t1, pc + 8
core   0: 3 0x8000a504 (0x006c1463)
core   0: 0x8000a50c (0x5ebc8613) addi    a2, s9, 1515
core   0: 3 0x8000a50c (0x5ebc8613) x12 0x00020908
core   0: 0x8000a510 (0x3541f213) andi    tp, gp, 852
core   0: 3 0x8000a510 (0x3541f213) x 4 0x00000014
core   0: 0x8000a514 (0x00565cb3) srl     s9, a2, t0
core   0: 3 0x8000a514 (0x00565cb3) x25 0x00020908
core   0: 0x8000a518 (0x0b29fc63) bgeu    s3, s2, pc + 184
core   0: 3 0x8000a518 (0x0b29fc63)
core   0: 0x8000a5d0 (0x00008dc1) c.or    a1, s0
core   0: 3 0x8000a5d0 (0x8dc1) x11 0x0fffffff
core   0: 0x8000a5d2 (0x30859597) auipc   a1, 0x30859
core   0: 3 0x8000a5d2 (0x30859597) x11 0xb08635d2
core   0: 0x8000a5d6 (0x032e0e33) mul     t3, t3, s2
core   0: 3 0x8000a5d6 (0x032e0e33) x28 0x00000000
core   0: 0x8000a5da (0x6ac5bb93) sltiu   s7, a1, 1708
core   0: 3 0x8000a5da (0x6ac5bb93) x23 0x00000000
core   0: 0x8000a5de (0x6363f393) andi    t2, t2, 1590
core   0: 3 0x8000a5de (0x6363f393) x 7 0x00000000
core   0: 0x8000a5e2 (0x3b702717) auipc   a4, 0x3b702
core   0: 3 0x8000a5e2 (0x3b702717) x14 0xbb70c5e2
core   0: 0x8000a5e6 (0x0000cb9d) c.beqz  a5, pc + 54
core   0: 3 0x8000a5e6 (0xcb9d)
core   0: 0x8000a5e8 (0x00000001) c.nop
core   0: 3 0x8000a5e8 (0x0001)
core   0: 0x8000a5ea (0x05df1063) bne     t5, t4, pc + 64
core   0: 3 0x8000a5ea (0x05df1063)
core   0: 0x8000a62a (0x00008d91) c.sub   a1, a2
core   0: 3 0x8000a62a (0x8d91) x11 0xb0842cca
core   0: 0x8000a62c (0x0ff0000f) fence   iorw,iorw
core   0: 3 0x8000a62c (0x0ff0000f)
core   0: 0x8000a630 (0x03c57e33) remu    t3, a0, t3
core   0: 3 0x8000a630 (0x03c57e33) x28 0xfffffcae
core   0: 0x8000a634 (0x0000455d) c.li    a0, 23
core   0: 3 0x8000a634 (0x455d) x10 0x00000017
core   0: 0x8000a636 (0x02e59563) bne     a1, a4, pc + 42
core   0: 3 0x8000a636 (0x02e59563)
core   0: 0x8000a660 (0x033394b3) mulh    s1, t2, s3
core   0: 3 0x8000a660 (0x033394b3) x 9 0x00000000
core   0: 0x8000a664 (0x00000288) c.addi4spn a0, sp, 320
core   0: 3 0x8000a664 (0x0288) x10 0x3a33f20e
core   0: 0x8000a666 (0x412bd013) srai    zero, s7, 18
core   0: 3 0x8000a666 (0x412bd013)
core   0: 0x8000a66a (0x02b94c33) div     s8, s2, a1
core   0: 3 0x8000a66a (0x02b94c33) x24 0x00000000
core   0: 0x8000a66e (0x04018163) beqz    gp, pc + 66
core   0: 3 0x8000a66e (0x04018163)
core   0: 0x8000a672 (0x0000c029) c.beqz  s0, pc + 66
core   0: 3 0x8000a672 (0xc029)
core   0: 0x8000a674 (0x57ab3397) auipc   t2, 0x57ab3
core   0: 3 0x8000a674 (0x57ab3397) x 7 0xd7abd674
core   0: 0x8000a678 (0x00008fdd) c.or    a5, a5
core   0: 3 0x8000a678 (0x8fdd) x15 0xfffffff5
core   0: 0x8000a67a (0x02deb933) mulhu   s2, t4, a3
core   0: 3 0x8000a67a (0x02deb933) x18 0x00000000
core   0: 0x8000a67e (0x008b5e63) bge     s6, s0, pc + 28
core   0: 3 0x8000a67e (0x008b5e63)
core   0: 0x8000a682 (0x01938e13) addi    t3, t2, 25
core   0: 3 0x8000a682 (0x01938e13) x28 0xd7abd68d
core   0: 0x8000a686 (0x0ff0000f) fence   iorw,iorw
core   0: 3 0x8000a686 (0x0ff0000f)
core   0: 0x8000a68a (0x01956333) or      t1, a0, s9
core   0: 3 0x8000a68a (0x01956333) x 6 0x3a33fb0e
core   0: 0x8000a68e (0x033bb733) mulhu   a4, s7, s3
core   0: 3 0x8000a68e (0x033bb733) x14 0x00000000
core   0: 0x8000a692 (0x00008c01) c.sub   s0, s0
core   0: 3 0x8000a692 (0x8c01) x 8 0x00000000
core   0: 0x8000a694 (0x40d25313) srai    t1, tp, 13
core   0: 3 0x8000a694 (0x40d25313) x 6 0x00000000
core   0: 0x8000a698 (0x00000001) c.nop
core   0: 3 0x8000a698 (0x0001)
core   0: 0x8000a69a (0x00009afd) c.andi  a3, -1
core   0: 3 0x8000a69a (0x9afd) x13 0x00000000
core   0: 0x8000a69c (0x0000100f) fence.i
core   0: 3 0x8000a69c (0x0000100f)
core   0: 0x8000a6a0 (0x03cc7f33) remu    t5, s8, t3
core   0: 3 0x8000a6a0 (0x03cc7f33) x30 0x00000000
core   0: 0x8000a6a4 (0x00067863) bgeu    a2, zero, pc + 16
core   0: 3 0x8000a6a4 (0x00067863)
core   0: 0x8000a6b4 (0x9cd9ba93) sltiu   s5, s3, -1587
core   0: 3 0x8000a6b4 (0x9cd9ba93) x21 0x00000001
core   0: 0x8000a6b8 (0x022e5c63) bge     t3, sp, pc + 56
core   0: 3 0x8000a6b8 (0x022e5c63)
core   0: 0x8000a6bc (0x003af5b3) and     a1, s5, gp
core   0: 3 0x8000a6bc (0x003af5b3) x11 0x00000001
core   0: 0x8000a6c0 (0x00008876) c.mv    a6, t4
core   0: 3 0x8000a6c0 (0x8876) x16 0x00000001
core   0: 0x8000a6c2 (0x0000c80d) c.beqz  s0, pc + 50
core   0: 3 0x8000a6c2 (0xc80d)
core   0: 0x8000a6f4 (0x00008c41) c.or    s0, s0
core   0: 3 0x8000a6f4 (0x8c41) x 8 0x00000000
core   0: 0x8000a6f6 (0x00000001) c.nop
core   0: 3 0x8000a6f6 (0x0001)
core   0: 0x8000a6f8 (0x01cddab3) srl     s5, s11, t3
core   0: 3 0x8000a6f8 (0x01cddab3) x21 0x00040014
core   0: 0x8000a6fc (0x00008f4d) c.or    a4, a1
core   0: 3 0x8000a6fc (0x8f4d) x14 0x00000001
core   0: 0x8000a6fe (0x00c76133) or      sp, a4, a2
core   0: 3 0x8000a6fe (0x00c76133) x 2 0x00020909
core   0: 0x8000a702 (0x00fb5793) srli    a5, s6, 15
core   0: 3 0x8000a702 (0x00fb5793) x15 0x00010004
core   0: 0x8000a706 (0x01909693) slli    a3, ra, 25
core   0: 3 0x8000a706 (0x01909693) x13 0x60000000
core   0: 0x8000a70a (0xbfacca13) xori    s4, s9, -1030
core   0: 3 0x8000a70a (0xbfacca13) x20 0xfffdf2f2
core   0: 0x8000a70e (0x00000a0c) c.addi4spn a1, sp, 272
core   0: 3 0x8000a70e (0x0a0c) x11 0x00020a19
core   0: 0x8000a710 (0x000a9263) bnez    s5, pc + 4
core   0: 3 0x8000a710 (0x000a9263)
core   0: 0x8000a714 (0x02eaf333) remu    t1, s5, a4
core   0: 3 0x8000a714 (0x02eaf333) x 6 0x00000000
core   0: 0x8000a718 (0x6b416193) ori     gp, sp, 1716
core   0: 3 0x8000a718 (0x6b416193) x 3 0x00020fbd
core   0: 0x8000a71c (0x02888263) beq     a7, s0, pc + 36
core   0: 3 0x8000a71c (0x02888263)
core   0: 0x8000a740 (0x03098ab3) mul     s5, s3, a6
core   0: 3 0x8000a740 (0x03098ab3) x21 0x00000008
core   0: 0x8000a744 (0x00008e0d) c.sub   a2, a1
core   0: 3 0x8000a744 (0x8e0d) x12 0xfffffeef
core   0: 0x8000a746 (0x016cccb3) xor     s9, s9, s6
core   0: 3 0x8000a746 (0x016cccb3) x25 0x8000576c
core   0: 0x8000a74a (0x028ab933) mulhu   s2, s5, s0
core   0: 3 0x8000a74a (0x028ab933) x18 0x00000000
core   0: 0x8000a74e (0x00008f2d) c.xor   a4, a1
core   0: 3 0x8000a74e (0x8f2d) x14 0x00020a18
core   0: 0x8000a750 (0x18647493) andi    s1, s0, 390
core   0: 3 0x8000a750 (0x18647493) x 9 0x00000000
core   0: 0x8000a754 (0x000095a2) c.add   a1, s0
core   0: 3 0x8000a754 (0x95a2) x11 0x00020a19
core   0: 0x8000a756 (0x0000c09d) c.beqz  s1, pc + 38
core   0: 3 0x8000a756 (0xc09d)
core   0: 0x8000a77c (0x00000d5e) c.slli  s10, 23
core   0: 3 0x8000a77c (0x0d5e) x26 0x00800000
core   0: 0x8000a77e (0x00008935) c.andi  a0, 13
core   0: 3 0x8000a77e (0x8935) x10 0x0000000c
core   0: 0x8000a780 (0x017ca233) slt     tp, s9, s7
core   0: 3 0x8000a780 (0x017ca233) x 4 0x00000001
core   0: 0x8000a784 (0x00000729) c.addi  a4, 10
core   0: 3 0x8000a784 (0x0729) x14 0x00020a22
core   0: 0x8000a786 (0x01159a63) bne     a1, a7, pc + 20
core   0: 3 0x8000a786 (0x01159a63)
core   0: 0x8000a79a (0x03c62d33) mulhsu  s10, a2, t3
core   0: 3 0x8000a79a (0x03c62d33) x26 0xffffff1a
core   0: 0x8000a79e (0x505eba97) auipc   s5, 0x505eb
core   0: 3 0x8000a79e (0x505eba97) x21 0xd05f579e
core   0: 0x8000a7a2 (0x0000100f) fence.i
core   0: 3 0x8000a7a2 (0x0000100f)
core   0: 0x8000a7a6 (0x00008efd) c.and   a3, a5
core   0: 3 0x8000a7a6 (0x8efd) x13 0x00000000
core   0: 0x8000a7a8 (0x418a81b3) sub     gp, s5, s8
core   0: 3 0x8000a7a8 (0x418a81b3) x 3 0xd05f579e
core   0: 0x8000a7ac (0x8c30f593) andi    a1, ra, -1853
core   0: 3 0x8000a7ac (0x8c30f593) x11 0x001f5880
core   0: 0x8000a7b0 (0x01c3de63) bge     t2, t3, pc + 28
core   0: 3 0x8000a7b0 (0x01c3de63)
core   0: 0x8000a7b4 (0x1644f893) andi    a7, s1, 356
core   0: 3 0x8000a7b4 (0x1644f893) x17 0x00000000
core   0: 0x8000a7b8 (0x0ff0000f) fence   iorw,iorw
core   0: 3 0x8000a7b8 (0x0ff0000f)
core   0: 0x8000a7bc (0x40395e93) srai    t4, s2, 3
core   0: 3 0x8000a7bc (0x40395e93) x29 0x00000000
core   0: 0x8000a7c0 (0x0000642d) c.lui   s0, 0xb
core   0: 3 0x8000a7c0 (0x642d) x 8 0x0000b000
core   0: 0x8000a7c2 (0x00006125) c.addi16sp sp, 96
core   0: 3 0x8000a7c2 (0x6125) x 2 0x00020969
core   0: 0x8000a7c4 (0x027c8533) mul     a0, s9, t2
core   0: 3 0x8000a7c4 (0x027c8533) x10 0x625fe4f0
core   0: 0x8000a7c8 (0x02ee5133) divu    sp, t3, a4
core   0: 3 0x8000a7c8 (0x02ee5133) x 2 0x000069be
core   0: 0x8000a7cc (0x01684633) xor     a2, a6, s6
core   0: 3 0x8000a7cc (0x01684633) x12 0x80025e65
core   0: 0x8000a7d0 (0x00008d25) c.xor   a0, s1
core   0: 3 0x8000a7d0 (0x8d25) x10 0x625fe4f0
core   0: 0x8000a7d2 (0x00008cd5) c.or    s1, a3
core   0: 3 0x8000a7d2 (0x8cd5) x 9 0x00000000
core   0: 0x8000a7d4 (0x01a00963) beq     zero, s10, pc + 18
core   0: 3 0x8000a7d4 (0x01a00963)
core   0: 0x8000a7d8 (0x00008891) c.andi  s1, 4
core   0: 3 0x8000a7d8 (0x8891) x 9 0x00000000
core   0: 0x8000a7da (0x01a4fa63) bgeu    s1, s10, pc + 20
core   0: 3 0x8000a7da (0x01a4fa63)
core   0: 0x8000a7de (0x00101463) bne     zero, ra, pc + 8
core   0: 3 0x8000a7de (0x00101463)
core   0: 0x8000a7e6 (0x02ff96b3) mulh    a3, t6, a5
core   0: 3 0x8000a7e6 (0x02ff96b3) x13 0x00000000
core   0: 0x8000a7ea (0x0000623d) c.lui   tp, 0xf
core   0: 3 0x8000a7ea (0x623d) x 4 0x0000f000
core   0: 0x8000a7ec (0x00000001) c.nop
core   0: 3 0x8000a7ec (0x0001)
core   0: 0x8000a7ee (0x00a59f93) slli    t6, a1, 10
core   0: 3 0x8000a7ee (0x00a59f93) x31 0x7d620000
core   0: 0x8000a7f2 (0x000004bd) c.addi  s1, 15
core   0: 3 0x8000a7f2 (0x04bd) x 9 0x0000000f
core   0: 0x8000a7f4 (0x00008ca1) c.xor   s1, s0
core   0: 3 0x8000a7f4 (0x8ca1) x 9 0x0000b00f
core   0: 0x8000a7f6 (0x006e8133) add     sp, t4, t1
core   0: 3 0x8000a7f6 (0x006e8133) x 2 0x00000000
core   0: 0x8000a7fa (0x41d8dbb3) sra     s7, a7, t4
core   0: 3 0x8000a7fa (0x41d8dbb3) x23 0x00000000
core   0: 0x8000a7fe (0x0000614d) c.addi16sp sp, 176
core   0: 3 0x8000a7fe (0x614d) x 2 0x000000b0
core   0: 0x8000a800 (0x40c2d2b3) sra     t0, t0, a2
core   0: 3 0x8000a800 (0x40c2d2b3) x 5 0x00000000
core   0: 0x8000a804 (0x01575cb3) srl     s9, a4, s5
core   0: 3 0x8000a804 (0x01575cb3) x25 0x00000000
core   0: 0x8000a808 (0x00008ff9) c.and   a5, a4
core   0: 3 0x8000a808 (0x8ff9) x15 0x00000000
core   0: 0x8000a80a (0x029b2d33) mulhsu  s10, s6, s1
core   0: 3 0x8000a80a (0x029b2d33) x26 0xffffa7fa
core   0: 0x8000a80e (0x00006217) auipc   tp, 0x6
core   0: 3 0x8000a80e (0x00006217) x 4 0x8001080e
core   0: 0x8000a812 (0xd9c20213) addi    tp, tp, -612
core   0: 3 0x8000a812 (0xd9c20213) x 4 0x800105aa
core   0: 0x8000a816 (0x00006917) auipc   s2, 0x6
core   0: 3 0x8000a816 (0x00006917) x18 0x80010816
core   0: 0x8000a81a (0xd4990913) addi    s2, s2, -695
core   0: 3 0x8000a81a (0xd4990913) x18 0x8001055f
core   0: 0x8000a81e (0xfd694383) lbu     t2, -42(s2)
core   0: 3 0x8000a81e (0xfd694383) x 7 0x000000ee mem 0x80010535
core   0: 0x8000a822 (0x04b22523) sw      a1, 74(tp)
core   0: 3 0x8000a822 (0x04b22523) mem 0x800105f4 0x001f5880
core   0: 0x8000a826 (0xffa94583) lbu     a1, -6(s2)
core   0: 3 0x8000a826 (0xffa94583) x11 0x00000012 mem 0x80010559
core   0: 0x8000a82a (0xf5d20823) sb      t4, -176(tp)
core   0: 3 0x8000a82a (0xf5d20823) mem 0x800104fa 0x0
core   0: 0x8000a82e (0xf26204a3) sb      t1, -215(tp)
core   0: 3 0x8000a82e (0xf26204a3) mem 0x800104d3 0x0
core   0: 0x8000a832 (0x0d420403) lb      s0, 212(tp)
core   0: 3 0x8000a832 (0x0d420403) x 8 0x00000035 mem 0x8001067e
core   0: 0x8000a836 (0xfdf920a3) sw      t6, -63(s2)
core   0: 3 0x8000a836 (0xfdf920a3) mem 0x80010520 0x7d620000
core   0: 0x8000a83a (0x010200a3) sb      a6, 1(tp)
core   0: 3 0x8000a83a (0x010200a3) mem 0x800105ab 0x1
core   0: 0x8000a83e (0x0f120c83) lb      s9, 241(tp)
core   0: 3 0x8000a83e (0x0f120c83) x25 0x00000050 mem 0x8001069b
core   0: 0x8000a842 (0x02490583) lb      a1, 36(s2)
core   0: 3 0x8000a842 (0x02490583) x11 0xfffffff6 mem 0x80010583
core   0: 0x8000a846 (0xfd420423) sb      s4, -56(tp)
core   0: 3 0x8000a846 (0xfd420423) mem 0x80010572 0xf2
core   0: 0x8000a84a (0x01a94a83) lbu     s5, 26(s2)
core   0: 3 0x8000a84a (0x01a94a83) x21 0x00000032 mem 0x80010579
core   0: 0x8000a84e (0x08422523) sw      tp, 138(tp)
core   0: 3 0x8000a84e (0x08422523) mem 0x80010634 0x800105aa
core   0: 0x8000a852 (0xfe490303) lb      t1, -28(s2)
core   0: 3 0x8000a852 (0xfe490303) x 6 0x00000000 mem 0x80010543
core   0: 0x8000a856 (0xfcf917a3) sh      a5, -49(s2)
core   0: 3 0x8000a856 (0xfcf917a3) mem 0x8001052e 0x0000
core   0: 0x8000a85a (0x01722a33) slt     s4, tp, s7
core   0: 3 0x8000a85a (0x01722a33) x20 0x00000001
core   0: 0x8000a85e (0x031ee6b3) rem     a3, t4, a7
core   0: 3 0x8000a85e (0x031ee6b3) x13 0x00000000
core   0: 0x8000a862 (0x01600a33) add     s4, zero, s6
core   0: 3 0x8000a862 (0x01600a33) x20 0x80025e64
core   0: 0x8000a866 (0x00008df1) c.and   a1, a2
core   0: 3 0x8000a866 (0x8df1) x11 0x80025e64
core   0: 0x8000a868 (0x00008fad) c.xor   a5, a1
core   0: 3 0x8000a868 (0x8fad) x15 0x80025e64
core   0: 0x8000a86a (0xf8e83713) sltiu   a4, a6, -114
core   0: 3 0x8000a86a (0xf8e83713) x14 0x00000001
core   0: 0x8000a86e (0x00008e56) c.mv    t3, s5
core   0: 3 0x8000a86e (0x8e56) x28 0x00000032
core   0: 0x8000a870 (0x00008d81) c.sub   a1, s0
core   0: 3 0x8000a870 (0x8d81) x11 0x80025e2f
core   0: 0x8000a872 (0x02032d33) mulhsu  s10, t1, zero
core   0: 3 0x8000a872 (0x02032d33) x26 0x00000000
core   0: 0x8000a876 (0x0000896d) c.andi  a0, 27
core   0: 3 0x8000a876 (0x896d) x10 0x00000010
core   0: 0x8000a878 (0x03590033) mul     zero, s2, s5
core   0: 3 0x8000a878 (0x03590033)
core   0: 0x8000a87c (0x5124a6b7) lui     a3, 0x5124a
core   0: 3 0x8000a87c (0x5124a6b7) x13 0x5124a000
core   0: 0x8000a880 (0x01486863) bltu    a6, s4, pc + 16
core   0: 3 0x8000a880 (0x01486863)
core   0: 0x8000a890 (0x0000100f) fence.i
core   0: 3 0x8000a890 (0x0000100f)
core   0: 0x8000a894 (0x0ff0000f) fence   iorw,iorw
core   0: 3 0x8000a894 (0x0ff0000f)
core   0: 0x8000a898 (0x00299d33) sll     s10, s3, sp
core   0: 3 0x8000a898 (0x00299d33) x26 0x00080000
core   0: 0x8000a89c (0x00c65093) srli    ra, a2, 12
core   0: 3 0x8000a89c (0x00c65093) x 1 0x00080025
core   0: 0x8000a8a0 (0x00000001) c.nop
core   0: 3 0x8000a8a0 (0x0001)
core   0: 0x8000a8a2 (0x011dfd33) and     s10, s11, a7
core   0: 3 0x8000a8a2 (0x011dfd33) x26 0x00000000
core   0: 0x8000a8a6 (0x00000001) c.nop
core   0: 3 0x8000a8a6 (0x0001)
core   0: 0x8000a8a8 (0x00000001) c.nop
core   0: 3 0x8000a8a8 (0x0001)
core   0: 0x8000a8aa (0x00525513) srli    a0, tp, 5
core   0: 3 0x8000a8aa (0x00525513) x10 0x0400082d
core   0: 0x8000a8ae (0x02c262b3) rem     t0, tp, a2
core   0: 3 0x8000a8ae (0x02c262b3) x 5 0xfffea745
core   0: 0x8000a8b2 (0x032d8c33) mul     s8, s11, s2
core   0: 3 0x8000a8b2 (0x032d8c33) x24 0x2aecac9c
core   0: 0x8000a8b6 (0x317a7f37) lui     t5, 0x317a7
core   0: 3 0x8000a8b6 (0x317a7f37) x30 0x317a7000
core   0: 0x8000a8ba (0x01567533) and     a0, a2, s5
core   0: 3 0x8000a8ba (0x01567533) x10 0x00000020
core   0: 0x8000a8be (0x411ade33) sra     t3, s5, a7
core   0: 3 0x8000a8be (0x411ade33) x28 0x00000032
core   0: 0x8000a8c2 (0x000080a5) c.srli  s1, 9
core   0: 3 0x8000a8c2 (0x80a5) x 9 0x00000058
core   0: 0x8000a8c4 (0x000005d1) c.addi  a1, 20
core   0: 3 0x8000a8c4 (0x05d1) x11 0x80025e43
core   0: 0x8000a8c6 (0x000096be) c.add   a3, a5
core   0: 3 0x8000a8c6 (0x96be) x13 0xd126fe64
core   0: 0x8000a8c8 (0x417b58b3) sra     a7, s6, s7
core   0: 3 0x8000a8c8 (0x417b58b3) x17 0x80025e64
core   0: 0x8000a8cc (0x00b6dab3) srl     s5, a3, a1
core   0: 3 0x8000a8cc (0x00b6dab3) x21 0x1a24dfcc
core   0: 0x8000a8d0 (0x96a7fbb7) lui     s7, 0x96a7f
core   0: 3 0x8000a8d0 (0x96a7fbb7) x23 0x96a7f000
core   0: 0x8000a8d4 (0x002b5eb3) srl     t4, s6, sp
core   0: 3 0x8000a8d4 (0x002b5eb3) x29 0x00008002
core   0: 0x8000a8d8 (0xa948aa93) slti    s5, a7, -1388
core   0: 3 0x8000a8d8 (0xa948aa93) x21 0x00000001
core   0: 0x8000a8dc (0x03064133) div     sp, a2, a6
core   0: 3 0x8000a8dc (0x03064133) x 2 0x80025e65
core   0: 0x8000a8e0 (0x40c08533) sub     a0, ra, a2
core   0: 3 0x8000a8e0 (0x40c08533) x10 0x8005a1c0
core   0: 0x8000a8e4 (0x0004aeb3) slt     t4, s1, zero
core   0: 3 0x8000a8e4 (0x0004aeb3) x29 0x00000000
core   0: 0x8000a8e8 (0x03ed0fb3) mul     t6, s10, t5
core   0: 3 0x8000a8e8 (0x03ed0fb3) x31 0x00000000
core   0: 0x8000a8ec (0x00008936) c.mv    s2, a3
core   0: 3 0x8000a8ec (0x8936) x18 0xd126fe64
core   0: 0x8000a8ee (0x012b12b3) sll     t0, s6, s2
core   0: 3 0x8000a8ee (0x012b12b3) x 5 0x0025e640
core   0: 0x8000a8f2 (0x000086c6) c.mv    a3, a7
core   0: 3 0x8000a8f2 (0x86c6) x13 0x80025e64
core   0: 0x8000a8f4 (0x02490633) mul     a2, s2, tp
core   0: 3 0x8000a8f4 (0x02490633) x12 0xa540e268
core   0: 0x8000a8f8 (0x0068b933) sltu    s2, a7, t1
core   0: 3 0x8000a8f8 (0x0068b933) x18 0x00000000
core   0: 0x8000a8fc (0x4199d913) srai    s2, s3, 25
core   0: 3 0x8000a8fc (0x4199d913) x18 0x00000000
core   0: 0x8000a900 (0x00008f6d) c.and   a4, a1
core   0: 3 0x8000a900 (0x8f6d) x14 0x00000001
core   0: 0x8000a902 (0x021575b3) remu    a1, a0, ra
core   0: 3 0x8000a902 (0x021575b3) x11 0x000351c0
core   0: 0x8000a906 (0x03a7f063) bgeu    a5, s10, pc + 32
core   0: 3 0x8000a906 (0x03a7f063)
core   0: 0x8000a926 (0x418f0133) sub     sp, t5, s8
core   0: 3 0x8000a926 (0x418f0133) x 2 0x068dc364
core   0: 0x8000a92a (0x0251e833) rem     a6, gp, t0
core   0: 3 0x8000a92a (0x0251e833) x16 0xffe50dde
core   0: 0x8000a92e (0x01608a63) beq     ra, s6, pc + 20
core   0: 3 0x8000a92e (0x01608a63)
core   0: 0x8000a932 (0x0000879d) c.srai  a5, 7
core   0: 3 0x8000a932 (0x879d) x15 0xff0004bc
core   0: 0x8000a934 (0x009472b3) and     t0, s0, s1
core   0: 3 0x8000a934 (0x009472b3) x 5 0x00000010
core   0: 0x8000a938 (0x0000717d) c.addi16sp sp, -16
core   0: 3 0x8000a938 (0x717d) x 2 0x068dc354
core   0: 0x8000a93a (0x0032f663) bgeu    t0, gp, pc + 12
core   0: 3 0x8000a93a (0x0032f663)
core   0: 0x8000a93e (0x41f00133) sub     sp, zero, t6
core   0: 3 0x8000a93e (0x41f00133) x 2 0x00000000
core   0: 0x8000a942 (0x02f365b3) rem     a1, t1, a5
core   0: 3 0x8000a942 (0x02f365b3) x11 0x00000000
core   0: 0x8000a946 (0x025440b3) div     ra, s0, t0
core   0: 3 0x8000a946 (0x025440b3) x 1 0x00000003
core   0: 0x8000a94a (0x00c33633) sltu    a2, t1, a2
core   0: 3 0x8000a94a (0x00c33633) x12 0x00000001
core   0: 0x8000a94e (0x02d45363) bge     s0, a3, pc + 38
core   0: 3 0x8000a94e (0x02d45363)
core   0: 0x8000a974 (0x024157b3) divu    a5, sp, tp
core   0: 3 0x8000a974 (0x024157b3) x15 0x00000000
core   0: 0x8000a978 (0x0000100f) fence.i
core   0: 3 0x8000a978 (0x0000100f)
core   0: 0x8000a97c (0x00c171b3) and     gp, sp, a2
core   0: 3 0x8000a97c (0x00c171b3) x 3 0x00000000
core   0: 0x8000a980 (0x02293cb3) mulhu   s9, s2, sp
core   0: 3 0x8000a980 (0x02293cb3) x25 0x00000000
core   0: 0x8000a984 (0x01b1ce33) xor     t3, gp, s11
core   0: 3 0x8000a984 (0x01b1ce33) x28 0x80029ce4
core   0: 0x8000a988 (0x00005cfd) c.li    s9, -1
core   0: 3 0x8000a988 (0x5cfd) x25 0xffffffff
core   0: 0x8000a98a (0x00004cf1) c.li    s9, 28
core   0: 3 0x8000a98a (0x4cf1) x25 0x0000001c
core   0: 0x8000a98c (0x0000717d) c.addi16sp sp, -16
core   0: 3 0x8000a98c (0x717d) x 2 0xfffffff0
core   0: 0x8000a98e (0x00000e99) c.addi  t4, 6
core   0: 3 0x8000a98e (0x0e99) x29 0x00000006
core   0: 0x8000a990 (0x03dfe4b3) rem     s1, t6, t4
core   0: 3 0x8000a990 (0x03dfe4b3) x 9 0x00000000
core   0: 0x8000a994 (0x0000492d) c.li    s2, 11
core   0: 3 0x8000a994 (0x492d) x18 0x0000000b
core   0: 0x8000a996 (0x03028463) beq     t0, a6, pc + 40
core   0: 3 0x8000a996 (0x03028463)
core   0: 0x8000a99a (0x00526ab3) or      s5, tp, t0
core   0: 3 0x8000a99a (0x00526ab3) x21 0x800105ba
core   0: 0x8000a99e (0x00000bd9) c.addi  s7, 22
core   0: 3 0x8000a99e (0x0bd9) x23 0x96a7f016
core   0: 0x8000a9a0 (0x01bd8a63) beq     s11, s11, pc + 20
core   0: 3 0x8000a9a0 (0x01bd8a63)
core   0: 0x8000a9b4 (0x0000c3a9) c.beqz  a5, pc + 66
core   0: 3 0x8000a9b4 (0xc3a9)
core   0: 0x8000a9f6 (0x000083f5) c.srli  a5, 29
core   0: 3 0x8000a9f6 (0x83f5) x15 0x00000000
core   0: 0x8000a9f8 (0x04984263) blt     a6, s1, pc + 68
core   0: 3 0x8000a9f8 (0x04984263)
core   0: 0x8000aa3c (0x00000001) c.nop
core   0: 3 0x8000aa3c (0x0001)
core   0: 0x8000aa3e (0x01114a63) blt     sp, a7, pc + 20
core   0: 3 0x8000aa3e (0x01114a63)
core   0: 0x8000aa42 (0x00006929) c.lui   s2, 0xa
core   0: 3 0x8000aa42 (0x6929) x18 0x0000a000
core   0: 0x8000aa44 (0x00008441) c.srai  s0, 16
core   0: 3 0x8000aa44 (0x8441) x 8 0x00000000
core   0: 0x8000aa46 (0x0000885d) c.andi  s0, 23
core   0: 3 0x8000aa46 (0x885d) x 8 0x00000000
core   0: 0x8000aa48 (0x00008d79) c.and   a0, a4
core   0: 3 0x8000aa48 (0x8d79) x10 0x00000000
core   0: 0x8000aa4a (0x000097ca) c.add   a5, s2
core   0: 3 0x8000aa4a (0x97ca) x15 0x0000a000
core   0: 0x8000aa4c (0xfd716217) auipc   tp, 0xfd716
core   0: 3 0x8000aa4c (0xfd716217) x 4 0x7d720a4c
core   0: 0x8000aa50 (0x000010fd) c.addi  ra, -1
core   0: 3 0x8000aa50 (0x10fd) x 1 0x00000002
core   0: 0x8000aa52 (0x2c224013) xori    zero, tp, 706
core   0: 3 0x8000aa52 (0x2c224013)
core   0: 0x8000aa56 (0x021cdc33) divu    s8, s9, ra
core   0: 3 0x8000aa56 (0x021cdc33) x24 0x0000000e
core   0: 0x8000aa5a (0x00008fc5) c.or    a5, s1
core   0: 3 0x8000aa5a (0x8fc5) x15 0x0000a000
core   0: 0x8000aa5c (0x409288b3) sub     a7, t0, s1
core   0: 3 0x8000aa5c (0x409288b3) x17 0x00000010
core   0: 0x8000aa60 (0x03f96363) bltu    s2, t6, pc + 38
core   0: 3 0x8000aa60 (0x03f96363)
core   0: 0x8000aa64 (0x4c7ff397) auipc   t2, 0x4c7ff
core   0: 3 0x8000aa64 (0x4c7ff397) x 7 0xcc809a64
core   0: 0x8000aa68 (0x41f88833) sub     a6, a7, t6
core   0: 3 0x8000aa68 (0x41f88833) x16 0x00000010
core   0: 0x8000aa6c (0x02675033) divu    zero, a4, t1
core   0: 3 0x8000aa6c (0x02675033)
core   0: 0x8000aa70 (0x000044a5) c.li    s1, 9
core   0: 3 0x8000aa70 (0x44a5) x 9 0x00000009
core   0: 0x8000aa72 (0x0000e591) c.bnez  a1, pc + 12
core   0: 3 0x8000aa72 (0xe591)
core   0: 0x8000aa74 (0xedf44893) xori    a7, s0, -289
core   0: 3 0x8000aa74 (0xedf44893) x17 0xfffffedf
core   0: 0x8000aa78 (0x00000552) c.slli  a0, 20
core   0: 3 0x8000aa78 (0x0552) x10 0x00000000
core   0: 0x8000aa7a (0x01e245b3) xor     a1, tp, t5
core   0: 3 0x8000aa7a (0x01e245b3) x11 0x4c087a4c
core   0: 0x8000aa7e (0x00d4a333) slt     t1, s1, a3
core   0: 3 0x8000aa7e (0x00d4a333) x 6 0x00000000
core   0: 0x8000aa82 (0x0063ce63) blt     t2, t1, pc + 28
core   0: 3 0x8000aa82 (0x0063ce63)
core   0: 0x8000aa9e (0x003a4563) blt     s4, gp, pc + 10
core   0: 3 0x8000aa9e (0x003a4563)
core   0: 0x8000aaa8 (0x02c3eeb3) rem     t4, t2, a2
core   0: 3 0x8000aaa8 (0x02c3eeb3) x29 0x00000000
core   0: 0x8000aaac (0x00d68f63) beq     a3, a3, pc + 30
core   0: 3 0x8000aaac (0x00d68f63)
core   0: 0x8000aaca (0x00008896) c.mv    a7, t0
core   0: 3 0x8000aaca (0x8896) x17 0x00000010
core   0: 0x8000aacc (0x0ff0000f) fence   iorw,iorw
core   0: 3 0x8000aacc (0x0ff0000f)
core   0: 0x8000aad0 (0x00e880b3) add     ra, a7, a4
core   0: 3 0x8000aad0 (0x00e880b3) x 1 0x00000011
core   0: 0x8000aad4 (0x00009206) c.add   tp, ra
core   0: 3 0x8000aad4 (0x9206) x 4 0x7d720a5d
core   0: 0x8000aad6 (0x02393bb3) mulhu   s7, s2, gp
core   0: 3 0x8000aad6 (0x02393bb3) x23 0x00000000
core   0: 0x8000aada (0x41a48fb3) sub     t6, s1, s10
core   0: 3 0x8000aada (0x41a48fb3) x31 0x00000009
core   0: 0x8000aade (0x007a5d33) srl     s10, s4, t2
core   0: 3 0x8000aade (0x007a5d33) x26 0x080025e6
core   0: 0x8000aae2 (0x01293333) sltu    t1, s2, s2
core   0: 3 0x8000aae2 (0x01293333) x 6 0x00000000
core   0: 0x8000aae6 (0x0000ee81) c.bnez  a3, pc + 24
core   0: 3 0x8000aae6 (0xee81)
core   0: 0x8000aafe (0x019dee63) bltu    s11, s9, pc + 28
core   0: 3 0x8000aafe (0x019dee63)
core   0: 0x8000ab02 (0x01ea3533) sltu    a0, s4, t5
core   0: 3 0x8000ab02 (0x01ea3533) x10 0x00000000
core   0: 0x8000ab06 (0xacfdc013) xori    zero, s11, -1329
core   0: 3 0x8000ab06 (0xacfdc013)
core   0: 0x8000ab0a (0x00abd193) srli    gp, s7, 10
core   0: 3 0x8000ab0a (0x00abd193) x 3 0x00000000
core   0: 0x8000ab0e (0x00008239) c.srli  a2, 14
core   0: 3 0x8000ab0e (0x8239) x12 0x00000000
core   0: 0x8000ab10 (0x00001884) c.addi4spn s1, sp, 112
core   0: 3 0x8000ab10 (0x1884) x 9 0x00000060
core   0: 0x8000ab12 (0x02229d63) bne     t0, sp, pc + 58
core   0: 3 0x8000ab12 (0x02229d63)
core   0: 0x8000ab4c (0x0000ebf5) c.bnez  a5, pc + 244
core   0: 3 0x8000ab4c (0xebf5)
core   0: 0x8000ac40 (0x000042cd) c.li    t0, 19
core   0: 3 0x8000ac40 (0x42cd) x 5 0x00000013
core   0: 0x8000ac42 (0x00341763) bne     s0, gp, pc + 14
core   0: 3 0x8000ac42 (0x00341763)
core   0: 0x8000ac46 (0x03a608b3) mul     a7, a2, s10
core   0: 3 0x8000ac46 (0x03a608b3) x17 0x00000000
core   0: 0x8000ac4a (0x005a1213) slli    tp, s4, 5
core   0: 3 0x8000ac4a (0x005a1213) x 4 0x004bcc80
core   0: 0x8000ac4e (0x00000001) c.nop
core   0: 3 0x8000ac4e (0x0001)
core   0: 0x8000ac50 (0x01671b63) bne     a4, s6, pc + 22
core   0: 3 0x8000ac50 (0x01671b63)
core   0: 0x8000ac66 (0x02f79f33) mulh    t5, a5, a5
core   0: 3 0x8000ac66 (0x02f79f33) x30 0x00000000
core   0: 0x8000ac6a (0x00008ca1) c.xor   s1, s0
core   0: 3 0x8000ac6a (0x8ca1) x 9 0x00000060
core   0: 0x8000ac6c (0x2d506717) auipc   a4, 0x2d506
core   0: 3 0x8000ac6c (0x2d506717) x14 0xad510c6c
core   0: 0x8000ac70 (0x00008e91) c.sub   a3, a2
core   0: 3 0x8000ac70 (0x8e91) x13 0x80025e64
core   0: 0x8000ac72 (0xe2e36c93) ori     s9, t1, -466
core   0: 3 0x8000ac72 (0xe2e36c93) x25 0xfffffe2e
core   0: 0x8000ac76 (0x00a35633) srl     a2, t1, a0
core   0: 3 0x8000ac76 (0x00a35633) x12 0x00000000
core   0: 0x8000ac7a (0x025142b3) div     t0, sp, t0
core   0: 3 0x8000ac7a (0x025142b3) x 5 0x00000000
core   0: 0x8000ac7e (0x02b4feb3) remu    t4, s1, a1
core   0: 3 0x8000ac7e (0x02b4feb3) x29 0x00000060
core   0: 0x8000ac82 (0xd9fc3f93) sltiu   t6, s8, -609
core   0: 3 0x8000ac82 (0xd9fc3f93) x31 0x00000001
core   0: 0x8000ac86 (0x40695a33) sra     s4, s2, t1
core   0: 3 0x8000ac86 (0x40695a33) x20 0x0000a000
core   0: 0x8000ac8a (0x0070e133) or      sp, ra, t2
core   0: 3 0x8000ac8a (0x0070e133) x 2 0xcc809a75
core   0: 0x8000ac8e (0x0000c489) c.beqz  s1, pc + 10
core   0: 3 0x8000ac8e (0xc489)
core   0: 0x8000ac90 (0x001ec863) blt     t4, ra, pc + 16
core   0: 3 0x8000ac90 (0x001ec863)
core   0: 0x8000ac94 (0x0368cfb3) div     t6, a7, s6
core   0: 3 0x8000ac94 (0x0368cfb3) x31 0x00000000
core   0: 0x8000ac98 (0x0000997d) c.andi  a0, -1
core   0: 3 0x8000ac98 (0x997d) x10 0x00000000
core   0: 0x8000ac9a (0x02d820b3) mulhsu  ra, a6, a3
core   0: 3 0x8000ac9a (0x02d820b3) x 1 0x00000008
core   0: 0x8000ac9e (0x0000717d) c.addi16sp sp, -16
core   0: 3 0x8000ac9e (0x717d) x 2 0xcc809a65
core   0: 0x8000aca0 (0x0353d933) divu    s2, t2, s5
core   0: 3 0x8000aca0 (0x0353d933) x18 0x00000001
core   0: 0x8000aca4 (0x01bc8a33) add     s4, s9, s11
core   0: 3 0x8000aca4 (0x01bc8a33) x20 0x80029b12
core   0: 0x8000aca8 (0x006e38b3) sltu    a7, t3, t1
core   0: 3 0x8000aca8 (0x006e38b3) x17 0x00000000
core   0: 0x8000acac (0x03f574b3) remu    s1, a0, t6
core   0: 3 0x8000acac (0x03f574b3) x 9 0x00000000
core   0: 0x8000acb0 (0x0ff0000f) fence   iorw,iorw
core   0: 3 0x8000acb0 (0x0ff0000f)
core   0: 0x8000acb4 (0x029363b3) rem     t2, t1, s1
core   0: 3 0x8000acb4 (0x029363b3) x 7 0x00000000
core   0: 0x8000acb8 (0x00006421) c.lui   s0, 0x8
core   0: 3 0x8000acb8 (0x6421) x 8 0x00008000
core   0: 0x8000acba (0x002eeab3) or      s5, t4, sp
core   0: 3 0x8000acba (0x002eeab3) x21 0xcc809a65
core   0: 0x8000acbe (0xfecfef13) ori     t5, t6, -20
core   0: 3 0x8000acbe (0xfecfef13) x30 0xffffffec
core   0: 0x8000acc2 (0x00f62933) slt     s2, a2, a5
core   0: 3 0x8000acc2 (0x00f62933) x18 0x00000001
core   0: 0x8000acc6 (0x000042ad) c.li    t0, 11
core   0: 3 0x8000acc6 (0x42ad) x 5 0x0000000b
core   0: 0x8000acc8 (0xe6864493) xori    s1, a2, -408
core   0: 3 0x8000acc8 (0xe6864493) x 9 0xfffffe68
core   0: 0x8000accc (0x0000e735) c.bnez  a4, pc + 108
core   0: 3 0x8000accc (0xe735)
core   0: 0x8000ad38 (0x031e4963) blt     t3, a7, pc + 50
core   0: 3 0x8000ad38 (0x031e4963)
core   0: 0x8000ad6a (0x0ff0000f) fence   iorw,iorw
core   0: 3 0x8000ad6a (0x0ff0000f)
core   0: 0x8000ad6e (0x40b65333) sra     t1, a2, a1
core   0: 3 0x8000ad6e (0x40b65333) x 6 0x00000000
core   0: 0x8000ad72 (0x00000946) c.slli  s2, 17
core   0: 3 0x8000ad72 (0x0946) x18 0x00020000
core   0: 0x8000ad74 (0x016bcd33) xor     s10, s7, s6
core   0: 3 0x8000ad74 (0x016bcd33) x26 0x80025e64
core   0: 0x8000ad78 (0x00000001) c.nop
core   0: 3 0x8000ad78 (0x0001)
core   0: 0x8000ad7a (0xde91e913) ori     s2, gp, -535
core   0: 3 0x8000ad7a (0xde91e913) x18 0xfffffde9
core   0: 0x8000ad7e (0x03e8fd33) remu    s10, a7, t5
core   0: 3 0x8000ad7e (0x03e8fd33) x26 0x00000000
core   0: 0x8000ad82 (0x9334a897) auipc   a7, 0x9334a
core   0: 3 0x8000ad82 (0x9334a897) x17 0x13354d82
core   0: 0x8000ad86 (0x00000001) c.nop
core   0: 3 0x8000ad86 (0x0001)
core   0: 0x8000ad88 (0x00008dfd) c.and   a1, a5
core   0: 3 0x8000ad88 (0x8dfd) x11 0x00002000
core   0: 0x8000ad8a (0x0ff0000f) fence   iorw,iorw
core   0: 3 0x8000ad8a (0x0ff0000f)
core   0: 0x8000ad8e (0x00000001) c.nop
core   0: 3 0x8000ad8e (0x0001)
core   0: 0x8000ad90 (0x039c1eb3) mulh    t4, s8, s9
core   0: 3 0x8000ad90 (0x039c1eb3) x29 0xffffffff
core   0: 0x8000ad94 (0x74403337) lui     t1, 0x74403
core   0: 3 0x8000ad94 (0x74403337) x 6 0x74403000
core   0: 0x8000ad98 (0x02941e33) mulh    t3, s0, s1
core   0: 3 0x8000ad98 (0x02941e33) x28 0xffffffff
core   0: 0x8000ad9c (0x00000188) c.addi4spn a0, sp, 192
core   0: 3 0x8000ad9c (0x0188) x10 0xcc809b25
core   0: 0x8000ad9e (0x02086c33) rem     s8, a6, zero
core   0: 3 0x8000ad9e (0x02086c33) x24 0x00000010
core   0: 0x8000ada2 (0x0000ec01) c.bnez  s0, pc + 24
core   0: 3 0x8000ada2 (0xec01)
core   0: 0x8000adba (0x02f44533) div     a0, s0, a5
core   0: 3 0x8000adba (0x02f44533) x10 0x00000000
core   0: 0x8000adbe (0x00230263) beq     t1, sp, pc + 4
core   0: 3 0x8000adbe (0x00230263)
core   0: 0x8000adc2 (0x05a59163) bne     a1, s10, pc + 66
core   0: 3 0x8000adc2 (0x05a59163)
core   0: 0x8000ae04 (0x01b81863) bne     a6, s11, pc + 16
core   0: 3 0x8000ae04 (0x01b81863)
core   0: 0x8000ae14 (0x0ff0000f) fence   iorw,iorw
core   0: 3 0x8000ae14 (0x0ff0000f)
core   0: 0x8000ae18 (0x02e1f733) remu    a4, gp, a4
core   0: 3 0x8000ae18 (0x02e1f733) x14 0x00000000
core   0: 0x8000ae1c (0x0000ec81) c.bnez  s1, pc + 24
core   0: 3 0x8000ae1c (0xec81)
core   0: 0x8000ae34 (0xff742393) slti    t2, s0, -9
core   0: 3 0x8000ae34 (0xff742393) x 7 0x00000000
core   0: 0x8000ae38 (0x006a1d13) slli    s10, s4, 6
core   0: 3 0x8000ae38 (0x006a1d13) x26 0x00a6c480
core   0: 0x8000ae3c (0x00958463) beq     a1, s1, pc + 8
core   0: 3 0x8000ae3c (0x00958463)
core   0: 0x8000ae40 (0x00000a06) c.slli  s4, 1
core   0: 3 0x8000ae40 (0x0a06) x20 0x00053624
core   0: 0x8000ae42 (0x00004401) c.li    s0, 0
core   0: 3 0x8000ae42 (0x4401) x 8 0x00000000
core   0: 0x8000ae44 (0x019d91b3) sll     gp, s11, s9
core   0: 3 0x8000ae44 (0x019d91b3) x 3 0xa7390000
core   0: 0x8000ae48 (0x00999e13) slli    t3, s3, 9
core   0: 3 0x8000ae48 (0x00999e13) x28 0x00001000
core   0: 0x8000ae4c (0x000080b1) c.srli  s1, 12
core   0: 3 0x8000ae4c (0x80b1) x 9 0x000fffff
core   0: 0x8000ae4e (0x015ada13) srli    s4, s5, 21
core   0: 3 0x8000ae4e (0x015ada13) x20 0x00000664
core   0: 0x8000ae52 (0x01ffb733) sltu    a4, t6, t6
core   0: 3 0x8000ae52 (0x01ffb733) x14 0x00000000
core   0: 0x8000ae56 (0x01435693) srli    a3, t1, 20
core   0: 3 0x8000ae56 (0x01435693) x13 0x00000744
core   0: 0x8000ae5a (0x034607b3) mul     a5, a2, s4
core   0: 3 0x8000ae5a (0x034607b3) x15 0x00000000
core   0: 0x8000ae5e (0x70081437) lui     s0, 0x70081
core   0: 3 0x8000ae5e (0x70081437) x 8 0x70081000
core   0: 0x8000ae62 (0x0000101c) c.addi4spn a5, sp, 32
core   0: 3 0x8000ae62 (0x101c) x15 0xcc809a85
core   0: 0x8000ae64 (0x00001708) c.addi4spn a0, sp, 928
core   0: 3 0x8000ae64 (0x1708) x10 0xcc809e05
core   0: 0x8000ae66 (0x030aef33) rem     t5, s5, a6
core   0: 3 0x8000ae66 (0x030aef33) x30 0xfffffff5
core   0: 0x8000ae6a (0x03fb0833) mul     a6, s6, t6
core   0: 3 0x8000ae6a (0x03fb0833) x16 0x00000000
core   0: 0x8000ae6e (0x865e6537) lui     a0, 0x865e6
core   0: 3 0x8000ae6e (0x865e6537) x10 0x865e6000
core   0: 0x8000ae72 (0x01b58c63) beq     a1, s11, pc + 24
core   0: 3 0x8000ae72 (0x01b58c63)
core   0: 0x8000ae76 (0x0324c6b3) div     a3, s1, s2
core   0: 3 0x8000ae76 (0x0324c6b3) x13 0xfffff859
core   0: 0x8000ae7a (0x00008272) c.mv    tp, t3
core   0: 3 0x8000ae7a (0x8272) x 4 0x00001000
core   0: 0x8000ae7c (0x00008d59) c.or    a0, a4
core   0: 3 0x8000ae7c (0x8d59) x10 0x865e6000
core   0: 0x8000ae7e (0x05a20163) beq     tp, s10, pc + 66
core   0: 3 0x8000ae7e (0x05a20163)
core   0: 0x8000ae82 (0x0000cf9d) c.beqz  a5, pc + 62
core   0: 3 0x8000ae82 (0xcf9d)
core   0: 0x8000ae84 (0x01959fb3) sll     t6, a1, s9
core   0: 3 0x8000ae84 (0x01959fb3) x31 0x08000000
core   0: 0x8000ae88 (0x000018fd) c.addi  a7, -1
core   0: 3 0x8000ae88 (0x18fd) x17 0x13354d81
core   0: 0x8000ae8a (0x01428a63) beq     t0, s4, pc + 20
core   0: 3 0x8000ae8a (0x01428a63)
core   0: 0x8000ae8e (0x00000136) c.slli  sp, 13
core   0: 3 0x8000ae8e (0x0136) x 2 0x134ca000
core   0: 0x8000ae90 (0x40890433) sub     s0, s2, s0
core   0: 3 0x8000ae90 (0x40890433) x 8 0x8ff7ede9
core   0: 0x8000ae94 (0x020a8533) mul     a0, s5, zero
core   0: 3 0x8000ae94 (0x020a8533) x10 0x00000000
core   0: 0x8000ae98 (0x038c5eb3) divu    t4, s8, s8
core   0: 3 0x8000ae98 (0x038c5eb3) x29 0x00000001
core   0: 0x8000ae9c (0x00000ac2) c.slli  s5, 16
core   0: 3 0x8000ae9c (0x0ac2) x21 0x9a650000
core   0: 0x8000ae9e (0xd2f44e93) xori    t4, s0, -721
core   0: 3 0x8000ae9e (0xd2f44e93) x29 0x700810c6
core   0: 0x8000aea2 (0x03e74163) blt     a4, t5, pc + 34
core   0: 3 0x8000aea2 (0x03e74163)
core   0: 0x8000aea6 (0x95280713) addi    a4, a6, -1710
core   0: 3 0x8000aea6 (0x95280713) x14 0xfffff952
core   0: 0x8000aeaa (0x00000512) c.slli  a0, 4
core   0: 3 0x8000aeaa (0x0512) x10 0x00000000
core   0: 0x8000aeac (0x023c08b3) mul     a7, s8, gp
core   0: 3 0x8000aeac (0x023c08b3) x17 0x73900000
core   0: 0x8000aeb0 (0x03fe5f63) bge     t3, t6, pc + 62
core   0: 3 0x8000aeb0 (0x03fe5f63)
core   0: 0x8000aeb4 (0x00d9d713) srli    a4, s3, 13
core   0: 3 0x8000aeb4 (0x00d9d713) x14 0x00000000
core   0: 0x8000aeb8 (0x100fa597) auipc   a1, 0x100fa
core   0: 3 0x8000aeb8 (0x100fa597) x11 0x90104eb8
core   0: 0x8000aebc (0x037fe8b3) rem     a7, t6, s7
core   0: 3 0x8000aebc (0x037fe8b3) x17 0x08000000
core   0: 0x8000aec0 (0x0395c933) div     s2, a1, s9
core   0: 3 0x8000aec0 (0x0395c933) x18 0x003d7e2e
core   0: 0x8000aec4 (0x0000615d) c.addi16sp sp, 432
core   0: 3 0x8000aec4 (0x615d) x 2 0x134ca1b0
core   0: 0x8000aec6 (0x8a05b437) lui     s0, 0x8a05b
core   0: 3 0x8000aec6 (0x8a05b437) x 8 0x8a05b000
core   0: 0x8000aeca (0x01ad9613) slli    a2, s11, 26
core   0: 3 0x8000aeca (0x01ad9613) x12 0x90000000
core   0: 0x8000aece (0x00008de1) c.and   a1, s0
core   0: 3 0x8000aece (0x8de1) x11 0x80000000
core   0: 0x8000aed0 (0x00008ee5) c.and   a3, s1
core   0: 3 0x8000aed0 (0x8ee5) x13 0x000ff859
core   0: 0x8000aed2 (0x02cf7a33) remu    s4, t5, a2
core   0: 3 0x8000aed2 (0x02cf7a33) x20 0x6ffffff5
core   0: 0x8000aed6 (0x03c15463) bge     sp, t3, pc + 40
core   0: 3 0x8000aed6 (0x03c15463)
core   0: 0x8000aefe (0x00008c75) c.and   s0, a3
core   0: 3 0x8000aefe (0x8c75) x 8 0x0005b000
core   0: 0x8000af00 (0x03d37233) remu    tp, t1, t4
core   0: 3 0x8000af00 (0x03d37233) x 4 0x04381f3a
core   0: 0x8000af04 (0x000057fd) c.li    a5, -1
core   0: 3 0x8000af04 (0x57fd) x15 0xffffffff
core   0: 0x8000af06 (0x00008e89) c.sub   a3, a0
core   0: 3 0x8000af06 (0x8e89) x13 0x000ff859
core   0: 0x8000af08 (0x00000b8a) c.slli  s7, 2
core   0: 3 0x8000af08 (0x0b8a) x23 0x00000000
core   0: 0x8000af0a (0x026ffd33) remu    s10, t6, t1
core   0: 3 0x8000af0a (0x026ffd33) x26 0x08000000
core   0: 0x8000af0e (0x411cd5b3) sra     a1, s9, a7
core   0: 3 0x8000af0e (0x411cd5b3) x11 0xfffffe2e
core   0: 0x8000af12 (0x03ecf233) remu    tp, s9, t5
core   0: 3 0x8000af12 (0x03ecf233) x 4 0xfffffe2e
core   0: 0x8000af16 (0x00000001) c.nop
core   0: 3 0x8000af16 (0x0001)
core   0: 0x8000af18 (0x002c72b3) and     t0, s8, sp
core   0: 3 0x8000af18 (0x002c72b3) x 5 0x00000010
core   0: 0x8000af1c (0x001c9e63) bne     s9, ra, pc + 28
core   0: 3 0x8000af1c (0x001c9e63)
core   0: 0x8000af38 (0x02135e63) bge     t1, ra, pc + 60
core   0: 3 0x8000af38 (0x02135e63)
core   0: 0x8000af74 (0x0000c591) c.beqz  a1, pc + 12
core   0: 3 0x8000af74 (0xc591)
core   0: 0x8000af76 (0x00659513) slli    a0, a1, 6
core   0: 3 0x8000af76 (0x00659513) x10 0xffff8b80
core   0: 0x8000af7a (0x00b41263) bne     s0, a1, pc + 4
core   0: 3 0x8000af7a (0x00b41263)
core   0: 0x8000af7e (0x00000001) c.nop
core   0: 3 0x8000af7e (0x0001)
core   0: 0x8000af80 (0x03eb8833) mul     a6, s7, t5
core   0: 3 0x8000af80 (0x03eb8833) x16 0x00000000
core   0: 0x8000af84 (0x00000001) c.nop
core   0: 3 0x8000af84 (0x0001)
core   0: 0x8000af86 (0x0207ceb3) div     t4, a5, zero
core   0: 3 0x8000af86 (0x0207ceb3) x29 0xffffffff
core   0: 0x8000af8a (0x032e4cb3) div     s9, t3, s2
core   0: 3 0x8000af8a (0x032e4cb3) x25 0x00000000
core   0: 0x8000af8e (0x00064963) bltz    a2, pc + 18
core   0: 3 0x8000af8e (0x00064963)
core   0: 0x8000afa0 (0x02c937b3) mulhu   a5, s2, a2
core   0: 3 0x8000afa0 (0x02c937b3) x15 0x002296f9
core   0: 0x8000afa4 (0xbd8c0113) addi    sp, s8, -1064
core   0: 3 0x8000afa4 (0xbd8c0113) x 2 0xfffffbe8
core   0: 0x8000afa8 (0xb02e08b7) lui     a7, 0xb02e0
core   0: 3 0x8000afa8 (0xb02e08b7) x17 0xb02e0000
core   0: 0x8000afac (0x000082dd) c.srli  a3, 23
core   0: 3 0x8000afac (0x82dd) x13 0x00000000
core   0: 0x8000afae (0x00008a5a) c.mv    s4, s6
core   0: 3 0x8000afae (0x8a5a) x20 0x80025e64
core   0: 0x8000afb0 (0x0000987d) c.andi  s0, -1
core   0: 3 0x8000afb0 (0x987d) x 8 0x0005b000
core   0: 0x8000afb2 (0x0396f7b3) remu    a5, a3, s9
core   0: 3 0x8000afb2 (0x0396f7b3) x15 0x00000000
core   0: 0x8000afb6 (0x01c25933) srl     s2, tp, t3
core   0: 3 0x8000afb6 (0x01c25933) x18 0xfffffe2e
core   0: 0x8000afba (0x0000717d) c.addi16sp sp, -16
core   0: 3 0x8000afba (0x717d) x 2 0xfffffbd8
core   0: 0x8000afbc (0x00ed6533) or      a0, s10, a4
core   0: 3 0x8000afbc (0x00ed6533) x10 0x08000000
core   0: 0x8000afc0 (0x03600063) beq     zero, s6, pc + 32
core   0: 3 0x8000afc0 (0x03600063)
core   0: 0x8000afc4 (0x01695733) srl     a4, s2, s6
core   0: 3 0x8000afc4 (0x01695733) x14 0x0fffffe2
core   0: 0x8000afc8 (0x0338f663) bgeu    a7, s3, pc + 44
core   0: 3 0x8000afc8 (0x0338f663)
core   0: 0x8000aff4 (0x00008fa9) c.xor   a5, a0
core   0: 3 0x8000aff4 (0x8fa9) x15 0x08000000
core   0: 0x8000aff6 (0x0000100f) fence.i
core   0: 3 0x8000aff6 (0x0000100f)
core   0: 0x8000affa (0x48d9b813) sltiu   a6, s3, 1165
core   0: 3 0x8000affa (0x48d9b813) x16 0x00000001
core   0: 0x8000affe (0x00008c21) c.xor   s0, s0
core   0: 3 0x8000affe (0x8c21) x 8 0x00000000
core   0: 0x8000b000 (0x02e46863) bltu    s0, a4, pc + 48
core   0: 3 0x8000b000 (0x02e46863)
core   0: 0x8000b030 (0x21d24337) lui     t1, 0x21d24
core   0: 3 0x8000b030 (0x21d24337) x 6 0x21d24000
core   0: 0x8000b034 (0x60824a13) xori    s4, tp, 1544
core   0: 3 0x8000b034 (0x60824a13) x20 0xfffff826
core   0: 0x8000b038 (0x012ed793) srli    a5, t4, 18
core   0: 3 0x8000b038 (0x012ed793) x15 0x00003fff
core   0: 0x8000b03c (0x00001388) c.addi4spn a0, sp, 480
core   0: 3 0x8000b03c (0x1388) x10 0xfffffdb8
core   0: 0x8000b03e (0x01d1bbb3) sltu    s7, gp, t4
core   0: 3 0x8000b03e (0x01d1bbb3) x23 0x00000001
core   0: 0x8000b042 (0x00009c2a) c.add   s8, a0
core   0: 3 0x8000b042 (0x9c2a) x24 0xfffffdc8
core   0: 0x8000b044 (0x026d6d33) rem     s10, s10, t1
core   0: 3 0x8000b044 (0x026d6d33) x26 0x08000000
core   0: 0x8000b048 (0x0000100f) fence.i
core   0: 3 0x8000b048 (0x0000100f)
core   0: 0x8000b04c (0x0312a033) mulhsu  zero, t0, a7
core   0: 3 0x8000b04c (0x0312a033)
core   0: 0x8000b050 (0x01c003ef) jal     t2, pc + 0x1c
core   0: 3 0x8000b050 (0x01c003ef) x 7 0x8000b054
core   0: 0x8000b06c (0x0000a00d) c.j     pc + 34
core   0: 3 0x8000b06c (0xa00d)
core   0: 0x8000b08e (0x0000bfc1) c.j     pc - 48
core   0: 3 0x8000b08e (0xbfc1)
core   0: 0x8000b05e (0x00002821) c.jal   pc + 24
core   0: 3 0x8000b05e (0x2821) x 1 0x8000b060
core   0: 0x8000b076 (0x00003fe5) c.jal   pc - 8
core   0: 3 0x8000b076 (0x3fe5) x 1 0x8000b078
core   0: 0x8000b06e (0xfe7ff0ef) jal     pc - 0x1a
core   0: 3 0x8000b06e (0xfe7ff0ef) x 1 0x8000b072
core   0: 0x8000b054 (0x00002031) c.jal   pc + 12
core   0: 3 0x8000b054 (0x2031) x 1 0x8000b056
core   0: 0x8000b060 (0x00003fdd) c.jal   pc - 10
core   0: 3 0x8000b060 (0x3fdd) x 1 0x8000b062
core   0: 0x8000b056 (0x022000ef) jal     pc + 0x22
core   0: 3 0x8000b056 (0x022000ef) x 1 0x8000b05a
core   0: 0x8000b078 (0x000037ed) c.jal   pc - 22
core   0: 3 0x8000b078 (0x37ed) x 1 0x8000b07a
core   0: 0x8000b062 (0x0000a009) c.j     pc + 2
core   0: 3 0x8000b062 (0xa009)
core   0: 0x8000b064 (0x0000a009) c.j     pc + 2
core   0: 3 0x8000b064 (0xa009)
core   0: 0x8000b066 (0x024000ef) jal     pc + 0x24
core   0: 3 0x8000b066 (0x024000ef) x 1 0x8000b06a
core   0: 0x8000b08a (0xfd1ff8ef) jal     a7, pc - 0x30
core   0: 3 0x8000b08a (0xfd1ff8ef) x17 0x8000b08e
core   0: 0x8000b05a (0x0200016f) jal     sp, pc + 0x20
core   0: 3 0x8000b05a (0x0200016f) x 2 0x8000b05e
core   0: 0x8000b07a (0x00002029) c.jal   pc + 10
core   0: 3 0x8000b07a (0x2029) x 1 0x8000b07c
core   0: 0x8000b084 (0x0000bfe5) c.j     pc - 8
core   0: 3 0x8000b084 (0xbfe5)
core   0: 0x8000b07c (0x00c000ef) jal     pc + 0xc
core   0: 3 0x8000b07c (0x00c000ef) x 1 0x8000b080
core   0: 0x8000b088 (0x000037cd) c.jal   pc - 30
core   0: 3 0x8000b088 (0x37cd) x 1 0x8000b08a
core   0: 0x8000b06a (0x0000a021) c.j     pc + 8
core   0: 3 0x8000b06a (0xa021)
core   0: 0x8000b072 (0x00002009) c.jal   pc + 2
core   0: 3 0x8000b072 (0x2009) x 1 0x8000b074
core   0: 0x8000b074 (0x00002031) c.jal   pc + 12
core   0: 3 0x8000b074 (0x2031) x 1 0x8000b076
core   0: 0x8000b080 (0x0060076f) jal     a4, pc + 0x6
core   0: 3 0x8000b080 (0x0060076f) x14 0x8000b084
core   0: 0x8000b086 (0x0000a029) c.j     pc + 10
core   0: 3 0x8000b086 (0xa029)
core   0: 0x8000b090 (0x020b4133) div     sp, s6, zero
core   0: 3 0x8000b090 (0x020b4133) x 2 0xffffffff
core   0: 0x8000b094 (0x00009442) c.add   s0, a6
core   0: 3 0x8000b094 (0x9442) x 8 0x00000001
core   0: 0x8000b096 (0x00008131) c.srli  a0, 12
core   0: 3 0x8000b096 (0x8131) x10 0x000fffff
core   0: 0x8000b098 (0x00008f09) c.sub   a4, a0
core   0: 3 0x8000b098 (0x8f09) x14 0x7ff0b085
core   0: 0x8000b09a (0x0000024a) c.slli  tp, 18
core   0: 3 0x8000b09a (0x024a) x 4 0xf8b80000
core   0: 0x8000b09c (0x00ca5f63) bge     s4, a2, pc + 30
core   0: 3 0x8000b09c (0x00ca5f63)
core   0: 0x8000b0ba (0xa3280213) addi    tp, a6, -1486
core   0: 3 0x8000b0ba (0xa3280213) x 4 0xfffffa33
core   0: 0x8000b0be (0x0000cb15) c.beqz  a4, pc + 52
core   0: 3 0x8000b0be (0xcb15)
core   0: 0x8000b0c0 (0x0000717d) c.addi16sp sp, -16
core   0: 3 0x8000b0c0 (0x717d) x 2 0xffffffef
core   0: 0x8000b0c2 (0x00008efd) c.and   a3, a5
core   0: 3 0x8000b0c2 (0x8efd) x13 0x00000000
core   0: 0x8000b0c4 (0x0271c5b3) div     a1, gp, t2
core   0: 3 0x8000b0c4 (0x0271c5b3) x11 0x00000000
core   0: 0x8000b0c8 (0x54b78213) addi    tp, a5, 1355
core   0: 3 0x8000b0c8 (0x54b78213) x 4 0x0000454a
core   0: 0x8000b0cc (0x00001cfd) c.addi  s9, -1
core   0: 3 0x8000b0cc (0x1cfd) x25 0xffffffff
core   0: 0x8000b0ce (0x00008196) c.mv    gp, t0
core   0: 3 0x8000b0ce (0x8196) x 3 0x00000010
core   0: 0x8000b0d0 (0x036377b3) remu    a5, t1, s6
core   0: 3 0x8000b0d0 (0x036377b3) x15 0x21d24000
core   0: 0x8000b0d4 (0x02d090b3) mulh    ra, ra, a3
core   0: 3 0x8000b0d4 (0x02d090b3) x 1 0x00000000
core   0: 0x8000b0d8 (0x043a0063) beq     s4, gp, pc + 64
core   0: 3 0x8000b0d8 (0x043a0063)
core   0: 0x8000b0dc (0x01491eb3) sll     t4, s2, s4
core   0: 3 0x8000b0dc (0x01491eb3) x29 0xffff8b80
core   0: 0x8000b0e0 (0x00008f95) c.sub   a5, a3
core   0: 3 0x8000b0e0 (0x8f95) x15 0x21d24000
core   0: 0x8000b0e2 (0x0000100f) fence.i
core   0: 3 0x8000b0e2 (0x0000100f)
core   0: 0x8000b0e6 (0x00008eb5) c.xor   a3, a3
core   0: 3 0x8000b0e6 (0x8eb5) x13 0x00000000
core   0: 0x8000b0e8 (0x000086b1) c.srai  a3, 12
core   0: 3 0x8000b0e8 (0x86b1) x13 0x00000000
core   0: 0x8000b0ea (0x01d3d313) srli    t1, t2, 29
core   0: 3 0x8000b0ea (0x01d3d313) x 6 0x00000004
core   0: 0x8000b0ee (0x02037963) bgeu    t1, zero, pc + 50
core   0: 3 0x8000b0ee (0x02037963)
core   0: 0x8000b120 (0xb6f64f93) xori    t6, a2, -1169
core   0: 3 0x8000b120 (0xb6f64f93) x31 0x6ffffb6f
core   0: 0x8000b124 (0xab144f13) xori    t5, s0, -1359
core   0: 3 0x8000b124 (0xab144f13) x30 0xfffffab0
core   0: 0x8000b128 (0x71d51c97) auipc   s9, 0x71d51
core   0: 3 0x8000b128 (0x71d51c97) x25 0xf1d5c128
core   0: 0x8000b12c (0x0133a8b3) slt     a7, t2, s3
core   0: 3 0x8000b12c (0x0133a8b3) x17 0x00000001
core   0: 0x8000b130 (0x0103e133) or      sp, t2, a6
core   0: 3 0x8000b130 (0x0103e133) x 2 0x8000b055
core   0: 0x8000b134 (0xaf8e8413) addi    s0, t4, -1288
core   0: 3 0x8000b134 (0xaf8e8413) x 8 0xffff8678
core   0: 0x8000b138 (0x0160fe33) and     t3, ra, s6
core   0: 3 0x8000b138 (0x0160fe33) x28 0x00000000
core   0: 0x8000b13c (0x4053da93) srai    s5, t2, 5
core   0: 3 0x8000b13c (0x4053da93) x21 0xfc000582
core   0: 0x8000b140 (0x00008c45) c.or    s0, s1
core   0: 3 0x8000b140 (0x8c45) x 8 0xffffffff
core   0: 0x8000b142 (0x01660fb3) add     t6, a2, s6
core   0: 3 0x8000b142 (0x01660fb3) x31 0x10025e64
core   0: 0x8000b146 (0x0110d833) srl     a6, ra, a7
core   0: 3 0x8000b146 (0x0110d833) x16 0x00000000
core   0: 0x8000b14a (0x00fe8933) add     s2, t4, a5
core   0: 3 0x8000b14a (0x00fe8933) x18 0x21d1cb80
core   0: 0x8000b14e (0x000fe133) or      sp, t6, zero
core   0: 3 0x8000b14e (0x000fe133) x 2 0x10025e64
core   0: 0x8000b152 (0x009f47b3) xor     a5, t5, s1
core   0: 3 0x8000b152 (0x009f47b3) x15 0xfff0054f
core   0: 0x8000b156 (0x036ba833) mulhsu  a6, s7, s6
core   0: 3 0x8000b156 (0x036ba833) x16 0x00000000
core   0: 0x8000b15a (0x00008d05) c.sub   a0, s1
core   0: 3 0x8000b15a (0x8d05) x10 0x00000000
core   0: 0x8000b15c (0x02343633) mulhu   a2, s0, gp
core   0: 3 0x8000b15c (0x02343633) x12 0x0000000f
core   0: 0x8000b160 (0x0000027a) c.slli  tp, 30
core   0: 3 0x8000b160 (0x027a) x 4 0x80000000
core   0: 0x8000b162 (0x02f2cf33) div     t5, t0, a5
core   0: 3 0x8000b162 (0x02f2cf33) x30 0x00000000
core   0: 0x8000b166 (0x0000100f) fence.i
core   0: 3 0x8000b166 (0x0000100f)
core   0: 0x8000b16a (0x000082bd) c.srli  a3, 15
core   0: 3 0x8000b16a (0x82bd) x13 0x00000000
core   0: 0x8000b16c (0x006495b3) sll     a1, s1, t1
core   0: 3 0x8000b16c (0x006495b3) x11 0x00fffff0
core   0: 0x8000b170 (0x00008619) c.srai  a2, 6
core   0: 3 0x8000b170 (0x8619) x12 0x00000000
core   0: 0x8000b172 (0x0124d663) bge     s1, s2, pc + 12
core   0: 3 0x8000b172 (0x0124d663)
core   0: 0x8000b176 (0x03ce7263) bgeu    t3, t3, pc + 36
core   0: 3 0x8000b176 (0x03ce7263)
core   0: 0x8000b19a (0x035e4433) div     s0, t3, s5
core   0: 3 0x8000b19a (0x035e4433) x 8 0x00000000
core   0: 0x8000b19e (0x5758c417) auipc   s0, 0x5758c
core   0: 3 0x8000b19e (0x5758c417) x 8 0xd759719e
core   0: 0x8000b1a2 (0x02fa8133) mul     sp, s5, a5
core   0: 3 0x8000b1a2 (0x02fa8133) x 2 0x6bfd3d1e
core   0: 0x8000b1a6 (0x00008c71) c.and   s0, a2
core   0: 3 0x8000b1a6 (0x8c71) x 8 0x00000000
core   0: 0x8000b1a8 (0x0000913a) c.add   sp, a4
core   0: 3 0x8000b1a8 (0x913a) x 2 0xebededa3
core   0: 0x8000b1aa (0x00008132) c.mv    sp, a2
core   0: 3 0x8000b1aa (0x8132) x 2 0x00000000
core   0: 0x8000b1ac (0x00ae3833) sltu    a6, t3, a0
core   0: 3 0x8000b1ac (0x00ae3833) x16 0x00000000
core   0: 0x8000b1b0 (0x03c295b3) mulh    a1, t0, t3
core   0: 3 0x8000b1b0 (0x03c295b3) x11 0x00000000
core   0: 0x8000b1b4 (0x00c37e63) bgeu    t1, a2, pc + 28
core   0: 3 0x8000b1b4 (0x00c37e63)
core   0: 0x8000b1d0 (0xe6120893) addi    a7, tp, -415
core   0: 3 0x8000b1d0 (0xe6120893) x17 0x7ffffe61
core   0: 0x8000b1d4 (0x006e2ab3) slt     s5, t3, t1
core   0: 3 0x8000b1d4 (0x006e2ab3) x21 0x00000001
core   0: 0x8000b1d8 (0x0000cf85) c.beqz  a5, pc + 56
core   0: 3 0x8000b1d8 (0xcf85)
core   0: 0x8000b1da (0x01dfd893) srli    a7, t6, 29
core   0: 3 0x8000b1da (0x01dfd893) x17 0x00000000
core   0: 0x8000b1de (0x0000c991) c.beqz  a1, pc + 20
core   0: 3 0x8000b1de (0xc991)
core   0: 0x8000b1f2 (0x10642713) slti    a4, s0, 262
core   0: 3 0x8000b1f2 (0x10642713) x14 0x00000001
core   0: 0x8000b1f6 (0x28a7c693) xori    a3, a5, 650
core   0: 3 0x8000b1f6 (0x28a7c693) x13 0xfff007c5
core   0: 0x8000b1fa (0x000063e9) c.lui   t2, 0x1a
core   0: 3 0x8000b1fa (0x63e9) x 7 0x0001a000
core   0: 0x8000b1fc (0x01a57763) bgeu    a0, s10, pc + 14
core   0: 3 0x8000b1fc (0x01a57763)
core   0: 0x8000b200 (0x00004a85) c.li    s5, 1
core   0: 3 0x8000b200 (0x4a85) x21 0x00000001
core   0: 0x8000b202 (0xc4ac3f93) sltiu   t6, s8, -950
core   0: 3 0x8000b202 (0xc4ac3f93) x31 0x00000000
core   0: 0x8000b206 (0x00569bb3) sll     s7, a3, t0
core   0: 3 0x8000b206 (0x00569bb3) x23 0x07c50000
core   0: 0x8000b20a (0x007245b3) xor     a1, tp, t2
core   0: 3 0x8000b20a (0x007245b3) x11 0x8001a000
core   0: 0x8000b20e (0x00000ebe) c.slli  t4, 15
core   0: 3 0x8000b20e (0x0ebe) x29 0xc5c00000
core   0: 0x8000b210 (0x0000c895) c.beqz  s1, pc + 52
core   0: 3 0x8000b210 (0xc895)
core   0: 0x8000b212 (0x00008911) c.andi  a0, 4
core   0: 3 0x8000b212 (0x8911) x10 0x00000000
core   0: 0x8000b214 (0x00008ec9) c.or    a3, a0
core   0: 3 0x8000b214 (0x8ec9) x13 0xfff007c5
core   0: 0x8000b216 (0x986decb7) lui     s9, 0x986de
core   0: 3 0x8000b216 (0x986decb7) x25 0x986de000
core   0: 0x8000b21a (0x00008f79) c.and   a4, a4
core   0: 3 0x8000b21a (0x8f79) x14 0x00000001
core   0: 0x8000b21c (0x00001a7d) c.addi  s4, -1
core   0: 3 0x8000b21c (0x1a7d) x20 0xfffff825
core   0: 0x8000b21e (0x0214e633) rem     a2, s1, ra
core   0: 3 0x8000b21e (0x0214e633) x12 0x000fffff
core   0: 0x8000b222 (0xbecd4517) auipc   a0, 0xbecd4
core   0: 3 0x8000b222 (0xbecd4517) x10 0x3ecdf222
core   0: 0x8000b226 (0x00006a0d) c.lui   s4, 0x3
core   0: 3 0x8000b226 (0x6a0d) x20 0x00003000
core   0: 0x8000b228 (0x00000c7e) c.slli  s8, 31
core   0: 3 0x8000b228 (0x0c7e) x24 0x00000000
core   0: 0x8000b22a (0x01c8c833) xor     a6, a7, t3
core   0: 3 0x8000b22a (0x01c8c833) x16 0x00000000
core   0: 0x8000b22e (0x4fdf1837) lui     a6, 0x4fdf1
core   0: 3 0x8000b22e (0x4fdf1837) x16 0x4fdf1000
core   0: 0x8000b232 (0x000056fd) c.li    a3, -1
core   0: 3 0x8000b232 (0x56fd) x13 0xffffffff
core   0: 0x8000b234 (0x4086d433) sra     s0, a3, s0
core   0: 3 0x8000b234 (0x4086d433) x 8 0xffffffff
core   0: 0x8000b238 (0x00000001) c.nop
core   0: 3 0x8000b238 (0x0001)
core   0: 0x8000b23a (0xbb48e213) ori     tp, a7, -1100
core   0: 3 0x8000b23a (0xbb48e213) x 4 0xfffffbb4
core   0: 0x8000b23e (0x643e4413) xori    s0, t3, 1603
core   0: 3 0x8000b23e (0x643e4413) x 8 0x00000643
core   0: 0x8000b242 (0x00000831) c.addi  a6, 12
core   0: 3 0x8000b242 (0x0831) x16 0x4fdf100c
core   0: 0x8000b244 (0x00009142) c.add   sp, a6
core   0: 3 0x8000b244 (0x9142) x 2 0x4fdf100c
core   0: 0x8000b246 (0x00008486) c.mv    s1, ra
core   0: 3 0x8000b246 (0x8486) x 9 0x00000000
core   0: 0x8000b248 (0x0ff0000f) fence   iorw,iorw
core   0: 3 0x8000b248 (0x0ff0000f)
core   0: 0x8000b24c (0xf623cc37) lui     s8, 0xf623c
core   0: 3 0x8000b24c (0xf623cc37) x24 0xf623c000
core   0: 0x8000b250 (0x00008811) c.andi  s0, 4
core   0: 3 0x8000b250 (0x8811) x 8 0x00000000
core   0: 0x8000b252 (0x40305913) srai    s2, zero, 3
core   0: 3 0x8000b252 (0x40305913) x18 0x00000000
core   0: 0x8000b256 (0xed16a113) slti    sp, a3, -303
core   0: 3 0x8000b256 (0xed16a113) x 2 0x00000000
core   0: 0x8000b25a (0x2c30a513) slti    a0, ra, 707
core   0: 3 0x8000b25a (0x2c30a513) x10 0x00000001
core   0: 0x8000b25e (0x0000717d) c.addi16sp sp, -16
core   0: 3 0x8000b25e (0x717d) x 2 0xfffffff0
core   0: 0x8000b260 (0x0000490d) c.li    s2, 3
core   0: 3 0x8000b260 (0x490d) x18 0x00000003
core   0: 0x8000b262 (0x3fcc8313) addi    t1, s9, 1020
core   0: 3 0x8000b262 (0x3fcc8313) x 6 0x986de3fc
core   0: 0x8000b266 (0x00ff6d33) or      s10, t5, a5
core   0: 3 0x8000b266 (0x00ff6d33) x26 0xfff0054f
core   0: 0x8000b26a (0x00f3d533) srl     a0, t2, a5
core   0: 3 0x8000b26a (0x00f3d533) x10 0x00000003
core   0: 0x8000b26e (0x00008fe1) c.and   a5, s0
core   0: 3 0x8000b26e (0x8fe1) x15 0x00000000
core   0: 0x8000b270 (0x01d54a33) xor     s4, a0, t4
core   0: 3 0x8000b270 (0x01d54a33) x20 0xc5c00003
core   0: 0x8000b274 (0x0000816e) c.mv    sp, s11
core   0: 3 0x8000b274 (0x816e) x 2 0x80029ce4
core   0: 0x8000b276 (0x0115d863) bge     a1, a7, pc + 16
core   0: 3 0x8000b276 (0x0115d863)
core   0: 0x8000b27a (0x00008d32) c.mv    s10, a2
core   0: 3 0x8000b27a (0x8d32) x26 0x000fffff
core   0: 0x8000b27c (0x00f10733) add     a4, sp, a5
core   0: 3 0x8000b27c (0x00f10733) x14 0x80029ce4
core   0: 0x8000b280 (0x014aef33) or      t5, s5, s4
core   0: 3 0x8000b280 (0x014aef33) x30 0xc5c00003
core   0: 0x8000b284 (0x00000180) c.addi4spn s0, sp, 192
core   0: 3 0x8000b284 (0x0180) x 8 0x80029da4
core   0: 0x8000b286 (0x00008252) c.mv    tp, s4
core   0: 3 0x8000b286 (0x8252) x 4 0xc5c00003
core   0: 0x8000b288 (0x41ab5633) sra     a2, s6, s10
core   0: 3 0x8000b288 (0x41ab5633) x12 0xffffffff
core   0: 0x8000b28c (0x03c1dc63) bge     gp, t3, pc + 56
core   0: 3 0x8000b28c (0x03c1dc63)
core   0: 0x8000b2c4 (0x00ef22b3) slt     t0, t5, a4
core   0: 3 0x8000b2c4 (0x00ef22b3) x 5 0x00000000
core   0: 0x8000b2c8 (0x68928a13) addi    s4, t0, 1673
core   0: 3 0x8000b2c8 (0x68928a13) x20 0x00000689
core   0: 0x8000b2cc (0x00008b1d) c.andi  a4, 7
core   0: 3 0x8000b2cc (0x8b1d) x14 0x00000004
core   0: 0x8000b2ce (0x022aecb3) rem     s9, s5, sp
core   0: 3 0x8000b2ce (0x022aecb3) x25 0x00000001
core   0: 0x8000b2d2 (0xe0174593) xori    a1, a4, -511
core   0: 3 0x8000b2d2 (0xe0174593) x11 0xfffffe05
core   0: 0x8000b2d6 (0x03507663) bgeu    zero, s5, pc + 44
core   0: 3 0x8000b2d6 (0x03507663)
core   0: 0x8000b2da (0x00008cd9) c.or    s1, a4
core   0: 3 0x8000b2da (0x8cd9) x 9 0x00000004
core   0: 0x8000b2dc (0x41fa5c93) srai    s9, s4, 31
core   0: 3 0x8000b2dc (0x41fa5c93) x25 0x00000000
core   0: 0x8000b2e0 (0x0067d413) srli    s0, a5, 6
core   0: 3 0x8000b2e0 (0x0067d413) x 8 0x00000000
core   0: 0x8000b2e4 (0x02c4cc63) blt     s1, a2, pc + 56
core   0: 3 0x8000b2e4 (0x02c4cc63)
core   0: 0x8000b2e8 (0x0ff0000f) fence   iorw,iorw
core   0: 3 0x8000b2e8 (0x0ff0000f)
core   0: 0x8000b2ec (0x031dfa63) bgeu    s11, a7, pc + 52
core   0: 3 0x8000b2ec (0x031dfa63)
core   0: 0x8000b320 (0x4023d8b3) sra     a7, t2, sp
core   0: 3 0x8000b320 (0x4023d8b3) x17 0x00001a00
core   0: 0x8000b324 (0x03ff8363) beq     t6, t6, pc + 38
core   0: 3 0x8000b324 (0x03ff8363)
core   0: 0x8000b34a (0x40f80733) sub     a4, a6, a5
core   0: 3 0x8000b34a (0x40f80733) x14 0x4fdf100c
core   0: 0x8000b34e (0x0000717d) c.addi16sp sp, -16
core   0: 3 0x8000b34e (0x717d) x 2 0x80029cd4
core   0: 0x8000b350 (0x01a532b3) sltu    t0, a0, s10
core   0: 3 0x8000b350 (0x01a532b3) x 5 0x00000001
core   0: 0x8000b354 (0x00008ea9) c.xor   a3, a0
core   0: 3 0x8000b354 (0x8ea9) x13 0xfffffffc
core   0: 0x8000b356 (0x0000067a) c.slli  a2, 30
core   0: 3 0x8000b356 (0x067a) x12 0xc0000000
core   0: 0x8000b358 (0x000081f9) c.srli  a1, 30
core   0: 3 0x8000b358 (0x81f9) x11 0x00000003
core   0: 0x8000b35a (0xc5ccf613) andi    a2, s9, -932
core   0: 3 0x8000b35a (0xc5ccf613) x12 0x00000000
core   0: 0x8000b35e (0x000044f9) c.li    s1, 30
core   0: 3 0x8000b35e (0x44f9) x 9 0x0000001e
core   0: 0x8000b360 (0x000085f1) c.srai  a1, 28
core   0: 3 0x8000b360 (0x85f1) x11 0x00000000
core   0: 0x8000b362 (0x00008e75) c.and   a2, a3
core   0: 3 0x8000b362 (0x8e75) x12 0x00000000
core   0: 0x8000b364 (0x09cb5d63) bge     s6, t3, pc + 154
core   0: 3 0x8000b364 (0x09cb5d63)
core   0: 0x8000b368 (0x000083dd) c.srli  a5, 23
core   0: 3 0x8000b368 (0x83dd) x15 0x00000000
core   0: 0x8000b36a (0x023cf633) remu    a2, s9, gp
core   0: 3 0x8000b36a (0x023cf633) x12 0x00000000
core   0: 0x8000b36e (0x00000001) c.nop
core   0: 3 0x8000b36e (0x0001)
core   0: 0x8000b370 (0x024918b3) mulh    a7, s2, tp
core   0: 3 0x8000b370 (0x024918b3) x17 0xffffffff
core   0: 0x8000b374 (0x00000001) c.nop
core   0: 3 0x8000b374 (0x0001)
core   0: 0x8000b376 (0x4193dbb3) sra     s7, t2, s9
core   0: 3 0x8000b376 (0x4193dbb3) x23 0x0001a000
core   0: 0x8000b37a (0x0000100f) fence.i
core   0: 3 0x8000b37a (0x0000100f)
core   0: 0x8000b37e (0x006d75b3) and     a1, s10, t1
core   0: 3 0x8000b37e (0x006d75b3) x11 0x000de3fc
core   0: 0x8000b382 (0x00000984) c.addi4spn s1, sp, 208
core   0: 3 0x8000b382 (0x0984) x 9 0x80029da4
core   0: 0x8000b384 (0x024003ef) jal     t2, pc + 0x24
core   0: 3 0x8000b384 (0x024003ef) x 7 0x8000b388
core   0: 0x8000b3a8 (0x000037c5) c.jal   pc - 32
core   0: 3 0x8000b3a8 (0x37c5) x 1 0x8000b3aa
core   0: 0x8000b388 (0x01600a6f) jal     s4, pc + 0x16
core   0: 3 0x8000b388 (0x01600a6f) x20 0x8000b38c
core   0: 0x8000b39e (0x00002039) c.jal   pc + 14
core   0: 3 0x8000b39e (0x2039) x 1 0x8000b3a0
core   0: 0x8000b3ac (0x00003fd5) c.jal   pc - 12
core   0: 3 0x8000b3ac (0x3fd5) x 1 0x8000b3ae
core   0: 0x8000b3a0 (0x00003fe5) c.jal   pc - 8
core   0: 3 0x8000b3a0 (0x3fe5) x 1 0x8000b3a2
core   0: 0x8000b398 (0x00002829) c.jal   pc + 26
core   0: 3 0x8000b398 (0x2829) x 1 0x8000b39a
core   0: 0x8000b3b2 (0x0000b7d5) c.j     pc - 28
core   0: 3 0x8000b3b2 (0xb7d5)
core   0: 0x8000b396 (0x00002839) c.jal   pc + 30
core   0: 3 0x8000b396 (0x2839) x 1 0x8000b398
core   0: 0x8000b3b4 (0xfddff46f) jal     s0, pc - 0x24
core   0: 3 0x8000b3b4 (0xfddff46f) x 8 0x8000b3b8
core   0: 0x8000b390 (0x0000a031) c.j     pc + 12
core   0: 3 0x8000b390 (0xa031)
core   0: 0x8000b39c (0x00002021) c.jal   pc + 8
core   0: 3 0x8000b39c (0x2021) x 1 0x8000b39e
core   0: 0x8000b3a4 (0xfe9ff0ef) jal     pc - 0x18
core   0: 3 0x8000b3a4 (0xfe9ff0ef) x 1 0x8000b3a8
core   0: 0x8000b38c (0x0160016f) jal     sp, pc + 0x16
core   0: 3 0x8000b38c (0x0160016f) x 2 0x8000b390
core   0: 0x8000b3a2 (0x00002039) c.jal   pc + 14
core   0: 3 0x8000b3a2 (0x2039) x 1 0x8000b3a4
core   0: 0x8000b3b0 (0x0000b7ed) c.j     pc - 22
core   0: 3 0x8000b3b0 (0xb7ed)
core   0: 0x8000b39a (0x00003fe5) c.jal   pc - 8
core   0: 3 0x8000b39a (0x3fe5) x 1 0x8000b39c
core   0: 0x8000b392 (0x01c000ef) jal     pc + 0x1c
core   0: 3 0x8000b392 (0x01c000ef) x 1 0x8000b396
core   0: 0x8000b3ae (0x0000bff5) c.j     pc - 4
core   0: 3 0x8000b3ae (0xbff5)
core   0: 0x8000b3aa (0x00002039) c.jal   pc + 14
core   0: 3 0x8000b3aa (0x2039) x 1 0x8000b3ac
core   0: 0x8000b3b8 (0x0220b933) mulhu   s2, ra, sp
core   0: 3 0x8000b3b8 (0x0220b933) x18 0x4000b39e
core   0: 0x8000b3bc (0x00008ed1) c.or    a3, a2
core   0: 3 0x8000b3bc (0x8ed1) x13 0xfffffffc
core   0: 0x8000b3be (0x04a75a63) bge     a4, a0, pc + 84
core   0: 3 0x8000b3be (0x04a75a63)
core   0: 0x8000b412 (0x02c3fa63) bgeu    t2, a2, pc + 52
core   0: 3 0x8000b412 (0x02c3fa63)
core   0: 0x8000b446 (0x00a1fa63) bgeu    gp, a0, pc + 20
core   0: 3 0x8000b446 (0x00a1fa63)
core   0: 0x8000b45a (0x00008272) c.mv    tp, t3
core   0: 3 0x8000b45a (0x8272) x 4 0x00000000
core   0: 0x8000b45c (0x03ef6333) rem     t1, t5, t5
core   0: 3 0x8000b45c (0x03ef6333) x 6 0x00000000
core   0: 0x8000b460 (0x00008fd1) c.or    a5, a2
core   0: 3 0x8000b460 (0x8fd1) x15 0x00000000
core   0: 0x8000b462 (0x00008fb9) c.xor   a5, a4
core   0: 3 0x8000b462 (0x8fb9) x15 0x4fdf100c
core   0: 0x8000b464 (0x0000527d) c.li    tp, -1
core   0: 3 0x8000b464 (0x527d) x 4 0xffffffff
core   0: 0x8000b466 (0x0246abb3) mulhsu  s7, a3, tp
core   0: 3 0x8000b466 (0x0246abb3) x23 0xfffffffc
core   0: 0x8000b46a (0x027d62b3) rem     t0, s10, t2
core   0: 3 0x8000b46a (0x027d62b3) x 5 0x000fffff
core   0: 0x8000b46e (0x000083b1) c.srli  a5, 12
core   0: 3 0x8000b46e (0x83b1) x15 0x0004fdf1
core   0: 0x8000b470 (0x00008332) c.mv    t1, a2
core   0: 3 0x8000b470 (0x8332) x 6 0x00000000
core   0: 0x8000b472 (0x00004f95) c.li    t6, 5
core   0: 3 0x8000b472 (0x4f95) x31 0x00000005
core   0: 0x8000b474 (0x00741cb3) sll     s9, s0, t2
core   0: 3 0x8000b474 (0x00741cb3) x25 0x00b3b800
core   0: 0x8000b478 (0x00000001) c.nop
core   0: 3 0x8000b478 (0x0001)
core   0: 0x8000b47a (0x012c1733) sll     a4, s8, s2
core   0: 3 0x8000b47a (0x012c1733) x14 0x00000000
core   0: 0x8000b47e (0x016a4333) xor     t1, s4, s6
core   0: 3 0x8000b47e (0x016a4333) x 6 0x0002ede8
core   0: 0x8000b482 (0x0000980a) c.add   a6, sp
core   0: 3 0x8000b482 (0x980a) x16 0xcfdfc39c
core   0: 0x8000b484 (0xafcdf913) andi    s2, s11, -1284
core   0: 3 0x8000b484 (0xafcdf913) x18 0x800298e4
core   0: 0x8000b488 (0x412c54b3) sra     s1, s8, s2
core   0: 3 0x8000b488 (0x412c54b3) x 9 0xff623c00
core   0: 0x8000b48c (0x032f48b3) div     a7, t5, s2
core   0: 3 0x8000b48c (0x032f48b3) x17 0x00000000
core   0: 0x8000b490 (0x00009caa) c.add   s9, a0
core   0: 3 0x8000b490 (0x9caa) x25 0x00b3b803
core   0: 0x8000b492 (0x0000eb81) c.bnez  a5, pc + 16
core   0: 3 0x8000b492 (0xeb81)
core   0: 0x8000b4a2 (0x40325893) srai    a7, tp, 3
core   0: 3 0x8000b4a2 (0x40325893) x17 0xffffffff
core   0: 0x8000b4a6 (0x01a0c533) xor     a0, ra, s10
core   0: 3 0x8000b4a6 (0x01a0c533) x10 0x800f4c53
core   0: 0x8000b4aa (0x011a9193) slli    gp, s5, 17
core   0: 3 0x8000b4aa (0x011a9193) x 3 0x00020000
core   0: 0x8000b4ae (0x016c9d33) sll     s10, s9, s6
core   0: 3 0x8000b4ae (0x016c9d33) x26 0x0b3b8030
core   0: 0x8000b4b2 (0x0116de33) srl     t3, a3, a7
core   0: 3 0x8000b4b2 (0x0116de33) x28 0x00000001
core   0: 0x8000b4b6 (0x00000001) c.nop
core   0: 3 0x8000b4b6 (0x0001)
core   0: 0x8000b4b8 (0x01211d63) bne     sp, s2, pc + 26
core   0: 3 0x8000b4b8 (0x01211d63)
core   0: 0x8000b4d2 (0x00999693) slli    a3, s3, 9
core   0: 3 0x8000b4d2 (0x00999693) x13 0x00001000
core   0: 0x8000b4d6 (0x001bfbb3) and     s7, s7, ra
core   0: 3 0x8000b4d6 (0x001bfbb3) x23 0x8000b3ac
core   0: 0x8000b4da (0x0000ef1d) c.bnez  a4, pc + 62
core   0: 3 0x8000b4da (0xef1d)
core   0: 0x8000b4dc (0x0ff0000f) fence   iorw,iorw
core   0: 3 0x8000b4dc (0x0ff0000f)
core   0: 0x8000b4e0 (0x00a73bb3) sltu    s7, a4, a0
core   0: 3 0x8000b4e0 (0x00a73bb3) x23 0x00000001
core   0: 0x8000b4e4 (0x00009a42) c.add   s4, a6
core   0: 3 0x8000b4e4 (0x9a42) x20 0x4fe07728
core   0: 0x8000b4e6 (0x00180c63) beq     a6, ra, pc + 24
core   0: 3 0x8000b4e6 (0x00180c63)
core   0: 0x8000b4ea (0x0225bd33) mulhu   s10, a1, sp
core   0: 3 0x8000b4ea (0x0225bd33) x26 0x0006f207
core   0: 0x8000b4ee (0xad2b2013) slti    zero, s6, -1326
core   0: 3 0x8000b4ee (0xad2b2013)
core   0: 0x8000b4f2 (0xa8450a93) addi    s5, a0, -1404
core   0: 3 0x8000b4f2 (0xa8450a93) x21 0x800f46d7
core   0: 0x8000b4f6 (0x0146dcb3) srl     s9, a3, s4
core   0: 3 0x8000b4f6 (0x0146dcb3) x25 0x00000010
core   0: 0x8000b4fa (0x6907c393) xori    t2, a5, 1680
core   0: 3 0x8000b4fa (0x6907c393) x 7 0x0004fb61
core   0: 0x8000b4fe (0x0000ed09) c.bnez  a0, pc + 26
core   0: 3 0x8000b4fe (0xed09)
core   0: 0x8000b518 (0x0146d1b3) srl     gp, a3, s4
core   0: 3 0x8000b518 (0x0146d1b3) x 3 0x00000010
core   0: 0x8000b51c (0x0000930e) c.add   t1, gp
core   0: 3 0x8000b51c (0x930e) x 6 0x0002edf8
core   0: 0x8000b51e (0x00008c3d) c.xor   s0, a5
core   0: 3 0x8000b51e (0x8c3d) x 8 0x80044e49
core   0: 0x8000b520 (0x01f7b7b3) sltu    a5, a5, t6
core   0: 3 0x8000b520 (0x01f7b7b3) x15 0x00000000
core   0: 0x8000b524 (0x00008ca5) c.xor   s1, s1
core   0: 3 0x8000b524 (0x8ca5) x 9 0x00000000
core   0: 0x8000b526 (0x30d74393) xori    t2, a4, 781
core   0: 3 0x8000b526 (0x30d74393) x 7 0x0000030d
core   0: 0x8000b52a (0x0086dc93) srli    s9, a3, 8
core   0: 3 0x8000b52a (0x0086dc93) x25 0x00000010
core   0: 0x8000b52e (0x414f5833) sra     a6, t5, s4
core   0: 3 0x8000b52e (0x414f5833) x16 0xffc5c000
core   0: 0x8000b532 (0x00008f05) c.sub   a4, s1
core   0: 3 0x8000b532 (0x8f05) x14 0x00000000
core   0: 0x8000b534 (0x01998e63) beq     s3, s9, pc + 28
core   0: 3 0x8000b534 (0x01998e63)
core   0: 0x8000b538 (0x89b8b937) lui     s2, 0x89b8b
core   0: 3 0x8000b538 (0x89b8b937) x18 0x89b8b000
core   0: 0x8000b53c (0x0000717d) c.addi16sp sp, -16
core   0: 3 0x8000b53c (0x717d) x 2 0x8000b380
core   0: 0x8000b53e (0x0000100f) fence.i
core   0: 3 0x8000b53e (0x0000100f)
core   0: 0x8000b542 (0x40be5493) srai    s1, t3, 11
core   0: 3 0x8000b542 (0x40be5493) x 9 0x00000000
core   0: 0x8000b546 (0x417a8fb3) sub     t6, s5, s7
core   0: 3 0x8000b546 (0x417a8fb3) x31 0x800f46d6
core   0: 0x8000b54a (0x40d705b3) sub     a1, a4, a3
core   0: 3 0x8000b54a (0x40d705b3) x11 0xfffff000
core   0: 0x8000b54e (0x00000001) c.nop
core   0: 3 0x8000b54e (0x0001)
core   0: 0x8000b550 (0x02cef533) remu    a0, t4, a2
core   0: 3 0x8000b550 (0x02cef533) x10 0xc5c00000
core   0: 0x8000b554 (0x418e0533) sub     a0, t3, s8
core   0: 3 0x8000b554 (0x418e0533) x10 0x09dc4001
core   0: 0x8000b558 (0x40b98933) sub     s2, s3, a1
core   0: 3 0x8000b558 (0x40b98933) x18 0x00001008
core   0: 0x8000b55c (0x00acff33) and     t5, s9, a0
core   0: 3 0x8000b55c (0x00acff33) x30 0x00000000
core   0: 0x8000b560 (0x0000859d) c.srai  a1, 7
core   0: 3 0x8000b560 (0x859d) x11 0xffffffe0
core   0: 0x8000b562 (0x00006175) c.addi16sp sp, 368
core   0: 3 0x8000b562 (0x6175) x 2 0x8000b4f0
core   0: 0x8000b564 (0x7c6af093) andi    ra, s5, 1990
core   0: 3 0x8000b564 (0x7c6af093) x 1 0x000006c6
core   0: 0x8000b568 (0x001576b3) and     a3, a0, ra
core   0: 3 0x8000b568 (0x001576b3) x13 0x00000000
core   0: 0x8000b56c (0x0000717d) c.addi16sp sp, -16
core   0: 3 0x8000b56c (0x717d) x 2 0x8000b4e0
core   0: 0x8000b56e (0x46248e13) addi    t3, s1, 1122
core   0: 3 0x8000b56e (0x46248e13) x28 0x00000462
core   0: 0x8000b572 (0x00008049) c.srli  s0, 18
core   0: 3 0x8000b572 (0x8049) x 8 0x00002001
core   0: 0x8000b574 (0x41fb5833) sra     a6, s6, t6
core   0: 3 0x8000b574 (0x41fb5833) x16 0xfffffe00
core   0: 0x8000b578 (0x87833493) sltiu   s1, t1, -1928
core   0: 3 0x8000b578 (0x87833493) x 9 0x00000001
core   0: 0x8000b57c (0x00000962) c.slli  s2, 24
core   0: 3 0x8000b57c (0x0962) x18 0x08000000
core   0: 0x8000b57e (0x014ea5b3) slt     a1, t4, s4
core   0: 3 0x8000b57e (0x014ea5b3) x11 0x00000001
core   0: 0x8000b582 (0x4137d5b3) sra     a1, a5, s3
core   0: 3 0x8000b582 (0x4137d5b3) x11 0x00000000
core   0: 0x8000b586 (0x03aa4d33) div     s10, s4, s10
core   0: 3 0x8000b586 (0x03aa4d33) x26 0x00000b80
core   0: 0x8000b58a (0x03d2d0b3) divu    ra, t0, t4
core   0: 3 0x8000b58a (0x03d2d0b3) x 1 0x00000000
core   0: 0x8000b58e (0x0ff0000f) fence   iorw,iorw
core   0: 3 0x8000b58e (0x0ff0000f)
core   0: 0x8000b592 (0x40a384b3) sub     s1, t2, a0
core   0: 3 0x8000b592 (0x40a384b3) x 9 0xf623c30c
core   0: 0x8000b596 (0x00ced263) bge     t4, a2, pc + 4
core   0: 3 0x8000b596 (0x00ced263)
core   0: 0x8000b59a (0x0000987d) c.andi  s0, -1
core   0: 3 0x8000b59a (0x987d) x 8 0x00002001
core   0: 0x8000b59c (0x00b48c33) add     s8, s1, a1
core   0: 3 0x8000b59c (0x00b48c33) x24 0xf623c30c
core   0: 0x8000b5a0 (0x0134e533) or      a0, s1, s3
core   0: 3 0x8000b5a0 (0x0134e533) x10 0xf623c30c
core   0: 0x8000b5a4 (0xdc636093) ori     ra, t1, -570
core   0: 3 0x8000b5a4 (0xdc636093) x 1 0xfffffdfe
core   0: 0x8000b5a8 (0x00000001) c.nop
core   0: 3 0x8000b5a8 (0x0001)
core   0: 0x8000b5aa (0x01d95393) srli    t2, s2, 29
core   0: 3 0x8000b5aa (0x01d95393) x 7 0x00000000
core   0: 0x8000b5ae (0x9b803d17) auipc   s10, 0x9b803
core   0: 3 0x8000b5ae (0x9b803d17) x26 0x1b80e5ae
core   0: 0x8000b5b2 (0x000067f9) c.lui   a5, 0x1e
core   0: 3 0x8000b5b2 (0x67f9) x15 0x0001e000
core   0: 0x8000b5b4 (0x020fd933) divu    s2, t6, zero
core   0: 3 0x8000b5b4 (0x020fd933) x18 0xffffffff
core   0: 0x8000b5b8 (0x011f8533) add     a0, t6, a7
core   0: 3 0x8000b5b8 (0x011f8533) x10 0x800f46d5
core   0: 0x8000b5bc (0x0040ad33) slt     s10, ra, tp
core   0: 3 0x8000b5bc (0x0040ad33) x26 0x00000001
core   0: 0x8000b5c0 (0x4d90f937) lui     s2, 0x4d90f
core   0: 3 0x8000b5c0 (0x4d90f937) x18 0x4d90f000
core   0: 0x8000b5c4 (0x01ba1913) slli    s2, s4, 27
core   0: 3 0x8000b5c4 (0x01ba1913) x18 0x40000000
core   0: 0x8000b5c8 (0x00001f7d) c.addi  t5, -1
core   0: 3 0x8000b5c8 (0x1f7d) x30 0xffffffff
core   0: 0x8000b5ca (0x02e37b63) bgeu    t1, a4, pc + 54
core   0: 3 0x8000b5ca (0x02e37b63)
core   0: 0x8000b600 (0x00008f6d) c.and   a4, a1
core   0: 3 0x8000b600 (0x8f6d) x14 0x00000000
core   0: 0x8000b602 (0x0059f8b3) and     a7, s3, t0
core   0: 3 0x8000b602 (0x0059f8b3) x17 0x00000008
core   0: 0x8000b606 (0x03799733) mulh    a4, s3, s7
core   0: 3 0x8000b606 (0x03799733) x14 0x00000000
core   0: 0x8000b60a (0x000065a1) c.lui   a1, 0x8
core   0: 3 0x8000b60a (0x65a1) x11 0x00008000
core   0: 0x8000b60c (0x00006a3d) c.lui   s4, 0xf
core   0: 3 0x8000b60c (0x6a3d) x20 0x0000f000
core   0: 0x8000b60e (0x0000ea05) c.bnez  a2, pc + 48
core   0: 3 0x8000b60e (0xea05)
core   0: 0x8000b610 (0x00008e09) c.sub   a2, a0
core   0: 3 0x8000b610 (0x8e09) x12 0x7ff0b92b
core   0: 0x8000b612 (0x00cbdf93) srli    t6, s7, 12
core   0: 3 0x8000b612 (0x00cbdf93) x31 0x00000000
core   0: 0x8000b616 (0x0000e405) c.bnez  s0, pc + 40
core   0: 3 0x8000b616 (0xe405)
core   0: 0x8000b63e (0x00375293) srli    t0, a4, 3
core   0: 3 0x8000b63e (0x00375293) x 5 0x00000000
core   0: 0x8000b642 (0x0313f0b3) remu    ra, t2, a7
core   0: 3 0x8000b642 (0x0313f0b3) x 1 0x00000000
core   0: 0x8000b646 (0x00008d99) c.sub   a1, a4
core   0: 3 0x8000b646 (0x8d99) x11 0x00008000
core   0: 0x8000b648 (0x0337beb3) mulhu   t4, a5, s3
core   0: 3 0x8000b648 (0x0337beb3) x29 0x00000000
core   0: 0x8000b64c (0x00000001) c.nop
core   0: 3 0x8000b64c (0x0001)
core   0: 0x8000b64e (0x00000001) c.nop
core   0: 3 0x8000b64e (0x0001)
core   0: 0x8000b650 (0x00000001) c.nop
core   0: 3 0x8000b650 (0x0001)
core   0: 0x8000b652 (0x00d87133) and     sp, a6, a3
core   0: 3 0x8000b652 (0x00d87133) x 2 0x00000000
core   0: 0x8000b656 (0x0ff0000f) fence   iorw,iorw
core   0: 3 0x8000b656 (0x0ff0000f)
core   0: 0x8000b65a (0x003c73b3) and     t2, s8, gp
core   0: 3 0x8000b65a (0x003c73b3) x 7 0x00000000
core   0: 0x8000b65e (0x40e4d5b3) sra     a1, s1, a4
core   0: 3 0x8000b65e (0x40e4d5b3) x11 0xf623c30c
core   0: 0x8000b662 (0x0ff0000f) fence   iorw,iorw
core   0: 3 0x8000b662 (0x0ff0000f)
core   0: 0x8000b666 (0x02a19c33) mulh    s8, gp, a0
core   0: 3 0x8000b666 (0x02a19c33) x24 0xfffffff8
core   0: 0x8000b66a (0x02b5acb3) mulhsu  s9, a1, a1
core   0: 3 0x8000b66a (0x02b5acb3) x25 0xf684fccd
core   0: 0x8000b66e (0x02c56833) rem     a6, a0, a2
core   0: 3 0x8000b66e (0x02c56833) x16 0x00000000
core   0: 0x8000b672 (0x41045eb3) sra     t4, s0, a6
core   0: 3 0x8000b672 (0x41045eb3) x29 0x00002001
core   0: 0x8000b676 (0x00008cb1) c.xor   s1, a2
core   0: 3 0x8000b676 (0x8cb1) x 9 0x89d37a27
core   0: 0x8000b678 (0x026e1633) mulh    a2, t3, t1
core   0: 3 0x8000b678 (0x026e1633) x12 0x00000000
core   0: 0x8000b67c (0x035dc2b3) div     t0, s11, s5
core   0: 3 0x8000b67c (0x035dc2b3) x 5 0x00000001
core   0: 0x8000b680 (0x000082c1) c.srli  a3, 16
core   0: 3 0x8000b680 (0x82c1) x13 0x00000000
core   0: 0x8000b682 (0x02eec133) div     sp, t4, a4
core   0: 3 0x8000b682 (0x02eec133) x 2 0xffffffff
core   0: 0x8000b686 (0x0000100f) fence.i
core   0: 3 0x8000b686 (0x0000100f)
core   0: 0x8000b68a (0x0000100f) fence.i
core   0: 3 0x8000b68a (0x0000100f)
core   0: 0x8000b68e (0x00000bbd) c.addi  s7, 15
core   0: 3 0x8000b68e (0x0bbd) x23 0x00000010
core   0: 0x8000b690 (0xa1b04013) xori    zero, zero, -1509
core   0: 3 0x8000b690 (0xa1b04013)
core   0: 0x8000b694 (0x00000001) c.nop
core   0: 3 0x8000b694 (0x0001)
core   0: 0x8000b696 (0x0ff0000f) fence   iorw,iorw
core   0: 3 0x8000b696 (0x0ff0000f)
core   0: 0x8000b69a (0x746b8913) addi    s2, s7, 1862
core   0: 3 0x8000b69a (0x746b8913) x18 0x00000756
core   0: 0x8000b69e (0x00b67133) and     sp, a2, a1
core   0: 3 0x8000b69e (0x00b67133) x 2 0x00000000
core   0: 0x8000b6a2 (0x22fbf613) andi    a2, s7, 559
core   0: 3 0x8000b6a2 (0x22fbf613) x12 0x00000000
core   0: 0x8000b6a6 (0x0028ba33) sltu    s4, a7, sp
core   0: 3 0x8000b6a6 (0x0028ba33) x20 0x00000000
core   0: 0x8000b6aa (0x0000c31d) c.beqz  a4, pc + 38
core   0: 3 0x8000b6aa (0xc31d)
core   0: 0x8000b6d0 (0x0016f5b3) and     a1, a3, ra
core   0: 3 0x8000b6d0 (0x0016f5b3) x11 0x00000000
core   0: 0x8000b6d4 (0x40825233) sra     tp, tp, s0
core   0: 3 0x8000b6d4 (0x40825233) x 4 0xffffffff
core   0: 0x8000b6d8 (0x03e7e5b3) rem     a1, a5, t5
core   0: 3 0x8000b6d8 (0x03e7e5b3) x11 0x00000000
core   0: 0x8000b6dc (0x019e7bb3) and     s7, t3, s9
core   0: 3 0x8000b6dc (0x019e7bb3) x23 0x00000440
core   0: 0x8000b6e0 (0x0059b933) sltu    s2, s3, t0
core   0: 3 0x8000b6e0 (0x0059b933) x18 0x00000000
core   0: 0x8000b6e4 (0x038775b3) remu    a1, a4, s8
core   0: 3 0x8000b6e4 (0x038775b3) x11 0x00000000
core   0: 0x8000b6e8 (0x026930b3) mulhu   ra, s2, t1
core   0: 3 0x8000b6e8 (0x026930b3) x 1 0x00000000
core   0: 0x8000b6ec (0x411a56b3) sra     a3, s4, a7
core   0: 3 0x8000b6ec (0x411a56b3) x13 0x00000000
core   0: 0x8000b6f0 (0x00d160b3) or      ra, sp, a3
core   0: 3 0x8000b6f0 (0x00d160b3) x 1 0x00000000
core   0: 0x8000b6f4 (0x0000100f) fence.i
core   0: 3 0x8000b6f4 (0x0000100f)
core   0: 0x8000b6f8 (0x007735b3) sltu    a1, a4, t2
core   0: 3 0x8000b6f8 (0x007735b3) x11 0x00000000
core   0: 0x8000b6fc (0x2ff5cb93) xori    s7, a1, 767
core   0: 3 0x8000b6fc (0x2ff5cb93) x23 0x000002ff
core   0: 0x8000b700 (0xe0a50793) addi    a5, a0, -502
core   0: 3 0x8000b700 (0xe0a50793) x15 0x800f44df
core   0: 0x8000b704 (0x00008321) c.srli  a4, 8
core   0: 3 0x8000b704 (0x8321) x14 0x00000000
core   0: 0x8000b706 (0x003a4633) xor     a2, s4, gp
core   0: 3 0x8000b706 (0x003a4633) x12 0x00000010
core   0: 0x8000b70a (0x000015fd) c.addi  a1, -1
core   0: 3 0x8000b70a (0x15fd) x11 0xffffffff
core   0: 0x8000b70c (0x006ad293) srli    t0, s5, 6
core   0: 3 0x8000b70c (0x006ad293) x 5 0x02003d1b
core   0: 0x8000b710 (0x0000618d) c.lui   gp, 0x3
core   0: 3 0x8000b710 (0x618d) x 3 0x00003000
core   0: 0x8000b712 (0x00c8f5b3) and     a1, a7, a2
core   0: 3 0x8000b712 (0x00c8f5b3) x11 0x00000000
core   0: 0x8000b716 (0x015921b3) slt     gp, s2, s5
core   0: 3 0x8000b716 (0x015921b3) x 3 0x00000000
core   0: 0x8000b71a (0x029e6833) rem     a6, t3, s1
core   0: 3 0x8000b71a (0x029e6833) x16 0x00000462
core   0: 0x8000b71e (0x02fbd933) divu    s2, s7, a5
core   0: 3 0x8000b71e (0x02fbd933) x18 0x00000000
core   0: 0x8000b722 (0x00000001) c.nop
core   0: 3 0x8000b722 (0x0001)
core   0: 0x8000b724 (0x826f3513) sltiu   a0, t5, -2010
core   0: 3 0x8000b724 (0x826f3513) x10 0x00000000
core   0: 0x8000b728 (0x0000187d) c.addi  a6, -1
core   0: 3 0x8000b728 (0x187d) x16 0x00000461
core   0: 0x8000b72a (0x4016c413) xori    s0, a3, 1025
core   0: 3 0x8000b72a (0x4016c413) x 8 0x00000401
core   0: 0x8000b72e (0x00e25293) srli    t0, tp, 14
core   0: 3 0x8000b72e (0x00e25293) x 5 0x0003ffff
core   0: 0x8000b732 (0x0390c663) blt     ra, s9, pc + 44
core   0: 3 0x8000b732 (0x0390c663)
core   0: 0x8000b736 (0x40568333) sub     t1, a3, t0
core   0: 3 0x8000b736 (0x40568333) x 6 0xfffc0001
core   0: 0x8000b73a (0xc8ee6f13) ori     t5, t3, -882
core   0: 3 0x8000b73a (0xc8ee6f13) x30 0xfffffcee
core   0: 0x8000b73e (0x413c5513) srai    a0, s8, 19
core   0: 3 0x8000b73e (0x413c5513) x10 0xffffffff
core   0: 0x8000b742 (0x0000577d) c.li    a4, -1
core   0: 3 0x8000b742 (0x577d) x14 0xffffffff
core   0: 0x8000b744 (0x03d96eb3) rem     t4, s2, t4
core   0: 3 0x8000b744 (0x03d96eb3) x29 0x00000000
core   0: 0x8000b748 (0x00008f05) c.sub   a4, s1
core   0: 3 0x8000b748 (0x8f05) x14 0x762c85d8
core   0: 0x8000b74a (0x00008f6d) c.and   a4, a1
core   0: 3 0x8000b74a (0x8f6d) x14 0x00000000
core   0: 0x8000b74c (0x01f30d63) beq     t1, t6, pc + 26
core   0: 3 0x8000b74c (0x01f30d63)
core   0: 0x8000b750 (0x40465433) sra     s0, a2, tp
core   0: 3 0x8000b750 (0x40465433) x 8 0x00000000
core   0: 0x8000b754 (0x00bc0933) add     s2, s8, a1
core   0: 3 0x8000b754 (0x00bc0933) x18 0xfffffff8
core   0: 0x8000b758 (0x00f6c933) xor     s2, a3, a5
core   0: 3 0x8000b758 (0x00f6c933) x18 0x800f44df
core   0: 0x8000b75c (0x0000084a) c.slli  a6, 18
core   0: 3 0x8000b75c (0x084a) x16 0x11840000
core   0: 0x8000b75e (0x00758333) add     t1, a1, t2
core   0: 3 0x8000b75e (0x00758333) x 6 0x00000000
core   0: 0x8000b762 (0x038e66b3) rem     a3, t3, s8
core   0: 3 0x8000b762 (0x038e66b3) x13 0x00000002
core   0: 0x8000b766 (0x00008f19) c.sub   a4, a4
core   0: 3 0x8000b766 (0x8f19) x14 0x00000000
core   0: 0x8000b768 (0x0000ce1d) c.beqz  a2, pc + 62
core   0: 3 0x8000b768 (0xce1d)
core   0: 0x8000b76a (0x45cbf093) andi    ra, s7, 1116
core   0: 3 0x8000b76a (0x45cbf093) x 1 0x0000005c
core   0: 0x8000b76e (0x41f35c93) srai    s9, t1, 31
core   0: 3 0x8000b76e (0x41f35c93) x25 0x00000000
core   0: 0x8000b772 (0x000051fd) c.li    gp, -1
core   0: 3 0x8000b772 (0x51fd) x 3 0xffffffff
core   0: 0x8000b774 (0x01e1cf63) blt     gp, t5, pc + 30
core   0: 3 0x8000b774 (0x01e1cf63)
core   0: 0x8000b778 (0x00006c51) c.lui   s8, 0x14
core   0: 3 0x8000b778 (0x6c51) x24 0x00014000
core   0: 0x8000b77a (0x63e63093) sltiu   ra, a2, 1598
core   0: 3 0x8000b77a (0x63e63093) x 1 0x00000001
core   0: 0x8000b77e (0x0383d0b3) divu    ra, t2, s8
core   0: 3 0x8000b77e (0x0383d0b3) x 1 0x00000000
core   0: 0x8000b782 (0x0000847d) c.srai  s0, 31
core   0: 3 0x8000b782 (0x847d) x 8 0x00000000
core   0: 0x8000b784 (0x41ebde93) srai    t4, s7, 30
core   0: 3 0x8000b784 (0x41ebde93) x29 0x00000000
core   0: 0x8000b788 (0x0000e599) c.bnez  a1, pc + 14
core   0: 3 0x8000b788 (0xe599)
core   0: 0x8000b78a (0x001ad5b3) srl     a1, s5, ra
core   0: 3 0x8000b78a (0x001ad5b3) x11 0x800f46d7
core   0: 0x8000b78e (0x028dcbb3) div     s7, s11, s0
core   0: 3 0x8000b78e (0x028dcbb3) x23 0xffffffff
core   0: 0x8000b792 (0x0277d3b3) divu    t2, a5, t2
core   0: 3 0x8000b792 (0x0277d3b3) x 7 0xffffffff
core   0: 0x8000b796 (0x26b36d13) ori     s10, t1, 619
core   0: 3 0x8000b796 (0x26b36d13) x26 0x0000026b
core   0: 0x8000b79a (0x00008509) c.srai  a0, 2
core   0: 3 0x8000b79a (0x8509) x10 0xffffffff
core   0: 0x8000b79c (0x9b802093) slti    ra, zero, -1608
core   0: 3 0x8000b79c (0x9b802093) x 1 0x00000000
core   0: 0x8000b7a0 (0x0288eab3) rem     s5, a7, s0
core   0: 3 0x8000b7a0 (0x0288eab3) x21 0x00000008
core   0: 0x8000b7a4 (0x00000a88) c.addi4spn a0, sp, 336
core   0: 3 0x8000b7a4 (0x0a88) x10 0x00000150
core   0: 0x8000b7a6 (0x018527b3) slt     a5, a0, s8
core   0: 3 0x8000b7a6 (0x018527b3) x15 0x00000001
core   0: 0x8000b7aa (0x00008222) c.mv    tp, s0
core   0: 3 0x8000b7aa (0x8222) x 4 0x00000000
core   0: 0x8000b7ac (0x037c2833) mulhsu  a6, s8, s7
core   0: 3 0x8000b7ac (0x037c2833) x16 0x00013fff
core   0: 0x8000b7b0 (0x00008c2d) c.xor   s0, a1
core   0: 3 0x8000b7b0 (0x8c2d) x 8 0x800f46d7
core   0: 0x8000b7b2 (0x03d07333) remu    t1, zero, t4
core   0: 3 0x8000b7b2 (0x03d07333) x 6 0x00000000
core   0: 0x8000b7b6 (0x01857763) bgeu    a0, s8, pc + 14
core   0: 3 0x8000b7b6 (0x01857763)
core   0: 0x8000b7ba (0x013b1d13) slli    s10, s6, 19
core   0: 3 0x8000b7ba (0x013b1d13) x26 0xf3200000
core   0: 0x8000b7be (0x00008b1d) c.andi  a4, 7
core   0: 3 0x8000b7be (0x8b1d) x14 0x00000000
core   0: 0x8000b7c0 (0x0ff0000f) fence   iorw,iorw
core   0: 3 0x8000b7c0 (0x0ff0000f)
core   0: 0x8000b7c4 (0x68cddfb7) lui     t6, 0x68cdd
core   0: 3 0x8000b7c4 (0x68cddfb7) x31 0x68cdd000
core   0: 0x8000b7c8 (0x0000e015) c.bnez  s0, pc + 36
core   0: 3 0x8000b7c8 (0xe015)
core   0: 0x8000b7ec (0xaa682313) slti    t1, a6, -1370
core   0: 3 0x8000b7ec (0xaa682313) x 6 0x00000000
core   0: 0x8000b7f0 (0x0000717d) c.addi16sp sp, -16
core   0: 3 0x8000b7f0 (0x717d) x 2 0xfffffff0
core   0: 0x8000b7f2 (0x01947933) and     s2, s0, s9
core   0: 3 0x8000b7f2 (0x01947933) x18 0x00000000
core   0: 0x8000b7f6 (0xb87d2d13) slti    s10, s10, -1145
core   0: 3 0x8000b7f6 (0xb87d2d13) x26 0x00000001
core   0: 0x8000b7fa (0x0198dc33) srl     s8, a7, s9
core   0: 3 0x8000b7fa (0x0198dc33) x24 0x00000008
core   0: 0x8000b7fe (0x01fb5533) srl     a0, s6, t6
core   0: 3 0x8000b7fe (0x01fb5533) x10 0x80025e64
core   0: 0x8000b802 (0x00008dc5) c.or    a1, s1
core   0: 3 0x8000b802 (0x8dc5) x11 0x89df7ef7
core   0: 0x8000b804 (0x0240cb63) blt     ra, tp, pc + 54
core   0: 3 0x8000b804 (0x0240cb63)
core   0: 0x8000b808 (0x00006d15) c.lui   s10, 0x5
core   0: 3 0x8000b808 (0x6d15) x26 0x00005000
core   0: 0x8000b80a (0x01c135b3) sltu    a1, sp, t3
core   0: 3 0x8000b80a (0x01c135b3) x11 0x00000000
core   0: 0x8000b80e (0x0000856e) c.mv    a0, s11
core   0: 3 0x8000b80e (0x856e) x10 0x80029ce4
core   0: 0x8000b810 (0x408d08b3) sub     a7, s10, s0
core   0: 3 0x8000b810 (0x408d08b3) x17 0x7ff10929
core   0: 0x8000b814 (0x02b05d63) bge     zero, a1, pc + 58
core   0: 3 0x8000b814 (0x02b05d63)
core   0: 0x8000b84e (0x00008d79) c.and   a0, a4
core   0: 3 0x8000b84e (0x8d79) x10 0x00000000
core   0: 0x8000b850 (0x020b83b3) mul     t2, s7, zero
core   0: 3 0x8000b850 (0x020b83b3) x 7 0x00000000
core   0: 0x8000b854 (0x00000001) c.nop
core   0: 3 0x8000b854 (0x0001)
core   0: 0x8000b856 (0x0ff0000f) fence   iorw,iorw
core   0: 3 0x8000b856 (0x0ff0000f)
core   0: 0x8000b85a (0x000084a1) c.srai  s1, 8
core   0: 3 0x8000b85a (0x84a1) x 9 0xff89d37a
core   0: 0x8000b85c (0x00008f21) c.xor   a4, s0
core   0: 3 0x8000b85c (0x8f21) x14 0x800f46d7
core   0: 0x8000b85e (0x00000c0c) c.addi4spn a1, sp, 528
core   0: 3 0x8000b85e (0x0c0c) x11 0x00000200
core   0: 0x8000b860 (0x02df2cb3) mulhsu  s9, t5, a3
core   0: 3 0x8000b860 (0x02df2cb3) x25 0xffffffff
core   0: 0x8000b864 (0x00098e33) add     t3, s3, zero
core   0: 3 0x8000b864 (0x00098e33) x28 0x00000008
core   0: 0x8000b868 (0x414f0833) sub     a6, t5, s4
core   0: 3 0x8000b868 (0x414f0833) x16 0xfffffcee
core   0: 0x8000b86c (0x01c95093) srli    ra, s2, 28
core   0: 3 0x8000b86c (0x01c95093) x 1 0x00000000
core   0: 0x8000b870 (0x0ff0000f) fence   iorw,iorw
core   0: 3 0x8000b870 (0x0ff0000f)
core   0: 0x8000b874 (0x0334da33) divu    s4, s1, s3
core   0: 3 0x8000b874 (0x0334da33) x20 0x1ff13a6f
core   0: 0x8000b878 (0x41ffd093) srai    ra, t6, 31
core   0: 3 0x8000b878 (0x41ffd093) x 1 0x00000000
core   0: 0x8000b87c (0x0230bfb3) mulhu   t6, ra, gp
core   0: 3 0x8000b87c (0x0230bfb3) x31 0x00000000
core   0: 0x8000b880 (0x411ed333) sra     t1, t4, a7
core   0: 3 0x8000b880 (0x411ed333) x 6 0x00000000
core   0: 0x8000b884 (0x0000c689) c.beqz  a3, pc + 10
core   0: 3 0x8000b884 (0xc689)
core   0: 0x8000b886 (0x00b8f0b3) and     ra, a7, a1
core   0: 3 0x8000b886 (0x00b8f0b3) x 1 0x00000000
core   0: 0x8000b88a (0x4c714513) xori    a0, sp, 1223
core   0: 3 0x8000b88a (0x4c714513) x10 0xfffffb37
core   0: 0x8000b88e (0x0108bd33) sltu    s10, a7, a6
core   0: 3 0x8000b88e (0x0108bd33) x26 0x00000001
core   0: 0x8000b892 (0x1d6d6913) ori     s2, s10, 470
core   0: 3 0x8000b892 (0x1d6d6913) x18 0x000001d7
core   0: 0x8000b896 (0xfc558a13) addi    s4, a1, -59
core   0: 3 0x8000b896 (0xfc558a13) x20 0x000001c5
core   0: 0x8000b89a (0x012335b3) sltu    a1, t1, s2
core   0: 3 0x8000b89a (0x012335b3) x11 0x00000001
core   0: 0x8000b89e (0x00000001) c.nop
core   0: 3 0x8000b89e (0x0001)
core   0: 0x8000b8a0 (0x00008db1) c.xor   a1, a2
core   0: 3 0x8000b8a0 (0x8db1) x11 0x00000011
core   0: 0x8000b8a2 (0x09ca5417) auipc   s0, 0x9ca5
core   0: 3 0x8000b8a2 (0x09ca5417) x 8 0x89cb08a2
core   0: 0x8000b8a6 (0x0000cd15) c.beqz  a0, pc + 60
core   0: 3 0x8000b8a6 (0xcd15)
core   0: 0x8000b8a8 (0x95026193) ori     gp, tp, -1712
core   0: 3 0x8000b8a8 (0x95026193) x 3 0xfffff950
core   0: 0x8000b8ac (0x02639363) bne     t2, t1, pc + 38
core   0: 3 0x8000b8ac (0x02639363)
core   0: 0x8000b8b0 (0x0000ef95) c.bnez  a5, pc + 60
core   0: 3 0x8000b8b0 (0xef95)
core   0: 0x8000b8ec (0x024b48b3) div     a7, s6, tp
core   0: 3 0x8000b8ec (0x024b48b3) x17 0xffffffff
core   0: 0x8000b8f0 (0x02b98ab3) mul     s5, s3, a1
core   0: 3 0x8000b8f0 (0x02b98ab3) x21 0x00000088
core   0: 0x8000b8f4 (0x0000100f) fence.i
core   0: 3 0x8000b8f4 (0x0000100f)
core   0: 0x8000b8f8 (0x03f2b2b3) mulhu   t0, t0, t6
core   0: 3 0x8000b8f8 (0x03f2b2b3) x 5 0x00000000
core   0: 0x8000b8fc (0x0047c433) xor     s0, a5, tp
core   0: 3 0x8000b8fc (0x0047c433) x 8 0x00000001
core   0: 0x8000b900 (0x0000811d) c.srli  a0, 7
core   0: 3 0x8000b900 (0x811d) x10 0x01fffff6
core   0: 0x8000b902 (0xaf34af93) slti    t6, s1, -1293
core   0: 3 0x8000b902 (0xaf34af93) x31 0x00000001
core   0: 0x8000b906 (0x01961213) slli    tp, a2, 25
core   0: 3 0x8000b906 (0x01961213) x 4 0x20000000
core   0: 0x8000b90a (0x0105e963) bltu    a1, a6, pc + 18
core   0: 3 0x8000b90a (0x0105e963)
core   0: 0x8000b91c (0x41e4dfb3) sra     t6, s1, t5
core   0: 3 0x8000b91c (0x41e4dfb3) x31 0xfffffe27
core   0: 0x8000b920 (0x025cb233) mulhu   tp, s9, t0
core   0: 3 0x8000b920 (0x025cb233) x 4 0x00000000
core   0: 0x8000b924 (0x029647b3) div     a5, a2, s1
core   0: 3 0x8000b924 (0x029647b3) x15 0x00000000
core   0: 0x8000b928 (0x03999263) bne     s3, s9, pc + 36
core   0: 3 0x8000b928 (0x03999263)
core   0: 0x8000b94c (0x00000fd6) c.slli  t6, 21
core   0: 3 0x8000b94c (0x0fd6) x31 0xc4e00000
core   0: 0x8000b94e (0x4195d893) srai    a7, a1, 25
core   0: 3 0x8000b94e (0x4195d893) x17 0x00000000
core   0: 0x8000b952 (0x014d62b3) or      t0, s10, s4
core   0: 3 0x8000b952 (0x014d62b3) x 5 0x000001c5
core   0: 0x8000b956 (0xbc5c81b7) lui     gp, 0xbc5c8
core   0: 3 0x8000b956 (0xbc5c81b7) x 3 0xbc5c8000
core   0: 0x8000b95a (0x000085d5) c.srai  a1, 21
core   0: 3 0x8000b95a (0x85d5) x11 0x00000000
core   0: 0x8000b95c (0xf2a3d697) auipc   a3, 0xf2a3d
core   0: 3 0x8000b95c (0xf2a3d697) x13 0x72a4895c
core   0: 0x8000b960 (0x00004639) c.li    a2, 14
core   0: 3 0x8000b960 (0x4639) x12 0x0000000e
core   0: 0x8000b962 (0x00008d45) c.or    a0, s1
core   0: 3 0x8000b962 (0x8d45) x10 0xfffffffe
core   0: 0x8000b964 (0x00000001) c.nop
core   0: 3 0x8000b964 (0x0001)
core   0: 0x8000b966 (0x0000117d) c.addi  sp, -1
core   0: 3 0x8000b966 (0x117d) x 2 0xffffffef
core   0: 0x8000b968 (0x026aacb3) mulhsu  s9, s5, t1
core   0: 3 0x8000b968 (0x026aacb3) x25 0x00000000
core   0: 0x8000b96c (0x00006175) c.addi16sp sp, 368
core   0: 3 0x8000b96c (0x6175) x 2 0x0000015f
core   0: 0x8000b96e (0x02520c33) mul     s8, tp, t0
core   0: 3 0x8000b96e (0x02520c33) x24 0x00000000
core   0: 0x8000b972 (0x00445663) bge     s0, tp, pc + 12
core   0: 3 0x8000b972 (0x00445663)
core   0: 0x8000b97e (0x0ff0000f) fence   iorw,iorw
core   0: 3 0x8000b97e (0x0ff0000f)
core   0: 0x8000b982 (0x00000588) c.addi4spn a0, sp, 704
core   0: 3 0x8000b982 (0x0588) x10 0x0000041f
core   0: 0x8000b984 (0xeab96a13) ori     s4, s2, -341
core   0: 3 0x8000b984 (0xeab96a13) x20 0xffffffff
core   0: 0x8000b988 (0x01737bb3) and     s7, t1, s7
core   0: 3 0x8000b988 (0x01737bb3) x23 0x00000000
core   0: 0x8000b98c (0x03688cb3) mul     s9, a7, s6
core   0: 3 0x8000b98c (0x03688cb3) x25 0x00000000
core   0: 0x8000b990 (0x00b1d663) bge     gp, a1, pc + 12
core   0: 3 0x8000b990 (0x00b1d663)
core   0: 0x8000b994 (0x4039d133) sra     sp, s3, gp
core   0: 3 0x8000b994 (0x4039d133) x 2 0x00000008
core   0: 0x8000b998 (0x0000e98d) c.bnez  a1, pc + 50
core   0: 3 0x8000b998 (0xe98d)
core   0: 0x8000b99a (0x0000717d) c.addi16sp sp, -16
core   0: 3 0x8000b99a (0x717d) x 2 0xfffffff8
core   0: 0x8000b99c (0x00008441) c.srai  s0, 16
core   0: 3 0x8000b99c (0x8441) x 8 0x00000000
core   0: 0x8000b99e (0x00000f76) c.slli  t5, 29
core   0: 3 0x8000b99e (0x0f76) x30 0xc0000000
core   0: 0x8000b9a0 (0x012e9bb3) sll     s7, t4, s2
core   0: 3 0x8000b9a0 (0x012e9bb3) x23 0x00000000
core   0: 0x8000b9a4 (0x40ed5a13) srai    s4, s10, 14
core   0: 3 0x8000b9a4 (0x40ed5a13) x20 0x00000000
core   0: 0x8000b9a8 (0x53e7fe13) andi    t3, a5, 1342
core   0: 3 0x8000b9a8 (0x53e7fe13) x28 0x00000000
core   0: 0x8000b9ac (0x03565933) divu    s2, a2, s5
core   0: 3 0x8000b9ac (0x03565933) x18 0x00000000
core   0: 0x8000b9b0 (0x0000979e) c.add   a5, t2
core   0: 3 0x8000b9b0 (0x979e) x15 0x00000000
core   0: 0x8000b9b2 (0x02718e33) mul     t3, gp, t2
core   0: 3 0x8000b9b2 (0x02718e33) x28 0x00000000
core   0: 0x8000b9b6 (0x00004e41) c.li    t3, 16
core   0: 3 0x8000b9b6 (0x4e41) x28 0x00000010
core   0: 0x8000b9b8 (0x001345b3) xor     a1, t1, ra
core   0: 3 0x8000b9b8 (0x001345b3) x11 0x00000000
core   0: 0x8000b9bc (0x0000c099) c.beqz  s1, pc + 6
core   0: 3 0x8000b9bc (0xc099)
core   0: 0x8000b9be (0x00001bfd) c.addi  s7, -1
core   0: 3 0x8000b9be (0x1bfd) x23 0xffffffff
core   0: 0x8000b9c0 (0x0000867d) c.srai  a2, 31
core   0: 3 0x8000b9c0 (0x867d) x12 0x00000000
core   0: 0x8000b9c2 (0x00d4beb3) sltu    t4, s1, a3
core   0: 3 0x8000b9c2 (0x00d4beb3) x29 0x00000000
core   0: 0x8000b9c6 (0x0000100f) fence.i
core   0: 3 0x8000b9c6 (0x0000100f)
core   0: 0x8000b9ca (0x01c3c333) xor     t1, t2, t3
core   0: 3 0x8000b9ca (0x01c3c333) x 6 0x00000010
core   0: 0x8000b9ce (0x40285533) sra     a0, a6, sp
core   0: 3 0x8000b9ce (0x40285533) x10 0xffffffff
core   0: 0x8000b9d2 (0x01fdf263) bgeu    s11, t6, pc + 4
core   0: 3 0x8000b9d2 (0x01fdf263)
core   0: 0x8000b9d6 (0x00008179) c.srli  a0, 30
core   0: 3 0x8000b9d6 (0x8179) x10 0x00000003
core   0: 0x8000b9d8 (0x0078ecb3) or      s9, a7, t2
core   0: 3 0x8000b9d8 (0x0078ecb3) x25 0x00000000
core   0: 0x8000b9dc (0x0000100f) fence.i
core   0: 3 0x8000b9dc (0x0000100f)
core   0: 0x8000b9e0 (0x0183f433) and     s0, t2, s8
core   0: 3 0x8000b9e0 (0x0183f433) x 8 0x00000000
core   0: 0x8000b9e4 (0x401c5eb3) sra     t4, s8, ra
core   0: 3 0x8000b9e4 (0x401c5eb3) x29 0x00000000
core   0: 0x8000b9e8 (0x0000ed91) c.bnez  a1, pc + 28
core   0: 3 0x8000b9e8 (0xed91)
core   0: 0x8000b9ea (0x033b6f63) bltu    s6, s3, pc + 62
core   0: 3 0x8000b9ea (0x033b6f63)
core   0: 0x8000b9ee (0x02be8f33) mul     t5, t4, a1
core   0: 3 0x8000b9ee (0x02be8f33) x30 0x00000000
core   0: 0x8000b9f2 (0x00008c49) c.or    s0, a0
core   0: 3 0x8000b9f2 (0x8c49) x 8 0x00000003
core   0: 0x8000b9f4 (0x00e85e63) bge     a6, a4, pc + 28
core   0: 3 0x8000b9f4 (0x00e85e63)
core   0: 0x8000ba10 (0x00000715) c.addi  a4, 5
core   0: 3 0x8000ba10 (0x0715) x14 0x800f46dc
core   0: 0x8000ba12 (0x782b2813) slti    a6, s6, 1922
core   0: 3 0x8000ba12 (0x782b2813) x16 0x00000001
core   0: 0x8000ba16 (0x03358c33) mul     s8, a1, s3
core   0: 3 0x8000ba16 (0x03358c33) x24 0x00000000
core   0: 0x8000ba1a (0x03d3b733) mulhu   a4, t2, t4
core   0: 3 0x8000ba1a (0x03d3b733) x14 0x00000000
core   0: 0x8000ba1e (0x0283dd63) bge     t2, s0, pc + 58
core   0: 3 0x8000ba1e (0x0283dd63)
core   0: 0x8000ba22 (0x0195d7b3) srl     a5, a1, s9
core   0: 3 0x8000ba22 (0x0195d7b3) x15 0x00000000
core   0: 0x8000ba26 (0x0000632d) c.lui   t1, 0xb
core   0: 3 0x8000ba26 (0x632d) x 6 0x0000b000
core   0: 0x8000ba28 (0x37d80e37) lui     t3, 0x37d80
core   0: 3 0x8000ba28 (0x37d80e37) x28 0x37d80000
core   0: 0x8000ba2c (0x0113bfb3) sltu    t6, t2, a7
core   0: 3 0x8000ba2c (0x0113bfb3) x31 0x00000000
core   0: 0x8000ba30 (0x02b21233) mulh    tp, tp, a1
core   0: 3 0x8000ba30 (0x02b21233) x 4 0x00000000
core   0: 0x8000ba34 (0x036e6a63) bltu    t3, s6, pc + 52
core   0: 3 0x8000ba34 (0x036e6a63)
core   0: 0x8000ba68 (0x009a48b3) xor     a7, s4, s1
core   0: 3 0x8000ba68 (0x009a48b3) x17 0xff89d37a
core   0: 0x8000ba6c (0x00008e41) c.or    a2, s0
core   0: 3 0x8000ba6c (0x8e41) x12 0x00000003
core   0: 0x8000ba6e (0x00000001) c.nop
core   0: 3 0x8000ba6e (0x0001)
core   0: 0x8000ba70 (0x006e1033) sll     zero, t3, t1
core   0: 3 0x8000ba70 (0x006e1033)
core   0: 0x8000ba74 (0x00008645) c.srai  a2, 17
core   0: 3 0x8000ba74 (0x8645) x12 0x00000000
core   0: 0x8000ba76 (0x00008de1) c.and   a1, s0
core   0: 3 0x8000ba76 (0x8de1) x11 0x00000000
core   0: 0x8000ba78 (0x4b96a893) slti    a7, a3, 1209
core   0: 3 0x8000ba78 (0x4b96a893) x17 0x00000000
core   0: 0x8000ba7c (0x00008f75) c.and   a4, a3
core   0: 3 0x8000ba7c (0x8f75) x14 0x00000000
core   0: 0x8000ba7e (0x049c6493) ori     s1, s8, 73
core   0: 3 0x8000ba7e (0x049c6493) x 9 0x00000049
core   0: 0x8000ba82 (0x0000026e) c.slli  tp, 27
core   0: 3 0x8000ba82 (0x026e) x 4 0x00000000
core   0: 0x8000ba84 (0x000a4633) xor     a2, s4, zero
core   0: 3 0x8000ba84 (0x000a4633) x12 0x00000000
core   0: 0x8000ba88 (0x03d3e233) rem     tp, t2, t4
core   0: 3 0x8000ba88 (0x03d3e233) x 4 0x00000000
core   0: 0x8000ba8c (0x00008fb5) c.xor   a5, a3
core   0: 3 0x8000ba8c (0x8fb5) x15 0x72a4895c
core   0: 0x8000ba8e (0x014e5493) srli    s1, t3, 20
core   0: 3 0x8000ba8e (0x014e5493) x 9 0x0000037d
core   0: 0x8000ba92 (0x0bbeff93) andi    t6, t4, 187
core   0: 3 0x8000ba92 (0x0bbeff93) x31 0x00000000
core   0: 0x8000ba96 (0x05a99063) bne     s3, s10, pc + 64
core   0: 3 0x8000ba96 (0x05a99063)
core   0: 0x8000bad6 (0x000083f9) c.srli  a5, 30
core   0: 3 0x8000bad6 (0x83f9) x15 0x00000001
core   0: 0x8000bad8 (0x00000b94) c.addi4spn a3, sp, 464
core   0: 3 0x8000bad8 (0x0b94) x13 0x000001c8
core   0: 0x8000bada (0x00008aa5) c.andi  a3, 9
core   0: 3 0x8000bada (0x8aa5) x13 0x00000008
core   0: 0x8000badc (0x41ed0133) sub     sp, s10, t5
core   0: 3 0x8000badc (0x41ed0133) x 2 0x00000001
core   0: 0x8000bae0 (0x0000517d) c.li    sp, -1
core   0: 3 0x8000bae0 (0x517d) x 2 0xffffffff
core   0: 0x8000bae2 (0x0000cd15) c.beqz  a0, pc + 60
core   0: 3 0x8000bae2 (0xcd15)
core   0: 0x8000bae4 (0x00009a7d) c.andi  a2, -1
core   0: 3 0x8000bae4 (0x9a7d) x12 0x00000000
core   0: 0x8000bae6 (0x03547e33) remu    t3, s0, s5
core   0: 3 0x8000bae6 (0x03547e33) x28 0x00000003
core   0: 0x8000baea (0x002ca133) slt     sp, s9, sp
core   0: 3 0x8000baea (0x002ca133) x 2 0x00000000
core   0: 0x8000baee (0x4100d933) sra     s2, ra, a6
core   0: 3 0x8000baee (0x4100d933) x18 0x00000000
core   0: 0x8000baf2 (0x00000001) c.nop
core   0: 3 0x8000baf2 (0x0001)
core   0: 0x8000baf4 (0x0197f963) bgeu    a5, s9, pc + 18
core   0: 3 0x8000baf4 (0x0197f963)
core   0: 0x8000bb06 (0x03d93c33) mulhu   s8, s2, t4
core   0: 3 0x8000bb06 (0x03d93c33) x24 0x00000000
core   0: 0x8000bb0a (0x0044d1b3) srl     gp, s1, tp
core   0: 3 0x8000bb0a (0x0044d1b3) x 3 0x0000037d
core   0: 0x8000bb0e (0x0000100f) fence.i
core   0: 3 0x8000bb0e (0x0000100f)
core   0: 0x8000bb12 (0x00997c33) and     s8, s2, s1
core   0: 3 0x8000bb12 (0x00997c33) x24 0x00000000
core   0: 0x8000bb16 (0x405a01b3) sub     gp, s4, t0
core   0: 3 0x8000bb16 (0x405a01b3) x 3 0xfffffe3b
core   0: 0x8000bb1a (0x02f8d563) bge     a7, a5, pc + 42
core   0: 3 0x8000bb1a (0x02f8d563)
core   0: 0x8000bb1e (0x2da2b693) sltiu   a3, t0, 730
core   0: 3 0x8000bb1e (0x2da2b693) x13 0x00000001
core   0: 0x8000bb22 (0x0000c195) c.beqz  a1, pc + 36
core   0: 3 0x8000bb22 (0xc195)
core   0: 0x8000bb46 (0x00006a91) c.lui   s5, 0x4
core   0: 3 0x8000bb46 (0x6a91) x21 0x00004000
core   0: 0x8000bb48 (0x02a6f5b3) remu    a1, a3, a0
core   0: 3 0x8000bb48 (0x02a6f5b3) x11 0x00000001
core   0: 0x8000bb4c (0x0000111c) c.addi4spn a5, sp, 160
core   0: 3 0x8000bb4c (0x111c) x15 0x000000a0
core   0: 0x8000bb4e (0x02a6c933) div     s2, a3, a0
core   0: 3 0x8000bb4e (0x02a6c933) x18 0x00000000
core   0: 0x8000bb52 (0x00008e5d) c.or    a2, a5
core   0: 3 0x8000bb52 (0x8e5d) x12 0x000000a0
core   0: 0x8000bb54 (0x01d31493) slli    s1, t1, 29
core   0: 3 0x8000bb54 (0x01d31493) x 9 0x00000000
core   0: 0x8000bb58 (0x00008e21) c.xor   a2, s0
core   0: 3 0x8000bb58 (0x8e21) x12 0x000000a3
core   0: 0x8000bb5a (0x01cdfc63) bgeu    s11, t3, pc + 24
core   0: 3 0x8000bb5a (0x01cdfc63)
core   0: 0x8000bb72 (0xcf167093) andi    ra, a2, -783
core   0: 3 0x8000bb72 (0xcf167093) x 1 0x000000a1
core   0: 0x8000bb76 (0x0000612d) c.addi16sp sp, 224
core   0: 3 0x8000bb76 (0x612d) x 2 0x000000e0
core   0: 0x8000bb78 (0x00008ef5) c.and   a3, a3
core   0: 3 0x8000bb78 (0x8ef5) x13 0x00000001
core   0: 0x8000bb7a (0x008e86b3) add     a3, t4, s0
core   0: 3 0x8000bb7a (0x008e86b3) x13 0x00000003
core   0: 0x8000bb7e (0x000084ee) c.mv    s1, s11
core   0: 3 0x8000bb7e (0x84ee) x 9 0x80029ce4
core   0: 0x8000bb80 (0x6ecee593) ori     a1, t4, 1772
core   0: 3 0x8000bb80 (0x6ecee593) x11 0x000006ec
core   0: 0x8000bb84 (0x00e546b3) xor     a3, a0, a4
core   0: 3 0x8000bb84 (0x00e546b3) x13 0x00000003
core   0: 0x8000bb88 (0x000080ad) c.srli  s1, 11
core   0: 3 0x8000bb88 (0x80ad) x 9 0x00100053
core   0: 0x8000bb8a (0x0328dbb3) divu    s7, a7, s2
core   0: 3 0x8000bb8a (0x0328dbb3) x23 0xffffffff
core   0: 0x8000bb8e (0x0083f663) bgeu    t2, s0, pc + 12
core   0: 3 0x8000bb8e (0x0083f663)
core   0: 0x8000bb92 (0x403a5533) sra     a0, s4, gp
core   0: 3 0x8000bb92 (0x403a5533) x10 0x00000000
core   0: 0x8000bb96 (0x00008c85) c.sub   s1, s1
core   0: 3 0x8000bb96 (0x8c85) x 9 0x00000000
core   0: 0x8000bb98 (0x0000679d) c.lui   a5, 0x7
core   0: 3 0x8000bb98 (0x679d) x15 0x00007000
core   0: 0x8000bb9a (0x02a19963) bne     gp, a0, pc + 50
core   0: 3 0x8000bb9a (0x02a19963)
core   0: 0x8000bbcc (0x000090a6) c.add   ra, s1
core   0: 3 0x8000bbcc (0x90a6) x 1 0x000000a1
core   0: 0x8000bbce (0x5a2d0593) addi    a1, s10, 1442
core   0: 3 0x8000bbce (0x5a2d0593) x11 0x000005a3
core   0: 0x8000bbd2 (0x02b1c933) div     s2, gp, a1
core   0: 3 0x8000bbd2 (0x02b1c933) x18 0x00000000
core   0: 0x8000bbd6 (0x01d39c13) slli    s8, t2, 29
core   0: 3 0x8000bbd6 (0x01d39c13) x24 0x00000000
core   0: 0x8000bbda (0x003f2633) slt     a2, t5, gp
core   0: 3 0x8000bbda (0x003f2633) x12 0x00000000
core   0: 0x8000bbde (0xfbcb1017) auipc   zero, 0xfbcb1
core   0: 3 0x8000bbde (0xfbcb1017)
core   0: 0x8000bbe2 (0x006d85b3) add     a1, s11, t1
core   0: 3 0x8000bbe2 (0x006d85b3) x11 0x80034ce4
core   0: 0x8000bbe6 (0x000010fd) c.addi  ra, -1
core   0: 3 0x8000bbe6 (0x10fd) x 1 0x000000a0
core   0: 0x8000bbe8 (0x031e9033) mulh    zero, t4, a7
core   0: 3 0x8000bbe8 (0x031e9033)
core   0: 0x8000bbec (0x000094e6) c.add   s1, s9
core   0: 3 0x8000bbec (0x94e6) x 9 0x00000000
core   0: 0x8000bbee (0x002f9093) slli    ra, t6, 2
core   0: 3 0x8000bbee (0x002f9093) x 1 0x00000000
core   0: 0x8000bbf2 (0x0000c11d) c.beqz  a0, pc + 38
core   0: 3 0x8000bbf2 (0xc11d)
core   0: 0x8000bc18 (0x00008fc9) c.or    a5, a0
core   0: 3 0x8000bc18 (0x8fc9) x15 0x00007000
core   0: 0x8000bc1a (0x00008005) c.srli  s0, 1
core   0: 3 0x8000bc1a (0x8005) x 8 0x00000001
core   0: 0x8000bc1c (0x002470b3) and     ra, s0, sp
core   0: 3 0x8000bc1c (0x002470b3) x 1 0x00000000
core   0: 0x8000bc20 (0x00006105) c.addi16sp sp, 32
core   0: 3 0x8000bc20 (0x6105) x 2 0x00000100
core   0: 0x8000bc22 (0x40ef5e33) sra     t3, t5, a4
core   0: 3 0x8000bc22 (0x40ef5e33) x28 0x00000000
core   0: 0x8000bc26 (0x00008f51) c.or    a4, a2
core   0: 3 0x8000bc26 (0x8f51) x14 0x00000000
core   0: 0x8000bc28 (0x0000839d) c.srli  a5, 7
core   0: 3 0x8000bc28 (0x839d) x15 0x000000e0
core   0: 0x8000bc2a (0x01689913) slli    s2, a7, 22
core   0: 3 0x8000bc2a (0x01689913) x18 0x00000000
core   0: 0x8000bc2e (0x8a138813) addi    a6, t2, -1887
core   0: 3 0x8000bc2e (0x8a138813) x16 0xfffff8a1
core   0: 0x8000bc32 (0x01fd9b93) slli    s7, s11, 31
core   0: 3 0x8000bc32 (0x01fd9b93) x23 0x00000000
core   0: 0x8000bc36 (0x000001da) c.slli  gp, 22
core   0: 3 0x8000bc36 (0x01da) x 3 0x8ec00000
core   0: 0x8000bc38 (0x0340ff63) bgeu    ra, s4, pc + 62
core   0: 3 0x8000bc38 (0x0340ff63)
core   0: 0x8000bc76 (0x00569a63) bne     a3, t0, pc + 20
core   0: 3 0x8000bc76 (0x00569a63)
core   0: 0x8000bc8a (0x00008a8e) c.mv    s5, gp
core   0: 3 0x8000bc8a (0x8a8e) x21 0x8ec00000
core   0: 0x8000bc8c (0x025963b3) rem     t2, s2, t0
core   0: 3 0x8000bc8c (0x025963b3) x 7 0x00000000
core   0: 0x8000bc90 (0x02f45333) divu    t1, s0, a5
core   0: 3 0x8000bc90 (0x02f45333) x 6 0x00000000
core   0: 0x8000bc94 (0x00008a09) c.andi  a2, 2
core   0: 3 0x8000bc94 (0x8a09) x12 0x00000000
core   0: 0x8000bc96 (0x02e45ab3) divu    s5, s0, a4
core   0: 3 0x8000bc96 (0x02e45ab3) x21 0xffffffff
core   0: 0x8000bc9a (0x00008209) c.srli  a2, 2
core   0: 3 0x8000bc9a (0x8209) x12 0x00000000
core   0: 0x8000bc9c (0x00004641) c.li    a2, 16
core   0: 3 0x8000bc9c (0x4641) x12 0x00000010
core   0: 0x8000bc9e (0xc4366913) ori     s2, a2, -957
core   0: 3 0x8000bc9e (0xc4366913) x18 0xfffffc53
core   0: 0x8000bca2 (0x030c3533) mulhu   a0, s8, a6
core   0: 3 0x8000bca2 (0x030c3533) x10 0x00000000
core   0: 0x8000bca6 (0x00008f39) c.xor   a4, a4
core   0: 3 0x8000bca6 (0x8f39) x14 0x00000000
core   0: 0x8000bca8 (0x4111da13) srai    s4, gp, 17
core   0: 3 0x8000bca8 (0x4111da13) x20 0xffffc760
core   0: 0x8000bcac (0x00008bb5) c.andi  a5, 13
core   0: 3 0x8000bcac (0x8bb5) x15 0x00000000
core   0: 0x8000bcae (0x000084d2) c.mv    s1, s4
core   0: 3 0x8000bcae (0x84d2) x 9 0xffffc760
core   0: 0x8000bcb0 (0x6e018617) auipc   a2, 0x6e018
core   0: 3 0x8000bcb0 (0x6e018617) x12 0xee023cb0
core   0: 0x8000bcb4 (0x91b7a013) slti    zero, a5, -1765
core   0: 3 0x8000bcb4 (0x91b7a013)
core   0: 0x8000bcb8 (0x007e1bb3) sll     s7, t3, t2
core   0: 3 0x8000bcb8 (0x007e1bb3) x23 0x00000000
core   0: 0x8000bcbc (0x021bc1b3) div     gp, s7, ra
core   0: 3 0x8000bcbc (0x021bc1b3) x 3 0xffffffff
core   0: 0x8000bcc0 (0x02218333) mul     t1, gp, sp
core   0: 3 0x8000bcc0 (0x02218333) x 6 0xffffff00
core   0: 0x8000bcc4 (0x0ff0000f) fence   iorw,iorw
core   0: 3 0x8000bcc4 (0x0ff0000f)
core   0: 0x8000bcc8 (0x018c8d63) beq     s9, s8, pc + 26
core   0: 3 0x8000bcc8 (0x018c8d63)
core   0: 0x8000bce2 (0x009a7663) bgeu    s4, s1, pc + 12
core   0: 3 0x8000bce2 (0x009a7663)
core   0: 0x8000bcee (0x00000001) c.nop
core   0: 3 0x8000bcee (0x0001)
core   0: 0x8000bcf0 (0x0391d163) bge     gp, s9, pc + 34
core   0: 3 0x8000bcf0 (0x0391d163)
core   0: 0x8000bcf4 (0x000013fd) c.addi  t2, -1
core   0: 3 0x8000bcf4 (0x13fd) x 7 0xffffffff
core   0: 0x8000bcf6 (0xb3544213) xori    tp, s0, -1227
core   0: 3 0x8000bcf6 (0xb3544213) x 4 0xfffffb34
core   0: 0x8000bcfa (0x01fd3a33) sltu    s4, s10, t6
core   0: 3 0x8000bcfa (0x01fd3a33) x20 0x00000000
core   0: 0x8000bcfe (0x0000e585) c.bnez  a1, pc + 40
core   0: 3 0x8000bcfe (0xe585)
core   0: 0x8000bd26 (0x00008ded) c.and   a1, a1
core   0: 3 0x8000bd26 (0x8ded) x11 0x80034ce4
core   0: 0x8000bd28 (0x00009d46) c.add   s10, a7
core   0: 3 0x8000bd28 (0x9d46) x26 0x00000001
core   0: 0x8000bd2a (0x00008ffd) c.and   a5, a5
core   0: 3 0x8000bd2a (0x8ffd) x15 0x00000000
core   0: 0x8000bd2c (0x4d098613) addi    a2, s3, 1232
core   0: 3 0x8000bd2c (0x4d098613) x12 0x000004d8
core   0: 0x8000bd30 (0x0000100f) fence.i
core   0: 3 0x8000bd30 (0x0000100f)
core   0: 0x8000bd34 (0x03abf4b3) remu    s1, s7, s10
core   0: 3 0x8000bd34 (0x03abf4b3) x 9 0x00000000
core   0: 0x8000bd38 (0x23a7ea13) ori     s4, a5, 570
core   0: 3 0x8000bd38 (0x23a7ea13) x20 0x0000023a
core   0: 0x8000bd3c (0x00001514) c.addi4spn a3, sp, 672
core   0: 3 0x8000bd3c (0x1514) x13 0x000003a0
core   0: 0x8000bd3e (0x0000100f) fence.i
core   0: 3 0x8000bd3e (0x0000100f)
core   0: 0x8000bd42 (0x03172a33) mulhsu  s4, a4, a7
core   0: 3 0x8000bd42 (0x03172a33) x20 0x00000000
core   0: 0x8000bd46 (0x01652033) slt     zero, a0, s6
core   0: 3 0x8000bd46 (0x01652033)
core   0: 0x8000bd4a (0x0415f363) bgeu    a1, ra, pc + 70
core   0: 3 0x8000bd4a (0x0415f363)
core   0: 0x8000bd90 (0x00001a84) c.addi4spn s1, sp, 368
core   0: 3 0x8000bd90 (0x1a84) x 9 0x00000270
core   0: 0x8000bd92 (0x00000001) c.nop
core   0: 3 0x8000bd92 (0x0001)
core   0: 0x8000bd94 (0x3df97037) lui     zero, 0x3df97
core   0: 3 0x8000bd94 (0x3df97037)
core   0: 0x8000bd98 (0x40378c33) sub     s8, a5, gp
core   0: 3 0x8000bd98 (0x40378c33) x24 0x00000001
core   0: 0x8000bd9c (0x4060d133) sra     sp, ra, t1
core   0: 3 0x8000bd9c (0x4060d133) x 2 0x00000000
core   0: 0x8000bda0 (0x038ea333) mulhsu  t1, t4, s8
core   0: 3 0x8000bda0 (0x038ea333) x 6 0x00000000
core   0: 0x8000bda4 (0x00008e25) c.xor   a2, s1
core   0: 3 0x8000bda4 (0x8e25) x12 0x000006a8
core   0: 0x8000bda6 (0x0000089d) c.addi  a7, 7
core   0: 3 0x8000bda6 (0x089d) x17 0x00000007
core   0: 0x8000bda8 (0x002d1e13) slli    t3, s10, 2
core   0: 3 0x8000bda8 (0x002d1e13) x28 0x00000004
core   0: 0x8000bdac (0x036e1233) mulh    tp, t3, s6
core   0: 3 0x8000bdac (0x036e1233) x 4 0xfffffffe
core   0: 0x8000bdb0 (0x01a0c833) xor     a6, ra, s10
core   0: 3 0x8000bdb0 (0x01a0c833) x16 0x00000001
core   0: 0x8000bdb4 (0x00a49b93) slli    s7, s1, 10
core   0: 3 0x8000bdb4 (0x00a49b93) x23 0x0009c000
core   0: 0x8000bdb8 (0x87c36893) ori     a7, t1, -1924
core   0: 3 0x8000bdb8 (0x87c36893) x17 0xfffff87c
core   0: 0x8000bdbc (0x00e69293) slli    t0, a3, 14
core   0: 3 0x8000bdbc (0x00e69293) x 5 0x00e80000
core   0: 0x8000bdc0 (0x0000e309) c.bnez  a4, pc + 2
core   0: 3 0x8000bdc0 (0xe309)
core   0: 0x8000bdc2 (0x000062f9) c.lui   t0, 0x1e
core   0: 3 0x8000bdc2 (0x62f9) x 5 0x0001e000
core   0: 0x8000bdc4 (0x478f8093) addi    ra, t6, 1144
core   0: 3 0x8000bdc4 (0x478f8093) x 1 0x00000478
core   0: 0x8000bdc8 (0x025d84b3) mul     s1, s11, t0
core   0: 3 0x8000bdc8 (0x025d84b3) x 9 0xe62b8000
core   0: 0x8000bdcc (0x032e2033) mulhsu  zero, t3, s2
core   0: 3 0x8000bdcc (0x032e2033)
core   0: 0x8000bdd0 (0xf6c0bc93) sltiu   s9, ra, -148
core   0: 3 0x8000bdd0 (0xf6c0bc93) x25 0x00000001
core   0: 0x8000bdd4 (0x00008d8d) c.sub   a1, a1
core   0: 3 0x8000bdd4 (0x8d8d) x11 0x00000000
core   0: 0x8000bdd6 (0x4a379817) auipc   a6, 0x4a379
core   0: 3 0x8000bdd6 (0x4a379817) x16 0xca384dd6
core   0: 0x8000bdda (0x034d1533) mulh    a0, s10, s4
core   0: 3 0x8000bdda (0x034d1533) x10 0x00000000
core   0: 0x8000bdde (0x125695b7) lui     a1, 0x12569
core   0: 3 0x8000bdde (0x125695b7) x11 0x12569000
core   0: 0x8000bde2 (0x031cd5b3) divu    a1, s9, a7
core   0: 3 0x8000bde2 (0x031cd5b3) x11 0x00000000
core   0: 0x8000bde6 (0x0093abb3) slt     s7, t2, s1
core   0: 3 0x8000bde6 (0x0093abb3) x23 0x00000000
core   0: 0x8000bdea (0x008e1a63) bne     t3, s0, pc + 20
core   0: 3 0x8000bdea (0x008e1a63)
core   0: 0x8000bdfe (0x0149bcb3) sltu    s9, s3, s4
core   0: 3 0x8000bdfe (0x0149bcb3) x25 0x00000000
core   0: 0x8000be02 (0x023eae13) slti    t3, t4, 35
core   0: 3 0x8000be02 (0x023eae13) x28 0x00000001
core   0: 0x8000be06 (0x0000100f) fence.i
core   0: 3 0x8000be06 (0x0000100f)
core   0: 0x8000be0a (0xe16a1c37) lui     s8, 0xe16a1
core   0: 3 0x8000be0a (0xe16a1c37) x24 0xe16a1000
core   0: 0x8000be0e (0x02c8d463) bge     a7, a2, pc + 40
core   0: 3 0x8000be0e (0x02c8d463)
core   0: 0x8000be12 (0x8a71bc93) sltiu   s9, gp, -1881
core   0: 3 0x8000be12 (0x8a71bc93) x25 0x00000000
core   0: 0x8000be16 (0x5b7c8213) addi    tp, s9, 1463
core   0: 3 0x8000be16 (0x5b7c8213) x 4 0x000005b7
core   0: 0x8000be1a (0x02035733) divu    a4, t1, zero
core   0: 3 0x8000be1a (0x02035733) x14 0xffffffff
core   0: 0x8000be1e (0xeadc4297) auipc   t0, 0xeadc4
core   0: 3 0x8000be1e (0xeadc4297) x 5 0x6adcfe1e
core   0: 0x8000be22 (0x027b0f33) mul     t5, s6, t2
core   0: 3 0x8000be22 (0x027b0f33) x30 0x7ffda19c
core   0: 0x8000be26 (0x02393bb3) mulhu   s7, s2, gp
core   0: 3 0x8000be26 (0x02393bb3) x23 0xfffffc52
core   0: 0x8000be2a (0x029acc33) div     s8, s5, s1
core   0: 3 0x8000be2a (0x029acc33) x24 0x00000000
core   0: 0x8000be2e (0x00009bf2) c.add   s7, t3
core   0: 3 0x8000be2e (0x9bf2) x23 0xfffffc53
core   0: 0x8000be30 (0x0ff0000f) fence   iorw,iorw
core   0: 3 0x8000be30 (0x0ff0000f)
core   0: 0x8000be34 (0x00008f05) c.sub   a4, s1
core   0: 3 0x8000be34 (0x8f05) x14 0x19d47fff
core   0: 0x8000be36 (0x00009faa) c.add   t6, a0
core   0: 3 0x8000be36 (0x9faa) x31 0x00000000
core   0: 0x8000be38 (0x03d81363) bne     a6, t4, pc + 38
core   0: 3 0x8000be38 (0x03d81363)
core   0: 0x8000be5e (0x00009152) c.add   sp, s4
core   0: 3 0x8000be5e (0x9152) x 2 0x00000000
core   0: 0x8000be60 (0x02952a33) mulhsu  s4, a0, s1
core   0: 3 0x8000be60 (0x02952a33) x20 0x00000000
core   0: 0x8000be64 (0x00000590) c.addi4spn a2, sp, 704
core   0: 3 0x8000be64 (0x0590) x12 0x000002c0
core   0: 0x8000be66 (0x00009fde) c.add   t6, s7
core   0: 3 0x8000be66 (0x9fde) x31 0xfffffc53
core   0: 0x8000be68 (0x94d02c13) slti    s8, zero, -1715
core   0: 3 0x8000be68 (0x94d02c13) x24 0x00000000
core   0: 0x8000be6c (0x0046ee63) bltu    a3, tp, pc + 28
core   0: 3 0x8000be6c (0x0046ee63)
core   0: 0x8000be88 (0x01802533) slt     a0, zero, s8
core   0: 3 0x8000be88 (0x01802533) x10 0x00000000
core   0: 0x8000be8c (0xd4833413) sltiu   s0, t1, -696
core   0: 3 0x8000be8c (0xd4833413) x 8 0x00000001
core   0: 0x8000be90 (0x03eec1b3) div     gp, t4, t5
core   0: 3 0x8000be90 (0x03eec1b3) x 3 0x00000000
core   0: 0x8000be94 (0x402e87b3) sub     a5, t4, sp
core   0: 3 0x8000be94 (0x402e87b3) x15 0x00000000
core   0: 0x8000be98 (0x000081ad) c.srli  a1, 11
core   0: 3 0x8000be98 (0x81ad) x11 0x00000000
core   0: 0x8000be9a (0x4172d593) srai    a1, t0, 23
core   0: 3 0x8000be9a (0x4172d593) x11 0x000000d5
core   0: 0x8000be9e (0x008fda13) srli    s4, t6, 8
core   0: 3 0x8000be9e (0x008fda13) x20 0x00fffffc
core   0: 0x8000bea2 (0xc4eb2893) slti    a7, s6, -946
core   0: 3 0x8000bea2 (0xc4eb2893) x17 0x00000001
core   0: 0x8000bea6 (0x037b1933) mulh    s2, s6, s7
core   0: 3 0x8000bea6 (0x037b1933) x18 0x000001d6
core   0: 0x8000beaa (0x005dec33) or      s8, s11, t0
core   0: 3 0x8000beaa (0x005dec33) x24 0xeadefefe
core   0: 0x8000beae (0x05a8e063) bltu    a7, s10, pc + 64
core   0: 3 0x8000beae (0x05a8e063)
core   0: 0x8000beb2 (0x014e9293) slli    t0, t4, 20
core   0: 3 0x8000beb2 (0x014e9293) x 5 0x00000000
core   0: 0x8000beb6 (0x0ff0000f) fence   iorw,iorw
core   0: 3 0x8000beb6 (0x0ff0000f)
core   0: 0x8000beba (0x0328dcb3) divu    s9, a7, s2
core   0: 3 0x8000beba (0x0328dcb3) x25 0x00000000
core   0: 0x8000bebe (0x026e90b3) mulh    ra, t4, t1
core   0: 3 0x8000bebe (0x026e90b3) x 1 0x00000000
core   0: 0x8000bec2 (0x00000001) c.nop
core   0: 3 0x8000bec2 (0x0001)
core   0: 0x8000bec4 (0x022b8a33) mul     s4, s7, sp
core   0: 3 0x8000bec4 (0x022b8a33) x20 0x00000000
core   0: 0x8000bec8 (0x014d6533) or      a0, s10, s4
core   0: 3 0x8000bec8 (0x014d6533) x10 0x00000001
core   0: 0x8000becc (0x00001ffd) c.addi  t6, -1
core   0: 3 0x8000becc (0x1ffd) x31 0xfffffc52
core   0: 0x8000bece (0x00be51b3) srl     gp, t3, a1
core   0: 3 0x8000bece (0x00be51b3) x 3 0x00000000
core   0: 0x8000bed2 (0x00605c33) srl     s8, zero, t1
core   0: 3 0x8000bed2 (0x00605c33) x24 0x00000000
core   0: 0x8000bed6 (0x00001b14) c.addi4spn a3, sp, 432
core   0: 3 0x8000bed6 (0x1b14) x13 0x000001b0
core   0: 0x8000bed8 (0x00006175) c.addi16sp sp, 368
core   0: 3 0x8000bed8 (0x6175) x 2 0x00000170
core   0: 0x8000beda (0x02861433) mulh    s0, a2, s0
core   0: 3 0x8000beda (0x02861433) x 8 0x00000000
core   0: 0x8000bede (0x79500497) auipc   s1, 0x79500
core   0: 3 0x8000bede (0x79500497) x 9 0xf950bede
core   0: 0x8000bee2 (0xbbaaf193) andi    gp, s5, -1094
core   0: 3 0x8000bee2 (0xbbaaf193) x 3 0xfffffbba
core   0: 0x8000bee6 (0x00000e98) c.addi4spn a4, sp, 848
core   0: 3 0x8000bee6 (0x0e98) x14 0x000004c0
core   0: 0x8000bee8 (0x01929493) slli    s1, t0, 25
core   0: 3 0x8000bee8 (0x01929493) x 9 0x00000000
core   0: 0x8000beec (0x00008d72) c.mv    s10, t3
core   0: 3 0x8000beec (0x8d72) x26 0x00000001
core   0: 0x8000beee (0x0bcb8063) beq     s7, t3, pc + 160
core   0: 3 0x8000beee (0x0bcb8063)
core   0: 0x8000bef2 (0x0000c189) c.beqz  a1, pc + 2
core   0: 3 0x8000bef2 (0xc189)
core   0: 0x8000bef4 (0x000044dd) c.li    s1, 23
core   0: 3 0x8000bef4 (0x44dd) x 9 0x00000017
core   0: 0x8000bef6 (0x00008ed1) c.or    a3, a2
core   0: 3 0x8000bef6 (0x8ed1) x13 0x000003f0
core   0: 0x8000bef8 (0x0000100f) fence.i
core   0: 3 0x8000bef8 (0x0000100f)
core   0: 0x8000befc (0x00374a63) blt     a4, gp, pc + 20
core   0: 3 0x8000befc (0x00374a63)
core   0: 0x8000bf00 (0x0274bcb3) mulhu   s9, s1, t2
core   0: 3 0x8000bf00 (0x0274bcb3) x25 0x00000016
core   0: 0x8000bf04 (0x1e25eab7) lui     s5, 0x1e25e
core   0: 3 0x8000bf04 (0x1e25eab7) x21 0x1e25e000
core   0: 0x8000bf08 (0x0148d5b3) srl     a1, a7, s4
core   0: 3 0x8000bf08 (0x0148d5b3) x11 0x00000001
core   0: 0x8000bf0c (0x03b2d5b3) divu    a1, t0, s11
core   0: 3 0x8000bf0c (0x03b2d5b3) x11 0x00000000
core   0: 0x8000bf10 (0x02e117b3) mulh    a5, sp, a4
core   0: 3 0x8000bf10 (0x02e117b3) x15 0x00000000
core   0: 0x8000bf14 (0x089f0363) beq     t5, s1, pc + 134
core   0: 3 0x8000bf14 (0x089f0363)
core   0: 0x8000bf18 (0x03e87eb3) remu    t4, a6, t5
core   0: 3 0x8000bf18 (0x03e87eb3) x29 0x4a3aac3a
core   0: 0x8000bf1c (0x00000ed6) c.slli  t4, 21
core   0: 3 0x8000bf1c (0x0ed6) x29 0x87400000
core   0: 0x8000bf1e (0x0b4ec063) blt     t4, s4, pc + 160
core   0: 3 0x8000bf1e (0x0b4ec063)
core   0: 0x8000bfbe (0x00009626) c.add   a2, s1
core   0: 3 0x8000bfbe (0x9626) x12 0x000002d7
core   0: 0x8000bfc0 (0x01f25fb3) srl     t6, tp, t6
core   0: 3 0x8000bfc0 (0x01f25fb3) x31 0x00000000
core   0: 0x8000bfc4 (0x03a9fb63) bgeu    s3, s10, pc + 54
core   0: 3 0x8000bfc4 (0x03a9fb63)
core   0: 0x8000bffa (0x41b55913) srai    s2, a0, 27
core   0: 3 0x8000bffa (0x41b55913) x18 0x00000000
core   0: 0x8000bffe (0x417f0eb3) sub     t4, t5, s7
core   0: 3 0x8000bffe (0x417f0eb3) x29 0x7ffda549
core   0: 0x8000c002 (0x00006151) c.addi16sp sp, 272
core   0: 3 0x8000c002 (0x6151) x 2 0x00000280
core   0: 0x8000c004 (0x03196ab3) rem     s5, s2, a7
core   0: 3 0x8000c004 (0x03196ab3) x21 0x00000000
core   0: 0x8000c008 (0x0198fe63) bgeu    a7, s9, pc + 28
core   0: 3 0x8000c008 (0x0198fe63)
core   0: 0x8000c00c (0x00008e05) c.sub   a2, s1
core   0: 3 0x8000c00c (0x8e05) x12 0x000002c0
core   0: 0x8000c00e (0x00448663) beq     s1, tp, pc + 12
core   0: 3 0x8000c00e (0x00448663)
core   0: 0x8000c012 (0x7e83b493) sltiu   s1, t2, 2024
core   0: 3 0x8000c012 (0x7e83b493) x 9 0x00000000
core   0: 0x8000c016 (0x9d5ab217) auipc   tp, 0x9d5ab
core   0: 3 0x8000c016 (0x9d5ab217) x 4 0x1d5b7016
core   0: 0x8000c01a (0x40ddd433) sra     s0, s11, a3
core   0: 3 0x8000c01a (0x40ddd433) x 8 0xffff8002
core   0: 0x8000c01e (0x000cd013) srli    zero, s9, 0
core   0: 3 0x8000c01e (0x000cd013)
core   0: 0x8000c022 (0x00000001) c.nop
core   0: 3 0x8000c022 (0x0001)
core   0: 0x8000c024 (0x024731b3) mulhu   gp, a4, tp
core   0: 3 0x8000c024 (0x024731b3) x 3 0x0000008b
core   0: 0x8000c028 (0x00009c72) c.add   s8, t3
core   0: 3 0x8000c028 (0x9c72) x24 0x00000001
core   0: 0x8000c02a (0x00008f31) c.xor   a4, a2
core   0: 3 0x8000c02a (0x8f31) x14 0x00000600
core   0: 0x8000c02c (0x023ce663) bltu    s9, gp, pc + 44
core   0: 3 0x8000c02c (0x023ce663)
core   0: 0x8000c058 (0xe24b4a13) xori    s4, s6, -476
core   0: 3 0x8000c058 (0xe24b4a13) x20 0x7ffda040
core   0: 0x8000c05c (0x000002e6) c.slli  t0, 25
core   0: 3 0x8000c05c (0x02e6) x 5 0x00000000
core   0: 0x8000c05e (0x0110d463) bge     ra, a7, pc + 8
core   0: 3 0x8000c05e (0x0110d463)
core   0: 0x8000c062 (0x00008c61) c.and   s0, s0
core   0: 3 0x8000c062 (0x8c61) x 8 0xffff8002
core   0: 0x8000c064 (0x00000001) c.nop
core   0: 3 0x8000c064 (0x0001)
core   0: 0x8000c066 (0x41d5d713) srai    a4, a1, 29
core   0: 3 0x8000c066 (0x41d5d713) x14 0x00000000
core   0: 0x8000c06a (0x27ac0f13) addi    t5, s8, 634
core   0: 3 0x8000c06a (0x27ac0f13) x30 0x0000027b
core   0: 0x8000c06e (0x000a0e63) beqz    s4, pc + 28
core   0: 3 0x8000c06e (0x000a0e63)
core   0: 0x8000c072 (0x0000e915) c.bnez  a0, pc + 52
core   0: 3 0x8000c072 (0xe915)
core   0: 0x8000c0a6 (0x01fe0c33) add     s8, t3, t6
core   0: 3 0x8000c0a6 (0x01fe0c33) x24 0x00000001
core   0: 0x8000c0aa (0x00006455) c.lui   s0, 0x15
core   0: 3 0x8000c0aa (0x6455) x 8 0x00015000
core   0: 0x8000c0ac (0x038b1133) mulh    sp, s6, s8
core   0: 3 0x8000c0ac (0x038b1133) x 2 0xffffffff
core   0: 0x8000c0b0 (0x00008dd1) c.or    a1, a2
core   0: 3 0x8000c0b0 (0x8dd1) x11 0x000002c0
core   0: 0x8000c0b2 (0x00008f85) c.sub   a5, s1
core   0: 3 0x8000c0b2 (0x8f85) x15 0x00000000
core   0: 0x8000c0b4 (0x9a9c3c13) sltiu   s8, s8, -1623
core   0: 3 0x8000c0b4 (0x9a9c3c13) x24 0x00000001
core   0: 0x8000c0b8 (0x00008749) c.srai  a4, 18
core   0: 3 0x8000c0b8 (0x8749) x14 0x00000000
core   0: 0x8000c0ba (0x0170bc33) sltu    s8, ra, s7
core   0: 3 0x8000c0ba (0x0170bc33) x24 0x00000001
core   0: 0x8000c0be (0x010d7e63) bgeu    s10, a6, pc + 28
core   0: 3 0x8000c0be (0x010d7e63)
core   0: 0x8000c0c2 (0x0000c995) c.beqz  a1, pc + 52
core   0: 3 0x8000c0c2 (0xc995)
core   0: 0x8000c0c4 (0x00356fb3) or      t6, a0, gp
core   0: 3 0x8000c0c4 (0x00356fb3) x31 0x0000008b
core   0: 0x8000c0c8 (0x66878393) addi    t2, a5, 1640
core   0: 3 0x8000c0c8 (0x66878393) x 7 0x00000668
core   0: 0x8000c0cc (0x00008239) c.srli  a2, 14
core   0: 3 0x8000c0cc (0x8239) x12 0x00000000
core   0: 0x8000c0ce (0x015ed2b3) srl     t0, t4, s5
core   0: 3 0x8000c0ce (0x015ed2b3) x 5 0x7ffda549
core   0: 0x8000c0d2 (0x00000001) c.nop
core   0: 3 0x8000c0d2 (0x0001)
core   0: 0x8000c0d4 (0x00009e66) c.add   t3, s9
core   0: 3 0x8000c0d4 (0x9e66) x28 0x00000017
core   0: 0x8000c0d6 (0x0ff0000f) fence   iorw,iorw
core   0: 3 0x8000c0d6 (0x0ff0000f)
core   0: 0x8000c0da (0x00009c46) c.add   s8, a7
core   0: 3 0x8000c0da (0x9c46) x24 0x00000002
core   0: 0x8000c0dc (0x00000001) c.nop
core   0: 3 0x8000c0dc (0x0001)
core   0: 0x8000c0de (0x4125dfb3) sra     t6, a1, s2
core   0: 3 0x8000c0de (0x4125dfb3) x31 0x000002c0
core   0: 0x8000c0e2 (0x00008bfd) c.andi  a5, 31
core   0: 3 0x8000c0e2 (0x8bfd) x15 0x00000000
core   0: 0x8000c0e4 (0x401708b3) sub     a7, a4, ra
core   0: 3 0x8000c0e4 (0x401708b3) x17 0x00000000
core   0: 0x8000c0e8 (0x9a24e893) ori     a7, s1, -1630
core   0: 3 0x8000c0e8 (0x9a24e893) x17 0xfffff9a2
core   0: 0x8000c0ec (0x00000001) c.nop
core   0: 3 0x8000c0ec (0x0001)
core   0: 0x8000c0ee (0x418d8833) sub     a6, s11, s8
core   0: 3 0x8000c0ee (0x418d8833) x16 0x80029ce2
core   0: 0x8000c0f2 (0x034a81b3) mul     gp, s5, s4
core   0: 3 0x8000c0f2 (0x034a81b3) x 3 0x00000000
core   0: 0x8000c0f6 (0x0288e933) rem     s2, a7, s0
core   0: 3 0x8000c0f6 (0x0288e933) x18 0xfffff9a2
core   0: 0x8000c0fa (0x00008085) c.srli  s1, 1
core   0: 3 0x8000c0fa (0x8085) x 9 0x00000000
core   0: 0x8000c0fc (0x00008c99) c.sub   s1, a4
core   0: 3 0x8000c0fc (0x8c99) x 9 0x00000000
core   0: 0x8000c0fe (0x0306f663) bgeu    a3, a6, pc + 44
core   0: 3 0x8000c0fe (0x0306f663)
core   0: 0x8000c102 (0x00456663) bltu    a0, tp, pc + 12
core   0: 3 0x8000c102 (0x00456663)
core   0: 0x8000c10e (0xf2efc413) xori    s0, t6, -210
core   0: 3 0x8000c10e (0xf2efc413) x 8 0xfffffdee
core   0: 0x8000c112 (0x024591b3) mulh    gp, a1, tp
core   0: 3 0x8000c112 (0x024591b3) x 3 0x00000050
core   0: 0x8000c116 (0x00411e63) bne     sp, tp, pc + 28
core   0: 3 0x8000c116 (0x00411e63)
core   0: 0x8000c132 (0x02cb98b3) mulh    a7, s7, a2
core   0: 3 0x8000c132 (0x02cb98b3) x17 0x00000000
core   0: 0x8000c136 (0x0000887d) c.andi  s0, 31
core   0: 3 0x8000c136 (0x887d) x 8 0x0000000e
core   0: 0x8000c138 (0x0000cf19) c.beqz  a4, pc + 30
core   0: 3 0x8000c138 (0xcf19)
core   0: 0x8000c156 (0x00d61b93) slli    s7, a2, 13
core   0: 3 0x8000c156 (0x00d61b93) x23 0x00000000
core   0: 0x8000c15a (0x021e1663) bne     t3, ra, pc + 44
core   0: 3 0x8000c15a (0x021e1663)
core   0: 0x8000c186 (0x02779263) bne     a5, t2, pc + 36
core   0: 3 0x8000c186 (0x02779263)
core   0: 0x8000c1aa (0x435492b7) lui     t0, 0x43549
core   0: 3 0x8000c1aa (0x435492b7) x 5 0x43549000
core   0: 0x8000c1ae (0x00000997) auipc   s3, 0x0
core   0: 3 0x8000c1ae (0x00000997) x19 0x8000c1ae
core   0: 0x8000c1b2 (0x00c98993) addi    s3, s3, 12
core   0: 3 0x8000c1b2 (0x00c98993) x19 0x8000c1ba
core   0: 0x8000c1b6 (0x00098067) jr      s3
core   0: 3 0x8000c1b6 (0x00098067)
core   0: 0x8000c1ba (0x00004185) c.li    gp, 1
core   0: 3 0x8000c1ba (0x4185) x 3 0x00000001
core   0: 0x8000c1bc (0x00000073) ecall
core   0: exception trap_machine_ecall, epc 0x8000c1bc
core   0: >>>>  mtvec_handler
core   0: 0x8000fa30 (0x0400006f) j       pc + 0x40
core   0: 3 0x8000fa30 (0x0400006f)
core   0: 0x8000fa70 (0x00001df1) c.addi  s11, -4
core   0: 3 0x8000fa70 (0x1df1) x27 0x80029ce0
core   0: 0x8000fa72 (0x016da023) sw      s6, 0(s11)
core   0: 3 0x8000fa72 (0x016da023) mem 0x80029ce0 0x80025e64
core   0: 0x8000fa76 (0x000d8b33) add     s6, s11, zero
core   0: 3 0x8000fa76 (0x000d8b33) x22 0x80029ce0
core   0: 0x8000fa7a (0xf80b0b13) addi    s6, s6, -128
core   0: 3 0x8000fa7a (0xf80b0b13) x22 0x80029c60
core   0: 0x8000fa7e (0x001b2223) sw      ra, 4(s6)
core   0: 3 0x8000fa7e (0x001b2223) mem 0x80029c64 0x00000000
core   0: 0x8000fa82 (0x002b2423) sw      sp, 8(s6)
core   0: 3 0x8000fa82 (0x002b2423) mem 0x80029c68 0xffffffff
core   0: 0x8000fa86 (0x003b2623) sw      gp, 12(s6)
core   0: 3 0x8000fa86 (0x003b2623) mem 0x80029c6c 0x00000001
core   0: 0x8000fa8a (0x004b2823) sw      tp, 16(s6)
core   0: 3 0x8000fa8a (0x004b2823) mem 0x80029c70 0x1d5b7016
core   0: 0x8000fa8e (0x005b2a23) sw      t0, 20(s6)
core   0: 3 0x8000fa8e (0x005b2a23) mem 0x80029c74 0x43549000
core   0: 0x8000fa92 (0x006b2c23) sw      t1, 24(s6)
core   0: 3 0x8000fa92 (0x006b2c23) mem 0x80029c78 0x00000000
core   0: 0x8000fa96 (0x007b2e23) sw      t2, 28(s6)
core   0: 3 0x8000fa96 (0x007b2e23) mem 0x80029c7c 0x00000668
core   0: 0x8000fa9a (0x028b2023) sw      s0, 32(s6)
core   0: 3 0x8000fa9a (0x028b2023) mem 0x80029c80 0x0000000e
core   0: 0x8000fa9e (0x029b2223) sw      s1, 36(s6)
core   0: 3 0x8000fa9e (0x029b2223) mem 0x80029c84 0x00000000
core   0: 0x8000faa2 (0x02ab2423) sw      a0, 40(s6)
core   0: 3 0x8000faa2 (0x02ab2423) mem 0x80029c88 0x00000001
core   0: 0x8000faa6 (0x02bb2623) sw      a1, 44(s6)
core   0: 3 0x8000faa6 (0x02bb2623) mem 0x80029c8c 0x000002c0
core   0: 0x8000faaa (0x02cb2823) sw      a2, 48(s6)
core   0: 3 0x8000faaa (0x02cb2823) mem 0x80029c90 0x00000000
core   0: 0x8000faae (0x02db2a23) sw      a3, 52(s6)
core   0: 3 0x8000faae (0x02db2a23) mem 0x80029c94 0x000003f0
core   0: 0x8000fab2 (0x02eb2c23) sw      a4, 56(s6)
core   0: 3 0x8000fab2 (0x02eb2c23) mem 0x80029c98 0x00000000
core   0: 0x8000fab6 (0x02fb2e23) sw      a5, 60(s6)
core   0: 3 0x8000fab6 (0x02fb2e23) mem 0x80029c9c 0x00000000
core   0: 0x8000faba (0x050b2023) sw      a6, 64(s6)
core   0: 3 0x8000faba (0x050b2023) mem 0x80029ca0 0x80029ce2
core   0: 0x8000fabe (0x051b2223) sw      a7, 68(s6)
core   0: 3 0x8000fabe (0x051b2223) mem 0x80029ca4 0x00000000
core   0: 0x8000fac2 (0x052b2423) sw      s2, 72(s6)
core   0: 3 0x8000fac2 (0x052b2423) mem 0x80029ca8 0xfffff9a2
core   0: 0x8000fac6 (0x053b2623) sw      s3, 76(s6)
core   0: 3 0x8000fac6 (0x053b2623) mem 0x80029cac 0x8000c1ba
core   0: 0x8000faca (0x054b2823) sw      s4, 80(s6)
core   0: 3 0x8000faca (0x054b2823) mem 0x80029cb0 0x7ffda040
core   0: 0x8000face (0x055b2a23) sw      s5, 84(s6)
core   0: 3 0x8000face (0x055b2a23) mem 0x80029cb4 0x00000000
core   0: 0x8000fad2 (0x056b2c23) sw      s6, 88(s6)
core   0: 3 0x8000fad2 (0x056b2c23) mem 0x80029cb8 0x80029c60
core   0: 0x8000fad6 (0x057b2e23) sw      s7, 92(s6)
core   0: 3 0x8000fad6 (0x057b2e23) mem 0x80029cbc 0x00000000
core   0: 0x8000fada (0x078b2023) sw      s8, 96(s6)
core   0: 3 0x8000fada (0x078b2023) mem 0x80029cc0 0x00000002
core   0: 0x8000fade (0x079b2223) sw      s9, 100(s6)
core   0: 3 0x8000fade (0x079b2223) mem 0x80029cc4 0x00000016
core   0: 0x8000fae2 (0x07ab2423) sw      s10, 104(s6)
core   0: 3 0x8000fae2 (0x07ab2423) mem 0x80029cc8 0x00000001
core   0: 0x8000fae6 (0x07bb2623) sw      s11, 108(s6)
core   0: 3 0x8000fae6 (0x07bb2623) mem 0x80029ccc 0x80029ce0
core   0: 0x8000faea (0x07cb2823) sw      t3, 112(s6)
core   0: 3 0x8000faea (0x07cb2823) mem 0x80029cd0 0x00000017
core   0: 0x8000faee (0x07db2a23) sw      t4, 116(s6)
core   0: 3 0x8000faee (0x07db2a23) mem 0x80029cd4 0x7ffda549
core   0: 0x8000faf2 (0x07eb2c23) sw      t5, 120(s6)
core   0: 3 0x8000faf2 (0x07eb2c23) mem 0x80029cd8 0x0000027b
core   0: 0x8000faf6 (0x07fb2e23) sw      t6, 124(s6)
core   0: 3 0x8000faf6 (0x07fb2e23) mem 0x80029cdc 0x000002c0
core   0: 0x8000fafa (0x000b0db3) add     s11, s6, zero
core   0: 3 0x8000fafa (0x000b0db3) x27 0x80029c60
core   0: 0x8000fafe (0x34102f73) csrr    t5, mepc
core   0: 3 0x8000fafe (0x34102f73) x30 0x8000c1bc
core   0: 0x8000fb02 (0x34202f73) csrr    t5, mcause
core   0: 3 0x8000fb02 (0x34202f73) x30 0x0000000b
core   0: 0x8000fb06 (0x0000490d) c.li    s2, 3
core   0: 3 0x8000fb06 (0x490d) x18 0x00000003
core   0: 0x8000fb08 (0x292f0d63) beq     t5, s2, pc + 666
core   0: 3 0x8000fb08 (0x292f0d63)
core   0: 0x8000fb0c (0x00004921) c.li    s2, 8
core   0: 3 0x8000fb0c (0x4921) x18 0x00000008
core   0: 0x8000fb0e (0x052f0563) beq     t5, s2, pc + 74
core   0: 3 0x8000fb0e (0x052f0563)
core   0: 0x8000fb12 (0x00004925) c.li    s2, 9
core   0: 3 0x8000fb12 (0x4925) x18 0x00000009
core   0: 0x8000fb14 (0x052f0263) beq     t5, s2, pc + 68
core   0: 3 0x8000fb14 (0x052f0263)
core   0: 0x8000fb18 (0x0000492d) c.li    s2, 11
core   0: 3 0x8000fb18 (0x492d) x18 0x0000000b
core   0: 0x8000fb1a (0x032f0f63) beq     t5, s2, pc + 62
core   0: 3 0x8000fb1a (0x032f0f63)
core   0: 0x8000fb58 (0xffff0f17) auipc   t5, 0xffff0
core   0: 3 0x8000fb58 (0xffff0f17) x30 0x7ffffb58
core   0: 0x8000fb5c (0x4a8f0f13) addi    t5, t5, 1192
core   0: 3 0x8000fb5c (0x4a8f0f13) x30 0x80000000
core   0: 0x8000fb60 (0x000f2023) sw      zero, 0(t5)
core   0: 3 0x8000fb60 (0x000f2023) mem 0x80000000 0x00000000
core   0: 0x8000fb64 (0x001f2223) sw      ra, 4(t5)
core   0: 3 0x8000fb64 (0x001f2223) mem 0x80000004 0x00000000
core   0: 0x8000fb68 (0x002f2423) sw      sp, 8(t5)
core   0: 3 0x8000fb68 (0x002f2423) mem 0x80000008 0xffffffff
core   0: 0x8000fb6c (0x003f2623) sw      gp, 12(t5)
core   0: 3 0x8000fb6c (0x003f2623) mem 0x8000000c 0x00000001
core   0: 0x8000fb70 (0x004f2823) sw      tp, 16(t5)
core   0: 3 0x8000fb70 (0x004f2823) mem 0x80000010 0x1d5b7016
core   0: 0x8000fb74 (0x005f2a23) sw      t0, 20(t5)
core   0: 3 0x8000fb74 (0x005f2a23) mem 0x80000014 0x43549000
core   0: 0x8000fb78 (0x006f2c23) sw      t1, 24(t5)
core   0: 3 0x8000fb78 (0x006f2c23) mem 0x80000018 0x00000000
core   0: 0x8000fb7c (0x007f2e23) sw      t2, 28(t5)
core   0: 3 0x8000fb7c (0x007f2e23) mem 0x8000001c 0x00000668
core   0: 0x8000fb80 (0x028f2023) sw      s0, 32(t5)
core   0: 3 0x8000fb80 (0x028f2023) mem 0x80000020 0x0000000e
core   0: 0x8000fb84 (0x029f2223) sw      s1, 36(t5)
core   0: 3 0x8000fb84 (0x029f2223) mem 0x80000024 0x00000000
core   0: 0x8000fb88 (0x02af2423) sw      a0, 40(t5)
core   0: 3 0x8000fb88 (0x02af2423) mem 0x80000028 0x00000001
core   0: 0x8000fb8c (0x02bf2623) sw      a1, 44(t5)
core   0: 3 0x8000fb8c (0x02bf2623) mem 0x8000002c 0x000002c0
core   0: 0x8000fb90 (0x02cf2823) sw      a2, 48(t5)
core   0: 3 0x8000fb90 (0x02cf2823) mem 0x80000030 0x00000000
core   0: 0x8000fb94 (0x02df2a23) sw      a3, 52(t5)
core   0: 3 0x8000fb94 (0x02df2a23) mem 0x80000034 0x000003f0
core   0: 0x8000fb98 (0x02ef2c23) sw      a4, 56(t5)
core   0: 3 0x8000fb98 (0x02ef2c23) mem 0x80000038 0x00000000
core   0: 0x8000fb9c (0x02ff2e23) sw      a5, 60(t5)
core   0: 3 0x8000fb9c (0x02ff2e23) mem 0x8000003c 0x00000000
core   0: 0x8000fba0 (0x050f2023) sw      a6, 64(t5)
core   0: 3 0x8000fba0 (0x050f2023) mem 0x80000040 0x80029ce2
core   0: 0x8000fba4 (0x051f2223) sw      a7, 68(t5)
core   0: 3 0x8000fba4 (0x051f2223) mem 0x80000044 0x00000000
core   0: 0x8000fba8 (0x052f2423) sw      s2, 72(t5)
core   0: 3 0x8000fba8 (0x052f2423) mem 0x80000048 0x0000000b
core   0: 0x8000fbac (0x053f2623) sw      s3, 76(t5)
core   0: 3 0x8000fbac (0x053f2623) mem 0x8000004c 0x8000c1ba
core   0: 0x8000fbb0 (0x054f2823) sw      s4, 80(t5)
core   0: 3 0x8000fbb0 (0x054f2823) mem 0x80000050 0x7ffda040
core   0: 0x8000fbb4 (0x055f2a23) sw      s5, 84(t5)
core   0: 3 0x8000fbb4 (0x055f2a23) mem 0x80000054 0x00000000
core   0: 0x8000fbb8 (0x056f2c23) sw      s6, 88(t5)
core   0: 3 0x8000fbb8 (0x056f2c23) mem 0x80000058 0x80029c60
core   0: 0x8000fbbc (0x057f2e23) sw      s7, 92(t5)
core   0: 3 0x8000fbbc (0x057f2e23) mem 0x8000005c 0x00000000
core   0: 0x8000fbc0 (0x078f2023) sw      s8, 96(t5)
core   0: 3 0x8000fbc0 (0x078f2023) mem 0x80000060 0x00000002
core   0: 0x8000fbc4 (0x079f2223) sw      s9, 100(t5)
core   0: 3 0x8000fbc4 (0x079f2223) mem 0x80000064 0x00000016
core   0: 0x8000fbc8 (0x07af2423) sw      s10, 104(t5)
core   0: 3 0x8000fbc8 (0x07af2423) mem 0x80000068 0x00000001
core   0: 0x8000fbcc (0x07bf2623) sw      s11, 108(t5)
core   0: 3 0x8000fbcc (0x07bf2623) mem 0x8000006c 0x80029c60
core   0: 0x8000fbd0 (0x07cf2823) sw      t3, 112(t5)
core   0: 3 0x8000fbd0 (0x07cf2823) mem 0x80000070 0x00000017
core   0: 0x8000fbd4 (0x07df2a23) sw      t4, 116(t5)
core   0: 3 0x8000fbd4 (0x07df2a23) mem 0x80000074 0x7ffda549
core   0: 0x8000fbd8 (0x07ef2c23) sw      t5, 120(t5)
core   0: 3 0x8000fbd8 (0x07ef2c23) mem 0x80000078 0x80000000
core   0: 0x8000fbdc (0x07ff2e23) sw      t6, 124(t5)
core   0: 3 0x8000fbdc (0x07ff2e23) mem 0x8000007c 0x000002c0
core   0: 0x8000fbe0 (0xfffff997) auipc   s3, 0xfffff
core   0: 3 0x8000fbe0 (0xfffff997) x19 0x8000ebe0
core   0: 0x8000fbe4 (0x44e98993) addi    s3, s3, 1102
core   0: 3 0x8000fbe4 (0x44e98993) x19 0x8000f02e
core   0: 0x8000fbe8 (0x00098067) jr      s3
core   0: 3 0x8000fbe8 (0x00098067)
core   0: 0x8000f02e (0x00001f17) auipc   t5, 0x1
core   0: 3 0x8000f02e (0x00001f17) x30 0x8001002e
core   0: 0x8000f032 (0xfc3f2923) sw      gp, -46(t5)
core   0: 3 0x8000f032 (0xfc3f2923) mem 0x80010000 0x00000001
core   0: 0x8000f036 (0x0000bfe5) c.j     pc - 8
core   0: 3 0x8000f036 (0xbfe5)
core   0: 0x8000f02e (0x00001f17) auipc   t5, 0x1
core   0: 3 0x8000f02e (0x00001f17) x30 0x8001002e
core   0: 0x8000f032 (0xfc3f2923) sw      gp, -46(t5)
core   0: 3 0x8000f032 (0xfc3f2923) mem 0x80010000 0x00000001
core   0: 0x8000f036 (0x0000bfe5) c.j     pc - 8
core   0: 3 0x8000f036 (0xbfe5)
core   0: 0x8000f02e (0x00001f17) auipc   t5, 0x1
core   0: 3 0x8000f02e (0x00001f17) x30 0x8001002e
core   0: 0x8000f032 (0xfc3f2923) sw      gp, -46(t5)
core   0: 3 0x8000f032 (0xfc3f2923) mem 0x80010000 0x00000001
core   0: 0x8000f036 (0x0000bfe5) c.j     pc - 8
core   0: 3 0x8000f036 (0xbfe5)
core   0: 0x8000f02e (0x00001f17) auipc   t5, 0x1
core   0: 3 0x8000f02e (0x00001f17) x30 0x8001002e
core   0: 0x8000f032 (0xfc3f2923) sw      gp, -46(t5)
core   0: 3 0x8000f032 (0xfc3f2923) mem 0x80010000 0x00000001
core   0: 0x8000f036 (0x0000bfe5) c.j     pc - 8
core   0: 3 0x8000f036 (0xbfe5)
core   0: 0x8000f02e (0x00001f17) auipc   t5, 0x1
core   0: 3 0x8000f02e (0x00001f17) x30 0x8001002e
core   0: 0x8000f032 (0xfc3f2923) sw      gp, -46(t5)
core   0: 3 0x8000f032 (0xfc3f2923) mem 0x80010000 0x00000001
core   0: 0x8000f036 (0x0000bfe5) c.j     pc - 8
core   0: 3 0x8000f036 (0xbfe5)
core   0: 0x8000f02e (0x00001f17) auipc   t5, 0x1
core   0: 3 0x8000f02e (0x00001f17) x30 0x8001002e
core   0: 0x8000f032 (0xfc3f2923) sw      gp, -46(t5)
core   0: 3 0x8000f032 (0xfc3f2923) mem 0x80010000 0x00000001
core   0: 0x8000f036 (0x0000bfe5) c.j     pc - 8
core   0: 3 0x8000f036 (0xbfe5)
core   0: 0x8000f02e (0x00001f17) auipc   t5, 0x1
core   0: 3 0x8000f02e (0x00001f17) x30 0x8001002e
core   0: 0x8000f032 (0xfc3f2923) sw      gp, -46(t5)
core   0: 3 0x8000f032 (0xfc3f2923) mem 0x80010000 0x00000001
core   0: 0x8000f036 (0x0000bfe5) c.j     pc - 8
core   0: 3 0x8000f036 (0xbfe5)
core   0: 0x8000f02e (0x00001f17) auipc   t5, 0x1
core   0: 3 0x8000f02e (0x00001f17) x30 0x8001002e
core   0: 0x8000f032 (0xfc3f2923) sw      gp, -46(t5)
core   0: 3 0x8000f032 (0xfc3f2923) mem 0x80010000 0x00000001
core   0: 0x8000f036 (0x0000bfe5) c.j     pc - 8
core   0: 3 0x8000f036 (0xbfe5)
core   0: 0x8000f02e (0x00001f17) auipc   t5, 0x1
core   0: 3 0x8000f02e (0x00001f17) x30 0x8001002e
core   0: 0x8000f032 (0xfc3f2923) sw      gp, -46(t5)
core   0: 3 0x8000f032 (0xfc3f2923) mem 0x80010000 0x00000001
core   0: 0x8000f036 (0x0000bfe5) c.j     pc - 8
core   0: 3 0x8000f036 (0xbfe5)
core   0: 0x8000f02e (0x00001f17) auipc   t5, 0x1
core   0: 3 0x8000f02e (0x00001f17) x30 0x8001002e
core   0: 0x8000f032 (0xfc3f2923) sw      gp, -46(t5)
core   0: 3 0x8000f032 (0xfc3f2923) mem 0x80010000 0x00000001
core   0: 0x8000f036 (0x0000bfe5) c.j     pc - 8
core   0: 3 0x8000f036 (0xbfe5)
core   0: 0x8000f02e (0x00001f17) auipc   t5, 0x1
core   0: 3 0x8000f02e (0x00001f17) x30 0x8001002e
core   0: 0x8000f032 (0xfc3f2923) sw      gp, -46(t5)
core   0: 3 0x8000f032 (0xfc3f2923) mem 0x80010000 0x00000001
core   0: 0x8000f036 (0x0000bfe5) c.j     pc - 8
core   0: 3 0x8000f036 (0xbfe5)
core   0: 0x8000f02e (0x00001f17) auipc   t5, 0x1
core   0: 3 0x8000f02e (0x00001f17) x30 0x8001002e
core   0: 0x8000f032 (0xfc3f2923) sw      gp, -46(t5)
core   0: 3 0x8000f032 (0xfc3f2923) mem 0x80010000 0x00000001
core   0: 0x8000f036 (0x0000bfe5) c.j     pc - 8
core   0: 3 0x8000f036 (0xbfe5)
core   0: 0x8000f02e (0x00001f17) auipc   t5, 0x1
core   0: 3 0x8000f02e (0x00001f17) x30 0x8001002e
core   0: 0x8000f032 (0xfc3f2923) sw      gp, -46(t5)
core   0: 3 0x8000f032 (0xfc3f2923) mem 0x80010000 0x00000001
core   0: 0x8000f036 (0x0000bfe5) c.j     pc - 8
core   0: 3 0x8000f036 (0xbfe5)
core   0: 0x8000f02e (0x00001f17) auipc   t5, 0x1
core   0: 3 0x8000f02e (0x00001f17) x30 0x8001002e
core   0: 0x8000f032 (0xfc3f2923) sw      gp, -46(t5)
core   0: 3 0x8000f032 (0xfc3f2923) mem 0x80010000 0x00000001
core   0: 0x8000f036 (0x0000bfe5) c.j     pc - 8
core   0: 3 0x8000f036 (0xbfe5)
core   0: 0x8000f02e (0x00001f17) auipc   t5, 0x1
core   0: 3 0x8000f02e (0x00001f17) x30 0x8001002e
core   0: 0x8000f032 (0xfc3f2923) sw      gp, -46(t5)
core   0: 3 0x8000f032 (0xfc3f2923) mem 0x80010000 0x00000001
core   0: 0x8000f036 (0x0000bfe5) c.j     pc - 8
core   0: 3 0x8000f036 (0xbfe5)
core   0: 0x8000f02e (0x00001f17) auipc   t5, 0x1
core   0: 3 0x8000f02e (0x00001f17) x30 0x8001002e
core   0: 0x8000f032 (0xfc3f2923) sw      gp, -46(t5)
core   0: 3 0x8000f032 (0xfc3f2923) mem 0x80010000 0x00000001
core   0: 0x8000f036 (0x0000bfe5) c.j     pc - 8
core   0: 3 0x8000f036 (0xbfe5)
core   0: 0x8000f02e (0x00001f17) auipc   t5, 0x1
core   0: 3 0x8000f02e (0x00001f17) x30 0x8001002e
core   0: 0x8000f032 (0xfc3f2923) sw      gp, -46(t5)
core   0: 3 0x8000f032 (0xfc3f2923) mem 0x80010000 0x00000001
core   0: 0x8000f036 (0x0000bfe5) c.j     pc - 8
core   0: 3 0x8000f036 (0xbfe5)
core   0: 0x8000f02e (0x00001f17) auipc   t5, 0x1
core   0: 3 0x8000f02e (0x00001f17) x30 0x8001002e
core   0: 0x8000f032 (0xfc3f2923) sw      gp, -46(t5)
core   0: 3 0x8000f032 (0xfc3f2923) mem 0x80010000 0x00000001
core   0: 0x8000f036 (0x0000bfe5) c.j     pc - 8
core   0: 3 0x8000f036 (0xbfe5)
core   0: 0x8000f02e (0x00001f17) auipc   t5, 0x1
core   0: 3 0x8000f02e (0x00001f17) x30 0x8001002e
core   0: 0x8000f032 (0xfc3f2923) sw      gp, -46(t5)
core   0: 3 0x8000f032 (0xfc3f2923) mem 0x80010000 0x00000001
core   0: 0x8000f036 (0x0000bfe5) c.j     pc - 8
core   0: 3 0x8000f036 (0xbfe5)
core   0: 0x8000f02e (0x00001f17) auipc   t5, 0x1
core   0: 3 0x8000f02e (0x00001f17) x30 0x8001002e
core   0: 0x8000f032 (0xfc3f2923) sw      gp, -46(t5)
core   0: 3 0x8000f032 (0xfc3f2923) mem 0x80010000 0x00000001
core   0: 0x8000f036 (0x0000bfe5) c.j     pc - 8
core   0: 3 0x8000f036 (0xbfe5)
core   0: 0x8000f02e (0x00001f17) auipc   t5, 0x1
core   0: 3 0x8000f02e (0x00001f17) x30 0x8001002e
core   0: 0x8000f032 (0xfc3f2923) sw      gp, -46(t5)
core   0: 3 0x8000f032 (0xfc3f2923) mem 0x80010000 0x00000001
core   0: 0x8000f036 (0x0000bfe5) c.j     pc - 8
core   0: 3 0x8000f036 (0xbfe5)
core   0: 0x8000f02e (0x00001f17) auipc   t5, 0x1
core   0: 3 0x8000f02e (0x00001f17) x30 0x8001002e
core   0: 0x8000f032 (0xfc3f2923) sw      gp, -46(t5)
core   0: 3 0x8000f032 (0xfc3f2923) mem 0x80010000 0x00000001
core   0: 0x8000f036 (0x0000bfe5) c.j     pc - 8
core   0: 3 0x8000f036 (0xbfe5)
core   0: 0x8000f02e (0x00001f17) auipc   t5, 0x1
core   0: 3 0x8000f02e (0x00001f17) x30 0x8001002e
core   0: 0x8000f032 (0xfc3f2923) sw      gp, -46(t5)
core   0: 3 0x8000f032 (0xfc3f2923) mem 0x80010000 0x00000001
core   0: 0x8000f036 (0x0000bfe5) c.j     pc - 8
core   0: 3 0x8000f036 (0xbfe5)
core   0: 0x8000f02e (0x00001f17) auipc   t5, 0x1
core   0: 3 0x8000f02e (0x00001f17) x30 0x8001002e
core   0: 0x8000f032 (0xfc3f2923) sw      gp, -46(t5)
core   0: 3 0x8000f032 (0xfc3f2923) mem 0x80010000 0x00000001
core   0: 0x8000f036 (0x0000bfe5) c.j     pc - 8
core   0: 3 0x8000f036 (0xbfe5)
core   0: 0x8000f02e (0x00001f17) auipc   t5, 0x1
core   0: 3 0x8000f02e (0x00001f17) x30 0x8001002e
core   0: 0x8000f032 (0xfc3f2923) sw      gp, -46(t5)
core   0: 3 0x8000f032 (0xfc3f2923) mem 0x80010000 0x00000001
core   0: 0x8000f036 (0x0000bfe5) c.j     pc - 8
core   0: 3 0x8000f036 (0xbfe5)
core   0: 0x8000f02e (0x00001f17) auipc   t5, 0x1
core   0: 3 0x8000f02e (0x00001f17) x30 0x8001002e
core   0: 0x8000f032 (0xfc3f2923) sw      gp, -46(t5)
core   0: 3 0x8000f032 (0xfc3f2923) mem 0x80010000 0x00000001
core   0: 0x8000f036 (0x0000bfe5) c.j     pc - 8
core   0: 3 0x8000f036 (0xbfe5)
core   0: 0x8000f02e (0x00001f17) auipc   t5, 0x1
core   0: 3 0x8000f02e (0x00001f17) x30 0x8001002e
core   0: 0x8000f032 (0xfc3f2923) sw      gp, -46(t5)
core   0: 3 0x8000f032 (0xfc3f2923) mem 0x80010000 0x00000001
core   0: 0x8000f036 (0x0000bfe5) c.j     pc - 8
core   0: 3 0x8000f036 (0xbfe5)
core   0: 0x8000f02e (0x00001f17) auipc   t5, 0x1
core   0: 3 0x8000f02e (0x00001f17) x30 0x8001002e
core   0: 0x8000f032 (0xfc3f2923) sw      gp, -46(t5)
core   0: 3 0x8000f032 (0xfc3f2923) mem 0x80010000 0x00000001
core   0: 0x8000f036 (0x0000bfe5) c.j     pc - 8
core   0: 3 0x8000f036 (0xbfe5)
core   0: 0x8000f02e (0x00001f17) auipc   t5, 0x1
core   0: 3 0x8000f02e (0x00001f17) x30 0x8001002e
core   0: 0x8000f032 (0xfc3f2923) sw      gp, -46(t5)
core   0: 3 0x8000f032 (0xfc3f2923) mem 0x80010000 0x00000001
core   0: 0x8000f036 (0x0000bfe5) c.j     pc - 8
core   0: 3 0x8000f036 (0xbfe5)
core   0: 0x8000f02e (0x00001f17) auipc   t5, 0x1
core   0: 3 0x8000f02e (0x00001f17) x30 0x8001002e
core   0: 0x8000f032 (0xfc3f2923) sw      gp, -46(t5)
core   0: 3 0x8000f032 (0xfc3f2923) mem 0x80010000 0x00000001
core   0: 0x8000f036 (0x0000bfe5) c.j     pc - 8
core   0: 3 0x8000f036 (0xbfe5)
core   0: 0x8000f02e (0x00001f17) auipc   t5, 0x1
core   0: 3 0x8000f02e (0x00001f17) x30 0x8001002e
core   0: 0x8000f032 (0xfc3f2923) sw      gp, -46(t5)
core   0: 3 0x8000f032 (0xfc3f2923) mem 0x80010000 0x00000001
core   0: 0x8000f036 (0x0000bfe5) c.j     pc - 8
core   0: 3 0x8000f036 (0xbfe5)
core   0: 0x8000f02e (0x00001f17) auipc   t5, 0x1
core   0: 3 0x8000f02e (0x00001f17) x30 0x8001002e
core   0: 0x8000f032 (0xfc3f2923) sw      gp, -46(t5)
core   0: 3 0x8000f032 (0xfc3f2923) mem 0x80010000 0x00000001
core   0: 0x8000f036 (0x0000bfe5) c.j     pc - 8
core   0: 3 0x8000f036 (0xbfe5)
core   0: 0x8000f02e (0x00001f17) auipc   t5, 0x1
core   0: 3 0x8000f02e (0x00001f17) x30 0x8001002e
core   0: 0x8000f032 (0xfc3f2923) sw      gp, -46(t5)
core   0: 3 0x8000f032 (0xfc3f2923) mem 0x80010000 0x00000001
core   0: 0x8000f036 (0x0000bfe5) c.j     pc - 8
core   0: 3 0x8000f036 (0xbfe5)
core   0: 0x8000f02e (0x00001f17) auipc   t5, 0x1
core   0: 3 0x8000f02e (0x00001f17) x30 0x8001002e
core   0: 0x8000f032 (0xfc3f2923) sw      gp, -46(t5)
core   0: 3 0x8000f032 (0xfc3f2923) mem 0x80010000 0x00000001
core   0: 0x8000f036 (0x0000bfe5) c.j     pc - 8
core   0: 3 0x8000f036 (0xbfe5)
core   0: 0x8000f02e (0x00001f17) auipc   t5, 0x1
core   0: 3 0x8000f02e (0x00001f17) x30 0x8001002e
core   0: 0x8000f032 (0xfc3f2923) sw      gp, -46(t5)
core   0: 3 0x8000f032 (0xfc3f2923) mem 0x80010000 0x00000001
core   0: 0x8000f036 (0x0000bfe5) c.j     pc - 8
core   0: 3 0x8000f036 (0xbfe5)
core   0: 0x8000f02e (0x00001f17) auipc   t5, 0x1
core   0: 3 0x8000f02e (0x00001f17) x30 0x8001002e
core   0: 0x8000f032 (0xfc3f2923) sw      gp, -46(t5)
core   0: 3 0x8000f032 (0xfc3f2923) mem 0x80010000 0x00000001
core   0: 0x8000f036 (0x0000bfe5) c.j     pc - 8
core   0: 3 0x8000f036 (0xbfe5)
core   0: 0x8000f02e (0x00001f17) auipc   t5, 0x1
core   0: 3 0x8000f02e (0x00001f17) x30 0x8001002e
core   0: 0x8000f032 (0xfc3f2923) sw      gp, -46(t5)
core   0: 3 0x8000f032 (0xfc3f2923) mem 0x80010000 0x00000001
core   0: 0x8000f036 (0x0000bfe5) c.j     pc - 8
core   0: 3 0x8000f036 (0xbfe5)
core   0: 0x8000f02e (0x00001f17) auipc   t5, 0x1
core   0: 3 0x8000f02e (0x00001f17) x30 0x8001002e
core   0: 0x8000f032 (0xfc3f2923) sw      gp, -46(t5)
core   0: 3 0x8000f032 (0xfc3f2923) mem 0x80010000 0x00000001
core   0: 0x8000f036 (0x0000bfe5) c.j     pc - 8
core   0: 3 0x8000f036 (0xbfe5)
core   0: 0x8000f02e (0x00001f17) auipc   t5, 0x1
core   0: 3 0x8000f02e (0x00001f17) x30 0x8001002e
core   0: 0x8000f032 (0xfc3f2923) sw      gp, -46(t5)
core   0: 3 0x8000f032 (0xfc3f2923) mem 0x80010000 0x00000001
core   0: 0x8000f036 (0x0000bfe5) c.j     pc - 8
core   0: 3 0x8000f036 (0xbfe5)
core   0: 0x8000f02e (0x00001f17) auipc   t5, 0x1
core   0: 3 0x8000f02e (0x00001f17) x30 0x8001002e
core   0: 0x8000f032 (0xfc3f2923) sw      gp, -46(t5)
core   0: 3 0x8000f032 (0xfc3f2923) mem 0x80010000 0x00000001
core   0: 0x8000f036 (0x0000bfe5) c.j     pc - 8
core   0: 3 0x8000f036 (0xbfe5)
core   0: 0x8000f02e (0x00001f17) auipc   t5, 0x1
core   0: 3 0x8000f02e (0x00001f17) x30 0x8001002e
core   0: 0x8000f032 (0xfc3f2923) sw      gp, -46(t5)
core   0: 3 0x8000f032 (0xfc3f2923) mem 0x80010000 0x00000001
core   0: 0x8000f036 (0x0000bfe5) c.j     pc - 8
core   0: 3 0x8000f036 (0xbfe5)
core   0: 0x8000f02e (0x00001f17) auipc   t5, 0x1
core   0: 3 0x8000f02e (0x00001f17) x30 0x8001002e
core   0: 0x8000f032 (0xfc3f2923) sw      gp, -46(t5)
core   0: 3 0x8000f032 (0xfc3f2923) mem 0x80010000 0x00000001
core   0: 0x8000f036 (0x0000bfe5) c.j     pc - 8
core   0: 3 0x8000f036 (0xbfe5)
core   0: 0x8000f02e (0x00001f17) auipc   t5, 0x1
core   0: 3 0x8000f02e (0x00001f17) x30 0x8001002e
core   0: 0x8000f032 (0xfc3f2923) sw      gp, -46(t5)
core   0: 3 0x8000f032 (0xfc3f2923) mem 0x80010000 0x00000001
core   0: 0x8000f036 (0x0000bfe5) c.j     pc - 8
core   0: 3 0x8000f036 (0xbfe5)
core   0: 0x8000f02e (0x00001f17) auipc   t5, 0x1
core   0: 3 0x8000f02e (0x00001f17) x30 0x8001002e
core   0: 0x8000f032 (0xfc3f2923) sw      gp, -46(t5)
core   0: 3 0x8000f032 (0xfc3f2923) mem 0x80010000 0x00000001
core   0: 0x8000f036 (0x0000bfe5) c.j     pc - 8
core   0: 3 0x8000f036 (0xbfe5)
core   0: 0x8000f02e (0x00001f17) auipc   t5, 0x1
core   0: 3 0x8000f02e (0x00001f17) x30 0x8001002e
core   0: 0x8000f032 (0xfc3f2923) sw      gp, -46(t5)
core   0: 3 0x8000f032 (0xfc3f2923) mem 0x80010000 0x00000001
core   0: 0x8000f036 (0x0000bfe5) c.j     pc - 8
core   0: 3 0x8000f036 (0xbfe5)
core   0: 0x8000f02e (0x00001f17) auipc   t5, 0x1
core   0: 3 0x8000f02e (0x00001f17) x30 0x8001002e
core   0: 0x8000f032 (0xfc3f2923) sw      gp, -46(t5)
core   0: 3 0x8000f032 (0xfc3f2923) mem 0x80010000 0x00000001
core   0: 0x8000f036 (0x0000bfe5) c.j     pc - 8
core   0: 3 0x8000f036 (0xbfe5)
core   0: 0x8000f02e (0x00001f17) auipc   t5, 0x1
core   0: 3 0x8000f02e (0x00001f17) x30 0x8001002e
core   0: 0x8000f032 (0xfc3f2923) sw      gp, -46(t5)
core   0: 3 0x8000f032 (0xfc3f2923) mem 0x80010000 0x00000001
core   0: 0x8000f036 (0x0000bfe5) c.j     pc - 8
core   0: 3 0x8000f036 (0xbfe5)
core   0: 0x8000f02e (0x00001f17) auipc   t5, 0x1
core   0: 3 0x8000f02e (0x00001f17) x30 0x8001002e
core   0: 0x8000f032 (0xfc3f2923) sw      gp, -46(t5)
core   0: 3 0x8000f032 (0xfc3f2923) mem 0x80010000 0x00000001
core   0: 0x8000f036 (0x0000bfe5) c.j     pc - 8
core   0: 3 0x8000f036 (0xbfe5)
core   0: 0x8000f02e (0x00001f17) auipc   t5, 0x1
core   0: 3 0x8000f02e (0x00001f17) x30 0x8001002e
core   0: 0x8000f032 (0xfc3f2923) sw      gp, -46(t5)
core   0: 3 0x8000f032 (0xfc3f2923) mem 0x80010000 0x00000001
core   0: 0x8000f036 (0x0000bfe5) c.j     pc - 8
core   0: 3 0x8000f036 (0xbfe5)
core   0: 0x8000f02e (0x00001f17) auipc   t5, 0x1
core   0: 3 0x8000f02e (0x00001f17) x30 0x8001002e
core   0: 0x8000f032 (0xfc3f2923) sw      gp, -46(t5)
core   0: 3 0x8000f032 (0xfc3f2923) mem 0x80010000 0x00000001
core   0: 0x8000f036 (0x0000bfe5) c.j     pc - 8
core   0: 3 0x8000f036 (0xbfe5)
core   0: 0x8000f02e (0x00001f17) auipc   t5, 0x1
core   0: 3 0x8000f02e (0x00001f17) x30 0x8001002e
core   0: 0x8000f032 (0xfc3f2923) sw      gp, -46(t5)
core   0: 3 0x8000f032 (0xfc3f2923) mem 0x80010000 0x00000001
core   0: 0x8000f036 (0x0000bfe5) c.j     pc - 8
core   0: 3 0x8000f036 (0xbfe5)
core   0: 0x8000f02e (0x00001f17) auipc   t5, 0x1
core   0: 3 0x8000f02e (0x00001f17) x30 0x8001002e
core   0: 0x8000f032 (0xfc3f2923) sw      gp, -46(t5)
core   0: 3 0x8000f032 (0xfc3f2923) mem 0x80010000 0x00000001
core   0: 0x8000f036 (0x0000bfe5) c.j     pc - 8
core   0: 3 0x8000f036 (0xbfe5)
core   0: 0x8000f02e (0x00001f17) auipc   t5, 0x1
core   0: 3 0x8000f02e (0x00001f17) x30 0x8001002e
core   0: 0x8000f032 (0xfc3f2923) sw      gp, -46(t5)
core   0: 3 0x8000f032 (0xfc3f2923) mem 0x80010000 0x00000001
core   0: 0x8000f036 (0x0000bfe5) c.j     pc - 8
core   0: 3 0x8000f036 (0xbfe5)
core   0: 0x8000f02e (0x00001f17) auipc   t5, 0x1
core   0: 3 0x8000f02e (0x00001f17) x30 0x8001002e
core   0: 0x8000f032 (0xfc3f2923) sw      gp, -46(t5)
core   0: 3 0x8000f032 (0xfc3f2923) mem 0x80010000 0x00000001
core   0: 0x8000f036 (0x0000bfe5) c.j     pc - 8
core   0: 3 0x8000f036 (0xbfe5)
core   0: 0x8000f02e (0x00001f17) auipc   t5, 0x1
core   0: 3 0x8000f02e (0x00001f17) x30 0x8001002e
core   0: 0x8000f032 (0xfc3f2923) sw      gp, -46(t5)
core   0: 3 0x8000f032 (0xfc3f2923) mem 0x80010000 0x00000001
core   0: 0x8000f036 (0x0000bfe5) c.j     pc - 8
core   0: 3 0x8000f036 (0xbfe5)
core   0: 0x8000f02e (0x00001f17) auipc   t5, 0x1
core   0: 3 0x8000f02e (0x00001f17) x30 0x8001002e
core   0: 0x8000f032 (0xfc3f2923) sw      gp, -46(t5)
core   0: 3 0x8000f032 (0xfc3f2923) mem 0x80010000 0x00000001
core   0: 0x8000f036 (0x0000bfe5) c.j     pc - 8
core   0: 3 0x8000f036 (0xbfe5)
core   0: 0x8000f02e (0x00001f17) auipc   t5, 0x1
core   0: 3 0x8000f02e (0x00001f17) x30 0x8001002e
core   0: 0x8000f032 (0xfc3f2923) sw      gp, -46(t5)
core   0: 3 0x8000f032 (0xfc3f2923) mem 0x80010000 0x00000001
core   0: 0x8000f036 (0x0000bfe5) c.j     pc - 8
core   0: 3 0x8000f036 (0xbfe5)
core   0: 0x8000f02e (0x00001f17) auipc   t5, 0x1
core   0: 3 0x8000f02e (0x00001f17) x30 0x8001002e
core   0: 0x8000f032 (0xfc3f2923) sw      gp, -46(t5)
core   0: 3 0x8000f032 (0xfc3f2923) mem 0x80010000 0x00000001
core   0: 0x8000f036 (0x0000bfe5) c.j     pc - 8
core   0: 3 0x8000f036 (0xbfe5)
core   0: 0x8000f02e (0x00001f17) auipc   t5, 0x1
core   0: 3 0x8000f02e (0x00001f17) x30 0x8001002e
core   0: 0x8000f032 (0xfc3f2923) sw      gp, -46(t5)
core   0: 3 0x8000f032 (0xfc3f2923) mem 0x80010000 0x00000001
core   0: 0x8000f036 (0x0000bfe5) c.j     pc - 8
core   0: 3 0x8000f036 (0xbfe5)
core   0: 0x8000f02e (0x00001f17) auipc   t5, 0x1
core   0: 3 0x8000f02e (0x00001f17) x30 0x8001002e
core   0: 0x8000f032 (0xfc3f2923) sw      gp, -46(t5)
core   0: 3 0x8000f032 (0xfc3f2923) mem 0x80010000 0x00000001
core   0: 0x8000f036 (0x0000bfe5) c.j     pc - 8
core   0: 3 0x8000f036 (0xbfe5)
core   0: 0x8000f02e (0x00001f17) auipc   t5, 0x1
core   0: 3 0x8000f02e (0x00001f17) x30 0x8001002e
core   0: 0x8000f032 (0xfc3f2923) sw      gp, -46(t5)
core   0: 3 0x8000f032 (0xfc3f2923) mem 0x80010000 0x00000001
core   0: 0x8000f036 (0x0000bfe5) c.j     pc - 8
core   0: 3 0x8000f036 (0xbfe5)
core   0: 0x8000f02e (0x00001f17) auipc   t5, 0x1
core   0: 3 0x8000f02e (0x00001f17) x30 0x8001002e
core   0: 0x8000f032 (0xfc3f2923) sw      gp, -46(t5)
core   0: 3 0x8000f032 (0xfc3f2923) mem 0x80010000 0x00000001
core   0: 0x8000f036 (0x0000bfe5) c.j     pc - 8
core   0: 3 0x8000f036 (0xbfe5)
core   0: 0x8000f02e (0x00001f17) auipc   t5, 0x1
core   0: 3 0x8000f02e (0x00001f17) x30 0x8001002e
core   0: 0x8000f032 (0xfc3f2923) sw      gp, -46(t5)
core   0: 3 0x8000f032 (0xfc3f2923) mem 0x80010000 0x00000001
core   0: 0x8000f036 (0x0000bfe5) c.j     pc - 8
core   0: 3 0x8000f036 (0xbfe5)
core   0: 0x8000f02e (0x00001f17) auipc   t5, 0x1
core   0: 3 0x8000f02e (0x00001f17) x30 0x8001002e
core   0: 0x8000f032 (0xfc3f2923) sw      gp, -46(t5)
core   0: 3 0x8000f032 (0xfc3f2923) mem 0x80010000 0x00000001
core   0: 0x8000f036 (0x0000bfe5) c.j     pc - 8
core   0: 3 0x8000f036 (0xbfe5)
core   0: 0x8000f02e (0x00001f17) auipc   t5, 0x1
core   0: 3 0x8000f02e (0x00001f17) x30 0x8001002e
core   0: 0x8000f032 (0xfc3f2923) sw      gp, -46(t5)
core   0: 3 0x8000f032 (0xfc3f2923) mem 0x80010000 0x00000001
core   0: 0x8000f036 (0x0000bfe5) c.j     pc - 8
core   0: 3 0x8000f036 (0xbfe5)
core   0: 0x8000f02e (0x00001f17) auipc   t5, 0x1
core   0: 3 0x8000f02e (0x00001f17) x30 0x8001002e
core   0: 0x8000f032 (0xfc3f2923) sw      gp, -46(t5)
core   0: 3 0x8000f032 (0xfc3f2923) mem 0x80010000 0x00000001
core   0: 0x8000f036 (0x0000bfe5) c.j     pc - 8
core   0: 3 0x8000f036 (0xbfe5)
core   0: 0x8000f02e (0x00001f17) auipc   t5, 0x1
core   0: 3 0x8000f02e (0x00001f17) x30 0x8001002e
core   0: 0x8000f032 (0xfc3f2923) sw      gp, -46(t5)
core   0: 3 0x8000f032 (0xfc3f2923) mem 0x80010000 0x00000001
core   0: 0x8000f036 (0x0000bfe5) c.j     pc - 8
core   0: 3 0x8000f036 (0xbfe5)
core   0: 0x8000f02e (0x00001f17) auipc   t5, 0x1
core   0: 3 0x8000f02e (0x00001f17) x30 0x8001002e
core   0: 0x8000f032 (0xfc3f2923) sw      gp, -46(t5)
core   0: 3 0x8000f032 (0xfc3f2923) mem 0x80010000 0x00000001
core   0: 0x8000f036 (0x0000bfe5) c.j     pc - 8
core   0: 3 0x8000f036 (0xbfe5)
core   0: 0x8000f02e (0x00001f17) auipc   t5, 0x1
core   0: 3 0x8000f02e (0x00001f17) x30 0x8001002e
core   0: 0x8000f032 (0xfc3f2923) sw      gp, -46(t5)
core   0: 3 0x8000f032 (0xfc3f2923) mem 0x80010000 0x00000001
core   0: 0x8000f036 (0x0000bfe5) c.j     pc - 8
core   0: 3 0x8000f036 (0xbfe5)
core   0: 0x8000f02e (0x00001f17) auipc   t5, 0x1
core   0: 3 0x8000f02e (0x00001f17) x30 0x8001002e
core   0: 0x8000f032 (0xfc3f2923) sw      gp, -46(t5)
core   0: 3 0x8000f032 (0xfc3f2923) mem 0x80010000 0x00000001
core   0: 0x8000f036 (0x0000bfe5) c.j     pc - 8
core   0: 3 0x8000f036 (0xbfe5)
core   0: 0x8000f02e (0x00001f17) auipc   t5, 0x1
core   0: 3 0x8000f02e (0x00001f17) x30 0x8001002e
core   0: 0x8000f032 (0xfc3f2923) sw      gp, -46(t5)
core   0: 3 0x8000f032 (0xfc3f2923) mem 0x80010000 0x00000001
core   0: 0x8000f036 (0x0000bfe5) c.j     pc - 8
core   0: 3 0x8000f036 (0xbfe5)
core   0: 0x8000f02e (0x00001f17) auipc   t5, 0x1
core   0: 3 0x8000f02e (0x00001f17) x30 0x8001002e
core   0: 0x8000f032 (0xfc3f2923) sw      gp, -46(t5)
core   0: 3 0x8000f032 (0xfc3f2923) mem 0x80010000 0x00000001
core   0: 0x8000f036 (0x0000bfe5) c.j     pc - 8
core   0: 3 0x8000f036 (0xbfe5)
core   0: 0x8000f02e (0x00001f17) auipc   t5, 0x1
core   0: 3 0x8000f02e (0x00001f17) x30 0x8001002e
core   0: 0x8000f032 (0xfc3f2923) sw      gp, -46(t5)
core   0: 3 0x8000f032 (0xfc3f2923) mem 0x80010000 0x00000001
core   0: 0x8000f036 (0x0000bfe5) c.j     pc - 8
core   0: 3 0x8000f036 (0xbfe5)
core   0: 0x8000f02e (0x00001f17) auipc   t5, 0x1
core   0: 3 0x8000f02e (0x00001f17) x30 0x8001002e
core   0: 0x8000f032 (0xfc3f2923) sw      gp, -46(t5)
core   0: 3 0x8000f032 (0xfc3f2923) mem 0x80010000 0x00000001
core   0: 0x8000f036 (0x0000bfe5) c.j     pc - 8
core   0: 3 0x8000f036 (0xbfe5)
core   0: 0x8000f02e (0x00001f17) auipc   t5, 0x1
core   0: 3 0x8000f02e (0x00001f17) x30 0x8001002e
core   0: 0x8000f032 (0xfc3f2923) sw      gp, -46(t5)
core   0: 3 0x8000f032 (0xfc3f2923) mem 0x80010000 0x00000001
core   0: 0x8000f036 (0x0000bfe5) c.j     pc - 8
core   0: 3 0x8000f036 (0xbfe5)
core   0: 0x8000f02e (0x00001f17) auipc   t5, 0x1
core   0: 3 0x8000f02e (0x00001f17) x30 0x8001002e
core   0: 0x8000f032 (0xfc3f2923) sw      gp, -46(t5)
core   0: 3 0x8000f032 (0xfc3f2923) mem 0x80010000 0x00000001
core   0: 0x8000f036 (0x0000bfe5) c.j     pc - 8
core   0: 3 0x8000f036 (0xbfe5)
core   0: 0x8000f02e (0x00001f17) auipc   t5, 0x1
core   0: 3 0x8000f02e (0x00001f17) x30 0x8001002e
core   0: 0x8000f032 (0xfc3f2923) sw      gp, -46(t5)
core   0: 3 0x8000f032 (0xfc3f2923) mem 0x80010000 0x00000001
core   0: 0x8000f036 (0x0000bfe5) c.j     pc - 8
core   0: 3 0x8000f036 (0xbfe5)
core   0: 0x8000f02e (0x00001f17) auipc   t5, 0x1
core   0: 3 0x8000f02e (0x00001f17) x30 0x8001002e
core   0: 0x8000f032 (0xfc3f2923) sw      gp, -46(t5)
core   0: 3 0x8000f032 (0xfc3f2923) mem 0x80010000 0x00000001
core   0: 0x8000f036 (0x0000bfe5) c.j     pc - 8
core   0: 3 0x8000f036 (0xbfe5)
core   0: 0x8000f02e (0x00001f17) auipc   t5, 0x1
core   0: 3 0x8000f02e (0x00001f17) x30 0x8001002e
core   0: 0x8000f032 (0xfc3f2923) sw      gp, -46(t5)
core   0: 3 0x8000f032 (0xfc3f2923) mem 0x80010000 0x00000001
core   0: 0x8000f036 (0x0000bfe5) c.j     pc - 8
core   0: 3 0x8000f036 (0xbfe5)
core   0: 0x8000f02e (0x00001f17) auipc   t5, 0x1
core   0: 3 0x8000f02e (0x00001f17) x30 0x8001002e
core   0: 0x8000f032 (0xfc3f2923) sw      gp, -46(t5)
core   0: 3 0x8000f032 (0xfc3f2923) mem 0x80010000 0x00000001
core   0: 0x8000f036 (0x0000bfe5) c.j     pc - 8
core   0: 3 0x8000f036 (0xbfe5)
core   0: 0x8000f02e (0x00001f17) auipc   t5, 0x1
core   0: 3 0x8000f02e (0x00001f17) x30 0x8001002e
core   0: 0x8000f032 (0xfc3f2923) sw      gp, -46(t5)
core   0: 3 0x8000f032 (0xfc3f2923) mem 0x80010000 0x00000001
core   0: 0x8000f036 (0x0000bfe5) c.j     pc - 8
core   0: 3 0x8000f036 (0xbfe5)
core   0: 0x8000f02e (0x00001f17) auipc   t5, 0x1
core   0: 3 0x8000f02e (0x00001f17) x30 0x8001002e
core   0: 0x8000f032 (0xfc3f2923) sw      gp, -46(t5)
core   0: 3 0x8000f032 (0xfc3f2923) mem 0x80010000 0x00000001
core   0: 0x8000f036 (0x0000bfe5) c.j     pc - 8
core   0: 3 0x8000f036 (0xbfe5)
core   0: 0x8000f02e (0x00001f17) auipc   t5, 0x1
core   0: 3 0x8000f02e (0x00001f17) x30 0x8001002e
core   0: 0x8000f032 (0xfc3f2923) sw      gp, -46(t5)
core   0: 3 0x8000f032 (0xfc3f2923) mem 0x80010000 0x00000001
core   0: 0x8000f036 (0x0000bfe5) c.j     pc - 8
core   0: 3 0x8000f036 (0xbfe5)
core   0: 0x8000f02e (0x00001f17) auipc   t5, 0x1
core   0: 3 0x8000f02e (0x00001f17) x30 0x8001002e
core   0: 0x8000f032 (0xfc3f2923) sw      gp, -46(t5)
core   0: 3 0x8000f032 (0xfc3f2923) mem 0x80010000 0x00000001
core   0: 0x8000f036 (0x0000bfe5) c.j     pc - 8
core   0: 3 0x8000f036 (0xbfe5)
core   0: 0x8000f02e (0x00001f17) auipc   t5, 0x1
core   0: 3 0x8000f02e (0x00001f17) x30 0x8001002e
core   0: 0x8000f032 (0xfc3f2923) sw      gp, -46(t5)
core   0: 3 0x8000f032 (0xfc3f2923) mem 0x80010000 0x00000001
core   0: 0x8000f036 (0x0000bfe5) c.j     pc - 8
core   0: 3 0x8000f036 (0xbfe5)
core   0: 0x8000f02e (0x00001f17) auipc   t5, 0x1
core   0: 3 0x8000f02e (0x00001f17) x30 0x8001002e
core   0: 0x8000f032 (0xfc3f2923) sw      gp, -46(t5)
core   0: 3 0x8000f032 (0xfc3f2923) mem 0x80010000 0x00000001
core   0: 0x8000f036 (0x0000bfe5) c.j     pc - 8
core   0: 3 0x8000f036 (0xbfe5)
core   0: 0x8000f02e (0x00001f17) auipc   t5, 0x1
core   0: 3 0x8000f02e (0x00001f17) x30 0x8001002e
core   0: 0x8000f032 (0xfc3f2923) sw      gp, -46(t5)
core   0: 3 0x8000f032 (0xfc3f2923) mem 0x80010000 0x00000001
core   0: 0x8000f036 (0x0000bfe5) c.j     pc - 8
core   0: 3 0x8000f036 (0xbfe5)
core   0: 0x8000f02e (0x00001f17) auipc   t5, 0x1
core   0: 3 0x8000f02e (0x00001f17) x30 0x8001002e
core   0: 0x8000f032 (0xfc3f2923) sw      gp, -46(t5)
core   0: 3 0x8000f032 (0xfc3f2923) mem 0x80010000 0x00000001
core   0: 0x8000f036 (0x0000bfe5) c.j     pc - 8
core   0: 3 0x8000f036 (0xbfe5)
core   0: 0x8000f02e (0x00001f17) auipc   t5, 0x1
core   0: 3 0x8000f02e (0x00001f17) x30 0x8001002e
core   0: 0x8000f032 (0xfc3f2923) sw      gp, -46(t5)
core   0: 3 0x8000f032 (0xfc3f2923) mem 0x80010000 0x00000001
core   0: 0x8000f036 (0x0000bfe5) c.j     pc - 8
core   0: 3 0x8000f036 (0xbfe5)
core   0: 0x8000f02e (0x00001f17) auipc   t5, 0x1
core   0: 3 0x8000f02e (0x00001f17) x30 0x8001002e
core   0: 0x8000f032 (0xfc3f2923) sw      gp, -46(t5)
core   0: 3 0x8000f032 (0xfc3f2923) mem 0x80010000 0x00000001
core   0: 0x8000f036 (0x0000bfe5) c.j     pc - 8
core   0: 3 0x8000f036 (0xbfe5)
core   0: 0x8000f02e (0x00001f17) auipc   t5, 0x1
core   0: 3 0x8000f02e (0x00001f17) x30 0x8001002e
core   0: 0x8000f032 (0xfc3f2923) sw      gp, -46(t5)
core   0: 3 0x8000f032 (0xfc3f2923) mem 0x80010000 0x00000001
core   0: 0x8000f036 (0x0000bfe5) c.j     pc - 8
core   0: 3 0x8000f036 (0xbfe5)
core   0: 0x8000f02e (0x00001f17) auipc   t5, 0x1
core   0: 3 0x8000f02e (0x00001f17) x30 0x8001002e
core   0: 0x8000f032 (0xfc3f2923) sw      gp, -46(t5)
core   0: 3 0x8000f032 (0xfc3f2923) mem 0x80010000 0x00000001
core   0: 0x8000f036 (0x0000bfe5) c.j     pc - 8
core   0: 3 0x8000f036 (0xbfe5)
core   0: 0x8000f02e (0x00001f17) auipc   t5, 0x1
core   0: 3 0x8000f02e (0x00001f17) x30 0x8001002e
core   0: 0x8000f032 (0xfc3f2923) sw      gp, -46(t5)
core   0: 3 0x8000f032 (0xfc3f2923) mem 0x80010000 0x00000001
core   0: 0x8000f036 (0x0000bfe5) c.j     pc - 8
core   0: 3 0x8000f036 (0xbfe5)
core   0: 0x8000f02e (0x00001f17) auipc   t5, 0x1
core   0: 3 0x8000f02e (0x00001f17) x30 0x8001002e
core   0: 0x8000f032 (0xfc3f2923) sw      gp, -46(t5)
core   0: 3 0x8000f032 (0xfc3f2923) mem 0x80010000 0x00000001
core   0: 0x8000f036 (0x0000bfe5) c.j     pc - 8
core   0: 3 0x8000f036 (0xbfe5)
core   0: 0x8000f02e (0x00001f17) auipc   t5, 0x1
core   0: 3 0x8000f02e (0x00001f17) x30 0x8001002e
core   0: 0x8000f032 (0xfc3f2923) sw      gp, -46(t5)
core   0: 3 0x8000f032 (0xfc3f2923) mem 0x80010000 0x00000001
core   0: 0x8000f036 (0x0000bfe5) c.j     pc - 8
core   0: 3 0x8000f036 (0xbfe5)
core   0: 0x8000f02e (0x00001f17) auipc   t5, 0x1
core   0: 3 0x8000f02e (0x00001f17) x30 0x8001002e
core   0: 0x8000f032 (0xfc3f2923) sw      gp, -46(t5)
core   0: 3 0x8000f032 (0xfc3f2923) mem 0x80010000 0x00000001
core   0: 0x8000f036 (0x0000bfe5) c.j     pc - 8
core   0: 3 0x8000f036 (0xbfe5)
core   0: 0x8000f02e (0x00001f17) auipc   t5, 0x1
core   0: 3 0x8000f02e (0x00001f17) x30 0x8001002e
core   0: 0x8000f032 (0xfc3f2923) sw      gp, -46(t5)
core   0: 3 0x8000f032 (0xfc3f2923) mem 0x80010000 0x00000001
core   0: 0x8000f036 (0x0000bfe5) c.j     pc - 8
core   0: 3 0x8000f036 (0xbfe5)
core   0: 0x8000f02e (0x00001f17) auipc   t5, 0x1
core   0: 3 0x8000f02e (0x00001f17) x30 0x8001002e
core   0: 0x8000f032 (0xfc3f2923) sw      gp, -46(t5)
core   0: 3 0x8000f032 (0xfc3f2923) mem 0x80010000 0x00000001
core   0: 0x8000f036 (0x0000bfe5) c.j     pc - 8
core   0: 3 0x8000f036 (0xbfe5)
core   0: 0x8000f02e (0x00001f17) auipc   t5, 0x1
core   0: 3 0x8000f02e (0x00001f17) x30 0x8001002e
core   0: 0x8000f032 (0xfc3f2923) sw      gp, -46(t5)
core   0: 3 0x8000f032 (0xfc3f2923) mem 0x80010000 0x00000001
core   0: 0x8000f036 (0x0000bfe5) c.j     pc - 8
core   0: 3 0x8000f036 (0xbfe5)
core   0: 0x8000f02e (0x00001f17) auipc   t5, 0x1
core   0: 3 0x8000f02e (0x00001f17) x30 0x8001002e
core   0: 0x8000f032 (0xfc3f2923) sw      gp, -46(t5)
core   0: 3 0x8000f032 (0xfc3f2923) mem 0x80010000 0x00000001
core   0: 0x8000f036 (0x0000bfe5) c.j     pc - 8
core   0: 3 0x8000f036 (0xbfe5)
core   0: 0x8000f02e (0x00001f17) auipc   t5, 0x1
core   0: 3 0x8000f02e (0x00001f17) x30 0x8001002e
core   0: 0x8000f032 (0xfc3f2923) sw      gp, -46(t5)
core   0: 3 0x8000f032 (0xfc3f2923) mem 0x80010000 0x00000001
core   0: 0x8000f036 (0x0000bfe5) c.j     pc - 8
core   0: 3 0x8000f036 (0xbfe5)
core   0: 0x8000f02e (0x00001f17) auipc   t5, 0x1
core   0: 3 0x8000f02e (0x00001f17) x30 0x8001002e
core   0: 0x8000f032 (0xfc3f2923) sw      gp, -46(t5)
core   0: 3 0x8000f032 (0xfc3f2923) mem 0x80010000 0x00000001
core   0: 0x8000f036 (0x0000bfe5) c.j     pc - 8
core   0: 3 0x8000f036 (0xbfe5)
core   0: 0x8000f02e (0x00001f17) auipc   t5, 0x1
core   0: 3 0x8000f02e (0x00001f17) x30 0x8001002e
core   0: 0x8000f032 (0xfc3f2923) sw      gp, -46(t5)
core   0: 3 0x8000f032 (0xfc3f2923) mem 0x80010000 0x00000001
core   0: 0x8000f036 (0x0000bfe5) c.j     pc - 8
core   0: 3 0x8000f036 (0xbfe5)
core   0: 0x8000f02e (0x00001f17) auipc   t5, 0x1
core   0: 3 0x8000f02e (0x00001f17) x30 0x8001002e
core   0: 0x8000f032 (0xfc3f2923) sw      gp, -46(t5)
core   0: 3 0x8000f032 (0xfc3f2923) mem 0x80010000 0x00000001
core   0: 0x8000f036 (0x0000bfe5) c.j     pc - 8
core   0: 3 0x8000f036 (0xbfe5)
core   0: 0x8000f02e (0x00001f17) auipc   t5, 0x1
core   0: 3 0x8000f02e (0x00001f17) x30 0x8001002e
core   0: 0x8000f032 (0xfc3f2923) sw      gp, -46(t5)
core   0: 3 0x8000f032 (0xfc3f2923) mem 0x80010000 0x00000001
core   0: 0x8000f036 (0x0000bfe5) c.j     pc - 8
core   0: 3 0x8000f036 (0xbfe5)
core   0: 0x8000f02e (0x00001f17) auipc   t5, 0x1
core   0: 3 0x8000f02e (0x00001f17) x30 0x8001002e
core   0: 0x8000f032 (0xfc3f2923) sw      gp, -46(t5)
core   0: 3 0x8000f032 (0xfc3f2923) mem 0x80010000 0x00000001
core   0: 0x8000f036 (0x0000bfe5) c.j     pc - 8
core   0: 3 0x8000f036 (0xbfe5)
core   0: 0x8000f02e (0x00001f17) auipc   t5, 0x1
core   0: 3 0x8000f02e (0x00001f17) x30 0x8001002e
core   0: 0x8000f032 (0xfc3f2923) sw      gp, -46(t5)
core   0: 3 0x8000f032 (0xfc3f2923) mem 0x80010000 0x00000001
core   0: 0x8000f036 (0x0000bfe5) c.j     pc - 8
core   0: 3 0x8000f036 (0xbfe5)
core   0: 0x8000f02e (0x00001f17) auipc   t5, 0x1
core   0: 3 0x8000f02e (0x00001f17) x30 0x8001002e
core   0: 0x8000f032 (0xfc3f2923) sw      gp, -46(t5)
core   0: 3 0x8000f032 (0xfc3f2923) mem 0x80010000 0x00000001
core   0: 0x8000f036 (0x0000bfe5) c.j     pc - 8
core   0: 3 0x8000f036 (0xbfe5)
core   0: 0x8000f02e (0x00001f17) auipc   t5, 0x1
core   0: 3 0x8000f02e (0x00001f17) x30 0x8001002e
core   0: 0x8000f032 (0xfc3f2923) sw      gp, -46(t5)
core   0: 3 0x8000f032 (0xfc3f2923) mem 0x80010000 0x00000001
core   0: 0x8000f036 (0x0000bfe5) c.j     pc - 8
core   0: 3 0x8000f036 (0xbfe5)
core   0: 0x8000f02e (0x00001f17) auipc   t5, 0x1
core   0: 3 0x8000f02e (0x00001f17) x30 0x8001002e
core   0: 0x8000f032 (0xfc3f2923) sw      gp, -46(t5)
core   0: 3 0x8000f032 (0xfc3f2923) mem 0x80010000 0x00000001
core   0: 0x8000f036 (0x0000bfe5) c.j     pc - 8
core   0: 3 0x8000f036 (0xbfe5)
core   0: 0x8000f02e (0x00001f17) auipc   t5, 0x1
core   0: 3 0x8000f02e (0x00001f17) x30 0x8001002e
core   0: 0x8000f032 (0xfc3f2923) sw      gp, -46(t5)
core   0: 3 0x8000f032 (0xfc3f2923) mem 0x80010000 0x00000001
core   0: 0x8000f036 (0x0000bfe5) c.j     pc - 8
core   0: 3 0x8000f036 (0xbfe5)
core   0: 0x8000f02e (0x00001f17) auipc   t5, 0x1
core   0: 3 0x8000f02e (0x00001f17) x30 0x8001002e
core   0: 0x8000f032 (0xfc3f2923) sw      gp, -46(t5)
core   0: 3 0x8000f032 (0xfc3f2923) mem 0x80010000 0x00000001
core   0: 0x8000f036 (0x0000bfe5) c.j     pc - 8
core   0: 3 0x8000f036 (0xbfe5)
core   0: 0x8000f02e (0x00001f17) auipc   t5, 0x1
core   0: 3 0x8000f02e (0x00001f17) x30 0x8001002e
core   0: 0x8000f032 (0xfc3f2923) sw      gp, -46(t5)
core   0: 3 0x8000f032 (0xfc3f2923) mem 0x80010000 0x00000001
core   0: 0x8000f036 (0x0000bfe5) c.j     pc - 8
core   0: 3 0x8000f036 (0xbfe5)
core   0: 0x8000f02e (0x00001f17) auipc   t5, 0x1
core   0: 3 0x8000f02e (0x00001f17) x30 0x8001002e
core   0: 0x8000f032 (0xfc3f2923) sw      gp, -46(t5)
core   0: 3 0x8000f032 (0xfc3f2923) mem 0x80010000 0x00000001
core   0: 0x8000f036 (0x0000bfe5) c.j     pc - 8
core   0: 3 0x8000f036 (0xbfe5)
core   0: 0x8000f02e (0x00001f17) auipc   t5, 0x1
core   0: 3 0x8000f02e (0x00001f17) x30 0x8001002e
core   0: 0x8000f032 (0xfc3f2923) sw      gp, -46(t5)
core   0: 3 0x8000f032 (0xfc3f2923) mem 0x80010000 0x00000001
core   0: 0x8000f036 (0x0000bfe5) c.j     pc - 8
core   0: 3 0x8000f036 (0xbfe5)
core   0: 0x8000f02e (0x00001f17) auipc   t5, 0x1
core   0: 3 0x8000f02e (0x00001f17) x30 0x8001002e
core   0: 0x8000f032 (0xfc3f2923) sw      gp, -46(t5)
core   0: 3 0x8000f032 (0xfc3f2923) mem 0x80010000 0x00000001
core   0: 0x8000f036 (0x0000bfe5) c.j     pc - 8
core   0: 3 0x8000f036 (0xbfe5)
core   0: 0x8000f02e (0x00001f17) auipc   t5, 0x1
core   0: 3 0x8000f02e (0x00001f17) x30 0x8001002e
core   0: 0x8000f032 (0xfc3f2923) sw      gp, -46(t5)
core   0: 3 0x8000f032 (0xfc3f2923) mem 0x80010000 0x00000001
core   0: 0x8000f036 (0x0000bfe5) c.j     pc - 8
core   0: 3 0x8000f036 (0xbfe5)
core   0: 0x8000f02e (0x00001f17) auipc   t5, 0x1
core   0: 3 0x8000f02e (0x00001f17) x30 0x8001002e
core   0: 0x8000f032 (0xfc3f2923) sw      gp, -46(t5)
core   0: 3 0x8000f032 (0xfc3f2923) mem 0x80010000 0x00000001
core   0: 0x8000f036 (0x0000bfe5) c.j     pc - 8
core   0: 3 0x8000f036 (0xbfe5)
core   0: 0x8000f02e (0x00001f17) auipc   t5, 0x1
core   0: 3 0x8000f02e (0x00001f17) x30 0x8001002e
core   0: 0x8000f032 (0xfc3f2923) sw      gp, -46(t5)
core   0: 3 0x8000f032 (0xfc3f2923) mem 0x80010000 0x00000001
core   0: 0x8000f036 (0x0000bfe5) c.j     pc - 8
core   0: 3 0x8000f036 (0xbfe5)
core   0: 0x8000f02e (0x00001f17) auipc   t5, 0x1
core   0: 3 0x8000f02e (0x00001f17) x30 0x8001002e
core   0: 0x8000f032 (0xfc3f2923) sw      gp, -46(t5)
core   0: 3 0x8000f032 (0xfc3f2923) mem 0x80010000 0x00000001
core   0: 0x8000f036 (0x0000bfe5) c.j     pc - 8
core   0: 3 0x8000f036 (0xbfe5)
core   0: 0x8000f02e (0x00001f17) auipc   t5, 0x1
core   0: 3 0x8000f02e (0x00001f17) x30 0x8001002e
core   0: 0x8000f032 (0xfc3f2923) sw      gp, -46(t5)
core   0: 3 0x8000f032 (0xfc3f2923) mem 0x80010000 0x00000001
core   0: 0x8000f036 (0x0000bfe5) c.j     pc - 8
core   0: 3 0x8000f036 (0xbfe5)
core   0: 0x8000f02e (0x00001f17) auipc   t5, 0x1
core   0: 3 0x8000f02e (0x00001f17) x30 0x8001002e
core   0: 0x8000f032 (0xfc3f2923) sw      gp, -46(t5)
core   0: 3 0x8000f032 (0xfc3f2923) mem 0x80010000 0x00000001
core   0: 0x8000f036 (0x0000bfe5) c.j     pc - 8
core   0: 3 0x8000f036 (0xbfe5)
core   0: 0x8000f02e (0x00001f17) auipc   t5, 0x1
core   0: 3 0x8000f02e (0x00001f17) x30 0x8001002e
core   0: 0x8000f032 (0xfc3f2923) sw      gp, -46(t5)
core   0: 3 0x8000f032 (0xfc3f2923) mem 0x80010000 0x00000001
core   0: 0x8000f036 (0x0000bfe5) c.j     pc - 8
core   0: 3 0x8000f036 (0xbfe5)
core   0: 0x8000f02e (0x00001f17) auipc   t5, 0x1
core   0: 3 0x8000f02e (0x00001f17) x30 0x8001002e
core   0: 0x8000f032 (0xfc3f2923) sw      gp, -46(t5)
core   0: 3 0x8000f032 (0xfc3f2923) mem 0x80010000 0x00000001
core   0: 0x8000f036 (0x0000bfe5) c.j     pc - 8
core   0: 3 0x8000f036 (0xbfe5)
core   0: 0x8000f02e (0x00001f17) auipc   t5, 0x1
core   0: 3 0x8000f02e (0x00001f17) x30 0x8001002e
core   0: 0x8000f032 (0xfc3f2923) sw      gp, -46(t5)
core   0: 3 0x8000f032 (0xfc3f2923) mem 0x80010000 0x00000001
core   0: 0x8000f036 (0x0000bfe5) c.j     pc - 8
core   0: 3 0x8000f036 (0xbfe5)
core   0: 0x8000f02e (0x00001f17) auipc   t5, 0x1
core   0: 3 0x8000f02e (0x00001f17) x30 0x8001002e
core   0: 0x8000f032 (0xfc3f2923) sw      gp, -46(t5)
core   0: 3 0x8000f032 (0xfc3f2923) mem 0x80010000 0x00000001
core   0: 0x8000f036 (0x0000bfe5) c.j     pc - 8
core   0: 3 0x8000f036 (0xbfe5)
core   0: 0x8000f02e (0x00001f17) auipc   t5, 0x1
core   0: 3 0x8000f02e (0x00001f17) x30 0x8001002e
core   0: 0x8000f032 (0xfc3f2923) sw      gp, -46(t5)
core   0: 3 0x8000f032 (0xfc3f2923) mem 0x80010000 0x00000001
core   0: 0x8000f036 (0x0000bfe5) c.j     pc - 8
core   0: 3 0x8000f036 (0xbfe5)
core   0: 0x8000f02e (0x00001f17) auipc   t5, 0x1
core   0: 3 0x8000f02e (0x00001f17) x30 0x8001002e
core   0: 0x8000f032 (0xfc3f2923) sw      gp, -46(t5)
core   0: 3 0x8000f032 (0xfc3f2923) mem 0x80010000 0x00000001
core   0: 0x8000f036 (0x0000bfe5) c.j     pc - 8
core   0: 3 0x8000f036 (0xbfe5)
core   0: 0x8000f02e (0x00001f17) auipc   t5, 0x1
core   0: 3 0x8000f02e (0x00001f17) x30 0x8001002e
core   0: 0x8000f032 (0xfc3f2923) sw      gp, -46(t5)
core   0: 3 0x8000f032 (0xfc3f2923) mem 0x80010000 0x00000001
core   0: 0x8000f036 (0x0000bfe5) c.j     pc - 8
core   0: 3 0x8000f036 (0xbfe5)
core   0: 0x8000f02e (0x00001f17) auipc   t5, 0x1
core   0: 3 0x8000f02e (0x00001f17) x30 0x8001002e
core   0: 0x8000f032 (0xfc3f2923) sw      gp, -46(t5)
core   0: 3 0x8000f032 (0xfc3f2923) mem 0x80010000 0x00000001
core   0: 0x8000f036 (0x0000bfe5) c.j     pc - 8
core   0: 3 0x8000f036 (0xbfe5)
core   0: 0x8000f02e (0x00001f17) auipc   t5, 0x1
core   0: 3 0x8000f02e (0x00001f17) x30 0x8001002e
core   0: 0x8000f032 (0xfc3f2923) sw      gp, -46(t5)
core   0: 3 0x8000f032 (0xfc3f2923) mem 0x80010000 0x00000001
core   0: 0x8000f036 (0x0000bfe5) c.j     pc - 8
core   0: 3 0x8000f036 (0xbfe5)
core   0: 0x8000f02e (0x00001f17) auipc   t5, 0x1
core   0: 3 0x8000f02e (0x00001f17) x30 0x8001002e
core   0: 0x8000f032 (0xfc3f2923) sw      gp, -46(t5)
core   0: 3 0x8000f032 (0xfc3f2923) mem 0x80010000 0x00000001
core   0: 0x8000f036 (0x0000bfe5) c.j     pc - 8
core   0: 3 0x8000f036 (0xbfe5)
core   0: 0x8000f02e (0x00001f17) auipc   t5, 0x1
core   0: 3 0x8000f02e (0x00001f17) x30 0x8001002e
core   0: 0x8000f032 (0xfc3f2923) sw      gp, -46(t5)
core   0: 3 0x8000f032 (0xfc3f2923) mem 0x80010000 0x00000001
core   0: 0x8000f036 (0x0000bfe5) c.j     pc - 8
core   0: 3 0x8000f036 (0xbfe5)
core   0: 0x8000f02e (0x00001f17) auipc   t5, 0x1
core   0: 3 0x8000f02e (0x00001f17) x30 0x8001002e
core   0: 0x8000f032 (0xfc3f2923) sw      gp, -46(t5)
core   0: 3 0x8000f032 (0xfc3f2923) mem 0x80010000 0x00000001
core   0: 0x8000f036 (0x0000bfe5) c.j     pc - 8
core   0: 3 0x8000f036 (0xbfe5)
core   0: 0x8000f02e (0x00001f17) auipc   t5, 0x1
core   0: 3 0x8000f02e (0x00001f17) x30 0x8001002e
core   0: 0x8000f032 (0xfc3f2923) sw      gp, -46(t5)
core   0: 3 0x8000f032 (0xfc3f2923) mem 0x80010000 0x00000001
core   0: 0x8000f036 (0x0000bfe5) c.j     pc - 8
core   0: 3 0x8000f036 (0xbfe5)
core   0: 0x8000f02e (0x00001f17) auipc   t5, 0x1
core   0: 3 0x8000f02e (0x00001f17) x30 0x8001002e
core   0: 0x8000f032 (0xfc3f2923) sw      gp, -46(t5)
core   0: 3 0x8000f032 (0xfc3f2923) mem 0x80010000 0x00000001
core   0: 0x8000f036 (0x0000bfe5) c.j     pc - 8
core   0: 3 0x8000f036 (0xbfe5)
core   0: 0x8000f02e (0x00001f17) auipc   t5, 0x1
core   0: 3 0x8000f02e (0x00001f17) x30 0x8001002e
core   0: 0x8000f032 (0xfc3f2923) sw      gp, -46(t5)
core   0: 3 0x8000f032 (0xfc3f2923) mem 0x80010000 0x00000001
core   0: 0x8000f036 (0x0000bfe5) c.j     pc - 8
core   0: 3 0x8000f036 (0xbfe5)
core   0: 0x8000f02e (0x00001f17) auipc   t5, 0x1
core   0: 3 0x8000f02e (0x00001f17) x30 0x8001002e
core   0: 0x8000f032 (0xfc3f2923) sw      gp, -46(t5)
core   0: 3 0x8000f032 (0xfc3f2923) mem 0x80010000 0x00000001
core   0: 0x8000f036 (0x0000bfe5) c.j     pc - 8
core   0: 3 0x8000f036 (0xbfe5)
core   0: 0x8000f02e (0x00001f17) auipc   t5, 0x1
core   0: 3 0x8000f02e (0x00001f17) x30 0x8001002e
core   0: 0x8000f032 (0xfc3f2923) sw      gp, -46(t5)
core   0: 3 0x8000f032 (0xfc3f2923) mem 0x80010000 0x00000001
core   0: 0x8000f036 (0x0000bfe5) c.j     pc - 8
core   0: 3 0x8000f036 (0xbfe5)
core   0: 0x8000f02e (0x00001f17) auipc   t5, 0x1
core   0: 3 0x8000f02e (0x00001f17) x30 0x8001002e
core   0: 0x8000f032 (0xfc3f2923) sw      gp, -46(t5)
core   0: 3 0x8000f032 (0xfc3f2923) mem 0x80010000 0x00000001
core   0: 0x8000f036 (0x0000bfe5) c.j     pc - 8
core   0: 3 0x8000f036 (0xbfe5)
core   0: 0x8000f02e (0x00001f17) auipc   t5, 0x1
core   0: 3 0x8000f02e (0x00001f17) x30 0x8001002e
core   0: 0x8000f032 (0xfc3f2923) sw      gp, -46(t5)
core   0: 3 0x8000f032 (0xfc3f2923) mem 0x80010000 0x00000001
core   0: 0x8000f036 (0x0000bfe5) c.j     pc - 8
core   0: 3 0x8000f036 (0xbfe5)
core   0: 0x8000f02e (0x00001f17) auipc   t5, 0x1
core   0: 3 0x8000f02e (0x00001f17) x30 0x8001002e
core   0: 0x8000f032 (0xfc3f2923) sw      gp, -46(t5)
core   0: 3 0x8000f032 (0xfc3f2923) mem 0x80010000 0x00000001
core   0: 0x8000f036 (0x0000bfe5) c.j     pc - 8
core   0: 3 0x8000f036 (0xbfe5)
core   0: 0x8000f02e (0x00001f17) auipc   t5, 0x1
core   0: 3 0x8000f02e (0x00001f17) x30 0x8001002e
core   0: 0x8000f032 (0xfc3f2923) sw      gp, -46(t5)
core   0: 3 0x8000f032 (0xfc3f2923) mem 0x80010000 0x00000001
core   0: 0x8000f036 (0x0000bfe5) c.j     pc - 8
core   0: 3 0x8000f036 (0xbfe5)
core   0: 0x8000f02e (0x00001f17) auipc   t5, 0x1
core   0: 3 0x8000f02e (0x00001f17) x30 0x8001002e
core   0: 0x8000f032 (0xfc3f2923) sw      gp, -46(t5)
core   0: 3 0x8000f032 (0xfc3f2923) mem 0x80010000 0x00000001
core   0: 0x8000f036 (0x0000bfe5) c.j     pc - 8
core   0: 3 0x8000f036 (0xbfe5)
core   0: 0x8000f02e (0x00001f17) auipc   t5, 0x1
core   0: 3 0x8000f02e (0x00001f17) x30 0x8001002e
core   0: 0x8000f032 (0xfc3f2923) sw      gp, -46(t5)
core   0: 3 0x8000f032 (0xfc3f2923) mem 0x80010000 0x00000001
core   0: 0x8000f036 (0x0000bfe5) c.j     pc - 8
core   0: 3 0x8000f036 (0xbfe5)
core   0: 0x8000f02e (0x00001f17) auipc   t5, 0x1
core   0: 3 0x8000f02e (0x00001f17) x30 0x8001002e
core   0: 0x8000f032 (0xfc3f2923) sw      gp, -46(t5)
core   0: 3 0x8000f032 (0xfc3f2923) mem 0x80010000 0x00000001
core   0: 0x8000f036 (0x0000bfe5) c.j     pc - 8
core   0: 3 0x8000f036 (0xbfe5)
core   0: 0x8000f02e (0x00001f17) auipc   t5, 0x1
core   0: 3 0x8000f02e (0x00001f17) x30 0x8001002e
core   0: 0x8000f032 (0xfc3f2923) sw      gp, -46(t5)
core   0: 3 0x8000f032 (0xfc3f2923) mem 0x80010000 0x00000001
core   0: 0x8000f036 (0x0000bfe5) c.j     pc - 8
core   0: 3 0x8000f036 (0xbfe5)
core   0: 0x8000f02e (0x00001f17) auipc   t5, 0x1
core   0: 3 0x8000f02e (0x00001f17) x30 0x8001002e
core   0: 0x8000f032 (0xfc3f2923) sw      gp, -46(t5)
core   0: 3 0x8000f032 (0xfc3f2923) mem 0x80010000 0x00000001
core   0: 0x8000f036 (0x0000bfe5) c.j     pc - 8
core   0: 3 0x8000f036 (0xbfe5)
core   0: 0x8000f02e (0x00001f17) auipc   t5, 0x1
core   0: 3 0x8000f02e (0x00001f17) x30 0x8001002e
core   0: 0x8000f032 (0xfc3f2923) sw      gp, -46(t5)
core   0: 3 0x8000f032 (0xfc3f2923) mem 0x80010000 0x00000001
core   0: 0x8000f036 (0x0000bfe5) c.j     pc - 8
core   0: 3 0x8000f036 (0xbfe5)
core   0: 0x8000f02e (0x00001f17) auipc   t5, 0x1
core   0: 3 0x8000f02e (0x00001f17) x30 0x8001002e
core   0: 0x8000f032 (0xfc3f2923) sw      gp, -46(t5)
core   0: 3 0x8000f032 (0xfc3f2923) mem 0x80010000 0x00000001
core   0: 0x8000f036 (0x0000bfe5) c.j     pc - 8
core   0: 3 0x8000f036 (0xbfe5)
core   0: 0x8000f02e (0x00001f17) auipc   t5, 0x1
core   0: 3 0x8000f02e (0x00001f17) x30 0x8001002e
core   0: 0x8000f032 (0xfc3f2923) sw      gp, -46(t5)
core   0: 3 0x8000f032 (0xfc3f2923) mem 0x80010000 0x00000001
core   0: 0x8000f036 (0x0000bfe5) c.j     pc - 8
core   0: 3 0x8000f036 (0xbfe5)
core   0: 0x8000f02e (0x00001f17) auipc   t5, 0x1
core   0: 3 0x8000f02e (0x00001f17) x30 0x8001002e
core   0: 0x8000f032 (0xfc3f2923) sw      gp, -46(t5)
core   0: 3 0x8000f032 (0xfc3f2923) mem 0x80010000 0x00000001
core   0: 0x8000f036 (0x0000bfe5) c.j     pc - 8
core   0: 3 0x8000f036 (0xbfe5)
core   0: 0x8000f02e (0x00001f17) auipc   t5, 0x1
core   0: 3 0x8000f02e (0x00001f17) x30 0x8001002e
core   0: 0x8000f032 (0xfc3f2923) sw      gp, -46(t5)
core   0: 3 0x8000f032 (0xfc3f2923) mem 0x80010000 0x00000001
core   0: 0x8000f036 (0x0000bfe5) c.j     pc - 8
core   0: 3 0x8000f036 (0xbfe5)
core   0: 0x8000f02e (0x00001f17) auipc   t5, 0x1
core   0: 3 0x8000f02e (0x00001f17) x30 0x8001002e
core   0: 0x8000f032 (0xfc3f2923) sw      gp, -46(t5)
core   0: 3 0x8000f032 (0xfc3f2923) mem 0x80010000 0x00000001
core   0: 0x8000f036 (0x0000bfe5) c.j     pc - 8
core   0: 3 0x8000f036 (0xbfe5)
core   0: 0x8000f02e (0x00001f17) auipc   t5, 0x1
core   0: 3 0x8000f02e (0x00001f17) x30 0x8001002e
core   0: 0x8000f032 (0xfc3f2923) sw      gp, -46(t5)
core   0: 3 0x8000f032 (0xfc3f2923) mem 0x80010000 0x00000001
core   0: 0x8000f036 (0x0000bfe5) c.j     pc - 8
core   0: 3 0x8000f036 (0xbfe5)
core   0: 0x8000f02e (0x00001f17) auipc   t5, 0x1
core   0: 3 0x8000f02e (0x00001f17) x30 0x8001002e
core   0: 0x8000f032 (0xfc3f2923) sw      gp, -46(t5)
core   0: 3 0x8000f032 (0xfc3f2923) mem 0x80010000 0x00000001
core   0: 0x8000f036 (0x0000bfe5) c.j     pc - 8
core   0: 3 0x8000f036 (0xbfe5)
core   0: 0x8000f02e (0x00001f17) auipc   t5, 0x1
core   0: 3 0x8000f02e (0x00001f17) x30 0x8001002e
core   0: 0x8000f032 (0xfc3f2923) sw      gp, -46(t5)
core   0: 3 0x8000f032 (0xfc3f2923) mem 0x80010000 0x00000001
core   0: 0x8000f036 (0x0000bfe5) c.j     pc - 8
core   0: 3 0x8000f036 (0xbfe5)
core   0: 0x8000f02e (0x00001f17) auipc   t5, 0x1
core   0: 3 0x8000f02e (0x00001f17) x30 0x8001002e
core   0: 0x8000f032 (0xfc3f2923) sw      gp, -46(t5)
core   0: 3 0x8000f032 (0xfc3f2923) mem 0x80010000 0x00000001
core   0: 0x8000f036 (0x0000bfe5) c.j     pc - 8
core   0: 3 0x8000f036 (0xbfe5)
core   0: 0x8000f02e (0x00001f17) auipc   t5, 0x1
core   0: 3 0x8000f02e (0x00001f17) x30 0x8001002e
core   0: 0x8000f032 (0xfc3f2923) sw      gp, -46(t5)
core   0: 3 0x8000f032 (0xfc3f2923) mem 0x80010000 0x00000001
core   0: 0x8000f036 (0x0000bfe5) c.j     pc - 8
core   0: 3 0x8000f036 (0xbfe5)
core   0: 0x8000f02e (0x00001f17) auipc   t5, 0x1
core   0: 3 0x8000f02e (0x00001f17) x30 0x8001002e
core   0: 0x8000f032 (0xfc3f2923) sw      gp, -46(t5)
core   0: 3 0x8000f032 (0xfc3f2923) mem 0x80010000 0x00000001
core   0: 0x8000f036 (0x0000bfe5) c.j     pc - 8
core   0: 3 0x8000f036 (0xbfe5)
core   0: 0x8000f02e (0x00001f17) auipc   t5, 0x1
core   0: 3 0x8000f02e (0x00001f17) x30 0x8001002e
core   0: 0x8000f032 (0xfc3f2923) sw      gp, -46(t5)
core   0: 3 0x8000f032 (0xfc3f2923) mem 0x80010000 0x00000001
core   0: 0x8000f036 (0x0000bfe5) c.j     pc - 8
core   0: 3 0x8000f036 (0xbfe5)
core   0: 0x8000f02e (0x00001f17) auipc   t5, 0x1
core   0: 3 0x8000f02e (0x00001f17) x30 0x8001002e
core   0: 0x8000f032 (0xfc3f2923) sw      gp, -46(t5)
core   0: 3 0x8000f032 (0xfc3f2923) mem 0x80010000 0x00000001
core   0: 0x8000f036 (0x0000bfe5) c.j     pc - 8
core   0: 3 0x8000f036 (0xbfe5)
core   0: 0x8000f02e (0x00001f17) auipc   t5, 0x1
core   0: 3 0x8000f02e (0x00001f17) x30 0x8001002e
core   0: 0x8000f032 (0xfc3f2923) sw      gp, -46(t5)
core   0: 3 0x8000f032 (0xfc3f2923) mem 0x80010000 0x00000001
core   0: 0x8000f036 (0x0000bfe5) c.j     pc - 8
core   0: 3 0x8000f036 (0xbfe5)
core   0: 0x8000f02e (0x00001f17) auipc   t5, 0x1
core   0: 3 0x8000f02e (0x00001f17) x30 0x8001002e
core   0: 0x8000f032 (0xfc3f2923) sw      gp, -46(t5)
core   0: 3 0x8000f032 (0xfc3f2923) mem 0x80010000 0x00000001
core   0: 0x8000f036 (0x0000bfe5) c.j     pc - 8
core   0: 3 0x8000f036 (0xbfe5)
core   0: 0x8000f02e (0x00001f17) auipc   t5, 0x1
core   0: 3 0x8000f02e (0x00001f17) x30 0x8001002e
core   0: 0x8000f032 (0xfc3f2923) sw      gp, -46(t5)
core   0: 3 0x8000f032 (0xfc3f2923) mem 0x80010000 0x00000001
core   0: 0x8000f036 (0x0000bfe5) c.j     pc - 8
core   0: 3 0x8000f036 (0xbfe5)
core   0: 0x8000f02e (0x00001f17) auipc   t5, 0x1
core   0: 3 0x8000f02e (0x00001f17) x30 0x8001002e
core   0: 0x8000f032 (0xfc3f2923) sw      gp, -46(t5)
core   0: 3 0x8000f032 (0xfc3f2923) mem 0x80010000 0x00000001
core   0: 0x8000f036 (0x0000bfe5) c.j     pc - 8
core   0: 3 0x8000f036 (0xbfe5)
core   0: 0x8000f02e (0x00001f17) auipc   t5, 0x1
core   0: 3 0x8000f02e (0x00001f17) x30 0x8001002e
core   0: 0x8000f032 (0xfc3f2923) sw      gp, -46(t5)
core   0: 3 0x8000f032 (0xfc3f2923) mem 0x80010000 0x00000001
core   0: 0x8000f036 (0x0000bfe5) c.j     pc - 8
core   0: 3 0x8000f036 (0xbfe5)
core   0: 0x8000f02e (0x00001f17) auipc   t5, 0x1
core   0: 3 0x8000f02e (0x00001f17) x30 0x8001002e
core   0: 0x8000f032 (0xfc3f2923) sw      gp, -46(t5)
core   0: 3 0x8000f032 (0xfc3f2923) mem 0x80010000 0x00000001
core   0: 0x8000f036 (0x0000bfe5) c.j     pc - 8
core   0: 3 0x8000f036 (0xbfe5)
core   0: 0x8000f02e (0x00001f17) auipc   t5, 0x1
core   0: 3 0x8000f02e (0x00001f17) x30 0x8001002e
core   0: 0x8000f032 (0xfc3f2923) sw      gp, -46(t5)
core   0: 3 0x8000f032 (0xfc3f2923) mem 0x80010000 0x00000001
core   0: 0x8000f036 (0x0000bfe5) c.j     pc - 8
core   0: 3 0x8000f036 (0xbfe5)
core   0: 0x8000f02e (0x00001f17) auipc   t5, 0x1
core   0: 3 0x8000f02e (0x00001f17) x30 0x8001002e
core   0: 0x8000f032 (0xfc3f2923) sw      gp, -46(t5)
core   0: 3 0x8000f032 (0xfc3f2923) mem 0x80010000 0x00000001
core   0: 0x8000f036 (0x0000bfe5) c.j     pc - 8
core   0: 3 0x8000f036 (0xbfe5)
core   0: 0x8000f02e (0x00001f17) auipc   t5, 0x1
core   0: 3 0x8000f02e (0x00001f17) x30 0x8001002e
core   0: 0x8000f032 (0xfc3f2923) sw      gp, -46(t5)
core   0: 3 0x8000f032 (0xfc3f2923) mem 0x80010000 0x00000001
core   0: 0x8000f036 (0x0000bfe5) c.j     pc - 8
core   0: 3 0x8000f036 (0xbfe5)
core   0: 0x8000f02e (0x00001f17) auipc   t5, 0x1
core   0: 3 0x8000f02e (0x00001f17) x30 0x8001002e
core   0: 0x8000f032 (0xfc3f2923) sw      gp, -46(t5)
core   0: 3 0x8000f032 (0xfc3f2923) mem 0x80010000 0x00000001
core   0: 0x8000f036 (0x0000bfe5) c.j     pc - 8
core   0: 3 0x8000f036 (0xbfe5)
core   0: 0x8000f02e (0x00001f17) auipc   t5, 0x1
core   0: 3 0x8000f02e (0x00001f17) x30 0x8001002e
core   0: 0x8000f032 (0xfc3f2923) sw      gp, -46(t5)
core   0: 3 0x8000f032 (0xfc3f2923) mem 0x80010000 0x00000001
core   0: 0x8000f036 (0x0000bfe5) c.j     pc - 8
core   0: 3 0x8000f036 (0xbfe5)
core   0: 0x8000f02e (0x00001f17) auipc   t5, 0x1
core   0: 3 0x8000f02e (0x00001f17) x30 0x8001002e
core   0: 0x8000f032 (0xfc3f2923) sw      gp, -46(t5)
core   0: 3 0x8000f032 (0xfc3f2923) mem 0x80010000 0x00000001
core   0: 0x8000f036 (0x0000bfe5) c.j     pc - 8
core   0: 3 0x8000f036 (0xbfe5)
core   0: 0x8000f02e (0x00001f17) auipc   t5, 0x1
core   0: 3 0x8000f02e (0x00001f17) x30 0x8001002e
core   0: 0x8000f032 (0xfc3f2923) sw      gp, -46(t5)
core   0: 3 0x8000f032 (0xfc3f2923) mem 0x80010000 0x00000001
core   0: 0x8000f036 (0x0000bfe5) c.j     pc - 8
core   0: 3 0x8000f036 (0xbfe5)
core   0: 0x8000f02e (0x00001f17) auipc   t5, 0x1
core   0: 3 0x8000f02e (0x00001f17) x30 0x8001002e
core   0: 0x8000f032 (0xfc3f2923) sw      gp, -46(t5)
core   0: 3 0x8000f032 (0xfc3f2923) mem 0x80010000 0x00000001
core   0: 0x8000f036 (0x0000bfe5) c.j     pc - 8
core   0: 3 0x8000f036 (0xbfe5)
core   0: 0x8000f02e (0x00001f17) auipc   t5, 0x1
core   0: 3 0x8000f02e (0x00001f17) x30 0x8001002e
core   0: 0x8000f032 (0xfc3f2923) sw      gp, -46(t5)
core   0: 3 0x8000f032 (0xfc3f2923) mem 0x80010000 0x00000001
core   0: 0x8000f036 (0x0000bfe5) c.j     pc - 8
core   0: 3 0x8000f036 (0xbfe5)
core   0: 0x8000f02e (0x00001f17) auipc   t5, 0x1
core   0: 3 0x8000f02e (0x00001f17) x30 0x8001002e
core   0: 0x8000f032 (0xfc3f2923) sw      gp, -46(t5)
core   0: 3 0x8000f032 (0xfc3f2923) mem 0x80010000 0x00000001
core   0: 0x8000f036 (0x0000bfe5) c.j     pc - 8
core   0: 3 0x8000f036 (0xbfe5)
core   0: 0x8000f02e (0x00001f17) auipc   t5, 0x1
core   0: 3 0x8000f02e (0x00001f17) x30 0x8001002e
core   0: 0x8000f032 (0xfc3f2923) sw      gp, -46(t5)
core   0: 3 0x8000f032 (0xfc3f2923) mem 0x80010000 0x00000001
core   0: 0x8000f036 (0x0000bfe5) c.j     pc - 8
core   0: 3 0x8000f036 (0xbfe5)
core   0: 0x8000f02e (0x00001f17) auipc   t5, 0x1
core   0: 3 0x8000f02e (0x00001f17) x30 0x8001002e
core   0: 0x8000f032 (0xfc3f2923) sw      gp, -46(t5)
core   0: 3 0x8000f032 (0xfc3f2923) mem 0x80010000 0x00000001
core   0: 0x8000f036 (0x0000bfe5) c.j     pc - 8
core   0: 3 0x8000f036 (0xbfe5)
core   0: 0x8000f02e (0x00001f17) auipc   t5, 0x1
core   0: 3 0x8000f02e (0x00001f17) x30 0x8001002e
core   0: 0x8000f032 (0xfc3f2923) sw      gp, -46(t5)
core   0: 3 0x8000f032 (0xfc3f2923) mem 0x80010000 0x00000001
core   0: 0x8000f036 (0x0000bfe5) c.j     pc - 8
core   0: 3 0x8000f036 (0xbfe5)
core   0: 0x8000f02e (0x00001f17) auipc   t5, 0x1
core   0: 3 0x8000f02e (0x00001f17) x30 0x8001002e
core   0: 0x8000f032 (0xfc3f2923) sw      gp, -46(t5)
core   0: 3 0x8000f032 (0xfc3f2923) mem 0x80010000 0x00000001
core   0: 0x8000f036 (0x0000bfe5) c.j     pc - 8
core   0: 3 0x8000f036 (0xbfe5)
core   0: 0x8000f02e (0x00001f17) auipc   t5, 0x1
core   0: 3 0x8000f02e (0x00001f17) x30 0x8001002e
core   0: 0x8000f032 (0xfc3f2923) sw      gp, -46(t5)
core   0: 3 0x8000f032 (0xfc3f2923) mem 0x80010000 0x00000001
core   0: 0x8000f036 (0x0000bfe5) c.j     pc - 8
core   0: 3 0x8000f036 (0xbfe5)
core   0: 0x8000f02e (0x00001f17) auipc   t5, 0x1
core   0: 3 0x8000f02e (0x00001f17) x30 0x8001002e
core   0: 0x8000f032 (0xfc3f2923) sw      gp, -46(t5)
core   0: 3 0x8000f032 (0xfc3f2923) mem 0x80010000 0x00000001
core   0: 0x8000f036 (0x0000bfe5) c.j     pc - 8
core   0: 3 0x8000f036 (0xbfe5)
core   0: 0x8000f02e (0x00001f17) auipc   t5, 0x1
core   0: 3 0x8000f02e (0x00001f17) x30 0x8001002e
core   0: 0x8000f032 (0xfc3f2923) sw      gp, -46(t5)
core   0: 3 0x8000f032 (0xfc3f2923) mem 0x80010000 0x00000001
core   0: 0x8000f036 (0x0000bfe5) c.j     pc - 8
core   0: 3 0x8000f036 (0xbfe5)
core   0: 0x8000f02e (0x00001f17) auipc   t5, 0x1
core   0: 3 0x8000f02e (0x00001f17) x30 0x8001002e
core   0: 0x8000f032 (0xfc3f2923) sw      gp, -46(t5)
core   0: 3 0x8000f032 (0xfc3f2923) mem 0x80010000 0x00000001
core   0: 0x8000f036 (0x0000bfe5) c.j     pc - 8
core   0: 3 0x8000f036 (0xbfe5)
core   0: 0x8000f02e (0x00001f17) auipc   t5, 0x1
core   0: 3 0x8000f02e (0x00001f17) x30 0x8001002e
core   0: 0x8000f032 (0xfc3f2923) sw      gp, -46(t5)
core   0: 3 0x8000f032 (0xfc3f2923) mem 0x80010000 0x00000001
core   0: 0x8000f036 (0x0000bfe5) c.j     pc - 8
core   0: 3 0x8000f036 (0xbfe5)
core   0: 0x8000f02e (0x00001f17) auipc   t5, 0x1
core   0: 3 0x8000f02e (0x00001f17) x30 0x8001002e
core   0: 0x8000f032 (0xfc3f2923) sw      gp, -46(t5)
core   0: 3 0x8000f032 (0xfc3f2923) mem 0x80010000 0x00000001
core   0: 0x8000f036 (0x0000bfe5) c.j     pc - 8
core   0: 3 0x8000f036 (0xbfe5)
core   0: 0x8000f02e (0x00001f17) auipc   t5, 0x1
core   0: 3 0x8000f02e (0x00001f17) x30 0x8001002e
core   0: 0x8000f032 (0xfc3f2923) sw      gp, -46(t5)
core   0: 3 0x8000f032 (0xfc3f2923) mem 0x80010000 0x00000001
core   0: 0x8000f036 (0x0000bfe5) c.j     pc - 8
core   0: 3 0x8000f036 (0xbfe5)
core   0: 0x8000f02e (0x00001f17) auipc   t5, 0x1
core   0: 3 0x8000f02e (0x00001f17) x30 0x8001002e
core   0: 0x8000f032 (0xfc3f2923) sw      gp, -46(t5)
core   0: 3 0x8000f032 (0xfc3f2923) mem 0x80010000 0x00000001
core   0: 0x8000f036 (0x0000bfe5) c.j     pc - 8
core   0: 3 0x8000f036 (0xbfe5)
core   0: 0x8000f02e (0x00001f17) auipc   t5, 0x1
core   0: 3 0x8000f02e (0x00001f17) x30 0x8001002e
core   0: 0x8000f032 (0xfc3f2923) sw      gp, -46(t5)
core   0: 3 0x8000f032 (0xfc3f2923) mem 0x80010000 0x00000001
core   0: 0x8000f036 (0x0000bfe5) c.j     pc - 8
core   0: 3 0x8000f036 (0xbfe5)
core   0: 0x8000f02e (0x00001f17) auipc   t5, 0x1
core   0: 3 0x8000f02e (0x00001f17) x30 0x8001002e
core   0: 0x8000f032 (0xfc3f2923) sw      gp, -46(t5)
core   0: 3 0x8000f032 (0xfc3f2923) mem 0x80010000 0x00000001
core   0: 0x8000f036 (0x0000bfe5) c.j     pc - 8
core   0: 3 0x8000f036 (0xbfe5)
core   0: 0x8000f02e (0x00001f17) auipc   t5, 0x1
core   0: 3 0x8000f02e (0x00001f17) x30 0x8001002e
core   0: 0x8000f032 (0xfc3f2923) sw      gp, -46(t5)
core   0: 3 0x8000f032 (0xfc3f2923) mem 0x80010000 0x00000001
core   0: 0x8000f036 (0x0000bfe5) c.j     pc - 8
core   0: 3 0x8000f036 (0xbfe5)
core   0: 0x8000f02e (0x00001f17) auipc   t5, 0x1
core   0: 3 0x8000f02e (0x00001f17) x30 0x8001002e
core   0: 0x8000f032 (0xfc3f2923) sw      gp, -46(t5)
core   0: 3 0x8000f032 (0xfc3f2923) mem 0x80010000 0x00000001
core   0: 0x8000f036 (0x0000bfe5) c.j     pc - 8
core   0: 3 0x8000f036 (0xbfe5)
core   0: 0x8000f02e (0x00001f17) auipc   t5, 0x1
core   0: 3 0x8000f02e (0x00001f17) x30 0x8001002e
core   0: 0x8000f032 (0xfc3f2923) sw      gp, -46(t5)
core   0: 3 0x8000f032 (0xfc3f2923) mem 0x80010000 0x00000001
core   0: 0x8000f036 (0x0000bfe5) c.j     pc - 8
core   0: 3 0x8000f036 (0xbfe5)
core   0: 0x8000f02e (0x00001f17) auipc   t5, 0x1
core   0: 3 0x8000f02e (0x00001f17) x30 0x8001002e
core   0: 0x8000f032 (0xfc3f2923) sw      gp, -46(t5)
core   0: 3 0x8000f032 (0xfc3f2923) mem 0x80010000 0x00000001
core   0: 0x8000f036 (0x0000bfe5) c.j     pc - 8
core   0: 3 0x8000f036 (0xbfe5)
core   0: 0x8000f02e (0x00001f17) auipc   t5, 0x1
core   0: 3 0x8000f02e (0x00001f17) x30 0x8001002e
core   0: 0x8000f032 (0xfc3f2923) sw      gp, -46(t5)
core   0: 3 0x8000f032 (0xfc3f2923) mem 0x80010000 0x00000001
core   0: 0x8000f036 (0x0000bfe5) c.j     pc - 8
core   0: 3 0x8000f036 (0xbfe5)
core   0: 0x8000f02e (0x00001f17) auipc   t5, 0x1
core   0: 3 0x8000f02e (0x00001f17) x30 0x8001002e
core   0: 0x8000f032 (0xfc3f2923) sw      gp, -46(t5)
core   0: 3 0x8000f032 (0xfc3f2923) mem 0x80010000 0x00000001
core   0: 0x8000f036 (0x0000bfe5) c.j     pc - 8
core   0: 3 0x8000f036 (0xbfe5)
core   0: 0x8000f02e (0x00001f17) auipc   t5, 0x1
core   0: 3 0x8000f02e (0x00001f17) x30 0x8001002e
core   0: 0x8000f032 (0xfc3f2923) sw      gp, -46(t5)
core   0: 3 0x8000f032 (0xfc3f2923) mem 0x80010000 0x00000001
core   0: 0x8000f036 (0x0000bfe5) c.j     pc - 8
core   0: 3 0x8000f036 (0xbfe5)
core   0: 0x8000f02e (0x00001f17) auipc   t5, 0x1
core   0: 3 0x8000f02e (0x00001f17) x30 0x8001002e
core   0: 0x8000f032 (0xfc3f2923) sw      gp, -46(t5)
core   0: 3 0x8000f032 (0xfc3f2923) mem 0x80010000 0x00000001
core   0: 0x8000f036 (0x0000bfe5) c.j     pc - 8
core   0: 3 0x8000f036 (0xbfe5)
core   0: 0x8000f02e (0x00001f17) auipc   t5, 0x1
core   0: 3 0x8000f02e (0x00001f17) x30 0x8001002e
core   0: 0x8000f032 (0xfc3f2923) sw      gp, -46(t5)
core   0: 3 0x8000f032 (0xfc3f2923) mem 0x80010000 0x00000001
core   0: 0x8000f036 (0x0000bfe5) c.j     pc - 8
core   0: 3 0x8000f036 (0xbfe5)
core   0: 0x8000f02e (0x00001f17) auipc   t5, 0x1
core   0: 3 0x8000f02e (0x00001f17) x30 0x8001002e
core   0: 0x8000f032 (0xfc3f2923) sw      gp, -46(t5)
core   0: 3 0x8000f032 (0xfc3f2923) mem 0x80010000 0x00000001
core   0: 0x8000f036 (0x0000bfe5) c.j     pc - 8
core   0: 3 0x8000f036 (0xbfe5)
core   0: 0x8000f02e (0x00001f17) auipc   t5, 0x1
core   0: 3 0x8000f02e (0x00001f17) x30 0x8001002e
core   0: 0x8000f032 (0xfc3f2923) sw      gp, -46(t5)
core   0: 3 0x8000f032 (0xfc3f2923) mem 0x80010000 0x00000001
core   0: 0x8000f036 (0x0000bfe5) c.j     pc - 8
core   0: 3 0x8000f036 (0xbfe5)
core   0: 0x8000f02e (0x00001f17) auipc   t5, 0x1
core   0: 3 0x8000f02e (0x00001f17) x30 0x8001002e
core   0: 0x8000f032 (0xfc3f2923) sw      gp, -46(t5)
core   0: 3 0x8000f032 (0xfc3f2923) mem 0x80010000 0x00000001
core   0: 0x8000f036 (0x0000bfe5) c.j     pc - 8
core   0: 3 0x8000f036 (0xbfe5)
core   0: 0x8000f02e (0x00001f17) auipc   t5, 0x1
core   0: 3 0x8000f02e (0x00001f17) x30 0x8001002e
core   0: 0x8000f032 (0xfc3f2923) sw      gp, -46(t5)
core   0: 3 0x8000f032 (0xfc3f2923) mem 0x80010000 0x00000001
core   0: 0x8000f036 (0x0000bfe5) c.j     pc - 8
core   0: 3 0x8000f036 (0xbfe5)
core   0: 0x8000f02e (0x00001f17) auipc   t5, 0x1
core   0: 3 0x8000f02e (0x00001f17) x30 0x8001002e
core   0: 0x8000f032 (0xfc3f2923) sw      gp, -46(t5)
core   0: 3 0x8000f032 (0xfc3f2923) mem 0x80010000 0x00000001
core   0: 0x8000f036 (0x0000bfe5) c.j     pc - 8
core   0: 3 0x8000f036 (0xbfe5)
core   0: 0x8000f02e (0x00001f17) auipc   t5, 0x1
core   0: 3 0x8000f02e (0x00001f17) x30 0x8001002e
core   0: 0x8000f032 (0xfc3f2923) sw      gp, -46(t5)
core   0: 3 0x8000f032 (0xfc3f2923) mem 0x80010000 0x00000001
core   0: 0x8000f036 (0x0000bfe5) c.j     pc - 8
core   0: 3 0x8000f036 (0xbfe5)
core   0: 0x8000f02e (0x00001f17) auipc   t5, 0x1
core   0: 3 0x8000f02e (0x00001f17) x30 0x8001002e
core   0: 0x8000f032 (0xfc3f2923) sw      gp, -46(t5)
core   0: 3 0x8000f032 (0xfc3f2923) mem 0x80010000 0x00000001
core   0: 0x8000f036 (0x0000bfe5) c.j     pc - 8
core   0: 3 0x8000f036 (0xbfe5)
core   0: 0x8000f02e (0x00001f17) auipc   t5, 0x1
core   0: 3 0x8000f02e (0x00001f17) x30 0x8001002e
core   0: 0x8000f032 (0xfc3f2923) sw      gp, -46(t5)
core   0: 3 0x8000f032 (0xfc3f2923) mem 0x80010000 0x00000001
core   0: 0x8000f036 (0x0000bfe5) c.j     pc - 8
core   0: 3 0x8000f036 (0xbfe5)
core   0: 0x8000f02e (0x00001f17) auipc   t5, 0x1
core   0: 3 0x8000f02e (0x00001f17) x30 0x8001002e
core   0: 0x8000f032 (0xfc3f2923) sw      gp, -46(t5)
core   0: 3 0x8000f032 (0xfc3f2923) mem 0x80010000 0x00000001
core   0: 0x8000f036 (0x0000bfe5) c.j     pc - 8
core   0: 3 0x8000f036 (0xbfe5)
core   0: 0x8000f02e (0x00001f17) auipc   t5, 0x1
core   0: 3 0x8000f02e (0x00001f17) x30 0x8001002e
core   0: 0x8000f032 (0xfc3f2923) sw      gp, -46(t5)
core   0: 3 0x8000f032 (0xfc3f2923) mem 0x80010000 0x00000001
core   0: 0x8000f036 (0x0000bfe5) c.j     pc - 8
core   0: 3 0x8000f036 (0xbfe5)
core   0: 0x8000f02e (0x00001f17) auipc   t5, 0x1
core   0: 3 0x8000f02e (0x00001f17) x30 0x8001002e
core   0: 0x8000f032 (0xfc3f2923) sw      gp, -46(t5)
core   0: 3 0x8000f032 (0xfc3f2923) mem 0x80010000 0x00000001
core   0: 0x8000f036 (0x0000bfe5) c.j     pc - 8
core   0: 3 0x8000f036 (0xbfe5)
core   0: 0x8000f02e (0x00001f17) auipc   t5, 0x1
core   0: 3 0x8000f02e (0x00001f17) x30 0x8001002e
core   0: 0x8000f032 (0xfc3f2923) sw      gp, -46(t5)
core   0: 3 0x8000f032 (0xfc3f2923) mem 0x80010000 0x00000001
core   0: 0x8000f036 (0x0000bfe5) c.j     pc - 8
core   0: 3 0x8000f036 (0xbfe5)
core   0: 0x8000f02e (0x00001f17) auipc   t5, 0x1
core   0: 3 0x8000f02e (0x00001f17) x30 0x8001002e
core   0: 0x8000f032 (0xfc3f2923) sw      gp, -46(t5)
core   0: 3 0x8000f032 (0xfc3f2923) mem 0x80010000 0x00000001
core   0: 0x8000f036 (0x0000bfe5) c.j     pc - 8
core   0: 3 0x8000f036 (0xbfe5)
core   0: 0x8000f02e (0x00001f17) auipc   t5, 0x1
core   0: 3 0x8000f02e (0x00001f17) x30 0x8001002e
core   0: 0x8000f032 (0xfc3f2923) sw      gp, -46(t5)
core   0: 3 0x8000f032 (0xfc3f2923) mem 0x80010000 0x00000001
core   0: 0x8000f036 (0x0000bfe5) c.j     pc - 8
core   0: 3 0x8000f036 (0xbfe5)
core   0: 0x8000f02e (0x00001f17) auipc   t5, 0x1
core   0: 3 0x8000f02e (0x00001f17) x30 0x8001002e
core   0: 0x8000f032 (0xfc3f2923) sw      gp, -46(t5)
core   0: 3 0x8000f032 (0xfc3f2923) mem 0x80010000 0x00000001
core   0: 0x8000f036 (0x0000bfe5) c.j     pc - 8
core   0: 3 0x8000f036 (0xbfe5)
core   0: 0x8000f02e (0x00001f17) auipc   t5, 0x1
core   0: 3 0x8000f02e (0x00001f17) x30 0x8001002e
core   0: 0x8000f032 (0xfc3f2923) sw      gp, -46(t5)
core   0: 3 0x8000f032 (0xfc3f2923) mem 0x80010000 0x00000001
core   0: 0x8000f036 (0x0000bfe5) c.j     pc - 8
core   0: 3 0x8000f036 (0xbfe5)
core   0: 0x8000f02e (0x00001f17) auipc   t5, 0x1
core   0: 3 0x8000f02e (0x00001f17) x30 0x8001002e
core   0: 0x8000f032 (0xfc3f2923) sw      gp, -46(t5)
core   0: 3 0x8000f032 (0xfc3f2923) mem 0x80010000 0x00000001
core   0: 0x8000f036 (0x0000bfe5) c.j     pc - 8
core   0: 3 0x8000f036 (0xbfe5)
core   0: 0x8000f02e (0x00001f17) auipc   t5, 0x1
core   0: 3 0x8000f02e (0x00001f17) x30 0x8001002e
core   0: 0x8000f032 (0xfc3f2923) sw      gp, -46(t5)
core   0: 3 0x8000f032 (0xfc3f2923) mem 0x80010000 0x00000001
core   0: 0x8000f036 (0x0000bfe5) c.j     pc - 8
core   0: 3 0x8000f036 (0xbfe5)
core   0: 0x8000f02e (0x00001f17) auipc   t5, 0x1
core   0: 3 0x8000f02e (0x00001f17) x30 0x8001002e
core   0: 0x8000f032 (0xfc3f2923) sw      gp, -46(t5)
core   0: 3 0x8000f032 (0xfc3f2923) mem 0x80010000 0x00000001
core   0: 0x8000f036 (0x0000bfe5) c.j     pc - 8
core   0: 3 0x8000f036 (0xbfe5)
core   0: 0x8000f02e (0x00001f17) auipc   t5, 0x1
core   0: 3 0x8000f02e (0x00001f17) x30 0x8001002e
core   0: 0x8000f032 (0xfc3f2923) sw      gp, -46(t5)
core   0: 3 0x8000f032 (0xfc3f2923) mem 0x80010000 0x00000001
core   0: 0x8000f036 (0x0000bfe5) c.j     pc - 8
core   0: 3 0x8000f036 (0xbfe5)
core   0: 0x8000f02e (0x00001f17) auipc   t5, 0x1
core   0: 3 0x8000f02e (0x00001f17) x30 0x8001002e
core   0: 0x8000f032 (0xfc3f2923) sw      gp, -46(t5)
core   0: 3 0x8000f032 (0xfc3f2923) mem 0x80010000 0x00000001
core   0: 0x8000f036 (0x0000bfe5) c.j     pc - 8
core   0: 3 0x8000f036 (0xbfe5)
core   0: 0x8000f02e (0x00001f17) auipc   t5, 0x1
core   0: 3 0x8000f02e (0x00001f17) x30 0x8001002e
core   0: 0x8000f032 (0xfc3f2923) sw      gp, -46(t5)
core   0: 3 0x8000f032 (0xfc3f2923) mem 0x80010000 0x00000001
core   0: 0x8000f036 (0x0000bfe5) c.j     pc - 8
core   0: 3 0x8000f036 (0xbfe5)
core   0: 0x8000f02e (0x00001f17) auipc   t5, 0x1
core   0: 3 0x8000f02e (0x00001f17) x30 0x8001002e
core   0: 0x8000f032 (0xfc3f2923) sw      gp, -46(t5)
core   0: 3 0x8000f032 (0xfc3f2923) mem 0x80010000 0x00000001
core   0: 0x8000f036 (0x0000bfe5) c.j     pc - 8
core   0: 3 0x8000f036 (0xbfe5)
core   0: 0x8000f02e (0x00001f17) auipc   t5, 0x1
core   0: 3 0x8000f02e (0x00001f17) x30 0x8001002e
core   0: 0x8000f032 (0xfc3f2923) sw      gp, -46(t5)
core   0: 3 0x8000f032 (0xfc3f2923) mem 0x80010000 0x00000001
core   0: 0x8000f036 (0x0000bfe5) c.j     pc - 8
core   0: 3 0x8000f036 (0xbfe5)
core   0: 0x8000f02e (0x00001f17) auipc   t5, 0x1
core   0: 3 0x8000f02e (0x00001f17) x30 0x8001002e
core   0: 0x8000f032 (0xfc3f2923) sw      gp, -46(t5)
core   0: 3 0x8000f032 (0xfc3f2923) mem 0x80010000 0x00000001
core   0: 0x8000f036 (0x0000bfe5) c.j     pc - 8
core   0: 3 0x8000f036 (0xbfe5)
core   0: 0x8000f02e (0x00001f17) auipc   t5, 0x1
core   0: 3 0x8000f02e (0x00001f17) x30 0x8001002e
core   0: 0x8000f032 (0xfc3f2923) sw      gp, -46(t5)
core   0: 3 0x8000f032 (0xfc3f2923) mem 0x80010000 0x00000001
core   0: 0x8000f036 (0x0000bfe5) c.j     pc - 8
core   0: 3 0x8000f036 (0xbfe5)
core   0: 0x8000f02e (0x00001f17) auipc   t5, 0x1
core   0: 3 0x8000f02e (0x00001f17) x30 0x8001002e
core   0: 0x8000f032 (0xfc3f2923) sw      gp, -46(t5)
core   0: 3 0x8000f032 (0xfc3f2923) mem 0x80010000 0x00000001
core   0: 0x8000f036 (0x0000bfe5) c.j     pc - 8
core   0: 3 0x8000f036 (0xbfe5)
core   0: 0x8000f02e (0x00001f17) auipc   t5, 0x1
core   0: 3 0x8000f02e (0x00001f17) x30 0x8001002e
core   0: 0x8000f032 (0xfc3f2923) sw      gp, -46(t5)
core   0: 3 0x8000f032 (0xfc3f2923) mem 0x80010000 0x00000001
core   0: 0x8000f036 (0x0000bfe5) c.j     pc - 8
core   0: 3 0x8000f036 (0xbfe5)
core   0: 0x8000f02e (0x00001f17) auipc   t5, 0x1
core   0: 3 0x8000f02e (0x00001f17) x30 0x8001002e
core   0: 0x8000f032 (0xfc3f2923) sw      gp, -46(t5)
core   0: 3 0x8000f032 (0xfc3f2923) mem 0x80010000 0x00000001
core   0: 0x8000f036 (0x0000bfe5) c.j     pc - 8
core   0: 3 0x8000f036 (0xbfe5)
core   0: 0x8000f02e (0x00001f17) auipc   t5, 0x1
core   0: 3 0x8000f02e (0x00001f17) x30 0x8001002e
core   0: 0x8000f032 (0xfc3f2923) sw      gp, -46(t5)
core   0: 3 0x8000f032 (0xfc3f2923) mem 0x80010000 0x00000001
core   0: 0x8000f036 (0x0000bfe5) c.j     pc - 8
core   0: 3 0x8000f036 (0xbfe5)
core   0: 0x8000f02e (0x00001f17) auipc   t5, 0x1
core   0: 3 0x8000f02e (0x00001f17) x30 0x8001002e
core   0: 0x8000f032 (0xfc3f2923) sw      gp, -46(t5)
core   0: 3 0x8000f032 (0xfc3f2923) mem 0x80010000 0x00000001
core   0: 0x8000f036 (0x0000bfe5) c.j     pc - 8
core   0: 3 0x8000f036 (0xbfe5)
core   0: 0x8000f02e (0x00001f17) auipc   t5, 0x1
core   0: 3 0x8000f02e (0x00001f17) x30 0x8001002e
core   0: 0x8000f032 (0xfc3f2923) sw      gp, -46(t5)
core   0: 3 0x8000f032 (0xfc3f2923) mem 0x80010000 0x00000001
core   0: 0x8000f036 (0x0000bfe5) c.j     pc - 8
core   0: 3 0x8000f036 (0xbfe5)
core   0: 0x8000f02e (0x00001f17) auipc   t5, 0x1
core   0: 3 0x8000f02e (0x00001f17) x30 0x8001002e
core   0: 0x8000f032 (0xfc3f2923) sw      gp, -46(t5)
core   0: 3 0x8000f032 (0xfc3f2923) mem 0x80010000 0x00000001
core   0: 0x8000f036 (0x0000bfe5) c.j     pc - 8
core   0: 3 0x8000f036 (0xbfe5)
core   0: 0x8000f02e (0x00001f17) auipc   t5, 0x1
core   0: 3 0x8000f02e (0x00001f17) x30 0x8001002e
core   0: 0x8000f032 (0xfc3f2923) sw      gp, -46(t5)
core   0: 3 0x8000f032 (0xfc3f2923) mem 0x80010000 0x00000001
core   0: 0x8000f036 (0x0000bfe5) c.j     pc - 8
core   0: 3 0x8000f036 (0xbfe5)
core   0: 0x8000f02e (0x00001f17) auipc   t5, 0x1
core   0: 3 0x8000f02e (0x00001f17) x30 0x8001002e
core   0: 0x8000f032 (0xfc3f2923) sw      gp, -46(t5)
core   0: 3 0x8000f032 (0xfc3f2923) mem 0x80010000 0x00000001
core   0: 0x8000f036 (0x0000bfe5) c.j     pc - 8
core   0: 3 0x8000f036 (0xbfe5)
core   0: 0x8000f02e (0x00001f17) auipc   t5, 0x1
core   0: 3 0x8000f02e (0x00001f17) x30 0x8001002e
core   0: 0x8000f032 (0xfc3f2923) sw      gp, -46(t5)
core   0: 3 0x8000f032 (0xfc3f2923) mem 0x80010000 0x00000001
core   0: 0x8000f036 (0x0000bfe5) c.j     pc - 8
core   0: 3 0x8000f036 (0xbfe5)
core   0: 0x8000f02e (0x00001f17) auipc   t5, 0x1
core   0: 3 0x8000f02e (0x00001f17) x30 0x8001002e
core   0: 0x8000f032 (0xfc3f2923) sw      gp, -46(t5)
core   0: 3 0x8000f032 (0xfc3f2923) mem 0x80010000 0x00000001
core   0: 0x8000f036 (0x0000bfe5) c.j     pc - 8
core   0: 3 0x8000f036 (0xbfe5)
core   0: 0x8000f02e (0x00001f17) auipc   t5, 0x1
core   0: 3 0x8000f02e (0x00001f17) x30 0x8001002e
core   0: 0x8000f032 (0xfc3f2923) sw      gp, -46(t5)
core   0: 3 0x8000f032 (0xfc3f2923) mem 0x80010000 0x00000001
core   0: 0x8000f036 (0x0000bfe5) c.j     pc - 8
core   0: 3 0x8000f036 (0xbfe5)
core   0: 0x8000f02e (0x00001f17) auipc   t5, 0x1
core   0: 3 0x8000f02e (0x00001f17) x30 0x8001002e
core   0: 0x8000f032 (0xfc3f2923) sw      gp, -46(t5)
core   0: 3 0x8000f032 (0xfc3f2923) mem 0x80010000 0x00000001
core   0: 0x8000f036 (0x0000bfe5) c.j     pc - 8
core   0: 3 0x8000f036 (0xbfe5)
core   0: 0x8000f02e (0x00001f17) auipc   t5, 0x1
core   0: 3 0x8000f02e (0x00001f17) x30 0x8001002e
core   0: 0x8000f032 (0xfc3f2923) sw      gp, -46(t5)
core   0: 3 0x8000f032 (0xfc3f2923) mem 0x80010000 0x00000001
core   0: 0x8000f036 (0x0000bfe5) c.j     pc - 8
core   0: 3 0x8000f036 (0xbfe5)
core   0: 0x8000f02e (0x00001f17) auipc   t5, 0x1
core   0: 3 0x8000f02e (0x00001f17) x30 0x8001002e
core   0: 0x8000f032 (0xfc3f2923) sw      gp, -46(t5)
core   0: 3 0x8000f032 (0xfc3f2923) mem 0x80010000 0x00000001
core   0: 0x8000f036 (0x0000bfe5) c.j     pc - 8
core   0: 3 0x8000f036 (0xbfe5)
core   0: 0x8000f02e (0x00001f17) auipc   t5, 0x1
core   0: 3 0x8000f02e (0x00001f17) x30 0x8001002e
core   0: 0x8000f032 (0xfc3f2923) sw      gp, -46(t5)
core   0: 3 0x8000f032 (0xfc3f2923) mem 0x80010000 0x00000001
core   0: 0x8000f036 (0x0000bfe5) c.j     pc - 8
core   0: 3 0x8000f036 (0xbfe5)
core   0: 0x8000f02e (0x00001f17) auipc   t5, 0x1
core   0: 3 0x8000f02e (0x00001f17) x30 0x8001002e
core   0: 0x8000f032 (0xfc3f2923) sw      gp, -46(t5)
core   0: 3 0x8000f032 (0xfc3f2923) mem 0x80010000 0x00000001
core   0: 0x8000f036 (0x0000bfe5) c.j     pc - 8
core   0: 3 0x8000f036 (0xbfe5)
core   0: 0x8000f02e (0x00001f17) auipc   t5, 0x1
core   0: 3 0x8000f02e (0x00001f17) x30 0x8001002e
core   0: 0x8000f032 (0xfc3f2923) sw      gp, -46(t5)
core   0: 3 0x8000f032 (0xfc3f2923) mem 0x80010000 0x00000001
core   0: 0x8000f036 (0x0000bfe5) c.j     pc - 8
core   0: 3 0x8000f036 (0xbfe5)
core   0: 0x8000f02e (0x00001f17) auipc   t5, 0x1
core   0: 3 0x8000f02e (0x00001f17) x30 0x8001002e
core   0: 0x8000f032 (0xfc3f2923) sw      gp, -46(t5)
core   0: 3 0x8000f032 (0xfc3f2923) mem 0x80010000 0x00000001
core   0: 0x8000f036 (0x0000bfe5) c.j     pc - 8
core   0: 3 0x8000f036 (0xbfe5)
core   0: 0x8000f02e (0x00001f17) auipc   t5, 0x1
core   0: 3 0x8000f02e (0x00001f17) x30 0x8001002e
core   0: 0x8000f032 (0xfc3f2923) sw      gp, -46(t5)
core   0: 3 0x8000f032 (0xfc3f2923) mem 0x80010000 0x00000001
core   0: 0x8000f036 (0x0000bfe5) c.j     pc - 8
core   0: 3 0x8000f036 (0xbfe5)
core   0: 0x8000f02e (0x00001f17) auipc   t5, 0x1
core   0: 3 0x8000f02e (0x00001f17) x30 0x8001002e
core   0: 0x8000f032 (0xfc3f2923) sw      gp, -46(t5)
core   0: 3 0x8000f032 (0xfc3f2923) mem 0x80010000 0x00000001
core   0: 0x8000f036 (0x0000bfe5) c.j     pc - 8
core   0: 3 0x8000f036 (0xbfe5)
core   0: 0x8000f02e (0x00001f17) auipc   t5, 0x1
core   0: 3 0x8000f02e (0x00001f17) x30 0x8001002e
core   0: 0x8000f032 (0xfc3f2923) sw      gp, -46(t5)
core   0: 3 0x8000f032 (0xfc3f2923) mem 0x80010000 0x00000001
core   0: 0x8000f036 (0x0000bfe5) c.j     pc - 8
core   0: 3 0x8000f036 (0xbfe5)
core   0: 0x8000f02e (0x00001f17) auipc   t5, 0x1
core   0: 3 0x8000f02e (0x00001f17) x30 0x8001002e
core   0: 0x8000f032 (0xfc3f2923) sw      gp, -46(t5)
core   0: 3 0x8000f032 (0xfc3f2923) mem 0x80010000 0x00000001
core   0: 0x8000f036 (0x0000bfe5) c.j     pc - 8
core   0: 3 0x8000f036 (0xbfe5)
core   0: 0x8000f02e (0x00001f17) auipc   t5, 0x1
core   0: 3 0x8000f02e (0x00001f17) x30 0x8001002e
core   0: 0x8000f032 (0xfc3f2923) sw      gp, -46(t5)
core   0: 3 0x8000f032 (0xfc3f2923) mem 0x80010000 0x00000001
core   0: 0x8000f036 (0x0000bfe5) c.j     pc - 8
core   0: 3 0x8000f036 (0xbfe5)
core   0: 0x8000f02e (0x00001f17) auipc   t5, 0x1
core   0: 3 0x8000f02e (0x00001f17) x30 0x8001002e
core   0: 0x8000f032 (0xfc3f2923) sw      gp, -46(t5)
core   0: 3 0x8000f032 (0xfc3f2923) mem 0x80010000 0x00000001
core   0: 0x8000f036 (0x0000bfe5) c.j     pc - 8
core   0: 3 0x8000f036 (0xbfe5)
core   0: 0x8000f02e (0x00001f17) auipc   t5, 0x1
core   0: 3 0x8000f02e (0x00001f17) x30 0x8001002e
core   0: 0x8000f032 (0xfc3f2923) sw      gp, -46(t5)
core   0: 3 0x8000f032 (0xfc3f2923) mem 0x80010000 0x00000001
core   0: 0x8000f036 (0x0000bfe5) c.j     pc - 8
core   0: 3 0x8000f036 (0xbfe5)
core   0: 0x8000f02e (0x00001f17) auipc   t5, 0x1
core   0: 3 0x8000f02e (0x00001f17) x30 0x8001002e
core   0: 0x8000f032 (0xfc3f2923) sw      gp, -46(t5)
core   0: 3 0x8000f032 (0xfc3f2923) mem 0x80010000 0x00000001
core   0: 0x8000f036 (0x0000bfe5) c.j     pc - 8
core   0: 3 0x8000f036 (0xbfe5)
core   0: 0x8000f02e (0x00001f17) auipc   t5, 0x1
core   0: 3 0x8000f02e (0x00001f17) x30 0x8001002e
core   0: 0x8000f032 (0xfc3f2923) sw      gp, -46(t5)
core   0: 3 0x8000f032 (0xfc3f2923) mem 0x80010000 0x00000001
core   0: 0x8000f036 (0x0000bfe5) c.j     pc - 8
core   0: 3 0x8000f036 (0xbfe5)
core   0: 0x8000f02e (0x00001f17) auipc   t5, 0x1
core   0: 3 0x8000f02e (0x00001f17) x30 0x8001002e
core   0: 0x8000f032 (0xfc3f2923) sw      gp, -46(t5)
core   0: 3 0x8000f032 (0xfc3f2923) mem 0x80010000 0x00000001
core   0: 0x8000f036 (0x0000bfe5) c.j     pc - 8
core   0: 3 0x8000f036 (0xbfe5)
core   0: 0x8000f02e (0x00001f17) auipc   t5, 0x1
core   0: 3 0x8000f02e (0x00001f17) x30 0x8001002e
core   0: 0x8000f032 (0xfc3f2923) sw      gp, -46(t5)
core   0: 3 0x8000f032 (0xfc3f2923) mem 0x80010000 0x00000001
core   0: 0x8000f036 (0x0000bfe5) c.j     pc - 8
core   0: 3 0x8000f036 (0xbfe5)
core   0: 0x8000f02e (0x00001f17) auipc   t5, 0x1
core   0: 3 0x8000f02e (0x00001f17) x30 0x8001002e
core   0: 0x8000f032 (0xfc3f2923) sw      gp, -46(t5)
core   0: 3 0x8000f032 (0xfc3f2923) mem 0x80010000 0x00000001
core   0: 0x8000f036 (0x0000bfe5) c.j     pc - 8
core   0: 3 0x8000f036 (0xbfe5)
core   0: 0x8000f02e (0x00001f17) auipc   t5, 0x1
core   0: 3 0x8000f02e (0x00001f17) x30 0x8001002e
core   0: 0x8000f032 (0xfc3f2923) sw      gp, -46(t5)
core   0: 3 0x8000f032 (0xfc3f2923) mem 0x80010000 0x00000001
core   0: 0x8000f036 (0x0000bfe5) c.j     pc - 8
core   0: 3 0x8000f036 (0xbfe5)
core   0: 0x8000f02e (0x00001f17) auipc   t5, 0x1
core   0: 3 0x8000f02e (0x00001f17) x30 0x8001002e
core   0: 0x8000f032 (0xfc3f2923) sw      gp, -46(t5)
core   0: 3 0x8000f032 (0xfc3f2923) mem 0x80010000 0x00000001
core   0: 0x8000f036 (0x0000bfe5) c.j     pc - 8
core   0: 3 0x8000f036 (0xbfe5)
core   0: 0x8000f02e (0x00001f17) auipc   t5, 0x1
core   0: 3 0x8000f02e (0x00001f17) x30 0x8001002e
core   0: 0x8000f032 (0xfc3f2923) sw      gp, -46(t5)
core   0: 3 0x8000f032 (0xfc3f2923) mem 0x80010000 0x00000001
core   0: 0x8000f036 (0x0000bfe5) c.j     pc - 8
core   0: 3 0x8000f036 (0xbfe5)
core   0: 0x8000f02e (0x00001f17) auipc   t5, 0x1
core   0: 3 0x8000f02e (0x00001f17) x30 0x8001002e
core   0: 0x8000f032 (0xfc3f2923) sw      gp, -46(t5)
core   0: 3 0x8000f032 (0xfc3f2923) mem 0x80010000 0x00000001
core   0: 0x8000f036 (0x0000bfe5) c.j     pc - 8
core   0: 3 0x8000f036 (0xbfe5)
core   0: 0x8000f02e (0x00001f17) auipc   t5, 0x1
core   0: 3 0x8000f02e (0x00001f17) x30 0x8001002e
core   0: 0x8000f032 (0xfc3f2923) sw      gp, -46(t5)
core   0: 3 0x8000f032 (0xfc3f2923) mem 0x80010000 0x00000001
core   0: 0x8000f036 (0x0000bfe5) c.j     pc - 8
core   0: 3 0x8000f036 (0xbfe5)
core   0: 0x8000f02e (0x00001f17) auipc   t5, 0x1
core   0: 3 0x8000f02e (0x00001f17) x30 0x8001002e
core   0: 0x8000f032 (0xfc3f2923) sw      gp, -46(t5)
core   0: 3 0x8000f032 (0xfc3f2923) mem 0x80010000 0x00000001
core   0: 0x8000f036 (0x0000bfe5) c.j     pc - 8
core   0: 3 0x8000f036 (0xbfe5)
core   0: 0x8000f02e (0x00001f17) auipc   t5, 0x1
core   0: 3 0x8000f02e (0x00001f17) x30 0x8001002e
core   0: 0x8000f032 (0xfc3f2923) sw      gp, -46(t5)
core   0: 3 0x8000f032 (0xfc3f2923) mem 0x80010000 0x00000001
core   0: 0x8000f036 (0x0000bfe5) c.j     pc - 8
core   0: 3 0x8000f036 (0xbfe5)
core   0: 0x8000f02e (0x00001f17) auipc   t5, 0x1
core   0: 3 0x8000f02e (0x00001f17) x30 0x8001002e
core   0: 0x8000f032 (0xfc3f2923) sw      gp, -46(t5)
core   0: 3 0x8000f032 (0xfc3f2923) mem 0x80010000 0x00000001
core   0: 0x8000f036 (0x0000bfe5) c.j     pc - 8
core   0: 3 0x8000f036 (0xbfe5)
core   0: 0x8000f02e (0x00001f17) auipc   t5, 0x1
core   0: 3 0x8000f02e (0x00001f17) x30 0x8001002e
core   0: 0x8000f032 (0xfc3f2923) sw      gp, -46(t5)
core   0: 3 0x8000f032 (0xfc3f2923) mem 0x80010000 0x00000001
core   0: 0x8000f036 (0x0000bfe5) c.j     pc - 8
core   0: 3 0x8000f036 (0xbfe5)
core   0: 0x8000f02e (0x00001f17) auipc   t5, 0x1
core   0: 3 0x8000f02e (0x00001f17) x30 0x8001002e
core   0: 0x8000f032 (0xfc3f2923) sw      gp, -46(t5)
core   0: 3 0x8000f032 (0xfc3f2923) mem 0x80010000 0x00000001
core   0: 0x8000f036 (0x0000bfe5) c.j     pc - 8
core   0: 3 0x8000f036 (0xbfe5)
core   0: 0x8000f02e (0x00001f17) auipc   t5, 0x1
core   0: 3 0x8000f02e (0x00001f17) x30 0x8001002e
core   0: 0x8000f032 (0xfc3f2923) sw      gp, -46(t5)
core   0: 3 0x8000f032 (0xfc3f2923) mem 0x80010000 0x00000001
core   0: 0x8000f036 (0x0000bfe5) c.j     pc - 8
core   0: 3 0x8000f036 (0xbfe5)
core   0: 0x8000f02e (0x00001f17) auipc   t5, 0x1
core   0: 3 0x8000f02e (0x00001f17) x30 0x8001002e
core   0: 0x8000f032 (0xfc3f2923) sw      gp, -46(t5)
core   0: 3 0x8000f032 (0xfc3f2923) mem 0x80010000 0x00000001
core   0: 0x8000f036 (0x0000bfe5) c.j     pc - 8
core   0: 3 0x8000f036 (0xbfe5)
core   0: 0x8000f02e (0x00001f17) auipc   t5, 0x1
core   0: 3 0x8000f02e (0x00001f17) x30 0x8001002e
core   0: 0x8000f032 (0xfc3f2923) sw      gp, -46(t5)
core   0: 3 0x8000f032 (0xfc3f2923) mem 0x80010000 0x00000001
core   0: 0x8000f036 (0x0000bfe5) c.j     pc - 8
core   0: 3 0x8000f036 (0xbfe5)
core   0: 0x8000f02e (0x00001f17) auipc   t5, 0x1
core   0: 3 0x8000f02e (0x00001f17) x30 0x8001002e
core   0: 0x8000f032 (0xfc3f2923) sw      gp, -46(t5)
core   0: 3 0x8000f032 (0xfc3f2923) mem 0x80010000 0x00000001
core   0: 0x8000f036 (0x0000bfe5) c.j     pc - 8
core   0: 3 0x8000f036 (0xbfe5)
core   0: 0x8000f02e (0x00001f17) auipc   t5, 0x1
core   0: 3 0x8000f02e (0x00001f17) x30 0x8001002e
core   0: 0x8000f032 (0xfc3f2923) sw      gp, -46(t5)
core   0: 3 0x8000f032 (0xfc3f2923) mem 0x80010000 0x00000001
core   0: 0x8000f036 (0x0000bfe5) c.j     pc - 8
core   0: 3 0x8000f036 (0xbfe5)
core   0: 0x8000f02e (0x00001f17) auipc   t5, 0x1
core   0: 3 0x8000f02e (0x00001f17) x30 0x8001002e
core   0: 0x8000f032 (0xfc3f2923) sw      gp, -46(t5)
core   0: 3 0x8000f032 (0xfc3f2923) mem 0x80010000 0x00000001
core   0: 0x8000f036 (0x0000bfe5) c.j     pc - 8
core   0: 3 0x8000f036 (0xbfe5)
core   0: 0x8000f02e (0x00001f17) auipc   t5, 0x1
core   0: 3 0x8000f02e (0x00001f17) x30 0x8001002e
core   0: 0x8000f032 (0xfc3f2923) sw      gp, -46(t5)
core   0: 3 0x8000f032 (0xfc3f2923) mem 0x80010000 0x00000001
core   0: 0x8000f036 (0x0000bfe5) c.j     pc - 8
core   0: 3 0x8000f036 (0xbfe5)
core   0: 0x8000f02e (0x00001f17) auipc   t5, 0x1
core   0: 3 0x8000f02e (0x00001f17) x30 0x8001002e
core   0: 0x8000f032 (0xfc3f2923) sw      gp, -46(t5)
core   0: 3 0x8000f032 (0xfc3f2923) mem 0x80010000 0x00000001
core   0: 0x8000f036 (0x0000bfe5) c.j     pc - 8
core   0: 3 0x8000f036 (0xbfe5)
core   0: 0x8000f02e (0x00001f17) auipc   t5, 0x1
core   0: 3 0x8000f02e (0x00001f17) x30 0x8001002e
core   0: 0x8000f032 (0xfc3f2923) sw      gp, -46(t5)
core   0: 3 0x8000f032 (0xfc3f2923) mem 0x80010000 0x00000001
core   0: 0x8000f036 (0x0000bfe5) c.j     pc - 8
core   0: 3 0x8000f036 (0xbfe5)
core   0: 0x8000f02e (0x00001f17) auipc   t5, 0x1
core   0: 3 0x8000f02e (0x00001f17) x30 0x8001002e
core   0: 0x8000f032 (0xfc3f2923) sw      gp, -46(t5)
core   0: 3 0x8000f032 (0xfc3f2923) mem 0x80010000 0x00000001
core   0: 0x8000f036 (0x0000bfe5) c.j     pc - 8
core   0: 3 0x8000f036 (0xbfe5)
core   0: 0x8000f02e (0x00001f17) auipc   t5, 0x1
core   0: 3 0x8000f02e (0x00001f17) x30 0x8001002e
core   0: 0x8000f032 (0xfc3f2923) sw      gp, -46(t5)
core   0: 3 0x8000f032 (0xfc3f2923) mem 0x80010000 0x00000001
core   0: 0x8000f036 (0x0000bfe5) c.j     pc - 8
core   0: 3 0x8000f036 (0xbfe5)
core   0: 0x8000f02e (0x00001f17) auipc   t5, 0x1
core   0: 3 0x8000f02e (0x00001f17) x30 0x8001002e
core   0: 0x8000f032 (0xfc3f2923) sw      gp, -46(t5)
core   0: 3 0x8000f032 (0xfc3f2923) mem 0x80010000 0x00000001
core   0: 0x8000f036 (0x0000bfe5) c.j     pc - 8
core   0: 3 0x8000f036 (0xbfe5)
core   0: 0x8000f02e (0x00001f17) auipc   t5, 0x1
core   0: 3 0x8000f02e (0x00001f17) x30 0x8001002e
core   0: 0x8000f032 (0xfc3f2923) sw      gp, -46(t5)
core   0: 3 0x8000f032 (0xfc3f2923) mem 0x80010000 0x00000001
core   0: 0x8000f036 (0x0000bfe5) c.j     pc - 8
core   0: 3 0x8000f036 (0xbfe5)
core   0: 0x8000f02e (0x00001f17) auipc   t5, 0x1
core   0: 3 0x8000f02e (0x00001f17) x30 0x8001002e
core   0: 0x8000f032 (0xfc3f2923) sw      gp, -46(t5)
core   0: 3 0x8000f032 (0xfc3f2923) mem 0x80010000 0x00000001
core   0: 0x8000f036 (0x0000bfe5) c.j     pc - 8
core   0: 3 0x8000f036 (0xbfe5)
core   0: 0x8000f02e (0x00001f17) auipc   t5, 0x1
core   0: 3 0x8000f02e (0x00001f17) x30 0x8001002e
core   0: 0x8000f032 (0xfc3f2923) sw      gp, -46(t5)
core   0: 3 0x8000f032 (0xfc3f2923) mem 0x80010000 0x00000001
core   0: 0x8000f036 (0x0000bfe5) c.j     pc - 8
core   0: 3 0x8000f036 (0xbfe5)
core   0: 0x8000f02e (0x00001f17) auipc   t5, 0x1
core   0: 3 0x8000f02e (0x00001f17) x30 0x8001002e
core   0: 0x8000f032 (0xfc3f2923) sw      gp, -46(t5)
core   0: 3 0x8000f032 (0xfc3f2923) mem 0x80010000 0x00000001
core   0: 0x8000f036 (0x0000bfe5) c.j     pc - 8
core   0: 3 0x8000f036 (0xbfe5)
core   0: 0x8000f02e (0x00001f17) auipc   t5, 0x1
core   0: 3 0x8000f02e (0x00001f17) x30 0x8001002e
core   0: 0x8000f032 (0xfc3f2923) sw      gp, -46(t5)
core   0: 3 0x8000f032 (0xfc3f2923) mem 0x80010000 0x00000001
core   0: 0x8000f036 (0x0000bfe5) c.j     pc - 8
core   0: 3 0x8000f036 (0xbfe5)
core   0: 0x8000f02e (0x00001f17) auipc   t5, 0x1
core   0: 3 0x8000f02e (0x00001f17) x30 0x8001002e
core   0: 0x8000f032 (0xfc3f2923) sw      gp, -46(t5)
core   0: 3 0x8000f032 (0xfc3f2923) mem 0x80010000 0x00000001
core   0: 0x8000f036 (0x0000bfe5) c.j     pc - 8
core   0: 3 0x8000f036 (0xbfe5)
core   0: 0x8000f02e (0x00001f17) auipc   t5, 0x1
core   0: 3 0x8000f02e (0x00001f17) x30 0x8001002e
core   0: 0x8000f032 (0xfc3f2923) sw      gp, -46(t5)
core   0: 3 0x8000f032 (0xfc3f2923) mem 0x80010000 0x00000001
core   0: 0x8000f036 (0x0000bfe5) c.j     pc - 8
core   0: 3 0x8000f036 (0xbfe5)
core   0: 0x8000f02e (0x00001f17) auipc   t5, 0x1
core   0: 3 0x8000f02e (0x00001f17) x30 0x8001002e
core   0: 0x8000f032 (0xfc3f2923) sw      gp, -46(t5)
core   0: 3 0x8000f032 (0xfc3f2923) mem 0x80010000 0x00000001
core   0: 0x8000f036 (0x0000bfe5) c.j     pc - 8
core   0: 3 0x8000f036 (0xbfe5)
core   0: 0x8000f02e (0x00001f17) auipc   t5, 0x1
core   0: 3 0x8000f02e (0x00001f17) x30 0x8001002e
core   0: 0x8000f032 (0xfc3f2923) sw      gp, -46(t5)
core   0: 3 0x8000f032 (0xfc3f2923) mem 0x80010000 0x00000001
core   0: 0x8000f036 (0x0000bfe5) c.j     pc - 8
core   0: 3 0x8000f036 (0xbfe5)
core   0: 0x8000f02e (0x00001f17) auipc   t5, 0x1
core   0: 3 0x8000f02e (0x00001f17) x30 0x8001002e
core   0: 0x8000f032 (0xfc3f2923) sw      gp, -46(t5)
core   0: 3 0x8000f032 (0xfc3f2923) mem 0x80010000 0x00000001
core   0: 0x8000f036 (0x0000bfe5) c.j     pc - 8
core   0: 3 0x8000f036 (0xbfe5)
core   0: 0x8000f02e (0x00001f17) auipc   t5, 0x1
core   0: 3 0x8000f02e (0x00001f17) x30 0x8001002e
core   0: 0x8000f032 (0xfc3f2923) sw      gp, -46(t5)
core   0: 3 0x8000f032 (0xfc3f2923) mem 0x80010000 0x00000001
core   0: 0x8000f036 (0x0000bfe5) c.j     pc - 8
core   0: 3 0x8000f036 (0xbfe5)
core   0: 0x8000f02e (0x00001f17) auipc   t5, 0x1
core   0: 3 0x8000f02e (0x00001f17) x30 0x8001002e
core   0: 0x8000f032 (0xfc3f2923) sw      gp, -46(t5)
core   0: 3 0x8000f032 (0xfc3f2923) mem 0x80010000 0x00000001
core   0: 0x8000f036 (0x0000bfe5) c.j     pc - 8
core   0: 3 0x8000f036 (0xbfe5)
core   0: 0x8000f02e (0x00001f17) auipc   t5, 0x1
core   0: 3 0x8000f02e (0x00001f17) x30 0x8001002e
core   0: 0x8000f032 (0xfc3f2923) sw      gp, -46(t5)
core   0: 3 0x8000f032 (0xfc3f2923) mem 0x80010000 0x00000001
core   0: 0x8000f036 (0x0000bfe5) c.j     pc - 8
core   0: 3 0x8000f036 (0xbfe5)
core   0: 0x8000f02e (0x00001f17) auipc   t5, 0x1
core   0: 3 0x8000f02e (0x00001f17) x30 0x8001002e
core   0: 0x8000f032 (0xfc3f2923) sw      gp, -46(t5)
core   0: 3 0x8000f032 (0xfc3f2923) mem 0x80010000 0x00000001
core   0: 0x8000f036 (0x0000bfe5) c.j     pc - 8
core   0: 3 0x8000f036 (0xbfe5)
core   0: 0x8000f02e (0x00001f17) auipc   t5, 0x1
core   0: 3 0x8000f02e (0x00001f17) x30 0x8001002e
core   0: 0x8000f032 (0xfc3f2923) sw      gp, -46(t5)
core   0: 3 0x8000f032 (0xfc3f2923) mem 0x80010000 0x00000001
core   0: 0x8000f036 (0x0000bfe5) c.j     pc - 8
core   0: 3 0x8000f036 (0xbfe5)
core   0: 0x8000f02e (0x00001f17) auipc   t5, 0x1
core   0: 3 0x8000f02e (0x00001f17) x30 0x8001002e
core   0: 0x8000f032 (0xfc3f2923) sw      gp, -46(t5)
core   0: 3 0x8000f032 (0xfc3f2923) mem 0x80010000 0x00000001
core   0: 0x8000f036 (0x0000bfe5) c.j     pc - 8
core   0: 3 0x8000f036 (0xbfe5)
core   0: 0x8000f02e (0x00001f17) auipc   t5, 0x1
core   0: 3 0x8000f02e (0x00001f17) x30 0x8001002e
core   0: 0x8000f032 (0xfc3f2923) sw      gp, -46(t5)
core   0: 3 0x8000f032 (0xfc3f2923) mem 0x80010000 0x00000001
core   0: 0x8000f036 (0x0000bfe5) c.j     pc - 8
core   0: 3 0x8000f036 (0xbfe5)
core   0: 0x8000f02e (0x00001f17) auipc   t5, 0x1
core   0: 3 0x8000f02e (0x00001f17) x30 0x8001002e
core   0: 0x8000f032 (0xfc3f2923) sw      gp, -46(t5)
core   0: 3 0x8000f032 (0xfc3f2923) mem 0x80010000 0x00000001
core   0: 0x8000f036 (0x0000bfe5) c.j     pc - 8
core   0: 3 0x8000f036 (0xbfe5)
core   0: 0x8000f02e (0x00001f17) auipc   t5, 0x1
core   0: 3 0x8000f02e (0x00001f17) x30 0x8001002e
core   0: 0x8000f032 (0xfc3f2923) sw      gp, -46(t5)
core   0: 3 0x8000f032 (0xfc3f2923) mem 0x80010000 0x00000001
core   0: 0x8000f036 (0x0000bfe5) c.j     pc - 8
core   0: 3 0x8000f036 (0xbfe5)
core   0: 0x8000f02e (0x00001f17) auipc   t5, 0x1
core   0: 3 0x8000f02e (0x00001f17) x30 0x8001002e
core   0: 0x8000f032 (0xfc3f2923) sw      gp, -46(t5)
core   0: 3 0x8000f032 (0xfc3f2923) mem 0x80010000 0x00000001
core   0: 0x8000f036 (0x0000bfe5) c.j     pc - 8
core   0: 3 0x8000f036 (0xbfe5)
core   0: 0x8000f02e (0x00001f17) auipc   t5, 0x1
core   0: 3 0x8000f02e (0x00001f17) x30 0x8001002e
core   0: 0x8000f032 (0xfc3f2923) sw      gp, -46(t5)
core   0: 3 0x8000f032 (0xfc3f2923) mem 0x80010000 0x00000001
core   0: 0x8000f036 (0x0000bfe5) c.j     pc - 8
core   0: 3 0x8000f036 (0xbfe5)
core   0: 0x8000f02e (0x00001f17) auipc   t5, 0x1
core   0: 3 0x8000f02e (0x00001f17) x30 0x8001002e
core   0: 0x8000f032 (0xfc3f2923) sw      gp, -46(t5)
core   0: 3 0x8000f032 (0xfc3f2923) mem 0x80010000 0x00000001
core   0: 0x8000f036 (0x0000bfe5) c.j     pc - 8
core   0: 3 0x8000f036 (0xbfe5)
core   0: 0x8000f02e (0x00001f17) auipc   t5, 0x1
core   0: 3 0x8000f02e (0x00001f17) x30 0x8001002e
core   0: 0x8000f032 (0xfc3f2923) sw      gp, -46(t5)
core   0: 3 0x8000f032 (0xfc3f2923) mem 0x80010000 0x00000001
core   0: 0x8000f036 (0x0000bfe5) c.j     pc - 8
core   0: 3 0x8000f036 (0xbfe5)
core   0: 0x8000f02e (0x00001f17) auipc   t5, 0x1
core   0: 3 0x8000f02e (0x00001f17) x30 0x8001002e
core   0: 0x8000f032 (0xfc3f2923) sw      gp, -46(t5)
core   0: 3 0x8000f032 (0xfc3f2923) mem 0x80010000 0x00000001
core   0: 0x8000f036 (0x0000bfe5) c.j     pc - 8
core   0: 3 0x8000f036 (0xbfe5)
core   0: 0x8000f02e (0x00001f17) auipc   t5, 0x1
core   0: 3 0x8000f02e (0x00001f17) x30 0x8001002e
core   0: 0x8000f032 (0xfc3f2923) sw      gp, -46(t5)
core   0: 3 0x8000f032 (0xfc3f2923) mem 0x80010000 0x00000001
core   0: 0x8000f036 (0x0000bfe5) c.j     pc - 8
core   0: 3 0x8000f036 (0xbfe5)
core   0: 0x8000f02e (0x00001f17) auipc   t5, 0x1
core   0: 3 0x8000f02e (0x00001f17) x30 0x8001002e
core   0: 0x8000f032 (0xfc3f2923) sw      gp, -46(t5)
core   0: 3 0x8000f032 (0xfc3f2923) mem 0x80010000 0x00000001
core   0: 0x8000f036 (0x0000bfe5) c.j     pc - 8
core   0: 3 0x8000f036 (0xbfe5)
core   0: 0x8000f02e (0x00001f17) auipc   t5, 0x1
core   0: 3 0x8000f02e (0x00001f17) x30 0x8001002e
core   0: 0x8000f032 (0xfc3f2923) sw      gp, -46(t5)
core   0: 3 0x8000f032 (0xfc3f2923) mem 0x80010000 0x00000001
core   0: 0x8000f036 (0x0000bfe5) c.j     pc - 8
core   0: 3 0x8000f036 (0xbfe5)
core   0: 0x8000f02e (0x00001f17) auipc   t5, 0x1
core   0: 3 0x8000f02e (0x00001f17) x30 0x8001002e
core   0: 0x8000f032 (0xfc3f2923) sw      gp, -46(t5)
core   0: 3 0x8000f032 (0xfc3f2923) mem 0x80010000 0x00000001
core   0: 0x8000f036 (0x0000bfe5) c.j     pc - 8
core   0: 3 0x8000f036 (0xbfe5)
core   0: 0x8000f02e (0x00001f17) auipc   t5, 0x1
core   0: 3 0x8000f02e (0x00001f17) x30 0x8001002e
core   0: 0x8000f032 (0xfc3f2923) sw      gp, -46(t5)
core   0: 3 0x8000f032 (0xfc3f2923) mem 0x80010000 0x00000001
core   0: 0x8000f036 (0x0000bfe5) c.j     pc - 8
core   0: 3 0x8000f036 (0xbfe5)
core   0: 0x8000f02e (0x00001f17) auipc   t5, 0x1
core   0: 3 0x8000f02e (0x00001f17) x30 0x8001002e
core   0: 0x8000f032 (0xfc3f2923) sw      gp, -46(t5)
core   0: 3 0x8000f032 (0xfc3f2923) mem 0x80010000 0x00000001
core   0: 0x8000f036 (0x0000bfe5) c.j     pc - 8
core   0: 3 0x8000f036 (0xbfe5)
core   0: 0x8000f02e (0x00001f17) auipc   t5, 0x1
core   0: 3 0x8000f02e (0x00001f17) x30 0x8001002e
core   0: 0x8000f032 (0xfc3f2923) sw      gp, -46(t5)
core   0: 3 0x8000f032 (0xfc3f2923) mem 0x80010000 0x00000001
core   0: 0x8000f036 (0x0000bfe5) c.j     pc - 8
core   0: 3 0x8000f036 (0xbfe5)
core   0: 0x8000f02e (0x00001f17) auipc   t5, 0x1
core   0: 3 0x8000f02e (0x00001f17) x30 0x8001002e
core   0: 0x8000f032 (0xfc3f2923) sw      gp, -46(t5)
core   0: 3 0x8000f032 (0xfc3f2923) mem 0x80010000 0x00000001
core   0: 0x8000f036 (0x0000bfe5) c.j     pc - 8
core   0: 3 0x8000f036 (0xbfe5)
core   0: 0x8000f02e (0x00001f17) auipc   t5, 0x1
core   0: 3 0x8000f02e (0x00001f17) x30 0x8001002e
core   0: 0x8000f032 (0xfc3f2923) sw      gp, -46(t5)
core   0: 3 0x8000f032 (0xfc3f2923) mem 0x80010000 0x00000001
core   0: 0x8000f036 (0x0000bfe5) c.j     pc - 8
core   0: 3 0x8000f036 (0xbfe5)
core   0: 0x8000f02e (0x00001f17) auipc   t5, 0x1
core   0: 3 0x8000f02e (0x00001f17) x30 0x8001002e
core   0: 0x8000f032 (0xfc3f2923) sw      gp, -46(t5)
core   0: 3 0x8000f032 (0xfc3f2923) mem 0x80010000 0x00000001
core   0: 0x8000f036 (0x0000bfe5) c.j     pc - 8
core   0: 3 0x8000f036 (0xbfe5)
core   0: 0x8000f02e (0x00001f17) auipc   t5, 0x1
core   0: 3 0x8000f02e (0x00001f17) x30 0x8001002e
core   0: 0x8000f032 (0xfc3f2923) sw      gp, -46(t5)
core   0: 3 0x8000f032 (0xfc3f2923) mem 0x80010000 0x00000001
core   0: 0x8000f036 (0x0000bfe5) c.j     pc - 8
core   0: 3 0x8000f036 (0xbfe5)
core   0: 0x8000f02e (0x00001f17) auipc   t5, 0x1
core   0: 3 0x8000f02e (0x00001f17) x30 0x8001002e
core   0: 0x8000f032 (0xfc3f2923) sw      gp, -46(t5)
core   0: 3 0x8000f032 (0xfc3f2923) mem 0x80010000 0x00000001
core   0: 0x8000f036 (0x0000bfe5) c.j     pc - 8
core   0: 3 0x8000f036 (0xbfe5)
core   0: 0x8000f02e (0x00001f17) auipc   t5, 0x1
core   0: 3 0x8000f02e (0x00001f17) x30 0x8001002e
core   0: 0x8000f032 (0xfc3f2923) sw      gp, -46(t5)
core   0: 3 0x8000f032 (0xfc3f2923) mem 0x80010000 0x00000001
core   0: 0x8000f036 (0x0000bfe5) c.j     pc - 8
core   0: 3 0x8000f036 (0xbfe5)
core   0: 0x8000f02e (0x00001f17) auipc   t5, 0x1
core   0: 3 0x8000f02e (0x00001f17) x30 0x8001002e
core   0: 0x8000f032 (0xfc3f2923) sw      gp, -46(t5)
core   0: 3 0x8000f032 (0xfc3f2923) mem 0x80010000 0x00000001
core   0: 0x8000f036 (0x0000bfe5) c.j     pc - 8
core   0: 3 0x8000f036 (0xbfe5)
core   0: 0x8000f02e (0x00001f17) auipc   t5, 0x1
core   0: 3 0x8000f02e (0x00001f17) x30 0x8001002e
core   0: 0x8000f032 (0xfc3f2923) sw      gp, -46(t5)
core   0: 3 0x8000f032 (0xfc3f2923) mem 0x80010000 0x00000001
core   0: 0x8000f036 (0x0000bfe5) c.j     pc - 8
core   0: 3 0x8000f036 (0xbfe5)
core   0: 0x8000f02e (0x00001f17) auipc   t5, 0x1
core   0: 3 0x8000f02e (0x00001f17) x30 0x8001002e
core   0: 0x8000f032 (0xfc3f2923) sw      gp, -46(t5)
core   0: 3 0x8000f032 (0xfc3f2923) mem 0x80010000 0x00000001
core   0: 0x8000f036 (0x0000bfe5) c.j     pc - 8
core   0: 3 0x8000f036 (0xbfe5)
core   0: 0x8000f02e (0x00001f17) auipc   t5, 0x1
core   0: 3 0x8000f02e (0x00001f17) x30 0x8001002e
core   0: 0x8000f032 (0xfc3f2923) sw      gp, -46(t5)
core   0: 3 0x8000f032 (0xfc3f2923) mem 0x80010000 0x00000001
core   0: 0x8000f036 (0x0000bfe5) c.j     pc - 8
core   0: 3 0x8000f036 (0xbfe5)
core   0: 0x8000f02e (0x00001f17) auipc   t5, 0x1
core   0: 3 0x8000f02e (0x00001f17) x30 0x8001002e
core   0: 0x8000f032 (0xfc3f2923) sw      gp, -46(t5)
core   0: 3 0x8000f032 (0xfc3f2923) mem 0x80010000 0x00000001
core   0: 0x8000f036 (0x0000bfe5) c.j     pc - 8
core   0: 3 0x8000f036 (0xbfe5)
core   0: 0x8000f02e (0x00001f17) auipc   t5, 0x1
core   0: 3 0x8000f02e (0x00001f17) x30 0x8001002e
core   0: 0x8000f032 (0xfc3f2923) sw      gp, -46(t5)
core   0: 3 0x8000f032 (0xfc3f2923) mem 0x80010000 0x00000001
core   0: 0x8000f036 (0x0000bfe5) c.j     pc - 8
core   0: 3 0x8000f036 (0xbfe5)
core   0: 0x8000f02e (0x00001f17) auipc   t5, 0x1
core   0: 3 0x8000f02e (0x00001f17) x30 0x8001002e
core   0: 0x8000f032 (0xfc3f2923) sw      gp, -46(t5)
core   0: 3 0x8000f032 (0xfc3f2923) mem 0x80010000 0x00000001
core   0: 0x8000f036 (0x0000bfe5) c.j     pc - 8
core   0: 3 0x8000f036 (0xbfe5)
core   0: 0x8000f02e (0x00001f17) auipc   t5, 0x1
core   0: 3 0x8000f02e (0x00001f17) x30 0x8001002e
core   0: 0x8000f032 (0xfc3f2923) sw      gp, -46(t5)
core   0: 3 0x8000f032 (0xfc3f2923) mem 0x80010000 0x00000001
core   0: 0x8000f036 (0x0000bfe5) c.j     pc - 8
core   0: 3 0x8000f036 (0xbfe5)
core   0: 0x8000f02e (0x00001f17) auipc   t5, 0x1
core   0: 3 0x8000f02e (0x00001f17) x30 0x8001002e
core   0: 0x8000f032 (0xfc3f2923) sw      gp, -46(t5)
core   0: 3 0x8000f032 (0xfc3f2923) mem 0x80010000 0x00000001
core   0: 0x8000f036 (0x0000bfe5) c.j     pc - 8
core   0: 3 0x8000f036 (0xbfe5)
core   0: 0x8000f02e (0x00001f17) auipc   t5, 0x1
core   0: 3 0x8000f02e (0x00001f17) x30 0x8001002e
core   0: 0x8000f032 (0xfc3f2923) sw      gp, -46(t5)
core   0: 3 0x8000f032 (0xfc3f2923) mem 0x80010000 0x00000001
core   0: 0x8000f036 (0x0000bfe5) c.j     pc - 8
core   0: 3 0x8000f036 (0xbfe5)
core   0: 0x8000f02e (0x00001f17) auipc   t5, 0x1
core   0: 3 0x8000f02e (0x00001f17) x30 0x8001002e
core   0: 0x8000f032 (0xfc3f2923) sw      gp, -46(t5)
core   0: 3 0x8000f032 (0xfc3f2923) mem 0x80010000 0x00000001
core   0: 0x8000f036 (0x0000bfe5) c.j     pc - 8
core   0: 3 0x8000f036 (0xbfe5)
core   0: 0x8000f02e (0x00001f17) auipc   t5, 0x1
core   0: 3 0x8000f02e (0x00001f17) x30 0x8001002e
core   0: 0x8000f032 (0xfc3f2923) sw      gp, -46(t5)
core   0: 3 0x8000f032 (0xfc3f2923) mem 0x80010000 0x00000001
core   0: 0x8000f036 (0x0000bfe5) c.j     pc - 8
core   0: 3 0x8000f036 (0xbfe5)
core   0: 0x8000f02e (0x00001f17) auipc   t5, 0x1
core   0: 3 0x8000f02e (0x00001f17) x30 0x8001002e
core   0: 0x8000f032 (0xfc3f2923) sw      gp, -46(t5)
core   0: 3 0x8000f032 (0xfc3f2923) mem 0x80010000 0x00000001
core   0: 0x8000f036 (0x0000bfe5) c.j     pc - 8
core   0: 3 0x8000f036 (0xbfe5)
core   0: 0x8000f02e (0x00001f17) auipc   t5, 0x1
core   0: 3 0x8000f02e (0x00001f17) x30 0x8001002e
core   0: 0x8000f032 (0xfc3f2923) sw      gp, -46(t5)
core   0: 3 0x8000f032 (0xfc3f2923) mem 0x80010000 0x00000001
core   0: 0x8000f036 (0x0000bfe5) c.j     pc - 8
core   0: 3 0x8000f036 (0xbfe5)
core   0: 0x8000f02e (0x00001f17) auipc   t5, 0x1
core   0: 3 0x8000f02e (0x00001f17) x30 0x8001002e
core   0: 0x8000f032 (0xfc3f2923) sw      gp, -46(t5)
core   0: 3 0x8000f032 (0xfc3f2923) mem 0x80010000 0x00000001
core   0: 0x8000f036 (0x0000bfe5) c.j     pc - 8
core   0: 3 0x8000f036 (0xbfe5)
core   0: 0x8000f02e (0x00001f17) auipc   t5, 0x1
core   0: 3 0x8000f02e (0x00001f17) x30 0x8001002e
core   0: 0x8000f032 (0xfc3f2923) sw      gp, -46(t5)
core   0: 3 0x8000f032 (0xfc3f2923) mem 0x80010000 0x00000001
core   0: 0x8000f036 (0x0000bfe5) c.j     pc - 8
core   0: 3 0x8000f036 (0xbfe5)
core   0: 0x8000f02e (0x00001f17) auipc   t5, 0x1
core   0: 3 0x8000f02e (0x00001f17) x30 0x8001002e
core   0: 0x8000f032 (0xfc3f2923) sw      gp, -46(t5)
core   0: 3 0x8000f032 (0xfc3f2923) mem 0x80010000 0x00000001
core   0: 0x8000f036 (0x0000bfe5) c.j     pc - 8
core   0: 3 0x8000f036 (0xbfe5)
core   0: 0x8000f02e (0x00001f17) auipc   t5, 0x1
core   0: 3 0x8000f02e (0x00001f17) x30 0x8001002e
core   0: 0x8000f032 (0xfc3f2923) sw      gp, -46(t5)
core   0: 3 0x8000f032 (0xfc3f2923) mem 0x80010000 0x00000001
core   0: 0x8000f036 (0x0000bfe5) c.j     pc - 8
core   0: 3 0x8000f036 (0xbfe5)
core   0: 0x8000f02e (0x00001f17) auipc   t5, 0x1
core   0: 3 0x8000f02e (0x00001f17) x30 0x8001002e
core   0: 0x8000f032 (0xfc3f2923) sw      gp, -46(t5)
core   0: 3 0x8000f032 (0xfc3f2923) mem 0x80010000 0x00000001
core   0: 0x8000f036 (0x0000bfe5) c.j     pc - 8
core   0: 3 0x8000f036 (0xbfe5)
core   0: 0x8000f02e (0x00001f17) auipc   t5, 0x1
core   0: 3 0x8000f02e (0x00001f17) x30 0x8001002e
core   0: 0x8000f032 (0xfc3f2923) sw      gp, -46(t5)
core   0: 3 0x8000f032 (0xfc3f2923) mem 0x80010000 0x00000001
core   0: 0x8000f036 (0x0000bfe5) c.j     pc - 8
core   0: 3 0x8000f036 (0xbfe5)
core   0: 0x8000f02e (0x00001f17) auipc   t5, 0x1
core   0: 3 0x8000f02e (0x00001f17) x30 0x8001002e
core   0: 0x8000f032 (0xfc3f2923) sw      gp, -46(t5)
core   0: 3 0x8000f032 (0xfc3f2923) mem 0x80010000 0x00000001
core   0: 0x8000f036 (0x0000bfe5) c.j     pc - 8
core   0: 3 0x8000f036 (0xbfe5)
core   0: 0x8000f02e (0x00001f17) auipc   t5, 0x1
core   0: 3 0x8000f02e (0x00001f17) x30 0x8001002e
core   0: 0x8000f032 (0xfc3f2923) sw      gp, -46(t5)
core   0: 3 0x8000f032 (0xfc3f2923) mem 0x80010000 0x00000001
core   0: 0x8000f036 (0x0000bfe5) c.j     pc - 8
core   0: 3 0x8000f036 (0xbfe5)
core   0: 0x8000f02e (0x00001f17) auipc   t5, 0x1
core   0: 3 0x8000f02e (0x00001f17) x30 0x8001002e
core   0: 0x8000f032 (0xfc3f2923) sw      gp, -46(t5)
core   0: 3 0x8000f032 (0xfc3f2923) mem 0x80010000 0x00000001
core   0: 0x8000f036 (0x0000bfe5) c.j     pc - 8
core   0: 3 0x8000f036 (0xbfe5)
core   0: 0x8000f02e (0x00001f17) auipc   t5, 0x1
core   0: 3 0x8000f02e (0x00001f17) x30 0x8001002e
core   0: 0x8000f032 (0xfc3f2923) sw      gp, -46(t5)
core   0: 3 0x8000f032 (0xfc3f2923) mem 0x80010000 0x00000001
core   0: 0x8000f036 (0x0000bfe5) c.j     pc - 8
core   0: 3 0x8000f036 (0xbfe5)
core   0: 0x8000f02e (0x00001f17) auipc   t5, 0x1
core   0: 3 0x8000f02e (0x00001f17) x30 0x8001002e
core   0: 0x8000f032 (0xfc3f2923) sw      gp, -46(t5)
core   0: 3 0x8000f032 (0xfc3f2923) mem 0x80010000 0x00000001
core   0: 0x8000f036 (0x0000bfe5) c.j     pc - 8
core   0: 3 0x8000f036 (0xbfe5)
core   0: 0x8000f02e (0x00001f17) auipc   t5, 0x1
core   0: 3 0x8000f02e (0x00001f17) x30 0x8001002e
core   0: 0x8000f032 (0xfc3f2923) sw      gp, -46(t5)
core   0: 3 0x8000f032 (0xfc3f2923) mem 0x80010000 0x00000001
core   0: 0x8000f036 (0x0000bfe5) c.j     pc - 8
core   0: 3 0x8000f036 (0xbfe5)
core   0: 0x8000f02e (0x00001f17) auipc   t5, 0x1
core   0: 3 0x8000f02e (0x00001f17) x30 0x8001002e
core   0: 0x8000f032 (0xfc3f2923) sw      gp, -46(t5)
core   0: 3 0x8000f032 (0xfc3f2923) mem 0x80010000 0x00000001
core   0: 0x8000f036 (0x0000bfe5) c.j     pc - 8
core   0: 3 0x8000f036 (0xbfe5)
core   0: 0x8000f02e (0x00001f17) auipc   t5, 0x1
core   0: 3 0x8000f02e (0x00001f17) x30 0x8001002e
core   0: 0x8000f032 (0xfc3f2923) sw      gp, -46(t5)
core   0: 3 0x8000f032 (0xfc3f2923) mem 0x80010000 0x00000001
core   0: 0x8000f036 (0x0000bfe5) c.j     pc - 8
core   0: 3 0x8000f036 (0xbfe5)
core   0: 0x8000f02e (0x00001f17) auipc   t5, 0x1
core   0: 3 0x8000f02e (0x00001f17) x30 0x8001002e
core   0: 0x8000f032 (0xfc3f2923) sw      gp, -46(t5)
core   0: 3 0x8000f032 (0xfc3f2923) mem 0x80010000 0x00000001
core   0: 0x8000f036 (0x0000bfe5) c.j     pc - 8
core   0: 3 0x8000f036 (0xbfe5)
core   0: 0x8000f02e (0x00001f17) auipc   t5, 0x1
core   0: 3 0x8000f02e (0x00001f17) x30 0x8001002e
core   0: 0x8000f032 (0xfc3f2923) sw      gp, -46(t5)
core   0: 3 0x8000f032 (0xfc3f2923) mem 0x80010000 0x00000001
core   0: 0x8000f036 (0x0000bfe5) c.j     pc - 8
core   0: 3 0x8000f036 (0xbfe5)
core   0: 0x8000f02e (0x00001f17) auipc   t5, 0x1
core   0: 3 0x8000f02e (0x00001f17) x30 0x8001002e
core   0: 0x8000f032 (0xfc3f2923) sw      gp, -46(t5)
core   0: 3 0x8000f032 (0xfc3f2923) mem 0x80010000 0x00000001
core   0: 0x8000f036 (0x0000bfe5) c.j     pc - 8
core   0: 3 0x8000f036 (0xbfe5)
core   0: 0x8000f02e (0x00001f17) auipc   t5, 0x1
core   0: 3 0x8000f02e (0x00001f17) x30 0x8001002e
core   0: 0x8000f032 (0xfc3f2923) sw      gp, -46(t5)
core   0: 3 0x8000f032 (0xfc3f2923) mem 0x80010000 0x00000001
core   0: 0x8000f036 (0x0000bfe5) c.j     pc - 8
core   0: 3 0x8000f036 (0xbfe5)
core   0: 0x8000f02e (0x00001f17) auipc   t5, 0x1
core   0: 3 0x8000f02e (0x00001f17) x30 0x8001002e
core   0: 0x8000f032 (0xfc3f2923) sw      gp, -46(t5)
core   0: 3 0x8000f032 (0xfc3f2923) mem 0x80010000 0x00000001
core   0: 0x8000f036 (0x0000bfe5) c.j     pc - 8
core   0: 3 0x8000f036 (0xbfe5)
core   0: 0x8000f02e (0x00001f17) auipc   t5, 0x1
core   0: 3 0x8000f02e (0x00001f17) x30 0x8001002e
core   0: 0x8000f032 (0xfc3f2923) sw      gp, -46(t5)
core   0: 3 0x8000f032 (0xfc3f2923) mem 0x80010000 0x00000001
core   0: 0x8000f036 (0x0000bfe5) c.j     pc - 8
core   0: 3 0x8000f036 (0xbfe5)
core   0: 0x8000f02e (0x00001f17) auipc   t5, 0x1
core   0: 3 0x8000f02e (0x00001f17) x30 0x8001002e
core   0: 0x8000f032 (0xfc3f2923) sw      gp, -46(t5)
core   0: 3 0x8000f032 (0xfc3f2923) mem 0x80010000 0x00000001
core   0: 0x8000f036 (0x0000bfe5) c.j     pc - 8
core   0: 3 0x8000f036 (0xbfe5)
core   0: 0x8000f02e (0x00001f17) auipc   t5, 0x1
core   0: 3 0x8000f02e (0x00001f17) x30 0x8001002e
core   0: 0x8000f032 (0xfc3f2923) sw      gp, -46(t5)
core   0: 3 0x8000f032 (0xfc3f2923) mem 0x80010000 0x00000001
core   0: 0x8000f036 (0x0000bfe5) c.j     pc - 8
core   0: 3 0x8000f036 (0xbfe5)
core   0: 0x8000f02e (0x00001f17) auipc   t5, 0x1
core   0: 3 0x8000f02e (0x00001f17) x30 0x8001002e
core   0: 0x8000f032 (0xfc3f2923) sw      gp, -46(t5)
core   0: 3 0x8000f032 (0xfc3f2923) mem 0x80010000 0x00000001
core   0: 0x8000f036 (0x0000bfe5) c.j     pc - 8
core   0: 3 0x8000f036 (0xbfe5)
core   0: 0x8000f02e (0x00001f17) auipc   t5, 0x1
core   0: 3 0x8000f02e (0x00001f17) x30 0x8001002e
core   0: 0x8000f032 (0xfc3f2923) sw      gp, -46(t5)
core   0: 3 0x8000f032 (0xfc3f2923) mem 0x80010000 0x00000001
core   0: 0x8000f036 (0x0000bfe5) c.j     pc - 8
core   0: 3 0x8000f036 (0xbfe5)
core   0: 0x8000f02e (0x00001f17) auipc   t5, 0x1
core   0: 3 0x8000f02e (0x00001f17) x30 0x8001002e
core   0: 0x8000f032 (0xfc3f2923) sw      gp, -46(t5)
core   0: 3 0x8000f032 (0xfc3f2923) mem 0x80010000 0x00000001
core   0: 0x8000f036 (0x0000bfe5) c.j     pc - 8
core   0: 3 0x8000f036 (0xbfe5)
core   0: 0x8000f02e (0x00001f17) auipc   t5, 0x1
core   0: 3 0x8000f02e (0x00001f17) x30 0x8001002e
core   0: 0x8000f032 (0xfc3f2923) sw      gp, -46(t5)
core   0: 3 0x8000f032 (0xfc3f2923) mem 0x80010000 0x00000001
core   0: 0x8000f036 (0x0000bfe5) c.j     pc - 8
core   0: 3 0x8000f036 (0xbfe5)
core   0: 0x8000f02e (0x00001f17) auipc   t5, 0x1
core   0: 3 0x8000f02e (0x00001f17) x30 0x8001002e
core   0: 0x8000f032 (0xfc3f2923) sw      gp, -46(t5)
core   0: 3 0x8000f032 (0xfc3f2923) mem 0x80010000 0x00000001
core   0: 0x8000f036 (0x0000bfe5) c.j     pc - 8
core   0: 3 0x8000f036 (0xbfe5)
core   0: 0x8000f02e (0x00001f17) auipc   t5, 0x1
core   0: 3 0x8000f02e (0x00001f17) x30 0x8001002e
core   0: 0x8000f032 (0xfc3f2923) sw      gp, -46(t5)
core   0: 3 0x8000f032 (0xfc3f2923) mem 0x80010000 0x00000001
core   0: 0x8000f036 (0x0000bfe5) c.j     pc - 8
core   0: 3 0x8000f036 (0xbfe5)
core   0: 0x8000f02e (0x00001f17) auipc   t5, 0x1
core   0: 3 0x8000f02e (0x00001f17) x30 0x8001002e
core   0: 0x8000f032 (0xfc3f2923) sw      gp, -46(t5)
core   0: 3 0x8000f032 (0xfc3f2923) mem 0x80010000 0x00000001
core   0: 0x8000f036 (0x0000bfe5) c.j     pc - 8
core   0: 3 0x8000f036 (0xbfe5)
core   0: 0x8000f02e (0x00001f17) auipc   t5, 0x1
core   0: 3 0x8000f02e (0x00001f17) x30 0x8001002e
core   0: 0x8000f032 (0xfc3f2923) sw      gp, -46(t5)
core   0: 3 0x8000f032 (0xfc3f2923) mem 0x80010000 0x00000001
core   0: 0x8000f036 (0x0000bfe5) c.j     pc - 8
core   0: 3 0x8000f036 (0xbfe5)
core   0: 0x8000f02e (0x00001f17) auipc   t5, 0x1
core   0: 3 0x8000f02e (0x00001f17) x30 0x8001002e
core   0: 0x8000f032 (0xfc3f2923) sw      gp, -46(t5)
core   0: 3 0x8000f032 (0xfc3f2923) mem 0x80010000 0x00000001
core   0: 0x8000f036 (0x0000bfe5) c.j     pc - 8
core   0: 3 0x8000f036 (0xbfe5)
core   0: 0x8000f02e (0x00001f17) auipc   t5, 0x1
core   0: 3 0x8000f02e (0x00001f17) x30 0x8001002e
core   0: 0x8000f032 (0xfc3f2923) sw      gp, -46(t5)
core   0: 3 0x8000f032 (0xfc3f2923) mem 0x80010000 0x00000001
core   0: 0x8000f036 (0x0000bfe5) c.j     pc - 8
core   0: 3 0x8000f036 (0xbfe5)
core   0: 0x8000f02e (0x00001f17) auipc   t5, 0x1
core   0: 3 0x8000f02e (0x00001f17) x30 0x8001002e
core   0: 0x8000f032 (0xfc3f2923) sw      gp, -46(t5)
core   0: 3 0x8000f032 (0xfc3f2923) mem 0x80010000 0x00000001
core   0: 0x8000f036 (0x0000bfe5) c.j     pc - 8
core   0: 3 0x8000f036 (0xbfe5)
core   0: 0x8000f02e (0x00001f17) auipc   t5, 0x1
core   0: 3 0x8000f02e (0x00001f17) x30 0x8001002e
core   0: 0x8000f032 (0xfc3f2923) sw      gp, -46(t5)
core   0: 3 0x8000f032 (0xfc3f2923) mem 0x80010000 0x00000001
core   0: 0x8000f036 (0x0000bfe5) c.j     pc - 8
core   0: 3 0x8000f036 (0xbfe5)
core   0: 0x8000f02e (0x00001f17) auipc   t5, 0x1
core   0: 3 0x8000f02e (0x00001f17) x30 0x8001002e
core   0: 0x8000f032 (0xfc3f2923) sw      gp, -46(t5)
core   0: 3 0x8000f032 (0xfc3f2923) mem 0x80010000 0x00000001
core   0: 0x8000f036 (0x0000bfe5) c.j     pc - 8
core   0: 3 0x8000f036 (0xbfe5)
core   0: 0x8000f02e (0x00001f17) auipc   t5, 0x1
core   0: 3 0x8000f02e (0x00001f17) x30 0x8001002e
core   0: 0x8000f032 (0xfc3f2923) sw      gp, -46(t5)
core   0: 3 0x8000f032 (0xfc3f2923) mem 0x80010000 0x00000001
core   0: 0x8000f036 (0x0000bfe5) c.j     pc - 8
core   0: 3 0x8000f036 (0xbfe5)
core   0: 0x8000f02e (0x00001f17) auipc   t5, 0x1
core   0: 3 0x8000f02e (0x00001f17) x30 0x8001002e
core   0: 0x8000f032 (0xfc3f2923) sw      gp, -46(t5)
core   0: 3 0x8000f032 (0xfc3f2923) mem 0x80010000 0x00000001
core   0: 0x8000f036 (0x0000bfe5) c.j     pc - 8
core   0: 3 0x8000f036 (0xbfe5)
core   0: 0x8000f02e (0x00001f17) auipc   t5, 0x1
core   0: 3 0x8000f02e (0x00001f17) x30 0x8001002e
core   0: 0x8000f032 (0xfc3f2923) sw      gp, -46(t5)
core   0: 3 0x8000f032 (0xfc3f2923) mem 0x80010000 0x00000001
core   0: 0x8000f036 (0x0000bfe5) c.j     pc - 8
core   0: 3 0x8000f036 (0xbfe5)
core   0: 0x8000f02e (0x00001f17) auipc   t5, 0x1
core   0: 3 0x8000f02e (0x00001f17) x30 0x8001002e
core   0: 0x8000f032 (0xfc3f2923) sw      gp, -46(t5)
core   0: 3 0x8000f032 (0xfc3f2923) mem 0x80010000 0x00000001
core   0: 0x8000f036 (0x0000bfe5) c.j     pc - 8
core   0: 3 0x8000f036 (0xbfe5)
core   0: 0x8000f02e (0x00001f17) auipc   t5, 0x1
core   0: 3 0x8000f02e (0x00001f17) x30 0x8001002e
core   0: 0x8000f032 (0xfc3f2923) sw      gp, -46(t5)
core   0: 3 0x8000f032 (0xfc3f2923) mem 0x80010000 0x00000001
core   0: 0x8000f036 (0x0000bfe5) c.j     pc - 8
core   0: 3 0x8000f036 (0xbfe5)
core   0: 0x8000f02e (0x00001f17) auipc   t5, 0x1
core   0: 3 0x8000f02e (0x00001f17) x30 0x8001002e
core   0: 0x8000f032 (0xfc3f2923) sw      gp, -46(t5)
core   0: 3 0x8000f032 (0xfc3f2923) mem 0x80010000 0x00000001
core   0: 0x8000f036 (0x0000bfe5) c.j     pc - 8
core   0: 3 0x8000f036 (0xbfe5)
core   0: 0x8000f02e (0x00001f17) auipc   t5, 0x1
core   0: 3 0x8000f02e (0x00001f17) x30 0x8001002e
core   0: 0x8000f032 (0xfc3f2923) sw      gp, -46(t5)
core   0: 3 0x8000f032 (0xfc3f2923) mem 0x80010000 0x00000001
core   0: 0x8000f036 (0x0000bfe5) c.j     pc - 8
core   0: 3 0x8000f036 (0xbfe5)
core   0: 0x8000f02e (0x00001f17) auipc   t5, 0x1
core   0: 3 0x8000f02e (0x00001f17) x30 0x8001002e
core   0: 0x8000f032 (0xfc3f2923) sw      gp, -46(t5)
core   0: 3 0x8000f032 (0xfc3f2923) mem 0x80010000 0x00000001
core   0: 0x8000f036 (0x0000bfe5) c.j     pc - 8
core   0: 3 0x8000f036 (0xbfe5)
core   0: 0x8000f02e (0x00001f17) auipc   t5, 0x1
core   0: 3 0x8000f02e (0x00001f17) x30 0x8001002e
core   0: 0x8000f032 (0xfc3f2923) sw      gp, -46(t5)
core   0: 3 0x8000f032 (0xfc3f2923) mem 0x80010000 0x00000001
core   0: 0x8000f036 (0x0000bfe5) c.j     pc - 8
core   0: 3 0x8000f036 (0xbfe5)
core   0: 0x8000f02e (0x00001f17) auipc   t5, 0x1
core   0: 3 0x8000f02e (0x00001f17) x30 0x8001002e
core   0: 0x8000f032 (0xfc3f2923) sw      gp, -46(t5)
core   0: 3 0x8000f032 (0xfc3f2923) mem 0x80010000 0x00000001
core   0: 0x8000f036 (0x0000bfe5) c.j     pc - 8
core   0: 3 0x8000f036 (0xbfe5)
core   0: 0x8000f02e (0x00001f17) auipc   t5, 0x1
core   0: 3 0x8000f02e (0x00001f17) x30 0x8001002e
core   0: 0x8000f032 (0xfc3f2923) sw      gp, -46(t5)
core   0: 3 0x8000f032 (0xfc3f2923) mem 0x80010000 0x00000001
core   0: 0x8000f036 (0x0000bfe5) c.j     pc - 8
core   0: 3 0x8000f036 (0xbfe5)
core   0: 0x8000f02e (0x00001f17) auipc   t5, 0x1
core   0: 3 0x8000f02e (0x00001f17) x30 0x8001002e
core   0: 0x8000f032 (0xfc3f2923) sw      gp, -46(t5)
core   0: 3 0x8000f032 (0xfc3f2923) mem 0x80010000 0x00000001
core   0: 0x8000f036 (0x0000bfe5) c.j     pc - 8
core   0: 3 0x8000f036 (0xbfe5)
core   0: 0x8000f02e (0x00001f17) auipc   t5, 0x1
core   0: 3 0x8000f02e (0x00001f17) x30 0x8001002e
core   0: 0x8000f032 (0xfc3f2923) sw      gp, -46(t5)
core   0: 3 0x8000f032 (0xfc3f2923) mem 0x80010000 0x00000001
core   0: 0x8000f036 (0x0000bfe5) c.j     pc - 8
core   0: 3 0x8000f036 (0xbfe5)
core   0: 0x8000f02e (0x00001f17) auipc   t5, 0x1
core   0: 3 0x8000f02e (0x00001f17) x30 0x8001002e
core   0: 0x8000f032 (0xfc3f2923) sw      gp, -46(t5)
core   0: 3 0x8000f032 (0xfc3f2923) mem 0x80010000 0x00000001
core   0: 0x8000f036 (0x0000bfe5) c.j     pc - 8
core   0: 3 0x8000f036 (0xbfe5)
core   0: 0x8000f02e (0x00001f17) auipc   t5, 0x1
core   0: 3 0x8000f02e (0x00001f17) x30 0x8001002e
core   0: 0x8000f032 (0xfc3f2923) sw      gp, -46(t5)
core   0: 3 0x8000f032 (0xfc3f2923) mem 0x80010000 0x00000001
core   0: 0x8000f036 (0x0000bfe5) c.j     pc - 8
core   0: 3 0x8000f036 (0xbfe5)
core   0: 0x8000f02e (0x00001f17) auipc   t5, 0x1
core   0: 3 0x8000f02e (0x00001f17) x30 0x8001002e
core   0: 0x8000f032 (0xfc3f2923) sw      gp, -46(t5)
core   0: 3 0x8000f032 (0xfc3f2923) mem 0x80010000 0x00000001
core   0: 0x8000f036 (0x0000bfe5) c.j     pc - 8
core   0: 3 0x8000f036 (0xbfe5)
core   0: 0x8000f02e (0x00001f17) auipc   t5, 0x1
core   0: 3 0x8000f02e (0x00001f17) x30 0x8001002e
core   0: 0x8000f032 (0xfc3f2923) sw      gp, -46(t5)
core   0: 3 0x8000f032 (0xfc3f2923) mem 0x80010000 0x00000001
core   0: 0x8000f036 (0x0000bfe5) c.j     pc - 8
core   0: 3 0x8000f036 (0xbfe5)
core   0: 0x8000f02e (0x00001f17) auipc   t5, 0x1
core   0: 3 0x8000f02e (0x00001f17) x30 0x8001002e
core   0: 0x8000f032 (0xfc3f2923) sw      gp, -46(t5)
core   0: 3 0x8000f032 (0xfc3f2923) mem 0x80010000 0x00000001
core   0: 0x8000f036 (0x0000bfe5) c.j     pc - 8
core   0: 3 0x8000f036 (0xbfe5)
core   0: 0x8000f02e (0x00001f17) auipc   t5, 0x1
core   0: 3 0x8000f02e (0x00001f17) x30 0x8001002e
core   0: 0x8000f032 (0xfc3f2923) sw      gp, -46(t5)
core   0: 3 0x8000f032 (0xfc3f2923) mem 0x80010000 0x00000001
core   0: 0x8000f036 (0x0000bfe5) c.j     pc - 8
core   0: 3 0x8000f036 (0xbfe5)
core   0: 0x8000f02e (0x00001f17) auipc   t5, 0x1
core   0: 3 0x8000f02e (0x00001f17) x30 0x8001002e
core   0: 0x8000f032 (0xfc3f2923) sw      gp, -46(t5)
core   0: 3 0x8000f032 (0xfc3f2923) mem 0x80010000 0x00000001
core   0: 0x8000f036 (0x0000bfe5) c.j     pc - 8
core   0: 3 0x8000f036 (0xbfe5)
core   0: 0x8000f02e (0x00001f17) auipc   t5, 0x1
core   0: 3 0x8000f02e (0x00001f17) x30 0x8001002e
core   0: 0x8000f032 (0xfc3f2923) sw      gp, -46(t5)
core   0: 3 0x8000f032 (0xfc3f2923) mem 0x80010000 0x00000001
core   0: 0x8000f036 (0x0000bfe5) c.j     pc - 8
core   0: 3 0x8000f036 (0xbfe5)
core   0: 0x8000f02e (0x00001f17) auipc   t5, 0x1
core   0: 3 0x8000f02e (0x00001f17) x30 0x8001002e
core   0: 0x8000f032 (0xfc3f2923) sw      gp, -46(t5)
core   0: 3 0x8000f032 (0xfc3f2923) mem 0x80010000 0x00000001
core   0: 0x8000f036 (0x0000bfe5) c.j     pc - 8
core   0: 3 0x8000f036 (0xbfe5)
core   0: 0x8000f02e (0x00001f17) auipc   t5, 0x1
core   0: 3 0x8000f02e (0x00001f17) x30 0x8001002e
core   0: 0x8000f032 (0xfc3f2923) sw      gp, -46(t5)
core   0: 3 0x8000f032 (0xfc3f2923) mem 0x80010000 0x00000001
core   0: 0x8000f036 (0x0000bfe5) c.j     pc - 8
core   0: 3 0x8000f036 (0xbfe5)
core   0: 0x8000f02e (0x00001f17) auipc   t5, 0x1
core   0: 3 0x8000f02e (0x00001f17) x30 0x8001002e
core   0: 0x8000f032 (0xfc3f2923) sw      gp, -46(t5)
core   0: 3 0x8000f032 (0xfc3f2923) mem 0x80010000 0x00000001
core   0: 0x8000f036 (0x0000bfe5) c.j     pc - 8
core   0: 3 0x8000f036 (0xbfe5)
core   0: 0x8000f02e (0x00001f17) auipc   t5, 0x1
core   0: 3 0x8000f02e (0x00001f17) x30 0x8001002e
core   0: 0x8000f032 (0xfc3f2923) sw      gp, -46(t5)
core   0: 3 0x8000f032 (0xfc3f2923) mem 0x80010000 0x00000001
core   0: 0x8000f036 (0x0000bfe5) c.j     pc - 8
core   0: 3 0x8000f036 (0xbfe5)
core   0: 0x8000f02e (0x00001f17) auipc   t5, 0x1
core   0: 3 0x8000f02e (0x00001f17) x30 0x8001002e
core   0: 0x8000f032 (0xfc3f2923) sw      gp, -46(t5)
core   0: 3 0x8000f032 (0xfc3f2923) mem 0x80010000 0x00000001
core   0: 0x8000f036 (0x0000bfe5) c.j     pc - 8
core   0: 3 0x8000f036 (0xbfe5)
core   0: 0x8000f02e (0x00001f17) auipc   t5, 0x1
core   0: 3 0x8000f02e (0x00001f17) x30 0x8001002e
core   0: 0x8000f032 (0xfc3f2923) sw      gp, -46(t5)
core   0: 3 0x8000f032 (0xfc3f2923) mem 0x80010000 0x00000001
core   0: 0x8000f036 (0x0000bfe5) c.j     pc - 8
core   0: 3 0x8000f036 (0xbfe5)
core   0: 0x8000f02e (0x00001f17) auipc   t5, 0x1
core   0: 3 0x8000f02e (0x00001f17) x30 0x8001002e
core   0: 0x8000f032 (0xfc3f2923) sw      gp, -46(t5)
core   0: 3 0x8000f032 (0xfc3f2923) mem 0x80010000 0x00000001
core   0: 0x8000f036 (0x0000bfe5) c.j     pc - 8
core   0: 3 0x8000f036 (0xbfe5)
core   0: 0x8000f02e (0x00001f17) auipc   t5, 0x1
core   0: 3 0x8000f02e (0x00001f17) x30 0x8001002e
core   0: 0x8000f032 (0xfc3f2923) sw      gp, -46(t5)
core   0: 3 0x8000f032 (0xfc3f2923) mem 0x80010000 0x00000001
core   0: 0x8000f036 (0x0000bfe5) c.j     pc - 8
core   0: 3 0x8000f036 (0xbfe5)
core   0: 0x8000f02e (0x00001f17) auipc   t5, 0x1
core   0: 3 0x8000f02e (0x00001f17) x30 0x8001002e
core   0: 0x8000f032 (0xfc3f2923) sw      gp, -46(t5)
core   0: 3 0x8000f032 (0xfc3f2923) mem 0x80010000 0x00000001
core   0: 0x8000f036 (0x0000bfe5) c.j     pc - 8
core   0: 3 0x8000f036 (0xbfe5)
core   0: 0x8000f02e (0x00001f17) auipc   t5, 0x1
core   0: 3 0x8000f02e (0x00001f17) x30 0x8001002e
core   0: 0x8000f032 (0xfc3f2923) sw      gp, -46(t5)
core   0: 3 0x8000f032 (0xfc3f2923) mem 0x80010000 0x00000001
core   0: 0x8000f036 (0x0000bfe5) c.j     pc - 8
core   0: 3 0x8000f036 (0xbfe5)
core   0: 0x8000f02e (0x00001f17) auipc   t5, 0x1
core   0: 3 0x8000f02e (0x00001f17) x30 0x8001002e
core   0: 0x8000f032 (0xfc3f2923) sw      gp, -46(t5)
core   0: 3 0x8000f032 (0xfc3f2923) mem 0x80010000 0x00000001
core   0: 0x8000f036 (0x0000bfe5) c.j     pc - 8
core   0: 3 0x8000f036 (0xbfe5)
core   0: 0x8000f02e (0x00001f17) auipc   t5, 0x1
core   0: 3 0x8000f02e (0x00001f17) x30 0x8001002e
core   0: 0x8000f032 (0xfc3f2923) sw      gp, -46(t5)
core   0: 3 0x8000f032 (0xfc3f2923) mem 0x80010000 0x00000001
core   0: 0x8000f036 (0x0000bfe5) c.j     pc - 8
core   0: 3 0x8000f036 (0xbfe5)
core   0: 0x8000f02e (0x00001f17) auipc   t5, 0x1
core   0: 3 0x8000f02e (0x00001f17) x30 0x8001002e
core   0: 0x8000f032 (0xfc3f2923) sw      gp, -46(t5)
core   0: 3 0x8000f032 (0xfc3f2923) mem 0x80010000 0x00000001
core   0: 0x8000f036 (0x0000bfe5) c.j     pc - 8
core   0: 3 0x8000f036 (0xbfe5)
core   0: 0x8000f02e (0x00001f17) auipc   t5, 0x1
core   0: 3 0x8000f02e (0x00001f17) x30 0x8001002e
core   0: 0x8000f032 (0xfc3f2923) sw      gp, -46(t5)
core   0: 3 0x8000f032 (0xfc3f2923) mem 0x80010000 0x00000001
core   0: 0x8000f036 (0x0000bfe5) c.j     pc - 8
core   0: 3 0x8000f036 (0xbfe5)
core   0: 0x8000f02e (0x00001f17) auipc   t5, 0x1
core   0: 3 0x8000f02e (0x00001f17) x30 0x8001002e
core   0: 0x8000f032 (0xfc3f2923) sw      gp, -46(t5)
core   0: 3 0x8000f032 (0xfc3f2923) mem 0x80010000 0x00000001
core   0: 0x8000f036 (0x0000bfe5) c.j     pc - 8
core   0: 3 0x8000f036 (0xbfe5)
core   0: 0x8000f02e (0x00001f17) auipc   t5, 0x1
core   0: 3 0x8000f02e (0x00001f17) x30 0x8001002e
core   0: 0x8000f032 (0xfc3f2923) sw      gp, -46(t5)
core   0: 3 0x8000f032 (0xfc3f2923) mem 0x80010000 0x00000001
core   0: 0x8000f036 (0x0000bfe5) c.j     pc - 8
core   0: 3 0x8000f036 (0xbfe5)
core   0: 0x8000f02e (0x00001f17) auipc   t5, 0x1
core   0: 3 0x8000f02e (0x00001f17) x30 0x8001002e
core   0: 0x8000f032 (0xfc3f2923) sw      gp, -46(t5)
core   0: 3 0x8000f032 (0xfc3f2923) mem 0x80010000 0x00000001
core   0: 0x8000f036 (0x0000bfe5) c.j     pc - 8
core   0: 3 0x8000f036 (0xbfe5)
core   0: 0x8000f02e (0x00001f17) auipc   t5, 0x1
core   0: 3 0x8000f02e (0x00001f17) x30 0x8001002e
core   0: 0x8000f032 (0xfc3f2923) sw      gp, -46(t5)
core   0: 3 0x8000f032 (0xfc3f2923) mem 0x80010000 0x00000001
core   0: 0x8000f036 (0x0000bfe5) c.j     pc - 8
core   0: 3 0x8000f036 (0xbfe5)
core   0: 0x8000f02e (0x00001f17) auipc   t5, 0x1
core   0: 3 0x8000f02e (0x00001f17) x30 0x8001002e
core   0: 0x8000f032 (0xfc3f2923) sw      gp, -46(t5)
core   0: 3 0x8000f032 (0xfc3f2923) mem 0x80010000 0x00000001
core   0: 0x8000f036 (0x0000bfe5) c.j     pc - 8
core   0: 3 0x8000f036 (0xbfe5)
core   0: 0x8000f02e (0x00001f17) auipc   t5, 0x1
core   0: 3 0x8000f02e (0x00001f17) x30 0x8001002e
core   0: 0x8000f032 (0xfc3f2923) sw      gp, -46(t5)
core   0: 3 0x8000f032 (0xfc3f2923) mem 0x80010000 0x00000001
core   0: 0x8000f036 (0x0000bfe5) c.j     pc - 8
core   0: 3 0x8000f036 (0xbfe5)
core   0: 0x8000f02e (0x00001f17) auipc   t5, 0x1
core   0: 3 0x8000f02e (0x00001f17) x30 0x8001002e
core   0: 0x8000f032 (0xfc3f2923) sw      gp, -46(t5)
core   0: 3 0x8000f032 (0xfc3f2923) mem 0x80010000 0x00000001
core   0: 0x8000f036 (0x0000bfe5) c.j     pc - 8
core   0: 3 0x8000f036 (0xbfe5)
core   0: 0x8000f02e (0x00001f17) auipc   t5, 0x1
core   0: 3 0x8000f02e (0x00001f17) x30 0x8001002e
core   0: 0x8000f032 (0xfc3f2923) sw      gp, -46(t5)
core   0: 3 0x8000f032 (0xfc3f2923) mem 0x80010000 0x00000001
core   0: 0x8000f036 (0x0000bfe5) c.j     pc - 8
core   0: 3 0x8000f036 (0xbfe5)
core   0: 0x8000f02e (0x00001f17) auipc   t5, 0x1
core   0: 3 0x8000f02e (0x00001f17) x30 0x8001002e
core   0: 0x8000f032 (0xfc3f2923) sw      gp, -46(t5)
core   0: 3 0x8000f032 (0xfc3f2923) mem 0x80010000 0x00000001
core   0: 0x8000f036 (0x0000bfe5) c.j     pc - 8
core   0: 3 0x8000f036 (0xbfe5)
core   0: 0x8000f02e (0x00001f17) auipc   t5, 0x1
core   0: 3 0x8000f02e (0x00001f17) x30 0x8001002e
core   0: 0x8000f032 (0xfc3f2923) sw      gp, -46(t5)
core   0: 3 0x8000f032 (0xfc3f2923) mem 0x80010000 0x00000001
core   0: 0x8000f036 (0x0000bfe5) c.j     pc - 8
core   0: 3 0x8000f036 (0xbfe5)
core   0: 0x8000f02e (0x00001f17) auipc   t5, 0x1
core   0: 3 0x8000f02e (0x00001f17) x30 0x8001002e
core   0: 0x8000f032 (0xfc3f2923) sw      gp, -46(t5)
core   0: 3 0x8000f032 (0xfc3f2923) mem 0x80010000 0x00000001
core   0: 0x8000f036 (0x0000bfe5) c.j     pc - 8
core   0: 3 0x8000f036 (0xbfe5)
core   0: 0x8000f02e (0x00001f17) auipc   t5, 0x1
core   0: 3 0x8000f02e (0x00001f17) x30 0x8001002e
core   0: 0x8000f032 (0xfc3f2923) sw      gp, -46(t5)
core   0: 3 0x8000f032 (0xfc3f2923) mem 0x80010000 0x00000001
core   0: 0x8000f036 (0x0000bfe5) c.j     pc - 8
core   0: 3 0x8000f036 (0xbfe5)
core   0: 0x8000f02e (0x00001f17) auipc   t5, 0x1
core   0: 3 0x8000f02e (0x00001f17) x30 0x8001002e
core   0: 0x8000f032 (0xfc3f2923) sw      gp, -46(t5)
core   0: 3 0x8000f032 (0xfc3f2923) mem 0x80010000 0x00000001
core   0: 0x8000f036 (0x0000bfe5) c.j     pc - 8
core   0: 3 0x8000f036 (0xbfe5)
core   0: 0x8000f02e (0x00001f17) auipc   t5, 0x1
core   0: 3 0x8000f02e (0x00001f17) x30 0x8001002e
core   0: 0x8000f032 (0xfc3f2923) sw      gp, -46(t5)
core   0: 3 0x8000f032 (0xfc3f2923) mem 0x80010000 0x00000001
core   0: 0x8000f036 (0x0000bfe5) c.j     pc - 8
core   0: 3 0x8000f036 (0xbfe5)
core   0: 0x8000f02e (0x00001f17) auipc   t5, 0x1
core   0: 3 0x8000f02e (0x00001f17) x30 0x8001002e
core   0: 0x8000f032 (0xfc3f2923) sw      gp, -46(t5)
core   0: 3 0x8000f032 (0xfc3f2923) mem 0x80010000 0x00000001
core   0: 0x8000f036 (0x0000bfe5) c.j     pc - 8
core   0: 3 0x8000f036 (0xbfe5)
core   0: 0x8000f02e (0x00001f17) auipc   t5, 0x1
core   0: 3 0x8000f02e (0x00001f17) x30 0x8001002e
core   0: 0x8000f032 (0xfc3f2923) sw      gp, -46(t5)
core   0: 3 0x8000f032 (0xfc3f2923) mem 0x80010000 0x00000001
core   0: 0x8000f036 (0x0000bfe5) c.j     pc - 8
core   0: 3 0x8000f036 (0xbfe5)
core   0: 0x8000f02e (0x00001f17) auipc   t5, 0x1
core   0: 3 0x8000f02e (0x00001f17) x30 0x8001002e
core   0: 0x8000f032 (0xfc3f2923) sw      gp, -46(t5)
core   0: 3 0x8000f032 (0xfc3f2923) mem 0x80010000 0x00000001
core   0: 0x8000f036 (0x0000bfe5) c.j     pc - 8
core   0: 3 0x8000f036 (0xbfe5)
core   0: 0x8000f02e (0x00001f17) auipc   t5, 0x1
core   0: 3 0x8000f02e (0x00001f17) x30 0x8001002e
core   0: 0x8000f032 (0xfc3f2923) sw      gp, -46(t5)
core   0: 3 0x8000f032 (0xfc3f2923) mem 0x80010000 0x00000001
core   0: 0x8000f036 (0x0000bfe5) c.j     pc - 8
core   0: 3 0x8000f036 (0xbfe5)
core   0: 0x8000f02e (0x00001f17) auipc   t5, 0x1
core   0: 3 0x8000f02e (0x00001f17) x30 0x8001002e
core   0: 0x8000f032 (0xfc3f2923) sw      gp, -46(t5)
core   0: 3 0x8000f032 (0xfc3f2923) mem 0x80010000 0x00000001
core   0: 0x8000f036 (0x0000bfe5) c.j     pc - 8
core   0: 3 0x8000f036 (0xbfe5)
core   0: 0x8000f02e (0x00001f17) auipc   t5, 0x1
core   0: 3 0x8000f02e (0x00001f17) x30 0x8001002e
core   0: 0x8000f032 (0xfc3f2923) sw      gp, -46(t5)
core   0: 3 0x8000f032 (0xfc3f2923) mem 0x80010000 0x00000001
core   0: 0x8000f036 (0x0000bfe5) c.j     pc - 8
core   0: 3 0x8000f036 (0xbfe5)
core   0: 0x8000f02e (0x00001f17) auipc   t5, 0x1
core   0: 3 0x8000f02e (0x00001f17) x30 0x8001002e
core   0: 0x8000f032 (0xfc3f2923) sw      gp, -46(t5)
core   0: 3 0x8000f032 (0xfc3f2923) mem 0x80010000 0x00000001
core   0: 0x8000f036 (0x0000bfe5) c.j     pc - 8
core   0: 3 0x8000f036 (0xbfe5)
core   0: 0x8000f02e (0x00001f17) auipc   t5, 0x1
core   0: 3 0x8000f02e (0x00001f17) x30 0x8001002e
core   0: 0x8000f032 (0xfc3f2923) sw      gp, -46(t5)
core   0: 3 0x8000f032 (0xfc3f2923) mem 0x80010000 0x00000001
core   0: 0x8000f036 (0x0000bfe5) c.j     pc - 8
core   0: 3 0x8000f036 (0xbfe5)
core   0: 0x8000f02e (0x00001f17) auipc   t5, 0x1
core   0: 3 0x8000f02e (0x00001f17) x30 0x8001002e
core   0: 0x8000f032 (0xfc3f2923) sw      gp, -46(t5)
core   0: 3 0x8000f032 (0xfc3f2923) mem 0x80010000 0x00000001
core   0: 0x8000f036 (0x0000bfe5) c.j     pc - 8
core   0: 3 0x8000f036 (0xbfe5)
core   0: 0x8000f02e (0x00001f17) auipc   t5, 0x1
core   0: 3 0x8000f02e (0x00001f17) x30 0x8001002e
core   0: 0x8000f032 (0xfc3f2923) sw      gp, -46(t5)
core   0: 3 0x8000f032 (0xfc3f2923) mem 0x80010000 0x00000001
core   0: 0x8000f036 (0x0000bfe5) c.j     pc - 8
core   0: 3 0x8000f036 (0xbfe5)
core   0: 0x8000f02e (0x00001f17) auipc   t5, 0x1
core   0: 3 0x8000f02e (0x00001f17) x30 0x8001002e
core   0: 0x8000f032 (0xfc3f2923) sw      gp, -46(t5)
core   0: 3 0x8000f032 (0xfc3f2923) mem 0x80010000 0x00000001
core   0: 0x8000f036 (0x0000bfe5) c.j     pc - 8
core   0: 3 0x8000f036 (0xbfe5)
core   0: 0x8000f02e (0x00001f17) auipc   t5, 0x1
core   0: 3 0x8000f02e (0x00001f17) x30 0x8001002e
core   0: 0x8000f032 (0xfc3f2923) sw      gp, -46(t5)
core   0: 3 0x8000f032 (0xfc3f2923) mem 0x80010000 0x00000001
core   0: 0x8000f036 (0x0000bfe5) c.j     pc - 8
core   0: 3 0x8000f036 (0xbfe5)
core   0: 0x8000f02e (0x00001f17) auipc   t5, 0x1
core   0: 3 0x8000f02e (0x00001f17) x30 0x8001002e
core   0: 0x8000f032 (0xfc3f2923) sw      gp, -46(t5)
core   0: 3 0x8000f032 (0xfc3f2923) mem 0x80010000 0x00000001
core   0: 0x8000f036 (0x0000bfe5) c.j     pc - 8
core   0: 3 0x8000f036 (0xbfe5)
core   0: 0x8000f02e (0x00001f17) auipc   t5, 0x1
core   0: 3 0x8000f02e (0x00001f17) x30 0x8001002e
core   0: 0x8000f032 (0xfc3f2923) sw      gp, -46(t5)
core   0: 3 0x8000f032 (0xfc3f2923) mem 0x80010000 0x00000001
core   0: 0x8000f036 (0x0000bfe5) c.j     pc - 8
core   0: 3 0x8000f036 (0xbfe5)
core   0: 0x8000f02e (0x00001f17) auipc   t5, 0x1
core   0: 3 0x8000f02e (0x00001f17) x30 0x8001002e
core   0: 0x8000f032 (0xfc3f2923) sw      gp, -46(t5)
core   0: 3 0x8000f032 (0xfc3f2923) mem 0x80010000 0x00000001
core   0: 0x8000f036 (0x0000bfe5) c.j     pc - 8
core   0: 3 0x8000f036 (0xbfe5)
core   0: 0x8000f02e (0x00001f17) auipc   t5, 0x1
core   0: 3 0x8000f02e (0x00001f17) x30 0x8001002e
core   0: 0x8000f032 (0xfc3f2923) sw      gp, -46(t5)
core   0: 3 0x8000f032 (0xfc3f2923) mem 0x80010000 0x00000001
core   0: 0x8000f036 (0x0000bfe5) c.j     pc - 8
core   0: 3 0x8000f036 (0xbfe5)
core   0: 0x8000f02e (0x00001f17) auipc   t5, 0x1
core   0: 3 0x8000f02e (0x00001f17) x30 0x8001002e
core   0: 0x8000f032 (0xfc3f2923) sw      gp, -46(t5)
core   0: 3 0x8000f032 (0xfc3f2923) mem 0x80010000 0x00000001
core   0: 0x8000f036 (0x0000bfe5) c.j     pc - 8
core   0: 3 0x8000f036 (0xbfe5)
core   0: 0x8000f02e (0x00001f17) auipc   t5, 0x1
core   0: 3 0x8000f02e (0x00001f17) x30 0x8001002e
core   0: 0x8000f032 (0xfc3f2923) sw      gp, -46(t5)
core   0: 3 0x8000f032 (0xfc3f2923) mem 0x80010000 0x00000001
core   0: 0x8000f036 (0x0000bfe5) c.j     pc - 8
core   0: 3 0x8000f036 (0xbfe5)
core   0: 0x8000f02e (0x00001f17) auipc   t5, 0x1
core   0: 3 0x8000f02e (0x00001f17) x30 0x8001002e
core   0: 0x8000f032 (0xfc3f2923) sw      gp, -46(t5)
core   0: 3 0x8000f032 (0xfc3f2923) mem 0x80010000 0x00000001
core   0: 0x8000f036 (0x0000bfe5) c.j     pc - 8
core   0: 3 0x8000f036 (0xbfe5)
core   0: 0x8000f02e (0x00001f17) auipc   t5, 0x1
core   0: 3 0x8000f02e (0x00001f17) x30 0x8001002e
core   0: 0x8000f032 (0xfc3f2923) sw      gp, -46(t5)
core   0: 3 0x8000f032 (0xfc3f2923) mem 0x80010000 0x00000001
core   0: 0x8000f036 (0x0000bfe5) c.j     pc - 8
core   0: 3 0x8000f036 (0xbfe5)
core   0: 0x8000f02e (0x00001f17) auipc   t5, 0x1
core   0: 3 0x8000f02e (0x00001f17) x30 0x8001002e
core   0: 0x8000f032 (0xfc3f2923) sw      gp, -46(t5)
core   0: 3 0x8000f032 (0xfc3f2923) mem 0x80010000 0x00000001
core   0: 0x8000f036 (0x0000bfe5) c.j     pc - 8
core   0: 3 0x8000f036 (0xbfe5)
core   0: 0x8000f02e (0x00001f17) auipc   t5, 0x1
core   0: 3 0x8000f02e (0x00001f17) x30 0x8001002e
core   0: 0x8000f032 (0xfc3f2923) sw      gp, -46(t5)
core   0: 3 0x8000f032 (0xfc3f2923) mem 0x80010000 0x00000001
core   0: 0x8000f036 (0x0000bfe5) c.j     pc - 8
core   0: 3 0x8000f036 (0xbfe5)
core   0: 0x8000f02e (0x00001f17) auipc   t5, 0x1
core   0: 3 0x8000f02e (0x00001f17) x30 0x8001002e
core   0: 0x8000f032 (0xfc3f2923) sw      gp, -46(t5)
core   0: 3 0x8000f032 (0xfc3f2923) mem 0x80010000 0x00000001
core   0: 0x8000f036 (0x0000bfe5) c.j     pc - 8
core   0: 3 0x8000f036 (0xbfe5)
core   0: 0x8000f02e (0x00001f17) auipc   t5, 0x1
core   0: 3 0x8000f02e (0x00001f17) x30 0x8001002e
core   0: 0x8000f032 (0xfc3f2923) sw      gp, -46(t5)
core   0: 3 0x8000f032 (0xfc3f2923) mem 0x80010000 0x00000001
core   0: 0x8000f036 (0x0000bfe5) c.j     pc - 8
core   0: 3 0x8000f036 (0xbfe5)
core   0: 0x8000f02e (0x00001f17) auipc   t5, 0x1
core   0: 3 0x8000f02e (0x00001f17) x30 0x8001002e
core   0: 0x8000f032 (0xfc3f2923) sw      gp, -46(t5)
core   0: 3 0x8000f032 (0xfc3f2923) mem 0x80010000 0x00000001
core   0: 0x8000f036 (0x0000bfe5) c.j     pc - 8
core   0: 3 0x8000f036 (0xbfe5)
core   0: 0x8000f02e (0x00001f17) auipc   t5, 0x1
core   0: 3 0x8000f02e (0x00001f17) x30 0x8001002e
core   0: 0x8000f032 (0xfc3f2923) sw      gp, -46(t5)
core   0: 3 0x8000f032 (0xfc3f2923) mem 0x80010000 0x00000001
core   0: 0x8000f036 (0x0000bfe5) c.j     pc - 8
core   0: 3 0x8000f036 (0xbfe5)
core   0: 0x8000f02e (0x00001f17) auipc   t5, 0x1
core   0: 3 0x8000f02e (0x00001f17) x30 0x8001002e
core   0: 0x8000f032 (0xfc3f2923) sw      gp, -46(t5)
core   0: 3 0x8000f032 (0xfc3f2923) mem 0x80010000 0x00000001
core   0: 0x8000f036 (0x0000bfe5) c.j     pc - 8
core   0: 3 0x8000f036 (0xbfe5)
core   0: 0x8000f02e (0x00001f17) auipc   t5, 0x1
core   0: 3 0x8000f02e (0x00001f17) x30 0x8001002e
core   0: 0x8000f032 (0xfc3f2923) sw      gp, -46(t5)
core   0: 3 0x8000f032 (0xfc3f2923) mem 0x80010000 0x00000001
core   0: 0x8000f036 (0x0000bfe5) c.j     pc - 8
core   0: 3 0x8000f036 (0xbfe5)
core   0: 0x8000f02e (0x00001f17) auipc   t5, 0x1
core   0: 3 0x8000f02e (0x00001f17) x30 0x8001002e
core   0: 0x8000f032 (0xfc3f2923) sw      gp, -46(t5)
core   0: 3 0x8000f032 (0xfc3f2923) mem 0x80010000 0x00000001
core   0: 0x8000f036 (0x0000bfe5) c.j     pc - 8
core   0: 3 0x8000f036 (0xbfe5)
core   0: 0x8000f02e (0x00001f17) auipc   t5, 0x1
core   0: 3 0x8000f02e (0x00001f17) x30 0x8001002e
core   0: 0x8000f032 (0xfc3f2923) sw      gp, -46(t5)
core   0: 3 0x8000f032 (0xfc3f2923) mem 0x80010000 0x00000001
core   0: 0x8000f036 (0x0000bfe5) c.j     pc - 8
core   0: 3 0x8000f036 (0xbfe5)
core   0: 0x8000f02e (0x00001f17) auipc   t5, 0x1
core   0: 3 0x8000f02e (0x00001f17) x30 0x8001002e
core   0: 0x8000f032 (0xfc3f2923) sw      gp, -46(t5)
core   0: 3 0x8000f032 (0xfc3f2923) mem 0x80010000 0x00000001
core   0: 0x8000f036 (0x0000bfe5) c.j     pc - 8
core   0: 3 0x8000f036 (0xbfe5)
core   0: 0x8000f02e (0x00001f17) auipc   t5, 0x1
core   0: 3 0x8000f02e (0x00001f17) x30 0x8001002e
core   0: 0x8000f032 (0xfc3f2923) sw      gp, -46(t5)
core   0: 3 0x8000f032 (0xfc3f2923) mem 0x80010000 0x00000001
core   0: 0x8000f036 (0x0000bfe5) c.j     pc - 8
core   0: 3 0x8000f036 (0xbfe5)
core   0: 0x8000f02e (0x00001f17) auipc   t5, 0x1
core   0: 3 0x8000f02e (0x00001f17) x30 0x8001002e
core   0: 0x8000f032 (0xfc3f2923) sw      gp, -46(t5)
core   0: 3 0x8000f032 (0xfc3f2923) mem 0x80010000 0x00000001
core   0: 0x8000f036 (0x0000bfe5) c.j     pc - 8
core   0: 3 0x8000f036 (0xbfe5)
core   0: 0x8000f02e (0x00001f17) auipc   t5, 0x1
core   0: 3 0x8000f02e (0x00001f17) x30 0x8001002e
core   0: 0x8000f032 (0xfc3f2923) sw      gp, -46(t5)
core   0: 3 0x8000f032 (0xfc3f2923) mem 0x80010000 0x00000001
core   0: 0x8000f036 (0x0000bfe5) c.j     pc - 8
core   0: 3 0x8000f036 (0xbfe5)
core   0: 0x8000f02e (0x00001f17) auipc   t5, 0x1
core   0: 3 0x8000f02e (0x00001f17) x30 0x8001002e
core   0: 0x8000f032 (0xfc3f2923) sw      gp, -46(t5)
core   0: 3 0x8000f032 (0xfc3f2923) mem 0x80010000 0x00000001
core   0: 0x8000f036 (0x0000bfe5) c.j     pc - 8
core   0: 3 0x8000f036 (0xbfe5)
core   0: 0x8000f02e (0x00001f17) auipc   t5, 0x1
core   0: 3 0x8000f02e (0x00001f17) x30 0x8001002e
core   0: 0x8000f032 (0xfc3f2923) sw      gp, -46(t5)
core   0: 3 0x8000f032 (0xfc3f2923) mem 0x80010000 0x00000001
core   0: 0x8000f036 (0x0000bfe5) c.j     pc - 8
core   0: 3 0x8000f036 (0xbfe5)
core   0: 0x8000f02e (0x00001f17) auipc   t5, 0x1
core   0: 3 0x8000f02e (0x00001f17) x30 0x8001002e
core   0: 0x8000f032 (0xfc3f2923) sw      gp, -46(t5)
core   0: 3 0x8000f032 (0xfc3f2923) mem 0x80010000 0x00000001
core   0: 0x8000f036 (0x0000bfe5) c.j     pc - 8
core   0: 3 0x8000f036 (0xbfe5)
core   0: 0x8000f02e (0x00001f17) auipc   t5, 0x1
core   0: 3 0x8000f02e (0x00001f17) x30 0x8001002e
core   0: 0x8000f032 (0xfc3f2923) sw      gp, -46(t5)
core   0: 3 0x8000f032 (0xfc3f2923) mem 0x80010000 0x00000001
core   0: 0x8000f036 (0x0000bfe5) c.j     pc - 8
core   0: 3 0x8000f036 (0xbfe5)
core   0: 0x8000f02e (0x00001f17) auipc   t5, 0x1
core   0: 3 0x8000f02e (0x00001f17) x30 0x8001002e
core   0: 0x8000f032 (0xfc3f2923) sw      gp, -46(t5)
core   0: 3 0x8000f032 (0xfc3f2923) mem 0x80010000 0x00000001
core   0: 0x8000f036 (0x0000bfe5) c.j     pc - 8
core   0: 3 0x8000f036 (0xbfe5)
core   0: 0x8000f02e (0x00001f17) auipc   t5, 0x1
core   0: 3 0x8000f02e (0x00001f17) x30 0x8001002e
core   0: 0x8000f032 (0xfc3f2923) sw      gp, -46(t5)
core   0: 3 0x8000f032 (0xfc3f2923) mem 0x80010000 0x00000001
core   0: 0x8000f036 (0x0000bfe5) c.j     pc - 8
core   0: 3 0x8000f036 (0xbfe5)
core   0: 0x8000f02e (0x00001f17) auipc   t5, 0x1
core   0: 3 0x8000f02e (0x00001f17) x30 0x8001002e
core   0: 0x8000f032 (0xfc3f2923) sw      gp, -46(t5)
core   0: 3 0x8000f032 (0xfc3f2923) mem 0x80010000 0x00000001
core   0: 0x8000f036 (0x0000bfe5) c.j     pc - 8
core   0: 3 0x8000f036 (0xbfe5)
core   0: 0x8000f02e (0x00001f17) auipc   t5, 0x1
core   0: 3 0x8000f02e (0x00001f17) x30 0x8001002e
core   0: 0x8000f032 (0xfc3f2923) sw      gp, -46(t5)
core   0: 3 0x8000f032 (0xfc3f2923) mem 0x80010000 0x00000001
core   0: 0x8000f036 (0x0000bfe5) c.j     pc - 8
core   0: 3 0x8000f036 (0xbfe5)
core   0: 0x8000f02e (0x00001f17) auipc   t5, 0x1
core   0: 3 0x8000f02e (0x00001f17) x30 0x8001002e
core   0: 0x8000f032 (0xfc3f2923) sw      gp, -46(t5)
core   0: 3 0x8000f032 (0xfc3f2923) mem 0x80010000 0x00000001
core   0: 0x8000f036 (0x0000bfe5) c.j     pc - 8
core   0: 3 0x8000f036 (0xbfe5)
core   0: 0x8000f02e (0x00001f17) auipc   t5, 0x1
core   0: 3 0x8000f02e (0x00001f17) x30 0x8001002e
core   0: 0x8000f032 (0xfc3f2923) sw      gp, -46(t5)
core   0: 3 0x8000f032 (0xfc3f2923) mem 0x80010000 0x00000001
core   0: 0x8000f036 (0x0000bfe5) c.j     pc - 8
core   0: 3 0x8000f036 (0xbfe5)
core   0: 0x8000f02e (0x00001f17) auipc   t5, 0x1
core   0: 3 0x8000f02e (0x00001f17) x30 0x8001002e
core   0: 0x8000f032 (0xfc3f2923) sw      gp, -46(t5)
core   0: 3 0x8000f032 (0xfc3f2923) mem 0x80010000 0x00000001
core   0: 0x8000f036 (0x0000bfe5) c.j     pc - 8
core   0: 3 0x8000f036 (0xbfe5)
core   0: 0x8000f02e (0x00001f17) auipc   t5, 0x1
core   0: 3 0x8000f02e (0x00001f17) x30 0x8001002e
core   0: 0x8000f032 (0xfc3f2923) sw      gp, -46(t5)
core   0: 3 0x8000f032 (0xfc3f2923) mem 0x80010000 0x00000001
core   0: 0x8000f036 (0x0000bfe5) c.j     pc - 8
core   0: 3 0x8000f036 (0xbfe5)
core   0: 0x8000f02e (0x00001f17) auipc   t5, 0x1
core   0: 3 0x8000f02e (0x00001f17) x30 0x8001002e
core   0: 0x8000f032 (0xfc3f2923) sw      gp, -46(t5)
core   0: 3 0x8000f032 (0xfc3f2923) mem 0x80010000 0x00000001
core   0: 0x8000f036 (0x0000bfe5) c.j     pc - 8
core   0: 3 0x8000f036 (0xbfe5)
core   0: 0x8000f02e (0x00001f17) auipc   t5, 0x1
core   0: 3 0x8000f02e (0x00001f17) x30 0x8001002e
core   0: 0x8000f032 (0xfc3f2923) sw      gp, -46(t5)
core   0: 3 0x8000f032 (0xfc3f2923) mem 0x80010000 0x00000001
core   0: 0x8000f036 (0x0000bfe5) c.j     pc - 8
core   0: 3 0x8000f036 (0xbfe5)
core   0: 0x8000f02e (0x00001f17) auipc   t5, 0x1
core   0: 3 0x8000f02e (0x00001f17) x30 0x8001002e
core   0: 0x8000f032 (0xfc3f2923) sw      gp, -46(t5)
core   0: 3 0x8000f032 (0xfc3f2923) mem 0x80010000 0x00000001
core   0: 0x8000f036 (0x0000bfe5) c.j     pc - 8
core   0: 3 0x8000f036 (0xbfe5)
core   0: 0x8000f02e (0x00001f17) auipc   t5, 0x1
core   0: 3 0x8000f02e (0x00001f17) x30 0x8001002e
core   0: 0x8000f032 (0xfc3f2923) sw      gp, -46(t5)
core   0: 3 0x8000f032 (0xfc3f2923) mem 0x80010000 0x00000001
core   0: 0x8000f036 (0x0000bfe5) c.j     pc - 8
core   0: 3 0x8000f036 (0xbfe5)
core   0: 0x8000f02e (0x00001f17) auipc   t5, 0x1
core   0: 3 0x8000f02e (0x00001f17) x30 0x8001002e
core   0: 0x8000f032 (0xfc3f2923) sw      gp, -46(t5)
core   0: 3 0x8000f032 (0xfc3f2923) mem 0x80010000 0x00000001
core   0: 0x8000f036 (0x0000bfe5) c.j     pc - 8
core   0: 3 0x8000f036 (0xbfe5)
core   0: 0x8000f02e (0x00001f17) auipc   t5, 0x1
core   0: 3 0x8000f02e (0x00001f17) x30 0x8001002e
core   0: 0x8000f032 (0xfc3f2923) sw      gp, -46(t5)
core   0: 3 0x8000f032 (0xfc3f2923) mem 0x80010000 0x00000001
core   0: 0x8000f036 (0x0000bfe5) c.j     pc - 8
core   0: 3 0x8000f036 (0xbfe5)
core   0: 0x8000f02e (0x00001f17) auipc   t5, 0x1
core   0: 3 0x8000f02e (0x00001f17) x30 0x8001002e
core   0: 0x8000f032 (0xfc3f2923) sw      gp, -46(t5)
core   0: 3 0x8000f032 (0xfc3f2923) mem 0x80010000 0x00000001
core   0: 0x8000f036 (0x0000bfe5) c.j     pc - 8
core   0: 3 0x8000f036 (0xbfe5)
core   0: 0x8000f02e (0x00001f17) auipc   t5, 0x1
core   0: 3 0x8000f02e (0x00001f17) x30 0x8001002e
core   0: 0x8000f032 (0xfc3f2923) sw      gp, -46(t5)
core   0: 3 0x8000f032 (0xfc3f2923) mem 0x80010000 0x00000001
core   0: 0x8000f036 (0x0000bfe5) c.j     pc - 8
core   0: 3 0x8000f036 (0xbfe5)
core   0: 0x8000f02e (0x00001f17) auipc   t5, 0x1
core   0: 3 0x8000f02e (0x00001f17) x30 0x8001002e
core   0: 0x8000f032 (0xfc3f2923) sw      gp, -46(t5)
core   0: 3 0x8000f032 (0xfc3f2923) mem 0x80010000 0x00000001
core   0: 0x8000f036 (0x0000bfe5) c.j     pc - 8
core   0: 3 0x8000f036 (0xbfe5)
core   0: 0x8000f02e (0x00001f17) auipc   t5, 0x1
core   0: 3 0x8000f02e (0x00001f17) x30 0x8001002e
core   0: 0x8000f032 (0xfc3f2923) sw      gp, -46(t5)
core   0: 3 0x8000f032 (0xfc3f2923) mem 0x80010000 0x00000001
core   0: 0x8000f036 (0x0000bfe5) c.j     pc - 8
core   0: 3 0x8000f036 (0xbfe5)
core   0: 0x8000f02e (0x00001f17) auipc   t5, 0x1
core   0: 3 0x8000f02e (0x00001f17) x30 0x8001002e
core   0: 0x8000f032 (0xfc3f2923) sw      gp, -46(t5)
core   0: 3 0x8000f032 (0xfc3f2923) mem 0x80010000 0x00000001
core   0: 0x8000f036 (0x0000bfe5) c.j     pc - 8
core   0: 3 0x8000f036 (0xbfe5)
core   0: 0x8000f02e (0x00001f17) auipc   t5, 0x1
core   0: 3 0x8000f02e (0x00001f17) x30 0x8001002e
core   0: 0x8000f032 (0xfc3f2923) sw      gp, -46(t5)
core   0: 3 0x8000f032 (0xfc3f2923) mem 0x80010000 0x00000001
core   0: 0x8000f036 (0x0000bfe5) c.j     pc - 8
core   0: 3 0x8000f036 (0xbfe5)
core   0: 0x8000f02e (0x00001f17) auipc   t5, 0x1
core   0: 3 0x8000f02e (0x00001f17) x30 0x8001002e
core   0: 0x8000f032 (0xfc3f2923) sw      gp, -46(t5)
core   0: 3 0x8000f032 (0xfc3f2923) mem 0x80010000 0x00000001
core   0: 0x8000f036 (0x0000bfe5) c.j     pc - 8
core   0: 3 0x8000f036 (0xbfe5)
core   0: 0x8000f02e (0x00001f17) auipc   t5, 0x1
core   0: 3 0x8000f02e (0x00001f17) x30 0x8001002e
core   0: 0x8000f032 (0xfc3f2923) sw      gp, -46(t5)
core   0: 3 0x8000f032 (0xfc3f2923) mem 0x80010000 0x00000001
core   0: 0x8000f036 (0x0000bfe5) c.j     pc - 8
core   0: 3 0x8000f036 (0xbfe5)
core   0: 0x8000f02e (0x00001f17) auipc   t5, 0x1
core   0: 3 0x8000f02e (0x00001f17) x30 0x8001002e
core   0: 0x8000f032 (0xfc3f2923) sw      gp, -46(t5)
core   0: 3 0x8000f032 (0xfc3f2923) mem 0x80010000 0x00000001
core   0: 0x8000f036 (0x0000bfe5) c.j     pc - 8
core   0: 3 0x8000f036 (0xbfe5)
core   0: 0x8000f02e (0x00001f17) auipc   t5, 0x1
core   0: 3 0x8000f02e (0x00001f17) x30 0x8001002e
core   0: 0x8000f032 (0xfc3f2923) sw      gp, -46(t5)
core   0: 3 0x8000f032 (0xfc3f2923) mem 0x80010000 0x00000001
core   0: 0x8000f036 (0x0000bfe5) c.j     pc - 8
core   0: 3 0x8000f036 (0xbfe5)
core   0: 0x8000f02e (0x00001f17) auipc   t5, 0x1
core   0: 3 0x8000f02e (0x00001f17) x30 0x8001002e
core   0: 0x8000f032 (0xfc3f2923) sw      gp, -46(t5)
core   0: 3 0x8000f032 (0xfc3f2923) mem 0x80010000 0x00000001
core   0: 0x8000f036 (0x0000bfe5) c.j     pc - 8
core   0: 3 0x8000f036 (0xbfe5)
core   0: 0x8000f02e (0x00001f17) auipc   t5, 0x1
core   0: 3 0x8000f02e (0x00001f17) x30 0x8001002e
core   0: 0x8000f032 (0xfc3f2923) sw      gp, -46(t5)
core   0: 3 0x8000f032 (0xfc3f2923) mem 0x80010000 0x00000001
core   0: 0x8000f036 (0x0000bfe5) c.j     pc - 8
core   0: 3 0x8000f036 (0xbfe5)
core   0: 0x8000f02e (0x00001f17) auipc   t5, 0x1
core   0: 3 0x8000f02e (0x00001f17) x30 0x8001002e
core   0: 0x8000f032 (0xfc3f2923) sw      gp, -46(t5)
core   0: 3 0x8000f032 (0xfc3f2923) mem 0x80010000 0x00000001
core   0: 0x8000f036 (0x0000bfe5) c.j     pc - 8
core   0: 3 0x8000f036 (0xbfe5)
core   0: 0x8000f02e (0x00001f17) auipc   t5, 0x1
core   0: 3 0x8000f02e (0x00001f17) x30 0x8001002e
core   0: 0x8000f032 (0xfc3f2923) sw      gp, -46(t5)
core   0: 3 0x8000f032 (0xfc3f2923) mem 0x80010000 0x00000001
core   0: 0x8000f036 (0x0000bfe5) c.j     pc - 8
core   0: 3 0x8000f036 (0xbfe5)
core   0: 0x8000f02e (0x00001f17) auipc   t5, 0x1
core   0: 3 0x8000f02e (0x00001f17) x30 0x8001002e
core   0: 0x8000f032 (0xfc3f2923) sw      gp, -46(t5)
core   0: 3 0x8000f032 (0xfc3f2923) mem 0x80010000 0x00000001
core   0: 0x8000f036 (0x0000bfe5) c.j     pc - 8
core   0: 3 0x8000f036 (0xbfe5)
core   0: 0x8000f02e (0x00001f17) auipc   t5, 0x1
core   0: 3 0x8000f02e (0x00001f17) x30 0x8001002e
core   0: 0x8000f032 (0xfc3f2923) sw      gp, -46(t5)
core   0: 3 0x8000f032 (0xfc3f2923) mem 0x80010000 0x00000001
core   0: 0x8000f036 (0x0000bfe5) c.j     pc - 8
core   0: 3 0x8000f036 (0xbfe5)
core   0: 0x8000f02e (0x00001f17) auipc   t5, 0x1
core   0: 3 0x8000f02e (0x00001f17) x30 0x8001002e
core   0: 0x8000f032 (0xfc3f2923) sw      gp, -46(t5)
core   0: 3 0x8000f032 (0xfc3f2923) mem 0x80010000 0x00000001
core   0: 0x8000f036 (0x0000bfe5) c.j     pc - 8
core   0: 3 0x8000f036 (0xbfe5)
core   0: 0x8000f02e (0x00001f17) auipc   t5, 0x1
core   0: 3 0x8000f02e (0x00001f17) x30 0x8001002e
core   0: 0x8000f032 (0xfc3f2923) sw      gp, -46(t5)
core   0: 3 0x8000f032 (0xfc3f2923) mem 0x80010000 0x00000001
core   0: 0x8000f036 (0x0000bfe5) c.j     pc - 8
core   0: 3 0x8000f036 (0xbfe5)
core   0: 0x8000f02e (0x00001f17) auipc   t5, 0x1
core   0: 3 0x8000f02e (0x00001f17) x30 0x8001002e
core   0: 0x8000f032 (0xfc3f2923) sw      gp, -46(t5)
core   0: 3 0x8000f032 (0xfc3f2923) mem 0x80010000 0x00000001
core   0: 0x8000f036 (0x0000bfe5) c.j     pc - 8
core   0: 3 0x8000f036 (0xbfe5)
core   0: 0x8000f02e (0x00001f17) auipc   t5, 0x1
core   0: 3 0x8000f02e (0x00001f17) x30 0x8001002e
core   0: 0x8000f032 (0xfc3f2923) sw      gp, -46(t5)
core   0: 3 0x8000f032 (0xfc3f2923) mem 0x80010000 0x00000001
core   0: 0x8000f036 (0x0000bfe5) c.j     pc - 8
core   0: 3 0x8000f036 (0xbfe5)
core   0: 0x8000f02e (0x00001f17) auipc   t5, 0x1
core   0: 3 0x8000f02e (0x00001f17) x30 0x8001002e
core   0: 0x8000f032 (0xfc3f2923) sw      gp, -46(t5)
core   0: 3 0x8000f032 (0xfc3f2923) mem 0x80010000 0x00000001
core   0: 0x8000f036 (0x0000bfe5) c.j     pc - 8
core   0: 3 0x8000f036 (0xbfe5)
core   0: 0x8000f02e (0x00001f17) auipc   t5, 0x1
core   0: 3 0x8000f02e (0x00001f17) x30 0x8001002e
core   0: 0x8000f032 (0xfc3f2923) sw      gp, -46(t5)
core   0: 3 0x8000f032 (0xfc3f2923) mem 0x80010000 0x00000001
core   0: 0x8000f036 (0x0000bfe5) c.j     pc - 8
core   0: 3 0x8000f036 (0xbfe5)
core   0: 0x8000f02e (0x00001f17) auipc   t5, 0x1
core   0: 3 0x8000f02e (0x00001f17) x30 0x8001002e
core   0: 0x8000f032 (0xfc3f2923) sw      gp, -46(t5)
core   0: 3 0x8000f032 (0xfc3f2923) mem 0x80010000 0x00000001
core   0: 0x8000f036 (0x0000bfe5) c.j     pc - 8
core   0: 3 0x8000f036 (0xbfe5)
core   0: 0x8000f02e (0x00001f17) auipc   t5, 0x1
core   0: 3 0x8000f02e (0x00001f17) x30 0x8001002e
core   0: 0x8000f032 (0xfc3f2923) sw      gp, -46(t5)
core   0: 3 0x8000f032 (0xfc3f2923) mem 0x80010000 0x00000001
core   0: 0x8000f036 (0x0000bfe5) c.j     pc - 8
core   0: 3 0x8000f036 (0xbfe5)
core   0: 0x8000f02e (0x00001f17) auipc   t5, 0x1
core   0: 3 0x8000f02e (0x00001f17) x30 0x8001002e
core   0: 0x8000f032 (0xfc3f2923) sw      gp, -46(t5)
core   0: 3 0x8000f032 (0xfc3f2923) mem 0x80010000 0x00000001
core   0: 0x8000f036 (0x0000bfe5) c.j     pc - 8
core   0: 3 0x8000f036 (0xbfe5)
core   0: 0x8000f02e (0x00001f17) auipc   t5, 0x1
core   0: 3 0x8000f02e (0x00001f17) x30 0x8001002e
core   0: 0x8000f032 (0xfc3f2923) sw      gp, -46(t5)
core   0: 3 0x8000f032 (0xfc3f2923) mem 0x80010000 0x00000001
core   0: 0x8000f036 (0x0000bfe5) c.j     pc - 8
core   0: 3 0x8000f036 (0xbfe5)
core   0: 0x8000f02e (0x00001f17) auipc   t5, 0x1
core   0: 3 0x8000f02e (0x00001f17) x30 0x8001002e
core   0: 0x8000f032 (0xfc3f2923) sw      gp, -46(t5)
core   0: 3 0x8000f032 (0xfc3f2923) mem 0x80010000 0x00000001
core   0: 0x8000f036 (0x0000bfe5) c.j     pc - 8
core   0: 3 0x8000f036 (0xbfe5)
core   0: 0x8000f02e (0x00001f17) auipc   t5, 0x1
core   0: 3 0x8000f02e (0x00001f17) x30 0x8001002e
core   0: 0x8000f032 (0xfc3f2923) sw      gp, -46(t5)
core   0: 3 0x8000f032 (0xfc3f2923) mem 0x80010000 0x00000001
core   0: 0x8000f036 (0x0000bfe5) c.j     pc - 8
core   0: 3 0x8000f036 (0xbfe5)
core   0: 0x8000f02e (0x00001f17) auipc   t5, 0x1
core   0: 3 0x8000f02e (0x00001f17) x30 0x8001002e
core   0: 0x8000f032 (0xfc3f2923) sw      gp, -46(t5)
core   0: 3 0x8000f032 (0xfc3f2923) mem 0x80010000 0x00000001
core   0: 0x8000f036 (0x0000bfe5) c.j     pc - 8
core   0: 3 0x8000f036 (0xbfe5)
core   0: 0x8000f02e (0x00001f17) auipc   t5, 0x1
core   0: 3 0x8000f02e (0x00001f17) x30 0x8001002e
core   0: 0x8000f032 (0xfc3f2923) sw      gp, -46(t5)
core   0: 3 0x8000f032 (0xfc3f2923) mem 0x80010000 0x00000001
core   0: 0x8000f036 (0x0000bfe5) c.j     pc - 8
core   0: 3 0x8000f036 (0xbfe5)
core   0: 0x8000f02e (0x00001f17) auipc   t5, 0x1
core   0: 3 0x8000f02e (0x00001f17) x30 0x8001002e
core   0: 0x8000f032 (0xfc3f2923) sw      gp, -46(t5)
core   0: 3 0x8000f032 (0xfc3f2923) mem 0x80010000 0x00000001
core   0: 0x8000f036 (0x0000bfe5) c.j     pc - 8
core   0: 3 0x8000f036 (0xbfe5)
core   0: 0x8000f02e (0x00001f17) auipc   t5, 0x1
core   0: 3 0x8000f02e (0x00001f17) x30 0x8001002e
core   0: 0x8000f032 (0xfc3f2923) sw      gp, -46(t5)
core   0: 3 0x8000f032 (0xfc3f2923) mem 0x80010000 0x00000001
core   0: 0x8000f036 (0x0000bfe5) c.j     pc - 8
core   0: 3 0x8000f036 (0xbfe5)
core   0: 0x8000f02e (0x00001f17) auipc   t5, 0x1
core   0: 3 0x8000f02e (0x00001f17) x30 0x8001002e
core   0: 0x8000f032 (0xfc3f2923) sw      gp, -46(t5)
core   0: 3 0x8000f032 (0xfc3f2923) mem 0x80010000 0x00000001
core   0: 0x8000f036 (0x0000bfe5) c.j     pc - 8
core   0: 3 0x8000f036 (0xbfe5)
core   0: 0x8000f02e (0x00001f17) auipc   t5, 0x1
core   0: 3 0x8000f02e (0x00001f17) x30 0x8001002e
core   0: 0x8000f032 (0xfc3f2923) sw      gp, -46(t5)
core   0: 3 0x8000f032 (0xfc3f2923) mem 0x80010000 0x00000001
core   0: 0x8000f036 (0x0000bfe5) c.j     pc - 8
core   0: 3 0x8000f036 (0xbfe5)
core   0: 0x8000f02e (0x00001f17) auipc   t5, 0x1
core   0: 3 0x8000f02e (0x00001f17) x30 0x8001002e
core   0: 0x8000f032 (0xfc3f2923) sw      gp, -46(t5)
core   0: 3 0x8000f032 (0xfc3f2923) mem 0x80010000 0x00000001
core   0: 0x8000f036 (0x0000bfe5) c.j     pc - 8
core   0: 3 0x8000f036 (0xbfe5)
core   0: 0x8000f02e (0x00001f17) auipc   t5, 0x1
core   0: 3 0x8000f02e (0x00001f17) x30 0x8001002e
core   0: 0x8000f032 (0xfc3f2923) sw      gp, -46(t5)
core   0: 3 0x8000f032 (0xfc3f2923) mem 0x80010000 0x00000001
core   0: 0x8000f036 (0x0000bfe5) c.j     pc - 8
core   0: 3 0x8000f036 (0xbfe5)
core   0: 0x8000f02e (0x00001f17) auipc   t5, 0x1
core   0: 3 0x8000f02e (0x00001f17) x30 0x8001002e
core   0: 0x8000f032 (0xfc3f2923) sw      gp, -46(t5)
core   0: 3 0x8000f032 (0xfc3f2923) mem 0x80010000 0x00000001
core   0: 0x8000f036 (0x0000bfe5) c.j     pc - 8
core   0: 3 0x8000f036 (0xbfe5)
core   0: 0x8000f02e (0x00001f17) auipc   t5, 0x1
core   0: 3 0x8000f02e (0x00001f17) x30 0x8001002e
core   0: 0x8000f032 (0xfc3f2923) sw      gp, -46(t5)
core   0: 3 0x8000f032 (0xfc3f2923) mem 0x80010000 0x00000001
core   0: 0x8000f036 (0x0000bfe5) c.j     pc - 8
core   0: 3 0x8000f036 (0xbfe5)
core   0: 0x8000f02e (0x00001f17) auipc   t5, 0x1
core   0: 3 0x8000f02e (0x00001f17) x30 0x8001002e
core   0: 0x8000f032 (0xfc3f2923) sw      gp, -46(t5)
core   0: 3 0x8000f032 (0xfc3f2923) mem 0x80010000 0x00000001
core   0: 0x8000f036 (0x0000bfe5) c.j     pc - 8
core   0: 3 0x8000f036 (0xbfe5)
core   0: 0x8000f02e (0x00001f17) auipc   t5, 0x1
core   0: 3 0x8000f02e (0x00001f17) x30 0x8001002e
core   0: 0x8000f032 (0xfc3f2923) sw      gp, -46(t5)
core   0: 3 0x8000f032 (0xfc3f2923) mem 0x80010000 0x00000001
core   0: 0x8000f036 (0x0000bfe5) c.j     pc - 8
core   0: 3 0x8000f036 (0xbfe5)
core   0: 0x8000f02e (0x00001f17) auipc   t5, 0x1
core   0: 3 0x8000f02e (0x00001f17) x30 0x8001002e
core   0: 0x8000f032 (0xfc3f2923) sw      gp, -46(t5)
core   0: 3 0x8000f032 (0xfc3f2923) mem 0x80010000 0x00000001
core   0: 0x8000f036 (0x0000bfe5) c.j     pc - 8
core   0: 3 0x8000f036 (0xbfe5)
core   0: 0x8000f02e (0x00001f17) auipc   t5, 0x1
core   0: 3 0x8000f02e (0x00001f17) x30 0x8001002e
core   0: 0x8000f032 (0xfc3f2923) sw      gp, -46(t5)
core   0: 3 0x8000f032 (0xfc3f2923) mem 0x80010000 0x00000001
core   0: 0x8000f036 (0x0000bfe5) c.j     pc - 8
core   0: 3 0x8000f036 (0xbfe5)
core   0: 0x8000f02e (0x00001f17) auipc   t5, 0x1
core   0: 3 0x8000f02e (0x00001f17) x30 0x8001002e
core   0: 0x8000f032 (0xfc3f2923) sw      gp, -46(t5)
core   0: 3 0x8000f032 (0xfc3f2923) mem 0x80010000 0x00000001
core   0: 0x8000f036 (0x0000bfe5) c.j     pc - 8
core   0: 3 0x8000f036 (0xbfe5)
core   0: 0x8000f02e (0x00001f17) auipc   t5, 0x1
core   0: 3 0x8000f02e (0x00001f17) x30 0x8001002e
core   0: 0x8000f032 (0xfc3f2923) sw      gp, -46(t5)
core   0: 3 0x8000f032 (0xfc3f2923) mem 0x80010000 0x00000001
core   0: 0x8000f036 (0x0000bfe5) c.j     pc - 8
core   0: 3 0x8000f036 (0xbfe5)
core   0: 0x8000f02e (0x00001f17) auipc   t5, 0x1
core   0: 3 0x8000f02e (0x00001f17) x30 0x8001002e
core   0: 0x8000f032 (0xfc3f2923) sw      gp, -46(t5)
core   0: 3 0x8000f032 (0xfc3f2923) mem 0x80010000 0x00000001
core   0: 0x8000f036 (0x0000bfe5) c.j     pc - 8
core   0: 3 0x8000f036 (0xbfe5)
core   0: 0x8000f02e (0x00001f17) auipc   t5, 0x1
core   0: 3 0x8000f02e (0x00001f17) x30 0x8001002e
core   0: 0x8000f032 (0xfc3f2923) sw      gp, -46(t5)
core   0: 3 0x8000f032 (0xfc3f2923) mem 0x80010000 0x00000001
core   0: 0x8000f036 (0x0000bfe5) c.j     pc - 8
core   0: 3 0x8000f036 (0xbfe5)
core   0: 0x8000f02e (0x00001f17) auipc   t5, 0x1
core   0: 3 0x8000f02e (0x00001f17) x30 0x8001002e
core   0: 0x8000f032 (0xfc3f2923) sw      gp, -46(t5)
core   0: 3 0x8000f032 (0xfc3f2923) mem 0x80010000 0x00000001
core   0: 0x8000f036 (0x0000bfe5) c.j     pc - 8
core   0: 3 0x8000f036 (0xbfe5)
core   0: 0x8000f02e (0x00001f17) auipc   t5, 0x1
core   0: 3 0x8000f02e (0x00001f17) x30 0x8001002e
core   0: 0x8000f032 (0xfc3f2923) sw      gp, -46(t5)
core   0: 3 0x8000f032 (0xfc3f2923) mem 0x80010000 0x00000001
core   0: 0x8000f036 (0x0000bfe5) c.j     pc - 8
core   0: 3 0x8000f036 (0xbfe5)
core   0: 0x8000f02e (0x00001f17) auipc   t5, 0x1
core   0: 3 0x8000f02e (0x00001f17) x30 0x8001002e
core   0: 0x8000f032 (0xfc3f2923) sw      gp, -46(t5)
core   0: 3 0x8000f032 (0xfc3f2923) mem 0x80010000 0x00000001
core   0: 0x8000f036 (0x0000bfe5) c.j     pc - 8
core   0: 3 0x8000f036 (0xbfe5)
core   0: 0x8000f02e (0x00001f17) auipc   t5, 0x1
core   0: 3 0x8000f02e (0x00001f17) x30 0x8001002e
core   0: 0x8000f032 (0xfc3f2923) sw      gp, -46(t5)
core   0: 3 0x8000f032 (0xfc3f2923) mem 0x80010000 0x00000001
core   0: 0x8000f036 (0x0000bfe5) c.j     pc - 8
core   0: 3 0x8000f036 (0xbfe5)
core   0: 0x8000f02e (0x00001f17) auipc   t5, 0x1
core   0: 3 0x8000f02e (0x00001f17) x30 0x8001002e
core   0: 0x8000f032 (0xfc3f2923) sw      gp, -46(t5)
core   0: 3 0x8000f032 (0xfc3f2923) mem 0x80010000 0x00000001
core   0: 0x8000f036 (0x0000bfe5) c.j     pc - 8
core   0: 3 0x8000f036 (0xbfe5)
core   0: 0x8000f02e (0x00001f17) auipc   t5, 0x1
core   0: 3 0x8000f02e (0x00001f17) x30 0x8001002e
core   0: 0x8000f032 (0xfc3f2923) sw      gp, -46(t5)
core   0: 3 0x8000f032 (0xfc3f2923) mem 0x80010000 0x00000001
core   0: 0x8000f036 (0x0000bfe5) c.j     pc - 8
core   0: 3 0x8000f036 (0xbfe5)
core   0: 0x8000f02e (0x00001f17) auipc   t5, 0x1
core   0: 3 0x8000f02e (0x00001f17) x30 0x8001002e
core   0: 0x8000f032 (0xfc3f2923) sw      gp, -46(t5)
core   0: 3 0x8000f032 (0xfc3f2923) mem 0x80010000 0x00000001
core   0: 0x8000f036 (0x0000bfe5) c.j     pc - 8
core   0: 3 0x8000f036 (0xbfe5)
core   0: 0x8000f02e (0x00001f17) auipc   t5, 0x1
core   0: 3 0x8000f02e (0x00001f17) x30 0x8001002e
core   0: 0x8000f032 (0xfc3f2923) sw      gp, -46(t5)
core   0: 3 0x8000f032 (0xfc3f2923) mem 0x80010000 0x00000001
core   0: 0x8000f036 (0x0000bfe5) c.j     pc - 8
core   0: 3 0x8000f036 (0xbfe5)
core   0: 0x8000f02e (0x00001f17) auipc   t5, 0x1
core   0: 3 0x8000f02e (0x00001f17) x30 0x8001002e
core   0: 0x8000f032 (0xfc3f2923) sw      gp, -46(t5)
core   0: 3 0x8000f032 (0xfc3f2923) mem 0x80010000 0x00000001
core   0: 0x8000f036 (0x0000bfe5) c.j     pc - 8
core   0: 3 0x8000f036 (0xbfe5)
core   0: 0x8000f02e (0x00001f17) auipc   t5, 0x1
core   0: 3 0x8000f02e (0x00001f17) x30 0x8001002e
core   0: 0x8000f032 (0xfc3f2923) sw      gp, -46(t5)
core   0: 3 0x8000f032 (0xfc3f2923) mem 0x80010000 0x00000001
core   0: 0x8000f036 (0x0000bfe5) c.j     pc - 8
core   0: 3 0x8000f036 (0xbfe5)
core   0: 0x8000f02e (0x00001f17) auipc   t5, 0x1
core   0: 3 0x8000f02e (0x00001f17) x30 0x8001002e
core   0: 0x8000f032 (0xfc3f2923) sw      gp, -46(t5)
core   0: 3 0x8000f032 (0xfc3f2923) mem 0x80010000 0x00000001
core   0: 0x8000f036 (0x0000bfe5) c.j     pc - 8
core   0: 3 0x8000f036 (0xbfe5)
core   0: 0x8000f02e (0x00001f17) auipc   t5, 0x1
core   0: 3 0x8000f02e (0x00001f17) x30 0x8001002e
core   0: 0x8000f032 (0xfc3f2923) sw      gp, -46(t5)
core   0: 3 0x8000f032 (0xfc3f2923) mem 0x80010000 0x00000001
core   0: 0x8000f036 (0x0000bfe5) c.j     pc - 8
core   0: 3 0x8000f036 (0xbfe5)
core   0: 0x8000f02e (0x00001f17) auipc   t5, 0x1
core   0: 3 0x8000f02e (0x00001f17) x30 0x8001002e
core   0: 0x8000f032 (0xfc3f2923) sw      gp, -46(t5)
core   0: 3 0x8000f032 (0xfc3f2923) mem 0x80010000 0x00000001
core   0: 0x8000f036 (0x0000bfe5) c.j     pc - 8
core   0: 3 0x8000f036 (0xbfe5)
core   0: 0x8000f02e (0x00001f17) auipc   t5, 0x1
core   0: 3 0x8000f02e (0x00001f17) x30 0x8001002e
core   0: 0x8000f032 (0xfc3f2923) sw      gp, -46(t5)
core   0: 3 0x8000f032 (0xfc3f2923) mem 0x80010000 0x00000001
core   0: 0x8000f036 (0x0000bfe5) c.j     pc - 8
core   0: 3 0x8000f036 (0xbfe5)
core   0: 0x8000f02e (0x00001f17) auipc   t5, 0x1
core   0: 3 0x8000f02e (0x00001f17) x30 0x8001002e
core   0: 0x8000f032 (0xfc3f2923) sw      gp, -46(t5)
core   0: 3 0x8000f032 (0xfc3f2923) mem 0x80010000 0x00000001
core   0: 0x8000f036 (0x0000bfe5) c.j     pc - 8
core   0: 3 0x8000f036 (0xbfe5)
core   0: 0x8000f02e (0x00001f17) auipc   t5, 0x1
core   0: 3 0x8000f02e (0x00001f17) x30 0x8001002e
core   0: 0x8000f032 (0xfc3f2923) sw      gp, -46(t5)
core   0: 3 0x8000f032 (0xfc3f2923) mem 0x80010000 0x00000001
core   0: 0x8000f036 (0x0000bfe5) c.j     pc - 8
core   0: 3 0x8000f036 (0xbfe5)
core   0: 0x8000f02e (0x00001f17) auipc   t5, 0x1
core   0: 3 0x8000f02e (0x00001f17) x30 0x8001002e
core   0: 0x8000f032 (0xfc3f2923) sw      gp, -46(t5)
core   0: 3 0x8000f032 (0xfc3f2923) mem 0x80010000 0x00000001
core   0: 0x8000f036 (0x0000bfe5) c.j     pc - 8
core   0: 3 0x8000f036 (0xbfe5)
core   0: 0x8000f02e (0x00001f17) auipc   t5, 0x1
core   0: 3 0x8000f02e (0x00001f17) x30 0x8001002e
core   0: 0x8000f032 (0xfc3f2923) sw      gp, -46(t5)
core   0: 3 0x8000f032 (0xfc3f2923) mem 0x80010000 0x00000001
core   0: 0x8000f036 (0x0000bfe5) c.j     pc - 8
core   0: 3 0x8000f036 (0xbfe5)
core   0: 0x8000f02e (0x00001f17) auipc   t5, 0x1
core   0: 3 0x8000f02e (0x00001f17) x30 0x8001002e
core   0: 0x8000f032 (0xfc3f2923) sw      gp, -46(t5)
core   0: 3 0x8000f032 (0xfc3f2923) mem 0x80010000 0x00000001
core   0: 0x8000f036 (0x0000bfe5) c.j     pc - 8
core   0: 3 0x8000f036 (0xbfe5)
core   0: 0x8000f02e (0x00001f17) auipc   t5, 0x1
core   0: 3 0x8000f02e (0x00001f17) x30 0x8001002e
core   0: 0x8000f032 (0xfc3f2923) sw      gp, -46(t5)
core   0: 3 0x8000f032 (0xfc3f2923) mem 0x80010000 0x00000001
core   0: 0x8000f036 (0x0000bfe5) c.j     pc - 8
core   0: 3 0x8000f036 (0xbfe5)
core   0: 0x8000f02e (0x00001f17) auipc   t5, 0x1
core   0: 3 0x8000f02e (0x00001f17) x30 0x8001002e
core   0: 0x8000f032 (0xfc3f2923) sw      gp, -46(t5)
core   0: 3 0x8000f032 (0xfc3f2923) mem 0x80010000 0x00000001
core   0: 0x8000f036 (0x0000bfe5) c.j     pc - 8
core   0: 3 0x8000f036 (0xbfe5)
core   0: 0x8000f02e (0x00001f17) auipc   t5, 0x1
core   0: 3 0x8000f02e (0x00001f17) x30 0x8001002e
core   0: 0x8000f032 (0xfc3f2923) sw      gp, -46(t5)
core   0: 3 0x8000f032 (0xfc3f2923) mem 0x80010000 0x00000001
core   0: 0x8000f036 (0x0000bfe5) c.j     pc - 8
core   0: 3 0x8000f036 (0xbfe5)
core   0: 0x8000f02e (0x00001f17) auipc   t5, 0x1
core   0: 3 0x8000f02e (0x00001f17) x30 0x8001002e
core   0: 0x8000f032 (0xfc3f2923) sw      gp, -46(t5)
core   0: 3 0x8000f032 (0xfc3f2923) mem 0x80010000 0x00000001
core   0: 0x8000f036 (0x0000bfe5) c.j     pc - 8
core   0: 3 0x8000f036 (0xbfe5)
core   0: 0x8000f02e (0x00001f17) auipc   t5, 0x1
core   0: 3 0x8000f02e (0x00001f17) x30 0x8001002e
core   0: 0x8000f032 (0xfc3f2923) sw      gp, -46(t5)
core   0: 3 0x8000f032 (0xfc3f2923) mem 0x80010000 0x00000001
core   0: 0x8000f036 (0x0000bfe5) c.j     pc - 8
core   0: 3 0x8000f036 (0xbfe5)
core   0: 0x8000f02e (0x00001f17) auipc   t5, 0x1
core   0: 3 0x8000f02e (0x00001f17) x30 0x8001002e
core   0: 0x8000f032 (0xfc3f2923) sw      gp, -46(t5)
core   0: 3 0x8000f032 (0xfc3f2923) mem 0x80010000 0x00000001
core   0: 0x8000f036 (0x0000bfe5) c.j     pc - 8
core   0: 3 0x8000f036 (0xbfe5)
core   0: 0x8000f02e (0x00001f17) auipc   t5, 0x1
core   0: 3 0x8000f02e (0x00001f17) x30 0x8001002e
core   0: 0x8000f032 (0xfc3f2923) sw      gp, -46(t5)
core   0: 3 0x8000f032 (0xfc3f2923) mem 0x80010000 0x00000001
core   0: 0x8000f036 (0x0000bfe5) c.j     pc - 8
core   0: 3 0x8000f036 (0xbfe5)
core   0: 0x8000f02e (0x00001f17) auipc   t5, 0x1
core   0: 3 0x8000f02e (0x00001f17) x30 0x8001002e
core   0: 0x8000f032 (0xfc3f2923) sw      gp, -46(t5)
core   0: 3 0x8000f032 (0xfc3f2923) mem 0x80010000 0x00000001
core   0: 0x8000f036 (0x0000bfe5) c.j     pc - 8
core   0: 3 0x8000f036 (0xbfe5)
core   0: 0x8000f02e (0x00001f17) auipc   t5, 0x1
core   0: 3 0x8000f02e (0x00001f17) x30 0x8001002e
core   0: 0x8000f032 (0xfc3f2923) sw      gp, -46(t5)
core   0: 3 0x8000f032 (0xfc3f2923) mem 0x80010000 0x00000001
core   0: 0x8000f036 (0x0000bfe5) c.j     pc - 8
core   0: 3 0x8000f036 (0xbfe5)
core   0: 0x8000f02e (0x00001f17) auipc   t5, 0x1
core   0: 3 0x8000f02e (0x00001f17) x30 0x8001002e
core   0: 0x8000f032 (0xfc3f2923) sw      gp, -46(t5)
core   0: 3 0x8000f032 (0xfc3f2923) mem 0x80010000 0x00000001
core   0: 0x8000f036 (0x0000bfe5) c.j     pc - 8
core   0: 3 0x8000f036 (0xbfe5)
core   0: 0x8000f02e (0x00001f17) auipc   t5, 0x1
core   0: 3 0x8000f02e (0x00001f17) x30 0x8001002e
core   0: 0x8000f032 (0xfc3f2923) sw      gp, -46(t5)
core   0: 3 0x8000f032 (0xfc3f2923) mem 0x80010000 0x00000001
core   0: 0x8000f036 (0x0000bfe5) c.j     pc - 8
core   0: 3 0x8000f036 (0xbfe5)
core   0: 0x8000f02e (0x00001f17) auipc   t5, 0x1
core   0: 3 0x8000f02e (0x00001f17) x30 0x8001002e
core   0: 0x8000f032 (0xfc3f2923) sw      gp, -46(t5)
core   0: 3 0x8000f032 (0xfc3f2923) mem 0x80010000 0x00000001
core   0: 0x8000f036 (0x0000bfe5) c.j     pc - 8
core   0: 3 0x8000f036 (0xbfe5)
core   0: 0x8000f02e (0x00001f17) auipc   t5, 0x1
core   0: 3 0x8000f02e (0x00001f17) x30 0x8001002e
core   0: 0x8000f032 (0xfc3f2923) sw      gp, -46(t5)
core   0: 3 0x8000f032 (0xfc3f2923) mem 0x80010000 0x00000001
core   0: 0x8000f036 (0x0000bfe5) c.j     pc - 8
core   0: 3 0x8000f036 (0xbfe5)
core   0: 0x8000f02e (0x00001f17) auipc   t5, 0x1
core   0: 3 0x8000f02e (0x00001f17) x30 0x8001002e
core   0: 0x8000f032 (0xfc3f2923) sw      gp, -46(t5)
core   0: 3 0x8000f032 (0xfc3f2923) mem 0x80010000 0x00000001
core   0: 0x8000f036 (0x0000bfe5) c.j     pc - 8
core   0: 3 0x8000f036 (0xbfe5)
core   0: 0x8000f02e (0x00001f17) auipc   t5, 0x1
core   0: 3 0x8000f02e (0x00001f17) x30 0x8001002e
core   0: 0x8000f032 (0xfc3f2923) sw      gp, -46(t5)
core   0: 3 0x8000f032 (0xfc3f2923) mem 0x80010000 0x00000001
core   0: 0x8000f036 (0x0000bfe5) c.j     pc - 8
core   0: 3 0x8000f036 (0xbfe5)
core   0: 0x8000f02e (0x00001f17) auipc   t5, 0x1
core   0: 3 0x8000f02e (0x00001f17) x30 0x8001002e
core   0: 0x8000f032 (0xfc3f2923) sw      gp, -46(t5)
core   0: 3 0x8000f032 (0xfc3f2923) mem 0x80010000 0x00000001
core   0: 0x8000f036 (0x0000bfe5) c.j     pc - 8
core   0: 3 0x8000f036 (0xbfe5)
core   0: 0x8000f02e (0x00001f17) auipc   t5, 0x1
core   0: 3 0x8000f02e (0x00001f17) x30 0x8001002e
core   0: 0x8000f032 (0xfc3f2923) sw      gp, -46(t5)
core   0: 3 0x8000f032 (0xfc3f2923) mem 0x80010000 0x00000001
core   0: 0x8000f036 (0x0000bfe5) c.j     pc - 8
core   0: 3 0x8000f036 (0xbfe5)
core   0: 0x8000f02e (0x00001f17) auipc   t5, 0x1
core   0: 3 0x8000f02e (0x00001f17) x30 0x8001002e
core   0: 0x8000f032 (0xfc3f2923) sw      gp, -46(t5)
core   0: 3 0x8000f032 (0xfc3f2923) mem 0x80010000 0x00000001
core   0: 0x8000f036 (0x0000bfe5) c.j     pc - 8
core   0: 3 0x8000f036 (0xbfe5)
core   0: 0x8000f02e (0x00001f17) auipc   t5, 0x1
core   0: 3 0x8000f02e (0x00001f17) x30 0x8001002e
core   0: 0x8000f032 (0xfc3f2923) sw      gp, -46(t5)
core   0: 3 0x8000f032 (0xfc3f2923) mem 0x80010000 0x00000001
core   0: 0x8000f036 (0x0000bfe5) c.j     pc - 8
core   0: 3 0x8000f036 (0xbfe5)
core   0: 0x8000f02e (0x00001f17) auipc   t5, 0x1
core   0: 3 0x8000f02e (0x00001f17) x30 0x8001002e
core   0: 0x8000f032 (0xfc3f2923) sw      gp, -46(t5)
core   0: 3 0x8000f032 (0xfc3f2923) mem 0x80010000 0x00000001
core   0: 0x8000f036 (0x0000bfe5) c.j     pc - 8
core   0: 3 0x8000f036 (0xbfe5)
core   0: 0x8000f02e (0x00001f17) auipc   t5, 0x1
core   0: 3 0x8000f02e (0x00001f17) x30 0x8001002e
core   0: 0x8000f032 (0xfc3f2923) sw      gp, -46(t5)
core   0: 3 0x8000f032 (0xfc3f2923) mem 0x80010000 0x00000001
core   0: 0x8000f036 (0x0000bfe5) c.j     pc - 8
core   0: 3 0x8000f036 (0xbfe5)
core   0: 0x8000f02e (0x00001f17) auipc   t5, 0x1
core   0: 3 0x8000f02e (0x00001f17) x30 0x8001002e
core   0: 0x8000f032 (0xfc3f2923) sw      gp, -46(t5)
core   0: 3 0x8000f032 (0xfc3f2923) mem 0x80010000 0x00000001
core   0: 0x8000f036 (0x0000bfe5) c.j     pc - 8
core   0: 3 0x8000f036 (0xbfe5)
core   0: 0x8000f02e (0x00001f17) auipc   t5, 0x1
core   0: 3 0x8000f02e (0x00001f17) x30 0x8001002e
core   0: 0x8000f032 (0xfc3f2923) sw      gp, -46(t5)
core   0: 3 0x8000f032 (0xfc3f2923) mem 0x80010000 0x00000001
core   0: 0x8000f036 (0x0000bfe5) c.j     pc - 8
core   0: 3 0x8000f036 (0xbfe5)
core   0: 0x8000f02e (0x00001f17) auipc   t5, 0x1
core   0: 3 0x8000f02e (0x00001f17) x30 0x8001002e
core   0: 0x8000f032 (0xfc3f2923) sw      gp, -46(t5)
core   0: 3 0x8000f032 (0xfc3f2923) mem 0x80010000 0x00000001
core   0: 0x8000f036 (0x0000bfe5) c.j     pc - 8
core   0: 3 0x8000f036 (0xbfe5)
core   0: 0x8000f02e (0x00001f17) auipc   t5, 0x1
core   0: 3 0x8000f02e (0x00001f17) x30 0x8001002e
core   0: 0x8000f032 (0xfc3f2923) sw      gp, -46(t5)
core   0: 3 0x8000f032 (0xfc3f2923) mem 0x80010000 0x00000001
core   0: 0x8000f036 (0x0000bfe5) c.j     pc - 8
core   0: 3 0x8000f036 (0xbfe5)
core   0: 0x8000f02e (0x00001f17) auipc   t5, 0x1
core   0: 3 0x8000f02e (0x00001f17) x30 0x8001002e
core   0: 0x8000f032 (0xfc3f2923) sw      gp, -46(t5)
core   0: 3 0x8000f032 (0xfc3f2923) mem 0x80010000 0x00000001
core   0: 0x8000f036 (0x0000bfe5) c.j     pc - 8
core   0: 3 0x8000f036 (0xbfe5)
core   0: 0x8000f02e (0x00001f17) auipc   t5, 0x1
core   0: 3 0x8000f02e (0x00001f17) x30 0x8001002e
core   0: 0x8000f032 (0xfc3f2923) sw      gp, -46(t5)
core   0: 3 0x8000f032 (0xfc3f2923) mem 0x80010000 0x00000001
core   0: 0x8000f036 (0x0000bfe5) c.j     pc - 8
core   0: 3 0x8000f036 (0xbfe5)
core   0: 0x8000f02e (0x00001f17) auipc   t5, 0x1
core   0: 3 0x8000f02e (0x00001f17) x30 0x8001002e
core   0: 0x8000f032 (0xfc3f2923) sw      gp, -46(t5)
core   0: 3 0x8000f032 (0xfc3f2923) mem 0x80010000 0x00000001
core   0: 0x8000f036 (0x0000bfe5) c.j     pc - 8
core   0: 3 0x8000f036 (0xbfe5)
core   0: 0x8000f02e (0x00001f17) auipc   t5, 0x1
core   0: 3 0x8000f02e (0x00001f17) x30 0x8001002e
core   0: 0x8000f032 (0xfc3f2923) sw      gp, -46(t5)
core   0: 3 0x8000f032 (0xfc3f2923) mem 0x80010000 0x00000001
core   0: 0x8000f036 (0x0000bfe5) c.j     pc - 8
core   0: 3 0x8000f036 (0xbfe5)
core   0: 0x8000f02e (0x00001f17) auipc   t5, 0x1
core   0: 3 0x8000f02e (0x00001f17) x30 0x8001002e
core   0: 0x8000f032 (0xfc3f2923) sw      gp, -46(t5)
core   0: 3 0x8000f032 (0xfc3f2923) mem 0x80010000 0x00000001
core   0: 0x8000f036 (0x0000bfe5) c.j     pc - 8
core   0: 3 0x8000f036 (0xbfe5)
core   0: 0x8000f02e (0x00001f17) auipc   t5, 0x1
core   0: 3 0x8000f02e (0x00001f17) x30 0x8001002e
core   0: 0x8000f032 (0xfc3f2923) sw      gp, -46(t5)
core   0: 3 0x8000f032 (0xfc3f2923) mem 0x80010000 0x00000001
core   0: 0x8000f036 (0x0000bfe5) c.j     pc - 8
core   0: 3 0x8000f036 (0xbfe5)
core   0: 0x8000f02e (0x00001f17) auipc   t5, 0x1
core   0: 3 0x8000f02e (0x00001f17) x30 0x8001002e
core   0: 0x8000f032 (0xfc3f2923) sw      gp, -46(t5)
core   0: 3 0x8000f032 (0xfc3f2923) mem 0x80010000 0x00000001
core   0: 0x8000f036 (0x0000bfe5) c.j     pc - 8
core   0: 3 0x8000f036 (0xbfe5)
core   0: 0x8000f02e (0x00001f17) auipc   t5, 0x1
core   0: 3 0x8000f02e (0x00001f17) x30 0x8001002e
core   0: 0x8000f032 (0xfc3f2923) sw      gp, -46(t5)
core   0: 3 0x8000f032 (0xfc3f2923) mem 0x80010000 0x00000001
core   0: 0x8000f036 (0x0000bfe5) c.j     pc - 8
core   0: 3 0x8000f036 (0xbfe5)
core   0: 0x8000f02e (0x00001f17) auipc   t5, 0x1
core   0: 3 0x8000f02e (0x00001f17) x30 0x8001002e
core   0: 0x8000f032 (0xfc3f2923) sw      gp, -46(t5)
core   0: 3 0x8000f032 (0xfc3f2923) mem 0x80010000 0x00000001
core   0: 0x8000f036 (0x0000bfe5) c.j     pc - 8
core   0: 3 0x8000f036 (0xbfe5)
core   0: 0x8000f02e (0x00001f17) auipc   t5, 0x1
core   0: 3 0x8000f02e (0x00001f17) x30 0x8001002e
core   0: 0x8000f032 (0xfc3f2923) sw      gp, -46(t5)
core   0: 3 0x8000f032 (0xfc3f2923) mem 0x80010000 0x00000001
core   0: 0x8000f036 (0x0000bfe5) c.j     pc - 8
core   0: 3 0x8000f036 (0xbfe5)
core   0: 0x8000f02e (0x00001f17) auipc   t5, 0x1
core   0: 3 0x8000f02e (0x00001f17) x30 0x8001002e
core   0: 0x8000f032 (0xfc3f2923) sw      gp, -46(t5)
core   0: 3 0x8000f032 (0xfc3f2923) mem 0x80010000 0x00000001
core   0: 0x8000f036 (0x0000bfe5) c.j     pc - 8
core   0: 3 0x8000f036 (0xbfe5)
core   0: 0x8000f02e (0x00001f17) auipc   t5, 0x1
core   0: 3 0x8000f02e (0x00001f17) x30 0x8001002e
core   0: 0x8000f032 (0xfc3f2923) sw      gp, -46(t5)
core   0: 3 0x8000f032 (0xfc3f2923) mem 0x80010000 0x00000001
core   0: 0x8000f036 (0x0000bfe5) c.j     pc - 8
core   0: 3 0x8000f036 (0xbfe5)
core   0: 0x8000f02e (0x00001f17) auipc   t5, 0x1
core   0: 3 0x8000f02e (0x00001f17) x30 0x8001002e
core   0: 0x8000f032 (0xfc3f2923) sw      gp, -46(t5)
core   0: 3 0x8000f032 (0xfc3f2923) mem 0x80010000 0x00000001
core   0: 0x8000f036 (0x0000bfe5) c.j     pc - 8
core   0: 3 0x8000f036 (0xbfe5)
core   0: 0x8000f02e (0x00001f17) auipc   t5, 0x1
core   0: 3 0x8000f02e (0x00001f17) x30 0x8001002e
core   0: 0x8000f032 (0xfc3f2923) sw      gp, -46(t5)
core   0: 3 0x8000f032 (0xfc3f2923) mem 0x80010000 0x00000001
core   0: 0x8000f036 (0x0000bfe5) c.j     pc - 8
core   0: 3 0x8000f036 (0xbfe5)
core   0: 0x8000f02e (0x00001f17) auipc   t5, 0x1
core   0: 3 0x8000f02e (0x00001f17) x30 0x8001002e
core   0: 0x8000f032 (0xfc3f2923) sw      gp, -46(t5)
core   0: 3 0x8000f032 (0xfc3f2923) mem 0x80010000 0x00000001
core   0: 0x8000f036 (0x0000bfe5) c.j     pc - 8
core   0: 3 0x8000f036 (0xbfe5)
core   0: 0x8000f02e (0x00001f17) auipc   t5, 0x1
core   0: 3 0x8000f02e (0x00001f17) x30 0x8001002e
core   0: 0x8000f032 (0xfc3f2923) sw      gp, -46(t5)
core   0: 3 0x8000f032 (0xfc3f2923) mem 0x80010000 0x00000001
core   0: 0x8000f036 (0x0000bfe5) c.j     pc - 8
core   0: 3 0x8000f036 (0xbfe5)
core   0: 0x8000f02e (0x00001f17) auipc   t5, 0x1
core   0: 3 0x8000f02e (0x00001f17) x30 0x8001002e
core   0: 0x8000f032 (0xfc3f2923) sw      gp, -46(t5)
core   0: 3 0x8000f032 (0xfc3f2923) mem 0x80010000 0x00000001
core   0: 0x8000f036 (0x0000bfe5) c.j     pc - 8
core   0: 3 0x8000f036 (0xbfe5)
core   0: 0x8000f02e (0x00001f17) auipc   t5, 0x1
core   0: 3 0x8000f02e (0x00001f17) x30 0x8001002e
core   0: 0x8000f032 (0xfc3f2923) sw      gp, -46(t5)
core   0: 3 0x8000f032 (0xfc3f2923) mem 0x80010000 0x00000001
core   0: 0x8000f036 (0x0000bfe5) c.j     pc - 8
core   0: 3 0x8000f036 (0xbfe5)
core   0: 0x8000f02e (0x00001f17) auipc   t5, 0x1
core   0: 3 0x8000f02e (0x00001f17) x30 0x8001002e
core   0: 0x8000f032 (0xfc3f2923) sw      gp, -46(t5)
core   0: 3 0x8000f032 (0xfc3f2923) mem 0x80010000 0x00000001
core   0: 0x8000f036 (0x0000bfe5) c.j     pc - 8
core   0: 3 0x8000f036 (0xbfe5)
core   0: 0x8000f02e (0x00001f17) auipc   t5, 0x1
core   0: 3 0x8000f02e (0x00001f17) x30 0x8001002e
core   0: 0x8000f032 (0xfc3f2923) sw      gp, -46(t5)
core   0: 3 0x8000f032 (0xfc3f2923) mem 0x80010000 0x00000001
core   0: 0x8000f036 (0x0000bfe5) c.j     pc - 8
core   0: 3 0x8000f036 (0xbfe5)
core   0: 0x8000f02e (0x00001f17) auipc   t5, 0x1
core   0: 3 0x8000f02e (0x00001f17) x30 0x8001002e
core   0: 0x8000f032 (0xfc3f2923) sw      gp, -46(t5)
core   0: 3 0x8000f032 (0xfc3f2923) mem 0x80010000 0x00000001
core   0: 0x8000f036 (0x0000bfe5) c.j     pc - 8
core   0: 3 0x8000f036 (0xbfe5)
core   0: 0x8000f02e (0x00001f17) auipc   t5, 0x1
core   0: 3 0x8000f02e (0x00001f17) x30 0x8001002e
core   0: 0x8000f032 (0xfc3f2923) sw      gp, -46(t5)
core   0: 3 0x8000f032 (0xfc3f2923) mem 0x80010000 0x00000001
core   0: 0x8000f036 (0x0000bfe5) c.j     pc - 8
core   0: 3 0x8000f036 (0xbfe5)
core   0: 0x8000f02e (0x00001f17) auipc   t5, 0x1
core   0: 3 0x8000f02e (0x00001f17) x30 0x8001002e
core   0: 0x8000f032 (0xfc3f2923) sw      gp, -46(t5)
core   0: 3 0x8000f032 (0xfc3f2923) mem 0x80010000 0x00000001
core   0: 0x8000f036 (0x0000bfe5) c.j     pc - 8
core   0: 3 0x8000f036 (0xbfe5)
core   0: 0x8000f02e (0x00001f17) auipc   t5, 0x1
core   0: 3 0x8000f02e (0x00001f17) x30 0x8001002e
core   0: 0x8000f032 (0xfc3f2923) sw      gp, -46(t5)
core   0: 3 0x8000f032 (0xfc3f2923) mem 0x80010000 0x00000001
core   0: 0x8000f036 (0x0000bfe5) c.j     pc - 8
core   0: 3 0x8000f036 (0xbfe5)
core   0: 0x8000f02e (0x00001f17) auipc   t5, 0x1
core   0: 3 0x8000f02e (0x00001f17) x30 0x8001002e
core   0: 0x8000f032 (0xfc3f2923) sw      gp, -46(t5)
core   0: 3 0x8000f032 (0xfc3f2923) mem 0x80010000 0x00000001
core   0: 0x8000f036 (0x0000bfe5) c.j     pc - 8
core   0: 3 0x8000f036 (0xbfe5)
core   0: 0x8000f02e (0x00001f17) auipc   t5, 0x1
core   0: 3 0x8000f02e (0x00001f17) x30 0x8001002e
core   0: 0x8000f032 (0xfc3f2923) sw      gp, -46(t5)
core   0: 3 0x8000f032 (0xfc3f2923) mem 0x80010000 0x00000001
core   0: 0x8000f036 (0x0000bfe5) c.j     pc - 8
core   0: 3 0x8000f036 (0xbfe5)
core   0: 0x8000f02e (0x00001f17) auipc   t5, 0x1
core   0: 3 0x8000f02e (0x00001f17) x30 0x8001002e
core   0: 0x8000f032 (0xfc3f2923) sw      gp, -46(t5)
core   0: 3 0x8000f032 (0xfc3f2923) mem 0x80010000 0x00000001
core   0: 0x8000f036 (0x0000bfe5) c.j     pc - 8
core   0: 3 0x8000f036 (0xbfe5)
core   0: 0x8000f02e (0x00001f17) auipc   t5, 0x1
core   0: 3 0x8000f02e (0x00001f17) x30 0x8001002e
core   0: 0x8000f032 (0xfc3f2923) sw      gp, -46(t5)
core   0: 3 0x8000f032 (0xfc3f2923) mem 0x80010000 0x00000001
core   0: 0x8000f036 (0x0000bfe5) c.j     pc - 8
core   0: 3 0x8000f036 (0xbfe5)
core   0: 0x8000f02e (0x00001f17) auipc   t5, 0x1
core   0: 3 0x8000f02e (0x00001f17) x30 0x8001002e
core   0: 0x8000f032 (0xfc3f2923) sw      gp, -46(t5)
core   0: 3 0x8000f032 (0xfc3f2923) mem 0x80010000 0x00000001
core   0: 0x8000f036 (0x0000bfe5) c.j     pc - 8
core   0: 3 0x8000f036 (0xbfe5)
core   0: 0x8000f02e (0x00001f17) auipc   t5, 0x1
core   0: 3 0x8000f02e (0x00001f17) x30 0x8001002e
core   0: 0x8000f032 (0xfc3f2923) sw      gp, -46(t5)
core   0: 3 0x8000f032 (0xfc3f2923) mem 0x80010000 0x00000001
core   0: 0x8000f036 (0x0000bfe5) c.j     pc - 8
core   0: 3 0x8000f036 (0xbfe5)
core   0: 0x8000f02e (0x00001f17) auipc   t5, 0x1
core   0: 3 0x8000f02e (0x00001f17) x30 0x8001002e
core   0: 0x8000f032 (0xfc3f2923) sw      gp, -46(t5)
core   0: 3 0x8000f032 (0xfc3f2923) mem 0x80010000 0x00000001
core   0: 0x8000f036 (0x0000bfe5) c.j     pc - 8
core   0: 3 0x8000f036 (0xbfe5)
core   0: 0x8000f02e (0x00001f17) auipc   t5, 0x1
core   0: 3 0x8000f02e (0x00001f17) x30 0x8001002e
core   0: 0x8000f032 (0xfc3f2923) sw      gp, -46(t5)
core   0: 3 0x8000f032 (0xfc3f2923) mem 0x80010000 0x00000001
core   0: 0x8000f036 (0x0000bfe5) c.j     pc - 8
core   0: 3 0x8000f036 (0xbfe5)
core   0: 0x8000f02e (0x00001f17) auipc   t5, 0x1
core   0: 3 0x8000f02e (0x00001f17) x30 0x8001002e
core   0: 0x8000f032 (0xfc3f2923) sw      gp, -46(t5)
core   0: 3 0x8000f032 (0xfc3f2923) mem 0x80010000 0x00000001
core   0: 0x8000f036 (0x0000bfe5) c.j     pc - 8
core   0: 3 0x8000f036 (0xbfe5)
core   0: 0x8000f02e (0x00001f17) auipc   t5, 0x1
core   0: 3 0x8000f02e (0x00001f17) x30 0x8001002e
core   0: 0x8000f032 (0xfc3f2923) sw      gp, -46(t5)
core   0: 3 0x8000f032 (0xfc3f2923) mem 0x80010000 0x00000001
core   0: 0x8000f036 (0x0000bfe5) c.j     pc - 8
core   0: 3 0x8000f036 (0xbfe5)
core   0: 0x8000f02e (0x00001f17) auipc   t5, 0x1
core   0: 3 0x8000f02e (0x00001f17) x30 0x8001002e
core   0: 0x8000f032 (0xfc3f2923) sw      gp, -46(t5)
core   0: 3 0x8000f032 (0xfc3f2923) mem 0x80010000 0x00000001
core   0: 0x8000f036 (0x0000bfe5) c.j     pc - 8
core   0: 3 0x8000f036 (0xbfe5)
core   0: 0x8000f02e (0x00001f17) auipc   t5, 0x1
core   0: 3 0x8000f02e (0x00001f17) x30 0x8001002e
core   0: 0x8000f032 (0xfc3f2923) sw      gp, -46(t5)
core   0: 3 0x8000f032 (0xfc3f2923) mem 0x80010000 0x00000001
core   0: 0x8000f036 (0x0000bfe5) c.j     pc - 8
core   0: 3 0x8000f036 (0xbfe5)
core   0: 0x8000f02e (0x00001f17) auipc   t5, 0x1
core   0: 3 0x8000f02e (0x00001f17) x30 0x8001002e
core   0: 0x8000f032 (0xfc3f2923) sw      gp, -46(t5)
core   0: 3 0x8000f032 (0xfc3f2923) mem 0x80010000 0x00000001
core   0: 0x8000f036 (0x0000bfe5) c.j     pc - 8
core   0: 3 0x8000f036 (0xbfe5)
core   0: 0x8000f02e (0x00001f17) auipc   t5, 0x1
core   0: 3 0x8000f02e (0x00001f17) x30 0x8001002e
core   0: 0x8000f032 (0xfc3f2923) sw      gp, -46(t5)
core   0: 3 0x8000f032 (0xfc3f2923) mem 0x80010000 0x00000001
core   0: 0x8000f036 (0x0000bfe5) c.j     pc - 8
core   0: 3 0x8000f036 (0xbfe5)
core   0: 0x8000f02e (0x00001f17) auipc   t5, 0x1
core   0: 3 0x8000f02e (0x00001f17) x30 0x8001002e
core   0: 0x8000f032 (0xfc3f2923) sw      gp, -46(t5)
core   0: 3 0x8000f032 (0xfc3f2923) mem 0x80010000 0x00000001
core   0: 0x8000f036 (0x0000bfe5) c.j     pc - 8
core   0: 3 0x8000f036 (0xbfe5)
core   0: 0x8000f02e (0x00001f17) auipc   t5, 0x1
core   0: 3 0x8000f02e (0x00001f17) x30 0x8001002e
core   0: 0x8000f032 (0xfc3f2923) sw      gp, -46(t5)
core   0: 3 0x8000f032 (0xfc3f2923) mem 0x80010000 0x00000001
core   0: 0x8000f036 (0x0000bfe5) c.j     pc - 8
core   0: 3 0x8000f036 (0xbfe5)
core   0: 0x8000f02e (0x00001f17) auipc   t5, 0x1
core   0: 3 0x8000f02e (0x00001f17) x30 0x8001002e
core   0: 0x8000f032 (0xfc3f2923) sw      gp, -46(t5)
core   0: 3 0x8000f032 (0xfc3f2923) mem 0x80010000 0x00000001
core   0: 0x8000f036 (0x0000bfe5) c.j     pc - 8
core   0: 3 0x8000f036 (0xbfe5)
core   0: 0x8000f02e (0x00001f17) auipc   t5, 0x1
core   0: 3 0x8000f02e (0x00001f17) x30 0x8001002e
core   0: 0x8000f032 (0xfc3f2923) sw      gp, -46(t5)
core   0: 3 0x8000f032 (0xfc3f2923) mem 0x80010000 0x00000001
core   0: 0x8000f036 (0x0000bfe5) c.j     pc - 8
core   0: 3 0x8000f036 (0xbfe5)
core   0: 0x8000f02e (0x00001f17) auipc   t5, 0x1
core   0: 3 0x8000f02e (0x00001f17) x30 0x8001002e
core   0: 0x8000f032 (0xfc3f2923) sw      gp, -46(t5)
core   0: 3 0x8000f032 (0xfc3f2923) mem 0x80010000 0x00000001
core   0: 0x8000f036 (0x0000bfe5) c.j     pc - 8
core   0: 3 0x8000f036 (0xbfe5)
core   0: 0x8000f02e (0x00001f17) auipc   t5, 0x1
core   0: 3 0x8000f02e (0x00001f17) x30 0x8001002e
core   0: 0x8000f032 (0xfc3f2923) sw      gp, -46(t5)
core   0: 3 0x8000f032 (0xfc3f2923) mem 0x80010000 0x00000001
core   0: 0x8000f036 (0x0000bfe5) c.j     pc - 8
core   0: 3 0x8000f036 (0xbfe5)
core   0: 0x8000f02e (0x00001f17) auipc   t5, 0x1
core   0: 3 0x8000f02e (0x00001f17) x30 0x8001002e
core   0: 0x8000f032 (0xfc3f2923) sw      gp, -46(t5)
core   0: 3 0x8000f032 (0xfc3f2923) mem 0x80010000 0x00000001
core   0: 0x8000f036 (0x0000bfe5) c.j     pc - 8
core   0: 3 0x8000f036 (0xbfe5)
core   0: 0x8000f02e (0x00001f17) auipc   t5, 0x1
core   0: 3 0x8000f02e (0x00001f17) x30 0x8001002e
core   0: 0x8000f032 (0xfc3f2923) sw      gp, -46(t5)
core   0: 3 0x8000f032 (0xfc3f2923) mem 0x80010000 0x00000001
core   0: 0x8000f036 (0x0000bfe5) c.j     pc - 8
core   0: 3 0x8000f036 (0xbfe5)
core   0: 0x8000f02e (0x00001f17) auipc   t5, 0x1
core   0: 3 0x8000f02e (0x00001f17) x30 0x8001002e
core   0: 0x8000f032 (0xfc3f2923) sw      gp, -46(t5)
core   0: 3 0x8000f032 (0xfc3f2923) mem 0x80010000 0x00000001
core   0: 0x8000f036 (0x0000bfe5) c.j     pc - 8
core   0: 3 0x8000f036 (0xbfe5)
core   0: 0x8000f02e (0x00001f17) auipc   t5, 0x1
core   0: 3 0x8000f02e (0x00001f17) x30 0x8001002e
core   0: 0x8000f032 (0xfc3f2923) sw      gp, -46(t5)
core   0: 3 0x8000f032 (0xfc3f2923) mem 0x80010000 0x00000001
core   0: 0x8000f036 (0x0000bfe5) c.j     pc - 8
core   0: 3 0x8000f036 (0xbfe5)
core   0: 0x8000f02e (0x00001f17) auipc   t5, 0x1
core   0: 3 0x8000f02e (0x00001f17) x30 0x8001002e
core   0: 0x8000f032 (0xfc3f2923) sw      gp, -46(t5)
core   0: 3 0x8000f032 (0xfc3f2923) mem 0x80010000 0x00000001
core   0: 0x8000f036 (0x0000bfe5) c.j     pc - 8
core   0: 3 0x8000f036 (0xbfe5)
core   0: 0x8000f02e (0x00001f17) auipc   t5, 0x1
core   0: 3 0x8000f02e (0x00001f17) x30 0x8001002e
core   0: 0x8000f032 (0xfc3f2923) sw      gp, -46(t5)
core   0: 3 0x8000f032 (0xfc3f2923) mem 0x80010000 0x00000001
core   0: 0x8000f036 (0x0000bfe5) c.j     pc - 8
core   0: 3 0x8000f036 (0xbfe5)
core   0: 0x8000f02e (0x00001f17) auipc   t5, 0x1
core   0: 3 0x8000f02e (0x00001f17) x30 0x8001002e
core   0: 0x8000f032 (0xfc3f2923) sw      gp, -46(t5)
core   0: 3 0x8000f032 (0xfc3f2923) mem 0x80010000 0x00000001
core   0: 0x8000f036 (0x0000bfe5) c.j     pc - 8
core   0: 3 0x8000f036 (0xbfe5)
core   0: 0x8000f02e (0x00001f17) auipc   t5, 0x1
core   0: 3 0x8000f02e (0x00001f17) x30 0x8001002e
core   0: 0x8000f032 (0xfc3f2923) sw      gp, -46(t5)
core   0: 3 0x8000f032 (0xfc3f2923) mem 0x80010000 0x00000001
core   0: 0x8000f036 (0x0000bfe5) c.j     pc - 8
core   0: 3 0x8000f036 (0xbfe5)
core   0: 0x8000f02e (0x00001f17) auipc   t5, 0x1
core   0: 3 0x8000f02e (0x00001f17) x30 0x8001002e
core   0: 0x8000f032 (0xfc3f2923) sw      gp, -46(t5)
core   0: 3 0x8000f032 (0xfc3f2923) mem 0x80010000 0x00000001
core   0: 0x8000f036 (0x0000bfe5) c.j     pc - 8
core   0: 3 0x8000f036 (0xbfe5)
core   0: 0x8000f02e (0x00001f17) auipc   t5, 0x1
core   0: 3 0x8000f02e (0x00001f17) x30 0x8001002e
core   0: 0x8000f032 (0xfc3f2923) sw      gp, -46(t5)
core   0: 3 0x8000f032 (0xfc3f2923) mem 0x80010000 0x00000001
core   0: 0x8000f036 (0x0000bfe5) c.j     pc - 8
core   0: 3 0x8000f036 (0xbfe5)
core   0: 0x8000f02e (0x00001f17) auipc   t5, 0x1
core   0: 3 0x8000f02e (0x00001f17) x30 0x8001002e
core   0: 0x8000f032 (0xfc3f2923) sw      gp, -46(t5)
core   0: 3 0x8000f032 (0xfc3f2923) mem 0x80010000 0x00000001
core   0: 0x8000f036 (0x0000bfe5) c.j     pc - 8
core   0: 3 0x8000f036 (0xbfe5)
core   0: 0x8000f02e (0x00001f17) auipc   t5, 0x1
core   0: 3 0x8000f02e (0x00001f17) x30 0x8001002e
core   0: 0x8000f032 (0xfc3f2923) sw      gp, -46(t5)
core   0: 3 0x8000f032 (0xfc3f2923) mem 0x80010000 0x00000001
core   0: 0x8000f036 (0x0000bfe5) c.j     pc - 8
core   0: 3 0x8000f036 (0xbfe5)
core   0: 0x8000f02e (0x00001f17) auipc   t5, 0x1
core   0: 3 0x8000f02e (0x00001f17) x30 0x8001002e
core   0: 0x8000f032 (0xfc3f2923) sw      gp, -46(t5)
core   0: 3 0x8000f032 (0xfc3f2923) mem 0x80010000 0x00000001
core   0: 0x8000f036 (0x0000bfe5) c.j     pc - 8
core   0: 3 0x8000f036 (0xbfe5)
core   0: 0x8000f02e (0x00001f17) auipc   t5, 0x1
core   0: 3 0x8000f02e (0x00001f17) x30 0x8001002e
core   0: 0x8000f032 (0xfc3f2923) sw      gp, -46(t5)
core   0: 3 0x8000f032 (0xfc3f2923) mem 0x80010000 0x00000001
core   0: 0x8000f036 (0x0000bfe5) c.j     pc - 8
core   0: 3 0x8000f036 (0xbfe5)
core   0: 0x8000f02e (0x00001f17) auipc   t5, 0x1
core   0: 3 0x8000f02e (0x00001f17) x30 0x8001002e
core   0: 0x8000f032 (0xfc3f2923) sw      gp, -46(t5)
core   0: 3 0x8000f032 (0xfc3f2923) mem 0x80010000 0x00000001
core   0: 0x8000f036 (0x0000bfe5) c.j     pc - 8
core   0: 3 0x8000f036 (0xbfe5)
core   0: 0x8000f02e (0x00001f17) auipc   t5, 0x1
core   0: 3 0x8000f02e (0x00001f17) x30 0x8001002e
core   0: 0x8000f032 (0xfc3f2923) sw      gp, -46(t5)
core   0: 3 0x8000f032 (0xfc3f2923) mem 0x80010000 0x00000001
core   0: 0x8000f036 (0x0000bfe5) c.j     pc - 8
core   0: 3 0x8000f036 (0xbfe5)
core   0: 0x8000f02e (0x00001f17) auipc   t5, 0x1
core   0: 3 0x8000f02e (0x00001f17) x30 0x8001002e
core   0: 0x8000f032 (0xfc3f2923) sw      gp, -46(t5)
core   0: 3 0x8000f032 (0xfc3f2923) mem 0x80010000 0x00000001
core   0: 0x8000f036 (0x0000bfe5) c.j     pc - 8
core   0: 3 0x8000f036 (0xbfe5)
core   0: 0x8000f02e (0x00001f17) auipc   t5, 0x1
core   0: 3 0x8000f02e (0x00001f17) x30 0x8001002e
core   0: 0x8000f032 (0xfc3f2923) sw      gp, -46(t5)
core   0: 3 0x8000f032 (0xfc3f2923) mem 0x80010000 0x00000001
core   0: 0x8000f036 (0x0000bfe5) c.j     pc - 8
core   0: 3 0x8000f036 (0xbfe5)
core   0: 0x8000f02e (0x00001f17) auipc   t5, 0x1
core   0: 3 0x8000f02e (0x00001f17) x30 0x8001002e
core   0: 0x8000f032 (0xfc3f2923) sw      gp, -46(t5)
core   0: 3 0x8000f032 (0xfc3f2923) mem 0x80010000 0x00000001
core   0: 0x8000f036 (0x0000bfe5) c.j     pc - 8
core   0: 3 0x8000f036 (0xbfe5)
core   0: 0x8000f02e (0x00001f17) auipc   t5, 0x1
core   0: 3 0x8000f02e (0x00001f17) x30 0x8001002e
core   0: 0x8000f032 (0xfc3f2923) sw      gp, -46(t5)
core   0: 3 0x8000f032 (0xfc3f2923) mem 0x80010000 0x00000001
core   0: 0x8000f036 (0x0000bfe5) c.j     pc - 8
core   0: 3 0x8000f036 (0xbfe5)
core   0: 0x8000f02e (0x00001f17) auipc   t5, 0x1
core   0: 3 0x8000f02e (0x00001f17) x30 0x8001002e
core   0: 0x8000f032 (0xfc3f2923) sw      gp, -46(t5)
core   0: 3 0x8000f032 (0xfc3f2923) mem 0x80010000 0x00000001
core   0: 0x8000f036 (0x0000bfe5) c.j     pc - 8
core   0: 3 0x8000f036 (0xbfe5)
core   0: 0x8000f02e (0x00001f17) auipc   t5, 0x1
core   0: 3 0x8000f02e (0x00001f17) x30 0x8001002e
core   0: 0x8000f032 (0xfc3f2923) sw      gp, -46(t5)
core   0: 3 0x8000f032 (0xfc3f2923) mem 0x80010000 0x00000001
core   0: 0x8000f036 (0x0000bfe5) c.j     pc - 8
core   0: 3 0x8000f036 (0xbfe5)
core   0: 0x8000f02e (0x00001f17) auipc   t5, 0x1
core   0: 3 0x8000f02e (0x00001f17) x30 0x8001002e
core   0: 0x8000f032 (0xfc3f2923) sw      gp, -46(t5)
core   0: 3 0x8000f032 (0xfc3f2923) mem 0x80010000 0x00000001
core   0: 0x8000f036 (0x0000bfe5) c.j     pc - 8
core   0: 3 0x8000f036 (0xbfe5)
core   0: 0x8000f02e (0x00001f17) auipc   t5, 0x1
core   0: 3 0x8000f02e (0x00001f17) x30 0x8001002e
core   0: 0x8000f032 (0xfc3f2923) sw      gp, -46(t5)
core   0: 3 0x8000f032 (0xfc3f2923) mem 0x80010000 0x00000001
core   0: 0x8000f036 (0x0000bfe5) c.j     pc - 8
core   0: 3 0x8000f036 (0xbfe5)
core   0: 0x8000f02e (0x00001f17) auipc   t5, 0x1
core   0: 3 0x8000f02e (0x00001f17) x30 0x8001002e
core   0: 0x8000f032 (0xfc3f2923) sw      gp, -46(t5)
core   0: 3 0x8000f032 (0xfc3f2923) mem 0x80010000 0x00000001
core   0: 0x8000f036 (0x0000bfe5) c.j     pc - 8
core   0: 3 0x8000f036 (0xbfe5)
core   0: 0x8000f02e (0x00001f17) auipc   t5, 0x1
core   0: 3 0x8000f02e (0x00001f17) x30 0x8001002e
core   0: 0x8000f032 (0xfc3f2923) sw      gp, -46(t5)
core   0: 3 0x8000f032 (0xfc3f2923) mem 0x80010000 0x00000001
core   0: 0x8000f036 (0x0000bfe5) c.j     pc - 8
core   0: 3 0x8000f036 (0xbfe5)
core   0: 0x8000f02e (0x00001f17) auipc   t5, 0x1
core   0: 3 0x8000f02e (0x00001f17) x30 0x8001002e
core   0: 0x8000f032 (0xfc3f2923) sw      gp, -46(t5)
core   0: 3 0x8000f032 (0xfc3f2923) mem 0x80010000 0x00000001
core   0: 0x8000f036 (0x0000bfe5) c.j     pc - 8
core   0: 3 0x8000f036 (0xbfe5)
core   0: 0x8000f02e (0x00001f17) auipc   t5, 0x1
core   0: 3 0x8000f02e (0x00001f17) x30 0x8001002e
core   0: 0x8000f032 (0xfc3f2923) sw      gp, -46(t5)
core   0: 3 0x8000f032 (0xfc3f2923) mem 0x80010000 0x00000001
core   0: 0x8000f036 (0x0000bfe5) c.j     pc - 8
core   0: 3 0x8000f036 (0xbfe5)
core   0: 0x8000f02e (0x00001f17) auipc   t5, 0x1
core   0: 3 0x8000f02e (0x00001f17) x30 0x8001002e
core   0: 0x8000f032 (0xfc3f2923) sw      gp, -46(t5)
core   0: 3 0x8000f032 (0xfc3f2923) mem 0x80010000 0x00000001
core   0: 0x8000f036 (0x0000bfe5) c.j     pc - 8
core   0: 3 0x8000f036 (0xbfe5)
core   0: 0x8000f02e (0x00001f17) auipc   t5, 0x1
core   0: 3 0x8000f02e (0x00001f17) x30 0x8001002e
core   0: 0x8000f032 (0xfc3f2923) sw      gp, -46(t5)
core   0: 3 0x8000f032 (0xfc3f2923) mem 0x80010000 0x00000001
core   0: 0x8000f036 (0x0000bfe5) c.j     pc - 8
core   0: 3 0x8000f036 (0xbfe5)
core   0: 0x8000f02e (0x00001f17) auipc   t5, 0x1
core   0: 3 0x8000f02e (0x00001f17) x30 0x8001002e
core   0: 0x8000f032 (0xfc3f2923) sw      gp, -46(t5)
core   0: 3 0x8000f032 (0xfc3f2923) mem 0x80010000 0x00000001
core   0: 0x8000f036 (0x0000bfe5) c.j     pc - 8
core   0: 3 0x8000f036 (0xbfe5)
core   0: 0x8000f02e (0x00001f17) auipc   t5, 0x1
core   0: 3 0x8000f02e (0x00001f17) x30 0x8001002e
core   0: 0x8000f032 (0xfc3f2923) sw      gp, -46(t5)
core   0: 3 0x8000f032 (0xfc3f2923) mem 0x80010000 0x00000001
core   0: 0x8000f036 (0x0000bfe5) c.j     pc - 8
core   0: 3 0x8000f036 (0xbfe5)
core   0: 0x8000f02e (0x00001f17) auipc   t5, 0x1
core   0: 3 0x8000f02e (0x00001f17) x30 0x8001002e
core   0: 0x8000f032 (0xfc3f2923) sw      gp, -46(t5)
core   0: 3 0x8000f032 (0xfc3f2923) mem 0x80010000 0x00000001
core   0: 0x8000f036 (0x0000bfe5) c.j     pc - 8
core   0: 3 0x8000f036 (0xbfe5)
core   0: 0x8000f02e (0x00001f17) auipc   t5, 0x1
core   0: 3 0x8000f02e (0x00001f17) x30 0x8001002e
core   0: 0x8000f032 (0xfc3f2923) sw      gp, -46(t5)
core   0: 3 0x8000f032 (0xfc3f2923) mem 0x80010000 0x00000001
core   0: 0x8000f036 (0x0000bfe5) c.j     pc - 8
core   0: 3 0x8000f036 (0xbfe5)
core   0: 0x8000f02e (0x00001f17) auipc   t5, 0x1
core   0: 3 0x8000f02e (0x00001f17) x30 0x8001002e
core   0: 0x8000f032 (0xfc3f2923) sw      gp, -46(t5)
core   0: 3 0x8000f032 (0xfc3f2923) mem 0x80010000 0x00000001
core   0: 0x8000f036 (0x0000bfe5) c.j     pc - 8
core   0: 3 0x8000f036 (0xbfe5)
core   0: 0x8000f02e (0x00001f17) auipc   t5, 0x1
core   0: 3 0x8000f02e (0x00001f17) x30 0x8001002e
core   0: 0x8000f032 (0xfc3f2923) sw      gp, -46(t5)
core   0: 3 0x8000f032 (0xfc3f2923) mem 0x80010000 0x00000001
core   0: 0x8000f036 (0x0000bfe5) c.j     pc - 8
core   0: 3 0x8000f036 (0xbfe5)
core   0: 0x8000f02e (0x00001f17) auipc   t5, 0x1
core   0: 3 0x8000f02e (0x00001f17) x30 0x8001002e
core   0: 0x8000f032 (0xfc3f2923) sw      gp, -46(t5)
core   0: 3 0x8000f032 (0xfc3f2923) mem 0x80010000 0x00000001
core   0: 0x8000f036 (0x0000bfe5) c.j     pc - 8
core   0: 3 0x8000f036 (0xbfe5)
core   0: 0x8000f02e (0x00001f17) auipc   t5, 0x1
core   0: 3 0x8000f02e (0x00001f17) x30 0x8001002e
core   0: 0x8000f032 (0xfc3f2923) sw      gp, -46(t5)
core   0: 3 0x8000f032 (0xfc3f2923) mem 0x80010000 0x00000001
core   0: 0x8000f036 (0x0000bfe5) c.j     pc - 8
core   0: 3 0x8000f036 (0xbfe5)
core   0: 0x8000f02e (0x00001f17) auipc   t5, 0x1
core   0: 3 0x8000f02e (0x00001f17) x30 0x8001002e
core   0: 0x8000f032 (0xfc3f2923) sw      gp, -46(t5)
core   0: 3 0x8000f032 (0xfc3f2923) mem 0x80010000 0x00000001
core   0: 0x8000f036 (0x0000bfe5) c.j     pc - 8
core   0: 3 0x8000f036 (0xbfe5)
core   0: 0x8000f02e (0x00001f17) auipc   t5, 0x1
core   0: 3 0x8000f02e (0x00001f17) x30 0x8001002e
core   0: 0x8000f032 (0xfc3f2923) sw      gp, -46(t5)
core   0: 3 0x8000f032 (0xfc3f2923) mem 0x80010000 0x00000001
core   0: 0x8000f036 (0x0000bfe5) c.j     pc - 8
core   0: 3 0x8000f036 (0xbfe5)
core   0: 0x8000f02e (0x00001f17) auipc   t5, 0x1
core   0: 3 0x8000f02e (0x00001f17) x30 0x8001002e
core   0: 0x8000f032 (0xfc3f2923) sw      gp, -46(t5)
core   0: 3 0x8000f032 (0xfc3f2923) mem 0x80010000 0x00000001
core   0: 0x8000f036 (0x0000bfe5) c.j     pc - 8
core   0: 3 0x8000f036 (0xbfe5)
core   0: 0x8000f02e (0x00001f17) auipc   t5, 0x1
core   0: 3 0x8000f02e (0x00001f17) x30 0x8001002e
core   0: 0x8000f032 (0xfc3f2923) sw      gp, -46(t5)
core   0: 3 0x8000f032 (0xfc3f2923) mem 0x80010000 0x00000001
core   0: 0x8000f036 (0x0000bfe5) c.j     pc - 8
core   0: 3 0x8000f036 (0xbfe5)
core   0: 0x8000f02e (0x00001f17) auipc   t5, 0x1
core   0: 3 0x8000f02e (0x00001f17) x30 0x8001002e
core   0: 0x8000f032 (0xfc3f2923) sw      gp, -46(t5)
core   0: 3 0x8000f032 (0xfc3f2923) mem 0x80010000 0x00000001
core   0: 0x8000f036 (0x0000bfe5) c.j     pc - 8
core   0: 3 0x8000f036 (0xbfe5)
core   0: 0x8000f02e (0x00001f17) auipc   t5, 0x1
core   0: 3 0x8000f02e (0x00001f17) x30 0x8001002e
core   0: 0x8000f032 (0xfc3f2923) sw      gp, -46(t5)
core   0: 3 0x8000f032 (0xfc3f2923) mem 0x80010000 0x00000001
core   0: 0x8000f036 (0x0000bfe5) c.j     pc - 8
core   0: 3 0x8000f036 (0xbfe5)
core   0: 0x8000f02e (0x00001f17) auipc   t5, 0x1
core   0: 3 0x8000f02e (0x00001f17) x30 0x8001002e
core   0: 0x8000f032 (0xfc3f2923) sw      gp, -46(t5)
core   0: 3 0x8000f032 (0xfc3f2923) mem 0x80010000 0x00000001
core   0: 0x8000f036 (0x0000bfe5) c.j     pc - 8
core   0: 3 0x8000f036 (0xbfe5)
core   0: 0x8000f02e (0x00001f17) auipc   t5, 0x1
core   0: 3 0x8000f02e (0x00001f17) x30 0x8001002e
core   0: 0x8000f032 (0xfc3f2923) sw      gp, -46(t5)
core   0: 3 0x8000f032 (0xfc3f2923) mem 0x80010000 0x00000001
core   0: 0x8000f036 (0x0000bfe5) c.j     pc - 8
core   0: 3 0x8000f036 (0xbfe5)
core   0: 0x8000f02e (0x00001f17) auipc   t5, 0x1
core   0: 3 0x8000f02e (0x00001f17) x30 0x8001002e
core   0: 0x8000f032 (0xfc3f2923) sw      gp, -46(t5)
core   0: 3 0x8000f032 (0xfc3f2923) mem 0x80010000 0x00000001
core   0: 0x8000f036 (0x0000bfe5) c.j     pc - 8
core   0: 3 0x8000f036 (0xbfe5)
core   0: 0x8000f02e (0x00001f17) auipc   t5, 0x1
core   0: 3 0x8000f02e (0x00001f17) x30 0x8001002e
core   0: 0x8000f032 (0xfc3f2923) sw      gp, -46(t5)
core   0: 3 0x8000f032 (0xfc3f2923) mem 0x80010000 0x00000001
core   0: 0x8000f036 (0x0000bfe5) c.j     pc - 8
core   0: 3 0x8000f036 (0xbfe5)
core   0: 0x8000f02e (0x00001f17) auipc   t5, 0x1
core   0: 3 0x8000f02e (0x00001f17) x30 0x8001002e
core   0: 0x8000f032 (0xfc3f2923) sw      gp, -46(t5)
core   0: 3 0x8000f032 (0xfc3f2923) mem 0x80010000 0x00000001
core   0: 0x8000f036 (0x0000bfe5) c.j     pc - 8
core   0: 3 0x8000f036 (0xbfe5)
core   0: 0x8000f02e (0x00001f17) auipc   t5, 0x1
core   0: 3 0x8000f02e (0x00001f17) x30 0x8001002e
core   0: 0x8000f032 (0xfc3f2923) sw      gp, -46(t5)
core   0: 3 0x8000f032 (0xfc3f2923) mem 0x80010000 0x00000001
core   0: 0x8000f036 (0x0000bfe5) c.j     pc - 8
core   0: 3 0x8000f036 (0xbfe5)
core   0: 0x8000f02e (0x00001f17) auipc   t5, 0x1
core   0: 3 0x8000f02e (0x00001f17) x30 0x8001002e
core   0: 0x8000f032 (0xfc3f2923) sw      gp, -46(t5)
core   0: 3 0x8000f032 (0xfc3f2923) mem 0x80010000 0x00000001
core   0: 0x8000f036 (0x0000bfe5) c.j     pc - 8
core   0: 3 0x8000f036 (0xbfe5)
core   0: 0x8000f02e (0x00001f17) auipc   t5, 0x1
core   0: 3 0x8000f02e (0x00001f17) x30 0x8001002e
core   0: 0x8000f032 (0xfc3f2923) sw      gp, -46(t5)
core   0: 3 0x8000f032 (0xfc3f2923) mem 0x80010000 0x00000001
core   0: 0x8000f036 (0x0000bfe5) c.j     pc - 8
core   0: 3 0x8000f036 (0xbfe5)
core   0: 0x8000f02e (0x00001f17) auipc   t5, 0x1
core   0: 3 0x8000f02e (0x00001f17) x30 0x8001002e
core   0: 0x8000f032 (0xfc3f2923) sw      gp, -46(t5)
core   0: 3 0x8000f032 (0xfc3f2923) mem 0x80010000 0x00000001
core   0: 0x8000f036 (0x0000bfe5) c.j     pc - 8
core   0: 3 0x8000f036 (0xbfe5)
core   0: 0x8000f02e (0x00001f17) auipc   t5, 0x1
core   0: 3 0x8000f02e (0x00001f17) x30 0x8001002e
core   0: 0x8000f032 (0xfc3f2923) sw      gp, -46(t5)
core   0: 3 0x8000f032 (0xfc3f2923) mem 0x80010000 0x00000001
core   0: 0x8000f036 (0x0000bfe5) c.j     pc - 8
core   0: 3 0x8000f036 (0xbfe5)
core   0: 0x8000f02e (0x00001f17) auipc   t5, 0x1
core   0: 3 0x8000f02e (0x00001f17) x30 0x8001002e
core   0: 0x8000f032 (0xfc3f2923) sw      gp, -46(t5)
core   0: 3 0x8000f032 (0xfc3f2923) mem 0x80010000 0x00000001
core   0: 0x8000f036 (0x0000bfe5) c.j     pc - 8
core   0: 3 0x8000f036 (0xbfe5)
core   0: 0x8000f02e (0x00001f17) auipc   t5, 0x1
core   0: 3 0x8000f02e (0x00001f17) x30 0x8001002e
core   0: 0x8000f032 (0xfc3f2923) sw      gp, -46(t5)
core   0: 3 0x8000f032 (0xfc3f2923) mem 0x80010000 0x00000001
core   0: 0x8000f036 (0x0000bfe5) c.j     pc - 8
core   0: 3 0x8000f036 (0xbfe5)
core   0: 0x8000f02e (0x00001f17) auipc   t5, 0x1
core   0: 3 0x8000f02e (0x00001f17) x30 0x8001002e
core   0: 0x8000f032 (0xfc3f2923) sw      gp, -46(t5)
core   0: 3 0x8000f032 (0xfc3f2923) mem 0x80010000 0x00000001
core   0: 0x8000f036 (0x0000bfe5) c.j     pc - 8
core   0: 3 0x8000f036 (0xbfe5)
core   0: 0x8000f02e (0x00001f17) auipc   t5, 0x1
core   0: 3 0x8000f02e (0x00001f17) x30 0x8001002e
core   0: 0x8000f032 (0xfc3f2923) sw      gp, -46(t5)
core   0: 3 0x8000f032 (0xfc3f2923) mem 0x80010000 0x00000001
core   0: 0x8000f036 (0x0000bfe5) c.j     pc - 8
core   0: 3 0x8000f036 (0xbfe5)
core   0: 0x8000f02e (0x00001f17) auipc   t5, 0x1
core   0: 3 0x8000f02e (0x00001f17) x30 0x8001002e
core   0: 0x8000f032 (0xfc3f2923) sw      gp, -46(t5)
core   0: 3 0x8000f032 (0xfc3f2923) mem 0x80010000 0x00000001
core   0: 0x8000f036 (0x0000bfe5) c.j     pc - 8
core   0: 3 0x8000f036 (0xbfe5)
core   0: 0x8000f02e (0x00001f17) auipc   t5, 0x1
core   0: 3 0x8000f02e (0x00001f17) x30 0x8001002e
core   0: 0x8000f032 (0xfc3f2923) sw      gp, -46(t5)
core   0: 3 0x8000f032 (0xfc3f2923) mem 0x80010000 0x00000001
core   0: 0x8000f036 (0x0000bfe5) c.j     pc - 8
core   0: 3 0x8000f036 (0xbfe5)
core   0: 0x8000f02e (0x00001f17) auipc   t5, 0x1
core   0: 3 0x8000f02e (0x00001f17) x30 0x8001002e
core   0: 0x8000f032 (0xfc3f2923) sw      gp, -46(t5)
core   0: 3 0x8000f032 (0xfc3f2923) mem 0x80010000 0x00000001
core   0: 0x8000f036 (0x0000bfe5) c.j     pc - 8
core   0: 3 0x8000f036 (0xbfe5)
core   0: 0x8000f02e (0x00001f17) auipc   t5, 0x1
core   0: 3 0x8000f02e (0x00001f17) x30 0x8001002e
core   0: 0x8000f032 (0xfc3f2923) sw      gp, -46(t5)
core   0: 3 0x8000f032 (0xfc3f2923) mem 0x80010000 0x00000001
core   0: 0x8000f036 (0x0000bfe5) c.j     pc - 8
core   0: 3 0x8000f036 (0xbfe5)
core   0: 0x8000f02e (0x00001f17) auipc   t5, 0x1
core   0: 3 0x8000f02e (0x00001f17) x30 0x8001002e
core   0: 0x8000f032 (0xfc3f2923) sw      gp, -46(t5)
core   0: 3 0x8000f032 (0xfc3f2923) mem 0x80010000 0x00000001
core   0: 0x8000f036 (0x0000bfe5) c.j     pc - 8
core   0: 3 0x8000f036 (0xbfe5)
core   0: 0x8000f02e (0x00001f17) auipc   t5, 0x1
core   0: 3 0x8000f02e (0x00001f17) x30 0x8001002e
core   0: 0x8000f032 (0xfc3f2923) sw      gp, -46(t5)
core   0: 3 0x8000f032 (0xfc3f2923) mem 0x80010000 0x00000001
core   0: 0x8000f036 (0x0000bfe5) c.j     pc - 8
core   0: 3 0x8000f036 (0xbfe5)
core   0: 0x8000f02e (0x00001f17) auipc   t5, 0x1
core   0: 3 0x8000f02e (0x00001f17) x30 0x8001002e
core   0: 0x8000f032 (0xfc3f2923) sw      gp, -46(t5)
core   0: 3 0x8000f032 (0xfc3f2923) mem 0x80010000 0x00000001
core   0: 0x8000f036 (0x0000bfe5) c.j     pc - 8
core   0: 3 0x8000f036 (0xbfe5)
core   0: 0x8000f02e (0x00001f17) auipc   t5, 0x1
core   0: 3 0x8000f02e (0x00001f17) x30 0x8001002e
core   0: 0x8000f032 (0xfc3f2923) sw      gp, -46(t5)
core   0: 3 0x8000f032 (0xfc3f2923) mem 0x80010000 0x00000001
core   0: 0x8000f036 (0x0000bfe5) c.j     pc - 8
core   0: 3 0x8000f036 (0xbfe5)
core   0: 0x8000f02e (0x00001f17) auipc   t5, 0x1
core   0: 3 0x8000f02e (0x00001f17) x30 0x8001002e
core   0: 0x8000f032 (0xfc3f2923) sw      gp, -46(t5)
core   0: 3 0x8000f032 (0xfc3f2923) mem 0x80010000 0x00000001
core   0: 0x8000f036 (0x0000bfe5) c.j     pc - 8
core   0: 3 0x8000f036 (0xbfe5)
core   0: 0x8000f02e (0x00001f17) auipc   t5, 0x1
core   0: 3 0x8000f02e (0x00001f17) x30 0x8001002e
core   0: 0x8000f032 (0xfc3f2923) sw      gp, -46(t5)
core   0: 3 0x8000f032 (0xfc3f2923) mem 0x80010000 0x00000001
core   0: 0x8000f036 (0x0000bfe5) c.j     pc - 8
core   0: 3 0x8000f036 (0xbfe5)
core   0: 0x8000f02e (0x00001f17) auipc   t5, 0x1
core   0: 3 0x8000f02e (0x00001f17) x30 0x8001002e
core   0: 0x8000f032 (0xfc3f2923) sw      gp, -46(t5)
core   0: 3 0x8000f032 (0xfc3f2923) mem 0x80010000 0x00000001
core   0: 0x8000f036 (0x0000bfe5) c.j     pc - 8
core   0: 3 0x8000f036 (0xbfe5)
core   0: 0x8000f02e (0x00001f17) auipc   t5, 0x1
core   0: 3 0x8000f02e (0x00001f17) x30 0x8001002e
core   0: 0x8000f032 (0xfc3f2923) sw      gp, -46(t5)
core   0: 3 0x8000f032 (0xfc3f2923) mem 0x80010000 0x00000001
core   0: 0x8000f036 (0x0000bfe5) c.j     pc - 8
core   0: 3 0x8000f036 (0xbfe5)
core   0: 0x8000f02e (0x00001f17) auipc   t5, 0x1
core   0: 3 0x8000f02e (0x00001f17) x30 0x8001002e
core   0: 0x8000f032 (0xfc3f2923) sw      gp, -46(t5)
core   0: 3 0x8000f032 (0xfc3f2923) mem 0x80010000 0x00000001
core   0: 0x8000f036 (0x0000bfe5) c.j     pc - 8
core   0: 3 0x8000f036 (0xbfe5)
core   0: 0x8000f02e (0x00001f17) auipc   t5, 0x1
core   0: 3 0x8000f02e (0x00001f17) x30 0x8001002e
core   0: 0x8000f032 (0xfc3f2923) sw      gp, -46(t5)
core   0: 3 0x8000f032 (0xfc3f2923) mem 0x80010000 0x00000001
core   0: 0x8000f036 (0x0000bfe5) c.j     pc - 8
core   0: 3 0x8000f036 (0xbfe5)
core   0: 0x8000f02e (0x00001f17) auipc   t5, 0x1
core   0: 3 0x8000f02e (0x00001f17) x30 0x8001002e
core   0: 0x8000f032 (0xfc3f2923) sw      gp, -46(t5)
core   0: 3 0x8000f032 (0xfc3f2923) mem 0x80010000 0x00000001
core   0: 0x8000f036 (0x0000bfe5) c.j     pc - 8
core   0: 3 0x8000f036 (0xbfe5)
core   0: 0x8000f02e (0x00001f17) auipc   t5, 0x1
core   0: 3 0x8000f02e (0x00001f17) x30 0x8001002e
core   0: 0x8000f032 (0xfc3f2923) sw      gp, -46(t5)
core   0: 3 0x8000f032 (0xfc3f2923) mem 0x80010000 0x00000001
core   0: 0x8000f036 (0x0000bfe5) c.j     pc - 8
core   0: 3 0x8000f036 (0xbfe5)
core   0: 0x8000f02e (0x00001f17) auipc   t5, 0x1
core   0: 3 0x8000f02e (0x00001f17) x30 0x8001002e
core   0: 0x8000f032 (0xfc3f2923) sw      gp, -46(t5)
core   0: 3 0x8000f032 (0xfc3f2923) mem 0x80010000 0x00000001
core   0: 0x8000f036 (0x0000bfe5) c.j     pc - 8
core   0: 3 0x8000f036 (0xbfe5)
core   0: 0x8000f02e (0x00001f17) auipc   t5, 0x1
core   0: 3 0x8000f02e (0x00001f17) x30 0x8001002e
core   0: 0x8000f032 (0xfc3f2923) sw      gp, -46(t5)
core   0: 3 0x8000f032 (0xfc3f2923) mem 0x80010000 0x00000001
core   0: 0x8000f036 (0x0000bfe5) c.j     pc - 8
core   0: 3 0x8000f036 (0xbfe5)
core   0: 0x8000f02e (0x00001f17) auipc   t5, 0x1
core   0: 3 0x8000f02e (0x00001f17) x30 0x8001002e
core   0: 0x8000f032 (0xfc3f2923) sw      gp, -46(t5)
core   0: 3 0x8000f032 (0xfc3f2923) mem 0x80010000 0x00000001
core   0: 0x8000f036 (0x0000bfe5) c.j     pc - 8
core   0: 3 0x8000f036 (0xbfe5)
core   0: 0x8000f02e (0x00001f17) auipc   t5, 0x1
core   0: 3 0x8000f02e (0x00001f17) x30 0x8001002e
core   0: 0x8000f032 (0xfc3f2923) sw      gp, -46(t5)
core   0: 3 0x8000f032 (0xfc3f2923) mem 0x80010000 0x00000001
core   0: 0x8000f036 (0x0000bfe5) c.j     pc - 8
core   0: 3 0x8000f036 (0xbfe5)
core   0: 0x8000f02e (0x00001f17) auipc   t5, 0x1
core   0: 3 0x8000f02e (0x00001f17) x30 0x8001002e
core   0: 0x8000f032 (0xfc3f2923) sw      gp, -46(t5)
core   0: 3 0x8000f032 (0xfc3f2923) mem 0x80010000 0x00000001
core   0: 0x8000f036 (0x0000bfe5) c.j     pc - 8
core   0: 3 0x8000f036 (0xbfe5)
core   0: 0x8000f02e (0x00001f17) auipc   t5, 0x1
core   0: 3 0x8000f02e (0x00001f17) x30 0x8001002e
core   0: 0x8000f032 (0xfc3f2923) sw      gp, -46(t5)
core   0: 3 0x8000f032 (0xfc3f2923) mem 0x80010000 0x00000001
core   0: 0x8000f036 (0x0000bfe5) c.j     pc - 8
core   0: 3 0x8000f036 (0xbfe5)
core   0: 0x8000f02e (0x00001f17) auipc   t5, 0x1
core   0: 3 0x8000f02e (0x00001f17) x30 0x8001002e
core   0: 0x8000f032 (0xfc3f2923) sw      gp, -46(t5)
core   0: 3 0x8000f032 (0xfc3f2923) mem 0x80010000 0x00000001
core   0: 0x8000f036 (0x0000bfe5) c.j     pc - 8
core   0: 3 0x8000f036 (0xbfe5)
core   0: 0x8000f02e (0x00001f17) auipc   t5, 0x1
core   0: 3 0x8000f02e (0x00001f17) x30 0x8001002e
core   0: 0x8000f032 (0xfc3f2923) sw      gp, -46(t5)
core   0: 3 0x8000f032 (0xfc3f2923) mem 0x80010000 0x00000001
core   0: 0x8000f036 (0x0000bfe5) c.j     pc - 8
core   0: 3 0x8000f036 (0xbfe5)
core   0: 0x8000f02e (0x00001f17) auipc   t5, 0x1
core   0: 3 0x8000f02e (0x00001f17) x30 0x8001002e
core   0: 0x8000f032 (0xfc3f2923) sw      gp, -46(t5)
core   0: 3 0x8000f032 (0xfc3f2923) mem 0x80010000 0x00000001
core   0: 0x8000f036 (0x0000bfe5) c.j     pc - 8
core   0: 3 0x8000f036 (0xbfe5)
core   0: 0x8000f02e (0x00001f17) auipc   t5, 0x1
core   0: 3 0x8000f02e (0x00001f17) x30 0x8001002e
core   0: 0x8000f032 (0xfc3f2923) sw      gp, -46(t5)
core   0: 3 0x8000f032 (0xfc3f2923) mem 0x80010000 0x00000001
core   0: 0x8000f036 (0x0000bfe5) c.j     pc - 8
core   0: 3 0x8000f036 (0xbfe5)
core   0: 0x8000f02e (0x00001f17) auipc   t5, 0x1
core   0: 3 0x8000f02e (0x00001f17) x30 0x8001002e
core   0: 0x8000f032 (0xfc3f2923) sw      gp, -46(t5)
core   0: 3 0x8000f032 (0xfc3f2923) mem 0x80010000 0x00000001
core   0: 0x8000f036 (0x0000bfe5) c.j     pc - 8
core   0: 3 0x8000f036 (0xbfe5)
core   0: 0x8000f02e (0x00001f17) auipc   t5, 0x1
core   0: 3 0x8000f02e (0x00001f17) x30 0x8001002e
core   0: 0x8000f032 (0xfc3f2923) sw      gp, -46(t5)
core   0: 3 0x8000f032 (0xfc3f2923) mem 0x80010000 0x00000001
core   0: 0x8000f036 (0x0000bfe5) c.j     pc - 8
core   0: 3 0x8000f036 (0xbfe5)
core   0: 0x8000f02e (0x00001f17) auipc   t5, 0x1
core   0: 3 0x8000f02e (0x00001f17) x30 0x8001002e
core   0: 0x8000f032 (0xfc3f2923) sw      gp, -46(t5)
core   0: 3 0x8000f032 (0xfc3f2923) mem 0x80010000 0x00000001
core   0: 0x8000f036 (0x0000bfe5) c.j     pc - 8
core   0: 3 0x8000f036 (0xbfe5)
core   0: 0x8000f02e (0x00001f17) auipc   t5, 0x1
core   0: 3 0x8000f02e (0x00001f17) x30 0x8001002e
core   0: 0x8000f032 (0xfc3f2923) sw      gp, -46(t5)
core   0: 3 0x8000f032 (0xfc3f2923) mem 0x80010000 0x00000001
core   0: 0x8000f036 (0x0000bfe5) c.j     pc - 8
core   0: 3 0x8000f036 (0xbfe5)
core   0: 0x8000f02e (0x00001f17) auipc   t5, 0x1
core   0: 3 0x8000f02e (0x00001f17) x30 0x8001002e
core   0: 0x8000f032 (0xfc3f2923) sw      gp, -46(t5)
core   0: 3 0x8000f032 (0xfc3f2923) mem 0x80010000 0x00000001
core   0: 0x8000f036 (0x0000bfe5) c.j     pc - 8
core   0: 3 0x8000f036 (0xbfe5)
core   0: 0x8000f02e (0x00001f17) auipc   t5, 0x1
core   0: 3 0x8000f02e (0x00001f17) x30 0x8001002e
core   0: 0x8000f032 (0xfc3f2923) sw      gp, -46(t5)
core   0: 3 0x8000f032 (0xfc3f2923) mem 0x80010000 0x00000001
core   0: 0x8000f036 (0x0000bfe5) c.j     pc - 8
core   0: 3 0x8000f036 (0xbfe5)
core   0: 0x8000f02e (0x00001f17) auipc   t5, 0x1
core   0: 3 0x8000f02e (0x00001f17) x30 0x8001002e
core   0: 0x8000f032 (0xfc3f2923) sw      gp, -46(t5)
core   0: 3 0x8000f032 (0xfc3f2923) mem 0x80010000 0x00000001
core   0: 0x8000f036 (0x0000bfe5) c.j     pc - 8
core   0: 3 0x8000f036 (0xbfe5)
core   0: 0x8000f02e (0x00001f17) auipc   t5, 0x1
core   0: 3 0x8000f02e (0x00001f17) x30 0x8001002e
core   0: 0x8000f032 (0xfc3f2923) sw      gp, -46(t5)
core   0: 3 0x8000f032 (0xfc3f2923) mem 0x80010000 0x00000001
core   0: 0x8000f036 (0x0000bfe5) c.j     pc - 8
core   0: 3 0x8000f036 (0xbfe5)
core   0: 0x8000f02e (0x00001f17) auipc   t5, 0x1
core   0: 3 0x8000f02e (0x00001f17) x30 0x8001002e
core   0: 0x8000f032 (0xfc3f2923) sw      gp, -46(t5)
core   0: 3 0x8000f032 (0xfc3f2923) mem 0x80010000 0x00000001
core   0: 0x8000f036 (0x0000bfe5) c.j     pc - 8
core   0: 3 0x8000f036 (0xbfe5)
core   0: 0x8000f02e (0x00001f17) auipc   t5, 0x1
core   0: 3 0x8000f02e (0x00001f17) x30 0x8001002e
core   0: 0x8000f032 (0xfc3f2923) sw      gp, -46(t5)
core   0: 3 0x8000f032 (0xfc3f2923) mem 0x80010000 0x00000001
core   0: 0x8000f036 (0x0000bfe5) c.j     pc - 8
core   0: 3 0x8000f036 (0xbfe5)
core   0: 0x8000f02e (0x00001f17) auipc   t5, 0x1
core   0: 3 0x8000f02e (0x00001f17) x30 0x8001002e
core   0: 0x8000f032 (0xfc3f2923) sw      gp, -46(t5)
core   0: 3 0x8000f032 (0xfc3f2923) mem 0x80010000 0x00000001
core   0: 0x8000f036 (0x0000bfe5) c.j     pc - 8
core   0: 3 0x8000f036 (0xbfe5)
core   0: 0x8000f02e (0x00001f17) auipc   t5, 0x1
core   0: 3 0x8000f02e (0x00001f17) x30 0x8001002e
core   0: 0x8000f032 (0xfc3f2923) sw      gp, -46(t5)
core   0: 3 0x8000f032 (0xfc3f2923) mem 0x80010000 0x00000001
core   0: 0x8000f036 (0x0000bfe5) c.j     pc - 8
core   0: 3 0x8000f036 (0xbfe5)
core   0: 0x8000f02e (0x00001f17) auipc   t5, 0x1
core   0: 3 0x8000f02e (0x00001f17) x30 0x8001002e
core   0: 0x8000f032 (0xfc3f2923) sw      gp, -46(t5)
core   0: 3 0x8000f032 (0xfc3f2923) mem 0x80010000 0x00000001
core   0: 0x8000f036 (0x0000bfe5) c.j     pc - 8
core   0: 3 0x8000f036 (0xbfe5)
core   0: 0x8000f02e (0x00001f17) auipc   t5, 0x1
core   0: 3 0x8000f02e (0x00001f17) x30 0x8001002e
core   0: 0x8000f032 (0xfc3f2923) sw      gp, -46(t5)
core   0: 3 0x8000f032 (0xfc3f2923) mem 0x80010000 0x00000001
core   0: 0x8000f036 (0x0000bfe5) c.j     pc - 8
core   0: 3 0x8000f036 (0xbfe5)
core   0: 0x8000f02e (0x00001f17) auipc   t5, 0x1
core   0: 3 0x8000f02e (0x00001f17) x30 0x8001002e
core   0: 0x8000f032 (0xfc3f2923) sw      gp, -46(t5)
core   0: 3 0x8000f032 (0xfc3f2923) mem 0x80010000 0x00000001
core   0: 0x8000f036 (0x0000bfe5) c.j     pc - 8
core   0: 3 0x8000f036 (0xbfe5)
core   0: 0x8000f02e (0x00001f17) auipc   t5, 0x1
core   0: 3 0x8000f02e (0x00001f17) x30 0x8001002e
core   0: 0x8000f032 (0xfc3f2923) sw      gp, -46(t5)
core   0: 3 0x8000f032 (0xfc3f2923) mem 0x80010000 0x00000001
core   0: 0x8000f036 (0x0000bfe5) c.j     pc - 8
core   0: 3 0x8000f036 (0xbfe5)
core   0: 0x8000f02e (0x00001f17) auipc   t5, 0x1
core   0: 3 0x8000f02e (0x00001f17) x30 0x8001002e
core   0: 0x8000f032 (0xfc3f2923) sw      gp, -46(t5)
core   0: 3 0x8000f032 (0xfc3f2923) mem 0x80010000 0x00000001
core   0: 0x8000f036 (0x0000bfe5) c.j     pc - 8
core   0: 3 0x8000f036 (0xbfe5)
core   0: 0x8000f02e (0x00001f17) auipc   t5, 0x1
core   0: 3 0x8000f02e (0x00001f17) x30 0x8001002e
core   0: 0x8000f032 (0xfc3f2923) sw      gp, -46(t5)
core   0: 3 0x8000f032 (0xfc3f2923) mem 0x80010000 0x00000001
core   0: 0x8000f036 (0x0000bfe5) c.j     pc - 8
core   0: 3 0x8000f036 (0xbfe5)
core   0: 0x8000f02e (0x00001f17) auipc   t5, 0x1
core   0: 3 0x8000f02e (0x00001f17) x30 0x8001002e
core   0: 0x8000f032 (0xfc3f2923) sw      gp, -46(t5)
core   0: 3 0x8000f032 (0xfc3f2923) mem 0x80010000 0x00000001
core   0: 0x8000f036 (0x0000bfe5) c.j     pc - 8
core   0: 3 0x8000f036 (0xbfe5)
core   0: 0x8000f02e (0x00001f17) auipc   t5, 0x1
core   0: 3 0x8000f02e (0x00001f17) x30 0x8001002e
core   0: 0x8000f032 (0xfc3f2923) sw      gp, -46(t5)
core   0: 3 0x8000f032 (0xfc3f2923) mem 0x80010000 0x00000001
core   0: 0x8000f036 (0x0000bfe5) c.j     pc - 8
core   0: 3 0x8000f036 (0xbfe5)
core   0: 0x8000f02e (0x00001f17) auipc   t5, 0x1
core   0: 3 0x8000f02e (0x00001f17) x30 0x8001002e
core   0: 0x8000f032 (0xfc3f2923) sw      gp, -46(t5)
core   0: 3 0x8000f032 (0xfc3f2923) mem 0x80010000 0x00000001
core   0: 0x8000f036 (0x0000bfe5) c.j     pc - 8
core   0: 3 0x8000f036 (0xbfe5)
core   0: 0x8000f02e (0x00001f17) auipc   t5, 0x1
core   0: 3 0x8000f02e (0x00001f17) x30 0x8001002e
core   0: 0x8000f032 (0xfc3f2923) sw      gp, -46(t5)
core   0: 3 0x8000f032 (0xfc3f2923) mem 0x80010000 0x00000001
core   0: 0x8000f036 (0x0000bfe5) c.j     pc - 8
core   0: 3 0x8000f036 (0xbfe5)
core   0: 0x8000f02e (0x00001f17) auipc   t5, 0x1
core   0: 3 0x8000f02e (0x00001f17) x30 0x8001002e
core   0: 0x8000f032 (0xfc3f2923) sw      gp, -46(t5)
core   0: 3 0x8000f032 (0xfc3f2923) mem 0x80010000 0x00000001
core   0: 0x8000f036 (0x0000bfe5) c.j     pc - 8
core   0: 3 0x8000f036 (0xbfe5)
core   0: 0x8000f02e (0x00001f17) auipc   t5, 0x1
core   0: 3 0x8000f02e (0x00001f17) x30 0x8001002e
core   0: 0x8000f032 (0xfc3f2923) sw      gp, -46(t5)
core   0: 3 0x8000f032 (0xfc3f2923) mem 0x80010000 0x00000001
core   0: 0x8000f036 (0x0000bfe5) c.j     pc - 8
core   0: 3 0x8000f036 (0xbfe5)
core   0: 0x8000f02e (0x00001f17) auipc   t5, 0x1
core   0: 3 0x8000f02e (0x00001f17) x30 0x8001002e
core   0: 0x8000f032 (0xfc3f2923) sw      gp, -46(t5)
core   0: 3 0x8000f032 (0xfc3f2923) mem 0x80010000 0x00000001
core   0: 0x8000f036 (0x0000bfe5) c.j     pc - 8
core   0: 3 0x8000f036 (0xbfe5)
core   0: 0x8000f02e (0x00001f17) auipc   t5, 0x1
core   0: 3 0x8000f02e (0x00001f17) x30 0x8001002e
core   0: 0x8000f032 (0xfc3f2923) sw      gp, -46(t5)
core   0: 3 0x8000f032 (0xfc3f2923) mem 0x80010000 0x00000001
core   0: 0x8000f036 (0x0000bfe5) c.j     pc - 8
core   0: 3 0x8000f036 (0xbfe5)
core   0: 0x8000f02e (0x00001f17) auipc   t5, 0x1
core   0: 3 0x8000f02e (0x00001f17) x30 0x8001002e
core   0: 0x8000f032 (0xfc3f2923) sw      gp, -46(t5)
core   0: 3 0x8000f032 (0xfc3f2923) mem 0x80010000 0x00000001
core   0: 0x8000f036 (0x0000bfe5) c.j     pc - 8
core   0: 3 0x8000f036 (0xbfe5)
core   0: 0x8000f02e (0x00001f17) auipc   t5, 0x1
core   0: 3 0x8000f02e (0x00001f17) x30 0x8001002e
core   0: 0x8000f032 (0xfc3f2923) sw      gp, -46(t5)
core   0: 3 0x8000f032 (0xfc3f2923) mem 0x80010000 0x00000001
core   0: 0x8000f036 (0x0000bfe5) c.j     pc - 8
core   0: 3 0x8000f036 (0xbfe5)
core   0: 0x8000f02e (0x00001f17) auipc   t5, 0x1
core   0: 3 0x8000f02e (0x00001f17) x30 0x8001002e
core   0: 0x8000f032 (0xfc3f2923) sw      gp, -46(t5)
core   0: 3 0x8000f032 (0xfc3f2923) mem 0x80010000 0x00000001
core   0: 0x8000f036 (0x0000bfe5) c.j     pc - 8
core   0: 3 0x8000f036 (0xbfe5)
core   0: 0x8000f02e (0x00001f17) auipc   t5, 0x1
core   0: 3 0x8000f02e (0x00001f17) x30 0x8001002e
core   0: 0x8000f032 (0xfc3f2923) sw      gp, -46(t5)
core   0: 3 0x8000f032 (0xfc3f2923) mem 0x80010000 0x00000001
core   0: 0x8000f036 (0x0000bfe5) c.j     pc - 8
core   0: 3 0x8000f036 (0xbfe5)
core   0: 0x8000f02e (0x00001f17) auipc   t5, 0x1
core   0: 3 0x8000f02e (0x00001f17) x30 0x8001002e
core   0: 0x8000f032 (0xfc3f2923) sw      gp, -46(t5)
core   0: 3 0x8000f032 (0xfc3f2923) mem 0x80010000 0x00000001
core   0: 0x8000f036 (0x0000bfe5) c.j     pc - 8
core   0: 3 0x8000f036 (0xbfe5)
core   0: 0x8000f02e (0x00001f17) auipc   t5, 0x1
core   0: 3 0x8000f02e (0x00001f17) x30 0x8001002e
core   0: 0x8000f032 (0xfc3f2923) sw      gp, -46(t5)
core   0: 3 0x8000f032 (0xfc3f2923) mem 0x80010000 0x00000001
core   0: 0x8000f036 (0x0000bfe5) c.j     pc - 8
core   0: 3 0x8000f036 (0xbfe5)
core   0: 0x8000f02e (0x00001f17) auipc   t5, 0x1
core   0: 3 0x8000f02e (0x00001f17) x30 0x8001002e
core   0: 0x8000f032 (0xfc3f2923) sw      gp, -46(t5)
core   0: 3 0x8000f032 (0xfc3f2923) mem 0x80010000 0x00000001
core   0: 0x8000f036 (0x0000bfe5) c.j     pc - 8
core   0: 3 0x8000f036 (0xbfe5)
core   0: 0x8000f02e (0x00001f17) auipc   t5, 0x1
core   0: 3 0x8000f02e (0x00001f17) x30 0x8001002e
core   0: 0x8000f032 (0xfc3f2923) sw      gp, -46(t5)
core   0: 3 0x8000f032 (0xfc3f2923) mem 0x80010000 0x00000001
core   0: 0x8000f036 (0x0000bfe5) c.j     pc - 8
core   0: 3 0x8000f036 (0xbfe5)
core   0: 0x8000f02e (0x00001f17) auipc   t5, 0x1
core   0: 3 0x8000f02e (0x00001f17) x30 0x8001002e
core   0: 0x8000f032 (0xfc3f2923) sw      gp, -46(t5)
core   0: 3 0x8000f032 (0xfc3f2923) mem 0x80010000 0x00000001
core   0: 0x8000f036 (0x0000bfe5) c.j     pc - 8
core   0: 3 0x8000f036 (0xbfe5)
core   0: 0x8000f02e (0x00001f17) auipc   t5, 0x1
core   0: 3 0x8000f02e (0x00001f17) x30 0x8001002e
core   0: 0x8000f032 (0xfc3f2923) sw      gp, -46(t5)
core   0: 3 0x8000f032 (0xfc3f2923) mem 0x80010000 0x00000001
core   0: 0x8000f036 (0x0000bfe5) c.j     pc - 8
core   0: 3 0x8000f036 (0xbfe5)
core   0: 0x8000f02e (0x00001f17) auipc   t5, 0x1
core   0: 3 0x8000f02e (0x00001f17) x30 0x8001002e
core   0: 0x8000f032 (0xfc3f2923) sw      gp, -46(t5)
core   0: 3 0x8000f032 (0xfc3f2923) mem 0x80010000 0x00000001
core   0: 0x8000f036 (0x0000bfe5) c.j     pc - 8
core   0: 3 0x8000f036 (0xbfe5)
core   0: 0x8000f02e (0x00001f17) auipc   t5, 0x1
core   0: 3 0x8000f02e (0x00001f17) x30 0x8001002e
core   0: 0x8000f032 (0xfc3f2923) sw      gp, -46(t5)
core   0: 3 0x8000f032 (0xfc3f2923) mem 0x80010000 0x00000001
core   0: 0x8000f036 (0x0000bfe5) c.j     pc - 8
core   0: 3 0x8000f036 (0xbfe5)
core   0: 0x8000f02e (0x00001f17) auipc   t5, 0x1
core   0: 3 0x8000f02e (0x00001f17) x30 0x8001002e
core   0: 0x8000f032 (0xfc3f2923) sw      gp, -46(t5)
core   0: 3 0x8000f032 (0xfc3f2923) mem 0x80010000 0x00000001
core   0: 0x8000f036 (0x0000bfe5) c.j     pc - 8
core   0: 3 0x8000f036 (0xbfe5)
core   0: 0x8000f02e (0x00001f17) auipc   t5, 0x1
core   0: 3 0x8000f02e (0x00001f17) x30 0x8001002e
core   0: 0x8000f032 (0xfc3f2923) sw      gp, -46(t5)
core   0: 3 0x8000f032 (0xfc3f2923) mem 0x80010000 0x00000001
core   0: 0x8000f036 (0x0000bfe5) c.j     pc - 8
core   0: 3 0x8000f036 (0xbfe5)
core   0: 0x8000f02e (0x00001f17) auipc   t5, 0x1
core   0: 3 0x8000f02e (0x00001f17) x30 0x8001002e
core   0: 0x8000f032 (0xfc3f2923) sw      gp, -46(t5)
core   0: 3 0x8000f032 (0xfc3f2923) mem 0x80010000 0x00000001
core   0: 0x8000f036 (0x0000bfe5) c.j     pc - 8
core   0: 3 0x8000f036 (0xbfe5)
core   0: 0x8000f02e (0x00001f17) auipc   t5, 0x1
core   0: 3 0x8000f02e (0x00001f17) x30 0x8001002e
core   0: 0x8000f032 (0xfc3f2923) sw      gp, -46(t5)
core   0: 3 0x8000f032 (0xfc3f2923) mem 0x80010000 0x00000001
core   0: 0x8000f036 (0x0000bfe5) c.j     pc - 8
core   0: 3 0x8000f036 (0xbfe5)
core   0: 0x8000f02e (0x00001f17) auipc   t5, 0x1
core   0: 3 0x8000f02e (0x00001f17) x30 0x8001002e
core   0: 0x8000f032 (0xfc3f2923) sw      gp, -46(t5)
core   0: 3 0x8000f032 (0xfc3f2923) mem 0x80010000 0x00000001
core   0: 0x8000f036 (0x0000bfe5) c.j     pc - 8
core   0: 3 0x8000f036 (0xbfe5)
core   0: 0x8000f02e (0x00001f17) auipc   t5, 0x1
core   0: 3 0x8000f02e (0x00001f17) x30 0x8001002e
core   0: 0x8000f032 (0xfc3f2923) sw      gp, -46(t5)
core   0: 3 0x8000f032 (0xfc3f2923) mem 0x80010000 0x00000001
core   0: 0x8000f036 (0x0000bfe5) c.j     pc - 8
core   0: 3 0x8000f036 (0xbfe5)
core   0: 0x8000f02e (0x00001f17) auipc   t5, 0x1
core   0: 3 0x8000f02e (0x00001f17) x30 0x8001002e
core   0: 0x8000f032 (0xfc3f2923) sw      gp, -46(t5)
core   0: 3 0x8000f032 (0xfc3f2923) mem 0x80010000 0x00000001
core   0: 0x8000f036 (0x0000bfe5) c.j     pc - 8
core   0: 3 0x8000f036 (0xbfe5)
core   0: 0x8000f02e (0x00001f17) auipc   t5, 0x1
core   0: 3 0x8000f02e (0x00001f17) x30 0x8001002e
core   0: 0x8000f032 (0xfc3f2923) sw      gp, -46(t5)
core   0: 3 0x8000f032 (0xfc3f2923) mem 0x80010000 0x00000001
core   0: 0x8000f036 (0x0000bfe5) c.j     pc - 8
core   0: 3 0x8000f036 (0xbfe5)
core   0: 0x8000f02e (0x00001f17) auipc   t5, 0x1
core   0: 3 0x8000f02e (0x00001f17) x30 0x8001002e
core   0: 0x8000f032 (0xfc3f2923) sw      gp, -46(t5)
core   0: 3 0x8000f032 (0xfc3f2923) mem 0x80010000 0x00000001
core   0: 0x8000f036 (0x0000bfe5) c.j     pc - 8
core   0: 3 0x8000f036 (0xbfe5)
core   0: 0x8000f02e (0x00001f17) auipc   t5, 0x1
core   0: 3 0x8000f02e (0x00001f17) x30 0x8001002e
core   0: 0x8000f032 (0xfc3f2923) sw      gp, -46(t5)
core   0: 3 0x8000f032 (0xfc3f2923) mem 0x80010000 0x00000001
core   0: 0x8000f036 (0x0000bfe5) c.j     pc - 8
core   0: 3 0x8000f036 (0xbfe5)
core   0: 0x8000f02e (0x00001f17) auipc   t5, 0x1
core   0: 3 0x8000f02e (0x00001f17) x30 0x8001002e
core   0: 0x8000f032 (0xfc3f2923) sw      gp, -46(t5)
core   0: 3 0x8000f032 (0xfc3f2923) mem 0x80010000 0x00000001
core   0: 0x8000f036 (0x0000bfe5) c.j     pc - 8
core   0: 3 0x8000f036 (0xbfe5)
core   0: 0x8000f02e (0x00001f17) auipc   t5, 0x1
core   0: 3 0x8000f02e (0x00001f17) x30 0x8001002e
core   0: 0x8000f032 (0xfc3f2923) sw      gp, -46(t5)
core   0: 3 0x8000f032 (0xfc3f2923) mem 0x80010000 0x00000001
core   0: 0x8000f036 (0x0000bfe5) c.j     pc - 8
core   0: 3 0x8000f036 (0xbfe5)
core   0: 0x8000f02e (0x00001f17) auipc   t5, 0x1
core   0: 3 0x8000f02e (0x00001f17) x30 0x8001002e
core   0: 0x8000f032 (0xfc3f2923) sw      gp, -46(t5)
core   0: 3 0x8000f032 (0xfc3f2923) mem 0x80010000 0x00000001
core   0: 0x8000f036 (0x0000bfe5) c.j     pc - 8
core   0: 3 0x8000f036 (0xbfe5)
core   0: 0x8000f02e (0x00001f17) auipc   t5, 0x1
core   0: 3 0x8000f02e (0x00001f17) x30 0x8001002e
core   0: 0x8000f032 (0xfc3f2923) sw      gp, -46(t5)
core   0: 3 0x8000f032 (0xfc3f2923) mem 0x80010000 0x00000001
core   0: 0x8000f036 (0x0000bfe5) c.j     pc - 8
core   0: 3 0x8000f036 (0xbfe5)
core   0: 0x8000f02e (0x00001f17) auipc   t5, 0x1
core   0: 3 0x8000f02e (0x00001f17) x30 0x8001002e
core   0: 0x8000f032 (0xfc3f2923) sw      gp, -46(t5)
core   0: 3 0x8000f032 (0xfc3f2923) mem 0x80010000 0x00000001
core   0: 0x8000f036 (0x0000bfe5) c.j     pc - 8
core   0: 3 0x8000f036 (0xbfe5)
core   0: 0x8000f02e (0x00001f17) auipc   t5, 0x1
core   0: 3 0x8000f02e (0x00001f17) x30 0x8001002e
core   0: 0x8000f032 (0xfc3f2923) sw      gp, -46(t5)
core   0: 3 0x8000f032 (0xfc3f2923) mem 0x80010000 0x00000001
core   0: 0x8000f036 (0x0000bfe5) c.j     pc - 8
core   0: 3 0x8000f036 (0xbfe5)
core   0: 0x8000f02e (0x00001f17) auipc   t5, 0x1
core   0: 3 0x8000f02e (0x00001f17) x30 0x8001002e
core   0: 0x8000f032 (0xfc3f2923) sw      gp, -46(t5)
core   0: 3 0x8000f032 (0xfc3f2923) mem 0x80010000 0x00000001
core   0: 0x8000f036 (0x0000bfe5) c.j     pc - 8
core   0: 3 0x8000f036 (0xbfe5)
core   0: 0x8000f02e (0x00001f17) auipc   t5, 0x1
core   0: 3 0x8000f02e (0x00001f17) x30 0x8001002e
core   0: 0x8000f032 (0xfc3f2923) sw      gp, -46(t5)
core   0: 3 0x8000f032 (0xfc3f2923) mem 0x80010000 0x00000001
core   0: 0x8000f036 (0x0000bfe5) c.j     pc - 8
core   0: 3 0x8000f036 (0xbfe5)
core   0: 0x8000f02e (0x00001f17) auipc   t5, 0x1
core   0: 3 0x8000f02e (0x00001f17) x30 0x8001002e
core   0: 0x8000f032 (0xfc3f2923) sw      gp, -46(t5)
core   0: 3 0x8000f032 (0xfc3f2923) mem 0x80010000 0x00000001
core   0: 0x8000f036 (0x0000bfe5) c.j     pc - 8
core   0: 3 0x8000f036 (0xbfe5)
core   0: 0x8000f02e (0x00001f17) auipc   t5, 0x1
core   0: 3 0x8000f02e (0x00001f17) x30 0x8001002e
core   0: 0x8000f032 (0xfc3f2923) sw      gp, -46(t5)
core   0: 3 0x8000f032 (0xfc3f2923) mem 0x80010000 0x00000001
core   0: 0x8000f036 (0x0000bfe5) c.j     pc - 8
core   0: 3 0x8000f036 (0xbfe5)
core   0: 0x8000f02e (0x00001f17) auipc   t5, 0x1
core   0: 3 0x8000f02e (0x00001f17) x30 0x8001002e
core   0: 0x8000f032 (0xfc3f2923) sw      gp, -46(t5)
core   0: 3 0x8000f032 (0xfc3f2923) mem 0x80010000 0x00000001
core   0: 0x8000f036 (0x0000bfe5) c.j     pc - 8
core   0: 3 0x8000f036 (0xbfe5)
core   0: 0x8000f02e (0x00001f17) auipc   t5, 0x1
core   0: 3 0x8000f02e (0x00001f17) x30 0x8001002e
core   0: 0x8000f032 (0xfc3f2923) sw      gp, -46(t5)
core   0: 3 0x8000f032 (0xfc3f2923) mem 0x80010000 0x00000001
core   0: 0x8000f036 (0x0000bfe5) c.j     pc - 8
core   0: 3 0x8000f036 (0xbfe5)
core   0: 0x8000f02e (0x00001f17) auipc   t5, 0x1
core   0: 3 0x8000f02e (0x00001f17) x30 0x8001002e
core   0: 0x8000f032 (0xfc3f2923) sw      gp, -46(t5)
core   0: 3 0x8000f032 (0xfc3f2923) mem 0x80010000 0x00000001
core   0: 0x8000f036 (0x0000bfe5) c.j     pc - 8
core   0: 3 0x8000f036 (0xbfe5)
core   0: 0x8000f02e (0x00001f17) auipc   t5, 0x1
core   0: 3 0x8000f02e (0x00001f17) x30 0x8001002e
core   0: 0x8000f032 (0xfc3f2923) sw      gp, -46(t5)
core   0: 3 0x8000f032 (0xfc3f2923) mem 0x80010000 0x00000001
core   0: 0x8000f036 (0x0000bfe5) c.j     pc - 8
core   0: 3 0x8000f036 (0xbfe5)
core   0: 0x8000f02e (0x00001f17) auipc   t5, 0x1
core   0: 3 0x8000f02e (0x00001f17) x30 0x8001002e
core   0: 0x8000f032 (0xfc3f2923) sw      gp, -46(t5)
core   0: 3 0x8000f032 (0xfc3f2923) mem 0x80010000 0x00000001
core   0: 0x8000f036 (0x0000bfe5) c.j     pc - 8
core   0: 3 0x8000f036 (0xbfe5)
core   0: 0x8000f02e (0x00001f17) auipc   t5, 0x1
core   0: 3 0x8000f02e (0x00001f17) x30 0x8001002e
core   0: 0x8000f032 (0xfc3f2923) sw      gp, -46(t5)
core   0: 3 0x8000f032 (0xfc3f2923) mem 0x80010000 0x00000001
core   0: 0x8000f036 (0x0000bfe5) c.j     pc - 8
core   0: 3 0x8000f036 (0xbfe5)
core   0: 0x8000f02e (0x00001f17) auipc   t5, 0x1
core   0: 3 0x8000f02e (0x00001f17) x30 0x8001002e
core   0: 0x8000f032 (0xfc3f2923) sw      gp, -46(t5)
core   0: 3 0x8000f032 (0xfc3f2923) mem 0x80010000 0x00000001
core   0: 0x8000f036 (0x0000bfe5) c.j     pc - 8
core   0: 3 0x8000f036 (0xbfe5)
core   0: 0x8000f02e (0x00001f17) auipc   t5, 0x1
core   0: 3 0x8000f02e (0x00001f17) x30 0x8001002e
core   0: 0x8000f032 (0xfc3f2923) sw      gp, -46(t5)
core   0: 3 0x8000f032 (0xfc3f2923) mem 0x80010000 0x00000001
core   0: 0x8000f036 (0x0000bfe5) c.j     pc - 8
core   0: 3 0x8000f036 (0xbfe5)
core   0: 0x8000f02e (0x00001f17) auipc   t5, 0x1
core   0: 3 0x8000f02e (0x00001f17) x30 0x8001002e
core   0: 0x8000f032 (0xfc3f2923) sw      gp, -46(t5)
core   0: 3 0x8000f032 (0xfc3f2923) mem 0x80010000 0x00000001
core   0: 0x8000f036 (0x0000bfe5) c.j     pc - 8
core   0: 3 0x8000f036 (0xbfe5)
core   0: 0x8000f02e (0x00001f17) auipc   t5, 0x1
core   0: 3 0x8000f02e (0x00001f17) x30 0x8001002e
core   0: 0x8000f032 (0xfc3f2923) sw      gp, -46(t5)
core   0: 3 0x8000f032 (0xfc3f2923) mem 0x80010000 0x00000001
core   0: 0x8000f036 (0x0000bfe5) c.j     pc - 8
core   0: 3 0x8000f036 (0xbfe5)
core   0: 0x8000f02e (0x00001f17) auipc   t5, 0x1
core   0: 3 0x8000f02e (0x00001f17) x30 0x8001002e
core   0: 0x8000f032 (0xfc3f2923) sw      gp, -46(t5)
core   0: 3 0x8000f032 (0xfc3f2923) mem 0x80010000 0x00000001
core   0: 0x8000f036 (0x0000bfe5) c.j     pc - 8
core   0: 3 0x8000f036 (0xbfe5)
core   0: 0x8000f02e (0x00001f17) auipc   t5, 0x1
core   0: 3 0x8000f02e (0x00001f17) x30 0x8001002e
core   0: 0x8000f032 (0xfc3f2923) sw      gp, -46(t5)
core   0: 3 0x8000f032 (0xfc3f2923) mem 0x80010000 0x00000001
core   0: 0x8000f036 (0x0000bfe5) c.j     pc - 8
core   0: 3 0x8000f036 (0xbfe5)
core   0: 0x8000f02e (0x00001f17) auipc   t5, 0x1
core   0: 3 0x8000f02e (0x00001f17) x30 0x8001002e
core   0: 0x8000f032 (0xfc3f2923) sw      gp, -46(t5)
core   0: 3 0x8000f032 (0xfc3f2923) mem 0x80010000 0x00000001
core   0: 0x8000f036 (0x0000bfe5) c.j     pc - 8
core   0: 3 0x8000f036 (0xbfe5)
core   0: 0x8000f02e (0x00001f17) auipc   t5, 0x1
core   0: 3 0x8000f02e (0x00001f17) x30 0x8001002e
core   0: 0x8000f032 (0xfc3f2923) sw      gp, -46(t5)
core   0: 3 0x8000f032 (0xfc3f2923) mem 0x80010000 0x00000001
core   0: 0x8000f036 (0x0000bfe5) c.j     pc - 8
core   0: 3 0x8000f036 (0xbfe5)
core   0: 0x8000f02e (0x00001f17) auipc   t5, 0x1
core   0: 3 0x8000f02e (0x00001f17) x30 0x8001002e
core   0: 0x8000f032 (0xfc3f2923) sw      gp, -46(t5)
core   0: 3 0x8000f032 (0xfc3f2923) mem 0x80010000 0x00000001
core   0: 0x8000f036 (0x0000bfe5) c.j     pc - 8
core   0: 3 0x8000f036 (0xbfe5)
core   0: 0x8000f02e (0x00001f17) auipc   t5, 0x1
core   0: 3 0x8000f02e (0x00001f17) x30 0x8001002e
core   0: 0x8000f032 (0xfc3f2923) sw      gp, -46(t5)
core   0: 3 0x8000f032 (0xfc3f2923) mem 0x80010000 0x00000001
core   0: 0x8000f036 (0x0000bfe5) c.j     pc - 8
core   0: 3 0x8000f036 (0xbfe5)
core   0: 0x8000f02e (0x00001f17) auipc   t5, 0x1
core   0: 3 0x8000f02e (0x00001f17) x30 0x8001002e
core   0: 0x8000f032 (0xfc3f2923) sw      gp, -46(t5)
core   0: 3 0x8000f032 (0xfc3f2923) mem 0x80010000 0x00000001
core   0: 0x8000f036 (0x0000bfe5) c.j     pc - 8
core   0: 3 0x8000f036 (0xbfe5)
core   0: 0x8000f02e (0x00001f17) auipc   t5, 0x1
core   0: 3 0x8000f02e (0x00001f17) x30 0x8001002e
core   0: 0x8000f032 (0xfc3f2923) sw      gp, -46(t5)
core   0: 3 0x8000f032 (0xfc3f2923) mem 0x80010000 0x00000001
core   0: 0x8000f036 (0x0000bfe5) c.j     pc - 8
core   0: 3 0x8000f036 (0xbfe5)
core   0: 0x8000f02e (0x00001f17) auipc   t5, 0x1
core   0: 3 0x8000f02e (0x00001f17) x30 0x8001002e
core   0: 0x8000f032 (0xfc3f2923) sw      gp, -46(t5)
core   0: 3 0x8000f032 (0xfc3f2923) mem 0x80010000 0x00000001
core   0: 0x8000f036 (0x0000bfe5) c.j     pc - 8
core   0: 3 0x8000f036 (0xbfe5)
core   0: 0x8000f02e (0x00001f17) auipc   t5, 0x1
core   0: 3 0x8000f02e (0x00001f17) x30 0x8001002e
core   0: 0x8000f032 (0xfc3f2923) sw      gp, -46(t5)
core   0: 3 0x8000f032 (0xfc3f2923) mem 0x80010000 0x00000001
core   0: 0x8000f036 (0x0000bfe5) c.j     pc - 8
core   0: 3 0x8000f036 (0xbfe5)
core   0: 0x8000f02e (0x00001f17) auipc   t5, 0x1
core   0: 3 0x8000f02e (0x00001f17) x30 0x8001002e
core   0: 0x8000f032 (0xfc3f2923) sw      gp, -46(t5)
core   0: 3 0x8000f032 (0xfc3f2923) mem 0x80010000 0x00000001
core   0: 0x8000f036 (0x0000bfe5) c.j     pc - 8
core   0: 3 0x8000f036 (0xbfe5)
core   0: 0x8000f02e (0x00001f17) auipc   t5, 0x1
core   0: 3 0x8000f02e (0x00001f17) x30 0x8001002e
core   0: 0x8000f032 (0xfc3f2923) sw      gp, -46(t5)
core   0: 3 0x8000f032 (0xfc3f2923) mem 0x80010000 0x00000001
core   0: 0x8000f036 (0x0000bfe5) c.j     pc - 8
core   0: 3 0x8000f036 (0xbfe5)
core   0: 0x8000f02e (0x00001f17) auipc   t5, 0x1
core   0: 3 0x8000f02e (0x00001f17) x30 0x8001002e
core   0: 0x8000f032 (0xfc3f2923) sw      gp, -46(t5)
core   0: 3 0x8000f032 (0xfc3f2923) mem 0x80010000 0x00000001
core   0: 0x8000f036 (0x0000bfe5) c.j     pc - 8
core   0: 3 0x8000f036 (0xbfe5)
core   0: 0x8000f02e (0x00001f17) auipc   t5, 0x1
core   0: 3 0x8000f02e (0x00001f17) x30 0x8001002e
core   0: 0x8000f032 (0xfc3f2923) sw      gp, -46(t5)
core   0: 3 0x8000f032 (0xfc3f2923) mem 0x80010000 0x00000001
core   0: 0x8000f036 (0x0000bfe5) c.j     pc - 8
core   0: 3 0x8000f036 (0xbfe5)
core   0: 0x8000f02e (0x00001f17) auipc   t5, 0x1
core   0: 3 0x8000f02e (0x00001f17) x30 0x8001002e
core   0: 0x8000f032 (0xfc3f2923) sw      gp, -46(t5)
core   0: 3 0x8000f032 (0xfc3f2923) mem 0x80010000 0x00000001
core   0: 0x8000f036 (0x0000bfe5) c.j     pc - 8
core   0: 3 0x8000f036 (0xbfe5)
core   0: 0x8000f02e (0x00001f17) auipc   t5, 0x1
core   0: 3 0x8000f02e (0x00001f17) x30 0x8001002e
core   0: 0x8000f032 (0xfc3f2923) sw      gp, -46(t5)
core   0: 3 0x8000f032 (0xfc3f2923) mem 0x80010000 0x00000001
core   0: 0x8000f036 (0x0000bfe5) c.j     pc - 8
core   0: 3 0x8000f036 (0xbfe5)
core   0: 0x8000f02e (0x00001f17) auipc   t5, 0x1
core   0: 3 0x8000f02e (0x00001f17) x30 0x8001002e
core   0: 0x8000f032 (0xfc3f2923) sw      gp, -46(t5)
core   0: 3 0x8000f032 (0xfc3f2923) mem 0x80010000 0x00000001
core   0: 0x8000f036 (0x0000bfe5) c.j     pc - 8
core   0: 3 0x8000f036 (0xbfe5)
core   0: 0x8000f02e (0x00001f17) auipc   t5, 0x1
core   0: 3 0x8000f02e (0x00001f17) x30 0x8001002e
core   0: 0x8000f032 (0xfc3f2923) sw      gp, -46(t5)
core   0: 3 0x8000f032 (0xfc3f2923) mem 0x80010000 0x00000001
core   0: 0x8000f036 (0x0000bfe5) c.j     pc - 8
core   0: 3 0x8000f036 (0xbfe5)
core   0: 0x8000f02e (0x00001f17) auipc   t5, 0x1
core   0: 3 0x8000f02e (0x00001f17) x30 0x8001002e
core   0: 0x8000f032 (0xfc3f2923) sw      gp, -46(t5)
core   0: 3 0x8000f032 (0xfc3f2923) mem 0x80010000 0x00000001
core   0: 0x8000f036 (0x0000bfe5) c.j     pc - 8
core   0: 3 0x8000f036 (0xbfe5)
core   0: 0x8000f02e (0x00001f17) auipc   t5, 0x1
core   0: 3 0x8000f02e (0x00001f17) x30 0x8001002e
core   0: 0x8000f032 (0xfc3f2923) sw      gp, -46(t5)
core   0: 3 0x8000f032 (0xfc3f2923) mem 0x80010000 0x00000001
core   0: 0x8000f036 (0x0000bfe5) c.j     pc - 8
core   0: 3 0x8000f036 (0xbfe5)
core   0: 0x8000f02e (0x00001f17) auipc   t5, 0x1
core   0: 3 0x8000f02e (0x00001f17) x30 0x8001002e
core   0: 0x8000f032 (0xfc3f2923) sw      gp, -46(t5)
core   0: 3 0x8000f032 (0xfc3f2923) mem 0x80010000 0x00000001
core   0: 0x8000f036 (0x0000bfe5) c.j     pc - 8
core   0: 3 0x8000f036 (0xbfe5)
core   0: 0x8000f02e (0x00001f17) auipc   t5, 0x1
core   0: 3 0x8000f02e (0x00001f17) x30 0x8001002e
core   0: 0x8000f032 (0xfc3f2923) sw      gp, -46(t5)
core   0: 3 0x8000f032 (0xfc3f2923) mem 0x80010000 0x00000001
core   0: 0x8000f036 (0x0000bfe5) c.j     pc - 8
core   0: 3 0x8000f036 (0xbfe5)
core   0: 0x8000f02e (0x00001f17) auipc   t5, 0x1
core   0: 3 0x8000f02e (0x00001f17) x30 0x8001002e
core   0: 0x8000f032 (0xfc3f2923) sw      gp, -46(t5)
core   0: 3 0x8000f032 (0xfc3f2923) mem 0x80010000 0x00000001
core   0: 0x8000f036 (0x0000bfe5) c.j     pc - 8
core   0: 3 0x8000f036 (0xbfe5)
core   0: 0x8000f02e (0x00001f17) auipc   t5, 0x1
core   0: 3 0x8000f02e (0x00001f17) x30 0x8001002e
core   0: 0x8000f032 (0xfc3f2923) sw      gp, -46(t5)
core   0: 3 0x8000f032 (0xfc3f2923) mem 0x80010000 0x00000001
core   0: 0x8000f036 (0x0000bfe5) c.j     pc - 8
core   0: 3 0x8000f036 (0xbfe5)
core   0: 0x8000f02e (0x00001f17) auipc   t5, 0x1
core   0: 3 0x8000f02e (0x00001f17) x30 0x8001002e
core   0: 0x8000f032 (0xfc3f2923) sw      gp, -46(t5)
core   0: 3 0x8000f032 (0xfc3f2923) mem 0x80010000 0x00000001
core   0: 0x8000f036 (0x0000bfe5) c.j     pc - 8
core   0: 3 0x8000f036 (0xbfe5)
core   0: 0x8000f02e (0x00001f17) auipc   t5, 0x1
core   0: 3 0x8000f02e (0x00001f17) x30 0x8001002e
core   0: 0x8000f032 (0xfc3f2923) sw      gp, -46(t5)
core   0: 3 0x8000f032 (0xfc3f2923) mem 0x80010000 0x00000001
core   0: 0x8000f036 (0x0000bfe5) c.j     pc - 8
core   0: 3 0x8000f036 (0xbfe5)
core   0: 0x8000f02e (0x00001f17) auipc   t5, 0x1
core   0: 3 0x8000f02e (0x00001f17) x30 0x8001002e
core   0: 0x8000f032 (0xfc3f2923) sw      gp, -46(t5)
core   0: 3 0x8000f032 (0xfc3f2923) mem 0x80010000 0x00000001
core   0: 0x8000f036 (0x0000bfe5) c.j     pc - 8
core   0: 3 0x8000f036 (0xbfe5)
core   0: 0x8000f02e (0x00001f17) auipc   t5, 0x1
core   0: 3 0x8000f02e (0x00001f17) x30 0x8001002e
core   0: 0x8000f032 (0xfc3f2923) sw      gp, -46(t5)
core   0: 3 0x8000f032 (0xfc3f2923) mem 0x80010000 0x00000001
core   0: 0x8000f036 (0x0000bfe5) c.j     pc - 8
core   0: 3 0x8000f036 (0xbfe5)
core   0: 0x8000f02e (0x00001f17) auipc   t5, 0x1
core   0: 3 0x8000f02e (0x00001f17) x30 0x8001002e
core   0: 0x8000f032 (0xfc3f2923) sw      gp, -46(t5)
core   0: 3 0x8000f032 (0xfc3f2923) mem 0x80010000 0x00000001
core   0: 0x8000f036 (0x0000bfe5) c.j     pc - 8
core   0: 3 0x8000f036 (0xbfe5)
core   0: 0x8000f02e (0x00001f17) auipc   t5, 0x1
core   0: 3 0x8000f02e (0x00001f17) x30 0x8001002e
core   0: 0x8000f032 (0xfc3f2923) sw      gp, -46(t5)
core   0: 3 0x8000f032 (0xfc3f2923) mem 0x80010000 0x00000001
core   0: 0x8000f036 (0x0000bfe5) c.j     pc - 8
core   0: 3 0x8000f036 (0xbfe5)
core   0: 0x8000f02e (0x00001f17) auipc   t5, 0x1
core   0: 3 0x8000f02e (0x00001f17) x30 0x8001002e
core   0: 0x8000f032 (0xfc3f2923) sw      gp, -46(t5)
core   0: 3 0x8000f032 (0xfc3f2923) mem 0x80010000 0x00000001
core   0: 0x8000f036 (0x0000bfe5) c.j     pc - 8
core   0: 3 0x8000f036 (0xbfe5)
core   0: 0x8000f02e (0x00001f17) auipc   t5, 0x1
core   0: 3 0x8000f02e (0x00001f17) x30 0x8001002e
core   0: 0x8000f032 (0xfc3f2923) sw      gp, -46(t5)
core   0: 3 0x8000f032 (0xfc3f2923) mem 0x80010000 0x00000001
core   0: 0x8000f036 (0x0000bfe5) c.j     pc - 8
core   0: 3 0x8000f036 (0xbfe5)
core   0: 0x8000f02e (0x00001f17) auipc   t5, 0x1
core   0: 3 0x8000f02e (0x00001f17) x30 0x8001002e
core   0: 0x8000f032 (0xfc3f2923) sw      gp, -46(t5)
core   0: 3 0x8000f032 (0xfc3f2923) mem 0x80010000 0x00000001
core   0: 0x8000f036 (0x0000bfe5) c.j     pc - 8
core   0: 3 0x8000f036 (0xbfe5)
core   0: 0x8000f02e (0x00001f17) auipc   t5, 0x1
core   0: 3 0x8000f02e (0x00001f17) x30 0x8001002e
core   0: 0x8000f032 (0xfc3f2923) sw      gp, -46(t5)
core   0: 3 0x8000f032 (0xfc3f2923) mem 0x80010000 0x00000001
core   0: 0x8000f036 (0x0000bfe5) c.j     pc - 8
core   0: 3 0x8000f036 (0xbfe5)
core   0: 0x8000f02e (0x00001f17) auipc   t5, 0x1
core   0: 3 0x8000f02e (0x00001f17) x30 0x8001002e
core   0: 0x8000f032 (0xfc3f2923) sw      gp, -46(t5)
core   0: 3 0x8000f032 (0xfc3f2923) mem 0x80010000 0x00000001
core   0: 0x8000f036 (0x0000bfe5) c.j     pc - 8
core   0: 3 0x8000f036 (0xbfe5)
core   0: 0x8000f02e (0x00001f17) auipc   t5, 0x1
core   0: 3 0x8000f02e (0x00001f17) x30 0x8001002e
core   0: 0x8000f032 (0xfc3f2923) sw      gp, -46(t5)
core   0: 3 0x8000f032 (0xfc3f2923) mem 0x80010000 0x00000001
core   0: 0x8000f036 (0x0000bfe5) c.j     pc - 8
core   0: 3 0x8000f036 (0xbfe5)
core   0: 0x8000f02e (0x00001f17) auipc   t5, 0x1
core   0: 3 0x8000f02e (0x00001f17) x30 0x8001002e
core   0: 0x8000f032 (0xfc3f2923) sw      gp, -46(t5)
core   0: 3 0x8000f032 (0xfc3f2923) mem 0x80010000 0x00000001
core   0: 0x8000f036 (0x0000bfe5) c.j     pc - 8
core   0: 3 0x8000f036 (0xbfe5)
core   0: 0x8000f02e (0x00001f17) auipc   t5, 0x1
core   0: 3 0x8000f02e (0x00001f17) x30 0x8001002e
core   0: 0x8000f032 (0xfc3f2923) sw      gp, -46(t5)
core   0: 3 0x8000f032 (0xfc3f2923) mem 0x80010000 0x00000001
core   0: 0x8000f036 (0x0000bfe5) c.j     pc - 8
core   0: 3 0x8000f036 (0xbfe5)
core   0: 0x8000f02e (0x00001f17) auipc   t5, 0x1
core   0: 3 0x8000f02e (0x00001f17) x30 0x8001002e
core   0: 0x8000f032 (0xfc3f2923) sw      gp, -46(t5)
core   0: 3 0x8000f032 (0xfc3f2923) mem 0x80010000 0x00000001
core   0: 0x8000f036 (0x0000bfe5) c.j     pc - 8
core   0: 3 0x8000f036 (0xbfe5)
core   0: 0x8000f02e (0x00001f17) auipc   t5, 0x1
core   0: 3 0x8000f02e (0x00001f17) x30 0x8001002e
core   0: 0x8000f032 (0xfc3f2923) sw      gp, -46(t5)
core   0: 3 0x8000f032 (0xfc3f2923) mem 0x80010000 0x00000001
core   0: 0x8000f036 (0x0000bfe5) c.j     pc - 8
core   0: 3 0x8000f036 (0xbfe5)
core   0: 0x8000f02e (0x00001f17) auipc   t5, 0x1
core   0: 3 0x8000f02e (0x00001f17) x30 0x8001002e
core   0: 0x8000f032 (0xfc3f2923) sw      gp, -46(t5)
core   0: 3 0x8000f032 (0xfc3f2923) mem 0x80010000 0x00000001
core   0: 0x8000f036 (0x0000bfe5) c.j     pc - 8
core   0: 3 0x8000f036 (0xbfe5)
core   0: 0x8000f02e (0x00001f17) auipc   t5, 0x1
core   0: 3 0x8000f02e (0x00001f17) x30 0x8001002e
core   0: 0x8000f032 (0xfc3f2923) sw      gp, -46(t5)
core   0: 3 0x8000f032 (0xfc3f2923) mem 0x80010000 0x00000001
core   0: 0x8000f036 (0x0000bfe5) c.j     pc - 8
core   0: 3 0x8000f036 (0xbfe5)
core   0: 0x8000f02e (0x00001f17) auipc   t5, 0x1
core   0: 3 0x8000f02e (0x00001f17) x30 0x8001002e
core   0: 0x8000f032 (0xfc3f2923) sw      gp, -46(t5)
core   0: 3 0x8000f032 (0xfc3f2923) mem 0x80010000 0x00000001
core   0: 0x8000f036 (0x0000bfe5) c.j     pc - 8
core   0: 3 0x8000f036 (0xbfe5)
core   0: 0x8000f02e (0x00001f17) auipc   t5, 0x1
core   0: 3 0x8000f02e (0x00001f17) x30 0x8001002e
core   0: 0x8000f032 (0xfc3f2923) sw      gp, -46(t5)
core   0: 3 0x8000f032 (0xfc3f2923) mem 0x80010000 0x00000001
core   0: 0x8000f036 (0x0000bfe5) c.j     pc - 8
core   0: 3 0x8000f036 (0xbfe5)
core   0: 0x8000f02e (0x00001f17) auipc   t5, 0x1
core   0: 3 0x8000f02e (0x00001f17) x30 0x8001002e
core   0: 0x8000f032 (0xfc3f2923) sw      gp, -46(t5)
core   0: 3 0x8000f032 (0xfc3f2923) mem 0x80010000 0x00000001
core   0: 0x8000f036 (0x0000bfe5) c.j     pc - 8
core   0: 3 0x8000f036 (0xbfe5)
core   0: 0x8000f02e (0x00001f17) auipc   t5, 0x1
core   0: 3 0x8000f02e (0x00001f17) x30 0x8001002e
core   0: 0x8000f032 (0xfc3f2923) sw      gp, -46(t5)
core   0: 3 0x8000f032 (0xfc3f2923) mem 0x80010000 0x00000001
core   0: 0x8000f036 (0x0000bfe5) c.j     pc - 8
core   0: 3 0x8000f036 (0xbfe5)
core   0: 0x8000f02e (0x00001f17) auipc   t5, 0x1
core   0: 3 0x8000f02e (0x00001f17) x30 0x8001002e
core   0: 0x8000f032 (0xfc3f2923) sw      gp, -46(t5)
core   0: 3 0x8000f032 (0xfc3f2923) mem 0x80010000 0x00000001
core   0: 0x8000f036 (0x0000bfe5) c.j     pc - 8
core   0: 3 0x8000f036 (0xbfe5)
core   0: 0x8000f02e (0x00001f17) auipc   t5, 0x1
core   0: 3 0x8000f02e (0x00001f17) x30 0x8001002e
core   0: 0x8000f032 (0xfc3f2923) sw      gp, -46(t5)
core   0: 3 0x8000f032 (0xfc3f2923) mem 0x80010000 0x00000001
core   0: 0x8000f036 (0x0000bfe5) c.j     pc - 8
core   0: 3 0x8000f036 (0xbfe5)
core   0: 0x8000f02e (0x00001f17) auipc   t5, 0x1
core   0: 3 0x8000f02e (0x00001f17) x30 0x8001002e
core   0: 0x8000f032 (0xfc3f2923) sw      gp, -46(t5)
core   0: 3 0x8000f032 (0xfc3f2923) mem 0x80010000 0x00000001
core   0: 0x8000f036 (0x0000bfe5) c.j     pc - 8
core   0: 3 0x8000f036 (0xbfe5)
core   0: 0x8000f02e (0x00001f17) auipc   t5, 0x1
core   0: 3 0x8000f02e (0x00001f17) x30 0x8001002e
core   0: 0x8000f032 (0xfc3f2923) sw      gp, -46(t5)
core   0: 3 0x8000f032 (0xfc3f2923) mem 0x80010000 0x00000001
core   0: 0x8000f036 (0x0000bfe5) c.j     pc - 8
core   0: 3 0x8000f036 (0xbfe5)
core   0: 0x8000f02e (0x00001f17) auipc   t5, 0x1
core   0: 3 0x8000f02e (0x00001f17) x30 0x8001002e
core   0: 0x8000f032 (0xfc3f2923) sw      gp, -46(t5)
core   0: 3 0x8000f032 (0xfc3f2923) mem 0x80010000 0x00000001
core   0: 0x8000f036 (0x0000bfe5) c.j     pc - 8
core   0: 3 0x8000f036 (0xbfe5)
core   0: 0x8000f02e (0x00001f17) auipc   t5, 0x1
core   0: 3 0x8000f02e (0x00001f17) x30 0x8001002e
core   0: 0x8000f032 (0xfc3f2923) sw      gp, -46(t5)
core   0: 3 0x8000f032 (0xfc3f2923) mem 0x80010000 0x00000001
core   0: 0x8000f036 (0x0000bfe5) c.j     pc - 8
core   0: 3 0x8000f036 (0xbfe5)
core   0: 0x8000f02e (0x00001f17) auipc   t5, 0x1
core   0: 3 0x8000f02e (0x00001f17) x30 0x8001002e
core   0: 0x8000f032 (0xfc3f2923) sw      gp, -46(t5)
core   0: 3 0x8000f032 (0xfc3f2923) mem 0x80010000 0x00000001
core   0: 0x8000f036 (0x0000bfe5) c.j     pc - 8
core   0: 3 0x8000f036 (0xbfe5)
core   0: 0x8000f02e (0x00001f17) auipc   t5, 0x1
core   0: 3 0x8000f02e (0x00001f17) x30 0x8001002e
core   0: 0x8000f032 (0xfc3f2923) sw      gp, -46(t5)
core   0: 3 0x8000f032 (0xfc3f2923) mem 0x80010000 0x00000001
core   0: 0x8000f036 (0x0000bfe5) c.j     pc - 8
core   0: 3 0x8000f036 (0xbfe5)
core   0: 0x8000f02e (0x00001f17) auipc   t5, 0x1
core   0: 3 0x8000f02e (0x00001f17) x30 0x8001002e
core   0: 0x8000f032 (0xfc3f2923) sw      gp, -46(t5)
core   0: 3 0x8000f032 (0xfc3f2923) mem 0x80010000 0x00000001
core   0: 0x8000f036 (0x0000bfe5) c.j     pc - 8
core   0: 3 0x8000f036 (0xbfe5)
core   0: 0x8000f02e (0x00001f17) auipc   t5, 0x1
core   0: 3 0x8000f02e (0x00001f17) x30 0x8001002e
core   0: 0x8000f032 (0xfc3f2923) sw      gp, -46(t5)
core   0: 3 0x8000f032 (0xfc3f2923) mem 0x80010000 0x00000001
core   0: 0x8000f036 (0x0000bfe5) c.j     pc - 8
core   0: 3 0x8000f036 (0xbfe5)
core   0: 0x8000f02e (0x00001f17) auipc   t5, 0x1
core   0: 3 0x8000f02e (0x00001f17) x30 0x8001002e
core   0: 0x8000f032 (0xfc3f2923) sw      gp, -46(t5)
core   0: 3 0x8000f032 (0xfc3f2923) mem 0x80010000 0x00000001
core   0: 0x8000f036 (0x0000bfe5) c.j     pc - 8
core   0: 3 0x8000f036 (0xbfe5)
core   0: 0x8000f02e (0x00001f17) auipc   t5, 0x1
core   0: 3 0x8000f02e (0x00001f17) x30 0x8001002e
core   0: 0x8000f032 (0xfc3f2923) sw      gp, -46(t5)
core   0: 3 0x8000f032 (0xfc3f2923) mem 0x80010000 0x00000001
core   0: 0x8000f036 (0x0000bfe5) c.j     pc - 8
core   0: 3 0x8000f036 (0xbfe5)
core   0: 0x8000f02e (0x00001f17) auipc   t5, 0x1
core   0: 3 0x8000f02e (0x00001f17) x30 0x8001002e
core   0: 0x8000f032 (0xfc3f2923) sw      gp, -46(t5)
core   0: 3 0x8000f032 (0xfc3f2923) mem 0x80010000 0x00000001
core   0: 0x8000f036 (0x0000bfe5) c.j     pc - 8
core   0: 3 0x8000f036 (0xbfe5)
core   0: 0x8000f02e (0x00001f17) auipc   t5, 0x1
core   0: 3 0x8000f02e (0x00001f17) x30 0x8001002e
core   0: 0x8000f032 (0xfc3f2923) sw      gp, -46(t5)
core   0: 3 0x8000f032 (0xfc3f2923) mem 0x80010000 0x00000001
core   0: 0x8000f036 (0x0000bfe5) c.j     pc - 8
core   0: 3 0x8000f036 (0xbfe5)
core   0: 0x8000f02e (0x00001f17) auipc   t5, 0x1
core   0: 3 0x8000f02e (0x00001f17) x30 0x8001002e
core   0: 0x8000f032 (0xfc3f2923) sw      gp, -46(t5)
core   0: 3 0x8000f032 (0xfc3f2923) mem 0x80010000 0x00000001
core   0: 0x8000f036 (0x0000bfe5) c.j     pc - 8
core   0: 3 0x8000f036 (0xbfe5)
core   0: 0x8000f02e (0x00001f17) auipc   t5, 0x1
core   0: 3 0x8000f02e (0x00001f17) x30 0x8001002e
core   0: 0x8000f032 (0xfc3f2923) sw      gp, -46(t5)
core   0: 3 0x8000f032 (0xfc3f2923) mem 0x80010000 0x00000001
core   0: 0x8000f036 (0x0000bfe5) c.j     pc - 8
core   0: 3 0x8000f036 (0xbfe5)
core   0: 0x8000f02e (0x00001f17) auipc   t5, 0x1
core   0: 3 0x8000f02e (0x00001f17) x30 0x8001002e
core   0: 0x8000f032 (0xfc3f2923) sw      gp, -46(t5)
core   0: 3 0x8000f032 (0xfc3f2923) mem 0x80010000 0x00000001
core   0: 0x8000f036 (0x0000bfe5) c.j     pc - 8
core   0: 3 0x8000f036 (0xbfe5)
core   0: 0x8000f02e (0x00001f17) auipc   t5, 0x1
core   0: 3 0x8000f02e (0x00001f17) x30 0x8001002e
core   0: 0x8000f032 (0xfc3f2923) sw      gp, -46(t5)
core   0: 3 0x8000f032 (0xfc3f2923) mem 0x80010000 0x00000001
core   0: 0x8000f036 (0x0000bfe5) c.j     pc - 8
core   0: 3 0x8000f036 (0xbfe5)
core   0: 0x8000f02e (0x00001f17) auipc   t5, 0x1
core   0: 3 0x8000f02e (0x00001f17) x30 0x8001002e
core   0: 0x8000f032 (0xfc3f2923) sw      gp, -46(t5)
core   0: 3 0x8000f032 (0xfc3f2923) mem 0x80010000 0x00000001
core   0: 0x8000f036 (0x0000bfe5) c.j     pc - 8
core   0: 3 0x8000f036 (0xbfe5)
core   0: 0x8000f02e (0x00001f17) auipc   t5, 0x1
core   0: 3 0x8000f02e (0x00001f17) x30 0x8001002e
core   0: 0x8000f032 (0xfc3f2923) sw      gp, -46(t5)
core   0: 3 0x8000f032 (0xfc3f2923) mem 0x80010000 0x00000001
core   0: 0x8000f036 (0x0000bfe5) c.j     pc - 8
core   0: 3 0x8000f036 (0xbfe5)
core   0: 0x8000f02e (0x00001f17) auipc   t5, 0x1
core   0: 3 0x8000f02e (0x00001f17) x30 0x8001002e
core   0: 0x8000f032 (0xfc3f2923) sw      gp, -46(t5)
core   0: 3 0x8000f032 (0xfc3f2923) mem 0x80010000 0x00000001
core   0: 0x8000f036 (0x0000bfe5) c.j     pc - 8
core   0: 3 0x8000f036 (0xbfe5)
core   0: 0x8000f02e (0x00001f17) auipc   t5, 0x1
core   0: 3 0x8000f02e (0x00001f17) x30 0x8001002e
core   0: 0x8000f032 (0xfc3f2923) sw      gp, -46(t5)
core   0: 3 0x8000f032 (0xfc3f2923) mem 0x80010000 0x00000001
core   0: 0x8000f036 (0x0000bfe5) c.j     pc - 8
core   0: 3 0x8000f036 (0xbfe5)
core   0: 0x8000f02e (0x00001f17) auipc   t5, 0x1
core   0: 3 0x8000f02e (0x00001f17) x30 0x8001002e
core   0: 0x8000f032 (0xfc3f2923) sw      gp, -46(t5)
core   0: 3 0x8000f032 (0xfc3f2923) mem 0x80010000 0x00000001
core   0: 0x8000f036 (0x0000bfe5) c.j     pc - 8
core   0: 3 0x8000f036 (0xbfe5)
core   0: 0x8000f02e (0x00001f17) auipc   t5, 0x1
core   0: 3 0x8000f02e (0x00001f17) x30 0x8001002e
core   0: 0x8000f032 (0xfc3f2923) sw      gp, -46(t5)
core   0: 3 0x8000f032 (0xfc3f2923) mem 0x80010000 0x00000001
core   0: 0x8000f036 (0x0000bfe5) c.j     pc - 8
core   0: 3 0x8000f036 (0xbfe5)
core   0: 0x8000f02e (0x00001f17) auipc   t5, 0x1
core   0: 3 0x8000f02e (0x00001f17) x30 0x8001002e
core   0: 0x8000f032 (0xfc3f2923) sw      gp, -46(t5)
core   0: 3 0x8000f032 (0xfc3f2923) mem 0x80010000 0x00000001
core   0: 0x8000f036 (0x0000bfe5) c.j     pc - 8
core   0: 3 0x8000f036 (0xbfe5)
core   0: 0x8000f02e (0x00001f17) auipc   t5, 0x1
core   0: 3 0x8000f02e (0x00001f17) x30 0x8001002e
core   0: 0x8000f032 (0xfc3f2923) sw      gp, -46(t5)
core   0: 3 0x8000f032 (0xfc3f2923) mem 0x80010000 0x00000001
core   0: 0x8000f036 (0x0000bfe5) c.j     pc - 8
core   0: 3 0x8000f036 (0xbfe5)
core   0: 0x8000f02e (0x00001f17) auipc   t5, 0x1
core   0: 3 0x8000f02e (0x00001f17) x30 0x8001002e
core   0: 0x8000f032 (0xfc3f2923) sw      gp, -46(t5)
core   0: 3 0x8000f032 (0xfc3f2923) mem 0x80010000 0x00000001
core   0: 0x8000f036 (0x0000bfe5) c.j     pc - 8
core   0: 3 0x8000f036 (0xbfe5)
core   0: 0x8000f02e (0x00001f17) auipc   t5, 0x1
core   0: 3 0x8000f02e (0x00001f17) x30 0x8001002e
core   0: 0x8000f032 (0xfc3f2923) sw      gp, -46(t5)
core   0: 3 0x8000f032 (0xfc3f2923) mem 0x80010000 0x00000001
core   0: 0x8000f036 (0x0000bfe5) c.j     pc - 8
core   0: 3 0x8000f036 (0xbfe5)
core   0: 0x8000f02e (0x00001f17) auipc   t5, 0x1
core   0: 3 0x8000f02e (0x00001f17) x30 0x8001002e
core   0: 0x8000f032 (0xfc3f2923) sw      gp, -46(t5)
core   0: 3 0x8000f032 (0xfc3f2923) mem 0x80010000 0x00000001
core   0: 0x8000f036 (0x0000bfe5) c.j     pc - 8
core   0: 3 0x8000f036 (0xbfe5)
core   0: 0x8000f02e (0x00001f17) auipc   t5, 0x1
core   0: 3 0x8000f02e (0x00001f17) x30 0x8001002e
core   0: 0x8000f032 (0xfc3f2923) sw      gp, -46(t5)
core   0: 3 0x8000f032 (0xfc3f2923) mem 0x80010000 0x00000001
core   0: 0x8000f036 (0x0000bfe5) c.j     pc - 8
core   0: 3 0x8000f036 (0xbfe5)
core   0: 0x8000f02e (0x00001f17) auipc   t5, 0x1
core   0: 3 0x8000f02e (0x00001f17) x30 0x8001002e
core   0: 0x8000f032 (0xfc3f2923) sw      gp, -46(t5)
core   0: 3 0x8000f032 (0xfc3f2923) mem 0x80010000 0x00000001
core   0: 0x8000f036 (0x0000bfe5) c.j     pc - 8
core   0: 3 0x8000f036 (0xbfe5)
core   0: 0x8000f02e (0x00001f17) auipc   t5, 0x1
core   0: 3 0x8000f02e (0x00001f17) x30 0x8001002e
core   0: 0x8000f032 (0xfc3f2923) sw      gp, -46(t5)
core   0: 3 0x8000f032 (0xfc3f2923) mem 0x80010000 0x00000001
core   0: 0x8000f036 (0x0000bfe5) c.j     pc - 8
core   0: 3 0x8000f036 (0xbfe5)
core   0: 0x8000f02e (0x00001f17) auipc   t5, 0x1
core   0: 3 0x8000f02e (0x00001f17) x30 0x8001002e
core   0: 0x8000f032 (0xfc3f2923) sw      gp, -46(t5)
core   0: 3 0x8000f032 (0xfc3f2923) mem 0x80010000 0x00000001
core   0: 0x8000f036 (0x0000bfe5) c.j     pc - 8
core   0: 3 0x8000f036 (0xbfe5)
core   0: 0x8000f02e (0x00001f17) auipc   t5, 0x1
core   0: 3 0x8000f02e (0x00001f17) x30 0x8001002e
core   0: 0x8000f032 (0xfc3f2923) sw      gp, -46(t5)
core   0: 3 0x8000f032 (0xfc3f2923) mem 0x80010000 0x00000001
core   0: 0x8000f036 (0x0000bfe5) c.j     pc - 8
core   0: 3 0x8000f036 (0xbfe5)
core   0: 0x8000f02e (0x00001f17) auipc   t5, 0x1
core   0: 3 0x8000f02e (0x00001f17) x30 0x8001002e
core   0: 0x8000f032 (0xfc3f2923) sw      gp, -46(t5)
core   0: 3 0x8000f032 (0xfc3f2923) mem 0x80010000 0x00000001
core   0: 0x8000f036 (0x0000bfe5) c.j     pc - 8
core   0: 3 0x8000f036 (0xbfe5)
core   0: 0x8000f02e (0x00001f17) auipc   t5, 0x1
core   0: 3 0x8000f02e (0x00001f17) x30 0x8001002e
core   0: 0x8000f032 (0xfc3f2923) sw      gp, -46(t5)
core   0: 3 0x8000f032 (0xfc3f2923) mem 0x80010000 0x00000001
core   0: 0x8000f036 (0x0000bfe5) c.j     pc - 8
core   0: 3 0x8000f036 (0xbfe5)
core   0: 0x8000f02e (0x00001f17) auipc   t5, 0x1
core   0: 3 0x8000f02e (0x00001f17) x30 0x8001002e
core   0: 0x8000f032 (0xfc3f2923) sw      gp, -46(t5)
core   0: 3 0x8000f032 (0xfc3f2923) mem 0x80010000 0x00000001
core   0: 0x8000f036 (0x0000bfe5) c.j     pc - 8
core   0: 3 0x8000f036 (0xbfe5)
core   0: 0x8000f02e (0x00001f17) auipc   t5, 0x1
core   0: 3 0x8000f02e (0x00001f17) x30 0x8001002e
core   0: 0x8000f032 (0xfc3f2923) sw      gp, -46(t5)
core   0: 3 0x8000f032 (0xfc3f2923) mem 0x80010000 0x00000001
core   0: 0x8000f036 (0x0000bfe5) c.j     pc - 8
core   0: 3 0x8000f036 (0xbfe5)
core   0: 0x8000f02e (0x00001f17) auipc   t5, 0x1
core   0: 3 0x8000f02e (0x00001f17) x30 0x8001002e
core   0: 0x8000f032 (0xfc3f2923) sw      gp, -46(t5)
core   0: 3 0x8000f032 (0xfc3f2923) mem 0x80010000 0x00000001
core   0: 0x8000f036 (0x0000bfe5) c.j     pc - 8
core   0: 3 0x8000f036 (0xbfe5)
core   0: 0x8000f02e (0x00001f17) auipc   t5, 0x1
core   0: 3 0x8000f02e (0x00001f17) x30 0x8001002e
core   0: 0x8000f032 (0xfc3f2923) sw      gp, -46(t5)
core   0: 3 0x8000f032 (0xfc3f2923) mem 0x80010000 0x00000001
core   0: 0x8000f036 (0x0000bfe5) c.j     pc - 8
core   0: 3 0x8000f036 (0xbfe5)
core   0: 0x8000f02e (0x00001f17) auipc   t5, 0x1
core   0: 3 0x8000f02e (0x00001f17) x30 0x8001002e
core   0: 0x8000f032 (0xfc3f2923) sw      gp, -46(t5)
core   0: 3 0x8000f032 (0xfc3f2923) mem 0x80010000 0x00000001
core   0: 0x8000f036 (0x0000bfe5) c.j     pc - 8
core   0: 3 0x8000f036 (0xbfe5)
core   0: 0x8000f02e (0x00001f17) auipc   t5, 0x1
core   0: 3 0x8000f02e (0x00001f17) x30 0x8001002e
core   0: 0x8000f032 (0xfc3f2923) sw      gp, -46(t5)
core   0: 3 0x8000f032 (0xfc3f2923) mem 0x80010000 0x00000001
core   0: 0x8000f036 (0x0000bfe5) c.j     pc - 8
core   0: 3 0x8000f036 (0xbfe5)
core   0: 0x8000f02e (0x00001f17) auipc   t5, 0x1
core   0: 3 0x8000f02e (0x00001f17) x30 0x8001002e
core   0: 0x8000f032 (0xfc3f2923) sw      gp, -46(t5)
core   0: 3 0x8000f032 (0xfc3f2923) mem 0x80010000 0x00000001
core   0: 0x8000f036 (0x0000bfe5) c.j     pc - 8
core   0: 3 0x8000f036 (0xbfe5)
core   0: 0x8000f02e (0x00001f17) auipc   t5, 0x1
core   0: 3 0x8000f02e (0x00001f17) x30 0x8001002e
core   0: 0x8000f032 (0xfc3f2923) sw      gp, -46(t5)
core   0: 3 0x8000f032 (0xfc3f2923) mem 0x80010000 0x00000001
core   0: 0x8000f036 (0x0000bfe5) c.j     pc - 8
core   0: 3 0x8000f036 (0xbfe5)
core   0: 0x8000f02e (0x00001f17) auipc   t5, 0x1
core   0: 3 0x8000f02e (0x00001f17) x30 0x8001002e
core   0: 0x8000f032 (0xfc3f2923) sw      gp, -46(t5)
core   0: 3 0x8000f032 (0xfc3f2923) mem 0x80010000 0x00000001
core   0: 0x8000f036 (0x0000bfe5) c.j     pc - 8
core   0: 3 0x8000f036 (0xbfe5)
core   0: 0x8000f02e (0x00001f17) auipc   t5, 0x1
core   0: 3 0x8000f02e (0x00001f17) x30 0x8001002e
core   0: 0x8000f032 (0xfc3f2923) sw      gp, -46(t5)
core   0: 3 0x8000f032 (0xfc3f2923) mem 0x80010000 0x00000001
core   0: 0x8000f036 (0x0000bfe5) c.j     pc - 8
core   0: 3 0x8000f036 (0xbfe5)
core   0: 0x8000f02e (0x00001f17) auipc   t5, 0x1
core   0: 3 0x8000f02e (0x00001f17) x30 0x8001002e
core   0: 0x8000f032 (0xfc3f2923) sw      gp, -46(t5)
core   0: 3 0x8000f032 (0xfc3f2923) mem 0x80010000 0x00000001
core   0: 0x8000f036 (0x0000bfe5) c.j     pc - 8
core   0: 3 0x8000f036 (0xbfe5)
core   0: 0x8000f02e (0x00001f17) auipc   t5, 0x1
core   0: 3 0x8000f02e (0x00001f17) x30 0x8001002e
core   0: 0x8000f032 (0xfc3f2923) sw      gp, -46(t5)
core   0: 3 0x8000f032 (0xfc3f2923) mem 0x80010000 0x00000001
core   0: 0x8000f036 (0x0000bfe5) c.j     pc - 8
core   0: 3 0x8000f036 (0xbfe5)
core   0: 0x8000f02e (0x00001f17) auipc   t5, 0x1
core   0: 3 0x8000f02e (0x00001f17) x30 0x8001002e
core   0: 0x8000f032 (0xfc3f2923) sw      gp, -46(t5)
core   0: 3 0x8000f032 (0xfc3f2923) mem 0x80010000 0x00000001
core   0: 0x8000f036 (0x0000bfe5) c.j     pc - 8
core   0: 3 0x8000f036 (0xbfe5)
core   0: 0x8000f02e (0x00001f17) auipc   t5, 0x1
core   0: 3 0x8000f02e (0x00001f17) x30 0x8001002e
core   0: 0x8000f032 (0xfc3f2923) sw      gp, -46(t5)
core   0: 3 0x8000f032 (0xfc3f2923) mem 0x80010000 0x00000001
core   0: 0x8000f036 (0x0000bfe5) c.j     pc - 8
core   0: 3 0x8000f036 (0xbfe5)
core   0: 0x8000f02e (0x00001f17) auipc   t5, 0x1
core   0: 3 0x8000f02e (0x00001f17) x30 0x8001002e
core   0: 0x8000f032 (0xfc3f2923) sw      gp, -46(t5)
core   0: 3 0x8000f032 (0xfc3f2923) mem 0x80010000 0x00000001
core   0: 0x8000f036 (0x0000bfe5) c.j     pc - 8
core   0: 3 0x8000f036 (0xbfe5)
core   0: 0x8000f02e (0x00001f17) auipc   t5, 0x1
core   0: 3 0x8000f02e (0x00001f17) x30 0x8001002e
core   0: 0x8000f032 (0xfc3f2923) sw      gp, -46(t5)
core   0: 3 0x8000f032 (0xfc3f2923) mem 0x80010000 0x00000001
core   0: 0x8000f036 (0x0000bfe5) c.j     pc - 8
core   0: 3 0x8000f036 (0xbfe5)
core   0: 0x8000f02e (0x00001f17) auipc   t5, 0x1
core   0: 3 0x8000f02e (0x00001f17) x30 0x8001002e
core   0: 0x8000f032 (0xfc3f2923) sw      gp, -46(t5)
core   0: 3 0x8000f032 (0xfc3f2923) mem 0x80010000 0x00000001
core   0: 0x8000f036 (0x0000bfe5) c.j     pc - 8
core   0: 3 0x8000f036 (0xbfe5)
core   0: 0x8000f02e (0x00001f17) auipc   t5, 0x1
core   0: 3 0x8000f02e (0x00001f17) x30 0x8001002e
core   0: 0x8000f032 (0xfc3f2923) sw      gp, -46(t5)
core   0: 3 0x8000f032 (0xfc3f2923) mem 0x80010000 0x00000001
core   0: 0x8000f036 (0x0000bfe5) c.j     pc - 8
core   0: 3 0x8000f036 (0xbfe5)
core   0: 0x8000f02e (0x00001f17) auipc   t5, 0x1
core   0: 3 0x8000f02e (0x00001f17) x30 0x8001002e
core   0: 0x8000f032 (0xfc3f2923) sw      gp, -46(t5)
core   0: 3 0x8000f032 (0xfc3f2923) mem 0x80010000 0x00000001
core   0: 0x8000f036 (0x0000bfe5) c.j     pc - 8
core   0: 3 0x8000f036 (0xbfe5)
core   0: 0x8000f02e (0x00001f17) auipc   t5, 0x1
core   0: 3 0x8000f02e (0x00001f17) x30 0x8001002e
core   0: 0x8000f032 (0xfc3f2923) sw      gp, -46(t5)
core   0: 3 0x8000f032 (0xfc3f2923) mem 0x80010000 0x00000001
core   0: 0x8000f036 (0x0000bfe5) c.j     pc - 8
core   0: 3 0x8000f036 (0xbfe5)
core   0: 0x8000f02e (0x00001f17) auipc   t5, 0x1
core   0: 3 0x8000f02e (0x00001f17) x30 0x8001002e
core   0: 0x8000f032 (0xfc3f2923) sw      gp, -46(t5)
core   0: 3 0x8000f032 (0xfc3f2923) mem 0x80010000 0x00000001
core   0: 0x8000f036 (0x0000bfe5) c.j     pc - 8
core   0: 3 0x8000f036 (0xbfe5)
core   0: 0x8000f02e (0x00001f17) auipc   t5, 0x1
core   0: 3 0x8000f02e (0x00001f17) x30 0x8001002e
core   0: 0x8000f032 (0xfc3f2923) sw      gp, -46(t5)
core   0: 3 0x8000f032 (0xfc3f2923) mem 0x80010000 0x00000001
core   0: 0x8000f036 (0x0000bfe5) c.j     pc - 8
core   0: 3 0x8000f036 (0xbfe5)
core   0: 0x8000f02e (0x00001f17) auipc   t5, 0x1
core   0: 3 0x8000f02e (0x00001f17) x30 0x8001002e
core   0: 0x8000f032 (0xfc3f2923) sw      gp, -46(t5)
core   0: 3 0x8000f032 (0xfc3f2923) mem 0x80010000 0x00000001
core   0: 0x8000f036 (0x0000bfe5) c.j     pc - 8
core   0: 3 0x8000f036 (0xbfe5)
core   0: 0x8000f02e (0x00001f17) auipc   t5, 0x1
core   0: 3 0x8000f02e (0x00001f17) x30 0x8001002e
core   0: 0x8000f032 (0xfc3f2923) sw      gp, -46(t5)
core   0: 3 0x8000f032 (0xfc3f2923) mem 0x80010000 0x00000001
core   0: 0x8000f036 (0x0000bfe5) c.j     pc - 8
core   0: 3 0x8000f036 (0xbfe5)
core   0: 0x8000f02e (0x00001f17) auipc   t5, 0x1
core   0: 3 0x8000f02e (0x00001f17) x30 0x8001002e
core   0: 0x8000f032 (0xfc3f2923) sw      gp, -46(t5)
core   0: 3 0x8000f032 (0xfc3f2923) mem 0x80010000 0x00000001
core   0: 0x8000f036 (0x0000bfe5) c.j     pc - 8
core   0: 3 0x8000f036 (0xbfe5)
core   0: 0x8000f02e (0x00001f17) auipc   t5, 0x1
core   0: 3 0x8000f02e (0x00001f17) x30 0x8001002e
core   0: 0x8000f032 (0xfc3f2923) sw      gp, -46(t5)
core   0: 3 0x8000f032 (0xfc3f2923) mem 0x80010000 0x00000001
core   0: 0x8000f036 (0x0000bfe5) c.j     pc - 8
core   0: 3 0x8000f036 (0xbfe5)
core   0: 0x8000f02e (0x00001f17) auipc   t5, 0x1
core   0: 3 0x8000f02e (0x00001f17) x30 0x8001002e
core   0: 0x8000f032 (0xfc3f2923) sw      gp, -46(t5)
core   0: 3 0x8000f032 (0xfc3f2923) mem 0x80010000 0x00000001
core   0: 0x8000f036 (0x0000bfe5) c.j     pc - 8
core   0: 3 0x8000f036 (0xbfe5)
core   0: 0x8000f02e (0x00001f17) auipc   t5, 0x1
core   0: 3 0x8000f02e (0x00001f17) x30 0x8001002e
core   0: 0x8000f032 (0xfc3f2923) sw      gp, -46(t5)
core   0: 3 0x8000f032 (0xfc3f2923) mem 0x80010000 0x00000001
core   0: 0x8000f036 (0x0000bfe5) c.j     pc - 8
core   0: 3 0x8000f036 (0xbfe5)
core   0: 0x8000f02e (0x00001f17) auipc   t5, 0x1
core   0: 3 0x8000f02e (0x00001f17) x30 0x8001002e
core   0: 0x8000f032 (0xfc3f2923) sw      gp, -46(t5)
core   0: 3 0x8000f032 (0xfc3f2923) mem 0x80010000 0x00000001
core   0: 0x8000f036 (0x0000bfe5) c.j     pc - 8
core   0: 3 0x8000f036 (0xbfe5)
core   0: 0x8000f02e (0x00001f17) auipc   t5, 0x1
core   0: 3 0x8000f02e (0x00001f17) x30 0x8001002e
core   0: 0x8000f032 (0xfc3f2923) sw      gp, -46(t5)
core   0: 3 0x8000f032 (0xfc3f2923) mem 0x80010000 0x00000001
core   0: 0x8000f036 (0x0000bfe5) c.j     pc - 8
core   0: 3 0x8000f036 (0xbfe5)
core   0: 0x8000f02e (0x00001f17) auipc   t5, 0x1
core   0: 3 0x8000f02e (0x00001f17) x30 0x8001002e
core   0: 0x8000f032 (0xfc3f2923) sw      gp, -46(t5)
core   0: 3 0x8000f032 (0xfc3f2923) mem 0x80010000 0x00000001
core   0: 0x8000f036 (0x0000bfe5) c.j     pc - 8
core   0: 3 0x8000f036 (0xbfe5)
core   0: 0x8000f02e (0x00001f17) auipc   t5, 0x1
core   0: 3 0x8000f02e (0x00001f17) x30 0x8001002e
core   0: 0x8000f032 (0xfc3f2923) sw      gp, -46(t5)
core   0: 3 0x8000f032 (0xfc3f2923) mem 0x80010000 0x00000001
core   0: 0x8000f036 (0x0000bfe5) c.j     pc - 8
core   0: 3 0x8000f036 (0xbfe5)
core   0: 0x8000f02e (0x00001f17) auipc   t5, 0x1
core   0: 3 0x8000f02e (0x00001f17) x30 0x8001002e
core   0: 0x8000f032 (0xfc3f2923) sw      gp, -46(t5)
core   0: 3 0x8000f032 (0xfc3f2923) mem 0x80010000 0x00000001
core   0: 0x8000f036 (0x0000bfe5) c.j     pc - 8
core   0: 3 0x8000f036 (0xbfe5)
core   0: 0x8000f02e (0x00001f17) auipc   t5, 0x1
core   0: 3 0x8000f02e (0x00001f17) x30 0x8001002e
core   0: 0x8000f032 (0xfc3f2923) sw      gp, -46(t5)
core   0: 3 0x8000f032 (0xfc3f2923) mem 0x80010000 0x00000001
core   0: 0x8000f036 (0x0000bfe5) c.j     pc - 8
core   0: 3 0x8000f036 (0xbfe5)
core   0: 0x8000f02e (0x00001f17) auipc   t5, 0x1
core   0: 3 0x8000f02e (0x00001f17) x30 0x8001002e
core   0: 0x8000f032 (0xfc3f2923) sw      gp, -46(t5)
core   0: 3 0x8000f032 (0xfc3f2923) mem 0x80010000 0x00000001
core   0: 0x8000f036 (0x0000bfe5) c.j     pc - 8
core   0: 3 0x8000f036 (0xbfe5)
core   0: 0x8000f02e (0x00001f17) auipc   t5, 0x1
core   0: 3 0x8000f02e (0x00001f17) x30 0x8001002e
core   0: 0x8000f032 (0xfc3f2923) sw      gp, -46(t5)
core   0: 3 0x8000f032 (0xfc3f2923) mem 0x80010000 0x00000001
core   0: 0x8000f036 (0x0000bfe5) c.j     pc - 8
core   0: 3 0x8000f036 (0xbfe5)
core   0: 0x8000f02e (0x00001f17) auipc   t5, 0x1
core   0: 3 0x8000f02e (0x00001f17) x30 0x8001002e
core   0: 0x8000f032 (0xfc3f2923) sw      gp, -46(t5)
core   0: 3 0x8000f032 (0xfc3f2923) mem 0x80010000 0x00000001
core   0: 0x8000f036 (0x0000bfe5) c.j     pc - 8
core   0: 3 0x8000f036 (0xbfe5)
core   0: 0x8000f02e (0x00001f17) auipc   t5, 0x1
core   0: 3 0x8000f02e (0x00001f17) x30 0x8001002e
core   0: 0x8000f032 (0xfc3f2923) sw      gp, -46(t5)
core   0: 3 0x8000f032 (0xfc3f2923) mem 0x80010000 0x00000001
core   0: 0x8000f036 (0x0000bfe5) c.j     pc - 8
core   0: 3 0x8000f036 (0xbfe5)
core   0: 0x8000f02e (0x00001f17) auipc   t5, 0x1
core   0: 3 0x8000f02e (0x00001f17) x30 0x8001002e
core   0: 0x8000f032 (0xfc3f2923) sw      gp, -46(t5)
core   0: 3 0x8000f032 (0xfc3f2923) mem 0x80010000 0x00000001
core   0: 0x8000f036 (0x0000bfe5) c.j     pc - 8
core   0: 3 0x8000f036 (0xbfe5)
core   0: 0x8000f02e (0x00001f17) auipc   t5, 0x1
core   0: 3 0x8000f02e (0x00001f17) x30 0x8001002e
core   0: 0x8000f032 (0xfc3f2923) sw      gp, -46(t5)
core   0: 3 0x8000f032 (0xfc3f2923) mem 0x80010000 0x00000001
core   0: 0x8000f036 (0x0000bfe5) c.j     pc - 8
core   0: 3 0x8000f036 (0xbfe5)
core   0: 0x8000f02e (0x00001f17) auipc   t5, 0x1
core   0: 3 0x8000f02e (0x00001f17) x30 0x8001002e
core   0: 0x8000f032 (0xfc3f2923) sw      gp, -46(t5)
core   0: 3 0x8000f032 (0xfc3f2923) mem 0x80010000 0x00000001
core   0: 0x8000f036 (0x0000bfe5) c.j     pc - 8
core   0: 3 0x8000f036 (0xbfe5)
core   0: 0x8000f02e (0x00001f17) auipc   t5, 0x1
core   0: 3 0x8000f02e (0x00001f17) x30 0x8001002e
core   0: 0x8000f032 (0xfc3f2923) sw      gp, -46(t5)
core   0: 3 0x8000f032 (0xfc3f2923) mem 0x80010000 0x00000001
core   0: 0x8000f036 (0x0000bfe5) c.j     pc - 8
core   0: 3 0x8000f036 (0xbfe5)
core   0: 0x8000f02e (0x00001f17) auipc   t5, 0x1
core   0: 3 0x8000f02e (0x00001f17) x30 0x8001002e
core   0: 0x8000f032 (0xfc3f2923) sw      gp, -46(t5)
core   0: 3 0x8000f032 (0xfc3f2923) mem 0x80010000 0x00000001
core   0: 0x8000f036 (0x0000bfe5) c.j     pc - 8
core   0: 3 0x8000f036 (0xbfe5)
core   0: 0x8000f02e (0x00001f17) auipc   t5, 0x1
core   0: 3 0x8000f02e (0x00001f17) x30 0x8001002e
core   0: 0x8000f032 (0xfc3f2923) sw      gp, -46(t5)
core   0: 3 0x8000f032 (0xfc3f2923) mem 0x80010000 0x00000001
core   0: 0x8000f036 (0x0000bfe5) c.j     pc - 8
core   0: 3 0x8000f036 (0xbfe5)
core   0: 0x8000f02e (0x00001f17) auipc   t5, 0x1
core   0: 3 0x8000f02e (0x00001f17) x30 0x8001002e
core   0: 0x8000f032 (0xfc3f2923) sw      gp, -46(t5)
core   0: 3 0x8000f032 (0xfc3f2923) mem 0x80010000 0x00000001
core   0: 0x8000f036 (0x0000bfe5) c.j     pc - 8
core   0: 3 0x8000f036 (0xbfe5)
core   0: 0x8000f02e (0x00001f17) auipc   t5, 0x1
core   0: 3 0x8000f02e (0x00001f17) x30 0x8001002e
core   0: 0x8000f032 (0xfc3f2923) sw      gp, -46(t5)
core   0: 3 0x8000f032 (0xfc3f2923) mem 0x80010000 0x00000001
core   0: 0x8000f036 (0x0000bfe5) c.j     pc - 8
core   0: 3 0x8000f036 (0xbfe5)
core   0: 0x8000f02e (0x00001f17) auipc   t5, 0x1
core   0: 3 0x8000f02e (0x00001f17) x30 0x8001002e
core   0: 0x8000f032 (0xfc3f2923) sw      gp, -46(t5)
core   0: 3 0x8000f032 (0xfc3f2923) mem 0x80010000 0x00000001
core   0: 0x8000f036 (0x0000bfe5) c.j     pc - 8
core   0: 3 0x8000f036 (0xbfe5)
core   0: 0x8000f02e (0x00001f17) auipc   t5, 0x1
core   0: 3 0x8000f02e (0x00001f17) x30 0x8001002e
core   0: 0x8000f032 (0xfc3f2923) sw      gp, -46(t5)
core   0: 3 0x8000f032 (0xfc3f2923) mem 0x80010000 0x00000001
core   0: 0x8000f036 (0x0000bfe5) c.j     pc - 8
core   0: 3 0x8000f036 (0xbfe5)
core   0: 0x8000f02e (0x00001f17) auipc   t5, 0x1
core   0: 3 0x8000f02e (0x00001f17) x30 0x8001002e
core   0: 0x8000f032 (0xfc3f2923) sw      gp, -46(t5)
core   0: 3 0x8000f032 (0xfc3f2923) mem 0x80010000 0x00000001
core   0: 0x8000f036 (0x0000bfe5) c.j     pc - 8
core   0: 3 0x8000f036 (0xbfe5)
core   0: 0x8000f02e (0x00001f17) auipc   t5, 0x1
core   0: 3 0x8000f02e (0x00001f17) x30 0x8001002e
core   0: 0x8000f032 (0xfc3f2923) sw      gp, -46(t5)
core   0: 3 0x8000f032 (0xfc3f2923) mem 0x80010000 0x00000001
core   0: 0x8000f036 (0x0000bfe5) c.j     pc - 8
core   0: 3 0x8000f036 (0xbfe5)
core   0: 0x8000f02e (0x00001f17) auipc   t5, 0x1
core   0: 3 0x8000f02e (0x00001f17) x30 0x8001002e
core   0: 0x8000f032 (0xfc3f2923) sw      gp, -46(t5)
core   0: 3 0x8000f032 (0xfc3f2923) mem 0x80010000 0x00000001
core   0: 0x8000f036 (0x0000bfe5) c.j     pc - 8
core   0: 3 0x8000f036 (0xbfe5)
core   0: 0x8000f02e (0x00001f17) auipc   t5, 0x1
core   0: 3 0x8000f02e (0x00001f17) x30 0x8001002e
core   0: 0x8000f032 (0xfc3f2923) sw      gp, -46(t5)
core   0: 3 0x8000f032 (0xfc3f2923) mem 0x80010000 0x00000001
core   0: 0x8000f036 (0x0000bfe5) c.j     pc - 8
core   0: 3 0x8000f036 (0xbfe5)
core   0: 0x8000f02e (0x00001f17) auipc   t5, 0x1
core   0: 3 0x8000f02e (0x00001f17) x30 0x8001002e
core   0: 0x8000f032 (0xfc3f2923) sw      gp, -46(t5)
core   0: 3 0x8000f032 (0xfc3f2923) mem 0x80010000 0x00000001
core   0: 0x8000f036 (0x0000bfe5) c.j     pc - 8
core   0: 3 0x8000f036 (0xbfe5)
core   0: 0x8000f02e (0x00001f17) auipc   t5, 0x1
core   0: 3 0x8000f02e (0x00001f17) x30 0x8001002e
core   0: 0x8000f032 (0xfc3f2923) sw      gp, -46(t5)
core   0: 3 0x8000f032 (0xfc3f2923) mem 0x80010000 0x00000001
core   0: 0x8000f036 (0x0000bfe5) c.j     pc - 8
core   0: 3 0x8000f036 (0xbfe5)
core   0: 0x8000f02e (0x00001f17) auipc   t5, 0x1
core   0: 3 0x8000f02e (0x00001f17) x30 0x8001002e
core   0: 0x8000f032 (0xfc3f2923) sw      gp, -46(t5)
core   0: 3 0x8000f032 (0xfc3f2923) mem 0x80010000 0x00000001
core   0: 0x8000f036 (0x0000bfe5) c.j     pc - 8
core   0: 3 0x8000f036 (0xbfe5)
core   0: 0x8000f02e (0x00001f17) auipc   t5, 0x1
core   0: 3 0x8000f02e (0x00001f17) x30 0x8001002e
core   0: 0x8000f032 (0xfc3f2923) sw      gp, -46(t5)
core   0: 3 0x8000f032 (0xfc3f2923) mem 0x80010000 0x00000001
core   0: 0x8000f036 (0x0000bfe5) c.j     pc - 8
core   0: 3 0x8000f036 (0xbfe5)
core   0: 0x8000f02e (0x00001f17) auipc   t5, 0x1
core   0: 3 0x8000f02e (0x00001f17) x30 0x8001002e
core   0: 0x8000f032 (0xfc3f2923) sw      gp, -46(t5)
core   0: 3 0x8000f032 (0xfc3f2923) mem 0x80010000 0x00000001
core   0: 0x8000f036 (0x0000bfe5) c.j     pc - 8
core   0: 3 0x8000f036 (0xbfe5)
core   0: 0x8000f02e (0x00001f17) auipc   t5, 0x1
core   0: 3 0x8000f02e (0x00001f17) x30 0x8001002e
core   0: 0x8000f032 (0xfc3f2923) sw      gp, -46(t5)
core   0: 3 0x8000f032 (0xfc3f2923) mem 0x80010000 0x00000001
core   0: 0x8000f036 (0x0000bfe5) c.j     pc - 8
core   0: 3 0x8000f036 (0xbfe5)
core   0: 0x8000f02e (0x00001f17) auipc   t5, 0x1
core   0: 3 0x8000f02e (0x00001f17) x30 0x8001002e
core   0: 0x8000f032 (0xfc3f2923) sw      gp, -46(t5)
core   0: 3 0x8000f032 (0xfc3f2923) mem 0x80010000 0x00000001
core   0: 0x8000f036 (0x0000bfe5) c.j     pc - 8
core   0: 3 0x8000f036 (0xbfe5)
core   0: 0x8000f02e (0x00001f17) auipc   t5, 0x1
core   0: 3 0x8000f02e (0x00001f17) x30 0x8001002e
core   0: 0x8000f032 (0xfc3f2923) sw      gp, -46(t5)
core   0: 3 0x8000f032 (0xfc3f2923) mem 0x80010000 0x00000001
core   0: 0x8000f036 (0x0000bfe5) c.j     pc - 8
core   0: 3 0x8000f036 (0xbfe5)
core   0: 0x8000f02e (0x00001f17) auipc   t5, 0x1
core   0: 3 0x8000f02e (0x00001f17) x30 0x8001002e
core   0: 0x8000f032 (0xfc3f2923) sw      gp, -46(t5)
core   0: 3 0x8000f032 (0xfc3f2923) mem 0x80010000 0x00000001
core   0: 0x8000f036 (0x0000bfe5) c.j     pc - 8
core   0: 3 0x8000f036 (0xbfe5)
core   0: 0x8000f02e (0x00001f17) auipc   t5, 0x1
core   0: 3 0x8000f02e (0x00001f17) x30 0x8001002e
core   0: 0x8000f032 (0xfc3f2923) sw      gp, -46(t5)
core   0: 3 0x8000f032 (0xfc3f2923) mem 0x80010000 0x00000001
core   0: 0x8000f036 (0x0000bfe5) c.j     pc - 8
core   0: 3 0x8000f036 (0xbfe5)
core   0: 0x8000f02e (0x00001f17) auipc   t5, 0x1
core   0: 3 0x8000f02e (0x00001f17) x30 0x8001002e
core   0: 0x8000f032 (0xfc3f2923) sw      gp, -46(t5)
core   0: 3 0x8000f032 (0xfc3f2923) mem 0x80010000 0x00000001
core   0: 0x8000f036 (0x0000bfe5) c.j     pc - 8
core   0: 3 0x8000f036 (0xbfe5)
core   0: 0x8000f02e (0x00001f17) auipc   t5, 0x1
core   0: 3 0x8000f02e (0x00001f17) x30 0x8001002e
core   0: 0x8000f032 (0xfc3f2923) sw      gp, -46(t5)
core   0: 3 0x8000f032 (0xfc3f2923) mem 0x80010000 0x00000001
core   0: 0x8000f036 (0x0000bfe5) c.j     pc - 8
core   0: 3 0x8000f036 (0xbfe5)
core   0: 0x8000f02e (0x00001f17) auipc   t5, 0x1
core   0: 3 0x8000f02e (0x00001f17) x30 0x8001002e
core   0: 0x8000f032 (0xfc3f2923) sw      gp, -46(t5)
core   0: 3 0x8000f032 (0xfc3f2923) mem 0x80010000 0x00000001
core   0: 0x8000f036 (0x0000bfe5) c.j     pc - 8
core   0: 3 0x8000f036 (0xbfe5)
core   0: 0x8000f02e (0x00001f17) auipc   t5, 0x1
core   0: 3 0x8000f02e (0x00001f17) x30 0x8001002e
core   0: 0x8000f032 (0xfc3f2923) sw      gp, -46(t5)
core   0: 3 0x8000f032 (0xfc3f2923) mem 0x80010000 0x00000001
core   0: 0x8000f036 (0x0000bfe5) c.j     pc - 8
core   0: 3 0x8000f036 (0xbfe5)
core   0: 0x8000f02e (0x00001f17) auipc   t5, 0x1
core   0: 3 0x8000f02e (0x00001f17) x30 0x8001002e
core   0: 0x8000f032 (0xfc3f2923) sw      gp, -46(t5)
core   0: 3 0x8000f032 (0xfc3f2923) mem 0x80010000 0x00000001
core   0: 0x8000f036 (0x0000bfe5) c.j     pc - 8
core   0: 3 0x8000f036 (0xbfe5)
core   0: 0x8000f02e (0x00001f17) auipc   t5, 0x1
core   0: 3 0x8000f02e (0x00001f17) x30 0x8001002e
core   0: 0x8000f032 (0xfc3f2923) sw      gp, -46(t5)
core   0: 3 0x8000f032 (0xfc3f2923) mem 0x80010000 0x00000001
core   0: 0x8000f036 (0x0000bfe5) c.j     pc - 8
core   0: 3 0x8000f036 (0xbfe5)
core   0: 0x8000f02e (0x00001f17) auipc   t5, 0x1
core   0: 3 0x8000f02e (0x00001f17) x30 0x8001002e
core   0: 0x8000f032 (0xfc3f2923) sw      gp, -46(t5)
core   0: 3 0x8000f032 (0xfc3f2923) mem 0x80010000 0x00000001
core   0: 0x8000f036 (0x0000bfe5) c.j     pc - 8
core   0: 3 0x8000f036 (0xbfe5)
core   0: 0x8000f02e (0x00001f17) auipc   t5, 0x1
core   0: 3 0x8000f02e (0x00001f17) x30 0x8001002e
core   0: 0x8000f032 (0xfc3f2923) sw      gp, -46(t5)
core   0: 3 0x8000f032 (0xfc3f2923) mem 0x80010000 0x00000001
core   0: 0x8000f036 (0x0000bfe5) c.j     pc - 8
core   0: 3 0x8000f036 (0xbfe5)
core   0: 0x8000f02e (0x00001f17) auipc   t5, 0x1
core   0: 3 0x8000f02e (0x00001f17) x30 0x8001002e
core   0: 0x8000f032 (0xfc3f2923) sw      gp, -46(t5)
core   0: 3 0x8000f032 (0xfc3f2923) mem 0x80010000 0x00000001
core   0: 0x8000f036 (0x0000bfe5) c.j     pc - 8
core   0: 3 0x8000f036 (0xbfe5)
core   0: 0x8000f02e (0x00001f17) auipc   t5, 0x1
core   0: 3 0x8000f02e (0x00001f17) x30 0x8001002e
core   0: 0x8000f032 (0xfc3f2923) sw      gp, -46(t5)
core   0: 3 0x8000f032 (0xfc3f2923) mem 0x80010000 0x00000001
core   0: 0x8000f036 (0x0000bfe5) c.j     pc - 8
core   0: 3 0x8000f036 (0xbfe5)
core   0: 0x8000f02e (0x00001f17) auipc   t5, 0x1
core   0: 3 0x8000f02e (0x00001f17) x30 0x8001002e
core   0: 0x8000f032 (0xfc3f2923) sw      gp, -46(t5)
core   0: 3 0x8000f032 (0xfc3f2923) mem 0x80010000 0x00000001
core   0: 0x8000f036 (0x0000bfe5) c.j     pc - 8
core   0: 3 0x8000f036 (0xbfe5)
core   0: 0x8000f02e (0x00001f17) auipc   t5, 0x1
core   0: 3 0x8000f02e (0x00001f17) x30 0x8001002e
core   0: 0x8000f032 (0xfc3f2923) sw      gp, -46(t5)
core   0: 3 0x8000f032 (0xfc3f2923) mem 0x80010000 0x00000001
core   0: 0x8000f036 (0x0000bfe5) c.j     pc - 8
core   0: 3 0x8000f036 (0xbfe5)
core   0: 0x8000f02e (0x00001f17) auipc   t5, 0x1
core   0: 3 0x8000f02e (0x00001f17) x30 0x8001002e
core   0: 0x8000f032 (0xfc3f2923) sw      gp, -46(t5)
core   0: 3 0x8000f032 (0xfc3f2923) mem 0x80010000 0x00000001
core   0: 0x8000f036 (0x0000bfe5) c.j     pc - 8
core   0: 3 0x8000f036 (0xbfe5)
core   0: 0x8000f02e (0x00001f17) auipc   t5, 0x1
core   0: 3 0x8000f02e (0x00001f17) x30 0x8001002e
core   0: 0x8000f032 (0xfc3f2923) sw      gp, -46(t5)
core   0: 3 0x8000f032 (0xfc3f2923) mem 0x80010000 0x00000001
core   0: 0x8000f036 (0x0000bfe5) c.j     pc - 8
core   0: 3 0x8000f036 (0xbfe5)
core   0: 0x8000f02e (0x00001f17) auipc   t5, 0x1
core   0: 3 0x8000f02e (0x00001f17) x30 0x8001002e
core   0: 0x8000f032 (0xfc3f2923) sw      gp, -46(t5)
core   0: 3 0x8000f032 (0xfc3f2923) mem 0x80010000 0x00000001
core   0: 0x8000f036 (0x0000bfe5) c.j     pc - 8
core   0: 3 0x8000f036 (0xbfe5)
core   0: 0x8000f02e (0x00001f17) auipc   t5, 0x1
core   0: 3 0x8000f02e (0x00001f17) x30 0x8001002e
core   0: 0x8000f032 (0xfc3f2923) sw      gp, -46(t5)
core   0: 3 0x8000f032 (0xfc3f2923) mem 0x80010000 0x00000001
core   0: 0x8000f036 (0x0000bfe5) c.j     pc - 8
core   0: 3 0x8000f036 (0xbfe5)
core   0: 0x8000f02e (0x00001f17) auipc   t5, 0x1
core   0: 3 0x8000f02e (0x00001f17) x30 0x8001002e
core   0: 0x8000f032 (0xfc3f2923) sw      gp, -46(t5)
core   0: 3 0x8000f032 (0xfc3f2923) mem 0x80010000 0x00000001
core   0: 0x8000f036 (0x0000bfe5) c.j     pc - 8
core   0: 3 0x8000f036 (0xbfe5)
core   0: 0x8000f02e (0x00001f17) auipc   t5, 0x1
core   0: 3 0x8000f02e (0x00001f17) x30 0x8001002e
core   0: 0x8000f032 (0xfc3f2923) sw      gp, -46(t5)
core   0: 3 0x8000f032 (0xfc3f2923) mem 0x80010000 0x00000001
core   0: 0x8000f036 (0x0000bfe5) c.j     pc - 8
core   0: 3 0x8000f036 (0xbfe5)
core   0: 0x8000f02e (0x00001f17) auipc   t5, 0x1
core   0: 3 0x8000f02e (0x00001f17) x30 0x8001002e
core   0: 0x8000f032 (0xfc3f2923) sw      gp, -46(t5)
core   0: 3 0x8000f032 (0xfc3f2923) mem 0x80010000 0x00000001
core   0: 0x8000f036 (0x0000bfe5) c.j     pc - 8
core   0: 3 0x8000f036 (0xbfe5)
core   0: 0x8000f02e (0x00001f17) auipc   t5, 0x1
core   0: 3 0x8000f02e (0x00001f17) x30 0x8001002e
core   0: 0x8000f032 (0xfc3f2923) sw      gp, -46(t5)
core   0: 3 0x8000f032 (0xfc3f2923) mem 0x80010000 0x00000001
core   0: 0x8000f036 (0x0000bfe5) c.j     pc - 8
core   0: 3 0x8000f036 (0xbfe5)
core   0: 0x8000f02e (0x00001f17) auipc   t5, 0x1
core   0: 3 0x8000f02e (0x00001f17) x30 0x8001002e
core   0: 0x8000f032 (0xfc3f2923) sw      gp, -46(t5)
core   0: 3 0x8000f032 (0xfc3f2923) mem 0x80010000 0x00000001
core   0: 0x8000f036 (0x0000bfe5) c.j     pc - 8
core   0: 3 0x8000f036 (0xbfe5)
core   0: 0x8000f02e (0x00001f17) auipc   t5, 0x1
core   0: 3 0x8000f02e (0x00001f17) x30 0x8001002e
core   0: 0x8000f032 (0xfc3f2923) sw      gp, -46(t5)
core   0: 3 0x8000f032 (0xfc3f2923) mem 0x80010000 0x00000001
core   0: 0x8000f036 (0x0000bfe5) c.j     pc - 8
core   0: 3 0x8000f036 (0xbfe5)
core   0: 0x8000f02e (0x00001f17) auipc   t5, 0x1
core   0: 3 0x8000f02e (0x00001f17) x30 0x8001002e
core   0: 0x8000f032 (0xfc3f2923) sw      gp, -46(t5)
core   0: 3 0x8000f032 (0xfc3f2923) mem 0x80010000 0x00000001
core   0: 0x8000f036 (0x0000bfe5) c.j     pc - 8
core   0: 3 0x8000f036 (0xbfe5)
core   0: 0x8000f02e (0x00001f17) auipc   t5, 0x1
core   0: 3 0x8000f02e (0x00001f17) x30 0x8001002e
core   0: 0x8000f032 (0xfc3f2923) sw      gp, -46(t5)
core   0: 3 0x8000f032 (0xfc3f2923) mem 0x80010000 0x00000001
core   0: 0x8000f036 (0x0000bfe5) c.j     pc - 8
core   0: 3 0x8000f036 (0xbfe5)
core   0: 0x8000f02e (0x00001f17) auipc   t5, 0x1
core   0: 3 0x8000f02e (0x00001f17) x30 0x8001002e
core   0: 0x8000f032 (0xfc3f2923) sw      gp, -46(t5)
core   0: 3 0x8000f032 (0xfc3f2923) mem 0x80010000 0x00000001
core   0: 0x8000f036 (0x0000bfe5) c.j     pc - 8
core   0: 3 0x8000f036 (0xbfe5)
core   0: 0x8000f02e (0x00001f17) auipc   t5, 0x1
core   0: 3 0x8000f02e (0x00001f17) x30 0x8001002e
core   0: 0x8000f032 (0xfc3f2923) sw      gp, -46(t5)
core   0: 3 0x8000f032 (0xfc3f2923) mem 0x80010000 0x00000001
core   0: 0x8000f036 (0x0000bfe5) c.j     pc - 8
core   0: 3 0x8000f036 (0xbfe5)
core   0: 0x8000f02e (0x00001f17) auipc   t5, 0x1
core   0: 3 0x8000f02e (0x00001f17) x30 0x8001002e
core   0: 0x8000f032 (0xfc3f2923) sw      gp, -46(t5)
core   0: 3 0x8000f032 (0xfc3f2923) mem 0x80010000 0x00000001
core   0: 0x8000f036 (0x0000bfe5) c.j     pc - 8
core   0: 3 0x8000f036 (0xbfe5)
core   0: 0x8000f02e (0x00001f17) auipc   t5, 0x1
core   0: 3 0x8000f02e (0x00001f17) x30 0x8001002e
core   0: 0x8000f032 (0xfc3f2923) sw      gp, -46(t5)
core   0: 3 0x8000f032 (0xfc3f2923) mem 0x80010000 0x00000001
core   0: 0x8000f036 (0x0000bfe5) c.j     pc - 8
core   0: 3 0x8000f036 (0xbfe5)
core   0: 0x8000f02e (0x00001f17) auipc   t5, 0x1
core   0: 3 0x8000f02e (0x00001f17) x30 0x8001002e
core   0: 0x8000f032 (0xfc3f2923) sw      gp, -46(t5)
core   0: 3 0x8000f032 (0xfc3f2923) mem 0x80010000 0x00000001
core   0: 0x8000f036 (0x0000bfe5) c.j     pc - 8
core   0: 3 0x8000f036 (0xbfe5)
core   0: 0x8000f02e (0x00001f17) auipc   t5, 0x1
core   0: 3 0x8000f02e (0x00001f17) x30 0x8001002e
core   0: 0x8000f032 (0xfc3f2923) sw      gp, -46(t5)
core   0: 3 0x8000f032 (0xfc3f2923) mem 0x80010000 0x00000001
core   0: 0x8000f036 (0x0000bfe5) c.j     pc - 8
core   0: 3 0x8000f036 (0xbfe5)
core   0: 0x8000f02e (0x00001f17) auipc   t5, 0x1
core   0: 3 0x8000f02e (0x00001f17) x30 0x8001002e
core   0: 0x8000f032 (0xfc3f2923) sw      gp, -46(t5)
core   0: 3 0x8000f032 (0xfc3f2923) mem 0x80010000 0x00000001
core   0: 0x8000f036 (0x0000bfe5) c.j     pc - 8
core   0: 3 0x8000f036 (0xbfe5)
core   0: 0x8000f02e (0x00001f17) auipc   t5, 0x1
core   0: 3 0x8000f02e (0x00001f17) x30 0x8001002e
core   0: 0x8000f032 (0xfc3f2923) sw      gp, -46(t5)
core   0: 3 0x8000f032 (0xfc3f2923) mem 0x80010000 0x00000001
core   0: 0x8000f036 (0x0000bfe5) c.j     pc - 8
core   0: 3 0x8000f036 (0xbfe5)
core   0: 0x8000f02e (0x00001f17) auipc   t5, 0x1
core   0: 3 0x8000f02e (0x00001f17) x30 0x8001002e
core   0: 0x8000f032 (0xfc3f2923) sw      gp, -46(t5)
core   0: 3 0x8000f032 (0xfc3f2923) mem 0x80010000 0x00000001
core   0: 0x8000f036 (0x0000bfe5) c.j     pc - 8
core   0: 3 0x8000f036 (0xbfe5)
core   0: 0x8000f02e (0x00001f17) auipc   t5, 0x1
core   0: 3 0x8000f02e (0x00001f17) x30 0x8001002e
core   0: 0x8000f032 (0xfc3f2923) sw      gp, -46(t5)
core   0: 3 0x8000f032 (0xfc3f2923) mem 0x80010000 0x00000001
core   0: 0x8000f036 (0x0000bfe5) c.j     pc - 8
core   0: 3 0x8000f036 (0xbfe5)
core   0: 0x8000f02e (0x00001f17) auipc   t5, 0x1
core   0: 3 0x8000f02e (0x00001f17) x30 0x8001002e
core   0: 0x8000f032 (0xfc3f2923) sw      gp, -46(t5)
core   0: 3 0x8000f032 (0xfc3f2923) mem 0x80010000 0x00000001
core   0: 0x8000f036 (0x0000bfe5) c.j     pc - 8
core   0: 3 0x8000f036 (0xbfe5)
core   0: 0x8000f02e (0x00001f17) auipc   t5, 0x1
core   0: 3 0x8000f02e (0x00001f17) x30 0x8001002e
core   0: 0x8000f032 (0xfc3f2923) sw      gp, -46(t5)
core   0: 3 0x8000f032 (0xfc3f2923) mem 0x80010000 0x00000001
core   0: 0x8000f036 (0x0000bfe5) c.j     pc - 8
core   0: 3 0x8000f036 (0xbfe5)
core   0: 0x8000f02e (0x00001f17) auipc   t5, 0x1
core   0: 3 0x8000f02e (0x00001f17) x30 0x8001002e
core   0: 0x8000f032 (0xfc3f2923) sw      gp, -46(t5)
core   0: 3 0x8000f032 (0xfc3f2923) mem 0x80010000 0x00000001
core   0: 0x8000f036 (0x0000bfe5) c.j     pc - 8
core   0: 3 0x8000f036 (0xbfe5)
core   0: 0x8000f02e (0x00001f17) auipc   t5, 0x1
core   0: 3 0x8000f02e (0x00001f17) x30 0x8001002e
core   0: 0x8000f032 (0xfc3f2923) sw      gp, -46(t5)
core   0: 3 0x8000f032 (0xfc3f2923) mem 0x80010000 0x00000001
core   0: 0x8000f036 (0x0000bfe5) c.j     pc - 8
core   0: 3 0x8000f036 (0xbfe5)
core   0: 0x8000f02e (0x00001f17) auipc   t5, 0x1
core   0: 3 0x8000f02e (0x00001f17) x30 0x8001002e
core   0: 0x8000f032 (0xfc3f2923) sw      gp, -46(t5)
core   0: 3 0x8000f032 (0xfc3f2923) mem 0x80010000 0x00000001
core   0: 0x8000f036 (0x0000bfe5) c.j     pc - 8
core   0: 3 0x8000f036 (0xbfe5)
core   0: 0x8000f02e (0x00001f17) auipc   t5, 0x1
core   0: 3 0x8000f02e (0x00001f17) x30 0x8001002e
core   0: 0x8000f032 (0xfc3f2923) sw      gp, -46(t5)
core   0: 3 0x8000f032 (0xfc3f2923) mem 0x80010000 0x00000001
core   0: 0x8000f036 (0x0000bfe5) c.j     pc - 8
core   0: 3 0x8000f036 (0xbfe5)
core   0: 0x8000f02e (0x00001f17) auipc   t5, 0x1
core   0: 3 0x8000f02e (0x00001f17) x30 0x8001002e
core   0: 0x8000f032 (0xfc3f2923) sw      gp, -46(t5)
core   0: 3 0x8000f032 (0xfc3f2923) mem 0x80010000 0x00000001
core   0: 0x8000f036 (0x0000bfe5) c.j     pc - 8
core   0: 3 0x8000f036 (0xbfe5)
core   0: 0x8000f02e (0x00001f17) auipc   t5, 0x1
core   0: 3 0x8000f02e (0x00001f17) x30 0x8001002e
core   0: 0x8000f032 (0xfc3f2923) sw      gp, -46(t5)
core   0: 3 0x8000f032 (0xfc3f2923) mem 0x80010000 0x00000001
core   0: 0x8000f036 (0x0000bfe5) c.j     pc - 8
core   0: 3 0x8000f036 (0xbfe5)
core   0: 0x8000f02e (0x00001f17) auipc   t5, 0x1
core   0: 3 0x8000f02e (0x00001f17) x30 0x8001002e
core   0: 0x8000f032 (0xfc3f2923) sw      gp, -46(t5)
core   0: 3 0x8000f032 (0xfc3f2923) mem 0x80010000 0x00000001
core   0: 0x8000f036 (0x0000bfe5) c.j     pc - 8
core   0: 3 0x8000f036 (0xbfe5)
core   0: 0x8000f02e (0x00001f17) auipc   t5, 0x1
core   0: 3 0x8000f02e (0x00001f17) x30 0x8001002e
core   0: 0x8000f032 (0xfc3f2923) sw      gp, -46(t5)
core   0: 3 0x8000f032 (0xfc3f2923) mem 0x80010000 0x00000001
core   0: 0x8000f036 (0x0000bfe5) c.j     pc - 8
core   0: 3 0x8000f036 (0xbfe5)
core   0: 0x8000f02e (0x00001f17) auipc   t5, 0x1
core   0: 3 0x8000f02e (0x00001f17) x30 0x8001002e
core   0: 0x8000f032 (0xfc3f2923) sw      gp, -46(t5)
core   0: 3 0x8000f032 (0xfc3f2923) mem 0x80010000 0x00000001
core   0: 0x8000f036 (0x0000bfe5) c.j     pc - 8
core   0: 3 0x8000f036 (0xbfe5)
core   0: 0x8000f02e (0x00001f17) auipc   t5, 0x1
core   0: 3 0x8000f02e (0x00001f17) x30 0x8001002e
core   0: 0x8000f032 (0xfc3f2923) sw      gp, -46(t5)
core   0: 3 0x8000f032 (0xfc3f2923) mem 0x80010000 0x00000001
core   0: 0x8000f036 (0x0000bfe5) c.j     pc - 8
core   0: 3 0x8000f036 (0xbfe5)
core   0: 0x8000f02e (0x00001f17) auipc   t5, 0x1
core   0: 3 0x8000f02e (0x00001f17) x30 0x8001002e
core   0: 0x8000f032 (0xfc3f2923) sw      gp, -46(t5)
core   0: 3 0x8000f032 (0xfc3f2923) mem 0x80010000 0x00000001
core   0: 0x8000f036 (0x0000bfe5) c.j     pc - 8
core   0: 3 0x8000f036 (0xbfe5)
core   0: 0x8000f02e (0x00001f17) auipc   t5, 0x1
core   0: 3 0x8000f02e (0x00001f17) x30 0x8001002e
core   0: 0x8000f032 (0xfc3f2923) sw      gp, -46(t5)
core   0: 3 0x8000f032 (0xfc3f2923) mem 0x80010000 0x00000001
core   0: 0x8000f036 (0x0000bfe5) c.j     pc - 8
core   0: 3 0x8000f036 (0xbfe5)
core   0: 0x8000f02e (0x00001f17) auipc   t5, 0x1
core   0: 3 0x8000f02e (0x00001f17) x30 0x8001002e
core   0: 0x8000f032 (0xfc3f2923) sw      gp, -46(t5)
core   0: 3 0x8000f032 (0xfc3f2923) mem 0x80010000 0x00000001
core   0: 0x8000f036 (0x0000bfe5) c.j     pc - 8
core   0: 3 0x8000f036 (0xbfe5)
core   0: 0x8000f02e (0x00001f17) auipc   t5, 0x1
core   0: 3 0x8000f02e (0x00001f17) x30 0x8001002e
core   0: 0x8000f032 (0xfc3f2923) sw      gp, -46(t5)
core   0: 3 0x8000f032 (0xfc3f2923) mem 0x80010000 0x00000001
core   0: 0x8000f036 (0x0000bfe5) c.j     pc - 8
core   0: 3 0x8000f036 (0xbfe5)
core   0: 0x8000f02e (0x00001f17) auipc   t5, 0x1
core   0: 3 0x8000f02e (0x00001f17) x30 0x8001002e
core   0: 0x8000f032 (0xfc3f2923) sw      gp, -46(t5)
core   0: 3 0x8000f032 (0xfc3f2923) mem 0x80010000 0x00000001
core   0: 0x8000f036 (0x0000bfe5) c.j     pc - 8
core   0: 3 0x8000f036 (0xbfe5)
core   0: 0x8000f02e (0x00001f17) auipc   t5, 0x1
core   0: 3 0x8000f02e (0x00001f17) x30 0x8001002e
core   0: 0x8000f032 (0xfc3f2923) sw      gp, -46(t5)
core   0: 3 0x8000f032 (0xfc3f2923) mem 0x80010000 0x00000001
core   0: 0x8000f036 (0x0000bfe5) c.j     pc - 8
core   0: 3 0x8000f036 (0xbfe5)
core   0: 0x8000f02e (0x00001f17) auipc   t5, 0x1
core   0: 3 0x8000f02e (0x00001f17) x30 0x8001002e
core   0: 0x8000f032 (0xfc3f2923) sw      gp, -46(t5)
core   0: 3 0x8000f032 (0xfc3f2923) mem 0x80010000 0x00000001
core   0: 0x8000f036 (0x0000bfe5) c.j     pc - 8
core   0: 3 0x8000f036 (0xbfe5)
core   0: 0x8000f02e (0x00001f17) auipc   t5, 0x1
core   0: 3 0x8000f02e (0x00001f17) x30 0x8001002e
core   0: 0x8000f032 (0xfc3f2923) sw      gp, -46(t5)
core   0: 3 0x8000f032 (0xfc3f2923) mem 0x80010000 0x00000001
core   0: 0x8000f036 (0x0000bfe5) c.j     pc - 8
core   0: 3 0x8000f036 (0xbfe5)
core   0: 0x8000f02e (0x00001f17) auipc   t5, 0x1
core   0: 3 0x8000f02e (0x00001f17) x30 0x8001002e
core   0: 0x8000f032 (0xfc3f2923) sw      gp, -46(t5)
core   0: 3 0x8000f032 (0xfc3f2923) mem 0x80010000 0x00000001
core   0: 0x8000f036 (0x0000bfe5) c.j     pc - 8
core   0: 3 0x8000f036 (0xbfe5)
core   0: 0x8000f02e (0x00001f17) auipc   t5, 0x1
core   0: 3 0x8000f02e (0x00001f17) x30 0x8001002e
core   0: 0x8000f032 (0xfc3f2923) sw      gp, -46(t5)
core   0: 3 0x8000f032 (0xfc3f2923) mem 0x80010000 0x00000001
core   0: 0x8000f036 (0x0000bfe5) c.j     pc - 8
core   0: 3 0x8000f036 (0xbfe5)
core   0: 0x8000f02e (0x00001f17) auipc   t5, 0x1
core   0: 3 0x8000f02e (0x00001f17) x30 0x8001002e
core   0: 0x8000f032 (0xfc3f2923) sw      gp, -46(t5)
core   0: 3 0x8000f032 (0xfc3f2923) mem 0x80010000 0x00000001
core   0: 0x8000f036 (0x0000bfe5) c.j     pc - 8
core   0: 3 0x8000f036 (0xbfe5)
core   0: 0x8000f02e (0x00001f17) auipc   t5, 0x1
core   0: 3 0x8000f02e (0x00001f17) x30 0x8001002e
core   0: 0x8000f032 (0xfc3f2923) sw      gp, -46(t5)
core   0: 3 0x8000f032 (0xfc3f2923) mem 0x80010000 0x00000001
core   0: 0x8000f036 (0x0000bfe5) c.j     pc - 8
core   0: 3 0x8000f036 (0xbfe5)
core   0: 0x8000f02e (0x00001f17) auipc   t5, 0x1
core   0: 3 0x8000f02e (0x00001f17) x30 0x8001002e
core   0: 0x8000f032 (0xfc3f2923) sw      gp, -46(t5)
core   0: 3 0x8000f032 (0xfc3f2923) mem 0x80010000 0x00000001
core   0: 0x8000f036 (0x0000bfe5) c.j     pc - 8
core   0: 3 0x8000f036 (0xbfe5)
core   0: 0x8000f02e (0x00001f17) auipc   t5, 0x1
core   0: 3 0x8000f02e (0x00001f17) x30 0x8001002e
core   0: 0x8000f032 (0xfc3f2923) sw      gp, -46(t5)
core   0: 3 0x8000f032 (0xfc3f2923) mem 0x80010000 0x00000001
core   0: 0x8000f036 (0x0000bfe5) c.j     pc - 8
core   0: 3 0x8000f036 (0xbfe5)
core   0: 0x8000f02e (0x00001f17) auipc   t5, 0x1
core   0: 3 0x8000f02e (0x00001f17) x30 0x8001002e
core   0: 0x8000f032 (0xfc3f2923) sw      gp, -46(t5)
core   0: 3 0x8000f032 (0xfc3f2923) mem 0x80010000 0x00000001
core   0: 0x8000f036 (0x0000bfe5) c.j     pc - 8
core   0: 3 0x8000f036 (0xbfe5)
core   0: 0x8000f02e (0x00001f17) auipc   t5, 0x1
core   0: 3 0x8000f02e (0x00001f17) x30 0x8001002e
core   0: 0x8000f032 (0xfc3f2923) sw      gp, -46(t5)
core   0: 3 0x8000f032 (0xfc3f2923) mem 0x80010000 0x00000001
core   0: 0x8000f036 (0x0000bfe5) c.j     pc - 8
core   0: 3 0x8000f036 (0xbfe5)
core   0: 0x8000f02e (0x00001f17) auipc   t5, 0x1
core   0: 3 0x8000f02e (0x00001f17) x30 0x8001002e
core   0: 0x8000f032 (0xfc3f2923) sw      gp, -46(t5)
core   0: 3 0x8000f032 (0xfc3f2923) mem 0x80010000 0x00000001
core   0: 0x8000f036 (0x0000bfe5) c.j     pc - 8
core   0: 3 0x8000f036 (0xbfe5)
core   0: 0x8000f02e (0x00001f17) auipc   t5, 0x1
core   0: 3 0x8000f02e (0x00001f17) x30 0x8001002e
core   0: 0x8000f032 (0xfc3f2923) sw      gp, -46(t5)
core   0: 3 0x8000f032 (0xfc3f2923) mem 0x80010000 0x00000001
core   0: 0x8000f036 (0x0000bfe5) c.j     pc - 8
core   0: 3 0x8000f036 (0xbfe5)
core   0: 0x8000f02e (0x00001f17) auipc   t5, 0x1
core   0: 3 0x8000f02e (0x00001f17) x30 0x8001002e
core   0: 0x8000f032 (0xfc3f2923) sw      gp, -46(t5)
core   0: 3 0x8000f032 (0xfc3f2923) mem 0x80010000 0x00000001
core   0: 0x8000f036 (0x0000bfe5) c.j     pc - 8
core   0: 3 0x8000f036 (0xbfe5)
core   0: 0x8000f02e (0x00001f17) auipc   t5, 0x1
core   0: 3 0x8000f02e (0x00001f17) x30 0x8001002e
core   0: 0x8000f032 (0xfc3f2923) sw      gp, -46(t5)
core   0: 3 0x8000f032 (0xfc3f2923) mem 0x80010000 0x00000001
core   0: 0x8000f036 (0x0000bfe5) c.j     pc - 8
core   0: 3 0x8000f036 (0xbfe5)
core   0: 0x8000f02e (0x00001f17) auipc   t5, 0x1
core   0: 3 0x8000f02e (0x00001f17) x30 0x8001002e
core   0: 0x8000f032 (0xfc3f2923) sw      gp, -46(t5)
core   0: 3 0x8000f032 (0xfc3f2923) mem 0x80010000 0x00000001
core   0: 0x8000f036 (0x0000bfe5) c.j     pc - 8
core   0: 3 0x8000f036 (0xbfe5)
core   0: 0x8000f02e (0x00001f17) auipc   t5, 0x1
core   0: 3 0x8000f02e (0x00001f17) x30 0x8001002e
core   0: 0x8000f032 (0xfc3f2923) sw      gp, -46(t5)
core   0: 3 0x8000f032 (0xfc3f2923) mem 0x80010000 0x00000001
core   0: 0x8000f036 (0x0000bfe5) c.j     pc - 8
core   0: 3 0x8000f036 (0xbfe5)
core   0: 0x8000f02e (0x00001f17) auipc   t5, 0x1
core   0: 3 0x8000f02e (0x00001f17) x30 0x8001002e
core   0: 0x8000f032 (0xfc3f2923) sw      gp, -46(t5)
core   0: 3 0x8000f032 (0xfc3f2923) mem 0x80010000 0x00000001
core   0: 0x8000f036 (0x0000bfe5) c.j     pc - 8
core   0: 3 0x8000f036 (0xbfe5)
core   0: 0x8000f02e (0x00001f17) auipc   t5, 0x1
core   0: 3 0x8000f02e (0x00001f17) x30 0x8001002e
core   0: 0x8000f032 (0xfc3f2923) sw      gp, -46(t5)
core   0: 3 0x8000f032 (0xfc3f2923) mem 0x80010000 0x00000001
core   0: 0x8000f036 (0x0000bfe5) c.j     pc - 8
core   0: 3 0x8000f036 (0xbfe5)
core   0: 0x8000f02e (0x00001f17) auipc   t5, 0x1
core   0: 3 0x8000f02e (0x00001f17) x30 0x8001002e
core   0: 0x8000f032 (0xfc3f2923) sw      gp, -46(t5)
core   0: 3 0x8000f032 (0xfc3f2923) mem 0x80010000 0x00000001
core   0: 0x8000f036 (0x0000bfe5) c.j     pc - 8
core   0: 3 0x8000f036 (0xbfe5)
core   0: 0x8000f02e (0x00001f17) auipc   t5, 0x1
core   0: 3 0x8000f02e (0x00001f17) x30 0x8001002e
core   0: 0x8000f032 (0xfc3f2923) sw      gp, -46(t5)
core   0: 3 0x8000f032 (0xfc3f2923) mem 0x80010000 0x00000001
core   0: 0x8000f036 (0x0000bfe5) c.j     pc - 8
core   0: 3 0x8000f036 (0xbfe5)
core   0: 0x8000f02e (0x00001f17) auipc   t5, 0x1
core   0: 3 0x8000f02e (0x00001f17) x30 0x8001002e
core   0: 0x8000f032 (0xfc3f2923) sw      gp, -46(t5)
core   0: 3 0x8000f032 (0xfc3f2923) mem 0x80010000 0x00000001
core   0: 0x8000f036 (0x0000bfe5) c.j     pc - 8
core   0: 3 0x8000f036 (0xbfe5)
core   0: 0x8000f02e (0x00001f17) auipc   t5, 0x1
core   0: 3 0x8000f02e (0x00001f17) x30 0x8001002e
core   0: 0x8000f032 (0xfc3f2923) sw      gp, -46(t5)
core   0: 3 0x8000f032 (0xfc3f2923) mem 0x80010000 0x00000001
core   0: 0x8000f036 (0x0000bfe5) c.j     pc - 8
core   0: 3 0x8000f036 (0xbfe5)
core   0: 0x8000f02e (0x00001f17) auipc   t5, 0x1
core   0: 3 0x8000f02e (0x00001f17) x30 0x8001002e
core   0: 0x8000f032 (0xfc3f2923) sw      gp, -46(t5)
core   0: 3 0x8000f032 (0xfc3f2923) mem 0x80010000 0x00000001
core   0: 0x8000f036 (0x0000bfe5) c.j     pc - 8
core   0: 3 0x8000f036 (0xbfe5)
core   0: 0x8000f02e (0x00001f17) auipc   t5, 0x1
core   0: 3 0x8000f02e (0x00001f17) x30 0x8001002e
core   0: 0x8000f032 (0xfc3f2923) sw      gp, -46(t5)
core   0: 3 0x8000f032 (0xfc3f2923) mem 0x80010000 0x00000001
core   0: 0x8000f036 (0x0000bfe5) c.j     pc - 8
core   0: 3 0x8000f036 (0xbfe5)
core   0: 0x8000f02e (0x00001f17) auipc   t5, 0x1
core   0: 3 0x8000f02e (0x00001f17) x30 0x8001002e
core   0: 0x8000f032 (0xfc3f2923) sw      gp, -46(t5)
core   0: 3 0x8000f032 (0xfc3f2923) mem 0x80010000 0x00000001
core   0: 0x8000f036 (0x0000bfe5) c.j     pc - 8
core   0: 3 0x8000f036 (0xbfe5)
core   0: 0x8000f02e (0x00001f17) auipc   t5, 0x1
core   0: 3 0x8000f02e (0x00001f17) x30 0x8001002e
core   0: 0x8000f032 (0xfc3f2923) sw      gp, -46(t5)
core   0: 3 0x8000f032 (0xfc3f2923) mem 0x80010000 0x00000001
core   0: 0x8000f036 (0x0000bfe5) c.j     pc - 8
core   0: 3 0x8000f036 (0xbfe5)
core   0: 0x8000f02e (0x00001f17) auipc   t5, 0x1
core   0: 3 0x8000f02e (0x00001f17) x30 0x8001002e
core   0: 0x8000f032 (0xfc3f2923) sw      gp, -46(t5)
core   0: 3 0x8000f032 (0xfc3f2923) mem 0x80010000 0x00000001
core   0: 0x8000f036 (0x0000bfe5) c.j     pc - 8
core   0: 3 0x8000f036 (0xbfe5)
core   0: 0x8000f02e (0x00001f17) auipc   t5, 0x1
core   0: 3 0x8000f02e (0x00001f17) x30 0x8001002e
core   0: 0x8000f032 (0xfc3f2923) sw      gp, -46(t5)
core   0: 3 0x8000f032 (0xfc3f2923) mem 0x80010000 0x00000001
core   0: 0x8000f036 (0x0000bfe5) c.j     pc - 8
core   0: 3 0x8000f036 (0xbfe5)
core   0: 0x8000f02e (0x00001f17) auipc   t5, 0x1
core   0: 3 0x8000f02e (0x00001f17) x30 0x8001002e
core   0: 0x8000f032 (0xfc3f2923) sw      gp, -46(t5)
core   0: 3 0x8000f032 (0xfc3f2923) mem 0x80010000 0x00000001
core   0: 0x8000f036 (0x0000bfe5) c.j     pc - 8
core   0: 3 0x8000f036 (0xbfe5)
core   0: 0x8000f02e (0x00001f17) auipc   t5, 0x1
core   0: 3 0x8000f02e (0x00001f17) x30 0x8001002e
core   0: 0x8000f032 (0xfc3f2923) sw      gp, -46(t5)
core   0: 3 0x8000f032 (0xfc3f2923) mem 0x80010000 0x00000001
core   0: 0x8000f036 (0x0000bfe5) c.j     pc - 8
core   0: 3 0x8000f036 (0xbfe5)
core   0: 0x8000f02e (0x00001f17) auipc   t5, 0x1
core   0: 3 0x8000f02e (0x00001f17) x30 0x8001002e
core   0: 0x8000f032 (0xfc3f2923) sw      gp, -46(t5)
core   0: 3 0x8000f032 (0xfc3f2923) mem 0x80010000 0x00000001
core   0: 0x8000f036 (0x0000bfe5) c.j     pc - 8
core   0: 3 0x8000f036 (0xbfe5)
core   0: 0x8000f02e (0x00001f17) auipc   t5, 0x1
core   0: 3 0x8000f02e (0x00001f17) x30 0x8001002e
core   0: 0x8000f032 (0xfc3f2923) sw      gp, -46(t5)
core   0: 3 0x8000f032 (0xfc3f2923) mem 0x80010000 0x00000001
core   0: 0x8000f036 (0x0000bfe5) c.j     pc - 8
core   0: 3 0x8000f036 (0xbfe5)
core   0: 0x8000f02e (0x00001f17) auipc   t5, 0x1
core   0: 3 0x8000f02e (0x00001f17) x30 0x8001002e
core   0: 0x8000f032 (0xfc3f2923) sw      gp, -46(t5)
core   0: 3 0x8000f032 (0xfc3f2923) mem 0x80010000 0x00000001
core   0: 0x8000f036 (0x0000bfe5) c.j     pc - 8
core   0: 3 0x8000f036 (0xbfe5)
core   0: 0x8000f02e (0x00001f17) auipc   t5, 0x1
core   0: 3 0x8000f02e (0x00001f17) x30 0x8001002e
core   0: 0x8000f032 (0xfc3f2923) sw      gp, -46(t5)
core   0: 3 0x8000f032 (0xfc3f2923) mem 0x80010000 0x00000001
core   0: 0x8000f036 (0x0000bfe5) c.j     pc - 8
core   0: 3 0x8000f036 (0xbfe5)
core   0: 0x8000f02e (0x00001f17) auipc   t5, 0x1
core   0: 3 0x8000f02e (0x00001f17) x30 0x8001002e
core   0: 0x8000f032 (0xfc3f2923) sw      gp, -46(t5)
core   0: 3 0x8000f032 (0xfc3f2923) mem 0x80010000 0x00000001
core   0: 0x8000f036 (0x0000bfe5) c.j     pc - 8
core   0: 3 0x8000f036 (0xbfe5)
core   0: 0x8000f02e (0x00001f17) auipc   t5, 0x1
core   0: 3 0x8000f02e (0x00001f17) x30 0x8001002e
core   0: 0x8000f032 (0xfc3f2923) sw      gp, -46(t5)
core   0: 3 0x8000f032 (0xfc3f2923) mem 0x80010000 0x00000001
core   0: 0x8000f036 (0x0000bfe5) c.j     pc - 8
core   0: 3 0x8000f036 (0xbfe5)
core   0: 0x8000f02e (0x00001f17) auipc   t5, 0x1
core   0: 3 0x8000f02e (0x00001f17) x30 0x8001002e
core   0: 0x8000f032 (0xfc3f2923) sw      gp, -46(t5)
core   0: 3 0x8000f032 (0xfc3f2923) mem 0x80010000 0x00000001
core   0: 0x8000f036 (0x0000bfe5) c.j     pc - 8
core   0: 3 0x8000f036 (0xbfe5)
core   0: 0x8000f02e (0x00001f17) auipc   t5, 0x1
core   0: 3 0x8000f02e (0x00001f17) x30 0x8001002e
core   0: 0x8000f032 (0xfc3f2923) sw      gp, -46(t5)
core   0: 3 0x8000f032 (0xfc3f2923) mem 0x80010000 0x00000001
core   0: 0x8000f036 (0x0000bfe5) c.j     pc - 8
core   0: 3 0x8000f036 (0xbfe5)
core   0: 0x8000f02e (0x00001f17) auipc   t5, 0x1
core   0: 3 0x8000f02e (0x00001f17) x30 0x8001002e
core   0: 0x8000f032 (0xfc3f2923) sw      gp, -46(t5)
core   0: 3 0x8000f032 (0xfc3f2923) mem 0x80010000 0x00000001
core   0: 0x8000f036 (0x0000bfe5) c.j     pc - 8
core   0: 3 0x8000f036 (0xbfe5)
core   0: 0x8000f02e (0x00001f17) auipc   t5, 0x1
core   0: 3 0x8000f02e (0x00001f17) x30 0x8001002e
core   0: 0x8000f032 (0xfc3f2923) sw      gp, -46(t5)
core   0: 3 0x8000f032 (0xfc3f2923) mem 0x80010000 0x00000001
core   0: 0x8000f036 (0x0000bfe5) c.j     pc - 8
core   0: 3 0x8000f036 (0xbfe5)
core   0: 0x8000f02e (0x00001f17) auipc   t5, 0x1
core   0: 3 0x8000f02e (0x00001f17) x30 0x8001002e
core   0: 0x8000f032 (0xfc3f2923) sw      gp, -46(t5)
core   0: 3 0x8000f032 (0xfc3f2923) mem 0x80010000 0x00000001
core   0: 0x8000f036 (0x0000bfe5) c.j     pc - 8
core   0: 3 0x8000f036 (0xbfe5)
core   0: 0x8000f02e (0x00001f17) auipc   t5, 0x1
core   0: 3 0x8000f02e (0x00001f17) x30 0x8001002e
core   0: 0x8000f032 (0xfc3f2923) sw      gp, -46(t5)
core   0: 3 0x8000f032 (0xfc3f2923) mem 0x80010000 0x00000001
core   0: 0x8000f036 (0x0000bfe5) c.j     pc - 8
core   0: 3 0x8000f036 (0xbfe5)
core   0: 0x8000f02e (0x00001f17) auipc   t5, 0x1
core   0: 3 0x8000f02e (0x00001f17) x30 0x8001002e
core   0: 0x8000f032 (0xfc3f2923) sw      gp, -46(t5)
core   0: 3 0x8000f032 (0xfc3f2923) mem 0x80010000 0x00000001
core   0: 0x8000f036 (0x0000bfe5) c.j     pc - 8
core   0: 3 0x8000f036 (0xbfe5)
core   0: 0x8000f02e (0x00001f17) auipc   t5, 0x1
core   0: 3 0x8000f02e (0x00001f17) x30 0x8001002e
core   0: 0x8000f032 (0xfc3f2923) sw      gp, -46(t5)
core   0: 3 0x8000f032 (0xfc3f2923) mem 0x80010000 0x00000001
core   0: 0x8000f036 (0x0000bfe5) c.j     pc - 8
core   0: 3 0x8000f036 (0xbfe5)
core   0: 0x8000f02e (0x00001f17) auipc   t5, 0x1
core   0: 3 0x8000f02e (0x00001f17) x30 0x8001002e
core   0: 0x8000f032 (0xfc3f2923) sw      gp, -46(t5)
core   0: 3 0x8000f032 (0xfc3f2923) mem 0x80010000 0x00000001
core   0: 0x8000f036 (0x0000bfe5) c.j     pc - 8
core   0: 3 0x8000f036 (0xbfe5)
core   0: 0x8000f02e (0x00001f17) auipc   t5, 0x1
core   0: 3 0x8000f02e (0x00001f17) x30 0x8001002e
core   0: 0x8000f032 (0xfc3f2923) sw      gp, -46(t5)
core   0: 3 0x8000f032 (0xfc3f2923) mem 0x80010000 0x00000001
core   0: 0x8000f036 (0x0000bfe5) c.j     pc - 8
core   0: 3 0x8000f036 (0xbfe5)
core   0: 0x8000f02e (0x00001f17) auipc   t5, 0x1
core   0: 3 0x8000f02e (0x00001f17) x30 0x8001002e
core   0: 0x8000f032 (0xfc3f2923) sw      gp, -46(t5)
core   0: 3 0x8000f032 (0xfc3f2923) mem 0x80010000 0x00000001
core   0: 0x8000f036 (0x0000bfe5) c.j     pc - 8
core   0: 3 0x8000f036 (0xbfe5)
core   0: 0x8000f02e (0x00001f17) auipc   t5, 0x1
core   0: 3 0x8000f02e (0x00001f17) x30 0x8001002e
core   0: 0x8000f032 (0xfc3f2923) sw      gp, -46(t5)
core   0: 3 0x8000f032 (0xfc3f2923) mem 0x80010000 0x00000001
core   0: 0x8000f036 (0x0000bfe5) c.j     pc - 8
core   0: 3 0x8000f036 (0xbfe5)
core   0: 0x8000f02e (0x00001f17) auipc   t5, 0x1
core   0: 3 0x8000f02e (0x00001f17) x30 0x8001002e
core   0: 0x8000f032 (0xfc3f2923) sw      gp, -46(t5)
core   0: 3 0x8000f032 (0xfc3f2923) mem 0x80010000 0x00000001
core   0: 0x8000f036 (0x0000bfe5) c.j     pc - 8
core   0: 3 0x8000f036 (0xbfe5)
core   0: 0x8000f02e (0x00001f17) auipc   t5, 0x1
core   0: 3 0x8000f02e (0x00001f17) x30 0x8001002e
core   0: 0x8000f032 (0xfc3f2923) sw      gp, -46(t5)
core   0: 3 0x8000f032 (0xfc3f2923) mem 0x80010000 0x00000001
core   0: 0x8000f036 (0x0000bfe5) c.j     pc - 8
core   0: 3 0x8000f036 (0xbfe5)
core   0: 0x8000f02e (0x00001f17) auipc   t5, 0x1
core   0: 3 0x8000f02e (0x00001f17) x30 0x8001002e
core   0: 0x8000f032 (0xfc3f2923) sw      gp, -46(t5)
core   0: 3 0x8000f032 (0xfc3f2923) mem 0x80010000 0x00000001
core   0: 0x8000f036 (0x0000bfe5) c.j     pc - 8
core   0: 3 0x8000f036 (0xbfe5)
core   0: 0x8000f02e (0x00001f17) auipc   t5, 0x1
core   0: 3 0x8000f02e (0x00001f17) x30 0x8001002e
core   0: 0x8000f032 (0xfc3f2923) sw      gp, -46(t5)
core   0: 3 0x8000f032 (0xfc3f2923) mem 0x80010000 0x00000001
core   0: 0x8000f036 (0x0000bfe5) c.j     pc - 8
core   0: 3 0x8000f036 (0xbfe5)
core   0: 0x8000f02e (0x00001f17) auipc   t5, 0x1
core   0: 3 0x8000f02e (0x00001f17) x30 0x8001002e
core   0: 0x8000f032 (0xfc3f2923) sw      gp, -46(t5)
core   0: 3 0x8000f032 (0xfc3f2923) mem 0x80010000 0x00000001
core   0: 0x8000f036 (0x0000bfe5) c.j     pc - 8
core   0: 3 0x8000f036 (0xbfe5)
core   0: 0x8000f02e (0x00001f17) auipc   t5, 0x1
core   0: 3 0x8000f02e (0x00001f17) x30 0x8001002e
core   0: 0x8000f032 (0xfc3f2923) sw      gp, -46(t5)
core   0: 3 0x8000f032 (0xfc3f2923) mem 0x80010000 0x00000001
core   0: 0x8000f036 (0x0000bfe5) c.j     pc - 8
core   0: 3 0x8000f036 (0xbfe5)
core   0: 0x8000f02e (0x00001f17) auipc   t5, 0x1
core   0: 3 0x8000f02e (0x00001f17) x30 0x8001002e
core   0: 0x8000f032 (0xfc3f2923) sw      gp, -46(t5)
core   0: 3 0x8000f032 (0xfc3f2923) mem 0x80010000 0x00000001
core   0: 0x8000f036 (0x0000bfe5) c.j     pc - 8
core   0: 3 0x8000f036 (0xbfe5)
core   0: 0x8000f02e (0x00001f17) auipc   t5, 0x1
core   0: 3 0x8000f02e (0x00001f17) x30 0x8001002e
core   0: 0x8000f032 (0xfc3f2923) sw      gp, -46(t5)
core   0: 3 0x8000f032 (0xfc3f2923) mem 0x80010000 0x00000001
core   0: 0x8000f036 (0x0000bfe5) c.j     pc - 8
core   0: 3 0x8000f036 (0xbfe5)
core   0: 0x8000f02e (0x00001f17) auipc   t5, 0x1
core   0: 3 0x8000f02e (0x00001f17) x30 0x8001002e
core   0: 0x8000f032 (0xfc3f2923) sw      gp, -46(t5)
core   0: 3 0x8000f032 (0xfc3f2923) mem 0x80010000 0x00000001
core   0: 0x8000f036 (0x0000bfe5) c.j     pc - 8
core   0: 3 0x8000f036 (0xbfe5)
core   0: 0x8000f02e (0x00001f17) auipc   t5, 0x1
core   0: 3 0x8000f02e (0x00001f17) x30 0x8001002e
core   0: 0x8000f032 (0xfc3f2923) sw      gp, -46(t5)
core   0: 3 0x8000f032 (0xfc3f2923) mem 0x80010000 0x00000001
core   0: 0x8000f036 (0x0000bfe5) c.j     pc - 8
core   0: 3 0x8000f036 (0xbfe5)
core   0: 0x8000f02e (0x00001f17) auipc   t5, 0x1
core   0: 3 0x8000f02e (0x00001f17) x30 0x8001002e
core   0: 0x8000f032 (0xfc3f2923) sw      gp, -46(t5)
core   0: 3 0x8000f032 (0xfc3f2923) mem 0x80010000 0x00000001
core   0: 0x8000f036 (0x0000bfe5) c.j     pc - 8
core   0: 3 0x8000f036 (0xbfe5)
core   0: 0x8000f02e (0x00001f17) auipc   t5, 0x1
core   0: 3 0x8000f02e (0x00001f17) x30 0x8001002e
core   0: 0x8000f032 (0xfc3f2923) sw      gp, -46(t5)
core   0: 3 0x8000f032 (0xfc3f2923) mem 0x80010000 0x00000001
core   0: 0x8000f036 (0x0000bfe5) c.j     pc - 8
core   0: 3 0x8000f036 (0xbfe5)
core   0: 0x8000f02e (0x00001f17) auipc   t5, 0x1
core   0: 3 0x8000f02e (0x00001f17) x30 0x8001002e
core   0: 0x8000f032 (0xfc3f2923) sw      gp, -46(t5)
core   0: 3 0x8000f032 (0xfc3f2923) mem 0x80010000 0x00000001
core   0: 0x8000f036 (0x0000bfe5) c.j     pc - 8
core   0: 3 0x8000f036 (0xbfe5)
core   0: 0x8000f02e (0x00001f17) auipc   t5, 0x1
core   0: 3 0x8000f02e (0x00001f17) x30 0x8001002e
core   0: 0x8000f032 (0xfc3f2923) sw      gp, -46(t5)
core   0: 3 0x8000f032 (0xfc3f2923) mem 0x80010000 0x00000001
core   0: 0x8000f036 (0x0000bfe5) c.j     pc - 8
core   0: 3 0x8000f036 (0xbfe5)
core   0: 0x8000f02e (0x00001f17) auipc   t5, 0x1
core   0: 3 0x8000f02e (0x00001f17) x30 0x8001002e
core   0: 0x8000f032 (0xfc3f2923) sw      gp, -46(t5)
core   0: 3 0x8000f032 (0xfc3f2923) mem 0x80010000 0x00000001
core   0: 0x8000f036 (0x0000bfe5) c.j     pc - 8
core   0: 3 0x8000f036 (0xbfe5)
core   0: 0x8000f02e (0x00001f17) auipc   t5, 0x1
core   0: 3 0x8000f02e (0x00001f17) x30 0x8001002e
core   0: 0x8000f032 (0xfc3f2923) sw      gp, -46(t5)
core   0: 3 0x8000f032 (0xfc3f2923) mem 0x80010000 0x00000001
core   0: 0x8000f036 (0x0000bfe5) c.j     pc - 8
core   0: 3 0x8000f036 (0xbfe5)
core   0: 0x8000f02e (0x00001f17) auipc   t5, 0x1
core   0: 3 0x8000f02e (0x00001f17) x30 0x8001002e
core   0: 0x8000f032 (0xfc3f2923) sw      gp, -46(t5)
core   0: 3 0x8000f032 (0xfc3f2923) mem 0x80010000 0x00000001
core   0: 0x8000f036 (0x0000bfe5) c.j     pc - 8
core   0: 3 0x8000f036 (0xbfe5)
core   0: 0x8000f02e (0x00001f17) auipc   t5, 0x1
core   0: 3 0x8000f02e (0x00001f17) x30 0x8001002e
core   0: 0x8000f032 (0xfc3f2923) sw      gp, -46(t5)
core   0: 3 0x8000f032 (0xfc3f2923) mem 0x80010000 0x00000001
core   0: 0x8000f036 (0x0000bfe5) c.j     pc - 8
core   0: 3 0x8000f036 (0xbfe5)
core   0: 0x8000f02e (0x00001f17) auipc   t5, 0x1
core   0: 3 0x8000f02e (0x00001f17) x30 0x8001002e
core   0: 0x8000f032 (0xfc3f2923) sw      gp, -46(t5)
core   0: 3 0x8000f032 (0xfc3f2923) mem 0x80010000 0x00000001
core   0: 0x8000f036 (0x0000bfe5) c.j     pc - 8
core   0: 3 0x8000f036 (0xbfe5)
core   0: 0x8000f02e (0x00001f17) auipc   t5, 0x1
core   0: 3 0x8000f02e (0x00001f17) x30 0x8001002e
core   0: 0x8000f032 (0xfc3f2923) sw      gp, -46(t5)
core   0: 3 0x8000f032 (0xfc3f2923) mem 0x80010000 0x00000001
core   0: 0x8000f036 (0x0000bfe5) c.j     pc - 8
core   0: 3 0x8000f036 (0xbfe5)
core   0: 0x8000f02e (0x00001f17) auipc   t5, 0x1
core   0: 3 0x8000f02e (0x00001f17) x30 0x8001002e
core   0: 0x8000f032 (0xfc3f2923) sw      gp, -46(t5)
core   0: 3 0x8000f032 (0xfc3f2923) mem 0x80010000 0x00000001
core   0: 0x8000f036 (0x0000bfe5) c.j     pc - 8
core   0: 3 0x8000f036 (0xbfe5)
core   0: 0x8000f02e (0x00001f17) auipc   t5, 0x1
core   0: 3 0x8000f02e (0x00001f17) x30 0x8001002e
core   0: 0x8000f032 (0xfc3f2923) sw      gp, -46(t5)
core   0: 3 0x8000f032 (0xfc3f2923) mem 0x80010000 0x00000001
core   0: 0x8000f036 (0x0000bfe5) c.j     pc - 8
core   0: 3 0x8000f036 (0xbfe5)
core   0: 0x8000f02e (0x00001f17) auipc   t5, 0x1
core   0: 3 0x8000f02e (0x00001f17) x30 0x8001002e
core   0: 0x8000f032 (0xfc3f2923) sw      gp, -46(t5)
core   0: 3 0x8000f032 (0xfc3f2923) mem 0x80010000 0x00000001
core   0: 0x8000f036 (0x0000bfe5) c.j     pc - 8
core   0: 3 0x8000f036 (0xbfe5)
core   0: 0x8000f02e (0x00001f17) auipc   t5, 0x1
core   0: 3 0x8000f02e (0x00001f17) x30 0x8001002e
core   0: 0x8000f032 (0xfc3f2923) sw      gp, -46(t5)
core   0: 3 0x8000f032 (0xfc3f2923) mem 0x80010000 0x00000001
core   0: 0x8000f036 (0x0000bfe5) c.j     pc - 8
core   0: 3 0x8000f036 (0xbfe5)
core   0: 0x8000f02e (0x00001f17) auipc   t5, 0x1
core   0: 3 0x8000f02e (0x00001f17) x30 0x8001002e
core   0: 0x8000f032 (0xfc3f2923) sw      gp, -46(t5)
core   0: 3 0x8000f032 (0xfc3f2923) mem 0x80010000 0x00000001
core   0: 0x8000f036 (0x0000bfe5) c.j     pc - 8
core   0: 3 0x8000f036 (0xbfe5)
core   0: 0x8000f02e (0x00001f17) auipc   t5, 0x1
core   0: 3 0x8000f02e (0x00001f17) x30 0x8001002e
core   0: 0x8000f032 (0xfc3f2923) sw      gp, -46(t5)
core   0: 3 0x8000f032 (0xfc3f2923) mem 0x80010000 0x00000001
core   0: 0x8000f036 (0x0000bfe5) c.j     pc - 8
core   0: 3 0x8000f036 (0xbfe5)
core   0: 0x8000f02e (0x00001f17) auipc   t5, 0x1
core   0: 3 0x8000f02e (0x00001f17) x30 0x8001002e
core   0: 0x8000f032 (0xfc3f2923) sw      gp, -46(t5)
core   0: 3 0x8000f032 (0xfc3f2923) mem 0x80010000 0x00000001
core   0: 0x8000f036 (0x0000bfe5) c.j     pc - 8
core   0: 3 0x8000f036 (0xbfe5)
core   0: 0x8000f02e (0x00001f17) auipc   t5, 0x1
core   0: 3 0x8000f02e (0x00001f17) x30 0x8001002e
core   0: 0x8000f032 (0xfc3f2923) sw      gp, -46(t5)
core   0: 3 0x8000f032 (0xfc3f2923) mem 0x80010000 0x00000001
core   0: 0x8000f036 (0x0000bfe5) c.j     pc - 8
core   0: 3 0x8000f036 (0xbfe5)
core   0: 0x8000f02e (0x00001f17) auipc   t5, 0x1
core   0: 3 0x8000f02e (0x00001f17) x30 0x8001002e
core   0: 0x8000f032 (0xfc3f2923) sw      gp, -46(t5)
core   0: 3 0x8000f032 (0xfc3f2923) mem 0x80010000 0x00000001
core   0: 0x8000f036 (0x0000bfe5) c.j     pc - 8
core   0: 3 0x8000f036 (0xbfe5)
core   0: 0x8000f02e (0x00001f17) auipc   t5, 0x1
core   0: 3 0x8000f02e (0x00001f17) x30 0x8001002e
core   0: 0x8000f032 (0xfc3f2923) sw      gp, -46(t5)
core   0: 3 0x8000f032 (0xfc3f2923) mem 0x80010000 0x00000001
core   0: 0x8000f036 (0x0000bfe5) c.j     pc - 8
core   0: 3 0x8000f036 (0xbfe5)
core   0: 0x8000f02e (0x00001f17) auipc   t5, 0x1
core   0: 3 0x8000f02e (0x00001f17) x30 0x8001002e
core   0: 0x8000f032 (0xfc3f2923) sw      gp, -46(t5)
core   0: 3 0x8000f032 (0xfc3f2923) mem 0x80010000 0x00000001
core   0: 0x8000f036 (0x0000bfe5) c.j     pc - 8
core   0: 3 0x8000f036 (0xbfe5)
core   0: 0x8000f02e (0x00001f17) auipc   t5, 0x1
core   0: 3 0x8000f02e (0x00001f17) x30 0x8001002e
core   0: 0x8000f032 (0xfc3f2923) sw      gp, -46(t5)
core   0: 3 0x8000f032 (0xfc3f2923) mem 0x80010000 0x00000001
core   0: 0x8000f036 (0x0000bfe5) c.j     pc - 8
core   0: 3 0x8000f036 (0xbfe5)
core   0: 0x8000f02e (0x00001f17) auipc   t5, 0x1
core   0: 3 0x8000f02e (0x00001f17) x30 0x8001002e
core   0: 0x8000f032 (0xfc3f2923) sw      gp, -46(t5)
core   0: 3 0x8000f032 (0xfc3f2923) mem 0x80010000 0x00000001
core   0: 0x8000f036 (0x0000bfe5) c.j     pc - 8
core   0: 3 0x8000f036 (0xbfe5)
core   0: 0x8000f02e (0x00001f17) auipc   t5, 0x1
core   0: 3 0x8000f02e (0x00001f17) x30 0x8001002e
core   0: 0x8000f032 (0xfc3f2923) sw      gp, -46(t5)
core   0: 3 0x8000f032 (0xfc3f2923) mem 0x80010000 0x00000001
core   0: 0x8000f036 (0x0000bfe5) c.j     pc - 8
core   0: 3 0x8000f036 (0xbfe5)
core   0: 0x8000f02e (0x00001f17) auipc   t5, 0x1
core   0: 3 0x8000f02e (0x00001f17) x30 0x8001002e
core   0: 0x8000f032 (0xfc3f2923) sw      gp, -46(t5)
core   0: 3 0x8000f032 (0xfc3f2923) mem 0x80010000 0x00000001
core   0: 0x8000f036 (0x0000bfe5) c.j     pc - 8
core   0: 3 0x8000f036 (0xbfe5)
core   0: 0x8000f02e (0x00001f17) auipc   t5, 0x1
core   0: 3 0x8000f02e (0x00001f17) x30 0x8001002e
core   0: 0x8000f032 (0xfc3f2923) sw      gp, -46(t5)
core   0: 3 0x8000f032 (0xfc3f2923) mem 0x80010000 0x00000001
core   0: 0x8000f036 (0x0000bfe5) c.j     pc - 8
core   0: 3 0x8000f036 (0xbfe5)
core   0: 0x8000f02e (0x00001f17) auipc   t5, 0x1
core   0: 3 0x8000f02e (0x00001f17) x30 0x8001002e
core   0: 0x8000f032 (0xfc3f2923) sw      gp, -46(t5)
core   0: 3 0x8000f032 (0xfc3f2923) mem 0x80010000 0x00000001
core   0: 0x8000f036 (0x0000bfe5) c.j     pc - 8
core   0: 3 0x8000f036 (0xbfe5)
core   0: 0x8000f02e (0x00001f17) auipc   t5, 0x1
core   0: 3 0x8000f02e (0x00001f17) x30 0x8001002e
core   0: 0x8000f032 (0xfc3f2923) sw      gp, -46(t5)
core   0: 3 0x8000f032 (0xfc3f2923) mem 0x80010000 0x00000001
core   0: 0x8000f036 (0x0000bfe5) c.j     pc - 8
core   0: 3 0x8000f036 (0xbfe5)
core   0: 0x8000f02e (0x00001f17) auipc   t5, 0x1
core   0: 3 0x8000f02e (0x00001f17) x30 0x8001002e
core   0: 0x8000f032 (0xfc3f2923) sw      gp, -46(t5)
core   0: 3 0x8000f032 (0xfc3f2923) mem 0x80010000 0x00000001
core   0: 0x8000f036 (0x0000bfe5) c.j     pc - 8
core   0: 3 0x8000f036 (0xbfe5)
core   0: 0x8000f02e (0x00001f17) auipc   t5, 0x1
core   0: 3 0x8000f02e (0x00001f17) x30 0x8001002e
core   0: 0x8000f032 (0xfc3f2923) sw      gp, -46(t5)
core   0: 3 0x8000f032 (0xfc3f2923) mem 0x80010000 0x00000001
core   0: 0x8000f036 (0x0000bfe5) c.j     pc - 8
core   0: 3 0x8000f036 (0xbfe5)
core   0: 0x8000f02e (0x00001f17) auipc   t5, 0x1
core   0: 3 0x8000f02e (0x00001f17) x30 0x8001002e
core   0: 0x8000f032 (0xfc3f2923) sw      gp, -46(t5)
core   0: 3 0x8000f032 (0xfc3f2923) mem 0x80010000 0x00000001
core   0: 0x8000f036 (0x0000bfe5) c.j     pc - 8
core   0: 3 0x8000f036 (0xbfe5)
core   0: 0x8000f02e (0x00001f17) auipc   t5, 0x1
core   0: 3 0x8000f02e (0x00001f17) x30 0x8001002e
core   0: 0x8000f032 (0xfc3f2923) sw      gp, -46(t5)
core   0: 3 0x8000f032 (0xfc3f2923) mem 0x80010000 0x00000001
core   0: 0x8000f036 (0x0000bfe5) c.j     pc - 8
core   0: 3 0x8000f036 (0xbfe5)
core   0: 0x8000f02e (0x00001f17) auipc   t5, 0x1
core   0: 3 0x8000f02e (0x00001f17) x30 0x8001002e
core   0: 0x8000f032 (0xfc3f2923) sw      gp, -46(t5)
core   0: 3 0x8000f032 (0xfc3f2923) mem 0x80010000 0x00000001
core   0: 0x8000f036 (0x0000bfe5) c.j     pc - 8
core   0: 3 0x8000f036 (0xbfe5)
core   0: 0x8000f02e (0x00001f17) auipc   t5, 0x1
core   0: 3 0x8000f02e (0x00001f17) x30 0x8001002e
core   0: 0x8000f032 (0xfc3f2923) sw      gp, -46(t5)
core   0: 3 0x8000f032 (0xfc3f2923) mem 0x80010000 0x00000001
core   0: 0x8000f036 (0x0000bfe5) c.j     pc - 8
core   0: 3 0x8000f036 (0xbfe5)
core   0: 0x8000f02e (0x00001f17) auipc   t5, 0x1
core   0: 3 0x8000f02e (0x00001f17) x30 0x8001002e
core   0: 0x8000f032 (0xfc3f2923) sw      gp, -46(t5)
core   0: 3 0x8000f032 (0xfc3f2923) mem 0x80010000 0x00000001
core   0: 0x8000f036 (0x0000bfe5) c.j     pc - 8
core   0: 3 0x8000f036 (0xbfe5)
core   0: 0x8000f02e (0x00001f17) auipc   t5, 0x1
core   0: 3 0x8000f02e (0x00001f17) x30 0x8001002e
core   0: 0x8000f032 (0xfc3f2923) sw      gp, -46(t5)
core   0: 3 0x8000f032 (0xfc3f2923) mem 0x80010000 0x00000001
core   0: 0x8000f036 (0x0000bfe5) c.j     pc - 8
core   0: 3 0x8000f036 (0xbfe5)
core   0: 0x8000f02e (0x00001f17) auipc   t5, 0x1
core   0: 3 0x8000f02e (0x00001f17) x30 0x8001002e
core   0: 0x8000f032 (0xfc3f2923) sw      gp, -46(t5)
core   0: 3 0x8000f032 (0xfc3f2923) mem 0x80010000 0x00000001
core   0: 0x8000f036 (0x0000bfe5) c.j     pc - 8
core   0: 3 0x8000f036 (0xbfe5)
core   0: 0x8000f02e (0x00001f17) auipc   t5, 0x1
core   0: 3 0x8000f02e (0x00001f17) x30 0x8001002e
core   0: 0x8000f032 (0xfc3f2923) sw      gp, -46(t5)
core   0: 3 0x8000f032 (0xfc3f2923) mem 0x80010000 0x00000001
core   0: 0x8000f036 (0x0000bfe5) c.j     pc - 8
core   0: 3 0x8000f036 (0xbfe5)
core   0: 0x8000f02e (0x00001f17) auipc   t5, 0x1
core   0: 3 0x8000f02e (0x00001f17) x30 0x8001002e
core   0: 0x8000f032 (0xfc3f2923) sw      gp, -46(t5)
core   0: 3 0x8000f032 (0xfc3f2923) mem 0x80010000 0x00000001
core   0: 0x8000f036 (0x0000bfe5) c.j     pc - 8
core   0: 3 0x8000f036 (0xbfe5)
core   0: 0x8000f02e (0x00001f17) auipc   t5, 0x1
core   0: 3 0x8000f02e (0x00001f17) x30 0x8001002e
core   0: 0x8000f032 (0xfc3f2923) sw      gp, -46(t5)
core   0: 3 0x8000f032 (0xfc3f2923) mem 0x80010000 0x00000001
core   0: 0x8000f036 (0x0000bfe5) c.j     pc - 8
core   0: 3 0x8000f036 (0xbfe5)
core   0: 0x8000f02e (0x00001f17) auipc   t5, 0x1
core   0: 3 0x8000f02e (0x00001f17) x30 0x8001002e
core   0: 0x8000f032 (0xfc3f2923) sw      gp, -46(t5)
core   0: 3 0x8000f032 (0xfc3f2923) mem 0x80010000 0x00000001
core   0: 0x8000f036 (0x0000bfe5) c.j     pc - 8
core   0: 3 0x8000f036 (0xbfe5)
core   0: 0x8000f02e (0x00001f17) auipc   t5, 0x1
core   0: 3 0x8000f02e (0x00001f17) x30 0x8001002e
core   0: 0x8000f032 (0xfc3f2923) sw      gp, -46(t5)
core   0: 3 0x8000f032 (0xfc3f2923) mem 0x80010000 0x00000001
core   0: 0x8000f036 (0x0000bfe5) c.j     pc - 8
core   0: 3 0x8000f036 (0xbfe5)
core   0: 0x8000f02e (0x00001f17) auipc   t5, 0x1
core   0: 3 0x8000f02e (0x00001f17) x30 0x8001002e
core   0: 0x8000f032 (0xfc3f2923) sw      gp, -46(t5)
core   0: 3 0x8000f032 (0xfc3f2923) mem 0x80010000 0x00000001
core   0: 0x8000f036 (0x0000bfe5) c.j     pc - 8
core   0: 3 0x8000f036 (0xbfe5)
core   0: 0x8000f02e (0x00001f17) auipc   t5, 0x1
core   0: 3 0x8000f02e (0x00001f17) x30 0x8001002e
core   0: 0x8000f032 (0xfc3f2923) sw      gp, -46(t5)
core   0: 3 0x8000f032 (0xfc3f2923) mem 0x80010000 0x00000001
core   0: 0x8000f036 (0x0000bfe5) c.j     pc - 8
core   0: 3 0x8000f036 (0xbfe5)
core   0: 0x8000f02e (0x00001f17) auipc   t5, 0x1
core   0: 3 0x8000f02e (0x00001f17) x30 0x8001002e
core   0: 0x8000f032 (0xfc3f2923) sw      gp, -46(t5)
core   0: 3 0x8000f032 (0xfc3f2923) mem 0x80010000 0x00000001
core   0: 0x8000f036 (0x0000bfe5) c.j     pc - 8
core   0: 3 0x8000f036 (0xbfe5)
core   0: 0x8000f02e (0x00001f17) auipc   t5, 0x1
core   0: 3 0x8000f02e (0x00001f17) x30 0x8001002e
core   0: 0x8000f032 (0xfc3f2923) sw      gp, -46(t5)
core   0: 3 0x8000f032 (0xfc3f2923) mem 0x80010000 0x00000001
core   0: 0x8000f036 (0x0000bfe5) c.j     pc - 8
core   0: 3 0x8000f036 (0xbfe5)
core   0: 0x8000f02e (0x00001f17) auipc   t5, 0x1
core   0: 3 0x8000f02e (0x00001f17) x30 0x8001002e
core   0: 0x8000f032 (0xfc3f2923) sw      gp, -46(t5)
core   0: 3 0x8000f032 (0xfc3f2923) mem 0x80010000 0x00000001
core   0: 0x8000f036 (0x0000bfe5) c.j     pc - 8
core   0: 3 0x8000f036 (0xbfe5)
core   0: 0x8000f02e (0x00001f17) auipc   t5, 0x1
core   0: 3 0x8000f02e (0x00001f17) x30 0x8001002e
core   0: 0x8000f032 (0xfc3f2923) sw      gp, -46(t5)
core   0: 3 0x8000f032 (0xfc3f2923) mem 0x80010000 0x00000001
core   0: 0x8000f036 (0x0000bfe5) c.j     pc - 8
core   0: 3 0x8000f036 (0xbfe5)
core   0: 0x8000f02e (0x00001f17) auipc   t5, 0x1
core   0: 3 0x8000f02e (0x00001f17) x30 0x8001002e
core   0: 0x8000f032 (0xfc3f2923) sw      gp, -46(t5)
core   0: 3 0x8000f032 (0xfc3f2923) mem 0x80010000 0x00000001
core   0: 0x8000f036 (0x0000bfe5) c.j     pc - 8
core   0: 3 0x8000f036 (0xbfe5)
core   0: 0x8000f02e (0x00001f17) auipc   t5, 0x1
core   0: 3 0x8000f02e (0x00001f17) x30 0x8001002e
core   0: 0x8000f032 (0xfc3f2923) sw      gp, -46(t5)
core   0: 3 0x8000f032 (0xfc3f2923) mem 0x80010000 0x00000001
core   0: 0x8000f036 (0x0000bfe5) c.j     pc - 8
core   0: 3 0x8000f036 (0xbfe5)
core   0: 0x8000f02e (0x00001f17) auipc   t5, 0x1
core   0: 3 0x8000f02e (0x00001f17) x30 0x8001002e
core   0: 0x8000f032 (0xfc3f2923) sw      gp, -46(t5)
core   0: 3 0x8000f032 (0xfc3f2923) mem 0x80010000 0x00000001
core   0: 0x8000f036 (0x0000bfe5) c.j     pc - 8
core   0: 3 0x8000f036 (0xbfe5)
core   0: 0x8000f02e (0x00001f17) auipc   t5, 0x1
core   0: 3 0x8000f02e (0x00001f17) x30 0x8001002e
core   0: 0x8000f032 (0xfc3f2923) sw      gp, -46(t5)
core   0: 3 0x8000f032 (0xfc3f2923) mem 0x80010000 0x00000001
core   0: 0x8000f036 (0x0000bfe5) c.j     pc - 8
core   0: 3 0x8000f036 (0xbfe5)
core   0: 0x8000f02e (0x00001f17) auipc   t5, 0x1
core   0: 3 0x8000f02e (0x00001f17) x30 0x8001002e
core   0: 0x8000f032 (0xfc3f2923) sw      gp, -46(t5)
core   0: 3 0x8000f032 (0xfc3f2923) mem 0x80010000 0x00000001
core   0: 0x8000f036 (0x0000bfe5) c.j     pc - 8
core   0: 3 0x8000f036 (0xbfe5)
core   0: 0x8000f02e (0x00001f17) auipc   t5, 0x1
core   0: 3 0x8000f02e (0x00001f17) x30 0x8001002e
core   0: 0x8000f032 (0xfc3f2923) sw      gp, -46(t5)
core   0: 3 0x8000f032 (0xfc3f2923) mem 0x80010000 0x00000001
core   0: 0x8000f036 (0x0000bfe5) c.j     pc - 8
core   0: 3 0x8000f036 (0xbfe5)
core   0: 0x8000f02e (0x00001f17) auipc   t5, 0x1
core   0: 3 0x8000f02e (0x00001f17) x30 0x8001002e
core   0: 0x8000f032 (0xfc3f2923) sw      gp, -46(t5)
core   0: 3 0x8000f032 (0xfc3f2923) mem 0x80010000 0x00000001
core   0: 0x8000f036 (0x0000bfe5) c.j     pc - 8
core   0: 3 0x8000f036 (0xbfe5)
core   0: 0x8000f02e (0x00001f17) auipc   t5, 0x1
core   0: 3 0x8000f02e (0x00001f17) x30 0x8001002e
core   0: 0x8000f032 (0xfc3f2923) sw      gp, -46(t5)
core   0: 3 0x8000f032 (0xfc3f2923) mem 0x80010000 0x00000001
core   0: 0x8000f036 (0x0000bfe5) c.j     pc - 8
core   0: 3 0x8000f036 (0xbfe5)
core   0: 0x8000f02e (0x00001f17) auipc   t5, 0x1
core   0: 3 0x8000f02e (0x00001f17) x30 0x8001002e
core   0: 0x8000f032 (0xfc3f2923) sw      gp, -46(t5)
core   0: 3 0x8000f032 (0xfc3f2923) mem 0x80010000 0x00000001
core   0: 0x8000f036 (0x0000bfe5) c.j     pc - 8
core   0: 3 0x8000f036 (0xbfe5)
core   0: 0x8000f02e (0x00001f17) auipc   t5, 0x1
core   0: 3 0x8000f02e (0x00001f17) x30 0x8001002e
core   0: 0x8000f032 (0xfc3f2923) sw      gp, -46(t5)
core   0: 3 0x8000f032 (0xfc3f2923) mem 0x80010000 0x00000001
core   0: 0x8000f036 (0x0000bfe5) c.j     pc - 8
core   0: 3 0x8000f036 (0xbfe5)
core   0: 0x8000f02e (0x00001f17) auipc   t5, 0x1
core   0: 3 0x8000f02e (0x00001f17) x30 0x8001002e
core   0: 0x8000f032 (0xfc3f2923) sw      gp, -46(t5)
core   0: 3 0x8000f032 (0xfc3f2923) mem 0x80010000 0x00000001
core   0: 0x8000f036 (0x0000bfe5) c.j     pc - 8
core   0: 3 0x8000f036 (0xbfe5)
core   0: 0x8000f02e (0x00001f17) auipc   t5, 0x1
core   0: 3 0x8000f02e (0x00001f17) x30 0x8001002e
core   0: 0x8000f032 (0xfc3f2923) sw      gp, -46(t5)
core   0: 3 0x8000f032 (0xfc3f2923) mem 0x80010000 0x00000001
core   0: 0x8000f036 (0x0000bfe5) c.j     pc - 8
core   0: 3 0x8000f036 (0xbfe5)
core   0: 0x8000f02e (0x00001f17) auipc   t5, 0x1
core   0: 3 0x8000f02e (0x00001f17) x30 0x8001002e
core   0: 0x8000f032 (0xfc3f2923) sw      gp, -46(t5)
core   0: 3 0x8000f032 (0xfc3f2923) mem 0x80010000 0x00000001
core   0: 0x8000f036 (0x0000bfe5) c.j     pc - 8
core   0: 3 0x8000f036 (0xbfe5)
core   0: 0x8000f02e (0x00001f17) auipc   t5, 0x1
core   0: 3 0x8000f02e (0x00001f17) x30 0x8001002e
core   0: 0x8000f032 (0xfc3f2923) sw      gp, -46(t5)
core   0: 3 0x8000f032 (0xfc3f2923) mem 0x80010000 0x00000001
core   0: 0x8000f036 (0x0000bfe5) c.j     pc - 8
core   0: 3 0x8000f036 (0xbfe5)
core   0: 0x8000f02e (0x00001f17) auipc   t5, 0x1
core   0: 3 0x8000f02e (0x00001f17) x30 0x8001002e
core   0: 0x8000f032 (0xfc3f2923) sw      gp, -46(t5)
core   0: 3 0x8000f032 (0xfc3f2923) mem 0x80010000 0x00000001
core   0: 0x8000f036 (0x0000bfe5) c.j     pc - 8
core   0: 3 0x8000f036 (0xbfe5)
core   0: 0x8000f02e (0x00001f17) auipc   t5, 0x1
core   0: 3 0x8000f02e (0x00001f17) x30 0x8001002e
core   0: 0x8000f032 (0xfc3f2923) sw      gp, -46(t5)
core   0: 3 0x8000f032 (0xfc3f2923) mem 0x80010000 0x00000001
core   0: 0x8000f036 (0x0000bfe5) c.j     pc - 8
core   0: 3 0x8000f036 (0xbfe5)
core   0: 0x8000f02e (0x00001f17) auipc   t5, 0x1
core   0: 3 0x8000f02e (0x00001f17) x30 0x8001002e
core   0: 0x8000f032 (0xfc3f2923) sw      gp, -46(t5)
core   0: 3 0x8000f032 (0xfc3f2923) mem 0x80010000 0x00000001
core   0: 0x8000f036 (0x0000bfe5) c.j     pc - 8
core   0: 3 0x8000f036 (0xbfe5)
core   0: 0x8000f02e (0x00001f17) auipc   t5, 0x1
core   0: 3 0x8000f02e (0x00001f17) x30 0x8001002e
core   0: 0x8000f032 (0xfc3f2923) sw      gp, -46(t5)
core   0: 3 0x8000f032 (0xfc3f2923) mem 0x80010000 0x00000001
core   0: 0x8000f036 (0x0000bfe5) c.j     pc - 8
core   0: 3 0x8000f036 (0xbfe5)
core   0: 0x8000f02e (0x00001f17) auipc   t5, 0x1
core   0: 3 0x8000f02e (0x00001f17) x30 0x8001002e
core   0: 0x8000f032 (0xfc3f2923) sw      gp, -46(t5)
core   0: 3 0x8000f032 (0xfc3f2923) mem 0x80010000 0x00000001
core   0: 0x8000f036 (0x0000bfe5) c.j     pc - 8
core   0: 3 0x8000f036 (0xbfe5)
core   0: 0x8000f02e (0x00001f17) auipc   t5, 0x1
core   0: 3 0x8000f02e (0x00001f17) x30 0x8001002e
core   0: 0x8000f032 (0xfc3f2923) sw      gp, -46(t5)
core   0: 3 0x8000f032 (0xfc3f2923) mem 0x80010000 0x00000001
core   0: 0x8000f036 (0x0000bfe5) c.j     pc - 8
core   0: 3 0x8000f036 (0xbfe5)
core   0: 0x8000f02e (0x00001f17) auipc   t5, 0x1
core   0: 3 0x8000f02e (0x00001f17) x30 0x8001002e
core   0: 0x8000f032 (0xfc3f2923) sw      gp, -46(t5)
core   0: 3 0x8000f032 (0xfc3f2923) mem 0x80010000 0x00000001
core   0: 0x8000f036 (0x0000bfe5) c.j     pc - 8
core   0: 3 0x8000f036 (0xbfe5)
core   0: 0x8000f02e (0x00001f17) auipc   t5, 0x1
core   0: 3 0x8000f02e (0x00001f17) x30 0x8001002e
core   0: 0x8000f032 (0xfc3f2923) sw      gp, -46(t5)
core   0: 3 0x8000f032 (0xfc3f2923) mem 0x80010000 0x00000001
core   0: 0x8000f036 (0x0000bfe5) c.j     pc - 8
core   0: 3 0x8000f036 (0xbfe5)
core   0: 0x8000f02e (0x00001f17) auipc   t5, 0x1
core   0: 3 0x8000f02e (0x00001f17) x30 0x8001002e
core   0: 0x8000f032 (0xfc3f2923) sw      gp, -46(t5)
core   0: 3 0x8000f032 (0xfc3f2923) mem 0x80010000 0x00000001
core   0: 0x8000f036 (0x0000bfe5) c.j     pc - 8
core   0: 3 0x8000f036 (0xbfe5)
core   0: 0x8000f02e (0x00001f17) auipc   t5, 0x1
core   0: 3 0x8000f02e (0x00001f17) x30 0x8001002e
core   0: 0x8000f032 (0xfc3f2923) sw      gp, -46(t5)
core   0: 3 0x8000f032 (0xfc3f2923) mem 0x80010000 0x00000001
core   0: 0x8000f036 (0x0000bfe5) c.j     pc - 8
core   0: 3 0x8000f036 (0xbfe5)
core   0: 0x8000f02e (0x00001f17) auipc   t5, 0x1
core   0: 3 0x8000f02e (0x00001f17) x30 0x8001002e
core   0: 0x8000f032 (0xfc3f2923) sw      gp, -46(t5)
core   0: 3 0x8000f032 (0xfc3f2923) mem 0x80010000 0x00000001
core   0: 0x8000f036 (0x0000bfe5) c.j     pc - 8
core   0: 3 0x8000f036 (0xbfe5)
core   0: 0x8000f02e (0x00001f17) auipc   t5, 0x1
core   0: 3 0x8000f02e (0x00001f17) x30 0x8001002e
core   0: 0x8000f032 (0xfc3f2923) sw      gp, -46(t5)
core   0: 3 0x8000f032 (0xfc3f2923) mem 0x80010000 0x00000001
core   0: 0x8000f036 (0x0000bfe5) c.j     pc - 8
core   0: 3 0x8000f036 (0xbfe5)
core   0: 0x8000f02e (0x00001f17) auipc   t5, 0x1
core   0: 3 0x8000f02e (0x00001f17) x30 0x8001002e
core   0: 0x8000f032 (0xfc3f2923) sw      gp, -46(t5)
core   0: 3 0x8000f032 (0xfc3f2923) mem 0x80010000 0x00000001
core   0: 0x8000f036 (0x0000bfe5) c.j     pc - 8
core   0: 3 0x8000f036 (0xbfe5)
core   0: 0x8000f02e (0x00001f17) auipc   t5, 0x1
core   0: 3 0x8000f02e (0x00001f17) x30 0x8001002e
core   0: 0x8000f032 (0xfc3f2923) sw      gp, -46(t5)
core   0: 3 0x8000f032 (0xfc3f2923) mem 0x80010000 0x00000001
core   0: 0x8000f036 (0x0000bfe5) c.j     pc - 8
core   0: 3 0x8000f036 (0xbfe5)
core   0: 0x8000f02e (0x00001f17) auipc   t5, 0x1
core   0: 3 0x8000f02e (0x00001f17) x30 0x8001002e
core   0: 0x8000f032 (0xfc3f2923) sw      gp, -46(t5)
core   0: 3 0x8000f032 (0xfc3f2923) mem 0x80010000 0x00000001
core   0: 0x8000f036 (0x0000bfe5) c.j     pc - 8
core   0: 3 0x8000f036 (0xbfe5)
core   0: 0x8000f02e (0x00001f17) auipc   t5, 0x1
core   0: 3 0x8000f02e (0x00001f17) x30 0x8001002e
core   0: 0x8000f032 (0xfc3f2923) sw      gp, -46(t5)
core   0: 3 0x8000f032 (0xfc3f2923) mem 0x80010000 0x00000001
core   0: 0x8000f036 (0x0000bfe5) c.j     pc - 8
core   0: 3 0x8000f036 (0xbfe5)
core   0: 0x8000f02e (0x00001f17) auipc   t5, 0x1
core   0: 3 0x8000f02e (0x00001f17) x30 0x8001002e
core   0: 0x8000f032 (0xfc3f2923) sw      gp, -46(t5)
core   0: 3 0x8000f032 (0xfc3f2923) mem 0x80010000 0x00000001
core   0: 0x8000f036 (0x0000bfe5) c.j     pc - 8
core   0: 3 0x8000f036 (0xbfe5)
core   0: 0x8000f02e (0x00001f17) auipc   t5, 0x1
core   0: 3 0x8000f02e (0x00001f17) x30 0x8001002e
core   0: 0x8000f032 (0xfc3f2923) sw      gp, -46(t5)
core   0: 3 0x8000f032 (0xfc3f2923) mem 0x80010000 0x00000001
core   0: 0x8000f036 (0x0000bfe5) c.j     pc - 8
core   0: 3 0x8000f036 (0xbfe5)
core   0: 0x8000f02e (0x00001f17) auipc   t5, 0x1
core   0: 3 0x8000f02e (0x00001f17) x30 0x8001002e
core   0: 0x8000f032 (0xfc3f2923) sw      gp, -46(t5)
core   0: 3 0x8000f032 (0xfc3f2923) mem 0x80010000 0x00000001
core   0: 0x8000f036 (0x0000bfe5) c.j     pc - 8
core   0: 3 0x8000f036 (0xbfe5)
core   0: 0x8000f02e (0x00001f17) auipc   t5, 0x1
core   0: 3 0x8000f02e (0x00001f17) x30 0x8001002e
core   0: 0x8000f032 (0xfc3f2923) sw      gp, -46(t5)
core   0: 3 0x8000f032 (0xfc3f2923) mem 0x80010000 0x00000001
core   0: 0x8000f036 (0x0000bfe5) c.j     pc - 8
core   0: 3 0x8000f036 (0xbfe5)
core   0: 0x8000f02e (0x00001f17) auipc   t5, 0x1
core   0: 3 0x8000f02e (0x00001f17) x30 0x8001002e
core   0: 0x8000f032 (0xfc3f2923) sw      gp, -46(t5)
core   0: 3 0x8000f032 (0xfc3f2923) mem 0x80010000 0x00000001
core   0: 0x8000f036 (0x0000bfe5) c.j     pc - 8
core   0: 3 0x8000f036 (0xbfe5)
core   0: 0x8000f02e (0x00001f17) auipc   t5, 0x1
core   0: 3 0x8000f02e (0x00001f17) x30 0x8001002e
core   0: 0x8000f032 (0xfc3f2923) sw      gp, -46(t5)
core   0: 3 0x8000f032 (0xfc3f2923) mem 0x80010000 0x00000001
core   0: 0x8000f036 (0x0000bfe5) c.j     pc - 8
core   0: 3 0x8000f036 (0xbfe5)
core   0: 0x8000f02e (0x00001f17) auipc   t5, 0x1
core   0: 3 0x8000f02e (0x00001f17) x30 0x8001002e
core   0: 0x8000f032 (0xfc3f2923) sw      gp, -46(t5)
core   0: 3 0x8000f032 (0xfc3f2923) mem 0x80010000 0x00000001
core   0: 0x8000f036 (0x0000bfe5) c.j     pc - 8
core   0: 3 0x8000f036 (0xbfe5)
core   0: 0x8000f02e (0x00001f17) auipc   t5, 0x1
core   0: 3 0x8000f02e (0x00001f17) x30 0x8001002e
core   0: 0x8000f032 (0xfc3f2923) sw      gp, -46(t5)
core   0: 3 0x8000f032 (0xfc3f2923) mem 0x80010000 0x00000001
core   0: 0x8000f036 (0x0000bfe5) c.j     pc - 8
core   0: 3 0x8000f036 (0xbfe5)
core   0: 0x8000f02e (0x00001f17) auipc   t5, 0x1
core   0: 3 0x8000f02e (0x00001f17) x30 0x8001002e
core   0: 0x8000f032 (0xfc3f2923) sw      gp, -46(t5)
core   0: 3 0x8000f032 (0xfc3f2923) mem 0x80010000 0x00000001
core   0: 0x8000f036 (0x0000bfe5) c.j     pc - 8
core   0: 3 0x8000f036 (0xbfe5)
core   0: 0x8000f02e (0x00001f17) auipc   t5, 0x1
core   0: 3 0x8000f02e (0x00001f17) x30 0x8001002e
core   0: 0x8000f032 (0xfc3f2923) sw      gp, -46(t5)
core   0: 3 0x8000f032 (0xfc3f2923) mem 0x80010000 0x00000001
core   0: 0x8000f036 (0x0000bfe5) c.j     pc - 8
core   0: 3 0x8000f036 (0xbfe5)
core   0: 0x8000f02e (0x00001f17) auipc   t5, 0x1
core   0: 3 0x8000f02e (0x00001f17) x30 0x8001002e
core   0: 0x8000f032 (0xfc3f2923) sw      gp, -46(t5)
core   0: 3 0x8000f032 (0xfc3f2923) mem 0x80010000 0x00000001
core   0: 0x8000f036 (0x0000bfe5) c.j     pc - 8
core   0: 3 0x8000f036 (0xbfe5)
core   0: 0x8000f02e (0x00001f17) auipc   t5, 0x1
core   0: 3 0x8000f02e (0x00001f17) x30 0x8001002e
core   0: 0x8000f032 (0xfc3f2923) sw      gp, -46(t5)
core   0: 3 0x8000f032 (0xfc3f2923) mem 0x80010000 0x00000001
core   0: 0x8000f036 (0x0000bfe5) c.j     pc - 8
core   0: 3 0x8000f036 (0xbfe5)
core   0: 0x8000f02e (0x00001f17) auipc   t5, 0x1
core   0: 3 0x8000f02e (0x00001f17) x30 0x8001002e
core   0: 0x8000f032 (0xfc3f2923) sw      gp, -46(t5)
core   0: 3 0x8000f032 (0xfc3f2923) mem 0x80010000 0x00000001
core   0: 0x8000f036 (0x0000bfe5) c.j     pc - 8
core   0: 3 0x8000f036 (0xbfe5)
core   0: 0x8000f02e (0x00001f17) auipc   t5, 0x1
core   0: 3 0x8000f02e (0x00001f17) x30 0x8001002e
core   0: 0x8000f032 (0xfc3f2923) sw      gp, -46(t5)
core   0: 3 0x8000f032 (0xfc3f2923) mem 0x80010000 0x00000001
core   0: 0x8000f036 (0x0000bfe5) c.j     pc - 8
core   0: 3 0x8000f036 (0xbfe5)
core   0: 0x8000f02e (0x00001f17) auipc   t5, 0x1
core   0: 3 0x8000f02e (0x00001f17) x30 0x8001002e
core   0: 0x8000f032 (0xfc3f2923) sw      gp, -46(t5)
core   0: 3 0x8000f032 (0xfc3f2923) mem 0x80010000 0x00000001
core   0: 0x8000f036 (0x0000bfe5) c.j     pc - 8
core   0: 3 0x8000f036 (0xbfe5)
core   0: 0x8000f02e (0x00001f17) auipc   t5, 0x1
core   0: 3 0x8000f02e (0x00001f17) x30 0x8001002e
core   0: 0x8000f032 (0xfc3f2923) sw      gp, -46(t5)
core   0: 3 0x8000f032 (0xfc3f2923) mem 0x80010000 0x00000001
core   0: 0x8000f036 (0x0000bfe5) c.j     pc - 8
core   0: 3 0x8000f036 (0xbfe5)
core   0: 0x8000f02e (0x00001f17) auipc   t5, 0x1
core   0: 3 0x8000f02e (0x00001f17) x30 0x8001002e
core   0: 0x8000f032 (0xfc3f2923) sw      gp, -46(t5)
core   0: 3 0x8000f032 (0xfc3f2923) mem 0x80010000 0x00000001
core   0: 0x8000f036 (0x0000bfe5) c.j     pc - 8
core   0: 3 0x8000f036 (0xbfe5)
core   0: 0x8000f02e (0x00001f17) auipc   t5, 0x1
core   0: 3 0x8000f02e (0x00001f17) x30 0x8001002e
core   0: 0x8000f032 (0xfc3f2923) sw      gp, -46(t5)
core   0: 3 0x8000f032 (0xfc3f2923) mem 0x80010000 0x00000001
core   0: 0x8000f036 (0x0000bfe5) c.j     pc - 8
core   0: 3 0x8000f036 (0xbfe5)
core   0: 0x8000f02e (0x00001f17) auipc   t5, 0x1
core   0: 3 0x8000f02e (0x00001f17) x30 0x8001002e
core   0: 0x8000f032 (0xfc3f2923) sw      gp, -46(t5)
core   0: 3 0x8000f032 (0xfc3f2923) mem 0x80010000 0x00000001
core   0: 0x8000f036 (0x0000bfe5) c.j     pc - 8
core   0: 3 0x8000f036 (0xbfe5)
core   0: 0x8000f02e (0x00001f17) auipc   t5, 0x1
core   0: 3 0x8000f02e (0x00001f17) x30 0x8001002e
core   0: 0x8000f032 (0xfc3f2923) sw      gp, -46(t5)
core   0: 3 0x8000f032 (0xfc3f2923) mem 0x80010000 0x00000001
core   0: 0x8000f036 (0x0000bfe5) c.j     pc - 8
core   0: 3 0x8000f036 (0xbfe5)
core   0: 0x8000f02e (0x00001f17) auipc   t5, 0x1
core   0: 3 0x8000f02e (0x00001f17) x30 0x8001002e
core   0: 0x8000f032 (0xfc3f2923) sw      gp, -46(t5)
core   0: 3 0x8000f032 (0xfc3f2923) mem 0x80010000 0x00000001
core   0: 0x8000f036 (0x0000bfe5) c.j     pc - 8
core   0: 3 0x8000f036 (0xbfe5)
core   0: 0x8000f02e (0x00001f17) auipc   t5, 0x1
core   0: 3 0x8000f02e (0x00001f17) x30 0x8001002e
core   0: 0x8000f032 (0xfc3f2923) sw      gp, -46(t5)
core   0: 3 0x8000f032 (0xfc3f2923) mem 0x80010000 0x00000001
core   0: 0x8000f036 (0x0000bfe5) c.j     pc - 8
core   0: 3 0x8000f036 (0xbfe5)
core   0: 0x8000f02e (0x00001f17) auipc   t5, 0x1
core   0: 3 0x8000f02e (0x00001f17) x30 0x8001002e
core   0: 0x8000f032 (0xfc3f2923) sw      gp, -46(t5)
core   0: 3 0x8000f032 (0xfc3f2923) mem 0x80010000 0x00000001
core   0: 0x8000f036 (0x0000bfe5) c.j     pc - 8
core   0: 3 0x8000f036 (0xbfe5)
core   0: 0x8000f02e (0x00001f17) auipc   t5, 0x1
core   0: 3 0x8000f02e (0x00001f17) x30 0x8001002e
core   0: 0x8000f032 (0xfc3f2923) sw      gp, -46(t5)
core   0: 3 0x8000f032 (0xfc3f2923) mem 0x80010000 0x00000001
core   0: 0x8000f036 (0x0000bfe5) c.j     pc - 8
core   0: 3 0x8000f036 (0xbfe5)
core   0: 0x8000f02e (0x00001f17) auipc   t5, 0x1
core   0: 3 0x8000f02e (0x00001f17) x30 0x8001002e
core   0: 0x8000f032 (0xfc3f2923) sw      gp, -46(t5)
core   0: 3 0x8000f032 (0xfc3f2923) mem 0x80010000 0x00000001
core   0: 0x8000f036 (0x0000bfe5) c.j     pc - 8
core   0: 3 0x8000f036 (0xbfe5)
core   0: 0x8000f02e (0x00001f17) auipc   t5, 0x1
core   0: 3 0x8000f02e (0x00001f17) x30 0x8001002e
core   0: 0x8000f032 (0xfc3f2923) sw      gp, -46(t5)
core   0: 3 0x8000f032 (0xfc3f2923) mem 0x80010000 0x00000001
core   0: 0x8000f036 (0x0000bfe5) c.j     pc - 8
core   0: 3 0x8000f036 (0xbfe5)
core   0: 0x8000f02e (0x00001f17) auipc   t5, 0x1
core   0: 3 0x8000f02e (0x00001f17) x30 0x8001002e
core   0: 0x8000f032 (0xfc3f2923) sw      gp, -46(t5)
core   0: 3 0x8000f032 (0xfc3f2923) mem 0x80010000 0x00000001
core   0: 0x8000f036 (0x0000bfe5) c.j     pc - 8
core   0: 3 0x8000f036 (0xbfe5)
core   0: 0x8000f02e (0x00001f17) auipc   t5, 0x1
core   0: 3 0x8000f02e (0x00001f17) x30 0x8001002e
core   0: 0x8000f032 (0xfc3f2923) sw      gp, -46(t5)
core   0: 3 0x8000f032 (0xfc3f2923) mem 0x80010000 0x00000001
core   0: 0x8000f036 (0x0000bfe5) c.j     pc - 8
core   0: 3 0x8000f036 (0xbfe5)
core   0: 0x8000f02e (0x00001f17) auipc   t5, 0x1
core   0: 3 0x8000f02e (0x00001f17) x30 0x8001002e
core   0: 0x8000f032 (0xfc3f2923) sw      gp, -46(t5)
core   0: 3 0x8000f032 (0xfc3f2923) mem 0x80010000 0x00000001
core   0: 0x8000f036 (0x0000bfe5) c.j     pc - 8
core   0: 3 0x8000f036 (0xbfe5)
core   0: 0x8000f02e (0x00001f17) auipc   t5, 0x1
core   0: 3 0x8000f02e (0x00001f17) x30 0x8001002e
core   0: 0x8000f032 (0xfc3f2923) sw      gp, -46(t5)
core   0: 3 0x8000f032 (0xfc3f2923) mem 0x80010000 0x00000001
core   0: 0x8000f036 (0x0000bfe5) c.j     pc - 8
core   0: 3 0x8000f036 (0xbfe5)
core   0: 0x8000f02e (0x00001f17) auipc   t5, 0x1
core   0: 3 0x8000f02e (0x00001f17) x30 0x8001002e
core   0: 0x8000f032 (0xfc3f2923) sw      gp, -46(t5)
core   0: 3 0x8000f032 (0xfc3f2923) mem 0x80010000 0x00000001
core   0: 0x8000f036 (0x0000bfe5) c.j     pc - 8
core   0: 3 0x8000f036 (0xbfe5)
core   0: 0x8000f02e (0x00001f17) auipc   t5, 0x1
core   0: 3 0x8000f02e (0x00001f17) x30 0x8001002e
core   0: 0x8000f032 (0xfc3f2923) sw      gp, -46(t5)
core   0: 3 0x8000f032 (0xfc3f2923) mem 0x80010000 0x00000001
core   0: 0x8000f036 (0x0000bfe5) c.j     pc - 8
core   0: 3 0x8000f036 (0xbfe5)
core   0: 0x8000f02e (0x00001f17) auipc   t5, 0x1
core   0: 3 0x8000f02e (0x00001f17) x30 0x8001002e
core   0: 0x8000f032 (0xfc3f2923) sw      gp, -46(t5)
core   0: 3 0x8000f032 (0xfc3f2923) mem 0x80010000 0x00000001
core   0: 0x8000f036 (0x0000bfe5) c.j     pc - 8
core   0: 3 0x8000f036 (0xbfe5)
core   0: 0x8000f02e (0x00001f17) auipc   t5, 0x1
core   0: 3 0x8000f02e (0x00001f17) x30 0x8001002e
core   0: 0x8000f032 (0xfc3f2923) sw      gp, -46(t5)
core   0: 3 0x8000f032 (0xfc3f2923) mem 0x80010000 0x00000001
core   0: 0x8000f036 (0x0000bfe5) c.j     pc - 8
core   0: 3 0x8000f036 (0xbfe5)
core   0: 0x8000f02e (0x00001f17) auipc   t5, 0x1
core   0: 3 0x8000f02e (0x00001f17) x30 0x8001002e
core   0: 0x8000f032 (0xfc3f2923) sw      gp, -46(t5)
core   0: 3 0x8000f032 (0xfc3f2923) mem 0x80010000 0x00000001
core   0: 0x8000f036 (0x0000bfe5) c.j     pc - 8
core   0: 3 0x8000f036 (0xbfe5)
core   0: 0x8000f02e (0x00001f17) auipc   t5, 0x1
core   0: 3 0x8000f02e (0x00001f17) x30 0x8001002e
core   0: 0x8000f032 (0xfc3f2923) sw      gp, -46(t5)
core   0: 3 0x8000f032 (0xfc3f2923) mem 0x80010000 0x00000001
core   0: 0x8000f036 (0x0000bfe5) c.j     pc - 8
core   0: 3 0x8000f036 (0xbfe5)
core   0: 0x8000f02e (0x00001f17) auipc   t5, 0x1
core   0: 3 0x8000f02e (0x00001f17) x30 0x8001002e
core   0: 0x8000f032 (0xfc3f2923) sw      gp, -46(t5)
core   0: 3 0x8000f032 (0xfc3f2923) mem 0x80010000 0x00000001
core   0: 0x8000f036 (0x0000bfe5) c.j     pc - 8
core   0: 3 0x8000f036 (0xbfe5)
core   0: 0x8000f02e (0x00001f17) auipc   t5, 0x1
core   0: 3 0x8000f02e (0x00001f17) x30 0x8001002e
core   0: 0x8000f032 (0xfc3f2923) sw      gp, -46(t5)
core   0: 3 0x8000f032 (0xfc3f2923) mem 0x80010000 0x00000001
core   0: 0x8000f036 (0x0000bfe5) c.j     pc - 8
core   0: 3 0x8000f036 (0xbfe5)
core   0: 0x8000f02e (0x00001f17) auipc   t5, 0x1
core   0: 3 0x8000f02e (0x00001f17) x30 0x8001002e
core   0: 0x8000f032 (0xfc3f2923) sw      gp, -46(t5)
core   0: 3 0x8000f032 (0xfc3f2923) mem 0x80010000 0x00000001
core   0: 0x8000f036 (0x0000bfe5) c.j     pc - 8
core   0: 3 0x8000f036 (0xbfe5)
core   0: 0x8000f02e (0x00001f17) auipc   t5, 0x1
core   0: 3 0x8000f02e (0x00001f17) x30 0x8001002e
core   0: 0x8000f032 (0xfc3f2923) sw      gp, -46(t5)
core   0: 3 0x8000f032 (0xfc3f2923) mem 0x80010000 0x00000001
core   0: 0x8000f036 (0x0000bfe5) c.j     pc - 8
core   0: 3 0x8000f036 (0xbfe5)
core   0: 0x8000f02e (0x00001f17) auipc   t5, 0x1
core   0: 3 0x8000f02e (0x00001f17) x30 0x8001002e
core   0: 0x8000f032 (0xfc3f2923) sw      gp, -46(t5)
core   0: 3 0x8000f032 (0xfc3f2923) mem 0x80010000 0x00000001
core   0: 0x8000f036 (0x0000bfe5) c.j     pc - 8
core   0: 3 0x8000f036 (0xbfe5)
core   0: 0x8000f02e (0x00001f17) auipc   t5, 0x1
core   0: 3 0x8000f02e (0x00001f17) x30 0x8001002e
core   0: 0x8000f032 (0xfc3f2923) sw      gp, -46(t5)
core   0: 3 0x8000f032 (0xfc3f2923) mem 0x80010000 0x00000001
core   0: 0x8000f036 (0x0000bfe5) c.j     pc - 8
core   0: 3 0x8000f036 (0xbfe5)
core   0: 0x8000f02e (0x00001f17) auipc   t5, 0x1
core   0: 3 0x8000f02e (0x00001f17) x30 0x8001002e
core   0: 0x8000f032 (0xfc3f2923) sw      gp, -46(t5)
core   0: 3 0x8000f032 (0xfc3f2923) mem 0x80010000 0x00000001
core   0: 0x8000f036 (0x0000bfe5) c.j     pc - 8
core   0: 3 0x8000f036 (0xbfe5)
core   0: 0x8000f02e (0x00001f17) auipc   t5, 0x1
core   0: 3 0x8000f02e (0x00001f17) x30 0x8001002e
core   0: 0x8000f032 (0xfc3f2923) sw      gp, -46(t5)
core   0: 3 0x8000f032 (0xfc3f2923) mem 0x80010000 0x00000001
core   0: 0x8000f036 (0x0000bfe5) c.j     pc - 8
core   0: 3 0x8000f036 (0xbfe5)
core   0: 0x8000f02e (0x00001f17) auipc   t5, 0x1
core   0: 3 0x8000f02e (0x00001f17) x30 0x8001002e
core   0: 0x8000f032 (0xfc3f2923) sw      gp, -46(t5)
core   0: 3 0x8000f032 (0xfc3f2923) mem 0x80010000 0x00000001
core   0: 0x8000f036 (0x0000bfe5) c.j     pc - 8
core   0: 3 0x8000f036 (0xbfe5)
core   0: 0x8000f02e (0x00001f17) auipc   t5, 0x1
core   0: 3 0x8000f02e (0x00001f17) x30 0x8001002e
core   0: 0x8000f032 (0xfc3f2923) sw      gp, -46(t5)
core   0: 3 0x8000f032 (0xfc3f2923) mem 0x80010000 0x00000001
core   0: 0x8000f036 (0x0000bfe5) c.j     pc - 8
core   0: 3 0x8000f036 (0xbfe5)
core   0: 0x8000f02e (0x00001f17) auipc   t5, 0x1
core   0: 3 0x8000f02e (0x00001f17) x30 0x8001002e
core   0: 0x8000f032 (0xfc3f2923) sw      gp, -46(t5)
core   0: 3 0x8000f032 (0xfc3f2923) mem 0x80010000 0x00000001
core   0: 0x8000f036 (0x0000bfe5) c.j     pc - 8
core   0: 3 0x8000f036 (0xbfe5)
core   0: 0x8000f02e (0x00001f17) auipc   t5, 0x1
core   0: 3 0x8000f02e (0x00001f17) x30 0x8001002e
core   0: 0x8000f032 (0xfc3f2923) sw      gp, -46(t5)
core   0: 3 0x8000f032 (0xfc3f2923) mem 0x80010000 0x00000001
core   0: 0x8000f036 (0x0000bfe5) c.j     pc - 8
core   0: 3 0x8000f036 (0xbfe5)
core   0: 0x8000f02e (0x00001f17) auipc   t5, 0x1
core   0: 3 0x8000f02e (0x00001f17) x30 0x8001002e
core   0: 0x8000f032 (0xfc3f2923) sw      gp, -46(t5)
core   0: 3 0x8000f032 (0xfc3f2923) mem 0x80010000 0x00000001
core   0: 0x8000f036 (0x0000bfe5) c.j     pc - 8
core   0: 3 0x8000f036 (0xbfe5)
core   0: 0x8000f02e (0x00001f17) auipc   t5, 0x1
core   0: 3 0x8000f02e (0x00001f17) x30 0x8001002e
core   0: 0x8000f032 (0xfc3f2923) sw      gp, -46(t5)
core   0: 3 0x8000f032 (0xfc3f2923) mem 0x80010000 0x00000001
core   0: 0x8000f036 (0x0000bfe5) c.j     pc - 8
core   0: 3 0x8000f036 (0xbfe5)
core   0: 0x8000f02e (0x00001f17) auipc   t5, 0x1
core   0: 3 0x8000f02e (0x00001f17) x30 0x8001002e
core   0: 0x8000f032 (0xfc3f2923) sw      gp, -46(t5)
core   0: 3 0x8000f032 (0xfc3f2923) mem 0x80010000 0x00000001
core   0: 0x8000f036 (0x0000bfe5) c.j     pc - 8
core   0: 3 0x8000f036 (0xbfe5)
core   0: 0x8000f02e (0x00001f17) auipc   t5, 0x1
core   0: 3 0x8000f02e (0x00001f17) x30 0x8001002e
core   0: 0x8000f032 (0xfc3f2923) sw      gp, -46(t5)
core   0: 3 0x8000f032 (0xfc3f2923) mem 0x80010000 0x00000001
core   0: 0x8000f036 (0x0000bfe5) c.j     pc - 8
core   0: 3 0x8000f036 (0xbfe5)
core   0: 0x8000f02e (0x00001f17) auipc   t5, 0x1
core   0: 3 0x8000f02e (0x00001f17) x30 0x8001002e
core   0: 0x8000f032 (0xfc3f2923) sw      gp, -46(t5)
core   0: 3 0x8000f032 (0xfc3f2923) mem 0x80010000 0x00000001
core   0: 0x8000f036 (0x0000bfe5) c.j     pc - 8
core   0: 3 0x8000f036 (0xbfe5)
core   0: 0x8000f02e (0x00001f17) auipc   t5, 0x1
core   0: 3 0x8000f02e (0x00001f17) x30 0x8001002e
core   0: 0x8000f032 (0xfc3f2923) sw      gp, -46(t5)
core   0: 3 0x8000f032 (0xfc3f2923) mem 0x80010000 0x00000001
core   0: 0x8000f036 (0x0000bfe5) c.j     pc - 8
core   0: 3 0x8000f036 (0xbfe5)
core   0: 0x8000f02e (0x00001f17) auipc   t5, 0x1
core   0: 3 0x8000f02e (0x00001f17) x30 0x8001002e
core   0: 0x8000f032 (0xfc3f2923) sw      gp, -46(t5)
core   0: 3 0x8000f032 (0xfc3f2923) mem 0x80010000 0x00000001
core   0: 0x8000f036 (0x0000bfe5) c.j     pc - 8
core   0: 3 0x8000f036 (0xbfe5)
core   0: 0x8000f02e (0x00001f17) auipc   t5, 0x1
core   0: 3 0x8000f02e (0x00001f17) x30 0x8001002e
core   0: 0x8000f032 (0xfc3f2923) sw      gp, -46(t5)
core   0: 3 0x8000f032 (0xfc3f2923) mem 0x80010000 0x00000001
core   0: 0x8000f036 (0x0000bfe5) c.j     pc - 8
core   0: 3 0x8000f036 (0xbfe5)
core   0: 0x8000f02e (0x00001f17) auipc   t5, 0x1
core   0: 3 0x8000f02e (0x00001f17) x30 0x8001002e
core   0: 0x8000f032 (0xfc3f2923) sw      gp, -46(t5)
core   0: 3 0x8000f032 (0xfc3f2923) mem 0x80010000 0x00000001
core   0: 0x8000f036 (0x0000bfe5) c.j     pc - 8
core   0: 3 0x8000f036 (0xbfe5)
core   0: 0x8000f02e (0x00001f17) auipc   t5, 0x1
core   0: 3 0x8000f02e (0x00001f17) x30 0x8001002e
core   0: 0x8000f032 (0xfc3f2923) sw      gp, -46(t5)
core   0: 3 0x8000f032 (0xfc3f2923) mem 0x80010000 0x00000001
core   0: 0x8000f036 (0x0000bfe5) c.j     pc - 8
core   0: 3 0x8000f036 (0xbfe5)
core   0: 0x8000f02e (0x00001f17) auipc   t5, 0x1
core   0: 3 0x8000f02e (0x00001f17) x30 0x8001002e
core   0: 0x8000f032 (0xfc3f2923) sw      gp, -46(t5)
core   0: 3 0x8000f032 (0xfc3f2923) mem 0x80010000 0x00000001
core   0: 0x8000f036 (0x0000bfe5) c.j     pc - 8
core   0: 3 0x8000f036 (0xbfe5)
core   0: 0x8000f02e (0x00001f17) auipc   t5, 0x1
core   0: 3 0x8000f02e (0x00001f17) x30 0x8001002e
core   0: 0x8000f032 (0xfc3f2923) sw      gp, -46(t5)
core   0: 3 0x8000f032 (0xfc3f2923) mem 0x80010000 0x00000001
core   0: 0x8000f036 (0x0000bfe5) c.j     pc - 8
core   0: 3 0x8000f036 (0xbfe5)
core   0: 0x8000f02e (0x00001f17) auipc   t5, 0x1
core   0: 3 0x8000f02e (0x00001f17) x30 0x8001002e
core   0: 0x8000f032 (0xfc3f2923) sw      gp, -46(t5)
core   0: 3 0x8000f032 (0xfc3f2923) mem 0x80010000 0x00000001
core   0: 0x8000f036 (0x0000bfe5) c.j     pc - 8
core   0: 3 0x8000f036 (0xbfe5)
core   0: 0x8000f02e (0x00001f17) auipc   t5, 0x1
core   0: 3 0x8000f02e (0x00001f17) x30 0x8001002e
core   0: 0x8000f032 (0xfc3f2923) sw      gp, -46(t5)
core   0: 3 0x8000f032 (0xfc3f2923) mem 0x80010000 0x00000001
core   0: 0x8000f036 (0x0000bfe5) c.j     pc - 8
core   0: 3 0x8000f036 (0xbfe5)
core   0: 0x8000f02e (0x00001f17) auipc   t5, 0x1
core   0: 3 0x8000f02e (0x00001f17) x30 0x8001002e
core   0: 0x8000f032 (0xfc3f2923) sw      gp, -46(t5)
core   0: 3 0x8000f032 (0xfc3f2923) mem 0x80010000 0x00000001
core   0: 0x8000f036 (0x0000bfe5) c.j     pc - 8
core   0: 3 0x8000f036 (0xbfe5)
core   0: 0x8000f02e (0x00001f17) auipc   t5, 0x1
core   0: 3 0x8000f02e (0x00001f17) x30 0x8001002e
core   0: 0x8000f032 (0xfc3f2923) sw      gp, -46(t5)
core   0: 3 0x8000f032 (0xfc3f2923) mem 0x80010000 0x00000001
core   0: 0x8000f036 (0x0000bfe5) c.j     pc - 8
core   0: 3 0x8000f036 (0xbfe5)
core   0: 0x8000f02e (0x00001f17) auipc   t5, 0x1
core   0: 3 0x8000f02e (0x00001f17) x30 0x8001002e
core   0: 0x8000f032 (0xfc3f2923) sw      gp, -46(t5)
core   0: 3 0x8000f032 (0xfc3f2923) mem 0x80010000 0x00000001
core   0: 0x8000f036 (0x0000bfe5) c.j     pc - 8
core   0: 3 0x8000f036 (0xbfe5)
core   0: 0x8000f02e (0x00001f17) auipc   t5, 0x1
core   0: 3 0x8000f02e (0x00001f17) x30 0x8001002e
core   0: 0x8000f032 (0xfc3f2923) sw      gp, -46(t5)
core   0: 3 0x8000f032 (0xfc3f2923) mem 0x80010000 0x00000001
core   0: 0x8000f036 (0x0000bfe5) c.j     pc - 8
core   0: 3 0x8000f036 (0xbfe5)
core   0: 0x8000f02e (0x00001f17) auipc   t5, 0x1
core   0: 3 0x8000f02e (0x00001f17) x30 0x8001002e
core   0: 0x8000f032 (0xfc3f2923) sw      gp, -46(t5)
core   0: 3 0x8000f032 (0xfc3f2923) mem 0x80010000 0x00000001
core   0: 0x8000f036 (0x0000bfe5) c.j     pc - 8
core   0: 3 0x8000f036 (0xbfe5)
core   0: 0x8000f02e (0x00001f17) auipc   t5, 0x1
core   0: 3 0x8000f02e (0x00001f17) x30 0x8001002e
core   0: 0x8000f032 (0xfc3f2923) sw      gp, -46(t5)
core   0: 3 0x8000f032 (0xfc3f2923) mem 0x80010000 0x00000001
core   0: 0x8000f036 (0x0000bfe5) c.j     pc - 8
core   0: 3 0x8000f036 (0xbfe5)
core   0: 0x8000f02e (0x00001f17) auipc   t5, 0x1
core   0: 3 0x8000f02e (0x00001f17) x30 0x8001002e
core   0: 0x8000f032 (0xfc3f2923) sw      gp, -46(t5)
core   0: 3 0x8000f032 (0xfc3f2923) mem 0x80010000 0x00000001
core   0: 0x8000f036 (0x0000bfe5) c.j     pc - 8
core   0: 3 0x8000f036 (0xbfe5)
core   0: 0x8000f02e (0x00001f17) auipc   t5, 0x1
core   0: 3 0x8000f02e (0x00001f17) x30 0x8001002e
core   0: 0x8000f032 (0xfc3f2923) sw      gp, -46(t5)
core   0: 3 0x8000f032 (0xfc3f2923) mem 0x80010000 0x00000001
core   0: 0x8000f036 (0x0000bfe5) c.j     pc - 8
core   0: 3 0x8000f036 (0xbfe5)
core   0: 0x8000f02e (0x00001f17) auipc   t5, 0x1
core   0: 3 0x8000f02e (0x00001f17) x30 0x8001002e
core   0: 0x8000f032 (0xfc3f2923) sw      gp, -46(t5)
core   0: 3 0x8000f032 (0xfc3f2923) mem 0x80010000 0x00000001
core   0: 0x8000f036 (0x0000bfe5) c.j     pc - 8
core   0: 3 0x8000f036 (0xbfe5)
core   0: 0x8000f02e (0x00001f17) auipc   t5, 0x1
core   0: 3 0x8000f02e (0x00001f17) x30 0x8001002e
core   0: 0x8000f032 (0xfc3f2923) sw      gp, -46(t5)
core   0: 3 0x8000f032 (0xfc3f2923) mem 0x80010000 0x00000001
core   0: 0x8000f036 (0x0000bfe5) c.j     pc - 8
core   0: 3 0x8000f036 (0xbfe5)
core   0: 0x8000f02e (0x00001f17) auipc   t5, 0x1
core   0: 3 0x8000f02e (0x00001f17) x30 0x8001002e
core   0: 0x8000f032 (0xfc3f2923) sw      gp, -46(t5)
core   0: 3 0x8000f032 (0xfc3f2923) mem 0x80010000 0x00000001
core   0: 0x8000f036 (0x0000bfe5) c.j     pc - 8
core   0: 3 0x8000f036 (0xbfe5)
core   0: 0x8000f02e (0x00001f17) auipc   t5, 0x1
core   0: 3 0x8000f02e (0x00001f17) x30 0x8001002e
core   0: 0x8000f032 (0xfc3f2923) sw      gp, -46(t5)
core   0: 3 0x8000f032 (0xfc3f2923) mem 0x80010000 0x00000001
core   0: 0x8000f036 (0x0000bfe5) c.j     pc - 8
core   0: 3 0x8000f036 (0xbfe5)
core   0: 0x8000f02e (0x00001f17) auipc   t5, 0x1
core   0: 3 0x8000f02e (0x00001f17) x30 0x8001002e
core   0: 0x8000f032 (0xfc3f2923) sw      gp, -46(t5)
core   0: 3 0x8000f032 (0xfc3f2923) mem 0x80010000 0x00000001
core   0: 0x8000f036 (0x0000bfe5) c.j     pc - 8
core   0: 3 0x8000f036 (0xbfe5)
core   0: 0x8000f02e (0x00001f17) auipc   t5, 0x1
core   0: 3 0x8000f02e (0x00001f17) x30 0x8001002e
core   0: 0x8000f032 (0xfc3f2923) sw      gp, -46(t5)
core   0: 3 0x8000f032 (0xfc3f2923) mem 0x80010000 0x00000001
core   0: 0x8000f036 (0x0000bfe5) c.j     pc - 8
core   0: 3 0x8000f036 (0xbfe5)
core   0: 0x8000f02e (0x00001f17) auipc   t5, 0x1
core   0: 3 0x8000f02e (0x00001f17) x30 0x8001002e
core   0: 0x8000f032 (0xfc3f2923) sw      gp, -46(t5)
core   0: 3 0x8000f032 (0xfc3f2923) mem 0x80010000 0x00000001
core   0: 0x8000f036 (0x0000bfe5) c.j     pc - 8
core   0: 3 0x8000f036 (0xbfe5)
core   0: 0x8000f02e (0x00001f17) auipc   t5, 0x1
core   0: 3 0x8000f02e (0x00001f17) x30 0x8001002e
core   0: 0x8000f032 (0xfc3f2923) sw      gp, -46(t5)
core   0: 3 0x8000f032 (0xfc3f2923) mem 0x80010000 0x00000001
core   0: 0x8000f036 (0x0000bfe5) c.j     pc - 8
core   0: 3 0x8000f036 (0xbfe5)
core   0: 0x8000f02e (0x00001f17) auipc   t5, 0x1
core   0: 3 0x8000f02e (0x00001f17) x30 0x8001002e
core   0: 0x8000f032 (0xfc3f2923) sw      gp, -46(t5)
core   0: 3 0x8000f032 (0xfc3f2923) mem 0x80010000 0x00000001
core   0: 0x8000f036 (0x0000bfe5) c.j     pc - 8
core   0: 3 0x8000f036 (0xbfe5)
core   0: 0x8000f02e (0x00001f17) auipc   t5, 0x1
core   0: 3 0x8000f02e (0x00001f17) x30 0x8001002e
core   0: 0x8000f032 (0xfc3f2923) sw      gp, -46(t5)
core   0: 3 0x8000f032 (0xfc3f2923) mem 0x80010000 0x00000001
core   0: 0x8000f036 (0x0000bfe5) c.j     pc - 8
core   0: 3 0x8000f036 (0xbfe5)
core   0: 0x8000f02e (0x00001f17) auipc   t5, 0x1
core   0: 3 0x8000f02e (0x00001f17) x30 0x8001002e
core   0: 0x8000f032 (0xfc3f2923) sw      gp, -46(t5)
core   0: 3 0x8000f032 (0xfc3f2923) mem 0x80010000 0x00000001
core   0: 0x8000f036 (0x0000bfe5) c.j     pc - 8
core   0: 3 0x8000f036 (0xbfe5)
core   0: 0x8000f02e (0x00001f17) auipc   t5, 0x1
core   0: 3 0x8000f02e (0x00001f17) x30 0x8001002e
core   0: 0x8000f032 (0xfc3f2923) sw      gp, -46(t5)
core   0: 3 0x8000f032 (0xfc3f2923) mem 0x80010000 0x00000001
core   0: 0x8000f036 (0x0000bfe5) c.j     pc - 8
core   0: 3 0x8000f036 (0xbfe5)
core   0: 0x8000f02e (0x00001f17) auipc   t5, 0x1
core   0: 3 0x8000f02e (0x00001f17) x30 0x8001002e
core   0: 0x8000f032 (0xfc3f2923) sw      gp, -46(t5)
core   0: 3 0x8000f032 (0xfc3f2923) mem 0x80010000 0x00000001
core   0: 0x8000f036 (0x0000bfe5) c.j     pc - 8
core   0: 3 0x8000f036 (0xbfe5)
core   0: 0x8000f02e (0x00001f17) auipc   t5, 0x1
core   0: 3 0x8000f02e (0x00001f17) x30 0x8001002e
core   0: 0x8000f032 (0xfc3f2923) sw      gp, -46(t5)
core   0: 3 0x8000f032 (0xfc3f2923) mem 0x80010000 0x00000001
core   0: 0x8000f036 (0x0000bfe5) c.j     pc - 8
core   0: 3 0x8000f036 (0xbfe5)
core   0: 0x8000f02e (0x00001f17) auipc   t5, 0x1
core   0: 3 0x8000f02e (0x00001f17) x30 0x8001002e
core   0: 0x8000f032 (0xfc3f2923) sw      gp, -46(t5)
core   0: 3 0x8000f032 (0xfc3f2923) mem 0x80010000 0x00000001
core   0: 0x8000f036 (0x0000bfe5) c.j     pc - 8
core   0: 3 0x8000f036 (0xbfe5)
core   0: 0x8000f02e (0x00001f17) auipc   t5, 0x1
core   0: 3 0x8000f02e (0x00001f17) x30 0x8001002e
core   0: 0x8000f032 (0xfc3f2923) sw      gp, -46(t5)
core   0: 3 0x8000f032 (0xfc3f2923) mem 0x80010000 0x00000001
core   0: 0x8000f036 (0x0000bfe5) c.j     pc - 8
core   0: 3 0x8000f036 (0xbfe5)
core   0: 0x8000f02e (0x00001f17) auipc   t5, 0x1
core   0: 3 0x8000f02e (0x00001f17) x30 0x8001002e
core   0: 0x8000f032 (0xfc3f2923) sw      gp, -46(t5)
core   0: 3 0x8000f032 (0xfc3f2923) mem 0x80010000 0x00000001
core   0: 0x8000f036 (0x0000bfe5) c.j     pc - 8
core   0: 3 0x8000f036 (0xbfe5)
core   0: 0x8000f02e (0x00001f17) auipc   t5, 0x1
core   0: 3 0x8000f02e (0x00001f17) x30 0x8001002e
core   0: 0x8000f032 (0xfc3f2923) sw      gp, -46(t5)
core   0: 3 0x8000f032 (0xfc3f2923) mem 0x80010000 0x00000001
core   0: 0x8000f036 (0x0000bfe5) c.j     pc - 8
core   0: 3 0x8000f036 (0xbfe5)
core   0: 0x8000f02e (0x00001f17) auipc   t5, 0x1
core   0: 3 0x8000f02e (0x00001f17) x30 0x8001002e
core   0: 0x8000f032 (0xfc3f2923) sw      gp, -46(t5)
core   0: 3 0x8000f032 (0xfc3f2923) mem 0x80010000 0x00000001
core   0: 0x8000f036 (0x0000bfe5) c.j     pc - 8
core   0: 3 0x8000f036 (0xbfe5)
core   0: 0x8000f02e (0x00001f17) auipc   t5, 0x1
core   0: 3 0x8000f02e (0x00001f17) x30 0x8001002e
core   0: 0x8000f032 (0xfc3f2923) sw      gp, -46(t5)
core   0: 3 0x8000f032 (0xfc3f2923) mem 0x80010000 0x00000001
core   0: 0x8000f036 (0x0000bfe5) c.j     pc - 8
core   0: 3 0x8000f036 (0xbfe5)
core   0: 0x8000f02e (0x00001f17) auipc   t5, 0x1
core   0: 3 0x8000f02e (0x00001f17) x30 0x8001002e
core   0: 0x8000f032 (0xfc3f2923) sw      gp, -46(t5)
core   0: 3 0x8000f032 (0xfc3f2923) mem 0x80010000 0x00000001
core   0: 0x8000f036 (0x0000bfe5) c.j     pc - 8
core   0: 3 0x8000f036 (0xbfe5)
core   0: 0x8000f02e (0x00001f17) auipc   t5, 0x1
core   0: 3 0x8000f02e (0x00001f17) x30 0x8001002e
core   0: 0x8000f032 (0xfc3f2923) sw      gp, -46(t5)
core   0: 3 0x8000f032 (0xfc3f2923) mem 0x80010000 0x00000001
core   0: 0x8000f036 (0x0000bfe5) c.j     pc - 8
core   0: 3 0x8000f036 (0xbfe5)
core   0: 0x8000f02e (0x00001f17) auipc   t5, 0x1
core   0: 3 0x8000f02e (0x00001f17) x30 0x8001002e
core   0: 0x8000f032 (0xfc3f2923) sw      gp, -46(t5)
core   0: 3 0x8000f032 (0xfc3f2923) mem 0x80010000 0x00000001
core   0: 0x8000f036 (0x0000bfe5) c.j     pc - 8
core   0: 3 0x8000f036 (0xbfe5)
core   0: 0x8000f02e (0x00001f17) auipc   t5, 0x1
core   0: 3 0x8000f02e (0x00001f17) x30 0x8001002e
core   0: 0x8000f032 (0xfc3f2923) sw      gp, -46(t5)
core   0: 3 0x8000f032 (0xfc3f2923) mem 0x80010000 0x00000001
core   0: 0x8000f036 (0x0000bfe5) c.j     pc - 8
core   0: 3 0x8000f036 (0xbfe5)
core   0: 0x8000f02e (0x00001f17) auipc   t5, 0x1
core   0: 3 0x8000f02e (0x00001f17) x30 0x8001002e
core   0: 0x8000f032 (0xfc3f2923) sw      gp, -46(t5)
core   0: 3 0x8000f032 (0xfc3f2923) mem 0x80010000 0x00000001
core   0: 0x8000f036 (0x0000bfe5) c.j     pc - 8
core   0: 3 0x8000f036 (0xbfe5)
core   0: 0x8000f02e (0x00001f17) auipc   t5, 0x1
core   0: 3 0x8000f02e (0x00001f17) x30 0x8001002e
core   0: 0x8000f032 (0xfc3f2923) sw      gp, -46(t5)
core   0: 3 0x8000f032 (0xfc3f2923) mem 0x80010000 0x00000001
core   0: 0x8000f036 (0x0000bfe5) c.j     pc - 8
core   0: 3 0x8000f036 (0xbfe5)
core   0: 0x8000f02e (0x00001f17) auipc   t5, 0x1
core   0: 3 0x8000f02e (0x00001f17) x30 0x8001002e
core   0: 0x8000f032 (0xfc3f2923) sw      gp, -46(t5)
core   0: 3 0x8000f032 (0xfc3f2923) mem 0x80010000 0x00000001
core   0: 0x8000f036 (0x0000bfe5) c.j     pc - 8
core   0: 3 0x8000f036 (0xbfe5)
core   0: 0x8000f02e (0x00001f17) auipc   t5, 0x1
core   0: 3 0x8000f02e (0x00001f17) x30 0x8001002e
core   0: 0x8000f032 (0xfc3f2923) sw      gp, -46(t5)
core   0: 3 0x8000f032 (0xfc3f2923) mem 0x80010000 0x00000001
core   0: 0x8000f036 (0x0000bfe5) c.j     pc - 8
core   0: 3 0x8000f036 (0xbfe5)
core   0: 0x8000f02e (0x00001f17) auipc   t5, 0x1
core   0: 3 0x8000f02e (0x00001f17) x30 0x8001002e
core   0: 0x8000f032 (0xfc3f2923) sw      gp, -46(t5)
core   0: 3 0x8000f032 (0xfc3f2923) mem 0x80010000 0x00000001
core   0: 0x8000f036 (0x0000bfe5) c.j     pc - 8
core   0: 3 0x8000f036 (0xbfe5)
core   0: 0x8000f02e (0x00001f17) auipc   t5, 0x1
core   0: 3 0x8000f02e (0x00001f17) x30 0x8001002e
core   0: 0x8000f032 (0xfc3f2923) sw      gp, -46(t5)
core   0: 3 0x8000f032 (0xfc3f2923) mem 0x80010000 0x00000001
core   0: 0x8000f036 (0x0000bfe5) c.j     pc - 8
core   0: 3 0x8000f036 (0xbfe5)
core   0: 0x8000f02e (0x00001f17) auipc   t5, 0x1
core   0: 3 0x8000f02e (0x00001f17) x30 0x8001002e
core   0: 0x8000f032 (0xfc3f2923) sw      gp, -46(t5)
core   0: 3 0x8000f032 (0xfc3f2923) mem 0x80010000 0x00000001
core   0: 0x8000f036 (0x0000bfe5) c.j     pc - 8
core   0: 3 0x8000f036 (0xbfe5)
core   0: 0x8000f02e (0x00001f17) auipc   t5, 0x1
core   0: 3 0x8000f02e (0x00001f17) x30 0x8001002e
core   0: 0x8000f032 (0xfc3f2923) sw      gp, -46(t5)
core   0: 3 0x8000f032 (0xfc3f2923) mem 0x80010000 0x00000001
core   0: 0x8000f036 (0x0000bfe5) c.j     pc - 8
core   0: 3 0x8000f036 (0xbfe5)
core   0: 0x8000f02e (0x00001f17) auipc   t5, 0x1
core   0: 3 0x8000f02e (0x00001f17) x30 0x8001002e
core   0: 0x8000f032 (0xfc3f2923) sw      gp, -46(t5)
core   0: 3 0x8000f032 (0xfc3f2923) mem 0x80010000 0x00000001
core   0: 0x8000f036 (0x0000bfe5) c.j     pc - 8
core   0: 3 0x8000f036 (0xbfe5)
core   0: 0x8000f02e (0x00001f17) auipc   t5, 0x1
core   0: 3 0x8000f02e (0x00001f17) x30 0x8001002e
core   0: 0x8000f032 (0xfc3f2923) sw      gp, -46(t5)
core   0: 3 0x8000f032 (0xfc3f2923) mem 0x80010000 0x00000001
core   0: 0x8000f036 (0x0000bfe5) c.j     pc - 8
core   0: 3 0x8000f036 (0xbfe5)
core   0: 0x8000f02e (0x00001f17) auipc   t5, 0x1
core   0: 3 0x8000f02e (0x00001f17) x30 0x8001002e
core   0: 0x8000f032 (0xfc3f2923) sw      gp, -46(t5)
core   0: 3 0x8000f032 (0xfc3f2923) mem 0x80010000 0x00000001
core   0: 0x8000f036 (0x0000bfe5) c.j     pc - 8
core   0: 3 0x8000f036 (0xbfe5)
core   0: 0x8000f02e (0x00001f17) auipc   t5, 0x1
core   0: 3 0x8000f02e (0x00001f17) x30 0x8001002e
core   0: 0x8000f032 (0xfc3f2923) sw      gp, -46(t5)
core   0: 3 0x8000f032 (0xfc3f2923) mem 0x80010000 0x00000001
core   0: 0x8000f036 (0x0000bfe5) c.j     pc - 8
core   0: 3 0x8000f036 (0xbfe5)
core   0: 0x8000f02e (0x00001f17) auipc   t5, 0x1
core   0: 3 0x8000f02e (0x00001f17) x30 0x8001002e
core   0: 0x8000f032 (0xfc3f2923) sw      gp, -46(t5)
core   0: 3 0x8000f032 (0xfc3f2923) mem 0x80010000 0x00000001
core   0: 0x8000f036 (0x0000bfe5) c.j     pc - 8
core   0: 3 0x8000f036 (0xbfe5)
core   0: 0x8000f02e (0x00001f17) auipc   t5, 0x1
core   0: 3 0x8000f02e (0x00001f17) x30 0x8001002e
core   0: 0x8000f032 (0xfc3f2923) sw      gp, -46(t5)
core   0: 3 0x8000f032 (0xfc3f2923) mem 0x80010000 0x00000001
core   0: 0x8000f036 (0x0000bfe5) c.j     pc - 8
core   0: 3 0x8000f036 (0xbfe5)
core   0: 0x8000f02e (0x00001f17) auipc   t5, 0x1
core   0: 3 0x8000f02e (0x00001f17) x30 0x8001002e
core   0: 0x8000f032 (0xfc3f2923) sw      gp, -46(t5)
core   0: 3 0x8000f032 (0xfc3f2923) mem 0x80010000 0x00000001
core   0: 0x8000f036 (0x0000bfe5) c.j     pc - 8
core   0: 3 0x8000f036 (0xbfe5)
core   0: 0x8000f02e (0x00001f17) auipc   t5, 0x1
core   0: 3 0x8000f02e (0x00001f17) x30 0x8001002e
core   0: 0x8000f032 (0xfc3f2923) sw      gp, -46(t5)
core   0: 3 0x8000f032 (0xfc3f2923) mem 0x80010000 0x00000001
core   0: 0x8000f036 (0x0000bfe5) c.j     pc - 8
core   0: 3 0x8000f036 (0xbfe5)
core   0: 0x8000f02e (0x00001f17) auipc   t5, 0x1
core   0: 3 0x8000f02e (0x00001f17) x30 0x8001002e
core   0: 0x8000f032 (0xfc3f2923) sw      gp, -46(t5)
core   0: 3 0x8000f032 (0xfc3f2923) mem 0x80010000 0x00000001
core   0: 0x8000f036 (0x0000bfe5) c.j     pc - 8
core   0: 3 0x8000f036 (0xbfe5)
core   0: 0x8000f02e (0x00001f17) auipc   t5, 0x1
core   0: 3 0x8000f02e (0x00001f17) x30 0x8001002e
core   0: 0x8000f032 (0xfc3f2923) sw      gp, -46(t5)
core   0: 3 0x8000f032 (0xfc3f2923) mem 0x80010000 0x00000001
core   0: 0x8000f036 (0x0000bfe5) c.j     pc - 8
core   0: 3 0x8000f036 (0xbfe5)
core   0: 0x8000f02e (0x00001f17) auipc   t5, 0x1
core   0: 3 0x8000f02e (0x00001f17) x30 0x8001002e
core   0: 0x8000f032 (0xfc3f2923) sw      gp, -46(t5)
core   0: 3 0x8000f032 (0xfc3f2923) mem 0x80010000 0x00000001
core   0: 0x8000f036 (0x0000bfe5) c.j     pc - 8
core   0: 3 0x8000f036 (0xbfe5)
core   0: 0x8000f02e (0x00001f17) auipc   t5, 0x1
core   0: 3 0x8000f02e (0x00001f17) x30 0x8001002e
core   0: 0x8000f032 (0xfc3f2923) sw      gp, -46(t5)
core   0: 3 0x8000f032 (0xfc3f2923) mem 0x80010000 0x00000001
core   0: 0x8000f036 (0x0000bfe5) c.j     pc - 8
core   0: 3 0x8000f036 (0xbfe5)
core   0: 0x8000f02e (0x00001f17) auipc   t5, 0x1
core   0: 3 0x8000f02e (0x00001f17) x30 0x8001002e
core   0: 0x8000f032 (0xfc3f2923) sw      gp, -46(t5)
core   0: 3 0x8000f032 (0xfc3f2923) mem 0x80010000 0x00000001
core   0: 0x8000f036 (0x0000bfe5) c.j     pc - 8
core   0: 3 0x8000f036 (0xbfe5)
core   0: 0x8000f02e (0x00001f17) auipc   t5, 0x1
core   0: 3 0x8000f02e (0x00001f17) x30 0x8001002e
core   0: 0x8000f032 (0xfc3f2923) sw      gp, -46(t5)
core   0: 3 0x8000f032 (0xfc3f2923) mem 0x80010000 0x00000001
core   0: 0x8000f036 (0x0000bfe5) c.j     pc - 8
core   0: 3 0x8000f036 (0xbfe5)
core   0: 0x8000f02e (0x00001f17) auipc   t5, 0x1
core   0: 3 0x8000f02e (0x00001f17) x30 0x8001002e
core   0: 0x8000f032 (0xfc3f2923) sw      gp, -46(t5)
core   0: 3 0x8000f032 (0xfc3f2923) mem 0x80010000 0x00000001
core   0: 0x8000f036 (0x0000bfe5) c.j     pc - 8
core   0: 3 0x8000f036 (0xbfe5)
core   0: 0x8000f02e (0x00001f17) auipc   t5, 0x1
core   0: 3 0x8000f02e (0x00001f17) x30 0x8001002e
core   0: 0x8000f032 (0xfc3f2923) sw      gp, -46(t5)
core   0: 3 0x8000f032 (0xfc3f2923) mem 0x80010000 0x00000001
core   0: 0x8000f036 (0x0000bfe5) c.j     pc - 8
core   0: 3 0x8000f036 (0xbfe5)
core   0: 0x8000f02e (0x00001f17) auipc   t5, 0x1
core   0: 3 0x8000f02e (0x00001f17) x30 0x8001002e
core   0: 0x8000f032 (0xfc3f2923) sw      gp, -46(t5)
core   0: 3 0x8000f032 (0xfc3f2923) mem 0x80010000 0x00000001
core   0: 0x8000f036 (0x0000bfe5) c.j     pc - 8
core   0: 3 0x8000f036 (0xbfe5)
core   0: 0x8000f02e (0x00001f17) auipc   t5, 0x1
core   0: 3 0x8000f02e (0x00001f17) x30 0x8001002e
core   0: 0x8000f032 (0xfc3f2923) sw      gp, -46(t5)
core   0: 3 0x8000f032 (0xfc3f2923) mem 0x80010000 0x00000001
core   0: 0x8000f036 (0x0000bfe5) c.j     pc - 8
core   0: 3 0x8000f036 (0xbfe5)
core   0: 0x8000f02e (0x00001f17) auipc   t5, 0x1
core   0: 3 0x8000f02e (0x00001f17) x30 0x8001002e
core   0: 0x8000f032 (0xfc3f2923) sw      gp, -46(t5)
core   0: 3 0x8000f032 (0xfc3f2923) mem 0x80010000 0x00000001
core   0: 0x8000f036 (0x0000bfe5) c.j     pc - 8
core   0: 3 0x8000f036 (0xbfe5)
core   0: 0x8000f02e (0x00001f17) auipc   t5, 0x1
core   0: 3 0x8000f02e (0x00001f17) x30 0x8001002e
core   0: 0x8000f032 (0xfc3f2923) sw      gp, -46(t5)
core   0: 3 0x8000f032 (0xfc3f2923) mem 0x80010000 0x00000001
core   0: 0x8000f036 (0x0000bfe5) c.j     pc - 8
core   0: 3 0x8000f036 (0xbfe5)
core   0: 0x8000f02e (0x00001f17) auipc   t5, 0x1
core   0: 3 0x8000f02e (0x00001f17) x30 0x8001002e
core   0: 0x8000f032 (0xfc3f2923) sw      gp, -46(t5)
core   0: 3 0x8000f032 (0xfc3f2923) mem 0x80010000 0x00000001
core   0: 0x8000f036 (0x0000bfe5) c.j     pc - 8
core   0: 3 0x8000f036 (0xbfe5)
core   0: 0x8000f02e (0x00001f17) auipc   t5, 0x1
core   0: 3 0x8000f02e (0x00001f17) x30 0x8001002e
core   0: 0x8000f032 (0xfc3f2923) sw      gp, -46(t5)
core   0: 3 0x8000f032 (0xfc3f2923) mem 0x80010000 0x00000001
core   0: 0x8000f036 (0x0000bfe5) c.j     pc - 8
core   0: 3 0x8000f036 (0xbfe5)
core   0: 0x8000f02e (0x00001f17) auipc   t5, 0x1
core   0: 3 0x8000f02e (0x00001f17) x30 0x8001002e
core   0: 0x8000f032 (0xfc3f2923) sw      gp, -46(t5)
core   0: 3 0x8000f032 (0xfc3f2923) mem 0x80010000 0x00000001
core   0: 0x8000f036 (0x0000bfe5) c.j     pc - 8
core   0: 3 0x8000f036 (0xbfe5)
core   0: 0x8000f02e (0x00001f17) auipc   t5, 0x1
core   0: 3 0x8000f02e (0x00001f17) x30 0x8001002e
core   0: 0x8000f032 (0xfc3f2923) sw      gp, -46(t5)
core   0: 3 0x8000f032 (0xfc3f2923) mem 0x80010000 0x00000001
core   0: 0x8000f036 (0x0000bfe5) c.j     pc - 8
core   0: 3 0x8000f036 (0xbfe5)
core   0: 0x8000f02e (0x00001f17) auipc   t5, 0x1
core   0: 3 0x8000f02e (0x00001f17) x30 0x8001002e
core   0: 0x8000f032 (0xfc3f2923) sw      gp, -46(t5)
core   0: 3 0x8000f032 (0xfc3f2923) mem 0x80010000 0x00000001
core   0: 0x8000f036 (0x0000bfe5) c.j     pc - 8
core   0: 3 0x8000f036 (0xbfe5)
core   0: 0x8000f02e (0x00001f17) auipc   t5, 0x1
core   0: 3 0x8000f02e (0x00001f17) x30 0x8001002e
core   0: 0x8000f032 (0xfc3f2923) sw      gp, -46(t5)
core   0: 3 0x8000f032 (0xfc3f2923) mem 0x80010000 0x00000001
core   0: 0x8000f036 (0x0000bfe5) c.j     pc - 8
core   0: 3 0x8000f036 (0xbfe5)
core   0: 0x8000f02e (0x00001f17) auipc   t5, 0x1
core   0: 3 0x8000f02e (0x00001f17) x30 0x8001002e
core   0: 0x8000f032 (0xfc3f2923) sw      gp, -46(t5)
core   0: 3 0x8000f032 (0xfc3f2923) mem 0x80010000 0x00000001
core   0: 0x8000f036 (0x0000bfe5) c.j     pc - 8
core   0: 3 0x8000f036 (0xbfe5)
core   0: 0x8000f02e (0x00001f17) auipc   t5, 0x1
core   0: 3 0x8000f02e (0x00001f17) x30 0x8001002e
core   0: 0x8000f032 (0xfc3f2923) sw      gp, -46(t5)
core   0: 3 0x8000f032 (0xfc3f2923) mem 0x80010000 0x00000001
core   0: 0x8000f036 (0x0000bfe5) c.j     pc - 8
core   0: 3 0x8000f036 (0xbfe5)
core   0: 0x8000f02e (0x00001f17) auipc   t5, 0x1
core   0: 3 0x8000f02e (0x00001f17) x30 0x8001002e
core   0: 0x8000f032 (0xfc3f2923) sw      gp, -46(t5)
core   0: 3 0x8000f032 (0xfc3f2923) mem 0x80010000 0x00000001
core   0: 0x8000f036 (0x0000bfe5) c.j     pc - 8
core   0: 3 0x8000f036 (0xbfe5)
core   0: 0x8000f02e (0x00001f17) auipc   t5, 0x1
core   0: 3 0x8000f02e (0x00001f17) x30 0x8001002e
core   0: 0x8000f032 (0xfc3f2923) sw      gp, -46(t5)
core   0: 3 0x8000f032 (0xfc3f2923) mem 0x80010000 0x00000001
core   0: 0x8000f036 (0x0000bfe5) c.j     pc - 8
core   0: 3 0x8000f036 (0xbfe5)
core   0: 0x8000f02e (0x00001f17) auipc   t5, 0x1
core   0: 3 0x8000f02e (0x00001f17) x30 0x8001002e
core   0: 0x8000f032 (0xfc3f2923) sw      gp, -46(t5)
core   0: 3 0x8000f032 (0xfc3f2923) mem 0x80010000 0x00000001
core   0: 0x8000f036 (0x0000bfe5) c.j     pc - 8
core   0: 3 0x8000f036 (0xbfe5)
core   0: 0x8000f02e (0x00001f17) auipc   t5, 0x1
core   0: 3 0x8000f02e (0x00001f17) x30 0x8001002e
core   0: 0x8000f032 (0xfc3f2923) sw      gp, -46(t5)
core   0: 3 0x8000f032 (0xfc3f2923) mem 0x80010000 0x00000001
core   0: 0x8000f036 (0x0000bfe5) c.j     pc - 8
core   0: 3 0x8000f036 (0xbfe5)
core   0: 0x8000f02e (0x00001f17) auipc   t5, 0x1
core   0: 3 0x8000f02e (0x00001f17) x30 0x8001002e
core   0: 0x8000f032 (0xfc3f2923) sw      gp, -46(t5)
core   0: 3 0x8000f032 (0xfc3f2923) mem 0x80010000 0x00000001
core   0: 0x8000f036 (0x0000bfe5) c.j     pc - 8
core   0: 3 0x8000f036 (0xbfe5)
core   0: 0x8000f02e (0x00001f17) auipc   t5, 0x1
core   0: 3 0x8000f02e (0x00001f17) x30 0x8001002e
core   0: 0x8000f032 (0xfc3f2923) sw      gp, -46(t5)
core   0: 3 0x8000f032 (0xfc3f2923) mem 0x80010000 0x00000001
core   0: 0x8000f036 (0x0000bfe5) c.j     pc - 8
core   0: 3 0x8000f036 (0xbfe5)
core   0: 0x8000f02e (0x00001f17) auipc   t5, 0x1
core   0: 3 0x8000f02e (0x00001f17) x30 0x8001002e
core   0: 0x8000f032 (0xfc3f2923) sw      gp, -46(t5)
core   0: 3 0x8000f032 (0xfc3f2923) mem 0x80010000 0x00000001
core   0: 0x8000f036 (0x0000bfe5) c.j     pc - 8
core   0: 3 0x8000f036 (0xbfe5)
core   0: 0x8000f02e (0x00001f17) auipc   t5, 0x1
core   0: 3 0x8000f02e (0x00001f17) x30 0x8001002e
core   0: 0x8000f032 (0xfc3f2923) sw      gp, -46(t5)
core   0: 3 0x8000f032 (0xfc3f2923) mem 0x80010000 0x00000001
core   0: 0x8000f036 (0x0000bfe5) c.j     pc - 8
core   0: 3 0x8000f036 (0xbfe5)
core   0: 0x8000f02e (0x00001f17) auipc   t5, 0x1
core   0: 3 0x8000f02e (0x00001f17) x30 0x8001002e
core   0: 0x8000f032 (0xfc3f2923) sw      gp, -46(t5)
core   0: 3 0x8000f032 (0xfc3f2923) mem 0x80010000 0x00000001
core   0: 0x8000f036 (0x0000bfe5) c.j     pc - 8
core   0: 3 0x8000f036 (0xbfe5)
core   0: 0x8000f02e (0x00001f17) auipc   t5, 0x1
core   0: 3 0x8000f02e (0x00001f17) x30 0x8001002e
core   0: 0x8000f032 (0xfc3f2923) sw      gp, -46(t5)
core   0: 3 0x8000f032 (0xfc3f2923) mem 0x80010000 0x00000001
core   0: 0x8000f036 (0x0000bfe5) c.j     pc - 8
core   0: 3 0x8000f036 (0xbfe5)
core   0: 0x8000f02e (0x00001f17) auipc   t5, 0x1
core   0: 3 0x8000f02e (0x00001f17) x30 0x8001002e
core   0: 0x8000f032 (0xfc3f2923) sw      gp, -46(t5)
core   0: 3 0x8000f032 (0xfc3f2923) mem 0x80010000 0x00000001
core   0: 0x8000f036 (0x0000bfe5) c.j     pc - 8
core   0: 3 0x8000f036 (0xbfe5)
core   0: 0x8000f02e (0x00001f17) auipc   t5, 0x1
core   0: 3 0x8000f02e (0x00001f17) x30 0x8001002e
core   0: 0x8000f032 (0xfc3f2923) sw      gp, -46(t5)
core   0: 3 0x8000f032 (0xfc3f2923) mem 0x80010000 0x00000001
core   0: 0x8000f036 (0x0000bfe5) c.j     pc - 8
core   0: 3 0x8000f036 (0xbfe5)
core   0: 0x8000f02e (0x00001f17) auipc   t5, 0x1
core   0: 3 0x8000f02e (0x00001f17) x30 0x8001002e
core   0: 0x8000f032 (0xfc3f2923) sw      gp, -46(t5)
core   0: 3 0x8000f032 (0xfc3f2923) mem 0x80010000 0x00000001
core   0: 0x8000f036 (0x0000bfe5) c.j     pc - 8
core   0: 3 0x8000f036 (0xbfe5)
core   0: 0x8000f02e (0x00001f17) auipc   t5, 0x1
core   0: 3 0x8000f02e (0x00001f17) x30 0x8001002e
core   0: 0x8000f032 (0xfc3f2923) sw      gp, -46(t5)
core   0: 3 0x8000f032 (0xfc3f2923) mem 0x80010000 0x00000001
core   0: 0x8000f036 (0x0000bfe5) c.j     pc - 8
core   0: 3 0x8000f036 (0xbfe5)
core   0: 0x8000f02e (0x00001f17) auipc   t5, 0x1
core   0: 3 0x8000f02e (0x00001f17) x30 0x8001002e
core   0: 0x8000f032 (0xfc3f2923) sw      gp, -46(t5)
core   0: 3 0x8000f032 (0xfc3f2923) mem 0x80010000 0x00000001
core   0: 0x8000f036 (0x0000bfe5) c.j     pc - 8
core   0: 3 0x8000f036 (0xbfe5)
core   0: 0x8000f02e (0x00001f17) auipc   t5, 0x1
core   0: 3 0x8000f02e (0x00001f17) x30 0x8001002e
core   0: 0x8000f032 (0xfc3f2923) sw      gp, -46(t5)
core   0: 3 0x8000f032 (0xfc3f2923) mem 0x80010000 0x00000001
core   0: 0x8000f036 (0x0000bfe5) c.j     pc - 8
core   0: 3 0x8000f036 (0xbfe5)
core   0: 0x8000f02e (0x00001f17) auipc   t5, 0x1
core   0: 3 0x8000f02e (0x00001f17) x30 0x8001002e
core   0: 0x8000f032 (0xfc3f2923) sw      gp, -46(t5)
core   0: 3 0x8000f032 (0xfc3f2923) mem 0x80010000 0x00000001
core   0: 0x8000f036 (0x0000bfe5) c.j     pc - 8
core   0: 3 0x8000f036 (0xbfe5)
core   0: 0x8000f02e (0x00001f17) auipc   t5, 0x1
core   0: 3 0x8000f02e (0x00001f17) x30 0x8001002e
core   0: 0x8000f032 (0xfc3f2923) sw      gp, -46(t5)
core   0: 3 0x8000f032 (0xfc3f2923) mem 0x80010000 0x00000001
core   0: 0x8000f036 (0x0000bfe5) c.j     pc - 8
core   0: 3 0x8000f036 (0xbfe5)
core   0: 0x8000f02e (0x00001f17) auipc   t5, 0x1
core   0: 3 0x8000f02e (0x00001f17) x30 0x8001002e
core   0: 0x8000f032 (0xfc3f2923) sw      gp, -46(t5)
core   0: 3 0x8000f032 (0xfc3f2923) mem 0x80010000 0x00000001
core   0: 0x8000f036 (0x0000bfe5) c.j     pc - 8
core   0: 3 0x8000f036 (0xbfe5)
core   0: 0x8000f02e (0x00001f17) auipc   t5, 0x1
core   0: 3 0x8000f02e (0x00001f17) x30 0x8001002e
core   0: 0x8000f032 (0xfc3f2923) sw      gp, -46(t5)
core   0: 3 0x8000f032 (0xfc3f2923) mem 0x80010000 0x00000001
core   0: 0x8000f036 (0x0000bfe5) c.j     pc - 8
core   0: 3 0x8000f036 (0xbfe5)
core   0: 0x8000f02e (0x00001f17) auipc   t5, 0x1
core   0: 3 0x8000f02e (0x00001f17) x30 0x8001002e
core   0: 0x8000f032 (0xfc3f2923) sw      gp, -46(t5)
core   0: 3 0x8000f032 (0xfc3f2923) mem 0x80010000 0x00000001
core   0: 0x8000f036 (0x0000bfe5) c.j     pc - 8
core   0: 3 0x8000f036 (0xbfe5)
core   0: 0x8000f02e (0x00001f17) auipc   t5, 0x1
core   0: 3 0x8000f02e (0x00001f17) x30 0x8001002e
core   0: 0x8000f032 (0xfc3f2923) sw      gp, -46(t5)
core   0: 3 0x8000f032 (0xfc3f2923) mem 0x80010000 0x00000001
core   0: 0x8000f036 (0x0000bfe5) c.j     pc - 8
core   0: 3 0x8000f036 (0xbfe5)
core   0: 0x8000f02e (0x00001f17) auipc   t5, 0x1
core   0: 3 0x8000f02e (0x00001f17) x30 0x8001002e
core   0: 0x8000f032 (0xfc3f2923) sw      gp, -46(t5)
core   0: 3 0x8000f032 (0xfc3f2923) mem 0x80010000 0x00000001
core   0: 0x8000f036 (0x0000bfe5) c.j     pc - 8
core   0: 3 0x8000f036 (0xbfe5)
core   0: 0x8000f02e (0x00001f17) auipc   t5, 0x1
core   0: 3 0x8000f02e (0x00001f17) x30 0x8001002e
core   0: 0x8000f032 (0xfc3f2923) sw      gp, -46(t5)
core   0: 3 0x8000f032 (0xfc3f2923) mem 0x80010000 0x00000001
core   0: 0x8000f036 (0x0000bfe5) c.j     pc - 8
core   0: 3 0x8000f036 (0xbfe5)
core   0: 0x8000f02e (0x00001f17) auipc   t5, 0x1
core   0: 3 0x8000f02e (0x00001f17) x30 0x8001002e
core   0: 0x8000f032 (0xfc3f2923) sw      gp, -46(t5)
core   0: 3 0x8000f032 (0xfc3f2923) mem 0x80010000 0x00000001
core   0: 0x8000f036 (0x0000bfe5) c.j     pc - 8
core   0: 3 0x8000f036 (0xbfe5)
core   0: 0x8000f02e (0x00001f17) auipc   t5, 0x1
core   0: 3 0x8000f02e (0x00001f17) x30 0x8001002e
core   0: 0x8000f032 (0xfc3f2923) sw      gp, -46(t5)
core   0: 3 0x8000f032 (0xfc3f2923) mem 0x80010000 0x00000001
core   0: 0x8000f036 (0x0000bfe5) c.j     pc - 8
core   0: 3 0x8000f036 (0xbfe5)
core   0: 0x8000f02e (0x00001f17) auipc   t5, 0x1
core   0: 3 0x8000f02e (0x00001f17) x30 0x8001002e
core   0: 0x8000f032 (0xfc3f2923) sw      gp, -46(t5)
core   0: 3 0x8000f032 (0xfc3f2923) mem 0x80010000 0x00000001
core   0: 0x8000f036 (0x0000bfe5) c.j     pc - 8
core   0: 3 0x8000f036 (0xbfe5)
core   0: 0x8000f02e (0x00001f17) auipc   t5, 0x1
core   0: 3 0x8000f02e (0x00001f17) x30 0x8001002e
core   0: 0x8000f032 (0xfc3f2923) sw      gp, -46(t5)
core   0: 3 0x8000f032 (0xfc3f2923) mem 0x80010000 0x00000001
core   0: 0x8000f036 (0x0000bfe5) c.j     pc - 8
core   0: 3 0x8000f036 (0xbfe5)
core   0: 0x8000f02e (0x00001f17) auipc   t5, 0x1
core   0: 3 0x8000f02e (0x00001f17) x30 0x8001002e
core   0: 0x8000f032 (0xfc3f2923) sw      gp, -46(t5)
core   0: 3 0x8000f032 (0xfc3f2923) mem 0x80010000 0x00000001
core   0: 0x8000f036 (0x0000bfe5) c.j     pc - 8
core   0: 3 0x8000f036 (0xbfe5)
core   0: 0x8000f02e (0x00001f17) auipc   t5, 0x1
core   0: 3 0x8000f02e (0x00001f17) x30 0x8001002e
core   0: 0x8000f032 (0xfc3f2923) sw      gp, -46(t5)
core   0: 3 0x8000f032 (0xfc3f2923) mem 0x80010000 0x00000001
core   0: 0x8000f036 (0x0000bfe5) c.j     pc - 8
core   0: 3 0x8000f036 (0xbfe5)
core   0: 0x8000f02e (0x00001f17) auipc   t5, 0x1
core   0: 3 0x8000f02e (0x00001f17) x30 0x8001002e
core   0: 0x8000f032 (0xfc3f2923) sw      gp, -46(t5)
core   0: 3 0x8000f032 (0xfc3f2923) mem 0x80010000 0x00000001
core   0: 0x8000f036 (0x0000bfe5) c.j     pc - 8
core   0: 3 0x8000f036 (0xbfe5)
core   0: 0x8000f02e (0x00001f17) auipc   t5, 0x1
core   0: 3 0x8000f02e (0x00001f17) x30 0x8001002e
core   0: 0x8000f032 (0xfc3f2923) sw      gp, -46(t5)
core   0: 3 0x8000f032 (0xfc3f2923) mem 0x80010000 0x00000001
core   0: 0x8000f036 (0x0000bfe5) c.j     pc - 8
core   0: 3 0x8000f036 (0xbfe5)
core   0: 0x8000f02e (0x00001f17) auipc   t5, 0x1
core   0: 3 0x8000f02e (0x00001f17) x30 0x8001002e
core   0: 0x8000f032 (0xfc3f2923) sw      gp, -46(t5)
core   0: 3 0x8000f032 (0xfc3f2923) mem 0x80010000 0x00000001
core   0: 0x8000f036 (0x0000bfe5) c.j     pc - 8
core   0: 3 0x8000f036 (0xbfe5)
core   0: 0x8000f02e (0x00001f17) auipc   t5, 0x1
core   0: 3 0x8000f02e (0x00001f17) x30 0x8001002e
core   0: 0x8000f032 (0xfc3f2923) sw      gp, -46(t5)
core   0: 3 0x8000f032 (0xfc3f2923) mem 0x80010000 0x00000001
core   0: 0x8000f036 (0x0000bfe5) c.j     pc - 8
core   0: 3 0x8000f036 (0xbfe5)
core   0: 0x8000f02e (0x00001f17) auipc   t5, 0x1
core   0: 3 0x8000f02e (0x00001f17) x30 0x8001002e
core   0: 0x8000f032 (0xfc3f2923) sw      gp, -46(t5)
core   0: 3 0x8000f032 (0xfc3f2923) mem 0x80010000 0x00000001
core   0: 0x8000f036 (0x0000bfe5) c.j     pc - 8
core   0: 3 0x8000f036 (0xbfe5)
core   0: 0x8000f02e (0x00001f17) auipc   t5, 0x1
core   0: 3 0x8000f02e (0x00001f17) x30 0x8001002e
core   0: 0x8000f032 (0xfc3f2923) sw      gp, -46(t5)
core   0: 3 0x8000f032 (0xfc3f2923) mem 0x80010000 0x00000001
core   0: 0x8000f036 (0x0000bfe5) c.j     pc - 8
core   0: 3 0x8000f036 (0xbfe5)
core   0: 0x8000f02e (0x00001f17) auipc   t5, 0x1
core   0: 3 0x8000f02e (0x00001f17) x30 0x8001002e
core   0: 0x8000f032 (0xfc3f2923) sw      gp, -46(t5)
core   0: 3 0x8000f032 (0xfc3f2923) mem 0x80010000 0x00000001
core   0: 0x8000f036 (0x0000bfe5) c.j     pc - 8
core   0: 3 0x8000f036 (0xbfe5)
core   0: 0x8000f02e (0x00001f17) auipc   t5, 0x1
core   0: 3 0x8000f02e (0x00001f17) x30 0x8001002e
core   0: 0x8000f032 (0xfc3f2923) sw      gp, -46(t5)
core   0: 3 0x8000f032 (0xfc3f2923) mem 0x80010000 0x00000001
core   0: 0x8000f036 (0x0000bfe5) c.j     pc - 8
core   0: 3 0x8000f036 (0xbfe5)
core   0: 0x8000f02e (0x00001f17) auipc   t5, 0x1
core   0: 3 0x8000f02e (0x00001f17) x30 0x8001002e
core   0: 0x8000f032 (0xfc3f2923) sw      gp, -46(t5)
core   0: 3 0x8000f032 (0xfc3f2923) mem 0x80010000 0x00000001
core   0: 0x8000f036 (0x0000bfe5) c.j     pc - 8
core   0: 3 0x8000f036 (0xbfe5)
core   0: 0x8000f02e (0x00001f17) auipc   t5, 0x1
core   0: 3 0x8000f02e (0x00001f17) x30 0x8001002e
core   0: 0x8000f032 (0xfc3f2923) sw      gp, -46(t5)
core   0: 3 0x8000f032 (0xfc3f2923) mem 0x80010000 0x00000001
core   0: 0x8000f036 (0x0000bfe5) c.j     pc - 8
core   0: 3 0x8000f036 (0xbfe5)
core   0: 0x8000f02e (0x00001f17) auipc   t5, 0x1
core   0: 3 0x8000f02e (0x00001f17) x30 0x8001002e
core   0: 0x8000f032 (0xfc3f2923) sw      gp, -46(t5)
core   0: 3 0x8000f032 (0xfc3f2923) mem 0x80010000 0x00000001
core   0: 0x8000f036 (0x0000bfe5) c.j     pc - 8
core   0: 3 0x8000f036 (0xbfe5)
core   0: 0x8000f02e (0x00001f17) auipc   t5, 0x1
core   0: 3 0x8000f02e (0x00001f17) x30 0x8001002e
core   0: 0x8000f032 (0xfc3f2923) sw      gp, -46(t5)
core   0: 3 0x8000f032 (0xfc3f2923) mem 0x80010000 0x00000001
core   0: 0x8000f036 (0x0000bfe5) c.j     pc - 8
core   0: 3 0x8000f036 (0xbfe5)
core   0: 0x8000f02e (0x00001f17) auipc   t5, 0x1
core   0: 3 0x8000f02e (0x00001f17) x30 0x8001002e
core   0: 0x8000f032 (0xfc3f2923) sw      gp, -46(t5)
core   0: 3 0x8000f032 (0xfc3f2923) mem 0x80010000 0x00000001
core   0: 0x8000f036 (0x0000bfe5) c.j     pc - 8
core   0: 3 0x8000f036 (0xbfe5)
core   0: 0x8000f02e (0x00001f17) auipc   t5, 0x1
core   0: 3 0x8000f02e (0x00001f17) x30 0x8001002e
core   0: 0x8000f032 (0xfc3f2923) sw      gp, -46(t5)
core   0: 3 0x8000f032 (0xfc3f2923) mem 0x80010000 0x00000001
core   0: 0x8000f036 (0x0000bfe5) c.j     pc - 8
core   0: 3 0x8000f036 (0xbfe5)
core   0: 0x8000f02e (0x00001f17) auipc   t5, 0x1
core   0: 3 0x8000f02e (0x00001f17) x30 0x8001002e
core   0: 0x8000f032 (0xfc3f2923) sw      gp, -46(t5)
core   0: 3 0x8000f032 (0xfc3f2923) mem 0x80010000 0x00000001
core   0: 0x8000f036 (0x0000bfe5) c.j     pc - 8
core   0: 3 0x8000f036 (0xbfe5)
core   0: 0x8000f02e (0x00001f17) auipc   t5, 0x1
core   0: 3 0x8000f02e (0x00001f17) x30 0x8001002e
core   0: 0x8000f032 (0xfc3f2923) sw      gp, -46(t5)
core   0: 3 0x8000f032 (0xfc3f2923) mem 0x80010000 0x00000001
core   0: 0x8000f036 (0x0000bfe5) c.j     pc - 8
core   0: 3 0x8000f036 (0xbfe5)
core   0: 0x8000f02e (0x00001f17) auipc   t5, 0x1
core   0: 3 0x8000f02e (0x00001f17) x30 0x8001002e
core   0: 0x8000f032 (0xfc3f2923) sw      gp, -46(t5)
core   0: 3 0x8000f032 (0xfc3f2923) mem 0x80010000 0x00000001
core   0: 0x8000f036 (0x0000bfe5) c.j     pc - 8
core   0: 3 0x8000f036 (0xbfe5)
core   0: 0x8000f02e (0x00001f17) auipc   t5, 0x1
core   0: 3 0x8000f02e (0x00001f17) x30 0x8001002e
core   0: 0x8000f032 (0xfc3f2923) sw      gp, -46(t5)
core   0: 3 0x8000f032 (0xfc3f2923) mem 0x80010000 0x00000001
core   0: 0x8000f036 (0x0000bfe5) c.j     pc - 8
core   0: 3 0x8000f036 (0xbfe5)
core   0: 0x8000f02e (0x00001f17) auipc   t5, 0x1
core   0: 3 0x8000f02e (0x00001f17) x30 0x8001002e
core   0: 0x8000f032 (0xfc3f2923) sw      gp, -46(t5)
core   0: 3 0x8000f032 (0xfc3f2923) mem 0x80010000 0x00000001
core   0: 0x8000f036 (0x0000bfe5) c.j     pc - 8
core   0: 3 0x8000f036 (0xbfe5)
core   0: 0x8000f02e (0x00001f17) auipc   t5, 0x1
core   0: 3 0x8000f02e (0x00001f17) x30 0x8001002e
core   0: 0x8000f032 (0xfc3f2923) sw      gp, -46(t5)
core   0: 3 0x8000f032 (0xfc3f2923) mem 0x80010000 0x00000001
core   0: 0x8000f036 (0x0000bfe5) c.j     pc - 8
core   0: 3 0x8000f036 (0xbfe5)
core   0: 0x8000f02e (0x00001f17) auipc   t5, 0x1
core   0: 3 0x8000f02e (0x00001f17) x30 0x8001002e
core   0: 0x8000f032 (0xfc3f2923) sw      gp, -46(t5)
core   0: 3 0x8000f032 (0xfc3f2923) mem 0x80010000 0x00000001
core   0: 0x8000f036 (0x0000bfe5) c.j     pc - 8
core   0: 3 0x8000f036 (0xbfe5)
core   0: 0x8000f02e (0x00001f17) auipc   t5, 0x1
core   0: 3 0x8000f02e (0x00001f17) x30 0x8001002e
core   0: 0x8000f032 (0xfc3f2923) sw      gp, -46(t5)
core   0: 3 0x8000f032 (0xfc3f2923) mem 0x80010000 0x00000001
core   0: 0x8000f036 (0x0000bfe5) c.j     pc - 8
core   0: 3 0x8000f036 (0xbfe5)
core   0: 0x8000f02e (0x00001f17) auipc   t5, 0x1
core   0: 3 0x8000f02e (0x00001f17) x30 0x8001002e
core   0: 0x8000f032 (0xfc3f2923) sw      gp, -46(t5)
core   0: 3 0x8000f032 (0xfc3f2923) mem 0x80010000 0x00000001
core   0: 0x8000f036 (0x0000bfe5) c.j     pc - 8
core   0: 3 0x8000f036 (0xbfe5)
core   0: 0x8000f02e (0x00001f17) auipc   t5, 0x1
core   0: 3 0x8000f02e (0x00001f17) x30 0x8001002e
core   0: 0x8000f032 (0xfc3f2923) sw      gp, -46(t5)
core   0: 3 0x8000f032 (0xfc3f2923) mem 0x80010000 0x00000001
core   0: 0x8000f036 (0x0000bfe5) c.j     pc - 8
core   0: 3 0x8000f036 (0xbfe5)
core   0: 0x8000f02e (0x00001f17) auipc   t5, 0x1
core   0: 3 0x8000f02e (0x00001f17) x30 0x8001002e
core   0: 0x8000f032 (0xfc3f2923) sw      gp, -46(t5)
core   0: 3 0x8000f032 (0xfc3f2923) mem 0x80010000 0x00000001
core   0: 0x8000f036 (0x0000bfe5) c.j     pc - 8
core   0: 3 0x8000f036 (0xbfe5)
core   0: 0x8000f02e (0x00001f17) auipc   t5, 0x1
core   0: 3 0x8000f02e (0x00001f17) x30 0x8001002e
core   0: 0x8000f032 (0xfc3f2923) sw      gp, -46(t5)
core   0: 3 0x8000f032 (0xfc3f2923) mem 0x80010000 0x00000001
core   0: 0x8000f036 (0x0000bfe5) c.j     pc - 8
core   0: 3 0x8000f036 (0xbfe5)
core   0: 0x8000f02e (0x00001f17) auipc   t5, 0x1
core   0: 3 0x8000f02e (0x00001f17) x30 0x8001002e
core   0: 0x8000f032 (0xfc3f2923) sw      gp, -46(t5)
core   0: 3 0x8000f032 (0xfc3f2923) mem 0x80010000 0x00000001
core   0: 0x8000f036 (0x0000bfe5) c.j     pc - 8
core   0: 3 0x8000f036 (0xbfe5)
core   0: 0x8000f02e (0x00001f17) auipc   t5, 0x1
core   0: 3 0x8000f02e (0x00001f17) x30 0x8001002e
core   0: 0x8000f032 (0xfc3f2923) sw      gp, -46(t5)
core   0: 3 0x8000f032 (0xfc3f2923) mem 0x80010000 0x00000001
core   0: 0x8000f036 (0x0000bfe5) c.j     pc - 8
core   0: 3 0x8000f036 (0xbfe5)
core   0: 0x8000f02e (0x00001f17) auipc   t5, 0x1
core   0: 3 0x8000f02e (0x00001f17) x30 0x8001002e
core   0: 0x8000f032 (0xfc3f2923) sw      gp, -46(t5)
core   0: 3 0x8000f032 (0xfc3f2923) mem 0x80010000 0x00000001
core   0: 0x8000f036 (0x0000bfe5) c.j     pc - 8
core   0: 3 0x8000f036 (0xbfe5)
core   0: 0x8000f02e (0x00001f17) auipc   t5, 0x1
core   0: 3 0x8000f02e (0x00001f17) x30 0x8001002e
core   0: 0x8000f032 (0xfc3f2923) sw      gp, -46(t5)
core   0: 3 0x8000f032 (0xfc3f2923) mem 0x80010000 0x00000001
core   0: 0x8000f036 (0x0000bfe5) c.j     pc - 8
core   0: 3 0x8000f036 (0xbfe5)
core   0: 0x8000f02e (0x00001f17) auipc   t5, 0x1
core   0: 3 0x8000f02e (0x00001f17) x30 0x8001002e
core   0: 0x8000f032 (0xfc3f2923) sw      gp, -46(t5)
core   0: 3 0x8000f032 (0xfc3f2923) mem 0x80010000 0x00000001
core   0: 0x8000f036 (0x0000bfe5) c.j     pc - 8
core   0: 3 0x8000f036 (0xbfe5)
core   0: 0x8000f02e (0x00001f17) auipc   t5, 0x1
core   0: 3 0x8000f02e (0x00001f17) x30 0x8001002e
core   0: 0x8000f032 (0xfc3f2923) sw      gp, -46(t5)
core   0: 3 0x8000f032 (0xfc3f2923) mem 0x80010000 0x00000001
core   0: 0x8000f036 (0x0000bfe5) c.j     pc - 8
core   0: 3 0x8000f036 (0xbfe5)
core   0: 0x8000f02e (0x00001f17) auipc   t5, 0x1
core   0: 3 0x8000f02e (0x00001f17) x30 0x8001002e
core   0: 0x8000f032 (0xfc3f2923) sw      gp, -46(t5)
core   0: 3 0x8000f032 (0xfc3f2923) mem 0x80010000 0x00000001
core   0: 0x8000f036 (0x0000bfe5) c.j     pc - 8
core   0: 3 0x8000f036 (0xbfe5)
core   0: 0x8000f02e (0x00001f17) auipc   t5, 0x1
core   0: 3 0x8000f02e (0x00001f17) x30 0x8001002e
core   0: 0x8000f032 (0xfc3f2923) sw      gp, -46(t5)
core   0: 3 0x8000f032 (0xfc3f2923) mem 0x80010000 0x00000001
core   0: 0x8000f036 (0x0000bfe5) c.j     pc - 8
core   0: 3 0x8000f036 (0xbfe5)
core   0: 0x8000f02e (0x00001f17) auipc   t5, 0x1
core   0: 3 0x8000f02e (0x00001f17) x30 0x8001002e
core   0: 0x8000f032 (0xfc3f2923) sw      gp, -46(t5)
core   0: 3 0x8000f032 (0xfc3f2923) mem 0x80010000 0x00000001
core   0: 0x8000f036 (0x0000bfe5) c.j     pc - 8
core   0: 3 0x8000f036 (0xbfe5)
core   0: 0x8000f02e (0x00001f17) auipc   t5, 0x1
core   0: 3 0x8000f02e (0x00001f17) x30 0x8001002e
core   0: 0x8000f032 (0xfc3f2923) sw      gp, -46(t5)
core   0: 3 0x8000f032 (0xfc3f2923) mem 0x80010000 0x00000001
core   0: 0x8000f036 (0x0000bfe5) c.j     pc - 8
core   0: 3 0x8000f036 (0xbfe5)
core   0: 0x8000f02e (0x00001f17) auipc   t5, 0x1
core   0: 3 0x8000f02e (0x00001f17) x30 0x8001002e
core   0: 0x8000f032 (0xfc3f2923) sw      gp, -46(t5)
core   0: 3 0x8000f032 (0xfc3f2923) mem 0x80010000 0x00000001
core   0: 0x8000f036 (0x0000bfe5) c.j     pc - 8
core   0: 3 0x8000f036 (0xbfe5)
core   0: 0x8000f02e (0x00001f17) auipc   t5, 0x1
core   0: 3 0x8000f02e (0x00001f17) x30 0x8001002e
core   0: 0x8000f032 (0xfc3f2923) sw      gp, -46(t5)
core   0: 3 0x8000f032 (0xfc3f2923) mem 0x80010000 0x00000001
core   0: 0x8000f036 (0x0000bfe5) c.j     pc - 8
core   0: 3 0x8000f036 (0xbfe5)
core   0: 0x8000f02e (0x00001f17) auipc   t5, 0x1
core   0: 3 0x8000f02e (0x00001f17) x30 0x8001002e
core   0: 0x8000f032 (0xfc3f2923) sw      gp, -46(t5)
core   0: 3 0x8000f032 (0xfc3f2923) mem 0x80010000 0x00000001
core   0: 0x8000f036 (0x0000bfe5) c.j     pc - 8
core   0: 3 0x8000f036 (0xbfe5)
core   0: 0x8000f02e (0x00001f17) auipc   t5, 0x1
core   0: 3 0x8000f02e (0x00001f17) x30 0x8001002e
core   0: 0x8000f032 (0xfc3f2923) sw      gp, -46(t5)
core   0: 3 0x8000f032 (0xfc3f2923) mem 0x80010000 0x00000001
core   0: 0x8000f036 (0x0000bfe5) c.j     pc - 8
core   0: 3 0x8000f036 (0xbfe5)
core   0: 0x8000f02e (0x00001f17) auipc   t5, 0x1
core   0: 3 0x8000f02e (0x00001f17) x30 0x8001002e
core   0: 0x8000f032 (0xfc3f2923) sw      gp, -46(t5)
core   0: 3 0x8000f032 (0xfc3f2923) mem 0x80010000 0x00000001
core   0: 0x8000f036 (0x0000bfe5) c.j     pc - 8
core   0: 3 0x8000f036 (0xbfe5)
core   0: 0x8000f02e (0x00001f17) auipc   t5, 0x1
core   0: 3 0x8000f02e (0x00001f17) x30 0x8001002e
core   0: 0x8000f032 (0xfc3f2923) sw      gp, -46(t5)
core   0: 3 0x8000f032 (0xfc3f2923) mem 0x80010000 0x00000001
core   0: 0x8000f036 (0x0000bfe5) c.j     pc - 8
core   0: 3 0x8000f036 (0xbfe5)
core   0: 0x8000f02e (0x00001f17) auipc   t5, 0x1
core   0: 3 0x8000f02e (0x00001f17) x30 0x8001002e
core   0: 0x8000f032 (0xfc3f2923) sw      gp, -46(t5)
core   0: 3 0x8000f032 (0xfc3f2923) mem 0x80010000 0x00000001
core   0: 0x8000f036 (0x0000bfe5) c.j     pc - 8
core   0: 3 0x8000f036 (0xbfe5)
core   0: 0x8000f02e (0x00001f17) auipc   t5, 0x1
core   0: 3 0x8000f02e (0x00001f17) x30 0x8001002e
core   0: 0x8000f032 (0xfc3f2923) sw      gp, -46(t5)
core   0: 3 0x8000f032 (0xfc3f2923) mem 0x80010000 0x00000001
core   0: 0x8000f036 (0x0000bfe5) c.j     pc - 8
core   0: 3 0x8000f036 (0xbfe5)
core   0: 0x8000f02e (0x00001f17) auipc   t5, 0x1
core   0: 3 0x8000f02e (0x00001f17) x30 0x8001002e
core   0: 0x8000f032 (0xfc3f2923) sw      gp, -46(t5)
core   0: 3 0x8000f032 (0xfc3f2923) mem 0x80010000 0x00000001
core   0: 0x8000f036 (0x0000bfe5) c.j     pc - 8
core   0: 3 0x8000f036 (0xbfe5)
core   0: 0x8000f02e (0x00001f17) auipc   t5, 0x1
core   0: 3 0x8000f02e (0x00001f17) x30 0x8001002e
core   0: 0x8000f032 (0xfc3f2923) sw      gp, -46(t5)
core   0: 3 0x8000f032 (0xfc3f2923) mem 0x80010000 0x00000001
core   0: 0x8000f036 (0x0000bfe5) c.j     pc - 8
core   0: 3 0x8000f036 (0xbfe5)
core   0: 0x8000f02e (0x00001f17) auipc   t5, 0x1
core   0: 3 0x8000f02e (0x00001f17) x30 0x8001002e
core   0: 0x8000f032 (0xfc3f2923) sw      gp, -46(t5)
core   0: 3 0x8000f032 (0xfc3f2923) mem 0x80010000 0x00000001
core   0: 0x8000f036 (0x0000bfe5) c.j     pc - 8
core   0: 3 0x8000f036 (0xbfe5)
core   0: 0x8000f02e (0x00001f17) auipc   t5, 0x1
core   0: 3 0x8000f02e (0x00001f17) x30 0x8001002e
core   0: 0x8000f032 (0xfc3f2923) sw      gp, -46(t5)
core   0: 3 0x8000f032 (0xfc3f2923) mem 0x80010000 0x00000001
core   0: 0x8000f036 (0x0000bfe5) c.j     pc - 8
core   0: 3 0x8000f036 (0xbfe5)
core   0: 0x8000f02e (0x00001f17) auipc   t5, 0x1
core   0: 3 0x8000f02e (0x00001f17) x30 0x8001002e
core   0: 0x8000f032 (0xfc3f2923) sw      gp, -46(t5)
core   0: 3 0x8000f032 (0xfc3f2923) mem 0x80010000 0x00000001
core   0: 0x8000f036 (0x0000bfe5) c.j     pc - 8
core   0: 3 0x8000f036 (0xbfe5)
core   0: 0x8000f02e (0x00001f17) auipc   t5, 0x1
core   0: 3 0x8000f02e (0x00001f17) x30 0x8001002e
core   0: 0x8000f032 (0xfc3f2923) sw      gp, -46(t5)
core   0: 3 0x8000f032 (0xfc3f2923) mem 0x80010000 0x00000001
core   0: 0x8000f036 (0x0000bfe5) c.j     pc - 8
core   0: 3 0x8000f036 (0xbfe5)
core   0: 0x8000f02e (0x00001f17) auipc   t5, 0x1
core   0: 3 0x8000f02e (0x00001f17) x30 0x8001002e
core   0: 0x8000f032 (0xfc3f2923) sw      gp, -46(t5)
core   0: 3 0x8000f032 (0xfc3f2923) mem 0x80010000 0x00000001
core   0: 0x8000f036 (0x0000bfe5) c.j     pc - 8
core   0: 3 0x8000f036 (0xbfe5)
core   0: 0x8000f02e (0x00001f17) auipc   t5, 0x1
core   0: 3 0x8000f02e (0x00001f17) x30 0x8001002e
core   0: 0x8000f032 (0xfc3f2923) sw      gp, -46(t5)
core   0: 3 0x8000f032 (0xfc3f2923) mem 0x80010000 0x00000001
core   0: 0x8000f036 (0x0000bfe5) c.j     pc - 8
core   0: 3 0x8000f036 (0xbfe5)
core   0: 0x8000f02e (0x00001f17) auipc   t5, 0x1
core   0: 3 0x8000f02e (0x00001f17) x30 0x8001002e
core   0: 0x8000f032 (0xfc3f2923) sw      gp, -46(t5)
core   0: 3 0x8000f032 (0xfc3f2923) mem 0x80010000 0x00000001
core   0: 0x8000f036 (0x0000bfe5) c.j     pc - 8
core   0: 3 0x8000f036 (0xbfe5)
core   0: 0x8000f02e (0x00001f17) auipc   t5, 0x1
core   0: 3 0x8000f02e (0x00001f17) x30 0x8001002e
core   0: 0x8000f032 (0xfc3f2923) sw      gp, -46(t5)
core   0: 3 0x8000f032 (0xfc3f2923) mem 0x80010000 0x00000001
core   0: 0x8000f036 (0x0000bfe5) c.j     pc - 8
core   0: 3 0x8000f036 (0xbfe5)
core   0: 0x8000f02e (0x00001f17) auipc   t5, 0x1
core   0: 3 0x8000f02e (0x00001f17) x30 0x8001002e
core   0: 0x8000f032 (0xfc3f2923) sw      gp, -46(t5)
core   0: 3 0x8000f032 (0xfc3f2923) mem 0x80010000 0x00000001
core   0: 0x8000f036 (0x0000bfe5) c.j     pc - 8
core   0: 3 0x8000f036 (0xbfe5)
core   0: 0x8000f02e (0x00001f17) auipc   t5, 0x1
core   0: 3 0x8000f02e (0x00001f17) x30 0x8001002e
core   0: 0x8000f032 (0xfc3f2923) sw      gp, -46(t5)
core   0: 3 0x8000f032 (0xfc3f2923) mem 0x80010000 0x00000001
core   0: 0x8000f036 (0x0000bfe5) c.j     pc - 8
core   0: 3 0x8000f036 (0xbfe5)
core   0: 0x8000f02e (0x00001f17) auipc   t5, 0x1
core   0: 3 0x8000f02e (0x00001f17) x30 0x8001002e
core   0: 0x8000f032 (0xfc3f2923) sw      gp, -46(t5)
core   0: 3 0x8000f032 (0xfc3f2923) mem 0x80010000 0x00000001
core   0: 0x8000f036 (0x0000bfe5) c.j     pc - 8
core   0: 3 0x8000f036 (0xbfe5)
core   0: 0x8000f02e (0x00001f17) auipc   t5, 0x1
core   0: 3 0x8000f02e (0x00001f17) x30 0x8001002e
core   0: 0x8000f032 (0xfc3f2923) sw      gp, -46(t5)
core   0: 3 0x8000f032 (0xfc3f2923) mem 0x80010000 0x00000001
core   0: 0x8000f036 (0x0000bfe5) c.j     pc - 8
core   0: 3 0x8000f036 (0xbfe5)
core   0: 0x8000f02e (0x00001f17) auipc   t5, 0x1
core   0: 3 0x8000f02e (0x00001f17) x30 0x8001002e
core   0: 0x8000f032 (0xfc3f2923) sw      gp, -46(t5)
core   0: 3 0x8000f032 (0xfc3f2923) mem 0x80010000 0x00000001
core   0: 0x8000f036 (0x0000bfe5) c.j     pc - 8
core   0: 3 0x8000f036 (0xbfe5)
core   0: 0x8000f02e (0x00001f17) auipc   t5, 0x1
core   0: 3 0x8000f02e (0x00001f17) x30 0x8001002e
core   0: 0x8000f032 (0xfc3f2923) sw      gp, -46(t5)
core   0: 3 0x8000f032 (0xfc3f2923) mem 0x80010000 0x00000001
core   0: 0x8000f036 (0x0000bfe5) c.j     pc - 8
core   0: 3 0x8000f036 (0xbfe5)
core   0: 0x8000f02e (0x00001f17) auipc   t5, 0x1
core   0: 3 0x8000f02e (0x00001f17) x30 0x8001002e
core   0: 0x8000f032 (0xfc3f2923) sw      gp, -46(t5)
core   0: 3 0x8000f032 (0xfc3f2923) mem 0x80010000 0x00000001
core   0: 0x8000f036 (0x0000bfe5) c.j     pc - 8
core   0: 3 0x8000f036 (0xbfe5)
core   0: 0x8000f02e (0x00001f17) auipc   t5, 0x1
core   0: 3 0x8000f02e (0x00001f17) x30 0x8001002e
core   0: 0x8000f032 (0xfc3f2923) sw      gp, -46(t5)
core   0: 3 0x8000f032 (0xfc3f2923) mem 0x80010000 0x00000001
core   0: 0x8000f036 (0x0000bfe5) c.j     pc - 8
core   0: 3 0x8000f036 (0xbfe5)
core   0: 0x8000f02e (0x00001f17) auipc   t5, 0x1
core   0: 3 0x8000f02e (0x00001f17) x30 0x8001002e
core   0: 0x8000f032 (0xfc3f2923) sw      gp, -46(t5)
core   0: 3 0x8000f032 (0xfc3f2923) mem 0x80010000 0x00000001
core   0: 0x8000f036 (0x0000bfe5) c.j     pc - 8
core   0: 3 0x8000f036 (0xbfe5)
core   0: 0x8000f02e (0x00001f17) auipc   t5, 0x1
core   0: 3 0x8000f02e (0x00001f17) x30 0x8001002e
core   0: 0x8000f032 (0xfc3f2923) sw      gp, -46(t5)
core   0: 3 0x8000f032 (0xfc3f2923) mem 0x80010000 0x00000001
core   0: 0x8000f036 (0x0000bfe5) c.j     pc - 8
core   0: 3 0x8000f036 (0xbfe5)
core   0: 0x8000f02e (0x00001f17) auipc   t5, 0x1
core   0: 3 0x8000f02e (0x00001f17) x30 0x8001002e
core   0: 0x8000f032 (0xfc3f2923) sw      gp, -46(t5)
core   0: 3 0x8000f032 (0xfc3f2923) mem 0x80010000 0x00000001
core   0: 0x8000f036 (0x0000bfe5) c.j     pc - 8
core   0: 3 0x8000f036 (0xbfe5)
core   0: 0x8000f02e (0x00001f17) auipc   t5, 0x1
core   0: 3 0x8000f02e (0x00001f17) x30 0x8001002e
core   0: 0x8000f032 (0xfc3f2923) sw      gp, -46(t5)
core   0: 3 0x8000f032 (0xfc3f2923) mem 0x80010000 0x00000001
core   0: 0x8000f036 (0x0000bfe5) c.j     pc - 8
core   0: 3 0x8000f036 (0xbfe5)
core   0: 0x8000f02e (0x00001f17) auipc   t5, 0x1
core   0: 3 0x8000f02e (0x00001f17) x30 0x8001002e
core   0: 0x8000f032 (0xfc3f2923) sw      gp, -46(t5)
core   0: 3 0x8000f032 (0xfc3f2923) mem 0x80010000 0x00000001
core   0: 0x8000f036 (0x0000bfe5) c.j     pc - 8
core   0: 3 0x8000f036 (0xbfe5)
core   0: 0x8000f02e (0x00001f17) auipc   t5, 0x1
core   0: 3 0x8000f02e (0x00001f17) x30 0x8001002e
core   0: 0x8000f032 (0xfc3f2923) sw      gp, -46(t5)
core   0: 3 0x8000f032 (0xfc3f2923) mem 0x80010000 0x00000001
core   0: 0x8000f036 (0x0000bfe5) c.j     pc - 8
core   0: 3 0x8000f036 (0xbfe5)
core   0: 0x8000f02e (0x00001f17) auipc   t5, 0x1
core   0: 3 0x8000f02e (0x00001f17) x30 0x8001002e
core   0: 0x8000f032 (0xfc3f2923) sw      gp, -46(t5)
core   0: 3 0x8000f032 (0xfc3f2923) mem 0x80010000 0x00000001
core   0: 0x8000f036 (0x0000bfe5) c.j     pc - 8
core   0: 3 0x8000f036 (0xbfe5)
core   0: 0x8000f02e (0x00001f17) auipc   t5, 0x1
core   0: 3 0x8000f02e (0x00001f17) x30 0x8001002e
core   0: 0x8000f032 (0xfc3f2923) sw      gp, -46(t5)
core   0: 3 0x8000f032 (0xfc3f2923) mem 0x80010000 0x00000001
core   0: 0x8000f036 (0x0000bfe5) c.j     pc - 8
core   0: 3 0x8000f036 (0xbfe5)
core   0: 0x8000f02e (0x00001f17) auipc   t5, 0x1
core   0: 3 0x8000f02e (0x00001f17) x30 0x8001002e
core   0: 0x8000f032 (0xfc3f2923) sw      gp, -46(t5)
core   0: 3 0x8000f032 (0xfc3f2923) mem 0x80010000 0x00000001
core   0: 0x8000f036 (0x0000bfe5) c.j     pc - 8
core   0: 3 0x8000f036 (0xbfe5)
core   0: 0x8000f02e (0x00001f17) auipc   t5, 0x1
core   0: 3 0x8000f02e (0x00001f17) x30 0x8001002e
core   0: 0x8000f032 (0xfc3f2923) sw      gp, -46(t5)
core   0: 3 0x8000f032 (0xfc3f2923) mem 0x80010000 0x00000001
core   0: 0x8000f036 (0x0000bfe5) c.j     pc - 8
core   0: 3 0x8000f036 (0xbfe5)
core   0: 0x8000f02e (0x00001f17) auipc   t5, 0x1
core   0: 3 0x8000f02e (0x00001f17) x30 0x8001002e
core   0: 0x8000f032 (0xfc3f2923) sw      gp, -46(t5)
core   0: 3 0x8000f032 (0xfc3f2923) mem 0x80010000 0x00000001
core   0: 0x8000f036 (0x0000bfe5) c.j     pc - 8
core   0: 3 0x8000f036 (0xbfe5)
core   0: 0x8000f02e (0x00001f17) auipc   t5, 0x1
core   0: 3 0x8000f02e (0x00001f17) x30 0x8001002e
core   0: 0x8000f032 (0xfc3f2923) sw      gp, -46(t5)
core   0: 3 0x8000f032 (0xfc3f2923) mem 0x80010000 0x00000001
core   0: 0x8000f036 (0x0000bfe5) c.j     pc - 8
core   0: 3 0x8000f036 (0xbfe5)
core   0: 0x8000f02e (0x00001f17) auipc   t5, 0x1
core   0: 3 0x8000f02e (0x00001f17) x30 0x8001002e
core   0: 0x8000f032 (0xfc3f2923) sw      gp, -46(t5)
core   0: 3 0x8000f032 (0xfc3f2923) mem 0x80010000 0x00000001
core   0: 0x8000f036 (0x0000bfe5) c.j     pc - 8
core   0: 3 0x8000f036 (0xbfe5)
core   0: 0x8000f02e (0x00001f17) auipc   t5, 0x1
core   0: 3 0x8000f02e (0x00001f17) x30 0x8001002e
core   0: 0x8000f032 (0xfc3f2923) sw      gp, -46(t5)
core   0: 3 0x8000f032 (0xfc3f2923) mem 0x80010000 0x00000001
core   0: 0x8000f036 (0x0000bfe5) c.j     pc - 8
core   0: 3 0x8000f036 (0xbfe5)
core   0: 0x8000f02e (0x00001f17) auipc   t5, 0x1
core   0: 3 0x8000f02e (0x00001f17) x30 0x8001002e
core   0: 0x8000f032 (0xfc3f2923) sw      gp, -46(t5)
core   0: 3 0x8000f032 (0xfc3f2923) mem 0x80010000 0x00000001
core   0: 0x8000f036 (0x0000bfe5) c.j     pc - 8
core   0: 3 0x8000f036 (0xbfe5)
core   0: 0x8000f02e (0x00001f17) auipc   t5, 0x1
core   0: 3 0x8000f02e (0x00001f17) x30 0x8001002e
core   0: 0x8000f032 (0xfc3f2923) sw      gp, -46(t5)
core   0: 3 0x8000f032 (0xfc3f2923) mem 0x80010000 0x00000001
core   0: 0x8000f036 (0x0000bfe5) c.j     pc - 8
core   0: 3 0x8000f036 (0xbfe5)
core   0: 0x8000f02e (0x00001f17) auipc   t5, 0x1
core   0: 3 0x8000f02e (0x00001f17) x30 0x8001002e
core   0: 0x8000f032 (0xfc3f2923) sw      gp, -46(t5)
core   0: 3 0x8000f032 (0xfc3f2923) mem 0x80010000 0x00000001
core   0: 0x8000f036 (0x0000bfe5) c.j     pc - 8
core   0: 3 0x8000f036 (0xbfe5)
core   0: 0x8000f02e (0x00001f17) auipc   t5, 0x1
core   0: 3 0x8000f02e (0x00001f17) x30 0x8001002e
core   0: 0x8000f032 (0xfc3f2923) sw      gp, -46(t5)
core   0: 3 0x8000f032 (0xfc3f2923) mem 0x80010000 0x00000001
core   0: 0x8000f036 (0x0000bfe5) c.j     pc - 8
core   0: 3 0x8000f036 (0xbfe5)
core   0: 0x8000f02e (0x00001f17) auipc   t5, 0x1
core   0: 3 0x8000f02e (0x00001f17) x30 0x8001002e
core   0: 0x8000f032 (0xfc3f2923) sw      gp, -46(t5)
core   0: 3 0x8000f032 (0xfc3f2923) mem 0x80010000 0x00000001
core   0: 0x8000f036 (0x0000bfe5) c.j     pc - 8
core   0: 3 0x8000f036 (0xbfe5)
core   0: 0x8000f02e (0x00001f17) auipc   t5, 0x1
core   0: 3 0x8000f02e (0x00001f17) x30 0x8001002e
core   0: 0x8000f032 (0xfc3f2923) sw      gp, -46(t5)
core   0: 3 0x8000f032 (0xfc3f2923) mem 0x80010000 0x00000001
core   0: 0x8000f036 (0x0000bfe5) c.j     pc - 8
core   0: 3 0x8000f036 (0xbfe5)
core   0: 0x8000f02e (0x00001f17) auipc   t5, 0x1
core   0: 3 0x8000f02e (0x00001f17) x30 0x8001002e
core   0: 0x8000f032 (0xfc3f2923) sw      gp, -46(t5)
core   0: 3 0x8000f032 (0xfc3f2923) mem 0x80010000 0x00000001
core   0: 0x8000f036 (0x0000bfe5) c.j     pc - 8
core   0: 3 0x8000f036 (0xbfe5)
core   0: 0x8000f02e (0x00001f17) auipc   t5, 0x1
core   0: 3 0x8000f02e (0x00001f17) x30 0x8001002e
core   0: 0x8000f032 (0xfc3f2923) sw      gp, -46(t5)
core   0: 3 0x8000f032 (0xfc3f2923) mem 0x80010000 0x00000001
core   0: 0x8000f036 (0x0000bfe5) c.j     pc - 8
core   0: 3 0x8000f036 (0xbfe5)
core   0: 0x8000f02e (0x00001f17) auipc   t5, 0x1
core   0: 3 0x8000f02e (0x00001f17) x30 0x8001002e
core   0: 0x8000f032 (0xfc3f2923) sw      gp, -46(t5)
core   0: 3 0x8000f032 (0xfc3f2923) mem 0x80010000 0x00000001
core   0: 0x8000f036 (0x0000bfe5) c.j     pc - 8
core   0: 3 0x8000f036 (0xbfe5)
core   0: 0x8000f02e (0x00001f17) auipc   t5, 0x1
core   0: 3 0x8000f02e (0x00001f17) x30 0x8001002e
core   0: 0x8000f032 (0xfc3f2923) sw      gp, -46(t5)
core   0: 3 0x8000f032 (0xfc3f2923) mem 0x80010000 0x00000001
core   0: 0x8000f036 (0x0000bfe5) c.j     pc - 8
core   0: 3 0x8000f036 (0xbfe5)
core   0: 0x8000f02e (0x00001f17) auipc   t5, 0x1
core   0: 3 0x8000f02e (0x00001f17) x30 0x8001002e
core   0: 0x8000f032 (0xfc3f2923) sw      gp, -46(t5)
core   0: 3 0x8000f032 (0xfc3f2923) mem 0x80010000 0x00000001
core   0: 0x8000f036 (0x0000bfe5) c.j     pc - 8
core   0: 3 0x8000f036 (0xbfe5)
core   0: 0x8000f02e (0x00001f17) auipc   t5, 0x1
core   0: 3 0x8000f02e (0x00001f17) x30 0x8001002e
core   0: 0x8000f032 (0xfc3f2923) sw      gp, -46(t5)
core   0: 3 0x8000f032 (0xfc3f2923) mem 0x80010000 0x00000001
core   0: 0x8000f036 (0x0000bfe5) c.j     pc - 8
core   0: 3 0x8000f036 (0xbfe5)
core   0: 0x8000f02e (0x00001f17) auipc   t5, 0x1
core   0: 3 0x8000f02e (0x00001f17) x30 0x8001002e
core   0: 0x8000f032 (0xfc3f2923) sw      gp, -46(t5)
core   0: 3 0x8000f032 (0xfc3f2923) mem 0x80010000 0x00000001
core   0: 0x8000f036 (0x0000bfe5) c.j     pc - 8
core   0: 3 0x8000f036 (0xbfe5)
core   0: 0x8000f02e (0x00001f17) auipc   t5, 0x1
core   0: 3 0x8000f02e (0x00001f17) x30 0x8001002e
core   0: 0x8000f032 (0xfc3f2923) sw      gp, -46(t5)
core   0: 3 0x8000f032 (0xfc3f2923) mem 0x80010000 0x00000001
core   0: 0x8000f036 (0x0000bfe5) c.j     pc - 8
core   0: 3 0x8000f036 (0xbfe5)
core   0: 0x8000f02e (0x00001f17) auipc   t5, 0x1
core   0: 3 0x8000f02e (0x00001f17) x30 0x8001002e
core   0: 0x8000f032 (0xfc3f2923) sw      gp, -46(t5)
core   0: 3 0x8000f032 (0xfc3f2923) mem 0x80010000 0x00000001
core   0: 0x8000f036 (0x0000bfe5) c.j     pc - 8
core   0: 3 0x8000f036 (0xbfe5)
core   0: 0x8000f02e (0x00001f17) auipc   t5, 0x1
core   0: 3 0x8000f02e (0x00001f17) x30 0x8001002e
core   0: 0x8000f032 (0xfc3f2923) sw      gp, -46(t5)
core   0: 3 0x8000f032 (0xfc3f2923) mem 0x80010000 0x00000001
core   0: 0x8000f036 (0x0000bfe5) c.j     pc - 8
core   0: 3 0x8000f036 (0xbfe5)
core   0: 0x8000f02e (0x00001f17) auipc   t5, 0x1
core   0: 3 0x8000f02e (0x00001f17) x30 0x8001002e
core   0: 0x8000f032 (0xfc3f2923) sw      gp, -46(t5)
core   0: 3 0x8000f032 (0xfc3f2923) mem 0x80010000 0x00000001
core   0: 0x8000f036 (0x0000bfe5) c.j     pc - 8
core   0: 3 0x8000f036 (0xbfe5)
core   0: 0x8000f02e (0x00001f17) auipc   t5, 0x1
core   0: 3 0x8000f02e (0x00001f17) x30 0x8001002e
core   0: 0x8000f032 (0xfc3f2923) sw      gp, -46(t5)
core   0: 3 0x8000f032 (0xfc3f2923) mem 0x80010000 0x00000001
core   0: 0x8000f036 (0x0000bfe5) c.j     pc - 8
core   0: 3 0x8000f036 (0xbfe5)
core   0: 0x8000f02e (0x00001f17) auipc   t5, 0x1
core   0: 3 0x8000f02e (0x00001f17) x30 0x8001002e
core   0: 0x8000f032 (0xfc3f2923) sw      gp, -46(t5)
core   0: 3 0x8000f032 (0xfc3f2923) mem 0x80010000 0x00000001
core   0: 0x8000f036 (0x0000bfe5) c.j     pc - 8
core   0: 3 0x8000f036 (0xbfe5)
core   0: 0x8000f02e (0x00001f17) auipc   t5, 0x1
core   0: 3 0x8000f02e (0x00001f17) x30 0x8001002e
core   0: 0x8000f032 (0xfc3f2923) sw      gp, -46(t5)
core   0: 3 0x8000f032 (0xfc3f2923) mem 0x80010000 0x00000001
core   0: 0x8000f036 (0x0000bfe5) c.j     pc - 8
core   0: 3 0x8000f036 (0xbfe5)
core   0: 0x8000f02e (0x00001f17) auipc   t5, 0x1
core   0: 3 0x8000f02e (0x00001f17) x30 0x8001002e
core   0: 0x8000f032 (0xfc3f2923) sw      gp, -46(t5)
core   0: 3 0x8000f032 (0xfc3f2923) mem 0x80010000 0x00000001
core   0: 0x8000f036 (0x0000bfe5) c.j     pc - 8
core   0: 3 0x8000f036 (0xbfe5)
core   0: 0x8000f02e (0x00001f17) auipc   t5, 0x1
core   0: 3 0x8000f02e (0x00001f17) x30 0x8001002e
core   0: 0x8000f032 (0xfc3f2923) sw      gp, -46(t5)
core   0: 3 0x8000f032 (0xfc3f2923) mem 0x80010000 0x00000001
core   0: 0x8000f036 (0x0000bfe5) c.j     pc - 8
core   0: 3 0x8000f036 (0xbfe5)
core   0: 0x8000f02e (0x00001f17) auipc   t5, 0x1
core   0: 3 0x8000f02e (0x00001f17) x30 0x8001002e
core   0: 0x8000f032 (0xfc3f2923) sw      gp, -46(t5)
core   0: 3 0x8000f032 (0xfc3f2923) mem 0x80010000 0x00000001
core   0: 0x8000f036 (0x0000bfe5) c.j     pc - 8
core   0: 3 0x8000f036 (0xbfe5)
core   0: 0x8000f02e (0x00001f17) auipc   t5, 0x1
core   0: 3 0x8000f02e (0x00001f17) x30 0x8001002e
core   0: 0x8000f032 (0xfc3f2923) sw      gp, -46(t5)
core   0: 3 0x8000f032 (0xfc3f2923) mem 0x80010000 0x00000001
core   0: 0x8000f036 (0x0000bfe5) c.j     pc - 8
core   0: 3 0x8000f036 (0xbfe5)
core   0: 0x8000f02e (0x00001f17) auipc   t5, 0x1
core   0: 3 0x8000f02e (0x00001f17) x30 0x8001002e
core   0: 0x8000f032 (0xfc3f2923) sw      gp, -46(t5)
core   0: 3 0x8000f032 (0xfc3f2923) mem 0x80010000 0x00000001
core   0: 0x8000f036 (0x0000bfe5) c.j     pc - 8
core   0: 3 0x8000f036 (0xbfe5)
core   0: 0x8000f02e (0x00001f17) auipc   t5, 0x1
core   0: 3 0x8000f02e (0x00001f17) x30 0x8001002e
core   0: 0x8000f032 (0xfc3f2923) sw      gp, -46(t5)
core   0: 3 0x8000f032 (0xfc3f2923) mem 0x80010000 0x00000001
core   0: 0x8000f036 (0x0000bfe5) c.j     pc - 8
core   0: 3 0x8000f036 (0xbfe5)
core   0: 0x8000f02e (0x00001f17) auipc   t5, 0x1
core   0: 3 0x8000f02e (0x00001f17) x30 0x8001002e
core   0: 0x8000f032 (0xfc3f2923) sw      gp, -46(t5)
core   0: 3 0x8000f032 (0xfc3f2923) mem 0x80010000 0x00000001
core   0: 0x8000f036 (0x0000bfe5) c.j     pc - 8
core   0: 3 0x8000f036 (0xbfe5)
core   0: 0x8000f02e (0x00001f17) auipc   t5, 0x1
core   0: 3 0x8000f02e (0x00001f17) x30 0x8001002e
core   0: 0x8000f032 (0xfc3f2923) sw      gp, -46(t5)
core   0: 3 0x8000f032 (0xfc3f2923) mem 0x80010000 0x00000001
core   0: 0x8000f036 (0x0000bfe5) c.j     pc - 8
core   0: 3 0x8000f036 (0xbfe5)
core   0: 0x8000f02e (0x00001f17) auipc   t5, 0x1
core   0: 3 0x8000f02e (0x00001f17) x30 0x8001002e
core   0: 0x8000f032 (0xfc3f2923) sw      gp, -46(t5)
core   0: 3 0x8000f032 (0xfc3f2923) mem 0x80010000 0x00000001
core   0: 0x8000f036 (0x0000bfe5) c.j     pc - 8
core   0: 3 0x8000f036 (0xbfe5)
core   0: 0x8000f02e (0x00001f17) auipc   t5, 0x1
core   0: 3 0x8000f02e (0x00001f17) x30 0x8001002e
core   0: 0x8000f032 (0xfc3f2923) sw      gp, -46(t5)
core   0: 3 0x8000f032 (0xfc3f2923) mem 0x80010000 0x00000001
core   0: 0x8000f036 (0x0000bfe5) c.j     pc - 8
core   0: 3 0x8000f036 (0xbfe5)
core   0: 0x8000f02e (0x00001f17) auipc   t5, 0x1
core   0: 3 0x8000f02e (0x00001f17) x30 0x8001002e
core   0: 0x8000f032 (0xfc3f2923) sw      gp, -46(t5)
core   0: 3 0x8000f032 (0xfc3f2923) mem 0x80010000 0x00000001
core   0: 0x8000f036 (0x0000bfe5) c.j     pc - 8
core   0: 3 0x8000f036 (0xbfe5)
core   0: 0x8000f02e (0x00001f17) auipc   t5, 0x1
core   0: 3 0x8000f02e (0x00001f17) x30 0x8001002e
core   0: 0x8000f032 (0xfc3f2923) sw      gp, -46(t5)
core   0: 3 0x8000f032 (0xfc3f2923) mem 0x80010000 0x00000001
core   0: 0x8000f036 (0x0000bfe5) c.j     pc - 8
core   0: 3 0x8000f036 (0xbfe5)
core   0: 0x8000f02e (0x00001f17) auipc   t5, 0x1
core   0: 3 0x8000f02e (0x00001f17) x30 0x8001002e
core   0: 0x8000f032 (0xfc3f2923) sw      gp, -46(t5)
core   0: 3 0x8000f032 (0xfc3f2923) mem 0x80010000 0x00000001
core   0: 0x8000f036 (0x0000bfe5) c.j     pc - 8
core   0: 3 0x8000f036 (0xbfe5)
core   0: 0x8000f02e (0x00001f17) auipc   t5, 0x1
core   0: 3 0x8000f02e (0x00001f17) x30 0x8001002e
core   0: 0x8000f032 (0xfc3f2923) sw      gp, -46(t5)
core   0: 3 0x8000f032 (0xfc3f2923) mem 0x80010000 0x00000001
core   0: 0x8000f036 (0x0000bfe5) c.j     pc - 8
core   0: 3 0x8000f036 (0xbfe5)
core   0: 0x8000f02e (0x00001f17) auipc   t5, 0x1
core   0: 3 0x8000f02e (0x00001f17) x30 0x8001002e
core   0: 0x8000f032 (0xfc3f2923) sw      gp, -46(t5)
core   0: 3 0x8000f032 (0xfc3f2923) mem 0x80010000 0x00000001
core   0: 0x8000f036 (0x0000bfe5) c.j     pc - 8
core   0: 3 0x8000f036 (0xbfe5)
core   0: 0x8000f02e (0x00001f17) auipc   t5, 0x1
core   0: 3 0x8000f02e (0x00001f17) x30 0x8001002e
core   0: 0x8000f032 (0xfc3f2923) sw      gp, -46(t5)
core   0: 3 0x8000f032 (0xfc3f2923) mem 0x80010000 0x00000001
core   0: 0x8000f036 (0x0000bfe5) c.j     pc - 8
core   0: 3 0x8000f036 (0xbfe5)
core   0: 0x8000f02e (0x00001f17) auipc   t5, 0x1
core   0: 3 0x8000f02e (0x00001f17) x30 0x8001002e
core   0: 0x8000f032 (0xfc3f2923) sw      gp, -46(t5)
core   0: 3 0x8000f032 (0xfc3f2923) mem 0x80010000 0x00000001
core   0: 0x8000f036 (0x0000bfe5) c.j     pc - 8
core   0: 3 0x8000f036 (0xbfe5)
core   0: 0x8000f02e (0x00001f17) auipc   t5, 0x1
core   0: 3 0x8000f02e (0x00001f17) x30 0x8001002e
core   0: 0x8000f032 (0xfc3f2923) sw      gp, -46(t5)
core   0: 3 0x8000f032 (0xfc3f2923) mem 0x80010000 0x00000001
core   0: 0x8000f036 (0x0000bfe5) c.j     pc - 8
core   0: 3 0x8000f036 (0xbfe5)
core   0: 0x8000f02e (0x00001f17) auipc   t5, 0x1
core   0: 3 0x8000f02e (0x00001f17) x30 0x8001002e
core   0: 0x8000f032 (0xfc3f2923) sw      gp, -46(t5)
core   0: 3 0x8000f032 (0xfc3f2923) mem 0x80010000 0x00000001
core   0: 0x8000f036 (0x0000bfe5) c.j     pc - 8
core   0: 3 0x8000f036 (0xbfe5)
core   0: 0x8000f02e (0x00001f17) auipc   t5, 0x1
core   0: 3 0x8000f02e (0x00001f17) x30 0x8001002e
core   0: 0x8000f032 (0xfc3f2923) sw      gp, -46(t5)
core   0: 3 0x8000f032 (0xfc3f2923) mem 0x80010000 0x00000001
core   0: 0x8000f036 (0x0000bfe5) c.j     pc - 8
core   0: 3 0x8000f036 (0xbfe5)
core   0: 0x8000f02e (0x00001f17) auipc   t5, 0x1
core   0: 3 0x8000f02e (0x00001f17) x30 0x8001002e
core   0: 0x8000f032 (0xfc3f2923) sw      gp, -46(t5)
core   0: 3 0x8000f032 (0xfc3f2923) mem 0x80010000 0x00000001
core   0: 0x8000f036 (0x0000bfe5) c.j     pc - 8
core   0: 3 0x8000f036 (0xbfe5)
core   0: 0x8000f02e (0x00001f17) auipc   t5, 0x1
core   0: 3 0x8000f02e (0x00001f17) x30 0x8001002e
core   0: 0x8000f032 (0xfc3f2923) sw      gp, -46(t5)
core   0: 3 0x8000f032 (0xfc3f2923) mem 0x80010000 0x00000001
core   0: 0x8000f036 (0x0000bfe5) c.j     pc - 8
core   0: 3 0x8000f036 (0xbfe5)
core   0: 0x8000f02e (0x00001f17) auipc   t5, 0x1
core   0: 3 0x8000f02e (0x00001f17) x30 0x8001002e
core   0: 0x8000f032 (0xfc3f2923) sw      gp, -46(t5)
core   0: 3 0x8000f032 (0xfc3f2923) mem 0x80010000 0x00000001
core   0: 0x8000f036 (0x0000bfe5) c.j     pc - 8
core   0: 3 0x8000f036 (0xbfe5)
core   0: 0x8000f02e (0x00001f17) auipc   t5, 0x1
core   0: 3 0x8000f02e (0x00001f17) x30 0x8001002e
core   0: 0x8000f032 (0xfc3f2923) sw      gp, -46(t5)
core   0: 3 0x8000f032 (0xfc3f2923) mem 0x80010000 0x00000001
core   0: 0x8000f036 (0x0000bfe5) c.j     pc - 8
core   0: 3 0x8000f036 (0xbfe5)
core   0: 0x8000f02e (0x00001f17) auipc   t5, 0x1
core   0: 3 0x8000f02e (0x00001f17) x30 0x8001002e
core   0: 0x8000f032 (0xfc3f2923) sw      gp, -46(t5)
core   0: 3 0x8000f032 (0xfc3f2923) mem 0x80010000 0x00000001
core   0: 0x8000f036 (0x0000bfe5) c.j     pc - 8
core   0: 3 0x8000f036 (0xbfe5)
core   0: 0x8000f02e (0x00001f17) auipc   t5, 0x1
core   0: 3 0x8000f02e (0x00001f17) x30 0x8001002e
core   0: 0x8000f032 (0xfc3f2923) sw      gp, -46(t5)
core   0: 3 0x8000f032 (0xfc3f2923) mem 0x80010000 0x00000001
core   0: 0x8000f036 (0x0000bfe5) c.j     pc - 8
core   0: 3 0x8000f036 (0xbfe5)
core   0: 0x8000f02e (0x00001f17) auipc   t5, 0x1
core   0: 3 0x8000f02e (0x00001f17) x30 0x8001002e
core   0: 0x8000f032 (0xfc3f2923) sw      gp, -46(t5)
core   0: 3 0x8000f032 (0xfc3f2923) mem 0x80010000 0x00000001
core   0: 0x8000f036 (0x0000bfe5) c.j     pc - 8
core   0: 3 0x8000f036 (0xbfe5)
core   0: 0x8000f02e (0x00001f17) auipc   t5, 0x1
core   0: 3 0x8000f02e (0x00001f17) x30 0x8001002e
core   0: 0x8000f032 (0xfc3f2923) sw      gp, -46(t5)
core   0: 3 0x8000f032 (0xfc3f2923) mem 0x80010000 0x00000001
core   0: 0x8000f036 (0x0000bfe5) c.j     pc - 8
core   0: 3 0x8000f036 (0xbfe5)
core   0: 0x8000f02e (0x00001f17) auipc   t5, 0x1
core   0: 3 0x8000f02e (0x00001f17) x30 0x8001002e
core   0: 0x8000f032 (0xfc3f2923) sw      gp, -46(t5)
core   0: 3 0x8000f032 (0xfc3f2923) mem 0x80010000 0x00000001
core   0: 0x8000f036 (0x0000bfe5) c.j     pc - 8
core   0: 3 0x8000f036 (0xbfe5)
core   0: 0x8000f02e (0x00001f17) auipc   t5, 0x1
core   0: 3 0x8000f02e (0x00001f17) x30 0x8001002e
core   0: 0x8000f032 (0xfc3f2923) sw      gp, -46(t5)
core   0: 3 0x8000f032 (0xfc3f2923) mem 0x80010000 0x00000001
core   0: 0x8000f036 (0x0000bfe5) c.j     pc - 8
core   0: 3 0x8000f036 (0xbfe5)
core   0: 0x8000f02e (0x00001f17) auipc   t5, 0x1
core   0: 3 0x8000f02e (0x00001f17) x30 0x8001002e
core   0: 0x8000f032 (0xfc3f2923) sw      gp, -46(t5)
core   0: 3 0x8000f032 (0xfc3f2923) mem 0x80010000 0x00000001
core   0: 0x8000f036 (0x0000bfe5) c.j     pc - 8
core   0: 3 0x8000f036 (0xbfe5)
core   0: 0x8000f02e (0x00001f17) auipc   t5, 0x1
core   0: 3 0x8000f02e (0x00001f17) x30 0x8001002e
core   0: 0x8000f032 (0xfc3f2923) sw      gp, -46(t5)
core   0: 3 0x8000f032 (0xfc3f2923) mem 0x80010000 0x00000001
core   0: 0x8000f036 (0x0000bfe5) c.j     pc - 8
core   0: 3 0x8000f036 (0xbfe5)
core   0: 0x8000f02e (0x00001f17) auipc   t5, 0x1
core   0: 3 0x8000f02e (0x00001f17) x30 0x8001002e
core   0: 0x8000f032 (0xfc3f2923) sw      gp, -46(t5)
core   0: 3 0x8000f032 (0xfc3f2923) mem 0x80010000 0x00000001
core   0: 0x8000f036 (0x0000bfe5) c.j     pc - 8
core   0: 3 0x8000f036 (0xbfe5)
core   0: 0x8000f02e (0x00001f17) auipc   t5, 0x1
core   0: 3 0x8000f02e (0x00001f17) x30 0x8001002e
core   0: 0x8000f032 (0xfc3f2923) sw      gp, -46(t5)
core   0: 3 0x8000f032 (0xfc3f2923) mem 0x80010000 0x00000001
core   0: 0x8000f036 (0x0000bfe5) c.j     pc - 8
core   0: 3 0x8000f036 (0xbfe5)
core   0: 0x8000f02e (0x00001f17) auipc   t5, 0x1
core   0: 3 0x8000f02e (0x00001f17) x30 0x8001002e
core   0: 0x8000f032 (0xfc3f2923) sw      gp, -46(t5)
core   0: 3 0x8000f032 (0xfc3f2923) mem 0x80010000 0x00000001
core   0: 0x8000f036 (0x0000bfe5) c.j     pc - 8
core   0: 3 0x8000f036 (0xbfe5)
core   0: 0x8000f02e (0x00001f17) auipc   t5, 0x1
core   0: 3 0x8000f02e (0x00001f17) x30 0x8001002e
core   0: 0x8000f032 (0xfc3f2923) sw      gp, -46(t5)
core   0: 3 0x8000f032 (0xfc3f2923) mem 0x80010000 0x00000001
core   0: 0x8000f036 (0x0000bfe5) c.j     pc - 8
core   0: 3 0x8000f036 (0xbfe5)
core   0: 0x8000f02e (0x00001f17) auipc   t5, 0x1
core   0: 3 0x8000f02e (0x00001f17) x30 0x8001002e
core   0: 0x8000f032 (0xfc3f2923) sw      gp, -46(t5)
core   0: 3 0x8000f032 (0xfc3f2923) mem 0x80010000 0x00000001
core   0: 0x8000f036 (0x0000bfe5) c.j     pc - 8
core   0: 3 0x8000f036 (0xbfe5)
core   0: 0x8000f02e (0x00001f17) auipc   t5, 0x1
core   0: 3 0x8000f02e (0x00001f17) x30 0x8001002e
core   0: 0x8000f032 (0xfc3f2923) sw      gp, -46(t5)
core   0: 3 0x8000f032 (0xfc3f2923) mem 0x80010000 0x00000001
core   0: 0x8000f036 (0x0000bfe5) c.j     pc - 8
core   0: 3 0x8000f036 (0xbfe5)
core   0: 0x8000f02e (0x00001f17) auipc   t5, 0x1
core   0: 3 0x8000f02e (0x00001f17) x30 0x8001002e
core   0: 0x8000f032 (0xfc3f2923) sw      gp, -46(t5)
core   0: 3 0x8000f032 (0xfc3f2923) mem 0x80010000 0x00000001
core   0: 0x8000f036 (0x0000bfe5) c.j     pc - 8
core   0: 3 0x8000f036 (0xbfe5)
core   0: 0x8000f02e (0x00001f17) auipc   t5, 0x1
core   0: 3 0x8000f02e (0x00001f17) x30 0x8001002e
core   0: 0x8000f032 (0xfc3f2923) sw      gp, -46(t5)
core   0: 3 0x8000f032 (0xfc3f2923) mem 0x80010000 0x00000001
core   0: 0x8000f036 (0x0000bfe5) c.j     pc - 8
core   0: 3 0x8000f036 (0xbfe5)
core   0: 0x8000f02e (0x00001f17) auipc   t5, 0x1
core   0: 3 0x8000f02e (0x00001f17) x30 0x8001002e
core   0: 0x8000f032 (0xfc3f2923) sw      gp, -46(t5)
core   0: 3 0x8000f032 (0xfc3f2923) mem 0x80010000 0x00000001
core   0: 0x8000f036 (0x0000bfe5) c.j     pc - 8
core   0: 3 0x8000f036 (0xbfe5)
core   0: 0x8000f02e (0x00001f17) auipc   t5, 0x1
core   0: 3 0x8000f02e (0x00001f17) x30 0x8001002e
core   0: 0x8000f032 (0xfc3f2923) sw      gp, -46(t5)
core   0: 3 0x8000f032 (0xfc3f2923) mem 0x80010000 0x00000001
core   0: 0x8000f036 (0x0000bfe5) c.j     pc - 8
core   0: 3 0x8000f036 (0xbfe5)
core   0: 0x8000f02e (0x00001f17) auipc   t5, 0x1
core   0: 3 0x8000f02e (0x00001f17) x30 0x8001002e
core   0: 0x8000f032 (0xfc3f2923) sw      gp, -46(t5)
core   0: 3 0x8000f032 (0xfc3f2923) mem 0x80010000 0x00000001
core   0: 0x8000f036 (0x0000bfe5) c.j     pc - 8
core   0: 3 0x8000f036 (0xbfe5)
core   0: 0x8000f02e (0x00001f17) auipc   t5, 0x1
core   0: 3 0x8000f02e (0x00001f17) x30 0x8001002e
core   0: 0x8000f032 (0xfc3f2923) sw      gp, -46(t5)
core   0: 3 0x8000f032 (0xfc3f2923) mem 0x80010000 0x00000001
core   0: 0x8000f036 (0x0000bfe5) c.j     pc - 8
core   0: 3 0x8000f036 (0xbfe5)
core   0: 0x8000f02e (0x00001f17) auipc   t5, 0x1
core   0: 3 0x8000f02e (0x00001f17) x30 0x8001002e
core   0: 0x8000f032 (0xfc3f2923) sw      gp, -46(t5)
core   0: 3 0x8000f032 (0xfc3f2923) mem 0x80010000 0x00000001
core   0: 0x8000f036 (0x0000bfe5) c.j     pc - 8
core   0: 3 0x8000f036 (0xbfe5)
core   0: 0x8000f02e (0x00001f17) auipc   t5, 0x1
core   0: 3 0x8000f02e (0x00001f17) x30 0x8001002e
core   0: 0x8000f032 (0xfc3f2923) sw      gp, -46(t5)
core   0: 3 0x8000f032 (0xfc3f2923) mem 0x80010000 0x00000001
core   0: 0x8000f036 (0x0000bfe5) c.j     pc - 8
core   0: 3 0x8000f036 (0xbfe5)
core   0: 0x8000f02e (0x00001f17) auipc   t5, 0x1
core   0: 3 0x8000f02e (0x00001f17) x30 0x8001002e
core   0: 0x8000f032 (0xfc3f2923) sw      gp, -46(t5)
core   0: 3 0x8000f032 (0xfc3f2923) mem 0x80010000 0x00000001
core   0: 0x8000f036 (0x0000bfe5) c.j     pc - 8
core   0: 3 0x8000f036 (0xbfe5)
core   0: 0x8000f02e (0x00001f17) auipc   t5, 0x1
core   0: 3 0x8000f02e (0x00001f17) x30 0x8001002e
core   0: 0x8000f032 (0xfc3f2923) sw      gp, -46(t5)
core   0: 3 0x8000f032 (0xfc3f2923) mem 0x80010000 0x00000001
core   0: 0x8000f036 (0x0000bfe5) c.j     pc - 8
core   0: 3 0x8000f036 (0xbfe5)
core   0: 0x8000f02e (0x00001f17) auipc   t5, 0x1
core   0: 3 0x8000f02e (0x00001f17) x30 0x8001002e
core   0: 0x8000f032 (0xfc3f2923) sw      gp, -46(t5)
core   0: 3 0x8000f032 (0xfc3f2923) mem 0x80010000 0x00000001
core   0: 0x8000f036 (0x0000bfe5) c.j     pc - 8
core   0: 3 0x8000f036 (0xbfe5)
core   0: 0x8000f02e (0x00001f17) auipc   t5, 0x1
core   0: 3 0x8000f02e (0x00001f17) x30 0x8001002e
core   0: 0x8000f032 (0xfc3f2923) sw      gp, -46(t5)
core   0: 3 0x8000f032 (0xfc3f2923) mem 0x80010000 0x00000001
core   0: 0x8000f036 (0x0000bfe5) c.j     pc - 8
core   0: 3 0x8000f036 (0xbfe5)
core   0: 0x8000f02e (0x00001f17) auipc   t5, 0x1
core   0: 3 0x8000f02e (0x00001f17) x30 0x8001002e
core   0: 0x8000f032 (0xfc3f2923) sw      gp, -46(t5)
core   0: 3 0x8000f032 (0xfc3f2923) mem 0x80010000 0x00000001
core   0: 0x8000f036 (0x0000bfe5) c.j     pc - 8
core   0: 3 0x8000f036 (0xbfe5)
core   0: 0x8000f02e (0x00001f17) auipc   t5, 0x1
core   0: 3 0x8000f02e (0x00001f17) x30 0x8001002e
core   0: 0x8000f032 (0xfc3f2923) sw      gp, -46(t5)
core   0: 3 0x8000f032 (0xfc3f2923) mem 0x80010000 0x00000001
core   0: 0x8000f036 (0x0000bfe5) c.j     pc - 8
core   0: 3 0x8000f036 (0xbfe5)
core   0: 0x8000f02e (0x00001f17) auipc   t5, 0x1
core   0: 3 0x8000f02e (0x00001f17) x30 0x8001002e
core   0: 0x8000f032 (0xfc3f2923) sw      gp, -46(t5)
core   0: 3 0x8000f032 (0xfc3f2923) mem 0x80010000 0x00000001
core   0: 0x8000f036 (0x0000bfe5) c.j     pc - 8
core   0: 3 0x8000f036 (0xbfe5)
core   0: 0x8000f02e (0x00001f17) auipc   t5, 0x1
core   0: 3 0x8000f02e (0x00001f17) x30 0x8001002e
core   0: 0x8000f032 (0xfc3f2923) sw      gp, -46(t5)
core   0: 3 0x8000f032 (0xfc3f2923) mem 0x80010000 0x00000001
core   0: 0x8000f036 (0x0000bfe5) c.j     pc - 8
core   0: 3 0x8000f036 (0xbfe5)
core   0: 0x8000f02e (0x00001f17) auipc   t5, 0x1
core   0: 3 0x8000f02e (0x00001f17) x30 0x8001002e
core   0: 0x8000f032 (0xfc3f2923) sw      gp, -46(t5)
core   0: 3 0x8000f032 (0xfc3f2923) mem 0x80010000 0x00000001
core   0: 0x8000f036 (0x0000bfe5) c.j     pc - 8
core   0: 3 0x8000f036 (0xbfe5)
core   0: 0x8000f02e (0x00001f17) auipc   t5, 0x1
core   0: 3 0x8000f02e (0x00001f17) x30 0x8001002e
core   0: 0x8000f032 (0xfc3f2923) sw      gp, -46(t5)
core   0: 3 0x8000f032 (0xfc3f2923) mem 0x80010000 0x00000001
core   0: 0x8000f036 (0x0000bfe5) c.j     pc - 8
core   0: 3 0x8000f036 (0xbfe5)
core   0: 0x8000f02e (0x00001f17) auipc   t5, 0x1
core   0: 3 0x8000f02e (0x00001f17) x30 0x8001002e
core   0: 0x8000f032 (0xfc3f2923) sw      gp, -46(t5)
core   0: 3 0x8000f032 (0xfc3f2923) mem 0x80010000 0x00000001
core   0: 0x8000f036 (0x0000bfe5) c.j     pc - 8
core   0: 3 0x8000f036 (0xbfe5)
core   0: 0x8000f02e (0x00001f17) auipc   t5, 0x1
core   0: 3 0x8000f02e (0x00001f17) x30 0x8001002e
core   0: 0x8000f032 (0xfc3f2923) sw      gp, -46(t5)
core   0: 3 0x8000f032 (0xfc3f2923) mem 0x80010000 0x00000001
core   0: 0x8000f036 (0x0000bfe5) c.j     pc - 8
core   0: 3 0x8000f036 (0xbfe5)
core   0: 0x8000f02e (0x00001f17) auipc   t5, 0x1
core   0: 3 0x8000f02e (0x00001f17) x30 0x8001002e
core   0: 0x8000f032 (0xfc3f2923) sw      gp, -46(t5)
core   0: 3 0x8000f032 (0xfc3f2923) mem 0x80010000 0x00000001
core   0: 0x8000f036 (0x0000bfe5) c.j     pc - 8
core   0: 3 0x8000f036 (0xbfe5)
core   0: 0x8000f02e (0x00001f17) auipc   t5, 0x1
core   0: 3 0x8000f02e (0x00001f17) x30 0x8001002e
core   0: 0x8000f032 (0xfc3f2923) sw      gp, -46(t5)
core   0: 3 0x8000f032 (0xfc3f2923) mem 0x80010000 0x00000001
core   0: 0x8000f036 (0x0000bfe5) c.j     pc - 8
core   0: 3 0x8000f036 (0xbfe5)
core   0: 0x8000f02e (0x00001f17) auipc   t5, 0x1
core   0: 3 0x8000f02e (0x00001f17) x30 0x8001002e
core   0: 0x8000f032 (0xfc3f2923) sw      gp, -46(t5)
core   0: 3 0x8000f032 (0xfc3f2923) mem 0x80010000 0x00000001
core   0: 0x8000f036 (0x0000bfe5) c.j     pc - 8
core   0: 3 0x8000f036 (0xbfe5)
core   0: 0x8000f02e (0x00001f17) auipc   t5, 0x1
core   0: 3 0x8000f02e (0x00001f17) x30 0x8001002e
core   0: 0x8000f032 (0xfc3f2923) sw      gp, -46(t5)
core   0: 3 0x8000f032 (0xfc3f2923) mem 0x80010000 0x00000001
core   0: 0x8000f036 (0x0000bfe5) c.j     pc - 8
core   0: 3 0x8000f036 (0xbfe5)
core   0: 0x8000f02e (0x00001f17) auipc   t5, 0x1
core   0: 3 0x8000f02e (0x00001f17) x30 0x8001002e
core   0: 0x8000f032 (0xfc3f2923) sw      gp, -46(t5)
core   0: 3 0x8000f032 (0xfc3f2923) mem 0x80010000 0x00000001
core   0: 0x8000f036 (0x0000bfe5) c.j     pc - 8
core   0: 3 0x8000f036 (0xbfe5)
core   0: 0x8000f02e (0x00001f17) auipc   t5, 0x1
core   0: 3 0x8000f02e (0x00001f17) x30 0x8001002e
core   0: 0x8000f032 (0xfc3f2923) sw      gp, -46(t5)
core   0: 3 0x8000f032 (0xfc3f2923) mem 0x80010000 0x00000001
core   0: 0x8000f036 (0x0000bfe5) c.j     pc - 8
core   0: 3 0x8000f036 (0xbfe5)
core   0: 0x8000f02e (0x00001f17) auipc   t5, 0x1
core   0: 3 0x8000f02e (0x00001f17) x30 0x8001002e
core   0: 0x8000f032 (0xfc3f2923) sw      gp, -46(t5)
core   0: 3 0x8000f032 (0xfc3f2923) mem 0x80010000 0x00000001
core   0: 0x8000f036 (0x0000bfe5) c.j     pc - 8
core   0: 3 0x8000f036 (0xbfe5)
core   0: 0x8000f02e (0x00001f17) auipc   t5, 0x1
core   0: 3 0x8000f02e (0x00001f17) x30 0x8001002e
core   0: 0x8000f032 (0xfc3f2923) sw      gp, -46(t5)
core   0: 3 0x8000f032 (0xfc3f2923) mem 0x80010000 0x00000001
core   0: 0x8000f036 (0x0000bfe5) c.j     pc - 8
core   0: 3 0x8000f036 (0xbfe5)
core   0: 0x8000f02e (0x00001f17) auipc   t5, 0x1
core   0: 3 0x8000f02e (0x00001f17) x30 0x8001002e
core   0: 0x8000f032 (0xfc3f2923) sw      gp, -46(t5)
core   0: 3 0x8000f032 (0xfc3f2923) mem 0x80010000 0x00000001
core   0: 0x8000f036 (0x0000bfe5) c.j     pc - 8
core   0: 3 0x8000f036 (0xbfe5)
core   0: 0x8000f02e (0x00001f17) auipc   t5, 0x1
core   0: 3 0x8000f02e (0x00001f17) x30 0x8001002e
core   0: 0x8000f032 (0xfc3f2923) sw      gp, -46(t5)
core   0: 3 0x8000f032 (0xfc3f2923) mem 0x80010000 0x00000001
core   0: 0x8000f036 (0x0000bfe5) c.j     pc - 8
core   0: 3 0x8000f036 (0xbfe5)
core   0: 0x8000f02e (0x00001f17) auipc   t5, 0x1
core   0: 3 0x8000f02e (0x00001f17) x30 0x8001002e
core   0: 0x8000f032 (0xfc3f2923) sw      gp, -46(t5)
core   0: 3 0x8000f032 (0xfc3f2923) mem 0x80010000 0x00000001
core   0: 0x8000f036 (0x0000bfe5) c.j     pc - 8
core   0: 3 0x8000f036 (0xbfe5)
core   0: 0x8000f02e (0x00001f17) auipc   t5, 0x1
core   0: 3 0x8000f02e (0x00001f17) x30 0x8001002e
core   0: 0x8000f032 (0xfc3f2923) sw      gp, -46(t5)
core   0: 3 0x8000f032 (0xfc3f2923) mem 0x80010000 0x00000001
core   0: 0x8000f036 (0x0000bfe5) c.j     pc - 8
core   0: 3 0x8000f036 (0xbfe5)
core   0: 0x8000f02e (0x00001f17) auipc   t5, 0x1
core   0: 3 0x8000f02e (0x00001f17) x30 0x8001002e
core   0: 0x8000f032 (0xfc3f2923) sw      gp, -46(t5)
core   0: 3 0x8000f032 (0xfc3f2923) mem 0x80010000 0x00000001
core   0: 0x8000f036 (0x0000bfe5) c.j     pc - 8
core   0: 3 0x8000f036 (0xbfe5)
core   0: 0x8000f02e (0x00001f17) auipc   t5, 0x1
core   0: 3 0x8000f02e (0x00001f17) x30 0x8001002e
core   0: 0x8000f032 (0xfc3f2923) sw      gp, -46(t5)
core   0: 3 0x8000f032 (0xfc3f2923) mem 0x80010000 0x00000001
core   0: 0x8000f036 (0x0000bfe5) c.j     pc - 8
core   0: 3 0x8000f036 (0xbfe5)
core   0: 0x8000f02e (0x00001f17) auipc   t5, 0x1
core   0: 3 0x8000f02e (0x00001f17) x30 0x8001002e
core   0: 0x8000f032 (0xfc3f2923) sw      gp, -46(t5)
core   0: 3 0x8000f032 (0xfc3f2923) mem 0x80010000 0x00000001
core   0: 0x8000f036 (0x0000bfe5) c.j     pc - 8
core   0: 3 0x8000f036 (0xbfe5)
core   0: 0x8000f02e (0x00001f17) auipc   t5, 0x1
core   0: 3 0x8000f02e (0x00001f17) x30 0x8001002e
core   0: 0x8000f032 (0xfc3f2923) sw      gp, -46(t5)
core   0: 3 0x8000f032 (0xfc3f2923) mem 0x80010000 0x00000001
core   0: 0x8000f036 (0x0000bfe5) c.j     pc - 8
core   0: 3 0x8000f036 (0xbfe5)
core   0: 0x8000f02e (0x00001f17) auipc   t5, 0x1
core   0: 3 0x8000f02e (0x00001f17) x30 0x8001002e
core   0: 0x8000f032 (0xfc3f2923) sw      gp, -46(t5)
core   0: 3 0x8000f032 (0xfc3f2923) mem 0x80010000 0x00000001
core   0: 0x8000f036 (0x0000bfe5) c.j     pc - 8
core   0: 3 0x8000f036 (0xbfe5)
core   0: 0x8000f02e (0x00001f17) auipc   t5, 0x1
core   0: 3 0x8000f02e (0x00001f17) x30 0x8001002e
core   0: 0x8000f032 (0xfc3f2923) sw      gp, -46(t5)
core   0: 3 0x8000f032 (0xfc3f2923) mem 0x80010000 0x00000001
core   0: 0x8000f036 (0x0000bfe5) c.j     pc - 8
core   0: 3 0x8000f036 (0xbfe5)
core   0: 0x8000f02e (0x00001f17) auipc   t5, 0x1
core   0: 3 0x8000f02e (0x00001f17) x30 0x8001002e
core   0: 0x8000f032 (0xfc3f2923) sw      gp, -46(t5)
core   0: 3 0x8000f032 (0xfc3f2923) mem 0x80010000 0x00000001
core   0: 0x8000f036 (0x0000bfe5) c.j     pc - 8
core   0: 3 0x8000f036 (0xbfe5)
core   0: 0x8000f02e (0x00001f17) auipc   t5, 0x1
core   0: 3 0x8000f02e (0x00001f17) x30 0x8001002e
core   0: 0x8000f032 (0xfc3f2923) sw      gp, -46(t5)
core   0: 3 0x8000f032 (0xfc3f2923) mem 0x80010000 0x00000001
core   0: 0x8000f036 (0x0000bfe5) c.j     pc - 8
core   0: 3 0x8000f036 (0xbfe5)
core   0: 0x8000f02e (0x00001f17) auipc   t5, 0x1
core   0: 3 0x8000f02e (0x00001f17) x30 0x8001002e
core   0: 0x8000f032 (0xfc3f2923) sw      gp, -46(t5)
core   0: 3 0x8000f032 (0xfc3f2923) mem 0x80010000 0x00000001
core   0: 0x8000f036 (0x0000bfe5) c.j     pc - 8
core   0: 3 0x8000f036 (0xbfe5)
core   0: 0x8000f02e (0x00001f17) auipc   t5, 0x1
core   0: 3 0x8000f02e (0x00001f17) x30 0x8001002e
core   0: 0x8000f032 (0xfc3f2923) sw      gp, -46(t5)
core   0: 3 0x8000f032 (0xfc3f2923) mem 0x80010000 0x00000001
core   0: 0x8000f036 (0x0000bfe5) c.j     pc - 8
core   0: 3 0x8000f036 (0xbfe5)
core   0: 0x8000f02e (0x00001f17) auipc   t5, 0x1
core   0: 3 0x8000f02e (0x00001f17) x30 0x8001002e
core   0: 0x8000f032 (0xfc3f2923) sw      gp, -46(t5)
core   0: 3 0x8000f032 (0xfc3f2923) mem 0x80010000 0x00000001
core   0: 0x8000f036 (0x0000bfe5) c.j     pc - 8
core   0: 3 0x8000f036 (0xbfe5)
core   0: 0x8000f02e (0x00001f17) auipc   t5, 0x1
core   0: 3 0x8000f02e (0x00001f17) x30 0x8001002e
core   0: 0x8000f032 (0xfc3f2923) sw      gp, -46(t5)
core   0: 3 0x8000f032 (0xfc3f2923) mem 0x80010000 0x00000001
core   0: 0x8000f036 (0x0000bfe5) c.j     pc - 8
core   0: 3 0x8000f036 (0xbfe5)
core   0: 0x8000f02e (0x00001f17) auipc   t5, 0x1
core   0: 3 0x8000f02e (0x00001f17) x30 0x8001002e
core   0: 0x8000f032 (0xfc3f2923) sw      gp, -46(t5)
core   0: 3 0x8000f032 (0xfc3f2923) mem 0x80010000 0x00000001
core   0: 0x8000f036 (0x0000bfe5) c.j     pc - 8
core   0: 3 0x8000f036 (0xbfe5)
core   0: 0x8000f02e (0x00001f17) auipc   t5, 0x1
core   0: 3 0x8000f02e (0x00001f17) x30 0x8001002e
core   0: 0x8000f032 (0xfc3f2923) sw      gp, -46(t5)
core   0: 3 0x8000f032 (0xfc3f2923) mem 0x80010000 0x00000001
core   0: 0x8000f036 (0x0000bfe5) c.j     pc - 8
core   0: 3 0x8000f036 (0xbfe5)
core   0: 0x8000f02e (0x00001f17) auipc   t5, 0x1
core   0: 3 0x8000f02e (0x00001f17) x30 0x8001002e
core   0: 0x8000f032 (0xfc3f2923) sw      gp, -46(t5)
core   0: 3 0x8000f032 (0xfc3f2923) mem 0x80010000 0x00000001
core   0: 0x8000f036 (0x0000bfe5) c.j     pc - 8
core   0: 3 0x8000f036 (0xbfe5)
core   0: 0x8000f02e (0x00001f17) auipc   t5, 0x1
core   0: 3 0x8000f02e (0x00001f17) x30 0x8001002e
core   0: 0x8000f032 (0xfc3f2923) sw      gp, -46(t5)
core   0: 3 0x8000f032 (0xfc3f2923) mem 0x80010000 0x00000001
core   0: 0x8000f036 (0x0000bfe5) c.j     pc - 8
core   0: 3 0x8000f036 (0xbfe5)
core   0: 0x8000f02e (0x00001f17) auipc   t5, 0x1
core   0: 3 0x8000f02e (0x00001f17) x30 0x8001002e
core   0: 0x8000f032 (0xfc3f2923) sw      gp, -46(t5)
core   0: 3 0x8000f032 (0xfc3f2923) mem 0x80010000 0x00000001
core   0: 0x8000f036 (0x0000bfe5) c.j     pc - 8
core   0: 3 0x8000f036 (0xbfe5)
core   0: 0x8000f02e (0x00001f17) auipc   t5, 0x1
core   0: 3 0x8000f02e (0x00001f17) x30 0x8001002e
core   0: 0x8000f032 (0xfc3f2923) sw      gp, -46(t5)
core   0: 3 0x8000f032 (0xfc3f2923) mem 0x80010000 0x00000001
core   0: 0x8000f036 (0x0000bfe5) c.j     pc - 8
core   0: 3 0x8000f036 (0xbfe5)
core   0: 0x8000f02e (0x00001f17) auipc   t5, 0x1
core   0: 3 0x8000f02e (0x00001f17) x30 0x8001002e
core   0: 0x8000f032 (0xfc3f2923) sw      gp, -46(t5)
core   0: 3 0x8000f032 (0xfc3f2923) mem 0x80010000 0x00000001
core   0: 0x8000f036 (0x0000bfe5) c.j     pc - 8
core   0: 3 0x8000f036 (0xbfe5)
core   0: 0x8000f02e (0x00001f17) auipc   t5, 0x1
core   0: 3 0x8000f02e (0x00001f17) x30 0x8001002e
core   0: 0x8000f032 (0xfc3f2923) sw      gp, -46(t5)
core   0: 3 0x8000f032 (0xfc3f2923) mem 0x80010000 0x00000001
core   0: 0x8000f036 (0x0000bfe5) c.j     pc - 8
core   0: 3 0x8000f036 (0xbfe5)
core   0: 0x8000f02e (0x00001f17) auipc   t5, 0x1
core   0: 3 0x8000f02e (0x00001f17) x30 0x8001002e
core   0: 0x8000f032 (0xfc3f2923) sw      gp, -46(t5)
core   0: 3 0x8000f032 (0xfc3f2923) mem 0x80010000 0x00000001
core   0: 0x8000f036 (0x0000bfe5) c.j     pc - 8
core   0: 3 0x8000f036 (0xbfe5)
core   0: 0x8000f02e (0x00001f17) auipc   t5, 0x1
core   0: 3 0x8000f02e (0x00001f17) x30 0x8001002e
core   0: 0x8000f032 (0xfc3f2923) sw      gp, -46(t5)
core   0: 3 0x8000f032 (0xfc3f2923) mem 0x80010000 0x00000001
core   0: 0x8000f036 (0x0000bfe5) c.j     pc - 8
core   0: 3 0x8000f036 (0xbfe5)
core   0: 0x8000f02e (0x00001f17) auipc   t5, 0x1
core   0: 3 0x8000f02e (0x00001f17) x30 0x8001002e
core   0: 0x8000f032 (0xfc3f2923) sw      gp, -46(t5)
core   0: 3 0x8000f032 (0xfc3f2923) mem 0x80010000 0x00000001
core   0: 0x8000f036 (0x0000bfe5) c.j     pc - 8
core   0: 3 0x8000f036 (0xbfe5)
core   0: 0x8000f02e (0x00001f17) auipc   t5, 0x1
core   0: 3 0x8000f02e (0x00001f17) x30 0x8001002e
core   0: 0x8000f032 (0xfc3f2923) sw      gp, -46(t5)
core   0: 3 0x8000f032 (0xfc3f2923) mem 0x80010000 0x00000001
core   0: 0x8000f036 (0x0000bfe5) c.j     pc - 8
core   0: 3 0x8000f036 (0xbfe5)
core   0: 0x8000f02e (0x00001f17) auipc   t5, 0x1
core   0: 3 0x8000f02e (0x00001f17) x30 0x8001002e
core   0: 0x8000f032 (0xfc3f2923) sw      gp, -46(t5)
core   0: 3 0x8000f032 (0xfc3f2923) mem 0x80010000 0x00000001
core   0: 0x8000f036 (0x0000bfe5) c.j     pc - 8
core   0: 3 0x8000f036 (0xbfe5)
core   0: 0x8000f02e (0x00001f17) auipc   t5, 0x1
core   0: 3 0x8000f02e (0x00001f17) x30 0x8001002e
core   0: 0x8000f032 (0xfc3f2923) sw      gp, -46(t5)
core   0: 3 0x8000f032 (0xfc3f2923) mem 0x80010000 0x00000001
core   0: 0x8000f036 (0x0000bfe5) c.j     pc - 8
core   0: 3 0x8000f036 (0xbfe5)
core   0: 0x8000f02e (0x00001f17) auipc   t5, 0x1
core   0: 3 0x8000f02e (0x00001f17) x30 0x8001002e
core   0: 0x8000f032 (0xfc3f2923) sw      gp, -46(t5)
core   0: 3 0x8000f032 (0xfc3f2923) mem 0x80010000 0x00000001
core   0: 0x8000f036 (0x0000bfe5) c.j     pc - 8
core   0: 3 0x8000f036 (0xbfe5)
core   0: 0x8000f02e (0x00001f17) auipc   t5, 0x1
core   0: 3 0x8000f02e (0x00001f17) x30 0x8001002e
core   0: 0x8000f032 (0xfc3f2923) sw      gp, -46(t5)
core   0: 3 0x8000f032 (0xfc3f2923) mem 0x80010000 0x00000001
core   0: 0x8000f036 (0x0000bfe5) c.j     pc - 8
core   0: 3 0x8000f036 (0xbfe5)
core   0: 0x8000f02e (0x00001f17) auipc   t5, 0x1
core   0: 3 0x8000f02e (0x00001f17) x30 0x8001002e
core   0: 0x8000f032 (0xfc3f2923) sw      gp, -46(t5)
core   0: 3 0x8000f032 (0xfc3f2923) mem 0x80010000 0x00000001
core   0: 0x8000f036 (0x0000bfe5) c.j     pc - 8
core   0: 3 0x8000f036 (0xbfe5)
core   0: 0x8000f02e (0x00001f17) auipc   t5, 0x1
core   0: 3 0x8000f02e (0x00001f17) x30 0x8001002e
core   0: 0x8000f032 (0xfc3f2923) sw      gp, -46(t5)
core   0: 3 0x8000f032 (0xfc3f2923) mem 0x80010000 0x00000001
core   0: 0x8000f036 (0x0000bfe5) c.j     pc - 8
core   0: 3 0x8000f036 (0xbfe5)
core   0: 0x8000f02e (0x00001f17) auipc   t5, 0x1
core   0: 3 0x8000f02e (0x00001f17) x30 0x8001002e
core   0: 0x8000f032 (0xfc3f2923) sw      gp, -46(t5)
core   0: 3 0x8000f032 (0xfc3f2923) mem 0x80010000 0x00000001
core   0: 0x8000f036 (0x0000bfe5) c.j     pc - 8
core   0: 3 0x8000f036 (0xbfe5)
core   0: 0x8000f02e (0x00001f17) auipc   t5, 0x1
core   0: 3 0x8000f02e (0x00001f17) x30 0x8001002e
core   0: 0x8000f032 (0xfc3f2923) sw      gp, -46(t5)
core   0: 3 0x8000f032 (0xfc3f2923) mem 0x80010000 0x00000001
core   0: 0x8000f036 (0x0000bfe5) c.j     pc - 8
core   0: 3 0x8000f036 (0xbfe5)
core   0: 0x8000f02e (0x00001f17) auipc   t5, 0x1
core   0: 3 0x8000f02e (0x00001f17) x30 0x8001002e
core   0: 0x8000f032 (0xfc3f2923) sw      gp, -46(t5)
core   0: 3 0x8000f032 (0xfc3f2923) mem 0x80010000 0x00000001
core   0: 0x8000f036 (0x0000bfe5) c.j     pc - 8
core   0: 3 0x8000f036 (0xbfe5)
core   0: 0x8000f02e (0x00001f17) auipc   t5, 0x1
core   0: 3 0x8000f02e (0x00001f17) x30 0x8001002e
core   0: 0x8000f032 (0xfc3f2923) sw      gp, -46(t5)
core   0: 3 0x8000f032 (0xfc3f2923) mem 0x80010000 0x00000001
core   0: 0x8000f036 (0x0000bfe5) c.j     pc - 8
core   0: 3 0x8000f036 (0xbfe5)
core   0: 0x8000f02e (0x00001f17) auipc   t5, 0x1
core   0: 3 0x8000f02e (0x00001f17) x30 0x8001002e
core   0: 0x8000f032 (0xfc3f2923) sw      gp, -46(t5)
core   0: 3 0x8000f032 (0xfc3f2923) mem 0x80010000 0x00000001
core   0: 0x8000f036 (0x0000bfe5) c.j     pc - 8
core   0: 3 0x8000f036 (0xbfe5)
core   0: 0x8000f02e (0x00001f17) auipc   t5, 0x1
core   0: 3 0x8000f02e (0x00001f17) x30 0x8001002e
core   0: 0x8000f032 (0xfc3f2923) sw      gp, -46(t5)
core   0: 3 0x8000f032 (0xfc3f2923) mem 0x80010000 0x00000001
core   0: 0x8000f036 (0x0000bfe5) c.j     pc - 8
core   0: 3 0x8000f036 (0xbfe5)
core   0: 0x8000f02e (0x00001f17) auipc   t5, 0x1
core   0: 3 0x8000f02e (0x00001f17) x30 0x8001002e
core   0: 0x8000f032 (0xfc3f2923) sw      gp, -46(t5)
core   0: 3 0x8000f032 (0xfc3f2923) mem 0x80010000 0x00000001
core   0: 0x8000f036 (0x0000bfe5) c.j     pc - 8
core   0: 3 0x8000f036 (0xbfe5)
core   0: 0x8000f02e (0x00001f17) auipc   t5, 0x1
core   0: 3 0x8000f02e (0x00001f17) x30 0x8001002e
core   0: 0x8000f032 (0xfc3f2923) sw      gp, -46(t5)
core   0: 3 0x8000f032 (0xfc3f2923) mem 0x80010000 0x00000001
core   0: 0x8000f036 (0x0000bfe5) c.j     pc - 8
core   0: 3 0x8000f036 (0xbfe5)
core   0: 0x8000f02e (0x00001f17) auipc   t5, 0x1
core   0: 3 0x8000f02e (0x00001f17) x30 0x8001002e
core   0: 0x8000f032 (0xfc3f2923) sw      gp, -46(t5)
core   0: 3 0x8000f032 (0xfc3f2923) mem 0x80010000 0x00000001
core   0: 0x8000f036 (0x0000bfe5) c.j     pc - 8
core   0: 3 0x8000f036 (0xbfe5)
core   0: 0x8000f02e (0x00001f17) auipc   t5, 0x1
core   0: 3 0x8000f02e (0x00001f17) x30 0x8001002e
core   0: 0x8000f032 (0xfc3f2923) sw      gp, -46(t5)
core   0: 3 0x8000f032 (0xfc3f2923) mem 0x80010000 0x00000001
core   0: 0x8000f036 (0x0000bfe5) c.j     pc - 8
core   0: 3 0x8000f036 (0xbfe5)
core   0: 0x8000f02e (0x00001f17) auipc   t5, 0x1
core   0: 3 0x8000f02e (0x00001f17) x30 0x8001002e
core   0: 0x8000f032 (0xfc3f2923) sw      gp, -46(t5)
core   0: 3 0x8000f032 (0xfc3f2923) mem 0x80010000 0x00000001
core   0: 0x8000f036 (0x0000bfe5) c.j     pc - 8
core   0: 3 0x8000f036 (0xbfe5)
core   0: 0x8000f02e (0x00001f17) auipc   t5, 0x1
core   0: 3 0x8000f02e (0x00001f17) x30 0x8001002e
core   0: 0x8000f032 (0xfc3f2923) sw      gp, -46(t5)
core   0: 3 0x8000f032 (0xfc3f2923) mem 0x80010000 0x00000001
core   0: 0x8000f036 (0x0000bfe5) c.j     pc - 8
core   0: 3 0x8000f036 (0xbfe5)
core   0: 0x8000f02e (0x00001f17) auipc   t5, 0x1
core   0: 3 0x8000f02e (0x00001f17) x30 0x8001002e
core   0: 0x8000f032 (0xfc3f2923) sw      gp, -46(t5)
core   0: 3 0x8000f032 (0xfc3f2923) mem 0x80010000 0x00000001
core   0: 0x8000f036 (0x0000bfe5) c.j     pc - 8
core   0: 3 0x8000f036 (0xbfe5)
core   0: 0x8000f02e (0x00001f17) auipc   t5, 0x1
core   0: 3 0x8000f02e (0x00001f17) x30 0x8001002e
core   0: 0x8000f032 (0xfc3f2923) sw      gp, -46(t5)
core   0: 3 0x8000f032 (0xfc3f2923) mem 0x80010000 0x00000001
core   0: 0x8000f036 (0x0000bfe5) c.j     pc - 8
core   0: 3 0x8000f036 (0xbfe5)
core   0: 0x8000f02e (0x00001f17) auipc   t5, 0x1
core   0: 3 0x8000f02e (0x00001f17) x30 0x8001002e
core   0: 0x8000f032 (0xfc3f2923) sw      gp, -46(t5)
core   0: 3 0x8000f032 (0xfc3f2923) mem 0x80010000 0x00000001
core   0: 0x8000f036 (0x0000bfe5) c.j     pc - 8
core   0: 3 0x8000f036 (0xbfe5)
core   0: 0x8000f02e (0x00001f17) auipc   t5, 0x1
core   0: 3 0x8000f02e (0x00001f17) x30 0x8001002e
core   0: 0x8000f032 (0xfc3f2923) sw      gp, -46(t5)
core   0: 3 0x8000f032 (0xfc3f2923) mem 0x80010000 0x00000001
core   0: 0x8000f036 (0x0000bfe5) c.j     pc - 8
core   0: 3 0x8000f036 (0xbfe5)
core   0: 0x8000f02e (0x00001f17) auipc   t5, 0x1
core   0: 3 0x8000f02e (0x00001f17) x30 0x8001002e
core   0: 0x8000f032 (0xfc3f2923) sw      gp, -46(t5)
core   0: 3 0x8000f032 (0xfc3f2923) mem 0x80010000 0x00000001
core   0: 0x8000f036 (0x0000bfe5) c.j     pc - 8
core   0: 3 0x8000f036 (0xbfe5)
core   0: 0x8000f02e (0x00001f17) auipc   t5, 0x1
core   0: 3 0x8000f02e (0x00001f17) x30 0x8001002e
core   0: 0x8000f032 (0xfc3f2923) sw      gp, -46(t5)
core   0: 3 0x8000f032 (0xfc3f2923) mem 0x80010000 0x00000001
core   0: 0x8000f036 (0x0000bfe5) c.j     pc - 8
core   0: 3 0x8000f036 (0xbfe5)
core   0: 0x8000f02e (0x00001f17) auipc   t5, 0x1
core   0: 3 0x8000f02e (0x00001f17) x30 0x8001002e
core   0: 0x8000f032 (0xfc3f2923) sw      gp, -46(t5)
core   0: 3 0x8000f032 (0xfc3f2923) mem 0x80010000 0x00000001
core   0: 0x8000f036 (0x0000bfe5) c.j     pc - 8
core   0: 3 0x8000f036 (0xbfe5)
core   0: 0x8000f02e (0x00001f17) auipc   t5, 0x1
core   0: 3 0x8000f02e (0x00001f17) x30 0x8001002e
core   0: 0x8000f032 (0xfc3f2923) sw      gp, -46(t5)
core   0: 3 0x8000f032 (0xfc3f2923) mem 0x80010000 0x00000001
core   0: 0x8000f036 (0x0000bfe5) c.j     pc - 8
core   0: 3 0x8000f036 (0xbfe5)
core   0: 0x8000f02e (0x00001f17) auipc   t5, 0x1
core   0: 3 0x8000f02e (0x00001f17) x30 0x8001002e
core   0: 0x8000f032 (0xfc3f2923) sw      gp, -46(t5)
core   0: 3 0x8000f032 (0xfc3f2923) mem 0x80010000 0x00000001
core   0: 0x8000f036 (0x0000bfe5) c.j     pc - 8
core   0: 3 0x8000f036 (0xbfe5)
core   0: 0x8000f02e (0x00001f17) auipc   t5, 0x1
core   0: 3 0x8000f02e (0x00001f17) x30 0x8001002e
core   0: 0x8000f032 (0xfc3f2923) sw      gp, -46(t5)
core   0: 3 0x8000f032 (0xfc3f2923) mem 0x80010000 0x00000001
core   0: 0x8000f036 (0x0000bfe5) c.j     pc - 8
core   0: 3 0x8000f036 (0xbfe5)
core   0: 0x8000f02e (0x00001f17) auipc   t5, 0x1
core   0: 3 0x8000f02e (0x00001f17) x30 0x8001002e
core   0: 0x8000f032 (0xfc3f2923) sw      gp, -46(t5)
core   0: 3 0x8000f032 (0xfc3f2923) mem 0x80010000 0x00000001
core   0: 0x8000f036 (0x0000bfe5) c.j     pc - 8
core   0: 3 0x8000f036 (0xbfe5)
core   0: 0x8000f02e (0x00001f17) auipc   t5, 0x1
core   0: 3 0x8000f02e (0x00001f17) x30 0x8001002e
core   0: 0x8000f032 (0xfc3f2923) sw      gp, -46(t5)
core   0: 3 0x8000f032 (0xfc3f2923) mem 0x80010000 0x00000001
core   0: 0x8000f036 (0x0000bfe5) c.j     pc - 8
core   0: 3 0x8000f036 (0xbfe5)
core   0: 0x8000f02e (0x00001f17) auipc   t5, 0x1
core   0: 3 0x8000f02e (0x00001f17) x30 0x8001002e
core   0: 0x8000f032 (0xfc3f2923) sw      gp, -46(t5)
core   0: 3 0x8000f032 (0xfc3f2923) mem 0x80010000 0x00000001
core   0: 0x8000f036 (0x0000bfe5) c.j     pc - 8
core   0: 3 0x8000f036 (0xbfe5)
core   0: 0x8000f02e (0x00001f17) auipc   t5, 0x1
core   0: 3 0x8000f02e (0x00001f17) x30 0x8001002e
core   0: 0x8000f032 (0xfc3f2923) sw      gp, -46(t5)
core   0: 3 0x8000f032 (0xfc3f2923) mem 0x80010000 0x00000001
core   0: 0x8000f036 (0x0000bfe5) c.j     pc - 8
core   0: 3 0x8000f036 (0xbfe5)
core   0: 0x8000f02e (0x00001f17) auipc   t5, 0x1
core   0: 3 0x8000f02e (0x00001f17) x30 0x8001002e
core   0: 0x8000f032 (0xfc3f2923) sw      gp, -46(t5)
core   0: 3 0x8000f032 (0xfc3f2923) mem 0x80010000 0x00000001
core   0: 0x8000f036 (0x0000bfe5) c.j     pc - 8
core   0: 3 0x8000f036 (0xbfe5)
core   0: 0x8000f02e (0x00001f17) auipc   t5, 0x1
core   0: 3 0x8000f02e (0x00001f17) x30 0x8001002e
core   0: 0x8000f032 (0xfc3f2923) sw      gp, -46(t5)
core   0: 3 0x8000f032 (0xfc3f2923) mem 0x80010000 0x00000001
core   0: 0x8000f036 (0x0000bfe5) c.j     pc - 8
core   0: 3 0x8000f036 (0xbfe5)
core   0: 0x8000f02e (0x00001f17) auipc   t5, 0x1
core   0: 3 0x8000f02e (0x00001f17) x30 0x8001002e
core   0: 0x8000f032 (0xfc3f2923) sw      gp, -46(t5)
core   0: 3 0x8000f032 (0xfc3f2923) mem 0x80010000 0x00000001
core   0: 0x8000f036 (0x0000bfe5) c.j     pc - 8
core   0: 3 0x8000f036 (0xbfe5)
core   0: 0x8000f02e (0x00001f17) auipc   t5, 0x1
core   0: 3 0x8000f02e (0x00001f17) x30 0x8001002e
core   0: 0x8000f032 (0xfc3f2923) sw      gp, -46(t5)
core   0: 3 0x8000f032 (0xfc3f2923) mem 0x80010000 0x00000001
core   0: 0x8000f036 (0x0000bfe5) c.j     pc - 8
core   0: 3 0x8000f036 (0xbfe5)
core   0: 0x8000f02e (0x00001f17) auipc   t5, 0x1
core   0: 3 0x8000f02e (0x00001f17) x30 0x8001002e
core   0: 0x8000f032 (0xfc3f2923) sw      gp, -46(t5)
core   0: 3 0x8000f032 (0xfc3f2923) mem 0x80010000 0x00000001
core   0: 0x8000f036 (0x0000bfe5) c.j     pc - 8
core   0: 3 0x8000f036 (0xbfe5)
core   0: 0x8000f02e (0x00001f17) auipc   t5, 0x1
core   0: 3 0x8000f02e (0x00001f17) x30 0x8001002e
core   0: 0x8000f032 (0xfc3f2923) sw      gp, -46(t5)
core   0: 3 0x8000f032 (0xfc3f2923) mem 0x80010000 0x00000001
core   0: 0x8000f036 (0x0000bfe5) c.j     pc - 8
core   0: 3 0x8000f036 (0xbfe5)
core   0: 0x8000f02e (0x00001f17) auipc   t5, 0x1
core   0: 3 0x8000f02e (0x00001f17) x30 0x8001002e
core   0: 0x8000f032 (0xfc3f2923) sw      gp, -46(t5)
core   0: 3 0x8000f032 (0xfc3f2923) mem 0x80010000 0x00000001
core   0: 0x8000f036 (0x0000bfe5) c.j     pc - 8
core   0: 3 0x8000f036 (0xbfe5)
core   0: 0x8000f02e (0x00001f17) auipc   t5, 0x1
core   0: 3 0x8000f02e (0x00001f17) x30 0x8001002e
core   0: 0x8000f032 (0xfc3f2923) sw      gp, -46(t5)
core   0: 3 0x8000f032 (0xfc3f2923) mem 0x80010000 0x00000001
core   0: 0x8000f036 (0x0000bfe5) c.j     pc - 8
core   0: 3 0x8000f036 (0xbfe5)
core   0: 0x8000f02e (0x00001f17) auipc   t5, 0x1
core   0: 3 0x8000f02e (0x00001f17) x30 0x8001002e
core   0: 0x8000f032 (0xfc3f2923) sw      gp, -46(t5)
core   0: 3 0x8000f032 (0xfc3f2923) mem 0x80010000 0x00000001
core   0: 0x8000f036 (0x0000bfe5) c.j     pc - 8
core   0: 3 0x8000f036 (0xbfe5)
core   0: 0x8000f02e (0x00001f17) auipc   t5, 0x1
core   0: 3 0x8000f02e (0x00001f17) x30 0x8001002e
core   0: 0x8000f032 (0xfc3f2923) sw      gp, -46(t5)
core   0: 3 0x8000f032 (0xfc3f2923) mem 0x80010000 0x00000001
core   0: 0x8000f036 (0x0000bfe5) c.j     pc - 8
core   0: 3 0x8000f036 (0xbfe5)
core   0: 0x8000f02e (0x00001f17) auipc   t5, 0x1
core   0: 3 0x8000f02e (0x00001f17) x30 0x8001002e
core   0: 0x8000f032 (0xfc3f2923) sw      gp, -46(t5)
core   0: 3 0x8000f032 (0xfc3f2923) mem 0x80010000 0x00000001
core   0: 0x8000f036 (0x0000bfe5) c.j     pc - 8
core   0: 3 0x8000f036 (0xbfe5)
core   0: 0x8000f02e (0x00001f17) auipc   t5, 0x1
core   0: 3 0x8000f02e (0x00001f17) x30 0x8001002e
core   0: 0x8000f032 (0xfc3f2923) sw      gp, -46(t5)
core   0: 3 0x8000f032 (0xfc3f2923) mem 0x80010000 0x00000001
core   0: 0x8000f036 (0x0000bfe5) c.j     pc - 8
core   0: 3 0x8000f036 (0xbfe5)
core   0: 0x8000f02e (0x00001f17) auipc   t5, 0x1
core   0: 3 0x8000f02e (0x00001f17) x30 0x8001002e
core   0: 0x8000f032 (0xfc3f2923) sw      gp, -46(t5)
core   0: 3 0x8000f032 (0xfc3f2923) mem 0x80010000 0x00000001
core   0: 0x8000f036 (0x0000bfe5) c.j     pc - 8
core   0: 3 0x8000f036 (0xbfe5)
core   0: 0x8000f02e (0x00001f17) auipc   t5, 0x1
core   0: 3 0x8000f02e (0x00001f17) x30 0x8001002e
core   0: 0x8000f032 (0xfc3f2923) sw      gp, -46(t5)
core   0: 3 0x8000f032 (0xfc3f2923) mem 0x80010000 0x00000001
core   0: 0x8000f036 (0x0000bfe5) c.j     pc - 8
core   0: 3 0x8000f036 (0xbfe5)
core   0: 0x8000f02e (0x00001f17) auipc   t5, 0x1
core   0: 3 0x8000f02e (0x00001f17) x30 0x8001002e
core   0: 0x8000f032 (0xfc3f2923) sw      gp, -46(t5)
core   0: 3 0x8000f032 (0xfc3f2923) mem 0x80010000 0x00000001
core   0: 0x8000f036 (0x0000bfe5) c.j     pc - 8
core   0: 3 0x8000f036 (0xbfe5)
core   0: 0x8000f02e (0x00001f17) auipc   t5, 0x1
core   0: 3 0x8000f02e (0x00001f17) x30 0x8001002e
core   0: 0x8000f032 (0xfc3f2923) sw      gp, -46(t5)
core   0: 3 0x8000f032 (0xfc3f2923) mem 0x80010000 0x00000001
core   0: 0x8000f036 (0x0000bfe5) c.j     pc - 8
core   0: 3 0x8000f036 (0xbfe5)
core   0: 0x8000f02e (0x00001f17) auipc   t5, 0x1
core   0: 3 0x8000f02e (0x00001f17) x30 0x8001002e
core   0: 0x8000f032 (0xfc3f2923) sw      gp, -46(t5)
core   0: 3 0x8000f032 (0xfc3f2923) mem 0x80010000 0x00000001
core   0: 0x8000f036 (0x0000bfe5) c.j     pc - 8
core   0: 3 0x8000f036 (0xbfe5)
core   0: 0x8000f02e (0x00001f17) auipc   t5, 0x1
core   0: 3 0x8000f02e (0x00001f17) x30 0x8001002e
core   0: 0x8000f032 (0xfc3f2923) sw      gp, -46(t5)
core   0: 3 0x8000f032 (0xfc3f2923) mem 0x80010000 0x00000001
core   0: 0x8000f036 (0x0000bfe5) c.j     pc - 8
core   0: 3 0x8000f036 (0xbfe5)
core   0: 0x8000f02e (0x00001f17) auipc   t5, 0x1
core   0: 3 0x8000f02e (0x00001f17) x30 0x8001002e
core   0: 0x8000f032 (0xfc3f2923) sw      gp, -46(t5)
core   0: 3 0x8000f032 (0xfc3f2923) mem 0x80010000 0x00000001
core   0: 0x8000f036 (0x0000bfe5) c.j     pc - 8
core   0: 3 0x8000f036 (0xbfe5)
core   0: 0x8000f02e (0x00001f17) auipc   t5, 0x1
core   0: 3 0x8000f02e (0x00001f17) x30 0x8001002e
core   0: 0x8000f032 (0xfc3f2923) sw      gp, -46(t5)
core   0: 3 0x8000f032 (0xfc3f2923) mem 0x80010000 0x00000001
core   0: 0x8000f036 (0x0000bfe5) c.j     pc - 8
core   0: 3 0x8000f036 (0xbfe5)
core   0: 0x8000f02e (0x00001f17) auipc   t5, 0x1
core   0: 3 0x8000f02e (0x00001f17) x30 0x8001002e
core   0: 0x8000f032 (0xfc3f2923) sw      gp, -46(t5)
core   0: 3 0x8000f032 (0xfc3f2923) mem 0x80010000 0x00000001
core   0: 0x8000f036 (0x0000bfe5) c.j     pc - 8
core   0: 3 0x8000f036 (0xbfe5)
core   0: 0x8000f02e (0x00001f17) auipc   t5, 0x1
core   0: 3 0x8000f02e (0x00001f17) x30 0x8001002e
core   0: 0x8000f032 (0xfc3f2923) sw      gp, -46(t5)
core   0: 3 0x8000f032 (0xfc3f2923) mem 0x80010000 0x00000001
core   0: 0x8000f036 (0x0000bfe5) c.j     pc - 8
core   0: 3 0x8000f036 (0xbfe5)
core   0: 0x8000f02e (0x00001f17) auipc   t5, 0x1
core   0: 3 0x8000f02e (0x00001f17) x30 0x8001002e
core   0: 0x8000f032 (0xfc3f2923) sw      gp, -46(t5)
core   0: 3 0x8000f032 (0xfc3f2923) mem 0x80010000 0x00000001
core   0: 0x8000f036 (0x0000bfe5) c.j     pc - 8
core   0: 3 0x8000f036 (0xbfe5)
core   0: 0x8000f02e (0x00001f17) auipc   t5, 0x1
core   0: 3 0x8000f02e (0x00001f17) x30 0x8001002e
core   0: 0x8000f032 (0xfc3f2923) sw      gp, -46(t5)
core   0: 3 0x8000f032 (0xfc3f2923) mem 0x80010000 0x00000001
core   0: 0x8000f036 (0x0000bfe5) c.j     pc - 8
core   0: 3 0x8000f036 (0xbfe5)
core   0: 0x8000f02e (0x00001f17) auipc   t5, 0x1
core   0: 3 0x8000f02e (0x00001f17) x30 0x8001002e
core   0: 0x8000f032 (0xfc3f2923) sw      gp, -46(t5)
core   0: 3 0x8000f032 (0xfc3f2923) mem 0x80010000 0x00000001
core   0: 0x8000f036 (0x0000bfe5) c.j     pc - 8
core   0: 3 0x8000f036 (0xbfe5)
core   0: 0x8000f02e (0x00001f17) auipc   t5, 0x1
core   0: 3 0x8000f02e (0x00001f17) x30 0x8001002e
core   0: 0x8000f032 (0xfc3f2923) sw      gp, -46(t5)
core   0: 3 0x8000f032 (0xfc3f2923) mem 0x80010000 0x00000001
core   0: 0x8000f036 (0x0000bfe5) c.j     pc - 8
core   0: 3 0x8000f036 (0xbfe5)
core   0: 0x8000f02e (0x00001f17) auipc   t5, 0x1
core   0: 3 0x8000f02e (0x00001f17) x30 0x8001002e
core   0: 0x8000f032 (0xfc3f2923) sw      gp, -46(t5)
core   0: 3 0x8000f032 (0xfc3f2923) mem 0x80010000 0x00000001
core   0: 0x8000f036 (0x0000bfe5) c.j     pc - 8
core   0: 3 0x8000f036 (0xbfe5)
core   0: 0x8000f02e (0x00001f17) auipc   t5, 0x1
core   0: 3 0x8000f02e (0x00001f17) x30 0x8001002e
core   0: 0x8000f032 (0xfc3f2923) sw      gp, -46(t5)
core   0: 3 0x8000f032 (0xfc3f2923) mem 0x80010000 0x00000001
core   0: 0x8000f036 (0x0000bfe5) c.j     pc - 8
core   0: 3 0x8000f036 (0xbfe5)
core   0: 0x8000f02e (0x00001f17) auipc   t5, 0x1
core   0: 3 0x8000f02e (0x00001f17) x30 0x8001002e
core   0: 0x8000f032 (0xfc3f2923) sw      gp, -46(t5)
core   0: 3 0x8000f032 (0xfc3f2923) mem 0x80010000 0x00000001
core   0: 0x8000f036 (0x0000bfe5) c.j     pc - 8
core   0: 3 0x8000f036 (0xbfe5)
core   0: 0x8000f02e (0x00001f17) auipc   t5, 0x1
core   0: 3 0x8000f02e (0x00001f17) x30 0x8001002e
core   0: 0x8000f032 (0xfc3f2923) sw      gp, -46(t5)
core   0: 3 0x8000f032 (0xfc3f2923) mem 0x80010000 0x00000001
core   0: 0x8000f036 (0x0000bfe5) c.j     pc - 8
core   0: 3 0x8000f036 (0xbfe5)
core   0: 0x8000f02e (0x00001f17) auipc   t5, 0x1
core   0: 3 0x8000f02e (0x00001f17) x30 0x8001002e
core   0: 0x8000f032 (0xfc3f2923) sw      gp, -46(t5)
core   0: 3 0x8000f032 (0xfc3f2923) mem 0x80010000 0x00000001
core   0: 0x8000f036 (0x0000bfe5) c.j     pc - 8
core   0: 3 0x8000f036 (0xbfe5)
core   0: 0x8000f02e (0x00001f17) auipc   t5, 0x1
core   0: 3 0x8000f02e (0x00001f17) x30 0x8001002e
core   0: 0x8000f032 (0xfc3f2923) sw      gp, -46(t5)
core   0: 3 0x8000f032 (0xfc3f2923) mem 0x80010000 0x00000001
core   0: 0x8000f036 (0x0000bfe5) c.j     pc - 8
core   0: 3 0x8000f036 (0xbfe5)
core   0: 0x8000f02e (0x00001f17) auipc   t5, 0x1
core   0: 3 0x8000f02e (0x00001f17) x30 0x8001002e
core   0: 0x8000f032 (0xfc3f2923) sw      gp, -46(t5)
core   0: 3 0x8000f032 (0xfc3f2923) mem 0x80010000 0x00000001
core   0: 0x8000f036 (0x0000bfe5) c.j     pc - 8
core   0: 3 0x8000f036 (0xbfe5)
core   0: 0x8000f02e (0x00001f17) auipc   t5, 0x1
core   0: 3 0x8000f02e (0x00001f17) x30 0x8001002e
core   0: 0x8000f032 (0xfc3f2923) sw      gp, -46(t5)
core   0: 3 0x8000f032 (0xfc3f2923) mem 0x80010000 0x00000001
core   0: 0x8000f036 (0x0000bfe5) c.j     pc - 8
core   0: 3 0x8000f036 (0xbfe5)
core   0: 0x8000f02e (0x00001f17) auipc   t5, 0x1
core   0: 3 0x8000f02e (0x00001f17) x30 0x8001002e
core   0: 0x8000f032 (0xfc3f2923) sw      gp, -46(t5)
core   0: 3 0x8000f032 (0xfc3f2923) mem 0x80010000 0x00000001
core   0: 0x8000f036 (0x0000bfe5) c.j     pc - 8
core   0: 3 0x8000f036 (0xbfe5)
core   0: 0x8000f02e (0x00001f17) auipc   t5, 0x1
core   0: 3 0x8000f02e (0x00001f17) x30 0x8001002e
core   0: 0x8000f032 (0xfc3f2923) sw      gp, -46(t5)
core   0: 3 0x8000f032 (0xfc3f2923) mem 0x80010000 0x00000001
core   0: 0x8000f036 (0x0000bfe5) c.j     pc - 8
core   0: 3 0x8000f036 (0xbfe5)
core   0: 0x8000f02e (0x00001f17) auipc   t5, 0x1
core   0: 3 0x8000f02e (0x00001f17) x30 0x8001002e
core   0: 0x8000f032 (0xfc3f2923) sw      gp, -46(t5)
core   0: 3 0x8000f032 (0xfc3f2923) mem 0x80010000 0x00000001
core   0: 0x8000f036 (0x0000bfe5) c.j     pc - 8
core   0: 3 0x8000f036 (0xbfe5)
core   0: 0x8000f02e (0x00001f17) auipc   t5, 0x1
core   0: 3 0x8000f02e (0x00001f17) x30 0x8001002e
core   0: 0x8000f032 (0xfc3f2923) sw      gp, -46(t5)
core   0: 3 0x8000f032 (0xfc3f2923) mem 0x80010000 0x00000001
core   0: 0x8000f036 (0x0000bfe5) c.j     pc - 8
core   0: 3 0x8000f036 (0xbfe5)
core   0: 0x8000f02e (0x00001f17) auipc   t5, 0x1
core   0: 3 0x8000f02e (0x00001f17) x30 0x8001002e
core   0: 0x8000f032 (0xfc3f2923) sw      gp, -46(t5)
core   0: 3 0x8000f032 (0xfc3f2923) mem 0x80010000 0x00000001
core   0: 0x8000f036 (0x0000bfe5) c.j     pc - 8
core   0: 3 0x8000f036 (0xbfe5)
core   0: 0x8000f02e (0x00001f17) auipc   t5, 0x1
core   0: 3 0x8000f02e (0x00001f17) x30 0x8001002e
core   0: 0x8000f032 (0xfc3f2923) sw      gp, -46(t5)
core   0: 3 0x8000f032 (0xfc3f2923) mem 0x80010000 0x00000001
core   0: 0x8000f036 (0x0000bfe5) c.j     pc - 8
core   0: 3 0x8000f036 (0xbfe5)
core   0: 0x8000f02e (0x00001f17) auipc   t5, 0x1
core   0: 3 0x8000f02e (0x00001f17) x30 0x8001002e
core   0: 0x8000f032 (0xfc3f2923) sw      gp, -46(t5)
core   0: 3 0x8000f032 (0xfc3f2923) mem 0x80010000 0x00000001
core   0: 0x8000f036 (0x0000bfe5) c.j     pc - 8
core   0: 3 0x8000f036 (0xbfe5)
core   0: 0x8000f02e (0x00001f17) auipc   t5, 0x1
core   0: 3 0x8000f02e (0x00001f17) x30 0x8001002e
core   0: 0x8000f032 (0xfc3f2923) sw      gp, -46(t5)
core   0: 3 0x8000f032 (0xfc3f2923) mem 0x80010000 0x00000001
core   0: 0x8000f036 (0x0000bfe5) c.j     pc - 8
core   0: 3 0x8000f036 (0xbfe5)
core   0: 0x8000f02e (0x00001f17) auipc   t5, 0x1
core   0: 3 0x8000f02e (0x00001f17) x30 0x8001002e
core   0: 0x8000f032 (0xfc3f2923) sw      gp, -46(t5)
core   0: 3 0x8000f032 (0xfc3f2923) mem 0x80010000 0x00000001
core   0: 0x8000f036 (0x0000bfe5) c.j     pc - 8
core   0: 3 0x8000f036 (0xbfe5)
core   0: 0x8000f02e (0x00001f17) auipc   t5, 0x1
core   0: 3 0x8000f02e (0x00001f17) x30 0x8001002e
core   0: 0x8000f032 (0xfc3f2923) sw      gp, -46(t5)
core   0: 3 0x8000f032 (0xfc3f2923) mem 0x80010000 0x00000001
core   0: 0x8000f036 (0x0000bfe5) c.j     pc - 8
core   0: 3 0x8000f036 (0xbfe5)
core   0: 0x8000f02e (0x00001f17) auipc   t5, 0x1
core   0: 3 0x8000f02e (0x00001f17) x30 0x8001002e
core   0: 0x8000f032 (0xfc3f2923) sw      gp, -46(t5)
core   0: 3 0x8000f032 (0xfc3f2923) mem 0x80010000 0x00000001
core   0: 0x8000f036 (0x0000bfe5) c.j     pc - 8
core   0: 3 0x8000f036 (0xbfe5)
core   0: 0x8000f02e (0x00001f17) auipc   t5, 0x1
core   0: 3 0x8000f02e (0x00001f17) x30 0x8001002e
core   0: 0x8000f032 (0xfc3f2923) sw      gp, -46(t5)
core   0: 3 0x8000f032 (0xfc3f2923) mem 0x80010000 0x00000001
core   0: 0x8000f036 (0x0000bfe5) c.j     pc - 8
core   0: 3 0x8000f036 (0xbfe5)
core   0: 0x8000f02e (0x00001f17) auipc   t5, 0x1
core   0: 3 0x8000f02e (0x00001f17) x30 0x8001002e
core   0: 0x8000f032 (0xfc3f2923) sw      gp, -46(t5)
core   0: 3 0x8000f032 (0xfc3f2923) mem 0x80010000 0x00000001
core   0: 0x8000f036 (0x0000bfe5) c.j     pc - 8
core   0: 3 0x8000f036 (0xbfe5)
core   0: 0x8000f02e (0x00001f17) auipc   t5, 0x1
core   0: 3 0x8000f02e (0x00001f17) x30 0x8001002e
core   0: 0x8000f032 (0xfc3f2923) sw      gp, -46(t5)
core   0: 3 0x8000f032 (0xfc3f2923) mem 0x80010000 0x00000001
core   0: 0x8000f036 (0x0000bfe5) c.j     pc - 8
core   0: 3 0x8000f036 (0xbfe5)
core   0: 0x8000f02e (0x00001f17) auipc   t5, 0x1
core   0: 3 0x8000f02e (0x00001f17) x30 0x8001002e
core   0: 0x8000f032 (0xfc3f2923) sw      gp, -46(t5)
core   0: 3 0x8000f032 (0xfc3f2923) mem 0x80010000 0x00000001
core   0: 0x8000f036 (0x0000bfe5) c.j     pc - 8
core   0: 3 0x8000f036 (0xbfe5)
core   0: 0x8000f02e (0x00001f17) auipc   t5, 0x1
core   0: 3 0x8000f02e (0x00001f17) x30 0x8001002e
core   0: 0x8000f032 (0xfc3f2923) sw      gp, -46(t5)
core   0: 3 0x8000f032 (0xfc3f2923) mem 0x80010000 0x00000001
core   0: 0x8000f036 (0x0000bfe5) c.j     pc - 8
core   0: 3 0x8000f036 (0xbfe5)
core   0: 0x8000f02e (0x00001f17) auipc   t5, 0x1
core   0: 3 0x8000f02e (0x00001f17) x30 0x8001002e
core   0: 0x8000f032 (0xfc3f2923) sw      gp, -46(t5)
core   0: 3 0x8000f032 (0xfc3f2923) mem 0x80010000 0x00000001
core   0: 0x8000f036 (0x0000bfe5) c.j     pc - 8
core   0: 3 0x8000f036 (0xbfe5)
core   0: 0x8000f02e (0x00001f17) auipc   t5, 0x1
core   0: 3 0x8000f02e (0x00001f17) x30 0x8001002e
core   0: 0x8000f032 (0xfc3f2923) sw      gp, -46(t5)
core   0: 3 0x8000f032 (0xfc3f2923) mem 0x80010000 0x00000001
core   0: 0x8000f036 (0x0000bfe5) c.j     pc - 8
core   0: 3 0x8000f036 (0xbfe5)
core   0: 0x8000f02e (0x00001f17) auipc   t5, 0x1
core   0: 3 0x8000f02e (0x00001f17) x30 0x8001002e
core   0: 0x8000f032 (0xfc3f2923) sw      gp, -46(t5)
core   0: 3 0x8000f032 (0xfc3f2923) mem 0x80010000 0x00000001
core   0: 0x8000f036 (0x0000bfe5) c.j     pc - 8
core   0: 3 0x8000f036 (0xbfe5)
core   0: 0x8000f02e (0x00001f17) auipc   t5, 0x1
core   0: 3 0x8000f02e (0x00001f17) x30 0x8001002e
core   0: 0x8000f032 (0xfc3f2923) sw      gp, -46(t5)
core   0: 3 0x8000f032 (0xfc3f2923) mem 0x80010000 0x00000001
core   0: 0x8000f036 (0x0000bfe5) c.j     pc - 8
core   0: 3 0x8000f036 (0xbfe5)
core   0: 0x8000f02e (0x00001f17) auipc   t5, 0x1
core   0: 3 0x8000f02e (0x00001f17) x30 0x8001002e
core   0: 0x8000f032 (0xfc3f2923) sw      gp, -46(t5)
core   0: 3 0x8000f032 (0xfc3f2923) mem 0x80010000 0x00000001
core   0: 0x8000f036 (0x0000bfe5) c.j     pc - 8
core   0: 3 0x8000f036 (0xbfe5)
core   0: 0x8000f02e (0x00001f17) auipc   t5, 0x1
core   0: 3 0x8000f02e (0x00001f17) x30 0x8001002e
core   0: 0x8000f032 (0xfc3f2923) sw      gp, -46(t5)
core   0: 3 0x8000f032 (0xfc3f2923) mem 0x80010000 0x00000001
core   0: 0x8000f036 (0x0000bfe5) c.j     pc - 8
core   0: 3 0x8000f036 (0xbfe5)
core   0: 0x8000f02e (0x00001f17) auipc   t5, 0x1
core   0: 3 0x8000f02e (0x00001f17) x30 0x8001002e
core   0: 0x8000f032 (0xfc3f2923) sw      gp, -46(t5)
core   0: 3 0x8000f032 (0xfc3f2923) mem 0x80010000 0x00000001
core   0: 0x8000f036 (0x0000bfe5) c.j     pc - 8
core   0: 3 0x8000f036 (0xbfe5)
core   0: 0x8000f02e (0x00001f17) auipc   t5, 0x1
core   0: 3 0x8000f02e (0x00001f17) x30 0x8001002e
core   0: 0x8000f032 (0xfc3f2923) sw      gp, -46(t5)
core   0: 3 0x8000f032 (0xfc3f2923) mem 0x80010000 0x00000001
core   0: 0x8000f036 (0x0000bfe5) c.j     pc - 8
core   0: 3 0x8000f036 (0xbfe5)
core   0: 0x8000f02e (0x00001f17) auipc   t5, 0x1
core   0: 3 0x8000f02e (0x00001f17) x30 0x8001002e
core   0: 0x8000f032 (0xfc3f2923) sw      gp, -46(t5)
core   0: 3 0x8000f032 (0xfc3f2923) mem 0x80010000 0x00000001
core   0: 0x8000f036 (0x0000bfe5) c.j     pc - 8
core   0: 3 0x8000f036 (0xbfe5)
core   0: 0x8000f02e (0x00001f17) auipc   t5, 0x1
core   0: 3 0x8000f02e (0x00001f17) x30 0x8001002e
core   0: 0x8000f032 (0xfc3f2923) sw      gp, -46(t5)
core   0: 3 0x8000f032 (0xfc3f2923) mem 0x80010000 0x00000001
core   0: 0x8000f036 (0x0000bfe5) c.j     pc - 8
core   0: 3 0x8000f036 (0xbfe5)
core   0: 0x8000f02e (0x00001f17) auipc   t5, 0x1
core   0: 3 0x8000f02e (0x00001f17) x30 0x8001002e
core   0: 0x8000f032 (0xfc3f2923) sw      gp, -46(t5)
core   0: 3 0x8000f032 (0xfc3f2923) mem 0x80010000 0x00000001
core   0: 0x8000f036 (0x0000bfe5) c.j     pc - 8
core   0: 3 0x8000f036 (0xbfe5)
core   0: 0x8000f02e (0x00001f17) auipc   t5, 0x1
core   0: 3 0x8000f02e (0x00001f17) x30 0x8001002e
core   0: 0x8000f032 (0xfc3f2923) sw      gp, -46(t5)
core   0: 3 0x8000f032 (0xfc3f2923) mem 0x80010000 0x00000001
core   0: 0x8000f036 (0x0000bfe5) c.j     pc - 8
core   0: 3 0x8000f036 (0xbfe5)
core   0: 0x8000f02e (0x00001f17) auipc   t5, 0x1
core   0: 3 0x8000f02e (0x00001f17) x30 0x8001002e
core   0: 0x8000f032 (0xfc3f2923) sw      gp, -46(t5)
core   0: 3 0x8000f032 (0xfc3f2923) mem 0x80010000 0x00000001
core   0: 0x8000f036 (0x0000bfe5) c.j     pc - 8
core   0: 3 0x8000f036 (0xbfe5)
core   0: 0x8000f02e (0x00001f17) auipc   t5, 0x1
core   0: 3 0x8000f02e (0x00001f17) x30 0x8001002e
core   0: 0x8000f032 (0xfc3f2923) sw      gp, -46(t5)
core   0: 3 0x8000f032 (0xfc3f2923) mem 0x80010000 0x00000001
core   0: 0x8000f036 (0x0000bfe5) c.j     pc - 8
core   0: 3 0x8000f036 (0xbfe5)
core   0: 0x8000f02e (0x00001f17) auipc   t5, 0x1
core   0: 3 0x8000f02e (0x00001f17) x30 0x8001002e
core   0: 0x8000f032 (0xfc3f2923) sw      gp, -46(t5)
core   0: 3 0x8000f032 (0xfc3f2923) mem 0x80010000 0x00000001
core   0: 0x8000f036 (0x0000bfe5) c.j     pc - 8
core   0: 3 0x8000f036 (0xbfe5)
core   0: 0x8000f02e (0x00001f17) auipc   t5, 0x1
core   0: 3 0x8000f02e (0x00001f17) x30 0x8001002e
core   0: 0x8000f032 (0xfc3f2923) sw      gp, -46(t5)
core   0: 3 0x8000f032 (0xfc3f2923) mem 0x80010000 0x00000001
core   0: 0x8000f036 (0x0000bfe5) c.j     pc - 8
core   0: 3 0x8000f036 (0xbfe5)
core   0: 0x8000f02e (0x00001f17) auipc   t5, 0x1
core   0: 3 0x8000f02e (0x00001f17) x30 0x8001002e
core   0: 0x8000f032 (0xfc3f2923) sw      gp, -46(t5)
core   0: 3 0x8000f032 (0xfc3f2923) mem 0x80010000 0x00000001
core   0: 0x8000f036 (0x0000bfe5) c.j     pc - 8
core   0: 3 0x8000f036 (0xbfe5)
core   0: 0x8000f02e (0x00001f17) auipc   t5, 0x1
core   0: 3 0x8000f02e (0x00001f17) x30 0x8001002e
core   0: 0x8000f032 (0xfc3f2923) sw      gp, -46(t5)
core   0: 3 0x8000f032 (0xfc3f2923) mem 0x80010000 0x00000001
core   0: 0x8000f036 (0x0000bfe5) c.j     pc - 8
core   0: 3 0x8000f036 (0xbfe5)
core   0: 0x8000f02e (0x00001f17) auipc   t5, 0x1
core   0: 3 0x8000f02e (0x00001f17) x30 0x8001002e
core   0: 0x8000f032 (0xfc3f2923) sw      gp, -46(t5)
core   0: 3 0x8000f032 (0xfc3f2923) mem 0x80010000 0x00000001
core   0: 0x8000f036 (0x0000bfe5) c.j     pc - 8
core   0: 3 0x8000f036 (0xbfe5)
core   0: 0x8000f02e (0x00001f17) auipc   t5, 0x1
core   0: 3 0x8000f02e (0x00001f17) x30 0x8001002e
core   0: 0x8000f032 (0xfc3f2923) sw      gp, -46(t5)
core   0: 3 0x8000f032 (0xfc3f2923) mem 0x80010000 0x00000001
core   0: 0x8000f036 (0x0000bfe5) c.j     pc - 8
core   0: 3 0x8000f036 (0xbfe5)
core   0: 0x8000f02e (0x00001f17) auipc   t5, 0x1
core   0: 3 0x8000f02e (0x00001f17) x30 0x8001002e
core   0: 0x8000f032 (0xfc3f2923) sw      gp, -46(t5)
core   0: 3 0x8000f032 (0xfc3f2923) mem 0x80010000 0x00000001
core   0: 0x8000f036 (0x0000bfe5) c.j     pc - 8
core   0: 3 0x8000f036 (0xbfe5)
core   0: 0x8000f02e (0x00001f17) auipc   t5, 0x1
core   0: 3 0x8000f02e (0x00001f17) x30 0x8001002e
core   0: 0x8000f032 (0xfc3f2923) sw      gp, -46(t5)
core   0: 3 0x8000f032 (0xfc3f2923) mem 0x80010000 0x00000001
core   0: 0x8000f036 (0x0000bfe5) c.j     pc - 8
core   0: 3 0x8000f036 (0xbfe5)
core   0: 0x8000f02e (0x00001f17) auipc   t5, 0x1
core   0: 3 0x8000f02e (0x00001f17) x30 0x8001002e
core   0: 0x8000f032 (0xfc3f2923) sw      gp, -46(t5)
core   0: 3 0x8000f032 (0xfc3f2923) mem 0x80010000 0x00000001
core   0: 0x8000f036 (0x0000bfe5) c.j     pc - 8
core   0: 3 0x8000f036 (0xbfe5)
core   0: 0x8000f02e (0x00001f17) auipc   t5, 0x1
core   0: 3 0x8000f02e (0x00001f17) x30 0x8001002e
core   0: 0x8000f032 (0xfc3f2923) sw      gp, -46(t5)
core   0: 3 0x8000f032 (0xfc3f2923) mem 0x80010000 0x00000001
core   0: 0x8000f036 (0x0000bfe5) c.j     pc - 8
core   0: 3 0x8000f036 (0xbfe5)
core   0: 0x8000f02e (0x00001f17) auipc   t5, 0x1
core   0: 3 0x8000f02e (0x00001f17) x30 0x8001002e
core   0: 0x8000f032 (0xfc3f2923) sw      gp, -46(t5)
core   0: 3 0x8000f032 (0xfc3f2923) mem 0x80010000 0x00000001
core   0: 0x8000f036 (0x0000bfe5) c.j     pc - 8
core   0: 3 0x8000f036 (0xbfe5)
core   0: 0x8000f02e (0x00001f17) auipc   t5, 0x1
core   0: 3 0x8000f02e (0x00001f17) x30 0x8001002e
core   0: 0x8000f032 (0xfc3f2923) sw      gp, -46(t5)
core   0: 3 0x8000f032 (0xfc3f2923) mem 0x80010000 0x00000001
core   0: 0x8000f036 (0x0000bfe5) c.j     pc - 8
core   0: 3 0x8000f036 (0xbfe5)
core   0: 0x8000f02e (0x00001f17) auipc   t5, 0x1
core   0: 3 0x8000f02e (0x00001f17) x30 0x8001002e
core   0: 0x8000f032 (0xfc3f2923) sw      gp, -46(t5)
core   0: 3 0x8000f032 (0xfc3f2923) mem 0x80010000 0x00000001
core   0: 0x8000f036 (0x0000bfe5) c.j     pc - 8
core   0: 3 0x8000f036 (0xbfe5)
core   0: 0x8000f02e (0x00001f17) auipc   t5, 0x1
core   0: 3 0x8000f02e (0x00001f17) x30 0x8001002e
core   0: 0x8000f032 (0xfc3f2923) sw      gp, -46(t5)
core   0: 3 0x8000f032 (0xfc3f2923) mem 0x80010000 0x00000001
core   0: 0x8000f036 (0x0000bfe5) c.j     pc - 8
core   0: 3 0x8000f036 (0xbfe5)
core   0: 0x8000f02e (0x00001f17) auipc   t5, 0x1
core   0: 3 0x8000f02e (0x00001f17) x30 0x8001002e
core   0: 0x8000f032 (0xfc3f2923) sw      gp, -46(t5)
core   0: 3 0x8000f032 (0xfc3f2923) mem 0x80010000 0x00000001
core   0: 0x8000f036 (0x0000bfe5) c.j     pc - 8
core   0: 3 0x8000f036 (0xbfe5)
core   0: 0x8000f02e (0x00001f17) auipc   t5, 0x1
core   0: 3 0x8000f02e (0x00001f17) x30 0x8001002e
core   0: 0x8000f032 (0xfc3f2923) sw      gp, -46(t5)
core   0: 3 0x8000f032 (0xfc3f2923) mem 0x80010000 0x00000001
core   0: 0x8000f036 (0x0000bfe5) c.j     pc - 8
core   0: 3 0x8000f036 (0xbfe5)
core   0: 0x8000f02e (0x00001f17) auipc   t5, 0x1
core   0: 3 0x8000f02e (0x00001f17) x30 0x8001002e
core   0: 0x8000f032 (0xfc3f2923) sw      gp, -46(t5)
core   0: 3 0x8000f032 (0xfc3f2923) mem 0x80010000 0x00000001
core   0: 0x8000f036 (0x0000bfe5) c.j     pc - 8
core   0: 3 0x8000f036 (0xbfe5)
core   0: 0x8000f02e (0x00001f17) auipc   t5, 0x1
core   0: 3 0x8000f02e (0x00001f17) x30 0x8001002e
core   0: 0x8000f032 (0xfc3f2923) sw      gp, -46(t5)
core   0: 3 0x8000f032 (0xfc3f2923) mem 0x80010000 0x00000001
core   0: 0x8000f036 (0x0000bfe5) c.j     pc - 8
core   0: 3 0x8000f036 (0xbfe5)
core   0: 0x8000f02e (0x00001f17) auipc   t5, 0x1
core   0: 3 0x8000f02e (0x00001f17) x30 0x8001002e
core   0: 0x8000f032 (0xfc3f2923) sw      gp, -46(t5)
core   0: 3 0x8000f032 (0xfc3f2923) mem 0x80010000 0x00000001
core   0: 0x8000f036 (0x0000bfe5) c.j     pc - 8
core   0: 3 0x8000f036 (0xbfe5)
core   0: 0x8000f02e (0x00001f17) auipc   t5, 0x1
core   0: 3 0x8000f02e (0x00001f17) x30 0x8001002e
core   0: 0x8000f032 (0xfc3f2923) sw      gp, -46(t5)
core   0: 3 0x8000f032 (0xfc3f2923) mem 0x80010000 0x00000001
core   0: 0x8000f036 (0x0000bfe5) c.j     pc - 8
core   0: 3 0x8000f036 (0xbfe5)
core   0: 0x8000f02e (0x00001f17) auipc   t5, 0x1
core   0: 3 0x8000f02e (0x00001f17) x30 0x8001002e
core   0: 0x8000f032 (0xfc3f2923) sw      gp, -46(t5)
core   0: 3 0x8000f032 (0xfc3f2923) mem 0x80010000 0x00000001
core   0: 0x8000f036 (0x0000bfe5) c.j     pc - 8
core   0: 3 0x8000f036 (0xbfe5)
core   0: 0x8000f02e (0x00001f17) auipc   t5, 0x1
core   0: 3 0x8000f02e (0x00001f17) x30 0x8001002e
core   0: 0x8000f032 (0xfc3f2923) sw      gp, -46(t5)
core   0: 3 0x8000f032 (0xfc3f2923) mem 0x80010000 0x00000001
core   0: 0x8000f036 (0x0000bfe5) c.j     pc - 8
core   0: 3 0x8000f036 (0xbfe5)
core   0: 0x8000f02e (0x00001f17) auipc   t5, 0x1
core   0: 3 0x8000f02e (0x00001f17) x30 0x8001002e
core   0: 0x8000f032 (0xfc3f2923) sw      gp, -46(t5)
core   0: 3 0x8000f032 (0xfc3f2923) mem 0x80010000 0x00000001
core   0: 0x8000f036 (0x0000bfe5) c.j     pc - 8
core   0: 3 0x8000f036 (0xbfe5)
core   0: 0x8000f02e (0x00001f17) auipc   t5, 0x1
core   0: 3 0x8000f02e (0x00001f17) x30 0x8001002e
core   0: 0x8000f032 (0xfc3f2923) sw      gp, -46(t5)
core   0: 3 0x8000f032 (0xfc3f2923) mem 0x80010000 0x00000001
core   0: 0x8000f036 (0x0000bfe5) c.j     pc - 8
core   0: 3 0x8000f036 (0xbfe5)
core   0: 0x8000f02e (0x00001f17) auipc   t5, 0x1
core   0: 3 0x8000f02e (0x00001f17) x30 0x8001002e
core   0: 0x8000f032 (0xfc3f2923) sw      gp, -46(t5)
core   0: 3 0x8000f032 (0xfc3f2923) mem 0x80010000 0x00000001
core   0: 0x8000f036 (0x0000bfe5) c.j     pc - 8
core   0: 3 0x8000f036 (0xbfe5)
core   0: 0x8000f02e (0x00001f17) auipc   t5, 0x1
core   0: 3 0x8000f02e (0x00001f17) x30 0x8001002e
core   0: 0x8000f032 (0xfc3f2923) sw      gp, -46(t5)
core   0: 3 0x8000f032 (0xfc3f2923) mem 0x80010000 0x00000001
core   0: 0x8000f036 (0x0000bfe5) c.j     pc - 8
core   0: 3 0x8000f036 (0xbfe5)
core   0: 0x8000f02e (0x00001f17) auipc   t5, 0x1
core   0: 3 0x8000f02e (0x00001f17) x30 0x8001002e
core   0: 0x8000f032 (0xfc3f2923) sw      gp, -46(t5)
core   0: 3 0x8000f032 (0xfc3f2923) mem 0x80010000 0x00000001
core   0: 0x8000f036 (0x0000bfe5) c.j     pc - 8
core   0: 3 0x8000f036 (0xbfe5)
core   0: 0x8000f02e (0x00001f17) auipc   t5, 0x1
core   0: 3 0x8000f02e (0x00001f17) x30 0x8001002e
core   0: 0x8000f032 (0xfc3f2923) sw      gp, -46(t5)
core   0: 3 0x8000f032 (0xfc3f2923) mem 0x80010000 0x00000001
core   0: 0x8000f036 (0x0000bfe5) c.j     pc - 8
core   0: 3 0x8000f036 (0xbfe5)
core   0: 0x8000f02e (0x00001f17) auipc   t5, 0x1
core   0: 3 0x8000f02e (0x00001f17) x30 0x8001002e
core   0: 0x8000f032 (0xfc3f2923) sw      gp, -46(t5)
core   0: 3 0x8000f032 (0xfc3f2923) mem 0x80010000 0x00000001
core   0: 0x8000f036 (0x0000bfe5) c.j     pc - 8
core   0: 3 0x8000f036 (0xbfe5)
core   0: 0x8000f02e (0x00001f17) auipc   t5, 0x1
core   0: 3 0x8000f02e (0x00001f17) x30 0x8001002e
core   0: 0x8000f032 (0xfc3f2923) sw      gp, -46(t5)
core   0: 3 0x8000f032 (0xfc3f2923) mem 0x80010000 0x00000001
core   0: 0x8000f036 (0x0000bfe5) c.j     pc - 8
core   0: 3 0x8000f036 (0xbfe5)
core   0: 0x8000f02e (0x00001f17) auipc   t5, 0x1
core   0: 3 0x8000f02e (0x00001f17) x30 0x8001002e
core   0: 0x8000f032 (0xfc3f2923) sw      gp, -46(t5)
core   0: 3 0x8000f032 (0xfc3f2923) mem 0x80010000 0x00000001
core   0: 0x8000f036 (0x0000bfe5) c.j     pc - 8
core   0: 3 0x8000f036 (0xbfe5)
core   0: 0x8000f02e (0x00001f17) auipc   t5, 0x1
core   0: 3 0x8000f02e (0x00001f17) x30 0x8001002e
core   0: 0x8000f032 (0xfc3f2923) sw      gp, -46(t5)
core   0: 3 0x8000f032 (0xfc3f2923) mem 0x80010000 0x00000001
core   0: 0x8000f036 (0x0000bfe5) c.j     pc - 8
core   0: 3 0x8000f036 (0xbfe5)
core   0: 0x8000f02e (0x00001f17) auipc   t5, 0x1
core   0: 3 0x8000f02e (0x00001f17) x30 0x8001002e
core   0: 0x8000f032 (0xfc3f2923) sw      gp, -46(t5)
core   0: 3 0x8000f032 (0xfc3f2923) mem 0x80010000 0x00000001
core   0: 0x8000f036 (0x0000bfe5) c.j     pc - 8
core   0: 3 0x8000f036 (0xbfe5)
core   0: 0x8000f02e (0x00001f17) auipc   t5, 0x1
core   0: 3 0x8000f02e (0x00001f17) x30 0x8001002e
core   0: 0x8000f032 (0xfc3f2923) sw      gp, -46(t5)
core   0: 3 0x8000f032 (0xfc3f2923) mem 0x80010000 0x00000001
core   0: 0x8000f036 (0x0000bfe5) c.j     pc - 8
core   0: 3 0x8000f036 (0xbfe5)
core   0: 0x8000f02e (0x00001f17) auipc   t5, 0x1
core   0: 3 0x8000f02e (0x00001f17) x30 0x8001002e
core   0: 0x8000f032 (0xfc3f2923) sw      gp, -46(t5)
core   0: 3 0x8000f032 (0xfc3f2923) mem 0x80010000 0x00000001
core   0: 0x8000f036 (0x0000bfe5) c.j     pc - 8
core   0: 3 0x8000f036 (0xbfe5)
core   0: 0x8000f02e (0x00001f17) auipc   t5, 0x1
core   0: 3 0x8000f02e (0x00001f17) x30 0x8001002e
core   0: 0x8000f032 (0xfc3f2923) sw      gp, -46(t5)
core   0: 3 0x8000f032 (0xfc3f2923) mem 0x80010000 0x00000001
core   0: 0x8000f036 (0x0000bfe5) c.j     pc - 8
core   0: 3 0x8000f036 (0xbfe5)
core   0: 0x8000f02e (0x00001f17) auipc   t5, 0x1
core   0: 3 0x8000f02e (0x00001f17) x30 0x8001002e
core   0: 0x8000f032 (0xfc3f2923) sw      gp, -46(t5)
core   0: 3 0x8000f032 (0xfc3f2923) mem 0x80010000 0x00000001
core   0: 0x8000f036 (0x0000bfe5) c.j     pc - 8
core   0: 3 0x8000f036 (0xbfe5)
core   0: 0x8000f02e (0x00001f17) auipc   t5, 0x1
core   0: 3 0x8000f02e (0x00001f17) x30 0x8001002e
core   0: 0x8000f032 (0xfc3f2923) sw      gp, -46(t5)
core   0: 3 0x8000f032 (0xfc3f2923) mem 0x80010000 0x00000001
core   0: 0x8000f036 (0x0000bfe5) c.j     pc - 8
core   0: 3 0x8000f036 (0xbfe5)
core   0: 0x8000f02e (0x00001f17) auipc   t5, 0x1
core   0: 3 0x8000f02e (0x00001f17) x30 0x8001002e
core   0: 0x8000f032 (0xfc3f2923) sw      gp, -46(t5)
core   0: 3 0x8000f032 (0xfc3f2923) mem 0x80010000 0x00000001
core   0: 0x8000f036 (0x0000bfe5) c.j     pc - 8
core   0: 3 0x8000f036 (0xbfe5)
core   0: 0x8000f02e (0x00001f17) auipc   t5, 0x1
core   0: 3 0x8000f02e (0x00001f17) x30 0x8001002e
core   0: 0x8000f032 (0xfc3f2923) sw      gp, -46(t5)
core   0: 3 0x8000f032 (0xfc3f2923) mem 0x80010000 0x00000001
core   0: 0x8000f036 (0x0000bfe5) c.j     pc - 8
core   0: 3 0x8000f036 (0xbfe5)
core   0: 0x8000f02e (0x00001f17) auipc   t5, 0x1
core   0: 3 0x8000f02e (0x00001f17) x30 0x8001002e
core   0: 0x8000f032 (0xfc3f2923) sw      gp, -46(t5)
core   0: 3 0x8000f032 (0xfc3f2923) mem 0x80010000 0x00000001
core   0: 0x8000f036 (0x0000bfe5) c.j     pc - 8
core   0: 3 0x8000f036 (0xbfe5)
core   0: 0x8000f02e (0x00001f17) auipc   t5, 0x1
core   0: 3 0x8000f02e (0x00001f17) x30 0x8001002e
core   0: 0x8000f032 (0xfc3f2923) sw      gp, -46(t5)
core   0: 3 0x8000f032 (0xfc3f2923) mem 0x80010000 0x00000001
core   0: 0x8000f036 (0x0000bfe5) c.j     pc - 8
core   0: 3 0x8000f036 (0xbfe5)
core   0: 0x8000f02e (0x00001f17) auipc   t5, 0x1
core   0: 3 0x8000f02e (0x00001f17) x30 0x8001002e
core   0: 0x8000f032 (0xfc3f2923) sw      gp, -46(t5)
core   0: 3 0x8000f032 (0xfc3f2923) mem 0x80010000 0x00000001
core   0: 0x8000f036 (0x0000bfe5) c.j     pc - 8
core   0: 3 0x8000f036 (0xbfe5)
core   0: 0x8000f02e (0x00001f17) auipc   t5, 0x1
core   0: 3 0x8000f02e (0x00001f17) x30 0x8001002e
core   0: 0x8000f032 (0xfc3f2923) sw      gp, -46(t5)
core   0: 3 0x8000f032 (0xfc3f2923) mem 0x80010000 0x00000001
core   0: 0x8000f036 (0x0000bfe5) c.j     pc - 8
core   0: 3 0x8000f036 (0xbfe5)
core   0: 0x8000f02e (0x00001f17) auipc   t5, 0x1
core   0: 3 0x8000f02e (0x00001f17) x30 0x8001002e
core   0: 0x8000f032 (0xfc3f2923) sw      gp, -46(t5)
core   0: 3 0x8000f032 (0xfc3f2923) mem 0x80010000 0x00000001
core   0: 0x8000f036 (0x0000bfe5) c.j     pc - 8
core   0: 3 0x8000f036 (0xbfe5)
core   0: 0x8000f02e (0x00001f17) auipc   t5, 0x1
core   0: 3 0x8000f02e (0x00001f17) x30 0x8001002e
core   0: 0x8000f032 (0xfc3f2923) sw      gp, -46(t5)
core   0: 3 0x8000f032 (0xfc3f2923) mem 0x80010000 0x00000001
core   0: 0x8000f036 (0x0000bfe5) c.j     pc - 8
core   0: 3 0x8000f036 (0xbfe5)
core   0: 0x8000f02e (0x00001f17) auipc   t5, 0x1
core   0: 3 0x8000f02e (0x00001f17) x30 0x8001002e
core   0: 0x8000f032 (0xfc3f2923) sw      gp, -46(t5)
core   0: 3 0x8000f032 (0xfc3f2923) mem 0x80010000 0x00000001
core   0: 0x8000f036 (0x0000bfe5) c.j     pc - 8
core   0: 3 0x8000f036 (0xbfe5)
core   0: 0x8000f02e (0x00001f17) auipc   t5, 0x1
core   0: 3 0x8000f02e (0x00001f17) x30 0x8001002e
core   0: 0x8000f032 (0xfc3f2923) sw      gp, -46(t5)
core   0: 3 0x8000f032 (0xfc3f2923) mem 0x80010000 0x00000001
core   0: 0x8000f036 (0x0000bfe5) c.j     pc - 8
core   0: 3 0x8000f036 (0xbfe5)
core   0: 0x8000f02e (0x00001f17) auipc   t5, 0x1
core   0: 3 0x8000f02e (0x00001f17) x30 0x8001002e
core   0: 0x8000f032 (0xfc3f2923) sw      gp, -46(t5)
core   0: 3 0x8000f032 (0xfc3f2923) mem 0x80010000 0x00000001
core   0: 0x8000f036 (0x0000bfe5) c.j     pc - 8
core   0: 3 0x8000f036 (0xbfe5)
core   0: 0x8000f02e (0x00001f17) auipc   t5, 0x1
core   0: 3 0x8000f02e (0x00001f17) x30 0x8001002e
core   0: 0x8000f032 (0xfc3f2923) sw      gp, -46(t5)
core   0: 3 0x8000f032 (0xfc3f2923) mem 0x80010000 0x00000001
core   0: 0x8000f036 (0x0000bfe5) c.j     pc - 8
core   0: 3 0x8000f036 (0xbfe5)
core   0: 0x8000f02e (0x00001f17) auipc   t5, 0x1
core   0: 3 0x8000f02e (0x00001f17) x30 0x8001002e
core   0: 0x8000f032 (0xfc3f2923) sw      gp, -46(t5)
core   0: 3 0x8000f032 (0xfc3f2923) mem 0x80010000 0x00000001
core   0: 0x8000f036 (0x0000bfe5) c.j     pc - 8
core   0: 3 0x8000f036 (0xbfe5)
core   0: 0x8000f02e (0x00001f17) auipc   t5, 0x1
core   0: 3 0x8000f02e (0x00001f17) x30 0x8001002e
core   0: 0x8000f032 (0xfc3f2923) sw      gp, -46(t5)
core   0: 3 0x8000f032 (0xfc3f2923) mem 0x80010000 0x00000001
core   0: 0x8000f036 (0x0000bfe5) c.j     pc - 8
core   0: 3 0x8000f036 (0xbfe5)
core   0: 0x8000f02e (0x00001f17) auipc   t5, 0x1
core   0: 3 0x8000f02e (0x00001f17) x30 0x8001002e
core   0: 0x8000f032 (0xfc3f2923) sw      gp, -46(t5)
core   0: 3 0x8000f032 (0xfc3f2923) mem 0x80010000 0x00000001
core   0: 0x8000f036 (0x0000bfe5) c.j     pc - 8
core   0: 3 0x8000f036 (0xbfe5)
core   0: 0x8000f02e (0x00001f17) auipc   t5, 0x1
core   0: 3 0x8000f02e (0x00001f17) x30 0x8001002e
core   0: 0x8000f032 (0xfc3f2923) sw      gp, -46(t5)
core   0: 3 0x8000f032 (0xfc3f2923) mem 0x80010000 0x00000001
core   0: 0x8000f036 (0x0000bfe5) c.j     pc - 8
core   0: 3 0x8000f036 (0xbfe5)
core   0: 0x8000f02e (0x00001f17) auipc   t5, 0x1
core   0: 3 0x8000f02e (0x00001f17) x30 0x8001002e
core   0: 0x8000f032 (0xfc3f2923) sw      gp, -46(t5)
core   0: 3 0x8000f032 (0xfc3f2923) mem 0x80010000 0x00000001
core   0: 0x8000f036 (0x0000bfe5) c.j     pc - 8
core   0: 3 0x8000f036 (0xbfe5)
core   0: 0x8000f02e (0x00001f17) auipc   t5, 0x1
core   0: 3 0x8000f02e (0x00001f17) x30 0x8001002e
core   0: 0x8000f032 (0xfc3f2923) sw      gp, -46(t5)
core   0: 3 0x8000f032 (0xfc3f2923) mem 0x80010000 0x00000001
core   0: 0x8000f036 (0x0000bfe5) c.j     pc - 8
core   0: 3 0x8000f036 (0xbfe5)
core   0: 0x8000f02e (0x00001f17) auipc   t5, 0x1
core   0: 3 0x8000f02e (0x00001f17) x30 0x8001002e
core   0: 0x8000f032 (0xfc3f2923) sw      gp, -46(t5)
core   0: 3 0x8000f032 (0xfc3f2923) mem 0x80010000 0x00000001
core   0: 0x8000f036 (0x0000bfe5) c.j     pc - 8
core   0: 3 0x8000f036 (0xbfe5)
core   0: 0x8000f02e (0x00001f17) auipc   t5, 0x1
core   0: 3 0x8000f02e (0x00001f17) x30 0x8001002e
core   0: 0x8000f032 (0xfc3f2923) sw      gp, -46(t5)
core   0: 3 0x8000f032 (0xfc3f2923) mem 0x80010000 0x00000001
core   0: 0x8000f036 (0x0000bfe5) c.j     pc - 8
core   0: 3 0x8000f036 (0xbfe5)
core   0: 0x8000f02e (0x00001f17) auipc   t5, 0x1
core   0: 3 0x8000f02e (0x00001f17) x30 0x8001002e
core   0: 0x8000f032 (0xfc3f2923) sw      gp, -46(t5)
core   0: 3 0x8000f032 (0xfc3f2923) mem 0x80010000 0x00000001
core   0: 0x8000f036 (0x0000bfe5) c.j     pc - 8
core   0: 3 0x8000f036 (0xbfe5)
core   0: 0x8000f02e (0x00001f17) auipc   t5, 0x1
core   0: 3 0x8000f02e (0x00001f17) x30 0x8001002e
core   0: 0x8000f032 (0xfc3f2923) sw      gp, -46(t5)
core   0: 3 0x8000f032 (0xfc3f2923) mem 0x80010000 0x00000001
core   0: 0x8000f036 (0x0000bfe5) c.j     pc - 8
core   0: 3 0x8000f036 (0xbfe5)
core   0: 0x8000f02e (0x00001f17) auipc   t5, 0x1
core   0: 3 0x8000f02e (0x00001f17) x30 0x8001002e
core   0: 0x8000f032 (0xfc3f2923) sw      gp, -46(t5)
core   0: 3 0x8000f032 (0xfc3f2923) mem 0x80010000 0x00000001
core   0: 0x8000f036 (0x0000bfe5) c.j     pc - 8
core   0: 3 0x8000f036 (0xbfe5)
core   0: 0x8000f02e (0x00001f17) auipc   t5, 0x1
core   0: 3 0x8000f02e (0x00001f17) x30 0x8001002e
core   0: 0x8000f032 (0xfc3f2923) sw      gp, -46(t5)
core   0: 3 0x8000f032 (0xfc3f2923) mem 0x80010000 0x00000001
core   0: 0x8000f036 (0x0000bfe5) c.j     pc - 8
core   0: 3 0x8000f036 (0xbfe5)
core   0: 0x8000f02e (0x00001f17) auipc   t5, 0x1
core   0: 3 0x8000f02e (0x00001f17) x30 0x8001002e
core   0: 0x8000f032 (0xfc3f2923) sw      gp, -46(t5)
core   0: 3 0x8000f032 (0xfc3f2923) mem 0x80010000 0x00000001
core   0: 0x8000f036 (0x0000bfe5) c.j     pc - 8
core   0: 3 0x8000f036 (0xbfe5)
core   0: 0x8000f02e (0x00001f17) auipc   t5, 0x1
core   0: 3 0x8000f02e (0x00001f17) x30 0x8001002e
core   0: 0x8000f032 (0xfc3f2923) sw      gp, -46(t5)
core   0: 3 0x8000f032 (0xfc3f2923) mem 0x80010000 0x00000001
core   0: 0x8000f036 (0x0000bfe5) c.j     pc - 8
core   0: 3 0x8000f036 (0xbfe5)
core   0: 0x8000f02e (0x00001f17) auipc   t5, 0x1
core   0: 3 0x8000f02e (0x00001f17) x30 0x8001002e
core   0: 0x8000f032 (0xfc3f2923) sw      gp, -46(t5)
core   0: 3 0x8000f032 (0xfc3f2923) mem 0x80010000 0x00000001
core   0: 0x8000f036 (0x0000bfe5) c.j     pc - 8
core   0: 3 0x8000f036 (0xbfe5)
core   0: 0x8000f02e (0x00001f17) auipc   t5, 0x1
core   0: 3 0x8000f02e (0x00001f17) x30 0x8001002e
core   0: 0x8000f032 (0xfc3f2923) sw      gp, -46(t5)
core   0: 3 0x8000f032 (0xfc3f2923) mem 0x80010000 0x00000001
core   0: 0x8000f036 (0x0000bfe5) c.j     pc - 8
core   0: 3 0x8000f036 (0xbfe5)
core   0: 0x8000f02e (0x00001f17) auipc   t5, 0x1
core   0: 3 0x8000f02e (0x00001f17) x30 0x8001002e
core   0: 0x8000f032 (0xfc3f2923) sw      gp, -46(t5)
core   0: 3 0x8000f032 (0xfc3f2923) mem 0x80010000 0x00000001
core   0: 0x8000f036 (0x0000bfe5) c.j     pc - 8
core   0: 3 0x8000f036 (0xbfe5)
core   0: 0x8000f02e (0x00001f17) auipc   t5, 0x1
core   0: 3 0x8000f02e (0x00001f17) x30 0x8001002e
core   0: 0x8000f032 (0xfc3f2923) sw      gp, -46(t5)
core   0: 3 0x8000f032 (0xfc3f2923) mem 0x80010000 0x00000001
core   0: 0x8000f036 (0x0000bfe5) c.j     pc - 8
core   0: 3 0x8000f036 (0xbfe5)
core   0: 0x8000f02e (0x00001f17) auipc   t5, 0x1
core   0: 3 0x8000f02e (0x00001f17) x30 0x8001002e
core   0: 0x8000f032 (0xfc3f2923) sw      gp, -46(t5)
core   0: 3 0x8000f032 (0xfc3f2923) mem 0x80010000 0x00000001
core   0: 0x8000f036 (0x0000bfe5) c.j     pc - 8
core   0: 3 0x8000f036 (0xbfe5)
core   0: 0x8000f02e (0x00001f17) auipc   t5, 0x1
core   0: 3 0x8000f02e (0x00001f17) x30 0x8001002e
core   0: 0x8000f032 (0xfc3f2923) sw      gp, -46(t5)
core   0: 3 0x8000f032 (0xfc3f2923) mem 0x80010000 0x00000001
core   0: 0x8000f036 (0x0000bfe5) c.j     pc - 8
core   0: 3 0x8000f036 (0xbfe5)
core   0: 0x8000f02e (0x00001f17) auipc   t5, 0x1
core   0: 3 0x8000f02e (0x00001f17) x30 0x8001002e
core   0: 0x8000f032 (0xfc3f2923) sw      gp, -46(t5)
core   0: 3 0x8000f032 (0xfc3f2923) mem 0x80010000 0x00000001
core   0: 0x8000f036 (0x0000bfe5) c.j     pc - 8
core   0: 3 0x8000f036 (0xbfe5)
core   0: 0x8000f02e (0x00001f17) auipc   t5, 0x1
core   0: 3 0x8000f02e (0x00001f17) x30 0x8001002e
core   0: 0x8000f032 (0xfc3f2923) sw      gp, -46(t5)
core   0: 3 0x8000f032 (0xfc3f2923) mem 0x80010000 0x00000001
core   0: 0x8000f036 (0x0000bfe5) c.j     pc - 8
core   0: 3 0x8000f036 (0xbfe5)
core   0: 0x8000f02e (0x00001f17) auipc   t5, 0x1
core   0: 3 0x8000f02e (0x00001f17) x30 0x8001002e
core   0: 0x8000f032 (0xfc3f2923) sw      gp, -46(t5)
core   0: 3 0x8000f032 (0xfc3f2923) mem 0x80010000 0x00000001
core   0: 0x8000f036 (0x0000bfe5) c.j     pc - 8
core   0: 3 0x8000f036 (0xbfe5)
core   0: 0x8000f02e (0x00001f17) auipc   t5, 0x1
core   0: 3 0x8000f02e (0x00001f17) x30 0x8001002e
core   0: 0x8000f032 (0xfc3f2923) sw      gp, -46(t5)
core   0: 3 0x8000f032 (0xfc3f2923) mem 0x80010000 0x00000001
core   0: 0x8000f036 (0x0000bfe5) c.j     pc - 8
core   0: 3 0x8000f036 (0xbfe5)
core   0: 0x8000f02e (0x00001f17) auipc   t5, 0x1
core   0: 3 0x8000f02e (0x00001f17) x30 0x8001002e
core   0: 0x8000f032 (0xfc3f2923) sw      gp, -46(t5)
core   0: 3 0x8000f032 (0xfc3f2923) mem 0x80010000 0x00000001
core   0: 0x8000f036 (0x0000bfe5) c.j     pc - 8
core   0: 3 0x8000f036 (0xbfe5)
core   0: 0x8000f02e (0x00001f17) auipc   t5, 0x1
core   0: 3 0x8000f02e (0x00001f17) x30 0x8001002e
core   0: 0x8000f032 (0xfc3f2923) sw      gp, -46(t5)
core   0: 3 0x8000f032 (0xfc3f2923) mem 0x80010000 0x00000001
core   0: 0x8000f036 (0x0000bfe5) c.j     pc - 8
core   0: 3 0x8000f036 (0xbfe5)
core   0: 0x8000f02e (0x00001f17) auipc   t5, 0x1
core   0: 3 0x8000f02e (0x00001f17) x30 0x8001002e
core   0: 0x8000f032 (0xfc3f2923) sw      gp, -46(t5)
core   0: 3 0x8000f032 (0xfc3f2923) mem 0x80010000 0x00000001
core   0: 0x8000f036 (0x0000bfe5) c.j     pc - 8
core   0: 3 0x8000f036 (0xbfe5)
core   0: 0x8000f02e (0x00001f17) auipc   t5, 0x1
core   0: 3 0x8000f02e (0x00001f17) x30 0x8001002e
core   0: 0x8000f032 (0xfc3f2923) sw      gp, -46(t5)
core   0: 3 0x8000f032 (0xfc3f2923) mem 0x80010000 0x00000001
core   0: 0x8000f036 (0x0000bfe5) c.j     pc - 8
core   0: 3 0x8000f036 (0xbfe5)
core   0: 0x8000f02e (0x00001f17) auipc   t5, 0x1
core   0: 3 0x8000f02e (0x00001f17) x30 0x8001002e
core   0: 0x8000f032 (0xfc3f2923) sw      gp, -46(t5)
core   0: 3 0x8000f032 (0xfc3f2923) mem 0x80010000 0x00000001
core   0: 0x8000f036 (0x0000bfe5) c.j     pc - 8
core   0: 3 0x8000f036 (0xbfe5)
core   0: 0x8000f02e (0x00001f17) auipc   t5, 0x1
core   0: 3 0x8000f02e (0x00001f17) x30 0x8001002e
core   0: 0x8000f032 (0xfc3f2923) sw      gp, -46(t5)
core   0: 3 0x8000f032 (0xfc3f2923) mem 0x80010000 0x00000001
core   0: 0x8000f036 (0x0000bfe5) c.j     pc - 8
core   0: 3 0x8000f036 (0xbfe5)
core   0: 0x8000f02e (0x00001f17) auipc   t5, 0x1
core   0: 3 0x8000f02e (0x00001f17) x30 0x8001002e
core   0: 0x8000f032 (0xfc3f2923) sw      gp, -46(t5)
core   0: 3 0x8000f032 (0xfc3f2923) mem 0x80010000 0x00000001
core   0: 0x8000f036 (0x0000bfe5) c.j     pc - 8
core   0: 3 0x8000f036 (0xbfe5)
core   0: 0x8000f02e (0x00001f17) auipc   t5, 0x1
core   0: 3 0x8000f02e (0x00001f17) x30 0x8001002e
core   0: 0x8000f032 (0xfc3f2923) sw      gp, -46(t5)
core   0: 3 0x8000f032 (0xfc3f2923) mem 0x80010000 0x00000001
core   0: 0x8000f036 (0x0000bfe5) c.j     pc - 8
core   0: 3 0x8000f036 (0xbfe5)
core   0: 0x8000f02e (0x00001f17) auipc   t5, 0x1
core   0: 3 0x8000f02e (0x00001f17) x30 0x8001002e
core   0: 0x8000f032 (0xfc3f2923) sw      gp, -46(t5)
core   0: 3 0x8000f032 (0xfc3f2923) mem 0x80010000 0x00000001
core   0: 0x8000f036 (0x0000bfe5) c.j     pc - 8
core   0: 3 0x8000f036 (0xbfe5)
core   0: 0x8000f02e (0x00001f17) auipc   t5, 0x1
core   0: 3 0x8000f02e (0x00001f17) x30 0x8001002e
core   0: 0x8000f032 (0xfc3f2923) sw      gp, -46(t5)
core   0: 3 0x8000f032 (0xfc3f2923) mem 0x80010000 0x00000001
core   0: 0x8000f036 (0x0000bfe5) c.j     pc - 8
core   0: 3 0x8000f036 (0xbfe5)
core   0: 0x8000f02e (0x00001f17) auipc   t5, 0x1
core   0: 3 0x8000f02e (0x00001f17) x30 0x8001002e
core   0: 0x8000f032 (0xfc3f2923) sw      gp, -46(t5)
core   0: 3 0x8000f032 (0xfc3f2923) mem 0x80010000 0x00000001
core   0: 0x8000f036 (0x0000bfe5) c.j     pc - 8
core   0: 3 0x8000f036 (0xbfe5)
core   0: 0x8000f02e (0x00001f17) auipc   t5, 0x1
core   0: 3 0x8000f02e (0x00001f17) x30 0x8001002e
core   0: 0x8000f032 (0xfc3f2923) sw      gp, -46(t5)
core   0: 3 0x8000f032 (0xfc3f2923) mem 0x80010000 0x00000001
core   0: 0x8000f036 (0x0000bfe5) c.j     pc - 8
core   0: 3 0x8000f036 (0xbfe5)
core   0: 0x8000f02e (0x00001f17) auipc   t5, 0x1
core   0: 3 0x8000f02e (0x00001f17) x30 0x8001002e
core   0: 0x8000f032 (0xfc3f2923) sw      gp, -46(t5)
core   0: 3 0x8000f032 (0xfc3f2923) mem 0x80010000 0x00000001
core   0: 0x8000f036 (0x0000bfe5) c.j     pc - 8
core   0: 3 0x8000f036 (0xbfe5)
core   0: 0x8000f02e (0x00001f17) auipc   t5, 0x1
core   0: 3 0x8000f02e (0x00001f17) x30 0x8001002e
core   0: 0x8000f032 (0xfc3f2923) sw      gp, -46(t5)
core   0: 3 0x8000f032 (0xfc3f2923) mem 0x80010000 0x00000001
core   0: 0x8000f036 (0x0000bfe5) c.j     pc - 8
core   0: 3 0x8000f036 (0xbfe5)
core   0: 0x8000f02e (0x00001f17) auipc   t5, 0x1
core   0: 3 0x8000f02e (0x00001f17) x30 0x8001002e
core   0: 0x8000f032 (0xfc3f2923) sw      gp, -46(t5)
core   0: 3 0x8000f032 (0xfc3f2923) mem 0x80010000 0x00000001
core   0: 0x8000f036 (0x0000bfe5) c.j     pc - 8
core   0: 3 0x8000f036 (0xbfe5)
core   0: 0x8000f02e (0x00001f17) auipc   t5, 0x1
core   0: 3 0x8000f02e (0x00001f17) x30 0x8001002e
core   0: 0x8000f032 (0xfc3f2923) sw      gp, -46(t5)
core   0: 3 0x8000f032 (0xfc3f2923) mem 0x80010000 0x00000001
core   0: 0x8000f036 (0x0000bfe5) c.j     pc - 8
core   0: 3 0x8000f036 (0xbfe5)
core   0: 0x8000f02e (0x00001f17) auipc   t5, 0x1
core   0: 3 0x8000f02e (0x00001f17) x30 0x8001002e
core   0: 0x8000f032 (0xfc3f2923) sw      gp, -46(t5)
core   0: 3 0x8000f032 (0xfc3f2923) mem 0x80010000 0x00000001
core   0: 0x8000f036 (0x0000bfe5) c.j     pc - 8
core   0: 3 0x8000f036 (0xbfe5)
core   0: 0x8000f02e (0x00001f17) auipc   t5, 0x1
core   0: 3 0x8000f02e (0x00001f17) x30 0x8001002e
core   0: 0x8000f032 (0xfc3f2923) sw      gp, -46(t5)
core   0: 3 0x8000f032 (0xfc3f2923) mem 0x80010000 0x00000001
core   0: 0x8000f036 (0x0000bfe5) c.j     pc - 8
core   0: 3 0x8000f036 (0xbfe5)
core   0: 0x8000f02e (0x00001f17) auipc   t5, 0x1
core   0: 3 0x8000f02e (0x00001f17) x30 0x8001002e
core   0: 0x8000f032 (0xfc3f2923) sw      gp, -46(t5)
core   0: 3 0x8000f032 (0xfc3f2923) mem 0x80010000 0x00000001
core   0: 0x8000f036 (0x0000bfe5) c.j     pc - 8
core   0: 3 0x8000f036 (0xbfe5)
core   0: 0x8000f02e (0x00001f17) auipc   t5, 0x1
core   0: 3 0x8000f02e (0x00001f17) x30 0x8001002e
core   0: 0x8000f032 (0xfc3f2923) sw      gp, -46(t5)
core   0: 3 0x8000f032 (0xfc3f2923) mem 0x80010000 0x00000001
core   0: 0x8000f036 (0x0000bfe5) c.j     pc - 8
core   0: 3 0x8000f036 (0xbfe5)
core   0: 0x8000f02e (0x00001f17) auipc   t5, 0x1
core   0: 3 0x8000f02e (0x00001f17) x30 0x8001002e
core   0: 0x8000f032 (0xfc3f2923) sw      gp, -46(t5)
core   0: 3 0x8000f032 (0xfc3f2923) mem 0x80010000 0x00000001
core   0: 0x8000f036 (0x0000bfe5) c.j     pc - 8
core   0: 3 0x8000f036 (0xbfe5)
core   0: 0x8000f02e (0x00001f17) auipc   t5, 0x1
core   0: 3 0x8000f02e (0x00001f17) x30 0x8001002e
core   0: 0x8000f032 (0xfc3f2923) sw      gp, -46(t5)
core   0: 3 0x8000f032 (0xfc3f2923) mem 0x80010000 0x00000001
core   0: 0x8000f036 (0x0000bfe5) c.j     pc - 8
core   0: 3 0x8000f036 (0xbfe5)
core   0: 0x8000f02e (0x00001f17) auipc   t5, 0x1
core   0: 3 0x8000f02e (0x00001f17) x30 0x8001002e
core   0: 0x8000f032 (0xfc3f2923) sw      gp, -46(t5)
core   0: 3 0x8000f032 (0xfc3f2923) mem 0x80010000 0x00000001
core   0: 0x8000f036 (0x0000bfe5) c.j     pc - 8
core   0: 3 0x8000f036 (0xbfe5)
core   0: 0x8000f02e (0x00001f17) auipc   t5, 0x1
core   0: 3 0x8000f02e (0x00001f17) x30 0x8001002e
core   0: 0x8000f032 (0xfc3f2923) sw      gp, -46(t5)
core   0: 3 0x8000f032 (0xfc3f2923) mem 0x80010000 0x00000001
core   0: 0x8000f036 (0x0000bfe5) c.j     pc - 8
core   0: 3 0x8000f036 (0xbfe5)
core   0: 0x8000f02e (0x00001f17) auipc   t5, 0x1
core   0: 3 0x8000f02e (0x00001f17) x30 0x8001002e
core   0: 0x8000f032 (0xfc3f2923) sw      gp, -46(t5)
core   0: 3 0x8000f032 (0xfc3f2923) mem 0x80010000 0x00000001
core   0: 0x8000f036 (0x0000bfe5) c.j     pc - 8
core   0: 3 0x8000f036 (0xbfe5)
core   0: 0x8000f02e (0x00001f17) auipc   t5, 0x1
core   0: 3 0x8000f02e (0x00001f17) x30 0x8001002e
core   0: 0x8000f032 (0xfc3f2923) sw      gp, -46(t5)
core   0: 3 0x8000f032 (0xfc3f2923) mem 0x80010000 0x00000001
core   0: 0x8000f036 (0x0000bfe5) c.j     pc - 8
core   0: 3 0x8000f036 (0xbfe5)
core   0: 0x8000f02e (0x00001f17) auipc   t5, 0x1
core   0: 3 0x8000f02e (0x00001f17) x30 0x8001002e
core   0: 0x8000f032 (0xfc3f2923) sw      gp, -46(t5)
core   0: 3 0x8000f032 (0xfc3f2923) mem 0x80010000 0x00000001
core   0: 0x8000f036 (0x0000bfe5) c.j     pc - 8
core   0: 3 0x8000f036 (0xbfe5)
core   0: 0x8000f02e (0x00001f17) auipc   t5, 0x1
core   0: 3 0x8000f02e (0x00001f17) x30 0x8001002e
core   0: 0x8000f032 (0xfc3f2923) sw      gp, -46(t5)
core   0: 3 0x8000f032 (0xfc3f2923) mem 0x80010000 0x00000001
core   0: 0x8000f036 (0x0000bfe5) c.j     pc - 8
core   0: 3 0x8000f036 (0xbfe5)
core   0: 0x8000f02e (0x00001f17) auipc   t5, 0x1
core   0: 3 0x8000f02e (0x00001f17) x30 0x8001002e
core   0: 0x8000f032 (0xfc3f2923) sw      gp, -46(t5)
core   0: 3 0x8000f032 (0xfc3f2923) mem 0x80010000 0x00000001
core   0: 0x8000f036 (0x0000bfe5) c.j     pc - 8
core   0: 3 0x8000f036 (0xbfe5)
core   0: 0x8000f02e (0x00001f17) auipc   t5, 0x1
core   0: 3 0x8000f02e (0x00001f17) x30 0x8001002e
core   0: 0x8000f032 (0xfc3f2923) sw      gp, -46(t5)
core   0: 3 0x8000f032 (0xfc3f2923) mem 0x80010000 0x00000001
core   0: 0x8000f036 (0x0000bfe5) c.j     pc - 8
core   0: 3 0x8000f036 (0xbfe5)
core   0: 0x8000f02e (0x00001f17) auipc   t5, 0x1
core   0: 3 0x8000f02e (0x00001f17) x30 0x8001002e
core   0: 0x8000f032 (0xfc3f2923) sw      gp, -46(t5)
core   0: 3 0x8000f032 (0xfc3f2923) mem 0x80010000 0x00000001
core   0: 0x8000f036 (0x0000bfe5) c.j     pc - 8
core   0: 3 0x8000f036 (0xbfe5)
core   0: 0x8000f02e (0x00001f17) auipc   t5, 0x1
core   0: 3 0x8000f02e (0x00001f17) x30 0x8001002e
core   0: 0x8000f032 (0xfc3f2923) sw      gp, -46(t5)
core   0: 3 0x8000f032 (0xfc3f2923) mem 0x80010000 0x00000001
core   0: 0x8000f036 (0x0000bfe5) c.j     pc - 8
core   0: 3 0x8000f036 (0xbfe5)
core   0: 0x8000f02e (0x00001f17) auipc   t5, 0x1
core   0: 3 0x8000f02e (0x00001f17) x30 0x8001002e
core   0: 0x8000f032 (0xfc3f2923) sw      gp, -46(t5)
core   0: 3 0x8000f032 (0xfc3f2923) mem 0x80010000 0x00000001
core   0: 0x8000f036 (0x0000bfe5) c.j     pc - 8
core   0: 3 0x8000f036 (0xbfe5)
core   0: 0x8000f02e (0x00001f17) auipc   t5, 0x1
core   0: 3 0x8000f02e (0x00001f17) x30 0x8001002e
core   0: 0x8000f032 (0xfc3f2923) sw      gp, -46(t5)
core   0: 3 0x8000f032 (0xfc3f2923) mem 0x80010000 0x00000001
