core   0: 0x00001000 (0x00000297) auipc   t0, 0x0
core   0: 3 0x00001000 (0x00000297) x 5 0x00001000
core   0: 0x00001004 (0x02028593) addi    a1, t0, 32
core   0: 3 0x00001004 (0x02028593) x11 0x00001020
core   0: 0x00001008 (0xf1402573) csrr    a0, mhartid
core   0: 3 0x00001008 (0xf1402573) x10 0x00000000
core   0: 0x0000100c (0x0182a283) lw      t0, 24(t0)
core   0: 3 0x0000100c (0x0182a283) x 5 0x80000000 mem 0x00001018
core   0: 0x00001010 (0x00028067) jr      t0
core   0: 3 0x00001010 (0x00028067)
core   0: 0x80000000 (0xf14022f3) csrr    t0, mhartid
core   0: 3 0x80000000 (0xf14022f3) x 5 0x00000000
core   0: 0x80000004 (0x00004301) c.li    t1, 0
core   0: 3 0x80000004 (0x4301) x 6 0x00000000
core   0: 0x80000006 (0x00628263) beq     t0, t1, pc + 4
core   0: 3 0x80000006 (0x00628263)
core   0: 0x8000000a (0x00000c97) auipc   s9, 0x0
core   0: 3 0x8000000a (0x00000c97) x25 0x8000000a
core   0: 0x8000000e (0x00cc8c93) addi    s9, s9, 12
core   0: 3 0x8000000e (0x00cc8c93) x25 0x80000016
core   0: 0x80000012 (0x000c8067) jr      s9
core   0: 3 0x80000012 (0x000c8067)
core   0: 0x80000016 (0x40001eb7) lui     t4, 0x40001
core   0: 3 0x80000016 (0x40001eb7) x29 0x40001000
core   0: 0x8000001a (0x104e8e93) addi    t4, t4, 260
core   0: 3 0x8000001a (0x104e8e93) x29 0x40001104
core   0: 0x8000001e (0x301e9073) csrw    misa, t4
core   0: 3 0x8000001e (0x301e9073) c769_misa 0x40141104
core   0: 0x80000022 (0x0002a717) auipc   a4, 0x2a
core   0: 3 0x80000022 (0x0002a717) x14 0x8002a022
core   0: 0x80000026 (0xcc270713) addi    a4, a4, -830
core   0: 3 0x80000026 (0xcc270713) x14 0x80029ce4
core   0: 0x8000002a (0x0000fe97) auipc   t4, 0xf
core   0: 3 0x8000002a (0x0000fe97) x29 0x8000f02a
core   0: 0x8000002e (0xddee8e93) addi    t4, t4, -546
core   0: 3 0x8000002e (0xddee8e93) x29 0x8000ee08
core   0: 0x80000032 (0x000eee93) ori     t4, t4, 0
core   0: 3 0x80000032 (0x000eee93) x29 0x8000ee08
core   0: 0x80000036 (0x305e9073) csrw    mtvec, t4
core   0: 3 0x80000036 (0x305e9073) c773_mtvec 0x8000ee08
core   0: 0x8000003a (0x00000e97) auipc   t4, 0x0
core   0: 3 0x8000003a (0x00000e97) x29 0x8000003a
core   0: 0x8000003e (0x024e8e93) addi    t4, t4, 36
core   0: 3 0x8000003e (0x024e8e93) x29 0x8000005e
core   0: 0x80000042 (0x341e9073) csrw    mepc, t4
core   0: 3 0x80000042 (0x341e9073) c833_mepc 0x8000005e
core   0: 0x80000046 (0x00000001) c.nop
core   0: 3 0x80000046 (0x0001)
core   0: 0x80000048 (0x00002eb7) lui     t4, 0x2
core   0: 3 0x80000048 (0x00002eb7) x29 0x00002000
core   0: 0x8000004c (0x800e8e93) addi    t4, t4, -2048
core   0: 3 0x8000004c (0x800e8e93) x29 0x00001800
core   0: 0x80000050 (0x300e9073) csrw    mstatus, t4
core   0: 3 0x80000050 (0x300e9073) c768_mstatus 0x00001800
core   0: 0x80000054 (0x00004e81) c.li    t4, 0
core   0: 3 0x80000054 (0x4e81) x29 0x00000000
core   0: 0x80000056 (0x304e9073) csrw    mie, t4
core   0: 3 0x80000056 (0x304e9073) c772_mie 0x00000000
core   0: 0x8000005a (0x30200073) mret
core   0: 3 0x8000005a (0x30200073) c768_mstatus 0x00000080
core   0: >>>>  init
core   0: 0x8000005e (0x620bd037) lui     zero, 0x620bd
core   0: 3 0x8000005e (0x620bd037)
core   0: 0x80000062 (0x3d400013) li      zero, 980
core   0: 3 0x80000062 (0x3d400013)
core   0: 0x80000066 (0x800000b7) lui     ra, 0x80000
core   0: 3 0x80000066 (0x800000b7) x 1 0x80000000
core   0: 0x8000006a (0x80000137) lui     sp, 0x80000
core   0: 3 0x8000006a (0x80000137) x 2 0x80000000
core   0: 0x8000006e (0xfec7c1b7) lui     gp, 0xfec7c
core   0: 3 0x8000006e (0xfec7c1b7) x 3 0xfec7c000
core   0: 0x80000072 (0xabd18193) addi    gp, gp, -1347
core   0: 3 0x80000072 (0xabd18193) x 3 0xfec7babd
core   0: 0x80000076 (0xa7a19237) lui     tp, 0xa7a19
core   0: 3 0x80000076 (0xa7a19237) x 4 0xa7a19000
core   0: 0x8000007a (0x85f20213) addi    tp, tp, -1953
core   0: 3 0x8000007a (0x85f20213) x 4 0xa7a1885f
core   0: 0x8000007e (0xfb01b2b7) lui     t0, 0xfb01b
core   0: 3 0x8000007e (0xfb01b2b7) x 5 0xfb01b000
core   0: 0x80000082 (0xef628293) addi    t0, t0, -266
core   0: 3 0x80000082 (0xef628293) x 5 0xfb01aef6
core   0: 0x80000086 (0x00004301) c.li    t1, 0
core   0: 3 0x80000086 (0x4301) x 6 0x00000000
core   0: 0x80000088 (0x000043ad) c.li    t2, 11
core   0: 3 0x80000088 (0x43ad) x 7 0x0000000b
core   0: 0x8000008a (0x00004401) c.li    s0, 0
core   0: 3 0x8000008a (0x4401) x 8 0x00000000
core   0: 0x8000008c (0x00004481) c.li    s1, 0
core   0: 3 0x8000008c (0x4481) x 9 0x00000000
core   0: 0x8000008e (0x00004535) c.li    a0, 13
core   0: 3 0x8000008e (0x4535) x10 0x0000000d
core   0: 0x80000090 (0xf1f355b7) lui     a1, 0xf1f35
core   0: 3 0x80000090 (0xf1f355b7) x11 0xf1f35000
core   0: 0x80000094 (0x3e358593) addi    a1, a1, 995
core   0: 3 0x80000094 (0x3e358593) x11 0xf1f353e3
core   0: 0x80000098 (0xddcfd637) lui     a2, 0xddcfd
core   0: 3 0x80000098 (0xddcfd637) x12 0xddcfd000
core   0: 0x8000009c (0xecb60613) addi    a2, a2, -309
core   0: 3 0x8000009c (0xecb60613) x12 0xddcfcecb
core   0: 0x800000a0 (0x00004695) c.li    a3, 5
core   0: 3 0x800000a0 (0x4695) x13 0x00000005
core   0: 0x800000a2 (0x0f06e7b7) lui     a5, 0xf06e
core   0: 3 0x800000a2 (0x0f06e7b7) x15 0x0f06e000
core   0: 0x800000a6 (0x12e78793) addi    a5, a5, 302
core   0: 3 0x800000a6 (0x12e78793) x15 0x0f06e12e
core   0: 0x800000aa (0xfacca837) lui     a6, 0xfacca
core   0: 3 0x800000aa (0xfacca837) x16 0xfacca000
core   0: 0x800000ae (0xfb580813) addi    a6, a6, -75
core   0: 3 0x800000ae (0xfb580813) x16 0xfacc9fb5
core   0: 0x800000b2 (0x78c3c937) lui     s2, 0x78c3c
core   0: 3 0x800000b2 (0x78c3c937) x18 0x78c3c000
core   0: 0x800000b6 (0x00190913) addi    s2, s2, 1
core   0: 3 0x800000b6 (0x00190913) x18 0x78c3c001
core   0: 0x800000ba (0xf20d29b7) lui     s3, 0xf20d2
core   0: 3 0x800000ba (0xf20d29b7) x19 0xf20d2000
core   0: 0x800000be (0x88498993) addi    s3, s3, -1916
core   0: 3 0x800000be (0x88498993) x19 0xf20d1884
core   0: 0x800000c2 (0xf52c8a37) lui     s4, 0xf52c8
core   0: 3 0x800000c2 (0xf52c8a37) x20 0xf52c8000
core   0: 0x800000c6 (0x5caa0a13) addi    s4, s4, 1482
core   0: 3 0x800000c6 (0x5caa0a13) x20 0xf52c85ca
core   0: 0x800000ca (0x00004a81) c.li    s5, 0
core   0: 3 0x800000ca (0x4a81) x21 0x00000000
core   0: 0x800000cc (0x00004b01) c.li    s6, 0
core   0: 3 0x800000cc (0x4b01) x22 0x00000000
core   0: 0x800000ce (0x80000bb7) lui     s7, 0x80000
core   0: 3 0x800000ce (0x80000bb7) x23 0x80000000
core   0: 0x800000d2 (0xffdfbc37) lui     s8, 0xffdfb
core   0: 3 0x800000d2 (0xffdfbc37) x24 0xffdfb000
core   0: 0x800000d6 (0x4bfc0c13) addi    s8, s8, 1215
core   0: 3 0x800000d6 (0x4bfc0c13) x24 0xffdfb4bf
core   0: 0x800000da (0x80000cb7) lui     s9, 0x80000
core   0: 3 0x800000da (0x80000cb7) x25 0x80000000
core   0: 0x800000de (0xfa7cfd37) lui     s10, 0xfa7cf
core   0: 3 0x800000de (0xfa7cfd37) x26 0xfa7cf000
core   0: 0x800000e2 (0x794d0d13) addi    s10, s10, 1940
core   0: 3 0x800000e2 (0x794d0d13) x26 0xfa7cf794
core   0: 0x800000e6 (0xf1c8fdb7) lui     s11, 0xf1c8f
core   0: 3 0x800000e6 (0xf1c8fdb7) x27 0xf1c8f000
core   0: 0x800000ea (0xbe3d8d93) addi    s11, s11, -1053
core   0: 3 0x800000ea (0xbe3d8d93) x27 0xf1c8ebe3
core   0: 0x800000ee (0x08e7ae37) lui     t3, 0x8e7a
core   0: 3 0x800000ee (0x08e7ae37) x28 0x08e7a000
core   0: 0x800000f2 (0xd11e0e13) addi    t3, t3, -751
core   0: 3 0x800000f2 (0xd11e0e13) x28 0x08e79d11
core   0: 0x800000f6 (0x80000eb7) lui     t4, 0x80000
core   0: 3 0x800000f6 (0x80000eb7) x29 0x80000000
core   0: 0x800000fa (0x00004f3d) c.li    t5, 15
core   0: 3 0x800000fa (0x4f3d) x30 0x0000000f
core   0: 0x800000fc (0x00004f81) c.li    t6, 0
core   0: 3 0x800000fc (0x4f81) x31 0x00000000
core   0: 0x800000fe (0x00026897) auipc   a7, 0x26
core   0: 3 0x800000fe (0x00026897) x17 0x800260fe
core   0: 0x80000102 (0xd6688893) addi    a7, a7, -666
core   0: 3 0x80000102 (0xd6688893) x17 0x80025e64
core   0: 0x80000106 (0x00010317) auipc   t1, 0x10
core   0: 3 0x80000106 (0x00010317) x 6 0x80010106
core   0: 0x8000010a (0x63130313) addi    t1, t1, 1585
core   0: 3 0x8000010a (0x63130313) x 6 0x80010737
core   0: 0x8000010e (0xf5934b83) lbu     s7, -167(t1)
core   0: 3 0x8000010e (0xf5934b83) x23 0x000000ae mem 0x80010690
core   0: 0x80000112 (0x714307a3) sb      s4, 1807(t1)
core   0: 3 0x80000112 (0x714307a3) mem 0x80010e46 0xca
core   0: 0x80000116 (0x00011797) auipc   a5, 0x11
core   0: 3 0x80000116 (0x00011797) x15 0x80011116
core   0: 0x8000011a (0xcc678793) addi    a5, a5, -826
core   0: 3 0x8000011a (0xcc678793) x15 0x80010ddc
core   0: 0x8000011e (0x0097cd03) lbu     s10, 9(a5)
core   0: 3 0x8000011e (0x0097cd03) x26 0x00000056 mem 0x80010de5
core   0: 0x80000122 (0xabc34a03) lbu     s4, -1348(t1)
core   0: 3 0x80000122 (0xabc34a03) x20 0x00000011 mem 0x800101f3
core   0: 0x80000126 (0xb8d34483) lbu     s1, -1139(t1)
core   0: 3 0x80000126 (0xb8d34483) x 9 0x0000004f mem 0x800102c4
core   0: 0x8000012a (0xf52309a3) sb      s2, -173(t1)
core   0: 3 0x8000012a (0xf52309a3) mem 0x8001068a 0x1
core   0: 0x8000012e (0xffe79583) lh      a1, -2(a5)
core   0: 3 0x8000012e (0xffe79583) x11 0x000023aa mem 0x80010dda
core   0: 0x80000132 (0x6f030aa3) sb      a6, 1781(t1)
core   0: 3 0x80000132 (0x6f030aa3) mem 0x80010e2c 0xb5
core   0: 0x80000136 (0x00534103) lbu     sp, 5(t1)
core   0: 3 0x80000136 (0x00534103) x 2 0x00000034 mem 0x8001073c
core   0: 0x8000013a (0x019787a3) sb      s9, 15(a5)
core   0: 3 0x8000013a (0x019787a3) mem 0x80010deb 0x0
core   0: 0x8000013e (0x00778803) lb      a6, 7(a5)
core   0: 3 0x8000013e (0x00778803) x16 0x00000000 mem 0x80010de3
core   0: 0x80000142 (0xfff7c503) lbu     a0, -1(a5)
core   0: 3 0x80000142 (0xfff7c503) x10 0x00000023 mem 0x80010ddb
core   0: 0x80000146 (0xff478da3) sb      s4, -5(a5)
core   0: 3 0x80000146 (0xff478da3) mem 0x80010dd7 0x11
core   0: 0x8000014a (0x1a935f83) lhu     t6, 425(t1)
core   0: 3 0x8000014a (0x1a935f83) x31 0x00006c1e mem 0x800108e0
core   0: 0x8000014e (0x0087c403) lbu     s0, 8(a5)
core   0: 3 0x8000014e (0x0087c403) x 8 0x0000008e mem 0x80010de4
core   0: 0x80000152 (0x00011617) auipc   a2, 0x11
core   0: 3 0x80000152 (0x00011617) x12 0x80011152
core   0: 0x80000156 (0xafe60613) addi    a2, a2, -1282
core   0: 3 0x80000156 (0xafe60613) x12 0x80010c50
core   0: 0x8000015a (0x0080df33) srl     t5, ra, s0
core   0: 3 0x8000015a (0x0080df33) x30 0x00020000
core   0: 0x8000015e (0xff560ba3) sb      s5, -9(a2)
core   0: 3 0x8000015e (0xff560ba3) mem 0x80010c47 0x0
core   0: 0x80000162 (0xff561f23) sh      s5, -2(a2)
core   0: 3 0x80000162 (0xff561f23) mem 0x80010c4e 0x0000
core   0: 0x80000166 (0x01e40933) add     s2, s0, t5
core   0: 3 0x80000166 (0x01e40933) x18 0x0002008e
core   0: 0x8000016a (0x012601a3) sb      s2, 3(a2)
core   0: 3 0x8000016a (0x012601a3) mem 0x80010c53 0x8e
core   0: 0x8000016e (0xffe64a83) lbu     s5, -2(a2)
core   0: 3 0x8000016e (0xffe64a83) x21 0x00000000 mem 0x80010c4e
core   0: 0x80000172 (0x01e93f33) sltu    t5, s2, t5
core   0: 3 0x80000172 (0x01e93f33) x30 0x00000000
core   0: 0x80000176 (0x03e46433) rem     s0, s0, t5
core   0: 3 0x80000176 (0x03e46433) x 8 0x0000008e
core   0: 0x8000017a (0xff260923) sb      s2, -14(a2)
core   0: 3 0x8000017a (0xff260923) mem 0x80010c42 0x8e
core   0: 0x8000017e (0x001abab3) sltu    s5, s5, ra
core   0: 3 0x8000017e (0x001abab3) x21 0x00000001
core   0: 0x80000182 (0xff461903) lh      s2, -12(a2)
core   0: 3 0x80000182 (0xff461903) x18 0x00000c5c mem 0x80010c44
core   0: 0x80000186 (0x001603a3) sb      ra, 7(a2)
core   0: 3 0x80000186 (0x001603a3) mem 0x80010c57 0x0
core   0: 0x8000018a (0x02142f33) mulhsu  t5, s0, ra
core   0: 3 0x8000018a (0x02142f33) x30 0x00000047
core   0: 0x8000018e (0x001adab3) srl     s5, s5, ra
core   0: 3 0x8000018e (0x001adab3) x21 0x00000001
core   0: 0x80000192 (0x00000ad6) c.slli  s5, 21
core   0: 3 0x80000192 (0x0ad6) x21 0x00200000
core   0: 0x80000194 (0x00008ca5) c.xor   s1, s1
core   0: 3 0x80000194 (0x8ca5) x 9 0x00000000
core   0: 0x80000196 (0x1e538a97) auipc   s5, 0x1e538
core   0: 3 0x80000196 (0x1e538a97) x21 0x9e538196
core   0: 0x8000019a (0x00008cc5) c.or    s1, s1
core   0: 3 0x8000019a (0x8cc5) x 9 0x00000000
core   0: 0x8000019c (0x01eae433) or      s0, s5, t5
core   0: 3 0x8000019c (0x01eae433) x 8 0x9e5381d7
core   0: 0x800001a0 (0x00664483) lbu     s1, 6(a2)
core   0: 3 0x800001a0 (0x00664483) x 9 0x000000b7 mem 0x80010c56
core   0: 0x800001a4 (0xffe60e23) sb      t5, -4(a2)
core   0: 3 0x800001a4 (0xffe60e23) mem 0x80010c4c 0x47
core   0: 0x800001a8 (0x01e605a3) sb      t5, 11(a2)
core   0: 3 0x800001a8 (0x01e605a3) mem 0x80010c5b 0x47
core   0: 0x800001ac (0x01e605a3) sb      t5, 11(a2)
core   0: 3 0x800001ac (0x01e605a3) mem 0x80010c5b 0x47
core   0: 0x800001b0 (0xfe961923) sh      s1, -14(a2)
core   0: 3 0x800001b0 (0xfe961923) mem 0x80010c42 0x00b7
core   0: 0x800001b4 (0x00c65083) lhu     ra, 12(a2)
core   0: 3 0x800001b4 (0x00c65083) x 1 0x0000c302 mem 0x80010c5c
core   0: 0x800001b8 (0xff360903) lb      s2, -13(a2)
core   0: 3 0x800001b8 (0xff360903) x18 0x00000000 mem 0x80010c43
core   0: 0x800001bc (0x41af5413) srai    s0, t5, 26
core   0: 3 0x800001bc (0x41af5413) x 8 0x00000000
core   0: 0x800001c0 (0x0160df13) srli    t5, ra, 22
core   0: 3 0x800001c0 (0x0160df13) x30 0x00000000
core   0: 0x800001c4 (0x0000100f) fence.i
core   0: 3 0x800001c4 (0x0000100f)
core   0: 0x800001c8 (0xe7df7a97) auipc   s5, 0xe7df7
core   0: 3 0x800001c8 (0xe7df7a97) x21 0x67df71c8
core   0: 0x800001cc (0x0ff0000f) fence   iorw,iorw
core   0: 3 0x800001cc (0x0ff0000f)
core   0: 0x800001d0 (0x009605a3) sb      s1, 11(a2)
core   0: 3 0x800001d0 (0x009605a3) mem 0x80010c5b 0xb7
core   0: 0x800001d4 (0xff665083) lhu     ra, -10(a2)
core   0: 3 0x800001d4 (0xff665083) x 1 0x00000086 mem 0x80010c46
core   0: 0x800001d8 (0x03e45933) divu    s2, s0, t5
core   0: 3 0x800001d8 (0x03e45933) x18 0xffffffff
core   0: 0x800001dc (0xffd60a83) lb      s5, -3(a2)
core   0: 3 0x800001dc (0xffd60a83) x21 0xffffffe3 mem 0x80010c4d
core   0: 0x800001e0 (0x001602a3) sb      ra, 5(a2)
core   0: 3 0x800001e0 (0x001602a3) mem 0x80010c55 0x86
core   0: 0x800001e4 (0x4094dab3) sra     s5, s1, s1
core   0: 3 0x800001e4 (0x4094dab3) x21 0x00000000
core   0: 0x800001e8 (0x00261083) lh      ra, 2(a2)
core   0: 3 0x800001e8 (0x00261083) x 1 0xffff8ead mem 0x80010c52
core   0: 0x800001ec (0x000000de) c.slli  ra, 23
core   0: 3 0x800001ec (0x00de) x 1 0x56800000
core   0: 0x800001ee (0x00004f25) c.li    t5, 9
core   0: 3 0x800001ee (0x4f25) x30 0x00000009
core   0: 0x800001f0 (0xfff64903) lbu     s2, -1(a2)
core   0: 3 0x800001f0 (0xfff64903) x18 0x00000000 mem 0x80010c4f
core   0: 0x800001f4 (0xfe160fa3) sb      ra, -1(a2)
core   0: 3 0x800001f4 (0xfe160fa3) mem 0x80010c4f 0x0
core   0: 0x800001f8 (0x00008c65) c.and   s0, s1
core   0: 3 0x800001f8 (0x8c65) x 8 0x00000000
core   0: 0x800001fa (0x00e61a83) lh      s5, 14(a2)
core   0: 3 0x800001fa (0x00e61a83) x21 0x000069a3 mem 0x80010c5e
core   0: 0x800001fe (0x00010797) auipc   a5, 0x10
core   0: 3 0x800001fe (0x00010797) x15 0x800101fe
core   0: 0x80000202 (0x4d078793) addi    a5, a5, 1232
core   0: 3 0x80000202 (0x4d078793) x15 0x800106ce
core   0: 0x80000206 (0x00008d7a) c.mv    s10, t5
core   0: 3 0x80000206 (0x8d7a) x26 0x00000009
core   0: 0x80000208 (0x00008b96) c.mv    s7, t0
core   0: 3 0x80000208 (0x8b96) x23 0xfb01aef6
core   0: 0x8000020a (0x018070b3) and     ra, zero, s8
core   0: 3 0x8000020a (0x018070b3) x 1 0x00000000
core   0: 0x8000020e (0x00008da1) c.xor   a1, s0
core   0: 3 0x8000020e (0x8da1) x11 0x000023aa
core   0: 0x80000210 (0x00008cc1) c.or    s1, s0
core   0: 3 0x80000210 (0x8cc1) x 9 0x000000b7
core   0: 0x80000212 (0x000086d1) c.srai  a3, 20
core   0: 3 0x80000212 (0x86d1) x13 0x00000000
core   0: 0x80000214 (0x00178e23) sb      ra, 28(a5)
core   0: 3 0x80000214 (0x00178e23) mem 0x800106ea 0x0
core   0: 0x80000218 (0x000084fe) c.mv    s1, t6
core   0: 3 0x80000218 (0x84fe) x 9 0x00006c1e
core   0: 0x8000021a (0x00008d5d) c.or    a0, a5
core   0: 3 0x8000021a (0x8d5d) x10 0x800106ef
core   0: 0x8000021c (0x5ae80e13) addi    t3, a6, 1454
core   0: 3 0x8000021c (0x5ae80e13) x28 0x000005ae
core   0: 0x80000220 (0xfcf7ca03) lbu     s4, -49(a5)
core   0: 3 0x80000220 (0xfcf7ca03) x20 0x00000051 mem 0x8001069d
core   0: 0x80000224 (0x00009bca) c.add   s7, s2
core   0: 3 0x80000224 (0x9bca) x23 0xfb01aef6
core   0: 0x80000226 (0x00008a52) c.mv    s4, s4
core   0: 3 0x80000226 (0x8a52) x20 0x00000051
core   0: 0x80000228 (0x0000100f) fence.i
core   0: 3 0x80000228 (0x0000100f)
core   0: 0x8000022c (0x0397c303) lbu     t1, 57(a5)
core   0: 3 0x8000022c (0x0397c303) x 6 0x00000015 mem 0x80010707
core   0: 0x80000230 (0xff378803) lb      a6, -13(a5)
core   0: 3 0x80000230 (0xff378803) x16 0x0000003f mem 0x800106c1
core   0: 0x80000234 (0x03e122b3) mulhsu  t0, sp, t5
core   0: 3 0x80000234 (0x03e122b3) x 5 0x00000000
core   0: 0x80000238 (0x9799e613) ori     a2, s3, -1671
core   0: 3 0x80000238 (0x9799e613) x12 0xfffff9fd
core   0: 0x8000023c (0x000044b5) c.li    s1, 13
core   0: 3 0x8000023c (0x44b5) x 9 0x0000000d
core   0: 0x8000023e (0x410c0233) sub     tp, s8, a6
core   0: 3 0x8000023e (0x410c0233) x 4 0xffdfb480
core   0: 0x80000242 (0xffb7c283) lbu     t0, -5(a5)
core   0: 3 0x80000242 (0xffb7c283) x 5 0x0000006f mem 0x800106c9
core   0: 0x80000246 (0x00279393) slli    t2, a5, 2
core   0: 3 0x80000246 (0x00279393) x 7 0x00041b38
core   0: 0x8000024a (0xea166037) lui     zero, 0xea166
core   0: 3 0x8000024a (0xea166037)
core   0: 0x8000024e (0x0000100f) fence.i
core   0: 3 0x8000024e (0x0000100f)
core   0: 0x80000252 (0x000016fd) c.addi  a3, -1
core   0: 3 0x80000252 (0x16fd) x13 0xffffffff
core   0: 0x80000254 (0x01bed493) srli    s1, t4, 27
core   0: 3 0x80000254 (0x01bed493) x 9 0x00000010
core   0: 0x80000258 (0x00000622) c.slli  a2, 8
core   0: 3 0x80000258 (0x0622) x12 0xfff9fd00
core   0: 0x8000025a (0x00693433) sltu    s0, s2, t1
core   0: 3 0x8000025a (0x00693433) x 8 0x00000001
core   0: 0x8000025e (0x02e79a83) lh      s5, 46(a5)
core   0: 3 0x8000025e (0x02e79a83) x21 0xffffdcaf mem 0x800106fc
core   0: 0x80000262 (0x031788a3) sb      a7, 49(a5)
core   0: 3 0x80000262 (0x031788a3) mem 0x800106ff 0x64
core   0: 0x80000266 (0x0137c583) lbu     a1, 19(a5)
core   0: 3 0x80000266 (0x0137c583) x11 0x00000064 mem 0x800106e1
core   0: 0x8000026a (0x00a52833) slt     a6, a0, a0
core   0: 3 0x8000026a (0x00a52833) x16 0x00000000
core   0: 0x8000026e (0xfc6789a3) sb      t1, -45(a5)
core   0: 3 0x8000026e (0xfc6789a3) mem 0x800106a1 0x15
core   0: 0x80000272 (0x01e79a83) lh      s5, 30(a5)
core   0: 3 0x80000272 (0x01e79a83) x21 0x00000381 mem 0x800106ec
core   0: 0x80000276 (0x00008ec5) c.or    a3, s1
core   0: 3 0x80000276 (0x8ec5) x13 0xffffffff
core   0: 0x80000278 (0x00008252) c.mv    tp, s4
core   0: 3 0x80000278 (0x8252) x 4 0x00000051
core   0: 0x8000027a (0xfcd7c083) lbu     ra, -51(a5)
core   0: 3 0x8000027a (0xfcd7c083) x 1 0x0000008c mem 0x8001069b
core   0: 0x8000027e (0x40fe8c33) sub     s8, t4, a5
core   0: 3 0x8000027e (0x40fe8c33) x24 0xfffef932
core   0: 0x80000282 (0x02378723) sb      gp, 46(a5)
core   0: 3 0x80000282 (0x02378723) mem 0x800106fc 0xbd
core   0: 0x80000286 (0x00011e17) auipc   t3, 0x11
core   0: 3 0x80000286 (0x00011e17) x28 0x80011286
core   0: 0x8000028a (0x846e0e13) addi    t3, t3, -1978
core   0: 3 0x8000028a (0x846e0e13) x28 0x80010acc
core   0: 0x8000028e (0x00010297) auipc   t0, 0x10
core   0: 3 0x8000028e (0x00010297) x 5 0x8001028e
core   0: 0x80000292 (0x61b28293) addi    t0, t0, 1563
core   0: 3 0x80000292 (0x61b28293) x 5 0x800108a9
core   0: 0x80000296 (0x00011817) auipc   a6, 0x11
core   0: 3 0x80000296 (0x00011817) x16 0x80011296
core   0: 0x8000029a (0xc9c80813) addi    a6, a6, -868
core   0: 3 0x8000029a (0xc9c80813) x16 0x80010f32
core   0: 0x8000029e (0x02d28623) sb      a3, 44(t0)
core   0: 3 0x8000029e (0x02d28623) mem 0x800108d5 0xff
core   0: 0x800002a2 (0x00010217) auipc   tp, 0x10
core   0: 3 0x800002a2 (0x00010217) x 4 0x800102a2
core   0: 0x800002a6 (0x18320213) addi    tp, tp, 387
core   0: 3 0x800002a6 (0x18320213) x 4 0x80010425
core   0: 0x800002aa (0xe1380fa3) sb      s3, -481(a6)
core   0: 3 0x800002aa (0xe1380fa3) mem 0x80010d51 0x84
core   0: 0x800002ae (0xfd528f03) lb      t5, -43(t0)
core   0: 3 0x800002ae (0xfd528f03) x30 0x0000000e mem 0x8001087e
core   0: 0x800002b2 (0x00010497) auipc   s1, 0x10
core   0: 3 0x800002b2 (0x00010497) x 9 0x800102b2
core   0: 0x800002b6 (0x4de48493) addi    s1, s1, 1246
core   0: 3 0x800002b6 (0x4de48493) x 9 0x80010790
core   0: 0x800002ba (0x013e0183) lb      gp, 19(t3)
core   0: 3 0x800002ba (0x013e0183) x 3 0x00000052 mem 0x80010adf
core   0: 0x800002be (0x02c28c23) sb      a2, 56(t0)
core   0: 3 0x800002be (0x02c28c23) mem 0x800108e1 0x0
core   0: 0x800002c2 (0xb4282323) sw      sp, -1210(a6)
core   0: 3 0x800002c2 (0xb4282323) mem 0x80010a78 0x00000034
core   0: 0x800002c6 (0x01c48423) sb      t3, 8(s1)
core   0: 3 0x800002c6 (0x01c48423) mem 0x80010798 0xcc
core   0: 0x800002ca (0xfc9e0183) lb      gp, -55(t3)
core   0: 3 0x800002ca (0xfc9e0183) x 3 0x00000054 mem 0x80010a95
core   0: 0x800002ce (0x015484a3) sb      s5, 9(s1)
core   0: 3 0x800002ce (0x015484a3) mem 0x80010799 0x81
core   0: 0x800002d2 (0xfd428123) sb      s4, -62(t0)
core   0: 3 0x800002d2 (0xfd428123) mem 0x8001086b 0x51
core   0: 0x800002d6 (0xf0a20f03) lb      t5, -246(tp)
core   0: 3 0x800002d6 (0xf0a20f03) x30 0xffffffd2 mem 0x8001032f
core   0: 0x800002da (0x02ce1b23) sh      a2, 54(t3)
core   0: 3 0x800002da (0x02ce1b23) mem 0x80010b02 0xfd00
core   0: 0x800002de (0x0a920783) lb      a5, 169(tp)
core   0: 3 0x800002de (0x0a920783) x15 0x00000052 mem 0x800104ce
core   0: 0x800002e2 (0xc0e84083) lbu     ra, -1010(a6)
core   0: 3 0x800002e2 (0xc0e84083) x 1 0x0000003a mem 0x80010b40
core   0: 0x800002e6 (0xf6c80ea3) sb      a2, -131(a6)
core   0: 3 0x800002e6 (0xf6c80ea3) mem 0x80010eaf 0x0
core   0: 0x800002ea (0x00c4c683) lbu     a3, 12(s1)
core   0: 3 0x800002ea (0x00c4c683) x13 0x00000049 mem 0x8001079c
core   0: 0x800002ee (0x002e0e83) lb      t4, 2(t3)
core   0: 3 0x800002ee (0x002e0e83) x29 0x0000003c mem 0x80010ace
core   0: 0x800002f2 (0xc60807a3) sb      zero, -913(a6)
core   0: 3 0x800002f2 (0xc60807a3) mem 0x80010ba1 0x0
core   0: 0x800002f6 (0xfed48fa3) sb      a3, -1(s1)
core   0: 3 0x800002f6 (0xfed48fa3) mem 0x8001078f 0x49
core   0: 0x800002fa (0xff84d003) lhu     zero, -8(s1)
core   0: 3 0x800002fa (0xff84d003) mem 0x80010788
core   0: 0x800002fe (0x00d28903) lb      s2, 13(t0)
core   0: 3 0x800002fe (0x00d28903) x18 0xffffffa4 mem 0x800108b6
core   0: 0x80000302 (0xff849383) lh      t2, -8(s1)
core   0: 3 0x80000302 (0xff849383) x 7 0xffff881f mem 0x80010788
core   0: 0x80000306 (0x03be1023) sh      s11, 32(t3)
core   0: 3 0x80000306 (0x03be1023) mem 0x80010aec 0xebe3
core   0: 0x8000030a (0xfc2e4303) lbu     t1, -62(t3)
core   0: 3 0x8000030a (0xfc2e4303) x 6 0x0000000a mem 0x80010a8e
core   0: 0x8000030e (0xc9e80d03) lb      s10, -866(a6)
core   0: 3 0x8000030e (0xc9e80d03) x26 0x00000069 mem 0x80010bd0
core   0: 0x80000312 (0xfdb2a403) lw      s0, -37(t0)
core   0: 3 0x80000312 (0xfdb2a403) x 8 0xa0d9f1e2 mem 0x80010884
core   0: 0x80000316 (0x0e220f83) lb      t6, 226(tp)
core   0: 3 0x80000316 (0x0e220f83) x31 0x0000005e mem 0x80010507
core   0: 0x8000031a (0xfd224583) lbu     a1, -46(tp)
core   0: 3 0x8000031a (0xfd224583) x11 0x00000039 mem 0x800103f7
core   0: 0x8000031e (0x96081323) sh      zero, -1690(a6)
core   0: 3 0x8000031e (0x96081323) mem 0x80010898 0x0000
core   0: 0x80000322 (0xf1824a03) lbu     s4, -232(tp)
core   0: 3 0x80000322 (0xf1824a03) x20 0x000000df mem 0x8001033d
core   0: 0x80000326 (0xc2180ea3) sb      ra, -963(a6)
core   0: 3 0x80000326 (0xc2180ea3) mem 0x80010b6f 0x3a
core   0: 0x8000032a (0xff22c383) lbu     t2, -14(t0)
core   0: 3 0x8000032a (0xff22c383) x 7 0x000000d5 mem 0x8001089b
core   0: 0x8000032e (0x01e20003) lb      zero, 30(tp)
core   0: 3 0x8000032e (0x01e20003) mem 0x80010443
core   0: 0x80000332 (0xfef48ca3) sb      a5, -7(s1)
core   0: 3 0x80000332 (0xfef48ca3) mem 0x80010789 0x52
core   0: 0x80000336 (0xfd32c983) lbu     s3, -45(t0)
core   0: 3 0x80000336 (0xfd32c983) x19 0x0000005e mem 0x8001087c
core   0: 0x8000033a (0x012e1d23) sh      s2, 26(t3)
core   0: 3 0x8000033a (0x012e1d23) mem 0x80010ae6 0xffa4
core   0: 0x8000033e (0x8b984603) lbu     a2, -1863(a6)
core   0: 3 0x8000033e (0x8b984603) x12 0x00000049 mem 0x800107eb
core   0: 0x80000342 (0xf2420a03) lb      s4, -220(tp)
core   0: 3 0x80000342 (0xf2420a03) x20 0x00000032 mem 0x80010349
core   0: 0x80000346 (0xfe72c183) lbu     gp, -25(t0)
core   0: 3 0x80000346 (0xfe72c183) x 3 0x000000b3 mem 0x80010890
core   0: 0x8000034a (0x0cf24d03) lbu     s10, 207(tp)
core   0: 3 0x8000034a (0x0cf24d03) x26 0x0000003f mem 0x800104f4
core   0: 0x8000034e (0x0e980723) sb      s1, 238(a6)
core   0: 3 0x8000034e (0x0e980723) mem 0x80011020 0x90
core   0: 0x80000352 (0x00048d03) lb      s10, 0(s1)
core   0: 3 0x80000352 (0x00048d03) x26 0x0000006f mem 0x80010790
core   0: 0x80000356 (0xff848e23) sb      s8, -4(s1)
core   0: 3 0x80000356 (0xff848e23) mem 0x8001078c 0x32
core   0: 0x8000035a (0x02ce4f03) lbu     t5, 44(t3)
core   0: 3 0x8000035a (0x02ce4f03) x30 0x0000003f mem 0x80010af8
core   0: 0x8000035e (0x0001b117) auipc   sp, 0x1b
core   0: 3 0x8000035e (0x0001b117) x 2 0x8001b35e
core   0: 0x80000362 (0x39710113) addi    sp, sp, 919
core   0: 3 0x80000362 (0x39710113) x 2 0x8001b6f5
core   0: 0x80000366 (0xff110e23) sb      a7, -4(sp)
core   0: 3 0x80000366 (0xff110e23) mem 0x8001b6f1 0x64
core   0: 0x8000036a (0xff910e23) sb      s9, -4(sp)
core   0: 3 0x8000036a (0xff910e23) mem 0x8001b6f1 0x0
core   0: 0x8000036e (0xfd610f03) lb      t5, -42(sp)
core   0: 3 0x8000036e (0xfd610f03) x30 0xfffffff2 mem 0x8001b6cb
core   0: 0x80000372 (0xfdb10b23) sb      s11, -42(sp)
core   0: 3 0x80000372 (0xfdb10b23) mem 0x8001b6cb 0xe3
core   0: 0x80000376 (0xff310523) sb      s3, -22(sp)
core   0: 3 0x80000376 (0xff310523) mem 0x8001b6df 0x5e
core   0: 0x8000037a (0x0000856a) c.mv    a0, s10
core   0: 3 0x8000037a (0x856a) x10 0x0000006f
core   0: 0x8000037c (0xfd1103a3) sb      a7, -57(sp)
core   0: 3 0x8000037c (0xfd1103a3) mem 0x8001b6bc 0x64
core   0: 0x80000380 (0x00010e23) sb      zero, 28(sp)
core   0: 3 0x80000380 (0x00010e23) mem 0x8001b711 0x0
core   0: 0x80000384 (0xfdb12c03) lw      s8, -37(sp)
core   0: 3 0x80000384 (0xfdb12c03) x24 0x7bdbea1d mem 0x8001b6d0
core   0: 0x80000388 (0x0091fab3) and     s5, gp, s1
core   0: 3 0x80000388 (0x0091fab3) x21 0x00000090
core   0: 0x8000038c (0xfdb15203) lhu     tp, -37(sp)
core   0: 3 0x8000038c (0xfdb15203) x 4 0x0000ea1d mem 0x8001b6d0
core   0: 0x80000390 (0xd8586e17) auipc   t3, 0xd8586
core   0: 3 0x80000390 (0xd8586e17) x28 0x58586390
core   0: 0x80000394 (0xfd614e83) lbu     t4, -42(sp)
core   0: 3 0x80000394 (0xfd614e83) x29 0x000000e3 mem 0x8001b6cb
core   0: 0x80000398 (0xfd010b23) sb      a6, -42(sp)
core   0: 3 0x80000398 (0xfd010b23) mem 0x8001b6cb 0x32
core   0: 0x8000039c (0x00008e21) c.xor   a2, s0
core   0: 3 0x8000039c (0x8e21) x12 0xa0d9f1ab
core   0: 0x8000039e (0x032944b3) div     s1, s2, s2
core   0: 3 0x8000039e (0x032944b3) x 9 0x00000001
core   0: 0x800003a2 (0xfe115f03) lhu     t5, -31(sp)
core   0: 3 0x800003a2 (0xfe115f03) x30 0x000041fa mem 0x8001b6d6
core   0: 0x800003a6 (0xff514c03) lbu     s8, -11(sp)
core   0: 3 0x800003a6 (0xff514c03) x24 0x00000048 mem 0x8001b6ea
core   0: 0x800003aa (0xff514803) lbu     a6, -11(sp)
core   0: 3 0x800003aa (0xff514803) x16 0x00000048 mem 0x8001b6ea
core   0: 0x800003ae (0xff514f83) lbu     t6, -11(sp)
core   0: 3 0x800003ae (0xff514f83) x31 0x00000048 mem 0x8001b6ea
core   0: 0x800003b2 (0xff514803) lbu     a6, -11(sp)
core   0: 3 0x800003b2 (0xff514803) x16 0x00000048 mem 0x8001b6ea
core   0: 0x800003b6 (0xfd714503) lbu     a0, -41(sp)
core   0: 3 0x800003b6 (0xfd714503) x10 0x0000008d mem 0x8001b6cc
core   0: 0x800003ba (0x00010e17) auipc   t3, 0x10
core   0: 3 0x800003ba (0x00010e17) x28 0x800103ba
core   0: 0x800003be (0x3a3e0e13) addi    t3, t3, 931
core   0: 3 0x800003be (0x3a3e0e13) x28 0x8001075d
core   0: 0x800003c2 (0x00008c19) c.sub   s0, a4
core   0: 3 0x800003c2 (0x8c19) x 8 0x20d754fe
core   0: 0x800003c4 (0x000080e1) c.srli  s1, 24
core   0: 3 0x800003c4 (0x80e1) x 9 0x00000000
core   0: 0x800003c6 (0x00009bfd) c.andi  a5, -1
core   0: 3 0x800003c6 (0x9bfd) x15 0x00000052
core   0: 0x800003c8 (0x01f48eb3) add     t4, s1, t6
core   0: 3 0x800003c8 (0x01f48eb3) x29 0x00000048
core   0: 0x800003cc (0x0199de93) srli    t4, s3, 25
core   0: 3 0x800003cc (0x0199de93) x29 0x00000000
core   0: 0x800003d0 (0xf9ce0383) lb      t2, -100(t3)
core   0: 3 0x800003d0 (0xf9ce0383) x 7 0x00000028 mem 0x800106f9
core   0: 0x800003d4 (0x60a72993) slti    s3, a4, 1546
core   0: 3 0x800003d4 (0x60a72993) x19 0x00000001
core   0: 0x800003d8 (0x02a911b3) mulh    gp, s2, a0
core   0: 3 0x800003d8 (0x02a911b3) x 3 0xffffffff
core   0: 0x800003dc (0x01a94833) xor     a6, s2, s10
core   0: 3 0x800003dc (0x01a94833) x16 0xffffffcb
core   0: 0x800003e0 (0x03be2f83) lw      t6, 59(t3)
core   0: 3 0x800003e0 (0x03be2f83) x31 0x2be981cc mem 0x80010798
core   0: 0x800003e4 (0x00004f15) c.li    t5, 5
core   0: 3 0x800003e4 (0x4f15) x30 0x00000005
core   0: 0x800003e6 (0x00008f86) c.mv    t6, ra
core   0: 3 0x800003e6 (0x8f86) x31 0x0000003a
core   0: 0x800003e8 (0xfe2e4303) lbu     t1, -30(t3)
core   0: 3 0x800003e8 (0xfe2e4303) x 6 0x000000b5 mem 0x8001073f
core   0: 0x800003ec (0x03a412b3) mulh    t0, s0, s10
core   0: 3 0x800003ec (0x03a412b3) x 5 0x0000000e
core   0: 0x800003f0 (0x40fcd813) srai    a6, s9, 15
core   0: 3 0x800003f0 (0x40fcd813) x16 0xffff0000
core   0: 0x800003f4 (0x043e0323) sb      gp, 70(t3)
core   0: 3 0x800003f4 (0x043e0323) mem 0x800107a3 0xff
core   0: 0x800003f8 (0xd7064293) xori    t0, a2, -656
core   0: 3 0x800003f8 (0xd7064293) x 5 0x5f260cdb
core   0: 0x800003fc (0x035b6eb3) rem     t4, s6, s5
core   0: 3 0x800003fc (0x035b6eb3) x29 0x00000000
core   0: 0x80000400 (0xfd5e1a03) lh      s4, -43(t3)
core   0: 3 0x80000400 (0xfd5e1a03) x20 0x00003ce5 mem 0x80010732
core   0: 0x80000404 (0xf81e0b83) lb      s7, -127(t3)
core   0: 3 0x80000404 (0xf81e0b83) x23 0x00000069 mem 0x800106de
core   0: 0x80000408 (0x03d0c1b3) div     gp, ra, t4
core   0: 3 0x80000408 (0x03d0c1b3) x 3 0xffffffff
core   0: 0x8000040c (0xfe4e0583) lb      a1, -28(t3)
core   0: 3 0x8000040c (0xfe4e0583) x11 0xffffff89 mem 0x80010741
core   0: 0x80000410 (0xf90e0f03) lb      t5, -112(t3)
core   0: 3 0x80000410 (0xf90e0f03) x30 0x00000003 mem 0x800106ed
core   0: 0x80000414 (0x02204a33) div     s4, zero, sp
core   0: 3 0x80000414 (0x02204a33) x20 0x00000000
core   0: 0x80000418 (0x0d7e0a23) sb      s7, 212(t3)
core   0: 3 0x80000418 (0x0d7e0a23) mem 0x80010831 0x69
core   0: 0x8000041c (0x00008599) c.srai  a1, 6
core   0: 3 0x8000041c (0x8599) x11 0xfffffffe
core   0: 0x8000041e (0xcd6c4f13) xori    t5, s8, -810
core   0: 3 0x8000041e (0xcd6c4f13) x30 0xfffffc9e
core   0: 0x80000422 (0x00008c91) c.sub   s1, a2
core   0: 3 0x80000422 (0x8c91) x 9 0x5f260e55
core   0: 0x80000424 (0xf74e0603) lb      a2, -140(t3)
core   0: 3 0x80000424 (0xf74e0603) x12 0x00000074 mem 0x800106d1
core   0: 0x80000428 (0xfdde0623) sb      t4, -52(t3)
core   0: 3 0x80000428 (0xfdde0623) mem 0x80010729 0x0
core   0: 0x8000042c (0x26ec6793) ori     a5, s8, 622
core   0: 3 0x8000042c (0x26ec6793) x15 0x0000026e
core   0: 0x80000430 (0xf60e0083) lb      ra, -160(t3)
core   0: 3 0x80000430 (0xf60e0083) x 1 0xffffffe1 mem 0x800106bd
core   0: 0x80000434 (0x4140d5b3) sra     a1, ra, s4
core   0: 3 0x80000434 (0x4140d5b3) x11 0xffffffe1
core   0: 0x80000438 (0x00008e79) c.and   a2, a4
core   0: 3 0x80000438 (0x8e79) x12 0x00000064
core   0: 0x8000043a (0x0ede5683) lhu     a3, 237(t3)
core   0: 3 0x8000043a (0x0ede5683) x13 0x0000bf45 mem 0x8001084a
core   0: 0x8000043e (0x000091f2) c.add   gp, t3
core   0: 3 0x8000043e (0x91f2) x 3 0x8001075c
core   0: 0x80000440 (0x00000b6e) c.slli  s6, 27
core   0: 3 0x80000440 (0x0b6e) x22 0x00000000
core   0: 0x80000442 (0x9198a693) slti    a3, a7, -1767
core   0: 3 0x80000442 (0x9198a693) x13 0x00000001
core   0: 0x80000446 (0x00fc8133) add     sp, s9, a5
core   0: 3 0x80000446 (0x00fc8133) x 2 0x8000026e
core   0: 0x8000044a (0x0c0e4f83) lbu     t6, 192(t3)
core   0: 3 0x8000044a (0x0c0e4f83) x31 0x000000e3 mem 0x8001081d
core   0: 0x8000044e (0x00006a39) c.lui   s4, 0xe
core   0: 3 0x8000044e (0x6a39) x20 0x0000e000
core   0: 0x80000450 (0x075e5b03) lhu     s6, 117(t3)
core   0: 3 0x80000450 (0x075e5b03) x22 0x00007301 mem 0x800107d2
core   0: 0x80000454 (0xfdfe2da3) sw      t6, -37(t3)
core   0: 3 0x80000454 (0xfdfe2da3) mem 0x80010738 0x000000e3
core   0: 0x80000458 (0x00020a17) auipc   s4, 0x20
core   0: 3 0x80000458 (0x00020a17) x20 0x80020458
core   0: 0x8000045c (0x259a0a13) addi    s4, s4, 601
core   0: 3 0x8000045c (0x259a0a13) x20 0x800206b1
core   0: 0x80000460 (0x00010f97) auipc   t6, 0x10
core   0: 3 0x80000460 (0x00010f97) x31 0x80010460
core   0: 0x80000464 (0xc00f8f93) addi    t6, t6, -1024
core   0: 3 0x80000464 (0xc00f8f93) x31 0x80010060
core   0: 0x80000468 (0xfe1a4783) lbu     a5, -31(s4)
core   0: 3 0x80000468 (0xfe1a4783) x15 0x00000018 mem 0x80020692
core   0: 0x8000046c (0x02af9103) lh      sp, 42(t6)
core   0: 3 0x8000046c (0x02af9103) x 2 0xffffbaef mem 0x8001008a
core   0: 0x80000470 (0x03ea1fa3) sh      t5, 63(s4)
core   0: 3 0x80000470 (0x03ea1fa3) mem 0x800206f0 0xfc9e
core   0: 0x80000474 (0x02ff8723) sb      a5, 46(t6)
core   0: 3 0x80000474 (0x02ff8723) mem 0x8001008e 0x18
core   0: 0x80000478 (0x02da4583) lbu     a1, 45(s4)
core   0: 3 0x80000478 (0x02da4583) x11 0x000000ea mem 0x800206de
core   0: 0x8000047c (0x020a4983) lbu     s3, 32(s4)
core   0: 3 0x8000047c (0x020a4983) x19 0x000000c8 mem 0x800206d1
core   0: 0x80000480 (0x099f9623) sh      s9, 140(t6)
core   0: 3 0x80000480 (0x099f9623) mem 0x800100ec 0x0000
core   0: 0x80000484 (0x036a4283) lbu     t0, 54(s4)
core   0: 3 0x80000484 (0x036a4283) x 5 0x000000a3 mem 0x800206e7
core   0: 0x80000488 (0x029a0b23) sb      s1, 54(s4)
core   0: 3 0x80000488 (0x029a0b23) mem 0x800206e7 0x55
core   0: 0x8000048c (0x0c8f9083) lh      ra, 200(t6)
core   0: 3 0x8000048c (0x0c8f9083) x 1 0x00007c7f mem 0x80010128
core   0: 0x80000490 (0x0a3fc803) lbu     a6, 163(t6)
core   0: 3 0x80000490 (0x0a3fc803) x16 0x0000007a mem 0x80010103
core   0: 0x80000494 (0xfefa4503) lbu     a0, -17(s4)
core   0: 3 0x80000494 (0xfefa4503) x10 0x00000001 mem 0x800206a0
core   0: 0x80000498 (0x0defc603) lbu     a2, 222(t6)
core   0: 3 0x80000498 (0x0defc603) x12 0x0000009a mem 0x8001013e
core   0: 0x8000049c (0xfc9a4e03) lbu     t3, -55(s4)
core   0: 3 0x8000049c (0xfc9a4e03) x28 0x000000b1 mem 0x8002067a
core   0: 0x800004a0 (0x032fd183) lhu     gp, 50(t6)
core   0: 3 0x800004a0 (0x032fd183) x 3 0x000098d2 mem 0x80010092
core   0: 0x800004a4 (0x0ebf9123) sh      a1, 226(t6)
core   0: 3 0x800004a4 (0x0ebf9123) mem 0x80010142 0x00ea
core   0: 0x800004a8 (0x00a00913) li      s2, 10
core   0: 3 0x800004a8 (0x00a00913) x18 0x0000000a
core   0: 0x800004ac (0x38373393) sltiu   t2, a4, 899
core   0: 3 0x800004ac (0x38373393) x 7 0x00000000
core   0: 0x800004b0 (0x00008d3d) c.xor   a0, a5
core   0: 3 0x800004b0 (0x8d3d) x10 0x00000019
core   0: 0x800004b2 (0x00006dad) c.lui   s11, 0xb
core   0: 3 0x800004b2 (0x6dad) x27 0x0000b000
core   0: 0x800004b4 (0x01b4ab33) slt     s6, s1, s11
core   0: 3 0x800004b4 (0x01b4ab33) x22 0x00000000
core   0: 0x800004b8 (0x00008ffd) c.and   a5, a5
core   0: 3 0x800004b8 (0x8ffd) x15 0x00000018
core   0: 0x800004ba (0x00a00813) li      a6, 10
core   0: 3 0x800004ba (0x00a00813) x16 0x0000000a
core   0: 0x800004be (0x00008bc9) c.andi  a5, 18
core   0: 3 0x800004be (0x8bc9) x15 0x00000010
core   0: 0x800004c0 (0x0340e5b3) rem     a1, ra, s4
core   0: 3 0x800004c0 (0x0340e5b3) x11 0x00007c7f
core   0: 0x800004c4 (0x41be5db3) sra     s11, t3, s11
core   0: 3 0x800004c4 (0x41be5db3) x27 0x000000b1
core   0: 0x800004c8 (0x009cd5b7) lui     a1, 0x9cd
core   0: 3 0x800004c8 (0x009cd5b7) x11 0x009cd000
core   0: 0x800004cc (0x000087b6) c.mv    a5, a3
core   0: 3 0x800004cc (0x87b6) x15 0x00000001
core   0: 0x800004ce (0x000085d1) c.srai  a1, 20
core   0: 3 0x800004ce (0x85d1) x11 0x00000009
core   0: 0x800004d0 (0xac83cd13) xori    s10, t2, -1336
core   0: 3 0x800004d0 (0xac83cd13) x26 0xfffffac8
core   0: 0x800004d4 (0xfb17f493) andi    s1, a5, -79
core   0: 3 0x800004d4 (0xfb17f493) x 9 0x00000001
core   0: 0x800004d8 (0x00008fb5) c.xor   a5, a3
core   0: 3 0x800004d8 (0x8fb5) x15 0x00000000
core   0: 0x800004da (0x41680d33) sub     s10, a6, s6
core   0: 3 0x800004da (0x41680d33) x26 0x0000000a
core   0: 0x800004de (0x00001961) c.addi  s2, -8
core   0: 3 0x800004de (0x1961) x18 0x00000002
core   0: 0x800004e0 (0x000057fd) c.li    a5, -1
core   0: 3 0x800004e0 (0x57fd) x15 0xffffffff
core   0: 0x800004e2 (0xff0975e3) bgeu    s2, a6, pc - 22
core   0: 3 0x800004e2 (0xff0975e3)
core   0: 0x800004e6 (0x19df0b93) addi    s7, t5, 413
core   0: 3 0x800004e6 (0x19df0b93) x23 0xfffffe3b
core   0: 0x800004ea (0x00012117) auipc   sp, 0x12
core   0: 3 0x800004ea (0x00012117) x 2 0x800124ea
core   0: 0x800004ee (0x4f910113) addi    sp, sp, 1273
core   0: 3 0x800004ee (0x4f910113) x 2 0x800129e3
core   0: 0x800004f2 (0x00008cfd) c.and   s1, a5
core   0: 3 0x800004f2 (0x8cfd) x 9 0x00000001
core   0: 0x800004f4 (0x01d11c03) lh      s8, 29(sp)
core   0: 3 0x800004f4 (0x01d11c03) x24 0x00006bd4 mem 0x80012a00
core   0: 0x800004f8 (0x01c10523) sb      t3, 10(sp)
core   0: 3 0x800004f8 (0x01c10523) mem 0x800129ed 0xb1
core   0: 0x800004fc (0x01710523) sb      s7, 10(sp)
core   0: 3 0x800004fc (0x01710523) mem 0x800129ed 0x3b
core   0: 0x80000500 (0x02210323) sb      sp, 38(sp)
core   0: 3 0x80000500 (0x02210323) mem 0x80012a09 0xe3
core   0: 0x80000504 (0x435aefb7) lui     t6, 0x435ae
core   0: 3 0x80000504 (0x435aefb7) x31 0x435ae000
core   0: 0x80000508 (0x02610303) lb      t1, 38(sp)
core   0: 3 0x80000508 (0x02610303) x 6 0xffffffe3 mem 0x80012a09
core   0: 0x8000050c (0xfc7107a3) sb      t2, -49(sp)
core   0: 3 0x8000050c (0xfc7107a3) mem 0x800129b2 0x0
core   0: 0x80000510 (0x02b10123) sb      a1, 34(sp)
core   0: 3 0x80000510 (0x02b10123) mem 0x80012a05 0x9
core   0: 0x80000514 (0xfdb15383) lhu     t2, -37(sp)
core   0: 3 0x80000514 (0xfdb15383) x 7 0x0000ec47 mem 0x800129be
core   0: 0x80000518 (0x021b49b3) div     s3, s6, ra
core   0: 3 0x80000518 (0x021b49b3) x19 0x00000000
core   0: 0x8000051c (0xfdb10303) lb      t1, -37(sp)
core   0: 3 0x8000051c (0xfdb10303) x 6 0x00000047 mem 0x800129be
core   0: 0x80000520 (0x41b45093) srai    ra, s0, 27
core   0: 3 0x80000520 (0x41b45093) x 1 0x00000004
core   0: 0x80000524 (0xfdb10503) lb      a0, -37(sp)
core   0: 3 0x80000524 (0xfdb10503) x10 0x00000047 mem 0x800129be
core   0: 0x80000528 (0xfd010da3) sb      a6, -37(sp)
core   0: 3 0x80000528 (0xfd010da3) mem 0x800129be 0xa
core   0: 0x8000052c (0xfdb15a03) lhu     s4, -37(sp)
core   0: 3 0x8000052c (0xfdb15a03) x20 0x0000ec0a mem 0x800129be
core   0: 0x80000530 (0xfc114003) lbu     zero, -63(sp)
core   0: 3 0x80000530 (0xfc114003) mem 0x800129a4
core   0: 0x80000534 (0xffe10203) lb      tp, -2(sp)
core   0: 3 0x80000534 (0xffe10203) x 4 0xffffffdc mem 0x800129e1
core   0: 0x80000538 (0x00008d21) c.xor   a0, s0
core   0: 3 0x80000538 (0x8d21) x10 0x20d754b9
core   0: 0x8000053a (0x0186d4b3) srl     s1, a3, s8
core   0: 3 0x8000053a (0x0186d4b3) x 9 0x00000000
core   0: 0x8000053e (0x00610e23) sb      t1, 28(sp)
core   0: 3 0x8000053e (0x00610e23) mem 0x800129ff 0x47
core   0: 0x80000542 (0x00020a17) auipc   s4, 0x20
core   0: 3 0x80000542 (0x00020a17) x20 0x80020542
core   0: 0x80000546 (0x098a0a13) addi    s4, s4, 152
core   0: 3 0x80000546 (0x098a0a13) x20 0x800205da
core   0: 0x8000054a (0x0001c917) auipc   s2, 0x1c
core   0: 3 0x8000054a (0x0001c917) x18 0x8001c54a
core   0: 0x8000054e (0x88990913) addi    s2, s2, -1911
core   0: 3 0x8000054e (0x88990913) x18 0x8001bdd3
core   0: 0x80000552 (0x487a4e03) lbu     t3, 1159(s4)
core   0: 3 0x80000552 (0x487a4e03) x28 0x00000044 mem 0x80020a61
core   0: 0x80000556 (0x13aa0383) lb      t2, 314(s4)
core   0: 3 0x80000556 (0x13aa0383) x 7 0xffffffc2 mem 0x80020714
core   0: 0x8000055a (0x0001da97) auipc   s5, 0x1d
core   0: 3 0x8000055a (0x0001da97) x21 0x8001d55a
core   0: 0x8000055e (0x4a1a8a93) addi    s5, s5, 1185
core   0: 3 0x8000055e (0x4a1a8a93) x21 0x8001d9fb
core   0: 0x80000562 (0x00ea8723) sb      a4, 14(s5)
core   0: 3 0x80000562 (0x00ea8723) mem 0x8001da09 0xe4
core   0: 0x80000566 (0xff6ac683) lbu     a3, -10(s5)
core   0: 3 0x80000566 (0xff6ac683) x13 0x00000042 mem 0x8001d9f1
core   0: 0x8000056a (0x335a0983) lb      s3, 821(s4)
core   0: 3 0x8000056a (0x335a0983) x19 0x00000029 mem 0x8002090f
core   0: 0x8000056e (0xf7790723) sb      s7, -146(s2)
core   0: 3 0x8000056e (0xf7790723) mem 0x8001bd41 0x3b
core   0: 0x80000572 (0x00aace83) lbu     t4, 10(s5)
core   0: 3 0x80000572 (0x00aace83) x29 0x00000022 mem 0x8001da05
core   0: 0x80000576 (0xe60a1283) lh      t0, -416(s4)
core   0: 3 0x80000576 (0xe60a1283) x 5 0x0000540b mem 0x8002043a
core   0: 0x8000057a (0xff7a9503) lh      a0, -9(s5)
core   0: 3 0x8000057a (0xff7a9503) x10 0x000033af mem 0x8001d9f2
core   0: 0x8000057e (0xde2a2d83) lw      s11, -542(s4)
core   0: 3 0x8000057e (0xde2a2d83) x27 0xf54f25bd mem 0x800203bc
core   0: 0x80000582 (0xfeb90c03) lb      s8, -21(s2)
core   0: 3 0x80000582 (0xfeb90c03) x24 0x00000004 mem 0x8001bdbe
core   0: 0x80000586 (0x010a8583) lb      a1, 16(s5)
core   0: 3 0x80000586 (0x010a8583) x11 0x0000006c mem 0x8001da0b
core   0: 0x8000058a (0x491a4b83) lbu     s7, 1169(s4)
core   0: 3 0x8000058a (0x491a4b83) x23 0x000000c2 mem 0x80020a6b
core   0: 0x8000058e (0x01ba8723) sb      s11, 14(s5)
core   0: 3 0x8000058e (0x01ba8723) mem 0x8001da09 0xbd
core   0: 0x80000592 (0xff9a8f23) sb      s9, -2(s5)
core   0: 3 0x80000592 (0xff9a8f23) mem 0x8001d9f9 0x0
core   0: 0x80000596 (0xf06911a3) sh      t1, -253(s2)
core   0: 3 0x80000596 (0xf06911a3) mem 0x8001bcd6 0x0047
core   0: 0x8000059a (0xff5ad183) lhu     gp, -11(s5)
core   0: 3 0x8000059a (0xff5ad183) x 3 0x00004268 mem 0x8001d9f0
core   0: 0x8000059e (0xf9290c23) sb      s2, -104(s2)
core   0: 3 0x8000059e (0xf9290c23) mem 0x8001bd6b 0xd3
core   0: 0x800005a2 (0xd74a5c03) lhu     s8, -652(s4)
core   0: 3 0x800005a2 (0xd74a5c03) x24 0x0000fd47 mem 0x8002034e
core   0: 0x800005a6 (0x01ea8523) sb      t5, 10(s5)
core   0: 3 0x800005a6 (0x01ea8523) mem 0x8001da05 0x9e
core   0: 0x800005aa (0xfbc928a3) sw      t3, -79(s2)
core   0: 3 0x800005aa (0xfbc928a3) mem 0x8001bd84 0x00000044
core   0: 0x800005ae (0xe1ca1683) lh      a3, -484(s4)
core   0: 3 0x800005ae (0xe1ca1683) x13 0x00004f7a mem 0x800203f6
core   0: 0x800005b2 (0x003a8623) sb      gp, 12(s5)
core   0: 3 0x800005b2 (0x003a8623) mem 0x8001da07 0x68
core   0: 0x800005b6 (0xd55a4603) lbu     a2, -683(s4)
core   0: 3 0x800005b6 (0xd55a4603) x12 0x000000a6 mem 0x8002032f
core   0: 0x800005ba (0x00016f17) auipc   t5, 0x16
core   0: 3 0x800005ba (0x00016f17) x30 0x800165ba
core   0: 0x800005be (0x9a1f0f13) addi    t5, t5, -1631
core   0: 3 0x800005be (0x9a1f0f13) x30 0x80015f5b
core   0: 0x800005c2 (0x00010e97) auipc   t4, 0x10
core   0: 3 0x800005c2 (0x00010e97) x29 0x800105c2
core   0: 0x800005c6 (0x7bfe8e93) addi    t4, t4, 1983
core   0: 3 0x800005c6 (0x7bfe8e93) x29 0x80010d81
core   0: 0x800005ca (0xf6cf4303) lbu     t1, -148(t5)
core   0: 3 0x800005ca (0xf6cf4303) x 6 0x000000c4 mem 0x80015ec7
core   0: 0x800005ce (0x01ee83a3) sb      t5, 7(t4)
core   0: 3 0x800005ce (0x01ee83a3) mem 0x80010d88 0x5b
core   0: 0x800005d2 (0x02af0aa3) sb      a0, 53(t5)
core   0: 3 0x800005d2 (0x02af0aa3) mem 0x80015f90 0xaf
core   0: 0x800005d6 (0xf5ef02a3) sb      t5, -187(t5)
core   0: 3 0x800005d6 (0xf5ef02a3) mem 0x80015ea0 0x5b
core   0: 0x800005da (0xffde9583) lh      a1, -3(t4)
core   0: 3 0x800005da (0xffde9583) x11 0x00006c54 mem 0x80010d7e
core   0: 0x800005de (0x085f4383) lbu     t2, 133(t5)
core   0: 3 0x800005de (0x085f4383) x 7 0x0000004c mem 0x80015fe0
core   0: 0x800005e2 (0xff7e8d23) sb      s7, -6(t4)
core   0: 3 0x800005e2 (0xff7e8d23) mem 0x80010d7b 0xc2
core   0: 0x800005e6 (0xf1af0b83) lb      s7, -230(t5)
core   0: 3 0x800005e6 (0xf1af0b83) x23 0x00000007 mem 0x80015e75
core   0: 0x800005ea (0x081f0d03) lb      s10, 129(t5)
core   0: 3 0x800005ea (0x081f0d03) x26 0x00000034 mem 0x80015fdc
core   0: 0x800005ee (0x00eec083) lbu     ra, 14(t4)
core   0: 3 0x800005ee (0x00eec083) x 1 0x0000008e mem 0x80010d8f
core   0: 0x800005f2 (0xf92f4503) lbu     a0, -110(t5)
core   0: 3 0x800005f2 (0xf92f4503) x10 0x00000040 mem 0x80015eed
core   0: 0x800005f6 (0x006ec403) lbu     s0, 6(t4)
core   0: 3 0x800005f6 (0x006ec403) x 8 0x000000b5 mem 0x80010d87
core   0: 0x800005fa (0xf15f5a83) lhu     s5, -235(t5)
core   0: 3 0x800005fa (0xf15f5a83) x21 0x00005f51 mem 0x80015e70
core   0: 0x800005fe (0x009ed503) lhu     a0, 9(t4)
core   0: 3 0x800005fe (0x009ed503) x10 0x0000c03b mem 0x80010d8a
core   0: 0x80000602 (0xff6eca83) lbu     s5, -10(t4)
core   0: 3 0x80000602 (0xff6eca83) x21 0x00000013 mem 0x80010d77
core   0: 0x80000606 (0x00ae8823) sb      a0, 16(t4)
core   0: 3 0x80000606 (0x00ae8823) mem 0x80010d91 0x3b
core   0: 0x8000060a (0x03c002ef) jal     t0, pc + 0x3c
core   0: 3 0x8000060a (0x03c002ef) x 5 0x8000060e
core   0: 0x80000646 (0x0000bfdd) c.j     pc - 10
core   0: 3 0x80000646 (0xbfdd)
core   0: 0x8000063c (0x0000bfd1) c.j     pc - 44
core   0: 3 0x8000063c (0xbfd1)
core   0: 0x80000610 (0x01e00f6f) jal     t5, pc + 0x1e
core   0: 3 0x80000610 (0x01e00f6f) x30 0x80000614
core   0: 0x8000062e (0x012000ef) jal     pc + 0x12
core   0: 3 0x8000062e (0x012000ef) x 1 0x80000632
core   0: 0x80000640 (0xfffffb6f) jal     s6, pc - 0x2
core   0: 3 0x80000640 (0xfffffb6f) x22 0x80000644
core   0: 0x8000063e (0x00003ff1) c.jal   pc - 36
core   0: 3 0x8000063e (0x3ff1) x 1 0x80000640
core   0: 0x8000061a (0x00002011) c.jal   pc + 4
core   0: 3 0x8000061a (0x2011) x 1 0x8000061c
core   0: 0x8000061e (0x0000a011) c.j     pc + 4
core   0: 3 0x8000061e (0xa011)
core   0: 0x80000622 (0x0000bfcd) c.j     pc - 14
core   0: 3 0x80000622 (0xbfcd)
core   0: 0x80000614 (0x016000ef) jal     pc + 0x16
core   0: 3 0x80000614 (0x016000ef) x 1 0x80000618
core   0: 0x8000062a (0x0000a031) c.j     pc + 12
core   0: 3 0x8000062a (0xa031)
core   0: 0x80000636 (0xff1ff36f) jal     t1, pc - 0x10
core   0: 3 0x80000636 (0xff1ff36f) x 6 0x8000063a
core   0: 0x80000626 (0xffbff2ef) jal     t0, pc - 0x6
core   0: 3 0x80000626 (0xffbff2ef) x 5 0x8000062a
core   0: 0x80000620 (0x00002035) c.jal   pc + 44
core   0: 3 0x80000620 (0x2035) x 1 0x80000622
core   0: 0x8000064c (0xfe7ff0ef) jal     pc - 0x1a
core   0: 3 0x8000064c (0xfe7ff0ef) x 1 0x80000650
core   0: 0x80000632 (0xff3ff26f) jal     tp, pc - 0xe
core   0: 3 0x80000632 (0xff3ff26f) x 4 0x80000636
core   0: 0x80000624 (0x0000bfd5) c.j     pc - 12
core   0: 3 0x80000624 (0xbfd5)
core   0: 0x80000618 (0x0000a811) c.j     pc + 20
core   0: 3 0x80000618 (0xa811)
core   0: 0x8000062c (0x00003fc5) c.jal   pc - 16
core   0: 3 0x8000062c (0x3fc5) x 1 0x8000062e
core   0: 0x8000061c (0x0000bfcd) c.j     pc - 14
core   0: 3 0x8000061c (0xbfcd)
core   0: 0x8000060e (0x00002035) c.jal   pc + 44
core   0: 3 0x8000060e (0x2035) x 1 0x80000610
core   0: 0x8000063a (0x0000a029) c.j     pc + 10
core   0: 3 0x8000063a (0xa029)
core   0: 0x80000644 (0x0000a011) c.j     pc + 4
core   0: 3 0x80000644 (0xa011)
core   0: 0x80000648 (0x008000ef) jal     pc + 0x8
core   0: 3 0x80000648 (0x008000ef) x 1 0x8000064c
core   0: 0x80000650 (0x011a5d33) srl     s10, s4, a7
core   0: 3 0x80000650 (0x011a5d33) x26 0x0800205d
core   0: 0x80000654 (0x004002ef) jal     t0, pc + 0x4
core   0: 3 0x80000654 (0x004002ef) x 5 0x80000658
core   0: 0x80000658 (0x0000a02d) c.j     pc + 42
core   0: 3 0x80000658 (0xa02d)
core   0: 0x80000682 (0x0000b7e5) c.j     pc - 24
core   0: 3 0x80000682 (0xb7e5)
core   0: 0x8000066a (0x00002801) c.jal   pc + 16
core   0: 3 0x8000066a (0x2801) x 1 0x8000066c
core   0: 0x8000067a (0xff9ff0ef) jal     pc - 0x8
core   0: 3 0x8000067a (0xff9ff0ef) x 1 0x8000067e
core   0: 0x80000672 (0x0000b7f5) c.j     pc - 20
core   0: 3 0x80000672 (0xb7f5)
core   0: 0x8000065e (0x0000a029) c.j     pc + 10
core   0: 3 0x8000065e (0xa029)
core   0: 0x80000668 (0x0000a819) c.j     pc + 22
core   0: 3 0x80000668 (0xa819)
core   0: 0x8000067e (0xfefff4ef) jal     s1, pc - 0x12
core   0: 3 0x8000067e (0xfefff4ef) x 9 0x80000682
core   0: 0x8000066c (0xfefff16f) jal     sp, pc - 0x12
core   0: 3 0x8000066c (0xfefff16f) x 2 0x80000670
core   0: 0x8000065a (0x00800b6f) jal     s6, pc + 0x8
core   0: 3 0x8000065a (0x00800b6f) x22 0x8000065e
core   0: 0x80000662 (0x00002009) c.jal   pc + 2
core   0: 3 0x80000662 (0x2009) x 1 0x80000664
core   0: 0x80000664 (0x0120096f) jal     s2, pc + 0x12
core   0: 3 0x80000664 (0x0120096f) x18 0x80000668
core   0: 0x80000676 (0x00e00e6f) jal     t3, pc + 0xe
core   0: 3 0x80000676 (0x00e00e6f) x28 0x8000067a
core   0: 0x80000684 (0x0000b7f5) c.j     pc - 20
core   0: 3 0x80000684 (0xb7f5)
core   0: 0x80000670 (0x0000a011) c.j     pc + 4
core   0: 3 0x80000670 (0xa011)
core   0: 0x80000674 (0x00002819) c.jal   pc + 22
core   0: 3 0x80000674 (0x2819) x 1 0x80000676
core   0: 0x8000068a (0x00003fd9) c.jal   pc - 42
core   0: 3 0x8000068a (0x3fd9) x 1 0x8000068c
core   0: 0x80000660 (0x0000201d) c.jal   pc + 38
core   0: 3 0x80000660 (0x201d) x 1 0x80000662
core   0: 0x80000686 (0x006000ef) jal     pc + 0x6
core   0: 3 0x80000686 (0x006000ef) x 1 0x8000068a
core   0: 0x8000068c (0x7366fa13) andi    s4, a3, 1846
core   0: 3 0x8000068c (0x7366fa13) x20 0x00000732
core   0: 0x80000690 (0x00010e97) auipc   t4, 0x10
core   0: 3 0x80000690 (0x00010e97) x29 0x80010690
core   0: 0x80000694 (0xe30e8e93) addi    t4, t4, -464
core   0: 3 0x80000694 (0xe30e8e93) x29 0x800104c0
core   0: 0x80000698 (0xfe1ec003) lbu     zero, -31(t4)
core   0: 3 0x80000698 (0xfe1ec003) mem 0x800104a1
core   0: 0x8000069c (0xfe8e80a3) sb      s0, -31(t4)
core   0: 3 0x8000069c (0xfe8e80a3) mem 0x800104a1 0xb5
core   0: 0x800006a0 (0xfe1e80a3) sb      ra, -31(t4)
core   0: 3 0x800006a0 (0xfe1e80a3) mem 0x800104a1 0x8a
core   0: 0x800006a4 (0xfe1ecf03) lbu     t5, -31(t4)
core   0: 3 0x800006a4 (0xfe1ecf03) x30 0x0000008a mem 0x800104a1
core   0: 0x800006a8 (0xfe5e8903) lb      s2, -27(t4)
core   0: 3 0x800006a8 (0xfe5e8903) x18 0x00000026 mem 0x800104a5
core   0: 0x800006ac (0xfe5e8903) lb      s2, -27(t4)
core   0: 3 0x800006ac (0xfe5e8903) x18 0x00000026 mem 0x800104a5
core   0: 0x800006b0 (0xfe6e82a3) sb      t1, -27(t4)
core   0: 3 0x800006b0 (0xfe6e82a3) mem 0x800104a5 0x3a
core   0: 0x800006b4 (0xfcfecc03) lbu     s8, -49(t4)
core   0: 3 0x800006b4 (0xfcfecc03) x24 0x000000e0 mem 0x8001048f
core   0: 0x800006b8 (0x0000822d) c.srli  a2, 11
core   0: 3 0x800006b8 (0x822d) x12 0x00000000
core   0: 0x800006ba (0x038e9b83) lh      s7, 56(t4)
core   0: 3 0x800006ba (0x038e9b83) x23 0x0000440a mem 0x800104f8
core   0: 0x800006be (0x038ed583) lhu     a1, 56(t4)
core   0: 3 0x800006be (0x038ed583) x11 0x0000440a mem 0x800104f8
core   0: 0x800006c2 (0x02ee9c23) sh      a4, 56(t4)
core   0: 3 0x800006c2 (0x02ee9c23) mem 0x800104f8 0x9ce4
core   0: 0x800006c6 (0x022e9683) lh      a3, 34(t4)
core   0: 3 0x800006c6 (0x022e9683) x13 0xfffff316 mem 0x800104e2
core   0: 0x800006ca (0x022ed403) lhu     s0, 34(t4)
core   0: 3 0x800006ca (0x022ed403) x 8 0x0000f316 mem 0x800104e2
core   0: 0x800006ce (0xff600993) li      s3, -10
core   0: 3 0x800006ce (0xff600993) x19 0xfffffff6
core   0: 0x800006d2 (0x011b0f33) add     t5, s6, a7
core   0: 3 0x800006d2 (0x011b0f33) x30 0x000264c2
core   0: 0x800006d6 (0x40ff5f33) sra     t5, t5, a5
core   0: 3 0x800006d6 (0x40ff5f33) x30 0x00000000
core   0: 0x800006da (0xfec00d13) li      s10, -20
core   0: 3 0x800006da (0xfec00d13) x26 0xffffffec
core   0: 0x800006de (0x409c8f33) sub     t5, s9, s1
core   0: 3 0x800006de (0x409c8f33) x30 0xfffff97e
core   0: 0x800006e2 (0x0109db93) srli    s7, s3, 16
core   0: 3 0x800006e2 (0x0109db93) x23 0x0000ffff
core   0: 0x800006e6 (0x087dae93) slti    t4, s11, 135
core   0: 3 0x800006e6 (0x087dae93) x29 0x00000001
core   0: 0x800006ea (0x02544933) div     s2, s0, t0
core   0: 3 0x800006ea (0x02544933) x18 0x00000000
core   0: 0x800006ee (0x0000100f) fence.i
core   0: 3 0x800006ee (0x0000100f)
core   0: 0x800006f2 (0x000019f9) c.addi  s3, -2
core   0: 3 0x800006f2 (0x19f9) x19 0xfffffff4
core   0: 0x800006f4 (0x022cdbb3) divu    s7, s9, sp
core   0: 3 0x800006f4 (0x022cdbb3) x23 0x00000000
core   0: 0x800006f8 (0xfff00f93) li      t6, -1
core   0: 3 0x800006f8 (0xfff00f93) x31 0xffffffff
core   0: 0x800006fc (0x69be9817) auipc   a6, 0x69be9
core   0: 3 0x800006fc (0x69be9817) x16 0xe9be96fc
core   0: 0x80000700 (0x01300593) li      a1, 19
core   0: 3 0x80000700 (0x01300593) x11 0x00000013
core   0: 0x80000704 (0x00000484) c.addi4spn s1, sp, 576
core   0: 3 0x80000704 (0x0484) x 9 0x800008b0
core   0: 0x80000706 (0x00000001) c.nop
core   0: 3 0x80000706 (0x0001)
core   0: 0x80000708 (0x00000001) c.nop
core   0: 3 0x80000708 (0x0001)
core   0: 0x8000070a (0x00000001) c.nop
core   0: 3 0x8000070a (0x0001)
core   0: 0x8000070c (0x00001710) c.addi4spn a2, sp, 928
core   0: 3 0x8000070c (0x1710) x12 0x80000a10
core   0: 0x8000070e (0x00000f89) c.addi  t6, 2
core   0: 3 0x8000070e (0x0f89) x31 0x00000001
core   0: 0x80000710 (0x00009962) c.add   s2, s8
core   0: 3 0x80000710 (0x9962) x18 0x000000e0
core   0: 0x80000712 (0x001f01b3) add     gp, t5, ra
core   0: 3 0x80000712 (0x001f01b3) x 3 0x80000008
core   0: 0x80000716 (0x02df4bb3) div     s7, t5, a3
core   0: 3 0x80000716 (0x02df4bb3) x23 0x00000000
core   0: 0x8000071a (0xfebfe5e3) bltu    t6, a1, pc - 22
core   0: 3 0x8000071a (0xfebfe5e3)
core   0: 0x80000704 (0x00000484) c.addi4spn s1, sp, 576
core   0: 3 0x80000704 (0x0484) x 9 0x800008b0
core   0: 0x80000706 (0x00000001) c.nop
core   0: 3 0x80000706 (0x0001)
core   0: 0x80000708 (0x00000001) c.nop
core   0: 3 0x80000708 (0x0001)
core   0: 0x8000070a (0x00000001) c.nop
core   0: 3 0x8000070a (0x0001)
core   0: 0x8000070c (0x00001710) c.addi4spn a2, sp, 928
core   0: 3 0x8000070c (0x1710) x12 0x80000a10
core   0: 0x8000070e (0x00000f89) c.addi  t6, 2
core   0: 3 0x8000070e (0x0f89) x31 0x00000003
core   0: 0x80000710 (0x00009962) c.add   s2, s8
core   0: 3 0x80000710 (0x9962) x18 0x000001c0
core   0: 0x80000712 (0x001f01b3) add     gp, t5, ra
core   0: 3 0x80000712 (0x001f01b3) x 3 0x80000008
core   0: 0x80000716 (0x02df4bb3) div     s7, t5, a3
core   0: 3 0x80000716 (0x02df4bb3) x23 0x00000000
core   0: 0x8000071a (0xfebfe5e3) bltu    t6, a1, pc - 22
core   0: 3 0x8000071a (0xfebfe5e3)
core   0: 0x80000704 (0x00000484) c.addi4spn s1, sp, 576
core   0: 3 0x80000704 (0x0484) x 9 0x800008b0
core   0: 0x80000706 (0x00000001) c.nop
core   0: 3 0x80000706 (0x0001)
core   0: 0x80000708 (0x00000001) c.nop
core   0: 3 0x80000708 (0x0001)
core   0: 0x8000070a (0x00000001) c.nop
core   0: 3 0x8000070a (0x0001)
core   0: 0x8000070c (0x00001710) c.addi4spn a2, sp, 928
core   0: 3 0x8000070c (0x1710) x12 0x80000a10
core   0: 0x8000070e (0x00000f89) c.addi  t6, 2
core   0: 3 0x8000070e (0x0f89) x31 0x00000005
core   0: 0x80000710 (0x00009962) c.add   s2, s8
core   0: 3 0x80000710 (0x9962) x18 0x000002a0
core   0: 0x80000712 (0x001f01b3) add     gp, t5, ra
core   0: 3 0x80000712 (0x001f01b3) x 3 0x80000008
core   0: 0x80000716 (0x02df4bb3) div     s7, t5, a3
core   0: 3 0x80000716 (0x02df4bb3) x23 0x00000000
core   0: 0x8000071a (0xfebfe5e3) bltu    t6, a1, pc - 22
core   0: 3 0x8000071a (0xfebfe5e3)
core   0: 0x80000704 (0x00000484) c.addi4spn s1, sp, 576
core   0: 3 0x80000704 (0x0484) x 9 0x800008b0
core   0: 0x80000706 (0x00000001) c.nop
core   0: 3 0x80000706 (0x0001)
core   0: 0x80000708 (0x00000001) c.nop
core   0: 3 0x80000708 (0x0001)
core   0: 0x8000070a (0x00000001) c.nop
core   0: 3 0x8000070a (0x0001)
core   0: 0x8000070c (0x00001710) c.addi4spn a2, sp, 928
core   0: 3 0x8000070c (0x1710) x12 0x80000a10
core   0: 0x8000070e (0x00000f89) c.addi  t6, 2
core   0: 3 0x8000070e (0x0f89) x31 0x00000007
core   0: 0x80000710 (0x00009962) c.add   s2, s8
core   0: 3 0x80000710 (0x9962) x18 0x00000380
core   0: 0x80000712 (0x001f01b3) add     gp, t5, ra
core   0: 3 0x80000712 (0x001f01b3) x 3 0x80000008
core   0: 0x80000716 (0x02df4bb3) div     s7, t5, a3
core   0: 3 0x80000716 (0x02df4bb3) x23 0x00000000
core   0: 0x8000071a (0xfebfe5e3) bltu    t6, a1, pc - 22
core   0: 3 0x8000071a (0xfebfe5e3)
core   0: 0x80000704 (0x00000484) c.addi4spn s1, sp, 576
core   0: 3 0x80000704 (0x0484) x 9 0x800008b0
core   0: 0x80000706 (0x00000001) c.nop
core   0: 3 0x80000706 (0x0001)
core   0: 0x80000708 (0x00000001) c.nop
core   0: 3 0x80000708 (0x0001)
core   0: 0x8000070a (0x00000001) c.nop
core   0: 3 0x8000070a (0x0001)
core   0: 0x8000070c (0x00001710) c.addi4spn a2, sp, 928
core   0: 3 0x8000070c (0x1710) x12 0x80000a10
core   0: 0x8000070e (0x00000f89) c.addi  t6, 2
core   0: 3 0x8000070e (0x0f89) x31 0x00000009
core   0: 0x80000710 (0x00009962) c.add   s2, s8
core   0: 3 0x80000710 (0x9962) x18 0x00000460
core   0: 0x80000712 (0x001f01b3) add     gp, t5, ra
core   0: 3 0x80000712 (0x001f01b3) x 3 0x80000008
core   0: 0x80000716 (0x02df4bb3) div     s7, t5, a3
core   0: 3 0x80000716 (0x02df4bb3) x23 0x00000000
core   0: 0x8000071a (0xfebfe5e3) bltu    t6, a1, pc - 22
core   0: 3 0x8000071a (0xfebfe5e3)
core   0: 0x80000704 (0x00000484) c.addi4spn s1, sp, 576
core   0: 3 0x80000704 (0x0484) x 9 0x800008b0
core   0: 0x80000706 (0x00000001) c.nop
core   0: 3 0x80000706 (0x0001)
core   0: 0x80000708 (0x00000001) c.nop
core   0: 3 0x80000708 (0x0001)
core   0: 0x8000070a (0x00000001) c.nop
core   0: 3 0x8000070a (0x0001)
core   0: 0x8000070c (0x00001710) c.addi4spn a2, sp, 928
core   0: 3 0x8000070c (0x1710) x12 0x80000a10
core   0: 0x8000070e (0x00000f89) c.addi  t6, 2
core   0: 3 0x8000070e (0x0f89) x31 0x0000000b
core   0: 0x80000710 (0x00009962) c.add   s2, s8
core   0: 3 0x80000710 (0x9962) x18 0x00000540
core   0: 0x80000712 (0x001f01b3) add     gp, t5, ra
core   0: 3 0x80000712 (0x001f01b3) x 3 0x80000008
core   0: 0x80000716 (0x02df4bb3) div     s7, t5, a3
core   0: 3 0x80000716 (0x02df4bb3) x23 0x00000000
core   0: 0x8000071a (0xfebfe5e3) bltu    t6, a1, pc - 22
core   0: 3 0x8000071a (0xfebfe5e3)
core   0: 0x80000704 (0x00000484) c.addi4spn s1, sp, 576
core   0: 3 0x80000704 (0x0484) x 9 0x800008b0
core   0: 0x80000706 (0x00000001) c.nop
core   0: 3 0x80000706 (0x0001)
core   0: 0x80000708 (0x00000001) c.nop
core   0: 3 0x80000708 (0x0001)
core   0: 0x8000070a (0x00000001) c.nop
core   0: 3 0x8000070a (0x0001)
core   0: 0x8000070c (0x00001710) c.addi4spn a2, sp, 928
core   0: 3 0x8000070c (0x1710) x12 0x80000a10
core   0: 0x8000070e (0x00000f89) c.addi  t6, 2
core   0: 3 0x8000070e (0x0f89) x31 0x0000000d
core   0: 0x80000710 (0x00009962) c.add   s2, s8
core   0: 3 0x80000710 (0x9962) x18 0x00000620
core   0: 0x80000712 (0x001f01b3) add     gp, t5, ra
core   0: 3 0x80000712 (0x001f01b3) x 3 0x80000008
core   0: 0x80000716 (0x02df4bb3) div     s7, t5, a3
core   0: 3 0x80000716 (0x02df4bb3) x23 0x00000000
core   0: 0x8000071a (0xfebfe5e3) bltu    t6, a1, pc - 22
core   0: 3 0x8000071a (0xfebfe5e3)
core   0: 0x80000704 (0x00000484) c.addi4spn s1, sp, 576
core   0: 3 0x80000704 (0x0484) x 9 0x800008b0
core   0: 0x80000706 (0x00000001) c.nop
core   0: 3 0x80000706 (0x0001)
core   0: 0x80000708 (0x00000001) c.nop
core   0: 3 0x80000708 (0x0001)
core   0: 0x8000070a (0x00000001) c.nop
core   0: 3 0x8000070a (0x0001)
core   0: 0x8000070c (0x00001710) c.addi4spn a2, sp, 928
core   0: 3 0x8000070c (0x1710) x12 0x80000a10
core   0: 0x8000070e (0x00000f89) c.addi  t6, 2
core   0: 3 0x8000070e (0x0f89) x31 0x0000000f
core   0: 0x80000710 (0x00009962) c.add   s2, s8
core   0: 3 0x80000710 (0x9962) x18 0x00000700
core   0: 0x80000712 (0x001f01b3) add     gp, t5, ra
core   0: 3 0x80000712 (0x001f01b3) x 3 0x80000008
core   0: 0x80000716 (0x02df4bb3) div     s7, t5, a3
core   0: 3 0x80000716 (0x02df4bb3) x23 0x00000000
core   0: 0x8000071a (0xfebfe5e3) bltu    t6, a1, pc - 22
core   0: 3 0x8000071a (0xfebfe5e3)
core   0: 0x80000704 (0x00000484) c.addi4spn s1, sp, 576
core   0: 3 0x80000704 (0x0484) x 9 0x800008b0
core   0: 0x80000706 (0x00000001) c.nop
core   0: 3 0x80000706 (0x0001)
core   0: 0x80000708 (0x00000001) c.nop
core   0: 3 0x80000708 (0x0001)
core   0: 0x8000070a (0x00000001) c.nop
core   0: 3 0x8000070a (0x0001)
core   0: 0x8000070c (0x00001710) c.addi4spn a2, sp, 928
core   0: 3 0x8000070c (0x1710) x12 0x80000a10
core   0: 0x8000070e (0x00000f89) c.addi  t6, 2
core   0: 3 0x8000070e (0x0f89) x31 0x00000011
core   0: 0x80000710 (0x00009962) c.add   s2, s8
core   0: 3 0x80000710 (0x9962) x18 0x000007e0
core   0: 0x80000712 (0x001f01b3) add     gp, t5, ra
core   0: 3 0x80000712 (0x001f01b3) x 3 0x80000008
core   0: 0x80000716 (0x02df4bb3) div     s7, t5, a3
core   0: 3 0x80000716 (0x02df4bb3) x23 0x00000000
core   0: 0x8000071a (0xfebfe5e3) bltu    t6, a1, pc - 22
core   0: 3 0x8000071a (0xfebfe5e3)
core   0: 0x80000704 (0x00000484) c.addi4spn s1, sp, 576
core   0: 3 0x80000704 (0x0484) x 9 0x800008b0
core   0: 0x80000706 (0x00000001) c.nop
core   0: 3 0x80000706 (0x0001)
core   0: 0x80000708 (0x00000001) c.nop
core   0: 3 0x80000708 (0x0001)
core   0: 0x8000070a (0x00000001) c.nop
core   0: 3 0x8000070a (0x0001)
core   0: 0x8000070c (0x00001710) c.addi4spn a2, sp, 928
core   0: 3 0x8000070c (0x1710) x12 0x80000a10
core   0: 0x8000070e (0x00000f89) c.addi  t6, 2
core   0: 3 0x8000070e (0x0f89) x31 0x00000013
core   0: 0x80000710 (0x00009962) c.add   s2, s8
core   0: 3 0x80000710 (0x9962) x18 0x000008c0
core   0: 0x80000712 (0x001f01b3) add     gp, t5, ra
core   0: 3 0x80000712 (0x001f01b3) x 3 0x80000008
core   0: 0x80000716 (0x02df4bb3) div     s7, t5, a3
core   0: 3 0x80000716 (0x02df4bb3) x23 0x00000000
core   0: 0x8000071a (0xfebfe5e3) bltu    t6, a1, pc - 22
core   0: 3 0x8000071a (0xfebfe5e3)
core   0: 0x8000071e (0x00008c29) c.xor   s0, a0
core   0: 3 0x8000071e (0x8c29) x 8 0x0000332d
core   0: 0x80000720 (0x8548b193) sltiu   gp, a7, -1964
core   0: 3 0x80000720 (0x8548b193) x 3 0x00000001
core   0: 0x80000724 (0x000090c2) c.add   ra, a6
core   0: 3 0x80000724 (0x90c2) x 1 0x69be9d86
core   0: 0x80000726 (0x4164d293) srai    t0, s1, 22
core   0: 3 0x80000726 (0x4164d293) x 5 0xfffffe00
core   0: 0x8000072a (0x0000717d) c.addi16sp sp, -16
core   0: 3 0x8000072a (0x717d) x 2 0x80000660
core   0: 0x8000072c (0x00001790) c.addi4spn a2, sp, 992
core   0: 3 0x8000072c (0x1790) x12 0x80000a40
core   0: 0x8000072e (0xfba9dce3) bge     s3, s10, pc - 72
core   0: 3 0x8000072e (0xfba9dce3)
core   0: 0x800006e6 (0x087dae93) slti    t4, s11, 135
core   0: 3 0x800006e6 (0x087dae93) x29 0x00000001
core   0: 0x800006ea (0x02544933) div     s2, s0, t0
core   0: 3 0x800006ea (0x02544933) x18 0xffffffe7
core   0: 0x800006ee (0x0000100f) fence.i
core   0: 3 0x800006ee (0x0000100f)
core   0: 0x800006f2 (0x000019f9) c.addi  s3, -2
core   0: 3 0x800006f2 (0x19f9) x19 0xfffffff2
core   0: 0x800006f4 (0x022cdbb3) divu    s7, s9, sp
core   0: 3 0x800006f4 (0x022cdbb3) x23 0x00000000
core   0: 0x800006f8 (0xfff00f93) li      t6, -1
core   0: 3 0x800006f8 (0xfff00f93) x31 0xffffffff
core   0: 0x800006fc (0x69be9817) auipc   a6, 0x69be9
core   0: 3 0x800006fc (0x69be9817) x16 0xe9be96fc
core   0: 0x80000700 (0x01300593) li      a1, 19
core   0: 3 0x80000700 (0x01300593) x11 0x00000013
core   0: 0x80000704 (0x00000484) c.addi4spn s1, sp, 576
core   0: 3 0x80000704 (0x0484) x 9 0x800008a0
core   0: 0x80000706 (0x00000001) c.nop
core   0: 3 0x80000706 (0x0001)
core   0: 0x80000708 (0x00000001) c.nop
core   0: 3 0x80000708 (0x0001)
core   0: 0x8000070a (0x00000001) c.nop
core   0: 3 0x8000070a (0x0001)
core   0: 0x8000070c (0x00001710) c.addi4spn a2, sp, 928
core   0: 3 0x8000070c (0x1710) x12 0x80000a00
core   0: 0x8000070e (0x00000f89) c.addi  t6, 2
core   0: 3 0x8000070e (0x0f89) x31 0x00000001
core   0: 0x80000710 (0x00009962) c.add   s2, s8
core   0: 3 0x80000710 (0x9962) x18 0x000000c7
core   0: 0x80000712 (0x001f01b3) add     gp, t5, ra
core   0: 3 0x80000712 (0x001f01b3) x 3 0x69be9704
core   0: 0x80000716 (0x02df4bb3) div     s7, t5, a3
core   0: 3 0x80000716 (0x02df4bb3) x23 0x00000000
core   0: 0x8000071a (0xfebfe5e3) bltu    t6, a1, pc - 22
core   0: 3 0x8000071a (0xfebfe5e3)
core   0: 0x80000704 (0x00000484) c.addi4spn s1, sp, 576
core   0: 3 0x80000704 (0x0484) x 9 0x800008a0
core   0: 0x80000706 (0x00000001) c.nop
core   0: 3 0x80000706 (0x0001)
core   0: 0x80000708 (0x00000001) c.nop
core   0: 3 0x80000708 (0x0001)
core   0: 0x8000070a (0x00000001) c.nop
core   0: 3 0x8000070a (0x0001)
core   0: 0x8000070c (0x00001710) c.addi4spn a2, sp, 928
core   0: 3 0x8000070c (0x1710) x12 0x80000a00
core   0: 0x8000070e (0x00000f89) c.addi  t6, 2
core   0: 3 0x8000070e (0x0f89) x31 0x00000003
core   0: 0x80000710 (0x00009962) c.add   s2, s8
core   0: 3 0x80000710 (0x9962) x18 0x000001a7
core   0: 0x80000712 (0x001f01b3) add     gp, t5, ra
core   0: 3 0x80000712 (0x001f01b3) x 3 0x69be9704
core   0: 0x80000716 (0x02df4bb3) div     s7, t5, a3
core   0: 3 0x80000716 (0x02df4bb3) x23 0x00000000
core   0: 0x8000071a (0xfebfe5e3) bltu    t6, a1, pc - 22
core   0: 3 0x8000071a (0xfebfe5e3)
core   0: 0x80000704 (0x00000484) c.addi4spn s1, sp, 576
core   0: 3 0x80000704 (0x0484) x 9 0x800008a0
core   0: 0x80000706 (0x00000001) c.nop
core   0: 3 0x80000706 (0x0001)
core   0: 0x80000708 (0x00000001) c.nop
core   0: 3 0x80000708 (0x0001)
core   0: 0x8000070a (0x00000001) c.nop
core   0: 3 0x8000070a (0x0001)
core   0: 0x8000070c (0x00001710) c.addi4spn a2, sp, 928
core   0: 3 0x8000070c (0x1710) x12 0x80000a00
core   0: 0x8000070e (0x00000f89) c.addi  t6, 2
core   0: 3 0x8000070e (0x0f89) x31 0x00000005
core   0: 0x80000710 (0x00009962) c.add   s2, s8
core   0: 3 0x80000710 (0x9962) x18 0x00000287
core   0: 0x80000712 (0x001f01b3) add     gp, t5, ra
core   0: 3 0x80000712 (0x001f01b3) x 3 0x69be9704
core   0: 0x80000716 (0x02df4bb3) div     s7, t5, a3
core   0: 3 0x80000716 (0x02df4bb3) x23 0x00000000
core   0: 0x8000071a (0xfebfe5e3) bltu    t6, a1, pc - 22
core   0: 3 0x8000071a (0xfebfe5e3)
core   0: 0x80000704 (0x00000484) c.addi4spn s1, sp, 576
core   0: 3 0x80000704 (0x0484) x 9 0x800008a0
core   0: 0x80000706 (0x00000001) c.nop
core   0: 3 0x80000706 (0x0001)
core   0: 0x80000708 (0x00000001) c.nop
core   0: 3 0x80000708 (0x0001)
core   0: 0x8000070a (0x00000001) c.nop
core   0: 3 0x8000070a (0x0001)
core   0: 0x8000070c (0x00001710) c.addi4spn a2, sp, 928
core   0: 3 0x8000070c (0x1710) x12 0x80000a00
core   0: 0x8000070e (0x00000f89) c.addi  t6, 2
core   0: 3 0x8000070e (0x0f89) x31 0x00000007
core   0: 0x80000710 (0x00009962) c.add   s2, s8
core   0: 3 0x80000710 (0x9962) x18 0x00000367
core   0: 0x80000712 (0x001f01b3) add     gp, t5, ra
core   0: 3 0x80000712 (0x001f01b3) x 3 0x69be9704
core   0: 0x80000716 (0x02df4bb3) div     s7, t5, a3
core   0: 3 0x80000716 (0x02df4bb3) x23 0x00000000
core   0: 0x8000071a (0xfebfe5e3) bltu    t6, a1, pc - 22
core   0: 3 0x8000071a (0xfebfe5e3)
core   0: 0x80000704 (0x00000484) c.addi4spn s1, sp, 576
core   0: 3 0x80000704 (0x0484) x 9 0x800008a0
core   0: 0x80000706 (0x00000001) c.nop
core   0: 3 0x80000706 (0x0001)
core   0: 0x80000708 (0x00000001) c.nop
core   0: 3 0x80000708 (0x0001)
core   0: 0x8000070a (0x00000001) c.nop
core   0: 3 0x8000070a (0x0001)
core   0: 0x8000070c (0x00001710) c.addi4spn a2, sp, 928
core   0: 3 0x8000070c (0x1710) x12 0x80000a00
core   0: 0x8000070e (0x00000f89) c.addi  t6, 2
core   0: 3 0x8000070e (0x0f89) x31 0x00000009
core   0: 0x80000710 (0x00009962) c.add   s2, s8
core   0: 3 0x80000710 (0x9962) x18 0x00000447
core   0: 0x80000712 (0x001f01b3) add     gp, t5, ra
core   0: 3 0x80000712 (0x001f01b3) x 3 0x69be9704
core   0: 0x80000716 (0x02df4bb3) div     s7, t5, a3
core   0: 3 0x80000716 (0x02df4bb3) x23 0x00000000
core   0: 0x8000071a (0xfebfe5e3) bltu    t6, a1, pc - 22
core   0: 3 0x8000071a (0xfebfe5e3)
core   0: 0x80000704 (0x00000484) c.addi4spn s1, sp, 576
core   0: 3 0x80000704 (0x0484) x 9 0x800008a0
core   0: 0x80000706 (0x00000001) c.nop
core   0: 3 0x80000706 (0x0001)
core   0: 0x80000708 (0x00000001) c.nop
core   0: 3 0x80000708 (0x0001)
core   0: 0x8000070a (0x00000001) c.nop
core   0: 3 0x8000070a (0x0001)
core   0: 0x8000070c (0x00001710) c.addi4spn a2, sp, 928
core   0: 3 0x8000070c (0x1710) x12 0x80000a00
core   0: 0x8000070e (0x00000f89) c.addi  t6, 2
core   0: 3 0x8000070e (0x0f89) x31 0x0000000b
core   0: 0x80000710 (0x00009962) c.add   s2, s8
core   0: 3 0x80000710 (0x9962) x18 0x00000527
core   0: 0x80000712 (0x001f01b3) add     gp, t5, ra
core   0: 3 0x80000712 (0x001f01b3) x 3 0x69be9704
core   0: 0x80000716 (0x02df4bb3) div     s7, t5, a3
core   0: 3 0x80000716 (0x02df4bb3) x23 0x00000000
core   0: 0x8000071a (0xfebfe5e3) bltu    t6, a1, pc - 22
core   0: 3 0x8000071a (0xfebfe5e3)
core   0: 0x80000704 (0x00000484) c.addi4spn s1, sp, 576
core   0: 3 0x80000704 (0x0484) x 9 0x800008a0
core   0: 0x80000706 (0x00000001) c.nop
core   0: 3 0x80000706 (0x0001)
core   0: 0x80000708 (0x00000001) c.nop
core   0: 3 0x80000708 (0x0001)
core   0: 0x8000070a (0x00000001) c.nop
core   0: 3 0x8000070a (0x0001)
core   0: 0x8000070c (0x00001710) c.addi4spn a2, sp, 928
core   0: 3 0x8000070c (0x1710) x12 0x80000a00
core   0: 0x8000070e (0x00000f89) c.addi  t6, 2
core   0: 3 0x8000070e (0x0f89) x31 0x0000000d
core   0: 0x80000710 (0x00009962) c.add   s2, s8
core   0: 3 0x80000710 (0x9962) x18 0x00000607
core   0: 0x80000712 (0x001f01b3) add     gp, t5, ra
core   0: 3 0x80000712 (0x001f01b3) x 3 0x69be9704
core   0: 0x80000716 (0x02df4bb3) div     s7, t5, a3
core   0: 3 0x80000716 (0x02df4bb3) x23 0x00000000
core   0: 0x8000071a (0xfebfe5e3) bltu    t6, a1, pc - 22
core   0: 3 0x8000071a (0xfebfe5e3)
core   0: 0x80000704 (0x00000484) c.addi4spn s1, sp, 576
core   0: 3 0x80000704 (0x0484) x 9 0x800008a0
core   0: 0x80000706 (0x00000001) c.nop
core   0: 3 0x80000706 (0x0001)
core   0: 0x80000708 (0x00000001) c.nop
core   0: 3 0x80000708 (0x0001)
core   0: 0x8000070a (0x00000001) c.nop
core   0: 3 0x8000070a (0x0001)
core   0: 0x8000070c (0x00001710) c.addi4spn a2, sp, 928
core   0: 3 0x8000070c (0x1710) x12 0x80000a00
core   0: 0x8000070e (0x00000f89) c.addi  t6, 2
core   0: 3 0x8000070e (0x0f89) x31 0x0000000f
core   0: 0x80000710 (0x00009962) c.add   s2, s8
core   0: 3 0x80000710 (0x9962) x18 0x000006e7
core   0: 0x80000712 (0x001f01b3) add     gp, t5, ra
core   0: 3 0x80000712 (0x001f01b3) x 3 0x69be9704
core   0: 0x80000716 (0x02df4bb3) div     s7, t5, a3
core   0: 3 0x80000716 (0x02df4bb3) x23 0x00000000
core   0: 0x8000071a (0xfebfe5e3) bltu    t6, a1, pc - 22
core   0: 3 0x8000071a (0xfebfe5e3)
core   0: 0x80000704 (0x00000484) c.addi4spn s1, sp, 576
core   0: 3 0x80000704 (0x0484) x 9 0x800008a0
core   0: 0x80000706 (0x00000001) c.nop
core   0: 3 0x80000706 (0x0001)
core   0: 0x80000708 (0x00000001) c.nop
core   0: 3 0x80000708 (0x0001)
core   0: 0x8000070a (0x00000001) c.nop
core   0: 3 0x8000070a (0x0001)
core   0: 0x8000070c (0x00001710) c.addi4spn a2, sp, 928
core   0: 3 0x8000070c (0x1710) x12 0x80000a00
core   0: 0x8000070e (0x00000f89) c.addi  t6, 2
core   0: 3 0x8000070e (0x0f89) x31 0x00000011
core   0: 0x80000710 (0x00009962) c.add   s2, s8
core   0: 3 0x80000710 (0x9962) x18 0x000007c7
core   0: 0x80000712 (0x001f01b3) add     gp, t5, ra
core   0: 3 0x80000712 (0x001f01b3) x 3 0x69be9704
core   0: 0x80000716 (0x02df4bb3) div     s7, t5, a3
core   0: 3 0x80000716 (0x02df4bb3) x23 0x00000000
core   0: 0x8000071a (0xfebfe5e3) bltu    t6, a1, pc - 22
core   0: 3 0x8000071a (0xfebfe5e3)
core   0: 0x80000704 (0x00000484) c.addi4spn s1, sp, 576
core   0: 3 0x80000704 (0x0484) x 9 0x800008a0
core   0: 0x80000706 (0x00000001) c.nop
core   0: 3 0x80000706 (0x0001)
core   0: 0x80000708 (0x00000001) c.nop
core   0: 3 0x80000708 (0x0001)
core   0: 0x8000070a (0x00000001) c.nop
core   0: 3 0x8000070a (0x0001)
core   0: 0x8000070c (0x00001710) c.addi4spn a2, sp, 928
core   0: 3 0x8000070c (0x1710) x12 0x80000a00
core   0: 0x8000070e (0x00000f89) c.addi  t6, 2
core   0: 3 0x8000070e (0x0f89) x31 0x00000013
core   0: 0x80000710 (0x00009962) c.add   s2, s8
core   0: 3 0x80000710 (0x9962) x18 0x000008a7
core   0: 0x80000712 (0x001f01b3) add     gp, t5, ra
core   0: 3 0x80000712 (0x001f01b3) x 3 0x69be9704
core   0: 0x80000716 (0x02df4bb3) div     s7, t5, a3
core   0: 3 0x80000716 (0x02df4bb3) x23 0x00000000
core   0: 0x8000071a (0xfebfe5e3) bltu    t6, a1, pc - 22
core   0: 3 0x8000071a (0xfebfe5e3)
core   0: 0x8000071e (0x00008c29) c.xor   s0, a0
core   0: 3 0x8000071e (0x8c29) x 8 0x0000f316
core   0: 0x80000720 (0x8548b193) sltiu   gp, a7, -1964
core   0: 3 0x80000720 (0x8548b193) x 3 0x00000001
core   0: 0x80000724 (0x000090c2) c.add   ra, a6
core   0: 3 0x80000724 (0x90c2) x 1 0x537d3482
core   0: 0x80000726 (0x4164d293) srai    t0, s1, 22
core   0: 3 0x80000726 (0x4164d293) x 5 0xfffffe00
core   0: 0x8000072a (0x0000717d) c.addi16sp sp, -16
core   0: 3 0x8000072a (0x717d) x 2 0x80000650
core   0: 0x8000072c (0x00001790) c.addi4spn a2, sp, 992
core   0: 3 0x8000072c (0x1790) x12 0x80000a30
core   0: 0x8000072e (0xfba9dce3) bge     s3, s10, pc - 72
core   0: 3 0x8000072e (0xfba9dce3)
core   0: 0x800006e6 (0x087dae93) slti    t4, s11, 135
core   0: 3 0x800006e6 (0x087dae93) x29 0x00000001
core   0: 0x800006ea (0x02544933) div     s2, s0, t0
core   0: 3 0x800006ea (0x02544933) x18 0xffffff87
core   0: 0x800006ee (0x0000100f) fence.i
core   0: 3 0x800006ee (0x0000100f)
core   0: 0x800006f2 (0x000019f9) c.addi  s3, -2
core   0: 3 0x800006f2 (0x19f9) x19 0xfffffff0
core   0: 0x800006f4 (0x022cdbb3) divu    s7, s9, sp
core   0: 3 0x800006f4 (0x022cdbb3) x23 0x00000000
core   0: 0x800006f8 (0xfff00f93) li      t6, -1
core   0: 3 0x800006f8 (0xfff00f93) x31 0xffffffff
core   0: 0x800006fc (0x69be9817) auipc   a6, 0x69be9
core   0: 3 0x800006fc (0x69be9817) x16 0xe9be96fc
core   0: 0x80000700 (0x01300593) li      a1, 19
core   0: 3 0x80000700 (0x01300593) x11 0x00000013
core   0: 0x80000704 (0x00000484) c.addi4spn s1, sp, 576
core   0: 3 0x80000704 (0x0484) x 9 0x80000890
core   0: 0x80000706 (0x00000001) c.nop
core   0: 3 0x80000706 (0x0001)
core   0: 0x80000708 (0x00000001) c.nop
core   0: 3 0x80000708 (0x0001)
core   0: 0x8000070a (0x00000001) c.nop
core   0: 3 0x8000070a (0x0001)
core   0: 0x8000070c (0x00001710) c.addi4spn a2, sp, 928
core   0: 3 0x8000070c (0x1710) x12 0x800009f0
core   0: 0x8000070e (0x00000f89) c.addi  t6, 2
core   0: 3 0x8000070e (0x0f89) x31 0x00000001
core   0: 0x80000710 (0x00009962) c.add   s2, s8
core   0: 3 0x80000710 (0x9962) x18 0x00000067
core   0: 0x80000712 (0x001f01b3) add     gp, t5, ra
core   0: 3 0x80000712 (0x001f01b3) x 3 0x537d2e00
core   0: 0x80000716 (0x02df4bb3) div     s7, t5, a3
core   0: 3 0x80000716 (0x02df4bb3) x23 0x00000000
core   0: 0x8000071a (0xfebfe5e3) bltu    t6, a1, pc - 22
core   0: 3 0x8000071a (0xfebfe5e3)
core   0: 0x80000704 (0x00000484) c.addi4spn s1, sp, 576
core   0: 3 0x80000704 (0x0484) x 9 0x80000890
core   0: 0x80000706 (0x00000001) c.nop
core   0: 3 0x80000706 (0x0001)
core   0: 0x80000708 (0x00000001) c.nop
core   0: 3 0x80000708 (0x0001)
core   0: 0x8000070a (0x00000001) c.nop
core   0: 3 0x8000070a (0x0001)
core   0: 0x8000070c (0x00001710) c.addi4spn a2, sp, 928
core   0: 3 0x8000070c (0x1710) x12 0x800009f0
core   0: 0x8000070e (0x00000f89) c.addi  t6, 2
core   0: 3 0x8000070e (0x0f89) x31 0x00000003
core   0: 0x80000710 (0x00009962) c.add   s2, s8
core   0: 3 0x80000710 (0x9962) x18 0x00000147
core   0: 0x80000712 (0x001f01b3) add     gp, t5, ra
core   0: 3 0x80000712 (0x001f01b3) x 3 0x537d2e00
core   0: 0x80000716 (0x02df4bb3) div     s7, t5, a3
core   0: 3 0x80000716 (0x02df4bb3) x23 0x00000000
core   0: 0x8000071a (0xfebfe5e3) bltu    t6, a1, pc - 22
core   0: 3 0x8000071a (0xfebfe5e3)
core   0: 0x80000704 (0x00000484) c.addi4spn s1, sp, 576
core   0: 3 0x80000704 (0x0484) x 9 0x80000890
core   0: 0x80000706 (0x00000001) c.nop
core   0: 3 0x80000706 (0x0001)
core   0: 0x80000708 (0x00000001) c.nop
core   0: 3 0x80000708 (0x0001)
core   0: 0x8000070a (0x00000001) c.nop
core   0: 3 0x8000070a (0x0001)
core   0: 0x8000070c (0x00001710) c.addi4spn a2, sp, 928
core   0: 3 0x8000070c (0x1710) x12 0x800009f0
core   0: 0x8000070e (0x00000f89) c.addi  t6, 2
core   0: 3 0x8000070e (0x0f89) x31 0x00000005
core   0: 0x80000710 (0x00009962) c.add   s2, s8
core   0: 3 0x80000710 (0x9962) x18 0x00000227
core   0: 0x80000712 (0x001f01b3) add     gp, t5, ra
core   0: 3 0x80000712 (0x001f01b3) x 3 0x537d2e00
core   0: 0x80000716 (0x02df4bb3) div     s7, t5, a3
core   0: 3 0x80000716 (0x02df4bb3) x23 0x00000000
core   0: 0x8000071a (0xfebfe5e3) bltu    t6, a1, pc - 22
core   0: 3 0x8000071a (0xfebfe5e3)
core   0: 0x80000704 (0x00000484) c.addi4spn s1, sp, 576
core   0: 3 0x80000704 (0x0484) x 9 0x80000890
core   0: 0x80000706 (0x00000001) c.nop
core   0: 3 0x80000706 (0x0001)
core   0: 0x80000708 (0x00000001) c.nop
core   0: 3 0x80000708 (0x0001)
core   0: 0x8000070a (0x00000001) c.nop
core   0: 3 0x8000070a (0x0001)
core   0: 0x8000070c (0x00001710) c.addi4spn a2, sp, 928
core   0: 3 0x8000070c (0x1710) x12 0x800009f0
core   0: 0x8000070e (0x00000f89) c.addi  t6, 2
core   0: 3 0x8000070e (0x0f89) x31 0x00000007
core   0: 0x80000710 (0x00009962) c.add   s2, s8
core   0: 3 0x80000710 (0x9962) x18 0x00000307
core   0: 0x80000712 (0x001f01b3) add     gp, t5, ra
core   0: 3 0x80000712 (0x001f01b3) x 3 0x537d2e00
core   0: 0x80000716 (0x02df4bb3) div     s7, t5, a3
core   0: 3 0x80000716 (0x02df4bb3) x23 0x00000000
core   0: 0x8000071a (0xfebfe5e3) bltu    t6, a1, pc - 22
core   0: 3 0x8000071a (0xfebfe5e3)
core   0: 0x80000704 (0x00000484) c.addi4spn s1, sp, 576
core   0: 3 0x80000704 (0x0484) x 9 0x80000890
core   0: 0x80000706 (0x00000001) c.nop
core   0: 3 0x80000706 (0x0001)
core   0: 0x80000708 (0x00000001) c.nop
core   0: 3 0x80000708 (0x0001)
core   0: 0x8000070a (0x00000001) c.nop
core   0: 3 0x8000070a (0x0001)
core   0: 0x8000070c (0x00001710) c.addi4spn a2, sp, 928
core   0: 3 0x8000070c (0x1710) x12 0x800009f0
core   0: 0x8000070e (0x00000f89) c.addi  t6, 2
core   0: 3 0x8000070e (0x0f89) x31 0x00000009
core   0: 0x80000710 (0x00009962) c.add   s2, s8
core   0: 3 0x80000710 (0x9962) x18 0x000003e7
core   0: 0x80000712 (0x001f01b3) add     gp, t5, ra
core   0: 3 0x80000712 (0x001f01b3) x 3 0x537d2e00
core   0: 0x80000716 (0x02df4bb3) div     s7, t5, a3
core   0: 3 0x80000716 (0x02df4bb3) x23 0x00000000
core   0: 0x8000071a (0xfebfe5e3) bltu    t6, a1, pc - 22
core   0: 3 0x8000071a (0xfebfe5e3)
core   0: 0x80000704 (0x00000484) c.addi4spn s1, sp, 576
core   0: 3 0x80000704 (0x0484) x 9 0x80000890
core   0: 0x80000706 (0x00000001) c.nop
core   0: 3 0x80000706 (0x0001)
core   0: 0x80000708 (0x00000001) c.nop
core   0: 3 0x80000708 (0x0001)
core   0: 0x8000070a (0x00000001) c.nop
core   0: 3 0x8000070a (0x0001)
core   0: 0x8000070c (0x00001710) c.addi4spn a2, sp, 928
core   0: 3 0x8000070c (0x1710) x12 0x800009f0
core   0: 0x8000070e (0x00000f89) c.addi  t6, 2
core   0: 3 0x8000070e (0x0f89) x31 0x0000000b
core   0: 0x80000710 (0x00009962) c.add   s2, s8
core   0: 3 0x80000710 (0x9962) x18 0x000004c7
core   0: 0x80000712 (0x001f01b3) add     gp, t5, ra
core   0: 3 0x80000712 (0x001f01b3) x 3 0x537d2e00
core   0: 0x80000716 (0x02df4bb3) div     s7, t5, a3
core   0: 3 0x80000716 (0x02df4bb3) x23 0x00000000
core   0: 0x8000071a (0xfebfe5e3) bltu    t6, a1, pc - 22
core   0: 3 0x8000071a (0xfebfe5e3)
core   0: 0x80000704 (0x00000484) c.addi4spn s1, sp, 576
core   0: 3 0x80000704 (0x0484) x 9 0x80000890
core   0: 0x80000706 (0x00000001) c.nop
core   0: 3 0x80000706 (0x0001)
core   0: 0x80000708 (0x00000001) c.nop
core   0: 3 0x80000708 (0x0001)
core   0: 0x8000070a (0x00000001) c.nop
core   0: 3 0x8000070a (0x0001)
core   0: 0x8000070c (0x00001710) c.addi4spn a2, sp, 928
core   0: 3 0x8000070c (0x1710) x12 0x800009f0
core   0: 0x8000070e (0x00000f89) c.addi  t6, 2
core   0: 3 0x8000070e (0x0f89) x31 0x0000000d
core   0: 0x80000710 (0x00009962) c.add   s2, s8
core   0: 3 0x80000710 (0x9962) x18 0x000005a7
core   0: 0x80000712 (0x001f01b3) add     gp, t5, ra
core   0: 3 0x80000712 (0x001f01b3) x 3 0x537d2e00
core   0: 0x80000716 (0x02df4bb3) div     s7, t5, a3
core   0: 3 0x80000716 (0x02df4bb3) x23 0x00000000
core   0: 0x8000071a (0xfebfe5e3) bltu    t6, a1, pc - 22
core   0: 3 0x8000071a (0xfebfe5e3)
core   0: 0x80000704 (0x00000484) c.addi4spn s1, sp, 576
core   0: 3 0x80000704 (0x0484) x 9 0x80000890
core   0: 0x80000706 (0x00000001) c.nop
core   0: 3 0x80000706 (0x0001)
core   0: 0x80000708 (0x00000001) c.nop
core   0: 3 0x80000708 (0x0001)
core   0: 0x8000070a (0x00000001) c.nop
core   0: 3 0x8000070a (0x0001)
core   0: 0x8000070c (0x00001710) c.addi4spn a2, sp, 928
core   0: 3 0x8000070c (0x1710) x12 0x800009f0
core   0: 0x8000070e (0x00000f89) c.addi  t6, 2
core   0: 3 0x8000070e (0x0f89) x31 0x0000000f
core   0: 0x80000710 (0x00009962) c.add   s2, s8
core   0: 3 0x80000710 (0x9962) x18 0x00000687
core   0: 0x80000712 (0x001f01b3) add     gp, t5, ra
core   0: 3 0x80000712 (0x001f01b3) x 3 0x537d2e00
core   0: 0x80000716 (0x02df4bb3) div     s7, t5, a3
core   0: 3 0x80000716 (0x02df4bb3) x23 0x00000000
core   0: 0x8000071a (0xfebfe5e3) bltu    t6, a1, pc - 22
core   0: 3 0x8000071a (0xfebfe5e3)
core   0: 0x80000704 (0x00000484) c.addi4spn s1, sp, 576
core   0: 3 0x80000704 (0x0484) x 9 0x80000890
core   0: 0x80000706 (0x00000001) c.nop
core   0: 3 0x80000706 (0x0001)
core   0: 0x80000708 (0x00000001) c.nop
core   0: 3 0x80000708 (0x0001)
core   0: 0x8000070a (0x00000001) c.nop
core   0: 3 0x8000070a (0x0001)
core   0: 0x8000070c (0x00001710) c.addi4spn a2, sp, 928
core   0: 3 0x8000070c (0x1710) x12 0x800009f0
core   0: 0x8000070e (0x00000f89) c.addi  t6, 2
core   0: 3 0x8000070e (0x0f89) x31 0x00000011
core   0: 0x80000710 (0x00009962) c.add   s2, s8
core   0: 3 0x80000710 (0x9962) x18 0x00000767
core   0: 0x80000712 (0x001f01b3) add     gp, t5, ra
core   0: 3 0x80000712 (0x001f01b3) x 3 0x537d2e00
core   0: 0x80000716 (0x02df4bb3) div     s7, t5, a3
core   0: 3 0x80000716 (0x02df4bb3) x23 0x00000000
core   0: 0x8000071a (0xfebfe5e3) bltu    t6, a1, pc - 22
core   0: 3 0x8000071a (0xfebfe5e3)
core   0: 0x80000704 (0x00000484) c.addi4spn s1, sp, 576
core   0: 3 0x80000704 (0x0484) x 9 0x80000890
core   0: 0x80000706 (0x00000001) c.nop
core   0: 3 0x80000706 (0x0001)
core   0: 0x80000708 (0x00000001) c.nop
core   0: 3 0x80000708 (0x0001)
core   0: 0x8000070a (0x00000001) c.nop
core   0: 3 0x8000070a (0x0001)
core   0: 0x8000070c (0x00001710) c.addi4spn a2, sp, 928
core   0: 3 0x8000070c (0x1710) x12 0x800009f0
core   0: 0x8000070e (0x00000f89) c.addi  t6, 2
core   0: 3 0x8000070e (0x0f89) x31 0x00000013
core   0: 0x80000710 (0x00009962) c.add   s2, s8
core   0: 3 0x80000710 (0x9962) x18 0x00000847
core   0: 0x80000712 (0x001f01b3) add     gp, t5, ra
core   0: 3 0x80000712 (0x001f01b3) x 3 0x537d2e00
core   0: 0x80000716 (0x02df4bb3) div     s7, t5, a3
core   0: 3 0x80000716 (0x02df4bb3) x23 0x00000000
core   0: 0x8000071a (0xfebfe5e3) bltu    t6, a1, pc - 22
core   0: 3 0x8000071a (0xfebfe5e3)
core   0: 0x8000071e (0x00008c29) c.xor   s0, a0
core   0: 3 0x8000071e (0x8c29) x 8 0x0000332d
core   0: 0x80000720 (0x8548b193) sltiu   gp, a7, -1964
core   0: 3 0x80000720 (0x8548b193) x 3 0x00000001
core   0: 0x80000724 (0x000090c2) c.add   ra, a6
core   0: 3 0x80000724 (0x90c2) x 1 0x3d3bcb7e
core   0: 0x80000726 (0x4164d293) srai    t0, s1, 22
core   0: 3 0x80000726 (0x4164d293) x 5 0xfffffe00
core   0: 0x8000072a (0x0000717d) c.addi16sp sp, -16
core   0: 3 0x8000072a (0x717d) x 2 0x80000640
core   0: 0x8000072c (0x00001790) c.addi4spn a2, sp, 992
core   0: 3 0x8000072c (0x1790) x12 0x80000a20
core   0: 0x8000072e (0xfba9dce3) bge     s3, s10, pc - 72
core   0: 3 0x8000072e (0xfba9dce3)
core   0: 0x800006e6 (0x087dae93) slti    t4, s11, 135
core   0: 3 0x800006e6 (0x087dae93) x29 0x00000001
core   0: 0x800006ea (0x02544933) div     s2, s0, t0
core   0: 3 0x800006ea (0x02544933) x18 0xffffffe7
core   0: 0x800006ee (0x0000100f) fence.i
core   0: 3 0x800006ee (0x0000100f)
core   0: 0x800006f2 (0x000019f9) c.addi  s3, -2
core   0: 3 0x800006f2 (0x19f9) x19 0xffffffee
core   0: 0x800006f4 (0x022cdbb3) divu    s7, s9, sp
core   0: 3 0x800006f4 (0x022cdbb3) x23 0x00000000
core   0: 0x800006f8 (0xfff00f93) li      t6, -1
core   0: 3 0x800006f8 (0xfff00f93) x31 0xffffffff
core   0: 0x800006fc (0x69be9817) auipc   a6, 0x69be9
core   0: 3 0x800006fc (0x69be9817) x16 0xe9be96fc
core   0: 0x80000700 (0x01300593) li      a1, 19
core   0: 3 0x80000700 (0x01300593) x11 0x00000013
core   0: 0x80000704 (0x00000484) c.addi4spn s1, sp, 576
core   0: 3 0x80000704 (0x0484) x 9 0x80000880
core   0: 0x80000706 (0x00000001) c.nop
core   0: 3 0x80000706 (0x0001)
core   0: 0x80000708 (0x00000001) c.nop
core   0: 3 0x80000708 (0x0001)
core   0: 0x8000070a (0x00000001) c.nop
core   0: 3 0x8000070a (0x0001)
core   0: 0x8000070c (0x00001710) c.addi4spn a2, sp, 928
core   0: 3 0x8000070c (0x1710) x12 0x800009e0
core   0: 0x8000070e (0x00000f89) c.addi  t6, 2
core   0: 3 0x8000070e (0x0f89) x31 0x00000001
core   0: 0x80000710 (0x00009962) c.add   s2, s8
core   0: 3 0x80000710 (0x9962) x18 0x000000c7
core   0: 0x80000712 (0x001f01b3) add     gp, t5, ra
core   0: 3 0x80000712 (0x001f01b3) x 3 0x3d3bc4fc
core   0: 0x80000716 (0x02df4bb3) div     s7, t5, a3
core   0: 3 0x80000716 (0x02df4bb3) x23 0x00000000
core   0: 0x8000071a (0xfebfe5e3) bltu    t6, a1, pc - 22
core   0: 3 0x8000071a (0xfebfe5e3)
core   0: 0x80000704 (0x00000484) c.addi4spn s1, sp, 576
core   0: 3 0x80000704 (0x0484) x 9 0x80000880
core   0: 0x80000706 (0x00000001) c.nop
core   0: 3 0x80000706 (0x0001)
core   0: 0x80000708 (0x00000001) c.nop
core   0: 3 0x80000708 (0x0001)
core   0: 0x8000070a (0x00000001) c.nop
core   0: 3 0x8000070a (0x0001)
core   0: 0x8000070c (0x00001710) c.addi4spn a2, sp, 928
core   0: 3 0x8000070c (0x1710) x12 0x800009e0
core   0: 0x8000070e (0x00000f89) c.addi  t6, 2
core   0: 3 0x8000070e (0x0f89) x31 0x00000003
core   0: 0x80000710 (0x00009962) c.add   s2, s8
core   0: 3 0x80000710 (0x9962) x18 0x000001a7
core   0: 0x80000712 (0x001f01b3) add     gp, t5, ra
core   0: 3 0x80000712 (0x001f01b3) x 3 0x3d3bc4fc
core   0: 0x80000716 (0x02df4bb3) div     s7, t5, a3
core   0: 3 0x80000716 (0x02df4bb3) x23 0x00000000
core   0: 0x8000071a (0xfebfe5e3) bltu    t6, a1, pc - 22
core   0: 3 0x8000071a (0xfebfe5e3)
core   0: 0x80000704 (0x00000484) c.addi4spn s1, sp, 576
core   0: 3 0x80000704 (0x0484) x 9 0x80000880
core   0: 0x80000706 (0x00000001) c.nop
core   0: 3 0x80000706 (0x0001)
core   0: 0x80000708 (0x00000001) c.nop
core   0: 3 0x80000708 (0x0001)
core   0: 0x8000070a (0x00000001) c.nop
core   0: 3 0x8000070a (0x0001)
core   0: 0x8000070c (0x00001710) c.addi4spn a2, sp, 928
core   0: 3 0x8000070c (0x1710) x12 0x800009e0
core   0: 0x8000070e (0x00000f89) c.addi  t6, 2
core   0: 3 0x8000070e (0x0f89) x31 0x00000005
core   0: 0x80000710 (0x00009962) c.add   s2, s8
core   0: 3 0x80000710 (0x9962) x18 0x00000287
core   0: 0x80000712 (0x001f01b3) add     gp, t5, ra
core   0: 3 0x80000712 (0x001f01b3) x 3 0x3d3bc4fc
core   0: 0x80000716 (0x02df4bb3) div     s7, t5, a3
core   0: 3 0x80000716 (0x02df4bb3) x23 0x00000000
core   0: 0x8000071a (0xfebfe5e3) bltu    t6, a1, pc - 22
core   0: 3 0x8000071a (0xfebfe5e3)
core   0: 0x80000704 (0x00000484) c.addi4spn s1, sp, 576
core   0: 3 0x80000704 (0x0484) x 9 0x80000880
core   0: 0x80000706 (0x00000001) c.nop
core   0: 3 0x80000706 (0x0001)
core   0: 0x80000708 (0x00000001) c.nop
core   0: 3 0x80000708 (0x0001)
core   0: 0x8000070a (0x00000001) c.nop
core   0: 3 0x8000070a (0x0001)
core   0: 0x8000070c (0x00001710) c.addi4spn a2, sp, 928
core   0: 3 0x8000070c (0x1710) x12 0x800009e0
core   0: 0x8000070e (0x00000f89) c.addi  t6, 2
core   0: 3 0x8000070e (0x0f89) x31 0x00000007
core   0: 0x80000710 (0x00009962) c.add   s2, s8
core   0: 3 0x80000710 (0x9962) x18 0x00000367
core   0: 0x80000712 (0x001f01b3) add     gp, t5, ra
core   0: 3 0x80000712 (0x001f01b3) x 3 0x3d3bc4fc
core   0: 0x80000716 (0x02df4bb3) div     s7, t5, a3
core   0: 3 0x80000716 (0x02df4bb3) x23 0x00000000
core   0: 0x8000071a (0xfebfe5e3) bltu    t6, a1, pc - 22
core   0: 3 0x8000071a (0xfebfe5e3)
core   0: 0x80000704 (0x00000484) c.addi4spn s1, sp, 576
core   0: 3 0x80000704 (0x0484) x 9 0x80000880
core   0: 0x80000706 (0x00000001) c.nop
core   0: 3 0x80000706 (0x0001)
core   0: 0x80000708 (0x00000001) c.nop
core   0: 3 0x80000708 (0x0001)
core   0: 0x8000070a (0x00000001) c.nop
core   0: 3 0x8000070a (0x0001)
core   0: 0x8000070c (0x00001710) c.addi4spn a2, sp, 928
core   0: 3 0x8000070c (0x1710) x12 0x800009e0
core   0: 0x8000070e (0x00000f89) c.addi  t6, 2
core   0: 3 0x8000070e (0x0f89) x31 0x00000009
core   0: 0x80000710 (0x00009962) c.add   s2, s8
core   0: 3 0x80000710 (0x9962) x18 0x00000447
core   0: 0x80000712 (0x001f01b3) add     gp, t5, ra
core   0: 3 0x80000712 (0x001f01b3) x 3 0x3d3bc4fc
core   0: 0x80000716 (0x02df4bb3) div     s7, t5, a3
core   0: 3 0x80000716 (0x02df4bb3) x23 0x00000000
core   0: 0x8000071a (0xfebfe5e3) bltu    t6, a1, pc - 22
core   0: 3 0x8000071a (0xfebfe5e3)
core   0: 0x80000704 (0x00000484) c.addi4spn s1, sp, 576
core   0: 3 0x80000704 (0x0484) x 9 0x80000880
core   0: 0x80000706 (0x00000001) c.nop
core   0: 3 0x80000706 (0x0001)
core   0: 0x80000708 (0x00000001) c.nop
core   0: 3 0x80000708 (0x0001)
core   0: 0x8000070a (0x00000001) c.nop
core   0: 3 0x8000070a (0x0001)
core   0: 0x8000070c (0x00001710) c.addi4spn a2, sp, 928
core   0: 3 0x8000070c (0x1710) x12 0x800009e0
core   0: 0x8000070e (0x00000f89) c.addi  t6, 2
core   0: 3 0x8000070e (0x0f89) x31 0x0000000b
core   0: 0x80000710 (0x00009962) c.add   s2, s8
core   0: 3 0x80000710 (0x9962) x18 0x00000527
core   0: 0x80000712 (0x001f01b3) add     gp, t5, ra
core   0: 3 0x80000712 (0x001f01b3) x 3 0x3d3bc4fc
core   0: 0x80000716 (0x02df4bb3) div     s7, t5, a3
core   0: 3 0x80000716 (0x02df4bb3) x23 0x00000000
core   0: 0x8000071a (0xfebfe5e3) bltu    t6, a1, pc - 22
core   0: 3 0x8000071a (0xfebfe5e3)
core   0: 0x80000704 (0x00000484) c.addi4spn s1, sp, 576
core   0: 3 0x80000704 (0x0484) x 9 0x80000880
core   0: 0x80000706 (0x00000001) c.nop
core   0: 3 0x80000706 (0x0001)
core   0: 0x80000708 (0x00000001) c.nop
core   0: 3 0x80000708 (0x0001)
core   0: 0x8000070a (0x00000001) c.nop
core   0: 3 0x8000070a (0x0001)
core   0: 0x8000070c (0x00001710) c.addi4spn a2, sp, 928
core   0: 3 0x8000070c (0x1710) x12 0x800009e0
core   0: 0x8000070e (0x00000f89) c.addi  t6, 2
core   0: 3 0x8000070e (0x0f89) x31 0x0000000d
core   0: 0x80000710 (0x00009962) c.add   s2, s8
core   0: 3 0x80000710 (0x9962) x18 0x00000607
core   0: 0x80000712 (0x001f01b3) add     gp, t5, ra
core   0: 3 0x80000712 (0x001f01b3) x 3 0x3d3bc4fc
core   0: 0x80000716 (0x02df4bb3) div     s7, t5, a3
core   0: 3 0x80000716 (0x02df4bb3) x23 0x00000000
core   0: 0x8000071a (0xfebfe5e3) bltu    t6, a1, pc - 22
core   0: 3 0x8000071a (0xfebfe5e3)
core   0: 0x80000704 (0x00000484) c.addi4spn s1, sp, 576
core   0: 3 0x80000704 (0x0484) x 9 0x80000880
core   0: 0x80000706 (0x00000001) c.nop
core   0: 3 0x80000706 (0x0001)
core   0: 0x80000708 (0x00000001) c.nop
core   0: 3 0x80000708 (0x0001)
core   0: 0x8000070a (0x00000001) c.nop
core   0: 3 0x8000070a (0x0001)
core   0: 0x8000070c (0x00001710) c.addi4spn a2, sp, 928
core   0: 3 0x8000070c (0x1710) x12 0x800009e0
core   0: 0x8000070e (0x00000f89) c.addi  t6, 2
core   0: 3 0x8000070e (0x0f89) x31 0x0000000f
core   0: 0x80000710 (0x00009962) c.add   s2, s8
core   0: 3 0x80000710 (0x9962) x18 0x000006e7
core   0: 0x80000712 (0x001f01b3) add     gp, t5, ra
core   0: 3 0x80000712 (0x001f01b3) x 3 0x3d3bc4fc
core   0: 0x80000716 (0x02df4bb3) div     s7, t5, a3
core   0: 3 0x80000716 (0x02df4bb3) x23 0x00000000
core   0: 0x8000071a (0xfebfe5e3) bltu    t6, a1, pc - 22
core   0: 3 0x8000071a (0xfebfe5e3)
core   0: 0x80000704 (0x00000484) c.addi4spn s1, sp, 576
core   0: 3 0x80000704 (0x0484) x 9 0x80000880
core   0: 0x80000706 (0x00000001) c.nop
core   0: 3 0x80000706 (0x0001)
core   0: 0x80000708 (0x00000001) c.nop
core   0: 3 0x80000708 (0x0001)
core   0: 0x8000070a (0x00000001) c.nop
core   0: 3 0x8000070a (0x0001)
core   0: 0x8000070c (0x00001710) c.addi4spn a2, sp, 928
core   0: 3 0x8000070c (0x1710) x12 0x800009e0
core   0: 0x8000070e (0x00000f89) c.addi  t6, 2
core   0: 3 0x8000070e (0x0f89) x31 0x00000011
core   0: 0x80000710 (0x00009962) c.add   s2, s8
core   0: 3 0x80000710 (0x9962) x18 0x000007c7
core   0: 0x80000712 (0x001f01b3) add     gp, t5, ra
core   0: 3 0x80000712 (0x001f01b3) x 3 0x3d3bc4fc
core   0: 0x80000716 (0x02df4bb3) div     s7, t5, a3
core   0: 3 0x80000716 (0x02df4bb3) x23 0x00000000
core   0: 0x8000071a (0xfebfe5e3) bltu    t6, a1, pc - 22
core   0: 3 0x8000071a (0xfebfe5e3)
core   0: 0x80000704 (0x00000484) c.addi4spn s1, sp, 576
core   0: 3 0x80000704 (0x0484) x 9 0x80000880
core   0: 0x80000706 (0x00000001) c.nop
core   0: 3 0x80000706 (0x0001)
core   0: 0x80000708 (0x00000001) c.nop
core   0: 3 0x80000708 (0x0001)
core   0: 0x8000070a (0x00000001) c.nop
core   0: 3 0x8000070a (0x0001)
core   0: 0x8000070c (0x00001710) c.addi4spn a2, sp, 928
core   0: 3 0x8000070c (0x1710) x12 0x800009e0
core   0: 0x8000070e (0x00000f89) c.addi  t6, 2
core   0: 3 0x8000070e (0x0f89) x31 0x00000013
core   0: 0x80000710 (0x00009962) c.add   s2, s8
core   0: 3 0x80000710 (0x9962) x18 0x000008a7
core   0: 0x80000712 (0x001f01b3) add     gp, t5, ra
core   0: 3 0x80000712 (0x001f01b3) x 3 0x3d3bc4fc
core   0: 0x80000716 (0x02df4bb3) div     s7, t5, a3
core   0: 3 0x80000716 (0x02df4bb3) x23 0x00000000
core   0: 0x8000071a (0xfebfe5e3) bltu    t6, a1, pc - 22
core   0: 3 0x8000071a (0xfebfe5e3)
core   0: 0x8000071e (0x00008c29) c.xor   s0, a0
core   0: 3 0x8000071e (0x8c29) x 8 0x0000f316
core   0: 0x80000720 (0x8548b193) sltiu   gp, a7, -1964
core   0: 3 0x80000720 (0x8548b193) x 3 0x00000001
core   0: 0x80000724 (0x000090c2) c.add   ra, a6
core   0: 3 0x80000724 (0x90c2) x 1 0x26fa627a
core   0: 0x80000726 (0x4164d293) srai    t0, s1, 22
core   0: 3 0x80000726 (0x4164d293) x 5 0xfffffe00
core   0: 0x8000072a (0x0000717d) c.addi16sp sp, -16
core   0: 3 0x8000072a (0x717d) x 2 0x80000630
core   0: 0x8000072c (0x00001790) c.addi4spn a2, sp, 992
core   0: 3 0x8000072c (0x1790) x12 0x80000a10
core   0: 0x8000072e (0xfba9dce3) bge     s3, s10, pc - 72
core   0: 3 0x8000072e (0xfba9dce3)
core   0: 0x800006e6 (0x087dae93) slti    t4, s11, 135
core   0: 3 0x800006e6 (0x087dae93) x29 0x00000001
core   0: 0x800006ea (0x02544933) div     s2, s0, t0
core   0: 3 0x800006ea (0x02544933) x18 0xffffff87
core   0: 0x800006ee (0x0000100f) fence.i
core   0: 3 0x800006ee (0x0000100f)
core   0: 0x800006f2 (0x000019f9) c.addi  s3, -2
core   0: 3 0x800006f2 (0x19f9) x19 0xffffffec
core   0: 0x800006f4 (0x022cdbb3) divu    s7, s9, sp
core   0: 3 0x800006f4 (0x022cdbb3) x23 0x00000000
core   0: 0x800006f8 (0xfff00f93) li      t6, -1
core   0: 3 0x800006f8 (0xfff00f93) x31 0xffffffff
core   0: 0x800006fc (0x69be9817) auipc   a6, 0x69be9
core   0: 3 0x800006fc (0x69be9817) x16 0xe9be96fc
core   0: 0x80000700 (0x01300593) li      a1, 19
core   0: 3 0x80000700 (0x01300593) x11 0x00000013
core   0: 0x80000704 (0x00000484) c.addi4spn s1, sp, 576
core   0: 3 0x80000704 (0x0484) x 9 0x80000870
core   0: 0x80000706 (0x00000001) c.nop
core   0: 3 0x80000706 (0x0001)
core   0: 0x80000708 (0x00000001) c.nop
core   0: 3 0x80000708 (0x0001)
core   0: 0x8000070a (0x00000001) c.nop
core   0: 3 0x8000070a (0x0001)
core   0: 0x8000070c (0x00001710) c.addi4spn a2, sp, 928
core   0: 3 0x8000070c (0x1710) x12 0x800009d0
core   0: 0x8000070e (0x00000f89) c.addi  t6, 2
core   0: 3 0x8000070e (0x0f89) x31 0x00000001
core   0: 0x80000710 (0x00009962) c.add   s2, s8
core   0: 3 0x80000710 (0x9962) x18 0x00000067
core   0: 0x80000712 (0x001f01b3) add     gp, t5, ra
core   0: 3 0x80000712 (0x001f01b3) x 3 0x26fa5bf8
core   0: 0x80000716 (0x02df4bb3) div     s7, t5, a3
core   0: 3 0x80000716 (0x02df4bb3) x23 0x00000000
core   0: 0x8000071a (0xfebfe5e3) bltu    t6, a1, pc - 22
core   0: 3 0x8000071a (0xfebfe5e3)
core   0: 0x80000704 (0x00000484) c.addi4spn s1, sp, 576
core   0: 3 0x80000704 (0x0484) x 9 0x80000870
core   0: 0x80000706 (0x00000001) c.nop
core   0: 3 0x80000706 (0x0001)
core   0: 0x80000708 (0x00000001) c.nop
core   0: 3 0x80000708 (0x0001)
core   0: 0x8000070a (0x00000001) c.nop
core   0: 3 0x8000070a (0x0001)
core   0: 0x8000070c (0x00001710) c.addi4spn a2, sp, 928
core   0: 3 0x8000070c (0x1710) x12 0x800009d0
core   0: 0x8000070e (0x00000f89) c.addi  t6, 2
core   0: 3 0x8000070e (0x0f89) x31 0x00000003
core   0: 0x80000710 (0x00009962) c.add   s2, s8
core   0: 3 0x80000710 (0x9962) x18 0x00000147
core   0: 0x80000712 (0x001f01b3) add     gp, t5, ra
core   0: 3 0x80000712 (0x001f01b3) x 3 0x26fa5bf8
core   0: 0x80000716 (0x02df4bb3) div     s7, t5, a3
core   0: 3 0x80000716 (0x02df4bb3) x23 0x00000000
core   0: 0x8000071a (0xfebfe5e3) bltu    t6, a1, pc - 22
core   0: 3 0x8000071a (0xfebfe5e3)
core   0: 0x80000704 (0x00000484) c.addi4spn s1, sp, 576
core   0: 3 0x80000704 (0x0484) x 9 0x80000870
core   0: 0x80000706 (0x00000001) c.nop
core   0: 3 0x80000706 (0x0001)
core   0: 0x80000708 (0x00000001) c.nop
core   0: 3 0x80000708 (0x0001)
core   0: 0x8000070a (0x00000001) c.nop
core   0: 3 0x8000070a (0x0001)
core   0: 0x8000070c (0x00001710) c.addi4spn a2, sp, 928
core   0: 3 0x8000070c (0x1710) x12 0x800009d0
core   0: 0x8000070e (0x00000f89) c.addi  t6, 2
core   0: 3 0x8000070e (0x0f89) x31 0x00000005
core   0: 0x80000710 (0x00009962) c.add   s2, s8
core   0: 3 0x80000710 (0x9962) x18 0x00000227
core   0: 0x80000712 (0x001f01b3) add     gp, t5, ra
core   0: 3 0x80000712 (0x001f01b3) x 3 0x26fa5bf8
core   0: 0x80000716 (0x02df4bb3) div     s7, t5, a3
core   0: 3 0x80000716 (0x02df4bb3) x23 0x00000000
core   0: 0x8000071a (0xfebfe5e3) bltu    t6, a1, pc - 22
core   0: 3 0x8000071a (0xfebfe5e3)
core   0: 0x80000704 (0x00000484) c.addi4spn s1, sp, 576
core   0: 3 0x80000704 (0x0484) x 9 0x80000870
core   0: 0x80000706 (0x00000001) c.nop
core   0: 3 0x80000706 (0x0001)
core   0: 0x80000708 (0x00000001) c.nop
core   0: 3 0x80000708 (0x0001)
core   0: 0x8000070a (0x00000001) c.nop
core   0: 3 0x8000070a (0x0001)
core   0: 0x8000070c (0x00001710) c.addi4spn a2, sp, 928
core   0: 3 0x8000070c (0x1710) x12 0x800009d0
core   0: 0x8000070e (0x00000f89) c.addi  t6, 2
core   0: 3 0x8000070e (0x0f89) x31 0x00000007
core   0: 0x80000710 (0x00009962) c.add   s2, s8
core   0: 3 0x80000710 (0x9962) x18 0x00000307
core   0: 0x80000712 (0x001f01b3) add     gp, t5, ra
core   0: 3 0x80000712 (0x001f01b3) x 3 0x26fa5bf8
core   0: 0x80000716 (0x02df4bb3) div     s7, t5, a3
core   0: 3 0x80000716 (0x02df4bb3) x23 0x00000000
core   0: 0x8000071a (0xfebfe5e3) bltu    t6, a1, pc - 22
core   0: 3 0x8000071a (0xfebfe5e3)
core   0: 0x80000704 (0x00000484) c.addi4spn s1, sp, 576
core   0: 3 0x80000704 (0x0484) x 9 0x80000870
core   0: 0x80000706 (0x00000001) c.nop
core   0: 3 0x80000706 (0x0001)
core   0: 0x80000708 (0x00000001) c.nop
core   0: 3 0x80000708 (0x0001)
core   0: 0x8000070a (0x00000001) c.nop
core   0: 3 0x8000070a (0x0001)
core   0: 0x8000070c (0x00001710) c.addi4spn a2, sp, 928
core   0: 3 0x8000070c (0x1710) x12 0x800009d0
core   0: 0x8000070e (0x00000f89) c.addi  t6, 2
core   0: 3 0x8000070e (0x0f89) x31 0x00000009
core   0: 0x80000710 (0x00009962) c.add   s2, s8
core   0: 3 0x80000710 (0x9962) x18 0x000003e7
core   0: 0x80000712 (0x001f01b3) add     gp, t5, ra
core   0: 3 0x80000712 (0x001f01b3) x 3 0x26fa5bf8
core   0: 0x80000716 (0x02df4bb3) div     s7, t5, a3
core   0: 3 0x80000716 (0x02df4bb3) x23 0x00000000
core   0: 0x8000071a (0xfebfe5e3) bltu    t6, a1, pc - 22
core   0: 3 0x8000071a (0xfebfe5e3)
core   0: 0x80000704 (0x00000484) c.addi4spn s1, sp, 576
core   0: 3 0x80000704 (0x0484) x 9 0x80000870
core   0: 0x80000706 (0x00000001) c.nop
core   0: 3 0x80000706 (0x0001)
core   0: 0x80000708 (0x00000001) c.nop
core   0: 3 0x80000708 (0x0001)
core   0: 0x8000070a (0x00000001) c.nop
core   0: 3 0x8000070a (0x0001)
core   0: 0x8000070c (0x00001710) c.addi4spn a2, sp, 928
core   0: 3 0x8000070c (0x1710) x12 0x800009d0
core   0: 0x8000070e (0x00000f89) c.addi  t6, 2
core   0: 3 0x8000070e (0x0f89) x31 0x0000000b
core   0: 0x80000710 (0x00009962) c.add   s2, s8
core   0: 3 0x80000710 (0x9962) x18 0x000004c7
core   0: 0x80000712 (0x001f01b3) add     gp, t5, ra
core   0: 3 0x80000712 (0x001f01b3) x 3 0x26fa5bf8
core   0: 0x80000716 (0x02df4bb3) div     s7, t5, a3
core   0: 3 0x80000716 (0x02df4bb3) x23 0x00000000
core   0: 0x8000071a (0xfebfe5e3) bltu    t6, a1, pc - 22
core   0: 3 0x8000071a (0xfebfe5e3)
core   0: 0x80000704 (0x00000484) c.addi4spn s1, sp, 576
core   0: 3 0x80000704 (0x0484) x 9 0x80000870
core   0: 0x80000706 (0x00000001) c.nop
core   0: 3 0x80000706 (0x0001)
core   0: 0x80000708 (0x00000001) c.nop
core   0: 3 0x80000708 (0x0001)
core   0: 0x8000070a (0x00000001) c.nop
core   0: 3 0x8000070a (0x0001)
core   0: 0x8000070c (0x00001710) c.addi4spn a2, sp, 928
core   0: 3 0x8000070c (0x1710) x12 0x800009d0
core   0: 0x8000070e (0x00000f89) c.addi  t6, 2
core   0: 3 0x8000070e (0x0f89) x31 0x0000000d
core   0: 0x80000710 (0x00009962) c.add   s2, s8
core   0: 3 0x80000710 (0x9962) x18 0x000005a7
core   0: 0x80000712 (0x001f01b3) add     gp, t5, ra
core   0: 3 0x80000712 (0x001f01b3) x 3 0x26fa5bf8
core   0: 0x80000716 (0x02df4bb3) div     s7, t5, a3
core   0: 3 0x80000716 (0x02df4bb3) x23 0x00000000
core   0: 0x8000071a (0xfebfe5e3) bltu    t6, a1, pc - 22
core   0: 3 0x8000071a (0xfebfe5e3)
core   0: 0x80000704 (0x00000484) c.addi4spn s1, sp, 576
core   0: 3 0x80000704 (0x0484) x 9 0x80000870
core   0: 0x80000706 (0x00000001) c.nop
core   0: 3 0x80000706 (0x0001)
core   0: 0x80000708 (0x00000001) c.nop
core   0: 3 0x80000708 (0x0001)
core   0: 0x8000070a (0x00000001) c.nop
core   0: 3 0x8000070a (0x0001)
core   0: 0x8000070c (0x00001710) c.addi4spn a2, sp, 928
core   0: 3 0x8000070c (0x1710) x12 0x800009d0
core   0: 0x8000070e (0x00000f89) c.addi  t6, 2
core   0: 3 0x8000070e (0x0f89) x31 0x0000000f
core   0: 0x80000710 (0x00009962) c.add   s2, s8
core   0: 3 0x80000710 (0x9962) x18 0x00000687
core   0: 0x80000712 (0x001f01b3) add     gp, t5, ra
core   0: 3 0x80000712 (0x001f01b3) x 3 0x26fa5bf8
core   0: 0x80000716 (0x02df4bb3) div     s7, t5, a3
core   0: 3 0x80000716 (0x02df4bb3) x23 0x00000000
core   0: 0x8000071a (0xfebfe5e3) bltu    t6, a1, pc - 22
core   0: 3 0x8000071a (0xfebfe5e3)
core   0: 0x80000704 (0x00000484) c.addi4spn s1, sp, 576
core   0: 3 0x80000704 (0x0484) x 9 0x80000870
core   0: 0x80000706 (0x00000001) c.nop
core   0: 3 0x80000706 (0x0001)
core   0: 0x80000708 (0x00000001) c.nop
core   0: 3 0x80000708 (0x0001)
core   0: 0x8000070a (0x00000001) c.nop
core   0: 3 0x8000070a (0x0001)
core   0: 0x8000070c (0x00001710) c.addi4spn a2, sp, 928
core   0: 3 0x8000070c (0x1710) x12 0x800009d0
core   0: 0x8000070e (0x00000f89) c.addi  t6, 2
core   0: 3 0x8000070e (0x0f89) x31 0x00000011
core   0: 0x80000710 (0x00009962) c.add   s2, s8
core   0: 3 0x80000710 (0x9962) x18 0x00000767
core   0: 0x80000712 (0x001f01b3) add     gp, t5, ra
core   0: 3 0x80000712 (0x001f01b3) x 3 0x26fa5bf8
core   0: 0x80000716 (0x02df4bb3) div     s7, t5, a3
core   0: 3 0x80000716 (0x02df4bb3) x23 0x00000000
core   0: 0x8000071a (0xfebfe5e3) bltu    t6, a1, pc - 22
core   0: 3 0x8000071a (0xfebfe5e3)
core   0: 0x80000704 (0x00000484) c.addi4spn s1, sp, 576
core   0: 3 0x80000704 (0x0484) x 9 0x80000870
core   0: 0x80000706 (0x00000001) c.nop
core   0: 3 0x80000706 (0x0001)
core   0: 0x80000708 (0x00000001) c.nop
core   0: 3 0x80000708 (0x0001)
core   0: 0x8000070a (0x00000001) c.nop
core   0: 3 0x8000070a (0x0001)
core   0: 0x8000070c (0x00001710) c.addi4spn a2, sp, 928
core   0: 3 0x8000070c (0x1710) x12 0x800009d0
core   0: 0x8000070e (0x00000f89) c.addi  t6, 2
core   0: 3 0x8000070e (0x0f89) x31 0x00000013
core   0: 0x80000710 (0x00009962) c.add   s2, s8
core   0: 3 0x80000710 (0x9962) x18 0x00000847
core   0: 0x80000712 (0x001f01b3) add     gp, t5, ra
core   0: 3 0x80000712 (0x001f01b3) x 3 0x26fa5bf8
core   0: 0x80000716 (0x02df4bb3) div     s7, t5, a3
core   0: 3 0x80000716 (0x02df4bb3) x23 0x00000000
core   0: 0x8000071a (0xfebfe5e3) bltu    t6, a1, pc - 22
core   0: 3 0x8000071a (0xfebfe5e3)
core   0: 0x8000071e (0x00008c29) c.xor   s0, a0
core   0: 3 0x8000071e (0x8c29) x 8 0x0000332d
core   0: 0x80000720 (0x8548b193) sltiu   gp, a7, -1964
core   0: 3 0x80000720 (0x8548b193) x 3 0x00000001
core   0: 0x80000724 (0x000090c2) c.add   ra, a6
core   0: 3 0x80000724 (0x90c2) x 1 0x10b8f976
core   0: 0x80000726 (0x4164d293) srai    t0, s1, 22
core   0: 3 0x80000726 (0x4164d293) x 5 0xfffffe00
core   0: 0x8000072a (0x0000717d) c.addi16sp sp, -16
core   0: 3 0x8000072a (0x717d) x 2 0x80000620
core   0: 0x8000072c (0x00001790) c.addi4spn a2, sp, 992
core   0: 3 0x8000072c (0x1790) x12 0x80000a00
core   0: 0x8000072e (0xfba9dce3) bge     s3, s10, pc - 72
core   0: 3 0x8000072e (0xfba9dce3)
core   0: 0x800006e6 (0x087dae93) slti    t4, s11, 135
core   0: 3 0x800006e6 (0x087dae93) x29 0x00000001
core   0: 0x800006ea (0x02544933) div     s2, s0, t0
core   0: 3 0x800006ea (0x02544933) x18 0xffffffe7
core   0: 0x800006ee (0x0000100f) fence.i
core   0: 3 0x800006ee (0x0000100f)
core   0: 0x800006f2 (0x000019f9) c.addi  s3, -2
core   0: 3 0x800006f2 (0x19f9) x19 0xffffffea
core   0: 0x800006f4 (0x022cdbb3) divu    s7, s9, sp
core   0: 3 0x800006f4 (0x022cdbb3) x23 0x00000000
core   0: 0x800006f8 (0xfff00f93) li      t6, -1
core   0: 3 0x800006f8 (0xfff00f93) x31 0xffffffff
core   0: 0x800006fc (0x69be9817) auipc   a6, 0x69be9
core   0: 3 0x800006fc (0x69be9817) x16 0xe9be96fc
core   0: 0x80000700 (0x01300593) li      a1, 19
core   0: 3 0x80000700 (0x01300593) x11 0x00000013
core   0: 0x80000704 (0x00000484) c.addi4spn s1, sp, 576
core   0: 3 0x80000704 (0x0484) x 9 0x80000860
core   0: 0x80000706 (0x00000001) c.nop
core   0: 3 0x80000706 (0x0001)
core   0: 0x80000708 (0x00000001) c.nop
core   0: 3 0x80000708 (0x0001)
core   0: 0x8000070a (0x00000001) c.nop
core   0: 3 0x8000070a (0x0001)
core   0: 0x8000070c (0x00001710) c.addi4spn a2, sp, 928
core   0: 3 0x8000070c (0x1710) x12 0x800009c0
core   0: 0x8000070e (0x00000f89) c.addi  t6, 2
core   0: 3 0x8000070e (0x0f89) x31 0x00000001
core   0: 0x80000710 (0x00009962) c.add   s2, s8
core   0: 3 0x80000710 (0x9962) x18 0x000000c7
core   0: 0x80000712 (0x001f01b3) add     gp, t5, ra
core   0: 3 0x80000712 (0x001f01b3) x 3 0x10b8f2f4
core   0: 0x80000716 (0x02df4bb3) div     s7, t5, a3
core   0: 3 0x80000716 (0x02df4bb3) x23 0x00000000
core   0: 0x8000071a (0xfebfe5e3) bltu    t6, a1, pc - 22
core   0: 3 0x8000071a (0xfebfe5e3)
core   0: 0x80000704 (0x00000484) c.addi4spn s1, sp, 576
core   0: 3 0x80000704 (0x0484) x 9 0x80000860
core   0: 0x80000706 (0x00000001) c.nop
core   0: 3 0x80000706 (0x0001)
core   0: 0x80000708 (0x00000001) c.nop
core   0: 3 0x80000708 (0x0001)
core   0: 0x8000070a (0x00000001) c.nop
core   0: 3 0x8000070a (0x0001)
core   0: 0x8000070c (0x00001710) c.addi4spn a2, sp, 928
core   0: 3 0x8000070c (0x1710) x12 0x800009c0
core   0: 0x8000070e (0x00000f89) c.addi  t6, 2
core   0: 3 0x8000070e (0x0f89) x31 0x00000003
core   0: 0x80000710 (0x00009962) c.add   s2, s8
core   0: 3 0x80000710 (0x9962) x18 0x000001a7
core   0: 0x80000712 (0x001f01b3) add     gp, t5, ra
core   0: 3 0x80000712 (0x001f01b3) x 3 0x10b8f2f4
core   0: 0x80000716 (0x02df4bb3) div     s7, t5, a3
core   0: 3 0x80000716 (0x02df4bb3) x23 0x00000000
core   0: 0x8000071a (0xfebfe5e3) bltu    t6, a1, pc - 22
core   0: 3 0x8000071a (0xfebfe5e3)
core   0: 0x80000704 (0x00000484) c.addi4spn s1, sp, 576
core   0: 3 0x80000704 (0x0484) x 9 0x80000860
core   0: 0x80000706 (0x00000001) c.nop
core   0: 3 0x80000706 (0x0001)
core   0: 0x80000708 (0x00000001) c.nop
core   0: 3 0x80000708 (0x0001)
core   0: 0x8000070a (0x00000001) c.nop
core   0: 3 0x8000070a (0x0001)
core   0: 0x8000070c (0x00001710) c.addi4spn a2, sp, 928
core   0: 3 0x8000070c (0x1710) x12 0x800009c0
core   0: 0x8000070e (0x00000f89) c.addi  t6, 2
core   0: 3 0x8000070e (0x0f89) x31 0x00000005
core   0: 0x80000710 (0x00009962) c.add   s2, s8
core   0: 3 0x80000710 (0x9962) x18 0x00000287
core   0: 0x80000712 (0x001f01b3) add     gp, t5, ra
core   0: 3 0x80000712 (0x001f01b3) x 3 0x10b8f2f4
core   0: 0x80000716 (0x02df4bb3) div     s7, t5, a3
core   0: 3 0x80000716 (0x02df4bb3) x23 0x00000000
core   0: 0x8000071a (0xfebfe5e3) bltu    t6, a1, pc - 22
core   0: 3 0x8000071a (0xfebfe5e3)
core   0: 0x80000704 (0x00000484) c.addi4spn s1, sp, 576
core   0: 3 0x80000704 (0x0484) x 9 0x80000860
core   0: 0x80000706 (0x00000001) c.nop
core   0: 3 0x80000706 (0x0001)
core   0: 0x80000708 (0x00000001) c.nop
core   0: 3 0x80000708 (0x0001)
core   0: 0x8000070a (0x00000001) c.nop
core   0: 3 0x8000070a (0x0001)
core   0: 0x8000070c (0x00001710) c.addi4spn a2, sp, 928
core   0: 3 0x8000070c (0x1710) x12 0x800009c0
core   0: 0x8000070e (0x00000f89) c.addi  t6, 2
core   0: 3 0x8000070e (0x0f89) x31 0x00000007
core   0: 0x80000710 (0x00009962) c.add   s2, s8
core   0: 3 0x80000710 (0x9962) x18 0x00000367
core   0: 0x80000712 (0x001f01b3) add     gp, t5, ra
core   0: 3 0x80000712 (0x001f01b3) x 3 0x10b8f2f4
core   0: 0x80000716 (0x02df4bb3) div     s7, t5, a3
core   0: 3 0x80000716 (0x02df4bb3) x23 0x00000000
core   0: 0x8000071a (0xfebfe5e3) bltu    t6, a1, pc - 22
core   0: 3 0x8000071a (0xfebfe5e3)
core   0: 0x80000704 (0x00000484) c.addi4spn s1, sp, 576
core   0: 3 0x80000704 (0x0484) x 9 0x80000860
core   0: 0x80000706 (0x00000001) c.nop
core   0: 3 0x80000706 (0x0001)
core   0: 0x80000708 (0x00000001) c.nop
core   0: 3 0x80000708 (0x0001)
core   0: 0x8000070a (0x00000001) c.nop
core   0: 3 0x8000070a (0x0001)
core   0: 0x8000070c (0x00001710) c.addi4spn a2, sp, 928
core   0: 3 0x8000070c (0x1710) x12 0x800009c0
core   0: 0x8000070e (0x00000f89) c.addi  t6, 2
core   0: 3 0x8000070e (0x0f89) x31 0x00000009
core   0: 0x80000710 (0x00009962) c.add   s2, s8
core   0: 3 0x80000710 (0x9962) x18 0x00000447
core   0: 0x80000712 (0x001f01b3) add     gp, t5, ra
core   0: 3 0x80000712 (0x001f01b3) x 3 0x10b8f2f4
core   0: 0x80000716 (0x02df4bb3) div     s7, t5, a3
core   0: 3 0x80000716 (0x02df4bb3) x23 0x00000000
core   0: 0x8000071a (0xfebfe5e3) bltu    t6, a1, pc - 22
core   0: 3 0x8000071a (0xfebfe5e3)
core   0: 0x80000704 (0x00000484) c.addi4spn s1, sp, 576
core   0: 3 0x80000704 (0x0484) x 9 0x80000860
core   0: 0x80000706 (0x00000001) c.nop
core   0: 3 0x80000706 (0x0001)
core   0: 0x80000708 (0x00000001) c.nop
core   0: 3 0x80000708 (0x0001)
core   0: 0x8000070a (0x00000001) c.nop
core   0: 3 0x8000070a (0x0001)
core   0: 0x8000070c (0x00001710) c.addi4spn a2, sp, 928
core   0: 3 0x8000070c (0x1710) x12 0x800009c0
core   0: 0x8000070e (0x00000f89) c.addi  t6, 2
core   0: 3 0x8000070e (0x0f89) x31 0x0000000b
core   0: 0x80000710 (0x00009962) c.add   s2, s8
core   0: 3 0x80000710 (0x9962) x18 0x00000527
core   0: 0x80000712 (0x001f01b3) add     gp, t5, ra
core   0: 3 0x80000712 (0x001f01b3) x 3 0x10b8f2f4
core   0: 0x80000716 (0x02df4bb3) div     s7, t5, a3
core   0: 3 0x80000716 (0x02df4bb3) x23 0x00000000
core   0: 0x8000071a (0xfebfe5e3) bltu    t6, a1, pc - 22
core   0: 3 0x8000071a (0xfebfe5e3)
core   0: 0x80000704 (0x00000484) c.addi4spn s1, sp, 576
core   0: 3 0x80000704 (0x0484) x 9 0x80000860
core   0: 0x80000706 (0x00000001) c.nop
core   0: 3 0x80000706 (0x0001)
core   0: 0x80000708 (0x00000001) c.nop
core   0: 3 0x80000708 (0x0001)
core   0: 0x8000070a (0x00000001) c.nop
core   0: 3 0x8000070a (0x0001)
core   0: 0x8000070c (0x00001710) c.addi4spn a2, sp, 928
core   0: 3 0x8000070c (0x1710) x12 0x800009c0
core   0: 0x8000070e (0x00000f89) c.addi  t6, 2
core   0: 3 0x8000070e (0x0f89) x31 0x0000000d
core   0: 0x80000710 (0x00009962) c.add   s2, s8
core   0: 3 0x80000710 (0x9962) x18 0x00000607
core   0: 0x80000712 (0x001f01b3) add     gp, t5, ra
core   0: 3 0x80000712 (0x001f01b3) x 3 0x10b8f2f4
core   0: 0x80000716 (0x02df4bb3) div     s7, t5, a3
core   0: 3 0x80000716 (0x02df4bb3) x23 0x00000000
core   0: 0x8000071a (0xfebfe5e3) bltu    t6, a1, pc - 22
core   0: 3 0x8000071a (0xfebfe5e3)
core   0: 0x80000704 (0x00000484) c.addi4spn s1, sp, 576
core   0: 3 0x80000704 (0x0484) x 9 0x80000860
core   0: 0x80000706 (0x00000001) c.nop
core   0: 3 0x80000706 (0x0001)
core   0: 0x80000708 (0x00000001) c.nop
core   0: 3 0x80000708 (0x0001)
core   0: 0x8000070a (0x00000001) c.nop
core   0: 3 0x8000070a (0x0001)
core   0: 0x8000070c (0x00001710) c.addi4spn a2, sp, 928
core   0: 3 0x8000070c (0x1710) x12 0x800009c0
core   0: 0x8000070e (0x00000f89) c.addi  t6, 2
core   0: 3 0x8000070e (0x0f89) x31 0x0000000f
core   0: 0x80000710 (0x00009962) c.add   s2, s8
core   0: 3 0x80000710 (0x9962) x18 0x000006e7
core   0: 0x80000712 (0x001f01b3) add     gp, t5, ra
core   0: 3 0x80000712 (0x001f01b3) x 3 0x10b8f2f4
core   0: 0x80000716 (0x02df4bb3) div     s7, t5, a3
core   0: 3 0x80000716 (0x02df4bb3) x23 0x00000000
core   0: 0x8000071a (0xfebfe5e3) bltu    t6, a1, pc - 22
core   0: 3 0x8000071a (0xfebfe5e3)
core   0: 0x80000704 (0x00000484) c.addi4spn s1, sp, 576
core   0: 3 0x80000704 (0x0484) x 9 0x80000860
core   0: 0x80000706 (0x00000001) c.nop
core   0: 3 0x80000706 (0x0001)
core   0: 0x80000708 (0x00000001) c.nop
core   0: 3 0x80000708 (0x0001)
core   0: 0x8000070a (0x00000001) c.nop
core   0: 3 0x8000070a (0x0001)
core   0: 0x8000070c (0x00001710) c.addi4spn a2, sp, 928
core   0: 3 0x8000070c (0x1710) x12 0x800009c0
core   0: 0x8000070e (0x00000f89) c.addi  t6, 2
core   0: 3 0x8000070e (0x0f89) x31 0x00000011
core   0: 0x80000710 (0x00009962) c.add   s2, s8
core   0: 3 0x80000710 (0x9962) x18 0x000007c7
core   0: 0x80000712 (0x001f01b3) add     gp, t5, ra
core   0: 3 0x80000712 (0x001f01b3) x 3 0x10b8f2f4
core   0: 0x80000716 (0x02df4bb3) div     s7, t5, a3
core   0: 3 0x80000716 (0x02df4bb3) x23 0x00000000
core   0: 0x8000071a (0xfebfe5e3) bltu    t6, a1, pc - 22
core   0: 3 0x8000071a (0xfebfe5e3)
core   0: 0x80000704 (0x00000484) c.addi4spn s1, sp, 576
core   0: 3 0x80000704 (0x0484) x 9 0x80000860
core   0: 0x80000706 (0x00000001) c.nop
core   0: 3 0x80000706 (0x0001)
core   0: 0x80000708 (0x00000001) c.nop
core   0: 3 0x80000708 (0x0001)
core   0: 0x8000070a (0x00000001) c.nop
core   0: 3 0x8000070a (0x0001)
core   0: 0x8000070c (0x00001710) c.addi4spn a2, sp, 928
core   0: 3 0x8000070c (0x1710) x12 0x800009c0
core   0: 0x8000070e (0x00000f89) c.addi  t6, 2
core   0: 3 0x8000070e (0x0f89) x31 0x00000013
core   0: 0x80000710 (0x00009962) c.add   s2, s8
core   0: 3 0x80000710 (0x9962) x18 0x000008a7
core   0: 0x80000712 (0x001f01b3) add     gp, t5, ra
core   0: 3 0x80000712 (0x001f01b3) x 3 0x10b8f2f4
core   0: 0x80000716 (0x02df4bb3) div     s7, t5, a3
core   0: 3 0x80000716 (0x02df4bb3) x23 0x00000000
core   0: 0x8000071a (0xfebfe5e3) bltu    t6, a1, pc - 22
core   0: 3 0x8000071a (0xfebfe5e3)
core   0: 0x8000071e (0x00008c29) c.xor   s0, a0
core   0: 3 0x8000071e (0x8c29) x 8 0x0000f316
core   0: 0x80000720 (0x8548b193) sltiu   gp, a7, -1964
core   0: 3 0x80000720 (0x8548b193) x 3 0x00000001
core   0: 0x80000724 (0x000090c2) c.add   ra, a6
core   0: 3 0x80000724 (0x90c2) x 1 0xfa779072
core   0: 0x80000726 (0x4164d293) srai    t0, s1, 22
core   0: 3 0x80000726 (0x4164d293) x 5 0xfffffe00
core   0: 0x8000072a (0x0000717d) c.addi16sp sp, -16
core   0: 3 0x8000072a (0x717d) x 2 0x80000610
core   0: 0x8000072c (0x00001790) c.addi4spn a2, sp, 992
core   0: 3 0x8000072c (0x1790) x12 0x800009f0
core   0: 0x8000072e (0xfba9dce3) bge     s3, s10, pc - 72
core   0: 3 0x8000072e (0xfba9dce3)
core   0: 0x80000732 (0x00008fa9) c.xor   a5, a0
core   0: 3 0x80000732 (0x8fa9) x15 0xffff3fc4
core   0: 0x80000734 (0x032002ef) jal     t0, pc + 0x32
core   0: 3 0x80000734 (0x032002ef) x 5 0x80000738
core   0: 0x80000766 (0x0000b7c5) c.j     pc - 32
core   0: 3 0x80000766 (0xb7c5)
core   0: 0x80000746 (0x0100036f) jal     t1, pc + 0x10
core   0: 3 0x80000746 (0x0100036f) x 6 0x8000074a
core   0: 0x80000756 (0x0000bfdd) c.j     pc - 10
core   0: 3 0x80000756 (0xbfdd)
core   0: 0x8000074c (0x00002009) c.jal   pc + 2
core   0: 3 0x8000074c (0x2009) x 1 0x8000074e
core   0: 0x8000074e (0x0000a031) c.j     pc + 12
core   0: 3 0x8000074e (0xa031)
core   0: 0x8000075a (0xfe5ffa6f) jal     s4, pc - 0x1c
core   0: 3 0x8000075a (0xfe5ffa6f) x20 0x8000075e
core   0: 0x8000073e (0x0000bffd) c.j     pc - 2
core   0: 3 0x8000073e (0xbffd)
core   0: 0x8000073c (0x0000a011) c.j     pc + 4
core   0: 3 0x8000073c (0xa011)
core   0: 0x80000740 (0x01e00b6f) jal     s6, pc + 0x1e
core   0: 3 0x80000740 (0x01e00b6f) x22 0x80000744
core   0: 0x8000075e (0xfdbff0ef) jal     pc - 0x26
core   0: 3 0x8000075e (0xfdbff0ef) x 1 0x80000762
core   0: 0x80000738 (0x0180036f) jal     t1, pc + 0x18
core   0: 3 0x80000738 (0x0180036f) x 6 0x8000073c
core   0: 0x80000750 (0x00002021) c.jal   pc + 8
core   0: 3 0x80000750 (0x2021) x 1 0x80000752
core   0: 0x80000758 (0x000037f5) c.jal   pc - 20
core   0: 3 0x80000758 (0x37f5) x 1 0x8000075a
core   0: 0x80000744 (0x00002039) c.jal   pc + 14
core   0: 3 0x80000744 (0x2039) x 1 0x80000746
core   0: 0x80000752 (0xff9ff36f) jal     t1, pc - 0x8
core   0: 3 0x80000752 (0xff9ff36f) x 6 0x80000756
core   0: 0x8000074a (0x00002821) c.jal   pc + 24
core   0: 3 0x8000074a (0x2821) x 1 0x8000074c
core   0: 0x80000762 (0x006002ef) jal     t0, pc + 0x6
core   0: 3 0x80000762 (0x006002ef) x 5 0x80000766
core   0: 0x80000768 (0x00000001) c.nop
core   0: 3 0x80000768 (0x0001)
core   0: 0x8000076a (0x00010c17) auipc   s8, 0x10
core   0: 3 0x8000076a (0x00010c17) x24 0x8001076a
core   0: 0x8000076e (0xd41c0c13) addi    s8, s8, -703
core   0: 3 0x8000076e (0xd41c0c13) x24 0x800104ab
core   0: 0x80000772 (0xffec0983) lb      s3, -2(s8)
core   0: 3 0x80000772 (0xffec0983) x19 0xffffffb4 mem 0x800104a9
core   0: 0x80000776 (0x0001a397) auipc   t2, 0x1a
core   0: 3 0x80000776 (0x0001a397) x 7 0x8001a776
core   0: 0x8000077a (0x30238393) addi    t2, t2, 770
core   0: 3 0x8000077a (0x30238393) x 7 0x8001aa78
core   0: 0x8000077e (0x008c0823) sb      s0, 16(s8)
core   0: 3 0x8000077e (0x008c0823) mem 0x800104bb 0x16
core   0: 0x80000782 (0x8e038ba3) sb      zero, -1801(t2)
core   0: 3 0x80000782 (0x8e038ba3) mem 0x8001a36f 0x0
core   0: 0x80000786 (0x007c14a3) sh      t2, 9(s8)
core   0: 3 0x80000786 (0x007c14a3) mem 0x800104b4 0xaa78
core   0: 0x8000078a (0xff6c0903) lb      s2, -10(s8)
core   0: 3 0x8000078a (0xff6c0903) x18 0xffffff8a mem 0x800104a1
core   0: 0x8000078e (0x4913c303) lbu     t1, 1169(t2)
core   0: 3 0x8000078e (0x4913c303) x 6 0x0000008f mem 0x8001af09
core   0: 0x80000792 (0x91738da3) sb      s7, -1765(t2)
core   0: 3 0x80000792 (0x91738da3) mem 0x8001a393 0x0
core   0: 0x80000796 (0x00fc4803) lbu     a6, 15(s8)
core   0: 3 0x80000796 (0x00fc4803) x16 0x0000008e mem 0x800104ba
core   0: 0x8000079a (0xffbc28a3) sw      s11, -15(s8)
core   0: 3 0x8000079a (0xffbc28a3) mem 0x8001049c 0xf54f25bd
core   0: 0x8000079e (0x74c39723) sh      a2, 1870(t2)
core   0: 3 0x8000079e (0x74c39723) mem 0x8001b1c6 0x09f0
core   0: 0x800007a2 (0xb4038923) sb      zero, -1198(t2)
core   0: 3 0x800007a2 (0xb4038923) mem 0x8001a5ca 0x0
core   0: 0x800007a6 (0x018c04a3) sb      s8, 9(s8)
core   0: 3 0x800007a6 (0x018c04a3) mem 0x800104b4 0xab
core   0: 0x800007aa (0xd093c083) lbu     ra, -759(t2)
core   0: 3 0x800007aa (0xd093c083) x 1 0x0000007c mem 0x8001a781
core   0: 0x800007ae (0x00010f17) auipc   t5, 0x10
core   0: 3 0x800007ae (0x00010f17) x30 0x800107ae
core   0: 0x800007b2 (0x2e2f0f13) addi    t5, t5, 738
core   0: 3 0x800007b2 (0x2e2f0f13) x30 0x80010a90
core   0: 0x800007b6 (0x022d0133) mul     sp, s10, sp
core   0: 3 0x800007b6 (0x022d0133) x 2 0xffff86c0
core   0: 0x800007ba (0x01af06a3) sb      s10, 13(t5)
core   0: 3 0x800007ba (0x01af06a3) mem 0x80010a9d 0xec
core   0: 0x800007be (0x027f4103) lbu     sp, 39(t5)
core   0: 3 0x800007be (0x027f4103) x 2 0x000000e0 mem 0x80010ab7
core   0: 0x800007c2 (0xfd7f0103) lb      sp, -41(t5)
core   0: 3 0x800007c2 (0xfd7f0103) x 2 0x00000051 mem 0x80010a67
core   0: 0x800007c6 (0x00000291) c.addi  t0, 4
core   0: 3 0x800007c6 (0x0291) x 5 0x8000076a
core   0: 0x800007c8 (0x020f4d03) lbu     s10, 32(t5)
core   0: 3 0x800007c8 (0x020f4d03) x26 0x0000005b mem 0x80010ab0
core   0: 0x800007cc (0x00000001) c.nop
core   0: 3 0x800007cc (0x0001)
core   0: 0x800007ce (0x00ff06a3) sb      a5, 13(t5)
core   0: 3 0x800007ce (0x00ff06a3) mem 0x80010a9d 0xc4
core   0: 0x800007d2 (0x039f0783) lb      a5, 57(t5)
core   0: 3 0x800007d2 (0x039f0783) x15 0xfffffff0 mem 0x80010ac9
core   0: 0x800007d6 (0x005abab3) sltu    s5, s5, t0
core   0: 3 0x800007d6 (0x005abab3) x21 0x00000001
core   0: 0x800007da (0xfdef4103) lbu     sp, -34(t5)
core   0: 3 0x800007da (0xfdef4103) x 2 0x00000019 mem 0x80010a6e
core   0: 0x800007de (0xff0f0283) lb      t0, -16(t5)
core   0: 3 0x800007de (0xff0f0283) x 5 0x00000067 mem 0x80010a80
core   0: 0x800007e2 (0x00008ffd) c.and   a5, a5
core   0: 3 0x800007e2 (0x8ffd) x15 0xfffffff0
core   0: 0x800007e4 (0xfd4f2c03) lw      s8, -44(t5)
core   0: 3 0x800007e4 (0xfd4f2c03) x24 0x518eec21 mem 0x80010a64
core   0: 0x800007e8 (0x031f4283) lbu     t0, 49(t5)
core   0: 3 0x800007e8 (0x031f4283) x 5 0x000000d1 mem 0x80010ac1
core   0: 0x800007ec (0x038f0a23) sb      s8, 52(t5)
core   0: 3 0x800007ec (0x038f0a23) mem 0x80010ac4 0x21
core   0: 0x800007f0 (0x00008f9d) c.sub   a5, a5
core   0: 3 0x800007f0 (0x8f9d) x15 0x00000000
core   0: 0x800007f2 (0x00df0c03) lb      s8, 13(t5)
core   0: 3 0x800007f2 (0x00df0c03) x24 0xffffffc4 mem 0x80010a9d
core   0: 0x800007f6 (0x018c7133) and     sp, s8, s8
core   0: 3 0x800007f6 (0x018c7133) x 2 0xffffffc4
core   0: 0x800007fa (0x03510c33) mul     s8, sp, s5
core   0: 3 0x800007fa (0x03510c33) x24 0xffffffc4
core   0: 0x800007fe (0xffff0d03) lb      s10, -1(t5)
core   0: 3 0x800007fe (0xffff0d03) x26 0x0000006f mem 0x80010a8f
core   0: 0x80000802 (0x000007a2) c.slli  a5, 8
core   0: 3 0x80000802 (0x07a2) x15 0x00000000
core   0: 0x80000804 (0x015c4d33) xor     s10, s8, s5
core   0: 3 0x80000804 (0x015c4d33) x26 0xffffffc5
core   0: 0x80000808 (0x00000001) c.nop
core   0: 3 0x80000808 (0x0001)
core   0: 0x8000080a (0x00ef4283) lbu     t0, 14(t5)
core   0: 3 0x8000080a (0x00ef4283) x 5 0x00000095 mem 0x80010a9e
core   0: 0x8000080e (0xffaf2823) sw      s10, -16(t5)
core   0: 3 0x8000080e (0xffaf2823) mem 0x80010a80 0xffffffc5
core   0: 0x80000812 (0x00008fbd) c.xor   a5, a5
core   0: 3 0x80000812 (0x8fbd) x15 0x00000000
core   0: 0x80000814 (0x02ef1a83) lh      s5, 46(t5)
core   0: 3 0x80000814 (0x02ef1a83) x21 0xffff97c6 mem 0x80010abe
core   0: 0x80000818 (0xfe4f5103) lhu     sp, -28(t5)
core   0: 3 0x80000818 (0xfe4f5103) x 2 0x0000b6ff mem 0x80010a74
core   0: 0x8000081c (0xd86d6a93) ori     s5, s10, -634
core   0: 3 0x8000081c (0xd86d6a93) x21 0xffffffc7
core   0: 0x80000820 (0x015f0b23) sb      s5, 22(t5)
core   0: 3 0x80000820 (0x015f0b23) mem 0x80010aa6 0xc7
core   0: 0x80000824 (0x22bc0793) addi    a5, s8, 555
core   0: 3 0x80000824 (0x22bc0793) x15 0x000001ef
core   0: 0x80000828 (0xfd8f1323) sh      s8, -58(t5)
core   0: 3 0x80000828 (0xfd8f1323) mem 0x80010a56 0xffc4
core   0: 0x8000082c (0xfeef4283) lbu     t0, -18(t5)
core   0: 3 0x8000082c (0xfeef4283) x 5 0x00000005 mem 0x80010a7e
core   0: 0x80000830 (0x022acab3) div     s5, s5, sp
core   0: 3 0x80000830 (0x022acab3) x21 0x00000000
core   0: 0x80000834 (0x00000001) c.nop
core   0: 3 0x80000834 (0x0001)
core   0: 0x80000836 (0x02ff05a3) sb      a5, 43(t5)
core   0: 3 0x80000836 (0x02ff05a3) mem 0x80010abb 0xef
core   0: 0x8000083a (0x038f2223) sw      s8, 36(t5)
core   0: 3 0x8000083a (0x038f2223) mem 0x80010ab4 0xffffffc4
core   0: 0x8000083e (0x022c1ab3) mulh    s5, s8, sp
core   0: 3 0x8000083e (0x022c1ab3) x21 0xffffffff
core   0: 0x80000842 (0x01c15c13) srli    s8, sp, 28
core   0: 3 0x80000842 (0x01c15c13) x24 0x00000000
core   0: 0x80000846 (0x021f0103) lb      sp, 33(t5)
core   0: 3 0x80000846 (0x021f0103) x 2 0x00000032 mem 0x80010ab1
core   0: 0x8000084a (0xfeff0ca3) sb      a5, -7(t5)
core   0: 3 0x8000084a (0xfeff0ca3) mem 0x80010a89 0xef
core   0: 0x8000084e (0xfc5f0c23) sb      t0, -40(t5)
core   0: 3 0x8000084e (0xfc5f0c23) mem 0x80010a68 0x5
core   0: 0x80000852 (0x015c6c33) or      s8, s8, s5
core   0: 3 0x80000852 (0x015c6c33) x24 0xffffffff
core   0: 0x80000856 (0xfeff07a3) sb      a5, -17(t5)
core   0: 3 0x80000856 (0xfeff07a3) mem 0x80010a7f 0xef
core   0: 0x8000085a (0x039f0103) lb      sp, 57(t5)
core   0: 3 0x8000085a (0x039f0103) x 2 0xfffffff0 mem 0x80010ac9
core   0: 0x8000085e (0x029f4283) lbu     t0, 41(t5)
core   0: 3 0x8000085e (0x029f4283) x 5 0x000000c5 mem 0x80010ab9
core   0: 0x80000862 (0x00000001) c.nop
core   0: 3 0x80000862 (0x0001)
core   0: 0x80000864 (0x01bf0d03) lb      s10, 27(t5)
core   0: 3 0x80000864 (0x01bf0d03) x26 0x00000014 mem 0x80010aab
core   0: 0x80000868 (0x00010a17) auipc   s4, 0x10
core   0: 3 0x80000868 (0x00010a17) x20 0x80010868
core   0: 0x8000086c (0x2e1a0a13) addi    s4, s4, 737
core   0: 3 0x8000086c (0x2e1a0a13) x20 0x80010b49
core   0: 0x80000870 (0x00ea4683) lbu     a3, 14(s4)
core   0: 3 0x80000870 (0x00ea4683) x13 0x000000bf mem 0x80010b57
core   0: 0x80000874 (0x63158913) addi    s2, a1, 1585
core   0: 3 0x80000874 (0x63158913) x18 0x00000644
core   0: 0x80000878 (0x00ba4933) xor     s2, s4, a1
core   0: 3 0x80000878 (0x00ba4933) x18 0x80010b5a
core   0: 0x8000087c (0x000007f2) c.slli  a5, 28
core   0: 3 0x8000087c (0x07f2) x15 0xf0000000
core   0: 0x8000087e (0x033f6033) rem     zero, t5, s3
core   0: 3 0x8000087e (0x033f6033)
core   0: 0x80000882 (0x018a0723) sb      s8, 14(s4)
core   0: 3 0x80000882 (0x018a0723) mem 0x80010b57 0xff
core   0: 0x80000886 (0x00beb633) sltu    a2, t4, a1
core   0: 3 0x80000886 (0x00beb633) x12 0x00000001
core   0: 0x8000088a (0x00da5f83) lhu     t6, 13(s4)
core   0: 3 0x8000088a (0x00da5f83) x31 0x0000ff0b mem 0x80010b56
core   0: 0x8000088e (0x000a4c03) lbu     s8, 0(s4)
core   0: 3 0x8000088e (0x000a4c03) x24 0x0000005c mem 0x80010b49
core   0: 0x80000892 (0x000084f1) c.srai  s1, 28
core   0: 3 0x80000892 (0x84f1) x 9 0xfffffff8
core   0: 0x80000894 (0x0ff0000f) fence   iorw,iorw
core   0: 3 0x80000894 (0x0ff0000f)
core   0: 0x80000898 (0x3c600c13) li      s8, 966
core   0: 3 0x80000898 (0x3c600c13) x24 0x000003c6
core   0: 0x8000089c (0x412fd293) srai    t0, t6, 18
core   0: 3 0x8000089c (0x412fd293) x 5 0x00000000
core   0: 0x800008a0 (0x001a1e83) lh      t4, 1(s4)
core   0: 3 0x800008a0 (0x001a1e83) x29 0x00004f39 mem 0x80010b4a
core   0: 0x800008a4 (0x0046dbb3) srl     s7, a3, tp
core   0: 3 0x800008a4 (0x0046dbb3) x23 0x00000000
core   0: 0x800008a8 (0x000088b5) c.andi  s1, 13
core   0: 3 0x800008a8 (0x88b5) x 9 0x00000008
core   0: 0x800008aa (0x003a2603) lw      a2, 3(s4)
core   0: 3 0x800008aa (0x003a2603) x12 0x12e08930 mem 0x80010b4c
core   0: 0x800008ae (0x40540233) sub     tp, s0, t0
core   0: 3 0x800008ae (0x40540233) x 4 0x0000f316
core   0: 0x800008b2 (0xffaa4483) lbu     s1, -6(s4)
core   0: 3 0x800008b2 (0xffaa4483) x 9 0x000000f2 mem 0x80010b43
core   0: 0x800008b6 (0x00009a92) c.add   s5, tp
core   0: 3 0x800008b6 (0x9a92) x21 0x0000f315
core   0: 0x800008b8 (0xfeba0aa3) sb      a1, -11(s4)
core   0: 3 0x800008b8 (0xfeba0aa3) mem 0x80010b3e 0x13
core   0: 0x800008bc (0x0000100f) fence.i
core   0: 3 0x800008bc (0x0000100f)
core   0: 0x800008c0 (0x03e016b3) mulh    a3, zero, t5
core   0: 3 0x800008c0 (0x03e016b3) x13 0x00000000
core   0: 0x800008c4 (0x0000616d) c.addi16sp sp, 240
core   0: 3 0x800008c4 (0x616d) x 2 0x000000e0
core   0: 0x800008c6 (0x01226333) or      t1, tp, s2
core   0: 3 0x800008c6 (0x01226333) x 6 0x8001fb5e
core   0: 0x800008ca (0x030ef933) remu    s2, t4, a6
core   0: 3 0x800008ca (0x030ef933) x18 0x00000075
core   0: 0x800008ce (0x000a0323) sb      zero, 6(s4)
core   0: 3 0x800008ce (0x000a0323) mem 0x80010b4f 0x0
core   0: 0x800008d2 (0xff7a4503) lbu     a0, -9(s4)
core   0: 3 0x800008d2 (0xff7a4503) x10 0x0000003a mem 0x80010b40
core   0: 0x800008d6 (0x00008d01) c.sub   a0, s0
core   0: 3 0x800008d6 (0x8d01) x10 0xffff0d24
core   0: 0x800008d8 (0xfeba29a3) sw      a1, -13(s4)
core   0: 3 0x800008d8 (0xfeba29a3) mem 0x80010b3c 0x00000013
core   0: 0x800008dc (0x0ff0000f) fence   iorw,iorw
core   0: 3 0x800008dc (0x0ff0000f)
core   0: 0x800008e0 (0x1bbe8e93) addi    t4, t4, 443
core   0: 3 0x800008e0 (0x1bbe8e93) x29 0x000050f4
core   0: 0x800008e4 (0x00008edd) c.or    a3, a5
core   0: 3 0x800008e4 (0x8edd) x13 0xf0000000
core   0: 0x800008e6 (0x001a4603) lbu     a2, 1(s4)
core   0: 3 0x800008e6 (0x001a4603) x12 0x00000039 mem 0x80010b4a
core   0: 0x800008ea (0x003a06b3) add     a3, s4, gp
core   0: 3 0x800008ea (0x003a06b3) x13 0x80010b4a
core   0: 0x800008ee (0xfe2a0ba3) sb      sp, -9(s4)
core   0: 3 0x800008ee (0xfe2a0ba3) mem 0x80010b40 0xe0
core   0: 0x800008f2 (0x000e9493) slli    s1, t4, 0
core   0: 3 0x800008f2 (0x000e9493) x 9 0x000050f4
core   0: 0x800008f6 (0x00fa5e03) lhu     t3, 15(s4)
core   0: 3 0x800008f6 (0x00fa5e03) x28 0x00006dce mem 0x80010b58
core   0: 0x800008fa (0x0295bdb3) mulhu   s11, a1, s1
core   0: 3 0x800008fa (0x0295bdb3) x27 0x00000000
core   0: 0x800008fe (0x01ca0523) sb      t3, 10(s4)
core   0: 3 0x800008fe (0x01ca0523) mem 0x80010b53 0xce
core   0: 0x80000902 (0xc73ac813) xori    a6, s5, -909
core   0: 3 0x80000902 (0xc73ac813) x16 0xffff0f66
core   0: 0x80000906 (0x40ec5093) srai    ra, s8, 14
core   0: 3 0x80000906 (0x40ec5093) x 1 0x00000000
core   0: 0x8000090a (0xffaa4003) lbu     zero, -6(s4)
core   0: 3 0x8000090a (0xffaa4003) mem 0x80010b43
core   0: 0x8000090e (0x00800493) li      s1, 8
core   0: 3 0x8000090e (0x00800493) x 9 0x00000008
core   0: 0x80000912 (0x00008326) c.mv    t1, s1
core   0: 3 0x80000912 (0x8326) x 6 0x00000008
core   0: 0x80000914 (0x00001a7d) c.addi  s4, -1
core   0: 3 0x80000914 (0x1a7d) x20 0x80010b48
core   0: 0x80000916 (0x000086f5) c.srai  a3, 29
core   0: 3 0x80000916 (0x86f5) x13 0xfffffffc
core   0: 0x80000918 (0x0000100f) fence.i
core   0: 3 0x80000918 (0x0000100f)
core   0: 0x8000091c (0xffc00613) li      a2, -4
core   0: 3 0x8000091c (0xffc00613) x12 0xfffffffc
core   0: 0x80000920 (0xb4ef6013) ori     zero, t5, -1202
core   0: 3 0x80000920 (0xb4ef6013)
core   0: 0x80000924 (0x000014f5) c.addi  s1, -3
core   0: 3 0x80000924 (0x14f5) x 9 0x00000005
core   0: 0x80000926 (0x03c682b3) mul     t0, a3, t3
core   0: 3 0x80000926 (0x03c682b3) x 5 0xfffe48c8
core   0: 0x8000092a (0xfec49be3) bne     s1, a2, pc - 10
core   0: 3 0x8000092a (0xfec49be3)
core   0: 0x80000920 (0xb4ef6013) ori     zero, t5, -1202
core   0: 3 0x80000920 (0xb4ef6013)
core   0: 0x80000924 (0x000014f5) c.addi  s1, -3
core   0: 3 0x80000924 (0x14f5) x 9 0x00000002
core   0: 0x80000926 (0x03c682b3) mul     t0, a3, t3
core   0: 3 0x80000926 (0x03c682b3) x 5 0xfffe48c8
core   0: 0x8000092a (0xfec49be3) bne     s1, a2, pc - 10
core   0: 3 0x8000092a (0xfec49be3)
core   0: 0x80000920 (0xb4ef6013) ori     zero, t5, -1202
core   0: 3 0x80000920 (0xb4ef6013)
core   0: 0x80000924 (0x000014f5) c.addi  s1, -3
core   0: 3 0x80000924 (0x14f5) x 9 0xffffffff
core   0: 0x80000926 (0x03c682b3) mul     t0, a3, t3
core   0: 3 0x80000926 (0x03c682b3) x 5 0xfffe48c8
core   0: 0x8000092a (0xfec49be3) bne     s1, a2, pc - 10
core   0: 3 0x8000092a (0xfec49be3)
core   0: 0x80000920 (0xb4ef6013) ori     zero, t5, -1202
core   0: 3 0x80000920 (0xb4ef6013)
core   0: 0x80000924 (0x000014f5) c.addi  s1, -3
core   0: 3 0x80000924 (0x14f5) x 9 0xfffffffc
core   0: 0x80000926 (0x03c682b3) mul     t0, a3, t3
core   0: 3 0x80000926 (0x03c682b3) x 5 0xfffe48c8
core   0: 0x8000092a (0xfec49be3) bne     s1, a2, pc - 10
core   0: 3 0x8000092a (0xfec49be3)
core   0: 0x8000092e (0x03fc2f33) mulhsu  t5, s8, t6
core   0: 3 0x8000092e (0x03fc2f33) x30 0x00000000
core   0: 0x80000932 (0x018002ef) jal     t0, pc + 0x18
core   0: 3 0x80000932 (0x018002ef) x 5 0x80000936
core   0: 0x8000094a (0x024000ef) jal     pc + 0x24
core   0: 3 0x8000094a (0x024000ef) x 1 0x8000094e
core   0: 0x8000096e (0x0000b7e5) c.j     pc - 24
core   0: 3 0x8000096e (0xb7e5)
core   0: 0x80000956 (0xfebff0ef) jal     pc - 0x16
core   0: 3 0x80000956 (0xfebff0ef) x 1 0x8000095a
core   0: 0x80000940 (0x0000a839) c.j     pc + 30
core   0: 3 0x80000940 (0xa839)
core   0: 0x8000095e (0x0000a009) c.j     pc + 2
core   0: 3 0x8000095e (0xa009)
core   0: 0x80000960 (0x000037d5) c.jal   pc - 28
core   0: 3 0x80000960 (0x37d5) x 1 0x80000962
core   0: 0x80000944 (0x0000a029) c.j     pc + 10
core   0: 3 0x80000944 (0xa029)
core   0: 0x8000094e (0x0000202d) c.jal   pc + 42
core   0: 3 0x8000094e (0x202d) x 1 0x80000950
core   0: 0x80000978 (0x0000b7f9) c.j     pc - 50
core   0: 3 0x80000978 (0xb7f9)
core   0: 0x80000946 (0x00002839) c.jal   pc + 30
core   0: 3 0x80000946 (0x2839) x 1 0x80000948
core   0: 0x80000964 (0x018001ef) jal     gp, pc + 0x18
core   0: 3 0x80000964 (0x018001ef) x 3 0x80000968
core   0: 0x8000097c (0x00003fd5) c.jal   pc - 12
core   0: 3 0x8000097c (0x3fd5) x 1 0x8000097e
core   0: 0x80000970 (0x0000b7f5) c.j     pc - 20
core   0: 3 0x80000970 (0xb7f5)
core   0: 0x8000095c (0x0000a039) c.j     pc + 14
core   0: 3 0x8000095c (0xa039)
core   0: 0x8000096a (0x0000b7f1) c.j     pc - 52
core   0: 3 0x8000096a (0xb7f1)
core   0: 0x80000936 (0x02c000ef) jal     pc + 0x2c
core   0: 3 0x80000936 (0x02c000ef) x 1 0x8000093a
core   0: 0x80000962 (0x0000b7c5) c.j     pc - 32
core   0: 3 0x80000962 (0xb7c5)
core   0: 0x80000942 (0x0000a815) c.j     pc + 52
core   0: 3 0x80000942 (0xa815)
core   0: 0x80000976 (0x00003fc9) c.jal   pc - 46
core   0: 3 0x80000976 (0x3fc9) x 1 0x80000978
core   0: 0x80000948 (0x00003fcd) c.jal   pc - 14
core   0: 3 0x80000948 (0x3fcd) x 1 0x8000094a
core   0: 0x8000093a (0x0000a819) c.j     pc + 22
core   0: 3 0x8000093a (0xa819)
core   0: 0x80000950 (0xfedff0ef) jal     pc - 0x14
core   0: 3 0x80000950 (0xfedff0ef) x 1 0x80000954
core   0: 0x8000093c (0x02c00eef) jal     t4, pc + 0x2c
core   0: 3 0x8000093c (0x02c00eef) x29 0x80000940
core   0: 0x80000968 (0x0000b7f5) c.j     pc - 20
core   0: 3 0x80000968 (0xb7f5)
core   0: 0x80000954 (0x00002839) c.jal   pc + 30
core   0: 3 0x80000954 (0x2839) x 1 0x80000956
core   0: 0x80000972 (0xfe9ffbef) jal     s7, pc - 0x18
core   0: 3 0x80000972 (0xfe9ffbef) x23 0x80000976
core   0: 0x8000095a (0x00002809) c.jal   pc + 18
core   0: 3 0x8000095a (0x2809) x 1 0x8000095c
core   0: 0x8000096c (0x00002039) c.jal   pc + 14
core   0: 3 0x8000096c (0x2039) x 1 0x8000096e
core   0: 0x8000097a (0x00002011) c.jal   pc + 4
core   0: 3 0x8000097a (0x2011) x 1 0x8000097c
core   0: 0x8000097e (0x10820393) addi    t2, tp, 264
core   0: 3 0x8000097e (0x10820393) x 7 0x0000f41e
core   0: 0x80000982 (0x00013d97) auipc   s11, 0x13
core   0: 3 0x80000982 (0x00013d97) x27 0x80013982
core   0: 0x80000986 (0xf41d8d93) addi    s11, s11, -191
core   0: 3 0x80000986 (0xf41d8d93) x27 0x800138c3
core   0: 0x8000098a (0x0001f617) auipc   a2, 0x1f
core   0: 3 0x8000098a (0x0001f617) x12 0x8001f98a
core   0: 0x8000098e (0xbf660613) addi    a2, a2, -1034
core   0: 3 0x8000098e (0xbf660613) x12 0x8001f580
core   0: 0x80000992 (0xfc2601a3) sb      sp, -61(a2)
core   0: 3 0x80000992 (0xfc2601a3) mem 0x8001f543 0xe0
core   0: 0x80000996 (0x09bd9003) lh      zero, 155(s11)
core   0: 3 0x80000996 (0x09bd9003) mem 0x8001395e
core   0: 0x8000099a (0xfd760a03) lb      s4, -41(a2)
core   0: 3 0x8000099a (0xfd760a03) x20 0x00000053 mem 0x8001f557
core   0: 0x8000099e (0x003605a3) sb      gp, 11(a2)
core   0: 3 0x8000099e (0x003605a3) mem 0x8001f58b 0x68
core   0: 0x800009a2 (0x0001a217) auipc   tp, 0x1a
core   0: 3 0x800009a2 (0x0001a217) x 4 0x8001a9a2
core   0: 0x800009a6 (0x17b20213) addi    tp, tp, 379
core   0: 3 0x800009a6 (0x17b20213) x 4 0x8001ab1d
core   0: 0x800009aa (0xf76d8ba3) sb      s6, -137(s11)
core   0: 3 0x800009aa (0xf76d8ba3) mem 0x8001383a 0x44
core   0: 0x800009ae (0x09f20923) sb      t6, 146(tp)
core   0: 3 0x800009ae (0x09f20923) mem 0x8001abaf 0xb
core   0: 0x800009b2 (0x00420803) lb      a6, 4(tp)
core   0: 3 0x800009b2 (0x00420803) x16 0x00000025 mem 0x8001ab21
core   0: 0x800009b6 (0xff160ba3) sb      a7, -9(a2)
core   0: 3 0x800009b6 (0xff160ba3) mem 0x8001f577 0x64
core   0: 0x800009ba (0xf0c20123) sb      a2, -254(tp)
core   0: 3 0x800009ba (0xf0c20123) mem 0x8001aa1f 0x80
core   0: 0x800009be (0x005606a3) sb      t0, 13(a2)
core   0: 3 0x800009be (0x005606a3) mem 0x8001f58d 0x36
core   0: 0x800009c2 (0xfa220083) lb      ra, -94(tp)
core   0: 3 0x800009c2 (0xfa220083) x 1 0x0000005b mem 0x8001aabf
core   0: 0x800009c6 (0xf1020823) sb      a6, -240(tp)
core   0: 3 0x800009c6 (0xf1020823) mem 0x8001aa2d 0x25
core   0: 0x800009ca (0xfcbd9b83) lh      s7, -53(s11)
core   0: 3 0x800009ca (0xfcbd9b83) x23 0xffffdff4 mem 0x8001388e
core   0: 0x800009ce (0xf4b20f03) lb      t5, -181(tp)
core   0: 3 0x800009ce (0xf4b20f03) x30 0xffffffbb mem 0x8001aa68
core   0: 0x800009d2 (0xf3124983) lbu     s3, -207(tp)
core   0: 3 0x800009d2 (0xf3124983) x19 0x000000aa mem 0x8001aa4e
core   0: 0x800009d6 (0xf15d8503) lb      a0, -235(s11)
core   0: 3 0x800009d6 (0xf15d8503) x10 0xfffffff6 mem 0x800137d8
core   0: 0x800009da (0xf5cdc503) lbu     a0, -164(s11)
core   0: 3 0x800009da (0xf5cdc503) x10 0x0000003e mem 0x8001381f
core   0: 0x800009de (0x02b22083) lw      ra, 43(tp)
core   0: 3 0x800009de (0x02b22083) x 1 0x5daf55c0 mem 0x8001ab48
core   0: 0x800009e2 (0xffd60c03) lb      s8, -3(a2)
core   0: 3 0x800009e2 (0xffd60c03) x24 0xffffff99 mem 0x8001f57d
core   0: 0x800009e6 (0xf2524d03) lbu     s10, -219(tp)
core   0: 3 0x800009e6 (0xf2524d03) x26 0x000000eb mem 0x8001aa42
core   0: 0x800009ea (0xfe725683) lhu     a3, -25(tp)
core   0: 3 0x800009ea (0xfe725683) x13 0x000005ce mem 0x8001ab04
core   0: 0x800009ee (0xfc061c23) sh      zero, -40(a2)
core   0: 3 0x800009ee (0xfc061c23) mem 0x8001f558 0x0000
core   0: 0x800009f2 (0x00010117) auipc   sp, 0x10
core   0: 3 0x800009f2 (0x00010117) x 2 0x800109f2
core   0: 0x800009f6 (0x32910113) addi    sp, sp, 809
core   0: 3 0x800009f6 (0x32910113) x 2 0x80010d1b
core   0: 0x800009fa (0x95a53813) sltiu   a6, a0, -1702
core   0: 3 0x800009fa (0x95a53813) x16 0x00000001
core   0: 0x800009fe (0x00000001) c.nop
core   0: 3 0x800009fe (0x0001)
core   0: 0x80000a00 (0x03110283) lb      t0, 49(sp)
core   0: 3 0x80000a00 (0x03110283) x 5 0xffffff95 mem 0x80010d4c
core   0: 0x80000a04 (0x4e9075b7) lui     a1, 0x4e907
core   0: 3 0x80000a04 (0x4e9075b7) x11 0x4e907000
core   0: 0x80000a08 (0xfe511203) lh      tp, -27(sp)
core   0: 3 0x80000a08 (0xfe511203) x 4 0x00000383 mem 0x80010d00
core   0: 0x80000a0c (0xfca117a3) sh      a0, -49(sp)
core   0: 3 0x80000a0c (0xfca117a3) mem 0x80010cea 0x003e
core   0: 0x80000a10 (0x000081e1) c.srli  a1, 24
core   0: 3 0x80000a10 (0x81e1) x11 0x0000004e
core   0: 0x80000a12 (0x00000001) c.nop
core   0: 3 0x80000a12 (0x0001)
core   0: 0x80000a14 (0x00008fa9) c.xor   a5, a0
core   0: 3 0x80000a14 (0x8fa9) x15 0xf000003e
core   0: 0x80000a16 (0xfd915583) lhu     a1, -39(sp)
core   0: 3 0x80000a16 (0xfd915583) x11 0x000031f3 mem 0x80010cf4
core   0: 0x80000a1a (0x00103a33) snez    s4, ra
core   0: 3 0x80000a1a (0x00103a33) x20 0x00000001
core   0: 0x80000a1e (0x02212ca3) sw      sp, 57(sp)
core   0: 3 0x80000a1e (0x02212ca3) mem 0x80010d54 0x80010d1b
core   0: 0x80000a22 (0xff314f83) lbu     t6, -13(sp)
core   0: 3 0x80000a22 (0xff314f83) x31 0x000000d5 mem 0x80010d0e
core   0: 0x80000a26 (0xfce10723) sb      a4, -50(sp)
core   0: 3 0x80000a26 (0xfce10723) mem 0x80010ce9 0xe4
core   0: 0x80000a2a (0x03915083) lhu     ra, 57(sp)
core   0: 3 0x80000a2a (0x03915083) x 1 0x00000d1b mem 0x80010d54
core   0: 0x80000a2e (0x40da82b3) sub     t0, s5, a3
core   0: 3 0x80000a2e (0x40da82b3) x 5 0x0000ed47
core   0: 0x80000a32 (0xf7a80513) addi    a0, a6, -134
core   0: 3 0x80000a32 (0xf7a80513) x10 0xffffff7b
core   0: 0x80000a36 (0x02310403) lb      s0, 35(sp)
core   0: 3 0x80000a36 (0x02310403) x 8 0x00000037 mem 0x80010d3e
core   0: 0x80000a3a (0x00008ce9) c.and   s1, a0
core   0: 3 0x80000a3a (0x8ce9) x 9 0xffffff78
core   0: 0x80000a3c (0x00009bfd) c.andi  a5, -1
core   0: 3 0x80000a3c (0x9bfd) x15 0xf000003e
core   0: 0x80000a3e (0xfd112203) lw      tp, -47(sp)
core   0: 3 0x80000a3e (0xfd112203) x 4 0xad0c0778 mem 0x80010cec
core   0: 0x80000a42 (0x02315983) lhu     s3, 35(sp)
core   0: 3 0x80000a42 (0x02315983) x19 0x0000bf37 mem 0x80010d3e
core   0: 0x80000a46 (0xfe710723) sb      t2, -18(sp)
core   0: 3 0x80000a46 (0xfe710723) mem 0x80010d09 0x1e
core   0: 0x80000a4a (0x02d10b83) lb      s7, 45(sp)
core   0: 3 0x80000a4a (0x02d10b83) x23 0x00000052 mem 0x80010d48
core   0: 0x80000a4e (0x0ff0000f) fence   iorw,iorw
core   0: 3 0x80000a4e (0x0ff0000f)
core   0: 0x80000a52 (0x0fe7aa93) slti    s5, a5, 254
core   0: 3 0x80000a52 (0x0fe7aa93) x21 0x00000001
core   0: 0x80000a56 (0x01a10a83) lb      s5, 26(sp)
core   0: 3 0x80000a56 (0x01a10a83) x21 0xffffffea mem 0x80010d35
core   0: 0x80000a5a (0x0111ebb3) or      s7, gp, a7
core   0: 3 0x80000a5a (0x0111ebb3) x23 0x80025f6c
core   0: 0x80000a5e (0x03a0a933) mulhsu  s2, ra, s10
core   0: 3 0x80000a5e (0x03a0a933) x18 0x00000000
core   0: 0x80000a62 (0xfd810d83) lb      s11, -40(sp)
core   0: 3 0x80000a62 (0xfd810d83) x27 0xffffffe2 mem 0x80010cf3
core   0: 0x80000a66 (0x00008fbd) c.xor   a5, a5
core   0: 3 0x80000a66 (0x8fbd) x15 0x00000000
core   0: 0x80000a68 (0xfdb15e83) lhu     t4, -37(sp)
core   0: 3 0x80000a68 (0xfdb15e83) x29 0x000066f8 mem 0x80010cf6
core   0: 0x80000a6c (0xfc710fa3) sb      t2, -33(sp)
core   0: 3 0x80000a6c (0xfc710fa3) mem 0x80010cfa 0x1e
core   0: 0x80000a70 (0x018002ef) jal     t0, pc + 0x18
core   0: 3 0x80000a70 (0x018002ef) x 5 0x80000a74
core   0: 0x80000a88 (0x01c000ef) jal     pc + 0x1c
core   0: 3 0x80000a88 (0x01c000ef) x 1 0x80000a8c
core   0: 0x80000aa4 (0x0000bfe9) c.j     pc - 38
core   0: 3 0x80000aa4 (0xbfe9)
core   0: 0x80000a7e (0x00002839) c.jal   pc + 30
core   0: 3 0x80000a7e (0x2839) x 1 0x80000a80
core   0: 0x80000a9c (0x000037dd) c.jal   pc - 26
core   0: 3 0x80000a9c (0x37dd) x 1 0x80000a9e
core   0: 0x80000a82 (0x00002809) c.jal   pc + 18
core   0: 3 0x80000a82 (0x2809) x 1 0x80000a84
core   0: 0x80000a94 (0xfe1ff0ef) jal     pc - 0x20
core   0: 3 0x80000a94 (0xfe1ff0ef) x 1 0x80000a98
core   0: 0x80000a74 (0x02e0066f) jal     a2, pc + 0x2e
core   0: 3 0x80000a74 (0x02e0066f) x12 0x80000a78
core   0: 0x80000aa2 (0x0000bfdd) c.j     pc - 10
core   0: 3 0x80000aa2 (0xbfdd)
core   0: 0x80000a98 (0xfefff0ef) jal     pc - 0x12
core   0: 3 0x80000a98 (0xfefff0ef) x 1 0x80000a9c
core   0: 0x80000a86 (0x00002005) c.jal   pc + 32
core   0: 3 0x80000a86 (0x2005) x 1 0x80000a88
core   0: 0x80000aa6 (0x0000bfe9) c.j     pc - 38
core   0: 3 0x80000aa6 (0xbfe9)
core   0: 0x80000a80 (0x0000a031) c.j     pc + 12
core   0: 3 0x80000a80 (0xa031)
core   0: 0x80000a8c (0xff1ff0ef) jal     pc - 0x10
core   0: 3 0x80000a8c (0xff1ff0ef) x 1 0x80000a90
core   0: 0x80000a7c (0x00003ff5) c.jal   pc - 4
core   0: 3 0x80000a7c (0x3ff5) x 1 0x80000a7e
core   0: 0x80000a78 (0x0000a829) c.j     pc + 26
core   0: 3 0x80000a78 (0xa829)
core   0: 0x80000a92 (0x00003ffd) c.jal   pc - 2
core   0: 3 0x80000a92 (0x3ffd) x 1 0x80000a94
core   0: 0x80000a90 (0x00003fd5) c.jal   pc - 12
core   0: 3 0x80000a90 (0x3fd5) x 1 0x80000a92
core   0: 0x80000a84 (0x00002831) c.jal   pc + 28
core   0: 3 0x80000a84 (0x2831) x 1 0x80000a86
core   0: 0x80000aa0 (0x00003ffd) c.jal   pc - 2
core   0: 3 0x80000aa0 (0x3ffd) x 1 0x80000aa2
core   0: 0x80000a9e (0x0000bff1) c.j     pc - 36
core   0: 3 0x80000a9e (0xbff1)
core   0: 0x80000a7a (0x0000a03d) c.j     pc + 46
core   0: 3 0x80000a7a (0xa03d)
core   0: 0x80000aa8 (0x01df1eb3) sll     t4, t5, t4
core   0: 3 0x80000aa8 (0x01df1eb3) x29 0xbb000000
core   0: 0x80000aac (0x00011417) auipc   s0, 0x11
core   0: 3 0x80000aac (0x00011417) x 8 0x80011aac
core   0: 0x80000ab0 (0x31f40413) addi    s0, s0, 799
core   0: 3 0x80000ab0 (0x31f40413) x 8 0x80011dcb
core   0: 0x80000ab4 (0x00008939) c.andi  a0, 14
core   0: 3 0x80000ab4 (0x8939) x10 0x0000000a
core   0: 0x80000ab6 (0xff741103) lh      sp, -9(s0)
core   0: 3 0x80000ab6 (0xff741103) x 2 0xffffef84 mem 0x80011dc2
core   0: 0x80000aba (0xff142d03) lw      s10, -15(s0)
core   0: 3 0x80000aba (0xff142d03) x26 0xe110f08e mem 0x80011dbc
core   0: 0x80000abe (0xff244003) lbu     zero, -14(s0)
core   0: 3 0x80000abe (0xff244003) mem 0x80011dbd
core   0: 0x80000ac2 (0xff440f23) sb      s4, -2(s0)
core   0: 3 0x80000ac2 (0xff440f23) mem 0x80011dc9 0x1
core   0: 0x80000ac6 (0x00144683) lbu     a3, 1(s0)
core   0: 3 0x80000ac6 (0x00144683) x13 0x000000de mem 0x80011dcc
core   0: 0x80000aca (0x004400a3) sb      tp, 1(s0)
core   0: 3 0x80000aca (0x004400a3) mem 0x80011dcc 0x78
core   0: 0x80000ace (0x012420a3) sw      s2, 1(s0)
core   0: 3 0x80000ace (0x012420a3) mem 0x80011dcc 0x00000000
core   0: 0x80000ad2 (0xff744683) lbu     a3, -9(s0)
core   0: 3 0x80000ad2 (0xff744683) x13 0x00000084 mem 0x80011dc2
core   0: 0x80000ad6 (0x00a40e03) lb      t3, 10(s0)
core   0: 3 0x80000ad6 (0x00a40e03) x28 0xffffffbc mem 0x80011dd5
core   0: 0x80000ada (0x07a8cc13) xori    s8, a7, 122
core   0: 3 0x80000ada (0x07a8cc13) x24 0x80025e1e
core   0: 0x80000ade (0x016195b3) sll     a1, gp, s6
core   0: 3 0x80000ade (0x016195b3) x11 0x00009680
core   0: 0x80000ae2 (0x02877ab3) remu    s5, a4, s0
core   0: 3 0x80000ae2 (0x02877ab3) x21 0x00017f19
core   0: 0x80000ae6 (0x00008ff5) c.and   a5, a3
core   0: 3 0x80000ae6 (0x8ff5) x15 0x00000000
core   0: 0x80000ae8 (0x00b41c03) lh      s8, 11(s0)
core   0: 3 0x80000ae8 (0x00b41c03) x24 0x00007adb mem 0x80011dd6
core   0: 0x80000aec (0x00b40d03) lb      s10, 11(s0)
core   0: 3 0x80000aec (0x00b40d03) x26 0xffffffdb mem 0x80011dd6
core   0: 0x80000af0 (0xff345303) lhu     t1, -13(s0)
core   0: 3 0x80000af0 (0xff345303) x 6 0x0000e110 mem 0x80011dbe
core   0: 0x80000af4 (0x40dd5833) sra     a6, s10, a3
core   0: 3 0x80000af4 (0x40dd5833) x16 0xfffffffd
core   0: 0x80000af8 (0xfe4408a3) sb      tp, -15(s0)
core   0: 3 0x80000af8 (0xfe4408a3) mem 0x80011dbc 0x78
core   0: 0x80000afc (0x00240023) sb      sp, 0(s0)
core   0: 3 0x80000afc (0x00240023) mem 0x80011dcb 0x84
core   0: 0x80000b00 (0x00010d17) auipc   s10, 0x10
core   0: 3 0x80000b00 (0x00010d17) x26 0x80010b00
core   0: 0x80000b04 (0x216d0d13) addi    s10, s10, 534
core   0: 3 0x80000b04 (0x216d0d13) x26 0x80010d16
core   0: 0x80000b08 (0x031d0683) lb      a3, 49(s10)
core   0: 3 0x80000b08 (0x031d0683) x13 0xffffff8a mem 0x80010d47
core   0: 0x80000b0c (0x1da93693) sltiu   a3, s2, 474
core   0: 3 0x80000b0c (0x1da93693) x13 0x00000001
core   0: 0x80000b10 (0x00008e95) c.sub   a3, a3
core   0: 3 0x80000b10 (0x8e95) x13 0x00000000
core   0: 0x80000b12 (0x00000a19) c.addi  s4, 6
core   0: 3 0x80000b12 (0x0a19) x20 0x00000007
core   0: 0x80000b14 (0x00469a33) sll     s4, a3, tp
core   0: 3 0x80000b14 (0x00469a33) x20 0x00000000
core   0: 0x80000b18 (0x38a93f13) sltiu   t5, s2, 906
core   0: 3 0x80000b18 (0x38a93f13) x30 0x00000001
core   0: 0x80000b1c (0x00e95a13) srli    s4, s2, 14
core   0: 3 0x80000b1c (0x00e95a13) x20 0x00000000
core   0: 0x80000b20 (0xfdbd0203) lb      tp, -37(s10)
core   0: 3 0x80000b20 (0xfdbd0203) x 4 0xffffffcf mem 0x80010cf1
core   0: 0x80000b24 (0x03423533) mulhu   a0, tp, s4
core   0: 3 0x80000b24 (0x03423533) x10 0x00000000
core   0: 0x80000b28 (0x00008952) c.mv    s2, s4
core   0: 3 0x80000b28 (0x8952) x18 0x00000000
core   0: 0x80000b2a (0x003d4683) lbu     a3, 3(s10)
core   0: 3 0x80000b2a (0x003d4683) x13 0x00000049 mem 0x80010d19
core   0: 0x80000b2e (0xd3352913) slti    s2, a0, -717
core   0: 3 0x80000b2e (0xd3352913) x18 0x00000000
core   0: 0x80000b32 (0xfddd0683) lb      a3, -35(s10)
core   0: 3 0x80000b32 (0xfddd0683) x13 0xffffffe2 mem 0x80010cf3
core   0: 0x80000b36 (0xfe7a6213) ori     tp, s4, -25
core   0: 3 0x80000b36 (0xfe7a6213) x 4 0xffffffe7
core   0: 0x80000b3a (0xfc1d4503) lbu     a0, -63(s10)
core   0: 3 0x80000b3a (0xfc1d4503) x10 0x000000bd mem 0x80010cd7
core   0: 0x80000b3e (0x41250f33) sub     t5, a0, s2
core   0: 3 0x80000b3e (0x41250f33) x30 0x000000bd
core   0: 0x80000b42 (0x40a95533) sra     a0, s2, a0
core   0: 3 0x80000b42 (0x40a95533) x10 0x00000000
core   0: 0x80000b46 (0xff4d2323) sw      s4, -26(s10)
core   0: 3 0x80000b46 (0xff4d2323) mem 0x80010cfc 0x00000000
core   0: 0x80000b4a (0x439ac697) auipc   a3, 0x439ac
core   0: 3 0x80000b4a (0x439ac697) x13 0xc39acb4a
core   0: 0x80000b4e (0xffed1423) sh      t5, -24(s10)
core   0: 3 0x80000b4e (0xffed1423) mem 0x80010cfe 0x00bd
core   0: 0x80000b52 (0x00008d29) c.xor   a0, a0
core   0: 3 0x80000b52 (0x8d29) x10 0x00000000
core   0: 0x80000b54 (0x02d6b933) mulhu   s2, a3, a3
core   0: 3 0x80000b54 (0x02d6b933) x18 0x95752f4b
core   0: 0x80000b58 (0x000082f9) c.srli  a3, 30
core   0: 3 0x80000b58 (0x82f9) x13 0x00000003
core   0: 0x80000b5a (0xff6d2683) lw      a3, -10(s10)
core   0: 3 0x80000b5a (0xff6d2683) x13 0x12d5d9ec mem 0x80010d0c
core   0: 0x80000b5e (0x00cd4683) lbu     a3, 12(s10)
core   0: 3 0x80000b5e (0x00cd4683) x13 0x0000001a mem 0x80010d22
core   0: 0x80000b62 (0x43857693) andi    a3, a0, 1080
core   0: 3 0x80000b62 (0x43857693) x13 0x00000000
core   0: 0x80000b66 (0x40da0933) sub     s2, s4, a3
core   0: 3 0x80000b66 (0x40da0933) x18 0x00000000
core   0: 0x80000b6a (0x034d1b23) sh      s4, 54(s10)
core   0: 3 0x80000b6a (0x034d1b23) mem 0x80010d4c 0x0000
core   0: 0x80000b6e (0x00000001) c.nop
core   0: 3 0x80000b6e (0x0001)
core   0: 0x80000b70 (0x00a52933) slt     s2, a0, a0
core   0: 3 0x80000b70 (0x00a52933) x18 0x00000000
core   0: 0x80000b74 (0x00ad5f03) lhu     t5, 10(s10)
core   0: 3 0x80000b74 (0x00ad5f03) x30 0x0000c626 mem 0x80010d20
core   0: 0x80000b78 (0xfedd0ba3) sb      a3, -9(s10)
core   0: 3 0x80000b78 (0xfedd0ba3) mem 0x80010d0d 0x0
core   0: 0x80000b7c (0x02a90a33) mul     s4, s2, a0
core   0: 3 0x80000b7c (0x02a90a33) x20 0x00000000
core   0: 0x80000b80 (0x3dd27a13) andi    s4, tp, 989
core   0: 3 0x80000b80 (0x3dd27a13) x20 0x000003c5
core   0: 0x80000b84 (0x000006ae) c.slli  a3, 11
core   0: 3 0x80000b84 (0x06ae) x13 0x00000000
core   0: 0x80000b86 (0x0000100f) fence.i
core   0: 3 0x80000b86 (0x0000100f)
core   0: 0x80000b8a (0xff5d0683) lb      a3, -11(s10)
core   0: 3 0x80000b8a (0xff5d0683) x13 0xffffff8f mem 0x80010d0b
core   0: 0x80000b8e (0xfd2d0ba3) sb      s2, -41(s10)
core   0: 3 0x80000b8e (0xfd2d0ba3) mem 0x80010ced 0x0
core   0: 0x80000b92 (0x02dd0203) lb      tp, 45(s10)
core   0: 3 0x80000b92 (0x02dd0203) x 4 0x00000074 mem 0x80010d43
core   0: 0x80000b96 (0xff5d4503) lbu     a0, -11(s10)
core   0: 3 0x80000b96 (0xff5d4503) x10 0x0000008f mem 0x80010d0b
core   0: 0x80000b9a (0x00010397) auipc   t2, 0x10
core   0: 3 0x80000b9a (0x00010397) x 7 0x80010b9a
core   0: 0x80000b9e (0xd4f38393) addi    t2, t2, -689
core   0: 3 0x80000b9e (0xd4f38393) x 7 0x800108e9
core   0: 0x80000ba2 (0x00010797) auipc   a5, 0x10
core   0: 3 0x80000ba2 (0x00010797) x15 0x80010ba2
core   0: 0x80000ba6 (0xa3d78793) addi    a5, a5, -1475
core   0: 3 0x80000ba6 (0xa3d78793) x15 0x800105df
core   0: 0x80000baa (0x0000f617) auipc   a2, 0xf
core   0: 3 0x80000baa (0x0000f617) x12 0x8000fbaa
core   0: 0x80000bae (0x7d560613) addi    a2, a2, 2005
core   0: 3 0x80000bae (0x7d560613) x12 0x8001037f
core   0: 0x80000bb2 (0xf1579183) lh      gp, -235(a5)
core   0: 3 0x80000bb2 (0xf1579183) x 3 0x0000213f mem 0x800104f4
core   0: 0x80000bb6 (0xf3e781a3) sb      t5, -221(a5)
core   0: 3 0x80000bb6 (0xf3e781a3) mem 0x80010502 0x26
core   0: 0x80000bba (0x6a060a23) sb      zero, 1716(a2)
core   0: 3 0x80000bba (0x6a060a23) mem 0x80010a33 0x0
core   0: 0x80000bbe (0x7ce60083) lb      ra, 1998(a2)
core   0: 3 0x80000bbe (0x7ce60083) x 1 0xffffff89 mem 0x80010b4d
core   0: 0x80000bc2 (0xe6c38423) sb      a2, -408(t2)
core   0: 3 0x80000bc2 (0xe6c38423) mem 0x80010751 0x7f
core   0: 0x80000bc6 (0x2d87c903) lbu     s2, 728(a5)
core   0: 3 0x80000bc6 (0x2d87c903) x18 0x0000001c mem 0x800108b7
core   0: 0x80000bca (0x39c78123) sb      t3, 898(a5)
core   0: 3 0x80000bca (0x39c78123) mem 0x80010961 0xbc
core   0: 0x80000bce (0xf7838123) sb      s8, -158(t2)
core   0: 3 0x80000bce (0xf7838123) mem 0x8001084b 0xdb
core   0: 0x80000bd2 (0x7b3616a3) sh      s3, 1965(a2)
core   0: 3 0x80000bd2 (0x7b3616a3) mem 0x80010b2c 0xbf37
core   0: 0x80000bd6 (0x5963ce03) lbu     t3, 1430(t2)
core   0: 3 0x80000bd6 (0x5963ce03) x28 0x000000d1 mem 0x80010e7f
core   0: 0x80000bda (0x01d79aa3) sh      t4, 21(a5)
core   0: 3 0x80000bda (0x01d79aa3) mem 0x800105f4 0x0000
core   0: 0x80000bde (0x6c03c203) lbu     tp, 1728(t2)
core   0: 3 0x80000bde (0x6c03c203) x 4 0x000000cb mem 0x80010fa9
core   0: 0x80000be2 (0x4407cb03) lbu     s6, 1088(a5)
core   0: 3 0x80000be2 (0x4407cb03) x22 0x00000046 mem 0x80010a1f
core   0: 0x80000be6 (0xe6c60303) lb      t1, -404(a2)
core   0: 3 0x80000be6 (0xe6c60303) x 6 0x00000059 mem 0x800101eb
core   0: 0x80000bea (0x5657cb03) lbu     s6, 1381(a5)
core   0: 3 0x80000bea (0x5657cb03) x22 0x00000010 mem 0x80010b44
core   0: 0x80000bee (0x5123c303) lbu     t1, 1298(t2)
core   0: 3 0x80000bee (0x5123c303) x 6 0x00000028 mem 0x80010dfb
core   0: 0x80000bf2 (0x0de60b83) lb      s7, 222(a2)
core   0: 3 0x80000bf2 (0x0de60b83) x23 0x0000000b mem 0x8001045d
core   0: 0x80000bf6 (0x0000fa97) auipc   s5, 0xf
core   0: 3 0x80000bf6 (0x0000fa97) x21 0x8000fbf6
core   0: 0x80000bfa (0x61ca8a93) addi    s5, s5, 1564
core   0: 3 0x80000bfa (0x61ca8a93) x21 0x80010212
core   0: 0x80000bfe (0x036a80a3) sb      s6, 33(s5)
core   0: 3 0x80000bfe (0x036a80a3) mem 0x80010233 0x10
core   0: 0x80000c02 (0x001a83a3) sb      ra, 7(s5)
core   0: 3 0x80000c02 (0x001a83a3) mem 0x80010219 0x89
core   0: 0x80000c06 (0xf4c56c13) ori     s8, a0, -180
core   0: 3 0x80000c06 (0xf4c56c13) x24 0xffffffcf
core   0: 0x80000c0a (0x00129933) sll     s2, t0, ra
core   0: 3 0x80000c0a (0x00129933) x18 0x0014e800
core   0: 0x80000c0e (0x02974db3) div     s11, a4, s1
core   0: 3 0x80000c0e (0x02974db3) x27 0x00f0ec05
core   0: 0x80000c12 (0xe874b493) sltiu   s1, s1, -377
core   0: 3 0x80000c12 (0xe874b493) x 9 0x00000000
core   0: 0x80000c16 (0x00008ef5) c.and   a3, a3
core   0: 3 0x80000c16 (0x8ef5) x13 0xffffff8f
core   0: 0x80000c18 (0x006a9f23) sh      t1, 30(s5)
core   0: 3 0x80000c18 (0x006a9f23) mem 0x80010230 0x0028
core   0: 0x80000c1c (0x009a8e83) lb      t4, 9(s5)
core   0: 3 0x80000c1c (0x009a8e83) x29 0x00000051 mem 0x8001021b
core   0: 0x80000c20 (0xff2a89a3) sb      s2, -13(s5)
core   0: 3 0x80000c20 (0xff2a89a3) mem 0x80010205 0x0
core   0: 0x80000c24 (0x000a8e03) lb      t3, 0(s5)
core   0: 3 0x80000c24 (0x000a8e03) x28 0x00000009 mem 0x80010212
core   0: 0x80000c28 (0x9d500593) li      a1, -1579
core   0: 3 0x80000c28 (0x9d500593) x11 0xfffff9d5
core   0: 0x80000c2c (0x02baa323) sw      a1, 38(s5)
core   0: 3 0x80000c2c (0x02baa323) mem 0x80010238 0xfffff9d5
core   0: 0x80000c30 (0x40765213) srai    tp, a2, 7
core   0: 3 0x80000c30 (0x40765213) x 4 0xff000206
core   0: 0x80000c34 (0xfd1a81a3) sb      a7, -61(s5)
core   0: 3 0x80000c34 (0xfd1a81a3) mem 0x800101d5 0x64
core   0: 0x80000c38 (0xb458c693) xori    a3, a7, -1211
core   0: 3 0x80000c38 (0xb458c693) x13 0x7ffda521
core   0: 0x80000c3c (0xb4c30113) addi    sp, t1, -1204
core   0: 3 0x80000c3c (0xb4c30113) x 2 0xfffffb74
core   0: 0x80000c40 (0x013d4fb3) xor     t6, s10, s3
core   0: 3 0x80000c40 (0x013d4fb3) x31 0x8001b221
core   0: 0x80000c44 (0xfeda8d83) lb      s11, -19(s5)
core   0: 3 0x80000c44 (0xfeda8d83) x27 0x0000002e mem 0x800101ff
core   0: 0x80000c48 (0x0000811d) c.srli  a0, 7
core   0: 3 0x80000c48 (0x811d) x10 0x00000001
core   0: 0x80000c4a (0x030acd03) lbu     s10, 48(s5)
core   0: 3 0x80000c4a (0x030acd03) x26 0x000000ff mem 0x80010242
core   0: 0x80000c4e (0x00bac803) lbu     a6, 11(s5)
core   0: 3 0x80000c4e (0x00bac803) x16 0x0000001f mem 0x8001021d
core   0: 0x80000c52 (0x011a9833) sll     a6, s5, a7
core   0: 3 0x80000c52 (0x011a9833) x16 0x00102120
core   0: 0x80000c56 (0x000083c1) c.srli  a5, 16
core   0: 3 0x80000c56 (0x83c1) x15 0x00008001
core   0: 0x80000c58 (0x0000929a) c.add   t0, t1
core   0: 3 0x80000c58 (0x929a) x 5 0x80000a9c
core   0: 0x80000c5a (0x018d29b3) slt     s3, s10, s8
core   0: 3 0x80000c5a (0x018d29b3) x19 0x00000000
core   0: 0x80000c5e (0x010ad083) lhu     ra, 16(s5)
core   0: 3 0x80000c5e (0x010ad083) x 1 0x00008ddd mem 0x80010222
core   0: 0x80000c62 (0xfc8a9723) sh      s0, -50(s5)
core   0: 3 0x80000c62 (0xfc8a9723) mem 0x800101e0 0x1dcb
core   0: 0x80000c66 (0xff5a8d83) lb      s11, -11(s5)
core   0: 3 0x80000c66 (0xff5a8d83) x27 0xffffffe9 mem 0x80010207
core   0: 0x80000c6a (0x00010097) auipc   ra, 0x10
core   0: 3 0x80000c6a (0x00010097) x 1 0x80010c6a
core   0: 0x80000c6e (0x93b08093) addi    ra, ra, -1733
core   0: 3 0x80000c6e (0x93b08093) x 1 0x800105a5
core   0: 0x80000c72 (0x0000ff17) auipc   t5, 0xf
core   0: 3 0x80000c72 (0x0000ff17) x30 0x8000fc72
core   0: 0x80000c76 (0x5f1f0f13) addi    t5, t5, 1521
core   0: 3 0x80000c76 (0x5f1f0f13) x30 0x80010263
core   0: 0x80000c7a (0x0000fb97) auipc   s7, 0xf
core   0: 3 0x80000c7a (0x0000fb97) x23 0x8000fc7a
core   0: 0x80000c7e (0x720b8b93) addi    s7, s7, 1824
core   0: 3 0x80000c7e (0x720b8b93) x23 0x8001039a
core   0: 0x80000c82 (0x102ba483) lw      s1, 258(s7)
core   0: 3 0x80000c82 (0x102ba483) x 9 0xf54f25bd mem 0x8001049c
core   0: 0x80000c86 (0x0e2f4a03) lbu     s4, 226(t5)
core   0: 3 0x80000c86 (0x0e2f4a03) x20 0x000000e9 mem 0x80010345
core   0: 0x80000c8a (0x0000f317) auipc   t1, 0xf
core   0: 3 0x80000c8a (0x0000f317) x 6 0x8000fc8a
core   0: 0x80000c8e (0x56c30313) addi    t1, t1, 1388
core   0: 3 0x80000c8e (0x56c30313) x 6 0x800101f6
core   0: 0x80000c92 (0xff40c783) lbu     a5, -12(ra)
core   0: 3 0x80000c92 (0xff40c783) x15 0x000000d2 mem 0x80010599
core   0: 0x80000c96 (0xfd2f4983) lbu     s3, -46(t5)
core   0: 3 0x80000c96 (0xfd2f4983) x19 0x0000009c mem 0x80010235
core   0: 0x80000c9a (0xfe331d23) sh      gp, -6(t1)
core   0: 3 0x80000c9a (0xfe331d23) mem 0x800101f0 0x213f
core   0: 0x80000c9e (0xef2ba283) lw      t0, -270(s7)
core   0: 3 0x80000c9e (0xef2ba283) x 5 0x274ca17b mem 0x8001028c
core   0: 0x80000ca2 (0xff130803) lb      a6, -15(t1)
core   0: 3 0x80000ca2 (0xff130803) x16 0xffffffe5 mem 0x800101e7
core   0: 0x80000ca6 (0x529bc683) lbu     a3, 1321(s7)
core   0: 3 0x80000ca6 (0x529bc683) x13 0x000000f0 mem 0x800108c3
core   0: 0x80000caa (0xff4f0923) sb      s4, -14(t5)
core   0: 3 0x80000caa (0xff4f0923) mem 0x80010255 0xe9
core   0: 0x80000cae (0x00608a83) lb      s5, 6(ra)
core   0: 3 0x80000cae (0x00608a83) x21 0xffffff97 mem 0x800105ab
core   0: 0x80000cb2 (0x00632503) lw      a0, 6(t1)
core   0: 3 0x80000cb2 (0x00632503) x10 0x2e98c939 mem 0x800101fc
core   0: 0x80000cb6 (0xcd3b8503) lb      a0, -813(s7)
core   0: 3 0x80000cb6 (0xcd3b8503) x10 0x0000004f mem 0x8001006d
core   0: 0x80000cba (0x00232383) lw      t2, 2(t1)
core   0: 3 0x80000cba (0x00232383) x 7 0x78851db2 mem 0x800101f8
core   0: 0x80000cbe (0x00608203) lb      tp, 6(ra)
core   0: 3 0x80000cbe (0x00608203) x 4 0xffffff97 mem 0x800105ab
core   0: 0x80000cc2 (0x00408023) sb      tp, 0(ra)
core   0: 3 0x80000cc2 (0x00408023) mem 0x800105a5 0x97
core   0: 0x80000cc6 (0xffef0483) lb      s1, -2(t5)
core   0: 3 0x80000cc6 (0xffef0483) x 9 0x00000073 mem 0x80010261
core   0: 0x80000cca (0x085b8803) lb      a6, 133(s7)
core   0: 3 0x80000cca (0x085b8803) x16 0x00000006 mem 0x8001041f
core   0: 0x80000cce (0xf99b8003) lb      zero, -103(s7)
core   0: 3 0x80000cce (0xf99b8003) mem 0x80010333
core   0: 0x80000cd2 (0xff831d83) lh      s11, -8(t1)
core   0: 3 0x80000cd2 (0xff831d83) x27 0x000017e6 mem 0x800101ee
core   0: 0x80000cd6 (0xf1df4b03) lbu     s6, -227(t5)
core   0: 3 0x80000cd6 (0xf1df4b03) x22 0x000000fc mem 0x80010180
core   0: 0x80000cda (0x00109483) lh      s1, 1(ra)
core   0: 3 0x80000cda (0x00109483) x 9 0x00006cf3 mem 0x800105a6
core   0: 0x80000cde (0xffa30283) lb      t0, -6(t1)
core   0: 3 0x80000cde (0xffa30283) x 5 0x0000003f mem 0x800101f0
core   0: 0x80000ce2 (0x0adf5d03) lhu     s10, 173(t5)
core   0: 3 0x80000ce2 (0x0adf5d03) x26 0x000041b2 mem 0x80010310
core   0: 0x80000ce6 (0xdf6b83a3) sb      s6, -537(s7)
core   0: 3 0x80000ce6 (0xdf6b83a3) mem 0x80010181 0xfc
core   0: 0x80000cea (0xfe030d23) sb      zero, -6(t1)
core   0: 3 0x80000cea (0xfe030d23) mem 0x800101f0 0x0
core   0: 0x80000cee (0x59dbc103) lbu     sp, 1437(s7)
core   0: 3 0x80000cee (0x59dbc103) x 2 0x000000ab mem 0x80010937
core   0: 0x80000cf2 (0x693b8383) lb      t2, 1683(s7)
core   0: 3 0x80000cf2 (0x693b8383) x 7 0xffffffcc mem 0x80010a2d
core   0: 0x80000cf6 (0xfff088a3) sb      t6, -15(ra)
core   0: 3 0x80000cf6 (0xfff088a3) mem 0x80010596 0x21
core   0: 0x80000cfa (0x119b8803) lb      a6, 281(s7)
core   0: 3 0x80000cfa (0x119b8803) x16 0x00000052 mem 0x800104b3
core   0: 0x80000cfe (0x0070a503) lw      a0, 7(ra)
core   0: 3 0x80000cfe (0x0070a503) x10 0x516ba854 mem 0x800105ac
core   0: 0x80000d02 (0x0001eb17) auipc   s6, 0x1e
core   0: 3 0x80000d02 (0x0001eb17) x22 0x8001ed02
core   0: 0x80000d06 (0x2a2b0b13) addi    s6, s6, 674
core   0: 3 0x80000d06 (0x2a2b0b13) x22 0x8001efa4
core   0: 0x80000d0a (0xff8b1823) sh      s8, -16(s6)
core   0: 3 0x80000d0a (0xff8b1823) mem 0x8001ef94 0xffcf
core   0: 0x80000d0e (0xff2b1a83) lh      s5, -14(s6)
core   0: 3 0x80000d0e (0xff2b1a83) x21 0xffffe65b mem 0x8001ef96
core   0: 0x80000d12 (0x03edd633) divu    a2, s11, t5
core   0: 3 0x80000d12 (0x03edd633) x12 0x00000000
core   0: 0x80000d16 (0xffab5903) lhu     s2, -6(s6)
core   0: 3 0x80000d16 (0xffab5903) x18 0x0000a15b mem 0x8001ef9e
core   0: 0x80000d1a (0x001b4a03) lbu     s4, 1(s6)
core   0: 3 0x80000d1a (0x001b4a03) x20 0x0000005b mem 0x8001efa5
core   0: 0x80000d1e (0x39d87693) andi    a3, a6, 925
core   0: 3 0x80000d1e (0x39d87693) x13 0x00000010
core   0: 0x80000d22 (0x009b0803) lb      a6, 9(s6)
core   0: 3 0x80000d22 (0x009b0803) x16 0x0000000f mem 0x8001efad
core   0: 0x80000d26 (0x009b0a03) lb      s4, 9(s6)
core   0: 3 0x80000d26 (0x009b0a03) x20 0x0000000f mem 0x8001efad
core   0: 0x80000d2a (0x009b4d03) lbu     s10, 9(s6)
core   0: 3 0x80000d2a (0x009b4d03) x26 0x0000000f mem 0x8001efad
core   0: 0x80000d2e (0xff5b09a3) sb      s5, -13(s6)
core   0: 3 0x80000d2e (0xff5b09a3) mem 0x8001ef97 0x5b
core   0: 0x80000d32 (0x008b5e03) lhu     t3, 8(s6)
core   0: 3 0x80000d32 (0x008b5e03) x28 0x00000f05 mem 0x8001efac
core   0: 0x80000d36 (0x000b0423) sb      zero, 8(s6)
core   0: 3 0x80000d36 (0x000b0423) mem 0x8001efac 0x0
core   0: 0x80000d3a (0x008b1803) lh      a6, 8(s6)
core   0: 3 0x80000d3a (0x008b1803) x16 0x00000f00 mem 0x8001efac
core   0: 0x80000d3e (0xfe3b1a23) sh      gp, -12(s6)
core   0: 3 0x80000d3e (0xfe3b1a23) mem 0x8001ef98 0x213f
core   0: 0x80000d42 (0xff4b1183) lh      gp, -12(s6)
core   0: 3 0x80000d42 (0xff4b1183) x 3 0x0000213f mem 0x8001ef98
core   0: 0x80000d46 (0x00fb4d83) lbu     s11, 15(s6)
core   0: 3 0x80000d46 (0x00fb4d83) x27 0x00000066 mem 0x8001efb3
core   0: 0x80000d4a (0x00ab5083) lhu     ra, 10(s6)
core   0: 3 0x80000d4a (0x00ab5083) x 1 0x00005e46 mem 0x8001efae
core   0: 0x80000d4e (0x007b4083) lbu     ra, 7(s6)
core   0: 3 0x80000d4e (0x007b4083) x 1 0x00000098 mem 0x8001efab
core   0: 0x80000d52 (0x01fb03a3) sb      t6, 7(s6)
core   0: 3 0x80000d52 (0x01fb03a3) mem 0x8001efab 0x21
core   0: 0x80000d56 (0xfefb0823) sb      a5, -16(s6)
core   0: 3 0x80000d56 (0xfefb0823) mem 0x8001ef94 0xd2
core   0: 0x80000d5a (0x00ab4583) lbu     a1, 10(s6)
core   0: 3 0x80000d5a (0x00ab4583) x11 0x00000046 mem 0x8001efae
core   0: 0x80000d5e (0x00ab5183) lhu     gp, 10(s6)
core   0: 3 0x80000d5e (0x00ab5183) x 3 0x00005e46 mem 0x8001efae
core   0: 0x80000d62 (0x0001d917) auipc   s2, 0x1d
core   0: 3 0x80000d62 (0x0001d917) x18 0x8001dd62
core   0: 0x80000d66 (0x85e90913) addi    s2, s2, -1954
core   0: 3 0x80000d66 (0x85e90913) x18 0x8001d5c0
core   0: 0x80000d6a (0x0000f817) auipc   a6, 0xf
core   0: 3 0x80000d6a (0x0000f817) x16 0x8000fd6a
core   0: 0x80000d6e (0x36b80813) addi    a6, a6, 875
core   0: 3 0x80000d6e (0x36b80813) x16 0x800100d5
core   0: 0x80000d72 (0x3dd90603) lb      a2, 989(s2)
core   0: 3 0x80000d72 (0x3dd90603) x12 0x00000016 mem 0x8001d99d
core   0: 0x80000d76 (0x7da84403) lbu     s0, 2010(a6)
core   0: 3 0x80000d76 (0x7da84403) x 8 0x00000085 mem 0x800108af
core   0: 0x80000d7a (0xb0c92403) lw      s0, -1268(s2)
core   0: 3 0x80000d7a (0xb0c92403) x 8 0x3212f17b mem 0x8001d0cc
core   0: 0x80000d7e (0x5fb90783) lb      a5, 1531(s2)
core   0: 3 0x80000d7e (0x5fb90783) x15 0xffffffb6 mem 0x8001dbbb
core   0: 0x80000d82 (0xd7194b83) lbu     s7, -655(s2)
core   0: 3 0x80000d82 (0xd7194b83) x23 0x00000082 mem 0x8001d331
core   0: 0x80000d86 (0x0b584683) lbu     a3, 181(a6)
core   0: 3 0x80000d86 (0x0b584683) x13 0x0000004c mem 0x8001018a
core   0: 0x80000d8a (0x48b82b83) lw      s7, 1163(a6)
core   0: 3 0x80000d8a (0x48b82b83) x23 0x1c8a17ba mem 0x80010560
core   0: 0x80000d8e (0x6e791c23) sh      t2, 1784(s2)
core   0: 3 0x80000d8e (0x6e791c23) mem 0x8001dcb8 0xffcc
core   0: 0x80000d92 (0x10194e03) lbu     t3, 257(s2)
core   0: 3 0x80000d92 (0x10194e03) x28 0x000000d2 mem 0x8001d6c1
core   0: 0x80000d96 (0x3fe80e83) lb      t4, 1022(a6)
core   0: 3 0x80000d96 (0x3fe80e83) x29 0xfffffff8 mem 0x800104d3
core   0: 0x80000d9a (0xa9594103) lbu     sp, -1387(s2)
core   0: 3 0x80000d9a (0xa9594103) x 2 0x00000054 mem 0x8001d055
core   0: 0x80000d9e (0xb8691e83) lh      t4, -1146(s2)
core   0: 3 0x80000d9e (0xb8691e83) x29 0x00001b1d mem 0x8001d146
core   0: 0x80000da2 (0xbcb94b03) lbu     s6, -1077(s2)
core   0: 3 0x80000da2 (0xbcb94b03) x22 0x0000006e mem 0x8001d18b
core   0: 0x80000da6 (0xf8f84283) lbu     t0, -113(a6)
core   0: 3 0x80000da6 (0xf8f84283) x 5 0x00000000 mem 0x80010064
core   0: 0x80000daa (0x784818a3) sh      tp, 1937(a6)
core   0: 3 0x80000daa (0x784818a3) mem 0x80010866 0xff97
core   0: 0x80000dae (0x00000613) li      a2, 0
core   0: 3 0x80000dae (0x00000613) x12 0x00000000
core   0: 0x80000db2 (0x02244f33) div     t5, s0, sp
core   0: 3 0x80000db2 (0x02244f33) x30 0x00989b41
core   0: 0x80000db6 (0x03517433) remu    s0, sp, s5
core   0: 3 0x80000db6 (0x03517433) x 8 0x00000054
core   0: 0x80000dba (0x40bc5693) srai    a3, s8, 11
core   0: 3 0x80000dba (0x40bc5693) x13 0xffffffff
core   0: 0x80000dbe (0x41b20d33) sub     s10, tp, s11
core   0: 3 0x80000dbe (0x41b20d33) x26 0xffffff31
core   0: 0x80000dc2 (0xff900d93) li      s11, -7
core   0: 3 0x80000dc2 (0xff900d93) x27 0xfffffff9
core   0: 0x80000dc6 (0x035fbc33) mulhu   s8, t6, s5
core   0: 3 0x80000dc6 (0x035fbc33) x24 0x8001a54e
core   0: 0x80000dca (0x00008c21) c.xor   s0, s0
core   0: 3 0x80000dca (0x8c21) x 8 0x00000000
core   0: 0x80000dcc (0xb0903493) sltiu   s1, zero, -1271
core   0: 3 0x80000dcc (0xb0903493) x 9 0x00000001
core   0: 0x80000dd0 (0x00000001) c.nop
core   0: 3 0x80000dd0 (0x0001)
core   0: 0x80000dd2 (0xe9a2ab37) lui     s6, 0xe9a2a
core   0: 3 0x80000dd2 (0xe9a2ab37) x22 0xe9a2a000
core   0: 0x80000dd6 (0x00001665) c.addi  a2, -7
core   0: 3 0x80000dd6 (0x1665) x12 0xfffffff9
core   0: 0x80000dd8 (0x0000852d) c.srai  a0, 11
core   0: 3 0x80000dd8 (0x852d) x10 0x000a2d75
core   0: 0x80000dda (0xffb61ce3) bne     a2, s11, pc - 8
core   0: 3 0x80000dda (0xffb61ce3)
core   0: 0x80000dde (0x00000001) c.nop
core   0: 3 0x80000dde (0x0001)
core   0: 0x80000de0 (0x034002ef) jal     t0, pc + 0x34
core   0: 3 0x80000de0 (0x034002ef) x 5 0x80000de4
core   0: 0x80000e14 (0x010009ef) jal     s3, pc + 0x10
core   0: 3 0x80000e14 (0x010009ef) x19 0x80000e18
core   0: 0x80000e24 (0x00003fc9) c.jal   pc - 46
core   0: 3 0x80000e24 (0x3fc9) x 1 0x80000e26
core   0: 0x80000df6 (0x0000bfcd) c.j     pc - 14
core   0: 3 0x80000df6 (0xbfcd)
core   0: 0x80000de8 (0x0000a0a1) c.j     pc + 72
core   0: 3 0x80000de8 (0xa0a1)
core   0: 0x80000e30 (0x0000b7e1) c.j     pc - 56
core   0: 3 0x80000e30 (0xb7e1)
core   0: 0x80000df8 (0x0000a809) c.j     pc + 18
core   0: 3 0x80000df8 (0xa809)
core   0: 0x80000e0a (0x000037e5) c.jal   pc - 24
core   0: 3 0x80000e0a (0x37e5) x 1 0x80000e0c
core   0: 0x80000df2 (0x00002811) c.jal   pc + 20
core   0: 3 0x80000df2 (0x2811) x 1 0x80000df4
core   0: 0x80000e06 (0x0000bfed) c.j     pc - 6
core   0: 3 0x80000e06 (0xbfed)
core   0: 0x80000e00 (0x010000ef) jal     pc + 0x10
core   0: 3 0x80000e00 (0x010000ef) x 1 0x80000e04
core   0: 0x80000e10 (0xfebff0ef) jal     pc - 0x16
core   0: 3 0x80000e10 (0xfebff0ef) x 1 0x80000e14
core   0: 0x80000dfa (0x00e000ef) jal     pc + 0xe
core   0: 3 0x80000dfa (0x00e000ef) x 1 0x80000dfe
core   0: 0x80000e08 (0x00002809) c.jal   pc + 18
core   0: 3 0x80000e08 (0x2809) x 1 0x80000e0a
core   0: 0x80000e1a (0xfcbff36f) jal     t1, pc - 0x36
core   0: 3 0x80000e1a (0xfcbff36f) x 6 0x80000e1e
core   0: 0x80000de4 (0x03a000ef) jal     pc + 0x3a
core   0: 3 0x80000de4 (0x03a000ef) x 1 0x80000de8
core   0: 0x80000e1e (0x0000a021) c.j     pc + 8
core   0: 3 0x80000e1e (0xa021)
core   0: 0x80000e26 (0x008000ef) jal     pc + 0x8
core   0: 3 0x80000e26 (0x008000ef) x 1 0x80000e2a
core   0: 0x80000e2e (0x0000bfcd) c.j     pc - 14
core   0: 3 0x80000e2e (0xbfcd)
core   0: 0x80000e20 (0xfd5ff0ef) jal     pc - 0x2c
core   0: 3 0x80000e20 (0xfd5ff0ef) x 1 0x80000e24
core   0: 0x80000df4 (0x00003fdd) c.jal   pc - 10
core   0: 3 0x80000df4 (0x3fdd) x 1 0x80000df6
core   0: 0x80000dea (0x0000200d) c.jal   pc + 34
core   0: 3 0x80000dea (0x200d) x 1 0x80000dec
core   0: 0x80000e0c (0x00c00eef) jal     t4, pc + 0xc
core   0: 3 0x80000e0c (0x00c00eef) x29 0x80000e10
core   0: 0x80000e18 (0x0000b7f5) c.j     pc - 20
core   0: 3 0x80000e18 (0xb7f5)
core   0: 0x80000e04 (0x000037ed) c.jal   pc - 22
core   0: 3 0x80000e04 (0x37ed) x 1 0x80000e06
core   0: 0x80000dee (0xfffff0ef) jal     pc - 0x2
core   0: 3 0x80000dee (0xfffff0ef) x 1 0x80000df2
core   0: 0x80000dec (0x00002809) c.jal   pc + 18
core   0: 3 0x80000dec (0x2809) x 1 0x80000dee
core   0: 0x80000dfe (0x00002035) c.jal   pc + 44
core   0: 3 0x80000dfe (0x2035) x 1 0x80000e00
core   0: 0x80000e2a (0x008000ef) jal     pc + 0x8
core   0: 3 0x80000e2a (0x008000ef) x 1 0x80000e2e
core   0: 0x80000e32 (0x00006785) c.lui   a5, 0x1
core   0: 3 0x80000e32 (0x6785) x15 0x00001000
core   0: 0x80000e34 (0x00019497) auipc   s1, 0x19
core   0: 3 0x80000e34 (0x00019497) x 9 0x80019e34
core   0: 0x80000e38 (0x46348493) addi    s1, s1, 1123
core   0: 3 0x80000e38 (0x46348493) x 9 0x8001a297
core   0: 0x80000e3c (0x0001b697) auipc   a3, 0x1b
core   0: 3 0x80000e3c (0x0001b697) x13 0x8001be3c
core   0: 0x80000e40 (0x63c68693) addi    a3, a3, 1596
core   0: 3 0x80000e40 (0x63c68693) x13 0x8001c478
core   0: 0x80000e44 (0x06d49a03) lh      s4, 109(s1)
core   0: 3 0x80000e44 (0x06d49a03) x20 0xffffd5de mem 0x8001a304
core   0: 0x80000e48 (0x0001e097) auipc   ra, 0x1e
core   0: 3 0x80000e48 (0x0001e097) x 1 0x8001ee48
core   0: 0x80000e4c (0x92608093) addi    ra, ra, -1754
core   0: 3 0x80000e4c (0x92608093) x 1 0x8001e76e
core   0: 0x80000e50 (0x00015817) auipc   a6, 0x15
core   0: 3 0x80000e50 (0x00015817) x16 0x80015e50
core   0: 0x80000e54 (0x03d80813) addi    a6, a6, 61
core   0: 3 0x80000e54 (0x03d80813) x16 0x80015e8d
core   0: 0x80000e58 (0x00016f97) auipc   t6, 0x16
core   0: 3 0x80000e58 (0x00016f97) x31 0x80016e58
core   0: 0x80000e5c (0xe24f8f93) addi    t6, t6, -476
core   0: 3 0x80000e5c (0xe24f8f93) x31 0x80016c7c
core   0: 0x80000e60 (0xbaf6c603) lbu     a2, -1105(a3)
core   0: 3 0x80000e60 (0xbaf6c603) x12 0x00000031 mem 0x8001c027
core   0: 0x80000e64 (0x0a748a23) sb      t2, 180(s1)
core   0: 3 0x80000e64 (0x0a748a23) mem 0x8001a34b 0xcc
core   0: 0x80000e68 (0xfc248603) lb      a2, -62(s1)
core   0: 3 0x80000e68 (0xfc248603) x12 0xffffffe7 mem 0x8001a259
core   0: 0x80000e6c (0x03e80603) lb      a2, 62(a6)
core   0: 3 0x80000e6c (0x03e80603) x12 0x00000021 mem 0x80015ecb
core   0: 0x80000e70 (0xbc168983) lb      s3, -1087(a3)
core   0: 3 0x80000e70 (0xbc168983) x19 0x00000004 mem 0x8001c039
core   0: 0x80000e74 (0x0c94d303) lhu     t1, 201(s1)
core   0: 3 0x80000e74 (0x0c94d303) x 6 0x000048ec mem 0x8001a360
core   0: 0x80000e78 (0x00209983) lh      s3, 2(ra)
core   0: 3 0x80000e78 (0x00209983) x19 0x00005650 mem 0x8001e770
core   0: 0x80000e7c (0x32d69623) sh      a3, 812(a3)
core   0: 3 0x80000e7c (0x32d69623) mem 0x8001c7a4 0xc478
core   0: 0x80000e80 (0x0f568b83) lb      s7, 245(a3)
core   0: 3 0x80000e80 (0x0f568b83) x23 0x00000004 mem 0x8001c56d
core   0: 0x80000e84 (0xa9b6ac23) sw      s11, -1384(a3)
core   0: 3 0x80000e84 (0xa9b6ac23) mem 0x8001bf10 0xfffffff9
core   0: 0x80000e88 (0xb0968303) lb      t1, -1271(a3)
core   0: 3 0x80000e88 (0xb0968303) x 6 0xffffff8a mem 0x8001bf81
core   0: 0x80000e8c (0x452fcf03) lbu     t5, 1106(t6)
core   0: 3 0x80000e8c (0x452fcf03) x30 0x00000028 mem 0x800170ce
core   0: 0x80000e90 (0x013083a3) sb      s3, 7(ra)
core   0: 3 0x80000e90 (0x013083a3) mem 0x8001e775 0x50
core   0: 0x80000e94 (0xfcff8ba3) sb      a5, -41(t6)
core   0: 3 0x80000e94 (0xfcff8ba3) mem 0x80016c53 0x0
core   0: 0x80000e98 (0x0bf48d83) lb      s11, 191(s1)
core   0: 3 0x80000e98 (0x0bf48d83) x27 0x00000025 mem 0x8001a356
core   0: 0x80000e9c (0xfec4ce83) lbu     t4, -20(s1)
core   0: 3 0x80000e9c (0xfec4ce83) x29 0x000000ed mem 0x8001a283
core   0: 0x80000ea0 (0xfc180323) sb      ra, -58(a6)
core   0: 3 0x80000ea0 (0xfc180323) mem 0x80015e53 0x6e
core   0: 0x80000ea4 (0xa8df8fa3) sb      a3, -1377(t6)
core   0: 3 0x80000ea4 (0xa8df8fa3) mem 0x8001671b 0x78
core   0: 0x80000ea8 (0x0ea48403) lb      s0, 234(s1)
core   0: 3 0x80000ea8 (0x0ea48403) x 8 0xffffffe4 mem 0x8001a381
core   0: 0x80000eac (0x00f080a3) sb      a5, 1(ra)
core   0: 3 0x80000eac (0x00f080a3) mem 0x8001e76f 0x0
core   0: 0x80000eb0 (0x08548a03) lb      s4, 133(s1)
core   0: 3 0x80000eb0 (0x08548a03) x20 0xffffffc5 mem 0x8001a31c
core   0: 0x80000eb4 (0x2d968403) lb      s0, 729(a3)
core   0: 3 0x80000eb4 (0x2d968403) x 8 0xfffffff1 mem 0x8001c751
core   0: 0x80000eb8 (0xbc9fa023) sw      s1, -1088(t6)
core   0: 3 0x80000eb8 (0xbc9fa023) mem 0x8001683c 0x8001a297
core   0: 0x80000ebc (0xf5b68e83) lb      t4, -165(a3)
core   0: 3 0x80000ebc (0xf5b68e83) x29 0xffffffd9 mem 0x8001c3d3
core   0: 0x80000ec0 (0xfc3496a3) sh      gp, -51(s1)
core   0: 3 0x80000ec0 (0xfc3496a3) mem 0x8001a264 0x5e46
core   0: 0x80000ec4 (0x5dff8103) lb      sp, 1503(t6)
core   0: 3 0x80000ec4 (0x5dff8103) x 2 0xffffffa5 mem 0x8001725b
core   0: 0x80000ec8 (0xffb0cb03) lbu     s6, -5(ra)
core   0: 3 0x80000ec8 (0xffb0cb03) x22 0x0000002f mem 0x8001e769
core   0: 0x80000ecc (0x00f0cb03) lbu     s6, 15(ra)
core   0: 3 0x80000ecc (0x00f0cb03) x22 0x000000f9 mem 0x8001e77d
core   0: 0x80000ed0 (0x000083a3) sb      zero, 7(ra)
core   0: 3 0x80000ed0 (0x000083a3) mem 0x8001e775 0x0
core   0: 0x80000ed4 (0xfb048523) sb      a6, -86(s1)
core   0: 3 0x80000ed4 (0xfb048523) mem 0x8001a241 0x8d
core   0: 0x80000ed8 (0xfd680623) sb      s6, -52(a6)
core   0: 3 0x80000ed8 (0xfd680623) mem 0x80015e59 0xf9
core   0: 0x80000edc (0xff880383) lb      t2, -8(a6)
core   0: 3 0x80000edc (0xff880383) x 7 0x00000064 mem 0x80015e85
core   0: 0x80000ee0 (0x02ffcd03) lbu     s10, 47(t6)
core   0: 3 0x80000ee0 (0x02ffcd03) x26 0x0000007c mem 0x80016cab
core   0: 0x80000ee4 (0x02781783) lh      a5, 39(a6)
core   0: 3 0x80000ee4 (0x02781783) x15 0xffffcbe3 mem 0x80015eb4
core   0: 0x80000ee8 (0x00010197) auipc   gp, 0x10
core   0: 3 0x80000ee8 (0x00010197) x 3 0x80010ee8
core   0: 0x80000eec (0xf3818193) addi    gp, gp, -200
core   0: 3 0x80000eec (0xf3818193) x 3 0x80010e20
core   0: 0x80000ef0 (0x006cedb3) or      s11, s9, t1
core   0: 3 0x80000ef0 (0x006cedb3) x27 0xffffff8a
core   0: 0x80000ef4 (0xff818483) lb      s1, -8(gp)
core   0: 3 0x80000ef4 (0xff818483) x 9 0x00000043 mem 0x80010e18
core   0: 0x80000ef8 (0x0071ce83) lbu     t4, 7(gp)
core   0: 3 0x80000ef8 (0x0071ce83) x29 0x00000071 mem 0x80010e27
core   0: 0x80000efc (0x01375c13) srli    s8, a4, 19
core   0: 3 0x80000efc (0x01375c13) x24 0x00001000
core   0: 0x80000f00 (0xff9bc113) xori    sp, s7, -7
core   0: 3 0x80000f00 (0xff9bc113) x 2 0xfffffffd
core   0: 0x80000f04 (0x0101d783) lhu     a5, 16(gp)
core   0: 3 0x80000f04 (0x0101d783) x15 0x00002f06 mem 0x80010e30
core   0: 0x80000f08 (0x00008e09) c.sub   a2, a0
core   0: 3 0x80000f08 (0x8e09) x12 0xfff5d2ac
core   0: 0x80000f0a (0xfff1c803) lbu     a6, -1(gp)
core   0: 3 0x80000f0a (0xfff1c803) x16 0x00000030 mem 0x80010e1f
core   0: 0x80000f0e (0x0000100f) fence.i
core   0: 3 0x80000f0e (0x0000100f)
core   0: 0x80000f12 (0xffb1ce83) lbu     t4, -5(gp)
core   0: 3 0x80000f12 (0xffb1ce83) x29 0x0000005e mem 0x80010e1b
core   0: 0x80000f16 (0x00318083) lb      ra, 3(gp)
core   0: 3 0x80000f16 (0x00318083) x 1 0xffffffa1 mem 0x80010e23
core   0: 0x80000f1a (0x2c917993) andi    s3, sp, 713
core   0: 3 0x80000f1a (0x2c917993) x19 0x000002c9
core   0: 0x80000f1e (0xff618903) lb      s2, -10(gp)
core   0: 3 0x80000f1e (0xff618903) x18 0xfffffffe mem 0x80010e16
core   0: 0x80000f22 (0x40f9de33) sra     t3, s3, a5
core   0: 3 0x80000f22 (0x40f9de33) x28 0x0000000b
core   0: 0x80000f26 (0x00000001) c.nop
core   0: 3 0x80000f26 (0x0001)
core   0: 0x80000f28 (0x02fb1db3) mulh    s11, s6, a5
core   0: 3 0x80000f28 (0x02fb1db3) x27 0x00000000
core   0: 0x80000f2c (0xff919c23) sh      s9, -8(gp)
core   0: 3 0x80000f2c (0xff919c23) mem 0x80010e18 0x0000
core   0: 0x80000f30 (0xffb18503) lb      a0, -5(gp)
core   0: 3 0x80000f30 (0xffb18503) x10 0x0000005e mem 0x80010e1b
core   0: 0x80000f34 (0x00008fe1) c.and   a5, s0
core   0: 3 0x80000f34 (0x8fe1) x15 0x00002f00
core   0: 0x80000f36 (0xead21a37) lui     s4, 0xead21
core   0: 3 0x80000f36 (0xead21a37) x20 0xead21000
core   0: 0x80000f3a (0x00000371) c.addi  t1, 28
core   0: 3 0x80000f3a (0x0371) x 6 0xffffffa6
core   0: 0x80000f3c (0x00000001) c.nop
core   0: 3 0x80000f3c (0x0001)
core   0: 0x80000f3e (0xff31c783) lbu     a5, -13(gp)
core   0: 3 0x80000f3e (0xff31c783) x15 0x000000e0 mem 0x80010e13
core   0: 0x80000f42 (0x001bdf33) srl     t5, s7, ra
core   0: 3 0x80000f42 (0x001bdf33) x30 0x00000002
core   0: 0x80000f46 (0x59283b13) sltiu   s6, a6, 1426
core   0: 3 0x80000f46 (0x59283b13) x22 0x00000001
core   0: 0x80000f4a (0x00006309) c.lui   t1, 0x2
core   0: 3 0x80000f4a (0x6309) x 6 0x00002000
core   0: 0x80000f4c (0x0000100f) fence.i
core   0: 3 0x80000f4c (0x0000100f)
core   0: 0x80000f50 (0x01019b03) lh      s6, 16(gp)
core   0: 3 0x80000f50 (0x01019b03) x22 0x00002f06 mem 0x80010e30
core   0: 0x80000f54 (0x0000f117) auipc   sp, 0xf
core   0: 3 0x80000f54 (0x0000f117) x 2 0x8000ff54
core   0: 0x80000f58 (0x42410113) addi    sp, sp, 1060
core   0: 3 0x80000f58 (0x42410113) x 2 0x80010378
core   0: 0x80000f5c (0x0309f2b3) remu    t0, s3, a6
core   0: 3 0x80000f5c (0x0309f2b3) x 5 0x00000029
core   0: 0x80000f60 (0xfc114b83) lbu     s7, -63(sp)
core   0: 3 0x80000f60 (0xfc114b83) x23 0x00000077 mem 0x80010339
core   0: 0x80000f64 (0x030602b3) mul     t0, a2, a6
core   0: 3 0x80000f64 (0x030602b3) x 5 0xfe178040
core   0: 0x80000f68 (0x0000ce42) c.swsp  a6, 28(sp)
core   0: 3 0x80000f68 (0xce42) mem 0x80010394 0x00000030
core   0: 0x80000f6a (0x00008fb9) c.xor   a5, a4
core   0: 3 0x80000f6a (0x8fb9) x15 0x80029c04
core   0: 0x80000f6c (0x00fba633) slt     a2, s7, a5
core   0: 3 0x80000f6c (0x00fba633) x12 0x00000000
core   0: 0x80000f70 (0x01dac0b3) xor     ra, s5, t4
core   0: 3 0x80000f70 (0x01dac0b3) x 1 0xffffe605
core   0: 0x80000f74 (0x02f82bb3) mulhsu  s7, a6, a5
core   0: 3 0x80000f74 (0x02f82bb3) x23 0x00000018
core   0: 0x80000f78 (0x0242feb3) remu    t4, t0, tp
core   0: 3 0x80000f78 (0x0242feb3) x29 0xfe178040
core   0: 0x80000f7c (0xff010403) lb      s0, -16(sp)
core   0: 3 0x80000f7c (0xff010403) x 8 0xffffffc5 mem 0x80010368
core   0: 0x80000f80 (0xfff14683) lbu     a3, -1(sp)
core   0: 3 0x80000f80 (0xfff14683) x13 0x0000007b mem 0x80010377
core   0: 0x80000f84 (0x00008c8d) c.sub   s1, a1
core   0: 3 0x80000f84 (0x8c8d) x 9 0xfffffffd
core   0: 0x80000f86 (0x03f11323) sh      t6, 38(sp)
core   0: 3 0x80000f86 (0x03f11323) mem 0x8001039e 0x6c7c
core   0: 0x80000f8a (0xfed10c03) lb      s8, -19(sp)
core   0: 3 0x80000f8a (0xfed10c03) x24 0x00000045 mem 0x80010365
core   0: 0x80000f8e (0xd7cb8593) addi    a1, s7, -644
core   0: 3 0x80000f8e (0xd7cb8593) x11 0xfffffd94
core   0: 0x80000f92 (0x03a14183) lbu     gp, 58(sp)
core   0: 3 0x80000f92 (0x03a14183) x 3 0x000000d9 mem 0x800103b2
core   0: 0x80000f96 (0x00008ded) c.and   a1, a1
core   0: 3 0x80000f96 (0x8ded) x11 0xfffffd94
core   0: 0x80000f98 (0x00008cf9) c.and   s1, a4
core   0: 3 0x80000f98 (0x8cf9) x 9 0x80029ce4
core   0: 0x80000f9a (0x023897b3) mulh    a5, a7, gp
core   0: 3 0x80000f9a (0x023897b3) x15 0xffffff93
core   0: 0x80000f9e (0xff010783) lb      a5, -16(sp)
core   0: 3 0x80000f9e (0xff010783) x15 0xffffffc5 mem 0x80010368
core   0: 0x80000fa2 (0x0000100f) fence.i
core   0: 3 0x80000fa2 (0x0000100f)
core   0: 0x80000fa6 (0x030cc393) xori    t2, s9, 48
core   0: 3 0x80000fa6 (0x030cc393) x 7 0x80000030
core   0: 0x80000faa (0xfce15f83) lhu     t6, -50(sp)
core   0: 3 0x80000faa (0xfce15f83) x31 0x0000a3f8 mem 0x80010346
core   0: 0x80000fae (0x02a10f03) lb      t5, 42(sp)
core   0: 3 0x80000fae (0x02a10f03) x30 0x00000018 mem 0x800103a2
core   0: 0x80000fb2 (0x000050a2) c.lwsp  ra, 40(sp)
core   0: 3 0x80000fb2 (0x50a2) x 1 0x3718d285 mem 0x800103a0
core   0: 0x80000fb4 (0x03510c03) lb      s8, 53(sp)
core   0: 3 0x80000fb4 (0x03510c03) x24 0x00000042 mem 0x800103ad
core   0: 0x80000fb8 (0xff410323) sb      s4, -26(sp)
core   0: 3 0x80000fb8 (0xff410323) mem 0x8001035e 0x0
core   0: 0x80000fbc (0x0ff0000f) fence   iorw,iorw
core   0: 3 0x80000fbc (0x0ff0000f)
core   0: 0x80000fc0 (0x01d14983) lbu     s3, 29(sp)
core   0: 3 0x80000fc0 (0x01d14983) x19 0x00000000 mem 0x80010395
core   0: 0x80000fc4 (0x0000d83e) c.swsp  a5, 48(sp)
core   0: 3 0x80000fc4 (0xd83e) mem 0x800103a8 0xffffffc5
core   0: 0x80000fc6 (0xffd10b03) lb      s6, -3(sp)
core   0: 3 0x80000fc6 (0xffd10b03) x22 0x00000071 mem 0x80010375
core   0: 0x80000fca (0xffe15503) lhu     a0, -2(sp)
core   0: 3 0x80000fca (0xffe15503) x10 0x00007baa mem 0x80010376
core   0: 0x80000fce (0x00e15d83) lhu     s11, 14(sp)
core   0: 3 0x80000fce (0x00e15d83) x27 0x0000a156 mem 0x80010386
core   0: 0x80000fd2 (0x00000a22) c.slli  s4, 8
core   0: 3 0x80000fd2 (0x0a22) x20 0xd2100000
core   0: 0x80000fd4 (0x0000d866) c.swsp  s9, 48(sp)
core   0: 3 0x80000fd4 (0xd866) mem 0x800103a8 0x80000000
core   0: 0x80000fd6 (0x034109a3) sb      s4, 51(sp)
core   0: 3 0x80000fd6 (0x034109a3) mem 0x800103ab 0x0
core   0: 0x80000fda (0x8b19b313) sltiu   t1, s3, -1871
core   0: 3 0x80000fda (0x8b19b313) x 6 0x00000001
core   0: 0x80000fde (0x000046e2) c.lwsp  a3, 24(sp)
core   0: 3 0x80000fde (0x46e2) x13 0x81251fb8 mem 0x80010390
core   0: 0x80000fe0 (0x0000fd97) auipc   s11, 0xf
core   0: 3 0x80000fe0 (0x0000fd97) x27 0x8000ffe0
core   0: 0x80000fe4 (0x360d8d93) addi    s11, s11, 864
core   0: 3 0x80000fe4 (0x360d8d93) x27 0x80010340
core   0: 0x80000fe8 (0x000083e5) c.srli  a5, 25
core   0: 3 0x80000fe8 (0x83e5) x15 0x0000007f
core   0: 0x80000fea (0x00008e2d) c.xor   a2, a1
core   0: 3 0x80000fea (0x8e2d) x12 0xfffffd94
core   0: 0x80000fec (0x00008e31) c.xor   a2, a2
core   0: 3 0x80000fec (0x8e31) x12 0x00000000
core   0: 0x80000fee (0x009dca03) lbu     s4, 9(s11)
core   0: 3 0x80000fee (0x009dca03) x20 0x00000032 mem 0x80010349
core   0: 0x80000ff2 (0x0b1d9523) sh      a7, 170(s11)
core   0: 3 0x80000ff2 (0x0b1d9523) mem 0x800103ea 0x5e64
core   0: 0x80000ff6 (0x0000893a) c.mv    s2, a4
core   0: 3 0x80000ff6 (0x893a) x18 0x80029ce4
core   0: 0x80000ff8 (0xf32d8f03) lb      t5, -206(s11)
core   0: 3 0x80000ff8 (0xf32d8f03) x30 0xffffffb5 mem 0x80010272
core   0: 0x80000ffc (0x00008385) c.srli  a5, 1
core   0: 3 0x80000ffc (0x8385) x15 0x0000003f
core   0: 0x80000ffe (0x0354a3b3) mulhsu  t2, s1, s5
core   0: 3 0x80000ffe (0x0354a3b3) x 7 0x8002a9b6
core   0: 0x80001002 (0x00008ee1) c.and   a3, s0
core   0: 3 0x80001002 (0x8ee1) x13 0x81251f80
core   0: 0x80001004 (0x00008801) c.andi  s0, 0
core   0: 3 0x80001004 (0x8801) x 8 0x00000000
core   0: 0x80001006 (0x000001dd) c.addi  gp, 23
core   0: 3 0x80001006 (0x01dd) x 3 0x000000f0
core   0: 0x80001008 (0x0000100f) fence.i
core   0: 3 0x80001008 (0x0000100f)
core   0: 0x8000100c (0x4146d313) srai    t1, a3, 20
core   0: 3 0x8000100c (0x4146d313) x 6 0xfffff812
core   0: 0x80001010 (0x01ad9383) lh      t2, 26(s11)
core   0: 3 0x80001010 (0x01ad9383) x 7 0x00000fcc mem 0x8001035a
core   0: 0x80001014 (0x00000001) c.nop
core   0: 3 0x80001014 (0x0001)
core   0: 0x80001016 (0xf23d89a3) sb      gp, -205(s11)
core   0: 3 0x80001016 (0xf23d89a3) mem 0x80010273 0xf0
core   0: 0x8000101a (0x010b1d13) slli    s10, s6, 16
core   0: 3 0x8000101a (0x010b1d13) x26 0x00710000
core   0: 0x8000101e (0x014e9033) sll     zero, t4, s4
core   0: 3 0x8000101e (0x014e9033)
core   0: 0x80001022 (0x05cdd203) lhu     tp, 92(s11)
core   0: 3 0x80001022 (0x05cdd203) x 4 0x000062f6 mem 0x8001039c
core   0: 0x80001026 (0x030b6833) rem     a6, s6, a6
core   0: 3 0x80001026 (0x030b6833) x16 0x00000011
core   0: 0x8000102a (0x00000001) c.nop
core   0: 3 0x8000102a (0x0001)
core   0: 0x8000102c (0xf42dcc03) lbu     s8, -190(s11)
core   0: 3 0x8000102c (0xf42dcc03) x24 0x00000050 mem 0x80010282
core   0: 0x80001030 (0x00008d59) c.or    a0, a4
core   0: 3 0x80001030 (0x8d59) x10 0x8002ffee
core   0: 0x80001032 (0x6a84c693) xori    a3, s1, 1704
core   0: 3 0x80001032 (0x6a84c693) x13 0x80029a4c
core   0: 0x80001036 (0xfd2d85a3) sb      s2, -53(s11)
core   0: 3 0x80001036 (0xfd2d85a3) mem 0x8001030b 0xe4
core   0: 0x8000103a (0x087d8b83) lb      s7, 135(s11)
core   0: 3 0x8000103a (0x087d8b83) x23 0xffffffe4 mem 0x800103c7
core   0: 0x8000103e (0x000057fd) c.li    a5, -1
core   0: 3 0x8000103e (0x57fd) x15 0xffffffff
core   0: 0x80001040 (0x0b5d85a3) sb      s5, 171(s11)
core   0: 3 0x80001040 (0x0b5d85a3) mem 0x800103eb 0x5b
core   0: 0x80001044 (0x00001bfd) c.addi  s7, -1
core   0: 3 0x80001044 (0x1bfd) x23 0xffffffe3
core   0: 0x80001046 (0xf30d9c03) lh      s8, -208(s11)
core   0: 3 0x80001046 (0xf30d9c03) x24 0xffff8b30 mem 0x80010270
core   0: 0x8000104a (0xf93d8a03) lb      s4, -109(s11)
core   0: 3 0x8000104a (0xf93d8a03) x20 0xffffffb9 mem 0x800102d3
core   0: 0x8000104e (0xfa2d9b83) lh      s7, -94(s11)
core   0: 3 0x8000104e (0xfa2d9b83) x23 0x00007a53 mem 0x800102e2
core   0: 0x80001052 (0x00006f49) c.lui   t5, 0x12
core   0: 3 0x80001052 (0x6f49) x30 0x00012000
core   0: 0x80001054 (0x00008d25) c.xor   a0, s1
core   0: 3 0x80001054 (0x8d25) x10 0x0000630a
core   0: 0x80001056 (0x00008da5) c.xor   a1, s1
core   0: 3 0x80001056 (0x8da5) x11 0x7ffd6170
core   0: 0x80001058 (0x013535b3) sltu    a1, a0, s3
core   0: 3 0x80001058 (0x013535b3) x11 0x00000000
core   0: 0x8000105c (0x00000001) c.nop
core   0: 3 0x8000105c (0x0001)
core   0: 0x8000105e (0x59ee6f93) ori     t6, t3, 1438
core   0: 3 0x8000105e (0x59ee6f93) x31 0x0000059f
core   0: 0x80001062 (0xfc5d9723) sh      t0, -50(s11)
core   0: 3 0x80001062 (0xfc5d9723) mem 0x8001030e 0x8040
core   0: 0x80001066 (0xf2d9ca93) xori    s5, s3, -211
core   0: 3 0x80001066 (0xf2d9ca93) x21 0xffffff2d
core   0: 0x8000106a (0x08add283) lhu     t0, 138(s11)
core   0: 3 0x8000106a (0x08add283) x 5 0x00008c24 mem 0x800103ca
core   0: 0x8000106e (0x00010797) auipc   a5, 0x10
core   0: 3 0x8000106e (0x00010797) x15 0x8001106e
core   0: 0x80001072 (0xb8c78793) addi    a5, a5, -1140
core   0: 3 0x80001072 (0xb8c78793) x15 0x80010bfa
core   0: 0x80001076 (0xf5f7cf83) lbu     t6, -161(a5)
core   0: 3 0x80001076 (0xf5f7cf83) x31 0x0000006d mem 0x80010b59
core   0: 0x8000107a (0x00010d17) auipc   s10, 0x10
core   0: 3 0x8000107a (0x00010d17) x26 0x8001107a
core   0: 0x8000107e (0xb36d0d13) addi    s10, s10, -1226
core   0: 3 0x8000107e (0xb36d0d13) x26 0x80010bb0
core   0: 0x80001082 (0x0eed0da3) sb      a4, 251(s10)
core   0: 3 0x80001082 (0x0eed0da3) mem 0x80010cab 0xe4
core   0: 0x80001086 (0x00010e97) auipc   t4, 0x10
core   0: 3 0x80001086 (0x00010e97) x29 0x80011086
core   0: 0x8000108a (0xabce8e93) addi    t4, t4, -1348
core   0: 3 0x8000108a (0xabce8e93) x29 0x80010b42
core   0: 0x8000108e (0x0687cf03) lbu     t5, 104(a5)
core   0: 3 0x8000108e (0x0687cf03) x30 0x0000005b mem 0x80010c62
core   0: 0x80001092 (0x057e8823) sb      s7, 80(t4)
core   0: 3 0x80001092 (0x057e8823) mem 0x80010b92 0x53
core   0: 0x80001096 (0xfefe8283) lb      t0, -17(t4)
core   0: 3 0x80001096 (0xfefe8283) x 5 0x0000001e mem 0x80010b31
core   0: 0x8000109a (0xf5bd0083) lb      ra, -165(s10)
core   0: 3 0x8000109a (0xf5bd0083) x 1 0xffffffde mem 0x80010b0b
core   0: 0x8000109e (0xfbd7c103) lbu     sp, -67(a5)
core   0: 3 0x8000109e (0xfbd7c103) x 2 0x00000020 mem 0x80010bb7
core   0: 0x800010a2 (0xfc9ec183) lbu     gp, -55(t4)
core   0: 3 0x800010a2 (0xfc9ec183) x 3 0x000000de mem 0x80010b0b
core   0: 0x800010a6 (0x011789a3) sb      a7, 19(a5)
core   0: 3 0x800010a6 (0x011789a3) mem 0x80010c0d 0x64
core   0: 0x800010aa (0x09be8183) lb      gp, 155(t4)
core   0: 3 0x800010aa (0x09be8183) x 3 0xffffffd4 mem 0x80010bdd
core   0: 0x800010ae (0x07ed09a3) sb      t5, 115(s10)
core   0: 3 0x800010ae (0x07ed09a3) mem 0x80010c23 0x5b
core   0: 0x800010b2 (0x057d0a83) lb      s5, 87(s10)
core   0: 3 0x800010b2 (0x057d0a83) x21 0x00000007 mem 0x80010c07
core   0: 0x800010b6 (0x08ae8f23) sb      a0, 158(t4)
core   0: 3 0x800010b6 (0x08ae8f23) mem 0x80010be0 0xa
core   0: 0x800010ba (0xff978fa3) sb      s9, -1(a5)
core   0: 3 0x800010ba (0xff978fa3) mem 0x80010bf9 0x0
core   0: 0x800010be (0xfc5ec683) lbu     a3, -59(t4)
core   0: 3 0x800010be (0xfc5ec683) x13 0x00000002 mem 0x80010b07
core   0: 0x800010c2 (0xf3cd4383) lbu     t2, -196(s10)
core   0: 3 0x800010c2 (0xf3cd4383) x 7 0x000000e3 mem 0x80010aec
core   0: 0x800010c6 (0x077785a3) sb      s7, 107(a5)
core   0: 3 0x800010c6 (0x077785a3) mem 0x80010c65 0x53
core   0: 0x800010ca (0x0cad1383) lh      t2, 202(s10)
core   0: 3 0x800010ca (0x0cad1383) x 7 0x00001c5a mem 0x80010c7a
core   0: 0x800010ce (0x097d0223) sb      s7, 132(s10)
core   0: 3 0x800010ce (0x097d0223) mem 0x80010c34 0x53
core   0: 0x800010d2 (0x0cde8903) lb      s2, 205(t4)
core   0: 3 0x800010d2 (0x0cde8903) x18 0x0000005c mem 0x80010c0f
core   0: 0x800010d6 (0xf4178f83) lb      t6, -191(a5)
core   0: 3 0x800010d6 (0xf4178f83) x31 0x0000007b mem 0x80010b3b
core   0: 0x800010da (0xf63ec183) lbu     gp, -157(t4)
core   0: 3 0x800010da (0xf63ec183) x 3 0x000000e4 mem 0x80010aa5
core   0: 0x800010de (0xf4fe80a3) sb      a5, -191(t4)
core   0: 3 0x800010de (0xf4fe80a3) mem 0x80010a83 0xfa
core   0: 0x800010e2 (0xf9cd0a23) sb      t3, -108(s10)
core   0: 3 0x800010e2 (0xf9cd0a23) mem 0x80010b44 0xb
core   0: 0x800010e6 (0xfe0d0da3) sb      zero, -5(s10)
core   0: 3 0x800010e6 (0xfe0d0da3) mem 0x80010bab 0x0
core   0: 0x800010ea (0xfb3d0ea3) sb      s3, -67(s10)
core   0: 3 0x800010ea (0xfb3d0ea3) mem 0x80010b6d 0x0
core   0: 0x800010ee (0x0ac7d803) lhu     a6, 172(a5)
core   0: 3 0x800010ee (0x0ac7d803) x16 0x0000e1dc mem 0x80010ca6
core   0: 0x800010f2 (0x00600413) li      s0, 6
core   0: 3 0x800010f2 (0x00600413) x 8 0x00000006
core   0: 0x800010f6 (0x00000255) c.addi  tp, 21
core   0: 3 0x800010f6 (0x0255) x 4 0x0000630b
core   0: 0x800010f8 (0x00e00393) li      t2, 14
core   0: 3 0x800010f8 (0x00e00393) x 7 0x0000000e
core   0: 0x800010fc (0x00006165) c.addi16sp sp, 112
core   0: 3 0x800010fc (0x6165) x 2 0x00000090
core   0: 0x800010fe (0x014e6a33) or      s4, t3, s4
core   0: 3 0x800010fe (0x014e6a33) x20 0xffffffbb
core   0: 0x80001102 (0x00000411) c.addi  s0, 4
core   0: 3 0x80001102 (0x0411) x 8 0x0000000a
core   0: 0x80001104 (0x02d729b3) mulhsu  s3, a4, a3
core   0: 3 0x80001104 (0x02d729b3) x19 0xffffffff
core   0: 0x80001108 (0x00a00513) li      a0, 10
core   0: 3 0x80001108 (0x00a00513) x10 0x0000000a
core   0: 0x8000110c (0x03a8fb33) remu    s6, a7, s10
core   0: 3 0x8000110c (0x03a8fb33) x22 0x000152b4
core   0: 0x80001110 (0x00a00093) li      ra, 10
core   0: 3 0x80001110 (0x00a00093) x 1 0x0000000a
core   0: 0x80001114 (0x01422a33) slt     s4, tp, s4
core   0: 3 0x80001114 (0x01422a33) x20 0x00000000
core   0: 0x80001118 (0x0000155d) c.addi  a0, -9
core   0: 3 0x80001118 (0x155d) x10 0x00000001
core   0: 0x8000111a (0x6c299eb7) lui     t4, 0x6c299
core   0: 3 0x8000111a (0x6c299eb7) x29 0x6c299000
core   0: 0x8000111e (0xfe157be3) bgeu    a0, ra, pc - 10
core   0: 3 0x8000111e (0xfe157be3)
core   0: 0x80001122 (0xfc746ee3) bltu    s0, t2, pc - 36
core   0: 3 0x80001122 (0xfc746ee3)
core   0: 0x800010fe (0x014e6a33) or      s4, t3, s4
core   0: 3 0x800010fe (0x014e6a33) x20 0x0000000b
core   0: 0x80001102 (0x00000411) c.addi  s0, 4
core   0: 3 0x80001102 (0x0411) x 8 0x0000000e
core   0: 0x80001104 (0x02d729b3) mulhsu  s3, a4, a3
core   0: 3 0x80001104 (0x02d729b3) x19 0xffffffff
core   0: 0x80001108 (0x00a00513) li      a0, 10
core   0: 3 0x80001108 (0x00a00513) x10 0x0000000a
core   0: 0x8000110c (0x03a8fb33) remu    s6, a7, s10
core   0: 3 0x8000110c (0x03a8fb33) x22 0x000152b4
core   0: 0x80001110 (0x00a00093) li      ra, 10
core   0: 3 0x80001110 (0x00a00093) x 1 0x0000000a
core   0: 0x80001114 (0x01422a33) slt     s4, tp, s4
core   0: 3 0x80001114 (0x01422a33) x20 0x00000000
core   0: 0x80001118 (0x0000155d) c.addi  a0, -9
core   0: 3 0x80001118 (0x155d) x10 0x00000001
core   0: 0x8000111a (0x6c299eb7) lui     t4, 0x6c299
core   0: 3 0x8000111a (0x6c299eb7) x29 0x6c299000
core   0: 0x8000111e (0xfe157be3) bgeu    a0, ra, pc - 10
core   0: 3 0x8000111e (0xfe157be3)
core   0: 0x80001122 (0xfc746ee3) bltu    s0, t2, pc - 36
core   0: 3 0x80001122 (0xfc746ee3)
core   0: 0x80001126 (0x000084ee) c.mv    s1, s11
core   0: 3 0x80001126 (0x84ee) x 9 0x80010340
core   0: 0x80001128 (0x0001cb97) auipc   s7, 0x1c
core   0: 3 0x80001128 (0x0001cb97) x23 0x8001d128
core   0: 0x8000112c (0xe13b8b93) addi    s7, s7, -493
core   0: 3 0x8000112c (0xe13b8b93) x23 0x8001cf3b
core   0: 0x80001130 (0xa10bc283) lbu     t0, -1520(s7)
core   0: 3 0x80001130 (0xa10bc283) x 5 0x00000003 mem 0x8001c94b
core   0: 0x80001134 (0x9c3b8383) lb      t2, -1597(s7)
core   0: 3 0x80001134 (0x9c3b8383) x 7 0x0000007c mem 0x8001c8fe
core   0: 0x80001138 (0x0089d933) srl     s2, s3, s0
core   0: 3 0x80001138 (0x0089d933) x18 0x0003ffff
core   0: 0x8000113c (0x3e5b8623) sb      t0, 1004(s7)
core   0: 3 0x8000113c (0x3e5b8623) mem 0x8001d327 0x3
core   0: 0x80001140 (0x028915b3) mulh    a1, s2, s0
core   0: 3 0x80001140 (0x028915b3) x11 0x00000000
core   0: 0x80001144 (0x992b8f23) sb      s2, -1634(s7)
core   0: 3 0x80001144 (0x992b8f23) mem 0x8001c8d9 0xff
core   0: 0x80001148 (0x8f8b8903) lb      s2, -1800(s7)
core   0: 3 0x80001148 (0x8f8b8903) x18 0xffffff9a mem 0x8001c833
core   0: 0x8000114c (0x304bc283) lbu     t0, 772(s7)
core   0: 3 0x8000114c (0x304bc283) x 5 0x000000c8 mem 0x8001d23f
core   0: 0x80001150 (0xa13b8ea3) sb      s3, -1507(s7)
core   0: 3 0x80001150 (0xa13b8ea3) mem 0x8001c958 0xff
core   0: 0x80001154 (0x025479b3) remu    s3, s0, t0
core   0: 3 0x80001154 (0x025479b3) x19 0x0000000e
core   0: 0x80001158 (0xe91ba283) lw      t0, -367(s7)
core   0: 3 0x80001158 (0xe91ba283) x 5 0x630c27eb mem 0x8001cdcc
core   0: 0x8000115c (0x6e8b8b23) sb      s0, 1782(s7)
core   0: 3 0x8000115c (0x6e8b8b23) mem 0x8001d631 0xe
core   0: 0x80001160 (0x00b5d9b3) srl     s3, a1, a1
core   0: 3 0x80001160 (0x00b5d9b3) x19 0x00000000
core   0: 0x80001164 (0xff2b8223) sb      s2, -28(s7)
core   0: 3 0x80001164 (0xff2b8223) mem 0x8001cf1f 0x9a
core   0: 0x80001168 (0x01041993) slli    s3, s0, 16
core   0: 3 0x80001168 (0x01041993) x19 0x000e0000
core   0: 0x8000116c (0xcffbd403) lhu     s0, -769(s7)
core   0: 3 0x8000116c (0xcffbd403) x 8 0x0000e091 mem 0x8001cc3a
core   0: 0x80001170 (0x533b8403) lb      s0, 1331(s7)
core   0: 3 0x80001170 (0x533b8403) x 8 0xfffffff9 mem 0x8001d46e
core   0: 0x80001174 (0x56db9383) lh      t2, 1389(s7)
core   0: 3 0x80001174 (0x56db9383) x 7 0xffffc13d mem 0x8001d4a8
core   0: 0x80001178 (0x9f2b8a23) sb      s2, -1548(s7)
core   0: 3 0x80001178 (0x9f2b8a23) mem 0x8001c92f 0x9a
core   0: 0x8000117c (0x0ff0000f) fence   iorw,iorw
core   0: 3 0x8000117c (0x0ff0000f)
core   0: 0x80001180 (0x34b97913) andi    s2, s2, 843
core   0: 3 0x80001180 (0x34b97913) x18 0x0000030a
core   0: 0x80001184 (0xae5a1297) auipc   t0, 0xae5a1
core   0: 3 0x80001184 (0xae5a1297) x 5 0x2e5a2184
core   0: 0x80001188 (0x40b402b3) sub     t0, s0, a1
core   0: 3 0x80001188 (0x40b402b3) x 5 0xfffffff9
core   0: 0x8000118c (0xdc242913) slti    s2, s0, -574
core   0: 3 0x8000118c (0xdc242913) x18 0x00000000
core   0: 0x80001190 (0xf27b8383) lb      t2, -217(s7)
core   0: 3 0x80001190 (0xf27b8383) x 7 0x00000070 mem 0x8001ce62
core   0: 0x80001194 (0x00b2e9b3) or      s3, t0, a1
core   0: 3 0x80001194 (0x00b2e9b3) x19 0xfffffff9
core   0: 0x80001198 (0x9a5ba6a3) sw      t0, -1619(s7)
core   0: 3 0x80001198 (0x9a5ba6a3) mem 0x8001c8e8 0xfffffff9
core   0: 0x8000119c (0x0275e9b3) rem     s3, a1, t2
core   0: 3 0x8000119c (0x0275e9b3) x19 0x00000000
core   0: 0x800011a0 (0x025425b3) mulhsu  a1, s0, t0
core   0: 3 0x800011a0 (0x025425b3) x11 0xfffffff9
core   0: 0x800011a4 (0x345b8c23) sb      t0, 856(s7)
core   0: 3 0x800011a4 (0x345b8c23) mem 0x8001d293 0xf9
core   0: 0x800011a8 (0x4132d413) srai    s0, t0, 19
core   0: 3 0x800011a8 (0x4132d413) x 8 0xffffffff
core   0: 0x800011ac (0x512b8383) lb      t2, 1298(s7)
core   0: 3 0x800011ac (0x512b8383) x 7 0x00000078 mem 0x8001d44d
core   0: 0x800011b0 (0xb45b9ea3) sh      t0, -1187(s7)
core   0: 3 0x800011b0 (0xb45b9ea3) mem 0x8001ca98 0xfff9
core   0: 0x800011b4 (0xde6b8403) lb      s0, -538(s7)
core   0: 3 0x800011b4 (0xde6b8403) x 8 0x00000034 mem 0x8001cd21
core   0: 0x800011b8 (0x8d3b8623) sb      s3, -1844(s7)
core   0: 3 0x800011b8 (0x8d3b8623) mem 0x8001c807 0x0
core   0: 0x800011bc (0xdd5ba903) lw      s2, -555(s7)
core   0: 3 0x800011bc (0xdd5ba903) x18 0xc5f1f35a mem 0x8001cd10
core   0: 0x800011c0 (0x588b8903) lb      s2, 1416(s7)
core   0: 3 0x800011c0 (0x588b8903) x18 0xfffffffe mem 0x8001d4c3
core   0: 0x800011c4 (0x984b8283) lb      t0, -1660(s7)
core   0: 3 0x800011c4 (0x984b8283) x 5 0x0000000e mem 0x8001c8bf
core   0: 0x800011c8 (0xa9a97913) andi    s2, s2, -1382
core   0: 3 0x800011c8 (0xa9a97913) x18 0xfffffa9a
core   0: 0x800011cc (0xac1bc903) lbu     s2, -1343(s7)
core   0: 3 0x800011cc (0xac1bc903) x18 0x0000009f mem 0x8001c9fc
core   0: 0x800011d0 (0xb0bb8623) sb      a1, -1268(s7)
core   0: 3 0x800011d0 (0xb0bb8623) mem 0x8001ca47 0xf9
core   0: 0x800011d4 (0xd8dba283) lw      t0, -627(s7)
core   0: 3 0x800011d4 (0xd8dba283) x 5 0x5cd42706 mem 0x8001ccc8
core   0: 0x800011d8 (0x0000fc17) auipc   s8, 0xf
core   0: 3 0x800011d8 (0x0000fc17) x24 0x800101d8
core   0: 0x800011dc (0x5cbc0c13) addi    s8, s8, 1483
core   0: 3 0x800011dc (0x5cbc0c13) x24 0x800107a3
core   0: 0x800011e0 (0x0215e5b3) rem     a1, a1, ra
core   0: 3 0x800011e0 (0x0215e5b3) x11 0xfffffff9
core   0: 0x800011e4 (0xe516c597) auipc   a1, 0xe516c
core   0: 3 0x800011e4 (0xe516c597) x11 0x6516d1e4
core   0: 0x800011e8 (0x40715993) srai    s3, sp, 7
core   0: 3 0x800011e8 (0x40715993) x19 0x00000001
core   0: 0x800011ec (0x54a9a593) slti    a1, s3, 1354
core   0: 3 0x800011ec (0x54a9a593) x11 0x00000001
core   0: 0x800011f0 (0x030c0603) lb      a2, 48(s8)
core   0: 3 0x800011f0 (0x030c0603) x12 0x00000073 mem 0x800107d3
core   0: 0x800011f4 (0xfaac4083) lbu     ra, -86(s8)
core   0: 3 0x800011f4 (0xfaac4083) x 1 0x00000099 mem 0x8001074d
core   0: 0x800011f8 (0x0020b0b3) sltu    ra, ra, sp
core   0: 3 0x800011f8 (0x0020b0b3) x 1 0x00000000
core   0: 0x800011fc (0x073c01a3) sb      s3, 99(s8)
core   0: 3 0x800011fc (0x073c01a3) mem 0x80010806 0x1
core   0: 0x80001200 (0xf0ac0083) lb      ra, -246(s8)
core   0: 3 0x80001200 (0xf0ac0083) x 1 0xffffffac mem 0x800106ad
core   0: 0x80001204 (0xf6dc0183) lb      gp, -147(s8)
core   0: 3 0x80001204 (0xf6dc0183) x 3 0xffffff94 mem 0x80010710
core   0: 0x80001208 (0x007c4603) lbu     a2, 7(s8)
core   0: 3 0x80001208 (0x007c4603) x12 0x00000097 mem 0x800107aa
core   0: 0x8000120c (0x042c4603) lbu     a2, 66(s8)
core   0: 3 0x8000120c (0x042c4603) x12 0x000000cb mem 0x800107e5
core   0: 0x80001210 (0x0011e9b3) or      s3, gp, ra
core   0: 3 0x80001210 (0x0011e9b3) x19 0xffffffbc
core   0: 0x80001214 (0x033660b3) rem     ra, a2, s3
core   0: 3 0x80001214 (0x033660b3) x 1 0x00000043
core   0: 0x80001218 (0x0c2c19a3) sh      sp, 211(s8)
core   0: 3 0x80001218 (0x0c2c19a3) mem 0x80010876 0x0090
core   0: 0x8000121c (0x09cc4083) lbu     ra, 156(s8)
core   0: 3 0x8000121c (0x09cc4083) x 1 0x000000a8 mem 0x8001083f
core   0: 0x80001220 (0xf36c0603) lb      a2, -202(s8)
core   0: 3 0x80001220 (0xf36c0603) x12 0xffffff9b mem 0x800106d9
core   0: 0x80001224 (0xf09c2183) lw      gp, -247(s8)
core   0: 3 0x80001224 (0xf09c2183) x 3 0x62ebac70 mem 0x800106ac
core   0: 0x80001228 (0x0e8c0583) lb      a1, 232(s8)
core   0: 3 0x80001228 (0x0e8c0583) x11 0x00000058 mem 0x8001088b
core   0: 0x8000122c (0x000080b2) c.mv    ra, a2
core   0: 3 0x8000122c (0x80b2) x 1 0xffffff9b
core   0: 0x8000122e (0x02c9c0b3) div     ra, s3, a2
core   0: 3 0x8000122e (0x02c9c0b3) x 1 0x00000000
core   0: 0x80001232 (0x40358633) sub     a2, a1, gp
core   0: 3 0x80001232 (0x40358633) x12 0x9d1453e8
core   0: 0x80001236 (0x13e63613) sltiu   a2, a2, 318
core   0: 3 0x80001236 (0x13e63613) x12 0x00000000
core   0: 0x8000123a (0xf86c0583) lb      a1, -122(s8)
core   0: 3 0x8000123a (0xf86c0583) x11 0x00000000 mem 0x80010729
core   0: 0x8000123e (0x00009a7d) c.andi  a2, -1
core   0: 3 0x8000123e (0x9a7d) x12 0x00000000
core   0: 0x80001240 (0x0339d5b3) divu    a1, s3, s3
core   0: 3 0x80001240 (0x0339d5b3) x11 0x00000001
core   0: 0x80001244 (0x00c649b3) xor     s3, a2, a2
core   0: 3 0x80001244 (0x00c649b3) x19 0x00000000
core   0: 0x80001248 (0xf22c15a3) sh      sp, -213(s8)
core   0: 3 0x80001248 (0xf22c15a3) mem 0x800106ce 0x0090
core   0: 0x8000124c (0x0019b9b3) sltu    s3, s3, ra
core   0: 3 0x8000124c (0x0019b9b3) x19 0x00000000
core   0: 0x80001250 (0x0ff0000f) fence   iorw,iorw
core   0: 3 0x80001250 (0x0ff0000f)
core   0: 0x80001254 (0xf64c4983) lbu     s3, -156(s8)
core   0: 3 0x80001254 (0xf64c4983) x19 0x00000015 mem 0x80010707
core   0: 0x80001258 (0x000089ed) c.andi  a1, 27
core   0: 3 0x80001258 (0x89ed) x11 0x00000001
core   0: 0x8000125a (0xfe4c0983) lb      s3, -28(s8)
core   0: 3 0x8000125a (0xfe4c0983) x19 0xffffffeb mem 0x80010787
core   0: 0x8000125e (0x087c4603) lbu     a2, 135(s8)
core   0: 3 0x8000125e (0x087c4603) x12 0x00000022 mem 0x8001082a
core   0: 0x80001262 (0xfabc4983) lbu     s3, -85(s8)
core   0: 3 0x80001262 (0xfabc4983) x19 0x000000d5 mem 0x8001074e
core   0: 0x80001266 (0x00008d8d) c.sub   a1, a1
core   0: 3 0x80001266 (0x8d8d) x11 0x00000000
core   0: 0x80001268 (0xf23c2aa3) sw      gp, -203(s8)
core   0: 3 0x80001268 (0xf23c2aa3) mem 0x800106d8 0x62ebac70
core   0: 0x8000126c (0x000009ca) c.slli  s3, 18
core   0: 3 0x8000126c (0x09ca) x19 0x03540000
core   0: 0x8000126e (0x0c6c4983) lbu     s3, 198(s8)
core   0: 3 0x8000126e (0x0c6c4983) x19 0x00000090 mem 0x80010869
core   0: 0x80001272 (0xf6cc04a3) sb      a2, -151(s8)
core   0: 3 0x80001272 (0xf6cc04a3) mem 0x8001070c 0x22
core   0: 0x80001276 (0x4015d5b3) sra     a1, a1, ra
core   0: 3 0x80001276 (0x4015d5b3) x11 0x00000000
core   0: 0x8000127a (0xf9cc4983) lbu     s3, -100(s8)
core   0: 3 0x8000127a (0xf9cc4983) x19 0x000000b5 mem 0x8001073f
core   0: 0x8000127e (0x097c0603) lb      a2, 151(s8)
core   0: 3 0x8000127e (0x097c0603) x12 0xffffffe4 mem 0x8001083a
core   0: 0x80001282 (0x68e3d9b7) lui     s3, 0x68e3d
core   0: 3 0x80001282 (0x68e3d9b7) x19 0x68e3d000
core   0: 0x80001286 (0xbba98993) addi    s3, s3, -1094
core   0: 3 0x80001286 (0xbba98993) x19 0x68e3cbba
core   0: 0x8000128a (0x0e0c0983) lb      s3, 224(s8)
core   0: 3 0x8000128a (0x0e0c0983) x19 0xffffff83 mem 0x80010883
core   0: 0x8000128e (0x011c5603) lhu     a2, 17(s8)
core   0: 3 0x8000128e (0x011c5603) x12 0x0000e4c8 mem 0x800107b4
core   0: 0x80001292 (0x40210633) sub     a2, sp, sp
core   0: 3 0x80001292 (0x40210633) x12 0x00000000
core   0: 0x80001296 (0xf99c5603) lhu     a2, -103(s8)
core   0: 3 0x80001296 (0xf99c5603) x12 0x0000ca34 mem 0x8001073c
core   0: 0x8000129a (0x081c0a23) sb      ra, 148(s8)
core   0: 3 0x8000129a (0x081c0a23) mem 0x80010837 0x0
core   0: 0x8000129e (0x002600b3) add     ra, a2, sp
core   0: 3 0x8000129e (0x002600b3) x 1 0x0000cac4
core   0: 0x800012a2 (0xfcdc2603) lw      a2, -51(s8)
core   0: 3 0x800012a2 (0xfcdc2603) x12 0x874aeb49 mem 0x80010770
core   0: 0x800012a6 (0x00008e0d) c.sub   a2, a1
core   0: 3 0x800012a6 (0x8e0d) x12 0x874aeb49
core   0: 0x800012a8 (0x0eec0983) lb      s3, 238(s8)
core   0: 3 0x800012a8 (0x0eec0983) x19 0x00000050 mem 0x80010891
core   0: 0x800012ac (0x0000f817) auipc   a6, 0xf
core   0: 3 0x800012ac (0x0000f817) x16 0x800102ac
core   0: 0x800012b0 (0x3e380813) addi    a6, a6, 995
core   0: 3 0x800012b0 (0x3e380813) x16 0x8001068f
core   0: 0x800012b4 (0x00010097) auipc   ra, 0x10
core   0: 3 0x800012b4 (0x00010097) x 1 0x800112b4
core   0: 0x800012b8 (0xb0b08093) addi    ra, ra, -1269
core   0: 3 0x800012b8 (0xb0b08093) x 1 0x80010dbf
core   0: 0x800012bc (0x00010117) auipc   sp, 0x10
core   0: 3 0x800012bc (0x00010117) x 2 0x800112bc
core   0: 0x800012c0 (0xc7910113) addi    sp, sp, -903
core   0: 3 0x800012c0 (0xc7910113) x 2 0x80010f35
core   0: 0x800012c4 (0xf6b0ce83) lbu     t4, -149(ra)
core   0: 3 0x800012c4 (0xf6b0ce83) x29 0x000000e9 mem 0x80010d2a
core   0: 0x800012c8 (0x00010d97) auipc   s11, 0x10
core   0: 3 0x800012c8 (0x00010d97) x27 0x800112c8
core   0: 0x800012cc (0x93dd8d93) addi    s11, s11, -1731
core   0: 3 0x800012cc (0x93dd8d93) x27 0x80010c05
core   0: 0x800012d0 (0x01f15a83) lhu     s5, 31(sp)
core   0: 3 0x800012d0 (0x01f15a83) x21 0x0000fd74 mem 0x80010f54
core   0: 0x800012d4 (0xff2085a3) sb      s2, -21(ra)
core   0: 3 0x800012d4 (0xff2085a3) mem 0x80010daa 0x9f
core   0: 0x800012d8 (0x03514e03) lbu     t3, 53(sp)
core   0: 3 0x800012d8 (0x03514e03) x28 0x000000be mem 0x80010f6a
core   0: 0x800012dc (0x0000f797) auipc   a5, 0xf
core   0: 3 0x800012dc (0x0000f797) x15 0x800102dc
core   0: 0x800012e0 (0x1e978793) addi    a5, a5, 489
core   0: 3 0x800012e0 (0x1e978793) x15 0x800104c5
core   0: 0x800012e4 (0xf64085a3) sb      tp, -149(ra)
core   0: 3 0x800012e4 (0xf64085a3) mem 0x80010d2a 0xb
core   0: 0x800012e8 (0xf85dc203) lbu     tp, -123(s11)
core   0: 3 0x800012e8 (0xf85dc203) x 4 0x000000f2 mem 0x80010b8a
core   0: 0x800012ec (0xfcf12603) lw      a2, -49(sp)
core   0: 3 0x800012ec (0xfcf12603) x12 0x9653f9c3 mem 0x80010f04
core   0: 0x800012f0 (0xfeb12f03) lw      t5, -21(sp)
core   0: 3 0x800012f0 (0xfeb12f03) x30 0x24d35e1d mem 0x80010f20
core   0: 0x800012f4 (0x07d08ba3) sb      t4, 119(ra)
core   0: 3 0x800012f4 (0x07d08ba3) mem 0x80010e36 0xe9
core   0: 0x800012f8 (0xfdd801a3) sb      t4, -61(a6)
core   0: 3 0x800012f8 (0xfdd801a3) mem 0x80010652 0xe9
core   0: 0x800012fc (0x6117db03) lhu     s6, 1553(a5)
core   0: 3 0x800012fc (0x6117db03) x22 0x00002b2b mem 0x80010ad6
core   0: 0x80001300 (0x01b80823) sb      s11, 16(a6)
core   0: 3 0x80001300 (0x01b80823) mem 0x8001069f 0x5
core   0: 0x80001304 (0xc017d903) lhu     s2, -1023(a5)
core   0: 3 0x80001304 (0xc017d903) x18 0x000085c8 mem 0x800100c6
core   0: 0x80001308 (0x09208283) lb      t0, 146(ra)
core   0: 3 0x80001308 (0x09208283) x 5 0xffffffd8 mem 0x80010e51
core   0: 0x8000130c (0xf6d08583) lb      a1, -147(ra)
core   0: 3 0x8000130c (0xf6d08583) x11 0x00000042 mem 0x80010d2c
core   0: 0x80001310 (0x02210e23) sb      sp, 60(sp)
core   0: 3 0x80001310 (0x02210e23) mem 0x80010f71 0x35
core   0: 0x80001314 (0x0bcd86a3) sb      t3, 173(s11)
core   0: 3 0x80001314 (0x0bcd86a3) mem 0x80010cb2 0xbe
core   0: 0x80001318 (0xf4909983) lh      s3, -183(ra)
core   0: 3 0x80001318 (0xf4909983) x19 0x00001e28 mem 0x80010d08
core   0: 0x8000131c (0xf0ddc983) lbu     s3, -243(s11)
core   0: 3 0x8000131c (0xf0ddc983) x19 0x00000013 mem 0x80010b12
core   0: 0x80001320 (0x0670d403) lhu     s0, 103(ra)
core   0: 3 0x80001320 (0x0670d403) x 8 0x0000713d mem 0x80010e26
core   0: 0x80001324 (0x762788a3) sb      sp, 1905(a5)
core   0: 3 0x80001324 (0x762788a3) mem 0x80010c36 0x35
core   0: 0x80001328 (0x5127c383) lbu     t2, 1298(a5)
core   0: 3 0x80001328 (0x5127c383) x 7 0x000000bb mem 0x800109d7
core   0: 0x8000132c (0xff280923) sb      s2, -14(a6)
core   0: 3 0x8000132c (0xff280923) mem 0x80010681 0xc8
core   0: 0x80001330 (0x0bbd8823) sb      s11, 176(s11)
core   0: 3 0x80001330 (0x0bbd8823) mem 0x80010cb5 0x5
core   0: 0x80001334 (0x0c908923) sb      s1, 210(ra)
core   0: 3 0x80001334 (0x0c908923) mem 0x80010e91 0x40
core   0: 0x80001338 (0xfff84d03) lbu     s10, -1(a6)
core   0: 3 0x80001338 (0xfff84d03) x26 0x000000c2 mem 0x8001068e
core   0: 0x8000133c (0x2137ce83) lbu     t4, 531(a5)
core   0: 3 0x8000133c (0x2137ce83) x29 0x00000070 mem 0x800106d8
core   0: 0x80001340 (0xfca10d03) lb      s10, -54(sp)
core   0: 3 0x80001340 (0xfca10d03) x26 0xffffffef mem 0x80010eff
core   0: 0x80001344 (0x00c820a3) sw      a2, 1(a6)
core   0: 3 0x80001344 (0x00c820a3) mem 0x80010690 0x9653f9c3
core   0: 0x80001348 (0xfc084283) lbu     t0, -64(a6)
core   0: 3 0x80001348 (0xfc084283) x 5 0x0000008f mem 0x8001064f
core   0: 0x8000134c (0xfafd94a3) sh      a5, -87(s11)
core   0: 3 0x8000134c (0xfafd94a3) mem 0x80010bae 0x04c5
core   0: 0x80001350 (0x02b10923) sb      a1, 50(sp)
core   0: 3 0x80001350 (0x02b10923) mem 0x80010f67 0x42
core   0: 0x80001354 (0xf0309903) lh      s2, -253(ra)
core   0: 3 0x80001354 (0xf0309903) x18 0x00007b2f mem 0x80010cc2
core   0: 0x80001358 (0x00981303) lh      t1, 9(a6)
core   0: 3 0x80001358 (0x00981303) x 6 0xfffff81a mem 0x80010698
core   0: 0x8000135c (0x03710923) sb      s7, 50(sp)
core   0: 3 0x8000135c (0x03710923) mem 0x80010f67 0x3b
core   0: 0x80001360 (0x0001a497) auipc   s1, 0x1a
core   0: 3 0x80001360 (0x0001a497) x 9 0x8001b360
core   0: 0x80001364 (0x74a48493) addi    s1, s1, 1866
core   0: 3 0x80001364 (0x74a48493) x 9 0x8001baaa
core   0: 0x80001368 (0x0000fd97) auipc   s11, 0xf
core   0: 3 0x80001368 (0x0000fd97) x27 0x80010368
core   0: 0x8000136c (0xf35d8d93) addi    s11, s11, -203
core   0: 3 0x8000136c (0xf35d8d93) x27 0x8001029d
core   0: 0x80001370 (0x6bdddb03) lhu     s6, 1725(s11)
core   0: 3 0x80001370 (0x6bdddb03) x22 0x0000b962 mem 0x8001095a
core   0: 0x80001374 (0xffc49b03) lh      s6, -4(s1)
core   0: 3 0x80001374 (0xffc49b03) x22 0xffffe5d7 mem 0x8001baa6
core   0: 0x80001378 (0x16ad8e03) lb      t3, 362(s11)
core   0: 3 0x80001378 (0x16ad8e03) x28 0x00000002 mem 0x80010407
core   0: 0x8000137c (0x4cfdc683) lbu     a3, 1231(s11)
core   0: 3 0x8000137c (0x4cfdc683) x13 0x000000c4 mem 0x8001076c
core   0: 0x80001380 (0xfff48403) lb      s0, -1(s1)
core   0: 3 0x80001380 (0xfff48403) x 8 0x0000004b mem 0x8001baa9
core   0: 0x80001384 (0xef3da103) lw      sp, -269(s11)
core   0: 3 0x80001384 (0xef3da103) x 2 0x69edbc6a mem 0x80010190
core   0: 0x80001388 (0x0104d403) lhu     s0, 16(s1)
core   0: 3 0x80001388 (0x0104d403) x 8 0x0000d163 mem 0x8001baba
core   0: 0x8000138c (0x5bad8383) lb      t2, 1466(s11)
core   0: 3 0x8000138c (0x5bad8383) x 7 0xffffffdb mem 0x80010857
core   0: 0x80001390 (0xf77dc383) lbu     t2, -137(s11)
core   0: 3 0x80001390 (0xf77dc383) x 7 0x000000ec mem 0x80010214
core   0: 0x80001394 (0x011487a3) sb      a7, 15(s1)
core   0: 3 0x80001394 (0x011487a3) mem 0x8001bab9 0x64
core   0: 0x80001398 (0x386d80a3) sb      t1, 897(s11)
core   0: 3 0x80001398 (0x386d80a3) mem 0x8001061e 0x1a
core   0: 0x8000139c (0xff14c803) lbu     a6, -15(s1)
core   0: 3 0x8000139c (0xff14c803) x16 0x000000a2 mem 0x8001ba9b
core   0: 0x800013a0 (0x0001f397) auipc   t2, 0x1f
core   0: 3 0x800013a0 (0x0001f397) x 7 0x800203a0
core   0: 0x800013a4 (0xc8438393) addi    t2, t2, -892
core   0: 3 0x800013a4 (0xc8438393) x 7 0x80020024
core   0: 0x800013a8 (0x02f389a3) sb      a5, 51(t2)
core   0: 3 0x800013a8 (0x02f389a3) mem 0x80020057 0xc5
core   0: 0x800013ac (0xfc138083) lb      ra, -63(t2)
core   0: 3 0x800013ac (0xfc138083) x 1 0xffffff85 mem 0x8001ffe5
core   0: 0x800013b0 (0x00004d51) c.li    s10, 20
core   0: 3 0x800013b0 (0x4d51) x26 0x00000014
core   0: 0x800013b2 (0xfc638ba3) sb      t1, -41(t2)
core   0: 3 0x800013b2 (0xfc638ba3) mem 0x8001fffb 0x1a
core   0: 0x800013b6 (0xfd538f83) lb      t6, -43(t2)
core   0: 3 0x800013b6 (0xfd538f83) x31 0xffffff89 mem 0x8001fff9
core   0: 0x800013ba (0xffa38da3) sb      s10, -5(t2)
core   0: 3 0x800013ba (0xffa38da3) mem 0x8002001f 0x14
core   0: 0x800013be (0xff138ea3) sb      a7, -3(t2)
core   0: 3 0x800013be (0xff138ea3) mem 0x80020021 0x64
core   0: 0x800013c2 (0x00000f14) c.addi4spn a3, sp, 912
core   0: 3 0x800013c2 (0x0f14) x13 0x69edbffa
core   0: 0x800013c4 (0x02c805b3) mul     a1, a6, a2
core   0: 3 0x800013c4 (0x02c805b3) x11 0x21240d66
core   0: 0x800013c8 (0x00008c09) c.sub   s0, a0
core   0: 3 0x800013c8 (0x8c09) x 8 0x0000d162
core   0: 0x800013ca (0x02538683) lb      a3, 37(t2)
core   0: 3 0x800013ca (0x02538683) x13 0xffffffaf mem 0x80020049
core   0: 0x800013ce (0x0000666d) c.lui   a2, 0x1b
core   0: 3 0x800013ce (0x666d) x12 0x0001b000
core   0: 0x800013d0 (0x00008cd9) c.or    s1, a4
core   0: 3 0x800013d0 (0x8cd9) x 9 0x8003beee
core   0: 0x800013d2 (0x0323c583) lbu     a1, 50(t2)
core   0: 3 0x800013d2 (0x0323c583) x11 0x0000006e mem 0x80020056
core   0: 0x800013d6 (0x0000100f) fence.i
core   0: 3 0x800013d6 (0x0000100f)
core   0: 0x800013da (0xfcf38fa3) sb      a5, -33(t2)
core   0: 3 0x800013da (0xfcf38fa3) mem 0x80020003 0xc5
core   0: 0x800013de (0xff4381a3) sb      s4, -29(t2)
core   0: 3 0x800013de (0xff4381a3) mem 0x80020007 0x0
core   0: 0x800013e2 (0x00000ea6) c.slli  t4, 9
core   0: 3 0x800013e2 (0x0ea6) x29 0x0000e000
core   0: 0x800013e4 (0x03839a03) lh      s4, 56(t2)
core   0: 3 0x800013e4 (0x03839a03) x20 0x00005850 mem 0x8002005c
core   0: 0x800013e8 (0x000084c1) c.srai  s1, 16
core   0: 3 0x800013e8 (0x84c1) x 9 0xffff8003
core   0: 0x800013ea (0x0073c503) lbu     a0, 7(t2)
core   0: 3 0x800013ea (0x0073c503) x10 0x000000ed mem 0x8002002b
core   0: 0x800013ee (0x00008fb1) c.xor   a5, a2
core   0: 3 0x800013ee (0x8fb1) x15 0x8000b4c5
core   0: 0x800013f0 (0x01f38503) lb      a0, 31(t2)
core   0: 3 0x800013f0 (0x01f38503) x10 0x00000057 mem 0x80020043
core   0: 0x800013f4 (0xfe73c603) lbu     a2, -25(t2)
core   0: 3 0x800013f4 (0xfe73c603) x12 0x00000057 mem 0x8002000b
core   0: 0x800013f8 (0x0133c283) lbu     t0, 19(t2)
core   0: 3 0x800013f8 (0x0133c283) x 5 0x000000d5 mem 0x80020037
core   0: 0x800013fc (0x0211ab33) mulhsu  s6, gp, ra
core   0: 3 0x800013fc (0x0211ab33) x22 0x62ebac40
core   0: 0x80001400 (0xfea3cb83) lbu     s7, -22(t2)
core   0: 3 0x80001400 (0xfea3cb83) x23 0x000000aa mem 0x8002000e
core   0: 0x80001404 (0xfce3db83) lhu     s7, -50(t2)
core   0: 3 0x80001404 (0xfce3db83) x23 0x00001788 mem 0x8001fff2
core   0: 0x80001408 (0x417d0eb3) sub     t4, s10, s7
core   0: 3 0x80001408 (0x417d0eb3) x29 0xffffe88c
core   0: 0x8000140c (0x00009a7d) c.andi  a2, -1
core   0: 3 0x8000140c (0x9a7d) x12 0x00000057
core   0: 0x8000140e (0x03a3d683) lhu     a3, 58(t2)
core   0: 3 0x8000140e (0x03a3d683) x13 0x0000bcd9 mem 0x8002005e
core   0: 0x80001412 (0xfff39423) sh      t6, -24(t2)
core   0: 3 0x80001412 (0xfff39423) mem 0x8002000c 0xff89
core   0: 0x80001416 (0x02138303) lb      t1, 33(t2)
core   0: 3 0x80001416 (0x02138303) x 6 0x00000056 mem 0x80020045
core   0: 0x8000141a (0x00005efd) c.li    t4, -1
core   0: 3 0x8000141a (0x5efd) x29 0xffffffff
core   0: 0x8000141c (0xfd938003) lb      zero, -39(t2)
core   0: 3 0x8000141c (0xfd938003) mem 0x8001fffd
core   0: 0x80001420 (0xfdb38e03) lb      t3, -37(t2)
core   0: 3 0x80001420 (0xfdb38e03) x28 0x0000004d mem 0x8001ffff
core   0: 0x80001424 (0xfd33c603) lbu     a2, -45(t2)
core   0: 3 0x80001424 (0xfd33c603) x12 0x000000a7 mem 0x8001fff7
core   0: 0x80001428 (0x02e3d503) lhu     a0, 46(t2)
core   0: 3 0x80001428 (0x02e3d503) x10 0x000063cc mem 0x80020052
core   0: 0x8000142c (0x00015417) auipc   s0, 0x15
core   0: 3 0x8000142c (0x00015417) x 8 0x8001642c
core   0: 0x80001430 (0x53b40413) addi    s0, s0, 1339
core   0: 3 0x80001430 (0x53b40413) x 8 0x80016967
core   0: 0x80001434 (0x00019f17) auipc   t5, 0x19
core   0: 3 0x80001434 (0x00019f17) x30 0x8001a434
core   0: 0x80001438 (0x588f0f13) addi    t5, t5, 1416
core   0: 3 0x80001438 (0x588f0f13) x30 0x8001a9bc
core   0: 0x8000143c (0x00016397) auipc   t2, 0x16
core   0: 3 0x8000143c (0x00016397) x 7 0x8001743c
core   0: 0x80001440 (0x4fe38393) addi    t2, t2, 1278
core   0: 3 0x80001440 (0x4fe38393) x 7 0x8001793a
core   0: 0x80001444 (0xfd545603) lhu     a2, -43(s0)
core   0: 3 0x80001444 (0xfd545603) x12 0x0000c3a7 mem 0x8001693c
core   0: 0x80001448 (0x0223ce83) lbu     t4, 34(t2)
core   0: 3 0x80001448 (0x0223ce83) x29 0x000000ad mem 0x8001795c
core   0: 0x8000144c (0x01440223) sb      s4, 4(s0)
core   0: 3 0x8000144c (0x01440223) mem 0x8001696b 0x50
core   0: 0x80001450 (0xff8412a3) sh      s8, -27(s0)
core   0: 3 0x80001450 (0xff8412a3) mem 0x8001694c 0x07a3
core   0: 0x80001454 (0x7c0385a3) sb      zero, 1995(t2)
core   0: 3 0x80001454 (0x7c0385a3) mem 0x80018105 0x0
core   0: 0x80001458 (0xff6f1503) lh      a0, -10(t5)
core   0: 3 0x80001458 (0xff6f1503) x10 0x00000b73 mem 0x8001a9b2
core   0: 0x8000145c (0x03644d83) lbu     s11, 54(s0)
core   0: 3 0x8000145c (0x03644d83) x27 0x00000098 mem 0x8001699d
core   0: 0x80001460 (0xc2c38683) lb      a3, -980(t2)
core   0: 3 0x80001460 (0xc2c38683) x13 0x0000000c mem 0x80017566
core   0: 0x80001464 (0x03540423) sb      s5, 40(s0)
core   0: 3 0x80001464 (0x03540423) mem 0x8001698f 0x74
core   0: 0x80001468 (0x00df4183) lbu     gp, 13(t5)
core   0: 3 0x80001468 (0x00df4183) x 3 0x00000035 mem 0x8001a9c9
core   0: 0x8000146c (0x02940023) sb      s1, 32(s0)
core   0: 3 0x8000146c (0x02940023) mem 0x80016987 0x3
core   0: 0x80001470 (0x4493cb03) lbu     s6, 1097(t2)
core   0: 3 0x80001470 (0x4493cb03) x22 0x000000ed mem 0x80017d83
core   0: 0x80001474 (0x005f0903) lb      s2, 5(t5)
core   0: 3 0x80001474 (0x005f0903) x18 0x0000005e mem 0x8001a9c1
core   0: 0x80001478 (0x003f0523) sb      gp, 10(t5)
core   0: 3 0x80001478 (0x003f0523) mem 0x8001a9c6 0x35
core   0: 0x8000147c (0x00c40683) lb      a3, 12(s0)
core   0: 3 0x8000147c (0x00c40683) x13 0x00000014 mem 0x80016973
core   0: 0x80001480 (0x9433c203) lbu     tp, -1725(t2)
core   0: 3 0x80001480 (0x9433c203) x 4 0x0000003e mem 0x8001727d
core   0: 0x80001484 (0xff6f0983) lb      s3, -10(t5)
core   0: 3 0x80001484 (0xff6f0983) x19 0x00000073 mem 0x8001a9b2
core   0: 0x80001488 (0xb2b38483) lb      s1, -1237(t2)
core   0: 3 0x80001488 (0xb2b38483) x 9 0x0000006f mem 0x80017465
core   0: 0x8000148c (0x03345183) lhu     gp, 51(s0)
core   0: 3 0x8000148c (0x03345183) x 3 0x00007db4 mem 0x8001699a
core   0: 0x80001490 (0xff6f4583) lbu     a1, -10(t5)
core   0: 3 0x80001490 (0xff6f4583) x11 0x00000073 mem 0x8001a9b2
core   0: 0x80001494 (0xffcf4183) lbu     gp, -4(t5)
core   0: 3 0x80001494 (0xffcf4183) x 3 0x0000002e mem 0x8001a9b8
core   0: 0x80001498 (0x9073c103) lbu     sp, -1785(t2)
core   0: 3 0x80001498 (0x9073c103) x 2 0x000000cf mem 0x80017241
core   0: 0x8000149c (0x03f40f83) lb      t6, 63(s0)
core   0: 3 0x8000149c (0x03f40f83) x31 0x0000006c mem 0x800169a6
core   0: 0x800014a0 (0xff3f0903) lb      s2, -13(t5)
core   0: 3 0x800014a0 (0xff3f0903) x18 0xffffff83 mem 0x8001a9af
core   0: 0x800014a4 (0xff1f4b03) lbu     s6, -15(t5)
core   0: 3 0x800014a4 (0xff1f4b03) x22 0x00000018 mem 0x8001a9ad
core   0: 0x800014a8 (0x44d3ca83) lbu     s5, 1101(t2)
core   0: 3 0x800014a8 (0x44d3ca83) x21 0x000000ed mem 0x80017d87
core   0: 0x800014ac (0xd76380a3) sb      s6, -671(t2)
core   0: 3 0x800014ac (0xd76380a3) mem 0x8001769b 0x18
core   0: 0x800014b0 (0xe1138203) lb      tp, -495(t2)
core   0: 3 0x800014b0 (0xe1138203) x 4 0x00000034 mem 0x8001774b
core   0: 0x800014b4 (0x0000f197) auipc   gp, 0xf
core   0: 3 0x800014b4 (0x0000f197) x 3 0x800104b4
core   0: 0x800014b8 (0xd8d18193) addi    gp, gp, -627
core   0: 3 0x800014b8 (0xd8d18193) x 3 0x80010241
core   0: 0x800014bc (0x00013a97) auipc   s5, 0x13
core   0: 3 0x800014bc (0x00013a97) x21 0x800144bc
core   0: 0x800014c0 (0x7a8a8a93) addi    s5, s5, 1960
core   0: 3 0x800014c0 (0x7a8a8a93) x21 0x80014c64
core   0: 0x800014c4 (0x03e18803) lb      a6, 62(gp)
core   0: 3 0x800014c4 (0x03e18803) x16 0xfffffff1 mem 0x8001027f
core   0: 0x800014c8 (0x02d19d83) lh      s11, 45(gp)
core   0: 3 0x800014c8 (0x02d19d83) x27 0x00000db2 mem 0x8001026e
core   0: 0x800014cc (0x0c7a87a3) sb      t2, 207(s5)
core   0: 3 0x800014cc (0x0c7a87a3) mem 0x80014d33 0x3a
core   0: 0x800014d0 (0x03d1cb83) lbu     s7, 61(gp)
core   0: 3 0x800014d0 (0x03d1cb83) x23 0x00000054 mem 0x8001027e
core   0: 0x800014d4 (0xff518683) lb      a3, -11(gp)
core   0: 3 0x800014d4 (0xff518683) x13 0xffffff8d mem 0x80010236
core   0: 0x800014d8 (0xfdaa9f83) lh      t6, -38(s5)
core   0: 3 0x800014d8 (0xfdaa9f83) x31 0xffffaf53 mem 0x80014c3e
core   0: 0x800014dc (0xfd818aa3) sb      s8, -43(gp)
core   0: 3 0x800014dc (0xfd818aa3) mem 0x80010216 0xa3
core   0: 0x800014e0 (0xfe41c803) lbu     a6, -28(gp)
core   0: 3 0x800014e0 (0xfe41c803) x16 0x00000076 mem 0x80010225
core   0: 0x800014e4 (0xfe118223) sb      ra, -28(gp)
core   0: 3 0x800014e4 (0xfe118223) mem 0x80010225 0x85
core   0: 0x800014e8 (0x01ca8723) sb      t3, 14(s5)
core   0: 3 0x800014e8 (0x01ca8723) mem 0x80014c72 0x4d
core   0: 0x800014ec (0xfc81c103) lbu     sp, -56(gp)
core   0: 3 0x800014ec (0xfc81c103) x 2 0x000000ab mem 0x80010209
core   0: 0x800014f0 (0xfd0aad83) lw      s11, -48(s5)
core   0: 3 0x800014f0 (0xfd0aad83) x27 0x47b6998c mem 0x80014c34
core   0: 0x800014f4 (0x022ade03) lhu     t3, 34(s5)
core   0: 3 0x800014f4 (0x022ade03) x28 0x0000ee7f mem 0x80014c86
core   0: 0x800014f8 (0xff118423) sb      a7, -24(gp)
core   0: 3 0x800014f8 (0xff118423) mem 0x80010229 0x64
core   0: 0x800014fc (0xfc9182a3) sb      s1, -59(gp)
core   0: 3 0x800014fc (0xfc9182a3) mem 0x80010206 0x6f
core   0: 0x80001500 (0xf63ac203) lbu     tp, -157(s5)
core   0: 3 0x80001500 (0xf63ac203) x 4 0x00000088 mem 0x80014bc7
core   0: 0x80001504 (0x0000f817) auipc   a6, 0xf
core   0: 3 0x80001504 (0x0000f817) x16 0x80010504
core   0: 0x80001508 (0x6a580813) addi    a6, a6, 1701
core   0: 3 0x80001508 (0x6a580813) x16 0x80010ba9
core   0: 0x8000150c (0x01d4da13) srli    s4, s1, 29
core   0: 3 0x8000150c (0x01d4da13) x20 0x00000000
core   0: 0x80001510 (0x000014fd) c.addi  s1, -1
core   0: 3 0x80001510 (0x14fd) x 9 0x0000006e
core   0: 0x80001512 (0xfc882da3) sw      s0, -37(a6)
core   0: 3 0x80001512 (0xfc882da3) mem 0x80010b84 0x80016967
core   0: 0x80001516 (0x00008c41) c.or    s0, s0
core   0: 3 0x80001516 (0x8c41) x 8 0x80016967
core   0: 0x80001518 (0x4004da33) sra     s4, s1, zero
core   0: 3 0x80001518 (0x4004da33) x20 0x0000006e
core   0: 0x8000151c (0x00008c65) c.and   s0, s1
core   0: 3 0x8000151c (0x8c65) x 8 0x00000066
core   0: 0x8000151e (0x9d4c2493) slti    s1, s8, -1580
core   0: 3 0x8000151e (0x9d4c2493) x 9 0x00000001
core   0: 0x80001522 (0x00149a13) slli    s4, s1, 1
core   0: 3 0x80001522 (0x00149a13) x20 0x00000002
core   0: 0x80001526 (0x00000336) c.slli  t1, 13
core   0: 3 0x80001526 (0x0336) x 6 0x000ac000
core   0: 0x80001528 (0x08781a03) lh      s4, 135(a6)
core   0: 3 0x80001528 (0x08781a03) x20 0xffff9976 mem 0x80010c30
core   0: 0x8000152c (0x03480483) lb      s1, 52(a6)
core   0: 3 0x8000152c (0x03480483) x 9 0xffffffd4 mem 0x80010bdd
core   0: 0x80001530 (0x0344ba33) mulhu   s4, s1, s4
core   0: 3 0x80001530 (0x0344ba33) x20 0xffff994a
core   0: 0x80001534 (0x0ce84a03) lbu     s4, 206(a6)
core   0: 3 0x80001534 (0x0ce84a03) x20 0x00000054 mem 0x80010c77
core   0: 0x80001538 (0x00006365) c.lui   t1, 0x19
core   0: 3 0x80001538 (0x6365) x 6 0x00019000
core   0: 0x8000153a (0x029014b3) mulh    s1, zero, s1
core   0: 3 0x8000153a (0x029014b3) x 9 0x00000000
core   0: 0x8000153e (0xe9c134b7) lui     s1, 0xe9c13
core   0: 3 0x8000153e (0xe9c134b7) x 9 0xe9c13000
core   0: 0x80001542 (0x00880b23) sb      s0, 22(a6)
core   0: 3 0x80001542 (0x00880b23) mem 0x80010bbf 0x66
core   0: 0x80001546 (0x06980b23) sb      s1, 118(a6)
core   0: 3 0x80001546 (0x06980b23) mem 0x80010c1f 0x0
core   0: 0x8000154a (0xf8280483) lb      s1, -126(a6)
core   0: 3 0x8000154a (0xf8280483) x 9 0x00000076 mem 0x80010b2b
core   0: 0x8000154e (0xf9380a03) lb      s4, -109(a6)
core   0: 3 0x8000154e (0xf9380a03) x20 0x00000013 mem 0x80010b3c
core   0: 0x80001552 (0xfd4809a3) sb      s4, -45(a6)
core   0: 3 0x80001552 (0xfd4809a3) mem 0x80010b7c 0x13
core   0: 0x80001556 (0x00001c7d) c.addi  s8, -1
core   0: 3 0x80001556 (0x1c7d) x24 0x800107a2
core   0: 0x80001558 (0x00935c33) srl     s8, t1, s1
core   0: 3 0x80001558 (0x00935c33) x24 0x00000000
core   0: 0x8000155c (0x02004333) div     t1, zero, zero
core   0: 3 0x8000155c (0x02004333) x 6 0xffffffff
core   0: 0x80001560 (0x05980303) lb      t1, 89(a6)
core   0: 3 0x80001560 (0x05980303) x 6 0x00000029 mem 0x80010c02
core   0: 0x80001564 (0xfa684483) lbu     s1, -90(a6)
core   0: 3 0x80001564 (0xfa684483) x 9 0x00000000 mem 0x80010b4f
core   0: 0x80001568 (0x02841333) mulh    t1, s0, s0
core   0: 3 0x80001568 (0x02841333) x 6 0x00000000
core   0: 0x8000156c (0x034c7333) remu    t1, s8, s4
core   0: 3 0x8000156c (0x034c7333) x 6 0x00000000
core   0: 0x80001570 (0x00036c33) or      s8, t1, zero
core   0: 3 0x80001570 (0x00036c33) x24 0x00000000
core   0: 0x80001574 (0x0000046a) c.slli  s0, 26
core   0: 3 0x80001574 (0x046a) x 8 0x98000000
core   0: 0x80001576 (0x029a04b3) mul     s1, s4, s1
core   0: 3 0x80001576 (0x029a04b3) x 9 0x00000000
core   0: 0x8000157a (0xf8cc7493) andi    s1, s8, -116
core   0: 3 0x8000157a (0xf8cc7493) x 9 0x00000000
core   0: 0x8000157e (0x91245337) lui     t1, 0x91245
core   0: 3 0x8000157e (0x91245337) x 6 0x91245000
core   0: 0x80001582 (0xf29804a3) sb      s1, -215(a6)
core   0: 3 0x80001582 (0xf29804a3) mem 0x80010ad2 0x0
core   0: 0x80001586 (0x0264ca33) div     s4, s1, t1
core   0: 3 0x80001586 (0x0264ca33) x20 0x00000000
core   0: 0x8000158a (0xfbc80c03) lb      s8, -68(a6)
core   0: 3 0x8000158a (0xfbc80c03) x24 0x00000012 mem 0x80010b65
core   0: 0x8000158e (0x046002ef) jal     t0, pc + 0x46
core   0: 3 0x8000158e (0x046002ef) x 5 0x80001592
core   0: 0x800015d4 (0x0000bf7d) c.j     pc - 66
core   0: 3 0x800015d4 (0xbf7d)
core   0: 0x80001592 (0x01800bef) jal     s7, pc + 0x18
core   0: 3 0x80001592 (0x01800bef) x23 0x80001596
core   0: 0x800015aa (0x0000bfd5) c.j     pc - 12
core   0: 3 0x800015aa (0xbfd5)
core   0: 0x8000159e (0x00002009) c.jal   pc + 2
core   0: 3 0x8000159e (0x2009) x 1 0x800015a0
core   0: 0x800015a0 (0x00002801) c.jal   pc + 16
core   0: 3 0x800015a0 (0x2801) x 1 0x800015a2
core   0: 0x800015b0 (0x00003fdd) c.jal   pc - 10
core   0: 3 0x800015b0 (0x3fdd) x 1 0x800015b2
core   0: 0x800015a6 (0x008000ef) jal     pc + 0x8
core   0: 3 0x800015a6 (0x008000ef) x 1 0x800015aa
core   0: 0x800015ae (0x0000a00d) c.j     pc + 34
core   0: 3 0x800015ae (0xa00d)
core   0: 0x800015d0 (0x00003ff1) c.jal   pc - 36
core   0: 3 0x800015d0 (0x3ff1) x 1 0x800015d2
core   0: 0x800015ac (0x0000a831) c.j     pc + 28
core   0: 3 0x800015ac (0xa831)
core   0: 0x800015c8 (0x0000b7fd) c.j     pc - 18
core   0: 3 0x800015c8 (0xb7fd)
core   0: 0x800015b6 (0xfe1ff0ef) jal     pc - 0x20
core   0: 3 0x800015b6 (0xfe1ff0ef) x 1 0x800015ba
core   0: 0x80001596 (0x00002805) c.jal   pc + 48
core   0: 3 0x80001596 (0x2805) x 1 0x80001598
core   0: 0x800015c6 (0x00003ff5) c.jal   pc - 4
core   0: 3 0x800015c6 (0x3ff5) x 1 0x800015c8
core   0: 0x800015c2 (0xff1ff9ef) jal     s3, pc - 0x10
core   0: 3 0x800015c2 (0xff1ff9ef) x19 0x800015c6
core   0: 0x800015b2 (0xfe7ff0ef) jal     pc - 0x1a
core   0: 3 0x800015b2 (0xfe7ff0ef) x 1 0x800015b6
core   0: 0x80001598 (0x0000a015) c.j     pc + 36
core   0: 3 0x80001598 (0xa015)
core   0: 0x800015bc (0x00003ffd) c.jal   pc - 2
core   0: 3 0x800015bc (0x3ffd) x 1 0x800015be
core   0: 0x800015ba (0x0000a821) c.j     pc + 24
core   0: 3 0x800015ba (0xa821)
core   0: 0x800015d2 (0x0000b7fd) c.j     pc - 18
core   0: 3 0x800015d2 (0xb7fd)
core   0: 0x800015c0 (0x0000bfe9) c.j     pc - 38
core   0: 3 0x800015c0 (0xbfe9)
core   0: 0x8000159a (0x032000ef) jal     pc + 0x32
core   0: 3 0x8000159a (0x032000ef) x 1 0x8000159e
core   0: 0x800015cc (0x0000bfcd) c.j     pc - 14
core   0: 3 0x800015cc (0xbfcd)
core   0: 0x800015be (0x00002801) c.jal   pc + 16
core   0: 3 0x800015be (0x2801) x 1 0x800015c0
core   0: 0x800015ce (0x0000bff5) c.j     pc - 4
core   0: 3 0x800015ce (0xbff5)
core   0: 0x800015ca (0x00003fe1) c.jal   pc - 40
core   0: 3 0x800015ca (0x3fe1) x 1 0x800015cc
core   0: 0x800015a2 (0x0340036f) jal     t1, pc + 0x34
core   0: 3 0x800015a2 (0x0340036f) x 6 0x800015a6
core   0: 0x800015d6 (0x41ffd993) srai    s3, t6, 31
core   0: 3 0x800015d6 (0x41ffd993) x19 0xffffffff
core   0: 0x800015da (0x00010817) auipc   a6, 0x10
core   0: 3 0x800015da (0x00010817) x16 0x800115da
core   0: 0x800015de (0x84580813) addi    a6, a6, -1979
core   0: 3 0x800015de (0x84580813) x16 0x80010e1f
core   0: 0x800015e2 (0x6ccba493) slti    s1, s7, 1740
core   0: 3 0x800015e2 (0x6ccba493) x 9 0x00000001
core   0: 0x800015e6 (0xfc185303) lhu     t1, -63(a6)
core   0: 3 0x800015e6 (0xfc185303) x 6 0x0000e318 mem 0x80010de0
core   0: 0x800015ea (0xfc180383) lb      t2, -63(a6)
core   0: 3 0x800015ea (0xfc180383) x 7 0x00000018 mem 0x80010de0
core   0: 0x800015ee (0x03e60c33) mul     s8, a2, t5
core   0: 3 0x800015ee (0x03e60c33) x24 0xc55feda4
core   0: 0x800015f2 (0xfc184483) lbu     s1, -63(a6)
core   0: 3 0x800015f2 (0xfc184483) x 9 0x00000018 mem 0x80010de0
core   0: 0x800015f6 (0xfc184d03) lbu     s10, -63(a6)
core   0: 3 0x800015f6 (0xfc184d03) x26 0x00000018 mem 0x80010de0
core   0: 0x800015fa (0xfdc84e03) lbu     t3, -36(a6)
core   0: 3 0x800015fa (0xfdc84e03) x28 0x00000028 mem 0x80010dfb
core   0: 0x800015fe (0x02884683) lbu     a3, 40(a6)
core   0: 3 0x800015fe (0x02884683) x13 0x000000b1 mem 0x80010e47
core   0: 0x80001602 (0xfe480983) lb      s3, -28(a6)
core   0: 3 0x80001602 (0xfe480983) x19 0xffffffeb mem 0x80010e03
core   0: 0x80001606 (0xfe884583) lbu     a1, -24(a6)
core   0: 3 0x80001606 (0xfe884583) x11 0x00000071 mem 0x80010e07
core   0: 0x8000160a (0x079e8f13) addi    t5, t4, 121
core   0: 3 0x8000160a (0x079e8f13) x30 0x00000126
core   0: 0x8000160e (0x014641b3) xor     gp, a2, s4
core   0: 3 0x8000160e (0x014641b3) x 3 0x0000c3a7
core   0: 0x80001612 (0x00a5c7b3) xor     a5, a1, a0
core   0: 3 0x80001612 (0x00a5c7b3) x15 0x00000b02
core   0: 0x80001616 (0xfe680423) sb      t1, -24(a6)
core   0: 3 0x80001616 (0xfe680423) mem 0x80010e07 0x18
core   0: 0x8000161a (0x01084a83) lbu     s5, 16(a6)
core   0: 3 0x8000161a (0x01084a83) x21 0x0000005a mem 0x80010e2f
core   0: 0x8000161e (0x01080583) lb      a1, 16(a6)
core   0: 3 0x8000161e (0x01080583) x11 0x0000005a mem 0x80010e2f
core   0: 0x80001622 (0x01080b83) lb      s7, 16(a6)
core   0: 3 0x80001622 (0x01080b83) x23 0x0000005a mem 0x80010e2f
core   0: 0x80001626 (0x0000100f) fence.i
core   0: 3 0x80001626 (0x0000100f)
core   0: 0x8000162a (0x00001784) c.addi4spn s1, sp, 992
core   0: 3 0x8000162a (0x1784) x 9 0x0000048b
core   0: 0x8000162c (0x00e80203) lb      tp, 14(a6)
core   0: 3 0x8000162c (0x00e80203) x 4 0xffffff90 mem 0x80010e2d
core   0: 0x80001630 (0x00017117) auipc   sp, 0x17
core   0: 3 0x80001630 (0x00017117) x 2 0x80018630
core   0: 0x80001634 (0x5d410113) addi    sp, sp, 1492
core   0: 3 0x80001634 (0x5d410113) x 2 0x80018c04
core   0: 0x80001638 (0x0000c226) c.swsp  s1, 4(sp)
core   0: 3 0x80001638 (0xc226) mem 0x80018c08 0x0000048b
core   0: 0x8000163a (0x01a107a3) sb      s10, 15(sp)
core   0: 3 0x8000163a (0x01a107a3) mem 0x80018c13 0x18
core   0: 0x8000163e (0x00a14283) lbu     t0, 10(sp)
core   0: 3 0x8000163e (0x00a14283) x 5 0x0000006a mem 0x80018c0e
core   0: 0x80001642 (0x00810523) sb      s0, 10(sp)
core   0: 3 0x80001642 (0x00810523) mem 0x80018c0e 0x0
core   0: 0x80001646 (0x8edb03b7) lui     t2, 0x8edb0
core   0: 3 0x80001646 (0x8edb03b7) x 7 0x8edb0000
core   0: 0x8000164a (0x00848bb3) add     s7, s1, s0
core   0: 3 0x8000164a (0x00848bb3) x23 0x9800048b
core   0: 0x8000164e (0x00a11f03) lh      t5, 10(sp)
core   0: 3 0x8000164e (0x00a11f03) x30 0xffffeb00 mem 0x80018c0e
core   0: 0x80001652 (0xda979297) auipc   t0, 0xda979
core   0: 3 0x80001652 (0xda979297) x 5 0x5a97a652
core   0: 0x80001656 (0x00a10b03) lb      s6, 10(sp)
core   0: 3 0x80001656 (0x00a10b03) x22 0x00000000 mem 0x80018c0e
core   0: 0x8000165a (0x00001c7d) c.addi  s8, -1
core   0: 3 0x8000165a (0x1c7d) x24 0xc55feda3
core   0: 0x8000165c (0x01811523) sh      s8, 10(sp)
core   0: 3 0x8000165c (0x01811523) mem 0x80018c0e 0xeda3
core   0: 0x80001660 (0x01611523) sh      s6, 10(sp)
core   0: 3 0x80001660 (0x01611523) mem 0x80018c0e 0x0000
core   0: 0x80001664 (0x0000c46a) c.swsp  s10, 8(sp)
core   0: 3 0x80001664 (0xc46a) mem 0x80018c0c 0x00000018
core   0: 0x80001666 (0xff314603) lbu     a2, -13(sp)
core   0: 3 0x80001666 (0xff314603) x12 0x0000008c mem 0x80018bf7
core   0: 0x8000166a (0xff310383) lb      t2, -13(sp)
core   0: 3 0x8000166a (0xff310383) x 7 0xffffff8c mem 0x80018bf7
core   0: 0x8000166e (0xff310303) lb      t1, -13(sp)
core   0: 3 0x8000166e (0xff310303) x 6 0xffffff8c mem 0x80018bf7
core   0: 0x80001672 (0xff314e03) lbu     t3, -13(sp)
core   0: 3 0x80001672 (0xff314e03) x28 0x0000008c mem 0x80018bf7
core   0: 0x80001676 (0xffe11083) lh      ra, -2(sp)
core   0: 3 0x80001676 (0xffe11083) x 1 0xffffd20f mem 0x80018c02
core   0: 0x8000167a (0x00006259) c.lui   tp, 0x16
core   0: 3 0x8000167a (0x6259) x 4 0x00016000
core   0: 0x8000167c (0x000099fd) c.andi  a1, -1
core   0: 3 0x8000167c (0x99fd) x11 0x0000005a
core   0: 0x8000167e (0x00710983) lb      s3, 7(sp)
core   0: 3 0x8000167e (0x00710983) x19 0x00000000 mem 0x80018c0b
core   0: 0x80001682 (0x01d103a3) sb      t4, 7(sp)
core   0: 3 0x80001682 (0x01d103a3) mem 0x80018c0b 0xad
core   0: 0x80001686 (0x00714e83) lbu     t4, 7(sp)
core   0: 3 0x80001686 (0x00714e83) x29 0x000000ad mem 0x80018c0b
core   0: 0x8000168a (0x0001ca97) auipc   s5, 0x1c
core   0: 3 0x8000168a (0x0001ca97) x21 0x8001d68a
core   0: 0x8000168e (0x3c9a8a93) addi    s5, s5, 969
core   0: 3 0x8000168e (0x3c9a8a93) x21 0x8001da53
core   0: 0x80001692 (0xc3ba80a3) sb      s11, -991(s5)
core   0: 3 0x80001692 (0xc3ba80a3) mem 0x8001d674 0x8c
core   0: 0x80001696 (0xc3fac383) lbu     t2, -961(s5)
core   0: 3 0x80001696 (0xc3fac383) x 7 0x00000024 mem 0x8001d692
core   0: 0x8000169a (0xc33a9fa3) sh      s3, -961(s5)
core   0: 3 0x8000169a (0xc33a9fa3) mem 0x8001d692 0x0000
core   0: 0x8000169e (0xc3fad603) lhu     a2, -961(s5)
core   0: 3 0x8000169e (0xc3fad603) x12 0x00000000 mem 0x8001d692
core   0: 0x800016a2 (0x03a63eb3) mulhu   t4, a2, s10
core   0: 3 0x800016a2 (0x03a63eb3) x29 0x00000000
core   0: 0x800016a6 (0x01f4c9b3) xor     s3, s1, t6
core   0: 3 0x800016a6 (0x01f4c9b3) x19 0xffffabd8
core   0: 0x800016aa (0xc2ea8fa3) sb      a4, -961(s5)
core   0: 3 0x800016aa (0xc2ea8fa3) mem 0x8001d692 0xe4
core   0: 0x800016ae (0xc3fad683) lhu     a3, -961(s5)
core   0: 3 0x800016ae (0xc3fad683) x13 0x000000e4 mem 0x8001d692
core   0: 0x800016b2 (0x008ff133) and     sp, t6, s0
core   0: 3 0x800016b2 (0x008ff133) x 2 0x98000000
core   0: 0x800016b6 (0x9f7aa4a3) sw      s7, -1559(s5)
core   0: 3 0x800016b6 (0x9f7aa4a3) mem 0x8001d43c 0x9800048b
core   0: 0x800016ba (0x9e9acc03) lbu     s8, -1559(s5)
core   0: 3 0x800016ba (0x9e9acc03) x24 0x0000008b mem 0x8001d43c
core   0: 0x800016be (0x9e9a8603) lb      a2, -1559(s5)
core   0: 3 0x800016be (0x9e9a8603) x12 0xffffff8b mem 0x8001d43c
core   0: 0x800016c2 (0x124a88a3) sb      tp, 305(s5)
core   0: 3 0x800016c2 (0x124a88a3) mem 0x8001db84 0x0
core   0: 0x800016c6 (0x131ad983) lhu     s3, 305(s5)
core   0: 3 0x800016c6 (0x131ad983) x19 0x0000e500 mem 0x8001db84
core   0: 0x800016ca (0x28ddfd93) andi    s11, s11, 653
core   0: 3 0x800016ca (0x28ddfd93) x27 0x0000008c
core   0: 0x800016ce (0x131ac683) lbu     a3, 305(s5)
core   0: 3 0x800016ce (0x131ac683) x13 0x00000000 mem 0x8001db84
core   0: 0x800016d2 (0x00bb2fb3) slt     t6, s6, a1
core   0: 3 0x800016d2 (0x00bb2fb3) x31 0x00000001
core   0: 0x800016d6 (0xe49ad503) lhu     a0, -439(s5)
core   0: 3 0x800016d6 (0xe49ad503) x10 0x00003b04 mem 0x8001d89c
core   0: 0x800016da (0xcaea8923) sb      a4, -846(s5)
core   0: 3 0x800016da (0xcaea8923) mem 0x8001d705 0xe4
core   0: 0x800016de (0xcb9a8923) sb      s9, -846(s5)
core   0: 3 0x800016de (0xcb9a8923) mem 0x8001d705 0x0
core   0: 0x800016e2 (0x6a9a8a23) sb      s1, 1716(s5)
core   0: 3 0x800016e2 (0x6a9a8a23) mem 0x8001e107 0x8b
core   0: 0x800016e6 (0x00010497) auipc   s1, 0x10
core   0: 3 0x800016e6 (0x00010497) x 9 0x800116e6
core   0: 0x800016ea (0xc5448493) addi    s1, s1, -940
core   0: 3 0x800016ea (0xc5448493) x 9 0x8001133a
core   0: 0x800016ee (0x0000fe17) auipc   t3, 0xf
core   0: 3 0x800016ee (0x0000fe17) x28 0x800106ee
core   0: 0x800016f2 (0x58fe0e13) addi    t3, t3, 1423
core   0: 3 0x800016f2 (0x58fe0e13) x28 0x80010c7d
core   0: 0x800016f6 (0xffa4ad83) lw      s11, -6(s1)
core   0: 3 0x800016f6 (0xffa4ad83) x27 0x2eca9613 mem 0x80011334
core   0: 0x800016fa (0xfe4e4503) lbu     a0, -28(t3)
core   0: 3 0x800016fa (0xfe4e4503) x10 0x000000b5 mem 0x80010c61
core   0: 0x800016fe (0x01e481a3) sb      t5, 3(s1)
core   0: 3 0x800016fe (0x01e481a3) mem 0x8001133d 0x0
core   0: 0x80001702 (0xffce4303) lbu     t1, -4(t3)
core   0: 3 0x80001702 (0xffce4303) x 6 0x000000a4 mem 0x80010c79
core   0: 0x80001706 (0xff34c603) lbu     a2, -13(s1)
core   0: 3 0x80001706 (0xff34c603) x12 0x000000f1 mem 0x8001132d
core   0: 0x8000170a (0x021e0f03) lb      t5, 33(t3)
core   0: 3 0x8000170a (0x021e0f03) x30 0xffffff88 mem 0x80010c9e
core   0: 0x8000170e (0xffa4d903) lhu     s2, -6(s1)
core   0: 3 0x8000170e (0xffa4d903) x18 0x00009613 mem 0x80011334
core   0: 0x80001712 (0xff74cd03) lbu     s10, -9(s1)
core   0: 3 0x80001712 (0xff74cd03) x26 0x000000f0 mem 0x80011331
core   0: 0x80001716 (0x00349623) sh      gp, 12(s1)
core   0: 3 0x80001716 (0x00349623) mem 0x80011346 0xc3a7
core   0: 0x8000171a (0x030e0f83) lb      t6, 48(t3)
core   0: 3 0x8000171a (0x030e0f83) x31 0x00000046 mem 0x80010cad
core   0: 0x8000171e (0xfdde5d03) lhu     s10, -35(t3)
core   0: 3 0x8000171e (0xfdde5d03) x26 0x0000b7a0 mem 0x80010c5a
core   0: 0x80001722 (0x012486a3) sb      s2, 13(s1)
core   0: 3 0x80001722 (0x012486a3) mem 0x80011347 0x13
core   0: 0x80001726 (0xfc2e0c23) sb      sp, -40(t3)
core   0: 3 0x80001726 (0xfc2e0c23) mem 0x80010c55 0x0
core   0: 0x8000172a (0x00749423) sh      t2, 8(s1)
core   0: 3 0x8000172a (0x00749423) mem 0x80011342 0x0024
core   0: 0x8000172e (0x006e0083) lb      ra, 6(t3)
core   0: 3 0x8000172e (0x006e0083) x 1 0xffffff93 mem 0x80010c83
core   0: 0x80001732 (0x00c002ef) jal     t0, pc + 0xc
core   0: 3 0x80001732 (0x00c002ef) x 5 0x80001736
core   0: 0x8000173e (0x00002811) c.jal   pc + 20
core   0: 3 0x8000173e (0x2811) x 1 0x80001740
core   0: 0x80001752 (0xff9ff2ef) jal     t0, pc - 0x8
core   0: 3 0x80001752 (0xff9ff2ef) x 5 0x80001756
core   0: 0x8000174a (0x0040036f) jal     t1, pc + 0x4
core   0: 3 0x8000174a (0x0040036f) x 6 0x8000174e
core   0: 0x8000174e (0x010000ef) jal     pc + 0x10
core   0: 3 0x8000174e (0x010000ef) x 1 0x80001752
core   0: 0x8000175e (0x00002009) c.jal   pc + 2
core   0: 3 0x8000175e (0x2009) x 1 0x80001760
core   0: 0x80001760 (0xfd9ff0ef) jal     pc - 0x28
core   0: 3 0x80001760 (0xfd9ff0ef) x 1 0x80001764
core   0: 0x80001738 (0x01e000ef) jal     pc + 0x1e
core   0: 3 0x80001738 (0x01e000ef) x 1 0x8000173c
core   0: 0x80001756 (0xfebff36f) jal     t1, pc - 0x16
core   0: 3 0x80001756 (0xfebff36f) x 6 0x8000175a
core   0: 0x80001740 (0xff7ff0ef) jal     pc - 0xa
core   0: 3 0x80001740 (0xff7ff0ef) x 1 0x80001744
core   0: 0x80001736 (0x00002039) c.jal   pc + 14
core   0: 3 0x80001736 (0x2039) x 1 0x80001738
core   0: 0x80001744 (0x004000ef) jal     pc + 0x4
core   0: 3 0x80001744 (0x004000ef) x 1 0x80001748
core   0: 0x80001748 (0x00003fd5) c.jal   pc - 12
core   0: 3 0x80001748 (0x3fd5) x 1 0x8000174a
core   0: 0x8000173c (0x0000a839) c.j     pc + 30
core   0: 3 0x8000173c (0xa839)
core   0: 0x8000175a (0x00a000ef) jal     pc + 0xa
core   0: 3 0x8000175a (0x00a000ef) x 1 0x8000175e
core   0: 0x80001764 (0x407dd5b3) sra     a1, s11, t2
core   0: 3 0x80001764 (0x407dd5b3) x11 0x02eca961
core   0: 0x80001768 (0x004002ef) jal     t0, pc + 0x4
core   0: 3 0x80001768 (0x004002ef) x 5 0x8000176c
core   0: 0x8000176c (0x012002ef) jal     t0, pc + 0x12
core   0: 3 0x8000176c (0x012002ef) x 5 0x80001770
core   0: 0x8000177e (0x00002031) c.jal   pc + 12
core   0: 3 0x8000177e (0x2031) x 1 0x80001780
core   0: 0x8000178a (0xfedff0ef) jal     pc - 0x14
core   0: 3 0x8000178a (0xfedff0ef) x 1 0x8000178e
core   0: 0x80001776 (0xffdff0ef) jal     pc - 0x4
core   0: 3 0x80001776 (0xffdff0ef) x 1 0x8000177a
core   0: 0x80001772 (0x0000a039) c.j     pc + 14
core   0: 3 0x80001772 (0xa039)
core   0: 0x80001780 (0x008000ef) jal     pc + 0x8
core   0: 3 0x80001780 (0x008000ef) x 1 0x80001784
core   0: 0x80001788 (0x0000b7e5) c.j     pc - 24
core   0: 3 0x80001788 (0xb7e5)
core   0: 0x80001770 (0x00002029) c.jal   pc + 10
core   0: 3 0x80001770 (0x2029) x 1 0x80001772
core   0: 0x8000177a (0x0000bfed) c.j     pc - 6
core   0: 3 0x8000177a (0xbfed)
core   0: 0x80001774 (0x0000a809) c.j     pc + 18
core   0: 3 0x80001774 (0xa809)
core   0: 0x80001786 (0x00003fdd) c.jal   pc - 10
core   0: 3 0x80001786 (0x3fdd) x 1 0x80001788
core   0: 0x8000177c (0x00002021) c.jal   pc + 8
core   0: 3 0x8000177c (0x2021) x 1 0x8000177e
core   0: 0x80001784 (0x0000a029) c.j     pc + 10
core   0: 3 0x80001784 (0xa029)
core   0: 0x8000178e (0x2999f697) auipc   a3, 0x2999f
core   0: 3 0x8000178e (0x2999f697) x13 0xa99a078e
core   0: 0x80001792 (0xffe00513) li      a0, -2
core   0: 3 0x80001792 (0xffe00513) x10 0xfffffffe
core   0: 0x80001796 (0x00647f33) and     t5, s0, t1
core   0: 3 0x80001796 (0x00647f33) x30 0x80000000
core   0: 0x8000179a (0x00ae1393) slli    t2, t3, 10
core   0: 3 0x8000179a (0x00ae1393) x 7 0x0431f400
core   0: 0x8000179e (0x011f4eb3) xor     t4, t5, a7
core   0: 3 0x8000179e (0x011f4eb3) x29 0x00025e64
core   0: 0x800017a2 (0x58831437) lui     s0, 0x58831
core   0: 3 0x800017a2 (0x58831437) x 8 0x58831000
core   0: 0x800017a6 (0x01956b33) or      s6, a0, s9
core   0: 3 0x800017a6 (0x01956b33) x22 0xfffffffe
core   0: 0x800017aa (0x026cb433) mulhu   s0, s9, t1
core   0: 3 0x800017aa (0x026cb433) x 8 0x40000bad
core   0: 0x800017ae (0x00000001) c.nop
core   0: 3 0x800017ae (0x0001)
core   0: 0x800017b0 (0x01d28333) add     t1, t0, t4
core   0: 3 0x800017b0 (0x01d28333) x 6 0x800275d4
core   0: 0x800017b4 (0x40dfd813) srai    a6, t6, 13
core   0: 3 0x800017b4 (0x40dfd813) x16 0x00000000
core   0: 0x800017b8 (0x00000505) c.addi  a0, 1
core   0: 3 0x800017b8 (0x0505) x10 0xffffffff
core   0: 0x800017ba (0x01163233) sltu    tp, a2, a7
core   0: 3 0x800017ba (0x01163233) x 4 0x00000001
core   0: 0x800017be (0x001c1913) slli    s2, s8, 1
core   0: 3 0x800017be (0x001c1913) x18 0x00000116
core   0: 0x800017c2 (0x00000db5) c.addi  s11, 13
core   0: 3 0x800017c2 (0x0db5) x27 0x2eca9620
core   0: 0x800017c4 (0x02c533b3) mulhu   t2, a0, a2
core   0: 3 0x800017c4 (0x02c533b3) x 7 0x000000f0
core   0: 0x800017c8 (0x00000001) c.nop
core   0: 3 0x800017c8 (0x0001)
core   0: 0x800017ca (0x00000001) c.nop
core   0: 3 0x800017ca (0x0001)
core   0: 0x800017cc (0x00006e15) c.lui   t3, 0x5
core   0: 3 0x800017cc (0x6e15) x28 0x00005000
core   0: 0x800017ce (0x0000f16d) c.bnez  a0, pc - 30
core   0: 3 0x800017ce (0xf16d)
core   0: 0x800017b0 (0x01d28333) add     t1, t0, t4
core   0: 3 0x800017b0 (0x01d28333) x 6 0x800275d4
core   0: 0x800017b4 (0x40dfd813) srai    a6, t6, 13
core   0: 3 0x800017b4 (0x40dfd813) x16 0x00000000
core   0: 0x800017b8 (0x00000505) c.addi  a0, 1
core   0: 3 0x800017b8 (0x0505) x10 0x00000000
core   0: 0x800017ba (0x01163233) sltu    tp, a2, a7
core   0: 3 0x800017ba (0x01163233) x 4 0x00000001
core   0: 0x800017be (0x001c1913) slli    s2, s8, 1
core   0: 3 0x800017be (0x001c1913) x18 0x00000116
core   0: 0x800017c2 (0x00000db5) c.addi  s11, 13
core   0: 3 0x800017c2 (0x0db5) x27 0x2eca962d
core   0: 0x800017c4 (0x02c533b3) mulhu   t2, a0, a2
core   0: 3 0x800017c4 (0x02c533b3) x 7 0x00000000
core   0: 0x800017c8 (0x00000001) c.nop
core   0: 3 0x800017c8 (0x0001)
core   0: 0x800017ca (0x00000001) c.nop
core   0: 3 0x800017ca (0x0001)
core   0: 0x800017cc (0x00006e15) c.lui   t3, 0x5
core   0: 3 0x800017cc (0x6e15) x28 0x00005000
core   0: 0x800017ce (0x0000f16d) c.bnez  a0, pc - 30
core   0: 3 0x800017ce (0xf16d)
core   0: 0x800017d0 (0x0034c633) xor     a2, s1, gp
core   0: 3 0x800017d0 (0x0034c633) x12 0x8001d09d
core   0: 0x800017d4 (0x018002ef) jal     t0, pc + 0x18
core   0: 3 0x800017d4 (0x018002ef) x 5 0x800017d8
core   0: 0x800017ec (0x0000bfdd) c.j     pc - 10
core   0: 3 0x800017ec (0xbfdd)
core   0: 0x800017e2 (0x014009ef) jal     s3, pc + 0x14
core   0: 3 0x800017e2 (0x014009ef) x19 0x800017e6
core   0: 0x800017f6 (0x0000a03d) c.j     pc + 46
core   0: 3 0x800017f6 (0xa03d)
core   0: 0x80001824 (0x0000b7c9) c.j     pc - 62
core   0: 3 0x80001824 (0xb7c9)
core   0: 0x800017e6 (0x01c000ef) jal     pc + 0x1c
core   0: 3 0x800017e6 (0x01c000ef) x 1 0x800017ea
core   0: 0x80001802 (0x00002801) c.jal   pc + 16
core   0: 3 0x80001802 (0x2801) x 1 0x80001804
core   0: 0x80001812 (0x00003fe5) c.jal   pc - 8
core   0: 3 0x80001812 (0x3fe5) x 1 0x80001814
core   0: 0x8000180a (0x000037f9) c.jal   pc - 50
core   0: 3 0x8000180a (0x37f9) x 1 0x8000180c
core   0: 0x800017d8 (0x0000a00d) c.j     pc + 34
core   0: 3 0x800017d8 (0xa00d)
core   0: 0x800017fa (0x0160036f) jal     t1, pc + 0x16
core   0: 3 0x800017fa (0x0160036f) x 6 0x800017fe
core   0: 0x80001810 (0x0000bff9) c.j     pc - 34
core   0: 3 0x80001810 (0xbff9)
core   0: 0x800017ee (0x0000280d) c.jal   pc + 50
core   0: 3 0x800017ee (0x280d) x 1 0x800017f0
core   0: 0x80001820 (0xfe5ff36f) jal     t1, pc - 0x1c
core   0: 3 0x80001820 (0xfe5ff36f) x 6 0x80001824
core   0: 0x80001804 (0xfdbff0ef) jal     pc - 0x26
core   0: 3 0x80001804 (0xfdbff0ef) x 1 0x80001808
core   0: 0x800017de (0x01600b6f) jal     s6, pc + 0x16
core   0: 3 0x800017de (0x01600b6f) x22 0x800017e2
core   0: 0x800017f4 (0x0000b7dd) c.j     pc - 26
core   0: 3 0x800017f4 (0xb7dd)
core   0: 0x800017da (0x0160036f) jal     t1, pc + 0x16
core   0: 3 0x800017da (0x0160036f) x 6 0x800017de
core   0: 0x800017f0 (0x00002831) c.jal   pc + 28
core   0: 3 0x800017f0 (0x2831) x 1 0x800017f2
core   0: 0x8000180c (0x000037f5) c.jal   pc - 20
core   0: 3 0x8000180c (0x37f5) x 1 0x8000180e
core   0: 0x800017f8 (0x00002819) c.jal   pc + 22
core   0: 3 0x800017f8 (0x2819) x 1 0x800017fa
core   0: 0x8000180e (0x0000a039) c.j     pc + 14
core   0: 3 0x8000180e (0xa039)
core   0: 0x8000181c (0xfedff2ef) jal     t0, pc - 0x14
core   0: 3 0x8000181c (0xfedff2ef) x 5 0x80001820
core   0: 0x80001808 (0x000037ed) c.jal   pc - 22
core   0: 3 0x80001808 (0x37ed) x 1 0x8000180a
core   0: 0x800017f2 (0x00003fe5) c.jal   pc - 8
core   0: 3 0x800017f2 (0x3fe5) x 1 0x800017f4
core   0: 0x800017ea (0x0000a805) c.j     pc + 48
core   0: 3 0x800017ea (0xa805)
core   0: 0x8000181a (0x0000bff5) c.j     pc - 4
core   0: 3 0x8000181a (0xbff5)
core   0: 0x80001816 (0xfe9ff1ef) jal     gp, pc - 0x18
core   0: 3 0x80001816 (0xfe9ff1ef) x 3 0x8000181a
core   0: 0x800017fe (0x016000ef) jal     pc + 0x16
core   0: 3 0x800017fe (0x016000ef) x 1 0x80001802
core   0: 0x80001814 (0x00002809) c.jal   pc + 18
core   0: 3 0x80001814 (0x2809) x 1 0x80001816
core   0: 0x80001826 (0x00000bde) c.slli  s7, 23
core   0: 3 0x80001826 (0x0bde) x23 0x45800000
core   0: 0x80001828 (0x00700d13) li      s10, 7
core   0: 3 0x80001828 (0x00700d13) x26 0x00000007
core   0: 0x8000182c (0x02fcb233) mulhu   tp, s9, a5
core   0: 3 0x8000182c (0x02fcb233) x 4 0x00000581
core   0: 0x80001830 (0x8994ff93) andi    t6, s1, -1895
core   0: 3 0x80001830 (0x8994ff93) x31 0x80011018
core   0: 0x80001834 (0xfee00f13) li      t5, -18
core   0: 3 0x80001834 (0xfee00f13) x30 0xffffffee
core   0: 0x80001838 (0x00871b13) slli    s6, a4, 8
core   0: 3 0x80001838 (0x00871b13) x22 0x029ce400
core   0: 0x8000183c (0x03ea6b33) rem     s6, s4, t5
core   0: 3 0x8000183c (0x03ea6b33) x22 0x00000000
core   0: 0x80001840 (0x00008d31) c.xor   a0, a2
core   0: 3 0x80001840 (0x8d31) x10 0x8001d09d
core   0: 0x80001842 (0x8c85a613) slti    a2, a1, -1848
core   0: 3 0x80001842 (0x8c85a613) x12 0x00000000
core   0: 0x80001846 (0x00001d6d) c.addi  s10, -5
core   0: 3 0x80001846 (0x1d6d) x26 0x00000002
core   0: 0x80001848 (0x1b487e13) andi    t3, a6, 436
core   0: 3 0x80001848 (0x1b487e13) x28 0x00000000
core   0: 0x8000184c (0xff600493) li      s1, -10
core   0: 3 0x8000184c (0xff600493) x 9 0xfffffff6
core   0: 0x80001850 (0x00e00a13) li      s4, 14
core   0: 3 0x80001850 (0x00e00a13) x20 0x0000000e
core   0: 0x80001854 (0x00004555) c.li    a0, 21
core   0: 3 0x80001854 (0x4555) x10 0x00000015
core   0: 0x80001856 (0x020b33b3) mulhu   t2, s6, zero
core   0: 3 0x80001856 (0x020b33b3) x 7 0x00000000
core   0: 0x8000185a (0x000099fd) c.andi  a1, -1
core   0: 3 0x8000185a (0x99fd) x11 0x02eca961
core   0: 0x8000185c (0x413152b3) sra     t0, sp, s3
core   0: 3 0x8000185c (0x413152b3) x 5 0xfe600000
core   0: 0x80001860 (0x03a93333) mulhu   t1, s2, s10
core   0: 3 0x80001860 (0x03a93333) x 6 0x00000000
core   0: 0x80001864 (0x032c7c33) remu    s8, s8, s2
core   0: 3 0x80001864 (0x032c7c33) x24 0x0000008b
core   0: 0x80001868 (0x00005efd) c.li    t4, -1
core   0: 3 0x80001868 (0x5efd) x29 0xffffffff
core   0: 0x8000186a (0x000004a5) c.addi  s1, 9
core   0: 3 0x8000186a (0x04a5) x 9 0xffffffff
core   0: 0x8000186c (0x00008d49) c.or    a0, a0
core   0: 3 0x8000186c (0x8d49) x10 0x00000015
core   0: 0x8000186e (0xff44c6e3) blt     s1, s4, pc - 20
core   0: 3 0x8000186e (0xff44c6e3)
core   0: 0x8000185a (0x000099fd) c.andi  a1, -1
core   0: 3 0x8000185a (0x99fd) x11 0x02eca961
core   0: 0x8000185c (0x413152b3) sra     t0, sp, s3
core   0: 3 0x8000185c (0x413152b3) x 5 0xfe600000
core   0: 0x80001860 (0x03a93333) mulhu   t1, s2, s10
core   0: 3 0x80001860 (0x03a93333) x 6 0x00000000
core   0: 0x80001864 (0x032c7c33) remu    s8, s8, s2
core   0: 3 0x80001864 (0x032c7c33) x24 0x0000008b
core   0: 0x80001868 (0x00005efd) c.li    t4, -1
core   0: 3 0x80001868 (0x5efd) x29 0xffffffff
core   0: 0x8000186a (0x000004a5) c.addi  s1, 9
core   0: 3 0x8000186a (0x04a5) x 9 0x00000008
core   0: 0x8000186c (0x00008d49) c.or    a0, a0
core   0: 3 0x8000186c (0x8d49) x10 0x00000015
core   0: 0x8000186e (0xff44c6e3) blt     s1, s4, pc - 20
core   0: 3 0x8000186e (0xff44c6e3)
core   0: 0x8000185a (0x000099fd) c.andi  a1, -1
core   0: 3 0x8000185a (0x99fd) x11 0x02eca961
core   0: 0x8000185c (0x413152b3) sra     t0, sp, s3
core   0: 3 0x8000185c (0x413152b3) x 5 0xfe600000
core   0: 0x80001860 (0x03a93333) mulhu   t1, s2, s10
core   0: 3 0x80001860 (0x03a93333) x 6 0x00000000
core   0: 0x80001864 (0x032c7c33) remu    s8, s8, s2
core   0: 3 0x80001864 (0x032c7c33) x24 0x0000008b
core   0: 0x80001868 (0x00005efd) c.li    t4, -1
core   0: 3 0x80001868 (0x5efd) x29 0xffffffff
core   0: 0x8000186a (0x000004a5) c.addi  s1, 9
core   0: 3 0x8000186a (0x04a5) x 9 0x00000011
core   0: 0x8000186c (0x00008d49) c.or    a0, a0
core   0: 3 0x8000186c (0x8d49) x10 0x00000015
core   0: 0x8000186e (0xff44c6e3) blt     s1, s4, pc - 20
core   0: 3 0x8000186e (0xff44c6e3)
core   0: 0x80001872 (0x031f3533) mulhu   a0, t5, a7
core   0: 3 0x80001872 (0x031f3533) x10 0x80025e5a
core   0: 0x80001876 (0xfded55e3) bge     s10, t5, pc - 54
core   0: 3 0x80001876 (0xfded55e3)
core   0: 0x80001840 (0x00008d31) c.xor   a0, a2
core   0: 3 0x80001840 (0x8d31) x10 0x80025e5a
core   0: 0x80001842 (0x8c85a613) slti    a2, a1, -1848
core   0: 3 0x80001842 (0x8c85a613) x12 0x00000000
core   0: 0x80001846 (0x00001d6d) c.addi  s10, -5
core   0: 3 0x80001846 (0x1d6d) x26 0xfffffffd
core   0: 0x80001848 (0x1b487e13) andi    t3, a6, 436
core   0: 3 0x80001848 (0x1b487e13) x28 0x00000000
core   0: 0x8000184c (0xff600493) li      s1, -10
core   0: 3 0x8000184c (0xff600493) x 9 0xfffffff6
core   0: 0x80001850 (0x00e00a13) li      s4, 14
core   0: 3 0x80001850 (0x00e00a13) x20 0x0000000e
core   0: 0x80001854 (0x00004555) c.li    a0, 21
core   0: 3 0x80001854 (0x4555) x10 0x00000015
core   0: 0x80001856 (0x020b33b3) mulhu   t2, s6, zero
core   0: 3 0x80001856 (0x020b33b3) x 7 0x00000000
core   0: 0x8000185a (0x000099fd) c.andi  a1, -1
core   0: 3 0x8000185a (0x99fd) x11 0x02eca961
core   0: 0x8000185c (0x413152b3) sra     t0, sp, s3
core   0: 3 0x8000185c (0x413152b3) x 5 0xfe600000
core   0: 0x80001860 (0x03a93333) mulhu   t1, s2, s10
core   0: 3 0x80001860 (0x03a93333) x 6 0x00000115
core   0: 0x80001864 (0x032c7c33) remu    s8, s8, s2
core   0: 3 0x80001864 (0x032c7c33) x24 0x0000008b
core   0: 0x80001868 (0x00005efd) c.li    t4, -1
core   0: 3 0x80001868 (0x5efd) x29 0xffffffff
core   0: 0x8000186a (0x000004a5) c.addi  s1, 9
core   0: 3 0x8000186a (0x04a5) x 9 0xffffffff
core   0: 0x8000186c (0x00008d49) c.or    a0, a0
core   0: 3 0x8000186c (0x8d49) x10 0x00000015
core   0: 0x8000186e (0xff44c6e3) blt     s1, s4, pc - 20
core   0: 3 0x8000186e (0xff44c6e3)
core   0: 0x8000185a (0x000099fd) c.andi  a1, -1
core   0: 3 0x8000185a (0x99fd) x11 0x02eca961
core   0: 0x8000185c (0x413152b3) sra     t0, sp, s3
core   0: 3 0x8000185c (0x413152b3) x 5 0xfe600000
core   0: 0x80001860 (0x03a93333) mulhu   t1, s2, s10
core   0: 3 0x80001860 (0x03a93333) x 6 0x00000115
core   0: 0x80001864 (0x032c7c33) remu    s8, s8, s2
core   0: 3 0x80001864 (0x032c7c33) x24 0x0000008b
core   0: 0x80001868 (0x00005efd) c.li    t4, -1
core   0: 3 0x80001868 (0x5efd) x29 0xffffffff
core   0: 0x8000186a (0x000004a5) c.addi  s1, 9
core   0: 3 0x8000186a (0x04a5) x 9 0x00000008
core   0: 0x8000186c (0x00008d49) c.or    a0, a0
core   0: 3 0x8000186c (0x8d49) x10 0x00000015
core   0: 0x8000186e (0xff44c6e3) blt     s1, s4, pc - 20
core   0: 3 0x8000186e (0xff44c6e3)
core   0: 0x8000185a (0x000099fd) c.andi  a1, -1
core   0: 3 0x8000185a (0x99fd) x11 0x02eca961
core   0: 0x8000185c (0x413152b3) sra     t0, sp, s3
core   0: 3 0x8000185c (0x413152b3) x 5 0xfe600000
core   0: 0x80001860 (0x03a93333) mulhu   t1, s2, s10
core   0: 3 0x80001860 (0x03a93333) x 6 0x00000115
core   0: 0x80001864 (0x032c7c33) remu    s8, s8, s2
core   0: 3 0x80001864 (0x032c7c33) x24 0x0000008b
core   0: 0x80001868 (0x00005efd) c.li    t4, -1
core   0: 3 0x80001868 (0x5efd) x29 0xffffffff
core   0: 0x8000186a (0x000004a5) c.addi  s1, 9
core   0: 3 0x8000186a (0x04a5) x 9 0x00000011
core   0: 0x8000186c (0x00008d49) c.or    a0, a0
core   0: 3 0x8000186c (0x8d49) x10 0x00000015
core   0: 0x8000186e (0xff44c6e3) blt     s1, s4, pc - 20
core   0: 3 0x8000186e (0xff44c6e3)
core   0: 0x80001872 (0x031f3533) mulhu   a0, t5, a7
core   0: 3 0x80001872 (0x031f3533) x10 0x80025e5a
core   0: 0x80001876 (0xfded55e3) bge     s10, t5, pc - 54
core   0: 3 0x80001876 (0xfded55e3)
core   0: 0x80001840 (0x00008d31) c.xor   a0, a2
core   0: 3 0x80001840 (0x8d31) x10 0x80025e5a
core   0: 0x80001842 (0x8c85a613) slti    a2, a1, -1848
core   0: 3 0x80001842 (0x8c85a613) x12 0x00000000
core   0: 0x80001846 (0x00001d6d) c.addi  s10, -5
core   0: 3 0x80001846 (0x1d6d) x26 0xfffffff8
core   0: 0x80001848 (0x1b487e13) andi    t3, a6, 436
core   0: 3 0x80001848 (0x1b487e13) x28 0x00000000
core   0: 0x8000184c (0xff600493) li      s1, -10
core   0: 3 0x8000184c (0xff600493) x 9 0xfffffff6
core   0: 0x80001850 (0x00e00a13) li      s4, 14
core   0: 3 0x80001850 (0x00e00a13) x20 0x0000000e
core   0: 0x80001854 (0x00004555) c.li    a0, 21
core   0: 3 0x80001854 (0x4555) x10 0x00000015
core   0: 0x80001856 (0x020b33b3) mulhu   t2, s6, zero
core   0: 3 0x80001856 (0x020b33b3) x 7 0x00000000
core   0: 0x8000185a (0x000099fd) c.andi  a1, -1
core   0: 3 0x8000185a (0x99fd) x11 0x02eca961
core   0: 0x8000185c (0x413152b3) sra     t0, sp, s3
core   0: 3 0x8000185c (0x413152b3) x 5 0xfe600000
core   0: 0x80001860 (0x03a93333) mulhu   t1, s2, s10
core   0: 3 0x80001860 (0x03a93333) x 6 0x00000115
core   0: 0x80001864 (0x032c7c33) remu    s8, s8, s2
core   0: 3 0x80001864 (0x032c7c33) x24 0x0000008b
core   0: 0x80001868 (0x00005efd) c.li    t4, -1
core   0: 3 0x80001868 (0x5efd) x29 0xffffffff
core   0: 0x8000186a (0x000004a5) c.addi  s1, 9
core   0: 3 0x8000186a (0x04a5) x 9 0xffffffff
core   0: 0x8000186c (0x00008d49) c.or    a0, a0
core   0: 3 0x8000186c (0x8d49) x10 0x00000015
core   0: 0x8000186e (0xff44c6e3) blt     s1, s4, pc - 20
core   0: 3 0x8000186e (0xff44c6e3)
core   0: 0x8000185a (0x000099fd) c.andi  a1, -1
core   0: 3 0x8000185a (0x99fd) x11 0x02eca961
core   0: 0x8000185c (0x413152b3) sra     t0, sp, s3
core   0: 3 0x8000185c (0x413152b3) x 5 0xfe600000
core   0: 0x80001860 (0x03a93333) mulhu   t1, s2, s10
core   0: 3 0x80001860 (0x03a93333) x 6 0x00000115
core   0: 0x80001864 (0x032c7c33) remu    s8, s8, s2
core   0: 3 0x80001864 (0x032c7c33) x24 0x0000008b
core   0: 0x80001868 (0x00005efd) c.li    t4, -1
core   0: 3 0x80001868 (0x5efd) x29 0xffffffff
core   0: 0x8000186a (0x000004a5) c.addi  s1, 9
core   0: 3 0x8000186a (0x04a5) x 9 0x00000008
core   0: 0x8000186c (0x00008d49) c.or    a0, a0
core   0: 3 0x8000186c (0x8d49) x10 0x00000015
core   0: 0x8000186e (0xff44c6e3) blt     s1, s4, pc - 20
core   0: 3 0x8000186e (0xff44c6e3)
core   0: 0x8000185a (0x000099fd) c.andi  a1, -1
core   0: 3 0x8000185a (0x99fd) x11 0x02eca961
core   0: 0x8000185c (0x413152b3) sra     t0, sp, s3
core   0: 3 0x8000185c (0x413152b3) x 5 0xfe600000
core   0: 0x80001860 (0x03a93333) mulhu   t1, s2, s10
core   0: 3 0x80001860 (0x03a93333) x 6 0x00000115
core   0: 0x80001864 (0x032c7c33) remu    s8, s8, s2
core   0: 3 0x80001864 (0x032c7c33) x24 0x0000008b
core   0: 0x80001868 (0x00005efd) c.li    t4, -1
core   0: 3 0x80001868 (0x5efd) x29 0xffffffff
core   0: 0x8000186a (0x000004a5) c.addi  s1, 9
core   0: 3 0x8000186a (0x04a5) x 9 0x00000011
core   0: 0x8000186c (0x00008d49) c.or    a0, a0
core   0: 3 0x8000186c (0x8d49) x10 0x00000015
core   0: 0x8000186e (0xff44c6e3) blt     s1, s4, pc - 20
core   0: 3 0x8000186e (0xff44c6e3)
core   0: 0x80001872 (0x031f3533) mulhu   a0, t5, a7
core   0: 3 0x80001872 (0x031f3533) x10 0x80025e5a
core   0: 0x80001876 (0xfded55e3) bge     s10, t5, pc - 54
core   0: 3 0x80001876 (0xfded55e3)
core   0: 0x80001840 (0x00008d31) c.xor   a0, a2
core   0: 3 0x80001840 (0x8d31) x10 0x80025e5a
core   0: 0x80001842 (0x8c85a613) slti    a2, a1, -1848
core   0: 3 0x80001842 (0x8c85a613) x12 0x00000000
core   0: 0x80001846 (0x00001d6d) c.addi  s10, -5
core   0: 3 0x80001846 (0x1d6d) x26 0xfffffff3
core   0: 0x80001848 (0x1b487e13) andi    t3, a6, 436
core   0: 3 0x80001848 (0x1b487e13) x28 0x00000000
core   0: 0x8000184c (0xff600493) li      s1, -10
core   0: 3 0x8000184c (0xff600493) x 9 0xfffffff6
core   0: 0x80001850 (0x00e00a13) li      s4, 14
core   0: 3 0x80001850 (0x00e00a13) x20 0x0000000e
core   0: 0x80001854 (0x00004555) c.li    a0, 21
core   0: 3 0x80001854 (0x4555) x10 0x00000015
core   0: 0x80001856 (0x020b33b3) mulhu   t2, s6, zero
core   0: 3 0x80001856 (0x020b33b3) x 7 0x00000000
core   0: 0x8000185a (0x000099fd) c.andi  a1, -1
core   0: 3 0x8000185a (0x99fd) x11 0x02eca961
core   0: 0x8000185c (0x413152b3) sra     t0, sp, s3
core   0: 3 0x8000185c (0x413152b3) x 5 0xfe600000
core   0: 0x80001860 (0x03a93333) mulhu   t1, s2, s10
core   0: 3 0x80001860 (0x03a93333) x 6 0x00000115
core   0: 0x80001864 (0x032c7c33) remu    s8, s8, s2
core   0: 3 0x80001864 (0x032c7c33) x24 0x0000008b
core   0: 0x80001868 (0x00005efd) c.li    t4, -1
core   0: 3 0x80001868 (0x5efd) x29 0xffffffff
core   0: 0x8000186a (0x000004a5) c.addi  s1, 9
core   0: 3 0x8000186a (0x04a5) x 9 0xffffffff
core   0: 0x8000186c (0x00008d49) c.or    a0, a0
core   0: 3 0x8000186c (0x8d49) x10 0x00000015
core   0: 0x8000186e (0xff44c6e3) blt     s1, s4, pc - 20
core   0: 3 0x8000186e (0xff44c6e3)
core   0: 0x8000185a (0x000099fd) c.andi  a1, -1
core   0: 3 0x8000185a (0x99fd) x11 0x02eca961
core   0: 0x8000185c (0x413152b3) sra     t0, sp, s3
core   0: 3 0x8000185c (0x413152b3) x 5 0xfe600000
core   0: 0x80001860 (0x03a93333) mulhu   t1, s2, s10
core   0: 3 0x80001860 (0x03a93333) x 6 0x00000115
core   0: 0x80001864 (0x032c7c33) remu    s8, s8, s2
core   0: 3 0x80001864 (0x032c7c33) x24 0x0000008b
core   0: 0x80001868 (0x00005efd) c.li    t4, -1
core   0: 3 0x80001868 (0x5efd) x29 0xffffffff
core   0: 0x8000186a (0x000004a5) c.addi  s1, 9
core   0: 3 0x8000186a (0x04a5) x 9 0x00000008
core   0: 0x8000186c (0x00008d49) c.or    a0, a0
core   0: 3 0x8000186c (0x8d49) x10 0x00000015
core   0: 0x8000186e (0xff44c6e3) blt     s1, s4, pc - 20
core   0: 3 0x8000186e (0xff44c6e3)
core   0: 0x8000185a (0x000099fd) c.andi  a1, -1
core   0: 3 0x8000185a (0x99fd) x11 0x02eca961
core   0: 0x8000185c (0x413152b3) sra     t0, sp, s3
core   0: 3 0x8000185c (0x413152b3) x 5 0xfe600000
core   0: 0x80001860 (0x03a93333) mulhu   t1, s2, s10
core   0: 3 0x80001860 (0x03a93333) x 6 0x00000115
core   0: 0x80001864 (0x032c7c33) remu    s8, s8, s2
core   0: 3 0x80001864 (0x032c7c33) x24 0x0000008b
core   0: 0x80001868 (0x00005efd) c.li    t4, -1
core   0: 3 0x80001868 (0x5efd) x29 0xffffffff
core   0: 0x8000186a (0x000004a5) c.addi  s1, 9
core   0: 3 0x8000186a (0x04a5) x 9 0x00000011
core   0: 0x8000186c (0x00008d49) c.or    a0, a0
core   0: 3 0x8000186c (0x8d49) x10 0x00000015
core   0: 0x8000186e (0xff44c6e3) blt     s1, s4, pc - 20
core   0: 3 0x8000186e (0xff44c6e3)
core   0: 0x80001872 (0x031f3533) mulhu   a0, t5, a7
core   0: 3 0x80001872 (0x031f3533) x10 0x80025e5a
core   0: 0x80001876 (0xfded55e3) bge     s10, t5, pc - 54
core   0: 3 0x80001876 (0xfded55e3)
core   0: 0x80001840 (0x00008d31) c.xor   a0, a2
core   0: 3 0x80001840 (0x8d31) x10 0x80025e5a
core   0: 0x80001842 (0x8c85a613) slti    a2, a1, -1848
core   0: 3 0x80001842 (0x8c85a613) x12 0x00000000
core   0: 0x80001846 (0x00001d6d) c.addi  s10, -5
core   0: 3 0x80001846 (0x1d6d) x26 0xffffffee
core   0: 0x80001848 (0x1b487e13) andi    t3, a6, 436
core   0: 3 0x80001848 (0x1b487e13) x28 0x00000000
core   0: 0x8000184c (0xff600493) li      s1, -10
core   0: 3 0x8000184c (0xff600493) x 9 0xfffffff6
core   0: 0x80001850 (0x00e00a13) li      s4, 14
core   0: 3 0x80001850 (0x00e00a13) x20 0x0000000e
core   0: 0x80001854 (0x00004555) c.li    a0, 21
core   0: 3 0x80001854 (0x4555) x10 0x00000015
core   0: 0x80001856 (0x020b33b3) mulhu   t2, s6, zero
core   0: 3 0x80001856 (0x020b33b3) x 7 0x00000000
core   0: 0x8000185a (0x000099fd) c.andi  a1, -1
core   0: 3 0x8000185a (0x99fd) x11 0x02eca961
core   0: 0x8000185c (0x413152b3) sra     t0, sp, s3
core   0: 3 0x8000185c (0x413152b3) x 5 0xfe600000
core   0: 0x80001860 (0x03a93333) mulhu   t1, s2, s10
core   0: 3 0x80001860 (0x03a93333) x 6 0x00000115
core   0: 0x80001864 (0x032c7c33) remu    s8, s8, s2
core   0: 3 0x80001864 (0x032c7c33) x24 0x0000008b
core   0: 0x80001868 (0x00005efd) c.li    t4, -1
core   0: 3 0x80001868 (0x5efd) x29 0xffffffff
core   0: 0x8000186a (0x000004a5) c.addi  s1, 9
core   0: 3 0x8000186a (0x04a5) x 9 0xffffffff
core   0: 0x8000186c (0x00008d49) c.or    a0, a0
core   0: 3 0x8000186c (0x8d49) x10 0x00000015
core   0: 0x8000186e (0xff44c6e3) blt     s1, s4, pc - 20
core   0: 3 0x8000186e (0xff44c6e3)
core   0: 0x8000185a (0x000099fd) c.andi  a1, -1
core   0: 3 0x8000185a (0x99fd) x11 0x02eca961
core   0: 0x8000185c (0x413152b3) sra     t0, sp, s3
core   0: 3 0x8000185c (0x413152b3) x 5 0xfe600000
core   0: 0x80001860 (0x03a93333) mulhu   t1, s2, s10
core   0: 3 0x80001860 (0x03a93333) x 6 0x00000115
core   0: 0x80001864 (0x032c7c33) remu    s8, s8, s2
core   0: 3 0x80001864 (0x032c7c33) x24 0x0000008b
core   0: 0x80001868 (0x00005efd) c.li    t4, -1
core   0: 3 0x80001868 (0x5efd) x29 0xffffffff
core   0: 0x8000186a (0x000004a5) c.addi  s1, 9
core   0: 3 0x8000186a (0x04a5) x 9 0x00000008
core   0: 0x8000186c (0x00008d49) c.or    a0, a0
core   0: 3 0x8000186c (0x8d49) x10 0x00000015
core   0: 0x8000186e (0xff44c6e3) blt     s1, s4, pc - 20
core   0: 3 0x8000186e (0xff44c6e3)
core   0: 0x8000185a (0x000099fd) c.andi  a1, -1
core   0: 3 0x8000185a (0x99fd) x11 0x02eca961
core   0: 0x8000185c (0x413152b3) sra     t0, sp, s3
core   0: 3 0x8000185c (0x413152b3) x 5 0xfe600000
core   0: 0x80001860 (0x03a93333) mulhu   t1, s2, s10
core   0: 3 0x80001860 (0x03a93333) x 6 0x00000115
core   0: 0x80001864 (0x032c7c33) remu    s8, s8, s2
core   0: 3 0x80001864 (0x032c7c33) x24 0x0000008b
core   0: 0x80001868 (0x00005efd) c.li    t4, -1
core   0: 3 0x80001868 (0x5efd) x29 0xffffffff
core   0: 0x8000186a (0x000004a5) c.addi  s1, 9
core   0: 3 0x8000186a (0x04a5) x 9 0x00000011
core   0: 0x8000186c (0x00008d49) c.or    a0, a0
core   0: 3 0x8000186c (0x8d49) x10 0x00000015
core   0: 0x8000186e (0xff44c6e3) blt     s1, s4, pc - 20
core   0: 3 0x8000186e (0xff44c6e3)
core   0: 0x80001872 (0x031f3533) mulhu   a0, t5, a7
core   0: 3 0x80001872 (0x031f3533) x10 0x80025e5a
core   0: 0x80001876 (0xfded55e3) bge     s10, t5, pc - 54
core   0: 3 0x80001876 (0xfded55e3)
core   0: 0x80001840 (0x00008d31) c.xor   a0, a2
core   0: 3 0x80001840 (0x8d31) x10 0x80025e5a
core   0: 0x80001842 (0x8c85a613) slti    a2, a1, -1848
core   0: 3 0x80001842 (0x8c85a613) x12 0x00000000
core   0: 0x80001846 (0x00001d6d) c.addi  s10, -5
core   0: 3 0x80001846 (0x1d6d) x26 0xffffffe9
core   0: 0x80001848 (0x1b487e13) andi    t3, a6, 436
core   0: 3 0x80001848 (0x1b487e13) x28 0x00000000
core   0: 0x8000184c (0xff600493) li      s1, -10
core   0: 3 0x8000184c (0xff600493) x 9 0xfffffff6
core   0: 0x80001850 (0x00e00a13) li      s4, 14
core   0: 3 0x80001850 (0x00e00a13) x20 0x0000000e
core   0: 0x80001854 (0x00004555) c.li    a0, 21
core   0: 3 0x80001854 (0x4555) x10 0x00000015
core   0: 0x80001856 (0x020b33b3) mulhu   t2, s6, zero
core   0: 3 0x80001856 (0x020b33b3) x 7 0x00000000
core   0: 0x8000185a (0x000099fd) c.andi  a1, -1
core   0: 3 0x8000185a (0x99fd) x11 0x02eca961
core   0: 0x8000185c (0x413152b3) sra     t0, sp, s3
core   0: 3 0x8000185c (0x413152b3) x 5 0xfe600000
core   0: 0x80001860 (0x03a93333) mulhu   t1, s2, s10
core   0: 3 0x80001860 (0x03a93333) x 6 0x00000115
core   0: 0x80001864 (0x032c7c33) remu    s8, s8, s2
core   0: 3 0x80001864 (0x032c7c33) x24 0x0000008b
core   0: 0x80001868 (0x00005efd) c.li    t4, -1
core   0: 3 0x80001868 (0x5efd) x29 0xffffffff
core   0: 0x8000186a (0x000004a5) c.addi  s1, 9
core   0: 3 0x8000186a (0x04a5) x 9 0xffffffff
core   0: 0x8000186c (0x00008d49) c.or    a0, a0
core   0: 3 0x8000186c (0x8d49) x10 0x00000015
core   0: 0x8000186e (0xff44c6e3) blt     s1, s4, pc - 20
core   0: 3 0x8000186e (0xff44c6e3)
core   0: 0x8000185a (0x000099fd) c.andi  a1, -1
core   0: 3 0x8000185a (0x99fd) x11 0x02eca961
core   0: 0x8000185c (0x413152b3) sra     t0, sp, s3
core   0: 3 0x8000185c (0x413152b3) x 5 0xfe600000
core   0: 0x80001860 (0x03a93333) mulhu   t1, s2, s10
core   0: 3 0x80001860 (0x03a93333) x 6 0x00000115
core   0: 0x80001864 (0x032c7c33) remu    s8, s8, s2
core   0: 3 0x80001864 (0x032c7c33) x24 0x0000008b
core   0: 0x80001868 (0x00005efd) c.li    t4, -1
core   0: 3 0x80001868 (0x5efd) x29 0xffffffff
core   0: 0x8000186a (0x000004a5) c.addi  s1, 9
core   0: 3 0x8000186a (0x04a5) x 9 0x00000008
core   0: 0x8000186c (0x00008d49) c.or    a0, a0
core   0: 3 0x8000186c (0x8d49) x10 0x00000015
core   0: 0x8000186e (0xff44c6e3) blt     s1, s4, pc - 20
core   0: 3 0x8000186e (0xff44c6e3)
core   0: 0x8000185a (0x000099fd) c.andi  a1, -1
core   0: 3 0x8000185a (0x99fd) x11 0x02eca961
core   0: 0x8000185c (0x413152b3) sra     t0, sp, s3
core   0: 3 0x8000185c (0x413152b3) x 5 0xfe600000
core   0: 0x80001860 (0x03a93333) mulhu   t1, s2, s10
core   0: 3 0x80001860 (0x03a93333) x 6 0x00000115
core   0: 0x80001864 (0x032c7c33) remu    s8, s8, s2
core   0: 3 0x80001864 (0x032c7c33) x24 0x0000008b
core   0: 0x80001868 (0x00005efd) c.li    t4, -1
core   0: 3 0x80001868 (0x5efd) x29 0xffffffff
core   0: 0x8000186a (0x000004a5) c.addi  s1, 9
core   0: 3 0x8000186a (0x04a5) x 9 0x00000011
core   0: 0x8000186c (0x00008d49) c.or    a0, a0
core   0: 3 0x8000186c (0x8d49) x10 0x00000015
core   0: 0x8000186e (0xff44c6e3) blt     s1, s4, pc - 20
core   0: 3 0x8000186e (0xff44c6e3)
core   0: 0x80001872 (0x031f3533) mulhu   a0, t5, a7
core   0: 3 0x80001872 (0x031f3533) x10 0x80025e5a
core   0: 0x80001876 (0xfded55e3) bge     s10, t5, pc - 54
core   0: 3 0x80001876 (0xfded55e3)
core   0: 0x8000187a (0x000081dd) c.srli  a1, 23
core   0: 3 0x8000187a (0x81dd) x11 0x00000005
core   0: 0x8000187c (0x0001e117) auipc   sp, 0x1e
core   0: 3 0x8000187c (0x0001e117) x 2 0x8001f87c
core   0: 0x80001880 (0x22710113) addi    sp, sp, 551
core   0: 3 0x80001880 (0x22710113) x 2 0x8001faa3
core   0: 0x80001884 (0xf7a10503) lb      a0, -134(sp)
core   0: 3 0x80001884 (0xf7a10503) x10 0xffffffeb mem 0x8001fa1d
core   0: 0x80001888 (0xf7a14603) lbu     a2, -134(sp)
core   0: 3 0x80001888 (0xf7a14603) x12 0x000000eb mem 0x8001fa1d
core   0: 0x8000188c (0x05110aa3) sb      a7, 85(sp)
core   0: 3 0x8000188c (0x05110aa3) mem 0x8001faf8 0x64
core   0: 0x80001890 (0x04c10aa3) sb      a2, 85(sp)
core   0: 3 0x80001890 (0x04c10aa3) mem 0x8001faf8 0xeb
core   0: 0x80001894 (0x04711aa3) sh      t2, 85(sp)
core   0: 3 0x80001894 (0x04711aa3) mem 0x8001faf8 0x0000
core   0: 0x80001898 (0x04b11aa3) sh      a1, 85(sp)
core   0: 3 0x80001898 (0x04b11aa3) mem 0x8001faf8 0x0005
core   0: 0x8000189c (0x2db43fb7) lui     t6, 0x2db43
core   0: 3 0x8000189c (0x2db43fb7) x31 0x2db43000
core   0: 0x800018a0 (0x04511aa3) sh      t0, 85(sp)
core   0: 3 0x800018a0 (0x04511aa3) mem 0x8001faf8 0x0000
core   0: 0x800018a4 (0x41485f33) sra     t5, a6, s4
core   0: 3 0x800018a4 (0x41485f33) x30 0x00000000
core   0: 0x800018a8 (0x413406b3) sub     a3, s0, s3
core   0: 3 0x800018a8 (0x413406b3) x13 0xbffff3c7
core   0: 0x800018ac (0x04c118a3) sh      a2, 81(sp)
core   0: 3 0x800018ac (0x04c118a3) mem 0x8001faf4 0x00eb
core   0: 0x800018b0 (0x039118a3) sh      s9, 49(sp)
core   0: 3 0x800018b0 (0x039118a3) mem 0x8001fad4 0x0000
core   0: 0x800018b4 (0x020439b3) mulhu   s3, s0, zero
core   0: 3 0x800018b4 (0x020439b3) x19 0x00000000
core   0: 0x800018b8 (0x000094d6) c.add   s1, s5
core   0: 3 0x800018b8 (0x94d6) x 9 0x8001da64
core   0: 0x800018ba (0x03115603) lhu     a2, 49(sp)
core   0: 3 0x800018ba (0x03115603) x12 0x00000000 mem 0x8001fad4
core   0: 0x800018be (0x03114003) lbu     zero, 49(sp)
core   0: 3 0x800018be (0x03114003) mem 0x8001fad4
core   0: 0x800018c2 (0x04614503) lbu     a0, 70(sp)
core   0: 3 0x800018c2 (0x04614503) x10 0x00000037 mem 0x8001fae9
core   0: 0x800018c6 (0x002ce233) or      tp, s9, sp
core   0: 3 0x800018c6 (0x002ce233) x 4 0x8001faa3
core   0: 0x800018ca (0xfae14f03) lbu     t5, -82(sp)
core   0: 3 0x800018ca (0xfae14f03) x30 0x000000d3 mem 0x8001fa51
core   0: 0x800018ce (0x014002ef) jal     t0, pc + 0x14
core   0: 3 0x800018ce (0x014002ef) x 5 0x800018d2
core   0: 0x800018e2 (0x006000ef) jal     pc + 0x6
core   0: 3 0x800018e2 (0x006000ef) x 1 0x800018e6
core   0: 0x800018e8 (0x00002009) c.jal   pc + 2
core   0: 3 0x800018e8 (0x2009) x 1 0x800018ea
core   0: 0x800018ea (0x0000bfcd) c.j     pc - 14
core   0: 3 0x800018ea (0xbfcd)
core   0: 0x800018dc (0x01e000ef) jal     pc + 0x1e
core   0: 3 0x800018dc (0x01e000ef) x 1 0x800018e0
core   0: 0x800018fa (0x00003fd5) c.jal   pc - 12
core   0: 3 0x800018fa (0x3fd5) x 1 0x800018fc
core   0: 0x800018ee (0x0000b7d5) c.j     pc - 28
core   0: 3 0x800018ee (0xb7d5)
core   0: 0x800018d2 (0x01a000ef) jal     pc + 0x1a
core   0: 3 0x800018d2 (0x01a000ef) x 1 0x800018d6
core   0: 0x800018ec (0x0000a021) c.j     pc + 8
core   0: 3 0x800018ec (0xa021)
core   0: 0x800018f4 (0x0000b7dd) c.j     pc - 26
core   0: 3 0x800018f4 (0xb7dd)
core   0: 0x800018da (0x00003ff5) c.jal   pc - 4
core   0: 3 0x800018da (0x3ff5) x 1 0x800018dc
core   0: 0x800018d6 (0x00a0016f) jal     sp, pc + 0xa
core   0: 3 0x800018d6 (0x00a0016f) x 2 0x800018da
core   0: 0x800018e0 (0x0000a019) c.j     pc + 6
core   0: 3 0x800018e0 (0xa019)
core   0: 0x800018e6 (0x0000a801) c.j     pc + 16
core   0: 3 0x800018e6 (0xa801)
core   0: 0x800018f6 (0xffbff36f) jal     t1, pc - 0x6
core   0: 3 0x800018f6 (0xffbff36f) x 6 0x800018fa
core   0: 0x800018f0 (0x00c000ef) jal     pc + 0xc
core   0: 3 0x800018f0 (0x00c000ef) x 1 0x800018f4
core   0: 0x800018fc (0x015bcab3) xor     s5, s7, s5
core   0: 3 0x800018fc (0x015bcab3) x21 0xc581da53
core   0: 0x80001900 (0x00018117) auipc   sp, 0x18
core   0: 3 0x80001900 (0x00018117) x 2 0x80019900
core   0: 0x80001904 (0xde210113) addi    sp, sp, -542
core   0: 3 0x80001904 (0xde210113) x 2 0x800196e2
core   0: 0x80001908 (0x00004ecd) c.li    t4, 19
core   0: 3 0x80001908 (0x4ecd) x29 0x00000013
core   0: 0x8000190a (0xfd811f03) lh      t5, -40(sp)
core   0: 3 0x8000190a (0xfd811f03) x30 0xffffbabd mem 0x800196ba
core   0: 0x8000190e (0x00009816) c.add   a6, t0
core   0: 3 0x8000190e (0x9816) x16 0x800018d2
core   0: 0x80001910 (0x02ac1833) mulh    a6, s8, a0
core   0: 3 0x80001910 (0x02ac1833) x16 0x00000000
core   0: 0x80001914 (0x00cb94b3) sll     s1, s7, a2
core   0: 3 0x80001914 (0x00cb94b3) x 9 0x45800000
core   0: 0x80001918 (0xe80c8d13) addi    s10, s9, -384
core   0: 3 0x80001918 (0xe80c8d13) x26 0x7ffffe80
core   0: 0x8000191c (0xfce10c23) sb      a4, -40(sp)
core   0: 3 0x8000191c (0xfce10c23) mem 0x800196ba 0xe4
core   0: 0x80001920 (0xfd814503) lbu     a0, -40(sp)
core   0: 3 0x80001920 (0xfd814503) x10 0x000000e4 mem 0x800196ba
core   0: 0x80001924 (0xfcd10c23) sb      a3, -40(sp)
core   0: 3 0x80001924 (0xfcd10c23) mem 0x800196ba 0xc7
core   0: 0x80001928 (0xfc110c23) sb      ra, -40(sp)
core   0: 3 0x80001928 (0xfc110c23) mem 0x800196ba 0xf4
core   0: 0x8000192c (0xfd811983) lh      s3, -40(sp)
core   0: 3 0x8000192c (0xfd811983) x19 0xffffbaf4 mem 0x800196ba
core   0: 0x80001930 (0xfd814e03) lbu     t3, -40(sp)
core   0: 3 0x80001930 (0xfd814e03) x28 0x000000f4 mem 0x800196ba
core   0: 0x80001934 (0xfd814a83) lbu     s5, -40(sp)
core   0: 3 0x80001934 (0xfd814a83) x21 0x000000f4 mem 0x800196ba
core   0: 0x80001938 (0x015101b3) add     gp, sp, s5
core   0: 3 0x80001938 (0x015101b3) x 3 0x800197d6
core   0: 0x8000193c (0xfd811283) lh      t0, -40(sp)
core   0: 3 0x8000193c (0xfd811283) x 5 0xffffbaf4 mem 0x800196ba
core   0: 0x80001940 (0xfd814d03) lbu     s10, -40(sp)
core   0: 3 0x80001940 (0xfd814d03) x26 0x000000f4 mem 0x800196ba
core   0: 0x80001944 (0xfd814b83) lbu     s7, -40(sp)
core   0: 3 0x80001944 (0xfd814b83) x23 0x000000f4 mem 0x800196ba
core   0: 0x80001948 (0xff900593) li      a1, -7
core   0: 3 0x80001948 (0xff900593) x11 0xfffffff9
core   0: 0x8000194c (0x00d00313) li      t1, 13
core   0: 3 0x8000194c (0x00d00313) x 6 0x0000000d
core   0: 0x80001950 (0x018b7833) and     a6, s6, s8
core   0: 3 0x80001950 (0x018b7833) x16 0x00000000
core   0: 0x80001954 (0x402f0d33) sub     s10, t5, sp
core   0: 3 0x80001954 (0x402f0d33) x26 0x7ffe23db
core   0: 0x80001958 (0x00000595) c.addi  a1, 5
core   0: 3 0x80001958 (0x0595) x11 0xfffffffe
core   0: 0x8000195a (0xffe00d93) li      s11, -2
core   0: 3 0x8000195a (0xffe00d93) x27 0xfffffffe
core   0: 0x8000195e (0x0330b533) mulhu   a0, ra, s3
core   0: 3 0x8000195e (0x0330b533) x10 0x7ffff66d
core   0: 0x80001962 (0xff500613) li      a2, -11
core   0: 3 0x80001962 (0xff500613) x12 0xfffffff5
core   0: 0x80001966 (0x01826833) or      a6, tp, s8
core   0: 3 0x80001966 (0x01826833) x16 0x8001faab
core   0: 0x8000196a (0x00001ddd) c.addi  s11, -9
core   0: 3 0x8000196a (0x1ddd) x27 0xfffffff5
core   0: 0x8000196c (0x000049f5) c.li    s3, 29
core   0: 3 0x8000196c (0x49f5) x19 0x0000001d
core   0: 0x8000196e (0xfecd9ce3) bne     s11, a2, pc - 8
core   0: 3 0x8000196e (0xfecd9ce3)
core   0: 0x80001972 (0xfe65e1e3) bltu    a1, t1, pc - 30
core   0: 3 0x80001972 (0xfe65e1e3)
core   0: 0x80001976 (0x00006b45) c.lui   s6, 0x11
core   0: 3 0x80001976 (0x6b45) x22 0x00011000
core   0: 0x80001978 (0xffe00613) li      a2, -2
core   0: 3 0x80001978 (0xffe00613) x12 0xfffffffe
core   0: 0x8000197c (0x405bde93) srai    t4, s7, 5
core   0: 3 0x8000197c (0x405bde93) x29 0x00000007
core   0: 0x80001980 (0x00c1f4b3) and     s1, gp, a2
core   0: 3 0x80001980 (0x00c1f4b3) x 9 0x800197d6
core   0: 0x80001984 (0x014cda13) srli    s4, s9, 20
core   0: 3 0x80001984 (0x014cda13) x20 0x00000800
core   0: 0x80001988 (0x00623d33) sltu    s10, tp, t1
core   0: 3 0x80001988 (0x00623d33) x26 0x00000000
core   0: 0x8000198c (0x0278ed33) rem     s10, a7, t2
core   0: 3 0x8000198c (0x0278ed33) x26 0x80025e64
core   0: 0x80001990 (0x00e00a93) li      s5, 14
core   0: 3 0x80001990 (0x00e00a93) x21 0x0000000e
core   0: 0x80001994 (0x00008d3d) c.xor   a0, a5
core   0: 3 0x80001994 (0x8d3d) x10 0x7ffffd6f
core   0: 0x80001996 (0x0247f333) remu    t1, a5, tp
core   0: 3 0x80001996 (0x0247f333) x 6 0x00000b02
core   0: 0x8000199a (0x00008421) c.srai  s0, 8
core   0: 3 0x8000199a (0x8421) x 8 0x0040000b
core   0: 0x8000199c (0x00b3cfb3) xor     t6, t2, a1
core   0: 3 0x8000199c (0x00b3cfb3) x31 0xfffffffe
core   0: 0x800019a0 (0x03d38033) mul     zero, t2, t4
core   0: 3 0x800019a0 (0x03d38033)
core   0: 0x800019a4 (0x00000965) c.addi  s2, 25
core   0: 3 0x800019a4 (0x0965) x18 0x0000012f
core   0: 0x800019a6 (0x00008c11) c.sub   s0, a2
core   0: 3 0x800019a6 (0x8c11) x 8 0x0040000d
core   0: 0x800019a8 (0x012a87b3) add     a5, s5, s2
core   0: 3 0x800019a8 (0x012a87b3) x15 0x0000013d
core   0: 0x800019ac (0x7d287693) andi    a3, a6, 2002
core   0: 3 0x800019ac (0x7d287693) x13 0x00000282
core   0: 0x800019b0 (0xf7cd6913) ori     s2, s10, -132
core   0: 3 0x800019b0 (0xf7cd6913) x18 0xffffff7c
core   0: 0x800019b4 (0x00009bfd) c.andi  a5, -1
core   0: 3 0x800019b4 (0x9bfd) x15 0x0000013d
core   0: 0x800019b6 (0x006521b3) slt     gp, a0, t1
core   0: 3 0x800019b6 (0x006521b3) x 3 0x00000000
core   0: 0x800019ba (0x0000060d) c.addi  a2, 3
core   0: 3 0x800019ba (0x060d) x12 0x00000001
core   0: 0x800019bc (0x1100c393) xori    t2, ra, 272
core   0: 3 0x800019bc (0x1100c393) x 7 0x800019e4
core   0: 0x800019c0 (0xff566be3) bltu    a2, s5, pc - 10
core   0: 3 0x800019c0 (0xff566be3)
core   0: 0x800019b6 (0x006521b3) slt     gp, a0, t1
core   0: 3 0x800019b6 (0x006521b3) x 3 0x00000000
core   0: 0x800019ba (0x0000060d) c.addi  a2, 3
core   0: 3 0x800019ba (0x060d) x12 0x00000004
core   0: 0x800019bc (0x1100c393) xori    t2, ra, 272
core   0: 3 0x800019bc (0x1100c393) x 7 0x800019e4
core   0: 0x800019c0 (0xff566be3) bltu    a2, s5, pc - 10
core   0: 3 0x800019c0 (0xff566be3)
core   0: 0x800019b6 (0x006521b3) slt     gp, a0, t1
core   0: 3 0x800019b6 (0x006521b3) x 3 0x00000000
core   0: 0x800019ba (0x0000060d) c.addi  a2, 3
core   0: 3 0x800019ba (0x060d) x12 0x00000007
core   0: 0x800019bc (0x1100c393) xori    t2, ra, 272
core   0: 3 0x800019bc (0x1100c393) x 7 0x800019e4
core   0: 0x800019c0 (0xff566be3) bltu    a2, s5, pc - 10
core   0: 3 0x800019c0 (0xff566be3)
core   0: 0x800019b6 (0x006521b3) slt     gp, a0, t1
core   0: 3 0x800019b6 (0x006521b3) x 3 0x00000000
core   0: 0x800019ba (0x0000060d) c.addi  a2, 3
core   0: 3 0x800019ba (0x060d) x12 0x0000000a
core   0: 0x800019bc (0x1100c393) xori    t2, ra, 272
core   0: 3 0x800019bc (0x1100c393) x 7 0x800019e4
core   0: 0x800019c0 (0xff566be3) bltu    a2, s5, pc - 10
core   0: 3 0x800019c0 (0xff566be3)
core   0: 0x800019b6 (0x006521b3) slt     gp, a0, t1
core   0: 3 0x800019b6 (0x006521b3) x 3 0x00000000
core   0: 0x800019ba (0x0000060d) c.addi  a2, 3
core   0: 3 0x800019ba (0x060d) x12 0x0000000d
core   0: 0x800019bc (0x1100c393) xori    t2, ra, 272
core   0: 3 0x800019bc (0x1100c393) x 7 0x800019e4
core   0: 0x800019c0 (0xff566be3) bltu    a2, s5, pc - 10
core   0: 3 0x800019c0 (0xff566be3)
core   0: 0x800019b6 (0x006521b3) slt     gp, a0, t1
core   0: 3 0x800019b6 (0x006521b3) x 3 0x00000000
core   0: 0x800019ba (0x0000060d) c.addi  a2, 3
core   0: 3 0x800019ba (0x060d) x12 0x00000010
core   0: 0x800019bc (0x1100c393) xori    t2, ra, 272
core   0: 3 0x800019bc (0x1100c393) x 7 0x800019e4
core   0: 0x800019c0 (0xff566be3) bltu    a2, s5, pc - 10
core   0: 3 0x800019c0 (0xff566be3)
core   0: 0x800019c4 (0x002e9193) slli    gp, t4, 2
core   0: 3 0x800019c4 (0x002e9193) x 3 0x0000001c
core   0: 0x800019c8 (0xff900693) li      a3, -7
core   0: 3 0x800019c8 (0xff900693) x13 0xfffffff9
core   0: 0x800019cc (0x01b2d833) srl     a6, t0, s11
core   0: 3 0x800019cc (0x01b2d833) x16 0x000007ff
core   0: 0x800019d0 (0x00000001) c.nop
core   0: 3 0x800019d0 (0x0001)
core   0: 0x800019d2 (0x03897ab3) remu    s5, s2, s8
core   0: 3 0x800019d2 (0x03897ab3) x21 0x00000030
core   0: 0x800019d6 (0x0000069d) c.addi  a3, 7
core   0: 3 0x800019d6 (0x069d) x13 0x00000000
core   0: 0x800019d8 (0x00005bfd) c.li    s7, -1
core   0: 3 0x800019d8 (0x5bfd) x23 0xffffffff
core   0: 0x800019da (0xff700513) li      a0, -9
core   0: 3 0x800019da (0xff700513) x10 0xfffffff7
core   0: 0x800019de (0x022aa2b3) mulhsu  t0, s5, sp
core   0: 3 0x800019de (0x022aa2b3) x 5 0x00000018
core   0: 0x800019e2 (0xff400d13) li      s10, -12
core   0: 3 0x800019e2 (0xff400d13) x26 0xfffffff4
core   0: 0x800019e6 (0xc42805b7) lui     a1, 0xc4280
core   0: 3 0x800019e6 (0xc42805b7) x11 0xc4280000
core   0: 0x800019ea (0x03d99db3) mulh    s11, s3, t4
core   0: 3 0x800019ea (0x03d99db3) x27 0x00000000
core   0: 0x800019ee (0x00009846) c.add   a6, a7
core   0: 3 0x800019ee (0x9846) x16 0x80026663
core   0: 0x800019f0 (0x00004e41) c.li    t3, 16
core   0: 3 0x800019f0 (0x4e41) x28 0x00000010
core   0: 0x800019f2 (0x00000001) c.nop
core   0: 3 0x800019f2 (0x0001)
core   0: 0x800019f4 (0x00008c51) c.or    s0, a2
core   0: 3 0x800019f4 (0x8c51) x 8 0x0040001d
core   0: 0x800019f6 (0x0000157d) c.addi  a0, -1
core   0: 3 0x800019f6 (0x157d) x10 0xfffffff6
core   0: 0x800019f8 (0x03cf1933) mulh    s2, t5, t3
core   0: 3 0x800019f8 (0x03cf1933) x18 0xffffffff
core   0: 0x800019fc (0x00055813) srli    a6, a0, 0
core   0: 3 0x800019fc (0x00055813) x16 0xfffffff6
core   0: 0x80001a00 (0x0ff0000f) fence   iorw,iorw
core   0: 3 0x80001a00 (0x0ff0000f)
core   0: 0x80001a04 (0x00008e61) c.and   a2, s0
core   0: 3 0x80001a04 (0x8e61) x12 0x00000010
core   0: 0x80001a06 (0x00008fc2) c.mv    t6, a6
core   0: 3 0x80001a06 (0x8fc2) x31 0xfffffff6
core   0: 0x80001a08 (0xffa505e3) beq     a0, s10, pc - 22
core   0: 3 0x80001a08 (0xffa505e3)
core   0: 0x80001a0c (0x000091f2) c.add   gp, t3
core   0: 3 0x80001a0c (0x91f2) x 3 0x0000002c
core   0: 0x80001a0e (0x0000f2f1) c.bnez  a3, pc - 60
core   0: 3 0x80001a0e (0xf2f1)
core   0: 0x80001a10 (0x0ff0000f) fence   iorw,iorw
core   0: 3 0x80001a10 (0x0ff0000f)
core   0: 0x80001a14 (0x0000fa97) auipc   s5, 0xf
core   0: 3 0x80001a14 (0x0000fa97) x21 0x80010a14
core   0: 0x80001a18 (0x265a8a93) addi    s5, s5, 613
core   0: 3 0x80001a18 (0x265a8a93) x21 0x80010c79
core   0: 0x80001a1c (0x0eca8483) lb      s1, 236(s5)
core   0: 3 0x80001a1c (0x0eca8483) x 9 0xfffffff1 mem 0x80010d65
core   0: 0x80001a20 (0x0001d397) auipc   t2, 0x1d
core   0: 3 0x80001a20 (0x0001d397) x 7 0x8001ea20
core   0: 0x80001a24 (0x60a38393) addi    t2, t2, 1546
core   0: 3 0x80001a24 (0x60a38393) x 7 0x8001f02a
core   0: 0x80001a28 (0xf8d38683) lb      a3, -115(t2)
core   0: 3 0x80001a28 (0xf8d38683) x13 0xffffffa4 mem 0x8001efb7
core   0: 0x80001a2c (0xfa339a23) sh      gp, -76(t2)
core   0: 3 0x80001a2c (0xfa339a23) mem 0x8001efde 0x002c
core   0: 0x80001a30 (0x07ca8103) lb      sp, 124(s5)
core   0: 3 0x80001a30 (0x07ca8103) x 2 0x00000031 mem 0x80010cf5
core   0: 0x80001a34 (0xf9fad503) lhu     a0, -97(s5)
core   0: 3 0x80001a34 (0xf9fad503) x10 0x0000f2f9 mem 0x80010c18
core   0: 0x80001a38 (0xfef3c583) lbu     a1, -17(t2)
core   0: 3 0x80001a38 (0xfef3c583) x11 0x0000009c mem 0x8001f019
core   0: 0x80001a3c (0xfdfa8f23) sb      t6, -34(s5)
core   0: 3 0x80001a3c (0xfdfa8f23) mem 0x80010c57 0xf6
core   0: 0x80001a40 (0xfb738aa3) sb      s7, -75(t2)
core   0: 3 0x80001a40 (0xfb738aa3) mem 0x8001efdf 0xff
core   0: 0x80001a44 (0x023a9603) lh      a2, 35(s5)
core   0: 3 0x80001a44 (0x023a9603) x12 0x000079d0 mem 0x80010c9c
core   0: 0x80001a48 (0xf3e39803) lh      a6, -194(t2)
core   0: 3 0x80001a48 (0xf3e39803) x16 0x00003a74 mem 0x8001ef68
core   0: 0x80001a4c (0xf4ca8d03) lb      s10, -180(s5)
core   0: 3 0x80001a4c (0xf4ca8d03) x26 0xffffffa3 mem 0x80010bc5
core   0: 0x80001a50 (0xfd6a8803) lb      a6, -42(s5)
core   0: 3 0x80001a50 (0xfd6a8803) x16 0x00000000 mem 0x80010c4f
core   0: 0x80001a54 (0xfcb39723) sh      a1, -50(t2)
core   0: 3 0x80001a54 (0xfcb39723) mem 0x8001eff8 0x009c
core   0: 0x80001a58 (0xf35ad783) lhu     a5, -203(s5)
core   0: 3 0x80001a58 (0xf35ad783) x15 0x000004c5 mem 0x80010bae
core   0: 0x80001a5c (0xf7e39b03) lh      s6, -130(t2)
core   0: 3 0x80001a5c (0xf7e39b03) x22 0xffffe049 mem 0x8001efa8
core   0: 0x80001a60 (0xf47a8ba3) sb      t2, -169(s5)
core   0: 3 0x80001a60 (0xf47a8ba3) mem 0x80010bd0 0x2a
core   0: 0x80001a64 (0xf65acb03) lbu     s6, -155(s5)
core   0: 3 0x80001a64 (0xf65acb03) x22 0x000000c7 mem 0x80010bde
core   0: 0x80001a68 (0x01c39683) lh      a3, 28(t2)
core   0: 3 0x80001a68 (0x01c39683) x13 0x000043d3 mem 0x8001f046
core   0: 0x80001a6c (0xfff00793) li      a5, -1
core   0: 3 0x80001a6c (0xfff00793) x15 0xffffffff
core   0: 0x80001a70 (0x02a09933) mulh    s2, ra, a0
core   0: 3 0x80001a70 (0x02a09933) x18 0xffff8683
core   0: 0x80001a74 (0x03504333) div     t1, zero, s5
core   0: 3 0x80001a74 (0x03504333) x 6 0x00000000
core   0: 0x80001a78 (0x41f4d293) srai    t0, s1, 31
core   0: 3 0x80001a78 (0x41f4d293) x 5 0xffffffff
core   0: 0x80001a7c (0x00c654b3) srl     s1, a2, a2
core   0: 3 0x80001a7c (0x00c654b3) x 9 0x00000000
core   0: 0x80001a80 (0x00000001) c.nop
core   0: 3 0x80001a80 (0x0001)
core   0: 0x80001a82 (0x00009afd) c.andi  a3, -1
core   0: 3 0x80001a82 (0x9afd) x13 0x000043d3
core   0: 0x80001a84 (0x97c83317) auipc   t1, 0x97c83
core   0: 3 0x80001a84 (0x97c83317) x 6 0x17c84a84
core   0: 0x80001a88 (0x0103d113) srli    sp, t2, 16
core   0: 3 0x80001a88 (0x0103d113) x 2 0x00008001
core   0: 0x80001a8c (0x3c4c2113) slti    sp, s8, 964
core   0: 3 0x80001a8c (0x3c4c2113) x 2 0x00000001
core   0: 0x80001a90 (0xd1487093) andi    ra, a6, -748
core   0: 3 0x80001a90 (0xd1487093) x 1 0x00000000
core   0: 0x80001a94 (0x012bc5b3) xor     a1, s7, s2
core   0: 3 0x80001a94 (0x012bc5b3) x11 0x0000797c
core   0: 0x80001a98 (0x40d3dd93) srai    s11, t2, 13
core   0: 3 0x80001a98 (0x40d3dd93) x27 0xfffc000f
core   0: 0x80001a9c (0x0019dd33) srl     s10, s3, ra
core   0: 3 0x80001a9c (0x0019dd33) x26 0x0000001d
core   0: 0x80001aa0 (0x01b441b3) xor     gp, s0, s11
core   0: 3 0x80001aa0 (0x01b441b3) x 3 0xffbc0012
core   0: 0x80001aa4 (0x0295f433) remu    s0, a1, s1
core   0: 3 0x80001aa4 (0x0295f433) x 8 0x0000797c
core   0: 0x80001aa8 (0x00006699) c.lui   a3, 0x6
core   0: 3 0x80001aa8 (0x6699) x13 0x00006000
core   0: 0x80001aaa (0x00009e4a) c.add   t3, s2
core   0: 3 0x80001aaa (0x9e4a) x28 0xffff8693
core   0: 0x80001aac (0x01e1d833) srl     a6, gp, t5
core   0: 3 0x80001aac (0x01e1d833) x16 0x00000007
core   0: 0x80001ab0 (0x00000785) c.addi  a5, 1
core   0: 3 0x80001ab0 (0x0785) x15 0x00000000
core   0: 0x80001ab2 (0x02d5a6b3) mulhsu  a3, a1, a3
core   0: 3 0x80001ab2 (0x02d5a6b3) x13 0x00000000
core   0: 0x80001ab6 (0x00ddbbb3) sltu    s7, s11, a3
core   0: 3 0x80001ab6 (0x00ddbbb3) x23 0x00000000
core   0: 0x80001aba (0x01d592b3) sll     t0, a1, t4
core   0: 3 0x80001aba (0x01d592b3) x 5 0x003cbe00
core   0: 0x80001abe (0x0000d3ed) c.beqz  a5, pc - 30
core   0: 3 0x80001abe (0xd3ed)
core   0: 0x80001aa0 (0x01b441b3) xor     gp, s0, s11
core   0: 3 0x80001aa0 (0x01b441b3) x 3 0xfffc7973
core   0: 0x80001aa4 (0x0295f433) remu    s0, a1, s1
core   0: 3 0x80001aa4 (0x0295f433) x 8 0x0000797c
core   0: 0x80001aa8 (0x00006699) c.lui   a3, 0x6
core   0: 3 0x80001aa8 (0x6699) x13 0x00006000
core   0: 0x80001aaa (0x00009e4a) c.add   t3, s2
core   0: 3 0x80001aaa (0x9e4a) x28 0xffff0d16
core   0: 0x80001aac (0x01e1d833) srl     a6, gp, t5
core   0: 3 0x80001aac (0x01e1d833) x16 0x00000007
core   0: 0x80001ab0 (0x00000785) c.addi  a5, 1
core   0: 3 0x80001ab0 (0x0785) x15 0x00000001
core   0: 0x80001ab2 (0x02d5a6b3) mulhsu  a3, a1, a3
core   0: 3 0x80001ab2 (0x02d5a6b3) x13 0x00000000
core   0: 0x80001ab6 (0x00ddbbb3) sltu    s7, s11, a3
core   0: 3 0x80001ab6 (0x00ddbbb3) x23 0x00000000
core   0: 0x80001aba (0x01d592b3) sll     t0, a1, t4
core   0: 3 0x80001aba (0x01d592b3) x 5 0x003cbe00
core   0: 0x80001abe (0x0000d3ed) c.beqz  a5, pc - 30
core   0: 3 0x80001abe (0xd3ed)
core   0: 0x80001ac0 (0x4127d813) srai    a6, a5, 18
core   0: 3 0x80001ac0 (0x4127d813) x16 0x00000000
core   0: 0x80001ac4 (0xffc00493) li      s1, -4
core   0: 3 0x80001ac4 (0xffc00493) x 9 0xfffffffc
core   0: 0x80001ac8 (0x310cfd93) andi    s11, s9, 784
core   0: 3 0x80001ac8 (0x310cfd93) x27 0x00000000
core   0: 0x80001acc (0x01400213) li      tp, 20
core   0: 3 0x80001acc (0x01400213) x 4 0x00000014
core   0: 0x80001ad0 (0xede46113) ori     sp, s0, -290
core   0: 3 0x80001ad0 (0xede46113) x 2 0xfffffffe
core   0: 0x80001ad4 (0x012075b3) and     a1, zero, s2
core   0: 3 0x80001ad4 (0x012075b3) x11 0x00000000
core   0: 0x80001ad8 (0x01e2bb33) sltu    s6, t0, t5
core   0: 3 0x80001ad8 (0x01e2bb33) x22 0x00000001
core   0: 0x80001adc (0x0000048d) c.addi  s1, 3
core   0: 3 0x80001adc (0x048d) x 9 0xffffffff
core   0: 0x80001ade (0xff700793) li      a5, -9
core   0: 3 0x80001ade (0xff700793) x15 0xfffffff7
core   0: 0x80001ae2 (0x00009592) c.add   a1, tp
core   0: 3 0x80001ae2 (0x9592) x11 0x00000014
core   0: 0x80001ae4 (0x00000001) c.nop
core   0: 3 0x80001ae4 (0x0001)
core   0: 0x80001ae6 (0x403b00b3) sub     ra, s6, gp
core   0: 3 0x80001ae6 (0x403b00b3) x 1 0x0003868e
core   0: 0x80001aea (0x0000869e) c.mv    a3, t2
core   0: 3 0x80001aea (0x869e) x13 0x8001f02a
core   0: 0x80001aec (0x00000785) c.addi  a5, 1
core   0: 3 0x80001aec (0x0785) x15 0xfffffff8
core   0: 0x80001aee (0x40f80c33) sub     s8, a6, a5
core   0: 3 0x80001aee (0x40f80c33) x24 0x00000008
core   0: 0x80001af2 (0x0000ffe5) c.bnez  a5, pc - 8
core   0: 3 0x80001af2 (0xffe5)
core   0: 0x80001aea (0x0000869e) c.mv    a3, t2
core   0: 3 0x80001aea (0x869e) x13 0x8001f02a
core   0: 0x80001aec (0x00000785) c.addi  a5, 1
core   0: 3 0x80001aec (0x0785) x15 0xfffffff9
core   0: 0x80001aee (0x40f80c33) sub     s8, a6, a5
core   0: 3 0x80001aee (0x40f80c33) x24 0x00000007
core   0: 0x80001af2 (0x0000ffe5) c.bnez  a5, pc - 8
core   0: 3 0x80001af2 (0xffe5)
core   0: 0x80001aea (0x0000869e) c.mv    a3, t2
core   0: 3 0x80001aea (0x869e) x13 0x8001f02a
core   0: 0x80001aec (0x00000785) c.addi  a5, 1
core   0: 3 0x80001aec (0x0785) x15 0xfffffffa
core   0: 0x80001aee (0x40f80c33) sub     s8, a6, a5
core   0: 3 0x80001aee (0x40f80c33) x24 0x00000006
core   0: 0x80001af2 (0x0000ffe5) c.bnez  a5, pc - 8
core   0: 3 0x80001af2 (0xffe5)
core   0: 0x80001aea (0x0000869e) c.mv    a3, t2
core   0: 3 0x80001aea (0x869e) x13 0x8001f02a
core   0: 0x80001aec (0x00000785) c.addi  a5, 1
core   0: 3 0x80001aec (0x0785) x15 0xfffffffb
core   0: 0x80001aee (0x40f80c33) sub     s8, a6, a5
core   0: 3 0x80001aee (0x40f80c33) x24 0x00000005
core   0: 0x80001af2 (0x0000ffe5) c.bnez  a5, pc - 8
core   0: 3 0x80001af2 (0xffe5)
core   0: 0x80001aea (0x0000869e) c.mv    a3, t2
core   0: 3 0x80001aea (0x869e) x13 0x8001f02a
core   0: 0x80001aec (0x00000785) c.addi  a5, 1
core   0: 3 0x80001aec (0x0785) x15 0xfffffffc
core   0: 0x80001aee (0x40f80c33) sub     s8, a6, a5
core   0: 3 0x80001aee (0x40f80c33) x24 0x00000004
core   0: 0x80001af2 (0x0000ffe5) c.bnez  a5, pc - 8
core   0: 3 0x80001af2 (0xffe5)
core   0: 0x80001aea (0x0000869e) c.mv    a3, t2
core   0: 3 0x80001aea (0x869e) x13 0x8001f02a
core   0: 0x80001aec (0x00000785) c.addi  a5, 1
core   0: 3 0x80001aec (0x0785) x15 0xfffffffd
core   0: 0x80001aee (0x40f80c33) sub     s8, a6, a5
core   0: 3 0x80001aee (0x40f80c33) x24 0x00000003
core   0: 0x80001af2 (0x0000ffe5) c.bnez  a5, pc - 8
core   0: 3 0x80001af2 (0xffe5)
core   0: 0x80001aea (0x0000869e) c.mv    a3, t2
core   0: 3 0x80001aea (0x869e) x13 0x8001f02a
core   0: 0x80001aec (0x00000785) c.addi  a5, 1
core   0: 3 0x80001aec (0x0785) x15 0xfffffffe
core   0: 0x80001aee (0x40f80c33) sub     s8, a6, a5
core   0: 3 0x80001aee (0x40f80c33) x24 0x00000002
core   0: 0x80001af2 (0x0000ffe5) c.bnez  a5, pc - 8
core   0: 3 0x80001af2 (0xffe5)
core   0: 0x80001aea (0x0000869e) c.mv    a3, t2
core   0: 3 0x80001aea (0x869e) x13 0x8001f02a
core   0: 0x80001aec (0x00000785) c.addi  a5, 1
core   0: 3 0x80001aec (0x0785) x15 0xffffffff
core   0: 0x80001aee (0x40f80c33) sub     s8, a6, a5
core   0: 3 0x80001aee (0x40f80c33) x24 0x00000001
core   0: 0x80001af2 (0x0000ffe5) c.bnez  a5, pc - 8
core   0: 3 0x80001af2 (0xffe5)
core   0: 0x80001aea (0x0000869e) c.mv    a3, t2
core   0: 3 0x80001aea (0x869e) x13 0x8001f02a
core   0: 0x80001aec (0x00000785) c.addi  a5, 1
core   0: 3 0x80001aec (0x0785) x15 0x00000000
core   0: 0x80001aee (0x40f80c33) sub     s8, a6, a5
core   0: 3 0x80001aee (0x40f80c33) x24 0x00000000
core   0: 0x80001af2 (0x0000ffe5) c.bnez  a5, pc - 8
core   0: 3 0x80001af2 (0xffe5)
core   0: 0x80001af4 (0x0000717d) c.addi16sp sp, -16
core   0: 3 0x80001af4 (0x717d) x 2 0xffffffee
core   0: 0x80001af6 (0x00000001) c.nop
core   0: 3 0x80001af6 (0x0001)
core   0: 0x80001af8 (0x00705e13) srli    t3, zero, 7
core   0: 3 0x80001af8 (0x00705e13) x28 0x00000000
core   0: 0x80001afc (0xfc448ee3) beq     s1, tp, pc - 36
core   0: 3 0x80001afc (0xfc448ee3)
core   0: 0x80001b00 (0x00fa1633) sll     a2, s4, a5
core   0: 3 0x80001b00 (0x00fa1633) x12 0x00000800
core   0: 0x80001b04 (0x0000f117) auipc   sp, 0xf
core   0: 3 0x80001b04 (0x0000f117) x 2 0x80010b04
core   0: 0x80001b08 (0x40010113) addi    sp, sp, 1024
core   0: 3 0x80001b08 (0x40010113) x 2 0x80010f04
core   0: 0x80001b0c (0xfcf11d23) sh      a5, -38(sp)
core   0: 3 0x80001b0c (0xfcf11d23) mem 0x80010ede 0x0000
core   0: 0x80001b10 (0x000009ae) c.slli  s3, 11
core   0: 3 0x80001b10 (0x09ae) x19 0x0000e800
core   0: 0x80001b12 (0x01b14583) lbu     a1, 27(sp)
core   0: 3 0x80001b12 (0x01b14583) x11 0x000000fe mem 0x80010f1f
core   0: 0x80001b16 (0xfed109a3) sb      a3, -13(sp)
core   0: 3 0x80001b16 (0xfed109a3) mem 0x80010ef7 0x2a
core   0: 0x80001b1a (0x00d104a3) sb      a3, 9(sp)
core   0: 3 0x80001b1a (0x00d104a3) mem 0x80010f0d 0x2a
core   0: 0x80001b1e (0x00004632) c.lwsp  a2, 12(sp)
core   0: 3 0x80001b1e (0x4632) x12 0x4c6fa5ca mem 0x80010f10
core   0: 0x80001b20 (0x40d9dfb3) sra     t6, s3, a3
core   0: 3 0x80001b20 (0x40d9dfb3) x31 0x0000003a
core   0: 0x80001b24 (0xafe6f613) andi    a2, a3, -1282
core   0: 3 0x80001b24 (0xafe6f613) x12 0x8001f02a
core   0: 0x80001b28 (0xfc314983) lbu     s3, -61(sp)
core   0: 3 0x80001b28 (0xfc314983) x19 0x000000ec mem 0x80010ec7
core   0: 0x80001b2c (0x00b5d7b3) srl     a5, a1, a1
core   0: 3 0x80001b2c (0x00b5d7b3) x15 0x00000000
core   0: 0x80001b30 (0x0000dc32) c.swsp  a2, 56(sp)
core   0: 3 0x80001b30 (0xdc32) mem 0x80010f3c 0x8001f02a
core   0: 0x80001b32 (0x03f10b23) sb      t6, 54(sp)
core   0: 3 0x80001b32 (0x03f10b23) mem 0x80010f3a 0x3a
core   0: 0x80001b36 (0x000056fd) c.li    a3, -1
core   0: 3 0x80001b36 (0x56fd) x13 0xffffffff
core   0: 0x80001b38 (0xfcf10ca3) sb      a5, -39(sp)
core   0: 3 0x80001b38 (0xfcf10ca3) mem 0x80010edd 0x0
core   0: 0x80001b3c (0x0000100f) fence.i
core   0: 3 0x80001b3c (0x0000100f)
core   0: 0x80001b40 (0x0000100f) fence.i
core   0: 3 0x80001b40 (0x0000100f)
core   0: 0x80001b44 (0xfde10f83) lb      t6, -34(sp)
core   0: 3 0x80001b44 (0xfde10f83) x31 0x00000065 mem 0x80010ee2
core   0: 0x80001b48 (0x0139c5b3) xor     a1, s3, s3
core   0: 3 0x80001b48 (0x0139c5b3) x11 0x00000000
core   0: 0x80001b4c (0x02e15603) lhu     a2, 46(sp)
core   0: 3 0x80001b4c (0x02e15603) x12 0x0000db73 mem 0x80010f32
core   0: 0x80001b50 (0x03910983) lb      s3, 57(sp)
core   0: 3 0x80001b50 (0x03910983) x19 0xfffffff0 mem 0x80010f3d
core   0: 0x80001b54 (0x02f10fa3) sb      a5, 63(sp)
core   0: 3 0x80001b54 (0x02f10fa3) mem 0x80010f43 0x0
core   0: 0x80001b58 (0xffc15783) lhu     a5, -4(sp)
core   0: 3 0x80001b58 (0xffc15783) x15 0x0000228d mem 0x80010f00
core   0: 0x80001b5c (0xffe11603) lh      a2, -2(sp)
core   0: 3 0x80001b5c (0xffe11603) x12 0x00003fd1 mem 0x80010f02
core   0: 0x80001b60 (0xfe614983) lbu     s3, -26(sp)
core   0: 3 0x80001b60 (0xfe614983) x19 0x000000b0 mem 0x80010eea
core   0: 0x80001b64 (0x01767693) andi    a3, a2, 23
core   0: 3 0x80001b64 (0x01767693) x13 0x00000011
core   0: 0x80001b68 (0x02c9e9b3) rem     s3, s3, a2
core   0: 3 0x80001b68 (0x02c9e9b3) x19 0x000000b0
core   0: 0x80001b6c (0x0000100f) fence.i
core   0: 3 0x80001b6c (0x0000100f)
core   0: 0x80001b70 (0x02510f83) lb      t6, 37(sp)
core   0: 3 0x80001b70 (0x02510f83) x31 0xffffff8b mem 0x80010f29
core   0: 0x80001b74 (0xd7963593) sltiu   a1, a2, -647
core   0: 3 0x80001b74 (0xd7963593) x11 0x00000001
core   0: 0x80001b78 (0x02d10b23) sb      a3, 54(sp)
core   0: 3 0x80001b78 (0x02d10b23) mem 0x80010f3a 0x11
core   0: 0x80001b7c (0x0001a797) auipc   a5, 0x1a
core   0: 3 0x80001b7c (0x0001a797) x15 0x8001bb7c
core   0: 0x80001b80 (0x1e978793) addi    a5, a5, 489
core   0: 3 0x80001b80 (0x1e978793) x15 0x8001bd65
core   0: 0x80001b84 (0x0000ff17) auipc   t5, 0xf
core   0: 3 0x80001b84 (0x0000ff17) x30 0x80010b84
core   0: 0x80001b88 (0x338f0f13) addi    t5, t5, 824
core   0: 3 0x80001b88 (0x338f0f13) x30 0x80010ebc
core   0: 0x80001b8c (0x9dcf4b83) lbu     s7, -1572(t5)
core   0: 3 0x80001b8c (0x9dcf4b83) x23 0x00000000 mem 0x80010898
core   0: 0x80001b90 (0x10e78d23) sb      a4, 282(a5)
core   0: 3 0x80001b90 (0x10e78d23) mem 0x8001be7f 0xe4
core   0: 0x80001b94 (0xfe8f00a3) sb      s0, -31(t5)
core   0: 3 0x80001b94 (0xfe8f00a3) mem 0x80010e9d 0x7c
core   0: 0x80001b98 (0x096f0603) lb      a2, 150(t5)
core   0: 3 0x80001b98 (0x096f0603) x12 0x0000002b mem 0x80010f52
core   0: 0x80001b9c (0x94f78a23) sb      a5, -1708(a5)
core   0: 3 0x80001b9c (0x94f78a23) mem 0x8001b6b9 0x65
core   0: 0x80001ba0 (0xe2ef03a3) sb      a4, -473(t5)
core   0: 3 0x80001ba0 (0xe2ef03a3) mem 0x80010ce3 0xe4
core   0: 0x80001ba4 (0x60e7c983) lbu     s3, 1550(a5)
core   0: 3 0x80001ba4 (0x60e7c983) x19 0x000000e0 mem 0x8001c373
core   0: 0x80001ba8 (0x6dd78a83) lb      s5, 1757(a5)
core   0: 3 0x80001ba8 (0x6dd78a83) x21 0xfffffff9 mem 0x8001c442
core   0: 0x80001bac (0xf1af1383) lh      t2, -230(t5)
core   0: 3 0x80001bac (0xf1af1383) x 7 0x00001141 mem 0x80010dd6
core   0: 0x80001bb0 (0xea3790a3) sh      gp, -351(a5)
core   0: 3 0x80001bb0 (0xea3790a3) mem 0x8001bc06 0x7973
core   0: 0x80001bb4 (0xffc00793) li      a5, -4
core   0: 3 0x80001bb4 (0xffc00793) x15 0xfffffffc
core   0: 0x80001bb8 (0x024d3d33) mulhu   s10, s10, tp
core   0: 3 0x80001bb8 (0x024d3d33) x26 0x00000000
core   0: 0x80001bbc (0x01000f13) li      t5, 16
core   0: 3 0x80001bbc (0x01000f13) x30 0x00000010
core   0: 0x80001bc0 (0x03968a33) mul     s4, a3, s9
core   0: 3 0x80001bc0 (0x03968a33) x20 0x80000000
core   0: 0x80001bc4 (0x00000789) c.addi  a5, 2
core   0: 3 0x80001bc4 (0x0789) x15 0xfffffffe
core   0: 0x80001bc6 (0x818e2337) lui     t1, 0x818e2
core   0: 3 0x80001bc6 (0x818e2337) x 6 0x818e2000
core   0: 0x80001bca (0x00d095b3) sll     a1, ra, a3
core   0: 3 0x80001bca (0x00d095b3) x11 0x0d1c0000
core   0: 0x80001bce (0xffa00693) li      a3, -6
core   0: 3 0x80001bce (0xffa00693) x13 0xfffffffa
core   0: 0x80001bd2 (0x00009a7d) c.andi  a2, -1
core   0: 3 0x80001bd2 (0x9a7d) x12 0x0000002b
core   0: 0x80001bd4 (0x01300393) li      t2, 19
core   0: 3 0x80001bd4 (0x01300393) x 7 0x00000013
core   0: 0x80001bd8 (0x00008e19) c.sub   a2, a4
core   0: 3 0x80001bd8 (0x8e19) x12 0x7ffd6347
core   0: 0x80001bda (0x0ff0000f) fence   iorw,iorw
core   0: 3 0x80001bda (0x0ff0000f)
core   0: 0x80001bde (0x00000695) c.addi  a3, 5
core   0: 3 0x80001bde (0x0695) x13 0xffffffff
core   0: 0x80001be0 (0x010e0c33) add     s8, t3, a6
core   0: 3 0x80001be0 (0x010e0c33) x24 0x00000000
core   0: 0x80001be4 (0xfe76eae3) bltu    a3, t2, pc - 12
core   0: 3 0x80001be4 (0xfe76eae3)
core   0: 0x80001be8 (0x00008d2d) c.xor   a0, a1
core   0: 3 0x80001be8 (0x8d2d) x10 0x0d1cf2f9
core   0: 0x80001bea (0xfde7ebe3) bltu    a5, t5, pc - 42
core   0: 3 0x80001bea (0xfde7ebe3)
core   0: 0x80001bee (0x020cefb3) rem     t6, s9, zero
core   0: 3 0x80001bee (0x020cefb3) x31 0x80000000
core   0: 0x80001bf2 (0x0000f197) auipc   gp, 0xf
core   0: 3 0x80001bf2 (0x0000f197) x 3 0x80010bf2
core   0: 0x80001bf6 (0xfb218193) addi    gp, gp, -78
core   0: 3 0x80001bf6 (0xfb218193) x 3 0x80010ba4
core   0: 0x80001bfa (0x00016b17) auipc   s6, 0x16
core   0: 3 0x80001bfa (0x00016b17) x22 0x80017bfa
core   0: 0x80001bfe (0xfc3b0b13) addi    s6, s6, -61
core   0: 3 0x80001bfe (0xfc3b0b13) x22 0x80017bbd
core   0: 0x80001c02 (0x4261db83) lhu     s7, 1062(gp)
core   0: 3 0x80001c02 (0x4261db83) x23 0x00005c44 mem 0x80010fca
core   0: 0x80001c06 (0x3bd188a3) sb      t4, 945(gp)
core   0: 3 0x80001c06 (0x3bd188a3) mem 0x80010f55 0x7
core   0: 0x80001c0a (0x81b19123) sh      s11, -2046(gp)
core   0: 3 0x80001c0a (0x81b19123) mem 0x800103a6 0x0000
core   0: 0x80001c0e (0xbd819c23) sh      s8, -1064(gp)
core   0: 3 0x80001c0e (0xbd819c23) mem 0x8001077c 0x0000
core   0: 0x80001c12 (0x01ab10a3) sh      s10, 1(s6)
core   0: 3 0x80001c12 (0x01ab10a3) mem 0x80017bbe 0x0000
core   0: 0x80001c16 (0x015b07a3) sb      s5, 15(s6)
core   0: 3 0x80001c16 (0x015b07a3) mem 0x80017bcc 0xf9
core   0: 0x80001c1a (0x012b0623) sb      s2, 12(s6)
core   0: 3 0x80001c1a (0x012b0623) mem 0x80017bc9 0x83
core   0: 0x80001c1e (0x4931ca83) lbu     s5, 1171(gp)
core   0: 3 0x80001c1e (0x4931ca83) x21 0x00000072 mem 0x80011037
core   0: 0x80001c22 (0x00eb4503) lbu     a0, 14(s6)
core   0: 3 0x80001c22 (0x00eb4503) x10 0x000000c5 mem 0x80017bcb
core   0: 0x80001c26 (0x09819a83) lh      s5, 152(gp)
core   0: 3 0x80001c26 (0x09819a83) x21 0x000008a4 mem 0x80010c3c
core   0: 0x80001c2a (0xffeb0d83) lb      s11, -2(s6)
core   0: 3 0x80001c2a (0xffeb0d83) x27 0xffffff82 mem 0x80017bbb
core   0: 0x80001c2e (0xbfb18d23) sb      s11, -1030(gp)
core   0: 3 0x80001c2e (0xbfb18d23) mem 0x8001079e 0x82
core   0: 0x80001c32 (0xa1d19023) sh      t4, -1536(gp)
core   0: 3 0x80001c32 (0xa1d19023) mem 0x800105a4 0x0007
core   0: 0x80001c36 (0x0000f197) auipc   gp, 0xf
core   0: 3 0x80001c36 (0x0000f197) x 3 0x80010c36
core   0: 0x80001c3a (0xf8718193) addi    gp, gp, -121
core   0: 3 0x80001c3a (0xf8718193) x 3 0x80010bbd
core   0: 0x80001c3e (0x0c419ea3) sh      tp, 221(gp)
core   0: 3 0x80001c3e (0x0c419ea3) mem 0x80010c9a 0x0014
core   0: 0x80001c42 (0x10018a83) lb      s5, 256(gp)
core   0: 3 0x80001c42 (0x10018a83) x21 0xfffffff9 mem 0x80010cbd
core   0: 0x80001c46 (0x09a18383) lb      t2, 154(gp)
core   0: 3 0x80001c46 (0x09a18383) x 7 0xfffffff6 mem 0x80010c57
core   0: 0x80001c4a (0x02d499b3) mulh    s3, s1, a3
core   0: 3 0x80001c4a (0x02d499b3) x19 0x00000000
core   0: 0x80001c4e (0xf28191a3) sh      s0, -221(gp)
core   0: 3 0x80001c4e (0xf28191a3) mem 0x80010ae0 0x797c
core   0: 0x80001c52 (0xf261cf03) lbu     t5, -218(gp)
core   0: 3 0x80001c52 (0xf261cf03) x30 0x00000027 mem 0x80010ae3
core   0: 0x80001c56 (0xf421a5a3) sw      sp, -181(gp)
core   0: 3 0x80001c56 (0xf421a5a3) mem 0x80010b08 0x80010f04
core   0: 0x80001c5a (0x07618c03) lb      s8, 118(gp)
core   0: 3 0x80001c5a (0x07618c03) x24 0x0000001c mem 0x80010c33
core   0: 0x80001c5e (0x02c18b83) lb      s7, 44(gp)
core   0: 3 0x80001c5e (0x02c18b83) x23 0xffffffc7 mem 0x80010be9
core   0: 0x80001c62 (0x0c41cb83) lbu     s7, 196(gp)
core   0: 3 0x80001c62 (0x0c41cb83) x23 0x000000c7 mem 0x80010c81
core   0: 0x80001c66 (0xf1318e23) sb      s3, -228(gp)
core   0: 3 0x80001c66 (0xf1318e23) mem 0x80010ad9 0x0
core   0: 0x80001c6a (0x0ff0000f) fence   iorw,iorw
core   0: 3 0x80001c6a (0x0ff0000f)
core   0: 0x80001c6e (0xfa81ca83) lbu     s5, -88(gp)
core   0: 3 0x80001c6e (0xfa81ca83) x21 0x00000012 mem 0x80010b65
core   0: 0x80001c72 (0x0c11d383) lhu     t2, 193(gp)
core   0: 3 0x80001c72 (0x0c11d383) x 7 0x00004358 mem 0x80010c7e
core   0: 0x80001c76 (0x02c3a2b3) mulhsu  t0, t2, a2
core   0: 3 0x80001c76 (0x02c3a2b3) x 5 0x000021ab
core   0: 0x80001c7a (0xf3d1cd83) lbu     s11, -195(gp)
core   0: 3 0x80001c7a (0xf3d1cd83) x27 0x000000c0 mem 0x80010afa
core   0: 0x80001c7e (0x0431db03) lhu     s6, 67(gp)
core   0: 3 0x80001c7e (0x0431db03) x22 0x0000a4e8 mem 0x80010c00
core   0: 0x80001c82 (0x09e18aa3) sb      t5, 149(gp)
core   0: 3 0x80001c82 (0x09e18aa3) mem 0x80010c52 0x27
core   0: 0x80001c86 (0xf0b18223) sb      a1, -252(gp)
core   0: 3 0x80001c86 (0xf0b18223) mem 0x80010ac1 0x0
core   0: 0x80001c8a (0xff41c803) lbu     a6, -12(gp)
core   0: 3 0x80001c8a (0xff41c803) x16 0x00000021 mem 0x80010bb1
core   0: 0x80001c8e (0x0b81ca83) lbu     s5, 184(gp)
core   0: 3 0x80001c8e (0x0b81ca83) x21 0x000000fe mem 0x80010c75
core   0: 0x80001c92 (0x03a1c603) lbu     a2, 58(gp)
core   0: 3 0x80001c92 (0x03a1c603) x12 0x00000021 mem 0x80010bf7
core   0: 0x80001c96 (0x0ff18c23) sb      t6, 248(gp)
core   0: 3 0x80001c96 (0x0ff18c23) mem 0x80010cb5 0x0
core   0: 0x80001c9a (0x00009ae2) c.add   s5, s8
core   0: 3 0x80001c9a (0x9ae2) x21 0x0000011a
core   0: 0x80001c9c (0xf1e1cd83) lbu     s11, -226(gp)
core   0: 3 0x80001c9c (0xf1e1cd83) x27 0x000000fa mem 0x80010adb
core   0: 0x80001ca0 (0x00c57db3) and     s11, a0, a2
core   0: 3 0x80001ca0 (0x00c57db3) x27 0x00000001
core   0: 0x80001ca4 (0x40918533) sub     a0, gp, s1
core   0: 3 0x80001ca4 (0x40918533) x10 0x80010bbe
core   0: 0x80001ca8 (0x03d1c803) lbu     a6, 61(gp)
core   0: 3 0x80001ca8 (0x03d1c803) x16 0x00000086 mem 0x80010bfa
core   0: 0x80001cac (0x037977b3) remu    a5, s2, s7
core   0: 3 0x80001cac (0x037977b3) x15 0x000000bc
core   0: 0x80001cb0 (0x0611cf83) lbu     t6, 97(gp)
core   0: 3 0x80001cb0 (0x0611cf83) x31 0x00000084 mem 0x80010c1e
core   0: 0x80001cb4 (0xf2618683) lb      a3, -218(gp)
core   0: 3 0x80001cb4 (0xf2618683) x13 0x00000027 mem 0x80010ae3
core   0: 0x80001cb8 (0x00000e04) c.addi4spn s1, sp, 784
core   0: 3 0x80001cb8 (0x0e04) x 9 0x80011214
core   0: 0x80001cba (0xf041a1a3) sw      tp, -253(gp)
core   0: 3 0x80001cba (0xf041a1a3) mem 0x80010ac0 0x00000014
core   0: 0x80001cbe (0x0000863d) c.srai  a2, 15
core   0: 3 0x80001cbe (0x863d) x12 0x00000000
core   0: 0x80001cc0 (0x0275ebb3) rem     s7, a1, t2
core   0: 3 0x80001cc0 (0x0275ebb3) x23 0x00001fc8
core   0: 0x80001cc4 (0x0063d493) srli    s1, t2, 6
core   0: 3 0x80001cc4 (0x0063d493) x 9 0x0000010d
core   0: 0x80001cc8 (0xf7119483) lh      s1, -143(gp)
core   0: 3 0x80001cc8 (0xf7119483) x 9 0x00006808 mem 0x80010b2e
core   0: 0x80001ccc (0x05218aa3) sb      s2, 85(gp)
core   0: 3 0x80001ccc (0x05218aa3) mem 0x80010c12 0x83
core   0: 0x80001cd0 (0xf8c1cf03) lbu     t5, -116(gp)
core   0: 3 0x80001cd0 (0xf8c1cf03) x30 0x0000005c mem 0x80010b49
core   0: 0x80001cd4 (0x036d6833) rem     a6, s10, s6
core   0: 3 0x80001cd4 (0x036d6833) x16 0x00000000
core   0: 0x80001cd8 (0xf7c1c083) lbu     ra, -132(gp)
core   0: 3 0x80001cd8 (0xf7c1c083) x 1 0x00000012 mem 0x80010b39
core   0: 0x80001cdc (0x0001d117) auipc   sp, 0x1d
core   0: 3 0x80001cdc (0x0001d117) x 2 0x8001ecdc
core   0: 0x80001ce0 (0xb1610113) addi    sp, sp, -1258
core   0: 3 0x80001ce0 (0xb1610113) x 2 0x8001e7f2
core   0: 0x80001ce4 (0xf01103a3) sb      ra, -249(sp)
core   0: 3 0x80001ce4 (0xf01103a3) mem 0x8001e6f9 0x12
core   0: 0x80001ce8 (0x0136dbb3) srl     s7, a3, s3
core   0: 3 0x80001ce8 (0x0136dbb3) x23 0x00000027
core   0: 0x80001cec (0x00cf8033) add     zero, t6, a2
core   0: 3 0x80001cec (0x00cf8033)
core   0: 0x80001cf0 (0x0d011403) lh      s0, 208(sp)
core   0: 3 0x80001cf0 (0x0d011403) x 8 0x000021ac mem 0x8001e8c2
core   0: 0x80001cf4 (0xff910403) lb      s0, -7(sp)
core   0: 3 0x80001cf4 (0xff910403) x 8 0xffffffbe mem 0x8001e7eb
core   0: 0x80001cf8 (0x03e21d33) mulh    s10, tp, t5
core   0: 3 0x80001cf8 (0x03e21d33) x26 0x00000000
core   0: 0x80001cfc (0xfe615c03) lhu     s8, -26(sp)
core   0: 3 0x80001cfc (0xfe615c03) x24 0x00001289 mem 0x8001e7d8
core   0: 0x80001d00 (0x01fa1393) slli    t2, s4, 31
core   0: 3 0x80001d00 (0x01fa1393) x 7 0x00000000
core   0: 0x80001d04 (0x0100b633) sltu    a2, ra, a6
core   0: 3 0x80001d04 (0x0100b633) x12 0x00000000
core   0: 0x80001d08 (0x00000001) c.nop
core   0: 3 0x80001d08 (0x0001)
core   0: 0x80001d0a (0x02d91233) mulh    tp, s2, a3
core   0: 3 0x80001d0a (0x02d91233) x 4 0xffffffff
core   0: 0x80001d0e (0x03e584b3) mul     s1, a1, t5
core   0: 3 0x80001d0e (0x03e584b3) x 9 0xb6100000
core   0: 0x80001d12 (0x04610fa3) sb      t1, 95(sp)
core   0: 3 0x80001d12 (0x04610fa3) mem 0x8001e851 0x0
core   0: 0x80001d16 (0x037d6fb3) rem     t6, s10, s7
core   0: 3 0x80001d16 (0x037d6fb3) x31 0x00000000
core   0: 0x80001d1a (0x0c110f03) lb      t5, 193(sp)
core   0: 3 0x80001d1a (0x0c110f03) x30 0x00000052 mem 0x8001e8b3
core   0: 0x80001d1e (0x0000882d) c.andi  s0, 11
core   0: 3 0x80001d1e (0x882d) x 8 0x0000000a
core   0: 0x80001d20 (0x00009816) c.add   a6, t0
core   0: 3 0x80001d20 (0x9816) x16 0x000021ab
core   0: 0x80001d22 (0x00008e75) c.and   a2, a3
core   0: 3 0x80001d22 (0x8e75) x12 0x00000000
core   0: 0x80001d24 (0x8a0e0513) addi    a0, t3, -1888
core   0: 3 0x80001d24 (0x8a0e0513) x10 0xfffff8a0
core   0: 0x80001d28 (0x0ac14f03) lbu     t5, 172(sp)
core   0: 3 0x80001d28 (0x0ac14f03) x30 0x0000004d mem 0x8001e89e
core   0: 0x80001d2c (0x032614b3) mulh    s1, a2, s2
core   0: 3 0x80001d2c (0x032614b3) x 9 0x00000000
core   0: 0x80001d30 (0x02cb47b3) div     a5, s6, a2
core   0: 3 0x80001d30 (0x02cb47b3) x15 0xffffffff
core   0: 0x80001d34 (0x00000672) c.slli  a2, 28
core   0: 3 0x80001d34 (0x0672) x12 0x00000000
core   0: 0x80001d36 (0x00c85593) srli    a1, a6, 12
core   0: 3 0x80001d36 (0x00c85593) x11 0x00000002
core   0: 0x80001d3a (0x03635833) divu    a6, t1, s6
core   0: 3 0x80001d3a (0x03635833) x16 0x0000c91e
core   0: 0x80001d3e (0x5e50a313) slti    t1, ra, 1509
core   0: 3 0x80001d3e (0x5e50a313) x 6 0x00000001
core   0: 0x80001d42 (0xfcc10983) lb      s3, -52(sp)
core   0: 3 0x80001d42 (0xfcc10983) x19 0x00000020 mem 0x8001e7be
core   0: 0x80001d46 (0x01e2dc13) srli    s8, t0, 30
core   0: 3 0x80001d46 (0x01e2dc13) x24 0x00000000
core   0: 0x80001d4a (0xccfcca93) xori    s5, s9, -817
core   0: 3 0x80001d4a (0xccfcca93) x21 0x7ffffccf
core   0: 0x80001d4e (0xfa615f83) lhu     t6, -90(sp)
core   0: 3 0x80001d4e (0xfa615f83) x31 0x0000cd3b mem 0x8001e798
core   0: 0x80001d52 (0x01dcc1b3) xor     gp, s9, t4
core   0: 3 0x80001d52 (0x01dcc1b3) x 3 0x80000007
core   0: 0x80001d56 (0xf0f14803) lbu     a6, -241(sp)
core   0: 3 0x80001d56 (0xf0f14803) x16 0x000000a7 mem 0x8001e701
core   0: 0x80001d5a (0x00008c61) c.and   s0, s0
core   0: 3 0x80001d5a (0x8c61) x 8 0x0000000a
core   0: 0x80001d5c (0x0000987a) c.add   a6, t5
core   0: 3 0x80001d5c (0x987a) x16 0x000000f4
core   0: 0x80001d5e (0x0112dd33) srl     s10, t0, a7
core   0: 3 0x80001d5e (0x0112dd33) x26 0x0000021a
core   0: 0x80001d62 (0x00008e69) c.and   a2, a0
core   0: 3 0x80001d62 (0x8e69) x12 0x00000000
core   0: 0x80001d64 (0x021a9fb3) mulh    t6, s5, ra
core   0: 3 0x80001d64 (0x021a9fb3) x31 0x00000008
core   0: 0x80001d68 (0x00008045) c.srli  s0, 17
core   0: 3 0x80001d68 (0x8045) x 8 0x00000000
core   0: 0x80001d6a (0xf9d5b193) sltiu   gp, a1, -99
core   0: 3 0x80001d6a (0xf9d5b193) x 3 0x00000001
core   0: 0x80001d6e (0x41a58533) sub     a0, a1, s10
core   0: 3 0x80001d6e (0x41a58533) x10 0xfffffde8
core   0: 0x80001d72 (0x09c11603) lh      a2, 156(sp)
core   0: 3 0x80001d72 (0x09c11603) x12 0x00006e88 mem 0x8001e88e
core   0: 0x80001d76 (0x0000ff97) auipc   t6, 0xf
core   0: 3 0x80001d76 (0x0000ff97) x31 0x80010d76
core   0: 0x80001d7a (0xd5cf8f93) addi    t6, t6, -676
core   0: 3 0x80001d7a (0xd5cf8f93) x31 0x80010ad2
core   0: 0x80001d7e (0x156f9a23) sh      s6, 340(t6)
core   0: 3 0x80001d7e (0x156f9a23) mem 0x80010c26 0xa4e8
core   0: 0x80001d82 (0xbe8f9b83) lh      s7, -1048(t6)
core   0: 3 0x80001d82 (0xbe8f9b83) x23 0xffffcad5 mem 0x800106ba
core   0: 0x80001d86 (0xd47fcd83) lbu     s11, -697(t6)
core   0: 3 0x80001d86 (0xd47fcd83) x27 0x00000080 mem 0x80010819
core   0: 0x80001d8a (0x00015997) auipc   s3, 0x15
core   0: 3 0x80001d8a (0x00015997) x19 0x80016d8a
core   0: 0x80001d8e (0x72a98993) addi    s3, s3, 1834
core   0: 3 0x80001d8e (0x72a98993) x19 0x800174b4
core   0: 0x80001d92 (0x06e98523) sb      a4, 106(s3)
core   0: 3 0x80001d92 (0x06e98523) mem 0x8001751e 0xe4
core   0: 0x80001d96 (0x15afa803) lw      a6, 346(t6)
core   0: 3 0x80001d96 (0x15afa803) x16 0x13ed4d82 mem 0x80010c2c
core   0: 0x80001d9a (0x09398303) lb      t1, 147(s3)
core   0: 3 0x80001d9a (0x09398303) x 6 0xffffffe3 mem 0x80017547
core   0: 0x80001d9e (0x366f9083) lh      ra, 870(t6)
core   0: 3 0x80001d9e (0x366f9083) x 1 0xfffffb66 mem 0x80010e38
core   0: 0x80001da2 (0x096988a3) sb      s6, 145(s3)
core   0: 3 0x80001da2 (0x096988a3) mem 0x80017545 0xe8
core   0: 0x80001da6 (0x579f86a3) sb      s9, 1389(t6)
core   0: 3 0x80001da6 (0x579f86a3) mem 0x8001103f 0x0
core   0: 0x80001daa (0x0a69c683) lbu     a3, 166(s3)
core   0: 3 0x80001daa (0x0a69c683) x13 0x00000026 mem 0x8001755a
core   0: 0x80001dae (0x0ea98723) sb      a0, 238(s3)
core   0: 3 0x80001dae (0x0ea98723) mem 0x800175a2 0xe8
core   0: 0x80001db2 (0xa13f8503) lb      a0, -1517(t6)
core   0: 3 0x80001db2 (0xa13f8503) x10 0xffffffa5 mem 0x800104e5
core   0: 0x80001db6 (0x00012e97) auipc   t4, 0x12
core   0: 3 0x80001db6 (0x00012e97) x29 0x80013db6
core   0: 0x80001dba (0xcf6e8e93) addi    t4, t4, -778
core   0: 3 0x80001dba (0xcf6e8e93) x29 0x80013aac
core   0: 0x80001dbe (0x00013797) auipc   a5, 0x13
core   0: 3 0x80001dbe (0x00013797) x15 0x80014dbe
core   0: 0x80001dc2 (0x62278793) addi    a5, a5, 1570
core   0: 3 0x80001dc2 (0x62278793) x15 0x800153e0
core   0: 0x80001dc6 (0xff87ac23) sw      s8, -8(a5)
core   0: 3 0x80001dc6 (0xff87ac23) mem 0x800153d8 0x00000000
core   0: 0x80001dca (0x00018f17) auipc   t5, 0x18
core   0: 3 0x80001dca (0x00018f17) x30 0x80019dca
core   0: 0x80001dce (0xdb7f0f13) addi    t5, t5, -585
core   0: 3 0x80001dce (0xdb7f0f13) x30 0x80019b81
core   0: 0x80001dd2 (0x089e8603) lb      a2, 137(t4)
core   0: 3 0x80001dd2 (0x089e8603) x12 0xffffffad mem 0x80013b35
core   0: 0x80001dd6 (0xff0f0723) sb      a6, -18(t5)
core   0: 3 0x80001dd6 (0xff0f0723) mem 0x80019b6f 0x82
core   0: 0x80001dda (0xffef0183) lb      gp, -2(t5)
core   0: 3 0x80001dda (0xffef0183) x 3 0xffffffca mem 0x80019b7f
core   0: 0x80001dde (0xf6ee9c23) sh      a4, -136(t4)
core   0: 3 0x80001dde (0xf6ee9c23) mem 0x80013a24 0x9ce4
core   0: 0x80001de2 (0x038f4a03) lbu     s4, 56(t5)
core   0: 3 0x80001de2 (0x038f4a03) x20 0x00000064 mem 0x80019bb9
core   0: 0x80001de6 (0xfff7c903) lbu     s2, -1(a5)
core   0: 3 0x80001de6 (0xfff7c903) x18 0x00000039 mem 0x800153df
core   0: 0x80001dea (0xf20e9583) lh      a1, -224(t4)
core   0: 3 0x80001dea (0xf20e9583) x11 0x00003617 mem 0x800139cc
core   0: 0x80001dee (0xffe7d383) lhu     t2, -2(a5)
core   0: 3 0x80001dee (0xffe7d383) x 7 0x000039c0 mem 0x800153de
core   0: 0x80001df2 (0x00004b88) c.lw    a0, 16(a5)
core   0: 3 0x80001df2 (0x4b88) x10 0xdc4d2a27 mem 0x800153f0
core   0: 0x80001df4 (0xff9f4103) lbu     sp, -7(t5)
core   0: 3 0x80001df4 (0xff9f4103) x 2 0x00000091 mem 0x80019b7a
core   0: 0x80001df8 (0x020f4003) lbu     zero, 32(t5)
core   0: 3 0x80001df8 (0x020f4003) mem 0x80019ba1
core   0: 0x80001dfc (0xf1ceaf83) lw      t6, -228(t4)
core   0: 3 0x80001dfc (0xf1ceaf83) x31 0xa6a75467 mem 0x800139c8
core   0: 0x80001e00 (0x090e8b03) lb      s6, 144(t4)
core   0: 3 0x80001e00 (0x090e8b03) x22 0xffffff93 mem 0x80013b3c
core   0: 0x80001e04 (0xffcf0e03) lb      t3, -4(t5)
core   0: 3 0x80001e04 (0xffcf0e03) x28 0x0000001f mem 0x80019b7d
core   0: 0x80001e08 (0xfea7aa23) sw      a0, -12(a5)
core   0: 3 0x80001e08 (0xfea7aa23) mem 0x800153d4 0xdc4d2a27
core   0: 0x80001e0c (0xfe8e8023) sb      s0, -32(t4)
core   0: 3 0x80001e0c (0xfe8e8023) mem 0x80013a8c 0x0
core   0: 0x80001e10 (0x00008e35) c.xor   a2, a3
core   0: 3 0x80001e10 (0x8e35) x12 0xffffff8b
core   0: 0x80001e12 (0x0dc4f813) andi    a6, s1, 220
core   0: 3 0x80001e12 (0x0dc4f813) x16 0x00000000
core   0: 0x80001e16 (0x02eabbb3) mulhu   s7, s5, a4
core   0: 3 0x80001e16 (0x02eabbb3) x23 0x40014cd9
core   0: 0x80001e1a (0x0000e299) c.bnez  a3, pc + 6
core   0: 3 0x80001e1a (0xe299)
core   0: 0x80001e20 (0x00005ffd) c.li    t6, -1
core   0: 3 0x80001e20 (0x5ffd) x31 0xffffffff
core   0: 0x80001e22 (0x00019197) auipc   gp, 0x19
core   0: 3 0x80001e22 (0x00019197) x 3 0x8001ae22
core   0: 0x80001e26 (0xdd818193) addi    gp, gp, -552
core   0: 3 0x80001e26 (0xdd818193) x 3 0x8001abfa
core   0: 0x80001e2a (0x00017217) auipc   tp, 0x17
core   0: 3 0x80001e2a (0x00017217) x 4 0x80018e2a
core   0: 0x80001e2e (0x07b20213) addi    tp, tp, 123
core   0: 3 0x80001e2e (0x07b20213) x 4 0x80018ea5
core   0: 0x80001e32 (0x00019f97) auipc   t6, 0x19
core   0: 3 0x80001e32 (0x00019f97) x31 0x8001ae32
core   0: 0x80001e36 (0xec3f8f93) addi    t6, t6, -317
core   0: 3 0x80001e36 (0xec3f8f93) x31 0x8001acf5
core   0: 0x80001e3a (0x00018417) auipc   s0, 0x18
core   0: 3 0x80001e3a (0x00018417) x 8 0x80019e3a
core   0: 0x80001e3e (0xe3340413) addi    s0, s0, -461
core   0: 3 0x80001e3e (0xe3340413) x 8 0x80019c6d
core   0: 0x80001e42 (0xf0824503) lbu     a0, -248(tp)
core   0: 3 0x80001e42 (0xf0824503) x10 0x000000e2 mem 0x80018dad
core   0: 0x80001e46 (0x0161d283) lhu     t0, 22(gp)
core   0: 3 0x80001e46 (0x0161d283) x 5 0x0000e3d4 mem 0x8001ac10
core   0: 0x80001e4a (0xf5ffcf03) lbu     t5, -161(t6)
core   0: 3 0x80001e4a (0xf5ffcf03) x30 0x0000001a mem 0x8001ac54
core   0: 0x80001e4e (0xf6921383) lh      t2, -151(tp)
core   0: 3 0x80001e4e (0xf6921383) x 7 0x000078e3 mem 0x80018e0e
core   0: 0x80001e52 (0xfc220d83) lb      s11, -62(tp)
core   0: 3 0x80001e52 (0xfc220d83) x27 0xfffffff7 mem 0x80018e67
core   0: 0x80001e56 (0xc4940423) sb      s1, -952(s0)
core   0: 3 0x80001e56 (0xc4940423) mem 0x800198b5 0x0
core   0: 0x80001e5a (0x05df8ea3) sb      t4, 93(t6)
core   0: 3 0x80001e5a (0x05df8ea3) mem 0x8001ad52 0xac
core   0: 0x80001e5e (0x01c182a3) sb      t3, 5(gp)
core   0: 3 0x80001e5e (0x01c182a3) mem 0x8001abff 0x1f
core   0: 0x80001e62 (0xf17f8b23) sb      s7, -234(t6)
core   0: 3 0x80001e62 (0xf17f8b23) mem 0x8001ac0b 0xd9
core   0: 0x80001e66 (0xff51ca83) lbu     s5, -11(gp)
core   0: 3 0x80001e66 (0xff51ca83) x21 0x000000e7 mem 0x8001abef
core   0: 0x80001e6a (0x00d1c003) lbu     zero, 13(gp)
core   0: 3 0x80001e6a (0x00d1c003) mem 0x8001ac07
core   0: 0x80001e6e (0xf8a24103) lbu     sp, -118(tp)
core   0: 3 0x80001e6e (0xf8a24103) x 2 0x000000d8 mem 0x80018e2f
core   0: 0x80001e72 (0x00b183a3) sb      a1, 7(gp)
core   0: 3 0x80001e72 (0x00b183a3) mem 0x8001ac01 0x17
core   0: 0x80001e76 (0x0b7fce83) lbu     t4, 183(t6)
core   0: 3 0x80001e76 (0x0b7fce83) x29 0x00000092 mem 0x8001adac
core   0: 0x80001e7a (0xf1e24e03) lbu     t3, -226(tp)
core   0: 3 0x80001e7a (0xf1e24e03) x28 0x000000d2 mem 0x80018dc3
core   0: 0x80001e7e (0xf4824a03) lbu     s4, -184(tp)
core   0: 3 0x80001e7e (0xf4824a03) x20 0x00000055 mem 0x80018ded
core   0: 0x80001e82 (0x0331c783) lbu     a5, 51(gp)
core   0: 3 0x80001e82 (0x0331c783) x15 0x000000c5 mem 0x8001ac2d
core   0: 0x80001e86 (0x00a20d23) sb      a0, 26(tp)
core   0: 3 0x80001e86 (0x00a20d23) mem 0x80018ebf 0xe2
core   0: 0x80001e8a (0x03df8023) sb      t4, 32(t6)
core   0: 3 0x80001e8a (0x03df8023) mem 0x8001ad15 0x92
core   0: 0x80001e8e (0x32a415a3) sh      a0, 811(s0)
core   0: 3 0x80001e8e (0x32a415a3) mem 0x80019f98 0x00e2
core   0: 0x80001e92 (0xe4440aa3) sb      tp, -427(s0)
core   0: 3 0x80001e92 (0xe4440aa3) mem 0x80019ac2 0xa5
core   0: 0x80001e96 (0xff51ad23) sw      s5, -6(gp)
core   0: 3 0x80001e96 (0xff51ad23) mem 0x8001abf4 0x000000e7
core   0: 0x80001e9a (0xffb42383) lw      t2, -5(s0)
core   0: 3 0x80001e9a (0xffb42383) x 7 0x63d14c7e mem 0x80019c68
core   0: 0x80001e9e (0xf1941603) lh      a2, -231(s0)
core   0: 3 0x80001e9e (0xf1941603) x12 0xffff97be mem 0x80019b86
core   0: 0x80001ea2 (0x03601db3) mulh    s11, zero, s6
core   0: 3 0x80001ea2 (0x03601db3) x27 0x00000000
core   0: 0x80001ea6 (0x01c97833) and     a6, s2, t3
core   0: 3 0x80001ea6 (0x01c97833) x16 0x00000010
core   0: 0x80001eaa (0x0000e789) c.bnez  a5, pc + 10
core   0: 3 0x80001eaa (0xe789)
core   0: 0x80001eb4 (0x01414333) xor     t1, sp, s4
core   0: 3 0x80001eb4 (0x01414333) x 6 0x0000008d
core   0: 0x80001eb8 (0x0000717d) c.addi16sp sp, -16
core   0: 3 0x80001eb8 (0x717d) x 2 0x000000c8
core   0: 0x80001eba (0x0000012e) c.slli  sp, 11
core   0: 3 0x80001eba (0x012e) x 2 0x00064000
core   0: 0x80001ebc (0x0ff0000f) fence   iorw,iorw
core   0: 3 0x80001ebc (0x0ff0000f)
core   0: 0x80001ec0 (0x408880b3) sub     ra, a7, s0
core   0: 3 0x80001ec0 (0x408880b3) x 1 0x0000c1f7
core   0: 0x80001ec4 (0x00000001) c.nop
core   0: 3 0x80001ec4 (0x0001)
core   0: 0x80001ec6 (0x401e5033) sra     zero, t3, ra
core   0: 3 0x80001ec6 (0x401e5033)
core   0: 0x80001eca (0xf9f62d93) slti    s11, a2, -97
core   0: 3 0x80001eca (0xf9f62d93) x27 0x00000001
core   0: 0x80001ece (0x0000100f) fence.i
core   0: 3 0x80001ece (0x0000100f)
core   0: 0x80001ed2 (0x03484563) blt     a6, s4, pc + 42
core   0: 3 0x80001ed2 (0x03484563)
core   0: 0x80001efc (0x00285663) bge     a6, sp, pc + 12
core   0: 3 0x80001efc (0x00285663)
core   0: 0x80001f00 (0xcf98f913) andi    s2, a7, -775
core   0: 3 0x80001f00 (0xcf98f913) x18 0x80025c60
core   0: 0x80001f04 (0xdc086493) ori     s1, a6, -576
core   0: 3 0x80001f04 (0xdc086493) x 9 0xfffffdd0
core   0: 0x80001f08 (0x005d2233) slt     tp, s10, t0
core   0: 3 0x80001f08 (0x005d2233) x 4 0x00000001
core   0: 0x80001f0c (0x0178b933) sltu    s2, a7, s7
core   0: 3 0x80001f0c (0x0178b933) x18 0x00000000
core   0: 0x80001f10 (0x00008d59) c.or    a0, a4
core   0: 3 0x80001f10 (0x8d59) x10 0x80029ce6
core   0: 0x80001f12 (0x00008e9e) c.mv    t4, t2
core   0: 3 0x80001f12 (0x8e9e) x29 0x63d14c7e
core   0: 0x80001f14 (0x00008b06) c.mv    s6, ra
core   0: 3 0x80001f14 (0x8b06) x22 0x0000c1f7
core   0: 0x80001f16 (0x01ed8bb3) add     s7, s11, t5
core   0: 3 0x80001f16 (0x01ed8bb3) x23 0x0000001b
core   0: 0x80001f1a (0x038a0f63) beq     s4, s8, pc + 62
core   0: 3 0x80001f1a (0x038a0f63)
core   0: 0x80001f1e (0x0000c395) c.beqz  a5, pc + 36
core   0: 3 0x80001f1e (0xc395)
core   0: 0x80001f20 (0x00008ded) c.and   a1, a1
core   0: 3 0x80001f20 (0x8ded) x11 0x00003617
core   0: 0x80001f22 (0x02afec33) rem     s8, t6, a0
core   0: 3 0x80001f22 (0x02afec33) x24 0xffff100f
core   0: 0x80001f26 (0x01d04863) blt     zero, t4, pc + 16
core   0: 3 0x80001f26 (0x01d04863)
core   0: 0x80001f36 (0x00008a32) c.mv    s4, a2
core   0: 3 0x80001f36 (0x8a32) x20 0xffff97be
core   0: 0x80001f38 (0x00000001) c.nop
core   0: 3 0x80001f38 (0x0001)
core   0: 0x80001f3a (0x02974b63) blt     a4, s1, pc + 54
core   0: 3 0x80001f3a (0x02974b63)
core   0: 0x80001f70 (0x7750eb13) ori     s6, ra, 1909
core   0: 3 0x80001f70 (0x7750eb13) x22 0x0000c7f7
core   0: 0x80001f74 (0x00000001) c.nop
core   0: 3 0x80001f74 (0x0001)
core   0: 0x80001f76 (0x00ec9963) bne     s9, a4, pc + 18
core   0: 3 0x80001f76 (0x00ec9963)
core   0: 0x80001f88 (0x001cd793) srli    a5, s9, 1
core   0: 3 0x80001f88 (0x001cd793) x15 0x40000000
core   0: 0x80001f8c (0x0954e793) ori     a5, s1, 149
core   0: 3 0x80001f8c (0x0954e793) x15 0xfffffdd5
core   0: 0x80001f90 (0x02618a33) mul     s4, gp, t1
core   0: 3 0x80001f90 (0x02618a33) x20 0x80ebb8b2
core   0: 0x80001f94 (0x02db72b3) remu    t0, s6, a3
core   0: 3 0x80001f94 (0x02db72b3) x 5 0x00000005
core   0: 0x80001f98 (0x1753ea13) ori     s4, t2, 373
core   0: 3 0x80001f98 (0x1753ea13) x20 0x63d14d7f
core   0: 0x80001f9c (0x000056fd) c.li    a3, -1
core   0: 3 0x80001f9c (0x56fd) x13 0xffffffff
core   0: 0x80001f9e (0x00008826) c.mv    a6, s1
core   0: 3 0x80001f9e (0x8826) x16 0xfffffdd0
core   0: 0x80001fa0 (0x017cb493) sltiu   s1, s9, 23
core   0: 3 0x80001fa0 (0x017cb493) x 9 0x00000000
core   0: 0x80001fa4 (0x02c6e563) bltu    a3, a2, pc + 42
core   0: 3 0x80001fa4 (0x02c6e563)
core   0: 0x80001fa8 (0x033d6bb3) rem     s7, s10, s3
core   0: 3 0x80001fa8 (0x033d6bb3) x23 0x0000021a
core   0: 0x80001fac (0xec0e8313) addi    t1, t4, -320
core   0: 3 0x80001fac (0xec0e8313) x 6 0x63d14b3e
core   0: 0x80001fb0 (0x0000ce15) c.beqz  a2, pc + 60
core   0: 3 0x80001fb0 (0xce15)
core   0: 0x80001fb2 (0x05204163) blt     zero, s2, pc + 66
core   0: 3 0x80001fb2 (0x05204163)
core   0: 0x80001fb6 (0x00005e7d) c.li    t3, -1
core   0: 3 0x80001fb6 (0x5e7d) x28 0xffffffff
core   0: 0x80001fb8 (0x02e8e7b3) rem     a5, a7, a4
core   0: 3 0x80001fb8 (0x02e8e7b3) x15 0xffffc180
core   0: 0x80001fbc (0x03007863) bgeu    zero, a6, pc + 48
core   0: 3 0x80001fbc (0x03007863)
core   0: 0x80001fc0 (0x0000612d) c.addi16sp sp, 224
core   0: 3 0x80001fc0 (0x612d) x 2 0x000640e0
core   0: 0x80001fc2 (0x00da4463) blt     s4, a3, pc + 8
core   0: 3 0x80001fc2 (0x00da4463)
core   0: 0x80001fc6 (0xe5ea7393) andi    t2, s4, -418
core   0: 3 0x80001fc6 (0xe5ea7393) x 7 0x63d14c5e
core   0: 0x80001fca (0x03ac5633) divu    a2, s8, s10
core   0: 3 0x80001fca (0x03ac5633) x12 0x0079cff8
core   0: 0x80001fce (0x00c6d763) bge     a3, a2, pc + 14
core   0: 3 0x80001fce (0x00c6d763)
core   0: 0x80001fd2 (0x00000484) c.addi4spn s1, sp, 576
core   0: 3 0x80001fd2 (0x0484) x 9 0x00064320
core   0: 0x80001fd4 (0x0000cd81) c.beqz  a1, pc + 24
core   0: 3 0x80001fd4 (0xcd81)
core   0: 0x80001fd6 (0x0381f533) remu    a0, gp, s8
core   0: 3 0x80001fd6 (0x0381f533) x10 0x8001abfa
core   0: 0x80001fda (0x00000001) c.nop
core   0: 3 0x80001fda (0x0001)
core   0: 0x80001fdc (0x3e4c8e13) addi    t3, s9, 996
core   0: 3 0x80001fdc (0x3e4c8e13) x28 0x800003e4
core   0: 0x80001fe0 (0x03fa4fb3) div     t6, s4, t6
core   0: 3 0x80001fe0 (0x03fa4fb3) x31 0x00000000
core   0: 0x80001fe4 (0x03766db3) rem     s11, a2, s7
core   0: 3 0x80001fe4 (0x03766db3) x27 0x000000fc
core   0: 0x80001fe8 (0x03610e63) beq     sp, s6, pc + 60
core   0: 3 0x80001fe8 (0x03610e63)
core   0: 0x80001fec (0x00005f7d) c.li    t5, -1
core   0: 3 0x80001fec (0x5f7d) x30 0xffffffff
core   0: 0x80001fee (0x40465a93) srai    s5, a2, 4
core   0: 3 0x80001fee (0x40465a93) x21 0x00079cff
core   0: 0x80001ff2 (0x00008ee2) c.mv    t4, s8
core   0: 3 0x80001ff2 (0x8ee2) x29 0xffff100f
core   0: 0x80001ff4 (0x4166deb3) sra     t4, a3, s6
core   0: 3 0x80001ff4 (0x4166deb3) x29 0xffffffff
core   0: 0x80001ff8 (0x008dbd33) sltu    s10, s11, s0
core   0: 3 0x80001ff8 (0x008dbd33) x26 0x00000001
core   0: 0x80001ffc (0x41985333) sra     t1, a6, s9
core   0: 3 0x80001ffc (0x41985333) x 6 0xfffffdd0
core   0: 0x80002000 (0x00000c0e) c.slli  s8, 3
core   0: 3 0x80002000 (0x0c0e) x24 0xfff88078
core   0: 0x80002002 (0x000080ad) c.srli  s1, 11
core   0: 3 0x80002002 (0x80ad) x 9 0x000000c8
core   0: 0x80002004 (0x008a3233) sltu    tp, s4, s0
core   0: 3 0x80002004 (0x008a3233) x 4 0x00000001
core   0: 0x80002008 (0x00cd7833) and     a6, s10, a2
core   0: 3 0x80002008 (0x00cd7833) x16 0x00000000
core   0: 0x8000200c (0x01952833) slt     a6, a0, s9
core   0: 3 0x8000200c (0x01952833) x16 0x00000000
core   0: 0x80002010 (0x00000af6) c.slli  s5, 29
core   0: 3 0x80002010 (0x0af6) x21 0xe0000000
core   0: 0x80002012 (0xcc364e13) xori    t3, a2, -829
core   0: 3 0x80002012 (0xcc364e13) x28 0xff86333b
core   0: 0x80002016 (0x026f1fb3) mulh    t6, t5, t1
core   0: 3 0x80002016 (0x026f1fb3) x31 0x00000000
core   0: 0x8000201a (0x02c462b3) rem     t0, s0, a2
core   0: 3 0x8000201a (0x02c462b3) x 5 0xff87540d
core   0: 0x8000201e (0x412ad413) srai    s0, s5, 18
core   0: 3 0x8000201e (0x412ad413) x 8 0xfffff800
core   0: 0x80002022 (0x00008235) c.srli  a2, 13
core   0: 3 0x80002022 (0x8235) x12 0x000003ce
core   0: 0x80002024 (0x0000829d) c.srli  a3, 7
core   0: 3 0x80002024 (0x829d) x13 0x01ffffff
core   0: 0x80002026 (0x85123d13) sltiu   s10, tp, -1967
core   0: 3 0x80002026 (0x85123d13) x26 0x00000001
core   0: 0x8000202a (0x00fab233) sltu    tp, s5, a5
core   0: 3 0x8000202a (0x00fab233) x 4 0x00000001
core   0: 0x8000202e (0x025ae463) bltu    s5, t0, pc + 40
core   0: 3 0x8000202e (0x025ae463)
core   0: 0x80002056 (0x01698963) beq     s3, s6, pc + 18
core   0: 3 0x80002056 (0x01698963)
core   0: 0x8000205a (0x00008ffd) c.and   a5, a5
core   0: 3 0x8000205a (0x8ffd) x15 0xffffc180
core   0: 0x8000205c (0x703f3413) sltiu   s0, t5, 1795
core   0: 3 0x8000205c (0x703f3413) x 8 0x00000000
core   0: 0x80002060 (0x0317e133) rem     sp, a5, a7
core   0: 3 0x80002060 (0x0317e133) x 2 0xffffc180
core   0: 0x80002064 (0x4599bb93) sltiu   s7, s3, 1113
core   0: 3 0x80002064 (0x4599bb93) x23 0x00000000
core   0: 0x80002068 (0x00008ec9) c.or    a3, a0
core   0: 3 0x80002068 (0x8ec9) x13 0x81ffffff
core   0: 0x8000206a (0x0000e88d) c.bnez  s1, pc + 50
core   0: 3 0x8000206a (0xe88d)
core   0: 0x8000209c (0x0358c833) div     a6, a7, s5
core   0: 3 0x8000209c (0x0358c833) x16 0x00000003
core   0: 0x800020a0 (0x027af833) remu    a6, s5, t2
core   0: 3 0x800020a0 (0x027af833) x16 0x185d6744
core   0: 0x800020a4 (0x00008ff2) c.mv    t6, t3
core   0: 3 0x800020a4 (0x8ff2) x31 0xff86333b
core   0: 0x800020a6 (0x00000001) c.nop
core   0: 3 0x800020a6 (0x0001)
core   0: 0x800020a8 (0x0000616d) c.addi16sp sp, 240
core   0: 3 0x800020a8 (0x616d) x 2 0xffffc270
core   0: 0x800020aa (0x0000e795) c.bnez  a5, pc + 44
core   0: 3 0x800020aa (0xe795)
core   0: 0x800020d6 (0x00008f26) c.mv    t5, s1
core   0: 3 0x800020d6 (0x8f26) x30 0x000000c8
core   0: 0x800020d8 (0x037eb9b3) mulhu   s3, t4, s7
core   0: 3 0x800020d8 (0x037eb9b3) x19 0x00000000
core   0: 0x800020dc (0x00009eca) c.add   t4, s2
core   0: 3 0x800020dc (0x9eca) x29 0xffffffff
core   0: 0x800020de (0x0ff0000f) fence   iorw,iorw
core   0: 3 0x800020de (0x0ff0000f)
core   0: 0x800020e2 (0x032ed663) bge     t4, s2, pc + 44
core   0: 3 0x800020e2 (0x032ed663)
core   0: 0x800020e6 (0xaa0aaa93) slti    s5, s5, -1376
core   0: 3 0x800020e6 (0xaa0aaa93) x21 0x00000001
core   0: 0x800020ea (0x778f6493) ori     s1, t5, 1912
core   0: 3 0x800020ea (0x778f6493) x 9 0x000007f8
core   0: 0x800020ee (0x00008ee1) c.and   a3, s0
core   0: 3 0x800020ee (0x8ee1) x13 0x00000000
core   0: 0x800020f0 (0x00008fb9) c.xor   a5, a4
core   0: 3 0x800020f0 (0x8fb9) x15 0x7ffd5d64
core   0: 0x800020f2 (0x00008d3d) c.xor   a0, a5
core   0: 3 0x800020f2 (0x8d3d) x10 0xfffcf69e
core   0: 0x800020f4 (0x00009dba) c.add   s11, a4
core   0: 3 0x800020f4 (0x9dba) x27 0x80029de0
core   0: 0x800020f6 (0x00000001) c.nop
core   0: 3 0x800020f6 (0x0001)
core   0: 0x800020f8 (0x02d68f33) mul     t5, a3, a3
core   0: 3 0x800020f8 (0x02d68f33) x30 0x00000000
core   0: 0x800020fc (0x40e48bb3) sub     s7, s1, a4
core   0: 3 0x800020fc (0x40e48bb3) x23 0x7ffd6b14
core   0: 0x80002100 (0x000006ed) c.addi  a3, 27
core   0: 3 0x80002100 (0x06ed) x13 0x0000001b
core   0: 0x80002102 (0x0000717d) c.addi16sp sp, -16
core   0: 3 0x80002102 (0x717d) x 2 0xffffc260
core   0: 0x80002104 (0x00d4cdb3) xor     s11, s1, a3
core   0: 3 0x80002104 (0x00d4cdb3) x27 0x000007e3
core   0: 0x80002108 (0x00008d6d) c.and   a0, a1
core   0: 3 0x80002108 (0x8d6d) x10 0x00003616
core   0: 0x8000210a (0x00305293) srli    t0, zero, 3
core   0: 3 0x8000210a (0x00305293) x 5 0x00000000
core   0: 0x8000210e (0x1c946693) ori     a3, s0, 457
core   0: 3 0x8000210e (0x1c946693) x13 0x000001c9
core   0: 0x80002112 (0x03c46a33) rem     s4, s0, t3
core   0: 3 0x80002112 (0x03c46a33) x20 0x00000000
core   0: 0x80002116 (0xa2825f37) lui     t5, 0xa2825
core   0: 3 0x80002116 (0xa2825f37) x30 0xa2825000
core   0: 0x8000211a (0x000009fd) c.addi  s3, 31
core   0: 3 0x8000211a (0x09fd) x19 0x0000001f
core   0: 0x8000211c (0x0211f4b3) remu    s1, gp, ra
core   0: 3 0x8000211c (0x0211f4b3) x 9 0x0000387c
core   0: 0x80002120 (0x00001990) c.addi4spn a2, sp, 240
core   0: 3 0x80002120 (0x1990) x12 0xffffc350
core   0: 0x80002122 (0x08dc6493) ori     s1, s8, 141
core   0: 3 0x80002122 (0x08dc6493) x 9 0xfff880fd
core   0: 0x80002126 (0x00000001) c.nop
core   0: 3 0x80002126 (0x0001)
core   0: 0x80002128 (0x000096ce) c.add   a3, s3
core   0: 3 0x80002128 (0x96ce) x13 0x000001e8
core   0: 0x8000212a (0x2dd46413) ori     s0, s0, 733
core   0: 3 0x8000212a (0x2dd46413) x 8 0x000002dd
core   0: 0x8000212e (0x004e0563) beq     t3, tp, pc + 10
core   0: 3 0x8000212e (0x004e0563)
core   0: 0x80002132 (0x0000817d) c.srli  a0, 31
core   0: 3 0x80002132 (0x817d) x10 0x00000000
core   0: 0x80002134 (0x0051b033) sltu    zero, gp, t0
core   0: 3 0x80002134 (0x0051b033)
core   0: 0x80002138 (0xb0422513) slti    a0, tp, -1276
core   0: 3 0x80002138 (0xb0422513) x10 0x00000000
core   0: 0x8000213c (0x00000b9e) c.slli  s7, 7
core   0: 3 0x8000213c (0x0b9e) x23 0xfeb58a00
core   0: 0x8000213e (0x00000001) c.nop
core   0: 3 0x8000213e (0x0001)
core   0: 0x80002140 (0x03bf9433) mulh    s0, t6, s11
core   0: 3 0x80002140 (0x03bf9433) x 8 0xfffffffc
core   0: 0x80002144 (0x0324c0b3) div     ra, s1, s2
core   0: 3 0x80002144 (0x0324c0b3) x 1 0xffffffff
core   0: 0x80002148 (0x02b6f3b3) remu    t2, a3, a1
core   0: 3 0x80002148 (0x02b6f3b3) x 7 0x000001e8
core   0: 0x8000214c (0x00014917) auipc   s2, 0x14
core   0: 3 0x8000214c (0x00014917) x18 0x8001614c
core   0: 0x80002150 (0xb8d90913) addi    s2, s2, -1139
core   0: 3 0x80002150 (0xb8d90913) x18 0x80015cd9
core   0: 0x80002154 (0x00216fb3) or      t6, sp, sp
core   0: 3 0x80002154 (0x00216fb3) x31 0xffffc260
core   0: 0x80002158 (0x00995b83) lhu     s7, 9(s2)
core   0: 3 0x80002158 (0x00995b83) x23 0x00003870 mem 0x80015ce2
core   0: 0x8000215c (0x00294f83) lbu     t6, 2(s2)
core   0: 3 0x8000215c (0x00294f83) x31 0x00000077 mem 0x80015cdb
core   0: 0x80002160 (0xbab54513) xori    a0, a0, -1109
core   0: 3 0x80002160 (0xbab54513) x10 0xfffffbab
core   0: 0x80002164 (0x00a94f83) lbu     t6, 10(s2)
core   0: 3 0x80002164 (0x00a94f83) x31 0x00000038 mem 0x80015ce3
core   0: 0x80002168 (0x01fbed33) or      s10, s7, t6
core   0: 3 0x80002168 (0x01fbed33) x26 0x00003878
core   0: 0x8000216c (0xff995b83) lhu     s7, -7(s2)
core   0: 3 0x8000216c (0xff995b83) x23 0x00001f9e mem 0x80015cd2
core   0: 0x80002170 (0x00590503) lb      a0, 5(s2)
core   0: 3 0x80002170 (0x00590503) x10 0x00000043 mem 0x80015cde
core   0: 0x80002174 (0xff490b83) lb      s7, -12(s2)
core   0: 3 0x80002174 (0xff490b83) x23 0x00000066 mem 0x80015ccd
core   0: 0x80002178 (0xff290503) lb      a0, -14(s2)
core   0: 3 0x80002178 (0xff290503) x10 0x0000001f mem 0x80015ccb
core   0: 0x8000217c (0xff894b03) lbu     s6, -8(s2)
core   0: 3 0x8000217c (0xff894b03) x22 0x00000060 mem 0x80015cd1
core   0: 0x80002180 (0xfff92da3) sw      t6, -5(s2)
core   0: 3 0x80002180 (0xfff92da3) mem 0x80015cd4 0x00000038
core   0: 0x80002184 (0x016bfbb3) and     s7, s7, s6
core   0: 3 0x80002184 (0x016bfbb3) x23 0x00000060
core   0: 0x80002188 (0x0000016a) c.slli  sp, 26
core   0: 3 0x80002188 (0x016a) x 2 0x80000000
core   0: 0x8000218a (0xff790923) sb      s7, -14(s2)
core   0: 3 0x8000218a (0xff790923) mem 0x80015ccb 0x60
core   0: 0x8000218e (0x01790323) sb      s7, 6(s2)
core   0: 3 0x8000218e (0x01790323) mem 0x80015cdf 0x60
core   0: 0x80002192 (0x00890f83) lb      t6, 8(s2)
core   0: 3 0x80002192 (0x00890f83) x31 0x0000002f mem 0x80015ce1
core   0: 0x80002196 (0xffb92f83) lw      t6, -5(s2)
core   0: 3 0x80002196 (0xffb92f83) x31 0x00000038 mem 0x80015cd4
core   0: 0x8000219a (0x00494b03) lbu     s6, 4(s2)
core   0: 3 0x8000219a (0x00494b03) x22 0x000000cf mem 0x80015cdd
core   0: 0x8000219e (0x41af8133) sub     sp, t6, s10
core   0: 3 0x8000219e (0x41af8133) x 2 0xffffc7c0
core   0: 0x800021a2 (0x1d212513) slti    a0, sp, 466
core   0: 3 0x800021a2 (0x1d212513) x10 0x00000001
core   0: 0x800021a6 (0x00004b61) c.li    s6, 24
core   0: 3 0x800021a6 (0x4b61) x22 0x00000018
core   0: 0x800021a8 (0x002babb3) slt     s7, s7, sp
core   0: 3 0x800021a8 (0x002babb3) x23 0x00000000
core   0: 0x800021ac (0xffd94503) lbu     a0, -3(s2)
core   0: 3 0x800021ac (0xffd94503) x10 0x00000000 mem 0x80015cd6
core   0: 0x800021b0 (0x00394f83) lbu     t6, 3(s2)
core   0: 3 0x800021b0 (0x00394f83) x31 0x000000b0 mem 0x80015cdc
core   0: 0x800021b4 (0xfe290ea3) sb      sp, -3(s2)
core   0: 3 0x800021b4 (0xfe290ea3) mem 0x80015cd6 0xc0
core   0: 0x800021b8 (0xffa919a3) sh      s10, -13(s2)
core   0: 3 0x800021b8 (0xffa919a3) mem 0x80015ccc 0x3878
core   0: 0x800021bc (0xffb91f83) lh      t6, -5(s2)
core   0: 3 0x800021bc (0xffb91f83) x31 0x00000038 mem 0x80015cd4
core   0: 0x800021c0 (0x00a912a3) sh      a0, 5(s2)
core   0: 3 0x800021c0 (0x00a912a3) mem 0x80015cde 0x0000
core   0: 0x800021c4 (0x03755133) divu    sp, a0, s7
core   0: 3 0x800021c4 (0x03755133) x 2 0xffffffff
core   0: 0x800021c8 (0xfe290aa3) sb      sp, -11(s2)
core   0: 3 0x800021c8 (0xfe290aa3) mem 0x80015cce 0xff
core   0: 0x800021cc (0xffb94b03) lbu     s6, -5(s2)
core   0: 3 0x800021cc (0xffb94b03) x22 0x00000038 mem 0x80015cd4
core   0: 0x800021d0 (0xff790da3) sb      s7, -5(s2)
core   0: 3 0x800021d0 (0xff790da3) mem 0x80015cd4 0x0
core   0: 0x800021d4 (0x00090503) lb      a0, 0(s2)
core   0: 3 0x800021d4 (0x00090503) x10 0xffffff90 mem 0x80015cd9
core   0: 0x800021d8 (0x00690b03) lb      s6, 6(s2)
core   0: 3 0x800021d8 (0x00690b03) x22 0x00000000 mem 0x80015cdf
core   0: 0x800021dc (0xffc94503) lbu     a0, -4(s2)
core   0: 3 0x800021dc (0xffc94503) x10 0x00000000 mem 0x80015cd5
core   0: 0x800021e0 (0x03651fb3) mulh    t6, a0, s6
core   0: 3 0x800021e0 (0x03651fb3) x31 0x00000000
core   0: 0x800021e4 (0x016bcfb3) xor     t6, s7, s6
core   0: 3 0x800021e4 (0x016bcfb3) x31 0x00000000
core   0: 0x800021e8 (0x03612bb3) mulhsu  s7, sp, s6
core   0: 3 0x800021e8 (0x03612bb3) x23 0x00000000
core   0: 0x800021ec (0xfea90f23) sb      a0, -2(s2)
core   0: 3 0x800021ec (0xfea90f23) mem 0x80015cd7 0x0
core   0: 0x800021f0 (0x00000001) c.nop
core   0: 3 0x800021f0 (0x0001)
core   0: 0x800021f2 (0x00000001) c.nop
core   0: 3 0x800021f2 (0x0001)
core   0: 0x800021f4 (0x00016a97) auipc   s5, 0x16
core   0: 3 0x800021f4 (0x00016a97) x21 0x800181f4
core   0: 0x800021f8 (0x8bda8a93) addi    s5, s5, -1859
core   0: 3 0x800021f8 (0x8bda8a93) x21 0x80017ab1
core   0: 0x800021fc (0x03bad603) lhu     a2, 59(s5)
core   0: 3 0x800021fc (0x03bad603) x12 0x00003c75 mem 0x80017aec
core   0: 0x80002200 (0x00011f97) auipc   t6, 0x11
core   0: 3 0x80002200 (0x00011f97) x31 0x80013200
core   0: 0x80002204 (0x177f8f93) addi    t6, t6, 375
core   0: 3 0x80002204 (0x177f8f93) x31 0x80013377
core   0: 0x80002208 (0x03ca8f03) lb      t5, 60(s5)
core   0: 3 0x80002208 (0x03ca8f03) x30 0x0000003c mem 0x80017aed
core   0: 0x8000220c (0x035a9903) lh      s2, 53(s5)
core   0: 3 0x8000220c (0x035a9903) x18 0x000069ab mem 0x80017ae6
core   0: 0x80002210 (0x04df9c03) lh      s8, 77(t6)
core   0: 3 0x80002210 (0x04df9c03) x24 0xffffaf24 mem 0x800133c4
core   0: 0x80002214 (0x02bac403) lbu     s0, 43(s5)
core   0: 3 0x80002214 (0x02bac403) x 8 0x00000009 mem 0x80017adc
core   0: 0x80002218 (0xf59f82a3) sb      s9, -187(t6)
core   0: 3 0x80002218 (0xf59f82a3) mem 0x800132bc 0x0
core   0: 0x8000221c (0xfdea8983) lb      s3, -34(s5)
core   0: 3 0x8000221c (0xfdea8983) x19 0xfffffff1 mem 0x80017a8f
core   0: 0x80002220 (0xfe8a9ea3) sh      s0, -3(s5)
core   0: 3 0x80002220 (0xfe8a9ea3) mem 0x80017aae 0x0009
core   0: 0x80002224 (0xfe4a89a3) sb      tp, -13(s5)
core   0: 3 0x80002224 (0xfe4a89a3) mem 0x80017aa4 0x1
core   0: 0x80002228 (0x06bf8203) lb      tp, 107(t6)
core   0: 3 0x80002228 (0x06bf8203) x 4 0x00000017 mem 0x800133e2
core   0: 0x8000222c (0xfefa8d03) lb      s10, -17(s5)
core   0: 3 0x8000222c (0xfefa8d03) x26 0x0000001f mem 0x80017aa0
core   0: 0x80002230 (0xf24fc203) lbu     tp, -220(t6)
core   0: 3 0x80002230 (0xf24fc203) x 4 0x00000082 mem 0x8001329b
core   0: 0x80002234 (0xff0fc303) lbu     t1, -16(t6)
core   0: 3 0x80002234 (0xff0fc303) x 6 0x00000095 mem 0x80013367
core   0: 0x80002238 (0x012ac103) lbu     sp, 18(s5)
core   0: 3 0x80002238 (0x012ac103) x 2 0x0000003d mem 0x80017ac3
core   0: 0x8000223c (0xf85fa603) lw      a2, -123(t6)
core   0: 3 0x8000223c (0xf85fa603) x12 0x22de856a mem 0x800132fc
core   0: 0x80002240 (0x04534463) blt     t1, t0, pc + 72
core   0: 3 0x80002240 (0x04534463)
core   0: 0x80002244 (0xc37472b7) lui     t0, 0xc3747
core   0: 3 0x80002244 (0xc37472b7) x 5 0xc3747000
core   0: 0x80002248 (0x019c1033) sll     zero, s8, s9
core   0: 3 0x80002248 (0x019c1033)
core   0: 0x8000224c (0x01965933) srl     s2, a2, s9
core   0: 3 0x8000224c (0x01965933) x18 0x22de856a
core   0: 0x80002250 (0x000063b9) c.lui   t2, 0xe
core   0: 3 0x80002250 (0x63b9) x 7 0x0000e000
core   0: 0x80002252 (0x02bfa9b7) lui     s3, 0x2bfa
core   0: 3 0x80002252 (0x02bfa9b7) x19 0x02bfa000
core   0: 0x80002256 (0x7b0b9e37) lui     t3, 0x7b0b9
core   0: 3 0x80002256 (0x7b0b9e37) x28 0x7b0b9000
core   0: 0x8000225a (0x0000717d) c.addi16sp sp, -16
core   0: 3 0x8000225a (0x717d) x 2 0x0000002d
core   0: 0x8000225c (0x00a0dc63) bge     ra, a0, pc + 24
core   0: 3 0x8000225c (0x00a0dc63)
core   0: 0x80002260 (0x8a864793) xori    a5, a2, -1880
core   0: 3 0x80002260 (0x8a864793) x15 0xdd217dc2
core   0: 0x80002264 (0x00000001) c.nop
core   0: 3 0x80002264 (0x0001)
core   0: 0x80002266 (0x019791b3) sll     gp, a5, s9
core   0: 3 0x80002266 (0x019791b3) x 3 0xdd217dc2
core   0: 0x8000226a (0x0273ee63) bltu    t2, t2, pc + 60
core   0: 3 0x8000226a (0x0273ee63)
core   0: 0x8000226e (0xe969fdb7) lui     s11, 0xe969f
core   0: 3 0x8000226e (0xe969fdb7) x27 0xe969f000
core   0: 0x80002272 (0x0000058a) c.slli  a1, 2
core   0: 3 0x80002272 (0x058a) x11 0x0000d85c
core   0: 0x80002274 (0x000f3233) sltu    tp, t5, zero
core   0: 3 0x80002274 (0x000f3233) x 4 0x00000000
core   0: 0x80002278 (0xc7fdea37) lui     s4, 0xc7fde
core   0: 3 0x80002278 (0xc7fdea37) x20 0xc7fde000
core   0: 0x8000227c (0x02f67db3) remu    s11, a2, a5
core   0: 3 0x8000227c (0x02f67db3) x27 0x22de856a
core   0: 0x80002280 (0x40f45913) srai    s2, s0, 15
core   0: 3 0x80002280 (0x40f45913) x18 0x00000000
core   0: 0x80002284 (0x0000100f) fence.i
core   0: 3 0x80002284 (0x0000100f)
core   0: 0x80002288 (0x03f8cb33) div     s6, a7, t6
core   0: 3 0x80002288 (0x03f8cb33) x22 0x00000000
core   0: 0x8000228c (0x0215d1b3) divu    gp, a1, ra
core   0: 3 0x8000228c (0x0215d1b3) x 3 0x00000000
core   0: 0x80002290 (0x007bcb33) xor     s6, s7, t2
core   0: 3 0x80002290 (0x007bcb33) x22 0x0000e000
core   0: 0x80002294 (0x406c5633) sra     a2, s8, t1
core   0: 3 0x80002294 (0x406c5633) x12 0xffffffff
core   0: 0x80002298 (0x0d3a5363) bge     s4, s3, pc + 198
core   0: 3 0x80002298 (0x0d3a5363)
core   0: 0x8000229c (0x0000e3e1) c.bnez  a5, pc + 192
core   0: 3 0x8000229c (0xe3e1)
core   0: 0x8000235c (0x00006169) c.addi16sp sp, 208
core   0: 3 0x8000235c (0x6169) x 2 0x000000fd
core   0: 0x8000235e (0x01195e93) srli    t4, s2, 17
core   0: 3 0x8000235e (0x01195e93) x29 0x00000000
core   0: 0x80002362 (0xc3a7a213) slti    tp, a5, -966
core   0: 3 0x80002362 (0xc3a7a213) x 4 0x00000001
core   0: 0x80002366 (0x022c5f63) bge     s8, sp, pc + 62
core   0: 3 0x80002366 (0x022c5f63)
core   0: 0x8000236a (0x00e92513) slti    a0, s2, 14
core   0: 3 0x8000236a (0x00e92513) x10 0x00000001
core   0: 0x8000236e (0x00006139) c.addi16sp sp, 448
core   0: 3 0x8000236e (0x6139) x 2 0x000002bd
core   0: 0x80002370 (0xe498e013) ori     zero, a7, -439
core   0: 3 0x80002370 (0xe498e013)
core   0: 0x80002374 (0x00008e29) c.xor   a2, a0
core   0: 3 0x80002374 (0x8e29) x12 0xfffffffe
core   0: 0x80002376 (0x41c9d3b3) sra     t2, s3, t3
core   0: 3 0x80002376 (0x41c9d3b3) x 7 0x02bfa000
core   0: 0x8000237a (0x00000b10) c.addi4spn a2, sp, 400
core   0: 3 0x8000237a (0x0b10) x12 0x0000044d
core   0: 0x8000237c (0xb11f3e93) sltiu   t4, t5, -1263
core   0: 3 0x8000237c (0xb11f3e93) x29 0x00000001
core   0: 0x80002380 (0x00009c76) c.add   s8, t4
core   0: 3 0x80002380 (0x9c76) x24 0xffffaf25
core   0: 0x80002382 (0x01d60e33) add     t3, a2, t4
core   0: 3 0x80002382 (0x01d60e33) x28 0x0000044e
core   0: 0x80002386 (0x6cd84e13) xori    t3, a6, 1741
core   0: 3 0x80002386 (0x6cd84e13) x28 0x185d6189
core   0: 0x8000238a (0x03ef4e63) blt     t5, t5, pc + 60
core   0: 3 0x8000238a (0x03ef4e63)
core   0: 0x8000238e (0x00001b7d) c.addi  s6, -1
core   0: 3 0x8000238e (0x1b7d) x22 0x0000dfff
core   0: 0x80002390 (0x03925b63) bge     tp, s9, pc + 54
core   0: 3 0x80002390 (0x03925b63)
core   0: 0x800023c6 (0x9ea28e97) auipc   t4, 0x9ea28
core   0: 3 0x800023c6 (0x9ea28e97) x29 0x1ea2a3c6
core   0: 0x800023ca (0x01e09a63) bne     ra, t5, pc + 20
core   0: 3 0x800023ca (0x01e09a63)
core   0: 0x800023de (0x01fc17b3) sll     a5, s8, t6
core   0: 3 0x800023de (0x01fc17b3) x15 0x92800000
core   0: 0x800023e2 (0x4a95ca93) xori    s5, a1, 1193
core   0: 3 0x800023e2 (0x4a95ca93) x21 0x0000dcf5
core   0: 0x800023e6 (0x00be6c63) bltu    t3, a1, pc + 24
core   0: 3 0x800023e6 (0x00be6c63)
core   0: 0x800023ea (0x01e3d333) srl     t1, t2, t5
core   0: 3 0x800023ea (0x01e3d333) x 6 0x00000000
core   0: 0x800023ee (0x029d7b33) remu    s6, s10, s1
core   0: 3 0x800023ee (0x029d7b33) x22 0x0000001f
core   0: 0x800023f2 (0x03a02833) mulhsu  a6, zero, s10
core   0: 3 0x800023f2 (0x03a02833) x16 0x00000000
core   0: 0x800023f6 (0x40c4d233) sra     tp, s1, a2
core   0: 3 0x800023f6 (0x40c4d233) x 4 0xffffffc4
core   0: 0x800023fa (0x007dda63) bge     s11, t2, pc + 20
core   0: 3 0x800023fa (0x007dda63)
core   0: 0x8000240e (0x00008ff5) c.and   a5, a3
core   0: 3 0x8000240e (0x8ff5) x15 0x00000000
core   0: 0x80002410 (0x1b1a7793) andi    a5, s4, 433
core   0: 3 0x80002410 (0x1b1a7793) x15 0x00000000
core   0: 0x80002414 (0x0ff0000f) fence   iorw,iorw
core   0: 3 0x80002414 (0x0ff0000f)
core   0: 0x80002418 (0x028eff33) remu    t5, t4, s0
core   0: 3 0x80002418 (0x028eff33) x30 0x00000007
core   0: 0x8000241c (0x000083c5) c.srli  a5, 17
core   0: 3 0x8000241c (0x83c5) x15 0x00000000
core   0: 0x8000241e (0x04c27413) andi    s0, tp, 76
core   0: 3 0x8000241e (0x04c27413) x 8 0x00000044
core   0: 0x80002422 (0x000098fd) c.andi  s1, -1
core   0: 3 0x80002422 (0x98fd) x 9 0xfff880fd
core   0: 0x80002424 (0x00008c25) c.xor   s0, s1
core   0: 3 0x80002424 (0x8c25) x 8 0xfff880b9
core   0: 0x80002426 (0x116ee063) bltu    t4, s6, pc + 256
core   0: 3 0x80002426 (0x116ee063)
core   0: 0x8000242a (0x0000717d) c.addi16sp sp, -16
core   0: 3 0x8000242a (0x717d) x 2 0x000002ad
core   0: 0x8000242c (0x0000128c) c.addi4spn a1, sp, 352
core   0: 3 0x8000242c (0x128c) x11 0x0000040d
core   0: 0x8000242e (0x00008df9) c.and   a1, a4
core   0: 3 0x8000242e (0x8df9) x11 0x00000404
core   0: 0x80002430 (0x03c5f2b3) remu    t0, a1, t3
core   0: 3 0x80002430 (0x03c5f2b3) x 5 0x00000404
core   0: 0x80002434 (0x0000f117) auipc   sp, 0xf
core   0: 3 0x80002434 (0x0000f117) x 2 0x80011434
core   0: 0x80002438 (0x90a10113) addi    sp, sp, -1782
core   0: 3 0x80002438 (0x90a10113) x 2 0x80010d3e
core   0: 0x8000243c (0xb5215283) lhu     t0, -1198(sp)
core   0: 3 0x8000243c (0xb5215283) x 5 0x000050b3 mem 0x80010890
core   0: 0x80002440 (0x92514283) lbu     t0, -1755(sp)
core   0: 3 0x80002440 (0x92514283) x 5 0x000000c2 mem 0x80010663
core   0: 0x80002444 (0x26210b03) lb      s6, 610(sp)
core   0: 3 0x80002444 (0x26210b03) x22 0xffffffde mem 0x80010fa0
core   0: 0x80002448 (0x13e12b83) lw      s7, 318(sp)
core   0: 3 0x80002448 (0x13e12b83) x23 0xd107c7ff mem 0x80010e7c
core   0: 0x8000244c (0xbbf10923) sb      t6, -1102(sp)
core   0: 3 0x8000244c (0xbbf10923) mem 0x800108f0 0x77
core   0: 0x80002450 (0x00009c7e) c.add   s8, t6
core   0: 3 0x80002450 (0x9c7e) x24 0x8000e29c
core   0: 0x80002452 (0x2ce76517) auipc   a0, 0x2ce76
core   0: 3 0x80002452 (0x2ce76517) x10 0xace78452
core   0: 0x80002456 (0x9ab14283) lbu     t0, -1621(sp)
core   0: 3 0x80002456 (0x9ab14283) x 5 0x00000088 mem 0x800106e9
core   0: 0x8000245a (0x01ffe533) or      a0, t6, t6
core   0: 3 0x8000245a (0x01ffe533) x10 0x80013377
core   0: 0x8000245e (0x00006c41) c.lui   s8, 0x10
core   0: 3 0x8000245e (0x6c41) x24 0x00010000
core   0: 0x80002460 (0x003b7b13) andi    s6, s6, 3
core   0: 3 0x80002460 (0x003b7b13) x22 0x00000002
core   0: 0x80002464 (0xe2dc6b13) ori     s6, s8, -467
core   0: 3 0x80002464 (0xe2dc6b13) x22 0xfffffe2d
core   0: 0x80002468 (0x00554c33) xor     s8, a0, t0
core   0: 3 0x80002468 (0x00554c33) x24 0x800133ff
core   0: 0x8000246c (0x11810da3) sb      s8, 283(sp)
core   0: 3 0x8000246c (0x11810da3) mem 0x80010e59 0xff
core   0: 0x80002470 (0x098102a3) sb      s8, 133(sp)
core   0: 3 0x80002470 (0x098102a3) mem 0x80010dc3 0xff
core   0: 0x80002474 (0x00000001) c.nop
core   0: 3 0x80002474 (0x0001)
core   0: 0x80002476 (0xed614b03) lbu     s6, -298(sp)
core   0: 3 0x80002476 (0xed614b03) x22 0x00000096 mem 0x80010c14
core   0: 0x8000247a (0x0ff0000f) fence   iorw,iorw
core   0: 3 0x8000247a (0x0ff0000f)
core   0: 0x8000247e (0x0000100f) fence.i
core   0: 3 0x8000247e (0x0000100f)
core   0: 0x80002482 (0x27ec7293) andi    t0, s8, 638
core   0: 3 0x80002482 (0x27ec7293) x 5 0x0000027e
core   0: 0x80002486 (0x00008569) c.srai  a0, 26
core   0: 3 0x80002486 (0x8569) x10 0xffffffe0
core   0: 0x80002488 (0x15612723) sw      s6, 334(sp)
core   0: 3 0x80002488 (0x15612723) mem 0x80010e8c 0x00000096
core   0: 0x8000248c (0xde514f83) lbu     t6, -539(sp)
core   0: 3 0x8000248c (0xde514f83) x31 0x000000d8 mem 0x80010b23
core   0: 0x80002490 (0x00008fe2) c.mv    t6, s8
core   0: 3 0x80002490 (0x8fe2) x31 0x800133ff
core   0: 0x80002492 (0xe2811f83) lh      t6, -472(sp)
core   0: 3 0x80002492 (0xe2811f83) x31 0xfffff79f mem 0x80010b66
core   0: 0x80002496 (0xef714b03) lbu     s6, -265(sp)
core   0: 3 0x80002496 (0xef714b03) x22 0x0000003c mem 0x80010c35
core   0: 0x8000249a (0xe9710c23) sb      s7, -360(sp)
core   0: 3 0x8000249a (0xe9710c23) mem 0x80010bd6 0xff
core   0: 0x8000249e (0x03fbf2b3) remu    t0, s7, t6
core   0: 3 0x8000249e (0x03fbf2b3) x 5 0xd107c7ff
core   0: 0x800024a2 (0x417bd533) sra     a0, s7, s7
core   0: 3 0x800024a2 (0x417bd533) x10 0xffffffff
core   0: 0x800024a6 (0x00008141) c.srli  a0, 16
core   0: 3 0x800024a6 (0x8141) x10 0x0000ffff
core   0: 0x800024a8 (0x94a11c23) sh      a0, -1704(sp)
core   0: 3 0x800024a8 (0x94a11c23) mem 0x80010696 0xffff
core   0: 0x800024ac (0x00009fe2) c.add   t6, s8
core   0: 3 0x800024ac (0x9fe2) x31 0x80012b9e
core   0: 0x800024ae (0x2f8100a3) sb      s8, 737(sp)
core   0: 3 0x800024ae (0x2f8100a3) mem 0x8001101f 0xff
core   0: 0x800024b2 (0x19212283) lw      t0, 402(sp)
core   0: 3 0x800024b2 (0x19212283) x 5 0x9cdc4da6 mem 0x80010ed0
core   0: 0x800024b6 (0x016f9fb3) sll     t6, t6, s6
core   0: 3 0x800024b6 (0x016f9fb3) x31 0xe0000000
core   0: 0x800024ba (0xb7f10f83) lb      t6, -1153(sp)
core   0: 3 0x800024ba (0xb7f10f83) x31 0xffffff85 mem 0x800108bd
core   0: 0x800024be (0xd3415b03) lhu     s6, -716(sp)
core   0: 3 0x800024be (0xd3415b03) x22 0x0000d760 mem 0x80010a72
core   0: 0x800024c2 (0x8ab10503) lb      a0, -1877(sp)
core   0: 3 0x800024c2 (0x8ab10503) x10 0x00000057 mem 0x800105e9
core   0: 0x800024c6 (0x02552c33) mulhsu  s8, a0, t0
core   0: 3 0x800024c6 (0x02552c33) x24 0x00000035
core   0: 0x800024ca (0x12210b83) lb      s7, 290(sp)
core   0: 3 0x800024ca (0x12210b83) x23 0xffffff8a mem 0x80010e60
core   0: 0x800024ce (0x28a10ba3) sb      a0, 663(sp)
core   0: 3 0x800024ce (0x28a10ba3) mem 0x80010fd5 0x57
core   0: 0x800024d2 (0xf38109a3) sb      s8, -205(sp)
core   0: 3 0x800024d2 (0xf38109a3) mem 0x80010c71 0x35
core   0: 0x800024d6 (0x025c4bb3) div     s7, s8, t0
core   0: 3 0x800024d6 (0x025c4bb3) x23 0x00000000
core   0: 0x800024da (0xf6c14c03) lbu     s8, -148(sp)
core   0: 3 0x800024da (0xf6c14c03) x24 0x000000d9 mem 0x80010caa
core   0: 0x800024de (0x1ce12c03) lw      s8, 462(sp)
core   0: 3 0x800024de (0x1ce12c03) x24 0x5a312ab9 mem 0x80010f0c
core   0: 0x800024e2 (0x21614283) lbu     t0, 534(sp)
core   0: 3 0x800024e2 (0x21614283) x 5 0x00000074 mem 0x80010f54
core   0: 0x800024e6 (0xa36100a3) sb      s6, -1503(sp)
core   0: 3 0x800024e6 (0xa36100a3) mem 0x8001075f 0x60
core   0: 0x800024ea (0x01852c33) slt     s8, a0, s8
core   0: 3 0x800024ea (0x01852c33) x24 0x00000001
core   0: 0x800024ee (0x03610023) sb      s6, 32(sp)
core   0: 3 0x800024ee (0x03610023) mem 0x80010d5e 0x60
core   0: 0x800024f2 (0x00008965) c.andi  a0, 25
core   0: 3 0x800024f2 (0x8965) x10 0x00000011
core   0: 0x800024f4 (0x03451c33) mulh    s8, a0, s4
core   0: 3 0x800024f4 (0x03451c33) x24 0xfffffffc
core   0: 0x800024f8 (0x0000c495) c.beqz  s1, pc + 44
core   0: 3 0x800024f8 (0xc495)
core   0: 0x800024fa (0x03e70863) beq     a4, t5, pc + 48
core   0: 3 0x800024fa (0x03e70863)
core   0: 0x800024fe (0x01579d63) bne     a5, s5, pc + 26
core   0: 3 0x800024fe (0x01579d63)
core   0: 0x80002518 (0x021d06b3) mul     a3, s10, ra
core   0: 3 0x80002518 (0x021d06b3) x13 0xffffffe1
core   0: 0x8000251c (0x004f1f93) slli    t6, t5, 4
core   0: 3 0x8000251c (0x004f1f93) x31 0x00000070
core   0: 0x80002520 (0x02575233) divu    tp, a4, t0
core   0: 3 0x80002520 (0x02575233) x 4 0x011a815a
core   0: 0x80002524 (0x00006f0d) c.lui   t5, 0x3
core   0: 3 0x80002524 (0x6f0d) x30 0x00003000
core   0: 0x80002526 (0x00008d21) c.xor   a0, s0
core   0: 3 0x80002526 (0x8d21) x10 0xfff880a8
core   0: 0x80002528 (0x00008dfd) c.and   a1, a5
core   0: 3 0x80002528 (0x8dfd) x11 0x00000000
core   0: 0x8000252a (0x0000100f) fence.i
core   0: 3 0x8000252a (0x0000100f)
core   0: 0x8000252e (0x00008ff5) c.and   a5, a3
core   0: 3 0x8000252e (0x8ff5) x15 0x00000000
core   0: 0x80002530 (0x01a2d113) srli    sp, t0, 26
core   0: 3 0x80002530 (0x01a2d113) x 2 0x00000000
core   0: 0x80002534 (0x013e1933) sll     s2, t3, s3
core   0: 3 0x80002534 (0x013e1933) x18 0x185d6189
core   0: 0x80002538 (0x01549513) slli    a0, s1, 21
core   0: 3 0x80002538 (0x01549513) x10 0x1fa00000
core   0: 0x8000253c (0xd22dc197) auipc   gp, 0xd22dc
core   0: 3 0x8000253c (0xd22dc197) x 3 0x522de53c
core   0: 0x80002540 (0x0207d0b3) divu    ra, a5, zero
core   0: 3 0x80002540 (0x0207d0b3) x 1 0xffffffff
core   0: 0x80002544 (0x035be333) rem     t1, s7, s5
core   0: 3 0x80002544 (0x035be333) x 6 0x00000000
core   0: 0x80002548 (0x02512eb3) mulhsu  t4, sp, t0
core   0: 3 0x80002548 (0x02512eb3) x29 0x00000000
core   0: 0x8000254c (0x00e09363) bne     ra, a4, pc + 6
core   0: 3 0x8000254c (0x00e09363)
core   0: 0x80002552 (0x03e8c5b3) div     a1, a7, t5
core   0: 3 0x80002552 (0x03e8c5b3) x11 0xfffd5562
core   0: 0x80002556 (0x3982e993) ori     s3, t0, 920
core   0: 3 0x80002556 (0x3982e993) x19 0x000003fc
core   0: 0x8000255a (0x0000c219) c.beqz  a2, pc + 6
core   0: 3 0x8000255a (0xc219)
core   0: 0x8000255c (0x03223db3) mulhu   s11, tp, s2
core   0: 3 0x8000255c (0x03223db3) x27 0x001ae32d
core   0: 0x80002560 (0x404f5a93) srai    s5, t5, 4
core   0: 3 0x80002560 (0x404f5a93) x21 0x00000300
core   0: 0x80002564 (0x00008c1d) c.sub   s0, a5
core   0: 3 0x80002564 (0x8c1d) x 8 0xfff880b9
core   0: 0x80002566 (0x03577863) bgeu    a4, s5, pc + 48
core   0: 3 0x80002566 (0x03577863)
core   0: 0x80002596 (0x00000001) c.nop
core   0: 3 0x80002596 (0x0001)
core   0: 0x80002598 (0x030b2333) mulhsu  t1, s6, a6
core   0: 3 0x80002598 (0x030b2333) x 6 0x00000000
core   0: 0x8000259c (0x000083ed) c.srli  a5, 27
core   0: 3 0x8000259c (0x83ed) x15 0x00000000
core   0: 0x8000259e (0xcbcfab97) auipc   s7, 0xcbcfa
core   0: 3 0x8000259e (0xcbcfab97) x23 0x4bcfc59e
core   0: 0x800025a2 (0x3c267f93) andi    t6, a2, 962
core   0: 3 0x800025a2 (0x3c267f93) x31 0x00000040
core   0: 0x800025a6 (0x0a9c9637) lui     a2, 0xa9c9
core   0: 3 0x800025a6 (0x0a9c9637) x12 0x0a9c9000
core   0: 0x800025aa (0x0023c833) xor     a6, t2, sp
core   0: 3 0x800025aa (0x0023c833) x16 0x02bfa000
core   0: 0x800025ae (0x000085d9) c.srai  a1, 22
core   0: 3 0x800025ae (0x85d9) x11 0xffffffff
core   0: 0x800025b0 (0x0119d293) srli    t0, s3, 17
core   0: 3 0x800025b0 (0x0119d293) x 5 0x00000000
core   0: 0x800025b4 (0x06504863) blt     zero, t0, pc + 112
core   0: 3 0x800025b4 (0x06504863)
core   0: 0x800025b8 (0x012c8433) add     s0, s9, s2
core   0: 3 0x800025b8 (0x012c8433) x 8 0x985d6189
core   0: 0x800025bc (0x00887f33) and     t5, a6, s0
core   0: 3 0x800025bc (0x00887f33) x30 0x001d2000
core   0: 0x800025c0 (0x0001dc17) auipc   s8, 0x1d
core   0: 3 0x800025c0 (0x0001dc17) x24 0x8001f5c0
core   0: 0x800025c4 (0x770c0c13) addi    s8, s8, 1904
core   0: 3 0x800025c4 (0x770c0c13) x24 0x8001fd30
core   0: 0x800025c8 (0x035c4483) lbu     s1, 53(s8)
core   0: 3 0x800025c8 (0x035c4483) x 9 0x000000f7 mem 0x8001fd65
core   0: 0x800025cc (0x035c0583) lb      a1, 53(s8)
core   0: 3 0x800025cc (0x035c0583) x11 0xfffffff7 mem 0x8001fd65
core   0: 0x800025d0 (0x01ac5503) lhu     a0, 26(s8)
core   0: 3 0x800025d0 (0x01ac5503) x10 0x00001707 mem 0x8001fd4a
core   0: 0x800025d4 (0x003c0d23) sb      gp, 26(s8)
core   0: 3 0x800025d4 (0x003c0d23) mem 0x8001fd4a 0x3c
core   0: 0x800025d8 (0x01ac0b83) lb      s7, 26(s8)
core   0: 3 0x800025d8 (0x01ac0b83) x23 0x0000003c mem 0x8001fd4a
core   0: 0x800025dc (0xfe1c0fa3) sb      ra, -1(s8)
core   0: 3 0x800025dc (0xfe1c0fa3) mem 0x8001fd2f 0xff
core   0: 0x800025e0 (0xd4274d13) xori    s10, a4, -702
core   0: 3 0x800025e0 (0xd4274d13) x26 0x7ffd61a6
core   0: 0x800025e4 (0xfe9c4b03) lbu     s6, -23(s8)
core   0: 3 0x800025e4 (0xfe9c4b03) x22 0x000000e8 mem 0x8001fd19
core   0: 0x800025e8 (0xfdac4303) lbu     t1, -38(s8)
core   0: 3 0x800025e8 (0xfdac4303) x 6 0x0000007f mem 0x8001fd0a
core   0: 0x800025ec (0x699139b7) lui     s3, 0x69913
core   0: 3 0x800025ec (0x699139b7) x19 0x69913000
core   0: 0x800025f0 (0xff4c0023) sb      s4, -32(s8)
core   0: 3 0x800025f0 (0xff4c0023) mem 0x8001fd10 0x0
core   0: 0x800025f4 (0x008f9fb3) sll     t6, t6, s0
core   0: 3 0x800025f4 (0x008f9fb3) x31 0x00008000
core   0: 0x800025f8 (0x412a57b3) sra     a5, s4, s2
core   0: 3 0x800025f8 (0x412a57b3) x15 0xffe3fef0
core   0: 0x800025fc (0xffdc0023) sb      t4, -32(s8)
core   0: 3 0x800025fc (0xffdc0023) mem 0x8001fd10 0x0
core   0: 0x80002600 (0x10dcf093) andi    ra, s9, 269
core   0: 3 0x80002600 (0x10dcf093) x 1 0x00000000
core   0: 0x80002604 (0xfe0c0083) lb      ra, -32(s8)
core   0: 3 0x80002604 (0xfe0c0083) x 1 0x00000000 mem 0x8001fd10
core   0: 0x80002608 (0x000057fd) c.li    a5, -1
core   0: 3 0x80002608 (0x57fd) x15 0xffffffff
core   0: 0x8000260a (0x00008e51) c.or    a2, a2
core   0: 3 0x8000260a (0x8e51) x12 0x0a9c9000
core   0: 0x8000260c (0x00da49b3) xor     s3, s4, a3
core   0: 3 0x8000260c (0x00da49b3) x19 0x38021fe1
core   0: 0x80002610 (0xa9469997) auipc   s3, 0xa9469
core   0: 3 0x80002610 (0xa9469997) x19 0x2946b610
core   0: 0x80002614 (0x0000100f) fence.i
core   0: 3 0x80002614 (0x0000100f)
core   0: 0x80002618 (0x029be333) rem     t1, s7, s1
core   0: 3 0x80002618 (0x029be333) x 6 0x0000003c
core   0: 0x8000261c (0x00006c15) c.lui   s8, 0x5
core   0: 3 0x8000261c (0x6c15) x24 0x00005000
core   0: 0x8000261e (0x4076d4b3) sra     s1, a3, t2
core   0: 3 0x8000261e (0x4076d4b3) x 9 0xffffffe1
core   0: 0x80002622 (0x00000001) c.nop
core   0: 3 0x80002622 (0x0001)
core   0: 0x80002624 (0x0ff0000f) fence   iorw,iorw
core   0: 3 0x80002624 (0x0ff0000f)
core   0: 0x80002628 (0x00009536) c.add   a0, a3
core   0: 3 0x80002628 (0x9536) x10 0x000016e8
core   0: 0x8000262a (0x40cd8533) sub     a0, s11, a2
core   0: 3 0x8000262a (0x40cd8533) x10 0xf57e532d
core   0: 0x8000262e (0x87d2ca13) xori    s4, t0, -1923
core   0: 3 0x8000262e (0x87d2ca13) x20 0xfffff87d
core   0: 0x80002632 (0x01a59d13) slli    s10, a1, 26
core   0: 3 0x80002632 (0x01a59d13) x26 0xdc000000
core   0: 0x80002636 (0x9b3e0113) addi    sp, t3, -1613
core   0: 3 0x80002636 (0x9b3e0113) x 2 0x185d5b3c
core   0: 0x8000263a (0x02b527b3) mulhsu  a5, a0, a1
core   0: 3 0x8000263a (0x02b527b3) x15 0xf57e532d
core   0: 0x8000263e (0x00001c7d) c.addi  s8, -1
core   0: 3 0x8000263e (0x1c7d) x24 0x00004fff
core   0: 0x80002640 (0x00008df1) c.and   a1, a2
core   0: 3 0x80002640 (0x8df1) x11 0x0a9c9000
core   0: 0x80002642 (0x03ebeab3) rem     s5, s7, t5
core   0: 3 0x80002642 (0x03ebeab3) x21 0x0000003c
core   0: 0x80002646 (0x00008d1d) c.sub   a0, a5
core   0: 3 0x80002646 (0x8d1d) x10 0x00000000
core   0: 0x80002648 (0x41d15513) srai    a0, sp, 29
core   0: 3 0x80002648 (0x41d15513) x10 0x00000000
core   0: 0x8000264c (0x00000486) c.slli  s1, 1
core   0: 3 0x8000264c (0x0486) x 9 0xffffffc2
core   0: 0x8000264e (0x02a5deb3) divu    t4, a1, a0
core   0: 3 0x8000264e (0x02a5deb3) x29 0xffffffff
core   0: 0x80002652 (0x0000e911) c.bnez  a0, pc + 20
core   0: 3 0x80002652 (0xe911)
core   0: 0x80002654 (0x025853b3) divu    t2, a6, t0
core   0: 3 0x80002654 (0x025853b3) x 7 0xffffffff
core   0: 0x80002658 (0x03666f33) rem     t5, a2, s6
core   0: 3 0x80002658 (0x03666f33) x30 0x00000010
core   0: 0x8000265c (0x00b5d813) srli    a6, a1, 11
core   0: 3 0x8000265c (0x00b5d813) x16 0x00015392
core   0: 0x80002660 (0x00008c45) c.or    s0, s1
core   0: 3 0x80002660 (0x8c45) x 8 0xffffffcb
core   0: 0x80002662 (0x02a76bb3) rem     s7, a4, a0
core   0: 3 0x80002662 (0x02a76bb3) x23 0x80029ce4
core   0: 0x80002666 (0x0000c419) c.beqz  s0, pc + 14
core   0: 3 0x80002666 (0xc419)
core   0: 0x80002668 (0x014931b3) sltu    gp, s2, s4
core   0: 3 0x80002668 (0x014931b3) x 3 0x00000001
core   0: 0x8000266c (0x00000a2a) c.slli  s4, 10
core   0: 3 0x8000266c (0x0a2a) x20 0xffe1f400
core   0: 0x8000266e (0x01bcda93) srli    s5, s9, 27
core   0: 3 0x8000266e (0x01bcda93) x21 0x00000010
core   0: 0x80002672 (0x000082c9) c.srli  a3, 18
core   0: 3 0x80002672 (0x82c9) x13 0x00003fff
core   0: 0x80002674 (0x41b40433) sub     s0, s0, s11
core   0: 3 0x80002674 (0x41b40433) x 8 0xffe51c9e
core   0: 0x80002678 (0x42c20f37) lui     t5, 0x42c20
core   0: 3 0x80002678 (0x42c20f37) x30 0x42c20000
core   0: 0x8000267c (0x0000cc95) c.beqz  s1, pc + 60
core   0: 3 0x8000267c (0xcc95)
core   0: 0x8000267e (0x65666a93) ori     s5, a2, 1622
core   0: 3 0x8000267e (0x65666a93) x21 0x0a9c9656
core   0: 0x80002682 (0x00008891) c.andi  s1, 4
core   0: 3 0x80002682 (0x8891) x 9 0x00000000
core   0: 0x80002684 (0x0000e601) c.bnez  a2, pc + 8
core   0: 3 0x80002684 (0xe601)
core   0: 0x8000268c (0x0031dfb3) srl     t6, gp, gp
core   0: 3 0x8000268c (0x0031dfb3) x31 0x00000000
core   0: 0x80002690 (0x578e7a13) andi    s4, t3, 1400
core   0: 3 0x80002690 (0x578e7a13) x20 0x00000108
core   0: 0x80002694 (0x026f4233) div     tp, t5, t1
core   0: 3 0x80002694 (0x026f4233) x 4 0x011cd555
core   0: 0x80002698 (0x0000825d) c.srli  a2, 23
core   0: 3 0x80002698 (0x825d) x12 0x00000015
core   0: 0x8000269a (0x03b14633) div     a2, sp, s11
core   0: 3 0x8000269a (0x03b14633) x12 0x000000e7
core   0: 0x8000269e (0xa55c2093) slti    ra, s8, -1451
core   0: 3 0x8000269e (0xa55c2093) x 1 0x00000000
core   0: 0x800026a2 (0x006f2833) slt     a6, t5, t1
core   0: 3 0x800026a2 (0x006f2833) x16 0x00000000
core   0: 0x800026a6 (0x35410b17) auipc   s6, 0x35410
core   0: 3 0x800026a6 (0x35410b17) x22 0xb54126a6
core   0: 0x800026aa (0x0578d163) bge     a7, s7, pc + 66
core   0: 3 0x800026aa (0x0578d163)
core   0: 0x800026ae (0xfedbb913) sltiu   s2, s7, -19
core   0: 3 0x800026ae (0xfedbb913) x18 0x00000001
core   0: 0x800026b2 (0x0000cc0d) c.beqz  s0, pc + 58
core   0: 3 0x800026b2 (0xcc0d)
core   0: 0x800026b4 (0x00c500b3) add     ra, a0, a2
core   0: 3 0x800026b4 (0x00c500b3) x 1 0x000000e7
core   0: 0x800026b8 (0xd3dea293) slti    t0, t4, -707
core   0: 3 0x800026b8 (0xd3dea293) x 5 0x00000000
core   0: 0x800026bc (0x03fa1663) bne     s4, t6, pc + 44
core   0: 3 0x800026bc (0x03fa1663)
core   0: 0x800026e8 (0x55da0b93) addi    s7, s4, 1373
core   0: 3 0x800026e8 (0x55da0b93) x23 0x00000665
core   0: 0x800026ec (0x000000d2) c.slli  ra, 20
core   0: 3 0x800026ec (0x00d2) x 1 0x0e700000
core   0: 0x800026ee (0x00008d25) c.xor   a0, s1
core   0: 3 0x800026ee (0x8d25) x10 0x00000000
core   0: 0x800026f0 (0x404d5533) sra     a0, s10, tp
core   0: 3 0x800026f0 (0x404d5533) x10 0xfffffee0
core   0: 0x800026f4 (0x41c0d4b3) sra     s1, ra, t3
core   0: 3 0x800026f4 (0x41c0d4b3) x 9 0x00073800
core   0: 0x800026f8 (0x409186b3) sub     a3, gp, s1
core   0: 3 0x800026f8 (0x409186b3) x13 0xfff8c801
core   0: 0x800026fc (0x00006155) c.addi16sp sp, 304
core   0: 3 0x800026fc (0x6155) x 2 0x185d5c6c
core   0: 0x800026fe (0x022bd433) divu    s0, s7, sp
core   0: 3 0x800026fe (0x022bd433) x 8 0x00000000
core   0: 0x80002702 (0x02a423b3) mulhsu  t2, s0, a0
core   0: 3 0x80002702 (0x02a423b3) x 7 0x00000000
core   0: 0x80002706 (0x02586763) bltu    a6, t0, pc + 46
core   0: 3 0x80002706 (0x02586763)
core   0: 0x8000270a (0x03819363) bne     gp, s8, pc + 38
core   0: 3 0x8000270a (0x03819363)
core   0: 0x80002730 (0x00acd993) srli    s3, s9, 10
core   0: 3 0x80002730 (0x00acd993) x19 0x00200000
core   0: 0x80002734 (0x0000857a) c.mv    a0, t5
core   0: 3 0x80002734 (0x857a) x10 0x42c20000
core   0: 0x80002736 (0x00ba1f13) slli    t5, s4, 11
core   0: 3 0x80002736 (0x00ba1f13) x30 0x00084000
core   0: 0x8000273a (0x0d923993) sltiu   s3, tp, 217
core   0: 3 0x8000273a (0x0d923993) x19 0x00000000
core   0: 0x8000273e (0x00008792) c.mv    a5, tp
core   0: 3 0x8000273e (0x8792) x15 0x011cd555
core   0: 0x80002740 (0x011213b3) sll     t2, tp, a7
core   0: 3 0x80002740 (0x011213b3) x 7 0x11cd5550
core   0: 0x80002744 (0x722bba13) sltiu   s4, s7, 1826
core   0: 3 0x80002744 (0x722bba13) x20 0x00000001
core   0: 0x80002748 (0x6afcd497) auipc   s1, 0x6afcd
core   0: 3 0x80002748 (0x6afcd497) x 9 0xeafcf748
core   0: 0x8000274c (0x86217d37) lui     s10, 0x86217
core   0: 3 0x8000274c (0x86217d37) x26 0x86217000
core   0: 0x80002750 (0x02124eb3) div     t4, tp, ra
core   0: 3 0x80002750 (0x02124eb3) x29 0x00000000
core   0: 0x80002754 (0x000088b5) c.andi  s1, 13
core   0: 3 0x80002754 (0x88b5) x 9 0x00000008
core   0: 0x80002756 (0xe9980093) addi    ra, a6, -359
core   0: 3 0x80002756 (0xe9980093) x 1 0xfffffe99
core   0: 0x8000275a (0x000099fd) c.andi  a1, -1
core   0: 3 0x8000275a (0x99fd) x11 0x0a9c9000
core   0: 0x8000275c (0x40f9d633) sra     a2, s3, a5
core   0: 3 0x8000275c (0x40f9d633) x12 0x00000000
core   0: 0x80002760 (0x00008dc9) c.or    a1, a0
core   0: 3 0x80002760 (0x8dc9) x11 0x4ade9000
core   0: 0x80002762 (0x025f6bb3) rem     s7, t5, t0
core   0: 3 0x80002762 (0x025f6bb3) x23 0x00084000
core   0: 0x80002766 (0x0000717d) c.addi16sp sp, -16
core   0: 3 0x80002766 (0x717d) x 2 0x185d5c5c
core   0: 0x80002768 (0x00008fa1) c.xor   a5, s0
core   0: 3 0x80002768 (0x8fa1) x15 0x011cd555
core   0: 0x8000276a (0x41bc5d93) srai    s11, s8, 27
core   0: 3 0x8000276a (0x41bc5d93) x27 0x00000000
core   0: 0x8000276e (0x012e4363) blt     t3, s2, pc + 6
core   0: 3 0x8000276e (0x012e4363)
core   0: 0x80002772 (0x000062a5) c.lui   t0, 0x9
core   0: 3 0x80002772 (0x62a5) x 5 0x00009000
core   0: 0x80002774 (0x00008146) c.mv    sp, a7
core   0: 3 0x80002774 (0x8146) x 2 0x80025e64
core   0: 0x80002776 (0x000089f9) c.andi  a1, 30
core   0: 3 0x80002776 (0x89f9) x11 0x00000000
core   0: 0x80002778 (0x000003e6) c.slli  t2, 25
core   0: 3 0x80002778 (0x03e6) x 7 0xa0000000
core   0: 0x8000277a (0x00008fb9) c.xor   a5, a4
core   0: 3 0x8000277a (0x8fb9) x15 0x811e49b1
core   0: 0x8000277c (0xbda2b813) sltiu   a6, t0, -1062
core   0: 3 0x8000277c (0xbda2b813) x16 0x00000001
core   0: 0x80002780 (0x03d2c333) div     t1, t0, t4
core   0: 3 0x80002780 (0x03d2c333) x 6 0xffffffff
core   0: 0x80002784 (0x003adab3) srl     s5, s5, gp
core   0: 3 0x80002784 (0x003adab3) x21 0x054e4b2b
core   0: 0x80002788 (0x013fd833) srl     a6, t6, s3
core   0: 3 0x80002788 (0x013fd833) x16 0x00000000
core   0: 0x8000278c (0x02beda63) bge     t4, a1, pc + 52
core   0: 3 0x8000278c (0x02beda63)
core   0: 0x800027c0 (0x00000001) c.nop
core   0: 3 0x800027c0 (0x0001)
core   0: 0x800027c2 (0x0000100f) fence.i
core   0: 3 0x800027c2 (0x0000100f)
core   0: 0x800027c6 (0xaa28c993) xori    s3, a7, -1374
core   0: 3 0x800027c6 (0xaa28c993) x19 0x7ffda4c6
core   0: 0x800027ca (0x00008e35) c.xor   a2, a3
core   0: 3 0x800027ca (0x8e35) x12 0xfff8c801
core   0: 0x800027cc (0x0000942a) c.add   s0, a0
core   0: 3 0x800027cc (0x942a) x 8 0x42c20000
core   0: 0x800027ce (0x03d3f933) remu    s2, t2, t4
core   0: 3 0x800027ce (0x03d3f933) x18 0xa0000000
core   0: 0x800027d2 (0x00000001) c.nop
core   0: 3 0x800027d2 (0x0001)
core   0: 0x800027d4 (0x01657c63) bgeu    a0, s6, pc + 24
core   0: 3 0x800027d4 (0x01657c63)
core   0: 0x800027d8 (0x0000717d) c.addi16sp sp, -16
core   0: 3 0x800027d8 (0x717d) x 2 0x80025e54
core   0: 0x800027da (0x018e94b3) sll     s1, t4, s8
core   0: 3 0x800027da (0x018e94b3) x 9 0x00000000
core   0: 0x800027de (0x00009d22) c.add   s10, s0
core   0: 3 0x800027de (0x9d22) x26 0xc8e37000
core   0: 0x800027e0 (0x03d58f63) beq     a1, t4, pc + 62
core   0: 3 0x800027e0 (0x03d58f63)
core   0: 0x8000281e (0x036a7b33) remu    s6, s4, s6
core   0: 3 0x8000281e (0x036a7b33) x22 0x00000001
core   0: 0x80002822 (0x00000001) c.nop
core   0: 3 0x80002822 (0x0001)
core   0: 0x80002824 (0x005a6963) bltu    s4, t0, pc + 18
core   0: 3 0x80002824 (0x005a6963)
core   0: 0x80002836 (0x00008e59) c.or    a2, a4
core   0: 3 0x80002836 (0x8e59) x12 0xfffadce5
core   0: 0x80002838 (0x00d9d113) srli    sp, s3, 13
core   0: 3 0x80002838 (0x00d9d113) x 2 0x0003ffed
core   0: 0x8000283c (0x02610e63) beq     sp, t1, pc + 60
core   0: 3 0x8000283c (0x02610e63)
core   0: 0x80002840 (0x00000001) c.nop
core   0: 3 0x80002840 (0x0001)
core   0: 0x80002842 (0x012ec4b3) xor     s1, t4, s2
core   0: 3 0x80002842 (0x012ec4b3) x 9 0xa0000000
core   0: 0x80002846 (0x00000ec1) c.addi  t4, 16
core   0: 3 0x80002846 (0x0ec1) x29 0x00000010
core   0: 0x80002848 (0x0287c533) div     a0, a5, s0
core   0: 3 0x80002848 (0x0287c533) x10 0xffffffff
core   0: 0x8000284c (0x0000717d) c.addi16sp sp, -16
core   0: 3 0x8000284c (0x717d) x 2 0x0003ffdd
core   0: 0x8000284e (0x41820b33) sub     s6, tp, s8
core   0: 3 0x8000284e (0x41820b33) x22 0x011c8556
core   0: 0x80002852 (0x00fa1993) slli    s3, s4, 15
core   0: 3 0x80002852 (0x00fa1993) x19 0x00008000
core   0: 0x80002856 (0x000173b3) and     t2, sp, zero
core   0: 3 0x80002856 (0x000173b3) x 7 0x00000000
core   0: 0x8000285a (0x00008ce5) c.and   s1, s1
core   0: 3 0x8000285a (0x8ce5) x 9 0xa0000000
core   0: 0x8000285c (0xde36ed13) ori     s10, a3, -541
core   0: 3 0x8000285c (0xde36ed13) x26 0xfffffde3
core   0: 0x80002860 (0x01ede3b3) or      t2, s11, t5
core   0: 3 0x80002860 (0x01ede3b3) x 7 0x00084000
core   0: 0x80002864 (0x00008ebd) c.xor   a3, a5
core   0: 3 0x80002864 (0x8ebd) x13 0x7ee681b0
core   0: 0x80002866 (0x00004855) c.li    a6, 21
core   0: 3 0x80002866 (0x4855) x16 0x00000015
core   0: 0x80002868 (0x03e19333) mulh    t1, gp, t5
core   0: 3 0x80002868 (0x03e19333) x 6 0x00000000
core   0: 0x8000286c (0x01c9c533) xor     a0, s3, t3
core   0: 3 0x8000286c (0x01c9c533) x10 0x185de189
core   0: 0x80002870 (0x00074a63) bltz    a4, pc + 20
core   0: 3 0x80002870 (0x00074a63)
core   0: 0x80002884 (0x40a086b3) sub     a3, ra, a0
core   0: 3 0x80002884 (0x40a086b3) x13 0xe7a21d10
core   0: 0x80002888 (0x020201b3) mul     gp, tp, zero
core   0: 3 0x80002888 (0x020201b3) x 3 0x00000000
core   0: 0x8000288c (0x01f9ca33) xor     s4, s3, t6
core   0: 3 0x8000288c (0x01f9ca33) x20 0x00008000
core   0: 0x80002890 (0x4165d293) srai    t0, a1, 22
core   0: 3 0x80002890 (0x4165d293) x 5 0x00000000
core   0: 0x80002894 (0x00008ec9) c.or    a3, a0
core   0: 3 0x80002894 (0x8ec9) x13 0xfffffd99
core   0: 0x80002896 (0x40725093) srai    ra, tp, 7
core   0: 3 0x80002896 (0x40725093) x 1 0x000239aa
core   0: 0x8000289a (0x405adc33) sra     s8, s5, t0
core   0: 3 0x8000289a (0x405adc33) x24 0x054e4b2b
core   0: 0x8000289e (0x01c69d13) slli    s10, a3, 28
core   0: 3 0x8000289e (0x01c69d13) x26 0x90000000
core   0: 0x800028a2 (0x01a66363) bltu    a2, s10, pc + 6
core   0: 3 0x800028a2 (0x01a66363)
core   0: 0x800028a6 (0x0000800d) c.srli  s0, 3
core   0: 3 0x800028a6 (0x800d) x 8 0x08584000
core   0: 0x800028a8 (0x00000001) c.nop
core   0: 3 0x800028a8 (0x0001)
core   0: 0x800028aa (0x031ccc63) blt     s9, a7, pc + 56
core   0: 3 0x800028aa (0x031ccc63)
core   0: 0x800028e2 (0x41e75633) sra     a2, a4, t5
core   0: 3 0x800028e2 (0x41e75633) x12 0x80029ce4
core   0: 0x800028e6 (0x01026333) or      t1, tp, a6
core   0: 3 0x800028e6 (0x01026333) x 6 0x011cd555
core   0: 0x800028ea (0x00000001) c.nop
core   0: 3 0x800028ea (0x0001)
core   0: 0x800028ec (0x03065963) bge     a2, a6, pc + 50
core   0: 3 0x800028ec (0x03065963)
core   0: 0x800028f0 (0x018bf233) and     tp, s7, s8
core   0: 3 0x800028f0 (0x018bf233) x 4 0x00084000
core   0: 0x800028f4 (0xb25ab593) sltiu   a1, s5, -1243
core   0: 3 0x800028f4 (0xb25ab593) x11 0x00000001
core   0: 0x800028f8 (0x03161363) bne     a2, a7, pc + 38
core   0: 3 0x800028f8 (0x03161363)
core   0: 0x8000291e (0xda2a0a93) addi    s5, s4, -606
core   0: 3 0x8000291e (0xda2a0a93) x21 0x00007da2
core   0: 0x80002922 (0x03e1fd63) bgeu    gp, t5, pc + 58
core   0: 3 0x80002922 (0x03e1fd63)
core   0: 0x80002926 (0x00004d7d) c.li    s10, 31
core   0: 3 0x80002926 (0x4d7d) x26 0x0000001f
core   0: 0x80002928 (0x0000c899) c.beqz  s1, pc + 22
core   0: 3 0x80002928 (0xc899)
core   0: 0x8000292a (0x0000ea85) c.bnez  a3, pc + 48
core   0: 3 0x8000292a (0xea85)
core   0: 0x8000295a (0x00008e81) c.sub   a3, s0
core   0: 3 0x8000295a (0x8e81) x13 0xf7a7bd99
core   0: 0x8000295c (0x00005bfd) c.li    s7, -1
core   0: 3 0x8000295c (0x5bfd) x23 0xffffffff
core   0: 0x8000295e (0x00a65493) srli    s1, a2, 10
core   0: 3 0x8000295e (0x00a65493) x 9 0x002000a7
core   0: 0x80002962 (0x02adc563) blt     s11, a0, pc + 42
core   0: 3 0x80002962 (0x02adc563)
core   0: 0x8000298c (0x9be65d17) auipc   s10, 0x9be65
core   0: 3 0x8000298c (0x9be65d17) x26 0x1be6798c
core   0: 0x80002990 (0x012e9463) bne     t4, s2, pc + 8
core   0: 3 0x80002990 (0x012e9463)
core   0: 0x80002998 (0x40470db3) sub     s11, a4, tp
core   0: 3 0x80002998 (0x40470db3) x27 0x7ffa5ce4
core   0: 0x8000299c (0x03591ab3) mulh    s5, s2, s5
core   0: 3 0x8000299c (0x03591ab3) x21 0xffffd0e3
core   0: 0x800029a0 (0x01105463) bge     zero, a7, pc + 8
core   0: 3 0x800029a0 (0x01105463)
core   0: 0x800029a8 (0x4118dc13) srai    s8, a7, 17
core   0: 3 0x800029a8 (0x4118dc13) x24 0xffffc001
core   0: 0x800029ac (0x02117f33) remu    t5, sp, ra
core   0: 3 0x800029ac (0x02117f33) x30 0x0001c633
core   0: 0x800029b0 (0x00009ace) c.add   s5, s3
core   0: 3 0x800029b0 (0x9ace) x21 0x000050e3
core   0: 0x800029b2 (0x11e9ab93) slti    s7, s3, 286
core   0: 3 0x800029b2 (0x11e9ab93) x23 0x00000000
core   0: 0x800029b6 (0xca66abb7) lui     s7, 0xca66a
core   0: 3 0x800029b6 (0xca66abb7) x23 0xca66a000
core   0: 0x800029ba (0x000087b6) c.mv    a5, a3
core   0: 3 0x800029ba (0x87b6) x15 0xf7a7bd99
core   0: 0x800029bc (0x0000028c) c.addi4spn a1, sp, 320
core   0: 3 0x800029bc (0x028c) x11 0x0004011d
core   0: 0x800029be (0x004a1963) bne     s4, tp, pc + 18
core   0: 3 0x800029be (0x004a1963)
core   0: 0x800029d0 (0x02db8133) mul     sp, s7, a3
core   0: 3 0x800029d0 (0x02db8133) x 2 0x1b75a000
core   0: 0x800029d4 (0x034a5db3) divu    s11, s4, s4
core   0: 3 0x800029d4 (0x034a5db3) x27 0x00000001
core   0: 0x800029d8 (0x0000038c) c.addi4spn a1, sp, 448
core   0: 3 0x800029d8 (0x038c) x11 0x1b75a1c0
core   0: 0x800029da (0x02ff6633) rem     a2, t5, a5
core   0: 3 0x800029da (0x02ff6633) x12 0x0001c633
core   0: 0x800029de (0x00008c4d) c.or    s0, a1
core   0: 3 0x800029de (0x8c4d) x 8 0x1b7de1c0
core   0: 0x800029e0 (0x0356e2b3) rem     t0, a3, s5
core   0: 3 0x800029e0 (0x0356e2b3) x 5 0xfffff8b4
core   0: 0x800029e4 (0x00d49793) slli    a5, s1, 13
core   0: 3 0x800029e4 (0x00d49793) x15 0x0014e000
core   0: 0x800029e8 (0x000c5e33) srl     t3, s8, zero
core   0: 3 0x800029e8 (0x000c5e33) x28 0xffffc001
core   0: 0x800029ec (0xbf424493) xori    s1, tp, -1036
core   0: 3 0x800029ec (0xbf424493) x 9 0xfff7bbf4
core   0: 0x800029f0 (0x8cae4093) xori    ra, t3, -1846
core   0: 3 0x800029f0 (0x8cae4093) x 1 0x000038cb
core   0: 0x800029f4 (0x00e9fa63) bgeu    s3, a4, pc + 20
core   0: 3 0x800029f4 (0x00e9fa63)
core   0: 0x800029f8 (0x036b09b3) mul     s3, s6, s6
core   0: 3 0x800029f8 (0x036b09b3) x19 0x1c4278e4
core   0: 0x800029fc (0x02d61333) mulh    t1, a2, a3
core   0: 3 0x800029fc (0x02d61333) x 6 0xfffff131
core   0: 0x80002a00 (0x03705c33) divu    s8, zero, s7
core   0: 3 0x80002a00 (0x03705c33) x24 0x00000000
core   0: 0x80002a04 (0x02498e33) mul     t3, s3, tp
core   0: 3 0x80002a04 (0x02498e33) x28 0x65590000
core   0: 0x80002a08 (0x0f448513) addi    a0, s1, 244
core   0: 3 0x80002a08 (0x0f448513) x10 0xfff7bce8
core   0: 0x80002a0c (0x01356bb3) or      s7, a0, s3
core   0: 3 0x80002a0c (0x01356bb3) x23 0xfff7fcec
core   0: 0x80002a10 (0x41598f33) sub     t5, s3, s5
core   0: 3 0x80002a10 (0x41598f33) x30 0x1c422801
core   0: 0x80002a14 (0x414e03b3) sub     t2, t3, s4
core   0: 3 0x80002a14 (0x414e03b3) x 7 0x65588000
core   0: 0x80002a18 (0x0000986a) c.add   a6, s10
core   0: 3 0x80002a18 (0x986a) x16 0x1be679a1
core   0: 0x80002a1a (0xc2ef20b7) lui     ra, 0xc2ef2
core   0: 3 0x80002a1a (0xc2ef20b7) x 1 0xc2ef2000
core   0: 0x80002a1e (0x0000e815) c.bnez  s0, pc + 52
core   0: 3 0x80002a1e (0xe815)
core   0: 0x80002a52 (0x02733ab3) mulhu   s5, t1, t2
core   0: 3 0x80002a52 (0x02733ab3) x21 0x65587a23
core   0: 0x80002a56 (0x00008c75) c.and   s0, a3
core   0: 3 0x80002a56 (0x8c75) x 8 0x1325a180
core   0: 0x80002a58 (0x000080a6) c.mv    ra, s1
core   0: 3 0x80002a58 (0x80a6) x 1 0xfff7bbf4
core   0: 0x80002a5a (0x000011fd) c.addi  gp, -1
core   0: 3 0x80002a5a (0x11fd) x 3 0xffffffff
core   0: 0x80002a5c (0x8716c817) auipc   a6, 0x8716c
core   0: 3 0x80002a5c (0x8716c817) x16 0x0716ea5c
core   0: 0x80002a60 (0x013241b3) xor     gp, tp, s3
core   0: 3 0x80002a60 (0x013241b3) x 3 0x1c4a38e4
core   0: 0x80002a64 (0xe6eee693) ori     a3, t4, -402
core   0: 3 0x80002a64 (0xe6eee693) x13 0xfffffe7e
core   0: 0x80002a68 (0x00000001) c.nop
core   0: 3 0x80002a68 (0x0001)
core   0: 0x80002a6a (0x00006c6d) c.lui   s8, 0x1b
core   0: 3 0x80002a6a (0x6c6d) x24 0x0001b000
core   0: 0x80002a6c (0x0316d833) divu    a6, a3, a7
core   0: 3 0x80002a6c (0x0316d833) x16 0x00000001
core   0: 0x80002a70 (0x81edc2b7) lui     t0, 0x81edc
core   0: 3 0x80002a70 (0x81edc2b7) x 5 0x81edc000
core   0: 0x80002a74 (0x00009a52) c.add   s4, s4
core   0: 3 0x80002a74 (0x9a52) x20 0x00010000
core   0: 0x80002a76 (0x02c1c533) div     a0, gp, a2
core   0: 3 0x80002a76 (0x02c1c533) x10 0x00000ff1
core   0: 0x80002a7a (0x005d5193) srli    gp, s10, 5
core   0: 3 0x80002a7a (0x005d5193) x 3 0x00df33cc
core   0: 0x80002a7e (0x00000a5a) c.slli  s4, 22
core   0: 3 0x80002a7e (0x0a5a) x20 0x00000000
core   0: 0x80002a80 (0x00008d89) c.sub   a1, a0
core   0: 3 0x80002a80 (0x8d89) x11 0x1b7591cf
core   0: 0x80002a82 (0x007c5d63) bge     s8, t2, pc + 26
core   0: 3 0x80002a82 (0x007c5d63)
core   0: 0x80002a86 (0x02445bb3) divu    s7, s0, tp
core   0: 3 0x80002a86 (0x02445bb3) x23 0x00000252
core   0: 0x80002a8a (0x00008ca5) c.xor   s1, s1
core   0: 3 0x80002a8a (0x8ca5) x 9 0x00000000
core   0: 0x80002a8c (0x0000100f) fence.i
core   0: 3 0x80002a8c (0x0000100f)
core   0: 0x80002a90 (0x00d8b333) sltu    t1, a7, a3
core   0: 3 0x80002a90 (0x00d8b333) x 6 0x00000001
core   0: 0x80002a94 (0x41af0f33) sub     t5, t5, s10
core   0: 3 0x80002a94 (0x41af0f33) x30 0x005bae75
core   0: 0x80002a98 (0x009916b3) sll     a3, s2, s1
core   0: 3 0x80002a98 (0x009916b3) x13 0xa0000000
core   0: 0x80002a9c (0x040b8163) beqz    s7, pc + 66
core   0: 3 0x80002a9c (0x040b8163)
core   0: 0x80002aa0 (0x007b2633) slt     a2, s6, t2
core   0: 3 0x80002aa0 (0x007b2633) x12 0x00000001
core   0: 0x80002aa4 (0x00006b39) c.lui   s6, 0xe
core   0: 3 0x80002aa4 (0x6b39) x22 0x0000e000
core   0: 0x80002aa6 (0x029589b3) mul     s3, a1, s1
core   0: 3 0x80002aa6 (0x029589b3) x19 0x00000000
core   0: 0x80002aaa (0x01825633) srl     a2, tp, s8
core   0: 3 0x80002aaa (0x01825633) x12 0x00084000
core   0: 0x80002aae (0xb3a4a937) lui     s2, 0xb3a4a
core   0: 3 0x80002aae (0xb3a4a937) x18 0xb3a4a000
core   0: 0x80002ab2 (0x00006121) c.addi16sp sp, 64
core   0: 3 0x80002ab2 (0x6121) x 2 0x1b75a040
core   0: 0x80002ab4 (0x02d846b3) div     a3, a6, a3
core   0: 3 0x80002ab4 (0x02d846b3) x13 0x00000000
core   0: 0x80002ab8 (0x0000100f) fence.i
core   0: 3 0x80002ab8 (0x0000100f)
core   0: 0x80002abc (0x00b45993) srli    s3, s0, 11
core   0: 3 0x80002abc (0x00b45993) x19 0x000264b4
core   0: 0x80002ac0 (0x0000587d) c.li    a6, -1
core   0: 3 0x80002ac0 (0x587d) x16 0xffffffff
core   0: 0x80002ac2 (0x010269b3) or      s3, tp, a6
core   0: 3 0x80002ac2 (0x010269b3) x19 0xffffffff
core   0: 0x80002ac6 (0x008d1433) sll     s0, s10, s0
core   0: 3 0x80002ac6 (0x008d1433) x 8 0x1be6798c
core   0: 0x80002aca (0x41838e33) sub     t3, t2, s8
core   0: 3 0x80002aca (0x41838e33) x28 0x6556d000
core   0: 0x80002ace (0x01a731b3) sltu    gp, a4, s10
core   0: 3 0x80002ace (0x01a731b3) x 3 0x00000000
core   0: 0x80002ad2 (0xd6950213) addi    tp, a0, -663
core   0: 3 0x80002ad2 (0xd6950213) x 4 0x00000d5a
core   0: 0x80002ad6 (0x02424633) div     a2, tp, tp
core   0: 3 0x80002ad6 (0x02424633) x12 0x00000001
core   0: 0x80002ada (0x02c2d0b3) divu    ra, t0, a2
core   0: 3 0x80002ada (0x02c2d0b3) x 1 0x81edc000
core   0: 0x80002ade (0x00006829) c.lui   a6, 0xa
core   0: 3 0x80002ade (0x6829) x16 0x0000a000
core   0: 0x80002ae0 (0x00000001) c.nop
core   0: 3 0x80002ae0 (0x0001)
core   0: 0x80002ae2 (0x006b42b3) xor     t0, s6, t1
core   0: 3 0x80002ae2 (0x006b42b3) x 5 0x0000e001
core   0: 0x80002ae6 (0x00006461) c.lui   s0, 0x18
core   0: 3 0x80002ae6 (0x6461) x 8 0x00018000
core   0: 0x80002ae8 (0x03e0e3b3) rem     t2, ra, t5
core   0: 3 0x80002ae8 (0x03e0e3b3) x 7 0xfffda0e0
core   0: 0x80002aec (0x0000ef85) c.bnez  a5, pc + 56
core   0: 3 0x80002aec (0xef85)
core   0: 0x80002b24 (0x0000100f) fence.i
core   0: 3 0x80002b24 (0x0000100f)
core   0: 0x80002b28 (0x00008cd5) c.or    s1, a3
core   0: 3 0x80002b28 (0x8cd5) x 9 0x00000000
core   0: 0x80002b2a (0x004ad863) bge     s5, tp, pc + 16
core   0: 3 0x80002b2a (0x004ad863)
core   0: 0x80002b3a (0x00008fcd) c.or    a5, a1
core   0: 3 0x80002b3a (0x8fcd) x15 0x1b75f1cf
core   0: 0x80002b3c (0x03ef8333) mul     t1, t6, t5
core   0: 3 0x80002b3c (0x03ef8333) x 6 0x00000000
core   0: 0x80002b40 (0x02e149b3) div     s3, sp, a4
core   0: 3 0x80002b40 (0x02e149b3) x19 0x00000000
core   0: 0x80002b44 (0x40450633) sub     a2, a0, tp
core   0: 3 0x80002b44 (0x40450633) x12 0x00000297
core   0: 0x80002b48 (0x0340b6b3) mulhu   a3, ra, s4
core   0: 3 0x80002b48 (0x0340b6b3) x13 0x00000000
core   0: 0x80002b4c (0x00149013) slli    zero, s1, 1
core   0: 3 0x80002b4c (0x00149013)
core   0: 0x80002b50 (0x00006151) c.addi16sp sp, 272
core   0: 3 0x80002b50 (0x6151) x 2 0x1b75a150
core   0: 0x80002b52 (0x020e5963) bgez    t3, pc + 50
core   0: 3 0x80002b52 (0x020e5963)
core   0: 0x80002b84 (0x00000001) c.nop
core   0: 3 0x80002b84 (0x0001)
core   0: 0x80002b86 (0x01b69093) slli    ra, a3, 27
core   0: 3 0x80002b86 (0x01b69093) x 1 0x00000000
core   0: 0x80002b8a (0xcd712613) slti    a2, sp, -809
core   0: 3 0x80002b8a (0xcd712613) x12 0x00000000
core   0: 0x80002b8e (0x0c2b4b93) xori    s7, s6, 194
core   0: 3 0x80002b8e (0x0c2b4b93) x23 0x0000e0c2
core   0: 0x80002b92 (0x00d1d313) srli    t1, gp, 13
core   0: 3 0x80002b92 (0x00d1d313) x 6 0x00000000
core   0: 0x80002b96 (0x033ef833) remu    a6, t4, s3
core   0: 3 0x80002b96 (0x033ef833) x16 0x00000010
core   0: 0x80002b9a (0x00006409) c.lui   s0, 0x2
core   0: 3 0x80002b9a (0x6409) x 8 0x00002000
core   0: 0x80002b9c (0xe7783513) sltiu   a0, a6, -393
core   0: 3 0x80002b9c (0xe7783513) x10 0x00000001
core   0: 0x80002ba0 (0x9e8a6613) ori     a2, s4, -1560
core   0: 3 0x80002ba0 (0x9e8a6613) x12 0xfffff9e8
core   0: 0x80002ba4 (0x03c38d33) mul     s10, t2, t3
core   0: 3 0x80002ba4 (0x03c38d33) x26 0x7df60000
core   0: 0x80002ba8 (0x00000a99) c.addi  s5, 6
core   0: 3 0x80002ba8 (0x0a99) x21 0x65587a29
core   0: 0x80002baa (0x0000100f) fence.i
core   0: 3 0x80002baa (0x0000100f)
core   0: 0x80002bae (0x01efdc13) srli    s8, t6, 30
core   0: 3 0x80002bae (0x01efdc13) x24 0x00000000
core   0: 0x80002bb2 (0xccad61b7) lui     gp, 0xccad6
core   0: 3 0x80002bb2 (0xccad61b7) x 3 0xccad6000
core   0: 0x80002bb6 (0x000050fd) c.li    ra, -1
core   0: 3 0x80002bb6 (0x50fd) x 1 0xffffffff
core   0: 0x80002bb8 (0x00009e72) c.add   t3, t3
core   0: 3 0x80002bb8 (0x9e72) x28 0xcaada000
core   0: 0x80002bba (0x004f6a63) bltu    t5, tp, pc + 20
core   0: 3 0x80002bba (0x004f6a63)
core   0: 0x80002bbe (0x0000100f) fence.i
core   0: 3 0x80002bbe (0x0000100f)
core   0: 0x80002bc2 (0x52863093) sltiu   ra, a2, 1320
core   0: 3 0x80002bc2 (0x52863093) x 1 0x00000000
core   0: 0x80002bc6 (0x07e77c63) bgeu    a4, t5, pc + 120
core   0: 3 0x80002bc6 (0x07e77c63)
core   0: 0x80002c3e (0x020994b3) mulh    s1, s3, zero
core   0: 3 0x80002c3e (0x020994b3) x 9 0x00000000
core   0: 0x80002c42 (0x00008d15) c.sub   a0, a3
core   0: 3 0x80002c42 (0x8d15) x10 0x00000001
core   0: 0x80002c44 (0x00b87533) and     a0, a6, a1
core   0: 3 0x80002c44 (0x00b87533) x10 0x00000000
core   0: 0x80002c48 (0x0000517d) c.li    sp, -1
core   0: 3 0x80002c48 (0x517d) x 2 0xffffffff
core   0: 0x80002c4a (0x0000840a) c.mv    s0, sp
core   0: 3 0x80002c4a (0x840a) x 8 0xffffffff
core   0: 0x80002c4c (0x00004f21) c.li    t5, 8
core   0: 3 0x80002c4c (0x4f21) x30 0x00000008
core   0: 0x80002c4e (0x031d55b3) divu    a1, s10, a7
core   0: 3 0x80002c4e (0x031d55b3) x11 0x00000000
core   0: 0x80002c52 (0x00938433) add     s0, t2, s1
core   0: 3 0x80002c52 (0x00938433) x 8 0xfffda0e0
core   0: 0x80002c56 (0x015d04b3) add     s1, s10, s5
core   0: 3 0x80002c56 (0x015d04b3) x 9 0xe34e7a29
core   0: 0x80002c5a (0x003f1bb3) sll     s7, t5, gp
core   0: 3 0x80002c5a (0x003f1bb3) x23 0x00000008
core   0: 0x80002c5e (0x00008e25) c.xor   a2, s1
core   0: 3 0x80002c5e (0x8e25) x12 0x1cb183c1
core   0: 0x80002c60 (0x00008dd1) c.or    a1, a2
core   0: 3 0x80002c60 (0x8dd1) x11 0x1cb183c1
core   0: 0x80002c62 (0x03358563) beq     a1, s3, pc + 42
core   0: 3 0x80002c62 (0x03358563)
core   0: 0x80002c66 (0x00001ffd) c.addi  t6, -1
core   0: 3 0x80002c66 (0x1ffd) x31 0xffffffff
core   0: 0x80002c68 (0x05a41063) bne     s0, s10, pc + 64
core   0: 3 0x80002c68 (0x05a41063)
core   0: 0x80002ca8 (0x00008e55) c.or    a2, a3
core   0: 3 0x80002ca8 (0x8e55) x12 0x1cb183c1
core   0: 0x80002caa (0x03149263) bne     s1, a7, pc + 36
core   0: 3 0x80002caa (0x03149263)
core   0: 0x80002cce (0x01aa7933) and     s2, s4, s10
core   0: 3 0x80002cce (0x01aa7933) x18 0x00000000
core   0: 0x80002cd2 (0x02becbb3) div     s7, t4, a1
core   0: 3 0x80002cd2 (0x02becbb3) x23 0x00000000
core   0: 0x80002cd6 (0x0160beb3) sltu    t4, ra, s6
core   0: 3 0x80002cd6 (0x0160beb3) x29 0x00000001
core   0: 0x80002cda (0x0000e609) c.bnez  a2, pc + 10
core   0: 3 0x80002cda (0xe609)
core   0: 0x80002ce4 (0x5da524b7) lui     s1, 0x5da52
core   0: 3 0x80002ce4 (0x5da524b7) x 9 0x5da52000
core   0: 0x80002ce8 (0x00008d31) c.xor   a0, a2
core   0: 3 0x80002ce8 (0x8d31) x10 0x1cb183c1
core   0: 0x80002cea (0x482ab293) sltiu   t0, s5, 1154
core   0: 3 0x80002cea (0x482ab293) x 5 0x00000000
core   0: 0x80002cee (0x00008e65) c.and   a2, s1
core   0: 3 0x80002cee (0x8e65) x12 0x1ca10000
core   0: 0x80002cf0 (0x0054c363) blt     s1, t0, pc + 6
core   0: 3 0x80002cf0 (0x0054c363)
core   0: 0x80002cf4 (0x00008135) c.srli  a0, 13
core   0: 3 0x80002cf4 (0x8135) x10 0x0000e58c
core   0: 0x80002cf6 (0x00008c51) c.or    s0, a2
core   0: 3 0x80002cf6 (0x8c51) x 8 0xfffda0e0
core   0: 0x80002cf8 (0x05eb9163) bne     s7, t5, pc + 66
core   0: 3 0x80002cf8 (0x05eb9163)
core   0: 0x80002d3a (0x000043e9) c.li    t2, 26
core   0: 3 0x80002d3a (0x43e9) x 7 0x0000001a
core   0: 0x80002d3c (0x03cae4b3) rem     s1, s5, t3
core   0: 3 0x80002d3c (0x03cae4b3) x 9 0x30061a29
core   0: 0x80002d40 (0x02fac863) blt     s5, a5, pc + 48
core   0: 3 0x80002d40 (0x02fac863)
core   0: 0x80002d44 (0x00008e96) c.mv    t4, t0
core   0: 3 0x80002d44 (0x8e96) x29 0x00000000
core   0: 0x80002d46 (0x00008e95) c.sub   a3, a3
core   0: 3 0x80002d46 (0x8e95) x13 0x00000000
core   0: 0x80002d48 (0x000003aa) c.slli  t2, 10
core   0: 3 0x80002d48 (0x03aa) x 7 0x00006800
core   0: 0x80002d4a (0x410d0a33) sub     s4, s10, a6
core   0: 3 0x80002d4a (0x410d0a33) x20 0x7df5fff0
core   0: 0x80002d4e (0x01cce233) or      tp, s9, t3
core   0: 3 0x80002d4e (0x01cce233) x 4 0xcaada000
core   0: 0x80002d52 (0x0000c78d) c.beqz  a5, pc + 42
core   0: 3 0x80002d52 (0xc78d)
core   0: 0x80002d54 (0x033b82b3) mul     t0, s7, s3
core   0: 3 0x80002d54 (0x033b82b3) x 5 0x00000000
core   0: 0x80002d58 (0x000012fd) c.addi  t0, -1
core   0: 3 0x80002d58 (0x12fd) x 5 0xffffffff
core   0: 0x80002d5a (0x052be163) bltu    s7, s2, pc + 66
core   0: 3 0x80002d5a (0x052be163)
core   0: 0x80002d5e (0x0196d863) bge     a3, s9, pc + 16
core   0: 3 0x80002d5e (0x0196d863)
core   0: 0x80002d6e (0x00008091) c.srli  s1, 4
core   0: 3 0x80002d6e (0x8091) x 9 0x030061a2
core   0: 0x80002d70 (0xcb5d0517) auipc   a0, 0xcb5d0
core   0: 3 0x80002d70 (0xcb5d0517) x10 0x4b5d2d70
core   0: 0x80002d74 (0x014c1813) slli    a6, s8, 20
core   0: 3 0x80002d74 (0x014c1813) x16 0x00000000
core   0: 0x80002d78 (0x0000617d) c.addi16sp sp, 496
core   0: 3 0x80002d78 (0x617d) x 2 0x000001ef
core   0: 0x80002d7a (0x00006835) c.lui   a6, 0xd
core   0: 3 0x80002d7a (0x6835) x16 0x0000d000
core   0: 0x80002d7c (0x01a29813) slli    a6, t0, 26
core   0: 3 0x80002d7c (0x01a29813) x16 0xfc000000
core   0: 0x80002d80 (0x006a39b3) sltu    s3, s4, t1
core   0: 3 0x80002d80 (0x006a39b3) x19 0x00000000
core   0: 0x80002d84 (0x00008c89) c.sub   s1, a0
core   0: 3 0x80002d84 (0x8c89) x 9 0xb7a33432
core   0: 0x80002d86 (0x00008dbd) c.xor   a1, a5
core   0: 3 0x80002d86 (0x8dbd) x11 0x07c4720e
core   0: 0x80002d88 (0x01ced6b3) srl     a3, t4, t3
core   0: 3 0x80002d88 (0x01ced6b3) x13 0x00000000
core   0: 0x80002d8c (0x1f05ef93) ori     t6, a1, 496
core   0: 3 0x80002d8c (0x1f05ef93) x31 0x07c473fe
core   0: 0x80002d90 (0x00906e33) or      t3, zero, s1
core   0: 3 0x80002d90 (0x00906e33) x28 0xb7a33432
core   0: 0x80002d94 (0xecf7a293) slti    t0, a5, -305
core   0: 3 0x80002d94 (0xecf7a293) x 5 0x00000000
core   0: 0x80002d98 (0x402c0633) sub     a2, s8, sp
core   0: 3 0x80002d98 (0x402c0633) x12 0xfffffe11
core   0: 0x80002d9c (0x06980093) addi    ra, a6, 105
core   0: 3 0x80002d9c (0x06980093) x 1 0xfc000069
core   0: 0x80002da0 (0x00ec8fb3) add     t6, s9, a4
core   0: 3 0x80002da0 (0x00ec8fb3) x31 0x00029ce4
core   0: 0x80002da4 (0x000086a1) c.srai  a3, 8
core   0: 3 0x80002da4 (0x86a1) x13 0x00000000
core   0: 0x80002da6 (0x0000825d) c.srli  a2, 23
core   0: 3 0x80002da6 (0x825d) x12 0x000001ff
core   0: 0x80002da8 (0x02290833) mul     a6, s2, sp
core   0: 3 0x80002da8 (0x02290833) x16 0x00000000
core   0: 0x80002dac (0x1a340613) addi    a2, s0, 419
core   0: 3 0x80002dac (0x1a340613) x12 0xfffda283
core   0: 0x80002db0 (0x24ceeb93) ori     s7, t4, 588
core   0: 3 0x80002db0 (0x24ceeb93) x23 0x0000024c
core   0: 0x80002db4 (0x7b4b6e13) ori     t3, s6, 1972
core   0: 3 0x80002db4 (0x7b4b6e13) x28 0x0000e7b4
core   0: 0x80002db8 (0x0000717d) c.addi16sp sp, -16
core   0: 3 0x80002db8 (0x717d) x 2 0x000001df
core   0: 0x80002dba (0x65e7c213) xori    tp, a5, 1630
core   0: 3 0x80002dba (0x65e7c213) x 4 0x1b75f791
core   0: 0x80002dbe (0x00000ece) c.slli  t4, 19
core   0: 3 0x80002dbe (0x0ece) x29 0x00000000
core   0: 0x80002dc0 (0x0ff0000f) fence   iorw,iorw
core   0: 3 0x80002dc0 (0x0ff0000f)
core   0: 0x80002dc4 (0x6255ae13) slti    t3, a1, 1573
core   0: 3 0x80002dc4 (0x6255ae13) x28 0x00000000
core   0: 0x80002dc8 (0x001ebeb3) sltu    t4, t4, ra
core   0: 3 0x80002dc8 (0x001ebeb3) x29 0x00000001
core   0: 0x80002dcc (0x02a34c33) div     s8, t1, a0
core   0: 3 0x80002dcc (0x02a34c33) x24 0x00000000
core   0: 0x80002dd0 (0x00001dfd) c.addi  s11, -1
core   0: 3 0x80002dd0 (0x1dfd) x27 0x00000000
core   0: 0x80002dd2 (0x00004675) c.li    a2, 29
core   0: 3 0x80002dd2 (0x4675) x12 0x0000001d
core   0: 0x80002dd4 (0x0295cb33) div     s6, a1, s1
core   0: 3 0x80002dd4 (0x0295cb33) x22 0x00000000
core   0: 0x80002dd8 (0x00d6ea33) or      s4, a3, a3
core   0: 3 0x80002dd8 (0x00d6ea33) x20 0x00000000
core   0: 0x80002ddc (0x0ff0000f) fence   iorw,iorw
core   0: 3 0x80002ddc (0x0ff0000f)
core   0: 0x80002de0 (0x07e94d63) blt     s2, t5, pc + 122
core   0: 3 0x80002de0 (0x07e94d63)
core   0: 0x80002e5a (0x0000100f) fence.i
core   0: 3 0x80002e5a (0x0000100f)
core   0: 0x80002e5e (0x03aac1b3) div     gp, s5, s10
core   0: 3 0x80002e5e (0x03aac1b3) x 3 0x00000000
core   0: 0x80002e62 (0x4f590337) lui     t1, 0x4f590
core   0: 3 0x80002e62 (0x4f590337) x 6 0x4f590000
core   0: 0x80002e66 (0x000055fd) c.li    a1, -1
core   0: 3 0x80002e66 (0x55fd) x11 0xffffffff
core   0: 0x80002e68 (0x03203133) mulhu   sp, zero, s2
core   0: 3 0x80002e68 (0x03203133) x 2 0x00000000
core   0: 0x80002e6c (0x005faeb3) slt     t4, t6, t0
core   0: 3 0x80002e6c (0x005faeb3) x29 0x00000000
core   0: 0x80002e70 (0xfc26cf93) xori    t6, a3, -62
core   0: 3 0x80002e70 (0xfc26cf93) x31 0xffffffc2
core   0: 0x80002e74 (0xd4e7a113) slti    sp, a5, -690
core   0: 3 0x80002e74 (0xd4e7a113) x 2 0x00000000
core   0: 0x80002e78 (0x01f539b3) sltu    s3, a0, t6
core   0: 3 0x80002e78 (0x01f539b3) x19 0x00000001
core   0: 0x80002e7c (0x0000850d) c.srai  a0, 3
core   0: 3 0x80002e7c (0x850d) x10 0x096ba5ae
core   0: 0x80002e7e (0x6c983097) auipc   ra, 0x6c983
core   0: 3 0x80002e7e (0x6c983097) x 1 0xec985e7e
core   0: 0x80002e82 (0x01c082b3) add     t0, ra, t3
core   0: 3 0x80002e82 (0x01c082b3) x 5 0xec985e7e
core   0: 0x80002e86 (0x0ff0000f) fence   iorw,iorw
core   0: 3 0x80002e86 (0x0ff0000f)
core   0: 0x80002e8a (0x37426d93) ori     s11, tp, 884
core   0: 3 0x80002e8a (0x37426d93) x27 0x1b75f7f5
core   0: 0x80002e8e (0x000084d6) c.mv    s1, s5
core   0: 3 0x80002e8e (0x84d6) x 9 0x65587a29
core   0: 0x80002e90 (0x00b21963) bne     tp, a1, pc + 18
core   0: 3 0x80002e90 (0x00b21963)
core   0: 0x80002ea2 (0x0000c401) c.beqz  s0, pc + 8
core   0: 3 0x80002ea2 (0xc401)
core   0: 0x80002ea4 (0x000087c1) c.srai  a5, 16
core   0: 3 0x80002ea4 (0x87c1) x15 0x00001b75
core   0: 0x80002ea6 (0x8c5f4ab7) lui     s5, 0x8c5f4
core   0: 3 0x80002ea6 (0x8c5f4ab7) x21 0x8c5f4000
core   0: 0x80002eaa (0x00008eb1) c.xor   a3, a2
core   0: 3 0x80002eaa (0x8eb1) x13 0x0000001d
core   0: 0x80002eac (0x0000100f) fence.i
core   0: 3 0x80002eac (0x0000100f)
core   0: 0x80002eb0 (0x00001c7d) c.addi  s8, -1
core   0: 3 0x80002eb0 (0x1c7d) x24 0xffffffff
core   0: 0x80002eb2 (0x00008576) c.mv    a0, t4
core   0: 3 0x80002eb2 (0x8576) x10 0x00000000
core   0: 0x80002eb4 (0x000b2a33) slt     s4, s6, zero
core   0: 3 0x80002eb4 (0x000b2a33) x20 0x00000000
core   0: 0x80002eb8 (0x00001b94) c.addi4spn a3, sp, 496
core   0: 3 0x80002eb8 (0x1b94) x13 0x000001f0
core   0: 0x80002eba (0x00000001) c.nop
core   0: 3 0x80002eba (0x0001)
core   0: 0x80002ebc (0x01facd33) xor     s10, s5, t6
core   0: 3 0x80002ebc (0x01facd33) x26 0x73a0bfc2
core   0: 0x80002ec0 (0x018a7463) bgeu    s4, s8, pc + 8
core   0: 3 0x80002ec0 (0x018a7463)
core   0: 0x80002ec4 (0x563a8013) addi    zero, s5, 1379
core   0: 3 0x80002ec4 (0x563a8013)
core   0: 0x80002ec8 (0x00009bfd) c.andi  a5, -1
core   0: 3 0x80002ec8 (0x9bfd) x15 0x00001b75
core   0: 0x80002eca (0x79446697) auipc   a3, 0x79446
core   0: 3 0x80002eca (0x79446697) x13 0xf9448eca
core   0: 0x80002ece (0x02e70eb3) mul     t4, a4, a4
core   0: 3 0x80002ece (0x02e70eb3) x29 0xd3b6ab10
core   0: 0x80002ed2 (0x4120d413) srai    s0, ra, 18
core   0: 3 0x80002ed2 (0x4120d413) x 8 0xfffffb26
core   0: 0x80002ed6 (0x0000717d) c.addi16sp sp, -16
core   0: 3 0x80002ed6 (0x717d) x 2 0xfffffff0
core   0: 0x80002ed8 (0x406a8ab3) sub     s5, s5, t1
core   0: 3 0x80002ed8 (0x406a8ab3) x21 0x3d064000
core   0: 0x80002edc (0x036f2333) mulhsu  t1, t5, s6
core   0: 3 0x80002edc (0x036f2333) x 6 0x00000000
core   0: 0x80002ee0 (0x00b80633) add     a2, a6, a1
core   0: 3 0x80002ee0 (0x00b80633) x12 0xffffffff
core   0: 0x80002ee4 (0xe9266a93) ori     s5, a2, -366
core   0: 3 0x80002ee4 (0xe9266a93) x21 0xffffffff
core   0: 0x80002ee8 (0x00000db2) c.slli  s11, 12
core   0: 3 0x80002ee8 (0x0db2) x27 0x5f7f5000
core   0: 0x80002eea (0x0000597d) c.li    s2, -1
core   0: 3 0x80002eea (0x597d) x18 0xffffffff
core   0: 0x80002eec (0x01d519b3) sll     s3, a0, t4
core   0: 3 0x80002eec (0x01d519b3) x19 0x00000000
core   0: 0x80002ef0 (0x0000119c) c.addi4spn a5, sp, 224
core   0: 3 0x80002ef0 (0x119c) x15 0x000000d0
core   0: 0x80002ef2 (0x03f02133) mulhsu  sp, zero, t6
core   0: 3 0x80002ef2 (0x03f02133) x 2 0x00000000
core   0: 0x80002ef6 (0x038c3b33) mulhu   s6, s8, s8
core   0: 3 0x80002ef6 (0x038c3b33) x22 0xfffffffe
core   0: 0x80002efa (0x0000100f) fence.i
core   0: 3 0x80002efa (0x0000100f)
core   0: 0x80002efe (0x03e29533) mulh    a0, t0, t5
core   0: 3 0x80002efe (0x03e29533) x10 0xffffffff
core   0: 0x80002f02 (0x03d5f463) bgeu    a1, t4, pc + 40
core   0: 3 0x80002f02 (0x03d5f463)
core   0: 0x80002f2a (0x00009d26) c.add   s10, s1
core   0: 3 0x80002f2a (0x9d26) x26 0xd8f939eb
core   0: 0x80002f2c (0x00006149) c.addi16sp sp, 144
core   0: 3 0x80002f2c (0x6149) x 2 0x00000090
core   0: 0x80002f2e (0x00a85ab3) srl     s5, a6, a0
core   0: 3 0x80002f2e (0x00a85ab3) x21 0x00000000
core   0: 0x80002f32 (0x02be1333) mulh    t1, t3, a1
core   0: 3 0x80002f32 (0x02be1333) x 6 0x00000000
core   0: 0x80002f36 (0x000113b3) sll     t2, sp, zero
core   0: 3 0x80002f36 (0x000113b3) x 7 0x00000090
core   0: 0x80002f3a (0x020f3c33) mulhu   s8, t5, zero
core   0: 3 0x80002f3a (0x020f3c33) x24 0x00000000
core   0: 0x80002f3e (0x00008f99) c.sub   a5, a4
core   0: 3 0x80002f3e (0x8f99) x15 0x7ffd63ec
core   0: 0x80002f40 (0xf855fb93) andi    s7, a1, -123
core   0: 3 0x80002f40 (0xf855fb93) x23 0xffffff85
core   0: 0x80002f44 (0x01169233) sll     tp, a3, a7
core   0: 3 0x80002f44 (0x01169233) x 4 0x9448eca0
core   0: 0x80002f48 (0x0116cc63) blt     a3, a7, pc + 24
core   0: 3 0x80002f48 (0x0116cc63)
core   0: 0x80002f4c (0x02b08833) mul     a6, ra, a1
core   0: 3 0x80002f4c (0x02b08833) x16 0x1367a182
core   0: 0x80002f50 (0x00d40033) add     zero, s0, a3
core   0: 3 0x80002f50 (0x00d40033)
core   0: 0x80002f54 (0x037f96b3) mulh    a3, t6, s7
core   0: 3 0x80002f54 (0x037f96b3) x13 0x00000000
core   0: 0x80002f58 (0x000096da) c.add   a3, s6
core   0: 3 0x80002f58 (0x96da) x13 0xfffffffe
core   0: 0x80002f5a (0x0000c199) c.beqz  a1, pc + 6
core   0: 3 0x80002f5a (0xc199)
core   0: 0x80002f5c (0xd7f4f397) auipc   t2, 0xd7f4f
core   0: 3 0x80002f5c (0xd7f4f397) x 7 0x57f51f5c
core   0: 0x80002f60 (0x0251b833) mulhu   a6, gp, t0
core   0: 3 0x80002f60 (0x0251b833) x16 0x00000000
core   0: 0x80002f64 (0x005c8b63) beq     s9, t0, pc + 22
core   0: 3 0x80002f64 (0x005c8b63)
core   0: 0x80002f68 (0x8eb2f993) andi    s3, t0, -1813
core   0: 3 0x80002f68 (0x8eb2f993) x19 0xec98586a
core   0: 0x80002f6c (0x03b00133) mul     sp, zero, s11
core   0: 3 0x80002f6c (0x03b00133) x 2 0x00000000
core   0: 0x80002f70 (0x00008c41) c.or    s0, s0
core   0: 3 0x80002f70 (0x8c41) x 8 0xfffffb26
core   0: 0x80002f72 (0x02745233) divu    tp, s0, t2
core   0: 3 0x80002f72 (0x02745233) x 4 0x00000002
core   0: 0x80002f76 (0x050fe063) bltu    t6, a6, pc + 64
core   0: 3 0x80002f76 (0x050fe063)
core   0: 0x80002f7a (0x02b18f33) mul     t5, gp, a1
core   0: 3 0x80002f7a (0x02b18f33) x30 0x00000000
core   0: 0x80002f7e (0x0076d1b3) srl     gp, a3, t2
core   0: 3 0x80002f7e (0x0076d1b3) x 3 0x0000000f
core   0: 0x80002f82 (0x41255bb3) sra     s7, a0, s2
core   0: 3 0x80002f82 (0x41255bb3) x23 0xffffffff
core   0: 0x80002f86 (0x01a4eb63) bltu    s1, s10, pc + 22
core   0: 3 0x80002f86 (0x01a4eb63)
core   0: 0x80002f9c (0xe4b8f693) andi    a3, a7, -437
core   0: 3 0x80002f9c (0xe4b8f693) x13 0x80025e40
core   0: 0x80002fa0 (0x010153b3) srl     t2, sp, a6
core   0: 3 0x80002fa0 (0x010153b3) x 7 0x00000000
core   0: 0x80002fa4 (0x02ef1bb3) mulh    s7, t5, a4
core   0: 3 0x80002fa4 (0x02ef1bb3) x23 0x00000000
core   0: 0x80002fa8 (0xc3344017) auipc   zero, 0xc3344
core   0: 3 0x80002fa8 (0xc3344017)
core   0: 0x80002fac (0x00000001) c.nop
core   0: 3 0x80002fac (0x0001)
core   0: 0x80002fae (0x00009986) c.add   s3, ra
core   0: 3 0x80002fae (0x9986) x19 0xd930b6e8
core   0: 0x80002fb0 (0x00009f3a) c.add   t5, a4
core   0: 3 0x80002fb0 (0x9f3a) x30 0x80029ce4
core   0: 0x80002fb2 (0x00008ead) c.xor   a3, a1
core   0: 3 0x80002fb2 (0x8ead) x13 0x7ffda1bf
core   0: 0x80002fb4 (0x00008d69) c.and   a0, a0
core   0: 3 0x80002fb4 (0x8d69) x10 0xffffffff
core   0: 0x80002fb6 (0x00008d8e) c.mv    s11, gp
core   0: 3 0x80002fb6 (0x8d8e) x27 0x0000000f
core   0: 0x80002fb8 (0x00008aca) c.mv    s5, s2
core   0: 3 0x80002fb8 (0x8aca) x21 0xffffffff
core   0: 0x80002fba (0x60ae7313) andi    t1, t3, 1546
core   0: 3 0x80002fba (0x60ae7313) x 6 0x00000000
core   0: 0x80002fbe (0x00008a29) c.andi  a2, 10
core   0: 3 0x80002fbe (0x8a29) x12 0x0000000a
core   0: 0x80002fc0 (0x0000869d) c.srai  a3, 7
core   0: 3 0x80002fc0 (0x869d) x13 0x00fffb43
core   0: 0x80002fc2 (0x0000e2bd) c.bnez  a3, pc + 102
core   0: 3 0x80002fc2 (0xe2bd)
core   0: 0x80003028 (0x01cb2133) slt     sp, s6, t3
core   0: 3 0x80003028 (0x01cb2133) x 2 0x00000001
core   0: 0x8000302c (0x6c3bf213) andi    tp, s7, 1731
core   0: 3 0x8000302c (0x6c3bf213) x 4 0x00000000
core   0: 0x80003030 (0x00000001) c.nop
core   0: 3 0x80003030 (0x0001)
core   0: 0x80003032 (0x00512e33) slt     t3, sp, t0
core   0: 3 0x80003032 (0x00512e33) x28 0x00000000
core   0: 0x80003036 (0x00008385) c.srli  a5, 1
core   0: 3 0x80003036 (0x8385) x15 0x3ffeb1f6
core   0: 0x80003038 (0x02cf7c63) bgeu    t5, a2, pc + 56
core   0: 3 0x80003038 (0x02cf7c63)
core   0: 0x80003070 (0x0307d163) bge     a5, a6, pc + 34
core   0: 3 0x80003070 (0x0307d163)
core   0: 0x80003092 (0x02b96bb3) rem     s7, s2, a1
core   0: 3 0x80003092 (0x02b96bb3) x23 0x00000000
core   0: 0x80003096 (0x40c10133) sub     sp, sp, a2
core   0: 3 0x80003096 (0x40c10133) x 2 0xfffffff7
core   0: 0x8000309a (0x43a4f937) lui     s2, 0x43a4f
core   0: 3 0x8000309a (0x43a4f937) x18 0x43a4f000
core   0: 0x8000309e (0x0ff0000f) fence   iorw,iorw
core   0: 3 0x8000309e (0x0ff0000f)
core   0: 0x800030a2 (0x023eed63) bltu    t4, gp, pc + 58
core   0: 3 0x800030a2 (0x023eed63)
core   0: 0x800030a6 (0x041c4263) blt     s8, ra, pc + 68
core   0: 3 0x800030a6 (0x041c4263)
core   0: 0x800030aa (0x41fdd013) srai    zero, s11, 31
core   0: 3 0x800030aa (0x41fdd013)
core   0: 0x800030ae (0xe93b0f97) auipc   t6, 0xe93b0
core   0: 3 0x800030ae (0xe93b0f97) x31 0x693b30ae
core   0: 0x800030b2 (0x02de2833) mulhsu  a6, t3, a3
core   0: 3 0x800030b2 (0x02de2833) x16 0x00000000
core   0: 0x800030b6 (0x0338f933) remu    s2, a7, s3
core   0: 3 0x800030b6 (0x0338f933) x18 0x80025e64
core   0: 0x800030ba (0x00006925) c.lui   s2, 0x9
core   0: 3 0x800030ba (0x6925) x18 0x00009000
core   0: 0x800030bc (0x02de5933) divu    s2, t3, a3
core   0: 3 0x800030bc (0x02de5933) x18 0x00000000
core   0: 0x800030c0 (0x001fdc63) bge     t6, ra, pc + 24
core   0: 3 0x800030c0 (0x001fdc63)
core   0: 0x800030d8 (0xa8718493) addi    s1, gp, -1401
core   0: 3 0x800030d8 (0xa8718493) x 9 0xfffffa96
core   0: 0x800030dc (0x40225a93) srai    s5, tp, 2
core   0: 3 0x800030dc (0x40225a93) x21 0x00000000
core   0: 0x800030e0 (0x02429b63) bne     t0, tp, pc + 54
core   0: 3 0x800030e0 (0x02429b63)
core   0: 0x80003116 (0x0557c563) blt     a5, s5, pc + 74
core   0: 3 0x80003116 (0x0557c563)
core   0: 0x8000311a (0x41ea03b3) sub     t2, s4, t5
core   0: 3 0x8000311a (0x41ea03b3) x 7 0x7ffd631c
core   0: 0x8000311e (0x00848233) add     tp, s1, s0
core   0: 3 0x8000311e (0x00848233) x 4 0xfffff5bc
core   0: 0x80003122 (0x37092493) slti    s1, s2, 880
core   0: 3 0x80003122 (0x37092493) x 9 0x00000001
core   0: 0x80003126 (0x0000100f) fence.i
core   0: 3 0x80003126 (0x0000100f)
core   0: 0x8000312a (0x00da80b3) add     ra, s5, a3
core   0: 3 0x8000312a (0x00da80b3) x 1 0x00fffb43
core   0: 0x8000312e (0x000014fd) c.addi  s1, -1
core   0: 3 0x8000312e (0x14fd) x 9 0x00000000
core   0: 0x80003130 (0x02b067b3) rem     a5, zero, a1
core   0: 3 0x80003130 (0x02b067b3) x15 0x00000000
core   0: 0x80003134 (0x03636e33) rem     t3, t1, s6
core   0: 3 0x80003134 (0x03636e33) x28 0x00000000
core   0: 0x80003138 (0xab15a993) slti    s3, a1, -1359
core   0: 3 0x80003138 (0xab15a993) x19 0x00000000
core   0: 0x8000313c (0x01a99b63) bne     s3, s10, pc + 22
core   0: 3 0x8000313c (0x01a99b63)
core   0: 0x80003152 (0x03fe7f33) remu    t5, t3, t6
core   0: 3 0x80003152 (0x03fe7f33) x30 0x00000000
core   0: 0x80003156 (0x3525ee93) ori     t4, a1, 850
core   0: 3 0x80003156 (0x3525ee93) x29 0xffffffff
core   0: 0x8000315a (0x00f769b3) or      s3, a4, a5
core   0: 3 0x8000315a (0x00f769b3) x19 0x80029ce4
core   0: 0x8000315e (0x0000e501) c.bnez  a0, pc + 8
core   0: 3 0x8000315e (0xe501)
core   0: 0x80003166 (0xeb106e93) ori     t4, zero, -335
core   0: 3 0x80003166 (0xeb106e93) x29 0xfffffeb1
core   0: 0x8000316a (0x00fbfb63) bgeu    s7, a5, pc + 22
core   0: 3 0x8000316a (0x00fbfb63)
core   0: 0x80003180 (0x000087fd) c.srai  a5, 31
core   0: 3 0x80003180 (0x87fd) x15 0x00000000
core   0: 0x80003182 (0x644e3b13) sltiu   s6, t3, 1604
core   0: 3 0x80003182 (0x644e3b13) x22 0x00000001
core   0: 0x80003186 (0x00d24463) blt     tp, a3, pc + 8
core   0: 3 0x80003186 (0x00d24463)
core   0: 0x8000318e (0x0000e28d) c.bnez  a3, pc + 34
core   0: 3 0x8000318e (0xe28d)
core   0: 0x800031b0 (0x00008f95) c.sub   a5, a3
core   0: 3 0x800031b0 (0x8f95) x15 0xff0004bd
core   0: 0x800031b2 (0x00008ed1) c.or    a3, a2
core   0: 3 0x800031b2 (0x8ed1) x13 0x00fffb4b
core   0: 0x800031b4 (0x00000ad1) c.addi  s5, 20
core   0: 3 0x800031b4 (0x0ad1) x21 0x00000014
core   0: 0x800031b6 (0x009d92b3) sll     t0, s11, s1
core   0: 3 0x800031b6 (0x009d92b3) x 5 0x0000000f
core   0: 0x800031ba (0x627dfd13) andi    s10, s11, 1575
core   0: 3 0x800031ba (0x627dfd13) x26 0x00000007
core   0: 0x800031be (0x00e30d63) beq     t1, a4, pc + 26
core   0: 3 0x800031be (0x00e30d63)
core   0: 0x800031c2 (0x00008e1a) c.mv    t3, t1
core   0: 3 0x800031c2 (0x8e1a) x28 0x00000000
core   0: 0x800031c4 (0x00245393) srli    t2, s0, 2
core   0: 3 0x800031c4 (0x00245393) x 7 0x3ffffec9
core   0: 0x800031c8 (0x419805b3) sub     a1, a6, s9
core   0: 3 0x800031c8 (0x419805b3) x11 0x80000000
core   0: 0x800031cc (0x2f7e4313) xori    t1, t3, 759
core   0: 3 0x800031cc (0x2f7e4313) x 6 0x000002f7
core   0: 0x800031d0 (0x036bda33) divu    s4, s7, s6
core   0: 3 0x800031d0 (0x036bda33) x20 0x00000000
core   0: 0x800031d4 (0x031cd633) divu    a2, s9, a7
core   0: 3 0x800031d4 (0x031cd633) x12 0x00000000
core   0: 0x800031d8 (0x2b902493) slti    s1, zero, 697
core   0: 3 0x800031d8 (0x2b902493) x 9 0x00000001
core   0: 0x800031dc (0x9c5c7f13) andi    t5, s8, -1595
core   0: 3 0x800031dc (0x9c5c7f13) x30 0x00000000
core   0: 0x800031e0 (0x8ac7ed13) ori     s10, a5, -1876
core   0: 3 0x800031e0 (0x8ac7ed13) x26 0xfffffcbd
core   0: 0x800031e4 (0x0000036a) c.slli  t1, 26
core   0: 3 0x800031e4 (0x036a) x 6 0xdc000000
core   0: 0x800031e6 (0x04908263) beq     ra, s1, pc + 68
core   0: 3 0x800031e6 (0x04908263)
core   0: 0x800031ea (0x36596337) lui     t1, 0x36596
core   0: 3 0x800031ea (0x36596337) x 6 0x36596000
core   0: 0x800031ee (0x00008e01) c.sub   a2, s0
core   0: 3 0x800031ee (0x8e01) x12 0x000004da
core   0: 0x800031f0 (0x0000c50d) c.beqz  a0, pc + 42
core   0: 3 0x800031f0 (0xc50d)
core   0: 0x800031f2 (0x60b1e293) ori     t0, gp, 1547
core   0: 3 0x800031f2 (0x60b1e293) x 5 0x0000060f
core   0: 0x800031f6 (0x00008fc1) c.or    a5, s0
core   0: 3 0x800031f6 (0x8fc1) x15 0xffffffbf
core   0: 0x800031f8 (0x40c501b3) sub     gp, a0, a2
core   0: 3 0x800031f8 (0x40c501b3) x 3 0xfffffb25
core   0: 0x800031fc (0x400bd513) srai    a0, s7, 0
core   0: 3 0x800031fc (0x400bd513) x10 0x00000000
core   0: 0x80003200 (0x00518433) add     s0, gp, t0
core   0: 3 0x80003200 (0x00518433) x 8 0x00000134
core   0: 0x80003204 (0x02d94533) div     a0, s2, a3
core   0: 3 0x80003204 (0x02d94533) x10 0x00000000
core   0: 0x80003208 (0x00008275) c.srli  a2, 29
core   0: 3 0x80003208 (0x8275) x12 0x00000000
core   0: 0x8000320a (0x41bf0b33) sub     s6, t5, s11
core   0: 3 0x8000320a (0x41bf0b33) x22 0xfffffff1
core   0: 0x8000320e (0x04775063) bge     a4, t2, pc + 64
core   0: 3 0x8000320e (0x04775063)
core   0: 0x80003212 (0x00ae1313) slli    t1, t3, 10
core   0: 3 0x80003212 (0x00ae1313) x 6 0x00000000
core   0: 0x80003216 (0x003493b3) sll     t2, s1, gp
core   0: 3 0x80003216 (0x003493b3) x 7 0x00000020
core   0: 0x8000321a (0x00008491) c.srai  s1, 4
core   0: 3 0x8000321a (0x8491) x 9 0x00000000
core   0: 0x8000321c (0x03bde3b3) rem     t2, s11, s11
core   0: 3 0x8000321c (0x03bde3b3) x 7 0x00000000
core   0: 0x80003220 (0x00009bfd) c.andi  a5, -1
core   0: 3 0x80003220 (0x9bfd) x15 0xffffffbf
core   0: 0x80003222 (0x00345a93) srli    s5, s0, 3
core   0: 3 0x80003222 (0x00345a93) x21 0x00000026
core   0: 0x80003226 (0x40ecd633) sra     a2, s9, a4
core   0: 3 0x80003226 (0x40ecd633) x12 0xf8000000
core   0: 0x8000322a (0x0285ea63) bltu    a1, s0, pc + 52
core   0: 3 0x8000322a (0x0285ea63)
core   0: 0x8000322e (0x02817d33) remu    s10, sp, s0
core   0: 3 0x8000322e (0x02817d33) x26 0x0000012f
core   0: 0x80003232 (0x00951613) slli    a2, a0, 9
core   0: 3 0x80003232 (0x00951613) x12 0x00000000
core   0: 0x80003236 (0x03dfe663) bltu    t6, t4, pc + 44
core   0: 3 0x80003236 (0x03dfe663)
core   0: 0x80003262 (0x03c7e833) rem     a6, a5, t3
core   0: 3 0x80003262 (0x03c7e833) x16 0xffffffbf
core   0: 0x80003266 (0xa1d50813) addi    a6, a0, -1507
core   0: 3 0x80003266 (0xa1d50813) x16 0xfffffa1d
core   0: 0x8000326a (0x027fa333) mulhsu  t1, t6, t2
core   0: 3 0x8000326a (0x027fa333) x 6 0x00000000
core   0: 0x8000326e (0xbd983e13) sltiu   t3, a6, -1063
core   0: 3 0x8000326e (0xbd983e13) x28 0x00000001
core   0: 0x80003272 (0x000094e6) c.add   s1, s9
core   0: 3 0x80003272 (0x94e6) x 9 0x80000000
core   0: 0x80003274 (0x00008de1) c.and   a1, s0
core   0: 3 0x80003274 (0x8de1) x11 0x00000000
core   0: 0x80003276 (0x00008d71) c.and   a0, a2
core   0: 3 0x80003276 (0x8d71) x10 0x00000000
core   0: 0x80003278 (0x00008449) c.srai  s0, 18
core   0: 3 0x80003278 (0x8449) x 8 0x00000000
core   0: 0x8000327a (0x00008799) c.srai  a5, 6
core   0: 3 0x8000327a (0x8799) x15 0xfffffffe
core   0: 0x8000327c (0x00077a33) and     s4, a4, zero
core   0: 3 0x8000327c (0x00077a33) x20 0x00000000
core   0: 0x80003280 (0x5065b913) sltiu   s2, a1, 1286
core   0: 3 0x80003280 (0x5065b913) x18 0x00000001
core   0: 0x80003284 (0xb95e8f17) auipc   t5, 0xb95e8
core   0: 3 0x80003284 (0xb95e8f17) x30 0x395eb284
core   0: 0x80003288 (0x00008d55) c.or    a0, a3
core   0: 3 0x80003288 (0x8d55) x10 0x00fffb4b
core   0: 0x8000328a (0xb8067e97) auipc   t4, 0xb8067
core   0: 3 0x8000328a (0xb8067e97) x29 0x3806a28a
core   0: 0x8000328e (0x02495c33) divu    s8, s2, tp
core   0: 3 0x8000328e (0x02495c33) x24 0x00000000
core   0: 0x80003292 (0x03d82d33) mulhsu  s10, a6, t4
core   0: 3 0x80003292 (0x03d82d33) x26 0xfffffeb6
core   0: 0x80003296 (0x000080e1) c.srli  s1, 24
core   0: 3 0x80003296 (0x80e1) x 9 0x00000080
core   0: 0x80003298 (0x0000887e) c.mv    a6, t6
core   0: 3 0x80003298 (0x887e) x16 0x693b30ae
core   0: 0x8000329a (0x02b54bb3) div     s7, a0, a1
core   0: 3 0x8000329a (0x02b54bb3) x23 0xffffffff
core   0: 0x8000329e (0x0000100f) fence.i
core   0: 3 0x8000329e (0x0000100f)
core   0: 0x800032a2 (0x34486513) ori     a0, a6, 836
core   0: 3 0x800032a2 (0x34486513) x10 0x693b33ee
core   0: 0x800032a6 (0x01348763) beq     s1, s3, pc + 14
core   0: 3 0x800032a6 (0x01348763)
core   0: 0x800032aa (0x0000c299) c.beqz  a3, pc + 6
core   0: 3 0x800032aa (0xc299)
core   0: 0x800032ac (0x029a5b33) divu    s6, s4, s1
core   0: 3 0x800032ac (0x029a5b33) x22 0x00000000
core   0: 0x800032b0 (0x0000c485) c.beqz  s1, pc + 40
core   0: 3 0x800032b0 (0xc485)
core   0: 0x800032b2 (0x00009afd) c.andi  a3, -1
core   0: 3 0x800032b2 (0x9afd) x13 0x00fffb4b
core   0: 0x800032b4 (0x00ef1793) slli    a5, t5, 14
core   0: 3 0x800032b4 (0x00ef1793) x15 0xaca10000
core   0: 0x800032b8 (0x0287e263) bltu    a5, s0, pc + 36
core   0: 3 0x800032b8 (0x0287e263)
core   0: 0x800032bc (0x04654163) blt     a0, t1, pc + 66
core   0: 3 0x800032bc (0x04654163)
core   0: 0x800032c0 (0xf79f4293) xori    t0, t5, -135
core   0: 3 0x800032c0 (0xf79f4293) x 5 0xc6a14dfd
core   0: 0x800032c4 (0x01d1c233) xor     tp, gp, t4
core   0: 3 0x800032c4 (0x01d1c233) x 4 0xc7f959af
core   0: 0x800032c8 (0x06004993) xori    s3, zero, 96
core   0: 3 0x800032c8 (0x06004993) x19 0x00000060
core   0: 0x800032cc (0x02b9e063) bltu    s3, a1, pc + 32
core   0: 3 0x800032cc (0x02b9e063)
core   0: 0x800032d0 (0x00008151) c.srli  a0, 20
core   0: 3 0x800032d0 (0x8151) x10 0x00000693
core   0: 0x800032d2 (0x00006169) c.addi16sp sp, 208
core   0: 3 0x800032d2 (0x6169) x 2 0x000000c7
core   0: 0x800032d4 (0x033edb63) bge     t4, s3, pc + 54
core   0: 3 0x800032d4 (0x033edb63)
core   0: 0x8000330a (0x00200c63) beq     zero, sp, pc + 24
core   0: 3 0x8000330a (0x00200c63)
core   0: 0x8000330e (0x00008965) c.andi  a0, 25
core   0: 3 0x8000330e (0x8965) x10 0x00000011
core   0: 0x80003310 (0x02f16433) rem     s0, sp, a5
core   0: 3 0x80003310 (0x02f16433) x 8 0x000000c7
core   0: 0x80003314 (0x00997fb3) and     t6, s2, s1
core   0: 3 0x80003314 (0x00997fb3) x31 0x00000000
core   0: 0x80003318 (0x555df793) andi    a5, s11, 1365
core   0: 3 0x80003318 (0x555df793) x15 0x00000005
core   0: 0x8000331c (0x01aa1863) bne     s4, s10, pc + 16
core   0: 3 0x8000331c (0x01aa1863)
core   0: 0x8000332c (0x0000446d) c.li    s0, 27
core   0: 3 0x8000332c (0x446d) x 8 0x0000001b
core   0: 0x8000332e (0x0000c21d) c.beqz  a2, pc + 38
core   0: 3 0x8000332e (0xc21d)
core   0: 0x80003354 (0x00008521) c.srai  a0, 8
core   0: 3 0x80003354 (0x8521) x10 0x00000000
core   0: 0x80003356 (0x032782b3) mul     t0, a5, s2
core   0: 3 0x80003356 (0x032782b3) x 5 0x00000005
core   0: 0x8000335a (0x02215d63) bge     sp, sp, pc + 58
core   0: 3 0x8000335a (0x02215d63)
core   0: 0x80003394 (0x00008e45) c.or    a2, s1
core   0: 3 0x80003394 (0x8e45) x12 0x00000080
core   0: 0x80003396 (0x01e45463) bge     s0, t5, pc + 8
core   0: 3 0x80003396 (0x01e45463)
core   0: 0x8000339a (0x019f8833) add     a6, t6, s9
core   0: 3 0x8000339a (0x019f8833) x16 0x80000000
core   0: 0x8000339e (0x0000862d) c.srai  a2, 11
core   0: 3 0x8000339e (0x862d) x12 0x00000000
core   0: 0x800033a0 (0x01085f93) srli    t6, a6, 16
core   0: 3 0x800033a0 (0x01085f93) x31 0x00008000
core   0: 0x800033a4 (0x00b4d613) srli    a2, s1, 11
core   0: 3 0x800033a4 (0x00b4d613) x12 0x00000000
core   0: 0x800033a8 (0x02001433) mulh    s0, zero, zero
core   0: 3 0x800033a8 (0x02001433) x 8 0x00000000
core   0: 0x800033ac (0x034c26b3) mulhsu  a3, s8, s4
core   0: 3 0x800033ac (0x034c26b3) x13 0x00000000
core   0: 0x800033b0 (0x00008d8d) c.sub   a1, a1
core   0: 3 0x800033b0 (0x8d8d) x11 0x00000000
core   0: 0x800033b2 (0x0114e333) or      t1, s1, a7
core   0: 3 0x800033b2 (0x0114e333) x 6 0x80025ee4
core   0: 0x800033b6 (0x022a6fb3) rem     t6, s4, sp
core   0: 3 0x800033b6 (0x022a6fb3) x31 0x00000000
core   0: 0x800033ba (0x00008eed) c.and   a3, a1
core   0: 3 0x800033ba (0x8eed) x13 0x00000000
core   0: 0x800033bc (0x037d5933) divu    s2, s10, s7
core   0: 3 0x800033bc (0x037d5933) x18 0x00000000
core   0: 0x800033c0 (0x02a9a4b3) mulhsu  s1, s3, a0
core   0: 3 0x800033c0 (0x02a9a4b3) x 9 0x00000000
core   0: 0x800033c4 (0x00b78033) add     zero, a5, a1
core   0: 3 0x800033c4 (0x00b78033)
core   0: 0x800033c8 (0x01a5f9b3) and     s3, a1, s10
core   0: 3 0x800033c8 (0x01a5f9b3) x19 0x00000000
core   0: 0x800033cc (0x00000001) c.nop
core   0: 3 0x800033cc (0x0001)
core   0: 0x800033ce (0x0000933a) c.add   t1, a4
core   0: 3 0x800033ce (0x933a) x 6 0x0004fbc8
core   0: 0x800033d0 (0x25728b13) addi    s6, t0, 599
core   0: 3 0x800033d0 (0x25728b13) x22 0x0000025c
core   0: 0x800033d4 (0x018d52b3) srl     t0, s10, s8
core   0: 3 0x800033d4 (0x018d52b3) x 5 0xfffffeb6
core   0: 0x800033d8 (0x0259a033) mulhsu  zero, s3, t0
core   0: 3 0x800033d8 (0x0259a033)
core   0: 0x800033dc (0x00008021) c.srli  s0, 8
core   0: 3 0x800033dc (0x8021) x 8 0x00000000
core   0: 0x800033de (0x14f3c793) xori    a5, t2, 335
core   0: 3 0x800033de (0x14f3c793) x15 0x0000014f
core   0: 0x800033e2 (0x4109d9b3) sra     s3, s3, a6
core   0: 3 0x800033e2 (0x4109d9b3) x19 0x00000000
core   0: 0x800033e6 (0x0237cb63) blt     a5, gp, pc + 54
core   0: 3 0x800033e6 (0x0237cb63)
core   0: 0x800033ea (0x026d7763) bgeu    s10, t1, pc + 46
core   0: 3 0x800033ea (0x026d7763)
core   0: 0x80003418 (0x01afea63) bltu    t6, s10, pc + 20
core   0: 3 0x80003418 (0x01afea63)
core   0: 0x8000342c (0x00025033) srl     zero, tp, zero
core   0: 3 0x8000342c (0x00025033)
core   0: 0x80003430 (0x00008ebd) c.xor   a3, a5
core   0: 3 0x80003430 (0x8ebd) x13 0x0000014f
core   0: 0x80003432 (0x0000e999) c.bnez  a1, pc + 22
core   0: 3 0x80003432 (0xe999)
core   0: 0x80003434 (0x01af55b3) srl     a1, t5, s10
core   0: 3 0x80003434 (0x01af55b3) x11 0x000000e5
core   0: 0x80003438 (0x02a89c33) mulh    s8, a7, a0
core   0: 3 0x80003438 (0x02a89c33) x24 0x00000000
core   0: 0x8000343c (0x005b1a33) sll     s4, s6, t0
core   0: 3 0x8000343c (0x005b1a33) x20 0x97000000
core   0: 0x80003440 (0x0ff0000f) fence   iorw,iorw
core   0: 3 0x80003440 (0x0ff0000f)
core   0: 0x80003444 (0xfabbb813) sltiu   a6, s7, -85
core   0: 3 0x80003444 (0xfabbb813) x16 0x00000000
core   0: 0x80003448 (0x00008661) c.srai  a2, 24
core   0: 3 0x80003448 (0x8661) x12 0x00000000
core   0: 0x8000344a (0x00006171) c.addi16sp sp, 336
core   0: 3 0x8000344a (0x6171) x 2 0x00000217
core   0: 0x8000344c (0x0002a933) slt     s2, t0, zero
core   0: 3 0x8000344c (0x0002a933) x18 0x00000001
core   0: 0x80003450 (0x03772d33) mulhsu  s10, a4, s7
core   0: 3 0x80003450 (0x03772d33) x26 0x80029ce4
core   0: 0x80003454 (0x01a09813) slli    a6, ra, 26
core   0: 3 0x80003454 (0x01a09813) x16 0x0c000000
core   0: 0x80003458 (0x00008d19) c.sub   a0, a4
core   0: 3 0x80003458 (0x8d19) x10 0x7ffd631c
core   0: 0x8000345a (0x01d3d633) srl     a2, t2, t4
core   0: 3 0x8000345a (0x01d3d633) x12 0x00000000
core   0: 0x8000345e (0x00000001) c.nop
core   0: 3 0x8000345e (0x0001)
core   0: 0x80003460 (0x00f34ab3) xor     s5, t1, a5
core   0: 3 0x80003460 (0x00f34ab3) x21 0x0004fa87
core   0: 0x80003464 (0x00009dde) c.add   s11, s7
core   0: 3 0x80003464 (0x9dde) x27 0x0000000e
core   0: 0x80003466 (0x01426bb3) or      s7, tp, s4
core   0: 3 0x80003466 (0x01426bb3) x23 0xd7f959af
core   0: 0x8000346a (0x00008ef1) c.and   a3, a2
core   0: 3 0x8000346a (0x8ef1) x13 0x00000000
core   0: 0x8000346c (0xd455a513) slti    a0, a1, -699
core   0: 3 0x8000346c (0xd455a513) x10 0x00000000
core   0: 0x80003470 (0x0ff0000f) fence   iorw,iorw
core   0: 3 0x80003470 (0x0ff0000f)
core   0: 0x80003474 (0x0000100f) fence.i
core   0: 3 0x80003474 (0x0000100f)
core   0: 0x80003478 (0x0000717d) c.addi16sp sp, -16
core   0: 3 0x80003478 (0x717d) x 2 0x00000207
core   0: 0x8000347a (0xa3326e93) ori     t4, tp, -1485
core   0: 3 0x8000347a (0xa3326e93) x29 0xfffffbbf
core   0: 0x8000347e (0x00b5d863) bge     a1, a1, pc + 16
core   0: 3 0x8000347e (0x00b5d863)
core   0: 0x8000348e (0x00000c00) c.addi4spn s0, sp, 528
core   0: 3 0x8000348e (0x0c00) x 8 0x00000417
core   0: 0x80003490 (0x01fe3233) sltu    tp, t3, t6
core   0: 3 0x80003490 (0x01fe3233) x 4 0x00000000
core   0: 0x80003494 (0x40dedbb3) sra     s7, t4, a3
core   0: 3 0x80003494 (0x40dedbb3) x23 0xfffffbbf
core   0: 0x80003498 (0x00000001) c.nop
core   0: 3 0x80003498 (0x0001)
core   0: 0x8000349a (0x01d87b63) bgeu    a6, t4, pc + 22
core   0: 3 0x8000349a (0x01d87b63)
core   0: 0x8000349e (0x5d0cdf37) lui     t5, 0x5d0cd
core   0: 3 0x8000349e (0x5d0cdf37) x30 0x5d0cd000
core   0: 0x800034a2 (0x0000467d) c.li    a2, 31
core   0: 3 0x800034a2 (0x467d) x12 0x0000001f
core   0: 0x800034a4 (0x01b2ebb3) or      s7, t0, s11
core   0: 3 0x800034a4 (0x01b2ebb3) x23 0xfffffebe
core   0: 0x800034a8 (0x00296b33) or      s6, s2, sp
core   0: 3 0x800034a8 (0x00296b33) x22 0x00000207
core   0: 0x800034ac (0x0112f463) bgeu    t0, a7, pc + 8
core   0: 3 0x800034ac (0x0112f463)
core   0: 0x800034b4 (0x00000001) c.nop
core   0: 3 0x800034b4 (0x0001)
core   0: 0x800034b6 (0xf2c76693) ori     a3, a4, -212
core   0: 3 0x800034b6 (0xf2c76693) x13 0xffffffec
core   0: 0x800034ba (0x00008ea1) c.xor   a3, s0
core   0: 3 0x800034ba (0x8ea1) x13 0xfffffbfb
core   0: 0x800034bc (0x40c98933) sub     s2, s3, a2
core   0: 3 0x800034bc (0x40c98933) x18 0xffffffe1
core   0: 0x800034c0 (0x0560c363) blt     ra, s6, pc + 70
core   0: 3 0x800034c0 (0x0560c363)
core   0: 0x800034c4 (0x00008d25) c.xor   a0, s1
core   0: 3 0x800034c4 (0x8d25) x10 0x00000000
core   0: 0x800034c6 (0x00008ef5) c.and   a3, a3
core   0: 3 0x800034c6 (0x8ef5) x13 0xfffffbfb
core   0: 0x800034c8 (0x00008e29) c.xor   a2, a0
core   0: 3 0x800034c8 (0x8e29) x12 0x0000001f
core   0: 0x800034ca (0x000005c6) c.slli  a1, 17
core   0: 3 0x800034ca (0x05c6) x11 0x01ca0000
core   0: 0x800034cc (0x04396463) bltu    s2, gp, pc + 72
core   0: 3 0x800034cc (0x04396463)
core   0: 0x800034d0 (0x0295c763) blt     a1, s1, pc + 46
core   0: 3 0x800034d0 (0x0295c763)
core   0: 0x800034d4 (0x01dd1bb3) sll     s7, s10, t4
core   0: 3 0x800034d4 (0x01dd1bb3) x23 0x00000000
core   0: 0x800034d8 (0x04380163) beq     a6, gp, pc + 66
core   0: 3 0x800034d8 (0x04380163)
core   0: 0x800034dc (0x00349593) slli    a1, s1, 3
core   0: 3 0x800034dc (0x00349593) x11 0x00000000
core   0: 0x800034e0 (0x02715a63) bge     sp, t2, pc + 52
core   0: 3 0x800034e0 (0x02715a63)
core   0: 0x80003514 (0x00645993) srli    s3, s0, 6
core   0: 3 0x80003514 (0x00645993) x19 0x00000010
core   0: 0x80003518 (0x00001ffd) c.addi  t6, -1
core   0: 3 0x80003518 (0x1ffd) x31 0xffffffff
core   0: 0x8000351a (0x01808033) add     zero, ra, s8
core   0: 3 0x8000351a (0x01808033)
core   0: 0x8000351e (0x023feeb3) rem     t4, t6, gp
core   0: 3 0x8000351e (0x023feeb3) x29 0xffffffff
core   0: 0x80003522 (0xbc7d3793) sltiu   a5, s10, -1081
core   0: 3 0x80003522 (0xbc7d3793) x15 0x00000001
core   0: 0x80003526 (0x03db8a33) mul     s4, s7, t4
core   0: 3 0x80003526 (0x03db8a33) x20 0x00000000
core   0: 0x8000352a (0x00000392) c.slli  t2, 4
core   0: 3 0x8000352a (0x0392) x 7 0x00000000
core   0: 0x8000352c (0x00001708) c.addi4spn a0, sp, 928
core   0: 3 0x8000352c (0x1708) x10 0x000005a7
core   0: 0x8000352e (0x00008d5d) c.or    a0, a5
core   0: 3 0x8000352e (0x8d5d) x10 0x000005a7
core   0: 0x80003530 (0x02027363) bgeu    tp, zero, pc + 38
core   0: 3 0x80003530 (0x02027363)
core   0: 0x80003556 (0x01fac863) blt     s5, t6, pc + 16
core   0: 3 0x80003556 (0x01fac863)
core   0: 0x8000355a (0x00008e95) c.sub   a3, a3
core   0: 3 0x8000355a (0x8e95) x13 0x00000000
core   0: 0x8000355c (0xcfce1917) auipc   s2, 0xcfce1
core   0: 3 0x8000355c (0xcfce1917) x18 0x4fce455c
core   0: 0x80003560 (0x00008139) c.srli  a0, 14
core   0: 3 0x80003560 (0x8139) x10 0x00000000
core   0: 0x80003562 (0x01a99a13) slli    s4, s3, 26
core   0: 3 0x80003562 (0x01a99a13) x20 0x40000000
core   0: 0x80003566 (0xbfcbfd13) andi    s10, s7, -1028
core   0: 3 0x80003566 (0xbfcbfd13) x26 0x00000000
core   0: 0x8000356a (0x0330e2b3) rem     t0, ra, s3
core   0: 3 0x8000356a (0x0330e2b3) x 5 0x00000003
core   0: 0x8000356e (0x4296cd37) lui     s10, 0x4296c
core   0: 3 0x8000356e (0x4296cd37) x26 0x4296c000
core   0: 0x80003572 (0x038e5b33) divu    s6, t3, s8
core   0: 3 0x80003572 (0x038e5b33) x22 0xffffffff
core   0: 0x80003576 (0x00000001) c.nop
core   0: 3 0x80003576 (0x0001)
core   0: 0x80003578 (0x0cb5ea97) auipc   s5, 0xcb5e
core   0: 3 0x80003578 (0x0cb5ea97) x21 0x8cb61578
core   0: 0x8000357c (0x01ad90b3) sll     ra, s11, s10
core   0: 3 0x8000357c (0x01ad90b3) x 1 0x0000000e
core   0: 0x80003580 (0x00000001) c.nop
core   0: 3 0x80003580 (0x0001)
core   0: 0x80003582 (0x41fbd693) srai    a3, s7, 31
core   0: 3 0x80003582 (0x41fbd693) x13 0x00000000
core   0: 0x80003586 (0x05971363) bne     a4, s9, pc + 70
core   0: 3 0x80003586 (0x05971363)
core   0: 0x800035cc (0x000052fd) c.li    t0, -1
core   0: 3 0x800035cc (0x52fd) x 5 0xffffffff
core   0: 0x800035ce (0x00557ab3) and     s5, a0, t0
core   0: 3 0x800035ce (0x00557ab3) x21 0x00000000
core   0: 0x800035d2 (0x05260463) beq     a2, s2, pc + 72
core   0: 3 0x800035d2 (0x05260463)
core   0: 0x800035d6 (0x00000472) c.slli  s0, 28
core   0: 3 0x800035d6 (0x0472) x 8 0x70000000
core   0: 0x800035d8 (0x409bd133) sra     sp, s7, s1
core   0: 3 0x800035d8 (0x409bd133) x 2 0x00000000
core   0: 0x800035dc (0x00000e15) c.addi  t3, 5
core   0: 3 0x800035dc (0x0e15) x28 0x00000006
core   0: 0x800035de (0x000049d9) c.li    s3, 22
core   0: 3 0x800035de (0x49d9) x19 0x00000016
core   0: 0x800035e0 (0x00acee33) or      t3, s9, a0
core   0: 3 0x800035e0 (0x00acee33) x28 0x80000000
core   0: 0x800035e4 (0x00221663) bne     tp, sp, pc + 12
core   0: 3 0x800035e4 (0x00221663)
core   0: 0x800035e8 (0x012a1493) slli    s1, s4, 18
core   0: 3 0x800035e8 (0x012a1493) x 9 0x00000000
core   0: 0x800035ec (0x016e3f33) sltu    t5, t3, s6
core   0: 3 0x800035ec (0x016e3f33) x30 0x00000001
core   0: 0x800035f0 (0x0000e199) c.bnez  a1, pc + 6
core   0: 3 0x800035f0 (0xe199)
core   0: 0x800035f2 (0x01c7ee33) or      t3, a5, t3
core   0: 3 0x800035f2 (0x01c7ee33) x28 0x80000001
core   0: 0x800035f6 (0x02759a63) bne     a1, t2, pc + 52
core   0: 3 0x800035f6 (0x02759a63)
core   0: 0x800035fa (0x01e481b3) add     gp, s1, t5
core   0: 3 0x800035fa (0x01e481b3) x 3 0x00000001
core   0: 0x800035fe (0x00beffb3) and     t6, t4, a1
core   0: 3 0x800035fe (0x00beffb3) x31 0x00000000
core   0: 0x80003602 (0x05255363) bge     a0, s2, pc + 70
core   0: 3 0x80003602 (0x05255363)
core   0: 0x80003606 (0x000a0d63) beqz    s4, pc + 26
core   0: 3 0x80003606 (0x000a0d63)
core   0: 0x8000360a (0xba534d97) auipc   s11, 0xba534
core   0: 3 0x8000360a (0xba534d97) x27 0x3a53760a
core   0: 0x8000360e (0x0067f1b3) and     gp, a5, t1
core   0: 3 0x8000360e (0x0067f1b3) x 3 0x00000000
core   0: 0x80003612 (0x9a6cfa13) andi    s4, s9, -1626
core   0: 3 0x80003612 (0x9a6cfa13) x20 0x80000000
core   0: 0x80003616 (0x405857b3) sra     a5, a6, t0
core   0: 3 0x80003616 (0x405857b3) x15 0x00000000
core   0: 0x8000361a (0x00000c7e) c.slli  s8, 31
core   0: 3 0x8000361a (0x0c7e) x24 0x00000000
core   0: 0x8000361c (0x028b96b3) mulh    a3, s7, s0
core   0: 3 0x8000361c (0x028b96b3) x13 0x00000000
core   0: 0x80003620 (0x036a1e33) mulh    t3, s4, s6
core   0: 3 0x80003620 (0x036a1e33) x28 0x00000000
core   0: 0x80003624 (0x02a84f33) div     t5, a6, a0
core   0: 3 0x80003624 (0x02a84f33) x30 0xffffffff
core   0: 0x80003628 (0x000091c6) c.add   gp, a7
core   0: 3 0x80003628 (0x91c6) x 3 0x80025e64
core   0: 0x8000362a (0x0000567d) c.li    a2, -1
core   0: 3 0x8000362a (0x567d) x12 0xffffffff
core   0: 0x8000362c (0x032790b3) mulh    ra, a5, s2
core   0: 3 0x8000362c (0x032790b3) x 1 0x00000000
core   0: 0x80003630 (0x021547b3) div     a5, a0, ra
core   0: 3 0x80003630 (0x021547b3) x15 0xffffffff
core   0: 0x80003634 (0x00008a4e) c.mv    s4, s3
core   0: 3 0x80003634 (0x8a4e) x20 0x00000016
core   0: 0x80003636 (0x02db9e63) bne     s7, a3, pc + 60
core   0: 3 0x80003636 (0x02db9e63)
core   0: 0x8000363a (0x03cffb63) bgeu    t6, t3, pc + 54
core   0: 3 0x8000363a (0x03cffb63)
core   0: 0x80003670 (0x00000001) c.nop
core   0: 3 0x80003670 (0x0001)
core   0: 0x80003672 (0x00008d35) c.xor   a0, a3
core   0: 3 0x80003672 (0x8d35) x10 0x00000000
core   0: 0x80003674 (0x021966b3) rem     a3, s2, ra
core   0: 3 0x80003674 (0x021966b3) x13 0x4fce455c
core   0: 0x80003678 (0x01be6eb3) or      t4, t3, s11
core   0: 3 0x80003678 (0x01be6eb3) x29 0x3a53760a
core   0: 0x8000367c (0x03025bb3) divu    s7, tp, a6
core   0: 3 0x8000367c (0x03025bb3) x23 0x00000000
core   0: 0x80003680 (0x1e2e4817) auipc   a6, 0x1e2e4
core   0: 3 0x80003680 (0x1e2e4817) x16 0x9e2e7680
core   0: 0x80003684 (0x02cd5ab3) divu    s5, s10, a2
core   0: 3 0x80003684 (0x02cd5ab3) x21 0x00000000
core   0: 0x80003688 (0x00008a71) c.andi  a2, 28
core   0: 3 0x80003688 (0x8a71) x12 0x0000001c
core   0: 0x8000368a (0x0000987d) c.andi  s0, -1
core   0: 3 0x8000368a (0x987d) x 8 0x70000000
core   0: 0x8000368c (0x0310eeb3) rem     t4, ra, a7
core   0: 3 0x8000368c (0x0310eeb3) x29 0x00000000
core   0: 0x80003690 (0x00446a63) bltu    s0, tp, pc + 20
core   0: 3 0x80003690 (0x00446a63)
core   0: 0x80003694 (0x0223c5b3) div     a1, t2, sp
core   0: 3 0x80003694 (0x0223c5b3) x11 0xffffffff
core   0: 0x80003698 (0x03cb4eb3) div     t4, s6, t3
core   0: 3 0x80003698 (0x03cb4eb3) x29 0xffffffff
core   0: 0x8000369c (0x00006261) c.lui   tp, 0x18
core   0: 3 0x8000369c (0x6261) x 4 0x00018000
core   0: 0x8000369e (0x01fc5d33) srl     s10, s8, t6
core   0: 3 0x8000369e (0x01fc5d33) x26 0x00000000
core   0: 0x800036a2 (0x00001ffd) c.addi  t6, -1
core   0: 3 0x800036a2 (0x1ffd) x31 0xffffffff
core   0: 0x800036a4 (0x0ff0000f) fence   iorw,iorw
core   0: 3 0x800036a4 (0x0ff0000f)
core   0: 0x800036a8 (0x00000c22) c.slli  s8, 8
core   0: 3 0x800036a8 (0x0c22) x24 0x00000000
core   0: 0x800036aa (0x00991c13) slli    s8, s2, 9
core   0: 3 0x800036aa (0x00991c13) x24 0x9c8ab800
core   0: 0x800036ae (0x000091de) c.add   gp, s7
core   0: 3 0x800036ae (0x91de) x 3 0x80025e64
core   0: 0x800036b0 (0x00008c35) c.xor   s0, a3
core   0: 3 0x800036b0 (0x8c35) x 8 0x3fce455c
core   0: 0x800036b2 (0x00009c22) c.add   s8, s0
core   0: 3 0x800036b2 (0x9c22) x24 0xdc58fd5c
core   0: 0x800036b4 (0x02c3f463) bgeu    t2, a2, pc + 40
core   0: 3 0x800036b4 (0x02c3f463)
core   0: 0x800036b8 (0xdf2b0093) addi    ra, s6, -526
core   0: 3 0x800036b8 (0xdf2b0093) x 1 0xfffffdf1
core   0: 0x800036bc (0x02521763) bne     tp, t0, pc + 46
core   0: 3 0x800036bc (0x02521763)
core   0: 0x800036ea (0x00af1463) bne     t5, a0, pc + 8
core   0: 3 0x800036ea (0x00af1463)
core   0: 0x800036f2 (0x00000001) c.nop
core   0: 3 0x800036f2 (0x0001)
core   0: 0x800036f4 (0x00008dad) c.xor   a1, a1
core   0: 3 0x800036f4 (0x8dad) x11 0x00000000
core   0: 0x800036f6 (0x02a2c0b3) div     ra, t0, a0
core   0: 3 0x800036f6 (0x02a2c0b3) x 1 0xffffffff
core   0: 0x800036fa (0x00335e93) srli    t4, t1, 3
core   0: 3 0x800036fa (0x00335e93) x29 0x00009f79
core   0: 0x800036fe (0x00006265) c.lui   tp, 0x19
core   0: 3 0x800036fe (0x6265) x 4 0x00019000
core   0: 0x80003700 (0x000086d6) c.mv    a3, s5
core   0: 3 0x80003700 (0x86d6) x13 0x00000000
core   0: 0x80003702 (0x01473e33) sltu    t3, a4, s4
core   0: 3 0x80003702 (0x01473e33) x28 0x00000000
core   0: 0x80003706 (0x03708d33) mul     s10, ra, s7
core   0: 3 0x80003706 (0x03708d33) x26 0x00000000
core   0: 0x8000370a (0x01b45763) bge     s0, s11, pc + 14
core   0: 3 0x8000370a (0x01b45763)
core   0: 0x80003718 (0x3a87b313) sltiu   t1, a5, 936
core   0: 3 0x80003718 (0x3a87b313) x 6 0x00000000
core   0: 0x8000371c (0x00d162b3) or      t0, sp, a3
core   0: 3 0x8000371c (0x00d162b3) x 5 0x00000000
core   0: 0x80003720 (0x000044c5) c.li    s1, 17
core   0: 3 0x80003720 (0x44c5) x 9 0x00000011
core   0: 0x80003722 (0x0ff0000f) fence   iorw,iorw
core   0: 3 0x80003722 (0x0ff0000f)
core   0: 0x80003726 (0x0000100f) fence.i
core   0: 3 0x80003726 (0x0000100f)
core   0: 0x8000372a (0x000088c1) c.andi  s1, 16
core   0: 3 0x8000372a (0x88c1) x 9 0x00000010
core   0: 0x8000372c (0x0000c889) c.beqz  s1, pc + 18
core   0: 3 0x8000372c (0xc889)
core   0: 0x8000372e (0x02aa7933) remu    s2, s4, a0
core   0: 3 0x8000372e (0x02aa7933) x18 0x00000016
core   0: 0x80003732 (0xd92ffe37) lui     t3, 0xd92ff
core   0: 3 0x80003732 (0xd92ffe37) x28 0xd92ff000
core   0: 0x80003736 (0x01734d33) xor     s10, t1, s7
core   0: 3 0x80003736 (0x01734d33) x26 0x00000000
core   0: 0x8000373a (0x0000100f) fence.i
core   0: 3 0x8000373a (0x0000100f)
core   0: 0x8000373e (0x00008125) c.srli  a0, 9
core   0: 3 0x8000373e (0x8125) x10 0x00000000
core   0: 0x80003740 (0x00004629) c.li    a2, 10
core   0: 3 0x80003740 (0x4629) x12 0x0000000a
core   0: 0x80003742 (0x038ce963) bltu    s9, s8, pc + 50
core   0: 3 0x80003742 (0x038ce963)
core   0: 0x80003774 (0x009f5393) srli    t2, t5, 9
core   0: 3 0x80003774 (0x009f5393) x 7 0x007fffff
core   0: 0x80003778 (0x00009c32) c.add   s8, a2
core   0: 3 0x80003778 (0x9c32) x24 0xdc58fd66
core   0: 0x8000377a (0x0237d2b3) divu    t0, a5, gp
core   0: 3 0x8000377a (0x0237d2b3) x 5 0x00000001
core   0: 0x8000377e (0x0348cf63) blt     a7, s4, pc + 62
core   0: 3 0x8000377e (0x0348cf63)
core   0: 0x800037bc (0x000086fd) c.srai  a3, 31
core   0: 3 0x800037bc (0x86fd) x13 0x00000000
core   0: 0x800037be (0x5ffe7117) auipc   sp, 0x5ffe7
core   0: 3 0x800037be (0x5ffe7117) x 2 0xdffea7be
core   0: 0x800037c2 (0x032f9263) bne     t6, s2, pc + 36
core   0: 3 0x800037c2 (0x032f9263)
core   0: 0x800037e6 (0xa9ce80b7) lui     ra, 0xa9ce8
core   0: 3 0x800037e6 (0xa9ce80b7) x 1 0xa9ce8000
core   0: 0x800037ea (0x0000cc15) c.beqz  s0, pc + 60
core   0: 3 0x800037ea (0xcc15)
core   0: 0x800037ec (0x023c25b3) mulhsu  a1, s8, gp
core   0: 3 0x800037ec (0x023c25b3) x11 0xee2c2a3f
core   0: 0x800037f0 (0x0000c981) c.beqz  a1, pc + 16
core   0: 3 0x800037f0 (0xc981)
core   0: 0x800037f2 (0x00000212) c.slli  tp, 4
core   0: 3 0x800037f2 (0x0212) x 4 0x00190000
core   0: 0x800037f4 (0x0302f563) bgeu    t0, a6, pc + 42
core   0: 3 0x800037f4 (0x0302f563)
core   0: 0x800037f8 (0x025b6d63) bltu    s6, t0, pc + 58
core   0: 3 0x800037f8 (0x025b6d63)
core   0: 0x800037fc (0x00082f13) slti    t5, a6, 0
core   0: 3 0x800037fc (0x00082f13) x30 0x00000001
core   0: 0x80003800 (0x0000010c) c.addi4spn a1, sp, 128
core   0: 3 0x80003800 (0x010c) x11 0xdffea83e
core   0: 0x80003802 (0x00000001) c.nop
core   0: 3 0x80003802 (0x0001)
core   0: 0x80003804 (0x00008ed9) c.or    a3, a4
core   0: 3 0x80003804 (0x8ed9) x13 0x80029ce4
core   0: 0x80003806 (0x00001580) c.addi4spn s0, sp, 736
core   0: 3 0x80003806 (0x1580) x 8 0xdffeaa9e
core   0: 0x80003808 (0x0154beb3) sltu    t4, s1, s5
core   0: 3 0x80003808 (0x0154beb3) x29 0x00000000
core   0: 0x8000380c (0x00000001) c.nop
core   0: 3 0x8000380c (0x0001)
core   0: 0x8000380e (0x00009efe) c.add   t4, t6
core   0: 3 0x8000380e (0x9efe) x29 0xffffffff
core   0: 0x80003810 (0x0000e809) c.bnez  s0, pc + 18
core   0: 3 0x80003810 (0xe809)
core   0: 0x80003822 (0xc85d6913) ori     s2, s10, -891
core   0: 3 0x80003822 (0xc85d6913) x18 0xfffffc85
core   0: 0x80003826 (0x00c799b3) sll     s3, a5, a2
core   0: 3 0x80003826 (0x00c799b3) x19 0xfffffc00
core   0: 0x8000382a (0x00c23a33) sltu    s4, tp, a2
core   0: 3 0x8000382a (0x00c23a33) x20 0x00000000
core   0: 0x8000382e (0x00cbc533) xor     a0, s7, a2
core   0: 3 0x8000382e (0x00cbc533) x10 0x0000000a
core   0: 0x80003832 (0x034d5d33) divu    s10, s10, s4
core   0: 3 0x80003832 (0x034d5d33) x26 0xffffffff
core   0: 0x80003836 (0x01a381b3) add     gp, t2, s10
core   0: 3 0x80003836 (0x01a381b3) x 3 0x007ffffe
core   0: 0x8000383a (0x01b40833) add     a6, s0, s11
core   0: 3 0x8000383a (0x01b40833) x16 0x1a5220a8
core   0: 0x8000383e (0x00008d51) c.or    a0, a2
core   0: 3 0x8000383e (0x8d51) x10 0x0000000a
core   0: 0x80003840 (0x0000117d) c.addi  sp, -1
core   0: 3 0x80003840 (0x117d) x 2 0xdffea7bd
core   0: 0x80003842 (0x0000927a) c.add   tp, t5
core   0: 3 0x80003842 (0x927a) x 4 0x00190001
core   0: 0x80003844 (0x999f23b7) lui     t2, 0x999f2
core   0: 3 0x80003844 (0x999f23b7) x 7 0x999f2000
core   0: 0x80003848 (0x021080b3) mul     ra, ra, ra
core   0: 3 0x80003848 (0x021080b3) x 1 0x40000000
core   0: 0x8000384c (0xeacff093) andi    ra, t6, -340
core   0: 3 0x8000384c (0xeacff093) x 1 0xfffffeac
core   0: 0x80003850 (0x00008659) c.srai  a2, 22
core   0: 3 0x80003850 (0x8659) x12 0x00000000
core   0: 0x80003852 (0xb9f28213) addi    tp, t0, -1121
core   0: 3 0x80003852 (0xb9f28213) x 4 0xfffffba0
core   0: 0x80003856 (0x00bfcd33) xor     s10, t6, a1
core   0: 3 0x80003856 (0x00bfcd33) x26 0x200157c1
core   0: 0x8000385a (0x00008d49) c.or    a0, a0
core   0: 3 0x8000385a (0x8d49) x10 0x0000000a
core   0: 0x8000385c (0x000098fd) c.andi  s1, -1
core   0: 3 0x8000385c (0x98fd) x 9 0x00000010
core   0: 0x8000385e (0x00006275) c.lui   tp, 0x1d
core   0: 3 0x8000385e (0x6275) x 4 0x0001d000
core   0: 0x80003860 (0x0ff0000f) fence   iorw,iorw
core   0: 3 0x80003860 (0x0ff0000f)
core   0: 0x80003864 (0x40780e33) sub     t3, a6, t2
core   0: 3 0x80003864 (0x40780e33) x28 0x80b300a8
core   0: 0x80003868 (0x01d5d513) srli    a0, a1, 29
core   0: 3 0x80003868 (0x01d5d513) x10 0x00000006
core   0: 0x8000386c (0x0000eaa1) c.bnez  a3, pc + 80
core   0: 3 0x8000386c (0xeaa1)
core   0: 0x800038bc (0x0000049e) c.slli  s1, 7
core   0: 3 0x800038bc (0x049e) x 9 0x00000800
core   0: 0x800038be (0x0289d663) bge     s3, s0, pc + 44
core   0: 3 0x800038be (0x0289d663)
core   0: 0x800038ea (0x004130b3) sltu    ra, sp, tp
core   0: 3 0x800038ea (0x004130b3) x 1 0x00000000
core   0: 0x800038ee (0x00008f85) c.sub   a5, s1
core   0: 3 0x800038ee (0x8f85) x15 0xfffff7ff
core   0: 0x800038f0 (0x0000717d) c.addi16sp sp, -16
core   0: 3 0x800038f0 (0x717d) x 2 0xdffea7ad
core   0: 0x800038f2 (0x045b4063) blt     s6, t0, pc + 64
core   0: 3 0x800038f2 (0x045b4063)
core   0: 0x80003932 (0x000081a5) c.srli  a1, 9
core   0: 3 0x80003932 (0x81a5) x11 0x006fff54
core   0: 0x80003934 (0x00008ef1) c.and   a3, a2
core   0: 3 0x80003934 (0x8ef1) x13 0x00000000
core   0: 0x80003936 (0x00a45113) srli    sp, s0, 10
core   0: 3 0x80003936 (0x00a45113) x 2 0x0037ffaa
core   0: 0x8000393a (0xb94e8a37) lui     s4, 0xb94e8
core   0: 3 0x8000393a (0xb94e8a37) x20 0xb94e8000
core   0: 0x8000393e (0x00b58793) addi    a5, a1, 11
core   0: 3 0x8000393e (0x00b58793) x15 0x006fff5f
core   0: 0x80003942 (0x00fa3633) sltu    a2, s4, a5
core   0: 3 0x80003942 (0x00fa3633) x12 0x00000000
core   0: 0x80003946 (0x00bc9bb3) sll     s7, s9, a1
core   0: 3 0x80003946 (0x00bc9bb3) x23 0x00000000
core   0: 0x8000394a (0xa22cff13) andi    t5, s9, -1502
core   0: 3 0x8000394a (0xa22cff13) x30 0x80000000
core   0: 0x8000394e (0x0000717d) c.addi16sp sp, -16
core   0: 3 0x8000394e (0x717d) x 2 0x0037ff9a
core   0: 0x80003950 (0x00ef36b3) sltu    a3, t5, a4
core   0: 3 0x80003950 (0x00ef36b3) x13 0x00000001
core   0: 0x80003954 (0x0108f963) bgeu    a7, a6, pc + 18
core   0: 3 0x80003954 (0x0108f963)
core   0: 0x80003966 (0x02654d33) div     s10, a0, t1
core   0: 3 0x80003966 (0x02654d33) x26 0xffffffff
core   0: 0x8000396a (0x025551b3) divu    gp, a0, t0
core   0: 3 0x8000396a (0x025551b3) x 3 0x00000006
core   0: 0x8000396e (0x00000001) c.nop
core   0: 3 0x8000396e (0x0001)
core   0: 0x80003970 (0x000081a5) c.srli  a1, 9
core   0: 3 0x80003970 (0x81a5) x11 0x000037ff
core   0: 0x80003972 (0x402859b3) sra     s3, a6, sp
core   0: 3 0x80003972 (0x402859b3) x19 0x00000006
core   0: 0x80003976 (0x038bd9b3) divu    s3, s7, s8
core   0: 3 0x80003976 (0x038bd9b3) x19 0x00000000
core   0: 0x8000397a (0x0045e9b3) or      s3, a1, tp
core   0: 3 0x8000397a (0x0045e9b3) x19 0x0001f7ff
core   0: 0x8000397e (0x00000588) c.addi4spn a0, sp, 704
core   0: 3 0x8000397e (0x0588) x10 0x0038025a
core   0: 0x80003980 (0x01e3dfb3) srl     t6, t2, t5
core   0: 3 0x80003980 (0x01e3dfb3) x31 0x999f2000
core   0: 0x80003984 (0x0000100f) fence.i
core   0: 3 0x80003984 (0x0000100f)
core   0: 0x80003988 (0x0116a5b3) slt     a1, a3, a7
core   0: 3 0x80003988 (0x0116a5b3) x11 0x00000000
core   0: 0x8000398c (0x3247f493) andi    s1, a5, 804
core   0: 3 0x8000398c (0x3247f493) x 9 0x00000304
core   0: 0x80003990 (0x007fe363) bltu    t6, t2, pc + 6
core   0: 3 0x80003990 (0x007fe363)
core   0: 0x80003994 (0x00008df2) c.mv    s11, t3
core   0: 3 0x80003994 (0x8df2) x27 0x80b300a8
core   0: 0x80003996 (0x3bd77197) auipc   gp, 0x3bd77
core   0: 3 0x80003996 (0x3bd77197) x 3 0xbbd7a996
core   0: 0x8000399a (0x000084a1) c.srai  s1, 8
core   0: 3 0x8000399a (0x84a1) x 9 0x00000003
core   0: 0x8000399c (0x02eef333) remu    t1, t4, a4
core   0: 3 0x8000399c (0x02eef333) x 6 0x7ffd631b
core   0: 0x800039a0 (0x000000ae) c.slli  ra, 11
core   0: 3 0x800039a0 (0x00ae) x 1 0x00000000
core   0: 0x800039a2 (0x01ca3133) sltu    sp, s4, t3
core   0: 3 0x800039a2 (0x01ca3133) x 2 0x00000000
core   0: 0x800039a6 (0xcfe71c37) lui     s8, 0xcfe71
core   0: 3 0x800039a6 (0xcfe71c37) x24 0xcfe71000
core   0: 0x800039aa (0x011db413) sltiu   s0, s11, 17
core   0: 3 0x800039aa (0x011db413) x 8 0x00000000
core   0: 0x800039ae (0x00008099) c.srli  s1, 6
core   0: 3 0x800039ae (0x8099) x 9 0x00000000
core   0: 0x800039b0 (0x87478013) addi    zero, a5, -1932
core   0: 3 0x800039b0 (0x87478013)
core   0: 0x800039b4 (0x00008fa1) c.xor   a5, s0
core   0: 3 0x800039b4 (0x8fa1) x15 0x006fff5f
core   0: 0x800039b6 (0xb745c3b7) lui     t2, 0xb745c
core   0: 3 0x800039b6 (0xb745c3b7) x 7 0xb745c000
core   0: 0x800039ba (0x0000100f) fence.i
core   0: 3 0x800039ba (0x0000100f)
core   0: 0x800039be (0x03289b63) bne     a7, s2, pc + 54
core   0: 3 0x800039be (0x03289b63)
core   0: 0x800039f4 (0x00008c95) c.sub   s1, a3
core   0: 3 0x800039f4 (0x8c95) x 9 0xffffffff
core   0: 0x800039f6 (0xeebc24b7) lui     s1, 0xeebc2
core   0: 3 0x800039f6 (0xeebc24b7) x 9 0xeebc2000
core   0: 0x800039fa (0x00009d76) c.add   s10, t4
core   0: 3 0x800039fa (0x9d76) x26 0xfffffffe
core   0: 0x800039fc (0x00008c85) c.sub   s1, s1
core   0: 3 0x800039fc (0x8c85) x 9 0x00000000
core   0: 0x800039fe (0x01228863) beq     t0, s2, pc + 16
core   0: 3 0x800039fe (0x01228863)
core   0: 0x80003a02 (0x03ae6ab3) rem     s5, t3, s10
core   0: 3 0x80003a02 (0x03ae6ab3) x21 0x00000000
core   0: 0x80003a06 (0x00005afd) c.li    s5, -1
core   0: 3 0x80003a06 (0x5afd) x21 0xffffffff
core   0: 0x80003a08 (0x00008415) c.srai  s0, 5
core   0: 3 0x80003a08 (0x8415) x 8 0x00000000
core   0: 0x80003a0a (0x01c016b3) sll     a3, zero, t3
core   0: 3 0x80003a0a (0x01c016b3) x13 0x00000000
core   0: 0x80003a0e (0x0000717d) c.addi16sp sp, -16
core   0: 3 0x80003a0e (0x717d) x 2 0xfffffff0
core   0: 0x80003a10 (0x00b52eb3) slt     t4, a0, a1
core   0: 3 0x80003a10 (0x00b52eb3) x29 0x00000000
core   0: 0x80003a14 (0x0000717d) c.addi16sp sp, -16
core   0: 3 0x80003a14 (0x717d) x 2 0xffffffe0
core   0: 0x80003a16 (0x000060d1) c.lui   ra, 0x14
core   0: 3 0x80003a16 (0x60d1) x 1 0x00014000
core   0: 0x80003a18 (0xa3e60a93) addi    s5, a2, -1474
core   0: 3 0x80003a18 (0xa3e60a93) x21 0xfffffa3e
core   0: 0x80003a1c (0x03549333) mulh    t1, s1, s5
core   0: 3 0x80003a1c (0x03549333) x 6 0x00000000
core   0: 0x80003a20 (0x00008ce5) c.and   s1, s1
core   0: 3 0x80003a20 (0x8ce5) x 9 0x00000000
core   0: 0x80003a22 (0x2ee379b7) lui     s3, 0x2ee37
core   0: 3 0x80003a22 (0x2ee379b7) x19 0x2ee37000
core   0: 0x80003a26 (0x00000001) c.nop
core   0: 3 0x80003a26 (0x0001)
core   0: 0x80003a28 (0x00006659) c.lui   a2, 0x16
core   0: 3 0x80003a28 (0x6659) x12 0x00016000
core   0: 0x80003a2a (0x0000ee95) c.bnez  a3, pc + 60
core   0: 3 0x80003a2a (0xee95)
core   0: 0x80003a2c (0x008d5b93) srli    s7, s10, 8
core   0: 3 0x80003a2c (0x008d5b93) x23 0x00ffffff
core   0: 0x80003a30 (0x0345f463) bgeu    a1, s4, pc + 40
core   0: 3 0x80003a30 (0x0345f463)
core   0: 0x80003a34 (0x02b05433) divu    s0, zero, a1
core   0: 3 0x80003a34 (0x02b05433) x 8 0xffffffff
core   0: 0x80003a38 (0x66d30213) addi    tp, t1, 1645
core   0: 3 0x80003a38 (0x66d30213) x 4 0x0000066d
core   0: 0x80003a3c (0x8c4ec213) xori    tp, t4, -1852
core   0: 3 0x80003a3c (0x8c4ec213) x 4 0xfffff8c4
core   0: 0x80003a40 (0x0000850d) c.srai  a0, 3
core   0: 3 0x80003a40 (0x850d) x10 0x0007004b
core   0: 0x80003a42 (0x00008439) c.srai  s0, 14
core   0: 3 0x80003a42 (0x8439) x 8 0xffffffff
core   0: 0x80003a44 (0x00008ba2) c.mv    s7, s0
core   0: 3 0x80003a44 (0x8ba2) x23 0xffffffff
core   0: 0x80003a46 (0x02201c63) bne     zero, sp, pc + 56
core   0: 3 0x80003a46 (0x02201c63)
core   0: 0x80003a7e (0x00000b90) c.addi4spn a2, sp, 464
core   0: 3 0x80003a7e (0x0b90) x12 0x000001b0
core   0: 0x80003a80 (0xc88ee097) auipc   ra, 0xc88ee
core   0: 3 0x80003a80 (0xc88ee097) x 1 0x488f1a80
core   0: 0x80003a84 (0x016da4b3) slt     s1, s11, s6
core   0: 3 0x80003a84 (0x016da4b3) x 9 0x00000001
core   0: 0x80003a88 (0xba92b993) sltiu   s3, t0, -1111
core   0: 3 0x80003a88 (0xba92b993) x19 0x00000001
core   0: 0x80003a8c (0x00008e61) c.and   a2, s0
core   0: 3 0x80003a8c (0x8e61) x12 0x000001b0
core   0: 0x80003a8e (0x0000717d) c.addi16sp sp, -16
core   0: 3 0x80003a8e (0x717d) x 2 0xffffffd0
core   0: 0x80003a90 (0x00008c95) c.sub   s1, a3
core   0: 3 0x80003a90 (0x8c95) x 9 0x00000001
core   0: 0x80003a92 (0x00921613) slli    a2, tp, 9
core   0: 3 0x80003a92 (0x00921613) x12 0xfff18800
core   0: 0x80003a96 (0x4020df93) srai    t6, ra, 2
core   0: 3 0x80003a96 (0x4020df93) x31 0x1223c6a0
core   0: 0x80003a9a (0x02169bb3) mulh    s7, a3, ra
core   0: 3 0x80003a9a (0x02169bb3) x23 0x00000000
core   0: 0x80003a9e (0x447d3513) sltiu   a0, s10, 1095
core   0: 3 0x80003a9e (0x447d3513) x10 0x00000000
core   0: 0x80003aa2 (0x414bd993) srai    s3, s7, 20
core   0: 3 0x80003aa2 (0x414bd993) x19 0x00000000
core   0: 0x80003aa6 (0x00d99413) slli    s0, s3, 13
core   0: 3 0x80003aa6 (0x00d99413) x 8 0x00000000
core   0: 0x80003aaa (0x40285233) sra     tp, a6, sp
core   0: 3 0x80003aaa (0x40285233) x 4 0x00001a52
core   0: 0x80003aae (0x00008e01) c.sub   a2, s0
core   0: 3 0x80003aae (0x8e01) x12 0xfff18800
core   0: 0x80003ab0 (0x01bb8fb3) add     t6, s7, s11
core   0: 3 0x80003ab0 (0x01bb8fb3) x31 0x80b300a8
core   0: 0x80003ab4 (0x0000100f) fence.i
core   0: 3 0x80003ab4 (0x0000100f)
core   0: 0x80003ab8 (0x00794a63) blt     s2, t2, pc + 20
core   0: 3 0x80003ab8 (0x00794a63)
core   0: 0x80003abc (0x020acab3) div     s5, s5, zero
core   0: 3 0x80003abc (0x020acab3) x21 0xffffffff
core   0: 0x80003ac0 (0x003acd33) xor     s10, s5, gp
core   0: 3 0x80003ac0 (0x003acd33) x26 0x44285669
core   0: 0x80003ac4 (0x0000100f) fence.i
core   0: 3 0x80003ac4 (0x0000100f)
core   0: 0x80003ac8 (0x033314b3) mulh    s1, t1, s3
core   0: 3 0x80003ac8 (0x033314b3) x 9 0x00000000
core   0: 0x80003acc (0x00008c01) c.sub   s0, s0
core   0: 3 0x80003acc (0x8c01) x 8 0x00000000
core   0: 0x80003ace (0x41e4de13) srai    t3, s1, 30
core   0: 3 0x80003ace (0x41e4de13) x28 0x00000000
core   0: 0x80003ad2 (0x034762b3) rem     t0, a4, s4
core   0: 3 0x80003ad2 (0x034762b3) x 5 0xc6b41ce4
core   0: 0x80003ad6 (0x00008de9) c.and   a1, a0
core   0: 3 0x80003ad6 (0x8de9) x11 0x00000000
core   0: 0x80003ad8 (0x01f8ea63) bltu    a7, t6, pc + 20
core   0: 3 0x80003ad8 (0x01f8ea63)
core   0: 0x80003aec (0x032efa33) remu    s4, t4, s2
core   0: 3 0x80003aec (0x032efa33) x20 0x00000000
core   0: 0x80003af0 (0x025b32b3) mulhu   t0, s6, t0
core   0: 3 0x80003af0 (0x025b32b3) x 5 0xc6b41ce3
core   0: 0x80003af4 (0x03a30d63) beq     t1, s10, pc + 58
core   0: 3 0x80003af4 (0x03a30d63)
core   0: 0x80003af8 (0x00008c79) c.and   s0, a4
core   0: 3 0x80003af8 (0x8c79) x 8 0x00000000
core   0: 0x80003afa (0x207ecd93) xori    s11, t4, 519
core   0: 3 0x80003afa (0x207ecd93) x27 0x00000207
core   0: 0x80003afe (0x00009a7e) c.add   s4, t6
core   0: 3 0x80003afe (0x9a7e) x20 0x80b300a8
core   0: 0x80003b00 (0x0341aa33) mulhsu  s4, gp, s4
core   0: 3 0x80003b00 (0x0341aa33) x20 0xddbc2c69
core   0: 0x80003b04 (0x02476db3) rem     s11, a4, tp
core   0: 3 0x80003b04 (0x02476db3) x27 0xffffe800
core   0: 0x80003b08 (0x0290e563) bltu    ra, s1, pc + 42
core   0: 3 0x80003b08 (0x0290e563)
core   0: 0x80003b0c (0x219b00b7) lui     ra, 0x219b0
core   0: 3 0x80003b0c (0x219b00b7) x 1 0x219b0000
core   0: 0x80003b10 (0x027ad463) bge     s5, t2, pc + 40
core   0: 3 0x80003b10 (0x027ad463)
core   0: 0x80003b38 (0x415c5913) srai    s2, s8, 21
core   0: 3 0x80003b38 (0x415c5913) x18 0xfffffe7f
core   0: 0x80003b3c (0x000015fd) c.addi  a1, -1
core   0: 3 0x80003b3c (0x15fd) x11 0xffffffff
core   0: 0x80003b3e (0x0000e69d) c.bnez  a3, pc + 46
core   0: 3 0x80003b3e (0xe69d)
core   0: 0x80003b40 (0x01914563) blt     sp, s9, pc + 10
core   0: 3 0x80003b40 (0x01914563)
core   0: 0x80003b44 (0x0000717d) c.addi16sp sp, -16
core   0: 3 0x80003b44 (0x717d) x 2 0xffffffc0
core   0: 0x80003b46 (0x03f29933) mulh    s2, t0, t6
core   0: 3 0x80003b46 (0x03f29933) x18 0x1c7de159
core   0: 0x80003b4a (0x0000850d) c.srai  a0, 3
core   0: 3 0x80003b4a (0x850d) x10 0x00000000
core   0: 0x80003b4c (0x000052fd) c.li    t0, -1
core   0: 3 0x80003b4c (0x52fd) x 5 0xffffffff
core   0: 0x80003b4e (0x620ae993) ori     s3, s5, 1568
core   0: 3 0x80003b4e (0x620ae993) x19 0xffffffff
core   0: 0x80003b52 (0x40805433) sra     s0, zero, s0
core   0: 3 0x80003b52 (0x40805433) x 8 0x00000000
core   0: 0x80003b56 (0x000042d9) c.li    t0, 22
core   0: 3 0x80003b56 (0x42d9) x 5 0x00000016
core   0: 0x80003b58 (0x0000557d) c.li    a0, -1
core   0: 3 0x80003b58 (0x557d) x10 0xffffffff
core   0: 0x80003b5a (0x01247363) bgeu    s0, s2, pc + 6
core   0: 3 0x80003b5a (0x01247363)
core   0: 0x80003b5e (0x00008fa5) c.xor   a5, s1
core   0: 3 0x80003b5e (0x8fa5) x15 0x006fff5f
core   0: 0x80003b60 (0xc3e0eb13) ori     s6, ra, -962
core   0: 3 0x80003b60 (0xc3e0eb13) x22 0xfffffc3e
core   0: 0x80003b64 (0x010113b3) sll     t2, sp, a6
core   0: 3 0x80003b64 (0x010113b3) x 7 0xffffc000
core   0: 0x80003b68 (0x03f58233) mul     tp, a1, t6
core   0: 3 0x80003b68 (0x03f58233) x 4 0x7f4cff58
core   0: 0x80003b6c (0x02662bb3) mulhsu  s7, a2, t1
core   0: 3 0x80003b6c (0x02662bb3) x23 0x00000000
core   0: 0x80003b70 (0x0000e881) c.bnez  s1, pc + 16
core   0: 3 0x80003b70 (0xe881)
core   0: 0x80003b72 (0x00005b7d) c.li    s6, -1
core   0: 3 0x80003b72 (0x5b7d) x22 0xffffffff
core   0: 0x80003b74 (0x031cd3b3) divu    t2, s9, a7
core   0: 3 0x80003b74 (0x031cd3b3) x 7 0x00000000
core   0: 0x80003b78 (0x09aaa513) slti    a0, s5, 154
core   0: 3 0x80003b78 (0x09aaa513) x10 0x00000001
core   0: 0x80003b7c (0x0047ab33) slt     s6, a5, tp
core   0: 3 0x80003b7c (0x0047ab33) x22 0x00000001
core   0: 0x80003b80 (0x00005efd) c.li    t4, -1
core   0: 3 0x80003b80 (0x5efd) x29 0xffffffff
core   0: 0x80003b82 (0x00009bfd) c.andi  a5, -1
core   0: 3 0x80003b82 (0x9bfd) x15 0x006fff5f
core   0: 0x80003b84 (0x05b80363) beq     a6, s11, pc + 70
core   0: 3 0x80003b84 (0x05b80363)
core   0: 0x80003b88 (0x0214ed33) rem     s10, s1, ra
core   0: 3 0x80003b88 (0x0214ed33) x26 0x00000000
core   0: 0x80003b8c (0x033b6f63) bltu    s6, s3, pc + 62
core   0: 3 0x80003b8c (0x033b6f63)
core   0: 0x80003bca (0x010ee463) bltu    t4, a6, pc + 8
core   0: 3 0x80003bca (0x010ee463)
core   0: 0x80003bce (0x0179e333) or      t1, s3, s7
core   0: 3 0x80003bce (0x0179e333) x 6 0xffffffff
core   0: 0x80003bd2 (0x007ce5b3) or      a1, s9, t2
core   0: 3 0x80003bd2 (0x007ce5b3) x11 0x80000000
core   0: 0x80003bd6 (0x03a7b033) mulhu   zero, a5, s10
core   0: 3 0x80003bd6 (0x03a7b033)
core   0: 0x80003bda (0x00001f1c) c.addi4spn a5, sp, 944
core   0: 3 0x80003bda (0x1f1c) x15 0x00000370
core   0: 0x80003bdc (0x00008ea9) c.xor   a3, a0
core   0: 3 0x80003bdc (0x8ea9) x13 0x00000001
core   0: 0x80003bde (0x00dd7f33) and     t5, s10, a3
core   0: 3 0x80003bde (0x00dd7f33) x30 0x00000000
core   0: 0x80003be2 (0x000087d2) c.mv    a5, s4
core   0: 3 0x80003be2 (0x87d2) x15 0xddbc2c69
core   0: 0x80003be4 (0x00008ed9) c.or    a3, a4
core   0: 3 0x80003be4 (0x8ed9) x13 0x80029ce5
core   0: 0x80003be6 (0x0000ea11) c.bnez  a2, pc + 20
core   0: 3 0x80003be6 (0xea11)
core   0: 0x80003bfa (0x0000851d) c.srai  a0, 7
core   0: 3 0x80003bfa (0x851d) x10 0x00000000
core   0: 0x80003bfc (0x419001b3) sub     gp, zero, s9
core   0: 3 0x80003bfc (0x419001b3) x 3 0x80000000
core   0: 0x80003c00 (0x400183b3) sub     t2, gp, zero
core   0: 3 0x80003c00 (0x400183b3) x 7 0x80000000
core   0: 0x80003c04 (0x00008ffd) c.and   a5, a5
core   0: 3 0x80003c04 (0x8ffd) x15 0xddbc2c69
core   0: 0x80003c06 (0xd2af3813) sltiu   a6, t5, -726
core   0: 3 0x80003c06 (0xd2af3813) x16 0x00000001
core   0: 0x80003c0a (0x00008dba) c.mv    s11, a4
core   0: 3 0x80003c0a (0x8dba) x27 0x80029ce4
core   0: 0x80003c0c (0x01ecfa63) bgeu    s9, t5, pc + 20
core   0: 3 0x80003c0c (0x01ecfa63)
core   0: 0x80003c20 (0x00006485) c.lui   s1, 0x1
core   0: 3 0x80003c20 (0x6485) x 9 0x00001000
core   0: 0x80003c22 (0x034bc0b3) div     ra, s7, s4
core   0: 3 0x80003c22 (0x034bc0b3) x 1 0x00000000
core   0: 0x80003c26 (0x00006df1) c.lui   s11, 0x1c
core   0: 3 0x80003c26 (0x6df1) x27 0x0001c000
core   0: 0x80003c28 (0x0000ca09) c.beqz  a2, pc + 18
core   0: 3 0x80003c28 (0xca09)
core   0: 0x80003c2a (0x000063dd) c.lui   t2, 0x17
core   0: 3 0x80003c2a (0x63dd) x 7 0x00017000
core   0: 0x80003c2c (0x03392333) mulhsu  t1, s2, s3
core   0: 3 0x80003c2c (0x03392333) x 6 0x1c7de158
core   0: 0x80003c30 (0x015af863) bgeu    s5, s5, pc + 16
core   0: 3 0x80003c30 (0x015af863)
core   0: 0x80003c40 (0x00008eb5) c.xor   a3, a3
core   0: 3 0x80003c40 (0x8eb5) x13 0x00000000
core   0: 0x80003c42 (0x03acb0b3) mulhu   ra, s9, s10
core   0: 3 0x80003c42 (0x03acb0b3) x 1 0x00000000
core   0: 0x80003c46 (0x03704c63) blt     zero, s7, pc + 56
core   0: 3 0x80003c46 (0x03704c63)
core   0: 0x80003c4a (0x05900263) beq     zero, s9, pc + 68
core   0: 3 0x80003c4a (0x05900263)
core   0: 0x80003c4e (0x00008e51) c.or    a2, a2
core   0: 3 0x80003c4e (0x8e51) x12 0xfff18800
core   0: 0x80003c50 (0x027d72b3) remu    t0, s10, t2
core   0: 3 0x80003c50 (0x027d72b3) x 5 0x00000000
core   0: 0x80003c54 (0x00008669) c.srai  a2, 26
core   0: 3 0x80003c54 (0x8669) x12 0xffffffff
core   0: 0x80003c56 (0x0ff0000f) fence   iorw,iorw
core   0: 3 0x80003c56 (0x0ff0000f)
core   0: 0x80003c5a (0x01d8d533) srl     a0, a7, t4
core   0: 3 0x80003c5a (0x01d8d533) x10 0x00000001
core   0: 0x80003c5e (0x039df033) remu    zero, s11, s9
core   0: 3 0x80003c5e (0x039df033)
core   0: 0x80003c62 (0x0000100f) fence.i
core   0: 3 0x80003c62 (0x0000100f)
core   0: 0x80003c66 (0x03f0c833) div     a6, ra, t6
core   0: 3 0x80003c66 (0x03f0c833) x16 0x00000000
core   0: 0x80003c6a (0x00004261) c.li    tp, 24
core   0: 3 0x80003c6a (0x4261) x 4 0x00000018
core   0: 0x80003c6c (0x41838db3) sub     s11, t2, s8
core   0: 3 0x80003c6c (0x41838db3) x27 0x301a6000
core   0: 0x80003c70 (0xb77acb93) xori    s7, s5, -1161
core   0: 3 0x80003c70 (0xb77acb93) x23 0x00000488
core   0: 0x80003c74 (0x00005f7d) c.li    t5, -1
core   0: 3 0x80003c74 (0x5f7d) x30 0xffffffff
core   0: 0x80003c76 (0x2058b4b7) lui     s1, 0x2058b
core   0: 3 0x80003c76 (0x2058b4b7) x 9 0x2058b000
core   0: 0x80003c7a (0x00483933) sltu    s2, a6, tp
core   0: 3 0x80003c7a (0x00483933) x18 0x00000001
core   0: 0x80003c7e (0x00005d7d) c.li    s10, -1
core   0: 3 0x80003c7e (0x5d7d) x26 0xffffffff
core   0: 0x80003c80 (0x00000001) c.nop
core   0: 3 0x80003c80 (0x0001)
core   0: 0x80003c82 (0x01fef0b3) and     ra, t4, t6
core   0: 3 0x80003c82 (0x01fef0b3) x 1 0x80b300a8
core   0: 0x80003c86 (0x00d7fb63) bgeu    a5, a3, pc + 22
core   0: 3 0x80003c86 (0x00d7fb63)
core   0: 0x80003c9c (0x000004ba) c.slli  s1, 14
core   0: 3 0x80003c9c (0x04ba) x 9 0x2c000000
core   0: 0x80003c9e (0x00000862) c.slli  a6, 24
core   0: 3 0x80003c9e (0x0862) x16 0x00000000
core   0: 0x80003ca0 (0x33b1a093) slti    ra, gp, 827
core   0: 3 0x80003ca0 (0x33b1a093) x 1 0x00000001
core   0: 0x80003ca4 (0x03dd6b63) bltu    s10, t4, pc + 54
core   0: 3 0x80003ca4 (0x03dd6b63)
core   0: 0x80003ca8 (0x000064d5) c.lui   s1, 0x15
core   0: 3 0x80003ca8 (0x64d5) x 9 0x00015000
core   0: 0x80003caa (0x01829433) sll     s0, t0, s8
core   0: 3 0x80003caa (0x01829433) x 8 0x00000000
core   0: 0x80003cae (0xe6262313) slti    t1, a2, -414
core   0: 3 0x80003cae (0xe6262313) x 6 0x00000000
core   0: 0x80003cb2 (0x0054f833) and     a6, s1, t0
core   0: 3 0x80003cb2 (0x0054f833) x16 0x00000000
core   0: 0x80003cb6 (0x03c95063) bge     s2, t3, pc + 32
core   0: 3 0x80003cb6 (0x03c95063)
core   0: 0x80003cd6 (0x02dce6b3) rem     a3, s9, a3
core   0: 3 0x80003cd6 (0x02dce6b3) x13 0x80000000
core   0: 0x80003cda (0x00001f1c) c.addi4spn a5, sp, 944
core   0: 3 0x80003cda (0x1f1c) x15 0x00000370
core   0: 0x80003cdc (0x40b3d813) srai    a6, t2, 11
core   0: 3 0x80003cdc (0x40b3d813) x16 0x0000002e
core   0: 0x80003ce0 (0x03733633) mulhu   a2, t1, s7
core   0: 3 0x80003ce0 (0x03733633) x12 0x00000000
core   0: 0x80003ce4 (0x023f4333) div     t1, t5, gp
core   0: 3 0x80003ce4 (0x023f4333) x 6 0x00000000
core   0: 0x80003ce8 (0x0086a333) slt     t1, a3, s0
core   0: 3 0x80003ce8 (0x0086a333) x 6 0x00000001
core   0: 0x80003cec (0x00e99093) slli    ra, s3, 14
core   0: 3 0x80003cec (0x00e99093) x 1 0xffffc000
core   0: 0x80003cf0 (0x01275333) srl     t1, a4, s2
core   0: 3 0x80003cf0 (0x01275333) x 6 0x40014e72
core   0: 0x80003cf4 (0x00008d01) c.sub   a0, s0
core   0: 3 0x80003cf4 (0x8d01) x10 0x00000001
core   0: 0x80003cf6 (0x00008166) c.mv    sp, s9
core   0: 3 0x80003cf6 (0x8166) x 2 0x80000000
core   0: 0x80003cf8 (0x01427863) bgeu    tp, s4, pc + 16
core   0: 3 0x80003cf8 (0x01427863)
core   0: 0x80003cfc (0x000098fd) c.andi  s1, -1
core   0: 3 0x80003cfc (0x98fd) x 9 0x00015000
core   0: 0x80003cfe (0x9e17c237) lui     tp, 0x9e17c
core   0: 3 0x80003cfe (0x9e17c237) x 4 0x9e17c000
core   0: 0x80003d02 (0x8a366f93) ori     t6, a2, -1885
core   0: 3 0x80003d02 (0x8a366f93) x31 0xfffff8a3
core   0: 0x80003d06 (0x0000860a) c.mv    a2, sp
core   0: 3 0x80003d06 (0x860a) x12 0x80000000
core   0: 0x80003d08 (0x00008e91) c.sub   a3, a2
core   0: 3 0x80003d08 (0x8e91) x13 0x00000000
core   0: 0x80003d0a (0x02194f63) blt     s2, ra, pc + 62
core   0: 3 0x80003d0a (0x02194f63)
core   0: 0x80003d0e (0x006d90b3) sll     ra, s11, t1
core   0: 3 0x80003d0e (0x006d90b3) x 1 0x80000000
core   0: 0x80003d12 (0x01511333) sll     t1, sp, s5
core   0: 3 0x80003d12 (0x01511333) x 6 0x00000000
core   0: 0x80003d16 (0x01bdd963) bge     s11, s11, pc + 18
core   0: 3 0x80003d16 (0x01bdd963)
core   0: 0x80003d28 (0x00000001) c.nop
core   0: 3 0x80003d28 (0x0001)
core   0: 0x80003d2a (0x00008f4a) c.mv    t5, s2
core   0: 3 0x80003d2a (0x8f4a) x30 0x00000001
core   0: 0x80003d2c (0x03e22ab3) mulhsu  s5, tp, t5
core   0: 3 0x80003d2c (0x03e22ab3) x21 0xffffffff
core   0: 0x80003d30 (0x00006145) c.addi16sp sp, 48
core   0: 3 0x80003d30 (0x6145) x 2 0x80000030
core   0: 0x80003d32 (0x00008cfd) c.and   s1, a5
core   0: 3 0x80003d32 (0x8cfd) x 9 0x00000000
core   0: 0x80003d34 (0x000082a9) c.srli  a3, 10
core   0: 3 0x80003d34 (0x82a9) x13 0x00000000
core   0: 0x80003d36 (0x0000100f) fence.i
core   0: 3 0x80003d36 (0x0000100f)
core   0: 0x80003d3a (0x0300eab3) rem     s5, ra, a6
core   0: 3 0x80003d3a (0x0300eab3) x21 0xfffffffa
core   0: 0x80003d3e (0xef7bb293) sltiu   t0, s7, -265
core   0: 3 0x80003d3e (0xef7bb293) x 5 0x00000001
core   0: 0x80003d42 (0x0523c063) blt     t2, s2, pc + 64
core   0: 3 0x80003d42 (0x0523c063)
core   0: 0x80003d46 (0x00006155) c.addi16sp sp, 304
core   0: 3 0x80003d46 (0x6155) x 2 0x80000160
core   0: 0x80003d48 (0x000098fd) c.andi  s1, -1
core   0: 3 0x80003d48 (0x98fd) x 9 0x00000000
core   0: 0x80003d4a (0x00008635) c.srai  a2, 13
core   0: 3 0x80003d4a (0x8635) x12 0xfffc0000
core   0: 0x80003d4c (0xafe6c613) xori    a2, a3, -1282
core   0: 3 0x80003d4c (0xafe6c613) x12 0xfffffafe
core   0: 0x80003d50 (0x01044563) blt     s0, a6, pc + 10
core   0: 3 0x80003d50 (0x01044563)
core   0: 0x80003d5a (0x022af0b3) remu    ra, s5, sp
core   0: 3 0x80003d5a (0x022af0b3) x 1 0x7ffffe9a
core   0: 0x80003d5e (0x03f4cc33) div     s8, s1, t6
core   0: 3 0x80003d5e (0x03f4cc33) x24 0x00000000
core   0: 0x80003d62 (0xd1dbc413) xori    s0, s7, -739
core   0: 3 0x80003d62 (0xd1dbc413) x 8 0xfffff995
core   0: 0x80003d66 (0x000085bd) c.srai  a1, 15
core   0: 3 0x80003d66 (0x85bd) x11 0xffff0000
core   0: 0x80003d68 (0x00c51c13) slli    s8, a0, 12
core   0: 3 0x80003d68 (0x00c51c13) x24 0x00001000
core   0: 0x80003d6c (0xca91e297) auipc   t0, 0xca91e
core   0: 3 0x80003d6c (0xca91e297) x 5 0x4a921d6c
core   0: 0x80003d70 (0x00001f7d) c.addi  t5, -1
core   0: 3 0x80003d70 (0x1f7d) x30 0x00000000
core   0: 0x80003d72 (0x03ae8a33) mul     s4, t4, s10
core   0: 3 0x80003d72 (0x03ae8a33) x20 0x00000001
core   0: 0x80003d76 (0x416b8db3) sub     s11, s7, s6
core   0: 3 0x80003d76 (0x416b8db3) x27 0x00000487
core   0: 0x80003d7a (0x0000100f) fence.i
core   0: 3 0x80003d7a (0x0000100f)
core   0: 0x80003d7e (0x000080e5) c.srli  s1, 25
core   0: 3 0x80003d7e (0x80e5) x 9 0x00000000
core   0: 0x80003d80 (0x0000ef8d) c.bnez  a5, pc + 58
core   0: 3 0x80003d80 (0xef8d)
core   0: 0x80003dba (0x02d270b3) remu    ra, tp, a3
core   0: 3 0x80003dba (0x02d270b3) x 1 0x9e17c000
core   0: 0x80003dbe (0xabe90b93) addi    s7, s2, -1346
core   0: 3 0x80003dbe (0xabe90b93) x23 0xfffffabf
core   0: 0x80003dc2 (0x0295e3b3) rem     t2, a1, s1
core   0: 3 0x80003dc2 (0x0295e3b3) x 7 0xffff0000
core   0: 0x80003dc6 (0x00008d25) c.xor   a0, s1
core   0: 3 0x80003dc6 (0x8d25) x10 0x00000001
core   0: 0x80003dc8 (0x00008c35) c.xor   s0, a3
core   0: 3 0x80003dc8 (0x8c35) x 8 0xfffff995
core   0: 0x80003dca (0x0000018e) c.slli  gp, 3
core   0: 3 0x80003dca (0x018e) x 3 0x00000000
core   0: 0x80003dcc (0x40f45f93) srai    t6, s0, 15
core   0: 3 0x80003dcc (0x40f45f93) x31 0xffffffff
core   0: 0x80003dd0 (0x9e46b213) sltiu   tp, a3, -1564
core   0: 3 0x80003dd0 (0x9e46b213) x 4 0x00000001
core   0: 0x80003dd4 (0x40b85813) srai    a6, a6, 11
core   0: 3 0x80003dd4 (0x40b85813) x16 0x00000000
core   0: 0x80003dd8 (0x24218d13) addi    s10, gp, 578
core   0: 3 0x80003dd8 (0x24218d13) x26 0x00000242
core   0: 0x80003ddc (0x0000e091) c.bnez  s1, pc + 4
core   0: 3 0x80003ddc (0xe091)
core   0: 0x80003dde (0x00000001) c.nop
core   0: 3 0x80003dde (0x0001)
core   0: 0x80003de0 (0x41448bb3) sub     s7, s1, s4
core   0: 3 0x80003de0 (0x41448bb3) x23 0xffffffff
core   0: 0x80003de4 (0x0005b9b3) sltu    s3, a1, zero
core   0: 3 0x80003de4 (0x0005b9b3) x19 0x00000000
core   0: 0x80003de8 (0x0000839d) c.srli  a5, 7
core   0: 3 0x80003de8 (0x839d) x15 0x00000006
core   0: 0x80003dea (0x03753a33) mulhu   s4, a0, s7
core   0: 3 0x80003dea (0x03753a33) x20 0x00000000
core   0: 0x80003dee (0x00008d91) c.sub   a1, a2
core   0: 3 0x80003dee (0x8d91) x11 0xffff0502
core   0: 0x80003df0 (0x02fe0c33) mul     s8, t3, a5
core   0: 3 0x80003df0 (0x02fe0c33) x24 0x00000000
core   0: 0x80003df4 (0x0000ce9d) c.beqz  a3, pc + 62
core   0: 3 0x80003df4 (0xce9d)
core   0: 0x80003e32 (0x00008d5d) c.or    a0, a5
core   0: 3 0x80003e32 (0x8d5d) x10 0x00000007
core   0: 0x80003e34 (0x00000001) c.nop
core   0: 3 0x80003e34 (0x0001)
core   0: 0x80003e36 (0x00006b59) c.lui   s6, 0x16
core   0: 3 0x80003e36 (0x6b59) x22 0x00016000
core   0: 0x80003e38 (0x00008486) c.mv    s1, ra
core   0: 3 0x80003e38 (0x8486) x 9 0x9e17c000
core   0: 0x80003e3a (0x0000100f) fence.i
core   0: 3 0x80003e3a (0x0000100f)
core   0: 0x80003e3e (0x83cc8413) addi    s0, s9, -1988
core   0: 3 0x80003e3e (0x83cc8413) x 8 0x7ffff83c
core   0: 0x80003e42 (0x00008e0d) c.sub   a2, a1
core   0: 3 0x80003e42 (0x8e0d) x12 0x0000f5fc
core   0: 0x80003e44 (0x00000609) c.addi  a2, 2
core   0: 3 0x80003e44 (0x0609) x12 0x0000f5fe
core   0: 0x80003e46 (0xcfeb6613) ori     a2, s6, -770
core   0: 3 0x80003e46 (0xcfeb6613) x12 0xfffffcfe
core   0: 0x80003e4a (0x03d38b63) beq     t2, t4, pc + 54
core   0: 3 0x80003e4a (0x03d38b63)
core   0: 0x80003e4e (0x00000104) c.addi4spn s1, sp, 128
core   0: 3 0x80003e4e (0x0104) x 9 0x800001e0
core   0: 0x80003e50 (0x40055b33) sra     s6, a0, zero
core   0: 3 0x80003e50 (0x40055b33) x22 0x00000007
core   0: 0x80003e54 (0x3bae8513) addi    a0, t4, 954
core   0: 3 0x80003e54 (0x3bae8513) x10 0x000003b9
core   0: 0x80003e58 (0x00857963) bgeu    a0, s0, pc + 18
core   0: 3 0x80003e58 (0x00857963)
core   0: 0x80003e5c (0x0000517d) c.li    sp, -1
core   0: 3 0x80003e5c (0x517d) x 2 0xffffffff
core   0: 0x80003e5e (0x68059697) auipc   a3, 0x68059
core   0: 3 0x80003e5e (0x68059697) x13 0xe805ce5e
core   0: 0x80003e62 (0x73143193) sltiu   gp, s0, 1841
core   0: 3 0x80003e62 (0x73143193) x 3 0x00000000
core   0: 0x80003e66 (0x0000100f) fence.i
core   0: 3 0x80003e66 (0x0000100f)
core   0: 0x80003e6a (0x00008c3d) c.xor   s0, a5
core   0: 3 0x80003e6a (0x8c3d) x 8 0x7ffff83a
core   0: 0x80003e6c (0x0357dc33) divu    s8, a5, s5
core   0: 3 0x80003e6c (0x0357dc33) x24 0x00000000
core   0: 0x80003e70 (0xb9ba2593) slti    a1, s4, -1125
core   0: 3 0x80003e70 (0xb9ba2593) x11 0x00000000
core   0: 0x80003e74 (0x03179ab3) mulh    s5, a5, a7
core   0: 3 0x80003e74 (0x03179ab3) x21 0xfffffffd
core   0: 0x80003e78 (0x010413b3) sll     t2, s0, a6
core   0: 3 0x80003e78 (0x010413b3) x 7 0x7ffff83a
core   0: 0x80003e7c (0x0153df93) srli    t6, t2, 21
core   0: 3 0x80003e7c (0x0153df93) x31 0x000003ff
core   0: 0x80003e80 (0x021b8533) mul     a0, s7, ra
core   0: 3 0x80003e80 (0x021b8533) x10 0x61e84000
core   0: 0x80003e84 (0xc2a52393) slti    t2, a0, -982
core   0: 3 0x80003e84 (0xc2a52393) x 7 0x00000000
core   0: 0x80003e88 (0x000000b1) c.addi  ra, 12
core   0: 3 0x80003e88 (0x00b1) x 1 0x9e17c00c
core   0: 0x80003e8a (0x03989633) mulh    a2, a7, s9
core   0: 3 0x80003e8a (0x03989633) x12 0x3ffed0ce
core   0: 0x80003e8e (0x0000e605) c.bnez  a2, pc + 40
core   0: 3 0x80003e8e (0xe605)
core   0: 0x80003eb6 (0x018d84b3) add     s1, s11, s8
core   0: 3 0x80003eb6 (0x018d84b3) x 9 0x00000487
core   0: 0x80003eba (0x404186b3) sub     a3, gp, tp
core   0: 3 0x80003eba (0x404186b3) x13 0xffffffff
core   0: 0x80003ebe (0x023a3eb3) mulhu   t4, s4, gp
core   0: 3 0x80003ebe (0x023a3eb3) x29 0x00000000
core   0: 0x80003ec2 (0x01ff1eb3) sll     t4, t5, t6
core   0: 3 0x80003ec2 (0x01ff1eb3) x29 0x00000000
core   0: 0x80003ec6 (0x00009286) c.add   t0, ra
core   0: 3 0x80003ec6 (0x9286) x 5 0xe8a9dd78
core   0: 0x80003ec8 (0x01bcff33) and     t5, s9, s11
core   0: 3 0x80003ec8 (0x01bcff33) x30 0x00000000
core   0: 0x80003ecc (0x408cda93) srai    s5, s9, 8
core   0: 3 0x80003ecc (0x408cda93) x21 0xff800000
core   0: 0x80003ed0 (0x02eccf33) div     t5, s9, a4
core   0: 3 0x80003ed0 (0x02eccf33) x30 0x00000001
core   0: 0x80003ed4 (0x1865ee93) ori     t4, a1, 390
core   0: 3 0x80003ed4 (0x1865ee93) x29 0x00000186
core   0: 0x80003ed8 (0x22784013) xori    zero, a6, 551
core   0: 3 0x80003ed8 (0x22784013)
core   0: 0x80003edc (0x00006165) c.addi16sp sp, 112
core   0: 3 0x80003edc (0x6165) x 2 0x0000006f
core   0: 0x80003ede (0x0000997d) c.andi  a0, -1
core   0: 3 0x80003ede (0x997d) x10 0x61e84000
core   0: 0x80003ee0 (0x0542ca63) blt     t0, s4, pc + 84
core   0: 3 0x80003ee0 (0x0542ca63)
core   0: 0x80003f34 (0x0061d5b3) srl     a1, gp, t1
core   0: 3 0x80003f34 (0x0061d5b3) x11 0x00000000
core   0: 0x80003f38 (0x019f5013) srli    zero, t5, 25
core   0: 3 0x80003f38 (0x019f5013)
core   0: 0x80003f3c (0x03f57ab3) remu    s5, a0, t6
core   0: 3 0x80003f3c (0x03f57ab3) x21 0x00000030
core   0: 0x80003f40 (0x00006671) c.lui   a2, 0x1c
core   0: 3 0x80003f40 (0x6671) x12 0x0001c000
core   0: 0x80003f42 (0x000082d5) c.srli  a3, 21
core   0: 3 0x80003f42 (0x82d5) x13 0x000007ff
core   0: 0x80003f44 (0x03219bb3) mulh    s7, gp, s2
core   0: 3 0x80003f44 (0x03219bb3) x23 0x00000000
core   0: 0x80003f48 (0xdf3c0113) addi    sp, s8, -525
core   0: 3 0x80003f48 (0xdf3c0113) x 2 0xfffffdf3
core   0: 0x80003f4c (0x003c2eb3) slt     t4, s8, gp
core   0: 3 0x80003f4c (0x003c2eb3) x29 0x00000000
core   0: 0x80003f50 (0x2ccf0313) addi    t1, t5, 716
core   0: 3 0x80003f50 (0x2ccf0313) x 6 0x000002cd
core   0: 0x80003f54 (0x00008f85) c.sub   a5, s1
core   0: 3 0x80003f54 (0x8f85) x15 0xfffffb7f
core   0: 0x80003f56 (0x00004271) c.li    tp, 28
core   0: 3 0x80003f56 (0x4271) x 4 0x0000001c
core   0: 0x80003f58 (0x00008fb1) c.xor   a5, a2
core   0: 3 0x80003f58 (0x8fb1) x15 0xfffe3b7f
core   0: 0x80003f5a (0xd2e94d93) xori    s11, s2, -722
core   0: 3 0x80003f5a (0xd2e94d93) x27 0xfffffd2f
core   0: 0x80003f5e (0x0027d633) srl     a2, a5, sp
core   0: 3 0x80003f5e (0x0027d633) x12 0x00001fff
core   0: 0x80003f62 (0x00008cc9) c.or    s1, a0
core   0: 3 0x80003f62 (0x8cc9) x 9 0x61e84487
core   0: 0x80003f64 (0x37ee0393) addi    t2, t3, 894
core   0: 3 0x80003f64 (0x37ee0393) x 7 0x0000037e
core   0: 0x80003f68 (0x00008f91) c.sub   a5, a2
core   0: 3 0x80003f68 (0x8f91) x15 0xfffe1b80
core   0: 0x80003f6a (0x396ba413) slti    s0, s7, 918
core   0: 3 0x80003f6a (0x396ba413) x 8 0x00000001
core   0: 0x80003f6e (0x04fd5063) bge     s10, a5, pc + 64
core   0: 3 0x80003f6e (0x04fd5063)
core   0: 0x80003fae (0x52fae513) ori     a0, s5, 1327
core   0: 3 0x80003fae (0x52fae513) x10 0x0000053f
core   0: 0x80003fb2 (0x000085bd) c.srai  a1, 15
core   0: 3 0x80003fb2 (0x85bd) x11 0x00000000
core   0: 0x80003fb4 (0x468efd93) andi    s11, t4, 1128
core   0: 3 0x80003fb4 (0x468efd93) x27 0x00000000
core   0: 0x80003fb8 (0x414b0133) sub     sp, s6, s4
core   0: 3 0x80003fb8 (0x414b0133) x 2 0x00000007
core   0: 0x80003fbc (0x00001f84) c.addi4spn s1, sp, 1008
core   0: 3 0x80003fbc (0x1f84) x 9 0x000003f7
core   0: 0x80003fbe (0x4140d6b3) sra     a3, ra, s4
core   0: 3 0x80003fbe (0x4140d6b3) x13 0x9e17c00c
core   0: 0x80003fc2 (0x00008dd5) c.or    a1, a3
core   0: 3 0x80003fc2 (0x8dd5) x11 0x9e17c00c
core   0: 0x80003fc4 (0x2e72b493) sltiu   s1, t0, 743
core   0: 3 0x80003fc4 (0x2e72b493) x 9 0x00000000
core   0: 0x80003fc8 (0xd8797213) andi    tp, s2, -633
core   0: 3 0x80003fc8 (0xd8797213) x 4 0x00000001
core   0: 0x80003fcc (0x01f1d413) srli    s0, gp, 31
core   0: 3 0x80003fcc (0x01f1d413) x 8 0x00000000
core   0: 0x80003fd0 (0x02daa133) mulhsu  sp, s5, a3
core   0: 3 0x80003fd0 (0x02daa133) x 2 0x0000001d
core   0: 0x80003fd4 (0x017d5f33) srl     t5, s10, s7
core   0: 3 0x80003fd4 (0x017d5f33) x30 0x00000242
core   0: 0x80003fd8 (0x0389d333) divu    t1, s3, s8
core   0: 3 0x80003fd8 (0x0389d333) x 6 0xffffffff
core   0: 0x80003fdc (0x40998eb3) sub     t4, s3, s1
core   0: 3 0x80003fdc (0x40998eb3) x29 0x00000000
core   0: 0x80003fe0 (0xb6cd6217) auipc   tp, 0xb6cd6
core   0: 3 0x80003fe0 (0xb6cd6217) x 4 0x36cd9fe0
core   0: 0x80003fe4 (0x03782233) mulhsu  tp, a6, s7
core   0: 3 0x80003fe4 (0x03782233) x 4 0x00000000
core   0: 0x80003fe8 (0x000064f1) c.lui   s1, 0x1c
core   0: 3 0x80003fe8 (0x64f1) x 9 0x0001c000
core   0: 0x80003fea (0x007af5b3) and     a1, s5, t2
core   0: 3 0x80003fea (0x007af5b3) x11 0x00000030
core   0: 0x80003fee (0x013a1f93) slli    t6, s4, 19
core   0: 3 0x80003fee (0x013a1f93) x31 0x00000000
core   0: 0x80003ff2 (0x013864b3) or      s1, a6, s3
core   0: 3 0x80003ff2 (0x013864b3) x 9 0x00000000
core   0: 0x80003ff6 (0x4045df13) srai    t5, a1, 4
core   0: 3 0x80003ff6 (0x4045df13) x30 0x00000003
core   0: 0x80003ffa (0x55c82e37) lui     t3, 0x55c82
core   0: 3 0x80003ffa (0x55c82e37) x28 0x55c82000
core   0: 0x80003ffe (0x000080b9) c.srli  s1, 14
core   0: 3 0x80003ffe (0x80b9) x 9 0x00000000
core   0: 0x80004000 (0x00008e29) c.xor   a2, a0
core   0: 3 0x80004000 (0x8e29) x12 0x00001ac0
core   0: 0x80004002 (0x043fd263) bge     t6, gp, pc + 68
core   0: 3 0x80004002 (0x043fd263)
core   0: 0x80004046 (0x00008ec9) c.or    a3, a0
core   0: 3 0x80004046 (0x8ec9) x13 0x9e17c53f
core   0: 0x80004048 (0x00008d59) c.or    a0, a4
core   0: 3 0x80004048 (0x8d59) x10 0x80029dff
core   0: 0x8000404a (0x00000c2a) c.slli  s8, 10
core   0: 3 0x8000404a (0x0c2a) x24 0x00000000
core   0: 0x8000404c (0x02f699b3) mulh    s3, a3, a5
core   0: 3 0x8000404c (0x02f699b3) x19 0x0000b94c
core   0: 0x80004050 (0x03092ab3) mulhsu  s5, s2, a6
core   0: 3 0x80004050 (0x03092ab3) x21 0x00000000
core   0: 0x80004054 (0x000085ed) c.srai  a1, 27
core   0: 3 0x80004054 (0x85ed) x11 0x00000000
core   0: 0x80004056 (0x0000717d) c.addi16sp sp, -16
core   0: 3 0x80004056 (0x717d) x 2 0x0000000d
core   0: 0x80004058 (0x0000c981) c.beqz  a1, pc + 16
core   0: 3 0x80004058 (0xc981)
core   0: 0x80004068 (0x00008fa9) c.xor   a5, a0
core   0: 3 0x80004068 (0x8fa9) x15 0x7ffc867f
core   0: 0x8000406a (0x00000001) c.nop
core   0: 3 0x8000406a (0x0001)
core   0: 0x8000406c (0xf699e493) ori     s1, s3, -151
core   0: 3 0x8000406c (0xf699e493) x 9 0xffffff6d
core   0: 0x80004070 (0x00006b21) c.lui   s6, 0x8
core   0: 3 0x80004070 (0x6b21) x22 0x00008000
core   0: 0x80004072 (0x00009bfd) c.andi  a5, -1
core   0: 3 0x80004072 (0x9bfd) x15 0x7ffc867f
core   0: 0x80004074 (0x00000f1e) c.slli  t5, 7
core   0: 3 0x80004074 (0x0f1e) x30 0x00000180
core   0: 0x80004076 (0x02ff0433) mul     s0, t5, a5
core   0: 3 0x80004076 (0x02ff0433) x 8 0xfac9be80
core   0: 0x8000407a (0xd6add637) lui     a2, 0xd6add
core   0: 3 0x8000407a (0xd6add637) x12 0xd6add000
core   0: 0x8000407e (0x00008dad) c.xor   a1, a1
core   0: 3 0x8000407e (0x8dad) x11 0x00000000
core   0: 0x80004080 (0xe6d7c493) xori    s1, a5, -403
core   0: 3 0x80004080 (0xe6d7c493) x 9 0x80037812
core   0: 0x80004084 (0x00008c45) c.or    s0, s1
core   0: 3 0x80004084 (0x8c45) x 8 0xfacbfe92
core   0: 0x80004086 (0x00008c79) c.and   s0, a4
core   0: 3 0x80004086 (0x8c79) x 8 0x80029c80
core   0: 0x80004088 (0x061a2593) slti    a1, s4, 97
core   0: 3 0x80004088 (0x061a2593) x11 0x00000001
core   0: 0x8000408c (0x000082ad) c.srli  a3, 11
core   0: 3 0x8000408c (0x82ad) x13 0x0013c2f8
core   0: 0x8000408e (0x000086b1) c.srai  a3, 12
core   0: 3 0x8000408e (0x86b1) x13 0x0000013c
core   0: 0x80004090 (0x5cd56f97) auipc   t6, 0x5cd56
core   0: 3 0x80004090 (0x5cd56f97) x31 0xdcd5a090
core   0: 0x80004094 (0x00004d97) auipc   s11, 0x4
core   0: 3 0x80004094 (0x00004d97) x27 0x80008094
core   0: 0x80004098 (0x00008cfd) c.and   s1, a5
core   0: 3 0x80004098 (0x8cfd) x 9 0x00000012
core   0: 0x8000409a (0x034507b3) mul     a5, a0, s4
core   0: 3 0x8000409a (0x034507b3) x15 0x00000000
core   0: 0x8000409e (0x4a5fc617) auipc   a2, 0x4a5fc
core   0: 3 0x8000409e (0x4a5fc617) x12 0xca60009e
core   0: 0x800040a2 (0x00006be5) c.lui   s7, 0x19
core   0: 3 0x800040a2 (0x6be5) x23 0x00019000
core   0: 0x800040a4 (0xf3fcbf13) sltiu   t5, s9, -193
core   0: 3 0x800040a4 (0xf3fcbf13) x30 0x00000001
core   0: 0x800040a8 (0x01514a33) xor     s4, sp, s5
core   0: 3 0x800040a8 (0x01514a33) x20 0x0000000d
core   0: 0x800040ac (0x579e0613) addi    a2, t3, 1401
core   0: 3 0x800040ac (0x579e0613) x12 0x55c82579
core   0: 0x800040b0 (0x000007ba) c.slli  a5, 14
core   0: 3 0x800040b0 (0x07ba) x15 0x00000000
core   0: 0x800040b2 (0x32949817) auipc   a6, 0x32949
core   0: 3 0x800040b2 (0x32949817) x16 0xb294d0b2
core   0: 0x800040b6 (0xfcd72193) slti    gp, a4, -51
core   0: 3 0x800040b6 (0xfcd72193) x 3 0x00000001
core   0: 0x800040ba (0x02272db3) mulhsu  s11, a4, sp
core   0: 3 0x800040ba (0x02272db3) x27 0xfffffff9
core   0: 0x800040be (0x02c41463) bne     s0, a2, pc + 40
core   0: 3 0x800040be (0x02c41463)
core   0: 0x800040e6 (0x0ff0000f) fence   iorw,iorw
core   0: 3 0x800040e6 (0x0ff0000f)
core   0: 0x800040ea (0x88104a93) xori    s5, zero, -1919
core   0: 3 0x800040ea (0x88104a93) x21 0xfffff881
core   0: 0x800040ee (0x41c889b3) sub     s3, a7, t3
core   0: 3 0x800040ee (0x41c889b3) x19 0x2a3a3e64
core   0: 0x800040f2 (0x78b8a193) slti    gp, a7, 1931
core   0: 3 0x800040f2 (0x78b8a193) x 3 0x00000001
core   0: 0x800040f6 (0x313c2093) slti    ra, s8, 787
core   0: 3 0x800040f6 (0x313c2093) x 1 0x00000001
core   0: 0x800040fa (0x00877963) bgeu    a4, s0, pc + 18
core   0: 3 0x800040fa (0x00877963)
core   0: 0x8000410c (0x01149f93) slli    t6, s1, 17
core   0: 3 0x8000410c (0x01149f93) x31 0x00240000
core   0: 0x80004110 (0x025dda63) bge     s11, t0, pc + 52
core   0: 3 0x80004110 (0x025dda63)
core   0: 0x80004144 (0x03322233) mulhsu  tp, tp, s3
core   0: 3 0x80004144 (0x03322233) x 4 0x00000000
core   0: 0x80004148 (0x00009c0e) c.add   s8, gp
core   0: 3 0x80004148 (0x9c0e) x24 0x00000001
core   0: 0x8000414a (0x31798193) addi    gp, s3, 791
core   0: 3 0x8000414a (0x31798193) x 3 0x2a3a417b
core   0: 0x8000414e (0x70c0b793) sltiu   a5, ra, 1804
core   0: 3 0x8000414e (0x70c0b793) x15 0x00000001
core   0: 0x80004152 (0xba191d97) auipc   s11, 0xba191
core   0: 3 0x80004152 (0xba191d97) x27 0x3a195152
core   0: 0x80004156 (0x01325b93) srli    s7, tp, 19
core   0: 3 0x80004156 (0x01325b93) x23 0x00000000
core   0: 0x8000415a (0x02126fb3) rem     t6, tp, ra
core   0: 3 0x8000415a (0x02126fb3) x31 0x00000000
core   0: 0x8000415e (0x02d53db3) mulhu   s11, a0, a3
core   0: 3 0x8000415e (0x02d53db3) x27 0x0000009e
core   0: 0x80004162 (0x4ce60493) addi    s1, a2, 1230
core   0: 3 0x80004162 (0x4ce60493) x 9 0x55c82a47
core   0: 0x80004166 (0x19a96513) ori     a0, s2, 410
core   0: 3 0x80004166 (0x19a96513) x10 0x0000019b
core   0: 0x8000416a (0x022c29b3) mulhsu  s3, s8, sp
core   0: 3 0x8000416a (0x022c29b3) x19 0x00000000
core   0: 0x8000416e (0x00008b7a) c.mv    s6, t5
core   0: 3 0x8000416e (0x8b7a) x22 0x00000001
core   0: 0x80004170 (0x02a80633) mul     a2, a6, a0
core   0: 3 0x80004170 (0x02a80633) x12 0xb4eb0dc6
core   0: 0x80004174 (0x0000100f) fence.i
core   0: 3 0x80004174 (0x0000100f)
core   0: 0x80004178 (0x000012fd) c.addi  t0, -1
core   0: 3 0x80004178 (0x12fd) x 5 0xe8a9dd77
core   0: 0x8000417a (0x01b49313) slli    t1, s1, 27
core   0: 3 0x8000417a (0x01b49313) x 6 0x38000000
core   0: 0x8000417e (0x00008bf9) c.andi  a5, 30
core   0: 3 0x8000417e (0x8bf9) x15 0x00000000
core   0: 0x80004180 (0x03c88333) mul     t1, a7, t3
core   0: 3 0x80004180 (0x03c88333) x 6 0x3dec8000
core   0: 0x80004184 (0x00008d41) c.or    a0, s0
core   0: 3 0x80004184 (0x8d41) x10 0x80029d9b
core   0: 0x80004186 (0x05b49163) bne     s1, s11, pc + 66
core   0: 3 0x80004186 (0x05b49163)
core   0: 0x800041c8 (0x00004ff5) c.li    t6, 29
core   0: 3 0x800041c8 (0x4ff5) x31 0x0000001d
core   0: 0x800041ca (0x00d4e363) bltu    s1, a3, pc + 6
core   0: 3 0x800041ca (0x00d4e363)
core   0: 0x800041ce (0x00008dc5) c.or    a1, s1
core   0: 3 0x800041ce (0x8dc5) x11 0x55c82a47
core   0: 0x800041d0 (0x4aa17d13) andi    s10, sp, 1194
core   0: 3 0x800041d0 (0x4aa17d13) x26 0x00000008
core   0: 0x800041d4 (0x0249eeb3) rem     t4, s3, tp
core   0: 3 0x800041d4 (0x0249eeb3) x29 0x00000000
core   0: 0x800041d8 (0x00000001) c.nop
core   0: 3 0x800041d8 (0x0001)
core   0: 0x800041da (0x02f01833) mulh    a6, zero, a5
core   0: 3 0x800041da (0x02f01833) x16 0x00000000
core   0: 0x800041de (0x4151d833) sra     a6, gp, s5
core   0: 3 0x800041de (0x4151d833) x16 0x151d20bd
core   0: 0x800041e2 (0x001084b3) add     s1, ra, ra
core   0: 3 0x800041e2 (0x001084b3) x 9 0x00000002
core   0: 0x800041e6 (0x00591313) slli    t1, s2, 5
core   0: 3 0x800041e6 (0x00591313) x 6 0x00000020
core   0: 0x800041ea (0x02881fb3) mulh    t6, a6, s0
core   0: 3 0x800041ea (0x02881fb3) x31 0xf571a6c4
core   0: 0x800041ee (0x01024463) blt     tp, a6, pc + 8
core   0: 3 0x800041ee (0x01024463)
core   0: 0x800041f6 (0xf4f62613) slti    a2, a2, -177
core   0: 3 0x800041f6 (0xf4f62613) x12 0x00000001
core   0: 0x800041fa (0x0320ffb3) remu    t6, ra, s2
core   0: 3 0x800041fa (0x0320ffb3) x31 0x00000000
core   0: 0x800041fe (0x01eb1e13) slli    t3, s6, 30
core   0: 3 0x800041fe (0x01eb1e13) x28 0x40000000
core   0: 0x80004202 (0x00008eb1) c.xor   a3, a2
core   0: 3 0x80004202 (0x8eb1) x13 0x0000013d
core   0: 0x80004204 (0x02909263) bne     ra, s1, pc + 36
core   0: 3 0x80004204 (0x02909263)
core   0: 0x80004228 (0x00009a9a) c.add   s5, t1
core   0: 3 0x80004228 (0x9a9a) x21 0xfffff8a1
core   0: 0x8000422a (0x0000011a) c.slli  sp, 6
core   0: 3 0x8000422a (0x011a) x 2 0x00000340
core   0: 0x8000422c (0x00008e89) c.sub   a3, a0
core   0: 3 0x8000422c (0x8e89) x13 0x7ffd63a2
core   0: 0x8000422e (0x00ef19b3) sll     s3, t5, a4
core   0: 3 0x8000422e (0x00ef19b3) x19 0x00000010
core   0: 0x80004232 (0x00009a7d) c.andi  a2, -1
core   0: 3 0x80004232 (0x9a7d) x12 0x00000001
core   0: 0x80004234 (0x00ca11b3) sll     gp, s4, a2
core   0: 3 0x80004234 (0x00ca11b3) x 3 0x0000001a
core   0: 0x80004238 (0x00006ed1) c.lui   t4, 0x14
core   0: 3 0x80004238 (0x6ed1) x29 0x00014000
core   0: 0x8000423a (0x0000717d) c.addi16sp sp, -16
core   0: 3 0x8000423a (0x717d) x 2 0x00000330
core   0: 0x8000423c (0x00008c19) c.sub   s0, a4
core   0: 3 0x8000423c (0x8c19) x 8 0xffffff9c
core   0: 0x8000423e (0x01ec80b3) add     ra, s9, t5
core   0: 3 0x8000423e (0x01ec80b3) x 1 0x80000001
core   0: 0x80004242 (0x024b43b3) div     t2, s6, tp
core   0: 3 0x80004242 (0x024b43b3) x 7 0xffffffff
core   0: 0x80004246 (0x01bfa933) slt     s2, t6, s11
core   0: 3 0x80004246 (0x01bfa933) x18 0x00000001
core   0: 0x8000424a (0x9f796e93) ori     t4, s2, -1545
core   0: 3 0x8000424a (0x9f796e93) x29 0xfffff9f7
core   0: 0x8000424e (0x02aa85b3) mul     a1, s5, a0
core   0: 3 0x8000424e (0x02aa85b3) x11 0x6cb8467b
core   0: 0x80004252 (0x01122d33) slt     s10, tp, a7
core   0: 3 0x80004252 (0x01122d33) x26 0x00000000
core   0: 0x80004256 (0x02a004b3) mul     s1, zero, a0
core   0: 3 0x80004256 (0x02a004b3) x 9 0x00000000
core   0: 0x8000425a (0xf3d13293) sltiu   t0, sp, -195
core   0: 3 0x8000425a (0xf3d13293) x 5 0x00000001
core   0: 0x8000425e (0x0027dd13) srli    s10, a5, 2
core   0: 3 0x8000425e (0x0027dd13) x26 0x00000000
core   0: 0x80004262 (0x01355133) srl     sp, a0, s3
core   0: 3 0x80004262 (0x01355133) x 2 0x00008002
core   0: 0x80004266 (0x00000001) c.nop
core   0: 3 0x80004266 (0x0001)
core   0: 0x80004268 (0x032e8db3) mul     s11, t4, s2
core   0: 3 0x80004268 (0x032e8db3) x27 0xfffff9f7
core   0: 0x8000426c (0x03d9f6b3) remu    a3, s3, t4
core   0: 3 0x8000426c (0x03d9f6b3) x13 0x00000010
core   0: 0x80004270 (0x03252f33) mulhsu  t5, a0, s2
core   0: 3 0x80004270 (0x03252f33) x30 0xffffffff
core   0: 0x80004274 (0x00000001) c.nop
core   0: 3 0x80004274 (0x0001)
core   0: 0x80004276 (0x000057fd) c.li    a5, -1
core   0: 3 0x80004276 (0x57fd) x15 0xffffffff
core   0: 0x80004278 (0x01729d63) bne     t0, s7, pc + 26
core   0: 3 0x80004278 (0x01729d63)
core   0: 0x80004292 (0x033284b3) mul     s1, t0, s3
core   0: 3 0x80004292 (0x033284b3) x 9 0x00000010
core   0: 0x80004296 (0x02171363) bne     a4, ra, pc + 38
core   0: 3 0x80004296 (0x02171363)
core   0: 0x800042bc (0x01985333) srl     t1, a6, s9
core   0: 3 0x800042bc (0x01985333) x 6 0x151d20bd
core   0: 0x800042c0 (0x038c45b3) div     a1, s8, s8
core   0: 3 0x800042c0 (0x038c45b3) x11 0x00000001
core   0: 0x800042c4 (0x0395bf33) mulhu   t5, a1, s9
core   0: 3 0x800042c4 (0x0395bf33) x30 0x00000000
core   0: 0x800042c8 (0x01e89a13) slli    s4, a7, 30
core   0: 3 0x800042c8 (0x01e89a13) x20 0x00000000
core   0: 0x800042cc (0x00008c21) c.xor   s0, s0
core   0: 3 0x800042cc (0x8c21) x 8 0x00000000
core   0: 0x800042ce (0x01009d63) bne     ra, a6, pc + 26
core   0: 3 0x800042ce (0x01009d63)
core   0: 0x800042e8 (0xca5ae213) ori     tp, s5, -859
core   0: 3 0x800042e8 (0xca5ae213) x 4 0xfffffca5
core   0: 0x800042ec (0x0000587d) c.li    a6, -1
core   0: 3 0x800042ec (0x587d) x16 0xffffffff
core   0: 0x800042ee (0x00008e59) c.or    a2, a4
core   0: 3 0x800042ee (0x8e59) x12 0x80029ce5
core   0: 0x800042f0 (0x00000df6) c.slli  s11, 29
core   0: 3 0x800042f0 (0x0df6) x27 0xe0000000
core   0: 0x800042f2 (0x0000853d) c.srai  a0, 15
core   0: 3 0x800042f2 (0x853d) x10 0xffff0005
core   0: 0x800042f4 (0x7f526493) ori     s1, tp, 2037
core   0: 3 0x800042f4 (0x7f526493) x 9 0xfffffff5
core   0: 0x800042f8 (0x00ba3633) sltu    a2, s4, a1
core   0: 3 0x800042f8 (0x00ba3633) x12 0x00000001
core   0: 0x800042fc (0x00000db9) c.addi  s11, 14
core   0: 3 0x800042fc (0x0db9) x27 0xe000000e
core   0: 0x800042fe (0x2a846413) ori     s0, s0, 680
core   0: 3 0x800042fe (0x2a846413) x 8 0x000002a8
core   0: 0x80004302 (0x027c7063) bgeu    s8, t2, pc + 32
core   0: 3 0x80004302 (0x027c7063)
core   0: 0x80004306 (0xfb778813) addi    a6, a5, -73
core   0: 3 0x80004306 (0xfb778813) x16 0xffffffb6
core   0: 0x8000430a (0x00008c05) c.sub   s0, s1
core   0: 3 0x8000430a (0x8c05) x 8 0x000002b3
core   0: 0x8000430c (0x00008a1d) c.andi  a2, 7
core   0: 3 0x8000430c (0x8a1d) x12 0x00000001
core   0: 0x8000430e (0x00008c45) c.or    s0, s1
core   0: 3 0x8000430e (0x8c45) x 8 0xfffffff7
core   0: 0x80004310 (0x000000b5) c.addi  ra, 13
core   0: 3 0x80004310 (0x00b5) x 1 0x8000000e
core   0: 0x80004312 (0x03fd9533) mulh    a0, s11, t6
core   0: 3 0x80004312 (0x03fd9533) x10 0x00000000
core   0: 0x80004316 (0x03e8aeb3) mulhsu  t4, a7, t5
core   0: 3 0x80004316 (0x03e8aeb3) x29 0x00000000
core   0: 0x8000431a (0x413052b3) sra     t0, zero, s3
core   0: 3 0x8000431a (0x413052b3) x 5 0x00000000
core   0: 0x8000431e (0x0ff0000f) fence   iorw,iorw
core   0: 3 0x8000431e (0x0ff0000f)
core   0: 0x80004322 (0x0153c963) blt     t2, s5, pc + 18
core   0: 3 0x80004322 (0x0153c963)
core   0: 0x80004326 (0x0000100f) fence.i
core   0: 3 0x80004326 (0x0000100f)
core   0: 0x8000432a (0x00009aca) c.add   s5, s2
core   0: 3 0x8000432a (0x9aca) x21 0xfffff8a2
core   0: 0x8000432c (0x2ee42e97) auipc   t4, 0x2ee42
core   0: 3 0x8000432c (0x2ee42e97) x29 0xaee4632c
core   0: 0x80004330 (0x01ec24b3) slt     s1, s8, t5
core   0: 3 0x80004330 (0x01ec24b3) x 9 0x00000000
core   0: 0x80004334 (0x01664f33) xor     t5, a2, s6
core   0: 3 0x80004334 (0x01664f33) x30 0x00000000
core   0: 0x80004338 (0xb6c86e13) ori     t3, a6, -1172
core   0: 3 0x80004338 (0xb6c86e13) x28 0xfffffffe
core   0: 0x8000433c (0x032bf233) remu    tp, s7, s2
core   0: 3 0x8000433c (0x032bf233) x 4 0x00000000
core   0: 0x80004340 (0x00edc0b3) xor     ra, s11, a4
core   0: 3 0x80004340 (0x00edc0b3) x 1 0x60029cea
core   0: 0x80004344 (0x0000717d) c.addi16sp sp, -16
core   0: 3 0x80004344 (0x717d) x 2 0x00007ff2
core   0: 0x80004346 (0x9ca74313) xori    t1, a4, -1590
core   0: 3 0x80004346 (0x9ca74313) x 6 0x7ffd652e
core   0: 0x8000434a (0x579aea13) ori     s4, s5, 1401
core   0: 3 0x8000434a (0x579aea13) x20 0xfffffdfb
core   0: 0x8000434e (0x004b9d93) slli    s11, s7, 4
core   0: 3 0x8000434e (0x004b9d93) x27 0x00000000
core   0: 0x80004352 (0x78d83e93) sltiu   t4, a6, 1933
core   0: 3 0x80004352 (0x78d83e93) x29 0x00000000
core   0: 0x80004356 (0x24b3ab13) slti    s6, t2, 587
core   0: 3 0x80004356 (0x24b3ab13) x22 0x00000001
core   0: 0x8000435a (0x01ab8933) add     s2, s7, s10
core   0: 3 0x8000435a (0x01ab8933) x18 0x00000000
core   0: 0x8000435e (0x01e14463) blt     sp, t5, pc + 8
core   0: 3 0x8000435e (0x01e14463)
core   0: 0x80004362 (0x021bbbb3) mulhu   s7, s7, ra
core   0: 3 0x80004362 (0x021bbbb3) x23 0x00000000
core   0: 0x80004366 (0x01e95333) srl     t1, s2, t5
core   0: 3 0x80004366 (0x01e95333) x 6 0x00000000
core   0: 0x8000436a (0x0000022e) c.slli  tp, 11
core   0: 3 0x8000436a (0x022e) x 4 0x00000000
core   0: 0x8000436c (0x00008d1d) c.sub   a0, a5
core   0: 3 0x8000436c (0x8d1d) x10 0x00000001
core   0: 0x8000436e (0x00f060b3) or      ra, zero, a5
core   0: 3 0x8000436e (0x00f060b3) x 1 0xffffffff
core   0: 0x80004372 (0x000092a6) c.add   t0, s1
core   0: 3 0x80004372 (0x92a6) x 5 0x00000000
core   0: 0x80004374 (0x037c64b3) rem     s1, s8, s7
core   0: 3 0x80004374 (0x037c64b3) x 9 0x00000001
core   0: 0x80004378 (0x07f04063) blt     zero, t6, pc + 96
core   0: 3 0x80004378 (0x07f04063)
core   0: 0x8000437c (0x0000c0ad) c.beqz  s1, pc + 98
core   0: 3 0x8000437c (0xc0ad)
core   0: 0x8000437e (0x00007697) auipc   a3, 0x7
core   0: 3 0x8000437e (0x00007697) x13 0x8000b37e
core   0: 0x80004382 (0x7ec68693) addi    a3, a3, 2028
core   0: 3 0x80004382 (0x7ec68693) x13 0x8000bb6a
core   0: 0x80004386 (0x00000001) c.nop
core   0: 3 0x80004386 (0x0001)
core   0: 0x80004388 (0xf1168693) addi    a3, a3, -239
core   0: 3 0x80004388 (0xf1168693) x13 0x8000ba7b
core   0: 0x8000438c (0xc1fefc13) andi    s8, t4, -993
core   0: 3 0x8000438c (0xc1fefc13) x24 0x00000000
core   0: 0x80004390 (0x0375b633) mulhu   a2, a1, s7
core   0: 3 0x80004390 (0x0375b633) x12 0x00000000
core   0: 0x80004394 (0x5fa52937) lui     s2, 0x5fa52
core   0: 3 0x80004394 (0x5fa52937) x18 0x5fa52000
core   0: 0x80004398 (0x00b94463) blt     s2, a1, pc + 8
core   0: 3 0x80004398 (0x00b94463)
core   0: 0x8000439c (0xb3646913) ori     s2, s0, -1226
core   0: 3 0x8000439c (0xb3646913) x18 0xfffffff7
core   0: 0x800043a0 (0x0f0682e7) jalr    t0, a3, 240
core   0: 3 0x800043a0 (0x0f0682e7) x 5 0x800043a4
core   0: 0x8000bb6a (0x00b57463) bgeu    a0, a1, pc + 8
core   0: 3 0x8000bb6a (0x00b57463)
core   0: 0x8000bb72 (0x000018a1) c.addi  a7, -24
core   0: 3 0x8000bb72 (0x18a1) x17 0x80025e4c
core   0: 0x8000bb74 (0x0058a223) sw      t0, 4(a7)
core   0: 3 0x8000bb74 (0x0058a223) mem 0x80025e50 0x800043a4
core   0: 0x8000bb78 (0x03bf6f33) rem     t5, t5, s11
core   0: 3 0x8000bb78 (0x03bf6f33) x30 0x00000000
core   0: 0x8000bb7c (0x00008e51) c.or    a2, a2
core   0: 3 0x8000bb7c (0x8e51) x12 0x00000000
core   0: 0x8000bb7e (0x00a30e63) beq     t1, a0, pc + 28
core   0: 3 0x8000bb7e (0x00a30e63)
core   0: 0x8000bb82 (0x0000100f) fence.i
core   0: 3 0x8000bb82 (0x0000100f)
core   0: 0x8000bb86 (0x03d0fa33) remu    s4, ra, t4
core   0: 3 0x8000bb86 (0x03d0fa33) x20 0xffffffff
core   0: 0x8000bb8a (0x00111c13) slli    s8, sp, 1
core   0: 3 0x8000bb8a (0x00111c13) x24 0x0000ffe4
core   0: 0x8000bb8e (0x00008de5) c.and   a1, s1
core   0: 3 0x8000bb8e (0x8de5) x11 0x00000001
core   0: 0x8000bb90 (0x00006d11) c.lui   s10, 0x4
core   0: 3 0x8000bb90 (0x6d11) x26 0x00004000
core   0: 0x8000bb92 (0x60420493) addi    s1, tp, 1540
core   0: 3 0x8000bb92 (0x60420493) x 9 0x00000604
core   0: 0x8000bb96 (0x00000090) c.addi4spn a2, sp, 64
core   0: 3 0x8000bb96 (0x0090) x12 0x00008032
core   0: 0x8000bb98 (0x00008e05) c.sub   a2, s1
core   0: 3 0x8000bb98 (0x8e05) x12 0x00007a2e
core   0: 0x8000bb9a (0xeeef92ef) jal     t0, pc - 0x6912
core   0: 3 0x8000bb9a (0xeeef92ef) x 5 0x8000bb9e
core   0: 0x80005288 (0xfdc88893) addi    a7, a7, -36
core   0: 3 0x80005288 (0xfdc88893) x17 0x80025e28
core   0: 0x8000528c (0x0191d4b3) srl     s1, gp, s9
core   0: 3 0x8000528c (0x0191d4b3) x 9 0x0000001a
core   0: 0x80005290 (0x000094ee) c.add   s1, s11
core   0: 3 0x80005290 (0x94ee) x 9 0x0000001a
core   0: 0x80005292 (0x00716533) or      a0, sp, t2
core   0: 3 0x80005292 (0x00716533) x10 0xffffffff
core   0: 0x80005296 (0x0058a223) sw      t0, 4(a7)
core   0: 3 0x80005296 (0x0058a223) mem 0x80025e2c 0x8000bb9e
core   0: 0x8000529a (0xca370c37) lui     s8, 0xca370
core   0: 3 0x8000529a (0xca370c37) x24 0xca370000
core   0: 0x8000529e (0x7c946e13) ori     t3, s0, 1993
core   0: 3 0x8000529e (0x7c946e13) x28 0xffffffff
core   0: 0x800052a2 (0x00000001) c.nop
core   0: 3 0x800052a2 (0x0001)
core   0: 0x800052a4 (0xddbf2393) slti    t2, t5, -549
core   0: 3 0x800052a4 (0xddbf2393) x 7 0x00000000
core   0: 0x800052a8 (0x026002ef) jal     t0, pc + 0x26
core   0: 3 0x800052a8 (0x026002ef) x 5 0x800052ac
core   0: 0x800052ce (0xfe1ff0ef) jal     pc - 0x20
core   0: 3 0x800052ce (0xfe1ff0ef) x 1 0x800052d2
core   0: 0x800052ae (0x010000ef) jal     pc + 0x10
core   0: 3 0x800052ae (0x010000ef) x 1 0x800052b2
core   0: 0x800052be (0x0000a011) c.j     pc + 4
core   0: 3 0x800052be (0xa011)
core   0: 0x800052c2 (0x0000b7ed) c.j     pc - 22
core   0: 3 0x800052c2 (0xb7ed)
core   0: 0x800052ac (0x0000a821) c.j     pc + 24
core   0: 3 0x800052ac (0xa821)
core   0: 0x800052c4 (0x0000a039) c.j     pc + 14
core   0: 3 0x800052c4 (0xa039)
core   0: 0x800052d2 (0x0000b7cd) c.j     pc - 30
core   0: 3 0x800052d2 (0xb7cd)
core   0: 0x800052b4 (0x0000a819) c.j     pc + 22
core   0: 3 0x800052b4 (0xa819)
core   0: 0x800052ca (0x0000bfcd) c.j     pc - 14
core   0: 3 0x800052ca (0xbfcd)
core   0: 0x800052bc (0x0000a801) c.j     pc + 16
core   0: 3 0x800052bc (0xa801)
core   0: 0x800052cc (0x0000b7dd) c.j     pc - 26
core   0: 3 0x800052cc (0xb7dd)
core   0: 0x800052b2 (0x0000a011) c.j     pc + 4
core   0: 3 0x800052b2 (0xa011)
core   0: 0x800052b6 (0x00a000ef) jal     pc + 0xa
core   0: 3 0x800052b6 (0x00a000ef) x 1 0x800052ba
core   0: 0x800052c0 (0x00003fed) c.jal   pc - 6
core   0: 3 0x800052c0 (0x3fed) x 1 0x800052c2
core   0: 0x800052ba (0x0000a031) c.j     pc + 12
core   0: 3 0x800052ba (0xa031)
core   0: 0x800052c6 (0x00e000ef) jal     pc + 0xe
core   0: 3 0x800052c6 (0x00e000ef) x 1 0x800052ca
core   0: 0x800052d4 (0xf409b093) sltiu   ra, s3, -192
core   0: 3 0x800052d4 (0xf409b093) x 1 0x00000001
core   0: 0x800052d8 (0x0000b117) auipc   sp, 0xb
core   0: 3 0x800052d8 (0x0000b117) x 2 0x800102d8
core   0: 0x800052dc (0x6cd10113) addi    sp, sp, 1741
core   0: 3 0x800052dc (0x6cd10113) x 2 0x800109a5
core   0: 0x800052e0 (0xfec11aa3) sh      a2, -11(sp)
core   0: 3 0x800052e0 (0xfec11aa3) mem 0x8001099a 0x7a2e
core   0: 0x800052e4 (0x0000100f) fence.i
core   0: 3 0x800052e4 (0x0000100f)
core   0: 0x800052e8 (0xf3c10183) lb      gp, -196(sp)
core   0: 3 0x800052e8 (0xf3c10183) x 3 0x00000000 mem 0x800108e1
core   0: 0x800052ec (0x00114e83) lbu     t4, 1(sp)
core   0: 3 0x800052ec (0x00114e83) x29 0x0000003d mem 0x800109a6
core   0: 0x800052f0 (0x009efeb3) and     t4, t4, s1
core   0: 3 0x800052f0 (0x009efeb3) x29 0x00000018
core   0: 0x800052f4 (0x03d374b3) remu    s1, t1, t4
core   0: 3 0x800052f4 (0x03d374b3) x 9 0x00000000
core   0: 0x800052f8 (0x00008e65) c.and   a2, s1
core   0: 3 0x800052f8 (0x8e65) x12 0x00000000
core   0: 0x800052fa (0x0000167d) c.addi  a2, -1
core   0: 3 0x800052fa (0x167d) x12 0xffffffff
core   0: 0x800052fc (0x00008cc5) c.or    s1, s1
core   0: 3 0x800052fc (0x8cc5) x 9 0x00000000
core   0: 0x800052fe (0xfcc10e83) lb      t4, -52(sp)
core   0: 3 0x800052fe (0xfcc10e83) x29 0xffffffb2 mem 0x80010971
core   0: 0x80005302 (0x4eaef613) andi    a2, t4, 1258
core   0: 3 0x80005302 (0x4eaef613) x12 0x000004a2
core   0: 0x80005306 (0xcea1f313) andi    t1, gp, -790
core   0: 3 0x80005306 (0xcea1f313) x 6 0x00000000
core   0: 0x8000530a (0x0f510303) lb      t1, 245(sp)
core   0: 3 0x8000530a (0x0f510303) x 6 0xffffff9b mem 0x80010a9a
core   0: 0x8000530e (0x00000001) c.nop
core   0: 3 0x8000530e (0x0001)
core   0: 0x80005310 (0x03dee633) rem     a2, t4, t4
core   0: 3 0x80005310 (0x03dee633) x12 0x00000000
core   0: 0x80005314 (0x09d10a23) sb      t4, 148(sp)
core   0: 3 0x80005314 (0x09d10a23) mem 0x80010a39 0xb2
core   0: 0x80005318 (0x0e610b23) sb      t1, 246(sp)
core   0: 3 0x80005318 (0x0e610b23) mem 0x80010a9b 0x9b
core   0: 0x8000531c (0x01b12303) lw      t1, 27(sp)
core   0: 3 0x8000531c (0x01b12303) x 6 0xd044108b mem 0x800109c0
core   0: 0x80005320 (0x00008eb2) c.mv    t4, a2
core   0: 3 0x80005320 (0x8eb2) x29 0x00000000
core   0: 0x80005322 (0x03d66633) rem     a2, a2, t4
core   0: 3 0x80005322 (0x03d66633) x12 0x00000000
core   0: 0x80005326 (0xf5d10323) sb      t4, -186(sp)
core   0: 3 0x80005326 (0xf5d10323) mem 0x800108eb 0x0
core   0: 0x8000532a (0xf0c10823) sb      a2, -240(sp)
core   0: 3 0x8000532a (0xf0c10823) mem 0x800108b5 0x0
core   0: 0x8000532e (0x0e610a23) sb      t1, 244(sp)
core   0: 3 0x8000532e (0x0e610a23) mem 0x80010a99 0x8b
core   0: 0x80005332 (0x0091b6b3) sltu    a3, gp, s1
core   0: 3 0x80005332 (0x0091b6b3) x13 0x00000000
core   0: 0x80005336 (0x00008609) c.srai  a2, 2
core   0: 3 0x80005336 (0x8609) x12 0x00000000
core   0: 0x80005338 (0x00969333) sll     t1, a3, s1
core   0: 3 0x80005338 (0x00969333) x 6 0x00000000
core   0: 0x8000533c (0x00000ee6) c.slli  t4, 25
core   0: 3 0x8000533c (0x0ee6) x29 0x00000000
core   0: 0x8000533e (0x0094b4b3) sltu    s1, s1, s1
core   0: 3 0x8000533e (0x0094b4b3) x 9 0x00000000
core   0: 0x80005342 (0x02930eb3) mul     t4, t1, s1
core   0: 3 0x80005342 (0x02930eb3) x29 0x00000000
core   0: 0x80005346 (0x0000100f) fence.i
core   0: 3 0x80005346 (0x0000100f)
core   0: 0x8000534a (0x0ad10123) sb      a3, 162(sp)
core   0: 3 0x8000534a (0x0ad10123) mem 0x80010a47 0x0
core   0: 0x8000534e (0xfe6105a3) sb      t1, -21(sp)
core   0: 3 0x8000534e (0xfe6105a3) mem 0x80010990 0x0
core   0: 0x80005352 (0x89967e93) andi    t4, a2, -1895
core   0: 3 0x80005352 (0x89967e93) x29 0x00000000
core   0: 0x80005356 (0xf1614183) lbu     gp, -234(sp)
core   0: 3 0x80005356 (0xf1614183) x 3 0x00000086 mem 0x800108bb
core   0: 0x8000535a (0x0000100f) fence.i
core   0: 3 0x8000535a (0x0000100f)
core   0: 0x8000535e (0x4061d4b3) sra     s1, gp, t1
core   0: 3 0x8000535e (0x4061d4b3) x 9 0x00000086
core   0: 0x80005362 (0x01135613) srli    a2, t1, 17
core   0: 3 0x80005362 (0x01135613) x12 0x00000000
core   0: 0x80005366 (0x00311e83) lh      t4, 3(sp)
core   0: 3 0x80005366 (0x00311e83) x29 0x00004153 mem 0x800109a8
core   0: 0x8000536a (0x000001ae) c.slli  gp, 11
core   0: 3 0x8000536a (0x01ae) x 3 0x00043000
core   0: 0x8000536c (0x00009eb2) c.add   t4, a2
core   0: 3 0x8000536c (0x9eb2) x29 0x00004153
core   0: 0x8000536e (0x0000537d) c.li    t1, -1
core   0: 3 0x8000536e (0x537d) x 6 0xffffffff
core   0: 0x80005370 (0x000011fd) c.addi  gp, -1
core   0: 3 0x80005370 (0x11fd) x 3 0x00042fff
core   0: 0x80005372 (0x10d1f313) andi    t1, gp, 269
core   0: 3 0x80005372 (0x10d1f313) x 6 0x0000010d
core   0: 0x80005376 (0xf2510303) lb      t1, -219(sp)
core   0: 3 0x80005376 (0xf2510303) x 6 0xffffffb9 mem 0x800108ca
core   0: 0x8000537a (0xf49113a3) sh      s1, -185(sp)
core   0: 3 0x8000537a (0xf49113a3) mem 0x800108ec 0x0086
core   0: 0x8000537e (0x22b64613) xori    a2, a2, 555
core   0: 3 0x8000537e (0x22b64613) x12 0x0000022b
core   0: 0x80005382 (0x01d494b3) sll     s1, s1, t4
core   0: 3 0x80005382 (0x01d494b3) x 9 0x04300000
core   0: 0x80005386 (0xf6210e83) lb      t4, -158(sp)
core   0: 3 0x80005386 (0xf6210e83) x29 0xfffffff6 mem 0x80010907
core   0: 0x8000538a (0x0d911303) lh      t1, 217(sp)
core   0: 3 0x8000538a (0x0d911303) x 6 0xffffef05 mem 0x80010a7e
core   0: 0x8000538e (0x04d14303) lbu     t1, 77(sp)
core   0: 3 0x8000538e (0x04d14303) x 6 0x0000005a mem 0x800109f2
core   0: 0x80005392 (0x0000c297) auipc   t0, 0xc
core   0: 3 0x80005392 (0x0000c297) x 5 0x80011392
core   0: 0x80005396 (0xddb28293) addi    t0, t0, -549
core   0: 3 0x80005396 (0xddb28293) x 5 0x8001116d
core   0: 0x8000539a (0x00001f00) c.addi4spn s0, sp, 944
core   0: 3 0x8000539a (0x1f00) x 8 0x80010d55
core   0: 0x8000539c (0x00008d01) c.sub   a0, s0
core   0: 3 0x8000539c (0x8d01) x10 0x7ffef2aa
core   0: 0x8000539e (0x00008ed9) c.or    a3, a4
core   0: 3 0x8000539e (0x8ed9) x13 0x80029ce4
core   0: 0x800053a0 (0x00528323) sb      t0, 6(t0)
core   0: 3 0x800053a0 (0x00528323) mem 0x80011173 0x6d
core   0: 0x800053a4 (0x016c2ab3) slt     s5, s8, s6
core   0: 3 0x800053a4 (0x016c2ab3) x21 0x00000001
core   0: 0x800053a8 (0x0062c303) lbu     t1, 6(t0)
core   0: 3 0x800053a8 (0x0062c303) x 6 0x0000006d mem 0x80011173
core   0: 0x800053ac (0x00008529) c.srai  a0, 10
core   0: 3 0x800053ac (0x8529) x10 0x001fffbc
core   0: 0x800053ae (0x01628223) sb      s6, 4(t0)
core   0: 3 0x800053ae (0x01628223) mem 0x80011171 0x1
core   0: 0x800053b2 (0xffc28203) lb      tp, -4(t0)
core   0: 3 0x800053b2 (0xffc28203) x 4 0xffffffd6 mem 0x80011169
core   0: 0x800053b6 (0x00028423) sb      zero, 8(t0)
core   0: 3 0x800053b6 (0x00028423) mem 0x80011175 0x0
core   0: 0x800053ba (0x01918033) add     zero, gp, s9
core   0: 3 0x800053ba (0x01918033)
core   0: 0x800053be (0x00328003) lb      zero, 3(t0)
core   0: 3 0x800053be (0x00328003) mem 0x80011170
core   0: 0x800053c2 (0x0092de03) lhu     t3, 9(t0)
core   0: 3 0x800053c2 (0x0092de03) x28 0x00006dee mem 0x80011176
core   0: 0x800053c6 (0x00008d25) c.xor   a0, s1
core   0: 3 0x800053c6 (0x8d25) x10 0x042fffbc
core   0: 0x800053c8 (0x00028d03) lb      s10, 0(t0)
core   0: 3 0x800053c8 (0x00028d03) x26 0xffffff89 mem 0x8001116d
core   0: 0x800053cc (0x00128823) sb      ra, 16(t0)
core   0: 3 0x800053cc (0x00128823) mem 0x8001117d 0x1
core   0: 0x800053d0 (0xe431c613) xori    a2, gp, -445
core   0: 3 0x800053d0 (0xe431c613) x12 0xfffbd1bc
core   0: 0x800053d4 (0x01ae35b3) sltu    a1, t3, s10
core   0: 3 0x800053d4 (0x01ae35b3) x11 0x00000001
core   0: 0x800053d8 (0xfff2ac03) lw      s8, -1(t0)
core   0: 3 0x800053d8 (0xfff2ac03) x24 0xb4048968 mem 0x8001116c
core   0: 0x800053dc (0x01728023) sb      s7, 0(t0)
core   0: 3 0x800053dc (0x01728023) mem 0x8001116d 0x0
core   0: 0x800053e0 (0x000098fd) c.andi  s1, -1
core   0: 3 0x800053e0 (0x98fd) x 9 0x04300000
core   0: 0x800053e2 (0x00b292a3) sh      a1, 5(t0)
core   0: 3 0x800053e2 (0x00b292a3) mem 0x80011172 0x0001
core   0: 0x800053e6 (0x00c28b03) lb      s6, 12(t0)
core   0: 3 0x800053e6 (0x00c28b03) x22 0xffffffb8 mem 0x80011179
core   0: 0x800053ea (0x00008f99) c.sub   a5, a4
core   0: 3 0x800053ea (0x8f99) x15 0x7ffd631b
core   0: 0x800053ec (0x03ebbe33) mulhu   t3, s7, t5
core   0: 3 0x800053ec (0x03ebbe33) x28 0x00000000
core   0: 0x800053f0 (0x00b294a3) sh      a1, 9(t0)
core   0: 3 0x800053f0 (0x00b294a3) mem 0x80011176 0x0001
core   0: 0x800053f4 (0x003291a3) sh      gp, 3(t0)
core   0: 3 0x800053f4 (0x003291a3) mem 0x80011170 0x2fff
core   0: 0x800053f8 (0x00f2d603) lhu     a2, 15(t0)
core   0: 3 0x800053f8 (0x00f2d603) x12 0x00000186 mem 0x8001117c
core   0: 0x800053fc (0x00328a83) lb      s5, 3(t0)
core   0: 3 0x800053fc (0x00328a83) x21 0xffffffff mem 0x80011170
core   0: 0x80005400 (0x00000001) c.nop
core   0: 3 0x80005400 (0x0001)
core   0: 0x80005402 (0x027cba33) mulhu   s4, s9, t2
core   0: 3 0x80005402 (0x027cba33) x20 0x00000000
core   0: 0x80005406 (0x01c40533) add     a0, s0, t3
core   0: 3 0x80005406 (0x01c40533) x10 0x80010d55
core   0: 0x8000540a (0x0000963a) c.add   a2, a4
core   0: 3 0x8000540a (0x963a) x12 0x80029e6a
core   0: 0x8000540c (0x00728983) lb      s3, 7(t0)
core   0: 3 0x8000540c (0x00728983) x19 0x0000005b mem 0x80011174
core   0: 0x80005410 (0x00e002ef) jal     t0, pc + 0xe
core   0: 3 0x80005410 (0x00e002ef) x 5 0x80005414
core   0: 0x8000541e (0x00002011) c.jal   pc + 4
core   0: 3 0x8000541e (0x2011) x 1 0x80005420
core   0: 0x80005422 (0x0000a039) c.j     pc + 14
core   0: 3 0x80005422 (0xa039)
core   0: 0x80005430 (0xfffff0ef) jal     pc - 0x2
core   0: 3 0x80005430 (0xfffff0ef) x 1 0x80005434
core   0: 0x8000542e (0x000037f5) c.jal   pc - 20
core   0: 3 0x8000542e (0x37f5) x 1 0x80005430
core   0: 0x8000541a (0x01e000ef) jal     pc + 0x1e
core   0: 3 0x8000541a (0x01e000ef) x 1 0x8000541e
core   0: 0x80005438 (0x0000bff5) c.j     pc - 4
core   0: 3 0x80005438 (0xbff5)
core   0: 0x80005434 (0x000037f5) c.jal   pc - 20
core   0: 3 0x80005434 (0x37f5) x 1 0x80005436
core   0: 0x80005420 (0x00003fd5) c.jal   pc - 12
core   0: 3 0x80005420 (0x3fd5) x 1 0x80005422
core   0: 0x80005414 (0x022005ef) jal     a1, pc + 0x22
core   0: 3 0x80005414 (0x022005ef) x11 0x80005418
core   0: 0x80005436 (0x0000b7fd) c.j     pc - 18
core   0: 3 0x80005436 (0xb7fd)
core   0: 0x80005424 (0x00002011) c.jal   pc + 4
core   0: 3 0x80005424 (0x2011) x 1 0x80005426
core   0: 0x80005428 (0x004000ef) jal     pc + 0x4
core   0: 3 0x80005428 (0x004000ef) x 1 0x8000542c
core   0: 0x8000542c (0x0000a039) c.j     pc + 14
core   0: 3 0x8000542c (0xa039)
core   0: 0x8000543a (0xfedff36f) jal     t1, pc - 0x14
core   0: 3 0x8000543a (0xfedff36f) x 6 0x8000543e
core   0: 0x80005426 (0x0000a821) c.j     pc + 24
core   0: 3 0x80005426 (0xa821)
core   0: 0x8000543e (0x0000bfe9) c.j     pc - 38
core   0: 3 0x8000543e (0xbfe9)
core   0: 0x80005418 (0x0000a025) c.j     pc + 40
core   0: 3 0x80005418 (0xa025)
core   0: 0x80005440 (0x00762433) slt     s0, a2, t2
core   0: 3 0x80005440 (0x00762433) x 8 0x00000001
core   0: 0x80005444 (0x00016397) auipc   t2, 0x16
core   0: 3 0x80005444 (0x00016397) x 7 0x8001b444
core   0: 0x80005448 (0x7cb38393) addi    t2, t2, 1995
core   0: 3 0x80005448 (0x7cb38393) x 7 0x8001bc0f
core   0: 0x8000544c (0xff538b83) lb      s7, -11(t2)
core   0: 3 0x8000544c (0xff538b83) x23 0x00000063 mem 0x8001bc04
core   0: 0x80005450 (0x00000b92) c.slli  s7, 4
core   0: 3 0x80005450 (0x0b92) x23 0x00000630
core   0: 0x80005452 (0x0335cbb3) div     s7, a1, s3
core   0: 3 0x80005452 (0x0335cbb3) x23 0xfe97ea6c
core   0: 0x80005456 (0x017392a3) sh      s7, 5(t2)
core   0: 3 0x80005456 (0x017392a3) mem 0x8001bc14 0xea6c
core   0: 0x8000545a (0x0172d5b3) srl     a1, t0, s7
core   0: 3 0x8000545a (0x0172d5b3) x11 0x00080005
core   0: 0x8000545e (0x01738423) sb      s7, 8(t2)
core   0: 3 0x8000545e (0x01738423) mem 0x8001bc17 0x6c
core   0: 0x80005462 (0x00838223) sb      s0, 4(t2)
core   0: 3 0x80005462 (0x00838223) mem 0x8001bc13 0x1
core   0: 0x80005466 (0xff339583) lh      a1, -13(t2)
core   0: 3 0x80005466 (0xff339583) x11 0x000026b1 mem 0x8001bc02
core   0: 0x8000546a (0x0053a983) lw      s3, 5(t2)
core   0: 3 0x8000546a (0x0053a983) x19 0x6c39ea6c mem 0x8001bc14
core   0: 0x8000546e (0x03799533) mulh    a0, s3, s7
core   0: 3 0x8000546e (0x03799533) x10 0xff67c56f
core   0: 0x80005472 (0x0375dbb3) divu    s7, a1, s7
core   0: 3 0x80005472 (0x0375dbb3) x23 0x00000000
core   0: 0x80005476 (0x00008516) c.mv    a0, t0
core   0: 3 0x80005476 (0x8516) x10 0x80005414
core   0: 0x80005478 (0xff538403) lb      s0, -11(t2)
core   0: 3 0x80005478 (0xff538403) x 8 0x00000063 mem 0x8001bc04
core   0: 0x8000547c (0x00238403) lb      s0, 2(t2)
core   0: 3 0x8000547c (0x00238403) x 8 0x0000007c mem 0x8001bc11
core   0: 0x80005480 (0xff738aa3) sb      s7, -11(t2)
core   0: 3 0x80005480 (0xff738aa3) mem 0x8001bc04 0x0
core   0: 0x80005484 (0xff539283) lh      t0, -11(t2)
core   0: 3 0x80005484 (0xff539283) x 5 0x00004b00 mem 0x8001bc04
core   0: 0x80005488 (0x7fc58293) addi    t0, a1, 2044
core   0: 3 0x80005488 (0x7fc58293) x 5 0x00002ead
core   0: 0x8000548c (0xff238503) lb      a0, -14(t2)
core   0: 3 0x8000548c (0xff238503) x10 0x0000006a mem 0x8001bc01
core   0: 0x80005490 (0x00829533) sll     a0, t0, s0
core   0: 3 0x80005490 (0x00829533) x10 0xd0000000
core   0: 0x80005494 (0x01338023) sb      s3, 0(t2)
core   0: 3 0x80005494 (0x01338023) mem 0x8001bc0f 0x6c
core   0: 0x80005498 (0x02a472b3) remu    t0, s0, a0
core   0: 3 0x80005498 (0x02a472b3) x 5 0x0000007c
core   0: 0x8000549c (0xff338b83) lb      s7, -13(t2)
core   0: 3 0x8000549c (0xff338b83) x23 0xffffffb1 mem 0x8001bc02
core   0: 0x800054a0 (0xfff3d403) lhu     s0, -1(t2)
core   0: 3 0x800054a0 (0xfff3d403) x 8 0x00006c49 mem 0x8001bc0e
core   0: 0x800054a4 (0xfe838d23) sb      s0, -6(t2)
core   0: 3 0x800054a4 (0xfe838d23) mem 0x8001bc09 0x49
core   0: 0x800054a8 (0xff838403) lb      s0, -8(t2)
core   0: 3 0x800054a8 (0xff838403) x 8 0x00000079 mem 0x8001bc07
core   0: 0x800054ac (0x02b29433) mulh    s0, t0, a1
core   0: 3 0x800054ac (0x02b29433) x 8 0x00000000
core   0: 0x800054b0 (0x005525b3) slt     a1, a0, t0
core   0: 3 0x800054b0 (0x005525b3) x11 0x00000001
core   0: 0x800054b4 (0x0083a2a3) sw      s0, 5(t2)
core   0: 3 0x800054b4 (0x0083a2a3) mem 0x8001bc14 0x00000000
core   0: 0x800054b8 (0x0055d433) srl     s0, a1, t0
core   0: 3 0x800054b8 (0x0055d433) x 8 0x00000000
core   0: 0x800054bc (0x00838583) lb      a1, 8(t2)
core   0: 3 0x800054bc (0x00838583) x11 0x00000000 mem 0x8001bc17
core   0: 0x800054c0 (0x0000100f) fence.i
core   0: 3 0x800054c0 (0x0000100f)
core   0: 0x800054c4 (0x0375b533) mulhu   a0, a1, s7
core   0: 3 0x800054c4 (0x0375b533) x10 0x00000000
core   0: 0x800054c8 (0x0000051a) c.slli  a0, 6
core   0: 3 0x800054c8 (0x051a) x10 0x00000000
core   0: 0x800054ca (0x00238503) lb      a0, 2(t2)
core   0: 3 0x800054ca (0x00238503) x10 0x0000007c mem 0x8001bc11
core   0: 0x800054ce (0x00015117) auipc   sp, 0x15
core   0: 3 0x800054ce (0x00015117) x 2 0x8001a4ce
core   0: 0x800054d2 (0x2aa10113) addi    sp, sp, 682
core   0: 3 0x800054d2 (0x2aa10113) x 2 0x8001a778
core   0: 0x800054d6 (0x00914b83) lbu     s7, 9(sp)
core   0: 3 0x800054d6 (0x00914b83) x23 0x0000007c mem 0x8001a781
core   0: 0x800054da (0xff510003) lb      zero, -11(sp)
core   0: 3 0x800054da (0xff510003) mem 0x8001a76d
core   0: 0x800054de (0x00008eda) c.mv    t4, s6
core   0: 3 0x800054de (0x8eda) x29 0xffffffb8
core   0: 0x800054e0 (0xff514d03) lbu     s10, -11(sp)
core   0: 3 0x800054e0 (0xff514d03) x26 0x000000b3 mem 0x8001a76d
core   0: 0x800054e4 (0xfef10ca3) sb      a5, -7(sp)
core   0: 3 0x800054e4 (0xfef10ca3) mem 0x8001a771 0x1b
core   0: 0x800054e8 (0x00004e42) c.lwsp  t3, 16(sp)
core   0: 3 0x800054e8 (0x4e42) x28 0xe485526f mem 0x8001a788
core   0: 0x800054ea (0x027fc633) div     a2, t6, t2
core   0: 3 0x800054ea (0x027fc633) x12 0x00000000
core   0: 0x800054ee (0x00004e92) c.lwsp  t4, 4(sp)
core   0: 3 0x800054ee (0x4e92) x29 0xebf30816 mem 0x8001a77c
core   0: 0x800054f0 (0xfe510da3) sb      t0, -5(sp)
core   0: 3 0x800054f0 (0xfe510da3) mem 0x8001a773 0x7c
core   0: 0x800054f4 (0xffc11823) sh      t3, -16(sp)
core   0: 3 0x800054f4 (0xffc11823) mem 0x8001a768 0x526f
core   0: 0x800054f8 (0xff814683) lbu     a3, -8(sp)
core   0: 3 0x800054f8 (0xff814683) x13 0x00000093 mem 0x8001a770
core   0: 0x800054fc (0x0000c67e) c.swsp  t6, 12(sp)
core   0: 3 0x800054fc (0xc67e) mem 0x8001a784 0x00000000
core   0: 0x800054fe (0x000049b2) c.lwsp  s3, 12(sp)
core   0: 3 0x800054fe (0x49b2) x19 0x00000000 mem 0x8001a784
core   0: 0x80005500 (0x00004332) c.lwsp  t1, 12(sp)
core   0: 3 0x80005500 (0x4332) x 6 0x00000000 mem 0x8001a784
core   0: 0x80005502 (0xff210e23) sb      s2, -4(sp)
core   0: 3 0x80005502 (0xff210e23) mem 0x8001a774 0xf7
core   0: 0x80005506 (0xffc11683) lh      a3, -4(sp)
core   0: 3 0x80005506 (0xffc11683) x13 0x000040f7 mem 0x8001a774
core   0: 0x8000550a (0xffc15403) lhu     s0, -4(sp)
core   0: 3 0x8000550a (0xffc15403) x 8 0x000040f7 mem 0x8001a774
core   0: 0x8000550e (0xff510c03) lb      s8, -11(sp)
core   0: 3 0x8000550e (0xff510c03) x24 0xffffffb3 mem 0x8001a76d
core   0: 0x80005512 (0x0001a917) auipc   s2, 0x1a
core   0: 3 0x80005512 (0x0001a917) x18 0x8001f512
core   0: 0x80005516 (0x9e190913) addi    s2, s2, -1567
core   0: 3 0x80005516 (0x9e190913) x18 0x8001eef3
core   0: 0x8000551a (0x019766b3) or      a3, a4, s9
core   0: 3 0x8000551a (0x019766b3) x13 0x80029ce4
core   0: 0x8000551e (0x01e18a33) add     s4, gp, t5
core   0: 3 0x8000551e (0x01e18a33) x20 0x00042fff
core   0: 0x80005522 (0x02d90f23) sb      a3, 62(s2)
core   0: 3 0x80005522 (0x02d90f23) mem 0x8001ef31 0xe4
core   0: 0x80005526 (0x00008055) c.srli  s0, 21
core   0: 3 0x80005526 (0x8055) x 8 0x00000000
core   0: 0x80005528 (0x00594f33) xor     t5, s2, t0
core   0: 3 0x80005528 (0x00594f33) x30 0x8001ee8f
core   0: 0x8000552c (0x01c5fe33) and     t3, a1, t3
core   0: 3 0x8000552c (0x01c5fe33) x28 0x00000000
core   0: 0x80005530 (0x0000100f) fence.i
core   0: 3 0x80005530 (0x0000100f)
core   0: 0x80005534 (0x00000001) c.nop
core   0: 3 0x80005534 (0x0001)
core   0: 0x80005536 (0x00000091) c.addi  ra, 4
core   0: 3 0x80005536 (0x0091) x 1 0x80005430
core   0: 0x80005538 (0x03694b03) lbu     s6, 54(s2)
core   0: 3 0x80005538 (0x03694b03) x22 0x00000050 mem 0x8001ef29
core   0: 0x8000553c (0x0ff0000f) fence   iorw,iorw
core   0: 3 0x8000553c (0x0ff0000f)
core   0: 0x80005540 (0x03575333) divu    t1, a4, s5
core   0: 3 0x80005540 (0x03575333) x 6 0x00000000
core   0: 0x80005544 (0x0db95b03) lhu     s6, 219(s2)
core   0: 3 0x80005544 (0x0db95b03) x22 0x00005f70 mem 0x8001efce
core   0: 0x80005548 (0x00008541) c.srai  a0, 16
core   0: 3 0x80005548 (0x8541) x10 0x00000000
core   0: 0x8000554a (0x000086c9) c.srai  a3, 18
core   0: 3 0x8000554a (0x86c9) x13 0xffffe000
core   0: 0x8000554c (0x000006d1) c.addi  a3, 20
core   0: 3 0x8000554c (0x06d1) x13 0xffffe014
core   0: 0x8000554e (0xf1a90483) lb      s1, -230(s2)
core   0: 3 0x8000554e (0xf1a90483) x 9 0xffffffde mem 0x8001ee0d
core   0: 0x80005552 (0x00008645) c.srai  a2, 17
core   0: 3 0x80005552 (0x8645) x12 0x00000000
core   0: 0x80005554 (0x0be94083) lbu     ra, 190(s2)
core   0: 3 0x80005554 (0x0be94083) x 1 0x0000007f mem 0x8001efb1
core   0: 0x80005558 (0x09890403) lb      s0, 152(s2)
core   0: 3 0x80005558 (0x09890403) x 8 0xffffffbe mem 0x8001ef8b
core   0: 0x8000555c (0x2cf2b213) sltiu   tp, t0, 719
core   0: 3 0x8000555c (0x2cf2b213) x 4 0x00000001
core   0: 0x80005560 (0x00e90c03) lb      s8, 14(s2)
core   0: 3 0x80005560 (0x00e90c03) x24 0x00000022 mem 0x8001ef01
core   0: 0x80005564 (0x02c94203) lbu     tp, 44(s2)
core   0: 3 0x80005564 (0x02c94203) x 4 0x000000d9 mem 0x8001ef1f
core   0: 0x80005568 (0xf1f90523) sb      t6, -246(s2)
core   0: 3 0x80005568 (0xf1f90523) mem 0x8001edfd 0x0
core   0: 0x8000556c (0x04394603) lbu     a2, 67(s2)
core   0: 3 0x8000556c (0x04394603) x12 0x00000084 mem 0x8001ef36
core   0: 0x80005570 (0x00104f33) xor     t5, zero, ra
core   0: 3 0x80005570 (0x00104f33) x30 0x0000007f
core   0: 0x80005574 (0x0e790123) sb      t2, 226(s2)
core   0: 3 0x80005574 (0x0e790123) mem 0x8001efd5 0xf
core   0: 0x80005578 (0xee222e13) slti    t3, tp, -286
core   0: 3 0x80005578 (0xee222e13) x28 0x00000000
core   0: 0x8000557c (0x00000001) c.nop
core   0: 3 0x8000557c (0x0001)
core   0: 0x8000557e (0x02a97d33) remu    s10, s2, a0
core   0: 3 0x8000557e (0x02a97d33) x26 0x8001eef3
core   0: 0x80005582 (0x000086d2) c.mv    a3, s4
core   0: 3 0x80005582 (0x86d2) x13 0x00042fff
core   0: 0x80005584 (0x00001280) c.addi4spn s0, sp, 352
core   0: 3 0x80005584 (0x1280) x 8 0x8001a8d8
core   0: 0x80005586 (0xf5290083) lb      ra, -174(s2)
core   0: 3 0x80005586 (0xf5290083) x 1 0x0000001e mem 0x8001ee45
core   0: 0x8000558a (0x00008f91) c.sub   a5, a2
core   0: 3 0x8000558a (0x8f91) x15 0x7ffd6297
core   0: 0x8000558c (0xf3b90aa3) sb      s11, -203(s2)
core   0: 3 0x8000558c (0xf3b90aa3) mem 0x8001ee28 0x0
core   0: 0x80005590 (0xfb5910a3) sh      s5, -95(s2)
core   0: 3 0x80005590 (0xfb5910a3) mem 0x8001ee94 0xffff
core   0: 0x80005594 (0x00000001) c.nop
core   0: 3 0x80005594 (0x0001)
core   0: 0x80005596 (0xdbf49697) auipc   a3, 0xdbf49
core   0: 3 0x80005596 (0xdbf49697) x13 0x5bf4e596
core   0: 0x8000559a (0x03d95b83) lhu     s7, 61(s2)
core   0: 3 0x8000559a (0x03d95b83) x23 0x0000e4f8 mem 0x8001ef30
core   0: 0x8000559e (0x76d52213) slti    tp, a0, 1901
core   0: 3 0x8000559e (0x76d52213) x 4 0x00000001
core   0: 0x800055a2 (0x4147d9b3) sra     s3, a5, s4
core   0: 3 0x800055a2 (0x4147d9b3) x19 0x00000000
core   0: 0x800055a6 (0xf4b919a3) sh      a1, -173(s2)
core   0: 3 0x800055a6 (0xf4b919a3) mem 0x8001ee46 0x0000
core   0: 0x800055aa (0xfca905a3) sb      a0, -53(s2)
core   0: 3 0x800055aa (0xfca905a3) mem 0x8001eebe 0x0
core   0: 0x800055ae (0x0000bd97) auipc   s11, 0xb
core   0: 3 0x800055ae (0x0000bd97) x27 0x800105ae
core   0: 0x800055b2 (0xeebd8d93) addi    s11, s11, -277
core   0: 3 0x800055b2 (0xeebd8d93) x27 0x80010499
core   0: 0x800055b6 (0x00010917) auipc   s2, 0x10
core   0: 3 0x800055b6 (0x00010917) x18 0x800155b6
core   0: 0x800055ba (0xf3190913) addi    s2, s2, -207
core   0: 3 0x800055ba (0xf3190913) x18 0x800154e7
core   0: 0x800055be (0x01dd9603) lh      a2, 29(s11)
core   0: 3 0x800055be (0x01dd9603) x12 0x00000b94 mem 0x800104b6
core   0: 0x800055c2 (0x01e90403) lb      s0, 30(s2)
core   0: 3 0x800055c2 (0x01e90403) x 8 0x00000014 mem 0x80015505
core   0: 0x800055c6 (0xfcdd8a83) lb      s5, -51(s11)
core   0: 3 0x800055c6 (0xfcdd8a83) x21 0xffffffde mem 0x80010466
core   0: 0x800055ca (0xf8494083) lbu     ra, -124(s2)
core   0: 3 0x800055ca (0xf8494083) x 1 0x0000004d mem 0x8001546b
core   0: 0x800055ce (0x03ad8303) lb      t1, 58(s11)
core   0: 3 0x800055ce (0x03ad8303) x 6 0xfffffff8 mem 0x800104d3
core   0: 0x800055d2 (0xf0f95983) lhu     s3, -241(s2)
core   0: 3 0x800055d2 (0xf0f95983) x19 0x00008c7d mem 0x800153f6
core   0: 0x800055d6 (0xf5995503) lhu     a0, -167(s2)
core   0: 3 0x800055d6 (0xf5995503) x10 0x0000f2da mem 0x80015440
core   0: 0x800055da (0x00cd8b23) sb      a2, 22(s11)
core   0: 3 0x800055da (0x00cd8b23) mem 0x800104af 0x94
core   0: 0x800055de (0x0ce94f83) lbu     t6, 206(s2)
core   0: 3 0x800055de (0x0ce94f83) x31 0x000000fe mem 0x800155b5
core   0: 0x800055e2 (0x03cd8203) lb      tp, 60(s11)
core   0: 3 0x800055e2 (0x03cd8203) x 4 0xfffffffe mem 0x800104d5
core   0: 0x800055e6 (0x03bdac03) lw      s8, 59(s11)
core   0: 3 0x800055e6 (0x03bdac03) x24 0x009afe29 mem 0x800104d4
core   0: 0x800055ea (0xf1094d03) lbu     s10, -240(s2)
core   0: 3 0x800055ea (0xf1094d03) x26 0x0000008c mem 0x800153f7
core   0: 0x800055ee (0x03bd92a3) sh      s11, 37(s11)
core   0: 3 0x800055ee (0x03bd92a3) mem 0x800104be 0x0499
core   0: 0x800055f2 (0x096915a3) sh      s6, 139(s2)
core   0: 3 0x800055f2 (0x096915a3) mem 0x80015572 0x5f70
core   0: 0x800055f6 (0x00100593) li      a1, 1
core   0: 3 0x800055f6 (0x00100593) x11 0x00000001
core   0: 0x800055fa (0x00008996) c.mv    s3, t0
core   0: 3 0x800055fa (0x8996) x19 0x0000007c
core   0: 0x800055fc (0x00000e96) c.slli  t4, 5
core   0: 3 0x800055fc (0x0e96) x29 0x7e6102c0
core   0: 0x800055fe (0x00bc1913) slli    s2, s8, 11
core   0: 3 0x800055fe (0x00bc1913) x18 0xd7f14800
core   0: 0x80005602 (0x00000001) c.nop
core   0: 3 0x80005602 (0x0001)
core   0: 0x80005604 (0x00026e33) or      t3, tp, zero
core   0: 3 0x80005604 (0x00026e33) x28 0xfffffffe
core   0: 0x80005608 (0x02545d33) divu    s10, s0, t0
core   0: 3 0x80005608 (0x02545d33) x26 0x00000000
core   0: 0x8000560c (0x01e18533) add     a0, gp, t5
core   0: 3 0x8000560c (0x01e18533) x10 0x0004307e
core   0: 0x80005610 (0x0133b6b3) sltu    a3, t2, s3
core   0: 3 0x80005610 (0x0133b6b3) x13 0x00000000
core   0: 0x80005614 (0x000015fd) c.addi  a1, -1
core   0: 3 0x80005614 (0x15fd) x11 0x00000000
core   0: 0x80005616 (0x00a00493) li      s1, 10
core   0: 3 0x80005616 (0x00a00493) x 9 0x0000000a
core   0: 0x8000561a (0x00f24533) xor     a0, tp, a5
core   0: 3 0x8000561a (0x00f24533) x10 0x80029d69
core   0: 0x8000561e (0x00a00413) li      s0, 10
core   0: 3 0x8000561e (0x00a00413) x 8 0x0000000a
core   0: 0x80005622 (0x00008e15) c.sub   a2, a3
core   0: 3 0x80005622 (0x8e15) x12 0x00000b94
core   0: 0x80005624 (0x00008ebd) c.xor   a3, a5
core   0: 3 0x80005624 (0x8ebd) x13 0x7ffd6297
core   0: 0x80005626 (0x000014dd) c.addi  s1, -9
core   0: 3 0x80005626 (0x14dd) x 9 0x00000001
core   0: 0x80005628 (0x00008e65) c.and   a2, s1
core   0: 3 0x80005628 (0x8e65) x12 0x00000000
core   0: 0x8000562a (0xfe84fce3) bgeu    s1, s0, pc - 8
core   0: 3 0x8000562a (0xfe84fce3)
core   0: 0x8000562e (0x00d6d233) srl     tp, a3, a3
core   0: 3 0x8000562e (0x00d6d233) x 4 0x000000ff
core   0: 0x80005632 (0x00008ff5) c.and   a5, a3
core   0: 3 0x80005632 (0x8ff5) x15 0x7ffd6297
core   0: 0x80005634 (0x03d88ab3) mul     s5, a7, t4
core   0: 3 0x80005634 (0x03d88ab3) x21 0x63aaee00
core   0: 0x80005638 (0x02dbb3b3) mulhu   t2, s7, a3
core   0: 3 0x80005638 (0x02dbb3b3) x 7 0x00007279
core   0: 0x8000563c (0xa829bc13) sltiu   s8, s3, -1406
core   0: 3 0x8000563c (0xa829bc13) x24 0x00000001
core   0: 0x80005640 (0x000099f6) c.add   s3, t4
core   0: 3 0x80005640 (0x99f6) x19 0x7e61033c
core   0: 0x80005642 (0x034927b3) mulhsu  a5, s2, s4
core   0: 3 0x80005642 (0x034927b3) x15 0xffff5842
core   0: 0x80005646 (0x03060fb3) mul     t6, a2, a6
core   0: 3 0x80005646 (0x03060fb3) x31 0x00000000
core   0: 0x8000564a (0x0000dddd) c.beqz  a1, pc - 66
core   0: 3 0x8000564a (0xdddd)
core   0: 0x80005608 (0x02545d33) divu    s10, s0, t0
core   0: 3 0x80005608 (0x02545d33) x26 0x00000000
core   0: 0x8000560c (0x01e18533) add     a0, gp, t5
core   0: 3 0x8000560c (0x01e18533) x10 0x0004307e
core   0: 0x80005610 (0x0133b6b3) sltu    a3, t2, s3
core   0: 3 0x80005610 (0x0133b6b3) x13 0x00000001
core   0: 0x80005614 (0x000015fd) c.addi  a1, -1
core   0: 3 0x80005614 (0x15fd) x11 0xffffffff
core   0: 0x80005616 (0x00a00493) li      s1, 10
core   0: 3 0x80005616 (0x00a00493) x 9 0x0000000a
core   0: 0x8000561a (0x00f24533) xor     a0, tp, a5
core   0: 3 0x8000561a (0x00f24533) x10 0xffff58bd
core   0: 0x8000561e (0x00a00413) li      s0, 10
core   0: 3 0x8000561e (0x00a00413) x 8 0x0000000a
core   0: 0x80005622 (0x00008e15) c.sub   a2, a3
core   0: 3 0x80005622 (0x8e15) x12 0xffffffff
core   0: 0x80005624 (0x00008ebd) c.xor   a3, a5
core   0: 3 0x80005624 (0x8ebd) x13 0xffff5843
core   0: 0x80005626 (0x000014dd) c.addi  s1, -9
core   0: 3 0x80005626 (0x14dd) x 9 0x00000001
core   0: 0x80005628 (0x00008e65) c.and   a2, s1
core   0: 3 0x80005628 (0x8e65) x12 0x00000001
core   0: 0x8000562a (0xfe84fce3) bgeu    s1, s0, pc - 8
core   0: 3 0x8000562a (0xfe84fce3)
core   0: 0x8000562e (0x00d6d233) srl     tp, a3, a3
core   0: 3 0x8000562e (0x00d6d233) x 4 0x1fffeb08
core   0: 0x80005632 (0x00008ff5) c.and   a5, a3
core   0: 3 0x80005632 (0x8ff5) x15 0xffff5842
core   0: 0x80005634 (0x03d88ab3) mul     s5, a7, t4
core   0: 3 0x80005634 (0x03d88ab3) x21 0x63aaee00
core   0: 0x80005638 (0x02dbb3b3) mulhu   t2, s7, a3
core   0: 3 0x80005638 (0x02dbb3b3) x 7 0x0000e4f7
core   0: 0x8000563c (0xa829bc13) sltiu   s8, s3, -1406
core   0: 3 0x8000563c (0xa829bc13) x24 0x00000001
core   0: 0x80005640 (0x000099f6) c.add   s3, t4
core   0: 3 0x80005640 (0x99f6) x19 0xfcc205fc
core   0: 0x80005642 (0x034927b3) mulhsu  a5, s2, s4
core   0: 3 0x80005642 (0x034927b3) x15 0xffff5842
core   0: 0x80005646 (0x03060fb3) mul     t6, a2, a6
core   0: 3 0x80005646 (0x03060fb3) x31 0xffffffb6
core   0: 0x8000564a (0x0000dddd) c.beqz  a1, pc - 66
core   0: 3 0x8000564a (0xdddd)
core   0: 0x8000564c (0x0a613513) sltiu   a0, sp, 166
core   0: 3 0x8000564c (0x0a613513) x10 0x00000000
core   0: 0x80005650 (0x0001b117) auipc   sp, 0x1b
core   0: 3 0x80005650 (0x0001b117) x 2 0x80020650
core   0: 0x80005654 (0x9b210113) addi    sp, sp, -1614
core   0: 3 0x80005654 (0x9b210113) x 2 0x80020002
core   0: 0x80005658 (0x02005033) divu    zero, zero, zero
core   0: 3 0x80005658 (0x02005033)
core   0: 0x8000565c (0x0125f533) and     a0, a1, s2
core   0: 3 0x8000565c (0x0125f533) x10 0xd7f14800
core   0: 0x80005660 (0x014045b3) xor     a1, zero, s4
core   0: 3 0x80005660 (0x014045b3) x11 0x00042fff
core   0: 0x80005664 (0x03245033) divu    zero, s0, s2
core   0: 3 0x80005664 (0x03245033)
core   0: 0x80005668 (0x00000001) c.nop
core   0: 3 0x80005668 (0x0001)
core   0: 0x8000566a (0xfe010523) sb      zero, -22(sp)
core   0: 3 0x8000566a (0xfe010523) mem 0x8001ffec 0x0
core   0: 0x8000566e (0x02c14a03) lbu     s4, 44(sp)
core   0: 3 0x8000566e (0x02c14a03) x20 0x00000023 mem 0x8002002e
core   0: 0x80005672 (0x0000056e) c.slli  a0, 27
core   0: 3 0x80005672 (0x056e) x10 0x00000000
core   0: 0x80005674 (0x400a5413) srai    s0, s4, 0
core   0: 3 0x80005674 (0x400a5413) x 8 0x00000023
core   0: 0x80005678 (0x02a5e933) rem     s2, a1, a0
core   0: 3 0x80005678 (0x02a5e933) x18 0x00042fff
core   0: 0x8000567c (0x00006975) c.lui   s2, 0x1d
core   0: 3 0x8000567c (0x6975) x18 0x0001d000
core   0: 0x8000567e (0x23b96413) ori     s0, s2, 571
core   0: 3 0x8000567e (0x23b96413) x 8 0x0001d23b
core   0: 0x80005682 (0x00a07a33) and     s4, zero, a0
core   0: 3 0x80005682 (0x00a07a33) x20 0x00000000
core   0: 0x80005686 (0x28a17a37) lui     s4, 0x28a17
core   0: 3 0x80005686 (0x28a17a37) x20 0x28a17000
core   0: 0x8000568a (0x00008421) c.srai  s0, 8
core   0: 3 0x8000568a (0x8421) x 8 0x000001d2
core   0: 0x8000568c (0x02b102a3) sb      a1, 37(sp)
core   0: 3 0x8000568c (0x02b102a3) mem 0x80020027 0xff
core   0: 0x80005690 (0x00008d8d) c.sub   a1, a1
core   0: 3 0x80005690 (0x8d8d) x11 0x00000000
core   0: 0x80005692 (0x0ff0000f) fence   iorw,iorw
core   0: 3 0x80005692 (0x0ff0000f)
core   0: 0x80005696 (0x00000001) c.nop
core   0: 3 0x80005696 (0x0001)
core   0: 0x80005698 (0x00000a09) c.addi  s4, 2
core   0: 3 0x80005698 (0x0a09) x20 0x28a17002
core   0: 0x8000569a (0x4085da33) sra     s4, a1, s0
core   0: 3 0x8000569a (0x4085da33) x20 0x00000000
core   0: 0x8000569e (0x032a3033) mulhu   zero, s4, s2
core   0: 3 0x8000569e (0x032a3033)
core   0: 0x800056a2 (0x5c6a3593) sltiu   a1, s4, 1478
core   0: 3 0x800056a2 (0x5c6a3593) x11 0x00000001
core   0: 0x800056a6 (0x0085f533) and     a0, a1, s0
core   0: 3 0x800056a6 (0x0085f533) x10 0x00000000
core   0: 0x800056aa (0x01b5d013) srli    zero, a1, 27
core   0: 3 0x800056aa (0x01b5d013)
core   0: 0x800056ae (0x00000001) c.nop
core   0: 3 0x800056ae (0x0001)
core   0: 0x800056b0 (0x66590013) addi    zero, s2, 1637
core   0: 3 0x800056b0 (0x66590013)
core   0: 0x800056b4 (0x00014503) lbu     a0, 0(sp)
core   0: 3 0x800056b4 (0x00014503) x10 0x000000b2 mem 0x80020002
core   0: 0x800056b8 (0x034415b3) mulh    a1, s0, s4
core   0: 3 0x800056b8 (0x034415b3) x11 0x00000000
core   0: 0x800056bc (0xfef14a03) lbu     s4, -17(sp)
core   0: 3 0x800056bc (0xfef14a03) x20 0x000000be mem 0x8001fff1
core   0: 0x800056c0 (0x58253a13) sltiu   s4, a0, 1410
core   0: 3 0x800056c0 (0x58253a13) x20 0x00000001
core   0: 0x800056c4 (0x00892a33) slt     s4, s2, s0
core   0: 3 0x800056c4 (0x00892a33) x20 0x00000000
core   0: 0x800056c8 (0x00b54433) xor     s0, a0, a1
core   0: 3 0x800056c8 (0x00b54433) x 8 0x000000b2
core   0: 0x800056cc (0x03210a03) lb      s4, 50(sp)
core   0: 3 0x800056cc (0x03210a03) x20 0x00000066 mem 0x80020034
core   0: 0x800056d0 (0x00012123) sw      zero, 2(sp)
core   0: 3 0x800056d0 (0x00012123) mem 0x80020004 0x00000000
core   0: 0x800056d4 (0x0000952e) c.add   a0, a1
core   0: 3 0x800056d4 (0x952e) x10 0x000000b2
core   0: 0x800056d6 (0x0000987d) c.andi  s0, -1
core   0: 3 0x800056d6 (0x987d) x 8 0x000000b2
core   0: 0x800056d8 (0x00714a03) lbu     s4, 7(sp)
core   0: 3 0x800056d8 (0x00714a03) x20 0x0000000e mem 0x80020009
core   0: 0x800056dc (0x00a10223) sb      a0, 4(sp)
core   0: 3 0x800056dc (0x00a10223) mem 0x80020006 0xb2
core   0: 0x800056e0 (0xff210423) sb      s2, -24(sp)
core   0: 3 0x800056e0 (0xff210423) mem 0x8001ffea 0x0
core   0: 0x800056e4 (0x008002ef) jal     t0, pc + 0x8
core   0: 3 0x800056e4 (0x008002ef) x 5 0x800056e8
core   0: 0x800056ec (0x00002031) c.jal   pc + 12
core   0: 3 0x800056ec (0x2031) x 1 0x800056ee
core   0: 0x800056f8 (0x00003fed) c.jal   pc - 6
core   0: 3 0x800056f8 (0x3fed) x 1 0x800056fa
core   0: 0x800056f2 (0x0000a031) c.j     pc + 12
core   0: 3 0x800056f2 (0xa031)
core   0: 0x800056fe (0x0000bff5) c.j     pc - 4
core   0: 3 0x800056fe (0xbff5)
core   0: 0x800056fa (0xfefff36f) jal     t1, pc - 0x12
core   0: 3 0x800056fa (0xfefff36f) x 6 0x800056fe
core   0: 0x800056e8 (0x0000a021) c.j     pc + 8
core   0: 3 0x800056e8 (0xa021)
core   0: 0x800056f0 (0x0000bfed) c.j     pc - 6
core   0: 3 0x800056f0 (0xbfed)
core   0: 0x800056ea (0x0000a029) c.j     pc + 10
core   0: 3 0x800056ea (0xa029)
core   0: 0x800056f4 (0xffbff0ef) jal     pc - 0x6
core   0: 3 0x800056f4 (0xffbff0ef) x 1 0x800056f8
core   0: 0x800056ee (0x00002809) c.jal   pc + 18
core   0: 3 0x800056ee (0x2809) x 1 0x800056f0
core   0: 0x80005700 (0xf6392437) lui     s0, 0xf6392
core   0: 3 0x80005700 (0xf6392437) x 8 0xf6392000
core   0: 0x80005704 (0x00015e17) auipc   t3, 0x15
core   0: 3 0x80005704 (0x00015e17) x28 0x8001a704
core   0: 0x80005708 (0x3c0e0e13) addi    t3, t3, 960
core   0: 3 0x80005708 (0x3c0e0e13) x28 0x8001aac4
core   0: 0x8000570c (0x0000b117) auipc   sp, 0xb
core   0: 3 0x8000570c (0x0000b117) x 2 0x8001070c
core   0: 0x80005710 (0x6ae10113) addi    sp, sp, 1710
core   0: 3 0x80005710 (0x6ae10113) x 2 0x80010dba
core   0: 0x80005714 (0xe3211503) lh      a0, -462(sp)
core   0: 3 0x80005714 (0xe3211503) x10 0xffffaf06 mem 0x80010bec
core   0: 0x80005718 (0xa9c11c23) sh      t3, -1384(sp)
core   0: 3 0x80005718 (0xa9c11c23) mem 0x80010852 0xaac4
core   0: 0x8000571c (0x07ce2223) sw      t3, 100(t3)
core   0: 3 0x8000571c (0x07ce2223) mem 0x8001ab28 0x8001aac4
core   0: 0x80005720 (0xfe9e0083) lb      ra, -23(t3)
core   0: 3 0x80005720 (0xfe9e0083) x 1 0x00000000 mem 0x8001aaad
core   0: 0x80005724 (0xf07e4603) lbu     a2, -249(t3)
core   0: 3 0x80005724 (0xf07e4603) x12 0x0000007e mem 0x8001a9cb
core   0: 0x80005728 (0xbe610a83) lb      s5, -1050(sp)
core   0: 3 0x80005728 (0xbe610a83) x21 0x0000007b mem 0x800109a0
core   0: 0x8000572c (0xc2314b03) lbu     s6, -989(sp)
core   0: 3 0x8000572c (0xc2314b03) x22 0x000000cb mem 0x800109dd
core   0: 0x80005730 (0xf47e09a3) sb      t2, -173(t3)
core   0: 3 0x80005730 (0xf47e09a3) mem 0x8001aa17 0xf7
core   0: 0x80005734 (0xc1d10503) lb      a0, -995(sp)
core   0: 3 0x80005734 (0xc1d10503) x10 0xffffffbb mem 0x800109d7
core   0: 0x80005738 (0xf9be0ca3) sb      s11, -103(t3)
core   0: 3 0x80005738 (0xf9be0ca3) mem 0x8001aa5d 0x99
core   0: 0x8000573c (0x0f4e0523) sb      s4, 234(t3)
core   0: 3 0x8000573c (0x0f4e0523) mem 0x8001abae 0xe
core   0: 0x80005740 (0x00500593) li      a1, 5
core   0: 3 0x80005740 (0x00500593) x11 0x00000005
core   0: 0x80005744 (0x5fc30f93) addi    t6, t1, 1532
core   0: 3 0x80005744 (0x5fc30f93) x31 0x80005cfa
core   0: 0x80005748 (0x00000001) c.nop
core   0: 3 0x80005748 (0x0001)
core   0: 0x8000574a (0x00008e65) c.and   a2, s1
core   0: 3 0x8000574a (0x8e65) x12 0x00000000
core   0: 0x8000574c (0x9a32b993) sltiu   s3, t0, -1629
core   0: 3 0x8000574c (0x9a32b993) x19 0x00000001
core   0: 0x80005750 (0x83cb4393) xori    t2, s6, -1988
core   0: 3 0x80005750 (0x83cb4393) x 7 0xfffff8f7
core   0: 0x80005754 (0x000015ed) c.addi  a1, -5
core   0: 3 0x80005754 (0x15ed) x11 0x00000000
core   0: 0x80005756 (0x00a00c13) li      s8, 10
core   0: 3 0x80005756 (0x00a00c13) x24 0x0000000a
core   0: 0x8000575a (0x000083e9) c.srli  a5, 26
core   0: 3 0x8000575a (0x83e9) x15 0x0000003f
core   0: 0x8000575c (0x00a00b13) li      s6, 10
core   0: 3 0x8000575c (0x00a00b13) x22 0x0000000a
core   0: 0x80005760 (0x0b66e793) ori     a5, a3, 182
core   0: 3 0x80005760 (0x0b66e793) x15 0xffff58f7
core   0: 0x80005764 (0x02c11eb3) mulh    t4, sp, a2
core   0: 3 0x80005764 (0x02c11eb3) x29 0x00000000
core   0: 0x80005768 (0x00001c6d) c.addi  s8, -5
core   0: 3 0x80005768 (0x1c6d) x24 0x00000005
core   0: 0x8000576a (0x0000100f) fence.i
core   0: 3 0x8000576a (0x0000100f)
core   0: 0x8000576e (0xff6c59e3) bge     s8, s6, pc - 14
core   0: 3 0x8000576e (0xff6c59e3)
core   0: 0x80005772 (0x0000fde9) c.bnez  a1, pc - 38
core   0: 3 0x80005772 (0xfde9)
core   0: 0x80005774 (0x01bb9f33) sll     t5, s7, s11
core   0: 3 0x80005774 (0x01bb9f33) x30 0xf0000000
core   0: 0x80005778 (0x0000f117) auipc   sp, 0xf
core   0: 3 0x80005778 (0x0000f117) x 2 0x80014778
core   0: 0x8000577c (0x81e10113) addi    sp, sp, -2018
core   0: 3 0x8000577c (0x81e10113) x 2 0x80013f96
core   0: 0x80005780 (0x18910903) lb      s2, 393(sp)
core   0: 3 0x80005780 (0x18910903) x18 0xffffffea mem 0x8001411f
core   0: 0x80005784 (0xf6f10003) lb      zero, -145(sp)
core   0: 3 0x80005784 (0xf6f10003) mem 0x80013f05
core   0: 0x80005788 (0x02f7aab3) mulhsu  s5, a5, a5
core   0: 3 0x80005788 (0x02f7aab3) x21 0xffff58f7
core   0: 0x8000578c (0xcff14c03) lbu     s8, -769(sp)
core   0: 3 0x8000578c (0xcff14c03) x24 0x000000bf mem 0x80013c95
core   0: 0x80005790 (0x6f208413) addi    s0, ra, 1778
core   0: 3 0x80005790 (0x6f208413) x 8 0x000006f2
core   0: 0x80005794 (0x72914d03) lbu     s10, 1833(sp)
core   0: 3 0x80005794 (0x72914d03) x26 0x0000005a mem 0x800146bf
core   0: 0x80005798 (0x00008fcd) c.or    a5, a1
core   0: 3 0x80005798 (0x8fcd) x15 0xffff58f7
core   0: 0x8000579a (0x00008ced) c.and   s1, a1
core   0: 3 0x8000579a (0x8ced) x 9 0x00000000
core   0: 0x8000579c (0x01b46e33) or      t3, s0, s11
core   0: 3 0x8000579c (0x01b46e33) x28 0x800106fb
core   0: 0x800057a0 (0x93410183) lb      gp, -1740(sp)
core   0: 3 0x800057a0 (0x93410183) x 3 0x00000077 mem 0x800138ca
core   0: 0x800057a4 (0x81c10c03) lb      s8, -2020(sp)
core   0: 3 0x800057a4 (0x81c10c03) x24 0x0000006c mem 0x800137b2
core   0: 0x800057a8 (0x8ba12f03) lw      t5, -1862(sp)
core   0: 3 0x800057a8 (0x8ba12f03) x30 0x42a0a193 mem 0x80013850
core   0: 0x800057ac (0x41eb5513) srai    a0, s6, 30
core   0: 3 0x800057ac (0x41eb5513) x10 0x00000000
core   0: 0x800057b0 (0x032ed433) divu    s0, t4, s2
core   0: 3 0x800057b0 (0x032ed433) x 8 0x00000000
core   0: 0x800057b4 (0xead10f83) lb      t6, -339(sp)
core   0: 3 0x800057b4 (0xead10f83) x31 0x00000035 mem 0x80013e43
core   0: 0x800057b8 (0x03498833) mul     a6, s3, s4
core   0: 3 0x800057b8 (0x03498833) x16 0x0000000e
core   0: 0x800057bc (0x03e27ab3) remu    s5, tp, t5
core   0: 3 0x800057bc (0x03e27ab3) x21 0x1fffeb08
core   0: 0x800057c0 (0x7bb10583) lb      a1, 1979(sp)
core   0: 3 0x800057c0 (0x7bb10583) x11 0xffffffd9 mem 0x80014751
core   0: 0x800057c4 (0x02c4f2b3) remu    t0, s1, a2
core   0: 3 0x800057c4 (0x02c4f2b3) x 5 0x00000000
core   0: 0x800057c8 (0xd109aa13) slti    s4, s3, -752
core   0: 3 0x800057c8 (0xd109aa13) x20 0x00000000
core   0: 0x800057cc (0x2ac10983) lb      s3, 684(sp)
core   0: 3 0x800057cc (0x2ac10983) x19 0x00000040 mem 0x80014242
core   0: 0x800057d0 (0x6ca104a3) sb      a0, 1737(sp)
core   0: 3 0x800057d0 (0x6ca104a3) mem 0x8001465f 0x0
core   0: 0x800057d4 (0xe3e11783) lh      a5, -450(sp)
core   0: 3 0x800057d4 (0xe3e11783) x15 0x00005a57 mem 0x80013dd4
core   0: 0x800057d8 (0x68511623) sh      t0, 1676(sp)
core   0: 3 0x800057d8 (0x68511623) mem 0x80014622 0x0000
core   0: 0x800057dc (0x000094da) c.add   s1, s6
core   0: 3 0x800057dc (0x94da) x 9 0x0000000a
core   0: 0x800057de (0x2db94393) xori    t2, s2, 731
core   0: 3 0x800057de (0x2db94393) x 7 0xfffffd31
core   0: 0x800057e2 (0x039ac9b3) div     s3, s5, s9
core   0: 3 0x800057e2 (0x039ac9b3) x19 0x00000000
core   0: 0x800057e6 (0x03df73b3) remu    t2, t5, t4
core   0: 3 0x800057e6 (0x03df73b3) x 7 0x42a0a193
core   0: 0x800057ea (0x0000680d) c.lui   a6, 0x3
core   0: 3 0x800057ea (0x680d) x16 0x00003000
core   0: 0x800057ec (0x70e14e83) lbu     t4, 1806(sp)
core   0: 3 0x800057ec (0x70e14e83) x29 0x000000d2 mem 0x800146a4
core   0: 0x800057f0 (0x40505533) sra     a0, zero, t0
core   0: 3 0x800057f0 (0x40505533) x10 0x00000000
core   0: 0x800057f4 (0x03af0ab3) mul     s5, t5, s10
core   0: 3 0x800057f4 (0x03af0ab3) x21 0x6c78cdae
core   0: 0x800057f8 (0x002855b3) srl     a1, a6, sp
core   0: 3 0x800057f8 (0x002855b3) x11 0x00000000
core   0: 0x800057fc (0xf2614683) lbu     a3, -218(sp)
core   0: 3 0x800057fc (0xf2614683) x13 0x0000008f mem 0x80013ebc
core   0: 0x80005800 (0x94010683) lb      a3, -1728(sp)
core   0: 3 0x80005800 (0x94010683) x13 0xffffffd9 mem 0x800138d6
core   0: 0x80005804 (0x96310f23) sb      gp, -1666(sp)
core   0: 3 0x80005804 (0x96310f23) mem 0x80013914 0x77
core   0: 0x80005808 (0x47514f03) lbu     t5, 1141(sp)
core   0: 3 0x80005808 (0x47514f03) x30 0x000000e1 mem 0x8001440b
core   0: 0x8000580c (0x000085d5) c.srai  a1, 21
core   0: 3 0x8000580c (0x85d5) x11 0x00000000
core   0: 0x8000580e (0xc5597e13) andi    t3, s2, -939
core   0: 3 0x8000580e (0xc5597e13) x28 0xfffffc40
core   0: 0x80005812 (0x015c8533) add     a0, s9, s5
core   0: 3 0x80005812 (0x015c8533) x10 0xec78cdae
core   0: 0x80005816 (0x15a10423) sb      s10, 328(sp)
core   0: 3 0x80005816 (0x15a10423) mem 0x800140de 0x5a
core   0: 0x8000581a (0x03bbae33) mulhsu  t3, s7, s11
core   0: 3 0x8000581a (0x03bbae33) x28 0x0000727c
core   0: 0x8000581e (0x698101a3) sb      s8, 1667(sp)
core   0: 3 0x8000581e (0x698101a3) mem 0x80014619 0x6c
core   0: 0x80005822 (0x01fae6b3) or      a3, s5, t6
core   0: 3 0x80005822 (0x01fae6b3) x13 0x6c78cdbf
core   0: 0x80005826 (0xcdf14303) lbu     t1, -801(sp)
core   0: 3 0x80005826 (0xcdf14303) x 6 0x00000017 mem 0x80013c75
core   0: 0x8000582a (0x00016e97) auipc   t4, 0x16
core   0: 3 0x8000582a (0x00016e97) x29 0x8001b82a
core   0: 0x8000582e (0x3dbe8e93) addi    t4, t4, 987
core   0: 3 0x8000582e (0x3dbe8e93) x29 0x8001bc05
core   0: 0x80005832 (0xf09ed303) lhu     t1, -247(t4)
core   0: 3 0x80005832 (0xf09ed303) x 6 0x00008d6b mem 0x8001bb0e
core   0: 0x80005836 (0x019640b3) xor     ra, a2, s9
core   0: 3 0x80005836 (0x019640b3) x 1 0x80000000
core   0: 0x8000583a (0x00ae8f23) sb      a0, 30(t4)
core   0: 3 0x8000583a (0x00ae8f23) mem 0x8001bc23 0xae
core   0: 0x8000583e (0xf43edc03) lhu     s8, -189(t4)
core   0: 3 0x8000583e (0xf43edc03) x24 0x000062ae mem 0x8001bb48
core   0: 0x80005842 (0xf43ec103) lbu     sp, -189(t4)
core   0: 3 0x80005842 (0xf43ec103) x 2 0x000000ae mem 0x8001bb48
core   0: 0x80005846 (0x0a4e8723) sb      tp, 174(t4)
core   0: 3 0x80005846 (0x0a4e8723) mem 0x8001bcb3 0x8
core   0: 0x8000584a (0x0f3ea783) lw      a5, 243(t4)
core   0: 3 0x8000584a (0x0f3ea783) x15 0x3d51d904 mem 0x8001bcf8
core   0: 0x8000584e (0x0000161c) c.addi4spn a5, sp, 800
core   0: 3 0x8000584e (0x161c) x15 0x000003ce
core   0: 0x80005850 (0x01ce8283) lb      t0, 28(t4)
core   0: 3 0x80005850 (0x01ce8283) x 5 0x0000000d mem 0x8001bc21
core   0: 0x80005854 (0xfb2e8b03) lb      s6, -78(t4)
core   0: 3 0x80005854 (0xfb2e8b03) x22 0xffffffdb mem 0x8001bbb7
core   0: 0x80005858 (0x0d1e8d23) sb      a7, 218(t4)
core   0: 3 0x80005858 (0x0d1e8d23) mem 0x8001bcdf 0x28
core   0: 0x8000585c (0x0dae8983) lb      s3, 218(t4)
core   0: 3 0x8000585c (0x0dae8983) x19 0x00000028 mem 0x8001bcdf
core   0: 0x80005860 (0x0b7e8723) sb      s7, 174(t4)
core   0: 3 0x80005860 (0x0b7e8723) mem 0x8001bcb3 0xf8
core   0: 0x80005864 (0x0aee8503) lb      a0, 174(t4)
core   0: 3 0x80005864 (0x0aee8503) x10 0xfffffff8 mem 0x8001bcb3
core   0: 0x80005868 (0x0ade8723) sb      a3, 174(t4)
core   0: 3 0x80005868 (0x0ade8723) mem 0x8001bcb3 0xbf
core   0: 0x8000586c (0xfcae9aa3) sh      a0, -43(t4)
core   0: 3 0x8000586c (0xfcae9aa3) mem 0x8001bbda 0xfff8
core   0: 0x80005870 (0x01e03333) snez    t1, t5
core   0: 3 0x80005870 (0x01e03333) x 6 0x00000001
core   0: 0x80005874 (0x04aecd83) lbu     s11, 74(t4)
core   0: 3 0x80005874 (0x04aecd83) x27 0x00000095 mem 0x8001bc4f
core   0: 0x80005878 (0xf29ecf83) lbu     t6, -215(t4)
core   0: 3 0x80005878 (0xf29ecf83) x31 0x00000069 mem 0x8001bb2e
core   0: 0x8000587c (0xf29ec383) lbu     t2, -215(t4)
core   0: 3 0x8000587c (0xf29ec383) x 7 0x00000069 mem 0x8001bb2e
core   0: 0x80005880 (0xf37e84a3) sb      s7, -215(t4)
core   0: 3 0x80005880 (0xf37e84a3) mem 0x8001bb2e 0xf8
core   0: 0x80005884 (0xfc2e8823) sb      sp, -48(t4)
core   0: 3 0x80005884 (0xfc2e8823) mem 0x8001bbd5 0xae
core   0: 0x80005888 (0xfd0e8f83) lb      t6, -48(t4)
core   0: 3 0x80005888 (0xfd0e8f83) x31 0xffffffae mem 0x8001bbd5
core   0: 0x8000588c (0x0001b117) auipc   sp, 0x1b
core   0: 3 0x8000588c (0x0001b117) x 2 0x8002088c
core   0: 0x80005890 (0x07610113) addi    sp, sp, 118
core   0: 3 0x80005890 (0x07610113) x 2 0x80020902
core   0: 0x80005894 (0x000002d6) c.slli  t0, 21
core   0: 3 0x80005894 (0x02d6) x 5 0x01a00000
core   0: 0x80005896 (0x000065e9) c.lui   a1, 0x1a
core   0: 3 0x80005896 (0x65e9) x11 0x0001a000
core   0: 0x80005898 (0x0e510ba3) sb      t0, 247(sp)
core   0: 3 0x80005898 (0x0e510ba3) mem 0x800209f9 0x0
core   0: 0x8000589c (0xcbb10503) lb      a0, -837(sp)
core   0: 3 0x8000589c (0xcbb10503) x10 0x00000044 mem 0x800205bd
core   0: 0x800058a0 (0xa4b11723) sh      a1, -1458(sp)
core   0: 3 0x800058a0 (0xa4b11723) mem 0x80020350 0xa000
core   0: 0x800058a4 (0x0250c0b3) div     ra, ra, t0
core   0: 3 0x800058a4 (0x0250c0b3) x 1 0xffffffb2
core   0: 0x800058a8 (0x000093aa) c.add   t2, a0
core   0: 3 0x800058a8 (0x93aa) x 7 0x000000ad
core   0: 0x800058aa (0x20510aa3) sb      t0, 533(sp)
core   0: 3 0x800058aa (0x20510aa3) mem 0x80020b17 0x0
core   0: 0x800058ae (0x8d210f83) lb      t6, -1838(sp)
core   0: 3 0x800058ae (0x8d210f83) x31 0x00000037 mem 0x800201d4
core   0: 0x800058b2 (0x00b393b3) sll     t2, t2, a1
core   0: 3 0x800058b2 (0x00b393b3) x 7 0x000000ad
core   0: 0x800058b6 (0x8e110f83) lb      t6, -1823(sp)
core   0: 3 0x800058b6 (0x8e110f83) x31 0x0000000e mem 0x800201e3
core   0: 0x800058ba (0x01f55fb3) srl     t6, a0, t6
core   0: 3 0x800058ba (0x01f55fb3) x31 0x00000000
core   0: 0x800058be (0x4185df93) srai    t6, a1, 24
core   0: 3 0x800058be (0x4185df93) x31 0x00000000
core   0: 0x800058c2 (0x00000fce) c.slli  t6, 19
core   0: 3 0x800058c2 (0x0fce) x31 0x00000000
core   0: 0x800058c4 (0xdec0af93) slti    t6, ra, -532
core   0: 3 0x800058c4 (0xdec0af93) x31 0x00000000
core   0: 0x800058c8 (0x89c10583) lb      a1, -1892(sp)
core   0: 3 0x800058c8 (0x89c10583) x11 0xffffffce mem 0x8002019e
core   0: 0x800058cc (0x73215583) lhu     a1, 1842(sp)
core   0: 3 0x800058cc (0x73215583) x11 0x000036a0 mem 0x80021034
core   0: 0x800058d0 (0x00000001) c.nop
core   0: 3 0x800058d0 (0x0001)
core   0: 0x800058d2 (0x32a14f83) lbu     t6, 810(sp)
core   0: 3 0x800058d2 (0x32a14f83) x31 0x0000007c mem 0x80020c2c
core   0: 0x800058d6 (0x00108fb3) add     t6, ra, ra
core   0: 3 0x800058d6 (0x00108fb3) x31 0xffffff64
core   0: 0x800058da (0x1ed10083) lb      ra, 493(sp)
core   0: 3 0x800058da (0x1ed10083) x 1 0x0000006c mem 0x80020aef
core   0: 0x800058de (0x000003a6) c.slli  t2, 9
core   0: 3 0x800058de (0x03a6) x 7 0x00015a00
core   0: 0x800058e0 (0x000000cd) c.addi  ra, 19
core   0: 3 0x800058e0 (0x00cd) x 1 0x0000007f
core   0: 0x800058e2 (0x0012a3b3) slt     t2, t0, ra
core   0: 3 0x800058e2 (0x0012a3b3) x 7 0x00000000
core   0: 0x800058e6 (0xd3c14283) lbu     t0, -708(sp)
core   0: 3 0x800058e6 (0xd3c14283) x 5 0x000000c8 mem 0x8002063e
core   0: 0x800058ea (0x04d14083) lbu     ra, 77(sp)
core   0: 3 0x800058ea (0x04d14083) x 1 0x00000087 mem 0x8002094f
core   0: 0x800058ee (0x7b057f93) andi    t6, a0, 1968
core   0: 3 0x800058ee (0x7b057f93) x31 0x00000000
core   0: 0x800058f2 (0xcf011083) lh      ra, -784(sp)
core   0: 3 0x800058f2 (0xcf011083) x 1 0x00004cbe mem 0x800205f2
core   0: 0x800058f6 (0xcc110fa3) sb      ra, -801(sp)
core   0: 3 0x800058f6 (0xcc110fa3) mem 0x800205e1 0xbe
core   0: 0x800058fa (0x0000100f) fence.i
core   0: 3 0x800058fa (0x0000100f)
core   0: 0x800058fe (0x0000100f) fence.i
core   0: 3 0x800058fe (0x0000100f)
core   0: 0x80005902 (0x31a3ef93) ori     t6, t2, 794
core   0: 3 0x80005902 (0x31a3ef93) x31 0x0000031a
core   0: 0x80005906 (0x4000d513) srai    a0, ra, 0
core   0: 3 0x80005906 (0x4000d513) x10 0x00004cbe
core   0: 0x8000590a (0x02552533) mulhsu  a0, a0, t0
core   0: 3 0x8000590a (0x02552533) x10 0x00000000
core   0: 0x8000590e (0x1bf101a3) sb      t6, 419(sp)
core   0: 3 0x8000590e (0x1bf101a3) mem 0x80020aa5 0x1a
core   0: 0x80005912 (0x50611383) lh      t2, 1286(sp)
core   0: 3 0x80005912 (0x50611383) x 7 0x00002015 mem 0x80020e08
core   0: 0x80005916 (0x3b114283) lbu     t0, 945(sp)
core   0: 3 0x80005916 (0x3b114283) x 5 0x000000db mem 0x80020cb3
core   0: 0x8000591a (0x0000b117) auipc   sp, 0xb
core   0: 3 0x8000591a (0x0000b117) x 2 0x8001091a
core   0: 0x8000591e (0x03010113) addi    sp, sp, 48
core   0: 3 0x8000591e (0x03010113) x 2 0x8001094a
core   0: 0x80005922 (0xc3b97593) andi    a1, s2, -965
core   0: 3 0x80005922 (0xc3b97593) x11 0xfffffc2a
core   0: 0x80005926 (0x012108a3) sb      s2, 17(sp)
core   0: 3 0x80005926 (0x012108a3) mem 0x8001095b 0xea
core   0: 0x8000592a (0x00c10903) lb      s2, 12(sp)
core   0: 3 0x8000592a (0x00c10903) x18 0xffffffda mem 0x80010956
core   0: 0x8000592e (0xff314583) lbu     a1, -13(sp)
core   0: 3 0x8000592e (0xff314583) x11 0x00000075 mem 0x8001093d
core   0: 0x80005932 (0xfc015a83) lhu     s5, -64(sp)
core   0: 3 0x80005932 (0xfc015a83) x21 0x0000a510 mem 0x8001090a
core   0: 0x80005936 (0x45d97993) andi    s3, s2, 1117
core   0: 3 0x80005936 (0x45d97993) x19 0x00000458
core   0: 0x8000593a (0x00e10903) lb      s2, 14(sp)
core   0: 3 0x8000593a (0x00e10903) x18 0x00000037 mem 0x80010958
core   0: 0x8000593e (0xfea11583) lh      a1, -22(sp)
core   0: 3 0x8000593e (0xfea11583) x11 0xffffdd07 mem 0x80010934
core   0: 0x80005942 (0x0001dab3) srl     s5, gp, zero
core   0: 3 0x80005942 (0x0001dab3) x21 0x00000077
core   0: 0x80005946 (0xa4096597) auipc   a1, 0xa4096
core   0: 3 0x80005946 (0xa4096597) x11 0x2409b946
core   0: 0x8000594a (0xfc314003) lbu     zero, -61(sp)
core   0: 3 0x8000594a (0xfc314003) mem 0x8001090d
core   0: 0x8000594e (0x02411983) lh      s3, 36(sp)
core   0: 3 0x8000594e (0x02411983) x19 0xffffd560 mem 0x8001096e
core   0: 0x80005952 (0x00058033) add     zero, a1, zero
core   0: 3 0x80005952 (0x00058033)
core   0: 0x80005956 (0xff514583) lbu     a1, -11(sp)
core   0: 3 0x80005956 (0xff514583) x11 0x00000000 mem 0x8001093f
core   0: 0x8000595a (0x17d7e937) lui     s2, 0x17d7e
core   0: 3 0x8000595a (0x17d7e937) x18 0x17d7e000
core   0: 0x8000595e (0x03591033) mulh    zero, s2, s5
core   0: 3 0x8000595e (0x03591033)
core   0: 0x80005962 (0x00009a8e) c.add   s5, gp
core   0: 3 0x80005962 (0x9a8e) x21 0x000000ee
core   0: 0x80005964 (0xfd314a83) lbu     s5, -45(sp)
core   0: 3 0x80005964 (0xfd314a83) x21 0x0000004c mem 0x8001091d
core   0: 0x80005968 (0xfc310003) lb      zero, -61(sp)
core   0: 3 0x80005968 (0xfc310003) mem 0x8001090d
core   0: 0x8000596c (0x3291b993) sltiu   s3, gp, 809
core   0: 3 0x8000596c (0x3291b993) x19 0x00000001
core   0: 0x80005970 (0x03710003) lb      zero, 55(sp)
core   0: 3 0x80005970 (0x03710003) mem 0x80010981
core   0: 0x80005974 (0x00f10903) lb      s2, 15(sp)
core   0: 3 0x80005974 (0x00f10903) x18 0x00000071 mem 0x80010959
core   0: 0x80005978 (0x01d14a83) lbu     s5, 29(sp)
core   0: 3 0x80005978 (0x01d14a83) x21 0x00000049 mem 0x80010967
core   0: 0x8000597c (0xfeb11423) sh      a1, -24(sp)
core   0: 3 0x8000597c (0xfeb11423) mem 0x80010932 0x0000
core   0: 0x80005980 (0xff2101a3) sb      s2, -29(sp)
core   0: 3 0x80005980 (0xff2101a3) mem 0x8001092d 0x71
core   0: 0x80005984 (0xfef10583) lb      a1, -17(sp)
core   0: 3 0x80005984 (0xfef10583) x11 0x00000003 mem 0x80010939
core   0: 0x80005988 (0x00000001) c.nop
core   0: 3 0x80005988 (0x0001)
core   0: 0x8000598a (0x02a10a83) lb      s5, 42(sp)
core   0: 3 0x8000598a (0x02a10a83) x21 0xffffffad mem 0x80010974
core   0: 0x8000598e (0xfdc11903) lh      s2, -36(sp)
core   0: 3 0x8000598e (0xfdc11903) x18 0xfffff7b2 mem 0x80010926
core   0: 0x80005992 (0x00008ded) c.and   a1, a1
core   0: 3 0x80005992 (0x8ded) x11 0x00000003
core   0: 0x80005994 (0x00002933) slt     s2, zero, zero
core   0: 3 0x80005994 (0x00002933) x18 0x00000000
core   0: 0x80005998 (0x02114003) lbu     zero, 33(sp)
core   0: 3 0x80005998 (0x02114003) mem 0x8001096b
core   0: 0x8000599c (0xfd510323) sb      s5, -58(sp)
core   0: 3 0x8000599c (0xfd510323) mem 0x80010910 0xad
core   0: 0x800059a0 (0xfff10003) lb      zero, -1(sp)
core   0: 3 0x800059a0 (0xfff10003) mem 0x80010949
core   0: 0x800059a4 (0x026002ef) jal     t0, pc + 0x26
core   0: 3 0x800059a4 (0x026002ef) x 5 0x800059a8
core   0: 0x800059ca (0x000037f5) c.jal   pc - 20
core   0: 3 0x800059ca (0x37f5) x 1 0x800059cc
core   0: 0x800059b6 (0x008001ef) jal     gp, pc + 0x8
core   0: 3 0x800059b6 (0x008001ef) x 3 0x800059ba
core   0: 0x800059be (0x012006ef) jal     a3, pc + 0x12
core   0: 3 0x800059be (0x012006ef) x13 0x800059c2
core   0: 0x800059d0 (0x0000bfe9) c.j     pc - 38
core   0: 3 0x800059d0 (0xbfe9)
core   0: 0x800059aa (0x00002081) c.jal   pc + 64
core   0: 3 0x800059aa (0x2081) x 1 0x800059ac
core   0: 0x800059ea (0xff3ff0ef) jal     pc - 0xe
core   0: 3 0x800059ea (0xff3ff0ef) x 1 0x800059ee
core   0: 0x800059dc (0x0000a019) c.j     pc + 6
core   0: 3 0x800059dc (0xa019)
core   0: 0x800059e2 (0xfcbffc6f) jal     s8, pc - 0x36
core   0: 3 0x800059e2 (0xfcbffc6f) x24 0x800059e6
core   0: 0x800059ac (0x028000ef) jal     pc + 0x28
core   0: 3 0x800059ac (0x028000ef) x 1 0x800059b0
core   0: 0x800059d4 (0x00002029) c.jal   pc + 10
core   0: 3 0x800059d4 (0x2029) x 1 0x800059d6
core   0: 0x800059de (0xfcbff2ef) jal     t0, pc - 0x36
core   0: 3 0x800059de (0xfcbff2ef) x 5 0x800059e2
core   0: 0x800059a8 (0x0000a809) c.j     pc + 18
core   0: 3 0x800059a8 (0xa809)
core   0: 0x800059ba (0xffbff0ef) jal     pc - 0x6
core   0: 3 0x800059ba (0xffbff0ef) x 1 0x800059be
core   0: 0x800059b4 (0x0000a801) c.j     pc + 16
core   0: 3 0x800059b4 (0xa801)
core   0: 0x800059c4 (0x0000a819) c.j     pc + 22
core   0: 3 0x800059c4 (0xa819)
core   0: 0x800059da (0x0000a031) c.j     pc + 12
core   0: 3 0x800059da (0xa031)
core   0: 0x800059e6 (0xfcbff0ef) jal     pc - 0x36
core   0: 3 0x800059e6 (0xfcbff0ef) x 1 0x800059ea
core   0: 0x800059b0 (0x0000283d) c.jal   pc + 62
core   0: 3 0x800059b0 (0x283d) x 1 0x800059b2
core   0: 0x800059ee (0xfe9fffef) jal     t6, pc - 0x18
core   0: 3 0x800059ee (0xfe9fffef) x31 0x800059f2
core   0: 0x800059d6 (0x0000bfc5) c.j     pc - 16
core   0: 3 0x800059d6 (0xbfc5)
core   0: 0x800059c6 (0x00600c6f) jal     s8, pc + 0x6
core   0: 3 0x800059c6 (0x00600c6f) x24 0x800059ca
core   0: 0x800059cc (0x00003fdd) c.jal   pc - 10
core   0: 3 0x800059cc (0x3fdd) x 1 0x800059ce
core   0: 0x800059c2 (0x0000a031) c.j     pc + 12
core   0: 3 0x800059c2 (0xa031)
core   0: 0x800059ce (0x000037d5) c.jal   pc - 28
core   0: 3 0x800059ce (0x37d5) x 1 0x800059d0
core   0: 0x800059b2 (0x00002005) c.jal   pc + 32
core   0: 3 0x800059b2 (0x2005) x 1 0x800059b4
core   0: 0x800059d2 (0x0000a019) c.j     pc + 6
core   0: 3 0x800059d2 (0xa019)
core   0: 0x800059d8 (0x00002829) c.jal   pc + 26
core   0: 3 0x800059d8 (0x2829) x 1 0x800059da
core   0: 0x800059f2 (0x00008595) c.srai  a1, 5
core   0: 3 0x800059f2 (0x8595) x11 0x00000000
core   0: 0x800059f4 (0x00014d97) auipc   s11, 0x14
core   0: 3 0x800059f4 (0x00014d97) x27 0x800199f4
core   0: 0x800059f8 (0xd70d8d93) addi    s11, s11, -656
core   0: 3 0x800059f8 (0xd70d8d93) x27 0x80019764
core   0: 0x800059fc (0x0000be17) auipc   t3, 0xb
core   0: 3 0x800059fc (0x0000be17) x28 0x800109fc
core   0: 0x80005a00 (0x2d6e0e13) addi    t3, t3, 726
core   0: 3 0x80005a00 (0x2d6e0e13) x28 0x80010cd2
core   0: 0x80005a04 (0xf91e0183) lb      gp, -111(t3)
core   0: 3 0x80005a04 (0xf91e0183) x 3 0xffffff88 mem 0x80010c63
core   0: 0x80005a08 (0xf35e04a3) sb      s5, -215(t3)
core   0: 3 0x80005a08 (0xf35e04a3) mem 0x80010bfb 0xad
core   0: 0x80005a0c (0x267dcf03) lbu     t5, 615(s11)
core   0: 3 0x80005a0c (0x267dcf03) x30 0x00000009 mem 0x800199cb
core   0: 0x80005a10 (0x03ee1983) lh      s3, 62(t3)
core   0: 3 0x80005a10 (0x03ee1983) x19 0xffffc50f mem 0x80010d10
core   0: 0x80005a14 (0x8f9d9b23) sh      s9, -1802(s11)
core   0: 3 0x80005a14 (0x8f9d9b23) mem 0x8001905a 0x0000
core   0: 0x80005a18 (0x079e1523) sh      s9, 106(t3)
core   0: 3 0x80005a18 (0x079e1523) mem 0x80010d3c 0x0000
core   0: 0x80005a1c (0x0c2e2083) lw      ra, 194(t3)
core   0: 3 0x80005a1c (0x0c2e2083) x 1 0x6c3132bb mem 0x80010d94
core   0: 0x80005a20 (0xfb0e00a3) sb      a6, -95(t3)
core   0: 3 0x80005a20 (0xfb0e00a3) mem 0x80010c73 0x0
core   0: 0x80005a24 (0x5cfdc403) lbu     s0, 1487(s11)
core   0: 3 0x80005a24 (0x5cfdc403) x 8 0x00000071 mem 0x80019d33
core   0: 0x80005a28 (0x044e0723) sb      tp, 78(t3)
core   0: 3 0x80005a28 (0x044e0723) mem 0x80010d20 0x8
core   0: 0x80005a2c (0x09ee0583) lb      a1, 158(t3)
core   0: 3 0x80005a2c (0x09ee0583) x11 0x00000029 mem 0x80010d70
core   0: 0x80005a30 (0xc58da003) lw      zero, -936(s11)
core   0: 3 0x80005a30 (0xc58da003) mem 0x800193bc
core   0: 0x80005a34 (0x7fdd9223) sh      t4, 2020(s11)
core   0: 3 0x80005a34 (0x7fdd9223) mem 0x80019f48 0xbc05
core   0: 0x80005a38 (0x01be2723) sw      s11, 14(t3)
core   0: 3 0x80005a38 (0x01be2723) mem 0x80010ce0 0x80019764
core   0: 0x80005a3c (0x0000b097) auipc   ra, 0xb
core   0: 3 0x80005a3c (0x0000b097) x 1 0x80010a3c
core   0: 0x80005a40 (0x81e08093) addi    ra, ra, -2018
core   0: 3 0x80005a40 (0x81e08093) x 1 0x8001025a
core   0: 0x80005a44 (0x00016f97) auipc   t6, 0x16
core   0: 3 0x80005a44 (0x00016f97) x31 0x8001ba44
core   0: 0x80005a48 (0xe14f8f93) addi    t6, t6, -492
core   0: 3 0x80005a48 (0xe14f8f93) x31 0x8001b858
core   0: 0x80005a4c (0xfce0c783) lbu     a5, -50(ra)
core   0: 3 0x80005a4c (0xfce0c783) x15 0x000000aa mem 0x80010228
core   0: 0x80005a50 (0x02808903) lb      s2, 40(ra)
core   0: 3 0x80005a50 (0x02808903) x18 0x00000050 mem 0x80010282
core   0: 0x80005a54 (0xff7f8403) lb      s0, -9(t6)
core   0: 3 0x80005a54 (0xff7f8403) x 8 0xffffff8d mem 0x8001b84f
core   0: 0x80005a58 (0xfc2f9103) lh      sp, -62(t6)
core   0: 3 0x80005a58 (0xfc2f9103) x 2 0xffffa3af mem 0x8001b81a
core   0: 0x80005a5c (0x03409683) lh      a3, 52(ra)
core   0: 3 0x80005a5c (0x03409683) x13 0x0000274c mem 0x8001028e
core   0: 0x80005a60 (0x023089a3) sb      gp, 51(ra)
core   0: 3 0x80005a60 (0x023089a3) mem 0x8001028d 0x88
core   0: 0x80005a64 (0x00009c03) lh      s8, 0(ra)
core   0: 3 0x80005a64 (0x00009c03) x24 0xffffe85a mem 0x8001025a
core   0: 0x80005a68 (0xff7f8e83) lb      t4, -9(t6)
core   0: 3 0x80005a68 (0xff7f8e83) x29 0xffffff8d mem 0x8001b84f
core   0: 0x80005a6c (0xfc10c103) lbu     sp, -63(ra)
core   0: 3 0x80005a6c (0xfc10c103) x 2 0x00000051 mem 0x8001021b
core   0: 0x80005a70 (0x026fc103) lbu     sp, 38(t6)
core   0: 3 0x80005a70 (0x026fc103) x 2 0x0000002b mem 0x8001b87e
core   0: 0x80005a74 (0x00a0c583) lbu     a1, 10(ra)
core   0: 3 0x80005a74 (0x00a0c583) x11 0x000000f8 mem 0x80010264
core   0: 0x80005a78 (0xfd508a03) lb      s4, -43(ra)
core   0: 3 0x80005a78 (0xfd508a03) x20 0xfffffff8 mem 0x8001022f
core   0: 0x80005a7c (0xfce0ab83) lw      s7, -50(ra)
core   0: 3 0x80005a7c (0xfce0ab83) x23 0x9b9664aa mem 0x80010228
core   0: 0x80005a80 (0xfd5f8ea3) sb      s5, -35(t6)
core   0: 3 0x80005a80 (0xfd5f8ea3) mem 0x8001b835 0xad
core   0: 0x80005a84 (0xfccf8b23) sb      a2, -42(t6)
core   0: 3 0x80005a84 (0xfccf8b23) mem 0x8001b82e 0x0
core   0: 0x80005a88 (0x0000fe17) auipc   t3, 0xf
core   0: 3 0x80005a88 (0x0000fe17) x28 0x80014a88
core   0: 0x80005a8c (0x28be0e13) addi    t3, t3, 651
core   0: 3 0x80005a8c (0x28be0e13) x28 0x80014d13
core   0: 0x80005a90 (0x00008c89) c.sub   s1, a0
core   0: 3 0x80005a90 (0x8c89) x 9 0x0000000a
core   0: 0x80005a92 (0x41de5a33) sra     s4, t3, t4
core   0: 3 0x80005a92 (0x41de5a33) x20 0xfffc000a
core   0: 0x80005a96 (0x3c3a3e93) sltiu   t4, s4, 963
core   0: 3 0x80005a96 (0x3c3a3e93) x29 0x00000000
core   0: 0x80005a9a (0x0000717d) c.addi16sp sp, -16
core   0: 3 0x80005a9a (0x717d) x 2 0x0000001b
core   0: 0x80005a9c (0x08fe5503) lhu     a0, 143(t3)
core   0: 3 0x80005a9c (0x08fe5503) x10 0x0000c6eb mem 0x80014da2
core   0: 0x80005aa0 (0x735a3a13) sltiu   s4, s4, 1845
core   0: 3 0x80005aa0 (0x735a3a13) x20 0x00000000
core   0: 0x80005aa4 (0x00008f8d) c.sub   a5, a1
core   0: 3 0x80005aa4 (0x8f8d) x15 0xffffffb2
core   0: 0x80005aa6 (0x01ccd7b3) srl     a5, s9, t3
core   0: 3 0x80005aa6 (0x01ccd7b3) x15 0x00001000
core   0: 0x80005aaa (0x01613033) sltu    zero, sp, s6
core   0: 3 0x80005aaa (0x01613033)
core   0: 0x80005aae (0x00008eee) c.mv    t4, s11
core   0: 3 0x80005aae (0x8eee) x29 0x80019764
core   0: 0x80005ab0 (0x04be0f83) lb      t6, 75(t3)
core   0: 3 0x80005ab0 (0x04be0f83) x31 0x00000047 mem 0x80014d5e
core   0: 0x80005ab4 (0xf46e4083) lbu     ra, -186(t3)
core   0: 3 0x80005ab4 (0xf46e4083) x 1 0x0000009f mem 0x80014c59
core   0: 0x80005ab8 (0x000010fd) c.addi  ra, -1
core   0: 3 0x80005ab8 (0x10fd) x 1 0x0000009e
core   0: 0x80005aba (0x031e4783) lbu     a5, 49(t3)
core   0: 3 0x80005aba (0x031e4783) x15 0x000000a2 mem 0x80014d44
core   0: 0x80005abe (0x1ed8a693) slti    a3, a7, 493
core   0: 3 0x80005abe (0x1ed8a693) x13 0x00000001
core   0: 0x80005ac2 (0xfe0e4683) lbu     a3, -32(t3)
core   0: 3 0x80005ac2 (0xfe0e4683) x13 0x00000041 mem 0x80014cf3
core   0: 0x80005ac6 (0x01318333) add     t1, gp, s3
core   0: 3 0x80005ac6 (0x01318333) x 6 0xffffc497
core   0: 0x80005aca (0xff4e0d03) lb      s10, -12(t3)
core   0: 3 0x80005aca (0xff4e0d03) x26 0x00000038 mem 0x80014d07
core   0: 0x80005ace (0x03b55a33) divu    s4, a0, s11
core   0: 3 0x80005ace (0x03b55a33) x20 0x00000000
core   0: 0x80005ad2 (0xff1e4f03) lbu     t5, -15(t3)
core   0: 3 0x80005ad2 (0xff1e4f03) x30 0x000000bb mem 0x80014d04
core   0: 0x80005ad6 (0xf0de0523) sb      a3, -246(t3)
core   0: 3 0x80005ad6 (0xf0de0523) mem 0x80014c1d 0x41
core   0: 0x80005ada (0x0000100f) fence.i
core   0: 3 0x80005ada (0x0000100f)
core   0: 0x80005ade (0x0fae15a3) sh      s10, 235(t3)
core   0: 3 0x80005ade (0x0fae15a3) mem 0x80014dfe 0x0038
core   0: 0x80005ae2 (0xf28e4103) lbu     sp, -216(t3)
core   0: 3 0x80005ae2 (0xf28e4103) x 2 0x0000001d mem 0x80014c3b
core   0: 0x80005ae6 (0xf83e0c03) lb      s8, -125(t3)
core   0: 3 0x80005ae6 (0xf83e0c03) x24 0x0000007f mem 0x80014c96
core   0: 0x80005aea (0x00008a99) c.andi  a3, 6
core   0: 3 0x80005aea (0x8a99) x13 0x00000000
core   0: 0x80005aec (0x40da5033) sra     zero, s4, a3
core   0: 3 0x80005aec (0x40da5033)
core   0: 0x80005af0 (0xf1de0b23) sb      t4, -234(t3)
core   0: 3 0x80005af0 (0xf1de0b23) mem 0x80014c29 0x64
core   0: 0x80005af4 (0x00ad4933) xor     s2, s10, a0
core   0: 3 0x80005af4 (0x00ad4933) x18 0x0000c6d3
core   0: 0x80005af8 (0x06ae0403) lb      s0, 106(t3)
core   0: 3 0x80005af8 (0x06ae0403) x 8 0xffffffd6 mem 0x80014d7d
core   0: 0x80005afc (0x0000100f) fence.i
core   0: 3 0x80005afc (0x0000100f)
core   0: 0x80005b00 (0x03f557b3) divu    a5, a0, t6
core   0: 3 0x80005b00 (0x03f557b3) x15 0x000002cd
core   0: 0x80005b04 (0x0b5e05a3) sb      s5, 171(t3)
core   0: 3 0x80005b04 (0x0b5e05a3) mem 0x80014dbe 0xad
core   0: 0x80005b08 (0x00700593) li      a1, 7
core   0: 3 0x80005b08 (0x00700593) x11 0x00000007
core   0: 0x80005b0c (0x00008c75) c.and   s0, a3
core   0: 3 0x80005b0c (0x8c75) x 8 0x00000000
core   0: 0x80005b0e (0x00300993) li      s3, 3
core   0: 3 0x80005b0e (0x00300993) x19 0x00000003
core   0: 0x80005b12 (0x031c7d33) remu    s10, s8, a7
core   0: 3 0x80005b12 (0x031c7d33) x26 0x0000007f
core   0: 0x80005b16 (0x00006399) c.lui   t2, 0x6
core   0: 3 0x80005b16 (0x6399) x 7 0x00006000
core   0: 0x80005b18 (0x000015fd) c.addi  a1, -1
core   0: 3 0x80005b18 (0x15fd) x11 0x00000006
core   0: 0x80005b1a (0x03dbbd33) mulhu   s10, s7, t4
core   0: 3 0x80005b1a (0x03dbbd33) x26 0x4dcc29ed
core   0: 0x80005b1e (0x00a00493) li      s1, 10
core   0: 3 0x80005b1e (0x00a00493) x 9 0x0000000a
core   0: 0x80005b22 (0x00900d93) li      s11, 9
core   0: 3 0x80005b22 (0x00900d93) x27 0x00000009
core   0: 0x80005b26 (0x00009c0a) c.add   s8, sp
core   0: 3 0x80005b26 (0x9c0a) x24 0x0000009c
core   0: 0x80005b28 (0x8a036f93) ori     t6, t1, -1888
core   0: 3 0x80005b28 (0x8a036f93) x31 0xfffffcb7
core   0: 0x80005b2c (0x00000001) c.nop
core   0: 3 0x80005b2c (0x0001)
core   0: 0x80005b2e (0x007f5833) srl     a6, t5, t2
core   0: 3 0x80005b2e (0x007f5833) x16 0x000000bb
core   0: 0x80005b32 (0x000014e5) c.addi  s1, -7
core   0: 3 0x80005b32 (0x14e5) x 9 0x00000003
core   0: 0x80005b34 (0xffb4fce3) bgeu    s1, s11, pc - 8
core   0: 3 0x80005b34 (0xffb4fce3)
core   0: 0x80005b38 (0xfd35ffe3) bgeu    a1, s3, pc - 34
core   0: 3 0x80005b38 (0xfd35ffe3)
core   0: 0x80005b16 (0x00006399) c.lui   t2, 0x6
core   0: 3 0x80005b16 (0x6399) x 7 0x00006000
core   0: 0x80005b18 (0x000015fd) c.addi  a1, -1
core   0: 3 0x80005b18 (0x15fd) x11 0x00000005
core   0: 0x80005b1a (0x03dbbd33) mulhu   s10, s7, t4
core   0: 3 0x80005b1a (0x03dbbd33) x26 0x4dcc29ed
core   0: 0x80005b1e (0x00a00493) li      s1, 10
core   0: 3 0x80005b1e (0x00a00493) x 9 0x0000000a
core   0: 0x80005b22 (0x00900d93) li      s11, 9
core   0: 3 0x80005b22 (0x00900d93) x27 0x00000009
core   0: 0x80005b26 (0x00009c0a) c.add   s8, sp
core   0: 3 0x80005b26 (0x9c0a) x24 0x000000b9
core   0: 0x80005b28 (0x8a036f93) ori     t6, t1, -1888
core   0: 3 0x80005b28 (0x8a036f93) x31 0xfffffcb7
core   0: 0x80005b2c (0x00000001) c.nop
core   0: 3 0x80005b2c (0x0001)
core   0: 0x80005b2e (0x007f5833) srl     a6, t5, t2
core   0: 3 0x80005b2e (0x007f5833) x16 0x000000bb
core   0: 0x80005b32 (0x000014e5) c.addi  s1, -7
core   0: 3 0x80005b32 (0x14e5) x 9 0x00000003
core   0: 0x80005b34 (0xffb4fce3) bgeu    s1, s11, pc - 8
core   0: 3 0x80005b34 (0xffb4fce3)
core   0: 0x80005b38 (0xfd35ffe3) bgeu    a1, s3, pc - 34
core   0: 3 0x80005b38 (0xfd35ffe3)
core   0: 0x80005b16 (0x00006399) c.lui   t2, 0x6
core   0: 3 0x80005b16 (0x6399) x 7 0x00006000
core   0: 0x80005b18 (0x000015fd) c.addi  a1, -1
core   0: 3 0x80005b18 (0x15fd) x11 0x00000004
core   0: 0x80005b1a (0x03dbbd33) mulhu   s10, s7, t4
core   0: 3 0x80005b1a (0x03dbbd33) x26 0x4dcc29ed
core   0: 0x80005b1e (0x00a00493) li      s1, 10
core   0: 3 0x80005b1e (0x00a00493) x 9 0x0000000a
core   0: 0x80005b22 (0x00900d93) li      s11, 9
core   0: 3 0x80005b22 (0x00900d93) x27 0x00000009
core   0: 0x80005b26 (0x00009c0a) c.add   s8, sp
core   0: 3 0x80005b26 (0x9c0a) x24 0x000000d6
core   0: 0x80005b28 (0x8a036f93) ori     t6, t1, -1888
core   0: 3 0x80005b28 (0x8a036f93) x31 0xfffffcb7
core   0: 0x80005b2c (0x00000001) c.nop
core   0: 3 0x80005b2c (0x0001)
core   0: 0x80005b2e (0x007f5833) srl     a6, t5, t2
core   0: 3 0x80005b2e (0x007f5833) x16 0x000000bb
core   0: 0x80005b32 (0x000014e5) c.addi  s1, -7
core   0: 3 0x80005b32 (0x14e5) x 9 0x00000003
core   0: 0x80005b34 (0xffb4fce3) bgeu    s1, s11, pc - 8
core   0: 3 0x80005b34 (0xffb4fce3)
core   0: 0x80005b38 (0xfd35ffe3) bgeu    a1, s3, pc - 34
core   0: 3 0x80005b38 (0xfd35ffe3)
core   0: 0x80005b16 (0x00006399) c.lui   t2, 0x6
core   0: 3 0x80005b16 (0x6399) x 7 0x00006000
core   0: 0x80005b18 (0x000015fd) c.addi  a1, -1
core   0: 3 0x80005b18 (0x15fd) x11 0x00000003
core   0: 0x80005b1a (0x03dbbd33) mulhu   s10, s7, t4
core   0: 3 0x80005b1a (0x03dbbd33) x26 0x4dcc29ed
core   0: 0x80005b1e (0x00a00493) li      s1, 10
core   0: 3 0x80005b1e (0x00a00493) x 9 0x0000000a
core   0: 0x80005b22 (0x00900d93) li      s11, 9
core   0: 3 0x80005b22 (0x00900d93) x27 0x00000009
core   0: 0x80005b26 (0x00009c0a) c.add   s8, sp
core   0: 3 0x80005b26 (0x9c0a) x24 0x000000f3
core   0: 0x80005b28 (0x8a036f93) ori     t6, t1, -1888
core   0: 3 0x80005b28 (0x8a036f93) x31 0xfffffcb7
core   0: 0x80005b2c (0x00000001) c.nop
core   0: 3 0x80005b2c (0x0001)
core   0: 0x80005b2e (0x007f5833) srl     a6, t5, t2
core   0: 3 0x80005b2e (0x007f5833) x16 0x000000bb
core   0: 0x80005b32 (0x000014e5) c.addi  s1, -7
core   0: 3 0x80005b32 (0x14e5) x 9 0x00000003
core   0: 0x80005b34 (0xffb4fce3) bgeu    s1, s11, pc - 8
core   0: 3 0x80005b34 (0xffb4fce3)
core   0: 0x80005b38 (0xfd35ffe3) bgeu    a1, s3, pc - 34
core   0: 3 0x80005b38 (0xfd35ffe3)
core   0: 0x80005b16 (0x00006399) c.lui   t2, 0x6
core   0: 3 0x80005b16 (0x6399) x 7 0x00006000
core   0: 0x80005b18 (0x000015fd) c.addi  a1, -1
core   0: 3 0x80005b18 (0x15fd) x11 0x00000002
core   0: 0x80005b1a (0x03dbbd33) mulhu   s10, s7, t4
core   0: 3 0x80005b1a (0x03dbbd33) x26 0x4dcc29ed
core   0: 0x80005b1e (0x00a00493) li      s1, 10
core   0: 3 0x80005b1e (0x00a00493) x 9 0x0000000a
core   0: 0x80005b22 (0x00900d93) li      s11, 9
core   0: 3 0x80005b22 (0x00900d93) x27 0x00000009
core   0: 0x80005b26 (0x00009c0a) c.add   s8, sp
core   0: 3 0x80005b26 (0x9c0a) x24 0x00000110
core   0: 0x80005b28 (0x8a036f93) ori     t6, t1, -1888
core   0: 3 0x80005b28 (0x8a036f93) x31 0xfffffcb7
core   0: 0x80005b2c (0x00000001) c.nop
core   0: 3 0x80005b2c (0x0001)
core   0: 0x80005b2e (0x007f5833) srl     a6, t5, t2
core   0: 3 0x80005b2e (0x007f5833) x16 0x000000bb
core   0: 0x80005b32 (0x000014e5) c.addi  s1, -7
core   0: 3 0x80005b32 (0x14e5) x 9 0x00000003
core   0: 0x80005b34 (0xffb4fce3) bgeu    s1, s11, pc - 8
core   0: 3 0x80005b34 (0xffb4fce3)
core   0: 0x80005b38 (0xfd35ffe3) bgeu    a1, s3, pc - 34
core   0: 3 0x80005b38 (0xfd35ffe3)
core   0: 0x80005b3c (0x92faae93) slti    t4, s5, -1745
core   0: 3 0x80005b3c (0x92faae93) x29 0x00000000
core   0: 0x80005b40 (0x00011117) auipc   sp, 0x11
core   0: 3 0x80005b40 (0x00011117) x 2 0x80016b40
core   0: 0x80005b44 (0xef010113) addi    sp, sp, -272
core   0: 3 0x80005b44 (0xef010113) x 2 0x80016a30
core   0: 0x80005b48 (0x6c514903) lbu     s2, 1733(sp)
core   0: 3 0x80005b48 (0x6c514903) x18 0x0000007f mem 0x800170f5
core   0: 0x80005b4c (0x13276093) ori     ra, a4, 306
core   0: 3 0x80005b4c (0x13276093) x 1 0x80029df6
core   0: 0x80005b50 (0x6c510003) lb      zero, 1733(sp)
core   0: 3 0x80005b50 (0x6c510003) mem 0x800170f5
core   0: 0x80005b54 (0x48910e03) lb      t3, 1161(sp)
core   0: 3 0x80005b54 (0x48910e03) x28 0xffffffeb mem 0x80016eb9
core   0: 0x80005b58 (0xa8711523) sh      t2, -1398(sp)
core   0: 3 0x80005b58 (0xa8711523) mem 0x800164ba 0x6000
core   0: 0x80005b5c (0xa8a14503) lbu     a0, -1398(sp)
core   0: 3 0x80005b5c (0xa8a14503) x10 0x00000000 mem 0x800164ba
core   0: 0x80005b60 (0xa8a14603) lbu     a2, -1398(sp)
core   0: 3 0x80005b60 (0xa8a14603) x12 0x00000000 mem 0x800164ba
core   0: 0x80005b64 (0xaf310303) lb      t1, -1293(sp)
core   0: 3 0x80005b64 (0xaf310303) x 6 0xffffffa0 mem 0x80016523
core   0: 0x80005b68 (0xaf310f03) lb      t5, -1293(sp)
core   0: 3 0x80005b68 (0xaf310f03) x30 0xffffffa0 mem 0x80016523
core   0: 0x80005b6c (0x0f710d83) lb      s11, 247(sp)
core   0: 3 0x80005b6c (0x0f710d83) x27 0xffffff92 mem 0x80016b27
core   0: 0x80005b70 (0x13e11283) lh      t0, 318(sp)
core   0: 3 0x80005b70 (0x13e11283) x 5 0xffffa730 mem 0x80016b6e
core   0: 0x80005b74 (0x13e15d83) lhu     s11, 318(sp)
core   0: 3 0x80005b74 (0x13e15d83) x27 0x0000a730 mem 0x80016b6e
core   0: 0x80005b78 (0xade15603) lhu     a2, -1314(sp)
core   0: 3 0x80005b78 (0xade15603) x12 0x00006c29 mem 0x8001650e
core   0: 0x80005b7c (0xade11803) lh      a6, -1314(sp)
core   0: 3 0x80005b7c (0xade11803) x16 0x00006c29 mem 0x8001650e
core   0: 0x80005b80 (0x52511523) sh      t0, 1322(sp)
core   0: 3 0x80005b80 (0x52511523) mem 0x80016f5a 0xa730
core   0: 0x80005b84 (0x00013617) auipc   a2, 0x13
core   0: 3 0x80005b84 (0x00013617) x12 0x80018b84
core   0: 0x80005b88 (0x3e760613) addi    a2, a2, 999
core   0: 3 0x80005b88 (0x3e760613) x12 0x80018f6b
core   0: 0x80005b8c (0x03ebe133) rem     sp, s7, t5
core   0: 3 0x80005b8c (0x03ebe133) x 2 0xffffffaa
core   0: 0x80005b90 (0xb2460f23) sb      tp, -1218(a2)
core   0: 3 0x80005b90 (0xb2460f23) mem 0x80018aa9 0x8
core   0: 0x80005b94 (0x78460583) lb      a1, 1924(a2)
core   0: 3 0x80005b94 (0x78460583) x11 0xffffff95 mem 0x800196ef
core   0: 0x80005b98 (0x0264c833) div     a6, s1, t1
core   0: 3 0x80005b98 (0x0264c833) x16 0x00000000
core   0: 0x80005b9c (0x81e60303) lb      t1, -2018(a2)
core   0: 3 0x80005b9c (0x81e60303) x 6 0x00000037 mem 0x80018789
core   0: 0x80005ba0 (0xbc864503) lbu     a0, -1080(a2)
core   0: 3 0x80005ba0 (0xbc864503) x10 0x000000a8 mem 0x80018b33
core   0: 0x80005ba4 (0x00303db3) snez    s11, gp
core   0: 3 0x80005ba4 (0x00303db3) x27 0x00000001
core   0: 0x80005ba8 (0x80260d03) lb      s10, -2046(a2)
core   0: 3 0x80005ba8 (0x80260d03) x26 0x00000069 mem 0x8001876d
core   0: 0x80005bac (0x26464f03) lbu     t5, 612(a2)
core   0: 3 0x80005bac (0x26464f03) x30 0x000000f5 mem 0x800191cf
core   0: 0x80005bb0 (0x029123b3) mulhsu  t2, sp, s1
core   0: 3 0x80005bb0 (0x029123b3) x 7 0xffffffff
core   0: 0x80005bb4 (0xf9364303) lbu     t1, -109(a2)
core   0: 3 0x80005bb4 (0xf9364303) x 6 0x00000036 mem 0x80018efe
core   0: 0x80005bb8 (0xf1560ca3) sb      s5, -231(a2)
core   0: 3 0x80005bb8 (0xf1560ca3) mem 0x80018e84 0xad
core   0: 0x80005bbc (0xae962c03) lw      s8, -1303(a2)
core   0: 3 0x80005bbc (0xae962c03) x24 0x3d7acbc5 mem 0x80018a54
core   0: 0x80005bc0 (0x542e3193) sltiu   gp, t3, 1346
core   0: 3 0x80005bc0 (0x542e3193) x 3 0x00000000
core   0: 0x80005bc4 (0xb5041297) auipc   t0, 0xb5041
core   0: 3 0x80005bc4 (0xb5041297) x 5 0x35046bc4
core   0: 0x80005bc8 (0x018e56b3) srl     a3, t3, s8
core   0: 3 0x80005bc8 (0x018e56b3) x13 0x07ffffff
core   0: 0x80005bcc (0x8d664403) lbu     s0, -1834(a2)
core   0: 3 0x80005bcc (0x8d664403) x 8 0x00000042 mem 0x80018841
core   0: 0x80005bd0 (0x00009d3e) c.add   s10, a5
core   0: 3 0x80005bd0 (0x9d3e) x26 0x00000336
core   0: 0x80005bd2 (0x9f860ba3) sb      s8, -1545(a2)
core   0: 3 0x80005bd2 (0x9f860ba3) mem 0x80018962 0xc5
core   0: 0x80005bd6 (0x00001f7d) c.addi  t5, -1
core   0: 3 0x80005bd6 (0x1f7d) x30 0x000000f4
core   0: 0x80005bd8 (0xffc622a3) sw      t3, -27(a2)
core   0: 3 0x80005bd8 (0xffc622a3) mem 0x80018f50 0xffffffeb
core   0: 0x80005bdc (0x9bf61b83) lh      s7, -1601(a2)
core   0: 3 0x80005bdc (0x9bf61b83) x23 0x00004449 mem 0x8001892a
core   0: 0x80005be0 (0x29361783) lh      a5, 659(a2)
core   0: 3 0x80005be0 (0x29361783) x15 0x0000799d mem 0x800191fe
core   0: 0x80005be4 (0x01eff2b3) and     t0, t6, t5
core   0: 3 0x80005be4 (0x01eff2b3) x 5 0x000000b4
core   0: 0x80005be8 (0x08964383) lbu     t2, 137(a2)
core   0: 3 0x80005be8 (0x08964383) x 7 0x000000f3 mem 0x80018ff4
core   0: 0x80005bec (0x17f60203) lb      tp, 383(a2)
core   0: 3 0x80005bec (0x17f60203) x 4 0x00000013 mem 0x800190ea
core   0: 0x80005bf0 (0x000085fd) c.srai  a1, 31
core   0: 3 0x80005bf0 (0x85fd) x11 0xffffffff
core   0: 0x80005bf2 (0x01f7bbb3) sltu    s7, a5, t6
core   0: 3 0x80005bf2 (0x01f7bbb3) x23 0x00000001
core   0: 0x80005bf6 (0x00008cb9) c.xor   s1, a4
core   0: 3 0x80005bf6 (0x8cb9) x 9 0x80029ce7
core   0: 0x80005bf8 (0x69e10793) addi    a5, sp, 1694
core   0: 3 0x80005bf8 (0x69e10793) x15 0x00000648
core   0: 0x80005bfc (0x00008c0d) c.sub   s0, a1
core   0: 3 0x80005bfc (0x8c0d) x 8 0x00000043
core   0: 0x80005bfe (0x1e164483) lbu     s1, 481(a2)
core   0: 3 0x80005bfe (0x1e164483) x 9 0x000000af mem 0x8001914c
core   0: 0x80005c02 (0x69864583) lbu     a1, 1688(a2)
core   0: 3 0x80005c02 (0x69864583) x11 0x000000c7 mem 0x80019603
core   0: 0x80005c06 (0x767617a3) sh      t2, 1903(a2)
core   0: 3 0x80005c06 (0x767617a3) mem 0x800196da 0x00f3
core   0: 0x80005c0a (0x00171813) slli    a6, a4, 1
core   0: 3 0x80005c0a (0x00171813) x16 0x000539c8
core   0: 0x80005c0e (0x03cae4b3) rem     s1, s5, t3
core   0: 3 0x80005c0e (0x03cae4b3) x 9 0xffffffec
core   0: 0x80005c12 (0x17e60fa3) sb      t5, 383(a2)
core   0: 3 0x80005c12 (0x17e60fa3) mem 0x800190ea 0xf4
core   0: 0x80005c16 (0x00000001) c.nop
core   0: 3 0x80005c16 (0x0001)
core   0: 0x80005c18 (0x02e78233) mul     tp, a5, a4
core   0: 3 0x80005c18 (0x02e78233) x 4 0x10697820
core   0: 0x80005c1c (0x0000657d) c.lui   a0, 0x1f
core   0: 3 0x80005c1c (0x657d) x10 0x0001f000
core   0: 0x80005c1e (0x40805d93) srai    s11, zero, 8
core   0: 3 0x80005c1e (0x40805d93) x27 0x00000000
core   0: 0x80005c22 (0x1be64503) lbu     a0, 446(a2)
core   0: 3 0x80005c22 (0x1be64503) x10 0x000000dc mem 0x80019129
core   0: 0x80005c26 (0x5b460483) lb      s1, 1460(a2)
core   0: 3 0x80005c26 (0x5b460483) x 9 0x00000039 mem 0x8001951f
core   0: 0x80005c2a (0x77e60b23) sb      t5, 1910(a2)
core   0: 3 0x80005c2a (0x77e60b23) mem 0x800196e1 0xf4
core   0: 0x80005c2e (0xa8a60123) sb      a0, -1406(a2)
core   0: 3 0x80005c2e (0xa8a60123) mem 0x800189ed 0xdc
core   0: 0x80005c32 (0x0000839d) c.srli  a5, 7
core   0: 3 0x80005c32 (0x839d) x15 0x0000000c
core   0: 0x80005c34 (0xc0e64a83) lbu     s5, -1010(a2)
core   0: 3 0x80005c34 (0xc0e64a83) x21 0x00000066 mem 0x80018b79
core   0: 0x80005c38 (0x00400413) li      s0, 4
core   0: 3 0x80005c38 (0x00400413) x 8 0x00000004
core   0: 0x80005c3c (0x0033fe33) and     t3, t2, gp
core   0: 3 0x80005c3c (0x0033fe33) x28 0x00000000
core   0: 0x80005c40 (0x02c1cbb3) div     s7, gp, a2
core   0: 3 0x80005c40 (0x02c1cbb3) x23 0x00000000
core   0: 0x80005c44 (0x00400e93) li      t4, 4
core   0: 3 0x80005c44 (0x00400e93) x29 0x00000004
core   0: 0x80005c48 (0x5979c513) xori    a0, s3, 1431
core   0: 3 0x80005c48 (0x5979c513) x10 0x00000594
core   0: 0x80005c4c (0x00001d88) c.addi4spn a0, sp, 752
core   0: 3 0x80005c4c (0x1d88) x10 0x0000029a
core   0: 0x80005c4e (0x00001475) c.addi  s0, -3
core   0: 3 0x80005c4e (0x1475) x 8 0x00000001
core   0: 0x80005c50 (0x40f20fb3) sub     t6, tp, a5
core   0: 3 0x80005c50 (0x40f20fb3) x31 0x10697814
core   0: 0x80005c54 (0x00700593) li      a1, 7
core   0: 3 0x80005c54 (0x00700593) x11 0x00000007
core   0: 0x80005c58 (0xff700a93) li      s5, -9
core   0: 3 0x80005c58 (0xff700a93) x21 0xfffffff7
core   0: 0x80005c5c (0xa085f313) andi    t1, a1, -1528
core   0: 3 0x80005c5c (0xa085f313) x 6 0x00000000
core   0: 0x80005c60 (0x000015f9) c.addi  a1, -2
core   0: 3 0x80005c60 (0x15f9) x11 0x00000005
core   0: 0x80005c62 (0x00000822) c.slli  a6, 8
core   0: 3 0x80005c62 (0x0822) x16 0x0539c800
core   0: 0x80005c64 (0xff558ce3) beq     a1, s5, pc - 8
core   0: 3 0x80005c64 (0xff558ce3)
core   0: 0x80005c68 (0xffd472e3) bgeu    s0, t4, pc - 28
core   0: 3 0x80005c68 (0xffd472e3)
core   0: 0x80005c6c (0x00e35f33) srl     t5, t1, a4
core   0: 3 0x80005c6c (0x00e35f33) x30 0x00000000
core   0: 0x80005c70 (0x00018097) auipc   ra, 0x18
core   0: 3 0x80005c70 (0x00018097) x 1 0x8001dc70
core   0: 0x80005c74 (0x0d308093) addi    ra, ra, 211
core   0: 3 0x80005c74 (0x0d308093) x 1 0x8001dd43
core   0: 0x80005c78 (0xfee08903) lb      s2, -18(ra)
core   0: 3 0x80005c78 (0xfee08903) x18 0x00000053 mem 0x8001dd31
core   0: 0x80005c7c (0x0001b797) auipc   a5, 0x1b
core   0: 3 0x80005c7c (0x0001b797) x15 0x80020c7c
core   0: 0x80005c80 (0x87278793) addi    a5, a5, -1934
core   0: 3 0x80005c80 (0x87278793) x15 0x800204ee
core   0: 0x80005c84 (0x0000e297) auipc   t0, 0xe
core   0: 3 0x80005c84 (0x0000e297) x 5 0x80013c84
core   0: 0x80005c88 (0x6d128293) addi    t0, t0, 1745
core   0: 3 0x80005c88 (0x6d128293) x 5 0x80014355
core   0: 0x80005c8c (0x0001bd97) auipc   s11, 0x1b
core   0: 3 0x80005c8c (0x0001bd97) x27 0x80020c8c
core   0: 0x80005c90 (0x29ed8d93) addi    s11, s11, 670
core   0: 3 0x80005c90 (0x29ed8d93) x27 0x80020f2a
core   0: 0x80005c94 (0x0a308503) lb      a0, 163(ra)
core   0: 3 0x80005c94 (0x0a308503) x10 0xffffffc7 mem 0x8001dde6
core   0: 0x80005c98 (0x00019b17) auipc   s6, 0x19
core   0: 3 0x80005c98 (0x00019b17) x22 0x8001ec98
core   0: 0x80005c9c (0x672b0b13) addi    s6, s6, 1650
core   0: 3 0x80005c9c (0x672b0b13) x22 0x8001f30a
core   0: 0x80005ca0 (0x255b0da3) sb      s5, 603(s6)
core   0: 3 0x80005ca0 (0x255b0da3) mem 0x8001f565 0xf7
core   0: 0x80005ca4 (0xfab78da3) sb      a1, -69(a5)
core   0: 3 0x80005ca4 (0xfab78da3) mem 0x800204a9 0x5
core   0: 0x80005ca8 (0x018d9623) sh      s8, 12(s11)
core   0: 3 0x80005ca8 (0x018d9623) mem 0x80020f36 0xcbc5
core   0: 0x80005cac (0xf1f0ce83) lbu     t4, -225(ra)
core   0: 3 0x80005cac (0xf1f0ce83) x29 0x0000009e mem 0x8001dc62
core   0: 0x80005cb0 (0x852296a3) sh      s2, -1971(t0)
core   0: 3 0x80005cb0 (0x852296a3) mem 0x80013ba2 0x0053
core   0: 0x80005cb4 (0x296b0323) sb      s6, 646(s6)
core   0: 3 0x80005cb4 (0x296b0323) mem 0x8001f590 0xa
core   0: 0x80005cb8 (0x019d8503) lb      a0, 25(s11)
core   0: 3 0x80005cb8 (0x019d8503) x10 0xffffffbc mem 0x80020f43
core   0: 0x80005cbc (0xf0c7df03) lhu     t5, -244(a5)
core   0: 3 0x80005cbc (0xf0c7df03) x30 0x00005d78 mem 0x800203fa
core   0: 0x80005cc0 (0x3bd2df83) lhu     t6, 957(t0)
core   0: 3 0x80005cc0 (0x3bd2df83) x31 0x0000bcf4 mem 0x80014712
core   0: 0x80005cc4 (0x375b0e03) lb      t3, 885(s6)
core   0: 3 0x80005cc4 (0x375b0e03) x28 0x00000066 mem 0x8001f67f
core   0: 0x80005cc8 (0x7142a1a3) sw      s4, 1795(t0)
core   0: 3 0x80005cc8 (0x7142a1a3) mem 0x80014a58 0x00000000
core   0: 0x80005ccc (0xe55b0c03) lb      s8, -427(s6)
core   0: 3 0x80005ccc (0xe55b0c03) x24 0xfffffff4 mem 0x8001f15f
core   0: 0x80005cd0 (0x0de0c383) lbu     t2, 222(ra)
core   0: 3 0x80005cd0 (0x0de0c383) x 7 0x0000007d mem 0x8001de21
core   0: 0x80005cd4 (0x0de08e03) lb      t3, 222(ra)
core   0: 3 0x80005cd4 (0x0de08e03) x28 0x0000007d mem 0x8001de21
core   0: 0x80005cd8 (0xcec28323) sb      a2, -794(t0)
core   0: 3 0x80005cd8 (0xcec28323) mem 0x8001403b 0x6b
core   0: 0x80005cdc (0xf107d183) lhu     gp, -240(a5)
core   0: 3 0x80005cdc (0xf107d183) x 3 0x000048f6 mem 0x800203fe
core   0: 0x80005ce0 (0x91a28183) lb      gp, -1766(t0)
core   0: 3 0x80005ce0 (0x91a28183) x 3 0xffffffac mem 0x80013c6f
core   0: 0x80005ce4 (0x5c8b0d03) lb      s10, 1480(s6)
core   0: 3 0x80005ce4 (0x5c8b0d03) x26 0x0000000e mem 0x8001f8d2
core   0: 0x80005ce8 (0x8cdb0a03) lb      s4, -1843(s6)
core   0: 3 0x80005ce8 (0x8cdb0a03) x20 0x00000062 mem 0x8001ebd7
core   0: 0x80005cec (0x66028503) lb      a0, 1632(t0)
core   0: 3 0x80005cec (0x66028503) x10 0xffffff99 mem 0x800149b5
core   0: 0x80005cf0 (0xf65dc103) lbu     sp, -155(s11)
core   0: 3 0x80005cf0 (0xf65dc103) x 2 0x000000c0 mem 0x80020e8f
core   0: 0x80005cf4 (0xf86092a3) sh      t1, -123(ra)
core   0: 3 0x80005cf4 (0xf86092a3) mem 0x8001dcc8 0x0000
core   0: 0x80005cf8 (0xf687cd03) lbu     s10, -152(a5)
core   0: 3 0x80005cf8 (0xf687cd03) x26 0x000000ed mem 0x80020456
core   0: 0x80005cfc (0xfb479b83) lh      s7, -76(a5)
core   0: 3 0x80005cfc (0xfb479b83) x23 0xffffeacd mem 0x800204a2
core   0: 0x80005d00 (0xf4bd8f23) sb      a1, -162(s11)
core   0: 3 0x80005d00 (0xf4bd8f23) mem 0x80020e88 0x5
core   0: 0x80005d04 (0xfc3b4683) lbu     a3, -61(s6)
core   0: 3 0x80005d04 (0xfc3b4683) x13 0x00000036 mem 0x8001f2cd
core   0: 0x80005d08 (0x7412d583) lhu     a1, 1857(t0)
core   0: 3 0x80005d08 (0x7412d583) x11 0x00005840 mem 0x80014a96
core   0: 0x80005d0c (0x7b828da3) sb      s8, 1979(t0)
core   0: 3 0x80005d0c (0x7b828da3) mem 0x80014b10 0xf4
core   0: 0x80005d10 (0x08808183) lb      gp, 136(ra)
core   0: 3 0x80005d10 (0x08808183) x 3 0x00000031 mem 0x8001ddcb
core   0: 0x80005d14 (0xfb608b83) lb      s7, -74(ra)
core   0: 3 0x80005d14 (0xfb608b83) x23 0x00000038 mem 0x8001dcf9
core   0: 0x80005d18 (0x7b5b2723) sw      s5, 1966(s6)
core   0: 3 0x80005d18 (0x7b5b2723) mem 0x8001fab8 0xfffffff7
core   0: 0x80005d1c (0xf87d8303) lb      t1, -121(s11)
core   0: 3 0x80005d1c (0xf87d8303) x 6 0xffffffab mem 0x80020eb1
core   0: 0x80005d20 (0xf4408183) lb      gp, -188(ra)
core   0: 3 0x80005d20 (0xf4408183) x 3 0x0000006c mem 0x8001dc87
core   0: 0x80005d24 (0x9c92c683) lbu     a3, -1591(t0)
core   0: 3 0x80005d24 (0x9c92c683) x13 0x00000068 mem 0x80013d1e
core   0: 0x80005d28 (0x0fbb1423) sh      s11, 232(s6)
core   0: 3 0x80005d28 (0x0fbb1423) mem 0x8001f3f2 0x0f2a
core   0: 0x80005d2c (0x029b1323) sh      s1, 38(s6)
core   0: 3 0x80005d2c (0x029b1323) mem 0x8001f330 0x0039
core   0: 0x80005d30 (0x0cb29c03) lh      s8, 203(t0)
core   0: 3 0x80005d30 (0x0cb29c03) x24 0x00001913 mem 0x80014420
core   0: 0x80005d34 (0xf9c0c403) lbu     s0, -100(ra)
core   0: 3 0x80005d34 (0xf9c0c403) x 8 0x000000b0 mem 0x8001dcdf
core   0: 0x80005d38 (0xff0d8aa3) sb      a6, -11(s11)
core   0: 3 0x80005d38 (0xff0d8aa3) mem 0x80020f1f 0x0
core   0: 0x80005d3c (0x0000ed97) auipc   s11, 0xe
core   0: 3 0x80005d3c (0x0000ed97) x27 0x80013d3c
core   0: 0x80005d40 (0xbc7d8d93) addi    s11, s11, -1081
core   0: 3 0x80005d40 (0xbc7d8d93) x27 0x80013903
core   0: 0x80005d44 (0x0000b817) auipc   a6, 0xb
core   0: 3 0x80005d44 (0x0000b817) x16 0x80010d44
core   0: 0x80005d48 (0xbf480813) addi    a6, a6, -1036
core   0: 3 0x80005d48 (0xbf480813) x16 0x80010938
core   0: 0x80005d4c (0xfe5d99a3) sh      t0, -13(s11)
core   0: 3 0x80005d4c (0xfe5d99a3) mem 0x800138f6 0x4355
core   0: 0x80005d50 (0x00f82623) sw      a5, 12(a6)
core   0: 3 0x80005d50 (0x00f82623) mem 0x80010944 0x800204ee
core   0: 0x80005d54 (0x00ed8c03) lb      s8, 14(s11)
core   0: 3 0x80005d54 (0x00ed8c03) x24 0x0000007e mem 0x80013911
core   0: 0x80005d58 (0x00f84583) lbu     a1, 15(a6)
core   0: 3 0x80005d58 (0x00f84583) x11 0x00000080 mem 0x80010947
core   0: 0x80005d5c (0x00f84083) lbu     ra, 15(a6)
core   0: 3 0x80005d5c (0x00f84083) x 1 0x00000080 mem 0x80010947
core   0: 0x80005d60 (0xfecd9fa3) sh      a2, -1(s11)
core   0: 3 0x80005d60 (0xfecd9fa3) mem 0x80013902 0x8f6b
core   0: 0x80005d64 (0xff5da103) lw      sp, -11(s11)
core   0: 3 0x80005d64 (0xff5da103) x 2 0xc966a6c7 mem 0x800138f8
core   0: 0x80005d68 (0x00380e03) lb      t3, 3(a6)
core   0: 3 0x80005d68 (0x00380e03) x28 0xffffffdf mem 0x8001093b
core   0: 0x80005d6c (0xff085483) lhu     s1, -16(a6)
core   0: 3 0x80005d6c (0xff085483) x 9 0x000033af mem 0x80010928
core   0: 0x80005d70 (0xffdd9103) lh      sp, -3(s11)
core   0: 3 0x80005d70 (0xffdd9103) x 2 0x00001139 mem 0x80013900
core   0: 0x80005d74 (0x014803a3) sb      s4, 7(a6)
core   0: 3 0x80005d74 (0x014803a3) mem 0x8001093f 0x62
core   0: 0x80005d78 (0x00980483) lb      s1, 9(a6)
core   0: 3 0x80005d78 (0x00980483) x 9 0xffffff8c mem 0x80010941
core   0: 0x80005d7c (0xffddda83) lhu     s5, -3(s11)
core   0: 3 0x80005d7c (0xffddda83) x21 0x00001139 mem 0x80013900
core   0: 0x80005d80 (0xfe1d8fa3) sb      ra, -1(s11)
core   0: 3 0x80005d80 (0xfe1d8fa3) mem 0x80013902 0x80
core   0: 0x80005d84 (0x00881323) sh      s0, 6(a6)
core   0: 3 0x80005d84 (0x00881323) mem 0x8001093e 0x00b0
core   0: 0x80005d88 (0xffbddc03) lhu     s8, -5(s11)
core   0: 3 0x80005d88 (0xffbddc03) x24 0x0000a501 mem 0x800138fe
core   0: 0x80005d8c (0xff7d8fa3) sb      s7, -1(s11)
core   0: 3 0x80005d8c (0xff7d8fa3) mem 0x80013902 0x38
core   0: 0x80005d90 (0xff9dd503) lhu     a0, -7(s11)
core   0: 3 0x80005d90 (0xff9dd503) x10 0x0000c688 mem 0x800138fc
core   0: 0x80005d94 (0x0001b997) auipc   s3, 0x1b
core   0: 3 0x80005d94 (0x0001b997) x19 0x80020d94
core   0: 0x80005d98 (0xb4998993) addi    s3, s3, -1207
core   0: 3 0x80005d98 (0xb4998993) x19 0x800208dd
core   0: 0x80005d9c (0x0000be97) auipc   t4, 0xb
core   0: 3 0x80005d9c (0x0000be97) x29 0x80010d9c
core   0: 0x80005da0 (0xca4e8e93) addi    t4, t4, -860
core   0: 3 0x80005da0 (0xca4e8e93) x29 0x80010a40
core   0: 0x80005da4 (0xac2ed503) lhu     a0, -1342(t4)
core   0: 3 0x80005da4 (0xac2ed503) x10 0x00009926 mem 0x80010502
core   0: 0x80005da8 (0x90798aa3) sb      t2, -1771(s3)
core   0: 3 0x80005da8 (0x90798aa3) mem 0x800201f2 0x7d
core   0: 0x80005dac (0x56f99503) lh      a0, 1391(s3)
core   0: 3 0x80005dac (0x56f99503) x10 0xffffed3d mem 0x80020e4c
core   0: 0x80005db0 (0x353ecd83) lbu     s11, 851(t4)
core   0: 3 0x80005db0 (0x353ecd83) x27 0x000000c5 mem 0x80010d93
core   0: 0x80005db4 (0x73198a23) sb      a7, 1844(s3)
core   0: 3 0x80005db4 (0x73198a23) mem 0x80021011 0x28
core   0: 0x80005db8 (0x9b8ea103) lw      sp, -1608(t4)
core   0: 3 0x80005db8 (0x9b8ea103) x 2 0x96c688ab mem 0x800103f8
core   0: 0x80005dbc (0xe2e9c303) lbu     t1, -466(s3)
core   0: 3 0x80005dbc (0xe2e9c303) x 6 0x00000083 mem 0x8002070b
core   0: 0x80005dc0 (0x3c7ecb83) lbu     s7, 967(t4)
core   0: 3 0x80005dc0 (0x3c7ecb83) x23 0x00000018 mem 0x80010e07
core   0: 0x80005dc4 (0x296982a3) sb      s6, 645(s3)
core   0: 3 0x80005dc4 (0x296982a3) mem 0x80020b62 0xa
core   0: 0x80005dc8 (0xd70eac03) lw      s8, -656(t4)
core   0: 3 0x80005dc8 (0xd70eac03) x24 0x337f8291 mem 0x800107b0
core   0: 0x80005dcc (0xd0398523) sb      gp, -758(s3)
core   0: 3 0x80005dcc (0xd0398523) mem 0x800205e7 0x6c
core   0: 0x80005dd0 (0x0ddecd03) lbu     s10, 221(t4)
core   0: 3 0x80005dd0 (0x0ddecd03) x26 0x00000083 mem 0x80010b1d
core   0: 0x80005dd4 (0x599ec503) lbu     a0, 1433(t4)
core   0: 3 0x80005dd4 (0x599ec503) x10 0x000000b6 mem 0x80010fd9
core   0: 0x80005dd8 (0x2d49c083) lbu     ra, 724(s3)
core   0: 3 0x80005dd8 (0x2d49c083) x 1 0x00000057 mem 0x80020bb1
core   0: 0x80005ddc (0xe7fe83a3) sb      t6, -409(t4)
core   0: 3 0x80005ddc (0xe7fe83a3) mem 0x800108a7 0xf4
core   0: 0x80005de0 (0x4ab98023) sb      a1, 1184(s3)
core   0: 3 0x80005de0 (0x4ab98023) mem 0x80020d7d 0x80
core   0: 0x80005de4 (0x0000b117) auipc   sp, 0xb
core   0: 3 0x80005de4 (0x0000b117) x 2 0x80010de4
core   0: 0x80005de8 (0xb9510113) addi    sp, sp, -1131
core   0: 3 0x80005de8 (0xb9510113) x 2 0x80010979
core   0: 0x80005dec (0x0000bb17) auipc   s6, 0xb
core   0: 3 0x80005dec (0x0000bb17) x22 0x80010dec
core   0: 0x80005df0 (0x03cb0b13) addi    s6, s6, 60
core   0: 3 0x80005df0 (0x03cb0b13) x22 0x80010e28
core   0: 0x80005df4 (0x0000bf17) auipc   t5, 0xb
core   0: 3 0x80005df4 (0x0000bf17) x30 0x80010df4
core   0: 0x80005df8 (0x169f0f13) addi    t5, t5, 361
core   0: 3 0x80005df8 (0x169f0f13) x30 0x80010f5d
core   0: 0x80005dfc (0xedff4c03) lbu     s8, -289(t5)
core   0: 3 0x80005dfc (0xedff4c03) x24 0x0000002a mem 0x80010e3c
core   0: 0x80005e00 (0xea2f0003) lb      zero, -350(t5)
core   0: 3 0x80005e00 (0xea2f0003) mem 0x80010dff
core   0: 0x80005e04 (0x91cf4183) lbu     gp, -1764(t5)
core   0: 3 0x80005e04 (0x91cf4183) x 3 0x000000a3 mem 0x80010879
core   0: 0x80005e08 (0xffdb4d83) lbu     s11, -3(s6)
core   0: 3 0x80005e08 (0xffdb4d83) x27 0x00000039 mem 0x80010e25
core   0: 0x80005e0c (0x9f6f1aa3) sh      s6, -1547(t5)
core   0: 3 0x80005e0c (0x9f6f1aa3) mem 0x80010952 0x0e28
core   0: 0x80005e10 (0x924f0603) lb      a2, -1756(t5)
core   0: 3 0x80005e10 (0x924f0603) x12 0x00000049 mem 0x80010881
core   0: 0x80005e14 (0xf0511da3) sh      t0, -229(sp)
core   0: 3 0x80005e14 (0xf0511da3) mem 0x80010894 0x4355
core   0: 0x80005e18 (0xf9f12a83) lw      s5, -97(sp)
core   0: 3 0x80005e18 (0xf9f12a83) x21 0xc5cd6d3e mem 0x80010918
core   0: 0x80005e1c (0x9e7f0d83) lb      s11, -1561(t5)
core   0: 3 0x80005e1c (0x9e7f0d83) x27 0xffffffee mem 0x80010944
core   0: 0x80005e20 (0x0db10303) lb      t1, 219(sp)
core   0: 3 0x80005e20 (0x0db10303) x 6 0xffffffb9 mem 0x80010a54
core   0: 0x80005e24 (0xeb5f0ea3) sb      s5, -323(t5)
core   0: 3 0x80005e24 (0xeb5f0ea3) mem 0x80010e1a 0x3e
core   0: 0x80005e28 (0xdb1f4183) lbu     gp, -591(t5)
core   0: 3 0x80005e28 (0xdb1f4183) x 3 0x000000d5 mem 0x80010d0e
core   0: 0x80005e2c (0xfc914803) lbu     a6, -55(sp)
core   0: 3 0x80005e2c (0xfc914803) x16 0x00000066 mem 0x80010942
core   0: 0x80005e30 (0x006b4a83) lbu     s5, 6(s6)
core   0: 3 0x80005e30 (0x006b4a83) x21 0x00000084 mem 0x80010e2e
core   0: 0x80005e34 (0xf04112a3) sh      tp, -251(sp)
core   0: 3 0x80005e34 (0xf04112a3) mem 0x8001087e 0x7820
core   0: 0x80005e38 (0xffbb4d03) lbu     s10, -5(s6)
core   0: 3 0x80005e38 (0xffbb4d03) x26 0x000000a1 mem 0x80010e23
core   0: 0x80005e3c (0xb72f0923) sb      s2, -1166(t5)
core   0: 3 0x80005e3c (0xb72f0923) mem 0x80010acf 0x53
core   0: 0x80005e40 (0x00fb0983) lb      s3, 15(s6)
core   0: 3 0x80005e40 (0x00fb0983) x19 0x00000055 mem 0x80010e37
core   0: 0x80005e44 (0x802f0423) sb      sp, -2040(t5)
core   0: 3 0x80005e44 (0x802f0423) mem 0x80010765 0x79
core   0: 0x80005e48 (0x01ab1423) sh      s10, 8(s6)
core   0: 3 0x80005e48 (0x01ab1423) mem 0x80010e30 0x00a1
core   0: 0x80005e4c (0x00a00413) li      s0, 10
core   0: 3 0x80005e4c (0x00a00413) x 8 0x0000000a
core   0: 0x80005e50 (0x01884933) xor     s2, a6, s8
core   0: 3 0x80005e50 (0x01884933) x18 0x0000004c
core   0: 0x80005e54 (0x00300213) li      tp, 3
core   0: 3 0x80005e54 (0x00300213) x 4 0x00000003
core   0: 0x80005e58 (0x03debab3) mulhu   s5, t4, t4
core   0: 3 0x80005e58 (0x03debab3) x21 0x40010a41
core   0: 0x80005e5c (0x0000147d) c.addi  s0, -1
core   0: 3 0x80005e5c (0x147d) x 8 0x00000009
core   0: 0x80005e5e (0x00008ec5) c.or    a3, s1
core   0: 3 0x80005e5e (0x8ec5) x13 0xffffffec
core   0: 0x80005e60 (0x000095c2) c.add   a1, a6
core   0: 3 0x80005e60 (0x95c2) x11 0x000000e6
core   0: 0x80005e62 (0x03d1f1b3) remu    gp, gp, t4
core   0: 3 0x80005e62 (0x03d1f1b3) x 3 0x000000d5
core   0: 0x80005e66 (0x40998633) sub     a2, s3, s1
core   0: 3 0x80005e66 (0x40998633) x12 0x000000c9
core   0: 0x80005e6a (0x883c5ab7) lui     s5, 0x883c5
core   0: 3 0x80005e6a (0x883c5ab7) x21 0x883c5000
core   0: 0x80005e6e (0x0198d013) srli    zero, a7, 25
core   0: 3 0x80005e6e (0x0198d013)
core   0: 0x80005e72 (0x03ad20b3) mulhsu  ra, s10, s10
core   0: 3 0x80005e72 (0x03ad20b3) x 1 0x00000000
core   0: 0x80005e76 (0x00332633) slt     a2, t1, gp
core   0: 3 0x80005e76 (0x00332633) x12 0x00000001
core   0: 0x80005e7a (0xffc00493) li      s1, -4
core   0: 3 0x80005e7a (0xffc00493) x 9 0xfffffffc
core   0: 0x80005e7e (0x000010fd) c.addi  ra, -1
core   0: 3 0x80005e7e (0x10fd) x 1 0xffffffff
core   0: 0x80005e80 (0x4125d113) srai    sp, a1, 18
core   0: 3 0x80005e80 (0x4125d113) x 2 0x00000000
core   0: 0x80005e84 (0x00200993) li      s3, 2
core   0: 3 0x80005e84 (0x00200993) x19 0x00000002
core   0: 0x80005e88 (0x0000717d) c.addi16sp sp, -16
core   0: 3 0x80005e88 (0x717d) x 2 0xfffffff0
core   0: 0x80005e8a (0x000016fd) c.addi  a3, -1
core   0: 3 0x80005e8a (0x16fd) x13 0xffffffeb
core   0: 0x80005e8c (0x00009d06) c.add   s10, ra
core   0: 3 0x80005e8c (0x9d06) x26 0x000000a0
core   0: 0x80005e8e (0x003bf2b3) and     t0, s7, gp
core   0: 3 0x80005e8e (0x003bf2b3) x 5 0x00000010
core   0: 0x80005e92 (0x000086ed) c.srai  a3, 27
core   0: 3 0x80005e92 (0x86ed) x13 0xffffffff
core   0: 0x80005e94 (0x00000499) c.addi  s1, 6
core   0: 3 0x80005e94 (0x0499) x 9 0x00000002
core   0: 0x80005e96 (0x00cfd7b3) srl     a5, t6, a2
core   0: 3 0x80005e96 (0x00cfd7b3) x15 0x00005e7a
core   0: 0x80005e9a (0x409402b3) sub     t0, s0, s1
core   0: 3 0x80005e9a (0x409402b3) x 5 0x00000007
core   0: 0x80005e9e (0xff34e8e3) bltu    s1, s3, pc - 16
core   0: 3 0x80005e9e (0xff34e8e3)
core   0: 0x80005ea2 (0x01d82033) slt     zero, a6, t4
core   0: 3 0x80005ea2 (0x01d82033)
core   0: 0x80005ea6 (0x03614533) div     a0, sp, s6
core   0: 3 0x80005ea6 (0x03614533) x10 0x00000000
core   0: 0x80005eaa (0xa51e0b93) addi    s7, t3, -1455
core   0: 3 0x80005eaa (0xa51e0b93) x23 0xfffffa30
core   0: 0x80005eae (0x00001090) c.addi4spn a2, sp, 96
core   0: 3 0x80005eae (0x1090) x12 0x00000050
core   0: 0x80005eb0 (0x0011dbb3) srl     s7, gp, ra
core   0: 3 0x80005eb0 (0x0011dbb3) x23 0x00000000
core   0: 0x80005eb4 (0xfa4472e3) bgeu    s0, tp, pc - 92
core   0: 3 0x80005eb4 (0xfa4472e3)
core   0: 0x80005e58 (0x03debab3) mulhu   s5, t4, t4
core   0: 3 0x80005e58 (0x03debab3) x21 0x40010a41
core   0: 0x80005e5c (0x0000147d) c.addi  s0, -1
core   0: 3 0x80005e5c (0x147d) x 8 0x00000008
core   0: 0x80005e5e (0x00008ec5) c.or    a3, s1
core   0: 3 0x80005e5e (0x8ec5) x13 0xffffffff
core   0: 0x80005e60 (0x000095c2) c.add   a1, a6
core   0: 3 0x80005e60 (0x95c2) x11 0x0000014c
core   0: 0x80005e62 (0x03d1f1b3) remu    gp, gp, t4
core   0: 3 0x80005e62 (0x03d1f1b3) x 3 0x000000d5
core   0: 0x80005e66 (0x40998633) sub     a2, s3, s1
core   0: 3 0x80005e66 (0x40998633) x12 0x00000000
core   0: 0x80005e6a (0x883c5ab7) lui     s5, 0x883c5
core   0: 3 0x80005e6a (0x883c5ab7) x21 0x883c5000
core   0: 0x80005e6e (0x0198d013) srli    zero, a7, 25
core   0: 3 0x80005e6e (0x0198d013)
core   0: 0x80005e72 (0x03ad20b3) mulhsu  ra, s10, s10
core   0: 3 0x80005e72 (0x03ad20b3) x 1 0x00000000
core   0: 0x80005e76 (0x00332633) slt     a2, t1, gp
core   0: 3 0x80005e76 (0x00332633) x12 0x00000001
core   0: 0x80005e7a (0xffc00493) li      s1, -4
core   0: 3 0x80005e7a (0xffc00493) x 9 0xfffffffc
core   0: 0x80005e7e (0x000010fd) c.addi  ra, -1
core   0: 3 0x80005e7e (0x10fd) x 1 0xffffffff
core   0: 0x80005e80 (0x4125d113) srai    sp, a1, 18
core   0: 3 0x80005e80 (0x4125d113) x 2 0x00000000
core   0: 0x80005e84 (0x00200993) li      s3, 2
core   0: 3 0x80005e84 (0x00200993) x19 0x00000002
core   0: 0x80005e88 (0x0000717d) c.addi16sp sp, -16
core   0: 3 0x80005e88 (0x717d) x 2 0xfffffff0
core   0: 0x80005e8a (0x000016fd) c.addi  a3, -1
core   0: 3 0x80005e8a (0x16fd) x13 0xfffffffe
core   0: 0x80005e8c (0x00009d06) c.add   s10, ra
core   0: 3 0x80005e8c (0x9d06) x26 0x0000009f
core   0: 0x80005e8e (0x003bf2b3) and     t0, s7, gp
core   0: 3 0x80005e8e (0x003bf2b3) x 5 0x00000000
core   0: 0x80005e92 (0x000086ed) c.srai  a3, 27
core   0: 3 0x80005e92 (0x86ed) x13 0xffffffff
core   0: 0x80005e94 (0x00000499) c.addi  s1, 6
core   0: 3 0x80005e94 (0x0499) x 9 0x00000002
core   0: 0x80005e96 (0x00cfd7b3) srl     a5, t6, a2
core   0: 3 0x80005e96 (0x00cfd7b3) x15 0x00005e7a
core   0: 0x80005e9a (0x409402b3) sub     t0, s0, s1
core   0: 3 0x80005e9a (0x409402b3) x 5 0x00000006
core   0: 0x80005e9e (0xff34e8e3) bltu    s1, s3, pc - 16
core   0: 3 0x80005e9e (0xff34e8e3)
core   0: 0x80005ea2 (0x01d82033) slt     zero, a6, t4
core   0: 3 0x80005ea2 (0x01d82033)
core   0: 0x80005ea6 (0x03614533) div     a0, sp, s6
core   0: 3 0x80005ea6 (0x03614533) x10 0x00000000
core   0: 0x80005eaa (0xa51e0b93) addi    s7, t3, -1455
core   0: 3 0x80005eaa (0xa51e0b93) x23 0xfffffa30
core   0: 0x80005eae (0x00001090) c.addi4spn a2, sp, 96
core   0: 3 0x80005eae (0x1090) x12 0x00000050
core   0: 0x80005eb0 (0x0011dbb3) srl     s7, gp, ra
core   0: 3 0x80005eb0 (0x0011dbb3) x23 0x00000000
core   0: 0x80005eb4 (0xfa4472e3) bgeu    s0, tp, pc - 92
core   0: 3 0x80005eb4 (0xfa4472e3)
core   0: 0x80005e58 (0x03debab3) mulhu   s5, t4, t4
core   0: 3 0x80005e58 (0x03debab3) x21 0x40010a41
core   0: 0x80005e5c (0x0000147d) c.addi  s0, -1
core   0: 3 0x80005e5c (0x147d) x 8 0x00000007
core   0: 0x80005e5e (0x00008ec5) c.or    a3, s1
core   0: 3 0x80005e5e (0x8ec5) x13 0xffffffff
core   0: 0x80005e60 (0x000095c2) c.add   a1, a6
core   0: 3 0x80005e60 (0x95c2) x11 0x000001b2
core   0: 0x80005e62 (0x03d1f1b3) remu    gp, gp, t4
core   0: 3 0x80005e62 (0x03d1f1b3) x 3 0x000000d5
core   0: 0x80005e66 (0x40998633) sub     a2, s3, s1
core   0: 3 0x80005e66 (0x40998633) x12 0x00000000
core   0: 0x80005e6a (0x883c5ab7) lui     s5, 0x883c5
core   0: 3 0x80005e6a (0x883c5ab7) x21 0x883c5000
core   0: 0x80005e6e (0x0198d013) srli    zero, a7, 25
core   0: 3 0x80005e6e (0x0198d013)
core   0: 0x80005e72 (0x03ad20b3) mulhsu  ra, s10, s10
core   0: 3 0x80005e72 (0x03ad20b3) x 1 0x00000000
core   0: 0x80005e76 (0x00332633) slt     a2, t1, gp
core   0: 3 0x80005e76 (0x00332633) x12 0x00000001
core   0: 0x80005e7a (0xffc00493) li      s1, -4
core   0: 3 0x80005e7a (0xffc00493) x 9 0xfffffffc
core   0: 0x80005e7e (0x000010fd) c.addi  ra, -1
core   0: 3 0x80005e7e (0x10fd) x 1 0xffffffff
core   0: 0x80005e80 (0x4125d113) srai    sp, a1, 18
core   0: 3 0x80005e80 (0x4125d113) x 2 0x00000000
core   0: 0x80005e84 (0x00200993) li      s3, 2
core   0: 3 0x80005e84 (0x00200993) x19 0x00000002
core   0: 0x80005e88 (0x0000717d) c.addi16sp sp, -16
core   0: 3 0x80005e88 (0x717d) x 2 0xfffffff0
core   0: 0x80005e8a (0x000016fd) c.addi  a3, -1
core   0: 3 0x80005e8a (0x16fd) x13 0xfffffffe
core   0: 0x80005e8c (0x00009d06) c.add   s10, ra
core   0: 3 0x80005e8c (0x9d06) x26 0x0000009e
core   0: 0x80005e8e (0x003bf2b3) and     t0, s7, gp
core   0: 3 0x80005e8e (0x003bf2b3) x 5 0x00000000
core   0: 0x80005e92 (0x000086ed) c.srai  a3, 27
core   0: 3 0x80005e92 (0x86ed) x13 0xffffffff
core   0: 0x80005e94 (0x00000499) c.addi  s1, 6
core   0: 3 0x80005e94 (0x0499) x 9 0x00000002
core   0: 0x80005e96 (0x00cfd7b3) srl     a5, t6, a2
core   0: 3 0x80005e96 (0x00cfd7b3) x15 0x00005e7a
core   0: 0x80005e9a (0x409402b3) sub     t0, s0, s1
core   0: 3 0x80005e9a (0x409402b3) x 5 0x00000005
core   0: 0x80005e9e (0xff34e8e3) bltu    s1, s3, pc - 16
core   0: 3 0x80005e9e (0xff34e8e3)
core   0: 0x80005ea2 (0x01d82033) slt     zero, a6, t4
core   0: 3 0x80005ea2 (0x01d82033)
core   0: 0x80005ea6 (0x03614533) div     a0, sp, s6
core   0: 3 0x80005ea6 (0x03614533) x10 0x00000000
core   0: 0x80005eaa (0xa51e0b93) addi    s7, t3, -1455
core   0: 3 0x80005eaa (0xa51e0b93) x23 0xfffffa30
core   0: 0x80005eae (0x00001090) c.addi4spn a2, sp, 96
core   0: 3 0x80005eae (0x1090) x12 0x00000050
core   0: 0x80005eb0 (0x0011dbb3) srl     s7, gp, ra
core   0: 3 0x80005eb0 (0x0011dbb3) x23 0x00000000
core   0: 0x80005eb4 (0xfa4472e3) bgeu    s0, tp, pc - 92
core   0: 3 0x80005eb4 (0xfa4472e3)
core   0: 0x80005e58 (0x03debab3) mulhu   s5, t4, t4
core   0: 3 0x80005e58 (0x03debab3) x21 0x40010a41
core   0: 0x80005e5c (0x0000147d) c.addi  s0, -1
core   0: 3 0x80005e5c (0x147d) x 8 0x00000006
core   0: 0x80005e5e (0x00008ec5) c.or    a3, s1
core   0: 3 0x80005e5e (0x8ec5) x13 0xffffffff
core   0: 0x80005e60 (0x000095c2) c.add   a1, a6
core   0: 3 0x80005e60 (0x95c2) x11 0x00000218
core   0: 0x80005e62 (0x03d1f1b3) remu    gp, gp, t4
core   0: 3 0x80005e62 (0x03d1f1b3) x 3 0x000000d5
core   0: 0x80005e66 (0x40998633) sub     a2, s3, s1
core   0: 3 0x80005e66 (0x40998633) x12 0x00000000
core   0: 0x80005e6a (0x883c5ab7) lui     s5, 0x883c5
core   0: 3 0x80005e6a (0x883c5ab7) x21 0x883c5000
core   0: 0x80005e6e (0x0198d013) srli    zero, a7, 25
core   0: 3 0x80005e6e (0x0198d013)
core   0: 0x80005e72 (0x03ad20b3) mulhsu  ra, s10, s10
core   0: 3 0x80005e72 (0x03ad20b3) x 1 0x00000000
core   0: 0x80005e76 (0x00332633) slt     a2, t1, gp
core   0: 3 0x80005e76 (0x00332633) x12 0x00000001
core   0: 0x80005e7a (0xffc00493) li      s1, -4
core   0: 3 0x80005e7a (0xffc00493) x 9 0xfffffffc
core   0: 0x80005e7e (0x000010fd) c.addi  ra, -1
core   0: 3 0x80005e7e (0x10fd) x 1 0xffffffff
core   0: 0x80005e80 (0x4125d113) srai    sp, a1, 18
core   0: 3 0x80005e80 (0x4125d113) x 2 0x00000000
core   0: 0x80005e84 (0x00200993) li      s3, 2
core   0: 3 0x80005e84 (0x00200993) x19 0x00000002
core   0: 0x80005e88 (0x0000717d) c.addi16sp sp, -16
core   0: 3 0x80005e88 (0x717d) x 2 0xfffffff0
core   0: 0x80005e8a (0x000016fd) c.addi  a3, -1
core   0: 3 0x80005e8a (0x16fd) x13 0xfffffffe
core   0: 0x80005e8c (0x00009d06) c.add   s10, ra
core   0: 3 0x80005e8c (0x9d06) x26 0x0000009d
core   0: 0x80005e8e (0x003bf2b3) and     t0, s7, gp
core   0: 3 0x80005e8e (0x003bf2b3) x 5 0x00000000
core   0: 0x80005e92 (0x000086ed) c.srai  a3, 27
core   0: 3 0x80005e92 (0x86ed) x13 0xffffffff
core   0: 0x80005e94 (0x00000499) c.addi  s1, 6
core   0: 3 0x80005e94 (0x0499) x 9 0x00000002
core   0: 0x80005e96 (0x00cfd7b3) srl     a5, t6, a2
core   0: 3 0x80005e96 (0x00cfd7b3) x15 0x00005e7a
core   0: 0x80005e9a (0x409402b3) sub     t0, s0, s1
core   0: 3 0x80005e9a (0x409402b3) x 5 0x00000004
core   0: 0x80005e9e (0xff34e8e3) bltu    s1, s3, pc - 16
core   0: 3 0x80005e9e (0xff34e8e3)
core   0: 0x80005ea2 (0x01d82033) slt     zero, a6, t4
core   0: 3 0x80005ea2 (0x01d82033)
core   0: 0x80005ea6 (0x03614533) div     a0, sp, s6
core   0: 3 0x80005ea6 (0x03614533) x10 0x00000000
core   0: 0x80005eaa (0xa51e0b93) addi    s7, t3, -1455
core   0: 3 0x80005eaa (0xa51e0b93) x23 0xfffffa30
core   0: 0x80005eae (0x00001090) c.addi4spn a2, sp, 96
core   0: 3 0x80005eae (0x1090) x12 0x00000050
core   0: 0x80005eb0 (0x0011dbb3) srl     s7, gp, ra
core   0: 3 0x80005eb0 (0x0011dbb3) x23 0x00000000
core   0: 0x80005eb4 (0xfa4472e3) bgeu    s0, tp, pc - 92
core   0: 3 0x80005eb4 (0xfa4472e3)
core   0: 0x80005e58 (0x03debab3) mulhu   s5, t4, t4
core   0: 3 0x80005e58 (0x03debab3) x21 0x40010a41
core   0: 0x80005e5c (0x0000147d) c.addi  s0, -1
core   0: 3 0x80005e5c (0x147d) x 8 0x00000005
core   0: 0x80005e5e (0x00008ec5) c.or    a3, s1
core   0: 3 0x80005e5e (0x8ec5) x13 0xffffffff
core   0: 0x80005e60 (0x000095c2) c.add   a1, a6
core   0: 3 0x80005e60 (0x95c2) x11 0x0000027e
core   0: 0x80005e62 (0x03d1f1b3) remu    gp, gp, t4
core   0: 3 0x80005e62 (0x03d1f1b3) x 3 0x000000d5
core   0: 0x80005e66 (0x40998633) sub     a2, s3, s1
core   0: 3 0x80005e66 (0x40998633) x12 0x00000000
core   0: 0x80005e6a (0x883c5ab7) lui     s5, 0x883c5
core   0: 3 0x80005e6a (0x883c5ab7) x21 0x883c5000
core   0: 0x80005e6e (0x0198d013) srli    zero, a7, 25
core   0: 3 0x80005e6e (0x0198d013)
core   0: 0x80005e72 (0x03ad20b3) mulhsu  ra, s10, s10
core   0: 3 0x80005e72 (0x03ad20b3) x 1 0x00000000
core   0: 0x80005e76 (0x00332633) slt     a2, t1, gp
core   0: 3 0x80005e76 (0x00332633) x12 0x00000001
core   0: 0x80005e7a (0xffc00493) li      s1, -4
core   0: 3 0x80005e7a (0xffc00493) x 9 0xfffffffc
core   0: 0x80005e7e (0x000010fd) c.addi  ra, -1
core   0: 3 0x80005e7e (0x10fd) x 1 0xffffffff
core   0: 0x80005e80 (0x4125d113) srai    sp, a1, 18
core   0: 3 0x80005e80 (0x4125d113) x 2 0x00000000
core   0: 0x80005e84 (0x00200993) li      s3, 2
core   0: 3 0x80005e84 (0x00200993) x19 0x00000002
core   0: 0x80005e88 (0x0000717d) c.addi16sp sp, -16
core   0: 3 0x80005e88 (0x717d) x 2 0xfffffff0
core   0: 0x80005e8a (0x000016fd) c.addi  a3, -1
core   0: 3 0x80005e8a (0x16fd) x13 0xfffffffe
core   0: 0x80005e8c (0x00009d06) c.add   s10, ra
core   0: 3 0x80005e8c (0x9d06) x26 0x0000009c
core   0: 0x80005e8e (0x003bf2b3) and     t0, s7, gp
core   0: 3 0x80005e8e (0x003bf2b3) x 5 0x00000000
core   0: 0x80005e92 (0x000086ed) c.srai  a3, 27
core   0: 3 0x80005e92 (0x86ed) x13 0xffffffff
core   0: 0x80005e94 (0x00000499) c.addi  s1, 6
core   0: 3 0x80005e94 (0x0499) x 9 0x00000002
core   0: 0x80005e96 (0x00cfd7b3) srl     a5, t6, a2
core   0: 3 0x80005e96 (0x00cfd7b3) x15 0x00005e7a
core   0: 0x80005e9a (0x409402b3) sub     t0, s0, s1
core   0: 3 0x80005e9a (0x409402b3) x 5 0x00000003
core   0: 0x80005e9e (0xff34e8e3) bltu    s1, s3, pc - 16
core   0: 3 0x80005e9e (0xff34e8e3)
core   0: 0x80005ea2 (0x01d82033) slt     zero, a6, t4
core   0: 3 0x80005ea2 (0x01d82033)
core   0: 0x80005ea6 (0x03614533) div     a0, sp, s6
core   0: 3 0x80005ea6 (0x03614533) x10 0x00000000
core   0: 0x80005eaa (0xa51e0b93) addi    s7, t3, -1455
core   0: 3 0x80005eaa (0xa51e0b93) x23 0xfffffa30
core   0: 0x80005eae (0x00001090) c.addi4spn a2, sp, 96
core   0: 3 0x80005eae (0x1090) x12 0x00000050
core   0: 0x80005eb0 (0x0011dbb3) srl     s7, gp, ra
core   0: 3 0x80005eb0 (0x0011dbb3) x23 0x00000000
core   0: 0x80005eb4 (0xfa4472e3) bgeu    s0, tp, pc - 92
core   0: 3 0x80005eb4 (0xfa4472e3)
core   0: 0x80005e58 (0x03debab3) mulhu   s5, t4, t4
core   0: 3 0x80005e58 (0x03debab3) x21 0x40010a41
core   0: 0x80005e5c (0x0000147d) c.addi  s0, -1
core   0: 3 0x80005e5c (0x147d) x 8 0x00000004
core   0: 0x80005e5e (0x00008ec5) c.or    a3, s1
core   0: 3 0x80005e5e (0x8ec5) x13 0xffffffff
core   0: 0x80005e60 (0x000095c2) c.add   a1, a6
core   0: 3 0x80005e60 (0x95c2) x11 0x000002e4
core   0: 0x80005e62 (0x03d1f1b3) remu    gp, gp, t4
core   0: 3 0x80005e62 (0x03d1f1b3) x 3 0x000000d5
core   0: 0x80005e66 (0x40998633) sub     a2, s3, s1
core   0: 3 0x80005e66 (0x40998633) x12 0x00000000
core   0: 0x80005e6a (0x883c5ab7) lui     s5, 0x883c5
core   0: 3 0x80005e6a (0x883c5ab7) x21 0x883c5000
core   0: 0x80005e6e (0x0198d013) srli    zero, a7, 25
core   0: 3 0x80005e6e (0x0198d013)
core   0: 0x80005e72 (0x03ad20b3) mulhsu  ra, s10, s10
core   0: 3 0x80005e72 (0x03ad20b3) x 1 0x00000000
core   0: 0x80005e76 (0x00332633) slt     a2, t1, gp
core   0: 3 0x80005e76 (0x00332633) x12 0x00000001
core   0: 0x80005e7a (0xffc00493) li      s1, -4
core   0: 3 0x80005e7a (0xffc00493) x 9 0xfffffffc
core   0: 0x80005e7e (0x000010fd) c.addi  ra, -1
core   0: 3 0x80005e7e (0x10fd) x 1 0xffffffff
core   0: 0x80005e80 (0x4125d113) srai    sp, a1, 18
core   0: 3 0x80005e80 (0x4125d113) x 2 0x00000000
core   0: 0x80005e84 (0x00200993) li      s3, 2
core   0: 3 0x80005e84 (0x00200993) x19 0x00000002
core   0: 0x80005e88 (0x0000717d) c.addi16sp sp, -16
core   0: 3 0x80005e88 (0x717d) x 2 0xfffffff0
core   0: 0x80005e8a (0x000016fd) c.addi  a3, -1
core   0: 3 0x80005e8a (0x16fd) x13 0xfffffffe
core   0: 0x80005e8c (0x00009d06) c.add   s10, ra
core   0: 3 0x80005e8c (0x9d06) x26 0x0000009b
core   0: 0x80005e8e (0x003bf2b3) and     t0, s7, gp
core   0: 3 0x80005e8e (0x003bf2b3) x 5 0x00000000
core   0: 0x80005e92 (0x000086ed) c.srai  a3, 27
core   0: 3 0x80005e92 (0x86ed) x13 0xffffffff
core   0: 0x80005e94 (0x00000499) c.addi  s1, 6
core   0: 3 0x80005e94 (0x0499) x 9 0x00000002
core   0: 0x80005e96 (0x00cfd7b3) srl     a5, t6, a2
core   0: 3 0x80005e96 (0x00cfd7b3) x15 0x00005e7a
core   0: 0x80005e9a (0x409402b3) sub     t0, s0, s1
core   0: 3 0x80005e9a (0x409402b3) x 5 0x00000002
core   0: 0x80005e9e (0xff34e8e3) bltu    s1, s3, pc - 16
core   0: 3 0x80005e9e (0xff34e8e3)
core   0: 0x80005ea2 (0x01d82033) slt     zero, a6, t4
core   0: 3 0x80005ea2 (0x01d82033)
core   0: 0x80005ea6 (0x03614533) div     a0, sp, s6
core   0: 3 0x80005ea6 (0x03614533) x10 0x00000000
core   0: 0x80005eaa (0xa51e0b93) addi    s7, t3, -1455
core   0: 3 0x80005eaa (0xa51e0b93) x23 0xfffffa30
core   0: 0x80005eae (0x00001090) c.addi4spn a2, sp, 96
core   0: 3 0x80005eae (0x1090) x12 0x00000050
core   0: 0x80005eb0 (0x0011dbb3) srl     s7, gp, ra
core   0: 3 0x80005eb0 (0x0011dbb3) x23 0x00000000
core   0: 0x80005eb4 (0xfa4472e3) bgeu    s0, tp, pc - 92
core   0: 3 0x80005eb4 (0xfa4472e3)
core   0: 0x80005e58 (0x03debab3) mulhu   s5, t4, t4
core   0: 3 0x80005e58 (0x03debab3) x21 0x40010a41
core   0: 0x80005e5c (0x0000147d) c.addi  s0, -1
core   0: 3 0x80005e5c (0x147d) x 8 0x00000003
core   0: 0x80005e5e (0x00008ec5) c.or    a3, s1
core   0: 3 0x80005e5e (0x8ec5) x13 0xffffffff
core   0: 0x80005e60 (0x000095c2) c.add   a1, a6
core   0: 3 0x80005e60 (0x95c2) x11 0x0000034a
core   0: 0x80005e62 (0x03d1f1b3) remu    gp, gp, t4
core   0: 3 0x80005e62 (0x03d1f1b3) x 3 0x000000d5
core   0: 0x80005e66 (0x40998633) sub     a2, s3, s1
core   0: 3 0x80005e66 (0x40998633) x12 0x00000000
core   0: 0x80005e6a (0x883c5ab7) lui     s5, 0x883c5
core   0: 3 0x80005e6a (0x883c5ab7) x21 0x883c5000
core   0: 0x80005e6e (0x0198d013) srli    zero, a7, 25
core   0: 3 0x80005e6e (0x0198d013)
core   0: 0x80005e72 (0x03ad20b3) mulhsu  ra, s10, s10
core   0: 3 0x80005e72 (0x03ad20b3) x 1 0x00000000
core   0: 0x80005e76 (0x00332633) slt     a2, t1, gp
core   0: 3 0x80005e76 (0x00332633) x12 0x00000001
core   0: 0x80005e7a (0xffc00493) li      s1, -4
core   0: 3 0x80005e7a (0xffc00493) x 9 0xfffffffc
core   0: 0x80005e7e (0x000010fd) c.addi  ra, -1
core   0: 3 0x80005e7e (0x10fd) x 1 0xffffffff
core   0: 0x80005e80 (0x4125d113) srai    sp, a1, 18
core   0: 3 0x80005e80 (0x4125d113) x 2 0x00000000
core   0: 0x80005e84 (0x00200993) li      s3, 2
core   0: 3 0x80005e84 (0x00200993) x19 0x00000002
core   0: 0x80005e88 (0x0000717d) c.addi16sp sp, -16
core   0: 3 0x80005e88 (0x717d) x 2 0xfffffff0
core   0: 0x80005e8a (0x000016fd) c.addi  a3, -1
core   0: 3 0x80005e8a (0x16fd) x13 0xfffffffe
core   0: 0x80005e8c (0x00009d06) c.add   s10, ra
core   0: 3 0x80005e8c (0x9d06) x26 0x0000009a
core   0: 0x80005e8e (0x003bf2b3) and     t0, s7, gp
core   0: 3 0x80005e8e (0x003bf2b3) x 5 0x00000000
core   0: 0x80005e92 (0x000086ed) c.srai  a3, 27
core   0: 3 0x80005e92 (0x86ed) x13 0xffffffff
core   0: 0x80005e94 (0x00000499) c.addi  s1, 6
core   0: 3 0x80005e94 (0x0499) x 9 0x00000002
core   0: 0x80005e96 (0x00cfd7b3) srl     a5, t6, a2
core   0: 3 0x80005e96 (0x00cfd7b3) x15 0x00005e7a
core   0: 0x80005e9a (0x409402b3) sub     t0, s0, s1
core   0: 3 0x80005e9a (0x409402b3) x 5 0x00000001
core   0: 0x80005e9e (0xff34e8e3) bltu    s1, s3, pc - 16
core   0: 3 0x80005e9e (0xff34e8e3)
core   0: 0x80005ea2 (0x01d82033) slt     zero, a6, t4
core   0: 3 0x80005ea2 (0x01d82033)
core   0: 0x80005ea6 (0x03614533) div     a0, sp, s6
core   0: 3 0x80005ea6 (0x03614533) x10 0x00000000
core   0: 0x80005eaa (0xa51e0b93) addi    s7, t3, -1455
core   0: 3 0x80005eaa (0xa51e0b93) x23 0xfffffa30
core   0: 0x80005eae (0x00001090) c.addi4spn a2, sp, 96
core   0: 3 0x80005eae (0x1090) x12 0x00000050
core   0: 0x80005eb0 (0x0011dbb3) srl     s7, gp, ra
core   0: 3 0x80005eb0 (0x0011dbb3) x23 0x00000000
core   0: 0x80005eb4 (0xfa4472e3) bgeu    s0, tp, pc - 92
core   0: 3 0x80005eb4 (0xfa4472e3)
core   0: 0x80005e58 (0x03debab3) mulhu   s5, t4, t4
core   0: 3 0x80005e58 (0x03debab3) x21 0x40010a41
core   0: 0x80005e5c (0x0000147d) c.addi  s0, -1
core   0: 3 0x80005e5c (0x147d) x 8 0x00000002
core   0: 0x80005e5e (0x00008ec5) c.or    a3, s1
core   0: 3 0x80005e5e (0x8ec5) x13 0xffffffff
core   0: 0x80005e60 (0x000095c2) c.add   a1, a6
core   0: 3 0x80005e60 (0x95c2) x11 0x000003b0
core   0: 0x80005e62 (0x03d1f1b3) remu    gp, gp, t4
core   0: 3 0x80005e62 (0x03d1f1b3) x 3 0x000000d5
core   0: 0x80005e66 (0x40998633) sub     a2, s3, s1
core   0: 3 0x80005e66 (0x40998633) x12 0x00000000
core   0: 0x80005e6a (0x883c5ab7) lui     s5, 0x883c5
core   0: 3 0x80005e6a (0x883c5ab7) x21 0x883c5000
core   0: 0x80005e6e (0x0198d013) srli    zero, a7, 25
core   0: 3 0x80005e6e (0x0198d013)
core   0: 0x80005e72 (0x03ad20b3) mulhsu  ra, s10, s10
core   0: 3 0x80005e72 (0x03ad20b3) x 1 0x00000000
core   0: 0x80005e76 (0x00332633) slt     a2, t1, gp
core   0: 3 0x80005e76 (0x00332633) x12 0x00000001
core   0: 0x80005e7a (0xffc00493) li      s1, -4
core   0: 3 0x80005e7a (0xffc00493) x 9 0xfffffffc
core   0: 0x80005e7e (0x000010fd) c.addi  ra, -1
core   0: 3 0x80005e7e (0x10fd) x 1 0xffffffff
core   0: 0x80005e80 (0x4125d113) srai    sp, a1, 18
core   0: 3 0x80005e80 (0x4125d113) x 2 0x00000000
core   0: 0x80005e84 (0x00200993) li      s3, 2
core   0: 3 0x80005e84 (0x00200993) x19 0x00000002
core   0: 0x80005e88 (0x0000717d) c.addi16sp sp, -16
core   0: 3 0x80005e88 (0x717d) x 2 0xfffffff0
core   0: 0x80005e8a (0x000016fd) c.addi  a3, -1
core   0: 3 0x80005e8a (0x16fd) x13 0xfffffffe
core   0: 0x80005e8c (0x00009d06) c.add   s10, ra
core   0: 3 0x80005e8c (0x9d06) x26 0x00000099
core   0: 0x80005e8e (0x003bf2b3) and     t0, s7, gp
core   0: 3 0x80005e8e (0x003bf2b3) x 5 0x00000000
core   0: 0x80005e92 (0x000086ed) c.srai  a3, 27
core   0: 3 0x80005e92 (0x86ed) x13 0xffffffff
core   0: 0x80005e94 (0x00000499) c.addi  s1, 6
core   0: 3 0x80005e94 (0x0499) x 9 0x00000002
core   0: 0x80005e96 (0x00cfd7b3) srl     a5, t6, a2
core   0: 3 0x80005e96 (0x00cfd7b3) x15 0x00005e7a
core   0: 0x80005e9a (0x409402b3) sub     t0, s0, s1
core   0: 3 0x80005e9a (0x409402b3) x 5 0x00000000
core   0: 0x80005e9e (0xff34e8e3) bltu    s1, s3, pc - 16
core   0: 3 0x80005e9e (0xff34e8e3)
core   0: 0x80005ea2 (0x01d82033) slt     zero, a6, t4
core   0: 3 0x80005ea2 (0x01d82033)
core   0: 0x80005ea6 (0x03614533) div     a0, sp, s6
core   0: 3 0x80005ea6 (0x03614533) x10 0x00000000
core   0: 0x80005eaa (0xa51e0b93) addi    s7, t3, -1455
core   0: 3 0x80005eaa (0xa51e0b93) x23 0xfffffa30
core   0: 0x80005eae (0x00001090) c.addi4spn a2, sp, 96
core   0: 3 0x80005eae (0x1090) x12 0x00000050
core   0: 0x80005eb0 (0x0011dbb3) srl     s7, gp, ra
core   0: 3 0x80005eb0 (0x0011dbb3) x23 0x00000000
core   0: 0x80005eb4 (0xfa4472e3) bgeu    s0, tp, pc - 92
core   0: 3 0x80005eb4 (0xfa4472e3)
core   0: 0x80005eb8 (0x009b1b93) slli    s7, s6, 9
core   0: 3 0x80005eb8 (0x009b1b93) x23 0x021c5000
core   0: 0x80005ebc (0x0000ab17) auipc   s6, 0xa
core   0: 3 0x80005ebc (0x0000ab17) x22 0x8000febc
core   0: 0x80005ec0 (0x480b0b13) addi    s6, s6, 1152
core   0: 3 0x80005ec0 (0x480b0b13) x22 0x8001033c
core   0: 0x80005ec4 (0x00016397) auipc   t2, 0x16
core   0: 3 0x80005ec4 (0x00016397) x 7 0x8001bec4
core   0: 0x80005ec8 (0x76d38393) addi    t2, t2, 1901
core   0: 3 0x80005ec8 (0x76d38393) x 7 0x8001c631
core   0: 0x80005ecc (0xf933a983) lw      s3, -109(t2)
core   0: 3 0x80005ecc (0xf933a983) x19 0x572237b2 mem 0x8001c5c4
core   0: 0x80005ed0 (0xfd038e83) lb      t4, -48(t2)
core   0: 3 0x80005ed0 (0xfd038e83) x29 0x00000002 mem 0x8001c601
core   0: 0x80005ed4 (0xfefb0d03) lb      s10, -17(s6)
core   0: 3 0x80005ed4 (0xfefb0d03) x26 0x00000005 mem 0x8001032b
core   0: 0x80005ed8 (0x03fb1923) sh      t6, 50(s6)
core   0: 3 0x80005ed8 (0x03fb1923) mem 0x8001036e 0xbcf4
core   0: 0x80005edc (0xf0538403) lb      s0, -251(t2)
core   0: 3 0x80005edc (0xf0538403) x 8 0xfffffff2 mem 0x8001c536
core   0: 0x80005ee0 (0x03d38503) lb      a0, 61(t2)
core   0: 3 0x80005ee0 (0x03d38503) x10 0xffffffbe mem 0x8001c66e
core   0: 0x80005ee4 (0x015b4183) lbu     gp, 21(s6)
core   0: 3 0x80005ee4 (0x015b4183) x 3 0x00000032 mem 0x80010351
core   0: 0x80005ee8 (0x0013d083) lhu     ra, 1(t2)
core   0: 3 0x80005ee8 (0x0013d083) x 1 0x00006647 mem 0x8001c632
core   0: 0x80005eec (0x02cb5a03) lhu     s4, 44(s6)
core   0: 3 0x80005eec (0x02cb5a03) x20 0x00007ac5 mem 0x80010368
core   0: 0x80005ef0 (0x007b4803) lbu     a6, 7(s6)
core   0: 3 0x80005ef0 (0x007b4803) x16 0x000000ff mem 0x80010343
core   0: 0x80005ef4 (0x00900a93) li      s5, 9
core   0: 3 0x80005ef4 (0x00900a93) x21 0x00000009
core   0: 0x80005ef8 (0x0000100f) fence.i
core   0: 3 0x80005ef8 (0x0000100f)
core   0: 0x80005efc (0x00000888) c.addi4spn a0, sp, 80
core   0: 3 0x80005efc (0x0888) x10 0x00000040
core   0: 0x80005efe (0x001e8d33) add     s10, t4, ra
core   0: 3 0x80005efe (0x001e8d33) x26 0x00006649
core   0: 0x80005f02 (0x00400e93) li      t4, 4
core   0: 3 0x80005f02 (0x00400e93) x29 0x00000004
core   0: 0x80005f06 (0x02c199b3) mulh    s3, gp, a2
core   0: 3 0x80005f06 (0x02c199b3) x19 0x00000000
core   0: 0x80005f0a (0x01d02833) slt     a6, zero, t4
core   0: 3 0x80005f0a (0x01d02833) x16 0x00000001
core   0: 0x80005f0e (0x00ffb533) sltu    a0, t6, a5
core   0: 3 0x80005f0e (0x00ffb533) x10 0x00000000
core   0: 0x80005f12 (0x00df5bb3) srl     s7, t5, a3
core   0: 3 0x80005f12 (0x00df5bb3) x23 0x00000001
core   0: 0x80005f16 (0x01e9c6b3) xor     a3, s3, t5
core   0: 3 0x80005f16 (0x01e9c6b3) x13 0x80010f5d
core   0: 0x80005f1a (0x012e1a33) sll     s4, t3, s2
core   0: 3 0x80005f1a (0x012e1a33) x20 0xfffdf000
core   0: 0x80005f1e (0x0278de33) divu    t3, a7, t2
core   0: 3 0x80005f1e (0x0278de33) x28 0x00000001
core   0: 0x80005f22 (0x0000717d) c.addi16sp sp, -16
core   0: 3 0x80005f22 (0x717d) x 2 0xffffffe0
core   0: 0x80005f24 (0x00001704) c.addi4spn s1, sp, 928
core   0: 3 0x80005f24 (0x1704) x 9 0x00000380
core   0: 0x80005f26 (0x02a16db3) rem     s11, sp, a0
core   0: 3 0x80005f26 (0x02a16db3) x27 0xffffffe0
core   0: 0x80005f2a (0xca7eed13) ori     s10, t4, -857
core   0: 3 0x80005f2a (0xca7eed13) x26 0xfffffca7
core   0: 0x80005f2e (0x00009f5e) c.add   t5, s7
core   0: 3 0x80005f2e (0x9f5e) x30 0x80010f5e
core   0: 0x80005f30 (0x00001af5) c.addi  s5, -3
core   0: 3 0x80005f30 (0x1af5) x21 0x00000006
core   0: 0x80005f32 (0x01e929b3) slt     s3, s2, t5
core   0: 3 0x80005f32 (0x01e929b3) x19 0x00000000
core   0: 0x80005f36 (0x00006fe1) c.lui   t6, 0x18
core   0: 3 0x80005f36 (0x6fe1) x31 0x00018000
core   0: 0x80005f38 (0x00008d69) c.and   a0, a0
core   0: 3 0x80005f38 (0x8d69) x10 0x00000000
core   0: 0x80005f3a (0x0000587d) c.li    a6, -1
core   0: 3 0x80005f3a (0x587d) x16 0xffffffff
core   0: 0x80005f3c (0x002272b3) and     t0, tp, sp
core   0: 3 0x80005f3c (0x002272b3) x 5 0x00000000
core   0: 0x80005f40 (0x40a150b3) sra     ra, sp, a0
core   0: 3 0x80005f40 (0x40a150b3) x 1 0xffffffe0
core   0: 0x80005f44 (0x02ad7fb3) remu    t6, s10, a0
core   0: 3 0x80005f44 (0x02ad7fb3) x31 0xfffffca7
core   0: 0x80005f48 (0x00a3e833) or      a6, t2, a0
core   0: 3 0x80005f48 (0x00a3e833) x16 0x8001c631
core   0: 0x80005f4c (0x020179b3) remu    s3, sp, zero
core   0: 3 0x80005f4c (0x020179b3) x19 0xffffffe0
core   0: 0x80005f50 (0x02b7b033) mulhu   zero, a5, a1
core   0: 3 0x80005f50 (0x02b7b033)
core   0: 0x80005f54 (0xfddaf5e3) bgeu    s5, t4, pc - 54
core   0: 3 0x80005f54 (0xfddaf5e3)
core   0: 0x80005f1e (0x0278de33) divu    t3, a7, t2
core   0: 3 0x80005f1e (0x0278de33) x28 0x00000001
core   0: 0x80005f22 (0x0000717d) c.addi16sp sp, -16
core   0: 3 0x80005f22 (0x717d) x 2 0xffffffd0
core   0: 0x80005f24 (0x00001704) c.addi4spn s1, sp, 928
core   0: 3 0x80005f24 (0x1704) x 9 0x00000370
core   0: 0x80005f26 (0x02a16db3) rem     s11, sp, a0
core   0: 3 0x80005f26 (0x02a16db3) x27 0xffffffd0
core   0: 0x80005f2a (0xca7eed13) ori     s10, t4, -857
core   0: 3 0x80005f2a (0xca7eed13) x26 0xfffffca7
core   0: 0x80005f2e (0x00009f5e) c.add   t5, s7
core   0: 3 0x80005f2e (0x9f5e) x30 0x80010f5f
core   0: 0x80005f30 (0x00001af5) c.addi  s5, -3
core   0: 3 0x80005f30 (0x1af5) x21 0x00000003
core   0: 0x80005f32 (0x01e929b3) slt     s3, s2, t5
core   0: 3 0x80005f32 (0x01e929b3) x19 0x00000000
core   0: 0x80005f36 (0x00006fe1) c.lui   t6, 0x18
core   0: 3 0x80005f36 (0x6fe1) x31 0x00018000
core   0: 0x80005f38 (0x00008d69) c.and   a0, a0
core   0: 3 0x80005f38 (0x8d69) x10 0x00000000
core   0: 0x80005f3a (0x0000587d) c.li    a6, -1
core   0: 3 0x80005f3a (0x587d) x16 0xffffffff
core   0: 0x80005f3c (0x002272b3) and     t0, tp, sp
core   0: 3 0x80005f3c (0x002272b3) x 5 0x00000000
core   0: 0x80005f40 (0x40a150b3) sra     ra, sp, a0
core   0: 3 0x80005f40 (0x40a150b3) x 1 0xffffffd0
core   0: 0x80005f44 (0x02ad7fb3) remu    t6, s10, a0
core   0: 3 0x80005f44 (0x02ad7fb3) x31 0xfffffca7
core   0: 0x80005f48 (0x00a3e833) or      a6, t2, a0
core   0: 3 0x80005f48 (0x00a3e833) x16 0x8001c631
core   0: 0x80005f4c (0x020179b3) remu    s3, sp, zero
core   0: 3 0x80005f4c (0x020179b3) x19 0xffffffd0
core   0: 0x80005f50 (0x02b7b033) mulhu   zero, a5, a1
core   0: 3 0x80005f50 (0x02b7b033)
core   0: 0x80005f54 (0xfddaf5e3) bgeu    s5, t4, pc - 54
core   0: 3 0x80005f54 (0xfddaf5e3)
core   0: 0x80005f58 (0x41e58833) sub     a6, a1, t5
core   0: 3 0x80005f58 (0x41e58833) x16 0x7ffef451
core   0: 0x80005f5c (0x0000e797) auipc   a5, 0xe
core   0: 3 0x80005f5c (0x0000e797) x15 0x80013f5c
core   0: 0x80005f60 (0x66478793) addi    a5, a5, 1636
core   0: 3 0x80005f60 (0x66478793) x15 0x800145c0
core   0: 0x80005f64 (0xfc17a423) sw      ra, -56(a5)
core   0: 3 0x80005f64 (0xfc17a423) mem 0x80014588 0xffffffd0
core   0: 0x80005f68 (0x0617cd83) lbu     s11, 97(a5)
core   0: 3 0x80005f68 (0x0617cd83) x27 0x0000002e mem 0x80014621
core   0: 0x80005f6c (0x0297c903) lbu     s2, 41(a5)
core   0: 3 0x80005f6c (0x0297c903) x18 0x00000033 mem 0x800145e9
core   0: 0x80005f70 (0x00b1ad33) slt     s10, gp, a1
core   0: 3 0x80005f70 (0x00b1ad33) x26 0x00000001
core   0: 0x80005f74 (0x01f19613) slli    a2, gp, 31
core   0: 3 0x80005f74 (0x01f19613) x12 0x00000000
core   0: 0x80005f78 (0x02a35f33) divu    t5, t1, a0
core   0: 3 0x80005f78 (0x02a35f33) x30 0xffffffff
core   0: 0x80005f7c (0x04479e03) lh      t3, 68(a5)
core   0: 3 0x80005f7c (0x04479e03) x28 0xfffff525 mem 0x80014604
core   0: 0x80005f80 (0x038242b3) div     t0, tp, s8
core   0: 3 0x80005f80 (0x038242b3) x 5 0x00000000
core   0: 0x80005f84 (0x033c4333) div     t1, s8, s3
core   0: 3 0x80005f84 (0x033c4333) x 6 0x00000000
core   0: 0x80005f88 (0x018e3033) sltu    zero, t3, s8
core   0: 3 0x80005f88 (0x018e3033)
core   0: 0x80005f8c (0x00000c49) c.addi  s8, 18
core   0: 3 0x80005f8c (0x0c49) x24 0x0000003c
core   0: 0x80005f8e (0x013e2bb3) slt     s7, t3, s3
core   0: 3 0x80005f8e (0x013e2bb3) x23 0x00000001
core   0: 0x80005f92 (0xff978383) lb      t2, -7(a5)
core   0: 3 0x80005f92 (0xff978383) x 7 0xffffff9f mem 0x800145b9
core   0: 0x80005f96 (0x40f6d033) sra     zero, a3, a5
core   0: 3 0x80005f96 (0x40f6d033)
core   0: 0x80005f9a (0x007630b3) sltu    ra, a2, t2
core   0: 3 0x80005f9a (0x007630b3) x 1 0x00000001
core   0: 0x80005f9e (0xfb07c683) lbu     a3, -80(a5)
core   0: 3 0x80005f9e (0xfb07c683) x13 0x0000002d mem 0x80014570
core   0: 0x80005fa2 (0x0b278ea3) sb      s2, 189(a5)
core   0: 3 0x80005fa2 (0x0b278ea3) mem 0x8001467d 0x33
core   0: 0x80005fa6 (0x0007aa03) lw      s4, 0(a5)
core   0: 3 0x80005fa6 (0x0007aa03) x20 0xd60dc9ab mem 0x800145c0
core   0: 0x80005faa (0x014354b3) srl     s1, t1, s4
core   0: 3 0x80005faa (0x014354b3) x 9 0x00000000
core   0: 0x80005fae (0xfb578ca3) sb      s5, -71(a5)
core   0: 3 0x80005fae (0xfb578ca3) mem 0x80014579 0x3
core   0: 0x80005fb2 (0xfa479d03) lh      s10, -92(a5)
core   0: 3 0x80005fb2 (0xfa479d03) x26 0xffff9f9d mem 0x80014564
core   0: 0x80005fb6 (0x000085b2) c.mv    a1, a2
core   0: 3 0x80005fb6 (0x85b2) x11 0x00000000
core   0: 0x80005fb8 (0x0282eeb3) rem     t4, t0, s0
core   0: 3 0x80005fb8 (0x0282eeb3) x29 0x00000000
core   0: 0x80005fbc (0x00d58933) add     s2, a1, a3
core   0: 3 0x80005fbc (0x00d58933) x18 0x0000002d
core   0: 0x80005fc0 (0x07e78923) sb      t5, 114(a5)
core   0: 3 0x80005fc0 (0x07e78923) mem 0x80014632 0xff
core   0: 0x80005fc4 (0x00000001) c.nop
core   0: 3 0x80005fc4 (0x0001)
core   0: 0x80005fc6 (0x00008ee1) c.and   a3, s0
core   0: 3 0x80005fc6 (0x8ee1) x13 0x00000020
core   0: 0x80005fc8 (0x013263b3) or      t2, tp, s3
core   0: 3 0x80005fc8 (0x013263b3) x 7 0xffffffd3
core   0: 0x80005fcc (0xf6f780a3) sb      a5, -159(a5)
core   0: 3 0x80005fcc (0xf6f780a3) mem 0x80014521 0xc0
core   0: 0x80005fd0 (0xfe578e23) sb      t0, -4(a5)
core   0: 3 0x80005fd0 (0xfe578e23) mem 0x800145bc 0x0
core   0: 0x80005fd4 (0x0b778aa3) sb      s7, 181(a5)
core   0: 3 0x80005fd4 (0x0b778aa3) mem 0x80014675 0x1
core   0: 0x80005fd8 (0x00004c29) c.li    s8, 10
core   0: 3 0x80005fd8 (0x4c29) x24 0x0000000a
core   0: 0x80005fda (0x00000f32) c.slli  t5, 12
core   0: 3 0x80005fda (0x0f32) x30 0xfffff000
core   0: 0x80005fdc (0x01709993) slli    s3, ra, 23
core   0: 3 0x80005fdc (0x01709993) x19 0x00800000
core   0: 0x80005fe0 (0xf1378e03) lb      t3, -237(a5)
core   0: 3 0x80005fe0 (0xf1378e03) x28 0xffffffcf mem 0x800144d3
core   0: 0x80005fe4 (0x00864db3) xor     s11, a2, s0
core   0: 3 0x80005fe4 (0x00864db3) x27 0xfffffff2
core   0: 0x80005fe8 (0xf6079f83) lh      t6, -160(a5)
core   0: 3 0x80005fe8 (0xf6079f83) x31 0xffffc075 mem 0x80014520
core   0: 0x80005fec (0x000081e9) c.srli  a1, 26
core   0: 3 0x80005fec (0x81e9) x11 0x00000000
core   0: 0x80005fee (0x0000117d) c.addi  sp, -1
core   0: 3 0x80005fee (0x117d) x 2 0xffffffcf
core   0: 0x80005ff0 (0x0f078323) sb      a6, 230(a5)
core   0: 3 0x80005ff0 (0x0f078323) mem 0x800146a6 0x51
core   0: 0x80005ff4 (0xf9e7aa23) sw      t5, -108(a5)
core   0: 3 0x80005ff4 (0xf9e7aa23) mem 0x80014554 0xfffff000
core   0: 0x80005ff8 (0x00000f4d) c.addi  t5, 19
core   0: 3 0x80005ff8 (0x0f4d) x30 0xfffff013
core   0: 0x80005ffa (0x01f8dbb3) srl     s7, a7, t6
core   0: 3 0x80005ffa (0x01f8dbb3) x23 0x00000400
core   0: 0x80005ffe (0x3d614093) xori    ra, sp, 982
core   0: 3 0x80005ffe (0x3d614093) x 1 0xfffffc19
core   0: 0x80006002 (0x0000100f) fence.i
core   0: 3 0x80006002 (0x0000100f)
core   0: 0x80006006 (0x0c87c983) lbu     s3, 200(a5)
core   0: 3 0x80006006 (0x0c87c983) x19 0x0000005d mem 0x80014688
core   0: 0x8000600a (0x0000f217) auipc   tp, 0xf
core   0: 3 0x8000600a (0x0000f217) x 4 0x8001500a
core   0: 0x8000600e (0x10c20213) addi    tp, tp, 268
core   0: 3 0x8000600e (0x10c20213) x 4 0x80015116
core   0: 0x80006012 (0x0000d517) auipc   a0, 0xd
core   0: 3 0x80006012 (0x0000d517) x10 0x80013012
core   0: 0x80006016 (0xc2850513) addi    a0, a0, -984
core   0: 3 0x80006016 (0xc2850513) x10 0x80012c3a
core   0: 0x8000601a (0xfb320803) lb      a6, -77(tp)
core   0: 3 0x8000601a (0xfb320803) x16 0x00000040 mem 0x800150c9
core   0: 0x8000601e (0x00851803) lh      a6, 8(a0)
core   0: 3 0x8000601e (0x00851803) x16 0x000028cf mem 0x80012c42
core   0: 0x80006022 (0x7d520603) lb      a2, 2005(tp)
core   0: 3 0x80006022 (0x7d520603) x12 0xffffffdc mem 0x800158eb
core   0: 0x80006026 (0x62825e83) lhu     t4, 1576(tp)
core   0: 3 0x80006026 (0x62825e83) x29 0x0000b026 mem 0x8001573e
core   0: 0x8000602a (0xffc55403) lhu     s0, -4(a0)
core   0: 3 0x8000602a (0xffc55403) x 8 0x000059d7 mem 0x80012c36
core   0: 0x8000602e (0x00154303) lbu     t1, 1(a0)
core   0: 3 0x8000602e (0x00154303) x 6 0x0000009d mem 0x80012c3b
core   0: 0x80006032 (0x00750423) sb      t2, 8(a0)
core   0: 3 0x80006032 (0x00750423) mem 0x80012c42 0xd3
core   0: 0x80006036 (0x00b50a03) lb      s4, 11(a0)
core   0: 3 0x80006036 (0x00b50a03) x20 0xffffffe7 mem 0x80012c45
core   0: 0x8000603a (0x56724903) lbu     s2, 1383(tp)
core   0: 3 0x8000603a (0x56724903) x18 0x0000001b mem 0x8001567d
core   0: 0x8000603e (0x00c50d83) lb      s11, 12(a0)
core   0: 3 0x8000603e (0x00c50d83) x27 0xffffffa3 mem 0x80012c46
core   0: 0x80006042 (0x019507a3) sb      s9, 15(a0)
core   0: 3 0x80006042 (0x019507a3) mem 0x80012c49 0x0
core   0: 0x80006046 (0x88820a03) lb      s4, -1912(tp)
core   0: 3 0x80006046 (0x88820a03) x20 0xffffffc1 mem 0x8001499e
core   0: 0x8000604a (0xff150483) lb      s1, -15(a0)
core   0: 3 0x8000604a (0xff150483) x 9 0x00000037 mem 0x80012c2b
core   0: 0x8000604e (0xfe050923) sb      zero, -14(a0)
core   0: 3 0x8000604e (0xfe050923) mem 0x80012c2c 0x0
core   0: 0x80006052 (0xfe650ba3) sb      t1, -9(a0)
core   0: 3 0x80006052 (0xfe650ba3) mem 0x80012c31 0x9d
core   0: 0x80006056 (0x022002ef) jal     t0, pc + 0x22
core   0: 3 0x80006056 (0x022002ef) x 5 0x8000605a
core   0: 0x80006078 (0xff9ff2ef) jal     t0, pc - 0x8
core   0: 3 0x80006078 (0xff9ff2ef) x 5 0x8000607c
core   0: 0x80006070 (0x00003fc5) c.jal   pc - 16
core   0: 3 0x80006070 (0x3fc5) x 1 0x80006072
core   0: 0x80006060 (0xfffff36f) jal     t1, pc - 0x2
core   0: 3 0x80006060 (0xfffff36f) x 6 0x80006064
core   0: 0x8000605e (0x00002029) c.jal   pc + 10
core   0: 3 0x8000605e (0x2029) x 1 0x80006060
core   0: 0x80006068 (0x0000a039) c.j     pc + 14
core   0: 3 0x80006068 (0xa039)
core   0: 0x80006076 (0x000037d5) c.jal   pc - 28
core   0: 3 0x80006076 (0x37d5) x 1 0x80006078
core   0: 0x8000605a (0x028000ef) jal     pc + 0x28
core   0: 3 0x8000605a (0x028000ef) x 1 0x8000605e
core   0: 0x80006082 (0x000037e5) c.jal   pc - 24
core   0: 3 0x80006082 (0x37e5) x 1 0x80006084
core   0: 0x8000606a (0x00003ff5) c.jal   pc - 4
core   0: 3 0x8000606a (0x3ff5) x 1 0x8000606c
core   0: 0x80006066 (0x0000a005) c.j     pc + 32
core   0: 3 0x80006066 (0xa005)
core   0: 0x80006086 (0x000037dd) c.jal   pc - 26
core   0: 3 0x80006086 (0x37dd) x 1 0x80006088
core   0: 0x8000606c (0x01c000ef) jal     pc + 0x1c
core   0: 3 0x8000606c (0x01c000ef) x 1 0x80006070
core   0: 0x80006088 (0xff9ff7ef) jal     a5, pc - 0x8
core   0: 3 0x80006088 (0xff9ff7ef) x15 0x8000608c
core   0: 0x80006080 (0x00002011) c.jal   pc + 4
core   0: 3 0x80006080 (0x2011) x 1 0x80006082
core   0: 0x80006084 (0x00003fe5) c.jal   pc - 8
core   0: 3 0x80006084 (0x3fe5) x 1 0x80006086
core   0: 0x8000607c (0xff7ff3ef) jal     t2, pc - 0xa
core   0: 3 0x8000607c (0xff7ff3ef) x 7 0x80006080
core   0: 0x80006072 (0xff3ff26f) jal     tp, pc - 0xe
core   0: 3 0x80006072 (0xff3ff26f) x 4 0x80006076
core   0: 0x80006064 (0x00002025) c.jal   pc + 40
core   0: 3 0x80006064 (0x2025) x 1 0x80006066
core   0: 0x8000608c (0x000085dd) c.srai  a1, 23
core   0: 3 0x8000608c (0x85dd) x11 0x00000000
core   0: 0x8000608e (0x0000a117) auipc   sp, 0xa
core   0: 3 0x8000608e (0x0000a117) x 2 0x8001008e
core   0: 0x80006092 (0x13a10113) addi    sp, sp, 314
core   0: 3 0x80006092 (0x13a10113) x 2 0x800101c8
core   0: 0x80006096 (0x5a210383) lb      t2, 1442(sp)
core   0: 3 0x80006096 (0x5a210383) x 7 0x00000078 mem 0x8001076a
core   0: 0x8000609a (0x5b810123) sb      s8, 1442(sp)
core   0: 3 0x8000609a (0x5b810123) mem 0x8001076a 0xa
core   0: 0x8000609e (0x5b611123) sh      s6, 1442(sp)
core   0: 3 0x8000609e (0x5b611123) mem 0x8001076a 0x033c
core   0: 0x800060a2 (0x5a215183) lhu     gp, 1442(sp)
core   0: 3 0x800060a2 (0x5a215183) x 3 0x0000033c mem 0x8001076a
core   0: 0x800060a6 (0xc5e6a813) slti    a6, a3, -930
core   0: 3 0x800060a6 (0xc5e6a813) x16 0x00000000
core   0: 0x800060aa (0x5a611123) sh      t1, 1442(sp)
core   0: 3 0x800060aa (0x5a611123) mem 0x8001076a 0x6064
core   0: 0x800060ae (0x5ae10123) sb      a4, 1442(sp)
core   0: 3 0x800060ae (0x5ae10123) mem 0x8001076a 0xe4
core   0: 0x800060b2 (0x0168b833) sltu    a6, a7, s6
core   0: 3 0x800060b2 (0x0168b833) x16 0x00000000
core   0: 0x800060b6 (0x5a210283) lb      t0, 1442(sp)
core   0: 3 0x800060b6 (0x5a210283) x 5 0xffffffe4 mem 0x8001076a
core   0: 0x800060ba (0x5a214a83) lbu     s5, 1442(sp)
core   0: 3 0x800060ba (0x5a214a83) x21 0x000000e4 mem 0x8001076a
core   0: 0x800060be (0x00cd6c33) or      s8, s10, a2
core   0: 3 0x800060be (0x00cd6c33) x24 0xffffffdd
core   0: 0x800060c2 (0x5a214983) lbu     s3, 1442(sp)
core   0: 3 0x800060c2 (0x5a214983) x19 0x000000e4 mem 0x8001076a
core   0: 0x800060c6 (0x5a210123) sb      sp, 1442(sp)
core   0: 3 0x800060c6 (0x5a210123) mem 0x8001076a 0xc8
core   0: 0x800060ca (0x5a214c03) lbu     s8, 1442(sp)
core   0: 3 0x800060ca (0x5a214c03) x24 0x000000c8 mem 0x8001076a
core   0: 0x800060ce (0x5a510123) sb      t0, 1442(sp)
core   0: 3 0x800060ce (0x5a510123) mem 0x8001076a 0xe4
core   0: 0x800060d2 (0x35b107a3) sb      s11, 847(sp)
core   0: 3 0x800060d2 (0x35b107a3) mem 0x80010517 0xa3
core   0: 0x800060d6 (0x34f10c03) lb      s8, 847(sp)
core   0: 3 0x800060d6 (0x34f10c03) x24 0xffffffa3 mem 0x80010517
core   0: 0x800060da (0x00000001) c.nop
core   0: 3 0x800060da (0x0001)
core   0: 0x800060dc (0x7fa11303) lh      t1, 2042(sp)
core   0: 3 0x800060dc (0x7fa11303) x 6 0xffffd044 mem 0x800109c2
core   0: 0x800060e0 (0x451100a3) sb      a7, 1089(sp)
core   0: 3 0x800060e0 (0x451100a3) mem 0x80010609 0x28
core   0: 0x800060e4 (0x44114c03) lbu     s8, 1089(sp)
core   0: 3 0x800060e4 (0x44114c03) x24 0x00000028 mem 0x80010609
core   0: 0x800060e8 (0x44110083) lb      ra, 1089(sp)
core   0: 3 0x800060e8 (0x44110083) x 1 0x00000028 mem 0x80010609
core   0: 0x800060ec (0x446100a3) sb      t1, 1089(sp)
core   0: 3 0x800060ec (0x446100a3) mem 0x80010609 0x44
core   0: 0x800060f0 (0x444100a3) sb      tp, 1089(sp)
core   0: 3 0x800060f0 (0x444100a3) mem 0x80010609 0x76
core   0: 0x800060f4 (0x0001a797) auipc   a5, 0x1a
core   0: 3 0x800060f4 (0x0001a797) x15 0x800200f4
core   0: 0x800060f8 (0x79b78793) addi    a5, a5, 1947
core   0: 3 0x800060f8 (0x79b78793) x15 0x8002088f
core   0: 0x800060fc (0x00012997) auipc   s3, 0x12
core   0: 3 0x800060fc (0x00012997) x19 0x800180fc
core   0: 0x80006100 (0x52398993) addi    s3, s3, 1315
core   0: 3 0x80006100 (0x52398993) x19 0x8001861f
core   0: 0x80006104 (0xdb979a03) lh      s4, -583(a5)
core   0: 3 0x80006104 (0xdb979a03) x20 0x00004d03 mem 0x80020648
core   0: 0x80006108 (0xeb49c103) lbu     sp, -332(s3)
core   0: 3 0x80006108 (0xeb49c103) x 2 0x00000026 mem 0x800184d3
core   0: 0x8000610c (0x0000fe97) auipc   t4, 0xf
core   0: 3 0x8000610c (0x0000fe97) x29 0x8001510c
core   0: 0x80006110 (0xb2de8e93) addi    t4, t4, -1235
core   0: 3 0x80006110 (0xb2de8e93) x29 0x80014c39
core   0: 0x80006114 (0xf7e9c103) lbu     sp, -130(s3)
core   0: 3 0x80006114 (0xf7e9c103) x 2 0x000000c6 mem 0x8001859d
core   0: 0x80006118 (0x02e9a8a3) sw      a4, 49(s3)
core   0: 3 0x80006118 (0x02e9a8a3) mem 0x80018650 0x80029ce4
core   0: 0x8000611c (0xb667c103) lbu     sp, -1178(a5)
core   0: 3 0x8000611c (0xb667c103) x 2 0x0000002d mem 0x800203f5
core   0: 0x80006120 (0xf3ce92a3) sh      t3, -219(t4)
core   0: 3 0x80006120 (0xf3ce92a3) mem 0x80014b5e 0xffcf
core   0: 0x80006124 (0x8c27c683) lbu     a3, -1854(a5)
core   0: 3 0x80006124 (0x8c27c683) x13 0x000000cb mem 0x80020151
core   0: 0x80006128 (0xd3b78b23) sb      s11, -714(a5)
core   0: 3 0x80006128 (0xd3b78b23) mem 0x800205c5 0xa3
core   0: 0x8000612c (0xa909c003) lbu     zero, -1392(s3)
core   0: 3 0x8000612c (0xa909c003) mem 0x800180af
core   0: 0x80006130 (0xb5178f83) lb      t6, -1199(a5)
core   0: 3 0x80006130 (0xb5178f83) x31 0x00000009 mem 0x800203e0
core   0: 0x80006134 (0x00ce8a03) lb      s4, 12(t4)
core   0: 3 0x80006134 (0x00ce8a03) x20 0xffffffa2 mem 0x80014c45
core   0: 0x80006138 (0x4897cc03) lbu     s8, 1161(a5)
core   0: 3 0x80006138 (0x4897cc03) x24 0x0000004b mem 0x80020d18
core   0: 0x8000613c (0x96999183) lh      gp, -1687(s3)
core   0: 3 0x8000613c (0x96999183) x 3 0x000063c2 mem 0x80017f88
core   0: 0x80006140 (0xf12e8503) lb      a0, -238(t4)
core   0: 3 0x80006140 (0xf12e8503) x10 0x0000004e mem 0x80014b4b
core   0: 0x80006144 (0xcf578b23) sb      s5, -778(a5)
core   0: 3 0x80006144 (0xcf578b23) mem 0x80020585 0xe4
core   0: 0x80006148 (0xba478a23) sb      tp, -1100(a5)
core   0: 3 0x80006148 (0xba478a23) mem 0x80020443 0x76
core   0: 0x8000614c (0x6599cb83) lbu     s7, 1625(s3)
core   0: 3 0x8000614c (0x6599cb83) x23 0x000000e0 mem 0x80018c78
core   0: 0x80006150 (0xc2e98f03) lb      t5, -978(s3)
core   0: 3 0x80006150 (0xc2e98f03) x30 0x00000018 mem 0x8001824d
core   0: 0x80006154 (0xf04ec203) lbu     tp, -252(t4)
core   0: 3 0x80006154 (0xf04ec203) x 4 0x0000005e mem 0x80014b3d
core   0: 0x80006158 (0xf16ecb03) lbu     s6, -234(t4)
core   0: 3 0x80006158 (0xf16ecb03) x22 0x00000013 mem 0x80014b4f
core   0: 0x8000615c (0x7797ca83) lbu     s5, 1913(a5)
core   0: 3 0x8000615c (0x7797ca83) x21 0x00000038 mem 0x80021008
core   0: 0x80006160 (0xa509c383) lbu     t2, -1456(s3)
core   0: 3 0x80006160 (0xa509c383) x 7 0x000000de mem 0x8001806f
core   0: 0x80006164 (0xfe9e8103) lb      sp, -23(t4)
core   0: 3 0x80006164 (0xfe9e8103) x 2 0x00000076 mem 0x80014c22
core   0: 0x80006168 (0xa6378a83) lb      s5, -1437(a5)
core   0: 3 0x80006168 (0xa6378a83) x21 0xffffffc2 mem 0x800202f2
core   0: 0x8000616c (0x070ecf03) lbu     t5, 112(t4)
core   0: 3 0x8000616c (0x070ecf03) x30 0x00000052 mem 0x80014ca9
core   0: 0x80006170 (0x01a002ef) jal     t0, pc + 0x1a
core   0: 3 0x80006170 (0x01a002ef) x 5 0x80006174
core   0: 0x8000618a (0xff9ff0ef) jal     pc - 0x8
core   0: 3 0x8000618a (0xff9ff0ef) x 1 0x8000618e
core   0: 0x80006182 (0x0000a039) c.j     pc + 14
core   0: 3 0x80006182 (0xa039)
core   0: 0x80006190 (0x0000bffd) c.j     pc - 2
core   0: 3 0x80006190 (0xbffd)
core   0: 0x8000618e (0x000037f5) c.jal   pc - 20
core   0: 3 0x8000618e (0x37f5) x 1 0x80006190
core   0: 0x8000617a (0x0000a019) c.j     pc + 6
core   0: 3 0x8000617a (0xa019)
core   0: 0x80006180 (0x0000bffd) c.j     pc - 2
core   0: 3 0x80006180 (0xbffd)
core   0: 0x8000617e (0x00002019) c.jal   pc + 6
core   0: 3 0x8000617e (0x2019) x 1 0x80006180
core   0: 0x80006184 (0xff1ff36f) jal     t1, pc - 0x10
core   0: 3 0x80006184 (0xff1ff36f) x 6 0x80006188
core   0: 0x80006174 (0x0000a009) c.j     pc + 2
core   0: 3 0x80006174 (0xa009)
core   0: 0x80006176 (0x0000a809) c.j     pc + 18
core   0: 3 0x80006176 (0xa809)
core   0: 0x80006188 (0x00003fd5) c.jal   pc - 12
core   0: 3 0x80006188 (0x3fd5) x 1 0x8000618a
core   0: 0x8000617c (0x00002819) c.jal   pc + 22
core   0: 3 0x8000617c (0x2819) x 1 0x8000617e
core   0: 0x80006192 (0xfe7ff0ef) jal     pc - 0x1a
core   0: 3 0x80006192 (0xfe7ff0ef) x 1 0x80006196
core   0: 0x80006178 (0x0000a839) c.j     pc + 30
core   0: 3 0x80006178 (0xa839)
core   0: 0x80006196 (0x025efc33) remu    s8, t4, t0
core   0: 3 0x80006196 (0x025efc33) x24 0x0000eac5
core   0: 0x8000619a (0x00014c17) auipc   s8, 0x14
core   0: 3 0x8000619a (0x00014c17) x24 0x8001a19a
core   0: 0x8000619e (0x54cc0c13) addi    s8, s8, 1356
core   0: 3 0x8000619e (0x54cc0c13) x24 0x8001a6e6
core   0: 0x800061a2 (0xfeac0aa3) sb      a0, -11(s8)
core   0: 3 0x800061a2 (0xfeac0aa3) mem 0x8001a6db 0x4e
core   0: 0x800061a6 (0xff5c1a23) sh      s5, -12(s8)
core   0: 3 0x800061a6 (0xff5c1a23) mem 0x8001a6da 0xffc2
core   0: 0x800061aa (0x01371233) sll     tp, a4, s3
core   0: 3 0x800061aa (0x01371233) x 4 0x00000000
core   0: 0x800061ae (0x0ff0000f) fence   iorw,iorw
core   0: 3 0x800061ae (0x0ff0000f)
core   0: 0x800061b2 (0x0ff0000f) fence   iorw,iorw
core   0: 3 0x800061b2 (0x0ff0000f)
core   0: 0x800061b6 (0x012c1323) sh      s2, 6(s8)
core   0: 3 0x800061b6 (0x012c1323) mem 0x8001a6ec 0x001b
core   0: 0x800061ba (0x47e5be93) sltiu   t4, a1, 1150
core   0: 3 0x800061ba (0x47e5be93) x29 0x00000001
core   0: 0x800061be (0xfbac4e93) xori    t4, s8, -70
core   0: 3 0x800061be (0xfbac4e93) x29 0x7ffe595c
core   0: 0x800061c2 (0x00006b55) c.lui   s6, 0x15
core   0: 3 0x800061c2 (0x6b55) x22 0x00015000
core   0: 0x800061c4 (0x00008dfd) c.and   a1, a5
core   0: 3 0x800061c4 (0x8dfd) x11 0x00000000
core   0: 0x800061c6 (0xfebc1c23) sh      a1, -8(s8)
core   0: 3 0x800061c6 (0xfebc1c23) mem 0x8001a6de 0x0000
core   0: 0x800061ca (0x00008155) c.srli  a0, 21
core   0: 3 0x800061ca (0x8155) x10 0x00000000
core   0: 0x800061cc (0x00ec1503) lh      a0, 14(s8)
core   0: 3 0x800061cc (0x00ec1503) x10 0xfffff5f8 mem 0x8001a6f4
core   0: 0x800061d0 (0xffcc5b83) lhu     s7, -4(s8)
core   0: 3 0x800061d0 (0xffcc5b83) x23 0x0000200b mem 0x8001a6e2
core   0: 0x800061d4 (0x01c43033) sltu    zero, s0, t3
core   0: 3 0x800061d4 (0x01c43033)
core   0: 0x800061d8 (0x00fc4603) lbu     a2, 15(s8)
core   0: 3 0x800061d8 (0x00fc4603) x12 0x000000f5 mem 0x8001a6f5
core   0: 0x800061dc (0xffbc4d83) lbu     s11, -5(s8)
core   0: 3 0x800061dc (0xffbc4d83) x27 0x000000e4 mem 0x8001a6e1
core   0: 0x800061e0 (0x009c4983) lbu     s3, 9(s8)
core   0: 3 0x800061e0 (0x009c4983) x19 0x0000000e mem 0x8001a6ef
core   0: 0x800061e4 (0xffbc0803) lb      a6, -5(s8)
core   0: 3 0x800061e4 (0xffbc0803) x16 0xffffffe4 mem 0x8001a6e1
core   0: 0x800061e8 (0x00bc0a83) lb      s5, 11(s8)
core   0: 3 0x800061e8 (0x00bc0a83) x21 0x00000006 mem 0x8001a6f1
core   0: 0x800061ec (0x02707ab3) remu    s5, zero, t2
core   0: 3 0x800061ec (0x02707ab3) x21 0x00000000
core   0: 0x800061f0 (0x00ec1483) lh      s1, 14(s8)
core   0: 3 0x800061f0 (0x00ec1483) x 9 0xfffff5f8 mem 0x8001a6f4
core   0: 0x800061f4 (0x4722b393) sltiu   t2, t0, 1138
core   0: 3 0x800061f4 (0x4722b393) x 7 0x00000000
core   0: 0x800061f8 (0x20d02493) slti    s1, zero, 525
core   0: 3 0x800061f8 (0x20d02493) x 9 0x00000001
core   0: 0x800061fc (0x01bc00a3) sb      s11, 1(s8)
core   0: 3 0x800061fc (0x01bc00a3) mem 0x8001a6e7 0xe4
core   0: 0x80006200 (0xfffc0b03) lb      s6, -1(s8)
core   0: 3 0x80006200 (0xfffc0b03) x22 0xffffffd5 mem 0x8001a6e5
core   0: 0x80006204 (0x003c4e83) lbu     t4, 3(s8)
core   0: 3 0x80006204 (0x003c4e83) x29 0x00000032 mem 0x8001a6e9
core   0: 0x80006208 (0x00900593) li      a1, 9
core   0: 3 0x80006208 (0x00900593) x11 0x00000009
core   0: 0x8000620c (0x00000001) c.nop
core   0: 3 0x8000620c (0x0001)
core   0: 0x8000620e (0x00000001) c.nop
core   0: 3 0x8000620e (0x0001)
core   0: 0x80006210 (0x035442b3) div     t0, s0, s5
core   0: 3 0x80006210 (0x035442b3) x 5 0xffffffff
core   0: 0x80006214 (0x000015dd) c.addi  a1, -9
core   0: 3 0x80006214 (0x15dd) x11 0x00000000
core   0: 0x80006216 (0x00008005) c.srli  s0, 1
core   0: 3 0x80006216 (0x8005) x 8 0x00002ceb
core   0: 0x80006218 (0xffd00c13) li      s8, -3
core   0: 3 0x80006218 (0xffd00c13) x24 0xfffffffd
core   0: 0x8000621c (0x00400793) li      a5, 4
core   0: 3 0x8000621c (0x00400793) x15 0x00000004
core   0: 0x80006220 (0x0ca6f137) lui     sp, 0xca6f
core   0: 3 0x80006220 (0x0ca6f137) x 2 0x0ca6f000
core   0: 0x80006224 (0xf269f113) andi    sp, s3, -218
core   0: 3 0x80006224 (0xf269f113) x 2 0x00000006
core   0: 0x80006228 (0x00000c25) c.addi  s8, 9
core   0: 3 0x80006228 (0x0c25) x24 0x00000006
core   0: 0x8000622a (0xfefc6de3) bltu    s8, a5, pc - 6
core   0: 3 0x8000622a (0xfefc6de3)
core   0: 0x8000622e (0x009b8e33) add     t3, s7, s1
core   0: 3 0x8000622e (0x009b8e33) x28 0x0000200c
core   0: 0x80006232 (0x0000ddf9) c.beqz  a1, pc - 34
core   0: 3 0x80006232 (0xddf9)
core   0: 0x80006210 (0x035442b3) div     t0, s0, s5
core   0: 3 0x80006210 (0x035442b3) x 5 0xffffffff
core   0: 0x80006214 (0x000015dd) c.addi  a1, -9
core   0: 3 0x80006214 (0x15dd) x11 0xfffffff7
core   0: 0x80006216 (0x00008005) c.srli  s0, 1
core   0: 3 0x80006216 (0x8005) x 8 0x00001675
core   0: 0x80006218 (0xffd00c13) li      s8, -3
core   0: 3 0x80006218 (0xffd00c13) x24 0xfffffffd
core   0: 0x8000621c (0x00400793) li      a5, 4
core   0: 3 0x8000621c (0x00400793) x15 0x00000004
core   0: 0x80006220 (0x0ca6f137) lui     sp, 0xca6f
core   0: 3 0x80006220 (0x0ca6f137) x 2 0x0ca6f000
core   0: 0x80006224 (0xf269f113) andi    sp, s3, -218
core   0: 3 0x80006224 (0xf269f113) x 2 0x00000006
core   0: 0x80006228 (0x00000c25) c.addi  s8, 9
core   0: 3 0x80006228 (0x0c25) x24 0x00000006
core   0: 0x8000622a (0xfefc6de3) bltu    s8, a5, pc - 6
core   0: 3 0x8000622a (0xfefc6de3)
core   0: 0x8000622e (0x009b8e33) add     t3, s7, s1
core   0: 3 0x8000622e (0x009b8e33) x28 0x0000200c
core   0: 0x80006232 (0x0000ddf9) c.beqz  a1, pc - 34
core   0: 3 0x80006232 (0xddf9)
core   0: 0x80006234 (0x27408093) addi    ra, ra, 628
core   0: 3 0x80006234 (0x27408093) x 1 0x8000640a
core   0: 0x80006238 (0xffb00513) li      a0, -5
core   0: 3 0x80006238 (0xffb00513) x10 0xfffffffb
core   0: 0x8000623c (0x0000717d) c.addi16sp sp, -16
core   0: 3 0x8000623c (0x717d) x 2 0xfffffff6
core   0: 0x8000623e (0x009e5913) srli    s2, t3, 9
core   0: 3 0x8000623e (0x009e5913) x18 0x00000010
core   0: 0x80006242 (0x00e05093) srli    ra, zero, 14
core   0: 3 0x80006242 (0x00e05093) x 1 0x00000000
core   0: 0x80006246 (0x014f29b3) slt     s3, t5, s4
core   0: 3 0x80006246 (0x014f29b3) x19 0x00000000
core   0: 0x8000624a (0x4198d993) srai    s3, a7, 25
core   0: 3 0x8000624a (0x4198d993) x19 0xffffffc0
core   0: 0x8000624e (0x00000001) c.nop
core   0: 3 0x8000624e (0x0001)
core   0: 0x80006250 (0x00f7e3b3) or      t2, a5, a5
core   0: 3 0x80006250 (0x00f7e3b3) x 7 0x00000004
core   0: 0x80006254 (0x0000047e) c.slli  s0, 31
core   0: 3 0x80006254 (0x047e) x 8 0x80000000
core   0: 0x80006256 (0x001cdc13) srli    s8, s9, 1
core   0: 3 0x80006256 (0x001cdc13) x24 0x40000000
core   0: 0x8000625a (0x00008fa5) c.xor   a5, s1
core   0: 3 0x8000625a (0x8fa5) x15 0x00000005
core   0: 0x8000625c (0x7fe02213) slti    tp, zero, 2046
core   0: 3 0x8000625c (0x7fe02213) x 4 0x00000001
core   0: 0x80006260 (0x00000505) c.addi  a0, 1
core   0: 3 0x80006260 (0x0505) x10 0xfffffffc
core   0: 0x80006262 (0x0342ed33) rem     s10, t0, s4
core   0: 3 0x80006262 (0x0342ed33) x26 0xffffffff
core   0: 0x80006266 (0x00b90ab3) add     s5, s2, a1
core   0: 3 0x80006266 (0x00b90ab3) x21 0x00000007
core   0: 0x8000626a (0x00008ff9) c.and   a5, a4
core   0: 3 0x8000626a (0x8ff9) x15 0x00000004
core   0: 0x8000626c (0x41c354b3) sra     s1, t1, t3
core   0: 3 0x8000626c (0x41c354b3) x 9 0xfff80006
core   0: 0x80006270 (0x010a2133) slt     sp, s4, a6
core   0: 3 0x80006270 (0x010a2133) x 2 0x00000001
core   0: 0x80006274 (0x00001bfd) c.addi  s7, -1
core   0: 3 0x80006274 (0x1bfd) x23 0x0000200a
core   0: 0x80006276 (0x00001afd) c.addi  s5, -1
core   0: 3 0x80006276 (0x1afd) x21 0x00000006
core   0: 0x80006278 (0x00008ba1) c.andi  a5, 8
core   0: 3 0x80006278 (0x8ba1) x15 0x00000000
core   0: 0x8000627a (0x01e2eeb3) or      t4, t0, t5
core   0: 3 0x8000627a (0x01e2eeb3) x29 0xffffffff
core   0: 0x8000627e (0x00000001) c.nop
core   0: 3 0x8000627e (0x0001)
core   0: 0x80006280 (0x0224fb33) remu    s6, s1, sp
core   0: 3 0x80006280 (0x0224fb33) x22 0x00000000
core   0: 0x80006284 (0x02edf4b3) remu    s1, s11, a4
core   0: 3 0x80006284 (0x02edf4b3) x 9 0x000000e4
core   0: 0x80006288 (0x000004c6) c.slli  s1, 17
core   0: 3 0x80006288 (0x04c6) x 9 0x01c80000
core   0: 0x8000628a (0x0370e1b3) rem     gp, ra, s7
core   0: 3 0x8000628a (0x0370e1b3) x 3 0x00000000
core   0: 0x8000628e (0x00027eb3) and     t4, tp, zero
core   0: 3 0x8000628e (0x00027eb3) x29 0x00000000
core   0: 0x80006292 (0x0000d561) c.beqz  a0, pc - 56
core   0: 3 0x80006292 (0xd561)
core   0: 0x80006294 (0x0ff0000f) fence   iorw,iorw
core   0: 3 0x80006294 (0x0ff0000f)
core   0: 0x80006298 (0x0000bb97) auipc   s7, 0xb
core   0: 3 0x80006298 (0x0000bb97) x23 0x80011298
core   0: 0x8000629c (0x0e4b8b93) addi    s7, s7, 228
core   0: 3 0x8000629c (0x0e4b8b93) x23 0x8001137c
core   0: 0x800062a0 (0x0000f417) auipc   s0, 0xf
core   0: 3 0x800062a0 (0x0000f417) x 8 0x800152a0
core   0: 0x800062a4 (0x3cd40413) addi    s0, s0, 973
core   0: 3 0x800062a4 (0x3cd40413) x 8 0x8001566d
core   0: 0x800062a8 (0x0000f797) auipc   a5, 0xf
core   0: 3 0x800062a8 (0x0000f797) x15 0x800152a8
core   0: 0x800062ac (0xb2378793) addi    a5, a5, -1245
core   0: 3 0x800062ac (0xb2378793) x15 0x80014dcb
core   0: 0x800062b0 (0xf0a44503) lbu     a0, -246(s0)
core   0: 3 0x800062b0 (0xf0a44503) x10 0x000000a1 mem 0x80015577
core   0: 0x800062b4 (0x0000c497) auipc   s1, 0xc
core   0: 3 0x800062b4 (0x0000c497) x 9 0x800122b4
core   0: 0x800062b8 (0x66648493) addi    s1, s1, 1638
core   0: 3 0x800062b8 (0x66648493) x 9 0x8001291a
core   0: 0x800062bc (0x1647cf83) lbu     t6, 356(a5)
core   0: 3 0x800062bc (0x1647cf83) x31 0x00000013 mem 0x80014f2f
core   0: 0x800062c0 (0x0d040c23) sb      a6, 216(s0)
core   0: 3 0x800062c0 (0x0d040c23) mem 0x80015745 0xe4
core   0: 0x800062c4 (0xff5b8003) lb      zero, -11(s7)
core   0: 3 0x800062c4 (0xff5b8003) mem 0x80011371
core   0: 0x800062c8 (0x01c7c683) lbu     a3, 28(a5)
core   0: 3 0x800062c8 (0x01c7c683) x13 0x00000036 mem 0x80014de7
core   0: 0x800062cc (0xca649c23) sh      t1, -840(s1)
core   0: 3 0x800062cc (0xca649c23) mem 0x800125d2 0x6188
core   0: 0x800062d0 (0x0f044a03) lbu     s4, 240(s0)
core   0: 3 0x800062d0 (0x0f044a03) x20 0x00000012 mem 0x8001575d
core   0: 0x800062d4 (0x05f4a723) sw      t6, 78(s1)
core   0: 3 0x800062d4 (0x05f4a723) mem 0x80012968 0x00000013
core   0: 0x800062d8 (0x8bd4c503) lbu     a0, -1859(s1)
core   0: 3 0x800062d8 (0x8bd4c503) x10 0x00000084 mem 0x800121d7
core   0: 0x800062dc (0x73e78183) lb      gp, 1854(a5)
core   0: 3 0x800062dc (0x73e78183) x 3 0xfffffffc mem 0x80015509
core   0: 0x800062e0 (0x04545303) lhu     t1, 69(s0)
core   0: 3 0x800062e0 (0x04545303) x 6 0x0000be16 mem 0x800156b2
core   0: 0x800062e4 (0xf98406a3) sb      s8, -115(s0)
core   0: 3 0x800062e4 (0xf98406a3) mem 0x800155fa 0x0
core   0: 0x800062e8 (0xe6a4a923) sw      a0, -398(s1)
core   0: 3 0x800062e8 (0xe6a4a923) mem 0x8001278c 0x00000084
core   0: 0x800062ec (0xff5b8983) lb      s3, -11(s7)
core   0: 3 0x800062ec (0xff5b8983) x19 0x00000020 mem 0x80011371
core   0: 0x800062f0 (0xf8440e83) lb      t4, -124(s0)
core   0: 3 0x800062f0 (0xf8440e83) x29 0xffffffb5 mem 0x800155f1
core   0: 0x800062f4 (0x7a24ce83) lbu     t4, 1954(s1)
core   0: 3 0x800062f4 (0x7a24ce83) x29 0x0000008c mem 0x800130bc
core   0: 0x800062f8 (0xfb540023) sb      s5, -96(s0)
core   0: 3 0x800062f8 (0xfb540023) mem 0x8001560d 0x6
core   0: 0x800062fc (0x41b78f03) lb      t5, 1051(a5)
core   0: 3 0x800062fc (0x41b78f03) x30 0x00000003 mem 0x800151e6
core   0: 0x80006300 (0x05f40823) sb      t6, 80(s0)
core   0: 3 0x80006300 (0x05f40823) mem 0x800156bd 0x13
core   0: 0x80006304 (0xf7141683) lh      a3, -143(s0)
core   0: 3 0x80006304 (0xf7141683) x13 0x00000b0e mem 0x800155de
core   0: 0x80006308 (0x84e7ca83) lbu     s5, -1970(a5)
core   0: 3 0x80006308 (0x84e7ca83) x21 0x0000006c mem 0x80014619
core   0: 0x8000630c (0xf0b45103) lhu     sp, -245(s0)
core   0: 3 0x8000630c (0xf0b45103) x 2 0x00008f43 mem 0x80015578
core   0: 0x80006310 (0x00ebcd83) lbu     s11, 14(s7)
core   0: 3 0x80006310 (0x00ebcd83) x27 0x000000cd mem 0x8001138a
core   0: 0x80006314 (0x28248e03) lb      t3, 642(s1)
core   0: 3 0x80006314 (0x28248e03) x28 0xfffffff8 mem 0x80012b9c
core   0: 0x80006318 (0x004bc103) lbu     sp, 4(s7)
core   0: 3 0x80006318 (0x004bc103) x 2 0x000000ba mem 0x80011380
core   0: 0x8000631c (0xe0d4ce83) lbu     t4, -499(s1)
core   0: 3 0x8000631c (0xe0d4ce83) x29 0x0000002c mem 0x80012727
core   0: 0x80006320 (0x00ebca03) lbu     s4, 14(s7)
core   0: 3 0x80006320 (0x00ebca03) x20 0x000000cd mem 0x8001138a
core   0: 0x80006324 (0x3c548423) sb      t0, 968(s1)
core   0: 3 0x80006324 (0x3c548423) mem 0x80012ce2 0xff
core   0: 0x80006328 (0x00016197) auipc   gp, 0x16
core   0: 3 0x80006328 (0x00016197) x 3 0x8001c328
core   0: 0x8000632c (0x06b18193) addi    gp, gp, 107
core   0: 3 0x8000632c (0x06b18193) x 3 0x8001c393
core   0: 0x80006330 (0x021198a3) sh      ra, 49(gp)
core   0: 3 0x80006330 (0x021198a3) mem 0x8001c3c4 0x0000
core   0: 0x80006334 (0x02808633) mul     a2, ra, s0
core   0: 3 0x80006334 (0x02808633) x12 0x00000000
core   0: 0x80006338 (0x02c0bbb3) mulhu   s7, ra, a2
core   0: 3 0x80006338 (0x02c0bbb3) x23 0x00000000
core   0: 0x8000633c (0xfec18823) sb      a2, -16(gp)
core   0: 3 0x8000633c (0xfec18823) mem 0x8001c383 0x0
core   0: 0x80006340 (0x0191ae03) lw      t3, 25(gp)
core   0: 3 0x80006340 (0x0191ae03) x28 0x3b8740e5 mem 0x8001c3ac
core   0: 0x80006344 (0xd2f40093) addi    ra, s0, -721
core   0: 3 0x80006344 (0xd2f40093) x 1 0x8001539c
core   0: 0x80006348 (0x00009b86) c.add   s7, ra
core   0: 3 0x80006348 (0x9b86) x23 0x8001539c
core   0: 0x8000634a (0x00c19da3) sh      a2, 27(gp)
core   0: 3 0x8000634a (0x00c19da3) mem 0x8001c3ae 0x0000
core   0: 0x8000634e (0xfc018403) lb      s0, -64(gp)
core   0: 3 0x8000634e (0xfc018403) x 8 0x0000005d mem 0x8001c353
core   0: 0x80006352 (0x00118323) sb      ra, 6(gp)
core   0: 3 0x80006352 (0x00118323) mem 0x8001c399 0x9c
core   0: 0x80006356 (0x00008e01) c.sub   a2, s0
core   0: 3 0x80006356 (0x8e01) x12 0xffffffa3
core   0: 0x80006358 (0x00818b83) lb      s7, 8(gp)
core   0: 3 0x80006358 (0x00818b83) x23 0x00000060 mem 0x8001c39b
core   0: 0x8000635c (0x02c18a23) sb      a2, 52(gp)
core   0: 3 0x8000635c (0x02c18a23) mem 0x8001c3c7 0xa3
core   0: 0x80006360 (0xfc71db83) lhu     s7, -57(gp)
core   0: 3 0x80006360 (0xfc71db83) x23 0x000038a3 mem 0x8001c35a
core   0: 0x80006364 (0xff81c083) lbu     ra, -8(gp)
core   0: 3 0x80006364 (0xff81c083) x 1 0x00000039 mem 0x8001c38b
core   0: 0x80006368 (0xff31ca83) lbu     s5, -13(gp)
core   0: 3 0x80006368 (0xff31ca83) x21 0x00000026 mem 0x8001c386
core   0: 0x8000636c (0xfe118a23) sb      ra, -12(gp)
core   0: 3 0x8000636c (0xfe118a23) mem 0x8001c387 0x39
core   0: 0x80006370 (0x028090b3) mulh    ra, ra, s0
core   0: 3 0x80006370 (0x028090b3) x 1 0x00000000
core   0: 0x80006374 (0x00cafbb3) and     s7, s5, a2
core   0: 3 0x80006374 (0x00cafbb3) x23 0x00000022
core   0: 0x80006378 (0x03f1d403) lhu     s0, 63(gp)
core   0: 3 0x80006378 (0x03f1d403) x 8 0x0000d9e4 mem 0x8001c3d2
core   0: 0x8000637c (0xfec194a3) sh      a2, -23(gp)
core   0: 3 0x8000637c (0xfec194a3) mem 0x8001c37c 0xffa3
core   0: 0x80006380 (0x00008855) c.andi  s0, 21
core   0: 3 0x80006380 (0x8855) x 8 0x00000004
core   0: 0x80006382 (0x72625e17) auipc   t3, 0x72625
core   0: 3 0x80006382 (0x72625e17) x28 0xf262b382
core   0: 0x80006386 (0x8085aab7) lui     s5, 0x8085a
core   0: 3 0x80006386 (0x8085aab7) x21 0x8085a000
core   0: 0x8000638a (0x02ce2ab3) mulhsu  s5, t3, a2
core   0: 3 0x8000638a (0x02ce2ab3) x21 0xf262b386
core   0: 0x8000638e (0x00818523) sb      s0, 10(gp)
core   0: 3 0x8000638e (0x00818523) mem 0x8001c39d 0x4
core   0: 0x80006392 (0x01e1ca83) lbu     s5, 30(gp)
core   0: 3 0x80006392 (0x01e1ca83) x21 0x000000b7 mem 0x8001c3b1
core   0: 0x80006396 (0x0151aa83) lw      s5, 21(gp)
core   0: 3 0x80006396 (0x0151aa83) x21 0xd02d9015 mem 0x8001c3a8
core   0: 0x8000639a (0xfec19ba3) sh      a2, -9(gp)
core   0: 3 0x8000639a (0xfec19ba3) mem 0x8001c38a 0xffa3
core   0: 0x8000639e (0x0e0bee13) ori     t3, s7, 224
core   0: 3 0x8000639e (0x0e0bee13) x28 0x000000e2
core   0: 0x800063a2 (0xfdf18403) lb      s0, -33(gp)
core   0: 3 0x800063a2 (0xfdf18403) x 8 0xffffffab mem 0x8001c372
core   0: 0x800063a6 (0x00009a7d) c.andi  a2, -1
core   0: 3 0x800063a6 (0x9a7d) x12 0xffffffa3
core   0: 0x800063a8 (0x0101ce03) lbu     t3, 16(gp)
core   0: 3 0x800063a8 (0x0101ce03) x28 0x00000024 mem 0x8001c3a3
core   0: 0x800063ac (0x015e5e33) srl     t3, t3, s5
core   0: 3 0x800063ac (0x015e5e33) x28 0x00000000
core   0: 0x800063b0 (0xfd519da3) sh      s5, -37(gp)
core   0: 3 0x800063b0 (0xfd519da3) mem 0x8001c36e 0x9015
core   0: 0x800063b4 (0x0061ce03) lbu     t3, 6(gp)
core   0: 3 0x800063b4 (0x0061ce03) x28 0x0000009c mem 0x8001c399
core   0: 0x800063b8 (0x0350c0b3) div     ra, ra, s5
core   0: 3 0x800063b8 (0x0350c0b3) x 1 0x00000000
core   0: 0x800063bc (0x6fca5a97) auipc   s5, 0x6fca5
core   0: 3 0x800063bc (0x6fca5a97) x21 0xefcab3bc
core   0: 0x800063c0 (0x028babb3) mulhsu  s7, s7, s0
core   0: 3 0x800063c0 (0x028babb3) x23 0x00000021
core   0: 0x800063c4 (0x03c1c403) lbu     s0, 60(gp)
core   0: 3 0x800063c4 (0x03c1c403) x 8 0x000000c1 mem 0x8001c3cf
core   0: 0x800063c8 (0x88046a93) ori     s5, s0, -1920
core   0: 3 0x800063c8 (0x88046a93) x21 0xfffff8c1
core   0: 0x800063cc (0xfe1199a3) sh      ra, -13(gp)
core   0: 3 0x800063cc (0xfe1199a3) mem 0x8001c386 0x0000
core   0: 0x800063d0 (0xfec18223) sb      a2, -28(gp)
core   0: 3 0x800063d0 (0xfec18223) mem 0x8001c377 0xa3
core   0: 0x800063d4 (0xfe818603) lb      a2, -24(gp)
core   0: 3 0x800063d4 (0xfe818603) x12 0xfffffffd mem 0x8001c37b
core   0: 0x800063d8 (0x0ff0000f) fence   iorw,iorw
core   0: 3 0x800063d8 (0x0ff0000f)
core   0: 0x800063dc (0xdea63b93) sltiu   s7, a2, -534
core   0: 3 0x800063dc (0xdea63b93) x23 0x00000000
core   0: 0x800063e0 (0xff51cb83) lbu     s7, -11(gp)
core   0: 3 0x800063e0 (0xff51cb83) x23 0x000000eb mem 0x8001c388
core   0: 0x800063e4 (0x00008a86) c.mv    s5, ra
core   0: 3 0x800063e4 (0x8a86) x21 0x00000000
core   0: 0x800063e6 (0x407ad413) srai    s0, s5, 7
core   0: 3 0x800063e6 (0x407ad413) x 8 0x00000000
core   0: 0x800063ea (0x01719603) lh      a2, 23(gp)
core   0: 3 0x800063ea (0x01719603) x12 0xffffd02d mem 0x8001c3aa
core   0: 0x800063ee (0x00000001) c.nop
core   0: 3 0x800063ee (0x0001)
core   0: 0x800063f0 (0x001bf433) and     s0, s7, ra
core   0: 3 0x800063f0 (0x001bf433) x 8 0x00000000
core   0: 0x800063f4 (0x0000100f) fence.i
core   0: 3 0x800063f4 (0x0000100f)
core   0: 0x800063f8 (0x028ab0b3) mulhu   ra, s5, s0
core   0: 3 0x800063f8 (0x028ab0b3) x 1 0x00000000
core   0: 0x800063fc (0x00218a83) lb      s5, 2(gp)
core   0: 3 0x800063fc (0x00218a83) x21 0x00000068 mem 0x8001c395
core   0: 0x80006400 (0xfc818423) sb      s0, -56(gp)
core   0: 3 0x80006400 (0xfc818423) mem 0x8001c35b 0x0
core   0: 0x80006404 (0x0000d817) auipc   a6, 0xd
core   0: 3 0x80006404 (0x0000d817) x16 0x80013404
core   0: 0x80006408 (0x0f980813) addi    a6, a6, 249
core   0: 3 0x80006408 (0x0f980813) x16 0x800134fd
core   0: 0x8000640c (0x00019097) auipc   ra, 0x19
core   0: 3 0x8000640c (0x00019097) x 1 0x8001f40c
core   0: 0x80006410 (0xff408093) addi    ra, ra, -12
core   0: 3 0x80006410 (0xff408093) x 1 0x8001f400
core   0: 0x80006414 (0x00012e17) auipc   t3, 0x12
core   0: 3 0x80006414 (0x00012e17) x28 0x80018414
core   0: 0x80006418 (0x69de0e13) addi    t3, t3, 1693
core   0: 3 0x80006418 (0x69de0e13) x28 0x80018ab1
core   0: 0x8000641c (0xf0ae0783) lb      a5, -246(t3)
core   0: 3 0x8000641c (0xf0ae0783) x15 0x0000005c mem 0x800189bb
core   0: 0x80006420 (0xda381383) lh      t2, -605(a6)
core   0: 3 0x80006420 (0xda381383) x 7 0x00003b5b mem 0x800132a0
core   0: 0x80006424 (0x0b1e5303) lhu     t1, 177(t3)
core   0: 3 0x80006424 (0x0b1e5303) x 6 0x000024d7 mem 0x80018b62
core   0: 0x80006428 (0x00011997) auipc   s3, 0x11
core   0: 3 0x80006428 (0x00011997) x19 0x80017428
core   0: 0x8000642c (0x1e398993) addi    s3, s3, 483
core   0: 3 0x8000642c (0x1e398993) x19 0x8001760b
core   0: 0x80006430 (0x17280aa3) sb      s2, 373(a6)
core   0: 3 0x80006430 (0x17280aa3) mem 0x80013672 0x10
core   0: 0x80006434 (0xfea08ca3) sb      a0, -7(ra)
core   0: 3 0x80006434 (0xfea08ca3) mem 0x8001f3f9 0x84
core   0: 0x80006438 (0xaa799403) lh      s0, -1369(s3)
core   0: 3 0x80006438 (0xaa799403) x 8 0x00007520 mem 0x800170b2
core   0: 0x8000643c (0xf5be5b03) lhu     s6, -165(t3)
core   0: 3 0x8000643c (0xf5be5b03) x22 0x00008b51 mem 0x80018a0c
core   0: 0x80006440 (0x2619d603) lhu     a2, 609(s3)
core   0: 3 0x80006440 (0x2619d603) x12 0x000010fe mem 0x8001786c
core   0: 0x80006444 (0x007e1f83) lh      t6, 7(t3)
core   0: 3 0x80006444 (0x007e1f83) x31 0x0000318c mem 0x80018ab8
core   0: 0x80006448 (0xefc84c03) lbu     s8, -260(a6)
core   0: 3 0x80006448 (0xefc84c03) x24 0x0000009b mem 0x800133f9
core   0: 0x8000644c (0xf65e4483) lbu     s1, -155(t3)
core   0: 3 0x8000644c (0xf65e4483) x 9 0x00000089 mem 0x80018a16
core   0: 0x80006450 (0x53f80183) lb      gp, 1343(a6)
core   0: 3 0x80006450 (0x53f80183) x 3 0x00000003 mem 0x80013a3c
core   0: 0x80006454 (0xf11e5583) lhu     a1, -239(t3)
core   0: 3 0x80006454 (0xf11e5583) x11 0x0000bb7f mem 0x800189c2
core   0: 0x80006458 (0xc8e98183) lb      gp, -882(s3)
core   0: 3 0x80006458 (0xc8e98183) x 3 0xffffffde mem 0x80017299
core   0: 0x8000645c (0xff70c383) lbu     t2, -9(ra)
core   0: 3 0x8000645c (0xff70c383) x 7 0x0000005a mem 0x8001f3f7
core   0: 0x80006460 (0x00009e83) lh      t4, 0(ra)
core   0: 3 0x80006460 (0x00009e83) x29 0x00000174 mem 0x8001f400
core   0: 0x80006464 (0x0f2e4483) lbu     s1, 242(t3)
core   0: 3 0x80006464 (0x0f2e4483) x 9 0x000000a1 mem 0x80018ba3
core   0: 0x80006468 (0x0080a303) lw      t1, 8(ra)
core   0: 3 0x80006468 (0x0080a303) x 6 0x9aa1dafb mem 0x8001f408
core   0: 0x8000646c (0xe8682ba3) sw      t1, -361(a6)
core   0: 3 0x8000646c (0xe8682ba3) mem 0x80013394 0x9aa1dafb
core   0: 0x80006470 (0xe6781303) lh      t1, -409(a6)
core   0: 3 0x80006470 (0xe6781303) x 6 0xffffa6a0 mem 0x80013364
core   0: 0x80006474 (0xf4be1f83) lh      t6, -181(t3)
core   0: 3 0x80006474 (0xf4be1f83) x31 0xfffff43b mem 0x800189fc
core   0: 0x80006478 (0xfffe0e83) lb      t4, -1(t3)
core   0: 3 0x80006478 (0xfffe0e83) x29 0xffffffa5 mem 0x80018ab0
core   0: 0x8000647c (0x014083a3) sb      s4, 7(ra)
core   0: 3 0x8000647c (0x014083a3) mem 0x8001f407 0xcd
core   0: 0x80006480 (0x00b0c683) lbu     a3, 11(ra)
core   0: 3 0x80006480 (0x00b0c683) x13 0x0000009a mem 0x8001f40b
core   0: 0x80006484 (0xff809d83) lh      s11, -8(ra)
core   0: 3 0x80006484 (0xff809d83) x27 0xffff8416 mem 0x8001f3f8
core   0: 0x80006488 (0xd9384103) lbu     sp, -621(a6)
core   0: 3 0x80006488 (0xd9384103) x 2 0x00000012 mem 0x80013290
core   0: 0x8000648c (0x1c799f03) lh      t5, 455(s3)
core   0: 3 0x8000648c (0x1c799f03) x30 0xffff9d48 mem 0x800177d2
core   0: 0x80006490 (0x665827a3) sw      t0, 1647(a6)
core   0: 3 0x80006490 (0x665827a3) mem 0x80013b6c 0xffffffff
core   0: 0x80006494 (0x002e0523) sb      sp, 10(t3)
core   0: 3 0x80006494 (0x002e0523) mem 0x80018abb 0x12
core   0: 0x80006498 (0x000083a3) sb      zero, 7(ra)
core   0: 3 0x80006498 (0x000083a3) mem 0x8001f407 0x0
core   0: 0x8000649c (0xfd79c003) lbu     zero, -41(s3)
core   0: 3 0x8000649c (0xfd79c003) mem 0x800175e2
core   0: 0x800064a0 (0x00f0c503) lbu     a0, 15(ra)
core   0: 3 0x800064a0 (0x00f0c503) x10 0x000000c6 mem 0x8001f40f
core   0: 0x800064a4 (0x0000a917) auipc   s2, 0xa
core   0: 3 0x800064a4 (0x0000a917) x18 0x800104a4
core   0: 0x800064a8 (0xf2f90913) addi    s2, s2, -209
core   0: 3 0x800064a8 (0xf2f90913) x18 0x800103d3
core   0: 0x800064ac (0xfdb91283) lh      t0, -37(s2)
core   0: 3 0x800064ac (0xfdb91283) x 5 0xffffcf28 mem 0x800103ae
core   0: 0x800064b0 (0xded909a3) sb      a3, -525(s2)
core   0: 3 0x800064b0 (0xded909a3) mem 0x800101c6 0x9a
core   0: 0x800064b4 (0x00008d09) c.sub   a0, a0
core   0: 3 0x800064b4 (0x8d09) x10 0x00000000
core   0: 0x800064b6 (0xe0f91503) lh      a0, -497(s2)
core   0: 3 0x800064b6 (0xe0f91503) x10 0x00005a1f mem 0x800101e2
core   0: 0x800064ba (0x3a094b83) lbu     s7, 928(s2)
core   0: 3 0x800064ba (0x3a094b83) x23 0x00000087 mem 0x80010773
core   0: 0x800064be (0x00008569) c.srai  a0, 26
core   0: 3 0x800064be (0x8569) x10 0x00000000
core   0: 0x800064c0 (0x41e68f33) sub     t5, a3, t5
core   0: 3 0x800064c0 (0x41e68f33) x30 0x00006352
core   0: 0x800064c4 (0x00000b7a) c.slli  s6, 30
core   0: 3 0x800064c4 (0x0b7a) x22 0x40000000
core   0: 0x800064c6 (0x02ab1533) mulh    a0, s6, a0
core   0: 3 0x800064c6 (0x02ab1533) x10 0x00000000
core   0: 0x800064ca (0xf4b94283) lbu     t0, -181(s2)
core   0: 3 0x800064ca (0xf4b94283) x 5 0x0000005c mem 0x8001031e
core   0: 0x800064ce (0x412b5f13) srai    t5, s6, 18
core   0: 3 0x800064ce (0x412b5f13) x30 0x00001000
core   0: 0x800064d2 (0x41e90c23) sb      t5, 1048(s2)
core   0: 3 0x800064d2 (0x41e90c23) mem 0x800107eb 0x0
core   0: 0x800064d6 (0x3af94f03) lbu     t5, 943(s2)
core   0: 3 0x800064d6 (0x3af94f03) x30 0x00000047 mem 0x80010782
core   0: 0x800064da (0x00008e95) c.sub   a3, a3
core   0: 3 0x800064da (0x8e95) x13 0x00000000
core   0: 0x800064dc (0x000062d5) c.lui   t0, 0x15
core   0: 3 0x800064dc (0x62d5) x 5 0x00015000
core   0: 0x800064de (0x00008ed5) c.or    a3, a3
core   0: 3 0x800064de (0x8ed5) x13 0x00000000
core   0: 0x800064e0 (0x0b2b4f13) xori    t5, s6, 178
core   0: 3 0x800064e0 (0x0b2b4f13) x30 0x400000b2
core   0: 0x800064e4 (0x000002f5) c.addi  t0, 29
core   0: 3 0x800064e4 (0x02f5) x 5 0x0001501d
core   0: 0x800064e6 (0xea395683) lhu     a3, -349(s2)
core   0: 3 0x800064e6 (0xea395683) x13 0x000039e9 mem 0x80010276
core   0: 0x800064ea (0x41eb5533) sra     a0, s6, t5
core   0: 3 0x800064ea (0x41eb5533) x10 0x00001000
core   0: 0x800064ee (0x75294503) lbu     a0, 1874(s2)
core   0: 3 0x800064ee (0x75294503) x10 0x000000b4 mem 0x80010b25
core   0: 0x800064f2 (0xca494b03) lbu     s6, -860(s2)
core   0: 3 0x800064f2 (0xca494b03) x22 0x00000009 mem 0x80010077
core   0: 0x800064f6 (0x52dbfb13) andi    s6, s7, 1325
core   0: 3 0x800064f6 (0x52dbfb13) x22 0x00000005
core   0: 0x800064fa (0x037552b3) divu    t0, a0, s7
core   0: 3 0x800064fa (0x037552b3) x 5 0x00000001
core   0: 0x800064fe (0xcde94b03) lbu     s6, -802(s2)
core   0: 3 0x800064fe (0xcde94b03) x22 0x000000f9 mem 0x800100b1
core   0: 0x80006502 (0x4d790f03) lb      t5, 1239(s2)
core   0: 3 0x80006502 (0x4d790f03) x30 0xfffffffd mem 0x800108aa
core   0: 0x80006506 (0x0f391683) lh      a3, 243(s2)
core   0: 3 0x80006506 (0x0f391683) x13 0xffffe8c6 mem 0x800104c6
core   0: 0x8000650a (0x02db46b3) div     a3, s6, a3
core   0: 3 0x8000650a (0x02db46b3) x13 0x00000000
core   0: 0x8000650e (0x40090683) lb      a3, 1024(s2)
core   0: 3 0x8000650e (0x40090683) x13 0x00000073 mem 0x800107d3
core   0: 0x80006512 (0x6b294f03) lbu     t5, 1714(s2)
core   0: 3 0x80006512 (0x6b294f03) x30 0x000000c2 mem 0x80010a85
core   0: 0x80006516 (0x5a12b513) sltiu   a0, t0, 1441
core   0: 3 0x80006516 (0x5a12b513) x10 0x00000001
core   0: 0x8000651a (0x0376f533) remu    a0, a3, s7
core   0: 3 0x8000651a (0x0376f533) x10 0x00000073
core   0: 0x8000651e (0xfed56293) ori     t0, a0, -19
core   0: 3 0x8000651e (0xfed56293) x 5 0xffffffff
core   0: 0x80006522 (0x25c90b83) lb      s7, 604(s2)
core   0: 3 0x80006522 (0x25c90b83) x23 0xffffffc1 mem 0x8001062f
core   0: 0x80006526 (0x03628bb3) mul     s7, t0, s6
core   0: 3 0x80006526 (0x03628bb3) x23 0xffffff07
core   0: 0x8000652a (0x68592503) lw      a0, 1669(s2)
core   0: 3 0x8000652a (0x68592503) x10 0x4c4cdd70 mem 0x80010a58
core   0: 0x8000652e (0x22a909a3) sb      a0, 563(s2)
core   0: 3 0x8000652e (0x22a909a3) mem 0x80010606 0x70
core   0: 0x80006532 (0x00ab46b3) xor     a3, s6, a0
core   0: 3 0x80006532 (0x00ab46b3) x13 0x4c4cdd89
core   0: 0x80006536 (0x00008175) c.srli  a0, 29
core   0: 3 0x80006536 (0x8175) x10 0x00000002
core   0: 0x80006538 (0x4f190683) lb      a3, 1265(s2)
core   0: 3 0x80006538 (0x4f190683) x13 0xffffffcc mem 0x800108c4
core   0: 0x8000653c (0x70790b03) lb      s6, 1799(s2)
core   0: 3 0x8000653c (0x70790b03) x22 0xffffffdf mem 0x80010ada
core   0: 0x80006540 (0x75690c23) sb      s6, 1880(s2)
core   0: 3 0x80006540 (0x75690c23) mem 0x80010b2b 0xdf
core   0: 0x80006544 (0x00009b16) c.add   s6, t0
core   0: 3 0x80006544 (0x9b16) x22 0xffffffde
core   0: 0x80006546 (0x0362d2b3) divu    t0, t0, s6
core   0: 3 0x80006546 (0x0362d2b3) x 5 0x00000001
core   0: 0x8000654a (0x9ec54513) xori    a0, a0, -1556
core   0: 3 0x8000654a (0x9ec54513) x10 0xfffff9ee
core   0: 0x8000654e (0x10894f03) lbu     t5, 264(s2)
core   0: 3 0x8000654e (0x10894f03) x30 0x00000054 mem 0x800104db
core   0: 0x80006552 (0x0000816d) c.srli  a0, 27
core   0: 3 0x80006552 (0x816d) x10 0x0000001f
core   0: 0x80006554 (0x5c690683) lb      a3, 1478(s2)
core   0: 3 0x80006554 (0x5c690683) x13 0x00000009 mem 0x80010999
core   0: 0x80006558 (0xd1c90683) lb      a3, -740(s2)
core   0: 3 0x80006558 (0xd1c90683) x13 0xffffff89 mem 0x800100ef
core   0: 0x8000655c (0x30d905a3) sb      a3, 779(s2)
core   0: 3 0x8000655c (0x30d905a3) mem 0x800106de 0x89
core   0: 0x80006560 (0x3d294683) lbu     a3, 978(s2)
core   0: 3 0x80006560 (0x3d294683) x13 0x000000bc mem 0x800107a5
core   0: 0x80006564 (0x0ff0000f) fence   iorw,iorw
core   0: 3 0x80006564 (0x0ff0000f)
core   0: 0x80006568 (0xf5395b03) lhu     s6, -173(s2)
core   0: 3 0x80006568 (0xf5395b03) x22 0x0000da03 mem 0x80010326
core   0: 0x8000656c (0x41d2d693) srai    a3, t0, 29
core   0: 3 0x8000656c (0x41d2d693) x13 0x00000000
core   0: 0x80006570 (0x53c016b7) lui     a3, 0x53c01
core   0: 3 0x80006570 (0x53c016b7) x13 0x53c01000
core   0: 0x80006574 (0x0000857a) c.mv    a0, t5
core   0: 3 0x80006574 (0x857a) x10 0x00000054
core   0: 0x80006576 (0x6b1be513) ori     a0, s7, 1713
core   0: 3 0x80006576 (0x6b1be513) x10 0xffffffb7
core   0: 0x8000657a (0x26f95683) lhu     a3, 623(s2)
core   0: 3 0x8000657a (0x26f95683) x13 0x0000e65c mem 0x80010642
core   0: 0x8000657e (0x057922a3) sw      s7, 69(s2)
core   0: 3 0x8000657e (0x057922a3) mem 0x80010418 0xffffff07
core   0: 0x80006582 (0x0000a417) auipc   s0, 0xa
core   0: 3 0x80006582 (0x0000a417) x 8 0x80010582
core   0: 0x80006586 (0x13a40413) addi    s0, s0, 314
core   0: 3 0x80006586 (0x13a40413) x 8 0x800106bc
core   0: 0x8000658a (0x0000a997) auipc   s3, 0xa
core   0: 3 0x8000658a (0x0000a997) x19 0x8001058a
core   0: 0x8000658e (0x4e598993) addi    s3, s3, 1253
core   0: 3 0x8000658e (0x4e598993) x19 0x80010a6f
core   0: 0x80006592 (0x0000a797) auipc   a5, 0xa
core   0: 3 0x80006592 (0x0000a797) x15 0x80010592
core   0: 0x80006596 (0x40a78793) addi    a5, a5, 1034
core   0: 3 0x80006596 (0x40a78793) x15 0x8001099c
core   0: 0x8000659a (0x7ba41283) lh      t0, 1978(s0)
core   0: 3 0x8000659a (0x7ba41283) x 5 0x00002f4a mem 0x80010e76
core   0: 0x8000659e (0x0009c083) lbu     ra, 0(s3)
core   0: 3 0x8000659e (0x0009c083) x 1 0x000000fa mem 0x80010a6f
core   0: 0x800065a2 (0xffc9c903) lbu     s2, -4(s3)
core   0: 3 0x800065a2 (0xffc9c903) x18 0x0000003f mem 0x80010a6b
core   0: 0x800065a6 (0xfea78503) lb      a0, -22(a5)
core   0: 3 0x800065a6 (0xfea78503) x10 0x00000005 mem 0x80010986
core   0: 0x800065aa (0x0000a817) auipc   a6, 0xa
core   0: 3 0x800065aa (0x0000a817) x16 0x800105aa
core   0: 0x800065ae (0x72a80813) addi    a6, a6, 1834
core   0: 3 0x800065ae (0x72a80813) x16 0x80010cd4
core   0: 0x800065b2 (0xff57c683) lbu     a3, -11(a5)
core   0: 3 0x800065b2 (0xff57c683) x13 0x00000022 mem 0x80010991
core   0: 0x800065b6 (0xff498583) lb      a1, -12(s3)
core   0: 3 0x800065b6 (0xff498583) x11 0x0000003a mem 0x80010a63
core   0: 0x800065ba (0x01c79723) sh      t3, 14(a5)
core   0: 3 0x800065ba (0x01c79723) mem 0x800109aa 0x8ab1
core   0: 0x800065be (0x01898123) sb      s8, 2(s3)
core   0: 3 0x800065be (0x01898123) mem 0x80010a71 0x9b
core   0: 0x800065c2 (0xfff84a03) lbu     s4, -1(a6)
core   0: 3 0x800065c2 (0xfff84a03) x20 0x0000003a mem 0x80010cd3
core   0: 0x800065c6 (0x00944083) lbu     ra, 9(s0)
core   0: 3 0x800065c6 (0x00944083) x 1 0x0000008c mem 0x800106c5
core   0: 0x800065ca (0x02e78b83) lb      s7, 46(a5)
core   0: 3 0x800065ca (0x02e78b83) x23 0xfffffffb mem 0x800109ca
core   0: 0x800065ce (0xf6940003) lb      zero, -151(s0)
core   0: 3 0x800065ce (0xf6940003) mem 0x80010625
core   0: 0x800065d2 (0x01781423) sh      s7, 8(a6)
core   0: 3 0x800065d2 (0x01781423) mem 0x80010cdc 0xfffb
core   0: 0x800065d6 (0xf9645483) lhu     s1, -106(s0)
core   0: 3 0x800065d6 (0xf9645483) x 9 0x000048e9 mem 0x80010652
core   0: 0x800065da (0x01a7dc03) lhu     s8, 26(a5)
core   0: 3 0x800065da (0x01a7dc03) x24 0x0000d41e mem 0x800109b6
core   0: 0x800065de (0x0059af83) lw      t6, 5(s3)
core   0: 3 0x800065de (0x0059af83) x31 0x6be8b6ff mem 0x80010a74
core   0: 0x800065e2 (0xffb78083) lb      ra, -5(a5)
core   0: 3 0x800065e2 (0xffb78083) x 1 0xffffff9c mem 0x80010997
core   0: 0x800065e6 (0xffb80c03) lb      s8, -5(a6)
core   0: 3 0x800065e6 (0xffb80c03) x24 0xffffff97 mem 0x80010ccf
core   0: 0x800065ea (0x01298323) sb      s2, 6(s3)
core   0: 3 0x800065ea (0x01298323) mem 0x80010a75 0x3f
core   0: 0x800065ee (0x03678903) lb      s2, 54(a5)
core   0: 3 0x800065ee (0x03678903) x18 0xffffffb3 mem 0x800109d2
core   0: 0x800065f2 (0xff698f23) sb      s6, -2(s3)
core   0: 3 0x800065f2 (0xff698f23) mem 0x80010a6d 0x3
core   0: 0x800065f6 (0x00778d83) lb      s11, 7(a5)
core   0: 3 0x800065f6 (0x00778d83) x27 0x00000026 mem 0x800109a3
core   0: 0x800065fa (0xff082383) lw      t2, -16(a6)
core   0: 3 0x800065fa (0xff082383) x 7 0x25260a94 mem 0x80010cc4
core   0: 0x800065fe (0xeb840903) lb      s2, -328(s0)
core   0: 3 0x800065fe (0xeb840903) x18 0x00000011 mem 0x80010574
core   0: 0x80006602 (0x016800a3) sb      s6, 1(a6)
core   0: 3 0x80006602 (0x016800a3) mem 0x80010cd5 0x3
core   0: 0x80006606 (0x00980283) lb      t0, 9(a6)
core   0: 3 0x80006606 (0x00980283) x 5 0xffffffff mem 0x80010cdd
core   0: 0x8000660a (0x03879623) sh      s8, 44(a5)
core   0: 3 0x8000660a (0x03879623) mem 0x800109c8 0xff97
core   0: 0x8000660e (0xe4e44e83) lbu     t4, -434(s0)
core   0: 3 0x8000660e (0xe4e44e83) x29 0x00000074 mem 0x8001050a
core   0: 0x80006612 (0x00384603) lbu     a2, 3(a6)
core   0: 3 0x80006612 (0x00384603) x12 0x000000bd mem 0x80010cd7
core   0: 0x80006616 (0x00f9d283) lhu     t0, 15(s3)
core   0: 3 0x80006616 (0x00f9d283) x 5 0x0000ef05 mem 0x80010a7e
core   0: 0x8000661a (0x39440383) lb      t2, 916(s0)
core   0: 3 0x8000661a (0x39440383) x 7 0xffffffee mem 0x80010a50
core   0: 0x8000661e (0x03279f23) sh      s2, 62(a5)
core   0: 3 0x8000661e (0x03279f23) mem 0x800109da 0x0011
core   0: 0x80006622 (0xff984a83) lbu     s5, -7(a6)
core   0: 3 0x80006622 (0xff984a83) x21 0x000000cf mem 0x80010ccd
core   0: 0x80006626 (0x0000a117) auipc   sp, 0xa
core   0: 3 0x80006626 (0x0000a117) x 2 0x80010626
core   0: 0x8000662a (0xecd10113) addi    sp, sp, -307
core   0: 3 0x8000662a (0xecd10113) x 2 0x800104f3
core   0: 0x8000662e (0x01c10123) sb      t3, 2(sp)
core   0: 3 0x8000662e (0x01c10123) mem 0x800104f5 0xb1
core   0: 0x80006632 (0xce057293) andi    t0, a0, -800
core   0: 3 0x80006632 (0xce057293) x 5 0x00000000
core   0: 0x80006636 (0xfda14c03) lbu     s8, -38(sp)
core   0: 3 0x80006636 (0xfda14c03) x24 0x000000c0 mem 0x800104cd
core   0: 0x8000663a (0x00210123) sb      sp, 2(sp)
core   0: 3 0x8000663a (0x00210123) mem 0x800104f5 0xf3
core   0: 0x8000663e (0x00210b03) lb      s6, 2(sp)
core   0: 3 0x8000663e (0x00210b03) x22 0xfffffff3 mem 0x800104f5
core   0: 0x80006642 (0x01610123) sb      s6, 2(sp)
core   0: 3 0x80006642 (0x01610123) mem 0x800104f5 0xf3
core   0: 0x80006646 (0x00214983) lbu     s3, 2(sp)
core   0: 3 0x80006646 (0x00214983) x19 0x000000f3 mem 0x800104f5
core   0: 0x8000664a (0x0377e993) ori     s3, a5, 55
core   0: 3 0x8000664a (0x0377e993) x19 0x800109bf
core   0: 0x8000664e (0xfd315f83) lhu     t6, -45(sp)
core   0: 3 0x8000664e (0xfd315f83) x31 0x0000e8c6 mem 0x800104c6
core   0: 0x80006652 (0x00d10d23) sb      a3, 26(sp)
core   0: 3 0x80006652 (0x00d10d23) mem 0x8001050d 0x22
core   0: 0x80006656 (0x03a5dbb3) divu    s7, a1, s10
core   0: 3 0x80006656 (0x03a5dbb3) x23 0x00000000
core   0: 0x8000665a (0x01f10c03) lb      s8, 31(sp)
core   0: 3 0x8000665a (0x01f10c03) x24 0xffffffa8 mem 0x80010512
core   0: 0x8000665e (0x00008dae) c.mv    s11, a1
core   0: 3 0x8000665e (0x8dae) x27 0x0000003a
core   0: 0x80006660 (0xfd910123) sb      s9, -62(sp)
core   0: 3 0x80006660 (0xfd910123) mem 0x800104b5 0x0
core   0: 0x80006664 (0x413157b3) sra     a5, sp, s3
core   0: 3 0x80006664 (0x413157b3) x15 0xffffffff
core   0: 0x80006668 (0xfe210f23) sb      sp, -2(sp)
core   0: 3 0x80006668 (0xfe210f23) mem 0x800104f1 0xf3
core   0: 0x8000666c (0xfdb14203) lbu     tp, -37(sp)
core   0: 3 0x8000666c (0xfdb14203) x 4 0x00000052 mem 0x800104ce
core   0: 0x80006670 (0x5a084d93) xori    s11, a6, 1440
core   0: 3 0x80006670 (0x5a084d93) x27 0x80010974
core   0: 0x80006674 (0xfdb10a03) lb      s4, -37(sp)
core   0: 3 0x80006674 (0xfdb10a03) x20 0x00000052 mem 0x800104ce
core   0: 0x80006678 (0xfdb10b03) lb      s6, -37(sp)
core   0: 3 0x80006678 (0xfdb10b03) x22 0x00000052 mem 0x800104ce
core   0: 0x8000667c (0xfdb11603) lh      a2, -37(sp)
core   0: 3 0x8000667c (0xfdb11603) x12 0xffffcc52 mem 0x800104ce
core   0: 0x80006680 (0x00008d6d) c.and   a0, a1
core   0: 3 0x80006680 (0x8d6d) x10 0x00000000
core   0: 0x80006682 (0xfc410123) sb      tp, -62(sp)
core   0: 3 0x80006682 (0xfc410123) mem 0x800104b5 0x52
core   0: 0x80006686 (0xfc210483) lb      s1, -62(sp)
core   0: 3 0x80006686 (0xfc210483) x 9 0x00000052 mem 0x800104b5
core   0: 0x8000668a (0xfd210123) sb      s2, -62(sp)
core   0: 3 0x8000668a (0xfd210123) mem 0x800104b5 0x11
core   0: 0x8000668e (0xfcd104a3) sb      a3, -55(sp)
core   0: 3 0x8000668e (0xfcd104a3) mem 0x800104bc 0x22
core   0: 0x80006692 (0x022002ef) jal     t0, pc + 0x22
core   0: 3 0x80006692 (0x022002ef) x 5 0x80006696
core   0: 0x800066b4 (0x000037e5) c.jal   pc - 24
core   0: 3 0x800066b4 (0x37e5) x 1 0x800066b6
core   0: 0x8000669c (0x01e00eef) jal     t4, pc + 0x1e
core   0: 3 0x8000669c (0x01e00eef) x29 0x800066a0
core   0: 0x800066ba (0x00003ffd) c.jal   pc - 2
core   0: 3 0x800066ba (0x3ffd) x 1 0x800066bc
core   0: 0x800066b8 (0x00003ff9) c.jal   pc - 34
core   0: 3 0x800066b8 (0x3ff9) x 1 0x800066ba
core   0: 0x80006696 (0x01a0026f) jal     tp, pc + 0x1a
core   0: 3 0x80006696 (0x01a0026f) x 4 0x8000669a
core   0: 0x800066b0 (0xffbff1ef) jal     gp, pc - 0x6
core   0: 3 0x800066b0 (0xffbff1ef) x 3 0x800066b4
core   0: 0x800066aa (0x0000bffd) c.j     pc - 2
core   0: 3 0x800066aa (0xbffd)
core   0: 0x800066a8 (0x0000a005) c.j     pc + 32
core   0: 3 0x800066a8 (0xa005)
core   0: 0x800066c8 (0xfe5ff16f) jal     sp, pc - 0x1c
core   0: 3 0x800066c8 (0xfe5ff16f) x 2 0x800066cc
core   0: 0x800066ac (0x014000ef) jal     pc + 0x14
core   0: 3 0x800066ac (0x014000ef) x 1 0x800066b0
core   0: 0x800066c0 (0x0000a011) c.j     pc + 4
core   0: 3 0x800066c0 (0xa011)
core   0: 0x800066c4 (0xfddff1ef) jal     gp, pc - 0x24
core   0: 3 0x800066c4 (0xfddff1ef) x 3 0x800066c8
core   0: 0x800066a0 (0x016000ef) jal     pc + 0x16
core   0: 3 0x800066a0 (0x016000ef) x 1 0x800066a4
core   0: 0x800066b6 (0x000037d5) c.jal   pc - 28
core   0: 3 0x800066b6 (0x37d5) x 1 0x800066b8
core   0: 0x8000669a (0x0000a025) c.j     pc + 40
core   0: 3 0x8000669a (0xa025)
core   0: 0x800066c2 (0x000037cd) c.jal   pc - 30
core   0: 3 0x800066c2 (0x37cd) x 1 0x800066c4
core   0: 0x800066a4 (0x018000ef) jal     pc + 0x18
core   0: 3 0x800066a4 (0x018000ef) x 1 0x800066a8
core   0: 0x800066bc (0x00002009) c.jal   pc + 2
core   0: 3 0x800066bc (0x2009) x 1 0x800066be
core   0: 0x800066be (0x0000a039) c.j     pc + 14
core   0: 3 0x800066be (0xa039)
core   0: 0x800066cc (0x004001ef) jal     gp, pc + 0x4
core   0: 3 0x800066cc (0x004001ef) x 3 0x800066d0
core   0: 0x800066d0 (0x3c22b793) sltiu   a5, t0, 962
core   0: 3 0x800066d0 (0x3c22b793) x15 0x00000000
core   0: 0x800066d4 (0x0000a817) auipc   a6, 0xa
core   0: 3 0x800066d4 (0x0000a817) x16 0x800106d4
core   0: 0x800066d8 (0xab880813) addi    a6, a6, -1352
core   0: 3 0x800066d8 (0xab880813) x16 0x8001018c
core   0: 0x800066dc (0x0000bb97) auipc   s7, 0xb
core   0: 3 0x800066dc (0x0000bb97) x23 0x800116dc
core   0: 0x800066e0 (0x95bb8b93) addi    s7, s7, -1701
core   0: 3 0x800066e0 (0x95bb8b93) x23 0x80011037
core   0: 0x800066e4 (0x0000ad17) auipc   s10, 0xa
core   0: 3 0x800066e4 (0x0000ad17) x26 0x800106e4
core   0: 0x800066e8 (0x7b8d0d13) addi    s10, s10, 1976
core   0: 3 0x800066e8 (0x7b8d0d13) x26 0x80010e9c
core   0: 0x800066ec (0xfe081123) sh      zero, -30(a6)
core   0: 3 0x800066ec (0xfe081123) mem 0x8001016e 0x0000
core   0: 0x800066f0 (0xf4db9783) lh      a5, -179(s7)
core   0: 3 0x800066f0 (0xf4db9783) x15 0x00002124 mem 0x80010f84
core   0: 0x800066f4 (0xfd184403) lbu     s0, -47(a6)
core   0: 3 0x800066f4 (0xfd184403) x 8 0x000000e7 mem 0x8001015d
core   0: 0x800066f8 (0x0000a597) auipc   a1, 0xa
core   0: 3 0x800066f8 (0x0000a597) x11 0x800106f8
core   0: 0x800066fc (0x00758593) addi    a1, a1, 7
core   0: 3 0x800066fc (0x00758593) x11 0x800106ff
core   0: 0x80006700 (0xd68b8f83) lb      t6, -664(s7)
core   0: 3 0x80006700 (0xd68b8f83) x31 0xffffffef mem 0x80010d9f
core   0: 0x80006704 (0x01958223) sb      s9, 4(a1)
core   0: 3 0x80006704 (0x01958223) mem 0x80010703 0x0
core   0: 0x80006708 (0x0dbd0723) sb      s11, 206(s10)
core   0: 3 0x80006708 (0x0dbd0723) mem 0x80010f6a 0x74
core   0: 0x8000670c (0x01a80e03) lb      t3, 26(a6)
core   0: 3 0x8000670c (0x01a80e03) x28 0x0000000b mem 0x800101a6
core   0: 0x80006710 (0x8c1ba683) lw      a3, -1855(s7)
core   0: 3 0x80006710 (0x8c1ba683) x13 0x2f6ac6d3 mem 0x800108f8
core   0: 0x80006714 (0xffa5c403) lbu     s0, -6(a1)
core   0: 3 0x80006714 (0xffa5c403) x 8 0x00000028 mem 0x800106f9
core   0: 0x80006718 (0xafad0ca3) sb      s10, -1287(s10)
core   0: 3 0x80006718 (0xafad0ca3) mem 0x80010995 0x9c
core   0: 0x8000671c (0x02880aa3) sb      s0, 53(a6)
core   0: 3 0x8000671c (0x02880aa3) mem 0x800101c1 0x28
core   0: 0x80006720 (0xb0cb8123) sb      a2, -1278(s7)
core   0: 3 0x80006720 (0xb0cb8123) mem 0x80010b39 0x52
core   0: 0x80006724 (0x01684403) lbu     s0, 22(a6)
core   0: 3 0x80006724 (0x01684403) x 8 0x000000f5 mem 0x800101a2
core   0: 0x80006728 (0xebbd0003) lb      zero, -325(s10)
core   0: 3 0x80006728 (0xebbd0003) mem 0x80010d57
core   0: 0x8000672c (0x00e58623) sb      a4, 12(a1)
core   0: 3 0x8000672c (0x00e58623) mem 0x8001070b 0xe4
core   0: 0x80006730 (0x8bfd1d23) sh      t6, -1862(s10)
core   0: 3 0x80006730 (0x8bfd1d23) mem 0x80010756 0xffef
core   0: 0x80006734 (0x934bc983) lbu     s3, -1740(s7)
core   0: 3 0x80006734 (0x934bc983) x19 0x0000000e mem 0x8001096b
core   0: 0x80006738 (0xfee84c03) lbu     s8, -18(a6)
core   0: 3 0x80006738 (0xfee84c03) x24 0x00000096 mem 0x8001017a
core   0: 0x8000673c (0x82fbc483) lbu     s1, -2001(s7)
core   0: 3 0x8000673c (0x82fbc483) x 9 0x00000097 mem 0x80010866
core   0: 0x80006740 (0x00f58d83) lb      s11, 15(a1)
core   0: 3 0x80006740 (0x00f58d83) x27 0xfffffffc mem 0x8001070e
core   0: 0x80006744 (0xf16baca3) sw      s6, -231(s7)
core   0: 3 0x80006744 (0xf16baca3) mem 0x80010f50 0x00000052
core   0: 0x80006748 (0xa30d0d23) sb      a6, -1478(s10)
core   0: 3 0x80006748 (0xa30d0d23) mem 0x800108d6 0x8c
core   0: 0x8000674c (0xffe5cd83) lbu     s11, -2(a1)
core   0: 3 0x8000674c (0xffe5cd83) x27 0x000000dc mem 0x800106fd
core   0: 0x80006750 (0x9f6d5f83) lhu     t6, -1546(s10)
core   0: 3 0x80006750 (0x9f6d5f83) x31 0x000049d8 mem 0x80010892
core   0: 0x80006754 (0x0035d183) lhu     gp, 3(a1)
core   0: 3 0x80006754 (0x0035d183) x 3 0x00000058 mem 0x80010702
core   0: 0x80006758 (0xfdf81b23) sh      t6, -42(a6)
core   0: 3 0x80006758 (0xfdf81b23) mem 0x80010162 0x49d8
core   0: 0x8000675c (0xc43bca83) lbu     s5, -957(s7)
core   0: 3 0x8000675c (0xc43bca83) x21 0x0000005a mem 0x80010c7a
core   0: 0x80006760 (0x0045a2a3) sw      tp, 5(a1)
core   0: 3 0x80006760 (0x0045a2a3) mem 0x80010704 0x8000669a
core   0: 0x80006764 (0xfd584c03) lbu     s8, -43(a6)
core   0: 3 0x80006764 (0xfd584c03) x24 0x000000a5 mem 0x80010161
core   0: 0x80006768 (0x9e1d0e23) sb      ra, -1540(s10)
core   0: 3 0x80006768 (0x9e1d0e23) mem 0x80010898 0xbe
core   0: 0x8000676c (0xffc58783) lb      a5, -4(a1)
core   0: 3 0x8000676c (0xffc58783) x15 0xfffffff2 mem 0x800106fb
core   0: 0x80006770 (0x00882303) lw      t1, 8(a6)
core   0: 3 0x80006770 (0x00882303) x 6 0x93c2f875 mem 0x80010194
core   0: 0x80006774 (0xb34bcb03) lbu     s6, -1228(s7)
core   0: 3 0x80006774 (0xb34bcb03) x22 0x000000a1 mem 0x80010b6b
core   0: 0x80006778 (0xffa59ba3) sh      s10, -9(a1)
core   0: 3 0x80006778 (0xffa59ba3) mem 0x800106f6 0x0e9c
core   0: 0x8000677c (0x03fd4503) lbu     a0, 63(s10)
core   0: 3 0x8000677c (0x03fd4503) x10 0x000000e3 mem 0x80010edb
core   0: 0x80006780 (0xfe085c03) lhu     s8, -32(a6)
core   0: 3 0x80006780 (0xfe085c03) x24 0x0000d5fd mem 0x8001016c
core   0: 0x80006784 (0xde3bd483) lhu     s1, -541(s7)
core   0: 3 0x80006784 (0xde3bd483) x 9 0x00005e3e mem 0x80010e1a
core   0: 0x80006788 (0xff35ca03) lbu     s4, -13(a1)
core   0: 3 0x80006788 (0xff35ca03) x20 0x000000b6 mem 0x800106f2
core   0: 0x8000678c (0x04e50613) addi    a2, a0, 78
core   0: 3 0x8000678c (0x04e50613) x12 0x00000131
core   0: 0x80006790 (0x01472533) slt     a0, a4, s4
core   0: 3 0x80006790 (0x01472533) x10 0x00000001
core   0: 0x80006794 (0x004bd913) srli    s2, s7, 4
core   0: 3 0x80006794 (0x004bd913) x18 0x08001103
core   0: 0x80006798 (0x00009bfd) c.andi  a5, -1
core   0: 3 0x80006798 (0x9bfd) x15 0xfffffff2
core   0: 0x8000679a (0x40058c33) sub     s8, a1, zero
core   0: 3 0x8000679a (0x40058c33) x24 0x800106ff
core   0: 0x8000679e (0x11e67d13) andi    s10, a2, 286
core   0: 3 0x8000679e (0x11e67d13) x26 0x00000110
core   0: 0x800067a2 (0x01dd4b63) blt     s10, t4, pc + 22
core   0: 3 0x800067a2 (0x01dd4b63)
core   0: 0x800067a6 (0x01732bb3) slt     s7, t1, s7
core   0: 3 0x800067a6 (0x01732bb3) x23 0x00000000
core   0: 0x800067aa (0x01d781b3) add     gp, a5, t4
core   0: 3 0x800067aa (0x01d781b3) x 3 0x80006692
core   0: 0x800067ae (0x02c6c833) div     a6, a3, a2
core   0: 3 0x800067ae (0x02c6c833) x16 0x0027cc9c
core   0: 0x800067b2 (0x00006f15) c.lui   t5, 0x5
core   0: 3 0x800067b2 (0x6f15) x30 0x00005000
core   0: 0x800067b4 (0x0163a4b3) slt     s1, t2, s6
core   0: 3 0x800067b4 (0x0163a4b3) x 9 0x00000001
core   0: 0x800067b8 (0x0000717d) c.addi16sp sp, -16
core   0: 3 0x800067b8 (0x717d) x 2 0x800066bc
core   0: 0x800067ba (0x02dcf133) remu    sp, s9, a3
core   0: 3 0x800067ba (0x02dcf133) x 2 0x212a725a
core   0: 0x800067be (0x0000878a) c.mv    a5, sp
core   0: 3 0x800067be (0x878a) x15 0x212a725a
core   0: 0x800067c0 (0x00009ed2) c.add   t4, s4
core   0: 3 0x800067c0 (0x9ed2) x29 0x80006756
core   0: 0x800067c2 (0x400c5d33) sra     s10, s8, zero
core   0: 3 0x800067c2 (0x400c5d33) x26 0x800106ff
core   0: 0x800067c6 (0x0000840a) c.mv    s0, sp
core   0: 3 0x800067c6 (0x840a) x 8 0x212a725a
core   0: 0x800067c8 (0xe0307297) auipc   t0, 0xe0307
core   0: 3 0x800067c8 (0xe0307297) x 5 0x6030d7c8
core   0: 0x800067cc (0xd62b0293) addi    t0, s6, -670
core   0: 3 0x800067cc (0xd62b0293) x 5 0xfffffe03
core   0: 0x800067d0 (0x02463bb3) mulhu   s7, a2, tp
core   0: 3 0x800067d0 (0x02463bb3) x23 0x00000098
core   0: 0x800067d4 (0xd5917093) andi    ra, sp, -679
core   0: 3 0x800067d4 (0xd5917093) x 1 0x212a7058
core   0: 0x800067d8 (0x00000aee) c.slli  s5, 27
core   0: 3 0x800067d8 (0x0aee) x21 0xd0000000
core   0: 0x800067da (0x00008c9d) c.sub   s1, a5
core   0: 3 0x800067da (0x8c9d) x 9 0xded58da7
core   0: 0x800067dc (0x00008af6) c.mv    s5, t4
core   0: 3 0x800067dc (0x8af6) x21 0x80006756
core   0: 0x800067de (0x0000100f) fence.i
core   0: 3 0x800067de (0x0000100f)
core   0: 0x800067e2 (0x000063f1) c.lui   t2, 0x1c
core   0: 3 0x800067e2 (0x63f1) x 7 0x0001c000
core   0: 0x800067e4 (0x784dceb7) lui     t4, 0x784dc
core   0: 3 0x800067e4 (0x784dceb7) x29 0x784dc000
core   0: 0x800067e8 (0x0114db93) srli    s7, s1, 17
core   0: 3 0x800067e8 (0x0114db93) x23 0x00006f6a
core   0: 0x800067ec (0x00000001) c.nop
core   0: 3 0x800067ec (0x0001)
core   0: 0x800067ee (0xd15a2993) slti    s3, s4, -747
core   0: 3 0x800067ee (0xd15a2993) x19 0x00000000
core   0: 0x800067f2 (0x03fa95b3) mulh    a1, s5, t6
core   0: 3 0x800067f2 (0x03fa95b3) x11 0xffffdb14
core   0: 0x800067f6 (0x41bc84b3) sub     s1, s9, s11
core   0: 3 0x800067f6 (0x41bc84b3) x 9 0x7fffff24
core   0: 0x800067fa (0x00d114b3) sll     s1, sp, a3
core   0: 3 0x800067fa (0x00d114b3) x 9 0x92d00000
core   0: 0x800067fe (0x03f8ca33) div     s4, a7, t6
core   0: 3 0x800067fe (0x03f8ca33) x20 0xfffe4449
core   0: 0x80006802 (0x00008861) c.andi  s0, 24
core   0: 3 0x80006802 (0x8861) x 8 0x00000018
core   0: 0x80006804 (0x00000001) c.nop
core   0: 3 0x80006804 (0x0001)
core   0: 0x80006806 (0x05315263) bge     sp, s3, pc + 68
core   0: 3 0x80006806 (0x05315263)
core   0: 0x8000684a (0x00001c80) c.addi4spn s0, sp, 624
core   0: 3 0x8000684a (0x1c80) x 8 0x212a74ca
core   0: 0x8000684c (0x0000a117) auipc   sp, 0xa
core   0: 3 0x8000684c (0x0000a117) x 2 0x8001084c
core   0: 0x80006850 (0xae910113) addi    sp, sp, -1303
core   0: 3 0x80006850 (0xae910113) x 2 0x80010335
core   0: 0x80006854 (0xffb12403) lw      s0, -5(sp)
core   0: 3 0x80006854 (0xffb12403) x 8 0x44bc3ad8 mem 0x80010330
core   0: 0x80006858 (0xff012da3) sw      a6, -5(sp)
core   0: 3 0x80006858 (0xff012da3) mem 0x80010330 0x0027cc9c
core   0: 0x8000685c (0xfe8106a3) sb      s0, -19(sp)
core   0: 3 0x8000685c (0xfe8106a3) mem 0x80010322 0xd8
core   0: 0x80006860 (0xfed10903) lb      s2, -19(sp)
core   0: 3 0x80006860 (0xfed10903) x18 0xffffffd8 mem 0x80010322
core   0: 0x80006864 (0xfe314c03) lbu     s8, -29(sp)
core   0: 3 0x80006864 (0xfe314c03) x24 0x0000002f mem 0x80010318
core   0: 0x80006868 (0x2e33f913) andi    s2, t2, 739
core   0: 3 0x80006868 (0x2e33f913) x18 0x00000000
core   0: 0x8000686c (0xfe311003) lh      zero, -29(sp)
core   0: 3 0x8000686c (0xfe311003) mem 0x80010318
core   0: 0x80006870 (0xfed121a3) sw      a3, -29(sp)
core   0: 3 0x80006870 (0xfed121a3) mem 0x80010318 0x2f6ac6d3
core   0: 0x80006874 (0xfe312b03) lw      s6, -29(sp)
core   0: 3 0x80006874 (0xfe312b03) x22 0x2f6ac6d3 mem 0x80010318
core   0: 0x80006878 (0x00e10583) lb      a1, 14(sp)
core   0: 3 0x80006878 (0x00e10583) x11 0xffffffff mem 0x80010343
core   0: 0x8000687c (0x03f32333) mulhsu  t1, t1, t6
core   0: 3 0x8000687c (0x03f32333) x 6 0xffffe0c7
core   0: 0x80006880 (0x00e10483) lb      s1, 14(sp)
core   0: 3 0x80006880 (0x00e10483) x 9 0xffffffff mem 0x80010343
core   0: 0x80006884 (0x00e10983) lb      s3, 14(sp)
core   0: 3 0x80006884 (0x00e10983) x19 0xffffffff mem 0x80010343
core   0: 0x80006888 (0x00001f90) c.addi4spn a2, sp, 1008
core   0: 3 0x80006888 (0x1f90) x12 0x80010725
core   0: 0x8000688a (0x03dca633) mulhsu  a2, s9, t4
core   0: 3 0x8000688a (0x03dca633) x12 0xc3d92000
core   0: 0x8000688e (0x7be40013) addi    zero, s0, 1982
core   0: 3 0x8000688e (0x7be40013)
core   0: 0x80006892 (0x00008d75) c.and   a0, a3
core   0: 3 0x80006892 (0x8d75) x10 0x00000001
core   0: 0x80006894 (0x00000f2d) c.addi  t5, 11
core   0: 3 0x80006894 (0x0f2d) x30 0x0000500b
core   0: 0x80006896 (0x022a1263) bne     s4, sp, pc + 36
core   0: 3 0x80006896 (0x022a1263)
core   0: 0x800068ba (0x01c3da33) srl     s4, t2, t3
core   0: 3 0x800068ba (0x01c3da33) x20 0x00000038
core   0: 0x800068be (0x0000667d) c.lui   a2, 0x1f
core   0: 3 0x800068be (0x667d) x12 0x0001f000
core   0: 0x800068c0 (0x01c09633) sll     a2, ra, t3
core   0: 3 0x800068c0 (0x01c09633) x12 0x5382c000
core   0: 0x800068c4 (0x00009faa) c.add   t6, a0
core   0: 3 0x800068c4 (0x9faa) x31 0x000049d9
core   0: 0x800068c6 (0x03794933) div     s2, s2, s7
core   0: 3 0x800068c6 (0x03794933) x18 0x00000000
core   0: 0x800068ca (0x02264bb3) div     s7, a2, sp
core   0: 3 0x800068ca (0x02264bb3) x23 0x00000000
core   0: 0x800068ce (0x41d15813) srai    a6, sp, 29
core   0: 3 0x800068ce (0x41d15813) x16 0xfffffffc
core   0: 0x800068d2 (0x0ff0000f) fence   iorw,iorw
core   0: 3 0x800068d2 (0x0ff0000f)
core   0: 0x800068d6 (0x416bdb13) srai    s6, s7, 22
core   0: 3 0x800068d6 (0x416bdb13) x22 0x00000000
core   0: 0x800068da (0x0000557d) c.li    a0, -1
core   0: 3 0x800068da (0x557d) x10 0xffffffff
core   0: 0x800068dc (0x06107763) bgeu    zero, ra, pc + 110
core   0: 3 0x800068dc (0x06107763)
core   0: 0x800068e0 (0x0588ea63) bltu    a7, s8, pc + 84
core   0: 3 0x800068e0 (0x0588ea63)
core   0: 0x800068e4 (0x0000e2b9) c.bnez  a3, pc + 70
core   0: 3 0x800068e4 (0xe2b9)
core   0: 0x8000692a (0x4dc2ba93) sltiu   s5, t0, 1244
core   0: 3 0x8000692a (0x4dc2ba93) x21 0x00000000
core   0: 0x8000692e (0x40d25313) srai    t1, tp, 13
core   0: 3 0x8000692e (0x40d25313) x 6 0xfffc0003
core   0: 0x80006932 (0x0000e499) c.bnez  s1, pc + 14
core   0: 3 0x80006932 (0xe499)
core   0: 0x80006940 (0x039f4833) div     a6, t5, s9
core   0: 3 0x80006940 (0x039f4833) x16 0x00000000
core   0: 0x80006944 (0x02f20863) beq     tp, a5, pc + 48
core   0: 3 0x80006944 (0x02f20863)
core   0: 0x80006948 (0x0000057e) c.slli  a0, 31
core   0: 3 0x80006948 (0x057e) x10 0x80000000
core   0: 0x8000694a (0x03c2fdb3) remu    s11, t0, t3
core   0: 3 0x8000694a (0x03c2fdb3) x27 0x00000001
core   0: 0x8000694e (0x03a3ac33) mulhsu  s8, t2, s10
core   0: 3 0x8000694e (0x03a3ac33) x24 0x0000e001
core   0: 0x80006952 (0x0000100f) fence.i
core   0: 3 0x80006952 (0x0000100f)
core   0: 0x80006956 (0x00009bfd) c.andi  a5, -1
core   0: 3 0x80006956 (0x9bfd) x15 0x212a725a
core   0: 0x80006958 (0x00006a31) c.lui   s4, 0xc
core   0: 3 0x80006958 (0x6a31) x20 0x0000c000
core   0: 0x8000695a (0x000deeb3) or      t4, s11, zero
core   0: 3 0x8000695a (0x000deeb3) x29 0x00000001
core   0: 0x8000695e (0x00008db9) c.xor   a1, a4
core   0: 3 0x8000695e (0x8db9) x11 0x7ffd631b
core   0: 0x80006960 (0x0000717d) c.addi16sp sp, -16
core   0: 3 0x80006960 (0x717d) x 2 0x80010325
core   0: 0x80006962 (0x4195d913) srai    s2, a1, 25
core   0: 3 0x80006962 (0x4195d913) x18 0x0000003f
core   0: 0x80006966 (0x00004c41) c.li    s8, 16
core   0: 3 0x80006966 (0x4c41) x24 0x00000010
core   0: 0x80006968 (0x01239f13) slli    t5, t2, 18
core   0: 3 0x80006968 (0x01239f13) x30 0x00000000
core   0: 0x8000696c (0x00445f33) srl     t5, s0, tp
core   0: 3 0x8000696c (0x00445f33) x30 0x00000011
core   0: 0x80006970 (0xc20d8d13) addi    s10, s11, -992
core   0: 3 0x80006970 (0xc20d8d13) x26 0xfffffc21
core   0: 0x80006974 (0x0000100f) fence.i
core   0: 3 0x80006974 (0x0000100f)
core   0: 0x80006978 (0x0008af33) slt     t5, a7, zero
core   0: 3 0x80006978 (0x0008af33) x30 0x00000001
core   0: 0x8000697c (0x00006c0d) c.lui   s8, 0x3
core   0: 3 0x8000697c (0x6c0d) x24 0x00003000
core   0: 0x8000697e (0x02209363) bne     ra, sp, pc + 38
core   0: 3 0x8000697e (0x02209363)
core   0: 0x800069a4 (0x0192de33) srl     t3, t0, s9
core   0: 3 0x800069a4 (0x0192de33) x28 0xfffffe03
core   0: 0x800069a8 (0x04288063) beq     a7, sp, pc + 64
core   0: 3 0x800069a8 (0x04288063)
core   0: 0x800069ac (0x00254963) blt     a0, sp, pc + 18
core   0: 3 0x800069ac (0x00254963)
core   0: 0x800069be (0x7c26c493) xori    s1, a3, 1986
core   0: 3 0x800069be (0x7c26c493) x 9 0x2f6ac111
core   0: 0x800069c2 (0x037d4b33) div     s6, s10, s7
core   0: 3 0x800069c2 (0x037d4b33) x22 0xffffffff
core   0: 0x800069c6 (0x31ce4f13) xori    t5, t3, 796
core   0: 3 0x800069c6 (0x31ce4f13) x30 0xfffffd1f
core   0: 0x800069ca (0x031cd463) bge     s9, a7, pc + 40
core   0: 3 0x800069ca (0x031cd463)
core   0: 0x800069ce (0x00001608) c.addi4spn a0, sp, 800
core   0: 3 0x800069ce (0x1608) x10 0x80010645
core   0: 0x800069d0 (0x00005a7d) c.li    s4, -1
core   0: 3 0x800069d0 (0x5a7d) x20 0xffffffff
core   0: 0x800069d2 (0x03c6d633) divu    a2, a3, t3
core   0: 3 0x800069d2 (0x03c6d633) x12 0x00000000
core   0: 0x800069d6 (0x0000100f) fence.i
core   0: 3 0x800069d6 (0x0000100f)
core   0: 0x800069da (0x03f01263) bne     zero, t6, pc + 36
core   0: 3 0x800069da (0x03f01263)
core   0: 0x800069fe (0x0000828d) c.srli  a3, 3
core   0: 3 0x800069fe (0x828d) x13 0x05ed58da
core   0: 0x80006a00 (0x030804b3) mul     s1, a6, a6
core   0: 3 0x80006a00 (0x030804b3) x 9 0x00000000
core   0: 0x80006a04 (0x0397d533) divu    a0, a5, s9
core   0: 3 0x80006a04 (0x0397d533) x10 0x00000000
core   0: 0x80006a08 (0x00000c88) c.addi4spn a0, sp, 592
core   0: 3 0x80006a08 (0x0c88) x10 0x80010575
core   0: 0x80006a0a (0x0029d563) bge     s3, sp, pc + 10
core   0: 3 0x80006a0a (0x0029d563)
core   0: 0x80006a14 (0x00000001) c.nop
core   0: 3 0x80006a14 (0x0001)
core   0: 0x80006a16 (0x03094533) div     a0, s2, a6
core   0: 3 0x80006a16 (0x03094533) x10 0xffffffff
core   0: 0x80006a1a (0x18304493) xori    s1, zero, 387
core   0: 3 0x80006a1a (0x18304493) x 9 0x00000183
core   0: 0x80006a1e (0x00bd0b63) beq     s10, a1, pc + 22
core   0: 3 0x80006a1e (0x00bd0b63)
core   0: 0x80006a22 (0x00004211) c.li    tp, 4
core   0: 3 0x80006a22 (0x4211) x 4 0x00000004
core   0: 0x80006a24 (0x0000ea05) c.bnez  a2, pc + 48
core   0: 3 0x80006a24 (0xea05)
core   0: 0x80006a26 (0x6ed47013) andi    zero, s0, 1773
core   0: 3 0x80006a26 (0x6ed47013)
core   0: 0x80006a2a (0x40198bb3) sub     s7, s3, ra
core   0: 3 0x80006a2a (0x40198bb3) x23 0xded58fa7
core   0: 0x80006a2e (0x00008391) c.srli  a5, 4
core   0: 3 0x80006a2e (0x8391) x15 0x0212a725
core   0: 0x80006a30 (0x01779f13) slli    t5, a5, 23
core   0: 3 0x80006a30 (0x01779f13) x30 0x92800000
core   0: 0x80006a34 (0x00445133) srl     sp, s0, tp
core   0: 3 0x80006a34 (0x00445133) x 2 0x044bc3ad
core   0: 0x80006a38 (0x00000001) c.nop
core   0: 3 0x80006a38 (0x0001)
core   0: 0x80006a3a (0x0216b333) mulhu   t1, a3, ra
core   0: 3 0x80006a3a (0x0216b333) x 6 0x00c493fe
core   0: 0x80006a3e (0x0235b5b3) mulhu   a1, a1, gp
core   0: 3 0x80006a3e (0x0235b5b3) x11 0x3ffee4d5
core   0: 0x80006a42 (0x40a45a33) sra     s4, s0, a0
core   0: 3 0x80006a42 (0x40a45a33) x20 0x00000000
core   0: 0x80006a46 (0x00008fd1) c.or    a5, a2
core   0: 3 0x80006a46 (0x8fd1) x15 0x0212a725
core   0: 0x80006a48 (0x02bcbab3) mulhu   s5, s9, a1
core   0: 3 0x80006a48 (0x02bcbab3) x21 0x1fff726a
core   0: 0x80006a4c (0x0ff0000f) fence   iorw,iorw
core   0: 3 0x80006a4c (0x0ff0000f)
core   0: 0x80006a50 (0x039fde63) bge     t6, s9, pc + 60
core   0: 3 0x80006a50 (0x039fde63)
core   0: 0x80006a8c (0x0000eb85) c.bnez  a5, pc + 48
core   0: 3 0x80006a8c (0xeb85)
core   0: 0x80006abc (0x0000517d) c.li    sp, -1
core   0: 3 0x80006abc (0x517d) x 2 0xffffffff
core   0: 0x80006abe (0x000089ad) c.andi  a1, 11
core   0: 3 0x80006abe (0x89ad) x11 0x00000001
core   0: 0x80006ac0 (0x00000001) c.nop
core   0: 3 0x80006ac0 (0x0001)
core   0: 0x80006ac2 (0x00004191) c.li    gp, 4
core   0: 3 0x80006ac2 (0x4191) x 3 0x00000004
core   0: 0x80006ac4 (0x2f7b6313) ori     t1, s6, 759
core   0: 3 0x80006ac4 (0x2f7b6313) x 6 0xffffffff
core   0: 0x80006ac8 (0xf27fbd93) sltiu   s11, t6, -217
core   0: 3 0x80006ac8 (0xf27fbd93) x27 0x00000001
core   0: 0x80006acc (0x02238363) beq     t2, sp, pc + 38
core   0: 3 0x80006acc (0x02238363)
core   0: 0x80006ad0 (0x037bb4b3) mulhu   s1, s7, s7
core   0: 3 0x80006ad0 (0x037bb4b3) x 9 0xc1f7174e
core   0: 0x80006ad4 (0x00cad613) srli    a2, s5, 12
core   0: 3 0x80006ad4 (0x00cad613) x12 0x0001fff7
core   0: 0x80006ad8 (0x015e9fb3) sll     t6, t4, s5
core   0: 3 0x80006ad8 (0x015e9fb3) x31 0x00000400
core   0: 0x80006adc (0x01b5bbb3) sltu    s7, a1, s11
core   0: 3 0x80006adc (0x01b5bbb3) x23 0x00000000
core   0: 0x80006ae0 (0x00cb7933) and     s2, s6, a2
core   0: 3 0x80006ae0 (0x00cb7933) x18 0x0001fff7
core   0: 0x80006ae4 (0x062c1663) bne     s8, sp, pc + 108
core   0: 3 0x80006ae4 (0x062c1663)
core   0: 0x80006b50 (0x00008e7d) c.and   a2, a5
core   0: 3 0x80006b50 (0x8e7d) x12 0x0000a725
core   0: 0x80006b52 (0x03cb3c33) mulhu   s8, s6, t3
core   0: 3 0x80006b52 (0x03cb3c33) x24 0xfffffe02
core   0: 0x80006b56 (0x2796a297) auipc   t0, 0x2796a
core   0: 3 0x80006b56 (0x2796a297) x 5 0xa7970b56
core   0: 0x80006b5a (0x9e8b8197) auipc   gp, 0x9e8b8
core   0: 3 0x80006b5a (0x9e8b8197) x 3 0x1e8beb5a
core   0: 0x80006b5e (0x02918263) beq     gp, s1, pc + 36
core   0: 3 0x80006b5e (0x02918263)
core   0: 0x80006b62 (0x0fc96b63) bltu    s2, t3, pc + 246
core   0: 3 0x80006b62 (0x0fc96b63)
core   0: 0x80006c58 (0x40615333) sra     t1, sp, t1
core   0: 3 0x80006c58 (0x40615333) x 6 0xffffffff
core   0: 0x80006c5c (0x00006189) c.lui   gp, 0x2
core   0: 3 0x80006c5c (0x6189) x 3 0x00002000
core   0: 0x80006c5e (0x00651a93) slli    s5, a0, 6
core   0: 3 0x80006c5e (0x00651a93) x21 0xffffffc0
core   0: 0x80006c62 (0x00009ece) c.add   t4, s3
core   0: 3 0x80006c62 (0x9ece) x29 0x00000000
core   0: 0x80006c64 (0x02effa33) remu    s4, t6, a4
core   0: 3 0x80006c64 (0x02effa33) x20 0x00000400
core   0: 0x80006c68 (0x0000c885) c.beqz  s1, pc + 48
core   0: 3 0x80006c68 (0xc885)
core   0: 0x80006c6a (0x00009a7d) c.andi  a2, -1
core   0: 3 0x80006c6a (0x9a7d) x12 0x0000a725
core   0: 0x80006c6c (0x00008332) c.mv    t1, a2
core   0: 3 0x80006c6c (0x8332) x 6 0x0000a725
core   0: 0x80006c6e (0x00008551) c.srai  a0, 20
core   0: 3 0x80006c6e (0x8551) x10 0xffffffff
core   0: 0x80006c70 (0x00009462) c.add   s0, s8
core   0: 3 0x80006c70 (0x9462) x 8 0x44bc38da
core   0: 0x80006c72 (0x01bbc963) blt     s7, s11, pc + 18
core   0: 3 0x80006c72 (0x01bbc963)
core   0: 0x80006c84 (0x014eae33) slt     t3, t4, s4
core   0: 3 0x80006c84 (0x014eae33) x28 0x00000001
core   0: 0x80006c88 (0x6d95f0b7) lui     ra, 0x6d95f
core   0: 3 0x80006c88 (0x6d95f0b7) x 1 0x6d95f000
core   0: 0x80006c8c (0x00fdf133) and     sp, s11, a5
core   0: 3 0x80006c8c (0x00fdf133) x 2 0x00000001
core   0: 0x80006c90 (0x03de0a33) mul     s4, t3, t4
core   0: 3 0x80006c90 (0x03de0a33) x20 0x00000000
core   0: 0x80006c94 (0x03c69433) mulh    s0, a3, t3
core   0: 3 0x80006c94 (0x03c69433) x 8 0x00000000
core   0: 0x80006c98 (0x0000ec81) c.bnez  s1, pc + 24
core   0: 3 0x80006c98 (0xec81)
core   0: 0x80006cb0 (0x01fb2e33) slt     t3, s6, t6
core   0: 3 0x80006cb0 (0x01fb2e33) x28 0x00000001
core   0: 0x80006cb4 (0x000bafb3) slt     t6, s7, zero
core   0: 3 0x80006cb4 (0x000bafb3) x31 0x00000000
core   0: 0x80006cb8 (0x0046b533) sltu    a0, a3, tp
core   0: 3 0x80006cb8 (0x0046b533) x10 0x00000000
core   0: 0x80006cbc (0x03727a33) remu    s4, tp, s7
core   0: 3 0x80006cbc (0x03727a33) x20 0x00000004
core   0: 0x80006cc0 (0x0000c40d) c.beqz  s0, pc + 42
core   0: 3 0x80006cc0 (0xc40d)
core   0: 0x80006cea (0x009b0d33) add     s10, s6, s1
core   0: 3 0x80006cea (0x009b0d33) x26 0xc1f7174d
core   0: 0x80006cee (0x0300d433) divu    s0, ra, a6
core   0: 3 0x80006cee (0x0300d433) x 8 0xffffffff
core   0: 0x80006cf2 (0x0022d513) srli    a0, t0, 2
core   0: 3 0x80006cf2 (0x0022d513) x10 0x29e5c2d5
core   0: 0x80006cf6 (0x0101d913) srli    s2, gp, 16
core   0: 3 0x80006cf6 (0x0101d913) x18 0x00000000
core   0: 0x80006cfa (0x01b50933) add     s2, a0, s11
core   0: 3 0x80006cfa (0x01b50933) x18 0x29e5c2d6
core   0: 0x80006cfe (0x00000d8c) c.addi4spn a1, sp, 720
core   0: 3 0x80006cfe (0x0d8c) x11 0x000002d1
core   0: 0x80006d00 (0x0087eeb3) or      t4, a5, s0
core   0: 3 0x80006d00 (0x0087eeb3) x29 0xffffffff
core   0: 0x80006d04 (0x03bd0633) mul     a2, s10, s11
core   0: 3 0x80006d04 (0x03bd0633) x12 0xc1f7174d
core   0: 0x80006d08 (0x00008589) c.srai  a1, 2
core   0: 3 0x80006d08 (0x8589) x11 0x000000b4
core   0: 0x80006d0a (0x01420563) beq     tp, s4, pc + 10
core   0: 3 0x80006d0a (0x01420563)
core   0: 0x80006d14 (0x03870563) beq     a4, s8, pc + 42
core   0: 3 0x80006d14 (0x03870563)
core   0: 0x80006d18 (0x00006139) c.addi16sp sp, 448
core   0: 3 0x80006d18 (0x6139) x 2 0x000001c1
core   0: 0x80006d1a (0x0000846e) c.mv    s0, s11
core   0: 3 0x80006d1a (0x846e) x 8 0x00000001
core   0: 0x80006d1c (0x01acf6b3) and     a3, s9, s10
core   0: 3 0x80006d1c (0x01acf6b3) x13 0x80000000
core   0: 0x80006d20 (0x00309fb3) sll     t6, ra, gp
core   0: 3 0x80006d20 (0x00309fb3) x31 0x6d95f000
core   0: 0x80006d24 (0x0000100f) fence.i
core   0: 3 0x80006d24 (0x0000100f)
core   0: 0x80006d28 (0x015a3fb3) sltu    t6, s4, s5
core   0: 3 0x80006d28 (0x015a3fb3) x31 0x00000001
core   0: 0x80006d2c (0x57b37513) andi    a0, t1, 1403
core   0: 3 0x80006d2c (0x57b37513) x10 0x00000521
core   0: 0x80006d30 (0x027440b3) div     ra, s0, t2
core   0: 3 0x80006d30 (0x027440b3) x 1 0x00000000
core   0: 0x80006d34 (0x03f2ec33) rem     s8, t0, t6
core   0: 3 0x80006d34 (0x03f2ec33) x24 0x00000000
core   0: 0x80006d38 (0x033c3c33) mulhu   s8, s8, s3
core   0: 3 0x80006d38 (0x033c3c33) x24 0x00000000
core   0: 0x80006d3c (0x00008ce1) c.and   s1, s0
core   0: 3 0x80006d3c (0x8ce1) x 9 0x00000000
core   0: 0x80006d3e (0xb3ef7c13) andi    s8, t5, -1218
core   0: 3 0x80006d3e (0xb3ef7c13) x24 0x92800000
core   0: 0x80006d42 (0x00008fd9) c.or    a5, a4
core   0: 3 0x80006d42 (0x8fd9) x15 0x8212bfe5
core   0: 0x80006d44 (0x00008fb1) c.xor   a5, a2
core   0: 3 0x80006d44 (0x8fb1) x15 0x43e5a8a8
core   0: 0x80006d46 (0x034f6f63) bltu    t5, s4, pc + 62
core   0: 3 0x80006d46 (0x034f6f63)
core   0: 0x80006d4a (0x0000ee15) c.bnez  a2, pc + 60
core   0: 3 0x80006d4a (0xee15)
core   0: 0x80006d86 (0xc4bcc793) xori    a5, s9, -949
core   0: 3 0x80006d86 (0xc4bcc793) x15 0x7ffffc4b
core   0: 0x80006d8a (0x0039ce37) lui     t3, 0x39c
core   0: 3 0x80006d8a (0x0039ce37) x28 0x0039c000
core   0: 0x80006d8e (0x03cbdeb3) divu    t4, s7, t3
core   0: 3 0x80006d8e (0x03cbdeb3) x29 0x00000000
core   0: 0x80006d92 (0x0000ca05) c.beqz  a2, pc + 48
core   0: 3 0x80006d92 (0xca05)
core   0: 0x80006d94 (0x00008ca5) c.xor   s1, s1
core   0: 3 0x80006d94 (0x8ca5) x 9 0x00000000
core   0: 0x80006d96 (0x00008129) c.srli  a0, 10
core   0: 3 0x80006d96 (0x8129) x10 0x00000001
core   0: 0x80006d98 (0x02083633) mulhu   a2, a6, zero
core   0: 3 0x80006d98 (0x02083633) x12 0x00000000
core   0: 0x80006d9c (0x03b62c33) mulhsu  s8, a2, s11
core   0: 3 0x80006d9c (0x03b62c33) x24 0x00000000
core   0: 0x80006da0 (0x00004121) c.li    sp, 8
core   0: 3 0x80006da0 (0x4121) x 2 0x00000008
core   0: 0x80006da2 (0x00008d45) c.or    a0, s1
core   0: 3 0x80006da2 (0x8d45) x10 0x00000001
core   0: 0x80006da4 (0x40c35033) sra     zero, t1, a2
core   0: 3 0x80006da4 (0x40c35033)
core   0: 0x80006da8 (0x02571263) bne     a4, t0, pc + 36
core   0: 3 0x80006da8 (0x02571263)
core   0: 0x80006dcc (0x021687b3) mul     a5, a3, ra
core   0: 3 0x80006dcc (0x021687b3) x15 0x00000000
core   0: 0x80006dd0 (0x00f7c833) xor     a6, a5, a5
core   0: 3 0x80006dd0 (0x00f7c833) x16 0x00000000
core   0: 0x80006dd4 (0x02366ab3) rem     s5, a2, gp
core   0: 3 0x80006dd4 (0x02366ab3) x21 0x00000000
core   0: 0x80006dd8 (0x02bc6833) rem     a6, s8, a1
core   0: 3 0x80006dd8 (0x02bc6833) x16 0x00000000
core   0: 0x80006ddc (0x412f5eb3) sra     t4, t5, s2
core   0: 3 0x80006ddc (0x412f5eb3) x29 0xfffffe4a
core   0: 0x80006de0 (0x00df5993) srli    s3, t5, 13
core   0: 3 0x80006de0 (0x00df5993) x19 0x00049400
core   0: 0x80006de4 (0x000086c1) c.srai  a3, 16
core   0: 3 0x80006de4 (0x86c1) x13 0xffff8000
core   0: 0x80006de6 (0x00000001) c.nop
core   0: 3 0x80006de6 (0x0001)
core   0: 0x80006de8 (0x00be6033) or      zero, t3, a1
core   0: 3 0x80006de8 (0x00be6033)
core   0: 0x80006dec (0x8dc37e93) andi    t4, t1, -1828
core   0: 3 0x80006dec (0x8dc37e93) x29 0x0000a004
core   0: 0x80006df0 (0x01305093) srli    ra, zero, 19
core   0: 3 0x80006df0 (0x01305093) x 1 0x00000000
core   0: 0x80006df4 (0x402e0e33) sub     t3, t3, sp
core   0: 3 0x80006df4 (0x402e0e33) x28 0x0039bff8
core   0: 0x80006df8 (0x0000717d) c.addi16sp sp, -16
core   0: 3 0x80006df8 (0x717d) x 2 0xfffffff8
core   0: 0x80006dfa (0x01f09013) slli    zero, ra, 31
core   0: 3 0x80006dfa (0x01f09013)
core   0: 0x80006dfe (0x41b35133) sra     sp, t1, s11
core   0: 3 0x80006dfe (0x41b35133) x 2 0x00005392
core   0: 0x80006e02 (0x1efe6993) ori     s3, t3, 495
core   0: 3 0x80006e02 (0x1efe6993) x19 0x0039bfff
core   0: 0x80006e06 (0x000010fd) c.addi  ra, -1
core   0: 3 0x80006e06 (0x10fd) x 1 0xffffffff
core   0: 0x80006e08 (0x401f5e93) srai    t4, t5, 1
core   0: 3 0x80006e08 (0x401f5e93) x29 0xc9400000
core   0: 0x80006e0c (0x029d65b3) rem     a1, s10, s1
core   0: 3 0x80006e0c (0x029d65b3) x11 0xc1f7174d
core   0: 0x80006e10 (0x00000c14) c.addi4spn a3, sp, 528
core   0: 3 0x80006e10 (0x0c14) x13 0x000055a2
core   0: 0x80006e12 (0x01f444b3) xor     s1, s0, t6
core   0: 3 0x80006e12 (0x01f444b3) x 9 0x00000000
core   0: 0x80006e16 (0x00008c19) c.sub   s0, a4
core   0: 3 0x80006e16 (0x8c19) x 8 0x7ffd631d
core   0: 0x80006e18 (0x01a29a13) slli    s4, t0, 26
core   0: 3 0x80006e18 (0x01a29a13) x20 0x58000000
core   0: 0x80006e1c (0x01721513) slli    a0, tp, 23
core   0: 3 0x80006e1c (0x01721513) x10 0x02000000
core   0: 0x80006e20 (0x0271b333) mulhu   t1, gp, t2
core   0: 3 0x80006e20 (0x0271b333) x 6 0x00000000
core   0: 0x80006e24 (0x0129a133) slt     sp, s3, s2
core   0: 3 0x80006e24 (0x0129a133) x 2 0x00000001
core   0: 0x80006e28 (0x00a79b93) slli    s7, a5, 10
core   0: 3 0x80006e28 (0x00a79b93) x23 0x00000000
core   0: 0x80006e2c (0x00008d59) c.or    a0, a4
core   0: 3 0x80006e2c (0x8d59) x10 0x82029ce4
core   0: 0x80006e2e (0x0000100f) fence.i
core   0: 3 0x80006e2e (0x0000100f)
core   0: 0x80006e32 (0x000000f6) c.slli  ra, 29
core   0: 3 0x80006e32 (0x00f6) x 1 0xe0000000
core   0: 0x80006e34 (0x00008f9d) c.sub   a5, a5
core   0: 3 0x80006e34 (0x8f9d) x15 0x00000000
core   0: 0x80006e36 (0x03380fb3) mul     t6, a6, s3
core   0: 3 0x80006e36 (0x03380fb3) x31 0x00000000
core   0: 0x80006e3a (0x00008e69) c.and   a2, a0
core   0: 3 0x80006e3a (0x8e69) x12 0x00000000
core   0: 0x80006e3c (0x466e6213) ori     tp, t3, 1126
core   0: 3 0x80006e3c (0x466e6213) x 4 0x0039bffe
core   0: 0x80006e40 (0x02bc4e33) div     t3, s8, a1
core   0: 3 0x80006e40 (0x02bc4e33) x28 0x00000000
core   0: 0x80006e44 (0x0287edb3) rem     s11, a5, s0
core   0: 3 0x80006e44 (0x0287edb3) x27 0x00000000
core   0: 0x80006e48 (0x0000100f) fence.i
core   0: 3 0x80006e48 (0x0000100f)
core   0: 0x80006e4c (0x05354263) blt     a0, s3, pc + 68
core   0: 3 0x80006e4c (0x05354263)
core   0: 0x80006e90 (0x0296bdb3) mulhu   s11, a3, s1
core   0: 3 0x80006e90 (0x0296bdb3) x27 0x00000000
core   0: 0x80006e94 (0xacf78c13) addi    s8, a5, -1329
core   0: 3 0x80006e94 (0xacf78c13) x24 0xfffffacf
core   0: 0x80006e98 (0x00008d75) c.and   a0, a3
core   0: 3 0x80006e98 (0x8d75) x10 0x000014a0
core   0: 0x80006e9a (0x017dc2b3) xor     t0, s11, s7
core   0: 3 0x80006e9a (0x017dc2b3) x 5 0x00000000
core   0: 0x80006e9e (0x01d90963) beq     s2, t4, pc + 18
core   0: 3 0x80006e9e (0x01d90963)
core   0: 0x80006ea2 (0x00000001) c.nop
core   0: 3 0x80006ea2 (0x0001)
core   0: 0x80006ea4 (0x02455db3) divu    s11, a0, tp
core   0: 3 0x80006ea4 (0x02455db3) x27 0x00000000
core   0: 0x80006ea8 (0x02dded63) bltu    s11, a3, pc + 58
core   0: 3 0x80006ea8 (0x02dded63)
core   0: 0x80006ee2 (0x000054fd) c.li    s1, -1
core   0: 3 0x80006ee2 (0x54fd) x 9 0xffffffff
core   0: 0x80006ee4 (0x026414b3) mulh    s1, s0, t1
core   0: 3 0x80006ee4 (0x026414b3) x 9 0x00000000
core   0: 0x80006ee8 (0x04311563) bne     sp, gp, pc + 74
core   0: 3 0x80006ee8 (0x04311563)
core   0: 0x80006f32 (0x00004efd) c.li    t4, 31
core   0: 3 0x80006f32 (0x4efd) x29 0x0000001f
core   0: 0x80006f34 (0x00baac33) slt     s8, s5, a1
core   0: 3 0x80006f34 (0x00baac33) x24 0x00000000
core   0: 0x80006f38 (0x0000ef99) c.bnez  a5, pc + 30
core   0: 3 0x80006f38 (0xef99)
core   0: 0x80006f3a (0x972c6313) ori     t1, s8, -1678
core   0: 3 0x80006f3a (0x972c6313) x 6 0xfffff972
core   0: 0x80006f3e (0x00000001) c.nop
core   0: 3 0x80006f3e (0x0001)
core   0: 0x80006f40 (0x01c55b63) bge     a0, t3, pc + 22
core   0: 3 0x80006f40 (0x01c55b63)
core   0: 0x80006f56 (0x3a4782b7) lui     t0, 0x3a478
core   0: 3 0x80006f56 (0x3a4782b7) x 5 0x3a478000
core   0: 0x80006f5a (0x000091e2) c.add   gp, s8
core   0: 3 0x80006f5a (0x91e2) x 3 0x00002000
core   0: 0x80006f5c (0x0000100f) fence.i
core   0: 3 0x80006f5c (0x0000100f)
core   0: 0x80006f60 (0x00589333) sll     t1, a7, t0
core   0: 3 0x80006f60 (0x00589333) x 6 0x80025e28
core   0: 0x80006f64 (0x00008c0d) c.sub   s0, a1
core   0: 3 0x80006f64 (0x8c0d) x 8 0xbe064bd0
core   0: 0x80006f66 (0x00000001) c.nop
core   0: 3 0x80006f66 (0x0001)
core   0: 0x80006f68 (0x000007f6) c.slli  a5, 29
core   0: 3 0x80006f68 (0x07f6) x15 0x00000000
core   0: 0x80006f6a (0x00008d8d) c.sub   a1, a1
core   0: 3 0x80006f6a (0x8d8d) x11 0x00000000
core   0: 0x80006f6c (0x002b2933) slt     s2, s6, sp
core   0: 3 0x80006f6c (0x002b2933) x18 0x00000001
core   0: 0x80006f70 (0x0000646d) c.lui   s0, 0x1b
core   0: 3 0x80006f70 (0x646d) x 8 0x0001b000
core   0: 0x80006f72 (0x0000ca25) c.beqz  a2, pc + 112
core   0: 3 0x80006f72 (0xca25)
core   0: 0x80006fe2 (0x0315d033) divu    zero, a1, a7
core   0: 3 0x80006fe2 (0x0315d033)
core   0: 0x80006fe6 (0xd5e80e93) addi    t4, a6, -674
core   0: 3 0x80006fe6 (0xd5e80e93) x29 0xfffffd5e
core   0: 0x80006fea (0x00008c01) c.sub   s0, s0
core   0: 3 0x80006fea (0x8c01) x 8 0x00000000
core   0: 0x80006fec (0x00e2f433) and     s0, t0, a4
core   0: 3 0x80006fec (0x00e2f433) x 8 0x00028000
core   0: 0x80006ff0 (0xa4577e13) andi    t3, a4, -1467
core   0: 3 0x80006ff0 (0xa4577e13) x28 0x80029844
core   0: 0x80006ff4 (0x00000001) c.nop
core   0: 3 0x80006ff4 (0x0001)
core   0: 0x80006ff6 (0x000083e9) c.srli  a5, 26
core   0: 3 0x80006ff6 (0x83e9) x15 0x00000000
core   0: 0x80006ff8 (0x02a2c363) blt     t0, a0, pc + 38
core   0: 3 0x80006ff8 (0x02a2c363)
core   0: 0x80006ffc (0x000082b1) c.srli  a3, 12
core   0: 3 0x80006ffc (0x82b1) x13 0x00000005
core   0: 0x80006ffe (0x0006bfb3) sltu    t6, a3, zero
core   0: 3 0x80006ffe (0x0006bfb3) x31 0x00000000
core   0: 0x80007002 (0x00008e09) c.sub   a2, a0
core   0: 3 0x80007002 (0x8e09) x12 0xffffeb60
core   0: 0x80007004 (0x00000001) c.nop
core   0: 3 0x80007004 (0x0001)
core   0: 0x80007006 (0x0ff0000f) fence   iorw,iorw
core   0: 3 0x80007006 (0x0ff0000f)
core   0: 0x8000700a (0x0000100f) fence.i
core   0: 3 0x8000700a (0x0000100f)
core   0: 0x8000700e (0x01b75d93) srli    s11, a4, 27
core   0: 3 0x8000700e (0x01b75d93) x27 0x00000010
core   0: 0x80007012 (0x29382a93) slti    s5, a6, 659
core   0: 3 0x80007012 (0x29382a93) x21 0x00000001
core   0: 0x80007016 (0x03664863) blt     a2, s6, pc + 48
core   0: 3 0x80007016 (0x03664863)
core   0: 0x80007046 (0x00008c65) c.and   s0, s1
core   0: 3 0x80007046 (0x8c65) x 8 0x00000000
core   0: 0x80007048 (0x000098fd) c.andi  s1, -1
core   0: 3 0x80007048 (0x98fd) x 9 0x00000000
core   0: 0x8000704a (0x000082a5) c.srli  a3, 9
core   0: 3 0x8000704a (0x82a5) x13 0x00000000
core   0: 0x8000704c (0xd4b4e513) ori     a0, s1, -693
core   0: 3 0x8000704c (0xd4b4e513) x10 0xfffffd4b
core   0: 0x80007050 (0x00008d81) c.sub   a1, s0
core   0: 3 0x80007050 (0x8d81) x11 0x00000000
core   0: 0x80007052 (0x00008d8a) c.mv    s11, sp
core   0: 3 0x80007052 (0x8d8a) x27 0x00000001
core   0: 0x80007054 (0x010b84b3) add     s1, s7, a6
core   0: 3 0x80007054 (0x010b84b3) x 9 0x00000000
core   0: 0x80007058 (0x02b9c833) div     a6, s3, a1
core   0: 3 0x80007058 (0x02b9c833) x16 0xffffffff
core   0: 0x8000705c (0x031a6033) rem     zero, s4, a7
core   0: 3 0x8000705c (0x031a6033)
core   0: 0x80007060 (0x00001808) c.addi4spn a0, sp, 48
core   0: 3 0x80007060 (0x1808) x10 0x00000031
core   0: 0x80007062 (0x012e8b33) add     s6, t4, s2
core   0: 3 0x80007062 (0x012e8b33) x22 0xfffffd5f
core   0: 0x80007066 (0x02dab633) mulhu   a2, s5, a3
core   0: 3 0x80007066 (0x02dab633) x12 0x00000000
core   0: 0x8000706a (0x00008f81) c.sub   a5, s0
core   0: 3 0x8000706a (0x8f81) x15 0x00000000
core   0: 0x8000706c (0x02d5fd33) remu    s10, a1, a3
core   0: 3 0x8000706c (0x02d5fd33) x26 0x00000000
core   0: 0x80007070 (0x01ddcf33) xor     t5, s11, t4
core   0: 3 0x80007070 (0x01ddcf33) x30 0xfffffd5f
core   0: 0x80007074 (0x00006e29) c.lui   t3, 0xa
core   0: 3 0x80007074 (0x6e29) x28 0x0000a000
core   0: 0x80007076 (0x010a5793) srli    a5, s4, 16
core   0: 3 0x80007076 (0x010a5793) x15 0x00005800
core   0: 0x8000707a (0x04875063) bge     a4, s0, pc + 64
core   0: 3 0x8000707a (0x04875063)
core   0: 0x8000707e (0x000f9013) slli    zero, t6, 0
core   0: 3 0x8000707e (0x000f9013)
core   0: 0x80007082 (0x00006bd5) c.lui   s7, 0x15
core   0: 3 0x80007082 (0x6bd5) x23 0x00015000
core   0: 0x80007084 (0x00000001) c.nop
core   0: 3 0x80007084 (0x0001)
core   0: 0x80007086 (0x000064e5) c.lui   s1, 0x19
core   0: 3 0x80007086 (0x64e5) x 9 0x00019000
core   0: 0x80007088 (0x02af5363) bge     t5, a0, pc + 38
core   0: 3 0x80007088 (0x02af5363)
core   0: 0x8000708c (0xdb7feb13) ori     s6, t6, -585
core   0: 3 0x8000708c (0xdb7feb13) x22 0xfffffdb7
core   0: 0x80007090 (0x656ecd93) xori    s11, t4, 1622
core   0: 3 0x80007090 (0x656ecd93) x27 0xfffffb08
core   0: 0x80007094 (0x00e825b3) slt     a1, a6, a4
core   0: 3 0x80007094 (0x00e825b3) x11 0x00000000
core   0: 0x80007098 (0x413387b3) sub     a5, t2, s3
core   0: 3 0x80007098 (0x413387b3) x15 0xffc80001
core   0: 0x8000709c (0x00000001) c.nop
core   0: 3 0x8000709c (0x0001)
core   0: 0x8000709e (0x94a5cf17) auipc   t5, 0x94a5c
core   0: 3 0x8000709e (0x94a5cf17) x30 0x14a6309e
core   0: 0x800070a2 (0x03e01d63) bne     zero, t5, pc + 58
core   0: 3 0x800070a2 (0x03e01d63)
core   0: 0x800070dc (0x014a9233) sll     tp, s5, s4
core   0: 3 0x800070dc (0x014a9233) x 4 0x00000001
core   0: 0x800070e0 (0x000087cd) c.srai  a5, 19
core   0: 3 0x800070e0 (0x87cd) x15 0xfffffff9
core   0: 0x800070e2 (0x00006121) c.addi16sp sp, 64
core   0: 3 0x800070e2 (0x6121) x 2 0x00000041
core   0: 0x800070e4 (0x01b59a63) bne     a1, s11, pc + 20
core   0: 3 0x800070e4 (0x01b59a63)
core   0: 0x800070f8 (0x12bd2d13) slti    s10, s10, 299
core   0: 3 0x800070f8 (0x12bd2d13) x26 0x00000001
core   0: 0x800070fc (0x00fe2333) slt     t1, t3, a5
core   0: 3 0x800070fc (0x00fe2333) x 6 0x00000000
core   0: 0x80007100 (0x00006509) c.lui   a0, 0x2
core   0: 3 0x80007100 (0x6509) x10 0x00002000
core   0: 0x80007102 (0x0000100f) fence.i
core   0: 3 0x80007102 (0x0000100f)
core   0: 0x80007106 (0x01871e33) sll     t3, a4, s8
core   0: 3 0x80007106 (0x01871e33) x28 0x80029ce4
core   0: 0x8000710a (0x0000ea8d) c.bnez  a3, pc + 50
core   0: 3 0x8000710a (0xea8d)
core   0: 0x8000710c (0x00e99333) sll     t1, s3, a4
core   0: 3 0x8000710c (0x00e99333) x 6 0x039bfff0
core   0: 0x80007110 (0x0000455d) c.li    a0, 23
core   0: 3 0x80007110 (0x455d) x10 0x00000017
core   0: 0x80007112 (0x02a92533) mulhsu  a0, s2, a0
core   0: 3 0x80007112 (0x02a92533) x10 0x00000000
core   0: 0x80007116 (0x0068a133) slt     sp, a7, t1
core   0: 3 0x80007116 (0x0068a133) x 2 0x00000001
core   0: 0x8000711a (0x00aad5b3) srl     a1, s5, a0
core   0: 3 0x8000711a (0x00aad5b3) x11 0x00000001
core   0: 0x8000711e (0x0357d1b3) divu    gp, a5, s5
core   0: 3 0x8000711e (0x0357d1b3) x 3 0xfffffff9
core   0: 0x80007122 (0x000060fd) c.lui   ra, 0x1f
core   0: 3 0x80007122 (0x60fd) x 1 0x0001f000
core   0: 0x80007124 (0x0000717d) c.addi16sp sp, -16
core   0: 3 0x80007124 (0x717d) x 2 0xfffffff1
core   0: 0x80007126 (0x02edd633) divu    a2, s11, a4
core   0: 3 0x80007126 (0x02edd633) x12 0x00000001
core   0: 0x8000712a (0x0ff0000f) fence   iorw,iorw
core   0: 3 0x8000712a (0x0ff0000f)
core   0: 0x8000712e (0x00c80033) add     zero, a6, a2
core   0: 3 0x8000712e (0x00c80033)
core   0: 0x80007132 (0x01d469b3) or      s3, s0, t4
core   0: 3 0x80007132 (0x01d469b3) x19 0xfffffd5e
core   0: 0x80007136 (0x02990c63) beq     s2, s1, pc + 56
core   0: 3 0x80007136 (0x02990c63)
core   0: 0x8000713a (0x00008d9d) c.sub   a1, a5
core   0: 3 0x8000713a (0x8d9d) x11 0x00000008
core   0: 0x8000713c (0x02449563) bne     s1, tp, pc + 42
core   0: 3 0x8000713c (0x02449563)
core   0: 0x80007166 (0x01f5df33) srl     t5, a1, t6
core   0: 3 0x80007166 (0x01f5df33) x30 0x00000008
core   0: 0x8000716a (0x02389663) bne     a7, gp, pc + 44
core   0: 3 0x8000716a (0x02389663)
core   0: 0x80007196 (0x032ec563) blt     t4, s2, pc + 42
core   0: 3 0x80007196 (0x032ec563)
core   0: 0x800071c0 (0x00570033) add     zero, a4, t0
core   0: 3 0x800071c0 (0x00570033)
core   0: 0x800071c4 (0x000083b5) c.srli  a5, 13
core   0: 3 0x800071c4 (0x83b5) x15 0x0007ffff
core   0: 0x800071c6 (0x00000001) c.nop
core   0: 3 0x800071c6 (0x0001)
core   0: 0x800071c8 (0x59a51c17) auipc   s8, 0x59a51
core   0: 3 0x800071c8 (0x59a51c17) x24 0xd9a581c8
core   0: 0x800071cc (0x00df1693) slli    a3, t5, 13
core   0: 3 0x800071cc (0x00df1693) x13 0x00010000
core   0: 0x800071d0 (0x41f28933) sub     s2, t0, t6
core   0: 3 0x800071d0 (0x41f28933) x18 0x3a478000
core   0: 0x800071d4 (0x01c9a333) slt     t1, s3, t3
core   0: 3 0x800071d4 (0x01c9a333) x 6 0x00000000
core   0: 0x800071d8 (0x00000001) c.nop
core   0: 3 0x800071d8 (0x0001)
core   0: 0x800071da (0x0000100f) fence.i
core   0: 3 0x800071da (0x0000100f)
core   0: 0x800071de (0x0000100f) fence.i
core   0: 3 0x800071de (0x0000100f)
core   0: 0x800071e2 (0x00004f65) c.li    t5, 25
core   0: 3 0x800071e2 (0x4f65) x30 0x00000019
core   0: 0x800071e4 (0x00008f9d) c.sub   a5, a5
core   0: 3 0x800071e4 (0x8f9d) x15 0x00000000
core   0: 0x800071e6 (0x03bd6e33) rem     t3, s10, s11
core   0: 3 0x800071e6 (0x03bd6e33) x28 0x00000001
core   0: 0x800071ea (0x0ff0000f) fence   iorw,iorw
core   0: 3 0x800071ea (0x0ff0000f)
core   0: 0x800071ee (0x4126df93) srai    t6, a3, 18
core   0: 3 0x800071ee (0x4126df93) x31 0x00000000
core   0: 0x800071f2 (0x534abb93) sltiu   s7, s5, 1332
core   0: 3 0x800071f2 (0x534abb93) x23 0x00000001
core   0: 0x800071f6 (0x00612933) slt     s2, sp, t1
core   0: 3 0x800071f6 (0x00612933) x18 0x00000001
core   0: 0x800071fa (0x00006161) c.addi16sp sp, 80
core   0: 3 0x800071fa (0x6161) x 2 0x00000041
core   0: 0x800071fc (0x00008f8d) c.sub   a5, a1
core   0: 3 0x800071fc (0x8f8d) x15 0xfffffff8
core   0: 0x800071fe (0x003f7233) and     tp, t5, gp
core   0: 3 0x800071fe (0x003f7233) x 4 0x00000019
core   0: 0x80007202 (0x1de0a193) slti    gp, ra, 478
core   0: 3 0x80007202 (0x1de0a193) x 3 0x00000000
core   0: 0x80007206 (0x77983a13) sltiu   s4, a6, 1913
core   0: 3 0x80007206 (0x77983a13) x20 0x00000000
core   0: 0x8000720a (0x00008cd1) c.or    s1, a2
core   0: 3 0x8000720a (0x8cd1) x 9 0x00019001
core   0: 0x8000720c (0x02e5ef63) bltu    a1, a4, pc + 62
core   0: 3 0x8000720c (0x02e5ef63)
core   0: 0x8000724a (0xec8c0913) addi    s2, s8, -312
core   0: 3 0x8000724a (0xec8c0913) x18 0xd9a58090
core   0: 0x8000724e (0x6b6a6c13) ori     s8, s4, 1718
core   0: 3 0x8000724e (0x6b6a6c13) x24 0x000006b6
core   0: 0x80007252 (0x01296333) or      t1, s2, s2
core   0: 3 0x80007252 (0x01296333) x 6 0xd9a58090
core   0: 0x80007256 (0x415904b3) sub     s1, s2, s5
core   0: 3 0x80007256 (0x415904b3) x 9 0xd9a5808f
core   0: 0x8000725a (0x02852c33) mulhsu  s8, a0, s0
core   0: 3 0x8000725a (0x02852c33) x24 0x00000000
core   0: 0x8000725e (0x0042b833) sltu    a6, t0, tp
core   0: 3 0x8000725e (0x0042b833) x16 0x00000000
core   0: 0x80007262 (0x01021233) sll     tp, tp, a6
core   0: 3 0x80007262 (0x01021233) x 4 0x00000019
core   0: 0x80007266 (0x00921b63) bne     tp, s1, pc + 22
core   0: 3 0x80007266 (0x00921b63)
core   0: 0x8000727c (0xea4ef213) andi    tp, t4, -348
core   0: 3 0x8000727c (0xea4ef213) x 4 0xfffffc04
core   0: 0x80007280 (0x02b12033) mulhsu  zero, sp, a1
core   0: 3 0x80007280 (0x02b12033)
core   0: 0x80007284 (0x029bff63) bgeu    s7, s1, pc + 62
core   0: 3 0x80007284 (0x029bff63)
core   0: 0x80007288 (0x40e20933) sub     s2, tp, a4
core   0: 3 0x80007288 (0x40e20933) x18 0x7ffd5f20
core   0: 0x8000728c (0x00008d4d) c.or    a0, a1
core   0: 3 0x8000728c (0x8d4d) x10 0x00000008
core   0: 0x8000728e (0x005fa333) slt     t1, t6, t0
core   0: 3 0x8000728e (0x005fa333) x 6 0x00000001
core   0: 0x80007292 (0x01dc37b3) sltu    a5, s8, t4
core   0: 3 0x80007292 (0x01dc37b3) x15 0x00000001
core   0: 0x80007296 (0x02a36c63) bltu    t1, a0, pc + 56
core   0: 3 0x80007296 (0x02a36c63)
core   0: 0x800072ce (0x00000c56) c.slli  s8, 21
core   0: 3 0x800072ce (0x0c56) x24 0x00000000
core   0: 0x800072d0 (0x0ff0000f) fence   iorw,iorw
core   0: 3 0x800072d0 (0x0ff0000f)
core   0: 0x800072d4 (0x34f1ef93) ori     t6, gp, 847
core   0: 3 0x800072d4 (0x34f1ef93) x31 0x0000034f
core   0: 0x800072d8 (0x024d92b3) mulh    t0, s11, tp
core   0: 3 0x800072d8 (0x024d92b3) x 5 0x00000000
core   0: 0x800072dc (0x02a87063) bgeu    a6, a0, pc + 32
core   0: 3 0x800072dc (0x02a87063)
core   0: 0x800072e0 (0x00006179) c.addi16sp sp, 464
core   0: 3 0x800072e0 (0x6179) x 2 0x00000211
core   0: 0x800072e2 (0x006e5c63) bge     t3, t1, pc + 24
core   0: 3 0x800072e2 (0x006e5c63)
core   0: 0x800072fa (0x0000ef99) c.bnez  a5, pc + 30
core   0: 3 0x800072fa (0xef99)
core   0: 0x80007318 (0x0030a933) slt     s2, ra, gp
core   0: 3 0x80007318 (0x0030a933) x18 0x00000000
core   0: 0x8000731c (0x00008d65) c.and   a0, s1
core   0: 3 0x8000731c (0x8d65) x10 0x00000008
core   0: 0x8000731e (0x0000069c) c.addi4spn a5, sp, 832
core   0: 3 0x8000731e (0x069c) x15 0x00000551
core   0: 0x80007320 (0x00a17a63) bgeu    sp, a0, pc + 20
core   0: 3 0x80007320 (0x00a17a63)
core   0: 0x80007334 (0x00000c62) c.slli  s8, 24
core   0: 3 0x80007334 (0x0c62) x24 0x00000000
core   0: 0x80007336 (0x01846333) or      t1, s0, s8
core   0: 3 0x80007336 (0x01846333) x 6 0x00000000
core   0: 0x8000733a (0x00ba6933) or      s2, s4, a1
core   0: 3 0x8000733a (0x00ba6933) x18 0x00000008
core   0: 0x8000733e (0x4149d033) sra     zero, s3, s4
core   0: 3 0x8000733e (0x4149d033)
core   0: 0x80007342 (0x00000001) c.nop
core   0: 3 0x80007342 (0x0001)
core   0: 0x80007344 (0x000098fd) c.andi  s1, -1
core   0: 3 0x80007344 (0x98fd) x 9 0xd9a5808f
core   0: 0x80007346 (0x000016fd) c.addi  a3, -1
core   0: 3 0x80007346 (0x16fd) x13 0x0000ffff
core   0: 0x80007348 (0x40005093) srai    ra, zero, 0
core   0: 3 0x80007348 (0x40005093) x 1 0x00000000
core   0: 0x8000734c (0x41a30433) sub     s0, t1, s10
core   0: 3 0x8000734c (0x41a30433) x 8 0xffffffff
core   0: 0x80007350 (0x005bb2b3) sltu    t0, s7, t0
core   0: 3 0x80007350 (0x005bb2b3) x 5 0x00000000
core   0: 0x80007354 (0x03979563) bne     a5, s9, pc + 42
core   0: 3 0x80007354 (0x03979563)
core   0: 0x8000737e (0x02c651b3) divu    gp, a2, a2
core   0: 3 0x8000737e (0x02c651b3) x 3 0x00000001
core   0: 0x80007382 (0x02fdc063) blt     s11, a5, pc + 32
core   0: 3 0x80007382 (0x02fdc063)
core   0: 0x800073a2 (0x000009ea) c.slli  s3, 26
core   0: 3 0x800073a2 (0x09ea) x19 0x78000000
core   0: 0x800073a4 (0x01596863) bltu    s2, s5, pc + 16
core   0: 3 0x800073a4 (0x01596863)
core   0: 0x800073a8 (0x00008ded) c.and   a1, a1
core   0: 3 0x800073a8 (0x8ded) x11 0x00000008
core   0: 0x800073aa (0x00000001) c.nop
core   0: 3 0x800073aa (0x0001)
core   0: 0x800073ac (0x012d6633) or      a2, s10, s2
core   0: 3 0x800073ac (0x012d6633) x12 0x00000009
core   0: 0x800073b0 (0x01991093) slli    ra, s2, 25
core   0: 3 0x800073b0 (0x01991093) x 1 0x10000000
core   0: 0x800073b4 (0xe6078b13) addi    s6, a5, -416
core   0: 3 0x800073b4 (0xe6078b13) x22 0x000003b1
core   0: 0x800073b8 (0x4181da33) sra     s4, gp, s8
core   0: 3 0x800073b8 (0x4181da33) x20 0x00000001
core   0: 0x800073bc (0x03ac5963) bge     s8, s10, pc + 50
core   0: 3 0x800073bc (0x03ac5963)
core   0: 0x800073c0 (0xfca12313) slti    t1, sp, -54
core   0: 3 0x800073c0 (0xfca12313) x 6 0x00000000
core   0: 0x800073c4 (0x00000ea9) c.addi  t4, 10
core   0: 3 0x800073c4 (0x0ea9) x29 0xfffffd68
core   0: 0x800073c6 (0x00001dfd) c.addi  s11, -1
core   0: 3 0x800073c6 (0x1dfd) x27 0xfffffb07
core   0: 0x800073c8 (0x029d7163) bgeu    s10, s1, pc + 34
core   0: 3 0x800073c8 (0x029d7163)
core   0: 0x800073cc (0x0188ea33) or      s4, a7, s8
core   0: 3 0x800073cc (0x0188ea33) x20 0x80025e28
core   0: 0x800073d0 (0x025f8d63) beq     t6, t0, pc + 58
core   0: 3 0x800073d0 (0x025f8d63)
core   0: 0x800073d4 (0x000047b5) c.li    a5, 13
core   0: 3 0x800073d4 (0x47b5) x15 0x0000000d
core   0: 0x800073d6 (0x00008d7d) c.and   a0, a5
core   0: 3 0x800073d6 (0x8d7d) x10 0x00000008
core   0: 0x800073d8 (0x0ff0000f) fence   iorw,iorw
core   0: 3 0x800073d8 (0x0ff0000f)
core   0: 0x800073dc (0x00000001) c.nop
core   0: 3 0x800073dc (0x0001)
core   0: 0x800073de (0x00008e65) c.and   a2, s1
core   0: 3 0x800073de (0x8e65) x12 0x00000009
core   0: 0x800073e0 (0x5e0c3417) auipc   s0, 0x5e0c3
core   0: 3 0x800073e0 (0x5e0c3417) x 8 0xde0ca3e0
core   0: 0x800073e4 (0x02bc2ab3) mulhsu  s5, s8, a1
core   0: 3 0x800073e4 (0x02bc2ab3) x21 0x00000000
core   0: 0x800073e8 (0x0000944a) c.add   s0, s2
core   0: 3 0x800073e8 (0x944a) x 8 0xde0ca3e8
core   0: 0x800073ea (0x0354ce33) div     t3, s1, s5
core   0: 3 0x800073ea (0x0354ce33) x28 0xffffffff
core   0: 0x800073ee (0x0000100f) fence.i
core   0: 3 0x800073ee (0x0000100f)
core   0: 0x800073f2 (0x00001b14) c.addi4spn a3, sp, 432
core   0: 3 0x800073f2 (0x1b14) x13 0x000003c1
core   0: 0x800073f4 (0x027024b3) mulhsu  s1, zero, t2
core   0: 3 0x800073f4 (0x027024b3) x 9 0x00000000
core   0: 0x800073f8 (0x40335213) srai    tp, t1, 3
core   0: 3 0x800073f8 (0x40335213) x 4 0x00000000
core   0: 0x800073fc (0x000040d5) c.li    ra, 21
core   0: 3 0x800073fc (0x40d5) x 1 0x00000015
core   0: 0x800073fe (0x00000001) c.nop
core   0: 3 0x800073fe (0x0001)
core   0: 0x80007400 (0x02109163) bne     ra, ra, pc + 34
core   0: 3 0x80007400 (0x02109163)
core   0: 0x80007404 (0x021285b3) mul     a1, t0, ra
core   0: 3 0x80007404 (0x021285b3) x11 0x00000000
core   0: 0x80007408 (0x00008b92) c.mv    s7, tp
core   0: 3 0x80007408 (0x8b92) x23 0x00000000
core   0: 0x8000740a (0x0153ab33) slt     s6, t2, s5
core   0: 3 0x8000740a (0x0153ab33) x22 0x00000000
core   0: 0x8000740e (0x023e61b3) rem     gp, t3, gp
core   0: 3 0x8000740e (0x023e61b3) x 3 0x00000000
core   0: 0x80007412 (0x00008241) c.srli  a2, 16
core   0: 3 0x80007412 (0x8241) x12 0x00000000
core   0: 0x80007414 (0x021e9863) bne     t4, ra, pc + 48
core   0: 3 0x80007414 (0x021e9863)
core   0: 0x80007444 (0x00ce5913) srli    s2, t3, 12
core   0: 3 0x80007444 (0x00ce5913) x18 0x000fffff
core   0: 0x80007448 (0x0000e581) c.bnez  a1, pc + 8
core   0: 3 0x80007448 (0xe581)
core   0: 0x8000744a (0xefea6913) ori     s2, s4, -258
core   0: 3 0x8000744a (0xefea6913) x18 0xfffffefe
core   0: 0x8000744e (0x00008fdd) c.or    a5, a5
core   0: 3 0x8000744e (0x8fdd) x15 0x0000000d
core   0: 0x80007450 (0x01e3da13) srli    s4, t2, 30
core   0: 3 0x80007450 (0x01e3da13) x20 0x00000000
core   0: 0x80007454 (0x116bfa13) andi    s4, s7, 278
core   0: 3 0x80007454 (0x116bfa13) x20 0x00000000
core   0: 0x80007458 (0x00008fe5) c.and   a5, s1
core   0: 3 0x80007458 (0x8fe5) x15 0x00000000
core   0: 0x8000745a (0x0000087e) c.slli  a6, 31
core   0: 3 0x8000745a (0x087e) x16 0x00000000
core   0: 0x8000745c (0x01082a33) slt     s4, a6, a6
core   0: 3 0x8000745c (0x01082a33) x20 0x00000000
core   0: 0x80007460 (0x0204d763) bgez    s1, pc + 46
core   0: 3 0x80007460 (0x0204d763)
core   0: 0x8000748e (0x033572b3) remu    t0, a0, s3
core   0: 3 0x8000748e (0x033572b3) x 5 0x00000008
core   0: 0x80007492 (0x03ce29b3) mulhsu  s3, t3, t3
core   0: 3 0x80007492 (0x03ce29b3) x19 0xffffffff
core   0: 0x80007496 (0x01fff5b3) and     a1, t6, t6
core   0: 3 0x80007496 (0x01fff5b3) x11 0x0000034f
core   0: 0x8000749a (0x01aad633) srl     a2, s5, s10
core   0: 3 0x8000749a (0x01aad633) x12 0x00000000
core   0: 0x8000749e (0x00009ab2) c.add   s5, a2
core   0: 3 0x8000749e (0x9ab2) x21 0x00000000
core   0: 0x800074a0 (0x02f57e33) remu    t3, a0, a5
core   0: 3 0x800074a0 (0x02f57e33) x28 0x00000008
core   0: 0x800074a4 (0x40435093) srai    ra, t1, 4
core   0: 3 0x800074a4 (0x40435093) x 1 0x00000000
core   0: 0x800074a8 (0x000082ae) c.mv    t0, a1
core   0: 3 0x800074a8 (0x82ae) x 5 0x0000034f
core   0: 0x800074aa (0x41540e33) sub     t3, s0, s5
core   0: 3 0x800074aa (0x41540e33) x28 0xde0ca3e8
core   0: 0x800074ae (0x01a70963) beq     a4, s10, pc + 18
core   0: 3 0x800074ae (0x01a70963)
core   0: 0x800074b2 (0x70403613) sltiu   a2, zero, 1796
core   0: 3 0x800074b2 (0x70403613) x12 0x00000001
core   0: 0x800074b6 (0x047a1363) bne     s4, t2, pc + 70
core   0: 3 0x800074b6 (0x047a1363)
core   0: 0x800074fc (0x00008c05) c.sub   s0, s1
core   0: 3 0x800074fc (0x8c05) x 8 0xde0ca3e8
core   0: 0x800074fe (0x4147da33) sra     s4, a5, s4
core   0: 3 0x800074fe (0x4147da33) x20 0x00000000
core   0: 0x80007502 (0x02590863) beq     s2, t0, pc + 48
core   0: 3 0x80007502 (0x02590863)
core   0: 0x80007506 (0x00008dd5) c.or    a1, a3
core   0: 3 0x80007506 (0x8dd5) x11 0x000003cf
core   0: 0x80007508 (0x00008ac2) c.mv    s5, a6
core   0: 3 0x80007508 (0x8ac2) x21 0x00000000
core   0: 0x8000750a (0x00008c99) c.sub   s1, a4
core   0: 3 0x8000750a (0x8c99) x 9 0x7ffd631c
core   0: 0x8000750c (0x0000ea1d) c.bnez  a2, pc + 54
core   0: 3 0x8000750c (0xea1d)
core   0: 0x80007542 (0x00006f39) c.lui   t5, 0xe
core   0: 3 0x80007542 (0x6f39) x30 0x0000e000
core   0: 0x80007544 (0x11353813) sltiu   a6, a0, 275
core   0: 3 0x80007544 (0x11353813) x16 0x00000001
core   0: 0x80007548 (0x000080be) c.mv    ra, a5
core   0: 3 0x80007548 (0x80be) x 1 0x00000000
core   0: 0x8000754a (0x02ebf963) bgeu    s7, a4, pc + 50
core   0: 3 0x8000754a (0x02ebf963)
core   0: 0x8000754e (0x01be7533) and     a0, t3, s11
core   0: 3 0x8000754e (0x01be7533) x10 0xde0ca300
core   0: 0x80007552 (0x40ff5313) srai    t1, t5, 15
core   0: 3 0x80007552 (0x40ff5313) x 6 0x00000001
core   0: 0x80007556 (0x034e9d33) mulh    s10, t4, s4
core   0: 3 0x80007556 (0x034e9d33) x26 0x00000000
core   0: 0x8000755a (0x03504db3) div     s11, zero, s5
core   0: 3 0x8000755a (0x03504db3) x27 0xffffffff
core   0: 0x8000755e (0x013c6233) or      tp, s8, s3
core   0: 3 0x8000755e (0x013c6233) x 4 0xffffffff
core   0: 0x80007562 (0x0013d333) srl     t1, t2, ra
core   0: 3 0x80007562 (0x0013d333) x 6 0x0001c000
core   0: 0x80007566 (0x00008fb1) c.xor   a5, a2
core   0: 3 0x80007566 (0x8fb1) x15 0x00000001
core   0: 0x80007568 (0x1d84f697) auipc   a3, 0x1d84f
core   0: 3 0x80007568 (0x1d84f697) x13 0x9d856568
core   0: 0x8000756c (0x41eadf93) srai    t6, s5, 30
core   0: 3 0x8000756c (0x41eadf93) x31 0x00000000
core   0: 0x80007570 (0x015d5693) srli    a3, s10, 21
core   0: 3 0x80007570 (0x015d5693) x13 0x00000000
core   0: 0x80007574 (0x3bfaa693) slti    a3, s5, 959
core   0: 3 0x80007574 (0x3bfaa693) x13 0x00000001
core   0: 0x80007578 (0x0eeaed93) ori     s11, s5, 238
core   0: 3 0x80007578 (0x0eeaed93) x27 0x000000ee
core   0: 0x8000757c (0x02915233) divu    tp, sp, s1
core   0: 3 0x8000757c (0x02915233) x 4 0x00000000
core   0: 0x80007580 (0x02eb4333) div     t1, s6, a4
core   0: 3 0x80007580 (0x02eb4333) x 6 0x00000000
core   0: 0x80007584 (0x0000c59d) c.beqz  a1, pc + 46
core   0: 3 0x80007584 (0xc59d)
core   0: 0x80007586 (0x03855c33) divu    s8, a0, s8
core   0: 3 0x80007586 (0x03855c33) x24 0xffffffff
core   0: 0x8000758a (0x00008cc5) c.or    s1, s1
core   0: 3 0x8000758a (0x8cc5) x 9 0x7ffd631c
core   0: 0x8000758c (0x00001494) c.addi4spn a3, sp, 608
core   0: 3 0x8000758c (0x1494) x13 0x00000471
core   0: 0x8000758e (0x00008d41) c.or    a0, s0
core   0: 3 0x8000758e (0x8d41) x10 0xde0ca3e8
core   0: 0x80007590 (0x00008e75) c.and   a2, a3
core   0: 3 0x80007590 (0x8e75) x12 0x00000001
core   0: 0x80007592 (0x0188a9b3) slt     s3, a7, s8
core   0: 3 0x80007592 (0x0188a9b3) x19 0x00000001
core   0: 0x80007596 (0x00000b94) c.addi4spn a3, sp, 464
core   0: 3 0x80007596 (0x0b94) x13 0x000003e1
core   0: 0x80007598 (0x0000065a) c.slli  a2, 22
core   0: 3 0x80007598 (0x065a) x12 0x00400000
core   0: 0x8000759a (0x02eb23b3) mulhsu  t2, s6, a4
core   0: 3 0x8000759a (0x02eb23b3) x 7 0x00000000
core   0: 0x8000759e (0x4008d593) srai    a1, a7, 0
core   0: 3 0x8000759e (0x4008d593) x11 0x80025e28
core   0: 0x800075a2 (0x00d04eb3) xor     t4, zero, a3
core   0: 3 0x800075a2 (0x00d04eb3) x29 0x000003e1
core   0: 0x800075a6 (0x010ba633) slt     a2, s7, a6
core   0: 3 0x800075a6 (0x010ba633) x12 0x00000001
core   0: 0x800075aa (0x5d7ddd17) auipc   s10, 0x5d7dd
core   0: 3 0x800075aa (0x5d7ddd17) x26 0xdd7e45aa
core   0: 0x800075ae (0x0269c263) blt     s3, t1, pc + 36
core   0: 3 0x800075ae (0x0269c263)
core   0: 0x800075b2 (0x02d716b3) mulh    a3, a4, a3
core   0: 3 0x800075b2 (0x02d716b3) x13 0xfffffe0f
core   0: 0x800075b6 (0x03628f33) mul     t5, t0, s6
core   0: 3 0x800075b6 (0x03628f33) x30 0x00000000
core   0: 0x800075ba (0x0000188c) c.addi4spn a1, sp, 112
core   0: 3 0x800075ba (0x188c) x11 0x00000281
core   0: 0x800075bc (0x0124ca33) xor     s4, s1, s2
core   0: 3 0x800075bc (0x0124ca33) x20 0x80029de2
core   0: 0x800075c0 (0x00008cfd) c.and   s1, a5
core   0: 3 0x800075c0 (0x8cfd) x 9 0x00000000
core   0: 0x800075c2 (0x00008b85) c.andi  a5, 1
core   0: 3 0x800075c2 (0x8b85) x15 0x00000001
core   0: 0x800075c4 (0x40df03b3) sub     t2, t5, a3
core   0: 3 0x800075c4 (0x40df03b3) x 7 0x000001f1
core   0: 0x800075c8 (0x004ecd63) blt     t4, tp, pc + 26
core   0: 3 0x800075c8 (0x004ecd63)
core   0: 0x800075cc (0x51564b93) xori    s7, a2, 1301
core   0: 3 0x800075cc (0x51564b93) x23 0x00000514
core   0: 0x800075d0 (0x00009bfd) c.andi  a5, -1
core   0: 3 0x800075d0 (0x9bfd) x15 0x00000001
core   0: 0x800075d2 (0x00f5dc63) bge     a1, a5, pc + 24
core   0: 3 0x800075d2 (0x00f5dc63)
core   0: 0x800075ea (0x01120f63) beq     tp, a7, pc + 30
core   0: 3 0x800075ea (0x01120f63)
core   0: 0x800075ee (0x02625263) bge     tp, t1, pc + 36
core   0: 3 0x800075ee (0x02625263)
core   0: 0x80007612 (0x3c71e013) ori     zero, gp, 967
core   0: 3 0x80007612 (0x3c71e013)
core   0: 0x80007616 (0x40110533) sub     a0, sp, ra
core   0: 3 0x80007616 (0x40110533) x10 0x00000211
core   0: 0x8000761a (0x01c3ddb3) srl     s11, t2, t3
core   0: 3 0x8000761a (0x01c3ddb3) x27 0x00000001
core   0: 0x8000761e (0x02ac2033) mulhsu  zero, s8, a0
core   0: 3 0x8000761e (0x02ac2033)
core   0: 0x80007622 (0xf8e98013) addi    zero, s3, -114
core   0: 3 0x80007622 (0xf8e98013)
core   0: 0x80007626 (0x40ebdc13) srai    s8, s7, 14
core   0: 3 0x80007626 (0x40ebdc13) x24 0x00000000
core   0: 0x8000762a (0x00411913) slli    s2, sp, 4
core   0: 3 0x8000762a (0x00411913) x18 0x00002110
core   0: 0x8000762e (0xdbee3697) auipc   a3, 0xdbee3
core   0: 3 0x8000762e (0xdbee3697) x13 0x5beea62e
core   0: 0x80007632 (0x00006abd) c.lui   s5, 0xf
core   0: 3 0x80007632 (0x6abd) x21 0x0000f000
core   0: 0x80007634 (0x00cb1db3) sll     s11, s6, a2
core   0: 3 0x80007634 (0x00cb1db3) x27 0x00000000
core   0: 0x80007638 (0x01b491b3) sll     gp, s1, s11
core   0: 3 0x80007638 (0x01b491b3) x 3 0x00000000
core   0: 0x8000763c (0xf237b193) sltiu   gp, a5, -221
core   0: 3 0x8000763c (0xf237b193) x 3 0x00000001
core   0: 0x80007640 (0x4286a813) slti    a6, a3, 1064
core   0: 3 0x80007640 (0x4286a813) x16 0x00000000
core   0: 0x80007644 (0x00008c31) c.xor   s0, a2
core   0: 3 0x80007644 (0x8c31) x 8 0xde0ca3e9
core   0: 0x80007646 (0x00000001) c.nop
core   0: 3 0x80007646 (0x0001)
core   0: 0x80007648 (0x00008fe1) c.and   a5, s0
core   0: 3 0x80007648 (0x8fe1) x15 0x00000001
core   0: 0x8000764a (0x00008e4d) c.or    a2, a1
core   0: 3 0x8000764a (0x8e4d) x12 0x00000281
core   0: 0x8000764c (0x00dc3f33) sltu    t5, s8, a3
core   0: 3 0x8000764c (0x00dc3f33) x30 0x00000001
core   0: 0x80007650 (0x01166633) or      a2, a2, a7
core   0: 3 0x80007650 (0x01166633) x12 0x80025ea9
core   0: 0x80007654 (0x0000854d) c.srai  a0, 19
core   0: 3 0x80007654 (0x854d) x10 0x00000000
core   0: 0x80007656 (0x29587c13) andi    s8, a6, 661
core   0: 3 0x80007656 (0x29587c13) x24 0x00000000
core   0: 0x8000765a (0xa0ec8f13) addi    t5, s9, -1522
core   0: 3 0x8000765a (0xa0ec8f13) x30 0x7ffffa0e
core   0: 0x8000765e (0x01a1fa63) bgeu    gp, s10, pc + 20
core   0: 3 0x8000765e (0x01a1fa63)
core   0: 0x80007662 (0x01ea4db3) xor     s11, s4, t5
core   0: 3 0x80007662 (0x01ea4db3) x27 0xfffd67ec
core   0: 0x80007666 (0x41c35233) sra     tp, t1, t3
core   0: 3 0x80007666 (0x41c35233) x 4 0x00000000
core   0: 0x8000766a (0x05568063) beq     a3, s5, pc + 64
core   0: 3 0x8000766a (0x05568063)
core   0: 0x8000766e (0x004d6c33) or      s8, s10, tp
core   0: 3 0x8000766e (0x004d6c33) x24 0xdd7e45aa
core   0: 0x80007672 (0x0273d763) bge     t2, t2, pc + 46
core   0: 3 0x80007672 (0x0273d763)
core   0: 0x800076a0 (0x05055563) bge     a0, a6, pc + 74
core   0: 3 0x800076a0 (0x05055563)
core   0: 0x800076ea (0x62486f13) ori     t5, a6, 1572
core   0: 3 0x800076ea (0x62486f13) x30 0x00000624
core   0: 0x800076ee (0x00008c8d) c.sub   s1, a1
core   0: 3 0x800076ee (0x8c8d) x 9 0xfffffd7f
core   0: 0x800076f0 (0x87116617) auipc   a2, 0x87116
core   0: 3 0x800076f0 (0x87116617) x12 0x0711d6f0
core   0: 0x800076f4 (0x03da5c33) divu    s8, s4, t4
core   0: 3 0x800076f4 (0x03da5c33) x24 0x0021006a
core   0: 0x800076f8 (0x046f6063) bltu    t5, t1, pc + 64
core   0: 3 0x800076f8 (0x046f6063)
core   0: 0x800076fc (0x005f99b3) sll     s3, t6, t0
core   0: 3 0x800076fc (0x005f99b3) x19 0x00000000
core   0: 0x80007700 (0x0304a033) mulhsu  zero, s1, a6
core   0: 3 0x80007700 (0x0304a033)
core   0: 0x80007704 (0xc4fdfa13) andi    s4, s11, -945
core   0: 3 0x80007704 (0xc4fdfa13) x20 0xfffd644c
core   0: 0x80007708 (0x00a907b3) add     a5, s2, a0
core   0: 3 0x80007708 (0x00a907b3) x15 0x00002110
core   0: 0x8000770c (0x0ff0000f) fence   iorw,iorw
core   0: 3 0x8000770c (0x0ff0000f)
core   0: 0x80007710 (0x02287933) remu    s2, a6, sp
core   0: 3 0x80007710 (0x02287933) x18 0x00000000
core   0: 0x80007714 (0x00f6beb3) sltu    t4, a3, a5
core   0: 3 0x80007714 (0x00f6beb3) x29 0x00000000
core   0: 0x80007718 (0x01a3dc13) srli    s8, t2, 26
core   0: 3 0x80007718 (0x01a3dc13) x24 0x00000000
core   0: 0x8000771c (0x00008821) c.andi  s0, 8
core   0: 3 0x8000771c (0x8821) x 8 0x00000008
core   0: 0x8000771e (0x000053fd) c.li    t2, -1
core   0: 3 0x8000771e (0x53fd) x 7 0xffffffff
core   0: 0x80007720 (0x0000855d) c.srai  a0, 23
core   0: 3 0x80007720 (0x855d) x10 0x00000000
core   0: 0x80007722 (0x41fcdc33) sra     s8, s9, t6
core   0: 3 0x80007722 (0x41fcdc33) x24 0x80000000
core   0: 0x80007726 (0xdda6fe13) andi    t3, a3, -550
core   0: 3 0x80007726 (0xdda6fe13) x28 0x5beea40a
core   0: 0x8000772a (0x028641b3) div     gp, a2, s0
core   0: 3 0x8000772a (0x028641b3) x 3 0x00e23ade
core   0: 0x8000772e (0x78c12613) slti    a2, sp, 1932
core   0: 3 0x8000772e (0x78c12613) x12 0x00000001
core   0: 0x80007732 (0x01c85eb3) srl     t4, a6, t3
core   0: 3 0x80007732 (0x01c85eb3) x29 0x00000000
core   0: 0x80007736 (0x00008d5d) c.or    a0, a5
core   0: 3 0x80007736 (0x8d5d) x10 0x00002110
core   0: 0x80007738 (0x0ff0000f) fence   iorw,iorw
core   0: 3 0x80007738 (0x0ff0000f)
core   0: 0x8000773c (0x00000f94) c.addi4spn a3, sp, 976
core   0: 3 0x8000773c (0x0f94) x13 0x000005e1
core   0: 0x8000773e (0x0000c005) c.beqz  s0, pc + 32
core   0: 3 0x8000773e (0xc005)
core   0: 0x80007740 (0x64a7bab7) lui     s5, 0x64a7b
core   0: 3 0x80007740 (0x64a7bab7) x21 0x64a7b000
core   0: 0x80007744 (0x4150d933) sra     s2, ra, s5
core   0: 3 0x80007744 (0x4150d933) x18 0x00000000
core   0: 0x80007748 (0x00008dd9) c.or    a1, a4
core   0: 3 0x80007748 (0x8dd9) x11 0x80029ee5
core   0: 0x8000774a (0x00006121) c.addi16sp sp, 64
core   0: 3 0x8000774a (0x6121) x 2 0x00000251
core   0: 0x8000774c (0x3156b913) sltiu   s2, a3, 789
core   0: 3 0x8000774c (0x3156b913) x18 0x00000000
core   0: 0x80007750 (0x01cf1fb3) sll     t6, t5, t3
core   0: 3 0x80007750 (0x01cf1fb3) x31 0x00189000
core   0: 0x80007754 (0x02664033) div     zero, a2, t1
core   0: 3 0x80007754 (0x02664033)
core   0: 0x80007758 (0x0024e433) or      s0, s1, sp
core   0: 3 0x80007758 (0x0024e433) x 8 0xffffff7f
core   0: 0x8000775c (0x00008d8d) c.sub   a1, a1
core   0: 3 0x8000775c (0x8d8d) x11 0x00000000
core   0: 0x8000775e (0x0364c5b3) div     a1, s1, s6
core   0: 3 0x8000775e (0x0364c5b3) x11 0xffffffff
core   0: 0x80007762 (0x00d7d963) bge     a5, a3, pc + 18
core   0: 3 0x80007762 (0x00d7d963)
core   0: 0x80007774 (0x417c5393) srai    t2, s8, 23
core   0: 3 0x80007774 (0x417c5393) x 7 0xffffff00
core   0: 0x80007778 (0x007c29b3) slt     s3, s8, t2
core   0: 3 0x80007778 (0x007c29b3) x19 0x00000001
core   0: 0x8000777c (0x8dbdfe93) andi    t4, s11, -1829
core   0: 3 0x8000777c (0x8dbdfe93) x29 0xfffd60c8
core   0: 0x80007780 (0x0000c0b1) c.beqz  s1, pc + 68
core   0: 3 0x80007780 (0xc0b1)
core   0: 0x80007782 (0x0254ee33) rem     t3, s1, t0
core   0: 3 0x80007782 (0x0254ee33) x28 0xfffffd7f
core   0: 0x80007786 (0x0000100f) fence.i
core   0: 3 0x80007786 (0x0000100f)
core   0: 0x8000778a (0x000014fd) c.addi  s1, -1
core   0: 3 0x8000778a (0x14fd) x 9 0xfffffd7e
core   0: 0x8000778c (0x03b11233) mulh    tp, sp, s11
core   0: 3 0x8000778c (0x03b11233) x 4 0xffffffff
core   0: 0x80007790 (0x41f287b3) sub     a5, t0, t6
core   0: 3 0x80007790 (0x41f287b3) x15 0xffe7734f
core   0: 0x80007794 (0x00d1b133) sltu    sp, gp, a3
core   0: 3 0x80007794 (0x00d1b133) x 2 0x00000000
core   0: 0x80007798 (0x00008a3d) c.andi  a2, 15
core   0: 3 0x80007798 (0x8a3d) x12 0x00000001
core   0: 0x8000779a (0x00008221) c.srli  a2, 8
core   0: 3 0x8000779a (0x8221) x12 0x00000000
core   0: 0x8000779c (0x02096133) rem     sp, s2, zero
core   0: 3 0x8000779c (0x02096133) x 2 0x00000000
core   0: 0x800077a0 (0x000090fe) c.add   ra, t6
core   0: 3 0x800077a0 (0x90fe) x 1 0x00189000
core   0: 0x800077a2 (0x01688c63) beq     a7, s6, pc + 24
core   0: 3 0x800077a2 (0x01688c63)
core   0: 0x800077a6 (0x02fdf293) andi    t0, s11, 47
core   0: 3 0x800077a6 (0x02fdf293) x 5 0x0000002c
core   0: 0x800077aa (0x0385cdb7) lui     s11, 0x385c
core   0: 3 0x800077aa (0x0385cdb7) x27 0x0385c000
core   0: 0x800077ae (0x03f27263) bgeu    tp, t6, pc + 36
core   0: 3 0x800077ae (0x03f27263)
core   0: 0x800077d2 (0x00008e45) c.or    a2, s1
core   0: 3 0x800077d2 (0x8e45) x12 0xfffffd7e
core   0: 0x800077d4 (0xe3532413) slti    s0, t1, -459
core   0: 3 0x800077d4 (0xe3532413) x 8 0x00000000
core   0: 0x800077d8 (0x032ab5b3) mulhu   a1, s5, s2
core   0: 3 0x800077d8 (0x032ab5b3) x11 0x00000000
core   0: 0x800077dc (0x0000e115) c.bnez  a0, pc + 36
core   0: 3 0x800077dc (0xe115)
core   0: 0x80007800 (0x03824633) div     a2, tp, s8
core   0: 3 0x80007800 (0x03824633) x12 0x00000000
core   0: 0x80007804 (0x00008641) c.srai  a2, 16
core   0: 3 0x80007804 (0x8641) x12 0x00000000
core   0: 0x80007806 (0x00008021) c.srli  s0, 8
core   0: 3 0x80007806 (0x8021) x 8 0x00000000
core   0: 0x80007808 (0x00008ed5) c.or    a3, a3
core   0: 3 0x80007808 (0x8ed5) x13 0x000005e1
core   0: 0x8000780a (0x0000cb95) c.beqz  a5, pc + 52
core   0: 3 0x8000780a (0xcb95)
core   0: 0x8000780c (0x021b5663) bge     s6, ra, pc + 44
core   0: 3 0x8000780c (0x021b5663)
core   0: 0x80007810 (0x02e2fdb3) remu    s11, t0, a4
core   0: 3 0x80007810 (0x02e2fdb3) x27 0x0000002c
core   0: 0x80007814 (0x414b0533) sub     a0, s6, s4
core   0: 3 0x80007814 (0x414b0533) x10 0x00029bb4
core   0: 0x80007818 (0x0000717d) c.addi16sp sp, -16
core   0: 3 0x80007818 (0x717d) x 2 0xfffffff0
core   0: 0x8000781a (0x009e8533) add     a0, t4, s1
core   0: 3 0x8000781a (0x009e8533) x10 0xfffd5e46
core   0: 0x8000781e (0x00000001) c.nop
core   0: 3 0x8000781e (0x0001)
core   0: 0x80007820 (0x00006161) c.addi16sp sp, 80
core   0: 3 0x80007820 (0x6161) x 2 0x00000040
core   0: 0x80007822 (0xa6ec7093) andi    ra, s8, -1426
core   0: 3 0x80007822 (0xa6ec7093) x 1 0x80000000
core   0: 0x80007826 (0x0273ef63) bltu    t2, t2, pc + 62
core   0: 3 0x80007826 (0x0273ef63)
core   0: 0x8000782a (0x00000175) c.addi  sp, 29
core   0: 3 0x8000782a (0x0175) x 2 0x0000005d
core   0: 0x8000782c (0x00325bb3) srl     s7, tp, gp
core   0: 3 0x8000782c (0x00325bb3) x23 0x00000003
core   0: 0x80007830 (0x00008129) c.srli  a0, 10
core   0: 3 0x80007830 (0x8129) x10 0x003fff57
core   0: 0x80007832 (0x000082fd) c.srli  a3, 31
core   0: 3 0x80007832 (0x82fd) x13 0x00000000
core   0: 0x80007834 (0x417b5d93) srai    s11, s6, 23
core   0: 3 0x80007834 (0x417b5d93) x27 0x00000000
core   0: 0x80007838 (0x00004f15) c.li    t5, 5
core   0: 3 0x80007838 (0x4f15) x30 0x00000005
core   0: 0x8000783a (0x693256b7) lui     a3, 0x69325
core   0: 3 0x8000783a (0x693256b7) x13 0x69325000
core   0: 0x8000783e (0x4dca5c37) lui     s8, 0x4dca5
core   0: 3 0x8000783e (0x4dca5c37) x24 0x4dca5000
core   0: 0x80007842 (0x00008015) c.srli  s0, 5
core   0: 3 0x80007842 (0x8015) x 8 0x00000000
core   0: 0x80007844 (0x015f90b3) sll     ra, t6, s5
core   0: 3 0x80007844 (0x015f90b3) x 1 0x00189000
core   0: 0x80007848 (0x538dc993) xori    s3, s11, 1336
core   0: 3 0x80007848 (0x538dc993) x19 0x00000538
core   0: 0x8000784c (0x79bc4593) xori    a1, s8, 1947
core   0: 3 0x8000784c (0x79bc4593) x11 0x4dca579b
core   0: 0x80007850 (0x4fc20913) addi    s2, tp, 1276
core   0: 3 0x80007850 (0x4fc20913) x18 0x000004fb
core   0: 0x80007854 (0x0233bb33) mulhu   s6, t2, gp
core   0: 3 0x80007854 (0x0233bb33) x22 0x00e23add
core   0: 0x80007858 (0x00d913b3) sll     t2, s2, a3
core   0: 3 0x80007858 (0x00d913b3) x 7 0x000004fb
core   0: 0x8000785c (0x0ff0000f) fence   iorw,iorw
core   0: 3 0x8000785c (0x0ff0000f)
core   0: 0x80007860 (0x03d2f4b3) remu    s1, t0, t4
core   0: 3 0x80007860 (0x03d2f4b3) x 9 0x0000002c
core   0: 0x80007864 (0x013243b3) xor     t2, tp, s3
core   0: 3 0x80007864 (0x013243b3) x 7 0xfffffac7
core   0: 0x80007868 (0x006405b3) add     a1, s0, t1
core   0: 3 0x80007868 (0x006405b3) x11 0x00000000
core   0: 0x8000786c (0x7f71ef13) ori     t5, gp, 2039
core   0: 3 0x8000786c (0x7f71ef13) x30 0x00e23fff
core   0: 0x80007870 (0x03336633) rem     a2, t1, s3
core   0: 3 0x80007870 (0x03336633) x12 0x00000000
core   0: 0x80007874 (0x032ee833) rem     a6, t4, s2
core   0: 3 0x80007874 (0x032ee833) x16 0xfffffc2a
core   0: 0x80007878 (0x028c82b3) mul     t0, s9, s0
core   0: 3 0x80007878 (0x028c82b3) x 5 0x00000000
core   0: 0x8000787c (0x0223f533) remu    a0, t2, sp
core   0: 3 0x8000787c (0x0223f533) x10 0x0000003e
core   0: 0x80007880 (0x02716833) rem     a6, sp, t2
core   0: 3 0x80007880 (0x02716833) x16 0x0000005d
core   0: 0x80007884 (0x40ffdc13) srai    s8, t6, 15
core   0: 3 0x80007884 (0x40ffdc13) x24 0x00000031
core   0: 0x80007888 (0x0228d4b3) divu    s1, a7, sp
core   0: 3 0x80007888 (0x0228d4b3) x 9 0x01605e9a
core   0: 0x8000788c (0x0000ca09) c.beqz  a2, pc + 18
core   0: 3 0x8000788c (0xca09)
core   0: 0x8000789e (0x0000457d) c.li    a0, 31
core   0: 3 0x8000789e (0x457d) x10 0x0000001f
core   0: 0x800078a0 (0x03ebdf63) bge     s7, t5, pc + 62
core   0: 3 0x800078a0 (0x03ebdf63)
core   0: 0x800078a4 (0x036cc7b3) div     a5, s9, s6
core   0: 3 0x800078a4 (0x036cc7b3) x15 0xffffff70
core   0: 0x800078a8 (0x00009266) c.add   tp, s9
core   0: 3 0x800078a8 (0x9266) x 4 0x7fffffff
core   0: 0x800078aa (0x00b0ea33) or      s4, ra, a1
core   0: 3 0x800078aa (0x00b0ea33) x20 0x00189000
core   0: 0x800078ae (0x4130d113) srai    sp, ra, 19
core   0: 3 0x800078ae (0x4130d113) x 2 0x00000003
core   0: 0x800078b2 (0x0000ef8d) c.bnez  a5, pc + 58
core   0: 3 0x800078b2 (0xef8d)
core   0: 0x800078ec (0x00000919) c.addi  s2, 6
core   0: 3 0x800078ec (0x0919) x18 0x00000501
core   0: 0x800078ee (0x00008e31) c.xor   a2, a2
core   0: 3 0x800078ee (0x8e31) x12 0x00000000
core   0: 0x800078f0 (0x000004d5) c.addi  s1, 21
core   0: 3 0x800078f0 (0x04d5) x 9 0x01605eaf
core   0: 0x800078f2 (0x0ff0000f) fence   iorw,iorw
core   0: 3 0x800078f2 (0x0ff0000f)
core   0: 0x800078f6 (0x2d731617) auipc   a2, 0x2d731
core   0: 3 0x800078f6 (0x2d731617) x12 0xad7388f6
core   0: 0x800078fa (0x0ff0000f) fence   iorw,iorw
core   0: 3 0x800078fa (0x0ff0000f)
core   0: 0x800078fe (0x003871b3) and     gp, a6, gp
core   0: 3 0x800078fe (0x003871b3) x 3 0x0000005c
core   0: 0x80007902 (0x03c25633) divu    a2, tp, t3
core   0: 3 0x80007902 (0x03c25633) x12 0x00000000
core   0: 0x80007906 (0x00000842) c.slli  a6, 16
core   0: 3 0x80007906 (0x0842) x16 0x005d0000
core   0: 0x80007908 (0x00008b99) c.andi  a5, 6
core   0: 3 0x80007908 (0x8b99) x15 0x00000000
core   0: 0x8000790a (0x0090f633) and     a2, ra, s1
core   0: 3 0x8000790a (0x0090f633) x12 0x00001000
core   0: 0x8000790e (0x41fed333) sra     t1, t4, t6
core   0: 3 0x8000790e (0x41fed333) x 6 0xfffd60c8
core   0: 0x80007912 (0x0000717d) c.addi16sp sp, -16
core   0: 3 0x80007912 (0x717d) x 2 0xfffffff3
core   0: 0x80007914 (0xfeb10393) addi    t2, sp, -21
core   0: 3 0x80007914 (0xfeb10393) x 7 0xffffffde
core   0: 0x80007918 (0xe9252a13) slti    s4, a0, -366
core   0: 3 0x80007918 (0xe9252a13) x20 0x00000000
core   0: 0x8000791c (0x03acc463) blt     s9, s10, pc + 40
core   0: 3 0x8000791c (0x03acc463)
core   0: 0x80007944 (0x0000547d) c.li    s0, -1
core   0: 3 0x80007944 (0x547d) x 8 0xffffffff
core   0: 0x80007946 (0x028a4363) blt     s4, s0, pc + 38
core   0: 3 0x80007946 (0x028a4363)
core   0: 0x8000794a (0x00000e8a) c.slli  t4, 2
core   0: 3 0x8000794a (0x0e8a) x29 0xfff58320
core   0: 0x8000794c (0x00006c0d) c.lui   s8, 0x3
core   0: 3 0x8000794c (0x6c0d) x24 0x00003000
core   0: 0x8000794e (0x933d2213) slti    tp, s10, -1741
core   0: 3 0x8000794e (0x933d2213) x 4 0x00000001
core   0: 0x80007952 (0x000086f1) c.srai  a3, 28
core   0: 3 0x80007952 (0x86f1) x13 0x00000006
core   0: 0x80007954 (0x038fa333) mulhsu  t1, t6, s8
core   0: 3 0x80007954 (0x038fa333) x 6 0x00000004
core   0: 0x80007958 (0x6a656a93) ori     s5, a0, 1702
core   0: 3 0x80007958 (0x6a656a93) x21 0x000006bf
core   0: 0x8000795c (0x03fb8f33) mul     t5, s7, t6
core   0: 3 0x8000795c (0x03fb8f33) x30 0x0049b000
core   0: 0x80007960 (0x03fb3f33) mulhu   t5, s6, t6
core   0: 3 0x80007960 (0x03fb3f33) x30 0x000015b4
core   0: 0x80007964 (0xbb18d1b7) lui     gp, 0xbb18d
core   0: 3 0x80007964 (0xbb18d1b7) x 3 0xbb18d000
core   0: 0x80007968 (0x0ff0000f) fence   iorw,iorw
core   0: 3 0x80007968 (0x0ff0000f)
core   0: 0x8000796c (0x02731eb3) mulh    t4, t1, t2
core   0: 3 0x8000796c (0x02731eb3) x29 0xffffffff
core   0: 0x80007970 (0x0000c521) c.beqz  a0, pc + 72
core   0: 3 0x80007970 (0xc521)
core   0: 0x80007972 (0x00006e7d) c.lui   t3, 0x1f
core   0: 3 0x80007972 (0x6e7d) x28 0x0001f000
core   0: 0x80007974 (0x47783293) sltiu   t0, a6, 1143
core   0: 3 0x80007974 (0x47783293) x 5 0x00000000
core   0: 0x80007978 (0x00662db3) slt     s11, a2, t1
core   0: 3 0x80007978 (0x00662db3) x27 0x00000000
core   0: 0x8000797c (0x02ce4363) blt     t3, a2, pc + 38
core   0: 3 0x8000797c (0x02ce4363)
core   0: 0x80007980 (0x440ce793) ori     a5, s9, 1088
core   0: 3 0x80007980 (0x440ce793) x15 0x80000440
core   0: 0x80007984 (0x01361233) sll     tp, a2, s3
core   0: 3 0x80007984 (0x01361233) x 4 0x00000000
core   0: 0x80007988 (0x01da9213) slli    tp, s5, 29
core   0: 3 0x80007988 (0x01da9213) x 4 0xe0000000
core   0: 0x8000798c (0xf3f7e093) ori     ra, a5, -193
core   0: 3 0x8000798c (0xf3f7e093) x 1 0xffffff7f
core   0: 0x80007990 (0x003bf4b3) and     s1, s7, gp
core   0: 3 0x80007990 (0x003bf4b3) x 9 0x00000000
core   0: 0x80007994 (0x4148d833) sra     a6, a7, s4
core   0: 3 0x80007994 (0x4148d833) x16 0x80025e28
core   0: 0x80007998 (0x00008fe9) c.and   a5, a0
core   0: 3 0x80007998 (0x8fe9) x15 0x00000000
core   0: 0x8000799a (0x007f57b3) srl     a5, t5, t2
core   0: 3 0x8000799a (0x007f57b3) x15 0x00000000
core   0: 0x8000799e (0x01b9dd63) bge     s3, s11, pc + 26
core   0: 3 0x8000799e (0x01b9dd63)
core   0: 0x800079b8 (0x00004819) c.li    a6, 6
core   0: 3 0x800079b8 (0x4819) x16 0x00000006
core   0: 0x800079ba (0x00001d94) c.addi4spn a3, sp, 752
core   0: 3 0x800079ba (0x1d94) x13 0x000002e3
core   0: 0x800079bc (0x016c50b3) srl     ra, s8, s6
core   0: 3 0x800079bc (0x016c50b3) x 1 0x00000000
core   0: 0x800079c0 (0xc6475697) auipc   a3, 0xc6475
core   0: 3 0x800079c0 (0xc6475697) x13 0x4647c9c0
core   0: 0x800079c4 (0x00001d08) c.addi4spn a0, sp, 688
core   0: 3 0x800079c4 (0x1d08) x10 0x000002a3
core   0: 0x800079c6 (0x000064d1) c.lui   s1, 0x14
core   0: 3 0x800079c6 (0x64d1) x 9 0x00014000
core   0: 0x800079c8 (0x00008c05) c.sub   s0, s1
core   0: 3 0x800079c8 (0x8c05) x 8 0xfffebfff
core   0: 0x800079ca (0xf9ed2693) slti    a3, s10, -98
core   0: 3 0x800079ca (0xf9ed2693) x13 0x00000001
core   0: 0x800079ce (0x000088f9) c.andi  s1, 30
core   0: 3 0x800079ce (0x88f9) x 9 0x00000000
core   0: 0x800079d0 (0x02f4ea33) rem     s4, s1, a5
core   0: 3 0x800079d0 (0x02f4ea33) x20 0x00000000
core   0: 0x800079d4 (0x13e43993) sltiu   s3, s0, 318
core   0: 3 0x800079d4 (0x13e43993) x19 0x00000000
core   0: 0x800079d8 (0x00d9ca33) xor     s4, s3, a3
core   0: 3 0x800079d8 (0x00d9ca33) x20 0x00000001
core   0: 0x800079dc (0x0000829a) c.mv    t0, t1
core   0: 3 0x800079dc (0x829a) x 5 0x00000004
core   0: 0x800079de (0x02811463) bne     sp, s0, pc + 40
core   0: 3 0x800079de (0x02811463)
core   0: 0x80007a06 (0x000085ad) c.srai  a1, 11
core   0: 3 0x80007a06 (0x85ad) x11 0x00000000
core   0: 0x80007a08 (0x8c0ee793) ori     a5, t4, -1856
core   0: 3 0x80007a08 (0x8c0ee793) x15 0xffffffff
core   0: 0x80007a0c (0xf58de493) ori     s1, s11, -168
core   0: 3 0x80007a0c (0xf58de493) x 9 0xffffff58
core   0: 0x80007a10 (0x026067b3) rem     a5, zero, t1
core   0: 3 0x80007a10 (0x026067b3) x15 0x00000000
core   0: 0x80007a14 (0x04134463) blt     t1, ra, pc + 72
core   0: 3 0x80007a14 (0x04134463)
core   0: 0x80007a18 (0x027fb933) mulhu   s2, t6, t2
core   0: 3 0x80007a18 (0x027fb933) x18 0x00188fff
core   0: 0x80007a1c (0x00ffc133) xor     sp, t6, a5
core   0: 3 0x80007a1c (0x00ffc133) x 2 0x00189000
core   0: 0x80007a20 (0x0000e881) c.bnez  s1, pc + 16
core   0: 3 0x80007a20 (0xe881)
core   0: 0x80007a30 (0x96873697) auipc   a3, 0x96873
core   0: 3 0x80007a30 (0x96873697) x13 0x1687aa30
core   0: 0x80007a34 (0x4197d213) srai    tp, a5, 25
core   0: 3 0x80007a34 (0x4197d213) x 4 0x00000000
core   0: 0x80007a38 (0x000003cd) c.addi  t2, 19
core   0: 3 0x80007a38 (0x03cd) x 7 0xfffffff1
core   0: 0x80007a3a (0x00006111) c.addi16sp sp, 256
core   0: 3 0x80007a3a (0x6111) x 2 0x00189100
core   0: 0x80007a3c (0x03fd6763) bltu    s10, t6, pc + 46
core   0: 3 0x80007a3c (0x03fd6763)
core   0: 0x80007a40 (0x41a3d233) sra     tp, t2, s10
core   0: 3 0x80007a40 (0x41a3d233) x 4 0xffffffff
core   0: 0x80007a44 (0x00ddd2b3) srl     t0, s11, a3
core   0: 3 0x80007a44 (0x00ddd2b3) x 5 0x00000000
core   0: 0x80007a48 (0x02fcf6b3) remu    a3, s9, a5
core   0: 3 0x80007a48 (0x02fcf6b3) x13 0x80000000
core   0: 0x80007a4c (0x24e4f813) andi    a6, s1, 590
core   0: 3 0x80007a4c (0x24e4f813) x16 0x00000248
core   0: 0x80007a50 (0x02f16063) bltu    sp, a5, pc + 32
core   0: 3 0x80007a50 (0x02f16063)
core   0: 0x80007a54 (0x40c60a33) sub     s4, a2, a2
core   0: 3 0x80007a54 (0x40c60a33) x20 0x00000000
core   0: 0x80007a58 (0x01040963) beq     s0, a6, pc + 18
core   0: 3 0x80007a58 (0x01040963)
core   0: 0x80007a5c (0x0000e78d) c.bnez  a5, pc + 42
core   0: 3 0x80007a5c (0xe78d)
core   0: 0x80007a5e (0x00008679) c.srai  a2, 30
core   0: 3 0x80007a5e (0x8679) x12 0x00000000
core   0: 0x80007a60 (0x00000001) c.nop
core   0: 3 0x80007a60 (0x0001)
core   0: 0x80007a62 (0x0000100f) fence.i
core   0: 3 0x80007a62 (0x0000100f)
core   0: 0x80007a66 (0x038aa533) mulhsu  a0, s5, s8
core   0: 3 0x80007a66 (0x038aa533) x10 0x00000000
core   0: 0x80007a6a (0x000084d1) c.srai  s1, 20
core   0: 3 0x80007a6a (0x84d1) x 9 0xffffffff
core   0: 0x80007a6c (0x419b5993) srai    s3, s6, 25
core   0: 3 0x80007a6c (0x419b5993) x19 0x00000000
core   0: 0x80007a70 (0x0000100f) fence.i
core   0: 3 0x80007a70 (0x0000100f)
core   0: 0x80007a74 (0x023d0433) mul     s0, s10, gp
core   0: 3 0x80007a74 (0x023d0433) x 8 0x4e8a2000
core   0: 0x80007a78 (0x56b06037) lui     zero, 0x56b06
core   0: 3 0x80007a78 (0x56b06037)
core   0: 0x80007a7c (0x019ca9b3) slt     s3, s9, s9
core   0: 3 0x80007a7c (0x019ca9b3) x19 0x00000000
core   0: 0x80007a80 (0x1f08e313) ori     t1, a7, 496
core   0: 3 0x80007a80 (0x1f08e313) x 6 0x80025ff8
core   0: 0x80007a84 (0x0000cc0d) c.beqz  s0, pc + 58
core   0: 3 0x80007a84 (0xcc0d)
core   0: 0x80007a86 (0x0351e933) rem     s2, gp, s5
core   0: 3 0x80007a86 (0x0351e933) x18 0xfffffa07
core   0: 0x80007a8a (0x7714ab93) slti    s7, s1, 1905
core   0: 3 0x80007a8a (0x7714ab93) x23 0x00000001
core   0: 0x80007a8e (0xdb18a313) slti    t1, a7, -591
core   0: 3 0x80007a8e (0xdb18a313) x 6 0x00000001
core   0: 0x80007a92 (0x00006c25) c.lui   s8, 0x9
core   0: 3 0x80007a92 (0x6c25) x24 0x00009000
core   0: 0x80007a94 (0x00008286) c.mv    t0, ra
core   0: 3 0x80007a94 (0x8286) x 5 0x00000000
core   0: 0x80007a96 (0x00f44c63) blt     s0, a5, pc + 24
core   0: 3 0x80007a96 (0x00f44c63)
core   0: 0x80007a9a (0x021d6f63) bltu    s10, ra, pc + 62
core   0: 3 0x80007a9a (0x021d6f63)
core   0: 0x80007a9e (0x00006261) c.lui   tp, 0x18
core   0: 3 0x80007a9e (0x6261) x 4 0x00018000
core   0: 0x80007aa0 (0xc3e7c293) xori    t0, a5, -962
core   0: 3 0x80007aa0 (0xc3e7c293) x 5 0xfffffc3e
core   0: 0x80007aa4 (0x02940233) mul     tp, s0, s1
core   0: 3 0x80007aa4 (0x02940233) x 4 0xb175e000
core   0: 0x80007aa8 (0x40e95033) sra     zero, s2, a4
core   0: 3 0x80007aa8 (0x40e95033)
core   0: 0x80007aac (0x0000e695) c.bnez  a3, pc + 44
core   0: 3 0x80007aac (0xe695)
core   0: 0x80007ad8 (0x025f7163) bgeu    t5, t0, pc + 34
core   0: 3 0x80007ad8 (0x025f7163)
core   0: 0x80007adc (0x0000100f) fence.i
core   0: 3 0x80007adc (0x0000100f)
core   0: 0x80007ae0 (0x017bd563) bge     s7, s7, pc + 10
core   0: 3 0x80007ae0 (0x017bd563)
core   0: 0x80007aea (0x03106c63) bltu    zero, a7, pc + 56
core   0: 3 0x80007aea (0x03106c63)
core   0: 0x80007b22 (0x00000196) c.slli  gp, 5
core   0: 3 0x80007b22 (0x0196) x 3 0x631a0000
core   0: 0x80007b24 (0x00000c6a) c.slli  s8, 26
core   0: 3 0x80007b24 (0x0c6a) x24 0x00000000
core   0: 0x80007b26 (0x01526eb3) or      t4, tp, s5
core   0: 3 0x80007b26 (0x01526eb3) x29 0xb175e6bf
core   0: 0x80007b2a (0x000099fd) c.andi  a1, -1
core   0: 3 0x80007b2a (0x99fd) x11 0x00000000
core   0: 0x80007b2c (0x038c63b3) rem     t2, s8, s8
core   0: 3 0x80007b2c (0x038c63b3) x 7 0x00000000
core   0: 0x80007b30 (0x00008a31) c.andi  a2, 12
core   0: 3 0x80007b30 (0x8a31) x12 0x00000000
core   0: 0x80007b32 (0x0000e659) c.bnez  a2, pc + 142
core   0: 3 0x80007b32 (0xe659)
core   0: 0x80007b34 (0x02e9e263) bltu    s3, a4, pc + 36
core   0: 3 0x80007b34 (0x02e9e263)
core   0: 0x80007b58 (0x01b7d513) srli    a0, a5, 27
core   0: 3 0x80007b58 (0x01b7d513) x10 0x00000000
core   0: 0x80007b5c (0xf70eec13) ori     s8, t4, -144
core   0: 3 0x80007b5c (0xf70eec13) x24 0xffffffff
core   0: 0x80007b60 (0x020ceab3) rem     s5, s9, zero
core   0: 3 0x80007b60 (0x020ceab3) x21 0x80000000
core   0: 0x80007b64 (0x0ff0000f) fence   iorw,iorw
core   0: 3 0x80007b64 (0x0ff0000f)
core   0: 0x80007b68 (0x0000717d) c.addi16sp sp, -16
core   0: 3 0x80007b68 (0x717d) x 2 0x001890f0
core   0: 0x80007b6a (0x0000100f) fence.i
core   0: 3 0x80007b6a (0x0000100f)
core   0: 0x80007b6e (0x41ab0333) sub     t1, s6, s10
core   0: 3 0x80007b6e (0x41ab0333) x 6 0x2363f533
core   0: 0x80007b72 (0x00012817) auipc   a6, 0x12
core   0: 3 0x80007b72 (0x00012817) x16 0x80019b72
core   0: 0x80007b76 (0x2bb80813) addi    a6, a6, 699
core   0: 3 0x80007b76 (0x2bb80813) x16 0x80019e2d
core   0: 0x80007b7a (0xf4880f03) lb      t5, -184(a6)
core   0: 3 0x80007b7a (0xf4880f03) x30 0xffffffd3 mem 0x80019d75
core   0: 0x80007b7e (0xf5680423) sb      s6, -184(a6)
core   0: 3 0x80007b7e (0xf5680423) mem 0x80019d75 0xdd
core   0: 0x80007b82 (0xf4884083) lbu     ra, -184(a6)
core   0: 3 0x80007b82 (0xf4884083) x 1 0x000000dd mem 0x80019d75
core   0: 0x80007b86 (0xf4884383) lbu     t2, -184(a6)
core   0: 3 0x80007b86 (0xf4884383) x 7 0x000000dd mem 0x80019d75
core   0: 0x80007b8a (0x7c3e3f13) sltiu   t5, t3, 1987
core   0: 3 0x80007b8a (0x7c3e3f13) x30 0x00000000
core   0: 0x80007b8e (0x9377c793) xori    a5, a5, -1737
core   0: 3 0x80007b8e (0x9377c793) x15 0xfffff937
core   0: 0x80007b92 (0xf4880903) lb      s2, -184(a6)
core   0: 3 0x80007b92 (0xf4880903) x18 0xffffffdd mem 0x80019d75
core   0: 0x80007b96 (0xf5380423) sb      s3, -184(a6)
core   0: 3 0x80007b96 (0xf5380423) mem 0x80019d75 0x0
core   0: 0x80007b9a (0xf5a80423) sb      s10, -184(a6)
core   0: 3 0x80007b9a (0xf5a80423) mem 0x80019d75 0xaa
core   0: 0x80007b9e (0xf4884503) lbu     a0, -184(a6)
core   0: 3 0x80007b9e (0xf4884503) x10 0x000000aa mem 0x80019d75
core   0: 0x80007ba2 (0xf4880f83) lb      t6, -184(a6)
core   0: 3 0x80007ba2 (0xf4880f83) x31 0xffffffaa mem 0x80019d75
core   0: 0x80007ba6 (0xf4e80423) sb      a4, -184(a6)
core   0: 3 0x80007ba6 (0xf4e80423) mem 0x80019d75 0xe4
core   0: 0x80007baa (0xf4884d83) lbu     s11, -184(a6)
core   0: 3 0x80007baa (0xf4884d83) x27 0x000000e4 mem 0x80019d75
core   0: 0x80007bae (0xf4880e83) lb      t4, -184(a6)
core   0: 3 0x80007bae (0xf4880e83) x29 0xffffffe4 mem 0x80019d75
core   0: 0x80007bb2 (0xf5580423) sb      s5, -184(a6)
core   0: 3 0x80007bb2 (0xf5580423) mem 0x80019d75 0x0
core   0: 0x80007bb6 (0xf4880103) lb      sp, -184(a6)
core   0: 3 0x80007bb6 (0xf4880103) x 2 0x00000000 mem 0x80019d75
core   0: 0x80007bba (0xf4880183) lb      gp, -184(a6)
core   0: 3 0x80007bba (0xf4880183) x 3 0x00000000 mem 0x80019d75
core   0: 0x80007bbe (0x00009812) c.add   a6, tp
core   0: 3 0x80007bbe (0x9812) x16 0x31777e2d
core   0: 0x80007bc0 (0x40bd5b93) srai    s7, s10, 11
core   0: 3 0x80007bc0 (0x40bd5b93) x23 0xfffbafc8
core   0: 0x80007bc4 (0x00008fdd) c.or    a5, a5
core   0: 3 0x80007bc4 (0x8fdd) x15 0xfffff937
core   0: 0x80007bc6 (0x00000001) c.nop
core   0: 3 0x80007bc6 (0x0001)
core   0: 0x80007bc8 (0x0ff0000f) fence   iorw,iorw
core   0: 3 0x80007bc8 (0x0ff0000f)
core   0: 0x80007bcc (0x00000001) c.nop
core   0: 3 0x80007bcc (0x0001)
core   0: 0x80007bce (0x40cdd0b3) sra     ra, s11, a2
core   0: 3 0x80007bce (0x40cdd0b3) x 1 0x000000e4
core   0: 0x80007bd2 (0x01369c63) bne     a3, s3, pc + 24
core   0: 3 0x80007bd2 (0x01369c63)
core   0: 0x80007bea (0x00000a72) c.slli  s4, 28
core   0: 3 0x80007bea (0x0a72) x20 0x00000000
core   0: 0x80007bec (0x40a32a13) slti    s4, t1, 1034
core   0: 3 0x80007bec (0x40a32a13) x20 0x00000000
core   0: 0x80007bf0 (0xabbe8793) addi    a5, t4, -1349
core   0: 3 0x80007bf0 (0xabbe8793) x15 0xfffffa9f
core   0: 0x80007bf4 (0x03239db3) mulh    s11, t2, s2
core   0: 3 0x80007bf4 (0x03239db3) x27 0xffffffff
core   0: 0x80007bf8 (0x6191cb97) auipc   s7, 0x6191c
core   0: 3 0x80007bf8 (0x6191cb97) x23 0xe1923bf8
core   0: 0x80007bfc (0x00008e49) c.or    a2, a0
core   0: 3 0x80007bfc (0x8e49) x12 0x000000aa
core   0: 0x80007bfe (0x019851b3) srl     gp, a6, s9
core   0: 3 0x80007bfe (0x019851b3) x 3 0x31777e2d
core   0: 0x80007c02 (0x00008d69) c.and   a0, a0
core   0: 3 0x80007c02 (0x8d69) x10 0x000000aa
core   0: 0x80007c04 (0x027f1f63) bne     t5, t2, pc + 62
core   0: 3 0x80007c04 (0x027f1f63)
core   0: 0x80007c42 (0x03e67563) bgeu    a2, t5, pc + 42
core   0: 3 0x80007c42 (0x03e67563)
core   0: 0x80007c6c (0x020a13b3) mulh    t2, s4, zero
core   0: 3 0x80007c6c (0x020a13b3) x 7 0x00000000
core   0: 0x80007c70 (0x00006ef1) c.lui   t4, 0x1c
core   0: 3 0x80007c70 (0x6ef1) x29 0x0001c000
core   0: 0x80007c72 (0x0000c899) c.beqz  s1, pc + 22
core   0: 3 0x80007c72 (0xc899)
core   0: 0x80007c74 (0x3df0cd13) xori    s10, ra, 991
core   0: 3 0x80007c74 (0x3df0cd13) x26 0x0000033b
core   0: 0x80007c78 (0x00008065) c.srli  s0, 25
core   0: 3 0x80007c78 (0x8065) x 8 0x00000027
core   0: 0x80007c7a (0x03f04433) div     s0, zero, t6
core   0: 3 0x80007c7a (0x03f04433) x 8 0x00000000
core   0: 0x80007c7e (0x00e34f63) blt     t1, a4, pc + 30
core   0: 3 0x80007c7e (0x00e34f63)
core   0: 0x80007c82 (0x004b30b3) sltu    ra, s6, tp
core   0: 3 0x80007c82 (0x004b30b3) x 1 0x00000001
core   0: 0x80007c86 (0x000069f5) c.lui   s3, 0x1d
core   0: 3 0x80007c86 (0x69f5) x19 0x0001d000
core   0: 0x80007c88 (0x031530b3) mulhu   ra, a0, a7
core   0: 3 0x80007c88 (0x031530b3) x 1 0x00000055
core   0: 0x80007c8c (0x0000e805) c.bnez  s0, pc + 48
core   0: 3 0x80007c8c (0xe805)
core   0: 0x80007c8e (0x400fd993) srai    s3, t6, 0
core   0: 3 0x80007c8e (0x400fd993) x19 0xffffffaa
core   0: 0x80007c92 (0x00000b8c) c.addi4spn a1, sp, 464
core   0: 3 0x80007c92 (0x0b8c) x11 0x000001d0
core   0: 0x80007c94 (0x9d780e93) addi    t4, a6, -1577
core   0: 3 0x80007c94 (0x9d780e93) x29 0x31777804
core   0: 0x80007c98 (0x000094fe) c.add   s1, t6
core   0: 3 0x80007c98 (0x94fe) x 9 0xffffffa9
core   0: 0x80007c9a (0x00008c15) c.sub   s0, a3
core   0: 3 0x80007c9a (0x8c15) x 8 0x80000000
core   0: 0x80007c9c (0x00000571) c.addi  a0, 28
core   0: 3 0x80007c9c (0x0571) x10 0x000000c6
core   0: 0x80007c9e (0x03491263) bne     s2, s4, pc + 36
core   0: 3 0x80007c9e (0x03491263)
core   0: 0x80007cc2 (0x01c61133) sll     sp, a2, t3
core   0: 3 0x80007cc2 (0x01c61133) x 2 0x000000aa
core   0: 0x80007cc6 (0x03a5fd63) bgeu    a1, s10, pc + 58
core   0: 3 0x80007cc6 (0x03a5fd63)
core   0: 0x80007cca (0x01a87433) and     s0, a6, s10
core   0: 3 0x80007cca (0x01a87433) x 8 0x00000229
core   0: 0x80007cce (0x00a07eb3) and     t4, zero, a0
core   0: 3 0x80007cce (0x00a07eb3) x29 0x00000000
core   0: 0x80007cd2 (0x025f8833) mul     a6, t6, t0
core   0: 3 0x80007cd2 (0x025f8833) x16 0x0001432c
core   0: 0x80007cd6 (0x0000717d) c.addi16sp sp, -16
core   0: 3 0x80007cd6 (0x717d) x 2 0x0000009a
core   0: 0x80007cd8 (0x66607d17) auipc   s10, 0x66607
core   0: 3 0x80007cd8 (0x66607d17) x26 0xe660ecd8
core   0: 0x80007cdc (0x02519063) bne     gp, t0, pc + 32
core   0: 3 0x80007cdc (0x02519063)
core   0: 0x80007cfc (0xbe2c6913) ori     s2, s8, -1054
core   0: 3 0x80007cfc (0xbe2c6913) x18 0xffffffff
core   0: 0x80007d00 (0x029625b3) mulhsu  a1, a2, s1
core   0: 3 0x80007d00 (0x029625b3) x11 0x000000a9
core   0: 0x80007d04 (0x0000527d) c.li    tp, -1
core   0: 3 0x80007d04 (0x527d) x 4 0xffffffff
core   0: 0x80007d06 (0x03a36163) bltu    t1, s10, pc + 34
core   0: 3 0x80007d06 (0x03a36163)
core   0: 0x80007d28 (0x01bedf93) srli    t6, t4, 27
core   0: 3 0x80007d28 (0x01bedf93) x31 0x00000000
core   0: 0x80007d2c (0x0000e0a9) c.bnez  s1, pc + 66
core   0: 3 0x80007d2c (0xe0a9)
core   0: 0x80007d6e (0x010ad1b3) srl     gp, s5, a6
core   0: 3 0x80007d6e (0x010ad1b3) x 3 0x00080000
core   0: 0x80007d72 (0x02d57db3) remu    s11, a0, a3
core   0: 3 0x80007d72 (0x02d57db3) x27 0x000000c6
core   0: 0x80007d76 (0x0ff0000f) fence   iorw,iorw
core   0: 3 0x80007d76 (0x0ff0000f)
core   0: 0x80007d7a (0x01161463) bne     a2, a7, pc + 8
core   0: 3 0x80007d7a (0x01161463)
core   0: 0x80007d82 (0x1fd44b13) xori    s6, s0, 509
core   0: 3 0x80007d82 (0x1fd44b13) x22 0x000003d4
core   0: 0x80007d86 (0x1775bf97) auipc   t6, 0x1775b
core   0: 3 0x80007d86 (0x1775bf97) x31 0x97762d86
core   0: 0x80007d8a (0x003a21b3) slt     gp, s4, gp
core   0: 3 0x80007d8a (0x003a21b3) x 3 0x00000001
core   0: 0x80007d8e (0x00000001) c.nop
core   0: 3 0x80007d8e (0x0001)
core   0: 0x80007d90 (0x40120b33) sub     s6, tp, ra
core   0: 3 0x80007d90 (0x40120b33) x22 0xffffffaa
core   0: 0x80007d94 (0x0325d763) bge     a1, s2, pc + 46
core   0: 3 0x80007d94 (0x0325d763)
core   0: 0x80007dc2 (0x02a01f33) mulh    t5, zero, a0
core   0: 3 0x80007dc2 (0x02a01f33) x30 0x00000000
core   0: 0x80007dc6 (0xfd3d8eb7) lui     t4, 0xfd3d8
core   0: 3 0x80007dc6 (0xfd3d8eb7) x29 0xfd3d8000
core   0: 0x80007dca (0x01be9a93) slli    s5, t4, 27
core   0: 3 0x80007dca (0x01be9a93) x21 0x00000000
core   0: 0x80007dce (0x2708f993) andi    s3, a7, 624
core   0: 3 0x80007dce (0x2708f993) x19 0x00000220
core   0: 0x80007dd2 (0x00000001) c.nop
core   0: 3 0x80007dd2 (0x0001)
core   0: 0x80007dd4 (0x044c8163) beq     s9, tp, pc + 66
core   0: 3 0x80007dd4 (0x044c8163)
core   0: 0x80007dd8 (0x01dc1513) slli    a0, s8, 29
core   0: 3 0x80007dd8 (0x01dc1513) x10 0xe0000000
core   0: 0x80007ddc (0x035b3333) mulhu   t1, s6, s5
core   0: 3 0x80007ddc (0x035b3333) x 6 0x00000000
core   0: 0x80007de0 (0x00004b29) c.li    s6, 10
core   0: 3 0x80007de0 (0x4b29) x22 0x0000000a
core   0: 0x80007de2 (0x000099fd) c.andi  a1, -1
core   0: 3 0x80007de2 (0x99fd) x11 0x000000a9
core   0: 0x80007de4 (0x01765093) srli    ra, a2, 23
core   0: 3 0x80007de4 (0x01765093) x 1 0x00000000
core   0: 0x80007de8 (0x02d1de33) divu    t3, gp, a3
core   0: 3 0x80007de8 (0x02d1de33) x28 0x00000000
core   0: 0x80007dec (0x020769b3) rem     s3, a4, zero
core   0: 3 0x80007dec (0x020769b3) x19 0x80029ce4
core   0: 0x80007df0 (0x00546a33) or      s4, s0, t0
core   0: 3 0x80007df0 (0x00546a33) x20 0xfffffe3f
core   0: 0x80007df4 (0x7757cc37) lui     s8, 0x7757c
core   0: 3 0x80007df4 (0x7757cc37) x24 0x7757c000
core   0: 0x80007df8 (0x02474b33) div     s6, a4, tp
core   0: 3 0x80007df8 (0x02474b33) x22 0x7ffd631c
core   0: 0x80007dfc (0x29362693) slti    a3, a2, 659
core   0: 3 0x80007dfc (0x29362693) x13 0x00000001
core   0: 0x80007e00 (0x021e4533) div     a0, t3, ra
core   0: 3 0x80007e00 (0x021e4533) x10 0xffffffff
core   0: 0x80007e04 (0x012c9513) slli    a0, s9, 18
core   0: 3 0x80007e04 (0x012c9513) x10 0x00000000
core   0: 0x80007e08 (0x00dfca33) xor     s4, t6, a3
core   0: 3 0x80007e08 (0x00dfca33) x20 0x97762d87
core   0: 0x80007e0c (0x00009e06) c.add   t3, ra
core   0: 3 0x80007e0c (0x9e06) x28 0x00000000
core   0: 0x80007e0e (0x02987263) bgeu    a6, s1, pc + 36
core   0: 3 0x80007e0e (0x02987263)
core   0: 0x80007e12 (0x01cbbab3) sltu    s5, s7, t3
core   0: 3 0x80007e12 (0x01cbbab3) x21 0x00000000
core   0: 0x80007e16 (0x000003bd) c.addi  t2, 15
core   0: 3 0x80007e16 (0x03bd) x 7 0x0000000f
core   0: 0x80007e18 (0x02c24763) blt     tp, a2, pc + 46
core   0: 3 0x80007e18 (0x02c24763)
core   0: 0x80007e46 (0x03a57ab3) remu    s5, a0, s10
core   0: 3 0x80007e46 (0x03a57ab3) x21 0x00000000
core   0: 0x80007e4a (0x024a1933) mulh    s2, s4, tp
core   0: 3 0x80007e4a (0x024a1933) x18 0x00000000
core   0: 0x80007e4e (0x57e84593) xori    a1, a6, 1406
core   0: 3 0x80007e4e (0x57e84593) x11 0x00014652
core   0: 0x80007e52 (0x01f6d963) bge     a3, t6, pc + 18
core   0: 3 0x80007e52 (0x01f6d963)
core   0: 0x80007e64 (0x00001410) c.addi4spn a2, sp, 544
core   0: 3 0x80007e64 (0x1410) x12 0x000002ba
core   0: 0x80007e66 (0x01f15e33) srl     t3, sp, t6
core   0: 3 0x80007e66 (0x01f15e33) x28 0x00000002
core   0: 0x80007e6a (0x09447113) andi    sp, s0, 148
core   0: 3 0x80007e6a (0x09447113) x 2 0x00000000
core   0: 0x80007e6e (0x00cc59b3) srl     s3, s8, a2
core   0: 3 0x80007e6e (0x00cc59b3) x19 0x0000001d
core   0: 0x80007e72 (0x001fd993) srli    s3, t6, 1
core   0: 3 0x80007e72 (0x001fd993) x19 0x4bbb16c3
core   0: 0x80007e76 (0x072b6637) lui     a2, 0x72b6
core   0: 3 0x80007e76 (0x072b6637) x12 0x072b6000
core   0: 0x80007e7a (0x03a1a6b3) mulhsu  a3, gp, s10
core   0: 3 0x80007e7a (0x03a1a6b3) x13 0x00000000
core   0: 0x80007e7e (0x41f6d493) srai    s1, a3, 31
core   0: 3 0x80007e7e (0x41f6d493) x 9 0x00000000
core   0: 0x80007e82 (0x41c85793) srai    a5, a6, 28
core   0: 3 0x80007e82 (0x41c85793) x15 0x00000000
core   0: 0x80007e86 (0x00aa8b33) add     s6, s5, a0
core   0: 3 0x80007e86 (0x00aa8b33) x22 0x00000000
core   0: 0x80007e8a (0x00000d29) c.addi  s10, 10
core   0: 3 0x80007e8a (0x0d29) x26 0xe660ece2
core   0: 0x80007e8c (0x00000001) c.nop
core   0: 3 0x80007e8c (0x0001)
core   0: 0x80007e8e (0x02551e33) mulh    t3, a0, t0
core   0: 3 0x80007e8e (0x02551e33) x28 0x00000000
core   0: 0x80007e92 (0x007df233) and     tp, s11, t2
core   0: 3 0x80007e92 (0x007df233) x 4 0x00000006
core   0: 0x80007e96 (0x0000127d) c.addi  tp, -1
core   0: 3 0x80007e96 (0x127d) x 4 0x00000005
core   0: 0x80007e98 (0x000087fd) c.srai  a5, 31
core   0: 3 0x80007e98 (0x87fd) x15 0x00000000
core   0: 0x80007e9a (0x00bbf0b3) and     ra, s7, a1
core   0: 3 0x80007e9a (0x00bbf0b3) x 1 0x00000250
core   0: 0x80007e9e (0x40d2db33) sra     s6, t0, a3
core   0: 3 0x80007e9e (0x40d2db33) x22 0xfffffc3e
core   0: 0x80007ea2 (0x022880b3) mul     ra, a7, sp
core   0: 3 0x80007ea2 (0x022880b3) x 1 0x00000000
core   0: 0x80007ea6 (0x013762b3) or      t0, a4, s3
core   0: 3 0x80007ea6 (0x013762b3) x 5 0xcbbb9ee7
core   0: 0x80007eaa (0x00000e66) c.slli  t3, 25
core   0: 3 0x80007eaa (0x0e66) x28 0x00000000
core   0: 0x80007eac (0x00001890) c.addi4spn a2, sp, 112
core   0: 3 0x80007eac (0x1890) x12 0x00000070
core   0: 0x80007eae (0x0163bb13) sltiu   s6, t2, 22
core   0: 3 0x80007eae (0x0163bb13) x22 0x00000001
core   0: 0x80007eb2 (0x0000ed0d) c.bnez  a0, pc + 58
core   0: 3 0x80007eb2 (0xed0d)
core   0: 0x80007eb4 (0x04911363) bne     sp, s1, pc + 70
core   0: 3 0x80007eb4 (0x04911363)
core   0: 0x80007eb8 (0x00b8a533) slt     a0, a7, a1
core   0: 3 0x80007eb8 (0x00b8a533) x10 0x00000001
core   0: 0x80007ebc (0x0ff0000f) fence   iorw,iorw
core   0: 3 0x80007ebc (0x0ff0000f)
core   0: 0x80007ec0 (0x006777b3) and     a5, a4, t1
core   0: 3 0x80007ec0 (0x006777b3) x15 0x00000000
core   0: 0x80007ec4 (0x000050fd) c.li    ra, -1
core   0: 3 0x80007ec4 (0x50fd) x 1 0xffffffff
core   0: 0x80007ec6 (0x0100a233) slt     tp, ra, a6
core   0: 3 0x80007ec6 (0x0100a233) x 4 0x00000001
core   0: 0x80007eca (0x0168e233) or      tp, a7, s6
core   0: 3 0x80007eca (0x0168e233) x 4 0x80025e29
core   0: 0x80007ece (0x401e0133) sub     sp, t3, ra
core   0: 3 0x80007ece (0x401e0133) x 2 0x00000001
core   0: 0x80007ed2 (0x000090be) c.add   ra, a5
core   0: 3 0x80007ed2 (0x90be) x 1 0xffffffff
core   0: 0x80007ed4 (0x00008d65) c.and   a0, s1
core   0: 3 0x80007ed4 (0x8d65) x10 0x00000000
core   0: 0x80007ed6 (0x023fe2b3) rem     t0, t6, gp
core   0: 3 0x80007ed6 (0x023fe2b3) x 5 0x00000000
core   0: 0x80007eda (0xb1d90513) addi    a0, s2, -1251
core   0: 3 0x80007eda (0xb1d90513) x10 0xfffffb1d
core   0: 0x80007ede (0x40898033) sub     zero, s3, s0
core   0: 3 0x80007ede (0x40898033)
core   0: 0x80007ee2 (0x9de6b693) sltiu   a3, a3, -1570
core   0: 3 0x80007ee2 (0x9de6b693) x13 0x00000001
core   0: 0x80007ee6 (0x024202b3) mul     t0, tp, tp
core   0: 3 0x80007ee6 (0x024202b3) x 5 0x9b462291
core   0: 0x80007eea (0x00000001) c.nop
core   0: 3 0x80007eea (0x0001)
core   0: 0x80007eec (0x3c3ff213) andi    tp, t6, 963
core   0: 3 0x80007eec (0x3c3ff213) x 4 0x00000182
core   0: 0x80007ef0 (0x414b4e93) xori    t4, s6, 1044
core   0: 3 0x80007ef0 (0x414b4e93) x29 0x00000415
core   0: 0x80007ef4 (0x03117263) bgeu    sp, a7, pc + 36
core   0: 3 0x80007ef4 (0x03117263)
core   0: 0x80007ef8 (0x00000001) c.nop
core   0: 3 0x80007ef8 (0x0001)
core   0: 0x80007efa (0x0170e0b3) or      ra, ra, s7
core   0: 3 0x80007efa (0x0170e0b3) x 1 0xffffffff
core   0: 0x80007efe (0x02f6f263) bgeu    a3, a5, pc + 36
core   0: 3 0x80007efe (0x02f6f263)
core   0: 0x80007f22 (0x03f194b3) mulh    s1, gp, t6
core   0: 3 0x80007f22 (0x03f194b3) x 9 0xffffffff
core   0: 0x80007f26 (0x0000953e) c.add   a0, a5
core   0: 3 0x80007f26 (0x953e) x10 0xfffffb1d
core   0: 0x80007f28 (0x039610b3) mulh    ra, a2, s9
core   0: 3 0x80007f28 (0x039610b3) x 1 0xffffffc8
core   0: 0x80007f2c (0x00008e29) c.xor   a2, a0
core   0: 3 0x80007f2c (0x8e29) x12 0xfffffb6d
core   0: 0x80007f2e (0x694f9bb7) lui     s7, 0x694f9
core   0: 3 0x80007f2e (0x694f9bb7) x23 0x694f9000
core   0: 0x80007f32 (0x02968763) beq     a3, s1, pc + 46
core   0: 3 0x80007f32 (0x02968763)
core   0: 0x80007f36 (0x03c52c33) mulhsu  s8, a0, t3
core   0: 3 0x80007f36 (0x03c52c33) x24 0x00000000
core   0: 0x80007f3a (0x02a30533) mul     a0, t1, a0
core   0: 3 0x80007f3a (0x02a30533) x10 0x00000000
core   0: 0x80007f3e (0x0000947e) c.add   s0, t6
core   0: 3 0x80007f3e (0x947e) x 8 0x97762faf
core   0: 0x80007f40 (0x04380563) beq     a6, gp, pc + 74
core   0: 3 0x80007f40 (0x04380563)
core   0: 0x80007f44 (0x40cedf93) srai    t6, t4, 12
core   0: 3 0x80007f44 (0x40cedf93) x31 0x00000000
core   0: 0x80007f48 (0x01b6de63) bge     a3, s11, pc + 28
core   0: 3 0x80007f48 (0x01b6de63)
core   0: 0x80007f4c (0x40678a33) sub     s4, a5, t1
core   0: 3 0x80007f4c (0x40678a33) x20 0x00000000
core   0: 0x80007f50 (0x03c07db3) remu    s11, zero, t3
core   0: 3 0x80007f50 (0x03c07db3) x27 0x00000000
core   0: 0x80007f54 (0x0197d293) srli    t0, a5, 25
core   0: 3 0x80007f54 (0x0197d293) x 5 0x00000000
core   0: 0x80007f58 (0x41aa8c33) sub     s8, s5, s10
core   0: 3 0x80007f58 (0x41aa8c33) x24 0x199f131e
core   0: 0x80007f5c (0x0032bbb3) sltu    s7, t0, gp
core   0: 3 0x80007f5c (0x0032bbb3) x23 0x00000001
core   0: 0x80007f60 (0x41d00333) sub     t1, zero, t4
core   0: 3 0x80007f60 (0x41d00333) x 6 0xfffffbeb
core   0: 0x80007f64 (0x00008cad) c.xor   s1, a1
core   0: 3 0x80007f64 (0x8cad) x 9 0xfffeb9ad
core   0: 0x80007f66 (0x97ad5fb7) lui     t6, 0x97ad5
core   0: 3 0x80007f66 (0x97ad5fb7) x31 0x97ad5000
core   0: 0x80007f6a (0x039ee9b3) rem     s3, t4, s9
core   0: 3 0x80007f6a (0x039ee9b3) x19 0x00000415
core   0: 0x80007f6e (0x00008dcd) c.or    a1, a1
core   0: 3 0x80007f6e (0x8dcd) x11 0x00014652
core   0: 0x80007f70 (0x78b2ce13) xori    t3, t0, 1931
core   0: 3 0x80007f70 (0x78b2ce13) x28 0x0000078b
core   0: 0x80007f74 (0x00008fd5) c.or    a5, a3
core   0: 3 0x80007f74 (0x8fd5) x15 0x00000001
core   0: 0x80007f76 (0x0ff0000f) fence   iorw,iorw
core   0: 3 0x80007f76 (0x0ff0000f)
core   0: 0x80007f7a (0x0166f233) and     tp, a3, s6
core   0: 3 0x80007f7a (0x0166f233) x 4 0x00000001
core   0: 0x80007f7e (0x0089ea33) or      s4, s3, s0
core   0: 3 0x80007f7e (0x0089ea33) x20 0x97762fbf
core   0: 0x80007f82 (0x013c7d63) bgeu    s8, s3, pc + 26
core   0: 3 0x80007f82 (0x013c7d63)
core   0: 0x80007f9c (0x00000001) c.nop
core   0: 3 0x80007f9c (0x0001)
core   0: 0x80007f9e (0x03fc1963) bne     s8, t6, pc + 50
core   0: 3 0x80007f9e (0x03fc1963)
core   0: 0x80007fd0 (0x65a66393) ori     t2, a2, 1626
core   0: 3 0x80007fd0 (0x65a66393) x 7 0xffffff7f
core   0: 0x80007fd4 (0x01c782b3) add     t0, a5, t3
core   0: 3 0x80007fd4 (0x01c782b3) x 5 0x0000078c
core   0: 0x80007fd8 (0x00008df5) c.and   a1, a3
core   0: 3 0x80007fd8 (0x8df5) x11 0x00000000
core   0: 0x80007fda (0x0359ebb3) rem     s7, s3, s5
core   0: 3 0x80007fda (0x0359ebb3) x23 0x00000415
core   0: 0x80007fde (0x00000514) c.addi4spn a3, sp, 640
core   0: 3 0x80007fde (0x0514) x13 0x00000281
core   0: 0x80007fe0 (0x00000531) c.addi  a0, 12
core   0: 3 0x80007fe0 (0x0531) x10 0x0000000c
core   0: 0x80007fe2 (0x4115d793) srai    a5, a1, 17
core   0: 3 0x80007fe2 (0x4115d793) x15 0x00000000
core   0: 0x80007fe6 (0x03e2a3b3) mulhsu  t2, t0, t5
core   0: 3 0x80007fe6 (0x03e2a3b3) x 7 0x00000000
core   0: 0x80007fea (0x02f94863) blt     s2, a5, pc + 48
core   0: 3 0x80007fea (0x02f94863)
core   0: 0x80007fee (0x01c0f033) and     zero, ra, t3
core   0: 3 0x80007fee (0x01c0f033)
core   0: 0x80007ff2 (0x0d616b13) ori     s6, sp, 214
core   0: 3 0x80007ff2 (0x0d616b13) x22 0x000000d7
core   0: 0x80007ff6 (0x0000e89d) c.bnez  s1, pc + 54
core   0: 3 0x80007ff6 (0xe89d)
core   0: 0x8000802c (0x023389b3) mul     s3, t2, gp
core   0: 3 0x8000802c (0x023389b3) x19 0x00000000
core   0: 0x80008030 (0xa561b493) sltiu   s1, gp, -1450
core   0: 3 0x80008030 (0xa561b493) x 9 0x00000001
core   0: 0x80008034 (0x04e38263) beq     t2, a4, pc + 68
core   0: 3 0x80008034 (0x04e38263)
core   0: 0x80008038 (0xe09c2293) slti    t0, s8, -503
core   0: 3 0x80008038 (0xe09c2293) x 5 0x00000000
core   0: 0x8000803c (0x03d7a5b3) mulhsu  a1, a5, t4
core   0: 3 0x8000803c (0x03d7a5b3) x11 0x00000000
core   0: 0x80008040 (0x00000001) c.nop
core   0: 3 0x80008040 (0x0001)
core   0: 0x80008042 (0xe016bd13) sltiu   s10, a3, -511
core   0: 3 0x80008042 (0xe016bd13) x26 0x00000001
core   0: 0x80008046 (0x3692a813) slti    a6, t0, 873
core   0: 3 0x80008046 (0x3692a813) x16 0x00000001
core   0: 0x8000804a (0x00000001) c.nop
core   0: 3 0x8000804a (0x0001)
core   0: 0x8000804c (0x00006105) c.addi16sp sp, 32
core   0: 3 0x8000804c (0x6105) x 2 0x00000021
core   0: 0x8000804e (0x00000001) c.nop
core   0: 3 0x8000804e (0x0001)
core   0: 0x80008050 (0x01f60ab3) add     s5, a2, t6
core   0: 3 0x80008050 (0x01f60ab3) x21 0x97ad4b6d
core   0: 0x80008054 (0x00008d75) c.and   a0, a3
core   0: 3 0x80008054 (0x8d75) x10 0x00000000
core   0: 0x80008056 (0x006661b3) or      gp, a2, t1
core   0: 3 0x80008056 (0x006661b3) x 3 0xfffffbef
core   0: 0x8000805a (0x026ff133) remu    sp, t6, t1
core   0: 3 0x8000805a (0x026ff133) x 2 0x97ad5000
core   0: 0x8000805e (0x02d24e63) blt     tp, a3, pc + 60
core   0: 3 0x8000805e (0x02d24e63)
core   0: 0x8000809a (0x40537293) andi    t0, t1, 1029
core   0: 3 0x8000809a (0x40537293) x 5 0x00000001
core   0: 0x8000809e (0xde7d2d37) lui     s10, 0xde7d2
core   0: 3 0x8000809e (0xde7d2d37) x26 0xde7d2000
core   0: 0x800080a2 (0x0ff0000f) fence   iorw,iorw
core   0: 3 0x800080a2 (0x0ff0000f)
core   0: 0x800080a6 (0x017e5913) srli    s2, t3, 23
core   0: 3 0x800080a6 (0x017e5913) x18 0x00000000
core   0: 0x800080aa (0x0000809d) c.srli  s1, 7
core   0: 3 0x800080aa (0x809d) x 9 0x00000000
core   0: 0x800080ac (0x00008531) c.srai  a0, 12
core   0: 3 0x800080ac (0x8531) x10 0x00000000
core   0: 0x800080ae (0x0000717d) c.addi16sp sp, -16
core   0: 3 0x800080ae (0x717d) x 2 0x97ad4ff0
core   0: 0x800080b0 (0x000086b6) c.mv    a3, a3
core   0: 3 0x800080b0 (0x86b6) x13 0x00000281
core   0: 0x800080b2 (0x013c8db3) add     s11, s9, s3
core   0: 3 0x800080b2 (0x013c8db3) x27 0x80000000
core   0: 0x800080b6 (0x0000807d) c.srli  s0, 31
core   0: 3 0x800080b6 (0x807d) x 8 0x00000001
core   0: 0x800080b8 (0xf942f393) andi    t2, t0, -108
core   0: 3 0x800080b8 (0xf942f393) x 7 0x00000000
core   0: 0x800080bc (0x6c8bd597) auipc   a1, 0x6c8bd
core   0: 3 0x800080bc (0x6c8bd597) x11 0xec8c50bc
core   0: 0x800080c0 (0x0118c2b3) xor     t0, a7, a7
core   0: 3 0x800080c0 (0x0118c2b3) x 5 0x00000000
core   0: 0x800080c4 (0x00008f85) c.sub   a5, s1
core   0: 3 0x800080c4 (0x8f85) x15 0x00000000
core   0: 0x800080c6 (0x03a1d9b3) divu    s3, gp, s10
core   0: 3 0x800080c6 (0x03a1d9b3) x19 0x00000001
core   0: 0x800080ca (0x00000b6d) c.addi  s6, 27
core   0: 3 0x800080ca (0x0b6d) x22 0x000000f2
core   0: 0x800080cc (0x000095fe) c.add   a1, t6
core   0: 3 0x800080cc (0x95fe) x11 0x8439a0bc
core   0: 0x800080ce (0x013e5fb3) srl     t6, t3, s3
core   0: 3 0x800080ce (0x013e5fb3) x31 0x000003c5
core   0: 0x800080d2 (0x6550ad93) slti    s11, ra, 1621
core   0: 3 0x800080d2 (0x6550ad93) x27 0x00000001
core   0: 0x800080d6 (0x00009dce) c.add   s11, s3
core   0: 3 0x800080d6 (0x9dce) x27 0x00000002
core   0: 0x800080d8 (0x0000100f) fence.i
core   0: 3 0x800080d8 (0x0000100f)
core   0: 0x800080dc (0x0247c463) blt     a5, tp, pc + 40
core   0: 3 0x800080dc (0x0247c463)
core   0: 0x80008104 (0x03d67263) bgeu    a2, t4, pc + 36
core   0: 3 0x80008104 (0x03d67263)
core   0: 0x80008128 (0x00c483b3) add     t2, s1, a2
core   0: 3 0x80008128 (0x00c483b3) x 7 0xfffffb6d
core   0: 0x8000812c (0x0000517d) c.li    sp, -1
core   0: 3 0x8000812c (0x517d) x 2 0xffffffff
core   0: 0x8000812e (0x0310ba33) mulhu   s4, ra, a7
core   0: 3 0x8000812e (0x0310ba33) x20 0x80025e0b
core   0: 0x80008132 (0x01efe963) bltu    t6, t5, pc + 18
core   0: 3 0x80008132 (0x01efe963)
core   0: 0x80008136 (0x0000982e) c.add   a6, a1
core   0: 3 0x80008136 (0x982e) x16 0x8439a0bd
core   0: 0x80008138 (0x000094ae) c.add   s1, a1
core   0: 3 0x80008138 (0x94ae) x 9 0x8439a0bc
core   0: 0x8000813a (0x02d7e963) bltu    a5, a3, pc + 50
core   0: 3 0x8000813a (0x02d7e963)
core   0: 0x8000816c (0x01749eb3) sll     t4, s1, s7
core   0: 3 0x8000816c (0x01749eb3) x29 0x17800000
core   0: 0x80008170 (0x03faa4b3) mulhsu  s1, s5, t6
core   0: 3 0x80008170 (0x03faa4b3) x 9 0xfffffe76
core   0: 0x80008174 (0x00008c65) c.and   s0, s1
core   0: 3 0x80008174 (0x8c65) x 8 0x00000000
core   0: 0x80008176 (0x07fbe7b7) lui     a5, 0x7fbe
core   0: 3 0x80008176 (0x07fbe7b7) x15 0x07fbe000
core   0: 0x8000817a (0x00008e55) c.or    a2, a3
core   0: 3 0x8000817a (0x8e55) x12 0xfffffbed
core   0: 0x8000817c (0x0000e395) c.bnez  a5, pc + 36
core   0: 3 0x8000817c (0xe395)
core   0: 0x800081a0 (0x04526263) bltu    tp, t0, pc + 68
core   0: 3 0x800081a0 (0x04526263)
core   0: 0x800081a4 (0x0000100f) fence.i
core   0: 3 0x800081a4 (0x0000100f)
core   0: 0x800081a8 (0x017e9433) sll     s0, t4, s7
core   0: 3 0x800081a8 (0x017e9433) x 8 0x00000000
core   0: 0x800081ac (0x00000001) c.nop
core   0: 3 0x800081ac (0x0001)
core   0: 0x800081ae (0x03391933) mulh    s2, s2, s3
core   0: 3 0x800081ae (0x03391933) x18 0x00000000
core   0: 0x800081b2 (0x01f305b3) add     a1, t1, t6
core   0: 3 0x800081b2 (0x01f305b3) x11 0xffffffb0
core   0: 0x800081b6 (0x0000835e) c.mv    t1, s7
core   0: 3 0x800081b6 (0x835e) x 6 0x00000415
core   0: 0x800081b8 (0x00904133) xor     sp, zero, s1
core   0: 3 0x800081b8 (0x00904133) x 2 0xfffffe76
core   0: 0x800081bc (0x40a409b3) sub     s3, s0, a0
core   0: 3 0x800081bc (0x40a409b3) x19 0x00000000
core   0: 0x800081c0 (0x4134d833) sra     a6, s1, s3
core   0: 3 0x800081c0 (0x4134d833) x16 0xfffffe76
core   0: 0x800081c4 (0x0029c833) xor     a6, s3, sp
core   0: 3 0x800081c4 (0x0029c833) x16 0xfffffe76
core   0: 0x800081c8 (0x0000100f) fence.i
core   0: 3 0x800081c8 (0x0000100f)
core   0: 0x800081cc (0x0000865d) c.srai  a2, 23
core   0: 3 0x800081cc (0x865d) x12 0xffffffff
core   0: 0x800081ce (0x90f16613) ori     a2, sp, -1777
core   0: 3 0x800081ce (0x90f16613) x12 0xffffff7f
core   0: 0x800081d2 (0xb91eee13) ori     t3, t4, -1135
core   0: 3 0x800081d2 (0xb91eee13) x28 0xfffffb91
core   0: 0x800081d6 (0x0000eb89) c.bnez  a5, pc + 18
core   0: 3 0x800081d6 (0xeb89)
core   0: 0x800081e8 (0xb86423b7) lui     t2, 0xb8642
core   0: 3 0x800081e8 (0xb86423b7) x 7 0xb8642000
core   0: 0x800081ec (0x4184dab3) sra     s5, s1, s8
core   0: 3 0x800081ec (0x4184dab3) x21 0xffffffff
core   0: 0x800081f0 (0x00008aa9) c.andi  a3, 10
core   0: 3 0x800081f0 (0x8aa9) x13 0x00000000
core   0: 0x800081f2 (0x00000001) c.nop
core   0: 3 0x800081f2 (0x0001)
core   0: 0x800081f4 (0x4132d413) srai    s0, t0, 19
core   0: 3 0x800081f4 (0x4132d413) x 8 0x00000000
core   0: 0x800081f8 (0x1e9e4093) xori    ra, t3, 489
core   0: 3 0x800081f8 (0x1e9e4093) x 1 0xfffffa78
core   0: 0x800081fc (0x03ea9f33) mulh    t5, s5, t5
core   0: 3 0x800081fc (0x03ea9f33) x30 0x00000000
core   0: 0x80008200 (0x00008aaa) c.mv    s5, a0
core   0: 3 0x80008200 (0x8aaa) x21 0x00000000
core   0: 0x80008202 (0x01ab7b63) bgeu    s6, s10, pc + 22
core   0: 3 0x80008202 (0x01ab7b63)
core   0: 0x80008206 (0x00008ded) c.and   a1, a1
core   0: 3 0x80008206 (0x8ded) x11 0xffffffb0
core   0: 0x80008208 (0x000082f6) c.mv    t0, t4
core   0: 3 0x80008208 (0x82f6) x 5 0x17800000
core   0: 0x8000820a (0xa1080513) addi    a0, a6, -1520
core   0: 3 0x8000820a (0xa1080513) x10 0xfffff886
core   0: 0x8000820e (0x0000966a) c.add   a2, s10
core   0: 3 0x8000820e (0x966a) x12 0xde7d1f7f
core   0: 0x80008210 (0x03d90f33) mul     t5, s2, t4
core   0: 3 0x80008210 (0x03d90f33) x30 0x00000000
core   0: 0x80008214 (0x027115b3) mulh    a1, sp, t2
core   0: 3 0x80008214 (0x027115b3) x11 0x0000006e
core   0: 0x80008218 (0x02b12a33) mulhsu  s4, sp, a1
core   0: 3 0x80008218 (0x02b12a33) x20 0xffffffff
core   0: 0x8000821c (0x01ef9863) bne     t6, t5, pc + 16
core   0: 3 0x8000821c (0x01ef9863)
core   0: 0x8000822c (0x00000001) c.nop
core   0: 3 0x8000822c (0x0001)
core   0: 0x8000822e (0x0000827d) c.srli  a2, 31
core   0: 3 0x8000822e (0x827d) x12 0x00000001
core   0: 0x80008230 (0x00771513) slli    a0, a4, 7
core   0: 3 0x80008230 (0x00771513) x10 0x014e7200
core   0: 0x80008234 (0x00000001) c.nop
core   0: 3 0x80008234 (0x0001)
core   0: 0x80008236 (0x405fd433) sra     s0, t6, t0
core   0: 3 0x80008236 (0x405fd433) x 8 0x000003c5
core   0: 0x8000823a (0x000087bd) c.srai  a5, 15
core   0: 3 0x8000823a (0x87bd) x15 0x00000ff7
core   0: 0x8000823c (0x0025bfb3) sltu    t6, a1, sp
core   0: 3 0x8000823c (0x0025bfb3) x31 0x00000001
core   0: 0x80008240 (0x00006999) c.lui   s3, 0x6
core   0: 3 0x80008240 (0x6999) x19 0x00006000
core   0: 0x80008242 (0x00c870b3) and     ra, a6, a2
core   0: 3 0x80008242 (0x00c870b3) x 1 0x00000000
core   0: 0x80008246 (0x0000717d) c.addi16sp sp, -16
core   0: 3 0x80008246 (0x717d) x 2 0xfffffe66
core   0: 0x80008248 (0x0000069a) c.slli  a3, 6
core   0: 3 0x80008248 (0x069a) x13 0x00000000
core   0: 0x8000824a (0x0ff0000f) fence   iorw,iorw
core   0: 3 0x8000824a (0x0ff0000f)
core   0: 0x8000824e (0x00c3e133) or      sp, t2, a2
core   0: 3 0x8000824e (0x00c3e133) x 2 0xb8642001
core   0: 0x80008252 (0x0169f1b3) and     gp, s3, s6
core   0: 3 0x80008252 (0x0169f1b3) x 3 0x00000000
core   0: 0x80008256 (0x03167763) bgeu    a2, a7, pc + 46
core   0: 3 0x80008256 (0x03167763)
core   0: 0x8000825a (0x00008386) c.mv    t2, ra
core   0: 3 0x8000825a (0x8386) x 7 0x00000000
core   0: 0x8000825c (0x01adf2b3) and     t0, s11, s10
core   0: 3 0x8000825c (0x01adf2b3) x 5 0x00000000
core   0: 0x80008260 (0x0ff0000f) fence   iorw,iorw
core   0: 3 0x80008260 (0x0ff0000f)
core   0: 0x80008264 (0x036d4f63) blt     s10, s6, pc + 62
core   0: 3 0x80008264 (0x036d4f63)
core   0: 0x800082a2 (0x00e55f93) srli    t6, a0, 14
core   0: 3 0x800082a2 (0x00e55f93) x31 0x00000539
core   0: 0x800082a6 (0x00006115) c.addi16sp sp, 288
core   0: 3 0x800082a6 (0x6115) x 2 0xb8642121
core   0: 0x800082a8 (0x03ecea33) rem     s4, s9, t5
core   0: 3 0x800082a8 (0x03ecea33) x20 0x80000000
core   0: 0x800082ac (0x00000f3a) c.slli  t5, 14
core   0: 3 0x800082ac (0x0f3a) x30 0x00000000
core   0: 0x800082ae (0x00008e7d) c.and   a2, a5
core   0: 3 0x800082ae (0x8e7d) x12 0x00000001
core   0: 0x800082b0 (0x00006145) c.addi16sp sp, 48
core   0: 3 0x800082b0 (0x6145) x 2 0xb8642151
core   0: 0x800082b2 (0x000015fd) c.addi  a1, -1
core   0: 3 0x800082b2 (0x15fd) x11 0x0000006d
core   0: 0x800082b4 (0x00346db3) or      s11, s0, gp
core   0: 3 0x800082b4 (0x00346db3) x27 0x000003c5
core   0: 0x800082b8 (0x000007dd) c.addi  a5, 23
core   0: 3 0x800082b8 (0x07dd) x15 0x0000100e
core   0: 0x800082ba (0x01b5ca33) xor     s4, a1, s11
core   0: 3 0x800082ba (0x01b5ca33) x20 0x000003a8
core   0: 0x800082be (0x00008205) c.srli  a2, 1
core   0: 3 0x800082be (0x8205) x12 0x00000000
core   0: 0x800082c0 (0x01b7d393) srli    t2, a5, 27
core   0: 3 0x800082c0 (0x01b7d393) x 7 0x00000000
core   0: 0x800082c4 (0x03672a33) mulhsu  s4, a4, s6
core   0: 3 0x800082c4 (0x03672a33) x20 0xffffff87
core   0: 0x800082c8 (0x02e740b3) div     ra, a4, a4
core   0: 3 0x800082c8 (0x02e740b3) x 1 0x00000001
core   0: 0x800082cc (0x404d0eb3) sub     t4, s10, tp
core   0: 3 0x800082cc (0x404d0eb3) x29 0xde7d1fff
core   0: 0x800082d0 (0x0047a833) slt     a6, a5, tp
core   0: 3 0x800082d0 (0x0047a833) x16 0x00000000
core   0: 0x800082d4 (0x00008c7d) c.and   s0, a5
core   0: 3 0x800082d4 (0x8c7d) x 8 0x00000004
core   0: 0x800082d6 (0x5d870193) addi    gp, a4, 1496
core   0: 3 0x800082d6 (0x5d870193) x 3 0x8002a2bc
core   0: 0x800082da (0xda252813) slti    a6, a0, -606
core   0: 3 0x800082da (0xda252813) x16 0x00000000
core   0: 0x800082de (0x03256933) rem     s2, a0, s2
core   0: 3 0x800082de (0x03256933) x18 0x014e7200
core   0: 0x800082e2 (0x13058413) addi    s0, a1, 304
core   0: 3 0x800082e2 (0x13058413) x 8 0x0000019d
core   0: 0x800082e6 (0x00957b33) and     s6, a0, s1
core   0: 3 0x800082e6 (0x00957b33) x22 0x014e7200
core   0: 0x800082ea (0x40de5913) srai    s2, t3, 13
core   0: 3 0x800082ea (0x40de5913) x18 0xffffffff
core   0: 0x800082ee (0x00000456) c.slli  s0, 21
core   0: 3 0x800082ee (0x0456) x 8 0x33a00000
core   0: 0x800082f0 (0x1b0aa993) slti    s3, s5, 432
core   0: 3 0x800082f0 (0x1b0aa993) x19 0x00000001
core   0: 0x800082f4 (0xc2d1cf13) xori    t5, gp, -979
core   0: 3 0x800082f4 (0xc2d1cf13) x30 0x7ffd5e91
core   0: 0x800082f8 (0x00008c3d) c.xor   s0, a5
core   0: 3 0x800082f8 (0x8c3d) x 8 0x33a0100e
core   0: 0x800082fa (0x00c1a333) slt     t1, gp, a2
core   0: 3 0x800082fa (0x00c1a333) x 6 0x00000001
core   0: 0x800082fe (0x0000c51d) c.beqz  a0, pc + 46
core   0: 3 0x800082fe (0xc51d)
core   0: 0x80008300 (0x2a45bb93) sltiu   s7, a1, 676
core   0: 3 0x80008300 (0x2a45bb93) x23 0x00000001
core   0: 0x80008304 (0x040e7363) bgeu    t3, zero, pc + 70
core   0: 3 0x80008304 (0x040e7363)
core   0: 0x8000834a (0x000087d9) c.srai  a5, 22
core   0: 3 0x8000834a (0x87d9) x15 0x00000000
core   0: 0x8000834c (0x0082b3b3) sltu    t2, t0, s0
core   0: 3 0x8000834c (0x0082b3b3) x 7 0x00000001
core   0: 0x80008350 (0x0000020e) c.slli  tp, 3
core   0: 3 0x80008350 (0x020e) x 4 0x00000008
core   0: 0x80008352 (0x00008117) auipc   sp, 0x8
core   0: 3 0x80008352 (0x00008117) x 2 0x80010352
core   0: 0x80008356 (0x1ac10113) addi    sp, sp, 428
core   0: 3 0x80008356 (0x1ac10113) x 2 0x800104fe
core   0: 0x8000835a (0x00110983) lb      s3, 1(sp)
core   0: 3 0x8000835a (0x00110983) x19 0x00000076 mem 0x800104ff
core   0: 0x8000835e (0xff311e23) sh      s3, -4(sp)
core   0: 3 0x8000835e (0xff311e23) mem 0x800104fa 0x0076
core   0: 0x80008362 (0x00411e83) lh      t4, 4(sp)
core   0: 3 0x80008362 (0x00411e83) x29 0xffff9926 mem 0x80010502
core   0: 0x80008366 (0x00c11223) sh      a2, 4(sp)
core   0: 3 0x80008366 (0x00c11223) mem 0x80010502 0x0000
core   0: 0x8000836a (0x00467533) and     a0, a2, tp
core   0: 3 0x8000836a (0x00467533) x10 0x00000000
core   0: 0x8000836e (0x00610223) sb      t1, 4(sp)
core   0: 3 0x8000836e (0x00610223) mem 0x80010502 0x1
core   0: 0x80008372 (0x00c101a3) sb      a2, 3(sp)
core   0: 3 0x80008372 (0x00c101a3) mem 0x80010501 0x0
core   0: 0x80008376 (0xff815e83) lhu     t4, -8(sp)
core   0: 3 0x80008376 (0xff815e83) x29 0x00009a46 mem 0x800104f6
core   0: 0x8000837a (0xff615303) lhu     t1, -10(sp)
core   0: 3 0x8000837a (0xff615303) x 6 0x0000f33f mem 0x800104f4
core   0: 0x8000837e (0xffe12e83) lw      t4, -2(sp)
core   0: 3 0x8000837e (0xffe12e83) x29 0x76a61b61 mem 0x800104fc
core   0: 0x80008382 (0x01d9e9b3) or      s3, s3, t4
core   0: 3 0x80008382 (0x01d9e9b3) x19 0x76a61b77
core   0: 0x80008386 (0x00510983) lb      s3, 5(sp)
core   0: 3 0x80008386 (0x00510983) x19 0x00000000 mem 0x80010503
core   0: 0x8000838a (0xff310a23) sb      s3, -12(sp)
core   0: 3 0x8000838a (0xff310a23) mem 0x800104f2 0x0
core   0: 0x8000838e (0x00426eb3) or      t4, tp, tp
core   0: 3 0x8000838e (0x00426eb3) x29 0x00000008
core   0: 0x80008392 (0x0ff0000f) fence   iorw,iorw
core   0: 3 0x80008392 (0x0ff0000f)
core   0: 0x80008396 (0x00008d71) c.and   a0, a2
core   0: 3 0x80008396 (0x8d71) x10 0x00000000
core   0: 0x80008398 (0x00f14e83) lbu     t4, 15(sp)
core   0: 3 0x80008398 (0x00f14e83) x29 0x00000022 mem 0x8001050d
core   0: 0x8000839c (0x11e24997) auipc   s3, 0x11e24
core   0: 3 0x8000839c (0x11e24997) x19 0x91e2c39c
core   0: 0x800083a0 (0x006102a3) sb      t1, 5(sp)
core   0: 3 0x800083a0 (0x006102a3) mem 0x80010503 0x3f
core   0: 0x800083a4 (0xffa12503) lw      a0, -6(sp)
core   0: 3 0x800083a4 (0xffa12503) x10 0x00769ce4 mem 0x800104f8
core   0: 0x800083a8 (0x00c11e83) lh      t4, 12(sp)
core   0: 3 0x800083a8 (0x00c11e83) x29 0xffff9b74 mem 0x8001050a
core   0: 0x800083ac (0x00a101a3) sb      a0, 3(sp)
core   0: 3 0x800083ac (0x00a101a3) mem 0x80010501 0xe4
core   0: 0x800083b0 (0x00651eb3) sll     t4, a0, t1
core   0: 3 0x800083b0 (0x00651eb3) x29 0x00000000
core   0: 0x800083b4 (0x02a9beb3) mulhu   t4, s3, a0
core   0: 3 0x800083b4 (0x02a9beb3) x29 0x004397ee
core   0: 0x800083b8 (0xff310603) lb      a2, -13(sp)
core   0: 3 0x800083b8 (0xff310603) x12 0xfffffff3 mem 0x800104f1
core   0: 0x800083bc (0x0000065a) c.slli  a2, 22
core   0: 3 0x800083bc (0x065a) x12 0xfcc00000
core   0: 0x800083be (0xff114e83) lbu     t4, -15(sp)
core   0: 3 0x800083be (0xff114e83) x29 0x00000012 mem 0x800104ef
core   0: 0x800083c2 (0xffd10c23) sb      t4, -8(sp)
core   0: 3 0x800083c2 (0xffd10c23) mem 0x800104f6 0x12
core   0: 0x800083c6 (0x00a31533) sll     a0, t1, a0
core   0: 3 0x800083c6 (0x00a31533) x10 0x000f33f0
core   0: 0x800083ca (0x00008d11) c.sub   a0, a2
core   0: 3 0x800083ca (0x8d11) x10 0x034f33f0
core   0: 0x800083cc (0x01311623) sh      s3, 12(sp)
core   0: 3 0x800083cc (0x01311623) mem 0x8001050a 0xc39c
core   0: 0x800083d0 (0x013103a3) sb      s3, 7(sp)
core   0: 3 0x800083d0 (0x013103a3) mem 0x80010505 0x9c
core   0: 0x800083d4 (0x00510983) lb      s3, 5(sp)
core   0: 3 0x800083d4 (0x00510983) x19 0x0000003f mem 0x80010503
core   0: 0x800083d8 (0x0ff0000f) fence   iorw,iorw
core   0: 3 0x800083d8 (0x0ff0000f)
core   0: 0x800083dc (0x00814e83) lbu     t4, 8(sp)
core   0: 3 0x800083dc (0x00814e83) x29 0x00000082 mem 0x80010506
core   0: 0x800083e0 (0x01010603) lb      a2, 16(sp)
core   0: 3 0x800083e0 (0x01010603) x12 0x00000071 mem 0x8001050e
core   0: 0x800083e4 (0x012b9d33) sll     s10, s7, s2
core   0: 3 0x800083e4 (0x012b9d33) x26 0x80000000
core   0: 0x800083e8 (0x03764e33) div     t3, a2, s7
core   0: 3 0x800083e8 (0x03764e33) x28 0x00000071
core   0: 0x800083ec (0x00000110) c.addi4spn a2, sp, 128
core   0: 3 0x800083ec (0x0110) x12 0x8001057e
core   0: 0x800083ee (0x00000001) c.nop
core   0: 3 0x800083ee (0x0001)
core   0: 0x800083f0 (0x037a34b3) mulhu   s1, s4, s7
core   0: 3 0x800083f0 (0x037a34b3) x 9 0x00000000
core   0: 0x800083f4 (0x02501a33) mulh    s4, zero, t0
core   0: 3 0x800083f4 (0x02501a33) x20 0x00000000
core   0: 0x800083f8 (0x77c14193) xori    gp, sp, 1916
core   0: 3 0x800083f8 (0x77c14193) x 3 0x80010382
core   0: 0x800083fc (0x00006955) c.lui   s2, 0x15
core   0: 3 0x800083fc (0x6955) x18 0x00015000
core   0: 0x800083fe (0x00000262) c.slli  tp, 24
core   0: 3 0x800083fe (0x0262) x 4 0x08000000
core   0: 0x80008400 (0x024fa433) mulhsu  s0, t6, tp
core   0: 3 0x80008400 (0x024fa433) x 8 0x00000029
core   0: 0x80008404 (0x01021693) slli    a3, tp, 16
core   0: 3 0x80008404 (0x01021693) x13 0x00000000
core   0: 0x80008408 (0x0000100f) fence.i
core   0: 3 0x80008408 (0x0000100f)
core   0: 0x8000840c (0x8d957993) andi    s3, a0, -1831
core   0: 3 0x8000840c (0x8d957993) x19 0x034f30d0
core   0: 0x80008410 (0xd85b1b97) auipc   s7, 0xd85b1
core   0: 3 0x80008410 (0xd85b1b97) x23 0x585b9410
core   0: 0x80008414 (0x7457b493) sltiu   s1, a5, 1861
core   0: 3 0x80008414 (0x7457b493) x 9 0x00000001
core   0: 0x80008418 (0x032cad33) mulhsu  s10, s9, s2
core   0: 3 0x80008418 (0x032cad33) x26 0xffff5800
core   0: 0x8000841c (0x017a7bb3) and     s7, s4, s7
core   0: 3 0x8000841c (0x017a7bb3) x23 0x00000000
core   0: 0x80008420 (0x41845133) sra     sp, s0, s8
core   0: 3 0x80008420 (0x41845133) x 2 0x00000000
core   0: 0x80008424 (0xe116fc13) andi    s8, a3, -495
core   0: 3 0x80008424 (0xe116fc13) x24 0x00000000
core   0: 0x80008428 (0x00efe5b3) or      a1, t6, a4
core   0: 3 0x80008428 (0x00efe5b3) x11 0x80029dfd
core   0: 0x8000842c (0x03014863) blt     sp, a6, pc + 48
core   0: 3 0x8000842c (0x03014863)
core   0: 0x80008430 (0x3c5c6637) lui     a2, 0x3c5c6
core   0: 3 0x80008430 (0x3c5c6637) x12 0x3c5c6000
core   0: 0x80008434 (0x40ffd633) sra     a2, t6, a5
core   0: 3 0x80008434 (0x40ffd633) x12 0x00000539
core   0: 0x80008438 (0x01e9c9b3) xor     s3, s3, t5
core   0: 3 0x80008438 (0x01e9c9b3) x19 0x7cb26e41
core   0: 0x8000843c (0x01d95e13) srli    t3, s2, 29
core   0: 3 0x8000843c (0x01d95e13) x28 0x00000000
core   0: 0x80008440 (0x02a65333) divu    t1, a2, a0
core   0: 3 0x80008440 (0x02a65333) x 6 0x00000000
core   0: 0x80008444 (0x0000717d) c.addi16sp sp, -16
core   0: 3 0x80008444 (0x717d) x 2 0xfffffff0
core   0: 0x80008446 (0x000089b2) c.mv    s3, a2
core   0: 3 0x80008446 (0x89b2) x19 0x00000539
core   0: 0x80008448 (0xa304c993) xori    s3, s1, -1488
core   0: 3 0x80008448 (0xa304c993) x19 0xfffffa31
core   0: 0x8000844c (0x023f85b3) mul     a1, t6, gp
core   0: 3 0x8000844c (0x023f85b3) x11 0x854b51f2
core   0: 0x80008450 (0x000095f2) c.add   a1, t3
core   0: 3 0x80008450 (0x95f2) x11 0x854b51f2
core   0: 0x80008452 (0x013d6533) or      a0, s10, s3
core   0: 3 0x80008452 (0x013d6533) x10 0xfffffa31
core   0: 0x80008456 (0x01318333) add     t1, gp, s3
core   0: 3 0x80008456 (0x01318333) x 6 0x8000fdb3
core   0: 0x8000845a (0x00008ebd) c.xor   a3, a5
core   0: 3 0x8000845a (0x8ebd) x13 0x00000000
core   0: 0x8000845c (0x04cf6263) bltu    t5, a2, pc + 68
core   0: 3 0x8000845c (0x04cf6263)
core   0: 0x80008460 (0x017c1b63) bne     s8, s7, pc + 22
core   0: 3 0x80008460 (0x017c1b63)
core   0: 0x80008464 (0x035d7b63) bgeu    s10, s5, pc + 54
core   0: 3 0x80008464 (0x035d7b63)
core   0: 0x8000849a (0x01ff9393) slli    t2, t6, 31
core   0: 3 0x8000849a (0x01ff9393) x 7 0x80000000
core   0: 0x8000849e (0x00008bb1) c.andi  a5, 12
core   0: 3 0x8000849e (0x8bb1) x15 0x00000000
core   0: 0x800084a0 (0x00006e09) c.lui   t3, 0x2
core   0: 3 0x800084a0 (0x6e09) x28 0x00002000
core   0: 0x800084a2 (0x023f6033) rem     zero, t5, gp
core   0: 3 0x800084a2 (0x023f6033)
core   0: 0x800084a6 (0x039107b3) mul     a5, sp, s9
core   0: 3 0x800084a6 (0x039107b3) x15 0x00000000
core   0: 0x800084aa (0x81ab8097) auipc   ra, 0x81ab8
core   0: 3 0x800084aa (0x81ab8097) x 1 0x01ac04aa
core   0: 0x800084ae (0x000eda93) srli    s5, t4, 0
core   0: 3 0x800084ae (0x000eda93) x21 0x00000082
core   0: 0x800084b2 (0x0000100f) fence.i
core   0: 3 0x800084b2 (0x0000100f)
core   0: 0x800084b6 (0x016ac933) xor     s2, s5, s6
core   0: 3 0x800084b6 (0x016ac933) x18 0x014e7282
core   0: 0x800084ba (0x0000925a) c.add   tp, s6
core   0: 3 0x800084ba (0x925a) x 4 0x094e7200
core   0: 0x800084bc (0x01c72d33) slt     s10, a4, t3
core   0: 3 0x800084bc (0x01c72d33) x26 0x00000001
core   0: 0x800084c0 (0xc0e2e413) ori     s0, t0, -1010
core   0: 3 0x800084c0 (0xc0e2e413) x 8 0xfffffc0e
core   0: 0x800084c4 (0x4888a493) slti    s1, a7, 1160
core   0: 3 0x800084c4 (0x4888a493) x 9 0x00000001
core   0: 0x800084c8 (0x1ccdc213) xori    tp, s11, 460
core   0: 3 0x800084c8 (0x1ccdc213) x 4 0x00000209
core   0: 0x800084cc (0x00a67a63) bgeu    a2, a0, pc + 20
core   0: 3 0x800084cc (0x00a67a63)
core   0: 0x800084d0 (0x02e3f463) bgeu    t2, a4, pc + 40
core   0: 3 0x800084d0 (0x02e3f463)
core   0: 0x800084d4 (0x010fcab3) xor     s5, t6, a6
core   0: 3 0x800084d4 (0x010fcab3) x21 0x00000539
core   0: 0x800084d8 (0x0000e405) c.bnez  s0, pc + 40
core   0: 3 0x800084d8 (0xe405)
core   0: 0x80008500 (0x02d311b3) mulh    gp, t1, a3
core   0: 3 0x80008500 (0x02d311b3) x 3 0x00000000
core   0: 0x80008504 (0x0004e563) bltu    s1, zero, pc + 10
core   0: 3 0x80008504 (0x0004e563)
core   0: 0x80008508 (0x00029533) sll     a0, t0, zero
core   0: 3 0x80008508 (0x00029533) x10 0x00000000
core   0: 0x8000850c (0x00000001) c.nop
core   0: 3 0x8000850c (0x0001)
core   0: 0x8000850e (0x7be23213) sltiu   tp, tp, 1982
core   0: 3 0x8000850e (0x7be23213) x 4 0x00000001
core   0: 0x80008512 (0x00008fd5) c.or    a5, a3
core   0: 3 0x80008512 (0x8fd5) x15 0x00000000
core   0: 0x80008514 (0x024c67b3) rem     a5, s8, tp
core   0: 3 0x80008514 (0x024c67b3) x15 0x00000000
core   0: 0x80008518 (0x03338533) mul     a0, t2, s3
core   0: 3 0x80008518 (0x03338533) x10 0x80000000
core   0: 0x8000851c (0xe149fe93) andi    t4, s3, -492
core   0: 3 0x8000851c (0xe149fe93) x29 0xfffffa10
core   0: 0x80008520 (0x00008a71) c.andi  a2, 28
core   0: 3 0x80008520 (0x8a71) x12 0x00000018
core   0: 0x80008522 (0x00006c31) c.lui   s8, 0xc
core   0: 3 0x80008522 (0x6c31) x24 0x0000c000
core   0: 0x80008524 (0x00eeb1b3) sltu    gp, t4, a4
core   0: 3 0x80008524 (0x00eeb1b3) x 3 0x00000000
core   0: 0x80008528 (0x0390e363) bltu    ra, s9, pc + 38
core   0: 3 0x80008528 (0x0390e363)
core   0: 0x8000854e (0x0000ca01) c.beqz  a2, pc + 16
core   0: 3 0x8000854e (0xca01)
core   0: 0x80008550 (0x002e1f63) bne     t3, sp, pc + 30
core   0: 3 0x80008550 (0x002e1f63)
core   0: 0x8000856e (0x0000100f) fence.i
core   0: 3 0x8000856e (0x0000100f)
core   0: 0x80008572 (0xc3a57e13) andi    t3, a0, -966
core   0: 3 0x80008572 (0xc3a57e13) x28 0x80000000
core   0: 0x80008576 (0x000049ed) c.li    s3, 27
core   0: 3 0x80008576 (0x49ed) x19 0x0000001b
core   0: 0x80008578 (0x0048a283) lw      t0, 4(a7)
core   0: 3 0x80008578 (0x0048a283) x 5 0x8000bb9e mem 0x80025e2c
core   0: 0x8000857c (0x00008a45) c.andi  a2, 17
core   0: 3 0x8000857c (0x8a45) x12 0x00000010
core   0: 0x8000857e (0x0ff0000f) fence   iorw,iorw
core   0: 3 0x8000857e (0x0ff0000f)
core   0: 0x80008582 (0x47343693) sltiu   a3, s0, 1139
core   0: 3 0x80008582 (0x47343693) x13 0x00000000
core   0: 0x80008586 (0x02488893) addi    a7, a7, 36
core   0: 3 0x80008586 (0x02488893) x17 0x80025e4c
core   0: 0x8000858a (0x01c3e933) or      s2, t2, t3
core   0: 3 0x8000858a (0x01c3e933) x18 0x80000000
core   0: 0x8000858e (0x0000100f) fence.i
core   0: 3 0x8000858e (0x0000100f)
core   0: 0x80008592 (0x00028d93) mv      s11, t0
core   0: 3 0x80008592 (0x00028d93) x27 0x8000bb9e
core   0: 0x80008596 (0x00008d82) c.jr    s11
core   0: 3 0x80008596 (0x8d82)
core   0: 0x8000bb9e (0x00005917) auipc   s2, 0x5
core   0: 3 0x8000bb9e (0x00005917) x18 0x80010b9e
core   0: 0x8000bba2 (0x16f90913) addi    s2, s2, 367
core   0: 3 0x8000bba2 (0x16f90913) x18 0x80010d0d
core   0: 0x8000bba6 (0xfe2d0793) addi    a5, s10, -30
core   0: 3 0x8000bba6 (0xfe2d0793) x15 0xffffffe3
core   0: 0x8000bbaa (0x02c7e633) rem     a2, a5, a2
core   0: 3 0x8000bbaa (0x02c7e633) x12 0xfffffff3
core   0: 0x8000bbae (0x013d6d33) or      s10, s10, s3
core   0: 3 0x8000bbae (0x013d6d33) x26 0x0000001b
core   0: 0x8000bbb2 (0x00008e31) c.xor   a2, a2
core   0: 3 0x8000bbb2 (0x8e31) x12 0x00000000
core   0: 0x8000bbb4 (0x82f90d03) lb      s10, -2001(s2)
core   0: 3 0x8000bbb4 (0x82f90d03) x26 0xffffffe6 mem 0x8001053c
core   0: 0x8000bbb8 (0xb1a94d03) lbu     s10, -1254(s2)
core   0: 3 0x8000bbb8 (0xb1a94d03) x26 0x00000032 mem 0x80010827
core   0: 0x8000bbbc (0x03ad17b3) mulh    a5, s10, s10
core   0: 3 0x8000bbbc (0x03ad17b3) x15 0x00000000
core   0: 0x8000bbc0 (0x00000001) c.nop
core   0: 3 0x8000bbc0 (0x0001)
core   0: 0x8000bbc2 (0xe2490d03) lb      s10, -476(s2)
core   0: 3 0x8000bbc2 (0xe2490d03) x26 0x0000001e mem 0x80010b31
core   0: 0x8000bbc6 (0x03a667b3) rem     a5, a2, s10
core   0: 3 0x8000bbc6 (0x03a667b3) x15 0x00000000
core   0: 0x8000bbca (0x00006291) c.lui   t0, 0x4
core   0: 3 0x8000bbca (0x6291) x 5 0x00004000
core   0: 0x8000bbcc (0xb0491ea3) sh      tp, -1251(s2)
core   0: 3 0x8000bbcc (0xb0491ea3) mem 0x8001082a 0x0001
core   0: 0x8000bbd0 (0x1cc90d03) lb      s10, 460(s2)
core   0: 3 0x8000bbd0 (0x1cc90d03) x26 0x00000076 mem 0x80010ed9
core   0: 0x8000bbd4 (0x00000d1a) c.slli  s10, 6
core   0: 3 0x8000bbd4 (0x0d1a) x26 0x00001d80
core   0: 0x8000bbd6 (0xf8f92fa3) sw      a5, -97(s2)
core   0: 3 0x8000bbd6 (0xf8f92fa3) mem 0x80010cac 0x00000000
core   0: 0x8000bbda (0xaef90623) sb      a5, -1300(s2)
core   0: 3 0x8000bbda (0xaef90623) mem 0x800107f9 0x0
core   0: 0x8000bbde (0x00000001) c.nop
core   0: 3 0x8000bbde (0x0001)
core   0: 0x8000bbe0 (0xf47de217) auipc   tp, 0xf47de
core   0: 3 0x8000bbe0 (0xf47de217) x 4 0x747e9be0
core   0: 0x8000bbe4 (0xc41327b7) lui     a5, 0xc4132
core   0: 3 0x8000bbe4 (0xc41327b7) x15 0xc4132000
core   0: 0x8000bbe8 (0x000083a5) c.srli  a5, 9
core   0: 3 0x8000bbe8 (0x83a5) x15 0x00620990
core   0: 0x8000bbea (0xabb90983) lb      s3, -1349(s2)
core   0: 3 0x8000bbea (0xabb90983) x19 0x0000000f mem 0x800107c8
core   0: 0x8000bbee (0x0000100f) fence.i
core   0: 3 0x8000bbee (0x0000100f)
core   0: 0x8000bbf2 (0x2d590783) lb      a5, 725(s2)
core   0: 3 0x8000bbf2 (0x2d590783) x15 0x00000069 mem 0x80010fe2
core   0: 0x8000bbf6 (0x00ed1793) slli    a5, s10, 14
core   0: 3 0x8000bbf6 (0x00ed1793) x15 0x07600000
core   0: 0x8000bbfa (0x002d5213) srli    tp, s10, 2
core   0: 3 0x8000bbfa (0x002d5213) x 4 0x00000760
core   0: 0x8000bbfe (0xe0490d23) sb      tp, -486(s2)
core   0: 3 0x8000bbfe (0xe0490d23) mem 0x80010b27 0x60
core   0: 0x8000bc02 (0x00521d33) sll     s10, tp, t0
core   0: 3 0x8000bc02 (0x00521d33) x26 0x00000760
core   0: 0x8000bc06 (0xc0b94283) lbu     t0, -1013(s2)
core   0: 3 0x8000bc06 (0xc0b94283) x 5 0x0000003e mem 0x80010918
core   0: 0x8000bc0a (0x27390ba3) sb      s3, 631(s2)
core   0: 3 0x8000bc0a (0x27390ba3) mem 0x80010f84 0xf
core   0: 0x8000bc0e (0x00cd07b3) add     a5, s10, a2
core   0: 3 0x8000bc0e (0x00cd07b3) x15 0x00000760
core   0: 0x8000bc12 (0x00cd69b3) or      s3, s10, a2
core   0: 3 0x8000bc12 (0x00cd69b3) x19 0x00000760
core   0: 0x8000bc16 (0xe7ed2213) slti    tp, s10, -386
core   0: 3 0x8000bc16 (0xe7ed2213) x 4 0x00000000
core   0: 0x8000bc1a (0x00009bfd) c.andi  a5, -1
core   0: 3 0x8000bc1a (0x9bfd) x15 0x00000760
core   0: 0x8000bc1c (0x00009232) c.add   tp, a2
core   0: 3 0x8000bc1c (0x9232) x 4 0x00000000
core   0: 0x8000bc1e (0x0000823e) c.mv    tp, a5
core   0: 3 0x8000bc1e (0x823e) x 4 0x00000760
core   0: 0x8000bc20 (0x11c94283) lbu     t0, 284(s2)
core   0: 3 0x8000bc20 (0x11c94283) x 5 0x000000a9 mem 0x80010e29
core   0: 0x8000bc24 (0xffe00213) li      tp, -2
core   0: 3 0x8000bc24 (0xffe00213) x 4 0xfffffffe
core   0: 0x8000bc28 (0x01400a93) li      s5, 20
core   0: 3 0x8000bc28 (0x01400a93) x21 0x00000014
core   0: 0x8000bc2c (0x000081da) c.mv    gp, s6
core   0: 3 0x8000bc2c (0x81da) x 3 0x014e7200
core   0: 0x8000bc2e (0x00000205) c.addi  tp, 1
core   0: 3 0x8000bc2e (0x0205) x 4 0xffffffff
core   0: 0x8000bc30 (0x00008c7e) c.mv    s8, t6
core   0: 3 0x8000bc30 (0x8c7e) x24 0x00000539
core   0: 0x8000bc32 (0x00a00113) li      sp, 10
core   0: 3 0x8000bc32 (0x00a00113) x 2 0x0000000a
core   0: 0x8000bc36 (0x00a00293) li      t0, 10
core   0: 3 0x8000bc36 (0x00a00293) x 5 0x0000000a
core   0: 0x8000bc3a (0x00008e0d) c.sub   a2, a1
core   0: 3 0x8000bc3a (0x8e0d) x12 0x7ab4ae0e
core   0: 0x8000bc3c (0x0000115d) c.addi  sp, -9
core   0: 3 0x8000bc3c (0x115d) x 2 0x00000001
core   0: 0x8000bc3e (0xfe517ee3) bgeu    sp, t0, pc - 4
core   0: 3 0x8000bc3e (0xfe517ee3)
core   0: 0x8000bc42 (0xff5205e3) beq     tp, s5, pc - 22
core   0: 3 0x8000bc42 (0xff5205e3)
core   0: 0x8000bc46 (0x0000100f) fence.i
core   0: 3 0x8000bc46 (0x0000100f)
core   0: 0x8000bc4a (0x00005a17) auipc   s4, 0x5
core   0: 3 0x8000bc4a (0x00005a17) x20 0x80010c4a
core   0: 0x8000bc4e (0x256a0a13) addi    s4, s4, 598
core   0: 3 0x8000bc4e (0x256a0a13) x20 0x80010ea0
core   0: 0x8000bc52 (0x0e7a06a3) sb      t2, 237(s4)
core   0: 3 0x8000bc52 (0x0e7a06a3) mem 0x80010f8d 0x0
core   0: 0x8000bc56 (0x0e4a06a3) sb      tp, 237(s4)
core   0: 3 0x8000bc56 (0x0e4a06a3) mem 0x80010f8d 0xff
core   0: 0x8000bc5a (0x0eda4283) lbu     t0, 237(s4)
core   0: 3 0x8000bc5a (0x0eda4283) x 5 0x000000ff mem 0x80010f8d
core   0: 0x8000bc5e (0x0eda4603) lbu     a2, 237(s4)
core   0: 3 0x8000bc5e (0x0eda4603) x12 0x000000ff mem 0x80010f8d
core   0: 0x8000bc62 (0xfbfa0283) lb      t0, -65(s4)
core   0: 3 0x8000bc62 (0xfbfa0283) x 5 0x0000000f mem 0x80010e5f
core   0: 0x8000bc66 (0xf69a4f83) lbu     t6, -151(s4)
core   0: 3 0x8000bc66 (0xf69a4f83) x31 0x00000018 mem 0x80010e09
core   0: 0x8000bc6a (0x00006385) c.lui   t2, 0x1
core   0: 3 0x8000bc6a (0x6385) x 7 0x00001000
core   0: 0x8000bc6c (0x0a6a5f03) lhu     t5, 166(s4)
core   0: 3 0x8000bc6c (0x0a6a5f03) x30 0x00003c66 mem 0x80010f46
core   0: 0x8000bc70 (0x037a4583) lbu     a1, 55(s4)
core   0: 3 0x8000bc70 (0x037a4583) x11 0x00000011 mem 0x80010ed7
core   0: 0x8000bc74 (0x037a0303) lb      t1, 55(s4)
core   0: 3 0x8000bc74 (0x037a0303) x 6 0x00000011 mem 0x80010ed7
core   0: 0x8000bc78 (0x037a4b03) lbu     s6, 55(s4)
core   0: 3 0x8000bc78 (0x037a4b03) x22 0x00000011 mem 0x80010ed7
core   0: 0x8000bc7c (0x01da0483) lb      s1, 29(s4)
core   0: 3 0x8000bc7c (0x01da0483) x 9 0xffffffc8 mem 0x80010ebd
core   0: 0x8000bc80 (0xff800513) li      a0, -8
core   0: 3 0x8000bc80 (0xff800513) x10 0xfffffff8
core   0: 0x8000bc84 (0x699c4a93) xori    s5, s8, 1689
core   0: 3 0x8000bc84 (0x699c4a93) x21 0x000003a0
core   0: 0x8000bc88 (0x00008fa1) c.xor   a5, s0
core   0: 3 0x8000bc88 (0x8fa1) x15 0xfffffb6e
core   0: 0x8000bc8a (0xff800413) li      s0, -8
core   0: 3 0x8000bc8a (0xff800413) x 8 0xfffffff8
core   0: 0x8000bc8e (0x02fb7fb3) remu    t6, s6, a5
core   0: 3 0x8000bc8e (0x02fb7fb3) x31 0x00000011
core   0: 0x8000bc92 (0x027d61b3) rem     gp, s10, t2
core   0: 3 0x8000bc92 (0x027d61b3) x 3 0x00000760
core   0: 0x8000bc96 (0xc31e2e93) slti    t4, t3, -975
core   0: 3 0x8000bc96 (0xc31e2e93) x29 0x00000001
core   0: 0x8000bc9a (0x00001575) c.addi  a0, -3
core   0: 3 0x8000bc9a (0x1575) x10 0xfffffff5
core   0: 0x8000bc9c (0x02640133) mul     sp, s0, t1
core   0: 3 0x8000bc9c (0x02640133) x 2 0xffffff78
core   0: 0x8000bca0 (0xfe855be3) bge     a0, s0, pc - 10
core   0: 3 0x8000bca0 (0xfe855be3)
core   0: 0x8000bca4 (0x00355133) srl     sp, a0, gp
core   0: 3 0x8000bca4 (0x00355133) x 2 0xfffffff5
core   0: 0x8000bca8 (0x00014117) auipc   sp, 0x14
core   0: 3 0x8000bca8 (0x00014117) x 2 0x8001fca8
core   0: 0x8000bcac (0xffc10113) addi    sp, sp, -4
core   0: 3 0x8000bcac (0xffc10113) x 2 0x8001fca4
core   0: 0x8000bcb0 (0x00008b2e) c.mv    s6, a1
core   0: 3 0x8000bcb0 (0x8b2e) x22 0x00000011
core   0: 0x8000bcb2 (0x7ef10203) lb      tp, 2031(sp)
core   0: 3 0x8000bcb2 (0x7ef10203) x 4 0xffffffa8 mem 0x80020493
core   0: 0x8000bcb6 (0x7ef10783) lb      a5, 2031(sp)
core   0: 3 0x8000bcb6 (0x7ef10783) x15 0xffffffa8 mem 0x80020493
core   0: 0x8000bcba (0x7f9107a3) sb      s9, 2031(sp)
core   0: 3 0x8000bcba (0x7f9107a3) mem 0x80020493 0x0
core   0: 0x8000bcbe (0x00008ca5) c.xor   s1, s1
core   0: 3 0x8000bcbe (0x8ca5) x 9 0x00000000
core   0: 0x8000bcc0 (0x7ef10f03) lb      t5, 2031(sp)
core   0: 3 0x8000bcc0 (0x7ef10f03) x30 0x00000000 mem 0x80020493
core   0: 0x8000bcc4 (0x00000001) c.nop
core   0: 3 0x8000bcc4 (0x0001)
core   0: 0x8000bcc6 (0x7ef14783) lbu     a5, 2031(sp)
core   0: 3 0x8000bcc6 (0x7ef14783) x15 0x00000000 mem 0x80020493
core   0: 0x8000bcca (0x88610683) lb      a3, -1914(sp)
core   0: 3 0x8000bcca (0x88610683) x13 0x0000005a mem 0x8001f52a
core   0: 0x8000bcce (0x9fe15303) lhu     t1, -1538(sp)
core   0: 3 0x8000bcce (0x9fe15303) x 6 0x00009371 mem 0x8001f6a2
core   0: 0x8000bcd2 (0x9fe10f03) lb      t5, -1538(sp)
core   0: 3 0x8000bcd2 (0x9fe10f03) x30 0x00000071 mem 0x8001f6a2
core   0: 0x8000bcd6 (0xa9f5b213) sltiu   tp, a1, -1377
core   0: 3 0x8000bcd6 (0xa9f5b213) x 4 0x00000001
core   0: 0x8000bcda (0x9fe11f03) lh      t5, -1538(sp)
core   0: 3 0x8000bcda (0x9fe11f03) x30 0xffff9371 mem 0x8001f6a2
core   0: 0x8000bcde (0x9ff10f23) sb      t6, -1538(sp)
core   0: 3 0x8000bcde (0x9ff10f23) mem 0x8001f6a2 0x11
core   0: 0x8000bce2 (0x9fe15303) lhu     t1, -1538(sp)
core   0: 3 0x8000bce2 (0x9fe15303) x 6 0x00009311 mem 0x8001f6a2
core   0: 0x8000bce6 (0x71e11d83) lh      s11, 1822(sp)
core   0: 3 0x8000bce6 (0x71e11d83) x27 0xffffcc5a mem 0x800203c2
core   0: 0x8000bcea (0x00005b17) auipc   s6, 0x5
core   0: 3 0x8000bcea (0x00005b17) x22 0x80010cea
core   0: 0x8000bcee (0xa42b0b13) addi    s6, s6, -1470
core   0: 3 0x8000bcee (0xa42b0b13) x22 0x8001072c
core   0: 0x8000bcf2 (0x00db0483) lb      s1, 13(s6)
core   0: 3 0x8000bcf2 (0x00db0483) x 9 0x00000000 mem 0x80010739
core   0: 0x8000bcf6 (0x016b06a3) sb      s6, 13(s6)
core   0: 3 0x8000bcf6 (0x016b06a3) mem 0x80010739 0x2c
core   0: 0x8000bcfa (0x00fb06a3) sb      a5, 13(s6)
core   0: 3 0x8000bcfa (0x00fb06a3) mem 0x80010739 0x0
core   0: 0x8000bcfe (0x522ffe93) andi    t4, t6, 1314
core   0: 3 0x8000bcfe (0x522ffe93) x29 0x00000000
core   0: 0x8000bd02 (0x00db4f03) lbu     t5, 13(s6)
core   0: 3 0x8000bd02 (0x00db4f03) x30 0x00000000 mem 0x80010739
core   0: 0x8000bd06 (0x346db513) sltiu   a0, s11, 838
core   0: 3 0x8000bd06 (0x346db513) x10 0x00000000
core   0: 0x8000bd0a (0x016b06a3) sb      s6, 13(s6)
core   0: 3 0x8000bd0a (0x016b06a3) mem 0x80010739 0x2c
core   0: 0x8000bd0e (0x00db0683) lb      a3, 13(s6)
core   0: 3 0x8000bd0e (0x00db0683) x13 0x0000002c mem 0x80010739
core   0: 0x8000bd12 (0x00db0b83) lb      s7, 13(s6)
core   0: 3 0x8000bd12 (0x00db0b83) x23 0x0000002c mem 0x80010739
core   0: 0x8000bd16 (0x00db0083) lb      ra, 13(s6)
core   0: 3 0x8000bd16 (0x00db0083) x 1 0x0000002c mem 0x80010739
core   0: 0x8000bd1a (0x00db4783) lbu     a5, 13(s6)
core   0: 3 0x8000bd1a (0x00db4783) x15 0x0000002c mem 0x80010739
core   0: 0x8000bd1e (0x026959b3) divu    s3, s2, t1
core   0: 3 0x8000bd1e (0x026959b3) x19 0x0000ded1
core   0: 0x8000bd22 (0x2e98d0b7) lui     ra, 0x2e98d
core   0: 3 0x8000bd22 (0x2e98d0b7) x 1 0x2e98d000
core   0: 0x8000bd26 (0x00db0503) lb      a0, 13(s6)
core   0: 3 0x8000bd26 (0x00db0503) x10 0x0000002c mem 0x80010739
core   0: 0x8000bd2a (0x00db4603) lbu     a2, 13(s6)
core   0: 3 0x8000bd2a (0x00db4603) x12 0x0000002c mem 0x80010739
core   0: 0x8000bd2e (0x00db4b83) lbu     s7, 13(s6)
core   0: 3 0x8000bd2e (0x00db4b83) x23 0x0000002c mem 0x80010739
core   0: 0x8000bd32 (0x019b06a3) sb      s9, 13(s6)
core   0: 3 0x8000bd32 (0x019b06a3) mem 0x80010739 0x0
core   0: 0x8000bd36 (0x00db4503) lbu     a0, 13(s6)
core   0: 3 0x8000bd36 (0x00db4503) x10 0x00000000 mem 0x80010739
core   0: 0x8000bd3a (0x00db0303) lb      t1, 13(s6)
core   0: 3 0x8000bd3a (0x00db0303) x 6 0x00000000 mem 0x80010739
core   0: 0x8000bd3e (0x00db0503) lb      a0, 13(s6)
core   0: 3 0x8000bd3e (0x00db0503) x10 0x00000000 mem 0x80010739
core   0: 0x8000bd42 (0x00db4283) lbu     t0, 13(s6)
core   0: 3 0x8000bd42 (0x00db4283) x 5 0x00000000 mem 0x80010739
core   0: 0x8000bd46 (0x00db0d83) lb      s11, 13(s6)
core   0: 3 0x8000bd46 (0x00db0d83) x27 0x00000000 mem 0x80010739
core   0: 0x8000bd4a (0x00db0a03) lb      s4, 13(s6)
core   0: 3 0x8000bd4a (0x00db0a03) x20 0x00000000 mem 0x80010739
core   0: 0x8000bd4e (0x00009e97) auipc   t4, 0x9
core   0: 3 0x8000bd4e (0x00009e97) x29 0x80014d4e
core   0: 0x8000bd52 (0x5b6e8e93) addi    t4, t4, 1462
core   0: 3 0x8000bd52 (0x5b6e8e93) x29 0x80015304
core   0: 0x8000bd56 (0x0cee8aa3) sb      a4, 213(t4)
core   0: 3 0x8000bd56 (0x0cee8aa3) mem 0x800153d9 0xe4
core   0: 0x8000bd5a (0x0000100f) fence.i
core   0: 3 0x8000bd5a (0x0000100f)
core   0: 0x8000bd5e (0x047e8f03) lb      t5, 71(t4)
core   0: 3 0x8000bd5e (0x047e8f03) x30 0x00000005 mem 0x8001534b
core   0: 0x8000bd62 (0x00008fbd) c.xor   a5, a5
core   0: 3 0x8000bd62 (0x8fbd) x15 0x00000000
core   0: 0x8000bd64 (0x00008f89) c.sub   a5, a0
core   0: 3 0x8000bd64 (0x8f89) x15 0x00000000
core   0: 0x8000bd66 (0x000081b1) c.srli  a1, 12
core   0: 3 0x8000bd66 (0x81b1) x11 0x00000000
core   0: 0x8000bd68 (0x0000937a) c.add   t1, t5
core   0: 3 0x8000bd68 (0x937a) x 6 0x00000005
core   0: 0x8000bd6a (0xf5be8a83) lb      s5, -165(t4)
core   0: 3 0x8000bd6a (0xf5be8a83) x21 0xffffffaa mem 0x8001525f
core   0: 0x8000bd6e (0xf08ed903) lhu     s2, -248(t4)
core   0: 3 0x8000bd6e (0xf08ed903) x18 0x00001a9c mem 0x8001520c
core   0: 0x8000bd72 (0xfd1e8fa3) sb      a7, -33(t4)
core   0: 3 0x8000bd72 (0xfd1e8fa3) mem 0x800152e3 0x4c
core   0: 0x8000bd76 (0x03f23a33) mulhu   s4, tp, t6
core   0: 3 0x8000bd76 (0x03f23a33) x20 0x00000000
core   0: 0x8000bd7a (0x0e1e8003) lb      zero, 225(t4)
core   0: 3 0x8000bd7a (0x0e1e8003) mem 0x800153e5
core   0: 0x8000bd7e (0xf9de8f83) lb      t6, -99(t4)
core   0: 3 0x8000bd7e (0xf9de8f83) x31 0xffffff81 mem 0x800152a1
core   0: 0x8000bd82 (0x0000615d) c.addi16sp sp, 432
core   0: 3 0x8000bd82 (0x615d) x 2 0x8001fe54
core   0: 0x8000bd84 (0x0dce8e03) lb      t3, 220(t4)
core   0: 3 0x8000bd84 (0x0dce8e03) x28 0xffffff9c mem 0x800153e0
core   0: 0x8000bd88 (0xf2ce8003) lb      zero, -212(t4)
core   0: 3 0x8000bd88 (0xf2ce8003) mem 0x80015230
core   0: 0x8000bd8c (0x037e83a3) sb      s7, 39(t4)
core   0: 3 0x8000bd8c (0x037e83a3) mem 0x8001532b 0x2c
core   0: 0x8000bd90 (0x01d25413) srli    s0, tp, 29
core   0: 3 0x8000bd90 (0x01d25413) x 8 0x00000000
core   0: 0x8000bd94 (0x40128233) sub     tp, t0, ra
core   0: 3 0x8000bd94 (0x40128233) x 4 0xd1673000
core   0: 0x8000bd98 (0x0e0e87a3) sb      zero, 239(t4)
core   0: 3 0x8000bd98 (0x0e0e87a3) mem 0x800153f3 0x0
core   0: 0x8000bd9c (0xf62e8da3) sb      sp, -133(t4)
core   0: 3 0x8000bd9c (0xf62e8da3) mem 0x8001527f 0x54
core   0: 0x8000bda0 (0x00008bfd) c.andi  a5, 31
core   0: 3 0x8000bda0 (0x8bfd) x15 0x00000000
core   0: 0x8000bda2 (0x027b9433) mulh    s0, s7, t2
core   0: 3 0x8000bda2 (0x027b9433) x 8 0x00000000
core   0: 0x8000bda6 (0xfbfe8fa3) sb      t6, -65(t4)
core   0: 3 0x8000bda6 (0xfbfe8fa3) mem 0x800152c3 0x81
core   0: 0x8000bdaa (0x000083e9) c.srli  a5, 26
core   0: 3 0x8000bdaa (0x83e9) x15 0x00000000
core   0: 0x8000bdac (0x83486d93) ori     s11, a6, -1996
core   0: 3 0x8000bdac (0x83486d93) x27 0xfffff834
core   0: 0x8000bdb0 (0xf3ee9c23) sh      t5, -200(t4)
core   0: 3 0x8000bdb0 (0xf3ee9c23) mem 0x8001523c 0x0005
core   0: 0x8000bdb4 (0x009ae533) or      a0, s5, s1
core   0: 3 0x8000bdb4 (0x009ae533) x10 0xffffffaa
core   0: 0x8000bdb8 (0x516ee797) auipc   a5, 0x516ee
core   0: 3 0x8000bdb8 (0x516ee797) x15 0xd16f9db8
core   0: 0x8000bdbc (0x068e9783) lh      a5, 104(t4)
core   0: 3 0x8000bdbc (0x068e9783) x15 0xffffefc2 mem 0x8001536c
core   0: 0x8000bdc0 (0x01113233) sltu    tp, sp, a7
core   0: 3 0x8000bdc0 (0x01113233) x 4 0x00000001
core   0: 0x8000bdc4 (0x00006179) c.addi16sp sp, 464
core   0: 3 0x8000bdc4 (0x6179) x 2 0x80020024
core   0: 0x8000bdc6 (0xf61eca83) lbu     s5, -159(t4)
core   0: 3 0x8000bdc6 (0xf61eca83) x21 0x00000082 mem 0x80015265
core   0: 0x8000bdca (0x014214b3) sll     s1, tp, s4
core   0: 3 0x8000bdca (0x014214b3) x 9 0x00000001
core   0: 0x8000bdce (0x0b8e9623) sh      s8, 172(t4)
core   0: 3 0x8000bdce (0x0b8e9623) mem 0x800153b0 0x0539
core   0: 0x8000bdd2 (0x00000001) c.nop
core   0: 3 0x8000bdd2 (0x0001)
core   0: 0x8000bdd4 (0x00008051) c.srli  s0, 20
core   0: 3 0x8000bdd4 (0x8051) x 8 0x00000000
core   0: 0x8000bdd6 (0x0a2ec783) lbu     a5, 162(t4)
core   0: 3 0x8000bdd6 (0x0a2ec783) x15 0x00000066 mem 0x800153a6
core   0: 0x8000bdda (0x0000717d) c.addi16sp sp, -16
core   0: 3 0x8000bdda (0x717d) x 2 0x80020014
core   0: 0x8000bddc (0x0c8e8f23) sb      s0, 222(t4)
core   0: 3 0x8000bddc (0x0c8e8f23) mem 0x800153e2 0x0
core   0: 0x8000bde0 (0x0f1e8d83) lb      s11, 241(t4)
core   0: 3 0x8000bde0 (0x0f1e8d83) x27 0x00000059 mem 0x800153f5
core   0: 0x8000bde4 (0xf3997093) andi    ra, s2, -199
core   0: 3 0x8000bde4 (0xf3997093) x 1 0x00001a18
core   0: 0x8000bde8 (0x01fec483) lbu     s1, 31(t4)
core   0: 3 0x8000bde8 (0x01fec483) x 9 0x0000001b mem 0x80015323
core   0: 0x8000bdec (0x004a9213) slli    tp, s5, 4
core   0: 3 0x8000bdec (0x004a9213) x 4 0x00000820
core   0: 0x8000bdf0 (0x02815033) divu    zero, sp, s0
core   0: 3 0x8000bdf0 (0x02815033)
core   0: 0x8000bdf4 (0x0a7e8123) sb      t2, 162(t4)
core   0: 3 0x8000bdf4 (0x0a7e8123) mem 0x800153a6 0x0
core   0: 0x8000bdf8 (0x0a6e8983) lb      s3, 166(t4)
core   0: 3 0x8000bdf8 (0x0a6e8983) x19 0x00000046 mem 0x800153aa
core   0: 0x8000bdfc (0xfaced203) lhu     tp, -84(t4)
core   0: 3 0x8000bdfc (0xfaced203) x 4 0x000074ff mem 0x800152b0
core   0: 0x8000be00 (0x0e8e87a3) sb      s0, 239(t4)
core   0: 3 0x8000be00 (0x0e8e87a3) mem 0x800153f3 0x0
core   0: 0x8000be04 (0x0d2e9483) lh      s1, 210(t4)
core   0: 3 0x8000be04 (0x0d2e9483) x 9 0xffffdc4d mem 0x800153d6
core   0: 0x8000be08 (0x0ceed483) lhu     s1, 206(t4)
core   0: 3 0x8000be08 (0x0ceed483) x 9 0x0000795e mem 0x800153d2
core   0: 0x8000be0c (0x00000001) c.nop
core   0: 3 0x8000be0c (0x0001)
core   0: 0x8000be0e (0x01cb6433) or      s0, s6, t3
core   0: 3 0x8000be0e (0x01cb6433) x 8 0xffffffbc
core   0: 0x8000be12 (0x0ff0000f) fence   iorw,iorw
core   0: 3 0x8000be12 (0x0ff0000f)
core   0: 0x8000be16 (0xffaeda03) lhu     s4, -6(t4)
core   0: 3 0x8000be16 (0xffaeda03) x20 0x00002ac7 mem 0x800152fe
core   0: 0x8000be1a (0xfa3e9523) sh      gp, -86(t4)
core   0: 3 0x8000be1a (0xfa3e9523) mem 0x800152ae 0x0760
core   0: 0x8000be1e (0xff7ec383) lbu     t2, -9(t4)
core   0: 3 0x8000be1e (0xff7ec383) x 7 0x00000034 mem 0x800152fb
core   0: 0x8000be22 (0x00004117) auipc   sp, 0x4
core   0: 3 0x8000be22 (0x00004117) x 2 0x8000fe22
core   0: 0x8000be26 (0x29b10113) addi    sp, sp, 667
core   0: 3 0x8000be26 (0x29b10113) x 2 0x800100bd
core   0: 0x8000be2a (0x00008dc9) c.or    a1, a0
core   0: 3 0x8000be2a (0x8dc9) x11 0xffffffaa
core   0: 0x8000be2c (0xfc610183) lb      gp, -58(sp)
core   0: 3 0x8000be2c (0xfc610183) x 3 0x00000031 mem 0x80010083
core   0: 0x8000be30 (0xffc10323) sb      t3, -26(sp)
core   0: 3 0x8000be30 (0xffc10323) mem 0x800100a3 0x9c
core   0: 0x8000be34 (0x00a1d1b3) srl     gp, gp, a0
core   0: 3 0x8000be34 (0x00a1d1b3) x 3 0x00000000
core   0: 0x8000be38 (0xfcb106a3) sb      a1, -51(sp)
core   0: 3 0x8000be38 (0xfcb106a3) mem 0x8001008a 0xaa
core   0: 0x8000be3c (0x026e2eb3) mulhsu  t4, t3, t1
core   0: 3 0x8000be3c (0x026e2eb3) x29 0xffffffff
core   0: 0x8000be40 (0x02bdb833) mulhu   a6, s11, a1
core   0: 3 0x8000be40 (0x02bdb833) x16 0x00000058
core   0: 0x8000be44 (0xfff10503) lb      a0, -1(sp)
core   0: 3 0x8000be44 (0xfff10503) x10 0x00000063 mem 0x800100bc
core   0: 0x8000be48 (0x01e1b933) sltu    s2, gp, t5
core   0: 3 0x8000be48 (0x01e1b933) x18 0x00000001
core   0: 0x8000be4c (0x00008c59) c.or    s0, a4
core   0: 3 0x8000be4c (0x8c59) x 8 0xfffffffc
core   0: 0x8000be4e (0x00677d33) and     s10, a4, t1
core   0: 3 0x8000be4e (0x00677d33) x26 0x00000004
core   0: 0x8000be52 (0xfd414983) lbu     s3, -44(sp)
core   0: 3 0x8000be52 (0xfd414983) x19 0x00000008 mem 0x80010091
core   0: 0x8000be56 (0xfe114383) lbu     t2, -31(sp)
core   0: 3 0x8000be56 (0xfe114383) x 7 0x00000013 mem 0x8001009e
core   0: 0x8000be5a (0x01ba81b3) add     gp, s5, s11
core   0: 3 0x8000be5a (0x01ba81b3) x 3 0x000000db
core   0: 0x8000be5e (0x014ade33) srl     t3, s5, s4
core   0: 3 0x8000be5e (0x014ade33) x28 0x00000001
core   0: 0x8000be62 (0xff6121a3) sw      s6, -29(sp)
core   0: 3 0x8000be62 (0xff6121a3) mem 0x800100a0 0x8001072c
core   0: 0x8000be66 (0x00008cf9) c.and   s1, a4
core   0: 3 0x8000be66 (0x8cf9) x 9 0x00001844
core   0: 0x8000be68 (0x41cad493) srai    s1, s5, 28
core   0: 3 0x8000be68 (0x41cad493) x 9 0x00000000
core   0: 0x8000be6c (0xfed15a83) lhu     s5, -19(sp)
core   0: 3 0x8000be6c (0xfed15a83) x21 0x0000d4f1 mem 0x800100aa
core   0: 0x8000be70 (0x02514383) lbu     t2, 37(sp)
core   0: 3 0x8000be70 (0x02514383) x 7 0x00000033 mem 0x800100e2
core   0: 0x8000be74 (0xfcf11ca3) sh      a5, -39(sp)
core   0: 3 0x8000be74 (0xfcf11ca3) mem 0x80010096 0x0066
core   0: 0x8000be78 (0xfc211ca3) sh      sp, -39(sp)
core   0: 3 0x8000be78 (0xfc211ca3) mem 0x80010096 0x00bd
core   0: 0x8000be7c (0x006d7d33) and     s10, s10, t1
core   0: 3 0x8000be7c (0x006d7d33) x26 0x00000004
core   0: 0x8000be80 (0x00000001) c.nop
core   0: 3 0x8000be80 (0x0001)
core   0: 0x8000be82 (0x034114a3) sh      s4, 41(sp)
core   0: 3 0x8000be82 (0x034114a3) mem 0x800100e6 0x2ac7
core   0: 0x8000be86 (0x016129a3) sw      s6, 19(sp)
core   0: 3 0x8000be86 (0x016129a3) mem 0x800100d0 0x8001072c
core   0: 0x8000be8a (0xb0ffa293) slti    t0, t6, -1265
core   0: 3 0x8000be8a (0xb0ffa293) x 5 0x00000000
core   0: 0x8000be8e (0x0ff0000f) fence   iorw,iorw
core   0: 3 0x8000be8e (0x0ff0000f)
core   0: 0x8000be92 (0xfc710ea3) sb      t2, -35(sp)
core   0: 3 0x8000be92 (0xfc710ea3) mem 0x8001009a 0x33
core   0: 0x8000be96 (0xffc10f03) lb      t5, -4(sp)
core   0: 3 0x8000be96 (0xffc10f03) x30 0xffffffd1 mem 0x800100b9
core   0: 0x8000be9a (0x02312e03) lw      t3, 35(sp)
core   0: 3 0x8000be9a (0x02312e03) x28 0xcd33b493 mem 0x800100e0
core   0: 0x8000be9e (0x00006225) c.lui   tp, 0x9
core   0: 3 0x8000be9e (0x6225) x 4 0x00009000
core   0: 0x8000bea0 (0x00610d83) lb      s11, 6(sp)
core   0: 3 0x8000bea0 (0x00610d83) x27 0x00000028 mem 0x800100c3
core   0: 0x8000bea4 (0xfd9129a3) sw      s9, -45(sp)
core   0: 3 0x8000bea4 (0xfd9129a3) mem 0x80010090 0x80000000
core   0: 0x8000bea8 (0xfc911383) lh      t2, -55(sp)
core   0: 3 0x8000bea8 (0xfc911383) x 7 0x00006068 mem 0x80010086
core   0: 0x8000beac (0xfcb12483) lw      s1, -53(sp)
core   0: 3 0x8000beac (0xfcb12483) x 9 0xbaaa9675 mem 0x80010088
core   0: 0x8000beb0 (0x00008d7d) c.and   a0, a5
core   0: 3 0x8000beb0 (0x8d7d) x10 0x00000062
core   0: 0x8000beb2 (0xfdf10423) sb      t6, -56(sp)
core   0: 3 0x8000beb2 (0xfdf10423) mem 0x80010085 0x81
core   0: 0x8000beb6 (0x03410a23) sb      s4, 52(sp)
core   0: 3 0x8000beb6 (0x03410a23) mem 0x800100f1 0xc7
core   0: 0x8000beba (0x026114a3) sh      t1, 41(sp)
core   0: 3 0x8000beba (0x026114a3) mem 0x800100e6 0x0005
core   0: 0x8000bebe (0x001b4c33) xor     s8, s6, ra
core   0: 3 0x8000bebe (0x001b4c33) x24 0x80011d34
core   0: 0x8000bec2 (0xfd010983) lb      s3, -48(sp)
core   0: 3 0x8000bec2 (0xfd010983) x19 0x00000069 mem 0x8001008d
core   0: 0x8000bec6 (0x03c5b833) mulhu   a6, a1, t3
core   0: 3 0x8000bec6 (0x03c5b833) x16 0xcd33b44e
core   0: 0x8000beca (0x44030097) auipc   ra, 0x44030
core   0: 3 0x8000beca (0x44030097) x 1 0xc403beca
core   0: 0x8000bece (0x00614b03) lbu     s6, 6(sp)
core   0: 3 0x8000bece (0x00614b03) x22 0x00000028 mem 0x800100c3
core   0: 0x8000bed2 (0x00005d17) auipc   s10, 0x5
core   0: 3 0x8000bed2 (0x00005d17) x26 0x80010ed2
core   0: 0x8000bed6 (0xabad0d13) addi    s10, s10, -1350
core   0: 3 0x8000bed6 (0xabad0d13) x26 0x8001098c
core   0: 0x8000beda (0x00000dce) c.slli  s11, 19
core   0: 3 0x8000beda (0x0dce) x27 0x01400000
core   0: 0x8000bedc (0xf13d0383) lb      t2, -237(s10)
core   0: 3 0x8000bedc (0xf13d0383) x 7 0x0000001b mem 0x8001089f
core   0: 0x8000bee0 (0x2d5d4a83) lbu     s5, 725(s10)
core   0: 3 0x8000bee0 (0x2d5d4a83) x21 0x000000b5 mem 0x80010c61
core   0: 0x8000bee4 (0x594d1923) sh      s4, 1426(s10)
core   0: 3 0x8000bee4 (0x594d1923) mem 0x80010f1e 0x2ac7
core   0: 0x8000bee8 (0x592d5303) lhu     t1, 1426(s10)
core   0: 3 0x8000bee8 (0x592d5303) x 6 0x00002ac7 mem 0x80010f1e
core   0: 0x8000beec (0x588d0923) sb      s0, 1426(s10)
core   0: 3 0x8000beec (0x588d0923) mem 0x80010f1e 0xfc
core   0: 0x8000bef0 (0xc37d03a3) sb      s7, -985(s10)
core   0: 3 0x8000bef0 (0xc37d03a3) mem 0x800105b3 0x2c
core   0: 0x8000bef4 (0x9b1d1f23) sh      a7, -1602(s10)
core   0: 3 0x8000bef4 (0x9b1d1f23) mem 0x8001034a 0x5e4c
core   0: 0x8000bef8 (0x9bed5d83) lhu     s11, -1602(s10)
core   0: 3 0x8000bef8 (0x9bed5d83) x27 0x00005e4c mem 0x8001034a
core   0: 0x8000befc (0x9a4d1f23) sh      tp, -1602(s10)
core   0: 3 0x8000befc (0x9a4d1f23) mem 0x8001034a 0x9000
core   0: 0x8000bf00 (0x9bed1e83) lh      t4, -1602(s10)
core   0: 3 0x8000bf00 (0x9bed1e83) x29 0xffff9000 mem 0x8001034a
core   0: 0x8000bf04 (0x9bed4003) lbu     zero, -1602(s10)
core   0: 3 0x8000bf04 (0x9bed4003) mem 0x8001034a
core   0: 0x8000bf08 (0x01e002ef) jal     t0, pc + 0x1e
core   0: 3 0x8000bf08 (0x01e002ef) x 5 0x8000bf0c
core   0: 0x8000bf26 (0x000037f5) c.jal   pc - 20
core   0: 3 0x8000bf26 (0x37f5) x 1 0x8000bf28
core   0: 0x8000bf12 (0x00003fed) c.jal   pc - 6
core   0: 3 0x8000bf12 (0x3fed) x 1 0x8000bf14
core   0: 0x8000bf0c (0x0000a825) c.j     pc + 56
core   0: 3 0x8000bf0c (0xa825)
core   0: 0x8000bf44 (0x00003fe5) c.jal   pc - 8
core   0: 3 0x8000bf44 (0x3fe5) x 1 0x8000bf46
core   0: 0x8000bf3c (0x00003fc5) c.jal   pc - 16
core   0: 3 0x8000bf3c (0x3fc5) x 1 0x8000bf3e
core   0: 0x8000bf2c (0xff9ff36f) jal     t1, pc - 0x8
core   0: 3 0x8000bf2c (0xff9ff36f) x 6 0x8000bf30
core   0: 0x8000bf24 (0x0000bfc5) c.j     pc - 16
core   0: 3 0x8000bf24 (0xbfc5)
core   0: 0x8000bf14 (0x0000a03d) c.j     pc + 46
core   0: 3 0x8000bf14 (0xa03d)
core   0: 0x8000bf42 (0x00003fdd) c.jal   pc - 10
core   0: 3 0x8000bf42 (0x3fdd) x 1 0x8000bf44
core   0: 0x8000bf38 (0xffdffbef) jal     s7, pc - 0x4
core   0: 3 0x8000bf38 (0xffdffbef) x23 0x8000bf3c
core   0: 0x8000bf34 (0x000037d5) c.jal   pc - 28
core   0: 3 0x8000bf34 (0x37d5) x 1 0x8000bf36
core   0: 0x8000bf18 (0x0000a009) c.j     pc + 2
core   0: 3 0x8000bf18 (0xa009)
core   0: 0x8000bf1a (0x010000ef) jal     pc + 0x10
core   0: 3 0x8000bf1a (0x010000ef) x 1 0x8000bf1e
core   0: 0x8000bf2a (0x0000b7d5) c.j     pc - 28
core   0: 3 0x8000bf2a (0xb7d5)
core   0: 0x8000bf0e (0x0280036f) jal     t1, pc + 0x28
core   0: 3 0x8000bf0e (0x0280036f) x 6 0x8000bf12
core   0: 0x8000bf36 (0x00002021) c.jal   pc + 8
core   0: 3 0x8000bf36 (0x2021) x 1 0x8000bf38
core   0: 0x8000bf3e (0xfd9ff36f) jal     t1, pc - 0x28
core   0: 3 0x8000bf3e (0xfd9ff36f) x 6 0x8000bf42
core   0: 0x8000bf16 (0x00002829) c.jal   pc + 26
core   0: 3 0x8000bf16 (0x2829) x 1 0x8000bf18
core   0: 0x8000bf30 (0x0160036f) jal     t1, pc + 0x16
core   0: 3 0x8000bf30 (0x0160036f) x 6 0x8000bf34
core   0: 0x8000bf46 (0x0000bfe1) c.j     pc - 40
core   0: 3 0x8000bf46 (0xbfe1)
core   0: 0x8000bf1e (0x004000ef) jal     pc + 0x4
core   0: 3 0x8000bf1e (0x004000ef) x 1 0x8000bf22
core   0: 0x8000bf22 (0x00002019) c.jal   pc + 6
core   0: 3 0x8000bf22 (0x2019) x 1 0x8000bf24
core   0: 0x8000bf28 (0x00002005) c.jal   pc + 32
core   0: 3 0x8000bf28 (0x2005) x 1 0x8000bf2a
core   0: 0x8000bf48 (0x50d1fdb7) lui     s11, 0x50d1f
core   0: 3 0x8000bf48 (0x50d1fdb7) x27 0x50d1f000
core   0: 0x8000bf4c (0x00004197) auipc   gp, 0x4
core   0: 3 0x8000bf4c (0x00004197) x 3 0x8000ff4c
core   0: 0x8000bf50 (0x1a618193) addi    gp, gp, 422
core   0: 3 0x8000bf50 (0x1a618193) x 3 0x800100f2
core   0: 0x8000bf54 (0x00000001) c.nop
core   0: 3 0x8000bf54 (0x0001)
core   0: 0x8000bf56 (0x00008a81) c.andi  a3, 0
core   0: 3 0x8000bf56 (0x8a81) x13 0x00000000
core   0: 0x8000bf58 (0xb5f52093) slti    ra, a0, -1185
core   0: 3 0x8000bf58 (0xb5f52093) x 1 0x00000000
core   0: 0x8000bf5c (0x0170bf33) sltu    t5, ra, s7
core   0: 3 0x8000bf5c (0x0170bf33) x30 0x00000001
core   0: 0x8000bf60 (0x3e21ae03) lw      t3, 994(gp)
core   0: 3 0x8000bf60 (0x3e21ae03) x28 0x009afe29 mem 0x800104d4
core   0: 0x8000bf64 (0x041187a3) sb      ra, 79(gp)
core   0: 3 0x8000bf64 (0x041187a3) mem 0x80010141 0x0
core   0: 0x8000bf68 (0xf7e1ab83) lw      s7, -130(gp)
core   0: 3 0x8000bf68 (0xf7e1ab83) x23 0xcebc7182 mem 0x80010070
core   0: 0x8000bf6c (0x44b18083) lb      ra, 1099(gp)
core   0: 3 0x8000bf6c (0x44b18083) x 1 0xffffff98 mem 0x8001053d
core   0: 0x8000bf70 (0x0b718083) lb      ra, 183(gp)
core   0: 3 0x8000bf70 (0x0b718083) x 1 0xffffffc7 mem 0x800101a9
core   0: 0x8000bf74 (0x4f11c083) lbu     ra, 1265(gp)
core   0: 3 0x8000bf74 (0x4f11c083) x 1 0x0000000d mem 0x800105e3
core   0: 0x8000bf78 (0x015e5093) srli    ra, t3, 21
core   0: 3 0x8000bf78 (0x015e5093) x 1 0x00000004
core   0: 0x8000bf7c (0x00008e95) c.sub   a3, a3
core   0: 3 0x8000bf7c (0x8e95) x13 0x00000000
core   0: 0x8000bf7e (0x000066b5) c.lui   a3, 0xd
core   0: 3 0x8000bf7e (0x66b5) x13 0x0000d000
core   0: 0x8000bf80 (0x6e11a723) sw      ra, 1774(gp)
core   0: 3 0x8000bf80 (0x6e11a723) mem 0x800107e0 0x00000004
core   0: 0x8000bf84 (0x00a188a3) sb      a0, 17(gp)
core   0: 3 0x8000bf84 (0x00a188a3) mem 0x80010103 0x62
core   0: 0x8000bf88 (0x63718123) sb      s7, 1570(gp)
core   0: 3 0x8000bf88 (0x63718123) mem 0x80010714 0x82
core   0: 0x8000bf8c (0x001536b3) sltu    a3, a0, ra
core   0: 3 0x8000bf8c (0x001536b3) x13 0x00000000
core   0: 0x8000bf90 (0x5ea19123) sh      a0, 1506(gp)
core   0: 3 0x8000bf90 (0x5ea19123) mem 0x800106d4 0x0062
core   0: 0x8000bf94 (0x2bf18e03) lb      t3, 703(gp)
core   0: 3 0x8000bf94 (0x2bf18e03) x28 0xffffffdf mem 0x800103b1
core   0: 0x8000bf98 (0x3971ab23) sw      s7, 918(gp)
core   0: 3 0x8000bf98 (0x3971ab23) mem 0x80010488 0xcebc7182
core   0: 0x8000bf9c (0x00c0db93) srli    s7, ra, 12
core   0: 3 0x8000bf9c (0x00c0db93) x23 0x00000000
core   0: 0x8000bfa0 (0x7c01df03) lhu     t5, 1984(gp)
core   0: 3 0x8000bfa0 (0x7c01df03) x30 0x000030f1 mem 0x800108b2
core   0: 0x8000bfa4 (0x0000557d) c.li    a0, -1
core   0: 3 0x8000bfa4 (0x557d) x10 0xffffffff
core   0: 0x8000bfa6 (0x1cd1cb83) lbu     s7, 461(gp)
core   0: 3 0x8000bfa6 (0x1cd1cb83) x23 0x000000b5 mem 0x800102bf
core   0: 0x8000bfaa (0x33c19f23) sh      t3, 830(gp)
core   0: 3 0x8000bfaa (0x33c19f23) mem 0x80010430 0xffdf
core   0: 0x8000bfae (0x5ed18b83) lb      s7, 1517(gp)
core   0: 3 0x8000bfae (0x5ed18b83) x23 0x0000004c mem 0x800106df
core   0: 0x8000bfb2 (0x0d51cf03) lbu     t5, 213(gp)
core   0: 3 0x8000bfb2 (0x0d51cf03) x30 0x00000012 mem 0x800101c7
core   0: 0x8000bfb6 (0x59718da3) sb      s7, 1435(gp)
core   0: 3 0x8000bfb6 (0x59718da3) mem 0x8001068d 0x4c
core   0: 0x8000bfba (0x42e1c683) lbu     a3, 1070(gp)
core   0: 3 0x8000bfba (0x42e1c683) x13 0x00000097 mem 0x80010520
core   0: 0x8000bfbe (0x79218e03) lb      t3, 1938(gp)
core   0: 3 0x8000bfbe (0x79218e03) x28 0xffffffe2 mem 0x80010884
core   0: 0x8000bfc2 (0x5fe19c23) sh      t5, 1528(gp)
core   0: 3 0x8000bfc2 (0x5fe19c23) mem 0x800106ea 0x0012
core   0: 0x8000bfc6 (0x00004097) auipc   ra, 0x4
core   0: 3 0x8000bfc6 (0x00004097) x 1 0x8000ffc6
core   0: 0x8000bfca (0x48a08093) addi    ra, ra, 1162
core   0: 3 0x8000bfca (0x48a08093) x 1 0x80010450
core   0: 0x8000bfce (0x0000865d) c.srai  a2, 23
core   0: 3 0x8000bfce (0x865d) x12 0x00000000
core   0: 0x8000bfd0 (0x01aaa633) slt     a2, s5, s10
core   0: 3 0x8000bfd0 (0x01aaa633) x12 0x00000000
core   0: 0x8000bfd4 (0x06e09603) lh      a2, 110(ra)
core   0: 3 0x8000bfd4 (0x06e09603) x12 0x00000499 mem 0x800104be
core   0: 0x8000bfd8 (0x01aacab3) xor     s5, s5, s10
core   0: 3 0x8000bfd8 (0x01aacab3) x21 0x80010939
core   0: 0x8000bfdc (0xf6a0d903) lhu     s2, -150(ra)
core   0: 3 0x8000bfdc (0xf6a0d903) x18 0x0000ed21 mem 0x800103ba
core   0: 0x8000bfe0 (0xf8c08523) sb      a2, -118(ra)
core   0: 3 0x8000bfe0 (0xf8c08523) mem 0x800103da 0x99
core   0: 0x8000bfe4 (0x0e20cd03) lbu     s10, 226(ra)
core   0: 3 0x8000bfe4 (0x0e20cd03) x26 0x00000003 mem 0x80010532
core   0: 0x8000bfe8 (0xf6d0c183) lbu     gp, -147(ra)
core   0: 3 0x8000bfe8 (0xf6d0c183) x 3 0x000000b4 mem 0x800103bd
core   0: 0x8000bfec (0x00008cf1) c.and   s1, a2
core   0: 3 0x8000bfec (0x8cf1) x 9 0x00000411
core   0: 0x8000bfee (0xffe0ca83) lbu     s5, -2(ra)
core   0: 3 0x8000bfee (0xffe0ca83) x21 0x00000062 mem 0x8001044e
core   0: 0x8000bff2 (0x035aa633) mulhsu  a2, s5, s5
core   0: 3 0x8000bff2 (0x035aa633) x12 0x00000000
core   0: 0x8000bff6 (0xf150ca83) lbu     s5, -235(ra)
core   0: 3 0x8000bff6 (0xf150ca83) x21 0x00000045 mem 0x80010365
core   0: 0x8000bffa (0x0540cd03) lbu     s10, 84(ra)
core   0: 3 0x8000bffa (0x0540cd03) x26 0x000000be mem 0x800104a4
core   0: 0x8000bffe (0xf4e0d603) lhu     a2, -178(ra)
core   0: 3 0x8000bffe (0xf4e0d603) x12 0x00006c7c mem 0x8001039e
core   0: 0x8000c002 (0x00d0cd03) lbu     s10, 13(ra)
core   0: 3 0x8000c002 (0x00d0cd03) x26 0x0000000b mem 0x8001045d
core   0: 0x8000c006 (0xfc70cd03) lbu     s10, -57(ra)
core   0: 3 0x8000c006 (0xfc70cd03) x26 0x00000010 mem 0x80010417
core   0: 0x8000c00a (0x0580d183) lhu     gp, 88(ra)
core   0: 3 0x8000c00a (0x0580d183) x 3 0x0000b480 mem 0x800104a8
core   0: 0x8000c00e (0x00008ca5) c.xor   s1, s1
core   0: 3 0x8000c00e (0x8ca5) x 9 0x00000000
core   0: 0x8000c010 (0x00000001) c.nop
core   0: 3 0x8000c010 (0x0001)
core   0: 0x8000c012 (0x09e09903) lh      s2, 158(ra)
core   0: 3 0x8000c012 (0x09e09903) x18 0x000012ef mem 0x800104ee
core   0: 0x8000c016 (0x0091a1b3) slt     gp, gp, s1
core   0: 3 0x8000c016 (0x0091a1b3) x 3 0x00000000
core   0: 0x8000c01a (0x00008e25) c.xor   a2, s1
core   0: 3 0x8000c01a (0x8e25) x12 0x00006c7c
core   0: 0x8000c01c (0xfbf0c603) lbu     a2, -65(ra)
core   0: 3 0x8000c01c (0xfbf0c603) x12 0x00000082 mem 0x8001040f
core   0: 0x8000c020 (0x0d609603) lh      a2, 214(ra)
core   0: 3 0x8000c020 (0x0d609603) x12 0xffffca25 mem 0x80010526
core   0: 0x8000c024 (0x0094ad33) slt     s10, s1, s1
core   0: 3 0x8000c024 (0x0094ad33) x26 0x00000000
core   0: 0x8000c028 (0x0c70c483) lbu     s1, 199(ra)
core   0: 3 0x8000c028 (0x0c70c483) x 9 0x000000a3 mem 0x80010517
core   0: 0x8000c02c (0x40990d33) sub     s10, s2, s1
core   0: 3 0x8000c02c (0x40990d33) x26 0x0000124c
core   0: 0x8000c030 (0x10663493) sltiu   s1, a2, 262
core   0: 3 0x8000c030 (0x10663493) x 9 0x00000000
core   0: 0x8000c034 (0xff90cd03) lbu     s10, -7(ra)
core   0: 3 0x8000c034 (0xff90cd03) x26 0x0000003f mem 0x80010449
core   0: 0x8000c038 (0x0351c4b3) div     s1, gp, s5
core   0: 3 0x8000c038 (0x0351c4b3) x 9 0x00000000
core   0: 0x8000c03c (0x0d50c903) lbu     s2, 213(ra)
core   0: 3 0x8000c03c (0x0d50c903) x18 0x00000072 mem 0x80010525
core   0: 0x8000c040 (0x00c94633) xor     a2, s2, a2
core   0: 3 0x8000c040 (0x00c94633) x12 0xffffca57
core   0: 0x8000c044 (0xf600c903) lbu     s2, -160(ra)
core   0: 3 0x8000c044 (0xf600c903) x18 0x0000004e mem 0x800103b0
core   0: 0x8000c048 (0x02309123) sh      gp, 34(ra)
core   0: 3 0x8000c048 (0x02309123) mem 0x80010472 0x0000
core   0: 0x8000c04c (0xf0c08a83) lb      s5, -244(ra)
core   0: 3 0x8000c04c (0xf0c08a83) x21 0x00000002 mem 0x8001035c
core   0: 0x8000c050 (0x7bec7197) auipc   gp, 0x7bec7
core   0: 3 0x8000c050 (0x7bec7197) x 3 0xfbed3050
core   0: 0x8000c054 (0x4181d913) srai    s2, gp, 24
core   0: 3 0x8000c054 (0x4181d913) x18 0xfffffffb
core   0: 0x8000c058 (0x0e20da83) lhu     s5, 226(ra)
core   0: 3 0x8000c058 (0x0e20da83) x21 0x0000ee03 mem 0x80010532
core   0: 0x8000c05c (0x08b08603) lb      a2, 139(ra)
core   0: 3 0x8000c05c (0x08b08603) x12 0x00000054 mem 0x800104db
core   0: 0x8000c060 (0x0094b933) sltu    s2, s1, s1
core   0: 3 0x8000c060 (0x0094b933) x18 0x00000000
core   0: 0x8000c064 (0x0ff0000f) fence   iorw,iorw
core   0: 3 0x8000c064 (0x0ff0000f)
core   0: 0x8000c068 (0xf89088a3) sb      s1, -111(ra)
core   0: 3 0x8000c068 (0xf89088a3) mem 0x800103e1 0x0
core   0: 0x8000c06c (0x00f4d613) srli    a2, s1, 15
core   0: 3 0x8000c06c (0x00f4d613) x12 0x00000000
core   0: 0x8000c070 (0xf92081a3) sb      s2, -125(ra)
core   0: 3 0x8000c070 (0xf92081a3) mem 0x800103d3 0x0
core   0: 0x8000c074 (0x10008603) lb      a2, 256(ra)
core   0: 3 0x8000c074 (0x10008603) x12 0x00000063 mem 0x80010550
core   0: 0x8000c078 (0x00708a83) lb      s5, 7(ra)
core   0: 3 0x8000c078 (0x00708a83) x21 0x00000071 mem 0x80010457
core   0: 0x8000c07c (0x00700613) li      a2, 7
core   0: 3 0x8000c07c (0x00700613) x12 0x00000007
core   0: 0x8000c080 (0x01e8e033) or      zero, a7, t5
core   0: 3 0x8000c080 (0x01e8e033)
core   0: 0x8000c084 (0xff700a93) li      s5, -9
core   0: 3 0x8000c084 (0xff700a93) x21 0xfffffff7
core   0: 0x8000c088 (0x0000912a) c.add   sp, a0
core   0: 3 0x8000c088 (0x912a) x 2 0x800100bc
core   0: 0x8000c08a (0x03a4abb3) mulhsu  s7, s1, s10
core   0: 3 0x8000c08a (0x03a4abb3) x23 0x00000000
core   0: 0x8000c08e (0x00001671) c.addi  a2, -4
core   0: 3 0x8000c08e (0x1671) x12 0x00000003
core   0: 0x8000c090 (0x00800993) li      s3, 8
core   0: 3 0x8000c090 (0x00800993) x19 0x00000008
core   0: 0x8000c094 (0x01200093) li      ra, 18
core   0: 3 0x8000c094 (0x01200093) x 1 0x00000012
core   0: 0x8000c098 (0x0000816e) c.mv    sp, s11
core   0: 3 0x8000c098 (0x816e) x 2 0x50d1f000
core   0: 0x8000c09a (0x00000989) c.addi  s3, 2
core   0: 3 0x8000c09a (0x0989) x19 0x0000000a
core   0: 0x8000c09c (0x03172a33) mulhsu  s4, a4, a7
core   0: 3 0x8000c09c (0x03172a33) x20 0xc0001f52
core   0: 0x8000c0a0 (0xfe198ce3) beq     s3, ra, pc - 8
core   0: 3 0x8000c0a0 (0xfe198ce3)
core   0: 0x8000c0a4 (0xff5652e3) bge     a2, s5, pc - 28
core   0: 3 0x8000c0a4 (0xff5652e3)
core   0: 0x8000c088 (0x0000912a) c.add   sp, a0
core   0: 3 0x8000c088 (0x912a) x 2 0x50d1efff
core   0: 0x8000c08a (0x03a4abb3) mulhsu  s7, s1, s10
core   0: 3 0x8000c08a (0x03a4abb3) x23 0x00000000
core   0: 0x8000c08e (0x00001671) c.addi  a2, -4
core   0: 3 0x8000c08e (0x1671) x12 0xffffffff
core   0: 0x8000c090 (0x00800993) li      s3, 8
core   0: 3 0x8000c090 (0x00800993) x19 0x00000008
core   0: 0x8000c094 (0x01200093) li      ra, 18
core   0: 3 0x8000c094 (0x01200093) x 1 0x00000012
core   0: 0x8000c098 (0x0000816e) c.mv    sp, s11
core   0: 3 0x8000c098 (0x816e) x 2 0x50d1f000
core   0: 0x8000c09a (0x00000989) c.addi  s3, 2
core   0: 3 0x8000c09a (0x0989) x19 0x0000000a
core   0: 0x8000c09c (0x03172a33) mulhsu  s4, a4, a7
core   0: 3 0x8000c09c (0x03172a33) x20 0xc0001f52
core   0: 0x8000c0a0 (0xfe198ce3) beq     s3, ra, pc - 8
core   0: 3 0x8000c0a0 (0xfe198ce3)
core   0: 0x8000c0a4 (0xff5652e3) bge     a2, s5, pc - 28
core   0: 3 0x8000c0a4 (0xff5652e3)
core   0: 0x8000c088 (0x0000912a) c.add   sp, a0
core   0: 3 0x8000c088 (0x912a) x 2 0x50d1efff
core   0: 0x8000c08a (0x03a4abb3) mulhsu  s7, s1, s10
core   0: 3 0x8000c08a (0x03a4abb3) x23 0x00000000
core   0: 0x8000c08e (0x00001671) c.addi  a2, -4
core   0: 3 0x8000c08e (0x1671) x12 0xfffffffb
core   0: 0x8000c090 (0x00800993) li      s3, 8
core   0: 3 0x8000c090 (0x00800993) x19 0x00000008
core   0: 0x8000c094 (0x01200093) li      ra, 18
core   0: 3 0x8000c094 (0x01200093) x 1 0x00000012
core   0: 0x8000c098 (0x0000816e) c.mv    sp, s11
core   0: 3 0x8000c098 (0x816e) x 2 0x50d1f000
core   0: 0x8000c09a (0x00000989) c.addi  s3, 2
core   0: 3 0x8000c09a (0x0989) x19 0x0000000a
core   0: 0x8000c09c (0x03172a33) mulhsu  s4, a4, a7
core   0: 3 0x8000c09c (0x03172a33) x20 0xc0001f52
core   0: 0x8000c0a0 (0xfe198ce3) beq     s3, ra, pc - 8
core   0: 3 0x8000c0a0 (0xfe198ce3)
core   0: 0x8000c0a4 (0xff5652e3) bge     a2, s5, pc - 28
core   0: 3 0x8000c0a4 (0xff5652e3)
core   0: 0x8000c088 (0x0000912a) c.add   sp, a0
core   0: 3 0x8000c088 (0x912a) x 2 0x50d1efff
core   0: 0x8000c08a (0x03a4abb3) mulhsu  s7, s1, s10
core   0: 3 0x8000c08a (0x03a4abb3) x23 0x00000000
core   0: 0x8000c08e (0x00001671) c.addi  a2, -4
core   0: 3 0x8000c08e (0x1671) x12 0xfffffff7
core   0: 0x8000c090 (0x00800993) li      s3, 8
core   0: 3 0x8000c090 (0x00800993) x19 0x00000008
core   0: 0x8000c094 (0x01200093) li      ra, 18
core   0: 3 0x8000c094 (0x01200093) x 1 0x00000012
core   0: 0x8000c098 (0x0000816e) c.mv    sp, s11
core   0: 3 0x8000c098 (0x816e) x 2 0x50d1f000
core   0: 0x8000c09a (0x00000989) c.addi  s3, 2
core   0: 3 0x8000c09a (0x0989) x19 0x0000000a
core   0: 0x8000c09c (0x03172a33) mulhsu  s4, a4, a7
core   0: 3 0x8000c09c (0x03172a33) x20 0xc0001f52
core   0: 0x8000c0a0 (0xfe198ce3) beq     s3, ra, pc - 8
core   0: 3 0x8000c0a0 (0xfe198ce3)
core   0: 0x8000c0a4 (0xff5652e3) bge     a2, s5, pc - 28
core   0: 3 0x8000c0a4 (0xff5652e3)
core   0: 0x8000c088 (0x0000912a) c.add   sp, a0
core   0: 3 0x8000c088 (0x912a) x 2 0x50d1efff
core   0: 0x8000c08a (0x03a4abb3) mulhsu  s7, s1, s10
core   0: 3 0x8000c08a (0x03a4abb3) x23 0x00000000
core   0: 0x8000c08e (0x00001671) c.addi  a2, -4
core   0: 3 0x8000c08e (0x1671) x12 0xfffffff3
core   0: 0x8000c090 (0x00800993) li      s3, 8
core   0: 3 0x8000c090 (0x00800993) x19 0x00000008
core   0: 0x8000c094 (0x01200093) li      ra, 18
core   0: 3 0x8000c094 (0x01200093) x 1 0x00000012
core   0: 0x8000c098 (0x0000816e) c.mv    sp, s11
core   0: 3 0x8000c098 (0x816e) x 2 0x50d1f000
core   0: 0x8000c09a (0x00000989) c.addi  s3, 2
core   0: 3 0x8000c09a (0x0989) x19 0x0000000a
core   0: 0x8000c09c (0x03172a33) mulhsu  s4, a4, a7
core   0: 3 0x8000c09c (0x03172a33) x20 0xc0001f52
core   0: 0x8000c0a0 (0xfe198ce3) beq     s3, ra, pc - 8
core   0: 3 0x8000c0a0 (0xfe198ce3)
core   0: 0x8000c0a4 (0xff5652e3) bge     a2, s5, pc - 28
core   0: 3 0x8000c0a4 (0xff5652e3)
core   0: 0x8000c0a8 (0x01dba4b3) slt     s1, s7, t4
core   0: 3 0x8000c0a8 (0x01dba4b3) x 9 0x00000000
core   0: 0x8000c0ac (0x01a002ef) jal     t0, pc + 0x1a
core   0: 3 0x8000c0ac (0x01a002ef) x 5 0x8000c0b0
core   0: 0x8000c0c6 (0x00003fdd) c.jal   pc - 10
core   0: 3 0x8000c0c6 (0x3fdd) x 1 0x8000c0c8
core   0: 0x8000c0bc (0x00003fdd) c.jal   pc - 10
core   0: 3 0x8000c0bc (0x3fdd) x 1 0x8000c0be
core   0: 0x8000c0b2 (0x0000a00d) c.j     pc + 34
core   0: 3 0x8000c0b2 (0xa00d)
core   0: 0x8000c0d4 (0x00a000ef) jal     pc + 0xa
core   0: 3 0x8000c0d4 (0x00a000ef) x 1 0x8000c0d8
core   0: 0x8000c0de (0x0000bfd9) c.j     pc - 42
core   0: 3 0x8000c0de (0xbfd9)
core   0: 0x8000c0b4 (0x00a000ef) jal     pc + 0xa
core   0: 3 0x8000c0b4 (0x00a000ef) x 1 0x8000c0b8
core   0: 0x8000c0be (0x0000a009) c.j     pc + 2
core   0: 3 0x8000c0be (0xa009)
core   0: 0x8000c0c0 (0x00002029) c.jal   pc + 10
core   0: 3 0x8000c0c0 (0x2029) x 1 0x8000c0c2
core   0: 0x8000c0ca (0x0000a801) c.j     pc + 16
core   0: 3 0x8000c0ca (0xa801)
core   0: 0x8000c0da (0x00002009) c.jal   pc + 2
core   0: 3 0x8000c0da (0x2009) x 1 0x8000c0dc
core   0: 0x8000c0dc (0x00003ff5) c.jal   pc - 4
core   0: 3 0x8000c0dc (0x3ff5) x 1 0x8000c0de
core   0: 0x8000c0d8 (0x0000b7c5) c.j     pc - 32
core   0: 3 0x8000c0d8 (0xb7c5)
core   0: 0x8000c0b8 (0x0000bfe5) c.j     pc - 8
core   0: 3 0x8000c0b8 (0xbfe5)
core   0: 0x8000c0b0 (0x0000a821) c.j     pc + 24
core   0: 3 0x8000c0b0 (0xa821)
core   0: 0x8000c0c8 (0x00002019) c.jal   pc + 6
core   0: 3 0x8000c0c8 (0x2019) x 1 0x8000c0ca
core   0: 0x8000c0ce (0xff5ff0ef) jal     pc - 0xc
core   0: 3 0x8000c0ce (0xff5ff0ef) x 1 0x8000c0d2
core   0: 0x8000c0c2 (0x0100036f) jal     t1, pc + 0x10
core   0: 3 0x8000c0c2 (0x0100036f) x 6 0x8000c0c6
core   0: 0x8000c0d2 (0x0000a039) c.j     pc + 14
core   0: 3 0x8000c0d2 (0xa039)
core   0: 0x8000c0e0 (0x000037f5) c.jal   pc - 20
core   0: 3 0x8000c0e0 (0x37f5) x 1 0x8000c0e2
core   0: 0x8000c0cc (0x000037fd) c.jal   pc - 18
core   0: 3 0x8000c0cc (0x37fd) x 1 0x8000c0ce
core   0: 0x8000c0ba (0x00002025) c.jal   pc + 40
core   0: 3 0x8000c0ba (0x2025) x 1 0x8000c0bc
core   0: 0x8000c0e2 (0x00008ccd) c.or    s1, a1
core   0: 3 0x8000c0e2 (0x8ccd) x 9 0xffffffaa
core   0: 0x8000c0e4 (0x00005697) auipc   a3, 0x5
core   0: 3 0x8000c0e4 (0x00005697) x13 0x800110e4
core   0: 0x8000c0e8 (0x9c568693) addi    a3, a3, -1595
core   0: 3 0x8000c0e8 (0x9c568693) x13 0x80010aa9
core   0: 0x8000c0ec (0x0000fd97) auipc   s11, 0xf
core   0: 3 0x8000c0ec (0x0000fd97) x27 0x8001b0ec
core   0: 0x8000c0f0 (0xaedd8d93) addi    s11, s11, -1299
core   0: 3 0x8000c0f0 (0xaedd8d93) x27 0x8001abd9
core   0: 0x8000c0f4 (0xff268723) sb      s2, -18(a3)
core   0: 3 0x8000c0f4 (0xff268723) mem 0x80010a97 0x0
core   0: 0x8000c0f8 (0xffadcd03) lbu     s10, -6(s11)
core   0: 3 0x8000c0f8 (0xffadcd03) x26 0x0000008f mem 0x8001abd3
core   0: 0x8000c0fc (0xff5d8403) lb      s0, -11(s11)
core   0: 3 0x8000c0fc (0xff5d8403) x 8 0xffffffe8 mem 0x8001abce
core   0: 0x8000c100 (0x25d6d983) lhu     s3, 605(a3)
core   0: 3 0x8000c100 (0x25d6d983) x19 0x000037bf mem 0x80010d06
core   0: 0x8000c104 (0xff4dcb83) lbu     s7, -12(s11)
core   0: 3 0x8000c104 (0xff4dcb83) x23 0x000000ad mem 0x8001abcd
core   0: 0x8000c108 (0x00bdcb03) lbu     s6, 11(s11)
core   0: 3 0x8000c108 (0x00bdcb03) x22 0x000000b2 mem 0x8001abe4
core   0: 0x8000c10c (0x27668c03) lb      s8, 630(a3)
core   0: 3 0x8000c10c (0x27668c03) x24 0xffffffcb mem 0x80010d1f
core   0: 0x8000c110 (0xfe4d8d23) sb      tp, -6(s11)
core   0: 3 0x8000c110 (0xfe4d8d23) mem 0x8001abd3 0x0
core   0: 0x8000c114 (0x002dc983) lbu     s3, 2(s11)
core   0: 3 0x8000c114 (0x002dc983) x19 0x000000ec mem 0x8001abdb
core   0: 0x8000c118 (0x3fd69483) lh      s1, 1021(a3)
core   0: 3 0x8000c118 (0x3fd69483) x 9 0x0000242a mem 0x80010ea6
core   0: 0x8000c11c (0xffadcf83) lbu     t6, -6(s11)
core   0: 3 0x8000c11c (0xffadcf83) x31 0x00000000 mem 0x8001abd3
core   0: 0x8000c120 (0x19868a83) lb      s5, 408(a3)
core   0: 3 0x8000c120 (0x19868a83) x21 0xffffffa8 mem 0x80010c41
core   0: 0x8000c124 (0xfebd8c23) sb      a1, -8(s11)
core   0: 3 0x8000c124 (0xfebd8c23) mem 0x8001abd1 0xaa
core   0: 0x8000c128 (0x00009397) auipc   t2, 0x9
core   0: 3 0x8000c128 (0x00009397) x 7 0x80015128
core   0: 0x8000c12c (0x29938393) addi    t2, t2, 665
core   0: 3 0x8000c12c (0x29938393) x 7 0x800153c1
core   0: 0x8000c130 (0x491e8e13) addi    t3, t4, 1169
core   0: 3 0x8000c130 (0x491e8e13) x28 0xffff9491
core   0: 0x8000c134 (0x0ab399a3) sh      a1, 179(t2)
core   0: 3 0x8000c134 (0x0ab399a3) mem 0x80015474 0xffaa
core   0: 0x8000c138 (0x77d3c683) lbu     a3, 1917(t2)
core   0: 3 0x8000c138 (0x77d3c683) x13 0x00000087 mem 0x80015b3e
core   0: 0x8000c13c (0x0206eb33) rem     s6, a3, zero
core   0: 3 0x8000c13c (0x0206eb33) x22 0x00000087
core   0: 0x8000c140 (0x5c638c23) sb      t1, 1496(t2)
core   0: 3 0x8000c140 (0x5c638c23) mem 0x80015999 0xc6
core   0: 0x8000c144 (0x5e338c23) sb      gp, 1528(t2)
core   0: 3 0x8000c144 (0x5e338c23) mem 0x800159b9 0x50
core   0: 0x8000c148 (0x00008f0a) c.mv    t5, sp
core   0: 3 0x8000c148 (0x8f0a) x30 0x50d1f000
core   0: 0x8000c14a (0x1ba38323) sb      s10, 422(t2)
core   0: 3 0x8000c14a (0x1ba38323) mem 0x80015567 0x8f
core   0: 0x8000c14e (0x07b3c083) lbu     ra, 123(t2)
core   0: 3 0x8000c14e (0x07b3c083) x 1 0x0000002c mem 0x8001543c
core   0: 0x8000c152 (0x02de4ab3) div     s5, t3, a3
core   0: 3 0x8000c152 (0x02de4ab3) x21 0xffffff35
core   0: 0x8000c156 (0xa1b3aa03) lw      s4, -1509(t2)
core   0: 3 0x8000c156 (0xa1b3aa03) x20 0x36621079 mem 0x80014ddc
core   0: 0x8000c15a (0x0ff0000f) fence   iorw,iorw
core   0: 3 0x8000c15a (0x0ff0000f)
core   0: 0x8000c15e (0xf103c303) lbu     t1, -240(t2)
core   0: 3 0x8000c15e (0xf103c303) x 6 0x00000050 mem 0x800152d1
core   0: 0x8000c162 (0x24238e23) sb      sp, 604(t2)
core   0: 3 0x8000c162 (0x24238e23) mem 0x8001561d 0x0
core   0: 0x8000c166 (0x01ab86b3) add     a3, s7, s10
core   0: 3 0x8000c166 (0x01ab86b3) x13 0x0000013c
core   0: 0x8000c16a (0x50e38623) sb      a4, 1292(t2)
core   0: 3 0x8000c16a (0x50e38623) mem 0x800158cd 0xe4
core   0: 0x8000c16e (0x28338023) sb      gp, 640(t2)
core   0: 3 0x8000c16e (0x28338023) mem 0x80015641 0x50
core   0: 0x8000c172 (0x04a38203) lb      tp, 74(t2)
core   0: 3 0x8000c172 (0x04a38203) x 4 0x00000048 mem 0x8001540b
core   0: 0x8000c176 (0x68638b83) lb      s7, 1670(t2)
core   0: 3 0x8000c176 (0x68638b83) x23 0x0000003f mem 0x80015a47
core   0: 0x8000c17a (0x6fa3cd83) lbu     s11, 1786(t2)
core   0: 3 0x8000c17a (0x6fa3cd83) x27 0x0000003a mem 0x80015abb
core   0: 0x8000c17e (0x03535033) divu    zero, t1, s5
core   0: 3 0x8000c17e (0x03535033)
core   0: 0x8000c182 (0x00008e71) c.and   a2, a2
core   0: 3 0x8000c182 (0x8e71) x12 0xfffffff3
core   0: 0x8000c184 (0x7f739303) lh      t1, 2039(t2)
core   0: 3 0x8000c184 (0x7f739303) x 6 0xffffe081 mem 0x80015bb8
core   0: 0x8000c188 (0x00000001) c.nop
core   0: 3 0x8000c188 (0x0001)
core   0: 0x8000c18a (0xddb3c303) lbu     t1, -549(t2)
core   0: 3 0x8000c18a (0xddb3c303) x 6 0x00000029 mem 0x8001519c
core   0: 0x8000c18e (0x0000100f) fence.i
core   0: 3 0x8000c18e (0x0000100f)
core   0: 0x8000c192 (0x33539d83) lh      s11, 821(t2)
core   0: 3 0x8000c192 (0x33539d83) x27 0xffff8603 mem 0x800156f6
core   0: 0x8000c196 (0x5b43c583) lbu     a1, 1460(t2)
core   0: 3 0x8000c196 (0x5b43c583) x11 0x000000be mem 0x80015975
core   0: 0x8000c19a (0x6d638a03) lb      s4, 1750(t2)
core   0: 3 0x8000c19a (0x6d638a03) x20 0x0000002b mem 0x80015a97
core   0: 0x8000c19e (0xd3438283) lb      t0, -716(t2)
core   0: 3 0x8000c19e (0xd3438283) x 5 0xffffffd7 mem 0x800150f5
core   0: 0x8000c1a2 (0x88b3ada3) sw      a1, -1893(t2)
core   0: 3 0x8000c1a2 (0x88b3ada3) mem 0x80014c5c 0x000000be
core   0: 0x8000c1a6 (0xcda38a03) lb      s4, -806(t2)
core   0: 3 0x8000c1a6 (0xcda38a03) x20 0xffffffa0 mem 0x8001509b
core   0: 0x8000c1aa (0xb6038e03) lb      t3, -1184(t2)
core   0: 3 0x8000c1aa (0xb6038e03) x28 0xffffff89 mem 0x80014f21
core   0: 0x8000c1ae (0x000085e6) c.mv    a1, s9
core   0: 3 0x8000c1ae (0x85e6) x11 0x80000000
core   0: 0x8000c1b0 (0x32c38a83) lb      s5, 812(t2)
core   0: 3 0x8000c1b0 (0x32c38a83) x21 0xffffff97 mem 0x800156ed
core   0: 0x8000c1b4 (0xf0f38b83) lb      s7, -241(t2)
core   0: 3 0x8000c1b4 (0xf0f38b83) x23 0xffffffcb mem 0x800152d0
core   0: 0x8000c1b8 (0x00005e97) auipc   t4, 0x5
core   0: 3 0x8000c1b8 (0x00005e97) x29 0x800111b8
core   0: 0x8000c1bc (0xb5ce8e93) addi    t4, t4, -1188
core   0: 3 0x8000c1bc (0xb5ce8e93) x29 0x80010d14
core   0: 0x8000c1c0 (0x00004397) auipc   t2, 0x4
core   0: 3 0x8000c1c0 (0x00004397) x 7 0x800101c0
core   0: 0x8000c1c4 (0x63a38393) addi    t2, t2, 1594
core   0: 3 0x8000c1c4 (0x63a38393) x 7 0x800107fa
core   0: 0x8000c1c8 (0xbd5e8983) lb      s3, -1067(t4)
core   0: 3 0x8000c1c8 (0xbd5e8983) x19 0xffffff8c mem 0x800108e9
core   0: 0x8000c1cc (0x00338523) sb      gp, 10(t2)
core   0: 3 0x8000c1cc (0x00338523) mem 0x80010804 0x50
core   0: 0x8000c1d0 (0xfd3e89a3) sb      s3, -45(t4)
core   0: 3 0x8000c1d0 (0xfd3e89a3) mem 0x80010ce7 0x8c
core   0: 0x8000c1d4 (0xfede9923) sh      a3, -14(t4)
core   0: 3 0x8000c1d4 (0xfede9923) mem 0x80010d06 0x013c
core   0: 0x8000c1d8 (0x00c38003) lb      zero, 12(t2)
core   0: 3 0x8000c1d8 (0x00c38003) mem 0x80010806
core   0: 0x8000c1dc (0xcffe8103) lb      sp, -769(t4)
core   0: 3 0x8000c1dc (0xcffe8103) x 2 0x00000073 mem 0x80010a13
core   0: 0x8000c1e0 (0xff738c03) lb      s8, -9(t2)
core   0: 3 0x8000c1e0 (0xff738c03) x24 0xffffffde mem 0x800107f1
core   0: 0x8000c1e4 (0xb5de8483) lb      s1, -1187(t4)
core   0: 3 0x8000c1e4 (0xb5de8483) x 9 0x00000013 mem 0x80010871
core   0: 0x8000c1e8 (0xda9e9d23) sh      s1, -582(t4)
core   0: 3 0x8000c1e8 (0xda9e9d23) mem 0x80010ace 0x0013
core   0: 0x8000c1ec (0x13de8fa3) sb      t4, 319(t4)
core   0: 3 0x8000c1ec (0x13de8fa3) mem 0x80010e53 0x14
core   0: 0x8000c1f0 (0x00e381a3) sb      a4, 3(t2)
core   0: 3 0x8000c1f0 (0x00e381a3) mem 0x800107fd 0xe4
core   0: 0x8000c1f4 (0x01f384a3) sb      t6, 9(t2)
core   0: 3 0x8000c1f4 (0x01f384a3) mem 0x80010803 0x0
core   0: 0x8000c1f8 (0x13de85a3) sb      t4, 299(t4)
core   0: 3 0x8000c1f8 (0x13de85a3) mem 0x80010e3f 0x14
core   0: 0x8000c1fc (0x0053cb03) lbu     s6, 5(t2)
core   0: 3 0x8000c1fc (0x0053cb03) x22 0x00000065 mem 0x800107ff
core   0: 0x8000c200 (0x20ce80a3) sb      a2, 513(t4)
core   0: 3 0x8000c200 (0x20ce80a3) mem 0x80010f15 0xf3
core   0: 0x8000c204 (0x01839723) sh      s8, 14(t2)
core   0: 3 0x8000c204 (0x01839723) mem 0x80010808 0xffde
core   0: 0x8000c208 (0x00004297) auipc   t0, 0x4
core   0: 3 0x8000c208 (0x00004297) x 5 0x80010208
core   0: 0x8000c20c (0x17328293) addi    t0, t0, 371
core   0: 3 0x8000c20c (0x17328293) x 5 0x8001037b
core   0: 0x8000c210 (0x00428623) sb      tp, 12(t0)
core   0: 3 0x8000c210 (0x00428623) mem 0x80010387 0x48
core   0: 0x8000c214 (0x00010a97) auipc   s5, 0x10
core   0: 3 0x8000c214 (0x00010a97) x21 0x8001c214
core   0: 0x8000c218 (0x5f4a8a93) addi    s5, s5, 1524
core   0: 3 0x8000c218 (0x5f4a8a93) x21 0x8001c808
core   0: 0x8000c21c (0x861ac203) lbu     tp, -1951(s5)
core   0: 3 0x8000c21c (0x861ac203) x 4 0x000000d3 mem 0x8001c069
core   0: 0x8000c220 (0x00d29603) lh      a2, 13(t0)
core   0: 3 0x8000c220 (0x00d29603) x12 0xffffa93f mem 0x80010388
core   0: 0x8000c224 (0x799a89a3) sb      s9, 1939(s5)
core   0: 3 0x8000c224 (0x799a89a3) mem 0x8001cf9b 0x0
core   0: 0x8000c228 (0x01b2a4a3) sw      s11, 9(t0)
core   0: 3 0x8000c228 (0x01b2a4a3) mem 0x80010384 0xffff8603
core   0: 0x8000c22c (0x00828c03) lb      s8, 8(t0)
core   0: 3 0x8000c22c (0x00828c03) x24 0xffffffe8 mem 0x80010383
core   0: 0x8000c230 (0x06eaa423) sw      a4, 104(s5)
core   0: 3 0x8000c230 (0x06eaa423) mem 0x8001c870 0x80029ce4
core   0: 0x8000c234 (0x1e0a8a03) lb      s4, 480(s5)
core   0: 3 0x8000c234 (0x1e0a8a03) x20 0x00000009 mem 0x8001c9e8
core   0: 0x8000c238 (0xa0da8e03) lb      t3, -1523(s5)
core   0: 3 0x8000c238 (0xa0da8e03) x28 0x00000032 mem 0x8001c215
core   0: 0x8000c23c (0xff728b03) lb      s6, -9(t0)
core   0: 3 0x8000c23c (0xff728b03) x22 0xffffffaf mem 0x80010372
core   0: 0x8000c240 (0x00005497) auipc   s1, 0x5
core   0: 3 0x8000c240 (0x00005497) x 9 0x80011240
core   0: 0x8000c244 (0xced48493) addi    s1, s1, -787
core   0: 3 0x8000c244 (0xced48493) x 9 0x80010f2d
core   0: 0x8000c248 (0x000013fd) c.addi  t2, -1
core   0: 3 0x8000c248 (0x13fd) x 7 0x800107f9
core   0: 0x8000c24a (0x00c3cd33) xor     s10, t2, a2
core   0: 3 0x8000c24a (0x00c3cd33) x26 0x7ffeaec6
core   0: 0x8000c24e (0xfe24c003) lbu     zero, -30(s1)
core   0: 3 0x8000c24e (0xfe24c003) mem 0x80010f0f
core   0: 0x8000c252 (0xfd34cf03) lbu     t5, -45(s1)
core   0: 3 0x8000c252 (0xfd34cf03) x30 0x0000008d mem 0x80010f00
core   0: 0x8000c256 (0x0ff0000f) fence   iorw,iorw
core   0: 3 0x8000c256 (0x0ff0000f)
core   0: 0x8000c25a (0x04048d03) lb      s10, 64(s1)
core   0: 3 0x8000c25a (0x04048d03) x26 0x0000005f mem 0x80010f6d
core   0: 0x8000c25e (0x5ec36a13) ori     s4, t1, 1516
core   0: 3 0x8000c25e (0x5ec36a13) x20 0x000005ed
core   0: 0x8000c262 (0x01033833) sltu    a6, t1, a6
core   0: 3 0x8000c262 (0x01033833) x16 0x00000001
core   0: 0x8000c266 (0x03f0b833) mulhu   a6, ra, t6
core   0: 3 0x8000c266 (0x03f0b833) x16 0x00000000
core   0: 0x8000c26a (0xfdd48a23) sb      t4, -44(s1)
core   0: 3 0x8000c26a (0xfdd48a23) mem 0x80010f01 0x14
core   0: 0x8000c26e (0x00f0a633) slt     a2, ra, a5
core   0: 3 0x8000c26e (0x00f0a633) x12 0x00000001
core   0: 0x8000c272 (0xfde4ca83) lbu     s5, -34(s1)
core   0: 3 0x8000c272 (0xfde4ca83) x21 0x000000b8 mem 0x80010f0b
core   0: 0x8000c276 (0xfe549fa3) sh      t0, -1(s1)
core   0: 3 0x8000c276 (0xfe549fa3) mem 0x80010f2c 0x037b
core   0: 0x8000c27a (0x41ee06b3) sub     a3, t3, t5
core   0: 3 0x8000c27a (0x41ee06b3) x13 0xffffffa5
core   0: 0x8000c27e (0x02148823) sb      ra, 48(s1)
core   0: 3 0x8000c27e (0x02148823) mem 0x80010f5d 0x2c
core   0: 0x8000c282 (0x01267db3) and     s11, a2, s2
core   0: 3 0x8000c282 (0x01267db3) x27 0x00000000
core   0: 0x8000c286 (0x00000446) c.slli  s0, 17
core   0: 3 0x8000c286 (0x0446) x 8 0xffd00000
core   0: 0x8000c288 (0x00948e83) lb      t4, 9(s1)
core   0: 3 0x8000c288 (0x00948e83) x29 0x0000006e mem 0x80010f36
core   0: 0x8000c28c (0xfd9496a3) sh      s9, -51(s1)
core   0: 3 0x8000c28c (0xfd9496a3) mem 0x80010efa 0x0000
core   0: 0x8000c290 (0x000046c9) c.li    a3, 18
core   0: 3 0x8000c290 (0x46c9) x13 0x00000012
core   0: 0x8000c292 (0x010cdd13) srli    s10, s9, 16
core   0: 3 0x8000c292 (0x010cdd13) x26 0x00008000
core   0: 0x8000c296 (0xfc848383) lb      t2, -56(s1)
core   0: 3 0x8000c296 (0xfc848383) x 7 0xffffffce mem 0x80010ef5
core   0: 0x8000c29a (0x0324c603) lbu     a2, 50(s1)
core   0: 3 0x8000c29a (0x0324c603) x12 0x000000c2 mem 0x80010f5f
core   0: 0x8000c29e (0xc699e193) ori     gp, s3, -919
core   0: 3 0x8000c29e (0xc699e193) x 3 0xffffffed
core   0: 0x8000c2a2 (0x40e0d693) srai    a3, ra, 14
core   0: 3 0x8000c2a2 (0x40e0d693) x13 0x00000000
core   0: 0x8000c2a6 (0xff548b23) sb      s5, -10(s1)
core   0: 3 0x8000c2a6 (0xff548b23) mem 0x80010f23 0xb8
core   0: 0x8000c2aa (0x00900693) li      a3, 9
core   0: 3 0x8000c2aa (0x00900693) x13 0x00000009
core   0: 0x8000c2ae (0x03aceab3) rem     s5, s9, s10
core   0: 3 0x8000c2ae (0x03aceab3) x21 0x00000000
core   0: 0x8000c2b2 (0x00005d7d) c.li    s10, -1
core   0: 3 0x8000c2b2 (0x5d7d) x26 0xffffffff
core   0: 0x8000c2b4 (0x00009a7d) c.andi  a2, -1
core   0: 3 0x8000c2b4 (0x9a7d) x12 0x000000c2
core   0: 0x8000c2b6 (0x03e9df33) divu    t5, s3, t5
core   0: 3 0x8000c2b6 (0x03e9df33) x30 0x01d0cb58
core   0: 0x8000c2ba (0x00600913) li      s2, 6
core   0: 3 0x8000c2ba (0x00600913) x18 0x00000006
core   0: 0x8000c2be (0x1e8b4b93) xori    s7, s6, 488
core   0: 3 0x8000c2be (0x1e8b4b93) x23 0xfffffe47
core   0: 0x8000c2c2 (0x00667ab3) and     s5, a2, t1
core   0: 3 0x8000c2c2 (0x00667ab3) x21 0x00000000
core   0: 0x8000c2c6 (0x01fc31b3) sltu    gp, s8, t6
core   0: 3 0x8000c2c6 (0x01fc31b3) x 3 0x00000000
core   0: 0x8000c2ca (0x000069b5) c.lui   s3, 0xd
core   0: 3 0x8000c2ca (0x69b5) x19 0x0000d000
core   0: 0x8000c2cc (0x00008ba5) c.andi  a5, 9
core   0: 3 0x8000c2cc (0x8ba5) x15 0x00000000
core   0: 0x8000c2ce (0x001f5813) srli    a6, t5, 1
core   0: 3 0x8000c2ce (0x001f5813) x16 0x00e865ac
core   0: 0x8000c2d2 (0x03c18833) mul     a6, gp, t3
core   0: 3 0x8000c2d2 (0x03c18833) x16 0x00000000
core   0: 0x8000c2d6 (0x010bb333) sltu    t1, s7, a6
core   0: 3 0x8000c2d6 (0x010bb333) x 6 0x00000000
core   0: 0x8000c2da (0x0000965e) c.add   a2, s7
core   0: 3 0x8000c2da (0x965e) x12 0xffffff09
core   0: 0x8000c2dc (0x01a81c13) slli    s8, a6, 26
core   0: 3 0x8000c2dc (0x01a81c13) x24 0x00000000
core   0: 0x8000c2e0 (0x00c42fb3) slt     t6, s0, a2
core   0: 3 0x8000c2e0 (0x00c42fb3) x31 0x00000001
core   0: 0x8000c2e4 (0x00006d59) c.lui   s10, 0x16
core   0: 3 0x8000c2e4 (0x6d59) x26 0x00016000
core   0: 0x8000c2e6 (0x000016f1) c.addi  a3, -4
core   0: 3 0x8000c2e6 (0x16f1) x13 0x00000005
core   0: 0x8000c2e8 (0x03e4f5b3) remu    a1, s1, t5
core   0: 3 0x8000c2e8 (0x03e4f5b3) x11 0x00e9751d
core   0: 0x8000c2ec (0x00008e2d) c.xor   a2, a1
core   0: 3 0x8000c2ec (0x8e2d) x12 0xff168a14
core   0: 0x8000c2ee (0x01ae6013) ori     zero, t3, 26
core   0: 3 0x8000c2ee (0x01ae6013)
core   0: 0x8000c2f2 (0x00008e6d) c.and   a2, a1
core   0: 3 0x8000c2f2 (0x8e6d) x12 0x00000014
core   0: 0x8000c2f4 (0x00008c3d) c.xor   s0, a5
core   0: 3 0x8000c2f4 (0x8c3d) x 8 0xffd00000
core   0: 0x8000c2f6 (0x00009d62) c.add   s10, s8
core   0: 3 0x8000c2f6 (0x9d62) x26 0x00016000
core   0: 0x8000c2f8 (0x000084aa) c.mv    s1, a0
core   0: 3 0x8000c2f8 (0x84aa) x 9 0xffffffff
core   0: 0x8000c2fa (0x000051fd) c.li    gp, -1
core   0: 3 0x8000c2fa (0x51fd) x 3 0xffffffff
core   0: 0x8000c2fc (0x00000146) c.slli  sp, 17
core   0: 3 0x8000c2fc (0x0146) x 2 0x00e60000
core   0: 0x8000c2fe (0xfd26f6e3) bgeu    a3, s2, pc - 52
core   0: 3 0x8000c2fe (0xfd26f6e3)
core   0: 0x8000c302 (0x00008469) c.srai  s0, 26
core   0: 3 0x8000c302 (0x8469) x 8 0xffffffff
core   0: 0x8000c304 (0x00004f97) auipc   t6, 0x4
core   0: 3 0x8000c304 (0x00004f97) x31 0x80010304
core   0: 0x8000c308 (0x668f8f93) addi    t6, t6, 1640
core   0: 3 0x8000c308 (0x668f8f93) x31 0x8001096c
core   0: 0x8000c30c (0x9d5f9123) sh      s5, -1598(t6)
core   0: 3 0x8000c30c (0x9d5f9123) mem 0x8001032e 0x0000
core   0: 0x8000c310 (0x0000eb17) auipc   s6, 0xe
core   0: 3 0x8000c310 (0x0000eb17) x22 0x8001a310
core   0: 0x8000c314 (0xe30b0b13) addi    s6, s6, -464
core   0: 3 0x8000c314 (0xe30b0b13) x22 0x8001a140
core   0: 0x8000c318 (0xe49b0ba3) sb      s1, -425(s6)
core   0: 3 0x8000c318 (0xe49b0ba3) mem 0x80019f97 0xff
core   0: 0x8000c31c (0x684fdc03) lhu     s8, 1668(t6)
core   0: 3 0x8000c31c (0x684fdc03) x24 0x00006fc9 mem 0x80010ff0
core   0: 0x8000c320 (0x3b5fce83) lbu     t4, 949(t6)
core   0: 3 0x8000c320 (0x3b5fce83) x29 0x000000c6 mem 0x80010d21
core   0: 0x8000c324 (0x01ef8b83) lb      s7, 30(t6)
core   0: 3 0x8000c324 (0x01ef8b83) x23 0xffffffc7 mem 0x8001098a
core   0: 0x8000c328 (0xdccf9723) sh      a2, -562(t6)
core   0: 3 0x8000c328 (0xdccf9723) mem 0x8001073a 0x0014
core   0: 0x8000c32c (0x082b0603) lb      a2, 130(s6)
core   0: 3 0x8000c32c (0x082b0603) x12 0x00000015 mem 0x8001a1c2
core   0: 0x8000c330 (0xe70f8d83) lb      s11, -400(t6)
core   0: 3 0x8000c330 (0xe70f8d83) x27 0xffffffc1 mem 0x800107dc
core   0: 0x8000c334 (0x625b4d83) lbu     s11, 1573(s6)
core   0: 3 0x8000c334 (0x625b4d83) x27 0x0000001c mem 0x8001a765
core   0: 0x8000c338 (0xe91b4103) lbu     sp, -367(s6)
core   0: 3 0x8000c338 (0xe91b4103) x 2 0x0000008c mem 0x80019fd1
core   0: 0x8000c33c (0xd1db4903) lbu     s2, -739(s6)
core   0: 3 0x8000c33c (0xd1db4903) x18 0x000000b9 mem 0x80019e5d
core   0: 0x8000c340 (0xa1ef8123) sb      t5, -1534(t6)
core   0: 3 0x8000c340 (0xa1ef8123) mem 0x8001036e 0x58
core   0: 0x8000c344 (0x008002ef) jal     t0, pc + 0x8
core   0: 3 0x8000c344 (0x008002ef) x 5 0x8000c348
core   0: 0x8000c34c (0x020000ef) jal     pc + 0x20
core   0: 3 0x8000c34c (0x020000ef) x 1 0x8000c350
core   0: 0x8000c36c (0x000037f5) c.jal   pc - 20
core   0: 3 0x8000c36c (0x37f5) x 1 0x8000c36e
core   0: 0x8000c358 (0x01c0036f) jal     t1, pc + 0x1c
core   0: 3 0x8000c358 (0x01c0036f) x 6 0x8000c35c
core   0: 0x8000c374 (0xfe9ff0ef) jal     pc - 0x18
core   0: 3 0x8000c374 (0xfe9ff0ef) x 1 0x8000c378
core   0: 0x8000c35c (0xff7ff0ef) jal     pc - 0xa
core   0: 3 0x8000c35c (0xff7ff0ef) x 1 0x8000c360
core   0: 0x8000c352 (0x00e00d6f) jal     s10, pc + 0xe
core   0: 3 0x8000c352 (0x00e00d6f) x26 0x8000c356
core   0: 0x8000c360 (0x01800b6f) jal     s6, pc + 0x18
core   0: 3 0x8000c360 (0x01800b6f) x22 0x8000c364
core   0: 0x8000c378 (0xff3ffeef) jal     t4, pc - 0xe
core   0: 3 0x8000c378 (0xff3ffeef) x29 0x8000c37c
core   0: 0x8000c36a (0x00003ffd) c.jal   pc - 2
core   0: 3 0x8000c36a (0x3ffd) x 1 0x8000c36c
core   0: 0x8000c368 (0x0000bff5) c.j     pc - 4
core   0: 3 0x8000c368 (0xbff5)
core   0: 0x8000c364 (0x018000ef) jal     pc + 0x18
core   0: 3 0x8000c364 (0x018000ef) x 1 0x8000c368
core   0: 0x8000c37c (0x000037f1) c.jal   pc - 52
core   0: 3 0x8000c37c (0x37f1) x 1 0x8000c37e
core   0: 0x8000c348 (0x008004ef) jal     s1, pc + 0x8
core   0: 3 0x8000c348 (0x008004ef) x 9 0x8000c34c
core   0: 0x8000c350 (0x0000a019) c.j     pc + 6
core   0: 3 0x8000c350 (0xa019)
core   0: 0x8000c356 (0x00002025) c.jal   pc + 40
core   0: 3 0x8000c356 (0x2025) x 1 0x8000c358
core   0: 0x8000c37e (0xff1ff0ef) jal     pc - 0x10
core   0: 3 0x8000c37e (0xff1ff0ef) x 1 0x8000c382
core   0: 0x8000c36e (0x00002009) c.jal   pc + 2
core   0: 3 0x8000c36e (0x2009) x 1 0x8000c370
core   0: 0x8000c370 (0x012000ef) jal     pc + 0x12
core   0: 3 0x8000c370 (0x012000ef) x 1 0x8000c374
core   0: 0x8000c382 (0x000087a5) c.srai  a5, 9
core   0: 3 0x8000c382 (0x87a5) x15 0x00000000
core   0: 0x8000c384 (0x0000b397) auipc   t2, 0xb
core   0: 3 0x8000c384 (0x0000b397) x 7 0x80017384
core   0: 0x8000c388 (0x84538393) addi    t2, t2, -1979
core   0: 3 0x8000c388 (0x84538393) x 7 0x80016bc9
core   0: 0x8000c38c (0x84b2c5b7) lui     a1, 0x84b2c
core   0: 3 0x8000c38c (0x84b2c5b7) x11 0x84b2c000
core   0: 0x8000c390 (0x01084033) xor     zero, a6, a6
core   0: 3 0x8000c390 (0x01084033)
core   0: 0x8000c394 (0x024595b3) mulh    a1, a1, tp
core   0: 3 0x8000c394 (0x024595b3) x11 0xffffff9a
core   0: 0x8000c398 (0x0ff0000f) fence   iorw,iorw
core   0: 3 0x8000c398 (0x0ff0000f)
core   0: 0x8000c39c (0x00b5cab3) xor     s5, a1, a1
core   0: 3 0x8000c39c (0x00b5cab3) x21 0x00000000
core   0: 0x8000c3a0 (0x03000833) mul     a6, zero, a6
core   0: 3 0x8000c3a0 (0x03000833) x16 0x00000000
core   0: 0x8000c3a4 (0xe6b394a3) sh      a1, -407(t2)
core   0: 3 0x8000c3a4 (0xe6b394a3) mem 0x80016a32 0xff9a
core   0: 0x8000c3a8 (0x40285613) srai    a2, a6, 2
core   0: 3 0x8000c3a8 (0x40285613) x12 0x00000000
core   0: 0x8000c3ac (0x00422233) slt     tp, tp, tp
core   0: 3 0x8000c3ac (0x00422233) x 4 0x00000000
core   0: 0x8000c3b0 (0xccc38023) sb      a2, -832(t2)
core   0: 3 0x8000c3b0 (0xccc38023) mem 0x80016889 0x0
core   0: 0x8000c3b4 (0x2183c583) lbu     a1, 536(t2)
core   0: 3 0x8000c3b4 (0x2183c583) x11 0x00000046 mem 0x80016de1
core   0: 0x8000c3b8 (0xb85f2597) auipc   a1, 0xb85f2
core   0: 3 0x8000c3b8 (0xb85f2597) x11 0x385fe3b8
core   0: 0x8000c3bc (0xd353d803) lhu     a6, -715(t2)
core   0: 3 0x8000c3bc (0xd353d803) x16 0x0000ccfc mem 0x800168fe
core   0: 0x8000c3c0 (0x0000587d) c.li    a6, -1
core   0: 3 0x8000c3c0 (0x587d) x16 0xffffffff
core   0: 0x8000c3c2 (0x0245a033) mulhsu  zero, a1, tp
core   0: 3 0x8000c3c2 (0x0245a033)
core   0: 0x8000c3c6 (0xd8438023) sb      tp, -640(t2)
core   0: 3 0x8000c3c6 (0xd8438023) mem 0x80016949 0x0
core   0: 0x8000c3ca (0x00009a7d) c.andi  a2, -1
core   0: 3 0x8000c3ca (0x9a7d) x12 0x00000000
core   0: 0x8000c3cc (0x7ec3c803) lbu     a6, 2028(t2)
core   0: 3 0x8000c3cc (0x7ec3c803) x16 0x0000001d mem 0x800173b5
core   0: 0x8000c3d0 (0xaea66593) ori     a1, a2, -1302
core   0: 3 0x8000c3d0 (0xaea66593) x11 0xfffffaea
core   0: 0x8000c3d4 (0x000055fd) c.li    a1, -1
core   0: 3 0x8000c3d4 (0x55fd) x11 0xffffffff
core   0: 0x8000c3d6 (0xdac380a3) sb      a2, -607(t2)
core   0: 3 0x8000c3d6 (0xdac380a3) mem 0x8001696a 0x0
core   0: 0x8000c3da (0x00c5c833) xor     a6, a1, a2
core   0: 3 0x8000c3da (0x00c5c833) x16 0xffffffff
core   0: 0x8000c3de (0x01659a93) slli    s5, a1, 22
core   0: 3 0x8000c3de (0x01659a93) x21 0xffc00000
core   0: 0x8000c3e2 (0x3503c003) lbu     zero, 848(t2)
core   0: 3 0x8000c3e2 (0x3503c003) mem 0x80016f19
core   0: 0x8000c3e6 (0x00baa233) slt     tp, s5, a1
core   0: 3 0x8000c3e6 (0x00baa233) x 4 0x00000001
core   0: 0x8000c3ea (0x0353c203) lbu     tp, 53(t2)
core   0: 3 0x8000c3ea (0x0353c203) x 4 0x000000db mem 0x80016bfe
core   0: 0x8000c3ee (0x78c80813) addi    a6, a6, 1932
core   0: 3 0x8000c3ee (0x78c80813) x16 0x0000078b
core   0: 0x8000c3f2 (0x00008df1) c.and   a1, a2
core   0: 3 0x8000c3f2 (0x8df1) x11 0x00000000
core   0: 0x8000c3f4 (0x00008a6d) c.andi  a2, 27
core   0: 3 0x8000c3f4 (0x8a6d) x12 0x00000000
core   0: 0x8000c3f6 (0x51538aa3) sb      s5, 1301(t2)
core   0: 3 0x8000c3f6 (0x51538aa3) mem 0x800170de 0x0
core   0: 0x8000c3fa (0x00008e0d) c.sub   a2, a1
core   0: 3 0x8000c3fa (0x8e0d) x12 0x00000000
core   0: 0x8000c3fc (0x2c03c603) lbu     a2, 704(t2)
core   0: 3 0x8000c3fc (0x2c03c603) x12 0x0000003f mem 0x80016e89
core   0: 0x8000c400 (0x03f39a83) lh      s5, 63(t2)
core   0: 3 0x8000c400 (0x03f39a83) x21 0x00003ab7 mem 0x80016c08
core   0: 0x8000c404 (0x620385a3) sb      zero, 1579(t2)
core   0: 3 0x8000c404 (0x620385a3) mem 0x800171f4 0x0
core   0: 0x8000c408 (0x00a01813) slli    a6, zero, 10
core   0: 3 0x8000c408 (0x00a01813) x16 0x00000000
core   0: 0x8000c40c (0x5853d003) lhu     zero, 1413(t2)
core   0: 3 0x8000c40c (0x5853d003) mem 0x8001714e
core   0: 0x8000c410 (0x00004197) auipc   gp, 0x4
core   0: 3 0x8000c410 (0x00004197) x 3 0x80010410
core   0: 0x8000c414 (0xe5518193) addi    gp, gp, -427
core   0: 3 0x8000c414 (0xe5518193) x 3 0x80010265
core   0: 0x8000c418 (0x00b1a5a3) sw      a1, 11(gp)
core   0: 3 0x8000c418 (0x00b1a5a3) mem 0x80010270 0x00000000
core   0: 0x8000c41c (0x00009997) auipc   s3, 0x9
core   0: 3 0x8000c41c (0x00009997) x19 0x8001541c
core   0: 0x8000c420 (0x31698993) addi    s3, s3, 790
core   0: 3 0x8000c420 (0x31698993) x19 0x80015732
core   0: 0x8000c424 (0xff299683) lh      a3, -14(s3)
core   0: 3 0x8000c424 (0xff299683) x13 0xffff917f mem 0x80015724
core   0: 0x8000c428 (0x04e1c583) lbu     a1, 78(gp)
core   0: 3 0x8000c428 (0x04e1c583) x11 0x00000039 mem 0x800102b3
core   0: 0x8000c42c (0x01a98723) sb      s10, 14(s3)
core   0: 3 0x8000c42c (0x01a98723) mem 0x80015740 0x56
core   0: 0x8000c430 (0x00818503) lb      a0, 8(gp)
core   0: 3 0x8000c430 (0x00818503) x10 0x00000022 mem 0x8001026d
core   0: 0x8000c434 (0xfae1c503) lbu     a0, -82(gp)
core   0: 3 0x8000c434 (0xfae1c503) x10 0x00000006 mem 0x80010213
core   0: 0x8000c438 (0x0019a723) sw      ra, 14(s3)
core   0: 3 0x8000c438 (0x0019a723) mem 0x80015740 0x8000c374
core   0: 0x8000c43c (0x00299e83) lh      t4, 2(s3)
core   0: 3 0x8000c43c (0x00299e83) x29 0xfffffb8e mem 0x80015734
core   0: 0x8000c440 (0xf611cf83) lbu     t6, -159(gp)
core   0: 3 0x8000c440 (0xf611cf83) x31 0x0000009a mem 0x800101c6
core   0: 0x8000c444 (0x00898503) lb      a0, 8(s3)
core   0: 3 0x8000c444 (0x00898503) x10 0xffffff9b mem 0x8001573a
core   0: 0x8000c448 (0xff198803) lb      a6, -15(s3)
core   0: 3 0x8000c448 (0xff198803) x16 0xffffffbe mem 0x80015723
core   0: 0x8000c44c (0x0eb18e23) sb      a1, 252(gp)
core   0: 3 0x8000c44c (0x0eb18e23) mem 0x80010361 0x39
core   0: 0x8000c450 (0x00c9c083) lbu     ra, 12(s3)
core   0: 3 0x8000c450 (0x00c9c083) x 1 0x00000026 mem 0x8001573e
core   0: 0x8000c454 (0x00d98a83) lb      s5, 13(s3)
core   0: 3 0x8000c454 (0x00d98a83) x21 0xffffffb0 mem 0x8001573f
core   0: 0x8000c458 (0xf801c283) lbu     t0, -128(gp)
core   0: 3 0x8000c458 (0xf801c283) x 5 0x0000006b mem 0x800101e5
core   0: 0x8000c45c (0x0109c683) lbu     a3, 16(s3)
core   0: 3 0x8000c45c (0x0109c683) x13 0x00000000 mem 0x80015742
core   0: 0x8000c460 (0xfe7989a3) sb      t2, -13(s3)
core   0: 3 0x8000c460 (0xfe7989a3) mem 0x80015725 0xc9
core   0: 0x8000c464 (0xf3218b23) sb      s2, -202(gp)
core   0: 3 0x8000c464 (0xf3218b23) mem 0x8001019b 0xb9
core   0: 0x8000c468 (0x00004d97) auipc   s11, 0x4
core   0: 3 0x8000c468 (0x00004d97) x27 0x80010468
core   0: 0x8000c46c (0x072d8d93) addi    s11, s11, 114
core   0: 3 0x8000c46c (0x072d8d93) x27 0x800104da
core   0: 0x8000c470 (0x00010397) auipc   t2, 0x10
core   0: 3 0x8000c470 (0x00010397) x 7 0x8001c470
core   0: 0x8000c474 (0xa3438393) addi    t2, t2, -1484
core   0: 3 0x8000c474 (0xa3438393) x 7 0x8001bea4
core   0: 0x8000c478 (0x0273c483) lbu     s1, 39(t2)
core   0: 3 0x8000c478 (0x0273c483) x 9 0x00000056 mem 0x8001becb
core   0: 0x8000c47c (0x008ddb83) lhu     s7, 8(s11)
core   0: 3 0x8000c47c (0x008ddb83) x23 0x0000f316 mem 0x800104e2
core   0: 0x8000c480 (0x02edd783) lhu     a5, 46(s11)
core   0: 3 0x8000c480 (0x02edd783) x15 0x0000c33b mem 0x80010508
core   0: 0x8000c484 (0xfed38c03) lb      s8, -19(t2)
core   0: 3 0x8000c484 (0xfed38c03) x24 0xfffffff8 mem 0x8001be91
core   0: 0x8000c488 (0x02b3c503) lbu     a0, 43(t2)
core   0: 3 0x8000c488 (0x02b3c503) x10 0x00000010 mem 0x8001becf
core   0: 0x8000c48c (0x00c3de83) lhu     t4, 12(t2)
core   0: 3 0x8000c48c (0x00c3de83) x29 0x0000aa93 mem 0x8001beb0
core   0: 0x8000c490 (0x01938803) lb      a6, 25(t2)
core   0: 3 0x8000c490 (0x01938803) x16 0x00000009 mem 0x8001bebd
core   0: 0x8000c494 (0xff5d8283) lb      t0, -11(s11)
core   0: 3 0x8000c494 (0xff5d8283) x 5 0xffffffcc mem 0x800104cf
core   0: 0x8000c498 (0xff73cb03) lbu     s6, -9(t2)
core   0: 3 0x8000c498 (0xff73cb03) x22 0x0000008d mem 0x8001be9b
core   0: 0x8000c49c (0x00538e03) lb      t3, 5(t2)
core   0: 3 0x8000c49c (0x00538e03) x28 0xffffffb6 mem 0x8001bea9
core   0: 0x8000c4a0 (0x00e38ba3) sb      a4, 23(t2)
core   0: 3 0x8000c4a0 (0x00e38ba3) mem 0x8001bebb 0xe4
core   0: 0x8000c4a4 (0xfe4d9303) lh      t1, -28(s11)
core   0: 3 0x8000c4a4 (0xfe4d9303) x 6 0x00000499 mem 0x800104be
core   0: 0x8000c4a8 (0x0373c083) lbu     ra, 55(t2)
core   0: 3 0x8000c4a8 (0x0373c083) x 1 0x00000081 mem 0x8001bedb
core   0: 0x8000c4ac (0xfd938ba3) sb      s9, -41(t2)
core   0: 3 0x8000c4ac (0xfd938ba3) mem 0x8001be7b 0x0
core   0: 0x8000c4b0 (0xfe7dcc03) lbu     s8, -25(s11)
core   0: 3 0x8000c4b0 (0xfe7dcc03) x24 0x00000028 mem 0x800104c1
core   0: 0x8000c4b4 (0x003d8503) lb      a0, 3(s11)
core   0: 3 0x8000c4b4 (0x003d8503) x10 0x00000048 mem 0x800104dd
core   0: 0x8000c4b8 (0x0000e697) auipc   a3, 0xe
core   0: 3 0x8000c4b8 (0x0000e697) x13 0x8001a4b8
core   0: 0x8000c4bc (0xb1968693) addi    a3, a3, -1255
core   0: 3 0x8000c4bc (0xb1968693) x13 0x80019fd1
core   0: 0x8000c4c0 (0x00012417) auipc   s0, 0x12
core   0: 3 0x8000c4c0 (0x00012417) x 8 0x8001e4c0
core   0: 0x8000c4c4 (0xd1840413) addi    s0, s0, -744
core   0: 3 0x8000c4c4 (0xd1840413) x 8 0x8001e1d8
core   0: 0x8000c4c8 (0x00011917) auipc   s2, 0x11
core   0: 3 0x8000c4c8 (0x00011917) x18 0x8001d4c8
core   0: 0x8000c4cc (0xbb790913) addi    s2, s2, -1097
core   0: 3 0x8000c4cc (0xbb790913) x18 0x8001d07f
core   0: 0x8000c4d0 (0x03d69203) lh      tp, 61(a3)
core   0: 3 0x8000c4d0 (0x03d69203) x 4 0x000017df mem 0x8001a00e
core   0: 0x8000c4d4 (0x0000af17) auipc   t5, 0xa
core   0: 3 0x8000c4d4 (0x0000af17) x30 0x800164d4
core   0: 0x8000c4d8 (0xd79f0f13) addi    t5, t5, -647
core   0: 3 0x8000c4d8 (0xd79f0f13) x30 0x8001624d
core   0: 0x8000c4dc (0x00240223) sb      sp, 4(s0)
core   0: 3 0x8000c4dc (0x00240223) mem 0x8001e1dc 0x8c
core   0: 0x8000c4e0 (0x18df1083) lh      ra, 397(t5)
core   0: 3 0x8000c4e0 (0x18df1083) x 1 0xffffbf30 mem 0x800163da
core   0: 0x8000c4e4 (0x1ccf0483) lb      s1, 460(t5)
core   0: 3 0x8000c4e4 (0x1ccf0483) x 9 0x00000032 mem 0x80016419
core   0: 0x8000c4e8 (0x00011997) auipc   s3, 0x11
core   0: 3 0x8000c4e8 (0x00011997) x19 0x8001d4e8
core   0: 0x8000c4ec (0xfe098993) addi    s3, s3, -32
core   0: 3 0x8000c4ec (0xfe098993) x19 0x8001d4c8
core   0: 0x8000c4f0 (0x00b94003) lbu     zero, 11(s2)
core   0: 3 0x8000c4f0 (0x00b94003) mem 0x8001d08a
core   0: 0x8000c4f4 (0xffc44f83) lbu     t6, -4(s0)
core   0: 3 0x8000c4f4 (0xffc44f83) x31 0x00000039 mem 0x8001e1d4
core   0: 0x8000c4f8 (0xce89a183) lw      gp, -792(s3)
core   0: 3 0x8000c4f8 (0xce89a183) x 3 0x28814be3 mem 0x8001d1b0
core   0: 0x8000c4fc (0xa6ef4303) lbu     t1, -1426(t5)
core   0: 3 0x8000c4fc (0xa6ef4303) x 6 0x00000030 mem 0x80015cbb
core   0: 0x8000c500 (0xff490783) lb      a5, -12(s2)
core   0: 3 0x8000c500 (0xff490783) x15 0xffffff98 mem 0x8001d073
core   0: 0x8000c504 (0x0c4f23a3) sw      tp, 199(t5)
core   0: 3 0x8000c504 (0x0c4f23a3) mem 0x80016314 0x000017df
core   0: 0x8000c508 (0x14f9c283) lbu     t0, 335(s3)
core   0: 3 0x8000c508 (0x14f9c283) x 5 0x00000083 mem 0x8001d617
core   0: 0x8000c50c (0x03569503) lh      a0, 53(a3)
core   0: 3 0x8000c50c (0x03569503) x10 0xffffff14 mem 0x8001a006
core   0: 0x8000c510 (0x00594803) lbu     a6, 5(s2)
core   0: 3 0x8000c510 (0x00594803) x16 0x000000c8 mem 0x8001d084
core   0: 0x8000c514 (0x00d69303) lh      t1, 13(a3)
core   0: 3 0x8000c514 (0x00d69303) x 6 0xffffcee2 mem 0x80019fde
core   0: 0x8000c518 (0xf57f0e03) lb      t3, -169(t5)
core   0: 3 0x8000c518 (0xf57f0e03) x28 0x00000021 mem 0x800161a4
core   0: 0x8000c51c (0x0e59cf83) lbu     t6, 229(s3)
core   0: 3 0x8000c51c (0x0e59cf83) x31 0x000000ed mem 0x8001d5ad
core   0: 0x8000c520 (0xff168a03) lb      s4, -15(a3)
core   0: 3 0x8000c520 (0xff168a03) x20 0xffffffe9 mem 0x80019fc2
core   0: 0x8000c524 (0xeddf0f23) sb      t4, -290(t5)
core   0: 3 0x8000c524 (0xeddf0f23) mem 0x8001612b 0x93
core   0: 0x8000c528 (0xfff94d03) lbu     s10, -1(s2)
core   0: 3 0x8000c528 (0xfff94d03) x26 0x00000099 mem 0x8001d07e
core   0: 0x8000c52c (0x00740583) lb      a1, 7(s0)
core   0: 3 0x8000c52c (0x00740583) x11 0xffffff95 mem 0x8001e1df
core   0: 0x8000c530 (0x00668803) lb      a6, 6(a3)
core   0: 3 0x8000c530 (0x00668803) x16 0x00000012 mem 0x80019fd7
core   0: 0x8000c534 (0x1c3f1803) lh      a6, 451(t5)
core   0: 3 0x8000c534 (0x1c3f1803) x16 0x0000348c mem 0x80016410
core   0: 0x8000c538 (0x003917a3) sh      gp, 15(s2)
core   0: 3 0x8000c538 (0x003917a3) mem 0x8001d08e 0x4be3
core   0: 0x8000c53c (0x7e5f5583) lhu     a1, 2021(t5)
core   0: 3 0x8000c53c (0x7e5f5583) x11 0x0000ff9a mem 0x80016a32
core   0: 0x8000c540 (0x7b59ca03) lbu     s4, 1973(s3)
core   0: 3 0x8000c540 (0x7b59ca03) x20 0x0000001f mem 0x8001dc7d
core   0: 0x8000c544 (0xff190c03) lb      s8, -15(s2)
core   0: 3 0x8000c544 (0xff190c03) x24 0x00000001 mem 0x8001d070
core   0: 0x8000c548 (0xfc76a583) lw      a1, -57(a3)
core   0: 3 0x8000c548 (0xfc76a583) x11 0x611600e2 mem 0x80019f98
core   0: 0x8000c54c (0x8aef0c23) sb      a4, -1864(t5)
core   0: 3 0x8000c54c (0x8aef0c23) mem 0x80015b05 0xe4
core   0: 0x8000c550 (0xff96ce83) lbu     t4, -7(a3)
core   0: 3 0x8000c550 (0xff96ce83) x29 0x000000ee mem 0x80019fca
core   0: 0x8000c554 (0x00f405a3) sb      a5, 11(s0)
core   0: 3 0x8000c554 (0x00f405a3) mem 0x8001e1e3 0x98
core   0: 0x8000c558 (0xb95f1e83) lh      t4, -1131(t5)
core   0: 3 0x8000c558 (0xb95f1e83) x29 0x00005633 mem 0x80015de2
core   0: 0x8000c55c (0xffa91aa3) sh      s10, -11(s2)
core   0: 3 0x8000c55c (0xffa91aa3) mem 0x8001d074 0x0099
core   0: 0x8000c560 (0x00940d83) lb      s11, 9(s0)
core   0: 3 0x8000c560 (0x00940d83) x27 0xffffff8c mem 0x8001e1e1
core   0: 0x8000c564 (0x7ea9ce83) lbu     t4, 2026(s3)
core   0: 3 0x8000c564 (0x7ea9ce83) x29 0x0000007c mem 0x8001dcb2
core   0: 0x8000c568 (0x02c002ef) jal     t0, pc + 0x2c
core   0: 3 0x8000c568 (0x02c002ef) x 5 0x8000c56c
core   0: 0x8000c594 (0x0000bfe5) c.j     pc - 8
core   0: 3 0x8000c594 (0xbfe5)
core   0: 0x8000c58c (0x000037ed) c.jal   pc - 22
core   0: 3 0x8000c58c (0x37ed) x 1 0x8000c58e
core   0: 0x8000c576 (0x00002829) c.jal   pc + 26
core   0: 3 0x8000c576 (0x2829) x 1 0x8000c578
core   0: 0x8000c590 (0x0000bfcd) c.j     pc - 14
core   0: 3 0x8000c590 (0xbfcd)
core   0: 0x8000c582 (0x0000b7ed) c.j     pc - 22
core   0: 3 0x8000c582 (0xb7ed)
core   0: 0x8000c56c (0x0000a039) c.j     pc + 14
core   0: 3 0x8000c56c (0xa039)
core   0: 0x8000c57a (0x00002801) c.jal   pc + 16
core   0: 3 0x8000c57a (0x2801) x 1 0x8000c57c
core   0: 0x8000c58a (0x0000bfcd) c.j     pc - 14
core   0: 3 0x8000c58a (0xbfcd)
core   0: 0x8000c57c (0x0000a00d) c.j     pc + 34
core   0: 3 0x8000c57c (0xa00d)
core   0: 0x8000c59e (0x00003fed) c.jal   pc - 6
core   0: 3 0x8000c59e (0x3fed) x 1 0x8000c5a0
core   0: 0x8000c598 (0xfdbff0ef) jal     pc - 0x26
core   0: 3 0x8000c598 (0xfdbff0ef) x 1 0x8000c59c
core   0: 0x8000c572 (0x02a000ef) jal     pc + 0x2a
core   0: 3 0x8000c572 (0x02a000ef) x 1 0x8000c576
core   0: 0x8000c59c (0x0000bfed) c.j     pc - 6
core   0: 3 0x8000c59c (0xbfed)
core   0: 0x8000c596 (0x00002029) c.jal   pc + 10
core   0: 3 0x8000c596 (0x2029) x 1 0x8000c598
core   0: 0x8000c5a0 (0xfcfff0ef) jal     pc - 0x32
core   0: 3 0x8000c5a0 (0xfcfff0ef) x 1 0x8000c5a4
core   0: 0x8000c56e (0x00002005) c.jal   pc + 32
core   0: 3 0x8000c56e (0x2005) x 1 0x8000c570
core   0: 0x8000c58e (0x00003fdd) c.jal   pc - 10
core   0: 3 0x8000c58e (0x3fdd) x 1 0x8000c590
core   0: 0x8000c584 (0x0000bfd5) c.j     pc - 12
core   0: 3 0x8000c584 (0xbfd5)
core   0: 0x8000c578 (0x00002019) c.jal   pc + 6
core   0: 3 0x8000c578 (0x2019) x 1 0x8000c57a
core   0: 0x8000c57e (0x00003fcd) c.jal   pc - 14
core   0: 3 0x8000c57e (0x3fcd) x 1 0x8000c580
core   0: 0x8000c570 (0x0000a821) c.j     pc + 24
core   0: 3 0x8000c570 (0xa821)
core   0: 0x8000c588 (0x00003ffd) c.jal   pc - 2
core   0: 3 0x8000c588 (0x3ffd) x 1 0x8000c58a
core   0: 0x8000c586 (0x0000a031) c.j     pc + 12
core   0: 3 0x8000c586 (0xa031)
core   0: 0x8000c592 (0x000037fd) c.jal   pc - 18
core   0: 3 0x8000c592 (0x37fd) x 1 0x8000c594
core   0: 0x8000c580 (0x00002015) c.jal   pc + 36
core   0: 3 0x8000c580 (0x2015) x 1 0x8000c582
core   0: 0x8000c5a4 (0x023a2ab3) mulhsu  s5, s4, gp
core   0: 3 0x8000c5a4 (0x023a2ab3) x21 0x00000004
core   0: 0x8000c5a8 (0x00004297) auipc   t0, 0x4
core   0: 3 0x8000c5a8 (0x00004297) x 5 0x800105a8
core   0: 0x8000c5ac (0x5e128293) addi    t0, t0, 1505
core   0: 3 0x8000c5ac (0x5e128293) x 5 0x80010b89
core   0: 0x8000c5b0 (0x00004197) auipc   gp, 0x4
core   0: 3 0x8000c5b0 (0x00004197) x 3 0x800105b0
core   0: 0x8000c5b4 (0x0b618193) addi    gp, gp, 182
core   0: 3 0x8000c5b4 (0x0b618193) x 3 0x80010666
core   0: 0x8000c5b8 (0xff42c303) lbu     t1, -12(t0)
core   0: 3 0x8000c5b8 (0xff42c303) x 6 0x00000007 mem 0x80010b7d
core   0: 0x8000c5bc (0xf06186a3) sb      t1, -243(gp)
core   0: 3 0x8000c5bc (0xf06186a3) mem 0x80010573 0x7
core   0: 0x8000c5c0 (0x01328523) sb      s3, 10(t0)
core   0: 3 0x8000c5c0 (0x01328523) mem 0x80010b93 0xc8
core   0: 0x8000c5c4 (0x09c1dd03) lhu     s10, 156(gp)
core   0: 3 0x8000c5c4 (0x09c1dd03) x26 0x00000058 mem 0x80010702
core   0: 0x8000c5c8 (0xff02ada3) sw      a6, -5(t0)
core   0: 3 0x8000c5c8 (0xff02ada3) mem 0x80010b84 0x0000348c
core   0: 0x8000c5cc (0xff428003) lb      zero, -12(t0)
core   0: 3 0x8000c5cc (0xff428003) mem 0x80010b7d
core   0: 0x8000c5d0 (0xfc818503) lb      a0, -56(gp)
core   0: 3 0x8000c5d0 (0xfc818503) x10 0xffffff84 mem 0x8001062e
core   0: 0x8000c5d4 (0x0ca18f23) sb      a0, 222(gp)
core   0: 3 0x8000c5d4 (0x0ca18f23) mem 0x80010744 0x84
core   0: 0x8000c5d8 (0xffb28c03) lb      s8, -5(t0)
core   0: 3 0x8000c5d8 (0xffb28c03) x24 0xffffff8c mem 0x80010b84
core   0: 0x8000c5dc (0x0012cc03) lbu     s8, 1(t0)
core   0: 3 0x8000c5dc (0x0012cc03) x24 0x000000f2 mem 0x80010b8a
core   0: 0x8000c5e0 (0xf351c383) lbu     t2, -203(gp)
core   0: 3 0x8000c5e0 (0xf351c383) x 7 0x0000001a mem 0x8001059b
core   0: 0x8000c5e4 (0xff72cf83) lbu     t6, -9(t0)
core   0: 3 0x8000c5e4 (0xff72cf83) x31 0x0000005b mem 0x80010b80
core   0: 0x8000c5e8 (0xffa2c403) lbu     s0, -6(t0)
core   0: 3 0x8000c5e8 (0xffa2c403) x 8 0x000000a1 mem 0x80010b83
core   0: 0x8000c5ec (0xfe718423) sb      t2, -24(gp)
core   0: 3 0x8000c5ec (0xfe718423) mem 0x8001064e 0x1a
core   0: 0x8000c5f0 (0xf1e18a03) lb      s4, -226(gp)
core   0: 3 0x8000c5f0 (0xf1e18a03) x20 0xffffff91 mem 0x80010584
core   0: 0x8000c5f4 (0x079187a3) sb      s9, 111(gp)
core   0: 3 0x8000c5f4 (0x079187a3) mem 0x800106d5 0x0
core   0: 0x8000c5f8 (0x00b29003) lh      zero, 11(t0)
core   0: 3 0x8000c5f8 (0x00b29003) mem 0x80010b94
core   0: 0x8000c5fc (0xf831c203) lbu     tp, -125(gp)
core   0: 3 0x8000c5fc (0xf831c203) x 4 0x00000057 mem 0x800105e9
core   0: 0x8000c600 (0x00228f03) lb      t5, 2(t0)
core   0: 3 0x8000c600 (0x00228f03) x30 0xffffff99 mem 0x80010b8b
core   0: 0x8000c604 (0x0cc1c203) lbu     tp, 204(gp)
core   0: 3 0x8000c604 (0x0cc1c203) x 4 0x000000e5 mem 0x80010732
core   0: 0x8000c608 (0x00004117) auipc   sp, 0x4
core   0: 3 0x8000c608 (0x00004117) x 2 0x80010608
core   0: 0x8000c60c (0x3a510113) addi    sp, sp, 933
core   0: 3 0x8000c60c (0x3a510113) x 2 0x800109ad
core   0: 0x8000c610 (0xf1310b03) lb      s6, -237(sp)
core   0: 3 0x8000c610 (0xf1310b03) x22 0xffffffa5 mem 0x800108c0
core   0: 0x8000c614 (0xf03129a3) sw      gp, -237(sp)
core   0: 3 0x8000c614 (0xf03129a3) mem 0x800108c0 0x80010666
core   0: 0x8000c618 (0xf4514b03) lbu     s6, -187(sp)
core   0: 3 0x8000c618 (0xf4514b03) x22 0x000000b5 mem 0x800108f2
core   0: 0x8000c61c (0x000082fd) c.srli  a3, 31
core   0: 3 0x8000c61c (0x82fd) x13 0x00000001
core   0: 0x8000c61e (0x03e00233) mul     tp, zero, t5
core   0: 3 0x8000c61e (0x03e00233) x 4 0x00000000
core   0: 0x8000c622 (0x03107933) remu    s2, zero, a7
core   0: 3 0x8000c622 (0x03107933) x18 0x00000000
core   0: 0x8000c626 (0xf41102a3) sb      ra, -187(sp)
core   0: 3 0x8000c626 (0xf41102a3) mem 0x800108f2 0x82
core   0: 0x8000c62a (0xf4511303) lh      t1, -187(sp)
core   0: 3 0x8000c62a (0xf4511303) x 6 0xffffc082 mem 0x800108f2
core   0: 0x8000c62e (0x02d11d83) lh      s11, 45(sp)
core   0: 3 0x8000c62e (0x02d11d83) x27 0x00000011 mem 0x800109da
core   0: 0x8000c632 (0x02d10b83) lb      s7, 45(sp)
core   0: 3 0x8000c632 (0x02d10b83) x23 0x00000011 mem 0x800109da
core   0: 0x8000c636 (0x001c5e33) srl     t3, s8, ra
core   0: 3 0x8000c636 (0x001c5e33) x28 0x0000003c
core   0: 0x8000c63a (0x02d14303) lbu     t1, 45(sp)
core   0: 3 0x8000c63a (0x02d14303) x 6 0x00000011 mem 0x800109da
core   0: 0x8000c63e (0x41b357b3) sra     a5, t1, s11
core   0: 3 0x8000c63e (0x41b357b3) x15 0x00000000
core   0: 0x8000c642 (0x02d11d83) lh      s11, 45(sp)
core   0: 3 0x8000c642 (0x02d11d83) x27 0x00000011 mem 0x800109da
core   0: 0x8000c646 (0x02d10e83) lb      t4, 45(sp)
core   0: 3 0x8000c646 (0x02d10e83) x29 0x00000011 mem 0x800109da
core   0: 0x8000c64a (0x03a8a4b3) mulhsu  s1, a7, s10
core   0: 3 0x8000c64a (0x03a8a4b3) x 9 0xffffffd4
core   0: 0x8000c64e (0x029116a3) sh      s1, 45(sp)
core   0: 3 0x8000c64e (0x029116a3) mem 0x800109da 0xffd4
core   0: 0x8000c652 (0x006002ef) jal     t0, pc + 0x6
core   0: 3 0x8000c652 (0x006002ef) x 5 0x8000c656
core   0: 0x8000c658 (0x00002031) c.jal   pc + 12
core   0: 3 0x8000c658 (0x2031) x 1 0x8000c65a
core   0: 0x8000c664 (0x00003fcd) c.jal   pc - 14
core   0: 3 0x8000c664 (0x3fcd) x 1 0x8000c666
core   0: 0x8000c656 (0x0000a029) c.j     pc + 10
core   0: 3 0x8000c656 (0xa029)
core   0: 0x8000c660 (0x00e00eef) jal     t4, pc + 0xe
core   0: 3 0x8000c660 (0x00e00eef) x29 0x8000c664
core   0: 0x8000c66e (0xffdff36f) jal     t1, pc - 0x4
core   0: 3 0x8000c66e (0xffdff36f) x 6 0x8000c672
core   0: 0x8000c66a (0xffdffc6f) jal     s8, pc - 0x4
core   0: 3 0x8000c66a (0xffdffc6f) x24 0x8000c66e
core   0: 0x8000c666 (0xff5ffd6f) jal     s10, pc - 0xc
core   0: 3 0x8000c666 (0xff5ffd6f) x26 0x8000c66a
core   0: 0x8000c65a (0x00002011) c.jal   pc + 4
core   0: 3 0x8000c65a (0x2011) x 1 0x8000c65c
core   0: 0x8000c65e (0x00003ffd) c.jal   pc - 2
core   0: 3 0x8000c65e (0x3ffd) x 1 0x8000c660
core   0: 0x8000c65c (0x00002819) c.jal   pc + 22
core   0: 3 0x8000c65c (0x2819) x 1 0x8000c65e
core   0: 0x8000c672 (0x00008cc5) c.or    s1, s1
core   0: 3 0x8000c672 (0x8cc5) x 9 0xffffffd4
core   0: 0x8000c674 (0x00004917) auipc   s2, 0x4
core   0: 3 0x8000c674 (0x00004917) x18 0x80010674
core   0: 0x8000c678 (0x06c90913) addi    s2, s2, 108
core   0: 3 0x8000c678 (0x06c90913) x18 0x800106e0
core   0: 0x8000c67c (0x00004097) auipc   ra, 0x4
core   0: 3 0x8000c67c (0x00004097) x 1 0x8001067c
core   0: 0x8000c680 (0x08f08093) addi    ra, ra, 143
core   0: 3 0x8000c680 (0x08f08093) x 1 0x8001070b
core   0: 0x8000c684 (0x06909203) lh      tp, 105(ra)
core   0: 3 0x8000c684 (0x06909203) x 4 0xffffd4af mem 0x80010774
core   0: 0x8000c688 (0x00004c17) auipc   s8, 0x4
core   0: 3 0x8000c688 (0x00004c17) x24 0x80010688
core   0: 0x8000c68c (0xb91c0c13) addi    s8, s8, -1135
core   0: 3 0x8000c68c (0xb91c0c13) x24 0x80010219
core   0: 0x8000c690 (0x0b708783) lb      a5, 183(ra)
core   0: 3 0x8000c690 (0x0b708783) x15 0x0000000d mem 0x800107c2
core   0: 0x8000c694 (0xfc8c4383) lbu     t2, -56(s8)
core   0: 3 0x8000c694 (0xfc8c4383) x 7 0x0000001d mem 0x800101e1
core   0: 0x8000c698 (0x005c0b23) sb      t0, 22(s8)
core   0: 3 0x8000c698 (0x005c0b23) mem 0x8001022f 0x56
core   0: 0x8000c69c (0xf020cb83) lbu     s7, -254(ra)
core   0: 3 0x8000c69c (0xf020cb83) x23 0x0000002b mem 0x8001060d
core   0: 0x8000c6a0 (0xff190803) lb      a6, -15(s2)
core   0: 3 0x8000c6a0 (0xff190803) x16 0x00000074 mem 0x800106d1
core   0: 0x8000c6a4 (0xfd9c1e83) lh      t4, -39(s8)
core   0: 3 0x8000c6a4 (0xfd9c1e83) x29 0x000011c9 mem 0x800101f2
core   0: 0x8000c6a8 (0x0480ce03) lbu     t3, 72(ra)
core   0: 3 0x8000c6a8 (0x0480ce03) x28 0x0000001a mem 0x80010753
core   0: 0x8000c6ac (0x01290323) sb      s2, 6(s2)
core   0: 3 0x8000c6ac (0x01290323) mem 0x800106e6 0xe0
core   0: 0x8000c6b0 (0x00cc29a3) sw      a2, 19(s8)
core   0: 3 0x8000c6b0 (0x00cc29a3) mem 0x8001022c 0x0000003f
core   0: 0x8000c6b4 (0xff094983) lbu     s3, -16(s2)
core   0: 3 0x8000c6b4 (0xff094983) x19 0x000000bd mem 0x800106d0
core   0: 0x8000c6b8 (0xfea90ea3) sb      a0, -3(s2)
core   0: 3 0x8000c6b8 (0xfea90ea3) mem 0x800106dd 0x84
core   0: 0x8000c6bc (0x05008f03) lb      t5, 80(ra)
core   0: 3 0x8000c6bc (0x05008f03) x30 0x00000031 mem 0x8001075b
core   0: 0x8000c6c0 (0x03dc0f23) sb      t4, 62(s8)
core   0: 3 0x8000c6c0 (0x03dc0f23) mem 0x80010257 0xc9
core   0: 0x8000c6c4 (0x00590283) lb      t0, 5(s2)
core   0: 3 0x8000c6c4 (0x00590283) x 5 0xffffffbd mem 0x800106e5
core   0: 0x8000c6c8 (0x0400aca3) sw      zero, 89(ra)
core   0: 3 0x8000c6c8 (0x0400aca3) mem 0x80010764 0x00000000
core   0: 0x8000c6cc (0xffcc4583) lbu     a1, -4(s8)
core   0: 3 0x8000c6cc (0xffcc4583) x11 0x0000001a mem 0x80010215
core   0: 0x8000c6d0 (0x00094e03) lbu     t3, 0(s2)
core   0: 3 0x8000c6d0 (0x00094e03) x28 0x00000059 mem 0x800106e0
core   0: 0x8000c6d4 (0x00f907a3) sb      a5, 15(s2)
core   0: 3 0x8000c6d4 (0x00f907a3) mem 0x800106ef 0xd
core   0: 0x8000c6d8 (0x00bc2a83) lw      s5, 11(s8)
core   0: 3 0x8000c6d8 (0x00bc2a83) x21 0x5c0b8574 mem 0x80010224
core   0: 0x8000c6dc (0xffa94b03) lbu     s6, -6(s2)
core   0: 3 0x8000c6dc (0xffa94b03) x22 0x000000eb mem 0x800106da
core   0: 0x8000c6e0 (0xf090c583) lbu     a1, -247(ra)
core   0: 3 0x8000c6e0 (0xf090c583) x11 0x00000028 mem 0x80010614
core   0: 0x8000c6e4 (0xf6b09683) lh      a3, -149(ra)
core   0: 3 0x8000c6e4 (0xf6b09683) x13 0x00006ec8 mem 0x80010676
core   0: 0x8000c6e8 (0x00005297) auipc   t0, 0x5
core   0: 3 0x8000c6e8 (0x00005297) x 5 0x800116e8
core   0: 0x8000c6ec (0x28228293) addi    t0, t0, 642
core   0: 3 0x8000c6ec (0x28228293) x 5 0x8001196a
core   0: 0x8000c6f0 (0x00005e97) auipc   t4, 0x5
core   0: 3 0x8000c6f0 (0x00005e97) x29 0x800116f0
core   0: 0x8000c6f4 (0xb19e8e93) addi    t4, t4, -1255
core   0: 3 0x8000c6f4 (0xb19e8e93) x29 0x80011209
core   0: 0x8000c6f8 (0x00012197) auipc   gp, 0x12
core   0: 3 0x8000c6f8 (0x00012197) x 3 0x8001e6f8
core   0: 0x8000c6fc (0x70218193) addi    gp, gp, 1794
core   0: 3 0x8000c6fc (0x70218193) x 3 0x8001edfa
core   0: 0x8000c700 (0x00008497) auipc   s1, 0x8
core   0: 3 0x8000c700 (0x00008497) x 9 0x80014700
core   0: 0x8000c704 (0xee448493) addi    s1, s1, -284
core   0: 3 0x8000c704 (0xee448493) x 9 0x800145e4
core   0: 0x8000c708 (0x00011317) auipc   t1, 0x11
core   0: 3 0x8000c708 (0x00011317) x 6 0x8001d708
core   0: 0x8000c70c (0x4cb30313) addi    t1, t1, 1227
core   0: 3 0x8000c70c (0x4cb30313) x 6 0x8001dbd3
core   0: 0x8000c710 (0xff548103) lb      sp, -11(s1)
core   0: 3 0x8000c710 (0xff548103) x 2 0xffffffb9 mem 0x800145d9
core   0: 0x8000c714 (0xfede8d23) sb      a3, -6(t4)
core   0: 3 0x8000c714 (0xfede8d23) mem 0x80011203 0xc8
core   0: 0x8000c718 (0xf552c983) lbu     s3, -171(t0)
core   0: 3 0x8000c718 (0xf552c983) x19 0x000000d9 mem 0x800118bf
core   0: 0x8000c71c (0xff5e9983) lh      s3, -11(t4)
core   0: 3 0x8000c71c (0xff5e9983) x19 0x000056c7 mem 0x800111fe
core   0: 0x8000c720 (0x0ef18083) lb      ra, 239(gp)
core   0: 3 0x8000c720 (0x0ef18083) x 1 0x00000024 mem 0x8001eee9
core   0: 0x8000c724 (0xff3e8f23) sb      s3, -2(t4)
core   0: 3 0x8000c724 (0xff3e8f23) mem 0x80011207 0xc7
core   0: 0x8000c728 (0x03034b03) lbu     s6, 48(t1)
core   0: 3 0x8000c728 (0x03034b03) x22 0x00000037 mem 0x8001dc03
core   0: 0x8000c72c (0xf7028583) lb      a1, -144(t0)
core   0: 3 0x8000c72c (0xf7028583) x11 0x00000043 mem 0x800118da
core   0: 0x8000c730 (0xf112ca83) lbu     s5, -239(t0)
core   0: 3 0x8000c730 (0xf112ca83) x21 0x00000018 mem 0x8001187b
core   0: 0x8000c734 (0xffee8803) lb      a6, -2(t4)
core   0: 3 0x8000c734 (0xffee8803) x16 0xffffffc7 mem 0x80011207
core   0: 0x8000c738 (0xfaf289a3) sb      a5, -77(t0)
core   0: 3 0x8000c738 (0xfaf289a3) mem 0x8001191d 0xd
core   0: 0x8000c73c (0xfd748803) lb      a6, -41(s1)
core   0: 3 0x8000c73c (0xfd748803) x16 0xffffff87 mem 0x800145bb
core   0: 0x8000c740 (0x0ff31683) lh      a3, 255(t1)
core   0: 3 0x8000c740 (0x0ff31683) x13 0xffffedf9 mem 0x8001dcd2
core   0: 0x8000c744 (0x00634003) lbu     zero, 6(t1)
core   0: 3 0x8000c744 (0x00634003) mem 0x8001dbd9
core   0: 0x8000c748 (0x02429983) lh      s3, 36(t0)
core   0: 3 0x8000c748 (0x02429983) x19 0x00004098 mem 0x8001198e
core   0: 0x8000c74c (0xffdedf03) lhu     t5, -3(t4)
core   0: 3 0x8000c74c (0xffdedf03) x30 0x0000c755 mem 0x80011206
core   0: 0x8000c750 (0x09918083) lb      ra, 153(gp)
core   0: 3 0x8000c750 (0x09918083) x 1 0xffffffd3 mem 0x8001ee93
core   0: 0x8000c754 (0x0b428003) lb      zero, 180(t0)
core   0: 3 0x8000c754 (0x0b428003) mem 0x80011a1e
core   0: 0x8000c758 (0xfe734683) lbu     a3, -25(t1)
core   0: 3 0x8000c758 (0xfe734683) x13 0x0000009d mem 0x8001dbba
core   0: 0x8000c75c (0xfc318823) sb      gp, -48(gp)
core   0: 3 0x8000c75c (0xfc318823) mem 0x8001edca 0xfa
core   0: 0x8000c760 (0x08931603) lh      a2, 137(t1)
core   0: 3 0x8000c760 (0x08931603) x12 0x00001b1c mem 0x8001dc5c
core   0: 0x8000c764 (0xff0ec003) lbu     zero, -16(t4)
core   0: 3 0x8000c764 (0xff0ec003) mem 0x800111f9
core   0: 0x8000c768 (0x09f34c03) lbu     s8, 159(t1)
core   0: 3 0x8000c768 (0x09f34c03) x24 0x00000077 mem 0x8001dc72
core   0: 0x8000c76c (0x03d2c803) lbu     a6, 61(t0)
core   0: 3 0x8000c76c (0x03d2c803) x16 0x00000049 mem 0x800119a7
core   0: 0x8000c770 (0x00448ea3) sb      tp, 29(s1)
core   0: 3 0x8000c770 (0x00448ea3) mem 0x80014601 0xaf
core   0: 0x8000c774 (0xff6ecd83) lbu     s11, -10(t4)
core   0: 3 0x8000c774 (0xff6ecd83) x27 0x00000056 mem 0x800111ff
core   0: 0x8000c778 (0xfdf28ea3) sb      t6, -35(t0)
core   0: 3 0x8000c778 (0xfdf28ea3) mem 0x80011947 0x5b
core   0: 0x8000c77c (0x02135a83) lhu     s5, 33(t1)
core   0: 3 0x8000c77c (0x02135a83) x21 0x00000f3f mem 0x8001dbf4
core   0: 0x8000c780 (0x01b1c383) lbu     t2, 27(gp)
core   0: 3 0x8000c780 (0x01b1c383) x 7 0x0000007f mem 0x8001ee15
core   0: 0x8000c784 (0xfda185a3) sb      s10, -53(gp)
core   0: 3 0x8000c784 (0xfda185a3) mem 0x8001edc5 0x6a
core   0: 0x8000c788 (0x01f4cf83) lbu     t6, 31(s1)
core   0: 3 0x8000c788 (0x01f4cf83) x31 0x000000d3 mem 0x80014603
core   0: 0x8000c78c (0x00cec803) lbu     a6, 12(t4)
core   0: 3 0x8000c78c (0x00cec803) x16 0x00000068 mem 0x80011215
core   0: 0x8000c790 (0xf5f28b83) lb      s7, -161(t0)
core   0: 3 0x8000c790 (0xf5f28b83) x23 0xffffffc6 mem 0x800118c9
core   0: 0x8000c794 (0xf9134683) lbu     a3, -111(t1)
core   0: 3 0x8000c794 (0xf9134683) x13 0x00000096 mem 0x8001db64
core   0: 0x8000c798 (0xffae8d23) sb      s10, -6(t4)
core   0: 3 0x8000c798 (0xffae8d23) mem 0x80011203 0x6a
core   0: 0x8000c79c (0xf7c29c03) lh      s8, -132(t0)
core   0: 3 0x8000c79c (0xf7c29c03) x24 0xffffdf70 mem 0x800118e6
core   0: 0x8000c7a0 (0x007e93a3) sh      t2, 7(t4)
core   0: 3 0x8000c7a0 (0x007e93a3) mem 0x80011210 0x007f
core   0: 0x8000c7a4 (0xfde30c03) lb      s8, -34(t1)
core   0: 3 0x8000c7a4 (0xfde30c03) x24 0x00000039 mem 0x8001dbb1
core   0: 0x8000c7a8 (0x04a485a3) sb      a0, 75(s1)
core   0: 3 0x8000c7a8 (0x04a485a3) mem 0x8001462f 0x84
core   0: 0x8000c7ac (0xf0249383) lh      t2, -254(s1)
core   0: 3 0x8000c7ac (0xf0249383) x 7 0xffff95ec mem 0x800144e6
core   0: 0x8000c7b0 (0x01a485a3) sb      s10, 11(s1)
core   0: 3 0x8000c7b0 (0x01a485a3) mem 0x800145ef 0x6a
core   0: 0x8000c7b4 (0x01e19383) lh      t2, 30(gp)
core   0: 3 0x8000c7b4 (0x01e19383) x 7 0x0000761f mem 0x8001ee18
core   0: 0x8000c7b8 (0x00009117) auipc   sp, 0x9
core   0: 3 0x8000c7b8 (0x00009117) x 2 0x800157b8
core   0: 0x8000c7bc (0x70e10113) addi    sp, sp, 1806
core   0: 3 0x8000c7bc (0x70e10113) x 2 0x80015ec6
core   0: 0x8000c7c0 (0x00c11f03) lh      t5, 12(sp)
core   0: 3 0x8000c7c0 (0x00c11f03) x30 0xffff9ce8 mem 0x80015ed2
core   0: 0x8000c7c4 (0x41055833) sra     a6, a0, a6
core   0: 3 0x8000c7c4 (0x41055833) x16 0xffffffff
core   0: 0x8000c7c8 (0x03004f33) div     t5, zero, a6
core   0: 3 0x8000c7c8 (0x03004f33) x30 0x00000000
core   0: 0x8000c7cc (0x00811223) sh      s0, 4(sp)
core   0: 3 0x8000c7cc (0x00811223) mem 0x80015eca 0x00a1
core   0: 0x8000c7d0 (0x0000100f) fence.i
core   0: 3 0x8000c7d0 (0x0000100f)
core   0: 0x8000c7d4 (0x00c10f03) lb      t5, 12(sp)
core   0: 3 0x8000c7d4 (0x00c10f03) x30 0xffffffe8 mem 0x80015ed2
core   0: 0x8000c7d8 (0xffb10003) lb      zero, -5(sp)
core   0: 3 0x8000c7d8 (0xffb10003) mem 0x80015ec1
core   0: 0x8000c7dc (0x1da54813) xori    a6, a0, 474
core   0: 3 0x8000c7dc (0x1da54813) x16 0xfffffe5e
core   0: 0x8000c7e0 (0x02841833) mulh    a6, s0, s0
core   0: 3 0x8000c7e0 (0x02841833) x16 0x00000000
core   0: 0x8000c7e4 (0x0000187d) c.addi  a6, -1
core   0: 3 0x8000c7e4 (0x187d) x16 0xffffffff
core   0: 0x8000c7e6 (0xfff14403) lbu     s0, -1(sp)
core   0: 3 0x8000c7e6 (0xfff14403) x 8 0x000000a4 mem 0x80015ec5
core   0: 0x8000c7ea (0x00a102a3) sb      a0, 5(sp)
core   0: 3 0x8000c7ea (0x00a102a3) mem 0x80015ecb 0x84
core   0: 0x8000c7ee (0x00a04d33) xor     s10, zero, a0
core   0: 3 0x8000c7ee (0x00a04d33) x26 0xffffff84
core   0: 0x8000c7f2 (0x02850f33) mul     t5, a0, s0
core   0: 3 0x8000c7f2 (0x02850f33) x30 0xffffb090
core   0: 0x8000c7f6 (0x00a107a3) sb      a0, 15(sp)
core   0: 3 0x8000c7f6 (0x00a107a3) mem 0x80015ed5 0x84
core   0: 0x8000c7fa (0x40ad0f33) sub     t5, s10, a0
core   0: 3 0x8000c7fa (0x40ad0f33) x30 0x00000000
core   0: 0x8000c7fe (0x010103a3) sb      a6, 7(sp)
core   0: 3 0x8000c7fe (0x010103a3) mem 0x80015ecd 0xff
core   0: 0x8000c802 (0x010102a3) sb      a6, 5(sp)
core   0: 3 0x8000c802 (0x010102a3) mem 0x80015ecb 0xff
core   0: 0x8000c806 (0x00310d03) lb      s10, 3(sp)
core   0: 3 0x8000c806 (0x00310d03) x26 0xffffffa7 mem 0x80015ec9
core   0: 0x8000c80a (0x00008d41) c.or    a0, s0
core   0: 3 0x8000c80a (0x8d41) x10 0xffffffa4
core   0: 0x8000c80c (0x03af5d33) divu    s10, t5, s10
core   0: 3 0x8000c80c (0x03af5d33) x26 0x00000000
core   0: 0x8000c810 (0xc2c87d13) andi    s10, a6, -980
core   0: 3 0x8000c810 (0xc2c87d13) x26 0xfffffc2c
core   0: 0x8000c814 (0x00005d7d) c.li    s10, -1
core   0: 3 0x8000c814 (0x5d7d) x26 0xffffffff
core   0: 0x8000c816 (0x00a41433) sll     s0, s0, a0
core   0: 3 0x8000c816 (0x00a41433) x 8 0x00000a40
core   0: 0x8000c81a (0xff110803) lb      a6, -15(sp)
core   0: 3 0x8000c81a (0xff110803) x16 0x00000043 mem 0x80015eb7
core   0: 0x8000c81e (0x02af2833) mulhsu  a6, t5, a0
core   0: 3 0x8000c81e (0x02af2833) x16 0x00000000
core   0: 0x8000c822 (0x7c303013) sltiu   zero, zero, 1987
core   0: 3 0x8000c822 (0x7c303013)
core   0: 0x8000c826 (0x00011d03) lh      s10, 0(sp)
core   0: 3 0x8000c826 (0x00011d03) x26 0xffffc472 mem 0x80015ec6
core   0: 0x8000c82a (0x01056833) or      a6, a0, a6
core   0: 3 0x8000c82a (0x01056833) x16 0xffffffa4
core   0: 0x8000c82e (0xfe810ea3) sb      s0, -3(sp)
core   0: 3 0x8000c82e (0xfe810ea3) mem 0x80015ec3 0x40
core   0: 0x8000c832 (0xfe010823) sb      zero, -16(sp)
core   0: 3 0x8000c832 (0xfe010823) mem 0x80015eb6 0x0
core   0: 0x8000c836 (0x00b14403) lbu     s0, 11(sp)
core   0: 3 0x8000c836 (0x00b14403) x 8 0x000000f0 mem 0x80015ed1
core   0: 0x8000c83a (0x585b9f17) auipc   t5, 0x585b9
core   0: 3 0x8000c83a (0x585b9f17) x30 0xd85c583a
core   0: 0x8000c83e (0xff410f03) lb      t5, -12(sp)
core   0: 3 0x8000c83e (0xff410f03) x30 0xfffffff0 mem 0x80015eba
core   0: 0x8000c842 (0x00008d01) c.sub   a0, s0
core   0: 3 0x8000c842 (0x8d01) x10 0xfffffeb4
core   0: 0x8000c844 (0x00008161) c.srli  a0, 24
core   0: 3 0x8000c844 (0x8161) x10 0x000000ff
core   0: 0x8000c846 (0x01010323) sb      a6, 6(sp)
core   0: 3 0x8000c846 (0x01010323) mem 0x80015ecc 0xa4
core   0: 0x8000c84a (0x00008c61) c.and   s0, s0
core   0: 3 0x8000c84a (0x8c61) x 8 0x000000f0
core   0: 0x8000c84c (0x0ff0000f) fence   iorw,iorw
core   0: 3 0x8000c84c (0x0ff0000f)
core   0: 0x8000c850 (0x010102a3) sb      a6, 5(sp)
core   0: 3 0x8000c850 (0x010102a3) mem 0x80015ecb 0xa4
core   0: 0x8000c854 (0x01046f33) or      t5, s0, a6
core   0: 3 0x8000c854 (0x01046f33) x30 0xfffffff4
core   0: 0x8000c858 (0xff815003) lhu     zero, -8(sp)
core   0: 3 0x8000c858 (0xff815003) mem 0x80015ebe
core   0: 0x8000c85c (0x01e80033) add     zero, a6, t5
core   0: 3 0x8000c85c (0x01e80033)
core   0: 0x8000c860 (0x01ad3833) sltu    a6, s10, s10
core   0: 3 0x8000c860 (0x01ad3833) x16 0x00000000
core   0: 0x8000c864 (0xff210f03) lb      t5, -14(sp)
core   0: 3 0x8000c864 (0xff210f03) x30 0xfffffff0 mem 0x80015eb8
core   0: 0x8000c868 (0xff410803) lb      a6, -12(sp)
core   0: 3 0x8000c868 (0xff410803) x16 0xfffffff0 mem 0x80015eba
core   0: 0x8000c86c (0xfea10ea3) sb      a0, -3(sp)
core   0: 3 0x8000c86c (0xfea10ea3) mem 0x80015ec3 0xff
core   0: 0x8000c870 (0x002d5813) srli    a6, s10, 2
core   0: 3 0x8000c870 (0x002d5813) x16 0x3ffff11c
core   0: 0x8000c874 (0xfe811a23) sh      s0, -12(sp)
core   0: 3 0x8000c874 (0xfe811a23) mem 0x80015eba 0x00f0
core   0: 0x8000c878 (0x0ff0000f) fence   iorw,iorw
core   0: 3 0x8000c878 (0x0ff0000f)
core   0: 0x8000c87c (0x02087533) remu    a0, a6, zero
core   0: 3 0x8000c87c (0x02087533) x10 0x3ffff11c
core   0: 0x8000c880 (0x1d444037) lui     zero, 0x1d444
core   0: 3 0x8000c880 (0x1d444037)
core   0: 0x8000c884 (0xfe810aa3) sb      s0, -11(sp)
core   0: 3 0x8000c884 (0xfe810aa3) mem 0x80015ebb 0xf0
core   0: 0x8000c888 (0x00004117) auipc   sp, 0x4
core   0: 3 0x8000c888 (0x00004117) x 2 0x80010888
core   0: 0x8000c88c (0x67f10113) addi    sp, sp, 1663
core   0: 3 0x8000c88c (0x67f10113) x 2 0x80010f07
core   0: 0x8000c890 (0x0c612aa3) sw      t1, 213(sp)
core   0: 3 0x8000c890 (0x0c612aa3) mem 0x80010fdc 0x8001dbd3
core   0: 0x8000c894 (0xa4a14b03) lbu     s6, -1462(sp)
core   0: 3 0x8000c894 (0xa4a14b03) x22 0x000000a1 mem 0x80010951
core   0: 0x8000c898 (0xa5814f03) lbu     t5, -1448(sp)
core   0: 3 0x8000c898 (0xa5814f03) x30 0x0000002c mem 0x8001095f
core   0: 0x8000c89c (0xa3311c03) lh      s8, -1485(sp)
core   0: 3 0x8000c89c (0xa3311c03) x24 0xffffdf98 mem 0x8001093a
core   0: 0x8000c8a0 (0x1d88a413) slti    s0, a7, 472
core   0: 3 0x8000c8a0 (0x1d88a413) x 8 0x00000001
core   0: 0x8000c8a4 (0xbe2108a3) sb      sp, -1039(sp)
core   0: 3 0x8000c8a4 (0xbe2108a3) mem 0x80010af8 0x7
core   0: 0x8000c8a8 (0x000065f9) c.lui   a1, 0x1e
core   0: 3 0x8000c8a8 (0x65f9) x11 0x0001e000
core   0: 0x8000c8aa (0xb8711da3) sh      t2, -1125(sp)
core   0: 3 0x8000c8aa (0xb8711da3) mem 0x80010aa2 0x761f
core   0: 0x8000c8ae (0x9e410583) lb      a1, -1564(sp)
core   0: 3 0x8000c8ae (0x9e410583) x11 0x00000000 mem 0x800108eb
core   0: 0x8000c8b2 (0xca610f83) lb      t6, -858(sp)
core   0: 3 0x8000c8b2 (0xca610f83) x31 0xffffffe1 mem 0x80010bad
core   0: 0x8000c8b6 (0x41f55233) sra     tp, a0, t6
core   0: 3 0x8000c8b6 (0x41f55233) x 4 0x1ffff88e
core   0: 0x8000c8ba (0xbcd15283) lhu     t0, -1075(sp)
core   0: 3 0x8000c8ba (0xbcd15283) x 5 0x00009dd4 mem 0x80010ad4
core   0: 0x8000c8be (0xca014f83) lbu     t6, -864(sp)
core   0: 3 0x8000c8be (0xca014f83) x31 0x00000072 mem 0x80010ba7
core   0: 0x8000c8c2 (0x07e100a3) sb      t5, 97(sp)
core   0: 3 0x8000c8c2 (0x07e100a3) mem 0x80010f68 0x2c
core   0: 0x8000c8c6 (0x01b8ce33) xor     t3, a7, s11
core   0: 3 0x8000c8c6 (0x01b8ce33) x28 0x80025e1a
core   0: 0x8000c8ca (0x00dd12b3) sll     t0, s10, a3
core   0: 3 0x8000c8ca (0x00dd12b3) x 5 0x1c800000
core   0: 0x8000c8ce (0x02e14783) lbu     a5, 46(sp)
core   0: 3 0x8000c8ce (0x02e14783) x15 0x000000dc mem 0x80010f35
core   0: 0x8000c8d2 (0xd3310483) lb      s1, -717(sp)
core   0: 3 0x8000c8d2 (0xd3310483) x 9 0x0000006f mem 0x80010c3a
core   0: 0x8000c8d6 (0x01b27933) and     s2, tp, s11
core   0: 3 0x8000c8d6 (0x01b27933) x18 0x00000006
core   0: 0x8000c8da (0xeab15f83) lhu     t6, -341(sp)
core   0: 3 0x8000c8da (0xeab15f83) x31 0x0000371e mem 0x80010db2
core   0: 0x8000c8de (0xfa111a03) lh      s4, -95(sp)
core   0: 3 0x8000c8de (0xfa111a03) x20 0xffffc9e9 mem 0x80010ea8
core   0: 0x8000c8e2 (0x83d11c03) lh      s8, -1987(sp)
core   0: 3 0x8000c8e2 (0x83d11c03) x24 0x00002484 mem 0x80010744
core   0: 0x8000c8e6 (0x01bcfc33) and     s8, s9, s11
core   0: 3 0x8000c8e6 (0x01bcfc33) x24 0x00000000
core   0: 0x8000c8ea (0xded10e23) sb      a3, -516(sp)
core   0: 3 0x8000c8ea (0xded10e23) mem 0x80010d03 0x96
core   0: 0x8000c8ee (0xe7b120a3) sw      s11, -415(sp)
core   0: 3 0x8000c8ee (0xe7b120a3) mem 0x80010d68 0x00000056
core   0: 0x8000c8f2 (0x95710b83) lb      s7, -1705(sp)
core   0: 3 0x8000c8f2 (0x95710b83) x23 0xffffffe2 mem 0x8001085e
core   0: 0x8000c8f6 (0xef915603) lhu     a2, -263(sp)
core   0: 3 0x8000c8f6 (0xef915603) x12 0x0000389a mem 0x80010e00
core   0: 0x8000c8fa (0x09c10183) lb      gp, 156(sp)
core   0: 3 0x8000c8fa (0x09c10183) x 3 0xffffffe0 mem 0x80010fa3
core   0: 0x8000c8fe (0x02910da3) sb      s1, 59(sp)
core   0: 3 0x8000c8fe (0x02910da3) mem 0x80010f42 0x6f
core   0: 0x8000c902 (0x000099de) c.add   s3, s7
core   0: 3 0x8000c902 (0x99de) x19 0x0000407a
core   0: 0x8000c904 (0x000087dd) c.srai  a5, 23
core   0: 3 0x8000c904 (0x87dd) x15 0x00000000
core   0: 0x8000c906 (0xa6c10483) lb      s1, -1428(sp)
core   0: 3 0x8000c906 (0xa6c10483) x 9 0x0000007b mem 0x80010973
core   0: 0x8000c90a (0x00ebb0b3) sltu    ra, s7, a4
core   0: 3 0x8000c90a (0x00ebb0b3) x 1 0x00000000
core   0: 0x8000c90e (0x02eaf533) remu    a0, s5, a4
core   0: 3 0x8000c90e (0x02eaf533) x10 0x00000f3f
core   0: 0x8000c912 (0xeb6100a3) sb      s6, -351(sp)
core   0: 3 0x8000c912 (0xeb6100a3) mem 0x80010da8 0xa1
core   0: 0x8000c916 (0x83710983) lb      s3, -1993(sp)
core   0: 3 0x8000c916 (0x83710983) x19 0xffffffb9 mem 0x8001073e
core   0: 0x8000c91a (0x00005217) auipc   tp, 0x5
core   0: 3 0x8000c91a (0x00005217) x 4 0x8001191a
core   0: 0x8000c91e (0xabc20213) addi    tp, tp, -1348
core   0: 3 0x8000c91e (0xabc20213) x 4 0x800113d6
core   0: 0x8000c922 (0x0000167d) c.addi  a2, -1
core   0: 3 0x8000c922 (0x167d) x12 0x00003899
core   0: 0x8000c924 (0x0000100f) fence.i
core   0: 3 0x8000c924 (0x0000100f)
core   0: 0x8000c928 (0xfe022523) sw      zero, -22(tp)
core   0: 3 0x8000c928 (0xfe022523) mem 0x800113c0 0x00000000
core   0: 0x8000c92c (0x01348033) add     zero, s1, s3
core   0: 3 0x8000c92c (0x01348033)
core   0: 0x8000c930 (0xf99f0493) addi    s1, t5, -103
core   0: 3 0x8000c930 (0xf99f0493) x 9 0xffffffc5
core   0: 0x8000c934 (0xff220a03) lb      s4, -14(tp)
core   0: 3 0x8000c934 (0xff220a03) x20 0xffffffc9 mem 0x800113c8
core   0: 0x8000c938 (0x03ef0033) mul     zero, t5, t5
core   0: 3 0x8000c938 (0x03ef0033)
core   0: 0x8000c93c (0x000094ce) c.add   s1, s3
core   0: 3 0x8000c93c (0x94ce) x 9 0xffffff7e
core   0: 0x8000c93e (0xff421c23) sh      s4, -8(tp)
core   0: 3 0x8000c93e (0xff421c23) mem 0x800113ce 0xffc9
core   0: 0x8000c942 (0x00724f03) lbu     t5, 7(tp)
core   0: 3 0x8000c942 (0x00724f03) x30 0x00000091 mem 0x800113dd
core   0: 0x8000c946 (0x0004fa33) and     s4, s1, zero
core   0: 3 0x8000c946 (0x0004fa33) x20 0x00000000
core   0: 0x8000c94a (0xfcb24603) lbu     a2, -53(tp)
core   0: 3 0x8000c94a (0xfcb24603) x12 0x0000008d mem 0x800113a1
core   0: 0x8000c94e (0xfc920423) sb      s1, -56(tp)
core   0: 3 0x8000c94e (0xfc920423) mem 0x8001139e 0x7e
core   0: 0x8000c952 (0x03e9bf33) mulhu   t5, s3, t5
core   0: 3 0x8000c952 (0x03e9bf33) x30 0x00000090
core   0: 0x8000c956 (0x00020d23) sb      zero, 26(tp)
core   0: 3 0x8000c956 (0x00020d23) mem 0x800113f0 0x0
core   0: 0x8000c95a (0x04c20023) sb      a2, 64(tp)
core   0: 3 0x8000c95a (0x04c20023) mem 0x80011416 0x8d
core   0: 0x8000c95e (0x01421923) sh      s4, 18(tp)
core   0: 3 0x8000c95e (0x01421923) mem 0x800113e8 0x0000
core   0: 0x8000c962 (0x03c20983) lb      s3, 60(tp)
core   0: 3 0x8000c962 (0x03c20983) x19 0xffffff87 mem 0x80011412
core   0: 0x8000c966 (0xfc720483) lb      s1, -57(tp)
core   0: 3 0x8000c966 (0xfc720483) x 9 0x00000015 mem 0x8001139d
core   0: 0x8000c96a (0x029064b3) rem     s1, zero, s1
core   0: 3 0x8000c96a (0x029064b3) x 9 0x00000000
core   0: 0x8000c96e (0x03b24483) lbu     s1, 59(tp)
core   0: 3 0x8000c96e (0x03b24483) x 9 0x000000a8 mem 0x80011411
core   0: 0x8000c972 (0x650f7613) andi    a2, t5, 1616
core   0: 3 0x8000c972 (0x650f7613) x12 0x00000010
core   0: 0x8000c976 (0x01e20fa3) sb      t5, 31(tp)
core   0: 3 0x8000c976 (0x01e20fa3) mem 0x800113f5 0x90
core   0: 0x8000c97a (0xfd124a03) lbu     s4, -47(tp)
core   0: 3 0x8000c97a (0xfd124a03) x20 0x00000064 mem 0x800113a7
core   0: 0x8000c97e (0x0134ea33) or      s4, s1, s3
core   0: 3 0x8000c97e (0x0134ea33) x20 0xffffffaf
core   0: 0x8000c982 (0x009074b3) and     s1, zero, s1
core   0: 3 0x8000c982 (0x009074b3) x 9 0x00000000
core   0: 0x8000c986 (0x01360033) add     zero, a2, s3
core   0: 3 0x8000c986 (0x01360033)
core   0: 0x8000c98a (0x01ef5993) srli    s3, t5, 30
core   0: 3 0x8000c98a (0x01ef5993) x19 0x00000000
core   0: 0x8000c98e (0x00c4df33) srl     t5, s1, a2
core   0: 3 0x8000c98e (0x00c4df33) x30 0x00000000
core   0: 0x8000c992 (0x02921423) sh      s1, 40(tp)
core   0: 3 0x8000c992 (0x02921423) mem 0x800113fe 0x0000
core   0: 0x8000c996 (0x00008e11) c.sub   a2, a2
core   0: 3 0x8000c996 (0x8e11) x12 0x00000000
core   0: 0x8000c998 (0x03467f33) remu    t5, a2, s4
core   0: 3 0x8000c998 (0x03467f33) x30 0x00000000
core   0: 0x8000c99c (0x7d8a7493) andi    s1, s4, 2008
core   0: 3 0x8000c99c (0x7d8a7493) x 9 0x00000788
core   0: 0x8000c9a0 (0xffe200a3) sb      t5, -31(tp)
core   0: 3 0x8000c9a0 (0xffe200a3) mem 0x800113b7 0x0
core   0: 0x8000c9a4 (0xfe0206a3) sb      zero, -19(tp)
core   0: 3 0x8000c9a4 (0xfe0206a3) mem 0x800113c3 0x0
core   0: 0x8000c9a8 (0x02f24483) lbu     s1, 47(tp)
core   0: 3 0x8000c9a8 (0x02f24483) x 9 0x000000e6 mem 0x80011405
core   0: 0x8000c9ac (0x00d20f03) lb      t5, 13(tp)
core   0: 3 0x8000c9ac (0x00d20f03) x30 0x00000054 mem 0x800113e3
core   0: 0x8000c9b0 (0xfe0205a3) sb      zero, -21(tp)
core   0: 3 0x8000c9b0 (0xfe0205a3) mem 0x800113c1 0x0
core   0: 0x8000c9b4 (0x03e9af33) mulhsu  t5, s3, t5
core   0: 3 0x8000c9b4 (0x03e9af33) x30 0x00000000
core   0: 0x8000c9b8 (0x000098fd) c.andi  s1, -1
core   0: 3 0x8000c9b8 (0x98fd) x 9 0x000000e6
core   0: 0x8000c9ba (0x0139ff33) and     t5, s3, s3
core   0: 3 0x8000c9ba (0x0139ff33) x30 0x00000000
core   0: 0x8000c9be (0x01020483) lb      s1, 16(tp)
core   0: 3 0x8000c9be (0x01020483) x 9 0x00000063 mem 0x800113e6
core   0: 0x8000c9c2 (0xe29a6013) ori     zero, s4, -471
core   0: 3 0x8000c9c2 (0xe29a6013)
core   0: 0x8000c9c6 (0x00008c91) c.sub   s1, a2
core   0: 3 0x8000c9c6 (0x8c91) x 9 0x00000063
core   0: 0x8000c9c8 (0x02c65633) divu    a2, a2, a2
core   0: 3 0x8000c9c8 (0x02c65633) x12 0xffffffff
core   0: 0x8000c9cc (0x582f3493) sltiu   s1, t5, 1410
core   0: 3 0x8000c9cc (0x582f3493) x 9 0x00000001
core   0: 0x8000c9d0 (0x02ca6f33) rem     t5, s4, a2
core   0: 3 0x8000c9d0 (0x02ca6f33) x30 0x00000000
core   0: 0x8000c9d4 (0x0094df33) srl     t5, s1, s1
core   0: 3 0x8000c9d4 (0x0094df33) x30 0x00000000
core   0: 0x8000c9d8 (0x02a25983) lhu     s3, 42(tp)
core   0: 3 0x8000c9d8 (0x02a25983) x19 0x0000fc58 mem 0x80011400
core   0: 0x8000c9dc (0x000044a1) c.li    s1, 8
core   0: 3 0x8000c9dc (0x44a1) x 9 0x00000008
core   0: 0x8000c9de (0x413489b3) sub     s3, s1, s3
core   0: 3 0x8000c9de (0x413489b3) x19 0xffff03b0
core   0: 0x8000c9e2 (0xfc924603) lbu     a2, -55(tp)
core   0: 3 0x8000c9e2 (0xfc924603) x12 0x000000c0 mem 0x8001139f
core   0: 0x8000c9e6 (0x00800693) li      a3, 8
core   0: 3 0x8000c9e6 (0x00800693) x13 0x00000008
core   0: 0x8000c9ea (0x00000001) c.nop
core   0: 3 0x8000c9ea (0x0001)
core   0: 0x8000c9ec (0xdf01c617) auipc   a2, 0xdf01c
core   0: 3 0x8000c9ec (0xdf01c617) x12 0x5f0289ec
core   0: 0x8000c9f0 (0x01200793) li      a5, 18
core   0: 3 0x8000c9f0 (0x01200793) x15 0x00000012
core   0: 0x8000c9f4 (0x00000001) c.nop
core   0: 3 0x8000c9f4 (0x0001)
core   0: 0x8000c9f6 (0x000085b9) c.srai  a1, 14
core   0: 3 0x8000c9f6 (0x85b9) x11 0x00000000
core   0: 0x8000c9f8 (0x013f4eb3) xor     t4, t5, s3
core   0: 3 0x8000c9f8 (0x013f4eb3) x29 0xffff03b0
core   0: 0x8000c9fc (0x00005afd) c.li    s5, -1
core   0: 3 0x8000c9fc (0x5afd) x21 0xffffffff
core   0: 0x8000c9fe (0x000006a9) c.addi  a3, 10
core   0: 3 0x8000c9fe (0x06a9) x13 0x00000012
core   0: 0x8000ca00 (0x00300113) li      sp, 3
core   0: 3 0x8000ca00 (0x00300113) x 2 0x00000003
core   0: 0x8000ca04 (0x00008d85) c.sub   a1, s1
core   0: 3 0x8000ca04 (0x8d85) x11 0xfffffff8
core   0: 0x8000ca06 (0xff900f13) li      t5, -7
core   0: 3 0x8000ca06 (0xff900f13) x30 0xfffffff9
core   0: 0x8000ca0a (0x41885333) sra     t1, a6, s8
core   0: 3 0x8000ca0a (0x41885333) x 6 0x3ffff11c
core   0: 0x8000ca0e (0x00008c0d) c.sub   s0, a1
core   0: 3 0x8000ca0e (0x8c0d) x 8 0x00000009
core   0: 0x8000ca10 (0x00001179) c.addi  sp, -2
core   0: 3 0x8000ca10 (0x1179) x 2 0x00000001
core   0: 0x8000ca12 (0xffe11ee3) bne     sp, t5, pc - 4
core   0: 3 0x8000ca12 (0xffe11ee3)
core   0: 0x8000ca0e (0x00008c0d) c.sub   s0, a1
core   0: 3 0x8000ca0e (0x8c0d) x 8 0x00000011
core   0: 0x8000ca10 (0x00001179) c.addi  sp, -2
core   0: 3 0x8000ca10 (0x1179) x 2 0xffffffff
core   0: 0x8000ca12 (0xffe11ee3) bne     sp, t5, pc - 4
core   0: 3 0x8000ca12 (0xffe11ee3)
core   0: 0x8000ca0e (0x00008c0d) c.sub   s0, a1
core   0: 3 0x8000ca0e (0x8c0d) x 8 0x00000019
core   0: 0x8000ca10 (0x00001179) c.addi  sp, -2
core   0: 3 0x8000ca10 (0x1179) x 2 0xfffffffd
core   0: 0x8000ca12 (0xffe11ee3) bne     sp, t5, pc - 4
core   0: 3 0x8000ca12 (0xffe11ee3)
core   0: 0x8000ca0e (0x00008c0d) c.sub   s0, a1
core   0: 3 0x8000ca0e (0x8c0d) x 8 0x00000021
core   0: 0x8000ca10 (0x00001179) c.addi  sp, -2
core   0: 3 0x8000ca10 (0x1179) x 2 0xfffffffb
core   0: 0x8000ca12 (0xffe11ee3) bne     sp, t5, pc - 4
core   0: 3 0x8000ca12 (0xffe11ee3)
core   0: 0x8000ca0e (0x00008c0d) c.sub   s0, a1
core   0: 3 0x8000ca0e (0x8c0d) x 8 0x00000029
core   0: 0x8000ca10 (0x00001179) c.addi  sp, -2
core   0: 3 0x8000ca10 (0x1179) x 2 0xfffffff9
core   0: 0x8000ca12 (0xffe11ee3) bne     sp, t5, pc - 4
core   0: 3 0x8000ca12 (0xffe11ee3)
core   0: 0x8000ca16 (0x012603b3) add     t2, a2, s2
core   0: 3 0x8000ca16 (0x012603b3) x 7 0x5f0289f2
core   0: 0x8000ca1a (0x71312613) slti    a2, sp, 1811
core   0: 3 0x8000ca1a (0x71312613) x12 0x00000001
core   0: 0x8000ca1e (0x9077b5b7) lui     a1, 0x9077b
core   0: 3 0x8000ca1e (0x9077b5b7) x11 0x9077b000
core   0: 0x8000ca22 (0x00bd8333) add     t1, s11, a1
core   0: 3 0x8000ca22 (0x00bd8333) x 6 0x9077b056
core   0: 0x8000ca26 (0x00957933) and     s2, a0, s1
core   0: 3 0x8000ca26 (0x00957933) x18 0x00000008
core   0: 0x8000ca2a (0xfcf689e3) beq     a3, a5, pc - 46
core   0: 3 0x8000ca2a (0xfcf689e3)
core   0: 0x8000c9fc (0x00005afd) c.li    s5, -1
core   0: 3 0x8000c9fc (0x5afd) x21 0xffffffff
core   0: 0x8000c9fe (0x000006a9) c.addi  a3, 10
core   0: 3 0x8000c9fe (0x06a9) x13 0x0000001c
core   0: 0x8000ca00 (0x00300113) li      sp, 3
core   0: 3 0x8000ca00 (0x00300113) x 2 0x00000003
core   0: 0x8000ca04 (0x00008d85) c.sub   a1, s1
core   0: 3 0x8000ca04 (0x8d85) x11 0x9077aff8
core   0: 0x8000ca06 (0xff900f13) li      t5, -7
core   0: 3 0x8000ca06 (0xff900f13) x30 0xfffffff9
core   0: 0x8000ca0a (0x41885333) sra     t1, a6, s8
core   0: 3 0x8000ca0a (0x41885333) x 6 0x3ffff11c
core   0: 0x8000ca0e (0x00008c0d) c.sub   s0, a1
core   0: 3 0x8000ca0e (0x8c0d) x 8 0x6f885031
core   0: 0x8000ca10 (0x00001179) c.addi  sp, -2
core   0: 3 0x8000ca10 (0x1179) x 2 0x00000001
core   0: 0x8000ca12 (0xffe11ee3) bne     sp, t5, pc - 4
core   0: 3 0x8000ca12 (0xffe11ee3)
core   0: 0x8000ca0e (0x00008c0d) c.sub   s0, a1
core   0: 3 0x8000ca0e (0x8c0d) x 8 0xdf10a039
core   0: 0x8000ca10 (0x00001179) c.addi  sp, -2
core   0: 3 0x8000ca10 (0x1179) x 2 0xffffffff
core   0: 0x8000ca12 (0xffe11ee3) bne     sp, t5, pc - 4
core   0: 3 0x8000ca12 (0xffe11ee3)
core   0: 0x8000ca0e (0x00008c0d) c.sub   s0, a1
core   0: 3 0x8000ca0e (0x8c0d) x 8 0x4e98f041
core   0: 0x8000ca10 (0x00001179) c.addi  sp, -2
core   0: 3 0x8000ca10 (0x1179) x 2 0xfffffffd
core   0: 0x8000ca12 (0xffe11ee3) bne     sp, t5, pc - 4
core   0: 3 0x8000ca12 (0xffe11ee3)
core   0: 0x8000ca0e (0x00008c0d) c.sub   s0, a1
core   0: 3 0x8000ca0e (0x8c0d) x 8 0xbe214049
core   0: 0x8000ca10 (0x00001179) c.addi  sp, -2
core   0: 3 0x8000ca10 (0x1179) x 2 0xfffffffb
core   0: 0x8000ca12 (0xffe11ee3) bne     sp, t5, pc - 4
core   0: 3 0x8000ca12 (0xffe11ee3)
core   0: 0x8000ca0e (0x00008c0d) c.sub   s0, a1
core   0: 3 0x8000ca0e (0x8c0d) x 8 0x2da99051
core   0: 0x8000ca10 (0x00001179) c.addi  sp, -2
core   0: 3 0x8000ca10 (0x1179) x 2 0xfffffff9
core   0: 0x8000ca12 (0xffe11ee3) bne     sp, t5, pc - 4
core   0: 3 0x8000ca12 (0xffe11ee3)
core   0: 0x8000ca16 (0x012603b3) add     t2, a2, s2
core   0: 3 0x8000ca16 (0x012603b3) x 7 0x00000009
core   0: 0x8000ca1a (0x71312613) slti    a2, sp, 1811
core   0: 3 0x8000ca1a (0x71312613) x12 0x00000001
core   0: 0x8000ca1e (0x9077b5b7) lui     a1, 0x9077b
core   0: 3 0x8000ca1e (0x9077b5b7) x11 0x9077b000
core   0: 0x8000ca22 (0x00bd8333) add     t1, s11, a1
core   0: 3 0x8000ca22 (0x00bd8333) x 6 0x9077b056
core   0: 0x8000ca26 (0x00957933) and     s2, a0, s1
core   0: 3 0x8000ca26 (0x00957933) x18 0x00000008
core   0: 0x8000ca2a (0xfcf689e3) beq     a3, a5, pc - 46
core   0: 3 0x8000ca2a (0xfcf689e3)
core   0: 0x8000ca2e (0xc7a7bb93) sltiu   s7, a5, -902
core   0: 3 0x8000ca2e (0xc7a7bb93) x23 0x00000001
core   0: 0x8000ca32 (0x0000b117) auipc   sp, 0xb
core   0: 3 0x8000ca32 (0x0000b117) x 2 0x80017a32
core   0: 0x8000ca36 (0xf2710113) addi    sp, sp, -217
core   0: 3 0x8000ca36 (0xf2710113) x 2 0x80017959
core   0: 0x8000ca3a (0x00235793) srli    a5, t1, 2
core   0: 3 0x8000ca3a (0x00235793) x15 0x241dec15
core   0: 0x8000ca3e (0x5bd10123) sb      t4, 1442(sp)
core   0: 3 0x8000ca3e (0x5bd10123) mem 0x80017efb 0xb0
core   0: 0x8000ca42 (0x01d7f333) and     t1, a5, t4
core   0: 3 0x8000ca42 (0x01d7f333) x 6 0x241d0010
core   0: 0x8000ca46 (0x1c214303) lbu     t1, 450(sp)
core   0: 3 0x8000ca46 (0x1c214303) x 6 0x00000040 mem 0x80017b1b
core   0: 0x8000ca4a (0x2ed10783) lb      a5, 749(sp)
core   0: 3 0x8000ca4a (0x2ed10783) x15 0xffffff8f mem 0x80017c46
core   0: 0x8000ca4e (0x84a14e83) lbu     t4, -1974(sp)
core   0: 3 0x8000ca4e (0x84a14e83) x29 0x000000e7 mem 0x800171a3
core   0: 0x8000ca52 (0x4b915303) lhu     t1, 1209(sp)
core   0: 3 0x8000ca52 (0x4b915303) x 6 0x0000f14f mem 0x80017e12
core   0: 0x8000ca56 (0x00f6a333) slt     t1, a3, a5
core   0: 3 0x8000ca56 (0x00f6a333) x 6 0x00000000
core   0: 0x8000ca5a (0xe8910723) sb      s1, -370(sp)
core   0: 3 0x8000ca5a (0xe8910723) mem 0x800177e7 0x8
core   0: 0x8000ca5e (0x00008c9d) c.sub   s1, a5
core   0: 3 0x8000ca5e (0x8c9d) x 9 0x00000079
core   0: 0x8000ca60 (0x26111303) lh      t1, 609(sp)
core   0: 3 0x8000ca60 (0x26111303) x 6 0xffff8218 mem 0x80017bba
core   0: 0x8000ca64 (0x00009bfd) c.andi  a5, -1
core   0: 3 0x8000ca64 (0x9bfd) x15 0xffffff8f
core   0: 0x8000ca66 (0x249110a3) sh      s1, 577(sp)
core   0: 3 0x8000ca66 (0x249110a3) mem 0x80017b9a 0x0079
core   0: 0x8000ca6a (0x74d10f23) sb      a3, 1886(sp)
core   0: 3 0x8000ca6a (0x74d10f23) mem 0x800180b7 0x1c
core   0: 0x8000ca6e (0x40d086b3) sub     a3, ra, a3
core   0: 3 0x8000ca6e (0x40d086b3) x13 0xffffffe4
core   0: 0x8000ca72 (0x79f4f693) andi    a3, s1, 1951
core   0: 3 0x8000ca72 (0x79f4f693) x13 0x00000019
core   0: 0x8000ca76 (0x01e10303) lb      t1, 30(sp)
core   0: 3 0x8000ca76 (0x01e10303) x 6 0x00000017 mem 0x80017977
core   0: 0x8000ca7a (0x20614303) lbu     t1, 518(sp)
core   0: 3 0x8000ca7a (0x20614303) x 6 0x00000076 mem 0x80017b5f
core   0: 0x8000ca7e (0xe3d11303) lh      t1, -451(sp)
core   0: 3 0x8000ca7e (0xe3d11303) x 6 0xffffa773 mem 0x80017796
core   0: 0x8000ca82 (0x0000137d) c.addi  t1, -1
core   0: 3 0x8000ca82 (0x137d) x 6 0xffffa772
core   0: 0x8000ca84 (0x00008fa5) c.xor   a5, s1
core   0: 3 0x8000ca84 (0x8fa5) x15 0xfffffff6
core   0: 0x8000ca86 (0x00004345) c.li    t1, 17
core   0: 3 0x8000ca86 (0x4345) x 6 0x00000011
core   0: 0x8000ca88 (0x76610a23) sb      t1, 1908(sp)
core   0: 3 0x8000ca88 (0x76610a23) mem 0x800180cd 0x11
core   0: 0x8000ca8c (0x00defeb3) and     t4, t4, a3
core   0: 3 0x8000ca8c (0x00defeb3) x29 0x00000001
core   0: 0x8000ca90 (0x000057fd) c.li    a5, -1
core   0: 3 0x8000ca90 (0x57fd) x15 0xffffffff
core   0: 0x8000ca92 (0xba308e93) addi    t4, ra, -1117
core   0: 3 0x8000ca92 (0xba308e93) x29 0xfffffba3
core   0: 0x8000ca96 (0x0ad11ba3) sh      a3, 183(sp)
core   0: 3 0x8000ca96 (0x0ad11ba3) mem 0x80017a10 0x0019
core   0: 0x8000ca9a (0x0ff0000f) fence   iorw,iorw
core   0: 3 0x8000ca9a (0x0ff0000f)
core   0: 0x8000ca9e (0x96f121a3) sw      a5, -1693(sp)
core   0: 3 0x8000ca9e (0x96f121a3) mem 0x800172bc 0xffffffff
core   0: 0x8000caa2 (0x969116a3) sh      s1, -1683(sp)
core   0: 3 0x8000caa2 (0x969116a3) mem 0x800172c6 0x0079
core   0: 0x8000caa6 (0x00131793) slli    a5, t1, 1
core   0: 3 0x8000caa6 (0x00131793) x15 0x00000022
core   0: 0x8000caaa (0x000080bd) c.srli  s1, 15
core   0: 3 0x8000caaa (0x80bd) x 9 0x00000000
core   0: 0x8000caac (0x70610683) lb      a3, 1798(sp)
core   0: 3 0x8000caac (0x70610683) x13 0xffffffcb mem 0x8001805f
core   0: 0x8000cab0 (0x54111e83) lh      t4, 1345(sp)
core   0: 3 0x8000cab0 (0x54111e83) x29 0xffffa1e2 mem 0x80017e9a
core   0: 0x8000cab4 (0x00003a97) auipc   s5, 0x3
core   0: 3 0x8000cab4 (0x00003a97) x21 0x8000fab4
core   0: 0x8000cab8 (0x659a8a93) addi    s5, s5, 1625
core   0: 3 0x8000cab8 (0x659a8a93) x21 0x8001010d
core   0: 0x8000cabc (0x402303b3) sub     t2, t1, sp
core   0: 3 0x8000cabc (0x402303b3) x 7 0x7ffe86b8
core   0: 0x8000cac0 (0x012fe933) or      s2, t6, s2
core   0: 3 0x8000cac0 (0x012fe933) x18 0x0000371e
core   0: 0x8000cac4 (0x00967033) and     zero, a2, s1
core   0: 3 0x8000cac4 (0x00967033)
core   0: 0x8000cac8 (0xff5a8b83) lb      s7, -11(s5)
core   0: 3 0x8000cac8 (0xff5a8b83) x23 0x0000005d mem 0x80010102
core   0: 0x8000cacc (0x00008f89) c.sub   a5, a0
core   0: 3 0x8000cacc (0x8f89) x15 0xfffff0e3
core   0: 0x8000cace (0x00f8e233) or      tp, a7, a5
core   0: 3 0x8000cace (0x00f8e233) x 4 0xfffffeef
core   0: 0x8000cad2 (0x007aaa03) lw      s4, 7(s5)
core   0: 3 0x8000cad2 (0x007aaa03) x20 0x9d7204ee mem 0x80010114
core   0: 0x8000cad6 (0x41338533) sub     a0, t2, s3
core   0: 3 0x8000cad6 (0x41338533) x10 0x7fff8308
core   0: 0x8000cada (0x0da33313) sltiu   t1, t1, 218
core   0: 3 0x8000cada (0x0da33313) x 6 0x00000001
core   0: 0x8000cade (0x007a94a3) sh      t2, 9(s5)
core   0: 3 0x8000cade (0x007a94a3) mem 0x80010116 0x86b8
core   0: 0x8000cae2 (0xff4a8983) lb      s3, -12(s5)
core   0: 3 0x8000cae2 (0xff4a8983) x19 0x0000006a mem 0x80010101
core   0: 0x8000cae6 (0x25c20b13) addi    s6, tp, 604
core   0: 3 0x8000cae6 (0x25c20b13) x22 0x0000014b
core   0: 0x8000caea (0x00008615) c.srai  a2, 5
core   0: 3 0x8000caea (0x8615) x12 0x00000000
core   0: 0x8000caec (0xff7ad983) lhu     s3, -9(s5)
core   0: 3 0x8000caec (0xff7ad983) x19 0x0000f65f mem 0x80010104
core   0: 0x8000caf0 (0xffbaaf03) lw      t5, -5(s5)
core   0: 3 0x8000caf0 (0xffbaaf03) x30 0x7053f2f5 mem 0x80010108
core   0: 0x8000caf4 (0x00a0f0b3) and     ra, ra, a0
core   0: 3 0x8000caf4 (0x00a0f0b3) x 1 0x00000000
core   0: 0x8000caf8 (0x40080a33) sub     s4, a6, zero
core   0: 3 0x8000caf8 (0x40080a33) x20 0x3ffff11c
core   0: 0x8000cafc (0x000091ba) c.add   gp, a4
core   0: 3 0x8000cafc (0x91ba) x 3 0x80029cc4
core   0: 0x8000cafe (0xcc47ea13) ori     s4, a5, -828
core   0: 3 0x8000cafe (0xcc47ea13) x20 0xfffffce7
core   0: 0x8000cb02 (0x004ac003) lbu     zero, 4(s5)
core   0: 3 0x8000cb02 (0x004ac003) mem 0x80010111
core   0: 0x8000cb06 (0xffaa8383) lb      t2, -6(s5)
core   0: 3 0x8000cb06 (0xffaa8383) x 7 0x0000006c mem 0x80010107
core   0: 0x8000cb0a (0x000097fe) c.add   a5, t6
core   0: 3 0x8000cb0a (0x97fe) x15 0x00002801
core   0: 0x8000cb0c (0x00008e71) c.and   a2, a2
core   0: 3 0x8000cb0c (0x8e71) x12 0x00000000
core   0: 0x8000cb0e (0xffea8c03) lb      s8, -2(s5)
core   0: 3 0x8000cb0e (0xffea8c03) x24 0x00000070 mem 0x8001010b
core   0: 0x8000cb12 (0x404a5e93) srai    t4, s4, 4
core   0: 3 0x8000cb12 (0x404a5e93) x29 0xffffffce
core   0: 0x8000cb16 (0x019a8023) sb      s9, 0(s5)
core   0: 3 0x8000cb16 (0x019a8023) mem 0x8001010d 0x0
core   0: 0x8000cb1a (0xff1a9783) lh      a5, -15(s5)
core   0: 3 0x8000cb1a (0xff1a9783) x15 0xffffede1 mem 0x800100fe
core   0: 0x8000cb1e (0xfeea8c23) sb      a4, -8(s5)
core   0: 3 0x8000cb1e (0xfeea8c23) mem 0x80010105 0xe4
core   0: 0x8000cb22 (0x01d8c933) xor     s2, a7, t4
core   0: 3 0x8000cb22 (0x01d8c933) x18 0x7ffda182
core   0: 0x8000cb26 (0x009c1d33) sll     s10, s8, s1
core   0: 3 0x8000cb26 (0x009c1d33) x26 0x00000070
core   0: 0x8000cb2a (0x010a8983) lb      s3, 16(s5)
core   0: 3 0x8000cb2a (0x010a8983) x19 0xffffffc6 mem 0x8001011d
core   0: 0x8000cb2e (0x013a8723) sb      s3, 14(s5)
core   0: 3 0x8000cb2e (0x013a8723) mem 0x8001011b 0xc6
core   0: 0x8000cb32 (0xffaa8e83) lb      t4, -6(s5)
core   0: 3 0x8000cb32 (0xffaa8e83) x29 0x0000006c mem 0x80010107
core   0: 0x8000cb36 (0x40805bb3) sra     s7, zero, s0
core   0: 3 0x8000cb36 (0x40805bb3) x23 0x00000000
core   0: 0x8000cb3a (0x01bed533) srl     a0, t4, s11
core   0: 3 0x8000cb3a (0x01bed533) x10 0x00000000
core   0: 0x8000cb3e (0x000080d9) c.srli  s1, 22
core   0: 3 0x8000cb3e (0x80d9) x 9 0x00000000
core   0: 0x8000cb40 (0x001a8503) lb      a0, 1(s5)
core   0: 3 0x8000cb40 (0x001a8503) x10 0xfffffffa mem 0x8001010e
core   0: 0x8000cb44 (0xff0a8503) lb      a0, -16(s5)
core   0: 3 0x8000cb44 (0xff0a8503) x10 0x00000064 mem 0x800100fd
core   0: 0x8000cb48 (0x6773f793) andi    a5, t2, 1655
core   0: 3 0x8000cb48 (0x6773f793) x15 0x00000064
core   0: 0x8000cb4c (0x010a8a03) lb      s4, 16(s5)
core   0: 3 0x8000cb4c (0x010a8a03) x20 0xffffffc6 mem 0x8001011d
core   0: 0x8000cb50 (0x0000100f) fence.i
core   0: 3 0x8000cb50 (0x0000100f)
core   0: 0x8000cb54 (0x008a8723) sb      s0, 14(s5)
core   0: 3 0x8000cb54 (0x008a8723) mem 0x8001011b 0x51
core   0: 0x8000cb58 (0x00000001) c.nop
core   0: 3 0x8000cb58 (0x0001)
core   0: 0x8000cb5a (0x24840e13) addi    t3, s0, 584
core   0: 3 0x8000cb5a (0x24840e13) x28 0x2da99299
core   0: 0x8000cb5e (0xfe2a8923) sb      sp, -14(s5)
core   0: 3 0x8000cb5e (0xfe2a8923) mem 0x800100ff 0x59
core   0: 0x8000cb62 (0x0000e817) auipc   a6, 0xe
core   0: 3 0x8000cb62 (0x0000e817) x16 0x8001ab62
core   0: 0x8000cb66 (0x0f580813) addi    a6, a6, 245
core   0: 3 0x8000cb66 (0x0f580813) x16 0x8001ac57
core   0: 0x8000cb6a (0x00cf09b3) add     s3, t5, a2
core   0: 3 0x8000cb6a (0x00cf09b3) x19 0x7053f2f5
core   0: 0x8000cb6e (0x02d86933) rem     s2, a6, a3
core   0: 3 0x8000cb6e (0x02d86933) x18 0xffffffe9
core   0: 0x8000cb72 (0x055815a3) sh      s5, 75(a6)
core   0: 3 0x8000cb72 (0x055815a3) mem 0x8001aca2 0x010d
core   0: 0x8000cb76 (0x04b80223) sb      a1, 68(a6)
core   0: 3 0x8000cb76 (0x04b80223) mem 0x8001ac9b 0x0
core   0: 0x8000cb7a (0x07184d03) lbu     s10, 113(a6)
core   0: 3 0x8000cb7a (0x07184d03) x26 0x00000071 mem 0x8001acc8
core   0: 0x8000cb7e (0x41c356b3) sra     a3, t1, t3
core   0: 3 0x8000cb7e (0x41c356b3) x13 0x00000000
core   0: 0x8000cb82 (0x0ff0000f) fence   iorw,iorw
core   0: 3 0x8000cb82 (0x0ff0000f)
core   0: 0x8000cb86 (0x00008afe) c.mv    s5, t6
core   0: 3 0x8000cb86 (0x8afe) x21 0x0000371e
core   0: 0x8000cb88 (0x000094ca) c.add   s1, s2
core   0: 3 0x8000cb88 (0x94ca) x 9 0xffffffe9
core   0: 0x8000cb8a (0x41f054b3) sra     s1, zero, t6
core   0: 3 0x8000cb8a (0x41f054b3) x 9 0x00000000
core   0: 0x8000cb8e (0x01581fa3) sh      s5, 31(a6)
core   0: 3 0x8000cb8e (0x01581fa3) mem 0x8001ac76 0x371e
core   0: 0x8000cb92 (0x00006c6d) c.lui   s8, 0x1b
core   0: 3 0x8000cb92 (0x6c6d) x24 0x0001b000
core   0: 0x8000cb94 (0xf2084003) lbu     zero, -224(a6)
core   0: 3 0x8000cb94 (0xf2084003) mem 0x8001ab77
core   0: 0x8000cb98 (0x00008531) c.srai  a0, 12
core   0: 3 0x8000cb98 (0x8531) x10 0x00000000
core   0: 0x8000cb9a (0xad402a93) slti    s5, zero, -1324
core   0: 3 0x8000cb9a (0xad402a93) x21 0x00000000
core   0: 0x8000cb9e (0xc5066193) ori     gp, a2, -944
core   0: 3 0x8000cb9e (0xc5066193) x 3 0xfffffc50
core   0: 0x8000cba2 (0x00723633) sltu    a2, tp, t2
core   0: 3 0x8000cba2 (0x00723633) x12 0x00000000
core   0: 0x8000cba6 (0x03725f33) divu    t5, tp, s7
core   0: 3 0x8000cba6 (0x03725f33) x30 0xffffffff
core   0: 0x8000cbaa (0x0da80923) sb      s10, 210(a6)
core   0: 3 0x8000cbaa (0x0da80923) mem 0x8001ad29 0x71
core   0: 0x8000cbae (0x0f480583) lb      a1, 244(a6)
core   0: 3 0x8000cbae (0x0f480583) x11 0x00000001 mem 0x8001ad4b
core   0: 0x8000cbb2 (0x00008cbd) c.xor   s1, a5
core   0: 3 0x8000cbb2 (0x8cbd) x 9 0x00000064
core   0: 0x8000cbb4 (0xfdc80083) lb      ra, -36(a6)
core   0: 3 0x8000cbb4 (0xfdc80083) x 1 0xffffff85 mem 0x8001ac33
core   0: 0x8000cbb8 (0x03d8e4b3) rem     s1, a7, t4
core   0: 3 0x8000cbb8 (0x03d8e4b3) x 9 0xffffffb4
core   0: 0x8000cbbc (0x40e150b3) sra     ra, sp, a4
core   0: 3 0x8000cbbc (0x40e150b3) x 1 0xf8001795
core   0: 0x8000cbc0 (0x01fd1133) sll     sp, s10, t6
core   0: 3 0x8000cbc0 (0x01fd1133) x 2 0x40000000
core   0: 0x8000cbc4 (0x00008e35) c.xor   a2, a3
core   0: 3 0x8000cbc4 (0x8e35) x12 0x00000000
core   0: 0x8000cbc6 (0x0000111c) c.addi4spn a5, sp, 160
core   0: 3 0x8000cbc6 (0x111c) x15 0x400000a0
core   0: 0x8000cbc8 (0x000099fd) c.andi  a1, -1
core   0: 3 0x8000cbc8 (0x99fd) x11 0x00000001
core   0: 0x8000cbca (0xf0c80d03) lb      s10, -244(a6)
core   0: 3 0x8000cbca (0xf0c80d03) x26 0x00000071 mem 0x8001ab63
core   0: 0x8000cbce (0xf3b80b23) sb      s11, -202(a6)
core   0: 3 0x8000cbce (0xf3b80b23) mem 0x8001ab8d 0x56
core   0: 0x8000cbd2 (0x02914633) div     a2, sp, s1
core   0: 3 0x8000cbd2 (0x02914633) x12 0xff286bcb
core   0: 0x8000cbd6 (0xff185403) lhu     s0, -15(a6)
core   0: 3 0x8000cbd6 (0xff185403) x 8 0x00007a8b mem 0x8001ac48
core   0: 0x8000cbda (0x00004097) auipc   ra, 0x4
core   0: 3 0x8000cbda (0x00004097) x 1 0x80010bda
core   0: 0x8000cbde (0x83f08093) addi    ra, ra, -1985
core   0: 3 0x8000cbde (0x83f08093) x 1 0x80010419
core   0: 0x8000cbe2 (0x0000fa17) auipc   s4, 0xf
core   0: 3 0x8000cbe2 (0x0000fa17) x20 0x8001bbe2
core   0: 0x8000cbe6 (0x30ca0a13) addi    s4, s4, 780
core   0: 3 0x8000cbe6 (0x30ca0a13) x20 0x8001beee
core   0: 0x8000cbea (0xc9ea4503) lbu     a0, -866(s4)
core   0: 3 0x8000cbea (0xc9ea4503) x10 0x00000016 mem 0x8001bb8c
core   0: 0x8000cbee (0xf3ca4d83) lbu     s11, -196(s4)
core   0: 3 0x8000cbee (0xf3ca4d83) x27 0x000000d8 mem 0x8001be2a
core   0: 0x8000cbf2 (0x9daa4f03) lbu     t5, -1574(s4)
core   0: 3 0x8000cbf2 (0x9daa4f03) x30 0x000000d8 mem 0x8001b8c8
core   0: 0x8000cbf6 (0x916a0823) sb      s6, -1776(s4)
core   0: 3 0x8000cbf6 (0x916a0823) mem 0x8001b7fe 0x4b
core   0: 0x8000cbfa (0x00e08183) lb      gp, 14(ra)
core   0: 3 0x8000cbfa (0x00e08183) x 3 0x0000005f mem 0x80010427
core   0: 0x8000cbfe (0x01208c03) lb      s8, 18(ra)
core   0: 3 0x8000cbfe (0x01208c03) x24 0xffffff88 mem 0x8001042b
core   0: 0x8000cc02 (0xfe5087a3) sb      t0, -17(ra)
core   0: 3 0x8000cc02 (0xfe5087a3) mem 0x80010408 0x0
core   0: 0x8000cc06 (0xdaaa5a83) lhu     s5, -598(s4)
core   0: 3 0x8000cc06 (0xdaaa5a83) x21 0x00009787 mem 0x8001bc98
core   0: 0x8000cc0a (0x01f09b83) lh      s7, 31(ra)
core   0: 3 0x8000cc0a (0x01f09b83) x23 0x000013a4 mem 0x80010438
core   0: 0x8000cc0e (0xb36a04a3) sb      s6, -1239(s4)
core   0: 3 0x8000cc0e (0xb36a04a3) mem 0x8001ba17 0x4b
core   0: 0x8000cc12 (0x03a08803) lb      a6, 58(ra)
core   0: 3 0x8000cc12 (0x03a08803) x16 0xffffff92 mem 0x80010453
core   0: 0x8000cc16 (0xdc8a0903) lb      s2, -568(s4)
core   0: 3 0x8000cc16 (0xdc8a0903) x18 0xffffffba mem 0x8001bcb6
core   0: 0x8000cc1a (0xfdb08003) lb      zero, -37(ra)
core   0: 3 0x8000cc1a (0xfdb08003) mem 0x800103f4
core   0: 0x8000cc1e (0x01308183) lb      gp, 19(ra)
core   0: 3 0x8000cc1e (0x01308183) x 3 0x00000075 mem 0x8001042c
core   0: 0x8000cc22 (0x4b2a1983) lh      s3, 1202(s4)
core   0: 3 0x8000cc22 (0x4b2a1983) x19 0x0000023e mem 0x8001c3a0
core   0: 0x8000cc26 (0x519a0683) lb      a3, 1305(s4)
core   0: 3 0x8000cc26 (0x519a0683) x13 0xffffffdc mem 0x8001c407
core   0: 0x8000cc2a (0xa1ba4483) lbu     s1, -1509(s4)
core   0: 3 0x8000cc2a (0xa1ba4483) x 9 0x00000028 mem 0x8001b909
core   0: 0x8000cc2e (0x00300413) li      s0, 3
core   0: 3 0x8000cc2e (0x00300413) x 8 0x00000003
core   0: 0x8000cc32 (0x0000137d) c.addi  t1, -1
core   0: 3 0x8000cc32 (0x137d) x 6 0x00000000
core   0: 0x8000cc34 (0x00a5ebb3) or      s7, a1, a0
core   0: 3 0x8000cc34 (0x00a5ebb3) x23 0x00000017
core   0: 0x8000cc38 (0x01f7dfb3) srl     t6, a5, t6
core   0: 3 0x8000cc38 (0x01f7dfb3) x31 0x00000001
core   0: 0x8000cc3c (0x00700e93) li      t4, 7
core   0: 3 0x8000cc3c (0x00700e93) x29 0x00000007
core   0: 0x8000cc40 (0x00001bfd) c.addi  s7, -1
core   0: 3 0x8000cc40 (0x1bfd) x23 0x00000016
core   0: 0x8000cc42 (0x0247a833) mulhsu  a6, a5, tp
core   0: 3 0x8000cc42 (0x0247a833) x16 0x4000005b
core   0: 0x8000cc46 (0x01e027b3) slt     a5, zero, t5
core   0: 3 0x8000cc46 (0x01e027b3) x15 0x00000001
core   0: 0x8000cc4a (0x0000537d) c.li    t1, -1
core   0: 3 0x8000cc4a (0x537d) x 6 0xffffffff
core   0: 0x8000cc4c (0x0173dc33) srl     s8, t2, s7
core   0: 3 0x8000cc4c (0x0173dc33) x24 0x00000000
core   0: 0x8000cc50 (0x6bceaa93) slti    s5, t4, 1724
core   0: 3 0x8000cc50 (0x6bceaa93) x21 0x00000001
core   0: 0x8000cc54 (0xdbd24213) xori    tp, tp, -579
core   0: 3 0x8000cc54 (0xdbd24213) x 4 0x00000352
core   0: 0x8000cc58 (0x00000405) c.addi  s0, 1
core   0: 3 0x8000cc58 (0x0405) x 8 0x00000004
core   0: 0x8000cc5a (0x0068c6b3) xor     a3, a7, t1
core   0: 3 0x8000cc5a (0x0068c6b3) x13 0x7ffda1b3
core   0: 0x8000cc5e (0x00000001) c.nop
core   0: 3 0x8000cc5e (0x0001)
core   0: 0x8000cc60 (0xff900513) li      a0, -7
core   0: 3 0x8000cc60 (0xff900513) x10 0xfffffff9
core   0: 0x8000cc64 (0x00acd613) srli    a2, s9, 10
core   0: 3 0x8000cc64 (0x00acd613) x12 0x00200000
core   0: 0x8000cc68 (0xffe00b13) li      s6, -2
core   0: 3 0x8000cc68 (0xffe00b13) x22 0xfffffffe
core   0: 0x8000cc6c (0x000006a1) c.addi  a3, 8
core   0: 3 0x8000cc6c (0x06a1) x13 0x7ffda1bb
core   0: 0x8000cc6e (0x00005f7d) c.li    t5, -1
core   0: 3 0x8000cc6e (0x5f7d) x30 0xffffffff
core   0: 0x8000cc70 (0x000097f6) c.add   a5, t4
core   0: 3 0x8000cc70 (0x97f6) x15 0x00000008
core   0: 0x8000cc72 (0x016b2bb3) slt     s7, s6, s6
core   0: 3 0x8000cc72 (0x016b2bb3) x23 0x00000000
core   0: 0x8000cc76 (0x010b3fb3) sltu    t6, s6, a6
core   0: 3 0x8000cc76 (0x010b3fb3) x31 0x00000000
core   0: 0x8000cc7a (0x02c3f5b3) remu    a1, t2, a2
core   0: 3 0x8000cc7a (0x02c3f5b3) x11 0x0000006c
core   0: 0x8000cc7e (0x00008dc5) c.or    a1, s1
core   0: 3 0x8000cc7e (0x8dc5) x11 0x0000006c
core   0: 0x8000cc80 (0x000083ed) c.srli  a5, 27
core   0: 3 0x8000cc80 (0x83ed) x15 0x00000000
core   0: 0x8000cc82 (0x00000505) c.addi  a0, 1
core   0: 3 0x8000cc82 (0x0505) x10 0xfffffffa
core   0: 0x8000cc84 (0x85ec9d37) lui     s10, 0x85ec9
core   0: 3 0x8000cc84 (0x85ec9d37) x26 0x85ec9000
core   0: 0x8000cc88 (0xff6512e3) bne     a0, s6, pc - 28
core   0: 3 0x8000cc88 (0xff6512e3)
core   0: 0x8000cc6c (0x000006a1) c.addi  a3, 8
core   0: 3 0x8000cc6c (0x06a1) x13 0x7ffda1c3
core   0: 0x8000cc6e (0x00005f7d) c.li    t5, -1
core   0: 3 0x8000cc6e (0x5f7d) x30 0xffffffff
core   0: 0x8000cc70 (0x000097f6) c.add   a5, t4
core   0: 3 0x8000cc70 (0x97f6) x15 0x00000007
core   0: 0x8000cc72 (0x016b2bb3) slt     s7, s6, s6
core   0: 3 0x8000cc72 (0x016b2bb3) x23 0x00000000
core   0: 0x8000cc76 (0x010b3fb3) sltu    t6, s6, a6
core   0: 3 0x8000cc76 (0x010b3fb3) x31 0x00000000
core   0: 0x8000cc7a (0x02c3f5b3) remu    a1, t2, a2
core   0: 3 0x8000cc7a (0x02c3f5b3) x11 0x0000006c
core   0: 0x8000cc7e (0x00008dc5) c.or    a1, s1
core   0: 3 0x8000cc7e (0x8dc5) x11 0x0000006c
core   0: 0x8000cc80 (0x000083ed) c.srli  a5, 27
core   0: 3 0x8000cc80 (0x83ed) x15 0x00000000
core   0: 0x8000cc82 (0x00000505) c.addi  a0, 1
core   0: 3 0x8000cc82 (0x0505) x10 0xfffffffb
core   0: 0x8000cc84 (0x85ec9d37) lui     s10, 0x85ec9
core   0: 3 0x8000cc84 (0x85ec9d37) x26 0x85ec9000
core   0: 0x8000cc88 (0xff6512e3) bne     a0, s6, pc - 28
core   0: 3 0x8000cc88 (0xff6512e3)
core   0: 0x8000cc6c (0x000006a1) c.addi  a3, 8
core   0: 3 0x8000cc6c (0x06a1) x13 0x7ffda1cb
core   0: 0x8000cc6e (0x00005f7d) c.li    t5, -1
core   0: 3 0x8000cc6e (0x5f7d) x30 0xffffffff
core   0: 0x8000cc70 (0x000097f6) c.add   a5, t4
core   0: 3 0x8000cc70 (0x97f6) x15 0x00000007
core   0: 0x8000cc72 (0x016b2bb3) slt     s7, s6, s6
core   0: 3 0x8000cc72 (0x016b2bb3) x23 0x00000000
core   0: 0x8000cc76 (0x010b3fb3) sltu    t6, s6, a6
core   0: 3 0x8000cc76 (0x010b3fb3) x31 0x00000000
core   0: 0x8000cc7a (0x02c3f5b3) remu    a1, t2, a2
core   0: 3 0x8000cc7a (0x02c3f5b3) x11 0x0000006c
core   0: 0x8000cc7e (0x00008dc5) c.or    a1, s1
core   0: 3 0x8000cc7e (0x8dc5) x11 0x0000006c
core   0: 0x8000cc80 (0x000083ed) c.srli  a5, 27
core   0: 3 0x8000cc80 (0x83ed) x15 0x00000000
core   0: 0x8000cc82 (0x00000505) c.addi  a0, 1
core   0: 3 0x8000cc82 (0x0505) x10 0xfffffffc
core   0: 0x8000cc84 (0x85ec9d37) lui     s10, 0x85ec9
core   0: 3 0x8000cc84 (0x85ec9d37) x26 0x85ec9000
core   0: 0x8000cc88 (0xff6512e3) bne     a0, s6, pc - 28
core   0: 3 0x8000cc88 (0xff6512e3)
core   0: 0x8000cc6c (0x000006a1) c.addi  a3, 8
core   0: 3 0x8000cc6c (0x06a1) x13 0x7ffda1d3
core   0: 0x8000cc6e (0x00005f7d) c.li    t5, -1
core   0: 3 0x8000cc6e (0x5f7d) x30 0xffffffff
core   0: 0x8000cc70 (0x000097f6) c.add   a5, t4
core   0: 3 0x8000cc70 (0x97f6) x15 0x00000007
core   0: 0x8000cc72 (0x016b2bb3) slt     s7, s6, s6
core   0: 3 0x8000cc72 (0x016b2bb3) x23 0x00000000
core   0: 0x8000cc76 (0x010b3fb3) sltu    t6, s6, a6
core   0: 3 0x8000cc76 (0x010b3fb3) x31 0x00000000
core   0: 0x8000cc7a (0x02c3f5b3) remu    a1, t2, a2
core   0: 3 0x8000cc7a (0x02c3f5b3) x11 0x0000006c
core   0: 0x8000cc7e (0x00008dc5) c.or    a1, s1
core   0: 3 0x8000cc7e (0x8dc5) x11 0x0000006c
core   0: 0x8000cc80 (0x000083ed) c.srli  a5, 27
core   0: 3 0x8000cc80 (0x83ed) x15 0x00000000
core   0: 0x8000cc82 (0x00000505) c.addi  a0, 1
core   0: 3 0x8000cc82 (0x0505) x10 0xfffffffd
core   0: 0x8000cc84 (0x85ec9d37) lui     s10, 0x85ec9
core   0: 3 0x8000cc84 (0x85ec9d37) x26 0x85ec9000
core   0: 0x8000cc88 (0xff6512e3) bne     a0, s6, pc - 28
core   0: 3 0x8000cc88 (0xff6512e3)
core   0: 0x8000cc6c (0x000006a1) c.addi  a3, 8
core   0: 3 0x8000cc6c (0x06a1) x13 0x7ffda1db
core   0: 0x8000cc6e (0x00005f7d) c.li    t5, -1
core   0: 3 0x8000cc6e (0x5f7d) x30 0xffffffff
core   0: 0x8000cc70 (0x000097f6) c.add   a5, t4
core   0: 3 0x8000cc70 (0x97f6) x15 0x00000007
core   0: 0x8000cc72 (0x016b2bb3) slt     s7, s6, s6
core   0: 3 0x8000cc72 (0x016b2bb3) x23 0x00000000
core   0: 0x8000cc76 (0x010b3fb3) sltu    t6, s6, a6
core   0: 3 0x8000cc76 (0x010b3fb3) x31 0x00000000
core   0: 0x8000cc7a (0x02c3f5b3) remu    a1, t2, a2
core   0: 3 0x8000cc7a (0x02c3f5b3) x11 0x0000006c
core   0: 0x8000cc7e (0x00008dc5) c.or    a1, s1
core   0: 3 0x8000cc7e (0x8dc5) x11 0x0000006c
core   0: 0x8000cc80 (0x000083ed) c.srli  a5, 27
core   0: 3 0x8000cc80 (0x83ed) x15 0x00000000
core   0: 0x8000cc82 (0x00000505) c.addi  a0, 1
core   0: 3 0x8000cc82 (0x0505) x10 0xfffffffe
core   0: 0x8000cc84 (0x85ec9d37) lui     s10, 0x85ec9
core   0: 3 0x8000cc84 (0x85ec9d37) x26 0x85ec9000
core   0: 0x8000cc88 (0xff6512e3) bne     a0, s6, pc - 28
core   0: 3 0x8000cc88 (0xff6512e3)
core   0: 0x8000cc8c (0x00000a9d) c.addi  s5, 7
core   0: 3 0x8000cc8c (0x0a9d) x21 0x00000008
core   0: 0x8000cc8e (0xe9c89097) auipc   ra, 0xe9c89
core   0: 3 0x8000cc8e (0xe9c89097) x 1 0x69c95c8e
core   0: 0x8000cc92 (0x018245b3) xor     a1, tp, s8
core   0: 3 0x8000cc92 (0x018245b3) x11 0x00000352
core   0: 0x8000cc96 (0x00bd29b3) slt     s3, s10, a1
core   0: 3 0x8000cc96 (0x00bd29b3) x19 0x00000001
core   0: 0x8000cc9a (0xfbd416e3) bne     s0, t4, pc - 84
core   0: 3 0x8000cc9a (0xfbd416e3)
core   0: 0x8000cc46 (0x01e027b3) slt     a5, zero, t5
core   0: 3 0x8000cc46 (0x01e027b3) x15 0x00000000
core   0: 0x8000cc4a (0x0000537d) c.li    t1, -1
core   0: 3 0x8000cc4a (0x537d) x 6 0xffffffff
core   0: 0x8000cc4c (0x0173dc33) srl     s8, t2, s7
core   0: 3 0x8000cc4c (0x0173dc33) x24 0x0000006c
core   0: 0x8000cc50 (0x6bceaa93) slti    s5, t4, 1724
core   0: 3 0x8000cc50 (0x6bceaa93) x21 0x00000001
core   0: 0x8000cc54 (0xdbd24213) xori    tp, tp, -579
core   0: 3 0x8000cc54 (0xdbd24213) x 4 0xfffffeef
core   0: 0x8000cc58 (0x00000405) c.addi  s0, 1
core   0: 3 0x8000cc58 (0x0405) x 8 0x00000005
core   0: 0x8000cc5a (0x0068c6b3) xor     a3, a7, t1
core   0: 3 0x8000cc5a (0x0068c6b3) x13 0x7ffda1b3
core   0: 0x8000cc5e (0x00000001) c.nop
core   0: 3 0x8000cc5e (0x0001)
core   0: 0x8000cc60 (0xff900513) li      a0, -7
core   0: 3 0x8000cc60 (0xff900513) x10 0xfffffff9
core   0: 0x8000cc64 (0x00acd613) srli    a2, s9, 10
core   0: 3 0x8000cc64 (0x00acd613) x12 0x00200000
core   0: 0x8000cc68 (0xffe00b13) li      s6, -2
core   0: 3 0x8000cc68 (0xffe00b13) x22 0xfffffffe
core   0: 0x8000cc6c (0x000006a1) c.addi  a3, 8
core   0: 3 0x8000cc6c (0x06a1) x13 0x7ffda1bb
core   0: 0x8000cc6e (0x00005f7d) c.li    t5, -1
core   0: 3 0x8000cc6e (0x5f7d) x30 0xffffffff
core   0: 0x8000cc70 (0x000097f6) c.add   a5, t4
core   0: 3 0x8000cc70 (0x97f6) x15 0x00000007
core   0: 0x8000cc72 (0x016b2bb3) slt     s7, s6, s6
core   0: 3 0x8000cc72 (0x016b2bb3) x23 0x00000000
core   0: 0x8000cc76 (0x010b3fb3) sltu    t6, s6, a6
core   0: 3 0x8000cc76 (0x010b3fb3) x31 0x00000000
core   0: 0x8000cc7a (0x02c3f5b3) remu    a1, t2, a2
core   0: 3 0x8000cc7a (0x02c3f5b3) x11 0x0000006c
core   0: 0x8000cc7e (0x00008dc5) c.or    a1, s1
core   0: 3 0x8000cc7e (0x8dc5) x11 0x0000006c
core   0: 0x8000cc80 (0x000083ed) c.srli  a5, 27
core   0: 3 0x8000cc80 (0x83ed) x15 0x00000000
core   0: 0x8000cc82 (0x00000505) c.addi  a0, 1
core   0: 3 0x8000cc82 (0x0505) x10 0xfffffffa
core   0: 0x8000cc84 (0x85ec9d37) lui     s10, 0x85ec9
core   0: 3 0x8000cc84 (0x85ec9d37) x26 0x85ec9000
core   0: 0x8000cc88 (0xff6512e3) bne     a0, s6, pc - 28
core   0: 3 0x8000cc88 (0xff6512e3)
core   0: 0x8000cc6c (0x000006a1) c.addi  a3, 8
core   0: 3 0x8000cc6c (0x06a1) x13 0x7ffda1c3
core   0: 0x8000cc6e (0x00005f7d) c.li    t5, -1
core   0: 3 0x8000cc6e (0x5f7d) x30 0xffffffff
core   0: 0x8000cc70 (0x000097f6) c.add   a5, t4
core   0: 3 0x8000cc70 (0x97f6) x15 0x00000007
core   0: 0x8000cc72 (0x016b2bb3) slt     s7, s6, s6
core   0: 3 0x8000cc72 (0x016b2bb3) x23 0x00000000
core   0: 0x8000cc76 (0x010b3fb3) sltu    t6, s6, a6
core   0: 3 0x8000cc76 (0x010b3fb3) x31 0x00000000
core   0: 0x8000cc7a (0x02c3f5b3) remu    a1, t2, a2
core   0: 3 0x8000cc7a (0x02c3f5b3) x11 0x0000006c
core   0: 0x8000cc7e (0x00008dc5) c.or    a1, s1
core   0: 3 0x8000cc7e (0x8dc5) x11 0x0000006c
core   0: 0x8000cc80 (0x000083ed) c.srli  a5, 27
core   0: 3 0x8000cc80 (0x83ed) x15 0x00000000
core   0: 0x8000cc82 (0x00000505) c.addi  a0, 1
core   0: 3 0x8000cc82 (0x0505) x10 0xfffffffb
core   0: 0x8000cc84 (0x85ec9d37) lui     s10, 0x85ec9
core   0: 3 0x8000cc84 (0x85ec9d37) x26 0x85ec9000
core   0: 0x8000cc88 (0xff6512e3) bne     a0, s6, pc - 28
core   0: 3 0x8000cc88 (0xff6512e3)
core   0: 0x8000cc6c (0x000006a1) c.addi  a3, 8
core   0: 3 0x8000cc6c (0x06a1) x13 0x7ffda1cb
core   0: 0x8000cc6e (0x00005f7d) c.li    t5, -1
core   0: 3 0x8000cc6e (0x5f7d) x30 0xffffffff
core   0: 0x8000cc70 (0x000097f6) c.add   a5, t4
core   0: 3 0x8000cc70 (0x97f6) x15 0x00000007
core   0: 0x8000cc72 (0x016b2bb3) slt     s7, s6, s6
core   0: 3 0x8000cc72 (0x016b2bb3) x23 0x00000000
core   0: 0x8000cc76 (0x010b3fb3) sltu    t6, s6, a6
core   0: 3 0x8000cc76 (0x010b3fb3) x31 0x00000000
core   0: 0x8000cc7a (0x02c3f5b3) remu    a1, t2, a2
core   0: 3 0x8000cc7a (0x02c3f5b3) x11 0x0000006c
core   0: 0x8000cc7e (0x00008dc5) c.or    a1, s1
core   0: 3 0x8000cc7e (0x8dc5) x11 0x0000006c
core   0: 0x8000cc80 (0x000083ed) c.srli  a5, 27
core   0: 3 0x8000cc80 (0x83ed) x15 0x00000000
core   0: 0x8000cc82 (0x00000505) c.addi  a0, 1
core   0: 3 0x8000cc82 (0x0505) x10 0xfffffffc
core   0: 0x8000cc84 (0x85ec9d37) lui     s10, 0x85ec9
core   0: 3 0x8000cc84 (0x85ec9d37) x26 0x85ec9000
core   0: 0x8000cc88 (0xff6512e3) bne     a0, s6, pc - 28
core   0: 3 0x8000cc88 (0xff6512e3)
core   0: 0x8000cc6c (0x000006a1) c.addi  a3, 8
core   0: 3 0x8000cc6c (0x06a1) x13 0x7ffda1d3
core   0: 0x8000cc6e (0x00005f7d) c.li    t5, -1
core   0: 3 0x8000cc6e (0x5f7d) x30 0xffffffff
core   0: 0x8000cc70 (0x000097f6) c.add   a5, t4
core   0: 3 0x8000cc70 (0x97f6) x15 0x00000007
core   0: 0x8000cc72 (0x016b2bb3) slt     s7, s6, s6
core   0: 3 0x8000cc72 (0x016b2bb3) x23 0x00000000
core   0: 0x8000cc76 (0x010b3fb3) sltu    t6, s6, a6
core   0: 3 0x8000cc76 (0x010b3fb3) x31 0x00000000
core   0: 0x8000cc7a (0x02c3f5b3) remu    a1, t2, a2
core   0: 3 0x8000cc7a (0x02c3f5b3) x11 0x0000006c
core   0: 0x8000cc7e (0x00008dc5) c.or    a1, s1
core   0: 3 0x8000cc7e (0x8dc5) x11 0x0000006c
core   0: 0x8000cc80 (0x000083ed) c.srli  a5, 27
core   0: 3 0x8000cc80 (0x83ed) x15 0x00000000
core   0: 0x8000cc82 (0x00000505) c.addi  a0, 1
core   0: 3 0x8000cc82 (0x0505) x10 0xfffffffd
core   0: 0x8000cc84 (0x85ec9d37) lui     s10, 0x85ec9
core   0: 3 0x8000cc84 (0x85ec9d37) x26 0x85ec9000
core   0: 0x8000cc88 (0xff6512e3) bne     a0, s6, pc - 28
core   0: 3 0x8000cc88 (0xff6512e3)
core   0: 0x8000cc6c (0x000006a1) c.addi  a3, 8
core   0: 3 0x8000cc6c (0x06a1) x13 0x7ffda1db
core   0: 0x8000cc6e (0x00005f7d) c.li    t5, -1
core   0: 3 0x8000cc6e (0x5f7d) x30 0xffffffff
core   0: 0x8000cc70 (0x000097f6) c.add   a5, t4
core   0: 3 0x8000cc70 (0x97f6) x15 0x00000007
core   0: 0x8000cc72 (0x016b2bb3) slt     s7, s6, s6
core   0: 3 0x8000cc72 (0x016b2bb3) x23 0x00000000
core   0: 0x8000cc76 (0x010b3fb3) sltu    t6, s6, a6
core   0: 3 0x8000cc76 (0x010b3fb3) x31 0x00000000
core   0: 0x8000cc7a (0x02c3f5b3) remu    a1, t2, a2
core   0: 3 0x8000cc7a (0x02c3f5b3) x11 0x0000006c
core   0: 0x8000cc7e (0x00008dc5) c.or    a1, s1
core   0: 3 0x8000cc7e (0x8dc5) x11 0x0000006c
core   0: 0x8000cc80 (0x000083ed) c.srli  a5, 27
core   0: 3 0x8000cc80 (0x83ed) x15 0x00000000
core   0: 0x8000cc82 (0x00000505) c.addi  a0, 1
core   0: 3 0x8000cc82 (0x0505) x10 0xfffffffe
core   0: 0x8000cc84 (0x85ec9d37) lui     s10, 0x85ec9
core   0: 3 0x8000cc84 (0x85ec9d37) x26 0x85ec9000
core   0: 0x8000cc88 (0xff6512e3) bne     a0, s6, pc - 28
core   0: 3 0x8000cc88 (0xff6512e3)
core   0: 0x8000cc8c (0x00000a9d) c.addi  s5, 7
core   0: 3 0x8000cc8c (0x0a9d) x21 0x00000008
core   0: 0x8000cc8e (0xe9c89097) auipc   ra, 0xe9c89
core   0: 3 0x8000cc8e (0xe9c89097) x 1 0x69c95c8e
core   0: 0x8000cc92 (0x018245b3) xor     a1, tp, s8
core   0: 3 0x8000cc92 (0x018245b3) x11 0xfffffe83
core   0: 0x8000cc96 (0x00bd29b3) slt     s3, s10, a1
core   0: 3 0x8000cc96 (0x00bd29b3) x19 0x00000001
core   0: 0x8000cc9a (0xfbd416e3) bne     s0, t4, pc - 84
core   0: 3 0x8000cc9a (0xfbd416e3)
core   0: 0x8000cc46 (0x01e027b3) slt     a5, zero, t5
core   0: 3 0x8000cc46 (0x01e027b3) x15 0x00000000
core   0: 0x8000cc4a (0x0000537d) c.li    t1, -1
core   0: 3 0x8000cc4a (0x537d) x 6 0xffffffff
core   0: 0x8000cc4c (0x0173dc33) srl     s8, t2, s7
core   0: 3 0x8000cc4c (0x0173dc33) x24 0x0000006c
core   0: 0x8000cc50 (0x6bceaa93) slti    s5, t4, 1724
core   0: 3 0x8000cc50 (0x6bceaa93) x21 0x00000001
core   0: 0x8000cc54 (0xdbd24213) xori    tp, tp, -579
core   0: 3 0x8000cc54 (0xdbd24213) x 4 0x00000352
core   0: 0x8000cc58 (0x00000405) c.addi  s0, 1
core   0: 3 0x8000cc58 (0x0405) x 8 0x00000006
core   0: 0x8000cc5a (0x0068c6b3) xor     a3, a7, t1
core   0: 3 0x8000cc5a (0x0068c6b3) x13 0x7ffda1b3
core   0: 0x8000cc5e (0x00000001) c.nop
core   0: 3 0x8000cc5e (0x0001)
core   0: 0x8000cc60 (0xff900513) li      a0, -7
core   0: 3 0x8000cc60 (0xff900513) x10 0xfffffff9
core   0: 0x8000cc64 (0x00acd613) srli    a2, s9, 10
core   0: 3 0x8000cc64 (0x00acd613) x12 0x00200000
core   0: 0x8000cc68 (0xffe00b13) li      s6, -2
core   0: 3 0x8000cc68 (0xffe00b13) x22 0xfffffffe
core   0: 0x8000cc6c (0x000006a1) c.addi  a3, 8
core   0: 3 0x8000cc6c (0x06a1) x13 0x7ffda1bb
core   0: 0x8000cc6e (0x00005f7d) c.li    t5, -1
core   0: 3 0x8000cc6e (0x5f7d) x30 0xffffffff
core   0: 0x8000cc70 (0x000097f6) c.add   a5, t4
core   0: 3 0x8000cc70 (0x97f6) x15 0x00000007
core   0: 0x8000cc72 (0x016b2bb3) slt     s7, s6, s6
core   0: 3 0x8000cc72 (0x016b2bb3) x23 0x00000000
core   0: 0x8000cc76 (0x010b3fb3) sltu    t6, s6, a6
core   0: 3 0x8000cc76 (0x010b3fb3) x31 0x00000000
core   0: 0x8000cc7a (0x02c3f5b3) remu    a1, t2, a2
core   0: 3 0x8000cc7a (0x02c3f5b3) x11 0x0000006c
core   0: 0x8000cc7e (0x00008dc5) c.or    a1, s1
core   0: 3 0x8000cc7e (0x8dc5) x11 0x0000006c
core   0: 0x8000cc80 (0x000083ed) c.srli  a5, 27
core   0: 3 0x8000cc80 (0x83ed) x15 0x00000000
core   0: 0x8000cc82 (0x00000505) c.addi  a0, 1
core   0: 3 0x8000cc82 (0x0505) x10 0xfffffffa
core   0: 0x8000cc84 (0x85ec9d37) lui     s10, 0x85ec9
core   0: 3 0x8000cc84 (0x85ec9d37) x26 0x85ec9000
core   0: 0x8000cc88 (0xff6512e3) bne     a0, s6, pc - 28
core   0: 3 0x8000cc88 (0xff6512e3)
core   0: 0x8000cc6c (0x000006a1) c.addi  a3, 8
core   0: 3 0x8000cc6c (0x06a1) x13 0x7ffda1c3
core   0: 0x8000cc6e (0x00005f7d) c.li    t5, -1
core   0: 3 0x8000cc6e (0x5f7d) x30 0xffffffff
core   0: 0x8000cc70 (0x000097f6) c.add   a5, t4
core   0: 3 0x8000cc70 (0x97f6) x15 0x00000007
core   0: 0x8000cc72 (0x016b2bb3) slt     s7, s6, s6
core   0: 3 0x8000cc72 (0x016b2bb3) x23 0x00000000
core   0: 0x8000cc76 (0x010b3fb3) sltu    t6, s6, a6
core   0: 3 0x8000cc76 (0x010b3fb3) x31 0x00000000
core   0: 0x8000cc7a (0x02c3f5b3) remu    a1, t2, a2
core   0: 3 0x8000cc7a (0x02c3f5b3) x11 0x0000006c
core   0: 0x8000cc7e (0x00008dc5) c.or    a1, s1
core   0: 3 0x8000cc7e (0x8dc5) x11 0x0000006c
core   0: 0x8000cc80 (0x000083ed) c.srli  a5, 27
core   0: 3 0x8000cc80 (0x83ed) x15 0x00000000
core   0: 0x8000cc82 (0x00000505) c.addi  a0, 1
core   0: 3 0x8000cc82 (0x0505) x10 0xfffffffb
core   0: 0x8000cc84 (0x85ec9d37) lui     s10, 0x85ec9
core   0: 3 0x8000cc84 (0x85ec9d37) x26 0x85ec9000
core   0: 0x8000cc88 (0xff6512e3) bne     a0, s6, pc - 28
core   0: 3 0x8000cc88 (0xff6512e3)
core   0: 0x8000cc6c (0x000006a1) c.addi  a3, 8
core   0: 3 0x8000cc6c (0x06a1) x13 0x7ffda1cb
core   0: 0x8000cc6e (0x00005f7d) c.li    t5, -1
core   0: 3 0x8000cc6e (0x5f7d) x30 0xffffffff
core   0: 0x8000cc70 (0x000097f6) c.add   a5, t4
core   0: 3 0x8000cc70 (0x97f6) x15 0x00000007
core   0: 0x8000cc72 (0x016b2bb3) slt     s7, s6, s6
core   0: 3 0x8000cc72 (0x016b2bb3) x23 0x00000000
core   0: 0x8000cc76 (0x010b3fb3) sltu    t6, s6, a6
core   0: 3 0x8000cc76 (0x010b3fb3) x31 0x00000000
core   0: 0x8000cc7a (0x02c3f5b3) remu    a1, t2, a2
core   0: 3 0x8000cc7a (0x02c3f5b3) x11 0x0000006c
core   0: 0x8000cc7e (0x00008dc5) c.or    a1, s1
core   0: 3 0x8000cc7e (0x8dc5) x11 0x0000006c
core   0: 0x8000cc80 (0x000083ed) c.srli  a5, 27
core   0: 3 0x8000cc80 (0x83ed) x15 0x00000000
core   0: 0x8000cc82 (0x00000505) c.addi  a0, 1
core   0: 3 0x8000cc82 (0x0505) x10 0xfffffffc
core   0: 0x8000cc84 (0x85ec9d37) lui     s10, 0x85ec9
core   0: 3 0x8000cc84 (0x85ec9d37) x26 0x85ec9000
core   0: 0x8000cc88 (0xff6512e3) bne     a0, s6, pc - 28
core   0: 3 0x8000cc88 (0xff6512e3)
core   0: 0x8000cc6c (0x000006a1) c.addi  a3, 8
core   0: 3 0x8000cc6c (0x06a1) x13 0x7ffda1d3
core   0: 0x8000cc6e (0x00005f7d) c.li    t5, -1
core   0: 3 0x8000cc6e (0x5f7d) x30 0xffffffff
core   0: 0x8000cc70 (0x000097f6) c.add   a5, t4
core   0: 3 0x8000cc70 (0x97f6) x15 0x00000007
core   0: 0x8000cc72 (0x016b2bb3) slt     s7, s6, s6
core   0: 3 0x8000cc72 (0x016b2bb3) x23 0x00000000
core   0: 0x8000cc76 (0x010b3fb3) sltu    t6, s6, a6
core   0: 3 0x8000cc76 (0x010b3fb3) x31 0x00000000
core   0: 0x8000cc7a (0x02c3f5b3) remu    a1, t2, a2
core   0: 3 0x8000cc7a (0x02c3f5b3) x11 0x0000006c
core   0: 0x8000cc7e (0x00008dc5) c.or    a1, s1
core   0: 3 0x8000cc7e (0x8dc5) x11 0x0000006c
core   0: 0x8000cc80 (0x000083ed) c.srli  a5, 27
core   0: 3 0x8000cc80 (0x83ed) x15 0x00000000
core   0: 0x8000cc82 (0x00000505) c.addi  a0, 1
core   0: 3 0x8000cc82 (0x0505) x10 0xfffffffd
core   0: 0x8000cc84 (0x85ec9d37) lui     s10, 0x85ec9
core   0: 3 0x8000cc84 (0x85ec9d37) x26 0x85ec9000
core   0: 0x8000cc88 (0xff6512e3) bne     a0, s6, pc - 28
core   0: 3 0x8000cc88 (0xff6512e3)
core   0: 0x8000cc6c (0x000006a1) c.addi  a3, 8
core   0: 3 0x8000cc6c (0x06a1) x13 0x7ffda1db
core   0: 0x8000cc6e (0x00005f7d) c.li    t5, -1
core   0: 3 0x8000cc6e (0x5f7d) x30 0xffffffff
core   0: 0x8000cc70 (0x000097f6) c.add   a5, t4
core   0: 3 0x8000cc70 (0x97f6) x15 0x00000007
core   0: 0x8000cc72 (0x016b2bb3) slt     s7, s6, s6
core   0: 3 0x8000cc72 (0x016b2bb3) x23 0x00000000
core   0: 0x8000cc76 (0x010b3fb3) sltu    t6, s6, a6
core   0: 3 0x8000cc76 (0x010b3fb3) x31 0x00000000
core   0: 0x8000cc7a (0x02c3f5b3) remu    a1, t2, a2
core   0: 3 0x8000cc7a (0x02c3f5b3) x11 0x0000006c
core   0: 0x8000cc7e (0x00008dc5) c.or    a1, s1
core   0: 3 0x8000cc7e (0x8dc5) x11 0x0000006c
core   0: 0x8000cc80 (0x000083ed) c.srli  a5, 27
core   0: 3 0x8000cc80 (0x83ed) x15 0x00000000
core   0: 0x8000cc82 (0x00000505) c.addi  a0, 1
core   0: 3 0x8000cc82 (0x0505) x10 0xfffffffe
core   0: 0x8000cc84 (0x85ec9d37) lui     s10, 0x85ec9
core   0: 3 0x8000cc84 (0x85ec9d37) x26 0x85ec9000
core   0: 0x8000cc88 (0xff6512e3) bne     a0, s6, pc - 28
core   0: 3 0x8000cc88 (0xff6512e3)
core   0: 0x8000cc8c (0x00000a9d) c.addi  s5, 7
core   0: 3 0x8000cc8c (0x0a9d) x21 0x00000008
core   0: 0x8000cc8e (0xe9c89097) auipc   ra, 0xe9c89
core   0: 3 0x8000cc8e (0xe9c89097) x 1 0x69c95c8e
core   0: 0x8000cc92 (0x018245b3) xor     a1, tp, s8
core   0: 3 0x8000cc92 (0x018245b3) x11 0x0000033e
core   0: 0x8000cc96 (0x00bd29b3) slt     s3, s10, a1
core   0: 3 0x8000cc96 (0x00bd29b3) x19 0x00000001
core   0: 0x8000cc9a (0xfbd416e3) bne     s0, t4, pc - 84
core   0: 3 0x8000cc9a (0xfbd416e3)
core   0: 0x8000cc46 (0x01e027b3) slt     a5, zero, t5
core   0: 3 0x8000cc46 (0x01e027b3) x15 0x00000000
core   0: 0x8000cc4a (0x0000537d) c.li    t1, -1
core   0: 3 0x8000cc4a (0x537d) x 6 0xffffffff
core   0: 0x8000cc4c (0x0173dc33) srl     s8, t2, s7
core   0: 3 0x8000cc4c (0x0173dc33) x24 0x0000006c
core   0: 0x8000cc50 (0x6bceaa93) slti    s5, t4, 1724
core   0: 3 0x8000cc50 (0x6bceaa93) x21 0x00000001
core   0: 0x8000cc54 (0xdbd24213) xori    tp, tp, -579
core   0: 3 0x8000cc54 (0xdbd24213) x 4 0xfffffeef
core   0: 0x8000cc58 (0x00000405) c.addi  s0, 1
core   0: 3 0x8000cc58 (0x0405) x 8 0x00000007
core   0: 0x8000cc5a (0x0068c6b3) xor     a3, a7, t1
core   0: 3 0x8000cc5a (0x0068c6b3) x13 0x7ffda1b3
core   0: 0x8000cc5e (0x00000001) c.nop
core   0: 3 0x8000cc5e (0x0001)
core   0: 0x8000cc60 (0xff900513) li      a0, -7
core   0: 3 0x8000cc60 (0xff900513) x10 0xfffffff9
core   0: 0x8000cc64 (0x00acd613) srli    a2, s9, 10
core   0: 3 0x8000cc64 (0x00acd613) x12 0x00200000
core   0: 0x8000cc68 (0xffe00b13) li      s6, -2
core   0: 3 0x8000cc68 (0xffe00b13) x22 0xfffffffe
core   0: 0x8000cc6c (0x000006a1) c.addi  a3, 8
core   0: 3 0x8000cc6c (0x06a1) x13 0x7ffda1bb
core   0: 0x8000cc6e (0x00005f7d) c.li    t5, -1
core   0: 3 0x8000cc6e (0x5f7d) x30 0xffffffff
core   0: 0x8000cc70 (0x000097f6) c.add   a5, t4
core   0: 3 0x8000cc70 (0x97f6) x15 0x00000007
core   0: 0x8000cc72 (0x016b2bb3) slt     s7, s6, s6
core   0: 3 0x8000cc72 (0x016b2bb3) x23 0x00000000
core   0: 0x8000cc76 (0x010b3fb3) sltu    t6, s6, a6
core   0: 3 0x8000cc76 (0x010b3fb3) x31 0x00000000
core   0: 0x8000cc7a (0x02c3f5b3) remu    a1, t2, a2
core   0: 3 0x8000cc7a (0x02c3f5b3) x11 0x0000006c
core   0: 0x8000cc7e (0x00008dc5) c.or    a1, s1
core   0: 3 0x8000cc7e (0x8dc5) x11 0x0000006c
core   0: 0x8000cc80 (0x000083ed) c.srli  a5, 27
core   0: 3 0x8000cc80 (0x83ed) x15 0x00000000
core   0: 0x8000cc82 (0x00000505) c.addi  a0, 1
core   0: 3 0x8000cc82 (0x0505) x10 0xfffffffa
core   0: 0x8000cc84 (0x85ec9d37) lui     s10, 0x85ec9
core   0: 3 0x8000cc84 (0x85ec9d37) x26 0x85ec9000
core   0: 0x8000cc88 (0xff6512e3) bne     a0, s6, pc - 28
core   0: 3 0x8000cc88 (0xff6512e3)
core   0: 0x8000cc6c (0x000006a1) c.addi  a3, 8
core   0: 3 0x8000cc6c (0x06a1) x13 0x7ffda1c3
core   0: 0x8000cc6e (0x00005f7d) c.li    t5, -1
core   0: 3 0x8000cc6e (0x5f7d) x30 0xffffffff
core   0: 0x8000cc70 (0x000097f6) c.add   a5, t4
core   0: 3 0x8000cc70 (0x97f6) x15 0x00000007
core   0: 0x8000cc72 (0x016b2bb3) slt     s7, s6, s6
core   0: 3 0x8000cc72 (0x016b2bb3) x23 0x00000000
core   0: 0x8000cc76 (0x010b3fb3) sltu    t6, s6, a6
core   0: 3 0x8000cc76 (0x010b3fb3) x31 0x00000000
core   0: 0x8000cc7a (0x02c3f5b3) remu    a1, t2, a2
core   0: 3 0x8000cc7a (0x02c3f5b3) x11 0x0000006c
core   0: 0x8000cc7e (0x00008dc5) c.or    a1, s1
core   0: 3 0x8000cc7e (0x8dc5) x11 0x0000006c
core   0: 0x8000cc80 (0x000083ed) c.srli  a5, 27
core   0: 3 0x8000cc80 (0x83ed) x15 0x00000000
core   0: 0x8000cc82 (0x00000505) c.addi  a0, 1
core   0: 3 0x8000cc82 (0x0505) x10 0xfffffffb
core   0: 0x8000cc84 (0x85ec9d37) lui     s10, 0x85ec9
core   0: 3 0x8000cc84 (0x85ec9d37) x26 0x85ec9000
core   0: 0x8000cc88 (0xff6512e3) bne     a0, s6, pc - 28
core   0: 3 0x8000cc88 (0xff6512e3)
core   0: 0x8000cc6c (0x000006a1) c.addi  a3, 8
core   0: 3 0x8000cc6c (0x06a1) x13 0x7ffda1cb
core   0: 0x8000cc6e (0x00005f7d) c.li    t5, -1
core   0: 3 0x8000cc6e (0x5f7d) x30 0xffffffff
core   0: 0x8000cc70 (0x000097f6) c.add   a5, t4
core   0: 3 0x8000cc70 (0x97f6) x15 0x00000007
core   0: 0x8000cc72 (0x016b2bb3) slt     s7, s6, s6
core   0: 3 0x8000cc72 (0x016b2bb3) x23 0x00000000
core   0: 0x8000cc76 (0x010b3fb3) sltu    t6, s6, a6
core   0: 3 0x8000cc76 (0x010b3fb3) x31 0x00000000
core   0: 0x8000cc7a (0x02c3f5b3) remu    a1, t2, a2
core   0: 3 0x8000cc7a (0x02c3f5b3) x11 0x0000006c
core   0: 0x8000cc7e (0x00008dc5) c.or    a1, s1
core   0: 3 0x8000cc7e (0x8dc5) x11 0x0000006c
core   0: 0x8000cc80 (0x000083ed) c.srli  a5, 27
core   0: 3 0x8000cc80 (0x83ed) x15 0x00000000
core   0: 0x8000cc82 (0x00000505) c.addi  a0, 1
core   0: 3 0x8000cc82 (0x0505) x10 0xfffffffc
core   0: 0x8000cc84 (0x85ec9d37) lui     s10, 0x85ec9
core   0: 3 0x8000cc84 (0x85ec9d37) x26 0x85ec9000
core   0: 0x8000cc88 (0xff6512e3) bne     a0, s6, pc - 28
core   0: 3 0x8000cc88 (0xff6512e3)
core   0: 0x8000cc6c (0x000006a1) c.addi  a3, 8
core   0: 3 0x8000cc6c (0x06a1) x13 0x7ffda1d3
core   0: 0x8000cc6e (0x00005f7d) c.li    t5, -1
core   0: 3 0x8000cc6e (0x5f7d) x30 0xffffffff
core   0: 0x8000cc70 (0x000097f6) c.add   a5, t4
core   0: 3 0x8000cc70 (0x97f6) x15 0x00000007
core   0: 0x8000cc72 (0x016b2bb3) slt     s7, s6, s6
core   0: 3 0x8000cc72 (0x016b2bb3) x23 0x00000000
core   0: 0x8000cc76 (0x010b3fb3) sltu    t6, s6, a6
core   0: 3 0x8000cc76 (0x010b3fb3) x31 0x00000000
core   0: 0x8000cc7a (0x02c3f5b3) remu    a1, t2, a2
core   0: 3 0x8000cc7a (0x02c3f5b3) x11 0x0000006c
core   0: 0x8000cc7e (0x00008dc5) c.or    a1, s1
core   0: 3 0x8000cc7e (0x8dc5) x11 0x0000006c
core   0: 0x8000cc80 (0x000083ed) c.srli  a5, 27
core   0: 3 0x8000cc80 (0x83ed) x15 0x00000000
core   0: 0x8000cc82 (0x00000505) c.addi  a0, 1
core   0: 3 0x8000cc82 (0x0505) x10 0xfffffffd
core   0: 0x8000cc84 (0x85ec9d37) lui     s10, 0x85ec9
core   0: 3 0x8000cc84 (0x85ec9d37) x26 0x85ec9000
core   0: 0x8000cc88 (0xff6512e3) bne     a0, s6, pc - 28
core   0: 3 0x8000cc88 (0xff6512e3)
core   0: 0x8000cc6c (0x000006a1) c.addi  a3, 8
core   0: 3 0x8000cc6c (0x06a1) x13 0x7ffda1db
core   0: 0x8000cc6e (0x00005f7d) c.li    t5, -1
core   0: 3 0x8000cc6e (0x5f7d) x30 0xffffffff
core   0: 0x8000cc70 (0x000097f6) c.add   a5, t4
core   0: 3 0x8000cc70 (0x97f6) x15 0x00000007
core   0: 0x8000cc72 (0x016b2bb3) slt     s7, s6, s6
core   0: 3 0x8000cc72 (0x016b2bb3) x23 0x00000000
core   0: 0x8000cc76 (0x010b3fb3) sltu    t6, s6, a6
core   0: 3 0x8000cc76 (0x010b3fb3) x31 0x00000000
core   0: 0x8000cc7a (0x02c3f5b3) remu    a1, t2, a2
core   0: 3 0x8000cc7a (0x02c3f5b3) x11 0x0000006c
core   0: 0x8000cc7e (0x00008dc5) c.or    a1, s1
core   0: 3 0x8000cc7e (0x8dc5) x11 0x0000006c
core   0: 0x8000cc80 (0x000083ed) c.srli  a5, 27
core   0: 3 0x8000cc80 (0x83ed) x15 0x00000000
core   0: 0x8000cc82 (0x00000505) c.addi  a0, 1
core   0: 3 0x8000cc82 (0x0505) x10 0xfffffffe
core   0: 0x8000cc84 (0x85ec9d37) lui     s10, 0x85ec9
core   0: 3 0x8000cc84 (0x85ec9d37) x26 0x85ec9000
core   0: 0x8000cc88 (0xff6512e3) bne     a0, s6, pc - 28
core   0: 3 0x8000cc88 (0xff6512e3)
core   0: 0x8000cc8c (0x00000a9d) c.addi  s5, 7
core   0: 3 0x8000cc8c (0x0a9d) x21 0x00000008
core   0: 0x8000cc8e (0xe9c89097) auipc   ra, 0xe9c89
core   0: 3 0x8000cc8e (0xe9c89097) x 1 0x69c95c8e
core   0: 0x8000cc92 (0x018245b3) xor     a1, tp, s8
core   0: 3 0x8000cc92 (0x018245b3) x11 0xfffffe83
core   0: 0x8000cc96 (0x00bd29b3) slt     s3, s10, a1
core   0: 3 0x8000cc96 (0x00bd29b3) x19 0x00000001
core   0: 0x8000cc9a (0xfbd416e3) bne     s0, t4, pc - 84
core   0: 3 0x8000cc9a (0xfbd416e3)
core   0: 0x8000cc9e (0x00488c33) add     s8, a7, tp
core   0: 3 0x8000cc9e (0x00488c33) x24 0x80025d3b
core   0: 0x8000cca2 (0x00a00693) li      a3, 10
core   0: 3 0x8000cca2 (0x00a00693) x13 0x0000000a
core   0: 0x8000cca6 (0x00008535) c.srai  a0, 13
core   0: 3 0x8000cca6 (0x8535) x10 0xffffffff
core   0: 0x8000cca8 (0x000081d1) c.srli  a1, 20
core   0: 3 0x8000cca8 (0x81d1) x11 0x00000fff
core   0: 0x8000ccaa (0x00008c7d) c.and   s0, a5
core   0: 3 0x8000ccaa (0x8c7d) x 8 0x00000000
core   0: 0x8000ccac (0x00a00793) li      a5, 10
core   0: 3 0x8000ccac (0x00a00793) x15 0x0000000a
core   0: 0x8000ccb0 (0x00008df5) c.and   a1, a3
core   0: 3 0x8000ccb0 (0x8df5) x11 0x0000000a
core   0: 0x8000ccb2 (0x2093ae97) auipc   t4, 0x2093a
core   0: 3 0x8000ccb2 (0x2093ae97) x29 0xa0946cb2
core   0: 0x8000ccb6 (0x000090a6) c.add   ra, s1
core   0: 3 0x8000ccb6 (0x90a6) x 1 0x69c95cb6
core   0: 0x8000ccb8 (0x00000590) c.addi4spn a2, sp, 704
core   0: 3 0x8000ccb8 (0x0590) x12 0x400002c0
core   0: 0x8000ccba (0x000016dd) c.addi  a3, -9
core   0: 3 0x8000ccba (0x16dd) x13 0x00000001
core   0: 0x8000ccbc (0x18b6ba93) sltiu   s5, a3, 395
core   0: 3 0x8000ccbc (0x18b6ba93) x21 0x00000001
core   0: 0x8000ccc0 (0x0128fa33) and     s4, a7, s2
core   0: 3 0x8000ccc0 (0x0128fa33) x20 0x80025e08
core   0: 0x8000ccc4 (0x2b50cd93) xori    s11, ra, 693
core   0: 3 0x8000ccc4 (0x2b50cd93) x27 0x69c95e03
core   0: 0x8000ccc8 (0x0004c433) xor     s0, s1, zero
core   0: 3 0x8000ccc8 (0x0004c433) x 8 0x00000028
core   0: 0x8000cccc (0x0000100f) fence.i
core   0: 3 0x8000cccc (0x0000100f)
core   0: 0x8000ccd0 (0x00008139) c.srli  a0, 14
core   0: 3 0x8000ccd0 (0x8139) x10 0x0003ffff
core   0: 0x8000ccd2 (0x0028a133) slt     sp, a7, sp
core   0: 3 0x8000ccd2 (0x0028a133) x 2 0x00000001
core   0: 0x8000ccd6 (0x00000445) c.addi  s0, 17
core   0: 3 0x8000ccd6 (0x0445) x 8 0x00000039
core   0: 0x8000ccd8 (0x00000f84) c.addi4spn s1, sp, 976
core   0: 3 0x8000ccd8 (0x0f84) x 9 0x000003d1
core   0: 0x8000ccda (0x002623b3) slt     t2, a2, sp
core   0: 3 0x8000ccda (0x002623b3) x 7 0x00000000
core   0: 0x8000ccde (0x417109b3) sub     s3, sp, s7
core   0: 3 0x8000ccde (0x417109b3) x19 0x00000001
core   0: 0x8000cce2 (0x01ddd113) srli    sp, s11, 29
core   0: 3 0x8000cce2 (0x01ddd113) x 2 0x00000003
core   0: 0x8000cce6 (0x000080c9) c.srli  s1, 18
core   0: 3 0x8000cce6 (0x80c9) x 9 0x00000000
core   0: 0x8000cce8 (0xfcf6f7e3) bgeu    a3, a5, pc - 50
core   0: 3 0x8000cce8 (0xfcf6f7e3)
core   0: 0x8000ccec (0x6596cf17) auipc   t5, 0x6596c
core   0: 3 0x8000ccec (0x6596cf17) x30 0xe5978cec
core   0: 0x8000ccf0 (0x00004997) auipc   s3, 0x4
core   0: 3 0x8000ccf0 (0x00004997) x19 0x80010cf0
core   0: 0x8000ccf4 (0xcde98993) addi    s3, s3, -802
core   0: 3 0x8000ccf4 (0xcde98993) x19 0x800109ce
core   0: 0x8000ccf8 (0x0000ae97) auipc   t4, 0xa
core   0: 3 0x8000ccf8 (0x0000ae97) x29 0x80016cf8
core   0: 0x8000ccfc (0x793e8e93) addi    t4, t4, 1939
core   0: 3 0x8000ccfc (0x793e8e93) x29 0x8001748b
core   0: 0x8000cd00 (0x02798003) lb      zero, 39(s3)
core   0: 3 0x8000cd00 (0x02798003) mem 0x800109f5
core   0: 0x8000cd04 (0x69dec283) lbu     t0, 1693(t4)
core   0: 3 0x8000cd04 (0x69dec283) x 5 0x00000025 mem 0x80017b28
core   0: 0x8000cd08 (0x804e8c23) sb      tp, -2024(t4)
core   0: 3 0x8000cd08 (0x804e8c23) mem 0x80016ca3 0xef
core   0: 0x8000cd0c (0xfed98b83) lb      s7, -19(s3)
core   0: 3 0x8000cd0c (0xfed98b83) x23 0xffffff8f mem 0x800109bb
core   0: 0x8000cd10 (0xf10e8183) lb      gp, -240(t4)
core   0: 3 0x8000cd10 (0xf10e8183) x 3 0x00000071 mem 0x8001739b
core   0: 0x8000cd14 (0x07a98003) lb      zero, 122(s3)
core   0: 3 0x8000cd14 (0x07a98003) mem 0x80010a48
core   0: 0x8000cd18 (0x1009d203) lhu     tp, 256(s3)
core   0: 3 0x8000cd18 (0x1009d203) x 4 0x00000013 mem 0x80010ace
core   0: 0x8000cd1c (0x0a0e8023) sb      zero, 160(t4)
core   0: 3 0x8000cd1c (0x0a0e8023) mem 0x8001752b 0x0
core   0: 0x8000cd20 (0xcebed003) lhu     zero, -789(t4)
core   0: 3 0x8000cd20 (0xcebed003) mem 0x80017176
core   0: 0x8000cd24 (0xf3f98003) lb      zero, -193(s3)
core   0: 3 0x8000cd24 (0xf3f98003) mem 0x8001090d
core   0: 0x8000cd28 (0x037e83a3) sb      s7, 39(t4)
core   0: 3 0x8000cd28 (0x037e83a3) mem 0x800174b2 0x8f
core   0: 0x8000cd2c (0x8d8ec283) lbu     t0, -1832(t4)
core   0: 3 0x8000cd2c (0x8d8ec283) x 5 0x000000e4 mem 0x80016d63
core   0: 0x8000cd30 (0xfb498a03) lb      s4, -76(s3)
core   0: 3 0x8000cd30 (0xfb498a03) x20 0xffffffd6 mem 0x80010982
core   0: 0x8000cd34 (0x03dec103) lbu     sp, 61(t4)
core   0: 3 0x8000cd34 (0x03dec103) x 2 0x0000005b mem 0x800174c8
core   0: 0x8000cd38 (0x00004397) auipc   t2, 0x4
core   0: 3 0x8000cd38 (0x00004397) x 7 0x80010d38
core   0: 0x8000cd3c (0xc8338393) addi    t2, t2, -893
core   0: 3 0x8000cd3c (0xc8338393) x 7 0x800109bb
core   0: 0x8000cd40 (0x032eed33) rem     s10, t4, s2
core   0: 3 0x8000cd40 (0x032eed33) x26 0xffffffe5
core   0: 0x8000cd44 (0xfc83ca03) lbu     s4, -56(t2)
core   0: 3 0x8000cd44 (0xfc83ca03) x20 0x000000f9 mem 0x80010983
core   0: 0x8000cd48 (0x01aed5b3) srl     a1, t4, s10
core   0: 3 0x8000cd48 (0x01aed5b3) x11 0x04000ba4
core   0: 0x8000cd4c (0x00b38023) sb      a1, 0(t2)
core   0: 3 0x8000cd4c (0x00b38023) mem 0x800109bb 0xa4
core   0: 0x8000cd50 (0x0325b6b3) mulhu   a3, a1, s2
core   0: 3 0x8000cd50 (0x0325b6b3) x13 0x04000ba2
core   0: 0x8000cd54 (0x00008ed5) c.or    a3, a3
core   0: 3 0x8000cd54 (0x8ed5) x13 0x04000ba2
core   0: 0x8000cd56 (0xfeb38b23) sb      a1, -10(t2)
core   0: 3 0x8000cd56 (0xfeb38b23) mem 0x800109b1 0xa4
core   0: 0x8000cd5a (0x01a6f6b3) and     a3, a3, s10
core   0: 3 0x8000cd5a (0x01a6f6b3) x13 0x04000ba0
core   0: 0x8000cd5e (0x02939683) lh      a3, 41(t2)
core   0: 3 0x8000cd5e (0x02939683) x13 0x00004aa1 mem 0x800109e4
core   0: 0x8000cd62 (0x01f3cd03) lbu     s10, 31(t2)
core   0: 3 0x8000cd62 (0x01f3cd03) x26 0x000000d4 mem 0x800109da
core   0: 0x8000cd66 (0x03e38583) lb      a1, 62(t2)
core   0: 3 0x8000cd66 (0x03e38583) x11 0x0000002c mem 0x800109f9
core   0: 0x8000cd6a (0x00a3c583) lbu     a1, 10(t2)
core   0: 3 0x8000cd6a (0x00a3c583) x11 0x000000a4 mem 0x800109c5
core   0: 0x8000cd6e (0x000085b5) c.srai  a1, 13
core   0: 3 0x8000cd6e (0x85b5) x11 0x00000000
core   0: 0x8000cd70 (0x00000001) c.nop
core   0: 3 0x8000cd70 (0x0001)
core   0: 0x8000cd72 (0x00bee933) or      s2, t4, a1
core   0: 3 0x8000cd72 (0x00bee933) x18 0x8001748b
core   0: 0x8000cd76 (0xff438a23) sb      s4, -12(t2)
core   0: 3 0x8000cd76 (0xff438a23) mem 0x800109af 0xf9
core   0: 0x8000cd7a (0x0143cd03) lbu     s10, 20(t2)
core   0: 3 0x8000cd7a (0x0143cd03) x26 0x000000a8 mem 0x800109cf
core   0: 0x8000cd7e (0x2ffa0a13) addi    s4, s4, 767
core   0: 3 0x8000cd7e (0x2ffa0a13) x20 0x000003f8
core   0: 0x8000cd82 (0x00dec933) xor     s2, t4, a3
core   0: 3 0x8000cd82 (0x00dec933) x18 0x80013e2a
core   0: 0x8000cd86 (0xff83c683) lbu     a3, -8(t2)
core   0: 3 0x8000cd86 (0xff83c683) x13 0x00000026 mem 0x800109b3
core   0: 0x8000cd8a (0xfd438d03) lb      s10, -44(t2)
core   0: 3 0x8000cd8a (0xfd438d03) x26 0x0000002d mem 0x8001098f
core   0: 0x8000cd8e (0x0013ae83) lw      t4, 1(t2)
core   0: 3 0x8000cd8e (0x0013ae83) x29 0x27926d24 mem 0x800109bc
core   0: 0x8000cd92 (0xffa38f23) sb      s10, -2(t2)
core   0: 3 0x8000cd92 (0xffa38f23) mem 0x800109b9 0x2d
core   0: 0x8000cd96 (0x41d68d33) sub     s10, a3, t4
core   0: 3 0x8000cd96 (0x41d68d33) x26 0xd86d9302
core   0: 0x8000cd9a (0xfde38903) lb      s2, -34(t2)
core   0: 3 0x8000cd9a (0xfde38903) x18 0x00000009 mem 0x80010999
core   0: 0x8000cd9e (0x012395a3) sh      s2, 11(t2)
core   0: 3 0x8000cd9e (0x012395a3) mem 0x800109c6 0x0009
core   0: 0x8000cda2 (0x02d59a33) mulh    s4, a1, a3
core   0: 3 0x8000cda2 (0x02d59a33) x20 0x00000000
core   0: 0x8000cda6 (0x00008191) c.srli  a1, 4
core   0: 3 0x8000cda6 (0x8191) x11 0x00000000
core   0: 0x8000cda8 (0x01c38903) lb      s2, 28(t2)
core   0: 3 0x8000cda8 (0x01c38903) x18 0xffffffbb mem 0x800109d7
core   0: 0x8000cdac (0x01a5d6b3) srl     a3, a1, s10
core   0: 3 0x8000cdac (0x01a5d6b3) x13 0x00000000
core   0: 0x8000cdb0 (0x0326fd33) remu    s10, a3, s2
core   0: 3 0x8000cdb0 (0x0326fd33) x26 0x00000000
core   0: 0x8000cdb4 (0x4d190593) addi    a1, s2, 1233
core   0: 3 0x8000cdb4 (0x4d190593) x11 0x0000048c
core   0: 0x8000cdb8 (0x03a585b3) mul     a1, a1, s10
core   0: 3 0x8000cdb8 (0x03a585b3) x11 0x00000000
core   0: 0x8000cdbc (0x01d91eb3) sll     t4, s2, t4
core   0: 3 0x8000cdbc (0x01d91eb3) x29 0xfffffbb0
core   0: 0x8000cdc0 (0x01da76b3) and     a3, s4, t4
core   0: 3 0x8000cdc0 (0x01da76b3) x13 0x00000000
core   0: 0x8000cdc4 (0xfe13ce83) lbu     t4, -31(t2)
core   0: 3 0x8000cdc4 (0xfe13ce83) x29 0x0000004c mem 0x8001099c
core   0: 0x8000cdc8 (0x03538683) lb      a3, 53(t2)
core   0: 3 0x8000cdc8 (0x03538683) x13 0xffffffb1 mem 0x800109f0
core   0: 0x8000cdcc (0x00008ef5) c.and   a3, a3
core   0: 3 0x8000cdcc (0x8ef5) x13 0xffffffb1
core   0: 0x8000cdce (0x000005d5) c.addi  a1, 21
core   0: 3 0x8000cdce (0x05d5) x11 0x00000015
core   0: 0x8000cdd0 (0x5f714917) auipc   s2, 0x5f714
core   0: 3 0x8000cdd0 (0x5f714917) x18 0xdf720dd0
core   0: 0x8000cdd4 (0xffd3c903) lbu     s2, -3(t2)
core   0: 3 0x8000cdd4 (0xffd3c903) x18 0x00000076 mem 0x800109b8
core   0: 0x8000cdd8 (0x02ba1933) mulh    s2, s4, a1
core   0: 3 0x8000cdd8 (0x02ba1933) x18 0x00000000
core   0: 0x8000cddc (0x0143aaa3) sw      s4, 21(t2)
core   0: 3 0x8000cddc (0x0143aaa3) mem 0x800109d0 0x00000000
core   0: 0x8000cde0 (0xfcd3ae83) lw      t4, -51(t2)
core   0: 3 0x8000cde0 (0xfcd3ae83) x29 0xaac7c53b mem 0x80010988
core   0: 0x8000cde4 (0x02a3cd03) lbu     s10, 42(t2)
core   0: 3 0x8000cde4 (0x02a3cd03) x26 0x0000004a mem 0x800109e5
core   0: 0x8000cde8 (0x00008d95) c.sub   a1, a3
core   0: 3 0x8000cde8 (0x8d95) x11 0x00000064
core   0: 0x8000cdea (0x01491933) sll     s2, s2, s4
core   0: 3 0x8000cdea (0x01491933) x18 0x00000000
core   0: 0x8000cdee (0x0333c583) lbu     a1, 51(t2)
core   0: 3 0x8000cdee (0x0333c583) x11 0x00000069 mem 0x800109ee
core   0: 0x8000cdf2 (0x00006d2d) c.lui   s10, 0xb
core   0: 3 0x8000cdf2 (0x6d2d) x26 0x0000b000
core   0: 0x8000cdf4 (0xfd438ea3) sb      s4, -35(t2)
core   0: 3 0x8000cdf4 (0xfd438ea3) mem 0x80010998 0x0
core   0: 0x8000cdf8 (0x00c002ef) jal     t0, pc + 0xc
core   0: 3 0x8000cdf8 (0x00c002ef) x 5 0x8000cdfc
core   0: 0x8000ce04 (0x00002811) c.jal   pc + 20
core   0: 3 0x8000ce04 (0x2811) x 1 0x8000ce06
core   0: 0x8000ce18 (0x0000a029) c.j     pc + 10
core   0: 3 0x8000ce18 (0xa029)
core   0: 0x8000ce22 (0xfebff36f) jal     t1, pc - 0x16
core   0: 3 0x8000ce22 (0xfebff36f) x 6 0x8000ce26
core   0: 0x8000ce0c (0x0080036f) jal     t1, pc + 0x8
core   0: 3 0x8000ce0c (0x0080036f) x 6 0x8000ce10
core   0: 0x8000ce14 (0x000037e5) c.jal   pc - 24
core   0: 3 0x8000ce14 (0x37e5) x 1 0x8000ce16
core   0: 0x8000cdfc (0x03c009ef) jal     s3, pc + 0x3c
core   0: 3 0x8000cdfc (0x03c009ef) x19 0x8000ce00
core   0: 0x8000ce38 (0x0000bfd5) c.j     pc - 12
core   0: 3 0x8000ce38 (0xbfd5)
core   0: 0x8000ce2c (0x0000bfed) c.j     pc - 6
core   0: 3 0x8000ce2c (0xbfed)
core   0: 0x8000ce26 (0x00002039) c.jal   pc + 14
core   0: 3 0x8000ce26 (0x2039) x 1 0x8000ce28
core   0: 0x8000ce34 (0x0000b7ed) c.j     pc - 22
core   0: 3 0x8000ce34 (0xb7ed)
core   0: 0x8000ce1e (0xfffffbef) jal     s7, pc - 0x2
core   0: 3 0x8000ce1e (0xfffffbef) x23 0x8000ce22
core   0: 0x8000ce1c (0x0000b7dd) c.j     pc - 26
core   0: 3 0x8000ce1c (0xb7dd)
core   0: 0x8000ce02 (0x0000a035) c.j     pc + 44
core   0: 3 0x8000ce02 (0xa035)
core   0: 0x8000ce2e (0xfe3ff0ef) jal     pc - 0x1e
core   0: 3 0x8000ce2e (0xfe3ff0ef) x 1 0x8000ce32
core   0: 0x8000ce10 (0x0180036f) jal     t1, pc + 0x18
core   0: 3 0x8000ce10 (0x0180036f) x 6 0x8000ce14
core   0: 0x8000ce28 (0x0000a039) c.j     pc + 14
core   0: 3 0x8000ce28 (0xa039)
core   0: 0x8000ce36 (0x0000a011) c.j     pc + 4
core   0: 3 0x8000ce36 (0xa011)
core   0: 0x8000ce3a (0x0000bff1) c.j     pc - 36
core   0: 3 0x8000ce3a (0xbff1)
core   0: 0x8000ce16 (0x00002831) c.jal   pc + 28
core   0: 3 0x8000ce16 (0x2831) x 1 0x8000ce18
core   0: 0x8000ce32 (0x0000b7f9) c.j     pc - 50
core   0: 3 0x8000ce32 (0xb7f9)
core   0: 0x8000ce00 (0x0000a019) c.j     pc + 6
core   0: 3 0x8000ce00 (0xa019)
core   0: 0x8000ce06 (0x004000ef) jal     pc + 0x4
core   0: 3 0x8000ce06 (0x004000ef) x 1 0x8000ce0a
core   0: 0x8000ce0a (0x00002801) c.jal   pc + 16
core   0: 3 0x8000ce0a (0x2801) x 1 0x8000ce0c
core   0: 0x8000ce1a (0x00002801) c.jal   pc + 16
core   0: 3 0x8000ce1a (0x2801) x 1 0x8000ce1c
core   0: 0x8000ce2a (0x0000a809) c.j     pc + 18
core   0: 3 0x8000ce2a (0xa809)
core   0: 0x8000ce3c (0x6ba28993) addi    s3, t0, 1722
core   0: 3 0x8000ce3c (0x6ba28993) x19 0x8000d4b6
core   0: 0x8000ce40 (0x00003117) auipc   sp, 0x3
core   0: 3 0x8000ce40 (0x00003117) x 2 0x8000fe40
core   0: 0x8000ce44 (0x6ff10113) addi    sp, sp, 1791
core   0: 3 0x8000ce44 (0x6ff10113) x 2 0x8001053f
core   0: 0x8000ce48 (0x00004217) auipc   tp, 0x4
core   0: 3 0x8000ce48 (0x00004217) x 4 0x80010e48
core   0: 0x8000ce4c (0xd2b20213) addi    tp, tp, -725
core   0: 3 0x8000ce4c (0xd2b20213) x 4 0x80010b73
core   0: 0x8000ce50 (0x00003a97) auipc   s5, 0x3
core   0: 3 0x8000ce50 (0x00003a97) x21 0x8000fe50
core   0: 0x8000ce54 (0x303a8a93) addi    s5, s5, 771
core   0: 3 0x8000ce54 (0x303a8a93) x21 0x80010153
core   0: 0x8000ce58 (0xff115b03) lhu     s6, -15(sp)
core   0: 3 0x8000ce58 (0xff115b03) x22 0x00007566 mem 0x80010530
core   0: 0x8000ce5c (0x03411fa3) sh      s4, 63(sp)
core   0: 3 0x8000ce5c (0x03411fa3) mem 0x8001057e 0x0000
core   0: 0x8000ce60 (0x00aac583) lbu     a1, 10(s5)
core   0: 3 0x8000ce60 (0x00aac583) x11 0x000000e7 mem 0x8001015d
core   0: 0x8000ce64 (0xeec20083) lb      ra, -276(tp)
core   0: 3 0x8000ce64 (0xeec20083) x 1 0x00000041 mem 0x80010a5f
core   0: 0x8000ce68 (0x45024403) lbu     s0, 1104(tp)
core   0: 3 0x8000ce68 (0x45024403) x 8 0x00000015 mem 0x80010fc3
core   0: 0x8000ce6c (0xffda8e83) lb      t4, -3(s5)
core   0: 3 0x8000ce6c (0xffda8e83) x29 0x00000015 mem 0x80010150
core   0: 0x8000ce70 (0x00210583) lb      a1, 2(sp)
core   0: 3 0x8000ce70 (0x00210583) x11 0xffffffbd mem 0x80010541
core   0: 0x8000ce74 (0xfffac803) lbu     a6, -1(s5)
core   0: 3 0x8000ce74 (0xfffac803) x16 0x00000079 mem 0x80010152
core   0: 0x8000ce78 (0x00fad383) lhu     t2, 15(s5)
core   0: 3 0x8000ce78 (0x00fad383) x 7 0x000049d8 mem 0x80010162
core   0: 0x8000ce7c (0xfc710fa3) sb      t2, -33(sp)
core   0: 3 0x8000ce7c (0xfc710fa3) mem 0x8001051e 0xd8
core   0: 0x8000ce80 (0xfffa8583) lb      a1, -1(s5)
core   0: 3 0x8000ce80 (0xfffa8583) x11 0x00000079 mem 0x80010152
core   0: 0x8000ce84 (0xd8624003) lbu     zero, -634(tp)
core   0: 3 0x8000ce84 (0xd8624003) mem 0x800108f9
core   0: 0x8000ce88 (0xff1aa483) lw      s1, -15(s5)
core   0: 3 0x8000ce88 (0xff1aa483) x 9 0x2c640a4b mem 0x80010144
core   0: 0x8000ce8c (0xfeb10303) lb      t1, -21(sp)
core   0: 3 0x8000ce8c (0xfeb10303) x 6 0x0000003c mem 0x8001052a
core   0: 0x8000ce90 (0x01115183) lhu     gp, 17(sp)
core   0: 3 0x8000ce90 (0x01115183) x 3 0x00006863 mem 0x80010550
core   0: 0x8000ce94 (0x49524003) lbu     zero, 1173(tp)
core   0: 3 0x8000ce94 (0x49524003) mem 0x80011008
core   0: 0x8000ce98 (0xfff15583) lhu     a1, -1(sp)
core   0: 3 0x8000ce98 (0xfff15583) x11 0x00007833 mem 0x8001053e
core   0: 0x8000ce9c (0x84c24583) lbu     a1, -1972(tp)
core   0: 3 0x8000ce9c (0x84c24583) x11 0x0000001d mem 0x800103bf
core   0: 0x8000cea0 (0x01714c03) lbu     s8, 23(sp)
core   0: 3 0x8000cea0 (0x01714c03) x24 0x00000099 mem 0x80010556
core   0: 0x8000cea4 (0xfc911ba3) sh      s1, -41(sp)
core   0: 3 0x8000cea4 (0xfc911ba3) mem 0x80010516 0x0a4b
core   0: 0x8000cea8 (0xb4e20283) lb      t0, -1202(tp)
core   0: 3 0x8000cea8 (0xb4e20283) x 5 0x0000003f mem 0x800106c1
core   0: 0x8000ceac (0xe1c20f03) lb      t5, -484(tp)
core   0: 3 0x8000ceac (0xe1c20f03) x30 0x0000002d mem 0x8001098f
core   0: 0x8000ceb0 (0xbf321983) lh      s3, -1037(tp)
core   0: 3 0x8000ceb0 (0xbf321983) x19 0x00000000 mem 0x80010766
core   0: 0x8000ceb4 (0x02614c03) lbu     s8, 38(sp)
core   0: 3 0x8000ceb4 (0x02614c03) x24 0x00000011 mem 0x80010565
core   0: 0x8000ceb8 (0xb4720223) sb      t2, -1212(tp)
core   0: 3 0x8000ceb8 (0xb4720223) mem 0x800106b7 0xd8
core   0: 0x8000cebc (0x00a002ef) jal     t0, pc + 0xa
core   0: 3 0x8000cebc (0x00a002ef) x 5 0x8000cec0
core   0: 0x8000cec6 (0x00002831) c.jal   pc + 28
core   0: 3 0x8000cec6 (0x2831) x 1 0x8000cec8
core   0: 0x8000cee2 (0x00002019) c.jal   pc + 6
core   0: 3 0x8000cee2 (0x2019) x 1 0x8000cee4
core   0: 0x8000cee8 (0xfe5ff0ef) jal     pc - 0x1c
core   0: 3 0x8000cee8 (0xfe5ff0ef) x 1 0x8000ceec
core   0: 0x8000cecc (0x0120036f) jal     t1, pc + 0x12
core   0: 3 0x8000cecc (0x0120036f) x 6 0x8000ced0
core   0: 0x8000cede (0x0060016f) jal     sp, pc + 0x6
core   0: 3 0x8000cede (0x0060016f) x 2 0x8000cee2
core   0: 0x8000cee4 (0xfe5ff0ef) jal     pc - 0x1c
core   0: 3 0x8000cee4 (0xfe5ff0ef) x 1 0x8000cee8
core   0: 0x8000cec8 (0x00002031) c.jal   pc + 12
core   0: 3 0x8000cec8 (0x2031) x 1 0x8000ceca
core   0: 0x8000ced4 (0x0060016f) jal     sp, pc + 0x6
core   0: 3 0x8000ced4 (0x0060016f) x 2 0x8000ced8
core   0: 0x8000ceda (0xff7ff36f) jal     t1, pc - 0xa
core   0: 3 0x8000ceda (0xff7ff36f) x 6 0x8000cede
core   0: 0x8000ced0 (0xffbff0ef) jal     pc - 0x6
core   0: 3 0x8000ced0 (0xffbff0ef) x 1 0x8000ced4
core   0: 0x8000ceca (0x0000a015) c.j     pc + 36
core   0: 3 0x8000ceca (0xa015)
core   0: 0x8000ceee (0x0000b7ed) c.j     pc - 22
core   0: 3 0x8000ceee (0xb7ed)
core   0: 0x8000ced8 (0x0000b7ed) c.j     pc - 22
core   0: 3 0x8000ced8 (0xb7ed)
core   0: 0x8000cec2 (0xfffff0ef) jal     pc - 0x2
core   0: 3 0x8000cec2 (0xfffff0ef) x 1 0x8000cec6
core   0: 0x8000cec0 (0x00002035) c.jal   pc + 44
core   0: 3 0x8000cec0 (0x2035) x 1 0x8000cec2
core   0: 0x8000ceec (0x0000a011) c.j     pc + 4
core   0: 3 0x8000ceec (0xa011)
core   0: 0x8000cef0 (0x000091f2) c.add   gp, t3
core   0: 3 0x8000cef0 (0x91f2) x 3 0x2da9fafc
core   0: 0x8000cef2 (0x00003a17) auipc   s4, 0x3
core   0: 3 0x8000cef2 (0x00003a17) x20 0x8000fef2
core   0: 0x8000cef6 (0x22ba0a13) addi    s4, s4, 555
core   0: 3 0x8000cef6 (0x22ba0a13) x20 0x8001011d
core   0: 0x8000cefa (0x00003e17) auipc   t3, 0x3
core   0: 3 0x8000cefa (0x00003e17) x28 0x8000fefa
core   0: 0x8000cefe (0x431e0e13) addi    t3, t3, 1073
core   0: 3 0x8000cefe (0x431e0e13) x28 0x8001032b
core   0: 0x8000cf02 (0x0cda0f23) sb      a3, 222(s4)
core   0: 3 0x8000cf02 (0x0cda0f23) mem 0x800101fb 0xb1
core   0: 0x8000cf06 (0xfe7e03a3) sb      t2, -25(t3)
core   0: 3 0x8000cf06 (0xfe7e03a3) mem 0x80010312 0xd8
core   0: 0x8000cf0a (0xf3ce0023) sb      t3, -224(t3)
core   0: 3 0x8000cf0a (0xf3ce0023) mem 0x8001024b 0x2b
core   0: 0x8000cf0e (0xfc0a4b83) lbu     s7, -64(s4)
core   0: 3 0x8000cf0e (0xfc0a4b83) x23 0x000000bd mem 0x800100dd
core   0: 0x8000cf12 (0xfcaa0923) sb      a0, -46(s4)
core   0: 3 0x8000cf12 (0xfcaa0923) mem 0x800100ef 0xff
core   0: 0x8000cf16 (0x099a2ba3) sw      s9, 151(s4)
core   0: 3 0x8000cf16 (0x099a2ba3) mem 0x800101b4 0x80000000
core   0: 0x8000cf1a (0x0eee0423) sb      a4, 232(t3)
core   0: 3 0x8000cf1a (0x0eee0423) mem 0x80010413 0xe4
core   0: 0x8000cf1e (0x0a1a0c03) lb      s8, 161(s4)
core   0: 3 0x8000cf1e (0x0a1a0c03) x24 0xffffff94 mem 0x800101be
core   0: 0x8000cf22 (0x050e0f23) sb      a6, 94(t3)
core   0: 3 0x8000cf22 (0x050e0f23) mem 0x80010389 0x79
core   0: 0x8000cf26 (0xfabe1183) lh      gp, -85(t3)
core   0: 3 0x8000cf26 (0xfabe1183) x 3 0x000076aa mem 0x800102d6
core   0: 0x8000cf2a (0xf84a4303) lbu     t1, -124(s4)
core   0: 3 0x8000cf2a (0xf84a4303) x 6 0x00000007 mem 0x800100a1
core   0: 0x8000cf2e (0x02de5183) lhu     gp, 45(t3)
core   0: 3 0x8000cf2e (0x02de5183) x 3 0x0000bdf3 mem 0x80010358
core   0: 0x8000cf32 (0xfe3a0c23) sb      gp, -8(s4)
core   0: 3 0x8000cf32 (0xfe3a0c23) mem 0x80010115 0xf3
core   0: 0x8000cf36 (0xfffe1ba3) sh      t6, -9(t3)
core   0: 3 0x8000cf36 (0xfffe1ba3) mem 0x80010322 0x0000
core   0: 0x8000cf3a (0x01ca5c33) srl     s8, s4, t3
core   0: 3 0x8000cf3a (0x01ca5c33) x24 0x00100020
core   0: 0x8000cf3e (0x000098fd) c.andi  s1, -1
core   0: 3 0x8000cf3e (0x98fd) x 9 0x2c640a4b
core   0: 0x8000cf40 (0x0000eb81) c.bnez  a5, pc + 16
core   0: 3 0x8000cf40 (0xeb81)
core   0: 0x8000cf50 (0x2be32813) slti    a6, t1, 702
core   0: 3 0x8000cf50 (0x2be32813) x16 0x00000001
core   0: 0x8000cf54 (0x02850163) beq     a0, s0, pc + 34
core   0: 3 0x8000cf54 (0x02850163)
core   0: 0x8000cf58 (0x00891533) sll     a0, s2, s0
core   0: 3 0x8000cf58 (0x00891533) x10 0x00000000
core   0: 0x8000cf5c (0x66ab4013) xori    zero, s6, 1642
core   0: 3 0x8000cf5c (0x66ab4013)
core   0: 0x8000cf60 (0x012e4f33) xor     t5, t3, s2
core   0: 3 0x8000cf60 (0x012e4f33) x30 0x8001032b
core   0: 0x8000cf64 (0x0000100f) fence.i
core   0: 3 0x8000cf64 (0x0000100f)
core   0: 0x8000cf68 (0x00008415) c.srai  s0, 5
core   0: 3 0x8000cf68 (0x8415) x 8 0x00000000
core   0: 0x8000cf6a (0xca85aa13) slti    s4, a1, -856
core   0: 3 0x8000cf6a (0xca85aa13) x20 0x00000000
core   0: 0x8000cf6e (0x00000001) c.nop
core   0: 3 0x8000cf6e (0x0001)
core   0: 0x8000cf70 (0x00000001) c.nop
core   0: 3 0x8000cf70 (0x0001)
core   0: 0x8000cf72 (0x40945fb3) sra     t6, s0, s1
core   0: 3 0x8000cf72 (0x40945fb3) x31 0x00000000
core   0: 0x8000cf76 (0x0ff0000f) fence   iorw,iorw
core   0: 3 0x8000cf76 (0x0ff0000f)
core   0: 0x8000cf7a (0x0000953a) c.add   a0, a4
core   0: 3 0x8000cf7a (0x953a) x10 0x80029ce4
core   0: 0x8000cf7c (0x038135b3) mulhu   a1, sp, s8
core   0: 3 0x8000cf7c (0x038135b3) x11 0x0008001c
core   0: 0x8000cf80 (0x00008fed) c.and   a5, a1
core   0: 3 0x8000cf80 (0x8fed) x15 0x00000008
core   0: 0x8000cf82 (0x5316ec13) ori     s8, a3, 1329
core   0: 3 0x8000cf82 (0x5316ec13) x24 0xffffffb1
core   0: 0x8000cf86 (0x40d487b3) sub     a5, s1, a3
core   0: 3 0x8000cf86 (0x40d487b3) x15 0x2c640a9a
core   0: 0x8000cf8a (0x00008531) c.srai  a0, 12
core   0: 3 0x8000cf8a (0x8531) x10 0xfff80029
core   0: 0x8000cf8c (0x02c664b3) rem     s1, a2, a2
core   0: 3 0x8000cf8c (0x02c664b3) x 9 0x00000000
core   0: 0x8000cf90 (0x000083f5) c.srli  a5, 29
core   0: 3 0x8000cf90 (0x83f5) x15 0x00000001
core   0: 0x8000cf92 (0x000001f2) c.slli  gp, 28
core   0: 3 0x8000cf92 (0x01f2) x 3 0x30000000
core   0: 0x8000cf94 (0x41098033) sub     zero, s3, a6
core   0: 3 0x8000cf94 (0x41098033)
core   0: 0x8000cf98 (0x40aed633) sra     a2, t4, a0
core   0: 3 0x8000cf98 (0x40aed633) x12 0x00000000
core   0: 0x8000cf9c (0x00375513) srli    a0, a4, 3
core   0: 3 0x8000cf9c (0x00375513) x10 0x1000539c
core   0: 0x8000cfa0 (0x04017063) bgeu    sp, zero, pc + 64
core   0: 3 0x8000cfa0 (0x04017063)
core   0: 0x8000cfe0 (0x00009bfd) c.andi  a5, -1
core   0: 3 0x8000cfe0 (0x9bfd) x15 0x00000001
core   0: 0x8000cfe2 (0x00008649) c.srai  a2, 18
core   0: 3 0x8000cfe2 (0x8649) x12 0x00000000
core   0: 0x8000cfe4 (0x02401863) bne     zero, tp, pc + 48
core   0: 3 0x8000cfe4 (0x02401863)
core   0: 0x8000d014 (0x00008c45) c.or    s0, s1
core   0: 3 0x8000d014 (0x8c45) x 8 0x00000000
core   0: 0x8000d016 (0x023c9db3) mulh    s11, s9, gp
core   0: 3 0x8000d016 (0x023c9db3) x27 0xe8000000
core   0: 0x8000d01a (0x00008a75) c.andi  a2, 29
core   0: 3 0x8000d01a (0x8a75) x12 0x00000000
core   0: 0x8000d01c (0xb1e05997) auipc   s3, 0xb1e05
core   0: 3 0x8000d01c (0xb1e05997) x19 0x31e1201c
core   0: 0x8000d020 (0x00006dc9) c.lui   s11, 0x12
core   0: 3 0x8000d020 (0x6dc9) x27 0x00012000
core   0: 0x8000d022 (0x41b58ab3) sub     s5, a1, s11
core   0: 3 0x8000d022 (0x41b58ab3) x21 0x0006e01c
core   0: 0x8000d026 (0x3d80c613) xori    a2, ra, 984
core   0: 3 0x8000d026 (0x3d80c613) x12 0x8000cd1a
core   0: 0x8000d02a (0x024e2533) mulhsu  a0, t3, tp
core   0: 3 0x8000d02a (0x024e2533) x10 0xbffffbdd
core   0: 0x8000d02e (0x039eaab3) mulhsu  s5, t4, s9
core   0: 3 0x8000d02e (0x039eaab3) x21 0x0000000a
core   0: 0x8000d032 (0x01d78ab3) add     s5, a5, t4
core   0: 3 0x8000d032 (0x01d78ab3) x21 0x00000016
core   0: 0x8000d036 (0x008bc9b3) xor     s3, s7, s0
core   0: 3 0x8000d036 (0x008bc9b3) x19 0x000000bd
core   0: 0x8000d03a (0x0000ec05) c.bnez  s0, pc + 56
core   0: 3 0x8000d03a (0xec05)
core   0: 0x8000d03c (0x01982a33) slt     s4, a6, s9
core   0: 3 0x8000d03c (0x01982a33) x20 0x00000000
core   0: 0x8000d040 (0x0000100f) fence.i
core   0: 3 0x8000d040 (0x0000100f)
core   0: 0x8000d044 (0x02af40b3) div     ra, t5, a0
core   0: 3 0x8000d044 (0x02af40b3) x 1 0x00000001
core   0: 0x8000d048 (0x0000517d) c.li    sp, -1
core   0: 3 0x8000d048 (0x517d) x 2 0xffffffff
core   0: 0x8000d04a (0x2cbc6193) ori     gp, s8, 715
core   0: 3 0x8000d04a (0x2cbc6193) x 3 0xfffffffb
core   0: 0x8000d04e (0x02e325b3) mulhsu  a1, t1, a4
core   0: 3 0x8000d04e (0x02e325b3) x11 0x00000003
core   0: 0x8000d052 (0x000098fd) c.andi  s1, -1
core   0: 3 0x8000d052 (0x98fd) x 9 0x00000000
core   0: 0x8000d054 (0x0000937a) c.add   t1, t5
core   0: 3 0x8000d054 (0x937a) x 6 0x80010332
core   0: 0x8000d056 (0x00006475) c.lui   s0, 0x1d
core   0: 3 0x8000d056 (0x6475) x 8 0x0001d000
core   0: 0x8000d058 (0x00008ce5) c.and   s1, s1
core   0: 3 0x8000d058 (0x8ce5) x 9 0x00000000
core   0: 0x8000d05a (0x01c8e5b3) or      a1, a7, t3
core   0: 3 0x8000d05a (0x01c8e5b3) x11 0x80035f6f
core   0: 0x8000d05e (0x038a40b3) div     ra, s4, s8
core   0: 3 0x8000d05e (0x038a40b3) x 1 0x00000000
core   0: 0x8000d062 (0xae9d6013) ori     zero, s10, -1303
core   0: 3 0x8000d062 (0xae9d6013)
core   0: 0x8000d066 (0x0ff0000f) fence   iorw,iorw
core   0: 3 0x8000d066 (0x0ff0000f)
core   0: 0x8000d06a (0x00000a88) c.addi4spn a0, sp, 336
core   0: 3 0x8000d06a (0x0a88) x10 0x0000014f
core   0: 0x8000d06c (0x01eccdb3) xor     s11, s9, t5
core   0: 3 0x8000d06c (0x01eccdb3) x27 0x0001032b
core   0: 0x8000d070 (0x00000001) c.nop
core   0: 3 0x8000d070 (0x0001)
core   0: 0x8000d072 (0x01a85db3) srl     s11, a6, s10
core   0: 3 0x8000d072 (0x01a85db3) x27 0x00000001
core   0: 0x8000d076 (0x010a3833) sltu    a6, s4, a6
core   0: 3 0x8000d076 (0x010a3833) x16 0x00000001
core   0: 0x8000d07a (0x014d4eb3) xor     t4, s10, s4
core   0: 3 0x8000d07a (0x014d4eb3) x29 0x0000b000
core   0: 0x8000d07e (0x041de163) bltu    s11, ra, pc + 66
core   0: 3 0x8000d07e (0x041de163)
core   0: 0x8000d082 (0x24f83e37) lui     t3, 0x24f83
core   0: 3 0x8000d082 (0x24f83e37) x28 0x24f83000
core   0: 0x8000d086 (0x03938a63) beq     t2, s9, pc + 52
core   0: 3 0x8000d086 (0x03938a63)
core   0: 0x8000d08a (0x028fde33) divu    t3, t6, s0
core   0: 3 0x8000d08a (0x028fde33) x28 0x00000000
core   0: 0x8000d08e (0x41d783b3) sub     t2, a5, t4
core   0: 3 0x8000d08e (0x41d783b3) x 7 0xffff5001
core   0: 0x8000d092 (0x01aa6eb3) or      t4, s4, s10
core   0: 3 0x8000d092 (0x01aa6eb3) x29 0x0000b000
core   0: 0x8000d096 (0x0000100f) fence.i
core   0: 3 0x8000d096 (0x0000100f)
core   0: 0x8000d09a (0x00008bed) c.andi  a5, 27
core   0: 3 0x8000d09a (0x8bed) x15 0x00000001
core   0: 0x8000d09c (0x03c68b63) beq     a3, t3, pc + 54
core   0: 3 0x8000d09c (0x03c68b63)
core   0: 0x8000d0a0 (0x00008ef9) c.and   a3, a4
core   0: 3 0x8000d0a0 (0x8ef9) x13 0x80029ca0
core   0: 0x8000d0a2 (0xfe8e8b13) addi    s6, t4, -24
core   0: 3 0x8000d0a2 (0xfe8e8b13) x22 0x0000afe8
core   0: 0x8000d0a6 (0x00008c01) c.sub   s0, s0
core   0: 3 0x8000d0a6 (0x8c01) x 8 0x00000000
core   0: 0x8000d0a8 (0x017bf963) bgeu    s7, s7, pc + 18
core   0: 3 0x8000d0a8 (0x017bf963)
core   0: 0x8000d0ba (0x00000001) c.nop
core   0: 3 0x8000d0ba (0x0001)
core   0: 0x8000d0bc (0x010fbb33) sltu    s6, t6, a6
core   0: 3 0x8000d0bc (0x010fbb33) x22 0x00000001
core   0: 0x8000d0c0 (0x000083fd) c.srli  a5, 31
core   0: 3 0x8000d0c0 (0x83fd) x15 0x00000000
core   0: 0x8000d0c2 (0x03de8163) beq     t4, t4, pc + 34
core   0: 3 0x8000d0c2 (0x03de8163)
core   0: 0x8000d0e4 (0x039b8eb3) mul     t4, s7, s9
core   0: 3 0x8000d0e4 (0x039b8eb3) x29 0x80000000
core   0: 0x8000d0e8 (0x01c53633) sltu    a2, a0, t3
core   0: 3 0x8000d0e8 (0x01c53633) x12 0x00000000
core   0: 0x8000d0ec (0x00000a65) c.addi  s4, 25
core   0: 3 0x8000d0ec (0x0a65) x20 0x00000019
core   0: 0x8000d0ee (0xd002ef93) ori     t6, t0, -768
core   0: 3 0x8000d0ee (0xd002ef93) x31 0xffffffc0
core   0: 0x8000d0f2 (0xb94fa493) slti    s1, t6, -1132
core   0: 3 0x8000d0f2 (0xb94fa493) x 9 0x00000000
core   0: 0x8000d0f6 (0x00006151) c.addi16sp sp, 272
core   0: 3 0x8000d0f6 (0x6151) x 2 0x0000010f
core   0: 0x8000d0f8 (0x00008c5e) c.mv    s8, s7
core   0: 3 0x8000d0f8 (0x8c5e) x24 0x000000bd
core   0: 0x8000d0fa (0x0000865d) c.srai  a2, 23
core   0: 3 0x8000d0fa (0x865d) x12 0x00000000
core   0: 0x8000d0fc (0x002e6333) or      t1, t3, sp
core   0: 3 0x8000d0fc (0x002e6333) x 6 0x0000010f
core   0: 0x8000d100 (0x02fd8833) mul     a6, s11, a5
core   0: 3 0x8000d100 (0x02fd8833) x16 0x00000000
core   0: 0x8000d104 (0x0000547d) c.li    s0, -1
core   0: 3 0x8000d104 (0x547d) x 8 0xffffffff
core   0: 0x8000d106 (0x005296b3) sll     a3, t0, t0
core   0: 3 0x8000d106 (0x005296b3) x13 0x8000cec0
core   0: 0x8000d10a (0x03458963) beq     a1, s4, pc + 50
core   0: 3 0x8000d10a (0x03458963)
core   0: 0x8000d10e (0x01925b13) srli    s6, tp, 25
core   0: 3 0x8000d10e (0x01925b13) x22 0x00000040
core   0: 0x8000d112 (0x6b4ac093) xori    ra, s5, 1716
core   0: 3 0x8000d112 (0x6b4ac093) x 1 0x000006a2
core   0: 0x8000d116 (0x00005efd) c.li    t4, -1
core   0: 3 0x8000d116 (0x5efd) x29 0xffffffff
core   0: 0x8000d118 (0x03b60133) mul     sp, a2, s11
core   0: 3 0x8000d118 (0x03b60133) x 2 0x00000000
core   0: 0x8000d11c (0x01ca1763) bne     s4, t3, pc + 14
core   0: 3 0x8000d11c (0x01ca1763)
core   0: 0x8000d12a (0x00000001) c.nop
core   0: 3 0x8000d12a (0x0001)
core   0: 0x8000d12c (0x405edf33) sra     t5, t4, t0
core   0: 3 0x8000d12c (0x405edf33) x30 0xffffffff
core   0: 0x8000d130 (0x00000001) c.nop
core   0: 3 0x8000d130 (0x0001)
core   0: 0x8000d132 (0x313fee13) ori     t3, t6, 787
core   0: 3 0x8000d132 (0x313fee13) x28 0xffffffd3
core   0: 0x8000d136 (0x00e8de63) bge     a7, a4, pc + 28
core   0: 3 0x8000d136 (0x00e8de63)
core   0: 0x8000d13a (0x00008e65) c.and   a2, s1
core   0: 3 0x8000d13a (0x8e65) x12 0x00000000
core   0: 0x8000d13c (0x00006149) c.addi16sp sp, 144
core   0: 3 0x8000d13c (0x6149) x 2 0x00000090
core   0: 0x8000d13e (0x03202fb3) mulhsu  t6, zero, s2
core   0: 3 0x8000d13e (0x03202fb3) x31 0x00000000
core   0: 0x8000d142 (0x000047bd) c.li    a5, 15
core   0: 3 0x8000d142 (0x47bd) x15 0x0000000f
core   0: 0x8000d144 (0x0216bf33) mulhu   t5, a3, ra
core   0: 3 0x8000d144 (0x0216bf33) x30 0x00000351
core   0: 0x8000d148 (0x0058d563) bge     a7, t0, pc + 10
core   0: 3 0x8000d148 (0x0058d563)
core   0: 0x8000d152 (0x405a06b3) sub     a3, s4, t0
core   0: 3 0x8000d152 (0x405a06b3) x13 0x7fff3159
core   0: 0x8000d156 (0x014d5513) srli    a0, s10, 20
core   0: 3 0x8000d156 (0x014d5513) x10 0x00000000
core   0: 0x8000d15a (0x01db5663) bge     s6, t4, pc + 12
core   0: 3 0x8000d15a (0x01db5663)
core   0: 0x8000d166 (0x0000850e) c.mv    a0, gp
core   0: 3 0x8000d166 (0x850e) x10 0xfffffffb
core   0: 0x8000d168 (0x00009866) c.add   a6, s9
core   0: 3 0x8000d168 (0x9866) x16 0x80000000
core   0: 0x8000d16a (0x000082b5) c.srli  a3, 13
core   0: 3 0x8000d16a (0x82b5) x13 0x0003fff9
core   0: 0x8000d16c (0x03a3f2b3) remu    t0, t2, s10
core   0: 3 0x8000d16c (0x03a3f2b3) x 5 0x00001001
core   0: 0x8000d170 (0x8f721117) auipc   sp, 0x8f721
core   0: 3 0x8000d170 (0x8f721117) x 2 0x0f72e170
core   0: 0x8000d174 (0x000081f1) c.srli  a1, 28
core   0: 3 0x8000d174 (0x81f1) x11 0x00000008
core   0: 0x8000d176 (0x6062bf13) sltiu   t5, t0, 1542
core   0: 3 0x8000d176 (0x6062bf13) x30 0x00000000
core   0: 0x8000d17a (0x0381f033) remu    zero, gp, s8
core   0: 3 0x8000d17a (0x0381f033)
core   0: 0x8000d17e (0x01dfdbb3) srl     s7, t6, t4
core   0: 3 0x8000d17e (0x01dfdbb3) x23 0x00000000
core   0: 0x8000d182 (0x01e71c63) bne     a4, t5, pc + 24
core   0: 3 0x8000d182 (0x01e71c63)
core   0: 0x8000d19a (0x00006121) c.addi16sp sp, 64
core   0: 3 0x8000d19a (0x6121) x 2 0x0f72e1b0
core   0: 0x8000d19c (0x0000cf95) c.beqz  a5, pc + 60
core   0: 3 0x8000d19c (0xcf95)
core   0: 0x8000d19e (0x0000867e) c.mv    a2, t6
core   0: 3 0x8000d19e (0x867e) x12 0x00000000
core   0: 0x8000d1a0 (0xf3c87e93) andi    t4, a6, -196
core   0: 3 0x8000d1a0 (0xf3c87e93) x29 0x80000000
core   0: 0x8000d1a4 (0x02409533) mulh    a0, ra, tp
core   0: 3 0x8000d1a4 (0x02409533) x10 0xfffffcaf
core   0: 0x8000d1a8 (0x00009ac2) c.add   s5, a6
core   0: 3 0x8000d1a8 (0x9ac2) x21 0x80000016
core   0: 0x8000d1aa (0x01f3de63) bge     t2, t6, pc + 28
core   0: 3 0x8000d1aa (0x01f3de63)
core   0: 0x8000d1ae (0x053d8163) beq     s11, s3, pc + 66
core   0: 3 0x8000d1ae (0x053d8163)
core   0: 0x8000d1b2 (0x0056a333) slt     t1, a3, t0
core   0: 3 0x8000d1b2 (0x0056a333) x 6 0x00000000
core   0: 0x8000d1b6 (0x0000c085) c.beqz  s1, pc + 32
core   0: 3 0x8000d1b6 (0xc085)
core   0: 0x8000d1d6 (0x0000851a) c.mv    a0, t1
core   0: 3 0x8000d1d6 (0x851a) x10 0x00000000
core   0: 0x8000d1d8 (0x00000880) c.addi4spn s0, sp, 80
core   0: 3 0x8000d1d8 (0x0880) x 8 0x0f72e200
core   0: 0x8000d1da (0x02fb6e33) rem     t3, s6, a5
core   0: 3 0x8000d1da (0x02fb6e33) x28 0x00000004
core   0: 0x8000d1de (0x5c953c13) sltiu   s8, a0, 1481
core   0: 3 0x8000d1de (0x5c953c13) x24 0x00000001
core   0: 0x8000d1e2 (0x00008e71) c.and   a2, a2
core   0: 3 0x8000d1e2 (0x8e71) x12 0x00000000
core   0: 0x8000d1e4 (0x0013a1b3) slt     gp, t2, ra
core   0: 3 0x8000d1e4 (0x0013a1b3) x 3 0x00000001
core   0: 0x8000d1e8 (0x0000012a) c.slli  sp, 10
core   0: 3 0x8000d1e8 (0x012a) x 2 0xcb86c000
core   0: 0x8000d1ea (0xeb7f0237) lui     tp, 0xeb7f0
core   0: 3 0x8000d1ea (0xeb7f0237) x 4 0xeb7f0000
core   0: 0x8000d1ee (0x00000305) c.addi  t1, 1
core   0: 3 0x8000d1ee (0x0305) x 6 0x00000001
core   0: 0x8000d1f0 (0x7c1a7093) andi    ra, s4, 1985
core   0: 3 0x8000d1f0 (0x7c1a7093) x 1 0x00000001
core   0: 0x8000d1f4 (0x01c359b3) srl     s3, t1, t3
core   0: 3 0x8000d1f4 (0x01c359b3) x19 0x00000000
core   0: 0x8000d1f8 (0x023194b3) mulh    s1, gp, gp
core   0: 3 0x8000d1f8 (0x023194b3) x 9 0x00000000
core   0: 0x8000d1fc (0x034e0a33) mul     s4, t3, s4
core   0: 3 0x8000d1fc (0x034e0a33) x20 0x00000064
core   0: 0x8000d200 (0x0157df63) bge     a5, s5, pc + 30
core   0: 3 0x8000d200 (0x0157df63)
core   0: 0x8000d21e (0x000099fd) c.andi  a1, -1
core   0: 3 0x8000d21e (0x99fd) x11 0x00000008
core   0: 0x8000d220 (0x012487b3) add     a5, s1, s2
core   0: 3 0x8000d220 (0x012487b3) x15 0x00000000
core   0: 0x8000d224 (0xf87dc313) xori    t1, s11, -121
core   0: 3 0x8000d224 (0xf87dc313) x 6 0xffffff86
core   0: 0x8000d228 (0x38c73693) sltiu   a3, a4, 908
core   0: 3 0x8000d228 (0x38c73693) x13 0x00000000
core   0: 0x8000d22c (0x0248c6b3) div     a3, a7, tp
core   0: 3 0x8000d22c (0x0248c6b3) x13 0x00000006
core   0: 0x8000d230 (0x02c56ab3) rem     s5, a0, a2
core   0: 3 0x8000d230 (0x02c56ab3) x21 0x00000000
core   0: 0x8000d234 (0x03a10933) mul     s2, sp, s10
core   0: 3 0x8000d234 (0x03a10933) x18 0xa4000000
core   0: 0x8000d238 (0x0099f433) and     s0, s3, s1
core   0: 3 0x8000d238 (0x0099f433) x 8 0x00000000
core   0: 0x8000d23c (0x0000852d) c.srai  a0, 11
core   0: 3 0x8000d23c (0x852d) x10 0x00000000
core   0: 0x8000d23e (0x02e91f33) mulh    t5, s2, a4
core   0: 3 0x8000d23e (0x02e91f33) x30 0x2dff0f9e
core   0: 0x8000d242 (0x000000be) c.slli  ra, 15
core   0: 3 0x8000d242 (0x00be) x 1 0x00008000
core   0: 0x8000d244 (0x000086a9) c.srai  a3, 10
core   0: 3 0x8000d244 (0x86a9) x13 0x00000000
core   0: 0x8000d246 (0x01ffbc33) sltu    s8, t6, t6
core   0: 3 0x8000d246 (0x01ffbc33) x24 0x00000000
core   0: 0x8000d24a (0x0237d633) divu    a2, a5, gp
core   0: 3 0x8000d24a (0x0237d633) x12 0x00000000
core   0: 0x8000d24e (0x40ca85b3) sub     a1, s5, a2
core   0: 3 0x8000d24e (0x40ca85b3) x11 0x00000000
core   0: 0x8000d252 (0x0000e50d) c.bnez  a0, pc + 42
core   0: 3 0x8000d252 (0xe50d)
core   0: 0x8000d254 (0x050a0263) beq     s4, a6, pc + 68
core   0: 3 0x8000d254 (0x050a0263)
core   0: 0x8000d258 (0x0000100f) fence.i
core   0: 3 0x8000d258 (0x0000100f)
core   0: 0x8000d25c (0x00000001) c.nop
core   0: 3 0x8000d25c (0x0001)
core   0: 0x8000d25e (0x015acc33) xor     s8, s5, s5
core   0: 3 0x8000d25e (0x015acc33) x24 0x00000000
core   0: 0x8000d262 (0x000082cd) c.srli  a3, 19
core   0: 3 0x8000d262 (0x82cd) x13 0x00000000
core   0: 0x8000d264 (0x02024933) div     s2, tp, zero
core   0: 3 0x8000d264 (0x02024933) x18 0xffffffff
core   0: 0x8000d268 (0x019ceeb3) or      t4, s9, s9
core   0: 3 0x8000d268 (0x019ceeb3) x29 0x80000000
core   0: 0x8000d26c (0x5db08413) addi    s0, ra, 1499
core   0: 3 0x8000d26c (0x5db08413) x 8 0x000085db
core   0: 0x8000d270 (0x02d600b3) mul     ra, a2, a3
core   0: 3 0x8000d270 (0x02d600b3) x 1 0x00000000
core   0: 0x8000d274 (0x03790633) mul     a2, s2, s7
core   0: 3 0x8000d274 (0x03790633) x12 0x00000000
core   0: 0x8000d278 (0x0000048a) c.slli  s1, 2
core   0: 3 0x8000d278 (0x048a) x 9 0x00000000
core   0: 0x8000d27a (0x00001108) c.addi4spn a0, sp, 160
core   0: 3 0x8000d27a (0x1108) x10 0xcb86c0a0
core   0: 0x8000d27c (0x0122f9b3) and     s3, t0, s2
core   0: 3 0x8000d27c (0x0122f9b3) x19 0x00001001
core   0: 0x8000d280 (0x03d0bab3) mulhu   s5, ra, t4
core   0: 3 0x8000d280 (0x03d0bab3) x21 0x00000000
core   0: 0x8000d284 (0x03b1c4b3) div     s1, gp, s11
core   0: 3 0x8000d284 (0x03b1c4b3) x 9 0x00000001
core   0: 0x8000d288 (0x03d11863) bne     sp, t4, pc + 48
core   0: 3 0x8000d288 (0x03d11863)
core   0: 0x8000d2b8 (0x00000001) c.nop
core   0: 3 0x8000d2b8 (0x0001)
core   0: 0x8000d2ba (0x04dae163) bltu    s5, a3, pc + 66
core   0: 3 0x8000d2ba (0x04dae163)
core   0: 0x8000d2be (0x02f20fb3) mul     t6, tp, a5
core   0: 3 0x8000d2be (0x02f20fb3) x31 0x00000000
core   0: 0x8000d2c2 (0x03188863) beq     a7, a7, pc + 48
core   0: 3 0x8000d2c2 (0x03188863)
core   0: 0x8000d2f2 (0x02985eb3) divu    t4, a6, s1
core   0: 3 0x8000d2f2 (0x02985eb3) x29 0x80000000
core   0: 0x8000d2f6 (0x00bd1663) bne     s10, a1, pc + 12
core   0: 3 0x8000d2f6 (0x00bd1663)
core   0: 0x8000d302 (0x03dea133) mulhsu  sp, t4, t4
core   0: 3 0x8000d302 (0x03dea133) x 2 0xc0000000
core   0: 0x8000d306 (0x40905213) srai    tp, zero, 9
core   0: 3 0x8000d306 (0x40905213) x 4 0x00000000
core   0: 0x8000d30a (0x00006109) c.addi16sp sp, 128
core   0: 3 0x8000d30a (0x6109) x 2 0xc0000080
core   0: 0x8000d30c (0x00001e00) c.addi4spn s0, sp, 816
core   0: 3 0x8000d30c (0x1e00) x 8 0xc00003b0
core   0: 0x8000d30e (0x41fc5d13) srai    s10, s8, 31
core   0: 3 0x8000d30e (0x41fc5d13) x26 0x00000000
core   0: 0x8000d312 (0x01bc9bb3) sll     s7, s9, s11
core   0: 3 0x8000d312 (0x01bc9bb3) x23 0x00000000
core   0: 0x8000d316 (0x02b4beb3) mulhu   t4, s1, a1
core   0: 3 0x8000d316 (0x02b4beb3) x29 0x00000000
core   0: 0x8000d31a (0x00008241) c.srli  a2, 16
core   0: 3 0x8000d31a (0x8241) x12 0x00000000
core   0: 0x8000d31c (0x4bad8613) addi    a2, s11, 1210
core   0: 3 0x8000d31c (0x4bad8613) x12 0x000004bb
core   0: 0x8000d320 (0x02e79063) bne     a5, a4, pc + 32
core   0: 3 0x8000d320 (0x02e79063)
core   0: 0x8000d340 (0x02a22433) mulhsu  s0, tp, a0
core   0: 3 0x8000d340 (0x02a22433) x 8 0x00000000
core   0: 0x8000d344 (0x0380e833) rem     a6, ra, s8
core   0: 3 0x8000d344 (0x0380e833) x16 0x00000000
core   0: 0x8000d348 (0x51616b93) ori     s7, sp, 1302
core   0: 3 0x8000d348 (0x51616b93) x23 0xc0000596
core   0: 0x8000d34c (0x001cd7b3) srl     a5, s9, ra
core   0: 3 0x8000d34c (0x001cd7b3) x15 0x80000000
core   0: 0x8000d350 (0x0249bbb3) mulhu   s7, s3, tp
core   0: 3 0x8000d350 (0x0249bbb3) x23 0x00000000
core   0: 0x8000d354 (0x000093e2) c.add   t2, s8
core   0: 3 0x8000d354 (0x93e2) x 7 0xffff5001
core   0: 0x8000d356 (0x00f0de63) bge     ra, a5, pc + 28
core   0: 3 0x8000d356 (0x00f0de63)
core   0: 0x8000d372 (0x03aefe63) bgeu    t4, s10, pc + 60
core   0: 3 0x8000d372 (0x03aefe63)
core   0: 0x8000d3ae (0x02337333) remu    t1, t1, gp
core   0: 3 0x8000d3ae (0x02337333) x 6 0x00000000
core   0: 0x8000d3b2 (0x40520d33) sub     s10, tp, t0
core   0: 3 0x8000d3b2 (0x40520d33) x26 0xffffefff
core   0: 0x8000d3b6 (0x0331d5b3) divu    a1, gp, s3
core   0: 3 0x8000d3b6 (0x0331d5b3) x11 0x00000000
core   0: 0x8000d3ba (0x0000c1a9) c.beqz  a1, pc + 66
core   0: 3 0x8000d3ba (0xc1a9)
core   0: 0x8000d3fc (0x05a26363) bltu    tp, s10, pc + 70
core   0: 3 0x8000d3fc (0x05a26363)
core   0: 0x8000d442 (0x00008bed) c.andi  a5, 27
core   0: 3 0x8000d442 (0x8bed) x15 0x00000000
core   0: 0x8000d444 (0x027f7233) remu    tp, t5, t2
core   0: 3 0x8000d444 (0x027f7233) x 4 0x2dff0f9e
core   0: 0x8000d448 (0x00008105) c.srli  a0, 1
core   0: 3 0x8000d448 (0x8105) x10 0x65c36050
core   0: 0x8000d44a (0x00d3b933) sltu    s2, t2, a3
core   0: 3 0x8000d44a (0x00d3b933) x18 0x00000000
core   0: 0x8000d44e (0x13c5c037) lui     zero, 0x13c5c
core   0: 3 0x8000d44e (0x13c5c037)
core   0: 0x8000d452 (0x000005ca) c.slli  a1, 18
core   0: 3 0x8000d452 (0x05ca) x11 0x00000000
core   0: 0x8000d454 (0x0ff0000f) fence   iorw,iorw
core   0: 3 0x8000d454 (0x0ff0000f)
core   0: 0x8000d458 (0x0000e211) c.bnez  a2, pc + 4
core   0: 3 0x8000d458 (0xe211)
core   0: 0x8000d45c (0xd801c293) xori    t0, gp, -640
core   0: 3 0x8000d45c (0xd801c293) x 5 0xfffffd81
core   0: 0x8000d460 (0xddcb5ab7) lui     s5, 0xddcb5
core   0: 3 0x8000d460 (0xddcb5ab7) x21 0xddcb5000
core   0: 0x8000d464 (0x000ce5b3) or      a1, s9, zero
core   0: 3 0x8000d464 (0x000ce5b3) x11 0x80000000
core   0: 0x8000d468 (0x00008856) c.mv    a6, s5
core   0: 3 0x8000d468 (0x8856) x16 0xddcb5000
core   0: 0x8000d46a (0x000089ad) c.andi  a1, 11
core   0: 3 0x8000d46a (0x89ad) x11 0x00000000
core   0: 0x8000d46c (0x039c1863) bne     s8, s9, pc + 48
core   0: 3 0x8000d46c (0x039c1863)
core   0: 0x8000d49c (0x000064ad) c.lui   s1, 0xb
core   0: 3 0x8000d49c (0x64ad) x 9 0x0000b000
core   0: 0x8000d49e (0x03445533) divu    a0, s0, s4
core   0: 3 0x8000d49e (0x03445533) x10 0x00000000
core   0: 0x8000d4a2 (0x0000717d) c.addi16sp sp, -16
core   0: 3 0x8000d4a2 (0x717d) x 2 0xc0000070
core   0: 0x8000d4a4 (0x0000100f) fence.i
core   0: 3 0x8000d4a4 (0x0000100f)
core   0: 0x8000d4a8 (0x0000100f) fence.i
core   0: 3 0x8000d4a8 (0x0000100f)
core   0: 0x8000d4ac (0x02553233) mulhu   tp, a0, t0
core   0: 3 0x8000d4ac (0x02553233) x 4 0x00000000
core   0: 0x8000d4b0 (0x00006371) c.lui   t1, 0x1c
core   0: 3 0x8000d4b0 (0x6371) x 6 0x0001c000
core   0: 0x8000d4b2 (0x01bbb833) sltu    a6, s7, s11
core   0: 3 0x8000d4b2 (0x01bbb833) x16 0x00000001
core   0: 0x8000d4b6 (0x00009592) c.add   a1, tp
core   0: 3 0x8000d4b6 (0x9592) x11 0x00000000
core   0: 0x8000d4b8 (0x0000e69d) c.bnez  a3, pc + 46
core   0: 3 0x8000d4b8 (0xe69d)
core   0: 0x8000d4ba (0x03c6fdb3) remu    s11, a3, t3
core   0: 3 0x8000d4ba (0x03c6fdb3) x27 0x00000000
core   0: 0x8000d4be (0x00008e7d) c.and   a2, a5
core   0: 3 0x8000d4be (0x8e7d) x12 0x00000000
core   0: 0x8000d4c0 (0x016f5e93) srli    t4, t5, 22
core   0: 3 0x8000d4c0 (0x016f5e93) x29 0x000000b7
core   0: 0x8000d4c4 (0x0000ef85) c.bnez  a5, pc + 56
core   0: 3 0x8000d4c4 (0xef85)
core   0: 0x8000d4c6 (0x000087dd) c.srai  a5, 23
core   0: 3 0x8000d4c6 (0x87dd) x15 0x00000000
core   0: 0x8000d4c8 (0x01427763) bgeu    tp, s4, pc + 14
core   0: 3 0x8000d4c8 (0x01427763)
core   0: 0x8000d4cc (0x0000717d) c.addi16sp sp, -16
core   0: 3 0x8000d4cc (0x717d) x 2 0xc0000060
core   0: 0x8000d4ce (0x00008b99) c.andi  a5, 6
core   0: 3 0x8000d4ce (0x8b99) x15 0x00000000
core   0: 0x8000d4d0 (0x015ad563) bge     s5, s5, pc + 10
core   0: 3 0x8000d4d0 (0x015ad563)
core   0: 0x8000d4da (0x02ff59b3) divu    s3, t5, a5
core   0: 3 0x8000d4da (0x02ff59b3) x19 0xffffffff
core   0: 0x8000d4de (0x4177d493) srai    s1, a5, 23
core   0: 3 0x8000d4de (0x4177d493) x 9 0x00000000
core   0: 0x8000d4e2 (0xda573197) auipc   gp, 0xda573
core   0: 3 0x8000d4e2 (0xda573197) x 3 0x5a5804e2
core   0: 0x8000d4e6 (0x00eb9813) slli    a6, s7, 14
core   0: 3 0x8000d4e6 (0x00eb9813) x16 0x00000000
core   0: 0x8000d4ea (0x00000001) c.nop
core   0: 3 0x8000d4ea (0x0001)
core   0: 0x8000d4ec (0x02631063) bne     t1, t1, pc + 32
core   0: 3 0x8000d4ec (0x02631063)
core   0: 0x8000d4f0 (0x000000f2) c.slli  ra, 28
core   0: 3 0x8000d4f0 (0x00f2) x 1 0x00000000
core   0: 0x8000d4f2 (0x00000001) c.nop
core   0: 3 0x8000d4f2 (0x0001)
core   0: 0x8000d4f4 (0x03e36eb3) rem     t4, t1, t5
core   0: 3 0x8000d4f4 (0x03e36eb3) x29 0x0001c000
core   0: 0x8000d4f8 (0x41d755b3) sra     a1, a4, t4
core   0: 3 0x8000d4f8 (0x41d755b3) x11 0x80029ce4
core   0: 0x8000d4fc (0x03b98063) beq     s3, s11, pc + 32
core   0: 3 0x8000d4fc (0x03b98063)
core   0: 0x8000d500 (0x018cd663) bge     s9, s8, pc + 12
core   0: 3 0x8000d500 (0x018cd663)
core   0: 0x8000d504 (0x0000717d) c.addi16sp sp, -16
core   0: 3 0x8000d504 (0x717d) x 2 0xc0000050
core   0: 0x8000d506 (0x1c129ab7) lui     s5, 0x1c129
core   0: 3 0x8000d506 (0x1c129ab7) x21 0x1c129000
core   0: 0x8000d50a (0x0000cf85) c.beqz  a5, pc + 56
core   0: 3 0x8000d50a (0xcf85)
core   0: 0x8000d542 (0x8e0ba213) slti    tp, s7, -1824
core   0: 3 0x8000d542 (0x8e0ba213) x 4 0x00000000
core   0: 0x8000d546 (0xced50e93) addi    t4, a0, -787
core   0: 3 0x8000d546 (0xced50e93) x29 0xfffffced
core   0: 0x8000d54a (0x01fc7d63) bgeu    s8, t6, pc + 26
core   0: 3 0x8000d54a (0x01fc7d63)
core   0: 0x8000d564 (0x01927863) bgeu    tp, s9, pc + 16
core   0: 3 0x8000d564 (0x01927863)
core   0: 0x8000d568 (0x000d06b3) add     a3, s10, zero
core   0: 3 0x8000d568 (0x000d06b3) x13 0xffffefff
core   0: 0x8000d56c (0x000099fd) c.andi  a1, -1
core   0: 3 0x8000d56c (0x99fd) x11 0x80029ce4
core   0: 0x8000d56e (0x00009d36) c.add   s10, a3
core   0: 3 0x8000d56e (0x9d36) x26 0xffffdffe
core   0: 0x8000d570 (0x027806b3) mul     a3, a6, t2
core   0: 3 0x8000d570 (0x027806b3) x13 0x00000000
core   0: 0x8000d574 (0xa89ee993) ori     s3, t4, -1399
core   0: 3 0x8000d574 (0xa89ee993) x19 0xfffffeed
core   0: 0x8000d578 (0x00000001) c.nop
core   0: 3 0x8000d578 (0x0001)
core   0: 0x8000d57a (0x00c55c33) srl     s8, a0, a2
core   0: 3 0x8000d57a (0x00c55c33) x24 0x00000000
core   0: 0x8000d57e (0x057c7163) bgeu    s8, s7, pc + 66
core   0: 3 0x8000d57e (0x057c7163)
core   0: 0x8000d5c0 (0x02d6ce63) blt     a3, a3, pc + 60
core   0: 3 0x8000d5c0 (0x02d6ce63)
core   0: 0x8000d5c4 (0x1c09ab13) slti    s6, s3, 448
core   0: 3 0x8000d5c4 (0x1c09ab13) x22 0x00000001
core   0: 0x8000d5c8 (0x40458533) sub     a0, a1, tp
core   0: 3 0x8000d5c8 (0x40458533) x10 0x80029ce4
core   0: 0x8000d5cc (0x0000cf91) c.beqz  a5, pc + 28
core   0: 3 0x8000d5cc (0xcf91)
core   0: 0x8000d5e8 (0x024cc863) blt     s9, tp, pc + 48
core   0: 3 0x8000d5e8 (0x024cc863)
core   0: 0x8000d618 (0x0053d113) srli    sp, t2, 5
core   0: 3 0x8000d618 (0x0053d113) x 2 0x07fffa80
core   0: 0x8000d61c (0x0210fc33) remu    s8, ra, ra
core   0: 3 0x8000d61c (0x0210fc33) x24 0x00000000
core   0: 0x8000d620 (0x3e08e093) ori     ra, a7, 992
core   0: 3 0x8000d620 (0x3e08e093) x 1 0x80025fec
core   0: 0x8000d624 (0x009616b3) sll     a3, a2, s1
core   0: 3 0x8000d624 (0x009616b3) x13 0x00000000
core   0: 0x8000d628 (0x00008db1) c.xor   a1, a2
core   0: 3 0x8000d628 (0x8db1) x11 0x80029ce4
core   0: 0x8000d62a (0x3aaef293) andi    t0, t4, 938
core   0: 3 0x8000d62a (0x3aaef293) x 5 0x000000a8
core   0: 0x8000d62e (0x4157c313) xori    t1, a5, 1045
core   0: 3 0x8000d62e (0x4157c313) x 6 0x00000415
core   0: 0x8000d632 (0x1cffc993) xori    s3, t6, 463
core   0: 3 0x8000d632 (0x1cffc993) x19 0x000001cf
core   0: 0x8000d636 (0x0ff0000f) fence   iorw,iorw
core   0: 3 0x8000d636 (0x0ff0000f)
core   0: 0x8000d63a (0x00700f33) add     t5, zero, t2
core   0: 3 0x8000d63a (0x00700f33) x30 0xffff5001
core   0: 0x8000d63e (0xbc80c113) xori    sp, ra, -1080
core   0: 3 0x8000d63e (0xbc80c113) x 2 0x7ffda424
core   0: 0x8000d642 (0x030c6c63) bltu    s8, a6, pc + 56
core   0: 3 0x8000d642 (0x030c6c63)
core   0: 0x8000d646 (0x00798c33) add     s8, s3, t2
core   0: 3 0x8000d646 (0x00798c33) x24 0xffff51d0
core   0: 0x8000d64a (0xc103e613) ori     a2, t2, -1008
core   0: 3 0x8000d64a (0xc103e613) x12 0xfffffc11
core   0: 0x8000d64e (0x00000001) c.nop
core   0: 3 0x8000d64e (0x0001)
core   0: 0x8000d650 (0x00009f22) c.add   t5, s0
core   0: 3 0x8000d650 (0x9f22) x30 0xffff5001
core   0: 0x8000d652 (0x023ca4b3) mulhsu  s1, s9, gp
core   0: 3 0x8000d652 (0x023ca4b3) x 9 0xd2d3fd8f
core   0: 0x8000d656 (0x0115bc33) sltu    s8, a1, a7
core   0: 3 0x8000d656 (0x0115bc33) x24 0x00000000
core   0: 0x8000d65a (0x02eb2bb3) mulhsu  s7, s6, a4
core   0: 3 0x8000d65a (0x02eb2bb3) x23 0x00000000
core   0: 0x8000d65e (0x03ca7b33) remu    s6, s4, t3
core   0: 3 0x8000d65e (0x03ca7b33) x22 0x00000000
core   0: 0x8000d662 (0x00447bb3) and     s7, s0, tp
core   0: 3 0x8000d662 (0x00447bb3) x23 0x00000000
core   0: 0x8000d666 (0x0000955a) c.add   a0, s6
core   0: 3 0x8000d666 (0x955a) x10 0x80029ce4
core   0: 0x8000d668 (0x01635133) srl     sp, t1, s6
core   0: 3 0x8000d668 (0x01635133) x 2 0x00000415
core   0: 0x8000d66c (0x00008ead) c.xor   a3, a1
core   0: 3 0x8000d66c (0x8ead) x13 0x80029ce4
core   0: 0x8000d66e (0x00008cc5) c.or    s1, s1
core   0: 3 0x8000d66e (0x8cc5) x 9 0xd2d3fd8f
core   0: 0x8000d670 (0x00008e71) c.and   a2, a2
core   0: 3 0x8000d670 (0x8e71) x12 0xfffffc11
core   0: 0x8000d672 (0x29b68513) addi    a0, a3, 667
core   0: 3 0x8000d672 (0x29b68513) x10 0x80029f7f
core   0: 0x8000d676 (0xbf2a7613) andi    a2, s4, -1038
core   0: 3 0x8000d676 (0xbf2a7613) x12 0x00000060
core   0: 0x8000d67a (0x0000e199) c.bnez  a1, pc + 6
core   0: 3 0x8000d67a (0xe199)
core   0: 0x8000d680 (0x99cb6c13) ori     s8, s6, -1636
core   0: 3 0x8000d680 (0x99cb6c13) x24 0xfffff99c
core   0: 0x8000d684 (0x030d0033) mul     zero, s10, a6
core   0: 3 0x8000d684 (0x030d0033)
core   0: 0x8000d688 (0x83502593) slti    a1, zero, -1995
core   0: 3 0x8000d688 (0x83502593) x11 0x00000000
core   0: 0x8000d68c (0x0176c1b3) xor     gp, a3, s7
core   0: 3 0x8000d68c (0x0176c1b3) x 3 0x80029ce4
core   0: 0x8000d690 (0xf55716b7) lui     a3, 0xf5571
core   0: 3 0x8000d690 (0xf55716b7) x13 0xf5571000
core   0: 0x8000d694 (0x41ddd133) sra     sp, s11, t4
core   0: 3 0x8000d694 (0x41ddd133) x 2 0x00000000
core   0: 0x8000d698 (0x0ff0000f) fence   iorw,iorw
core   0: 3 0x8000d698 (0x0ff0000f)
core   0: 0x8000d69c (0x0389cbb3) div     s7, s3, s8
core   0: 3 0x8000d69c (0x0389cbb3) x23 0x00000000
core   0: 0x8000d6a0 (0x017376b3) and     a3, t1, s7
core   0: 3 0x8000d6a0 (0x017376b3) x13 0x00000000
core   0: 0x8000d6a4 (0xc9f53d13) sltiu   s10, a0, -865
core   0: 3 0x8000d6a4 (0xc9f53d13) x26 0x00000001
core   0: 0x8000d6a8 (0x0169d993) srli    s3, s3, 22
core   0: 3 0x8000d6a8 (0x0169d993) x19 0x00000000
core   0: 0x8000d6ac (0x0104c3b3) xor     t2, s1, a6
core   0: 3 0x8000d6ac (0x0104c3b3) x 7 0xd2d3fd8f
core   0: 0x8000d6b0 (0x01151bb3) sll     s7, a0, a7
core   0: 3 0x8000d6b0 (0x01151bb3) x23 0x29f7f000
core   0: 0x8000d6b4 (0x00008d15) c.sub   a0, a3
core   0: 3 0x8000d6b4 (0x8d15) x10 0x80029f7f
core   0: 0x8000d6b6 (0x0334cc33) div     s8, s1, s3
core   0: 3 0x8000d6b6 (0x0334cc33) x24 0xffffffff
core   0: 0x8000d6ba (0xdbb63993) sltiu   s3, a2, -581
core   0: 3 0x8000d6ba (0xdbb63993) x19 0x00000001
core   0: 0x8000d6be (0x00931d33) sll     s10, t1, s1
core   0: 3 0x8000d6be (0x00931d33) x26 0x020a8000
core   0: 0x8000d6c2 (0xd03eb093) sltiu   ra, t4, -765
core   0: 3 0x8000d6c2 (0xd03eb093) x 1 0x00000001
core   0: 0x8000d6c6 (0x012a1193) slli    gp, s4, 18
core   0: 3 0x8000d6c6 (0x012a1193) x 3 0x01900000
core   0: 0x8000d6ca (0x005b0563) beq     s6, t0, pc + 10
core   0: 3 0x8000d6ca (0x005b0563)
core   0: 0x8000d6ce (0x0000c80d) c.beqz  s0, pc + 50
core   0: 3 0x8000d6ce (0xc80d)
core   0: 0x8000d700 (0x01cce863) bltu    s9, t3, pc + 16
core   0: 3 0x8000d700 (0x01cce863)
core   0: 0x8000d704 (0x0ff0000f) fence   iorw,iorw
core   0: 3 0x8000d704 (0x0ff0000f)
core   0: 0x8000d708 (0x01796a33) or      s4, s2, s7
core   0: 3 0x8000d708 (0x01796a33) x20 0x29f7f000
core   0: 0x8000d70c (0x7eb3e6b7) lui     a3, 0x7eb3e
core   0: 3 0x8000d70c (0x7eb3e6b7) x13 0x7eb3e000
core   0: 0x8000d710 (0x0000100f) fence.i
core   0: 3 0x8000d710 (0x0000100f)
core   0: 0x8000d714 (0x01747833) and     a6, s0, s7
core   0: 3 0x8000d714 (0x01747833) x16 0x00000000
core   0: 0x8000d718 (0x0387f833) remu    a6, a5, s8
core   0: 3 0x8000d718 (0x0387f833) x16 0x00000000
core   0: 0x8000d71c (0x03cc7e63) bgeu    s8, t3, pc + 60
core   0: 3 0x8000d71c (0x03cc7e63)
core   0: 0x8000d758 (0x0333f533) remu    a0, t2, s3
core   0: 3 0x8000d758 (0x0333f533) x10 0x00000000
core   0: 0x8000d75c (0x4145da93) srai    s5, a1, 20
core   0: 3 0x8000d75c (0x4145da93) x21 0x00000000
core   0: 0x8000d760 (0x03a8afb3) mulhsu  t6, a7, s10
core   0: 3 0x8000d760 (0x03a8afb3) x31 0xfefac4d5
core   0: 0x8000d764 (0x0000c1a1) c.beqz  a1, pc + 64
core   0: 3 0x8000d764 (0xc1a1)
core   0: 0x8000d7a4 (0x41955013) srai    zero, a0, 25
core   0: 3 0x8000d7a4 (0x41955013)
core   0: 0x8000d7a8 (0x00009e7a) c.add   t3, t5
core   0: 3 0x8000d7a8 (0x9e7a) x28 0xffff5005
core   0: 0x8000d7aa (0x000005b5) c.addi  a1, 13
core   0: 3 0x8000d7aa (0x05b5) x11 0x0000000d
core   0: 0x8000d7ac (0x401adc33) sra     s8, s5, ra
core   0: 3 0x8000d7ac (0x401adc33) x24 0x00000000
core   0: 0x8000d7b0 (0x011a9413) slli    s0, s5, 17
core   0: 3 0x8000d7b0 (0x011a9413) x 8 0x00000000
core   0: 0x8000d7b4 (0x00009f66) c.add   t5, s9
core   0: 3 0x8000d7b4 (0x9f66) x30 0x7fff5001
core   0: 0x8000d7b6 (0xaaaaf537) lui     a0, 0xaaaaf
core   0: 3 0x8000d7b6 (0xaaaaf537) x10 0xaaaaf000
core   0: 0x8000d7ba (0x00003117) auipc   sp, 0x3
core   0: 3 0x8000d7ba (0x00003117) x 2 0x800107ba
core   0: 0x8000d7be (0xd5c10113) addi    sp, sp, -676
core   0: 3 0x8000d7be (0xd5c10113) x 2 0x80010516
core   0: 0x8000d7c2 (0x00008be5) c.andi  a5, 25
core   0: 3 0x8000d7c2 (0x8be5) x15 0x00000000
core   0: 0x8000d7c4 (0xc4611f23) sh      t1, -930(sp)
core   0: 3 0x8000d7c4 (0xc4611f23) mem 0x80010174 0x0415
core   0: 0x8000d7c8 (0x37611223) sh      s6, 868(sp)
core   0: 3 0x8000d7c8 (0x37611223) mem 0x8001087a 0x0000
core   0: 0x8000d7cc (0xcf014303) lbu     t1, -784(sp)
core   0: 3 0x8000d7cc (0xcf014303) x 6 0x0000006f mem 0x80010206
core   0: 0x8000d7d0 (0x6a7051b7) lui     gp, 0x6a705
core   0: 3 0x8000d7d0 (0x6a7051b7) x 3 0x6a705000
core   0: 0x8000d7d4 (0x030f37b3) mulhu   a5, t5, a6
core   0: 3 0x8000d7d4 (0x030f37b3) x15 0x00000000
core   0: 0x8000d7d8 (0x01099a33) sll     s4, s3, a6
core   0: 3 0x8000d7d8 (0x01099a33) x20 0x00000001
core   0: 0x8000d7dc (0x2e714003) lbu     zero, 743(sp)
core   0: 3 0x8000d7dc (0x2e714003) mem 0x800107fd
core   0: 0x8000d7e0 (0x6ff10203) lb      tp, 1791(sp)
core   0: 3 0x8000d7e0 (0x6ff10203) x 4 0xffffff9a mem 0x80010c15
core   0: 0x8000d7e4 (0x0000100f) fence.i
core   0: 3 0x8000d7e4 (0x0000100f)
core   0: 0x8000d7e8 (0x77011283) lh      t0, 1904(sp)
core   0: 3 0x8000d7e8 (0x77011283) x 5 0x00003c04 mem 0x80010c86
core   0: 0x8000d7ec (0x11e12a03) lw      s4, 286(sp)
core   0: 3 0x8000d7ec (0x11e12a03) x20 0x95341f84 mem 0x80010634
core   0: 0x8000d7f0 (0x018b1d13) slli    s10, s6, 24
core   0: 3 0x8000d7f0 (0x018b1d13) x26 0x00000000
core   0: 0x8000d7f4 (0x634a2613) slti    a2, s4, 1588
core   0: 3 0x8000d7f4 (0x634a2613) x12 0x00000001
core   0: 0x8000d7f8 (0x20d10f03) lb      t5, 525(sp)
core   0: 3 0x8000d7f8 (0x20d10f03) x30 0x0000003b mem 0x80010723
core   0: 0x8000d7fc (0x00001e7d) c.addi  t3, -1
core   0: 3 0x8000d7fc (0x1e7d) x28 0xffff5004
core   0: 0x8000d7fe (0xc5f14803) lbu     a6, -929(sp)
core   0: 3 0x8000d7fe (0xc5f14803) x16 0x00000004 mem 0x80010175
core   0: 0x8000d802 (0x41e100a3) sb      t5, 1025(sp)
core   0: 3 0x8000d802 (0x41e100a3) mem 0x80010917 0x3b
core   0: 0x8000d806 (0x0000855d) c.srai  a0, 23
core   0: 3 0x8000d806 (0x855d) x10 0xffffff55
core   0: 0x8000d808 (0x1d011403) lh      s0, 464(sp)
core   0: 3 0x8000d808 (0x1d011403) x 8 0xfffffce0 mem 0x800106e6
core   0: 0x8000d80c (0x408b5c13) srai    s8, s6, 8
core   0: 3 0x8000d80c (0x408b5c13) x24 0x00000000
core   0: 0x8000d810 (0xf2615603) lhu     a2, -218(sp)
core   0: 3 0x8000d810 (0xf2615603) x12 0x0000dd3f mem 0x8001043c
core   0: 0x8000d814 (0x0000100f) fence.i
core   0: 3 0x8000d814 (0x0000100f)
core   0: 0x8000d818 (0xeba15b03) lhu     s6, -326(sp)
core   0: 3 0x8000d818 (0xeba15b03) x22 0x00003379 mem 0x800103d0
core   0: 0x8000d81c (0x0040d3b3) srl     t2, ra, tp
core   0: 3 0x8000d81c (0x0040d3b3) x 7 0x00000000
core   0: 0x8000d820 (0x00008ee5) c.and   a3, s1
core   0: 3 0x8000d820 (0x8ee5) x13 0x5293e000
core   0: 0x8000d822 (0xf2911d23) sh      s1, -198(sp)
core   0: 3 0x8000d822 (0xf2911d23) mem 0x80010450 0xfd8f
core   0: 0x8000d826 (0xbd710d03) lb      s10, -1065(sp)
core   0: 3 0x8000d826 (0xbd710d03) x26 0x00000000 mem 0x800100ed
core   0: 0x8000d82a (0x01165493) srli    s1, a2, 17
core   0: 3 0x8000d82a (0x01165493) x 9 0x00000000
core   0: 0x8000d82e (0x000084f5) c.srai  s1, 29
core   0: 3 0x8000d82e (0x84f5) x 9 0x00000000
core   0: 0x8000d830 (0x4c7102a3) sb      t2, 1221(sp)
core   0: 3 0x8000d830 (0x4c7102a3) mem 0x800109db 0x0
core   0: 0x8000d834 (0x011e1233) sll     tp, t3, a7
core   0: 3 0x8000d834 (0x011e1233) x 4 0xf5004000
core   0: 0x8000d838 (0x62c15283) lhu     t0, 1580(sp)
core   0: 3 0x8000d838 (0x62c15283) x 5 0x0000f24b mem 0x80010b42
core   0: 0x8000d83c (0x02cd44b3) div     s1, s10, a2
core   0: 3 0x8000d83c (0x02cd44b3) x 9 0x00000000
core   0: 0x8000d840 (0x035e3833) mulhu   a6, t3, s5
core   0: 3 0x8000d840 (0x035e3833) x16 0x00000000
core   0: 0x8000d844 (0x0156da13) srli    s4, a3, 21
core   0: 3 0x8000d844 (0x0156da13) x20 0x00000294
core   0: 0x8000d848 (0x026a12b3) mulh    t0, s4, t1
core   0: 3 0x8000d848 (0x026a12b3) x 5 0x00000000
core   0: 0x8000d84c (0x6f310aa3) sb      s3, 1781(sp)
core   0: 3 0x8000d84c (0x6f310aa3) mem 0x80010c0b 0x1
core   0: 0x8000d850 (0x01d25133) srl     sp, tp, t4
core   0: 3 0x8000d850 (0x01d25133) x 2 0x0007a802
core   0: 0x8000d854 (0x00000b86) c.slli  s7, 1
core   0: 3 0x8000d854 (0x0b86) x23 0x53efe000
core   0: 0x8000d856 (0x01341fb3) sll     t6, s0, s3
core   0: 3 0x8000d856 (0x01341fb3) x31 0xfffff9c0
core   0: 0x8000d85a (0x03a84a63) blt     a6, s10, pc + 52
core   0: 3 0x8000d85a (0x03a84a63)
core   0: 0x8000d85e (0x000087c9) c.srai  a5, 18
core   0: 3 0x8000d85e (0x87c9) x15 0x00000000
core   0: 0x8000d860 (0x00b242b3) xor     t0, tp, a1
core   0: 3 0x8000d860 (0x00b242b3) x 5 0xf500400d
core   0: 0x8000d864 (0xf9b5f913) andi    s2, a1, -101
core   0: 3 0x8000d864 (0xf9b5f913) x18 0x00000009
core   0: 0x8000d868 (0x0510f363) bgeu    ra, a7, pc + 70
core   0: 3 0x8000d868 (0x0510f363)
core   0: 0x8000d86c (0x1ac7f813) andi    a6, a5, 428
core   0: 3 0x8000d86c (0x1ac7f813) x16 0x00000000
core   0: 0x8000d870 (0x53baf393) andi    t2, s5, 1339
core   0: 3 0x8000d870 (0x53baf393) x 7 0x00000000
core   0: 0x8000d874 (0x00008939) c.andi  a0, 14
core   0: 3 0x8000d874 (0x8939) x10 0x00000004
core   0: 0x8000d876 (0x00000e88) c.addi4spn a0, sp, 848
core   0: 3 0x8000d876 (0x0e88) x10 0x0007ab52
core   0: 0x8000d878 (0x031e5563) bge     t3, a7, pc + 42
core   0: 3 0x8000d878 (0x031e5563)
core   0: 0x8000d8a2 (0x3fd64db7) lui     s11, 0x3fd64
core   0: 3 0x8000d8a2 (0x3fd64db7) x27 0x3fd64000
core   0: 0x8000d8a6 (0x00c453b3) srl     t2, s0, a2
core   0: 3 0x8000d8a6 (0x00c453b3) x 7 0x00000001
core   0: 0x8000d8aa (0x8e677913) andi    s2, a4, -1818
core   0: 3 0x8000d8aa (0x8e677913) x18 0x800298e4
core   0: 0x8000d8ae (0x03140933) mul     s2, s0, a7
core   0: 3 0x8000d8ae (0x03140933) x18 0xf8995280
core   0: 0x8000d8b2 (0x018d6eb3) or      t4, s10, s8
core   0: 3 0x8000d8b2 (0x018d6eb3) x29 0x00000000
core   0: 0x8000d8b6 (0x0ff0000f) fence   iorw,iorw
core   0: 3 0x8000d8b6 (0x0ff0000f)
core   0: 0x8000d8ba (0x012f85b3) add     a1, t6, s2
core   0: 3 0x8000d8ba (0x012f85b3) x11 0xf8994c40
core   0: 0x8000d8be (0x00008b5e) c.mv    s6, s7
core   0: 3 0x8000d8be (0x8b5e) x22 0x53efe000
core   0: 0x8000d8c0 (0x00008931) c.andi  a0, 12
core   0: 3 0x8000d8c0 (0x8931) x10 0x00000000
core   0: 0x8000d8c2 (0xf92b00b7) lui     ra, 0xf92b0
core   0: 3 0x8000d8c2 (0xf92b00b7) x 1 0xf92b0000
core   0: 0x8000d8c6 (0x411f8b33) sub     s6, t6, a7
core   0: 3 0x8000d8c6 (0x411f8b33) x22 0x7ffd9b74
core   0: 0x8000d8ca (0x0000e881) c.bnez  s1, pc + 16
core   0: 3 0x8000d8ca (0xe881)
core   0: 0x8000d8cc (0x0018fb63) bgeu    a7, ra, pc + 22
core   0: 3 0x8000d8cc (0x0018fb63)
core   0: 0x8000d8d0 (0x000062b1) c.lui   t0, 0xc
core   0: 3 0x8000d8d0 (0x62b1) x 5 0x0000c000
core   0: 0x8000d8d2 (0x01d95e93) srli    t4, s2, 29
core   0: 3 0x8000d8d2 (0x01d95e93) x29 0x00000007
core   0: 0x8000d8d6 (0xdbb08e13) addi    t3, ra, -581
core   0: 3 0x8000d8d6 (0xdbb08e13) x28 0xf92afdbb
core   0: 0x8000d8da (0x00008d11) c.sub   a0, a2
core   0: 3 0x8000d8da (0x8d11) x10 0xffff22c1
core   0: 0x8000d8dc (0x00000e04) c.addi4spn s1, sp, 784
core   0: 3 0x8000d8dc (0x0e04) x 9 0x0007ab12
core   0: 0x8000d8de (0x0048fdb3) and     s11, a7, tp
core   0: 3 0x8000d8de (0x0048fdb3) x27 0x80004000
core   0: 0x8000d8e2 (0x02ec3933) mulhu   s2, s8, a4
core   0: 3 0x8000d8e2 (0x02ec3933) x18 0x00000000
core   0: 0x8000d8e6 (0x028cc163) blt     s9, s0, pc + 34
core   0: 3 0x8000d8e6 (0x028cc163)
core   0: 0x8000d908 (0x0380f663) bgeu    ra, s8, pc + 44
core   0: 3 0x8000d908 (0x0380f663)
core   0: 0x8000d934 (0x01cab033) sltu    zero, s5, t3
core   0: 3 0x8000d934 (0x01cab033)
core   0: 0x8000d938 (0x0243d463) bge     t2, tp, pc + 40
core   0: 3 0x8000d938 (0x0243d463)
core   0: 0x8000d960 (0x40c00fb3) sub     t6, zero, a2
core   0: 3 0x8000d960 (0x40c00fb3) x31 0xffff22c1
core   0: 0x8000d964 (0x0117bf33) sltu    t5, a5, a7
core   0: 3 0x8000d964 (0x0117bf33) x30 0x00000001
core   0: 0x8000d968 (0x03f5c7b3) div     a5, a1, t6
core   0: 3 0x8000d968 (0x03f5c7b3) x15 0x00000890
core   0: 0x8000d96c (0x0000866d) c.srai  a2, 27
core   0: 3 0x8000d96c (0x866d) x12 0x00000000
core   0: 0x8000d96e (0x02ae3ab3) mulhu   s5, t3, a0
core   0: 3 0x8000d96e (0x02ae3ab3) x21 0xf92a2663
core   0: 0x8000d972 (0x00005afd) c.li    s5, -1
core   0: 3 0x8000d972 (0x5afd) x21 0xffffffff
core   0: 0x8000d974 (0x00008932) c.mv    s2, a2
core   0: 3 0x8000d974 (0x8932) x18 0x00000000
core   0: 0x8000d976 (0x2a55ff37) lui     t5, 0x2a55f
core   0: 3 0x8000d976 (0x2a55ff37) x30 0x2a55f000
core   0: 0x8000d97a (0x00008d9d) c.sub   a1, a5
core   0: 3 0x8000d97a (0x8d9d) x11 0xf89943b0
core   0: 0x8000d97c (0x00000001) c.nop
core   0: 3 0x8000d97c (0x0001)
core   0: 0x8000d97e (0x73099197) auipc   gp, 0x73099
core   0: 3 0x8000d97e (0x73099197) x 3 0xf30a697e
core   0: 0x8000d982 (0x76a9d837) lui     a6, 0x76a9d
core   0: 3 0x8000d982 (0x76a9d837) x16 0x76a9d000
core   0: 0x8000d986 (0x3d6b9317) auipc   t1, 0x3d6b9
core   0: 3 0x8000d986 (0x3d6b9317) x 6 0xbd6c6986
core   0: 0x8000d98a (0x00003117) auipc   sp, 0x3
core   0: 3 0x8000d98a (0x00003117) x 2 0x8001098a
core   0: 0x8000d98e (0xab710113) addi    sp, sp, -1353
core   0: 3 0x8000d98e (0xab710113) x 2 0x80010441
core   0: 0x8000d992 (0x00914983) lbu     s3, 9(sp)
core   0: 3 0x8000d992 (0x00914983) x19 0x000000c5 mem 0x8001044a
core   0: 0x8000d996 (0x016104a3) sb      s6, 9(sp)
core   0: 3 0x8000d996 (0x016104a3) mem 0x8001044a 0x74
core   0: 0x8000d99a (0xff010a23) sb      a6, -12(sp)
core   0: 3 0x8000d99a (0xff010a23) mem 0x80010435 0x0
core   0: 0x8000d99e (0x52f0f913) andi    s2, ra, 1327
core   0: 3 0x8000d99e (0x52f0f913) x18 0x00000000
core   0: 0x8000d9a2 (0x00e10d83) lb      s11, 14(sp)
core   0: 3 0x8000d9a2 (0x00e10d83) x27 0x0000001f mem 0x8001044f
core   0: 0x8000d9a6 (0x4fb9a613) slti    a2, s3, 1275
core   0: 3 0x8000d9a6 (0x4fb9a613) x12 0x00000001
core   0: 0x8000d9aa (0x00e14303) lbu     t1, 14(sp)
core   0: 3 0x8000d9aa (0x00e14303) x 6 0x0000001f mem 0x8001044f
core   0: 0x8000d9ae (0x00410723) sb      tp, 14(sp)
core   0: 3 0x8000d9ae (0x00410723) mem 0x8001044f 0x0
core   0: 0x8000d9b2 (0x01210723) sb      s2, 14(sp)
core   0: 3 0x8000d9b2 (0x01210723) mem 0x8001044f 0x0
core   0: 0x8000d9b6 (0x8055f013) andi    zero, a1, -2043
core   0: 3 0x8000d9b6 (0x8055f013)
core   0: 0x8000d9ba (0x00b15803) lhu     a6, 11(sp)
core   0: 3 0x8000d9ba (0x00b15803) x16 0x0000e5ba mem 0x8001044c
core   0: 0x8000d9be (0x00e14183) lbu     gp, 14(sp)
core   0: 3 0x8000d9be (0x00e14183) x 3 0x00000000 mem 0x8001044f
core   0: 0x8000d9c2 (0x00008e6d) c.and   a2, a1
core   0: 3 0x8000d9c2 (0x8e6d) x12 0x00000000
core   0: 0x8000d9c4 (0x00711c03) lh      s8, 7(sp)
core   0: 3 0x8000d9c4 (0x00711c03) x24 0x00003f15 mem 0x80010448
core   0: 0x8000d9c8 (0x00e10203) lb      tp, 14(sp)
core   0: 3 0x8000d9c8 (0x00e10203) x 4 0x00000000 mem 0x8001044f
core   0: 0x8000d9cc (0x01169d13) slli    s10, a3, 17
core   0: 3 0x8000d9cc (0x01169d13) x26 0xc0000000
core   0: 0x8000d9d0 (0xff511903) lh      s2, -11(sp)
core   0: 3 0x8000d9d0 (0xff511903) x18 0xffffd288 mem 0x80010436
core   0: 0x8000d9d4 (0x61a53593) sltiu   a1, a0, 1562
core   0: 3 0x8000d9d4 (0x61a53593) x11 0x00000000
core   0: 0x8000d9d8 (0xffe10ea3) sb      t5, -3(sp)
core   0: 3 0x8000d9d8 (0xffe10ea3) mem 0x8001043e 0x0
core   0: 0x8000d9dc (0xfff11ea3) sh      t6, -3(sp)
core   0: 3 0x8000d9dc (0xfff11ea3) mem 0x8001043e 0x22c1
core   0: 0x8000d9e0 (0xff110583) lb      a1, -15(sp)
core   0: 3 0x8000d9e0 (0xff110583) x11 0xffffffbc mem 0x80010432
core   0: 0x8000d9e4 (0x01d822b3) slt     t0, a6, t4
core   0: 3 0x8000d9e4 (0x01d822b3) x 5 0x00000000
core   0: 0x8000d9e8 (0xff414483) lbu     s1, -12(sp)
core   0: 3 0x8000d9e8 (0xff414483) x 9 0x00000000 mem 0x80010435
core   0: 0x8000d9ec (0xbd363a13) sltiu   s4, a2, -1069
core   0: 3 0x8000d9ec (0xbd363a13) x20 0x00000001
core   0: 0x8000d9f0 (0x013cc463) blt     s9, s3, pc + 8
core   0: 3 0x8000d9f0 (0x013cc463)
core   0: 0x8000d9f8 (0x0427f363) bgeu    a5, sp, pc + 70
core   0: 3 0x8000d9f8 (0x0427f363)
core   0: 0x8000d9fc (0x01569e63) bne     a3, s5, pc + 28
core   0: 3 0x8000d9fc (0x01569e63)
core   0: 0x8000da18 (0x00004901) c.li    s2, 0
core   0: 3 0x8000da18 (0x4901) x18 0x00000000
core   0: 0x8000da1a (0x7fc3f913) andi    s2, t2, 2044
core   0: 3 0x8000da1a (0x7fc3f913) x18 0x00000000
core   0: 0x8000da1e (0x40398233) sub     tp, s3, gp
core   0: 3 0x8000da1e (0x40398233) x 4 0x000000c5
core   0: 0x8000da22 (0x0000717d) c.addi16sp sp, -16
core   0: 3 0x8000da22 (0x717d) x 2 0x80010431
core   0: 0x8000da24 (0x039ecb63) blt     t4, s9, pc + 54
core   0: 3 0x8000da24 (0x039ecb63)
core   0: 0x8000da28 (0x00a15d93) srli    s11, sp, 10
core   0: 3 0x8000da28 (0x00a15d93) x27 0x00200041
core   0: 0x8000da2c (0x02aafeb3) remu    t4, s5, a0
core   0: 3 0x8000da2c (0x02aafeb3) x29 0x0000dd3e
core   0: 0x8000da30 (0x00163633) sltu    a2, a2, ra
core   0: 3 0x8000da30 (0x00163633) x12 0x00000001
core   0: 0x8000da34 (0x02c4cd63) blt     s1, a2, pc + 58
core   0: 3 0x8000da34 (0x02c4cd63)
core   0: 0x8000da6e (0x011a7033) and     zero, s4, a7
core   0: 3 0x8000da6e (0x011a7033)
core   0: 0x8000da72 (0x021261b3) rem     gp, tp, ra
core   0: 3 0x8000da72 (0x021261b3) x 3 0x000000c5
core   0: 0x8000da76 (0x00000001) c.nop
core   0: 3 0x8000da76 (0x0001)
core   0: 0x8000da78 (0x0235d063) bge     a1, gp, pc + 32
core   0: 3 0x8000da78 (0x0235d063)
core   0: 0x8000da7c (0x414cda33) sra     s4, s9, s4
core   0: 3 0x8000da7c (0x414cda33) x20 0xc0000000
core   0: 0x8000da80 (0x6c8fc913) xori    s2, t6, 1736
core   0: 3 0x8000da80 (0x6c8fc913) x18 0xffff2409
core   0: 0x8000da84 (0x41485393) srai    t2, a6, 20
core   0: 3 0x8000da84 (0x41485393) x 7 0x00000000
core   0: 0x8000da88 (0x00955663) bge     a0, s1, pc + 12
core   0: 3 0x8000da88 (0x00955663)
core   0: 0x8000da8c (0x0000100f) fence.i
core   0: 3 0x8000da8c (0x0000100f)
core   0: 0x8000da90 (0x0ff0000f) fence   iorw,iorw
core   0: 3 0x8000da90 (0x0ff0000f)
core   0: 0x8000da94 (0x00006a39) c.lui   s4, 0xe
core   0: 3 0x8000da94 (0x6a39) x20 0x0000e000
core   0: 0x8000da96 (0x00000001) c.nop
core   0: 3 0x8000da96 (0x0001)
core   0: 0x8000da98 (0x0088a1b3) slt     gp, a7, s0
core   0: 3 0x8000da98 (0x0088a1b3) x 3 0x00000001
core   0: 0x8000da9c (0x24094293) xori    t0, s2, 576
core   0: 3 0x8000da9c (0x24094293) x 5 0xffff2649
core   0: 0x8000daa0 (0x9511f113) andi    sp, gp, -1711
core   0: 3 0x8000daa0 (0x9511f113) x 2 0x00000001
core   0: 0x8000daa4 (0x00000001) c.nop
core   0: 3 0x8000daa4 (0x0001)
core   0: 0x8000daa6 (0xe4d45997) auipc   s3, 0xe4d45
core   0: 3 0x8000daa6 (0xe4d45997) x19 0x64d52aa6
core   0: 0x8000daaa (0x34c84797) auipc   a5, 0x34c84
core   0: 3 0x8000daaa (0x34c84797) x15 0xb4c91aaa
core   0: 0x8000daae (0x000040b5) c.li    ra, 13
core   0: 3 0x8000daae (0x40b5) x 1 0x0000000d
core   0: 0x8000dab0 (0x0000e90d) c.bnez  a0, pc + 50
core   0: 3 0x8000dab0 (0xe90d)
core   0: 0x8000dae2 (0x00008e85) c.sub   a3, s1
core   0: 3 0x8000dae2 (0x8e85) x13 0x5293e000
core   0: 0x8000dae4 (0x61ef7d13) andi    s10, t5, 1566
core   0: 3 0x8000dae4 (0x61ef7d13) x26 0x00000000
core   0: 0x8000dae8 (0x0ff0000f) fence   iorw,iorw
core   0: 3 0x8000dae8 (0x0ff0000f)
core   0: 0x8000daec (0x00008eed) c.and   a3, a1
core   0: 3 0x8000daec (0x8eed) x13 0x5293e000
core   0: 0x8000daee (0x04b94163) blt     s2, a1, pc + 66
core   0: 3 0x8000daee (0x04b94163)
core   0: 0x8000db30 (0x03de4c63) blt     t3, t4, pc + 56
core   0: 3 0x8000db30 (0x03de4c63)
core   0: 0x8000db68 (0x00008249) c.srli  a2, 18
core   0: 3 0x8000db68 (0x8249) x12 0x00000000
core   0: 0x8000db6a (0x03460433) mul     s0, a2, s4
core   0: 3 0x8000db6a (0x03460433) x 8 0x00000000
core   0: 0x8000db6e (0x00009a7d) c.andi  a2, -1
core   0: 3 0x8000db6e (0x9a7d) x12 0x00000000
core   0: 0x8000db70 (0x00000352) c.slli  t1, 20
core   0: 3 0x8000db70 (0x0352) x 6 0x01f00000
core   0: 0x8000db72 (0x01a6a1b3) slt     gp, a3, s10
core   0: 3 0x8000db72 (0x01a6a1b3) x 3 0x00000000
core   0: 0x8000db76 (0x00008eaa) c.mv    t4, a0
core   0: 3 0x8000db76 (0x8eaa) x29 0xffff22c1
core   0: 0x8000db78 (0x0000717d) c.addi16sp sp, -16
core   0: 3 0x8000db78 (0x717d) x 2 0xfffffff1
core   0: 0x8000db7a (0x00001680) c.addi4spn s0, sp, 864
core   0: 3 0x8000db7a (0x1680) x 8 0x00000351
core   0: 0x8000db7c (0x00000001) c.nop
core   0: 3 0x8000db7c (0x0001)
core   0: 0x8000db7e (0x00000001) c.nop
core   0: 3 0x8000db7e (0x0001)
core   0: 0x8000db80 (0x41490933) sub     s2, s2, s4
core   0: 3 0x8000db80 (0x41490933) x18 0xfffe4409
core   0: 0x8000db84 (0x03504db3) div     s11, zero, s5
core   0: 3 0x8000db84 (0x03504db3) x27 0x00000000
core   0: 0x8000db88 (0x00001e7d) c.addi  t3, -1
core   0: 3 0x8000db88 (0x1e7d) x28 0xf92afdba
core   0: 0x8000db8a (0x6052a813) slti    a6, t0, 1541
core   0: 3 0x8000db8a (0x6052a813) x16 0x00000001
core   0: 0x8000db8e (0x03751363) bne     a0, s7, pc + 38
core   0: 3 0x8000db8e (0x03751363)
core   0: 0x8000dbb4 (0xaf0dfa13) andi    s4, s11, -1296
core   0: 3 0x8000dbb4 (0xaf0dfa13) x20 0x00000000
core   0: 0x8000dbb8 (0x00349413) slli    s0, s1, 3
core   0: 3 0x8000dbb8 (0x00349413) x 8 0x00000000
core   0: 0x8000dbbc (0x038afa33) remu    s4, s5, s8
core   0: 3 0x8000dbbc (0x038afa33) x20 0x00002d21
core   0: 0x8000dbc0 (0xb151b993) sltiu   s3, gp, -1259
core   0: 3 0x8000dbc0 (0xb151b993) x19 0x00000001
core   0: 0x8000dbc4 (0x020836b3) mulhu   a3, a6, zero
core   0: 3 0x8000dbc4 (0x020836b3) x13 0x00000000
core   0: 0x8000dbc8 (0x000001c6) c.slli  gp, 17
core   0: 3 0x8000dbc8 (0x01c6) x 3 0x00000000
core   0: 0x8000dbca (0x0000eb85) c.bnez  a5, pc + 48
core   0: 3 0x8000dbca (0xeb85)
core   0: 0x8000dbfa (0x07743393) sltiu   t2, s0, 119
core   0: 3 0x8000dbfa (0x07743393) x 7 0x00000001
core   0: 0x8000dbfe (0x0ff0000f) fence   iorw,iorw
core   0: 3 0x8000dbfe (0x0ff0000f)
core   0: 0x8000dc02 (0x00001dfd) c.addi  s11, -1
core   0: 3 0x8000dc02 (0x1dfd) x27 0xffffffff
core   0: 0x8000dc04 (0x7630f293) andi    t0, ra, 1891
core   0: 3 0x8000dc04 (0x7630f293) x 5 0x00000001
core   0: 0x8000dc08 (0x00008d3d) c.xor   a0, a5
core   0: 3 0x8000dc08 (0x8d3d) x10 0x4b36386b
core   0: 0x8000dc0a (0x00008cc5) c.or    s1, s1
core   0: 3 0x8000dc0a (0x8cc5) x 9 0x00000000
core   0: 0x8000dc0c (0x00000001) c.nop
core   0: 3 0x8000dc0c (0x0001)
core   0: 0x8000dc0e (0x000099fd) c.andi  a1, -1
core   0: 3 0x8000dc0e (0x99fd) x11 0xffffffbc
core   0: 0x8000dc10 (0x71d3b813) sltiu   a6, t2, 1821
core   0: 3 0x8000dc10 (0x71d3b813) x16 0x00000001
core   0: 0x8000dc14 (0x00008da1) c.xor   a1, s0
core   0: 3 0x8000dc14 (0x8da1) x11 0xffffffbc
core   0: 0x8000dc16 (0x00c86ab3) or      s5, a6, a2
core   0: 3 0x8000dc16 (0x00c86ab3) x21 0x00000001
core   0: 0x8000dc1a (0x0000100f) fence.i
core   0: 3 0x8000dc1a (0x0000100f)
core   0: 0x8000dc1e (0x03a56fb3) rem     t6, a0, s10
core   0: 3 0x8000dc1e (0x03a56fb3) x31 0x4b36386b
core   0: 0x8000dc22 (0x0000e499) c.bnez  s1, pc + 14
core   0: 3 0x8000dc22 (0xe499)
core   0: 0x8000dc24 (0x5dc23393) sltiu   t2, tp, 1500
core   0: 3 0x8000dc24 (0x5dc23393) x 7 0x00000001
core   0: 0x8000dc28 (0x000a87b3) add     a5, s5, zero
core   0: 3 0x8000dc28 (0x000a87b3) x15 0x00000001
core   0: 0x8000dc2c (0x03722033) mulhsu  zero, tp, s7
core   0: 3 0x8000dc2c (0x03722033)
core   0: 0x8000dc30 (0x04859063) bne     a1, s0, pc + 64
core   0: 3 0x8000dc30 (0x04859063)
core   0: 0x8000dc70 (0x000009b2) c.slli  s3, 12
core   0: 3 0x8000dc70 (0x09b2) x19 0x00001000
core   0: 0x8000dc72 (0x69784093) xori    ra, a6, 1687
core   0: 3 0x8000dc72 (0x69784093) x 1 0x00000696
core   0: 0x8000dc76 (0x00a0b633) sltu    a2, ra, a0
core   0: 3 0x8000dc76 (0x00a0b633) x12 0x00000001
core   0: 0x8000dc7a (0x03d0e4b3) rem     s1, ra, t4
core   0: 3 0x8000dc7a (0x03d0e4b3) x 9 0x00000696
core   0: 0x8000dc7e (0x00000001) c.nop
core   0: 3 0x8000dc7e (0x0001)
core   0: 0x8000dc80 (0x04a3d063) bge     t2, a0, pc + 64
core   0: 3 0x8000dc80 (0x04a3d063)
core   0: 0x8000dc84 (0xf9552f13) slti    t5, a0, -107
core   0: 3 0x8000dc84 (0xf9552f13) x30 0x00000000
core   0: 0x8000dc88 (0x02109463) bne     ra, ra, pc + 40
core   0: 3 0x8000dc88 (0x02109463)
core   0: 0x8000dc8c (0x02c59d63) bne     a1, a2, pc + 58
core   0: 3 0x8000dc8c (0x02c59d63)
core   0: 0x8000dcc6 (0x02ce0b33) mul     s6, t3, a2
core   0: 3 0x8000dcc6 (0x02ce0b33) x22 0xf92afdba
core   0: 0x8000dcca (0x0000e41d) c.bnez  s0, pc + 46
core   0: 3 0x8000dcca (0xe41d)
core   0: 0x8000dccc (0xa1f07e93) andi    t4, zero, -1505
core   0: 3 0x8000dccc (0xa1f07e93) x29 0x00000000
core   0: 0x8000dcd0 (0x36ccf913) andi    s2, s9, 876
core   0: 3 0x8000dcd0 (0x36ccf913) x18 0x00000000
core   0: 0x8000dcd4 (0x0000717d) c.addi16sp sp, -16
core   0: 3 0x8000dcd4 (0x717d) x 2 0xffffffe1
core   0: 0x8000dcd6 (0x039f4fb3) div     t6, t5, s9
core   0: 3 0x8000dcd6 (0x039f4fb3) x31 0x00000000
core   0: 0x8000dcda (0x00009bce) c.add   s7, s3
core   0: 3 0x8000dcda (0x9bce) x23 0x53eff000
core   0: 0x8000dcdc (0x017dbd33) sltu    s10, s11, s7
core   0: 3 0x8000dcdc (0x017dbd33) x26 0x00000000
core   0: 0x8000dce0 (0x00008e11) c.sub   a2, a2
core   0: 3 0x8000dce0 (0x8e11) x12 0x00000000
core   0: 0x8000dce2 (0x01570b33) add     s6, a4, s5
core   0: 3 0x8000dce2 (0x01570b33) x22 0x80029ce5
core   0: 0x8000dce6 (0x0376d663) bge     a3, s7, pc + 44
core   0: 3 0x8000dce6 (0x0376d663)
core   0: 0x8000dcea (0x03227633) remu    a2, tp, s2
core   0: 3 0x8000dcea (0x03227633) x12 0x000000c5
core   0: 0x8000dcee (0x012e75b3) and     a1, t3, s2
core   0: 3 0x8000dcee (0x012e75b3) x11 0x00000000
core   0: 0x8000dcf2 (0x029cb6b3) mulhu   a3, s9, s1
core   0: 3 0x8000dcf2 (0x029cb6b3) x13 0x0000034b
core   0: 0x8000dcf6 (0x0000557d) c.li    a0, -1
core   0: 3 0x8000dcf6 (0x557d) x10 0xffffffff
core   0: 0x8000dcf8 (0x02e394b3) mulh    s1, t2, a4
core   0: 3 0x8000dcf8 (0x02e394b3) x 9 0xffffffff
core   0: 0x8000dcfc (0x0000029a) c.slli  t0, 6
core   0: 3 0x8000dcfc (0x029a) x 5 0x00000040
core   0: 0x8000dcfe (0x398a3c13) sltiu   s8, s4, 920
core   0: 3 0x8000dcfe (0x398a3c13) x24 0x00000000
core   0: 0x8000dd02 (0x8ddc2f93) slti    t6, s8, -1827
core   0: 3 0x8000dd02 (0x8ddc2f93) x31 0x00000000
core   0: 0x8000dd06 (0x0ff0000f) fence   iorw,iorw
core   0: 3 0x8000dd06 (0x0ff0000f)
core   0: 0x8000dd0a (0x00008d25) c.xor   a0, s1
core   0: 3 0x8000dd0a (0x8d25) x10 0x00000000
core   0: 0x8000dd0c (0x00006dad) c.lui   s11, 0xb
core   0: 3 0x8000dd0c (0x6dad) x27 0x0000b000
core   0: 0x8000dd0e (0x03c796b3) mulh    a3, a5, t3
core   0: 3 0x8000dd0e (0x03c796b3) x13 0xffffffff
core   0: 0x8000dd12 (0x00008eae) c.mv    t4, a1
core   0: 3 0x8000dd12 (0x8eae) x29 0x00000000
core   0: 0x8000dd14 (0x029cec63) bltu    s9, s1, pc + 56
core   0: 3 0x8000dd14 (0x029cec63)
core   0: 0x8000dd4c (0x8200e817) auipc   a6, 0x8200e
core   0: 3 0x8000dd4c (0x8200e817) x16 0x0201bd4c
core   0: 0x8000dd50 (0x40215f33) sra     t5, sp, sp
core   0: 3 0x8000dd50 (0x40215f33) x30 0xfffffff0
core   0: 0x8000dd54 (0x0000cc89) c.beqz  s1, pc + 26
core   0: 3 0x8000dd54 (0xcc89)
core   0: 0x8000dd56 (0x002c7c63) bgeu    s8, sp, pc + 24
core   0: 3 0x8000dd56 (0x002c7c63)
core   0: 0x8000dd5a (0x00000001) c.nop
core   0: 3 0x8000dd5a (0x0001)
core   0: 0x8000dd5c (0x00004569) c.li    a0, 26
core   0: 3 0x8000dd5c (0x4569) x10 0x0000001a
core   0: 0x8000dd5e (0x01fb3e33) sltu    t3, s6, t6
core   0: 3 0x8000dd5e (0x01fb3e33) x28 0x00000000
core   0: 0x8000dd62 (0x0000e3a9) c.bnez  a5, pc + 66
core   0: 3 0x8000dd62 (0xe3a9)
core   0: 0x8000dda4 (0x0000717d) c.addi16sp sp, -16
core   0: 3 0x8000dda4 (0x717d) x 2 0xffffffd1
core   0: 0x8000dda6 (0x0000892d) c.andi  a0, 11
core   0: 3 0x8000dda6 (0x892d) x10 0x0000000a
core   0: 0x8000dda8 (0x005b1f13) slli    t5, s6, 5
core   0: 3 0x8000dda8 (0x005b1f13) x30 0x00539ca0
core   0: 0x8000ddac (0x037b0933) mul     s2, s6, s7
core   0: 3 0x8000ddac (0x037b0933) x18 0x2be1b000
core   0: 0x8000ddb0 (0x00008c0d) c.sub   s0, a1
core   0: 3 0x8000ddb0 (0x8c0d) x 8 0x00000000
core   0: 0x8000ddb2 (0x018d6033) or      zero, s10, s8
core   0: 3 0x8000ddb2 (0x018d6033)
core   0: 0x8000ddb6 (0x00000001) c.nop
core   0: 3 0x8000ddb6 (0x0001)
core   0: 0x8000ddb8 (0x5eddba97) auipc   s5, 0x5eddb
core   0: 3 0x8000ddb8 (0x5eddba97) x21 0xdede8db8
core   0: 0x8000ddbc (0x00008106) c.mv    sp, ra
core   0: 3 0x8000ddbc (0x8106) x 2 0x00000696
core   0: 0x8000ddbe (0x07565563) bge     a2, s5, pc + 106
core   0: 3 0x8000ddbe (0x07565563)
core   0: 0x8000de28 (0x00008c4d) c.or    s0, a1
core   0: 3 0x8000de28 (0x8c4d) x 8 0x00000000
core   0: 0x8000de2a (0x038b4f63) blt     s6, s8, pc + 62
core   0: 3 0x8000de2a (0x038b4f63)
core   0: 0x8000de68 (0x00009f42) c.add   t5, a6
core   0: 3 0x8000de68 (0x9f42) x30 0x025559ec
core   0: 0x8000de6a (0x25c60593) addi    a1, a2, 604
core   0: 3 0x8000de6a (0x25c60593) x11 0x00000321
core   0: 0x8000de6e (0x00c10433) add     s0, sp, a2
core   0: 3 0x8000de6e (0x00c10433) x 8 0x0000075b
core   0: 0x8000de72 (0x026ab333) mulhu   t1, s5, t1
core   0: 3 0x8000de72 (0x026ab333) x 6 0x01afcf32
core   0: 0x8000de76 (0x44134337) lui     t1, 0x44134
core   0: 3 0x8000de76 (0x44134337) x 6 0x44134000
core   0: 0x8000de7a (0x00000001) c.nop
core   0: 3 0x8000de7a (0x0001)
core   0: 0x8000de7c (0x0000864a) c.mv    a2, s2
core   0: 3 0x8000de7c (0x864a) x12 0x2be1b000
core   0: 0x8000de7e (0x00352b33) slt     s6, a0, gp
core   0: 3 0x8000de7e (0x00352b33) x22 0x00000000
core   0: 0x8000de82 (0x00008989) c.andi  a1, 2
core   0: 3 0x8000de82 (0x8989) x11 0x00000000
core   0: 0x8000de84 (0x0000ea05) c.bnez  a2, pc + 48
core   0: 3 0x8000de84 (0xea05)
core   0: 0x8000deb4 (0x024ae763) bltu    s5, tp, pc + 46
core   0: 3 0x8000deb4 (0x024ae763)
core   0: 0x8000deb8 (0x0000614d) c.addi16sp sp, 176
core   0: 3 0x8000deb8 (0x614d) x 2 0x00000746
core   0: 0x8000deba (0x00000842) c.slli  a6, 16
core   0: 3 0x8000deba (0x0842) x16 0xbd4c0000
core   0: 0x8000debc (0x41c30933) sub     s2, t1, t3
core   0: 3 0x8000debc (0x41c30933) x18 0x44134000
core   0: 0x8000dec0 (0x00abeeb3) or      t4, s7, a0
core   0: 3 0x8000dec0 (0x00abeeb3) x29 0x53eff00a
core   0: 0x8000dec4 (0x03aeb4b3) mulhu   s1, t4, s10
core   0: 3 0x8000dec4 (0x03aeb4b3) x 9 0x00000000
core   0: 0x8000dec8 (0x00000001) c.nop
core   0: 3 0x8000dec8 (0x0001)
core   0: 0x8000deca (0x0000717d) c.addi16sp sp, -16
core   0: 3 0x8000deca (0x717d) x 2 0x00000736
core   0: 0x8000decc (0x40908433) sub     s0, ra, s1
core   0: 3 0x8000decc (0x40908433) x 8 0x00000696
core   0: 0x8000ded0 (0x77181217) auipc   tp, 0x77181
core   0: 3 0x8000ded0 (0x77181217) x 4 0xf718eed0
core   0: 0x8000ded4 (0x028940b3) div     ra, s2, s0
core   0: 3 0x8000ded4 (0x028940b3) x 1 0x000a5621
core   0: 0x8000ded8 (0x008039b3) snez    s3, s0
core   0: 3 0x8000ded8 (0x008039b3) x19 0x00000001
core   0: 0x8000dedc (0x00006ae9) c.lui   s5, 0x1a
core   0: 3 0x8000dedc (0x6ae9) x21 0x0001a000
core   0: 0x8000dede (0x02042133) mulhsu  sp, s0, zero
core   0: 3 0x8000dede (0x02042133) x 2 0x00000000
core   0: 0x8000dee2 (0x02f40eb3) mul     t4, s0, a5
core   0: 3 0x8000dee2 (0x02f40eb3) x29 0x00000696
core   0: 0x8000dee6 (0x63b53b93) sltiu   s7, a0, 1595
core   0: 3 0x8000dee6 (0x63b53b93) x23 0x00000001
core   0: 0x8000deea (0x00006651) c.lui   a2, 0x14
core   0: 3 0x8000deea (0x6651) x12 0x00014000
core   0: 0x8000deec (0x00004179) c.li    sp, 30
core   0: 3 0x8000deec (0x4179) x 2 0x0000001e
core   0: 0x8000deee (0x0000c681) c.beqz  a3, pc + 8
core   0: 3 0x8000deee (0xc681)
core   0: 0x8000def0 (0x41db8eb3) sub     t4, s7, t4
core   0: 3 0x8000def0 (0x41db8eb3) x29 0xfffff96b
core   0: 0x8000def4 (0x00009316) c.add   t1, t0
core   0: 3 0x8000def4 (0x9316) x 6 0x44134040
core   0: 0x8000def6 (0x0049d463) bge     s3, tp, pc + 8
core   0: 3 0x8000def6 (0x0049d463)
core   0: 0x8000defe (0x0000100f) fence.i
core   0: 3 0x8000defe (0x0000100f)
core   0: 0x8000df02 (0x40345c33) sra     s8, s0, gp
core   0: 3 0x8000df02 (0x40345c33) x24 0x00000696
core   0: 0x8000df06 (0x01005c13) srli    s8, zero, 16
core   0: 3 0x8000df06 (0x01005c13) x24 0x00000000
core   0: 0x8000df0a (0x01c4d393) srli    t2, s1, 28
core   0: 3 0x8000df0a (0x01c4d393) x 7 0x00000000
core   0: 0x8000df0e (0x00000306) c.slli  t1, 1
core   0: 3 0x8000df0e (0x0306) x 6 0x88268080
core   0: 0x8000df10 (0x00006129) c.addi16sp sp, 192
core   0: 3 0x8000df10 (0x6129) x 2 0x000000de
core   0: 0x8000df12 (0x0000ce11) c.beqz  a2, pc + 28
core   0: 3 0x8000df12 (0xce11)
core   0: 0x8000df14 (0x0000895d) c.andi  a0, 23
core   0: 3 0x8000df14 (0x895d) x10 0x00000002
core   0: 0x8000df16 (0x00000001) c.nop
core   0: 3 0x8000df16 (0x0001)
core   0: 0x8000df18 (0x0288ee33) rem     t3, a7, s0
core   0: 3 0x8000df18 (0x0288ee33) x28 0xffffffc6
core   0: 0x8000df1c (0x40995333) sra     t1, s2, s1
core   0: 3 0x8000df1c (0x40995333) x 6 0x44134000
core   0: 0x8000df20 (0x038196b3) mulh    a3, gp, s8
core   0: 3 0x8000df20 (0x038196b3) x13 0x00000000
core   0: 0x8000df24 (0x00008ee5) c.and   a3, s1
core   0: 3 0x8000df24 (0x8ee5) x13 0x00000000
core   0: 0x8000df26 (0x00232f33) slt     t5, t1, sp
core   0: 3 0x8000df26 (0x00232f33) x30 0x00000000
core   0: 0x8000df2a (0x870e3ab7) lui     s5, 0x870e3
core   0: 3 0x8000df2a (0x870e3ab7) x21 0x870e3000
core   0: 0x8000df2e (0x03ae6a63) bltu    t3, s10, pc + 52
core   0: 3 0x8000df2e (0x03ae6a63)
core   0: 0x8000df32 (0x00000001) c.nop
core   0: 3 0x8000df32 (0x0001)
core   0: 0x8000df34 (0x00009f66) c.add   t5, s9
core   0: 3 0x8000df34 (0x9f66) x30 0x80000000
core   0: 0x8000df36 (0x00cc5e33) srl     t3, s8, a2
core   0: 3 0x8000df36 (0x00cc5e33) x28 0x00000000
core   0: 0x8000df3a (0x0000e591) c.bnez  a1, pc + 12
core   0: 3 0x8000df3a (0xe591)
core   0: 0x8000df3c (0x01e6dab3) srl     s5, a3, t5
core   0: 3 0x8000df3c (0x01e6dab3) x21 0x00000000
core   0: 0x8000df40 (0x00008c06) c.mv    s8, ra
core   0: 3 0x8000df40 (0x8c06) x24 0x000a5621
core   0: 0x8000df42 (0x4055dd13) srai    s10, a1, 5
core   0: 3 0x8000df42 (0x4055dd13) x26 0x00000000
core   0: 0x8000df46 (0x00006bfd) c.lui   s7, 0x1f
core   0: 3 0x8000df46 (0x6bfd) x23 0x0001f000
core   0: 0x8000df48 (0x001d57b3) srl     a5, s10, ra
core   0: 3 0x8000df48 (0x001d57b3) x15 0x00000000
core   0: 0x8000df4c (0x00008d39) c.xor   a0, a4
core   0: 3 0x8000df4c (0x8d39) x10 0x80029ce6
core   0: 0x8000df4e (0x02fc8b33) mul     s6, s9, a5
core   0: 3 0x8000df4e (0x02fc8b33) x22 0x00000000
core   0: 0x8000df52 (0x00008c31) c.xor   s0, a2
core   0: 3 0x8000df52 (0x8c31) x 8 0x00014696
core   0: 0x8000df54 (0x0ff0000f) fence   iorw,iorw
core   0: 3 0x8000df54 (0x0ff0000f)
core   0: 0x8000df58 (0x0000cf81) c.beqz  a5, pc + 24
core   0: 3 0x8000df58 (0xcf81)
core   0: 0x8000df70 (0x00001d88) c.addi4spn a0, sp, 752
core   0: 3 0x8000df70 (0x1d88) x10 0x000003ce
core   0: 0x8000df72 (0x000083cd) c.srli  a5, 19
core   0: 3 0x8000df72 (0x83cd) x15 0x00000000
core   0: 0x8000df74 (0x02199c63) bne     s3, ra, pc + 56
core   0: 3 0x8000df74 (0x02199c63)
core   0: 0x8000dfac (0x18b97c13) andi    s8, s2, 395
core   0: 3 0x8000dfac (0x18b97c13) x24 0x00000000
core   0: 0x8000dfb0 (0x01469993) slli    s3, a3, 20
core   0: 3 0x8000dfb0 (0x01469993) x19 0x00000000
core   0: 0x8000dfb4 (0x00da4863) blt     s4, a3, pc + 16
core   0: 3 0x8000dfb4 (0x00da4863)
core   0: 0x8000dfb8 (0x00008e45) c.or    a2, s1
core   0: 3 0x8000dfb8 (0x8e45) x12 0x00014000
core   0: 0x8000dfba (0x00008de5) c.and   a1, s1
core   0: 3 0x8000dfba (0x8de5) x11 0x00000000
core   0: 0x8000dfbc (0x03b45e63) bge     s0, s11, pc + 60
core   0: 3 0x8000dfbc (0x03b45e63)
core   0: 0x8000dff8 (0x00792ab3) slt     s5, s2, t2
core   0: 3 0x8000dff8 (0x00792ab3) x21 0x00000000
core   0: 0x8000dffc (0x0000414d) c.li    sp, 19
core   0: 3 0x8000dffc (0x414d) x 2 0x00000013
core   0: 0x8000dffe (0x006a6d33) or      s10, s4, t1
core   0: 3 0x8000dffe (0x006a6d33) x26 0x44136d21
core   0: 0x8000e002 (0x0239b6b3) mulhu   a3, s3, gp
core   0: 3 0x8000e002 (0x0239b6b3) x13 0x00000000
core   0: 0x8000e006 (0x03089eb3) mulh    t4, a7, a6
core   0: 3 0x8000e006 (0x03089eb3) x29 0x21596206
core   0: 0x8000e00a (0x0368a933) mulhsu  s2, a7, s6
core   0: 3 0x8000e00a (0x0368a933) x18 0x00000000
core   0: 0x8000e00e (0x00d3f6b3) and     a3, t2, a3
core   0: 3 0x8000e00e (0x00d3f6b3) x13 0x00000000
core   0: 0x8000e012 (0x404693b7) lui     t2, 0x40469
core   0: 3 0x8000e012 (0x404693b7) x 7 0x40469000
core   0: 0x8000e016 (0x0568f163) bgeu    a7, s6, pc + 66
core   0: 3 0x8000e016 (0x0568f163)
core   0: 0x8000e058 (0x400d06b3) sub     a3, s10, zero
core   0: 3 0x8000e058 (0x400d06b3) x13 0x44136d21
core   0: 0x8000e05c (0x00000001) c.nop
core   0: 3 0x8000e05c (0x0001)
core   0: 0x8000e05e (0x70d56d93) ori     s11, a0, 1805
core   0: 3 0x8000e05e (0x70d56d93) x27 0x000007cf
core   0: 0x8000e062 (0x982e3993) sltiu   s3, t3, -1662
core   0: 3 0x8000e062 (0x982e3993) x19 0x00000001
core   0: 0x8000e066 (0x036e52b3) divu    t0, t3, s6
core   0: 3 0x8000e066 (0x036e52b3) x 5 0xffffffff
core   0: 0x8000e06a (0x00012117) auipc   sp, 0x12
core   0: 3 0x8000e06a (0x00012117) x 2 0x8002006a
core   0: 0x8000e06e (0xe1010113) addi    sp, sp, -496
core   0: 3 0x8000e06e (0xe1010113) x 2 0x8001fe7a
core   0: 0x8000e072 (0xff310ba3) sb      s3, -9(sp)
core   0: 3 0x8000e072 (0xff310ba3) mem 0x8001fe71 0x1
core   0: 0x8000e076 (0x00f11323) sh      a5, 6(sp)
core   0: 3 0x8000e076 (0x00f11323) mem 0x8001fe80 0x0000
core   0: 0x8000e07a (0x01411323) sh      s4, 6(sp)
core   0: 3 0x8000e07a (0x01411323) mem 0x8001fe80 0x2d21
core   0: 0x8000e07e (0xf8bc7213) andi    tp, s8, -117
core   0: 3 0x8000e07e (0xf8bc7213) x 4 0x00000000
core   0: 0x8000e082 (0x00a11603) lh      a2, 10(sp)
core   0: 3 0x8000e082 (0x00a11603) x12 0xffff9358 mem 0x8001fe84
core   0: 0x8000e086 (0x417a8e33) sub     t3, s5, s7
core   0: 3 0x8000e086 (0x417a8e33) x28 0xfffe1000
core   0: 0x8000e08a (0xff015d03) lhu     s10, -16(sp)
core   0: 3 0x8000e08a (0xff015d03) x26 0x00007e8e mem 0x8001fe6a
core   0: 0x8000e08e (0x00f6b233) sltu    tp, a3, a5
core   0: 3 0x8000e08e (0x00f6b233) x 4 0x00000000
core   0: 0x8000e092 (0xff011b03) lh      s6, -16(sp)
core   0: 3 0x8000e092 (0xff011b03) x22 0x00007e8e mem 0x8001fe6a
core   0: 0x8000e096 (0xfeb11823) sh      a1, -16(sp)
core   0: 3 0x8000e096 (0xfeb11823) mem 0x8001fe6a 0x0000
core   0: 0x8000e09a (0x00215183) lhu     gp, 2(sp)
core   0: 3 0x8000e09a (0x00215183) x 3 0x00009912 mem 0x8001fe7c
core   0: 0x8000e09e (0xff314803) lbu     a6, -13(sp)
core   0: 3 0x8000e09e (0xff314803) x16 0x000000f4 mem 0x8001fe6d
core   0: 0x8000e0a2 (0x01212323) sw      s2, 6(sp)
core   0: 3 0x8000e0a2 (0x01212323) mem 0x8001fe80 0x00000000
core   0: 0x8000e0a6 (0x32358813) addi    a6, a1, 803
core   0: 3 0x8000e0a6 (0x32358813) x16 0x00000323
core   0: 0x8000e0aa (0x0131f233) and     tp, gp, s3
core   0: 3 0x8000e0aa (0x0131f233) x 4 0x00000000
core   0: 0x8000e0ae (0x00012323) sw      zero, 6(sp)
core   0: 3 0x8000e0ae (0x00012323) mem 0x8001fe80 0x00000000
core   0: 0x8000e0b2 (0x00614583) lbu     a1, 6(sp)
core   0: 3 0x8000e0b2 (0x00614583) x11 0x00000000 mem 0x8001fe80
core   0: 0x8000e0b6 (0x00811f83) lh      t6, 8(sp)
core   0: 3 0x8000e0b6 (0x00811f83) x31 0x00000000 mem 0x8001fe82
core   0: 0x8000e0ba (0xff415803) lhu     a6, -12(sp)
core   0: 3 0x8000e0ba (0xff415803) x16 0x0000b430 mem 0x8001fe6e
core   0: 0x8000e0be (0xff411603) lh      a2, -12(sp)
core   0: 3 0x8000e0be (0xff411603) x12 0xffffb430 mem 0x8001fe6e
core   0: 0x8000e0c2 (0x007337b3) sltu    a5, t1, t2
core   0: 3 0x8000e0c2 (0x007337b3) x15 0x00000000
core   0: 0x8000e0c6 (0xff7108a3) sb      s7, -15(sp)
core   0: 3 0x8000e0c6 (0xff7108a3) mem 0x8001fe6b 0x0
core   0: 0x8000e0ca (0x011672b3) and     t0, a2, a7
core   0: 3 0x8000e0ca (0x011672b3) x 5 0x80021400
core   0: 0x8000e0ce (0xff114503) lbu     a0, -15(sp)
core   0: 3 0x8000e0ce (0xff114503) x10 0x00000000 mem 0x8001fe6b
core   0: 0x8000e0d2 (0x000083c5) c.srli  a5, 17
core   0: 3 0x8000e0d2 (0x83c5) x15 0x00000000
core   0: 0x8000e0d4 (0x039beeb3) rem     t4, s7, s9
core   0: 3 0x8000e0d4 (0x039beeb3) x29 0x0001f000
core   0: 0x8000e0d8 (0x00000bf5) c.addi  s7, 29
core   0: 3 0x8000e0d8 (0x0bf5) x23 0x0001f01d
core   0: 0x8000e0da (0x07113813) sltiu   a6, sp, 113
core   0: 3 0x8000e0da (0x07113813) x16 0x00000000
core   0: 0x8000e0de (0x0000717d) c.addi16sp sp, -16
core   0: 3 0x8000e0de (0x717d) x 2 0x8001fe6a
core   0: 0x8000e0e0 (0x00008b6e) c.mv    s6, s11
core   0: 3 0x8000e0e0 (0x8b6e) x22 0x000007cf
core   0: 0x8000e0e2 (0x00006151) c.addi16sp sp, 272
core   0: 3 0x8000e0e2 (0x6151) x 2 0x8001ff7a
core   0: 0x8000e0e4 (0xe0654293) xori    t0, a0, -506
core   0: 3 0x8000e0e4 (0xe0654293) x 5 0xfffffe06
core   0: 0x8000e0e8 (0x000c43b3) xor     t2, s8, zero
core   0: 3 0x8000e0e8 (0x000c43b3) x 7 0x00000000
core   0: 0x8000e0ec (0x01104563) blt     zero, a7, pc + 10
core   0: 3 0x8000e0ec (0x01104563)
core   0: 0x8000e0f0 (0x67153397) auipc   t2, 0x67153
core   0: 3 0x8000e0f0 (0x67153397) x 7 0xe71610f0
core   0: 0x8000e0f4 (0x000057fd) c.li    a5, -1
core   0: 3 0x8000e0f4 (0x57fd) x15 0xffffffff
core   0: 0x8000e0f6 (0x0000537d) c.li    t1, -1
core   0: 3 0x8000e0f6 (0x537d) x 6 0xffffffff
core   0: 0x8000e0f8 (0x002c9313) slli    t1, s9, 2
core   0: 3 0x8000e0f8 (0x002c9313) x 6 0x00000000
core   0: 0x8000e0fc (0x6f527a37) lui     s4, 0x6f527
core   0: 3 0x8000e0fc (0x6f527a37) x20 0x6f527000
core   0: 0x8000e100 (0x0333a233) mulhsu  tp, t2, s3
core   0: 3 0x8000e100 (0x0333a233) x 4 0xffffffff
core   0: 0x8000e104 (0x00000001) c.nop
core   0: 3 0x8000e104 (0x0001)
core   0: 0x8000e106 (0x00000001) c.nop
core   0: 3 0x8000e106 (0x0001)
core   0: 0x8000e108 (0x00000001) c.nop
core   0: 3 0x8000e108 (0x0001)
core   0: 0x8000e10a (0x00008a3e) c.mv    s4, a5
core   0: 3 0x8000e10a (0x8a3e) x20 0xffffffff
core   0: 0x8000e10c (0x000084cd) c.srai  s1, 19
core   0: 3 0x8000e10c (0x84cd) x 9 0x00000000
core   0: 0x8000e10e (0x0000819d) c.srli  a1, 7
core   0: 3 0x8000e10e (0x819d) x11 0x00000000
core   0: 0x8000e110 (0x021dafb3) mulhsu  t6, s11, ra
core   0: 3 0x8000e110 (0x021dafb3) x31 0x00000000
core   0: 0x8000e114 (0x00001d84) c.addi4spn s1, sp, 752
core   0: 3 0x8000e114 (0x1d84) x 9 0x8002026a
core   0: 0x8000e116 (0x00008fed) c.and   a5, a1
core   0: 3 0x8000e116 (0x8fed) x15 0x00000000
core   0: 0x8000e118 (0x000063fd) c.lui   t2, 0x1f
core   0: 3 0x8000e118 (0x63fd) x 7 0x0001f000
core   0: 0x8000e11a (0x00484863) blt     a6, tp, pc + 16
core   0: 3 0x8000e11a (0x00484863)
core   0: 0x8000e11e (0x00008ca1) c.xor   s1, s0
core   0: 3 0x8000e11e (0x8ca1) x 9 0x800344fc
core   0: 0x8000e120 (0x002aef33) or      t5, s5, sp
core   0: 3 0x8000e120 (0x002aef33) x30 0x8001ff7a
core   0: 0x8000e124 (0x0000855d) c.srai  a0, 23
core   0: 3 0x8000e124 (0x855d) x10 0x00000000
core   0: 0x8000e126 (0xb2c34413) xori    s0, t1, -1236
core   0: 3 0x8000e126 (0xb2c34413) x 8 0xfffffb2c
core   0: 0x8000e12a (0x0000100f) fence.i
core   0: 3 0x8000e12a (0x0000100f)
core   0: 0x8000e12e (0x02015963) bgez    sp, pc + 50
core   0: 3 0x8000e12e (0x02015963)
core   0: 0x8000e132 (0x00e85b93) srli    s7, a6, 14
core   0: 3 0x8000e132 (0x00e85b93) x23 0x00000000
core   0: 0x8000e136 (0x1be4f6b7) lui     a3, 0x1be4f
core   0: 3 0x8000e136 (0x1be4f6b7) x13 0x1be4f000
core   0: 0x8000e13a (0x00008dd9) c.or    a1, a4
core   0: 3 0x8000e13a (0x8dd9) x11 0x80029ce4
core   0: 0x8000e13c (0x00009bfd) c.andi  a5, -1
core   0: 3 0x8000e13c (0x9bfd) x15 0x00000000
core   0: 0x8000e13e (0x035ce9b3) rem     s3, s9, s5
core   0: 3 0x8000e13e (0x035ce9b3) x19 0x80000000
core   0: 0x8000e142 (0x02d3c633) div     a2, t2, a3
core   0: 3 0x8000e142 (0x02d3c633) x12 0x00000000
core   0: 0x8000e146 (0x0000e69d) c.bnez  a3, pc + 46
core   0: 3 0x8000e146 (0xe69d)
core   0: 0x8000e174 (0x026e9763) bne     t4, t1, pc + 46
core   0: 3 0x8000e174 (0x026e9763)
core   0: 0x8000e1a2 (0x00008f8d) c.sub   a5, a1
core   0: 3 0x8000e1a2 (0x8f8d) x15 0x7ffd631c
core   0: 0x8000e1a4 (0x0ff0000f) fence   iorw,iorw
core   0: 3 0x8000e1a4 (0x0ff0000f)
core   0: 0x8000e1a8 (0x00a1b0b3) sltu    ra, gp, a0
core   0: 3 0x8000e1a8 (0x00a1b0b3) x 1 0x00000000
core   0: 0x8000e1ac (0x00725993) srli    s3, tp, 7
core   0: 3 0x8000e1ac (0x00725993) x19 0x01ffffff
core   0: 0x8000e1b0 (0x03d51433) mulh    s0, a0, t4
core   0: 3 0x8000e1b0 (0x03d51433) x 8 0x00000000
core   0: 0x8000e1b4 (0xff7e7d93) andi    s11, t3, -9
core   0: 3 0x8000e1b4 (0xff7e7d93) x27 0xfffe1000
core   0: 0x8000e1b8 (0x0000c3a1) c.beqz  a5, pc + 64
core   0: 3 0x8000e1b8 (0xc3a1)
core   0: 0x8000e1ba (0x42c75bb7) lui     s7, 0x42c75
core   0: 3 0x8000e1ba (0x42c75bb7) x23 0x42c75000
core   0: 0x8000e1be (0x016325b3) slt     a1, t1, s6
core   0: 3 0x8000e1be (0x016325b3) x11 0x00000001
core   0: 0x8000e1c2 (0xd2a35d37) lui     s10, 0xd2a35
core   0: 3 0x8000e1c2 (0xd2a35d37) x26 0xd2a35000
core   0: 0x8000e1c6 (0x08e48093) addi    ra, s1, 142
core   0: 3 0x8000e1c6 (0x08e48093) x 1 0x8003458a
core   0: 0x8000e1ca (0x00e17333) and     t1, sp, a4
core   0: 3 0x8000e1ca (0x00e17333) x 6 0x80009c60
core   0: 0x8000e1ce (0x0123e2b3) or      t0, t2, s2
core   0: 3 0x8000e1ce (0x0123e2b3) x 5 0x0001f000
core   0: 0x8000e1d2 (0x41358933) sub     s2, a1, s3
core   0: 3 0x8000e1d2 (0x41358933) x18 0xfe000002
core   0: 0x8000e1d6 (0x0000ec89) c.bnez  s1, pc + 26
core   0: 3 0x8000e1d6 (0xec89)
core   0: 0x8000e1f0 (0x00009ef2) c.add   t4, t3
core   0: 3 0x8000e1f0 (0x9ef2) x29 0x00000000
core   0: 0x8000e1f2 (0x00001d14) c.addi4spn a3, sp, 688
core   0: 3 0x8000e1f2 (0x1d14) x13 0x8002022a
core   0: 0x8000e1f4 (0x037ad133) divu    sp, s5, s7
core   0: 3 0x8000e1f4 (0x037ad133) x 2 0x00000000
core   0: 0x8000e1f8 (0x00ead793) srli    a5, s5, 14
core   0: 3 0x8000e1f8 (0x00ead793) x15 0x00000000
core   0: 0x8000e1fc (0x7f87e493) ori     s1, a5, 2040
core   0: 3 0x8000e1fc (0x7f87e493) x 9 0x000007f8
core   0: 0x8000e200 (0x05579063) bne     a5, s5, pc + 64
core   0: 3 0x8000e200 (0x05579063)
core   0: 0x8000e204 (0x00008d71) c.and   a0, a2
core   0: 3 0x8000e204 (0x8d71) x10 0x00000000
core   0: 0x8000e206 (0x03e30063) beq     t1, t5, pc + 32
core   0: 3 0x8000e206 (0x03e30063)
core   0: 0x8000e20a (0x02b7f4b3) remu    s1, a5, a1
core   0: 3 0x8000e20a (0x02b7f4b3) x 9 0x00000000
core   0: 0x8000e20e (0x40050f33) sub     t5, a0, zero
core   0: 3 0x8000e20e (0x40050f33) x30 0x00000000
core   0: 0x8000e212 (0xc78c7793) andi    a5, s8, -904
core   0: 3 0x8000e212 (0xc78c7793) x15 0x00000000
core   0: 0x8000e216 (0x02ba70b3) remu    ra, s4, a1
core   0: 3 0x8000e216 (0x02ba70b3) x 1 0x00000000
core   0: 0x8000e21a (0x00009ad6) c.add   s5, s5
core   0: 3 0x8000e21a (0x9ad6) x21 0x00000000
core   0: 0x8000e21c (0x02d37a63) bgeu    t1, a3, pc + 52
core   0: 3 0x8000e21c (0x02d37a63)
core   0: 0x8000e220 (0x00008cf1) c.and   s1, a2
core   0: 3 0x8000e220 (0x8cf1) x 9 0x00000000
core   0: 0x8000e222 (0x02d64333) div     t1, a2, a3
core   0: 3 0x8000e222 (0x02d64333) x 6 0x00000000
core   0: 0x8000e226 (0x1b6a0397) auipc   t2, 0x1b6a0
core   0: 3 0x8000e226 (0x1b6a0397) x 7 0x9b6ae226
core   0: 0x8000e22a (0x00000dca) c.slli  s11, 18
core   0: 3 0x8000e22a (0x0dca) x27 0x40000000
core   0: 0x8000e22c (0x03cbd4b3) divu    s1, s7, t3
core   0: 3 0x8000e22c (0x03cbd4b3) x 9 0x00000000
core   0: 0x8000e230 (0x03994433) div     s0, s2, s9
core   0: 3 0x8000e230 (0x03994433) x 8 0x00000000
core   0: 0x8000e234 (0x03376d63) bltu    a4, s3, pc + 58
core   0: 3 0x8000e234 (0x03376d63)
core   0: 0x8000e238 (0x0326b833) mulhu   a6, a3, s2
core   0: 3 0x8000e238 (0x0326b833) x16 0x7f01fe26
core   0: 0x8000e23c (0x02da9133) mulh    sp, s5, a3
core   0: 3 0x8000e23c (0x02da9133) x 2 0x00000000
core   0: 0x8000e240 (0xd83a8f37) lui     t5, 0xd83a8
core   0: 3 0x8000e240 (0xd83a8f37) x30 0xd83a8000
core   0: 0x8000e244 (0x00000700) c.addi4spn s0, sp, 896
core   0: 3 0x8000e244 (0x0700) x 8 0x00000380
core   0: 0x8000e246 (0xed1fed93) ori     s11, t6, -303
core   0: 3 0x8000e246 (0xed1fed93) x27 0xfffffed1
core   0: 0x8000e24a (0x4149d213) srai    tp, s3, 20
core   0: 3 0x8000e24a (0x4149d213) x 4 0x0000001f
core   0: 0x8000e24e (0x00006315) c.lui   t1, 0x5
core   0: 3 0x8000e24e (0x6315) x 6 0x00005000
core   0: 0x8000e250 (0x006050b3) srl     ra, zero, t1
core   0: 3 0x8000e250 (0x006050b3) x 1 0x00000000
core   0: 0x8000e254 (0x9ef7f213) andi    tp, a5, -1553
core   0: 3 0x8000e254 (0x9ef7f213) x 4 0x00000000
core   0: 0x8000e258 (0x000090ca) c.add   ra, s2
core   0: 3 0x8000e258 (0x90ca) x 1 0xfe000002
core   0: 0x8000e25a (0x0082c5b3) xor     a1, t0, s0
core   0: 3 0x8000e25a (0x0082c5b3) x11 0x0001f380
core   0: 0x8000e25e (0x00001ffd) c.addi  t6, -1
core   0: 3 0x8000e25e (0x1ffd) x31 0xffffffff
core   0: 0x8000e260 (0x00004df9) c.li    s11, 30
core   0: 3 0x8000e260 (0x4df9) x27 0x0000001e
core   0: 0x8000e262 (0x00000001) c.nop
core   0: 3 0x8000e262 (0x0001)
core   0: 0x8000e264 (0x00008e41) c.or    a2, s0
core   0: 3 0x8000e264 (0x8e41) x12 0x00000380
core   0: 0x8000e266 (0x00006345) c.lui   t1, 0x11
core   0: 3 0x8000e266 (0x6345) x 6 0x00011000
core   0: 0x8000e268 (0x01893333) sltu    t1, s2, s8
core   0: 3 0x8000e268 (0x01893333) x 6 0x00000000
core   0: 0x8000e26c (0x00009992) c.add   s3, tp
core   0: 3 0x8000e26c (0x9992) x19 0x01ffffff
core   0: 0x8000e26e (0x0217d7b3) divu    a5, a5, ra
core   0: 3 0x8000e26e (0x0217d7b3) x15 0x00000000
core   0: 0x8000e272 (0x0000c81d) c.beqz  s0, pc + 54
core   0: 3 0x8000e272 (0xc81d)
core   0: 0x8000e274 (0x40470233) sub     tp, a4, tp
core   0: 3 0x8000e274 (0x40470233) x 4 0x80029ce4
core   0: 0x8000e278 (0x000099fd) c.andi  a1, -1
core   0: 3 0x8000e278 (0x99fd) x11 0x0001f380
core   0: 0x8000e27a (0x00008e8d) c.sub   a3, a1
core   0: 3 0x8000e27a (0x8e8d) x13 0x80000eaa
core   0: 0x8000e27c (0x416859b3) sra     s3, a6, s6
core   0: 3 0x8000e27c (0x416859b3) x19 0x0000fe03
core   0: 0x8000e280 (0x02533833) mulhu   a6, t1, t0
core   0: 3 0x8000e280 (0x02533833) x16 0x00000000
core   0: 0x8000e284 (0x01825a13) srli    s4, tp, 24
core   0: 3 0x8000e284 (0x01825a13) x20 0x00000080
core   0: 0x8000e288 (0x03423833) mulhu   a6, tp, s4
core   0: 3 0x8000e288 (0x03423833) x16 0x00000040
core   0: 0x8000e28c (0x02f352b3) divu    t0, t1, a5
core   0: 3 0x8000e28c (0x02f352b3) x 5 0xffffffff
core   0: 0x8000e290 (0x408eda33) sra     s4, t4, s0
core   0: 3 0x8000e290 (0x408eda33) x20 0x00000000
core   0: 0x8000e294 (0x00bb9513) slli    a0, s7, 11
core   0: 3 0x8000e294 (0x00bb9513) x10 0x3a800000
core   0: 0x8000e298 (0x000084e9) c.srai  s1, 26
core   0: 3 0x8000e298 (0x84e9) x 9 0x00000000
core   0: 0x8000e29a (0x41595193) srai    gp, s2, 21
core   0: 3 0x8000e29a (0x41595193) x 3 0xfffffff0
core   0: 0x8000e29e (0x000086f9) c.srai  a3, 30
core   0: 3 0x8000e29e (0x86f9) x13 0xfffffffe
core   0: 0x8000e2a0 (0x000081bd) c.srli  a1, 15
core   0: 3 0x8000e2a0 (0x81bd) x11 0x00000003
core   0: 0x8000e2a2 (0x4eddad13) slti    s10, s11, 1261
core   0: 3 0x8000e2a2 (0x4eddad13) x26 0x00000001
core   0: 0x8000e2a6 (0x0000031c) c.addi4spn a5, sp, 384
core   0: 3 0x8000e2a6 (0x031c) x15 0x00000180
core   0: 0x8000e2a8 (0x01027663) bgeu    tp, a6, pc + 12
core   0: 3 0x8000e2a8 (0x01027663)
core   0: 0x8000e2b4 (0x02830033) mul     zero, t1, s0
core   0: 3 0x8000e2b4 (0x02830033)
core   0: 0x8000e2b8 (0x000099fd) c.andi  a1, -1
core   0: 3 0x8000e2b8 (0x99fd) x11 0x00000003
core   0: 0x8000e2ba (0x032667b3) rem     a5, a2, s2
core   0: 3 0x8000e2ba (0x032667b3) x15 0x00000380
core   0: 0x8000e2be (0x00000c32) c.slli  s8, 12
core   0: 3 0x8000e2be (0x0c32) x24 0x00000000
core   0: 0x8000e2c0 (0x00008591) c.srai  a1, 4
core   0: 3 0x8000e2c0 (0x8591) x11 0x00000000
core   0: 0x8000e2c2 (0x03b63eb3) mulhu   t4, a2, s11
core   0: 3 0x8000e2c2 (0x03b63eb3) x29 0x00000000
core   0: 0x8000e2c6 (0x41d3d7b3) sra     a5, t2, t4
core   0: 3 0x8000e2c6 (0x41d3d7b3) x15 0x9b6ae226
core   0: 0x8000e2ca (0x40f189b3) sub     s3, gp, a5
core   0: 3 0x8000e2ca (0x40f189b3) x19 0x64951dca
core   0: 0x8000e2ce (0x62ee7a13) andi    s4, t3, 1582
core   0: 3 0x8000e2ce (0x62ee7a13) x20 0x00000000
core   0: 0x8000e2d2 (0x02ade863) bltu    s11, a0, pc + 48
core   0: 3 0x8000e2d2 (0x02ade863)
core   0: 0x8000e302 (0x0089e633) or      a2, s3, s0
core   0: 3 0x8000e302 (0x0089e633) x12 0x64951fca
core   0: 0x8000e306 (0x00008ea1) c.xor   a3, s0
core   0: 3 0x8000e306 (0x8ea1) x13 0xfffffc7e
core   0: 0x8000e308 (0x03b68063) beq     a3, s11, pc + 32
core   0: 3 0x8000e308 (0x03b68063)
core   0: 0x8000e30c (0x00008e09) c.sub   a2, a0
core   0: 3 0x8000e30c (0x8e09) x12 0x2a151fca
core   0: 0x8000e30e (0x02e54563) blt     a0, a4, pc + 42
core   0: 3 0x8000e30e (0x02e54563)
core   0: 0x8000e312 (0x016afbb3) and     s7, s5, s6
core   0: 3 0x8000e312 (0x016afbb3) x23 0x00000000
core   0: 0x8000e316 (0x413809b3) sub     s3, a6, s3
core   0: 3 0x8000e316 (0x413809b3) x19 0x9b6ae276
core   0: 0x8000e31a (0x00ff5a33) srl     s4, t5, a5
core   0: 3 0x8000e31a (0x00ff5a33) x20 0x0360ea00
core   0: 0x8000e31e (0x00bcdbb3) srl     s7, s9, a1
core   0: 3 0x8000e31e (0x00bcdbb3) x23 0x80000000
core   0: 0x8000e322 (0x00c21d63) bne     tp, a2, pc + 26
core   0: 3 0x8000e322 (0x00c21d63)
core   0: 0x8000e33c (0x0000008c) c.addi4spn a1, sp, 64
core   0: 3 0x8000e33c (0x008c) x11 0x00000040
core   0: 0x8000e33e (0x00009c46) c.add   s8, a7
core   0: 3 0x8000e33e (0x9c46) x24 0x80025e4c
core   0: 0x8000e340 (0x00008d51) c.or    a0, a2
core   0: 3 0x8000e340 (0x8d51) x10 0x3a951fca
core   0: 0x8000e342 (0x00009232) c.add   tp, a2
core   0: 3 0x8000e342 (0x9232) x 4 0xaa17bcae
core   0: 0x8000e344 (0x3b272b93) slti    s7, a4, 946
core   0: 3 0x8000e344 (0x3b272b93) x23 0x00000001
core   0: 0x8000e348 (0x00695f93) srli    t6, s2, 6
core   0: 3 0x8000e348 (0x00695f93) x31 0x03f80000
core   0: 0x8000e34c (0x00e790b3) sll     ra, a5, a4
core   0: 3 0x8000e34c (0x00e790b3) x 1 0xb6ae2260
core   0: 0x8000e350 (0x0ff0000f) fence   iorw,iorw
core   0: 3 0x8000e350 (0x0ff0000f)
core   0: 0x8000e354 (0x0328b9b3) mulhu   s3, a7, s2
core   0: 3 0x8000e354 (0x0328b9b3) x19 0x7f025990
core   0: 0x8000e358 (0x0050a133) slt     sp, ra, t0
core   0: 3 0x8000e358 (0x0050a133) x 2 0x00000001
core   0: 0x8000e35c (0x00008e2d) c.xor   a2, a1
core   0: 3 0x8000e35c (0x8e2d) x12 0x2a151f8a
core   0: 0x8000e35e (0x03dd0563) beq     s10, t4, pc + 42
core   0: 3 0x8000e35e (0x03dd0563)
core   0: 0x8000e362 (0x0042deb3) srl     t4, t0, tp
core   0: 3 0x8000e362 (0x0042deb3) x29 0x0003ffff
core   0: 0x8000e366 (0x02ce8633) mul     a2, t4, a2
core   0: 3 0x8000e366 (0x02ce8633) x12 0x5412e076
core   0: 0x8000e36a (0x02353c33) mulhu   s8, a0, gp
core   0: 3 0x8000e36a (0x02353c33) x24 0x3a951fc6
core   0: 0x8000e36e (0x017aa633) slt     a2, s5, s7
core   0: 3 0x8000e36e (0x017aa633) x12 0x00000001
core   0: 0x8000e372 (0x01ced763) bge     t4, t3, pc + 14
core   0: 3 0x8000e372 (0x01ced763)
core   0: 0x8000e380 (0x02e3c7b3) div     a5, t2, a4
core   0: 3 0x8000e380 (0x02e3c7b3) x15 0x00000000
core   0: 0x8000e384 (0x01a41f63) bne     s0, s10, pc + 30
core   0: 3 0x8000e384 (0x01a41f63)
core   0: 0x8000e3a2 (0x0000717d) c.addi16sp sp, -16
core   0: 3 0x8000e3a2 (0x717d) x 2 0xfffffff1
core   0: 0x8000e3a4 (0x000014fd) c.addi  s1, -1
core   0: 3 0x8000e3a4 (0x14fd) x 9 0xffffffff
core   0: 0x8000e3a6 (0xa9212393) slti    t2, sp, -1390
core   0: 3 0x8000e3a6 (0xa9212393) x 7 0x00000000
core   0: 0x8000e3aa (0x0ff0000f) fence   iorw,iorw
core   0: 3 0x8000e3aa (0x0ff0000f)
core   0: 0x8000e3ae (0x000000ba) c.slli  ra, 14
core   0: 3 0x8000e3ae (0x00ba) x 1 0x88980000
core   0: 0x8000e3b0 (0x00fa5ab3) srl     s5, s4, a5
core   0: 3 0x8000e3b0 (0x00fa5ab3) x21 0x0360ea00
core   0: 0x8000e3b4 (0x00009a7d) c.andi  a2, -1
core   0: 3 0x8000e3b4 (0x9a7d) x12 0x00000001
core   0: 0x8000e3b6 (0x01467ab3) and     s5, a2, s4
core   0: 3 0x8000e3b6 (0x01467ab3) x21 0x00000000
core   0: 0x8000e3ba (0x0000cf99) c.beqz  a5, pc + 30
core   0: 3 0x8000e3ba (0xcf99)
core   0: 0x8000e3d8 (0x415ad133) sra     sp, s5, s5
core   0: 3 0x8000e3d8 (0x415ad133) x 2 0x00000000
core   0: 0x8000e3dc (0x00008c9d) c.sub   s1, a5
core   0: 3 0x8000e3dc (0x8c9d) x 9 0xffffffff
core   0: 0x8000e3de (0x02c9efb3) rem     t6, s3, a2
core   0: 3 0x8000e3de (0x02c9efb3) x31 0x00000000
core   0: 0x8000e3e2 (0x73ae2093) slti    ra, t3, 1850
core   0: 3 0x8000e3e2 (0x73ae2093) x 1 0x00000001
core   0: 0x8000e3e6 (0x414ed433) sra     s0, t4, s4
core   0: 3 0x8000e3e6 (0x414ed433) x 8 0x0003ffff
core   0: 0x8000e3ea (0x016b2db3) slt     s11, s6, s6
core   0: 3 0x8000e3ea (0x016b2db3) x27 0x00000000
core   0: 0x8000e3ee (0x00000a12) c.slli  s4, 4
core   0: 3 0x8000e3ee (0x0a12) x20 0x360ea000
core   0: 0x8000e3f0 (0x14024117) auipc   sp, 0x14024
core   0: 3 0x8000e3f0 (0x14024117) x 2 0x940323f0
core   0: 0x8000e3f4 (0x0000100f) fence.i
core   0: 3 0x8000e3f4 (0x0000100f)
core   0: 0x8000e3f8 (0x00008e61) c.and   a2, s0
core   0: 3 0x8000e3f8 (0x8e61) x12 0x00000001
core   0: 0x8000e3fa (0x4170d793) srai    a5, ra, 23
core   0: 3 0x8000e3fa (0x4170d793) x15 0x00000000
core   0: 0x8000e3fe (0x00006255) c.lui   tp, 0x15
core   0: 3 0x8000e3fe (0x6255) x 4 0x00015000
core   0: 0x8000e400 (0x00009846) c.add   a6, a7
core   0: 3 0x8000e400 (0x9846) x16 0x80025e8c
core   0: 0x8000e402 (0x000081e5) c.srli  a1, 25
core   0: 3 0x8000e402 (0x81e5) x11 0x00000000
core   0: 0x8000e404 (0xb440a913) slti    s2, ra, -1212
core   0: 3 0x8000e404 (0xb440a913) x18 0x00000000
core   0: 0x8000e408 (0x32237413) andi    s0, t1, 802
core   0: 3 0x8000e408 (0x32237413) x 8 0x00000000
core   0: 0x8000e40c (0x0000cf9d) c.beqz  a5, pc + 62
core   0: 3 0x8000e40c (0xcf9d)
core   0: 0x8000e44a (0x41178933) sub     s2, a5, a7
core   0: 3 0x8000e44a (0x41178933) x18 0x7ffda1b4
core   0: 0x8000e44e (0x00008ba5) c.andi  a5, 9
core   0: 3 0x8000e44e (0x8ba5) x15 0x00000000
core   0: 0x8000e450 (0x00008ed1) c.or    a3, a2
core   0: 3 0x8000e450 (0x8ed1) x13 0xfffffc7f
core   0: 0x8000e452 (0x00008145) c.srli  a0, 17
core   0: 3 0x8000e452 (0x8145) x10 0x00001d4a
core   0: 0x8000e454 (0x00006ac1) c.lui   s5, 0x10
core   0: 3 0x8000e454 (0x6ac1) x21 0x00010000
core   0: 0x8000e456 (0x00ec7433) and     s0, s8, a4
core   0: 3 0x8000e456 (0x00ec7433) x 8 0x00001cc4
core   0: 0x8000e45a (0x0179aab3) slt     s5, s3, s7
core   0: 3 0x8000e45a (0x0179aab3) x21 0x00000000
core   0: 0x8000e45e (0xe9000d13) li      s10, -368
core   0: 3 0x8000e45e (0xe9000d13) x26 0xfffffe90
core   0: 0x8000e462 (0x031f9663) bne     t6, a7, pc + 44
core   0: 3 0x8000e462 (0x031f9663)
core   0: 0x8000e48e (0x0294c963) blt     s1, s1, pc + 50
core   0: 3 0x8000e48e (0x0294c963)
core   0: 0x8000e492 (0x000086e5) c.srai  a3, 25
core   0: 3 0x8000e492 (0x86e5) x13 0xffffffff
core   0: 0x8000e494 (0x00004659) c.li    a2, 22
core   0: 3 0x8000e494 (0x4659) x12 0x00000016
core   0: 0x8000e496 (0x000086a9) c.srai  a3, 10
core   0: 3 0x8000e496 (0x86a9) x13 0xffffffff
core   0: 0x8000e498 (0xc9c49317) auipc   t1, 0xc9c49
core   0: 3 0x8000e498 (0xc9c49317) x 6 0x49c57498
core   0: 0x8000e49c (0x02232333) mulhsu  t1, t1, sp
core   0: 3 0x8000e49c (0x02232333) x 6 0x2aa70f13
core   0: 0x8000e4a0 (0x01f8c933) xor     s2, a7, t6
core   0: 3 0x8000e4a0 (0x01f8c933) x18 0x80025e4c
core   0: 0x8000e4a4 (0x00000001) c.nop
core   0: 3 0x8000e4a4 (0x0001)
core   0: 0x8000e4a6 (0x035d2eb3) mulhsu  t4, s10, s5
core   0: 3 0x8000e4a6 (0x035d2eb3) x29 0x00000000
core   0: 0x8000e4aa (0x009de7b3) or      a5, s11, s1
core   0: 3 0x8000e4aa (0x009de7b3) x15 0xffffffff
core   0: 0x8000e4ae (0x0393ee33) rem     t3, t2, s9
core   0: 3 0x8000e4ae (0x0393ee33) x28 0x00000000
core   0: 0x8000e4b2 (0x012e5f33) srl     t5, t3, s2
core   0: 3 0x8000e4b2 (0x012e5f33) x30 0x00000000
core   0: 0x8000e4b6 (0x01298333) add     t1, s3, s2
core   0: 3 0x8000e4b6 (0x01298333) x 6 0xff04b7dc
core   0: 0x8000e4ba (0x00009a7d) c.andi  a2, -1
core   0: 3 0x8000e4ba (0x9a7d) x12 0x00000016
core   0: 0x8000e4bc (0x11715163) bge     sp, s7, pc + 258
core   0: 3 0x8000e4bc (0x11715163)
core   0: 0x8000e4c0 (0x1b979a37) lui     s4, 0x1b979
core   0: 3 0x8000e4c0 (0x1b979a37) x20 0x1b979000
core   0: 0x8000e4c4 (0x0ad5c563) blt     a1, a3, pc + 170
core   0: 3 0x8000e4c4 (0x0ad5c563)
core   0: 0x8000e4c8 (0xb651eb17) auipc   s6, 0xb651e
core   0: 3 0x8000e4c8 (0xb651eb17) x22 0x3652c4c8
core   0: 0x8000e4cc (0x00000099) c.addi  ra, 6
core   0: 3 0x8000e4cc (0x0099) x 1 0x00000007
core   0: 0x8000e4ce (0x353cb613) sltiu   a2, s9, 851
core   0: 3 0x8000e4ce (0x353cb613) x12 0x00000000
core   0: 0x8000e4d2 (0x00ac1213) slli    tp, s8, 10
core   0: 3 0x8000e4d2 (0x00ac1213) x 4 0x547f1800
core   0: 0x8000e4d6 (0x00004ba1) c.li    s7, 8
core   0: 3 0x8000e4d6 (0x4ba1) x23 0x00000008
core   0: 0x8000e4d8 (0x166ce493) ori     s1, s9, 358
core   0: 3 0x8000e4d8 (0x166ce493) x 9 0x80000166
core   0: 0x8000e4dc (0x008ed1b3) srl     gp, t4, s0
core   0: 3 0x8000e4dc (0x008ed1b3) x 3 0x00000000
core   0: 0x8000e4e0 (0x016a7033) and     zero, s4, s6
core   0: 3 0x8000e4e0 (0x016a7033)
core   0: 0x8000e4e4 (0x00000001) c.nop
core   0: 3 0x8000e4e4 (0x0001)
core   0: 0x8000e4e6 (0x00002f17) auipc   t5, 0x2
core   0: 3 0x8000e4e6 (0x00002f17) x30 0x800104e6
core   0: 0x8000e4ea (0xe98f0f13) addi    t5, t5, -360
core   0: 3 0x8000e4ea (0xe98f0f13) x30 0x8001037e
core   0: 0x8000e4ee (0x00002b97) auipc   s7, 0x2
core   0: 3 0x8000e4ee (0x00002b97) x23 0x800104ee
core   0: 0x8000e4f2 (0xe78b8b93) addi    s7, s7, -392
core   0: 3 0x8000e4f2 (0xe78b8b93) x23 0x80010366
core   0: 0x8000e4f6 (0x750f4003) lbu     zero, 1872(t5)
core   0: 3 0x8000e4f6 (0x750f4003) mem 0x80010ace
core   0: 0x8000e4fa (0x00003a17) auipc   s4, 0x3
core   0: 3 0x8000e4fa (0x00003a17) x20 0x800114fa
core   0: 0x8000e4fe (0x866a0a13) addi    s4, s4, -1946
core   0: 3 0x8000e4fe (0x866a0a13) x20 0x80010d60
core   0: 0x8000e502 (0x049f2523) sw      s1, 74(t5)
core   0: 3 0x8000e502 (0x049f2523) mem 0x800103c8 0x80000166
core   0: 0x8000e506 (0x02fa1023) sh      a5, 32(s4)
core   0: 3 0x8000e506 (0x02fa1023) mem 0x80010d80 0xffff
core   0: 0x8000e50a (0xfa2f1b03) lh      s6, -94(t5)
core   0: 3 0x8000e50a (0xfa2f1b03) x22 0x000076c6 mem 0x80010320
core   0: 0x8000e50e (0xff2bc903) lbu     s2, -14(s7)
core   0: 3 0x8000e50e (0xff2bc903) x18 0x000000f3 mem 0x80010358
core   0: 0x8000e512 (0x00002117) auipc   sp, 0x2
core   0: 3 0x8000e512 (0x00002117) x 2 0x80010512
core   0: 0x8000e516 (0x7aa10113) addi    sp, sp, 1962
core   0: 3 0x8000e516 (0x7aa10113) x 2 0x80010cbc
core   0: 0x8000e51a (0xfc2109a3) sb      sp, -45(sp)
core   0: 3 0x8000e51a (0xfc2109a3) mem 0x80010c8f 0xbc
core   0: 0x8000e51e (0x0d5f4f83) lbu     t6, 213(t5)
core   0: 3 0x8000e51e (0x0d5f4f83) x31 0x00000092 mem 0x80010453
core   0: 0x8000e522 (0x09fa0e03) lb      t3, 159(s4)
core   0: 3 0x8000e522 (0x09fa0e03) x28 0xffffffb9 mem 0x80010dff
core   0: 0x8000e526 (0xce3f4903) lbu     s2, -797(t5)
core   0: 3 0x8000e526 (0xce3f4903) x18 0x00000041 mem 0x80010061
core   0: 0x8000e52a (0x03d14503) lbu     a0, 61(sp)
core   0: 3 0x8000e52a (0x03d14503) x10 0x00000035 mem 0x80010cf9
core   0: 0x8000e52e (0xff110a83) lb      s5, -15(sp)
core   0: 3 0x8000e52e (0xff110a83) x21 0x00000000 mem 0x80010cad
core   0: 0x8000e532 (0x0afa4f83) lbu     t6, 175(s4)
core   0: 3 0x8000e532 (0x0afa4f83) x31 0x00000071 mem 0x80010e0f
core   0: 0x8000e536 (0xff410183) lb      gp, -12(sp)
core   0: 3 0x8000e536 (0xff410183) x 3 0xffffffc8 mem 0x80010cb0
core   0: 0x8000e53a (0xfeabd203) lhu     tp, -22(s7)
core   0: 3 0x8000e53a (0xfeabd203) x 4 0x000032e8 mem 0x80010350
core   0: 0x8000e53e (0x0b6a5303) lhu     t1, 182(s4)
core   0: 3 0x8000e53e (0x0b6a5303) x 6 0x0000abfe mem 0x80010e16
core   0: 0x8000e542 (0xfc3b8303) lb      t1, -61(s7)
core   0: 3 0x8000e542 (0xfc3b8303) x 6 0xffffffd6 mem 0x80010329
core   0: 0x8000e546 (0xfd0b8da3) sb      a6, -37(s7)
core   0: 3 0x8000e546 (0xfd0b8da3) mem 0x80010341 0x8c
core   0: 0x8000e54a (0xfff10da3) sb      t6, -5(sp)
core   0: 3 0x8000e54a (0xfff10da3) mem 0x80010cb7 0x71
core   0: 0x8000e54e (0xfbaa5e83) lhu     t4, -70(s4)
core   0: 3 0x8000e54e (0xfbaa5e83) x29 0x0000ae6c mem 0x80010d1a
core   0: 0x8000e552 (0xfc514783) lbu     a5, -59(sp)
core   0: 3 0x8000e552 (0xfc514783) x15 0x000000c7 mem 0x80010c81
core   0: 0x8000e556 (0x6d8f00a3) sb      s8, 1729(t5)
core   0: 3 0x8000e556 (0x6d8f00a3) mem 0x80010a3f 0xc6
core   0: 0x8000e55a (0xfd2bad03) lw      s10, -46(s7)
core   0: 3 0x8000e55a (0xfd2bad03) x26 0x4dce776f mem 0x80010338
core   0: 0x8000e55e (0x02489eb3) mulh    t4, a7, tp
core   0: 3 0x8000e55e (0x02489eb3) x29 0xffffe68c
core   0: 0x8000e562 (0x076a1d63) bne     s4, s6, pc + 122
core   0: 3 0x8000e562 (0x076a1d63)
core   0: 0x8000e5dc (0x00004aa1) c.li    s5, 8
core   0: 3 0x8000e5dc (0x4aa1) x21 0x00000008
core   0: 0x8000e5de (0x00008c7d) c.and   s0, a5
core   0: 3 0x8000e5de (0x8c7d) x 8 0x000000c4
core   0: 0x8000e5e0 (0x00387663) bgeu    a6, gp, pc + 12
core   0: 3 0x8000e5e0 (0x00387663)
core   0: 0x8000e5e4 (0x033f6f33) rem     t5, t5, s3
core   0: 3 0x8000e5e4 (0x033f6f33) x30 0xff035d0e
core   0: 0x8000e5e8 (0x000099fd) c.andi  a1, -1
core   0: 3 0x8000e5e8 (0x99fd) x11 0x00000000
core   0: 0x8000e5ea (0x00000fca) c.slli  t6, 18
core   0: 3 0x8000e5ea (0x0fca) x31 0x01c40000
core   0: 0x8000e5ec (0x0000100f) fence.i
core   0: 3 0x8000e5ec (0x0000100f)
core   0: 0x8000e5f0 (0x0173d1b3) srl     gp, t2, s7
core   0: 3 0x8000e5f0 (0x0173d1b3) x 3 0x00000000
core   0: 0x8000e5f4 (0xcb9faf13) slti    t5, t6, -839
core   0: 3 0x8000e5f4 (0xcb9faf13) x30 0x00000000
core   0: 0x8000e5f8 (0x68fb5c17) auipc   s8, 0x68fb5
core   0: 3 0x8000e5f8 (0x68fb5c17) x24 0xe8fc35f8
core   0: 0x8000e5fc (0x00008cad) c.xor   s1, a1
core   0: 3 0x8000e5fc (0x8cad) x 9 0x80000166
core   0: 0x8000e5fe (0x0000c68d) c.beqz  a3, pc + 42
core   0: 3 0x8000e5fe (0xc68d)
core   0: 0x8000e600 (0x029b47b3) div     a5, s6, s1
core   0: 3 0x8000e600 (0x029b47b3) x15 0x00000000
core   0: 0x8000e604 (0x4572af13) slti    t5, t0, 1111
core   0: 3 0x8000e604 (0x4572af13) x30 0x00000001
core   0: 0x8000e608 (0x022fd133) divu    sp, t6, sp
core   0: 3 0x8000e608 (0x022fd133) x 2 0x00000000
core   0: 0x8000e60c (0x00008cb5) c.xor   s1, a3
core   0: 3 0x8000e60c (0x8cb5) x 9 0x7ffffe99
core   0: 0x8000e60e (0xf04e8493) addi    s1, t4, -252
core   0: 3 0x8000e60e (0xf04e8493) x 9 0xffffe590
core   0: 0x8000e612 (0xb8e80593) addi    a1, a6, -1138
core   0: 3 0x8000e612 (0xb8e80593) x11 0x80025a1a
core   0: 0x8000e616 (0x00004d31) c.li    s10, 12
core   0: 3 0x8000e616 (0x4d31) x26 0x0000000c
core   0: 0x8000e618 (0x03d4c633) div     a2, s1, t4
core   0: 3 0x8000e618 (0x03d4c633) x12 0x00000001
core   0: 0x8000e61c (0x00008e69) c.and   a2, a0
core   0: 3 0x8000e61c (0x8e69) x12 0x00000001
core   0: 0x8000e61e (0x02a4ae93) slti    t4, s1, 42
core   0: 3 0x8000e61e (0x02a4ae93) x29 0x00000001
core   0: 0x8000e622 (0x0000ec81) c.bnez  s1, pc + 24
core   0: 3 0x8000e622 (0xec81)
core   0: 0x8000e63a (0x00009f5a) c.add   t5, s6
core   0: 3 0x8000e63a (0x9f5a) x30 0x000076c7
core   0: 0x8000e63c (0x00c002ef) jal     t0, pc + 0xc
core   0: 3 0x8000e63c (0x00c002ef) x 5 0x8000e640
core   0: 0x8000e648 (0x0000a019) c.j     pc + 6
core   0: 3 0x8000e648 (0xa019)
core   0: 0x8000e64e (0x0000a829) c.j     pc + 26
core   0: 3 0x8000e64e (0xa829)
core   0: 0x8000e668 (0x00003ff5) c.jal   pc - 4
core   0: 3 0x8000e668 (0x3ff5) x 1 0x8000e66a
core   0: 0x8000e664 (0x00c000ef) jal     pc + 0xc
core   0: 3 0x8000e664 (0x00c000ef) x 1 0x8000e668
core   0: 0x8000e670 (0xfddff0ef) jal     pc - 0x24
core   0: 3 0x8000e670 (0xfddff0ef) x 1 0x8000e674
core   0: 0x8000e64c (0x0000a021) c.j     pc + 8
core   0: 3 0x8000e64c (0xa021)
core   0: 0x8000e654 (0x00c0036f) jal     t1, pc + 0xc
core   0: 3 0x8000e654 (0x00c0036f) x 6 0x8000e658
core   0: 0x8000e660 (0x00e0046f) jal     s0, pc + 0xe
core   0: 3 0x8000e660 (0x00e0046f) x 8 0x8000e664
core   0: 0x8000e66e (0x00003fd1) c.jal   pc - 44
core   0: 3 0x8000e66e (0x3fd1) x 1 0x8000e670
core   0: 0x8000e642 (0x00002829) c.jal   pc + 26
core   0: 3 0x8000e642 (0x2829) x 1 0x8000e644
core   0: 0x8000e65c (0x00002009) c.jal   pc + 2
core   0: 3 0x8000e65c (0x2009) x 1 0x8000e65e
core   0: 0x8000e65e (0x0000a031) c.j     pc + 12
core   0: 3 0x8000e65e (0xa031)
core   0: 0x8000e66a (0x0000b7c5) c.j     pc - 32
core   0: 3 0x8000e66a (0xb7c5)
core   0: 0x8000e64a (0x00003fdd) c.jal   pc - 10
core   0: 3 0x8000e64a (0x3fdd) x 1 0x8000e64c
core   0: 0x8000e640 (0x00002035) c.jal   pc + 44
core   0: 3 0x8000e640 (0x2035) x 1 0x8000e642
core   0: 0x8000e66c (0x0000a031) c.j     pc + 12
core   0: 3 0x8000e66c (0xa031)
core   0: 0x8000e678 (0xfcfff0ef) jal     pc - 0x32
core   0: 3 0x8000e678 (0xfcfff0ef) x 1 0x8000e67c
core   0: 0x8000e646 (0x0000a029) c.j     pc + 10
core   0: 3 0x8000e646 (0xa029)
core   0: 0x8000e650 (0x0000bfd5) c.j     pc - 12
core   0: 3 0x8000e650 (0xbfd5)
core   0: 0x8000e644 (0x0000a039) c.j     pc + 14
core   0: 3 0x8000e644 (0xa039)
core   0: 0x8000e652 (0x0000a019) c.j     pc + 6
core   0: 3 0x8000e652 (0xa019)
core   0: 0x8000e658 (0x01c000ef) jal     pc + 0x1c
core   0: 3 0x8000e658 (0x01c000ef) x 1 0x8000e65c
core   0: 0x8000e674 (0x0080046f) jal     s0, pc + 0x8
core   0: 3 0x8000e674 (0x0080046f) x 8 0x8000e678
core   0: 0x8000e67c (0x018c1eb3) sll     t4, s8, s8
core   0: 3 0x8000e67c (0x018c1eb3) x29 0xf8000000
core   0: 0x8000e680 (0x00951013) slli    zero, a0, 9
core   0: 3 0x8000e680 (0x00951013)
core   0: 0x8000e684 (0x40c8d213) srai    tp, a7, 12
core   0: 3 0x8000e684 (0x40c8d213) x 4 0xfff80025
core   0: 0x8000e688 (0x00008d21) c.xor   a0, s0
core   0: 3 0x8000e688 (0x8d21) x10 0x8000e64d
core   0: 0x8000e68a (0x02c22033) mulhsu  zero, tp, a2
core   0: 3 0x8000e68a (0x02c22033)
core   0: 0x8000e68e (0x00008e39) c.xor   a2, a4
core   0: 3 0x8000e68e (0x8e39) x12 0x80029ce5
core   0: 0x8000e690 (0x0000868d) c.srai  a3, 3
core   0: 3 0x8000e690 (0x868d) x13 0xffffffff
core   0: 0x8000e692 (0xc9939c17) auipc   s8, 0xc9939
core   0: 3 0x8000e692 (0xc9939c17) x24 0x49947692
core   0: 0x8000e696 (0x01639e13) slli    t3, t2, 22
core   0: 3 0x8000e696 (0x01639e13) x28 0x00000000
core   0: 0x8000e69a (0x04e16063) bltu    sp, a4, pc + 64
core   0: 3 0x8000e69a (0x04e16063)
core   0: 0x8000e6da (0x0000717d) c.addi16sp sp, -16
core   0: 3 0x8000e6da (0x717d) x 2 0xfffffff0
core   0: 0x8000e6dc (0x02733033) mulhu   zero, t1, t2
core   0: 3 0x8000e6dc (0x02733033)
core   0: 0x8000e6e0 (0x02cb0333) mul     t1, s6, a2
core   0: 3 0x8000e6e0 (0x02cb0333) x 6 0x3656e71e
core   0: 0x8000e6e4 (0x40750133) sub     sp, a0, t2
core   0: 3 0x8000e6e4 (0x40750133) x 2 0x8000e64d
core   0: 0x8000e6e8 (0x00f4c963) blt     s1, a5, pc + 18
core   0: 3 0x8000e6e8 (0x00f4c963)
core   0: 0x8000e6fa (0xcb7e4093) xori    ra, t3, -841
core   0: 3 0x8000e6fa (0xcb7e4093) x 1 0xfffffcb7
core   0: 0x8000e6fe (0x43658093) addi    ra, a1, 1078
core   0: 3 0x8000e6fe (0x43658093) x 1 0x80025e50
core   0: 0x8000e702 (0x8a95e193) ori     gp, a1, -1879
core   0: 3 0x8000e702 (0x8a95e193) x 3 0xfffffabb
core   0: 0x8000e706 (0x00efbe33) sltu    t3, t6, a4
core   0: 3 0x8000e706 (0x00efbe33) x28 0x00000001
core   0: 0x8000e70a (0x40bf5433) sra     s0, t5, a1
core   0: 3 0x8000e70a (0x40bf5433) x 8 0x00000000
core   0: 0x8000e70e (0x03958333) mul     t1, a1, s9
core   0: 3 0x8000e70e (0x03958333) x 6 0x00000000
core   0: 0x8000e712 (0x05eef063) bgeu    t4, t5, pc + 64
core   0: 3 0x8000e712 (0x05eef063)
core   0: 0x8000e752 (0x01219133) sll     sp, gp, s2
core   0: 3 0x8000e752 (0x01219133) x 2 0xfffff576
core   0: 0x8000e756 (0x000083a2) c.mv    t2, s0
core   0: 3 0x8000e756 (0x83a2) x 7 0x00000000
core   0: 0x8000e758 (0x013293b3) sll     t2, t0, s3
core   0: 3 0x8000e758 (0x013293b3) x 7 0xe6400000
core   0: 0x8000e75c (0x00008eb5) c.xor   a3, a3
core   0: 3 0x8000e75c (0x8eb5) x13 0x00000000
core   0: 0x8000e75e (0x8d1cf693) andi    a3, s9, -1839
core   0: 3 0x8000e75e (0x8d1cf693) x13 0x80000000
core   0: 0x8000e762 (0x000083c9) c.srli  a5, 18
core   0: 3 0x8000e762 (0x83c9) x15 0x00000000
core   0: 0x8000e764 (0x0000100f) fence.i
core   0: 3 0x8000e764 (0x0000100f)
core   0: 0x8000e768 (0x00008edd) c.or    a3, a5
core   0: 3 0x8000e768 (0x8edd) x13 0x80000000
core   0: 0x8000e76a (0x00000f3d) c.addi  t5, 15
core   0: 3 0x8000e76a (0x0f3d) x30 0x000076d6
core   0: 0x8000e76c (0xfac53197) auipc   gp, 0xfac53
core   0: 3 0x8000e76c (0xfac53197) x 3 0x7ac6176c
core   0: 0x8000e770 (0x00008cd1) c.or    s1, a2
core   0: 3 0x8000e770 (0x8cd1) x 9 0xfffffdf5
core   0: 0x8000e772 (0x00008e1d) c.sub   a2, a5
core   0: 3 0x8000e772 (0x8e1d) x12 0x80029ce5
core   0: 0x8000e774 (0x00008542) c.mv    a0, a6
core   0: 3 0x8000e774 (0x8542) x10 0x80025e8c
core   0: 0x8000e776 (0x0180e763) bltu    ra, s8, pc + 14
core   0: 3 0x8000e776 (0x0180e763)
core   0: 0x8000e77a (0x03518db3) mul     s11, gp, s5
core   0: 3 0x8000e77a (0x03518db3) x27 0xd630bb60
core   0: 0x8000e77e (0x03936a33) rem     s4, t1, s9
core   0: 3 0x8000e77e (0x03936a33) x20 0x00000000
core   0: 0x8000e782 (0x00008dad) c.xor   a1, a1
core   0: 3 0x8000e782 (0x8dad) x11 0x00000000
core   0: 0x8000e784 (0x01662bb3) slt     s7, a2, s6
core   0: 3 0x8000e784 (0x01662bb3) x23 0x00000001
core   0: 0x8000e788 (0x00000001) c.nop
core   0: 3 0x8000e788 (0x0001)
core   0: 0x8000e78a (0xf00e8f13) addi    t5, t4, -256
core   0: 3 0x8000e78a (0xf00e8f13) x30 0xf7ffff00
core   0: 0x8000e78e (0x000083e1) c.srli  a5, 24
core   0: 3 0x8000e78e (0x83e1) x15 0x00000000
core   0: 0x8000e790 (0x00000146) c.slli  sp, 17
core   0: 3 0x8000e790 (0x0146) x 2 0xeaec0000
core   0: 0x8000e792 (0x00000001) c.nop
core   0: 3 0x8000e792 (0x0001)
core   0: 0x8000e794 (0x035ffd63) bgeu    t6, s5, pc + 58
core   0: 3 0x8000e794 (0x035ffd63)
core   0: 0x8000e7ce (0x6529e393) ori     t2, s3, 1618
core   0: 3 0x8000e7ce (0x6529e393) x 7 0x7f025fd2
core   0: 0x8000e7d2 (0x03323db3) mulhu   s11, tp, s3
core   0: 3 0x8000e7d2 (0x03323db3) x27 0x7efe618f
core   0: 0x8000e7d6 (0x00008ec1) c.or    a3, s0
core   0: 3 0x8000e7d6 (0x8ec1) x13 0x80000000
core   0: 0x8000e7d8 (0x01281c33) sll     s8, a6, s2
core   0: 3 0x8000e7d8 (0x01281c33) x24 0x0004bd18
core   0: 0x8000e7dc (0x00009fe6) c.add   t6, s9
core   0: 3 0x8000e7dc (0x9fe6) x31 0x81c40000
core   0: 0x8000e7de (0x00f2bab3) sltu    s5, t0, a5
core   0: 3 0x8000e7de (0x00f2bab3) x21 0x00000000
core   0: 0x8000e7e2 (0x0206d533) divu    a0, a3, zero
core   0: 3 0x8000e7e2 (0x0206d533) x10 0xffffffff
core   0: 0x8000e7e6 (0x01129393) slli    t2, t0, 17
core   0: 3 0x8000e7e6 (0x01129393) x 7 0xcc800000
core   0: 0x8000e7ea (0xc13f7d93) andi    s11, t5, -1005
core   0: 3 0x8000e7ea (0xc13f7d93) x27 0xf7fffc00
core   0: 0x8000e7ee (0x41278a33) sub     s4, a5, s2
core   0: 3 0x8000e7ee (0x41278a33) x20 0xffffffbf
core   0: 0x8000e7f2 (0x00006ed1) c.lui   t4, 0x14
core   0: 3 0x8000e7f2 (0x6ed1) x29 0x00014000
core   0: 0x8000e7f4 (0x02eff433) remu    s0, t6, a4
core   0: 3 0x8000e7f4 (0x02eff433) x 8 0x01c1631c
core   0: 0x8000e7f8 (0x00899093) slli    ra, s3, 8
core   0: 3 0x8000e7f8 (0x00899093) x 1 0x02599000
core   0: 0x8000e7fc (0x0ff0000f) fence   iorw,iorw
core   0: 3 0x8000e7fc (0x0ff0000f)
core   0: 0x8000e800 (0x0129db33) srl     s6, s3, s2
core   0: 3 0x8000e800 (0x0129db33) x22 0x3f812cc8
core   0: 0x8000e804 (0x00008529) c.srai  a0, 10
core   0: 3 0x8000e804 (0x8529) x10 0xffffffff
core   0: 0x8000e806 (0x00008e1d) c.sub   a2, a5
core   0: 3 0x8000e806 (0x8e1d) x12 0x80029ce5
core   0: 0x8000e808 (0x8fae4e17) auipc   t3, 0x8fae4
core   0: 3 0x8000e808 (0x8fae4e17) x28 0x0faf2808
core   0: 0x8000e80c (0x00000d59) c.addi  s10, 22
core   0: 3 0x8000e80c (0x0d59) x26 0x00000022
core   0: 0x8000e80e (0x022bceb3) div     t4, s7, sp
core   0: 3 0x8000e80e (0x022bceb3) x29 0x00000000
core   0: 0x8000e812 (0x00008c11) c.sub   s0, a2
core   0: 3 0x8000e812 (0x8c11) x 8 0x81bec637
core   0: 0x8000e814 (0x00d9e663) bltu    s3, a3, pc + 12
core   0: 3 0x8000e814 (0x00d9e663)
core   0: 0x8000e820 (0x00008e85) c.sub   a3, s1
core   0: 3 0x8000e820 (0x8e85) x13 0x8000020b
core   0: 0x8000e822 (0x000005b6) c.slli  a1, 13
core   0: 3 0x8000e822 (0x05b6) x11 0x00000000
core   0: 0x8000e824 (0xe0ff0c13) addi    s8, t5, -497
core   0: 3 0x8000e824 (0xe0ff0c13) x24 0xf7fffd0f
core   0: 0x8000e828 (0x03249063) bne     s1, s2, pc + 32
core   0: 3 0x8000e828 (0x03249063)
core   0: 0x8000e848 (0x00000d84) c.addi4spn s1, sp, 720
core   0: 3 0x8000e848 (0x0d84) x 9 0xeaec02d0
core   0: 0x8000e84a (0x04b1df63) bge     gp, a1, pc + 94
core   0: 3 0x8000e84a (0x04b1df63)
core   0: 0x8000e8a8 (0xc5358e37) lui     t3, 0xc5358
core   0: 3 0x8000e8a8 (0xc5358e37) x28 0xc5358000
core   0: 0x8000e8ac (0x4010d293) srai    t0, ra, 1
core   0: 3 0x8000e8ac (0x4010d293) x 5 0x012cc800
core   0: 0x8000e8b0 (0x00000001) c.nop
core   0: 3 0x8000e8b0 (0x0001)
core   0: 0x8000e8b2 (0x00008c5d) c.or    s0, a5
core   0: 3 0x8000e8b2 (0x8c5d) x 8 0x81bec637
core   0: 0x8000e8b4 (0x03685e63) bge     a6, s6, pc + 60
core   0: 3 0x8000e8b4 (0x03685e63)
core   0: 0x8000e8b8 (0x00006399) c.lui   t2, 0x6
core   0: 3 0x8000e8b8 (0x6399) x 7 0x00006000
core   0: 0x8000e8ba (0x0000c519) c.beqz  a0, pc + 14
core   0: 3 0x8000e8ba (0xc519)
core   0: 0x8000e8bc (0x00558463) beq     a1, t0, pc + 8
core   0: 3 0x8000e8bc (0x00558463)
core   0: 0x8000e8c0 (0x00008696) c.mv    a3, t0
core   0: 3 0x8000e8c0 (0x8696) x13 0x012cc800
core   0: 0x8000e8c2 (0x00000001) c.nop
core   0: 3 0x8000e8c2 (0x0001)
core   0: 0x8000e8c4 (0x012f4e33) xor     t3, t5, s2
core   0: 3 0x8000e8c4 (0x012f4e33) x28 0xf7ffff41
core   0: 0x8000e8c8 (0xdfe1f513) andi    a0, gp, -514
core   0: 3 0x8000e8c8 (0xdfe1f513) x10 0x7ac6156c
core   0: 0x8000e8cc (0x0f26f297) auipc   t0, 0xf26f
core   0: 3 0x8000e8cc (0x0f26f297) x 5 0x8f27d8cc
core   0: 0x8000e8d0 (0x02e75d33) divu    s10, a4, a4
core   0: 3 0x8000e8d0 (0x02e75d33) x26 0x00000001
core   0: 0x8000e8d4 (0x03af8b63) beq     t6, s10, pc + 54
core   0: 3 0x8000e8d4 (0x03af8b63)
core   0: 0x8000e8d8 (0x00384663) blt     a6, gp, pc + 12
core   0: 3 0x8000e8d8 (0x00384663)
core   0: 0x8000e8e4 (0x00117a33) and     s4, sp, ra
core   0: 3 0x8000e8e4 (0x00117a33) x20 0x02480000
core   0: 0x8000e8e8 (0x0000997d) c.andi  a0, -1
core   0: 3 0x8000e8e8 (0x997d) x10 0x7ac6156c
core   0: 0x8000e8ea (0x03463533) mulhu   a0, a2, s4
core   0: 3 0x8000e8ea (0x03463533) x10 0x012405f5
core   0: 0x8000e8ee (0x0000e019) c.bnez  s0, pc + 6
core   0: 3 0x8000e8ee (0xe019)
core   0: 0x8000e8f4 (0x0000ea05) c.bnez  a2, pc + 48
core   0: 3 0x8000e8f4 (0xea05)
core   0: 0x8000e924 (0x00009466) c.add   s0, s9
core   0: 3 0x8000e924 (0x9466) x 8 0x01bec637
core   0: 0x8000e926 (0x00009656) c.add   a2, s5
core   0: 3 0x8000e926 (0x9656) x12 0x80029ce5
core   0: 0x8000e928 (0xcfcfe813) ori     a6, t6, -772
core   0: 3 0x8000e928 (0xcfcfe813) x16 0xfffffcfc
core   0: 0x8000e92c (0x01da8533) add     a0, s5, t4
core   0: 3 0x8000e92c (0x01da8533) x10 0x00000000
core   0: 0x8000e930 (0x000083a9) c.srli  a5, 10
core   0: 3 0x8000e930 (0x83a9) x15 0x00000000
core   0: 0x8000e932 (0xd061abb7) lui     s7, 0xd061a
core   0: 3 0x8000e932 (0xd061abb7) x23 0xd061a000
core   0: 0x8000e936 (0x02ea46b3) div     a3, s4, a4
core   0: 3 0x8000e936 (0x02ea46b3) x13 0x00000000
core   0: 0x8000e93a (0x7b2b0917) auipc   s2, 0x7b2b0
core   0: 3 0x8000e93a (0x7b2b0917) x18 0xfb2be93a
core   0: 0x8000e93e (0x000043e5) c.li    t2, 25
core   0: 3 0x8000e93e (0x43e5) x 7 0x00000019
core   0: 0x8000e940 (0x0000ca11) c.beqz  a2, pc + 20
core   0: 3 0x8000e940 (0xca11)
core   0: 0x8000e942 (0x00008d01) c.sub   a0, s0
core   0: 3 0x8000e942 (0x8d01) x10 0xfe4139c9
core   0: 0x8000e944 (0x56412393) slti    t2, sp, 1380
core   0: 3 0x8000e944 (0x56412393) x 7 0x00000001
core   0: 0x8000e948 (0x00000001) c.nop
core   0: 3 0x8000e948 (0x0001)
core   0: 0x8000e94a (0x00008fd9) c.or    a5, a4
core   0: 3 0x8000e94a (0x8fd9) x15 0x80029ce4
core   0: 0x8000e94c (0x0471e063) bltu    gp, t2, pc + 64
core   0: 3 0x8000e94c (0x0471e063)
core   0: 0x8000e950 (0x00000956) c.slli  s2, 21
core   0: 3 0x8000e950 (0x0956) x18 0x27400000
core   0: 0x8000e952 (0x00009b42) c.add   s6, a6
core   0: 3 0x8000e952 (0x9b42) x22 0x3f8129c4
core   0: 0x8000e954 (0xc7c94a13) xori    s4, s2, -900
core   0: 3 0x8000e954 (0xc7c94a13) x20 0xd8bffc7c
core   0: 0x8000e958 (0x012ee2b3) or      t0, t4, s2
core   0: 3 0x8000e958 (0x012ee2b3) x 5 0x27400000
core   0: 0x8000e95c (0x41905fb3) sra     t6, zero, s9
core   0: 3 0x8000e95c (0x41905fb3) x31 0x00000000
core   0: 0x8000e960 (0x2f6ff193) andi    gp, t6, 758
core   0: 3 0x8000e960 (0x2f6ff193) x 3 0x00000000
core   0: 0x8000e964 (0x00000804) c.addi4spn s1, sp, 16
core   0: 3 0x8000e964 (0x0804) x 9 0xeaec0010
core   0: 0x8000e966 (0x40bc87b3) sub     a5, s9, a1
core   0: 3 0x8000e966 (0x40bc87b3) x15 0x80000000
core   0: 0x8000e96a (0x00006aa9) c.lui   s5, 0xa
core   0: 3 0x8000e96a (0x6aa9) x21 0x0000a000
core   0: 0x8000e96c (0x00008c45) c.or    s0, s1
core   0: 3 0x8000e96c (0x8c45) x 8 0xebfec637
core   0: 0x8000e96e (0x027a8833) mul     a6, s5, t2
core   0: 3 0x8000e96e (0x027a8833) x16 0x0000a000
core   0: 0x8000e972 (0x02381933) mulh    s2, a6, gp
core   0: 3 0x8000e972 (0x02381933) x18 0x00000000
core   0: 0x8000e976 (0x010083b3) add     t2, ra, a6
core   0: 3 0x8000e976 (0x010083b3) x 7 0x025a3000
core   0: 0x8000e97a (0xfd842913) slti    s2, s0, -40
core   0: 3 0x8000e97a (0xfd842913) x18 0x00000001
core   0: 0x8000e97e (0x00008e8d) c.sub   a3, a1
core   0: 3 0x8000e97e (0x8e8d) x13 0x00000000
core   0: 0x8000e980 (0x03bcf263) bgeu    s9, s11, pc + 36
core   0: 3 0x8000e980 (0x03bcf263)
core   0: 0x8000e984 (0xca074013) xori    zero, a4, -864
core   0: 3 0x8000e984 (0xca074013)
core   0: 0x8000e988 (0x7faec493) xori    s1, t4, 2042
core   0: 3 0x8000e988 (0x7faec493) x 9 0x000007fa
core   0: 0x8000e98c (0x014de2b3) or      t0, s11, s4
core   0: 3 0x8000e98c (0x014de2b3) x 5 0xfffffc7c
core   0: 0x8000e990 (0x3881f693) andi    a3, gp, 904
core   0: 3 0x8000e990 (0x3881f693) x13 0x00000000
core   0: 0x8000e994 (0x017407b3) add     a5, s0, s7
core   0: 3 0x8000e994 (0x017407b3) x15 0xbc606637
core   0: 0x8000e998 (0x00008d55) c.or    a0, a3
core   0: 3 0x8000e998 (0x8d55) x10 0xfe4139c9
core   0: 0x8000e99a (0x64866993) ori     s3, a2, 1608
core   0: 3 0x8000e99a (0x64866993) x19 0x80029eed
core   0: 0x8000e99e (0x00000001) c.nop
core   0: 3 0x8000e99e (0x0001)
core   0: 0x8000e9a0 (0x02e11033) mulh    zero, sp, a4
core   0: 3 0x8000e9a0 (0x02e11033)
core   0: 0x8000e9a4 (0x02446f63) bltu    s0, tp, pc + 62
core   0: 3 0x8000e9a4 (0x02446f63)
core   0: 0x8000e9e2 (0x00008fd9) c.or    a5, a4
core   0: 3 0x8000e9e2 (0x8fd9) x15 0xbc62fef7
core   0: 0x8000e9e4 (0x013dc3b3) xor     t2, s11, s3
core   0: 3 0x8000e9e4 (0x013dc3b3) x 7 0x77fd62ed
core   0: 0x8000e9e8 (0x00008c3d) c.xor   s0, a5
core   0: 3 0x8000e9e8 (0x8c3d) x 8 0x579c38c0
core   0: 0x8000e9ea (0x000043c9) c.li    t2, 18
core   0: 3 0x8000e9ea (0x43c9) x 7 0x00000012
core   0: 0x8000e9ec (0x020dc1b3) div     gp, s11, zero
core   0: 3 0x8000e9ec (0x020dc1b3) x 3 0xffffffff
core   0: 0x8000e9f0 (0x00000001) c.nop
core   0: 3 0x8000e9f0 (0x0001)
core   0: 0x8000e9f2 (0x0000047e) c.slli  s0, 31
core   0: 3 0x8000e9f2 (0x047e) x 8 0x00000000
core   0: 0x8000e9f4 (0x02386d33) rem     s10, a6, gp
core   0: 3 0x8000e9f4 (0x02386d33) x26 0x00000000
core   0: 0x8000e9f8 (0x7183c937) lui     s2, 0x7183c
core   0: 3 0x8000e9f8 (0x7183c937) x18 0x7183c000
core   0: 0x8000e9fc (0x000006a2) c.slli  a3, 8
core   0: 3 0x8000e9fc (0x06a2) x13 0x00000000
core   0: 0x8000e9fe (0x00b01f33) sll     t5, zero, a1
core   0: 3 0x8000e9fe (0x00b01f33) x30 0x00000000
core   0: 0x8000ea02 (0x00008196) c.mv    gp, t0
core   0: 3 0x8000ea02 (0x8196) x 3 0xfffffc7c
core   0: 0x8000ea04 (0x03784263) blt     a6, s7, pc + 36
core   0: 3 0x8000ea04 (0x03784263)
core   0: 0x8000ea08 (0x00000c3d) c.addi  s8, 15
core   0: 3 0x8000ea08 (0x0c3d) x24 0xf7fffd1e
core   0: 0x8000ea0a (0x0a69fb13) andi    s6, s3, 166
core   0: 3 0x8000ea0a (0x0a69fb13) x22 0x000000a4
core   0: 0x8000ea0e (0xd931cb13) xori    s6, gp, -621
core   0: 3 0x8000ea0e (0xd931cb13) x22 0x000001ef
core   0: 0x8000ea12 (0x0000100f) fence.i
core   0: 3 0x8000ea12 (0x0000100f)
core   0: 0x8000ea16 (0x02ef6e33) rem     t3, t5, a4
core   0: 3 0x8000ea16 (0x02ef6e33) x28 0x00000000
core   0: 0x8000ea1a (0x015dedb3) or      s11, s11, s5
core   0: 3 0x8000ea1a (0x015dedb3) x27 0xf7fffc00
core   0: 0x8000ea1e (0x00008035) c.srli  s0, 13
core   0: 3 0x8000ea1e (0x8035) x 8 0x00000000
core   0: 0x8000ea20 (0x0392a2b3) mulhsu  t0, t0, s9
core   0: 3 0x8000ea20 (0x0392a2b3) x 5 0xfffffe3e
core   0: 0x8000ea24 (0x03497e63) bgeu    s2, s4, pc + 60
core   0: 3 0x8000ea24 (0x03497e63)
core   0: 0x8000ea28 (0x02846133) rem     sp, s0, s0
core   0: 3 0x8000ea28 (0x02846133) x 2 0x00000000
core   0: 0x8000ea2c (0x00008fd9) c.or    a5, a4
core   0: 3 0x8000ea2c (0x8fd9) x15 0xbc62fef7
core   0: 0x8000ea2e (0x039059b3) divu    s3, zero, s9
core   0: 3 0x8000ea2e (0x039059b3) x19 0x00000000
core   0: 0x8000ea32 (0x662c7d13) andi    s10, s8, 1634
core   0: 3 0x8000ea32 (0x662c7d13) x26 0x00000402
core   0: 0x8000ea36 (0x505ffbb7) lui     s7, 0x505ff
core   0: 3 0x8000ea36 (0x505ffbb7) x23 0x505ff000
core   0: 0x8000ea3a (0x0000ce0d) c.beqz  a2, pc + 58
core   0: 3 0x8000ea3a (0xce0d)
core   0: 0x8000ea3c (0x0221bbb3) mulhu   s7, gp, sp
core   0: 3 0x8000ea3c (0x0221bbb3) x23 0x00000000
core   0: 0x8000ea40 (0x013d19b3) sll     s3, s10, s3
core   0: 3 0x8000ea40 (0x013d19b3) x19 0x00000402
core   0: 0x8000ea44 (0x03d17c33) remu    s8, sp, t4
core   0: 3 0x8000ea44 (0x03d17c33) x24 0x00000000
core   0: 0x8000ea48 (0x0000997d) c.andi  a0, -1
core   0: 3 0x8000ea48 (0x997d) x10 0xfe4139c9
core   0: 0x8000ea4a (0x00008539) c.srai  a0, 14
core   0: 3 0x8000ea4a (0x8539) x10 0xfffff904
core   0: 0x8000ea4c (0x41275513) srai    a0, a4, 18
core   0: 3 0x8000ea4c (0x41275513) x10 0xffffe000
core   0: 0x8000ea50 (0x0000e795) c.bnez  a5, pc + 44
core   0: 3 0x8000ea50 (0xe795)
core   0: 0x8000ea7c (0x0137cab3) xor     s5, a5, s3
core   0: 3 0x8000ea7c (0x0137cab3) x21 0xbc62faf5
core   0: 0x8000ea80 (0x638b7a93) andi    s5, s6, 1592
core   0: 3 0x8000ea80 (0x638b7a93) x21 0x00000028
core   0: 0x8000ea84 (0x41825c13) srai    s8, tp, 24
core   0: 3 0x8000ea84 (0x41825c13) x24 0xffffffff
core   0: 0x8000ea88 (0x01831e13) slli    t3, t1, 24
core   0: 3 0x8000ea88 (0x01831e13) x28 0x00000000
core   0: 0x8000ea8c (0x0399f333) remu    t1, s3, s9
core   0: 3 0x8000ea8c (0x0399f333) x 6 0x00000402
core   0: 0x8000ea90 (0x017e1863) bne     t3, s7, pc + 16
core   0: 3 0x8000ea90 (0x017e1863)
core   0: 0x8000ea94 (0x03634863) blt     t1, s6, pc + 48
core   0: 3 0x8000ea94 (0x03634863)
core   0: 0x8000ea98 (0x00004805) c.li    a6, 1
core   0: 3 0x8000ea98 (0x4805) x16 0x00000001
core   0: 0x8000ea9a (0x00000792) c.slli  a5, 4
core   0: 3 0x8000ea9a (0x0792) x15 0xc62fef70
core   0: 0x8000ea9c (0x40af5533) sra     a0, t5, a0
core   0: 3 0x8000ea9c (0x40af5533) x10 0x00000000
core   0: 0x8000eaa0 (0x03d7ae33) mulhsu  t3, a5, t4
core   0: 3 0x8000eaa0 (0x03d7ae33) x28 0x00000000
core   0: 0x8000eaa4 (0x0206e7b3) rem     a5, a3, zero
core   0: 3 0x8000eaa4 (0x0206e7b3) x15 0x00000000
core   0: 0x8000eaa8 (0x5d34e337) lui     t1, 0x5d34e
core   0: 3 0x8000eaa8 (0x5d34e337) x 6 0x5d34e000
core   0: 0x8000eaac (0x152f4537) lui     a0, 0x152f4
core   0: 3 0x8000eaac (0x152f4537) x10 0x152f4000
core   0: 0x8000eab0 (0x419ed3b3) sra     t2, t4, s9
core   0: 3 0x8000eab0 (0x419ed3b3) x 7 0x00000000
core   0: 0x8000eab4 (0x0ff0000f) fence   iorw,iorw
core   0: 3 0x8000eab4 (0x0ff0000f)
core   0: 0x8000eab8 (0x036382b3) mul     t0, t2, s6
core   0: 3 0x8000eab8 (0x036382b3) x 5 0x00000000
core   0: 0x8000eabc (0x0ff0000f) fence   iorw,iorw
core   0: 3 0x8000eabc (0x0ff0000f)
core   0: 0x8000eac0 (0x02118163) beq     gp, ra, pc + 34
core   0: 3 0x8000eac0 (0x02118163)
core   0: 0x8000eac4 (0x00008c29) c.xor   s0, a0
core   0: 3 0x8000eac4 (0x8c29) x 8 0x152f4000
core   0: 0x8000eac6 (0x22ba3013) sltiu   zero, s4, 555
core   0: 3 0x8000eac6 (0x22ba3013)
core   0: 0x8000eaca (0x002b3eb3) sltu    t4, s6, sp
core   0: 3 0x8000eaca (0x002b3eb3) x29 0x00000000
core   0: 0x8000eace (0x418b04b3) sub     s1, s6, s8
core   0: 3 0x8000eace (0x418b04b3) x 9 0x000001f0
core   0: 0x8000ead2 (0x00008511) c.srai  a0, 4
core   0: 3 0x8000ead2 (0x8511) x10 0x0152f400
core   0: 0x8000ead4 (0x007ddfb3) srl     t6, s11, t2
core   0: 3 0x8000ead4 (0x007ddfb3) x31 0xf7fffc00
core   0: 0x8000ead8 (0x04264063) blt     a2, sp, pc + 64
core   0: 3 0x8000ead8 (0x04264063)
core   0: 0x8000eb18 (0x007776b3) and     a3, a4, t2
core   0: 3 0x8000eb18 (0x007776b3) x13 0x00000000
core   0: 0x8000eb1c (0x003d1b63) bne     s10, gp, pc + 22
core   0: 3 0x8000eb1c (0x003d1b63)
core   0: 0x8000eb32 (0x03750e63) beq     a0, s7, pc + 60
core   0: 3 0x8000eb32 (0x03750e63)
core   0: 0x8000eb36 (0x95e12837) lui     a6, 0x95e12
core   0: 3 0x8000eb36 (0x95e12837) x16 0x95e12000
core   0: 0x8000eb3a (0x00009e96) c.add   t4, t0
core   0: 3 0x8000eb3a (0x9e96) x29 0x00000000
core   0: 0x8000eb3c (0x02b5f763) bgeu    a1, a1, pc + 46
core   0: 3 0x8000eb3c (0x02b5f763)
core   0: 0x8000eb6a (0x0000100f) fence.i
core   0: 3 0x8000eb6a (0x0000100f)
core   0: 0x8000eb6e (0x0000e609) c.bnez  a2, pc + 10
core   0: 3 0x8000eb6e (0xe609)
core   0: 0x8000eb78 (0x00e1df33) srl     t5, gp, a4
core   0: 3 0x8000eb78 (0x00e1df33) x30 0x0fffffc7
core   0: 0x8000eb7c (0x41bcd313) srai    t1, s9, 27
core   0: 3 0x8000eb7c (0x41bcd313) x 6 0xfffffff0
core   0: 0x8000eb80 (0xffc00413) li      s0, -4
core   0: 3 0x8000eb80 (0xffc00413) x 8 0xfffffffc
core   0: 0x8000eb84 (0xffd00213) li      tp, -3
core   0: 3 0x8000eb84 (0xffd00213) x 4 0xfffffffd
core   0: 0x8000eb88 (0x01c004b3) add     s1, zero, t3
core   0: 3 0x8000eb88 (0x01c004b3) x 9 0x00000000
core   0: 0x8000eb8c (0xc5d5e513) ori     a0, a1, -931
core   0: 3 0x8000eb8c (0xc5d5e513) x10 0xfffffc5d
core   0: 0x8000eb90 (0x00008d3d) c.xor   a0, a5
core   0: 3 0x8000eb90 (0x8d3d) x10 0xfffffc5d
core   0: 0x8000eb92 (0x00000405) c.addi  s0, 1
core   0: 3 0x8000eb92 (0x0405) x 8 0xfffffffd
core   0: 0x8000eb94 (0x00600993) li      s3, 6
core   0: 3 0x8000eb94 (0x00600993) x19 0x00000006
core   0: 0x8000eb98 (0x0347d7b3) divu    a5, a5, s4
core   0: 3 0x8000eb98 (0x0347d7b3) x15 0x00000000
core   0: 0x8000eb9c (0x00d00593) li      a1, 13
core   0: 3 0x8000eb9c (0x00d00593) x11 0x0000000d
core   0: 0x8000eba0 (0x018f26b3) slt     a3, t5, s8
core   0: 3 0x8000eba0 (0x018f26b3) x13 0x00000000
core   0: 0x8000eba4 (0x00008ffd) c.and   a5, a5
core   0: 3 0x8000eba4 (0x8ffd) x15 0x00000000
core   0: 0x8000eba6 (0x00000985) c.addi  s3, 1
core   0: 3 0x8000eba6 (0x0985) x19 0x00000007
core   0: 0x8000eba8 (0xcb903a93) sltiu   s5, zero, -839
core   0: 3 0x8000eba8 (0xcb903a93) x21 0x00000001
core   0: 0x8000ebac (0x011994b3) sll     s1, s3, a7
core   0: 3 0x8000ebac (0x011994b3) x 9 0x00007000
core   0: 0x8000ebb0 (0xfeb9c8e3) blt     s3, a1, pc - 16
core   0: 3 0x8000ebb0 (0xfeb9c8e3)
core   0: 0x8000eba0 (0x018f26b3) slt     a3, t5, s8
core   0: 3 0x8000eba0 (0x018f26b3) x13 0x00000000
core   0: 0x8000eba4 (0x00008ffd) c.and   a5, a5
core   0: 3 0x8000eba4 (0x8ffd) x15 0x00000000
core   0: 0x8000eba6 (0x00000985) c.addi  s3, 1
core   0: 3 0x8000eba6 (0x0985) x19 0x00000008
core   0: 0x8000eba8 (0xcb903a93) sltiu   s5, zero, -839
core   0: 3 0x8000eba8 (0xcb903a93) x21 0x00000001
core   0: 0x8000ebac (0x011994b3) sll     s1, s3, a7
core   0: 3 0x8000ebac (0x011994b3) x 9 0x00008000
core   0: 0x8000ebb0 (0xfeb9c8e3) blt     s3, a1, pc - 16
core   0: 3 0x8000ebb0 (0xfeb9c8e3)
core   0: 0x8000eba0 (0x018f26b3) slt     a3, t5, s8
core   0: 3 0x8000eba0 (0x018f26b3) x13 0x00000000
core   0: 0x8000eba4 (0x00008ffd) c.and   a5, a5
core   0: 3 0x8000eba4 (0x8ffd) x15 0x00000000
core   0: 0x8000eba6 (0x00000985) c.addi  s3, 1
core   0: 3 0x8000eba6 (0x0985) x19 0x00000009
core   0: 0x8000eba8 (0xcb903a93) sltiu   s5, zero, -839
core   0: 3 0x8000eba8 (0xcb903a93) x21 0x00000001
core   0: 0x8000ebac (0x011994b3) sll     s1, s3, a7
core   0: 3 0x8000ebac (0x011994b3) x 9 0x00009000
core   0: 0x8000ebb0 (0xfeb9c8e3) blt     s3, a1, pc - 16
core   0: 3 0x8000ebb0 (0xfeb9c8e3)
core   0: 0x8000eba0 (0x018f26b3) slt     a3, t5, s8
core   0: 3 0x8000eba0 (0x018f26b3) x13 0x00000000
core   0: 0x8000eba4 (0x00008ffd) c.and   a5, a5
core   0: 3 0x8000eba4 (0x8ffd) x15 0x00000000
core   0: 0x8000eba6 (0x00000985) c.addi  s3, 1
core   0: 3 0x8000eba6 (0x0985) x19 0x0000000a
core   0: 0x8000eba8 (0xcb903a93) sltiu   s5, zero, -839
core   0: 3 0x8000eba8 (0xcb903a93) x21 0x00000001
core   0: 0x8000ebac (0x011994b3) sll     s1, s3, a7
core   0: 3 0x8000ebac (0x011994b3) x 9 0x0000a000
core   0: 0x8000ebb0 (0xfeb9c8e3) blt     s3, a1, pc - 16
core   0: 3 0x8000ebb0 (0xfeb9c8e3)
core   0: 0x8000eba0 (0x018f26b3) slt     a3, t5, s8
core   0: 3 0x8000eba0 (0x018f26b3) x13 0x00000000
core   0: 0x8000eba4 (0x00008ffd) c.and   a5, a5
core   0: 3 0x8000eba4 (0x8ffd) x15 0x00000000
core   0: 0x8000eba6 (0x00000985) c.addi  s3, 1
core   0: 3 0x8000eba6 (0x0985) x19 0x0000000b
core   0: 0x8000eba8 (0xcb903a93) sltiu   s5, zero, -839
core   0: 3 0x8000eba8 (0xcb903a93) x21 0x00000001
core   0: 0x8000ebac (0x011994b3) sll     s1, s3, a7
core   0: 3 0x8000ebac (0x011994b3) x 9 0x0000b000
core   0: 0x8000ebb0 (0xfeb9c8e3) blt     s3, a1, pc - 16
core   0: 3 0x8000ebb0 (0xfeb9c8e3)
core   0: 0x8000eba0 (0x018f26b3) slt     a3, t5, s8
core   0: 3 0x8000eba0 (0x018f26b3) x13 0x00000000
core   0: 0x8000eba4 (0x00008ffd) c.and   a5, a5
core   0: 3 0x8000eba4 (0x8ffd) x15 0x00000000
core   0: 0x8000eba6 (0x00000985) c.addi  s3, 1
core   0: 3 0x8000eba6 (0x0985) x19 0x0000000c
core   0: 0x8000eba8 (0xcb903a93) sltiu   s5, zero, -839
core   0: 3 0x8000eba8 (0xcb903a93) x21 0x00000001
core   0: 0x8000ebac (0x011994b3) sll     s1, s3, a7
core   0: 3 0x8000ebac (0x011994b3) x 9 0x0000c000
core   0: 0x8000ebb0 (0xfeb9c8e3) blt     s3, a1, pc - 16
core   0: 3 0x8000ebb0 (0xfeb9c8e3)
core   0: 0x8000eba0 (0x018f26b3) slt     a3, t5, s8
core   0: 3 0x8000eba0 (0x018f26b3) x13 0x00000000
core   0: 0x8000eba4 (0x00008ffd) c.and   a5, a5
core   0: 3 0x8000eba4 (0x8ffd) x15 0x00000000
core   0: 0x8000eba6 (0x00000985) c.addi  s3, 1
core   0: 3 0x8000eba6 (0x0985) x19 0x0000000d
core   0: 0x8000eba8 (0xcb903a93) sltiu   s5, zero, -839
core   0: 3 0x8000eba8 (0xcb903a93) x21 0x00000001
core   0: 0x8000ebac (0x011994b3) sll     s1, s3, a7
core   0: 3 0x8000ebac (0x011994b3) x 9 0x0000d000
core   0: 0x8000ebb0 (0xfeb9c8e3) blt     s3, a1, pc - 16
core   0: 3 0x8000ebb0 (0xfeb9c8e3)
core   0: 0x8000ebb4 (0x00000001) c.nop
core   0: 3 0x8000ebb4 (0x0001)
core   0: 0x8000ebb6 (0x00008d49) c.or    a0, a0
core   0: 3 0x8000ebb6 (0x8d49) x10 0xfffffc5d
core   0: 0x8000ebb8 (0x00004dc1) c.li    s11, 16
core   0: 3 0x8000ebb8 (0x4dc1) x27 0x00000010
core   0: 0x8000ebba (0x00008fcd) c.or    a5, a1
core   0: 3 0x8000ebba (0x8fcd) x15 0x0000000d
core   0: 0x8000ebbc (0xfc4416e3) bne     s0, tp, pc - 52
core   0: 3 0x8000ebbc (0xfc4416e3)
core   0: 0x8000ebc0 (0x00257d33) and     s10, a0, sp
core   0: 3 0x8000ebc0 (0x00257d33) x26 0x00000000
core   0: 0x8000ebc4 (0x0306d433) divu    s0, a3, a6
core   0: 3 0x8000ebc4 (0x0306d433) x 8 0x00000000
core   0: 0x8000ebc8 (0x00008e31) c.xor   a2, a2
core   0: 3 0x8000ebc8 (0x8e31) x12 0x00000000
core   0: 0x8000ebca (0x03020f63) beq     tp, a6, pc + 62
core   0: 3 0x8000ebca (0x03020f63)
core   0: 0x8000ebce (0x76263d93) sltiu   s11, a2, 1890
core   0: 3 0x8000ebce (0x76263d93) x27 0x00000001
core   0: 0x8000ebd2 (0x02cb8db3) mul     s11, s7, a2
core   0: 3 0x8000ebd2 (0x02cb8db3) x27 0x00000000
core   0: 0x8000ebd6 (0x9b022093) slti    ra, tp, -1616
core   0: 3 0x8000ebd6 (0x9b022093) x 1 0x00000000
core   0: 0x8000ebda (0x00008e19) c.sub   a2, a4
core   0: 3 0x8000ebda (0x8e19) x12 0x7ffd631c
core   0: 0x8000ebdc (0x00006f89) c.lui   t6, 0x2
core   0: 3 0x8000ebdc (0x6f89) x31 0x00002000
core   0: 0x8000ebde (0x01f163b3) or      t2, sp, t6
core   0: 3 0x8000ebde (0x01f163b3) x 7 0x00002000
core   0: 0x8000ebe2 (0x00008399) c.srli  a5, 6
core   0: 3 0x8000ebe2 (0x8399) x15 0x00000000
core   0: 0x8000ebe4 (0x00001a7d) c.addi  s4, -1
core   0: 3 0x8000ebe4 (0x1a7d) x20 0xd8bffc7b
core   0: 0x8000ebe6 (0x03363a33) mulhu   s4, a2, s3
core   0: 3 0x8000ebe6 (0x03363a33) x20 0x00000006
core   0: 0x8000ebea (0x00c3f2b3) and     t0, t2, a2
core   0: 3 0x8000ebea (0x00c3f2b3) x 5 0x00002000
core   0: 0x8000ebee (0x034f2b33) mulhsu  s6, t5, s4
core   0: 3 0x8000ebee (0x034f2b33) x22 0x00000000
core   0: 0x8000ebf2 (0x0000997d) c.andi  a0, -1
core   0: 3 0x8000ebf2 (0x997d) x10 0xfffffc5d
core   0: 0x8000ebf4 (0x034b0ab3) mul     s5, s6, s4
core   0: 3 0x8000ebf4 (0x034b0ab3) x21 0x00000000
core   0: 0x8000ebf8 (0x000088f5) c.andi  s1, 29
core   0: 3 0x8000ebf8 (0x88f5) x 9 0x00000000
core   0: 0x8000ebfa (0x03ea8f33) mul     t5, s5, t5
core   0: 3 0x8000ebfa (0x03ea8f33) x30 0x00000000
core   0: 0x8000ebfe (0x00000eae) c.slli  t4, 11
core   0: 3 0x8000ebfe (0x0eae) x29 0x00000000
core   0: 0x8000ec00 (0x02412033) mulhsu  zero, sp, tp
core   0: 3 0x8000ec00 (0x02412033)
core   0: 0x8000ec04 (0x00198c33) add     s8, s3, ra
core   0: 3 0x8000ec04 (0x00198c33) x24 0x0000000d
core   0: 0x8000ec08 (0x9ee93913) sltiu   s2, s2, -1554
core   0: 3 0x8000ec08 (0x9ee93913) x18 0x00000001
core   0: 0x8000ec0c (0x0000687d) c.lui   a6, 0x1f
core   0: 3 0x8000ec0c (0x687d) x16 0x0001f000
core   0: 0x8000ec0e (0xb7703f93) sltiu   t6, zero, -1161
core   0: 3 0x8000ec0e (0xb7703f93) x31 0x00000001
core   0: 0x8000ec12 (0x00839293) slli    t0, t2, 8
core   0: 3 0x8000ec12 (0x00839293) x 5 0x00200000
core   0: 0x8000ec16 (0xd721b493) sltiu   s1, gp, -654
core   0: 3 0x8000ec16 (0xd721b493) x 9 0x00000001
core   0: 0x8000ec1a (0x014fd863) bge     t6, s4, pc + 16
core   0: 3 0x8000ec1a (0x014fd863)
core   0: 0x8000ec1e (0x00008235) c.srli  a2, 13
core   0: 3 0x8000ec1e (0x8235) x12 0x0003ffeb
core   0: 0x8000ec20 (0x019f5e33) srl     t3, t5, s9
core   0: 3 0x8000ec20 (0x019f5e33) x28 0x00000000
core   0: 0x8000ec24 (0x00001c7d) c.addi  s8, -1
core   0: 3 0x8000ec24 (0x1c7d) x24 0x0000000c
core   0: 0x8000ec26 (0x00d18663) beq     gp, a3, pc + 12
core   0: 3 0x8000ec26 (0x00d18663)
core   0: 0x8000ec2a (0x0ae73d97) auipc   s11, 0xae73
core   0: 3 0x8000ec2a (0x0ae73d97) x27 0x8ae81c2a
core   0: 0x8000ec2e (0x02065fb3) divu    t6, a2, zero
core   0: 3 0x8000ec2e (0x02065fb3) x31 0xffffffff
core   0: 0x8000ec32 (0x00004081) c.li    ra, 0
core   0: 3 0x8000ec32 (0x4081) x 1 0x00000000
core   0: 0x8000ec34 (0x00009ef6) c.add   t4, t4
core   0: 3 0x8000ec34 (0x9ef6) x29 0x00000000
core   0: 0x8000ec36 (0x025575b3) remu    a1, a0, t0
core   0: 3 0x8000ec36 (0x025575b3) x11 0x001ffc5d
core   0: 0x8000ec3a (0x00008ec9) c.or    a3, a0
core   0: 3 0x8000ec3a (0x8ec9) x13 0xfffffc5d
core   0: 0x8000ec3c (0x0ff0000f) fence   iorw,iorw
core   0: 3 0x8000ec3c (0x0ff0000f)
core   0: 0x8000ec40 (0x0000100f) fence.i
core   0: 3 0x8000ec40 (0x0000100f)
core   0: 0x8000ec44 (0x018742b3) xor     t0, a4, s8
core   0: 3 0x8000ec44 (0x018742b3) x 5 0x80029ce8
core   0: 0x8000ec48 (0x01d661b3) or      gp, a2, t4
core   0: 3 0x8000ec48 (0x01d661b3) x 3 0x0003ffeb
core   0: 0x8000ec4c (0x00a085b3) add     a1, ra, a0
core   0: 3 0x8000ec4c (0x00a085b3) x11 0xfffffc5d
core   0: 0x8000ec50 (0x04406163) bltu    zero, tp, pc + 66
core   0: 3 0x8000ec50 (0x04406163)
core   0: 0x8000ec92 (0x00000001) c.nop
core   0: 3 0x8000ec92 (0x0001)
core   0: 0x8000ec94 (0x0000997d) c.andi  a0, -1
core   0: 3 0x8000ec94 (0x997d) x10 0xfffffc5d
core   0: 0x8000ec96 (0x411a85b3) sub     a1, s5, a7
core   0: 3 0x8000ec96 (0x411a85b3) x11 0x7ffda1b4
core   0: 0x8000ec9a (0x4151d7b3) sra     a5, gp, s5
core   0: 3 0x8000ec9a (0x4151d7b3) x15 0x0003ffeb
core   0: 0x8000ec9e (0x01262f33) slt     t5, a2, s2
core   0: 3 0x8000ec9e (0x01262f33) x30 0x00000000
core   0: 0x8000eca2 (0x00832633) slt     a2, t1, s0
core   0: 3 0x8000eca2 (0x00832633) x12 0x00000001
core   0: 0x8000eca6 (0x021e1363) bne     t3, ra, pc + 38
core   0: 3 0x8000eca6 (0x021e1363)
core   0: 0x8000ecaa (0x03db4833) div     a6, s6, t4
core   0: 3 0x8000ecaa (0x03db4833) x16 0xffffffff
core   0: 0x8000ecae (0x0301c963) blt     gp, a6, pc + 50
core   0: 3 0x8000ecae (0x0301c963)
core   0: 0x8000ecb2 (0x00008a81) c.andi  a3, 0
core   0: 3 0x8000ecb2 (0x8a81) x13 0x00000000
core   0: 0x8000ecb4 (0x00001f7d) c.addi  t5, -1
core   0: 3 0x8000ecb4 (0x1f7d) x30 0xffffffff
core   0: 0x8000ecb6 (0x00000001) c.nop
core   0: 3 0x8000ecb6 (0x0001)
core   0: 0x8000ecb8 (0x407b03b3) sub     t2, s6, t2
core   0: 3 0x8000ecb8 (0x407b03b3) x 7 0xffffe000
core   0: 0x8000ecbc (0x00e739b3) sltu    s3, a4, a4
core   0: 3 0x8000ecbc (0x00e739b3) x19 0x00000000
core   0: 0x8000ecc0 (0x02b2d9b3) divu    s3, t0, a1
core   0: 3 0x8000ecc0 (0x02b2d9b3) x19 0x00000001
core   0: 0x8000ecc4 (0x41490fb3) sub     t6, s2, s4
core   0: 3 0x8000ecc4 (0x41490fb3) x31 0xfffffffb
core   0: 0x8000ecc8 (0x49431db7) lui     s11, 0x49431
core   0: 3 0x8000ecc8 (0x49431db7) x27 0x49431000
core   0: 0x8000eccc (0x01b58bb3) add     s7, a1, s11
core   0: 3 0x8000eccc (0x01b58bb3) x23 0xc940b1b4
core   0: 0x8000ecd0 (0x018c5413) srli    s0, s8, 24
core   0: 3 0x8000ecd0 (0x018c5413) x 8 0x00000000
core   0: 0x8000ecd4 (0x00008e29) c.xor   a2, a0
core   0: 3 0x8000ecd4 (0x8e29) x12 0xfffffc5c
core   0: 0x8000ecd6 (0x01c815b3) sll     a1, a6, t3
core   0: 3 0x8000ecd6 (0x01c815b3) x11 0xffffffff
core   0: 0x8000ecda (0x03bccf33) div     t5, s9, s11
core   0: 3 0x8000ecda (0x03bccf33) x30 0xffffffff
core   0: 0x8000ecde (0x00008c1d) c.sub   s0, a5
core   0: 3 0x8000ecde (0x8c1d) x 8 0xfffc0015
core   0: 0x8000ece0 (0x000012fd) c.addi  t0, -1
core   0: 3 0x8000ece0 (0x12fd) x 5 0x80029ce7
core   0: 0x8000ece2 (0x00dd4663) blt     s10, a3, pc + 12
core   0: 3 0x8000ece2 (0x00dd4663)
core   0: 0x8000ece6 (0x03a3d633) divu    a2, t2, s10
core   0: 3 0x8000ece6 (0x03a3d633) x12 0xffffffff
core   0: 0x8000ecea (0x00b4e833) or      a6, s1, a1
core   0: 3 0x8000ecea (0x00b4e833) x16 0xffffffff
core   0: 0x8000ecee (0x0167db13) srli    s6, a5, 22
core   0: 3 0x8000ecee (0x0167db13) x22 0x00000000
core   0: 0x8000ecf2 (0x40205113) srai    sp, zero, 2
core   0: 3 0x8000ecf2 (0x40205113) x 2 0x00000000
core   0: 0x8000ecf6 (0x01251463) bne     a0, s2, pc + 8
core   0: 3 0x8000ecf6 (0x01251463)
core   0: 0x8000ecfe (0x000086e5) c.srai  a3, 25
core   0: 3 0x8000ecfe (0x86e5) x13 0x00000000
core   0: 0x8000ed00 (0x03204063) blt     zero, s2, pc + 32
core   0: 3 0x8000ed00 (0x03204063)
core   0: 0x8000ed20 (0x00000080) c.addi4spn s0, sp, 64
core   0: 3 0x8000ed20 (0x0080) x 8 0x00000040
core   0: 0x8000ed22 (0x011a1233) sll     tp, s4, a7
core   0: 3 0x8000ed22 (0x011a1233) x 4 0x00006000
core   0: 0x8000ed26 (0x016b3bb3) sltu    s7, s6, s6
core   0: 3 0x8000ed26 (0x016b3bb3) x23 0x00000000
core   0: 0x8000ed2a (0x011e8933) add     s2, t4, a7
core   0: 3 0x8000ed2a (0x011e8933) x18 0x80025e4c
core   0: 0x8000ed2e (0x00009bd2) c.add   s7, s4
core   0: 3 0x8000ed2e (0x9bd2) x23 0x00000006
core   0: 0x8000ed30 (0x04acd163) bge     s9, a0, pc + 66
core   0: 3 0x8000ed30 (0x04acd163)
core   0: 0x8000ed34 (0x0ff0000f) fence   iorw,iorw
core   0: 3 0x8000ed34 (0x0ff0000f)
core   0: 0x8000ed38 (0x02fa0333) mul     t1, s4, a5
core   0: 3 0x8000ed38 (0x02fa0333) x 6 0x0017ff82
core   0: 0x8000ed3c (0x01d534b3) sltu    s1, a0, t4
core   0: 3 0x8000ed3c (0x01d534b3) x 9 0x00000000
core   0: 0x8000ed40 (0x02b965b3) rem     a1, s2, a1
core   0: 3 0x8000ed40 (0x02b965b3) x11 0x00000000
core   0: 0x8000ed44 (0x0000099e) c.slli  s3, 7
core   0: 3 0x8000ed44 (0x099e) x19 0x00000080
core   0: 0x8000ed46 (0x01b9d033) srl     zero, s3, s11
core   0: 3 0x8000ed46 (0x01b9d033)
core   0: 0x8000ed4a (0x00006c25) c.lui   s8, 0x9
core   0: 3 0x8000ed4a (0x6c25) x24 0x00009000
core   0: 0x8000ed4c (0x01637d33) and     s10, t1, s6
core   0: 3 0x8000ed4c (0x01637d33) x26 0x00000000
core   0: 0x8000ed50 (0x39738193) addi    gp, t2, 919
core   0: 3 0x8000ed50 (0x39738193) x 3 0xffffe397
core   0: 0x8000ed54 (0x0ff0000f) fence   iorw,iorw
core   0: 3 0x8000ed54 (0x0ff0000f)
core   0: 0x8000ed58 (0xa6ffc613) xori    a2, t6, -1425
core   0: 3 0x8000ed58 (0xa6ffc613) x12 0x00000594
core   0: 0x8000ed5c (0x022de3b3) rem     t2, s11, sp
core   0: 3 0x8000ed5c (0x022de3b3) x 7 0x49431000
core   0: 0x8000ed60 (0x000062e9) c.lui   t0, 0x1a
core   0: 3 0x8000ed60 (0x62e9) x 5 0x0001a000
core   0: 0x8000ed62 (0x0000c221) c.beqz  a2, pc + 64
core   0: 3 0x8000ed62 (0xc221)
core   0: 0x8000ed64 (0x020be933) rem     s2, s7, zero
core   0: 3 0x8000ed64 (0x020be933) x18 0x00000006
core   0: 0x8000ed68 (0xbf7e6d93) ori     s11, t3, -1033
core   0: 3 0x8000ed68 (0xbf7e6d93) x27 0xfffffbf7
core   0: 0x8000ed6c (0x00008e6d) c.and   a2, a1
core   0: 3 0x8000ed6c (0x8e6d) x12 0x00000000
core   0: 0x8000ed6e (0x01f98433) add     s0, s3, t6
core   0: 3 0x8000ed6e (0x01f98433) x 8 0x0000007b
core   0: 0x8000ed72 (0x0ff0000f) fence   iorw,iorw
core   0: 3 0x8000ed72 (0x0ff0000f)
core   0: 0x8000ed76 (0x00008c19) c.sub   s0, a4
core   0: 3 0x8000ed76 (0x8c19) x 8 0x7ffd6397
core   0: 0x8000ed78 (0x00000db2) c.slli  s11, 12
core   0: 3 0x8000ed78 (0x0db2) x27 0xffbf7000
core   0: 0x8000ed7a (0x02011db3) mulh    s11, sp, zero
core   0: 3 0x8000ed7a (0x02011db3) x27 0x00000000
core   0: 0x8000ed7e (0xe4c1c793) xori    a5, gp, -436
core   0: 3 0x8000ed7e (0xe4c1c793) x15 0x00001ddb
core   0: 0x8000ed82 (0x02cb7233) remu    tp, s6, a2
core   0: 3 0x8000ed82 (0x02cb7233) x 4 0x00000000
core   0: 0x8000ed86 (0x024c7e33) remu    t3, s8, tp
core   0: 3 0x8000ed86 (0x024c7e33) x28 0x00009000
core   0: 0x8000ed8a (0x00000121) c.addi  sp, 8
core   0: 3 0x8000ed8a (0x0121) x 2 0x00000008
core   0: 0x8000ed8c (0x024840b3) div     ra, a6, tp
core   0: 3 0x8000ed8c (0x024840b3) x 1 0xffffffff
core   0: 0x8000ed90 (0x00008ce9) c.and   s1, a0
core   0: 3 0x8000ed90 (0x8ce9) x 9 0x00000000
core   0: 0x8000ed92 (0x0d00a213) slti    tp, ra, 208
core   0: 3 0x8000ed92 (0x0d00a213) x 4 0x00000001
core   0: 0x8000ed96 (0x00e19463) bne     gp, a4, pc + 8
core   0: 3 0x8000ed96 (0x00e19463)
core   0: 0x8000ed9e (0x00fbe033) or      zero, s7, a5
core   0: 3 0x8000ed9e (0x00fbe033)
core   0: 0x8000eda2 (0x03807b63) bgeu    zero, s8, pc + 54
core   0: 3 0x8000eda2 (0x03807b63)
core   0: 0x8000eda6 (0x03311963) bne     sp, s3, pc + 50
core   0: 3 0x8000eda6 (0x03311963)
core   0: 0x8000edd8 (0x0230fdb3) remu    s11, ra, gp
core   0: 3 0x8000edd8 (0x0230fdb3) x27 0x00001c68
core   0: 0x8000eddc (0x0048a283) lw      t0, 4(a7)
core   0: 3 0x8000eddc (0x0048a283) x 5 0x800043a4 mem 0x80025e50
core   0: 0x8000ede0 (0x00008165) c.srli  a0, 25
core   0: 3 0x8000ede0 (0x8165) x10 0x0000007f
core   0: 0x8000ede2 (0x00006efd) c.lui   t4, 0x1f
core   0: 3 0x8000ede2 (0x6efd) x29 0x0001f000
core   0: 0x8000ede4 (0x41026513) ori     a0, tp, 1040
core   0: 3 0x8000ede4 (0x41026513) x10 0x00000411
core   0: 0x8000ede8 (0x0149ef33) or      t5, s3, s4
core   0: 3 0x8000ede8 (0x0149ef33) x30 0x00000086
core   0: 0x8000edec (0x00009412) c.add   s0, tp
core   0: 3 0x8000edec (0x9412) x 8 0x7ffd6398
core   0: 0x8000edee (0x000008e1) c.addi  a7, 24
core   0: 3 0x8000edee (0x08e1) x17 0x80025e64
core   0: 0x8000edf0 (0x000517b3) sll     a5, a0, zero
core   0: 3 0x8000edf0 (0x000517b3) x15 0x00000411
core   0: 0x8000edf4 (0x00028293) mv      t0, t0
core   0: 3 0x8000edf4 (0x00028293) x 5 0x800043a4
core   0: 0x8000edf8 (0x00009282) c.jalr  t0
core   0: 3 0x8000edf8 (0x9282) x 1 0x8000edfa
core   0: 0x800043a4 (0x0000717d) c.addi16sp sp, -16
core   0: 3 0x800043a4 (0x717d) x 2 0xfffffff8
core   0: 0x800043a6 (0x02d47ab3) remu    s5, s0, a3
core   0: 3 0x800043a6 (0x02d47ab3) x21 0x7ffd6398
core   0: 0x800043aa (0x0000863a) c.mv    a2, a4
core   0: 3 0x800043aa (0x863a) x12 0x80029ce4
core   0: 0x800043ac (0x0000987d) c.andi  s0, -1
core   0: 3 0x800043ac (0x987d) x 8 0x7ffd6398
core   0: 0x800043ae (0x00a51ab3) sll     s5, a0, a0
core   0: 3 0x800043ae (0x00a51ab3) x21 0x08220000
core   0: 0x800043b2 (0x00021d93) slli    s11, tp, 0
core   0: 3 0x800043b2 (0x00021d93) x27 0x00000001
core   0: 0x800043b6 (0x04d1f193) andi    gp, gp, 77
core   0: 3 0x800043b6 (0x04d1f193) x 3 0x00000005
core   0: 0x800043ba (0x0000855d) c.srai  a0, 23
core   0: 3 0x800043ba (0x855d) x10 0x00000000
core   0: 0x800043bc (0x0ff0000f) fence   iorw,iorw
core   0: 3 0x800043bc (0x0ff0000f)
core   0: 0x800043c0 (0x00daf863) bgeu    s5, a3, pc + 16
core   0: 3 0x800043c0 (0x00daf863)
core   0: 0x800043d0 (0x022a77b3) remu    a5, s4, sp
core   0: 3 0x800043d0 (0x022a77b3) x15 0x00000006
core   0: 0x800043d4 (0x03094ab3) div     s5, s2, a6
core   0: 3 0x800043d4 (0x03094ab3) x21 0xfffffffa
core   0: 0x800043d8 (0x00000635) c.addi  a2, 13
core   0: 3 0x800043d8 (0x0635) x12 0x80029cf1
core   0: 0x800043da (0x037834b3) mulhu   s1, a6, s7
core   0: 3 0x800043da (0x037834b3) x 9 0x00000005
core   0: 0x800043de (0x01ad24b3) slt     s1, s10, s10
core   0: 3 0x800043de (0x01ad24b3) x 9 0x00000000
core   0: 0x800043e2 (0x00008fdd) c.or    a5, a5
core   0: 3 0x800043e2 (0x8fdd) x15 0x00000006
core   0: 0x800043e4 (0x00c002ef) jal     t0, pc + 0xc
core   0: 3 0x800043e4 (0x00c002ef) x 5 0x800043e8
core   0: 0x800043f0 (0x00002029) c.jal   pc + 10
core   0: 3 0x800043f0 (0x2029) x 1 0x800043f2
core   0: 0x800043fa (0x000037fd) c.jal   pc - 18
core   0: 3 0x800043fa (0x37fd) x 1 0x800043fc
core   0: 0x800043e8 (0x00002009) c.jal   pc + 2
core   0: 3 0x800043e8 (0x2009) x 1 0x800043ea
core   0: 0x800043ea (0x0000a829) c.j     pc + 26
core   0: 3 0x800043ea (0xa829)
core   0: 0x80004404 (0xffbff16f) jal     sp, pc - 0x6
core   0: 3 0x80004404 (0xffbff16f) x 2 0x80004408
core   0: 0x800043fe (0xfefff0ef) jal     pc - 0x12
core   0: 3 0x800043fe (0xfefff0ef) x 1 0x80004402
core   0: 0x800043ec (0x00002019) c.jal   pc + 6
core   0: 3 0x800043ec (0x2019) x 1 0x800043ee
core   0: 0x800043f2 (0xffdff36f) jal     t1, pc - 0x4
core   0: 3 0x800043f2 (0xffdff36f) x 6 0x800043f6
core   0: 0x800043ee (0x0000a039) c.j     pc + 14
core   0: 3 0x800043ee (0xa039)
core   0: 0x800043fc (0x00003fed) c.jal   pc - 6
core   0: 3 0x800043fc (0x3fed) x 1 0x800043fe
core   0: 0x800043f6 (0x00c003ef) jal     t2, pc + 0xc
core   0: 3 0x800043f6 (0x00c003ef) x 7 0x800043fa
core   0: 0x80004402 (0x0000a019) c.j     pc + 6
core   0: 3 0x80004402 (0xa019)
core   0: 0x80004408 (0x66e42797) auipc   a5, 0x66e42
core   0: 3 0x80004408 (0x66e42797) x15 0xe6e46408
core   0: 0x8000440c (0x00008e55) c.or    a2, a3
core   0: 3 0x8000440c (0x8e55) x12 0x80029cf1
core   0: 0x8000440e (0x00000f08) c.addi4spn a0, sp, 912
core   0: 3 0x8000440e (0x0f08) x10 0x80004798
core   0: 0x80004410 (0x00008699) c.srai  a3, 6
core   0: 3 0x80004410 (0x8699) x13 0x00000000
core   0: 0x80004412 (0x007d85b3) add     a1, s11, t2
core   0: 3 0x80004412 (0x007d85b3) x11 0x800043fb
core   0: 0x80004416 (0x00008019) c.srli  s0, 6
core   0: 3 0x80004416 (0x8019) x 8 0x01fff58e
core   0: 0x80004418 (0x0ff0000f) fence   iorw,iorw
core   0: 3 0x80004418 (0x0ff0000f)
core   0: 0x8000441c (0x1149aa93) slti    s5, s3, 276
core   0: 3 0x8000441c (0x1149aa93) x21 0x00000001
core   0: 0x80004420 (0x025ac663) blt     s5, t0, pc + 44
core   0: 3 0x80004420 (0x025ac663)
core   0: 0x80004424 (0x000099fd) c.andi  a1, -1
core   0: 3 0x80004424 (0x99fd) x11 0x800043fb
core   0: 0x80004426 (0x00008545) c.srai  a0, 17
core   0: 3 0x80004426 (0x8545) x10 0xffffc000
core   0: 0x80004428 (0x000002ea) c.slli  t0, 26
core   0: 3 0x80004428 (0x02ea) x 5 0xa0000000
core   0: 0x8000442a (0x015e9b13) slli    s6, t4, 21
core   0: 3 0x8000442a (0x015e9b13) x22 0x00000000
core   0: 0x8000442e (0x000055fd) c.li    a1, -1
core   0: 3 0x8000442e (0x55fd) x11 0xffffffff
core   0: 0x80004430 (0x03c64333) div     t1, a2, t3
core   0: 3 0x80004430 (0x03c64333) x 6 0xffff1c77
core   0: 0x80004434 (0x02447763) bgeu    s0, tp, pc + 46
core   0: 3 0x80004434 (0x02447763)
core   0: 0x80004462 (0x00008b4a) c.mv    s6, s2
core   0: 3 0x80004462 (0x8b4a) x22 0x00000006
core   0: 0x80004464 (0x02eb29b3) mulhsu  s3, s6, a4
core   0: 3 0x80004464 (0x02eb29b3) x19 0x00000003
core   0: 0x80004468 (0x03fad263) bge     s5, t6, pc + 36
core   0: 3 0x80004468 (0x03fad263)
core   0: 0x8000448c (0x0000717d) c.addi16sp sp, -16
core   0: 3 0x8000448c (0x717d) x 2 0x800043f8
core   0: 0x8000448e (0x00008d69) c.and   a0, a0
core   0: 3 0x8000448e (0x8d69) x10 0xffffc000
core   0: 0x80004490 (0x00008df5) c.and   a1, a3
core   0: 3 0x80004490 (0x8df5) x11 0x00000000
core   0: 0x80004492 (0x034a89b3) mul     s3, s5, s4
core   0: 3 0x80004492 (0x034a89b3) x19 0x00000006
core   0: 0x80004496 (0x01f91d63) bne     s2, t6, pc + 26
core   0: 3 0x80004496 (0x01f91d63)
core   0: 0x800044b0 (0x0000587d) c.li    a6, -1
core   0: 3 0x800044b0 (0x587d) x16 0xffffffff
core   0: 0x800044b2 (0x417c5b13) srai    s6, s8, 23
core   0: 3 0x800044b2 (0x417c5b13) x22 0x00000000
core   0: 0x800044b6 (0x00008c65) c.and   s0, s1
core   0: 3 0x800044b6 (0x8c65) x 8 0x00000000
core   0: 0x800044b8 (0x00009ade) c.add   s5, s7
core   0: 3 0x800044b8 (0x9ade) x21 0x00000007
core   0: 0x800044ba (0x0000820d) c.srli  a2, 3
core   0: 3 0x800044ba (0x820d) x12 0x1000539e
core   0: 0x800044bc (0xdbf32f93) slti    t6, t1, -577
core   0: 3 0x800044bc (0xdbf32f93) x31 0x00000001
core   0: 0x800044c0 (0x403953b3) sra     t2, s2, gp
core   0: 3 0x800044c0 (0x403953b3) x 7 0x00000000
core   0: 0x800044c4 (0x02915d33) divu    s10, sp, s1
core   0: 3 0x800044c4 (0x02915d33) x26 0xffffffff
core   0: 0x800044c8 (0xeb71b293) sltiu   t0, gp, -329
core   0: 3 0x800044c8 (0xeb71b293) x 5 0x00000001
core   0: 0x800044cc (0x010e7863) bgeu    t3, a6, pc + 16
core   0: 3 0x800044cc (0x010e7863)
core   0: 0x800044d0 (0x015a9793) slli    a5, s5, 21
core   0: 3 0x800044d0 (0x015a9793) x15 0x00e00000
core   0: 0x800044d4 (0x010c7333) and     t1, s8, a6
core   0: 3 0x800044d4 (0x010c7333) x 6 0x00009000
core   0: 0x800044d8 (0x000082f9) c.srli  a3, 30
core   0: 3 0x800044d8 (0x82f9) x13 0x00000000
core   0: 0x800044da (0x00008d01) c.sub   a0, s0
core   0: 3 0x800044da (0x8d01) x10 0xffffc000
core   0: 0x800044dc (0x0ff0000f) fence   iorw,iorw
core   0: 3 0x800044dc (0x0ff0000f)
core   0: 0x800044e0 (0x0000e195) c.bnez  a1, pc + 36
core   0: 3 0x800044e0 (0xe195)
core   0: 0x800044e2 (0x00008521) c.srai  a0, 8
core   0: 3 0x800044e2 (0x8521) x10 0xffffffc0
core   0: 0x800044e4 (0x00008ced) c.and   s1, a1
core   0: 3 0x800044e4 (0x8ced) x 9 0x00000000
core   0: 0x800044e6 (0x0ff0000f) fence   iorw,iorw
core   0: 3 0x800044e6 (0x0ff0000f)
core   0: 0x800044ea (0x0000987e) c.add   a6, t6
core   0: 3 0x800044ea (0x987e) x16 0x00000000
core   0: 0x800044ec (0x0000648d) c.lui   s1, 0x3
core   0: 3 0x800044ec (0x648d) x 9 0x00003000
core   0: 0x800044ee (0x0ff0000f) fence   iorw,iorw
core   0: 3 0x800044ee (0x0ff0000f)
core   0: 0x800044f2 (0x01544463) blt     s0, s5, pc + 8
core   0: 3 0x800044f2 (0x01544463)
core   0: 0x800044fa (0x00008005) c.srli  s0, 1
core   0: 3 0x800044fa (0x8005) x 8 0x00000000
core   0: 0x800044fc (0x000be933) or      s2, s7, zero
core   0: 3 0x800044fc (0x000be933) x18 0x00000006
core   0: 0x80004500 (0x97daf093) andi    ra, s5, -1667
core   0: 3 0x80004500 (0x97daf093) x 1 0x00000005
core   0: 0x80004504 (0x0240ae33) mulhsu  t3, ra, tp
core   0: 3 0x80004504 (0x0240ae33) x28 0x00000000
core   0: 0x80004508 (0x0000178c) c.addi4spn a1, sp, 992
core   0: 3 0x80004508 (0x178c) x11 0x800047d8
core   0: 0x8000450a (0x55914e93) xori    t4, sp, 1369
core   0: 3 0x8000450a (0x55914e93) x29 0x800046a1
core   0: 0x8000450e (0x00009a26) c.add   s4, s1
core   0: 3 0x8000450e (0x9a26) x20 0x00003006
core   0: 0x80004510 (0x655fbf97) auipc   t6, 0x655fb
core   0: 3 0x80004510 (0x655fbf97) x31 0xe55ff510
core   0: 0x80004514 (0x00000a62) c.slli  s4, 24
core   0: 3 0x80004514 (0x0a62) x20 0x06000000
core   0: 0x80004516 (0x0205a3b3) mulhsu  t2, a1, zero
core   0: 3 0x80004516 (0x0205a3b3) x 7 0x00000000
core   0: 0x8000451a (0x00000a72) c.slli  s4, 28
core   0: 3 0x8000451a (0x0a72) x20 0x00000000
core   0: 0x8000451c (0x0000064a) c.slli  a2, 18
core   0: 3 0x8000451c (0x064a) x12 0x4e780000
core   0: 0x8000451e (0xd1f13f93) sltiu   t6, sp, -737
core   0: 3 0x8000451e (0xd1f13f93) x31 0x00000001
core   0: 0x80004522 (0x0075aab3) slt     s5, a1, t2
core   0: 3 0x80004522 (0x0075aab3) x21 0x00000001
core   0: 0x80004526 (0x010a9863) bne     s5, a6, pc + 16
core   0: 3 0x80004526 (0x010a9863)
core   0: 0x80004536 (0x0000100f) fence.i
core   0: 3 0x80004536 (0x0000100f)
core   0: 0x8000453a (0x00000001) c.nop
core   0: 3 0x8000453a (0x0001)
core   0: 0x8000453c (0x00008039) c.srli  s0, 14
core   0: 3 0x8000453c (0x8039) x 8 0x00000000
core   0: 0x8000453e (0x0000517d) c.li    sp, -1
core   0: 3 0x8000453e (0x517d) x 2 0xffffffff
core   0: 0x80004540 (0x00008dc5) c.or    a1, s1
core   0: 3 0x80004540 (0x8dc5) x11 0x800077d8
core   0: 0x80004542 (0x0095c533) xor     a0, a1, s1
core   0: 3 0x80004542 (0x0095c533) x10 0x800047d8
core   0: 0x80004546 (0x008eadb3) slt     s11, t4, s0
core   0: 3 0x80004546 (0x008eadb3) x27 0x00000001
core   0: 0x8000454a (0x0014ebb3) or      s7, s1, ra
core   0: 3 0x8000454a (0x0014ebb3) x23 0x00003005
core   0: 0x8000454e (0x8229f993) andi    s3, s3, -2014
core   0: 3 0x8000454e (0x8229f993) x19 0x00000002
core   0: 0x80004552 (0x015d8633) add     a2, s11, s5
core   0: 3 0x80004552 (0x015d8633) x12 0x00000002
core   0: 0x80004556 (0x01e01593) slli    a1, zero, 30
core   0: 3 0x80004556 (0x01e01593) x11 0x00000000
core   0: 0x8000455a (0x02ddea63) bltu    s11, a3, pc + 52
core   0: 3 0x8000455a (0x02ddea63)
core   0: 0x8000455e (0x00bda1b3) slt     gp, s11, a1
core   0: 3 0x8000455e (0x00bda1b3) x 3 0x00000000
core   0: 0x80004562 (0x4a8ef313) andi    t1, t4, 1192
core   0: 3 0x80004562 (0x4a8ef313) x 6 0x000004a0
core   0: 0x80004566 (0x00c3e4b3) or      s1, t2, a2
core   0: 3 0x80004566 (0x00c3e4b3) x 9 0x00000002
core   0: 0x8000456a (0x01fc0593) addi    a1, s8, 31
core   0: 3 0x8000456a (0x01fc0593) x11 0x0000901f
core   0: 0x8000456e (0x01cfd093) srli    ra, t6, 28
core   0: 3 0x8000456e (0x01cfd093) x 1 0x00000000
core   0: 0x80004572 (0x01b1c463) blt     gp, s11, pc + 8
core   0: 3 0x80004572 (0x01b1c463)
core   0: 0x8000457a (0x0000614d) c.addi16sp sp, 176
core   0: 3 0x8000457a (0x614d) x 2 0x000000af
core   0: 0x8000457c (0x0412bd93) sltiu   s11, t0, 65
core   0: 3 0x8000457c (0x0412bd93) x27 0x00000001
core   0: 0x80004580 (0x00006f9d) c.lui   t6, 0x7
core   0: 3 0x80004580 (0x6f9d) x31 0x00007000
core   0: 0x80004582 (0x7bde0c37) lui     s8, 0x7bde0
core   0: 3 0x80004582 (0x7bde0c37) x24 0x7bde0000
core   0: 0x80004586 (0xdf3e3517) auipc   a0, 0xdf3e3
core   0: 3 0x80004586 (0xdf3e3517) x10 0x5f3e7586
core   0: 0x8000458a (0x019360b3) or      ra, t1, s9
core   0: 3 0x8000458a (0x019360b3) x 1 0x800004a0
core   0: 0x8000458e (0x00008cbd) c.xor   s1, a5
core   0: 3 0x8000458e (0x8cbd) x 9 0x00e00002
core   0: 0x80004590 (0x01f6aa33) slt     s4, a3, t6
core   0: 3 0x80004590 (0x01f6aa33) x20 0x00000001
core   0: 0x80004594 (0x003ba533) slt     a0, s7, gp
core   0: 3 0x80004594 (0x003ba533) x10 0x00000000
core   0: 0x80004598 (0x024c8433) mul     s0, s9, tp
core   0: 3 0x80004598 (0x024c8433) x 8 0x80000000
core   0: 0x8000459c (0x00000001) c.nop
core   0: 3 0x8000459c (0x0001)
core   0: 0x8000459e (0x000087e2) c.mv    a5, s8
core   0: 3 0x8000459e (0x87e2) x15 0x7bde0000
core   0: 0x800045a0 (0x411152b3) sra     t0, sp, a7
core   0: 3 0x800045a0 (0x411152b3) x 5 0x0000000a
core   0: 0x800045a4 (0x00008c42) c.mv    s8, a6
core   0: 3 0x800045a4 (0x8c42) x24 0x00000000
core   0: 0x800045a6 (0x00000e1e) c.slli  t3, 7
core   0: 3 0x800045a6 (0x0e1e) x28 0x00000000
core   0: 0x800045a8 (0xdf907413) andi    s0, zero, -519
core   0: 3 0x800045a8 (0xdf907413) x 8 0x00000000
core   0: 0x800045ac (0x00a424b3) slt     s1, s0, a0
core   0: 3 0x800045ac (0x00a424b3) x 9 0x00000000
core   0: 0x800045b0 (0xffa96217) auipc   tp, 0xffa96
core   0: 3 0x800045b0 (0xffa96217) x 4 0x7fa9a5b0
core   0: 0x800045b4 (0x00009a7d) c.andi  a2, -1
core   0: 3 0x800045b4 (0x9a7d) x12 0x00000002
core   0: 0x800045b6 (0x040cd263) bgez    s9, pc + 68
core   0: 3 0x800045b6 (0x040cd263)
core   0: 0x800045ba (0x9e082637) lui     a2, 0x9e082
core   0: 3 0x800045ba (0x9e082637) x12 0x9e082000
core   0: 0x800045be (0x00008c41) c.or    s0, s0
core   0: 3 0x800045be (0x8c41) x 8 0x00000000
core   0: 0x800045c0 (0x00009e62) c.add   t3, s8
core   0: 3 0x800045c0 (0x9e62) x28 0x00000000
core   0: 0x800045c2 (0x01601513) slli    a0, zero, 22
core   0: 3 0x800045c2 (0x01601513) x10 0x00000000
core   0: 0x800045c6 (0x03ef4563) blt     t5, t5, pc + 42
core   0: 3 0x800045c6 (0x03ef4563)
core   0: 0x800045ca (0x0382f0b3) remu    ra, t0, s8
core   0: 3 0x800045ca (0x0382f0b3) x 1 0x0000000a
core   0: 0x800045ce (0x038895b3) mulh    a1, a7, s8
core   0: 3 0x800045ce (0x038895b3) x11 0x00000000
core   0: 0x800045d2 (0x000cdf33) srl     t5, s9, zero
core   0: 3 0x800045d2 (0x000cdf33) x30 0x80000000
core   0: 0x800045d6 (0x025ffe63) bgeu    t6, t0, pc + 60
core   0: 3 0x800045d6 (0x025ffe63)
core   0: 0x80004612 (0x27596f13) ori     t5, s2, 629
core   0: 3 0x80004612 (0x27596f13) x30 0x00000277
core   0: 0x80004616 (0x0f000f63) beq     zero, a6, pc + 254
core   0: 3 0x80004616 (0x0f000f63)
core   0: 0x80004714 (0x00008cb1) c.xor   s1, a2
core   0: 3 0x80004714 (0x8cb1) x 9 0x9e082000
core   0: 0x80004716 (0x02c736b3) mulhu   a3, a4, a2
core   0: 3 0x80004716 (0x02c736b3) x13 0x4f05ace9
core   0: 0x8000471a (0x00008d71) c.and   a0, a2
core   0: 3 0x8000471a (0x8d71) x10 0x00000000
core   0: 0x8000471c (0x762a3313) sltiu   t1, s4, 1890
core   0: 3 0x8000471c (0x762a3313) x 6 0x00000001
core   0: 0x80004720 (0x056b9163) bne     s7, s6, pc + 66
core   0: 3 0x80004720 (0x056b9163)
core   0: 0x80004762 (0x0000717d) c.addi16sp sp, -16
core   0: 3 0x80004762 (0x717d) x 2 0x0000009f
core   0: 0x80004764 (0x00b2e4b3) or      s1, t0, a1
core   0: 3 0x80004764 (0x00b2e4b3) x 9 0x0000000a
core   0: 0x80004768 (0x02cffdb3) remu    s11, t6, a2
core   0: 3 0x80004768 (0x02cffdb3) x27 0x00007000
core   0: 0x8000476c (0x0000c21d) c.beqz  a2, pc + 38
core   0: 3 0x8000476c (0xc21d)
core   0: 0x8000476e (0x0000987d) c.andi  s0, -1
core   0: 3 0x8000476e (0x987d) x 8 0x00000000
core   0: 0x80004770 (0x02417433) remu    s0, sp, tp
core   0: 3 0x80004770 (0x02417433) x 8 0x0000009f
core   0: 0x80004774 (0x0000e20d) c.bnez  a2, pc + 34
core   0: 3 0x80004774 (0xe20d)
core   0: 0x80004796 (0x026540b3) div     ra, a0, t1
core   0: 3 0x80004796 (0x026540b3) x 1 0x00000000
core   0: 0x8000479a (0x00000001) c.nop
core   0: 3 0x8000479a (0x0001)
core   0: 0x8000479c (0x00008d11) c.sub   a0, a2
core   0: 3 0x8000479c (0x8d11) x10 0x61f7e000
core   0: 0x8000479e (0x00b8d6b3) srl     a3, a7, a1
core   0: 3 0x8000479e (0x00b8d6b3) x13 0x80025e64
core   0: 0x800047a2 (0x0000e199) c.bnez  a1, pc + 6
core   0: 3 0x800047a2 (0xe199)
core   0: 0x800047a4 (0x40085333) sra     t1, a6, zero
core   0: 3 0x800047a4 (0x40085333) x 6 0x00000000
core   0: 0x800047a8 (0x03644833) div     a6, s0, s6
core   0: 3 0x800047a8 (0x03644833) x16 0xffffffff
core   0: 0x800047ac (0x00006421) c.lui   s0, 0x8
core   0: 3 0x800047ac (0x6421) x 8 0x00008000
core   0: 0x800047ae (0x006e62b3) or      t0, t3, t1
core   0: 3 0x800047ae (0x006e62b3) x 5 0x00000000
core   0: 0x800047b2 (0x00000eca) c.slli  t4, 18
core   0: 3 0x800047b2 (0x0eca) x29 0x1a840000
core   0: 0x800047b4 (0x00008d39) c.xor   a0, a4
core   0: 3 0x800047b4 (0x8d39) x10 0xe1f57ce4
core   0: 0x800047b6 (0x0025d533) srl     a0, a1, sp
core   0: 3 0x800047b6 (0x0025d533) x10 0x00000000
core   0: 0x800047ba (0x03a7d233) divu    tp, a5, s10
core   0: 3 0x800047ba (0x03a7d233) x 4 0x00000000
core   0: 0x800047be (0x014e86b3) add     a3, t4, s4
core   0: 3 0x800047be (0x014e86b3) x13 0x1a840001
core   0: 0x800047c2 (0x00000001) c.nop
core   0: 3 0x800047c2 (0x0001)
core   0: 0x800047c4 (0x40740eb3) sub     t4, s0, t2
core   0: 3 0x800047c4 (0x40740eb3) x29 0x00008000
core   0: 0x800047c8 (0x01968563) beq     a3, s9, pc + 10
core   0: 3 0x800047c8 (0x01968563)
core   0: 0x800047cc (0x0000850d) c.srai  a0, 3
core   0: 3 0x800047cc (0x850d) x10 0x00000000
core   0: 0x800047ce (0x017bd3b3) srl     t2, s7, s7
core   0: 3 0x800047ce (0x017bd3b3) x 7 0x00000180
core   0: 0x800047d2 (0x03a9abb3) mulhsu  s7, s3, s10
core   0: 3 0x800047d2 (0x03a9abb3) x23 0x00000001
core   0: 0x800047d6 (0x403a81b3) sub     gp, s5, gp
core   0: 3 0x800047d6 (0x403a81b3) x 3 0x00000001
core   0: 0x800047da (0x014a1b93) slli    s7, s4, 20
core   0: 3 0x800047da (0x014a1b93) x23 0x00100000
core   0: 0x800047de (0x00008db5) c.xor   a1, a3
core   0: 3 0x800047de (0x8db5) x11 0x1a840001
core   0: 0x800047e0 (0x00f0c3b3) xor     t2, ra, a5
core   0: 3 0x800047e0 (0x00f0c3b3) x 7 0x7bde0000
core   0: 0x800047e4 (0x00000b75) c.addi  s6, 29
core   0: 3 0x800047e4 (0x0b75) x22 0x0000001d
core   0: 0x800047e6 (0x000047a1) c.li    a5, 8
core   0: 3 0x800047e6 (0x47a1) x15 0x00000008
core   0: 0x800047e8 (0x02f14863) blt     sp, a5, pc + 48
core   0: 3 0x800047e8 (0x02f14863)
core   0: 0x800047ec (0x02fe91b3) mulh    gp, t4, a5
core   0: 3 0x800047ec (0x02fe91b3) x 3 0x00000000
core   0: 0x800047f0 (0x00000001) c.nop
core   0: 3 0x800047f0 (0x0001)
core   0: 0x800047f2 (0x00008c71) c.and   s0, a2
core   0: 3 0x800047f2 (0x8c71) x 8 0x00000000
core   0: 0x800047f4 (0x006c1db3) sll     s11, s8, t1
core   0: 3 0x800047f4 (0x006c1db3) x27 0x00000000
core   0: 0x800047f8 (0x03077863) bgeu    a4, a6, pc + 48
core   0: 3 0x800047f8 (0x03077863)
core   0: 0x800047fc (0x904e7097) auipc   ra, 0x904e7
core   0: 3 0x800047fc (0x904e7097) x 1 0x104eb7fc
core   0: 0x80004800 (0x13195217) auipc   tp, 0x13195
core   0: 3 0x80004800 (0x13195217) x 4 0x93199800
core   0: 0x80004804 (0x00e15f13) srli    t5, sp, 14
core   0: 3 0x80004804 (0x00e15f13) x30 0x00000000
core   0: 0x80004808 (0x73654913) xori    s2, a0, 1846
core   0: 3 0x80004808 (0x73654913) x18 0x00000736
core   0: 0x8000480c (0x000083c9) c.srli  a5, 18
core   0: 3 0x8000480c (0x83c9) x15 0x00000000
core   0: 0x8000480e (0x00900b33) add     s6, zero, s1
core   0: 3 0x8000480e (0x00900b33) x22 0x0000000a
core   0: 0x80004812 (0x0103da13) srli    s4, t2, 16
core   0: 3 0x80004812 (0x0103da13) x20 0x00007bde
core   0: 0x80004816 (0x0000887a) c.mv    a6, t5
core   0: 3 0x80004816 (0x887a) x16 0x00000000
core   0: 0x80004818 (0x029f45b3) div     a1, t5, s1
core   0: 3 0x80004818 (0x029f45b3) x11 0x00000000
core   0: 0x8000481c (0x00c3d763) bge     t2, a2, pc + 14
core   0: 3 0x8000481c (0x00c3d763)
core   0: 0x8000482a (0x023d1b63) bne     s10, gp, pc + 54
core   0: 3 0x8000482a (0x023d1b63)
core   0: 0x80004860 (0x01e68bb3) add     s7, a3, t5
core   0: 3 0x80004860 (0x01e68bb3) x23 0x1a840001
core   0: 0x80004864 (0x738bf7b7) lui     a5, 0x738bf
core   0: 3 0x80004864 (0x738bf7b7) x15 0x738bf000
core   0: 0x80004868 (0x00008e69) c.and   a2, a0
core   0: 3 0x80004868 (0x8e69) x12 0x00000000
core   0: 0x8000486a (0x939cbc13) sltiu   s8, s9, -1735
core   0: 3 0x8000486a (0x939cbc13) x24 0x00000001
core   0: 0x8000486e (0x035eddb3) divu    s11, t4, s5
core   0: 3 0x8000486e (0x035eddb3) x27 0x00008000
core   0: 0x80004872 (0x03404a33) div     s4, zero, s4
core   0: 3 0x80004872 (0x03404a33) x20 0x00000000
core   0: 0x80004876 (0x0000100f) fence.i
core   0: 3 0x80004876 (0x0000100f)
core   0: 0x8000487a (0x01c9ceb3) xor     t4, s3, t3
core   0: 3 0x8000487a (0x01c9ceb3) x29 0x00000002
core   0: 0x8000487e (0x00601813) slli    a6, zero, 6
core   0: 3 0x8000487e (0x00601813) x16 0x00000000
core   0: 0x80004882 (0x40715f93) srai    t6, sp, 7
core   0: 3 0x80004882 (0x40715f93) x31 0x00000001
core   0: 0x80004886 (0x00008c41) c.or    s0, s0
core   0: 3 0x80004886 (0x8c41) x 8 0x00000000
core   0: 0x80004888 (0x1bdf00b7) lui     ra, 0x1bdf0
core   0: 3 0x80004888 (0x1bdf00b7) x 1 0x1bdf0000
core   0: 0x8000488c (0x033eea33) rem     s4, t4, s3
core   0: 3 0x8000488c (0x033eea33) x20 0x00000000
core   0: 0x80004890 (0xbdc1e213) ori     tp, gp, -1060
core   0: 3 0x80004890 (0xbdc1e213) x 4 0xfffffbdc
core   0: 0x80004894 (0x02b78563) beq     a5, a1, pc + 42
core   0: 3 0x80004894 (0x02b78563)
core   0: 0x80004898 (0x00001b14) c.addi4spn a3, sp, 432
core   0: 3 0x80004898 (0x1b14) x13 0x0000024f
core   0: 0x8000489a (0x0000615d) c.addi16sp sp, 432
core   0: 3 0x8000489a (0x615d) x 2 0x0000024f
core   0: 0x8000489c (0x00d61463) bne     a2, a3, pc + 8
core   0: 3 0x8000489c (0x00d61463)
core   0: 0x800048a4 (0x0ff0000f) fence   iorw,iorw
core   0: 3 0x800048a4 (0x0ff0000f)
core   0: 0x800048a8 (0x03361db3) mulh    s11, a2, s3
core   0: 3 0x800048a8 (0x03361db3) x27 0x00000000
core   0: 0x800048ac (0x030af863) bgeu    s5, a6, pc + 48
core   0: 3 0x800048ac (0x030af863)
core   0: 0x800048dc (0x02670133) mul     sp, a4, t1
core   0: 3 0x800048dc (0x02670133) x 2 0x00000000
core   0: 0x800048e0 (0x00f51b63) bne     a0, a5, pc + 22
core   0: 3 0x800048e0 (0x00f51b63)
core   0: 0x800048f6 (0x0000ce0d) c.beqz  a2, pc + 58
core   0: 3 0x800048f6 (0xce0d)
core   0: 0x80004930 (0x033df763) bgeu    s11, s3, pc + 46
core   0: 3 0x80004930 (0x033df763)
core   0: 0x80004934 (0x0000717d) c.addi16sp sp, -16
core   0: 3 0x80004934 (0x717d) x 2 0xfffffff0
core   0: 0x80004936 (0x01955f13) srli    t5, a0, 25
core   0: 3 0x80004936 (0x01955f13) x30 0x00000000
core   0: 0x8000493a (0x0000e901) c.bnez  a0, pc + 16
core   0: 3 0x8000493a (0xe901)
core   0: 0x8000493c (0x6f7bcb93) xori    s7, s7, 1783
core   0: 3 0x8000493c (0x6f7bcb93) x23 0x1a8406f6
core   0: 0x80004940 (0x00008651) c.srai  a2, 20
core   0: 3 0x80004940 (0x8651) x12 0x00000000
core   0: 0x80004942 (0x00e07a33) and     s4, zero, a4
core   0: 3 0x80004942 (0x00e07a33) x20 0x00000000
core   0: 0x80004946 (0x0046d363) bge     a3, tp, pc + 6
core   0: 3 0x80004946 (0x0046d363)
core   0: 0x8000494c (0x197fba93) sltiu   s5, t6, 407
core   0: 3 0x8000494c (0x197fba93) x21 0x00000001
core   0: 0x80004950 (0x00008df9) c.and   a1, a4
core   0: 3 0x80004950 (0x8df9) x11 0x00000000
core   0: 0x80004952 (0x413154b3) sra     s1, sp, s3
core   0: 3 0x80004952 (0x413154b3) x 9 0xfffffffc
core   0: 0x80004956 (0x001b3333) sltu    t1, s6, ra
core   0: 3 0x80004956 (0x001b3333) x 6 0x00000001
core   0: 0x8000495a (0xca5e2b13) slti    s6, t3, -859
core   0: 3 0x8000495a (0xca5e2b13) x22 0x00000000
core   0: 0x8000495e (0x362e5d97) auipc   s11, 0x362e5
core   0: 3 0x8000495e (0x362e5d97) x27 0xb62e995e
core   0: 0x80004962 (0x0000e489) c.bnez  s1, pc + 10
core   0: 3 0x80004962 (0xe489)
core   0: 0x8000496c (0x0000717d) c.addi16sp sp, -16
core   0: 3 0x8000496c (0x717d) x 2 0xffffffe0
core   0: 0x8000496e (0x00009b5a) c.add   s6, s6
core   0: 3 0x8000496e (0x9b5a) x22 0x00000000
core   0: 0x80004970 (0x00000001) c.nop
core   0: 3 0x80004970 (0x0001)
core   0: 0x80004972 (0x000086a5) c.srai  a3, 9
core   0: 3 0x80004972 (0x86a5) x13 0x00000001
core   0: 0x80004974 (0x015ffa33) and     s4, t6, s5
core   0: 3 0x80004974 (0x015ffa33) x20 0x00000001
core   0: 0x80004978 (0xdad0b413) sltiu   s0, ra, -595
core   0: 3 0x80004978 (0xdad0b413) x 8 0x00000001
core   0: 0x8000497c (0x008f1413) slli    s0, t5, 8
core   0: 3 0x8000497c (0x008f1413) x 8 0x00000000
core   0: 0x80004980 (0x00008c3a) c.mv    s8, a4
core   0: 3 0x80004980 (0x8c3a) x24 0x80029ce4
core   0: 0x80004982 (0x00008d79) c.and   a0, a4
core   0: 3 0x80004982 (0x8d79) x10 0x00000000
core   0: 0x80004984 (0x0245dd33) divu    s10, a1, tp
core   0: 3 0x80004984 (0x0245dd33) x26 0x00000000
core   0: 0x80004988 (0x0000c097) auipc   ra, 0xc
core   0: 3 0x80004988 (0x0000c097) x 1 0x80010988
core   0: 0x8000498c (0x02008093) addi    ra, ra, 32
core   0: 3 0x8000498c (0x02008093) x 1 0x800109a8
core   0: 0x80004990 (0x00008089) c.srli  s1, 2
core   0: 3 0x80004990 (0x8089) x 9 0x3fffffff
core   0: 0x80004992 (0x00e09a83) lh      s5, 14(ra)
core   0: 3 0x80004992 (0x00e09a83) x21 0xffffd41e mem 0x800109b6
core   0: 0x80004996 (0x00c09123) sh      a2, 2(ra)
core   0: 3 0x80004996 (0x00c09123) mem 0x800109aa 0x0000
core   0: 0x8000499a (0x01d85613) srli    a2, a6, 29
core   0: 3 0x8000499a (0x01d85613) x12 0x00000000
core   0: 0x8000499e (0x02b34133) div     sp, t1, a1
core   0: 3 0x8000499e (0x02b34133) x 2 0xffffffff
core   0: 0x800049a2 (0x005c5db3) srl     s11, s8, t0
core   0: 3 0x800049a2 (0x005c5db3) x27 0x80029ce4
core   0: 0x800049a6 (0x01aecbb3) xor     s7, t4, s10
core   0: 3 0x800049a6 (0x01aecbb3) x23 0x00000002
core   0: 0x800049aa (0x00f0c783) lbu     a5, 15(ra)
core   0: 3 0x800049aa (0x00f0c783) x15 0x000000d4 mem 0x800109b7
core   0: 0x800049ae (0x0060cb83) lbu     s7, 6(ra)
core   0: 3 0x800049ae (0x0060cb83) x23 0x00000060 mem 0x800109ae
core   0: 0x800049b2 (0x00108a03) lb      s4, 1(ra)
core   0: 3 0x800049b2 (0x00108a03) x20 0x00000041 mem 0x800109a9
core   0: 0x800049b6 (0x027b85b3) mul     a1, s7, t2
core   0: 3 0x800049b6 (0x027b85b3) x11 0x73400000
core   0: 0x800049ba (0x00e0cc03) lbu     s8, 14(ra)
core   0: 3 0x800049ba (0x00e0cc03) x24 0x0000001e mem 0x800109b6
core   0: 0x800049be (0x000083fd) c.srli  a5, 31
core   0: 3 0x800049be (0x83fd) x15 0x00000000
core   0: 0x800049c0 (0xff00a583) lw      a1, -16(ra)
core   0: 3 0x800049c0 (0xff00a583) x11 0x7a2e0900 mem 0x80010998
core   0: 0x800049c4 (0x0000717d) c.addi16sp sp, -16
core   0: 3 0x800049c4 (0x717d) x 2 0xffffffef
core   0: 0x800049c6 (0x03578bb3) mul     s7, a5, s5
core   0: 3 0x800049c6 (0x03578bb3) x23 0x00000000
core   0: 0x800049ca (0x00006ef1) c.lui   t4, 0x1c
core   0: 3 0x800049ca (0x6ef1) x29 0x0001c000
core   0: 0x800049cc (0x00000001) c.nop
core   0: 3 0x800049cc (0x0001)
core   0: 0x800049ce (0x40235793) srai    a5, t1, 2
core   0: 3 0x800049ce (0x40235793) x15 0x00000000
core   0: 0x800049d2 (0xff20c683) lbu     a3, -14(ra)
core   0: 3 0x800049d2 (0xff20c683) x13 0x0000002e mem 0x8001099a
core   0: 0x800049d6 (0x00e08903) lb      s2, 14(ra)
core   0: 3 0x800049d6 (0x00e08903) x18 0x0000001e mem 0x800109b6
core   0: 0x800049da (0x00ac3333) sltu    t1, s8, a0
core   0: 3 0x800049da (0x00ac3333) x 6 0x00000000
core   0: 0x800049de (0x00004125) c.li    sp, 9
core   0: 3 0x800049de (0x4125) x 2 0x00000009
core   0: 0x800049e0 (0xffd0ce83) lbu     t4, -3(ra)
core   0: 3 0x800049e0 (0xffd0ce83) x29 0x00000018 mem 0x800109a5
core   0: 0x800049e4 (0x0367c5b3) div     a1, a5, s6
core   0: 3 0x800049e4 (0x0367c5b3) x11 0xffffffff
core   0: 0x800049e8 (0x00009db6) c.add   s11, a3
core   0: 3 0x800049e8 (0x9db6) x27 0x80029d12
core   0: 0x800049ea (0x00000001) c.nop
core   0: 3 0x800049ea (0x0001)
core   0: 0x800049ec (0xff708ca3) sb      s7, -7(ra)
core   0: 3 0x800049ec (0xff708ca3) mem 0x800109a1 0x0
core   0: 0x800049f0 (0xff208483) lb      s1, -14(ra)
core   0: 3 0x800049f0 (0xff208483) x 9 0x0000002e mem 0x8001099a
core   0: 0x800049f4 (0x000080dd) c.srli  s1, 23
core   0: 3 0x800049f4 (0x80dd) x 9 0x00000000
core   0: 0x800049f6 (0x0190b833) sltu    a6, ra, s9
core   0: 3 0x800049f6 (0x0190b833) x16 0x00000000
core   0: 0x800049fa (0x000041b9) c.li    gp, 14
core   0: 3 0x800049fa (0x41b9) x 3 0x0000000e
core   0: 0x800049fc (0xff1088a3) sb      a7, -15(ra)
core   0: 3 0x800049fc (0xff1088a3) mem 0x80010999 0x64
core   0: 0x80004a00 (0xfe708ca3) sb      t2, -7(ra)
core   0: 3 0x80004a00 (0xfe708ca3) mem 0x800109a1 0x0
core   0: 0x80004a04 (0x000085c6) c.mv    a1, a7
core   0: 3 0x80004a04 (0x85c6) x11 0x80025e64
core   0: 0x80004a06 (0x00209603) lh      a2, 2(ra)
core   0: 3 0x80004a06 (0x00209603) x12 0x00000000 mem 0x800109aa
core   0: 0x80004a0a (0x01d91eb3) sll     t4, s2, t4
core   0: 3 0x80004a0a (0x01d91eb3) x29 0x1e000000
core   0: 0x80004a0e (0x00708b03) lb      s6, 7(ra)
core   0: 3 0x80004a0e (0x00708b03) x22 0xfffffff9 mem 0x800109af
core   0: 0x80004a12 (0x00faedb3) or      s11, s5, a5
core   0: 3 0x80004a12 (0x00faedb3) x27 0xffffd41e
core   0: 0x80004a16 (0x034816b3) mulh    a3, a6, s4
core   0: 3 0x80004a16 (0x034816b3) x13 0x00000000
core   0: 0x80004a1a (0x008081a3) sb      s0, 3(ra)
core   0: 3 0x80004a1a (0x008081a3) mem 0x800109ab 0x0
core   0: 0x80004a1e (0x01aee333) or      t1, t4, s10
core   0: 3 0x80004a1e (0x01aee333) x 6 0x1e000000
core   0: 0x80004a22 (0xff20d803) lhu     a6, -14(ra)
core   0: 3 0x80004a22 (0xff20d803) x16 0x00007a2e mem 0x8001099a
core   0: 0x80004a26 (0x0006cb33) xor     s6, a3, zero
core   0: 3 0x80004a26 (0x0006cb33) x22 0x00000000
core   0: 0x80004a2a (0x00adda93) srli    s5, s11, 10
core   0: 3 0x80004a2a (0x00adda93) x21 0x003ffff5
core   0: 0x80004a2e (0x408bd413) srai    s0, s7, 8
core   0: 3 0x80004a2e (0x408bd413) x 8 0x00000000
core   0: 0x80004a32 (0x00000001) c.nop
core   0: 3 0x80004a32 (0x0001)
core   0: 0x80004a34 (0xcd3d0a93) addi    s5, s10, -813
core   0: 3 0x80004a34 (0xcd3d0a93) x21 0xfffffcd3
core   0: 0x80004a38 (0x0000868d) c.srai  a3, 3
core   0: 3 0x80004a38 (0x868d) x13 0x00000000
core   0: 0x80004a3a (0x00004465) c.li    s0, 25
core   0: 3 0x80004a3a (0x4465) x 8 0x00000019
core   0: 0x80004a3c (0x00e047b3) xor     a5, zero, a4
core   0: 3 0x80004a3c (0x00e047b3) x15 0x80029ce4
core   0: 0x80004a40 (0x00deda33) srl     s4, t4, a3
core   0: 3 0x80004a40 (0x00deda33) x20 0x1e000000
core   0: 0x80004a44 (0x28d08793) addi    a5, ra, 653
core   0: 3 0x80004a44 (0x28d08793) x15 0x80010c35
core   0: 0x80004a48 (0x00009ac6) c.add   s5, a7
core   0: 3 0x80004a48 (0x9ac6) x21 0x80025b37
core   0: 0x80004a4a (0x000081c6) c.mv    gp, a7
core   0: 3 0x80004a4a (0x81c6) x 3 0x80025e64
core   0: 0x80004a4c (0x01971213) slli    tp, a4, 25
core   0: 3 0x80004a4c (0x01971213) x 4 0xc8000000
core   0: 0x80004a50 (0x038afb63) bgeu    s5, s8, pc + 54
core   0: 3 0x80004a50 (0x038afb63)
core   0: 0x80004a86 (0x024bbeb3) mulhu   t4, s7, tp
core   0: 3 0x80004a86 (0x024bbeb3) x29 0x00000000
core   0: 0x80004a8a (0x035f3833) mulhu   a6, t5, s5
core   0: 3 0x80004a8a (0x035f3833) x16 0x00000000
core   0: 0x80004a8e (0x41115ab3) sra     s5, sp, a7
core   0: 3 0x80004a8e (0x41115ab3) x21 0x00000000
core   0: 0x80004a92 (0xc7940797) auipc   a5, 0xc7940
core   0: 3 0x80004a92 (0xc7940797) x15 0x47944a92
core   0: 0x80004a96 (0x00781533) sll     a0, a6, t2
core   0: 3 0x80004a96 (0x00781533) x10 0x00000000
core   0: 0x80004a9a (0x03b16533) rem     a0, sp, s11
core   0: 3 0x80004a9a (0x03b16533) x10 0x00000009
core   0: 0x80004a9e (0x0000717d) c.addi16sp sp, -16
core   0: 3 0x80004a9e (0x717d) x 2 0xfffffff9
core   0: 0x80004aa0 (0x4fa4adb7) lui     s11, 0x4fa4a
core   0: 3 0x80004aa0 (0x4fa4adb7) x27 0x4fa4a000
core   0: 0x80004aa4 (0x04e8c197) auipc   gp, 0x4e8c
core   0: 3 0x80004aa4 (0x04e8c197) x 3 0x84e90aa4
core   0: 0x80004aa8 (0x004cc7b3) xor     a5, s9, tp
core   0: 3 0x80004aa8 (0x004cc7b3) x15 0x48000000
core   0: 0x80004aac (0x00008ad6) c.mv    s5, s5
core   0: 3 0x80004aac (0x8ad6) x21 0x00000000
core   0: 0x80004aae (0x00006d75) c.lui   s10, 0x1d
core   0: 3 0x80004aae (0x6d75) x26 0x0001d000
core   0: 0x80004ab0 (0x85eb3013) sltiu   zero, s6, -1954
core   0: 3 0x80004ab0 (0x85eb3013)
core   0: 0x80004ab4 (0x00006f59) c.lui   t5, 0x16
core   0: 3 0x80004ab4 (0x6f59) x30 0x00016000
core   0: 0x80004ab6 (0x00df9313) slli    t1, t6, 13
core   0: 3 0x80004ab6 (0x00df9313) x 6 0x00002000
core   0: 0x80004aba (0x009c1fb3) sll     t6, s8, s1
core   0: 3 0x80004aba (0x009c1fb3) x31 0x0000001e
core   0: 0x80004abe (0x01c86533) or      a0, a6, t3
core   0: 3 0x80004abe (0x01c86533) x10 0x00000000
core   0: 0x80004ac2 (0x00001f90) c.addi4spn a2, sp, 1008
core   0: 3 0x80004ac2 (0x1f90) x12 0x000003e9
core   0: 0x80004ac4 (0x018f3ab3) sltu    s5, t5, s8
core   0: 3 0x80004ac4 (0x018f3ab3) x21 0x00000000
core   0: 0x80004ac8 (0x03fe2ab3) mulhsu  s5, t3, t6
core   0: 3 0x80004ac8 (0x03fe2ab3) x21 0x00000000
core   0: 0x80004acc (0x03011bb3) mulh    s7, sp, a6
core   0: 3 0x80004acc (0x03011bb3) x23 0x00000000
core   0: 0x80004ad0 (0x002d6b63) bltu    s10, sp, pc + 22
core   0: 3 0x80004ad0 (0x002d6b63)
core   0: 0x80004ae6 (0x00008faa) c.mv    t6, a0
core   0: 3 0x80004ae6 (0x8faa) x31 0x00000000
core   0: 0x80004ae8 (0x00000001) c.nop
core   0: 3 0x80004ae8 (0x0001)
core   0: 0x80004aea (0x023f9f63) bne     t6, gp, pc + 62
core   0: 3 0x80004aea (0x023f9f63)
core   0: 0x80004b28 (0xe316fc37) lui     s8, 0xe316f
core   0: 3 0x80004b28 (0xe316fc37) x24 0xe316f000
core   0: 0x80004b2c (0x0ff0000f) fence   iorw,iorw
core   0: 3 0x80004b2c (0x0ff0000f)
core   0: 0x80004b30 (0x00080c33) add     s8, a6, zero
core   0: 3 0x80004b30 (0x00080c33) x24 0x00000000
core   0: 0x80004b34 (0x02df47b3) div     a5, t5, a3
core   0: 3 0x80004b34 (0x02df47b3) x15 0xffffffff
core   0: 0x80004b38 (0xa659ec13) ori     s8, s3, -1435
core   0: 3 0x80004b38 (0xa659ec13) x24 0xfffffa67
core   0: 0x80004b3c (0x40fd09b3) sub     s3, s10, a5
core   0: 3 0x80004b3c (0x40fd09b3) x19 0x0001d001
core   0: 0x80004b40 (0x01b12133) slt     sp, sp, s11
core   0: 3 0x80004b40 (0x01b12133) x 2 0x00000001
core   0: 0x80004b44 (0x00299363) bne     s3, sp, pc + 6
core   0: 3 0x80004b44 (0x00299363)
core   0: 0x80004b4a (0x00000001) c.nop
core   0: 3 0x80004b4a (0x0001)
core   0: 0x80004b4c (0x00008c89) c.sub   s1, a0
core   0: 3 0x80004b4c (0x8c89) x 9 0x00000000
core   0: 0x80004b4e (0x096b5263) bge     s6, s6, pc + 132
core   0: 3 0x80004b4e (0x096b5263)
core   0: 0x80004bd2 (0x02fb9863) bne     s7, a5, pc + 48
core   0: 3 0x80004bd2 (0x02fb9863)
core   0: 0x80004c02 (0x0318a1b3) mulhsu  gp, a7, a7
core   0: 3 0x80004c02 (0x0318a1b3) x 3 0xc0000005
core   0: 0x80004c06 (0x02542833) mulhsu  a6, s0, t0
core   0: 3 0x80004c06 (0x02542833) x16 0x00000000
core   0: 0x80004c0a (0x00008589) c.srai  a1, 2
core   0: 3 0x80004c0a (0x8589) x11 0xe0009799
core   0: 0x80004c0c (0x0284aa33) mulhsu  s4, s1, s0
core   0: 3 0x80004c0c (0x0284aa33) x20 0x00000000
core   0: 0x80004c10 (0x00000484) c.addi4spn s1, sp, 576
core   0: 3 0x80004c10 (0x0484) x 9 0x00000241
core   0: 0x80004c12 (0x00c25b13) srli    s6, tp, 12
core   0: 3 0x80004c12 (0x00c25b13) x22 0x000c8000
core   0: 0x80004c16 (0x01fe6f33) or      t5, t3, t6
core   0: 3 0x80004c16 (0x01fe6f33) x30 0x00000000
core   0: 0x80004c1a (0x00e1b3b3) sltu    t2, gp, a4
core   0: 3 0x80004c1a (0x00e1b3b3) x 7 0x00000000
core   0: 0x80004c1e (0x01a76933) or      s2, a4, s10
core   0: 3 0x80004c1e (0x01a76933) x18 0x8003dce4
core   0: 0x80004c22 (0x0001a917) auipc   s2, 0x1a
core   0: 3 0x80004c22 (0x0001a917) x18 0x8001ec22
core   0: 0x80004c26 (0x41990913) addi    s2, s2, 1049
core   0: 3 0x80004c26 (0x41990913) x18 0x8001f03b
core   0: 0x80004c2a (0x00890203) lb      tp, 8(s2)
core   0: 3 0x80004c2a (0x00890203) x 4 0x00000079 mem 0x8001f043
core   0: 0x80004c2e (0x0000817d) c.srli  a0, 31
core   0: 3 0x80004c2e (0x817d) x10 0x00000000
core   0: 0x80004c30 (0x00591d03) lh      s10, 5(s2)
core   0: 3 0x80004c30 (0x00591d03) x26 0xffff99d7 mem 0x8001f040
core   0: 0x80004c34 (0x00000d4a) c.slli  s10, 18
core   0: 3 0x80004c34 (0x0d4a) x26 0x675c0000
core   0: 0x80004c36 (0x00592d03) lw      s10, 5(s2)
core   0: 3 0x80004c36 (0x00592d03) x26 0x792d99d7 mem 0x8001f040
core   0: 0x80004c3a (0xff590f23) sb      s5, -2(s2)
core   0: 3 0x80004c3a (0xff590f23) mem 0x8001f039 0x0
core   0: 0x80004c3e (0x00094d03) lbu     s10, 0(s2)
core   0: 3 0x80004c3e (0x00094d03) x26 0x0000001a mem 0x8001f03b
core   0: 0x80004c42 (0x00af5d33) srl     s10, t5, a0
core   0: 3 0x80004c42 (0x00af5d33) x26 0x00000000
core   0: 0x80004c46 (0x00008d09) c.sub   a0, a0
core   0: 3 0x80004c46 (0x8d09) x10 0x00000000
core   0: 0x80004c48 (0x00594b83) lbu     s7, 5(s2)
core   0: 3 0x80004c48 (0x00594b83) x23 0x000000d7 mem 0x8001f040
core   0: 0x80004c4c (0xffa90823) sb      s10, -16(s2)
core   0: 3 0x80004c4c (0xffa90823) mem 0x8001f02b 0x0
core   0: 0x80004c50 (0xeb152513) slti    a0, a0, -335
core   0: 3 0x80004c50 (0xeb152513) x10 0x00000000
core   0: 0x80004c54 (0xffe90a23) sb      t5, -12(s2)
core   0: 3 0x80004c54 (0xffe90a23) mem 0x8001f02f 0x0
core   0: 0x80004c58 (0x015aa533) slt     a0, s5, s5
core   0: 3 0x80004c58 (0x015aa533) x10 0x00000000
core   0: 0x80004c5c (0x00f95f03) lhu     t5, 15(s2)
core   0: 3 0x80004c5c (0x00f95f03) x30 0x0000e1e4 mem 0x8001f04a
core   0: 0x80004c60 (0x01725ab3) srl     s5, tp, s7
core   0: 3 0x80004c60 (0x01725ab3) x21 0x00000000
core   0: 0x80004c64 (0x00795b83) lhu     s7, 7(s2)
core   0: 3 0x80004c64 (0x00795b83) x23 0x0000792d mem 0x8001f042
core   0: 0x80004c68 (0x5a75d237) lui     tp, 0x5a75d
core   0: 3 0x80004c68 (0x5a75d237) x 4 0x5a75d000
core   0: 0x80004c6c (0xff790e23) sb      s7, -4(s2)
core   0: 3 0x80004c6c (0xff790e23) mem 0x8001f037 0x2d
core   0: 0x80004c70 (0x00990503) lb      a0, 9(s2)
core   0: 3 0x80004c70 (0x00990503) x10 0x0000002c mem 0x8001f044
core   0: 0x80004c74 (0x015d3d33) sltu    s10, s10, s5
core   0: 3 0x80004c74 (0x015d3d33) x26 0x00000000
core   0: 0x80004c78 (0xff490503) lb      a0, -12(s2)
core   0: 3 0x80004c78 (0xff490503) x10 0x00000000 mem 0x8001f02f
core   0: 0x80004c7c (0x0000857a) c.mv    a0, t5
core   0: 3 0x80004c7c (0x857a) x10 0x0000e1e4
core   0: 0x80004c7e (0x00008d29) c.xor   a0, a0
core   0: 3 0x80004c7e (0x8d29) x10 0x00000000
core   0: 0x80004c80 (0x01aacd33) xor     s10, s5, s10
core   0: 3 0x80004c80 (0x01aacd33) x26 0x00000000
core   0: 0x80004c84 (0x03aafab3) remu    s5, s5, s10
core   0: 3 0x80004c84 (0x03aafab3) x21 0x00000000
core   0: 0x80004c88 (0x01a90123) sb      s10, 2(s2)
core   0: 3 0x80004c88 (0x01a90123) mem 0x8001f03d 0x0
core   0: 0x80004c8c (0xff395d03) lhu     s10, -13(s2)
core   0: 3 0x80004c8c (0xff395d03) x26 0x000000df mem 0x8001f02e
core   0: 0x80004c90 (0x00e94d03) lbu     s10, 14(s2)
core   0: 3 0x80004c90 (0x00e94d03) x26 0x00000049 mem 0x8001f049
core   0: 0x80004c94 (0x01af4d33) xor     s10, t5, s10
core   0: 3 0x80004c94 (0x01af4d33) x26 0x0000e1ad
core   0: 0x80004c98 (0xffb90a83) lb      s5, -5(s2)
core   0: 3 0x80004c98 (0xffb90a83) x21 0xffffff8e mem 0x8001f036
core   0: 0x80004c9c (0x661d1f17) auipc   t5, 0x661d1
core   0: 3 0x80004c9c (0x661d1f17) x30 0xe61d5c9c
core   0: 0x80004ca0 (0x017907a3) sb      s7, 15(s2)
core   0: 3 0x80004ca0 (0x017907a3) mem 0x8001f04a 0x2d
core   0: 0x80004ca4 (0x0000100f) fence.i
core   0: 3 0x80004ca4 (0x0000100f)
core   0: 0x80004ca8 (0xff790b23) sb      s7, -10(s2)
core   0: 3 0x80004ca8 (0xff790b23) mem 0x8001f031 0x2d
core   0: 0x80004cac (0x004f6233) or      tp, t5, tp
core   0: 3 0x80004cac (0x004f6233) x 4 0xfe7ddc9c
core   0: 0x80004cb0 (0x41a25233) sra     tp, tp, s10
core   0: 3 0x80004cb0 (0x41a25233) x 4 0xfffff3ee
core   0: 0x80004cb4 (0x015b9d33) sll     s10, s7, s5
core   0: 3 0x80004cb4 (0x015b9d33) x26 0x1e4b4000
core   0: 0x80004cb8 (0x00008509) c.srai  a0, 2
core   0: 3 0x80004cb8 (0x8509) x10 0x00000000
core   0: 0x80004cba (0x017916a3) sh      s7, 13(s2)
core   0: 3 0x80004cba (0x017916a3) mem 0x8001f048 0x792d
core   0: 0x80004cbe (0x00d90203) lb      tp, 13(s2)
core   0: 3 0x80004cbe (0x00d90203) x 4 0x0000002d mem 0x8001f048
core   0: 0x80004cc2 (0xfb9a4493) xori    s1, s4, -71
core   0: 3 0x80004cc2 (0xfb9a4493) x 9 0xffffffb9
core   0: 0x80004cc6 (0x0000100f) fence.i
core   0: 3 0x80004cc6 (0x0000100f)
core   0: 0x80004cca (0x014f0ab3) add     s5, t5, s4
core   0: 3 0x80004cca (0x014f0ab3) x21 0xe61d5c9c
core   0: 0x80004cce (0x00cf7fb3) and     t6, t5, a2
core   0: 3 0x80004cce (0x00cf7fb3) x31 0x00000088
core   0: 0x80004cd2 (0x70032613) slti    a2, t1, 1792
core   0: 3 0x80004cd2 (0x70032613) x12 0x00000000
core   0: 0x80004cd6 (0x00006125) c.addi16sp sp, 96
core   0: 3 0x80004cd6 (0x6125) x 2 0x00000061
core   0: 0x80004cd8 (0x015fedb3) or      s11, t6, s5
core   0: 3 0x80004cd8 (0x015fedb3) x27 0xe61d5c9c
core   0: 0x80004cdc (0x01db1e33) sll     t3, s6, t4
core   0: 3 0x80004cdc (0x01db1e33) x28 0x000c8000
core   0: 0x80004ce0 (0x0000100f) fence.i
core   0: 3 0x80004ce0 (0x0000100f)
core   0: 0x80004ce4 (0x018d7d33) and     s10, s10, s8
core   0: 3 0x80004ce4 (0x018d7d33) x26 0x1e4b4000
core   0: 0x80004ce8 (0x03ba79b3) remu    s3, s4, s11
core   0: 3 0x80004ce8 (0x03ba79b3) x19 0x00000000
core   0: 0x80004cec (0x03504fb3) div     t6, zero, s5
core   0: 3 0x80004cec (0x03504fb3) x31 0x00000000
core   0: 0x80004cf0 (0x0357e363) bltu    a5, s5, pc + 38
core   0: 3 0x80004cf0 (0x0357e363)
core   0: 0x80004cf4 (0x02eece63) blt     t4, a4, pc + 60
core   0: 3 0x80004cf4 (0x02eece63)
core   0: 0x80004cf8 (0x412f0bb3) sub     s7, t5, s2
core   0: 3 0x80004cf8 (0x412f0bb3) x23 0x661b6c61
core   0: 0x80004cfc (0x67292e13) slti    t3, s2, 1650
core   0: 3 0x80004cfc (0x67292e13) x28 0x00000001
core   0: 0x80004d00 (0xdb089a37) lui     s4, 0xdb089
core   0: 3 0x80004d00 (0xdb089a37) x20 0xdb089000
core   0: 0x80004d04 (0x00aad493) srli    s1, s5, 10
core   0: 3 0x80004d04 (0x00aad493) x 9 0x00398757
core   0: 0x80004d08 (0x00c5f533) and     a0, a1, a2
core   0: 3 0x80004d08 (0x00c5f533) x10 0x00000000
core   0: 0x80004d0c (0x03382833) mulhsu  a6, a6, s3
core   0: 3 0x80004d0c (0x03382833) x16 0x00000000
core   0: 0x80004d10 (0x000bf4b3) and     s1, s7, zero
core   0: 3 0x80004d10 (0x000bf4b3) x 9 0x00000000
core   0: 0x80004d14 (0x00000eb6) c.slli  t4, 13
core   0: 3 0x80004d14 (0x0eb6) x29 0x00000000
core   0: 0x80004d16 (0x00000001) c.nop
core   0: 3 0x80004d16 (0x0001)
core   0: 0x80004d18 (0xb7c56293) ori     t0, a0, -1156
core   0: 3 0x80004d18 (0xb7c56293) x 5 0xfffffb7c
core   0: 0x80004d1c (0x0000e3b1) c.bnez  a5, pc + 68
core   0: 3 0x80004d1c (0xe3b1)
core   0: 0x80004d60 (0x04394163) blt     s2, gp, pc + 66
core   0: 3 0x80004d60 (0x04394163)
core   0: 0x80004da2 (0x0000e119) c.bnez  a0, pc + 6
core   0: 3 0x80004da2 (0xe119)
core   0: 0x80004da4 (0x02b98533) mul     a0, s3, a1
core   0: 3 0x80004da4 (0x02b98533) x10 0x00000000
core   0: 0x80004da8 (0x00dfd763) bge     t6, a3, pc + 14
core   0: 3 0x80004da8 (0x00dfd763)
core   0: 0x80004db6 (0x21703e93) sltiu   t4, zero, 535
core   0: 3 0x80004db6 (0x21703e93) x29 0x00000001
core   0: 0x80004dba (0x00305a93) srli    s5, zero, 3
core   0: 3 0x80004dba (0x00305a93) x21 0x00000000
core   0: 0x80004dbe (0x0252f763) bgeu    t0, t0, pc + 46
core   0: 3 0x80004dbe (0x0252f763)
core   0: 0x80004dec (0x02281963) bne     a6, sp, pc + 50
core   0: 3 0x80004dec (0x02281963)
core   0: 0x80004e1e (0x00b7cdb3) xor     s11, a5, a1
core   0: 3 0x80004e1e (0x00b7cdb3) x27 0x1fff6866
core   0: 0x80004e22 (0x01dba033) slt     zero, s7, t4
core   0: 3 0x80004e22 (0x01dba033)
core   0: 0x80004e26 (0x033182b3) mul     t0, gp, s3
core   0: 3 0x80004e26 (0x033182b3) x 5 0x00000000
core   0: 0x80004e2a (0x022da233) mulhsu  tp, s11, sp
core   0: 3 0x80004e2a (0x022da233) x 4 0x0000000c
core   0: 0x80004e2e (0x02f95c63) bge     s2, a5, pc + 56
core   0: 3 0x80004e2e (0x02f95c63)
core   0: 0x80004e32 (0x00000001) c.nop
core   0: 3 0x80004e32 (0x0001)
core   0: 0x80004e34 (0x00285513) srli    a0, a6, 2
core   0: 3 0x80004e34 (0x00285513) x10 0x00000000
core   0: 0x80004e38 (0x0030a2b3) slt     t0, ra, gp
core   0: 3 0x80004e38 (0x0030a2b3) x 5 0x00000001
core   0: 0x80004e3c (0x00008f91) c.sub   a5, a2
core   0: 3 0x80004e3c (0x8f91) x15 0xffffffff
core   0: 0x80004e3e (0xe5a37a93) andi    s5, t1, -422
core   0: 3 0x80004e3e (0xe5a37a93) x21 0x00002000
core   0: 0x80004e42 (0x00c5e433) or      s0, a1, a2
core   0: 3 0x80004e42 (0x00c5e433) x 8 0xe0009799
core   0: 0x80004e46 (0x02442833) mulhsu  a6, s0, tp
core   0: 3 0x80004e46 (0x02442833) x16 0xfffffffe
core   0: 0x80004e4a (0x00000992) c.slli  s3, 4
core   0: 3 0x80004e4a (0x0992) x19 0x00000000
core   0: 0x80004e4c (0x006a1d33) sll     s10, s4, t1
core   0: 3 0x80004e4c (0x006a1d33) x26 0xdb089000
core   0: 0x80004e50 (0xc1cb9eb7) lui     t4, 0xc1cb9
core   0: 3 0x80004e50 (0xc1cb9eb7) x29 0xc1cb9000
core   0: 0x80004e54 (0x4108dc33) sra     s8, a7, a6
core   0: 3 0x80004e54 (0x4108dc33) x24 0xfffffffe
core   0: 0x80004e58 (0x8e2b3513) sltiu   a0, s6, -1822
core   0: 3 0x80004e58 (0x8e2b3513) x10 0x00000001
core   0: 0x80004e5c (0x00045863) bgez    s0, pc + 16
core   0: 3 0x80004e5c (0x00045863)
core   0: 0x80004e60 (0x02829c33) mulh    s8, t0, s0
core   0: 3 0x80004e60 (0x02829c33) x24 0xffffffff
core   0: 0x80004e64 (0x00008c1a) c.mv    s8, t1
core   0: 3 0x80004e64 (0x8c1a) x24 0x00002000
core   0: 0x80004e66 (0x00008259) c.srli  a2, 22
core   0: 3 0x80004e66 (0x8259) x12 0x00000000
core   0: 0x80004e68 (0x028d3c33) mulhu   s8, s10, s0
core   0: 3 0x80004e68 (0x028d3c33) x24 0xbfa7ffb4
core   0: 0x80004e6c (0x0000841d) c.srai  s0, 7
core   0: 3 0x80004e6c (0x841d) x 8 0xffc0012f
core   0: 0x80004e6e (0x14134a13) xori    s4, t1, 321
core   0: 3 0x80004e6e (0x14134a13) x20 0x00002141
core   0: 0x80004e72 (0x03ed4463) blt     s10, t5, pc + 40
core   0: 3 0x80004e72 (0x03ed4463)
core   0: 0x80004e9a (0x00000001) c.nop
core   0: 3 0x80004e9a (0x0001)
core   0: 0x80004e9c (0x0232fc33) remu    s8, t0, gp
core   0: 3 0x80004e9c (0x0232fc33) x24 0x00000001
core   0: 0x80004ea0 (0x03738063) beq     t2, s7, pc + 32
core   0: 3 0x80004ea0 (0x03738063)
core   0: 0x80004ea4 (0x00000780) c.addi4spn s0, sp, 960
core   0: 3 0x80004ea4 (0x0780) x 8 0x00000421
core   0: 0x80004ea6 (0x01a5fd33) and     s10, a1, s10
core   0: 3 0x80004ea6 (0x01a5fd33) x26 0xc0009000
core   0: 0x80004eaa (0x41a98e33) sub     t3, s3, s10
core   0: 3 0x80004eaa (0x41a98e33) x28 0x3fff7000
core   0: 0x80004eae (0x0000615d) c.addi16sp sp, 432
core   0: 3 0x80004eae (0x615d) x 2 0x00000211
core   0: 0x80004eb0 (0x054e5263) bge     t3, s4, pc + 68
core   0: 3 0x80004eb0 (0x054e5263)
core   0: 0x80004ef4 (0x40e85f13) srai    t5, a6, 14
core   0: 3 0x80004ef4 (0x40e85f13) x30 0xffffffff
core   0: 0x80004ef8 (0x00000f32) c.slli  t5, 12
core   0: 3 0x80004ef8 (0x0f32) x30 0xfffff000
core   0: 0x80004efa (0x026ebfb3) mulhu   t6, t4, t1
core   0: 3 0x80004efa (0x026ebfb3) x31 0x00001839
core   0: 0x80004efe (0x00de9b63) bne     t4, a3, pc + 22
core   0: 3 0x80004efe (0x00de9b63)
core   0: 0x80004f14 (0x02fb82b3) mul     t0, s7, a5
core   0: 3 0x80004f14 (0x02fb82b3) x 5 0x99e4939f
core   0: 0x80004f18 (0x02a87db3) remu    s11, a6, a0
core   0: 3 0x80004f18 (0x02a87db3) x27 0x00000000
core   0: 0x80004f1c (0x00021913) slli    s2, tp, 0
core   0: 3 0x80004f1c (0x00021913) x18 0x0000000c
core   0: 0x80004f20 (0x000065a1) c.lui   a1, 0x8
core   0: 3 0x80004f20 (0x65a1) x11 0x00008000
core   0: 0x80004f22 (0x00000001) c.nop
core   0: 3 0x80004f22 (0x0001)
core   0: 0x80004f24 (0x049a7463) bgeu    s4, s1, pc + 72
core   0: 3 0x80004f24 (0x049a7463)
core   0: 0x80004f6c (0x010cc563) blt     s9, a6, pc + 10
core   0: 3 0x80004f6c (0x010cc563)
core   0: 0x80004f76 (0x0271a6b3) mulhsu  a3, gp, t2
core   0: 3 0x80004f76 (0x0271a6b3) x13 0x00000000
core   0: 0x80004f7a (0x00008485) c.srai  s1, 1
core   0: 3 0x80004f7a (0x8485) x 9 0x00000000
core   0: 0x80004f7c (0x008bf2b3) and     t0, s7, s0
core   0: 3 0x80004f7c (0x008bf2b3) x 5 0x00000421
core   0: 0x80004f80 (0x5e586293) ori     t0, a6, 1509
core   0: 3 0x80004f80 (0x5e586293) x 5 0xffffffff
core   0: 0x80004f84 (0x0000557d) c.li    a0, -1
core   0: 3 0x80004f84 (0x557d) x10 0xffffffff
core   0: 0x80004f86 (0x00000d10) c.addi4spn a2, sp, 656
core   0: 3 0x80004f86 (0x0d10) x12 0x000004a1
core   0: 0x80004f88 (0xf9fa7093) andi    ra, s4, -97
core   0: 3 0x80004f88 (0xf9fa7093) x 1 0x00002101
core   0: 0x80004f8c (0x030a65b3) rem     a1, s4, a6
core   0: 3 0x80004f8c (0x030a65b3) x11 0x00000001
core   0: 0x80004f90 (0x01de0b63) beq     t3, t4, pc + 22
core   0: 3 0x80004f90 (0x01de0b63)
core   0: 0x80004f94 (0x00009daa) c.add   s11, a0
core   0: 3 0x80004f94 (0x9daa) x27 0xffffffff
core   0: 0x80004f96 (0x444f6513) ori     a0, t5, 1092
core   0: 3 0x80004f96 (0x444f6513) x10 0xfffff444
core   0: 0x80004f9a (0x00008e85) c.sub   a3, s1
core   0: 3 0x80004f9a (0x8e85) x13 0x00000000
core   0: 0x80004f9c (0x00000001) c.nop
core   0: 3 0x80004f9c (0x0001)
core   0: 0x80004f9e (0x038f7933) remu    s2, t5, s8
core   0: 3 0x80004f9e (0x038f7933) x18 0x00000000
core   0: 0x80004fa2 (0x0333db63) bge     t2, s3, pc + 54
core   0: 3 0x80004fa2 (0x0333db63)
core   0: 0x80004fd8 (0x000083f5) c.srli  a5, 29
core   0: 3 0x80004fd8 (0x83f5) x15 0x00000007
core   0: 0x80004fda (0x01386eb3) or      t4, a6, s3
core   0: 3 0x80004fda (0x01386eb3) x29 0xfffffffe
core   0: 0x80004fde (0x02e889b3) mul     s3, a7, a4
core   0: 3 0x80004fde (0x02e889b3) x19 0x30690110
core   0: 0x80004fe2 (0x681c3917) auipc   s2, 0x681c3
core   0: 3 0x80004fe2 (0x681c3917) x18 0xe81c7fe2
core   0: 0x80004fe6 (0x00008c99) c.sub   s1, a4
core   0: 3 0x80004fe6 (0x8c99) x 9 0x7ffd631c
core   0: 0x80004fe8 (0x0000027d) c.addi  tp, 31
core   0: 3 0x80004fe8 (0x027d) x 4 0x0000002b
core   0: 0x80004fea (0x00c75413) srli    s0, a4, 12
core   0: 3 0x80004fea (0x00c75413) x 8 0x00080029
core   0: 0x80004fee (0x03b305b3) mul     a1, t1, s11
core   0: 3 0x80004fee (0x03b305b3) x11 0xffffe000
core   0: 0x80004ff2 (0x0000850d) c.srai  a0, 3
core   0: 3 0x80004ff2 (0x850d) x10 0xfffffe88
core   0: 0x80004ff4 (0x014b77b3) and     a5, s6, s4
core   0: 3 0x80004ff4 (0x014b77b3) x15 0x00000000
core   0: 0x80004ff8 (0xb17e8f13) addi    t5, t4, -1257
core   0: 3 0x80004ff8 (0xb17e8f13) x30 0xfffffb15
core   0: 0x80004ffc (0x01bfbc33) sltu    s8, t6, s11
core   0: 3 0x80004ffc (0x01bfbc33) x24 0x00000001
core   0: 0x80005000 (0x00008ef9) c.and   a3, a4
core   0: 3 0x80005000 (0x8ef9) x13 0x00000000
core   0: 0x80005002 (0x00683c33) sltu    s8, a6, t1
core   0: 3 0x80005002 (0x00683c33) x24 0x00000000
core   0: 0x80005006 (0x00ad4233) xor     tp, s10, a0
core   0: 3 0x80005006 (0x00ad4233) x 4 0x3fff6e88
core   0: 0x8000500a (0x6b946817) auipc   a6, 0x6b946
core   0: 3 0x8000500a (0x6b946817) x16 0xeb94b00a
core   0: 0x8000500e (0x2ba2f293) andi    t0, t0, 698
core   0: 3 0x8000500e (0x2ba2f293) x 5 0x000002ba
core   0: 0x80005012 (0x00000001) c.nop
core   0: 3 0x80005012 (0x0001)
core   0: 0x80005014 (0x01697833) and     a6, s2, s6
core   0: 3 0x80005014 (0x01697833) x16 0x000c0000
core   0: 0x80005018 (0x40e3d293) srai    t0, t2, 14
core   0: 3 0x80005018 (0x40e3d293) x 5 0x00000000
core   0: 0x8000501c (0x347c2213) slti    tp, s8, 839
core   0: 3 0x8000501c (0x347c2213) x 4 0x00000001
core   0: 0x80005020 (0x000082a9) c.srli  a3, 10
core   0: 3 0x80005020 (0x82a9) x13 0x00000000
core   0: 0x80005022 (0x00008c21) c.xor   s0, s0
core   0: 3 0x80005022 (0x8c21) x 8 0x00000000
core   0: 0x80005024 (0x00000001) c.nop
core   0: 3 0x80005024 (0x0001)
core   0: 0x80005026 (0x01c61033) sll     zero, a2, t3
core   0: 3 0x80005026 (0x01c61033)
core   0: 0x8000502a (0x0000c619) c.beqz  a2, pc + 14
core   0: 3 0x8000502a (0xc619)
core   0: 0x8000502c (0x03e99433) mulh    s0, s3, t5
core   0: 3 0x8000502c (0x03e99433) x 8 0xffffff11
core   0: 0x80005030 (0x05e01463) bne     zero, t5, pc + 72
core   0: 3 0x80005030 (0x05e01463)
core   0: 0x80005078 (0x02ccd233) divu    tp, s9, a2
core   0: 3 0x80005078 (0x02ccd233) x 4 0x001ba6fe
core   0: 0x8000507c (0x035c8bb3) mul     s7, s9, s5
core   0: 3 0x8000507c (0x035c8bb3) x23 0x00000000
core   0: 0x80005080 (0x00008c35) c.xor   s0, a3
core   0: 3 0x80005080 (0x8c35) x 8 0xffffff11
core   0: 0x80005082 (0x011cdbb3) srl     s7, s9, a7
core   0: 3 0x80005082 (0x011cdbb3) x23 0x08000000
core   0: 0x80005086 (0x000011fd) c.addi  gp, -1
core   0: 3 0x80005086 (0x11fd) x 3 0xc0000004
core   0: 0x80005088 (0x00c310b3) sll     ra, t1, a2
core   0: 3 0x80005088 (0x00c310b3) x 1 0x00004000
core   0: 0x8000508c (0x00006805) c.lui   a6, 0x1
core   0: 3 0x8000508c (0x6805) x16 0x00001000
core   0: 0x8000508e (0x01eefab3) and     s5, t4, t5
core   0: 3 0x8000508e (0x01eefab3) x21 0xfffffb14
core   0: 0x80005092 (0x40445d33) sra     s10, s0, tp
core   0: 3 0x80005092 (0x40445d33) x26 0xffffffff
core   0: 0x80005096 (0x01717963) bgeu    sp, s7, pc + 18
core   0: 3 0x80005096 (0x01717963)
core   0: 0x8000509a (0x006e4d63) blt     t3, t1, pc + 26
core   0: 3 0x8000509a (0x006e4d63)
core   0: 0x8000509e (0x00db2833) slt     a6, s6, a3
core   0: 3 0x8000509e (0x00db2833) x16 0x00000000
core   0: 0x800050a2 (0x00008e8a) c.mv    t4, sp
core   0: 3 0x800050a2 (0x8e8a) x29 0x00000211
core   0: 0x800050a4 (0xa50f0793) addi    a5, t5, -1456
core   0: 3 0x800050a4 (0xa50f0793) x15 0xfffff565
core   0: 0x800050a8 (0x178e4193) xori    gp, t3, 376
core   0: 3 0x800050a8 (0x178e4193) x 3 0x3fff7178
core   0: 0x800050ac (0x03a149b3) div     s3, sp, s10
core   0: 3 0x800050ac (0x03a149b3) x19 0xfffffdef
core   0: 0x800050b0 (0x0106ef33) or      t5, a3, a6
core   0: 3 0x800050b0 (0x0106ef33) x30 0x00000000
core   0: 0x800050b4 (0x0325a7b3) mulhsu  a5, a1, s2
core   0: 3 0x800050b4 (0x0325a7b3) x15 0xffffe2fc
core   0: 0x800050b8 (0x00008c99) c.sub   s1, a4
core   0: 3 0x800050b8 (0x8c99) x 9 0xfffac638
core   0: 0x800050ba (0x26667c13) andi    s8, a2, 614
core   0: 3 0x800050ba (0x26667c13) x24 0x00000020
core   0: 0x800050be (0x0000996e) c.add   s2, s11
core   0: 3 0x800050be (0x996e) x18 0xe81c7fe1
core   0: 0x800050c0 (0x000062dd) c.lui   t0, 0x17
core   0: 3 0x800050c0 (0x62dd) x 5 0x00017000
core   0: 0x800050c2 (0x408e83b3) sub     t2, t4, s0
core   0: 3 0x800050c2 (0x408e83b3) x 7 0x00000300
core   0: 0x800050c6 (0x00006abd) c.lui   s5, 0xf
core   0: 3 0x800050c6 (0x6abd) x21 0x0000f000
core   0: 0x800050c8 (0x414b5693) srai    a3, s6, 20
core   0: 3 0x800050c8 (0x414b5693) x13 0x00000000
core   0: 0x800050cc (0x0000862d) c.srai  a2, 11
core   0: 3 0x800050cc (0x862d) x12 0x00000000
core   0: 0x800050ce (0x03e56d63) bltu    a0, t5, pc + 58
core   0: 3 0x800050ce (0x03e56d63)
core   0: 0x800050d2 (0x0000c1a9) c.beqz  a1, pc + 66
core   0: 3 0x800050d2 (0xc1a9)
core   0: 0x800050d4 (0x0ff0000f) fence   iorw,iorw
core   0: 3 0x800050d4 (0x0ff0000f)
core   0: 0x800050d8 (0x014931b3) sltu    gp, s2, s4
core   0: 3 0x800050d8 (0x014931b3) x 3 0x00000000
core   0: 0x800050dc (0x0000100f) fence.i
core   0: 3 0x800050dc (0x0000100f)
core   0: 0x800050e0 (0x00008ee5) c.and   a3, s1
core   0: 3 0x800050e0 (0x8ee5) x13 0x00000000
core   0: 0x800050e2 (0x00f67f33) and     t5, a2, a5
core   0: 3 0x800050e2 (0x00f67f33) x30 0x00000000
core   0: 0x800050e6 (0xbdaf0813) addi    a6, t5, -1062
core   0: 3 0x800050e6 (0xbdaf0813) x16 0xfffffbda
core   0: 0x800050ea (0x41230fb3) sub     t6, t1, s2
core   0: 3 0x800050ea (0x41230fb3) x31 0x17e3a01f
core   0: 0x800050ee (0x00008d71) c.and   a0, a2
core   0: 3 0x800050ee (0x8d71) x10 0x00000000
core   0: 0x800050f0 (0x0220c413) xori    s0, ra, 34
core   0: 3 0x800050f0 (0x0220c413) x 8 0x00004022
core   0: 0x800050f4 (0x41b009b3) sub     s3, zero, s11
core   0: 3 0x800050f4 (0x41b009b3) x19 0x00000001
core   0: 0x800050f8 (0x021ae763) bltu    s5, ra, pc + 46
core   0: 3 0x800050f8 (0x021ae763)
core   0: 0x800050fc (0x4052d233) sra     tp, t0, t0
core   0: 3 0x800050fc (0x4052d233) x 4 0x00017000
core   0: 0x80005100 (0x01965333) srl     t1, a2, s9
core   0: 3 0x80005100 (0x01965333) x 6 0x00000000
core   0: 0x80005104 (0x35ae8f17) auipc   t5, 0x35ae8
core   0: 3 0x80005104 (0x35ae8f17) x30 0xb5aed104
core   0: 0x80005108 (0x012b9e93) slli    t4, s7, 18
core   0: 3 0x80005108 (0x012b9e93) x29 0x00000000
core   0: 0x8000510c (0x004e9793) slli    a5, t4, 4
core   0: 3 0x8000510c (0x004e9793) x15 0x00000000
core   0: 0x80005110 (0x1727cd93) xori    s11, a5, 370
core   0: 3 0x80005110 (0x1727cd93) x27 0x00000172
core   0: 0x80005114 (0x00588433) add     s0, a7, t0
core   0: 3 0x80005114 (0x00588433) x 8 0x8003ce64
core   0: 0x80005118 (0x00000ed6) c.slli  t4, 21
core   0: 3 0x80005118 (0x0ed6) x29 0x00000000
core   0: 0x8000511a (0x006290b3) sll     ra, t0, t1
core   0: 3 0x8000511a (0x006290b3) x 1 0x00017000
core   0: 0x8000511e (0x04aff463) bgeu    t6, a0, pc + 72
core   0: 3 0x8000511e (0x04aff463)
core   0: 0x80005166 (0x03b7d3b3) divu    t2, a5, s11
core   0: 3 0x80005166 (0x03b7d3b3) x 7 0x00000000
core   0: 0x8000516a (0x0000ebed) c.bnez  a5, pc + 242
core   0: 3 0x8000516a (0xebed)
core   0: 0x8000516c (0x03094933) div     s2, s2, a6
core   0: 3 0x8000516c (0x03094933) x18 0x0005c22b
core   0: 0x80005170 (0x0000100f) fence.i
core   0: 3 0x80005170 (0x0000100f)
core   0: 0x80005174 (0x00061bb3) sll     s7, a2, zero
core   0: 3 0x80005174 (0x00061bb3) x23 0x00000000
core   0: 0x80005178 (0x00ba6a63) bltu    s4, a1, pc + 20
core   0: 3 0x80005178 (0x00ba6a63)
core   0: 0x8000518c (0x0000859d) c.srai  a1, 7
core   0: 3 0x8000518c (0x859d) x11 0xffffffc0
core   0: 0x8000518e (0xa6b77013) andi    zero, a4, -1429
core   0: 3 0x8000518e (0xa6b77013)
core   0: 0x80005192 (0x00006f3d) c.lui   t5, 0xf
core   0: 3 0x80005192 (0x6f3d) x30 0x0000f000
core   0: 0x80005194 (0x0000c797) auipc   a5, 0xc
core   0: 3 0x80005194 (0x0000c797) x15 0x80011194
core   0: 0x80005198 (0xbe478793) addi    a5, a5, -1052
core   0: 3 0x80005198 (0xbe478793) x15 0x80010d78
core   0: 0x8000519c (0x03f816b3) mulh    a3, a6, t6
core   0: 3 0x8000519c (0x03f816b3) x13 0xffffff9c
core   0: 0x800051a0 (0x01b756b3) srl     a3, a4, s11
core   0: 3 0x800051a0 (0x01b756b3) x13 0x00002000
core   0: 0x800051a4 (0x008db6b3) sltu    a3, s11, s0
core   0: 3 0x800051a4 (0x008db6b3) x13 0x00000001
core   0: 0x800051a8 (0x03406133) rem     sp, zero, s4
core   0: 3 0x800051a8 (0x03406133) x 2 0x00000000
core   0: 0x800051ac (0x0827d283) lhu     t0, 130(a5)
core   0: 3 0x800051ac (0x0827d283) x 5 0x00002826 mem 0x80010dfa
core   0: 0x800051b0 (0x014ae633) or      a2, s5, s4
core   0: 3 0x800051b0 (0x014ae633) x12 0x0000f141
core   0: 0x800051b4 (0x0000997d) c.andi  a0, -1
core   0: 3 0x800051b4 (0x997d) x10 0x00000000
core   0: 0x800051b6 (0x0021a333) slt     t1, gp, sp
core   0: 3 0x800051b6 (0x0021a333) x 6 0x00000000
core   0: 0x800051ba (0x000089ce) c.mv    s3, s3
core   0: 3 0x800051ba (0x89ce) x19 0x00000001
core   0: 0x800051bc (0x00000ebd) c.addi  t4, 15
core   0: 3 0x800051bc (0x0ebd) x29 0x0000000f
core   0: 0x800051be (0x09b78e23) sb      s11, 156(a5)
core   0: 3 0x800051be (0x09b78e23) mem 0x80010e14 0x72
core   0: 0x800051c2 (0xf9f7c583) lbu     a1, -97(a5)
core   0: 3 0x800051c2 (0xf9f7c583) x11 0x00000032 mem 0x80010d17
core   0: 0x800051c6 (0xf3c79c23) sh      t3, -200(a5)
core   0: 3 0x800051c6 (0xf3c79c23) mem 0x80010cb0 0x7000
core   0: 0x800051ca (0xf1e78023) sb      t5, -256(a5)
core   0: 3 0x800051ca (0xf1e78023) mem 0x80010c78 0x0
core   0: 0x800051ce (0x410fdd93) srai    s11, t6, 16
core   0: 3 0x800051ce (0x410fdd93) x27 0x000017e3
core   0: 0x800051d2 (0xf8c79b23) sh      a2, -106(a5)
core   0: 3 0x800051d2 (0xf8c79b23) mem 0x80010d0e 0xf141
core   0: 0x800051d6 (0x05b79c23) sh      s11, 88(a5)
core   0: 3 0x800051d6 (0x05b79c23) mem 0x80010dd0 0x17e3
core   0: 0x800051da (0xfd978103) lb      sp, -39(a5)
core   0: 3 0x800051da (0xfd978103) x 2 0xffffff84 mem 0x80010d51
core   0: 0x800051de (0x01c780a3) sb      t3, 1(a5)
core   0: 3 0x800051de (0x01c780a3) mem 0x80010d79 0x0
core   0: 0x800051e2 (0x00008009) c.srli  s0, 2
core   0: 3 0x800051e2 (0x8009) x 8 0x2000f399
core   0: 0x800051e4 (0xfe579423) sh      t0, -24(a5)
core   0: 3 0x800051e4 (0xfe579423) mem 0x80010d60 0x2826
core   0: 0x800051e8 (0xa79f5597) auipc   a1, 0xa79f5
core   0: 3 0x800051e8 (0xa79f5597) x11 0x279fa1e8
core   0: 0x800051ec (0x00009d42) c.add   s10, a6
core   0: 3 0x800051ec (0x9d42) x26 0xfffffbd9
core   0: 0x800051ee (0x00001594) c.addi4spn a3, sp, 736
core   0: 3 0x800051ee (0x1594) x13 0x00000264
core   0: 0x800051f0 (0xfda7c483) lbu     s1, -38(a5)
core   0: 3 0x800051f0 (0xfda7c483) x 9 0x00000045 mem 0x80010d52
core   0: 0x800051f4 (0x01378503) lb      a0, 19(a5)
core   0: 3 0x800051f4 (0x01378503) x10 0xffffffc0 mem 0x80010d8b
core   0: 0x800051f8 (0x03578003) lb      zero, 53(a5)
core   0: 3 0x800051f8 (0x03578003) mem 0x80010dad
core   0: 0x800051fc (0xf2479183) lh      gp, -220(a5)
core   0: 3 0x800051fc (0xf2479183) x 3 0x000079d0 mem 0x80010c9c
core   0: 0x80005200 (0xfb679123) sh      s6, -94(a5)
core   0: 3 0x80005200 (0xfb679123) mem 0x80010d1a 0x8000
core   0: 0x80005204 (0x0e479903) lh      s2, 228(a5)
core   0: 3 0x80005204 (0x0e479903) x18 0x00007707 mem 0x80010e5c
core   0: 0x80005208 (0x016a36b3) sltu    a3, s4, s6
core   0: 3 0x80005208 (0x016a36b3) x13 0x00000001
core   0: 0x8000520c (0x0727da83) lhu     s5, 114(a5)
core   0: 3 0x8000520c (0x0727da83) x21 0x000000c1 mem 0x80010dea
core   0: 0x80005210 (0xf1079a83) lh      s5, -240(a5)
core   0: 3 0x80005210 (0xf1079a83) x21 0x00000eac mem 0x80010c88
core   0: 0x80005214 (0x00000001) c.nop
core   0: 3 0x80005214 (0x0001)
core   0: 0x80005216 (0x00006155) c.addi16sp sp, 304
core   0: 3 0x80005216 (0x6155) x 2 0x000000b4
core   0: 0x80005218 (0x000098fd) c.andi  s1, -1
core   0: 3 0x80005218 (0x98fd) x 9 0x00000045
core   0: 0x8000521a (0xf687cc03) lbu     s8, -152(a5)
core   0: 3 0x8000521a (0xf687cc03) x24 0x00000064 mem 0x80010ce0
core   0: 0x8000521e (0x005303b3) add     t2, t1, t0
core   0: 3 0x8000521e (0x005303b3) x 7 0x00002826
core   0: 0x80005222 (0x0977c983) lbu     s3, 151(a5)
core   0: 3 0x80005222 (0x0977c983) x19 0x00000071 mem 0x80010e0f
core   0: 0x80005226 (0x011f5d93) srli    s11, t5, 17
core   0: 3 0x80005226 (0x011f5d93) x27 0x00000000
core   0: 0x8000522a (0x01585a13) srli    s4, a6, 21
core   0: 3 0x8000522a (0x01585a13) x20 0x000007ff
core   0: 0x8000522e (0x0c878983) lb      s3, 200(a5)
core   0: 3 0x8000522e (0x0c878983) x19 0xffffff84 mem 0x80010e40
core   0: 0x80005232 (0x0bc78fa3) sb      t3, 191(a5)
core   0: 3 0x80005232 (0x0bc78fa3) mem 0x80010e37 0x0
core   0: 0x80005236 (0x03d78503) lb      a0, 61(a5)
core   0: 3 0x80005236 (0x03d78503) x10 0xffffff8a mem 0x80010db5
core   0: 0x8000523a (0x0687cc03) lbu     s8, 104(a5)
core   0: 3 0x8000523a (0x0687cc03) x24 0x00000018 mem 0x80010de0
core   0: 0x8000523e (0x0157c283) lbu     t0, 21(a5)
core   0: 3 0x8000523e (0x0157c283) x 5 0x00000016 mem 0x80010d8d
core   0: 0x80005242 (0x02401863) bne     zero, tp, pc + 48
core   0: 3 0x80005242 (0x02401863)
core   0: 0x80005272 (0x0000927a) c.add   tp, t5
core   0: 3 0x80005272 (0x927a) x 4 0x00026000
core   0: 0x80005274 (0x000041a9) c.li    gp, 10
core   0: 3 0x80005274 (0x41a9) x 3 0x0000000a
core   0: 0x80005276 (0x00000c97) auipc   s9, 0x0
core   0: 3 0x80005276 (0x00000c97) x25 0x80005276
core   0: 0x8000527a (0x00cc8c93) addi    s9, s9, 12
core   0: 3 0x8000527a (0x00cc8c93) x25 0x80005282
core   0: 0x8000527e (0x000c8067) jr      s9
core   0: 3 0x8000527e (0x000c8067)
core   0: 0x80005282 (0x00004185) c.li    gp, 1
core   0: 3 0x80005282 (0x4185) x 3 0x00000001
core   0: 0x80005284 (0x00000073) ecall
core   0: exception trap_machine_ecall, epc 0x80005284
core   0: >>>>  mtvec_handler
core   0: 0x8000ee08 (0x00001771) c.addi  a4, -4
core   0: 3 0x8000ee08 (0x1771) x14 0x80029ce0
core   0: 0x8000ee0a (0x01172023) sw      a7, 0(a4)
core   0: 3 0x8000ee0a (0x01172023) mem 0x80029ce0 0x80025e64
core   0: 0x8000ee0e (0x000708b3) add     a7, a4, zero
core   0: 3 0x8000ee0e (0x000708b3) x17 0x80029ce0
core   0: 0x8000ee12 (0xf8088893) addi    a7, a7, -128
core   0: 3 0x8000ee12 (0xf8088893) x17 0x80029c60
core   0: 0x8000ee16 (0x0018a223) sw      ra, 4(a7)
core   0: 3 0x8000ee16 (0x0018a223) mem 0x80029c64 0x00017000
core   0: 0x8000ee1a (0x0028a423) sw      sp, 8(a7)
core   0: 3 0x8000ee1a (0x0028a423) mem 0x80029c68 0x000000b4
core   0: 0x8000ee1e (0x0038a623) sw      gp, 12(a7)
core   0: 3 0x8000ee1e (0x0038a623) mem 0x80029c6c 0x00000001
core   0: 0x8000ee22 (0x0048a823) sw      tp, 16(a7)
core   0: 3 0x8000ee22 (0x0048a823) mem 0x80029c70 0x00026000
core   0: 0x8000ee26 (0x0058aa23) sw      t0, 20(a7)
core   0: 3 0x8000ee26 (0x0058aa23) mem 0x80029c74 0x00000016
core   0: 0x8000ee2a (0x0068ac23) sw      t1, 24(a7)
core   0: 3 0x8000ee2a (0x0068ac23) mem 0x80029c78 0x00000000
core   0: 0x8000ee2e (0x0078ae23) sw      t2, 28(a7)
core   0: 3 0x8000ee2e (0x0078ae23) mem 0x80029c7c 0x00002826
core   0: 0x8000ee32 (0x0288a023) sw      s0, 32(a7)
core   0: 3 0x8000ee32 (0x0288a023) mem 0x80029c80 0x2000f399
core   0: 0x8000ee36 (0x0298a223) sw      s1, 36(a7)
core   0: 3 0x8000ee36 (0x0298a223) mem 0x80029c84 0x00000045
core   0: 0x8000ee3a (0x02a8a423) sw      a0, 40(a7)
core   0: 3 0x8000ee3a (0x02a8a423) mem 0x80029c88 0xffffff8a
core   0: 0x8000ee3e (0x02b8a623) sw      a1, 44(a7)
core   0: 3 0x8000ee3e (0x02b8a623) mem 0x80029c8c 0x279fa1e8
core   0: 0x8000ee42 (0x02c8a823) sw      a2, 48(a7)
core   0: 3 0x8000ee42 (0x02c8a823) mem 0x80029c90 0x0000f141
core   0: 0x8000ee46 (0x02d8aa23) sw      a3, 52(a7)
core   0: 3 0x8000ee46 (0x02d8aa23) mem 0x80029c94 0x00000001
core   0: 0x8000ee4a (0x02e8ac23) sw      a4, 56(a7)
core   0: 3 0x8000ee4a (0x02e8ac23) mem 0x80029c98 0x80029ce0
core   0: 0x8000ee4e (0x02f8ae23) sw      a5, 60(a7)
core   0: 3 0x8000ee4e (0x02f8ae23) mem 0x80029c9c 0x80010d78
core   0: 0x8000ee52 (0x0508a023) sw      a6, 64(a7)
core   0: 3 0x8000ee52 (0x0508a023) mem 0x80029ca0 0xfffffbda
core   0: 0x8000ee56 (0x0518a223) sw      a7, 68(a7)
core   0: 3 0x8000ee56 (0x0518a223) mem 0x80029ca4 0x80029c60
core   0: 0x8000ee5a (0x0528a423) sw      s2, 72(a7)
core   0: 3 0x8000ee5a (0x0528a423) mem 0x80029ca8 0x00007707
core   0: 0x8000ee5e (0x0538a623) sw      s3, 76(a7)
core   0: 3 0x8000ee5e (0x0538a623) mem 0x80029cac 0xffffff84
core   0: 0x8000ee62 (0x0548a823) sw      s4, 80(a7)
core   0: 3 0x8000ee62 (0x0548a823) mem 0x80029cb0 0x000007ff
core   0: 0x8000ee66 (0x0558aa23) sw      s5, 84(a7)
core   0: 3 0x8000ee66 (0x0558aa23) mem 0x80029cb4 0x00000eac
core   0: 0x8000ee6a (0x0568ac23) sw      s6, 88(a7)
core   0: 3 0x8000ee6a (0x0568ac23) mem 0x80029cb8 0x000c8000
core   0: 0x8000ee6e (0x0578ae23) sw      s7, 92(a7)
core   0: 3 0x8000ee6e (0x0578ae23) mem 0x80029cbc 0x00000000
core   0: 0x8000ee72 (0x0788a023) sw      s8, 96(a7)
core   0: 3 0x8000ee72 (0x0788a023) mem 0x80029cc0 0x00000018
core   0: 0x8000ee76 (0x0798a223) sw      s9, 100(a7)
core   0: 3 0x8000ee76 (0x0798a223) mem 0x80029cc4 0x80005282
core   0: 0x8000ee7a (0x07a8a423) sw      s10, 104(a7)
core   0: 3 0x8000ee7a (0x07a8a423) mem 0x80029cc8 0xfffffbd9
core   0: 0x8000ee7e (0x07b8a623) sw      s11, 108(a7)
core   0: 3 0x8000ee7e (0x07b8a623) mem 0x80029ccc 0x00000000
core   0: 0x8000ee82 (0x07c8a823) sw      t3, 112(a7)
core   0: 3 0x8000ee82 (0x07c8a823) mem 0x80029cd0 0x3fff7000
core   0: 0x8000ee86 (0x07d8aa23) sw      t4, 116(a7)
core   0: 3 0x8000ee86 (0x07d8aa23) mem 0x80029cd4 0x0000000f
core   0: 0x8000ee8a (0x07e8ac23) sw      t5, 120(a7)
core   0: 3 0x8000ee8a (0x07e8ac23) mem 0x80029cd8 0x0000f000
core   0: 0x8000ee8e (0x07f8ae23) sw      t6, 124(a7)
core   0: 3 0x8000ee8e (0x07f8ae23) mem 0x80029cdc 0x17e3a01f
core   0: 0x8000ee92 (0x00088733) add     a4, a7, zero
core   0: 3 0x8000ee92 (0x00088733) x14 0x80029c60
core   0: 0x8000ee96 (0x30002ef3) csrr    t4, mstatus
core   0: 3 0x8000ee96 (0x30002ef3) x29 0x00001800
core   0: 0x8000ee9a (0x34202ef3) csrr    t4, mcause
core   0: 3 0x8000ee9a (0x34202ef3) x29 0x0000000b
core   0: 0x8000ee9e (0x01fede93) srli    t4, t4, 31
core   0: 3 0x8000ee9e (0x01fede93) x29 0x00000000
core   0: 0x8000eea2 (0x3e0e9163) bnez    t4, pc + 994
core   0: 3 0x8000eea2 (0x3e0e9163)
core   0: 0x8000eea6 (0x34102ef3) csrr    t4, mepc
core   0: 3 0x8000eea6 (0x34102ef3) x29 0x80005284
core   0: 0x8000eeaa (0x34202ef3) csrr    t4, mcause
core   0: 3 0x8000eeaa (0x34202ef3) x29 0x0000000b
core   0: 0x8000eeae (0x0000438d) c.li    t2, 3
core   0: 3 0x8000eeae (0x438d) x 7 0x00000003
core   0: 0x8000eeb0 (0x287e8d63) beq     t4, t2, pc + 666
core   0: 3 0x8000eeb0 (0x287e8d63)
core   0: 0x8000eeb4 (0x000043a1) c.li    t2, 8
core   0: 3 0x8000eeb4 (0x43a1) x 7 0x00000008
core   0: 0x8000eeb6 (0x047e8563) beq     t4, t2, pc + 74
core   0: 3 0x8000eeb6 (0x047e8563)
core   0: 0x8000eeba (0x000043a5) c.li    t2, 9
core   0: 3 0x8000eeba (0x43a5) x 7 0x00000009
core   0: 0x8000eebc (0x047e8263) beq     t4, t2, pc + 68
core   0: 3 0x8000eebc (0x047e8263)
core   0: 0x8000eec0 (0x000043ad) c.li    t2, 11
core   0: 3 0x8000eec0 (0x43ad) x 7 0x0000000b
core   0: 0x8000eec2 (0x027e8f63) beq     t4, t2, pc + 62
core   0: 3 0x8000eec2 (0x027e8f63)
core   0: 0x8000ef00 (0xffff1e97) auipc   t4, 0xffff1
core   0: 3 0x8000ef00 (0xffff1e97) x29 0x7fffff00
core   0: 0x8000ef04 (0x100e8e93) addi    t4, t4, 256
core   0: 3 0x8000ef04 (0x100e8e93) x29 0x80000000
core   0: 0x8000ef08 (0x000ea023) sw      zero, 0(t4)
core   0: 3 0x8000ef08 (0x000ea023) mem 0x80000000 0x00000000
core   0: 0x8000ef0c (0x001ea223) sw      ra, 4(t4)
core   0: 3 0x8000ef0c (0x001ea223) mem 0x80000004 0x00017000
core   0: 0x8000ef10 (0x002ea423) sw      sp, 8(t4)
core   0: 3 0x8000ef10 (0x002ea423) mem 0x80000008 0x000000b4
core   0: 0x8000ef14 (0x003ea623) sw      gp, 12(t4)
core   0: 3 0x8000ef14 (0x003ea623) mem 0x8000000c 0x00000001
core   0: 0x8000ef18 (0x004ea823) sw      tp, 16(t4)
core   0: 3 0x8000ef18 (0x004ea823) mem 0x80000010 0x00026000
core   0: 0x8000ef1c (0x005eaa23) sw      t0, 20(t4)
core   0: 3 0x8000ef1c (0x005eaa23) mem 0x80000014 0x00000016
core   0: 0x8000ef20 (0x006eac23) sw      t1, 24(t4)
core   0: 3 0x8000ef20 (0x006eac23) mem 0x80000018 0x00000000
core   0: 0x8000ef24 (0x007eae23) sw      t2, 28(t4)
core   0: 3 0x8000ef24 (0x007eae23) mem 0x8000001c 0x0000000b
core   0: 0x8000ef28 (0x028ea023) sw      s0, 32(t4)
core   0: 3 0x8000ef28 (0x028ea023) mem 0x80000020 0x2000f399
core   0: 0x8000ef2c (0x029ea223) sw      s1, 36(t4)
core   0: 3 0x8000ef2c (0x029ea223) mem 0x80000024 0x00000045
core   0: 0x8000ef30 (0x02aea423) sw      a0, 40(t4)
core   0: 3 0x8000ef30 (0x02aea423) mem 0x80000028 0xffffff8a
core   0: 0x8000ef34 (0x02bea623) sw      a1, 44(t4)
core   0: 3 0x8000ef34 (0x02bea623) mem 0x8000002c 0x279fa1e8
core   0: 0x8000ef38 (0x02cea823) sw      a2, 48(t4)
core   0: 3 0x8000ef38 (0x02cea823) mem 0x80000030 0x0000f141
core   0: 0x8000ef3c (0x02deaa23) sw      a3, 52(t4)
core   0: 3 0x8000ef3c (0x02deaa23) mem 0x80000034 0x00000001
core   0: 0x8000ef40 (0x02eeac23) sw      a4, 56(t4)
core   0: 3 0x8000ef40 (0x02eeac23) mem 0x80000038 0x80029c60
core   0: 0x8000ef44 (0x02feae23) sw      a5, 60(t4)
core   0: 3 0x8000ef44 (0x02feae23) mem 0x8000003c 0x80010d78
core   0: 0x8000ef48 (0x050ea023) sw      a6, 64(t4)
core   0: 3 0x8000ef48 (0x050ea023) mem 0x80000040 0xfffffbda
core   0: 0x8000ef4c (0x051ea223) sw      a7, 68(t4)
core   0: 3 0x8000ef4c (0x051ea223) mem 0x80000044 0x80029c60
core   0: 0x8000ef50 (0x052ea423) sw      s2, 72(t4)
core   0: 3 0x8000ef50 (0x052ea423) mem 0x80000048 0x00007707
core   0: 0x8000ef54 (0x053ea623) sw      s3, 76(t4)
core   0: 3 0x8000ef54 (0x053ea623) mem 0x8000004c 0xffffff84
core   0: 0x8000ef58 (0x054ea823) sw      s4, 80(t4)
core   0: 3 0x8000ef58 (0x054ea823) mem 0x80000050 0x000007ff
core   0: 0x8000ef5c (0x055eaa23) sw      s5, 84(t4)
core   0: 3 0x8000ef5c (0x055eaa23) mem 0x80000054 0x00000eac
core   0: 0x8000ef60 (0x056eac23) sw      s6, 88(t4)
core   0: 3 0x8000ef60 (0x056eac23) mem 0x80000058 0x000c8000
core   0: 0x8000ef64 (0x057eae23) sw      s7, 92(t4)
core   0: 3 0x8000ef64 (0x057eae23) mem 0x8000005c 0x00000000
core   0: 0x8000ef68 (0x078ea023) sw      s8, 96(t4)
core   0: 3 0x8000ef68 (0x078ea023) mem 0x80000060 0x00000018
core   0: 0x8000ef6c (0x079ea223) sw      s9, 100(t4)
core   0: 3 0x8000ef6c (0x079ea223) mem 0x80000064 0x80005282
core   0: 0x8000ef70 (0x07aea423) sw      s10, 104(t4)
core   0: 3 0x8000ef70 (0x07aea423) mem 0x80000068 0xfffffbd9
core   0: 0x8000ef74 (0x07bea623) sw      s11, 108(t4)
core   0: 3 0x8000ef74 (0x07bea623) mem 0x8000006c 0x00000000
core   0: 0x8000ef78 (0x07cea823) sw      t3, 112(t4)
core   0: 3 0x8000ef78 (0x07cea823) mem 0x80000070 0x3fff7000
core   0: 0x8000ef7c (0x07deaa23) sw      t4, 116(t4)
core   0: 3 0x8000ef7c (0x07deaa23) mem 0x80000074 0x80000000
core   0: 0x8000ef80 (0x07eeac23) sw      t5, 120(t4)
core   0: 3 0x8000ef80 (0x07eeac23) mem 0x80000078 0x0000f000
core   0: 0x8000ef84 (0x07feae23) sw      t6, 124(t4)
core   0: 3 0x8000ef84 (0x07feae23) mem 0x8000007c 0x17e3a01f
core   0: 0x8000ef88 (0x00000c97) auipc   s9, 0x0
core   0: 3 0x8000ef88 (0x00000c97) x25 0x8000ef88
core   0: 0x8000ef8c (0xe72c8c93) addi    s9, s9, -398
core   0: 3 0x8000ef8c (0xe72c8c93) x25 0x8000edfa
core   0: 0x8000ef90 (0x000c8067) jr      s9
core   0: 3 0x8000ef90 (0x000c8067)
core   0: 0x8000edfa (0x00001f17) auipc   t5, 0x1
core   0: 3 0x8000edfa (0x00001f17) x30 0x8000fdfa
core   0: 0x8000edfe (0x203f2323) sw      gp, 518(t5)
core   0: 3 0x8000edfe (0x203f2323) mem 0x80010000 0x00000001
core   0: 0x8000ee02 (0x0000bfe5) c.j     pc - 8
core   0: 3 0x8000ee02 (0xbfe5)
core   0: 0x8000edfa (0x00001f17) auipc   t5, 0x1
core   0: 3 0x8000edfa (0x00001f17) x30 0x8000fdfa
core   0: 0x8000edfe (0x203f2323) sw      gp, 518(t5)
core   0: 3 0x8000edfe (0x203f2323) mem 0x80010000 0x00000001
core   0: 0x8000ee02 (0x0000bfe5) c.j     pc - 8
core   0: 3 0x8000ee02 (0xbfe5)
core   0: 0x8000edfa (0x00001f17) auipc   t5, 0x1
core   0: 3 0x8000edfa (0x00001f17) x30 0x8000fdfa
core   0: 0x8000edfe (0x203f2323) sw      gp, 518(t5)
core   0: 3 0x8000edfe (0x203f2323) mem 0x80010000 0x00000001
core   0: 0x8000ee02 (0x0000bfe5) c.j     pc - 8
core   0: 3 0x8000ee02 (0xbfe5)
core   0: 0x8000edfa (0x00001f17) auipc   t5, 0x1
core   0: 3 0x8000edfa (0x00001f17) x30 0x8000fdfa
core   0: 0x8000edfe (0x203f2323) sw      gp, 518(t5)
core   0: 3 0x8000edfe (0x203f2323) mem 0x80010000 0x00000001
core   0: 0x8000ee02 (0x0000bfe5) c.j     pc - 8
core   0: 3 0x8000ee02 (0xbfe5)
core   0: 0x8000edfa (0x00001f17) auipc   t5, 0x1
core   0: 3 0x8000edfa (0x00001f17) x30 0x8000fdfa
core   0: 0x8000edfe (0x203f2323) sw      gp, 518(t5)
core   0: 3 0x8000edfe (0x203f2323) mem 0x80010000 0x00000001
core   0: 0x8000ee02 (0x0000bfe5) c.j     pc - 8
core   0: 3 0x8000ee02 (0xbfe5)
core   0: 0x8000edfa (0x00001f17) auipc   t5, 0x1
core   0: 3 0x8000edfa (0x00001f17) x30 0x8000fdfa
core   0: 0x8000edfe (0x203f2323) sw      gp, 518(t5)
core   0: 3 0x8000edfe (0x203f2323) mem 0x80010000 0x00000001
core   0: 0x8000ee02 (0x0000bfe5) c.j     pc - 8
core   0: 3 0x8000ee02 (0xbfe5)
core   0: 0x8000edfa (0x00001f17) auipc   t5, 0x1
core   0: 3 0x8000edfa (0x00001f17) x30 0x8000fdfa
core   0: 0x8000edfe (0x203f2323) sw      gp, 518(t5)
core   0: 3 0x8000edfe (0x203f2323) mem 0x80010000 0x00000001
core   0: 0x8000ee02 (0x0000bfe5) c.j     pc - 8
core   0: 3 0x8000ee02 (0xbfe5)
core   0: 0x8000edfa (0x00001f17) auipc   t5, 0x1
core   0: 3 0x8000edfa (0x00001f17) x30 0x8000fdfa
core   0: 0x8000edfe (0x203f2323) sw      gp, 518(t5)
core   0: 3 0x8000edfe (0x203f2323) mem 0x80010000 0x00000001
core   0: 0x8000ee02 (0x0000bfe5) c.j     pc - 8
core   0: 3 0x8000ee02 (0xbfe5)
core   0: 0x8000edfa (0x00001f17) auipc   t5, 0x1
core   0: 3 0x8000edfa (0x00001f17) x30 0x8000fdfa
core   0: 0x8000edfe (0x203f2323) sw      gp, 518(t5)
core   0: 3 0x8000edfe (0x203f2323) mem 0x80010000 0x00000001
core   0: 0x8000ee02 (0x0000bfe5) c.j     pc - 8
core   0: 3 0x8000ee02 (0xbfe5)
core   0: 0x8000edfa (0x00001f17) auipc   t5, 0x1
core   0: 3 0x8000edfa (0x00001f17) x30 0x8000fdfa
core   0: 0x8000edfe (0x203f2323) sw      gp, 518(t5)
core   0: 3 0x8000edfe (0x203f2323) mem 0x80010000 0x00000001
core   0: 0x8000ee02 (0x0000bfe5) c.j     pc - 8
core   0: 3 0x8000ee02 (0xbfe5)
core   0: 0x8000edfa (0x00001f17) auipc   t5, 0x1
core   0: 3 0x8000edfa (0x00001f17) x30 0x8000fdfa
core   0: 0x8000edfe (0x203f2323) sw      gp, 518(t5)
core   0: 3 0x8000edfe (0x203f2323) mem 0x80010000 0x00000001
core   0: 0x8000ee02 (0x0000bfe5) c.j     pc - 8
core   0: 3 0x8000ee02 (0xbfe5)
core   0: 0x8000edfa (0x00001f17) auipc   t5, 0x1
core   0: 3 0x8000edfa (0x00001f17) x30 0x8000fdfa
core   0: 0x8000edfe (0x203f2323) sw      gp, 518(t5)
core   0: 3 0x8000edfe (0x203f2323) mem 0x80010000 0x00000001
core   0: 0x8000ee02 (0x0000bfe5) c.j     pc - 8
core   0: 3 0x8000ee02 (0xbfe5)
core   0: 0x8000edfa (0x00001f17) auipc   t5, 0x1
core   0: 3 0x8000edfa (0x00001f17) x30 0x8000fdfa
core   0: 0x8000edfe (0x203f2323) sw      gp, 518(t5)
core   0: 3 0x8000edfe (0x203f2323) mem 0x80010000 0x00000001
core   0: 0x8000ee02 (0x0000bfe5) c.j     pc - 8
core   0: 3 0x8000ee02 (0xbfe5)
core   0: 0x8000edfa (0x00001f17) auipc   t5, 0x1
core   0: 3 0x8000edfa (0x00001f17) x30 0x8000fdfa
core   0: 0x8000edfe (0x203f2323) sw      gp, 518(t5)
core   0: 3 0x8000edfe (0x203f2323) mem 0x80010000 0x00000001
core   0: 0x8000ee02 (0x0000bfe5) c.j     pc - 8
core   0: 3 0x8000ee02 (0xbfe5)
core   0: 0x8000edfa (0x00001f17) auipc   t5, 0x1
core   0: 3 0x8000edfa (0x00001f17) x30 0x8000fdfa
core   0: 0x8000edfe (0x203f2323) sw      gp, 518(t5)
core   0: 3 0x8000edfe (0x203f2323) mem 0x80010000 0x00000001
core   0: 0x8000ee02 (0x0000bfe5) c.j     pc - 8
core   0: 3 0x8000ee02 (0xbfe5)
core   0: 0x8000edfa (0x00001f17) auipc   t5, 0x1
core   0: 3 0x8000edfa (0x00001f17) x30 0x8000fdfa
core   0: 0x8000edfe (0x203f2323) sw      gp, 518(t5)
core   0: 3 0x8000edfe (0x203f2323) mem 0x80010000 0x00000001
core   0: 0x8000ee02 (0x0000bfe5) c.j     pc - 8
core   0: 3 0x8000ee02 (0xbfe5)
core   0: 0x8000edfa (0x00001f17) auipc   t5, 0x1
core   0: 3 0x8000edfa (0x00001f17) x30 0x8000fdfa
core   0: 0x8000edfe (0x203f2323) sw      gp, 518(t5)
core   0: 3 0x8000edfe (0x203f2323) mem 0x80010000 0x00000001
core   0: 0x8000ee02 (0x0000bfe5) c.j     pc - 8
core   0: 3 0x8000ee02 (0xbfe5)
core   0: 0x8000edfa (0x00001f17) auipc   t5, 0x1
core   0: 3 0x8000edfa (0x00001f17) x30 0x8000fdfa
core   0: 0x8000edfe (0x203f2323) sw      gp, 518(t5)
core   0: 3 0x8000edfe (0x203f2323) mem 0x80010000 0x00000001
core   0: 0x8000ee02 (0x0000bfe5) c.j     pc - 8
core   0: 3 0x8000ee02 (0xbfe5)
core   0: 0x8000edfa (0x00001f17) auipc   t5, 0x1
core   0: 3 0x8000edfa (0x00001f17) x30 0x8000fdfa
core   0: 0x8000edfe (0x203f2323) sw      gp, 518(t5)
core   0: 3 0x8000edfe (0x203f2323) mem 0x80010000 0x00000001
core   0: 0x8000ee02 (0x0000bfe5) c.j     pc - 8
core   0: 3 0x8000ee02 (0xbfe5)
core   0: 0x8000edfa (0x00001f17) auipc   t5, 0x1
core   0: 3 0x8000edfa (0x00001f17) x30 0x8000fdfa
core   0: 0x8000edfe (0x203f2323) sw      gp, 518(t5)
core   0: 3 0x8000edfe (0x203f2323) mem 0x80010000 0x00000001
core   0: 0x8000ee02 (0x0000bfe5) c.j     pc - 8
core   0: 3 0x8000ee02 (0xbfe5)
core   0: 0x8000edfa (0x00001f17) auipc   t5, 0x1
core   0: 3 0x8000edfa (0x00001f17) x30 0x8000fdfa
core   0: 0x8000edfe (0x203f2323) sw      gp, 518(t5)
core   0: 3 0x8000edfe (0x203f2323) mem 0x80010000 0x00000001
core   0: 0x8000ee02 (0x0000bfe5) c.j     pc - 8
core   0: 3 0x8000ee02 (0xbfe5)
core   0: 0x8000edfa (0x00001f17) auipc   t5, 0x1
core   0: 3 0x8000edfa (0x00001f17) x30 0x8000fdfa
core   0: 0x8000edfe (0x203f2323) sw      gp, 518(t5)
core   0: 3 0x8000edfe (0x203f2323) mem 0x80010000 0x00000001
core   0: 0x8000ee02 (0x0000bfe5) c.j     pc - 8
core   0: 3 0x8000ee02 (0xbfe5)
core   0: 0x8000edfa (0x00001f17) auipc   t5, 0x1
core   0: 3 0x8000edfa (0x00001f17) x30 0x8000fdfa
core   0: 0x8000edfe (0x203f2323) sw      gp, 518(t5)
core   0: 3 0x8000edfe (0x203f2323) mem 0x80010000 0x00000001
core   0: 0x8000ee02 (0x0000bfe5) c.j     pc - 8
core   0: 3 0x8000ee02 (0xbfe5)
core   0: 0x8000edfa (0x00001f17) auipc   t5, 0x1
core   0: 3 0x8000edfa (0x00001f17) x30 0x8000fdfa
core   0: 0x8000edfe (0x203f2323) sw      gp, 518(t5)
core   0: 3 0x8000edfe (0x203f2323) mem 0x80010000 0x00000001
core   0: 0x8000ee02 (0x0000bfe5) c.j     pc - 8
core   0: 3 0x8000ee02 (0xbfe5)
core   0: 0x8000edfa (0x00001f17) auipc   t5, 0x1
core   0: 3 0x8000edfa (0x00001f17) x30 0x8000fdfa
core   0: 0x8000edfe (0x203f2323) sw      gp, 518(t5)
core   0: 3 0x8000edfe (0x203f2323) mem 0x80010000 0x00000001
core   0: 0x8000ee02 (0x0000bfe5) c.j     pc - 8
core   0: 3 0x8000ee02 (0xbfe5)
core   0: 0x8000edfa (0x00001f17) auipc   t5, 0x1
core   0: 3 0x8000edfa (0x00001f17) x30 0x8000fdfa
core   0: 0x8000edfe (0x203f2323) sw      gp, 518(t5)
core   0: 3 0x8000edfe (0x203f2323) mem 0x80010000 0x00000001
core   0: 0x8000ee02 (0x0000bfe5) c.j     pc - 8
core   0: 3 0x8000ee02 (0xbfe5)
core   0: 0x8000edfa (0x00001f17) auipc   t5, 0x1
core   0: 3 0x8000edfa (0x00001f17) x30 0x8000fdfa
core   0: 0x8000edfe (0x203f2323) sw      gp, 518(t5)
core   0: 3 0x8000edfe (0x203f2323) mem 0x80010000 0x00000001
core   0: 0x8000ee02 (0x0000bfe5) c.j     pc - 8
core   0: 3 0x8000ee02 (0xbfe5)
core   0: 0x8000edfa (0x00001f17) auipc   t5, 0x1
core   0: 3 0x8000edfa (0x00001f17) x30 0x8000fdfa
core   0: 0x8000edfe (0x203f2323) sw      gp, 518(t5)
core   0: 3 0x8000edfe (0x203f2323) mem 0x80010000 0x00000001
core   0: 0x8000ee02 (0x0000bfe5) c.j     pc - 8
core   0: 3 0x8000ee02 (0xbfe5)
core   0: 0x8000edfa (0x00001f17) auipc   t5, 0x1
core   0: 3 0x8000edfa (0x00001f17) x30 0x8000fdfa
core   0: 0x8000edfe (0x203f2323) sw      gp, 518(t5)
core   0: 3 0x8000edfe (0x203f2323) mem 0x80010000 0x00000001
core   0: 0x8000ee02 (0x0000bfe5) c.j     pc - 8
core   0: 3 0x8000ee02 (0xbfe5)
core   0: 0x8000edfa (0x00001f17) auipc   t5, 0x1
core   0: 3 0x8000edfa (0x00001f17) x30 0x8000fdfa
core   0: 0x8000edfe (0x203f2323) sw      gp, 518(t5)
core   0: 3 0x8000edfe (0x203f2323) mem 0x80010000 0x00000001
core   0: 0x8000ee02 (0x0000bfe5) c.j     pc - 8
core   0: 3 0x8000ee02 (0xbfe5)
core   0: 0x8000edfa (0x00001f17) auipc   t5, 0x1
core   0: 3 0x8000edfa (0x00001f17) x30 0x8000fdfa
core   0: 0x8000edfe (0x203f2323) sw      gp, 518(t5)
core   0: 3 0x8000edfe (0x203f2323) mem 0x80010000 0x00000001
core   0: 0x8000ee02 (0x0000bfe5) c.j     pc - 8
core   0: 3 0x8000ee02 (0xbfe5)
core   0: 0x8000edfa (0x00001f17) auipc   t5, 0x1
core   0: 3 0x8000edfa (0x00001f17) x30 0x8000fdfa
core   0: 0x8000edfe (0x203f2323) sw      gp, 518(t5)
core   0: 3 0x8000edfe (0x203f2323) mem 0x80010000 0x00000001
core   0: 0x8000ee02 (0x0000bfe5) c.j     pc - 8
core   0: 3 0x8000ee02 (0xbfe5)
core   0: 0x8000edfa (0x00001f17) auipc   t5, 0x1
core   0: 3 0x8000edfa (0x00001f17) x30 0x8000fdfa
core   0: 0x8000edfe (0x203f2323) sw      gp, 518(t5)
core   0: 3 0x8000edfe (0x203f2323) mem 0x80010000 0x00000001
core   0: 0x8000ee02 (0x0000bfe5) c.j     pc - 8
core   0: 3 0x8000ee02 (0xbfe5)
core   0: 0x8000edfa (0x00001f17) auipc   t5, 0x1
core   0: 3 0x8000edfa (0x00001f17) x30 0x8000fdfa
core   0: 0x8000edfe (0x203f2323) sw      gp, 518(t5)
core   0: 3 0x8000edfe (0x203f2323) mem 0x80010000 0x00000001
core   0: 0x8000ee02 (0x0000bfe5) c.j     pc - 8
core   0: 3 0x8000ee02 (0xbfe5)
core   0: 0x8000edfa (0x00001f17) auipc   t5, 0x1
core   0: 3 0x8000edfa (0x00001f17) x30 0x8000fdfa
core   0: 0x8000edfe (0x203f2323) sw      gp, 518(t5)
core   0: 3 0x8000edfe (0x203f2323) mem 0x80010000 0x00000001
core   0: 0x8000ee02 (0x0000bfe5) c.j     pc - 8
core   0: 3 0x8000ee02 (0xbfe5)
core   0: 0x8000edfa (0x00001f17) auipc   t5, 0x1
core   0: 3 0x8000edfa (0x00001f17) x30 0x8000fdfa
core   0: 0x8000edfe (0x203f2323) sw      gp, 518(t5)
core   0: 3 0x8000edfe (0x203f2323) mem 0x80010000 0x00000001
core   0: 0x8000ee02 (0x0000bfe5) c.j     pc - 8
core   0: 3 0x8000ee02 (0xbfe5)
core   0: 0x8000edfa (0x00001f17) auipc   t5, 0x1
core   0: 3 0x8000edfa (0x00001f17) x30 0x8000fdfa
core   0: 0x8000edfe (0x203f2323) sw      gp, 518(t5)
core   0: 3 0x8000edfe (0x203f2323) mem 0x80010000 0x00000001
core   0: 0x8000ee02 (0x0000bfe5) c.j     pc - 8
core   0: 3 0x8000ee02 (0xbfe5)
core   0: 0x8000edfa (0x00001f17) auipc   t5, 0x1
core   0: 3 0x8000edfa (0x00001f17) x30 0x8000fdfa
core   0: 0x8000edfe (0x203f2323) sw      gp, 518(t5)
core   0: 3 0x8000edfe (0x203f2323) mem 0x80010000 0x00000001
core   0: 0x8000ee02 (0x0000bfe5) c.j     pc - 8
core   0: 3 0x8000ee02 (0xbfe5)
core   0: 0x8000edfa (0x00001f17) auipc   t5, 0x1
core   0: 3 0x8000edfa (0x00001f17) x30 0x8000fdfa
core   0: 0x8000edfe (0x203f2323) sw      gp, 518(t5)
core   0: 3 0x8000edfe (0x203f2323) mem 0x80010000 0x00000001
core   0: 0x8000ee02 (0x0000bfe5) c.j     pc - 8
core   0: 3 0x8000ee02 (0xbfe5)
core   0: 0x8000edfa (0x00001f17) auipc   t5, 0x1
core   0: 3 0x8000edfa (0x00001f17) x30 0x8000fdfa
core   0: 0x8000edfe (0x203f2323) sw      gp, 518(t5)
core   0: 3 0x8000edfe (0x203f2323) mem 0x80010000 0x00000001
core   0: 0x8000ee02 (0x0000bfe5) c.j     pc - 8
core   0: 3 0x8000ee02 (0xbfe5)
core   0: 0x8000edfa (0x00001f17) auipc   t5, 0x1
core   0: 3 0x8000edfa (0x00001f17) x30 0x8000fdfa
core   0: 0x8000edfe (0x203f2323) sw      gp, 518(t5)
core   0: 3 0x8000edfe (0x203f2323) mem 0x80010000 0x00000001
core   0: 0x8000ee02 (0x0000bfe5) c.j     pc - 8
core   0: 3 0x8000ee02 (0xbfe5)
core   0: 0x8000edfa (0x00001f17) auipc   t5, 0x1
core   0: 3 0x8000edfa (0x00001f17) x30 0x8000fdfa
core   0: 0x8000edfe (0x203f2323) sw      gp, 518(t5)
core   0: 3 0x8000edfe (0x203f2323) mem 0x80010000 0x00000001
core   0: 0x8000ee02 (0x0000bfe5) c.j     pc - 8
core   0: 3 0x8000ee02 (0xbfe5)
core   0: 0x8000edfa (0x00001f17) auipc   t5, 0x1
core   0: 3 0x8000edfa (0x00001f17) x30 0x8000fdfa
core   0: 0x8000edfe (0x203f2323) sw      gp, 518(t5)
core   0: 3 0x8000edfe (0x203f2323) mem 0x80010000 0x00000001
core   0: 0x8000ee02 (0x0000bfe5) c.j     pc - 8
core   0: 3 0x8000ee02 (0xbfe5)
core   0: 0x8000edfa (0x00001f17) auipc   t5, 0x1
core   0: 3 0x8000edfa (0x00001f17) x30 0x8000fdfa
core   0: 0x8000edfe (0x203f2323) sw      gp, 518(t5)
core   0: 3 0x8000edfe (0x203f2323) mem 0x80010000 0x00000001
core   0: 0x8000ee02 (0x0000bfe5) c.j     pc - 8
core   0: 3 0x8000ee02 (0xbfe5)
core   0: 0x8000edfa (0x00001f17) auipc   t5, 0x1
core   0: 3 0x8000edfa (0x00001f17) x30 0x8000fdfa
core   0: 0x8000edfe (0x203f2323) sw      gp, 518(t5)
core   0: 3 0x8000edfe (0x203f2323) mem 0x80010000 0x00000001
core   0: 0x8000ee02 (0x0000bfe5) c.j     pc - 8
core   0: 3 0x8000ee02 (0xbfe5)
core   0: 0x8000edfa (0x00001f17) auipc   t5, 0x1
core   0: 3 0x8000edfa (0x00001f17) x30 0x8000fdfa
core   0: 0x8000edfe (0x203f2323) sw      gp, 518(t5)
core   0: 3 0x8000edfe (0x203f2323) mem 0x80010000 0x00000001
core   0: 0x8000ee02 (0x0000bfe5) c.j     pc - 8
core   0: 3 0x8000ee02 (0xbfe5)
core   0: 0x8000edfa (0x00001f17) auipc   t5, 0x1
core   0: 3 0x8000edfa (0x00001f17) x30 0x8000fdfa
core   0: 0x8000edfe (0x203f2323) sw      gp, 518(t5)
core   0: 3 0x8000edfe (0x203f2323) mem 0x80010000 0x00000001
core   0: 0x8000ee02 (0x0000bfe5) c.j     pc - 8
core   0: 3 0x8000ee02 (0xbfe5)
core   0: 0x8000edfa (0x00001f17) auipc   t5, 0x1
core   0: 3 0x8000edfa (0x00001f17) x30 0x8000fdfa
core   0: 0x8000edfe (0x203f2323) sw      gp, 518(t5)
core   0: 3 0x8000edfe (0x203f2323) mem 0x80010000 0x00000001
core   0: 0x8000ee02 (0x0000bfe5) c.j     pc - 8
core   0: 3 0x8000ee02 (0xbfe5)
core   0: 0x8000edfa (0x00001f17) auipc   t5, 0x1
core   0: 3 0x8000edfa (0x00001f17) x30 0x8000fdfa
core   0: 0x8000edfe (0x203f2323) sw      gp, 518(t5)
core   0: 3 0x8000edfe (0x203f2323) mem 0x80010000 0x00000001
core   0: 0x8000ee02 (0x0000bfe5) c.j     pc - 8
core   0: 3 0x8000ee02 (0xbfe5)
core   0: 0x8000edfa (0x00001f17) auipc   t5, 0x1
core   0: 3 0x8000edfa (0x00001f17) x30 0x8000fdfa
core   0: 0x8000edfe (0x203f2323) sw      gp, 518(t5)
core   0: 3 0x8000edfe (0x203f2323) mem 0x80010000 0x00000001
core   0: 0x8000ee02 (0x0000bfe5) c.j     pc - 8
core   0: 3 0x8000ee02 (0xbfe5)
core   0: 0x8000edfa (0x00001f17) auipc   t5, 0x1
core   0: 3 0x8000edfa (0x00001f17) x30 0x8000fdfa
core   0: 0x8000edfe (0x203f2323) sw      gp, 518(t5)
core   0: 3 0x8000edfe (0x203f2323) mem 0x80010000 0x00000001
core   0: 0x8000ee02 (0x0000bfe5) c.j     pc - 8
core   0: 3 0x8000ee02 (0xbfe5)
core   0: 0x8000edfa (0x00001f17) auipc   t5, 0x1
core   0: 3 0x8000edfa (0x00001f17) x30 0x8000fdfa
core   0: 0x8000edfe (0x203f2323) sw      gp, 518(t5)
core   0: 3 0x8000edfe (0x203f2323) mem 0x80010000 0x00000001
core   0: 0x8000ee02 (0x0000bfe5) c.j     pc - 8
core   0: 3 0x8000ee02 (0xbfe5)
core   0: 0x8000edfa (0x00001f17) auipc   t5, 0x1
core   0: 3 0x8000edfa (0x00001f17) x30 0x8000fdfa
core   0: 0x8000edfe (0x203f2323) sw      gp, 518(t5)
core   0: 3 0x8000edfe (0x203f2323) mem 0x80010000 0x00000001
core   0: 0x8000ee02 (0x0000bfe5) c.j     pc - 8
core   0: 3 0x8000ee02 (0xbfe5)
core   0: 0x8000edfa (0x00001f17) auipc   t5, 0x1
core   0: 3 0x8000edfa (0x00001f17) x30 0x8000fdfa
core   0: 0x8000edfe (0x203f2323) sw      gp, 518(t5)
core   0: 3 0x8000edfe (0x203f2323) mem 0x80010000 0x00000001
core   0: 0x8000ee02 (0x0000bfe5) c.j     pc - 8
core   0: 3 0x8000ee02 (0xbfe5)
core   0: 0x8000edfa (0x00001f17) auipc   t5, 0x1
core   0: 3 0x8000edfa (0x00001f17) x30 0x8000fdfa
core   0: 0x8000edfe (0x203f2323) sw      gp, 518(t5)
core   0: 3 0x8000edfe (0x203f2323) mem 0x80010000 0x00000001
core   0: 0x8000ee02 (0x0000bfe5) c.j     pc - 8
core   0: 3 0x8000ee02 (0xbfe5)
core   0: 0x8000edfa (0x00001f17) auipc   t5, 0x1
core   0: 3 0x8000edfa (0x00001f17) x30 0x8000fdfa
core   0: 0x8000edfe (0x203f2323) sw      gp, 518(t5)
core   0: 3 0x8000edfe (0x203f2323) mem 0x80010000 0x00000001
core   0: 0x8000ee02 (0x0000bfe5) c.j     pc - 8
core   0: 3 0x8000ee02 (0xbfe5)
core   0: 0x8000edfa (0x00001f17) auipc   t5, 0x1
core   0: 3 0x8000edfa (0x00001f17) x30 0x8000fdfa
core   0: 0x8000edfe (0x203f2323) sw      gp, 518(t5)
core   0: 3 0x8000edfe (0x203f2323) mem 0x80010000 0x00000001
core   0: 0x8000ee02 (0x0000bfe5) c.j     pc - 8
core   0: 3 0x8000ee02 (0xbfe5)
core   0: 0x8000edfa (0x00001f17) auipc   t5, 0x1
core   0: 3 0x8000edfa (0x00001f17) x30 0x8000fdfa
core   0: 0x8000edfe (0x203f2323) sw      gp, 518(t5)
core   0: 3 0x8000edfe (0x203f2323) mem 0x80010000 0x00000001
core   0: 0x8000ee02 (0x0000bfe5) c.j     pc - 8
core   0: 3 0x8000ee02 (0xbfe5)
core   0: 0x8000edfa (0x00001f17) auipc   t5, 0x1
core   0: 3 0x8000edfa (0x00001f17) x30 0x8000fdfa
core   0: 0x8000edfe (0x203f2323) sw      gp, 518(t5)
core   0: 3 0x8000edfe (0x203f2323) mem 0x80010000 0x00000001
core   0: 0x8000ee02 (0x0000bfe5) c.j     pc - 8
core   0: 3 0x8000ee02 (0xbfe5)
core   0: 0x8000edfa (0x00001f17) auipc   t5, 0x1
core   0: 3 0x8000edfa (0x00001f17) x30 0x8000fdfa
core   0: 0x8000edfe (0x203f2323) sw      gp, 518(t5)
core   0: 3 0x8000edfe (0x203f2323) mem 0x80010000 0x00000001
core   0: 0x8000ee02 (0x0000bfe5) c.j     pc - 8
core   0: 3 0x8000ee02 (0xbfe5)
core   0: 0x8000edfa (0x00001f17) auipc   t5, 0x1
core   0: 3 0x8000edfa (0x00001f17) x30 0x8000fdfa
core   0: 0x8000edfe (0x203f2323) sw      gp, 518(t5)
core   0: 3 0x8000edfe (0x203f2323) mem 0x80010000 0x00000001
core   0: 0x8000ee02 (0x0000bfe5) c.j     pc - 8
core   0: 3 0x8000ee02 (0xbfe5)
core   0: 0x8000edfa (0x00001f17) auipc   t5, 0x1
core   0: 3 0x8000edfa (0x00001f17) x30 0x8000fdfa
core   0: 0x8000edfe (0x203f2323) sw      gp, 518(t5)
core   0: 3 0x8000edfe (0x203f2323) mem 0x80010000 0x00000001
core   0: 0x8000ee02 (0x0000bfe5) c.j     pc - 8
core   0: 3 0x8000ee02 (0xbfe5)
core   0: 0x8000edfa (0x00001f17) auipc   t5, 0x1
core   0: 3 0x8000edfa (0x00001f17) x30 0x8000fdfa
core   0: 0x8000edfe (0x203f2323) sw      gp, 518(t5)
core   0: 3 0x8000edfe (0x203f2323) mem 0x80010000 0x00000001
core   0: 0x8000ee02 (0x0000bfe5) c.j     pc - 8
core   0: 3 0x8000ee02 (0xbfe5)
core   0: 0x8000edfa (0x00001f17) auipc   t5, 0x1
core   0: 3 0x8000edfa (0x00001f17) x30 0x8000fdfa
core   0: 0x8000edfe (0x203f2323) sw      gp, 518(t5)
core   0: 3 0x8000edfe (0x203f2323) mem 0x80010000 0x00000001
core   0: 0x8000ee02 (0x0000bfe5) c.j     pc - 8
core   0: 3 0x8000ee02 (0xbfe5)
core   0: 0x8000edfa (0x00001f17) auipc   t5, 0x1
core   0: 3 0x8000edfa (0x00001f17) x30 0x8000fdfa
core   0: 0x8000edfe (0x203f2323) sw      gp, 518(t5)
core   0: 3 0x8000edfe (0x203f2323) mem 0x80010000 0x00000001
core   0: 0x8000ee02 (0x0000bfe5) c.j     pc - 8
core   0: 3 0x8000ee02 (0xbfe5)
core   0: 0x8000edfa (0x00001f17) auipc   t5, 0x1
core   0: 3 0x8000edfa (0x00001f17) x30 0x8000fdfa
core   0: 0x8000edfe (0x203f2323) sw      gp, 518(t5)
core   0: 3 0x8000edfe (0x203f2323) mem 0x80010000 0x00000001
core   0: 0x8000ee02 (0x0000bfe5) c.j     pc - 8
core   0: 3 0x8000ee02 (0xbfe5)
core   0: 0x8000edfa (0x00001f17) auipc   t5, 0x1
core   0: 3 0x8000edfa (0x00001f17) x30 0x8000fdfa
core   0: 0x8000edfe (0x203f2323) sw      gp, 518(t5)
core   0: 3 0x8000edfe (0x203f2323) mem 0x80010000 0x00000001
core   0: 0x8000ee02 (0x0000bfe5) c.j     pc - 8
core   0: 3 0x8000ee02 (0xbfe5)
core   0: 0x8000edfa (0x00001f17) auipc   t5, 0x1
core   0: 3 0x8000edfa (0x00001f17) x30 0x8000fdfa
core   0: 0x8000edfe (0x203f2323) sw      gp, 518(t5)
core   0: 3 0x8000edfe (0x203f2323) mem 0x80010000 0x00000001
core   0: 0x8000ee02 (0x0000bfe5) c.j     pc - 8
core   0: 3 0x8000ee02 (0xbfe5)
core   0: 0x8000edfa (0x00001f17) auipc   t5, 0x1
core   0: 3 0x8000edfa (0x00001f17) x30 0x8000fdfa
core   0: 0x8000edfe (0x203f2323) sw      gp, 518(t5)
core   0: 3 0x8000edfe (0x203f2323) mem 0x80010000 0x00000001
core   0: 0x8000ee02 (0x0000bfe5) c.j     pc - 8
core   0: 3 0x8000ee02 (0xbfe5)
core   0: 0x8000edfa (0x00001f17) auipc   t5, 0x1
core   0: 3 0x8000edfa (0x00001f17) x30 0x8000fdfa
core   0: 0x8000edfe (0x203f2323) sw      gp, 518(t5)
core   0: 3 0x8000edfe (0x203f2323) mem 0x80010000 0x00000001
core   0: 0x8000ee02 (0x0000bfe5) c.j     pc - 8
core   0: 3 0x8000ee02 (0xbfe5)
core   0: 0x8000edfa (0x00001f17) auipc   t5, 0x1
core   0: 3 0x8000edfa (0x00001f17) x30 0x8000fdfa
core   0: 0x8000edfe (0x203f2323) sw      gp, 518(t5)
core   0: 3 0x8000edfe (0x203f2323) mem 0x80010000 0x00000001
core   0: 0x8000ee02 (0x0000bfe5) c.j     pc - 8
core   0: 3 0x8000ee02 (0xbfe5)
core   0: 0x8000edfa (0x00001f17) auipc   t5, 0x1
core   0: 3 0x8000edfa (0x00001f17) x30 0x8000fdfa
core   0: 0x8000edfe (0x203f2323) sw      gp, 518(t5)
core   0: 3 0x8000edfe (0x203f2323) mem 0x80010000 0x00000001
core   0: 0x8000ee02 (0x0000bfe5) c.j     pc - 8
core   0: 3 0x8000ee02 (0xbfe5)
core   0: 0x8000edfa (0x00001f17) auipc   t5, 0x1
core   0: 3 0x8000edfa (0x00001f17) x30 0x8000fdfa
core   0: 0x8000edfe (0x203f2323) sw      gp, 518(t5)
core   0: 3 0x8000edfe (0x203f2323) mem 0x80010000 0x00000001
core   0: 0x8000ee02 (0x0000bfe5) c.j     pc - 8
core   0: 3 0x8000ee02 (0xbfe5)
core   0: 0x8000edfa (0x00001f17) auipc   t5, 0x1
core   0: 3 0x8000edfa (0x00001f17) x30 0x8000fdfa
core   0: 0x8000edfe (0x203f2323) sw      gp, 518(t5)
core   0: 3 0x8000edfe (0x203f2323) mem 0x80010000 0x00000001
core   0: 0x8000ee02 (0x0000bfe5) c.j     pc - 8
core   0: 3 0x8000ee02 (0xbfe5)
core   0: 0x8000edfa (0x00001f17) auipc   t5, 0x1
core   0: 3 0x8000edfa (0x00001f17) x30 0x8000fdfa
core   0: 0x8000edfe (0x203f2323) sw      gp, 518(t5)
core   0: 3 0x8000edfe (0x203f2323) mem 0x80010000 0x00000001
core   0: 0x8000ee02 (0x0000bfe5) c.j     pc - 8
core   0: 3 0x8000ee02 (0xbfe5)
core   0: 0x8000edfa (0x00001f17) auipc   t5, 0x1
core   0: 3 0x8000edfa (0x00001f17) x30 0x8000fdfa
core   0: 0x8000edfe (0x203f2323) sw      gp, 518(t5)
core   0: 3 0x8000edfe (0x203f2323) mem 0x80010000 0x00000001
core   0: 0x8000ee02 (0x0000bfe5) c.j     pc - 8
core   0: 3 0x8000ee02 (0xbfe5)
core   0: 0x8000edfa (0x00001f17) auipc   t5, 0x1
core   0: 3 0x8000edfa (0x00001f17) x30 0x8000fdfa
core   0: 0x8000edfe (0x203f2323) sw      gp, 518(t5)
core   0: 3 0x8000edfe (0x203f2323) mem 0x80010000 0x00000001
core   0: 0x8000ee02 (0x0000bfe5) c.j     pc - 8
core   0: 3 0x8000ee02 (0xbfe5)
core   0: 0x8000edfa (0x00001f17) auipc   t5, 0x1
core   0: 3 0x8000edfa (0x00001f17) x30 0x8000fdfa
core   0: 0x8000edfe (0x203f2323) sw      gp, 518(t5)
core   0: 3 0x8000edfe (0x203f2323) mem 0x80010000 0x00000001
core   0: 0x8000ee02 (0x0000bfe5) c.j     pc - 8
core   0: 3 0x8000ee02 (0xbfe5)
core   0: 0x8000edfa (0x00001f17) auipc   t5, 0x1
core   0: 3 0x8000edfa (0x00001f17) x30 0x8000fdfa
core   0: 0x8000edfe (0x203f2323) sw      gp, 518(t5)
core   0: 3 0x8000edfe (0x203f2323) mem 0x80010000 0x00000001
core   0: 0x8000ee02 (0x0000bfe5) c.j     pc - 8
core   0: 3 0x8000ee02 (0xbfe5)
core   0: 0x8000edfa (0x00001f17) auipc   t5, 0x1
core   0: 3 0x8000edfa (0x00001f17) x30 0x8000fdfa
core   0: 0x8000edfe (0x203f2323) sw      gp, 518(t5)
core   0: 3 0x8000edfe (0x203f2323) mem 0x80010000 0x00000001
core   0: 0x8000ee02 (0x0000bfe5) c.j     pc - 8
core   0: 3 0x8000ee02 (0xbfe5)
core   0: 0x8000edfa (0x00001f17) auipc   t5, 0x1
core   0: 3 0x8000edfa (0x00001f17) x30 0x8000fdfa
core   0: 0x8000edfe (0x203f2323) sw      gp, 518(t5)
core   0: 3 0x8000edfe (0x203f2323) mem 0x80010000 0x00000001
core   0: 0x8000ee02 (0x0000bfe5) c.j     pc - 8
core   0: 3 0x8000ee02 (0xbfe5)
core   0: 0x8000edfa (0x00001f17) auipc   t5, 0x1
core   0: 3 0x8000edfa (0x00001f17) x30 0x8000fdfa
core   0: 0x8000edfe (0x203f2323) sw      gp, 518(t5)
core   0: 3 0x8000edfe (0x203f2323) mem 0x80010000 0x00000001
core   0: 0x8000ee02 (0x0000bfe5) c.j     pc - 8
core   0: 3 0x8000ee02 (0xbfe5)
core   0: 0x8000edfa (0x00001f17) auipc   t5, 0x1
core   0: 3 0x8000edfa (0x00001f17) x30 0x8000fdfa
core   0: 0x8000edfe (0x203f2323) sw      gp, 518(t5)
core   0: 3 0x8000edfe (0x203f2323) mem 0x80010000 0x00000001
core   0: 0x8000ee02 (0x0000bfe5) c.j     pc - 8
core   0: 3 0x8000ee02 (0xbfe5)
core   0: 0x8000edfa (0x00001f17) auipc   t5, 0x1
core   0: 3 0x8000edfa (0x00001f17) x30 0x8000fdfa
core   0: 0x8000edfe (0x203f2323) sw      gp, 518(t5)
core   0: 3 0x8000edfe (0x203f2323) mem 0x80010000 0x00000001
core   0: 0x8000ee02 (0x0000bfe5) c.j     pc - 8
core   0: 3 0x8000ee02 (0xbfe5)
core   0: 0x8000edfa (0x00001f17) auipc   t5, 0x1
core   0: 3 0x8000edfa (0x00001f17) x30 0x8000fdfa
core   0: 0x8000edfe (0x203f2323) sw      gp, 518(t5)
core   0: 3 0x8000edfe (0x203f2323) mem 0x80010000 0x00000001
core   0: 0x8000ee02 (0x0000bfe5) c.j     pc - 8
core   0: 3 0x8000ee02 (0xbfe5)
core   0: 0x8000edfa (0x00001f17) auipc   t5, 0x1
core   0: 3 0x8000edfa (0x00001f17) x30 0x8000fdfa
core   0: 0x8000edfe (0x203f2323) sw      gp, 518(t5)
core   0: 3 0x8000edfe (0x203f2323) mem 0x80010000 0x00000001
core   0: 0x8000ee02 (0x0000bfe5) c.j     pc - 8
core   0: 3 0x8000ee02 (0xbfe5)
core   0: 0x8000edfa (0x00001f17) auipc   t5, 0x1
core   0: 3 0x8000edfa (0x00001f17) x30 0x8000fdfa
core   0: 0x8000edfe (0x203f2323) sw      gp, 518(t5)
core   0: 3 0x8000edfe (0x203f2323) mem 0x80010000 0x00000001
core   0: 0x8000ee02 (0x0000bfe5) c.j     pc - 8
core   0: 3 0x8000ee02 (0xbfe5)
core   0: 0x8000edfa (0x00001f17) auipc   t5, 0x1
core   0: 3 0x8000edfa (0x00001f17) x30 0x8000fdfa
core   0: 0x8000edfe (0x203f2323) sw      gp, 518(t5)
core   0: 3 0x8000edfe (0x203f2323) mem 0x80010000 0x00000001
core   0: 0x8000ee02 (0x0000bfe5) c.j     pc - 8
core   0: 3 0x8000ee02 (0xbfe5)
core   0: 0x8000edfa (0x00001f17) auipc   t5, 0x1
core   0: 3 0x8000edfa (0x00001f17) x30 0x8000fdfa
core   0: 0x8000edfe (0x203f2323) sw      gp, 518(t5)
core   0: 3 0x8000edfe (0x203f2323) mem 0x80010000 0x00000001
core   0: 0x8000ee02 (0x0000bfe5) c.j     pc - 8
core   0: 3 0x8000ee02 (0xbfe5)
core   0: 0x8000edfa (0x00001f17) auipc   t5, 0x1
core   0: 3 0x8000edfa (0x00001f17) x30 0x8000fdfa
core   0: 0x8000edfe (0x203f2323) sw      gp, 518(t5)
core   0: 3 0x8000edfe (0x203f2323) mem 0x80010000 0x00000001
core   0: 0x8000ee02 (0x0000bfe5) c.j     pc - 8
core   0: 3 0x8000ee02 (0xbfe5)
core   0: 0x8000edfa (0x00001f17) auipc   t5, 0x1
core   0: 3 0x8000edfa (0x00001f17) x30 0x8000fdfa
core   0: 0x8000edfe (0x203f2323) sw      gp, 518(t5)
core   0: 3 0x8000edfe (0x203f2323) mem 0x80010000 0x00000001
core   0: 0x8000ee02 (0x0000bfe5) c.j     pc - 8
core   0: 3 0x8000ee02 (0xbfe5)
core   0: 0x8000edfa (0x00001f17) auipc   t5, 0x1
core   0: 3 0x8000edfa (0x00001f17) x30 0x8000fdfa
core   0: 0x8000edfe (0x203f2323) sw      gp, 518(t5)
core   0: 3 0x8000edfe (0x203f2323) mem 0x80010000 0x00000001
core   0: 0x8000ee02 (0x0000bfe5) c.j     pc - 8
core   0: 3 0x8000ee02 (0xbfe5)
core   0: 0x8000edfa (0x00001f17) auipc   t5, 0x1
core   0: 3 0x8000edfa (0x00001f17) x30 0x8000fdfa
core   0: 0x8000edfe (0x203f2323) sw      gp, 518(t5)
core   0: 3 0x8000edfe (0x203f2323) mem 0x80010000 0x00000001
core   0: 0x8000ee02 (0x0000bfe5) c.j     pc - 8
core   0: 3 0x8000ee02 (0xbfe5)
core   0: 0x8000edfa (0x00001f17) auipc   t5, 0x1
core   0: 3 0x8000edfa (0x00001f17) x30 0x8000fdfa
core   0: 0x8000edfe (0x203f2323) sw      gp, 518(t5)
core   0: 3 0x8000edfe (0x203f2323) mem 0x80010000 0x00000001
core   0: 0x8000ee02 (0x0000bfe5) c.j     pc - 8
core   0: 3 0x8000ee02 (0xbfe5)
core   0: 0x8000edfa (0x00001f17) auipc   t5, 0x1
core   0: 3 0x8000edfa (0x00001f17) x30 0x8000fdfa
core   0: 0x8000edfe (0x203f2323) sw      gp, 518(t5)
core   0: 3 0x8000edfe (0x203f2323) mem 0x80010000 0x00000001
core   0: 0x8000ee02 (0x0000bfe5) c.j     pc - 8
core   0: 3 0x8000ee02 (0xbfe5)
core   0: 0x8000edfa (0x00001f17) auipc   t5, 0x1
core   0: 3 0x8000edfa (0x00001f17) x30 0x8000fdfa
core   0: 0x8000edfe (0x203f2323) sw      gp, 518(t5)
core   0: 3 0x8000edfe (0x203f2323) mem 0x80010000 0x00000001
core   0: 0x8000ee02 (0x0000bfe5) c.j     pc - 8
core   0: 3 0x8000ee02 (0xbfe5)
core   0: 0x8000edfa (0x00001f17) auipc   t5, 0x1
core   0: 3 0x8000edfa (0x00001f17) x30 0x8000fdfa
core   0: 0x8000edfe (0x203f2323) sw      gp, 518(t5)
core   0: 3 0x8000edfe (0x203f2323) mem 0x80010000 0x00000001
core   0: 0x8000ee02 (0x0000bfe5) c.j     pc - 8
core   0: 3 0x8000ee02 (0xbfe5)
core   0: 0x8000edfa (0x00001f17) auipc   t5, 0x1
core   0: 3 0x8000edfa (0x00001f17) x30 0x8000fdfa
core   0: 0x8000edfe (0x203f2323) sw      gp, 518(t5)
core   0: 3 0x8000edfe (0x203f2323) mem 0x80010000 0x00000001
core   0: 0x8000ee02 (0x0000bfe5) c.j     pc - 8
core   0: 3 0x8000ee02 (0xbfe5)
core   0: 0x8000edfa (0x00001f17) auipc   t5, 0x1
core   0: 3 0x8000edfa (0x00001f17) x30 0x8000fdfa
core   0: 0x8000edfe (0x203f2323) sw      gp, 518(t5)
core   0: 3 0x8000edfe (0x203f2323) mem 0x80010000 0x00000001
core   0: 0x8000ee02 (0x0000bfe5) c.j     pc - 8
core   0: 3 0x8000ee02 (0xbfe5)
core   0: 0x8000edfa (0x00001f17) auipc   t5, 0x1
core   0: 3 0x8000edfa (0x00001f17) x30 0x8000fdfa
core   0: 0x8000edfe (0x203f2323) sw      gp, 518(t5)
core   0: 3 0x8000edfe (0x203f2323) mem 0x80010000 0x00000001
core   0: 0x8000ee02 (0x0000bfe5) c.j     pc - 8
core   0: 3 0x8000ee02 (0xbfe5)
core   0: 0x8000edfa (0x00001f17) auipc   t5, 0x1
core   0: 3 0x8000edfa (0x00001f17) x30 0x8000fdfa
core   0: 0x8000edfe (0x203f2323) sw      gp, 518(t5)
core   0: 3 0x8000edfe (0x203f2323) mem 0x80010000 0x00000001
core   0: 0x8000ee02 (0x0000bfe5) c.j     pc - 8
core   0: 3 0x8000ee02 (0xbfe5)
core   0: 0x8000edfa (0x00001f17) auipc   t5, 0x1
core   0: 3 0x8000edfa (0x00001f17) x30 0x8000fdfa
core   0: 0x8000edfe (0x203f2323) sw      gp, 518(t5)
core   0: 3 0x8000edfe (0x203f2323) mem 0x80010000 0x00000001
core   0: 0x8000ee02 (0x0000bfe5) c.j     pc - 8
core   0: 3 0x8000ee02 (0xbfe5)
core   0: 0x8000edfa (0x00001f17) auipc   t5, 0x1
core   0: 3 0x8000edfa (0x00001f17) x30 0x8000fdfa
core   0: 0x8000edfe (0x203f2323) sw      gp, 518(t5)
core   0: 3 0x8000edfe (0x203f2323) mem 0x80010000 0x00000001
core   0: 0x8000ee02 (0x0000bfe5) c.j     pc - 8
core   0: 3 0x8000ee02 (0xbfe5)
core   0: 0x8000edfa (0x00001f17) auipc   t5, 0x1
core   0: 3 0x8000edfa (0x00001f17) x30 0x8000fdfa
core   0: 0x8000edfe (0x203f2323) sw      gp, 518(t5)
core   0: 3 0x8000edfe (0x203f2323) mem 0x80010000 0x00000001
core   0: 0x8000ee02 (0x0000bfe5) c.j     pc - 8
core   0: 3 0x8000ee02 (0xbfe5)
core   0: 0x8000edfa (0x00001f17) auipc   t5, 0x1
core   0: 3 0x8000edfa (0x00001f17) x30 0x8000fdfa
core   0: 0x8000edfe (0x203f2323) sw      gp, 518(t5)
core   0: 3 0x8000edfe (0x203f2323) mem 0x80010000 0x00000001
core   0: 0x8000ee02 (0x0000bfe5) c.j     pc - 8
core   0: 3 0x8000ee02 (0xbfe5)
core   0: 0x8000edfa (0x00001f17) auipc   t5, 0x1
core   0: 3 0x8000edfa (0x00001f17) x30 0x8000fdfa
core   0: 0x8000edfe (0x203f2323) sw      gp, 518(t5)
core   0: 3 0x8000edfe (0x203f2323) mem 0x80010000 0x00000001
core   0: 0x8000ee02 (0x0000bfe5) c.j     pc - 8
core   0: 3 0x8000ee02 (0xbfe5)
core   0: 0x8000edfa (0x00001f17) auipc   t5, 0x1
core   0: 3 0x8000edfa (0x00001f17) x30 0x8000fdfa
core   0: 0x8000edfe (0x203f2323) sw      gp, 518(t5)
core   0: 3 0x8000edfe (0x203f2323) mem 0x80010000 0x00000001
core   0: 0x8000ee02 (0x0000bfe5) c.j     pc - 8
core   0: 3 0x8000ee02 (0xbfe5)
core   0: 0x8000edfa (0x00001f17) auipc   t5, 0x1
core   0: 3 0x8000edfa (0x00001f17) x30 0x8000fdfa
core   0: 0x8000edfe (0x203f2323) sw      gp, 518(t5)
core   0: 3 0x8000edfe (0x203f2323) mem 0x80010000 0x00000001
core   0: 0x8000ee02 (0x0000bfe5) c.j     pc - 8
core   0: 3 0x8000ee02 (0xbfe5)
core   0: 0x8000edfa (0x00001f17) auipc   t5, 0x1
core   0: 3 0x8000edfa (0x00001f17) x30 0x8000fdfa
core   0: 0x8000edfe (0x203f2323) sw      gp, 518(t5)
core   0: 3 0x8000edfe (0x203f2323) mem 0x80010000 0x00000001
core   0: 0x8000ee02 (0x0000bfe5) c.j     pc - 8
core   0: 3 0x8000ee02 (0xbfe5)
core   0: 0x8000edfa (0x00001f17) auipc   t5, 0x1
core   0: 3 0x8000edfa (0x00001f17) x30 0x8000fdfa
core   0: 0x8000edfe (0x203f2323) sw      gp, 518(t5)
core   0: 3 0x8000edfe (0x203f2323) mem 0x80010000 0x00000001
core   0: 0x8000ee02 (0x0000bfe5) c.j     pc - 8
core   0: 3 0x8000ee02 (0xbfe5)
core   0: 0x8000edfa (0x00001f17) auipc   t5, 0x1
core   0: 3 0x8000edfa (0x00001f17) x30 0x8000fdfa
core   0: 0x8000edfe (0x203f2323) sw      gp, 518(t5)
core   0: 3 0x8000edfe (0x203f2323) mem 0x80010000 0x00000001
core   0: 0x8000ee02 (0x0000bfe5) c.j     pc - 8
core   0: 3 0x8000ee02 (0xbfe5)
core   0: 0x8000edfa (0x00001f17) auipc   t5, 0x1
core   0: 3 0x8000edfa (0x00001f17) x30 0x8000fdfa
core   0: 0x8000edfe (0x203f2323) sw      gp, 518(t5)
core   0: 3 0x8000edfe (0x203f2323) mem 0x80010000 0x00000001
core   0: 0x8000ee02 (0x0000bfe5) c.j     pc - 8
core   0: 3 0x8000ee02 (0xbfe5)
core   0: 0x8000edfa (0x00001f17) auipc   t5, 0x1
core   0: 3 0x8000edfa (0x00001f17) x30 0x8000fdfa
core   0: 0x8000edfe (0x203f2323) sw      gp, 518(t5)
core   0: 3 0x8000edfe (0x203f2323) mem 0x80010000 0x00000001
core   0: 0x8000ee02 (0x0000bfe5) c.j     pc - 8
core   0: 3 0x8000ee02 (0xbfe5)
core   0: 0x8000edfa (0x00001f17) auipc   t5, 0x1
core   0: 3 0x8000edfa (0x00001f17) x30 0x8000fdfa
core   0: 0x8000edfe (0x203f2323) sw      gp, 518(t5)
core   0: 3 0x8000edfe (0x203f2323) mem 0x80010000 0x00000001
core   0: 0x8000ee02 (0x0000bfe5) c.j     pc - 8
core   0: 3 0x8000ee02 (0xbfe5)
core   0: 0x8000edfa (0x00001f17) auipc   t5, 0x1
core   0: 3 0x8000edfa (0x00001f17) x30 0x8000fdfa
core   0: 0x8000edfe (0x203f2323) sw      gp, 518(t5)
core   0: 3 0x8000edfe (0x203f2323) mem 0x80010000 0x00000001
core   0: 0x8000ee02 (0x0000bfe5) c.j     pc - 8
core   0: 3 0x8000ee02 (0xbfe5)
core   0: 0x8000edfa (0x00001f17) auipc   t5, 0x1
core   0: 3 0x8000edfa (0x00001f17) x30 0x8000fdfa
core   0: 0x8000edfe (0x203f2323) sw      gp, 518(t5)
core   0: 3 0x8000edfe (0x203f2323) mem 0x80010000 0x00000001
core   0: 0x8000ee02 (0x0000bfe5) c.j     pc - 8
core   0: 3 0x8000ee02 (0xbfe5)
core   0: 0x8000edfa (0x00001f17) auipc   t5, 0x1
core   0: 3 0x8000edfa (0x00001f17) x30 0x8000fdfa
core   0: 0x8000edfe (0x203f2323) sw      gp, 518(t5)
core   0: 3 0x8000edfe (0x203f2323) mem 0x80010000 0x00000001
core   0: 0x8000ee02 (0x0000bfe5) c.j     pc - 8
core   0: 3 0x8000ee02 (0xbfe5)
core   0: 0x8000edfa (0x00001f17) auipc   t5, 0x1
core   0: 3 0x8000edfa (0x00001f17) x30 0x8000fdfa
core   0: 0x8000edfe (0x203f2323) sw      gp, 518(t5)
core   0: 3 0x8000edfe (0x203f2323) mem 0x80010000 0x00000001
core   0: 0x8000ee02 (0x0000bfe5) c.j     pc - 8
core   0: 3 0x8000ee02 (0xbfe5)
core   0: 0x8000edfa (0x00001f17) auipc   t5, 0x1
core   0: 3 0x8000edfa (0x00001f17) x30 0x8000fdfa
core   0: 0x8000edfe (0x203f2323) sw      gp, 518(t5)
core   0: 3 0x8000edfe (0x203f2323) mem 0x80010000 0x00000001
core   0: 0x8000ee02 (0x0000bfe5) c.j     pc - 8
core   0: 3 0x8000ee02 (0xbfe5)
core   0: 0x8000edfa (0x00001f17) auipc   t5, 0x1
core   0: 3 0x8000edfa (0x00001f17) x30 0x8000fdfa
core   0: 0x8000edfe (0x203f2323) sw      gp, 518(t5)
core   0: 3 0x8000edfe (0x203f2323) mem 0x80010000 0x00000001
core   0: 0x8000ee02 (0x0000bfe5) c.j     pc - 8
core   0: 3 0x8000ee02 (0xbfe5)
core   0: 0x8000edfa (0x00001f17) auipc   t5, 0x1
core   0: 3 0x8000edfa (0x00001f17) x30 0x8000fdfa
core   0: 0x8000edfe (0x203f2323) sw      gp, 518(t5)
core   0: 3 0x8000edfe (0x203f2323) mem 0x80010000 0x00000001
core   0: 0x8000ee02 (0x0000bfe5) c.j     pc - 8
core   0: 3 0x8000ee02 (0xbfe5)
core   0: 0x8000edfa (0x00001f17) auipc   t5, 0x1
core   0: 3 0x8000edfa (0x00001f17) x30 0x8000fdfa
core   0: 0x8000edfe (0x203f2323) sw      gp, 518(t5)
core   0: 3 0x8000edfe (0x203f2323) mem 0x80010000 0x00000001
core   0: 0x8000ee02 (0x0000bfe5) c.j     pc - 8
core   0: 3 0x8000ee02 (0xbfe5)
core   0: 0x8000edfa (0x00001f17) auipc   t5, 0x1
core   0: 3 0x8000edfa (0x00001f17) x30 0x8000fdfa
core   0: 0x8000edfe (0x203f2323) sw      gp, 518(t5)
core   0: 3 0x8000edfe (0x203f2323) mem 0x80010000 0x00000001
core   0: 0x8000ee02 (0x0000bfe5) c.j     pc - 8
core   0: 3 0x8000ee02 (0xbfe5)
core   0: 0x8000edfa (0x00001f17) auipc   t5, 0x1
core   0: 3 0x8000edfa (0x00001f17) x30 0x8000fdfa
core   0: 0x8000edfe (0x203f2323) sw      gp, 518(t5)
core   0: 3 0x8000edfe (0x203f2323) mem 0x80010000 0x00000001
core   0: 0x8000ee02 (0x0000bfe5) c.j     pc - 8
core   0: 3 0x8000ee02 (0xbfe5)
core   0: 0x8000edfa (0x00001f17) auipc   t5, 0x1
core   0: 3 0x8000edfa (0x00001f17) x30 0x8000fdfa
core   0: 0x8000edfe (0x203f2323) sw      gp, 518(t5)
core   0: 3 0x8000edfe (0x203f2323) mem 0x80010000 0x00000001
core   0: 0x8000ee02 (0x0000bfe5) c.j     pc - 8
core   0: 3 0x8000ee02 (0xbfe5)
core   0: 0x8000edfa (0x00001f17) auipc   t5, 0x1
core   0: 3 0x8000edfa (0x00001f17) x30 0x8000fdfa
core   0: 0x8000edfe (0x203f2323) sw      gp, 518(t5)
core   0: 3 0x8000edfe (0x203f2323) mem 0x80010000 0x00000001
core   0: 0x8000ee02 (0x0000bfe5) c.j     pc - 8
core   0: 3 0x8000ee02 (0xbfe5)
core   0: 0x8000edfa (0x00001f17) auipc   t5, 0x1
core   0: 3 0x8000edfa (0x00001f17) x30 0x8000fdfa
core   0: 0x8000edfe (0x203f2323) sw      gp, 518(t5)
core   0: 3 0x8000edfe (0x203f2323) mem 0x80010000 0x00000001
core   0: 0x8000ee02 (0x0000bfe5) c.j     pc - 8
core   0: 3 0x8000ee02 (0xbfe5)
core   0: 0x8000edfa (0x00001f17) auipc   t5, 0x1
core   0: 3 0x8000edfa (0x00001f17) x30 0x8000fdfa
core   0: 0x8000edfe (0x203f2323) sw      gp, 518(t5)
core   0: 3 0x8000edfe (0x203f2323) mem 0x80010000 0x00000001
core   0: 0x8000ee02 (0x0000bfe5) c.j     pc - 8
core   0: 3 0x8000ee02 (0xbfe5)
core   0: 0x8000edfa (0x00001f17) auipc   t5, 0x1
core   0: 3 0x8000edfa (0x00001f17) x30 0x8000fdfa
core   0: 0x8000edfe (0x203f2323) sw      gp, 518(t5)
core   0: 3 0x8000edfe (0x203f2323) mem 0x80010000 0x00000001
core   0: 0x8000ee02 (0x0000bfe5) c.j     pc - 8
core   0: 3 0x8000ee02 (0xbfe5)
core   0: 0x8000edfa (0x00001f17) auipc   t5, 0x1
core   0: 3 0x8000edfa (0x00001f17) x30 0x8000fdfa
core   0: 0x8000edfe (0x203f2323) sw      gp, 518(t5)
core   0: 3 0x8000edfe (0x203f2323) mem 0x80010000 0x00000001
core   0: 0x8000ee02 (0x0000bfe5) c.j     pc - 8
core   0: 3 0x8000ee02 (0xbfe5)
core   0: 0x8000edfa (0x00001f17) auipc   t5, 0x1
core   0: 3 0x8000edfa (0x00001f17) x30 0x8000fdfa
core   0: 0x8000edfe (0x203f2323) sw      gp, 518(t5)
core   0: 3 0x8000edfe (0x203f2323) mem 0x80010000 0x00000001
core   0: 0x8000ee02 (0x0000bfe5) c.j     pc - 8
core   0: 3 0x8000ee02 (0xbfe5)
core   0: 0x8000edfa (0x00001f17) auipc   t5, 0x1
core   0: 3 0x8000edfa (0x00001f17) x30 0x8000fdfa
core   0: 0x8000edfe (0x203f2323) sw      gp, 518(t5)
core   0: 3 0x8000edfe (0x203f2323) mem 0x80010000 0x00000001
core   0: 0x8000ee02 (0x0000bfe5) c.j     pc - 8
core   0: 3 0x8000ee02 (0xbfe5)
core   0: 0x8000edfa (0x00001f17) auipc   t5, 0x1
core   0: 3 0x8000edfa (0x00001f17) x30 0x8000fdfa
core   0: 0x8000edfe (0x203f2323) sw      gp, 518(t5)
core   0: 3 0x8000edfe (0x203f2323) mem 0x80010000 0x00000001
core   0: 0x8000ee02 (0x0000bfe5) c.j     pc - 8
core   0: 3 0x8000ee02 (0xbfe5)
core   0: 0x8000edfa (0x00001f17) auipc   t5, 0x1
core   0: 3 0x8000edfa (0x00001f17) x30 0x8000fdfa
core   0: 0x8000edfe (0x203f2323) sw      gp, 518(t5)
core   0: 3 0x8000edfe (0x203f2323) mem 0x80010000 0x00000001
core   0: 0x8000ee02 (0x0000bfe5) c.j     pc - 8
core   0: 3 0x8000ee02 (0xbfe5)
core   0: 0x8000edfa (0x00001f17) auipc   t5, 0x1
core   0: 3 0x8000edfa (0x00001f17) x30 0x8000fdfa
core   0: 0x8000edfe (0x203f2323) sw      gp, 518(t5)
core   0: 3 0x8000edfe (0x203f2323) mem 0x80010000 0x00000001
core   0: 0x8000ee02 (0x0000bfe5) c.j     pc - 8
core   0: 3 0x8000ee02 (0xbfe5)
core   0: 0x8000edfa (0x00001f17) auipc   t5, 0x1
core   0: 3 0x8000edfa (0x00001f17) x30 0x8000fdfa
core   0: 0x8000edfe (0x203f2323) sw      gp, 518(t5)
core   0: 3 0x8000edfe (0x203f2323) mem 0x80010000 0x00000001
core   0: 0x8000ee02 (0x0000bfe5) c.j     pc - 8
core   0: 3 0x8000ee02 (0xbfe5)
core   0: 0x8000edfa (0x00001f17) auipc   t5, 0x1
core   0: 3 0x8000edfa (0x00001f17) x30 0x8000fdfa
core   0: 0x8000edfe (0x203f2323) sw      gp, 518(t5)
core   0: 3 0x8000edfe (0x203f2323) mem 0x80010000 0x00000001
core   0: 0x8000ee02 (0x0000bfe5) c.j     pc - 8
core   0: 3 0x8000ee02 (0xbfe5)
core   0: 0x8000edfa (0x00001f17) auipc   t5, 0x1
core   0: 3 0x8000edfa (0x00001f17) x30 0x8000fdfa
core   0: 0x8000edfe (0x203f2323) sw      gp, 518(t5)
core   0: 3 0x8000edfe (0x203f2323) mem 0x80010000 0x00000001
core   0: 0x8000ee02 (0x0000bfe5) c.j     pc - 8
core   0: 3 0x8000ee02 (0xbfe5)
core   0: 0x8000edfa (0x00001f17) auipc   t5, 0x1
core   0: 3 0x8000edfa (0x00001f17) x30 0x8000fdfa
core   0: 0x8000edfe (0x203f2323) sw      gp, 518(t5)
core   0: 3 0x8000edfe (0x203f2323) mem 0x80010000 0x00000001
core   0: 0x8000ee02 (0x0000bfe5) c.j     pc - 8
core   0: 3 0x8000ee02 (0xbfe5)
core   0: 0x8000edfa (0x00001f17) auipc   t5, 0x1
core   0: 3 0x8000edfa (0x00001f17) x30 0x8000fdfa
core   0: 0x8000edfe (0x203f2323) sw      gp, 518(t5)
core   0: 3 0x8000edfe (0x203f2323) mem 0x80010000 0x00000001
core   0: 0x8000ee02 (0x0000bfe5) c.j     pc - 8
core   0: 3 0x8000ee02 (0xbfe5)
core   0: 0x8000edfa (0x00001f17) auipc   t5, 0x1
core   0: 3 0x8000edfa (0x00001f17) x30 0x8000fdfa
core   0: 0x8000edfe (0x203f2323) sw      gp, 518(t5)
core   0: 3 0x8000edfe (0x203f2323) mem 0x80010000 0x00000001
core   0: 0x8000ee02 (0x0000bfe5) c.j     pc - 8
core   0: 3 0x8000ee02 (0xbfe5)
core   0: 0x8000edfa (0x00001f17) auipc   t5, 0x1
core   0: 3 0x8000edfa (0x00001f17) x30 0x8000fdfa
core   0: 0x8000edfe (0x203f2323) sw      gp, 518(t5)
core   0: 3 0x8000edfe (0x203f2323) mem 0x80010000 0x00000001
core   0: 0x8000ee02 (0x0000bfe5) c.j     pc - 8
core   0: 3 0x8000ee02 (0xbfe5)
core   0: 0x8000edfa (0x00001f17) auipc   t5, 0x1
core   0: 3 0x8000edfa (0x00001f17) x30 0x8000fdfa
core   0: 0x8000edfe (0x203f2323) sw      gp, 518(t5)
core   0: 3 0x8000edfe (0x203f2323) mem 0x80010000 0x00000001
core   0: 0x8000ee02 (0x0000bfe5) c.j     pc - 8
core   0: 3 0x8000ee02 (0xbfe5)
core   0: 0x8000edfa (0x00001f17) auipc   t5, 0x1
core   0: 3 0x8000edfa (0x00001f17) x30 0x8000fdfa
core   0: 0x8000edfe (0x203f2323) sw      gp, 518(t5)
core   0: 3 0x8000edfe (0x203f2323) mem 0x80010000 0x00000001
core   0: 0x8000ee02 (0x0000bfe5) c.j     pc - 8
core   0: 3 0x8000ee02 (0xbfe5)
core   0: 0x8000edfa (0x00001f17) auipc   t5, 0x1
core   0: 3 0x8000edfa (0x00001f17) x30 0x8000fdfa
core   0: 0x8000edfe (0x203f2323) sw      gp, 518(t5)
core   0: 3 0x8000edfe (0x203f2323) mem 0x80010000 0x00000001
core   0: 0x8000ee02 (0x0000bfe5) c.j     pc - 8
core   0: 3 0x8000ee02 (0xbfe5)
core   0: 0x8000edfa (0x00001f17) auipc   t5, 0x1
core   0: 3 0x8000edfa (0x00001f17) x30 0x8000fdfa
core   0: 0x8000edfe (0x203f2323) sw      gp, 518(t5)
core   0: 3 0x8000edfe (0x203f2323) mem 0x80010000 0x00000001
core   0: 0x8000ee02 (0x0000bfe5) c.j     pc - 8
core   0: 3 0x8000ee02 (0xbfe5)
core   0: 0x8000edfa (0x00001f17) auipc   t5, 0x1
core   0: 3 0x8000edfa (0x00001f17) x30 0x8000fdfa
core   0: 0x8000edfe (0x203f2323) sw      gp, 518(t5)
core   0: 3 0x8000edfe (0x203f2323) mem 0x80010000 0x00000001
core   0: 0x8000ee02 (0x0000bfe5) c.j     pc - 8
core   0: 3 0x8000ee02 (0xbfe5)
core   0: 0x8000edfa (0x00001f17) auipc   t5, 0x1
core   0: 3 0x8000edfa (0x00001f17) x30 0x8000fdfa
core   0: 0x8000edfe (0x203f2323) sw      gp, 518(t5)
core   0: 3 0x8000edfe (0x203f2323) mem 0x80010000 0x00000001
core   0: 0x8000ee02 (0x0000bfe5) c.j     pc - 8
core   0: 3 0x8000ee02 (0xbfe5)
core   0: 0x8000edfa (0x00001f17) auipc   t5, 0x1
core   0: 3 0x8000edfa (0x00001f17) x30 0x8000fdfa
core   0: 0x8000edfe (0x203f2323) sw      gp, 518(t5)
core   0: 3 0x8000edfe (0x203f2323) mem 0x80010000 0x00000001
core   0: 0x8000ee02 (0x0000bfe5) c.j     pc - 8
core   0: 3 0x8000ee02 (0xbfe5)
core   0: 0x8000edfa (0x00001f17) auipc   t5, 0x1
core   0: 3 0x8000edfa (0x00001f17) x30 0x8000fdfa
core   0: 0x8000edfe (0x203f2323) sw      gp, 518(t5)
core   0: 3 0x8000edfe (0x203f2323) mem 0x80010000 0x00000001
core   0: 0x8000ee02 (0x0000bfe5) c.j     pc - 8
core   0: 3 0x8000ee02 (0xbfe5)
core   0: 0x8000edfa (0x00001f17) auipc   t5, 0x1
core   0: 3 0x8000edfa (0x00001f17) x30 0x8000fdfa
core   0: 0x8000edfe (0x203f2323) sw      gp, 518(t5)
core   0: 3 0x8000edfe (0x203f2323) mem 0x80010000 0x00000001
core   0: 0x8000ee02 (0x0000bfe5) c.j     pc - 8
core   0: 3 0x8000ee02 (0xbfe5)
core   0: 0x8000edfa (0x00001f17) auipc   t5, 0x1
core   0: 3 0x8000edfa (0x00001f17) x30 0x8000fdfa
core   0: 0x8000edfe (0x203f2323) sw      gp, 518(t5)
core   0: 3 0x8000edfe (0x203f2323) mem 0x80010000 0x00000001
core   0: 0x8000ee02 (0x0000bfe5) c.j     pc - 8
core   0: 3 0x8000ee02 (0xbfe5)
core   0: 0x8000edfa (0x00001f17) auipc   t5, 0x1
core   0: 3 0x8000edfa (0x00001f17) x30 0x8000fdfa
core   0: 0x8000edfe (0x203f2323) sw      gp, 518(t5)
core   0: 3 0x8000edfe (0x203f2323) mem 0x80010000 0x00000001
core   0: 0x8000ee02 (0x0000bfe5) c.j     pc - 8
core   0: 3 0x8000ee02 (0xbfe5)
core   0: 0x8000edfa (0x00001f17) auipc   t5, 0x1
core   0: 3 0x8000edfa (0x00001f17) x30 0x8000fdfa
core   0: 0x8000edfe (0x203f2323) sw      gp, 518(t5)
core   0: 3 0x8000edfe (0x203f2323) mem 0x80010000 0x00000001
core   0: 0x8000ee02 (0x0000bfe5) c.j     pc - 8
core   0: 3 0x8000ee02 (0xbfe5)
core   0: 0x8000edfa (0x00001f17) auipc   t5, 0x1
core   0: 3 0x8000edfa (0x00001f17) x30 0x8000fdfa
core   0: 0x8000edfe (0x203f2323) sw      gp, 518(t5)
core   0: 3 0x8000edfe (0x203f2323) mem 0x80010000 0x00000001
core   0: 0x8000ee02 (0x0000bfe5) c.j     pc - 8
core   0: 3 0x8000ee02 (0xbfe5)
core   0: 0x8000edfa (0x00001f17) auipc   t5, 0x1
core   0: 3 0x8000edfa (0x00001f17) x30 0x8000fdfa
core   0: 0x8000edfe (0x203f2323) sw      gp, 518(t5)
core   0: 3 0x8000edfe (0x203f2323) mem 0x80010000 0x00000001
core   0: 0x8000ee02 (0x0000bfe5) c.j     pc - 8
core   0: 3 0x8000ee02 (0xbfe5)
core   0: 0x8000edfa (0x00001f17) auipc   t5, 0x1
core   0: 3 0x8000edfa (0x00001f17) x30 0x8000fdfa
core   0: 0x8000edfe (0x203f2323) sw      gp, 518(t5)
core   0: 3 0x8000edfe (0x203f2323) mem 0x80010000 0x00000001
core   0: 0x8000ee02 (0x0000bfe5) c.j     pc - 8
core   0: 3 0x8000ee02 (0xbfe5)
core   0: 0x8000edfa (0x00001f17) auipc   t5, 0x1
core   0: 3 0x8000edfa (0x00001f17) x30 0x8000fdfa
core   0: 0x8000edfe (0x203f2323) sw      gp, 518(t5)
core   0: 3 0x8000edfe (0x203f2323) mem 0x80010000 0x00000001
core   0: 0x8000ee02 (0x0000bfe5) c.j     pc - 8
core   0: 3 0x8000ee02 (0xbfe5)
core   0: 0x8000edfa (0x00001f17) auipc   t5, 0x1
core   0: 3 0x8000edfa (0x00001f17) x30 0x8000fdfa
core   0: 0x8000edfe (0x203f2323) sw      gp, 518(t5)
core   0: 3 0x8000edfe (0x203f2323) mem 0x80010000 0x00000001
core   0: 0x8000ee02 (0x0000bfe5) c.j     pc - 8
core   0: 3 0x8000ee02 (0xbfe5)
core   0: 0x8000edfa (0x00001f17) auipc   t5, 0x1
core   0: 3 0x8000edfa (0x00001f17) x30 0x8000fdfa
core   0: 0x8000edfe (0x203f2323) sw      gp, 518(t5)
core   0: 3 0x8000edfe (0x203f2323) mem 0x80010000 0x00000001
core   0: 0x8000ee02 (0x0000bfe5) c.j     pc - 8
core   0: 3 0x8000ee02 (0xbfe5)
core   0: 0x8000edfa (0x00001f17) auipc   t5, 0x1
core   0: 3 0x8000edfa (0x00001f17) x30 0x8000fdfa
core   0: 0x8000edfe (0x203f2323) sw      gp, 518(t5)
core   0: 3 0x8000edfe (0x203f2323) mem 0x80010000 0x00000001
core   0: 0x8000ee02 (0x0000bfe5) c.j     pc - 8
core   0: 3 0x8000ee02 (0xbfe5)
core   0: 0x8000edfa (0x00001f17) auipc   t5, 0x1
core   0: 3 0x8000edfa (0x00001f17) x30 0x8000fdfa
core   0: 0x8000edfe (0x203f2323) sw      gp, 518(t5)
core   0: 3 0x8000edfe (0x203f2323) mem 0x80010000 0x00000001
core   0: 0x8000ee02 (0x0000bfe5) c.j     pc - 8
core   0: 3 0x8000ee02 (0xbfe5)
core   0: 0x8000edfa (0x00001f17) auipc   t5, 0x1
core   0: 3 0x8000edfa (0x00001f17) x30 0x8000fdfa
core   0: 0x8000edfe (0x203f2323) sw      gp, 518(t5)
core   0: 3 0x8000edfe (0x203f2323) mem 0x80010000 0x00000001
core   0: 0x8000ee02 (0x0000bfe5) c.j     pc - 8
core   0: 3 0x8000ee02 (0xbfe5)
core   0: 0x8000edfa (0x00001f17) auipc   t5, 0x1
core   0: 3 0x8000edfa (0x00001f17) x30 0x8000fdfa
core   0: 0x8000edfe (0x203f2323) sw      gp, 518(t5)
core   0: 3 0x8000edfe (0x203f2323) mem 0x80010000 0x00000001
core   0: 0x8000ee02 (0x0000bfe5) c.j     pc - 8
core   0: 3 0x8000ee02 (0xbfe5)
core   0: 0x8000edfa (0x00001f17) auipc   t5, 0x1
core   0: 3 0x8000edfa (0x00001f17) x30 0x8000fdfa
core   0: 0x8000edfe (0x203f2323) sw      gp, 518(t5)
core   0: 3 0x8000edfe (0x203f2323) mem 0x80010000 0x00000001
core   0: 0x8000ee02 (0x0000bfe5) c.j     pc - 8
core   0: 3 0x8000ee02 (0xbfe5)
core   0: 0x8000edfa (0x00001f17) auipc   t5, 0x1
core   0: 3 0x8000edfa (0x00001f17) x30 0x8000fdfa
core   0: 0x8000edfe (0x203f2323) sw      gp, 518(t5)
core   0: 3 0x8000edfe (0x203f2323) mem 0x80010000 0x00000001
core   0: 0x8000ee02 (0x0000bfe5) c.j     pc - 8
core   0: 3 0x8000ee02 (0xbfe5)
core   0: 0x8000edfa (0x00001f17) auipc   t5, 0x1
core   0: 3 0x8000edfa (0x00001f17) x30 0x8000fdfa
core   0: 0x8000edfe (0x203f2323) sw      gp, 518(t5)
core   0: 3 0x8000edfe (0x203f2323) mem 0x80010000 0x00000001
core   0: 0x8000ee02 (0x0000bfe5) c.j     pc - 8
core   0: 3 0x8000ee02 (0xbfe5)
core   0: 0x8000edfa (0x00001f17) auipc   t5, 0x1
core   0: 3 0x8000edfa (0x00001f17) x30 0x8000fdfa
core   0: 0x8000edfe (0x203f2323) sw      gp, 518(t5)
core   0: 3 0x8000edfe (0x203f2323) mem 0x80010000 0x00000001
core   0: 0x8000ee02 (0x0000bfe5) c.j     pc - 8
core   0: 3 0x8000ee02 (0xbfe5)
core   0: 0x8000edfa (0x00001f17) auipc   t5, 0x1
core   0: 3 0x8000edfa (0x00001f17) x30 0x8000fdfa
core   0: 0x8000edfe (0x203f2323) sw      gp, 518(t5)
core   0: 3 0x8000edfe (0x203f2323) mem 0x80010000 0x00000001
core   0: 0x8000ee02 (0x0000bfe5) c.j     pc - 8
core   0: 3 0x8000ee02 (0xbfe5)
core   0: 0x8000edfa (0x00001f17) auipc   t5, 0x1
core   0: 3 0x8000edfa (0x00001f17) x30 0x8000fdfa
core   0: 0x8000edfe (0x203f2323) sw      gp, 518(t5)
core   0: 3 0x8000edfe (0x203f2323) mem 0x80010000 0x00000001
core   0: 0x8000ee02 (0x0000bfe5) c.j     pc - 8
core   0: 3 0x8000ee02 (0xbfe5)
core   0: 0x8000edfa (0x00001f17) auipc   t5, 0x1
core   0: 3 0x8000edfa (0x00001f17) x30 0x8000fdfa
core   0: 0x8000edfe (0x203f2323) sw      gp, 518(t5)
core   0: 3 0x8000edfe (0x203f2323) mem 0x80010000 0x00000001
core   0: 0x8000ee02 (0x0000bfe5) c.j     pc - 8
core   0: 3 0x8000ee02 (0xbfe5)
core   0: 0x8000edfa (0x00001f17) auipc   t5, 0x1
core   0: 3 0x8000edfa (0x00001f17) x30 0x8000fdfa
core   0: 0x8000edfe (0x203f2323) sw      gp, 518(t5)
core   0: 3 0x8000edfe (0x203f2323) mem 0x80010000 0x00000001
core   0: 0x8000ee02 (0x0000bfe5) c.j     pc - 8
core   0: 3 0x8000ee02 (0xbfe5)
core   0: 0x8000edfa (0x00001f17) auipc   t5, 0x1
core   0: 3 0x8000edfa (0x00001f17) x30 0x8000fdfa
core   0: 0x8000edfe (0x203f2323) sw      gp, 518(t5)
core   0: 3 0x8000edfe (0x203f2323) mem 0x80010000 0x00000001
core   0: 0x8000ee02 (0x0000bfe5) c.j     pc - 8
core   0: 3 0x8000ee02 (0xbfe5)
core   0: 0x8000edfa (0x00001f17) auipc   t5, 0x1
core   0: 3 0x8000edfa (0x00001f17) x30 0x8000fdfa
core   0: 0x8000edfe (0x203f2323) sw      gp, 518(t5)
core   0: 3 0x8000edfe (0x203f2323) mem 0x80010000 0x00000001
core   0: 0x8000ee02 (0x0000bfe5) c.j     pc - 8
core   0: 3 0x8000ee02 (0xbfe5)
core   0: 0x8000edfa (0x00001f17) auipc   t5, 0x1
core   0: 3 0x8000edfa (0x00001f17) x30 0x8000fdfa
core   0: 0x8000edfe (0x203f2323) sw      gp, 518(t5)
core   0: 3 0x8000edfe (0x203f2323) mem 0x80010000 0x00000001
core   0: 0x8000ee02 (0x0000bfe5) c.j     pc - 8
core   0: 3 0x8000ee02 (0xbfe5)
core   0: 0x8000edfa (0x00001f17) auipc   t5, 0x1
core   0: 3 0x8000edfa (0x00001f17) x30 0x8000fdfa
core   0: 0x8000edfe (0x203f2323) sw      gp, 518(t5)
core   0: 3 0x8000edfe (0x203f2323) mem 0x80010000 0x00000001
core   0: 0x8000ee02 (0x0000bfe5) c.j     pc - 8
core   0: 3 0x8000ee02 (0xbfe5)
core   0: 0x8000edfa (0x00001f17) auipc   t5, 0x1
core   0: 3 0x8000edfa (0x00001f17) x30 0x8000fdfa
core   0: 0x8000edfe (0x203f2323) sw      gp, 518(t5)
core   0: 3 0x8000edfe (0x203f2323) mem 0x80010000 0x00000001
core   0: 0x8000ee02 (0x0000bfe5) c.j     pc - 8
core   0: 3 0x8000ee02 (0xbfe5)
core   0: 0x8000edfa (0x00001f17) auipc   t5, 0x1
core   0: 3 0x8000edfa (0x00001f17) x30 0x8000fdfa
core   0: 0x8000edfe (0x203f2323) sw      gp, 518(t5)
core   0: 3 0x8000edfe (0x203f2323) mem 0x80010000 0x00000001
core   0: 0x8000ee02 (0x0000bfe5) c.j     pc - 8
core   0: 3 0x8000ee02 (0xbfe5)
core   0: 0x8000edfa (0x00001f17) auipc   t5, 0x1
core   0: 3 0x8000edfa (0x00001f17) x30 0x8000fdfa
core   0: 0x8000edfe (0x203f2323) sw      gp, 518(t5)
core   0: 3 0x8000edfe (0x203f2323) mem 0x80010000 0x00000001
core   0: 0x8000ee02 (0x0000bfe5) c.j     pc - 8
core   0: 3 0x8000ee02 (0xbfe5)
core   0: 0x8000edfa (0x00001f17) auipc   t5, 0x1
core   0: 3 0x8000edfa (0x00001f17) x30 0x8000fdfa
core   0: 0x8000edfe (0x203f2323) sw      gp, 518(t5)
core   0: 3 0x8000edfe (0x203f2323) mem 0x80010000 0x00000001
core   0: 0x8000ee02 (0x0000bfe5) c.j     pc - 8
core   0: 3 0x8000ee02 (0xbfe5)
core   0: 0x8000edfa (0x00001f17) auipc   t5, 0x1
core   0: 3 0x8000edfa (0x00001f17) x30 0x8000fdfa
core   0: 0x8000edfe (0x203f2323) sw      gp, 518(t5)
core   0: 3 0x8000edfe (0x203f2323) mem 0x80010000 0x00000001
core   0: 0x8000ee02 (0x0000bfe5) c.j     pc - 8
core   0: 3 0x8000ee02 (0xbfe5)
core   0: 0x8000edfa (0x00001f17) auipc   t5, 0x1
core   0: 3 0x8000edfa (0x00001f17) x30 0x8000fdfa
core   0: 0x8000edfe (0x203f2323) sw      gp, 518(t5)
core   0: 3 0x8000edfe (0x203f2323) mem 0x80010000 0x00000001
core   0: 0x8000ee02 (0x0000bfe5) c.j     pc - 8
core   0: 3 0x8000ee02 (0xbfe5)
core   0: 0x8000edfa (0x00001f17) auipc   t5, 0x1
core   0: 3 0x8000edfa (0x00001f17) x30 0x8000fdfa
core   0: 0x8000edfe (0x203f2323) sw      gp, 518(t5)
core   0: 3 0x8000edfe (0x203f2323) mem 0x80010000 0x00000001
core   0: 0x8000ee02 (0x0000bfe5) c.j     pc - 8
core   0: 3 0x8000ee02 (0xbfe5)
core   0: 0x8000edfa (0x00001f17) auipc   t5, 0x1
core   0: 3 0x8000edfa (0x00001f17) x30 0x8000fdfa
core   0: 0x8000edfe (0x203f2323) sw      gp, 518(t5)
core   0: 3 0x8000edfe (0x203f2323) mem 0x80010000 0x00000001
core   0: 0x8000ee02 (0x0000bfe5) c.j     pc - 8
core   0: 3 0x8000ee02 (0xbfe5)
core   0: 0x8000edfa (0x00001f17) auipc   t5, 0x1
core   0: 3 0x8000edfa (0x00001f17) x30 0x8000fdfa
core   0: 0x8000edfe (0x203f2323) sw      gp, 518(t5)
core   0: 3 0x8000edfe (0x203f2323) mem 0x80010000 0x00000001
core   0: 0x8000ee02 (0x0000bfe5) c.j     pc - 8
core   0: 3 0x8000ee02 (0xbfe5)
core   0: 0x8000edfa (0x00001f17) auipc   t5, 0x1
core   0: 3 0x8000edfa (0x00001f17) x30 0x8000fdfa
core   0: 0x8000edfe (0x203f2323) sw      gp, 518(t5)
core   0: 3 0x8000edfe (0x203f2323) mem 0x80010000 0x00000001
core   0: 0x8000ee02 (0x0000bfe5) c.j     pc - 8
core   0: 3 0x8000ee02 (0xbfe5)
core   0: 0x8000edfa (0x00001f17) auipc   t5, 0x1
core   0: 3 0x8000edfa (0x00001f17) x30 0x8000fdfa
core   0: 0x8000edfe (0x203f2323) sw      gp, 518(t5)
core   0: 3 0x8000edfe (0x203f2323) mem 0x80010000 0x00000001
core   0: 0x8000ee02 (0x0000bfe5) c.j     pc - 8
core   0: 3 0x8000ee02 (0xbfe5)
core   0: 0x8000edfa (0x00001f17) auipc   t5, 0x1
core   0: 3 0x8000edfa (0x00001f17) x30 0x8000fdfa
core   0: 0x8000edfe (0x203f2323) sw      gp, 518(t5)
core   0: 3 0x8000edfe (0x203f2323) mem 0x80010000 0x00000001
core   0: 0x8000ee02 (0x0000bfe5) c.j     pc - 8
core   0: 3 0x8000ee02 (0xbfe5)
core   0: 0x8000edfa (0x00001f17) auipc   t5, 0x1
core   0: 3 0x8000edfa (0x00001f17) x30 0x8000fdfa
core   0: 0x8000edfe (0x203f2323) sw      gp, 518(t5)
core   0: 3 0x8000edfe (0x203f2323) mem 0x80010000 0x00000001
core   0: 0x8000ee02 (0x0000bfe5) c.j     pc - 8
core   0: 3 0x8000ee02 (0xbfe5)
core   0: 0x8000edfa (0x00001f17) auipc   t5, 0x1
core   0: 3 0x8000edfa (0x00001f17) x30 0x8000fdfa
core   0: 0x8000edfe (0x203f2323) sw      gp, 518(t5)
core   0: 3 0x8000edfe (0x203f2323) mem 0x80010000 0x00000001
core   0: 0x8000ee02 (0x0000bfe5) c.j     pc - 8
core   0: 3 0x8000ee02 (0xbfe5)
core   0: 0x8000edfa (0x00001f17) auipc   t5, 0x1
core   0: 3 0x8000edfa (0x00001f17) x30 0x8000fdfa
core   0: 0x8000edfe (0x203f2323) sw      gp, 518(t5)
core   0: 3 0x8000edfe (0x203f2323) mem 0x80010000 0x00000001
core   0: 0x8000ee02 (0x0000bfe5) c.j     pc - 8
core   0: 3 0x8000ee02 (0xbfe5)
core   0: 0x8000edfa (0x00001f17) auipc   t5, 0x1
core   0: 3 0x8000edfa (0x00001f17) x30 0x8000fdfa
core   0: 0x8000edfe (0x203f2323) sw      gp, 518(t5)
core   0: 3 0x8000edfe (0x203f2323) mem 0x80010000 0x00000001
core   0: 0x8000ee02 (0x0000bfe5) c.j     pc - 8
core   0: 3 0x8000ee02 (0xbfe5)
core   0: 0x8000edfa (0x00001f17) auipc   t5, 0x1
core   0: 3 0x8000edfa (0x00001f17) x30 0x8000fdfa
core   0: 0x8000edfe (0x203f2323) sw      gp, 518(t5)
core   0: 3 0x8000edfe (0x203f2323) mem 0x80010000 0x00000001
core   0: 0x8000ee02 (0x0000bfe5) c.j     pc - 8
core   0: 3 0x8000ee02 (0xbfe5)
core   0: 0x8000edfa (0x00001f17) auipc   t5, 0x1
core   0: 3 0x8000edfa (0x00001f17) x30 0x8000fdfa
core   0: 0x8000edfe (0x203f2323) sw      gp, 518(t5)
core   0: 3 0x8000edfe (0x203f2323) mem 0x80010000 0x00000001
core   0: 0x8000ee02 (0x0000bfe5) c.j     pc - 8
core   0: 3 0x8000ee02 (0xbfe5)
core   0: 0x8000edfa (0x00001f17) auipc   t5, 0x1
core   0: 3 0x8000edfa (0x00001f17) x30 0x8000fdfa
core   0: 0x8000edfe (0x203f2323) sw      gp, 518(t5)
core   0: 3 0x8000edfe (0x203f2323) mem 0x80010000 0x00000001
core   0: 0x8000ee02 (0x0000bfe5) c.j     pc - 8
core   0: 3 0x8000ee02 (0xbfe5)
core   0: 0x8000edfa (0x00001f17) auipc   t5, 0x1
core   0: 3 0x8000edfa (0x00001f17) x30 0x8000fdfa
core   0: 0x8000edfe (0x203f2323) sw      gp, 518(t5)
core   0: 3 0x8000edfe (0x203f2323) mem 0x80010000 0x00000001
core   0: 0x8000ee02 (0x0000bfe5) c.j     pc - 8
core   0: 3 0x8000ee02 (0xbfe5)
core   0: 0x8000edfa (0x00001f17) auipc   t5, 0x1
core   0: 3 0x8000edfa (0x00001f17) x30 0x8000fdfa
core   0: 0x8000edfe (0x203f2323) sw      gp, 518(t5)
core   0: 3 0x8000edfe (0x203f2323) mem 0x80010000 0x00000001
core   0: 0x8000ee02 (0x0000bfe5) c.j     pc - 8
core   0: 3 0x8000ee02 (0xbfe5)
core   0: 0x8000edfa (0x00001f17) auipc   t5, 0x1
core   0: 3 0x8000edfa (0x00001f17) x30 0x8000fdfa
core   0: 0x8000edfe (0x203f2323) sw      gp, 518(t5)
core   0: 3 0x8000edfe (0x203f2323) mem 0x80010000 0x00000001
core   0: 0x8000ee02 (0x0000bfe5) c.j     pc - 8
core   0: 3 0x8000ee02 (0xbfe5)
core   0: 0x8000edfa (0x00001f17) auipc   t5, 0x1
core   0: 3 0x8000edfa (0x00001f17) x30 0x8000fdfa
core   0: 0x8000edfe (0x203f2323) sw      gp, 518(t5)
core   0: 3 0x8000edfe (0x203f2323) mem 0x80010000 0x00000001
core   0: 0x8000ee02 (0x0000bfe5) c.j     pc - 8
core   0: 3 0x8000ee02 (0xbfe5)
core   0: 0x8000edfa (0x00001f17) auipc   t5, 0x1
core   0: 3 0x8000edfa (0x00001f17) x30 0x8000fdfa
core   0: 0x8000edfe (0x203f2323) sw      gp, 518(t5)
core   0: 3 0x8000edfe (0x203f2323) mem 0x80010000 0x00000001
core   0: 0x8000ee02 (0x0000bfe5) c.j     pc - 8
core   0: 3 0x8000ee02 (0xbfe5)
core   0: 0x8000edfa (0x00001f17) auipc   t5, 0x1
core   0: 3 0x8000edfa (0x00001f17) x30 0x8000fdfa
core   0: 0x8000edfe (0x203f2323) sw      gp, 518(t5)
core   0: 3 0x8000edfe (0x203f2323) mem 0x80010000 0x00000001
core   0: 0x8000ee02 (0x0000bfe5) c.j     pc - 8
core   0: 3 0x8000ee02 (0xbfe5)
core   0: 0x8000edfa (0x00001f17) auipc   t5, 0x1
core   0: 3 0x8000edfa (0x00001f17) x30 0x8000fdfa
core   0: 0x8000edfe (0x203f2323) sw      gp, 518(t5)
core   0: 3 0x8000edfe (0x203f2323) mem 0x80010000 0x00000001
core   0: 0x8000ee02 (0x0000bfe5) c.j     pc - 8
core   0: 3 0x8000ee02 (0xbfe5)
core   0: 0x8000edfa (0x00001f17) auipc   t5, 0x1
core   0: 3 0x8000edfa (0x00001f17) x30 0x8000fdfa
core   0: 0x8000edfe (0x203f2323) sw      gp, 518(t5)
core   0: 3 0x8000edfe (0x203f2323) mem 0x80010000 0x00000001
core   0: 0x8000ee02 (0x0000bfe5) c.j     pc - 8
core   0: 3 0x8000ee02 (0xbfe5)
core   0: 0x8000edfa (0x00001f17) auipc   t5, 0x1
core   0: 3 0x8000edfa (0x00001f17) x30 0x8000fdfa
core   0: 0x8000edfe (0x203f2323) sw      gp, 518(t5)
core   0: 3 0x8000edfe (0x203f2323) mem 0x80010000 0x00000001
core   0: 0x8000ee02 (0x0000bfe5) c.j     pc - 8
core   0: 3 0x8000ee02 (0xbfe5)
core   0: 0x8000edfa (0x00001f17) auipc   t5, 0x1
core   0: 3 0x8000edfa (0x00001f17) x30 0x8000fdfa
core   0: 0x8000edfe (0x203f2323) sw      gp, 518(t5)
core   0: 3 0x8000edfe (0x203f2323) mem 0x80010000 0x00000001
core   0: 0x8000ee02 (0x0000bfe5) c.j     pc - 8
core   0: 3 0x8000ee02 (0xbfe5)
core   0: 0x8000edfa (0x00001f17) auipc   t5, 0x1
core   0: 3 0x8000edfa (0x00001f17) x30 0x8000fdfa
core   0: 0x8000edfe (0x203f2323) sw      gp, 518(t5)
core   0: 3 0x8000edfe (0x203f2323) mem 0x80010000 0x00000001
core   0: 0x8000ee02 (0x0000bfe5) c.j     pc - 8
core   0: 3 0x8000ee02 (0xbfe5)
core   0: 0x8000edfa (0x00001f17) auipc   t5, 0x1
core   0: 3 0x8000edfa (0x00001f17) x30 0x8000fdfa
core   0: 0x8000edfe (0x203f2323) sw      gp, 518(t5)
core   0: 3 0x8000edfe (0x203f2323) mem 0x80010000 0x00000001
core   0: 0x8000ee02 (0x0000bfe5) c.j     pc - 8
core   0: 3 0x8000ee02 (0xbfe5)
core   0: 0x8000edfa (0x00001f17) auipc   t5, 0x1
core   0: 3 0x8000edfa (0x00001f17) x30 0x8000fdfa
core   0: 0x8000edfe (0x203f2323) sw      gp, 518(t5)
core   0: 3 0x8000edfe (0x203f2323) mem 0x80010000 0x00000001
core   0: 0x8000ee02 (0x0000bfe5) c.j     pc - 8
core   0: 3 0x8000ee02 (0xbfe5)
core   0: 0x8000edfa (0x00001f17) auipc   t5, 0x1
core   0: 3 0x8000edfa (0x00001f17) x30 0x8000fdfa
core   0: 0x8000edfe (0x203f2323) sw      gp, 518(t5)
core   0: 3 0x8000edfe (0x203f2323) mem 0x80010000 0x00000001
core   0: 0x8000ee02 (0x0000bfe5) c.j     pc - 8
core   0: 3 0x8000ee02 (0xbfe5)
core   0: 0x8000edfa (0x00001f17) auipc   t5, 0x1
core   0: 3 0x8000edfa (0x00001f17) x30 0x8000fdfa
core   0: 0x8000edfe (0x203f2323) sw      gp, 518(t5)
core   0: 3 0x8000edfe (0x203f2323) mem 0x80010000 0x00000001
core   0: 0x8000ee02 (0x0000bfe5) c.j     pc - 8
core   0: 3 0x8000ee02 (0xbfe5)
core   0: 0x8000edfa (0x00001f17) auipc   t5, 0x1
core   0: 3 0x8000edfa (0x00001f17) x30 0x8000fdfa
core   0: 0x8000edfe (0x203f2323) sw      gp, 518(t5)
core   0: 3 0x8000edfe (0x203f2323) mem 0x80010000 0x00000001
core   0: 0x8000ee02 (0x0000bfe5) c.j     pc - 8
core   0: 3 0x8000ee02 (0xbfe5)
core   0: 0x8000edfa (0x00001f17) auipc   t5, 0x1
core   0: 3 0x8000edfa (0x00001f17) x30 0x8000fdfa
core   0: 0x8000edfe (0x203f2323) sw      gp, 518(t5)
core   0: 3 0x8000edfe (0x203f2323) mem 0x80010000 0x00000001
core   0: 0x8000ee02 (0x0000bfe5) c.j     pc - 8
core   0: 3 0x8000ee02 (0xbfe5)
core   0: 0x8000edfa (0x00001f17) auipc   t5, 0x1
core   0: 3 0x8000edfa (0x00001f17) x30 0x8000fdfa
core   0: 0x8000edfe (0x203f2323) sw      gp, 518(t5)
core   0: 3 0x8000edfe (0x203f2323) mem 0x80010000 0x00000001
core   0: 0x8000ee02 (0x0000bfe5) c.j     pc - 8
core   0: 3 0x8000ee02 (0xbfe5)
core   0: 0x8000edfa (0x00001f17) auipc   t5, 0x1
core   0: 3 0x8000edfa (0x00001f17) x30 0x8000fdfa
core   0: 0x8000edfe (0x203f2323) sw      gp, 518(t5)
core   0: 3 0x8000edfe (0x203f2323) mem 0x80010000 0x00000001
core   0: 0x8000ee02 (0x0000bfe5) c.j     pc - 8
core   0: 3 0x8000ee02 (0xbfe5)
core   0: 0x8000edfa (0x00001f17) auipc   t5, 0x1
core   0: 3 0x8000edfa (0x00001f17) x30 0x8000fdfa
core   0: 0x8000edfe (0x203f2323) sw      gp, 518(t5)
core   0: 3 0x8000edfe (0x203f2323) mem 0x80010000 0x00000001
core   0: 0x8000ee02 (0x0000bfe5) c.j     pc - 8
core   0: 3 0x8000ee02 (0xbfe5)
core   0: 0x8000edfa (0x00001f17) auipc   t5, 0x1
core   0: 3 0x8000edfa (0x00001f17) x30 0x8000fdfa
core   0: 0x8000edfe (0x203f2323) sw      gp, 518(t5)
core   0: 3 0x8000edfe (0x203f2323) mem 0x80010000 0x00000001
core   0: 0x8000ee02 (0x0000bfe5) c.j     pc - 8
core   0: 3 0x8000ee02 (0xbfe5)
core   0: 0x8000edfa (0x00001f17) auipc   t5, 0x1
core   0: 3 0x8000edfa (0x00001f17) x30 0x8000fdfa
core   0: 0x8000edfe (0x203f2323) sw      gp, 518(t5)
core   0: 3 0x8000edfe (0x203f2323) mem 0x80010000 0x00000001
core   0: 0x8000ee02 (0x0000bfe5) c.j     pc - 8
core   0: 3 0x8000ee02 (0xbfe5)
core   0: 0x8000edfa (0x00001f17) auipc   t5, 0x1
core   0: 3 0x8000edfa (0x00001f17) x30 0x8000fdfa
core   0: 0x8000edfe (0x203f2323) sw      gp, 518(t5)
core   0: 3 0x8000edfe (0x203f2323) mem 0x80010000 0x00000001
core   0: 0x8000ee02 (0x0000bfe5) c.j     pc - 8
core   0: 3 0x8000ee02 (0xbfe5)
core   0: 0x8000edfa (0x00001f17) auipc   t5, 0x1
core   0: 3 0x8000edfa (0x00001f17) x30 0x8000fdfa
core   0: 0x8000edfe (0x203f2323) sw      gp, 518(t5)
core   0: 3 0x8000edfe (0x203f2323) mem 0x80010000 0x00000001
core   0: 0x8000ee02 (0x0000bfe5) c.j     pc - 8
core   0: 3 0x8000ee02 (0xbfe5)
core   0: 0x8000edfa (0x00001f17) auipc   t5, 0x1
core   0: 3 0x8000edfa (0x00001f17) x30 0x8000fdfa
core   0: 0x8000edfe (0x203f2323) sw      gp, 518(t5)
core   0: 3 0x8000edfe (0x203f2323) mem 0x80010000 0x00000001
core   0: 0x8000ee02 (0x0000bfe5) c.j     pc - 8
core   0: 3 0x8000ee02 (0xbfe5)
core   0: 0x8000edfa (0x00001f17) auipc   t5, 0x1
core   0: 3 0x8000edfa (0x00001f17) x30 0x8000fdfa
core   0: 0x8000edfe (0x203f2323) sw      gp, 518(t5)
core   0: 3 0x8000edfe (0x203f2323) mem 0x80010000 0x00000001
core   0: 0x8000ee02 (0x0000bfe5) c.j     pc - 8
core   0: 3 0x8000ee02 (0xbfe5)
core   0: 0x8000edfa (0x00001f17) auipc   t5, 0x1
core   0: 3 0x8000edfa (0x00001f17) x30 0x8000fdfa
core   0: 0x8000edfe (0x203f2323) sw      gp, 518(t5)
core   0: 3 0x8000edfe (0x203f2323) mem 0x80010000 0x00000001
core   0: 0x8000ee02 (0x0000bfe5) c.j     pc - 8
core   0: 3 0x8000ee02 (0xbfe5)
core   0: 0x8000edfa (0x00001f17) auipc   t5, 0x1
core   0: 3 0x8000edfa (0x00001f17) x30 0x8000fdfa
core   0: 0x8000edfe (0x203f2323) sw      gp, 518(t5)
core   0: 3 0x8000edfe (0x203f2323) mem 0x80010000 0x00000001
core   0: 0x8000ee02 (0x0000bfe5) c.j     pc - 8
core   0: 3 0x8000ee02 (0xbfe5)
core   0: 0x8000edfa (0x00001f17) auipc   t5, 0x1
core   0: 3 0x8000edfa (0x00001f17) x30 0x8000fdfa
core   0: 0x8000edfe (0x203f2323) sw      gp, 518(t5)
core   0: 3 0x8000edfe (0x203f2323) mem 0x80010000 0x00000001
core   0: 0x8000ee02 (0x0000bfe5) c.j     pc - 8
core   0: 3 0x8000ee02 (0xbfe5)
core   0: 0x8000edfa (0x00001f17) auipc   t5, 0x1
core   0: 3 0x8000edfa (0x00001f17) x30 0x8000fdfa
core   0: 0x8000edfe (0x203f2323) sw      gp, 518(t5)
core   0: 3 0x8000edfe (0x203f2323) mem 0x80010000 0x00000001
core   0: 0x8000ee02 (0x0000bfe5) c.j     pc - 8
core   0: 3 0x8000ee02 (0xbfe5)
core   0: 0x8000edfa (0x00001f17) auipc   t5, 0x1
core   0: 3 0x8000edfa (0x00001f17) x30 0x8000fdfa
core   0: 0x8000edfe (0x203f2323) sw      gp, 518(t5)
core   0: 3 0x8000edfe (0x203f2323) mem 0x80010000 0x00000001
core   0: 0x8000ee02 (0x0000bfe5) c.j     pc - 8
core   0: 3 0x8000ee02 (0xbfe5)
core   0: 0x8000edfa (0x00001f17) auipc   t5, 0x1
core   0: 3 0x8000edfa (0x00001f17) x30 0x8000fdfa
core   0: 0x8000edfe (0x203f2323) sw      gp, 518(t5)
core   0: 3 0x8000edfe (0x203f2323) mem 0x80010000 0x00000001
core   0: 0x8000ee02 (0x0000bfe5) c.j     pc - 8
core   0: 3 0x8000ee02 (0xbfe5)
core   0: 0x8000edfa (0x00001f17) auipc   t5, 0x1
core   0: 3 0x8000edfa (0x00001f17) x30 0x8000fdfa
core   0: 0x8000edfe (0x203f2323) sw      gp, 518(t5)
core   0: 3 0x8000edfe (0x203f2323) mem 0x80010000 0x00000001
core   0: 0x8000ee02 (0x0000bfe5) c.j     pc - 8
core   0: 3 0x8000ee02 (0xbfe5)
core   0: 0x8000edfa (0x00001f17) auipc   t5, 0x1
core   0: 3 0x8000edfa (0x00001f17) x30 0x8000fdfa
core   0: 0x8000edfe (0x203f2323) sw      gp, 518(t5)
core   0: 3 0x8000edfe (0x203f2323) mem 0x80010000 0x00000001
core   0: 0x8000ee02 (0x0000bfe5) c.j     pc - 8
core   0: 3 0x8000ee02 (0xbfe5)
core   0: 0x8000edfa (0x00001f17) auipc   t5, 0x1
core   0: 3 0x8000edfa (0x00001f17) x30 0x8000fdfa
core   0: 0x8000edfe (0x203f2323) sw      gp, 518(t5)
core   0: 3 0x8000edfe (0x203f2323) mem 0x80010000 0x00000001
core   0: 0x8000ee02 (0x0000bfe5) c.j     pc - 8
core   0: 3 0x8000ee02 (0xbfe5)
core   0: 0x8000edfa (0x00001f17) auipc   t5, 0x1
core   0: 3 0x8000edfa (0x00001f17) x30 0x8000fdfa
core   0: 0x8000edfe (0x203f2323) sw      gp, 518(t5)
core   0: 3 0x8000edfe (0x203f2323) mem 0x80010000 0x00000001
core   0: 0x8000ee02 (0x0000bfe5) c.j     pc - 8
core   0: 3 0x8000ee02 (0xbfe5)
core   0: 0x8000edfa (0x00001f17) auipc   t5, 0x1
core   0: 3 0x8000edfa (0x00001f17) x30 0x8000fdfa
core   0: 0x8000edfe (0x203f2323) sw      gp, 518(t5)
core   0: 3 0x8000edfe (0x203f2323) mem 0x80010000 0x00000001
core   0: 0x8000ee02 (0x0000bfe5) c.j     pc - 8
core   0: 3 0x8000ee02 (0xbfe5)
core   0: 0x8000edfa (0x00001f17) auipc   t5, 0x1
core   0: 3 0x8000edfa (0x00001f17) x30 0x8000fdfa
core   0: 0x8000edfe (0x203f2323) sw      gp, 518(t5)
core   0: 3 0x8000edfe (0x203f2323) mem 0x80010000 0x00000001
core   0: 0x8000ee02 (0x0000bfe5) c.j     pc - 8
core   0: 3 0x8000ee02 (0xbfe5)
core   0: 0x8000edfa (0x00001f17) auipc   t5, 0x1
core   0: 3 0x8000edfa (0x00001f17) x30 0x8000fdfa
core   0: 0x8000edfe (0x203f2323) sw      gp, 518(t5)
core   0: 3 0x8000edfe (0x203f2323) mem 0x80010000 0x00000001
core   0: 0x8000ee02 (0x0000bfe5) c.j     pc - 8
core   0: 3 0x8000ee02 (0xbfe5)
core   0: 0x8000edfa (0x00001f17) auipc   t5, 0x1
core   0: 3 0x8000edfa (0x00001f17) x30 0x8000fdfa
core   0: 0x8000edfe (0x203f2323) sw      gp, 518(t5)
core   0: 3 0x8000edfe (0x203f2323) mem 0x80010000 0x00000001
core   0: 0x8000ee02 (0x0000bfe5) c.j     pc - 8
core   0: 3 0x8000ee02 (0xbfe5)
core   0: 0x8000edfa (0x00001f17) auipc   t5, 0x1
core   0: 3 0x8000edfa (0x00001f17) x30 0x8000fdfa
core   0: 0x8000edfe (0x203f2323) sw      gp, 518(t5)
core   0: 3 0x8000edfe (0x203f2323) mem 0x80010000 0x00000001
core   0: 0x8000ee02 (0x0000bfe5) c.j     pc - 8
core   0: 3 0x8000ee02 (0xbfe5)
core   0: 0x8000edfa (0x00001f17) auipc   t5, 0x1
core   0: 3 0x8000edfa (0x00001f17) x30 0x8000fdfa
core   0: 0x8000edfe (0x203f2323) sw      gp, 518(t5)
core   0: 3 0x8000edfe (0x203f2323) mem 0x80010000 0x00000001
core   0: 0x8000ee02 (0x0000bfe5) c.j     pc - 8
core   0: 3 0x8000ee02 (0xbfe5)
core   0: 0x8000edfa (0x00001f17) auipc   t5, 0x1
core   0: 3 0x8000edfa (0x00001f17) x30 0x8000fdfa
core   0: 0x8000edfe (0x203f2323) sw      gp, 518(t5)
core   0: 3 0x8000edfe (0x203f2323) mem 0x80010000 0x00000001
core   0: 0x8000ee02 (0x0000bfe5) c.j     pc - 8
core   0: 3 0x8000ee02 (0xbfe5)
core   0: 0x8000edfa (0x00001f17) auipc   t5, 0x1
core   0: 3 0x8000edfa (0x00001f17) x30 0x8000fdfa
core   0: 0x8000edfe (0x203f2323) sw      gp, 518(t5)
core   0: 3 0x8000edfe (0x203f2323) mem 0x80010000 0x00000001
core   0: 0x8000ee02 (0x0000bfe5) c.j     pc - 8
core   0: 3 0x8000ee02 (0xbfe5)
core   0: 0x8000edfa (0x00001f17) auipc   t5, 0x1
core   0: 3 0x8000edfa (0x00001f17) x30 0x8000fdfa
core   0: 0x8000edfe (0x203f2323) sw      gp, 518(t5)
core   0: 3 0x8000edfe (0x203f2323) mem 0x80010000 0x00000001
core   0: 0x8000ee02 (0x0000bfe5) c.j     pc - 8
core   0: 3 0x8000ee02 (0xbfe5)
core   0: 0x8000edfa (0x00001f17) auipc   t5, 0x1
core   0: 3 0x8000edfa (0x00001f17) x30 0x8000fdfa
core   0: 0x8000edfe (0x203f2323) sw      gp, 518(t5)
core   0: 3 0x8000edfe (0x203f2323) mem 0x80010000 0x00000001
core   0: 0x8000ee02 (0x0000bfe5) c.j     pc - 8
core   0: 3 0x8000ee02 (0xbfe5)
core   0: 0x8000edfa (0x00001f17) auipc   t5, 0x1
core   0: 3 0x8000edfa (0x00001f17) x30 0x8000fdfa
core   0: 0x8000edfe (0x203f2323) sw      gp, 518(t5)
core   0: 3 0x8000edfe (0x203f2323) mem 0x80010000 0x00000001
core   0: 0x8000ee02 (0x0000bfe5) c.j     pc - 8
core   0: 3 0x8000ee02 (0xbfe5)
core   0: 0x8000edfa (0x00001f17) auipc   t5, 0x1
core   0: 3 0x8000edfa (0x00001f17) x30 0x8000fdfa
core   0: 0x8000edfe (0x203f2323) sw      gp, 518(t5)
core   0: 3 0x8000edfe (0x203f2323) mem 0x80010000 0x00000001
core   0: 0x8000ee02 (0x0000bfe5) c.j     pc - 8
core   0: 3 0x8000ee02 (0xbfe5)
core   0: 0x8000edfa (0x00001f17) auipc   t5, 0x1
core   0: 3 0x8000edfa (0x00001f17) x30 0x8000fdfa
core   0: 0x8000edfe (0x203f2323) sw      gp, 518(t5)
core   0: 3 0x8000edfe (0x203f2323) mem 0x80010000 0x00000001
core   0: 0x8000ee02 (0x0000bfe5) c.j     pc - 8
core   0: 3 0x8000ee02 (0xbfe5)
core   0: 0x8000edfa (0x00001f17) auipc   t5, 0x1
core   0: 3 0x8000edfa (0x00001f17) x30 0x8000fdfa
core   0: 0x8000edfe (0x203f2323) sw      gp, 518(t5)
core   0: 3 0x8000edfe (0x203f2323) mem 0x80010000 0x00000001
core   0: 0x8000ee02 (0x0000bfe5) c.j     pc - 8
core   0: 3 0x8000ee02 (0xbfe5)
core   0: 0x8000edfa (0x00001f17) auipc   t5, 0x1
core   0: 3 0x8000edfa (0x00001f17) x30 0x8000fdfa
core   0: 0x8000edfe (0x203f2323) sw      gp, 518(t5)
core   0: 3 0x8000edfe (0x203f2323) mem 0x80010000 0x00000001
core   0: 0x8000ee02 (0x0000bfe5) c.j     pc - 8
core   0: 3 0x8000ee02 (0xbfe5)
core   0: 0x8000edfa (0x00001f17) auipc   t5, 0x1
core   0: 3 0x8000edfa (0x00001f17) x30 0x8000fdfa
core   0: 0x8000edfe (0x203f2323) sw      gp, 518(t5)
core   0: 3 0x8000edfe (0x203f2323) mem 0x80010000 0x00000001
core   0: 0x8000ee02 (0x0000bfe5) c.j     pc - 8
core   0: 3 0x8000ee02 (0xbfe5)
core   0: 0x8000edfa (0x00001f17) auipc   t5, 0x1
core   0: 3 0x8000edfa (0x00001f17) x30 0x8000fdfa
core   0: 0x8000edfe (0x203f2323) sw      gp, 518(t5)
core   0: 3 0x8000edfe (0x203f2323) mem 0x80010000 0x00000001
core   0: 0x8000ee02 (0x0000bfe5) c.j     pc - 8
core   0: 3 0x8000ee02 (0xbfe5)
core   0: 0x8000edfa (0x00001f17) auipc   t5, 0x1
core   0: 3 0x8000edfa (0x00001f17) x30 0x8000fdfa
core   0: 0x8000edfe (0x203f2323) sw      gp, 518(t5)
core   0: 3 0x8000edfe (0x203f2323) mem 0x80010000 0x00000001
core   0: 0x8000ee02 (0x0000bfe5) c.j     pc - 8
core   0: 3 0x8000ee02 (0xbfe5)
core   0: 0x8000edfa (0x00001f17) auipc   t5, 0x1
core   0: 3 0x8000edfa (0x00001f17) x30 0x8000fdfa
core   0: 0x8000edfe (0x203f2323) sw      gp, 518(t5)
core   0: 3 0x8000edfe (0x203f2323) mem 0x80010000 0x00000001
core   0: 0x8000ee02 (0x0000bfe5) c.j     pc - 8
core   0: 3 0x8000ee02 (0xbfe5)
core   0: 0x8000edfa (0x00001f17) auipc   t5, 0x1
core   0: 3 0x8000edfa (0x00001f17) x30 0x8000fdfa
core   0: 0x8000edfe (0x203f2323) sw      gp, 518(t5)
core   0: 3 0x8000edfe (0x203f2323) mem 0x80010000 0x00000001
core   0: 0x8000ee02 (0x0000bfe5) c.j     pc - 8
core   0: 3 0x8000ee02 (0xbfe5)
core   0: 0x8000edfa (0x00001f17) auipc   t5, 0x1
core   0: 3 0x8000edfa (0x00001f17) x30 0x8000fdfa
core   0: 0x8000edfe (0x203f2323) sw      gp, 518(t5)
core   0: 3 0x8000edfe (0x203f2323) mem 0x80010000 0x00000001
core   0: 0x8000ee02 (0x0000bfe5) c.j     pc - 8
core   0: 3 0x8000ee02 (0xbfe5)
core   0: 0x8000edfa (0x00001f17) auipc   t5, 0x1
core   0: 3 0x8000edfa (0x00001f17) x30 0x8000fdfa
core   0: 0x8000edfe (0x203f2323) sw      gp, 518(t5)
core   0: 3 0x8000edfe (0x203f2323) mem 0x80010000 0x00000001
core   0: 0x8000ee02 (0x0000bfe5) c.j     pc - 8
core   0: 3 0x8000ee02 (0xbfe5)
core   0: 0x8000edfa (0x00001f17) auipc   t5, 0x1
core   0: 3 0x8000edfa (0x00001f17) x30 0x8000fdfa
core   0: 0x8000edfe (0x203f2323) sw      gp, 518(t5)
core   0: 3 0x8000edfe (0x203f2323) mem 0x80010000 0x00000001
core   0: 0x8000ee02 (0x0000bfe5) c.j     pc - 8
core   0: 3 0x8000ee02 (0xbfe5)
core   0: 0x8000edfa (0x00001f17) auipc   t5, 0x1
core   0: 3 0x8000edfa (0x00001f17) x30 0x8000fdfa
core   0: 0x8000edfe (0x203f2323) sw      gp, 518(t5)
core   0: 3 0x8000edfe (0x203f2323) mem 0x80010000 0x00000001
core   0: 0x8000ee02 (0x0000bfe5) c.j     pc - 8
core   0: 3 0x8000ee02 (0xbfe5)
core   0: 0x8000edfa (0x00001f17) auipc   t5, 0x1
core   0: 3 0x8000edfa (0x00001f17) x30 0x8000fdfa
core   0: 0x8000edfe (0x203f2323) sw      gp, 518(t5)
core   0: 3 0x8000edfe (0x203f2323) mem 0x80010000 0x00000001
core   0: 0x8000ee02 (0x0000bfe5) c.j     pc - 8
core   0: 3 0x8000ee02 (0xbfe5)
core   0: 0x8000edfa (0x00001f17) auipc   t5, 0x1
core   0: 3 0x8000edfa (0x00001f17) x30 0x8000fdfa
core   0: 0x8000edfe (0x203f2323) sw      gp, 518(t5)
core   0: 3 0x8000edfe (0x203f2323) mem 0x80010000 0x00000001
core   0: 0x8000ee02 (0x0000bfe5) c.j     pc - 8
core   0: 3 0x8000ee02 (0xbfe5)
core   0: 0x8000edfa (0x00001f17) auipc   t5, 0x1
core   0: 3 0x8000edfa (0x00001f17) x30 0x8000fdfa
core   0: 0x8000edfe (0x203f2323) sw      gp, 518(t5)
core   0: 3 0x8000edfe (0x203f2323) mem 0x80010000 0x00000001
core   0: 0x8000ee02 (0x0000bfe5) c.j     pc - 8
core   0: 3 0x8000ee02 (0xbfe5)
core   0: 0x8000edfa (0x00001f17) auipc   t5, 0x1
core   0: 3 0x8000edfa (0x00001f17) x30 0x8000fdfa
core   0: 0x8000edfe (0x203f2323) sw      gp, 518(t5)
core   0: 3 0x8000edfe (0x203f2323) mem 0x80010000 0x00000001
core   0: 0x8000ee02 (0x0000bfe5) c.j     pc - 8
core   0: 3 0x8000ee02 (0xbfe5)
core   0: 0x8000edfa (0x00001f17) auipc   t5, 0x1
core   0: 3 0x8000edfa (0x00001f17) x30 0x8000fdfa
core   0: 0x8000edfe (0x203f2323) sw      gp, 518(t5)
core   0: 3 0x8000edfe (0x203f2323) mem 0x80010000 0x00000001
core   0: 0x8000ee02 (0x0000bfe5) c.j     pc - 8
core   0: 3 0x8000ee02 (0xbfe5)
core   0: 0x8000edfa (0x00001f17) auipc   t5, 0x1
core   0: 3 0x8000edfa (0x00001f17) x30 0x8000fdfa
core   0: 0x8000edfe (0x203f2323) sw      gp, 518(t5)
core   0: 3 0x8000edfe (0x203f2323) mem 0x80010000 0x00000001
core   0: 0x8000ee02 (0x0000bfe5) c.j     pc - 8
core   0: 3 0x8000ee02 (0xbfe5)
core   0: 0x8000edfa (0x00001f17) auipc   t5, 0x1
core   0: 3 0x8000edfa (0x00001f17) x30 0x8000fdfa
core   0: 0x8000edfe (0x203f2323) sw      gp, 518(t5)
core   0: 3 0x8000edfe (0x203f2323) mem 0x80010000 0x00000001
core   0: 0x8000ee02 (0x0000bfe5) c.j     pc - 8
core   0: 3 0x8000ee02 (0xbfe5)
core   0: 0x8000edfa (0x00001f17) auipc   t5, 0x1
core   0: 3 0x8000edfa (0x00001f17) x30 0x8000fdfa
core   0: 0x8000edfe (0x203f2323) sw      gp, 518(t5)
core   0: 3 0x8000edfe (0x203f2323) mem 0x80010000 0x00000001
core   0: 0x8000ee02 (0x0000bfe5) c.j     pc - 8
core   0: 3 0x8000ee02 (0xbfe5)
core   0: 0x8000edfa (0x00001f17) auipc   t5, 0x1
core   0: 3 0x8000edfa (0x00001f17) x30 0x8000fdfa
core   0: 0x8000edfe (0x203f2323) sw      gp, 518(t5)
core   0: 3 0x8000edfe (0x203f2323) mem 0x80010000 0x00000001
core   0: 0x8000ee02 (0x0000bfe5) c.j     pc - 8
core   0: 3 0x8000ee02 (0xbfe5)
core   0: 0x8000edfa (0x00001f17) auipc   t5, 0x1
core   0: 3 0x8000edfa (0x00001f17) x30 0x8000fdfa
core   0: 0x8000edfe (0x203f2323) sw      gp, 518(t5)
core   0: 3 0x8000edfe (0x203f2323) mem 0x80010000 0x00000001
core   0: 0x8000ee02 (0x0000bfe5) c.j     pc - 8
core   0: 3 0x8000ee02 (0xbfe5)
core   0: 0x8000edfa (0x00001f17) auipc   t5, 0x1
core   0: 3 0x8000edfa (0x00001f17) x30 0x8000fdfa
core   0: 0x8000edfe (0x203f2323) sw      gp, 518(t5)
core   0: 3 0x8000edfe (0x203f2323) mem 0x80010000 0x00000001
core   0: 0x8000ee02 (0x0000bfe5) c.j     pc - 8
core   0: 3 0x8000ee02 (0xbfe5)
core   0: 0x8000edfa (0x00001f17) auipc   t5, 0x1
core   0: 3 0x8000edfa (0x00001f17) x30 0x8000fdfa
core   0: 0x8000edfe (0x203f2323) sw      gp, 518(t5)
core   0: 3 0x8000edfe (0x203f2323) mem 0x80010000 0x00000001
core   0: 0x8000ee02 (0x0000bfe5) c.j     pc - 8
core   0: 3 0x8000ee02 (0xbfe5)
core   0: 0x8000edfa (0x00001f17) auipc   t5, 0x1
core   0: 3 0x8000edfa (0x00001f17) x30 0x8000fdfa
core   0: 0x8000edfe (0x203f2323) sw      gp, 518(t5)
core   0: 3 0x8000edfe (0x203f2323) mem 0x80010000 0x00000001
core   0: 0x8000ee02 (0x0000bfe5) c.j     pc - 8
core   0: 3 0x8000ee02 (0xbfe5)
core   0: 0x8000edfa (0x00001f17) auipc   t5, 0x1
core   0: 3 0x8000edfa (0x00001f17) x30 0x8000fdfa
core   0: 0x8000edfe (0x203f2323) sw      gp, 518(t5)
core   0: 3 0x8000edfe (0x203f2323) mem 0x80010000 0x00000001
core   0: 0x8000ee02 (0x0000bfe5) c.j     pc - 8
core   0: 3 0x8000ee02 (0xbfe5)
core   0: 0x8000edfa (0x00001f17) auipc   t5, 0x1
core   0: 3 0x8000edfa (0x00001f17) x30 0x8000fdfa
core   0: 0x8000edfe (0x203f2323) sw      gp, 518(t5)
core   0: 3 0x8000edfe (0x203f2323) mem 0x80010000 0x00000001
core   0: 0x8000ee02 (0x0000bfe5) c.j     pc - 8
core   0: 3 0x8000ee02 (0xbfe5)
core   0: 0x8000edfa (0x00001f17) auipc   t5, 0x1
core   0: 3 0x8000edfa (0x00001f17) x30 0x8000fdfa
core   0: 0x8000edfe (0x203f2323) sw      gp, 518(t5)
core   0: 3 0x8000edfe (0x203f2323) mem 0x80010000 0x00000001
core   0: 0x8000ee02 (0x0000bfe5) c.j     pc - 8
core   0: 3 0x8000ee02 (0xbfe5)
core   0: 0x8000edfa (0x00001f17) auipc   t5, 0x1
core   0: 3 0x8000edfa (0x00001f17) x30 0x8000fdfa
core   0: 0x8000edfe (0x203f2323) sw      gp, 518(t5)
core   0: 3 0x8000edfe (0x203f2323) mem 0x80010000 0x00000001
core   0: 0x8000ee02 (0x0000bfe5) c.j     pc - 8
core   0: 3 0x8000ee02 (0xbfe5)
core   0: 0x8000edfa (0x00001f17) auipc   t5, 0x1
core   0: 3 0x8000edfa (0x00001f17) x30 0x8000fdfa
core   0: 0x8000edfe (0x203f2323) sw      gp, 518(t5)
core   0: 3 0x8000edfe (0x203f2323) mem 0x80010000 0x00000001
core   0: 0x8000ee02 (0x0000bfe5) c.j     pc - 8
core   0: 3 0x8000ee02 (0xbfe5)
core   0: 0x8000edfa (0x00001f17) auipc   t5, 0x1
core   0: 3 0x8000edfa (0x00001f17) x30 0x8000fdfa
core   0: 0x8000edfe (0x203f2323) sw      gp, 518(t5)
core   0: 3 0x8000edfe (0x203f2323) mem 0x80010000 0x00000001
core   0: 0x8000ee02 (0x0000bfe5) c.j     pc - 8
core   0: 3 0x8000ee02 (0xbfe5)
core   0: 0x8000edfa (0x00001f17) auipc   t5, 0x1
core   0: 3 0x8000edfa (0x00001f17) x30 0x8000fdfa
core   0: 0x8000edfe (0x203f2323) sw      gp, 518(t5)
core   0: 3 0x8000edfe (0x203f2323) mem 0x80010000 0x00000001
core   0: 0x8000ee02 (0x0000bfe5) c.j     pc - 8
core   0: 3 0x8000ee02 (0xbfe5)
core   0: 0x8000edfa (0x00001f17) auipc   t5, 0x1
core   0: 3 0x8000edfa (0x00001f17) x30 0x8000fdfa
core   0: 0x8000edfe (0x203f2323) sw      gp, 518(t5)
core   0: 3 0x8000edfe (0x203f2323) mem 0x80010000 0x00000001
core   0: 0x8000ee02 (0x0000bfe5) c.j     pc - 8
core   0: 3 0x8000ee02 (0xbfe5)
core   0: 0x8000edfa (0x00001f17) auipc   t5, 0x1
core   0: 3 0x8000edfa (0x00001f17) x30 0x8000fdfa
core   0: 0x8000edfe (0x203f2323) sw      gp, 518(t5)
core   0: 3 0x8000edfe (0x203f2323) mem 0x80010000 0x00000001
core   0: 0x8000ee02 (0x0000bfe5) c.j     pc - 8
core   0: 3 0x8000ee02 (0xbfe5)
core   0: 0x8000edfa (0x00001f17) auipc   t5, 0x1
core   0: 3 0x8000edfa (0x00001f17) x30 0x8000fdfa
core   0: 0x8000edfe (0x203f2323) sw      gp, 518(t5)
core   0: 3 0x8000edfe (0x203f2323) mem 0x80010000 0x00000001
core   0: 0x8000ee02 (0x0000bfe5) c.j     pc - 8
core   0: 3 0x8000ee02 (0xbfe5)
core   0: 0x8000edfa (0x00001f17) auipc   t5, 0x1
core   0: 3 0x8000edfa (0x00001f17) x30 0x8000fdfa
core   0: 0x8000edfe (0x203f2323) sw      gp, 518(t5)
core   0: 3 0x8000edfe (0x203f2323) mem 0x80010000 0x00000001
core   0: 0x8000ee02 (0x0000bfe5) c.j     pc - 8
core   0: 3 0x8000ee02 (0xbfe5)
core   0: 0x8000edfa (0x00001f17) auipc   t5, 0x1
core   0: 3 0x8000edfa (0x00001f17) x30 0x8000fdfa
core   0: 0x8000edfe (0x203f2323) sw      gp, 518(t5)
core   0: 3 0x8000edfe (0x203f2323) mem 0x80010000 0x00000001
core   0: 0x8000ee02 (0x0000bfe5) c.j     pc - 8
core   0: 3 0x8000ee02 (0xbfe5)
core   0: 0x8000edfa (0x00001f17) auipc   t5, 0x1
core   0: 3 0x8000edfa (0x00001f17) x30 0x8000fdfa
core   0: 0x8000edfe (0x203f2323) sw      gp, 518(t5)
core   0: 3 0x8000edfe (0x203f2323) mem 0x80010000 0x00000001
core   0: 0x8000ee02 (0x0000bfe5) c.j     pc - 8
core   0: 3 0x8000ee02 (0xbfe5)
core   0: 0x8000edfa (0x00001f17) auipc   t5, 0x1
core   0: 3 0x8000edfa (0x00001f17) x30 0x8000fdfa
core   0: 0x8000edfe (0x203f2323) sw      gp, 518(t5)
core   0: 3 0x8000edfe (0x203f2323) mem 0x80010000 0x00000001
core   0: 0x8000ee02 (0x0000bfe5) c.j     pc - 8
core   0: 3 0x8000ee02 (0xbfe5)
core   0: 0x8000edfa (0x00001f17) auipc   t5, 0x1
core   0: 3 0x8000edfa (0x00001f17) x30 0x8000fdfa
core   0: 0x8000edfe (0x203f2323) sw      gp, 518(t5)
core   0: 3 0x8000edfe (0x203f2323) mem 0x80010000 0x00000001
core   0: 0x8000ee02 (0x0000bfe5) c.j     pc - 8
core   0: 3 0x8000ee02 (0xbfe5)
core   0: 0x8000edfa (0x00001f17) auipc   t5, 0x1
core   0: 3 0x8000edfa (0x00001f17) x30 0x8000fdfa
core   0: 0x8000edfe (0x203f2323) sw      gp, 518(t5)
core   0: 3 0x8000edfe (0x203f2323) mem 0x80010000 0x00000001
core   0: 0x8000ee02 (0x0000bfe5) c.j     pc - 8
core   0: 3 0x8000ee02 (0xbfe5)
core   0: 0x8000edfa (0x00001f17) auipc   t5, 0x1
core   0: 3 0x8000edfa (0x00001f17) x30 0x8000fdfa
core   0: 0x8000edfe (0x203f2323) sw      gp, 518(t5)
core   0: 3 0x8000edfe (0x203f2323) mem 0x80010000 0x00000001
core   0: 0x8000ee02 (0x0000bfe5) c.j     pc - 8
core   0: 3 0x8000ee02 (0xbfe5)
core   0: 0x8000edfa (0x00001f17) auipc   t5, 0x1
core   0: 3 0x8000edfa (0x00001f17) x30 0x8000fdfa
core   0: 0x8000edfe (0x203f2323) sw      gp, 518(t5)
core   0: 3 0x8000edfe (0x203f2323) mem 0x80010000 0x00000001
core   0: 0x8000ee02 (0x0000bfe5) c.j     pc - 8
core   0: 3 0x8000ee02 (0xbfe5)
core   0: 0x8000edfa (0x00001f17) auipc   t5, 0x1
core   0: 3 0x8000edfa (0x00001f17) x30 0x8000fdfa
core   0: 0x8000edfe (0x203f2323) sw      gp, 518(t5)
core   0: 3 0x8000edfe (0x203f2323) mem 0x80010000 0x00000001
core   0: 0x8000ee02 (0x0000bfe5) c.j     pc - 8
core   0: 3 0x8000ee02 (0xbfe5)
core   0: 0x8000edfa (0x00001f17) auipc   t5, 0x1
core   0: 3 0x8000edfa (0x00001f17) x30 0x8000fdfa
core   0: 0x8000edfe (0x203f2323) sw      gp, 518(t5)
core   0: 3 0x8000edfe (0x203f2323) mem 0x80010000 0x00000001
core   0: 0x8000ee02 (0x0000bfe5) c.j     pc - 8
core   0: 3 0x8000ee02 (0xbfe5)
core   0: 0x8000edfa (0x00001f17) auipc   t5, 0x1
core   0: 3 0x8000edfa (0x00001f17) x30 0x8000fdfa
core   0: 0x8000edfe (0x203f2323) sw      gp, 518(t5)
core   0: 3 0x8000edfe (0x203f2323) mem 0x80010000 0x00000001
core   0: 0x8000ee02 (0x0000bfe5) c.j     pc - 8
core   0: 3 0x8000ee02 (0xbfe5)
core   0: 0x8000edfa (0x00001f17) auipc   t5, 0x1
core   0: 3 0x8000edfa (0x00001f17) x30 0x8000fdfa
core   0: 0x8000edfe (0x203f2323) sw      gp, 518(t5)
core   0: 3 0x8000edfe (0x203f2323) mem 0x80010000 0x00000001
core   0: 0x8000ee02 (0x0000bfe5) c.j     pc - 8
core   0: 3 0x8000ee02 (0xbfe5)
core   0: 0x8000edfa (0x00001f17) auipc   t5, 0x1
core   0: 3 0x8000edfa (0x00001f17) x30 0x8000fdfa
core   0: 0x8000edfe (0x203f2323) sw      gp, 518(t5)
core   0: 3 0x8000edfe (0x203f2323) mem 0x80010000 0x00000001
core   0: 0x8000ee02 (0x0000bfe5) c.j     pc - 8
core   0: 3 0x8000ee02 (0xbfe5)
core   0: 0x8000edfa (0x00001f17) auipc   t5, 0x1
core   0: 3 0x8000edfa (0x00001f17) x30 0x8000fdfa
core   0: 0x8000edfe (0x203f2323) sw      gp, 518(t5)
core   0: 3 0x8000edfe (0x203f2323) mem 0x80010000 0x00000001
core   0: 0x8000ee02 (0x0000bfe5) c.j     pc - 8
core   0: 3 0x8000ee02 (0xbfe5)
core   0: 0x8000edfa (0x00001f17) auipc   t5, 0x1
core   0: 3 0x8000edfa (0x00001f17) x30 0x8000fdfa
core   0: 0x8000edfe (0x203f2323) sw      gp, 518(t5)
core   0: 3 0x8000edfe (0x203f2323) mem 0x80010000 0x00000001
core   0: 0x8000ee02 (0x0000bfe5) c.j     pc - 8
core   0: 3 0x8000ee02 (0xbfe5)
core   0: 0x8000edfa (0x00001f17) auipc   t5, 0x1
core   0: 3 0x8000edfa (0x00001f17) x30 0x8000fdfa
core   0: 0x8000edfe (0x203f2323) sw      gp, 518(t5)
core   0: 3 0x8000edfe (0x203f2323) mem 0x80010000 0x00000001
core   0: 0x8000ee02 (0x0000bfe5) c.j     pc - 8
core   0: 3 0x8000ee02 (0xbfe5)
core   0: 0x8000edfa (0x00001f17) auipc   t5, 0x1
core   0: 3 0x8000edfa (0x00001f17) x30 0x8000fdfa
core   0: 0x8000edfe (0x203f2323) sw      gp, 518(t5)
core   0: 3 0x8000edfe (0x203f2323) mem 0x80010000 0x00000001
core   0: 0x8000ee02 (0x0000bfe5) c.j     pc - 8
core   0: 3 0x8000ee02 (0xbfe5)
core   0: 0x8000edfa (0x00001f17) auipc   t5, 0x1
core   0: 3 0x8000edfa (0x00001f17) x30 0x8000fdfa
core   0: 0x8000edfe (0x203f2323) sw      gp, 518(t5)
core   0: 3 0x8000edfe (0x203f2323) mem 0x80010000 0x00000001
core   0: 0x8000ee02 (0x0000bfe5) c.j     pc - 8
core   0: 3 0x8000ee02 (0xbfe5)
core   0: 0x8000edfa (0x00001f17) auipc   t5, 0x1
core   0: 3 0x8000edfa (0x00001f17) x30 0x8000fdfa
core   0: 0x8000edfe (0x203f2323) sw      gp, 518(t5)
core   0: 3 0x8000edfe (0x203f2323) mem 0x80010000 0x00000001
core   0: 0x8000ee02 (0x0000bfe5) c.j     pc - 8
core   0: 3 0x8000ee02 (0xbfe5)
core   0: 0x8000edfa (0x00001f17) auipc   t5, 0x1
core   0: 3 0x8000edfa (0x00001f17) x30 0x8000fdfa
core   0: 0x8000edfe (0x203f2323) sw      gp, 518(t5)
core   0: 3 0x8000edfe (0x203f2323) mem 0x80010000 0x00000001
core   0: 0x8000ee02 (0x0000bfe5) c.j     pc - 8
core   0: 3 0x8000ee02 (0xbfe5)
core   0: 0x8000edfa (0x00001f17) auipc   t5, 0x1
core   0: 3 0x8000edfa (0x00001f17) x30 0x8000fdfa
core   0: 0x8000edfe (0x203f2323) sw      gp, 518(t5)
core   0: 3 0x8000edfe (0x203f2323) mem 0x80010000 0x00000001
core   0: 0x8000ee02 (0x0000bfe5) c.j     pc - 8
core   0: 3 0x8000ee02 (0xbfe5)
core   0: 0x8000edfa (0x00001f17) auipc   t5, 0x1
core   0: 3 0x8000edfa (0x00001f17) x30 0x8000fdfa
core   0: 0x8000edfe (0x203f2323) sw      gp, 518(t5)
core   0: 3 0x8000edfe (0x203f2323) mem 0x80010000 0x00000001
core   0: 0x8000ee02 (0x0000bfe5) c.j     pc - 8
core   0: 3 0x8000ee02 (0xbfe5)
core   0: 0x8000edfa (0x00001f17) auipc   t5, 0x1
core   0: 3 0x8000edfa (0x00001f17) x30 0x8000fdfa
core   0: 0x8000edfe (0x203f2323) sw      gp, 518(t5)
core   0: 3 0x8000edfe (0x203f2323) mem 0x80010000 0x00000001
core   0: 0x8000ee02 (0x0000bfe5) c.j     pc - 8
core   0: 3 0x8000ee02 (0xbfe5)
core   0: 0x8000edfa (0x00001f17) auipc   t5, 0x1
core   0: 3 0x8000edfa (0x00001f17) x30 0x8000fdfa
core   0: 0x8000edfe (0x203f2323) sw      gp, 518(t5)
core   0: 3 0x8000edfe (0x203f2323) mem 0x80010000 0x00000001
core   0: 0x8000ee02 (0x0000bfe5) c.j     pc - 8
core   0: 3 0x8000ee02 (0xbfe5)
core   0: 0x8000edfa (0x00001f17) auipc   t5, 0x1
core   0: 3 0x8000edfa (0x00001f17) x30 0x8000fdfa
core   0: 0x8000edfe (0x203f2323) sw      gp, 518(t5)
core   0: 3 0x8000edfe (0x203f2323) mem 0x80010000 0x00000001
core   0: 0x8000ee02 (0x0000bfe5) c.j     pc - 8
core   0: 3 0x8000ee02 (0xbfe5)
core   0: 0x8000edfa (0x00001f17) auipc   t5, 0x1
core   0: 3 0x8000edfa (0x00001f17) x30 0x8000fdfa
core   0: 0x8000edfe (0x203f2323) sw      gp, 518(t5)
core   0: 3 0x8000edfe (0x203f2323) mem 0x80010000 0x00000001
core   0: 0x8000ee02 (0x0000bfe5) c.j     pc - 8
core   0: 3 0x8000ee02 (0xbfe5)
core   0: 0x8000edfa (0x00001f17) auipc   t5, 0x1
core   0: 3 0x8000edfa (0x00001f17) x30 0x8000fdfa
core   0: 0x8000edfe (0x203f2323) sw      gp, 518(t5)
core   0: 3 0x8000edfe (0x203f2323) mem 0x80010000 0x00000001
core   0: 0x8000ee02 (0x0000bfe5) c.j     pc - 8
core   0: 3 0x8000ee02 (0xbfe5)
core   0: 0x8000edfa (0x00001f17) auipc   t5, 0x1
core   0: 3 0x8000edfa (0x00001f17) x30 0x8000fdfa
core   0: 0x8000edfe (0x203f2323) sw      gp, 518(t5)
core   0: 3 0x8000edfe (0x203f2323) mem 0x80010000 0x00000001
core   0: 0x8000ee02 (0x0000bfe5) c.j     pc - 8
core   0: 3 0x8000ee02 (0xbfe5)
core   0: 0x8000edfa (0x00001f17) auipc   t5, 0x1
core   0: 3 0x8000edfa (0x00001f17) x30 0x8000fdfa
core   0: 0x8000edfe (0x203f2323) sw      gp, 518(t5)
core   0: 3 0x8000edfe (0x203f2323) mem 0x80010000 0x00000001
core   0: 0x8000ee02 (0x0000bfe5) c.j     pc - 8
core   0: 3 0x8000ee02 (0xbfe5)
core   0: 0x8000edfa (0x00001f17) auipc   t5, 0x1
core   0: 3 0x8000edfa (0x00001f17) x30 0x8000fdfa
core   0: 0x8000edfe (0x203f2323) sw      gp, 518(t5)
core   0: 3 0x8000edfe (0x203f2323) mem 0x80010000 0x00000001
core   0: 0x8000ee02 (0x0000bfe5) c.j     pc - 8
core   0: 3 0x8000ee02 (0xbfe5)
core   0: 0x8000edfa (0x00001f17) auipc   t5, 0x1
core   0: 3 0x8000edfa (0x00001f17) x30 0x8000fdfa
core   0: 0x8000edfe (0x203f2323) sw      gp, 518(t5)
core   0: 3 0x8000edfe (0x203f2323) mem 0x80010000 0x00000001
core   0: 0x8000ee02 (0x0000bfe5) c.j     pc - 8
core   0: 3 0x8000ee02 (0xbfe5)
core   0: 0x8000edfa (0x00001f17) auipc   t5, 0x1
core   0: 3 0x8000edfa (0x00001f17) x30 0x8000fdfa
core   0: 0x8000edfe (0x203f2323) sw      gp, 518(t5)
core   0: 3 0x8000edfe (0x203f2323) mem 0x80010000 0x00000001
core   0: 0x8000ee02 (0x0000bfe5) c.j     pc - 8
core   0: 3 0x8000ee02 (0xbfe5)
core   0: 0x8000edfa (0x00001f17) auipc   t5, 0x1
core   0: 3 0x8000edfa (0x00001f17) x30 0x8000fdfa
core   0: 0x8000edfe (0x203f2323) sw      gp, 518(t5)
core   0: 3 0x8000edfe (0x203f2323) mem 0x80010000 0x00000001
core   0: 0x8000ee02 (0x0000bfe5) c.j     pc - 8
core   0: 3 0x8000ee02 (0xbfe5)
core   0: 0x8000edfa (0x00001f17) auipc   t5, 0x1
core   0: 3 0x8000edfa (0x00001f17) x30 0x8000fdfa
core   0: 0x8000edfe (0x203f2323) sw      gp, 518(t5)
core   0: 3 0x8000edfe (0x203f2323) mem 0x80010000 0x00000001
core   0: 0x8000ee02 (0x0000bfe5) c.j     pc - 8
core   0: 3 0x8000ee02 (0xbfe5)
core   0: 0x8000edfa (0x00001f17) auipc   t5, 0x1
core   0: 3 0x8000edfa (0x00001f17) x30 0x8000fdfa
core   0: 0x8000edfe (0x203f2323) sw      gp, 518(t5)
core   0: 3 0x8000edfe (0x203f2323) mem 0x80010000 0x00000001
core   0: 0x8000ee02 (0x0000bfe5) c.j     pc - 8
core   0: 3 0x8000ee02 (0xbfe5)
core   0: 0x8000edfa (0x00001f17) auipc   t5, 0x1
core   0: 3 0x8000edfa (0x00001f17) x30 0x8000fdfa
core   0: 0x8000edfe (0x203f2323) sw      gp, 518(t5)
core   0: 3 0x8000edfe (0x203f2323) mem 0x80010000 0x00000001
core   0: 0x8000ee02 (0x0000bfe5) c.j     pc - 8
core   0: 3 0x8000ee02 (0xbfe5)
core   0: 0x8000edfa (0x00001f17) auipc   t5, 0x1
core   0: 3 0x8000edfa (0x00001f17) x30 0x8000fdfa
core   0: 0x8000edfe (0x203f2323) sw      gp, 518(t5)
core   0: 3 0x8000edfe (0x203f2323) mem 0x80010000 0x00000001
core   0: 0x8000ee02 (0x0000bfe5) c.j     pc - 8
core   0: 3 0x8000ee02 (0xbfe5)
core   0: 0x8000edfa (0x00001f17) auipc   t5, 0x1
core   0: 3 0x8000edfa (0x00001f17) x30 0x8000fdfa
core   0: 0x8000edfe (0x203f2323) sw      gp, 518(t5)
core   0: 3 0x8000edfe (0x203f2323) mem 0x80010000 0x00000001
core   0: 0x8000ee02 (0x0000bfe5) c.j     pc - 8
core   0: 3 0x8000ee02 (0xbfe5)
core   0: 0x8000edfa (0x00001f17) auipc   t5, 0x1
core   0: 3 0x8000edfa (0x00001f17) x30 0x8000fdfa
core   0: 0x8000edfe (0x203f2323) sw      gp, 518(t5)
core   0: 3 0x8000edfe (0x203f2323) mem 0x80010000 0x00000001
core   0: 0x8000ee02 (0x0000bfe5) c.j     pc - 8
core   0: 3 0x8000ee02 (0xbfe5)
core   0: 0x8000edfa (0x00001f17) auipc   t5, 0x1
core   0: 3 0x8000edfa (0x00001f17) x30 0x8000fdfa
core   0: 0x8000edfe (0x203f2323) sw      gp, 518(t5)
core   0: 3 0x8000edfe (0x203f2323) mem 0x80010000 0x00000001
core   0: 0x8000ee02 (0x0000bfe5) c.j     pc - 8
core   0: 3 0x8000ee02 (0xbfe5)
core   0: 0x8000edfa (0x00001f17) auipc   t5, 0x1
core   0: 3 0x8000edfa (0x00001f17) x30 0x8000fdfa
core   0: 0x8000edfe (0x203f2323) sw      gp, 518(t5)
core   0: 3 0x8000edfe (0x203f2323) mem 0x80010000 0x00000001
core   0: 0x8000ee02 (0x0000bfe5) c.j     pc - 8
core   0: 3 0x8000ee02 (0xbfe5)
core   0: 0x8000edfa (0x00001f17) auipc   t5, 0x1
core   0: 3 0x8000edfa (0x00001f17) x30 0x8000fdfa
core   0: 0x8000edfe (0x203f2323) sw      gp, 518(t5)
core   0: 3 0x8000edfe (0x203f2323) mem 0x80010000 0x00000001
core   0: 0x8000ee02 (0x0000bfe5) c.j     pc - 8
core   0: 3 0x8000ee02 (0xbfe5)
core   0: 0x8000edfa (0x00001f17) auipc   t5, 0x1
core   0: 3 0x8000edfa (0x00001f17) x30 0x8000fdfa
core   0: 0x8000edfe (0x203f2323) sw      gp, 518(t5)
core   0: 3 0x8000edfe (0x203f2323) mem 0x80010000 0x00000001
core   0: 0x8000ee02 (0x0000bfe5) c.j     pc - 8
core   0: 3 0x8000ee02 (0xbfe5)
core   0: 0x8000edfa (0x00001f17) auipc   t5, 0x1
core   0: 3 0x8000edfa (0x00001f17) x30 0x8000fdfa
core   0: 0x8000edfe (0x203f2323) sw      gp, 518(t5)
core   0: 3 0x8000edfe (0x203f2323) mem 0x80010000 0x00000001
core   0: 0x8000ee02 (0x0000bfe5) c.j     pc - 8
core   0: 3 0x8000ee02 (0xbfe5)
core   0: 0x8000edfa (0x00001f17) auipc   t5, 0x1
core   0: 3 0x8000edfa (0x00001f17) x30 0x8000fdfa
core   0: 0x8000edfe (0x203f2323) sw      gp, 518(t5)
core   0: 3 0x8000edfe (0x203f2323) mem 0x80010000 0x00000001
core   0: 0x8000ee02 (0x0000bfe5) c.j     pc - 8
core   0: 3 0x8000ee02 (0xbfe5)
core   0: 0x8000edfa (0x00001f17) auipc   t5, 0x1
core   0: 3 0x8000edfa (0x00001f17) x30 0x8000fdfa
core   0: 0x8000edfe (0x203f2323) sw      gp, 518(t5)
core   0: 3 0x8000edfe (0x203f2323) mem 0x80010000 0x00000001
core   0: 0x8000ee02 (0x0000bfe5) c.j     pc - 8
core   0: 3 0x8000ee02 (0xbfe5)
core   0: 0x8000edfa (0x00001f17) auipc   t5, 0x1
core   0: 3 0x8000edfa (0x00001f17) x30 0x8000fdfa
core   0: 0x8000edfe (0x203f2323) sw      gp, 518(t5)
core   0: 3 0x8000edfe (0x203f2323) mem 0x80010000 0x00000001
core   0: 0x8000ee02 (0x0000bfe5) c.j     pc - 8
core   0: 3 0x8000ee02 (0xbfe5)
core   0: 0x8000edfa (0x00001f17) auipc   t5, 0x1
core   0: 3 0x8000edfa (0x00001f17) x30 0x8000fdfa
core   0: 0x8000edfe (0x203f2323) sw      gp, 518(t5)
core   0: 3 0x8000edfe (0x203f2323) mem 0x80010000 0x00000001
core   0: 0x8000ee02 (0x0000bfe5) c.j     pc - 8
core   0: 3 0x8000ee02 (0xbfe5)
core   0: 0x8000edfa (0x00001f17) auipc   t5, 0x1
core   0: 3 0x8000edfa (0x00001f17) x30 0x8000fdfa
core   0: 0x8000edfe (0x203f2323) sw      gp, 518(t5)
core   0: 3 0x8000edfe (0x203f2323) mem 0x80010000 0x00000001
core   0: 0x8000ee02 (0x0000bfe5) c.j     pc - 8
core   0: 3 0x8000ee02 (0xbfe5)
core   0: 0x8000edfa (0x00001f17) auipc   t5, 0x1
core   0: 3 0x8000edfa (0x00001f17) x30 0x8000fdfa
core   0: 0x8000edfe (0x203f2323) sw      gp, 518(t5)
core   0: 3 0x8000edfe (0x203f2323) mem 0x80010000 0x00000001
core   0: 0x8000ee02 (0x0000bfe5) c.j     pc - 8
core   0: 3 0x8000ee02 (0xbfe5)
core   0: 0x8000edfa (0x00001f17) auipc   t5, 0x1
core   0: 3 0x8000edfa (0x00001f17) x30 0x8000fdfa
core   0: 0x8000edfe (0x203f2323) sw      gp, 518(t5)
core   0: 3 0x8000edfe (0x203f2323) mem 0x80010000 0x00000001
core   0: 0x8000ee02 (0x0000bfe5) c.j     pc - 8
core   0: 3 0x8000ee02 (0xbfe5)
core   0: 0x8000edfa (0x00001f17) auipc   t5, 0x1
core   0: 3 0x8000edfa (0x00001f17) x30 0x8000fdfa
core   0: 0x8000edfe (0x203f2323) sw      gp, 518(t5)
core   0: 3 0x8000edfe (0x203f2323) mem 0x80010000 0x00000001
core   0: 0x8000ee02 (0x0000bfe5) c.j     pc - 8
core   0: 3 0x8000ee02 (0xbfe5)
core   0: 0x8000edfa (0x00001f17) auipc   t5, 0x1
core   0: 3 0x8000edfa (0x00001f17) x30 0x8000fdfa
core   0: 0x8000edfe (0x203f2323) sw      gp, 518(t5)
core   0: 3 0x8000edfe (0x203f2323) mem 0x80010000 0x00000001
core   0: 0x8000ee02 (0x0000bfe5) c.j     pc - 8
core   0: 3 0x8000ee02 (0xbfe5)
core   0: 0x8000edfa (0x00001f17) auipc   t5, 0x1
core   0: 3 0x8000edfa (0x00001f17) x30 0x8000fdfa
core   0: 0x8000edfe (0x203f2323) sw      gp, 518(t5)
core   0: 3 0x8000edfe (0x203f2323) mem 0x80010000 0x00000001
core   0: 0x8000ee02 (0x0000bfe5) c.j     pc - 8
core   0: 3 0x8000ee02 (0xbfe5)
core   0: 0x8000edfa (0x00001f17) auipc   t5, 0x1
core   0: 3 0x8000edfa (0x00001f17) x30 0x8000fdfa
core   0: 0x8000edfe (0x203f2323) sw      gp, 518(t5)
core   0: 3 0x8000edfe (0x203f2323) mem 0x80010000 0x00000001
core   0: 0x8000ee02 (0x0000bfe5) c.j     pc - 8
core   0: 3 0x8000ee02 (0xbfe5)
core   0: 0x8000edfa (0x00001f17) auipc   t5, 0x1
core   0: 3 0x8000edfa (0x00001f17) x30 0x8000fdfa
core   0: 0x8000edfe (0x203f2323) sw      gp, 518(t5)
core   0: 3 0x8000edfe (0x203f2323) mem 0x80010000 0x00000001
core   0: 0x8000ee02 (0x0000bfe5) c.j     pc - 8
core   0: 3 0x8000ee02 (0xbfe5)
core   0: 0x8000edfa (0x00001f17) auipc   t5, 0x1
core   0: 3 0x8000edfa (0x00001f17) x30 0x8000fdfa
core   0: 0x8000edfe (0x203f2323) sw      gp, 518(t5)
core   0: 3 0x8000edfe (0x203f2323) mem 0x80010000 0x00000001
core   0: 0x8000ee02 (0x0000bfe5) c.j     pc - 8
core   0: 3 0x8000ee02 (0xbfe5)
core   0: 0x8000edfa (0x00001f17) auipc   t5, 0x1
core   0: 3 0x8000edfa (0x00001f17) x30 0x8000fdfa
core   0: 0x8000edfe (0x203f2323) sw      gp, 518(t5)
core   0: 3 0x8000edfe (0x203f2323) mem 0x80010000 0x00000001
core   0: 0x8000ee02 (0x0000bfe5) c.j     pc - 8
core   0: 3 0x8000ee02 (0xbfe5)
core   0: 0x8000edfa (0x00001f17) auipc   t5, 0x1
core   0: 3 0x8000edfa (0x00001f17) x30 0x8000fdfa
core   0: 0x8000edfe (0x203f2323) sw      gp, 518(t5)
core   0: 3 0x8000edfe (0x203f2323) mem 0x80010000 0x00000001
core   0: 0x8000ee02 (0x0000bfe5) c.j     pc - 8
core   0: 3 0x8000ee02 (0xbfe5)
core   0: 0x8000edfa (0x00001f17) auipc   t5, 0x1
core   0: 3 0x8000edfa (0x00001f17) x30 0x8000fdfa
core   0: 0x8000edfe (0x203f2323) sw      gp, 518(t5)
core   0: 3 0x8000edfe (0x203f2323) mem 0x80010000 0x00000001
core   0: 0x8000ee02 (0x0000bfe5) c.j     pc - 8
core   0: 3 0x8000ee02 (0xbfe5)
core   0: 0x8000edfa (0x00001f17) auipc   t5, 0x1
core   0: 3 0x8000edfa (0x00001f17) x30 0x8000fdfa
core   0: 0x8000edfe (0x203f2323) sw      gp, 518(t5)
core   0: 3 0x8000edfe (0x203f2323) mem 0x80010000 0x00000001
core   0: 0x8000ee02 (0x0000bfe5) c.j     pc - 8
core   0: 3 0x8000ee02 (0xbfe5)
core   0: 0x8000edfa (0x00001f17) auipc   t5, 0x1
core   0: 3 0x8000edfa (0x00001f17) x30 0x8000fdfa
core   0: 0x8000edfe (0x203f2323) sw      gp, 518(t5)
core   0: 3 0x8000edfe (0x203f2323) mem 0x80010000 0x00000001
core   0: 0x8000ee02 (0x0000bfe5) c.j     pc - 8
core   0: 3 0x8000ee02 (0xbfe5)
core   0: 0x8000edfa (0x00001f17) auipc   t5, 0x1
core   0: 3 0x8000edfa (0x00001f17) x30 0x8000fdfa
core   0: 0x8000edfe (0x203f2323) sw      gp, 518(t5)
core   0: 3 0x8000edfe (0x203f2323) mem 0x80010000 0x00000001
core   0: 0x8000ee02 (0x0000bfe5) c.j     pc - 8
core   0: 3 0x8000ee02 (0xbfe5)
core   0: 0x8000edfa (0x00001f17) auipc   t5, 0x1
core   0: 3 0x8000edfa (0x00001f17) x30 0x8000fdfa
core   0: 0x8000edfe (0x203f2323) sw      gp, 518(t5)
core   0: 3 0x8000edfe (0x203f2323) mem 0x80010000 0x00000001
core   0: 0x8000ee02 (0x0000bfe5) c.j     pc - 8
core   0: 3 0x8000ee02 (0xbfe5)
core   0: 0x8000edfa (0x00001f17) auipc   t5, 0x1
core   0: 3 0x8000edfa (0x00001f17) x30 0x8000fdfa
core   0: 0x8000edfe (0x203f2323) sw      gp, 518(t5)
core   0: 3 0x8000edfe (0x203f2323) mem 0x80010000 0x00000001
core   0: 0x8000ee02 (0x0000bfe5) c.j     pc - 8
core   0: 3 0x8000ee02 (0xbfe5)
core   0: 0x8000edfa (0x00001f17) auipc   t5, 0x1
core   0: 3 0x8000edfa (0x00001f17) x30 0x8000fdfa
core   0: 0x8000edfe (0x203f2323) sw      gp, 518(t5)
core   0: 3 0x8000edfe (0x203f2323) mem 0x80010000 0x00000001
core   0: 0x8000ee02 (0x0000bfe5) c.j     pc - 8
core   0: 3 0x8000ee02 (0xbfe5)
core   0: 0x8000edfa (0x00001f17) auipc   t5, 0x1
core   0: 3 0x8000edfa (0x00001f17) x30 0x8000fdfa
core   0: 0x8000edfe (0x203f2323) sw      gp, 518(t5)
core   0: 3 0x8000edfe (0x203f2323) mem 0x80010000 0x00000001
core   0: 0x8000ee02 (0x0000bfe5) c.j     pc - 8
core   0: 3 0x8000ee02 (0xbfe5)
core   0: 0x8000edfa (0x00001f17) auipc   t5, 0x1
core   0: 3 0x8000edfa (0x00001f17) x30 0x8000fdfa
core   0: 0x8000edfe (0x203f2323) sw      gp, 518(t5)
core   0: 3 0x8000edfe (0x203f2323) mem 0x80010000 0x00000001
core   0: 0x8000ee02 (0x0000bfe5) c.j     pc - 8
core   0: 3 0x8000ee02 (0xbfe5)
core   0: 0x8000edfa (0x00001f17) auipc   t5, 0x1
core   0: 3 0x8000edfa (0x00001f17) x30 0x8000fdfa
core   0: 0x8000edfe (0x203f2323) sw      gp, 518(t5)
core   0: 3 0x8000edfe (0x203f2323) mem 0x80010000 0x00000001
core   0: 0x8000ee02 (0x0000bfe5) c.j     pc - 8
core   0: 3 0x8000ee02 (0xbfe5)
core   0: 0x8000edfa (0x00001f17) auipc   t5, 0x1
core   0: 3 0x8000edfa (0x00001f17) x30 0x8000fdfa
core   0: 0x8000edfe (0x203f2323) sw      gp, 518(t5)
core   0: 3 0x8000edfe (0x203f2323) mem 0x80010000 0x00000001
core   0: 0x8000ee02 (0x0000bfe5) c.j     pc - 8
core   0: 3 0x8000ee02 (0xbfe5)
core   0: 0x8000edfa (0x00001f17) auipc   t5, 0x1
core   0: 3 0x8000edfa (0x00001f17) x30 0x8000fdfa
core   0: 0x8000edfe (0x203f2323) sw      gp, 518(t5)
core   0: 3 0x8000edfe (0x203f2323) mem 0x80010000 0x00000001
core   0: 0x8000ee02 (0x0000bfe5) c.j     pc - 8
core   0: 3 0x8000ee02 (0xbfe5)
core   0: 0x8000edfa (0x00001f17) auipc   t5, 0x1
core   0: 3 0x8000edfa (0x00001f17) x30 0x8000fdfa
core   0: 0x8000edfe (0x203f2323) sw      gp, 518(t5)
core   0: 3 0x8000edfe (0x203f2323) mem 0x80010000 0x00000001
core   0: 0x8000ee02 (0x0000bfe5) c.j     pc - 8
core   0: 3 0x8000ee02 (0xbfe5)
core   0: 0x8000edfa (0x00001f17) auipc   t5, 0x1
core   0: 3 0x8000edfa (0x00001f17) x30 0x8000fdfa
core   0: 0x8000edfe (0x203f2323) sw      gp, 518(t5)
core   0: 3 0x8000edfe (0x203f2323) mem 0x80010000 0x00000001
core   0: 0x8000ee02 (0x0000bfe5) c.j     pc - 8
core   0: 3 0x8000ee02 (0xbfe5)
core   0: 0x8000edfa (0x00001f17) auipc   t5, 0x1
core   0: 3 0x8000edfa (0x00001f17) x30 0x8000fdfa
core   0: 0x8000edfe (0x203f2323) sw      gp, 518(t5)
core   0: 3 0x8000edfe (0x203f2323) mem 0x80010000 0x00000001
core   0: 0x8000ee02 (0x0000bfe5) c.j     pc - 8
core   0: 3 0x8000ee02 (0xbfe5)
core   0: 0x8000edfa (0x00001f17) auipc   t5, 0x1
core   0: 3 0x8000edfa (0x00001f17) x30 0x8000fdfa
core   0: 0x8000edfe (0x203f2323) sw      gp, 518(t5)
core   0: 3 0x8000edfe (0x203f2323) mem 0x80010000 0x00000001
core   0: 0x8000ee02 (0x0000bfe5) c.j     pc - 8
core   0: 3 0x8000ee02 (0xbfe5)
core   0: 0x8000edfa (0x00001f17) auipc   t5, 0x1
core   0: 3 0x8000edfa (0x00001f17) x30 0x8000fdfa
core   0: 0x8000edfe (0x203f2323) sw      gp, 518(t5)
core   0: 3 0x8000edfe (0x203f2323) mem 0x80010000 0x00000001
core   0: 0x8000ee02 (0x0000bfe5) c.j     pc - 8
core   0: 3 0x8000ee02 (0xbfe5)
core   0: 0x8000edfa (0x00001f17) auipc   t5, 0x1
core   0: 3 0x8000edfa (0x00001f17) x30 0x8000fdfa
core   0: 0x8000edfe (0x203f2323) sw      gp, 518(t5)
core   0: 3 0x8000edfe (0x203f2323) mem 0x80010000 0x00000001
core   0: 0x8000ee02 (0x0000bfe5) c.j     pc - 8
core   0: 3 0x8000ee02 (0xbfe5)
core   0: 0x8000edfa (0x00001f17) auipc   t5, 0x1
core   0: 3 0x8000edfa (0x00001f17) x30 0x8000fdfa
core   0: 0x8000edfe (0x203f2323) sw      gp, 518(t5)
core   0: 3 0x8000edfe (0x203f2323) mem 0x80010000 0x00000001
core   0: 0x8000ee02 (0x0000bfe5) c.j     pc - 8
core   0: 3 0x8000ee02 (0xbfe5)
core   0: 0x8000edfa (0x00001f17) auipc   t5, 0x1
core   0: 3 0x8000edfa (0x00001f17) x30 0x8000fdfa
core   0: 0x8000edfe (0x203f2323) sw      gp, 518(t5)
core   0: 3 0x8000edfe (0x203f2323) mem 0x80010000 0x00000001
core   0: 0x8000ee02 (0x0000bfe5) c.j     pc - 8
core   0: 3 0x8000ee02 (0xbfe5)
core   0: 0x8000edfa (0x00001f17) auipc   t5, 0x1
core   0: 3 0x8000edfa (0x00001f17) x30 0x8000fdfa
core   0: 0x8000edfe (0x203f2323) sw      gp, 518(t5)
core   0: 3 0x8000edfe (0x203f2323) mem 0x80010000 0x00000001
core   0: 0x8000ee02 (0x0000bfe5) c.j     pc - 8
core   0: 3 0x8000ee02 (0xbfe5)
core   0: 0x8000edfa (0x00001f17) auipc   t5, 0x1
core   0: 3 0x8000edfa (0x00001f17) x30 0x8000fdfa
core   0: 0x8000edfe (0x203f2323) sw      gp, 518(t5)
core   0: 3 0x8000edfe (0x203f2323) mem 0x80010000 0x00000001
core   0: 0x8000ee02 (0x0000bfe5) c.j     pc - 8
core   0: 3 0x8000ee02 (0xbfe5)
core   0: 0x8000edfa (0x00001f17) auipc   t5, 0x1
core   0: 3 0x8000edfa (0x00001f17) x30 0x8000fdfa
core   0: 0x8000edfe (0x203f2323) sw      gp, 518(t5)
core   0: 3 0x8000edfe (0x203f2323) mem 0x80010000 0x00000001
core   0: 0x8000ee02 (0x0000bfe5) c.j     pc - 8
core   0: 3 0x8000ee02 (0xbfe5)
core   0: 0x8000edfa (0x00001f17) auipc   t5, 0x1
core   0: 3 0x8000edfa (0x00001f17) x30 0x8000fdfa
core   0: 0x8000edfe (0x203f2323) sw      gp, 518(t5)
core   0: 3 0x8000edfe (0x203f2323) mem 0x80010000 0x00000001
core   0: 0x8000ee02 (0x0000bfe5) c.j     pc - 8
core   0: 3 0x8000ee02 (0xbfe5)
core   0: 0x8000edfa (0x00001f17) auipc   t5, 0x1
core   0: 3 0x8000edfa (0x00001f17) x30 0x8000fdfa
core   0: 0x8000edfe (0x203f2323) sw      gp, 518(t5)
core   0: 3 0x8000edfe (0x203f2323) mem 0x80010000 0x00000001
core   0: 0x8000ee02 (0x0000bfe5) c.j     pc - 8
core   0: 3 0x8000ee02 (0xbfe5)
core   0: 0x8000edfa (0x00001f17) auipc   t5, 0x1
core   0: 3 0x8000edfa (0x00001f17) x30 0x8000fdfa
core   0: 0x8000edfe (0x203f2323) sw      gp, 518(t5)
core   0: 3 0x8000edfe (0x203f2323) mem 0x80010000 0x00000001
core   0: 0x8000ee02 (0x0000bfe5) c.j     pc - 8
core   0: 3 0x8000ee02 (0xbfe5)
core   0: 0x8000edfa (0x00001f17) auipc   t5, 0x1
core   0: 3 0x8000edfa (0x00001f17) x30 0x8000fdfa
core   0: 0x8000edfe (0x203f2323) sw      gp, 518(t5)
core   0: 3 0x8000edfe (0x203f2323) mem 0x80010000 0x00000001
core   0: 0x8000ee02 (0x0000bfe5) c.j     pc - 8
core   0: 3 0x8000ee02 (0xbfe5)
core   0: 0x8000edfa (0x00001f17) auipc   t5, 0x1
core   0: 3 0x8000edfa (0x00001f17) x30 0x8000fdfa
core   0: 0x8000edfe (0x203f2323) sw      gp, 518(t5)
core   0: 3 0x8000edfe (0x203f2323) mem 0x80010000 0x00000001
core   0: 0x8000ee02 (0x0000bfe5) c.j     pc - 8
core   0: 3 0x8000ee02 (0xbfe5)
core   0: 0x8000edfa (0x00001f17) auipc   t5, 0x1
core   0: 3 0x8000edfa (0x00001f17) x30 0x8000fdfa
core   0: 0x8000edfe (0x203f2323) sw      gp, 518(t5)
core   0: 3 0x8000edfe (0x203f2323) mem 0x80010000 0x00000001
core   0: 0x8000ee02 (0x0000bfe5) c.j     pc - 8
core   0: 3 0x8000ee02 (0xbfe5)
core   0: 0x8000edfa (0x00001f17) auipc   t5, 0x1
core   0: 3 0x8000edfa (0x00001f17) x30 0x8000fdfa
core   0: 0x8000edfe (0x203f2323) sw      gp, 518(t5)
core   0: 3 0x8000edfe (0x203f2323) mem 0x80010000 0x00000001
core   0: 0x8000ee02 (0x0000bfe5) c.j     pc - 8
core   0: 3 0x8000ee02 (0xbfe5)
core   0: 0x8000edfa (0x00001f17) auipc   t5, 0x1
core   0: 3 0x8000edfa (0x00001f17) x30 0x8000fdfa
core   0: 0x8000edfe (0x203f2323) sw      gp, 518(t5)
core   0: 3 0x8000edfe (0x203f2323) mem 0x80010000 0x00000001
core   0: 0x8000ee02 (0x0000bfe5) c.j     pc - 8
core   0: 3 0x8000ee02 (0xbfe5)
core   0: 0x8000edfa (0x00001f17) auipc   t5, 0x1
core   0: 3 0x8000edfa (0x00001f17) x30 0x8000fdfa
core   0: 0x8000edfe (0x203f2323) sw      gp, 518(t5)
core   0: 3 0x8000edfe (0x203f2323) mem 0x80010000 0x00000001
core   0: 0x8000ee02 (0x0000bfe5) c.j     pc - 8
core   0: 3 0x8000ee02 (0xbfe5)
core   0: 0x8000edfa (0x00001f17) auipc   t5, 0x1
core   0: 3 0x8000edfa (0x00001f17) x30 0x8000fdfa
core   0: 0x8000edfe (0x203f2323) sw      gp, 518(t5)
core   0: 3 0x8000edfe (0x203f2323) mem 0x80010000 0x00000001
core   0: 0x8000ee02 (0x0000bfe5) c.j     pc - 8
core   0: 3 0x8000ee02 (0xbfe5)
core   0: 0x8000edfa (0x00001f17) auipc   t5, 0x1
core   0: 3 0x8000edfa (0x00001f17) x30 0x8000fdfa
core   0: 0x8000edfe (0x203f2323) sw      gp, 518(t5)
core   0: 3 0x8000edfe (0x203f2323) mem 0x80010000 0x00000001
core   0: 0x8000ee02 (0x0000bfe5) c.j     pc - 8
core   0: 3 0x8000ee02 (0xbfe5)
core   0: 0x8000edfa (0x00001f17) auipc   t5, 0x1
core   0: 3 0x8000edfa (0x00001f17) x30 0x8000fdfa
core   0: 0x8000edfe (0x203f2323) sw      gp, 518(t5)
core   0: 3 0x8000edfe (0x203f2323) mem 0x80010000 0x00000001
core   0: 0x8000ee02 (0x0000bfe5) c.j     pc - 8
core   0: 3 0x8000ee02 (0xbfe5)
core   0: 0x8000edfa (0x00001f17) auipc   t5, 0x1
core   0: 3 0x8000edfa (0x00001f17) x30 0x8000fdfa
core   0: 0x8000edfe (0x203f2323) sw      gp, 518(t5)
core   0: 3 0x8000edfe (0x203f2323) mem 0x80010000 0x00000001
core   0: 0x8000ee02 (0x0000bfe5) c.j     pc - 8
core   0: 3 0x8000ee02 (0xbfe5)
core   0: 0x8000edfa (0x00001f17) auipc   t5, 0x1
core   0: 3 0x8000edfa (0x00001f17) x30 0x8000fdfa
core   0: 0x8000edfe (0x203f2323) sw      gp, 518(t5)
core   0: 3 0x8000edfe (0x203f2323) mem 0x80010000 0x00000001
core   0: 0x8000ee02 (0x0000bfe5) c.j     pc - 8
core   0: 3 0x8000ee02 (0xbfe5)
core   0: 0x8000edfa (0x00001f17) auipc   t5, 0x1
core   0: 3 0x8000edfa (0x00001f17) x30 0x8000fdfa
core   0: 0x8000edfe (0x203f2323) sw      gp, 518(t5)
core   0: 3 0x8000edfe (0x203f2323) mem 0x80010000 0x00000001
core   0: 0x8000ee02 (0x0000bfe5) c.j     pc - 8
core   0: 3 0x8000ee02 (0xbfe5)
core   0: 0x8000edfa (0x00001f17) auipc   t5, 0x1
core   0: 3 0x8000edfa (0x00001f17) x30 0x8000fdfa
core   0: 0x8000edfe (0x203f2323) sw      gp, 518(t5)
core   0: 3 0x8000edfe (0x203f2323) mem 0x80010000 0x00000001
core   0: 0x8000ee02 (0x0000bfe5) c.j     pc - 8
core   0: 3 0x8000ee02 (0xbfe5)
core   0: 0x8000edfa (0x00001f17) auipc   t5, 0x1
core   0: 3 0x8000edfa (0x00001f17) x30 0x8000fdfa
core   0: 0x8000edfe (0x203f2323) sw      gp, 518(t5)
core   0: 3 0x8000edfe (0x203f2323) mem 0x80010000 0x00000001
core   0: 0x8000ee02 (0x0000bfe5) c.j     pc - 8
core   0: 3 0x8000ee02 (0xbfe5)
core   0: 0x8000edfa (0x00001f17) auipc   t5, 0x1
core   0: 3 0x8000edfa (0x00001f17) x30 0x8000fdfa
core   0: 0x8000edfe (0x203f2323) sw      gp, 518(t5)
core   0: 3 0x8000edfe (0x203f2323) mem 0x80010000 0x00000001
core   0: 0x8000ee02 (0x0000bfe5) c.j     pc - 8
core   0: 3 0x8000ee02 (0xbfe5)
core   0: 0x8000edfa (0x00001f17) auipc   t5, 0x1
core   0: 3 0x8000edfa (0x00001f17) x30 0x8000fdfa
core   0: 0x8000edfe (0x203f2323) sw      gp, 518(t5)
core   0: 3 0x8000edfe (0x203f2323) mem 0x80010000 0x00000001
core   0: 0x8000ee02 (0x0000bfe5) c.j     pc - 8
core   0: 3 0x8000ee02 (0xbfe5)
core   0: 0x8000edfa (0x00001f17) auipc   t5, 0x1
core   0: 3 0x8000edfa (0x00001f17) x30 0x8000fdfa
core   0: 0x8000edfe (0x203f2323) sw      gp, 518(t5)
core   0: 3 0x8000edfe (0x203f2323) mem 0x80010000 0x00000001
core   0: 0x8000ee02 (0x0000bfe5) c.j     pc - 8
core   0: 3 0x8000ee02 (0xbfe5)
core   0: 0x8000edfa (0x00001f17) auipc   t5, 0x1
core   0: 3 0x8000edfa (0x00001f17) x30 0x8000fdfa
core   0: 0x8000edfe (0x203f2323) sw      gp, 518(t5)
core   0: 3 0x8000edfe (0x203f2323) mem 0x80010000 0x00000001
core   0: 0x8000ee02 (0x0000bfe5) c.j     pc - 8
core   0: 3 0x8000ee02 (0xbfe5)
core   0: 0x8000edfa (0x00001f17) auipc   t5, 0x1
core   0: 3 0x8000edfa (0x00001f17) x30 0x8000fdfa
core   0: 0x8000edfe (0x203f2323) sw      gp, 518(t5)
core   0: 3 0x8000edfe (0x203f2323) mem 0x80010000 0x00000001
core   0: 0x8000ee02 (0x0000bfe5) c.j     pc - 8
core   0: 3 0x8000ee02 (0xbfe5)
core   0: 0x8000edfa (0x00001f17) auipc   t5, 0x1
core   0: 3 0x8000edfa (0x00001f17) x30 0x8000fdfa
core   0: 0x8000edfe (0x203f2323) sw      gp, 518(t5)
core   0: 3 0x8000edfe (0x203f2323) mem 0x80010000 0x00000001
core   0: 0x8000ee02 (0x0000bfe5) c.j     pc - 8
core   0: 3 0x8000ee02 (0xbfe5)
core   0: 0x8000edfa (0x00001f17) auipc   t5, 0x1
core   0: 3 0x8000edfa (0x00001f17) x30 0x8000fdfa
core   0: 0x8000edfe (0x203f2323) sw      gp, 518(t5)
core   0: 3 0x8000edfe (0x203f2323) mem 0x80010000 0x00000001
core   0: 0x8000ee02 (0x0000bfe5) c.j     pc - 8
core   0: 3 0x8000ee02 (0xbfe5)
core   0: 0x8000edfa (0x00001f17) auipc   t5, 0x1
core   0: 3 0x8000edfa (0x00001f17) x30 0x8000fdfa
core   0: 0x8000edfe (0x203f2323) sw      gp, 518(t5)
core   0: 3 0x8000edfe (0x203f2323) mem 0x80010000 0x00000001
core   0: 0x8000ee02 (0x0000bfe5) c.j     pc - 8
core   0: 3 0x8000ee02 (0xbfe5)
core   0: 0x8000edfa (0x00001f17) auipc   t5, 0x1
core   0: 3 0x8000edfa (0x00001f17) x30 0x8000fdfa
core   0: 0x8000edfe (0x203f2323) sw      gp, 518(t5)
core   0: 3 0x8000edfe (0x203f2323) mem 0x80010000 0x00000001
core   0: 0x8000ee02 (0x0000bfe5) c.j     pc - 8
core   0: 3 0x8000ee02 (0xbfe5)
core   0: 0x8000edfa (0x00001f17) auipc   t5, 0x1
core   0: 3 0x8000edfa (0x00001f17) x30 0x8000fdfa
core   0: 0x8000edfe (0x203f2323) sw      gp, 518(t5)
core   0: 3 0x8000edfe (0x203f2323) mem 0x80010000 0x00000001
core   0: 0x8000ee02 (0x0000bfe5) c.j     pc - 8
core   0: 3 0x8000ee02 (0xbfe5)
core   0: 0x8000edfa (0x00001f17) auipc   t5, 0x1
core   0: 3 0x8000edfa (0x00001f17) x30 0x8000fdfa
core   0: 0x8000edfe (0x203f2323) sw      gp, 518(t5)
core   0: 3 0x8000edfe (0x203f2323) mem 0x80010000 0x00000001
core   0: 0x8000ee02 (0x0000bfe5) c.j     pc - 8
core   0: 3 0x8000ee02 (0xbfe5)
core   0: 0x8000edfa (0x00001f17) auipc   t5, 0x1
core   0: 3 0x8000edfa (0x00001f17) x30 0x8000fdfa
core   0: 0x8000edfe (0x203f2323) sw      gp, 518(t5)
core   0: 3 0x8000edfe (0x203f2323) mem 0x80010000 0x00000001
core   0: 0x8000ee02 (0x0000bfe5) c.j     pc - 8
core   0: 3 0x8000ee02 (0xbfe5)
core   0: 0x8000edfa (0x00001f17) auipc   t5, 0x1
core   0: 3 0x8000edfa (0x00001f17) x30 0x8000fdfa
core   0: 0x8000edfe (0x203f2323) sw      gp, 518(t5)
core   0: 3 0x8000edfe (0x203f2323) mem 0x80010000 0x00000001
core   0: 0x8000ee02 (0x0000bfe5) c.j     pc - 8
core   0: 3 0x8000ee02 (0xbfe5)
core   0: 0x8000edfa (0x00001f17) auipc   t5, 0x1
core   0: 3 0x8000edfa (0x00001f17) x30 0x8000fdfa
core   0: 0x8000edfe (0x203f2323) sw      gp, 518(t5)
core   0: 3 0x8000edfe (0x203f2323) mem 0x80010000 0x00000001
core   0: 0x8000ee02 (0x0000bfe5) c.j     pc - 8
core   0: 3 0x8000ee02 (0xbfe5)
core   0: 0x8000edfa (0x00001f17) auipc   t5, 0x1
core   0: 3 0x8000edfa (0x00001f17) x30 0x8000fdfa
core   0: 0x8000edfe (0x203f2323) sw      gp, 518(t5)
core   0: 3 0x8000edfe (0x203f2323) mem 0x80010000 0x00000001
core   0: 0x8000ee02 (0x0000bfe5) c.j     pc - 8
core   0: 3 0x8000ee02 (0xbfe5)
core   0: 0x8000edfa (0x00001f17) auipc   t5, 0x1
core   0: 3 0x8000edfa (0x00001f17) x30 0x8000fdfa
core   0: 0x8000edfe (0x203f2323) sw      gp, 518(t5)
core   0: 3 0x8000edfe (0x203f2323) mem 0x80010000 0x00000001
core   0: 0x8000ee02 (0x0000bfe5) c.j     pc - 8
core   0: 3 0x8000ee02 (0xbfe5)
core   0: 0x8000edfa (0x00001f17) auipc   t5, 0x1
core   0: 3 0x8000edfa (0x00001f17) x30 0x8000fdfa
core   0: 0x8000edfe (0x203f2323) sw      gp, 518(t5)
core   0: 3 0x8000edfe (0x203f2323) mem 0x80010000 0x00000001
core   0: 0x8000ee02 (0x0000bfe5) c.j     pc - 8
core   0: 3 0x8000ee02 (0xbfe5)
core   0: 0x8000edfa (0x00001f17) auipc   t5, 0x1
core   0: 3 0x8000edfa (0x00001f17) x30 0x8000fdfa
core   0: 0x8000edfe (0x203f2323) sw      gp, 518(t5)
core   0: 3 0x8000edfe (0x203f2323) mem 0x80010000 0x00000001
core   0: 0x8000ee02 (0x0000bfe5) c.j     pc - 8
core   0: 3 0x8000ee02 (0xbfe5)
core   0: 0x8000edfa (0x00001f17) auipc   t5, 0x1
core   0: 3 0x8000edfa (0x00001f17) x30 0x8000fdfa
core   0: 0x8000edfe (0x203f2323) sw      gp, 518(t5)
core   0: 3 0x8000edfe (0x203f2323) mem 0x80010000 0x00000001
core   0: 0x8000ee02 (0x0000bfe5) c.j     pc - 8
core   0: 3 0x8000ee02 (0xbfe5)
core   0: 0x8000edfa (0x00001f17) auipc   t5, 0x1
core   0: 3 0x8000edfa (0x00001f17) x30 0x8000fdfa
core   0: 0x8000edfe (0x203f2323) sw      gp, 518(t5)
core   0: 3 0x8000edfe (0x203f2323) mem 0x80010000 0x00000001
core   0: 0x8000ee02 (0x0000bfe5) c.j     pc - 8
core   0: 3 0x8000ee02 (0xbfe5)
core   0: 0x8000edfa (0x00001f17) auipc   t5, 0x1
core   0: 3 0x8000edfa (0x00001f17) x30 0x8000fdfa
core   0: 0x8000edfe (0x203f2323) sw      gp, 518(t5)
core   0: 3 0x8000edfe (0x203f2323) mem 0x80010000 0x00000001
core   0: 0x8000ee02 (0x0000bfe5) c.j     pc - 8
core   0: 3 0x8000ee02 (0xbfe5)
core   0: 0x8000edfa (0x00001f17) auipc   t5, 0x1
core   0: 3 0x8000edfa (0x00001f17) x30 0x8000fdfa
core   0: 0x8000edfe (0x203f2323) sw      gp, 518(t5)
core   0: 3 0x8000edfe (0x203f2323) mem 0x80010000 0x00000001
core   0: 0x8000ee02 (0x0000bfe5) c.j     pc - 8
core   0: 3 0x8000ee02 (0xbfe5)
core   0: 0x8000edfa (0x00001f17) auipc   t5, 0x1
core   0: 3 0x8000edfa (0x00001f17) x30 0x8000fdfa
core   0: 0x8000edfe (0x203f2323) sw      gp, 518(t5)
core   0: 3 0x8000edfe (0x203f2323) mem 0x80010000 0x00000001
core   0: 0x8000ee02 (0x0000bfe5) c.j     pc - 8
core   0: 3 0x8000ee02 (0xbfe5)
core   0: 0x8000edfa (0x00001f17) auipc   t5, 0x1
core   0: 3 0x8000edfa (0x00001f17) x30 0x8000fdfa
core   0: 0x8000edfe (0x203f2323) sw      gp, 518(t5)
core   0: 3 0x8000edfe (0x203f2323) mem 0x80010000 0x00000001
core   0: 0x8000ee02 (0x0000bfe5) c.j     pc - 8
core   0: 3 0x8000ee02 (0xbfe5)
core   0: 0x8000edfa (0x00001f17) auipc   t5, 0x1
core   0: 3 0x8000edfa (0x00001f17) x30 0x8000fdfa
core   0: 0x8000edfe (0x203f2323) sw      gp, 518(t5)
core   0: 3 0x8000edfe (0x203f2323) mem 0x80010000 0x00000001
core   0: 0x8000ee02 (0x0000bfe5) c.j     pc - 8
core   0: 3 0x8000ee02 (0xbfe5)
core   0: 0x8000edfa (0x00001f17) auipc   t5, 0x1
core   0: 3 0x8000edfa (0x00001f17) x30 0x8000fdfa
core   0: 0x8000edfe (0x203f2323) sw      gp, 518(t5)
core   0: 3 0x8000edfe (0x203f2323) mem 0x80010000 0x00000001
core   0: 0x8000ee02 (0x0000bfe5) c.j     pc - 8
core   0: 3 0x8000ee02 (0xbfe5)
core   0: 0x8000edfa (0x00001f17) auipc   t5, 0x1
core   0: 3 0x8000edfa (0x00001f17) x30 0x8000fdfa
core   0: 0x8000edfe (0x203f2323) sw      gp, 518(t5)
core   0: 3 0x8000edfe (0x203f2323) mem 0x80010000 0x00000001
core   0: 0x8000ee02 (0x0000bfe5) c.j     pc - 8
core   0: 3 0x8000ee02 (0xbfe5)
core   0: 0x8000edfa (0x00001f17) auipc   t5, 0x1
core   0: 3 0x8000edfa (0x00001f17) x30 0x8000fdfa
core   0: 0x8000edfe (0x203f2323) sw      gp, 518(t5)
core   0: 3 0x8000edfe (0x203f2323) mem 0x80010000 0x00000001
core   0: 0x8000ee02 (0x0000bfe5) c.j     pc - 8
core   0: 3 0x8000ee02 (0xbfe5)
core   0: 0x8000edfa (0x00001f17) auipc   t5, 0x1
core   0: 3 0x8000edfa (0x00001f17) x30 0x8000fdfa
core   0: 0x8000edfe (0x203f2323) sw      gp, 518(t5)
core   0: 3 0x8000edfe (0x203f2323) mem 0x80010000 0x00000001
core   0: 0x8000ee02 (0x0000bfe5) c.j     pc - 8
core   0: 3 0x8000ee02 (0xbfe5)
core   0: 0x8000edfa (0x00001f17) auipc   t5, 0x1
core   0: 3 0x8000edfa (0x00001f17) x30 0x8000fdfa
core   0: 0x8000edfe (0x203f2323) sw      gp, 518(t5)
core   0: 3 0x8000edfe (0x203f2323) mem 0x80010000 0x00000001
core   0: 0x8000ee02 (0x0000bfe5) c.j     pc - 8
core   0: 3 0x8000ee02 (0xbfe5)
core   0: 0x8000edfa (0x00001f17) auipc   t5, 0x1
core   0: 3 0x8000edfa (0x00001f17) x30 0x8000fdfa
core   0: 0x8000edfe (0x203f2323) sw      gp, 518(t5)
core   0: 3 0x8000edfe (0x203f2323) mem 0x80010000 0x00000001
core   0: 0x8000ee02 (0x0000bfe5) c.j     pc - 8
core   0: 3 0x8000ee02 (0xbfe5)
core   0: 0x8000edfa (0x00001f17) auipc   t5, 0x1
core   0: 3 0x8000edfa (0x00001f17) x30 0x8000fdfa
core   0: 0x8000edfe (0x203f2323) sw      gp, 518(t5)
core   0: 3 0x8000edfe (0x203f2323) mem 0x80010000 0x00000001
core   0: 0x8000ee02 (0x0000bfe5) c.j     pc - 8
core   0: 3 0x8000ee02 (0xbfe5)
core   0: 0x8000edfa (0x00001f17) auipc   t5, 0x1
core   0: 3 0x8000edfa (0x00001f17) x30 0x8000fdfa
core   0: 0x8000edfe (0x203f2323) sw      gp, 518(t5)
core   0: 3 0x8000edfe (0x203f2323) mem 0x80010000 0x00000001
core   0: 0x8000ee02 (0x0000bfe5) c.j     pc - 8
core   0: 3 0x8000ee02 (0xbfe5)
core   0: 0x8000edfa (0x00001f17) auipc   t5, 0x1
core   0: 3 0x8000edfa (0x00001f17) x30 0x8000fdfa
core   0: 0x8000edfe (0x203f2323) sw      gp, 518(t5)
core   0: 3 0x8000edfe (0x203f2323) mem 0x80010000 0x00000001
core   0: 0x8000ee02 (0x0000bfe5) c.j     pc - 8
core   0: 3 0x8000ee02 (0xbfe5)
core   0: 0x8000edfa (0x00001f17) auipc   t5, 0x1
core   0: 3 0x8000edfa (0x00001f17) x30 0x8000fdfa
core   0: 0x8000edfe (0x203f2323) sw      gp, 518(t5)
core   0: 3 0x8000edfe (0x203f2323) mem 0x80010000 0x00000001
core   0: 0x8000ee02 (0x0000bfe5) c.j     pc - 8
core   0: 3 0x8000ee02 (0xbfe5)
core   0: 0x8000edfa (0x00001f17) auipc   t5, 0x1
core   0: 3 0x8000edfa (0x00001f17) x30 0x8000fdfa
core   0: 0x8000edfe (0x203f2323) sw      gp, 518(t5)
core   0: 3 0x8000edfe (0x203f2323) mem 0x80010000 0x00000001
core   0: 0x8000ee02 (0x0000bfe5) c.j     pc - 8
core   0: 3 0x8000ee02 (0xbfe5)
core   0: 0x8000edfa (0x00001f17) auipc   t5, 0x1
core   0: 3 0x8000edfa (0x00001f17) x30 0x8000fdfa
core   0: 0x8000edfe (0x203f2323) sw      gp, 518(t5)
core   0: 3 0x8000edfe (0x203f2323) mem 0x80010000 0x00000001
core   0: 0x8000ee02 (0x0000bfe5) c.j     pc - 8
core   0: 3 0x8000ee02 (0xbfe5)
core   0: 0x8000edfa (0x00001f17) auipc   t5, 0x1
core   0: 3 0x8000edfa (0x00001f17) x30 0x8000fdfa
core   0: 0x8000edfe (0x203f2323) sw      gp, 518(t5)
core   0: 3 0x8000edfe (0x203f2323) mem 0x80010000 0x00000001
core   0: 0x8000ee02 (0x0000bfe5) c.j     pc - 8
core   0: 3 0x8000ee02 (0xbfe5)
core   0: 0x8000edfa (0x00001f17) auipc   t5, 0x1
core   0: 3 0x8000edfa (0x00001f17) x30 0x8000fdfa
core   0: 0x8000edfe (0x203f2323) sw      gp, 518(t5)
core   0: 3 0x8000edfe (0x203f2323) mem 0x80010000 0x00000001
core   0: 0x8000ee02 (0x0000bfe5) c.j     pc - 8
core   0: 3 0x8000ee02 (0xbfe5)
core   0: 0x8000edfa (0x00001f17) auipc   t5, 0x1
core   0: 3 0x8000edfa (0x00001f17) x30 0x8000fdfa
core   0: 0x8000edfe (0x203f2323) sw      gp, 518(t5)
core   0: 3 0x8000edfe (0x203f2323) mem 0x80010000 0x00000001
core   0: 0x8000ee02 (0x0000bfe5) c.j     pc - 8
core   0: 3 0x8000ee02 (0xbfe5)
core   0: 0x8000edfa (0x00001f17) auipc   t5, 0x1
core   0: 3 0x8000edfa (0x00001f17) x30 0x8000fdfa
core   0: 0x8000edfe (0x203f2323) sw      gp, 518(t5)
core   0: 3 0x8000edfe (0x203f2323) mem 0x80010000 0x00000001
core   0: 0x8000ee02 (0x0000bfe5) c.j     pc - 8
core   0: 3 0x8000ee02 (0xbfe5)
core   0: 0x8000edfa (0x00001f17) auipc   t5, 0x1
core   0: 3 0x8000edfa (0x00001f17) x30 0x8000fdfa
core   0: 0x8000edfe (0x203f2323) sw      gp, 518(t5)
core   0: 3 0x8000edfe (0x203f2323) mem 0x80010000 0x00000001
core   0: 0x8000ee02 (0x0000bfe5) c.j     pc - 8
core   0: 3 0x8000ee02 (0xbfe5)
core   0: 0x8000edfa (0x00001f17) auipc   t5, 0x1
core   0: 3 0x8000edfa (0x00001f17) x30 0x8000fdfa
core   0: 0x8000edfe (0x203f2323) sw      gp, 518(t5)
core   0: 3 0x8000edfe (0x203f2323) mem 0x80010000 0x00000001
core   0: 0x8000ee02 (0x0000bfe5) c.j     pc - 8
core   0: 3 0x8000ee02 (0xbfe5)
core   0: 0x8000edfa (0x00001f17) auipc   t5, 0x1
core   0: 3 0x8000edfa (0x00001f17) x30 0x8000fdfa
core   0: 0x8000edfe (0x203f2323) sw      gp, 518(t5)
core   0: 3 0x8000edfe (0x203f2323) mem 0x80010000 0x00000001
core   0: 0x8000ee02 (0x0000bfe5) c.j     pc - 8
core   0: 3 0x8000ee02 (0xbfe5)
core   0: 0x8000edfa (0x00001f17) auipc   t5, 0x1
core   0: 3 0x8000edfa (0x00001f17) x30 0x8000fdfa
core   0: 0x8000edfe (0x203f2323) sw      gp, 518(t5)
core   0: 3 0x8000edfe (0x203f2323) mem 0x80010000 0x00000001
core   0: 0x8000ee02 (0x0000bfe5) c.j     pc - 8
core   0: 3 0x8000ee02 (0xbfe5)
core   0: 0x8000edfa (0x00001f17) auipc   t5, 0x1
core   0: 3 0x8000edfa (0x00001f17) x30 0x8000fdfa
core   0: 0x8000edfe (0x203f2323) sw      gp, 518(t5)
core   0: 3 0x8000edfe (0x203f2323) mem 0x80010000 0x00000001
core   0: 0x8000ee02 (0x0000bfe5) c.j     pc - 8
core   0: 3 0x8000ee02 (0xbfe5)
core   0: 0x8000edfa (0x00001f17) auipc   t5, 0x1
core   0: 3 0x8000edfa (0x00001f17) x30 0x8000fdfa
core   0: 0x8000edfe (0x203f2323) sw      gp, 518(t5)
core   0: 3 0x8000edfe (0x203f2323) mem 0x80010000 0x00000001
core   0: 0x8000ee02 (0x0000bfe5) c.j     pc - 8
core   0: 3 0x8000ee02 (0xbfe5)
core   0: 0x8000edfa (0x00001f17) auipc   t5, 0x1
core   0: 3 0x8000edfa (0x00001f17) x30 0x8000fdfa
core   0: 0x8000edfe (0x203f2323) sw      gp, 518(t5)
core   0: 3 0x8000edfe (0x203f2323) mem 0x80010000 0x00000001
core   0: 0x8000ee02 (0x0000bfe5) c.j     pc - 8
core   0: 3 0x8000ee02 (0xbfe5)
core   0: 0x8000edfa (0x00001f17) auipc   t5, 0x1
core   0: 3 0x8000edfa (0x00001f17) x30 0x8000fdfa
core   0: 0x8000edfe (0x203f2323) sw      gp, 518(t5)
core   0: 3 0x8000edfe (0x203f2323) mem 0x80010000 0x00000001
core   0: 0x8000ee02 (0x0000bfe5) c.j     pc - 8
core   0: 3 0x8000ee02 (0xbfe5)
core   0: 0x8000edfa (0x00001f17) auipc   t5, 0x1
core   0: 3 0x8000edfa (0x00001f17) x30 0x8000fdfa
core   0: 0x8000edfe (0x203f2323) sw      gp, 518(t5)
core   0: 3 0x8000edfe (0x203f2323) mem 0x80010000 0x00000001
core   0: 0x8000ee02 (0x0000bfe5) c.j     pc - 8
core   0: 3 0x8000ee02 (0xbfe5)
core   0: 0x8000edfa (0x00001f17) auipc   t5, 0x1
core   0: 3 0x8000edfa (0x00001f17) x30 0x8000fdfa
core   0: 0x8000edfe (0x203f2323) sw      gp, 518(t5)
core   0: 3 0x8000edfe (0x203f2323) mem 0x80010000 0x00000001
core   0: 0x8000ee02 (0x0000bfe5) c.j     pc - 8
core   0: 3 0x8000ee02 (0xbfe5)
core   0: 0x8000edfa (0x00001f17) auipc   t5, 0x1
core   0: 3 0x8000edfa (0x00001f17) x30 0x8000fdfa
core   0: 0x8000edfe (0x203f2323) sw      gp, 518(t5)
core   0: 3 0x8000edfe (0x203f2323) mem 0x80010000 0x00000001
core   0: 0x8000ee02 (0x0000bfe5) c.j     pc - 8
core   0: 3 0x8000ee02 (0xbfe5)
core   0: 0x8000edfa (0x00001f17) auipc   t5, 0x1
core   0: 3 0x8000edfa (0x00001f17) x30 0x8000fdfa
core   0: 0x8000edfe (0x203f2323) sw      gp, 518(t5)
core   0: 3 0x8000edfe (0x203f2323) mem 0x80010000 0x00000001
core   0: 0x8000ee02 (0x0000bfe5) c.j     pc - 8
core   0: 3 0x8000ee02 (0xbfe5)
core   0: 0x8000edfa (0x00001f17) auipc   t5, 0x1
core   0: 3 0x8000edfa (0x00001f17) x30 0x8000fdfa
core   0: 0x8000edfe (0x203f2323) sw      gp, 518(t5)
core   0: 3 0x8000edfe (0x203f2323) mem 0x80010000 0x00000001
core   0: 0x8000ee02 (0x0000bfe5) c.j     pc - 8
core   0: 3 0x8000ee02 (0xbfe5)
core   0: 0x8000edfa (0x00001f17) auipc   t5, 0x1
core   0: 3 0x8000edfa (0x00001f17) x30 0x8000fdfa
core   0: 0x8000edfe (0x203f2323) sw      gp, 518(t5)
core   0: 3 0x8000edfe (0x203f2323) mem 0x80010000 0x00000001
core   0: 0x8000ee02 (0x0000bfe5) c.j     pc - 8
core   0: 3 0x8000ee02 (0xbfe5)
core   0: 0x8000edfa (0x00001f17) auipc   t5, 0x1
core   0: 3 0x8000edfa (0x00001f17) x30 0x8000fdfa
core   0: 0x8000edfe (0x203f2323) sw      gp, 518(t5)
core   0: 3 0x8000edfe (0x203f2323) mem 0x80010000 0x00000001
core   0: 0x8000ee02 (0x0000bfe5) c.j     pc - 8
core   0: 3 0x8000ee02 (0xbfe5)
core   0: 0x8000edfa (0x00001f17) auipc   t5, 0x1
core   0: 3 0x8000edfa (0x00001f17) x30 0x8000fdfa
core   0: 0x8000edfe (0x203f2323) sw      gp, 518(t5)
core   0: 3 0x8000edfe (0x203f2323) mem 0x80010000 0x00000001
core   0: 0x8000ee02 (0x0000bfe5) c.j     pc - 8
core   0: 3 0x8000ee02 (0xbfe5)
core   0: 0x8000edfa (0x00001f17) auipc   t5, 0x1
core   0: 3 0x8000edfa (0x00001f17) x30 0x8000fdfa
core   0: 0x8000edfe (0x203f2323) sw      gp, 518(t5)
core   0: 3 0x8000edfe (0x203f2323) mem 0x80010000 0x00000001
core   0: 0x8000ee02 (0x0000bfe5) c.j     pc - 8
core   0: 3 0x8000ee02 (0xbfe5)
core   0: 0x8000edfa (0x00001f17) auipc   t5, 0x1
core   0: 3 0x8000edfa (0x00001f17) x30 0x8000fdfa
core   0: 0x8000edfe (0x203f2323) sw      gp, 518(t5)
core   0: 3 0x8000edfe (0x203f2323) mem 0x80010000 0x00000001
core   0: 0x8000ee02 (0x0000bfe5) c.j     pc - 8
core   0: 3 0x8000ee02 (0xbfe5)
core   0: 0x8000edfa (0x00001f17) auipc   t5, 0x1
core   0: 3 0x8000edfa (0x00001f17) x30 0x8000fdfa
core   0: 0x8000edfe (0x203f2323) sw      gp, 518(t5)
core   0: 3 0x8000edfe (0x203f2323) mem 0x80010000 0x00000001
core   0: 0x8000ee02 (0x0000bfe5) c.j     pc - 8
core   0: 3 0x8000ee02 (0xbfe5)
core   0: 0x8000edfa (0x00001f17) auipc   t5, 0x1
core   0: 3 0x8000edfa (0x00001f17) x30 0x8000fdfa
core   0: 0x8000edfe (0x203f2323) sw      gp, 518(t5)
core   0: 3 0x8000edfe (0x203f2323) mem 0x80010000 0x00000001
core   0: 0x8000ee02 (0x0000bfe5) c.j     pc - 8
core   0: 3 0x8000ee02 (0xbfe5)
core   0: 0x8000edfa (0x00001f17) auipc   t5, 0x1
core   0: 3 0x8000edfa (0x00001f17) x30 0x8000fdfa
core   0: 0x8000edfe (0x203f2323) sw      gp, 518(t5)
core   0: 3 0x8000edfe (0x203f2323) mem 0x80010000 0x00000001
core   0: 0x8000ee02 (0x0000bfe5) c.j     pc - 8
core   0: 3 0x8000ee02 (0xbfe5)
core   0: 0x8000edfa (0x00001f17) auipc   t5, 0x1
core   0: 3 0x8000edfa (0x00001f17) x30 0x8000fdfa
core   0: 0x8000edfe (0x203f2323) sw      gp, 518(t5)
core   0: 3 0x8000edfe (0x203f2323) mem 0x80010000 0x00000001
core   0: 0x8000ee02 (0x0000bfe5) c.j     pc - 8
core   0: 3 0x8000ee02 (0xbfe5)
core   0: 0x8000edfa (0x00001f17) auipc   t5, 0x1
core   0: 3 0x8000edfa (0x00001f17) x30 0x8000fdfa
core   0: 0x8000edfe (0x203f2323) sw      gp, 518(t5)
core   0: 3 0x8000edfe (0x203f2323) mem 0x80010000 0x00000001
core   0: 0x8000ee02 (0x0000bfe5) c.j     pc - 8
core   0: 3 0x8000ee02 (0xbfe5)
core   0: 0x8000edfa (0x00001f17) auipc   t5, 0x1
core   0: 3 0x8000edfa (0x00001f17) x30 0x8000fdfa
core   0: 0x8000edfe (0x203f2323) sw      gp, 518(t5)
core   0: 3 0x8000edfe (0x203f2323) mem 0x80010000 0x00000001
core   0: 0x8000ee02 (0x0000bfe5) c.j     pc - 8
core   0: 3 0x8000ee02 (0xbfe5)
core   0: 0x8000edfa (0x00001f17) auipc   t5, 0x1
core   0: 3 0x8000edfa (0x00001f17) x30 0x8000fdfa
core   0: 0x8000edfe (0x203f2323) sw      gp, 518(t5)
core   0: 3 0x8000edfe (0x203f2323) mem 0x80010000 0x00000001
core   0: 0x8000ee02 (0x0000bfe5) c.j     pc - 8
core   0: 3 0x8000ee02 (0xbfe5)
core   0: 0x8000edfa (0x00001f17) auipc   t5, 0x1
core   0: 3 0x8000edfa (0x00001f17) x30 0x8000fdfa
core   0: 0x8000edfe (0x203f2323) sw      gp, 518(t5)
core   0: 3 0x8000edfe (0x203f2323) mem 0x80010000 0x00000001
core   0: 0x8000ee02 (0x0000bfe5) c.j     pc - 8
core   0: 3 0x8000ee02 (0xbfe5)
core   0: 0x8000edfa (0x00001f17) auipc   t5, 0x1
core   0: 3 0x8000edfa (0x00001f17) x30 0x8000fdfa
core   0: 0x8000edfe (0x203f2323) sw      gp, 518(t5)
core   0: 3 0x8000edfe (0x203f2323) mem 0x80010000 0x00000001
core   0: 0x8000ee02 (0x0000bfe5) c.j     pc - 8
core   0: 3 0x8000ee02 (0xbfe5)
core   0: 0x8000edfa (0x00001f17) auipc   t5, 0x1
core   0: 3 0x8000edfa (0x00001f17) x30 0x8000fdfa
core   0: 0x8000edfe (0x203f2323) sw      gp, 518(t5)
core   0: 3 0x8000edfe (0x203f2323) mem 0x80010000 0x00000001
core   0: 0x8000ee02 (0x0000bfe5) c.j     pc - 8
core   0: 3 0x8000ee02 (0xbfe5)
core   0: 0x8000edfa (0x00001f17) auipc   t5, 0x1
core   0: 3 0x8000edfa (0x00001f17) x30 0x8000fdfa
core   0: 0x8000edfe (0x203f2323) sw      gp, 518(t5)
core   0: 3 0x8000edfe (0x203f2323) mem 0x80010000 0x00000001
core   0: 0x8000ee02 (0x0000bfe5) c.j     pc - 8
core   0: 3 0x8000ee02 (0xbfe5)
core   0: 0x8000edfa (0x00001f17) auipc   t5, 0x1
core   0: 3 0x8000edfa (0x00001f17) x30 0x8000fdfa
core   0: 0x8000edfe (0x203f2323) sw      gp, 518(t5)
core   0: 3 0x8000edfe (0x203f2323) mem 0x80010000 0x00000001
core   0: 0x8000ee02 (0x0000bfe5) c.j     pc - 8
core   0: 3 0x8000ee02 (0xbfe5)
core   0: 0x8000edfa (0x00001f17) auipc   t5, 0x1
core   0: 3 0x8000edfa (0x00001f17) x30 0x8000fdfa
core   0: 0x8000edfe (0x203f2323) sw      gp, 518(t5)
core   0: 3 0x8000edfe (0x203f2323) mem 0x80010000 0x00000001
core   0: 0x8000ee02 (0x0000bfe5) c.j     pc - 8
core   0: 3 0x8000ee02 (0xbfe5)
core   0: 0x8000edfa (0x00001f17) auipc   t5, 0x1
core   0: 3 0x8000edfa (0x00001f17) x30 0x8000fdfa
core   0: 0x8000edfe (0x203f2323) sw      gp, 518(t5)
core   0: 3 0x8000edfe (0x203f2323) mem 0x80010000 0x00000001
core   0: 0x8000ee02 (0x0000bfe5) c.j     pc - 8
core   0: 3 0x8000ee02 (0xbfe5)
core   0: 0x8000edfa (0x00001f17) auipc   t5, 0x1
core   0: 3 0x8000edfa (0x00001f17) x30 0x8000fdfa
core   0: 0x8000edfe (0x203f2323) sw      gp, 518(t5)
core   0: 3 0x8000edfe (0x203f2323) mem 0x80010000 0x00000001
core   0: 0x8000ee02 (0x0000bfe5) c.j     pc - 8
core   0: 3 0x8000ee02 (0xbfe5)
core   0: 0x8000edfa (0x00001f17) auipc   t5, 0x1
core   0: 3 0x8000edfa (0x00001f17) x30 0x8000fdfa
core   0: 0x8000edfe (0x203f2323) sw      gp, 518(t5)
core   0: 3 0x8000edfe (0x203f2323) mem 0x80010000 0x00000001
core   0: 0x8000ee02 (0x0000bfe5) c.j     pc - 8
core   0: 3 0x8000ee02 (0xbfe5)
core   0: 0x8000edfa (0x00001f17) auipc   t5, 0x1
core   0: 3 0x8000edfa (0x00001f17) x30 0x8000fdfa
core   0: 0x8000edfe (0x203f2323) sw      gp, 518(t5)
core   0: 3 0x8000edfe (0x203f2323) mem 0x80010000 0x00000001
core   0: 0x8000ee02 (0x0000bfe5) c.j     pc - 8
core   0: 3 0x8000ee02 (0xbfe5)
core   0: 0x8000edfa (0x00001f17) auipc   t5, 0x1
core   0: 3 0x8000edfa (0x00001f17) x30 0x8000fdfa
core   0: 0x8000edfe (0x203f2323) sw      gp, 518(t5)
core   0: 3 0x8000edfe (0x203f2323) mem 0x80010000 0x00000001
core   0: 0x8000ee02 (0x0000bfe5) c.j     pc - 8
core   0: 3 0x8000ee02 (0xbfe5)
core   0: 0x8000edfa (0x00001f17) auipc   t5, 0x1
core   0: 3 0x8000edfa (0x00001f17) x30 0x8000fdfa
core   0: 0x8000edfe (0x203f2323) sw      gp, 518(t5)
core   0: 3 0x8000edfe (0x203f2323) mem 0x80010000 0x00000001
core   0: 0x8000ee02 (0x0000bfe5) c.j     pc - 8
core   0: 3 0x8000ee02 (0xbfe5)
core   0: 0x8000edfa (0x00001f17) auipc   t5, 0x1
core   0: 3 0x8000edfa (0x00001f17) x30 0x8000fdfa
core   0: 0x8000edfe (0x203f2323) sw      gp, 518(t5)
core   0: 3 0x8000edfe (0x203f2323) mem 0x80010000 0x00000001
core   0: 0x8000ee02 (0x0000bfe5) c.j     pc - 8
core   0: 3 0x8000ee02 (0xbfe5)
core   0: 0x8000edfa (0x00001f17) auipc   t5, 0x1
core   0: 3 0x8000edfa (0x00001f17) x30 0x8000fdfa
core   0: 0x8000edfe (0x203f2323) sw      gp, 518(t5)
core   0: 3 0x8000edfe (0x203f2323) mem 0x80010000 0x00000001
core   0: 0x8000ee02 (0x0000bfe5) c.j     pc - 8
core   0: 3 0x8000ee02 (0xbfe5)
core   0: 0x8000edfa (0x00001f17) auipc   t5, 0x1
core   0: 3 0x8000edfa (0x00001f17) x30 0x8000fdfa
core   0: 0x8000edfe (0x203f2323) sw      gp, 518(t5)
core   0: 3 0x8000edfe (0x203f2323) mem 0x80010000 0x00000001
core   0: 0x8000ee02 (0x0000bfe5) c.j     pc - 8
core   0: 3 0x8000ee02 (0xbfe5)
core   0: 0x8000edfa (0x00001f17) auipc   t5, 0x1
core   0: 3 0x8000edfa (0x00001f17) x30 0x8000fdfa
core   0: 0x8000edfe (0x203f2323) sw      gp, 518(t5)
core   0: 3 0x8000edfe (0x203f2323) mem 0x80010000 0x00000001
core   0: 0x8000ee02 (0x0000bfe5) c.j     pc - 8
core   0: 3 0x8000ee02 (0xbfe5)
core   0: 0x8000edfa (0x00001f17) auipc   t5, 0x1
core   0: 3 0x8000edfa (0x00001f17) x30 0x8000fdfa
core   0: 0x8000edfe (0x203f2323) sw      gp, 518(t5)
core   0: 3 0x8000edfe (0x203f2323) mem 0x80010000 0x00000001
core   0: 0x8000ee02 (0x0000bfe5) c.j     pc - 8
core   0: 3 0x8000ee02 (0xbfe5)
core   0: 0x8000edfa (0x00001f17) auipc   t5, 0x1
core   0: 3 0x8000edfa (0x00001f17) x30 0x8000fdfa
core   0: 0x8000edfe (0x203f2323) sw      gp, 518(t5)
core   0: 3 0x8000edfe (0x203f2323) mem 0x80010000 0x00000001
core   0: 0x8000ee02 (0x0000bfe5) c.j     pc - 8
core   0: 3 0x8000ee02 (0xbfe5)
core   0: 0x8000edfa (0x00001f17) auipc   t5, 0x1
core   0: 3 0x8000edfa (0x00001f17) x30 0x8000fdfa
core   0: 0x8000edfe (0x203f2323) sw      gp, 518(t5)
core   0: 3 0x8000edfe (0x203f2323) mem 0x80010000 0x00000001
core   0: 0x8000ee02 (0x0000bfe5) c.j     pc - 8
core   0: 3 0x8000ee02 (0xbfe5)
core   0: 0x8000edfa (0x00001f17) auipc   t5, 0x1
core   0: 3 0x8000edfa (0x00001f17) x30 0x8000fdfa
core   0: 0x8000edfe (0x203f2323) sw      gp, 518(t5)
core   0: 3 0x8000edfe (0x203f2323) mem 0x80010000 0x00000001
core   0: 0x8000ee02 (0x0000bfe5) c.j     pc - 8
core   0: 3 0x8000ee02 (0xbfe5)
core   0: 0x8000edfa (0x00001f17) auipc   t5, 0x1
core   0: 3 0x8000edfa (0x00001f17) x30 0x8000fdfa
core   0: 0x8000edfe (0x203f2323) sw      gp, 518(t5)
core   0: 3 0x8000edfe (0x203f2323) mem 0x80010000 0x00000001
core   0: 0x8000ee02 (0x0000bfe5) c.j     pc - 8
core   0: 3 0x8000ee02 (0xbfe5)
core   0: 0x8000edfa (0x00001f17) auipc   t5, 0x1
core   0: 3 0x8000edfa (0x00001f17) x30 0x8000fdfa
core   0: 0x8000edfe (0x203f2323) sw      gp, 518(t5)
core   0: 3 0x8000edfe (0x203f2323) mem 0x80010000 0x00000001
core   0: 0x8000ee02 (0x0000bfe5) c.j     pc - 8
core   0: 3 0x8000ee02 (0xbfe5)
core   0: 0x8000edfa (0x00001f17) auipc   t5, 0x1
core   0: 3 0x8000edfa (0x00001f17) x30 0x8000fdfa
core   0: 0x8000edfe (0x203f2323) sw      gp, 518(t5)
core   0: 3 0x8000edfe (0x203f2323) mem 0x80010000 0x00000001
core   0: 0x8000ee02 (0x0000bfe5) c.j     pc - 8
core   0: 3 0x8000ee02 (0xbfe5)
core   0: 0x8000edfa (0x00001f17) auipc   t5, 0x1
core   0: 3 0x8000edfa (0x00001f17) x30 0x8000fdfa
core   0: 0x8000edfe (0x203f2323) sw      gp, 518(t5)
core   0: 3 0x8000edfe (0x203f2323) mem 0x80010000 0x00000001
core   0: 0x8000ee02 (0x0000bfe5) c.j     pc - 8
core   0: 3 0x8000ee02 (0xbfe5)
core   0: 0x8000edfa (0x00001f17) auipc   t5, 0x1
core   0: 3 0x8000edfa (0x00001f17) x30 0x8000fdfa
core   0: 0x8000edfe (0x203f2323) sw      gp, 518(t5)
core   0: 3 0x8000edfe (0x203f2323) mem 0x80010000 0x00000001
core   0: 0x8000ee02 (0x0000bfe5) c.j     pc - 8
core   0: 3 0x8000ee02 (0xbfe5)
core   0: 0x8000edfa (0x00001f17) auipc   t5, 0x1
core   0: 3 0x8000edfa (0x00001f17) x30 0x8000fdfa
core   0: 0x8000edfe (0x203f2323) sw      gp, 518(t5)
core   0: 3 0x8000edfe (0x203f2323) mem 0x80010000 0x00000001
core   0: 0x8000ee02 (0x0000bfe5) c.j     pc - 8
core   0: 3 0x8000ee02 (0xbfe5)
core   0: 0x8000edfa (0x00001f17) auipc   t5, 0x1
core   0: 3 0x8000edfa (0x00001f17) x30 0x8000fdfa
core   0: 0x8000edfe (0x203f2323) sw      gp, 518(t5)
core   0: 3 0x8000edfe (0x203f2323) mem 0x80010000 0x00000001
core   0: 0x8000ee02 (0x0000bfe5) c.j     pc - 8
core   0: 3 0x8000ee02 (0xbfe5)
core   0: 0x8000edfa (0x00001f17) auipc   t5, 0x1
core   0: 3 0x8000edfa (0x00001f17) x30 0x8000fdfa
core   0: 0x8000edfe (0x203f2323) sw      gp, 518(t5)
core   0: 3 0x8000edfe (0x203f2323) mem 0x80010000 0x00000001
core   0: 0x8000ee02 (0x0000bfe5) c.j     pc - 8
core   0: 3 0x8000ee02 (0xbfe5)
core   0: 0x8000edfa (0x00001f17) auipc   t5, 0x1
core   0: 3 0x8000edfa (0x00001f17) x30 0x8000fdfa
core   0: 0x8000edfe (0x203f2323) sw      gp, 518(t5)
core   0: 3 0x8000edfe (0x203f2323) mem 0x80010000 0x00000001
core   0: 0x8000ee02 (0x0000bfe5) c.j     pc - 8
core   0: 3 0x8000ee02 (0xbfe5)
core   0: 0x8000edfa (0x00001f17) auipc   t5, 0x1
core   0: 3 0x8000edfa (0x00001f17) x30 0x8000fdfa
core   0: 0x8000edfe (0x203f2323) sw      gp, 518(t5)
core   0: 3 0x8000edfe (0x203f2323) mem 0x80010000 0x00000001
core   0: 0x8000ee02 (0x0000bfe5) c.j     pc - 8
core   0: 3 0x8000ee02 (0xbfe5)
core   0: 0x8000edfa (0x00001f17) auipc   t5, 0x1
core   0: 3 0x8000edfa (0x00001f17) x30 0x8000fdfa
core   0: 0x8000edfe (0x203f2323) sw      gp, 518(t5)
core   0: 3 0x8000edfe (0x203f2323) mem 0x80010000 0x00000001
core   0: 0x8000ee02 (0x0000bfe5) c.j     pc - 8
core   0: 3 0x8000ee02 (0xbfe5)
core   0: 0x8000edfa (0x00001f17) auipc   t5, 0x1
core   0: 3 0x8000edfa (0x00001f17) x30 0x8000fdfa
core   0: 0x8000edfe (0x203f2323) sw      gp, 518(t5)
core   0: 3 0x8000edfe (0x203f2323) mem 0x80010000 0x00000001
core   0: 0x8000ee02 (0x0000bfe5) c.j     pc - 8
core   0: 3 0x8000ee02 (0xbfe5)
core   0: 0x8000edfa (0x00001f17) auipc   t5, 0x1
core   0: 3 0x8000edfa (0x00001f17) x30 0x8000fdfa
core   0: 0x8000edfe (0x203f2323) sw      gp, 518(t5)
core   0: 3 0x8000edfe (0x203f2323) mem 0x80010000 0x00000001
core   0: 0x8000ee02 (0x0000bfe5) c.j     pc - 8
core   0: 3 0x8000ee02 (0xbfe5)
core   0: 0x8000edfa (0x00001f17) auipc   t5, 0x1
core   0: 3 0x8000edfa (0x00001f17) x30 0x8000fdfa
core   0: 0x8000edfe (0x203f2323) sw      gp, 518(t5)
core   0: 3 0x8000edfe (0x203f2323) mem 0x80010000 0x00000001
core   0: 0x8000ee02 (0x0000bfe5) c.j     pc - 8
core   0: 3 0x8000ee02 (0xbfe5)
core   0: 0x8000edfa (0x00001f17) auipc   t5, 0x1
core   0: 3 0x8000edfa (0x00001f17) x30 0x8000fdfa
core   0: 0x8000edfe (0x203f2323) sw      gp, 518(t5)
core   0: 3 0x8000edfe (0x203f2323) mem 0x80010000 0x00000001
core   0: 0x8000ee02 (0x0000bfe5) c.j     pc - 8
core   0: 3 0x8000ee02 (0xbfe5)
core   0: 0x8000edfa (0x00001f17) auipc   t5, 0x1
core   0: 3 0x8000edfa (0x00001f17) x30 0x8000fdfa
core   0: 0x8000edfe (0x203f2323) sw      gp, 518(t5)
core   0: 3 0x8000edfe (0x203f2323) mem 0x80010000 0x00000001
core   0: 0x8000ee02 (0x0000bfe5) c.j     pc - 8
core   0: 3 0x8000ee02 (0xbfe5)
core   0: 0x8000edfa (0x00001f17) auipc   t5, 0x1
core   0: 3 0x8000edfa (0x00001f17) x30 0x8000fdfa
core   0: 0x8000edfe (0x203f2323) sw      gp, 518(t5)
core   0: 3 0x8000edfe (0x203f2323) mem 0x80010000 0x00000001
core   0: 0x8000ee02 (0x0000bfe5) c.j     pc - 8
core   0: 3 0x8000ee02 (0xbfe5)
core   0: 0x8000edfa (0x00001f17) auipc   t5, 0x1
core   0: 3 0x8000edfa (0x00001f17) x30 0x8000fdfa
core   0: 0x8000edfe (0x203f2323) sw      gp, 518(t5)
core   0: 3 0x8000edfe (0x203f2323) mem 0x80010000 0x00000001
core   0: 0x8000ee02 (0x0000bfe5) c.j     pc - 8
core   0: 3 0x8000ee02 (0xbfe5)
core   0: 0x8000edfa (0x00001f17) auipc   t5, 0x1
core   0: 3 0x8000edfa (0x00001f17) x30 0x8000fdfa
core   0: 0x8000edfe (0x203f2323) sw      gp, 518(t5)
core   0: 3 0x8000edfe (0x203f2323) mem 0x80010000 0x00000001
core   0: 0x8000ee02 (0x0000bfe5) c.j     pc - 8
core   0: 3 0x8000ee02 (0xbfe5)
core   0: 0x8000edfa (0x00001f17) auipc   t5, 0x1
core   0: 3 0x8000edfa (0x00001f17) x30 0x8000fdfa
core   0: 0x8000edfe (0x203f2323) sw      gp, 518(t5)
core   0: 3 0x8000edfe (0x203f2323) mem 0x80010000 0x00000001
core   0: 0x8000ee02 (0x0000bfe5) c.j     pc - 8
core   0: 3 0x8000ee02 (0xbfe5)
core   0: 0x8000edfa (0x00001f17) auipc   t5, 0x1
core   0: 3 0x8000edfa (0x00001f17) x30 0x8000fdfa
core   0: 0x8000edfe (0x203f2323) sw      gp, 518(t5)
core   0: 3 0x8000edfe (0x203f2323) mem 0x80010000 0x00000001
core   0: 0x8000ee02 (0x0000bfe5) c.j     pc - 8
core   0: 3 0x8000ee02 (0xbfe5)
core   0: 0x8000edfa (0x00001f17) auipc   t5, 0x1
core   0: 3 0x8000edfa (0x00001f17) x30 0x8000fdfa
core   0: 0x8000edfe (0x203f2323) sw      gp, 518(t5)
core   0: 3 0x8000edfe (0x203f2323) mem 0x80010000 0x00000001
core   0: 0x8000ee02 (0x0000bfe5) c.j     pc - 8
core   0: 3 0x8000ee02 (0xbfe5)
core   0: 0x8000edfa (0x00001f17) auipc   t5, 0x1
core   0: 3 0x8000edfa (0x00001f17) x30 0x8000fdfa
core   0: 0x8000edfe (0x203f2323) sw      gp, 518(t5)
core   0: 3 0x8000edfe (0x203f2323) mem 0x80010000 0x00000001
core   0: 0x8000ee02 (0x0000bfe5) c.j     pc - 8
core   0: 3 0x8000ee02 (0xbfe5)
core   0: 0x8000edfa (0x00001f17) auipc   t5, 0x1
core   0: 3 0x8000edfa (0x00001f17) x30 0x8000fdfa
core   0: 0x8000edfe (0x203f2323) sw      gp, 518(t5)
core   0: 3 0x8000edfe (0x203f2323) mem 0x80010000 0x00000001
core   0: 0x8000ee02 (0x0000bfe5) c.j     pc - 8
core   0: 3 0x8000ee02 (0xbfe5)
core   0: 0x8000edfa (0x00001f17) auipc   t5, 0x1
core   0: 3 0x8000edfa (0x00001f17) x30 0x8000fdfa
core   0: 0x8000edfe (0x203f2323) sw      gp, 518(t5)
core   0: 3 0x8000edfe (0x203f2323) mem 0x80010000 0x00000001
core   0: 0x8000ee02 (0x0000bfe5) c.j     pc - 8
core   0: 3 0x8000ee02 (0xbfe5)
core   0: 0x8000edfa (0x00001f17) auipc   t5, 0x1
core   0: 3 0x8000edfa (0x00001f17) x30 0x8000fdfa
core   0: 0x8000edfe (0x203f2323) sw      gp, 518(t5)
core   0: 3 0x8000edfe (0x203f2323) mem 0x80010000 0x00000001
core   0: 0x8000ee02 (0x0000bfe5) c.j     pc - 8
core   0: 3 0x8000ee02 (0xbfe5)
core   0: 0x8000edfa (0x00001f17) auipc   t5, 0x1
core   0: 3 0x8000edfa (0x00001f17) x30 0x8000fdfa
core   0: 0x8000edfe (0x203f2323) sw      gp, 518(t5)
core   0: 3 0x8000edfe (0x203f2323) mem 0x80010000 0x00000001
core   0: 0x8000ee02 (0x0000bfe5) c.j     pc - 8
core   0: 3 0x8000ee02 (0xbfe5)
core   0: 0x8000edfa (0x00001f17) auipc   t5, 0x1
core   0: 3 0x8000edfa (0x00001f17) x30 0x8000fdfa
core   0: 0x8000edfe (0x203f2323) sw      gp, 518(t5)
core   0: 3 0x8000edfe (0x203f2323) mem 0x80010000 0x00000001
core   0: 0x8000ee02 (0x0000bfe5) c.j     pc - 8
core   0: 3 0x8000ee02 (0xbfe5)
core   0: 0x8000edfa (0x00001f17) auipc   t5, 0x1
core   0: 3 0x8000edfa (0x00001f17) x30 0x8000fdfa
core   0: 0x8000edfe (0x203f2323) sw      gp, 518(t5)
core   0: 3 0x8000edfe (0x203f2323) mem 0x80010000 0x00000001
core   0: 0x8000ee02 (0x0000bfe5) c.j     pc - 8
core   0: 3 0x8000ee02 (0xbfe5)
core   0: 0x8000edfa (0x00001f17) auipc   t5, 0x1
core   0: 3 0x8000edfa (0x00001f17) x30 0x8000fdfa
core   0: 0x8000edfe (0x203f2323) sw      gp, 518(t5)
core   0: 3 0x8000edfe (0x203f2323) mem 0x80010000 0x00000001
core   0: 0x8000ee02 (0x0000bfe5) c.j     pc - 8
core   0: 3 0x8000ee02 (0xbfe5)
core   0: 0x8000edfa (0x00001f17) auipc   t5, 0x1
core   0: 3 0x8000edfa (0x00001f17) x30 0x8000fdfa
core   0: 0x8000edfe (0x203f2323) sw      gp, 518(t5)
core   0: 3 0x8000edfe (0x203f2323) mem 0x80010000 0x00000001
core   0: 0x8000ee02 (0x0000bfe5) c.j     pc - 8
core   0: 3 0x8000ee02 (0xbfe5)
core   0: 0x8000edfa (0x00001f17) auipc   t5, 0x1
core   0: 3 0x8000edfa (0x00001f17) x30 0x8000fdfa
core   0: 0x8000edfe (0x203f2323) sw      gp, 518(t5)
core   0: 3 0x8000edfe (0x203f2323) mem 0x80010000 0x00000001
core   0: 0x8000ee02 (0x0000bfe5) c.j     pc - 8
core   0: 3 0x8000ee02 (0xbfe5)
core   0: 0x8000edfa (0x00001f17) auipc   t5, 0x1
core   0: 3 0x8000edfa (0x00001f17) x30 0x8000fdfa
core   0: 0x8000edfe (0x203f2323) sw      gp, 518(t5)
core   0: 3 0x8000edfe (0x203f2323) mem 0x80010000 0x00000001
core   0: 0x8000ee02 (0x0000bfe5) c.j     pc - 8
core   0: 3 0x8000ee02 (0xbfe5)
core   0: 0x8000edfa (0x00001f17) auipc   t5, 0x1
core   0: 3 0x8000edfa (0x00001f17) x30 0x8000fdfa
core   0: 0x8000edfe (0x203f2323) sw      gp, 518(t5)
core   0: 3 0x8000edfe (0x203f2323) mem 0x80010000 0x00000001
core   0: 0x8000ee02 (0x0000bfe5) c.j     pc - 8
core   0: 3 0x8000ee02 (0xbfe5)
core   0: 0x8000edfa (0x00001f17) auipc   t5, 0x1
core   0: 3 0x8000edfa (0x00001f17) x30 0x8000fdfa
core   0: 0x8000edfe (0x203f2323) sw      gp, 518(t5)
core   0: 3 0x8000edfe (0x203f2323) mem 0x80010000 0x00000001
core   0: 0x8000ee02 (0x0000bfe5) c.j     pc - 8
core   0: 3 0x8000ee02 (0xbfe5)
core   0: 0x8000edfa (0x00001f17) auipc   t5, 0x1
core   0: 3 0x8000edfa (0x00001f17) x30 0x8000fdfa
core   0: 0x8000edfe (0x203f2323) sw      gp, 518(t5)
core   0: 3 0x8000edfe (0x203f2323) mem 0x80010000 0x00000001
core   0: 0x8000ee02 (0x0000bfe5) c.j     pc - 8
core   0: 3 0x8000ee02 (0xbfe5)
core   0: 0x8000edfa (0x00001f17) auipc   t5, 0x1
core   0: 3 0x8000edfa (0x00001f17) x30 0x8000fdfa
core   0: 0x8000edfe (0x203f2323) sw      gp, 518(t5)
core   0: 3 0x8000edfe (0x203f2323) mem 0x80010000 0x00000001
core   0: 0x8000ee02 (0x0000bfe5) c.j     pc - 8
core   0: 3 0x8000ee02 (0xbfe5)
core   0: 0x8000edfa (0x00001f17) auipc   t5, 0x1
core   0: 3 0x8000edfa (0x00001f17) x30 0x8000fdfa
core   0: 0x8000edfe (0x203f2323) sw      gp, 518(t5)
core   0: 3 0x8000edfe (0x203f2323) mem 0x80010000 0x00000001
core   0: 0x8000ee02 (0x0000bfe5) c.j     pc - 8
core   0: 3 0x8000ee02 (0xbfe5)
core   0: 0x8000edfa (0x00001f17) auipc   t5, 0x1
core   0: 3 0x8000edfa (0x00001f17) x30 0x8000fdfa
core   0: 0x8000edfe (0x203f2323) sw      gp, 518(t5)
core   0: 3 0x8000edfe (0x203f2323) mem 0x80010000 0x00000001
core   0: 0x8000ee02 (0x0000bfe5) c.j     pc - 8
core   0: 3 0x8000ee02 (0xbfe5)
core   0: 0x8000edfa (0x00001f17) auipc   t5, 0x1
core   0: 3 0x8000edfa (0x00001f17) x30 0x8000fdfa
core   0: 0x8000edfe (0x203f2323) sw      gp, 518(t5)
core   0: 3 0x8000edfe (0x203f2323) mem 0x80010000 0x00000001
core   0: 0x8000ee02 (0x0000bfe5) c.j     pc - 8
core   0: 3 0x8000ee02 (0xbfe5)
core   0: 0x8000edfa (0x00001f17) auipc   t5, 0x1
core   0: 3 0x8000edfa (0x00001f17) x30 0x8000fdfa
core   0: 0x8000edfe (0x203f2323) sw      gp, 518(t5)
core   0: 3 0x8000edfe (0x203f2323) mem 0x80010000 0x00000001
core   0: 0x8000ee02 (0x0000bfe5) c.j     pc - 8
core   0: 3 0x8000ee02 (0xbfe5)
core   0: 0x8000edfa (0x00001f17) auipc   t5, 0x1
core   0: 3 0x8000edfa (0x00001f17) x30 0x8000fdfa
core   0: 0x8000edfe (0x203f2323) sw      gp, 518(t5)
core   0: 3 0x8000edfe (0x203f2323) mem 0x80010000 0x00000001
core   0: 0x8000ee02 (0x0000bfe5) c.j     pc - 8
core   0: 3 0x8000ee02 (0xbfe5)
core   0: 0x8000edfa (0x00001f17) auipc   t5, 0x1
core   0: 3 0x8000edfa (0x00001f17) x30 0x8000fdfa
core   0: 0x8000edfe (0x203f2323) sw      gp, 518(t5)
core   0: 3 0x8000edfe (0x203f2323) mem 0x80010000 0x00000001
core   0: 0x8000ee02 (0x0000bfe5) c.j     pc - 8
core   0: 3 0x8000ee02 (0xbfe5)
core   0: 0x8000edfa (0x00001f17) auipc   t5, 0x1
core   0: 3 0x8000edfa (0x00001f17) x30 0x8000fdfa
core   0: 0x8000edfe (0x203f2323) sw      gp, 518(t5)
core   0: 3 0x8000edfe (0x203f2323) mem 0x80010000 0x00000001
core   0: 0x8000ee02 (0x0000bfe5) c.j     pc - 8
core   0: 3 0x8000ee02 (0xbfe5)
core   0: 0x8000edfa (0x00001f17) auipc   t5, 0x1
core   0: 3 0x8000edfa (0x00001f17) x30 0x8000fdfa
core   0: 0x8000edfe (0x203f2323) sw      gp, 518(t5)
core   0: 3 0x8000edfe (0x203f2323) mem 0x80010000 0x00000001
core   0: 0x8000ee02 (0x0000bfe5) c.j     pc - 8
core   0: 3 0x8000ee02 (0xbfe5)
core   0: 0x8000edfa (0x00001f17) auipc   t5, 0x1
core   0: 3 0x8000edfa (0x00001f17) x30 0x8000fdfa
core   0: 0x8000edfe (0x203f2323) sw      gp, 518(t5)
core   0: 3 0x8000edfe (0x203f2323) mem 0x80010000 0x00000001
core   0: 0x8000ee02 (0x0000bfe5) c.j     pc - 8
core   0: 3 0x8000ee02 (0xbfe5)
core   0: 0x8000edfa (0x00001f17) auipc   t5, 0x1
core   0: 3 0x8000edfa (0x00001f17) x30 0x8000fdfa
core   0: 0x8000edfe (0x203f2323) sw      gp, 518(t5)
core   0: 3 0x8000edfe (0x203f2323) mem 0x80010000 0x00000001
core   0: 0x8000ee02 (0x0000bfe5) c.j     pc - 8
core   0: 3 0x8000ee02 (0xbfe5)
core   0: 0x8000edfa (0x00001f17) auipc   t5, 0x1
core   0: 3 0x8000edfa (0x00001f17) x30 0x8000fdfa
core   0: 0x8000edfe (0x203f2323) sw      gp, 518(t5)
core   0: 3 0x8000edfe (0x203f2323) mem 0x80010000 0x00000001
core   0: 0x8000ee02 (0x0000bfe5) c.j     pc - 8
core   0: 3 0x8000ee02 (0xbfe5)
core   0: 0x8000edfa (0x00001f17) auipc   t5, 0x1
core   0: 3 0x8000edfa (0x00001f17) x30 0x8000fdfa
core   0: 0x8000edfe (0x203f2323) sw      gp, 518(t5)
core   0: 3 0x8000edfe (0x203f2323) mem 0x80010000 0x00000001
core   0: 0x8000ee02 (0x0000bfe5) c.j     pc - 8
core   0: 3 0x8000ee02 (0xbfe5)
core   0: 0x8000edfa (0x00001f17) auipc   t5, 0x1
core   0: 3 0x8000edfa (0x00001f17) x30 0x8000fdfa
core   0: 0x8000edfe (0x203f2323) sw      gp, 518(t5)
core   0: 3 0x8000edfe (0x203f2323) mem 0x80010000 0x00000001
core   0: 0x8000ee02 (0x0000bfe5) c.j     pc - 8
core   0: 3 0x8000ee02 (0xbfe5)
core   0: 0x8000edfa (0x00001f17) auipc   t5, 0x1
core   0: 3 0x8000edfa (0x00001f17) x30 0x8000fdfa
core   0: 0x8000edfe (0x203f2323) sw      gp, 518(t5)
core   0: 3 0x8000edfe (0x203f2323) mem 0x80010000 0x00000001
core   0: 0x8000ee02 (0x0000bfe5) c.j     pc - 8
core   0: 3 0x8000ee02 (0xbfe5)
core   0: 0x8000edfa (0x00001f17) auipc   t5, 0x1
core   0: 3 0x8000edfa (0x00001f17) x30 0x8000fdfa
core   0: 0x8000edfe (0x203f2323) sw      gp, 518(t5)
core   0: 3 0x8000edfe (0x203f2323) mem 0x80010000 0x00000001
core   0: 0x8000ee02 (0x0000bfe5) c.j     pc - 8
core   0: 3 0x8000ee02 (0xbfe5)
core   0: 0x8000edfa (0x00001f17) auipc   t5, 0x1
core   0: 3 0x8000edfa (0x00001f17) x30 0x8000fdfa
core   0: 0x8000edfe (0x203f2323) sw      gp, 518(t5)
core   0: 3 0x8000edfe (0x203f2323) mem 0x80010000 0x00000001
core   0: 0x8000ee02 (0x0000bfe5) c.j     pc - 8
core   0: 3 0x8000ee02 (0xbfe5)
core   0: 0x8000edfa (0x00001f17) auipc   t5, 0x1
core   0: 3 0x8000edfa (0x00001f17) x30 0x8000fdfa
core   0: 0x8000edfe (0x203f2323) sw      gp, 518(t5)
core   0: 3 0x8000edfe (0x203f2323) mem 0x80010000 0x00000001
core   0: 0x8000ee02 (0x0000bfe5) c.j     pc - 8
core   0: 3 0x8000ee02 (0xbfe5)
core   0: 0x8000edfa (0x00001f17) auipc   t5, 0x1
core   0: 3 0x8000edfa (0x00001f17) x30 0x8000fdfa
core   0: 0x8000edfe (0x203f2323) sw      gp, 518(t5)
core   0: 3 0x8000edfe (0x203f2323) mem 0x80010000 0x00000001
core   0: 0x8000ee02 (0x0000bfe5) c.j     pc - 8
core   0: 3 0x8000ee02 (0xbfe5)
core   0: 0x8000edfa (0x00001f17) auipc   t5, 0x1
core   0: 3 0x8000edfa (0x00001f17) x30 0x8000fdfa
core   0: 0x8000edfe (0x203f2323) sw      gp, 518(t5)
core   0: 3 0x8000edfe (0x203f2323) mem 0x80010000 0x00000001
core   0: 0x8000ee02 (0x0000bfe5) c.j     pc - 8
core   0: 3 0x8000ee02 (0xbfe5)
core   0: 0x8000edfa (0x00001f17) auipc   t5, 0x1
core   0: 3 0x8000edfa (0x00001f17) x30 0x8000fdfa
core   0: 0x8000edfe (0x203f2323) sw      gp, 518(t5)
core   0: 3 0x8000edfe (0x203f2323) mem 0x80010000 0x00000001
core   0: 0x8000ee02 (0x0000bfe5) c.j     pc - 8
core   0: 3 0x8000ee02 (0xbfe5)
core   0: 0x8000edfa (0x00001f17) auipc   t5, 0x1
core   0: 3 0x8000edfa (0x00001f17) x30 0x8000fdfa
core   0: 0x8000edfe (0x203f2323) sw      gp, 518(t5)
core   0: 3 0x8000edfe (0x203f2323) mem 0x80010000 0x00000001
core   0: 0x8000ee02 (0x0000bfe5) c.j     pc - 8
core   0: 3 0x8000ee02 (0xbfe5)
core   0: 0x8000edfa (0x00001f17) auipc   t5, 0x1
core   0: 3 0x8000edfa (0x00001f17) x30 0x8000fdfa
core   0: 0x8000edfe (0x203f2323) sw      gp, 518(t5)
core   0: 3 0x8000edfe (0x203f2323) mem 0x80010000 0x00000001
core   0: 0x8000ee02 (0x0000bfe5) c.j     pc - 8
core   0: 3 0x8000ee02 (0xbfe5)
core   0: 0x8000edfa (0x00001f17) auipc   t5, 0x1
core   0: 3 0x8000edfa (0x00001f17) x30 0x8000fdfa
core   0: 0x8000edfe (0x203f2323) sw      gp, 518(t5)
core   0: 3 0x8000edfe (0x203f2323) mem 0x80010000 0x00000001
core   0: 0x8000ee02 (0x0000bfe5) c.j     pc - 8
core   0: 3 0x8000ee02 (0xbfe5)
core   0: 0x8000edfa (0x00001f17) auipc   t5, 0x1
core   0: 3 0x8000edfa (0x00001f17) x30 0x8000fdfa
core   0: 0x8000edfe (0x203f2323) sw      gp, 518(t5)
core   0: 3 0x8000edfe (0x203f2323) mem 0x80010000 0x00000001
core   0: 0x8000ee02 (0x0000bfe5) c.j     pc - 8
core   0: 3 0x8000ee02 (0xbfe5)
core   0: 0x8000edfa (0x00001f17) auipc   t5, 0x1
core   0: 3 0x8000edfa (0x00001f17) x30 0x8000fdfa
core   0: 0x8000edfe (0x203f2323) sw      gp, 518(t5)
core   0: 3 0x8000edfe (0x203f2323) mem 0x80010000 0x00000001
core   0: 0x8000ee02 (0x0000bfe5) c.j     pc - 8
core   0: 3 0x8000ee02 (0xbfe5)
core   0: 0x8000edfa (0x00001f17) auipc   t5, 0x1
core   0: 3 0x8000edfa (0x00001f17) x30 0x8000fdfa
core   0: 0x8000edfe (0x203f2323) sw      gp, 518(t5)
core   0: 3 0x8000edfe (0x203f2323) mem 0x80010000 0x00000001
core   0: 0x8000ee02 (0x0000bfe5) c.j     pc - 8
core   0: 3 0x8000ee02 (0xbfe5)
core   0: 0x8000edfa (0x00001f17) auipc   t5, 0x1
core   0: 3 0x8000edfa (0x00001f17) x30 0x8000fdfa
core   0: 0x8000edfe (0x203f2323) sw      gp, 518(t5)
core   0: 3 0x8000edfe (0x203f2323) mem 0x80010000 0x00000001
core   0: 0x8000ee02 (0x0000bfe5) c.j     pc - 8
core   0: 3 0x8000ee02 (0xbfe5)
core   0: 0x8000edfa (0x00001f17) auipc   t5, 0x1
core   0: 3 0x8000edfa (0x00001f17) x30 0x8000fdfa
core   0: 0x8000edfe (0x203f2323) sw      gp, 518(t5)
core   0: 3 0x8000edfe (0x203f2323) mem 0x80010000 0x00000001
core   0: 0x8000ee02 (0x0000bfe5) c.j     pc - 8
core   0: 3 0x8000ee02 (0xbfe5)
core   0: 0x8000edfa (0x00001f17) auipc   t5, 0x1
core   0: 3 0x8000edfa (0x00001f17) x30 0x8000fdfa
core   0: 0x8000edfe (0x203f2323) sw      gp, 518(t5)
core   0: 3 0x8000edfe (0x203f2323) mem 0x80010000 0x00000001
core   0: 0x8000ee02 (0x0000bfe5) c.j     pc - 8
core   0: 3 0x8000ee02 (0xbfe5)
core   0: 0x8000edfa (0x00001f17) auipc   t5, 0x1
core   0: 3 0x8000edfa (0x00001f17) x30 0x8000fdfa
core   0: 0x8000edfe (0x203f2323) sw      gp, 518(t5)
core   0: 3 0x8000edfe (0x203f2323) mem 0x80010000 0x00000001
core   0: 0x8000ee02 (0x0000bfe5) c.j     pc - 8
core   0: 3 0x8000ee02 (0xbfe5)
core   0: 0x8000edfa (0x00001f17) auipc   t5, 0x1
core   0: 3 0x8000edfa (0x00001f17) x30 0x8000fdfa
core   0: 0x8000edfe (0x203f2323) sw      gp, 518(t5)
core   0: 3 0x8000edfe (0x203f2323) mem 0x80010000 0x00000001
core   0: 0x8000ee02 (0x0000bfe5) c.j     pc - 8
core   0: 3 0x8000ee02 (0xbfe5)
core   0: 0x8000edfa (0x00001f17) auipc   t5, 0x1
core   0: 3 0x8000edfa (0x00001f17) x30 0x8000fdfa
core   0: 0x8000edfe (0x203f2323) sw      gp, 518(t5)
core   0: 3 0x8000edfe (0x203f2323) mem 0x80010000 0x00000001
core   0: 0x8000ee02 (0x0000bfe5) c.j     pc - 8
core   0: 3 0x8000ee02 (0xbfe5)
core   0: 0x8000edfa (0x00001f17) auipc   t5, 0x1
core   0: 3 0x8000edfa (0x00001f17) x30 0x8000fdfa
core   0: 0x8000edfe (0x203f2323) sw      gp, 518(t5)
core   0: 3 0x8000edfe (0x203f2323) mem 0x80010000 0x00000001
core   0: 0x8000ee02 (0x0000bfe5) c.j     pc - 8
core   0: 3 0x8000ee02 (0xbfe5)
core   0: 0x8000edfa (0x00001f17) auipc   t5, 0x1
core   0: 3 0x8000edfa (0x00001f17) x30 0x8000fdfa
core   0: 0x8000edfe (0x203f2323) sw      gp, 518(t5)
core   0: 3 0x8000edfe (0x203f2323) mem 0x80010000 0x00000001
core   0: 0x8000ee02 (0x0000bfe5) c.j     pc - 8
core   0: 3 0x8000ee02 (0xbfe5)
core   0: 0x8000edfa (0x00001f17) auipc   t5, 0x1
core   0: 3 0x8000edfa (0x00001f17) x30 0x8000fdfa
core   0: 0x8000edfe (0x203f2323) sw      gp, 518(t5)
core   0: 3 0x8000edfe (0x203f2323) mem 0x80010000 0x00000001
core   0: 0x8000ee02 (0x0000bfe5) c.j     pc - 8
core   0: 3 0x8000ee02 (0xbfe5)
core   0: 0x8000edfa (0x00001f17) auipc   t5, 0x1
core   0: 3 0x8000edfa (0x00001f17) x30 0x8000fdfa
core   0: 0x8000edfe (0x203f2323) sw      gp, 518(t5)
core   0: 3 0x8000edfe (0x203f2323) mem 0x80010000 0x00000001
core   0: 0x8000ee02 (0x0000bfe5) c.j     pc - 8
core   0: 3 0x8000ee02 (0xbfe5)
core   0: 0x8000edfa (0x00001f17) auipc   t5, 0x1
core   0: 3 0x8000edfa (0x00001f17) x30 0x8000fdfa
core   0: 0x8000edfe (0x203f2323) sw      gp, 518(t5)
core   0: 3 0x8000edfe (0x203f2323) mem 0x80010000 0x00000001
core   0: 0x8000ee02 (0x0000bfe5) c.j     pc - 8
core   0: 3 0x8000ee02 (0xbfe5)
core   0: 0x8000edfa (0x00001f17) auipc   t5, 0x1
core   0: 3 0x8000edfa (0x00001f17) x30 0x8000fdfa
core   0: 0x8000edfe (0x203f2323) sw      gp, 518(t5)
core   0: 3 0x8000edfe (0x203f2323) mem 0x80010000 0x00000001
core   0: 0x8000ee02 (0x0000bfe5) c.j     pc - 8
core   0: 3 0x8000ee02 (0xbfe5)
core   0: 0x8000edfa (0x00001f17) auipc   t5, 0x1
core   0: 3 0x8000edfa (0x00001f17) x30 0x8000fdfa
core   0: 0x8000edfe (0x203f2323) sw      gp, 518(t5)
core   0: 3 0x8000edfe (0x203f2323) mem 0x80010000 0x00000001
core   0: 0x8000ee02 (0x0000bfe5) c.j     pc - 8
core   0: 3 0x8000ee02 (0xbfe5)
core   0: 0x8000edfa (0x00001f17) auipc   t5, 0x1
core   0: 3 0x8000edfa (0x00001f17) x30 0x8000fdfa
core   0: 0x8000edfe (0x203f2323) sw      gp, 518(t5)
core   0: 3 0x8000edfe (0x203f2323) mem 0x80010000 0x00000001
core   0: 0x8000ee02 (0x0000bfe5) c.j     pc - 8
core   0: 3 0x8000ee02 (0xbfe5)
core   0: 0x8000edfa (0x00001f17) auipc   t5, 0x1
core   0: 3 0x8000edfa (0x00001f17) x30 0x8000fdfa
core   0: 0x8000edfe (0x203f2323) sw      gp, 518(t5)
core   0: 3 0x8000edfe (0x203f2323) mem 0x80010000 0x00000001
core   0: 0x8000ee02 (0x0000bfe5) c.j     pc - 8
core   0: 3 0x8000ee02 (0xbfe5)
core   0: 0x8000edfa (0x00001f17) auipc   t5, 0x1
core   0: 3 0x8000edfa (0x00001f17) x30 0x8000fdfa
core   0: 0x8000edfe (0x203f2323) sw      gp, 518(t5)
core   0: 3 0x8000edfe (0x203f2323) mem 0x80010000 0x00000001
core   0: 0x8000ee02 (0x0000bfe5) c.j     pc - 8
core   0: 3 0x8000ee02 (0xbfe5)
core   0: 0x8000edfa (0x00001f17) auipc   t5, 0x1
core   0: 3 0x8000edfa (0x00001f17) x30 0x8000fdfa
core   0: 0x8000edfe (0x203f2323) sw      gp, 518(t5)
core   0: 3 0x8000edfe (0x203f2323) mem 0x80010000 0x00000001
core   0: 0x8000ee02 (0x0000bfe5) c.j     pc - 8
core   0: 3 0x8000ee02 (0xbfe5)
core   0: 0x8000edfa (0x00001f17) auipc   t5, 0x1
core   0: 3 0x8000edfa (0x00001f17) x30 0x8000fdfa
core   0: 0x8000edfe (0x203f2323) sw      gp, 518(t5)
core   0: 3 0x8000edfe (0x203f2323) mem 0x80010000 0x00000001
core   0: 0x8000ee02 (0x0000bfe5) c.j     pc - 8
core   0: 3 0x8000ee02 (0xbfe5)
core   0: 0x8000edfa (0x00001f17) auipc   t5, 0x1
core   0: 3 0x8000edfa (0x00001f17) x30 0x8000fdfa
core   0: 0x8000edfe (0x203f2323) sw      gp, 518(t5)
core   0: 3 0x8000edfe (0x203f2323) mem 0x80010000 0x00000001
core   0: 0x8000ee02 (0x0000bfe5) c.j     pc - 8
core   0: 3 0x8000ee02 (0xbfe5)
core   0: 0x8000edfa (0x00001f17) auipc   t5, 0x1
core   0: 3 0x8000edfa (0x00001f17) x30 0x8000fdfa
core   0: 0x8000edfe (0x203f2323) sw      gp, 518(t5)
core   0: 3 0x8000edfe (0x203f2323) mem 0x80010000 0x00000001
core   0: 0x8000ee02 (0x0000bfe5) c.j     pc - 8
core   0: 3 0x8000ee02 (0xbfe5)
core   0: 0x8000edfa (0x00001f17) auipc   t5, 0x1
core   0: 3 0x8000edfa (0x00001f17) x30 0x8000fdfa
core   0: 0x8000edfe (0x203f2323) sw      gp, 518(t5)
core   0: 3 0x8000edfe (0x203f2323) mem 0x80010000 0x00000001
core   0: 0x8000ee02 (0x0000bfe5) c.j     pc - 8
core   0: 3 0x8000ee02 (0xbfe5)
core   0: 0x8000edfa (0x00001f17) auipc   t5, 0x1
core   0: 3 0x8000edfa (0x00001f17) x30 0x8000fdfa
core   0: 0x8000edfe (0x203f2323) sw      gp, 518(t5)
core   0: 3 0x8000edfe (0x203f2323) mem 0x80010000 0x00000001
core   0: 0x8000ee02 (0x0000bfe5) c.j     pc - 8
core   0: 3 0x8000ee02 (0xbfe5)
core   0: 0x8000edfa (0x00001f17) auipc   t5, 0x1
core   0: 3 0x8000edfa (0x00001f17) x30 0x8000fdfa
core   0: 0x8000edfe (0x203f2323) sw      gp, 518(t5)
core   0: 3 0x8000edfe (0x203f2323) mem 0x80010000 0x00000001
core   0: 0x8000ee02 (0x0000bfe5) c.j     pc - 8
core   0: 3 0x8000ee02 (0xbfe5)
core   0: 0x8000edfa (0x00001f17) auipc   t5, 0x1
core   0: 3 0x8000edfa (0x00001f17) x30 0x8000fdfa
core   0: 0x8000edfe (0x203f2323) sw      gp, 518(t5)
core   0: 3 0x8000edfe (0x203f2323) mem 0x80010000 0x00000001
core   0: 0x8000ee02 (0x0000bfe5) c.j     pc - 8
core   0: 3 0x8000ee02 (0xbfe5)
core   0: 0x8000edfa (0x00001f17) auipc   t5, 0x1
core   0: 3 0x8000edfa (0x00001f17) x30 0x8000fdfa
core   0: 0x8000edfe (0x203f2323) sw      gp, 518(t5)
core   0: 3 0x8000edfe (0x203f2323) mem 0x80010000 0x00000001
core   0: 0x8000ee02 (0x0000bfe5) c.j     pc - 8
core   0: 3 0x8000ee02 (0xbfe5)
core   0: 0x8000edfa (0x00001f17) auipc   t5, 0x1
core   0: 3 0x8000edfa (0x00001f17) x30 0x8000fdfa
core   0: 0x8000edfe (0x203f2323) sw      gp, 518(t5)
core   0: 3 0x8000edfe (0x203f2323) mem 0x80010000 0x00000001
core   0: 0x8000ee02 (0x0000bfe5) c.j     pc - 8
core   0: 3 0x8000ee02 (0xbfe5)
core   0: 0x8000edfa (0x00001f17) auipc   t5, 0x1
core   0: 3 0x8000edfa (0x00001f17) x30 0x8000fdfa
core   0: 0x8000edfe (0x203f2323) sw      gp, 518(t5)
core   0: 3 0x8000edfe (0x203f2323) mem 0x80010000 0x00000001
core   0: 0x8000ee02 (0x0000bfe5) c.j     pc - 8
core   0: 3 0x8000ee02 (0xbfe5)
core   0: 0x8000edfa (0x00001f17) auipc   t5, 0x1
core   0: 3 0x8000edfa (0x00001f17) x30 0x8000fdfa
core   0: 0x8000edfe (0x203f2323) sw      gp, 518(t5)
core   0: 3 0x8000edfe (0x203f2323) mem 0x80010000 0x00000001
core   0: 0x8000ee02 (0x0000bfe5) c.j     pc - 8
core   0: 3 0x8000ee02 (0xbfe5)
core   0: 0x8000edfa (0x00001f17) auipc   t5, 0x1
core   0: 3 0x8000edfa (0x00001f17) x30 0x8000fdfa
core   0: 0x8000edfe (0x203f2323) sw      gp, 518(t5)
core   0: 3 0x8000edfe (0x203f2323) mem 0x80010000 0x00000001
core   0: 0x8000ee02 (0x0000bfe5) c.j     pc - 8
core   0: 3 0x8000ee02 (0xbfe5)
core   0: 0x8000edfa (0x00001f17) auipc   t5, 0x1
core   0: 3 0x8000edfa (0x00001f17) x30 0x8000fdfa
core   0: 0x8000edfe (0x203f2323) sw      gp, 518(t5)
core   0: 3 0x8000edfe (0x203f2323) mem 0x80010000 0x00000001
core   0: 0x8000ee02 (0x0000bfe5) c.j     pc - 8
core   0: 3 0x8000ee02 (0xbfe5)
core   0: 0x8000edfa (0x00001f17) auipc   t5, 0x1
core   0: 3 0x8000edfa (0x00001f17) x30 0x8000fdfa
core   0: 0x8000edfe (0x203f2323) sw      gp, 518(t5)
core   0: 3 0x8000edfe (0x203f2323) mem 0x80010000 0x00000001
core   0: 0x8000ee02 (0x0000bfe5) c.j     pc - 8
core   0: 3 0x8000ee02 (0xbfe5)
core   0: 0x8000edfa (0x00001f17) auipc   t5, 0x1
core   0: 3 0x8000edfa (0x00001f17) x30 0x8000fdfa
core   0: 0x8000edfe (0x203f2323) sw      gp, 518(t5)
core   0: 3 0x8000edfe (0x203f2323) mem 0x80010000 0x00000001
core   0: 0x8000ee02 (0x0000bfe5) c.j     pc - 8
core   0: 3 0x8000ee02 (0xbfe5)
core   0: 0x8000edfa (0x00001f17) auipc   t5, 0x1
core   0: 3 0x8000edfa (0x00001f17) x30 0x8000fdfa
core   0: 0x8000edfe (0x203f2323) sw      gp, 518(t5)
core   0: 3 0x8000edfe (0x203f2323) mem 0x80010000 0x00000001
core   0: 0x8000ee02 (0x0000bfe5) c.j     pc - 8
core   0: 3 0x8000ee02 (0xbfe5)
core   0: 0x8000edfa (0x00001f17) auipc   t5, 0x1
core   0: 3 0x8000edfa (0x00001f17) x30 0x8000fdfa
core   0: 0x8000edfe (0x203f2323) sw      gp, 518(t5)
core   0: 3 0x8000edfe (0x203f2323) mem 0x80010000 0x00000001
core   0: 0x8000ee02 (0x0000bfe5) c.j     pc - 8
core   0: 3 0x8000ee02 (0xbfe5)
core   0: 0x8000edfa (0x00001f17) auipc   t5, 0x1
core   0: 3 0x8000edfa (0x00001f17) x30 0x8000fdfa
core   0: 0x8000edfe (0x203f2323) sw      gp, 518(t5)
core   0: 3 0x8000edfe (0x203f2323) mem 0x80010000 0x00000001
core   0: 0x8000ee02 (0x0000bfe5) c.j     pc - 8
core   0: 3 0x8000ee02 (0xbfe5)
core   0: 0x8000edfa (0x00001f17) auipc   t5, 0x1
core   0: 3 0x8000edfa (0x00001f17) x30 0x8000fdfa
core   0: 0x8000edfe (0x203f2323) sw      gp, 518(t5)
core   0: 3 0x8000edfe (0x203f2323) mem 0x80010000 0x00000001
core   0: 0x8000ee02 (0x0000bfe5) c.j     pc - 8
core   0: 3 0x8000ee02 (0xbfe5)
core   0: 0x8000edfa (0x00001f17) auipc   t5, 0x1
core   0: 3 0x8000edfa (0x00001f17) x30 0x8000fdfa
core   0: 0x8000edfe (0x203f2323) sw      gp, 518(t5)
core   0: 3 0x8000edfe (0x203f2323) mem 0x80010000 0x00000001
core   0: 0x8000ee02 (0x0000bfe5) c.j     pc - 8
core   0: 3 0x8000ee02 (0xbfe5)
core   0: 0x8000edfa (0x00001f17) auipc   t5, 0x1
core   0: 3 0x8000edfa (0x00001f17) x30 0x8000fdfa
core   0: 0x8000edfe (0x203f2323) sw      gp, 518(t5)
core   0: 3 0x8000edfe (0x203f2323) mem 0x80010000 0x00000001
core   0: 0x8000ee02 (0x0000bfe5) c.j     pc - 8
core   0: 3 0x8000ee02 (0xbfe5)
core   0: 0x8000edfa (0x00001f17) auipc   t5, 0x1
core   0: 3 0x8000edfa (0x00001f17) x30 0x8000fdfa
core   0: 0x8000edfe (0x203f2323) sw      gp, 518(t5)
core   0: 3 0x8000edfe (0x203f2323) mem 0x80010000 0x00000001
core   0: 0x8000ee02 (0x0000bfe5) c.j     pc - 8
core   0: 3 0x8000ee02 (0xbfe5)
core   0: 0x8000edfa (0x00001f17) auipc   t5, 0x1
core   0: 3 0x8000edfa (0x00001f17) x30 0x8000fdfa
core   0: 0x8000edfe (0x203f2323) sw      gp, 518(t5)
core   0: 3 0x8000edfe (0x203f2323) mem 0x80010000 0x00000001
core   0: 0x8000ee02 (0x0000bfe5) c.j     pc - 8
core   0: 3 0x8000ee02 (0xbfe5)
core   0: 0x8000edfa (0x00001f17) auipc   t5, 0x1
core   0: 3 0x8000edfa (0x00001f17) x30 0x8000fdfa
core   0: 0x8000edfe (0x203f2323) sw      gp, 518(t5)
core   0: 3 0x8000edfe (0x203f2323) mem 0x80010000 0x00000001
core   0: 0x8000ee02 (0x0000bfe5) c.j     pc - 8
core   0: 3 0x8000ee02 (0xbfe5)
core   0: 0x8000edfa (0x00001f17) auipc   t5, 0x1
core   0: 3 0x8000edfa (0x00001f17) x30 0x8000fdfa
core   0: 0x8000edfe (0x203f2323) sw      gp, 518(t5)
core   0: 3 0x8000edfe (0x203f2323) mem 0x80010000 0x00000001
core   0: 0x8000ee02 (0x0000bfe5) c.j     pc - 8
core   0: 3 0x8000ee02 (0xbfe5)
core   0: 0x8000edfa (0x00001f17) auipc   t5, 0x1
core   0: 3 0x8000edfa (0x00001f17) x30 0x8000fdfa
core   0: 0x8000edfe (0x203f2323) sw      gp, 518(t5)
core   0: 3 0x8000edfe (0x203f2323) mem 0x80010000 0x00000001
core   0: 0x8000ee02 (0x0000bfe5) c.j     pc - 8
core   0: 3 0x8000ee02 (0xbfe5)
core   0: 0x8000edfa (0x00001f17) auipc   t5, 0x1
core   0: 3 0x8000edfa (0x00001f17) x30 0x8000fdfa
core   0: 0x8000edfe (0x203f2323) sw      gp, 518(t5)
core   0: 3 0x8000edfe (0x203f2323) mem 0x80010000 0x00000001
core   0: 0x8000ee02 (0x0000bfe5) c.j     pc - 8
core   0: 3 0x8000ee02 (0xbfe5)
core   0: 0x8000edfa (0x00001f17) auipc   t5, 0x1
core   0: 3 0x8000edfa (0x00001f17) x30 0x8000fdfa
core   0: 0x8000edfe (0x203f2323) sw      gp, 518(t5)
core   0: 3 0x8000edfe (0x203f2323) mem 0x80010000 0x00000001
core   0: 0x8000ee02 (0x0000bfe5) c.j     pc - 8
core   0: 3 0x8000ee02 (0xbfe5)
core   0: 0x8000edfa (0x00001f17) auipc   t5, 0x1
core   0: 3 0x8000edfa (0x00001f17) x30 0x8000fdfa
core   0: 0x8000edfe (0x203f2323) sw      gp, 518(t5)
core   0: 3 0x8000edfe (0x203f2323) mem 0x80010000 0x00000001
core   0: 0x8000ee02 (0x0000bfe5) c.j     pc - 8
core   0: 3 0x8000ee02 (0xbfe5)
core   0: 0x8000edfa (0x00001f17) auipc   t5, 0x1
core   0: 3 0x8000edfa (0x00001f17) x30 0x8000fdfa
core   0: 0x8000edfe (0x203f2323) sw      gp, 518(t5)
core   0: 3 0x8000edfe (0x203f2323) mem 0x80010000 0x00000001
core   0: 0x8000ee02 (0x0000bfe5) c.j     pc - 8
core   0: 3 0x8000ee02 (0xbfe5)
core   0: 0x8000edfa (0x00001f17) auipc   t5, 0x1
core   0: 3 0x8000edfa (0x00001f17) x30 0x8000fdfa
core   0: 0x8000edfe (0x203f2323) sw      gp, 518(t5)
core   0: 3 0x8000edfe (0x203f2323) mem 0x80010000 0x00000001
core   0: 0x8000ee02 (0x0000bfe5) c.j     pc - 8
core   0: 3 0x8000ee02 (0xbfe5)
core   0: 0x8000edfa (0x00001f17) auipc   t5, 0x1
core   0: 3 0x8000edfa (0x00001f17) x30 0x8000fdfa
core   0: 0x8000edfe (0x203f2323) sw      gp, 518(t5)
core   0: 3 0x8000edfe (0x203f2323) mem 0x80010000 0x00000001
core   0: 0x8000ee02 (0x0000bfe5) c.j     pc - 8
core   0: 3 0x8000ee02 (0xbfe5)
core   0: 0x8000edfa (0x00001f17) auipc   t5, 0x1
core   0: 3 0x8000edfa (0x00001f17) x30 0x8000fdfa
core   0: 0x8000edfe (0x203f2323) sw      gp, 518(t5)
core   0: 3 0x8000edfe (0x203f2323) mem 0x80010000 0x00000001
core   0: 0x8000ee02 (0x0000bfe5) c.j     pc - 8
core   0: 3 0x8000ee02 (0xbfe5)
core   0: 0x8000edfa (0x00001f17) auipc   t5, 0x1
core   0: 3 0x8000edfa (0x00001f17) x30 0x8000fdfa
core   0: 0x8000edfe (0x203f2323) sw      gp, 518(t5)
core   0: 3 0x8000edfe (0x203f2323) mem 0x80010000 0x00000001
core   0: 0x8000ee02 (0x0000bfe5) c.j     pc - 8
core   0: 3 0x8000ee02 (0xbfe5)
core   0: 0x8000edfa (0x00001f17) auipc   t5, 0x1
core   0: 3 0x8000edfa (0x00001f17) x30 0x8000fdfa
core   0: 0x8000edfe (0x203f2323) sw      gp, 518(t5)
core   0: 3 0x8000edfe (0x203f2323) mem 0x80010000 0x00000001
core   0: 0x8000ee02 (0x0000bfe5) c.j     pc - 8
core   0: 3 0x8000ee02 (0xbfe5)
core   0: 0x8000edfa (0x00001f17) auipc   t5, 0x1
core   0: 3 0x8000edfa (0x00001f17) x30 0x8000fdfa
core   0: 0x8000edfe (0x203f2323) sw      gp, 518(t5)
core   0: 3 0x8000edfe (0x203f2323) mem 0x80010000 0x00000001
core   0: 0x8000ee02 (0x0000bfe5) c.j     pc - 8
core   0: 3 0x8000ee02 (0xbfe5)
core   0: 0x8000edfa (0x00001f17) auipc   t5, 0x1
core   0: 3 0x8000edfa (0x00001f17) x30 0x8000fdfa
core   0: 0x8000edfe (0x203f2323) sw      gp, 518(t5)
core   0: 3 0x8000edfe (0x203f2323) mem 0x80010000 0x00000001
core   0: 0x8000ee02 (0x0000bfe5) c.j     pc - 8
core   0: 3 0x8000ee02 (0xbfe5)
core   0: 0x8000edfa (0x00001f17) auipc   t5, 0x1
core   0: 3 0x8000edfa (0x00001f17) x30 0x8000fdfa
core   0: 0x8000edfe (0x203f2323) sw      gp, 518(t5)
core   0: 3 0x8000edfe (0x203f2323) mem 0x80010000 0x00000001
core   0: 0x8000ee02 (0x0000bfe5) c.j     pc - 8
core   0: 3 0x8000ee02 (0xbfe5)
core   0: 0x8000edfa (0x00001f17) auipc   t5, 0x1
core   0: 3 0x8000edfa (0x00001f17) x30 0x8000fdfa
core   0: 0x8000edfe (0x203f2323) sw      gp, 518(t5)
core   0: 3 0x8000edfe (0x203f2323) mem 0x80010000 0x00000001
core   0: 0x8000ee02 (0x0000bfe5) c.j     pc - 8
core   0: 3 0x8000ee02 (0xbfe5)
core   0: 0x8000edfa (0x00001f17) auipc   t5, 0x1
core   0: 3 0x8000edfa (0x00001f17) x30 0x8000fdfa
core   0: 0x8000edfe (0x203f2323) sw      gp, 518(t5)
core   0: 3 0x8000edfe (0x203f2323) mem 0x80010000 0x00000001
core   0: 0x8000ee02 (0x0000bfe5) c.j     pc - 8
core   0: 3 0x8000ee02 (0xbfe5)
core   0: 0x8000edfa (0x00001f17) auipc   t5, 0x1
core   0: 3 0x8000edfa (0x00001f17) x30 0x8000fdfa
core   0: 0x8000edfe (0x203f2323) sw      gp, 518(t5)
core   0: 3 0x8000edfe (0x203f2323) mem 0x80010000 0x00000001
core   0: 0x8000ee02 (0x0000bfe5) c.j     pc - 8
core   0: 3 0x8000ee02 (0xbfe5)
core   0: 0x8000edfa (0x00001f17) auipc   t5, 0x1
core   0: 3 0x8000edfa (0x00001f17) x30 0x8000fdfa
core   0: 0x8000edfe (0x203f2323) sw      gp, 518(t5)
core   0: 3 0x8000edfe (0x203f2323) mem 0x80010000 0x00000001
core   0: 0x8000ee02 (0x0000bfe5) c.j     pc - 8
core   0: 3 0x8000ee02 (0xbfe5)
core   0: 0x8000edfa (0x00001f17) auipc   t5, 0x1
core   0: 3 0x8000edfa (0x00001f17) x30 0x8000fdfa
core   0: 0x8000edfe (0x203f2323) sw      gp, 518(t5)
core   0: 3 0x8000edfe (0x203f2323) mem 0x80010000 0x00000001
core   0: 0x8000ee02 (0x0000bfe5) c.j     pc - 8
core   0: 3 0x8000ee02 (0xbfe5)
core   0: 0x8000edfa (0x00001f17) auipc   t5, 0x1
core   0: 3 0x8000edfa (0x00001f17) x30 0x8000fdfa
core   0: 0x8000edfe (0x203f2323) sw      gp, 518(t5)
core   0: 3 0x8000edfe (0x203f2323) mem 0x80010000 0x00000001
core   0: 0x8000ee02 (0x0000bfe5) c.j     pc - 8
core   0: 3 0x8000ee02 (0xbfe5)
core   0: 0x8000edfa (0x00001f17) auipc   t5, 0x1
core   0: 3 0x8000edfa (0x00001f17) x30 0x8000fdfa
core   0: 0x8000edfe (0x203f2323) sw      gp, 518(t5)
core   0: 3 0x8000edfe (0x203f2323) mem 0x80010000 0x00000001
core   0: 0x8000ee02 (0x0000bfe5) c.j     pc - 8
core   0: 3 0x8000ee02 (0xbfe5)
core   0: 0x8000edfa (0x00001f17) auipc   t5, 0x1
core   0: 3 0x8000edfa (0x00001f17) x30 0x8000fdfa
core   0: 0x8000edfe (0x203f2323) sw      gp, 518(t5)
core   0: 3 0x8000edfe (0x203f2323) mem 0x80010000 0x00000001
core   0: 0x8000ee02 (0x0000bfe5) c.j     pc - 8
core   0: 3 0x8000ee02 (0xbfe5)
core   0: 0x8000edfa (0x00001f17) auipc   t5, 0x1
core   0: 3 0x8000edfa (0x00001f17) x30 0x8000fdfa
core   0: 0x8000edfe (0x203f2323) sw      gp, 518(t5)
core   0: 3 0x8000edfe (0x203f2323) mem 0x80010000 0x00000001
core   0: 0x8000ee02 (0x0000bfe5) c.j     pc - 8
core   0: 3 0x8000ee02 (0xbfe5)
core   0: 0x8000edfa (0x00001f17) auipc   t5, 0x1
core   0: 3 0x8000edfa (0x00001f17) x30 0x8000fdfa
core   0: 0x8000edfe (0x203f2323) sw      gp, 518(t5)
core   0: 3 0x8000edfe (0x203f2323) mem 0x80010000 0x00000001
core   0: 0x8000ee02 (0x0000bfe5) c.j     pc - 8
core   0: 3 0x8000ee02 (0xbfe5)
core   0: 0x8000edfa (0x00001f17) auipc   t5, 0x1
core   0: 3 0x8000edfa (0x00001f17) x30 0x8000fdfa
core   0: 0x8000edfe (0x203f2323) sw      gp, 518(t5)
core   0: 3 0x8000edfe (0x203f2323) mem 0x80010000 0x00000001
core   0: 0x8000ee02 (0x0000bfe5) c.j     pc - 8
core   0: 3 0x8000ee02 (0xbfe5)
core   0: 0x8000edfa (0x00001f17) auipc   t5, 0x1
core   0: 3 0x8000edfa (0x00001f17) x30 0x8000fdfa
core   0: 0x8000edfe (0x203f2323) sw      gp, 518(t5)
core   0: 3 0x8000edfe (0x203f2323) mem 0x80010000 0x00000001
core   0: 0x8000ee02 (0x0000bfe5) c.j     pc - 8
core   0: 3 0x8000ee02 (0xbfe5)
core   0: 0x8000edfa (0x00001f17) auipc   t5, 0x1
core   0: 3 0x8000edfa (0x00001f17) x30 0x8000fdfa
core   0: 0x8000edfe (0x203f2323) sw      gp, 518(t5)
core   0: 3 0x8000edfe (0x203f2323) mem 0x80010000 0x00000001
core   0: 0x8000ee02 (0x0000bfe5) c.j     pc - 8
core   0: 3 0x8000ee02 (0xbfe5)
core   0: 0x8000edfa (0x00001f17) auipc   t5, 0x1
core   0: 3 0x8000edfa (0x00001f17) x30 0x8000fdfa
core   0: 0x8000edfe (0x203f2323) sw      gp, 518(t5)
core   0: 3 0x8000edfe (0x203f2323) mem 0x80010000 0x00000001
core   0: 0x8000ee02 (0x0000bfe5) c.j     pc - 8
core   0: 3 0x8000ee02 (0xbfe5)
core   0: 0x8000edfa (0x00001f17) auipc   t5, 0x1
core   0: 3 0x8000edfa (0x00001f17) x30 0x8000fdfa
core   0: 0x8000edfe (0x203f2323) sw      gp, 518(t5)
core   0: 3 0x8000edfe (0x203f2323) mem 0x80010000 0x00000001
core   0: 0x8000ee02 (0x0000bfe5) c.j     pc - 8
core   0: 3 0x8000ee02 (0xbfe5)
core   0: 0x8000edfa (0x00001f17) auipc   t5, 0x1
core   0: 3 0x8000edfa (0x00001f17) x30 0x8000fdfa
core   0: 0x8000edfe (0x203f2323) sw      gp, 518(t5)
core   0: 3 0x8000edfe (0x203f2323) mem 0x80010000 0x00000001
core   0: 0x8000ee02 (0x0000bfe5) c.j     pc - 8
core   0: 3 0x8000ee02 (0xbfe5)
core   0: 0x8000edfa (0x00001f17) auipc   t5, 0x1
core   0: 3 0x8000edfa (0x00001f17) x30 0x8000fdfa
core   0: 0x8000edfe (0x203f2323) sw      gp, 518(t5)
core   0: 3 0x8000edfe (0x203f2323) mem 0x80010000 0x00000001
core   0: 0x8000ee02 (0x0000bfe5) c.j     pc - 8
core   0: 3 0x8000ee02 (0xbfe5)
core   0: 0x8000edfa (0x00001f17) auipc   t5, 0x1
core   0: 3 0x8000edfa (0x00001f17) x30 0x8000fdfa
core   0: 0x8000edfe (0x203f2323) sw      gp, 518(t5)
core   0: 3 0x8000edfe (0x203f2323) mem 0x80010000 0x00000001
core   0: 0x8000ee02 (0x0000bfe5) c.j     pc - 8
core   0: 3 0x8000ee02 (0xbfe5)
core   0: 0x8000edfa (0x00001f17) auipc   t5, 0x1
core   0: 3 0x8000edfa (0x00001f17) x30 0x8000fdfa
core   0: 0x8000edfe (0x203f2323) sw      gp, 518(t5)
core   0: 3 0x8000edfe (0x203f2323) mem 0x80010000 0x00000001
core   0: 0x8000ee02 (0x0000bfe5) c.j     pc - 8
core   0: 3 0x8000ee02 (0xbfe5)
core   0: 0x8000edfa (0x00001f17) auipc   t5, 0x1
core   0: 3 0x8000edfa (0x00001f17) x30 0x8000fdfa
core   0: 0x8000edfe (0x203f2323) sw      gp, 518(t5)
core   0: 3 0x8000edfe (0x203f2323) mem 0x80010000 0x00000001
core   0: 0x8000ee02 (0x0000bfe5) c.j     pc - 8
core   0: 3 0x8000ee02 (0xbfe5)
core   0: 0x8000edfa (0x00001f17) auipc   t5, 0x1
core   0: 3 0x8000edfa (0x00001f17) x30 0x8000fdfa
core   0: 0x8000edfe (0x203f2323) sw      gp, 518(t5)
core   0: 3 0x8000edfe (0x203f2323) mem 0x80010000 0x00000001
core   0: 0x8000ee02 (0x0000bfe5) c.j     pc - 8
core   0: 3 0x8000ee02 (0xbfe5)
core   0: 0x8000edfa (0x00001f17) auipc   t5, 0x1
core   0: 3 0x8000edfa (0x00001f17) x30 0x8000fdfa
core   0: 0x8000edfe (0x203f2323) sw      gp, 518(t5)
core   0: 3 0x8000edfe (0x203f2323) mem 0x80010000 0x00000001
core   0: 0x8000ee02 (0x0000bfe5) c.j     pc - 8
core   0: 3 0x8000ee02 (0xbfe5)
core   0: 0x8000edfa (0x00001f17) auipc   t5, 0x1
core   0: 3 0x8000edfa (0x00001f17) x30 0x8000fdfa
core   0: 0x8000edfe (0x203f2323) sw      gp, 518(t5)
core   0: 3 0x8000edfe (0x203f2323) mem 0x80010000 0x00000001
core   0: 0x8000ee02 (0x0000bfe5) c.j     pc - 8
core   0: 3 0x8000ee02 (0xbfe5)
core   0: 0x8000edfa (0x00001f17) auipc   t5, 0x1
core   0: 3 0x8000edfa (0x00001f17) x30 0x8000fdfa
core   0: 0x8000edfe (0x203f2323) sw      gp, 518(t5)
core   0: 3 0x8000edfe (0x203f2323) mem 0x80010000 0x00000001
core   0: 0x8000ee02 (0x0000bfe5) c.j     pc - 8
core   0: 3 0x8000ee02 (0xbfe5)
core   0: 0x8000edfa (0x00001f17) auipc   t5, 0x1
core   0: 3 0x8000edfa (0x00001f17) x30 0x8000fdfa
core   0: 0x8000edfe (0x203f2323) sw      gp, 518(t5)
core   0: 3 0x8000edfe (0x203f2323) mem 0x80010000 0x00000001
core   0: 0x8000ee02 (0x0000bfe5) c.j     pc - 8
core   0: 3 0x8000ee02 (0xbfe5)
core   0: 0x8000edfa (0x00001f17) auipc   t5, 0x1
core   0: 3 0x8000edfa (0x00001f17) x30 0x8000fdfa
core   0: 0x8000edfe (0x203f2323) sw      gp, 518(t5)
core   0: 3 0x8000edfe (0x203f2323) mem 0x80010000 0x00000001
core   0: 0x8000ee02 (0x0000bfe5) c.j     pc - 8
core   0: 3 0x8000ee02 (0xbfe5)
core   0: 0x8000edfa (0x00001f17) auipc   t5, 0x1
core   0: 3 0x8000edfa (0x00001f17) x30 0x8000fdfa
core   0: 0x8000edfe (0x203f2323) sw      gp, 518(t5)
core   0: 3 0x8000edfe (0x203f2323) mem 0x80010000 0x00000001
core   0: 0x8000ee02 (0x0000bfe5) c.j     pc - 8
core   0: 3 0x8000ee02 (0xbfe5)
core   0: 0x8000edfa (0x00001f17) auipc   t5, 0x1
core   0: 3 0x8000edfa (0x00001f17) x30 0x8000fdfa
core   0: 0x8000edfe (0x203f2323) sw      gp, 518(t5)
core   0: 3 0x8000edfe (0x203f2323) mem 0x80010000 0x00000001
core   0: 0x8000ee02 (0x0000bfe5) c.j     pc - 8
core   0: 3 0x8000ee02 (0xbfe5)
core   0: 0x8000edfa (0x00001f17) auipc   t5, 0x1
core   0: 3 0x8000edfa (0x00001f17) x30 0x8000fdfa
core   0: 0x8000edfe (0x203f2323) sw      gp, 518(t5)
core   0: 3 0x8000edfe (0x203f2323) mem 0x80010000 0x00000001
core   0: 0x8000ee02 (0x0000bfe5) c.j     pc - 8
core   0: 3 0x8000ee02 (0xbfe5)
core   0: 0x8000edfa (0x00001f17) auipc   t5, 0x1
core   0: 3 0x8000edfa (0x00001f17) x30 0x8000fdfa
core   0: 0x8000edfe (0x203f2323) sw      gp, 518(t5)
core   0: 3 0x8000edfe (0x203f2323) mem 0x80010000 0x00000001
core   0: 0x8000ee02 (0x0000bfe5) c.j     pc - 8
core   0: 3 0x8000ee02 (0xbfe5)
core   0: 0x8000edfa (0x00001f17) auipc   t5, 0x1
core   0: 3 0x8000edfa (0x00001f17) x30 0x8000fdfa
core   0: 0x8000edfe (0x203f2323) sw      gp, 518(t5)
core   0: 3 0x8000edfe (0x203f2323) mem 0x80010000 0x00000001
core   0: 0x8000ee02 (0x0000bfe5) c.j     pc - 8
core   0: 3 0x8000ee02 (0xbfe5)
core   0: 0x8000edfa (0x00001f17) auipc   t5, 0x1
core   0: 3 0x8000edfa (0x00001f17) x30 0x8000fdfa
core   0: 0x8000edfe (0x203f2323) sw      gp, 518(t5)
core   0: 3 0x8000edfe (0x203f2323) mem 0x80010000 0x00000001
core   0: 0x8000ee02 (0x0000bfe5) c.j     pc - 8
core   0: 3 0x8000ee02 (0xbfe5)
core   0: 0x8000edfa (0x00001f17) auipc   t5, 0x1
core   0: 3 0x8000edfa (0x00001f17) x30 0x8000fdfa
core   0: 0x8000edfe (0x203f2323) sw      gp, 518(t5)
core   0: 3 0x8000edfe (0x203f2323) mem 0x80010000 0x00000001
core   0: 0x8000ee02 (0x0000bfe5) c.j     pc - 8
core   0: 3 0x8000ee02 (0xbfe5)
core   0: 0x8000edfa (0x00001f17) auipc   t5, 0x1
core   0: 3 0x8000edfa (0x00001f17) x30 0x8000fdfa
core   0: 0x8000edfe (0x203f2323) sw      gp, 518(t5)
core   0: 3 0x8000edfe (0x203f2323) mem 0x80010000 0x00000001
core   0: 0x8000ee02 (0x0000bfe5) c.j     pc - 8
core   0: 3 0x8000ee02 (0xbfe5)
core   0: 0x8000edfa (0x00001f17) auipc   t5, 0x1
core   0: 3 0x8000edfa (0x00001f17) x30 0x8000fdfa
core   0: 0x8000edfe (0x203f2323) sw      gp, 518(t5)
core   0: 3 0x8000edfe (0x203f2323) mem 0x80010000 0x00000001
core   0: 0x8000ee02 (0x0000bfe5) c.j     pc - 8
core   0: 3 0x8000ee02 (0xbfe5)
core   0: 0x8000edfa (0x00001f17) auipc   t5, 0x1
core   0: 3 0x8000edfa (0x00001f17) x30 0x8000fdfa
core   0: 0x8000edfe (0x203f2323) sw      gp, 518(t5)
core   0: 3 0x8000edfe (0x203f2323) mem 0x80010000 0x00000001
core   0: 0x8000ee02 (0x0000bfe5) c.j     pc - 8
core   0: 3 0x8000ee02 (0xbfe5)
core   0: 0x8000edfa (0x00001f17) auipc   t5, 0x1
core   0: 3 0x8000edfa (0x00001f17) x30 0x8000fdfa
core   0: 0x8000edfe (0x203f2323) sw      gp, 518(t5)
core   0: 3 0x8000edfe (0x203f2323) mem 0x80010000 0x00000001
core   0: 0x8000ee02 (0x0000bfe5) c.j     pc - 8
core   0: 3 0x8000ee02 (0xbfe5)
core   0: 0x8000edfa (0x00001f17) auipc   t5, 0x1
core   0: 3 0x8000edfa (0x00001f17) x30 0x8000fdfa
core   0: 0x8000edfe (0x203f2323) sw      gp, 518(t5)
core   0: 3 0x8000edfe (0x203f2323) mem 0x80010000 0x00000001
core   0: 0x8000ee02 (0x0000bfe5) c.j     pc - 8
core   0: 3 0x8000ee02 (0xbfe5)
core   0: 0x8000edfa (0x00001f17) auipc   t5, 0x1
core   0: 3 0x8000edfa (0x00001f17) x30 0x8000fdfa
core   0: 0x8000edfe (0x203f2323) sw      gp, 518(t5)
core   0: 3 0x8000edfe (0x203f2323) mem 0x80010000 0x00000001
core   0: 0x8000ee02 (0x0000bfe5) c.j     pc - 8
core   0: 3 0x8000ee02 (0xbfe5)
core   0: 0x8000edfa (0x00001f17) auipc   t5, 0x1
core   0: 3 0x8000edfa (0x00001f17) x30 0x8000fdfa
core   0: 0x8000edfe (0x203f2323) sw      gp, 518(t5)
core   0: 3 0x8000edfe (0x203f2323) mem 0x80010000 0x00000001
core   0: 0x8000ee02 (0x0000bfe5) c.j     pc - 8
core   0: 3 0x8000ee02 (0xbfe5)
core   0: 0x8000edfa (0x00001f17) auipc   t5, 0x1
core   0: 3 0x8000edfa (0x00001f17) x30 0x8000fdfa
core   0: 0x8000edfe (0x203f2323) sw      gp, 518(t5)
core   0: 3 0x8000edfe (0x203f2323) mem 0x80010000 0x00000001
core   0: 0x8000ee02 (0x0000bfe5) c.j     pc - 8
core   0: 3 0x8000ee02 (0xbfe5)
core   0: 0x8000edfa (0x00001f17) auipc   t5, 0x1
core   0: 3 0x8000edfa (0x00001f17) x30 0x8000fdfa
core   0: 0x8000edfe (0x203f2323) sw      gp, 518(t5)
core   0: 3 0x8000edfe (0x203f2323) mem 0x80010000 0x00000001
core   0: 0x8000ee02 (0x0000bfe5) c.j     pc - 8
core   0: 3 0x8000ee02 (0xbfe5)
core   0: 0x8000edfa (0x00001f17) auipc   t5, 0x1
core   0: 3 0x8000edfa (0x00001f17) x30 0x8000fdfa
core   0: 0x8000edfe (0x203f2323) sw      gp, 518(t5)
core   0: 3 0x8000edfe (0x203f2323) mem 0x80010000 0x00000001
core   0: 0x8000ee02 (0x0000bfe5) c.j     pc - 8
core   0: 3 0x8000ee02 (0xbfe5)
core   0: 0x8000edfa (0x00001f17) auipc   t5, 0x1
core   0: 3 0x8000edfa (0x00001f17) x30 0x8000fdfa
core   0: 0x8000edfe (0x203f2323) sw      gp, 518(t5)
core   0: 3 0x8000edfe (0x203f2323) mem 0x80010000 0x00000001
core   0: 0x8000ee02 (0x0000bfe5) c.j     pc - 8
core   0: 3 0x8000ee02 (0xbfe5)
core   0: 0x8000edfa (0x00001f17) auipc   t5, 0x1
core   0: 3 0x8000edfa (0x00001f17) x30 0x8000fdfa
core   0: 0x8000edfe (0x203f2323) sw      gp, 518(t5)
core   0: 3 0x8000edfe (0x203f2323) mem 0x80010000 0x00000001
core   0: 0x8000ee02 (0x0000bfe5) c.j     pc - 8
core   0: 3 0x8000ee02 (0xbfe5)
core   0: 0x8000edfa (0x00001f17) auipc   t5, 0x1
core   0: 3 0x8000edfa (0x00001f17) x30 0x8000fdfa
core   0: 0x8000edfe (0x203f2323) sw      gp, 518(t5)
core   0: 3 0x8000edfe (0x203f2323) mem 0x80010000 0x00000001
core   0: 0x8000ee02 (0x0000bfe5) c.j     pc - 8
core   0: 3 0x8000ee02 (0xbfe5)
core   0: 0x8000edfa (0x00001f17) auipc   t5, 0x1
core   0: 3 0x8000edfa (0x00001f17) x30 0x8000fdfa
core   0: 0x8000edfe (0x203f2323) sw      gp, 518(t5)
core   0: 3 0x8000edfe (0x203f2323) mem 0x80010000 0x00000001
core   0: 0x8000ee02 (0x0000bfe5) c.j     pc - 8
core   0: 3 0x8000ee02 (0xbfe5)
core   0: 0x8000edfa (0x00001f17) auipc   t5, 0x1
core   0: 3 0x8000edfa (0x00001f17) x30 0x8000fdfa
core   0: 0x8000edfe (0x203f2323) sw      gp, 518(t5)
core   0: 3 0x8000edfe (0x203f2323) mem 0x80010000 0x00000001
core   0: 0x8000ee02 (0x0000bfe5) c.j     pc - 8
core   0: 3 0x8000ee02 (0xbfe5)
core   0: 0x8000edfa (0x00001f17) auipc   t5, 0x1
core   0: 3 0x8000edfa (0x00001f17) x30 0x8000fdfa
core   0: 0x8000edfe (0x203f2323) sw      gp, 518(t5)
core   0: 3 0x8000edfe (0x203f2323) mem 0x80010000 0x00000001
core   0: 0x8000ee02 (0x0000bfe5) c.j     pc - 8
core   0: 3 0x8000ee02 (0xbfe5)
core   0: 0x8000edfa (0x00001f17) auipc   t5, 0x1
core   0: 3 0x8000edfa (0x00001f17) x30 0x8000fdfa
core   0: 0x8000edfe (0x203f2323) sw      gp, 518(t5)
core   0: 3 0x8000edfe (0x203f2323) mem 0x80010000 0x00000001
core   0: 0x8000ee02 (0x0000bfe5) c.j     pc - 8
core   0: 3 0x8000ee02 (0xbfe5)
core   0: 0x8000edfa (0x00001f17) auipc   t5, 0x1
core   0: 3 0x8000edfa (0x00001f17) x30 0x8000fdfa
core   0: 0x8000edfe (0x203f2323) sw      gp, 518(t5)
core   0: 3 0x8000edfe (0x203f2323) mem 0x80010000 0x00000001
core   0: 0x8000ee02 (0x0000bfe5) c.j     pc - 8
core   0: 3 0x8000ee02 (0xbfe5)
core   0: 0x8000edfa (0x00001f17) auipc   t5, 0x1
core   0: 3 0x8000edfa (0x00001f17) x30 0x8000fdfa
core   0: 0x8000edfe (0x203f2323) sw      gp, 518(t5)
core   0: 3 0x8000edfe (0x203f2323) mem 0x80010000 0x00000001
core   0: 0x8000ee02 (0x0000bfe5) c.j     pc - 8
core   0: 3 0x8000ee02 (0xbfe5)
core   0: 0x8000edfa (0x00001f17) auipc   t5, 0x1
core   0: 3 0x8000edfa (0x00001f17) x30 0x8000fdfa
core   0: 0x8000edfe (0x203f2323) sw      gp, 518(t5)
core   0: 3 0x8000edfe (0x203f2323) mem 0x80010000 0x00000001
core   0: 0x8000ee02 (0x0000bfe5) c.j     pc - 8
core   0: 3 0x8000ee02 (0xbfe5)
core   0: 0x8000edfa (0x00001f17) auipc   t5, 0x1
core   0: 3 0x8000edfa (0x00001f17) x30 0x8000fdfa
core   0: 0x8000edfe (0x203f2323) sw      gp, 518(t5)
core   0: 3 0x8000edfe (0x203f2323) mem 0x80010000 0x00000001
core   0: 0x8000ee02 (0x0000bfe5) c.j     pc - 8
core   0: 3 0x8000ee02 (0xbfe5)
core   0: 0x8000edfa (0x00001f17) auipc   t5, 0x1
core   0: 3 0x8000edfa (0x00001f17) x30 0x8000fdfa
core   0: 0x8000edfe (0x203f2323) sw      gp, 518(t5)
core   0: 3 0x8000edfe (0x203f2323) mem 0x80010000 0x00000001
core   0: 0x8000ee02 (0x0000bfe5) c.j     pc - 8
core   0: 3 0x8000ee02 (0xbfe5)
core   0: 0x8000edfa (0x00001f17) auipc   t5, 0x1
core   0: 3 0x8000edfa (0x00001f17) x30 0x8000fdfa
core   0: 0x8000edfe (0x203f2323) sw      gp, 518(t5)
core   0: 3 0x8000edfe (0x203f2323) mem 0x80010000 0x00000001
core   0: 0x8000ee02 (0x0000bfe5) c.j     pc - 8
core   0: 3 0x8000ee02 (0xbfe5)
core   0: 0x8000edfa (0x00001f17) auipc   t5, 0x1
core   0: 3 0x8000edfa (0x00001f17) x30 0x8000fdfa
core   0: 0x8000edfe (0x203f2323) sw      gp, 518(t5)
core   0: 3 0x8000edfe (0x203f2323) mem 0x80010000 0x00000001
core   0: 0x8000ee02 (0x0000bfe5) c.j     pc - 8
core   0: 3 0x8000ee02 (0xbfe5)
core   0: 0x8000edfa (0x00001f17) auipc   t5, 0x1
core   0: 3 0x8000edfa (0x00001f17) x30 0x8000fdfa
core   0: 0x8000edfe (0x203f2323) sw      gp, 518(t5)
core   0: 3 0x8000edfe (0x203f2323) mem 0x80010000 0x00000001
core   0: 0x8000ee02 (0x0000bfe5) c.j     pc - 8
core   0: 3 0x8000ee02 (0xbfe5)
core   0: 0x8000edfa (0x00001f17) auipc   t5, 0x1
core   0: 3 0x8000edfa (0x00001f17) x30 0x8000fdfa
core   0: 0x8000edfe (0x203f2323) sw      gp, 518(t5)
core   0: 3 0x8000edfe (0x203f2323) mem 0x80010000 0x00000001
core   0: 0x8000ee02 (0x0000bfe5) c.j     pc - 8
core   0: 3 0x8000ee02 (0xbfe5)
core   0: 0x8000edfa (0x00001f17) auipc   t5, 0x1
core   0: 3 0x8000edfa (0x00001f17) x30 0x8000fdfa
core   0: 0x8000edfe (0x203f2323) sw      gp, 518(t5)
core   0: 3 0x8000edfe (0x203f2323) mem 0x80010000 0x00000001
core   0: 0x8000ee02 (0x0000bfe5) c.j     pc - 8
core   0: 3 0x8000ee02 (0xbfe5)
core   0: 0x8000edfa (0x00001f17) auipc   t5, 0x1
core   0: 3 0x8000edfa (0x00001f17) x30 0x8000fdfa
core   0: 0x8000edfe (0x203f2323) sw      gp, 518(t5)
core   0: 3 0x8000edfe (0x203f2323) mem 0x80010000 0x00000001
core   0: 0x8000ee02 (0x0000bfe5) c.j     pc - 8
core   0: 3 0x8000ee02 (0xbfe5)
core   0: 0x8000edfa (0x00001f17) auipc   t5, 0x1
core   0: 3 0x8000edfa (0x00001f17) x30 0x8000fdfa
core   0: 0x8000edfe (0x203f2323) sw      gp, 518(t5)
core   0: 3 0x8000edfe (0x203f2323) mem 0x80010000 0x00000001
core   0: 0x8000ee02 (0x0000bfe5) c.j     pc - 8
core   0: 3 0x8000ee02 (0xbfe5)
core   0: 0x8000edfa (0x00001f17) auipc   t5, 0x1
core   0: 3 0x8000edfa (0x00001f17) x30 0x8000fdfa
core   0: 0x8000edfe (0x203f2323) sw      gp, 518(t5)
core   0: 3 0x8000edfe (0x203f2323) mem 0x80010000 0x00000001
core   0: 0x8000ee02 (0x0000bfe5) c.j     pc - 8
core   0: 3 0x8000ee02 (0xbfe5)
core   0: 0x8000edfa (0x00001f17) auipc   t5, 0x1
core   0: 3 0x8000edfa (0x00001f17) x30 0x8000fdfa
core   0: 0x8000edfe (0x203f2323) sw      gp, 518(t5)
core   0: 3 0x8000edfe (0x203f2323) mem 0x80010000 0x00000001
core   0: 0x8000ee02 (0x0000bfe5) c.j     pc - 8
core   0: 3 0x8000ee02 (0xbfe5)
core   0: 0x8000edfa (0x00001f17) auipc   t5, 0x1
core   0: 3 0x8000edfa (0x00001f17) x30 0x8000fdfa
core   0: 0x8000edfe (0x203f2323) sw      gp, 518(t5)
core   0: 3 0x8000edfe (0x203f2323) mem 0x80010000 0x00000001
core   0: 0x8000ee02 (0x0000bfe5) c.j     pc - 8
core   0: 3 0x8000ee02 (0xbfe5)
core   0: 0x8000edfa (0x00001f17) auipc   t5, 0x1
core   0: 3 0x8000edfa (0x00001f17) x30 0x8000fdfa
core   0: 0x8000edfe (0x203f2323) sw      gp, 518(t5)
core   0: 3 0x8000edfe (0x203f2323) mem 0x80010000 0x00000001
core   0: 0x8000ee02 (0x0000bfe5) c.j     pc - 8
core   0: 3 0x8000ee02 (0xbfe5)
core   0: 0x8000edfa (0x00001f17) auipc   t5, 0x1
core   0: 3 0x8000edfa (0x00001f17) x30 0x8000fdfa
core   0: 0x8000edfe (0x203f2323) sw      gp, 518(t5)
core   0: 3 0x8000edfe (0x203f2323) mem 0x80010000 0x00000001
core   0: 0x8000ee02 (0x0000bfe5) c.j     pc - 8
core   0: 3 0x8000ee02 (0xbfe5)
core   0: 0x8000edfa (0x00001f17) auipc   t5, 0x1
core   0: 3 0x8000edfa (0x00001f17) x30 0x8000fdfa
core   0: 0x8000edfe (0x203f2323) sw      gp, 518(t5)
core   0: 3 0x8000edfe (0x203f2323) mem 0x80010000 0x00000001
core   0: 0x8000ee02 (0x0000bfe5) c.j     pc - 8
core   0: 3 0x8000ee02 (0xbfe5)
core   0: 0x8000edfa (0x00001f17) auipc   t5, 0x1
core   0: 3 0x8000edfa (0x00001f17) x30 0x8000fdfa
core   0: 0x8000edfe (0x203f2323) sw      gp, 518(t5)
core   0: 3 0x8000edfe (0x203f2323) mem 0x80010000 0x00000001
core   0: 0x8000ee02 (0x0000bfe5) c.j     pc - 8
core   0: 3 0x8000ee02 (0xbfe5)
core   0: 0x8000edfa (0x00001f17) auipc   t5, 0x1
core   0: 3 0x8000edfa (0x00001f17) x30 0x8000fdfa
core   0: 0x8000edfe (0x203f2323) sw      gp, 518(t5)
core   0: 3 0x8000edfe (0x203f2323) mem 0x80010000 0x00000001
core   0: 0x8000ee02 (0x0000bfe5) c.j     pc - 8
core   0: 3 0x8000ee02 (0xbfe5)
core   0: 0x8000edfa (0x00001f17) auipc   t5, 0x1
core   0: 3 0x8000edfa (0x00001f17) x30 0x8000fdfa
core   0: 0x8000edfe (0x203f2323) sw      gp, 518(t5)
core   0: 3 0x8000edfe (0x203f2323) mem 0x80010000 0x00000001
core   0: 0x8000ee02 (0x0000bfe5) c.j     pc - 8
core   0: 3 0x8000ee02 (0xbfe5)
core   0: 0x8000edfa (0x00001f17) auipc   t5, 0x1
core   0: 3 0x8000edfa (0x00001f17) x30 0x8000fdfa
core   0: 0x8000edfe (0x203f2323) sw      gp, 518(t5)
core   0: 3 0x8000edfe (0x203f2323) mem 0x80010000 0x00000001
core   0: 0x8000ee02 (0x0000bfe5) c.j     pc - 8
core   0: 3 0x8000ee02 (0xbfe5)
core   0: 0x8000edfa (0x00001f17) auipc   t5, 0x1
core   0: 3 0x8000edfa (0x00001f17) x30 0x8000fdfa
core   0: 0x8000edfe (0x203f2323) sw      gp, 518(t5)
core   0: 3 0x8000edfe (0x203f2323) mem 0x80010000 0x00000001
core   0: 0x8000ee02 (0x0000bfe5) c.j     pc - 8
core   0: 3 0x8000ee02 (0xbfe5)
core   0: 0x8000edfa (0x00001f17) auipc   t5, 0x1
core   0: 3 0x8000edfa (0x00001f17) x30 0x8000fdfa
core   0: 0x8000edfe (0x203f2323) sw      gp, 518(t5)
core   0: 3 0x8000edfe (0x203f2323) mem 0x80010000 0x00000001
core   0: 0x8000ee02 (0x0000bfe5) c.j     pc - 8
core   0: 3 0x8000ee02 (0xbfe5)
core   0: 0x8000edfa (0x00001f17) auipc   t5, 0x1
core   0: 3 0x8000edfa (0x00001f17) x30 0x8000fdfa
core   0: 0x8000edfe (0x203f2323) sw      gp, 518(t5)
core   0: 3 0x8000edfe (0x203f2323) mem 0x80010000 0x00000001
core   0: 0x8000ee02 (0x0000bfe5) c.j     pc - 8
core   0: 3 0x8000ee02 (0xbfe5)
core   0: 0x8000edfa (0x00001f17) auipc   t5, 0x1
core   0: 3 0x8000edfa (0x00001f17) x30 0x8000fdfa
core   0: 0x8000edfe (0x203f2323) sw      gp, 518(t5)
core   0: 3 0x8000edfe (0x203f2323) mem 0x80010000 0x00000001
core   0: 0x8000ee02 (0x0000bfe5) c.j     pc - 8
core   0: 3 0x8000ee02 (0xbfe5)
core   0: 0x8000edfa (0x00001f17) auipc   t5, 0x1
core   0: 3 0x8000edfa (0x00001f17) x30 0x8000fdfa
core   0: 0x8000edfe (0x203f2323) sw      gp, 518(t5)
core   0: 3 0x8000edfe (0x203f2323) mem 0x80010000 0x00000001
core   0: 0x8000ee02 (0x0000bfe5) c.j     pc - 8
core   0: 3 0x8000ee02 (0xbfe5)
core   0: 0x8000edfa (0x00001f17) auipc   t5, 0x1
core   0: 3 0x8000edfa (0x00001f17) x30 0x8000fdfa
core   0: 0x8000edfe (0x203f2323) sw      gp, 518(t5)
core   0: 3 0x8000edfe (0x203f2323) mem 0x80010000 0x00000001
core   0: 0x8000ee02 (0x0000bfe5) c.j     pc - 8
core   0: 3 0x8000ee02 (0xbfe5)
core   0: 0x8000edfa (0x00001f17) auipc   t5, 0x1
core   0: 3 0x8000edfa (0x00001f17) x30 0x8000fdfa
core   0: 0x8000edfe (0x203f2323) sw      gp, 518(t5)
core   0: 3 0x8000edfe (0x203f2323) mem 0x80010000 0x00000001
core   0: 0x8000ee02 (0x0000bfe5) c.j     pc - 8
core   0: 3 0x8000ee02 (0xbfe5)
core   0: 0x8000edfa (0x00001f17) auipc   t5, 0x1
core   0: 3 0x8000edfa (0x00001f17) x30 0x8000fdfa
core   0: 0x8000edfe (0x203f2323) sw      gp, 518(t5)
core   0: 3 0x8000edfe (0x203f2323) mem 0x80010000 0x00000001
core   0: 0x8000ee02 (0x0000bfe5) c.j     pc - 8
core   0: 3 0x8000ee02 (0xbfe5)
core   0: 0x8000edfa (0x00001f17) auipc   t5, 0x1
core   0: 3 0x8000edfa (0x00001f17) x30 0x8000fdfa
core   0: 0x8000edfe (0x203f2323) sw      gp, 518(t5)
core   0: 3 0x8000edfe (0x203f2323) mem 0x80010000 0x00000001
core   0: 0x8000ee02 (0x0000bfe5) c.j     pc - 8
core   0: 3 0x8000ee02 (0xbfe5)
core   0: 0x8000edfa (0x00001f17) auipc   t5, 0x1
core   0: 3 0x8000edfa (0x00001f17) x30 0x8000fdfa
core   0: 0x8000edfe (0x203f2323) sw      gp, 518(t5)
core   0: 3 0x8000edfe (0x203f2323) mem 0x80010000 0x00000001
core   0: 0x8000ee02 (0x0000bfe5) c.j     pc - 8
core   0: 3 0x8000ee02 (0xbfe5)
core   0: 0x8000edfa (0x00001f17) auipc   t5, 0x1
core   0: 3 0x8000edfa (0x00001f17) x30 0x8000fdfa
core   0: 0x8000edfe (0x203f2323) sw      gp, 518(t5)
core   0: 3 0x8000edfe (0x203f2323) mem 0x80010000 0x00000001
core   0: 0x8000ee02 (0x0000bfe5) c.j     pc - 8
core   0: 3 0x8000ee02 (0xbfe5)
core   0: 0x8000edfa (0x00001f17) auipc   t5, 0x1
core   0: 3 0x8000edfa (0x00001f17) x30 0x8000fdfa
core   0: 0x8000edfe (0x203f2323) sw      gp, 518(t5)
core   0: 3 0x8000edfe (0x203f2323) mem 0x80010000 0x00000001
core   0: 0x8000ee02 (0x0000bfe5) c.j     pc - 8
core   0: 3 0x8000ee02 (0xbfe5)
core   0: 0x8000edfa (0x00001f17) auipc   t5, 0x1
core   0: 3 0x8000edfa (0x00001f17) x30 0x8000fdfa
core   0: 0x8000edfe (0x203f2323) sw      gp, 518(t5)
core   0: 3 0x8000edfe (0x203f2323) mem 0x80010000 0x00000001
core   0: 0x8000ee02 (0x0000bfe5) c.j     pc - 8
core   0: 3 0x8000ee02 (0xbfe5)
core   0: 0x8000edfa (0x00001f17) auipc   t5, 0x1
core   0: 3 0x8000edfa (0x00001f17) x30 0x8000fdfa
core   0: 0x8000edfe (0x203f2323) sw      gp, 518(t5)
core   0: 3 0x8000edfe (0x203f2323) mem 0x80010000 0x00000001
core   0: 0x8000ee02 (0x0000bfe5) c.j     pc - 8
core   0: 3 0x8000ee02 (0xbfe5)
core   0: 0x8000edfa (0x00001f17) auipc   t5, 0x1
core   0: 3 0x8000edfa (0x00001f17) x30 0x8000fdfa
core   0: 0x8000edfe (0x203f2323) sw      gp, 518(t5)
core   0: 3 0x8000edfe (0x203f2323) mem 0x80010000 0x00000001
core   0: 0x8000ee02 (0x0000bfe5) c.j     pc - 8
core   0: 3 0x8000ee02 (0xbfe5)
core   0: 0x8000edfa (0x00001f17) auipc   t5, 0x1
core   0: 3 0x8000edfa (0x00001f17) x30 0x8000fdfa
core   0: 0x8000edfe (0x203f2323) sw      gp, 518(t5)
core   0: 3 0x8000edfe (0x203f2323) mem 0x80010000 0x00000001
core   0: 0x8000ee02 (0x0000bfe5) c.j     pc - 8
core   0: 3 0x8000ee02 (0xbfe5)
core   0: 0x8000edfa (0x00001f17) auipc   t5, 0x1
core   0: 3 0x8000edfa (0x00001f17) x30 0x8000fdfa
core   0: 0x8000edfe (0x203f2323) sw      gp, 518(t5)
core   0: 3 0x8000edfe (0x203f2323) mem 0x80010000 0x00000001
core   0: 0x8000ee02 (0x0000bfe5) c.j     pc - 8
core   0: 3 0x8000ee02 (0xbfe5)
core   0: 0x8000edfa (0x00001f17) auipc   t5, 0x1
core   0: 3 0x8000edfa (0x00001f17) x30 0x8000fdfa
core   0: 0x8000edfe (0x203f2323) sw      gp, 518(t5)
core   0: 3 0x8000edfe (0x203f2323) mem 0x80010000 0x00000001
core   0: 0x8000ee02 (0x0000bfe5) c.j     pc - 8
core   0: 3 0x8000ee02 (0xbfe5)
core   0: 0x8000edfa (0x00001f17) auipc   t5, 0x1
core   0: 3 0x8000edfa (0x00001f17) x30 0x8000fdfa
core   0: 0x8000edfe (0x203f2323) sw      gp, 518(t5)
core   0: 3 0x8000edfe (0x203f2323) mem 0x80010000 0x00000001
core   0: 0x8000ee02 (0x0000bfe5) c.j     pc - 8
core   0: 3 0x8000ee02 (0xbfe5)
core   0: 0x8000edfa (0x00001f17) auipc   t5, 0x1
core   0: 3 0x8000edfa (0x00001f17) x30 0x8000fdfa
core   0: 0x8000edfe (0x203f2323) sw      gp, 518(t5)
core   0: 3 0x8000edfe (0x203f2323) mem 0x80010000 0x00000001
core   0: 0x8000ee02 (0x0000bfe5) c.j     pc - 8
core   0: 3 0x8000ee02 (0xbfe5)
core   0: 0x8000edfa (0x00001f17) auipc   t5, 0x1
core   0: 3 0x8000edfa (0x00001f17) x30 0x8000fdfa
core   0: 0x8000edfe (0x203f2323) sw      gp, 518(t5)
core   0: 3 0x8000edfe (0x203f2323) mem 0x80010000 0x00000001
core   0: 0x8000ee02 (0x0000bfe5) c.j     pc - 8
core   0: 3 0x8000ee02 (0xbfe5)
core   0: 0x8000edfa (0x00001f17) auipc   t5, 0x1
core   0: 3 0x8000edfa (0x00001f17) x30 0x8000fdfa
core   0: 0x8000edfe (0x203f2323) sw      gp, 518(t5)
core   0: 3 0x8000edfe (0x203f2323) mem 0x80010000 0x00000001
core   0: 0x8000ee02 (0x0000bfe5) c.j     pc - 8
core   0: 3 0x8000ee02 (0xbfe5)
core   0: 0x8000edfa (0x00001f17) auipc   t5, 0x1
core   0: 3 0x8000edfa (0x00001f17) x30 0x8000fdfa
core   0: 0x8000edfe (0x203f2323) sw      gp, 518(t5)
core   0: 3 0x8000edfe (0x203f2323) mem 0x80010000 0x00000001
core   0: 0x8000ee02 (0x0000bfe5) c.j     pc - 8
core   0: 3 0x8000ee02 (0xbfe5)
core   0: 0x8000edfa (0x00001f17) auipc   t5, 0x1
core   0: 3 0x8000edfa (0x00001f17) x30 0x8000fdfa
core   0: 0x8000edfe (0x203f2323) sw      gp, 518(t5)
core   0: 3 0x8000edfe (0x203f2323) mem 0x80010000 0x00000001
core   0: 0x8000ee02 (0x0000bfe5) c.j     pc - 8
core   0: 3 0x8000ee02 (0xbfe5)
core   0: 0x8000edfa (0x00001f17) auipc   t5, 0x1
core   0: 3 0x8000edfa (0x00001f17) x30 0x8000fdfa
core   0: 0x8000edfe (0x203f2323) sw      gp, 518(t5)
core   0: 3 0x8000edfe (0x203f2323) mem 0x80010000 0x00000001
core   0: 0x8000ee02 (0x0000bfe5) c.j     pc - 8
core   0: 3 0x8000ee02 (0xbfe5)
core   0: 0x8000edfa (0x00001f17) auipc   t5, 0x1
core   0: 3 0x8000edfa (0x00001f17) x30 0x8000fdfa
core   0: 0x8000edfe (0x203f2323) sw      gp, 518(t5)
core   0: 3 0x8000edfe (0x203f2323) mem 0x80010000 0x00000001
core   0: 0x8000ee02 (0x0000bfe5) c.j     pc - 8
core   0: 3 0x8000ee02 (0xbfe5)
core   0: 0x8000edfa (0x00001f17) auipc   t5, 0x1
core   0: 3 0x8000edfa (0x00001f17) x30 0x8000fdfa
core   0: 0x8000edfe (0x203f2323) sw      gp, 518(t5)
core   0: 3 0x8000edfe (0x203f2323) mem 0x80010000 0x00000001
core   0: 0x8000ee02 (0x0000bfe5) c.j     pc - 8
core   0: 3 0x8000ee02 (0xbfe5)
core   0: 0x8000edfa (0x00001f17) auipc   t5, 0x1
core   0: 3 0x8000edfa (0x00001f17) x30 0x8000fdfa
core   0: 0x8000edfe (0x203f2323) sw      gp, 518(t5)
core   0: 3 0x8000edfe (0x203f2323) mem 0x80010000 0x00000001
core   0: 0x8000ee02 (0x0000bfe5) c.j     pc - 8
core   0: 3 0x8000ee02 (0xbfe5)
core   0: 0x8000edfa (0x00001f17) auipc   t5, 0x1
core   0: 3 0x8000edfa (0x00001f17) x30 0x8000fdfa
core   0: 0x8000edfe (0x203f2323) sw      gp, 518(t5)
core   0: 3 0x8000edfe (0x203f2323) mem 0x80010000 0x00000001
core   0: 0x8000ee02 (0x0000bfe5) c.j     pc - 8
core   0: 3 0x8000ee02 (0xbfe5)
core   0: 0x8000edfa (0x00001f17) auipc   t5, 0x1
core   0: 3 0x8000edfa (0x00001f17) x30 0x8000fdfa
core   0: 0x8000edfe (0x203f2323) sw      gp, 518(t5)
core   0: 3 0x8000edfe (0x203f2323) mem 0x80010000 0x00000001
core   0: 0x8000ee02 (0x0000bfe5) c.j     pc - 8
core   0: 3 0x8000ee02 (0xbfe5)
core   0: 0x8000edfa (0x00001f17) auipc   t5, 0x1
core   0: 3 0x8000edfa (0x00001f17) x30 0x8000fdfa
core   0: 0x8000edfe (0x203f2323) sw      gp, 518(t5)
core   0: 3 0x8000edfe (0x203f2323) mem 0x80010000 0x00000001
core   0: 0x8000ee02 (0x0000bfe5) c.j     pc - 8
core   0: 3 0x8000ee02 (0xbfe5)
core   0: 0x8000edfa (0x00001f17) auipc   t5, 0x1
core   0: 3 0x8000edfa (0x00001f17) x30 0x8000fdfa
core   0: 0x8000edfe (0x203f2323) sw      gp, 518(t5)
core   0: 3 0x8000edfe (0x203f2323) mem 0x80010000 0x00000001
core   0: 0x8000ee02 (0x0000bfe5) c.j     pc - 8
core   0: 3 0x8000ee02 (0xbfe5)
core   0: 0x8000edfa (0x00001f17) auipc   t5, 0x1
core   0: 3 0x8000edfa (0x00001f17) x30 0x8000fdfa
core   0: 0x8000edfe (0x203f2323) sw      gp, 518(t5)
core   0: 3 0x8000edfe (0x203f2323) mem 0x80010000 0x00000001
core   0: 0x8000ee02 (0x0000bfe5) c.j     pc - 8
core   0: 3 0x8000ee02 (0xbfe5)
core   0: 0x8000edfa (0x00001f17) auipc   t5, 0x1
core   0: 3 0x8000edfa (0x00001f17) x30 0x8000fdfa
core   0: 0x8000edfe (0x203f2323) sw      gp, 518(t5)
core   0: 3 0x8000edfe (0x203f2323) mem 0x80010000 0x00000001
core   0: 0x8000ee02 (0x0000bfe5) c.j     pc - 8
core   0: 3 0x8000ee02 (0xbfe5)
core   0: 0x8000edfa (0x00001f17) auipc   t5, 0x1
core   0: 3 0x8000edfa (0x00001f17) x30 0x8000fdfa
core   0: 0x8000edfe (0x203f2323) sw      gp, 518(t5)
core   0: 3 0x8000edfe (0x203f2323) mem 0x80010000 0x00000001
core   0: 0x8000ee02 (0x0000bfe5) c.j     pc - 8
core   0: 3 0x8000ee02 (0xbfe5)
core   0: 0x8000edfa (0x00001f17) auipc   t5, 0x1
core   0: 3 0x8000edfa (0x00001f17) x30 0x8000fdfa
core   0: 0x8000edfe (0x203f2323) sw      gp, 518(t5)
core   0: 3 0x8000edfe (0x203f2323) mem 0x80010000 0x00000001
core   0: 0x8000ee02 (0x0000bfe5) c.j     pc - 8
core   0: 3 0x8000ee02 (0xbfe5)
core   0: 0x8000edfa (0x00001f17) auipc   t5, 0x1
core   0: 3 0x8000edfa (0x00001f17) x30 0x8000fdfa
core   0: 0x8000edfe (0x203f2323) sw      gp, 518(t5)
core   0: 3 0x8000edfe (0x203f2323) mem 0x80010000 0x00000001
core   0: 0x8000ee02 (0x0000bfe5) c.j     pc - 8
core   0: 3 0x8000ee02 (0xbfe5)
core   0: 0x8000edfa (0x00001f17) auipc   t5, 0x1
core   0: 3 0x8000edfa (0x00001f17) x30 0x8000fdfa
core   0: 0x8000edfe (0x203f2323) sw      gp, 518(t5)
core   0: 3 0x8000edfe (0x203f2323) mem 0x80010000 0x00000001
core   0: 0x8000ee02 (0x0000bfe5) c.j     pc - 8
core   0: 3 0x8000ee02 (0xbfe5)
core   0: 0x8000edfa (0x00001f17) auipc   t5, 0x1
core   0: 3 0x8000edfa (0x00001f17) x30 0x8000fdfa
core   0: 0x8000edfe (0x203f2323) sw      gp, 518(t5)
core   0: 3 0x8000edfe (0x203f2323) mem 0x80010000 0x00000001
core   0: 0x8000ee02 (0x0000bfe5) c.j     pc - 8
core   0: 3 0x8000ee02 (0xbfe5)
core   0: 0x8000edfa (0x00001f17) auipc   t5, 0x1
core   0: 3 0x8000edfa (0x00001f17) x30 0x8000fdfa
core   0: 0x8000edfe (0x203f2323) sw      gp, 518(t5)
core   0: 3 0x8000edfe (0x203f2323) mem 0x80010000 0x00000001
core   0: 0x8000ee02 (0x0000bfe5) c.j     pc - 8
core   0: 3 0x8000ee02 (0xbfe5)
core   0: 0x8000edfa (0x00001f17) auipc   t5, 0x1
core   0: 3 0x8000edfa (0x00001f17) x30 0x8000fdfa
core   0: 0x8000edfe (0x203f2323) sw      gp, 518(t5)
core   0: 3 0x8000edfe (0x203f2323) mem 0x80010000 0x00000001
core   0: 0x8000ee02 (0x0000bfe5) c.j     pc - 8
core   0: 3 0x8000ee02 (0xbfe5)
core   0: 0x8000edfa (0x00001f17) auipc   t5, 0x1
core   0: 3 0x8000edfa (0x00001f17) x30 0x8000fdfa
core   0: 0x8000edfe (0x203f2323) sw      gp, 518(t5)
core   0: 3 0x8000edfe (0x203f2323) mem 0x80010000 0x00000001
core   0: 0x8000ee02 (0x0000bfe5) c.j     pc - 8
core   0: 3 0x8000ee02 (0xbfe5)
core   0: 0x8000edfa (0x00001f17) auipc   t5, 0x1
core   0: 3 0x8000edfa (0x00001f17) x30 0x8000fdfa
core   0: 0x8000edfe (0x203f2323) sw      gp, 518(t5)
core   0: 3 0x8000edfe (0x203f2323) mem 0x80010000 0x00000001
core   0: 0x8000ee02 (0x0000bfe5) c.j     pc - 8
core   0: 3 0x8000ee02 (0xbfe5)
core   0: 0x8000edfa (0x00001f17) auipc   t5, 0x1
core   0: 3 0x8000edfa (0x00001f17) x30 0x8000fdfa
core   0: 0x8000edfe (0x203f2323) sw      gp, 518(t5)
core   0: 3 0x8000edfe (0x203f2323) mem 0x80010000 0x00000001
core   0: 0x8000ee02 (0x0000bfe5) c.j     pc - 8
core   0: 3 0x8000ee02 (0xbfe5)
core   0: 0x8000edfa (0x00001f17) auipc   t5, 0x1
core   0: 3 0x8000edfa (0x00001f17) x30 0x8000fdfa
core   0: 0x8000edfe (0x203f2323) sw      gp, 518(t5)
core   0: 3 0x8000edfe (0x203f2323) mem 0x80010000 0x00000001
core   0: 0x8000ee02 (0x0000bfe5) c.j     pc - 8
core   0: 3 0x8000ee02 (0xbfe5)
core   0: 0x8000edfa (0x00001f17) auipc   t5, 0x1
core   0: 3 0x8000edfa (0x00001f17) x30 0x8000fdfa
core   0: 0x8000edfe (0x203f2323) sw      gp, 518(t5)
core   0: 3 0x8000edfe (0x203f2323) mem 0x80010000 0x00000001
core   0: 0x8000ee02 (0x0000bfe5) c.j     pc - 8
core   0: 3 0x8000ee02 (0xbfe5)
core   0: 0x8000edfa (0x00001f17) auipc   t5, 0x1
core   0: 3 0x8000edfa (0x00001f17) x30 0x8000fdfa
core   0: 0x8000edfe (0x203f2323) sw      gp, 518(t5)
core   0: 3 0x8000edfe (0x203f2323) mem 0x80010000 0x00000001
core   0: 0x8000ee02 (0x0000bfe5) c.j     pc - 8
core   0: 3 0x8000ee02 (0xbfe5)
core   0: 0x8000edfa (0x00001f17) auipc   t5, 0x1
core   0: 3 0x8000edfa (0x00001f17) x30 0x8000fdfa
core   0: 0x8000edfe (0x203f2323) sw      gp, 518(t5)
core   0: 3 0x8000edfe (0x203f2323) mem 0x80010000 0x00000001
core   0: 0x8000ee02 (0x0000bfe5) c.j     pc - 8
core   0: 3 0x8000ee02 (0xbfe5)
core   0: 0x8000edfa (0x00001f17) auipc   t5, 0x1
core   0: 3 0x8000edfa (0x00001f17) x30 0x8000fdfa
core   0: 0x8000edfe (0x203f2323) sw      gp, 518(t5)
core   0: 3 0x8000edfe (0x203f2323) mem 0x80010000 0x00000001
core   0: 0x8000ee02 (0x0000bfe5) c.j     pc - 8
core   0: 3 0x8000ee02 (0xbfe5)
core   0: 0x8000edfa (0x00001f17) auipc   t5, 0x1
core   0: 3 0x8000edfa (0x00001f17) x30 0x8000fdfa
core   0: 0x8000edfe (0x203f2323) sw      gp, 518(t5)
core   0: 3 0x8000edfe (0x203f2323) mem 0x80010000 0x00000001
core   0: 0x8000ee02 (0x0000bfe5) c.j     pc - 8
core   0: 3 0x8000ee02 (0xbfe5)
core   0: 0x8000edfa (0x00001f17) auipc   t5, 0x1
core   0: 3 0x8000edfa (0x00001f17) x30 0x8000fdfa
core   0: 0x8000edfe (0x203f2323) sw      gp, 518(t5)
core   0: 3 0x8000edfe (0x203f2323) mem 0x80010000 0x00000001
core   0: 0x8000ee02 (0x0000bfe5) c.j     pc - 8
core   0: 3 0x8000ee02 (0xbfe5)
core   0: 0x8000edfa (0x00001f17) auipc   t5, 0x1
core   0: 3 0x8000edfa (0x00001f17) x30 0x8000fdfa
core   0: 0x8000edfe (0x203f2323) sw      gp, 518(t5)
core   0: 3 0x8000edfe (0x203f2323) mem 0x80010000 0x00000001
core   0: 0x8000ee02 (0x0000bfe5) c.j     pc - 8
core   0: 3 0x8000ee02 (0xbfe5)
core   0: 0x8000edfa (0x00001f17) auipc   t5, 0x1
core   0: 3 0x8000edfa (0x00001f17) x30 0x8000fdfa
core   0: 0x8000edfe (0x203f2323) sw      gp, 518(t5)
core   0: 3 0x8000edfe (0x203f2323) mem 0x80010000 0x00000001
core   0: 0x8000ee02 (0x0000bfe5) c.j     pc - 8
core   0: 3 0x8000ee02 (0xbfe5)
core   0: 0x8000edfa (0x00001f17) auipc   t5, 0x1
core   0: 3 0x8000edfa (0x00001f17) x30 0x8000fdfa
core   0: 0x8000edfe (0x203f2323) sw      gp, 518(t5)
core   0: 3 0x8000edfe (0x203f2323) mem 0x80010000 0x00000001
core   0: 0x8000ee02 (0x0000bfe5) c.j     pc - 8
core   0: 3 0x8000ee02 (0xbfe5)
core   0: 0x8000edfa (0x00001f17) auipc   t5, 0x1
core   0: 3 0x8000edfa (0x00001f17) x30 0x8000fdfa
core   0: 0x8000edfe (0x203f2323) sw      gp, 518(t5)
core   0: 3 0x8000edfe (0x203f2323) mem 0x80010000 0x00000001
core   0: 0x8000ee02 (0x0000bfe5) c.j     pc - 8
core   0: 3 0x8000ee02 (0xbfe5)
core   0: 0x8000edfa (0x00001f17) auipc   t5, 0x1
core   0: 3 0x8000edfa (0x00001f17) x30 0x8000fdfa
core   0: 0x8000edfe (0x203f2323) sw      gp, 518(t5)
core   0: 3 0x8000edfe (0x203f2323) mem 0x80010000 0x00000001
core   0: 0x8000ee02 (0x0000bfe5) c.j     pc - 8
core   0: 3 0x8000ee02 (0xbfe5)
core   0: 0x8000edfa (0x00001f17) auipc   t5, 0x1
core   0: 3 0x8000edfa (0x00001f17) x30 0x8000fdfa
core   0: 0x8000edfe (0x203f2323) sw      gp, 518(t5)
core   0: 3 0x8000edfe (0x203f2323) mem 0x80010000 0x00000001
core   0: 0x8000ee02 (0x0000bfe5) c.j     pc - 8
core   0: 3 0x8000ee02 (0xbfe5)
core   0: 0x8000edfa (0x00001f17) auipc   t5, 0x1
core   0: 3 0x8000edfa (0x00001f17) x30 0x8000fdfa
core   0: 0x8000edfe (0x203f2323) sw      gp, 518(t5)
core   0: 3 0x8000edfe (0x203f2323) mem 0x80010000 0x00000001
core   0: 0x8000ee02 (0x0000bfe5) c.j     pc - 8
core   0: 3 0x8000ee02 (0xbfe5)
core   0: 0x8000edfa (0x00001f17) auipc   t5, 0x1
core   0: 3 0x8000edfa (0x00001f17) x30 0x8000fdfa
core   0: 0x8000edfe (0x203f2323) sw      gp, 518(t5)
core   0: 3 0x8000edfe (0x203f2323) mem 0x80010000 0x00000001
core   0: 0x8000ee02 (0x0000bfe5) c.j     pc - 8
core   0: 3 0x8000ee02 (0xbfe5)
core   0: 0x8000edfa (0x00001f17) auipc   t5, 0x1
core   0: 3 0x8000edfa (0x00001f17) x30 0x8000fdfa
core   0: 0x8000edfe (0x203f2323) sw      gp, 518(t5)
core   0: 3 0x8000edfe (0x203f2323) mem 0x80010000 0x00000001
core   0: 0x8000ee02 (0x0000bfe5) c.j     pc - 8
core   0: 3 0x8000ee02 (0xbfe5)
core   0: 0x8000edfa (0x00001f17) auipc   t5, 0x1
core   0: 3 0x8000edfa (0x00001f17) x30 0x8000fdfa
core   0: 0x8000edfe (0x203f2323) sw      gp, 518(t5)
core   0: 3 0x8000edfe (0x203f2323) mem 0x80010000 0x00000001
core   0: 0x8000ee02 (0x0000bfe5) c.j     pc - 8
core   0: 3 0x8000ee02 (0xbfe5)
core   0: 0x8000edfa (0x00001f17) auipc   t5, 0x1
core   0: 3 0x8000edfa (0x00001f17) x30 0x8000fdfa
core   0: 0x8000edfe (0x203f2323) sw      gp, 518(t5)
core   0: 3 0x8000edfe (0x203f2323) mem 0x80010000 0x00000001
core   0: 0x8000ee02 (0x0000bfe5) c.j     pc - 8
core   0: 3 0x8000ee02 (0xbfe5)
core   0: 0x8000edfa (0x00001f17) auipc   t5, 0x1
core   0: 3 0x8000edfa (0x00001f17) x30 0x8000fdfa
core   0: 0x8000edfe (0x203f2323) sw      gp, 518(t5)
core   0: 3 0x8000edfe (0x203f2323) mem 0x80010000 0x00000001
core   0: 0x8000ee02 (0x0000bfe5) c.j     pc - 8
core   0: 3 0x8000ee02 (0xbfe5)
core   0: 0x8000edfa (0x00001f17) auipc   t5, 0x1
core   0: 3 0x8000edfa (0x00001f17) x30 0x8000fdfa
core   0: 0x8000edfe (0x203f2323) sw      gp, 518(t5)
core   0: 3 0x8000edfe (0x203f2323) mem 0x80010000 0x00000001
core   0: 0x8000ee02 (0x0000bfe5) c.j     pc - 8
core   0: 3 0x8000ee02 (0xbfe5)
core   0: 0x8000edfa (0x00001f17) auipc   t5, 0x1
core   0: 3 0x8000edfa (0x00001f17) x30 0x8000fdfa
core   0: 0x8000edfe (0x203f2323) sw      gp, 518(t5)
core   0: 3 0x8000edfe (0x203f2323) mem 0x80010000 0x00000001
core   0: 0x8000ee02 (0x0000bfe5) c.j     pc - 8
core   0: 3 0x8000ee02 (0xbfe5)
core   0: 0x8000edfa (0x00001f17) auipc   t5, 0x1
core   0: 3 0x8000edfa (0x00001f17) x30 0x8000fdfa
core   0: 0x8000edfe (0x203f2323) sw      gp, 518(t5)
core   0: 3 0x8000edfe (0x203f2323) mem 0x80010000 0x00000001
core   0: 0x8000ee02 (0x0000bfe5) c.j     pc - 8
core   0: 3 0x8000ee02 (0xbfe5)
core   0: 0x8000edfa (0x00001f17) auipc   t5, 0x1
core   0: 3 0x8000edfa (0x00001f17) x30 0x8000fdfa
core   0: 0x8000edfe (0x203f2323) sw      gp, 518(t5)
core   0: 3 0x8000edfe (0x203f2323) mem 0x80010000 0x00000001
core   0: 0x8000ee02 (0x0000bfe5) c.j     pc - 8
core   0: 3 0x8000ee02 (0xbfe5)
core   0: 0x8000edfa (0x00001f17) auipc   t5, 0x1
core   0: 3 0x8000edfa (0x00001f17) x30 0x8000fdfa
core   0: 0x8000edfe (0x203f2323) sw      gp, 518(t5)
core   0: 3 0x8000edfe (0x203f2323) mem 0x80010000 0x00000001
core   0: 0x8000ee02 (0x0000bfe5) c.j     pc - 8
core   0: 3 0x8000ee02 (0xbfe5)
core   0: 0x8000edfa (0x00001f17) auipc   t5, 0x1
core   0: 3 0x8000edfa (0x00001f17) x30 0x8000fdfa
core   0: 0x8000edfe (0x203f2323) sw      gp, 518(t5)
core   0: 3 0x8000edfe (0x203f2323) mem 0x80010000 0x00000001
core   0: 0x8000ee02 (0x0000bfe5) c.j     pc - 8
core   0: 3 0x8000ee02 (0xbfe5)
core   0: 0x8000edfa (0x00001f17) auipc   t5, 0x1
core   0: 3 0x8000edfa (0x00001f17) x30 0x8000fdfa
core   0: 0x8000edfe (0x203f2323) sw      gp, 518(t5)
core   0: 3 0x8000edfe (0x203f2323) mem 0x80010000 0x00000001
core   0: 0x8000ee02 (0x0000bfe5) c.j     pc - 8
core   0: 3 0x8000ee02 (0xbfe5)
core   0: 0x8000edfa (0x00001f17) auipc   t5, 0x1
core   0: 3 0x8000edfa (0x00001f17) x30 0x8000fdfa
core   0: 0x8000edfe (0x203f2323) sw      gp, 518(t5)
core   0: 3 0x8000edfe (0x203f2323) mem 0x80010000 0x00000001
core   0: 0x8000ee02 (0x0000bfe5) c.j     pc - 8
core   0: 3 0x8000ee02 (0xbfe5)
core   0: 0x8000edfa (0x00001f17) auipc   t5, 0x1
core   0: 3 0x8000edfa (0x00001f17) x30 0x8000fdfa
core   0: 0x8000edfe (0x203f2323) sw      gp, 518(t5)
core   0: 3 0x8000edfe (0x203f2323) mem 0x80010000 0x00000001
core   0: 0x8000ee02 (0x0000bfe5) c.j     pc - 8
core   0: 3 0x8000ee02 (0xbfe5)
core   0: 0x8000edfa (0x00001f17) auipc   t5, 0x1
core   0: 3 0x8000edfa (0x00001f17) x30 0x8000fdfa
core   0: 0x8000edfe (0x203f2323) sw      gp, 518(t5)
core   0: 3 0x8000edfe (0x203f2323) mem 0x80010000 0x00000001
core   0: 0x8000ee02 (0x0000bfe5) c.j     pc - 8
core   0: 3 0x8000ee02 (0xbfe5)
core   0: 0x8000edfa (0x00001f17) auipc   t5, 0x1
core   0: 3 0x8000edfa (0x00001f17) x30 0x8000fdfa
core   0: 0x8000edfe (0x203f2323) sw      gp, 518(t5)
core   0: 3 0x8000edfe (0x203f2323) mem 0x80010000 0x00000001
core   0: 0x8000ee02 (0x0000bfe5) c.j     pc - 8
core   0: 3 0x8000ee02 (0xbfe5)
core   0: 0x8000edfa (0x00001f17) auipc   t5, 0x1
core   0: 3 0x8000edfa (0x00001f17) x30 0x8000fdfa
core   0: 0x8000edfe (0x203f2323) sw      gp, 518(t5)
core   0: 3 0x8000edfe (0x203f2323) mem 0x80010000 0x00000001
core   0: 0x8000ee02 (0x0000bfe5) c.j     pc - 8
core   0: 3 0x8000ee02 (0xbfe5)
core   0: 0x8000edfa (0x00001f17) auipc   t5, 0x1
core   0: 3 0x8000edfa (0x00001f17) x30 0x8000fdfa
core   0: 0x8000edfe (0x203f2323) sw      gp, 518(t5)
core   0: 3 0x8000edfe (0x203f2323) mem 0x80010000 0x00000001
core   0: 0x8000ee02 (0x0000bfe5) c.j     pc - 8
core   0: 3 0x8000ee02 (0xbfe5)
core   0: 0x8000edfa (0x00001f17) auipc   t5, 0x1
core   0: 3 0x8000edfa (0x00001f17) x30 0x8000fdfa
core   0: 0x8000edfe (0x203f2323) sw      gp, 518(t5)
core   0: 3 0x8000edfe (0x203f2323) mem 0x80010000 0x00000001
core   0: 0x8000ee02 (0x0000bfe5) c.j     pc - 8
core   0: 3 0x8000ee02 (0xbfe5)
core   0: 0x8000edfa (0x00001f17) auipc   t5, 0x1
core   0: 3 0x8000edfa (0x00001f17) x30 0x8000fdfa
core   0: 0x8000edfe (0x203f2323) sw      gp, 518(t5)
core   0: 3 0x8000edfe (0x203f2323) mem 0x80010000 0x00000001
core   0: 0x8000ee02 (0x0000bfe5) c.j     pc - 8
core   0: 3 0x8000ee02 (0xbfe5)
core   0: 0x8000edfa (0x00001f17) auipc   t5, 0x1
core   0: 3 0x8000edfa (0x00001f17) x30 0x8000fdfa
core   0: 0x8000edfe (0x203f2323) sw      gp, 518(t5)
core   0: 3 0x8000edfe (0x203f2323) mem 0x80010000 0x00000001
core   0: 0x8000ee02 (0x0000bfe5) c.j     pc - 8
core   0: 3 0x8000ee02 (0xbfe5)
core   0: 0x8000edfa (0x00001f17) auipc   t5, 0x1
core   0: 3 0x8000edfa (0x00001f17) x30 0x8000fdfa
core   0: 0x8000edfe (0x203f2323) sw      gp, 518(t5)
core   0: 3 0x8000edfe (0x203f2323) mem 0x80010000 0x00000001
core   0: 0x8000ee02 (0x0000bfe5) c.j     pc - 8
core   0: 3 0x8000ee02 (0xbfe5)
core   0: 0x8000edfa (0x00001f17) auipc   t5, 0x1
core   0: 3 0x8000edfa (0x00001f17) x30 0x8000fdfa
core   0: 0x8000edfe (0x203f2323) sw      gp, 518(t5)
core   0: 3 0x8000edfe (0x203f2323) mem 0x80010000 0x00000001
core   0: 0x8000ee02 (0x0000bfe5) c.j     pc - 8
core   0: 3 0x8000ee02 (0xbfe5)
core   0: 0x8000edfa (0x00001f17) auipc   t5, 0x1
core   0: 3 0x8000edfa (0x00001f17) x30 0x8000fdfa
core   0: 0x8000edfe (0x203f2323) sw      gp, 518(t5)
core   0: 3 0x8000edfe (0x203f2323) mem 0x80010000 0x00000001
core   0: 0x8000ee02 (0x0000bfe5) c.j     pc - 8
core   0: 3 0x8000ee02 (0xbfe5)
core   0: 0x8000edfa (0x00001f17) auipc   t5, 0x1
core   0: 3 0x8000edfa (0x00001f17) x30 0x8000fdfa
core   0: 0x8000edfe (0x203f2323) sw      gp, 518(t5)
core   0: 3 0x8000edfe (0x203f2323) mem 0x80010000 0x00000001
core   0: 0x8000ee02 (0x0000bfe5) c.j     pc - 8
core   0: 3 0x8000ee02 (0xbfe5)
core   0: 0x8000edfa (0x00001f17) auipc   t5, 0x1
core   0: 3 0x8000edfa (0x00001f17) x30 0x8000fdfa
core   0: 0x8000edfe (0x203f2323) sw      gp, 518(t5)
core   0: 3 0x8000edfe (0x203f2323) mem 0x80010000 0x00000001
core   0: 0x8000ee02 (0x0000bfe5) c.j     pc - 8
core   0: 3 0x8000ee02 (0xbfe5)
core   0: 0x8000edfa (0x00001f17) auipc   t5, 0x1
core   0: 3 0x8000edfa (0x00001f17) x30 0x8000fdfa
core   0: 0x8000edfe (0x203f2323) sw      gp, 518(t5)
core   0: 3 0x8000edfe (0x203f2323) mem 0x80010000 0x00000001
core   0: 0x8000ee02 (0x0000bfe5) c.j     pc - 8
core   0: 3 0x8000ee02 (0xbfe5)
core   0: 0x8000edfa (0x00001f17) auipc   t5, 0x1
core   0: 3 0x8000edfa (0x00001f17) x30 0x8000fdfa
core   0: 0x8000edfe (0x203f2323) sw      gp, 518(t5)
core   0: 3 0x8000edfe (0x203f2323) mem 0x80010000 0x00000001
core   0: 0x8000ee02 (0x0000bfe5) c.j     pc - 8
core   0: 3 0x8000ee02 (0xbfe5)
core   0: 0x8000edfa (0x00001f17) auipc   t5, 0x1
core   0: 3 0x8000edfa (0x00001f17) x30 0x8000fdfa
core   0: 0x8000edfe (0x203f2323) sw      gp, 518(t5)
core   0: 3 0x8000edfe (0x203f2323) mem 0x80010000 0x00000001
core   0: 0x8000ee02 (0x0000bfe5) c.j     pc - 8
core   0: 3 0x8000ee02 (0xbfe5)
core   0: 0x8000edfa (0x00001f17) auipc   t5, 0x1
core   0: 3 0x8000edfa (0x00001f17) x30 0x8000fdfa
core   0: 0x8000edfe (0x203f2323) sw      gp, 518(t5)
core   0: 3 0x8000edfe (0x203f2323) mem 0x80010000 0x00000001
core   0: 0x8000ee02 (0x0000bfe5) c.j     pc - 8
core   0: 3 0x8000ee02 (0xbfe5)
core   0: 0x8000edfa (0x00001f17) auipc   t5, 0x1
core   0: 3 0x8000edfa (0x00001f17) x30 0x8000fdfa
core   0: 0x8000edfe (0x203f2323) sw      gp, 518(t5)
core   0: 3 0x8000edfe (0x203f2323) mem 0x80010000 0x00000001
core   0: 0x8000ee02 (0x0000bfe5) c.j     pc - 8
core   0: 3 0x8000ee02 (0xbfe5)
core   0: 0x8000edfa (0x00001f17) auipc   t5, 0x1
core   0: 3 0x8000edfa (0x00001f17) x30 0x8000fdfa
core   0: 0x8000edfe (0x203f2323) sw      gp, 518(t5)
core   0: 3 0x8000edfe (0x203f2323) mem 0x80010000 0x00000001
core   0: 0x8000ee02 (0x0000bfe5) c.j     pc - 8
core   0: 3 0x8000ee02 (0xbfe5)
core   0: 0x8000edfa (0x00001f17) auipc   t5, 0x1
core   0: 3 0x8000edfa (0x00001f17) x30 0x8000fdfa
core   0: 0x8000edfe (0x203f2323) sw      gp, 518(t5)
core   0: 3 0x8000edfe (0x203f2323) mem 0x80010000 0x00000001
core   0: 0x8000ee02 (0x0000bfe5) c.j     pc - 8
core   0: 3 0x8000ee02 (0xbfe5)
core   0: 0x8000edfa (0x00001f17) auipc   t5, 0x1
core   0: 3 0x8000edfa (0x00001f17) x30 0x8000fdfa
core   0: 0x8000edfe (0x203f2323) sw      gp, 518(t5)
core   0: 3 0x8000edfe (0x203f2323) mem 0x80010000 0x00000001
core   0: 0x8000ee02 (0x0000bfe5) c.j     pc - 8
core   0: 3 0x8000ee02 (0xbfe5)
core   0: 0x8000edfa (0x00001f17) auipc   t5, 0x1
core   0: 3 0x8000edfa (0x00001f17) x30 0x8000fdfa
core   0: 0x8000edfe (0x203f2323) sw      gp, 518(t5)
core   0: 3 0x8000edfe (0x203f2323) mem 0x80010000 0x00000001
core   0: 0x8000ee02 (0x0000bfe5) c.j     pc - 8
core   0: 3 0x8000ee02 (0xbfe5)
core   0: 0x8000edfa (0x00001f17) auipc   t5, 0x1
core   0: 3 0x8000edfa (0x00001f17) x30 0x8000fdfa
core   0: 0x8000edfe (0x203f2323) sw      gp, 518(t5)
core   0: 3 0x8000edfe (0x203f2323) mem 0x80010000 0x00000001
core   0: 0x8000ee02 (0x0000bfe5) c.j     pc - 8
core   0: 3 0x8000ee02 (0xbfe5)
core   0: 0x8000edfa (0x00001f17) auipc   t5, 0x1
core   0: 3 0x8000edfa (0x00001f17) x30 0x8000fdfa
core   0: 0x8000edfe (0x203f2323) sw      gp, 518(t5)
core   0: 3 0x8000edfe (0x203f2323) mem 0x80010000 0x00000001
core   0: 0x8000ee02 (0x0000bfe5) c.j     pc - 8
core   0: 3 0x8000ee02 (0xbfe5)
core   0: 0x8000edfa (0x00001f17) auipc   t5, 0x1
core   0: 3 0x8000edfa (0x00001f17) x30 0x8000fdfa
core   0: 0x8000edfe (0x203f2323) sw      gp, 518(t5)
core   0: 3 0x8000edfe (0x203f2323) mem 0x80010000 0x00000001
core   0: 0x8000ee02 (0x0000bfe5) c.j     pc - 8
core   0: 3 0x8000ee02 (0xbfe5)
core   0: 0x8000edfa (0x00001f17) auipc   t5, 0x1
core   0: 3 0x8000edfa (0x00001f17) x30 0x8000fdfa
core   0: 0x8000edfe (0x203f2323) sw      gp, 518(t5)
core   0: 3 0x8000edfe (0x203f2323) mem 0x80010000 0x00000001
core   0: 0x8000ee02 (0x0000bfe5) c.j     pc - 8
core   0: 3 0x8000ee02 (0xbfe5)
core   0: 0x8000edfa (0x00001f17) auipc   t5, 0x1
core   0: 3 0x8000edfa (0x00001f17) x30 0x8000fdfa
core   0: 0x8000edfe (0x203f2323) sw      gp, 518(t5)
core   0: 3 0x8000edfe (0x203f2323) mem 0x80010000 0x00000001
core   0: 0x8000ee02 (0x0000bfe5) c.j     pc - 8
core   0: 3 0x8000ee02 (0xbfe5)
core   0: 0x8000edfa (0x00001f17) auipc   t5, 0x1
core   0: 3 0x8000edfa (0x00001f17) x30 0x8000fdfa
core   0: 0x8000edfe (0x203f2323) sw      gp, 518(t5)
core   0: 3 0x8000edfe (0x203f2323) mem 0x80010000 0x00000001
core   0: 0x8000ee02 (0x0000bfe5) c.j     pc - 8
core   0: 3 0x8000ee02 (0xbfe5)
core   0: 0x8000edfa (0x00001f17) auipc   t5, 0x1
core   0: 3 0x8000edfa (0x00001f17) x30 0x8000fdfa
core   0: 0x8000edfe (0x203f2323) sw      gp, 518(t5)
core   0: 3 0x8000edfe (0x203f2323) mem 0x80010000 0x00000001
core   0: 0x8000ee02 (0x0000bfe5) c.j     pc - 8
core   0: 3 0x8000ee02 (0xbfe5)
core   0: 0x8000edfa (0x00001f17) auipc   t5, 0x1
core   0: 3 0x8000edfa (0x00001f17) x30 0x8000fdfa
core   0: 0x8000edfe (0x203f2323) sw      gp, 518(t5)
core   0: 3 0x8000edfe (0x203f2323) mem 0x80010000 0x00000001
core   0: 0x8000ee02 (0x0000bfe5) c.j     pc - 8
core   0: 3 0x8000ee02 (0xbfe5)
core   0: 0x8000edfa (0x00001f17) auipc   t5, 0x1
core   0: 3 0x8000edfa (0x00001f17) x30 0x8000fdfa
core   0: 0x8000edfe (0x203f2323) sw      gp, 518(t5)
core   0: 3 0x8000edfe (0x203f2323) mem 0x80010000 0x00000001
core   0: 0x8000ee02 (0x0000bfe5) c.j     pc - 8
core   0: 3 0x8000ee02 (0xbfe5)
core   0: 0x8000edfa (0x00001f17) auipc   t5, 0x1
core   0: 3 0x8000edfa (0x00001f17) x30 0x8000fdfa
core   0: 0x8000edfe (0x203f2323) sw      gp, 518(t5)
core   0: 3 0x8000edfe (0x203f2323) mem 0x80010000 0x00000001
core   0: 0x8000ee02 (0x0000bfe5) c.j     pc - 8
core   0: 3 0x8000ee02 (0xbfe5)
core   0: 0x8000edfa (0x00001f17) auipc   t5, 0x1
core   0: 3 0x8000edfa (0x00001f17) x30 0x8000fdfa
core   0: 0x8000edfe (0x203f2323) sw      gp, 518(t5)
core   0: 3 0x8000edfe (0x203f2323) mem 0x80010000 0x00000001
core   0: 0x8000ee02 (0x0000bfe5) c.j     pc - 8
core   0: 3 0x8000ee02 (0xbfe5)
core   0: 0x8000edfa (0x00001f17) auipc   t5, 0x1
core   0: 3 0x8000edfa (0x00001f17) x30 0x8000fdfa
core   0: 0x8000edfe (0x203f2323) sw      gp, 518(t5)
core   0: 3 0x8000edfe (0x203f2323) mem 0x80010000 0x00000001
core   0: 0x8000ee02 (0x0000bfe5) c.j     pc - 8
core   0: 3 0x8000ee02 (0xbfe5)
core   0: 0x8000edfa (0x00001f17) auipc   t5, 0x1
core   0: 3 0x8000edfa (0x00001f17) x30 0x8000fdfa
core   0: 0x8000edfe (0x203f2323) sw      gp, 518(t5)
core   0: 3 0x8000edfe (0x203f2323) mem 0x80010000 0x00000001
core   0: 0x8000ee02 (0x0000bfe5) c.j     pc - 8
core   0: 3 0x8000ee02 (0xbfe5)
core   0: 0x8000edfa (0x00001f17) auipc   t5, 0x1
core   0: 3 0x8000edfa (0x00001f17) x30 0x8000fdfa
core   0: 0x8000edfe (0x203f2323) sw      gp, 518(t5)
core   0: 3 0x8000edfe (0x203f2323) mem 0x80010000 0x00000001
core   0: 0x8000ee02 (0x0000bfe5) c.j     pc - 8
core   0: 3 0x8000ee02 (0xbfe5)
core   0: 0x8000edfa (0x00001f17) auipc   t5, 0x1
core   0: 3 0x8000edfa (0x00001f17) x30 0x8000fdfa
core   0: 0x8000edfe (0x203f2323) sw      gp, 518(t5)
core   0: 3 0x8000edfe (0x203f2323) mem 0x80010000 0x00000001
core   0: 0x8000ee02 (0x0000bfe5) c.j     pc - 8
core   0: 3 0x8000ee02 (0xbfe5)
core   0: 0x8000edfa (0x00001f17) auipc   t5, 0x1
core   0: 3 0x8000edfa (0x00001f17) x30 0x8000fdfa
core   0: 0x8000edfe (0x203f2323) sw      gp, 518(t5)
core   0: 3 0x8000edfe (0x203f2323) mem 0x80010000 0x00000001
core   0: 0x8000ee02 (0x0000bfe5) c.j     pc - 8
core   0: 3 0x8000ee02 (0xbfe5)
core   0: 0x8000edfa (0x00001f17) auipc   t5, 0x1
core   0: 3 0x8000edfa (0x00001f17) x30 0x8000fdfa
core   0: 0x8000edfe (0x203f2323) sw      gp, 518(t5)
core   0: 3 0x8000edfe (0x203f2323) mem 0x80010000 0x00000001
core   0: 0x8000ee02 (0x0000bfe5) c.j     pc - 8
core   0: 3 0x8000ee02 (0xbfe5)
core   0: 0x8000edfa (0x00001f17) auipc   t5, 0x1
core   0: 3 0x8000edfa (0x00001f17) x30 0x8000fdfa
core   0: 0x8000edfe (0x203f2323) sw      gp, 518(t5)
core   0: 3 0x8000edfe (0x203f2323) mem 0x80010000 0x00000001
core   0: 0x8000ee02 (0x0000bfe5) c.j     pc - 8
core   0: 3 0x8000ee02 (0xbfe5)
core   0: 0x8000edfa (0x00001f17) auipc   t5, 0x1
core   0: 3 0x8000edfa (0x00001f17) x30 0x8000fdfa
core   0: 0x8000edfe (0x203f2323) sw      gp, 518(t5)
core   0: 3 0x8000edfe (0x203f2323) mem 0x80010000 0x00000001
core   0: 0x8000ee02 (0x0000bfe5) c.j     pc - 8
core   0: 3 0x8000ee02 (0xbfe5)
core   0: 0x8000edfa (0x00001f17) auipc   t5, 0x1
core   0: 3 0x8000edfa (0x00001f17) x30 0x8000fdfa
core   0: 0x8000edfe (0x203f2323) sw      gp, 518(t5)
core   0: 3 0x8000edfe (0x203f2323) mem 0x80010000 0x00000001
core   0: 0x8000ee02 (0x0000bfe5) c.j     pc - 8
core   0: 3 0x8000ee02 (0xbfe5)
core   0: 0x8000edfa (0x00001f17) auipc   t5, 0x1
core   0: 3 0x8000edfa (0x00001f17) x30 0x8000fdfa
core   0: 0x8000edfe (0x203f2323) sw      gp, 518(t5)
core   0: 3 0x8000edfe (0x203f2323) mem 0x80010000 0x00000001
core   0: 0x8000ee02 (0x0000bfe5) c.j     pc - 8
core   0: 3 0x8000ee02 (0xbfe5)
core   0: 0x8000edfa (0x00001f17) auipc   t5, 0x1
core   0: 3 0x8000edfa (0x00001f17) x30 0x8000fdfa
core   0: 0x8000edfe (0x203f2323) sw      gp, 518(t5)
core   0: 3 0x8000edfe (0x203f2323) mem 0x80010000 0x00000001
core   0: 0x8000ee02 (0x0000bfe5) c.j     pc - 8
core   0: 3 0x8000ee02 (0xbfe5)
core   0: 0x8000edfa (0x00001f17) auipc   t5, 0x1
core   0: 3 0x8000edfa (0x00001f17) x30 0x8000fdfa
core   0: 0x8000edfe (0x203f2323) sw      gp, 518(t5)
core   0: 3 0x8000edfe (0x203f2323) mem 0x80010000 0x00000001
core   0: 0x8000ee02 (0x0000bfe5) c.j     pc - 8
core   0: 3 0x8000ee02 (0xbfe5)
core   0: 0x8000edfa (0x00001f17) auipc   t5, 0x1
core   0: 3 0x8000edfa (0x00001f17) x30 0x8000fdfa
core   0: 0x8000edfe (0x203f2323) sw      gp, 518(t5)
core   0: 3 0x8000edfe (0x203f2323) mem 0x80010000 0x00000001
core   0: 0x8000ee02 (0x0000bfe5) c.j     pc - 8
core   0: 3 0x8000ee02 (0xbfe5)
core   0: 0x8000edfa (0x00001f17) auipc   t5, 0x1
core   0: 3 0x8000edfa (0x00001f17) x30 0x8000fdfa
core   0: 0x8000edfe (0x203f2323) sw      gp, 518(t5)
core   0: 3 0x8000edfe (0x203f2323) mem 0x80010000 0x00000001
core   0: 0x8000ee02 (0x0000bfe5) c.j     pc - 8
core   0: 3 0x8000ee02 (0xbfe5)
core   0: 0x8000edfa (0x00001f17) auipc   t5, 0x1
core   0: 3 0x8000edfa (0x00001f17) x30 0x8000fdfa
core   0: 0x8000edfe (0x203f2323) sw      gp, 518(t5)
core   0: 3 0x8000edfe (0x203f2323) mem 0x80010000 0x00000001
core   0: 0x8000ee02 (0x0000bfe5) c.j     pc - 8
core   0: 3 0x8000ee02 (0xbfe5)
core   0: 0x8000edfa (0x00001f17) auipc   t5, 0x1
core   0: 3 0x8000edfa (0x00001f17) x30 0x8000fdfa
core   0: 0x8000edfe (0x203f2323) sw      gp, 518(t5)
core   0: 3 0x8000edfe (0x203f2323) mem 0x80010000 0x00000001
core   0: 0x8000ee02 (0x0000bfe5) c.j     pc - 8
core   0: 3 0x8000ee02 (0xbfe5)
core   0: 0x8000edfa (0x00001f17) auipc   t5, 0x1
core   0: 3 0x8000edfa (0x00001f17) x30 0x8000fdfa
core   0: 0x8000edfe (0x203f2323) sw      gp, 518(t5)
core   0: 3 0x8000edfe (0x203f2323) mem 0x80010000 0x00000001
core   0: 0x8000ee02 (0x0000bfe5) c.j     pc - 8
core   0: 3 0x8000ee02 (0xbfe5)
core   0: 0x8000edfa (0x00001f17) auipc   t5, 0x1
core   0: 3 0x8000edfa (0x00001f17) x30 0x8000fdfa
core   0: 0x8000edfe (0x203f2323) sw      gp, 518(t5)
core   0: 3 0x8000edfe (0x203f2323) mem 0x80010000 0x00000001
core   0: 0x8000ee02 (0x0000bfe5) c.j     pc - 8
core   0: 3 0x8000ee02 (0xbfe5)
core   0: 0x8000edfa (0x00001f17) auipc   t5, 0x1
core   0: 3 0x8000edfa (0x00001f17) x30 0x8000fdfa
core   0: 0x8000edfe (0x203f2323) sw      gp, 518(t5)
core   0: 3 0x8000edfe (0x203f2323) mem 0x80010000 0x00000001
core   0: 0x8000ee02 (0x0000bfe5) c.j     pc - 8
core   0: 3 0x8000ee02 (0xbfe5)
core   0: 0x8000edfa (0x00001f17) auipc   t5, 0x1
core   0: 3 0x8000edfa (0x00001f17) x30 0x8000fdfa
core   0: 0x8000edfe (0x203f2323) sw      gp, 518(t5)
core   0: 3 0x8000edfe (0x203f2323) mem 0x80010000 0x00000001
core   0: 0x8000ee02 (0x0000bfe5) c.j     pc - 8
core   0: 3 0x8000ee02 (0xbfe5)
core   0: 0x8000edfa (0x00001f17) auipc   t5, 0x1
core   0: 3 0x8000edfa (0x00001f17) x30 0x8000fdfa
core   0: 0x8000edfe (0x203f2323) sw      gp, 518(t5)
core   0: 3 0x8000edfe (0x203f2323) mem 0x80010000 0x00000001
core   0: 0x8000ee02 (0x0000bfe5) c.j     pc - 8
core   0: 3 0x8000ee02 (0xbfe5)
core   0: 0x8000edfa (0x00001f17) auipc   t5, 0x1
core   0: 3 0x8000edfa (0x00001f17) x30 0x8000fdfa
core   0: 0x8000edfe (0x203f2323) sw      gp, 518(t5)
core   0: 3 0x8000edfe (0x203f2323) mem 0x80010000 0x00000001
core   0: 0x8000ee02 (0x0000bfe5) c.j     pc - 8
core   0: 3 0x8000ee02 (0xbfe5)
core   0: 0x8000edfa (0x00001f17) auipc   t5, 0x1
core   0: 3 0x8000edfa (0x00001f17) x30 0x8000fdfa
core   0: 0x8000edfe (0x203f2323) sw      gp, 518(t5)
core   0: 3 0x8000edfe (0x203f2323) mem 0x80010000 0x00000001
core   0: 0x8000ee02 (0x0000bfe5) c.j     pc - 8
core   0: 3 0x8000ee02 (0xbfe5)
core   0: 0x8000edfa (0x00001f17) auipc   t5, 0x1
core   0: 3 0x8000edfa (0x00001f17) x30 0x8000fdfa
core   0: 0x8000edfe (0x203f2323) sw      gp, 518(t5)
core   0: 3 0x8000edfe (0x203f2323) mem 0x80010000 0x00000001
core   0: 0x8000ee02 (0x0000bfe5) c.j     pc - 8
core   0: 3 0x8000ee02 (0xbfe5)
core   0: 0x8000edfa (0x00001f17) auipc   t5, 0x1
core   0: 3 0x8000edfa (0x00001f17) x30 0x8000fdfa
core   0: 0x8000edfe (0x203f2323) sw      gp, 518(t5)
core   0: 3 0x8000edfe (0x203f2323) mem 0x80010000 0x00000001
core   0: 0x8000ee02 (0x0000bfe5) c.j     pc - 8
core   0: 3 0x8000ee02 (0xbfe5)
core   0: 0x8000edfa (0x00001f17) auipc   t5, 0x1
core   0: 3 0x8000edfa (0x00001f17) x30 0x8000fdfa
core   0: 0x8000edfe (0x203f2323) sw      gp, 518(t5)
core   0: 3 0x8000edfe (0x203f2323) mem 0x80010000 0x00000001
core   0: 0x8000ee02 (0x0000bfe5) c.j     pc - 8
core   0: 3 0x8000ee02 (0xbfe5)
core   0: 0x8000edfa (0x00001f17) auipc   t5, 0x1
core   0: 3 0x8000edfa (0x00001f17) x30 0x8000fdfa
core   0: 0x8000edfe (0x203f2323) sw      gp, 518(t5)
core   0: 3 0x8000edfe (0x203f2323) mem 0x80010000 0x00000001
core   0: 0x8000ee02 (0x0000bfe5) c.j     pc - 8
core   0: 3 0x8000ee02 (0xbfe5)
core   0: 0x8000edfa (0x00001f17) auipc   t5, 0x1
core   0: 3 0x8000edfa (0x00001f17) x30 0x8000fdfa
core   0: 0x8000edfe (0x203f2323) sw      gp, 518(t5)
core   0: 3 0x8000edfe (0x203f2323) mem 0x80010000 0x00000001
core   0: 0x8000ee02 (0x0000bfe5) c.j     pc - 8
core   0: 3 0x8000ee02 (0xbfe5)
core   0: 0x8000edfa (0x00001f17) auipc   t5, 0x1
core   0: 3 0x8000edfa (0x00001f17) x30 0x8000fdfa
core   0: 0x8000edfe (0x203f2323) sw      gp, 518(t5)
core   0: 3 0x8000edfe (0x203f2323) mem 0x80010000 0x00000001
core   0: 0x8000ee02 (0x0000bfe5) c.j     pc - 8
core   0: 3 0x8000ee02 (0xbfe5)
core   0: 0x8000edfa (0x00001f17) auipc   t5, 0x1
core   0: 3 0x8000edfa (0x00001f17) x30 0x8000fdfa
core   0: 0x8000edfe (0x203f2323) sw      gp, 518(t5)
core   0: 3 0x8000edfe (0x203f2323) mem 0x80010000 0x00000001
core   0: 0x8000ee02 (0x0000bfe5) c.j     pc - 8
core   0: 3 0x8000ee02 (0xbfe5)
core   0: 0x8000edfa (0x00001f17) auipc   t5, 0x1
core   0: 3 0x8000edfa (0x00001f17) x30 0x8000fdfa
core   0: 0x8000edfe (0x203f2323) sw      gp, 518(t5)
core   0: 3 0x8000edfe (0x203f2323) mem 0x80010000 0x00000001
core   0: 0x8000ee02 (0x0000bfe5) c.j     pc - 8
core   0: 3 0x8000ee02 (0xbfe5)
core   0: 0x8000edfa (0x00001f17) auipc   t5, 0x1
core   0: 3 0x8000edfa (0x00001f17) x30 0x8000fdfa
core   0: 0x8000edfe (0x203f2323) sw      gp, 518(t5)
core   0: 3 0x8000edfe (0x203f2323) mem 0x80010000 0x00000001
core   0: 0x8000ee02 (0x0000bfe5) c.j     pc - 8
core   0: 3 0x8000ee02 (0xbfe5)
core   0: 0x8000edfa (0x00001f17) auipc   t5, 0x1
core   0: 3 0x8000edfa (0x00001f17) x30 0x8000fdfa
core   0: 0x8000edfe (0x203f2323) sw      gp, 518(t5)
core   0: 3 0x8000edfe (0x203f2323) mem 0x80010000 0x00000001
core   0: 0x8000ee02 (0x0000bfe5) c.j     pc - 8
core   0: 3 0x8000ee02 (0xbfe5)
core   0: 0x8000edfa (0x00001f17) auipc   t5, 0x1
core   0: 3 0x8000edfa (0x00001f17) x30 0x8000fdfa
core   0: 0x8000edfe (0x203f2323) sw      gp, 518(t5)
core   0: 3 0x8000edfe (0x203f2323) mem 0x80010000 0x00000001
core   0: 0x8000ee02 (0x0000bfe5) c.j     pc - 8
core   0: 3 0x8000ee02 (0xbfe5)
core   0: 0x8000edfa (0x00001f17) auipc   t5, 0x1
core   0: 3 0x8000edfa (0x00001f17) x30 0x8000fdfa
core   0: 0x8000edfe (0x203f2323) sw      gp, 518(t5)
core   0: 3 0x8000edfe (0x203f2323) mem 0x80010000 0x00000001
core   0: 0x8000ee02 (0x0000bfe5) c.j     pc - 8
core   0: 3 0x8000ee02 (0xbfe5)
core   0: 0x8000edfa (0x00001f17) auipc   t5, 0x1
core   0: 3 0x8000edfa (0x00001f17) x30 0x8000fdfa
core   0: 0x8000edfe (0x203f2323) sw      gp, 518(t5)
core   0: 3 0x8000edfe (0x203f2323) mem 0x80010000 0x00000001
core   0: 0x8000ee02 (0x0000bfe5) c.j     pc - 8
core   0: 3 0x8000ee02 (0xbfe5)
core   0: 0x8000edfa (0x00001f17) auipc   t5, 0x1
core   0: 3 0x8000edfa (0x00001f17) x30 0x8000fdfa
core   0: 0x8000edfe (0x203f2323) sw      gp, 518(t5)
core   0: 3 0x8000edfe (0x203f2323) mem 0x80010000 0x00000001
core   0: 0x8000ee02 (0x0000bfe5) c.j     pc - 8
core   0: 3 0x8000ee02 (0xbfe5)
core   0: 0x8000edfa (0x00001f17) auipc   t5, 0x1
core   0: 3 0x8000edfa (0x00001f17) x30 0x8000fdfa
core   0: 0x8000edfe (0x203f2323) sw      gp, 518(t5)
core   0: 3 0x8000edfe (0x203f2323) mem 0x80010000 0x00000001
core   0: 0x8000ee02 (0x0000bfe5) c.j     pc - 8
core   0: 3 0x8000ee02 (0xbfe5)
core   0: 0x8000edfa (0x00001f17) auipc   t5, 0x1
core   0: 3 0x8000edfa (0x00001f17) x30 0x8000fdfa
core   0: 0x8000edfe (0x203f2323) sw      gp, 518(t5)
core   0: 3 0x8000edfe (0x203f2323) mem 0x80010000 0x00000001
core   0: 0x8000ee02 (0x0000bfe5) c.j     pc - 8
core   0: 3 0x8000ee02 (0xbfe5)
core   0: 0x8000edfa (0x00001f17) auipc   t5, 0x1
core   0: 3 0x8000edfa (0x00001f17) x30 0x8000fdfa
core   0: 0x8000edfe (0x203f2323) sw      gp, 518(t5)
core   0: 3 0x8000edfe (0x203f2323) mem 0x80010000 0x00000001
core   0: 0x8000ee02 (0x0000bfe5) c.j     pc - 8
core   0: 3 0x8000ee02 (0xbfe5)
core   0: 0x8000edfa (0x00001f17) auipc   t5, 0x1
core   0: 3 0x8000edfa (0x00001f17) x30 0x8000fdfa
core   0: 0x8000edfe (0x203f2323) sw      gp, 518(t5)
core   0: 3 0x8000edfe (0x203f2323) mem 0x80010000 0x00000001
core   0: 0x8000ee02 (0x0000bfe5) c.j     pc - 8
core   0: 3 0x8000ee02 (0xbfe5)
core   0: 0x8000edfa (0x00001f17) auipc   t5, 0x1
core   0: 3 0x8000edfa (0x00001f17) x30 0x8000fdfa
core   0: 0x8000edfe (0x203f2323) sw      gp, 518(t5)
core   0: 3 0x8000edfe (0x203f2323) mem 0x80010000 0x00000001
core   0: 0x8000ee02 (0x0000bfe5) c.j     pc - 8
core   0: 3 0x8000ee02 (0xbfe5)
core   0: 0x8000edfa (0x00001f17) auipc   t5, 0x1
core   0: 3 0x8000edfa (0x00001f17) x30 0x8000fdfa
core   0: 0x8000edfe (0x203f2323) sw      gp, 518(t5)
core   0: 3 0x8000edfe (0x203f2323) mem 0x80010000 0x00000001
core   0: 0x8000ee02 (0x0000bfe5) c.j     pc - 8
core   0: 3 0x8000ee02 (0xbfe5)
core   0: 0x8000edfa (0x00001f17) auipc   t5, 0x1
core   0: 3 0x8000edfa (0x00001f17) x30 0x8000fdfa
core   0: 0x8000edfe (0x203f2323) sw      gp, 518(t5)
core   0: 3 0x8000edfe (0x203f2323) mem 0x80010000 0x00000001
core   0: 0x8000ee02 (0x0000bfe5) c.j     pc - 8
core   0: 3 0x8000ee02 (0xbfe5)
core   0: 0x8000edfa (0x00001f17) auipc   t5, 0x1
core   0: 3 0x8000edfa (0x00001f17) x30 0x8000fdfa
core   0: 0x8000edfe (0x203f2323) sw      gp, 518(t5)
core   0: 3 0x8000edfe (0x203f2323) mem 0x80010000 0x00000001
core   0: 0x8000ee02 (0x0000bfe5) c.j     pc - 8
core   0: 3 0x8000ee02 (0xbfe5)
core   0: 0x8000edfa (0x00001f17) auipc   t5, 0x1
core   0: 3 0x8000edfa (0x00001f17) x30 0x8000fdfa
core   0: 0x8000edfe (0x203f2323) sw      gp, 518(t5)
core   0: 3 0x8000edfe (0x203f2323) mem 0x80010000 0x00000001
core   0: 0x8000ee02 (0x0000bfe5) c.j     pc - 8
core   0: 3 0x8000ee02 (0xbfe5)
core   0: 0x8000edfa (0x00001f17) auipc   t5, 0x1
core   0: 3 0x8000edfa (0x00001f17) x30 0x8000fdfa
core   0: 0x8000edfe (0x203f2323) sw      gp, 518(t5)
core   0: 3 0x8000edfe (0x203f2323) mem 0x80010000 0x00000001
core   0: 0x8000ee02 (0x0000bfe5) c.j     pc - 8
core   0: 3 0x8000ee02 (0xbfe5)
core   0: 0x8000edfa (0x00001f17) auipc   t5, 0x1
core   0: 3 0x8000edfa (0x00001f17) x30 0x8000fdfa
core   0: 0x8000edfe (0x203f2323) sw      gp, 518(t5)
core   0: 3 0x8000edfe (0x203f2323) mem 0x80010000 0x00000001
core   0: 0x8000ee02 (0x0000bfe5) c.j     pc - 8
core   0: 3 0x8000ee02 (0xbfe5)
core   0: 0x8000edfa (0x00001f17) auipc   t5, 0x1
core   0: 3 0x8000edfa (0x00001f17) x30 0x8000fdfa
core   0: 0x8000edfe (0x203f2323) sw      gp, 518(t5)
core   0: 3 0x8000edfe (0x203f2323) mem 0x80010000 0x00000001
core   0: 0x8000ee02 (0x0000bfe5) c.j     pc - 8
core   0: 3 0x8000ee02 (0xbfe5)
core   0: 0x8000edfa (0x00001f17) auipc   t5, 0x1
core   0: 3 0x8000edfa (0x00001f17) x30 0x8000fdfa
core   0: 0x8000edfe (0x203f2323) sw      gp, 518(t5)
core   0: 3 0x8000edfe (0x203f2323) mem 0x80010000 0x00000001
core   0: 0x8000ee02 (0x0000bfe5) c.j     pc - 8
core   0: 3 0x8000ee02 (0xbfe5)
core   0: 0x8000edfa (0x00001f17) auipc   t5, 0x1
core   0: 3 0x8000edfa (0x00001f17) x30 0x8000fdfa
core   0: 0x8000edfe (0x203f2323) sw      gp, 518(t5)
core   0: 3 0x8000edfe (0x203f2323) mem 0x80010000 0x00000001
core   0: 0x8000ee02 (0x0000bfe5) c.j     pc - 8
core   0: 3 0x8000ee02 (0xbfe5)
core   0: 0x8000edfa (0x00001f17) auipc   t5, 0x1
core   0: 3 0x8000edfa (0x00001f17) x30 0x8000fdfa
core   0: 0x8000edfe (0x203f2323) sw      gp, 518(t5)
core   0: 3 0x8000edfe (0x203f2323) mem 0x80010000 0x00000001
core   0: 0x8000ee02 (0x0000bfe5) c.j     pc - 8
core   0: 3 0x8000ee02 (0xbfe5)
core   0: 0x8000edfa (0x00001f17) auipc   t5, 0x1
core   0: 3 0x8000edfa (0x00001f17) x30 0x8000fdfa
core   0: 0x8000edfe (0x203f2323) sw      gp, 518(t5)
core   0: 3 0x8000edfe (0x203f2323) mem 0x80010000 0x00000001
core   0: 0x8000ee02 (0x0000bfe5) c.j     pc - 8
core   0: 3 0x8000ee02 (0xbfe5)
core   0: 0x8000edfa (0x00001f17) auipc   t5, 0x1
core   0: 3 0x8000edfa (0x00001f17) x30 0x8000fdfa
core   0: 0x8000edfe (0x203f2323) sw      gp, 518(t5)
core   0: 3 0x8000edfe (0x203f2323) mem 0x80010000 0x00000001
core   0: 0x8000ee02 (0x0000bfe5) c.j     pc - 8
core   0: 3 0x8000ee02 (0xbfe5)
core   0: 0x8000edfa (0x00001f17) auipc   t5, 0x1
core   0: 3 0x8000edfa (0x00001f17) x30 0x8000fdfa
core   0: 0x8000edfe (0x203f2323) sw      gp, 518(t5)
core   0: 3 0x8000edfe (0x203f2323) mem 0x80010000 0x00000001
core   0: 0x8000ee02 (0x0000bfe5) c.j     pc - 8
core   0: 3 0x8000ee02 (0xbfe5)
core   0: 0x8000edfa (0x00001f17) auipc   t5, 0x1
core   0: 3 0x8000edfa (0x00001f17) x30 0x8000fdfa
core   0: 0x8000edfe (0x203f2323) sw      gp, 518(t5)
core   0: 3 0x8000edfe (0x203f2323) mem 0x80010000 0x00000001
core   0: 0x8000ee02 (0x0000bfe5) c.j     pc - 8
core   0: 3 0x8000ee02 (0xbfe5)
core   0: 0x8000edfa (0x00001f17) auipc   t5, 0x1
core   0: 3 0x8000edfa (0x00001f17) x30 0x8000fdfa
core   0: 0x8000edfe (0x203f2323) sw      gp, 518(t5)
core   0: 3 0x8000edfe (0x203f2323) mem 0x80010000 0x00000001
core   0: 0x8000ee02 (0x0000bfe5) c.j     pc - 8
core   0: 3 0x8000ee02 (0xbfe5)
core   0: 0x8000edfa (0x00001f17) auipc   t5, 0x1
core   0: 3 0x8000edfa (0x00001f17) x30 0x8000fdfa
core   0: 0x8000edfe (0x203f2323) sw      gp, 518(t5)
core   0: 3 0x8000edfe (0x203f2323) mem 0x80010000 0x00000001
core   0: 0x8000ee02 (0x0000bfe5) c.j     pc - 8
core   0: 3 0x8000ee02 (0xbfe5)
core   0: 0x8000edfa (0x00001f17) auipc   t5, 0x1
core   0: 3 0x8000edfa (0x00001f17) x30 0x8000fdfa
core   0: 0x8000edfe (0x203f2323) sw      gp, 518(t5)
core   0: 3 0x8000edfe (0x203f2323) mem 0x80010000 0x00000001
core   0: 0x8000ee02 (0x0000bfe5) c.j     pc - 8
core   0: 3 0x8000ee02 (0xbfe5)
core   0: 0x8000edfa (0x00001f17) auipc   t5, 0x1
core   0: 3 0x8000edfa (0x00001f17) x30 0x8000fdfa
core   0: 0x8000edfe (0x203f2323) sw      gp, 518(t5)
core   0: 3 0x8000edfe (0x203f2323) mem 0x80010000 0x00000001
core   0: 0x8000ee02 (0x0000bfe5) c.j     pc - 8
core   0: 3 0x8000ee02 (0xbfe5)
core   0: 0x8000edfa (0x00001f17) auipc   t5, 0x1
core   0: 3 0x8000edfa (0x00001f17) x30 0x8000fdfa
core   0: 0x8000edfe (0x203f2323) sw      gp, 518(t5)
core   0: 3 0x8000edfe (0x203f2323) mem 0x80010000 0x00000001
core   0: 0x8000ee02 (0x0000bfe5) c.j     pc - 8
core   0: 3 0x8000ee02 (0xbfe5)
core   0: 0x8000edfa (0x00001f17) auipc   t5, 0x1
core   0: 3 0x8000edfa (0x00001f17) x30 0x8000fdfa
core   0: 0x8000edfe (0x203f2323) sw      gp, 518(t5)
core   0: 3 0x8000edfe (0x203f2323) mem 0x80010000 0x00000001
core   0: 0x8000ee02 (0x0000bfe5) c.j     pc - 8
core   0: 3 0x8000ee02 (0xbfe5)
core   0: 0x8000edfa (0x00001f17) auipc   t5, 0x1
core   0: 3 0x8000edfa (0x00001f17) x30 0x8000fdfa
core   0: 0x8000edfe (0x203f2323) sw      gp, 518(t5)
core   0: 3 0x8000edfe (0x203f2323) mem 0x80010000 0x00000001
core   0: 0x8000ee02 (0x0000bfe5) c.j     pc - 8
core   0: 3 0x8000ee02 (0xbfe5)
core   0: 0x8000edfa (0x00001f17) auipc   t5, 0x1
core   0: 3 0x8000edfa (0x00001f17) x30 0x8000fdfa
core   0: 0x8000edfe (0x203f2323) sw      gp, 518(t5)
core   0: 3 0x8000edfe (0x203f2323) mem 0x80010000 0x00000001
core   0: 0x8000ee02 (0x0000bfe5) c.j     pc - 8
core   0: 3 0x8000ee02 (0xbfe5)
core   0: 0x8000edfa (0x00001f17) auipc   t5, 0x1
core   0: 3 0x8000edfa (0x00001f17) x30 0x8000fdfa
core   0: 0x8000edfe (0x203f2323) sw      gp, 518(t5)
core   0: 3 0x8000edfe (0x203f2323) mem 0x80010000 0x00000001
core   0: 0x8000ee02 (0x0000bfe5) c.j     pc - 8
core   0: 3 0x8000ee02 (0xbfe5)
core   0: 0x8000edfa (0x00001f17) auipc   t5, 0x1
core   0: 3 0x8000edfa (0x00001f17) x30 0x8000fdfa
core   0: 0x8000edfe (0x203f2323) sw      gp, 518(t5)
core   0: 3 0x8000edfe (0x203f2323) mem 0x80010000 0x00000001
core   0: 0x8000ee02 (0x0000bfe5) c.j     pc - 8
core   0: 3 0x8000ee02 (0xbfe5)
core   0: 0x8000edfa (0x00001f17) auipc   t5, 0x1
core   0: 3 0x8000edfa (0x00001f17) x30 0x8000fdfa
core   0: 0x8000edfe (0x203f2323) sw      gp, 518(t5)
core   0: 3 0x8000edfe (0x203f2323) mem 0x80010000 0x00000001
core   0: 0x8000ee02 (0x0000bfe5) c.j     pc - 8
core   0: 3 0x8000ee02 (0xbfe5)
core   0: 0x8000edfa (0x00001f17) auipc   t5, 0x1
core   0: 3 0x8000edfa (0x00001f17) x30 0x8000fdfa
core   0: 0x8000edfe (0x203f2323) sw      gp, 518(t5)
core   0: 3 0x8000edfe (0x203f2323) mem 0x80010000 0x00000001
core   0: 0x8000ee02 (0x0000bfe5) c.j     pc - 8
core   0: 3 0x8000ee02 (0xbfe5)
core   0: 0x8000edfa (0x00001f17) auipc   t5, 0x1
core   0: 3 0x8000edfa (0x00001f17) x30 0x8000fdfa
core   0: 0x8000edfe (0x203f2323) sw      gp, 518(t5)
core   0: 3 0x8000edfe (0x203f2323) mem 0x80010000 0x00000001
core   0: 0x8000ee02 (0x0000bfe5) c.j     pc - 8
core   0: 3 0x8000ee02 (0xbfe5)
core   0: 0x8000edfa (0x00001f17) auipc   t5, 0x1
core   0: 3 0x8000edfa (0x00001f17) x30 0x8000fdfa
core   0: 0x8000edfe (0x203f2323) sw      gp, 518(t5)
core   0: 3 0x8000edfe (0x203f2323) mem 0x80010000 0x00000001
core   0: 0x8000ee02 (0x0000bfe5) c.j     pc - 8
core   0: 3 0x8000ee02 (0xbfe5)
core   0: 0x8000edfa (0x00001f17) auipc   t5, 0x1
core   0: 3 0x8000edfa (0x00001f17) x30 0x8000fdfa
core   0: 0x8000edfe (0x203f2323) sw      gp, 518(t5)
core   0: 3 0x8000edfe (0x203f2323) mem 0x80010000 0x00000001
core   0: 0x8000ee02 (0x0000bfe5) c.j     pc - 8
core   0: 3 0x8000ee02 (0xbfe5)
core   0: 0x8000edfa (0x00001f17) auipc   t5, 0x1
core   0: 3 0x8000edfa (0x00001f17) x30 0x8000fdfa
core   0: 0x8000edfe (0x203f2323) sw      gp, 518(t5)
core   0: 3 0x8000edfe (0x203f2323) mem 0x80010000 0x00000001
core   0: 0x8000ee02 (0x0000bfe5) c.j     pc - 8
core   0: 3 0x8000ee02 (0xbfe5)
core   0: 0x8000edfa (0x00001f17) auipc   t5, 0x1
core   0: 3 0x8000edfa (0x00001f17) x30 0x8000fdfa
core   0: 0x8000edfe (0x203f2323) sw      gp, 518(t5)
core   0: 3 0x8000edfe (0x203f2323) mem 0x80010000 0x00000001
core   0: 0x8000ee02 (0x0000bfe5) c.j     pc - 8
core   0: 3 0x8000ee02 (0xbfe5)
core   0: 0x8000edfa (0x00001f17) auipc   t5, 0x1
core   0: 3 0x8000edfa (0x00001f17) x30 0x8000fdfa
core   0: 0x8000edfe (0x203f2323) sw      gp, 518(t5)
core   0: 3 0x8000edfe (0x203f2323) mem 0x80010000 0x00000001
core   0: 0x8000ee02 (0x0000bfe5) c.j     pc - 8
core   0: 3 0x8000ee02 (0xbfe5)
core   0: 0x8000edfa (0x00001f17) auipc   t5, 0x1
core   0: 3 0x8000edfa (0x00001f17) x30 0x8000fdfa
core   0: 0x8000edfe (0x203f2323) sw      gp, 518(t5)
core   0: 3 0x8000edfe (0x203f2323) mem 0x80010000 0x00000001
core   0: 0x8000ee02 (0x0000bfe5) c.j     pc - 8
core   0: 3 0x8000ee02 (0xbfe5)
core   0: 0x8000edfa (0x00001f17) auipc   t5, 0x1
core   0: 3 0x8000edfa (0x00001f17) x30 0x8000fdfa
core   0: 0x8000edfe (0x203f2323) sw      gp, 518(t5)
core   0: 3 0x8000edfe (0x203f2323) mem 0x80010000 0x00000001
core   0: 0x8000ee02 (0x0000bfe5) c.j     pc - 8
core   0: 3 0x8000ee02 (0xbfe5)
core   0: 0x8000edfa (0x00001f17) auipc   t5, 0x1
core   0: 3 0x8000edfa (0x00001f17) x30 0x8000fdfa
core   0: 0x8000edfe (0x203f2323) sw      gp, 518(t5)
core   0: 3 0x8000edfe (0x203f2323) mem 0x80010000 0x00000001
core   0: 0x8000ee02 (0x0000bfe5) c.j     pc - 8
core   0: 3 0x8000ee02 (0xbfe5)
core   0: 0x8000edfa (0x00001f17) auipc   t5, 0x1
core   0: 3 0x8000edfa (0x00001f17) x30 0x8000fdfa
core   0: 0x8000edfe (0x203f2323) sw      gp, 518(t5)
core   0: 3 0x8000edfe (0x203f2323) mem 0x80010000 0x00000001
core   0: 0x8000ee02 (0x0000bfe5) c.j     pc - 8
core   0: 3 0x8000ee02 (0xbfe5)
core   0: 0x8000edfa (0x00001f17) auipc   t5, 0x1
core   0: 3 0x8000edfa (0x00001f17) x30 0x8000fdfa
core   0: 0x8000edfe (0x203f2323) sw      gp, 518(t5)
core   0: 3 0x8000edfe (0x203f2323) mem 0x80010000 0x00000001
core   0: 0x8000ee02 (0x0000bfe5) c.j     pc - 8
core   0: 3 0x8000ee02 (0xbfe5)
core   0: 0x8000edfa (0x00001f17) auipc   t5, 0x1
core   0: 3 0x8000edfa (0x00001f17) x30 0x8000fdfa
core   0: 0x8000edfe (0x203f2323) sw      gp, 518(t5)
core   0: 3 0x8000edfe (0x203f2323) mem 0x80010000 0x00000001
core   0: 0x8000ee02 (0x0000bfe5) c.j     pc - 8
core   0: 3 0x8000ee02 (0xbfe5)
core   0: 0x8000edfa (0x00001f17) auipc   t5, 0x1
core   0: 3 0x8000edfa (0x00001f17) x30 0x8000fdfa
core   0: 0x8000edfe (0x203f2323) sw      gp, 518(t5)
core   0: 3 0x8000edfe (0x203f2323) mem 0x80010000 0x00000001
core   0: 0x8000ee02 (0x0000bfe5) c.j     pc - 8
core   0: 3 0x8000ee02 (0xbfe5)
core   0: 0x8000edfa (0x00001f17) auipc   t5, 0x1
core   0: 3 0x8000edfa (0x00001f17) x30 0x8000fdfa
core   0: 0x8000edfe (0x203f2323) sw      gp, 518(t5)
core   0: 3 0x8000edfe (0x203f2323) mem 0x80010000 0x00000001
core   0: 0x8000ee02 (0x0000bfe5) c.j     pc - 8
core   0: 3 0x8000ee02 (0xbfe5)
core   0: 0x8000edfa (0x00001f17) auipc   t5, 0x1
core   0: 3 0x8000edfa (0x00001f17) x30 0x8000fdfa
core   0: 0x8000edfe (0x203f2323) sw      gp, 518(t5)
core   0: 3 0x8000edfe (0x203f2323) mem 0x80010000 0x00000001
core   0: 0x8000ee02 (0x0000bfe5) c.j     pc - 8
core   0: 3 0x8000ee02 (0xbfe5)
core   0: 0x8000edfa (0x00001f17) auipc   t5, 0x1
core   0: 3 0x8000edfa (0x00001f17) x30 0x8000fdfa
core   0: 0x8000edfe (0x203f2323) sw      gp, 518(t5)
core   0: 3 0x8000edfe (0x203f2323) mem 0x80010000 0x00000001
core   0: 0x8000ee02 (0x0000bfe5) c.j     pc - 8
core   0: 3 0x8000ee02 (0xbfe5)
core   0: 0x8000edfa (0x00001f17) auipc   t5, 0x1
core   0: 3 0x8000edfa (0x00001f17) x30 0x8000fdfa
core   0: 0x8000edfe (0x203f2323) sw      gp, 518(t5)
core   0: 3 0x8000edfe (0x203f2323) mem 0x80010000 0x00000001
core   0: 0x8000ee02 (0x0000bfe5) c.j     pc - 8
core   0: 3 0x8000ee02 (0xbfe5)
core   0: 0x8000edfa (0x00001f17) auipc   t5, 0x1
core   0: 3 0x8000edfa (0x00001f17) x30 0x8000fdfa
core   0: 0x8000edfe (0x203f2323) sw      gp, 518(t5)
core   0: 3 0x8000edfe (0x203f2323) mem 0x80010000 0x00000001
core   0: 0x8000ee02 (0x0000bfe5) c.j     pc - 8
core   0: 3 0x8000ee02 (0xbfe5)
core   0: 0x8000edfa (0x00001f17) auipc   t5, 0x1
core   0: 3 0x8000edfa (0x00001f17) x30 0x8000fdfa
core   0: 0x8000edfe (0x203f2323) sw      gp, 518(t5)
core   0: 3 0x8000edfe (0x203f2323) mem 0x80010000 0x00000001
core   0: 0x8000ee02 (0x0000bfe5) c.j     pc - 8
core   0: 3 0x8000ee02 (0xbfe5)
core   0: 0x8000edfa (0x00001f17) auipc   t5, 0x1
core   0: 3 0x8000edfa (0x00001f17) x30 0x8000fdfa
core   0: 0x8000edfe (0x203f2323) sw      gp, 518(t5)
core   0: 3 0x8000edfe (0x203f2323) mem 0x80010000 0x00000001
core   0: 0x8000ee02 (0x0000bfe5) c.j     pc - 8
core   0: 3 0x8000ee02 (0xbfe5)
core   0: 0x8000edfa (0x00001f17) auipc   t5, 0x1
core   0: 3 0x8000edfa (0x00001f17) x30 0x8000fdfa
core   0: 0x8000edfe (0x203f2323) sw      gp, 518(t5)
core   0: 3 0x8000edfe (0x203f2323) mem 0x80010000 0x00000001
core   0: 0x8000ee02 (0x0000bfe5) c.j     pc - 8
core   0: 3 0x8000ee02 (0xbfe5)
core   0: 0x8000edfa (0x00001f17) auipc   t5, 0x1
core   0: 3 0x8000edfa (0x00001f17) x30 0x8000fdfa
core   0: 0x8000edfe (0x203f2323) sw      gp, 518(t5)
core   0: 3 0x8000edfe (0x203f2323) mem 0x80010000 0x00000001
core   0: 0x8000ee02 (0x0000bfe5) c.j     pc - 8
core   0: 3 0x8000ee02 (0xbfe5)
core   0: 0x8000edfa (0x00001f17) auipc   t5, 0x1
core   0: 3 0x8000edfa (0x00001f17) x30 0x8000fdfa
core   0: 0x8000edfe (0x203f2323) sw      gp, 518(t5)
core   0: 3 0x8000edfe (0x203f2323) mem 0x80010000 0x00000001
core   0: 0x8000ee02 (0x0000bfe5) c.j     pc - 8
core   0: 3 0x8000ee02 (0xbfe5)
core   0: 0x8000edfa (0x00001f17) auipc   t5, 0x1
core   0: 3 0x8000edfa (0x00001f17) x30 0x8000fdfa
core   0: 0x8000edfe (0x203f2323) sw      gp, 518(t5)
core   0: 3 0x8000edfe (0x203f2323) mem 0x80010000 0x00000001
core   0: 0x8000ee02 (0x0000bfe5) c.j     pc - 8
core   0: 3 0x8000ee02 (0xbfe5)
core   0: 0x8000edfa (0x00001f17) auipc   t5, 0x1
core   0: 3 0x8000edfa (0x00001f17) x30 0x8000fdfa
core   0: 0x8000edfe (0x203f2323) sw      gp, 518(t5)
core   0: 3 0x8000edfe (0x203f2323) mem 0x80010000 0x00000001
core   0: 0x8000ee02 (0x0000bfe5) c.j     pc - 8
core   0: 3 0x8000ee02 (0xbfe5)
core   0: 0x8000edfa (0x00001f17) auipc   t5, 0x1
core   0: 3 0x8000edfa (0x00001f17) x30 0x8000fdfa
core   0: 0x8000edfe (0x203f2323) sw      gp, 518(t5)
core   0: 3 0x8000edfe (0x203f2323) mem 0x80010000 0x00000001
core   0: 0x8000ee02 (0x0000bfe5) c.j     pc - 8
core   0: 3 0x8000ee02 (0xbfe5)
core   0: 0x8000edfa (0x00001f17) auipc   t5, 0x1
core   0: 3 0x8000edfa (0x00001f17) x30 0x8000fdfa
core   0: 0x8000edfe (0x203f2323) sw      gp, 518(t5)
core   0: 3 0x8000edfe (0x203f2323) mem 0x80010000 0x00000001
core   0: 0x8000ee02 (0x0000bfe5) c.j     pc - 8
core   0: 3 0x8000ee02 (0xbfe5)
core   0: 0x8000edfa (0x00001f17) auipc   t5, 0x1
core   0: 3 0x8000edfa (0x00001f17) x30 0x8000fdfa
core   0: 0x8000edfe (0x203f2323) sw      gp, 518(t5)
core   0: 3 0x8000edfe (0x203f2323) mem 0x80010000 0x00000001
core   0: 0x8000ee02 (0x0000bfe5) c.j     pc - 8
core   0: 3 0x8000ee02 (0xbfe5)
core   0: 0x8000edfa (0x00001f17) auipc   t5, 0x1
core   0: 3 0x8000edfa (0x00001f17) x30 0x8000fdfa
core   0: 0x8000edfe (0x203f2323) sw      gp, 518(t5)
core   0: 3 0x8000edfe (0x203f2323) mem 0x80010000 0x00000001
core   0: 0x8000ee02 (0x0000bfe5) c.j     pc - 8
core   0: 3 0x8000ee02 (0xbfe5)
core   0: 0x8000edfa (0x00001f17) auipc   t5, 0x1
core   0: 3 0x8000edfa (0x00001f17) x30 0x8000fdfa
core   0: 0x8000edfe (0x203f2323) sw      gp, 518(t5)
core   0: 3 0x8000edfe (0x203f2323) mem 0x80010000 0x00000001
core   0: 0x8000ee02 (0x0000bfe5) c.j     pc - 8
core   0: 3 0x8000ee02 (0xbfe5)
core   0: 0x8000edfa (0x00001f17) auipc   t5, 0x1
core   0: 3 0x8000edfa (0x00001f17) x30 0x8000fdfa
core   0: 0x8000edfe (0x203f2323) sw      gp, 518(t5)
core   0: 3 0x8000edfe (0x203f2323) mem 0x80010000 0x00000001
core   0: 0x8000ee02 (0x0000bfe5) c.j     pc - 8
core   0: 3 0x8000ee02 (0xbfe5)
core   0: 0x8000edfa (0x00001f17) auipc   t5, 0x1
core   0: 3 0x8000edfa (0x00001f17) x30 0x8000fdfa
core   0: 0x8000edfe (0x203f2323) sw      gp, 518(t5)
core   0: 3 0x8000edfe (0x203f2323) mem 0x80010000 0x00000001
core   0: 0x8000ee02 (0x0000bfe5) c.j     pc - 8
core   0: 3 0x8000ee02 (0xbfe5)
core   0: 0x8000edfa (0x00001f17) auipc   t5, 0x1
core   0: 3 0x8000edfa (0x00001f17) x30 0x8000fdfa
core   0: 0x8000edfe (0x203f2323) sw      gp, 518(t5)
core   0: 3 0x8000edfe (0x203f2323) mem 0x80010000 0x00000001
core   0: 0x8000ee02 (0x0000bfe5) c.j     pc - 8
core   0: 3 0x8000ee02 (0xbfe5)
core   0: 0x8000edfa (0x00001f17) auipc   t5, 0x1
core   0: 3 0x8000edfa (0x00001f17) x30 0x8000fdfa
core   0: 0x8000edfe (0x203f2323) sw      gp, 518(t5)
core   0: 3 0x8000edfe (0x203f2323) mem 0x80010000 0x00000001
core   0: 0x8000ee02 (0x0000bfe5) c.j     pc - 8
core   0: 3 0x8000ee02 (0xbfe5)
core   0: 0x8000edfa (0x00001f17) auipc   t5, 0x1
core   0: 3 0x8000edfa (0x00001f17) x30 0x8000fdfa
core   0: 0x8000edfe (0x203f2323) sw      gp, 518(t5)
core   0: 3 0x8000edfe (0x203f2323) mem 0x80010000 0x00000001
core   0: 0x8000ee02 (0x0000bfe5) c.j     pc - 8
core   0: 3 0x8000ee02 (0xbfe5)
core   0: 0x8000edfa (0x00001f17) auipc   t5, 0x1
core   0: 3 0x8000edfa (0x00001f17) x30 0x8000fdfa
core   0: 0x8000edfe (0x203f2323) sw      gp, 518(t5)
core   0: 3 0x8000edfe (0x203f2323) mem 0x80010000 0x00000001
core   0: 0x8000ee02 (0x0000bfe5) c.j     pc - 8
core   0: 3 0x8000ee02 (0xbfe5)
core   0: 0x8000edfa (0x00001f17) auipc   t5, 0x1
core   0: 3 0x8000edfa (0x00001f17) x30 0x8000fdfa
core   0: 0x8000edfe (0x203f2323) sw      gp, 518(t5)
core   0: 3 0x8000edfe (0x203f2323) mem 0x80010000 0x00000001
core   0: 0x8000ee02 (0x0000bfe5) c.j     pc - 8
core   0: 3 0x8000ee02 (0xbfe5)
core   0: 0x8000edfa (0x00001f17) auipc   t5, 0x1
core   0: 3 0x8000edfa (0x00001f17) x30 0x8000fdfa
core   0: 0x8000edfe (0x203f2323) sw      gp, 518(t5)
core   0: 3 0x8000edfe (0x203f2323) mem 0x80010000 0x00000001
core   0: 0x8000ee02 (0x0000bfe5) c.j     pc - 8
core   0: 3 0x8000ee02 (0xbfe5)
core   0: 0x8000edfa (0x00001f17) auipc   t5, 0x1
core   0: 3 0x8000edfa (0x00001f17) x30 0x8000fdfa
core   0: 0x8000edfe (0x203f2323) sw      gp, 518(t5)
core   0: 3 0x8000edfe (0x203f2323) mem 0x80010000 0x00000001
core   0: 0x8000ee02 (0x0000bfe5) c.j     pc - 8
core   0: 3 0x8000ee02 (0xbfe5)
core   0: 0x8000edfa (0x00001f17) auipc   t5, 0x1
core   0: 3 0x8000edfa (0x00001f17) x30 0x8000fdfa
core   0: 0x8000edfe (0x203f2323) sw      gp, 518(t5)
core   0: 3 0x8000edfe (0x203f2323) mem 0x80010000 0x00000001
core   0: 0x8000ee02 (0x0000bfe5) c.j     pc - 8
core   0: 3 0x8000ee02 (0xbfe5)
core   0: 0x8000edfa (0x00001f17) auipc   t5, 0x1
core   0: 3 0x8000edfa (0x00001f17) x30 0x8000fdfa
core   0: 0x8000edfe (0x203f2323) sw      gp, 518(t5)
core   0: 3 0x8000edfe (0x203f2323) mem 0x80010000 0x00000001
core   0: 0x8000ee02 (0x0000bfe5) c.j     pc - 8
core   0: 3 0x8000ee02 (0xbfe5)
core   0: 0x8000edfa (0x00001f17) auipc   t5, 0x1
core   0: 3 0x8000edfa (0x00001f17) x30 0x8000fdfa
core   0: 0x8000edfe (0x203f2323) sw      gp, 518(t5)
core   0: 3 0x8000edfe (0x203f2323) mem 0x80010000 0x00000001
core   0: 0x8000ee02 (0x0000bfe5) c.j     pc - 8
core   0: 3 0x8000ee02 (0xbfe5)
core   0: 0x8000edfa (0x00001f17) auipc   t5, 0x1
core   0: 3 0x8000edfa (0x00001f17) x30 0x8000fdfa
core   0: 0x8000edfe (0x203f2323) sw      gp, 518(t5)
core   0: 3 0x8000edfe (0x203f2323) mem 0x80010000 0x00000001
core   0: 0x8000ee02 (0x0000bfe5) c.j     pc - 8
core   0: 3 0x8000ee02 (0xbfe5)
core   0: 0x8000edfa (0x00001f17) auipc   t5, 0x1
core   0: 3 0x8000edfa (0x00001f17) x30 0x8000fdfa
core   0: 0x8000edfe (0x203f2323) sw      gp, 518(t5)
core   0: 3 0x8000edfe (0x203f2323) mem 0x80010000 0x00000001
core   0: 0x8000ee02 (0x0000bfe5) c.j     pc - 8
core   0: 3 0x8000ee02 (0xbfe5)
core   0: 0x8000edfa (0x00001f17) auipc   t5, 0x1
core   0: 3 0x8000edfa (0x00001f17) x30 0x8000fdfa
core   0: 0x8000edfe (0x203f2323) sw      gp, 518(t5)
core   0: 3 0x8000edfe (0x203f2323) mem 0x80010000 0x00000001
core   0: 0x8000ee02 (0x0000bfe5) c.j     pc - 8
core   0: 3 0x8000ee02 (0xbfe5)
core   0: 0x8000edfa (0x00001f17) auipc   t5, 0x1
core   0: 3 0x8000edfa (0x00001f17) x30 0x8000fdfa
core   0: 0x8000edfe (0x203f2323) sw      gp, 518(t5)
core   0: 3 0x8000edfe (0x203f2323) mem 0x80010000 0x00000001
core   0: 0x8000ee02 (0x0000bfe5) c.j     pc - 8
core   0: 3 0x8000ee02 (0xbfe5)
core   0: 0x8000edfa (0x00001f17) auipc   t5, 0x1
core   0: 3 0x8000edfa (0x00001f17) x30 0x8000fdfa
core   0: 0x8000edfe (0x203f2323) sw      gp, 518(t5)
core   0: 3 0x8000edfe (0x203f2323) mem 0x80010000 0x00000001
core   0: 0x8000ee02 (0x0000bfe5) c.j     pc - 8
core   0: 3 0x8000ee02 (0xbfe5)
core   0: 0x8000edfa (0x00001f17) auipc   t5, 0x1
core   0: 3 0x8000edfa (0x00001f17) x30 0x8000fdfa
core   0: 0x8000edfe (0x203f2323) sw      gp, 518(t5)
core   0: 3 0x8000edfe (0x203f2323) mem 0x80010000 0x00000001
core   0: 0x8000ee02 (0x0000bfe5) c.j     pc - 8
core   0: 3 0x8000ee02 (0xbfe5)
core   0: 0x8000edfa (0x00001f17) auipc   t5, 0x1
core   0: 3 0x8000edfa (0x00001f17) x30 0x8000fdfa
core   0: 0x8000edfe (0x203f2323) sw      gp, 518(t5)
core   0: 3 0x8000edfe (0x203f2323) mem 0x80010000 0x00000001
core   0: 0x8000ee02 (0x0000bfe5) c.j     pc - 8
core   0: 3 0x8000ee02 (0xbfe5)
core   0: 0x8000edfa (0x00001f17) auipc   t5, 0x1
core   0: 3 0x8000edfa (0x00001f17) x30 0x8000fdfa
core   0: 0x8000edfe (0x203f2323) sw      gp, 518(t5)
core   0: 3 0x8000edfe (0x203f2323) mem 0x80010000 0x00000001
core   0: 0x8000ee02 (0x0000bfe5) c.j     pc - 8
core   0: 3 0x8000ee02 (0xbfe5)
core   0: 0x8000edfa (0x00001f17) auipc   t5, 0x1
core   0: 3 0x8000edfa (0x00001f17) x30 0x8000fdfa
core   0: 0x8000edfe (0x203f2323) sw      gp, 518(t5)
core   0: 3 0x8000edfe (0x203f2323) mem 0x80010000 0x00000001
core   0: 0x8000ee02 (0x0000bfe5) c.j     pc - 8
core   0: 3 0x8000ee02 (0xbfe5)
core   0: 0x8000edfa (0x00001f17) auipc   t5, 0x1
core   0: 3 0x8000edfa (0x00001f17) x30 0x8000fdfa
core   0: 0x8000edfe (0x203f2323) sw      gp, 518(t5)
core   0: 3 0x8000edfe (0x203f2323) mem 0x80010000 0x00000001
core   0: 0x8000ee02 (0x0000bfe5) c.j     pc - 8
core   0: 3 0x8000ee02 (0xbfe5)
core   0: 0x8000edfa (0x00001f17) auipc   t5, 0x1
core   0: 3 0x8000edfa (0x00001f17) x30 0x8000fdfa
core   0: 0x8000edfe (0x203f2323) sw      gp, 518(t5)
core   0: 3 0x8000edfe (0x203f2323) mem 0x80010000 0x00000001
core   0: 0x8000ee02 (0x0000bfe5) c.j     pc - 8
core   0: 3 0x8000ee02 (0xbfe5)
core   0: 0x8000edfa (0x00001f17) auipc   t5, 0x1
core   0: 3 0x8000edfa (0x00001f17) x30 0x8000fdfa
core   0: 0x8000edfe (0x203f2323) sw      gp, 518(t5)
core   0: 3 0x8000edfe (0x203f2323) mem 0x80010000 0x00000001
core   0: 0x8000ee02 (0x0000bfe5) c.j     pc - 8
core   0: 3 0x8000ee02 (0xbfe5)
core   0: 0x8000edfa (0x00001f17) auipc   t5, 0x1
core   0: 3 0x8000edfa (0x00001f17) x30 0x8000fdfa
core   0: 0x8000edfe (0x203f2323) sw      gp, 518(t5)
core   0: 3 0x8000edfe (0x203f2323) mem 0x80010000 0x00000001
core   0: 0x8000ee02 (0x0000bfe5) c.j     pc - 8
core   0: 3 0x8000ee02 (0xbfe5)
core   0: 0x8000edfa (0x00001f17) auipc   t5, 0x1
core   0: 3 0x8000edfa (0x00001f17) x30 0x8000fdfa
core   0: 0x8000edfe (0x203f2323) sw      gp, 518(t5)
core   0: 3 0x8000edfe (0x203f2323) mem 0x80010000 0x00000001
core   0: 0x8000ee02 (0x0000bfe5) c.j     pc - 8
core   0: 3 0x8000ee02 (0xbfe5)
core   0: 0x8000edfa (0x00001f17) auipc   t5, 0x1
core   0: 3 0x8000edfa (0x00001f17) x30 0x8000fdfa
core   0: 0x8000edfe (0x203f2323) sw      gp, 518(t5)
core   0: 3 0x8000edfe (0x203f2323) mem 0x80010000 0x00000001
core   0: 0x8000ee02 (0x0000bfe5) c.j     pc - 8
core   0: 3 0x8000ee02 (0xbfe5)
core   0: 0x8000edfa (0x00001f17) auipc   t5, 0x1
core   0: 3 0x8000edfa (0x00001f17) x30 0x8000fdfa
core   0: 0x8000edfe (0x203f2323) sw      gp, 518(t5)
core   0: 3 0x8000edfe (0x203f2323) mem 0x80010000 0x00000001
core   0: 0x8000ee02 (0x0000bfe5) c.j     pc - 8
core   0: 3 0x8000ee02 (0xbfe5)
core   0: 0x8000edfa (0x00001f17) auipc   t5, 0x1
core   0: 3 0x8000edfa (0x00001f17) x30 0x8000fdfa
core   0: 0x8000edfe (0x203f2323) sw      gp, 518(t5)
core   0: 3 0x8000edfe (0x203f2323) mem 0x80010000 0x00000001
core   0: 0x8000ee02 (0x0000bfe5) c.j     pc - 8
core   0: 3 0x8000ee02 (0xbfe5)
core   0: 0x8000edfa (0x00001f17) auipc   t5, 0x1
core   0: 3 0x8000edfa (0x00001f17) x30 0x8000fdfa
core   0: 0x8000edfe (0x203f2323) sw      gp, 518(t5)
core   0: 3 0x8000edfe (0x203f2323) mem 0x80010000 0x00000001
core   0: 0x8000ee02 (0x0000bfe5) c.j     pc - 8
core   0: 3 0x8000ee02 (0xbfe5)
core   0: 0x8000edfa (0x00001f17) auipc   t5, 0x1
core   0: 3 0x8000edfa (0x00001f17) x30 0x8000fdfa
core   0: 0x8000edfe (0x203f2323) sw      gp, 518(t5)
core   0: 3 0x8000edfe (0x203f2323) mem 0x80010000 0x00000001
core   0: 0x8000ee02 (0x0000bfe5) c.j     pc - 8
core   0: 3 0x8000ee02 (0xbfe5)
core   0: 0x8000edfa (0x00001f17) auipc   t5, 0x1
core   0: 3 0x8000edfa (0x00001f17) x30 0x8000fdfa
core   0: 0x8000edfe (0x203f2323) sw      gp, 518(t5)
core   0: 3 0x8000edfe (0x203f2323) mem 0x80010000 0x00000001
core   0: 0x8000ee02 (0x0000bfe5) c.j     pc - 8
core   0: 3 0x8000ee02 (0xbfe5)
core   0: 0x8000edfa (0x00001f17) auipc   t5, 0x1
core   0: 3 0x8000edfa (0x00001f17) x30 0x8000fdfa
core   0: 0x8000edfe (0x203f2323) sw      gp, 518(t5)
core   0: 3 0x8000edfe (0x203f2323) mem 0x80010000 0x00000001
core   0: 0x8000ee02 (0x0000bfe5) c.j     pc - 8
core   0: 3 0x8000ee02 (0xbfe5)
core   0: 0x8000edfa (0x00001f17) auipc   t5, 0x1
core   0: 3 0x8000edfa (0x00001f17) x30 0x8000fdfa
core   0: 0x8000edfe (0x203f2323) sw      gp, 518(t5)
core   0: 3 0x8000edfe (0x203f2323) mem 0x80010000 0x00000001
core   0: 0x8000ee02 (0x0000bfe5) c.j     pc - 8
core   0: 3 0x8000ee02 (0xbfe5)
core   0: 0x8000edfa (0x00001f17) auipc   t5, 0x1
core   0: 3 0x8000edfa (0x00001f17) x30 0x8000fdfa
core   0: 0x8000edfe (0x203f2323) sw      gp, 518(t5)
core   0: 3 0x8000edfe (0x203f2323) mem 0x80010000 0x00000001
core   0: 0x8000ee02 (0x0000bfe5) c.j     pc - 8
core   0: 3 0x8000ee02 (0xbfe5)
core   0: 0x8000edfa (0x00001f17) auipc   t5, 0x1
core   0: 3 0x8000edfa (0x00001f17) x30 0x8000fdfa
core   0: 0x8000edfe (0x203f2323) sw      gp, 518(t5)
core   0: 3 0x8000edfe (0x203f2323) mem 0x80010000 0x00000001
core   0: 0x8000ee02 (0x0000bfe5) c.j     pc - 8
core   0: 3 0x8000ee02 (0xbfe5)
core   0: 0x8000edfa (0x00001f17) auipc   t5, 0x1
core   0: 3 0x8000edfa (0x00001f17) x30 0x8000fdfa
core   0: 0x8000edfe (0x203f2323) sw      gp, 518(t5)
core   0: 3 0x8000edfe (0x203f2323) mem 0x80010000 0x00000001
core   0: 0x8000ee02 (0x0000bfe5) c.j     pc - 8
core   0: 3 0x8000ee02 (0xbfe5)
core   0: 0x8000edfa (0x00001f17) auipc   t5, 0x1
core   0: 3 0x8000edfa (0x00001f17) x30 0x8000fdfa
core   0: 0x8000edfe (0x203f2323) sw      gp, 518(t5)
core   0: 3 0x8000edfe (0x203f2323) mem 0x80010000 0x00000001
core   0: 0x8000ee02 (0x0000bfe5) c.j     pc - 8
core   0: 3 0x8000ee02 (0xbfe5)
core   0: 0x8000edfa (0x00001f17) auipc   t5, 0x1
core   0: 3 0x8000edfa (0x00001f17) x30 0x8000fdfa
core   0: 0x8000edfe (0x203f2323) sw      gp, 518(t5)
core   0: 3 0x8000edfe (0x203f2323) mem 0x80010000 0x00000001
core   0: 0x8000ee02 (0x0000bfe5) c.j     pc - 8
core   0: 3 0x8000ee02 (0xbfe5)
core   0: 0x8000edfa (0x00001f17) auipc   t5, 0x1
core   0: 3 0x8000edfa (0x00001f17) x30 0x8000fdfa
core   0: 0x8000edfe (0x203f2323) sw      gp, 518(t5)
core   0: 3 0x8000edfe (0x203f2323) mem 0x80010000 0x00000001
core   0: 0x8000ee02 (0x0000bfe5) c.j     pc - 8
core   0: 3 0x8000ee02 (0xbfe5)
core   0: 0x8000edfa (0x00001f17) auipc   t5, 0x1
core   0: 3 0x8000edfa (0x00001f17) x30 0x8000fdfa
core   0: 0x8000edfe (0x203f2323) sw      gp, 518(t5)
core   0: 3 0x8000edfe (0x203f2323) mem 0x80010000 0x00000001
core   0: 0x8000ee02 (0x0000bfe5) c.j     pc - 8
core   0: 3 0x8000ee02 (0xbfe5)
core   0: 0x8000edfa (0x00001f17) auipc   t5, 0x1
core   0: 3 0x8000edfa (0x00001f17) x30 0x8000fdfa
core   0: 0x8000edfe (0x203f2323) sw      gp, 518(t5)
core   0: 3 0x8000edfe (0x203f2323) mem 0x80010000 0x00000001
core   0: 0x8000ee02 (0x0000bfe5) c.j     pc - 8
core   0: 3 0x8000ee02 (0xbfe5)
core   0: 0x8000edfa (0x00001f17) auipc   t5, 0x1
core   0: 3 0x8000edfa (0x00001f17) x30 0x8000fdfa
core   0: 0x8000edfe (0x203f2323) sw      gp, 518(t5)
core   0: 3 0x8000edfe (0x203f2323) mem 0x80010000 0x00000001
core   0: 0x8000ee02 (0x0000bfe5) c.j     pc - 8
core   0: 3 0x8000ee02 (0xbfe5)
core   0: 0x8000edfa (0x00001f17) auipc   t5, 0x1
core   0: 3 0x8000edfa (0x00001f17) x30 0x8000fdfa
core   0: 0x8000edfe (0x203f2323) sw      gp, 518(t5)
core   0: 3 0x8000edfe (0x203f2323) mem 0x80010000 0x00000001
core   0: 0x8000ee02 (0x0000bfe5) c.j     pc - 8
core   0: 3 0x8000ee02 (0xbfe5)
core   0: 0x8000edfa (0x00001f17) auipc   t5, 0x1
core   0: 3 0x8000edfa (0x00001f17) x30 0x8000fdfa
core   0: 0x8000edfe (0x203f2323) sw      gp, 518(t5)
core   0: 3 0x8000edfe (0x203f2323) mem 0x80010000 0x00000001
core   0: 0x8000ee02 (0x0000bfe5) c.j     pc - 8
core   0: 3 0x8000ee02 (0xbfe5)
core   0: 0x8000edfa (0x00001f17) auipc   t5, 0x1
core   0: 3 0x8000edfa (0x00001f17) x30 0x8000fdfa
core   0: 0x8000edfe (0x203f2323) sw      gp, 518(t5)
core   0: 3 0x8000edfe (0x203f2323) mem 0x80010000 0x00000001
core   0: 0x8000ee02 (0x0000bfe5) c.j     pc - 8
core   0: 3 0x8000ee02 (0xbfe5)
core   0: 0x8000edfa (0x00001f17) auipc   t5, 0x1
core   0: 3 0x8000edfa (0x00001f17) x30 0x8000fdfa
core   0: 0x8000edfe (0x203f2323) sw      gp, 518(t5)
core   0: 3 0x8000edfe (0x203f2323) mem 0x80010000 0x00000001
core   0: 0x8000ee02 (0x0000bfe5) c.j     pc - 8
core   0: 3 0x8000ee02 (0xbfe5)
core   0: 0x8000edfa (0x00001f17) auipc   t5, 0x1
core   0: 3 0x8000edfa (0x00001f17) x30 0x8000fdfa
core   0: 0x8000edfe (0x203f2323) sw      gp, 518(t5)
core   0: 3 0x8000edfe (0x203f2323) mem 0x80010000 0x00000001
core   0: 0x8000ee02 (0x0000bfe5) c.j     pc - 8
core   0: 3 0x8000ee02 (0xbfe5)
core   0: 0x8000edfa (0x00001f17) auipc   t5, 0x1
core   0: 3 0x8000edfa (0x00001f17) x30 0x8000fdfa
core   0: 0x8000edfe (0x203f2323) sw      gp, 518(t5)
core   0: 3 0x8000edfe (0x203f2323) mem 0x80010000 0x00000001
core   0: 0x8000ee02 (0x0000bfe5) c.j     pc - 8
core   0: 3 0x8000ee02 (0xbfe5)
core   0: 0x8000edfa (0x00001f17) auipc   t5, 0x1
core   0: 3 0x8000edfa (0x00001f17) x30 0x8000fdfa
core   0: 0x8000edfe (0x203f2323) sw      gp, 518(t5)
core   0: 3 0x8000edfe (0x203f2323) mem 0x80010000 0x00000001
core   0: 0x8000ee02 (0x0000bfe5) c.j     pc - 8
core   0: 3 0x8000ee02 (0xbfe5)
core   0: 0x8000edfa (0x00001f17) auipc   t5, 0x1
core   0: 3 0x8000edfa (0x00001f17) x30 0x8000fdfa
core   0: 0x8000edfe (0x203f2323) sw      gp, 518(t5)
core   0: 3 0x8000edfe (0x203f2323) mem 0x80010000 0x00000001
core   0: 0x8000ee02 (0x0000bfe5) c.j     pc - 8
core   0: 3 0x8000ee02 (0xbfe5)
core   0: 0x8000edfa (0x00001f17) auipc   t5, 0x1
core   0: 3 0x8000edfa (0x00001f17) x30 0x8000fdfa
core   0: 0x8000edfe (0x203f2323) sw      gp, 518(t5)
core   0: 3 0x8000edfe (0x203f2323) mem 0x80010000 0x00000001
core   0: 0x8000ee02 (0x0000bfe5) c.j     pc - 8
core   0: 3 0x8000ee02 (0xbfe5)
core   0: 0x8000edfa (0x00001f17) auipc   t5, 0x1
core   0: 3 0x8000edfa (0x00001f17) x30 0x8000fdfa
core   0: 0x8000edfe (0x203f2323) sw      gp, 518(t5)
core   0: 3 0x8000edfe (0x203f2323) mem 0x80010000 0x00000001
core   0: 0x8000ee02 (0x0000bfe5) c.j     pc - 8
core   0: 3 0x8000ee02 (0xbfe5)
core   0: 0x8000edfa (0x00001f17) auipc   t5, 0x1
core   0: 3 0x8000edfa (0x00001f17) x30 0x8000fdfa
core   0: 0x8000edfe (0x203f2323) sw      gp, 518(t5)
core   0: 3 0x8000edfe (0x203f2323) mem 0x80010000 0x00000001
core   0: 0x8000ee02 (0x0000bfe5) c.j     pc - 8
core   0: 3 0x8000ee02 (0xbfe5)
core   0: 0x8000edfa (0x00001f17) auipc   t5, 0x1
core   0: 3 0x8000edfa (0x00001f17) x30 0x8000fdfa
core   0: 0x8000edfe (0x203f2323) sw      gp, 518(t5)
core   0: 3 0x8000edfe (0x203f2323) mem 0x80010000 0x00000001
core   0: 0x8000ee02 (0x0000bfe5) c.j     pc - 8
core   0: 3 0x8000ee02 (0xbfe5)
core   0: 0x8000edfa (0x00001f17) auipc   t5, 0x1
core   0: 3 0x8000edfa (0x00001f17) x30 0x8000fdfa
core   0: 0x8000edfe (0x203f2323) sw      gp, 518(t5)
core   0: 3 0x8000edfe (0x203f2323) mem 0x80010000 0x00000001
core   0: 0x8000ee02 (0x0000bfe5) c.j     pc - 8
core   0: 3 0x8000ee02 (0xbfe5)
core   0: 0x8000edfa (0x00001f17) auipc   t5, 0x1
core   0: 3 0x8000edfa (0x00001f17) x30 0x8000fdfa
core   0: 0x8000edfe (0x203f2323) sw      gp, 518(t5)
core   0: 3 0x8000edfe (0x203f2323) mem 0x80010000 0x00000001
core   0: 0x8000ee02 (0x0000bfe5) c.j     pc - 8
core   0: 3 0x8000ee02 (0xbfe5)
core   0: 0x8000edfa (0x00001f17) auipc   t5, 0x1
core   0: 3 0x8000edfa (0x00001f17) x30 0x8000fdfa
core   0: 0x8000edfe (0x203f2323) sw      gp, 518(t5)
core   0: 3 0x8000edfe (0x203f2323) mem 0x80010000 0x00000001
core   0: 0x8000ee02 (0x0000bfe5) c.j     pc - 8
core   0: 3 0x8000ee02 (0xbfe5)
core   0: 0x8000edfa (0x00001f17) auipc   t5, 0x1
core   0: 3 0x8000edfa (0x00001f17) x30 0x8000fdfa
core   0: 0x8000edfe (0x203f2323) sw      gp, 518(t5)
core   0: 3 0x8000edfe (0x203f2323) mem 0x80010000 0x00000001
core   0: 0x8000ee02 (0x0000bfe5) c.j     pc - 8
core   0: 3 0x8000ee02 (0xbfe5)
core   0: 0x8000edfa (0x00001f17) auipc   t5, 0x1
core   0: 3 0x8000edfa (0x00001f17) x30 0x8000fdfa
core   0: 0x8000edfe (0x203f2323) sw      gp, 518(t5)
core   0: 3 0x8000edfe (0x203f2323) mem 0x80010000 0x00000001
core   0: 0x8000ee02 (0x0000bfe5) c.j     pc - 8
core   0: 3 0x8000ee02 (0xbfe5)
core   0: 0x8000edfa (0x00001f17) auipc   t5, 0x1
core   0: 3 0x8000edfa (0x00001f17) x30 0x8000fdfa
core   0: 0x8000edfe (0x203f2323) sw      gp, 518(t5)
core   0: 3 0x8000edfe (0x203f2323) mem 0x80010000 0x00000001
core   0: 0x8000ee02 (0x0000bfe5) c.j     pc - 8
core   0: 3 0x8000ee02 (0xbfe5)
core   0: 0x8000edfa (0x00001f17) auipc   t5, 0x1
core   0: 3 0x8000edfa (0x00001f17) x30 0x8000fdfa
core   0: 0x8000edfe (0x203f2323) sw      gp, 518(t5)
core   0: 3 0x8000edfe (0x203f2323) mem 0x80010000 0x00000001
core   0: 0x8000ee02 (0x0000bfe5) c.j     pc - 8
core   0: 3 0x8000ee02 (0xbfe5)
core   0: 0x8000edfa (0x00001f17) auipc   t5, 0x1
core   0: 3 0x8000edfa (0x00001f17) x30 0x8000fdfa
core   0: 0x8000edfe (0x203f2323) sw      gp, 518(t5)
core   0: 3 0x8000edfe (0x203f2323) mem 0x80010000 0x00000001
core   0: 0x8000ee02 (0x0000bfe5) c.j     pc - 8
core   0: 3 0x8000ee02 (0xbfe5)
core   0: 0x8000edfa (0x00001f17) auipc   t5, 0x1
core   0: 3 0x8000edfa (0x00001f17) x30 0x8000fdfa
core   0: 0x8000edfe (0x203f2323) sw      gp, 518(t5)
core   0: 3 0x8000edfe (0x203f2323) mem 0x80010000 0x00000001
core   0: 0x8000ee02 (0x0000bfe5) c.j     pc - 8
core   0: 3 0x8000ee02 (0xbfe5)
core   0: 0x8000edfa (0x00001f17) auipc   t5, 0x1
core   0: 3 0x8000edfa (0x00001f17) x30 0x8000fdfa
core   0: 0x8000edfe (0x203f2323) sw      gp, 518(t5)
core   0: 3 0x8000edfe (0x203f2323) mem 0x80010000 0x00000001
core   0: 0x8000ee02 (0x0000bfe5) c.j     pc - 8
core   0: 3 0x8000ee02 (0xbfe5)
core   0: 0x8000edfa (0x00001f17) auipc   t5, 0x1
core   0: 3 0x8000edfa (0x00001f17) x30 0x8000fdfa
core   0: 0x8000edfe (0x203f2323) sw      gp, 518(t5)
core   0: 3 0x8000edfe (0x203f2323) mem 0x80010000 0x00000001
core   0: 0x8000ee02 (0x0000bfe5) c.j     pc - 8
core   0: 3 0x8000ee02 (0xbfe5)
core   0: 0x8000edfa (0x00001f17) auipc   t5, 0x1
core   0: 3 0x8000edfa (0x00001f17) x30 0x8000fdfa
core   0: 0x8000edfe (0x203f2323) sw      gp, 518(t5)
core   0: 3 0x8000edfe (0x203f2323) mem 0x80010000 0x00000001
core   0: 0x8000ee02 (0x0000bfe5) c.j     pc - 8
core   0: 3 0x8000ee02 (0xbfe5)
core   0: 0x8000edfa (0x00001f17) auipc   t5, 0x1
core   0: 3 0x8000edfa (0x00001f17) x30 0x8000fdfa
core   0: 0x8000edfe (0x203f2323) sw      gp, 518(t5)
core   0: 3 0x8000edfe (0x203f2323) mem 0x80010000 0x00000001
core   0: 0x8000ee02 (0x0000bfe5) c.j     pc - 8
core   0: 3 0x8000ee02 (0xbfe5)
core   0: 0x8000edfa (0x00001f17) auipc   t5, 0x1
core   0: 3 0x8000edfa (0x00001f17) x30 0x8000fdfa
core   0: 0x8000edfe (0x203f2323) sw      gp, 518(t5)
core   0: 3 0x8000edfe (0x203f2323) mem 0x80010000 0x00000001
core   0: 0x8000ee02 (0x0000bfe5) c.j     pc - 8
core   0: 3 0x8000ee02 (0xbfe5)
core   0: 0x8000edfa (0x00001f17) auipc   t5, 0x1
core   0: 3 0x8000edfa (0x00001f17) x30 0x8000fdfa
core   0: 0x8000edfe (0x203f2323) sw      gp, 518(t5)
core   0: 3 0x8000edfe (0x203f2323) mem 0x80010000 0x00000001
core   0: 0x8000ee02 (0x0000bfe5) c.j     pc - 8
core   0: 3 0x8000ee02 (0xbfe5)
core   0: 0x8000edfa (0x00001f17) auipc   t5, 0x1
core   0: 3 0x8000edfa (0x00001f17) x30 0x8000fdfa
core   0: 0x8000edfe (0x203f2323) sw      gp, 518(t5)
core   0: 3 0x8000edfe (0x203f2323) mem 0x80010000 0x00000001
core   0: 0x8000ee02 (0x0000bfe5) c.j     pc - 8
core   0: 3 0x8000ee02 (0xbfe5)
core   0: 0x8000edfa (0x00001f17) auipc   t5, 0x1
core   0: 3 0x8000edfa (0x00001f17) x30 0x8000fdfa
core   0: 0x8000edfe (0x203f2323) sw      gp, 518(t5)
core   0: 3 0x8000edfe (0x203f2323) mem 0x80010000 0x00000001
core   0: 0x8000ee02 (0x0000bfe5) c.j     pc - 8
core   0: 3 0x8000ee02 (0xbfe5)
core   0: 0x8000edfa (0x00001f17) auipc   t5, 0x1
core   0: 3 0x8000edfa (0x00001f17) x30 0x8000fdfa
core   0: 0x8000edfe (0x203f2323) sw      gp, 518(t5)
core   0: 3 0x8000edfe (0x203f2323) mem 0x80010000 0x00000001
core   0: 0x8000ee02 (0x0000bfe5) c.j     pc - 8
core   0: 3 0x8000ee02 (0xbfe5)
core   0: 0x8000edfa (0x00001f17) auipc   t5, 0x1
core   0: 3 0x8000edfa (0x00001f17) x30 0x8000fdfa
core   0: 0x8000edfe (0x203f2323) sw      gp, 518(t5)
core   0: 3 0x8000edfe (0x203f2323) mem 0x80010000 0x00000001
core   0: 0x8000ee02 (0x0000bfe5) c.j     pc - 8
core   0: 3 0x8000ee02 (0xbfe5)
core   0: 0x8000edfa (0x00001f17) auipc   t5, 0x1
core   0: 3 0x8000edfa (0x00001f17) x30 0x8000fdfa
core   0: 0x8000edfe (0x203f2323) sw      gp, 518(t5)
core   0: 3 0x8000edfe (0x203f2323) mem 0x80010000 0x00000001
core   0: 0x8000ee02 (0x0000bfe5) c.j     pc - 8
core   0: 3 0x8000ee02 (0xbfe5)
core   0: 0x8000edfa (0x00001f17) auipc   t5, 0x1
core   0: 3 0x8000edfa (0x00001f17) x30 0x8000fdfa
core   0: 0x8000edfe (0x203f2323) sw      gp, 518(t5)
core   0: 3 0x8000edfe (0x203f2323) mem 0x80010000 0x00000001
core   0: 0x8000ee02 (0x0000bfe5) c.j     pc - 8
core   0: 3 0x8000ee02 (0xbfe5)
core   0: 0x8000edfa (0x00001f17) auipc   t5, 0x1
core   0: 3 0x8000edfa (0x00001f17) x30 0x8000fdfa
core   0: 0x8000edfe (0x203f2323) sw      gp, 518(t5)
core   0: 3 0x8000edfe (0x203f2323) mem 0x80010000 0x00000001
core   0: 0x8000ee02 (0x0000bfe5) c.j     pc - 8
core   0: 3 0x8000ee02 (0xbfe5)
core   0: 0x8000edfa (0x00001f17) auipc   t5, 0x1
core   0: 3 0x8000edfa (0x00001f17) x30 0x8000fdfa
core   0: 0x8000edfe (0x203f2323) sw      gp, 518(t5)
core   0: 3 0x8000edfe (0x203f2323) mem 0x80010000 0x00000001
core   0: 0x8000ee02 (0x0000bfe5) c.j     pc - 8
core   0: 3 0x8000ee02 (0xbfe5)
core   0: 0x8000edfa (0x00001f17) auipc   t5, 0x1
core   0: 3 0x8000edfa (0x00001f17) x30 0x8000fdfa
core   0: 0x8000edfe (0x203f2323) sw      gp, 518(t5)
core   0: 3 0x8000edfe (0x203f2323) mem 0x80010000 0x00000001
core   0: 0x8000ee02 (0x0000bfe5) c.j     pc - 8
core   0: 3 0x8000ee02 (0xbfe5)
core   0: 0x8000edfa (0x00001f17) auipc   t5, 0x1
core   0: 3 0x8000edfa (0x00001f17) x30 0x8000fdfa
core   0: 0x8000edfe (0x203f2323) sw      gp, 518(t5)
core   0: 3 0x8000edfe (0x203f2323) mem 0x80010000 0x00000001
core   0: 0x8000ee02 (0x0000bfe5) c.j     pc - 8
core   0: 3 0x8000ee02 (0xbfe5)
core   0: 0x8000edfa (0x00001f17) auipc   t5, 0x1
core   0: 3 0x8000edfa (0x00001f17) x30 0x8000fdfa
core   0: 0x8000edfe (0x203f2323) sw      gp, 518(t5)
core   0: 3 0x8000edfe (0x203f2323) mem 0x80010000 0x00000001
core   0: 0x8000ee02 (0x0000bfe5) c.j     pc - 8
core   0: 3 0x8000ee02 (0xbfe5)
core   0: 0x8000edfa (0x00001f17) auipc   t5, 0x1
core   0: 3 0x8000edfa (0x00001f17) x30 0x8000fdfa
core   0: 0x8000edfe (0x203f2323) sw      gp, 518(t5)
core   0: 3 0x8000edfe (0x203f2323) mem 0x80010000 0x00000001
core   0: 0x8000ee02 (0x0000bfe5) c.j     pc - 8
core   0: 3 0x8000ee02 (0xbfe5)
core   0: 0x8000edfa (0x00001f17) auipc   t5, 0x1
core   0: 3 0x8000edfa (0x00001f17) x30 0x8000fdfa
core   0: 0x8000edfe (0x203f2323) sw      gp, 518(t5)
core   0: 3 0x8000edfe (0x203f2323) mem 0x80010000 0x00000001
core   0: 0x8000ee02 (0x0000bfe5) c.j     pc - 8
core   0: 3 0x8000ee02 (0xbfe5)
core   0: 0x8000edfa (0x00001f17) auipc   t5, 0x1
core   0: 3 0x8000edfa (0x00001f17) x30 0x8000fdfa
core   0: 0x8000edfe (0x203f2323) sw      gp, 518(t5)
core   0: 3 0x8000edfe (0x203f2323) mem 0x80010000 0x00000001
core   0: 0x8000ee02 (0x0000bfe5) c.j     pc - 8
core   0: 3 0x8000ee02 (0xbfe5)
core   0: 0x8000edfa (0x00001f17) auipc   t5, 0x1
core   0: 3 0x8000edfa (0x00001f17) x30 0x8000fdfa
core   0: 0x8000edfe (0x203f2323) sw      gp, 518(t5)
core   0: 3 0x8000edfe (0x203f2323) mem 0x80010000 0x00000001
core   0: 0x8000ee02 (0x0000bfe5) c.j     pc - 8
core   0: 3 0x8000ee02 (0xbfe5)
core   0: 0x8000edfa (0x00001f17) auipc   t5, 0x1
core   0: 3 0x8000edfa (0x00001f17) x30 0x8000fdfa
core   0: 0x8000edfe (0x203f2323) sw      gp, 518(t5)
core   0: 3 0x8000edfe (0x203f2323) mem 0x80010000 0x00000001
core   0: 0x8000ee02 (0x0000bfe5) c.j     pc - 8
core   0: 3 0x8000ee02 (0xbfe5)
core   0: 0x8000edfa (0x00001f17) auipc   t5, 0x1
core   0: 3 0x8000edfa (0x00001f17) x30 0x8000fdfa
core   0: 0x8000edfe (0x203f2323) sw      gp, 518(t5)
core   0: 3 0x8000edfe (0x203f2323) mem 0x80010000 0x00000001
core   0: 0x8000ee02 (0x0000bfe5) c.j     pc - 8
core   0: 3 0x8000ee02 (0xbfe5)
core   0: 0x8000edfa (0x00001f17) auipc   t5, 0x1
core   0: 3 0x8000edfa (0x00001f17) x30 0x8000fdfa
core   0: 0x8000edfe (0x203f2323) sw      gp, 518(t5)
core   0: 3 0x8000edfe (0x203f2323) mem 0x80010000 0x00000001
core   0: 0x8000ee02 (0x0000bfe5) c.j     pc - 8
core   0: 3 0x8000ee02 (0xbfe5)
core   0: 0x8000edfa (0x00001f17) auipc   t5, 0x1
core   0: 3 0x8000edfa (0x00001f17) x30 0x8000fdfa
core   0: 0x8000edfe (0x203f2323) sw      gp, 518(t5)
core   0: 3 0x8000edfe (0x203f2323) mem 0x80010000 0x00000001
core   0: 0x8000ee02 (0x0000bfe5) c.j     pc - 8
core   0: 3 0x8000ee02 (0xbfe5)
core   0: 0x8000edfa (0x00001f17) auipc   t5, 0x1
core   0: 3 0x8000edfa (0x00001f17) x30 0x8000fdfa
core   0: 0x8000edfe (0x203f2323) sw      gp, 518(t5)
core   0: 3 0x8000edfe (0x203f2323) mem 0x80010000 0x00000001
core   0: 0x8000ee02 (0x0000bfe5) c.j     pc - 8
core   0: 3 0x8000ee02 (0xbfe5)
core   0: 0x8000edfa (0x00001f17) auipc   t5, 0x1
core   0: 3 0x8000edfa (0x00001f17) x30 0x8000fdfa
core   0: 0x8000edfe (0x203f2323) sw      gp, 518(t5)
core   0: 3 0x8000edfe (0x203f2323) mem 0x80010000 0x00000001
core   0: 0x8000ee02 (0x0000bfe5) c.j     pc - 8
core   0: 3 0x8000ee02 (0xbfe5)
core   0: 0x8000edfa (0x00001f17) auipc   t5, 0x1
core   0: 3 0x8000edfa (0x00001f17) x30 0x8000fdfa
core   0: 0x8000edfe (0x203f2323) sw      gp, 518(t5)
core   0: 3 0x8000edfe (0x203f2323) mem 0x80010000 0x00000001
core   0: 0x8000ee02 (0x0000bfe5) c.j     pc - 8
core   0: 3 0x8000ee02 (0xbfe5)
core   0: 0x8000edfa (0x00001f17) auipc   t5, 0x1
core   0: 3 0x8000edfa (0x00001f17) x30 0x8000fdfa
core   0: 0x8000edfe (0x203f2323) sw      gp, 518(t5)
core   0: 3 0x8000edfe (0x203f2323) mem 0x80010000 0x00000001
core   0: 0x8000ee02 (0x0000bfe5) c.j     pc - 8
core   0: 3 0x8000ee02 (0xbfe5)
core   0: 0x8000edfa (0x00001f17) auipc   t5, 0x1
core   0: 3 0x8000edfa (0x00001f17) x30 0x8000fdfa
core   0: 0x8000edfe (0x203f2323) sw      gp, 518(t5)
core   0: 3 0x8000edfe (0x203f2323) mem 0x80010000 0x00000001
core   0: 0x8000ee02 (0x0000bfe5) c.j     pc - 8
core   0: 3 0x8000ee02 (0xbfe5)
core   0: 0x8000edfa (0x00001f17) auipc   t5, 0x1
core   0: 3 0x8000edfa (0x00001f17) x30 0x8000fdfa
core   0: 0x8000edfe (0x203f2323) sw      gp, 518(t5)
core   0: 3 0x8000edfe (0x203f2323) mem 0x80010000 0x00000001
core   0: 0x8000ee02 (0x0000bfe5) c.j     pc - 8
core   0: 3 0x8000ee02 (0xbfe5)
core   0: 0x8000edfa (0x00001f17) auipc   t5, 0x1
core   0: 3 0x8000edfa (0x00001f17) x30 0x8000fdfa
core   0: 0x8000edfe (0x203f2323) sw      gp, 518(t5)
core   0: 3 0x8000edfe (0x203f2323) mem 0x80010000 0x00000001
core   0: 0x8000ee02 (0x0000bfe5) c.j     pc - 8
core   0: 3 0x8000ee02 (0xbfe5)
core   0: 0x8000edfa (0x00001f17) auipc   t5, 0x1
core   0: 3 0x8000edfa (0x00001f17) x30 0x8000fdfa
core   0: 0x8000edfe (0x203f2323) sw      gp, 518(t5)
core   0: 3 0x8000edfe (0x203f2323) mem 0x80010000 0x00000001
core   0: 0x8000ee02 (0x0000bfe5) c.j     pc - 8
core   0: 3 0x8000ee02 (0xbfe5)
core   0: 0x8000edfa (0x00001f17) auipc   t5, 0x1
core   0: 3 0x8000edfa (0x00001f17) x30 0x8000fdfa
core   0: 0x8000edfe (0x203f2323) sw      gp, 518(t5)
core   0: 3 0x8000edfe (0x203f2323) mem 0x80010000 0x00000001
core   0: 0x8000ee02 (0x0000bfe5) c.j     pc - 8
core   0: 3 0x8000ee02 (0xbfe5)
core   0: 0x8000edfa (0x00001f17) auipc   t5, 0x1
core   0: 3 0x8000edfa (0x00001f17) x30 0x8000fdfa
core   0: 0x8000edfe (0x203f2323) sw      gp, 518(t5)
core   0: 3 0x8000edfe (0x203f2323) mem 0x80010000 0x00000001
core   0: 0x8000ee02 (0x0000bfe5) c.j     pc - 8
core   0: 3 0x8000ee02 (0xbfe5)
core   0: 0x8000edfa (0x00001f17) auipc   t5, 0x1
core   0: 3 0x8000edfa (0x00001f17) x30 0x8000fdfa
core   0: 0x8000edfe (0x203f2323) sw      gp, 518(t5)
core   0: 3 0x8000edfe (0x203f2323) mem 0x80010000 0x00000001
core   0: 0x8000ee02 (0x0000bfe5) c.j     pc - 8
core   0: 3 0x8000ee02 (0xbfe5)
core   0: 0x8000edfa (0x00001f17) auipc   t5, 0x1
core   0: 3 0x8000edfa (0x00001f17) x30 0x8000fdfa
core   0: 0x8000edfe (0x203f2323) sw      gp, 518(t5)
core   0: 3 0x8000edfe (0x203f2323) mem 0x80010000 0x00000001
core   0: 0x8000ee02 (0x0000bfe5) c.j     pc - 8
core   0: 3 0x8000ee02 (0xbfe5)
core   0: 0x8000edfa (0x00001f17) auipc   t5, 0x1
core   0: 3 0x8000edfa (0x00001f17) x30 0x8000fdfa
core   0: 0x8000edfe (0x203f2323) sw      gp, 518(t5)
core   0: 3 0x8000edfe (0x203f2323) mem 0x80010000 0x00000001
core   0: 0x8000ee02 (0x0000bfe5) c.j     pc - 8
core   0: 3 0x8000ee02 (0xbfe5)
core   0: 0x8000edfa (0x00001f17) auipc   t5, 0x1
core   0: 3 0x8000edfa (0x00001f17) x30 0x8000fdfa
core   0: 0x8000edfe (0x203f2323) sw      gp, 518(t5)
core   0: 3 0x8000edfe (0x203f2323) mem 0x80010000 0x00000001
core   0: 0x8000ee02 (0x0000bfe5) c.j     pc - 8
core   0: 3 0x8000ee02 (0xbfe5)
core   0: 0x8000edfa (0x00001f17) auipc   t5, 0x1
core   0: 3 0x8000edfa (0x00001f17) x30 0x8000fdfa
core   0: 0x8000edfe (0x203f2323) sw      gp, 518(t5)
core   0: 3 0x8000edfe (0x203f2323) mem 0x80010000 0x00000001
core   0: 0x8000ee02 (0x0000bfe5) c.j     pc - 8
core   0: 3 0x8000ee02 (0xbfe5)
core   0: 0x8000edfa (0x00001f17) auipc   t5, 0x1
core   0: 3 0x8000edfa (0x00001f17) x30 0x8000fdfa
core   0: 0x8000edfe (0x203f2323) sw      gp, 518(t5)
core   0: 3 0x8000edfe (0x203f2323) mem 0x80010000 0x00000001
core   0: 0x8000ee02 (0x0000bfe5) c.j     pc - 8
core   0: 3 0x8000ee02 (0xbfe5)
core   0: 0x8000edfa (0x00001f17) auipc   t5, 0x1
core   0: 3 0x8000edfa (0x00001f17) x30 0x8000fdfa
core   0: 0x8000edfe (0x203f2323) sw      gp, 518(t5)
core   0: 3 0x8000edfe (0x203f2323) mem 0x80010000 0x00000001
core   0: 0x8000ee02 (0x0000bfe5) c.j     pc - 8
core   0: 3 0x8000ee02 (0xbfe5)
core   0: 0x8000edfa (0x00001f17) auipc   t5, 0x1
core   0: 3 0x8000edfa (0x00001f17) x30 0x8000fdfa
core   0: 0x8000edfe (0x203f2323) sw      gp, 518(t5)
core   0: 3 0x8000edfe (0x203f2323) mem 0x80010000 0x00000001
core   0: 0x8000ee02 (0x0000bfe5) c.j     pc - 8
core   0: 3 0x8000ee02 (0xbfe5)
core   0: 0x8000edfa (0x00001f17) auipc   t5, 0x1
core   0: 3 0x8000edfa (0x00001f17) x30 0x8000fdfa
core   0: 0x8000edfe (0x203f2323) sw      gp, 518(t5)
core   0: 3 0x8000edfe (0x203f2323) mem 0x80010000 0x00000001
core   0: 0x8000ee02 (0x0000bfe5) c.j     pc - 8
core   0: 3 0x8000ee02 (0xbfe5)
core   0: 0x8000edfa (0x00001f17) auipc   t5, 0x1
core   0: 3 0x8000edfa (0x00001f17) x30 0x8000fdfa
core   0: 0x8000edfe (0x203f2323) sw      gp, 518(t5)
core   0: 3 0x8000edfe (0x203f2323) mem 0x80010000 0x00000001
core   0: 0x8000ee02 (0x0000bfe5) c.j     pc - 8
core   0: 3 0x8000ee02 (0xbfe5)
core   0: 0x8000edfa (0x00001f17) auipc   t5, 0x1
core   0: 3 0x8000edfa (0x00001f17) x30 0x8000fdfa
core   0: 0x8000edfe (0x203f2323) sw      gp, 518(t5)
core   0: 3 0x8000edfe (0x203f2323) mem 0x80010000 0x00000001
core   0: 0x8000ee02 (0x0000bfe5) c.j     pc - 8
core   0: 3 0x8000ee02 (0xbfe5)
core   0: 0x8000edfa (0x00001f17) auipc   t5, 0x1
core   0: 3 0x8000edfa (0x00001f17) x30 0x8000fdfa
core   0: 0x8000edfe (0x203f2323) sw      gp, 518(t5)
core   0: 3 0x8000edfe (0x203f2323) mem 0x80010000 0x00000001
core   0: 0x8000ee02 (0x0000bfe5) c.j     pc - 8
core   0: 3 0x8000ee02 (0xbfe5)
core   0: 0x8000edfa (0x00001f17) auipc   t5, 0x1
core   0: 3 0x8000edfa (0x00001f17) x30 0x8000fdfa
core   0: 0x8000edfe (0x203f2323) sw      gp, 518(t5)
core   0: 3 0x8000edfe (0x203f2323) mem 0x80010000 0x00000001
core   0: 0x8000ee02 (0x0000bfe5) c.j     pc - 8
core   0: 3 0x8000ee02 (0xbfe5)
core   0: 0x8000edfa (0x00001f17) auipc   t5, 0x1
core   0: 3 0x8000edfa (0x00001f17) x30 0x8000fdfa
core   0: 0x8000edfe (0x203f2323) sw      gp, 518(t5)
core   0: 3 0x8000edfe (0x203f2323) mem 0x80010000 0x00000001
core   0: 0x8000ee02 (0x0000bfe5) c.j     pc - 8
core   0: 3 0x8000ee02 (0xbfe5)
core   0: 0x8000edfa (0x00001f17) auipc   t5, 0x1
core   0: 3 0x8000edfa (0x00001f17) x30 0x8000fdfa
core   0: 0x8000edfe (0x203f2323) sw      gp, 518(t5)
core   0: 3 0x8000edfe (0x203f2323) mem 0x80010000 0x00000001
core   0: 0x8000ee02 (0x0000bfe5) c.j     pc - 8
core   0: 3 0x8000ee02 (0xbfe5)
core   0: 0x8000edfa (0x00001f17) auipc   t5, 0x1
core   0: 3 0x8000edfa (0x00001f17) x30 0x8000fdfa
core   0: 0x8000edfe (0x203f2323) sw      gp, 518(t5)
core   0: 3 0x8000edfe (0x203f2323) mem 0x80010000 0x00000001
core   0: 0x8000ee02 (0x0000bfe5) c.j     pc - 8
core   0: 3 0x8000ee02 (0xbfe5)
core   0: 0x8000edfa (0x00001f17) auipc   t5, 0x1
core   0: 3 0x8000edfa (0x00001f17) x30 0x8000fdfa
core   0: 0x8000edfe (0x203f2323) sw      gp, 518(t5)
core   0: 3 0x8000edfe (0x203f2323) mem 0x80010000 0x00000001
core   0: 0x8000ee02 (0x0000bfe5) c.j     pc - 8
core   0: 3 0x8000ee02 (0xbfe5)
core   0: 0x8000edfa (0x00001f17) auipc   t5, 0x1
core   0: 3 0x8000edfa (0x00001f17) x30 0x8000fdfa
core   0: 0x8000edfe (0x203f2323) sw      gp, 518(t5)
core   0: 3 0x8000edfe (0x203f2323) mem 0x80010000 0x00000001
core   0: 0x8000ee02 (0x0000bfe5) c.j     pc - 8
core   0: 3 0x8000ee02 (0xbfe5)
core   0: 0x8000edfa (0x00001f17) auipc   t5, 0x1
core   0: 3 0x8000edfa (0x00001f17) x30 0x8000fdfa
core   0: 0x8000edfe (0x203f2323) sw      gp, 518(t5)
core   0: 3 0x8000edfe (0x203f2323) mem 0x80010000 0x00000001
core   0: 0x8000ee02 (0x0000bfe5) c.j     pc - 8
core   0: 3 0x8000ee02 (0xbfe5)
core   0: 0x8000edfa (0x00001f17) auipc   t5, 0x1
core   0: 3 0x8000edfa (0x00001f17) x30 0x8000fdfa
core   0: 0x8000edfe (0x203f2323) sw      gp, 518(t5)
core   0: 3 0x8000edfe (0x203f2323) mem 0x80010000 0x00000001
core   0: 0x8000ee02 (0x0000bfe5) c.j     pc - 8
core   0: 3 0x8000ee02 (0xbfe5)
core   0: 0x8000edfa (0x00001f17) auipc   t5, 0x1
core   0: 3 0x8000edfa (0x00001f17) x30 0x8000fdfa
core   0: 0x8000edfe (0x203f2323) sw      gp, 518(t5)
core   0: 3 0x8000edfe (0x203f2323) mem 0x80010000 0x00000001
core   0: 0x8000ee02 (0x0000bfe5) c.j     pc - 8
core   0: 3 0x8000ee02 (0xbfe5)
core   0: 0x8000edfa (0x00001f17) auipc   t5, 0x1
core   0: 3 0x8000edfa (0x00001f17) x30 0x8000fdfa
core   0: 0x8000edfe (0x203f2323) sw      gp, 518(t5)
core   0: 3 0x8000edfe (0x203f2323) mem 0x80010000 0x00000001
core   0: 0x8000ee02 (0x0000bfe5) c.j     pc - 8
core   0: 3 0x8000ee02 (0xbfe5)
core   0: 0x8000edfa (0x00001f17) auipc   t5, 0x1
core   0: 3 0x8000edfa (0x00001f17) x30 0x8000fdfa
core   0: 0x8000edfe (0x203f2323) sw      gp, 518(t5)
core   0: 3 0x8000edfe (0x203f2323) mem 0x80010000 0x00000001
core   0: 0x8000ee02 (0x0000bfe5) c.j     pc - 8
core   0: 3 0x8000ee02 (0xbfe5)
core   0: 0x8000edfa (0x00001f17) auipc   t5, 0x1
core   0: 3 0x8000edfa (0x00001f17) x30 0x8000fdfa
core   0: 0x8000edfe (0x203f2323) sw      gp, 518(t5)
core   0: 3 0x8000edfe (0x203f2323) mem 0x80010000 0x00000001
core   0: 0x8000ee02 (0x0000bfe5) c.j     pc - 8
core   0: 3 0x8000ee02 (0xbfe5)
core   0: 0x8000edfa (0x00001f17) auipc   t5, 0x1
core   0: 3 0x8000edfa (0x00001f17) x30 0x8000fdfa
core   0: 0x8000edfe (0x203f2323) sw      gp, 518(t5)
core   0: 3 0x8000edfe (0x203f2323) mem 0x80010000 0x00000001
core   0: 0x8000ee02 (0x0000bfe5) c.j     pc - 8
core   0: 3 0x8000ee02 (0xbfe5)
core   0: 0x8000edfa (0x00001f17) auipc   t5, 0x1
core   0: 3 0x8000edfa (0x00001f17) x30 0x8000fdfa
core   0: 0x8000edfe (0x203f2323) sw      gp, 518(t5)
core   0: 3 0x8000edfe (0x203f2323) mem 0x80010000 0x00000001
core   0: 0x8000ee02 (0x0000bfe5) c.j     pc - 8
core   0: 3 0x8000ee02 (0xbfe5)
core   0: 0x8000edfa (0x00001f17) auipc   t5, 0x1
core   0: 3 0x8000edfa (0x00001f17) x30 0x8000fdfa
core   0: 0x8000edfe (0x203f2323) sw      gp, 518(t5)
core   0: 3 0x8000edfe (0x203f2323) mem 0x80010000 0x00000001
core   0: 0x8000ee02 (0x0000bfe5) c.j     pc - 8
core   0: 3 0x8000ee02 (0xbfe5)
core   0: 0x8000edfa (0x00001f17) auipc   t5, 0x1
core   0: 3 0x8000edfa (0x00001f17) x30 0x8000fdfa
core   0: 0x8000edfe (0x203f2323) sw      gp, 518(t5)
core   0: 3 0x8000edfe (0x203f2323) mem 0x80010000 0x00000001
core   0: 0x8000ee02 (0x0000bfe5) c.j     pc - 8
core   0: 3 0x8000ee02 (0xbfe5)
core   0: 0x8000edfa (0x00001f17) auipc   t5, 0x1
core   0: 3 0x8000edfa (0x00001f17) x30 0x8000fdfa
core   0: 0x8000edfe (0x203f2323) sw      gp, 518(t5)
core   0: 3 0x8000edfe (0x203f2323) mem 0x80010000 0x00000001
core   0: 0x8000ee02 (0x0000bfe5) c.j     pc - 8
core   0: 3 0x8000ee02 (0xbfe5)
core   0: 0x8000edfa (0x00001f17) auipc   t5, 0x1
core   0: 3 0x8000edfa (0x00001f17) x30 0x8000fdfa
core   0: 0x8000edfe (0x203f2323) sw      gp, 518(t5)
core   0: 3 0x8000edfe (0x203f2323) mem 0x80010000 0x00000001
core   0: 0x8000ee02 (0x0000bfe5) c.j     pc - 8
core   0: 3 0x8000ee02 (0xbfe5)
core   0: 0x8000edfa (0x00001f17) auipc   t5, 0x1
core   0: 3 0x8000edfa (0x00001f17) x30 0x8000fdfa
core   0: 0x8000edfe (0x203f2323) sw      gp, 518(t5)
core   0: 3 0x8000edfe (0x203f2323) mem 0x80010000 0x00000001
core   0: 0x8000ee02 (0x0000bfe5) c.j     pc - 8
core   0: 3 0x8000ee02 (0xbfe5)
core   0: 0x8000edfa (0x00001f17) auipc   t5, 0x1
core   0: 3 0x8000edfa (0x00001f17) x30 0x8000fdfa
core   0: 0x8000edfe (0x203f2323) sw      gp, 518(t5)
core   0: 3 0x8000edfe (0x203f2323) mem 0x80010000 0x00000001
core   0: 0x8000ee02 (0x0000bfe5) c.j     pc - 8
core   0: 3 0x8000ee02 (0xbfe5)
core   0: 0x8000edfa (0x00001f17) auipc   t5, 0x1
core   0: 3 0x8000edfa (0x00001f17) x30 0x8000fdfa
core   0: 0x8000edfe (0x203f2323) sw      gp, 518(t5)
core   0: 3 0x8000edfe (0x203f2323) mem 0x80010000 0x00000001
core   0: 0x8000ee02 (0x0000bfe5) c.j     pc - 8
core   0: 3 0x8000ee02 (0xbfe5)
core   0: 0x8000edfa (0x00001f17) auipc   t5, 0x1
core   0: 3 0x8000edfa (0x00001f17) x30 0x8000fdfa
core   0: 0x8000edfe (0x203f2323) sw      gp, 518(t5)
core   0: 3 0x8000edfe (0x203f2323) mem 0x80010000 0x00000001
core   0: 0x8000ee02 (0x0000bfe5) c.j     pc - 8
core   0: 3 0x8000ee02 (0xbfe5)
core   0: 0x8000edfa (0x00001f17) auipc   t5, 0x1
core   0: 3 0x8000edfa (0x00001f17) x30 0x8000fdfa
core   0: 0x8000edfe (0x203f2323) sw      gp, 518(t5)
core   0: 3 0x8000edfe (0x203f2323) mem 0x80010000 0x00000001
core   0: 0x8000ee02 (0x0000bfe5) c.j     pc - 8
core   0: 3 0x8000ee02 (0xbfe5)
core   0: 0x8000edfa (0x00001f17) auipc   t5, 0x1
core   0: 3 0x8000edfa (0x00001f17) x30 0x8000fdfa
core   0: 0x8000edfe (0x203f2323) sw      gp, 518(t5)
core   0: 3 0x8000edfe (0x203f2323) mem 0x80010000 0x00000001
core   0: 0x8000ee02 (0x0000bfe5) c.j     pc - 8
core   0: 3 0x8000ee02 (0xbfe5)
core   0: 0x8000edfa (0x00001f17) auipc   t5, 0x1
core   0: 3 0x8000edfa (0x00001f17) x30 0x8000fdfa
core   0: 0x8000edfe (0x203f2323) sw      gp, 518(t5)
core   0: 3 0x8000edfe (0x203f2323) mem 0x80010000 0x00000001
core   0: 0x8000ee02 (0x0000bfe5) c.j     pc - 8
core   0: 3 0x8000ee02 (0xbfe5)
core   0: 0x8000edfa (0x00001f17) auipc   t5, 0x1
core   0: 3 0x8000edfa (0x00001f17) x30 0x8000fdfa
core   0: 0x8000edfe (0x203f2323) sw      gp, 518(t5)
core   0: 3 0x8000edfe (0x203f2323) mem 0x80010000 0x00000001
core   0: 0x8000ee02 (0x0000bfe5) c.j     pc - 8
core   0: 3 0x8000ee02 (0xbfe5)
core   0: 0x8000edfa (0x00001f17) auipc   t5, 0x1
core   0: 3 0x8000edfa (0x00001f17) x30 0x8000fdfa
core   0: 0x8000edfe (0x203f2323) sw      gp, 518(t5)
core   0: 3 0x8000edfe (0x203f2323) mem 0x80010000 0x00000001
core   0: 0x8000ee02 (0x0000bfe5) c.j     pc - 8
core   0: 3 0x8000ee02 (0xbfe5)
core   0: 0x8000edfa (0x00001f17) auipc   t5, 0x1
core   0: 3 0x8000edfa (0x00001f17) x30 0x8000fdfa
core   0: 0x8000edfe (0x203f2323) sw      gp, 518(t5)
core   0: 3 0x8000edfe (0x203f2323) mem 0x80010000 0x00000001
core   0: 0x8000ee02 (0x0000bfe5) c.j     pc - 8
core   0: 3 0x8000ee02 (0xbfe5)
core   0: 0x8000edfa (0x00001f17) auipc   t5, 0x1
core   0: 3 0x8000edfa (0x00001f17) x30 0x8000fdfa
core   0: 0x8000edfe (0x203f2323) sw      gp, 518(t5)
core   0: 3 0x8000edfe (0x203f2323) mem 0x80010000 0x00000001
core   0: 0x8000ee02 (0x0000bfe5) c.j     pc - 8
core   0: 3 0x8000ee02 (0xbfe5)
core   0: 0x8000edfa (0x00001f17) auipc   t5, 0x1
core   0: 3 0x8000edfa (0x00001f17) x30 0x8000fdfa
core   0: 0x8000edfe (0x203f2323) sw      gp, 518(t5)
core   0: 3 0x8000edfe (0x203f2323) mem 0x80010000 0x00000001
core   0: 0x8000ee02 (0x0000bfe5) c.j     pc - 8
core   0: 3 0x8000ee02 (0xbfe5)
core   0: 0x8000edfa (0x00001f17) auipc   t5, 0x1
core   0: 3 0x8000edfa (0x00001f17) x30 0x8000fdfa
core   0: 0x8000edfe (0x203f2323) sw      gp, 518(t5)
core   0: 3 0x8000edfe (0x203f2323) mem 0x80010000 0x00000001
core   0: 0x8000ee02 (0x0000bfe5) c.j     pc - 8
core   0: 3 0x8000ee02 (0xbfe5)
core   0: 0x8000edfa (0x00001f17) auipc   t5, 0x1
core   0: 3 0x8000edfa (0x00001f17) x30 0x8000fdfa
core   0: 0x8000edfe (0x203f2323) sw      gp, 518(t5)
core   0: 3 0x8000edfe (0x203f2323) mem 0x80010000 0x00000001
core   0: 0x8000ee02 (0x0000bfe5) c.j     pc - 8
core   0: 3 0x8000ee02 (0xbfe5)
core   0: 0x8000edfa (0x00001f17) auipc   t5, 0x1
core   0: 3 0x8000edfa (0x00001f17) x30 0x8000fdfa
core   0: 0x8000edfe (0x203f2323) sw      gp, 518(t5)
core   0: 3 0x8000edfe (0x203f2323) mem 0x80010000 0x00000001
core   0: 0x8000ee02 (0x0000bfe5) c.j     pc - 8
core   0: 3 0x8000ee02 (0xbfe5)
core   0: 0x8000edfa (0x00001f17) auipc   t5, 0x1
core   0: 3 0x8000edfa (0x00001f17) x30 0x8000fdfa
core   0: 0x8000edfe (0x203f2323) sw      gp, 518(t5)
core   0: 3 0x8000edfe (0x203f2323) mem 0x80010000 0x00000001
core   0: 0x8000ee02 (0x0000bfe5) c.j     pc - 8
core   0: 3 0x8000ee02 (0xbfe5)
core   0: 0x8000edfa (0x00001f17) auipc   t5, 0x1
core   0: 3 0x8000edfa (0x00001f17) x30 0x8000fdfa
core   0: 0x8000edfe (0x203f2323) sw      gp, 518(t5)
core   0: 3 0x8000edfe (0x203f2323) mem 0x80010000 0x00000001
core   0: 0x8000ee02 (0x0000bfe5) c.j     pc - 8
core   0: 3 0x8000ee02 (0xbfe5)
core   0: 0x8000edfa (0x00001f17) auipc   t5, 0x1
core   0: 3 0x8000edfa (0x00001f17) x30 0x8000fdfa
core   0: 0x8000edfe (0x203f2323) sw      gp, 518(t5)
core   0: 3 0x8000edfe (0x203f2323) mem 0x80010000 0x00000001
core   0: 0x8000ee02 (0x0000bfe5) c.j     pc - 8
core   0: 3 0x8000ee02 (0xbfe5)
core   0: 0x8000edfa (0x00001f17) auipc   t5, 0x1
core   0: 3 0x8000edfa (0x00001f17) x30 0x8000fdfa
core   0: 0x8000edfe (0x203f2323) sw      gp, 518(t5)
core   0: 3 0x8000edfe (0x203f2323) mem 0x80010000 0x00000001
core   0: 0x8000ee02 (0x0000bfe5) c.j     pc - 8
core   0: 3 0x8000ee02 (0xbfe5)
core   0: 0x8000edfa (0x00001f17) auipc   t5, 0x1
core   0: 3 0x8000edfa (0x00001f17) x30 0x8000fdfa
core   0: 0x8000edfe (0x203f2323) sw      gp, 518(t5)
core   0: 3 0x8000edfe (0x203f2323) mem 0x80010000 0x00000001
core   0: 0x8000ee02 (0x0000bfe5) c.j     pc - 8
core   0: 3 0x8000ee02 (0xbfe5)
core   0: 0x8000edfa (0x00001f17) auipc   t5, 0x1
core   0: 3 0x8000edfa (0x00001f17) x30 0x8000fdfa
core   0: 0x8000edfe (0x203f2323) sw      gp, 518(t5)
core   0: 3 0x8000edfe (0x203f2323) mem 0x80010000 0x00000001
core   0: 0x8000ee02 (0x0000bfe5) c.j     pc - 8
core   0: 3 0x8000ee02 (0xbfe5)
core   0: 0x8000edfa (0x00001f17) auipc   t5, 0x1
core   0: 3 0x8000edfa (0x00001f17) x30 0x8000fdfa
core   0: 0x8000edfe (0x203f2323) sw      gp, 518(t5)
core   0: 3 0x8000edfe (0x203f2323) mem 0x80010000 0x00000001
core   0: 0x8000ee02 (0x0000bfe5) c.j     pc - 8
core   0: 3 0x8000ee02 (0xbfe5)
core   0: 0x8000edfa (0x00001f17) auipc   t5, 0x1
core   0: 3 0x8000edfa (0x00001f17) x30 0x8000fdfa
core   0: 0x8000edfe (0x203f2323) sw      gp, 518(t5)
core   0: 3 0x8000edfe (0x203f2323) mem 0x80010000 0x00000001
core   0: 0x8000ee02 (0x0000bfe5) c.j     pc - 8
core   0: 3 0x8000ee02 (0xbfe5)
core   0: 0x8000edfa (0x00001f17) auipc   t5, 0x1
core   0: 3 0x8000edfa (0x00001f17) x30 0x8000fdfa
core   0: 0x8000edfe (0x203f2323) sw      gp, 518(t5)
core   0: 3 0x8000edfe (0x203f2323) mem 0x80010000 0x00000001
core   0: 0x8000ee02 (0x0000bfe5) c.j     pc - 8
core   0: 3 0x8000ee02 (0xbfe5)
core   0: 0x8000edfa (0x00001f17) auipc   t5, 0x1
core   0: 3 0x8000edfa (0x00001f17) x30 0x8000fdfa
core   0: 0x8000edfe (0x203f2323) sw      gp, 518(t5)
core   0: 3 0x8000edfe (0x203f2323) mem 0x80010000 0x00000001
core   0: 0x8000ee02 (0x0000bfe5) c.j     pc - 8
core   0: 3 0x8000ee02 (0xbfe5)
core   0: 0x8000edfa (0x00001f17) auipc   t5, 0x1
core   0: 3 0x8000edfa (0x00001f17) x30 0x8000fdfa
core   0: 0x8000edfe (0x203f2323) sw      gp, 518(t5)
core   0: 3 0x8000edfe (0x203f2323) mem 0x80010000 0x00000001
core   0: 0x8000ee02 (0x0000bfe5) c.j     pc - 8
core   0: 3 0x8000ee02 (0xbfe5)
core   0: 0x8000edfa (0x00001f17) auipc   t5, 0x1
core   0: 3 0x8000edfa (0x00001f17) x30 0x8000fdfa
core   0: 0x8000edfe (0x203f2323) sw      gp, 518(t5)
core   0: 3 0x8000edfe (0x203f2323) mem 0x80010000 0x00000001
core   0: 0x8000ee02 (0x0000bfe5) c.j     pc - 8
core   0: 3 0x8000ee02 (0xbfe5)
core   0: 0x8000edfa (0x00001f17) auipc   t5, 0x1
core   0: 3 0x8000edfa (0x00001f17) x30 0x8000fdfa
core   0: 0x8000edfe (0x203f2323) sw      gp, 518(t5)
core   0: 3 0x8000edfe (0x203f2323) mem 0x80010000 0x00000001
core   0: 0x8000ee02 (0x0000bfe5) c.j     pc - 8
core   0: 3 0x8000ee02 (0xbfe5)
core   0: 0x8000edfa (0x00001f17) auipc   t5, 0x1
core   0: 3 0x8000edfa (0x00001f17) x30 0x8000fdfa
core   0: 0x8000edfe (0x203f2323) sw      gp, 518(t5)
core   0: 3 0x8000edfe (0x203f2323) mem 0x80010000 0x00000001
core   0: 0x8000ee02 (0x0000bfe5) c.j     pc - 8
core   0: 3 0x8000ee02 (0xbfe5)
core   0: 0x8000edfa (0x00001f17) auipc   t5, 0x1
core   0: 3 0x8000edfa (0x00001f17) x30 0x8000fdfa
core   0: 0x8000edfe (0x203f2323) sw      gp, 518(t5)
core   0: 3 0x8000edfe (0x203f2323) mem 0x80010000 0x00000001
core   0: 0x8000ee02 (0x0000bfe5) c.j     pc - 8
core   0: 3 0x8000ee02 (0xbfe5)
core   0: 0x8000edfa (0x00001f17) auipc   t5, 0x1
core   0: 3 0x8000edfa (0x00001f17) x30 0x8000fdfa
core   0: 0x8000edfe (0x203f2323) sw      gp, 518(t5)
core   0: 3 0x8000edfe (0x203f2323) mem 0x80010000 0x00000001
core   0: 0x8000ee02 (0x0000bfe5) c.j     pc - 8
core   0: 3 0x8000ee02 (0xbfe5)
core   0: 0x8000edfa (0x00001f17) auipc   t5, 0x1
core   0: 3 0x8000edfa (0x00001f17) x30 0x8000fdfa
core   0: 0x8000edfe (0x203f2323) sw      gp, 518(t5)
core   0: 3 0x8000edfe (0x203f2323) mem 0x80010000 0x00000001
core   0: 0x8000ee02 (0x0000bfe5) c.j     pc - 8
core   0: 3 0x8000ee02 (0xbfe5)
core   0: 0x8000edfa (0x00001f17) auipc   t5, 0x1
core   0: 3 0x8000edfa (0x00001f17) x30 0x8000fdfa
core   0: 0x8000edfe (0x203f2323) sw      gp, 518(t5)
core   0: 3 0x8000edfe (0x203f2323) mem 0x80010000 0x00000001
core   0: 0x8000ee02 (0x0000bfe5) c.j     pc - 8
core   0: 3 0x8000ee02 (0xbfe5)
core   0: 0x8000edfa (0x00001f17) auipc   t5, 0x1
core   0: 3 0x8000edfa (0x00001f17) x30 0x8000fdfa
core   0: 0x8000edfe (0x203f2323) sw      gp, 518(t5)
core   0: 3 0x8000edfe (0x203f2323) mem 0x80010000 0x00000001
core   0: 0x8000ee02 (0x0000bfe5) c.j     pc - 8
core   0: 3 0x8000ee02 (0xbfe5)
core   0: 0x8000edfa (0x00001f17) auipc   t5, 0x1
core   0: 3 0x8000edfa (0x00001f17) x30 0x8000fdfa
core   0: 0x8000edfe (0x203f2323) sw      gp, 518(t5)
core   0: 3 0x8000edfe (0x203f2323) mem 0x80010000 0x00000001
core   0: 0x8000ee02 (0x0000bfe5) c.j     pc - 8
core   0: 3 0x8000ee02 (0xbfe5)
core   0: 0x8000edfa (0x00001f17) auipc   t5, 0x1
core   0: 3 0x8000edfa (0x00001f17) x30 0x8000fdfa
core   0: 0x8000edfe (0x203f2323) sw      gp, 518(t5)
core   0: 3 0x8000edfe (0x203f2323) mem 0x80010000 0x00000001
core   0: 0x8000ee02 (0x0000bfe5) c.j     pc - 8
core   0: 3 0x8000ee02 (0xbfe5)
core   0: 0x8000edfa (0x00001f17) auipc   t5, 0x1
core   0: 3 0x8000edfa (0x00001f17) x30 0x8000fdfa
core   0: 0x8000edfe (0x203f2323) sw      gp, 518(t5)
core   0: 3 0x8000edfe (0x203f2323) mem 0x80010000 0x00000001
core   0: 0x8000ee02 (0x0000bfe5) c.j     pc - 8
core   0: 3 0x8000ee02 (0xbfe5)
core   0: 0x8000edfa (0x00001f17) auipc   t5, 0x1
core   0: 3 0x8000edfa (0x00001f17) x30 0x8000fdfa
core   0: 0x8000edfe (0x203f2323) sw      gp, 518(t5)
core   0: 3 0x8000edfe (0x203f2323) mem 0x80010000 0x00000001
core   0: 0x8000ee02 (0x0000bfe5) c.j     pc - 8
core   0: 3 0x8000ee02 (0xbfe5)
core   0: 0x8000edfa (0x00001f17) auipc   t5, 0x1
core   0: 3 0x8000edfa (0x00001f17) x30 0x8000fdfa
core   0: 0x8000edfe (0x203f2323) sw      gp, 518(t5)
core   0: 3 0x8000edfe (0x203f2323) mem 0x80010000 0x00000001
core   0: 0x8000ee02 (0x0000bfe5) c.j     pc - 8
core   0: 3 0x8000ee02 (0xbfe5)
core   0: 0x8000edfa (0x00001f17) auipc   t5, 0x1
core   0: 3 0x8000edfa (0x00001f17) x30 0x8000fdfa
core   0: 0x8000edfe (0x203f2323) sw      gp, 518(t5)
core   0: 3 0x8000edfe (0x203f2323) mem 0x80010000 0x00000001
core   0: 0x8000ee02 (0x0000bfe5) c.j     pc - 8
core   0: 3 0x8000ee02 (0xbfe5)
core   0: 0x8000edfa (0x00001f17) auipc   t5, 0x1
core   0: 3 0x8000edfa (0x00001f17) x30 0x8000fdfa
core   0: 0x8000edfe (0x203f2323) sw      gp, 518(t5)
core   0: 3 0x8000edfe (0x203f2323) mem 0x80010000 0x00000001
core   0: 0x8000ee02 (0x0000bfe5) c.j     pc - 8
core   0: 3 0x8000ee02 (0xbfe5)
core   0: 0x8000edfa (0x00001f17) auipc   t5, 0x1
core   0: 3 0x8000edfa (0x00001f17) x30 0x8000fdfa
core   0: 0x8000edfe (0x203f2323) sw      gp, 518(t5)
core   0: 3 0x8000edfe (0x203f2323) mem 0x80010000 0x00000001
core   0: 0x8000ee02 (0x0000bfe5) c.j     pc - 8
core   0: 3 0x8000ee02 (0xbfe5)
core   0: 0x8000edfa (0x00001f17) auipc   t5, 0x1
core   0: 3 0x8000edfa (0x00001f17) x30 0x8000fdfa
core   0: 0x8000edfe (0x203f2323) sw      gp, 518(t5)
core   0: 3 0x8000edfe (0x203f2323) mem 0x80010000 0x00000001
core   0: 0x8000ee02 (0x0000bfe5) c.j     pc - 8
core   0: 3 0x8000ee02 (0xbfe5)
core   0: 0x8000edfa (0x00001f17) auipc   t5, 0x1
core   0: 3 0x8000edfa (0x00001f17) x30 0x8000fdfa
core   0: 0x8000edfe (0x203f2323) sw      gp, 518(t5)
core   0: 3 0x8000edfe (0x203f2323) mem 0x80010000 0x00000001
core   0: 0x8000ee02 (0x0000bfe5) c.j     pc - 8
core   0: 3 0x8000ee02 (0xbfe5)
core   0: 0x8000edfa (0x00001f17) auipc   t5, 0x1
core   0: 3 0x8000edfa (0x00001f17) x30 0x8000fdfa
core   0: 0x8000edfe (0x203f2323) sw      gp, 518(t5)
core   0: 3 0x8000edfe (0x203f2323) mem 0x80010000 0x00000001
core   0: 0x8000ee02 (0x0000bfe5) c.j     pc - 8
core   0: 3 0x8000ee02 (0xbfe5)
core   0: 0x8000edfa (0x00001f17) auipc   t5, 0x1
core   0: 3 0x8000edfa (0x00001f17) x30 0x8000fdfa
core   0: 0x8000edfe (0x203f2323) sw      gp, 518(t5)
core   0: 3 0x8000edfe (0x203f2323) mem 0x80010000 0x00000001
core   0: 0x8000ee02 (0x0000bfe5) c.j     pc - 8
core   0: 3 0x8000ee02 (0xbfe5)
core   0: 0x8000edfa (0x00001f17) auipc   t5, 0x1
core   0: 3 0x8000edfa (0x00001f17) x30 0x8000fdfa
core   0: 0x8000edfe (0x203f2323) sw      gp, 518(t5)
core   0: 3 0x8000edfe (0x203f2323) mem 0x80010000 0x00000001
core   0: 0x8000ee02 (0x0000bfe5) c.j     pc - 8
core   0: 3 0x8000ee02 (0xbfe5)
core   0: 0x8000edfa (0x00001f17) auipc   t5, 0x1
core   0: 3 0x8000edfa (0x00001f17) x30 0x8000fdfa
core   0: 0x8000edfe (0x203f2323) sw      gp, 518(t5)
core   0: 3 0x8000edfe (0x203f2323) mem 0x80010000 0x00000001
core   0: 0x8000ee02 (0x0000bfe5) c.j     pc - 8
core   0: 3 0x8000ee02 (0xbfe5)
core   0: 0x8000edfa (0x00001f17) auipc   t5, 0x1
core   0: 3 0x8000edfa (0x00001f17) x30 0x8000fdfa
core   0: 0x8000edfe (0x203f2323) sw      gp, 518(t5)
core   0: 3 0x8000edfe (0x203f2323) mem 0x80010000 0x00000001
core   0: 0x8000ee02 (0x0000bfe5) c.j     pc - 8
core   0: 3 0x8000ee02 (0xbfe5)
core   0: 0x8000edfa (0x00001f17) auipc   t5, 0x1
core   0: 3 0x8000edfa (0x00001f17) x30 0x8000fdfa
core   0: 0x8000edfe (0x203f2323) sw      gp, 518(t5)
core   0: 3 0x8000edfe (0x203f2323) mem 0x80010000 0x00000001
core   0: 0x8000ee02 (0x0000bfe5) c.j     pc - 8
core   0: 3 0x8000ee02 (0xbfe5)
core   0: 0x8000edfa (0x00001f17) auipc   t5, 0x1
core   0: 3 0x8000edfa (0x00001f17) x30 0x8000fdfa
core   0: 0x8000edfe (0x203f2323) sw      gp, 518(t5)
core   0: 3 0x8000edfe (0x203f2323) mem 0x80010000 0x00000001
core   0: 0x8000ee02 (0x0000bfe5) c.j     pc - 8
core   0: 3 0x8000ee02 (0xbfe5)
core   0: 0x8000edfa (0x00001f17) auipc   t5, 0x1
core   0: 3 0x8000edfa (0x00001f17) x30 0x8000fdfa
core   0: 0x8000edfe (0x203f2323) sw      gp, 518(t5)
core   0: 3 0x8000edfe (0x203f2323) mem 0x80010000 0x00000001
core   0: 0x8000ee02 (0x0000bfe5) c.j     pc - 8
core   0: 3 0x8000ee02 (0xbfe5)
core   0: 0x8000edfa (0x00001f17) auipc   t5, 0x1
core   0: 3 0x8000edfa (0x00001f17) x30 0x8000fdfa
core   0: 0x8000edfe (0x203f2323) sw      gp, 518(t5)
core   0: 3 0x8000edfe (0x203f2323) mem 0x80010000 0x00000001
core   0: 0x8000ee02 (0x0000bfe5) c.j     pc - 8
core   0: 3 0x8000ee02 (0xbfe5)
core   0: 0x8000edfa (0x00001f17) auipc   t5, 0x1
core   0: 3 0x8000edfa (0x00001f17) x30 0x8000fdfa
core   0: 0x8000edfe (0x203f2323) sw      gp, 518(t5)
core   0: 3 0x8000edfe (0x203f2323) mem 0x80010000 0x00000001
core   0: 0x8000ee02 (0x0000bfe5) c.j     pc - 8
core   0: 3 0x8000ee02 (0xbfe5)
core   0: 0x8000edfa (0x00001f17) auipc   t5, 0x1
core   0: 3 0x8000edfa (0x00001f17) x30 0x8000fdfa
core   0: 0x8000edfe (0x203f2323) sw      gp, 518(t5)
core   0: 3 0x8000edfe (0x203f2323) mem 0x80010000 0x00000001
core   0: 0x8000ee02 (0x0000bfe5) c.j     pc - 8
core   0: 3 0x8000ee02 (0xbfe5)
core   0: 0x8000edfa (0x00001f17) auipc   t5, 0x1
core   0: 3 0x8000edfa (0x00001f17) x30 0x8000fdfa
core   0: 0x8000edfe (0x203f2323) sw      gp, 518(t5)
core   0: 3 0x8000edfe (0x203f2323) mem 0x80010000 0x00000001
core   0: 0x8000ee02 (0x0000bfe5) c.j     pc - 8
core   0: 3 0x8000ee02 (0xbfe5)
core   0: 0x8000edfa (0x00001f17) auipc   t5, 0x1
core   0: 3 0x8000edfa (0x00001f17) x30 0x8000fdfa
core   0: 0x8000edfe (0x203f2323) sw      gp, 518(t5)
core   0: 3 0x8000edfe (0x203f2323) mem 0x80010000 0x00000001
core   0: 0x8000ee02 (0x0000bfe5) c.j     pc - 8
core   0: 3 0x8000ee02 (0xbfe5)
core   0: 0x8000edfa (0x00001f17) auipc   t5, 0x1
core   0: 3 0x8000edfa (0x00001f17) x30 0x8000fdfa
core   0: 0x8000edfe (0x203f2323) sw      gp, 518(t5)
core   0: 3 0x8000edfe (0x203f2323) mem 0x80010000 0x00000001
core   0: 0x8000ee02 (0x0000bfe5) c.j     pc - 8
core   0: 3 0x8000ee02 (0xbfe5)
core   0: 0x8000edfa (0x00001f17) auipc   t5, 0x1
core   0: 3 0x8000edfa (0x00001f17) x30 0x8000fdfa
core   0: 0x8000edfe (0x203f2323) sw      gp, 518(t5)
core   0: 3 0x8000edfe (0x203f2323) mem 0x80010000 0x00000001
core   0: 0x8000ee02 (0x0000bfe5) c.j     pc - 8
core   0: 3 0x8000ee02 (0xbfe5)
core   0: 0x8000edfa (0x00001f17) auipc   t5, 0x1
core   0: 3 0x8000edfa (0x00001f17) x30 0x8000fdfa
core   0: 0x8000edfe (0x203f2323) sw      gp, 518(t5)
core   0: 3 0x8000edfe (0x203f2323) mem 0x80010000 0x00000001
core   0: 0x8000ee02 (0x0000bfe5) c.j     pc - 8
core   0: 3 0x8000ee02 (0xbfe5)
core   0: 0x8000edfa (0x00001f17) auipc   t5, 0x1
core   0: 3 0x8000edfa (0x00001f17) x30 0x8000fdfa
core   0: 0x8000edfe (0x203f2323) sw      gp, 518(t5)
core   0: 3 0x8000edfe (0x203f2323) mem 0x80010000 0x00000001
core   0: 0x8000ee02 (0x0000bfe5) c.j     pc - 8
core   0: 3 0x8000ee02 (0xbfe5)
core   0: 0x8000edfa (0x00001f17) auipc   t5, 0x1
core   0: 3 0x8000edfa (0x00001f17) x30 0x8000fdfa
core   0: 0x8000edfe (0x203f2323) sw      gp, 518(t5)
core   0: 3 0x8000edfe (0x203f2323) mem 0x80010000 0x00000001
core   0: 0x8000ee02 (0x0000bfe5) c.j     pc - 8
core   0: 3 0x8000ee02 (0xbfe5)
core   0: 0x8000edfa (0x00001f17) auipc   t5, 0x1
core   0: 3 0x8000edfa (0x00001f17) x30 0x8000fdfa
core   0: 0x8000edfe (0x203f2323) sw      gp, 518(t5)
core   0: 3 0x8000edfe (0x203f2323) mem 0x80010000 0x00000001
core   0: 0x8000ee02 (0x0000bfe5) c.j     pc - 8
core   0: 3 0x8000ee02 (0xbfe5)
core   0: 0x8000edfa (0x00001f17) auipc   t5, 0x1
core   0: 3 0x8000edfa (0x00001f17) x30 0x8000fdfa
core   0: 0x8000edfe (0x203f2323) sw      gp, 518(t5)
core   0: 3 0x8000edfe (0x203f2323) mem 0x80010000 0x00000001
core   0: 0x8000ee02 (0x0000bfe5) c.j     pc - 8
core   0: 3 0x8000ee02 (0xbfe5)
core   0: 0x8000edfa (0x00001f17) auipc   t5, 0x1
core   0: 3 0x8000edfa (0x00001f17) x30 0x8000fdfa
core   0: 0x8000edfe (0x203f2323) sw      gp, 518(t5)
core   0: 3 0x8000edfe (0x203f2323) mem 0x80010000 0x00000001
core   0: 0x8000ee02 (0x0000bfe5) c.j     pc - 8
core   0: 3 0x8000ee02 (0xbfe5)
core   0: 0x8000edfa (0x00001f17) auipc   t5, 0x1
core   0: 3 0x8000edfa (0x00001f17) x30 0x8000fdfa
core   0: 0x8000edfe (0x203f2323) sw      gp, 518(t5)
core   0: 3 0x8000edfe (0x203f2323) mem 0x80010000 0x00000001
core   0: 0x8000ee02 (0x0000bfe5) c.j     pc - 8
core   0: 3 0x8000ee02 (0xbfe5)
core   0: 0x8000edfa (0x00001f17) auipc   t5, 0x1
core   0: 3 0x8000edfa (0x00001f17) x30 0x8000fdfa
core   0: 0x8000edfe (0x203f2323) sw      gp, 518(t5)
core   0: 3 0x8000edfe (0x203f2323) mem 0x80010000 0x00000001
core   0: 0x8000ee02 (0x0000bfe5) c.j     pc - 8
core   0: 3 0x8000ee02 (0xbfe5)
core   0: 0x8000edfa (0x00001f17) auipc   t5, 0x1
core   0: 3 0x8000edfa (0x00001f17) x30 0x8000fdfa
core   0: 0x8000edfe (0x203f2323) sw      gp, 518(t5)
core   0: 3 0x8000edfe (0x203f2323) mem 0x80010000 0x00000001
core   0: 0x8000ee02 (0x0000bfe5) c.j     pc - 8
core   0: 3 0x8000ee02 (0xbfe5)
core   0: 0x8000edfa (0x00001f17) auipc   t5, 0x1
core   0: 3 0x8000edfa (0x00001f17) x30 0x8000fdfa
core   0: 0x8000edfe (0x203f2323) sw      gp, 518(t5)
core   0: 3 0x8000edfe (0x203f2323) mem 0x80010000 0x00000001
core   0: 0x8000ee02 (0x0000bfe5) c.j     pc - 8
core   0: 3 0x8000ee02 (0xbfe5)
core   0: 0x8000edfa (0x00001f17) auipc   t5, 0x1
core   0: 3 0x8000edfa (0x00001f17) x30 0x8000fdfa
core   0: 0x8000edfe (0x203f2323) sw      gp, 518(t5)
core   0: 3 0x8000edfe (0x203f2323) mem 0x80010000 0x00000001
core   0: 0x8000ee02 (0x0000bfe5) c.j     pc - 8
core   0: 3 0x8000ee02 (0xbfe5)
core   0: 0x8000edfa (0x00001f17) auipc   t5, 0x1
core   0: 3 0x8000edfa (0x00001f17) x30 0x8000fdfa
core   0: 0x8000edfe (0x203f2323) sw      gp, 518(t5)
core   0: 3 0x8000edfe (0x203f2323) mem 0x80010000 0x00000001
core   0: 0x8000ee02 (0x0000bfe5) c.j     pc - 8
core   0: 3 0x8000ee02 (0xbfe5)
core   0: 0x8000edfa (0x00001f17) auipc   t5, 0x1
core   0: 3 0x8000edfa (0x00001f17) x30 0x8000fdfa
core   0: 0x8000edfe (0x203f2323) sw      gp, 518(t5)
core   0: 3 0x8000edfe (0x203f2323) mem 0x80010000 0x00000001
core   0: 0x8000ee02 (0x0000bfe5) c.j     pc - 8
core   0: 3 0x8000ee02 (0xbfe5)
core   0: 0x8000edfa (0x00001f17) auipc   t5, 0x1
core   0: 3 0x8000edfa (0x00001f17) x30 0x8000fdfa
core   0: 0x8000edfe (0x203f2323) sw      gp, 518(t5)
core   0: 3 0x8000edfe (0x203f2323) mem 0x80010000 0x00000001
core   0: 0x8000ee02 (0x0000bfe5) c.j     pc - 8
core   0: 3 0x8000ee02 (0xbfe5)
core   0: 0x8000edfa (0x00001f17) auipc   t5, 0x1
core   0: 3 0x8000edfa (0x00001f17) x30 0x8000fdfa
core   0: 0x8000edfe (0x203f2323) sw      gp, 518(t5)
core   0: 3 0x8000edfe (0x203f2323) mem 0x80010000 0x00000001
core   0: 0x8000ee02 (0x0000bfe5) c.j     pc - 8
core   0: 3 0x8000ee02 (0xbfe5)
core   0: 0x8000edfa (0x00001f17) auipc   t5, 0x1
core   0: 3 0x8000edfa (0x00001f17) x30 0x8000fdfa
core   0: 0x8000edfe (0x203f2323) sw      gp, 518(t5)
core   0: 3 0x8000edfe (0x203f2323) mem 0x80010000 0x00000001
core   0: 0x8000ee02 (0x0000bfe5) c.j     pc - 8
core   0: 3 0x8000ee02 (0xbfe5)
core   0: 0x8000edfa (0x00001f17) auipc   t5, 0x1
core   0: 3 0x8000edfa (0x00001f17) x30 0x8000fdfa
core   0: 0x8000edfe (0x203f2323) sw      gp, 518(t5)
core   0: 3 0x8000edfe (0x203f2323) mem 0x80010000 0x00000001
core   0: 0x8000ee02 (0x0000bfe5) c.j     pc - 8
core   0: 3 0x8000ee02 (0xbfe5)
core   0: 0x8000edfa (0x00001f17) auipc   t5, 0x1
core   0: 3 0x8000edfa (0x00001f17) x30 0x8000fdfa
core   0: 0x8000edfe (0x203f2323) sw      gp, 518(t5)
core   0: 3 0x8000edfe (0x203f2323) mem 0x80010000 0x00000001
core   0: 0x8000ee02 (0x0000bfe5) c.j     pc - 8
core   0: 3 0x8000ee02 (0xbfe5)
core   0: 0x8000edfa (0x00001f17) auipc   t5, 0x1
core   0: 3 0x8000edfa (0x00001f17) x30 0x8000fdfa
core   0: 0x8000edfe (0x203f2323) sw      gp, 518(t5)
core   0: 3 0x8000edfe (0x203f2323) mem 0x80010000 0x00000001
core   0: 0x8000ee02 (0x0000bfe5) c.j     pc - 8
core   0: 3 0x8000ee02 (0xbfe5)
core   0: 0x8000edfa (0x00001f17) auipc   t5, 0x1
core   0: 3 0x8000edfa (0x00001f17) x30 0x8000fdfa
core   0: 0x8000edfe (0x203f2323) sw      gp, 518(t5)
core   0: 3 0x8000edfe (0x203f2323) mem 0x80010000 0x00000001
core   0: 0x8000ee02 (0x0000bfe5) c.j     pc - 8
core   0: 3 0x8000ee02 (0xbfe5)
core   0: 0x8000edfa (0x00001f17) auipc   t5, 0x1
core   0: 3 0x8000edfa (0x00001f17) x30 0x8000fdfa
core   0: 0x8000edfe (0x203f2323) sw      gp, 518(t5)
core   0: 3 0x8000edfe (0x203f2323) mem 0x80010000 0x00000001
core   0: 0x8000ee02 (0x0000bfe5) c.j     pc - 8
core   0: 3 0x8000ee02 (0xbfe5)
core   0: 0x8000edfa (0x00001f17) auipc   t5, 0x1
core   0: 3 0x8000edfa (0x00001f17) x30 0x8000fdfa
core   0: 0x8000edfe (0x203f2323) sw      gp, 518(t5)
core   0: 3 0x8000edfe (0x203f2323) mem 0x80010000 0x00000001
core   0: 0x8000ee02 (0x0000bfe5) c.j     pc - 8
core   0: 3 0x8000ee02 (0xbfe5)
core   0: 0x8000edfa (0x00001f17) auipc   t5, 0x1
core   0: 3 0x8000edfa (0x00001f17) x30 0x8000fdfa
core   0: 0x8000edfe (0x203f2323) sw      gp, 518(t5)
core   0: 3 0x8000edfe (0x203f2323) mem 0x80010000 0x00000001
core   0: 0x8000ee02 (0x0000bfe5) c.j     pc - 8
core   0: 3 0x8000ee02 (0xbfe5)
core   0: 0x8000edfa (0x00001f17) auipc   t5, 0x1
core   0: 3 0x8000edfa (0x00001f17) x30 0x8000fdfa
core   0: 0x8000edfe (0x203f2323) sw      gp, 518(t5)
core   0: 3 0x8000edfe (0x203f2323) mem 0x80010000 0x00000001
core   0: 0x8000ee02 (0x0000bfe5) c.j     pc - 8
core   0: 3 0x8000ee02 (0xbfe5)
core   0: 0x8000edfa (0x00001f17) auipc   t5, 0x1
core   0: 3 0x8000edfa (0x00001f17) x30 0x8000fdfa
core   0: 0x8000edfe (0x203f2323) sw      gp, 518(t5)
core   0: 3 0x8000edfe (0x203f2323) mem 0x80010000 0x00000001
core   0: 0x8000ee02 (0x0000bfe5) c.j     pc - 8
core   0: 3 0x8000ee02 (0xbfe5)
core   0: 0x8000edfa (0x00001f17) auipc   t5, 0x1
core   0: 3 0x8000edfa (0x00001f17) x30 0x8000fdfa
core   0: 0x8000edfe (0x203f2323) sw      gp, 518(t5)
core   0: 3 0x8000edfe (0x203f2323) mem 0x80010000 0x00000001
core   0: 0x8000ee02 (0x0000bfe5) c.j     pc - 8
core   0: 3 0x8000ee02 (0xbfe5)
core   0: 0x8000edfa (0x00001f17) auipc   t5, 0x1
core   0: 3 0x8000edfa (0x00001f17) x30 0x8000fdfa
core   0: 0x8000edfe (0x203f2323) sw      gp, 518(t5)
core   0: 3 0x8000edfe (0x203f2323) mem 0x80010000 0x00000001
core   0: 0x8000ee02 (0x0000bfe5) c.j     pc - 8
core   0: 3 0x8000ee02 (0xbfe5)
core   0: 0x8000edfa (0x00001f17) auipc   t5, 0x1
core   0: 3 0x8000edfa (0x00001f17) x30 0x8000fdfa
core   0: 0x8000edfe (0x203f2323) sw      gp, 518(t5)
core   0: 3 0x8000edfe (0x203f2323) mem 0x80010000 0x00000001
core   0: 0x8000ee02 (0x0000bfe5) c.j     pc - 8
core   0: 3 0x8000ee02 (0xbfe5)
core   0: 0x8000edfa (0x00001f17) auipc   t5, 0x1
core   0: 3 0x8000edfa (0x00001f17) x30 0x8000fdfa
core   0: 0x8000edfe (0x203f2323) sw      gp, 518(t5)
core   0: 3 0x8000edfe (0x203f2323) mem 0x80010000 0x00000001
core   0: 0x8000ee02 (0x0000bfe5) c.j     pc - 8
core   0: 3 0x8000ee02 (0xbfe5)
core   0: 0x8000edfa (0x00001f17) auipc   t5, 0x1
core   0: 3 0x8000edfa (0x00001f17) x30 0x8000fdfa
core   0: 0x8000edfe (0x203f2323) sw      gp, 518(t5)
core   0: 3 0x8000edfe (0x203f2323) mem 0x80010000 0x00000001
core   0: 0x8000ee02 (0x0000bfe5) c.j     pc - 8
core   0: 3 0x8000ee02 (0xbfe5)
core   0: 0x8000edfa (0x00001f17) auipc   t5, 0x1
core   0: 3 0x8000edfa (0x00001f17) x30 0x8000fdfa
core   0: 0x8000edfe (0x203f2323) sw      gp, 518(t5)
core   0: 3 0x8000edfe (0x203f2323) mem 0x80010000 0x00000001
core   0: 0x8000ee02 (0x0000bfe5) c.j     pc - 8
core   0: 3 0x8000ee02 (0xbfe5)
core   0: 0x8000edfa (0x00001f17) auipc   t5, 0x1
core   0: 3 0x8000edfa (0x00001f17) x30 0x8000fdfa
core   0: 0x8000edfe (0x203f2323) sw      gp, 518(t5)
core   0: 3 0x8000edfe (0x203f2323) mem 0x80010000 0x00000001
core   0: 0x8000ee02 (0x0000bfe5) c.j     pc - 8
core   0: 3 0x8000ee02 (0xbfe5)
core   0: 0x8000edfa (0x00001f17) auipc   t5, 0x1
core   0: 3 0x8000edfa (0x00001f17) x30 0x8000fdfa
core   0: 0x8000edfe (0x203f2323) sw      gp, 518(t5)
core   0: 3 0x8000edfe (0x203f2323) mem 0x80010000 0x00000001
core   0: 0x8000ee02 (0x0000bfe5) c.j     pc - 8
core   0: 3 0x8000ee02 (0xbfe5)
core   0: 0x8000edfa (0x00001f17) auipc   t5, 0x1
core   0: 3 0x8000edfa (0x00001f17) x30 0x8000fdfa
core   0: 0x8000edfe (0x203f2323) sw      gp, 518(t5)
core   0: 3 0x8000edfe (0x203f2323) mem 0x80010000 0x00000001
core   0: 0x8000ee02 (0x0000bfe5) c.j     pc - 8
core   0: 3 0x8000ee02 (0xbfe5)
core   0: 0x8000edfa (0x00001f17) auipc   t5, 0x1
core   0: 3 0x8000edfa (0x00001f17) x30 0x8000fdfa
core   0: 0x8000edfe (0x203f2323) sw      gp, 518(t5)
core   0: 3 0x8000edfe (0x203f2323) mem 0x80010000 0x00000001
core   0: 0x8000ee02 (0x0000bfe5) c.j     pc - 8
core   0: 3 0x8000ee02 (0xbfe5)
core   0: 0x8000edfa (0x00001f17) auipc   t5, 0x1
core   0: 3 0x8000edfa (0x00001f17) x30 0x8000fdfa
core   0: 0x8000edfe (0x203f2323) sw      gp, 518(t5)
core   0: 3 0x8000edfe (0x203f2323) mem 0x80010000 0x00000001
core   0: 0x8000ee02 (0x0000bfe5) c.j     pc - 8
core   0: 3 0x8000ee02 (0xbfe5)
core   0: 0x8000edfa (0x00001f17) auipc   t5, 0x1
core   0: 3 0x8000edfa (0x00001f17) x30 0x8000fdfa
core   0: 0x8000edfe (0x203f2323) sw      gp, 518(t5)
core   0: 3 0x8000edfe (0x203f2323) mem 0x80010000 0x00000001
core   0: 0x8000ee02 (0x0000bfe5) c.j     pc - 8
core   0: 3 0x8000ee02 (0xbfe5)
core   0: 0x8000edfa (0x00001f17) auipc   t5, 0x1
core   0: 3 0x8000edfa (0x00001f17) x30 0x8000fdfa
core   0: 0x8000edfe (0x203f2323) sw      gp, 518(t5)
core   0: 3 0x8000edfe (0x203f2323) mem 0x80010000 0x00000001
core   0: 0x8000ee02 (0x0000bfe5) c.j     pc - 8
core   0: 3 0x8000ee02 (0xbfe5)
core   0: 0x8000edfa (0x00001f17) auipc   t5, 0x1
core   0: 3 0x8000edfa (0x00001f17) x30 0x8000fdfa
core   0: 0x8000edfe (0x203f2323) sw      gp, 518(t5)
core   0: 3 0x8000edfe (0x203f2323) mem 0x80010000 0x00000001
core   0: 0x8000ee02 (0x0000bfe5) c.j     pc - 8
core   0: 3 0x8000ee02 (0xbfe5)
core   0: 0x8000edfa (0x00001f17) auipc   t5, 0x1
core   0: 3 0x8000edfa (0x00001f17) x30 0x8000fdfa
core   0: 0x8000edfe (0x203f2323) sw      gp, 518(t5)
core   0: 3 0x8000edfe (0x203f2323) mem 0x80010000 0x00000001
core   0: 0x8000ee02 (0x0000bfe5) c.j     pc - 8
core   0: 3 0x8000ee02 (0xbfe5)
core   0: 0x8000edfa (0x00001f17) auipc   t5, 0x1
core   0: 3 0x8000edfa (0x00001f17) x30 0x8000fdfa
core   0: 0x8000edfe (0x203f2323) sw      gp, 518(t5)
core   0: 3 0x8000edfe (0x203f2323) mem 0x80010000 0x00000001
core   0: 0x8000ee02 (0x0000bfe5) c.j     pc - 8
core   0: 3 0x8000ee02 (0xbfe5)
core   0: 0x8000edfa (0x00001f17) auipc   t5, 0x1
core   0: 3 0x8000edfa (0x00001f17) x30 0x8000fdfa
core   0: 0x8000edfe (0x203f2323) sw      gp, 518(t5)
core   0: 3 0x8000edfe (0x203f2323) mem 0x80010000 0x00000001
core   0: 0x8000ee02 (0x0000bfe5) c.j     pc - 8
core   0: 3 0x8000ee02 (0xbfe5)
core   0: 0x8000edfa (0x00001f17) auipc   t5, 0x1
core   0: 3 0x8000edfa (0x00001f17) x30 0x8000fdfa
core   0: 0x8000edfe (0x203f2323) sw      gp, 518(t5)
core   0: 3 0x8000edfe (0x203f2323) mem 0x80010000 0x00000001
core   0: 0x8000ee02 (0x0000bfe5) c.j     pc - 8
core   0: 3 0x8000ee02 (0xbfe5)
core   0: 0x8000edfa (0x00001f17) auipc   t5, 0x1
core   0: 3 0x8000edfa (0x00001f17) x30 0x8000fdfa
core   0: 0x8000edfe (0x203f2323) sw      gp, 518(t5)
core   0: 3 0x8000edfe (0x203f2323) mem 0x80010000 0x00000001
core   0: 0x8000ee02 (0x0000bfe5) c.j     pc - 8
core   0: 3 0x8000ee02 (0xbfe5)
core   0: 0x8000edfa (0x00001f17) auipc   t5, 0x1
core   0: 3 0x8000edfa (0x00001f17) x30 0x8000fdfa
core   0: 0x8000edfe (0x203f2323) sw      gp, 518(t5)
core   0: 3 0x8000edfe (0x203f2323) mem 0x80010000 0x00000001
core   0: 0x8000ee02 (0x0000bfe5) c.j     pc - 8
core   0: 3 0x8000ee02 (0xbfe5)
core   0: 0x8000edfa (0x00001f17) auipc   t5, 0x1
core   0: 3 0x8000edfa (0x00001f17) x30 0x8000fdfa
core   0: 0x8000edfe (0x203f2323) sw      gp, 518(t5)
core   0: 3 0x8000edfe (0x203f2323) mem 0x80010000 0x00000001
core   0: 0x8000ee02 (0x0000bfe5) c.j     pc - 8
core   0: 3 0x8000ee02 (0xbfe5)
core   0: 0x8000edfa (0x00001f17) auipc   t5, 0x1
core   0: 3 0x8000edfa (0x00001f17) x30 0x8000fdfa
core   0: 0x8000edfe (0x203f2323) sw      gp, 518(t5)
core   0: 3 0x8000edfe (0x203f2323) mem 0x80010000 0x00000001
core   0: 0x8000ee02 (0x0000bfe5) c.j     pc - 8
core   0: 3 0x8000ee02 (0xbfe5)
core   0: 0x8000edfa (0x00001f17) auipc   t5, 0x1
core   0: 3 0x8000edfa (0x00001f17) x30 0x8000fdfa
core   0: 0x8000edfe (0x203f2323) sw      gp, 518(t5)
core   0: 3 0x8000edfe (0x203f2323) mem 0x80010000 0x00000001
core   0: 0x8000ee02 (0x0000bfe5) c.j     pc - 8
core   0: 3 0x8000ee02 (0xbfe5)
core   0: 0x8000edfa (0x00001f17) auipc   t5, 0x1
core   0: 3 0x8000edfa (0x00001f17) x30 0x8000fdfa
core   0: 0x8000edfe (0x203f2323) sw      gp, 518(t5)
core   0: 3 0x8000edfe (0x203f2323) mem 0x80010000 0x00000001
core   0: 0x8000ee02 (0x0000bfe5) c.j     pc - 8
core   0: 3 0x8000ee02 (0xbfe5)
core   0: 0x8000edfa (0x00001f17) auipc   t5, 0x1
core   0: 3 0x8000edfa (0x00001f17) x30 0x8000fdfa
core   0: 0x8000edfe (0x203f2323) sw      gp, 518(t5)
core   0: 3 0x8000edfe (0x203f2323) mem 0x80010000 0x00000001
core   0: 0x8000ee02 (0x0000bfe5) c.j     pc - 8
core   0: 3 0x8000ee02 (0xbfe5)
core   0: 0x8000edfa (0x00001f17) auipc   t5, 0x1
core   0: 3 0x8000edfa (0x00001f17) x30 0x8000fdfa
core   0: 0x8000edfe (0x203f2323) sw      gp, 518(t5)
core   0: 3 0x8000edfe (0x203f2323) mem 0x80010000 0x00000001
core   0: 0x8000ee02 (0x0000bfe5) c.j     pc - 8
core   0: 3 0x8000ee02 (0xbfe5)
core   0: 0x8000edfa (0x00001f17) auipc   t5, 0x1
core   0: 3 0x8000edfa (0x00001f17) x30 0x8000fdfa
core   0: 0x8000edfe (0x203f2323) sw      gp, 518(t5)
core   0: 3 0x8000edfe (0x203f2323) mem 0x80010000 0x00000001
core   0: 0x8000ee02 (0x0000bfe5) c.j     pc - 8
core   0: 3 0x8000ee02 (0xbfe5)
core   0: 0x8000edfa (0x00001f17) auipc   t5, 0x1
core   0: 3 0x8000edfa (0x00001f17) x30 0x8000fdfa
core   0: 0x8000edfe (0x203f2323) sw      gp, 518(t5)
core   0: 3 0x8000edfe (0x203f2323) mem 0x80010000 0x00000001
core   0: 0x8000ee02 (0x0000bfe5) c.j     pc - 8
core   0: 3 0x8000ee02 (0xbfe5)
core   0: 0x8000edfa (0x00001f17) auipc   t5, 0x1
core   0: 3 0x8000edfa (0x00001f17) x30 0x8000fdfa
core   0: 0x8000edfe (0x203f2323) sw      gp, 518(t5)
core   0: 3 0x8000edfe (0x203f2323) mem 0x80010000 0x00000001
core   0: 0x8000ee02 (0x0000bfe5) c.j     pc - 8
core   0: 3 0x8000ee02 (0xbfe5)
core   0: 0x8000edfa (0x00001f17) auipc   t5, 0x1
core   0: 3 0x8000edfa (0x00001f17) x30 0x8000fdfa
core   0: 0x8000edfe (0x203f2323) sw      gp, 518(t5)
core   0: 3 0x8000edfe (0x203f2323) mem 0x80010000 0x00000001
core   0: 0x8000ee02 (0x0000bfe5) c.j     pc - 8
core   0: 3 0x8000ee02 (0xbfe5)
core   0: 0x8000edfa (0x00001f17) auipc   t5, 0x1
core   0: 3 0x8000edfa (0x00001f17) x30 0x8000fdfa
core   0: 0x8000edfe (0x203f2323) sw      gp, 518(t5)
core   0: 3 0x8000edfe (0x203f2323) mem 0x80010000 0x00000001
core   0: 0x8000ee02 (0x0000bfe5) c.j     pc - 8
core   0: 3 0x8000ee02 (0xbfe5)
core   0: 0x8000edfa (0x00001f17) auipc   t5, 0x1
core   0: 3 0x8000edfa (0x00001f17) x30 0x8000fdfa
core   0: 0x8000edfe (0x203f2323) sw      gp, 518(t5)
core   0: 3 0x8000edfe (0x203f2323) mem 0x80010000 0x00000001
core   0: 0x8000ee02 (0x0000bfe5) c.j     pc - 8
core   0: 3 0x8000ee02 (0xbfe5)
core   0: 0x8000edfa (0x00001f17) auipc   t5, 0x1
core   0: 3 0x8000edfa (0x00001f17) x30 0x8000fdfa
core   0: 0x8000edfe (0x203f2323) sw      gp, 518(t5)
core   0: 3 0x8000edfe (0x203f2323) mem 0x80010000 0x00000001
core   0: 0x8000ee02 (0x0000bfe5) c.j     pc - 8
core   0: 3 0x8000ee02 (0xbfe5)
core   0: 0x8000edfa (0x00001f17) auipc   t5, 0x1
core   0: 3 0x8000edfa (0x00001f17) x30 0x8000fdfa
core   0: 0x8000edfe (0x203f2323) sw      gp, 518(t5)
core   0: 3 0x8000edfe (0x203f2323) mem 0x80010000 0x00000001
core   0: 0x8000ee02 (0x0000bfe5) c.j     pc - 8
core   0: 3 0x8000ee02 (0xbfe5)
core   0: 0x8000edfa (0x00001f17) auipc   t5, 0x1
core   0: 3 0x8000edfa (0x00001f17) x30 0x8000fdfa
core   0: 0x8000edfe (0x203f2323) sw      gp, 518(t5)
core   0: 3 0x8000edfe (0x203f2323) mem 0x80010000 0x00000001
core   0: 0x8000ee02 (0x0000bfe5) c.j     pc - 8
core   0: 3 0x8000ee02 (0xbfe5)
core   0: 0x8000edfa (0x00001f17) auipc   t5, 0x1
core   0: 3 0x8000edfa (0x00001f17) x30 0x8000fdfa
core   0: 0x8000edfe (0x203f2323) sw      gp, 518(t5)
core   0: 3 0x8000edfe (0x203f2323) mem 0x80010000 0x00000001
core   0: 0x8000ee02 (0x0000bfe5) c.j     pc - 8
core   0: 3 0x8000ee02 (0xbfe5)
core   0: 0x8000edfa (0x00001f17) auipc   t5, 0x1
core   0: 3 0x8000edfa (0x00001f17) x30 0x8000fdfa
core   0: 0x8000edfe (0x203f2323) sw      gp, 518(t5)
core   0: 3 0x8000edfe (0x203f2323) mem 0x80010000 0x00000001
core   0: 0x8000ee02 (0x0000bfe5) c.j     pc - 8
core   0: 3 0x8000ee02 (0xbfe5)
core   0: 0x8000edfa (0x00001f17) auipc   t5, 0x1
core   0: 3 0x8000edfa (0x00001f17) x30 0x8000fdfa
core   0: 0x8000edfe (0x203f2323) sw      gp, 518(t5)
core   0: 3 0x8000edfe (0x203f2323) mem 0x80010000 0x00000001
core   0: 0x8000ee02 (0x0000bfe5) c.j     pc - 8
core   0: 3 0x8000ee02 (0xbfe5)
core   0: 0x8000edfa (0x00001f17) auipc   t5, 0x1
core   0: 3 0x8000edfa (0x00001f17) x30 0x8000fdfa
core   0: 0x8000edfe (0x203f2323) sw      gp, 518(t5)
core   0: 3 0x8000edfe (0x203f2323) mem 0x80010000 0x00000001
core   0: 0x8000ee02 (0x0000bfe5) c.j     pc - 8
core   0: 3 0x8000ee02 (0xbfe5)
core   0: 0x8000edfa (0x00001f17) auipc   t5, 0x1
core   0: 3 0x8000edfa (0x00001f17) x30 0x8000fdfa
core   0: 0x8000edfe (0x203f2323) sw      gp, 518(t5)
core   0: 3 0x8000edfe (0x203f2323) mem 0x80010000 0x00000001
core   0: 0x8000ee02 (0x0000bfe5) c.j     pc - 8
core   0: 3 0x8000ee02 (0xbfe5)
core   0: 0x8000edfa (0x00001f17) auipc   t5, 0x1
core   0: 3 0x8000edfa (0x00001f17) x30 0x8000fdfa
core   0: 0x8000edfe (0x203f2323) sw      gp, 518(t5)
core   0: 3 0x8000edfe (0x203f2323) mem 0x80010000 0x00000001
core   0: 0x8000ee02 (0x0000bfe5) c.j     pc - 8
core   0: 3 0x8000ee02 (0xbfe5)
core   0: 0x8000edfa (0x00001f17) auipc   t5, 0x1
core   0: 3 0x8000edfa (0x00001f17) x30 0x8000fdfa
core   0: 0x8000edfe (0x203f2323) sw      gp, 518(t5)
core   0: 3 0x8000edfe (0x203f2323) mem 0x80010000 0x00000001
core   0: 0x8000ee02 (0x0000bfe5) c.j     pc - 8
core   0: 3 0x8000ee02 (0xbfe5)
core   0: 0x8000edfa (0x00001f17) auipc   t5, 0x1
core   0: 3 0x8000edfa (0x00001f17) x30 0x8000fdfa
core   0: 0x8000edfe (0x203f2323) sw      gp, 518(t5)
core   0: 3 0x8000edfe (0x203f2323) mem 0x80010000 0x00000001
core   0: 0x8000ee02 (0x0000bfe5) c.j     pc - 8
core   0: 3 0x8000ee02 (0xbfe5)
core   0: 0x8000edfa (0x00001f17) auipc   t5, 0x1
core   0: 3 0x8000edfa (0x00001f17) x30 0x8000fdfa
core   0: 0x8000edfe (0x203f2323) sw      gp, 518(t5)
core   0: 3 0x8000edfe (0x203f2323) mem 0x80010000 0x00000001
core   0: 0x8000ee02 (0x0000bfe5) c.j     pc - 8
core   0: 3 0x8000ee02 (0xbfe5)
core   0: 0x8000edfa (0x00001f17) auipc   t5, 0x1
core   0: 3 0x8000edfa (0x00001f17) x30 0x8000fdfa
core   0: 0x8000edfe (0x203f2323) sw      gp, 518(t5)
core   0: 3 0x8000edfe (0x203f2323) mem 0x80010000 0x00000001
core   0: 0x8000ee02 (0x0000bfe5) c.j     pc - 8
core   0: 3 0x8000ee02 (0xbfe5)
core   0: 0x8000edfa (0x00001f17) auipc   t5, 0x1
core   0: 3 0x8000edfa (0x00001f17) x30 0x8000fdfa
core   0: 0x8000edfe (0x203f2323) sw      gp, 518(t5)
core   0: 3 0x8000edfe (0x203f2323) mem 0x80010000 0x00000001
core   0: 0x8000ee02 (0x0000bfe5) c.j     pc - 8
core   0: 3 0x8000ee02 (0xbfe5)
core   0: 0x8000edfa (0x00001f17) auipc   t5, 0x1
core   0: 3 0x8000edfa (0x00001f17) x30 0x8000fdfa
core   0: 0x8000edfe (0x203f2323) sw      gp, 518(t5)
core   0: 3 0x8000edfe (0x203f2323) mem 0x80010000 0x00000001
core   0: 0x8000ee02 (0x0000bfe5) c.j     pc - 8
core   0: 3 0x8000ee02 (0xbfe5)
core   0: 0x8000edfa (0x00001f17) auipc   t5, 0x1
core   0: 3 0x8000edfa (0x00001f17) x30 0x8000fdfa
core   0: 0x8000edfe (0x203f2323) sw      gp, 518(t5)
core   0: 3 0x8000edfe (0x203f2323) mem 0x80010000 0x00000001
core   0: 0x8000ee02 (0x0000bfe5) c.j     pc - 8
core   0: 3 0x8000ee02 (0xbfe5)
core   0: 0x8000edfa (0x00001f17) auipc   t5, 0x1
core   0: 3 0x8000edfa (0x00001f17) x30 0x8000fdfa
core   0: 0x8000edfe (0x203f2323) sw      gp, 518(t5)
core   0: 3 0x8000edfe (0x203f2323) mem 0x80010000 0x00000001
core   0: 0x8000ee02 (0x0000bfe5) c.j     pc - 8
core   0: 3 0x8000ee02 (0xbfe5)
core   0: 0x8000edfa (0x00001f17) auipc   t5, 0x1
core   0: 3 0x8000edfa (0x00001f17) x30 0x8000fdfa
core   0: 0x8000edfe (0x203f2323) sw      gp, 518(t5)
core   0: 3 0x8000edfe (0x203f2323) mem 0x80010000 0x00000001
core   0: 0x8000ee02 (0x0000bfe5) c.j     pc - 8
core   0: 3 0x8000ee02 (0xbfe5)
core   0: 0x8000edfa (0x00001f17) auipc   t5, 0x1
core   0: 3 0x8000edfa (0x00001f17) x30 0x8000fdfa
core   0: 0x8000edfe (0x203f2323) sw      gp, 518(t5)
core   0: 3 0x8000edfe (0x203f2323) mem 0x80010000 0x00000001
core   0: 0x8000ee02 (0x0000bfe5) c.j     pc - 8
core   0: 3 0x8000ee02 (0xbfe5)
core   0: 0x8000edfa (0x00001f17) auipc   t5, 0x1
core   0: 3 0x8000edfa (0x00001f17) x30 0x8000fdfa
core   0: 0x8000edfe (0x203f2323) sw      gp, 518(t5)
core   0: 3 0x8000edfe (0x203f2323) mem 0x80010000 0x00000001
core   0: 0x8000ee02 (0x0000bfe5) c.j     pc - 8
core   0: 3 0x8000ee02 (0xbfe5)
core   0: 0x8000edfa (0x00001f17) auipc   t5, 0x1
core   0: 3 0x8000edfa (0x00001f17) x30 0x8000fdfa
core   0: 0x8000edfe (0x203f2323) sw      gp, 518(t5)
core   0: 3 0x8000edfe (0x203f2323) mem 0x80010000 0x00000001
core   0: 0x8000ee02 (0x0000bfe5) c.j     pc - 8
core   0: 3 0x8000ee02 (0xbfe5)
core   0: 0x8000edfa (0x00001f17) auipc   t5, 0x1
core   0: 3 0x8000edfa (0x00001f17) x30 0x8000fdfa
core   0: 0x8000edfe (0x203f2323) sw      gp, 518(t5)
core   0: 3 0x8000edfe (0x203f2323) mem 0x80010000 0x00000001
core   0: 0x8000ee02 (0x0000bfe5) c.j     pc - 8
core   0: 3 0x8000ee02 (0xbfe5)
core   0: 0x8000edfa (0x00001f17) auipc   t5, 0x1
core   0: 3 0x8000edfa (0x00001f17) x30 0x8000fdfa
core   0: 0x8000edfe (0x203f2323) sw      gp, 518(t5)
core   0: 3 0x8000edfe (0x203f2323) mem 0x80010000 0x00000001
core   0: 0x8000ee02 (0x0000bfe5) c.j     pc - 8
core   0: 3 0x8000ee02 (0xbfe5)
core   0: 0x8000edfa (0x00001f17) auipc   t5, 0x1
core   0: 3 0x8000edfa (0x00001f17) x30 0x8000fdfa
core   0: 0x8000edfe (0x203f2323) sw      gp, 518(t5)
core   0: 3 0x8000edfe (0x203f2323) mem 0x80010000 0x00000001
core   0: 0x8000ee02 (0x0000bfe5) c.j     pc - 8
core   0: 3 0x8000ee02 (0xbfe5)
core   0: 0x8000edfa (0x00001f17) auipc   t5, 0x1
core   0: 3 0x8000edfa (0x00001f17) x30 0x8000fdfa
core   0: 0x8000edfe (0x203f2323) sw      gp, 518(t5)
core   0: 3 0x8000edfe (0x203f2323) mem 0x80010000 0x00000001
core   0: 0x8000ee02 (0x0000bfe5) c.j     pc - 8
core   0: 3 0x8000ee02 (0xbfe5)
core   0: 0x8000edfa (0x00001f17) auipc   t5, 0x1
core   0: 3 0x8000edfa (0x00001f17) x30 0x8000fdfa
core   0: 0x8000edfe (0x203f2323) sw      gp, 518(t5)
core   0: 3 0x8000edfe (0x203f2323) mem 0x80010000 0x00000001
core   0: 0x8000ee02 (0x0000bfe5) c.j     pc - 8
core   0: 3 0x8000ee02 (0xbfe5)
core   0: 0x8000edfa (0x00001f17) auipc   t5, 0x1
core   0: 3 0x8000edfa (0x00001f17) x30 0x8000fdfa
core   0: 0x8000edfe (0x203f2323) sw      gp, 518(t5)
core   0: 3 0x8000edfe (0x203f2323) mem 0x80010000 0x00000001
core   0: 0x8000ee02 (0x0000bfe5) c.j     pc - 8
core   0: 3 0x8000ee02 (0xbfe5)
core   0: 0x8000edfa (0x00001f17) auipc   t5, 0x1
core   0: 3 0x8000edfa (0x00001f17) x30 0x8000fdfa
core   0: 0x8000edfe (0x203f2323) sw      gp, 518(t5)
core   0: 3 0x8000edfe (0x203f2323) mem 0x80010000 0x00000001
core   0: 0x8000ee02 (0x0000bfe5) c.j     pc - 8
core   0: 3 0x8000ee02 (0xbfe5)
core   0: 0x8000edfa (0x00001f17) auipc   t5, 0x1
core   0: 3 0x8000edfa (0x00001f17) x30 0x8000fdfa
core   0: 0x8000edfe (0x203f2323) sw      gp, 518(t5)
core   0: 3 0x8000edfe (0x203f2323) mem 0x80010000 0x00000001
core   0: 0x8000ee02 (0x0000bfe5) c.j     pc - 8
core   0: 3 0x8000ee02 (0xbfe5)
core   0: 0x8000edfa (0x00001f17) auipc   t5, 0x1
core   0: 3 0x8000edfa (0x00001f17) x30 0x8000fdfa
core   0: 0x8000edfe (0x203f2323) sw      gp, 518(t5)
core   0: 3 0x8000edfe (0x203f2323) mem 0x80010000 0x00000001
core   0: 0x8000ee02 (0x0000bfe5) c.j     pc - 8
core   0: 3 0x8000ee02 (0xbfe5)
core   0: 0x8000edfa (0x00001f17) auipc   t5, 0x1
core   0: 3 0x8000edfa (0x00001f17) x30 0x8000fdfa
core   0: 0x8000edfe (0x203f2323) sw      gp, 518(t5)
core   0: 3 0x8000edfe (0x203f2323) mem 0x80010000 0x00000001
core   0: 0x8000ee02 (0x0000bfe5) c.j     pc - 8
core   0: 3 0x8000ee02 (0xbfe5)
core   0: 0x8000edfa (0x00001f17) auipc   t5, 0x1
core   0: 3 0x8000edfa (0x00001f17) x30 0x8000fdfa
core   0: 0x8000edfe (0x203f2323) sw      gp, 518(t5)
core   0: 3 0x8000edfe (0x203f2323) mem 0x80010000 0x00000001
core   0: 0x8000ee02 (0x0000bfe5) c.j     pc - 8
core   0: 3 0x8000ee02 (0xbfe5)
core   0: 0x8000edfa (0x00001f17) auipc   t5, 0x1
core   0: 3 0x8000edfa (0x00001f17) x30 0x8000fdfa
core   0: 0x8000edfe (0x203f2323) sw      gp, 518(t5)
core   0: 3 0x8000edfe (0x203f2323) mem 0x80010000 0x00000001
core   0: 0x8000ee02 (0x0000bfe5) c.j     pc - 8
core   0: 3 0x8000ee02 (0xbfe5)
core   0: 0x8000edfa (0x00001f17) auipc   t5, 0x1
core   0: 3 0x8000edfa (0x00001f17) x30 0x8000fdfa
core   0: 0x8000edfe (0x203f2323) sw      gp, 518(t5)
core   0: 3 0x8000edfe (0x203f2323) mem 0x80010000 0x00000001
core   0: 0x8000ee02 (0x0000bfe5) c.j     pc - 8
core   0: 3 0x8000ee02 (0xbfe5)
core   0: 0x8000edfa (0x00001f17) auipc   t5, 0x1
core   0: 3 0x8000edfa (0x00001f17) x30 0x8000fdfa
core   0: 0x8000edfe (0x203f2323) sw      gp, 518(t5)
core   0: 3 0x8000edfe (0x203f2323) mem 0x80010000 0x00000001
core   0: 0x8000ee02 (0x0000bfe5) c.j     pc - 8
core   0: 3 0x8000ee02 (0xbfe5)
core   0: 0x8000edfa (0x00001f17) auipc   t5, 0x1
core   0: 3 0x8000edfa (0x00001f17) x30 0x8000fdfa
core   0: 0x8000edfe (0x203f2323) sw      gp, 518(t5)
core   0: 3 0x8000edfe (0x203f2323) mem 0x80010000 0x00000001
core   0: 0x8000ee02 (0x0000bfe5) c.j     pc - 8
core   0: 3 0x8000ee02 (0xbfe5)
core   0: 0x8000edfa (0x00001f17) auipc   t5, 0x1
core   0: 3 0x8000edfa (0x00001f17) x30 0x8000fdfa
core   0: 0x8000edfe (0x203f2323) sw      gp, 518(t5)
core   0: 3 0x8000edfe (0x203f2323) mem 0x80010000 0x00000001
core   0: 0x8000ee02 (0x0000bfe5) c.j     pc - 8
core   0: 3 0x8000ee02 (0xbfe5)
core   0: 0x8000edfa (0x00001f17) auipc   t5, 0x1
core   0: 3 0x8000edfa (0x00001f17) x30 0x8000fdfa
core   0: 0x8000edfe (0x203f2323) sw      gp, 518(t5)
core   0: 3 0x8000edfe (0x203f2323) mem 0x80010000 0x00000001
core   0: 0x8000ee02 (0x0000bfe5) c.j     pc - 8
core   0: 3 0x8000ee02 (0xbfe5)
core   0: 0x8000edfa (0x00001f17) auipc   t5, 0x1
core   0: 3 0x8000edfa (0x00001f17) x30 0x8000fdfa
core   0: 0x8000edfe (0x203f2323) sw      gp, 518(t5)
core   0: 3 0x8000edfe (0x203f2323) mem 0x80010000 0x00000001
core   0: 0x8000ee02 (0x0000bfe5) c.j     pc - 8
core   0: 3 0x8000ee02 (0xbfe5)
core   0: 0x8000edfa (0x00001f17) auipc   t5, 0x1
core   0: 3 0x8000edfa (0x00001f17) x30 0x8000fdfa
core   0: 0x8000edfe (0x203f2323) sw      gp, 518(t5)
core   0: 3 0x8000edfe (0x203f2323) mem 0x80010000 0x00000001
core   0: 0x8000ee02 (0x0000bfe5) c.j     pc - 8
core   0: 3 0x8000ee02 (0xbfe5)
core   0: 0x8000edfa (0x00001f17) auipc   t5, 0x1
core   0: 3 0x8000edfa (0x00001f17) x30 0x8000fdfa
core   0: 0x8000edfe (0x203f2323) sw      gp, 518(t5)
core   0: 3 0x8000edfe (0x203f2323) mem 0x80010000 0x00000001
core   0: 0x8000ee02 (0x0000bfe5) c.j     pc - 8
core   0: 3 0x8000ee02 (0xbfe5)
core   0: 0x8000edfa (0x00001f17) auipc   t5, 0x1
core   0: 3 0x8000edfa (0x00001f17) x30 0x8000fdfa
core   0: 0x8000edfe (0x203f2323) sw      gp, 518(t5)
core   0: 3 0x8000edfe (0x203f2323) mem 0x80010000 0x00000001
core   0: 0x8000ee02 (0x0000bfe5) c.j     pc - 8
core   0: 3 0x8000ee02 (0xbfe5)
core   0: 0x8000edfa (0x00001f17) auipc   t5, 0x1
core   0: 3 0x8000edfa (0x00001f17) x30 0x8000fdfa
core   0: 0x8000edfe (0x203f2323) sw      gp, 518(t5)
core   0: 3 0x8000edfe (0x203f2323) mem 0x80010000 0x00000001
core   0: 0x8000ee02 (0x0000bfe5) c.j     pc - 8
core   0: 3 0x8000ee02 (0xbfe5)
core   0: 0x8000edfa (0x00001f17) auipc   t5, 0x1
core   0: 3 0x8000edfa (0x00001f17) x30 0x8000fdfa
core   0: 0x8000edfe (0x203f2323) sw      gp, 518(t5)
core   0: 3 0x8000edfe (0x203f2323) mem 0x80010000 0x00000001
core   0: 0x8000ee02 (0x0000bfe5) c.j     pc - 8
core   0: 3 0x8000ee02 (0xbfe5)
core   0: 0x8000edfa (0x00001f17) auipc   t5, 0x1
core   0: 3 0x8000edfa (0x00001f17) x30 0x8000fdfa
core   0: 0x8000edfe (0x203f2323) sw      gp, 518(t5)
core   0: 3 0x8000edfe (0x203f2323) mem 0x80010000 0x00000001
core   0: 0x8000ee02 (0x0000bfe5) c.j     pc - 8
core   0: 3 0x8000ee02 (0xbfe5)
core   0: 0x8000edfa (0x00001f17) auipc   t5, 0x1
core   0: 3 0x8000edfa (0x00001f17) x30 0x8000fdfa
core   0: 0x8000edfe (0x203f2323) sw      gp, 518(t5)
core   0: 3 0x8000edfe (0x203f2323) mem 0x80010000 0x00000001
core   0: 0x8000ee02 (0x0000bfe5) c.j     pc - 8
core   0: 3 0x8000ee02 (0xbfe5)
core   0: 0x8000edfa (0x00001f17) auipc   t5, 0x1
core   0: 3 0x8000edfa (0x00001f17) x30 0x8000fdfa
core   0: 0x8000edfe (0x203f2323) sw      gp, 518(t5)
core   0: 3 0x8000edfe (0x203f2323) mem 0x80010000 0x00000001
core   0: 0x8000ee02 (0x0000bfe5) c.j     pc - 8
core   0: 3 0x8000ee02 (0xbfe5)
core   0: 0x8000edfa (0x00001f17) auipc   t5, 0x1
core   0: 3 0x8000edfa (0x00001f17) x30 0x8000fdfa
core   0: 0x8000edfe (0x203f2323) sw      gp, 518(t5)
core   0: 3 0x8000edfe (0x203f2323) mem 0x80010000 0x00000001
core   0: 0x8000ee02 (0x0000bfe5) c.j     pc - 8
core   0: 3 0x8000ee02 (0xbfe5)
core   0: 0x8000edfa (0x00001f17) auipc   t5, 0x1
core   0: 3 0x8000edfa (0x00001f17) x30 0x8000fdfa
core   0: 0x8000edfe (0x203f2323) sw      gp, 518(t5)
core   0: 3 0x8000edfe (0x203f2323) mem 0x80010000 0x00000001
core   0: 0x8000ee02 (0x0000bfe5) c.j     pc - 8
core   0: 3 0x8000ee02 (0xbfe5)
core   0: 0x8000edfa (0x00001f17) auipc   t5, 0x1
core   0: 3 0x8000edfa (0x00001f17) x30 0x8000fdfa
core   0: 0x8000edfe (0x203f2323) sw      gp, 518(t5)
core   0: 3 0x8000edfe (0x203f2323) mem 0x80010000 0x00000001
core   0: 0x8000ee02 (0x0000bfe5) c.j     pc - 8
core   0: 3 0x8000ee02 (0xbfe5)
core   0: 0x8000edfa (0x00001f17) auipc   t5, 0x1
core   0: 3 0x8000edfa (0x00001f17) x30 0x8000fdfa
core   0: 0x8000edfe (0x203f2323) sw      gp, 518(t5)
core   0: 3 0x8000edfe (0x203f2323) mem 0x80010000 0x00000001
core   0: 0x8000ee02 (0x0000bfe5) c.j     pc - 8
core   0: 3 0x8000ee02 (0xbfe5)
core   0: 0x8000edfa (0x00001f17) auipc   t5, 0x1
core   0: 3 0x8000edfa (0x00001f17) x30 0x8000fdfa
core   0: 0x8000edfe (0x203f2323) sw      gp, 518(t5)
core   0: 3 0x8000edfe (0x203f2323) mem 0x80010000 0x00000001
core   0: 0x8000ee02 (0x0000bfe5) c.j     pc - 8
core   0: 3 0x8000ee02 (0xbfe5)
core   0: 0x8000edfa (0x00001f17) auipc   t5, 0x1
core   0: 3 0x8000edfa (0x00001f17) x30 0x8000fdfa
core   0: 0x8000edfe (0x203f2323) sw      gp, 518(t5)
core   0: 3 0x8000edfe (0x203f2323) mem 0x80010000 0x00000001
core   0: 0x8000ee02 (0x0000bfe5) c.j     pc - 8
core   0: 3 0x8000ee02 (0xbfe5)
core   0: 0x8000edfa (0x00001f17) auipc   t5, 0x1
core   0: 3 0x8000edfa (0x00001f17) x30 0x8000fdfa
core   0: 0x8000edfe (0x203f2323) sw      gp, 518(t5)
core   0: 3 0x8000edfe (0x203f2323) mem 0x80010000 0x00000001
core   0: 0x8000ee02 (0x0000bfe5) c.j     pc - 8
core   0: 3 0x8000ee02 (0xbfe5)
core   0: 0x8000edfa (0x00001f17) auipc   t5, 0x1
core   0: 3 0x8000edfa (0x00001f17) x30 0x8000fdfa
core   0: 0x8000edfe (0x203f2323) sw      gp, 518(t5)
core   0: 3 0x8000edfe (0x203f2323) mem 0x80010000 0x00000001
core   0: 0x8000ee02 (0x0000bfe5) c.j     pc - 8
core   0: 3 0x8000ee02 (0xbfe5)
core   0: 0x8000edfa (0x00001f17) auipc   t5, 0x1
core   0: 3 0x8000edfa (0x00001f17) x30 0x8000fdfa
core   0: 0x8000edfe (0x203f2323) sw      gp, 518(t5)
core   0: 3 0x8000edfe (0x203f2323) mem 0x80010000 0x00000001
core   0: 0x8000ee02 (0x0000bfe5) c.j     pc - 8
core   0: 3 0x8000ee02 (0xbfe5)
core   0: 0x8000edfa (0x00001f17) auipc   t5, 0x1
core   0: 3 0x8000edfa (0x00001f17) x30 0x8000fdfa
core   0: 0x8000edfe (0x203f2323) sw      gp, 518(t5)
core   0: 3 0x8000edfe (0x203f2323) mem 0x80010000 0x00000001
core   0: 0x8000ee02 (0x0000bfe5) c.j     pc - 8
core   0: 3 0x8000ee02 (0xbfe5)
core   0: 0x8000edfa (0x00001f17) auipc   t5, 0x1
core   0: 3 0x8000edfa (0x00001f17) x30 0x8000fdfa
core   0: 0x8000edfe (0x203f2323) sw      gp, 518(t5)
core   0: 3 0x8000edfe (0x203f2323) mem 0x80010000 0x00000001
core   0: 0x8000ee02 (0x0000bfe5) c.j     pc - 8
core   0: 3 0x8000ee02 (0xbfe5)
core   0: 0x8000edfa (0x00001f17) auipc   t5, 0x1
core   0: 3 0x8000edfa (0x00001f17) x30 0x8000fdfa
core   0: 0x8000edfe (0x203f2323) sw      gp, 518(t5)
core   0: 3 0x8000edfe (0x203f2323) mem 0x80010000 0x00000001
core   0: 0x8000ee02 (0x0000bfe5) c.j     pc - 8
core   0: 3 0x8000ee02 (0xbfe5)
core   0: 0x8000edfa (0x00001f17) auipc   t5, 0x1
core   0: 3 0x8000edfa (0x00001f17) x30 0x8000fdfa
core   0: 0x8000edfe (0x203f2323) sw      gp, 518(t5)
core   0: 3 0x8000edfe (0x203f2323) mem 0x80010000 0x00000001
core   0: 0x8000ee02 (0x0000bfe5) c.j     pc - 8
core   0: 3 0x8000ee02 (0xbfe5)
core   0: 0x8000edfa (0x00001f17) auipc   t5, 0x1
core   0: 3 0x8000edfa (0x00001f17) x30 0x8000fdfa
core   0: 0x8000edfe (0x203f2323) sw      gp, 518(t5)
core   0: 3 0x8000edfe (0x203f2323) mem 0x80010000 0x00000001
core   0: 0x8000ee02 (0x0000bfe5) c.j     pc - 8
core   0: 3 0x8000ee02 (0xbfe5)
core   0: 0x8000edfa (0x00001f17) auipc   t5, 0x1
core   0: 3 0x8000edfa (0x00001f17) x30 0x8000fdfa
core   0: 0x8000edfe (0x203f2323) sw      gp, 518(t5)
core   0: 3 0x8000edfe (0x203f2323) mem 0x80010000 0x00000001
core   0: 0x8000ee02 (0x0000bfe5) c.j     pc - 8
core   0: 3 0x8000ee02 (0xbfe5)
core   0: 0x8000edfa (0x00001f17) auipc   t5, 0x1
core   0: 3 0x8000edfa (0x00001f17) x30 0x8000fdfa
core   0: 0x8000edfe (0x203f2323) sw      gp, 518(t5)
core   0: 3 0x8000edfe (0x203f2323) mem 0x80010000 0x00000001
core   0: 0x8000ee02 (0x0000bfe5) c.j     pc - 8
core   0: 3 0x8000ee02 (0xbfe5)
core   0: 0x8000edfa (0x00001f17) auipc   t5, 0x1
core   0: 3 0x8000edfa (0x00001f17) x30 0x8000fdfa
core   0: 0x8000edfe (0x203f2323) sw      gp, 518(t5)
core   0: 3 0x8000edfe (0x203f2323) mem 0x80010000 0x00000001
core   0: 0x8000ee02 (0x0000bfe5) c.j     pc - 8
core   0: 3 0x8000ee02 (0xbfe5)
core   0: 0x8000edfa (0x00001f17) auipc   t5, 0x1
core   0: 3 0x8000edfa (0x00001f17) x30 0x8000fdfa
core   0: 0x8000edfe (0x203f2323) sw      gp, 518(t5)
core   0: 3 0x8000edfe (0x203f2323) mem 0x80010000 0x00000001
core   0: 0x8000ee02 (0x0000bfe5) c.j     pc - 8
core   0: 3 0x8000ee02 (0xbfe5)
core   0: 0x8000edfa (0x00001f17) auipc   t5, 0x1
core   0: 3 0x8000edfa (0x00001f17) x30 0x8000fdfa
core   0: 0x8000edfe (0x203f2323) sw      gp, 518(t5)
core   0: 3 0x8000edfe (0x203f2323) mem 0x80010000 0x00000001
core   0: 0x8000ee02 (0x0000bfe5) c.j     pc - 8
core   0: 3 0x8000ee02 (0xbfe5)
core   0: 0x8000edfa (0x00001f17) auipc   t5, 0x1
core   0: 3 0x8000edfa (0x00001f17) x30 0x8000fdfa
core   0: 0x8000edfe (0x203f2323) sw      gp, 518(t5)
core   0: 3 0x8000edfe (0x203f2323) mem 0x80010000 0x00000001
core   0: 0x8000ee02 (0x0000bfe5) c.j     pc - 8
core   0: 3 0x8000ee02 (0xbfe5)
core   0: 0x8000edfa (0x00001f17) auipc   t5, 0x1
core   0: 3 0x8000edfa (0x00001f17) x30 0x8000fdfa
core   0: 0x8000edfe (0x203f2323) sw      gp, 518(t5)
core   0: 3 0x8000edfe (0x203f2323) mem 0x80010000 0x00000001
core   0: 0x8000ee02 (0x0000bfe5) c.j     pc - 8
core   0: 3 0x8000ee02 (0xbfe5)
core   0: 0x8000edfa (0x00001f17) auipc   t5, 0x1
core   0: 3 0x8000edfa (0x00001f17) x30 0x8000fdfa
core   0: 0x8000edfe (0x203f2323) sw      gp, 518(t5)
core   0: 3 0x8000edfe (0x203f2323) mem 0x80010000 0x00000001
core   0: 0x8000ee02 (0x0000bfe5) c.j     pc - 8
core   0: 3 0x8000ee02 (0xbfe5)
core   0: 0x8000edfa (0x00001f17) auipc   t5, 0x1
core   0: 3 0x8000edfa (0x00001f17) x30 0x8000fdfa
core   0: 0x8000edfe (0x203f2323) sw      gp, 518(t5)
core   0: 3 0x8000edfe (0x203f2323) mem 0x80010000 0x00000001
core   0: 0x8000ee02 (0x0000bfe5) c.j     pc - 8
core   0: 3 0x8000ee02 (0xbfe5)
core   0: 0x8000edfa (0x00001f17) auipc   t5, 0x1
core   0: 3 0x8000edfa (0x00001f17) x30 0x8000fdfa
core   0: 0x8000edfe (0x203f2323) sw      gp, 518(t5)
core   0: 3 0x8000edfe (0x203f2323) mem 0x80010000 0x00000001
core   0: 0x8000ee02 (0x0000bfe5) c.j     pc - 8
core   0: 3 0x8000ee02 (0xbfe5)
core   0: 0x8000edfa (0x00001f17) auipc   t5, 0x1
core   0: 3 0x8000edfa (0x00001f17) x30 0x8000fdfa
core   0: 0x8000edfe (0x203f2323) sw      gp, 518(t5)
core   0: 3 0x8000edfe (0x203f2323) mem 0x80010000 0x00000001
core   0: 0x8000ee02 (0x0000bfe5) c.j     pc - 8
core   0: 3 0x8000ee02 (0xbfe5)
core   0: 0x8000edfa (0x00001f17) auipc   t5, 0x1
core   0: 3 0x8000edfa (0x00001f17) x30 0x8000fdfa
core   0: 0x8000edfe (0x203f2323) sw      gp, 518(t5)
core   0: 3 0x8000edfe (0x203f2323) mem 0x80010000 0x00000001
core   0: 0x8000ee02 (0x0000bfe5) c.j     pc - 8
core   0: 3 0x8000ee02 (0xbfe5)
core   0: 0x8000edfa (0x00001f17) auipc   t5, 0x1
core   0: 3 0x8000edfa (0x00001f17) x30 0x8000fdfa
core   0: 0x8000edfe (0x203f2323) sw      gp, 518(t5)
core   0: 3 0x8000edfe (0x203f2323) mem 0x80010000 0x00000001
core   0: 0x8000ee02 (0x0000bfe5) c.j     pc - 8
core   0: 3 0x8000ee02 (0xbfe5)
core   0: 0x8000edfa (0x00001f17) auipc   t5, 0x1
core   0: 3 0x8000edfa (0x00001f17) x30 0x8000fdfa
core   0: 0x8000edfe (0x203f2323) sw      gp, 518(t5)
core   0: 3 0x8000edfe (0x203f2323) mem 0x80010000 0x00000001
core   0: 0x8000ee02 (0x0000bfe5) c.j     pc - 8
core   0: 3 0x8000ee02 (0xbfe5)
core   0: 0x8000edfa (0x00001f17) auipc   t5, 0x1
core   0: 3 0x8000edfa (0x00001f17) x30 0x8000fdfa
core   0: 0x8000edfe (0x203f2323) sw      gp, 518(t5)
core   0: 3 0x8000edfe (0x203f2323) mem 0x80010000 0x00000001
core   0: 0x8000ee02 (0x0000bfe5) c.j     pc - 8
core   0: 3 0x8000ee02 (0xbfe5)
core   0: 0x8000edfa (0x00001f17) auipc   t5, 0x1
core   0: 3 0x8000edfa (0x00001f17) x30 0x8000fdfa
core   0: 0x8000edfe (0x203f2323) sw      gp, 518(t5)
core   0: 3 0x8000edfe (0x203f2323) mem 0x80010000 0x00000001
core   0: 0x8000ee02 (0x0000bfe5) c.j     pc - 8
core   0: 3 0x8000ee02 (0xbfe5)
core   0: 0x8000edfa (0x00001f17) auipc   t5, 0x1
core   0: 3 0x8000edfa (0x00001f17) x30 0x8000fdfa
core   0: 0x8000edfe (0x203f2323) sw      gp, 518(t5)
core   0: 3 0x8000edfe (0x203f2323) mem 0x80010000 0x00000001
core   0: 0x8000ee02 (0x0000bfe5) c.j     pc - 8
core   0: 3 0x8000ee02 (0xbfe5)
core   0: 0x8000edfa (0x00001f17) auipc   t5, 0x1
core   0: 3 0x8000edfa (0x00001f17) x30 0x8000fdfa
core   0: 0x8000edfe (0x203f2323) sw      gp, 518(t5)
core   0: 3 0x8000edfe (0x203f2323) mem 0x80010000 0x00000001
core   0: 0x8000ee02 (0x0000bfe5) c.j     pc - 8
core   0: 3 0x8000ee02 (0xbfe5)
core   0: 0x8000edfa (0x00001f17) auipc   t5, 0x1
core   0: 3 0x8000edfa (0x00001f17) x30 0x8000fdfa
core   0: 0x8000edfe (0x203f2323) sw      gp, 518(t5)
core   0: 3 0x8000edfe (0x203f2323) mem 0x80010000 0x00000001
core   0: 0x8000ee02 (0x0000bfe5) c.j     pc - 8
core   0: 3 0x8000ee02 (0xbfe5)
core   0: 0x8000edfa (0x00001f17) auipc   t5, 0x1
core   0: 3 0x8000edfa (0x00001f17) x30 0x8000fdfa
core   0: 0x8000edfe (0x203f2323) sw      gp, 518(t5)
core   0: 3 0x8000edfe (0x203f2323) mem 0x80010000 0x00000001
core   0: 0x8000ee02 (0x0000bfe5) c.j     pc - 8
core   0: 3 0x8000ee02 (0xbfe5)
core   0: 0x8000edfa (0x00001f17) auipc   t5, 0x1
core   0: 3 0x8000edfa (0x00001f17) x30 0x8000fdfa
core   0: 0x8000edfe (0x203f2323) sw      gp, 518(t5)
core   0: 3 0x8000edfe (0x203f2323) mem 0x80010000 0x00000001
core   0: 0x8000ee02 (0x0000bfe5) c.j     pc - 8
core   0: 3 0x8000ee02 (0xbfe5)
core   0: 0x8000edfa (0x00001f17) auipc   t5, 0x1
core   0: 3 0x8000edfa (0x00001f17) x30 0x8000fdfa
core   0: 0x8000edfe (0x203f2323) sw      gp, 518(t5)
core   0: 3 0x8000edfe (0x203f2323) mem 0x80010000 0x00000001
core   0: 0x8000ee02 (0x0000bfe5) c.j     pc - 8
core   0: 3 0x8000ee02 (0xbfe5)
core   0: 0x8000edfa (0x00001f17) auipc   t5, 0x1
core   0: 3 0x8000edfa (0x00001f17) x30 0x8000fdfa
core   0: 0x8000edfe (0x203f2323) sw      gp, 518(t5)
core   0: 3 0x8000edfe (0x203f2323) mem 0x80010000 0x00000001
core   0: 0x8000ee02 (0x0000bfe5) c.j     pc - 8
core   0: 3 0x8000ee02 (0xbfe5)
core   0: 0x8000edfa (0x00001f17) auipc   t5, 0x1
core   0: 3 0x8000edfa (0x00001f17) x30 0x8000fdfa
core   0: 0x8000edfe (0x203f2323) sw      gp, 518(t5)
core   0: 3 0x8000edfe (0x203f2323) mem 0x80010000 0x00000001
core   0: 0x8000ee02 (0x0000bfe5) c.j     pc - 8
core   0: 3 0x8000ee02 (0xbfe5)
core   0: 0x8000edfa (0x00001f17) auipc   t5, 0x1
core   0: 3 0x8000edfa (0x00001f17) x30 0x8000fdfa
core   0: 0x8000edfe (0x203f2323) sw      gp, 518(t5)
core   0: 3 0x8000edfe (0x203f2323) mem 0x80010000 0x00000001
core   0: 0x8000ee02 (0x0000bfe5) c.j     pc - 8
core   0: 3 0x8000ee02 (0xbfe5)
core   0: 0x8000edfa (0x00001f17) auipc   t5, 0x1
core   0: 3 0x8000edfa (0x00001f17) x30 0x8000fdfa
core   0: 0x8000edfe (0x203f2323) sw      gp, 518(t5)
core   0: 3 0x8000edfe (0x203f2323) mem 0x80010000 0x00000001
core   0: 0x8000ee02 (0x0000bfe5) c.j     pc - 8
core   0: 3 0x8000ee02 (0xbfe5)
core   0: 0x8000edfa (0x00001f17) auipc   t5, 0x1
core   0: 3 0x8000edfa (0x00001f17) x30 0x8000fdfa
core   0: 0x8000edfe (0x203f2323) sw      gp, 518(t5)
core   0: 3 0x8000edfe (0x203f2323) mem 0x80010000 0x00000001
core   0: 0x8000ee02 (0x0000bfe5) c.j     pc - 8
core   0: 3 0x8000ee02 (0xbfe5)
core   0: 0x8000edfa (0x00001f17) auipc   t5, 0x1
core   0: 3 0x8000edfa (0x00001f17) x30 0x8000fdfa
core   0: 0x8000edfe (0x203f2323) sw      gp, 518(t5)
core   0: 3 0x8000edfe (0x203f2323) mem 0x80010000 0x00000001
core   0: 0x8000ee02 (0x0000bfe5) c.j     pc - 8
core   0: 3 0x8000ee02 (0xbfe5)
core   0: 0x8000edfa (0x00001f17) auipc   t5, 0x1
core   0: 3 0x8000edfa (0x00001f17) x30 0x8000fdfa
core   0: 0x8000edfe (0x203f2323) sw      gp, 518(t5)
core   0: 3 0x8000edfe (0x203f2323) mem 0x80010000 0x00000001
core   0: 0x8000ee02 (0x0000bfe5) c.j     pc - 8
core   0: 3 0x8000ee02 (0xbfe5)
core   0: 0x8000edfa (0x00001f17) auipc   t5, 0x1
core   0: 3 0x8000edfa (0x00001f17) x30 0x8000fdfa
core   0: 0x8000edfe (0x203f2323) sw      gp, 518(t5)
core   0: 3 0x8000edfe (0x203f2323) mem 0x80010000 0x00000001
core   0: 0x8000ee02 (0x0000bfe5) c.j     pc - 8
core   0: 3 0x8000ee02 (0xbfe5)
core   0: 0x8000edfa (0x00001f17) auipc   t5, 0x1
core   0: 3 0x8000edfa (0x00001f17) x30 0x8000fdfa
core   0: 0x8000edfe (0x203f2323) sw      gp, 518(t5)
core   0: 3 0x8000edfe (0x203f2323) mem 0x80010000 0x00000001
core   0: 0x8000ee02 (0x0000bfe5) c.j     pc - 8
core   0: 3 0x8000ee02 (0xbfe5)
core   0: 0x8000edfa (0x00001f17) auipc   t5, 0x1
core   0: 3 0x8000edfa (0x00001f17) x30 0x8000fdfa
core   0: 0x8000edfe (0x203f2323) sw      gp, 518(t5)
core   0: 3 0x8000edfe (0x203f2323) mem 0x80010000 0x00000001
core   0: 0x8000ee02 (0x0000bfe5) c.j     pc - 8
core   0: 3 0x8000ee02 (0xbfe5)
core   0: 0x8000edfa (0x00001f17) auipc   t5, 0x1
core   0: 3 0x8000edfa (0x00001f17) x30 0x8000fdfa
core   0: 0x8000edfe (0x203f2323) sw      gp, 518(t5)
core   0: 3 0x8000edfe (0x203f2323) mem 0x80010000 0x00000001
core   0: 0x8000ee02 (0x0000bfe5) c.j     pc - 8
core   0: 3 0x8000ee02 (0xbfe5)
core   0: 0x8000edfa (0x00001f17) auipc   t5, 0x1
core   0: 3 0x8000edfa (0x00001f17) x30 0x8000fdfa
core   0: 0x8000edfe (0x203f2323) sw      gp, 518(t5)
core   0: 3 0x8000edfe (0x203f2323) mem 0x80010000 0x00000001
core   0: 0x8000ee02 (0x0000bfe5) c.j     pc - 8
core   0: 3 0x8000ee02 (0xbfe5)
core   0: 0x8000edfa (0x00001f17) auipc   t5, 0x1
core   0: 3 0x8000edfa (0x00001f17) x30 0x8000fdfa
core   0: 0x8000edfe (0x203f2323) sw      gp, 518(t5)
core   0: 3 0x8000edfe (0x203f2323) mem 0x80010000 0x00000001
core   0: 0x8000ee02 (0x0000bfe5) c.j     pc - 8
core   0: 3 0x8000ee02 (0xbfe5)
core   0: 0x8000edfa (0x00001f17) auipc   t5, 0x1
core   0: 3 0x8000edfa (0x00001f17) x30 0x8000fdfa
core   0: 0x8000edfe (0x203f2323) sw      gp, 518(t5)
core   0: 3 0x8000edfe (0x203f2323) mem 0x80010000 0x00000001
core   0: 0x8000ee02 (0x0000bfe5) c.j     pc - 8
core   0: 3 0x8000ee02 (0xbfe5)
core   0: 0x8000edfa (0x00001f17) auipc   t5, 0x1
core   0: 3 0x8000edfa (0x00001f17) x30 0x8000fdfa
core   0: 0x8000edfe (0x203f2323) sw      gp, 518(t5)
core   0: 3 0x8000edfe (0x203f2323) mem 0x80010000 0x00000001
core   0: 0x8000ee02 (0x0000bfe5) c.j     pc - 8
core   0: 3 0x8000ee02 (0xbfe5)
core   0: 0x8000edfa (0x00001f17) auipc   t5, 0x1
core   0: 3 0x8000edfa (0x00001f17) x30 0x8000fdfa
core   0: 0x8000edfe (0x203f2323) sw      gp, 518(t5)
core   0: 3 0x8000edfe (0x203f2323) mem 0x80010000 0x00000001
core   0: 0x8000ee02 (0x0000bfe5) c.j     pc - 8
core   0: 3 0x8000ee02 (0xbfe5)
core   0: 0x8000edfa (0x00001f17) auipc   t5, 0x1
core   0: 3 0x8000edfa (0x00001f17) x30 0x8000fdfa
core   0: 0x8000edfe (0x203f2323) sw      gp, 518(t5)
core   0: 3 0x8000edfe (0x203f2323) mem 0x80010000 0x00000001
core   0: 0x8000ee02 (0x0000bfe5) c.j     pc - 8
core   0: 3 0x8000ee02 (0xbfe5)
core   0: 0x8000edfa (0x00001f17) auipc   t5, 0x1
core   0: 3 0x8000edfa (0x00001f17) x30 0x8000fdfa
core   0: 0x8000edfe (0x203f2323) sw      gp, 518(t5)
core   0: 3 0x8000edfe (0x203f2323) mem 0x80010000 0x00000001
core   0: 0x8000ee02 (0x0000bfe5) c.j     pc - 8
core   0: 3 0x8000ee02 (0xbfe5)
core   0: 0x8000edfa (0x00001f17) auipc   t5, 0x1
core   0: 3 0x8000edfa (0x00001f17) x30 0x8000fdfa
core   0: 0x8000edfe (0x203f2323) sw      gp, 518(t5)
core   0: 3 0x8000edfe (0x203f2323) mem 0x80010000 0x00000001
core   0: 0x8000ee02 (0x0000bfe5) c.j     pc - 8
core   0: 3 0x8000ee02 (0xbfe5)
core   0: 0x8000edfa (0x00001f17) auipc   t5, 0x1
core   0: 3 0x8000edfa (0x00001f17) x30 0x8000fdfa
core   0: 0x8000edfe (0x203f2323) sw      gp, 518(t5)
core   0: 3 0x8000edfe (0x203f2323) mem 0x80010000 0x00000001
core   0: 0x8000ee02 (0x0000bfe5) c.j     pc - 8
core   0: 3 0x8000ee02 (0xbfe5)
core   0: 0x8000edfa (0x00001f17) auipc   t5, 0x1
core   0: 3 0x8000edfa (0x00001f17) x30 0x8000fdfa
core   0: 0x8000edfe (0x203f2323) sw      gp, 518(t5)
core   0: 3 0x8000edfe (0x203f2323) mem 0x80010000 0x00000001
core   0: 0x8000ee02 (0x0000bfe5) c.j     pc - 8
core   0: 3 0x8000ee02 (0xbfe5)
core   0: 0x8000edfa (0x00001f17) auipc   t5, 0x1
core   0: 3 0x8000edfa (0x00001f17) x30 0x8000fdfa
core   0: 0x8000edfe (0x203f2323) sw      gp, 518(t5)
core   0: 3 0x8000edfe (0x203f2323) mem 0x80010000 0x00000001
core   0: 0x8000ee02 (0x0000bfe5) c.j     pc - 8
core   0: 3 0x8000ee02 (0xbfe5)
core   0: 0x8000edfa (0x00001f17) auipc   t5, 0x1
core   0: 3 0x8000edfa (0x00001f17) x30 0x8000fdfa
core   0: 0x8000edfe (0x203f2323) sw      gp, 518(t5)
core   0: 3 0x8000edfe (0x203f2323) mem 0x80010000 0x00000001
core   0: 0x8000ee02 (0x0000bfe5) c.j     pc - 8
core   0: 3 0x8000ee02 (0xbfe5)
core   0: 0x8000edfa (0x00001f17) auipc   t5, 0x1
core   0: 3 0x8000edfa (0x00001f17) x30 0x8000fdfa
core   0: 0x8000edfe (0x203f2323) sw      gp, 518(t5)
core   0: 3 0x8000edfe (0x203f2323) mem 0x80010000 0x00000001
core   0: 0x8000ee02 (0x0000bfe5) c.j     pc - 8
core   0: 3 0x8000ee02 (0xbfe5)
core   0: 0x8000edfa (0x00001f17) auipc   t5, 0x1
core   0: 3 0x8000edfa (0x00001f17) x30 0x8000fdfa
core   0: 0x8000edfe (0x203f2323) sw      gp, 518(t5)
core   0: 3 0x8000edfe (0x203f2323) mem 0x80010000 0x00000001
core   0: 0x8000ee02 (0x0000bfe5) c.j     pc - 8
core   0: 3 0x8000ee02 (0xbfe5)
core   0: 0x8000edfa (0x00001f17) auipc   t5, 0x1
core   0: 3 0x8000edfa (0x00001f17) x30 0x8000fdfa
core   0: 0x8000edfe (0x203f2323) sw      gp, 518(t5)
core   0: 3 0x8000edfe (0x203f2323) mem 0x80010000 0x00000001
core   0: 0x8000ee02 (0x0000bfe5) c.j     pc - 8
core   0: 3 0x8000ee02 (0xbfe5)
core   0: 0x8000edfa (0x00001f17) auipc   t5, 0x1
core   0: 3 0x8000edfa (0x00001f17) x30 0x8000fdfa
core   0: 0x8000edfe (0x203f2323) sw      gp, 518(t5)
core   0: 3 0x8000edfe (0x203f2323) mem 0x80010000 0x00000001
core   0: 0x8000ee02 (0x0000bfe5) c.j     pc - 8
core   0: 3 0x8000ee02 (0xbfe5)
core   0: 0x8000edfa (0x00001f17) auipc   t5, 0x1
core   0: 3 0x8000edfa (0x00001f17) x30 0x8000fdfa
core   0: 0x8000edfe (0x203f2323) sw      gp, 518(t5)
core   0: 3 0x8000edfe (0x203f2323) mem 0x80010000 0x00000001
core   0: 0x8000ee02 (0x0000bfe5) c.j     pc - 8
core   0: 3 0x8000ee02 (0xbfe5)
core   0: 0x8000edfa (0x00001f17) auipc   t5, 0x1
core   0: 3 0x8000edfa (0x00001f17) x30 0x8000fdfa
core   0: 0x8000edfe (0x203f2323) sw      gp, 518(t5)
core   0: 3 0x8000edfe (0x203f2323) mem 0x80010000 0x00000001
core   0: 0x8000ee02 (0x0000bfe5) c.j     pc - 8
core   0: 3 0x8000ee02 (0xbfe5)
core   0: 0x8000edfa (0x00001f17) auipc   t5, 0x1
core   0: 3 0x8000edfa (0x00001f17) x30 0x8000fdfa
core   0: 0x8000edfe (0x203f2323) sw      gp, 518(t5)
core   0: 3 0x8000edfe (0x203f2323) mem 0x80010000 0x00000001
core   0: 0x8000ee02 (0x0000bfe5) c.j     pc - 8
core   0: 3 0x8000ee02 (0xbfe5)
core   0: 0x8000edfa (0x00001f17) auipc   t5, 0x1
core   0: 3 0x8000edfa (0x00001f17) x30 0x8000fdfa
core   0: 0x8000edfe (0x203f2323) sw      gp, 518(t5)
core   0: 3 0x8000edfe (0x203f2323) mem 0x80010000 0x00000001
core   0: 0x8000ee02 (0x0000bfe5) c.j     pc - 8
core   0: 3 0x8000ee02 (0xbfe5)
core   0: 0x8000edfa (0x00001f17) auipc   t5, 0x1
core   0: 3 0x8000edfa (0x00001f17) x30 0x8000fdfa
core   0: 0x8000edfe (0x203f2323) sw      gp, 518(t5)
core   0: 3 0x8000edfe (0x203f2323) mem 0x80010000 0x00000001
core   0: 0x8000ee02 (0x0000bfe5) c.j     pc - 8
core   0: 3 0x8000ee02 (0xbfe5)
core   0: 0x8000edfa (0x00001f17) auipc   t5, 0x1
core   0: 3 0x8000edfa (0x00001f17) x30 0x8000fdfa
core   0: 0x8000edfe (0x203f2323) sw      gp, 518(t5)
core   0: 3 0x8000edfe (0x203f2323) mem 0x80010000 0x00000001
core   0: 0x8000ee02 (0x0000bfe5) c.j     pc - 8
core   0: 3 0x8000ee02 (0xbfe5)
core   0: 0x8000edfa (0x00001f17) auipc   t5, 0x1
core   0: 3 0x8000edfa (0x00001f17) x30 0x8000fdfa
core   0: 0x8000edfe (0x203f2323) sw      gp, 518(t5)
core   0: 3 0x8000edfe (0x203f2323) mem 0x80010000 0x00000001
core   0: 0x8000ee02 (0x0000bfe5) c.j     pc - 8
core   0: 3 0x8000ee02 (0xbfe5)
core   0: 0x8000edfa (0x00001f17) auipc   t5, 0x1
core   0: 3 0x8000edfa (0x00001f17) x30 0x8000fdfa
core   0: 0x8000edfe (0x203f2323) sw      gp, 518(t5)
core   0: 3 0x8000edfe (0x203f2323) mem 0x80010000 0x00000001
core   0: 0x8000ee02 (0x0000bfe5) c.j     pc - 8
core   0: 3 0x8000ee02 (0xbfe5)
core   0: 0x8000edfa (0x00001f17) auipc   t5, 0x1
core   0: 3 0x8000edfa (0x00001f17) x30 0x8000fdfa
core   0: 0x8000edfe (0x203f2323) sw      gp, 518(t5)
core   0: 3 0x8000edfe (0x203f2323) mem 0x80010000 0x00000001
core   0: 0x8000ee02 (0x0000bfe5) c.j     pc - 8
core   0: 3 0x8000ee02 (0xbfe5)
core   0: 0x8000edfa (0x00001f17) auipc   t5, 0x1
core   0: 3 0x8000edfa (0x00001f17) x30 0x8000fdfa
core   0: 0x8000edfe (0x203f2323) sw      gp, 518(t5)
core   0: 3 0x8000edfe (0x203f2323) mem 0x80010000 0x00000001
core   0: 0x8000ee02 (0x0000bfe5) c.j     pc - 8
core   0: 3 0x8000ee02 (0xbfe5)
core   0: 0x8000edfa (0x00001f17) auipc   t5, 0x1
core   0: 3 0x8000edfa (0x00001f17) x30 0x8000fdfa
core   0: 0x8000edfe (0x203f2323) sw      gp, 518(t5)
core   0: 3 0x8000edfe (0x203f2323) mem 0x80010000 0x00000001
core   0: 0x8000ee02 (0x0000bfe5) c.j     pc - 8
core   0: 3 0x8000ee02 (0xbfe5)
core   0: 0x8000edfa (0x00001f17) auipc   t5, 0x1
core   0: 3 0x8000edfa (0x00001f17) x30 0x8000fdfa
core   0: 0x8000edfe (0x203f2323) sw      gp, 518(t5)
core   0: 3 0x8000edfe (0x203f2323) mem 0x80010000 0x00000001
core   0: 0x8000ee02 (0x0000bfe5) c.j     pc - 8
core   0: 3 0x8000ee02 (0xbfe5)
core   0: 0x8000edfa (0x00001f17) auipc   t5, 0x1
core   0: 3 0x8000edfa (0x00001f17) x30 0x8000fdfa
core   0: 0x8000edfe (0x203f2323) sw      gp, 518(t5)
core   0: 3 0x8000edfe (0x203f2323) mem 0x80010000 0x00000001
core   0: 0x8000ee02 (0x0000bfe5) c.j     pc - 8
core   0: 3 0x8000ee02 (0xbfe5)
core   0: 0x8000edfa (0x00001f17) auipc   t5, 0x1
core   0: 3 0x8000edfa (0x00001f17) x30 0x8000fdfa
core   0: 0x8000edfe (0x203f2323) sw      gp, 518(t5)
core   0: 3 0x8000edfe (0x203f2323) mem 0x80010000 0x00000001
core   0: 0x8000ee02 (0x0000bfe5) c.j     pc - 8
core   0: 3 0x8000ee02 (0xbfe5)
core   0: 0x8000edfa (0x00001f17) auipc   t5, 0x1
core   0: 3 0x8000edfa (0x00001f17) x30 0x8000fdfa
core   0: 0x8000edfe (0x203f2323) sw      gp, 518(t5)
core   0: 3 0x8000edfe (0x203f2323) mem 0x80010000 0x00000001
core   0: 0x8000ee02 (0x0000bfe5) c.j     pc - 8
core   0: 3 0x8000ee02 (0xbfe5)
core   0: 0x8000edfa (0x00001f17) auipc   t5, 0x1
core   0: 3 0x8000edfa (0x00001f17) x30 0x8000fdfa
core   0: 0x8000edfe (0x203f2323) sw      gp, 518(t5)
core   0: 3 0x8000edfe (0x203f2323) mem 0x80010000 0x00000001
core   0: 0x8000ee02 (0x0000bfe5) c.j     pc - 8
core   0: 3 0x8000ee02 (0xbfe5)
core   0: 0x8000edfa (0x00001f17) auipc   t5, 0x1
core   0: 3 0x8000edfa (0x00001f17) x30 0x8000fdfa
core   0: 0x8000edfe (0x203f2323) sw      gp, 518(t5)
core   0: 3 0x8000edfe (0x203f2323) mem 0x80010000 0x00000001
core   0: 0x8000ee02 (0x0000bfe5) c.j     pc - 8
core   0: 3 0x8000ee02 (0xbfe5)
core   0: 0x8000edfa (0x00001f17) auipc   t5, 0x1
core   0: 3 0x8000edfa (0x00001f17) x30 0x8000fdfa
core   0: 0x8000edfe (0x203f2323) sw      gp, 518(t5)
core   0: 3 0x8000edfe (0x203f2323) mem 0x80010000 0x00000001
core   0: 0x8000ee02 (0x0000bfe5) c.j     pc - 8
core   0: 3 0x8000ee02 (0xbfe5)
core   0: 0x8000edfa (0x00001f17) auipc   t5, 0x1
core   0: 3 0x8000edfa (0x00001f17) x30 0x8000fdfa
core   0: 0x8000edfe (0x203f2323) sw      gp, 518(t5)
core   0: 3 0x8000edfe (0x203f2323) mem 0x80010000 0x00000001
core   0: 0x8000ee02 (0x0000bfe5) c.j     pc - 8
core   0: 3 0x8000ee02 (0xbfe5)
core   0: 0x8000edfa (0x00001f17) auipc   t5, 0x1
core   0: 3 0x8000edfa (0x00001f17) x30 0x8000fdfa
core   0: 0x8000edfe (0x203f2323) sw      gp, 518(t5)
core   0: 3 0x8000edfe (0x203f2323) mem 0x80010000 0x00000001
core   0: 0x8000ee02 (0x0000bfe5) c.j     pc - 8
core   0: 3 0x8000ee02 (0xbfe5)
core   0: 0x8000edfa (0x00001f17) auipc   t5, 0x1
core   0: 3 0x8000edfa (0x00001f17) x30 0x8000fdfa
core   0: 0x8000edfe (0x203f2323) sw      gp, 518(t5)
core   0: 3 0x8000edfe (0x203f2323) mem 0x80010000 0x00000001
core   0: 0x8000ee02 (0x0000bfe5) c.j     pc - 8
core   0: 3 0x8000ee02 (0xbfe5)
core   0: 0x8000edfa (0x00001f17) auipc   t5, 0x1
core   0: 3 0x8000edfa (0x00001f17) x30 0x8000fdfa
core   0: 0x8000edfe (0x203f2323) sw      gp, 518(t5)
core   0: 3 0x8000edfe (0x203f2323) mem 0x80010000 0x00000001
core   0: 0x8000ee02 (0x0000bfe5) c.j     pc - 8
core   0: 3 0x8000ee02 (0xbfe5)
core   0: 0x8000edfa (0x00001f17) auipc   t5, 0x1
core   0: 3 0x8000edfa (0x00001f17) x30 0x8000fdfa
core   0: 0x8000edfe (0x203f2323) sw      gp, 518(t5)
core   0: 3 0x8000edfe (0x203f2323) mem 0x80010000 0x00000001
core   0: 0x8000ee02 (0x0000bfe5) c.j     pc - 8
core   0: 3 0x8000ee02 (0xbfe5)
core   0: 0x8000edfa (0x00001f17) auipc   t5, 0x1
core   0: 3 0x8000edfa (0x00001f17) x30 0x8000fdfa
core   0: 0x8000edfe (0x203f2323) sw      gp, 518(t5)
core   0: 3 0x8000edfe (0x203f2323) mem 0x80010000 0x00000001
core   0: 0x8000ee02 (0x0000bfe5) c.j     pc - 8
core   0: 3 0x8000ee02 (0xbfe5)
core   0: 0x8000edfa (0x00001f17) auipc   t5, 0x1
core   0: 3 0x8000edfa (0x00001f17) x30 0x8000fdfa
core   0: 0x8000edfe (0x203f2323) sw      gp, 518(t5)
core   0: 3 0x8000edfe (0x203f2323) mem 0x80010000 0x00000001
core   0: 0x8000ee02 (0x0000bfe5) c.j     pc - 8
core   0: 3 0x8000ee02 (0xbfe5)
core   0: 0x8000edfa (0x00001f17) auipc   t5, 0x1
core   0: 3 0x8000edfa (0x00001f17) x30 0x8000fdfa
core   0: 0x8000edfe (0x203f2323) sw      gp, 518(t5)
core   0: 3 0x8000edfe (0x203f2323) mem 0x80010000 0x00000001
core   0: 0x8000ee02 (0x0000bfe5) c.j     pc - 8
core   0: 3 0x8000ee02 (0xbfe5)
core   0: 0x8000edfa (0x00001f17) auipc   t5, 0x1
core   0: 3 0x8000edfa (0x00001f17) x30 0x8000fdfa
core   0: 0x8000edfe (0x203f2323) sw      gp, 518(t5)
core   0: 3 0x8000edfe (0x203f2323) mem 0x80010000 0x00000001
core   0: 0x8000ee02 (0x0000bfe5) c.j     pc - 8
core   0: 3 0x8000ee02 (0xbfe5)
core   0: 0x8000edfa (0x00001f17) auipc   t5, 0x1
core   0: 3 0x8000edfa (0x00001f17) x30 0x8000fdfa
core   0: 0x8000edfe (0x203f2323) sw      gp, 518(t5)
core   0: 3 0x8000edfe (0x203f2323) mem 0x80010000 0x00000001
core   0: 0x8000ee02 (0x0000bfe5) c.j     pc - 8
core   0: 3 0x8000ee02 (0xbfe5)
core   0: 0x8000edfa (0x00001f17) auipc   t5, 0x1
core   0: 3 0x8000edfa (0x00001f17) x30 0x8000fdfa
core   0: 0x8000edfe (0x203f2323) sw      gp, 518(t5)
core   0: 3 0x8000edfe (0x203f2323) mem 0x80010000 0x00000001
core   0: 0x8000ee02 (0x0000bfe5) c.j     pc - 8
core   0: 3 0x8000ee02 (0xbfe5)
core   0: 0x8000edfa (0x00001f17) auipc   t5, 0x1
core   0: 3 0x8000edfa (0x00001f17) x30 0x8000fdfa
core   0: 0x8000edfe (0x203f2323) sw      gp, 518(t5)
core   0: 3 0x8000edfe (0x203f2323) mem 0x80010000 0x00000001
core   0: 0x8000ee02 (0x0000bfe5) c.j     pc - 8
core   0: 3 0x8000ee02 (0xbfe5)
core   0: 0x8000edfa (0x00001f17) auipc   t5, 0x1
core   0: 3 0x8000edfa (0x00001f17) x30 0x8000fdfa
core   0: 0x8000edfe (0x203f2323) sw      gp, 518(t5)
core   0: 3 0x8000edfe (0x203f2323) mem 0x80010000 0x00000001
core   0: 0x8000ee02 (0x0000bfe5) c.j     pc - 8
core   0: 3 0x8000ee02 (0xbfe5)
core   0: 0x8000edfa (0x00001f17) auipc   t5, 0x1
core   0: 3 0x8000edfa (0x00001f17) x30 0x8000fdfa
core   0: 0x8000edfe (0x203f2323) sw      gp, 518(t5)
core   0: 3 0x8000edfe (0x203f2323) mem 0x80010000 0x00000001
core   0: 0x8000ee02 (0x0000bfe5) c.j     pc - 8
core   0: 3 0x8000ee02 (0xbfe5)
core   0: 0x8000edfa (0x00001f17) auipc   t5, 0x1
core   0: 3 0x8000edfa (0x00001f17) x30 0x8000fdfa
core   0: 0x8000edfe (0x203f2323) sw      gp, 518(t5)
core   0: 3 0x8000edfe (0x203f2323) mem 0x80010000 0x00000001
core   0: 0x8000ee02 (0x0000bfe5) c.j     pc - 8
core   0: 3 0x8000ee02 (0xbfe5)
core   0: 0x8000edfa (0x00001f17) auipc   t5, 0x1
core   0: 3 0x8000edfa (0x00001f17) x30 0x8000fdfa
core   0: 0x8000edfe (0x203f2323) sw      gp, 518(t5)
core   0: 3 0x8000edfe (0x203f2323) mem 0x80010000 0x00000001
core   0: 0x8000ee02 (0x0000bfe5) c.j     pc - 8
core   0: 3 0x8000ee02 (0xbfe5)
core   0: 0x8000edfa (0x00001f17) auipc   t5, 0x1
core   0: 3 0x8000edfa (0x00001f17) x30 0x8000fdfa
core   0: 0x8000edfe (0x203f2323) sw      gp, 518(t5)
core   0: 3 0x8000edfe (0x203f2323) mem 0x80010000 0x00000001
core   0: 0x8000ee02 (0x0000bfe5) c.j     pc - 8
core   0: 3 0x8000ee02 (0xbfe5)
core   0: 0x8000edfa (0x00001f17) auipc   t5, 0x1
core   0: 3 0x8000edfa (0x00001f17) x30 0x8000fdfa
core   0: 0x8000edfe (0x203f2323) sw      gp, 518(t5)
core   0: 3 0x8000edfe (0x203f2323) mem 0x80010000 0x00000001
core   0: 0x8000ee02 (0x0000bfe5) c.j     pc - 8
core   0: 3 0x8000ee02 (0xbfe5)
core   0: 0x8000edfa (0x00001f17) auipc   t5, 0x1
core   0: 3 0x8000edfa (0x00001f17) x30 0x8000fdfa
core   0: 0x8000edfe (0x203f2323) sw      gp, 518(t5)
core   0: 3 0x8000edfe (0x203f2323) mem 0x80010000 0x00000001
core   0: 0x8000ee02 (0x0000bfe5) c.j     pc - 8
core   0: 3 0x8000ee02 (0xbfe5)
core   0: 0x8000edfa (0x00001f17) auipc   t5, 0x1
core   0: 3 0x8000edfa (0x00001f17) x30 0x8000fdfa
core   0: 0x8000edfe (0x203f2323) sw      gp, 518(t5)
core   0: 3 0x8000edfe (0x203f2323) mem 0x80010000 0x00000001
core   0: 0x8000ee02 (0x0000bfe5) c.j     pc - 8
core   0: 3 0x8000ee02 (0xbfe5)
core   0: 0x8000edfa (0x00001f17) auipc   t5, 0x1
core   0: 3 0x8000edfa (0x00001f17) x30 0x8000fdfa
core   0: 0x8000edfe (0x203f2323) sw      gp, 518(t5)
core   0: 3 0x8000edfe (0x203f2323) mem 0x80010000 0x00000001
core   0: 0x8000ee02 (0x0000bfe5) c.j     pc - 8
core   0: 3 0x8000ee02 (0xbfe5)
core   0: 0x8000edfa (0x00001f17) auipc   t5, 0x1
core   0: 3 0x8000edfa (0x00001f17) x30 0x8000fdfa
core   0: 0x8000edfe (0x203f2323) sw      gp, 518(t5)
core   0: 3 0x8000edfe (0x203f2323) mem 0x80010000 0x00000001
core   0: 0x8000ee02 (0x0000bfe5) c.j     pc - 8
core   0: 3 0x8000ee02 (0xbfe5)
core   0: 0x8000edfa (0x00001f17) auipc   t5, 0x1
core   0: 3 0x8000edfa (0x00001f17) x30 0x8000fdfa
core   0: 0x8000edfe (0x203f2323) sw      gp, 518(t5)
core   0: 3 0x8000edfe (0x203f2323) mem 0x80010000 0x00000001
core   0: 0x8000ee02 (0x0000bfe5) c.j     pc - 8
core   0: 3 0x8000ee02 (0xbfe5)
core   0: 0x8000edfa (0x00001f17) auipc   t5, 0x1
core   0: 3 0x8000edfa (0x00001f17) x30 0x8000fdfa
core   0: 0x8000edfe (0x203f2323) sw      gp, 518(t5)
core   0: 3 0x8000edfe (0x203f2323) mem 0x80010000 0x00000001
core   0: 0x8000ee02 (0x0000bfe5) c.j     pc - 8
core   0: 3 0x8000ee02 (0xbfe5)
core   0: 0x8000edfa (0x00001f17) auipc   t5, 0x1
core   0: 3 0x8000edfa (0x00001f17) x30 0x8000fdfa
core   0: 0x8000edfe (0x203f2323) sw      gp, 518(t5)
core   0: 3 0x8000edfe (0x203f2323) mem 0x80010000 0x00000001
core   0: 0x8000ee02 (0x0000bfe5) c.j     pc - 8
core   0: 3 0x8000ee02 (0xbfe5)
core   0: 0x8000edfa (0x00001f17) auipc   t5, 0x1
core   0: 3 0x8000edfa (0x00001f17) x30 0x8000fdfa
core   0: 0x8000edfe (0x203f2323) sw      gp, 518(t5)
core   0: 3 0x8000edfe (0x203f2323) mem 0x80010000 0x00000001
core   0: 0x8000ee02 (0x0000bfe5) c.j     pc - 8
core   0: 3 0x8000ee02 (0xbfe5)
core   0: 0x8000edfa (0x00001f17) auipc   t5, 0x1
core   0: 3 0x8000edfa (0x00001f17) x30 0x8000fdfa
core   0: 0x8000edfe (0x203f2323) sw      gp, 518(t5)
core   0: 3 0x8000edfe (0x203f2323) mem 0x80010000 0x00000001
core   0: 0x8000ee02 (0x0000bfe5) c.j     pc - 8
core   0: 3 0x8000ee02 (0xbfe5)
core   0: 0x8000edfa (0x00001f17) auipc   t5, 0x1
core   0: 3 0x8000edfa (0x00001f17) x30 0x8000fdfa
core   0: 0x8000edfe (0x203f2323) sw      gp, 518(t5)
core   0: 3 0x8000edfe (0x203f2323) mem 0x80010000 0x00000001
core   0: 0x8000ee02 (0x0000bfe5) c.j     pc - 8
core   0: 3 0x8000ee02 (0xbfe5)
core   0: 0x8000edfa (0x00001f17) auipc   t5, 0x1
core   0: 3 0x8000edfa (0x00001f17) x30 0x8000fdfa
core   0: 0x8000edfe (0x203f2323) sw      gp, 518(t5)
core   0: 3 0x8000edfe (0x203f2323) mem 0x80010000 0x00000001
core   0: 0x8000ee02 (0x0000bfe5) c.j     pc - 8
core   0: 3 0x8000ee02 (0xbfe5)
core   0: 0x8000edfa (0x00001f17) auipc   t5, 0x1
core   0: 3 0x8000edfa (0x00001f17) x30 0x8000fdfa
core   0: 0x8000edfe (0x203f2323) sw      gp, 518(t5)
core   0: 3 0x8000edfe (0x203f2323) mem 0x80010000 0x00000001
core   0: 0x8000ee02 (0x0000bfe5) c.j     pc - 8
core   0: 3 0x8000ee02 (0xbfe5)
core   0: 0x8000edfa (0x00001f17) auipc   t5, 0x1
core   0: 3 0x8000edfa (0x00001f17) x30 0x8000fdfa
core   0: 0x8000edfe (0x203f2323) sw      gp, 518(t5)
core   0: 3 0x8000edfe (0x203f2323) mem 0x80010000 0x00000001
core   0: 0x8000ee02 (0x0000bfe5) c.j     pc - 8
core   0: 3 0x8000ee02 (0xbfe5)
core   0: 0x8000edfa (0x00001f17) auipc   t5, 0x1
core   0: 3 0x8000edfa (0x00001f17) x30 0x8000fdfa
core   0: 0x8000edfe (0x203f2323) sw      gp, 518(t5)
core   0: 3 0x8000edfe (0x203f2323) mem 0x80010000 0x00000001
core   0: 0x8000ee02 (0x0000bfe5) c.j     pc - 8
core   0: 3 0x8000ee02 (0xbfe5)
core   0: 0x8000edfa (0x00001f17) auipc   t5, 0x1
core   0: 3 0x8000edfa (0x00001f17) x30 0x8000fdfa
core   0: 0x8000edfe (0x203f2323) sw      gp, 518(t5)
core   0: 3 0x8000edfe (0x203f2323) mem 0x80010000 0x00000001
core   0: 0x8000ee02 (0x0000bfe5) c.j     pc - 8
core   0: 3 0x8000ee02 (0xbfe5)
core   0: 0x8000edfa (0x00001f17) auipc   t5, 0x1
core   0: 3 0x8000edfa (0x00001f17) x30 0x8000fdfa
core   0: 0x8000edfe (0x203f2323) sw      gp, 518(t5)
core   0: 3 0x8000edfe (0x203f2323) mem 0x80010000 0x00000001
core   0: 0x8000ee02 (0x0000bfe5) c.j     pc - 8
core   0: 3 0x8000ee02 (0xbfe5)
core   0: 0x8000edfa (0x00001f17) auipc   t5, 0x1
core   0: 3 0x8000edfa (0x00001f17) x30 0x8000fdfa
core   0: 0x8000edfe (0x203f2323) sw      gp, 518(t5)
core   0: 3 0x8000edfe (0x203f2323) mem 0x80010000 0x00000001
core   0: 0x8000ee02 (0x0000bfe5) c.j     pc - 8
core   0: 3 0x8000ee02 (0xbfe5)
core   0: 0x8000edfa (0x00001f17) auipc   t5, 0x1
core   0: 3 0x8000edfa (0x00001f17) x30 0x8000fdfa
core   0: 0x8000edfe (0x203f2323) sw      gp, 518(t5)
core   0: 3 0x8000edfe (0x203f2323) mem 0x80010000 0x00000001
core   0: 0x8000ee02 (0x0000bfe5) c.j     pc - 8
core   0: 3 0x8000ee02 (0xbfe5)
core   0: 0x8000edfa (0x00001f17) auipc   t5, 0x1
core   0: 3 0x8000edfa (0x00001f17) x30 0x8000fdfa
core   0: 0x8000edfe (0x203f2323) sw      gp, 518(t5)
core   0: 3 0x8000edfe (0x203f2323) mem 0x80010000 0x00000001
core   0: 0x8000ee02 (0x0000bfe5) c.j     pc - 8
core   0: 3 0x8000ee02 (0xbfe5)
core   0: 0x8000edfa (0x00001f17) auipc   t5, 0x1
core   0: 3 0x8000edfa (0x00001f17) x30 0x8000fdfa
core   0: 0x8000edfe (0x203f2323) sw      gp, 518(t5)
core   0: 3 0x8000edfe (0x203f2323) mem 0x80010000 0x00000001
core   0: 0x8000ee02 (0x0000bfe5) c.j     pc - 8
core   0: 3 0x8000ee02 (0xbfe5)
core   0: 0x8000edfa (0x00001f17) auipc   t5, 0x1
core   0: 3 0x8000edfa (0x00001f17) x30 0x8000fdfa
core   0: 0x8000edfe (0x203f2323) sw      gp, 518(t5)
core   0: 3 0x8000edfe (0x203f2323) mem 0x80010000 0x00000001
core   0: 0x8000ee02 (0x0000bfe5) c.j     pc - 8
core   0: 3 0x8000ee02 (0xbfe5)
core   0: 0x8000edfa (0x00001f17) auipc   t5, 0x1
core   0: 3 0x8000edfa (0x00001f17) x30 0x8000fdfa
core   0: 0x8000edfe (0x203f2323) sw      gp, 518(t5)
core   0: 3 0x8000edfe (0x203f2323) mem 0x80010000 0x00000001
core   0: 0x8000ee02 (0x0000bfe5) c.j     pc - 8
core   0: 3 0x8000ee02 (0xbfe5)
core   0: 0x8000edfa (0x00001f17) auipc   t5, 0x1
core   0: 3 0x8000edfa (0x00001f17) x30 0x8000fdfa
core   0: 0x8000edfe (0x203f2323) sw      gp, 518(t5)
core   0: 3 0x8000edfe (0x203f2323) mem 0x80010000 0x00000001
core   0: 0x8000ee02 (0x0000bfe5) c.j     pc - 8
core   0: 3 0x8000ee02 (0xbfe5)
core   0: 0x8000edfa (0x00001f17) auipc   t5, 0x1
core   0: 3 0x8000edfa (0x00001f17) x30 0x8000fdfa
core   0: 0x8000edfe (0x203f2323) sw      gp, 518(t5)
core   0: 3 0x8000edfe (0x203f2323) mem 0x80010000 0x00000001
core   0: 0x8000ee02 (0x0000bfe5) c.j     pc - 8
core   0: 3 0x8000ee02 (0xbfe5)
core   0: 0x8000edfa (0x00001f17) auipc   t5, 0x1
core   0: 3 0x8000edfa (0x00001f17) x30 0x8000fdfa
core   0: 0x8000edfe (0x203f2323) sw      gp, 518(t5)
core   0: 3 0x8000edfe (0x203f2323) mem 0x80010000 0x00000001
core   0: 0x8000ee02 (0x0000bfe5) c.j     pc - 8
core   0: 3 0x8000ee02 (0xbfe5)
core   0: 0x8000edfa (0x00001f17) auipc   t5, 0x1
core   0: 3 0x8000edfa (0x00001f17) x30 0x8000fdfa
core   0: 0x8000edfe (0x203f2323) sw      gp, 518(t5)
core   0: 3 0x8000edfe (0x203f2323) mem 0x80010000 0x00000001
core   0: 0x8000ee02 (0x0000bfe5) c.j     pc - 8
core   0: 3 0x8000ee02 (0xbfe5)
core   0: 0x8000edfa (0x00001f17) auipc   t5, 0x1
core   0: 3 0x8000edfa (0x00001f17) x30 0x8000fdfa
core   0: 0x8000edfe (0x203f2323) sw      gp, 518(t5)
core   0: 3 0x8000edfe (0x203f2323) mem 0x80010000 0x00000001
core   0: 0x8000ee02 (0x0000bfe5) c.j     pc - 8
core   0: 3 0x8000ee02 (0xbfe5)
core   0: 0x8000edfa (0x00001f17) auipc   t5, 0x1
core   0: 3 0x8000edfa (0x00001f17) x30 0x8000fdfa
core   0: 0x8000edfe (0x203f2323) sw      gp, 518(t5)
core   0: 3 0x8000edfe (0x203f2323) mem 0x80010000 0x00000001
core   0: 0x8000ee02 (0x0000bfe5) c.j     pc - 8
core   0: 3 0x8000ee02 (0xbfe5)
core   0: 0x8000edfa (0x00001f17) auipc   t5, 0x1
core   0: 3 0x8000edfa (0x00001f17) x30 0x8000fdfa
core   0: 0x8000edfe (0x203f2323) sw      gp, 518(t5)
core   0: 3 0x8000edfe (0x203f2323) mem 0x80010000 0x00000001
core   0: 0x8000ee02 (0x0000bfe5) c.j     pc - 8
core   0: 3 0x8000ee02 (0xbfe5)
core   0: 0x8000edfa (0x00001f17) auipc   t5, 0x1
core   0: 3 0x8000edfa (0x00001f17) x30 0x8000fdfa
core   0: 0x8000edfe (0x203f2323) sw      gp, 518(t5)
core   0: 3 0x8000edfe (0x203f2323) mem 0x80010000 0x00000001
core   0: 0x8000ee02 (0x0000bfe5) c.j     pc - 8
core   0: 3 0x8000ee02 (0xbfe5)
core   0: 0x8000edfa (0x00001f17) auipc   t5, 0x1
core   0: 3 0x8000edfa (0x00001f17) x30 0x8000fdfa
core   0: 0x8000edfe (0x203f2323) sw      gp, 518(t5)
core   0: 3 0x8000edfe (0x203f2323) mem 0x80010000 0x00000001
core   0: 0x8000ee02 (0x0000bfe5) c.j     pc - 8
core   0: 3 0x8000ee02 (0xbfe5)
core   0: 0x8000edfa (0x00001f17) auipc   t5, 0x1
core   0: 3 0x8000edfa (0x00001f17) x30 0x8000fdfa
core   0: 0x8000edfe (0x203f2323) sw      gp, 518(t5)
core   0: 3 0x8000edfe (0x203f2323) mem 0x80010000 0x00000001
core   0: 0x8000ee02 (0x0000bfe5) c.j     pc - 8
core   0: 3 0x8000ee02 (0xbfe5)
core   0: 0x8000edfa (0x00001f17) auipc   t5, 0x1
core   0: 3 0x8000edfa (0x00001f17) x30 0x8000fdfa
core   0: 0x8000edfe (0x203f2323) sw      gp, 518(t5)
core   0: 3 0x8000edfe (0x203f2323) mem 0x80010000 0x00000001
core   0: 0x8000ee02 (0x0000bfe5) c.j     pc - 8
core   0: 3 0x8000ee02 (0xbfe5)
core   0: 0x8000edfa (0x00001f17) auipc   t5, 0x1
core   0: 3 0x8000edfa (0x00001f17) x30 0x8000fdfa
core   0: 0x8000edfe (0x203f2323) sw      gp, 518(t5)
core   0: 3 0x8000edfe (0x203f2323) mem 0x80010000 0x00000001
core   0: 0x8000ee02 (0x0000bfe5) c.j     pc - 8
core   0: 3 0x8000ee02 (0xbfe5)
core   0: 0x8000edfa (0x00001f17) auipc   t5, 0x1
core   0: 3 0x8000edfa (0x00001f17) x30 0x8000fdfa
core   0: 0x8000edfe (0x203f2323) sw      gp, 518(t5)
core   0: 3 0x8000edfe (0x203f2323) mem 0x80010000 0x00000001
core   0: 0x8000ee02 (0x0000bfe5) c.j     pc - 8
core   0: 3 0x8000ee02 (0xbfe5)
core   0: 0x8000edfa (0x00001f17) auipc   t5, 0x1
core   0: 3 0x8000edfa (0x00001f17) x30 0x8000fdfa
core   0: 0x8000edfe (0x203f2323) sw      gp, 518(t5)
core   0: 3 0x8000edfe (0x203f2323) mem 0x80010000 0x00000001
core   0: 0x8000ee02 (0x0000bfe5) c.j     pc - 8
core   0: 3 0x8000ee02 (0xbfe5)
core   0: 0x8000edfa (0x00001f17) auipc   t5, 0x1
core   0: 3 0x8000edfa (0x00001f17) x30 0x8000fdfa
core   0: 0x8000edfe (0x203f2323) sw      gp, 518(t5)
core   0: 3 0x8000edfe (0x203f2323) mem 0x80010000 0x00000001
core   0: 0x8000ee02 (0x0000bfe5) c.j     pc - 8
core   0: 3 0x8000ee02 (0xbfe5)
core   0: 0x8000edfa (0x00001f17) auipc   t5, 0x1
core   0: 3 0x8000edfa (0x00001f17) x30 0x8000fdfa
core   0: 0x8000edfe (0x203f2323) sw      gp, 518(t5)
core   0: 3 0x8000edfe (0x203f2323) mem 0x80010000 0x00000001
core   0: 0x8000ee02 (0x0000bfe5) c.j     pc - 8
core   0: 3 0x8000ee02 (0xbfe5)
core   0: 0x8000edfa (0x00001f17) auipc   t5, 0x1
core   0: 3 0x8000edfa (0x00001f17) x30 0x8000fdfa
core   0: 0x8000edfe (0x203f2323) sw      gp, 518(t5)
core   0: 3 0x8000edfe (0x203f2323) mem 0x80010000 0x00000001
core   0: 0x8000ee02 (0x0000bfe5) c.j     pc - 8
core   0: 3 0x8000ee02 (0xbfe5)
core   0: 0x8000edfa (0x00001f17) auipc   t5, 0x1
core   0: 3 0x8000edfa (0x00001f17) x30 0x8000fdfa
core   0: 0x8000edfe (0x203f2323) sw      gp, 518(t5)
core   0: 3 0x8000edfe (0x203f2323) mem 0x80010000 0x00000001
core   0: 0x8000ee02 (0x0000bfe5) c.j     pc - 8
core   0: 3 0x8000ee02 (0xbfe5)
core   0: 0x8000edfa (0x00001f17) auipc   t5, 0x1
core   0: 3 0x8000edfa (0x00001f17) x30 0x8000fdfa
core   0: 0x8000edfe (0x203f2323) sw      gp, 518(t5)
core   0: 3 0x8000edfe (0x203f2323) mem 0x80010000 0x00000001
core   0: 0x8000ee02 (0x0000bfe5) c.j     pc - 8
core   0: 3 0x8000ee02 (0xbfe5)
core   0: 0x8000edfa (0x00001f17) auipc   t5, 0x1
core   0: 3 0x8000edfa (0x00001f17) x30 0x8000fdfa
core   0: 0x8000edfe (0x203f2323) sw      gp, 518(t5)
core   0: 3 0x8000edfe (0x203f2323) mem 0x80010000 0x00000001
core   0: 0x8000ee02 (0x0000bfe5) c.j     pc - 8
core   0: 3 0x8000ee02 (0xbfe5)
core   0: 0x8000edfa (0x00001f17) auipc   t5, 0x1
core   0: 3 0x8000edfa (0x00001f17) x30 0x8000fdfa
core   0: 0x8000edfe (0x203f2323) sw      gp, 518(t5)
core   0: 3 0x8000edfe (0x203f2323) mem 0x80010000 0x00000001
core   0: 0x8000ee02 (0x0000bfe5) c.j     pc - 8
core   0: 3 0x8000ee02 (0xbfe5)
core   0: 0x8000edfa (0x00001f17) auipc   t5, 0x1
core   0: 3 0x8000edfa (0x00001f17) x30 0x8000fdfa
core   0: 0x8000edfe (0x203f2323) sw      gp, 518(t5)
core   0: 3 0x8000edfe (0x203f2323) mem 0x80010000 0x00000001
core   0: 0x8000ee02 (0x0000bfe5) c.j     pc - 8
core   0: 3 0x8000ee02 (0xbfe5)
core   0: 0x8000edfa (0x00001f17) auipc   t5, 0x1
core   0: 3 0x8000edfa (0x00001f17) x30 0x8000fdfa
core   0: 0x8000edfe (0x203f2323) sw      gp, 518(t5)
core   0: 3 0x8000edfe (0x203f2323) mem 0x80010000 0x00000001
core   0: 0x8000ee02 (0x0000bfe5) c.j     pc - 8
core   0: 3 0x8000ee02 (0xbfe5)
core   0: 0x8000edfa (0x00001f17) auipc   t5, 0x1
core   0: 3 0x8000edfa (0x00001f17) x30 0x8000fdfa
core   0: 0x8000edfe (0x203f2323) sw      gp, 518(t5)
core   0: 3 0x8000edfe (0x203f2323) mem 0x80010000 0x00000001
core   0: 0x8000ee02 (0x0000bfe5) c.j     pc - 8
core   0: 3 0x8000ee02 (0xbfe5)
core   0: 0x8000edfa (0x00001f17) auipc   t5, 0x1
core   0: 3 0x8000edfa (0x00001f17) x30 0x8000fdfa
core   0: 0x8000edfe (0x203f2323) sw      gp, 518(t5)
core   0: 3 0x8000edfe (0x203f2323) mem 0x80010000 0x00000001
core   0: 0x8000ee02 (0x0000bfe5) c.j     pc - 8
core   0: 3 0x8000ee02 (0xbfe5)
core   0: 0x8000edfa (0x00001f17) auipc   t5, 0x1
core   0: 3 0x8000edfa (0x00001f17) x30 0x8000fdfa
core   0: 0x8000edfe (0x203f2323) sw      gp, 518(t5)
core   0: 3 0x8000edfe (0x203f2323) mem 0x80010000 0x00000001
core   0: 0x8000ee02 (0x0000bfe5) c.j     pc - 8
core   0: 3 0x8000ee02 (0xbfe5)
core   0: 0x8000edfa (0x00001f17) auipc   t5, 0x1
core   0: 3 0x8000edfa (0x00001f17) x30 0x8000fdfa
core   0: 0x8000edfe (0x203f2323) sw      gp, 518(t5)
core   0: 3 0x8000edfe (0x203f2323) mem 0x80010000 0x00000001
core   0: 0x8000ee02 (0x0000bfe5) c.j     pc - 8
core   0: 3 0x8000ee02 (0xbfe5)
core   0: 0x8000edfa (0x00001f17) auipc   t5, 0x1
core   0: 3 0x8000edfa (0x00001f17) x30 0x8000fdfa
core   0: 0x8000edfe (0x203f2323) sw      gp, 518(t5)
core   0: 3 0x8000edfe (0x203f2323) mem 0x80010000 0x00000001
core   0: 0x8000ee02 (0x0000bfe5) c.j     pc - 8
core   0: 3 0x8000ee02 (0xbfe5)
core   0: 0x8000edfa (0x00001f17) auipc   t5, 0x1
core   0: 3 0x8000edfa (0x00001f17) x30 0x8000fdfa
core   0: 0x8000edfe (0x203f2323) sw      gp, 518(t5)
core   0: 3 0x8000edfe (0x203f2323) mem 0x80010000 0x00000001
core   0: 0x8000ee02 (0x0000bfe5) c.j     pc - 8
core   0: 3 0x8000ee02 (0xbfe5)
core   0: 0x8000edfa (0x00001f17) auipc   t5, 0x1
core   0: 3 0x8000edfa (0x00001f17) x30 0x8000fdfa
core   0: 0x8000edfe (0x203f2323) sw      gp, 518(t5)
core   0: 3 0x8000edfe (0x203f2323) mem 0x80010000 0x00000001
core   0: 0x8000ee02 (0x0000bfe5) c.j     pc - 8
core   0: 3 0x8000ee02 (0xbfe5)
core   0: 0x8000edfa (0x00001f17) auipc   t5, 0x1
core   0: 3 0x8000edfa (0x00001f17) x30 0x8000fdfa
core   0: 0x8000edfe (0x203f2323) sw      gp, 518(t5)
core   0: 3 0x8000edfe (0x203f2323) mem 0x80010000 0x00000001
core   0: 0x8000ee02 (0x0000bfe5) c.j     pc - 8
core   0: 3 0x8000ee02 (0xbfe5)
core   0: 0x8000edfa (0x00001f17) auipc   t5, 0x1
core   0: 3 0x8000edfa (0x00001f17) x30 0x8000fdfa
core   0: 0x8000edfe (0x203f2323) sw      gp, 518(t5)
core   0: 3 0x8000edfe (0x203f2323) mem 0x80010000 0x00000001
core   0: 0x8000ee02 (0x0000bfe5) c.j     pc - 8
core   0: 3 0x8000ee02 (0xbfe5)
core   0: 0x8000edfa (0x00001f17) auipc   t5, 0x1
core   0: 3 0x8000edfa (0x00001f17) x30 0x8000fdfa
core   0: 0x8000edfe (0x203f2323) sw      gp, 518(t5)
core   0: 3 0x8000edfe (0x203f2323) mem 0x80010000 0x00000001
core   0: 0x8000ee02 (0x0000bfe5) c.j     pc - 8
core   0: 3 0x8000ee02 (0xbfe5)
core   0: 0x8000edfa (0x00001f17) auipc   t5, 0x1
core   0: 3 0x8000edfa (0x00001f17) x30 0x8000fdfa
core   0: 0x8000edfe (0x203f2323) sw      gp, 518(t5)
core   0: 3 0x8000edfe (0x203f2323) mem 0x80010000 0x00000001
core   0: 0x8000ee02 (0x0000bfe5) c.j     pc - 8
core   0: 3 0x8000ee02 (0xbfe5)
core   0: 0x8000edfa (0x00001f17) auipc   t5, 0x1
core   0: 3 0x8000edfa (0x00001f17) x30 0x8000fdfa
core   0: 0x8000edfe (0x203f2323) sw      gp, 518(t5)
core   0: 3 0x8000edfe (0x203f2323) mem 0x80010000 0x00000001
core   0: 0x8000ee02 (0x0000bfe5) c.j     pc - 8
core   0: 3 0x8000ee02 (0xbfe5)
core   0: 0x8000edfa (0x00001f17) auipc   t5, 0x1
core   0: 3 0x8000edfa (0x00001f17) x30 0x8000fdfa
core   0: 0x8000edfe (0x203f2323) sw      gp, 518(t5)
core   0: 3 0x8000edfe (0x203f2323) mem 0x80010000 0x00000001
core   0: 0x8000ee02 (0x0000bfe5) c.j     pc - 8
core   0: 3 0x8000ee02 (0xbfe5)
core   0: 0x8000edfa (0x00001f17) auipc   t5, 0x1
core   0: 3 0x8000edfa (0x00001f17) x30 0x8000fdfa
core   0: 0x8000edfe (0x203f2323) sw      gp, 518(t5)
core   0: 3 0x8000edfe (0x203f2323) mem 0x80010000 0x00000001
core   0: 0x8000ee02 (0x0000bfe5) c.j     pc - 8
core   0: 3 0x8000ee02 (0xbfe5)
core   0: 0x8000edfa (0x00001f17) auipc   t5, 0x1
core   0: 3 0x8000edfa (0x00001f17) x30 0x8000fdfa
core   0: 0x8000edfe (0x203f2323) sw      gp, 518(t5)
core   0: 3 0x8000edfe (0x203f2323) mem 0x80010000 0x00000001
core   0: 0x8000ee02 (0x0000bfe5) c.j     pc - 8
core   0: 3 0x8000ee02 (0xbfe5)
core   0: 0x8000edfa (0x00001f17) auipc   t5, 0x1
core   0: 3 0x8000edfa (0x00001f17) x30 0x8000fdfa
core   0: 0x8000edfe (0x203f2323) sw      gp, 518(t5)
core   0: 3 0x8000edfe (0x203f2323) mem 0x80010000 0x00000001
core   0: 0x8000ee02 (0x0000bfe5) c.j     pc - 8
core   0: 3 0x8000ee02 (0xbfe5)
core   0: 0x8000edfa (0x00001f17) auipc   t5, 0x1
core   0: 3 0x8000edfa (0x00001f17) x30 0x8000fdfa
core   0: 0x8000edfe (0x203f2323) sw      gp, 518(t5)
core   0: 3 0x8000edfe (0x203f2323) mem 0x80010000 0x00000001
core   0: 0x8000ee02 (0x0000bfe5) c.j     pc - 8
core   0: 3 0x8000ee02 (0xbfe5)
core   0: 0x8000edfa (0x00001f17) auipc   t5, 0x1
core   0: 3 0x8000edfa (0x00001f17) x30 0x8000fdfa
core   0: 0x8000edfe (0x203f2323) sw      gp, 518(t5)
core   0: 3 0x8000edfe (0x203f2323) mem 0x80010000 0x00000001
core   0: 0x8000ee02 (0x0000bfe5) c.j     pc - 8
core   0: 3 0x8000ee02 (0xbfe5)
core   0: 0x8000edfa (0x00001f17) auipc   t5, 0x1
core   0: 3 0x8000edfa (0x00001f17) x30 0x8000fdfa
core   0: 0x8000edfe (0x203f2323) sw      gp, 518(t5)
core   0: 3 0x8000edfe (0x203f2323) mem 0x80010000 0x00000001
core   0: 0x8000ee02 (0x0000bfe5) c.j     pc - 8
core   0: 3 0x8000ee02 (0xbfe5)
core   0: 0x8000edfa (0x00001f17) auipc   t5, 0x1
core   0: 3 0x8000edfa (0x00001f17) x30 0x8000fdfa
core   0: 0x8000edfe (0x203f2323) sw      gp, 518(t5)
core   0: 3 0x8000edfe (0x203f2323) mem 0x80010000 0x00000001
core   0: 0x8000ee02 (0x0000bfe5) c.j     pc - 8
core   0: 3 0x8000ee02 (0xbfe5)
core   0: 0x8000edfa (0x00001f17) auipc   t5, 0x1
core   0: 3 0x8000edfa (0x00001f17) x30 0x8000fdfa
core   0: 0x8000edfe (0x203f2323) sw      gp, 518(t5)
core   0: 3 0x8000edfe (0x203f2323) mem 0x80010000 0x00000001
core   0: 0x8000ee02 (0x0000bfe5) c.j     pc - 8
core   0: 3 0x8000ee02 (0xbfe5)
core   0: 0x8000edfa (0x00001f17) auipc   t5, 0x1
core   0: 3 0x8000edfa (0x00001f17) x30 0x8000fdfa
core   0: 0x8000edfe (0x203f2323) sw      gp, 518(t5)
core   0: 3 0x8000edfe (0x203f2323) mem 0x80010000 0x00000001
core   0: 0x8000ee02 (0x0000bfe5) c.j     pc - 8
core   0: 3 0x8000ee02 (0xbfe5)
core   0: 0x8000edfa (0x00001f17) auipc   t5, 0x1
core   0: 3 0x8000edfa (0x00001f17) x30 0x8000fdfa
core   0: 0x8000edfe (0x203f2323) sw      gp, 518(t5)
core   0: 3 0x8000edfe (0x203f2323) mem 0x80010000 0x00000001
core   0: 0x8000ee02 (0x0000bfe5) c.j     pc - 8
core   0: 3 0x8000ee02 (0xbfe5)
core   0: 0x8000edfa (0x00001f17) auipc   t5, 0x1
core   0: 3 0x8000edfa (0x00001f17) x30 0x8000fdfa
core   0: 0x8000edfe (0x203f2323) sw      gp, 518(t5)
core   0: 3 0x8000edfe (0x203f2323) mem 0x80010000 0x00000001
core   0: 0x8000ee02 (0x0000bfe5) c.j     pc - 8
core   0: 3 0x8000ee02 (0xbfe5)
core   0: 0x8000edfa (0x00001f17) auipc   t5, 0x1
core   0: 3 0x8000edfa (0x00001f17) x30 0x8000fdfa
core   0: 0x8000edfe (0x203f2323) sw      gp, 518(t5)
core   0: 3 0x8000edfe (0x203f2323) mem 0x80010000 0x00000001
core   0: 0x8000ee02 (0x0000bfe5) c.j     pc - 8
core   0: 3 0x8000ee02 (0xbfe5)
core   0: 0x8000edfa (0x00001f17) auipc   t5, 0x1
core   0: 3 0x8000edfa (0x00001f17) x30 0x8000fdfa
core   0: 0x8000edfe (0x203f2323) sw      gp, 518(t5)
core   0: 3 0x8000edfe (0x203f2323) mem 0x80010000 0x00000001
core   0: 0x8000ee02 (0x0000bfe5) c.j     pc - 8
core   0: 3 0x8000ee02 (0xbfe5)
core   0: 0x8000edfa (0x00001f17) auipc   t5, 0x1
core   0: 3 0x8000edfa (0x00001f17) x30 0x8000fdfa
core   0: 0x8000edfe (0x203f2323) sw      gp, 518(t5)
core   0: 3 0x8000edfe (0x203f2323) mem 0x80010000 0x00000001
core   0: 0x8000ee02 (0x0000bfe5) c.j     pc - 8
core   0: 3 0x8000ee02 (0xbfe5)
core   0: 0x8000edfa (0x00001f17) auipc   t5, 0x1
core   0: 3 0x8000edfa (0x00001f17) x30 0x8000fdfa
core   0: 0x8000edfe (0x203f2323) sw      gp, 518(t5)
core   0: 3 0x8000edfe (0x203f2323) mem 0x80010000 0x00000001
core   0: 0x8000ee02 (0x0000bfe5) c.j     pc - 8
core   0: 3 0x8000ee02 (0xbfe5)
core   0: 0x8000edfa (0x00001f17) auipc   t5, 0x1
core   0: 3 0x8000edfa (0x00001f17) x30 0x8000fdfa
core   0: 0x8000edfe (0x203f2323) sw      gp, 518(t5)
core   0: 3 0x8000edfe (0x203f2323) mem 0x80010000 0x00000001
core   0: 0x8000ee02 (0x0000bfe5) c.j     pc - 8
core   0: 3 0x8000ee02 (0xbfe5)
core   0: 0x8000edfa (0x00001f17) auipc   t5, 0x1
core   0: 3 0x8000edfa (0x00001f17) x30 0x8000fdfa
core   0: 0x8000edfe (0x203f2323) sw      gp, 518(t5)
core   0: 3 0x8000edfe (0x203f2323) mem 0x80010000 0x00000001
core   0: 0x8000ee02 (0x0000bfe5) c.j     pc - 8
core   0: 3 0x8000ee02 (0xbfe5)
core   0: 0x8000edfa (0x00001f17) auipc   t5, 0x1
core   0: 3 0x8000edfa (0x00001f17) x30 0x8000fdfa
core   0: 0x8000edfe (0x203f2323) sw      gp, 518(t5)
core   0: 3 0x8000edfe (0x203f2323) mem 0x80010000 0x00000001
core   0: 0x8000ee02 (0x0000bfe5) c.j     pc - 8
core   0: 3 0x8000ee02 (0xbfe5)
core   0: 0x8000edfa (0x00001f17) auipc   t5, 0x1
core   0: 3 0x8000edfa (0x00001f17) x30 0x8000fdfa
core   0: 0x8000edfe (0x203f2323) sw      gp, 518(t5)
core   0: 3 0x8000edfe (0x203f2323) mem 0x80010000 0x00000001
core   0: 0x8000ee02 (0x0000bfe5) c.j     pc - 8
core   0: 3 0x8000ee02 (0xbfe5)
core   0: 0x8000edfa (0x00001f17) auipc   t5, 0x1
core   0: 3 0x8000edfa (0x00001f17) x30 0x8000fdfa
core   0: 0x8000edfe (0x203f2323) sw      gp, 518(t5)
core   0: 3 0x8000edfe (0x203f2323) mem 0x80010000 0x00000001
core   0: 0x8000ee02 (0x0000bfe5) c.j     pc - 8
core   0: 3 0x8000ee02 (0xbfe5)
core   0: 0x8000edfa (0x00001f17) auipc   t5, 0x1
core   0: 3 0x8000edfa (0x00001f17) x30 0x8000fdfa
core   0: 0x8000edfe (0x203f2323) sw      gp, 518(t5)
core   0: 3 0x8000edfe (0x203f2323) mem 0x80010000 0x00000001
core   0: 0x8000ee02 (0x0000bfe5) c.j     pc - 8
core   0: 3 0x8000ee02 (0xbfe5)
core   0: 0x8000edfa (0x00001f17) auipc   t5, 0x1
core   0: 3 0x8000edfa (0x00001f17) x30 0x8000fdfa
core   0: 0x8000edfe (0x203f2323) sw      gp, 518(t5)
core   0: 3 0x8000edfe (0x203f2323) mem 0x80010000 0x00000001
core   0: 0x8000ee02 (0x0000bfe5) c.j     pc - 8
core   0: 3 0x8000ee02 (0xbfe5)
core   0: 0x8000edfa (0x00001f17) auipc   t5, 0x1
core   0: 3 0x8000edfa (0x00001f17) x30 0x8000fdfa
core   0: 0x8000edfe (0x203f2323) sw      gp, 518(t5)
core   0: 3 0x8000edfe (0x203f2323) mem 0x80010000 0x00000001
core   0: 0x8000ee02 (0x0000bfe5) c.j     pc - 8
core   0: 3 0x8000ee02 (0xbfe5)
core   0: 0x8000edfa (0x00001f17) auipc   t5, 0x1
core   0: 3 0x8000edfa (0x00001f17) x30 0x8000fdfa
core   0: 0x8000edfe (0x203f2323) sw      gp, 518(t5)
core   0: 3 0x8000edfe (0x203f2323) mem 0x80010000 0x00000001
core   0: 0x8000ee02 (0x0000bfe5) c.j     pc - 8
core   0: 3 0x8000ee02 (0xbfe5)
core   0: 0x8000edfa (0x00001f17) auipc   t5, 0x1
core   0: 3 0x8000edfa (0x00001f17) x30 0x8000fdfa
core   0: 0x8000edfe (0x203f2323) sw      gp, 518(t5)
core   0: 3 0x8000edfe (0x203f2323) mem 0x80010000 0x00000001
core   0: 0x8000ee02 (0x0000bfe5) c.j     pc - 8
core   0: 3 0x8000ee02 (0xbfe5)
core   0: 0x8000edfa (0x00001f17) auipc   t5, 0x1
core   0: 3 0x8000edfa (0x00001f17) x30 0x8000fdfa
core   0: 0x8000edfe (0x203f2323) sw      gp, 518(t5)
core   0: 3 0x8000edfe (0x203f2323) mem 0x80010000 0x00000001
core   0: 0x8000ee02 (0x0000bfe5) c.j     pc - 8
core   0: 3 0x8000ee02 (0xbfe5)
core   0: 0x8000edfa (0x00001f17) auipc   t5, 0x1
core   0: 3 0x8000edfa (0x00001f17) x30 0x8000fdfa
core   0: 0x8000edfe (0x203f2323) sw      gp, 518(t5)
core   0: 3 0x8000edfe (0x203f2323) mem 0x80010000 0x00000001
core   0: 0x8000ee02 (0x0000bfe5) c.j     pc - 8
core   0: 3 0x8000ee02 (0xbfe5)
core   0: 0x8000edfa (0x00001f17) auipc   t5, 0x1
core   0: 3 0x8000edfa (0x00001f17) x30 0x8000fdfa
core   0: 0x8000edfe (0x203f2323) sw      gp, 518(t5)
core   0: 3 0x8000edfe (0x203f2323) mem 0x80010000 0x00000001
core   0: 0x8000ee02 (0x0000bfe5) c.j     pc - 8
core   0: 3 0x8000ee02 (0xbfe5)
core   0: 0x8000edfa (0x00001f17) auipc   t5, 0x1
core   0: 3 0x8000edfa (0x00001f17) x30 0x8000fdfa
core   0: 0x8000edfe (0x203f2323) sw      gp, 518(t5)
core   0: 3 0x8000edfe (0x203f2323) mem 0x80010000 0x00000001
core   0: 0x8000ee02 (0x0000bfe5) c.j     pc - 8
core   0: 3 0x8000ee02 (0xbfe5)
core   0: 0x8000edfa (0x00001f17) auipc   t5, 0x1
core   0: 3 0x8000edfa (0x00001f17) x30 0x8000fdfa
core   0: 0x8000edfe (0x203f2323) sw      gp, 518(t5)
core   0: 3 0x8000edfe (0x203f2323) mem 0x80010000 0x00000001
core   0: 0x8000ee02 (0x0000bfe5) c.j     pc - 8
core   0: 3 0x8000ee02 (0xbfe5)
core   0: 0x8000edfa (0x00001f17) auipc   t5, 0x1
core   0: 3 0x8000edfa (0x00001f17) x30 0x8000fdfa
core   0: 0x8000edfe (0x203f2323) sw      gp, 518(t5)
core   0: 3 0x8000edfe (0x203f2323) mem 0x80010000 0x00000001
core   0: 0x8000ee02 (0x0000bfe5) c.j     pc - 8
core   0: 3 0x8000ee02 (0xbfe5)
core   0: 0x8000edfa (0x00001f17) auipc   t5, 0x1
core   0: 3 0x8000edfa (0x00001f17) x30 0x8000fdfa
core   0: 0x8000edfe (0x203f2323) sw      gp, 518(t5)
core   0: 3 0x8000edfe (0x203f2323) mem 0x80010000 0x00000001
core   0: 0x8000ee02 (0x0000bfe5) c.j     pc - 8
core   0: 3 0x8000ee02 (0xbfe5)
core   0: 0x8000edfa (0x00001f17) auipc   t5, 0x1
core   0: 3 0x8000edfa (0x00001f17) x30 0x8000fdfa
core   0: 0x8000edfe (0x203f2323) sw      gp, 518(t5)
core   0: 3 0x8000edfe (0x203f2323) mem 0x80010000 0x00000001
core   0: 0x8000ee02 (0x0000bfe5) c.j     pc - 8
core   0: 3 0x8000ee02 (0xbfe5)
core   0: 0x8000edfa (0x00001f17) auipc   t5, 0x1
core   0: 3 0x8000edfa (0x00001f17) x30 0x8000fdfa
core   0: 0x8000edfe (0x203f2323) sw      gp, 518(t5)
core   0: 3 0x8000edfe (0x203f2323) mem 0x80010000 0x00000001
core   0: 0x8000ee02 (0x0000bfe5) c.j     pc - 8
core   0: 3 0x8000ee02 (0xbfe5)
core   0: 0x8000edfa (0x00001f17) auipc   t5, 0x1
core   0: 3 0x8000edfa (0x00001f17) x30 0x8000fdfa
core   0: 0x8000edfe (0x203f2323) sw      gp, 518(t5)
core   0: 3 0x8000edfe (0x203f2323) mem 0x80010000 0x00000001
core   0: 0x8000ee02 (0x0000bfe5) c.j     pc - 8
core   0: 3 0x8000ee02 (0xbfe5)
core   0: 0x8000edfa (0x00001f17) auipc   t5, 0x1
core   0: 3 0x8000edfa (0x00001f17) x30 0x8000fdfa
core   0: 0x8000edfe (0x203f2323) sw      gp, 518(t5)
core   0: 3 0x8000edfe (0x203f2323) mem 0x80010000 0x00000001
core   0: 0x8000ee02 (0x0000bfe5) c.j     pc - 8
core   0: 3 0x8000ee02 (0xbfe5)
core   0: 0x8000edfa (0x00001f17) auipc   t5, 0x1
core   0: 3 0x8000edfa (0x00001f17) x30 0x8000fdfa
core   0: 0x8000edfe (0x203f2323) sw      gp, 518(t5)
core   0: 3 0x8000edfe (0x203f2323) mem 0x80010000 0x00000001
core   0: 0x8000ee02 (0x0000bfe5) c.j     pc - 8
core   0: 3 0x8000ee02 (0xbfe5)
core   0: 0x8000edfa (0x00001f17) auipc   t5, 0x1
core   0: 3 0x8000edfa (0x00001f17) x30 0x8000fdfa
core   0: 0x8000edfe (0x203f2323) sw      gp, 518(t5)
core   0: 3 0x8000edfe (0x203f2323) mem 0x80010000 0x00000001
core   0: 0x8000ee02 (0x0000bfe5) c.j     pc - 8
core   0: 3 0x8000ee02 (0xbfe5)
core   0: 0x8000edfa (0x00001f17) auipc   t5, 0x1
core   0: 3 0x8000edfa (0x00001f17) x30 0x8000fdfa
core   0: 0x8000edfe (0x203f2323) sw      gp, 518(t5)
core   0: 3 0x8000edfe (0x203f2323) mem 0x80010000 0x00000001
core   0: 0x8000ee02 (0x0000bfe5) c.j     pc - 8
core   0: 3 0x8000ee02 (0xbfe5)
core   0: 0x8000edfa (0x00001f17) auipc   t5, 0x1
core   0: 3 0x8000edfa (0x00001f17) x30 0x8000fdfa
core   0: 0x8000edfe (0x203f2323) sw      gp, 518(t5)
core   0: 3 0x8000edfe (0x203f2323) mem 0x80010000 0x00000001
core   0: 0x8000ee02 (0x0000bfe5) c.j     pc - 8
core   0: 3 0x8000ee02 (0xbfe5)
core   0: 0x8000edfa (0x00001f17) auipc   t5, 0x1
core   0: 3 0x8000edfa (0x00001f17) x30 0x8000fdfa
core   0: 0x8000edfe (0x203f2323) sw      gp, 518(t5)
core   0: 3 0x8000edfe (0x203f2323) mem 0x80010000 0x00000001
core   0: 0x8000ee02 (0x0000bfe5) c.j     pc - 8
core   0: 3 0x8000ee02 (0xbfe5)
core   0: 0x8000edfa (0x00001f17) auipc   t5, 0x1
core   0: 3 0x8000edfa (0x00001f17) x30 0x8000fdfa
core   0: 0x8000edfe (0x203f2323) sw      gp, 518(t5)
core   0: 3 0x8000edfe (0x203f2323) mem 0x80010000 0x00000001
core   0: 0x8000ee02 (0x0000bfe5) c.j     pc - 8
core   0: 3 0x8000ee02 (0xbfe5)
core   0: 0x8000edfa (0x00001f17) auipc   t5, 0x1
core   0: 3 0x8000edfa (0x00001f17) x30 0x8000fdfa
core   0: 0x8000edfe (0x203f2323) sw      gp, 518(t5)
core   0: 3 0x8000edfe (0x203f2323) mem 0x80010000 0x00000001
core   0: 0x8000ee02 (0x0000bfe5) c.j     pc - 8
core   0: 3 0x8000ee02 (0xbfe5)
core   0: 0x8000edfa (0x00001f17) auipc   t5, 0x1
core   0: 3 0x8000edfa (0x00001f17) x30 0x8000fdfa
core   0: 0x8000edfe (0x203f2323) sw      gp, 518(t5)
core   0: 3 0x8000edfe (0x203f2323) mem 0x80010000 0x00000001
core   0: 0x8000ee02 (0x0000bfe5) c.j     pc - 8
core   0: 3 0x8000ee02 (0xbfe5)
core   0: 0x8000edfa (0x00001f17) auipc   t5, 0x1
core   0: 3 0x8000edfa (0x00001f17) x30 0x8000fdfa
core   0: 0x8000edfe (0x203f2323) sw      gp, 518(t5)
core   0: 3 0x8000edfe (0x203f2323) mem 0x80010000 0x00000001
core   0: 0x8000ee02 (0x0000bfe5) c.j     pc - 8
core   0: 3 0x8000ee02 (0xbfe5)
core   0: 0x8000edfa (0x00001f17) auipc   t5, 0x1
core   0: 3 0x8000edfa (0x00001f17) x30 0x8000fdfa
core   0: 0x8000edfe (0x203f2323) sw      gp, 518(t5)
core   0: 3 0x8000edfe (0x203f2323) mem 0x80010000 0x00000001
core   0: 0x8000ee02 (0x0000bfe5) c.j     pc - 8
core   0: 3 0x8000ee02 (0xbfe5)
core   0: 0x8000edfa (0x00001f17) auipc   t5, 0x1
core   0: 3 0x8000edfa (0x00001f17) x30 0x8000fdfa
core   0: 0x8000edfe (0x203f2323) sw      gp, 518(t5)
core   0: 3 0x8000edfe (0x203f2323) mem 0x80010000 0x00000001
core   0: 0x8000ee02 (0x0000bfe5) c.j     pc - 8
core   0: 3 0x8000ee02 (0xbfe5)
core   0: 0x8000edfa (0x00001f17) auipc   t5, 0x1
core   0: 3 0x8000edfa (0x00001f17) x30 0x8000fdfa
core   0: 0x8000edfe (0x203f2323) sw      gp, 518(t5)
core   0: 3 0x8000edfe (0x203f2323) mem 0x80010000 0x00000001
core   0: 0x8000ee02 (0x0000bfe5) c.j     pc - 8
core   0: 3 0x8000ee02 (0xbfe5)
core   0: 0x8000edfa (0x00001f17) auipc   t5, 0x1
core   0: 3 0x8000edfa (0x00001f17) x30 0x8000fdfa
core   0: 0x8000edfe (0x203f2323) sw      gp, 518(t5)
core   0: 3 0x8000edfe (0x203f2323) mem 0x80010000 0x00000001
core   0: 0x8000ee02 (0x0000bfe5) c.j     pc - 8
core   0: 3 0x8000ee02 (0xbfe5)
core   0: 0x8000edfa (0x00001f17) auipc   t5, 0x1
core   0: 3 0x8000edfa (0x00001f17) x30 0x8000fdfa
core   0: 0x8000edfe (0x203f2323) sw      gp, 518(t5)
core   0: 3 0x8000edfe (0x203f2323) mem 0x80010000 0x00000001
core   0: 0x8000ee02 (0x0000bfe5) c.j     pc - 8
core   0: 3 0x8000ee02 (0xbfe5)
core   0: 0x8000edfa (0x00001f17) auipc   t5, 0x1
core   0: 3 0x8000edfa (0x00001f17) x30 0x8000fdfa
core   0: 0x8000edfe (0x203f2323) sw      gp, 518(t5)
core   0: 3 0x8000edfe (0x203f2323) mem 0x80010000 0x00000001
core   0: 0x8000ee02 (0x0000bfe5) c.j     pc - 8
core   0: 3 0x8000ee02 (0xbfe5)
core   0: 0x8000edfa (0x00001f17) auipc   t5, 0x1
core   0: 3 0x8000edfa (0x00001f17) x30 0x8000fdfa
core   0: 0x8000edfe (0x203f2323) sw      gp, 518(t5)
core   0: 3 0x8000edfe (0x203f2323) mem 0x80010000 0x00000001
core   0: 0x8000ee02 (0x0000bfe5) c.j     pc - 8
core   0: 3 0x8000ee02 (0xbfe5)
core   0: 0x8000edfa (0x00001f17) auipc   t5, 0x1
core   0: 3 0x8000edfa (0x00001f17) x30 0x8000fdfa
core   0: 0x8000edfe (0x203f2323) sw      gp, 518(t5)
core   0: 3 0x8000edfe (0x203f2323) mem 0x80010000 0x00000001
core   0: 0x8000ee02 (0x0000bfe5) c.j     pc - 8
core   0: 3 0x8000ee02 (0xbfe5)
core   0: 0x8000edfa (0x00001f17) auipc   t5, 0x1
core   0: 3 0x8000edfa (0x00001f17) x30 0x8000fdfa
core   0: 0x8000edfe (0x203f2323) sw      gp, 518(t5)
core   0: 3 0x8000edfe (0x203f2323) mem 0x80010000 0x00000001
core   0: 0x8000ee02 (0x0000bfe5) c.j     pc - 8
core   0: 3 0x8000ee02 (0xbfe5)
core   0: 0x8000edfa (0x00001f17) auipc   t5, 0x1
core   0: 3 0x8000edfa (0x00001f17) x30 0x8000fdfa
core   0: 0x8000edfe (0x203f2323) sw      gp, 518(t5)
core   0: 3 0x8000edfe (0x203f2323) mem 0x80010000 0x00000001
core   0: 0x8000ee02 (0x0000bfe5) c.j     pc - 8
core   0: 3 0x8000ee02 (0xbfe5)
core   0: 0x8000edfa (0x00001f17) auipc   t5, 0x1
core   0: 3 0x8000edfa (0x00001f17) x30 0x8000fdfa
core   0: 0x8000edfe (0x203f2323) sw      gp, 518(t5)
core   0: 3 0x8000edfe (0x203f2323) mem 0x80010000 0x00000001
core   0: 0x8000ee02 (0x0000bfe5) c.j     pc - 8
core   0: 3 0x8000ee02 (0xbfe5)
core   0: 0x8000edfa (0x00001f17) auipc   t5, 0x1
core   0: 3 0x8000edfa (0x00001f17) x30 0x8000fdfa
core   0: 0x8000edfe (0x203f2323) sw      gp, 518(t5)
core   0: 3 0x8000edfe (0x203f2323) mem 0x80010000 0x00000001
core   0: 0x8000ee02 (0x0000bfe5) c.j     pc - 8
core   0: 3 0x8000ee02 (0xbfe5)
core   0: 0x8000edfa (0x00001f17) auipc   t5, 0x1
core   0: 3 0x8000edfa (0x00001f17) x30 0x8000fdfa
core   0: 0x8000edfe (0x203f2323) sw      gp, 518(t5)
core   0: 3 0x8000edfe (0x203f2323) mem 0x80010000 0x00000001
core   0: 0x8000ee02 (0x0000bfe5) c.j     pc - 8
core   0: 3 0x8000ee02 (0xbfe5)
core   0: 0x8000edfa (0x00001f17) auipc   t5, 0x1
core   0: 3 0x8000edfa (0x00001f17) x30 0x8000fdfa
core   0: 0x8000edfe (0x203f2323) sw      gp, 518(t5)
core   0: 3 0x8000edfe (0x203f2323) mem 0x80010000 0x00000001
core   0: 0x8000ee02 (0x0000bfe5) c.j     pc - 8
core   0: 3 0x8000ee02 (0xbfe5)
core   0: 0x8000edfa (0x00001f17) auipc   t5, 0x1
core   0: 3 0x8000edfa (0x00001f17) x30 0x8000fdfa
core   0: 0x8000edfe (0x203f2323) sw      gp, 518(t5)
core   0: 3 0x8000edfe (0x203f2323) mem 0x80010000 0x00000001
core   0: 0x8000ee02 (0x0000bfe5) c.j     pc - 8
core   0: 3 0x8000ee02 (0xbfe5)
core   0: 0x8000edfa (0x00001f17) auipc   t5, 0x1
core   0: 3 0x8000edfa (0x00001f17) x30 0x8000fdfa
core   0: 0x8000edfe (0x203f2323) sw      gp, 518(t5)
core   0: 3 0x8000edfe (0x203f2323) mem 0x80010000 0x00000001
core   0: 0x8000ee02 (0x0000bfe5) c.j     pc - 8
core   0: 3 0x8000ee02 (0xbfe5)
core   0: 0x8000edfa (0x00001f17) auipc   t5, 0x1
core   0: 3 0x8000edfa (0x00001f17) x30 0x8000fdfa
core   0: 0x8000edfe (0x203f2323) sw      gp, 518(t5)
core   0: 3 0x8000edfe (0x203f2323) mem 0x80010000 0x00000001
core   0: 0x8000ee02 (0x0000bfe5) c.j     pc - 8
core   0: 3 0x8000ee02 (0xbfe5)
core   0: 0x8000edfa (0x00001f17) auipc   t5, 0x1
core   0: 3 0x8000edfa (0x00001f17) x30 0x8000fdfa
core   0: 0x8000edfe (0x203f2323) sw      gp, 518(t5)
core   0: 3 0x8000edfe (0x203f2323) mem 0x80010000 0x00000001
core   0: 0x8000ee02 (0x0000bfe5) c.j     pc - 8
core   0: 3 0x8000ee02 (0xbfe5)
core   0: 0x8000edfa (0x00001f17) auipc   t5, 0x1
core   0: 3 0x8000edfa (0x00001f17) x30 0x8000fdfa
core   0: 0x8000edfe (0x203f2323) sw      gp, 518(t5)
core   0: 3 0x8000edfe (0x203f2323) mem 0x80010000 0x00000001
core   0: 0x8000ee02 (0x0000bfe5) c.j     pc - 8
core   0: 3 0x8000ee02 (0xbfe5)
core   0: 0x8000edfa (0x00001f17) auipc   t5, 0x1
core   0: 3 0x8000edfa (0x00001f17) x30 0x8000fdfa
core   0: 0x8000edfe (0x203f2323) sw      gp, 518(t5)
core   0: 3 0x8000edfe (0x203f2323) mem 0x80010000 0x00000001
core   0: 0x8000ee02 (0x0000bfe5) c.j     pc - 8
core   0: 3 0x8000ee02 (0xbfe5)
core   0: 0x8000edfa (0x00001f17) auipc   t5, 0x1
core   0: 3 0x8000edfa (0x00001f17) x30 0x8000fdfa
core   0: 0x8000edfe (0x203f2323) sw      gp, 518(t5)
core   0: 3 0x8000edfe (0x203f2323) mem 0x80010000 0x00000001
core   0: 0x8000ee02 (0x0000bfe5) c.j     pc - 8
core   0: 3 0x8000ee02 (0xbfe5)
core   0: 0x8000edfa (0x00001f17) auipc   t5, 0x1
core   0: 3 0x8000edfa (0x00001f17) x30 0x8000fdfa
core   0: 0x8000edfe (0x203f2323) sw      gp, 518(t5)
core   0: 3 0x8000edfe (0x203f2323) mem 0x80010000 0x00000001
core   0: 0x8000ee02 (0x0000bfe5) c.j     pc - 8
core   0: 3 0x8000ee02 (0xbfe5)
core   0: 0x8000edfa (0x00001f17) auipc   t5, 0x1
core   0: 3 0x8000edfa (0x00001f17) x30 0x8000fdfa
core   0: 0x8000edfe (0x203f2323) sw      gp, 518(t5)
core   0: 3 0x8000edfe (0x203f2323) mem 0x80010000 0x00000001
core   0: 0x8000ee02 (0x0000bfe5) c.j     pc - 8
core   0: 3 0x8000ee02 (0xbfe5)
core   0: 0x8000edfa (0x00001f17) auipc   t5, 0x1
core   0: 3 0x8000edfa (0x00001f17) x30 0x8000fdfa
core   0: 0x8000edfe (0x203f2323) sw      gp, 518(t5)
core   0: 3 0x8000edfe (0x203f2323) mem 0x80010000 0x00000001
core   0: 0x8000ee02 (0x0000bfe5) c.j     pc - 8
core   0: 3 0x8000ee02 (0xbfe5)
core   0: 0x8000edfa (0x00001f17) auipc   t5, 0x1
core   0: 3 0x8000edfa (0x00001f17) x30 0x8000fdfa
core   0: 0x8000edfe (0x203f2323) sw      gp, 518(t5)
core   0: 3 0x8000edfe (0x203f2323) mem 0x80010000 0x00000001
core   0: 0x8000ee02 (0x0000bfe5) c.j     pc - 8
core   0: 3 0x8000ee02 (0xbfe5)
core   0: 0x8000edfa (0x00001f17) auipc   t5, 0x1
core   0: 3 0x8000edfa (0x00001f17) x30 0x8000fdfa
core   0: 0x8000edfe (0x203f2323) sw      gp, 518(t5)
core   0: 3 0x8000edfe (0x203f2323) mem 0x80010000 0x00000001
core   0: 0x8000ee02 (0x0000bfe5) c.j     pc - 8
core   0: 3 0x8000ee02 (0xbfe5)
core   0: 0x8000edfa (0x00001f17) auipc   t5, 0x1
core   0: 3 0x8000edfa (0x00001f17) x30 0x8000fdfa
core   0: 0x8000edfe (0x203f2323) sw      gp, 518(t5)
core   0: 3 0x8000edfe (0x203f2323) mem 0x80010000 0x00000001
core   0: 0x8000ee02 (0x0000bfe5) c.j     pc - 8
core   0: 3 0x8000ee02 (0xbfe5)
core   0: 0x8000edfa (0x00001f17) auipc   t5, 0x1
core   0: 3 0x8000edfa (0x00001f17) x30 0x8000fdfa
core   0: 0x8000edfe (0x203f2323) sw      gp, 518(t5)
core   0: 3 0x8000edfe (0x203f2323) mem 0x80010000 0x00000001
core   0: 0x8000ee02 (0x0000bfe5) c.j     pc - 8
core   0: 3 0x8000ee02 (0xbfe5)
core   0: 0x8000edfa (0x00001f17) auipc   t5, 0x1
core   0: 3 0x8000edfa (0x00001f17) x30 0x8000fdfa
core   0: 0x8000edfe (0x203f2323) sw      gp, 518(t5)
core   0: 3 0x8000edfe (0x203f2323) mem 0x80010000 0x00000001
core   0: 0x8000ee02 (0x0000bfe5) c.j     pc - 8
core   0: 3 0x8000ee02 (0xbfe5)
core   0: 0x8000edfa (0x00001f17) auipc   t5, 0x1
core   0: 3 0x8000edfa (0x00001f17) x30 0x8000fdfa
core   0: 0x8000edfe (0x203f2323) sw      gp, 518(t5)
core   0: 3 0x8000edfe (0x203f2323) mem 0x80010000 0x00000001
core   0: 0x8000ee02 (0x0000bfe5) c.j     pc - 8
core   0: 3 0x8000ee02 (0xbfe5)
core   0: 0x8000edfa (0x00001f17) auipc   t5, 0x1
core   0: 3 0x8000edfa (0x00001f17) x30 0x8000fdfa
core   0: 0x8000edfe (0x203f2323) sw      gp, 518(t5)
core   0: 3 0x8000edfe (0x203f2323) mem 0x80010000 0x00000001
core   0: 0x8000ee02 (0x0000bfe5) c.j     pc - 8
core   0: 3 0x8000ee02 (0xbfe5)
core   0: 0x8000edfa (0x00001f17) auipc   t5, 0x1
core   0: 3 0x8000edfa (0x00001f17) x30 0x8000fdfa
core   0: 0x8000edfe (0x203f2323) sw      gp, 518(t5)
core   0: 3 0x8000edfe (0x203f2323) mem 0x80010000 0x00000001
core   0: 0x8000ee02 (0x0000bfe5) c.j     pc - 8
core   0: 3 0x8000ee02 (0xbfe5)
core   0: 0x8000edfa (0x00001f17) auipc   t5, 0x1
core   0: 3 0x8000edfa (0x00001f17) x30 0x8000fdfa
core   0: 0x8000edfe (0x203f2323) sw      gp, 518(t5)
core   0: 3 0x8000edfe (0x203f2323) mem 0x80010000 0x00000001
core   0: 0x8000ee02 (0x0000bfe5) c.j     pc - 8
core   0: 3 0x8000ee02 (0xbfe5)
core   0: 0x8000edfa (0x00001f17) auipc   t5, 0x1
core   0: 3 0x8000edfa (0x00001f17) x30 0x8000fdfa
core   0: 0x8000edfe (0x203f2323) sw      gp, 518(t5)
core   0: 3 0x8000edfe (0x203f2323) mem 0x80010000 0x00000001
core   0: 0x8000ee02 (0x0000bfe5) c.j     pc - 8
core   0: 3 0x8000ee02 (0xbfe5)
core   0: 0x8000edfa (0x00001f17) auipc   t5, 0x1
core   0: 3 0x8000edfa (0x00001f17) x30 0x8000fdfa
core   0: 0x8000edfe (0x203f2323) sw      gp, 518(t5)
core   0: 3 0x8000edfe (0x203f2323) mem 0x80010000 0x00000001
core   0: 0x8000ee02 (0x0000bfe5) c.j     pc - 8
core   0: 3 0x8000ee02 (0xbfe5)
core   0: 0x8000edfa (0x00001f17) auipc   t5, 0x1
core   0: 3 0x8000edfa (0x00001f17) x30 0x8000fdfa
core   0: 0x8000edfe (0x203f2323) sw      gp, 518(t5)
core   0: 3 0x8000edfe (0x203f2323) mem 0x80010000 0x00000001
core   0: 0x8000ee02 (0x0000bfe5) c.j     pc - 8
core   0: 3 0x8000ee02 (0xbfe5)
core   0: 0x8000edfa (0x00001f17) auipc   t5, 0x1
core   0: 3 0x8000edfa (0x00001f17) x30 0x8000fdfa
core   0: 0x8000edfe (0x203f2323) sw      gp, 518(t5)
core   0: 3 0x8000edfe (0x203f2323) mem 0x80010000 0x00000001
core   0: 0x8000ee02 (0x0000bfe5) c.j     pc - 8
core   0: 3 0x8000ee02 (0xbfe5)
core   0: 0x8000edfa (0x00001f17) auipc   t5, 0x1
core   0: 3 0x8000edfa (0x00001f17) x30 0x8000fdfa
core   0: 0x8000edfe (0x203f2323) sw      gp, 518(t5)
core   0: 3 0x8000edfe (0x203f2323) mem 0x80010000 0x00000001
core   0: 0x8000ee02 (0x0000bfe5) c.j     pc - 8
core   0: 3 0x8000ee02 (0xbfe5)
core   0: 0x8000edfa (0x00001f17) auipc   t5, 0x1
core   0: 3 0x8000edfa (0x00001f17) x30 0x8000fdfa
core   0: 0x8000edfe (0x203f2323) sw      gp, 518(t5)
core   0: 3 0x8000edfe (0x203f2323) mem 0x80010000 0x00000001
core   0: 0x8000ee02 (0x0000bfe5) c.j     pc - 8
core   0: 3 0x8000ee02 (0xbfe5)
core   0: 0x8000edfa (0x00001f17) auipc   t5, 0x1
core   0: 3 0x8000edfa (0x00001f17) x30 0x8000fdfa
core   0: 0x8000edfe (0x203f2323) sw      gp, 518(t5)
core   0: 3 0x8000edfe (0x203f2323) mem 0x80010000 0x00000001
core   0: 0x8000ee02 (0x0000bfe5) c.j     pc - 8
core   0: 3 0x8000ee02 (0xbfe5)
core   0: 0x8000edfa (0x00001f17) auipc   t5, 0x1
core   0: 3 0x8000edfa (0x00001f17) x30 0x8000fdfa
core   0: 0x8000edfe (0x203f2323) sw      gp, 518(t5)
core   0: 3 0x8000edfe (0x203f2323) mem 0x80010000 0x00000001
core   0: 0x8000ee02 (0x0000bfe5) c.j     pc - 8
core   0: 3 0x8000ee02 (0xbfe5)
core   0: 0x8000edfa (0x00001f17) auipc   t5, 0x1
core   0: 3 0x8000edfa (0x00001f17) x30 0x8000fdfa
core   0: 0x8000edfe (0x203f2323) sw      gp, 518(t5)
core   0: 3 0x8000edfe (0x203f2323) mem 0x80010000 0x00000001
core   0: 0x8000ee02 (0x0000bfe5) c.j     pc - 8
core   0: 3 0x8000ee02 (0xbfe5)
core   0: 0x8000edfa (0x00001f17) auipc   t5, 0x1
core   0: 3 0x8000edfa (0x00001f17) x30 0x8000fdfa
core   0: 0x8000edfe (0x203f2323) sw      gp, 518(t5)
core   0: 3 0x8000edfe (0x203f2323) mem 0x80010000 0x00000001
core   0: 0x8000ee02 (0x0000bfe5) c.j     pc - 8
core   0: 3 0x8000ee02 (0xbfe5)
core   0: 0x8000edfa (0x00001f17) auipc   t5, 0x1
core   0: 3 0x8000edfa (0x00001f17) x30 0x8000fdfa
core   0: 0x8000edfe (0x203f2323) sw      gp, 518(t5)
core   0: 3 0x8000edfe (0x203f2323) mem 0x80010000 0x00000001
core   0: 0x8000ee02 (0x0000bfe5) c.j     pc - 8
core   0: 3 0x8000ee02 (0xbfe5)
core   0: 0x8000edfa (0x00001f17) auipc   t5, 0x1
core   0: 3 0x8000edfa (0x00001f17) x30 0x8000fdfa
core   0: 0x8000edfe (0x203f2323) sw      gp, 518(t5)
core   0: 3 0x8000edfe (0x203f2323) mem 0x80010000 0x00000001
core   0: 0x8000ee02 (0x0000bfe5) c.j     pc - 8
core   0: 3 0x8000ee02 (0xbfe5)
core   0: 0x8000edfa (0x00001f17) auipc   t5, 0x1
core   0: 3 0x8000edfa (0x00001f17) x30 0x8000fdfa
core   0: 0x8000edfe (0x203f2323) sw      gp, 518(t5)
core   0: 3 0x8000edfe (0x203f2323) mem 0x80010000 0x00000001
core   0: 0x8000ee02 (0x0000bfe5) c.j     pc - 8
core   0: 3 0x8000ee02 (0xbfe5)
core   0: 0x8000edfa (0x00001f17) auipc   t5, 0x1
core   0: 3 0x8000edfa (0x00001f17) x30 0x8000fdfa
core   0: 0x8000edfe (0x203f2323) sw      gp, 518(t5)
core   0: 3 0x8000edfe (0x203f2323) mem 0x80010000 0x00000001
core   0: 0x8000ee02 (0x0000bfe5) c.j     pc - 8
core   0: 3 0x8000ee02 (0xbfe5)
core   0: 0x8000edfa (0x00001f17) auipc   t5, 0x1
core   0: 3 0x8000edfa (0x00001f17) x30 0x8000fdfa
core   0: 0x8000edfe (0x203f2323) sw      gp, 518(t5)
core   0: 3 0x8000edfe (0x203f2323) mem 0x80010000 0x00000001
core   0: 0x8000ee02 (0x0000bfe5) c.j     pc - 8
core   0: 3 0x8000ee02 (0xbfe5)
core   0: 0x8000edfa (0x00001f17) auipc   t5, 0x1
core   0: 3 0x8000edfa (0x00001f17) x30 0x8000fdfa
core   0: 0x8000edfe (0x203f2323) sw      gp, 518(t5)
core   0: 3 0x8000edfe (0x203f2323) mem 0x80010000 0x00000001
core   0: 0x8000ee02 (0x0000bfe5) c.j     pc - 8
core   0: 3 0x8000ee02 (0xbfe5)
core   0: 0x8000edfa (0x00001f17) auipc   t5, 0x1
core   0: 3 0x8000edfa (0x00001f17) x30 0x8000fdfa
core   0: 0x8000edfe (0x203f2323) sw      gp, 518(t5)
core   0: 3 0x8000edfe (0x203f2323) mem 0x80010000 0x00000001
core   0: 0x8000ee02 (0x0000bfe5) c.j     pc - 8
core   0: 3 0x8000ee02 (0xbfe5)
core   0: 0x8000edfa (0x00001f17) auipc   t5, 0x1
core   0: 3 0x8000edfa (0x00001f17) x30 0x8000fdfa
core   0: 0x8000edfe (0x203f2323) sw      gp, 518(t5)
core   0: 3 0x8000edfe (0x203f2323) mem 0x80010000 0x00000001
core   0: 0x8000ee02 (0x0000bfe5) c.j     pc - 8
core   0: 3 0x8000ee02 (0xbfe5)
core   0: 0x8000edfa (0x00001f17) auipc   t5, 0x1
core   0: 3 0x8000edfa (0x00001f17) x30 0x8000fdfa
core   0: 0x8000edfe (0x203f2323) sw      gp, 518(t5)
core   0: 3 0x8000edfe (0x203f2323) mem 0x80010000 0x00000001
core   0: 0x8000ee02 (0x0000bfe5) c.j     pc - 8
core   0: 3 0x8000ee02 (0xbfe5)
core   0: 0x8000edfa (0x00001f17) auipc   t5, 0x1
core   0: 3 0x8000edfa (0x00001f17) x30 0x8000fdfa
core   0: 0x8000edfe (0x203f2323) sw      gp, 518(t5)
core   0: 3 0x8000edfe (0x203f2323) mem 0x80010000 0x00000001
core   0: 0x8000ee02 (0x0000bfe5) c.j     pc - 8
core   0: 3 0x8000ee02 (0xbfe5)
core   0: 0x8000edfa (0x00001f17) auipc   t5, 0x1
core   0: 3 0x8000edfa (0x00001f17) x30 0x8000fdfa
core   0: 0x8000edfe (0x203f2323) sw      gp, 518(t5)
core   0: 3 0x8000edfe (0x203f2323) mem 0x80010000 0x00000001
core   0: 0x8000ee02 (0x0000bfe5) c.j     pc - 8
core   0: 3 0x8000ee02 (0xbfe5)
core   0: 0x8000edfa (0x00001f17) auipc   t5, 0x1
core   0: 3 0x8000edfa (0x00001f17) x30 0x8000fdfa
core   0: 0x8000edfe (0x203f2323) sw      gp, 518(t5)
core   0: 3 0x8000edfe (0x203f2323) mem 0x80010000 0x00000001
core   0: 0x8000ee02 (0x0000bfe5) c.j     pc - 8
core   0: 3 0x8000ee02 (0xbfe5)
core   0: 0x8000edfa (0x00001f17) auipc   t5, 0x1
core   0: 3 0x8000edfa (0x00001f17) x30 0x8000fdfa
core   0: 0x8000edfe (0x203f2323) sw      gp, 518(t5)
core   0: 3 0x8000edfe (0x203f2323) mem 0x80010000 0x00000001
core   0: 0x8000ee02 (0x0000bfe5) c.j     pc - 8
core   0: 3 0x8000ee02 (0xbfe5)
core   0: 0x8000edfa (0x00001f17) auipc   t5, 0x1
core   0: 3 0x8000edfa (0x00001f17) x30 0x8000fdfa
core   0: 0x8000edfe (0x203f2323) sw      gp, 518(t5)
core   0: 3 0x8000edfe (0x203f2323) mem 0x80010000 0x00000001
core   0: 0x8000ee02 (0x0000bfe5) c.j     pc - 8
core   0: 3 0x8000ee02 (0xbfe5)
core   0: 0x8000edfa (0x00001f17) auipc   t5, 0x1
core   0: 3 0x8000edfa (0x00001f17) x30 0x8000fdfa
core   0: 0x8000edfe (0x203f2323) sw      gp, 518(t5)
core   0: 3 0x8000edfe (0x203f2323) mem 0x80010000 0x00000001
core   0: 0x8000ee02 (0x0000bfe5) c.j     pc - 8
core   0: 3 0x8000ee02 (0xbfe5)
core   0: 0x8000edfa (0x00001f17) auipc   t5, 0x1
core   0: 3 0x8000edfa (0x00001f17) x30 0x8000fdfa
core   0: 0x8000edfe (0x203f2323) sw      gp, 518(t5)
core   0: 3 0x8000edfe (0x203f2323) mem 0x80010000 0x00000001
core   0: 0x8000ee02 (0x0000bfe5) c.j     pc - 8
core   0: 3 0x8000ee02 (0xbfe5)
core   0: 0x8000edfa (0x00001f17) auipc   t5, 0x1
core   0: 3 0x8000edfa (0x00001f17) x30 0x8000fdfa
core   0: 0x8000edfe (0x203f2323) sw      gp, 518(t5)
core   0: 3 0x8000edfe (0x203f2323) mem 0x80010000 0x00000001
core   0: 0x8000ee02 (0x0000bfe5) c.j     pc - 8
core   0: 3 0x8000ee02 (0xbfe5)
core   0: 0x8000edfa (0x00001f17) auipc   t5, 0x1
core   0: 3 0x8000edfa (0x00001f17) x30 0x8000fdfa
core   0: 0x8000edfe (0x203f2323) sw      gp, 518(t5)
core   0: 3 0x8000edfe (0x203f2323) mem 0x80010000 0x00000001
core   0: 0x8000ee02 (0x0000bfe5) c.j     pc - 8
core   0: 3 0x8000ee02 (0xbfe5)
core   0: 0x8000edfa (0x00001f17) auipc   t5, 0x1
core   0: 3 0x8000edfa (0x00001f17) x30 0x8000fdfa
core   0: 0x8000edfe (0x203f2323) sw      gp, 518(t5)
core   0: 3 0x8000edfe (0x203f2323) mem 0x80010000 0x00000001
core   0: 0x8000ee02 (0x0000bfe5) c.j     pc - 8
core   0: 3 0x8000ee02 (0xbfe5)
core   0: 0x8000edfa (0x00001f17) auipc   t5, 0x1
core   0: 3 0x8000edfa (0x00001f17) x30 0x8000fdfa
core   0: 0x8000edfe (0x203f2323) sw      gp, 518(t5)
core   0: 3 0x8000edfe (0x203f2323) mem 0x80010000 0x00000001
core   0: 0x8000ee02 (0x0000bfe5) c.j     pc - 8
core   0: 3 0x8000ee02 (0xbfe5)
core   0: 0x8000edfa (0x00001f17) auipc   t5, 0x1
core   0: 3 0x8000edfa (0x00001f17) x30 0x8000fdfa
core   0: 0x8000edfe (0x203f2323) sw      gp, 518(t5)
core   0: 3 0x8000edfe (0x203f2323) mem 0x80010000 0x00000001
core   0: 0x8000ee02 (0x0000bfe5) c.j     pc - 8
core   0: 3 0x8000ee02 (0xbfe5)
core   0: 0x8000edfa (0x00001f17) auipc   t5, 0x1
core   0: 3 0x8000edfa (0x00001f17) x30 0x8000fdfa
core   0: 0x8000edfe (0x203f2323) sw      gp, 518(t5)
core   0: 3 0x8000edfe (0x203f2323) mem 0x80010000 0x00000001
core   0: 0x8000ee02 (0x0000bfe5) c.j     pc - 8
core   0: 3 0x8000ee02 (0xbfe5)
core   0: 0x8000edfa (0x00001f17) auipc   t5, 0x1
core   0: 3 0x8000edfa (0x00001f17) x30 0x8000fdfa
core   0: 0x8000edfe (0x203f2323) sw      gp, 518(t5)
core   0: 3 0x8000edfe (0x203f2323) mem 0x80010000 0x00000001
core   0: 0x8000ee02 (0x0000bfe5) c.j     pc - 8
core   0: 3 0x8000ee02 (0xbfe5)
core   0: 0x8000edfa (0x00001f17) auipc   t5, 0x1
core   0: 3 0x8000edfa (0x00001f17) x30 0x8000fdfa
core   0: 0x8000edfe (0x203f2323) sw      gp, 518(t5)
core   0: 3 0x8000edfe (0x203f2323) mem 0x80010000 0x00000001
core   0: 0x8000ee02 (0x0000bfe5) c.j     pc - 8
core   0: 3 0x8000ee02 (0xbfe5)
core   0: 0x8000edfa (0x00001f17) auipc   t5, 0x1
core   0: 3 0x8000edfa (0x00001f17) x30 0x8000fdfa
core   0: 0x8000edfe (0x203f2323) sw      gp, 518(t5)
core   0: 3 0x8000edfe (0x203f2323) mem 0x80010000 0x00000001
core   0: 0x8000ee02 (0x0000bfe5) c.j     pc - 8
core   0: 3 0x8000ee02 (0xbfe5)
core   0: 0x8000edfa (0x00001f17) auipc   t5, 0x1
core   0: 3 0x8000edfa (0x00001f17) x30 0x8000fdfa
core   0: 0x8000edfe (0x203f2323) sw      gp, 518(t5)
core   0: 3 0x8000edfe (0x203f2323) mem 0x80010000 0x00000001
core   0: 0x8000ee02 (0x0000bfe5) c.j     pc - 8
core   0: 3 0x8000ee02 (0xbfe5)
core   0: 0x8000edfa (0x00001f17) auipc   t5, 0x1
core   0: 3 0x8000edfa (0x00001f17) x30 0x8000fdfa
core   0: 0x8000edfe (0x203f2323) sw      gp, 518(t5)
core   0: 3 0x8000edfe (0x203f2323) mem 0x80010000 0x00000001
core   0: 0x8000ee02 (0x0000bfe5) c.j     pc - 8
core   0: 3 0x8000ee02 (0xbfe5)
core   0: 0x8000edfa (0x00001f17) auipc   t5, 0x1
core   0: 3 0x8000edfa (0x00001f17) x30 0x8000fdfa
core   0: 0x8000edfe (0x203f2323) sw      gp, 518(t5)
core   0: 3 0x8000edfe (0x203f2323) mem 0x80010000 0x00000001
core   0: 0x8000ee02 (0x0000bfe5) c.j     pc - 8
core   0: 3 0x8000ee02 (0xbfe5)
core   0: 0x8000edfa (0x00001f17) auipc   t5, 0x1
core   0: 3 0x8000edfa (0x00001f17) x30 0x8000fdfa
core   0: 0x8000edfe (0x203f2323) sw      gp, 518(t5)
core   0: 3 0x8000edfe (0x203f2323) mem 0x80010000 0x00000001
core   0: 0x8000ee02 (0x0000bfe5) c.j     pc - 8
core   0: 3 0x8000ee02 (0xbfe5)
core   0: 0x8000edfa (0x00001f17) auipc   t5, 0x1
core   0: 3 0x8000edfa (0x00001f17) x30 0x8000fdfa
core   0: 0x8000edfe (0x203f2323) sw      gp, 518(t5)
core   0: 3 0x8000edfe (0x203f2323) mem 0x80010000 0x00000001
core   0: 0x8000ee02 (0x0000bfe5) c.j     pc - 8
core   0: 3 0x8000ee02 (0xbfe5)
core   0: 0x8000edfa (0x00001f17) auipc   t5, 0x1
core   0: 3 0x8000edfa (0x00001f17) x30 0x8000fdfa
core   0: 0x8000edfe (0x203f2323) sw      gp, 518(t5)
core   0: 3 0x8000edfe (0x203f2323) mem 0x80010000 0x00000001
core   0: 0x8000ee02 (0x0000bfe5) c.j     pc - 8
core   0: 3 0x8000ee02 (0xbfe5)
core   0: 0x8000edfa (0x00001f17) auipc   t5, 0x1
core   0: 3 0x8000edfa (0x00001f17) x30 0x8000fdfa
core   0: 0x8000edfe (0x203f2323) sw      gp, 518(t5)
core   0: 3 0x8000edfe (0x203f2323) mem 0x80010000 0x00000001
core   0: 0x8000ee02 (0x0000bfe5) c.j     pc - 8
core   0: 3 0x8000ee02 (0xbfe5)
core   0: 0x8000edfa (0x00001f17) auipc   t5, 0x1
core   0: 3 0x8000edfa (0x00001f17) x30 0x8000fdfa
core   0: 0x8000edfe (0x203f2323) sw      gp, 518(t5)
core   0: 3 0x8000edfe (0x203f2323) mem 0x80010000 0x00000001
core   0: 0x8000ee02 (0x0000bfe5) c.j     pc - 8
core   0: 3 0x8000ee02 (0xbfe5)
core   0: 0x8000edfa (0x00001f17) auipc   t5, 0x1
core   0: 3 0x8000edfa (0x00001f17) x30 0x8000fdfa
core   0: 0x8000edfe (0x203f2323) sw      gp, 518(t5)
core   0: 3 0x8000edfe (0x203f2323) mem 0x80010000 0x00000001
core   0: 0x8000ee02 (0x0000bfe5) c.j     pc - 8
core   0: 3 0x8000ee02 (0xbfe5)
core   0: 0x8000edfa (0x00001f17) auipc   t5, 0x1
core   0: 3 0x8000edfa (0x00001f17) x30 0x8000fdfa
core   0: 0x8000edfe (0x203f2323) sw      gp, 518(t5)
core   0: 3 0x8000edfe (0x203f2323) mem 0x80010000 0x00000001
core   0: 0x8000ee02 (0x0000bfe5) c.j     pc - 8
core   0: 3 0x8000ee02 (0xbfe5)
core   0: 0x8000edfa (0x00001f17) auipc   t5, 0x1
core   0: 3 0x8000edfa (0x00001f17) x30 0x8000fdfa
core   0: 0x8000edfe (0x203f2323) sw      gp, 518(t5)
core   0: 3 0x8000edfe (0x203f2323) mem 0x80010000 0x00000001
core   0: 0x8000ee02 (0x0000bfe5) c.j     pc - 8
core   0: 3 0x8000ee02 (0xbfe5)
core   0: 0x8000edfa (0x00001f17) auipc   t5, 0x1
core   0: 3 0x8000edfa (0x00001f17) x30 0x8000fdfa
core   0: 0x8000edfe (0x203f2323) sw      gp, 518(t5)
core   0: 3 0x8000edfe (0x203f2323) mem 0x80010000 0x00000001
core   0: 0x8000ee02 (0x0000bfe5) c.j     pc - 8
core   0: 3 0x8000ee02 (0xbfe5)
core   0: 0x8000edfa (0x00001f17) auipc   t5, 0x1
core   0: 3 0x8000edfa (0x00001f17) x30 0x8000fdfa
core   0: 0x8000edfe (0x203f2323) sw      gp, 518(t5)
core   0: 3 0x8000edfe (0x203f2323) mem 0x80010000 0x00000001
core   0: 0x8000ee02 (0x0000bfe5) c.j     pc - 8
core   0: 3 0x8000ee02 (0xbfe5)
core   0: 0x8000edfa (0x00001f17) auipc   t5, 0x1
core   0: 3 0x8000edfa (0x00001f17) x30 0x8000fdfa
core   0: 0x8000edfe (0x203f2323) sw      gp, 518(t5)
core   0: 3 0x8000edfe (0x203f2323) mem 0x80010000 0x00000001
core   0: 0x8000ee02 (0x0000bfe5) c.j     pc - 8
core   0: 3 0x8000ee02 (0xbfe5)
core   0: 0x8000edfa (0x00001f17) auipc   t5, 0x1
core   0: 3 0x8000edfa (0x00001f17) x30 0x8000fdfa
core   0: 0x8000edfe (0x203f2323) sw      gp, 518(t5)
core   0: 3 0x8000edfe (0x203f2323) mem 0x80010000 0x00000001
core   0: 0x8000ee02 (0x0000bfe5) c.j     pc - 8
core   0: 3 0x8000ee02 (0xbfe5)
core   0: 0x8000edfa (0x00001f17) auipc   t5, 0x1
core   0: 3 0x8000edfa (0x00001f17) x30 0x8000fdfa
core   0: 0x8000edfe (0x203f2323) sw      gp, 518(t5)
core   0: 3 0x8000edfe (0x203f2323) mem 0x80010000 0x00000001
core   0: 0x8000ee02 (0x0000bfe5) c.j     pc - 8
core   0: 3 0x8000ee02 (0xbfe5)
core   0: 0x8000edfa (0x00001f17) auipc   t5, 0x1
core   0: 3 0x8000edfa (0x00001f17) x30 0x8000fdfa
core   0: 0x8000edfe (0x203f2323) sw      gp, 518(t5)
core   0: 3 0x8000edfe (0x203f2323) mem 0x80010000 0x00000001
core   0: 0x8000ee02 (0x0000bfe5) c.j     pc - 8
core   0: 3 0x8000ee02 (0xbfe5)
core   0: 0x8000edfa (0x00001f17) auipc   t5, 0x1
core   0: 3 0x8000edfa (0x00001f17) x30 0x8000fdfa
core   0: 0x8000edfe (0x203f2323) sw      gp, 518(t5)
core   0: 3 0x8000edfe (0x203f2323) mem 0x80010000 0x00000001
core   0: 0x8000ee02 (0x0000bfe5) c.j     pc - 8
core   0: 3 0x8000ee02 (0xbfe5)
core   0: 0x8000edfa (0x00001f17) auipc   t5, 0x1
core   0: 3 0x8000edfa (0x00001f17) x30 0x8000fdfa
core   0: 0x8000edfe (0x203f2323) sw      gp, 518(t5)
core   0: 3 0x8000edfe (0x203f2323) mem 0x80010000 0x00000001
core   0: 0x8000ee02 (0x0000bfe5) c.j     pc - 8
core   0: 3 0x8000ee02 (0xbfe5)
core   0: 0x8000edfa (0x00001f17) auipc   t5, 0x1
core   0: 3 0x8000edfa (0x00001f17) x30 0x8000fdfa
core   0: 0x8000edfe (0x203f2323) sw      gp, 518(t5)
core   0: 3 0x8000edfe (0x203f2323) mem 0x80010000 0x00000001
core   0: 0x8000ee02 (0x0000bfe5) c.j     pc - 8
core   0: 3 0x8000ee02 (0xbfe5)
core   0: 0x8000edfa (0x00001f17) auipc   t5, 0x1
core   0: 3 0x8000edfa (0x00001f17) x30 0x8000fdfa
core   0: 0x8000edfe (0x203f2323) sw      gp, 518(t5)
core   0: 3 0x8000edfe (0x203f2323) mem 0x80010000 0x00000001
core   0: 0x8000ee02 (0x0000bfe5) c.j     pc - 8
core   0: 3 0x8000ee02 (0xbfe5)
core   0: 0x8000edfa (0x00001f17) auipc   t5, 0x1
core   0: 3 0x8000edfa (0x00001f17) x30 0x8000fdfa
core   0: 0x8000edfe (0x203f2323) sw      gp, 518(t5)
core   0: 3 0x8000edfe (0x203f2323) mem 0x80010000 0x00000001
core   0: 0x8000ee02 (0x0000bfe5) c.j     pc - 8
core   0: 3 0x8000ee02 (0xbfe5)
core   0: 0x8000edfa (0x00001f17) auipc   t5, 0x1
core   0: 3 0x8000edfa (0x00001f17) x30 0x8000fdfa
core   0: 0x8000edfe (0x203f2323) sw      gp, 518(t5)
core   0: 3 0x8000edfe (0x203f2323) mem 0x80010000 0x00000001
core   0: 0x8000ee02 (0x0000bfe5) c.j     pc - 8
core   0: 3 0x8000ee02 (0xbfe5)
core   0: 0x8000edfa (0x00001f17) auipc   t5, 0x1
core   0: 3 0x8000edfa (0x00001f17) x30 0x8000fdfa
core   0: 0x8000edfe (0x203f2323) sw      gp, 518(t5)
core   0: 3 0x8000edfe (0x203f2323) mem 0x80010000 0x00000001
core   0: 0x8000ee02 (0x0000bfe5) c.j     pc - 8
core   0: 3 0x8000ee02 (0xbfe5)
core   0: 0x8000edfa (0x00001f17) auipc   t5, 0x1
core   0: 3 0x8000edfa (0x00001f17) x30 0x8000fdfa
core   0: 0x8000edfe (0x203f2323) sw      gp, 518(t5)
core   0: 3 0x8000edfe (0x203f2323) mem 0x80010000 0x00000001
core   0: 0x8000ee02 (0x0000bfe5) c.j     pc - 8
core   0: 3 0x8000ee02 (0xbfe5)
core   0: 0x8000edfa (0x00001f17) auipc   t5, 0x1
core   0: 3 0x8000edfa (0x00001f17) x30 0x8000fdfa
core   0: 0x8000edfe (0x203f2323) sw      gp, 518(t5)
core   0: 3 0x8000edfe (0x203f2323) mem 0x80010000 0x00000001
core   0: 0x8000ee02 (0x0000bfe5) c.j     pc - 8
core   0: 3 0x8000ee02 (0xbfe5)
core   0: 0x8000edfa (0x00001f17) auipc   t5, 0x1
core   0: 3 0x8000edfa (0x00001f17) x30 0x8000fdfa
core   0: 0x8000edfe (0x203f2323) sw      gp, 518(t5)
core   0: 3 0x8000edfe (0x203f2323) mem 0x80010000 0x00000001
core   0: 0x8000ee02 (0x0000bfe5) c.j     pc - 8
core   0: 3 0x8000ee02 (0xbfe5)
core   0: 0x8000edfa (0x00001f17) auipc   t5, 0x1
core   0: 3 0x8000edfa (0x00001f17) x30 0x8000fdfa
core   0: 0x8000edfe (0x203f2323) sw      gp, 518(t5)
core   0: 3 0x8000edfe (0x203f2323) mem 0x80010000 0x00000001
core   0: 0x8000ee02 (0x0000bfe5) c.j     pc - 8
core   0: 3 0x8000ee02 (0xbfe5)
core   0: 0x8000edfa (0x00001f17) auipc   t5, 0x1
core   0: 3 0x8000edfa (0x00001f17) x30 0x8000fdfa
core   0: 0x8000edfe (0x203f2323) sw      gp, 518(t5)
core   0: 3 0x8000edfe (0x203f2323) mem 0x80010000 0x00000001
core   0: 0x8000ee02 (0x0000bfe5) c.j     pc - 8
core   0: 3 0x8000ee02 (0xbfe5)
core   0: 0x8000edfa (0x00001f17) auipc   t5, 0x1
core   0: 3 0x8000edfa (0x00001f17) x30 0x8000fdfa
core   0: 0x8000edfe (0x203f2323) sw      gp, 518(t5)
core   0: 3 0x8000edfe (0x203f2323) mem 0x80010000 0x00000001
core   0: 0x8000ee02 (0x0000bfe5) c.j     pc - 8
core   0: 3 0x8000ee02 (0xbfe5)
core   0: 0x8000edfa (0x00001f17) auipc   t5, 0x1
core   0: 3 0x8000edfa (0x00001f17) x30 0x8000fdfa
core   0: 0x8000edfe (0x203f2323) sw      gp, 518(t5)
core   0: 3 0x8000edfe (0x203f2323) mem 0x80010000 0x00000001
core   0: 0x8000ee02 (0x0000bfe5) c.j     pc - 8
core   0: 3 0x8000ee02 (0xbfe5)
core   0: 0x8000edfa (0x00001f17) auipc   t5, 0x1
core   0: 3 0x8000edfa (0x00001f17) x30 0x8000fdfa
core   0: 0x8000edfe (0x203f2323) sw      gp, 518(t5)
core   0: 3 0x8000edfe (0x203f2323) mem 0x80010000 0x00000001
core   0: 0x8000ee02 (0x0000bfe5) c.j     pc - 8
core   0: 3 0x8000ee02 (0xbfe5)
core   0: 0x8000edfa (0x00001f17) auipc   t5, 0x1
core   0: 3 0x8000edfa (0x00001f17) x30 0x8000fdfa
core   0: 0x8000edfe (0x203f2323) sw      gp, 518(t5)
core   0: 3 0x8000edfe (0x203f2323) mem 0x80010000 0x00000001
core   0: 0x8000ee02 (0x0000bfe5) c.j     pc - 8
core   0: 3 0x8000ee02 (0xbfe5)
core   0: 0x8000edfa (0x00001f17) auipc   t5, 0x1
core   0: 3 0x8000edfa (0x00001f17) x30 0x8000fdfa
core   0: 0x8000edfe (0x203f2323) sw      gp, 518(t5)
core   0: 3 0x8000edfe (0x203f2323) mem 0x80010000 0x00000001
core   0: 0x8000ee02 (0x0000bfe5) c.j     pc - 8
core   0: 3 0x8000ee02 (0xbfe5)
core   0: 0x8000edfa (0x00001f17) auipc   t5, 0x1
core   0: 3 0x8000edfa (0x00001f17) x30 0x8000fdfa
core   0: 0x8000edfe (0x203f2323) sw      gp, 518(t5)
core   0: 3 0x8000edfe (0x203f2323) mem 0x80010000 0x00000001
core   0: 0x8000ee02 (0x0000bfe5) c.j     pc - 8
core   0: 3 0x8000ee02 (0xbfe5)
core   0: 0x8000edfa (0x00001f17) auipc   t5, 0x1
core   0: 3 0x8000edfa (0x00001f17) x30 0x8000fdfa
core   0: 0x8000edfe (0x203f2323) sw      gp, 518(t5)
core   0: 3 0x8000edfe (0x203f2323) mem 0x80010000 0x00000001
core   0: 0x8000ee02 (0x0000bfe5) c.j     pc - 8
core   0: 3 0x8000ee02 (0xbfe5)
core   0: 0x8000edfa (0x00001f17) auipc   t5, 0x1
core   0: 3 0x8000edfa (0x00001f17) x30 0x8000fdfa
core   0: 0x8000edfe (0x203f2323) sw      gp, 518(t5)
core   0: 3 0x8000edfe (0x203f2323) mem 0x80010000 0x00000001
core   0: 0x8000ee02 (0x0000bfe5) c.j     pc - 8
core   0: 3 0x8000ee02 (0xbfe5)
core   0: 0x8000edfa (0x00001f17) auipc   t5, 0x1
core   0: 3 0x8000edfa (0x00001f17) x30 0x8000fdfa
core   0: 0x8000edfe (0x203f2323) sw      gp, 518(t5)
core   0: 3 0x8000edfe (0x203f2323) mem 0x80010000 0x00000001
core   0: 0x8000ee02 (0x0000bfe5) c.j     pc - 8
core   0: 3 0x8000ee02 (0xbfe5)
core   0: 0x8000edfa (0x00001f17) auipc   t5, 0x1
core   0: 3 0x8000edfa (0x00001f17) x30 0x8000fdfa
core   0: 0x8000edfe (0x203f2323) sw      gp, 518(t5)
core   0: 3 0x8000edfe (0x203f2323) mem 0x80010000 0x00000001
core   0: 0x8000ee02 (0x0000bfe5) c.j     pc - 8
core   0: 3 0x8000ee02 (0xbfe5)
core   0: 0x8000edfa (0x00001f17) auipc   t5, 0x1
core   0: 3 0x8000edfa (0x00001f17) x30 0x8000fdfa
core   0: 0x8000edfe (0x203f2323) sw      gp, 518(t5)
core   0: 3 0x8000edfe (0x203f2323) mem 0x80010000 0x00000001
core   0: 0x8000ee02 (0x0000bfe5) c.j     pc - 8
core   0: 3 0x8000ee02 (0xbfe5)
core   0: 0x8000edfa (0x00001f17) auipc   t5, 0x1
core   0: 3 0x8000edfa (0x00001f17) x30 0x8000fdfa
core   0: 0x8000edfe (0x203f2323) sw      gp, 518(t5)
core   0: 3 0x8000edfe (0x203f2323) mem 0x80010000 0x00000001
core   0: 0x8000ee02 (0x0000bfe5) c.j     pc - 8
core   0: 3 0x8000ee02 (0xbfe5)
core   0: 0x8000edfa (0x00001f17) auipc   t5, 0x1
core   0: 3 0x8000edfa (0x00001f17) x30 0x8000fdfa
core   0: 0x8000edfe (0x203f2323) sw      gp, 518(t5)
core   0: 3 0x8000edfe (0x203f2323) mem 0x80010000 0x00000001
core   0: 0x8000ee02 (0x0000bfe5) c.j     pc - 8
core   0: 3 0x8000ee02 (0xbfe5)
core   0: 0x8000edfa (0x00001f17) auipc   t5, 0x1
core   0: 3 0x8000edfa (0x00001f17) x30 0x8000fdfa
core   0: 0x8000edfe (0x203f2323) sw      gp, 518(t5)
core   0: 3 0x8000edfe (0x203f2323) mem 0x80010000 0x00000001
core   0: 0x8000ee02 (0x0000bfe5) c.j     pc - 8
core   0: 3 0x8000ee02 (0xbfe5)
core   0: 0x8000edfa (0x00001f17) auipc   t5, 0x1
core   0: 3 0x8000edfa (0x00001f17) x30 0x8000fdfa
core   0: 0x8000edfe (0x203f2323) sw      gp, 518(t5)
core   0: 3 0x8000edfe (0x203f2323) mem 0x80010000 0x00000001
core   0: 0x8000ee02 (0x0000bfe5) c.j     pc - 8
core   0: 3 0x8000ee02 (0xbfe5)
core   0: 0x8000edfa (0x00001f17) auipc   t5, 0x1
core   0: 3 0x8000edfa (0x00001f17) x30 0x8000fdfa
core   0: 0x8000edfe (0x203f2323) sw      gp, 518(t5)
core   0: 3 0x8000edfe (0x203f2323) mem 0x80010000 0x00000001
core   0: 0x8000ee02 (0x0000bfe5) c.j     pc - 8
core   0: 3 0x8000ee02 (0xbfe5)
core   0: 0x8000edfa (0x00001f17) auipc   t5, 0x1
core   0: 3 0x8000edfa (0x00001f17) x30 0x8000fdfa
core   0: 0x8000edfe (0x203f2323) sw      gp, 518(t5)
core   0: 3 0x8000edfe (0x203f2323) mem 0x80010000 0x00000001
core   0: 0x8000ee02 (0x0000bfe5) c.j     pc - 8
core   0: 3 0x8000ee02 (0xbfe5)
core   0: 0x8000edfa (0x00001f17) auipc   t5, 0x1
core   0: 3 0x8000edfa (0x00001f17) x30 0x8000fdfa
core   0: 0x8000edfe (0x203f2323) sw      gp, 518(t5)
core   0: 3 0x8000edfe (0x203f2323) mem 0x80010000 0x00000001
core   0: 0x8000ee02 (0x0000bfe5) c.j     pc - 8
core   0: 3 0x8000ee02 (0xbfe5)
core   0: 0x8000edfa (0x00001f17) auipc   t5, 0x1
core   0: 3 0x8000edfa (0x00001f17) x30 0x8000fdfa
core   0: 0x8000edfe (0x203f2323) sw      gp, 518(t5)
core   0: 3 0x8000edfe (0x203f2323) mem 0x80010000 0x00000001
core   0: 0x8000ee02 (0x0000bfe5) c.j     pc - 8
core   0: 3 0x8000ee02 (0xbfe5)
core   0: 0x8000edfa (0x00001f17) auipc   t5, 0x1
core   0: 3 0x8000edfa (0x00001f17) x30 0x8000fdfa
core   0: 0x8000edfe (0x203f2323) sw      gp, 518(t5)
core   0: 3 0x8000edfe (0x203f2323) mem 0x80010000 0x00000001
core   0: 0x8000ee02 (0x0000bfe5) c.j     pc - 8
core   0: 3 0x8000ee02 (0xbfe5)
core   0: 0x8000edfa (0x00001f17) auipc   t5, 0x1
core   0: 3 0x8000edfa (0x00001f17) x30 0x8000fdfa
core   0: 0x8000edfe (0x203f2323) sw      gp, 518(t5)
core   0: 3 0x8000edfe (0x203f2323) mem 0x80010000 0x00000001
core   0: 0x8000ee02 (0x0000bfe5) c.j     pc - 8
core   0: 3 0x8000ee02 (0xbfe5)
core   0: 0x8000edfa (0x00001f17) auipc   t5, 0x1
core   0: 3 0x8000edfa (0x00001f17) x30 0x8000fdfa
core   0: 0x8000edfe (0x203f2323) sw      gp, 518(t5)
core   0: 3 0x8000edfe (0x203f2323) mem 0x80010000 0x00000001
core   0: 0x8000ee02 (0x0000bfe5) c.j     pc - 8
core   0: 3 0x8000ee02 (0xbfe5)
core   0: 0x8000edfa (0x00001f17) auipc   t5, 0x1
core   0: 3 0x8000edfa (0x00001f17) x30 0x8000fdfa
core   0: 0x8000edfe (0x203f2323) sw      gp, 518(t5)
core   0: 3 0x8000edfe (0x203f2323) mem 0x80010000 0x00000001
core   0: 0x8000ee02 (0x0000bfe5) c.j     pc - 8
core   0: 3 0x8000ee02 (0xbfe5)
core   0: 0x8000edfa (0x00001f17) auipc   t5, 0x1
core   0: 3 0x8000edfa (0x00001f17) x30 0x8000fdfa
core   0: 0x8000edfe (0x203f2323) sw      gp, 518(t5)
core   0: 3 0x8000edfe (0x203f2323) mem 0x80010000 0x00000001
core   0: 0x8000ee02 (0x0000bfe5) c.j     pc - 8
core   0: 3 0x8000ee02 (0xbfe5)
core   0: 0x8000edfa (0x00001f17) auipc   t5, 0x1
core   0: 3 0x8000edfa (0x00001f17) x30 0x8000fdfa
core   0: 0x8000edfe (0x203f2323) sw      gp, 518(t5)
core   0: 3 0x8000edfe (0x203f2323) mem 0x80010000 0x00000001
core   0: 0x8000ee02 (0x0000bfe5) c.j     pc - 8
core   0: 3 0x8000ee02 (0xbfe5)
core   0: 0x8000edfa (0x00001f17) auipc   t5, 0x1
core   0: 3 0x8000edfa (0x00001f17) x30 0x8000fdfa
core   0: 0x8000edfe (0x203f2323) sw      gp, 518(t5)
core   0: 3 0x8000edfe (0x203f2323) mem 0x80010000 0x00000001
core   0: 0x8000ee02 (0x0000bfe5) c.j     pc - 8
core   0: 3 0x8000ee02 (0xbfe5)
core   0: 0x8000edfa (0x00001f17) auipc   t5, 0x1
core   0: 3 0x8000edfa (0x00001f17) x30 0x8000fdfa
core   0: 0x8000edfe (0x203f2323) sw      gp, 518(t5)
core   0: 3 0x8000edfe (0x203f2323) mem 0x80010000 0x00000001
core   0: 0x8000ee02 (0x0000bfe5) c.j     pc - 8
core   0: 3 0x8000ee02 (0xbfe5)
core   0: 0x8000edfa (0x00001f17) auipc   t5, 0x1
core   0: 3 0x8000edfa (0x00001f17) x30 0x8000fdfa
core   0: 0x8000edfe (0x203f2323) sw      gp, 518(t5)
core   0: 3 0x8000edfe (0x203f2323) mem 0x80010000 0x00000001
core   0: 0x8000ee02 (0x0000bfe5) c.j     pc - 8
core   0: 3 0x8000ee02 (0xbfe5)
core   0: 0x8000edfa (0x00001f17) auipc   t5, 0x1
core   0: 3 0x8000edfa (0x00001f17) x30 0x8000fdfa
core   0: 0x8000edfe (0x203f2323) sw      gp, 518(t5)
core   0: 3 0x8000edfe (0x203f2323) mem 0x80010000 0x00000001
core   0: 0x8000ee02 (0x0000bfe5) c.j     pc - 8
core   0: 3 0x8000ee02 (0xbfe5)
core   0: 0x8000edfa (0x00001f17) auipc   t5, 0x1
core   0: 3 0x8000edfa (0x00001f17) x30 0x8000fdfa
core   0: 0x8000edfe (0x203f2323) sw      gp, 518(t5)
core   0: 3 0x8000edfe (0x203f2323) mem 0x80010000 0x00000001
core   0: 0x8000ee02 (0x0000bfe5) c.j     pc - 8
core   0: 3 0x8000ee02 (0xbfe5)
core   0: 0x8000edfa (0x00001f17) auipc   t5, 0x1
core   0: 3 0x8000edfa (0x00001f17) x30 0x8000fdfa
core   0: 0x8000edfe (0x203f2323) sw      gp, 518(t5)
core   0: 3 0x8000edfe (0x203f2323) mem 0x80010000 0x00000001
core   0: 0x8000ee02 (0x0000bfe5) c.j     pc - 8
core   0: 3 0x8000ee02 (0xbfe5)
core   0: 0x8000edfa (0x00001f17) auipc   t5, 0x1
core   0: 3 0x8000edfa (0x00001f17) x30 0x8000fdfa
core   0: 0x8000edfe (0x203f2323) sw      gp, 518(t5)
core   0: 3 0x8000edfe (0x203f2323) mem 0x80010000 0x00000001
core   0: 0x8000ee02 (0x0000bfe5) c.j     pc - 8
core   0: 3 0x8000ee02 (0xbfe5)
core   0: 0x8000edfa (0x00001f17) auipc   t5, 0x1
core   0: 3 0x8000edfa (0x00001f17) x30 0x8000fdfa
core   0: 0x8000edfe (0x203f2323) sw      gp, 518(t5)
core   0: 3 0x8000edfe (0x203f2323) mem 0x80010000 0x00000001
core   0: 0x8000ee02 (0x0000bfe5) c.j     pc - 8
core   0: 3 0x8000ee02 (0xbfe5)
core   0: 0x8000edfa (0x00001f17) auipc   t5, 0x1
core   0: 3 0x8000edfa (0x00001f17) x30 0x8000fdfa
core   0: 0x8000edfe (0x203f2323) sw      gp, 518(t5)
core   0: 3 0x8000edfe (0x203f2323) mem 0x80010000 0x00000001
core   0: 0x8000ee02 (0x0000bfe5) c.j     pc - 8
core   0: 3 0x8000ee02 (0xbfe5)
core   0: 0x8000edfa (0x00001f17) auipc   t5, 0x1
core   0: 3 0x8000edfa (0x00001f17) x30 0x8000fdfa
core   0: 0x8000edfe (0x203f2323) sw      gp, 518(t5)
core   0: 3 0x8000edfe (0x203f2323) mem 0x80010000 0x00000001
core   0: 0x8000ee02 (0x0000bfe5) c.j     pc - 8
core   0: 3 0x8000ee02 (0xbfe5)
core   0: 0x8000edfa (0x00001f17) auipc   t5, 0x1
core   0: 3 0x8000edfa (0x00001f17) x30 0x8000fdfa
core   0: 0x8000edfe (0x203f2323) sw      gp, 518(t5)
core   0: 3 0x8000edfe (0x203f2323) mem 0x80010000 0x00000001
core   0: 0x8000ee02 (0x0000bfe5) c.j     pc - 8
core   0: 3 0x8000ee02 (0xbfe5)
core   0: 0x8000edfa (0x00001f17) auipc   t5, 0x1
core   0: 3 0x8000edfa (0x00001f17) x30 0x8000fdfa
core   0: 0x8000edfe (0x203f2323) sw      gp, 518(t5)
core   0: 3 0x8000edfe (0x203f2323) mem 0x80010000 0x00000001
core   0: 0x8000ee02 (0x0000bfe5) c.j     pc - 8
core   0: 3 0x8000ee02 (0xbfe5)
core   0: 0x8000edfa (0x00001f17) auipc   t5, 0x1
core   0: 3 0x8000edfa (0x00001f17) x30 0x8000fdfa
core   0: 0x8000edfe (0x203f2323) sw      gp, 518(t5)
core   0: 3 0x8000edfe (0x203f2323) mem 0x80010000 0x00000001
core   0: 0x8000ee02 (0x0000bfe5) c.j     pc - 8
core   0: 3 0x8000ee02 (0xbfe5)
core   0: 0x8000edfa (0x00001f17) auipc   t5, 0x1
core   0: 3 0x8000edfa (0x00001f17) x30 0x8000fdfa
core   0: 0x8000edfe (0x203f2323) sw      gp, 518(t5)
core   0: 3 0x8000edfe (0x203f2323) mem 0x80010000 0x00000001
core   0: 0x8000ee02 (0x0000bfe5) c.j     pc - 8
core   0: 3 0x8000ee02 (0xbfe5)
core   0: 0x8000edfa (0x00001f17) auipc   t5, 0x1
core   0: 3 0x8000edfa (0x00001f17) x30 0x8000fdfa
core   0: 0x8000edfe (0x203f2323) sw      gp, 518(t5)
core   0: 3 0x8000edfe (0x203f2323) mem 0x80010000 0x00000001
core   0: 0x8000ee02 (0x0000bfe5) c.j     pc - 8
core   0: 3 0x8000ee02 (0xbfe5)
core   0: 0x8000edfa (0x00001f17) auipc   t5, 0x1
core   0: 3 0x8000edfa (0x00001f17) x30 0x8000fdfa
core   0: 0x8000edfe (0x203f2323) sw      gp, 518(t5)
core   0: 3 0x8000edfe (0x203f2323) mem 0x80010000 0x00000001
core   0: 0x8000ee02 (0x0000bfe5) c.j     pc - 8
core   0: 3 0x8000ee02 (0xbfe5)
core   0: 0x8000edfa (0x00001f17) auipc   t5, 0x1
core   0: 3 0x8000edfa (0x00001f17) x30 0x8000fdfa
core   0: 0x8000edfe (0x203f2323) sw      gp, 518(t5)
core   0: 3 0x8000edfe (0x203f2323) mem 0x80010000 0x00000001
core   0: 0x8000ee02 (0x0000bfe5) c.j     pc - 8
core   0: 3 0x8000ee02 (0xbfe5)
core   0: 0x8000edfa (0x00001f17) auipc   t5, 0x1
core   0: 3 0x8000edfa (0x00001f17) x30 0x8000fdfa
core   0: 0x8000edfe (0x203f2323) sw      gp, 518(t5)
core   0: 3 0x8000edfe (0x203f2323) mem 0x80010000 0x00000001
core   0: 0x8000ee02 (0x0000bfe5) c.j     pc - 8
core   0: 3 0x8000ee02 (0xbfe5)
core   0: 0x8000edfa (0x00001f17) auipc   t5, 0x1
core   0: 3 0x8000edfa (0x00001f17) x30 0x8000fdfa
core   0: 0x8000edfe (0x203f2323) sw      gp, 518(t5)
core   0: 3 0x8000edfe (0x203f2323) mem 0x80010000 0x00000001
core   0: 0x8000ee02 (0x0000bfe5) c.j     pc - 8
core   0: 3 0x8000ee02 (0xbfe5)
core   0: 0x8000edfa (0x00001f17) auipc   t5, 0x1
core   0: 3 0x8000edfa (0x00001f17) x30 0x8000fdfa
core   0: 0x8000edfe (0x203f2323) sw      gp, 518(t5)
core   0: 3 0x8000edfe (0x203f2323) mem 0x80010000 0x00000001
core   0: 0x8000ee02 (0x0000bfe5) c.j     pc - 8
core   0: 3 0x8000ee02 (0xbfe5)
core   0: 0x8000edfa (0x00001f17) auipc   t5, 0x1
core   0: 3 0x8000edfa (0x00001f17) x30 0x8000fdfa
core   0: 0x8000edfe (0x203f2323) sw      gp, 518(t5)
core   0: 3 0x8000edfe (0x203f2323) mem 0x80010000 0x00000001
core   0: 0x8000ee02 (0x0000bfe5) c.j     pc - 8
core   0: 3 0x8000ee02 (0xbfe5)
core   0: 0x8000edfa (0x00001f17) auipc   t5, 0x1
core   0: 3 0x8000edfa (0x00001f17) x30 0x8000fdfa
core   0: 0x8000edfe (0x203f2323) sw      gp, 518(t5)
core   0: 3 0x8000edfe (0x203f2323) mem 0x80010000 0x00000001
core   0: 0x8000ee02 (0x0000bfe5) c.j     pc - 8
core   0: 3 0x8000ee02 (0xbfe5)
core   0: 0x8000edfa (0x00001f17) auipc   t5, 0x1
core   0: 3 0x8000edfa (0x00001f17) x30 0x8000fdfa
core   0: 0x8000edfe (0x203f2323) sw      gp, 518(t5)
core   0: 3 0x8000edfe (0x203f2323) mem 0x80010000 0x00000001
core   0: 0x8000ee02 (0x0000bfe5) c.j     pc - 8
core   0: 3 0x8000ee02 (0xbfe5)
core   0: 0x8000edfa (0x00001f17) auipc   t5, 0x1
core   0: 3 0x8000edfa (0x00001f17) x30 0x8000fdfa
core   0: 0x8000edfe (0x203f2323) sw      gp, 518(t5)
core   0: 3 0x8000edfe (0x203f2323) mem 0x80010000 0x00000001
core   0: 0x8000ee02 (0x0000bfe5) c.j     pc - 8
core   0: 3 0x8000ee02 (0xbfe5)
core   0: 0x8000edfa (0x00001f17) auipc   t5, 0x1
core   0: 3 0x8000edfa (0x00001f17) x30 0x8000fdfa
core   0: 0x8000edfe (0x203f2323) sw      gp, 518(t5)
core   0: 3 0x8000edfe (0x203f2323) mem 0x80010000 0x00000001
core   0: 0x8000ee02 (0x0000bfe5) c.j     pc - 8
core   0: 3 0x8000ee02 (0xbfe5)
core   0: 0x8000edfa (0x00001f17) auipc   t5, 0x1
core   0: 3 0x8000edfa (0x00001f17) x30 0x8000fdfa
core   0: 0x8000edfe (0x203f2323) sw      gp, 518(t5)
core   0: 3 0x8000edfe (0x203f2323) mem 0x80010000 0x00000001
core   0: 0x8000ee02 (0x0000bfe5) c.j     pc - 8
core   0: 3 0x8000ee02 (0xbfe5)
core   0: 0x8000edfa (0x00001f17) auipc   t5, 0x1
core   0: 3 0x8000edfa (0x00001f17) x30 0x8000fdfa
core   0: 0x8000edfe (0x203f2323) sw      gp, 518(t5)
core   0: 3 0x8000edfe (0x203f2323) mem 0x80010000 0x00000001
core   0: 0x8000ee02 (0x0000bfe5) c.j     pc - 8
core   0: 3 0x8000ee02 (0xbfe5)
core   0: 0x8000edfa (0x00001f17) auipc   t5, 0x1
core   0: 3 0x8000edfa (0x00001f17) x30 0x8000fdfa
core   0: 0x8000edfe (0x203f2323) sw      gp, 518(t5)
core   0: 3 0x8000edfe (0x203f2323) mem 0x80010000 0x00000001
core   0: 0x8000ee02 (0x0000bfe5) c.j     pc - 8
core   0: 3 0x8000ee02 (0xbfe5)
core   0: 0x8000edfa (0x00001f17) auipc   t5, 0x1
core   0: 3 0x8000edfa (0x00001f17) x30 0x8000fdfa
core   0: 0x8000edfe (0x203f2323) sw      gp, 518(t5)
core   0: 3 0x8000edfe (0x203f2323) mem 0x80010000 0x00000001
core   0: 0x8000ee02 (0x0000bfe5) c.j     pc - 8
core   0: 3 0x8000ee02 (0xbfe5)
core   0: 0x8000edfa (0x00001f17) auipc   t5, 0x1
core   0: 3 0x8000edfa (0x00001f17) x30 0x8000fdfa
core   0: 0x8000edfe (0x203f2323) sw      gp, 518(t5)
core   0: 3 0x8000edfe (0x203f2323) mem 0x80010000 0x00000001
core   0: 0x8000ee02 (0x0000bfe5) c.j     pc - 8
core   0: 3 0x8000ee02 (0xbfe5)
core   0: 0x8000edfa (0x00001f17) auipc   t5, 0x1
core   0: 3 0x8000edfa (0x00001f17) x30 0x8000fdfa
core   0: 0x8000edfe (0x203f2323) sw      gp, 518(t5)
core   0: 3 0x8000edfe (0x203f2323) mem 0x80010000 0x00000001
core   0: 0x8000ee02 (0x0000bfe5) c.j     pc - 8
core   0: 3 0x8000ee02 (0xbfe5)
core   0: 0x8000edfa (0x00001f17) auipc   t5, 0x1
core   0: 3 0x8000edfa (0x00001f17) x30 0x8000fdfa
core   0: 0x8000edfe (0x203f2323) sw      gp, 518(t5)
core   0: 3 0x8000edfe (0x203f2323) mem 0x80010000 0x00000001
core   0: 0x8000ee02 (0x0000bfe5) c.j     pc - 8
core   0: 3 0x8000ee02 (0xbfe5)
core   0: 0x8000edfa (0x00001f17) auipc   t5, 0x1
core   0: 3 0x8000edfa (0x00001f17) x30 0x8000fdfa
core   0: 0x8000edfe (0x203f2323) sw      gp, 518(t5)
core   0: 3 0x8000edfe (0x203f2323) mem 0x80010000 0x00000001
core   0: 0x8000ee02 (0x0000bfe5) c.j     pc - 8
core   0: 3 0x8000ee02 (0xbfe5)
core   0: 0x8000edfa (0x00001f17) auipc   t5, 0x1
core   0: 3 0x8000edfa (0x00001f17) x30 0x8000fdfa
core   0: 0x8000edfe (0x203f2323) sw      gp, 518(t5)
core   0: 3 0x8000edfe (0x203f2323) mem 0x80010000 0x00000001
core   0: 0x8000ee02 (0x0000bfe5) c.j     pc - 8
core   0: 3 0x8000ee02 (0xbfe5)
core   0: 0x8000edfa (0x00001f17) auipc   t5, 0x1
core   0: 3 0x8000edfa (0x00001f17) x30 0x8000fdfa
core   0: 0x8000edfe (0x203f2323) sw      gp, 518(t5)
core   0: 3 0x8000edfe (0x203f2323) mem 0x80010000 0x00000001
core   0: 0x8000ee02 (0x0000bfe5) c.j     pc - 8
core   0: 3 0x8000ee02 (0xbfe5)
core   0: 0x8000edfa (0x00001f17) auipc   t5, 0x1
core   0: 3 0x8000edfa (0x00001f17) x30 0x8000fdfa
core   0: 0x8000edfe (0x203f2323) sw      gp, 518(t5)
core   0: 3 0x8000edfe (0x203f2323) mem 0x80010000 0x00000001
core   0: 0x8000ee02 (0x0000bfe5) c.j     pc - 8
core   0: 3 0x8000ee02 (0xbfe5)
core   0: 0x8000edfa (0x00001f17) auipc   t5, 0x1
core   0: 3 0x8000edfa (0x00001f17) x30 0x8000fdfa
core   0: 0x8000edfe (0x203f2323) sw      gp, 518(t5)
core   0: 3 0x8000edfe (0x203f2323) mem 0x80010000 0x00000001
core   0: 0x8000ee02 (0x0000bfe5) c.j     pc - 8
core   0: 3 0x8000ee02 (0xbfe5)
core   0: 0x8000edfa (0x00001f17) auipc   t5, 0x1
core   0: 3 0x8000edfa (0x00001f17) x30 0x8000fdfa
core   0: 0x8000edfe (0x203f2323) sw      gp, 518(t5)
core   0: 3 0x8000edfe (0x203f2323) mem 0x80010000 0x00000001
core   0: 0x8000ee02 (0x0000bfe5) c.j     pc - 8
core   0: 3 0x8000ee02 (0xbfe5)
core   0: 0x8000edfa (0x00001f17) auipc   t5, 0x1
core   0: 3 0x8000edfa (0x00001f17) x30 0x8000fdfa
core   0: 0x8000edfe (0x203f2323) sw      gp, 518(t5)
core   0: 3 0x8000edfe (0x203f2323) mem 0x80010000 0x00000001
core   0: 0x8000ee02 (0x0000bfe5) c.j     pc - 8
core   0: 3 0x8000ee02 (0xbfe5)
core   0: 0x8000edfa (0x00001f17) auipc   t5, 0x1
core   0: 3 0x8000edfa (0x00001f17) x30 0x8000fdfa
core   0: 0x8000edfe (0x203f2323) sw      gp, 518(t5)
core   0: 3 0x8000edfe (0x203f2323) mem 0x80010000 0x00000001
core   0: 0x8000ee02 (0x0000bfe5) c.j     pc - 8
core   0: 3 0x8000ee02 (0xbfe5)
core   0: 0x8000edfa (0x00001f17) auipc   t5, 0x1
core   0: 3 0x8000edfa (0x00001f17) x30 0x8000fdfa
core   0: 0x8000edfe (0x203f2323) sw      gp, 518(t5)
core   0: 3 0x8000edfe (0x203f2323) mem 0x80010000 0x00000001
core   0: 0x8000ee02 (0x0000bfe5) c.j     pc - 8
core   0: 3 0x8000ee02 (0xbfe5)
core   0: 0x8000edfa (0x00001f17) auipc   t5, 0x1
core   0: 3 0x8000edfa (0x00001f17) x30 0x8000fdfa
core   0: 0x8000edfe (0x203f2323) sw      gp, 518(t5)
core   0: 3 0x8000edfe (0x203f2323) mem 0x80010000 0x00000001
core   0: 0x8000ee02 (0x0000bfe5) c.j     pc - 8
core   0: 3 0x8000ee02 (0xbfe5)
core   0: 0x8000edfa (0x00001f17) auipc   t5, 0x1
core   0: 3 0x8000edfa (0x00001f17) x30 0x8000fdfa
core   0: 0x8000edfe (0x203f2323) sw      gp, 518(t5)
core   0: 3 0x8000edfe (0x203f2323) mem 0x80010000 0x00000001
core   0: 0x8000ee02 (0x0000bfe5) c.j     pc - 8
core   0: 3 0x8000ee02 (0xbfe5)
core   0: 0x8000edfa (0x00001f17) auipc   t5, 0x1
core   0: 3 0x8000edfa (0x00001f17) x30 0x8000fdfa
core   0: 0x8000edfe (0x203f2323) sw      gp, 518(t5)
core   0: 3 0x8000edfe (0x203f2323) mem 0x80010000 0x00000001
core   0: 0x8000ee02 (0x0000bfe5) c.j     pc - 8
core   0: 3 0x8000ee02 (0xbfe5)
core   0: 0x8000edfa (0x00001f17) auipc   t5, 0x1
core   0: 3 0x8000edfa (0x00001f17) x30 0x8000fdfa
core   0: 0x8000edfe (0x203f2323) sw      gp, 518(t5)
core   0: 3 0x8000edfe (0x203f2323) mem 0x80010000 0x00000001
core   0: 0x8000ee02 (0x0000bfe5) c.j     pc - 8
core   0: 3 0x8000ee02 (0xbfe5)
core   0: 0x8000edfa (0x00001f17) auipc   t5, 0x1
core   0: 3 0x8000edfa (0x00001f17) x30 0x8000fdfa
core   0: 0x8000edfe (0x203f2323) sw      gp, 518(t5)
core   0: 3 0x8000edfe (0x203f2323) mem 0x80010000 0x00000001
core   0: 0x8000ee02 (0x0000bfe5) c.j     pc - 8
core   0: 3 0x8000ee02 (0xbfe5)
core   0: 0x8000edfa (0x00001f17) auipc   t5, 0x1
core   0: 3 0x8000edfa (0x00001f17) x30 0x8000fdfa
core   0: 0x8000edfe (0x203f2323) sw      gp, 518(t5)
core   0: 3 0x8000edfe (0x203f2323) mem 0x80010000 0x00000001
core   0: 0x8000ee02 (0x0000bfe5) c.j     pc - 8
core   0: 3 0x8000ee02 (0xbfe5)
core   0: 0x8000edfa (0x00001f17) auipc   t5, 0x1
core   0: 3 0x8000edfa (0x00001f17) x30 0x8000fdfa
core   0: 0x8000edfe (0x203f2323) sw      gp, 518(t5)
core   0: 3 0x8000edfe (0x203f2323) mem 0x80010000 0x00000001
core   0: 0x8000ee02 (0x0000bfe5) c.j     pc - 8
core   0: 3 0x8000ee02 (0xbfe5)
core   0: 0x8000edfa (0x00001f17) auipc   t5, 0x1
core   0: 3 0x8000edfa (0x00001f17) x30 0x8000fdfa
core   0: 0x8000edfe (0x203f2323) sw      gp, 518(t5)
core   0: 3 0x8000edfe (0x203f2323) mem 0x80010000 0x00000001
core   0: 0x8000ee02 (0x0000bfe5) c.j     pc - 8
core   0: 3 0x8000ee02 (0xbfe5)
core   0: 0x8000edfa (0x00001f17) auipc   t5, 0x1
core   0: 3 0x8000edfa (0x00001f17) x30 0x8000fdfa
core   0: 0x8000edfe (0x203f2323) sw      gp, 518(t5)
core   0: 3 0x8000edfe (0x203f2323) mem 0x80010000 0x00000001
core   0: 0x8000ee02 (0x0000bfe5) c.j     pc - 8
core   0: 3 0x8000ee02 (0xbfe5)
core   0: 0x8000edfa (0x00001f17) auipc   t5, 0x1
core   0: 3 0x8000edfa (0x00001f17) x30 0x8000fdfa
core   0: 0x8000edfe (0x203f2323) sw      gp, 518(t5)
core   0: 3 0x8000edfe (0x203f2323) mem 0x80010000 0x00000001
core   0: 0x8000ee02 (0x0000bfe5) c.j     pc - 8
core   0: 3 0x8000ee02 (0xbfe5)
core   0: 0x8000edfa (0x00001f17) auipc   t5, 0x1
core   0: 3 0x8000edfa (0x00001f17) x30 0x8000fdfa
core   0: 0x8000edfe (0x203f2323) sw      gp, 518(t5)
core   0: 3 0x8000edfe (0x203f2323) mem 0x80010000 0x00000001
core   0: 0x8000ee02 (0x0000bfe5) c.j     pc - 8
core   0: 3 0x8000ee02 (0xbfe5)
core   0: 0x8000edfa (0x00001f17) auipc   t5, 0x1
core   0: 3 0x8000edfa (0x00001f17) x30 0x8000fdfa
core   0: 0x8000edfe (0x203f2323) sw      gp, 518(t5)
core   0: 3 0x8000edfe (0x203f2323) mem 0x80010000 0x00000001
core   0: 0x8000ee02 (0x0000bfe5) c.j     pc - 8
core   0: 3 0x8000ee02 (0xbfe5)
core   0: 0x8000edfa (0x00001f17) auipc   t5, 0x1
core   0: 3 0x8000edfa (0x00001f17) x30 0x8000fdfa
core   0: 0x8000edfe (0x203f2323) sw      gp, 518(t5)
core   0: 3 0x8000edfe (0x203f2323) mem 0x80010000 0x00000001
core   0: 0x8000ee02 (0x0000bfe5) c.j     pc - 8
core   0: 3 0x8000ee02 (0xbfe5)
core   0: 0x8000edfa (0x00001f17) auipc   t5, 0x1
core   0: 3 0x8000edfa (0x00001f17) x30 0x8000fdfa
core   0: 0x8000edfe (0x203f2323) sw      gp, 518(t5)
core   0: 3 0x8000edfe (0x203f2323) mem 0x80010000 0x00000001
core   0: 0x8000ee02 (0x0000bfe5) c.j     pc - 8
core   0: 3 0x8000ee02 (0xbfe5)
core   0: 0x8000edfa (0x00001f17) auipc   t5, 0x1
core   0: 3 0x8000edfa (0x00001f17) x30 0x8000fdfa
core   0: 0x8000edfe (0x203f2323) sw      gp, 518(t5)
core   0: 3 0x8000edfe (0x203f2323) mem 0x80010000 0x00000001
core   0: 0x8000ee02 (0x0000bfe5) c.j     pc - 8
core   0: 3 0x8000ee02 (0xbfe5)
core   0: 0x8000edfa (0x00001f17) auipc   t5, 0x1
core   0: 3 0x8000edfa (0x00001f17) x30 0x8000fdfa
core   0: 0x8000edfe (0x203f2323) sw      gp, 518(t5)
core   0: 3 0x8000edfe (0x203f2323) mem 0x80010000 0x00000001
core   0: 0x8000ee02 (0x0000bfe5) c.j     pc - 8
core   0: 3 0x8000ee02 (0xbfe5)
core   0: 0x8000edfa (0x00001f17) auipc   t5, 0x1
core   0: 3 0x8000edfa (0x00001f17) x30 0x8000fdfa
core   0: 0x8000edfe (0x203f2323) sw      gp, 518(t5)
core   0: 3 0x8000edfe (0x203f2323) mem 0x80010000 0x00000001
core   0: 0x8000ee02 (0x0000bfe5) c.j     pc - 8
core   0: 3 0x8000ee02 (0xbfe5)
core   0: 0x8000edfa (0x00001f17) auipc   t5, 0x1
core   0: 3 0x8000edfa (0x00001f17) x30 0x8000fdfa
core   0: 0x8000edfe (0x203f2323) sw      gp, 518(t5)
core   0: 3 0x8000edfe (0x203f2323) mem 0x80010000 0x00000001
core   0: 0x8000ee02 (0x0000bfe5) c.j     pc - 8
core   0: 3 0x8000ee02 (0xbfe5)
core   0: 0x8000edfa (0x00001f17) auipc   t5, 0x1
core   0: 3 0x8000edfa (0x00001f17) x30 0x8000fdfa
core   0: 0x8000edfe (0x203f2323) sw      gp, 518(t5)
core   0: 3 0x8000edfe (0x203f2323) mem 0x80010000 0x00000001
core   0: 0x8000ee02 (0x0000bfe5) c.j     pc - 8
core   0: 3 0x8000ee02 (0xbfe5)
core   0: 0x8000edfa (0x00001f17) auipc   t5, 0x1
core   0: 3 0x8000edfa (0x00001f17) x30 0x8000fdfa
core   0: 0x8000edfe (0x203f2323) sw      gp, 518(t5)
core   0: 3 0x8000edfe (0x203f2323) mem 0x80010000 0x00000001
core   0: 0x8000ee02 (0x0000bfe5) c.j     pc - 8
core   0: 3 0x8000ee02 (0xbfe5)
core   0: 0x8000edfa (0x00001f17) auipc   t5, 0x1
core   0: 3 0x8000edfa (0x00001f17) x30 0x8000fdfa
core   0: 0x8000edfe (0x203f2323) sw      gp, 518(t5)
core   0: 3 0x8000edfe (0x203f2323) mem 0x80010000 0x00000001
core   0: 0x8000ee02 (0x0000bfe5) c.j     pc - 8
core   0: 3 0x8000ee02 (0xbfe5)
core   0: 0x8000edfa (0x00001f17) auipc   t5, 0x1
core   0: 3 0x8000edfa (0x00001f17) x30 0x8000fdfa
core   0: 0x8000edfe (0x203f2323) sw      gp, 518(t5)
core   0: 3 0x8000edfe (0x203f2323) mem 0x80010000 0x00000001
core   0: 0x8000ee02 (0x0000bfe5) c.j     pc - 8
core   0: 3 0x8000ee02 (0xbfe5)
core   0: 0x8000edfa (0x00001f17) auipc   t5, 0x1
core   0: 3 0x8000edfa (0x00001f17) x30 0x8000fdfa
core   0: 0x8000edfe (0x203f2323) sw      gp, 518(t5)
core   0: 3 0x8000edfe (0x203f2323) mem 0x80010000 0x00000001
core   0: 0x8000ee02 (0x0000bfe5) c.j     pc - 8
core   0: 3 0x8000ee02 (0xbfe5)
core   0: 0x8000edfa (0x00001f17) auipc   t5, 0x1
core   0: 3 0x8000edfa (0x00001f17) x30 0x8000fdfa
core   0: 0x8000edfe (0x203f2323) sw      gp, 518(t5)
core   0: 3 0x8000edfe (0x203f2323) mem 0x80010000 0x00000001
core   0: 0x8000ee02 (0x0000bfe5) c.j     pc - 8
core   0: 3 0x8000ee02 (0xbfe5)
core   0: 0x8000edfa (0x00001f17) auipc   t5, 0x1
core   0: 3 0x8000edfa (0x00001f17) x30 0x8000fdfa
core   0: 0x8000edfe (0x203f2323) sw      gp, 518(t5)
core   0: 3 0x8000edfe (0x203f2323) mem 0x80010000 0x00000001
core   0: 0x8000ee02 (0x0000bfe5) c.j     pc - 8
core   0: 3 0x8000ee02 (0xbfe5)
core   0: 0x8000edfa (0x00001f17) auipc   t5, 0x1
core   0: 3 0x8000edfa (0x00001f17) x30 0x8000fdfa
core   0: 0x8000edfe (0x203f2323) sw      gp, 518(t5)
core   0: 3 0x8000edfe (0x203f2323) mem 0x80010000 0x00000001
core   0: 0x8000ee02 (0x0000bfe5) c.j     pc - 8
core   0: 3 0x8000ee02 (0xbfe5)
core   0: 0x8000edfa (0x00001f17) auipc   t5, 0x1
core   0: 3 0x8000edfa (0x00001f17) x30 0x8000fdfa
core   0: 0x8000edfe (0x203f2323) sw      gp, 518(t5)
core   0: 3 0x8000edfe (0x203f2323) mem 0x80010000 0x00000001
core   0: 0x8000ee02 (0x0000bfe5) c.j     pc - 8
core   0: 3 0x8000ee02 (0xbfe5)
core   0: 0x8000edfa (0x00001f17) auipc   t5, 0x1
core   0: 3 0x8000edfa (0x00001f17) x30 0x8000fdfa
core   0: 0x8000edfe (0x203f2323) sw      gp, 518(t5)
core   0: 3 0x8000edfe (0x203f2323) mem 0x80010000 0x00000001
core   0: 0x8000ee02 (0x0000bfe5) c.j     pc - 8
core   0: 3 0x8000ee02 (0xbfe5)
core   0: 0x8000edfa (0x00001f17) auipc   t5, 0x1
core   0: 3 0x8000edfa (0x00001f17) x30 0x8000fdfa
core   0: 0x8000edfe (0x203f2323) sw      gp, 518(t5)
core   0: 3 0x8000edfe (0x203f2323) mem 0x80010000 0x00000001
core   0: 0x8000ee02 (0x0000bfe5) c.j     pc - 8
core   0: 3 0x8000ee02 (0xbfe5)
core   0: 0x8000edfa (0x00001f17) auipc   t5, 0x1
core   0: 3 0x8000edfa (0x00001f17) x30 0x8000fdfa
core   0: 0x8000edfe (0x203f2323) sw      gp, 518(t5)
core   0: 3 0x8000edfe (0x203f2323) mem 0x80010000 0x00000001
core   0: 0x8000ee02 (0x0000bfe5) c.j     pc - 8
core   0: 3 0x8000ee02 (0xbfe5)
core   0: 0x8000edfa (0x00001f17) auipc   t5, 0x1
core   0: 3 0x8000edfa (0x00001f17) x30 0x8000fdfa
core   0: 0x8000edfe (0x203f2323) sw      gp, 518(t5)
core   0: 3 0x8000edfe (0x203f2323) mem 0x80010000 0x00000001
core   0: 0x8000ee02 (0x0000bfe5) c.j     pc - 8
core   0: 3 0x8000ee02 (0xbfe5)
core   0: 0x8000edfa (0x00001f17) auipc   t5, 0x1
core   0: 3 0x8000edfa (0x00001f17) x30 0x8000fdfa
core   0: 0x8000edfe (0x203f2323) sw      gp, 518(t5)
core   0: 3 0x8000edfe (0x203f2323) mem 0x80010000 0x00000001
core   0: 0x8000ee02 (0x0000bfe5) c.j     pc - 8
core   0: 3 0x8000ee02 (0xbfe5)
core   0: 0x8000edfa (0x00001f17) auipc   t5, 0x1
core   0: 3 0x8000edfa (0x00001f17) x30 0x8000fdfa
core   0: 0x8000edfe (0x203f2323) sw      gp, 518(t5)
core   0: 3 0x8000edfe (0x203f2323) mem 0x80010000 0x00000001
core   0: 0x8000ee02 (0x0000bfe5) c.j     pc - 8
core   0: 3 0x8000ee02 (0xbfe5)
core   0: 0x8000edfa (0x00001f17) auipc   t5, 0x1
core   0: 3 0x8000edfa (0x00001f17) x30 0x8000fdfa
core   0: 0x8000edfe (0x203f2323) sw      gp, 518(t5)
core   0: 3 0x8000edfe (0x203f2323) mem 0x80010000 0x00000001
core   0: 0x8000ee02 (0x0000bfe5) c.j     pc - 8
core   0: 3 0x8000ee02 (0xbfe5)
core   0: 0x8000edfa (0x00001f17) auipc   t5, 0x1
core   0: 3 0x8000edfa (0x00001f17) x30 0x8000fdfa
core   0: 0x8000edfe (0x203f2323) sw      gp, 518(t5)
core   0: 3 0x8000edfe (0x203f2323) mem 0x80010000 0x00000001
core   0: 0x8000ee02 (0x0000bfe5) c.j     pc - 8
core   0: 3 0x8000ee02 (0xbfe5)
core   0: 0x8000edfa (0x00001f17) auipc   t5, 0x1
core   0: 3 0x8000edfa (0x00001f17) x30 0x8000fdfa
core   0: 0x8000edfe (0x203f2323) sw      gp, 518(t5)
core   0: 3 0x8000edfe (0x203f2323) mem 0x80010000 0x00000001
core   0: 0x8000ee02 (0x0000bfe5) c.j     pc - 8
core   0: 3 0x8000ee02 (0xbfe5)
core   0: 0x8000edfa (0x00001f17) auipc   t5, 0x1
core   0: 3 0x8000edfa (0x00001f17) x30 0x8000fdfa
core   0: 0x8000edfe (0x203f2323) sw      gp, 518(t5)
core   0: 3 0x8000edfe (0x203f2323) mem 0x80010000 0x00000001
core   0: 0x8000ee02 (0x0000bfe5) c.j     pc - 8
core   0: 3 0x8000ee02 (0xbfe5)
core   0: 0x8000edfa (0x00001f17) auipc   t5, 0x1
core   0: 3 0x8000edfa (0x00001f17) x30 0x8000fdfa
core   0: 0x8000edfe (0x203f2323) sw      gp, 518(t5)
core   0: 3 0x8000edfe (0x203f2323) mem 0x80010000 0x00000001
core   0: 0x8000ee02 (0x0000bfe5) c.j     pc - 8
core   0: 3 0x8000ee02 (0xbfe5)
core   0: 0x8000edfa (0x00001f17) auipc   t5, 0x1
core   0: 3 0x8000edfa (0x00001f17) x30 0x8000fdfa
core   0: 0x8000edfe (0x203f2323) sw      gp, 518(t5)
core   0: 3 0x8000edfe (0x203f2323) mem 0x80010000 0x00000001
core   0: 0x8000ee02 (0x0000bfe5) c.j     pc - 8
core   0: 3 0x8000ee02 (0xbfe5)
core   0: 0x8000edfa (0x00001f17) auipc   t5, 0x1
core   0: 3 0x8000edfa (0x00001f17) x30 0x8000fdfa
core   0: 0x8000edfe (0x203f2323) sw      gp, 518(t5)
core   0: 3 0x8000edfe (0x203f2323) mem 0x80010000 0x00000001
core   0: 0x8000ee02 (0x0000bfe5) c.j     pc - 8
core   0: 3 0x8000ee02 (0xbfe5)
core   0: 0x8000edfa (0x00001f17) auipc   t5, 0x1
core   0: 3 0x8000edfa (0x00001f17) x30 0x8000fdfa
core   0: 0x8000edfe (0x203f2323) sw      gp, 518(t5)
core   0: 3 0x8000edfe (0x203f2323) mem 0x80010000 0x00000001
core   0: 0x8000ee02 (0x0000bfe5) c.j     pc - 8
core   0: 3 0x8000ee02 (0xbfe5)
core   0: 0x8000edfa (0x00001f17) auipc   t5, 0x1
core   0: 3 0x8000edfa (0x00001f17) x30 0x8000fdfa
core   0: 0x8000edfe (0x203f2323) sw      gp, 518(t5)
core   0: 3 0x8000edfe (0x203f2323) mem 0x80010000 0x00000001
core   0: 0x8000ee02 (0x0000bfe5) c.j     pc - 8
core   0: 3 0x8000ee02 (0xbfe5)
core   0: 0x8000edfa (0x00001f17) auipc   t5, 0x1
core   0: 3 0x8000edfa (0x00001f17) x30 0x8000fdfa
core   0: 0x8000edfe (0x203f2323) sw      gp, 518(t5)
core   0: 3 0x8000edfe (0x203f2323) mem 0x80010000 0x00000001
core   0: 0x8000ee02 (0x0000bfe5) c.j     pc - 8
core   0: 3 0x8000ee02 (0xbfe5)
core   0: 0x8000edfa (0x00001f17) auipc   t5, 0x1
core   0: 3 0x8000edfa (0x00001f17) x30 0x8000fdfa
core   0: 0x8000edfe (0x203f2323) sw      gp, 518(t5)
core   0: 3 0x8000edfe (0x203f2323) mem 0x80010000 0x00000001
core   0: 0x8000ee02 (0x0000bfe5) c.j     pc - 8
core   0: 3 0x8000ee02 (0xbfe5)
core   0: 0x8000edfa (0x00001f17) auipc   t5, 0x1
core   0: 3 0x8000edfa (0x00001f17) x30 0x8000fdfa
core   0: 0x8000edfe (0x203f2323) sw      gp, 518(t5)
core   0: 3 0x8000edfe (0x203f2323) mem 0x80010000 0x00000001
core   0: 0x8000ee02 (0x0000bfe5) c.j     pc - 8
core   0: 3 0x8000ee02 (0xbfe5)
core   0: 0x8000edfa (0x00001f17) auipc   t5, 0x1
core   0: 3 0x8000edfa (0x00001f17) x30 0x8000fdfa
core   0: 0x8000edfe (0x203f2323) sw      gp, 518(t5)
core   0: 3 0x8000edfe (0x203f2323) mem 0x80010000 0x00000001
core   0: 0x8000ee02 (0x0000bfe5) c.j     pc - 8
core   0: 3 0x8000ee02 (0xbfe5)
core   0: 0x8000edfa (0x00001f17) auipc   t5, 0x1
core   0: 3 0x8000edfa (0x00001f17) x30 0x8000fdfa
core   0: 0x8000edfe (0x203f2323) sw      gp, 518(t5)
core   0: 3 0x8000edfe (0x203f2323) mem 0x80010000 0x00000001
core   0: 0x8000ee02 (0x0000bfe5) c.j     pc - 8
core   0: 3 0x8000ee02 (0xbfe5)
core   0: 0x8000edfa (0x00001f17) auipc   t5, 0x1
core   0: 3 0x8000edfa (0x00001f17) x30 0x8000fdfa
core   0: 0x8000edfe (0x203f2323) sw      gp, 518(t5)
core   0: 3 0x8000edfe (0x203f2323) mem 0x80010000 0x00000001
core   0: 0x8000ee02 (0x0000bfe5) c.j     pc - 8
core   0: 3 0x8000ee02 (0xbfe5)
core   0: 0x8000edfa (0x00001f17) auipc   t5, 0x1
core   0: 3 0x8000edfa (0x00001f17) x30 0x8000fdfa
core   0: 0x8000edfe (0x203f2323) sw      gp, 518(t5)
core   0: 3 0x8000edfe (0x203f2323) mem 0x80010000 0x00000001
core   0: 0x8000ee02 (0x0000bfe5) c.j     pc - 8
core   0: 3 0x8000ee02 (0xbfe5)
core   0: 0x8000edfa (0x00001f17) auipc   t5, 0x1
core   0: 3 0x8000edfa (0x00001f17) x30 0x8000fdfa
core   0: 0x8000edfe (0x203f2323) sw      gp, 518(t5)
core   0: 3 0x8000edfe (0x203f2323) mem 0x80010000 0x00000001
core   0: 0x8000ee02 (0x0000bfe5) c.j     pc - 8
core   0: 3 0x8000ee02 (0xbfe5)
core   0: 0x8000edfa (0x00001f17) auipc   t5, 0x1
core   0: 3 0x8000edfa (0x00001f17) x30 0x8000fdfa
core   0: 0x8000edfe (0x203f2323) sw      gp, 518(t5)
core   0: 3 0x8000edfe (0x203f2323) mem 0x80010000 0x00000001
core   0: 0x8000ee02 (0x0000bfe5) c.j     pc - 8
core   0: 3 0x8000ee02 (0xbfe5)
core   0: 0x8000edfa (0x00001f17) auipc   t5, 0x1
core   0: 3 0x8000edfa (0x00001f17) x30 0x8000fdfa
core   0: 0x8000edfe (0x203f2323) sw      gp, 518(t5)
core   0: 3 0x8000edfe (0x203f2323) mem 0x80010000 0x00000001
core   0: 0x8000ee02 (0x0000bfe5) c.j     pc - 8
core   0: 3 0x8000ee02 (0xbfe5)
core   0: 0x8000edfa (0x00001f17) auipc   t5, 0x1
core   0: 3 0x8000edfa (0x00001f17) x30 0x8000fdfa
core   0: 0x8000edfe (0x203f2323) sw      gp, 518(t5)
core   0: 3 0x8000edfe (0x203f2323) mem 0x80010000 0x00000001
core   0: 0x8000ee02 (0x0000bfe5) c.j     pc - 8
core   0: 3 0x8000ee02 (0xbfe5)
core   0: 0x8000edfa (0x00001f17) auipc   t5, 0x1
core   0: 3 0x8000edfa (0x00001f17) x30 0x8000fdfa
core   0: 0x8000edfe (0x203f2323) sw      gp, 518(t5)
core   0: 3 0x8000edfe (0x203f2323) mem 0x80010000 0x00000001
core   0: 0x8000ee02 (0x0000bfe5) c.j     pc - 8
core   0: 3 0x8000ee02 (0xbfe5)
core   0: 0x8000edfa (0x00001f17) auipc   t5, 0x1
core   0: 3 0x8000edfa (0x00001f17) x30 0x8000fdfa
core   0: 0x8000edfe (0x203f2323) sw      gp, 518(t5)
core   0: 3 0x8000edfe (0x203f2323) mem 0x80010000 0x00000001
core   0: 0x8000ee02 (0x0000bfe5) c.j     pc - 8
core   0: 3 0x8000ee02 (0xbfe5)
core   0: 0x8000edfa (0x00001f17) auipc   t5, 0x1
core   0: 3 0x8000edfa (0x00001f17) x30 0x8000fdfa
core   0: 0x8000edfe (0x203f2323) sw      gp, 518(t5)
core   0: 3 0x8000edfe (0x203f2323) mem 0x80010000 0x00000001
core   0: 0x8000ee02 (0x0000bfe5) c.j     pc - 8
core   0: 3 0x8000ee02 (0xbfe5)
core   0: 0x8000edfa (0x00001f17) auipc   t5, 0x1
core   0: 3 0x8000edfa (0x00001f17) x30 0x8000fdfa
core   0: 0x8000edfe (0x203f2323) sw      gp, 518(t5)
core   0: 3 0x8000edfe (0x203f2323) mem 0x80010000 0x00000001
core   0: 0x8000ee02 (0x0000bfe5) c.j     pc - 8
core   0: 3 0x8000ee02 (0xbfe5)
core   0: 0x8000edfa (0x00001f17) auipc   t5, 0x1
core   0: 3 0x8000edfa (0x00001f17) x30 0x8000fdfa
core   0: 0x8000edfe (0x203f2323) sw      gp, 518(t5)
core   0: 3 0x8000edfe (0x203f2323) mem 0x80010000 0x00000001
core   0: 0x8000ee02 (0x0000bfe5) c.j     pc - 8
core   0: 3 0x8000ee02 (0xbfe5)
core   0: 0x8000edfa (0x00001f17) auipc   t5, 0x1
core   0: 3 0x8000edfa (0x00001f17) x30 0x8000fdfa
core   0: 0x8000edfe (0x203f2323) sw      gp, 518(t5)
core   0: 3 0x8000edfe (0x203f2323) mem 0x80010000 0x00000001
core   0: 0x8000ee02 (0x0000bfe5) c.j     pc - 8
core   0: 3 0x8000ee02 (0xbfe5)
core   0: 0x8000edfa (0x00001f17) auipc   t5, 0x1
core   0: 3 0x8000edfa (0x00001f17) x30 0x8000fdfa
core   0: 0x8000edfe (0x203f2323) sw      gp, 518(t5)
core   0: 3 0x8000edfe (0x203f2323) mem 0x80010000 0x00000001
core   0: 0x8000ee02 (0x0000bfe5) c.j     pc - 8
core   0: 3 0x8000ee02 (0xbfe5)
core   0: 0x8000edfa (0x00001f17) auipc   t5, 0x1
core   0: 3 0x8000edfa (0x00001f17) x30 0x8000fdfa
core   0: 0x8000edfe (0x203f2323) sw      gp, 518(t5)
core   0: 3 0x8000edfe (0x203f2323) mem 0x80010000 0x00000001
core   0: 0x8000ee02 (0x0000bfe5) c.j     pc - 8
core   0: 3 0x8000ee02 (0xbfe5)
core   0: 0x8000edfa (0x00001f17) auipc   t5, 0x1
core   0: 3 0x8000edfa (0x00001f17) x30 0x8000fdfa
core   0: 0x8000edfe (0x203f2323) sw      gp, 518(t5)
core   0: 3 0x8000edfe (0x203f2323) mem 0x80010000 0x00000001
core   0: 0x8000ee02 (0x0000bfe5) c.j     pc - 8
core   0: 3 0x8000ee02 (0xbfe5)
core   0: 0x8000edfa (0x00001f17) auipc   t5, 0x1
core   0: 3 0x8000edfa (0x00001f17) x30 0x8000fdfa
core   0: 0x8000edfe (0x203f2323) sw      gp, 518(t5)
core   0: 3 0x8000edfe (0x203f2323) mem 0x80010000 0x00000001
core   0: 0x8000ee02 (0x0000bfe5) c.j     pc - 8
core   0: 3 0x8000ee02 (0xbfe5)
core   0: 0x8000edfa (0x00001f17) auipc   t5, 0x1
core   0: 3 0x8000edfa (0x00001f17) x30 0x8000fdfa
core   0: 0x8000edfe (0x203f2323) sw      gp, 518(t5)
core   0: 3 0x8000edfe (0x203f2323) mem 0x80010000 0x00000001
core   0: 0x8000ee02 (0x0000bfe5) c.j     pc - 8
core   0: 3 0x8000ee02 (0xbfe5)
core   0: 0x8000edfa (0x00001f17) auipc   t5, 0x1
core   0: 3 0x8000edfa (0x00001f17) x30 0x8000fdfa
core   0: 0x8000edfe (0x203f2323) sw      gp, 518(t5)
core   0: 3 0x8000edfe (0x203f2323) mem 0x80010000 0x00000001
core   0: 0x8000ee02 (0x0000bfe5) c.j     pc - 8
core   0: 3 0x8000ee02 (0xbfe5)
core   0: 0x8000edfa (0x00001f17) auipc   t5, 0x1
core   0: 3 0x8000edfa (0x00001f17) x30 0x8000fdfa
core   0: 0x8000edfe (0x203f2323) sw      gp, 518(t5)
core   0: 3 0x8000edfe (0x203f2323) mem 0x80010000 0x00000001
core   0: 0x8000ee02 (0x0000bfe5) c.j     pc - 8
core   0: 3 0x8000ee02 (0xbfe5)
core   0: 0x8000edfa (0x00001f17) auipc   t5, 0x1
core   0: 3 0x8000edfa (0x00001f17) x30 0x8000fdfa
core   0: 0x8000edfe (0x203f2323) sw      gp, 518(t5)
core   0: 3 0x8000edfe (0x203f2323) mem 0x80010000 0x00000001
core   0: 0x8000ee02 (0x0000bfe5) c.j     pc - 8
core   0: 3 0x8000ee02 (0xbfe5)
core   0: 0x8000edfa (0x00001f17) auipc   t5, 0x1
core   0: 3 0x8000edfa (0x00001f17) x30 0x8000fdfa
core   0: 0x8000edfe (0x203f2323) sw      gp, 518(t5)
core   0: 3 0x8000edfe (0x203f2323) mem 0x80010000 0x00000001
core   0: 0x8000ee02 (0x0000bfe5) c.j     pc - 8
core   0: 3 0x8000ee02 (0xbfe5)
core   0: 0x8000edfa (0x00001f17) auipc   t5, 0x1
core   0: 3 0x8000edfa (0x00001f17) x30 0x8000fdfa
core   0: 0x8000edfe (0x203f2323) sw      gp, 518(t5)
core   0: 3 0x8000edfe (0x203f2323) mem 0x80010000 0x00000001
core   0: 0x8000ee02 (0x0000bfe5) c.j     pc - 8
core   0: 3 0x8000ee02 (0xbfe5)
core   0: 0x8000edfa (0x00001f17) auipc   t5, 0x1
core   0: 3 0x8000edfa (0x00001f17) x30 0x8000fdfa
core   0: 0x8000edfe (0x203f2323) sw      gp, 518(t5)
core   0: 3 0x8000edfe (0x203f2323) mem 0x80010000 0x00000001
core   0: 0x8000ee02 (0x0000bfe5) c.j     pc - 8
core   0: 3 0x8000ee02 (0xbfe5)
core   0: 0x8000edfa (0x00001f17) auipc   t5, 0x1
core   0: 3 0x8000edfa (0x00001f17) x30 0x8000fdfa
core   0: 0x8000edfe (0x203f2323) sw      gp, 518(t5)
core   0: 3 0x8000edfe (0x203f2323) mem 0x80010000 0x00000001
core   0: 0x8000ee02 (0x0000bfe5) c.j     pc - 8
core   0: 3 0x8000ee02 (0xbfe5)
core   0: 0x8000edfa (0x00001f17) auipc   t5, 0x1
core   0: 3 0x8000edfa (0x00001f17) x30 0x8000fdfa
core   0: 0x8000edfe (0x203f2323) sw      gp, 518(t5)
core   0: 3 0x8000edfe (0x203f2323) mem 0x80010000 0x00000001
core   0: 0x8000ee02 (0x0000bfe5) c.j     pc - 8
core   0: 3 0x8000ee02 (0xbfe5)
core   0: 0x8000edfa (0x00001f17) auipc   t5, 0x1
core   0: 3 0x8000edfa (0x00001f17) x30 0x8000fdfa
core   0: 0x8000edfe (0x203f2323) sw      gp, 518(t5)
core   0: 3 0x8000edfe (0x203f2323) mem 0x80010000 0x00000001
core   0: 0x8000ee02 (0x0000bfe5) c.j     pc - 8
core   0: 3 0x8000ee02 (0xbfe5)
core   0: 0x8000edfa (0x00001f17) auipc   t5, 0x1
core   0: 3 0x8000edfa (0x00001f17) x30 0x8000fdfa
core   0: 0x8000edfe (0x203f2323) sw      gp, 518(t5)
core   0: 3 0x8000edfe (0x203f2323) mem 0x80010000 0x00000001
core   0: 0x8000ee02 (0x0000bfe5) c.j     pc - 8
core   0: 3 0x8000ee02 (0xbfe5)
core   0: 0x8000edfa (0x00001f17) auipc   t5, 0x1
core   0: 3 0x8000edfa (0x00001f17) x30 0x8000fdfa
core   0: 0x8000edfe (0x203f2323) sw      gp, 518(t5)
core   0: 3 0x8000edfe (0x203f2323) mem 0x80010000 0x00000001
core   0: 0x8000ee02 (0x0000bfe5) c.j     pc - 8
core   0: 3 0x8000ee02 (0xbfe5)
core   0: 0x8000edfa (0x00001f17) auipc   t5, 0x1
core   0: 3 0x8000edfa (0x00001f17) x30 0x8000fdfa
core   0: 0x8000edfe (0x203f2323) sw      gp, 518(t5)
core   0: 3 0x8000edfe (0x203f2323) mem 0x80010000 0x00000001
core   0: 0x8000ee02 (0x0000bfe5) c.j     pc - 8
core   0: 3 0x8000ee02 (0xbfe5)
core   0: 0x8000edfa (0x00001f17) auipc   t5, 0x1
core   0: 3 0x8000edfa (0x00001f17) x30 0x8000fdfa
core   0: 0x8000edfe (0x203f2323) sw      gp, 518(t5)
core   0: 3 0x8000edfe (0x203f2323) mem 0x80010000 0x00000001
core   0: 0x8000ee02 (0x0000bfe5) c.j     pc - 8
core   0: 3 0x8000ee02 (0xbfe5)
core   0: 0x8000edfa (0x00001f17) auipc   t5, 0x1
core   0: 3 0x8000edfa (0x00001f17) x30 0x8000fdfa
core   0: 0x8000edfe (0x203f2323) sw      gp, 518(t5)
core   0: 3 0x8000edfe (0x203f2323) mem 0x80010000 0x00000001
core   0: 0x8000ee02 (0x0000bfe5) c.j     pc - 8
core   0: 3 0x8000ee02 (0xbfe5)
core   0: 0x8000edfa (0x00001f17) auipc   t5, 0x1
core   0: 3 0x8000edfa (0x00001f17) x30 0x8000fdfa
core   0: 0x8000edfe (0x203f2323) sw      gp, 518(t5)
core   0: 3 0x8000edfe (0x203f2323) mem 0x80010000 0x00000001
core   0: 0x8000ee02 (0x0000bfe5) c.j     pc - 8
core   0: 3 0x8000ee02 (0xbfe5)
core   0: 0x8000edfa (0x00001f17) auipc   t5, 0x1
core   0: 3 0x8000edfa (0x00001f17) x30 0x8000fdfa
core   0: 0x8000edfe (0x203f2323) sw      gp, 518(t5)
core   0: 3 0x8000edfe (0x203f2323) mem 0x80010000 0x00000001
core   0: 0x8000ee02 (0x0000bfe5) c.j     pc - 8
core   0: 3 0x8000ee02 (0xbfe5)
core   0: 0x8000edfa (0x00001f17) auipc   t5, 0x1
core   0: 3 0x8000edfa (0x00001f17) x30 0x8000fdfa
core   0: 0x8000edfe (0x203f2323) sw      gp, 518(t5)
core   0: 3 0x8000edfe (0x203f2323) mem 0x80010000 0x00000001
core   0: 0x8000ee02 (0x0000bfe5) c.j     pc - 8
core   0: 3 0x8000ee02 (0xbfe5)
core   0: 0x8000edfa (0x00001f17) auipc   t5, 0x1
core   0: 3 0x8000edfa (0x00001f17) x30 0x8000fdfa
core   0: 0x8000edfe (0x203f2323) sw      gp, 518(t5)
core   0: 3 0x8000edfe (0x203f2323) mem 0x80010000 0x00000001
core   0: 0x8000ee02 (0x0000bfe5) c.j     pc - 8
core   0: 3 0x8000ee02 (0xbfe5)
core   0: 0x8000edfa (0x00001f17) auipc   t5, 0x1
core   0: 3 0x8000edfa (0x00001f17) x30 0x8000fdfa
core   0: 0x8000edfe (0x203f2323) sw      gp, 518(t5)
core   0: 3 0x8000edfe (0x203f2323) mem 0x80010000 0x00000001
core   0: 0x8000ee02 (0x0000bfe5) c.j     pc - 8
core   0: 3 0x8000ee02 (0xbfe5)
core   0: 0x8000edfa (0x00001f17) auipc   t5, 0x1
core   0: 3 0x8000edfa (0x00001f17) x30 0x8000fdfa
core   0: 0x8000edfe (0x203f2323) sw      gp, 518(t5)
core   0: 3 0x8000edfe (0x203f2323) mem 0x80010000 0x00000001
core   0: 0x8000ee02 (0x0000bfe5) c.j     pc - 8
core   0: 3 0x8000ee02 (0xbfe5)
core   0: 0x8000edfa (0x00001f17) auipc   t5, 0x1
core   0: 3 0x8000edfa (0x00001f17) x30 0x8000fdfa
core   0: 0x8000edfe (0x203f2323) sw      gp, 518(t5)
core   0: 3 0x8000edfe (0x203f2323) mem 0x80010000 0x00000001
core   0: 0x8000ee02 (0x0000bfe5) c.j     pc - 8
core   0: 3 0x8000ee02 (0xbfe5)
core   0: 0x8000edfa (0x00001f17) auipc   t5, 0x1
core   0: 3 0x8000edfa (0x00001f17) x30 0x8000fdfa
core   0: 0x8000edfe (0x203f2323) sw      gp, 518(t5)
core   0: 3 0x8000edfe (0x203f2323) mem 0x80010000 0x00000001
core   0: 0x8000ee02 (0x0000bfe5) c.j     pc - 8
core   0: 3 0x8000ee02 (0xbfe5)
core   0: 0x8000edfa (0x00001f17) auipc   t5, 0x1
core   0: 3 0x8000edfa (0x00001f17) x30 0x8000fdfa
core   0: 0x8000edfe (0x203f2323) sw      gp, 518(t5)
core   0: 3 0x8000edfe (0x203f2323) mem 0x80010000 0x00000001
core   0: 0x8000ee02 (0x0000bfe5) c.j     pc - 8
core   0: 3 0x8000ee02 (0xbfe5)
core   0: 0x8000edfa (0x00001f17) auipc   t5, 0x1
core   0: 3 0x8000edfa (0x00001f17) x30 0x8000fdfa
core   0: 0x8000edfe (0x203f2323) sw      gp, 518(t5)
core   0: 3 0x8000edfe (0x203f2323) mem 0x80010000 0x00000001
core   0: 0x8000ee02 (0x0000bfe5) c.j     pc - 8
core   0: 3 0x8000ee02 (0xbfe5)
core   0: 0x8000edfa (0x00001f17) auipc   t5, 0x1
core   0: 3 0x8000edfa (0x00001f17) x30 0x8000fdfa
core   0: 0x8000edfe (0x203f2323) sw      gp, 518(t5)
core   0: 3 0x8000edfe (0x203f2323) mem 0x80010000 0x00000001
core   0: 0x8000ee02 (0x0000bfe5) c.j     pc - 8
core   0: 3 0x8000ee02 (0xbfe5)
core   0: 0x8000edfa (0x00001f17) auipc   t5, 0x1
core   0: 3 0x8000edfa (0x00001f17) x30 0x8000fdfa
core   0: 0x8000edfe (0x203f2323) sw      gp, 518(t5)
core   0: 3 0x8000edfe (0x203f2323) mem 0x80010000 0x00000001
core   0: 0x8000ee02 (0x0000bfe5) c.j     pc - 8
core   0: 3 0x8000ee02 (0xbfe5)
core   0: 0x8000edfa (0x00001f17) auipc   t5, 0x1
core   0: 3 0x8000edfa (0x00001f17) x30 0x8000fdfa
core   0: 0x8000edfe (0x203f2323) sw      gp, 518(t5)
core   0: 3 0x8000edfe (0x203f2323) mem 0x80010000 0x00000001
core   0: 0x8000ee02 (0x0000bfe5) c.j     pc - 8
core   0: 3 0x8000ee02 (0xbfe5)
core   0: 0x8000edfa (0x00001f17) auipc   t5, 0x1
core   0: 3 0x8000edfa (0x00001f17) x30 0x8000fdfa
core   0: 0x8000edfe (0x203f2323) sw      gp, 518(t5)
core   0: 3 0x8000edfe (0x203f2323) mem 0x80010000 0x00000001
core   0: 0x8000ee02 (0x0000bfe5) c.j     pc - 8
core   0: 3 0x8000ee02 (0xbfe5)
core   0: 0x8000edfa (0x00001f17) auipc   t5, 0x1
core   0: 3 0x8000edfa (0x00001f17) x30 0x8000fdfa
core   0: 0x8000edfe (0x203f2323) sw      gp, 518(t5)
core   0: 3 0x8000edfe (0x203f2323) mem 0x80010000 0x00000001
core   0: 0x8000ee02 (0x0000bfe5) c.j     pc - 8
core   0: 3 0x8000ee02 (0xbfe5)
core   0: 0x8000edfa (0x00001f17) auipc   t5, 0x1
core   0: 3 0x8000edfa (0x00001f17) x30 0x8000fdfa
core   0: 0x8000edfe (0x203f2323) sw      gp, 518(t5)
core   0: 3 0x8000edfe (0x203f2323) mem 0x80010000 0x00000001
core   0: 0x8000ee02 (0x0000bfe5) c.j     pc - 8
core   0: 3 0x8000ee02 (0xbfe5)
core   0: 0x8000edfa (0x00001f17) auipc   t5, 0x1
core   0: 3 0x8000edfa (0x00001f17) x30 0x8000fdfa
core   0: 0x8000edfe (0x203f2323) sw      gp, 518(t5)
core   0: 3 0x8000edfe (0x203f2323) mem 0x80010000 0x00000001
core   0: 0x8000ee02 (0x0000bfe5) c.j     pc - 8
core   0: 3 0x8000ee02 (0xbfe5)
core   0: 0x8000edfa (0x00001f17) auipc   t5, 0x1
core   0: 3 0x8000edfa (0x00001f17) x30 0x8000fdfa
core   0: 0x8000edfe (0x203f2323) sw      gp, 518(t5)
core   0: 3 0x8000edfe (0x203f2323) mem 0x80010000 0x00000001
core   0: 0x8000ee02 (0x0000bfe5) c.j     pc - 8
core   0: 3 0x8000ee02 (0xbfe5)
core   0: 0x8000edfa (0x00001f17) auipc   t5, 0x1
core   0: 3 0x8000edfa (0x00001f17) x30 0x8000fdfa
core   0: 0x8000edfe (0x203f2323) sw      gp, 518(t5)
core   0: 3 0x8000edfe (0x203f2323) mem 0x80010000 0x00000001
core   0: 0x8000ee02 (0x0000bfe5) c.j     pc - 8
core   0: 3 0x8000ee02 (0xbfe5)
core   0: 0x8000edfa (0x00001f17) auipc   t5, 0x1
core   0: 3 0x8000edfa (0x00001f17) x30 0x8000fdfa
core   0: 0x8000edfe (0x203f2323) sw      gp, 518(t5)
core   0: 3 0x8000edfe (0x203f2323) mem 0x80010000 0x00000001
core   0: 0x8000ee02 (0x0000bfe5) c.j     pc - 8
core   0: 3 0x8000ee02 (0xbfe5)
core   0: 0x8000edfa (0x00001f17) auipc   t5, 0x1
core   0: 3 0x8000edfa (0x00001f17) x30 0x8000fdfa
core   0: 0x8000edfe (0x203f2323) sw      gp, 518(t5)
core   0: 3 0x8000edfe (0x203f2323) mem 0x80010000 0x00000001
core   0: 0x8000ee02 (0x0000bfe5) c.j     pc - 8
core   0: 3 0x8000ee02 (0xbfe5)
core   0: 0x8000edfa (0x00001f17) auipc   t5, 0x1
core   0: 3 0x8000edfa (0x00001f17) x30 0x8000fdfa
core   0: 0x8000edfe (0x203f2323) sw      gp, 518(t5)
core   0: 3 0x8000edfe (0x203f2323) mem 0x80010000 0x00000001
core   0: 0x8000ee02 (0x0000bfe5) c.j     pc - 8
core   0: 3 0x8000ee02 (0xbfe5)
core   0: 0x8000edfa (0x00001f17) auipc   t5, 0x1
core   0: 3 0x8000edfa (0x00001f17) x30 0x8000fdfa
core   0: 0x8000edfe (0x203f2323) sw      gp, 518(t5)
core   0: 3 0x8000edfe (0x203f2323) mem 0x80010000 0x00000001
core   0: 0x8000ee02 (0x0000bfe5) c.j     pc - 8
core   0: 3 0x8000ee02 (0xbfe5)
core   0: 0x8000edfa (0x00001f17) auipc   t5, 0x1
core   0: 3 0x8000edfa (0x00001f17) x30 0x8000fdfa
core   0: 0x8000edfe (0x203f2323) sw      gp, 518(t5)
core   0: 3 0x8000edfe (0x203f2323) mem 0x80010000 0x00000001
core   0: 0x8000ee02 (0x0000bfe5) c.j     pc - 8
core   0: 3 0x8000ee02 (0xbfe5)
core   0: 0x8000edfa (0x00001f17) auipc   t5, 0x1
core   0: 3 0x8000edfa (0x00001f17) x30 0x8000fdfa
core   0: 0x8000edfe (0x203f2323) sw      gp, 518(t5)
core   0: 3 0x8000edfe (0x203f2323) mem 0x80010000 0x00000001
core   0: 0x8000ee02 (0x0000bfe5) c.j     pc - 8
core   0: 3 0x8000ee02 (0xbfe5)
core   0: 0x8000edfa (0x00001f17) auipc   t5, 0x1
core   0: 3 0x8000edfa (0x00001f17) x30 0x8000fdfa
core   0: 0x8000edfe (0x203f2323) sw      gp, 518(t5)
core   0: 3 0x8000edfe (0x203f2323) mem 0x80010000 0x00000001
core   0: 0x8000ee02 (0x0000bfe5) c.j     pc - 8
core   0: 3 0x8000ee02 (0xbfe5)
core   0: 0x8000edfa (0x00001f17) auipc   t5, 0x1
core   0: 3 0x8000edfa (0x00001f17) x30 0x8000fdfa
core   0: 0x8000edfe (0x203f2323) sw      gp, 518(t5)
core   0: 3 0x8000edfe (0x203f2323) mem 0x80010000 0x00000001
core   0: 0x8000ee02 (0x0000bfe5) c.j     pc - 8
core   0: 3 0x8000ee02 (0xbfe5)
core   0: 0x8000edfa (0x00001f17) auipc   t5, 0x1
core   0: 3 0x8000edfa (0x00001f17) x30 0x8000fdfa
core   0: 0x8000edfe (0x203f2323) sw      gp, 518(t5)
core   0: 3 0x8000edfe (0x203f2323) mem 0x80010000 0x00000001
core   0: 0x8000ee02 (0x0000bfe5) c.j     pc - 8
core   0: 3 0x8000ee02 (0xbfe5)
core   0: 0x8000edfa (0x00001f17) auipc   t5, 0x1
core   0: 3 0x8000edfa (0x00001f17) x30 0x8000fdfa
core   0: 0x8000edfe (0x203f2323) sw      gp, 518(t5)
core   0: 3 0x8000edfe (0x203f2323) mem 0x80010000 0x00000001
core   0: 0x8000ee02 (0x0000bfe5) c.j     pc - 8
core   0: 3 0x8000ee02 (0xbfe5)
core   0: 0x8000edfa (0x00001f17) auipc   t5, 0x1
core   0: 3 0x8000edfa (0x00001f17) x30 0x8000fdfa
core   0: 0x8000edfe (0x203f2323) sw      gp, 518(t5)
core   0: 3 0x8000edfe (0x203f2323) mem 0x80010000 0x00000001
core   0: 0x8000ee02 (0x0000bfe5) c.j     pc - 8
core   0: 3 0x8000ee02 (0xbfe5)
core   0: 0x8000edfa (0x00001f17) auipc   t5, 0x1
core   0: 3 0x8000edfa (0x00001f17) x30 0x8000fdfa
core   0: 0x8000edfe (0x203f2323) sw      gp, 518(t5)
core   0: 3 0x8000edfe (0x203f2323) mem 0x80010000 0x00000001
core   0: 0x8000ee02 (0x0000bfe5) c.j     pc - 8
core   0: 3 0x8000ee02 (0xbfe5)
core   0: 0x8000edfa (0x00001f17) auipc   t5, 0x1
core   0: 3 0x8000edfa (0x00001f17) x30 0x8000fdfa
core   0: 0x8000edfe (0x203f2323) sw      gp, 518(t5)
core   0: 3 0x8000edfe (0x203f2323) mem 0x80010000 0x00000001
core   0: 0x8000ee02 (0x0000bfe5) c.j     pc - 8
core   0: 3 0x8000ee02 (0xbfe5)
core   0: 0x8000edfa (0x00001f17) auipc   t5, 0x1
core   0: 3 0x8000edfa (0x00001f17) x30 0x8000fdfa
core   0: 0x8000edfe (0x203f2323) sw      gp, 518(t5)
core   0: 3 0x8000edfe (0x203f2323) mem 0x80010000 0x00000001
core   0: 0x8000ee02 (0x0000bfe5) c.j     pc - 8
core   0: 3 0x8000ee02 (0xbfe5)
core   0: 0x8000edfa (0x00001f17) auipc   t5, 0x1
core   0: 3 0x8000edfa (0x00001f17) x30 0x8000fdfa
core   0: 0x8000edfe (0x203f2323) sw      gp, 518(t5)
core   0: 3 0x8000edfe (0x203f2323) mem 0x80010000 0x00000001
core   0: 0x8000ee02 (0x0000bfe5) c.j     pc - 8
core   0: 3 0x8000ee02 (0xbfe5)
core   0: 0x8000edfa (0x00001f17) auipc   t5, 0x1
core   0: 3 0x8000edfa (0x00001f17) x30 0x8000fdfa
core   0: 0x8000edfe (0x203f2323) sw      gp, 518(t5)
core   0: 3 0x8000edfe (0x203f2323) mem 0x80010000 0x00000001
core   0: 0x8000ee02 (0x0000bfe5) c.j     pc - 8
core   0: 3 0x8000ee02 (0xbfe5)
core   0: 0x8000edfa (0x00001f17) auipc   t5, 0x1
core   0: 3 0x8000edfa (0x00001f17) x30 0x8000fdfa
core   0: 0x8000edfe (0x203f2323) sw      gp, 518(t5)
core   0: 3 0x8000edfe (0x203f2323) mem 0x80010000 0x00000001
core   0: 0x8000ee02 (0x0000bfe5) c.j     pc - 8
core   0: 3 0x8000ee02 (0xbfe5)
core   0: 0x8000edfa (0x00001f17) auipc   t5, 0x1
core   0: 3 0x8000edfa (0x00001f17) x30 0x8000fdfa
core   0: 0x8000edfe (0x203f2323) sw      gp, 518(t5)
core   0: 3 0x8000edfe (0x203f2323) mem 0x80010000 0x00000001
core   0: 0x8000ee02 (0x0000bfe5) c.j     pc - 8
core   0: 3 0x8000ee02 (0xbfe5)
core   0: 0x8000edfa (0x00001f17) auipc   t5, 0x1
core   0: 3 0x8000edfa (0x00001f17) x30 0x8000fdfa
core   0: 0x8000edfe (0x203f2323) sw      gp, 518(t5)
core   0: 3 0x8000edfe (0x203f2323) mem 0x80010000 0x00000001
core   0: 0x8000ee02 (0x0000bfe5) c.j     pc - 8
core   0: 3 0x8000ee02 (0xbfe5)
core   0: 0x8000edfa (0x00001f17) auipc   t5, 0x1
core   0: 3 0x8000edfa (0x00001f17) x30 0x8000fdfa
core   0: 0x8000edfe (0x203f2323) sw      gp, 518(t5)
core   0: 3 0x8000edfe (0x203f2323) mem 0x80010000 0x00000001
core   0: 0x8000ee02 (0x0000bfe5) c.j     pc - 8
core   0: 3 0x8000ee02 (0xbfe5)
core   0: 0x8000edfa (0x00001f17) auipc   t5, 0x1
core   0: 3 0x8000edfa (0x00001f17) x30 0x8000fdfa
core   0: 0x8000edfe (0x203f2323) sw      gp, 518(t5)
core   0: 3 0x8000edfe (0x203f2323) mem 0x80010000 0x00000001
core   0: 0x8000ee02 (0x0000bfe5) c.j     pc - 8
core   0: 3 0x8000ee02 (0xbfe5)
core   0: 0x8000edfa (0x00001f17) auipc   t5, 0x1
core   0: 3 0x8000edfa (0x00001f17) x30 0x8000fdfa
core   0: 0x8000edfe (0x203f2323) sw      gp, 518(t5)
core   0: 3 0x8000edfe (0x203f2323) mem 0x80010000 0x00000001
core   0: 0x8000ee02 (0x0000bfe5) c.j     pc - 8
core   0: 3 0x8000ee02 (0xbfe5)
core   0: 0x8000edfa (0x00001f17) auipc   t5, 0x1
core   0: 3 0x8000edfa (0x00001f17) x30 0x8000fdfa
core   0: 0x8000edfe (0x203f2323) sw      gp, 518(t5)
core   0: 3 0x8000edfe (0x203f2323) mem 0x80010000 0x00000001
core   0: 0x8000ee02 (0x0000bfe5) c.j     pc - 8
core   0: 3 0x8000ee02 (0xbfe5)
core   0: 0x8000edfa (0x00001f17) auipc   t5, 0x1
core   0: 3 0x8000edfa (0x00001f17) x30 0x8000fdfa
core   0: 0x8000edfe (0x203f2323) sw      gp, 518(t5)
core   0: 3 0x8000edfe (0x203f2323) mem 0x80010000 0x00000001
core   0: 0x8000ee02 (0x0000bfe5) c.j     pc - 8
core   0: 3 0x8000ee02 (0xbfe5)
core   0: 0x8000edfa (0x00001f17) auipc   t5, 0x1
core   0: 3 0x8000edfa (0x00001f17) x30 0x8000fdfa
core   0: 0x8000edfe (0x203f2323) sw      gp, 518(t5)
core   0: 3 0x8000edfe (0x203f2323) mem 0x80010000 0x00000001
core   0: 0x8000ee02 (0x0000bfe5) c.j     pc - 8
core   0: 3 0x8000ee02 (0xbfe5)
core   0: 0x8000edfa (0x00001f17) auipc   t5, 0x1
core   0: 3 0x8000edfa (0x00001f17) x30 0x8000fdfa
core   0: 0x8000edfe (0x203f2323) sw      gp, 518(t5)
core   0: 3 0x8000edfe (0x203f2323) mem 0x80010000 0x00000001
core   0: 0x8000ee02 (0x0000bfe5) c.j     pc - 8
core   0: 3 0x8000ee02 (0xbfe5)
core   0: 0x8000edfa (0x00001f17) auipc   t5, 0x1
core   0: 3 0x8000edfa (0x00001f17) x30 0x8000fdfa
core   0: 0x8000edfe (0x203f2323) sw      gp, 518(t5)
core   0: 3 0x8000edfe (0x203f2323) mem 0x80010000 0x00000001
core   0: 0x8000ee02 (0x0000bfe5) c.j     pc - 8
core   0: 3 0x8000ee02 (0xbfe5)
core   0: 0x8000edfa (0x00001f17) auipc   t5, 0x1
core   0: 3 0x8000edfa (0x00001f17) x30 0x8000fdfa
core   0: 0x8000edfe (0x203f2323) sw      gp, 518(t5)
core   0: 3 0x8000edfe (0x203f2323) mem 0x80010000 0x00000001
core   0: 0x8000ee02 (0x0000bfe5) c.j     pc - 8
core   0: 3 0x8000ee02 (0xbfe5)
core   0: 0x8000edfa (0x00001f17) auipc   t5, 0x1
core   0: 3 0x8000edfa (0x00001f17) x30 0x8000fdfa
core   0: 0x8000edfe (0x203f2323) sw      gp, 518(t5)
core   0: 3 0x8000edfe (0x203f2323) mem 0x80010000 0x00000001
